<?xml version="1.0" encoding="UTF-8"?>
<testsuites name="ExceleAktarVeTopluIndirme" time="1650.358" tests="29" failures="1" errors="0">
   <testsuite name="ExceleAktarVeTopluIndirme" tests="29" failures="1" errors="0" time="1650.358" skipped="0" timestamp="2021-10-14 17:17:53" hostname="DELL - DESKTOP-QBVMTUG" id="">
      <properties>
         <property name="deviceName" value=""/>
         <property name="devicePlatform" value=""/>
         <property name="logFolder" value="C:\\Users\\DELL\\Downloads\\EES_Katalon-main\\Reports\\20211014_170112\\Suite Repository\\ExceleAktarVeTopluIndirme\\20211014_170125"/>
         <property name="logFiles" value="C:\\Users\\DELL\\Downloads\\EES_Katalon-main\\Reports\\20211014_170112\\Suite Repository\\ExceleAktarVeTopluIndirme\\20211014_170125\\execution0.log, C:\\Users\\DELL\\Downloads\\EES_Katalon-main\\Reports\\20211014_170112\\Suite Repository\\ExceleAktarVeTopluIndirme\\20211014_170125\\execution1.log"/>
         <property name="attachments" value=""/>
         <property name="hostName" value="DELL - DESKTOP-QBVMTUG"/>
         <property name="os" value="Windows 10 64bit"/>
         <property name="katalonVersion" value="8.0.5.208"/>
         <property name="browser" value="Chrome 94.0.4606.81"/>
         <property name="hostAddress" value="10.10.3.14"/>
         <property name="sessionId" value="4f302340fc00c09a85986f2b96a547d8"/>
         <property name="seleniumVersion" value="3.141.59"/>
         <property name="proxyInformation" value="ProxyInformation { proxyOption=NO_PROXY, proxyServerType=HTTP, username=, password=********, proxyServerAddress=, proxyServerPort=0, executionList=&quot;&quot;, isApplyToDesiredCapabilities=true }"/>
         <property name="platform" value="Windows 10"/>
      </properties>
      <testcase name="Test Cases/Case Repository/e-Fatura/Gelen Kutusu/Faturalar/Excele Aktar" time="78.304" classname="Test Cases/Case Repository/e-Fatura/Gelen Kutusu/Faturalar/Excele Aktar" status="PASSED">
         <system-out><![CDATA[2021-10-14 17:17:54 - [TEST_CASE][PASSED] - Test Cases/Case Repository/e-Fatura/Gelen Kutusu/Faturalar/Excele Aktar: Test Cases/Case Repository/e-Fatura/Gelen Kutusu/Faturalar/Excele Aktar

2021-10-14 17:17:54 - [TEST_STEP][PASSED] - Start listener action : sampleBeforeTestSuite: Invoke 'com.kms.katalon.core.annotation.BeforeTestCase' method: 'Listener.sampleBeforeTestSuite(...)' completed.

2021-10-14 17:17:54 - [MESSAGE][INFO] - Starting invoke 'com.kms.katalon.core.annotation.BeforeTestCase' method: 'Listener.sampleBeforeTestSuite(...)'

2021-10-14 17:17:54 - [TEST_STEP][PASSED] - openBrowser(baseUrl): Browser is opened with url: 'https://efatura-stage.elogo.com.tr/'

2021-10-14 17:17:55 - [MESSAGE][INFO] - Opening browser

2021-10-14 17:17:55 - [MESSAGE][INFO] - Starting 'Chrome' driver

2021-10-14 17:17:55 - [MESSAGE][INFO] - User set preference: ['prefs', '{download.default_directory=C:\otomasyondownfiles}']

2021-10-14 17:17:55 - [MESSAGE][INFO] - Action delay is set to 0 milliseconds

2021-10-14 17:17:58 - [MESSAGE][INFO] - Navigating browser to: 'https://efatura-stage.elogo.com.tr/'

2021-10-14 17:18:01 - [MESSAGE][PASSED] - Browser is opened with url: 'https://efatura-stage.elogo.com.tr/'

2021-10-14 17:18:01 - [TEST_STEP][PASSED] - maximizeWindow(): Invoke 'com.kms.katalon.core.annotation.BeforeTestCase' method: 'Listener.sampleBeforeTestSuite(...)' completed.

2021-10-14 17:18:01 - [MESSAGE][INFO] - Maximizing current window

2021-10-14 17:18:01 - [MESSAGE][PASSED] - Current window maximized

2021-10-14 17:18:01 - [MESSAGE][INFO] - Invoke 'com.kms.katalon.core.annotation.BeforeTestCase' method: 'Listener.sampleBeforeTestSuite(...)' completed.

2021-10-14 17:18:02 - [TEST_STEP][PASSED] - runFeatureFile("Include/features/e-Fatura/Gelen Kutusu/Faturalar/Excele Aktar.feature"): Feature file: 'Include/features/e-Fatura/Gelen Kutusu/Faturalar/Excele Aktar.feature' was passed

2021-10-14 17:18:02 - [MESSAGE][INFO] - Starting run keyword runFeatureFile: 'Include/features/e-Fatura/Gelen Kutusu/Faturalar/Excele Aktar.feature' and extract report to folder: 'C:\Users\DELL\Downloads\EES_Katalon-main\Reports\20211014_170112\Suite Repository\ExceleAktarVeTopluIndirme\20211014_170125/cucumber_report/1634221082185'...

2021-10-14 17:18:02 - [MESSAGE][INFO] - Glue: []

2021-10-14 17:18:04 - [MESSAGE][INFO] - Checking called Test Case

2021-10-14 17:18:04 - [MESSAGE][INFO] - Starting to call Test Case 'Test Cases/Sayfalar/Giris_Sayfasi/Login'

2021-10-14 17:18:04 - [TEST_CASE][PASSED] - Test Cases/Sayfalar/Giris_Sayfasi/Login: Test Cases/Sayfalar/Giris_Sayfasi/Login

2021-10-14 17:18:05 - [TEST_STEP][PASSED] - Sayfa_Basligi = getWindowTitle(): Current window's title is: 'LOGO e-Fatura'

2021-10-14 17:18:05 - [MESSAGE][INFO] - Getting current window's title

2021-10-14 17:18:05 - [MESSAGE][PASSED] - Current window's title is: 'LOGO e-Fatura'

2021-10-14 17:18:05 - [TEST_STEP][PASSED] - verifyMatch(Sayfa_Basligi, "LOGO e-Fatura", false): Actual text 'LOGO e-Fatura' and expected text 'LOGO e-Fatura' are matched 

2021-10-14 17:18:05 - [MESSAGE][INFO] - Matching actual text 'LOGO e-Fatura' with expected text 'LOGO e-Fatura'

2021-10-14 17:18:05 - [MESSAGE][PASSED] - Actual text 'LOGO e-Fatura' and expected text 'LOGO e-Fatura' are matched 

2021-10-14 17:18:05 - [TEST_STEP][PASSED] - sendKeys(findTestObject("Sayfalar/Giris_Sayfasi/Firma_Kodu"), KullaniciAdi): Keys 'ELOGO6' sent to object: 'Object Repository/Sayfalar/Giris_Sayfasi/Firma_Kodu'

2021-10-14 17:18:05 - [MESSAGE][INFO] - Finding Test Object 'Object Repository/Sayfalar/Giris_Sayfasi/Firma_Kodu'

2021-10-14 17:18:05 - [MESSAGE][INFO] - Sending keys 'ELOGO6' to object: 'Object Repository/Sayfalar/Giris_Sayfasi/Firma_Kodu'

2021-10-14 17:18:05 - [MESSAGE][INFO] - Finding web element from Test Object's properties

2021-10-14 17:18:05 - [MESSAGE][INFO] - Checking timeout

2021-10-14 17:18:05 - [MESSAGE][INFO] - Finding web element with id: 'Object Repository/Sayfalar/Giris_Sayfasi/Firma_Kodu' located by 'By.xpath: //*[@id = 'AccountName']' in '30' second(s)

2021-10-14 17:18:05 - [MESSAGE][INFO] - Smart Wait Function is triggered

2021-10-14 17:18:05 - [MESSAGE][INFO] - Found 1 web elements with id: 'Object Repository/Sayfalar/Giris_Sayfasi/Firma_Kodu' located by 'By.xpath: //*[@id = 'AccountName']' in '30' second(s)

2021-10-14 17:18:05 - [MESSAGE][PASSED] - Keys 'ELOGO6' sent to object: 'Object Repository/Sayfalar/Giris_Sayfasi/Firma_Kodu'

2021-10-14 17:18:05 - [TEST_STEP][PASSED] - sendKeys(findTestObject("Sayfalar/Giris_Sayfasi/Sifre"), Sifre): Keys '123456' sent to object: 'Object Repository/Sayfalar/Giris_Sayfasi/Sifre'

2021-10-14 17:18:05 - [MESSAGE][INFO] - Finding Test Object 'Object Repository/Sayfalar/Giris_Sayfasi/Sifre'

2021-10-14 17:18:05 - [MESSAGE][INFO] - Sending keys '123456' to object: 'Object Repository/Sayfalar/Giris_Sayfasi/Sifre'

2021-10-14 17:18:05 - [MESSAGE][INFO] - Finding web element from Test Object's properties

2021-10-14 17:18:05 - [MESSAGE][INFO] - Checking timeout

2021-10-14 17:18:05 - [MESSAGE][INFO] - Finding web element with id: 'Object Repository/Sayfalar/Giris_Sayfasi/Sifre' located by 'By.xpath: //*[@id = 'Password']' in '30' second(s)

2021-10-14 17:18:05 - [MESSAGE][INFO] - Smart Wait Function is triggered

2021-10-14 17:18:06 - [MESSAGE][INFO] - Found 1 web elements with id: 'Object Repository/Sayfalar/Giris_Sayfasi/Sifre' located by 'By.xpath: //*[@id = 'Password']' in '30' second(s)

2021-10-14 17:18:06 - [MESSAGE][PASSED] - Keys '123456' sent to object: 'Object Repository/Sayfalar/Giris_Sayfasi/Sifre'

2021-10-14 17:18:06 - [TEST_STEP][PASSED] - findWebElement(findTestObject("Sayfalar/Giris_Sayfasi/Giris_Butonu")).click(): Found 1 web elements with id: 'Object Repository/Sayfalar/Giris_Sayfasi/Giris_Butonu' located by 'By.cssSelector: #btnLogin' in '30' second(s)

2021-10-14 17:18:06 - [MESSAGE][INFO] - Finding Test Object 'Object Repository/Sayfalar/Giris_Sayfasi/Giris_Butonu'

2021-10-14 17:18:06 - [MESSAGE][INFO] - Finding web element from Test Object's properties

2021-10-14 17:18:06 - [MESSAGE][INFO] - Checking timeout

2021-10-14 17:18:06 - [MESSAGE][INFO] - Finding web element with id: 'Object Repository/Sayfalar/Giris_Sayfasi/Giris_Butonu' located by 'By.cssSelector: #btnLogin' in '30' second(s)

2021-10-14 17:18:06 - [MESSAGE][INFO] - Smart Wait Function is triggered

2021-10-14 17:18:06 - [MESSAGE][INFO] - Found 1 web elements with id: 'Object Repository/Sayfalar/Giris_Sayfasi/Giris_Butonu' located by 'By.cssSelector: #btnLogin' in '30' second(s)

2021-10-14 17:18:09 - [TEST_STEP][PASSED] - if (verifyElementPresent(findTestObject("Object Repository/Sayfalar/Giris_Sayfasi/RetveTamam_Butonu"), 5, OPTIONAL)): null

2021-10-14 17:18:09 - [MESSAGE][INFO] - Finding Test Object 'Object Repository/Sayfalar/Giris_Sayfasi/RetveTamam_Butonu'

2021-10-14 17:18:09 - [MESSAGE][INFO] - Checking object

2021-10-14 17:18:09 - [MESSAGE][INFO] - Finding web element from Test Object's properties

2021-10-14 17:18:09 - [MESSAGE][INFO] - Checking timeout

2021-10-14 17:18:09 - [MESSAGE][INFO] - Finding web element with id: 'Object Repository/Sayfalar/Giris_Sayfasi/RetveTamam_Butonu' located by 'By.xpath: //*[@class = 'btn btn-default']' in '5' second(s)

2021-10-14 17:18:09 - [MESSAGE][INFO] - Smart Wait Function is triggered

2021-10-14 17:18:09 - [MESSAGE][INFO] - Found 1 web elements with id: 'Object Repository/Sayfalar/Giris_Sayfasi/RetveTamam_Butonu' located by 'By.xpath: //*[@class = 'btn btn-default']' in '5' second(s)

2021-10-14 17:18:09 - [MESSAGE][PASSED] - Object 'Object Repository/Sayfalar/Giris_Sayfasi/RetveTamam_Butonu' is present

2021-10-14 17:18:09 - [TEST_STEP][PASSED] - click(findTestObject("Object Repository/Sayfalar/Giris_Sayfasi/RetveTamam_Butonu")): Object: 'Object Repository/Sayfalar/Giris_Sayfasi/RetveTamam_Butonu' is clicked on

2021-10-14 17:18:09 - [MESSAGE][INFO] - Finding Test Object 'Object Repository/Sayfalar/Giris_Sayfasi/RetveTamam_Butonu'

2021-10-14 17:18:10 - [MESSAGE][INFO] - Checking object

2021-10-14 17:18:10 - [MESSAGE][INFO] - Finding web element from Test Object's properties

2021-10-14 17:18:10 - [MESSAGE][INFO] - Checking timeout

2021-10-14 17:18:10 - [MESSAGE][INFO] - Finding web element with id: 'Object Repository/Sayfalar/Giris_Sayfasi/RetveTamam_Butonu' located by 'By.xpath: //*[@class = 'btn btn-default']' in '30' second(s)

2021-10-14 17:18:10 - [MESSAGE][INFO] - Smart Wait Function is triggered

2021-10-14 17:18:10 - [MESSAGE][INFO] - Found 1 web elements with id: 'Object Repository/Sayfalar/Giris_Sayfasi/RetveTamam_Butonu' located by 'By.xpath: //*[@class = 'btn btn-default']' in '30' second(s)

2021-10-14 17:18:10 - [MESSAGE][INFO] - Clicking on object: 'Object Repository/Sayfalar/Giris_Sayfasi/RetveTamam_Butonu'

2021-10-14 17:18:10 - [MESSAGE][PASSED] - Object: 'Object Repository/Sayfalar/Giris_Sayfasi/RetveTamam_Butonu' is clicked on

2021-10-14 17:18:10 - [TEST_STEP][PASSED] - click(findTestObject("Object Repository/Sayfalar/Giris_Sayfasi/RetveTamam_Butonu")): Object: 'Object Repository/Sayfalar/Giris_Sayfasi/RetveTamam_Butonu' is clicked on

2021-10-14 17:18:10 - [MESSAGE][INFO] - Finding Test Object 'Object Repository/Sayfalar/Giris_Sayfasi/RetveTamam_Butonu'

2021-10-14 17:18:10 - [MESSAGE][INFO] - Checking object

2021-10-14 17:18:10 - [MESSAGE][INFO] - Finding web element from Test Object's properties

2021-10-14 17:18:10 - [MESSAGE][INFO] - Checking timeout

2021-10-14 17:18:10 - [MESSAGE][INFO] - Finding web element with id: 'Object Repository/Sayfalar/Giris_Sayfasi/RetveTamam_Butonu' located by 'By.xpath: //*[@class = 'btn btn-default']' in '30' second(s)

2021-10-14 17:18:10 - [MESSAGE][INFO] - Smart Wait Function is triggered

2021-10-14 17:18:13 - [MESSAGE][INFO] - Found 1 web elements with id: 'Object Repository/Sayfalar/Giris_Sayfasi/RetveTamam_Butonu' located by 'By.xpath: //*[@class = 'btn btn-default']' in '30' second(s)

2021-10-14 17:18:13 - [MESSAGE][INFO] - Clicking on object: 'Object Repository/Sayfalar/Giris_Sayfasi/RetveTamam_Butonu'

2021-10-14 17:18:13 - [MESSAGE][PASSED] - Object: 'Object Repository/Sayfalar/Giris_Sayfasi/RetveTamam_Butonu' is clicked on

2021-10-14 17:18:13 - [TEST_STEP][PASSED] - if (verifyElementPresent(findTestObject("Sayfalar/Giris_Sayfasi/PopupOK"), 5, OPTIONAL)): null

2021-10-14 17:18:13 - [MESSAGE][INFO] - Finding Test Object 'Object Repository/Sayfalar/Giris_Sayfasi/PopupOK'

2021-10-14 17:18:13 - [MESSAGE][INFO] - Checking object

2021-10-14 17:18:13 - [MESSAGE][INFO] - Finding web element from Test Object's properties

2021-10-14 17:18:13 - [MESSAGE][INFO] - Checking timeout

2021-10-14 17:18:13 - [MESSAGE][INFO] - Finding web element with id: 'Object Repository/Sayfalar/Giris_Sayfasi/PopupOK' located by 'By.cssSelector: .btn.btn-success' in '5' second(s)

2021-10-14 17:18:13 - [MESSAGE][INFO] - Smart Wait Function is triggered

2021-10-14 17:18:14 - [MESSAGE][INFO] - Found 1 web elements with id: 'Object Repository/Sayfalar/Giris_Sayfasi/PopupOK' located by 'By.cssSelector: .btn.btn-success' in '5' second(s)

2021-10-14 17:18:14 - [MESSAGE][PASSED] - Object 'Object Repository/Sayfalar/Giris_Sayfasi/PopupOK' is present

2021-10-14 17:18:14 - [TEST_STEP][PASSED] - click(findTestObject("Object Repository/Sayfalar/Giris_Sayfasi/PopupCarpiGiris")): Object: 'Object Repository/Sayfalar/Giris_Sayfasi/PopupCarpiGiris' is clicked on

2021-10-14 17:18:14 - [MESSAGE][INFO] - Finding Test Object 'Object Repository/Sayfalar/Giris_Sayfasi/PopupCarpiGiris'

2021-10-14 17:18:14 - [MESSAGE][INFO] - Checking object

2021-10-14 17:18:14 - [MESSAGE][INFO] - Finding web element from Test Object's properties

2021-10-14 17:18:14 - [MESSAGE][INFO] - Checking timeout

2021-10-14 17:18:14 - [MESSAGE][INFO] - Finding web element with id: 'Object Repository/Sayfalar/Giris_Sayfasi/PopupCarpiGiris' located by 'By.cssSelector: .bootbox-close-button.close' in '30' second(s)

2021-10-14 17:18:14 - [MESSAGE][INFO] - Smart Wait Function is triggered

2021-10-14 17:18:14 - [MESSAGE][INFO] - Found 1 web elements with id: 'Object Repository/Sayfalar/Giris_Sayfasi/PopupCarpiGiris' located by 'By.cssSelector: .bootbox-close-button.close' in '30' second(s)

2021-10-14 17:18:14 - [MESSAGE][INFO] - Clicking on object: 'Object Repository/Sayfalar/Giris_Sayfasi/PopupCarpiGiris'

2021-10-14 17:18:15 - [MESSAGE][PASSED] - Object: 'Object Repository/Sayfalar/Giris_Sayfasi/PopupCarpiGiris' is clicked on

2021-10-14 17:18:15 - [TEST_STEP][PASSED] - verifyElementVisible(findTestObject("Object Repository/Kullanici_Islemleri/KullaniciIslemleri")): Object 'Object Repository/Kullanici_Islemleri/KullaniciIslemleri' is visible

2021-10-14 17:18:15 - [MESSAGE][INFO] - Finding Test Object 'Object Repository/Kullanici_Islemleri/KullaniciIslemleri'

2021-10-14 17:18:15 - [MESSAGE][INFO] - Checking object

2021-10-14 17:18:15 - [MESSAGE][INFO] - Finding web element from Test Object's properties

2021-10-14 17:18:15 - [MESSAGE][INFO] - Checking timeout

2021-10-14 17:18:15 - [MESSAGE][INFO] - Finding web element with id: 'Object Repository/Kullanici_Islemleri/KullaniciIslemleri' located by 'By.cssSelector: .dropdown>a>img' in '30' second(s)

2021-10-14 17:18:15 - [MESSAGE][INFO] - Smart Wait Function is triggered

2021-10-14 17:18:15 - [MESSAGE][INFO] - Found 1 web elements with id: 'Object Repository/Kullanici_Islemleri/KullaniciIslemleri' located by 'By.cssSelector: .dropdown>a>img' in '30' second(s)

2021-10-14 17:18:15 - [MESSAGE][PASSED] - Object 'Object Repository/Kullanici_Islemleri/KullaniciIslemleri' is visible

2021-10-14 17:18:15 - [MESSAGE][PASSED] - Call Test Case 'Test Cases/Sayfalar/Giris_Sayfasi/Login' successfully

2021-10-14 17:18:15 - [MESSAGE][INFO] - Checking called Test Case

2021-10-14 17:18:15 - [MESSAGE][INFO] - Starting to call Test Case 'Test Cases/Menu/AnaMenuSecimi'

2021-10-14 17:18:15 - [TEST_CASE][PASSED] - Test Cases/Menu/AnaMenuSecimi: Test Cases/Menu/AnaMenuSecimi

2021-10-14 17:18:17 - [TEST_STEP][PASSED] - Method.TextDegerineEsitElementeTikla(findTestObject("Menu/Ana_Menu"), Ana_Menu): Method.TextDegerineEsitElementeTikla is PASSED

2021-10-14 17:18:17 - [MESSAGE][INFO] - Finding Test Object 'Object Repository/Menu/Ana_Menu'

2021-10-14 17:18:17 - [MESSAGE][INFO] - Checking timeout

2021-10-14 17:18:17 - [MESSAGE][INFO] - Finding web element with id: 'Object Repository/Menu/Ana_Menu' located by 'By.xpath: //*[@class = 'dropdown-toggle']' in '10' second(s)

2021-10-14 17:18:17 - [MESSAGE][INFO] - Smart Wait Function is triggered

2021-10-14 17:18:17 - [MESSAGE][INFO] - Found 14 web elements with id: 'Object Repository/Menu/Ana_Menu' located by 'By.xpath: //*[@class = 'dropdown-toggle']' in '10' second(s)

2021-10-14 17:18:17 - [MESSAGE][PASSED] - Method.TextDegerineEsitElementeTikla is PASSED

2021-10-14 17:18:17 - [MESSAGE][PASSED] - Call Test Case 'Test Cases/Menu/AnaMenuSecimi' successfully

2021-10-14 17:18:17 - [MESSAGE][INFO] - Checking called Test Case

2021-10-14 17:18:17 - [MESSAGE][INFO] - Starting to call Test Case 'Test Cases/Menu/BasligaGoreAltMenuSecimi'

2021-10-14 17:18:17 - [TEST_CASE][PASSED] - Test Cases/Menu/BasligaGoreAltMenuSecimi: Test Cases/Menu/BasligaGoreAltMenuSecimi

2021-10-14 17:18:18 - [TEST_STEP][PASSED] - Method.TextDegerineEsitElementinAltindakiTextDegerineEsitOlanaTikla(findTestObject("Menu/Menu_Basligi"), findTestObject("Menu/Basliga_Gore_Alt_Menu"), Baslik, Alt_Menu): Method.TextDegerineEsitElementinAltindakiTextDegerineEsitOlanaTikla is PASSED

2021-10-14 17:18:18 - [MESSAGE][INFO] - Finding Test Object 'Object Repository/Menu/Menu_Basligi'

2021-10-14 17:18:18 - [MESSAGE][INFO] - Finding Test Object 'Object Repository/Menu/Basliga_Gore_Alt_Menu'

2021-10-14 17:18:19 - [MESSAGE][INFO] - Checking timeout

2021-10-14 17:18:19 - [MESSAGE][INFO] - Finding web element with id: 'Object Repository/Menu/Menu_Basligi' located by 'By.xpath: //li[@class='dropdown dropdown-large open']//li[@class='dropdown-header']' in '10' second(s)

2021-10-14 17:18:19 - [MESSAGE][INFO] - Smart Wait Function is triggered

2021-10-14 17:18:19 - [MESSAGE][INFO] - Found 3 web elements with id: 'Object Repository/Menu/Menu_Basligi' located by 'By.xpath: //li[@class='dropdown dropdown-large open']//li[@class='dropdown-header']' in '10' second(s)

2021-10-14 17:18:19 - [MESSAGE][INFO] - Smart Wait Function is triggered

2021-10-14 17:18:22 - [MESSAGE][PASSED] - Method.TextDegerineEsitElementinAltindakiTextDegerineEsitOlanaTikla is PASSED

2021-10-14 17:18:22 - [MESSAGE][PASSED] - Call Test Case 'Test Cases/Menu/BasligaGoreAltMenuSecimi' successfully

2021-10-14 17:18:22 - [MESSAGE][INFO] - Checking called Test Case

2021-10-14 17:18:22 - [MESSAGE][INFO] - Starting to call Test Case 'Test Cases/Filtreler/BaslangicYaz'

2021-10-14 17:18:22 - [TEST_CASE][PASSED] - Test Cases/Filtreler/BaslangicYaz: Test Cases/Filtreler/BaslangicYaz

2021-10-14 17:18:23 - [TEST_STEP][PASSED] - Method.TextDegerineEsitElementinAltindakineTikla(findTestObject("Filtreler/Basliklar"), findTestObject("Filtreler/Basliga_Gore_Baslangic_Image"), Filtre_Adi): Method.TextDegerineEsitElementinAltindakineTikla is PASSED

2021-10-14 17:18:23 - [MESSAGE][INFO] - Finding Test Object 'Object Repository/Filtreler/Basliklar'

2021-10-14 17:18:23 - [MESSAGE][INFO] - Finding Test Object 'Object Repository/Filtreler/Basliga_Gore_Baslangic_Image'

2021-10-14 17:18:23 - [MESSAGE][INFO] - Checking timeout

2021-10-14 17:18:23 - [MESSAGE][INFO] - Finding web element with id: 'Object Repository/Filtreler/Basliklar' located by 'By.cssSelector: .control-label.col-sm-4.paddingMarginRLC' in '10' second(s)

2021-10-14 17:18:23 - [MESSAGE][INFO] - Smart Wait Function is triggered

2021-10-14 17:18:23 - [MESSAGE][INFO] - Found 19 web elements with id: 'Object Repository/Filtreler/Basliklar' located by 'By.cssSelector: .control-label.col-sm-4.paddingMarginRLC' in '10' second(s)

2021-10-14 17:18:23 - [MESSAGE][INFO] - Smart Wait Function is triggered

2021-10-14 17:18:24 - [MESSAGE][PASSED] - Method.TextDegerineEsitElementinAltindakineTikla is PASSED

2021-10-14 17:18:24 - [TEST_STEP][PASSED] - Method.TextDegerineEsitElementinAltindakiTextboxtaYaz(findTestObject("Filtreler/Basliklar"), findTestObject("Filtreler/Basliga_Gore_Baslangic"), Filtre_Adi, Filtre_Degeri): Method.TextDegerineEsitElementinAltindakiTextboxtaYaz is PASSED

2021-10-14 17:18:24 - [MESSAGE][INFO] - Finding Test Object 'Object Repository/Filtreler/Basliklar'

2021-10-14 17:18:24 - [MESSAGE][INFO] - Finding Test Object 'Object Repository/Filtreler/Basliga_Gore_Baslangic'

2021-10-14 17:18:24 - [MESSAGE][INFO] - Checking timeout

2021-10-14 17:18:24 - [MESSAGE][INFO] - Finding web element with id: 'Object Repository/Filtreler/Basliklar' located by 'By.cssSelector: .control-label.col-sm-4.paddingMarginRLC' in '10' second(s)

2021-10-14 17:18:24 - [MESSAGE][INFO] - Smart Wait Function is triggered

2021-10-14 17:18:24 - [MESSAGE][INFO] - Found 19 web elements with id: 'Object Repository/Filtreler/Basliklar' located by 'By.cssSelector: .control-label.col-sm-4.paddingMarginRLC' in '10' second(s)

2021-10-14 17:18:24 - [MESSAGE][INFO] - Smart Wait Function is triggered

2021-10-14 17:18:25 - [MESSAGE][PASSED] - Method.TextDegerineEsitElementinAltindakiTextboxtaYaz is PASSED

2021-10-14 17:18:25 - [MESSAGE][PASSED] - Call Test Case 'Test Cases/Filtreler/BaslangicYaz' successfully

2021-10-14 17:18:25 - [MESSAGE][INFO] - Checking called Test Case

2021-10-14 17:18:25 - [MESSAGE][INFO] - Starting to call Test Case 'Test Cases/Filtreler/BitisYaz'

2021-10-14 17:18:25 - [TEST_CASE][PASSED] - Test Cases/Filtreler/BitisYaz: Test Cases/Filtreler/BitisYaz

2021-10-14 17:18:26 - [TEST_STEP][PASSED] - Method.TextDegerineEsitElementinAltindakineTikla(findTestObject("Filtreler/Basliklar"), findTestObject("Filtreler/Basliga_Gore_Bitis_Image"), Filtre_Adi): Method.TextDegerineEsitElementinAltindakineTikla is PASSED

2021-10-14 17:18:26 - [MESSAGE][INFO] - Finding Test Object 'Object Repository/Filtreler/Basliklar'

2021-10-14 17:18:26 - [MESSAGE][INFO] - Finding Test Object 'Object Repository/Filtreler/Basliga_Gore_Bitis_Image'

2021-10-14 17:18:26 - [MESSAGE][INFO] - Checking timeout

2021-10-14 17:18:26 - [MESSAGE][INFO] - Finding web element with id: 'Object Repository/Filtreler/Basliklar' located by 'By.cssSelector: .control-label.col-sm-4.paddingMarginRLC' in '10' second(s)

2021-10-14 17:18:26 - [MESSAGE][INFO] - Smart Wait Function is triggered

2021-10-14 17:18:26 - [MESSAGE][INFO] - Found 19 web elements with id: 'Object Repository/Filtreler/Basliklar' located by 'By.cssSelector: .control-label.col-sm-4.paddingMarginRLC' in '10' second(s)

2021-10-14 17:18:26 - [MESSAGE][INFO] - Smart Wait Function is triggered

2021-10-14 17:18:27 - [MESSAGE][PASSED] - Method.TextDegerineEsitElementinAltindakineTikla is PASSED

2021-10-14 17:18:27 - [TEST_STEP][PASSED] - Method.TextDegerineEsitElementinAltindakiTextboxtaYaz(findTestObject("Filtreler/Basliklar"), findTestObject("Object Repository/Filtreler/Basliga_Gore_Bitis"), Filtre_Adi, Filtre_Degeri): Method.TextDegerineEsitElementinAltindakiTextboxtaYaz is PASSED

2021-10-14 17:18:27 - [MESSAGE][INFO] - Finding Test Object 'Object Repository/Filtreler/Basliklar'

2021-10-14 17:18:27 - [MESSAGE][INFO] - Finding Test Object 'Object Repository/Filtreler/Basliga_Gore_Bitis'

2021-10-14 17:18:27 - [MESSAGE][INFO] - Checking timeout

2021-10-14 17:18:27 - [MESSAGE][INFO] - Finding web element with id: 'Object Repository/Filtreler/Basliklar' located by 'By.cssSelector: .control-label.col-sm-4.paddingMarginRLC' in '10' second(s)

2021-10-14 17:18:27 - [MESSAGE][INFO] - Smart Wait Function is triggered

2021-10-14 17:18:27 - [MESSAGE][INFO] - Found 19 web elements with id: 'Object Repository/Filtreler/Basliklar' located by 'By.cssSelector: .control-label.col-sm-4.paddingMarginRLC' in '10' second(s)

2021-10-14 17:18:27 - [MESSAGE][INFO] - Smart Wait Function is triggered

2021-10-14 17:18:28 - [MESSAGE][PASSED] - Method.TextDegerineEsitElementinAltindakiTextboxtaYaz is PASSED

2021-10-14 17:18:28 - [MESSAGE][PASSED] - Call Test Case 'Test Cases/Filtreler/BitisYaz' successfully

2021-10-14 17:18:28 - [MESSAGE][INFO] - Checking called Test Case

2021-10-14 17:18:28 - [MESSAGE][INFO] - Starting to call Test Case 'Test Cases/Filtreler/TexboxaYaz'

2021-10-14 17:18:28 - [TEST_CASE][PASSED] - Test Cases/Filtreler/TexboxaYaz: Test Cases/Filtreler/TexboxaYaz

2021-10-14 17:18:29 - [TEST_STEP][PASSED] - Method.TextDegerineEsitElementinAltindakiTextboxtaYaz(findTestObject("Filtreler/Basliklar"), findTestObject("Filtreler/Basliga_Gore_Textbox"), Filtre_Adi, Filtre_Degeri): Method.TextDegerineEsitElementinAltindakiTextboxtaYaz is PASSED

2021-10-14 17:18:29 - [MESSAGE][INFO] - Finding Test Object 'Object Repository/Filtreler/Basliklar'

2021-10-14 17:18:29 - [MESSAGE][INFO] - Finding Test Object 'Object Repository/Filtreler/Basliga_Gore_Textbox'

2021-10-14 17:18:29 - [MESSAGE][INFO] - Checking timeout

2021-10-14 17:18:29 - [MESSAGE][INFO] - Finding web element with id: 'Object Repository/Filtreler/Basliklar' located by 'By.cssSelector: .control-label.col-sm-4.paddingMarginRLC' in '10' second(s)

2021-10-14 17:18:29 - [MESSAGE][INFO] - Smart Wait Function is triggered

2021-10-14 17:18:29 - [MESSAGE][INFO] - Found 19 web elements with id: 'Object Repository/Filtreler/Basliklar' located by 'By.cssSelector: .control-label.col-sm-4.paddingMarginRLC' in '10' second(s)

2021-10-14 17:18:29 - [MESSAGE][INFO] - Smart Wait Function is triggered

2021-10-14 17:18:30 - [MESSAGE][PASSED] - Method.TextDegerineEsitElementinAltindakiTextboxtaYaz is PASSED

2021-10-14 17:18:30 - [MESSAGE][PASSED] - Call Test Case 'Test Cases/Filtreler/TexboxaYaz' successfully

2021-10-14 17:18:30 - [MESSAGE][INFO] - Checking called Test Case

2021-10-14 17:18:30 - [MESSAGE][INFO] - Starting to call Test Case 'Test Cases/Filtreler/ButonaTikla'

2021-10-14 17:18:30 - [TEST_CASE][PASSED] - Test Cases/Filtreler/ButonaTikla: Test Cases/Filtreler/ButonaTikla

2021-10-14 17:18:30 - [TEST_STEP][PASSED] - Method.TextDegerineEsitElementeTikla(findTestObject("Filtreler/Butonlar"), Filtre_Buton): Method.TextDegerineEsitElementeTikla is PASSED

2021-10-14 17:18:30 - [MESSAGE][INFO] - Finding Test Object 'Object Repository/Filtreler/Butonlar'

2021-10-14 17:18:30 - [MESSAGE][INFO] - Checking timeout

2021-10-14 17:18:30 - [MESSAGE][INFO] - Finding web element with id: 'Object Repository/Filtreler/Butonlar' located by 'By.cssSelector: .dxb>span' in '10' second(s)

2021-10-14 17:18:30 - [MESSAGE][INFO] - Smart Wait Function is triggered

2021-10-14 17:18:31 - [MESSAGE][INFO] - Found 3 web elements with id: 'Object Repository/Filtreler/Butonlar' located by 'By.cssSelector: .dxb>span' in '10' second(s)

2021-10-14 17:18:31 - [MESSAGE][PASSED] - Method.TextDegerineEsitElementeTikla is PASSED

2021-10-14 17:18:31 - [MESSAGE][PASSED] - Call Test Case 'Test Cases/Filtreler/ButonaTikla' successfully

2021-10-14 17:18:31 - [MESSAGE][INFO] - Checking called Test Case

2021-10-14 17:18:31 - [MESSAGE][INFO] - Starting to call Test Case 'Test Cases/Tablo/TablodaVeriVarMi'

2021-10-14 17:18:31 - [TEST_CASE][PASSED] - Test Cases/Tablo/TablodaVeriVarMi: Test Cases/Tablo/TablodaVeriVarMi

2021-10-14 17:18:32 - [TEST_STEP][PASSED] - verifyTextNotPresent("Görüntülenecek veri yok", true): Text 'Görüntülenecek veri yok' is not present on page using regular expression

2021-10-14 17:18:32 - [MESSAGE][INFO] - Checking text present  using regular expression

2021-10-14 17:18:32 - [MESSAGE][INFO] - Smart Wait Function is triggered

2021-10-14 17:18:32 - [MESSAGE][INFO] - Finding text 'Görüntülenecek veri yok' on page  using regular expression

2021-10-14 17:18:32 - [MESSAGE][PASSED] - Text 'Görüntülenecek veri yok' is not present on page using regular expression

2021-10-14 17:18:32 - [MESSAGE][PASSED] - Call Test Case 'Test Cases/Tablo/TablodaVeriVarMi' successfully

2021-10-14 17:18:32 - [MESSAGE][INFO] - Checking called Test Case

2021-10-14 17:18:32 - [MESSAGE][INFO] - Starting to call Test Case 'Test Cases/Tablo/TablodanVeriSec'

2021-10-14 17:18:32 - [TEST_CASE][PASSED] - Test Cases/Tablo/TablodanVeriSec: Test Cases/Tablo/TablodanVeriSec

2021-10-14 17:18:33 - [TEST_STEP][PASSED] - Method.TextDegerineEsitElementinAltindakineTikla(findTestObject("Tablo/Veriler"), findTestObject("Tablo/VerininCheckBoxi"), Veri_Adi): Method.TextDegerineEsitElementinAltindakineTikla is PASSED

2021-10-14 17:18:33 - [MESSAGE][INFO] - Finding Test Object 'Object Repository/Tablo/Veriler'

2021-10-14 17:18:33 - [MESSAGE][INFO] - Finding Test Object 'Object Repository/Tablo/VerininCheckBoxi'

2021-10-14 17:18:33 - [MESSAGE][INFO] - Checking timeout

2021-10-14 17:18:33 - [MESSAGE][INFO] - Finding web element with id: 'Object Repository/Tablo/Veriler' located by 'By.cssSelector: td.dxgv b ,td.dxgv' in '10' second(s)

2021-10-14 17:18:33 - [MESSAGE][INFO] - Smart Wait Function is triggered

2021-10-14 17:18:33 - [MESSAGE][INFO] - Found 140 web elements with id: 'Object Repository/Tablo/Veriler' located by 'By.cssSelector: td.dxgv b ,td.dxgv' in '10' second(s)

2021-10-14 17:18:34 - [MESSAGE][INFO] - Smart Wait Function is triggered

2021-10-14 17:18:34 - [MESSAGE][PASSED] - Method.TextDegerineEsitElementinAltindakineTikla is PASSED

2021-10-14 17:18:34 - [MESSAGE][PASSED] - Call Test Case 'Test Cases/Tablo/TablodanVeriSec' successfully

2021-10-14 17:18:34 - [MESSAGE][INFO] - Checking called Test Case

2021-10-14 17:18:34 - [MESSAGE][INFO] - Starting to call Test Case 'Test Cases/Butonlar/ButonaTikla'

2021-10-14 17:18:34 - [TEST_CASE][PASSED] - Test Cases/Butonlar/ButonaTikla: Test Cases/Butonlar/ButonaTikla

2021-10-14 17:18:34 - [TEST_STEP][PASSED] - Method.TextDegerineEsitElementeTiklaEquals(findTestObject("Butonlar/Butonlar"), Buton_Adi): Method.TextDegerineEsitElementeTiklaEquals is PASSED

2021-10-14 17:18:34 - [MESSAGE][INFO] - Finding Test Object 'Object Repository/Butonlar/Butonlar'

2021-10-14 17:18:35 - [MESSAGE][INFO] - Checking timeout

2021-10-14 17:18:35 - [MESSAGE][INFO] - Finding web element with id: 'Object Repository/Butonlar/Butonlar' located by 'By.cssSelector: .panel.panel-default.text-center.footerPanel .btn,.btn.btn-primary.btnControls' in '10' second(s)

2021-10-14 17:18:35 - [MESSAGE][INFO] - Smart Wait Function is triggered

2021-10-14 17:18:35 - [MESSAGE][INFO] - Found 15 web elements with id: 'Object Repository/Butonlar/Butonlar' located by 'By.cssSelector: .panel.panel-default.text-center.footerPanel .btn,.btn.btn-primary.btnControls' in '10' second(s)

2021-10-14 17:18:35 - [MESSAGE][PASSED] - Method.TextDegerineEsitElementeTiklaEquals is PASSED

2021-10-14 17:18:35 - [MESSAGE][PASSED] - Call Test Case 'Test Cases/Butonlar/ButonaTikla' successfully

2021-10-14 17:18:35 - [MESSAGE][INFO] - Checking called Test Case

2021-10-14 17:18:35 - [MESSAGE][INFO] - Starting to call Test Case 'Test Cases/Butonlar/AltButonaTikla'

2021-10-14 17:18:35 - [TEST_CASE][PASSED] - Test Cases/Butonlar/AltButonaTikla: Test Cases/Butonlar/AltButonaTikla

2021-10-14 17:18:35 - [TEST_STEP][PASSED] - Method.TextDegerineEsitElementeTikla(findTestObject("Butonlar/AltButonlar"), Alt_Buton): Method.TextDegerineEsitElementeTikla is PASSED

2021-10-14 17:18:35 - [MESSAGE][INFO] - Finding Test Object 'Object Repository/Butonlar/AltButonlar'

2021-10-14 17:18:35 - [MESSAGE][INFO] - Checking timeout

2021-10-14 17:18:35 - [MESSAGE][INFO] - Finding web element with id: 'Object Repository/Butonlar/AltButonlar' located by 'By.cssSelector: .btn-group.open li>a' in '10' second(s)

2021-10-14 17:18:35 - [MESSAGE][INFO] - Smart Wait Function is triggered

2021-10-14 17:18:36 - [MESSAGE][INFO] - Found 2 web elements with id: 'Object Repository/Butonlar/AltButonlar' located by 'By.cssSelector: .btn-group.open li>a' in '10' second(s)

2021-10-14 17:18:36 - [MESSAGE][PASSED] - Method.TextDegerineEsitElementeTikla is PASSED

2021-10-14 17:18:36 - [MESSAGE][PASSED] - Call Test Case 'Test Cases/Butonlar/AltButonaTikla' successfully

2021-10-14 17:18:36 - [MESSAGE][INFO] - Checking called Test Case

2021-10-14 17:18:36 - [MESSAGE][INFO] - Starting to call Test Case 'Test Cases/Popup/PopupMesajiIceriyorMu'

2021-10-14 17:18:36 - [TEST_CASE][PASSED] - Test Cases/Popup/PopupMesajiIceriyorMu: Test Cases/Popup/PopupMesajiIceriyorMu

2021-10-14 17:18:37 - [TEST_STEP][PASSED] - waitForElementVisible(findTestObject("Popup/Popup"), 10): Object 'Object Repository/Popup/Popup' is visible

2021-10-14 17:18:37 - [MESSAGE][INFO] - Finding Test Object 'Object Repository/Popup/Popup'

2021-10-14 17:18:37 - [MESSAGE][INFO] - Checking object

2021-10-14 17:18:37 - [MESSAGE][INFO] - Checking timeout

2021-10-14 17:18:37 - [MESSAGE][INFO] - Finding web element from Test Object's properties

2021-10-14 17:18:37 - [MESSAGE][INFO] - Checking timeout

2021-10-14 17:18:37 - [MESSAGE][INFO] - Finding web element with id: 'Object Repository/Popup/Popup' located by 'By.cssSelector: .bootbox-body' in '10' second(s)

2021-10-14 17:18:37 - [MESSAGE][INFO] - Smart Wait Function is triggered

2021-10-14 17:18:40 - [MESSAGE][INFO] - Found 1 web elements with id: 'Object Repository/Popup/Popup' located by 'By.cssSelector: .bootbox-body' in '10' second(s)

2021-10-14 17:18:40 - [MESSAGE][PASSED] - Object 'Object Repository/Popup/Popup' is visible

2021-10-14 17:18:40 - [TEST_STEP][PASSED] - if (!(getText(findTestObject("Popup/Popup")).contains(Mesaj))): Text of object 'Object Repository/Popup/Popup' is: 'Lütfen rapor bildiriminin gönderileceği e-posta adresini belirtiniz.
e-Posta Adresi'

2021-10-14 17:18:40 - [MESSAGE][INFO] - Finding Test Object 'Object Repository/Popup/Popup'

2021-10-14 17:18:40 - [MESSAGE][INFO] - Checking object

2021-10-14 17:18:40 - [MESSAGE][INFO] - Finding web element from Test Object's properties

2021-10-14 17:18:40 - [MESSAGE][INFO] - Checking timeout

2021-10-14 17:18:40 - [MESSAGE][INFO] - Finding web element with id: 'Object Repository/Popup/Popup' located by 'By.cssSelector: .bootbox-body' in '30' second(s)

2021-10-14 17:18:40 - [MESSAGE][INFO] - Smart Wait Function is triggered

2021-10-14 17:18:41 - [MESSAGE][INFO] - Found 1 web elements with id: 'Object Repository/Popup/Popup' located by 'By.cssSelector: .bootbox-body' in '30' second(s)

2021-10-14 17:18:41 - [MESSAGE][INFO] - Getting text of object 'Object Repository/Popup/Popup'

2021-10-14 17:18:41 - [MESSAGE][PASSED] - Text of object 'Object Repository/Popup/Popup' is: 'Lütfen rapor bildiriminin gönderileceği e-posta adresini belirtiniz.
e-Posta Adresi'

2021-10-14 17:18:41 - [TEST_STEP][PASSED] - RaporNo = getText(findTestObject("Popup/Popup")).substring(0, 6): Text of object 'Object Repository/Popup/Popup' is: 'Lütfen rapor bildiriminin gönderileceği e-posta adresini belirtiniz.
e-Posta Adresi'

2021-10-14 17:18:41 - [MESSAGE][INFO] - Finding Test Object 'Object Repository/Popup/Popup'

2021-10-14 17:18:41 - [MESSAGE][INFO] - Checking object

2021-10-14 17:18:41 - [MESSAGE][INFO] - Finding web element from Test Object's properties

2021-10-14 17:18:41 - [MESSAGE][INFO] - Checking timeout

2021-10-14 17:18:41 - [MESSAGE][INFO] - Finding web element with id: 'Object Repository/Popup/Popup' located by 'By.cssSelector: .bootbox-body' in '30' second(s)

2021-10-14 17:18:41 - [MESSAGE][INFO] - Smart Wait Function is triggered

2021-10-14 17:18:41 - [MESSAGE][INFO] - Found 1 web elements with id: 'Object Repository/Popup/Popup' located by 'By.cssSelector: .bootbox-body' in '30' second(s)

2021-10-14 17:18:41 - [MESSAGE][INFO] - Getting text of object 'Object Repository/Popup/Popup'

2021-10-14 17:18:41 - [MESSAGE][PASSED] - Text of object 'Object Repository/Popup/Popup' is: 'Lütfen rapor bildiriminin gönderileceği e-posta adresini belirtiniz.
e-Posta Adresi'

2021-10-14 17:18:41 - [TEST_STEP][PASSED] - Console.println(RaporNo): null

2021-10-14 17:18:41 - [MESSAGE][PASSED] - Call Test Case 'Test Cases/Popup/PopupMesajiIceriyorMu' successfully

2021-10-14 17:18:41 - [MESSAGE][INFO] - Checking called Test Case

2021-10-14 17:18:41 - [MESSAGE][INFO] - Starting to call Test Case 'Test Cases/Popup/PopupButonSecilir'

2021-10-14 17:18:41 - [TEST_CASE][PASSED] - Test Cases/Popup/PopupButonSecilir: Test Cases/Popup/PopupButonSecilir

2021-10-14 17:18:42 - [TEST_STEP][PASSED] - Method.TextDegerineEsitElementeTikla(findTestObject("Popup/Popup_Butons"), Buton): Method.TextDegerineEsitElementeTikla is PASSED

2021-10-14 17:18:42 - [MESSAGE][INFO] - Finding Test Object 'Object Repository/Popup/Popup_Butons'

2021-10-14 17:18:42 - [MESSAGE][INFO] - Checking timeout

2021-10-14 17:18:42 - [MESSAGE][INFO] - Finding web element with id: 'Object Repository/Popup/Popup_Butons' located by 'By.cssSelector: .modal-footer>button' in '10' second(s)

2021-10-14 17:18:42 - [MESSAGE][INFO] - Smart Wait Function is triggered

2021-10-14 17:18:42 - [MESSAGE][INFO] - Found 2 web elements with id: 'Object Repository/Popup/Popup_Butons' located by 'By.cssSelector: .modal-footer>button' in '10' second(s)

2021-10-14 17:18:42 - [MESSAGE][PASSED] - Method.TextDegerineEsitElementeTikla is PASSED

2021-10-14 17:18:42 - [MESSAGE][PASSED] - Call Test Case 'Test Cases/Popup/PopupButonSecilir' successfully

2021-10-14 17:18:42 - [MESSAGE][INFO] - Checking called Test Case

2021-10-14 17:18:42 - [MESSAGE][INFO] - Starting to call Test Case 'Test Cases/Popup/PopupMesajiIceriyorMu'

2021-10-14 17:18:42 - [TEST_CASE][PASSED] - Test Cases/Popup/PopupMesajiIceriyorMu: Test Cases/Popup/PopupMesajiIceriyorMu

2021-10-14 17:18:42 - [TEST_STEP][PASSED] - waitForElementVisible(findTestObject("Popup/Popup"), 10): Object 'Object Repository/Popup/Popup' is visible

2021-10-14 17:18:42 - [MESSAGE][INFO] - Finding Test Object 'Object Repository/Popup/Popup'

2021-10-14 17:18:43 - [MESSAGE][INFO] - Checking object

2021-10-14 17:18:43 - [MESSAGE][INFO] - Checking timeout

2021-10-14 17:18:43 - [MESSAGE][INFO] - Finding web element from Test Object's properties

2021-10-14 17:18:43 - [MESSAGE][INFO] - Checking timeout

2021-10-14 17:18:43 - [MESSAGE][INFO] - Finding web element with id: 'Object Repository/Popup/Popup' located by 'By.cssSelector: .bootbox-body' in '10' second(s)

2021-10-14 17:18:43 - [MESSAGE][INFO] - Smart Wait Function is triggered

2021-10-14 17:18:43 - [MESSAGE][INFO] - Found 1 web elements with id: 'Object Repository/Popup/Popup' located by 'By.cssSelector: .bootbox-body' in '10' second(s)

2021-10-14 17:18:43 - [MESSAGE][PASSED] - Object 'Object Repository/Popup/Popup' is visible

2021-10-14 17:18:43 - [TEST_STEP][PASSED] - if (!(getText(findTestObject("Popup/Popup")).contains(Mesaj))): Text of object 'Object Repository/Popup/Popup' is: '14576 no’lu talebiniz işleme alınmıştır. Raporunuz hazırlandığında (elogotest@gmail.com) adresinize mail gönderilecektir.
Rapor durumunuzu Raporlar > Toplu Veri İndirme ekranından takip edebilir, hazırlandı durumundaki raporlarınızı ilgili menüden indirebilirsiniz.'

2021-10-14 17:18:43 - [MESSAGE][INFO] - Finding Test Object 'Object Repository/Popup/Popup'

2021-10-14 17:18:43 - [MESSAGE][INFO] - Checking object

2021-10-14 17:18:43 - [MESSAGE][INFO] - Finding web element from Test Object's properties

2021-10-14 17:18:43 - [MESSAGE][INFO] - Checking timeout

2021-10-14 17:18:43 - [MESSAGE][INFO] - Finding web element with id: 'Object Repository/Popup/Popup' located by 'By.cssSelector: .bootbox-body' in '30' second(s)

2021-10-14 17:18:43 - [MESSAGE][INFO] - Smart Wait Function is triggered

2021-10-14 17:18:44 - [MESSAGE][INFO] - Found 1 web elements with id: 'Object Repository/Popup/Popup' located by 'By.cssSelector: .bootbox-body' in '30' second(s)

2021-10-14 17:18:44 - [MESSAGE][INFO] - Getting text of object 'Object Repository/Popup/Popup'

2021-10-14 17:18:44 - [MESSAGE][PASSED] - Text of object 'Object Repository/Popup/Popup' is: '14576 no’lu talebiniz işleme alınmıştır. Raporunuz hazırlandığında (elogotest@gmail.com) adresinize mail gönderilecektir.
Rapor durumunuzu Raporlar > Toplu Veri İndirme ekranından takip edebilir, hazırlandı durumundaki raporlarınızı ilgili menüden indirebilirsiniz.'

2021-10-14 17:18:44 - [TEST_STEP][PASSED] - RaporNo = getText(findTestObject("Popup/Popup")).substring(0, 6): Text of object 'Object Repository/Popup/Popup' is: '14576 no’lu talebiniz işleme alınmıştır. Raporunuz hazırlandığında (elogotest@gmail.com) adresinize mail gönderilecektir.
Rapor durumunuzu Raporlar > Toplu Veri İndirme ekranından takip edebilir, hazırlandı durumundaki raporlarınızı ilgili menüden indirebilirsiniz.'

2021-10-14 17:18:44 - [MESSAGE][INFO] - Finding Test Object 'Object Repository/Popup/Popup'

2021-10-14 17:18:44 - [MESSAGE][INFO] - Checking object

2021-10-14 17:18:44 - [MESSAGE][INFO] - Finding web element from Test Object's properties

2021-10-14 17:18:44 - [MESSAGE][INFO] - Checking timeout

2021-10-14 17:18:44 - [MESSAGE][INFO] - Finding web element with id: 'Object Repository/Popup/Popup' located by 'By.cssSelector: .bootbox-body' in '30' second(s)

2021-10-14 17:18:44 - [MESSAGE][INFO] - Smart Wait Function is triggered

2021-10-14 17:18:44 - [MESSAGE][INFO] - Found 1 web elements with id: 'Object Repository/Popup/Popup' located by 'By.cssSelector: .bootbox-body' in '30' second(s)

2021-10-14 17:18:44 - [MESSAGE][INFO] - Getting text of object 'Object Repository/Popup/Popup'

2021-10-14 17:18:44 - [MESSAGE][PASSED] - Text of object 'Object Repository/Popup/Popup' is: '14576 no’lu talebiniz işleme alınmıştır. Raporunuz hazırlandığında (elogotest@gmail.com) adresinize mail gönderilecektir.
Rapor durumunuzu Raporlar > Toplu Veri İndirme ekranından takip edebilir, hazırlandı durumundaki raporlarınızı ilgili menüden indirebilirsiniz.'

2021-10-14 17:18:44 - [TEST_STEP][PASSED] - Console.println(RaporNo): null

2021-10-14 17:18:44 - [MESSAGE][PASSED] - Call Test Case 'Test Cases/Popup/PopupMesajiIceriyorMu' successfully

2021-10-14 17:18:44 - [MESSAGE][INFO] - Checking called Test Case

2021-10-14 17:18:44 - [MESSAGE][INFO] - Starting to call Test Case 'Test Cases/Popup/PopupButonSecilir'

2021-10-14 17:18:44 - [TEST_CASE][PASSED] - Test Cases/Popup/PopupButonSecilir: Test Cases/Popup/PopupButonSecilir

2021-10-14 17:18:44 - [TEST_STEP][PASSED] - Method.TextDegerineEsitElementeTikla(findTestObject("Popup/Popup_Butons"), Buton): Method.TextDegerineEsitElementeTikla is PASSED

2021-10-14 17:18:44 - [MESSAGE][INFO] - Finding Test Object 'Object Repository/Popup/Popup_Butons'

2021-10-14 17:18:44 - [MESSAGE][INFO] - Checking timeout

2021-10-14 17:18:44 - [MESSAGE][INFO] - Finding web element with id: 'Object Repository/Popup/Popup_Butons' located by 'By.cssSelector: .modal-footer>button' in '10' second(s)

2021-10-14 17:18:44 - [MESSAGE][INFO] - Smart Wait Function is triggered

2021-10-14 17:18:45 - [MESSAGE][INFO] - Found 1 web elements with id: 'Object Repository/Popup/Popup_Butons' located by 'By.cssSelector: .modal-footer>button' in '10' second(s)

2021-10-14 17:18:45 - [MESSAGE][PASSED] - Method.TextDegerineEsitElementeTikla is PASSED

2021-10-14 17:18:45 - [MESSAGE][PASSED] - Call Test Case 'Test Cases/Popup/PopupButonSecilir' successfully

2021-10-14 17:18:45 - [MESSAGE][INFO] - Checking called Test Case

2021-10-14 17:18:45 - [MESSAGE][INFO] - Starting to call Test Case 'Test Cases/Butonlar/ButonaTikla'

2021-10-14 17:18:45 - [TEST_CASE][PASSED] - Test Cases/Butonlar/ButonaTikla: Test Cases/Butonlar/ButonaTikla

2021-10-14 17:18:45 - [TEST_STEP][PASSED] - Method.TextDegerineEsitElementeTiklaEquals(findTestObject("Butonlar/Butonlar"), Buton_Adi): Method.TextDegerineEsitElementeTiklaEquals is PASSED

2021-10-14 17:18:45 - [MESSAGE][INFO] - Finding Test Object 'Object Repository/Butonlar/Butonlar'

2021-10-14 17:18:45 - [MESSAGE][INFO] - Checking timeout

2021-10-14 17:18:45 - [MESSAGE][INFO] - Finding web element with id: 'Object Repository/Butonlar/Butonlar' located by 'By.cssSelector: .panel.panel-default.text-center.footerPanel .btn,.btn.btn-primary.btnControls' in '10' second(s)

2021-10-14 17:18:45 - [MESSAGE][INFO] - Smart Wait Function is triggered

2021-10-14 17:18:45 - [MESSAGE][INFO] - Found 15 web elements with id: 'Object Repository/Butonlar/Butonlar' located by 'By.cssSelector: .panel.panel-default.text-center.footerPanel .btn,.btn.btn-primary.btnControls' in '10' second(s)

2021-10-14 17:18:46 - [MESSAGE][PASSED] - Method.TextDegerineEsitElementeTiklaEquals is PASSED

2021-10-14 17:18:46 - [MESSAGE][PASSED] - Call Test Case 'Test Cases/Butonlar/ButonaTikla' successfully

2021-10-14 17:18:46 - [MESSAGE][INFO] - Checking called Test Case

2021-10-14 17:18:46 - [MESSAGE][INFO] - Starting to call Test Case 'Test Cases/Butonlar/AltButonaTikla'

2021-10-14 17:18:46 - [TEST_CASE][PASSED] - Test Cases/Butonlar/AltButonaTikla: Test Cases/Butonlar/AltButonaTikla

2021-10-14 17:18:46 - [TEST_STEP][PASSED] - Method.TextDegerineEsitElementeTikla(findTestObject("Butonlar/AltButonlar"), Alt_Buton): Method.TextDegerineEsitElementeTikla is PASSED

2021-10-14 17:18:46 - [MESSAGE][INFO] - Finding Test Object 'Object Repository/Butonlar/AltButonlar'

2021-10-14 17:18:46 - [MESSAGE][INFO] - Checking timeout

2021-10-14 17:18:46 - [MESSAGE][INFO] - Finding web element with id: 'Object Repository/Butonlar/AltButonlar' located by 'By.cssSelector: .btn-group.open li>a' in '10' second(s)

2021-10-14 17:18:46 - [MESSAGE][INFO] - Smart Wait Function is triggered

2021-10-14 17:18:46 - [MESSAGE][INFO] - Found 2 web elements with id: 'Object Repository/Butonlar/AltButonlar' located by 'By.cssSelector: .btn-group.open li>a' in '10' second(s)

2021-10-14 17:18:46 - [MESSAGE][PASSED] - Method.TextDegerineEsitElementeTikla is PASSED

2021-10-14 17:18:46 - [MESSAGE][PASSED] - Call Test Case 'Test Cases/Butonlar/AltButonaTikla' successfully

2021-10-14 17:18:46 - [MESSAGE][INFO] - Checking called Test Case

2021-10-14 17:18:46 - [MESSAGE][INFO] - Starting to call Test Case 'Test Cases/Popup/PopupMesajiIceriyorMu'

2021-10-14 17:18:46 - [TEST_CASE][PASSED] - Test Cases/Popup/PopupMesajiIceriyorMu: Test Cases/Popup/PopupMesajiIceriyorMu

2021-10-14 17:18:46 - [TEST_STEP][PASSED] - waitForElementVisible(findTestObject("Popup/Popup"), 10): Object 'Object Repository/Popup/Popup' is visible

2021-10-14 17:18:46 - [MESSAGE][INFO] - Finding Test Object 'Object Repository/Popup/Popup'

2021-10-14 17:18:46 - [MESSAGE][INFO] - Checking object

2021-10-14 17:18:46 - [MESSAGE][INFO] - Checking timeout

2021-10-14 17:18:46 - [MESSAGE][INFO] - Finding web element from Test Object's properties

2021-10-14 17:18:46 - [MESSAGE][INFO] - Checking timeout

2021-10-14 17:18:46 - [MESSAGE][INFO] - Finding web element with id: 'Object Repository/Popup/Popup' located by 'By.cssSelector: .bootbox-body' in '10' second(s)

2021-10-14 17:18:46 - [MESSAGE][INFO] - Smart Wait Function is triggered

2021-10-14 17:18:47 - [MESSAGE][INFO] - Found 1 web elements with id: 'Object Repository/Popup/Popup' located by 'By.cssSelector: .bootbox-body' in '10' second(s)

2021-10-14 17:18:47 - [MESSAGE][PASSED] - Object 'Object Repository/Popup/Popup' is visible

2021-10-14 17:18:47 - [TEST_STEP][PASSED] - if (!(getText(findTestObject("Popup/Popup")).contains(Mesaj))): Text of object 'Object Repository/Popup/Popup' is: 'Lütfen rapor bildiriminin gönderileceği e-posta adresini belirtiniz.
e-Posta Adresi'

2021-10-14 17:18:47 - [MESSAGE][INFO] - Finding Test Object 'Object Repository/Popup/Popup'

2021-10-14 17:18:47 - [MESSAGE][INFO] - Checking object

2021-10-14 17:18:47 - [MESSAGE][INFO] - Finding web element from Test Object's properties

2021-10-14 17:18:47 - [MESSAGE][INFO] - Checking timeout

2021-10-14 17:18:47 - [MESSAGE][INFO] - Finding web element with id: 'Object Repository/Popup/Popup' located by 'By.cssSelector: .bootbox-body' in '30' second(s)

2021-10-14 17:18:47 - [MESSAGE][INFO] - Smart Wait Function is triggered

2021-10-14 17:18:47 - [MESSAGE][INFO] - Found 1 web elements with id: 'Object Repository/Popup/Popup' located by 'By.cssSelector: .bootbox-body' in '30' second(s)

2021-10-14 17:18:47 - [MESSAGE][INFO] - Getting text of object 'Object Repository/Popup/Popup'

2021-10-14 17:18:47 - [MESSAGE][PASSED] - Text of object 'Object Repository/Popup/Popup' is: 'Lütfen rapor bildiriminin gönderileceği e-posta adresini belirtiniz.
e-Posta Adresi'

2021-10-14 17:18:47 - [TEST_STEP][PASSED] - RaporNo = getText(findTestObject("Popup/Popup")).substring(0, 6): Text of object 'Object Repository/Popup/Popup' is: 'Lütfen rapor bildiriminin gönderileceği e-posta adresini belirtiniz.
e-Posta Adresi'

2021-10-14 17:18:47 - [MESSAGE][INFO] - Finding Test Object 'Object Repository/Popup/Popup'

2021-10-14 17:18:47 - [MESSAGE][INFO] - Checking object

2021-10-14 17:18:47 - [MESSAGE][INFO] - Finding web element from Test Object's properties

2021-10-14 17:18:47 - [MESSAGE][INFO] - Checking timeout

2021-10-14 17:18:47 - [MESSAGE][INFO] - Finding web element with id: 'Object Repository/Popup/Popup' located by 'By.cssSelector: .bootbox-body' in '30' second(s)

2021-10-14 17:18:47 - [MESSAGE][INFO] - Smart Wait Function is triggered

2021-10-14 17:18:47 - [MESSAGE][INFO] - Found 1 web elements with id: 'Object Repository/Popup/Popup' located by 'By.cssSelector: .bootbox-body' in '30' second(s)

2021-10-14 17:18:47 - [MESSAGE][INFO] - Getting text of object 'Object Repository/Popup/Popup'

2021-10-14 17:18:47 - [MESSAGE][PASSED] - Text of object 'Object Repository/Popup/Popup' is: 'Lütfen rapor bildiriminin gönderileceği e-posta adresini belirtiniz.
e-Posta Adresi'

2021-10-14 17:18:47 - [TEST_STEP][PASSED] - Console.println(RaporNo): null

2021-10-14 17:18:47 - [MESSAGE][PASSED] - Call Test Case 'Test Cases/Popup/PopupMesajiIceriyorMu' successfully

2021-10-14 17:18:47 - [MESSAGE][INFO] - Checking called Test Case

2021-10-14 17:18:47 - [MESSAGE][INFO] - Starting to call Test Case 'Test Cases/Popup/PopupButonSecilir'

2021-10-14 17:18:47 - [TEST_CASE][PASSED] - Test Cases/Popup/PopupButonSecilir: Test Cases/Popup/PopupButonSecilir

2021-10-14 17:18:47 - [TEST_STEP][PASSED] - Method.TextDegerineEsitElementeTikla(findTestObject("Popup/Popup_Butons"), Buton): Method.TextDegerineEsitElementeTikla is PASSED

2021-10-14 17:18:47 - [MESSAGE][INFO] - Finding Test Object 'Object Repository/Popup/Popup_Butons'

2021-10-14 17:18:47 - [MESSAGE][INFO] - Checking timeout

2021-10-14 17:18:47 - [MESSAGE][INFO] - Finding web element with id: 'Object Repository/Popup/Popup_Butons' located by 'By.cssSelector: .modal-footer>button' in '10' second(s)

2021-10-14 17:18:47 - [MESSAGE][INFO] - Smart Wait Function is triggered

2021-10-14 17:18:48 - [MESSAGE][INFO] - Found 2 web elements with id: 'Object Repository/Popup/Popup_Butons' located by 'By.cssSelector: .modal-footer>button' in '10' second(s)

2021-10-14 17:18:48 - [MESSAGE][PASSED] - Method.TextDegerineEsitElementeTikla is PASSED

2021-10-14 17:18:48 - [MESSAGE][PASSED] - Call Test Case 'Test Cases/Popup/PopupButonSecilir' successfully

2021-10-14 17:18:48 - [MESSAGE][INFO] - Checking called Test Case

2021-10-14 17:18:48 - [MESSAGE][INFO] - Starting to call Test Case 'Test Cases/Popup/PopupMesajiIceriyorMu'

2021-10-14 17:18:48 - [TEST_CASE][PASSED] - Test Cases/Popup/PopupMesajiIceriyorMu: Test Cases/Popup/PopupMesajiIceriyorMu

2021-10-14 17:18:48 - [TEST_STEP][PASSED] - waitForElementVisible(findTestObject("Popup/Popup"), 10): Object 'Object Repository/Popup/Popup' is visible

2021-10-14 17:18:48 - [MESSAGE][INFO] - Finding Test Object 'Object Repository/Popup/Popup'

2021-10-14 17:18:48 - [MESSAGE][INFO] - Checking object

2021-10-14 17:18:48 - [MESSAGE][INFO] - Checking timeout

2021-10-14 17:18:48 - [MESSAGE][INFO] - Finding web element from Test Object's properties

2021-10-14 17:18:48 - [MESSAGE][INFO] - Checking timeout

2021-10-14 17:18:48 - [MESSAGE][INFO] - Finding web element with id: 'Object Repository/Popup/Popup' located by 'By.cssSelector: .bootbox-body' in '10' second(s)

2021-10-14 17:18:48 - [MESSAGE][INFO] - Smart Wait Function is triggered

2021-10-14 17:18:49 - [MESSAGE][INFO] - Found 1 web elements with id: 'Object Repository/Popup/Popup' located by 'By.cssSelector: .bootbox-body' in '10' second(s)

2021-10-14 17:18:49 - [MESSAGE][PASSED] - Object 'Object Repository/Popup/Popup' is visible

2021-10-14 17:18:49 - [TEST_STEP][PASSED] - if (!(getText(findTestObject("Popup/Popup")).contains(Mesaj))): Text of object 'Object Repository/Popup/Popup' is: '14577 no’lu talebiniz işleme alınmıştır. Raporunuz hazırlandığında (elogotest@gmail.com) adresinize mail gönderilecektir.
Rapor durumunuzu Raporlar > Toplu Veri İndirme ekranından takip edebilir, hazırlandı durumundaki raporlarınızı ilgili menüden indirebilirsiniz.'

2021-10-14 17:18:49 - [MESSAGE][INFO] - Finding Test Object 'Object Repository/Popup/Popup'

2021-10-14 17:18:49 - [MESSAGE][INFO] - Checking object

2021-10-14 17:18:49 - [MESSAGE][INFO] - Finding web element from Test Object's properties

2021-10-14 17:18:49 - [MESSAGE][INFO] - Checking timeout

2021-10-14 17:18:49 - [MESSAGE][INFO] - Finding web element with id: 'Object Repository/Popup/Popup' located by 'By.cssSelector: .bootbox-body' in '30' second(s)

2021-10-14 17:18:49 - [MESSAGE][INFO] - Smart Wait Function is triggered

2021-10-14 17:18:49 - [MESSAGE][INFO] - Found 1 web elements with id: 'Object Repository/Popup/Popup' located by 'By.cssSelector: .bootbox-body' in '30' second(s)

2021-10-14 17:18:49 - [MESSAGE][INFO] - Getting text of object 'Object Repository/Popup/Popup'

2021-10-14 17:18:49 - [MESSAGE][PASSED] - Text of object 'Object Repository/Popup/Popup' is: '14577 no’lu talebiniz işleme alınmıştır. Raporunuz hazırlandığında (elogotest@gmail.com) adresinize mail gönderilecektir.
Rapor durumunuzu Raporlar > Toplu Veri İndirme ekranından takip edebilir, hazırlandı durumundaki raporlarınızı ilgili menüden indirebilirsiniz.'

2021-10-14 17:18:49 - [TEST_STEP][PASSED] - RaporNo = getText(findTestObject("Popup/Popup")).substring(0, 6): Text of object 'Object Repository/Popup/Popup' is: '14577 no’lu talebiniz işleme alınmıştır. Raporunuz hazırlandığında (elogotest@gmail.com) adresinize mail gönderilecektir.
Rapor durumunuzu Raporlar > Toplu Veri İndirme ekranından takip edebilir, hazırlandı durumundaki raporlarınızı ilgili menüden indirebilirsiniz.'

2021-10-14 17:18:49 - [MESSAGE][INFO] - Finding Test Object 'Object Repository/Popup/Popup'

2021-10-14 17:18:49 - [MESSAGE][INFO] - Checking object

2021-10-14 17:18:49 - [MESSAGE][INFO] - Finding web element from Test Object's properties

2021-10-14 17:18:49 - [MESSAGE][INFO] - Checking timeout

2021-10-14 17:18:49 - [MESSAGE][INFO] - Finding web element with id: 'Object Repository/Popup/Popup' located by 'By.cssSelector: .bootbox-body' in '30' second(s)

2021-10-14 17:18:49 - [MESSAGE][INFO] - Smart Wait Function is triggered

2021-10-14 17:18:50 - [MESSAGE][INFO] - Found 1 web elements with id: 'Object Repository/Popup/Popup' located by 'By.cssSelector: .bootbox-body' in '30' second(s)

2021-10-14 17:18:50 - [MESSAGE][INFO] - Getting text of object 'Object Repository/Popup/Popup'

2021-10-14 17:18:50 - [MESSAGE][PASSED] - Text of object 'Object Repository/Popup/Popup' is: '14577 no’lu talebiniz işleme alınmıştır. Raporunuz hazırlandığında (elogotest@gmail.com) adresinize mail gönderilecektir.
Rapor durumunuzu Raporlar > Toplu Veri İndirme ekranından takip edebilir, hazırlandı durumundaki raporlarınızı ilgili menüden indirebilirsiniz.'

2021-10-14 17:18:50 - [TEST_STEP][PASSED] - Console.println(RaporNo): null

2021-10-14 17:18:50 - [MESSAGE][PASSED] - Call Test Case 'Test Cases/Popup/PopupMesajiIceriyorMu' successfully

2021-10-14 17:18:50 - [MESSAGE][INFO] - Checking called Test Case

2021-10-14 17:18:50 - [MESSAGE][INFO] - Starting to call Test Case 'Test Cases/Popup/PopupButonSecilir'

2021-10-14 17:18:50 - [TEST_CASE][PASSED] - Test Cases/Popup/PopupButonSecilir: Test Cases/Popup/PopupButonSecilir

2021-10-14 17:18:50 - [TEST_STEP][PASSED] - Method.TextDegerineEsitElementeTikla(findTestObject("Popup/Popup_Butons"), Buton): Method.TextDegerineEsitElementeTikla is PASSED

2021-10-14 17:18:50 - [MESSAGE][INFO] - Finding Test Object 'Object Repository/Popup/Popup_Butons'

2021-10-14 17:18:50 - [MESSAGE][INFO] - Checking timeout

2021-10-14 17:18:50 - [MESSAGE][INFO] - Finding web element with id: 'Object Repository/Popup/Popup_Butons' located by 'By.cssSelector: .modal-footer>button' in '10' second(s)

2021-10-14 17:18:50 - [MESSAGE][INFO] - Smart Wait Function is triggered

2021-10-14 17:18:50 - [MESSAGE][INFO] - Found 1 web elements with id: 'Object Repository/Popup/Popup_Butons' located by 'By.cssSelector: .modal-footer>button' in '10' second(s)

2021-10-14 17:18:50 - [MESSAGE][PASSED] - Method.TextDegerineEsitElementeTikla is PASSED

2021-10-14 17:18:50 - [MESSAGE][PASSED] - Call Test Case 'Test Cases/Popup/PopupButonSecilir' successfully

2021-10-14 17:18:50 - [MESSAGE][INFO] - Checking called Test Case

2021-10-14 17:18:50 - [MESSAGE][INFO] - Starting to call Test Case 'Test Cases/Menu/AnaMenuSecimi'

2021-10-14 17:18:50 - [TEST_CASE][PASSED] - Test Cases/Menu/AnaMenuSecimi: Test Cases/Menu/AnaMenuSecimi

2021-10-14 17:18:50 - [TEST_STEP][PASSED] - Method.TextDegerineEsitElementeTikla(findTestObject("Menu/Ana_Menu"), Ana_Menu): Method.TextDegerineEsitElementeTikla is PASSED

2021-10-14 17:18:50 - [MESSAGE][INFO] - Finding Test Object 'Object Repository/Menu/Ana_Menu'

2021-10-14 17:18:50 - [MESSAGE][INFO] - Checking timeout

2021-10-14 17:18:50 - [MESSAGE][INFO] - Finding web element with id: 'Object Repository/Menu/Ana_Menu' located by 'By.xpath: //*[@class = 'dropdown-toggle']' in '10' second(s)

2021-10-14 17:18:50 - [MESSAGE][INFO] - Smart Wait Function is triggered

2021-10-14 17:18:51 - [MESSAGE][INFO] - Found 14 web elements with id: 'Object Repository/Menu/Ana_Menu' located by 'By.xpath: //*[@class = 'dropdown-toggle']' in '10' second(s)

2021-10-14 17:18:52 - [MESSAGE][PASSED] - Method.TextDegerineEsitElementeTikla is PASSED

2021-10-14 17:18:52 - [MESSAGE][PASSED] - Call Test Case 'Test Cases/Menu/AnaMenuSecimi' successfully

2021-10-14 17:18:52 - [MESSAGE][INFO] - Checking called Test Case

2021-10-14 17:18:52 - [MESSAGE][INFO] - Starting to call Test Case 'Test Cases/Menu/AltMenuSecimi'

2021-10-14 17:18:52 - [TEST_CASE][PASSED] - Test Cases/Menu/AltMenuSecimi: Test Cases/Menu/AltMenuSecimi

2021-10-14 17:18:52 - [TEST_STEP][PASSED] - Method.TextDegerineEsitElementeTikla(findTestObject("Menu/Alt_Menu"), Alt_Menu): Method.TextDegerineEsitElementeTikla is PASSED

2021-10-14 17:18:52 - [MESSAGE][INFO] - Finding Test Object 'Object Repository/Menu/Alt_Menu'

2021-10-14 17:18:52 - [MESSAGE][INFO] - Checking timeout

2021-10-14 17:18:52 - [MESSAGE][INFO] - Finding web element with id: 'Object Repository/Menu/Alt_Menu' located by 'By.xpath: //li[@class='dropdown dropdown-large open']//li[@class='dropdown-element']' in '10' second(s)

2021-10-14 17:18:52 - [MESSAGE][INFO] - Smart Wait Function is triggered

2021-10-14 17:18:53 - [MESSAGE][INFO] - Found 9 web elements with id: 'Object Repository/Menu/Alt_Menu' located by 'By.xpath: //li[@class='dropdown dropdown-large open']//li[@class='dropdown-element']' in '10' second(s)

2021-10-14 17:18:57 - [MESSAGE][PASSED] - Method.TextDegerineEsitElementeTikla is PASSED

2021-10-14 17:18:57 - [MESSAGE][PASSED] - Call Test Case 'Test Cases/Menu/AltMenuSecimi' successfully

2021-10-14 17:18:57 - [MESSAGE][INFO] - Checking called Test Case

2021-10-14 17:18:57 - [MESSAGE][INFO] - Starting to call Test Case 'Test Cases/Filtreler/RaporNoYaz'

2021-10-14 17:18:57 - [TEST_CASE][PASSED] - Test Cases/Filtreler/RaporNoYaz: Test Cases/Filtreler/RaporNoYaz

2021-10-14 17:18:58 - [TEST_STEP][PASSED] - Method.TextDegerineEsitElementinAltindakiTextboxtaYaz(findTestObject("Filtreler/Basliklar"), findTestObject("Filtreler/Basliga_Gore_Textbox"), "Talep No", RaporNo): Method.TextDegerineEsitElementinAltindakiTextboxtaYaz is PASSED

2021-10-14 17:18:58 - [MESSAGE][INFO] - Finding Test Object 'Object Repository/Filtreler/Basliklar'

2021-10-14 17:18:58 - [MESSAGE][INFO] - Finding Test Object 'Object Repository/Filtreler/Basliga_Gore_Textbox'

2021-10-14 17:18:59 - [MESSAGE][INFO] - Checking timeout

2021-10-14 17:18:59 - [MESSAGE][INFO] - Finding web element with id: 'Object Repository/Filtreler/Basliklar' located by 'By.cssSelector: .control-label.col-sm-4.paddingMarginRLC' in '10' second(s)

2021-10-14 17:18:59 - [MESSAGE][INFO] - Smart Wait Function is triggered

2021-10-14 17:18:59 - [MESSAGE][INFO] - Found 8 web elements with id: 'Object Repository/Filtreler/Basliklar' located by 'By.cssSelector: .control-label.col-sm-4.paddingMarginRLC' in '10' second(s)

2021-10-14 17:18:59 - [MESSAGE][INFO] - Smart Wait Function is triggered

2021-10-14 17:18:59 - [MESSAGE][PASSED] - Method.TextDegerineEsitElementinAltindakiTextboxtaYaz is PASSED

2021-10-14 17:18:59 - [MESSAGE][PASSED] - Call Test Case 'Test Cases/Filtreler/RaporNoYaz' successfully

2021-10-14 17:18:59 - [MESSAGE][INFO] - Checking called Test Case

2021-10-14 17:18:59 - [MESSAGE][INFO] - Starting to call Test Case 'Test Cases/Filtreler/ButonaTikla'

2021-10-14 17:18:59 - [TEST_CASE][PASSED] - Test Cases/Filtreler/ButonaTikla: Test Cases/Filtreler/ButonaTikla

2021-10-14 17:18:59 - [TEST_STEP][PASSED] - Method.TextDegerineEsitElementeTikla(findTestObject("Filtreler/Butonlar"), Filtre_Buton): Method.TextDegerineEsitElementeTikla is PASSED

2021-10-14 17:18:59 - [MESSAGE][INFO] - Finding Test Object 'Object Repository/Filtreler/Butonlar'

2021-10-14 17:19:00 - [MESSAGE][INFO] - Checking timeout

2021-10-14 17:19:00 - [MESSAGE][INFO] - Finding web element with id: 'Object Repository/Filtreler/Butonlar' located by 'By.cssSelector: .dxb>span' in '10' second(s)

2021-10-14 17:19:00 - [MESSAGE][INFO] - Smart Wait Function is triggered

2021-10-14 17:19:00 - [MESSAGE][INFO] - Found 2 web elements with id: 'Object Repository/Filtreler/Butonlar' located by 'By.cssSelector: .dxb>span' in '10' second(s)

2021-10-14 17:19:00 - [MESSAGE][PASSED] - Method.TextDegerineEsitElementeTikla is PASSED

2021-10-14 17:19:00 - [MESSAGE][PASSED] - Call Test Case 'Test Cases/Filtreler/ButonaTikla' successfully

2021-10-14 17:19:00 - [MESSAGE][INFO] - Checking called Test Case

2021-10-14 17:19:00 - [MESSAGE][INFO] - Starting to call Test Case 'Test Cases/Tablo/TablodaVeriVarMi'

2021-10-14 17:19:01 - [TEST_CASE][PASSED] - Test Cases/Tablo/TablodaVeriVarMi: Test Cases/Tablo/TablodaVeriVarMi

2021-10-14 17:19:01 - [TEST_STEP][PASSED] - verifyTextNotPresent("Görüntülenecek veri yok", true): Text 'Görüntülenecek veri yok' is not present on page using regular expression

2021-10-14 17:19:01 - [MESSAGE][INFO] - Checking text present  using regular expression

2021-10-14 17:19:01 - [MESSAGE][INFO] - Smart Wait Function is triggered

2021-10-14 17:19:06 - [MESSAGE][INFO] - Finding text 'Görüntülenecek veri yok' on page  using regular expression

2021-10-14 17:19:06 - [MESSAGE][PASSED] - Text 'Görüntülenecek veri yok' is not present on page using regular expression

2021-10-14 17:19:06 - [MESSAGE][PASSED] - Call Test Case 'Test Cases/Tablo/TablodaVeriVarMi' successfully

2021-10-14 17:19:06 - [MESSAGE][INFO] - Checking called Test Case

2021-10-14 17:19:06 - [MESSAGE][INFO] - Starting to call Test Case 'Test Cases/Kullanici_Islemleri/KullaniciIslemlerindenSecimYapilir'

2021-10-14 17:19:06 - [TEST_CASE][PASSED] - Test Cases/Kullanici_Islemleri/KullaniciIslemlerindenSecimYapilir: Test Cases/Kullanici_Islemleri/KullaniciIslemlerindenSecimYapilir

2021-10-14 17:19:07 - [TEST_STEP][PASSED] - waitForElementClickable(findTestObject("Object Repository/Kullanici_Islemleri/KullaniciIslemleri"), 10): Object 'Object Repository/Kullanici_Islemleri/KullaniciIslemleri' is clickable

2021-10-14 17:19:07 - [MESSAGE][INFO] - Finding Test Object 'Object Repository/Kullanici_Islemleri/KullaniciIslemleri'

2021-10-14 17:19:07 - [MESSAGE][INFO] - Checking object

2021-10-14 17:19:07 - [MESSAGE][INFO] - Checking timeout

2021-10-14 17:19:07 - [MESSAGE][INFO] - Finding web element from Test Object's properties

2021-10-14 17:19:07 - [MESSAGE][INFO] - Checking timeout

2021-10-14 17:19:07 - [MESSAGE][INFO] - Finding web element with id: 'Object Repository/Kullanici_Islemleri/KullaniciIslemleri' located by 'By.cssSelector: .dropdown>a>img' in '10' second(s)

2021-10-14 17:19:07 - [MESSAGE][INFO] - Smart Wait Function is triggered

2021-10-14 17:19:08 - [MESSAGE][INFO] - Found 1 web elements with id: 'Object Repository/Kullanici_Islemleri/KullaniciIslemleri' located by 'By.cssSelector: .dropdown>a>img' in '10' second(s)

2021-10-14 17:19:08 - [MESSAGE][PASSED] - Object 'Object Repository/Kullanici_Islemleri/KullaniciIslemleri' is clickable

2021-10-14 17:19:08 - [TEST_STEP][PASSED] - click(findTestObject("Object Repository/Kullanici_Islemleri/KullaniciIslemleri")): Object: 'Object Repository/Kullanici_Islemleri/KullaniciIslemleri' is clicked on

2021-10-14 17:19:08 - [MESSAGE][INFO] - Finding Test Object 'Object Repository/Kullanici_Islemleri/KullaniciIslemleri'

2021-10-14 17:19:08 - [MESSAGE][INFO] - Checking object

2021-10-14 17:19:08 - [MESSAGE][INFO] - Finding web element from Test Object's properties

2021-10-14 17:19:08 - [MESSAGE][INFO] - Checking timeout

2021-10-14 17:19:08 - [MESSAGE][INFO] - Finding web element with id: 'Object Repository/Kullanici_Islemleri/KullaniciIslemleri' located by 'By.cssSelector: .dropdown>a>img' in '30' second(s)

2021-10-14 17:19:08 - [MESSAGE][INFO] - Smart Wait Function is triggered

2021-10-14 17:19:08 - [MESSAGE][INFO] - Found 1 web elements with id: 'Object Repository/Kullanici_Islemleri/KullaniciIslemleri' located by 'By.cssSelector: .dropdown>a>img' in '30' second(s)

2021-10-14 17:19:08 - [MESSAGE][INFO] - Clicking on object: 'Object Repository/Kullanici_Islemleri/KullaniciIslemleri'

2021-10-14 17:19:08 - [MESSAGE][PASSED] - Object: 'Object Repository/Kullanici_Islemleri/KullaniciIslemleri' is clicked on

2021-10-14 17:19:08 - [TEST_STEP][PASSED] - Method.TextDegerineEsitElementeTikla(findTestObject("Object Repository/Kullanici_Islemleri/Secenekler"), Islem): Method.TextDegerineEsitElementeTikla is PASSED

2021-10-14 17:19:08 - [MESSAGE][INFO] - Finding Test Object 'Object Repository/Kullanici_Islemleri/Secenekler'

2021-10-14 17:19:08 - [MESSAGE][INFO] - Checking timeout

2021-10-14 17:19:08 - [MESSAGE][INFO] - Finding web element with id: 'Object Repository/Kullanici_Islemleri/Secenekler' located by 'By.cssSelector: .nav.navbar-nav.navbar-right li a' in '10' second(s)

2021-10-14 17:19:08 - [MESSAGE][INFO] - Smart Wait Function is triggered

2021-10-14 17:19:09 - [MESSAGE][INFO] - Found 22 web elements with id: 'Object Repository/Kullanici_Islemleri/Secenekler' located by 'By.cssSelector: .nav.navbar-nav.navbar-right li a' in '10' second(s)

2021-10-14 17:19:10 - [MESSAGE][PASSED] - Method.TextDegerineEsitElementeTikla is PASSED

2021-10-14 17:19:10 - [TEST_STEP][PASSED] - verifyElementNotPresent(findTestObject("Object Repository/Kullanici_Islemleri/Secenekler"), 10): Web element with id: 'Object Repository/Kullanici_Islemleri/Secenekler' located by 'By.cssSelector: .nav.navbar-nav.navbar-right li a' is not present after '10' second(s)

2021-10-14 17:19:10 - [MESSAGE][INFO] - Finding Test Object 'Object Repository/Kullanici_Islemleri/Secenekler'

2021-10-14 17:19:11 - [MESSAGE][INFO] - Checking object

2021-10-14 17:19:11 - [MESSAGE][INFO] - Checking timeout

2021-10-14 17:19:11 - [MESSAGE][INFO] - Finding web element with id: 'Object Repository/Kullanici_Islemleri/Secenekler' located by 'By.cssSelector: .nav.navbar-nav.navbar-right li a' in '10' second(s)

2021-10-14 17:19:11 - [MESSAGE][INFO] - Smart Wait Function is triggered

2021-10-14 17:19:11 - [MESSAGE][PASSED] - Web element with id: 'Object Repository/Kullanici_Islemleri/Secenekler' located by 'By.cssSelector: .nav.navbar-nav.navbar-right li a' is not present after '10' second(s)

2021-10-14 17:19:11 - [MESSAGE][PASSED] - Call Test Case 'Test Cases/Kullanici_Islemleri/KullaniciIslemlerindenSecimYapilir' successfully

2021-10-14 17:19:11 - [TEST_CASE][PASSED] - Start Test Case : SCENARIO Faturayi excele aktarma: SCENARIO Faturayi excele aktarma

2021-10-14 17:19:11 - [TEST_STEP][PASSED] - Kullanıcı adı ELOGO6 ve Şifre 123456 olarak giriş yapılır: Kullanıcı adı ELOGO6 ve Şifre 123456 olarak giriş yapılır

2021-10-14 17:19:11 - [MESSAGE][PASSED] - Kullanıcı adı ELOGO6 ve Şifre 123456 olarak giriş yapılır

2021-10-14 17:19:11 - [TEST_STEP][PASSED] - Ana menüden e-Fatura seçilir: Ana menüden e-Fatura seçilir

2021-10-14 17:19:11 - [MESSAGE][PASSED] - Ana menüden e-Fatura seçilir

2021-10-14 17:19:11 - [TEST_STEP][PASSED] - Alt menü Gelen Kutusu başlığı altındaki Faturalar seçilir: Alt menü Gelen Kutusu başlığı altındaki Faturalar seçilir

2021-10-14 17:19:11 - [MESSAGE][PASSED] - Alt menü Gelen Kutusu başlığı altındaki Faturalar seçilir

2021-10-14 17:19:11 - [TEST_STEP][PASSED] - Filtrelerden Oluşturma Tarihi filtresine 01.12.2020 baslangic degerini yaz: Filtrelerden Oluşturma Tarihi filtresine 01.12.2020 baslangic degerini yaz

2021-10-14 17:19:11 - [MESSAGE][PASSED] - Filtrelerden Oluşturma Tarihi filtresine 01.12.2020 baslangic degerini yaz

2021-10-14 17:19:11 - [TEST_STEP][PASSED] - Filtrelerden Oluşturma Tarihi filtresine 31.12.2020 bitis degerini yaz: Filtrelerden Oluşturma Tarihi filtresine 31.12.2020 bitis degerini yaz

2021-10-14 17:19:11 - [MESSAGE][PASSED] - Filtrelerden Oluşturma Tarihi filtresine 31.12.2020 bitis degerini yaz

2021-10-14 17:19:11 - [TEST_STEP][PASSED] - Filtrelerden Gönderici Ünvanı filtresine E LOGO 6 textini yaz: Filtrelerden Gönderici Ünvanı filtresine E LOGO 6 textini yaz

2021-10-14 17:19:11 - [MESSAGE][PASSED] - Filtrelerden Gönderici Ünvanı filtresine E LOGO 6 textini yaz

2021-10-14 17:19:11 - [TEST_STEP][PASSED] - Filtre butonlarından Listele seçilir: Filtre butonlarından Listele seçilir

2021-10-14 17:19:11 - [MESSAGE][PASSED] - Filtre butonlarından Listele seçilir

2021-10-14 17:19:11 - [TEST_STEP][PASSED] - Tabloda veri var mı kontrol edilir: Tabloda veri var mı kontrol edilir

2021-10-14 17:19:11 - [MESSAGE][PASSED] - Tabloda veri var mı kontrol edilir

2021-10-14 17:19:11 - [TEST_STEP][PASSED] - Tablodan E LOGO 6 isimli veri seçilir: Tablodan E LOGO 6 isimli veri seçilir

2021-10-14 17:19:11 - [MESSAGE][PASSED] - Tablodan E LOGO 6 isimli veri seçilir

2021-10-14 17:19:11 - [TEST_STEP][PASSED] - Butonlardan Excel isimli butona tıklanır: Butonlardan Excel isimli butona tıklanır

2021-10-14 17:19:11 - [MESSAGE][PASSED] - Butonlardan Excel isimli butona tıklanır

2021-10-14 17:19:11 - [TEST_STEP][PASSED] - Alt butonlardan Excel'e Aktar butonuna tıklanır: Alt butonlardan Excel'e Aktar butonuna tıklanır

2021-10-14 17:19:11 - [MESSAGE][PASSED] - Alt butonlardan Excel'e Aktar butonuna tıklanır

2021-10-14 17:19:11 - [TEST_STEP][PASSED] - Popup mesajı Lütfen rapor bildiriminin gönderileceği e-posta adresini belirtiniz. içeriyor mu: Popup mesajı Lütfen rapor bildiriminin gönderileceği e-posta adresini belirtiniz. içeriyor mu

2021-10-14 17:19:11 - [MESSAGE][PASSED] - Popup mesajı Lütfen rapor bildiriminin gönderileceği e-posta adresini belirtiniz. içeriyor mu

2021-10-14 17:19:11 - [TEST_STEP][PASSED] - Yönetim popupında Gönder seçilir: Yönetim popupında Gönder seçilir

2021-10-14 17:19:11 - [MESSAGE][PASSED] - Yönetim popupında Gönder seçilir

2021-10-14 17:19:11 - [TEST_STEP][PASSED] - Popup mesajı Toplu Veri İndirme içeriyor mu: Popup mesajı Toplu Veri İndirme içeriyor mu

2021-10-14 17:19:11 - [MESSAGE][PASSED] - Popup mesajı Toplu Veri İndirme içeriyor mu

2021-10-14 17:19:11 - [TEST_STEP][PASSED] - Yönetim popupında Tamam seçilir: Yönetim popupında Tamam seçilir

2021-10-14 17:19:11 - [MESSAGE][PASSED] - Yönetim popupında Tamam seçilir

2021-10-14 17:19:11 - [TEST_STEP][PASSED] - Butonlardan Excel isimli butona tıklanır: Butonlardan Excel isimli butona tıklanır

2021-10-14 17:19:11 - [MESSAGE][PASSED] - Butonlardan Excel isimli butona tıklanır

2021-10-14 17:19:11 - [TEST_STEP][PASSED] - Alt butonlardan Tümünü Excel'e Aktar butonuna tıklanır: Alt butonlardan Tümünü Excel'e Aktar butonuna tıklanır

2021-10-14 17:19:11 - [MESSAGE][PASSED] - Alt butonlardan Tümünü Excel'e Aktar butonuna tıklanır

2021-10-14 17:19:11 - [TEST_STEP][PASSED] - Popup mesajı Lütfen rapor bildiriminin gönderileceği e-posta adresini belirtiniz. içeriyor mu: Popup mesajı Lütfen rapor bildiriminin gönderileceği e-posta adresini belirtiniz. içeriyor mu

2021-10-14 17:19:11 - [MESSAGE][PASSED] - Popup mesajı Lütfen rapor bildiriminin gönderileceği e-posta adresini belirtiniz. içeriyor mu

2021-10-14 17:19:11 - [TEST_STEP][PASSED] - Yönetim popupında Gönder seçilir: Yönetim popupında Gönder seçilir

2021-10-14 17:19:11 - [MESSAGE][PASSED] - Yönetim popupında Gönder seçilir

2021-10-14 17:19:11 - [TEST_STEP][PASSED] - Popup mesajı Toplu Veri İndirme içeriyor mu: Popup mesajı Toplu Veri İndirme içeriyor mu

2021-10-14 17:19:11 - [MESSAGE][PASSED] - Popup mesajı Toplu Veri İndirme içeriyor mu

2021-10-14 17:19:11 - [TEST_STEP][PASSED] - Yönetim popupında Tamam seçilir: Yönetim popupında Tamam seçilir

2021-10-14 17:19:11 - [MESSAGE][PASSED] - Yönetim popupında Tamam seçilir

2021-10-14 17:19:11 - [TEST_STEP][PASSED] - Ana menüden Raporlar seçilir: Ana menüden Raporlar seçilir

2021-10-14 17:19:11 - [MESSAGE][PASSED] - Ana menüden Raporlar seçilir

2021-10-14 17:19:11 - [TEST_STEP][PASSED] - Alt menüden Toplu Veri İndirme seçilir: Alt menüden Toplu Veri İndirme seçilir

2021-10-14 17:19:11 - [MESSAGE][PASSED] - Alt menüden Toplu Veri İndirme seçilir

2021-10-14 17:19:11 - [TEST_STEP][PASSED] - Filtrelerden Talep No filtresine Rapor No bilgisi yaz: Filtrelerden Talep No filtresine Rapor No bilgisi yaz

2021-10-14 17:19:11 - [MESSAGE][PASSED] - Filtrelerden Talep No filtresine Rapor No bilgisi yaz

2021-10-14 17:19:11 - [TEST_STEP][PASSED] - Filtre butonlarından Listele seçilir: Filtre butonlarından Listele seçilir

2021-10-14 17:19:11 - [MESSAGE][PASSED] - Filtre butonlarından Listele seçilir

2021-10-14 17:19:11 - [TEST_STEP][PASSED] - Tabloda veri var mı kontrol edilir: Tabloda veri var mı kontrol edilir

2021-10-14 17:19:11 - [MESSAGE][PASSED] - Tabloda veri var mı kontrol edilir

2021-10-14 17:19:11 - [TEST_STEP][PASSED] - Kullanıcı işlemlerinden Çıkış seçilir: Kullanıcı işlemlerinden Çıkış seçilir

2021-10-14 17:19:11 - [MESSAGE][PASSED] - Kullanıcı işlemlerinden Çıkış seçilir

2021-10-14 17:19:11 - [MESSAGE][PASSED] - Feature file: 'Include/features/e-Fatura/Gelen Kutusu/Faturalar/Excele Aktar.feature' was passed

2021-10-14 17:19:11 - [TEST_STEP][PASSED] - Start listener action : sampleAfterTestSuite: Invoke 'com.kms.katalon.core.annotation.AfterTestCase' method: 'Listener.sampleAfterTestSuite(...)' completed.

2021-10-14 17:19:11 - [MESSAGE][INFO] - Starting invoke 'com.kms.katalon.core.annotation.AfterTestCase' method: 'Listener.sampleAfterTestSuite(...)'

2021-10-14 17:19:11 - [TEST_STEP][PASSED] - closeBrowser(): Invoke 'com.kms.katalon.core.annotation.AfterTestCase' method: 'Listener.sampleAfterTestSuite(...)' completed.

2021-10-14 17:19:11 - [MESSAGE][INFO] - Closing browser

2021-10-14 17:19:12 - [MESSAGE][PASSED] - Browser is closed

2021-10-14 17:19:12 - [MESSAGE][INFO] - Invoke 'com.kms.katalon.core.annotation.AfterTestCase' method: 'Listener.sampleAfterTestSuite(...)' completed.]]></system-out>
         <system-err><![CDATA[]]></system-err>
      </testcase>
      <testcase name="Test Cases/Case Repository/e-Fatura/Gelen Kutusu/Faturalar/Toplu Indirme" time="68.452" classname="Test Cases/Case Repository/e-Fatura/Gelen Kutusu/Faturalar/Toplu Indirme" status="PASSED">
         <system-out><![CDATA[2021-10-14 17:19:12 - [TEST_CASE][PASSED] - Test Cases/Case Repository/e-Fatura/Gelen Kutusu/Faturalar/Toplu Indirme: Test Cases/Case Repository/e-Fatura/Gelen Kutusu/Faturalar/Toplu Indirme

2021-10-14 17:19:12 - [TEST_STEP][PASSED] - Start listener action : sampleBeforeTestSuite: Invoke 'com.kms.katalon.core.annotation.BeforeTestCase' method: 'Listener.sampleBeforeTestSuite(...)' completed.

2021-10-14 17:19:12 - [MESSAGE][INFO] - Starting invoke 'com.kms.katalon.core.annotation.BeforeTestCase' method: 'Listener.sampleBeforeTestSuite(...)'

2021-10-14 17:19:12 - [TEST_STEP][PASSED] - openBrowser(baseUrl): Browser is opened with url: 'https://efatura-stage.elogo.com.tr/'

2021-10-14 17:19:12 - [MESSAGE][INFO] - Opening browser

2021-10-14 17:19:12 - [MESSAGE][INFO] - Starting 'Chrome' driver

2021-10-14 17:19:12 - [MESSAGE][INFO] - User set preference: ['prefs', '{download.default_directory=C:\otomasyondownfiles}']

2021-10-14 17:19:12 - [MESSAGE][INFO] - Action delay is set to 0 milliseconds

2021-10-14 17:19:13 - [MESSAGE][INFO] - Navigating browser to: 'https://efatura-stage.elogo.com.tr/'

2021-10-14 17:19:15 - [MESSAGE][PASSED] - Browser is opened with url: 'https://efatura-stage.elogo.com.tr/'

2021-10-14 17:19:15 - [TEST_STEP][PASSED] - maximizeWindow(): Invoke 'com.kms.katalon.core.annotation.BeforeTestCase' method: 'Listener.sampleBeforeTestSuite(...)' completed.

2021-10-14 17:19:15 - [MESSAGE][INFO] - Maximizing current window

2021-10-14 17:19:16 - [MESSAGE][PASSED] - Current window maximized

2021-10-14 17:19:16 - [MESSAGE][INFO] - Invoke 'com.kms.katalon.core.annotation.BeforeTestCase' method: 'Listener.sampleBeforeTestSuite(...)' completed.

2021-10-14 17:19:16 - [TEST_STEP][PASSED] - runFeatureFile("Include/features/e-Fatura/Gelen Kutusu/Faturalar/Toplu Indirme.feature"): Feature file: 'Include/features/e-Fatura/Gelen Kutusu/Faturalar/Toplu Indirme.feature' was passed

2021-10-14 17:19:16 - [MESSAGE][INFO] - Starting run keyword runFeatureFile: 'Include/features/e-Fatura/Gelen Kutusu/Faturalar/Toplu Indirme.feature' and extract report to folder: 'C:\Users\DELL\Downloads\EES_Katalon-main\Reports\20211014_170112\Suite Repository\ExceleAktarVeTopluIndirme\20211014_170125/cucumber_report/1634221156721'...

2021-10-14 17:19:16 - [MESSAGE][INFO] - Glue: []

2021-10-14 17:19:17 - [MESSAGE][INFO] - Checking called Test Case

2021-10-14 17:19:17 - [MESSAGE][INFO] - Starting to call Test Case 'Test Cases/Sayfalar/Giris_Sayfasi/Login'

2021-10-14 17:19:17 - [TEST_CASE][PASSED] - Test Cases/Sayfalar/Giris_Sayfasi/Login: Test Cases/Sayfalar/Giris_Sayfasi/Login

2021-10-14 17:19:17 - [TEST_STEP][PASSED] - Sayfa_Basligi = getWindowTitle(): Current window's title is: 'LOGO e-Fatura'

2021-10-14 17:19:17 - [MESSAGE][INFO] - Getting current window's title

2021-10-14 17:19:17 - [MESSAGE][PASSED] - Current window's title is: 'LOGO e-Fatura'

2021-10-14 17:19:17 - [TEST_STEP][PASSED] - verifyMatch(Sayfa_Basligi, "LOGO e-Fatura", false): Actual text 'LOGO e-Fatura' and expected text 'LOGO e-Fatura' are matched 

2021-10-14 17:19:17 - [MESSAGE][INFO] - Matching actual text 'LOGO e-Fatura' with expected text 'LOGO e-Fatura'

2021-10-14 17:19:17 - [MESSAGE][PASSED] - Actual text 'LOGO e-Fatura' and expected text 'LOGO e-Fatura' are matched 

2021-10-14 17:19:17 - [TEST_STEP][PASSED] - sendKeys(findTestObject("Sayfalar/Giris_Sayfasi/Firma_Kodu"), KullaniciAdi): Keys 'ELOGO6' sent to object: 'Object Repository/Sayfalar/Giris_Sayfasi/Firma_Kodu'

2021-10-14 17:19:17 - [MESSAGE][INFO] - Finding Test Object 'Object Repository/Sayfalar/Giris_Sayfasi/Firma_Kodu'

2021-10-14 17:19:17 - [MESSAGE][INFO] - Sending keys 'ELOGO6' to object: 'Object Repository/Sayfalar/Giris_Sayfasi/Firma_Kodu'

2021-10-14 17:19:17 - [MESSAGE][INFO] - Finding web element from Test Object's properties

2021-10-14 17:19:17 - [MESSAGE][INFO] - Checking timeout

2021-10-14 17:19:17 - [MESSAGE][INFO] - Finding web element with id: 'Object Repository/Sayfalar/Giris_Sayfasi/Firma_Kodu' located by 'By.xpath: //*[@id = 'AccountName']' in '30' second(s)

2021-10-14 17:19:17 - [MESSAGE][INFO] - Smart Wait Function is triggered

2021-10-14 17:19:18 - [MESSAGE][INFO] - Found 1 web elements with id: 'Object Repository/Sayfalar/Giris_Sayfasi/Firma_Kodu' located by 'By.xpath: //*[@id = 'AccountName']' in '30' second(s)

2021-10-14 17:19:18 - [MESSAGE][PASSED] - Keys 'ELOGO6' sent to object: 'Object Repository/Sayfalar/Giris_Sayfasi/Firma_Kodu'

2021-10-14 17:19:18 - [TEST_STEP][PASSED] - sendKeys(findTestObject("Sayfalar/Giris_Sayfasi/Sifre"), Sifre): Keys '123456' sent to object: 'Object Repository/Sayfalar/Giris_Sayfasi/Sifre'

2021-10-14 17:19:18 - [MESSAGE][INFO] - Finding Test Object 'Object Repository/Sayfalar/Giris_Sayfasi/Sifre'

2021-10-14 17:19:18 - [MESSAGE][INFO] - Sending keys '123456' to object: 'Object Repository/Sayfalar/Giris_Sayfasi/Sifre'

2021-10-14 17:19:18 - [MESSAGE][INFO] - Finding web element from Test Object's properties

2021-10-14 17:19:18 - [MESSAGE][INFO] - Checking timeout

2021-10-14 17:19:18 - [MESSAGE][INFO] - Finding web element with id: 'Object Repository/Sayfalar/Giris_Sayfasi/Sifre' located by 'By.xpath: //*[@id = 'Password']' in '30' second(s)

2021-10-14 17:19:18 - [MESSAGE][INFO] - Smart Wait Function is triggered

2021-10-14 17:19:19 - [MESSAGE][INFO] - Found 1 web elements with id: 'Object Repository/Sayfalar/Giris_Sayfasi/Sifre' located by 'By.xpath: //*[@id = 'Password']' in '30' second(s)

2021-10-14 17:19:19 - [MESSAGE][PASSED] - Keys '123456' sent to object: 'Object Repository/Sayfalar/Giris_Sayfasi/Sifre'

2021-10-14 17:19:19 - [TEST_STEP][PASSED] - findWebElement(findTestObject("Sayfalar/Giris_Sayfasi/Giris_Butonu")).click(): Found 1 web elements with id: 'Object Repository/Sayfalar/Giris_Sayfasi/Giris_Butonu' located by 'By.cssSelector: #btnLogin' in '30' second(s)

2021-10-14 17:19:19 - [MESSAGE][INFO] - Finding Test Object 'Object Repository/Sayfalar/Giris_Sayfasi/Giris_Butonu'

2021-10-14 17:19:19 - [MESSAGE][INFO] - Finding web element from Test Object's properties

2021-10-14 17:19:19 - [MESSAGE][INFO] - Checking timeout

2021-10-14 17:19:19 - [MESSAGE][INFO] - Finding web element with id: 'Object Repository/Sayfalar/Giris_Sayfasi/Giris_Butonu' located by 'By.cssSelector: #btnLogin' in '30' second(s)

2021-10-14 17:19:19 - [MESSAGE][INFO] - Smart Wait Function is triggered

2021-10-14 17:19:19 - [MESSAGE][INFO] - Found 1 web elements with id: 'Object Repository/Sayfalar/Giris_Sayfasi/Giris_Butonu' located by 'By.cssSelector: #btnLogin' in '30' second(s)

2021-10-14 17:19:22 - [TEST_STEP][PASSED] - if (verifyElementPresent(findTestObject("Object Repository/Sayfalar/Giris_Sayfasi/RetveTamam_Butonu"), 5, OPTIONAL)): null

2021-10-14 17:19:22 - [MESSAGE][INFO] - Finding Test Object 'Object Repository/Sayfalar/Giris_Sayfasi/RetveTamam_Butonu'

2021-10-14 17:19:22 - [MESSAGE][INFO] - Checking object

2021-10-14 17:19:22 - [MESSAGE][INFO] - Finding web element from Test Object's properties

2021-10-14 17:19:22 - [MESSAGE][INFO] - Checking timeout

2021-10-14 17:19:22 - [MESSAGE][INFO] - Finding web element with id: 'Object Repository/Sayfalar/Giris_Sayfasi/RetveTamam_Butonu' located by 'By.xpath: //*[@class = 'btn btn-default']' in '5' second(s)

2021-10-14 17:19:22 - [MESSAGE][INFO] - Smart Wait Function is triggered

2021-10-14 17:19:23 - [MESSAGE][INFO] - Found 1 web elements with id: 'Object Repository/Sayfalar/Giris_Sayfasi/RetveTamam_Butonu' located by 'By.xpath: //*[@class = 'btn btn-default']' in '5' second(s)

2021-10-14 17:19:23 - [MESSAGE][PASSED] - Object 'Object Repository/Sayfalar/Giris_Sayfasi/RetveTamam_Butonu' is present

2021-10-14 17:19:23 - [TEST_STEP][PASSED] - click(findTestObject("Object Repository/Sayfalar/Giris_Sayfasi/RetveTamam_Butonu")): Object: 'Object Repository/Sayfalar/Giris_Sayfasi/RetveTamam_Butonu' is clicked on

2021-10-14 17:19:23 - [MESSAGE][INFO] - Finding Test Object 'Object Repository/Sayfalar/Giris_Sayfasi/RetveTamam_Butonu'

2021-10-14 17:19:23 - [MESSAGE][INFO] - Checking object

2021-10-14 17:19:23 - [MESSAGE][INFO] - Finding web element from Test Object's properties

2021-10-14 17:19:23 - [MESSAGE][INFO] - Checking timeout

2021-10-14 17:19:23 - [MESSAGE][INFO] - Finding web element with id: 'Object Repository/Sayfalar/Giris_Sayfasi/RetveTamam_Butonu' located by 'By.xpath: //*[@class = 'btn btn-default']' in '30' second(s)

2021-10-14 17:19:23 - [MESSAGE][INFO] - Smart Wait Function is triggered

2021-10-14 17:19:23 - [MESSAGE][INFO] - Found 1 web elements with id: 'Object Repository/Sayfalar/Giris_Sayfasi/RetveTamam_Butonu' located by 'By.xpath: //*[@class = 'btn btn-default']' in '30' second(s)

2021-10-14 17:19:23 - [MESSAGE][INFO] - Clicking on object: 'Object Repository/Sayfalar/Giris_Sayfasi/RetveTamam_Butonu'

2021-10-14 17:19:23 - [MESSAGE][PASSED] - Object: 'Object Repository/Sayfalar/Giris_Sayfasi/RetveTamam_Butonu' is clicked on

2021-10-14 17:19:23 - [TEST_STEP][PASSED] - click(findTestObject("Object Repository/Sayfalar/Giris_Sayfasi/RetveTamam_Butonu")): Object: 'Object Repository/Sayfalar/Giris_Sayfasi/RetveTamam_Butonu' is clicked on

2021-10-14 17:19:23 - [MESSAGE][INFO] - Finding Test Object 'Object Repository/Sayfalar/Giris_Sayfasi/RetveTamam_Butonu'

2021-10-14 17:19:23 - [MESSAGE][INFO] - Checking object

2021-10-14 17:19:23 - [MESSAGE][INFO] - Finding web element from Test Object's properties

2021-10-14 17:19:23 - [MESSAGE][INFO] - Checking timeout

2021-10-14 17:19:23 - [MESSAGE][INFO] - Finding web element with id: 'Object Repository/Sayfalar/Giris_Sayfasi/RetveTamam_Butonu' located by 'By.xpath: //*[@class = 'btn btn-default']' in '30' second(s)

2021-10-14 17:19:23 - [MESSAGE][INFO] - Smart Wait Function is triggered

2021-10-14 17:19:25 - [MESSAGE][INFO] - Found 1 web elements with id: 'Object Repository/Sayfalar/Giris_Sayfasi/RetveTamam_Butonu' located by 'By.xpath: //*[@class = 'btn btn-default']' in '30' second(s)

2021-10-14 17:19:25 - [MESSAGE][INFO] - Clicking on object: 'Object Repository/Sayfalar/Giris_Sayfasi/RetveTamam_Butonu'

2021-10-14 17:19:25 - [MESSAGE][PASSED] - Object: 'Object Repository/Sayfalar/Giris_Sayfasi/RetveTamam_Butonu' is clicked on

2021-10-14 17:19:25 - [TEST_STEP][PASSED] - if (verifyElementPresent(findTestObject("Sayfalar/Giris_Sayfasi/PopupOK"), 5, OPTIONAL)): null

2021-10-14 17:19:25 - [MESSAGE][INFO] - Finding Test Object 'Object Repository/Sayfalar/Giris_Sayfasi/PopupOK'

2021-10-14 17:19:25 - [MESSAGE][INFO] - Checking object

2021-10-14 17:19:25 - [MESSAGE][INFO] - Finding web element from Test Object's properties

2021-10-14 17:19:25 - [MESSAGE][INFO] - Checking timeout

2021-10-14 17:19:25 - [MESSAGE][INFO] - Finding web element with id: 'Object Repository/Sayfalar/Giris_Sayfasi/PopupOK' located by 'By.cssSelector: .btn.btn-success' in '5' second(s)

2021-10-14 17:19:25 - [MESSAGE][INFO] - Smart Wait Function is triggered

2021-10-14 17:19:26 - [MESSAGE][INFO] - Found 1 web elements with id: 'Object Repository/Sayfalar/Giris_Sayfasi/PopupOK' located by 'By.cssSelector: .btn.btn-success' in '5' second(s)

2021-10-14 17:19:26 - [MESSAGE][PASSED] - Object 'Object Repository/Sayfalar/Giris_Sayfasi/PopupOK' is present

2021-10-14 17:19:26 - [TEST_STEP][PASSED] - click(findTestObject("Object Repository/Sayfalar/Giris_Sayfasi/PopupCarpiGiris")): Object: 'Object Repository/Sayfalar/Giris_Sayfasi/PopupCarpiGiris' is clicked on

2021-10-14 17:19:26 - [MESSAGE][INFO] - Finding Test Object 'Object Repository/Sayfalar/Giris_Sayfasi/PopupCarpiGiris'

2021-10-14 17:19:26 - [MESSAGE][INFO] - Checking object

2021-10-14 17:19:26 - [MESSAGE][INFO] - Finding web element from Test Object's properties

2021-10-14 17:19:26 - [MESSAGE][INFO] - Checking timeout

2021-10-14 17:19:26 - [MESSAGE][INFO] - Finding web element with id: 'Object Repository/Sayfalar/Giris_Sayfasi/PopupCarpiGiris' located by 'By.cssSelector: .bootbox-close-button.close' in '30' second(s)

2021-10-14 17:19:26 - [MESSAGE][INFO] - Smart Wait Function is triggered

2021-10-14 17:19:26 - [MESSAGE][INFO] - Found 1 web elements with id: 'Object Repository/Sayfalar/Giris_Sayfasi/PopupCarpiGiris' located by 'By.cssSelector: .bootbox-close-button.close' in '30' second(s)

2021-10-14 17:19:26 - [MESSAGE][INFO] - Clicking on object: 'Object Repository/Sayfalar/Giris_Sayfasi/PopupCarpiGiris'

2021-10-14 17:19:27 - [MESSAGE][PASSED] - Object: 'Object Repository/Sayfalar/Giris_Sayfasi/PopupCarpiGiris' is clicked on

2021-10-14 17:19:27 - [TEST_STEP][PASSED] - verifyElementVisible(findTestObject("Object Repository/Kullanici_Islemleri/KullaniciIslemleri")): Object 'Object Repository/Kullanici_Islemleri/KullaniciIslemleri' is visible

2021-10-14 17:19:27 - [MESSAGE][INFO] - Finding Test Object 'Object Repository/Kullanici_Islemleri/KullaniciIslemleri'

2021-10-14 17:19:27 - [MESSAGE][INFO] - Checking object

2021-10-14 17:19:27 - [MESSAGE][INFO] - Finding web element from Test Object's properties

2021-10-14 17:19:27 - [MESSAGE][INFO] - Checking timeout

2021-10-14 17:19:27 - [MESSAGE][INFO] - Finding web element with id: 'Object Repository/Kullanici_Islemleri/KullaniciIslemleri' located by 'By.cssSelector: .dropdown>a>img' in '30' second(s)

2021-10-14 17:19:27 - [MESSAGE][INFO] - Smart Wait Function is triggered

2021-10-14 17:19:27 - [MESSAGE][INFO] - Found 1 web elements with id: 'Object Repository/Kullanici_Islemleri/KullaniciIslemleri' located by 'By.cssSelector: .dropdown>a>img' in '30' second(s)

2021-10-14 17:19:27 - [MESSAGE][PASSED] - Object 'Object Repository/Kullanici_Islemleri/KullaniciIslemleri' is visible

2021-10-14 17:19:27 - [MESSAGE][PASSED] - Call Test Case 'Test Cases/Sayfalar/Giris_Sayfasi/Login' successfully

2021-10-14 17:19:27 - [MESSAGE][INFO] - Checking called Test Case

2021-10-14 17:19:27 - [MESSAGE][INFO] - Starting to call Test Case 'Test Cases/Menu/AnaMenuSecimi'

2021-10-14 17:19:28 - [TEST_CASE][PASSED] - Test Cases/Menu/AnaMenuSecimi: Test Cases/Menu/AnaMenuSecimi

2021-10-14 17:19:28 - [TEST_STEP][PASSED] - Method.TextDegerineEsitElementeTikla(findTestObject("Menu/Ana_Menu"), Ana_Menu): Method.TextDegerineEsitElementeTikla is PASSED

2021-10-14 17:19:28 - [MESSAGE][INFO] - Finding Test Object 'Object Repository/Menu/Ana_Menu'

2021-10-14 17:19:28 - [MESSAGE][INFO] - Checking timeout

2021-10-14 17:19:28 - [MESSAGE][INFO] - Finding web element with id: 'Object Repository/Menu/Ana_Menu' located by 'By.xpath: //*[@class = 'dropdown-toggle']' in '10' second(s)

2021-10-14 17:19:28 - [MESSAGE][INFO] - Smart Wait Function is triggered

2021-10-14 17:19:28 - [MESSAGE][INFO] - Found 14 web elements with id: 'Object Repository/Menu/Ana_Menu' located by 'By.xpath: //*[@class = 'dropdown-toggle']' in '10' second(s)

2021-10-14 17:19:28 - [MESSAGE][PASSED] - Method.TextDegerineEsitElementeTikla is PASSED

2021-10-14 17:19:28 - [MESSAGE][PASSED] - Call Test Case 'Test Cases/Menu/AnaMenuSecimi' successfully

2021-10-14 17:19:28 - [MESSAGE][INFO] - Checking called Test Case

2021-10-14 17:19:28 - [MESSAGE][INFO] - Starting to call Test Case 'Test Cases/Menu/BasligaGoreAltMenuSecimi'

2021-10-14 17:19:28 - [TEST_CASE][PASSED] - Test Cases/Menu/BasligaGoreAltMenuSecimi: Test Cases/Menu/BasligaGoreAltMenuSecimi

2021-10-14 17:19:28 - [TEST_STEP][PASSED] - Method.TextDegerineEsitElementinAltindakiTextDegerineEsitOlanaTikla(findTestObject("Menu/Menu_Basligi"), findTestObject("Menu/Basliga_Gore_Alt_Menu"), Baslik, Alt_Menu): Method.TextDegerineEsitElementinAltindakiTextDegerineEsitOlanaTikla is PASSED

2021-10-14 17:19:28 - [MESSAGE][INFO] - Finding Test Object 'Object Repository/Menu/Menu_Basligi'

2021-10-14 17:19:28 - [MESSAGE][INFO] - Finding Test Object 'Object Repository/Menu/Basliga_Gore_Alt_Menu'

2021-10-14 17:19:28 - [MESSAGE][INFO] - Checking timeout

2021-10-14 17:19:28 - [MESSAGE][INFO] - Finding web element with id: 'Object Repository/Menu/Menu_Basligi' located by 'By.xpath: //li[@class='dropdown dropdown-large open']//li[@class='dropdown-header']' in '10' second(s)

2021-10-14 17:19:28 - [MESSAGE][INFO] - Smart Wait Function is triggered

2021-10-14 17:19:29 - [MESSAGE][INFO] - Found 3 web elements with id: 'Object Repository/Menu/Menu_Basligi' located by 'By.xpath: //li[@class='dropdown dropdown-large open']//li[@class='dropdown-header']' in '10' second(s)

2021-10-14 17:19:29 - [MESSAGE][INFO] - Smart Wait Function is triggered

2021-10-14 17:19:31 - [MESSAGE][PASSED] - Method.TextDegerineEsitElementinAltindakiTextDegerineEsitOlanaTikla is PASSED

2021-10-14 17:19:31 - [MESSAGE][PASSED] - Call Test Case 'Test Cases/Menu/BasligaGoreAltMenuSecimi' successfully

2021-10-14 17:19:31 - [MESSAGE][INFO] - Checking called Test Case

2021-10-14 17:19:31 - [MESSAGE][INFO] - Starting to call Test Case 'Test Cases/Filtreler/BaslangicYaz'

2021-10-14 17:19:31 - [TEST_CASE][PASSED] - Test Cases/Filtreler/BaslangicYaz: Test Cases/Filtreler/BaslangicYaz

2021-10-14 17:19:31 - [TEST_STEP][PASSED] - Method.TextDegerineEsitElementinAltindakineTikla(findTestObject("Filtreler/Basliklar"), findTestObject("Filtreler/Basliga_Gore_Baslangic_Image"), Filtre_Adi): Method.TextDegerineEsitElementinAltindakineTikla is PASSED

2021-10-14 17:19:31 - [MESSAGE][INFO] - Finding Test Object 'Object Repository/Filtreler/Basliklar'

2021-10-14 17:19:32 - [MESSAGE][INFO] - Finding Test Object 'Object Repository/Filtreler/Basliga_Gore_Baslangic_Image'

2021-10-14 17:19:32 - [MESSAGE][INFO] - Checking timeout

2021-10-14 17:19:32 - [MESSAGE][INFO] - Finding web element with id: 'Object Repository/Filtreler/Basliklar' located by 'By.cssSelector: .control-label.col-sm-4.paddingMarginRLC' in '10' second(s)

2021-10-14 17:19:32 - [MESSAGE][INFO] - Smart Wait Function is triggered

2021-10-14 17:19:32 - [MESSAGE][INFO] - Found 19 web elements with id: 'Object Repository/Filtreler/Basliklar' located by 'By.cssSelector: .control-label.col-sm-4.paddingMarginRLC' in '10' second(s)

2021-10-14 17:19:32 - [MESSAGE][INFO] - Smart Wait Function is triggered

2021-10-14 17:19:33 - [MESSAGE][PASSED] - Method.TextDegerineEsitElementinAltindakineTikla is PASSED

2021-10-14 17:19:33 - [TEST_STEP][PASSED] - Method.TextDegerineEsitElementinAltindakiTextboxtaYaz(findTestObject("Filtreler/Basliklar"), findTestObject("Filtreler/Basliga_Gore_Baslangic"), Filtre_Adi, Filtre_Degeri): Method.TextDegerineEsitElementinAltindakiTextboxtaYaz is PASSED

2021-10-14 17:19:33 - [MESSAGE][INFO] - Finding Test Object 'Object Repository/Filtreler/Basliklar'

2021-10-14 17:19:33 - [MESSAGE][INFO] - Finding Test Object 'Object Repository/Filtreler/Basliga_Gore_Baslangic'

2021-10-14 17:19:33 - [MESSAGE][INFO] - Checking timeout

2021-10-14 17:19:33 - [MESSAGE][INFO] - Finding web element with id: 'Object Repository/Filtreler/Basliklar' located by 'By.cssSelector: .control-label.col-sm-4.paddingMarginRLC' in '10' second(s)

2021-10-14 17:19:33 - [MESSAGE][INFO] - Smart Wait Function is triggered

2021-10-14 17:19:33 - [MESSAGE][INFO] - Found 19 web elements with id: 'Object Repository/Filtreler/Basliklar' located by 'By.cssSelector: .control-label.col-sm-4.paddingMarginRLC' in '10' second(s)

2021-10-14 17:19:33 - [MESSAGE][INFO] - Smart Wait Function is triggered

2021-10-14 17:19:34 - [MESSAGE][PASSED] - Method.TextDegerineEsitElementinAltindakiTextboxtaYaz is PASSED

2021-10-14 17:19:34 - [MESSAGE][PASSED] - Call Test Case 'Test Cases/Filtreler/BaslangicYaz' successfully

2021-10-14 17:19:34 - [MESSAGE][INFO] - Checking called Test Case

2021-10-14 17:19:34 - [MESSAGE][INFO] - Starting to call Test Case 'Test Cases/Filtreler/BitisYaz'

2021-10-14 17:19:34 - [TEST_CASE][PASSED] - Test Cases/Filtreler/BitisYaz: Test Cases/Filtreler/BitisYaz

2021-10-14 17:19:34 - [TEST_STEP][PASSED] - Method.TextDegerineEsitElementinAltindakineTikla(findTestObject("Filtreler/Basliklar"), findTestObject("Filtreler/Basliga_Gore_Bitis_Image"), Filtre_Adi): Method.TextDegerineEsitElementinAltindakineTikla is PASSED

2021-10-14 17:19:34 - [MESSAGE][INFO] - Finding Test Object 'Object Repository/Filtreler/Basliklar'

2021-10-14 17:19:34 - [MESSAGE][INFO] - Finding Test Object 'Object Repository/Filtreler/Basliga_Gore_Bitis_Image'

2021-10-14 17:19:35 - [MESSAGE][INFO] - Checking timeout

2021-10-14 17:19:35 - [MESSAGE][INFO] - Finding web element with id: 'Object Repository/Filtreler/Basliklar' located by 'By.cssSelector: .control-label.col-sm-4.paddingMarginRLC' in '10' second(s)

2021-10-14 17:19:35 - [MESSAGE][INFO] - Smart Wait Function is triggered

2021-10-14 17:19:35 - [MESSAGE][INFO] - Found 19 web elements with id: 'Object Repository/Filtreler/Basliklar' located by 'By.cssSelector: .control-label.col-sm-4.paddingMarginRLC' in '10' second(s)

2021-10-14 17:19:35 - [MESSAGE][INFO] - Smart Wait Function is triggered

2021-10-14 17:19:35 - [MESSAGE][PASSED] - Method.TextDegerineEsitElementinAltindakineTikla is PASSED

2021-10-14 17:19:35 - [TEST_STEP][PASSED] - Method.TextDegerineEsitElementinAltindakiTextboxtaYaz(findTestObject("Filtreler/Basliklar"), findTestObject("Object Repository/Filtreler/Basliga_Gore_Bitis"), Filtre_Adi, Filtre_Degeri): Method.TextDegerineEsitElementinAltindakiTextboxtaYaz is PASSED

2021-10-14 17:19:35 - [MESSAGE][INFO] - Finding Test Object 'Object Repository/Filtreler/Basliklar'

2021-10-14 17:19:35 - [MESSAGE][INFO] - Finding Test Object 'Object Repository/Filtreler/Basliga_Gore_Bitis'

2021-10-14 17:19:36 - [MESSAGE][INFO] - Checking timeout

2021-10-14 17:19:36 - [MESSAGE][INFO] - Finding web element with id: 'Object Repository/Filtreler/Basliklar' located by 'By.cssSelector: .control-label.col-sm-4.paddingMarginRLC' in '10' second(s)

2021-10-14 17:19:36 - [MESSAGE][INFO] - Smart Wait Function is triggered

2021-10-14 17:19:36 - [MESSAGE][INFO] - Found 19 web elements with id: 'Object Repository/Filtreler/Basliklar' located by 'By.cssSelector: .control-label.col-sm-4.paddingMarginRLC' in '10' second(s)

2021-10-14 17:19:36 - [MESSAGE][INFO] - Smart Wait Function is triggered

2021-10-14 17:19:36 - [MESSAGE][PASSED] - Method.TextDegerineEsitElementinAltindakiTextboxtaYaz is PASSED

2021-10-14 17:19:36 - [MESSAGE][PASSED] - Call Test Case 'Test Cases/Filtreler/BitisYaz' successfully

2021-10-14 17:19:36 - [MESSAGE][INFO] - Checking called Test Case

2021-10-14 17:19:36 - [MESSAGE][INFO] - Starting to call Test Case 'Test Cases/Filtreler/TexboxaYaz'

2021-10-14 17:19:36 - [TEST_CASE][PASSED] - Test Cases/Filtreler/TexboxaYaz: Test Cases/Filtreler/TexboxaYaz

2021-10-14 17:19:37 - [TEST_STEP][PASSED] - Method.TextDegerineEsitElementinAltindakiTextboxtaYaz(findTestObject("Filtreler/Basliklar"), findTestObject("Filtreler/Basliga_Gore_Textbox"), Filtre_Adi, Filtre_Degeri): Method.TextDegerineEsitElementinAltindakiTextboxtaYaz is PASSED

2021-10-14 17:19:37 - [MESSAGE][INFO] - Finding Test Object 'Object Repository/Filtreler/Basliklar'

2021-10-14 17:19:37 - [MESSAGE][INFO] - Finding Test Object 'Object Repository/Filtreler/Basliga_Gore_Textbox'

2021-10-14 17:19:37 - [MESSAGE][INFO] - Checking timeout

2021-10-14 17:19:37 - [MESSAGE][INFO] - Finding web element with id: 'Object Repository/Filtreler/Basliklar' located by 'By.cssSelector: .control-label.col-sm-4.paddingMarginRLC' in '10' second(s)

2021-10-14 17:19:37 - [MESSAGE][INFO] - Smart Wait Function is triggered

2021-10-14 17:19:37 - [MESSAGE][INFO] - Found 19 web elements with id: 'Object Repository/Filtreler/Basliklar' located by 'By.cssSelector: .control-label.col-sm-4.paddingMarginRLC' in '10' second(s)

2021-10-14 17:19:37 - [MESSAGE][INFO] - Smart Wait Function is triggered

2021-10-14 17:19:37 - [MESSAGE][PASSED] - Method.TextDegerineEsitElementinAltindakiTextboxtaYaz is PASSED

2021-10-14 17:19:37 - [MESSAGE][PASSED] - Call Test Case 'Test Cases/Filtreler/TexboxaYaz' successfully

2021-10-14 17:19:38 - [MESSAGE][INFO] - Checking called Test Case

2021-10-14 17:19:38 - [MESSAGE][INFO] - Starting to call Test Case 'Test Cases/Filtreler/ButonaTikla'

2021-10-14 17:19:38 - [TEST_CASE][PASSED] - Test Cases/Filtreler/ButonaTikla: Test Cases/Filtreler/ButonaTikla

2021-10-14 17:19:38 - [TEST_STEP][PASSED] - Method.TextDegerineEsitElementeTikla(findTestObject("Filtreler/Butonlar"), Filtre_Buton): Method.TextDegerineEsitElementeTikla is PASSED

2021-10-14 17:19:38 - [MESSAGE][INFO] - Finding Test Object 'Object Repository/Filtreler/Butonlar'

2021-10-14 17:19:38 - [MESSAGE][INFO] - Checking timeout

2021-10-14 17:19:38 - [MESSAGE][INFO] - Finding web element with id: 'Object Repository/Filtreler/Butonlar' located by 'By.cssSelector: .dxb>span' in '10' second(s)

2021-10-14 17:19:38 - [MESSAGE][INFO] - Smart Wait Function is triggered

2021-10-14 17:19:38 - [MESSAGE][INFO] - Found 3 web elements with id: 'Object Repository/Filtreler/Butonlar' located by 'By.cssSelector: .dxb>span' in '10' second(s)

2021-10-14 17:19:38 - [MESSAGE][PASSED] - Method.TextDegerineEsitElementeTikla is PASSED

2021-10-14 17:19:38 - [MESSAGE][PASSED] - Call Test Case 'Test Cases/Filtreler/ButonaTikla' successfully

2021-10-14 17:19:38 - [MESSAGE][INFO] - Checking called Test Case

2021-10-14 17:19:38 - [MESSAGE][INFO] - Starting to call Test Case 'Test Cases/Tablo/TablodaVeriVarMi'

2021-10-14 17:19:38 - [TEST_CASE][PASSED] - Test Cases/Tablo/TablodaVeriVarMi: Test Cases/Tablo/TablodaVeriVarMi

2021-10-14 17:19:38 - [TEST_STEP][PASSED] - verifyTextNotPresent("Görüntülenecek veri yok", true): Text 'Görüntülenecek veri yok' is not present on page using regular expression

2021-10-14 17:19:38 - [MESSAGE][INFO] - Checking text present  using regular expression

2021-10-14 17:19:38 - [MESSAGE][INFO] - Smart Wait Function is triggered

2021-10-14 17:19:39 - [MESSAGE][INFO] - Finding text 'Görüntülenecek veri yok' on page  using regular expression

2021-10-14 17:19:39 - [MESSAGE][PASSED] - Text 'Görüntülenecek veri yok' is not present on page using regular expression

2021-10-14 17:19:39 - [MESSAGE][PASSED] - Call Test Case 'Test Cases/Tablo/TablodaVeriVarMi' successfully

2021-10-14 17:19:39 - [MESSAGE][INFO] - Checking called Test Case

2021-10-14 17:19:39 - [MESSAGE][INFO] - Starting to call Test Case 'Test Cases/Tablo/TablodanVeriSec'

2021-10-14 17:19:39 - [TEST_CASE][PASSED] - Test Cases/Tablo/TablodanVeriSec: Test Cases/Tablo/TablodanVeriSec

2021-10-14 17:19:39 - [TEST_STEP][PASSED] - Method.TextDegerineEsitElementinAltindakineTikla(findTestObject("Tablo/Veriler"), findTestObject("Tablo/VerininCheckBoxi"), Veri_Adi): Method.TextDegerineEsitElementinAltindakineTikla is PASSED

2021-10-14 17:19:39 - [MESSAGE][INFO] - Finding Test Object 'Object Repository/Tablo/Veriler'

2021-10-14 17:19:39 - [MESSAGE][INFO] - Finding Test Object 'Object Repository/Tablo/VerininCheckBoxi'

2021-10-14 17:19:40 - [MESSAGE][INFO] - Checking timeout

2021-10-14 17:19:40 - [MESSAGE][INFO] - Finding web element with id: 'Object Repository/Tablo/Veriler' located by 'By.cssSelector: td.dxgv b ,td.dxgv' in '10' second(s)

2021-10-14 17:19:40 - [MESSAGE][INFO] - Smart Wait Function is triggered

2021-10-14 17:19:40 - [MESSAGE][INFO] - Found 140 web elements with id: 'Object Repository/Tablo/Veriler' located by 'By.cssSelector: td.dxgv b ,td.dxgv' in '10' second(s)

2021-10-14 17:19:40 - [MESSAGE][INFO] - Smart Wait Function is triggered

2021-10-14 17:19:40 - [MESSAGE][PASSED] - Method.TextDegerineEsitElementinAltindakineTikla is PASSED

2021-10-14 17:19:40 - [MESSAGE][PASSED] - Call Test Case 'Test Cases/Tablo/TablodanVeriSec' successfully

2021-10-14 17:19:40 - [MESSAGE][INFO] - Checking called Test Case

2021-10-14 17:19:40 - [MESSAGE][INFO] - Starting to call Test Case 'Test Cases/Butonlar/ButonaTikla'

2021-10-14 17:19:40 - [TEST_CASE][PASSED] - Test Cases/Butonlar/ButonaTikla: Test Cases/Butonlar/ButonaTikla

2021-10-14 17:19:40 - [TEST_STEP][PASSED] - Method.TextDegerineEsitElementeTiklaEquals(findTestObject("Butonlar/Butonlar"), Buton_Adi): Method.TextDegerineEsitElementeTiklaEquals is PASSED

2021-10-14 17:19:40 - [MESSAGE][INFO] - Finding Test Object 'Object Repository/Butonlar/Butonlar'

2021-10-14 17:19:40 - [MESSAGE][INFO] - Checking timeout

2021-10-14 17:19:40 - [MESSAGE][INFO] - Finding web element with id: 'Object Repository/Butonlar/Butonlar' located by 'By.cssSelector: .panel.panel-default.text-center.footerPanel .btn,.btn.btn-primary.btnControls' in '10' second(s)

2021-10-14 17:19:40 - [MESSAGE][INFO] - Smart Wait Function is triggered

2021-10-14 17:19:41 - [MESSAGE][INFO] - Found 15 web elements with id: 'Object Repository/Butonlar/Butonlar' located by 'By.cssSelector: .panel.panel-default.text-center.footerPanel .btn,.btn.btn-primary.btnControls' in '10' second(s)

2021-10-14 17:19:41 - [MESSAGE][PASSED] - Method.TextDegerineEsitElementeTiklaEquals is PASSED

2021-10-14 17:19:41 - [MESSAGE][PASSED] - Call Test Case 'Test Cases/Butonlar/ButonaTikla' successfully

2021-10-14 17:19:41 - [MESSAGE][INFO] - Checking called Test Case

2021-10-14 17:19:41 - [MESSAGE][INFO] - Starting to call Test Case 'Test Cases/Butonlar/AltButonaTikla'

2021-10-14 17:19:41 - [TEST_CASE][PASSED] - Test Cases/Butonlar/AltButonaTikla: Test Cases/Butonlar/AltButonaTikla

2021-10-14 17:19:41 - [TEST_STEP][PASSED] - Method.TextDegerineEsitElementeTikla(findTestObject("Butonlar/AltButonlar"), Alt_Buton): Method.TextDegerineEsitElementeTikla is PASSED

2021-10-14 17:19:41 - [MESSAGE][INFO] - Finding Test Object 'Object Repository/Butonlar/AltButonlar'

2021-10-14 17:19:41 - [MESSAGE][INFO] - Checking timeout

2021-10-14 17:19:41 - [MESSAGE][INFO] - Finding web element with id: 'Object Repository/Butonlar/AltButonlar' located by 'By.cssSelector: .btn-group.open li>a' in '10' second(s)

2021-10-14 17:19:41 - [MESSAGE][INFO] - Smart Wait Function is triggered

2021-10-14 17:19:41 - [MESSAGE][INFO] - Found 4 web elements with id: 'Object Repository/Butonlar/AltButonlar' located by 'By.cssSelector: .btn-group.open li>a' in '10' second(s)

2021-10-14 17:19:41 - [MESSAGE][PASSED] - Method.TextDegerineEsitElementeTikla is PASSED

2021-10-14 17:19:41 - [MESSAGE][PASSED] - Call Test Case 'Test Cases/Butonlar/AltButonaTikla' successfully

2021-10-14 17:19:41 - [MESSAGE][INFO] - Checking called Test Case

2021-10-14 17:19:41 - [MESSAGE][INFO] - Starting to call Test Case 'Test Cases/Popup/PopupMesajiIceriyorMu'

2021-10-14 17:19:41 - [TEST_CASE][PASSED] - Test Cases/Popup/PopupMesajiIceriyorMu: Test Cases/Popup/PopupMesajiIceriyorMu

2021-10-14 17:19:41 - [TEST_STEP][PASSED] - waitForElementVisible(findTestObject("Popup/Popup"), 10): Object 'Object Repository/Popup/Popup' is visible

2021-10-14 17:19:41 - [MESSAGE][INFO] - Finding Test Object 'Object Repository/Popup/Popup'

2021-10-14 17:19:41 - [MESSAGE][INFO] - Checking object

2021-10-14 17:19:41 - [MESSAGE][INFO] - Checking timeout

2021-10-14 17:19:41 - [MESSAGE][INFO] - Finding web element from Test Object's properties

2021-10-14 17:19:41 - [MESSAGE][INFO] - Checking timeout

2021-10-14 17:19:41 - [MESSAGE][INFO] - Finding web element with id: 'Object Repository/Popup/Popup' located by 'By.cssSelector: .bootbox-body' in '10' second(s)

2021-10-14 17:19:41 - [MESSAGE][INFO] - Smart Wait Function is triggered

2021-10-14 17:19:42 - [MESSAGE][INFO] - Found 1 web elements with id: 'Object Repository/Popup/Popup' located by 'By.cssSelector: .bootbox-body' in '10' second(s)

2021-10-14 17:19:42 - [MESSAGE][PASSED] - Object 'Object Repository/Popup/Popup' is visible

2021-10-14 17:19:42 - [TEST_STEP][PASSED] - if (!(getText(findTestObject("Popup/Popup")).contains(Mesaj))): Text of object 'Object Repository/Popup/Popup' is: 'Lütfen rapor bildiriminin gönderileceği e-posta adresini belirtiniz.
e-Posta Adresi'

2021-10-14 17:19:42 - [MESSAGE][INFO] - Finding Test Object 'Object Repository/Popup/Popup'

2021-10-14 17:19:42 - [MESSAGE][INFO] - Checking object

2021-10-14 17:19:42 - [MESSAGE][INFO] - Finding web element from Test Object's properties

2021-10-14 17:19:42 - [MESSAGE][INFO] - Checking timeout

2021-10-14 17:19:42 - [MESSAGE][INFO] - Finding web element with id: 'Object Repository/Popup/Popup' located by 'By.cssSelector: .bootbox-body' in '30' second(s)

2021-10-14 17:19:42 - [MESSAGE][INFO] - Smart Wait Function is triggered

2021-10-14 17:19:43 - [MESSAGE][INFO] - Found 1 web elements with id: 'Object Repository/Popup/Popup' located by 'By.cssSelector: .bootbox-body' in '30' second(s)

2021-10-14 17:19:43 - [MESSAGE][INFO] - Getting text of object 'Object Repository/Popup/Popup'

2021-10-14 17:19:43 - [MESSAGE][PASSED] - Text of object 'Object Repository/Popup/Popup' is: 'Lütfen rapor bildiriminin gönderileceği e-posta adresini belirtiniz.
e-Posta Adresi'

2021-10-14 17:19:43 - [TEST_STEP][PASSED] - RaporNo = getText(findTestObject("Popup/Popup")).substring(0, 6): Text of object 'Object Repository/Popup/Popup' is: 'Lütfen rapor bildiriminin gönderileceği e-posta adresini belirtiniz.
e-Posta Adresi'

2021-10-14 17:19:43 - [MESSAGE][INFO] - Finding Test Object 'Object Repository/Popup/Popup'

2021-10-14 17:19:43 - [MESSAGE][INFO] - Checking object

2021-10-14 17:19:43 - [MESSAGE][INFO] - Finding web element from Test Object's properties

2021-10-14 17:19:43 - [MESSAGE][INFO] - Checking timeout

2021-10-14 17:19:43 - [MESSAGE][INFO] - Finding web element with id: 'Object Repository/Popup/Popup' located by 'By.cssSelector: .bootbox-body' in '30' second(s)

2021-10-14 17:19:43 - [MESSAGE][INFO] - Smart Wait Function is triggered

2021-10-14 17:19:43 - [MESSAGE][INFO] - Found 1 web elements with id: 'Object Repository/Popup/Popup' located by 'By.cssSelector: .bootbox-body' in '30' second(s)

2021-10-14 17:19:43 - [MESSAGE][INFO] - Getting text of object 'Object Repository/Popup/Popup'

2021-10-14 17:19:43 - [MESSAGE][PASSED] - Text of object 'Object Repository/Popup/Popup' is: 'Lütfen rapor bildiriminin gönderileceği e-posta adresini belirtiniz.
e-Posta Adresi'

2021-10-14 17:19:43 - [TEST_STEP][PASSED] - Console.println(RaporNo): null

2021-10-14 17:19:43 - [MESSAGE][PASSED] - Call Test Case 'Test Cases/Popup/PopupMesajiIceriyorMu' successfully

2021-10-14 17:19:43 - [MESSAGE][INFO] - Checking called Test Case

2021-10-14 17:19:43 - [MESSAGE][INFO] - Starting to call Test Case 'Test Cases/Popup/PopupButonSecilir'

2021-10-14 17:19:43 - [TEST_CASE][PASSED] - Test Cases/Popup/PopupButonSecilir: Test Cases/Popup/PopupButonSecilir

2021-10-14 17:19:43 - [TEST_STEP][PASSED] - Method.TextDegerineEsitElementeTikla(findTestObject("Popup/Popup_Butons"), Buton): Method.TextDegerineEsitElementeTikla is PASSED

2021-10-14 17:19:43 - [MESSAGE][INFO] - Finding Test Object 'Object Repository/Popup/Popup_Butons'

2021-10-14 17:19:43 - [MESSAGE][INFO] - Checking timeout

2021-10-14 17:19:43 - [MESSAGE][INFO] - Finding web element with id: 'Object Repository/Popup/Popup_Butons' located by 'By.cssSelector: .modal-footer>button' in '10' second(s)

2021-10-14 17:19:43 - [MESSAGE][INFO] - Smart Wait Function is triggered

2021-10-14 17:19:44 - [MESSAGE][INFO] - Found 2 web elements with id: 'Object Repository/Popup/Popup_Butons' located by 'By.cssSelector: .modal-footer>button' in '10' second(s)

2021-10-14 17:19:44 - [MESSAGE][PASSED] - Method.TextDegerineEsitElementeTikla is PASSED

2021-10-14 17:19:44 - [MESSAGE][PASSED] - Call Test Case 'Test Cases/Popup/PopupButonSecilir' successfully

2021-10-14 17:19:44 - [MESSAGE][INFO] - Checking called Test Case

2021-10-14 17:19:44 - [MESSAGE][INFO] - Starting to call Test Case 'Test Cases/Popup/PopupMesajiIceriyorMu'

2021-10-14 17:19:44 - [TEST_CASE][PASSED] - Test Cases/Popup/PopupMesajiIceriyorMu: Test Cases/Popup/PopupMesajiIceriyorMu

2021-10-14 17:19:44 - [TEST_STEP][PASSED] - waitForElementVisible(findTestObject("Popup/Popup"), 10): Object 'Object Repository/Popup/Popup' is visible

2021-10-14 17:19:44 - [MESSAGE][INFO] - Finding Test Object 'Object Repository/Popup/Popup'

2021-10-14 17:19:44 - [MESSAGE][INFO] - Checking object

2021-10-14 17:19:44 - [MESSAGE][INFO] - Checking timeout

2021-10-14 17:19:44 - [MESSAGE][INFO] - Finding web element from Test Object's properties

2021-10-14 17:19:44 - [MESSAGE][INFO] - Checking timeout

2021-10-14 17:19:44 - [MESSAGE][INFO] - Finding web element with id: 'Object Repository/Popup/Popup' located by 'By.cssSelector: .bootbox-body' in '10' second(s)

2021-10-14 17:19:44 - [MESSAGE][INFO] - Smart Wait Function is triggered

2021-10-14 17:19:45 - [MESSAGE][INFO] - Found 1 web elements with id: 'Object Repository/Popup/Popup' located by 'By.cssSelector: .bootbox-body' in '10' second(s)

2021-10-14 17:19:45 - [MESSAGE][PASSED] - Object 'Object Repository/Popup/Popup' is visible

2021-10-14 17:19:45 - [TEST_STEP][PASSED] - if (!(getText(findTestObject("Popup/Popup")).contains(Mesaj))): Text of object 'Object Repository/Popup/Popup' is: '14578 no’lu talebiniz işleme alınmıştır. Raporunuz hazırlandığında (elogotest@gmail.com) adresinize mail gönderilecektir.
Rapor durumunuzu Raporlar > Toplu Veri İndirme ekranından takip edebilir, hazırlandı durumundaki raporlarınızı ilgili menüden indirebilirsiniz.'

2021-10-14 17:19:45 - [MESSAGE][INFO] - Finding Test Object 'Object Repository/Popup/Popup'

2021-10-14 17:19:45 - [MESSAGE][INFO] - Checking object

2021-10-14 17:19:45 - [MESSAGE][INFO] - Finding web element from Test Object's properties

2021-10-14 17:19:45 - [MESSAGE][INFO] - Checking timeout

2021-10-14 17:19:45 - [MESSAGE][INFO] - Finding web element with id: 'Object Repository/Popup/Popup' located by 'By.cssSelector: .bootbox-body' in '30' second(s)

2021-10-14 17:19:45 - [MESSAGE][INFO] - Smart Wait Function is triggered

2021-10-14 17:19:46 - [MESSAGE][INFO] - Found 1 web elements with id: 'Object Repository/Popup/Popup' located by 'By.cssSelector: .bootbox-body' in '30' second(s)

2021-10-14 17:19:46 - [MESSAGE][INFO] - Getting text of object 'Object Repository/Popup/Popup'

2021-10-14 17:19:46 - [MESSAGE][PASSED] - Text of object 'Object Repository/Popup/Popup' is: '14578 no’lu talebiniz işleme alınmıştır. Raporunuz hazırlandığında (elogotest@gmail.com) adresinize mail gönderilecektir.
Rapor durumunuzu Raporlar > Toplu Veri İndirme ekranından takip edebilir, hazırlandı durumundaki raporlarınızı ilgili menüden indirebilirsiniz.'

2021-10-14 17:19:46 - [TEST_STEP][PASSED] - RaporNo = getText(findTestObject("Popup/Popup")).substring(0, 6): Text of object 'Object Repository/Popup/Popup' is: '14578 no’lu talebiniz işleme alınmıştır. Raporunuz hazırlandığında (elogotest@gmail.com) adresinize mail gönderilecektir.
Rapor durumunuzu Raporlar > Toplu Veri İndirme ekranından takip edebilir, hazırlandı durumundaki raporlarınızı ilgili menüden indirebilirsiniz.'

2021-10-14 17:19:46 - [MESSAGE][INFO] - Finding Test Object 'Object Repository/Popup/Popup'

2021-10-14 17:19:46 - [MESSAGE][INFO] - Checking object

2021-10-14 17:19:46 - [MESSAGE][INFO] - Finding web element from Test Object's properties

2021-10-14 17:19:46 - [MESSAGE][INFO] - Checking timeout

2021-10-14 17:19:46 - [MESSAGE][INFO] - Finding web element with id: 'Object Repository/Popup/Popup' located by 'By.cssSelector: .bootbox-body' in '30' second(s)

2021-10-14 17:19:46 - [MESSAGE][INFO] - Smart Wait Function is triggered

2021-10-14 17:19:46 - [MESSAGE][INFO] - Found 1 web elements with id: 'Object Repository/Popup/Popup' located by 'By.cssSelector: .bootbox-body' in '30' second(s)

2021-10-14 17:19:46 - [MESSAGE][INFO] - Getting text of object 'Object Repository/Popup/Popup'

2021-10-14 17:19:46 - [MESSAGE][PASSED] - Text of object 'Object Repository/Popup/Popup' is: '14578 no’lu talebiniz işleme alınmıştır. Raporunuz hazırlandığında (elogotest@gmail.com) adresinize mail gönderilecektir.
Rapor durumunuzu Raporlar > Toplu Veri İndirme ekranından takip edebilir, hazırlandı durumundaki raporlarınızı ilgili menüden indirebilirsiniz.'

2021-10-14 17:19:46 - [TEST_STEP][PASSED] - Console.println(RaporNo): null

2021-10-14 17:19:46 - [MESSAGE][PASSED] - Call Test Case 'Test Cases/Popup/PopupMesajiIceriyorMu' successfully

2021-10-14 17:19:46 - [MESSAGE][INFO] - Checking called Test Case

2021-10-14 17:19:46 - [MESSAGE][INFO] - Starting to call Test Case 'Test Cases/Popup/PopupButonSecilir'

2021-10-14 17:19:46 - [TEST_CASE][PASSED] - Test Cases/Popup/PopupButonSecilir: Test Cases/Popup/PopupButonSecilir

2021-10-14 17:19:46 - [TEST_STEP][PASSED] - Method.TextDegerineEsitElementeTikla(findTestObject("Popup/Popup_Butons"), Buton): Method.TextDegerineEsitElementeTikla is PASSED

2021-10-14 17:19:46 - [MESSAGE][INFO] - Finding Test Object 'Object Repository/Popup/Popup_Butons'

2021-10-14 17:19:46 - [MESSAGE][INFO] - Checking timeout

2021-10-14 17:19:46 - [MESSAGE][INFO] - Finding web element with id: 'Object Repository/Popup/Popup_Butons' located by 'By.cssSelector: .modal-footer>button' in '10' second(s)

2021-10-14 17:19:46 - [MESSAGE][INFO] - Smart Wait Function is triggered

2021-10-14 17:19:47 - [MESSAGE][INFO] - Found 1 web elements with id: 'Object Repository/Popup/Popup_Butons' located by 'By.cssSelector: .modal-footer>button' in '10' second(s)

2021-10-14 17:19:47 - [MESSAGE][PASSED] - Method.TextDegerineEsitElementeTikla is PASSED

2021-10-14 17:19:47 - [MESSAGE][PASSED] - Call Test Case 'Test Cases/Popup/PopupButonSecilir' successfully

2021-10-14 17:19:47 - [MESSAGE][INFO] - Checking called Test Case

2021-10-14 17:19:47 - [MESSAGE][INFO] - Starting to call Test Case 'Test Cases/Butonlar/ButonaTikla'

2021-10-14 17:19:47 - [TEST_CASE][PASSED] - Test Cases/Butonlar/ButonaTikla: Test Cases/Butonlar/ButonaTikla

2021-10-14 17:19:47 - [TEST_STEP][PASSED] - Method.TextDegerineEsitElementeTiklaEquals(findTestObject("Butonlar/Butonlar"), Buton_Adi): Method.TextDegerineEsitElementeTiklaEquals is PASSED

2021-10-14 17:19:47 - [MESSAGE][INFO] - Finding Test Object 'Object Repository/Butonlar/Butonlar'

2021-10-14 17:19:47 - [MESSAGE][INFO] - Checking timeout

2021-10-14 17:19:47 - [MESSAGE][INFO] - Finding web element with id: 'Object Repository/Butonlar/Butonlar' located by 'By.cssSelector: .panel.panel-default.text-center.footerPanel .btn,.btn.btn-primary.btnControls' in '10' second(s)

2021-10-14 17:19:47 - [MESSAGE][INFO] - Smart Wait Function is triggered

2021-10-14 17:19:47 - [MESSAGE][INFO] - Found 15 web elements with id: 'Object Repository/Butonlar/Butonlar' located by 'By.cssSelector: .panel.panel-default.text-center.footerPanel .btn,.btn.btn-primary.btnControls' in '10' second(s)

2021-10-14 17:19:47 - [MESSAGE][PASSED] - Method.TextDegerineEsitElementeTiklaEquals is PASSED

2021-10-14 17:19:47 - [MESSAGE][PASSED] - Call Test Case 'Test Cases/Butonlar/ButonaTikla' successfully

2021-10-14 17:19:47 - [MESSAGE][INFO] - Checking called Test Case

2021-10-14 17:19:47 - [MESSAGE][INFO] - Starting to call Test Case 'Test Cases/Butonlar/AltButonaTikla'

2021-10-14 17:19:48 - [TEST_CASE][PASSED] - Test Cases/Butonlar/AltButonaTikla: Test Cases/Butonlar/AltButonaTikla

2021-10-14 17:19:48 - [TEST_STEP][PASSED] - Method.TextDegerineEsitElementeTikla(findTestObject("Butonlar/AltButonlar"), Alt_Buton): Method.TextDegerineEsitElementeTikla is PASSED

2021-10-14 17:19:48 - [MESSAGE][INFO] - Finding Test Object 'Object Repository/Butonlar/AltButonlar'

2021-10-14 17:19:48 - [MESSAGE][INFO] - Checking timeout

2021-10-14 17:19:48 - [MESSAGE][INFO] - Finding web element with id: 'Object Repository/Butonlar/AltButonlar' located by 'By.cssSelector: .btn-group.open li>a' in '10' second(s)

2021-10-14 17:19:48 - [MESSAGE][INFO] - Smart Wait Function is triggered

2021-10-14 17:19:48 - [MESSAGE][INFO] - Found 4 web elements with id: 'Object Repository/Butonlar/AltButonlar' located by 'By.cssSelector: .btn-group.open li>a' in '10' second(s)

2021-10-14 17:19:48 - [MESSAGE][PASSED] - Method.TextDegerineEsitElementeTikla is PASSED

2021-10-14 17:19:48 - [MESSAGE][PASSED] - Call Test Case 'Test Cases/Butonlar/AltButonaTikla' successfully

2021-10-14 17:19:48 - [MESSAGE][INFO] - Checking called Test Case

2021-10-14 17:19:48 - [MESSAGE][INFO] - Starting to call Test Case 'Test Cases/Popup/PopupMesajiIceriyorMu'

2021-10-14 17:19:48 - [TEST_CASE][PASSED] - Test Cases/Popup/PopupMesajiIceriyorMu: Test Cases/Popup/PopupMesajiIceriyorMu

2021-10-14 17:19:48 - [TEST_STEP][PASSED] - waitForElementVisible(findTestObject("Popup/Popup"), 10): Object 'Object Repository/Popup/Popup' is visible

2021-10-14 17:19:48 - [MESSAGE][INFO] - Finding Test Object 'Object Repository/Popup/Popup'

2021-10-14 17:19:48 - [MESSAGE][INFO] - Checking object

2021-10-14 17:19:48 - [MESSAGE][INFO] - Checking timeout

2021-10-14 17:19:48 - [MESSAGE][INFO] - Finding web element from Test Object's properties

2021-10-14 17:19:48 - [MESSAGE][INFO] - Checking timeout

2021-10-14 17:19:48 - [MESSAGE][INFO] - Finding web element with id: 'Object Repository/Popup/Popup' located by 'By.cssSelector: .bootbox-body' in '10' second(s)

2021-10-14 17:19:48 - [MESSAGE][INFO] - Smart Wait Function is triggered

2021-10-14 17:19:49 - [MESSAGE][INFO] - Found 1 web elements with id: 'Object Repository/Popup/Popup' located by 'By.cssSelector: .bootbox-body' in '10' second(s)

2021-10-14 17:19:49 - [MESSAGE][PASSED] - Object 'Object Repository/Popup/Popup' is visible

2021-10-14 17:19:49 - [TEST_STEP][PASSED] - if (!(getText(findTestObject("Popup/Popup")).contains(Mesaj))): Text of object 'Object Repository/Popup/Popup' is: 'Lütfen rapor bildiriminin gönderileceği e-posta adresini belirtiniz.
e-Posta Adresi'

2021-10-14 17:19:49 - [MESSAGE][INFO] - Finding Test Object 'Object Repository/Popup/Popup'

2021-10-14 17:19:49 - [MESSAGE][INFO] - Checking object

2021-10-14 17:19:49 - [MESSAGE][INFO] - Finding web element from Test Object's properties

2021-10-14 17:19:49 - [MESSAGE][INFO] - Checking timeout

2021-10-14 17:19:49 - [MESSAGE][INFO] - Finding web element with id: 'Object Repository/Popup/Popup' located by 'By.cssSelector: .bootbox-body' in '30' second(s)

2021-10-14 17:19:49 - [MESSAGE][INFO] - Smart Wait Function is triggered

2021-10-14 17:19:49 - [MESSAGE][INFO] - Found 1 web elements with id: 'Object Repository/Popup/Popup' located by 'By.cssSelector: .bootbox-body' in '30' second(s)

2021-10-14 17:19:49 - [MESSAGE][INFO] - Getting text of object 'Object Repository/Popup/Popup'

2021-10-14 17:19:49 - [MESSAGE][PASSED] - Text of object 'Object Repository/Popup/Popup' is: 'Lütfen rapor bildiriminin gönderileceği e-posta adresini belirtiniz.
e-Posta Adresi'

2021-10-14 17:19:49 - [TEST_STEP][PASSED] - RaporNo = getText(findTestObject("Popup/Popup")).substring(0, 6): Text of object 'Object Repository/Popup/Popup' is: 'Lütfen rapor bildiriminin gönderileceği e-posta adresini belirtiniz.
e-Posta Adresi'

2021-10-14 17:19:49 - [MESSAGE][INFO] - Finding Test Object 'Object Repository/Popup/Popup'

2021-10-14 17:19:49 - [MESSAGE][INFO] - Checking object

2021-10-14 17:19:49 - [MESSAGE][INFO] - Finding web element from Test Object's properties

2021-10-14 17:19:49 - [MESSAGE][INFO] - Checking timeout

2021-10-14 17:19:49 - [MESSAGE][INFO] - Finding web element with id: 'Object Repository/Popup/Popup' located by 'By.cssSelector: .bootbox-body' in '30' second(s)

2021-10-14 17:19:49 - [MESSAGE][INFO] - Smart Wait Function is triggered

2021-10-14 17:19:49 - [MESSAGE][INFO] - Found 1 web elements with id: 'Object Repository/Popup/Popup' located by 'By.cssSelector: .bootbox-body' in '30' second(s)

2021-10-14 17:19:49 - [MESSAGE][INFO] - Getting text of object 'Object Repository/Popup/Popup'

2021-10-14 17:19:49 - [MESSAGE][PASSED] - Text of object 'Object Repository/Popup/Popup' is: 'Lütfen rapor bildiriminin gönderileceği e-posta adresini belirtiniz.
e-Posta Adresi'

2021-10-14 17:19:49 - [TEST_STEP][PASSED] - Console.println(RaporNo): null

2021-10-14 17:19:49 - [MESSAGE][PASSED] - Call Test Case 'Test Cases/Popup/PopupMesajiIceriyorMu' successfully

2021-10-14 17:19:49 - [MESSAGE][INFO] - Checking called Test Case

2021-10-14 17:19:49 - [MESSAGE][INFO] - Starting to call Test Case 'Test Cases/Popup/PopupButonSecilir'

2021-10-14 17:19:49 - [TEST_CASE][PASSED] - Test Cases/Popup/PopupButonSecilir: Test Cases/Popup/PopupButonSecilir

2021-10-14 17:19:49 - [TEST_STEP][PASSED] - Method.TextDegerineEsitElementeTikla(findTestObject("Popup/Popup_Butons"), Buton): Method.TextDegerineEsitElementeTikla is PASSED

2021-10-14 17:19:49 - [MESSAGE][INFO] - Finding Test Object 'Object Repository/Popup/Popup_Butons'

2021-10-14 17:19:50 - [MESSAGE][INFO] - Checking timeout

2021-10-14 17:19:50 - [MESSAGE][INFO] - Finding web element with id: 'Object Repository/Popup/Popup_Butons' located by 'By.cssSelector: .modal-footer>button' in '10' second(s)

2021-10-14 17:19:50 - [MESSAGE][INFO] - Smart Wait Function is triggered

2021-10-14 17:19:50 - [MESSAGE][INFO] - Found 2 web elements with id: 'Object Repository/Popup/Popup_Butons' located by 'By.cssSelector: .modal-footer>button' in '10' second(s)

2021-10-14 17:19:50 - [MESSAGE][PASSED] - Method.TextDegerineEsitElementeTikla is PASSED

2021-10-14 17:19:50 - [MESSAGE][PASSED] - Call Test Case 'Test Cases/Popup/PopupButonSecilir' successfully

2021-10-14 17:19:50 - [MESSAGE][INFO] - Checking called Test Case

2021-10-14 17:19:50 - [MESSAGE][INFO] - Starting to call Test Case 'Test Cases/Popup/PopupMesajiIceriyorMu'

2021-10-14 17:19:50 - [TEST_CASE][PASSED] - Test Cases/Popup/PopupMesajiIceriyorMu: Test Cases/Popup/PopupMesajiIceriyorMu

2021-10-14 17:19:50 - [TEST_STEP][PASSED] - waitForElementVisible(findTestObject("Popup/Popup"), 10): Object 'Object Repository/Popup/Popup' is visible

2021-10-14 17:19:50 - [MESSAGE][INFO] - Finding Test Object 'Object Repository/Popup/Popup'

2021-10-14 17:19:50 - [MESSAGE][INFO] - Checking object

2021-10-14 17:19:50 - [MESSAGE][INFO] - Checking timeout

2021-10-14 17:19:50 - [MESSAGE][INFO] - Finding web element from Test Object's properties

2021-10-14 17:19:50 - [MESSAGE][INFO] - Checking timeout

2021-10-14 17:19:50 - [MESSAGE][INFO] - Finding web element with id: 'Object Repository/Popup/Popup' located by 'By.cssSelector: .bootbox-body' in '10' second(s)

2021-10-14 17:19:50 - [MESSAGE][INFO] - Smart Wait Function is triggered

2021-10-14 17:19:51 - [MESSAGE][INFO] - Found 1 web elements with id: 'Object Repository/Popup/Popup' located by 'By.cssSelector: .bootbox-body' in '10' second(s)

2021-10-14 17:19:51 - [MESSAGE][PASSED] - Object 'Object Repository/Popup/Popup' is visible

2021-10-14 17:19:51 - [TEST_STEP][PASSED] - if (!(getText(findTestObject("Popup/Popup")).contains(Mesaj))): Text of object 'Object Repository/Popup/Popup' is: '14579 no’lu talebiniz işleme alınmıştır. Raporunuz hazırlandığında (elogotest@gmail.com) adresinize mail gönderilecektir.
Rapor durumunuzu Raporlar > Toplu Veri İndirme ekranından takip edebilir, hazırlandı durumundaki raporlarınızı ilgili menüden indirebilirsiniz.'

2021-10-14 17:19:51 - [MESSAGE][INFO] - Finding Test Object 'Object Repository/Popup/Popup'

2021-10-14 17:19:51 - [MESSAGE][INFO] - Checking object

2021-10-14 17:19:51 - [MESSAGE][INFO] - Finding web element from Test Object's properties

2021-10-14 17:19:51 - [MESSAGE][INFO] - Checking timeout

2021-10-14 17:19:51 - [MESSAGE][INFO] - Finding web element with id: 'Object Repository/Popup/Popup' located by 'By.cssSelector: .bootbox-body' in '30' second(s)

2021-10-14 17:19:51 - [MESSAGE][INFO] - Smart Wait Function is triggered

2021-10-14 17:19:51 - [MESSAGE][INFO] - Found 1 web elements with id: 'Object Repository/Popup/Popup' located by 'By.cssSelector: .bootbox-body' in '30' second(s)

2021-10-14 17:19:51 - [MESSAGE][INFO] - Getting text of object 'Object Repository/Popup/Popup'

2021-10-14 17:19:51 - [MESSAGE][PASSED] - Text of object 'Object Repository/Popup/Popup' is: '14579 no’lu talebiniz işleme alınmıştır. Raporunuz hazırlandığında (elogotest@gmail.com) adresinize mail gönderilecektir.
Rapor durumunuzu Raporlar > Toplu Veri İndirme ekranından takip edebilir, hazırlandı durumundaki raporlarınızı ilgili menüden indirebilirsiniz.'

2021-10-14 17:19:51 - [TEST_STEP][PASSED] - RaporNo = getText(findTestObject("Popup/Popup")).substring(0, 6): Text of object 'Object Repository/Popup/Popup' is: '14579 no’lu talebiniz işleme alınmıştır. Raporunuz hazırlandığında (elogotest@gmail.com) adresinize mail gönderilecektir.
Rapor durumunuzu Raporlar > Toplu Veri İndirme ekranından takip edebilir, hazırlandı durumundaki raporlarınızı ilgili menüden indirebilirsiniz.'

2021-10-14 17:19:51 - [MESSAGE][INFO] - Finding Test Object 'Object Repository/Popup/Popup'

2021-10-14 17:19:51 - [MESSAGE][INFO] - Checking object

2021-10-14 17:19:51 - [MESSAGE][INFO] - Finding web element from Test Object's properties

2021-10-14 17:19:51 - [MESSAGE][INFO] - Checking timeout

2021-10-14 17:19:51 - [MESSAGE][INFO] - Finding web element with id: 'Object Repository/Popup/Popup' located by 'By.cssSelector: .bootbox-body' in '30' second(s)

2021-10-14 17:19:51 - [MESSAGE][INFO] - Smart Wait Function is triggered

2021-10-14 17:19:51 - [MESSAGE][INFO] - Found 1 web elements with id: 'Object Repository/Popup/Popup' located by 'By.cssSelector: .bootbox-body' in '30' second(s)

2021-10-14 17:19:51 - [MESSAGE][INFO] - Getting text of object 'Object Repository/Popup/Popup'

2021-10-14 17:19:51 - [MESSAGE][PASSED] - Text of object 'Object Repository/Popup/Popup' is: '14579 no’lu talebiniz işleme alınmıştır. Raporunuz hazırlandığında (elogotest@gmail.com) adresinize mail gönderilecektir.
Rapor durumunuzu Raporlar > Toplu Veri İndirme ekranından takip edebilir, hazırlandı durumundaki raporlarınızı ilgili menüden indirebilirsiniz.'

2021-10-14 17:19:51 - [TEST_STEP][PASSED] - Console.println(RaporNo): null

2021-10-14 17:19:51 - [MESSAGE][PASSED] - Call Test Case 'Test Cases/Popup/PopupMesajiIceriyorMu' successfully

2021-10-14 17:19:51 - [MESSAGE][INFO] - Checking called Test Case

2021-10-14 17:19:51 - [MESSAGE][INFO] - Starting to call Test Case 'Test Cases/Popup/PopupButonSecilir'

2021-10-14 17:19:52 - [TEST_CASE][PASSED] - Test Cases/Popup/PopupButonSecilir: Test Cases/Popup/PopupButonSecilir

2021-10-14 17:19:52 - [TEST_STEP][PASSED] - Method.TextDegerineEsitElementeTikla(findTestObject("Popup/Popup_Butons"), Buton): Method.TextDegerineEsitElementeTikla is PASSED

2021-10-14 17:19:52 - [MESSAGE][INFO] - Finding Test Object 'Object Repository/Popup/Popup_Butons'

2021-10-14 17:19:52 - [MESSAGE][INFO] - Checking timeout

2021-10-14 17:19:52 - [MESSAGE][INFO] - Finding web element with id: 'Object Repository/Popup/Popup_Butons' located by 'By.cssSelector: .modal-footer>button' in '10' second(s)

2021-10-14 17:19:52 - [MESSAGE][INFO] - Smart Wait Function is triggered

2021-10-14 17:19:52 - [MESSAGE][INFO] - Found 1 web elements with id: 'Object Repository/Popup/Popup_Butons' located by 'By.cssSelector: .modal-footer>button' in '10' second(s)

2021-10-14 17:19:52 - [MESSAGE][PASSED] - Method.TextDegerineEsitElementeTikla is PASSED

2021-10-14 17:19:52 - [MESSAGE][PASSED] - Call Test Case 'Test Cases/Popup/PopupButonSecilir' successfully

2021-10-14 17:19:52 - [MESSAGE][INFO] - Checking called Test Case

2021-10-14 17:19:52 - [MESSAGE][INFO] - Starting to call Test Case 'Test Cases/Butonlar/ButonaTikla'

2021-10-14 17:19:52 - [TEST_CASE][PASSED] - Test Cases/Butonlar/ButonaTikla: Test Cases/Butonlar/ButonaTikla

2021-10-14 17:19:52 - [TEST_STEP][PASSED] - Method.TextDegerineEsitElementeTiklaEquals(findTestObject("Butonlar/Butonlar"), Buton_Adi): Method.TextDegerineEsitElementeTiklaEquals is PASSED

2021-10-14 17:19:52 - [MESSAGE][INFO] - Finding Test Object 'Object Repository/Butonlar/Butonlar'

2021-10-14 17:19:52 - [MESSAGE][INFO] - Checking timeout

2021-10-14 17:19:52 - [MESSAGE][INFO] - Finding web element with id: 'Object Repository/Butonlar/Butonlar' located by 'By.cssSelector: .panel.panel-default.text-center.footerPanel .btn,.btn.btn-primary.btnControls' in '10' second(s)

2021-10-14 17:19:52 - [MESSAGE][INFO] - Smart Wait Function is triggered

2021-10-14 17:19:53 - [MESSAGE][INFO] - Found 15 web elements with id: 'Object Repository/Butonlar/Butonlar' located by 'By.cssSelector: .panel.panel-default.text-center.footerPanel .btn,.btn.btn-primary.btnControls' in '10' second(s)

2021-10-14 17:19:53 - [MESSAGE][PASSED] - Method.TextDegerineEsitElementeTiklaEquals is PASSED

2021-10-14 17:19:53 - [MESSAGE][PASSED] - Call Test Case 'Test Cases/Butonlar/ButonaTikla' successfully

2021-10-14 17:19:53 - [MESSAGE][INFO] - Checking called Test Case

2021-10-14 17:19:53 - [MESSAGE][INFO] - Starting to call Test Case 'Test Cases/Butonlar/AltButonaTikla'

2021-10-14 17:19:53 - [TEST_CASE][PASSED] - Test Cases/Butonlar/AltButonaTikla: Test Cases/Butonlar/AltButonaTikla

2021-10-14 17:19:53 - [TEST_STEP][PASSED] - Method.TextDegerineEsitElementeTikla(findTestObject("Butonlar/AltButonlar"), Alt_Buton): Method.TextDegerineEsitElementeTikla is PASSED

2021-10-14 17:19:53 - [MESSAGE][INFO] - Finding Test Object 'Object Repository/Butonlar/AltButonlar'

2021-10-14 17:19:53 - [MESSAGE][INFO] - Checking timeout

2021-10-14 17:19:53 - [MESSAGE][INFO] - Finding web element with id: 'Object Repository/Butonlar/AltButonlar' located by 'By.cssSelector: .btn-group.open li>a' in '10' second(s)

2021-10-14 17:19:53 - [MESSAGE][INFO] - Smart Wait Function is triggered

2021-10-14 17:19:53 - [MESSAGE][INFO] - Found 4 web elements with id: 'Object Repository/Butonlar/AltButonlar' located by 'By.cssSelector: .btn-group.open li>a' in '10' second(s)

2021-10-14 17:19:54 - [MESSAGE][PASSED] - Method.TextDegerineEsitElementeTikla is PASSED

2021-10-14 17:19:54 - [MESSAGE][PASSED] - Call Test Case 'Test Cases/Butonlar/AltButonaTikla' successfully

2021-10-14 17:19:54 - [MESSAGE][INFO] - Checking called Test Case

2021-10-14 17:19:54 - [MESSAGE][INFO] - Starting to call Test Case 'Test Cases/Popup/PopupMesajiIceriyorMu'

2021-10-14 17:19:54 - [TEST_CASE][PASSED] - Test Cases/Popup/PopupMesajiIceriyorMu: Test Cases/Popup/PopupMesajiIceriyorMu

2021-10-14 17:19:54 - [TEST_STEP][PASSED] - waitForElementVisible(findTestObject("Popup/Popup"), 10): Object 'Object Repository/Popup/Popup' is visible

2021-10-14 17:19:54 - [MESSAGE][INFO] - Finding Test Object 'Object Repository/Popup/Popup'

2021-10-14 17:19:54 - [MESSAGE][INFO] - Checking object

2021-10-14 17:19:54 - [MESSAGE][INFO] - Checking timeout

2021-10-14 17:19:54 - [MESSAGE][INFO] - Finding web element from Test Object's properties

2021-10-14 17:19:54 - [MESSAGE][INFO] - Checking timeout

2021-10-14 17:19:54 - [MESSAGE][INFO] - Finding web element with id: 'Object Repository/Popup/Popup' located by 'By.cssSelector: .bootbox-body' in '10' second(s)

2021-10-14 17:19:54 - [MESSAGE][INFO] - Smart Wait Function is triggered

2021-10-14 17:19:54 - [MESSAGE][INFO] - Found 1 web elements with id: 'Object Repository/Popup/Popup' located by 'By.cssSelector: .bootbox-body' in '10' second(s)

2021-10-14 17:19:54 - [MESSAGE][PASSED] - Object 'Object Repository/Popup/Popup' is visible

2021-10-14 17:19:54 - [TEST_STEP][PASSED] - if (!(getText(findTestObject("Popup/Popup")).contains(Mesaj))): Text of object 'Object Repository/Popup/Popup' is: 'Lütfen rapor bildiriminin gönderileceği e-posta adresini belirtiniz.
e-Posta Adresi'

2021-10-14 17:19:54 - [MESSAGE][INFO] - Finding Test Object 'Object Repository/Popup/Popup'

2021-10-14 17:19:54 - [MESSAGE][INFO] - Checking object

2021-10-14 17:19:54 - [MESSAGE][INFO] - Finding web element from Test Object's properties

2021-10-14 17:19:54 - [MESSAGE][INFO] - Checking timeout

2021-10-14 17:19:54 - [MESSAGE][INFO] - Finding web element with id: 'Object Repository/Popup/Popup' located by 'By.cssSelector: .bootbox-body' in '30' second(s)

2021-10-14 17:19:54 - [MESSAGE][INFO] - Smart Wait Function is triggered

2021-10-14 17:19:55 - [MESSAGE][INFO] - Found 1 web elements with id: 'Object Repository/Popup/Popup' located by 'By.cssSelector: .bootbox-body' in '30' second(s)

2021-10-14 17:19:55 - [MESSAGE][INFO] - Getting text of object 'Object Repository/Popup/Popup'

2021-10-14 17:19:55 - [MESSAGE][PASSED] - Text of object 'Object Repository/Popup/Popup' is: 'Lütfen rapor bildiriminin gönderileceği e-posta adresini belirtiniz.
e-Posta Adresi'

2021-10-14 17:19:55 - [TEST_STEP][PASSED] - RaporNo = getText(findTestObject("Popup/Popup")).substring(0, 6): Text of object 'Object Repository/Popup/Popup' is: 'Lütfen rapor bildiriminin gönderileceği e-posta adresini belirtiniz.
e-Posta Adresi'

2021-10-14 17:19:55 - [MESSAGE][INFO] - Finding Test Object 'Object Repository/Popup/Popup'

2021-10-14 17:19:55 - [MESSAGE][INFO] - Checking object

2021-10-14 17:19:55 - [MESSAGE][INFO] - Finding web element from Test Object's properties

2021-10-14 17:19:55 - [MESSAGE][INFO] - Checking timeout

2021-10-14 17:19:55 - [MESSAGE][INFO] - Finding web element with id: 'Object Repository/Popup/Popup' located by 'By.cssSelector: .bootbox-body' in '30' second(s)

2021-10-14 17:19:55 - [MESSAGE][INFO] - Smart Wait Function is triggered

2021-10-14 17:19:55 - [MESSAGE][INFO] - Found 1 web elements with id: 'Object Repository/Popup/Popup' located by 'By.cssSelector: .bootbox-body' in '30' second(s)

2021-10-14 17:19:55 - [MESSAGE][INFO] - Getting text of object 'Object Repository/Popup/Popup'

2021-10-14 17:19:55 - [MESSAGE][PASSED] - Text of object 'Object Repository/Popup/Popup' is: 'Lütfen rapor bildiriminin gönderileceği e-posta adresini belirtiniz.
e-Posta Adresi'

2021-10-14 17:19:55 - [TEST_STEP][PASSED] - Console.println(RaporNo): null

2021-10-14 17:19:55 - [MESSAGE][PASSED] - Call Test Case 'Test Cases/Popup/PopupMesajiIceriyorMu' successfully

2021-10-14 17:19:55 - [MESSAGE][INFO] - Checking called Test Case

2021-10-14 17:19:55 - [MESSAGE][INFO] - Starting to call Test Case 'Test Cases/Popup/PopupButonSecilir'

2021-10-14 17:19:55 - [TEST_CASE][PASSED] - Test Cases/Popup/PopupButonSecilir: Test Cases/Popup/PopupButonSecilir

2021-10-14 17:19:55 - [TEST_STEP][PASSED] - Method.TextDegerineEsitElementeTikla(findTestObject("Popup/Popup_Butons"), Buton): Method.TextDegerineEsitElementeTikla is PASSED

2021-10-14 17:19:55 - [MESSAGE][INFO] - Finding Test Object 'Object Repository/Popup/Popup_Butons'

2021-10-14 17:19:55 - [MESSAGE][INFO] - Checking timeout

2021-10-14 17:19:55 - [MESSAGE][INFO] - Finding web element with id: 'Object Repository/Popup/Popup_Butons' located by 'By.cssSelector: .modal-footer>button' in '10' second(s)

2021-10-14 17:19:55 - [MESSAGE][INFO] - Smart Wait Function is triggered

2021-10-14 17:19:55 - [MESSAGE][INFO] - Found 2 web elements with id: 'Object Repository/Popup/Popup_Butons' located by 'By.cssSelector: .modal-footer>button' in '10' second(s)

2021-10-14 17:19:55 - [MESSAGE][PASSED] - Method.TextDegerineEsitElementeTikla is PASSED

2021-10-14 17:19:55 - [MESSAGE][PASSED] - Call Test Case 'Test Cases/Popup/PopupButonSecilir' successfully

2021-10-14 17:19:55 - [MESSAGE][INFO] - Checking called Test Case

2021-10-14 17:19:55 - [MESSAGE][INFO] - Starting to call Test Case 'Test Cases/Popup/PopupMesajiIceriyorMu'

2021-10-14 17:19:56 - [TEST_CASE][PASSED] - Test Cases/Popup/PopupMesajiIceriyorMu: Test Cases/Popup/PopupMesajiIceriyorMu

2021-10-14 17:19:56 - [TEST_STEP][PASSED] - waitForElementVisible(findTestObject("Popup/Popup"), 10): Object 'Object Repository/Popup/Popup' is visible

2021-10-14 17:19:56 - [MESSAGE][INFO] - Finding Test Object 'Object Repository/Popup/Popup'

2021-10-14 17:19:56 - [MESSAGE][INFO] - Checking object

2021-10-14 17:19:56 - [MESSAGE][INFO] - Checking timeout

2021-10-14 17:19:56 - [MESSAGE][INFO] - Finding web element from Test Object's properties

2021-10-14 17:19:56 - [MESSAGE][INFO] - Checking timeout

2021-10-14 17:19:56 - [MESSAGE][INFO] - Finding web element with id: 'Object Repository/Popup/Popup' located by 'By.cssSelector: .bootbox-body' in '10' second(s)

2021-10-14 17:19:56 - [MESSAGE][INFO] - Smart Wait Function is triggered

2021-10-14 17:19:57 - [MESSAGE][INFO] - Found 1 web elements with id: 'Object Repository/Popup/Popup' located by 'By.cssSelector: .bootbox-body' in '10' second(s)

2021-10-14 17:19:57 - [MESSAGE][PASSED] - Object 'Object Repository/Popup/Popup' is visible

2021-10-14 17:19:57 - [TEST_STEP][PASSED] - if (!(getText(findTestObject("Popup/Popup")).contains(Mesaj))): Text of object 'Object Repository/Popup/Popup' is: '14580 no’lu talebiniz işleme alınmıştır. Raporunuz hazırlandığında (elogotest@gmail.com) adresinize mail gönderilecektir.
Rapor durumunuzu Raporlar > Toplu Veri İndirme ekranından takip edebilir, hazırlandı durumundaki raporlarınızı ilgili menüden indirebilirsiniz.'

2021-10-14 17:19:57 - [MESSAGE][INFO] - Finding Test Object 'Object Repository/Popup/Popup'

2021-10-14 17:19:57 - [MESSAGE][INFO] - Checking object

2021-10-14 17:19:57 - [MESSAGE][INFO] - Finding web element from Test Object's properties

2021-10-14 17:19:57 - [MESSAGE][INFO] - Checking timeout

2021-10-14 17:19:57 - [MESSAGE][INFO] - Finding web element with id: 'Object Repository/Popup/Popup' located by 'By.cssSelector: .bootbox-body' in '30' second(s)

2021-10-14 17:19:57 - [MESSAGE][INFO] - Smart Wait Function is triggered

2021-10-14 17:19:57 - [MESSAGE][INFO] - Found 1 web elements with id: 'Object Repository/Popup/Popup' located by 'By.cssSelector: .bootbox-body' in '30' second(s)

2021-10-14 17:19:57 - [MESSAGE][INFO] - Getting text of object 'Object Repository/Popup/Popup'

2021-10-14 17:19:57 - [MESSAGE][PASSED] - Text of object 'Object Repository/Popup/Popup' is: '14580 no’lu talebiniz işleme alınmıştır. Raporunuz hazırlandığında (elogotest@gmail.com) adresinize mail gönderilecektir.
Rapor durumunuzu Raporlar > Toplu Veri İndirme ekranından takip edebilir, hazırlandı durumundaki raporlarınızı ilgili menüden indirebilirsiniz.'

2021-10-14 17:19:57 - [TEST_STEP][PASSED] - RaporNo = getText(findTestObject("Popup/Popup")).substring(0, 6): Text of object 'Object Repository/Popup/Popup' is: '14580 no’lu talebiniz işleme alınmıştır. Raporunuz hazırlandığında (elogotest@gmail.com) adresinize mail gönderilecektir.
Rapor durumunuzu Raporlar > Toplu Veri İndirme ekranından takip edebilir, hazırlandı durumundaki raporlarınızı ilgili menüden indirebilirsiniz.'

2021-10-14 17:19:57 - [MESSAGE][INFO] - Finding Test Object 'Object Repository/Popup/Popup'

2021-10-14 17:19:57 - [MESSAGE][INFO] - Checking object

2021-10-14 17:19:57 - [MESSAGE][INFO] - Finding web element from Test Object's properties

2021-10-14 17:19:57 - [MESSAGE][INFO] - Checking timeout

2021-10-14 17:19:57 - [MESSAGE][INFO] - Finding web element with id: 'Object Repository/Popup/Popup' located by 'By.cssSelector: .bootbox-body' in '30' second(s)

2021-10-14 17:19:57 - [MESSAGE][INFO] - Smart Wait Function is triggered

2021-10-14 17:19:58 - [MESSAGE][INFO] - Found 1 web elements with id: 'Object Repository/Popup/Popup' located by 'By.cssSelector: .bootbox-body' in '30' second(s)

2021-10-14 17:19:58 - [MESSAGE][INFO] - Getting text of object 'Object Repository/Popup/Popup'

2021-10-14 17:19:58 - [MESSAGE][PASSED] - Text of object 'Object Repository/Popup/Popup' is: '14580 no’lu talebiniz işleme alınmıştır. Raporunuz hazırlandığında (elogotest@gmail.com) adresinize mail gönderilecektir.
Rapor durumunuzu Raporlar > Toplu Veri İndirme ekranından takip edebilir, hazırlandı durumundaki raporlarınızı ilgili menüden indirebilirsiniz.'

2021-10-14 17:19:58 - [TEST_STEP][PASSED] - Console.println(RaporNo): null

2021-10-14 17:19:58 - [MESSAGE][PASSED] - Call Test Case 'Test Cases/Popup/PopupMesajiIceriyorMu' successfully

2021-10-14 17:19:58 - [MESSAGE][INFO] - Checking called Test Case

2021-10-14 17:19:58 - [MESSAGE][INFO] - Starting to call Test Case 'Test Cases/Popup/PopupButonSecilir'

2021-10-14 17:19:58 - [TEST_CASE][PASSED] - Test Cases/Popup/PopupButonSecilir: Test Cases/Popup/PopupButonSecilir

2021-10-14 17:19:58 - [TEST_STEP][PASSED] - Method.TextDegerineEsitElementeTikla(findTestObject("Popup/Popup_Butons"), Buton): Method.TextDegerineEsitElementeTikla is PASSED

2021-10-14 17:19:58 - [MESSAGE][INFO] - Finding Test Object 'Object Repository/Popup/Popup_Butons'

2021-10-14 17:19:58 - [MESSAGE][INFO] - Checking timeout

2021-10-14 17:19:58 - [MESSAGE][INFO] - Finding web element with id: 'Object Repository/Popup/Popup_Butons' located by 'By.cssSelector: .modal-footer>button' in '10' second(s)

2021-10-14 17:19:58 - [MESSAGE][INFO] - Smart Wait Function is triggered

2021-10-14 17:19:58 - [MESSAGE][INFO] - Found 1 web elements with id: 'Object Repository/Popup/Popup_Butons' located by 'By.cssSelector: .modal-footer>button' in '10' second(s)

2021-10-14 17:19:58 - [MESSAGE][PASSED] - Method.TextDegerineEsitElementeTikla is PASSED

2021-10-14 17:19:58 - [MESSAGE][PASSED] - Call Test Case 'Test Cases/Popup/PopupButonSecilir' successfully

2021-10-14 17:19:58 - [MESSAGE][INFO] - Checking called Test Case

2021-10-14 17:19:58 - [MESSAGE][INFO] - Starting to call Test Case 'Test Cases/Butonlar/ButonaTikla'

2021-10-14 17:19:59 - [TEST_CASE][PASSED] - Test Cases/Butonlar/ButonaTikla: Test Cases/Butonlar/ButonaTikla

2021-10-14 17:19:59 - [TEST_STEP][PASSED] - Method.TextDegerineEsitElementeTiklaEquals(findTestObject("Butonlar/Butonlar"), Buton_Adi): Method.TextDegerineEsitElementeTiklaEquals is PASSED

2021-10-14 17:19:59 - [MESSAGE][INFO] - Finding Test Object 'Object Repository/Butonlar/Butonlar'

2021-10-14 17:19:59 - [MESSAGE][INFO] - Checking timeout

2021-10-14 17:19:59 - [MESSAGE][INFO] - Finding web element with id: 'Object Repository/Butonlar/Butonlar' located by 'By.cssSelector: .panel.panel-default.text-center.footerPanel .btn,.btn.btn-primary.btnControls' in '10' second(s)

2021-10-14 17:19:59 - [MESSAGE][INFO] - Smart Wait Function is triggered

2021-10-14 17:19:59 - [MESSAGE][INFO] - Found 15 web elements with id: 'Object Repository/Butonlar/Butonlar' located by 'By.cssSelector: .panel.panel-default.text-center.footerPanel .btn,.btn.btn-primary.btnControls' in '10' second(s)

2021-10-14 17:19:59 - [MESSAGE][PASSED] - Method.TextDegerineEsitElementeTiklaEquals is PASSED

2021-10-14 17:19:59 - [MESSAGE][PASSED] - Call Test Case 'Test Cases/Butonlar/ButonaTikla' successfully

2021-10-14 17:19:59 - [MESSAGE][INFO] - Checking called Test Case

2021-10-14 17:19:59 - [MESSAGE][INFO] - Starting to call Test Case 'Test Cases/Butonlar/AltButonaTikla'

2021-10-14 17:19:59 - [TEST_CASE][PASSED] - Test Cases/Butonlar/AltButonaTikla: Test Cases/Butonlar/AltButonaTikla

2021-10-14 17:19:59 - [TEST_STEP][PASSED] - Method.TextDegerineEsitElementeTikla(findTestObject("Butonlar/AltButonlar"), Alt_Buton): Method.TextDegerineEsitElementeTikla is PASSED

2021-10-14 17:19:59 - [MESSAGE][INFO] - Finding Test Object 'Object Repository/Butonlar/AltButonlar'

2021-10-14 17:19:59 - [MESSAGE][INFO] - Checking timeout

2021-10-14 17:19:59 - [MESSAGE][INFO] - Finding web element with id: 'Object Repository/Butonlar/AltButonlar' located by 'By.cssSelector: .btn-group.open li>a' in '10' second(s)

2021-10-14 17:19:59 - [MESSAGE][INFO] - Smart Wait Function is triggered

2021-10-14 17:20:00 - [MESSAGE][INFO] - Found 4 web elements with id: 'Object Repository/Butonlar/AltButonlar' located by 'By.cssSelector: .btn-group.open li>a' in '10' second(s)

2021-10-14 17:20:00 - [MESSAGE][PASSED] - Method.TextDegerineEsitElementeTikla is PASSED

2021-10-14 17:20:00 - [MESSAGE][PASSED] - Call Test Case 'Test Cases/Butonlar/AltButonaTikla' successfully

2021-10-14 17:20:00 - [MESSAGE][INFO] - Checking called Test Case

2021-10-14 17:20:00 - [MESSAGE][INFO] - Starting to call Test Case 'Test Cases/Popup/PopupMesajiIceriyorMu'

2021-10-14 17:20:00 - [TEST_CASE][PASSED] - Test Cases/Popup/PopupMesajiIceriyorMu: Test Cases/Popup/PopupMesajiIceriyorMu

2021-10-14 17:20:00 - [TEST_STEP][PASSED] - waitForElementVisible(findTestObject("Popup/Popup"), 10): Object 'Object Repository/Popup/Popup' is visible

2021-10-14 17:20:00 - [MESSAGE][INFO] - Finding Test Object 'Object Repository/Popup/Popup'

2021-10-14 17:20:00 - [MESSAGE][INFO] - Checking object

2021-10-14 17:20:00 - [MESSAGE][INFO] - Checking timeout

2021-10-14 17:20:00 - [MESSAGE][INFO] - Finding web element from Test Object's properties

2021-10-14 17:20:00 - [MESSAGE][INFO] - Checking timeout

2021-10-14 17:20:00 - [MESSAGE][INFO] - Finding web element with id: 'Object Repository/Popup/Popup' located by 'By.cssSelector: .bootbox-body' in '10' second(s)

2021-10-14 17:20:00 - [MESSAGE][INFO] - Smart Wait Function is triggered

2021-10-14 17:20:00 - [MESSAGE][INFO] - Found 1 web elements with id: 'Object Repository/Popup/Popup' located by 'By.cssSelector: .bootbox-body' in '10' second(s)

2021-10-14 17:20:00 - [MESSAGE][PASSED] - Object 'Object Repository/Popup/Popup' is visible

2021-10-14 17:20:00 - [TEST_STEP][PASSED] - if (!(getText(findTestObject("Popup/Popup")).contains(Mesaj))): Text of object 'Object Repository/Popup/Popup' is: 'Lütfen rapor bildiriminin gönderileceği e-posta adresini belirtiniz.
e-Posta Adresi'

2021-10-14 17:20:00 - [MESSAGE][INFO] - Finding Test Object 'Object Repository/Popup/Popup'

2021-10-14 17:20:01 - [MESSAGE][INFO] - Checking object

2021-10-14 17:20:01 - [MESSAGE][INFO] - Finding web element from Test Object's properties

2021-10-14 17:20:01 - [MESSAGE][INFO] - Checking timeout

2021-10-14 17:20:01 - [MESSAGE][INFO] - Finding web element with id: 'Object Repository/Popup/Popup' located by 'By.cssSelector: .bootbox-body' in '30' second(s)

2021-10-14 17:20:01 - [MESSAGE][INFO] - Smart Wait Function is triggered

2021-10-14 17:20:01 - [MESSAGE][INFO] - Found 1 web elements with id: 'Object Repository/Popup/Popup' located by 'By.cssSelector: .bootbox-body' in '30' second(s)

2021-10-14 17:20:01 - [MESSAGE][INFO] - Getting text of object 'Object Repository/Popup/Popup'

2021-10-14 17:20:01 - [MESSAGE][PASSED] - Text of object 'Object Repository/Popup/Popup' is: 'Lütfen rapor bildiriminin gönderileceği e-posta adresini belirtiniz.
e-Posta Adresi'

2021-10-14 17:20:01 - [TEST_STEP][PASSED] - RaporNo = getText(findTestObject("Popup/Popup")).substring(0, 6): Text of object 'Object Repository/Popup/Popup' is: 'Lütfen rapor bildiriminin gönderileceği e-posta adresini belirtiniz.
e-Posta Adresi'

2021-10-14 17:20:01 - [MESSAGE][INFO] - Finding Test Object 'Object Repository/Popup/Popup'

2021-10-14 17:20:01 - [MESSAGE][INFO] - Checking object

2021-10-14 17:20:01 - [MESSAGE][INFO] - Finding web element from Test Object's properties

2021-10-14 17:20:01 - [MESSAGE][INFO] - Checking timeout

2021-10-14 17:20:01 - [MESSAGE][INFO] - Finding web element with id: 'Object Repository/Popup/Popup' located by 'By.cssSelector: .bootbox-body' in '30' second(s)

2021-10-14 17:20:01 - [MESSAGE][INFO] - Smart Wait Function is triggered

2021-10-14 17:20:01 - [MESSAGE][INFO] - Found 1 web elements with id: 'Object Repository/Popup/Popup' located by 'By.cssSelector: .bootbox-body' in '30' second(s)

2021-10-14 17:20:01 - [MESSAGE][INFO] - Getting text of object 'Object Repository/Popup/Popup'

2021-10-14 17:20:01 - [MESSAGE][PASSED] - Text of object 'Object Repository/Popup/Popup' is: 'Lütfen rapor bildiriminin gönderileceği e-posta adresini belirtiniz.
e-Posta Adresi'

2021-10-14 17:20:01 - [TEST_STEP][PASSED] - Console.println(RaporNo): null

2021-10-14 17:20:01 - [MESSAGE][PASSED] - Call Test Case 'Test Cases/Popup/PopupMesajiIceriyorMu' successfully

2021-10-14 17:20:01 - [MESSAGE][INFO] - Checking called Test Case

2021-10-14 17:20:01 - [MESSAGE][INFO] - Starting to call Test Case 'Test Cases/Popup/PopupButonSecilir'

2021-10-14 17:20:02 - [TEST_CASE][PASSED] - Test Cases/Popup/PopupButonSecilir: Test Cases/Popup/PopupButonSecilir

2021-10-14 17:20:02 - [TEST_STEP][PASSED] - Method.TextDegerineEsitElementeTikla(findTestObject("Popup/Popup_Butons"), Buton): Method.TextDegerineEsitElementeTikla is PASSED

2021-10-14 17:20:02 - [MESSAGE][INFO] - Finding Test Object 'Object Repository/Popup/Popup_Butons'

2021-10-14 17:20:02 - [MESSAGE][INFO] - Checking timeout

2021-10-14 17:20:02 - [MESSAGE][INFO] - Finding web element with id: 'Object Repository/Popup/Popup_Butons' located by 'By.cssSelector: .modal-footer>button' in '10' second(s)

2021-10-14 17:20:02 - [MESSAGE][INFO] - Smart Wait Function is triggered

2021-10-14 17:20:02 - [MESSAGE][INFO] - Found 2 web elements with id: 'Object Repository/Popup/Popup_Butons' located by 'By.cssSelector: .modal-footer>button' in '10' second(s)

2021-10-14 17:20:02 - [MESSAGE][PASSED] - Method.TextDegerineEsitElementeTikla is PASSED

2021-10-14 17:20:02 - [MESSAGE][PASSED] - Call Test Case 'Test Cases/Popup/PopupButonSecilir' successfully

2021-10-14 17:20:02 - [MESSAGE][INFO] - Checking called Test Case

2021-10-14 17:20:02 - [MESSAGE][INFO] - Starting to call Test Case 'Test Cases/Popup/PopupMesajiIceriyorMu'

2021-10-14 17:20:02 - [TEST_CASE][PASSED] - Test Cases/Popup/PopupMesajiIceriyorMu: Test Cases/Popup/PopupMesajiIceriyorMu

2021-10-14 17:20:02 - [TEST_STEP][PASSED] - waitForElementVisible(findTestObject("Popup/Popup"), 10): Object 'Object Repository/Popup/Popup' is visible

2021-10-14 17:20:02 - [MESSAGE][INFO] - Finding Test Object 'Object Repository/Popup/Popup'

2021-10-14 17:20:02 - [MESSAGE][INFO] - Checking object

2021-10-14 17:20:02 - [MESSAGE][INFO] - Checking timeout

2021-10-14 17:20:02 - [MESSAGE][INFO] - Finding web element from Test Object's properties

2021-10-14 17:20:02 - [MESSAGE][INFO] - Checking timeout

2021-10-14 17:20:02 - [MESSAGE][INFO] - Finding web element with id: 'Object Repository/Popup/Popup' located by 'By.cssSelector: .bootbox-body' in '10' second(s)

2021-10-14 17:20:02 - [MESSAGE][INFO] - Smart Wait Function is triggered

2021-10-14 17:20:03 - [MESSAGE][INFO] - Found 1 web elements with id: 'Object Repository/Popup/Popup' located by 'By.cssSelector: .bootbox-body' in '10' second(s)

2021-10-14 17:20:03 - [MESSAGE][PASSED] - Object 'Object Repository/Popup/Popup' is visible

2021-10-14 17:20:03 - [TEST_STEP][PASSED] - if (!(getText(findTestObject("Popup/Popup")).contains(Mesaj))): Text of object 'Object Repository/Popup/Popup' is: '14581 no’lu talebiniz işleme alınmıştır. Raporunuz hazırlandığında (elogotest@gmail.com) adresinize mail gönderilecektir.
Rapor durumunuzu Raporlar > Toplu Veri İndirme ekranından takip edebilir, hazırlandı durumundaki raporlarınızı ilgili menüden indirebilirsiniz.'

2021-10-14 17:20:03 - [MESSAGE][INFO] - Finding Test Object 'Object Repository/Popup/Popup'

2021-10-14 17:20:03 - [MESSAGE][INFO] - Checking object

2021-10-14 17:20:03 - [MESSAGE][INFO] - Finding web element from Test Object's properties

2021-10-14 17:20:03 - [MESSAGE][INFO] - Checking timeout

2021-10-14 17:20:03 - [MESSAGE][INFO] - Finding web element with id: 'Object Repository/Popup/Popup' located by 'By.cssSelector: .bootbox-body' in '30' second(s)

2021-10-14 17:20:03 - [MESSAGE][INFO] - Smart Wait Function is triggered

2021-10-14 17:20:03 - [MESSAGE][INFO] - Found 1 web elements with id: 'Object Repository/Popup/Popup' located by 'By.cssSelector: .bootbox-body' in '30' second(s)

2021-10-14 17:20:03 - [MESSAGE][INFO] - Getting text of object 'Object Repository/Popup/Popup'

2021-10-14 17:20:03 - [MESSAGE][PASSED] - Text of object 'Object Repository/Popup/Popup' is: '14581 no’lu talebiniz işleme alınmıştır. Raporunuz hazırlandığında (elogotest@gmail.com) adresinize mail gönderilecektir.
Rapor durumunuzu Raporlar > Toplu Veri İndirme ekranından takip edebilir, hazırlandı durumundaki raporlarınızı ilgili menüden indirebilirsiniz.'

2021-10-14 17:20:03 - [TEST_STEP][PASSED] - RaporNo = getText(findTestObject("Popup/Popup")).substring(0, 6): Text of object 'Object Repository/Popup/Popup' is: '14581 no’lu talebiniz işleme alınmıştır. Raporunuz hazırlandığında (elogotest@gmail.com) adresinize mail gönderilecektir.
Rapor durumunuzu Raporlar > Toplu Veri İndirme ekranından takip edebilir, hazırlandı durumundaki raporlarınızı ilgili menüden indirebilirsiniz.'

2021-10-14 17:20:03 - [MESSAGE][INFO] - Finding Test Object 'Object Repository/Popup/Popup'

2021-10-14 17:20:04 - [MESSAGE][INFO] - Checking object

2021-10-14 17:20:04 - [MESSAGE][INFO] - Finding web element from Test Object's properties

2021-10-14 17:20:04 - [MESSAGE][INFO] - Checking timeout

2021-10-14 17:20:04 - [MESSAGE][INFO] - Finding web element with id: 'Object Repository/Popup/Popup' located by 'By.cssSelector: .bootbox-body' in '30' second(s)

2021-10-14 17:20:04 - [MESSAGE][INFO] - Smart Wait Function is triggered

2021-10-14 17:20:04 - [MESSAGE][INFO] - Found 1 web elements with id: 'Object Repository/Popup/Popup' located by 'By.cssSelector: .bootbox-body' in '30' second(s)

2021-10-14 17:20:04 - [MESSAGE][INFO] - Getting text of object 'Object Repository/Popup/Popup'

2021-10-14 17:20:04 - [MESSAGE][PASSED] - Text of object 'Object Repository/Popup/Popup' is: '14581 no’lu talebiniz işleme alınmıştır. Raporunuz hazırlandığında (elogotest@gmail.com) adresinize mail gönderilecektir.
Rapor durumunuzu Raporlar > Toplu Veri İndirme ekranından takip edebilir, hazırlandı durumundaki raporlarınızı ilgili menüden indirebilirsiniz.'

2021-10-14 17:20:04 - [TEST_STEP][PASSED] - Console.println(RaporNo): null

2021-10-14 17:20:04 - [MESSAGE][PASSED] - Call Test Case 'Test Cases/Popup/PopupMesajiIceriyorMu' successfully

2021-10-14 17:20:04 - [MESSAGE][INFO] - Checking called Test Case

2021-10-14 17:20:04 - [MESSAGE][INFO] - Starting to call Test Case 'Test Cases/Popup/PopupButonSecilir'

2021-10-14 17:20:04 - [TEST_CASE][PASSED] - Test Cases/Popup/PopupButonSecilir: Test Cases/Popup/PopupButonSecilir

2021-10-14 17:20:04 - [TEST_STEP][PASSED] - Method.TextDegerineEsitElementeTikla(findTestObject("Popup/Popup_Butons"), Buton): Method.TextDegerineEsitElementeTikla is PASSED

2021-10-14 17:20:04 - [MESSAGE][INFO] - Finding Test Object 'Object Repository/Popup/Popup_Butons'

2021-10-14 17:20:04 - [MESSAGE][INFO] - Checking timeout

2021-10-14 17:20:04 - [MESSAGE][INFO] - Finding web element with id: 'Object Repository/Popup/Popup_Butons' located by 'By.cssSelector: .modal-footer>button' in '10' second(s)

2021-10-14 17:20:04 - [MESSAGE][INFO] - Smart Wait Function is triggered

2021-10-14 17:20:04 - [MESSAGE][INFO] - Found 1 web elements with id: 'Object Repository/Popup/Popup_Butons' located by 'By.cssSelector: .modal-footer>button' in '10' second(s)

2021-10-14 17:20:05 - [MESSAGE][PASSED] - Method.TextDegerineEsitElementeTikla is PASSED

2021-10-14 17:20:05 - [MESSAGE][PASSED] - Call Test Case 'Test Cases/Popup/PopupButonSecilir' successfully

2021-10-14 17:20:05 - [MESSAGE][INFO] - Checking called Test Case

2021-10-14 17:20:05 - [MESSAGE][INFO] - Starting to call Test Case 'Test Cases/Menu/AnaMenuSecimi'

2021-10-14 17:20:05 - [TEST_CASE][PASSED] - Test Cases/Menu/AnaMenuSecimi: Test Cases/Menu/AnaMenuSecimi

2021-10-14 17:20:05 - [TEST_STEP][PASSED] - Method.TextDegerineEsitElementeTikla(findTestObject("Menu/Ana_Menu"), Ana_Menu): Method.TextDegerineEsitElementeTikla is PASSED

2021-10-14 17:20:05 - [MESSAGE][INFO] - Finding Test Object 'Object Repository/Menu/Ana_Menu'

2021-10-14 17:20:05 - [MESSAGE][INFO] - Checking timeout

2021-10-14 17:20:05 - [MESSAGE][INFO] - Finding web element with id: 'Object Repository/Menu/Ana_Menu' located by 'By.xpath: //*[@class = 'dropdown-toggle']' in '10' second(s)

2021-10-14 17:20:05 - [MESSAGE][INFO] - Smart Wait Function is triggered

2021-10-14 17:20:05 - [MESSAGE][INFO] - Found 14 web elements with id: 'Object Repository/Menu/Ana_Menu' located by 'By.xpath: //*[@class = 'dropdown-toggle']' in '10' second(s)

2021-10-14 17:20:06 - [MESSAGE][PASSED] - Method.TextDegerineEsitElementeTikla is PASSED

2021-10-14 17:20:06 - [MESSAGE][PASSED] - Call Test Case 'Test Cases/Menu/AnaMenuSecimi' successfully

2021-10-14 17:20:06 - [MESSAGE][INFO] - Checking called Test Case

2021-10-14 17:20:06 - [MESSAGE][INFO] - Starting to call Test Case 'Test Cases/Menu/AltMenuSecimi'

2021-10-14 17:20:06 - [TEST_CASE][PASSED] - Test Cases/Menu/AltMenuSecimi: Test Cases/Menu/AltMenuSecimi

2021-10-14 17:20:06 - [TEST_STEP][PASSED] - Method.TextDegerineEsitElementeTikla(findTestObject("Menu/Alt_Menu"), Alt_Menu): Method.TextDegerineEsitElementeTikla is PASSED

2021-10-14 17:20:06 - [MESSAGE][INFO] - Finding Test Object 'Object Repository/Menu/Alt_Menu'

2021-10-14 17:20:06 - [MESSAGE][INFO] - Checking timeout

2021-10-14 17:20:06 - [MESSAGE][INFO] - Finding web element with id: 'Object Repository/Menu/Alt_Menu' located by 'By.xpath: //li[@class='dropdown dropdown-large open']//li[@class='dropdown-element']' in '10' second(s)

2021-10-14 17:20:06 - [MESSAGE][INFO] - Smart Wait Function is triggered

2021-10-14 17:20:07 - [MESSAGE][INFO] - Found 9 web elements with id: 'Object Repository/Menu/Alt_Menu' located by 'By.xpath: //li[@class='dropdown dropdown-large open']//li[@class='dropdown-element']' in '10' second(s)

2021-10-14 17:20:08 - [MESSAGE][PASSED] - Method.TextDegerineEsitElementeTikla is PASSED

2021-10-14 17:20:08 - [MESSAGE][PASSED] - Call Test Case 'Test Cases/Menu/AltMenuSecimi' successfully

2021-10-14 17:20:08 - [MESSAGE][INFO] - Checking called Test Case

2021-10-14 17:20:08 - [MESSAGE][INFO] - Starting to call Test Case 'Test Cases/Filtreler/RaporNoYaz'

2021-10-14 17:20:08 - [TEST_CASE][PASSED] - Test Cases/Filtreler/RaporNoYaz: Test Cases/Filtreler/RaporNoYaz

2021-10-14 17:20:08 - [TEST_STEP][PASSED] - Method.TextDegerineEsitElementinAltindakiTextboxtaYaz(findTestObject("Filtreler/Basliklar"), findTestObject("Filtreler/Basliga_Gore_Textbox"), "Talep No", RaporNo): Method.TextDegerineEsitElementinAltindakiTextboxtaYaz is PASSED

2021-10-14 17:20:08 - [MESSAGE][INFO] - Finding Test Object 'Object Repository/Filtreler/Basliklar'

2021-10-14 17:20:08 - [MESSAGE][INFO] - Finding Test Object 'Object Repository/Filtreler/Basliga_Gore_Textbox'

2021-10-14 17:20:08 - [MESSAGE][INFO] - Checking timeout

2021-10-14 17:20:08 - [MESSAGE][INFO] - Finding web element with id: 'Object Repository/Filtreler/Basliklar' located by 'By.cssSelector: .control-label.col-sm-4.paddingMarginRLC' in '10' second(s)

2021-10-14 17:20:08 - [MESSAGE][INFO] - Smart Wait Function is triggered

2021-10-14 17:20:08 - [MESSAGE][INFO] - Found 8 web elements with id: 'Object Repository/Filtreler/Basliklar' located by 'By.cssSelector: .control-label.col-sm-4.paddingMarginRLC' in '10' second(s)

2021-10-14 17:20:08 - [MESSAGE][INFO] - Smart Wait Function is triggered

2021-10-14 17:20:09 - [MESSAGE][PASSED] - Method.TextDegerineEsitElementinAltindakiTextboxtaYaz is PASSED

2021-10-14 17:20:09 - [MESSAGE][PASSED] - Call Test Case 'Test Cases/Filtreler/RaporNoYaz' successfully

2021-10-14 17:20:09 - [MESSAGE][INFO] - Checking called Test Case

2021-10-14 17:20:09 - [MESSAGE][INFO] - Starting to call Test Case 'Test Cases/Filtreler/ButonaTikla'

2021-10-14 17:20:09 - [TEST_CASE][PASSED] - Test Cases/Filtreler/ButonaTikla: Test Cases/Filtreler/ButonaTikla

2021-10-14 17:20:09 - [TEST_STEP][PASSED] - Method.TextDegerineEsitElementeTikla(findTestObject("Filtreler/Butonlar"), Filtre_Buton): Method.TextDegerineEsitElementeTikla is PASSED

2021-10-14 17:20:09 - [MESSAGE][INFO] - Finding Test Object 'Object Repository/Filtreler/Butonlar'

2021-10-14 17:20:09 - [MESSAGE][INFO] - Checking timeout

2021-10-14 17:20:09 - [MESSAGE][INFO] - Finding web element with id: 'Object Repository/Filtreler/Butonlar' located by 'By.cssSelector: .dxb>span' in '10' second(s)

2021-10-14 17:20:09 - [MESSAGE][INFO] - Smart Wait Function is triggered

2021-10-14 17:20:10 - [MESSAGE][INFO] - Found 2 web elements with id: 'Object Repository/Filtreler/Butonlar' located by 'By.cssSelector: .dxb>span' in '10' second(s)

2021-10-14 17:20:10 - [MESSAGE][PASSED] - Method.TextDegerineEsitElementeTikla is PASSED

2021-10-14 17:20:10 - [MESSAGE][PASSED] - Call Test Case 'Test Cases/Filtreler/ButonaTikla' successfully

2021-10-14 17:20:10 - [MESSAGE][INFO] - Checking called Test Case

2021-10-14 17:20:10 - [MESSAGE][INFO] - Starting to call Test Case 'Test Cases/Tablo/TablodaVeriVarMi'

2021-10-14 17:20:10 - [TEST_CASE][PASSED] - Test Cases/Tablo/TablodaVeriVarMi: Test Cases/Tablo/TablodaVeriVarMi

2021-10-14 17:20:10 - [TEST_STEP][PASSED] - verifyTextNotPresent("Görüntülenecek veri yok", true): Text 'Görüntülenecek veri yok' is not present on page using regular expression

2021-10-14 17:20:10 - [MESSAGE][INFO] - Checking text present  using regular expression

2021-10-14 17:20:10 - [MESSAGE][INFO] - Smart Wait Function is triggered

2021-10-14 17:20:16 - [MESSAGE][INFO] - Finding text 'Görüntülenecek veri yok' on page  using regular expression

2021-10-14 17:20:16 - [MESSAGE][PASSED] - Text 'Görüntülenecek veri yok' is not present on page using regular expression

2021-10-14 17:20:16 - [MESSAGE][PASSED] - Call Test Case 'Test Cases/Tablo/TablodaVeriVarMi' successfully

2021-10-14 17:20:16 - [MESSAGE][INFO] - Checking called Test Case

2021-10-14 17:20:16 - [MESSAGE][INFO] - Starting to call Test Case 'Test Cases/Kullanici_Islemleri/KullaniciIslemlerindenSecimYapilir'

2021-10-14 17:20:16 - [TEST_CASE][PASSED] - Test Cases/Kullanici_Islemleri/KullaniciIslemlerindenSecimYapilir: Test Cases/Kullanici_Islemleri/KullaniciIslemlerindenSecimYapilir

2021-10-14 17:20:16 - [TEST_STEP][PASSED] - waitForElementClickable(findTestObject("Object Repository/Kullanici_Islemleri/KullaniciIslemleri"), 10): Object 'Object Repository/Kullanici_Islemleri/KullaniciIslemleri' is clickable

2021-10-14 17:20:16 - [MESSAGE][INFO] - Finding Test Object 'Object Repository/Kullanici_Islemleri/KullaniciIslemleri'

2021-10-14 17:20:16 - [MESSAGE][INFO] - Checking object

2021-10-14 17:20:16 - [MESSAGE][INFO] - Checking timeout

2021-10-14 17:20:16 - [MESSAGE][INFO] - Finding web element from Test Object's properties

2021-10-14 17:20:16 - [MESSAGE][INFO] - Checking timeout

2021-10-14 17:20:16 - [MESSAGE][INFO] - Finding web element with id: 'Object Repository/Kullanici_Islemleri/KullaniciIslemleri' located by 'By.cssSelector: .dropdown>a>img' in '10' second(s)

2021-10-14 17:20:16 - [MESSAGE][INFO] - Smart Wait Function is triggered

2021-10-14 17:20:17 - [MESSAGE][INFO] - Found 1 web elements with id: 'Object Repository/Kullanici_Islemleri/KullaniciIslemleri' located by 'By.cssSelector: .dropdown>a>img' in '10' second(s)

2021-10-14 17:20:17 - [MESSAGE][PASSED] - Object 'Object Repository/Kullanici_Islemleri/KullaniciIslemleri' is clickable

2021-10-14 17:20:17 - [TEST_STEP][PASSED] - click(findTestObject("Object Repository/Kullanici_Islemleri/KullaniciIslemleri")): Object: 'Object Repository/Kullanici_Islemleri/KullaniciIslemleri' is clicked on

2021-10-14 17:20:17 - [MESSAGE][INFO] - Finding Test Object 'Object Repository/Kullanici_Islemleri/KullaniciIslemleri'

2021-10-14 17:20:17 - [MESSAGE][INFO] - Checking object

2021-10-14 17:20:17 - [MESSAGE][INFO] - Finding web element from Test Object's properties

2021-10-14 17:20:17 - [MESSAGE][INFO] - Checking timeout

2021-10-14 17:20:17 - [MESSAGE][INFO] - Finding web element with id: 'Object Repository/Kullanici_Islemleri/KullaniciIslemleri' located by 'By.cssSelector: .dropdown>a>img' in '30' second(s)

2021-10-14 17:20:17 - [MESSAGE][INFO] - Smart Wait Function is triggered

2021-10-14 17:20:17 - [MESSAGE][INFO] - Found 1 web elements with id: 'Object Repository/Kullanici_Islemleri/KullaniciIslemleri' located by 'By.cssSelector: .dropdown>a>img' in '30' second(s)

2021-10-14 17:20:17 - [MESSAGE][INFO] - Clicking on object: 'Object Repository/Kullanici_Islemleri/KullaniciIslemleri'

2021-10-14 17:20:17 - [MESSAGE][PASSED] - Object: 'Object Repository/Kullanici_Islemleri/KullaniciIslemleri' is clicked on

2021-10-14 17:20:17 - [TEST_STEP][PASSED] - Method.TextDegerineEsitElementeTikla(findTestObject("Object Repository/Kullanici_Islemleri/Secenekler"), Islem): Method.TextDegerineEsitElementeTikla is PASSED

2021-10-14 17:20:17 - [MESSAGE][INFO] - Finding Test Object 'Object Repository/Kullanici_Islemleri/Secenekler'

2021-10-14 17:20:17 - [MESSAGE][INFO] - Checking timeout

2021-10-14 17:20:17 - [MESSAGE][INFO] - Finding web element with id: 'Object Repository/Kullanici_Islemleri/Secenekler' located by 'By.cssSelector: .nav.navbar-nav.navbar-right li a' in '10' second(s)

2021-10-14 17:20:17 - [MESSAGE][INFO] - Smart Wait Function is triggered

2021-10-14 17:20:18 - [MESSAGE][INFO] - Found 22 web elements with id: 'Object Repository/Kullanici_Islemleri/Secenekler' located by 'By.cssSelector: .nav.navbar-nav.navbar-right li a' in '10' second(s)

2021-10-14 17:20:19 - [MESSAGE][PASSED] - Method.TextDegerineEsitElementeTikla is PASSED

2021-10-14 17:20:19 - [TEST_STEP][PASSED] - verifyElementNotPresent(findTestObject("Object Repository/Kullanici_Islemleri/Secenekler"), 10): Web element with id: 'Object Repository/Kullanici_Islemleri/Secenekler' located by 'By.cssSelector: .nav.navbar-nav.navbar-right li a' is not present after '10' second(s)

2021-10-14 17:20:19 - [MESSAGE][INFO] - Finding Test Object 'Object Repository/Kullanici_Islemleri/Secenekler'

2021-10-14 17:20:19 - [MESSAGE][INFO] - Checking object

2021-10-14 17:20:19 - [MESSAGE][INFO] - Checking timeout

2021-10-14 17:20:19 - [MESSAGE][INFO] - Finding web element with id: 'Object Repository/Kullanici_Islemleri/Secenekler' located by 'By.cssSelector: .nav.navbar-nav.navbar-right li a' in '10' second(s)

2021-10-14 17:20:19 - [MESSAGE][INFO] - Smart Wait Function is triggered

2021-10-14 17:20:20 - [MESSAGE][PASSED] - Web element with id: 'Object Repository/Kullanici_Islemleri/Secenekler' located by 'By.cssSelector: .nav.navbar-nav.navbar-right li a' is not present after '10' second(s)

2021-10-14 17:20:20 - [MESSAGE][PASSED] - Call Test Case 'Test Cases/Kullanici_Islemleri/KullaniciIslemlerindenSecimYapilir' successfully

2021-10-14 17:20:20 - [TEST_CASE][PASSED] - Start Test Case : SCENARIO e-Fatura Gelen Kutusu Toplu Indirme - PDF Secilenlerin indirilmesi: SCENARIO e-Fatura Gelen Kutusu Toplu Indirme - PDF Secilenlerin indirilmesi

2021-10-14 17:20:20 - [TEST_STEP][PASSED] - Kullanıcı adı ELOGO6 ve Şifre 123456 olarak giriş yapılır: Kullanıcı adı ELOGO6 ve Şifre 123456 olarak giriş yapılır

2021-10-14 17:20:20 - [MESSAGE][PASSED] - Kullanıcı adı ELOGO6 ve Şifre 123456 olarak giriş yapılır

2021-10-14 17:20:20 - [TEST_STEP][PASSED] - Ana menüden e-Fatura seçilir: Ana menüden e-Fatura seçilir

2021-10-14 17:20:20 - [MESSAGE][PASSED] - Ana menüden e-Fatura seçilir

2021-10-14 17:20:20 - [TEST_STEP][PASSED] - Alt menü Gelen Kutusu başlığı altındaki Faturalar seçilir: Alt menü Gelen Kutusu başlığı altındaki Faturalar seçilir

2021-10-14 17:20:20 - [MESSAGE][PASSED] - Alt menü Gelen Kutusu başlığı altındaki Faturalar seçilir

2021-10-14 17:20:20 - [TEST_STEP][PASSED] - Filtrelerden Oluşturma Tarihi filtresine 01.12.2020 baslangic degerini yaz: Filtrelerden Oluşturma Tarihi filtresine 01.12.2020 baslangic degerini yaz

2021-10-14 17:20:20 - [MESSAGE][PASSED] - Filtrelerden Oluşturma Tarihi filtresine 01.12.2020 baslangic degerini yaz

2021-10-14 17:20:20 - [TEST_STEP][PASSED] - Filtrelerden Oluşturma Tarihi filtresine 31.12.2020 bitis degerini yaz: Filtrelerden Oluşturma Tarihi filtresine 31.12.2020 bitis degerini yaz

2021-10-14 17:20:20 - [MESSAGE][PASSED] - Filtrelerden Oluşturma Tarihi filtresine 31.12.2020 bitis degerini yaz

2021-10-14 17:20:20 - [TEST_STEP][PASSED] - Filtrelerden Gönderici Ünvanı filtresine E LOGO 6 textini yaz: Filtrelerden Gönderici Ünvanı filtresine E LOGO 6 textini yaz

2021-10-14 17:20:20 - [MESSAGE][PASSED] - Filtrelerden Gönderici Ünvanı filtresine E LOGO 6 textini yaz

2021-10-14 17:20:20 - [TEST_STEP][PASSED] - Filtre butonlarından Listele seçilir: Filtre butonlarından Listele seçilir

2021-10-14 17:20:20 - [MESSAGE][PASSED] - Filtre butonlarından Listele seçilir

2021-10-14 17:20:20 - [TEST_STEP][PASSED] - Tabloda veri var mı kontrol edilir: Tabloda veri var mı kontrol edilir

2021-10-14 17:20:20 - [MESSAGE][PASSED] - Tabloda veri var mı kontrol edilir

2021-10-14 17:20:20 - [TEST_STEP][PASSED] - Tablodan E LOGO 6 isimli veri seçilir: Tablodan E LOGO 6 isimli veri seçilir

2021-10-14 17:20:20 - [MESSAGE][PASSED] - Tablodan E LOGO 6 isimli veri seçilir

2021-10-14 17:20:20 - [TEST_STEP][PASSED] - Butonlardan Toplu İndirme isimli butona tıklanır: Butonlardan Toplu İndirme isimli butona tıklanır

2021-10-14 17:20:20 - [MESSAGE][PASSED] - Butonlardan Toplu İndirme isimli butona tıklanır

2021-10-14 17:20:20 - [TEST_STEP][PASSED] - Alt butonlardan PDF Seçilenleri İndir butonuna tıklanır: Alt butonlardan PDF Seçilenleri İndir butonuna tıklanır

2021-10-14 17:20:20 - [MESSAGE][PASSED] - Alt butonlardan PDF Seçilenleri İndir butonuna tıklanır

2021-10-14 17:20:20 - [TEST_STEP][PASSED] - Popup mesajı Lütfen rapor bildiriminin gönderileceği e-posta adresini belirtiniz. içeriyor mu: Popup mesajı Lütfen rapor bildiriminin gönderileceği e-posta adresini belirtiniz. içeriyor mu

2021-10-14 17:20:20 - [MESSAGE][PASSED] - Popup mesajı Lütfen rapor bildiriminin gönderileceği e-posta adresini belirtiniz. içeriyor mu

2021-10-14 17:20:20 - [TEST_STEP][PASSED] - Yönetim popupında Gönder seçilir: Yönetim popupında Gönder seçilir

2021-10-14 17:20:20 - [MESSAGE][PASSED] - Yönetim popupında Gönder seçilir

2021-10-14 17:20:20 - [TEST_STEP][PASSED] - Popup mesajı Toplu Veri İndirme içeriyor mu: Popup mesajı Toplu Veri İndirme içeriyor mu

2021-10-14 17:20:20 - [MESSAGE][PASSED] - Popup mesajı Toplu Veri İndirme içeriyor mu

2021-10-14 17:20:20 - [TEST_STEP][PASSED] - Yönetim popupında Tamam seçilir: Yönetim popupında Tamam seçilir

2021-10-14 17:20:20 - [MESSAGE][PASSED] - Yönetim popupında Tamam seçilir

2021-10-14 17:20:20 - [TEST_STEP][PASSED] - Butonlardan Toplu İndirme isimli butona tıklanır: Butonlardan Toplu İndirme isimli butona tıklanır

2021-10-14 17:20:20 - [MESSAGE][PASSED] - Butonlardan Toplu İndirme isimli butona tıklanır

2021-10-14 17:20:20 - [TEST_STEP][PASSED] - Alt butonlardan PDF Tümünü İndir butonuna tıklanır: Alt butonlardan PDF Tümünü İndir butonuna tıklanır

2021-10-14 17:20:20 - [MESSAGE][PASSED] - Alt butonlardan PDF Tümünü İndir butonuna tıklanır

2021-10-14 17:20:20 - [TEST_STEP][PASSED] - Popup mesajı Lütfen rapor bildiriminin gönderileceği e-posta adresini belirtiniz. içeriyor mu: Popup mesajı Lütfen rapor bildiriminin gönderileceği e-posta adresini belirtiniz. içeriyor mu

2021-10-14 17:20:20 - [MESSAGE][PASSED] - Popup mesajı Lütfen rapor bildiriminin gönderileceği e-posta adresini belirtiniz. içeriyor mu

2021-10-14 17:20:20 - [TEST_STEP][PASSED] - Yönetim popupında Gönder seçilir: Yönetim popupında Gönder seçilir

2021-10-14 17:20:20 - [MESSAGE][PASSED] - Yönetim popupında Gönder seçilir

2021-10-14 17:20:20 - [TEST_STEP][PASSED] - Popup mesajı Toplu Veri İndirme içeriyor mu: Popup mesajı Toplu Veri İndirme içeriyor mu

2021-10-14 17:20:20 - [MESSAGE][PASSED] - Popup mesajı Toplu Veri İndirme içeriyor mu

2021-10-14 17:20:20 - [TEST_STEP][PASSED] - Yönetim popupında Tamam seçilir: Yönetim popupında Tamam seçilir

2021-10-14 17:20:20 - [MESSAGE][PASSED] - Yönetim popupında Tamam seçilir

2021-10-14 17:20:20 - [TEST_STEP][PASSED] - Butonlardan Toplu İndirme isimli butona tıklanır: Butonlardan Toplu İndirme isimli butona tıklanır

2021-10-14 17:20:20 - [MESSAGE][PASSED] - Butonlardan Toplu İndirme isimli butona tıklanır

2021-10-14 17:20:20 - [TEST_STEP][PASSED] - Alt butonlardan UBL Seçilenleri İndir butonuna tıklanır: Alt butonlardan UBL Seçilenleri İndir butonuna tıklanır

2021-10-14 17:20:20 - [MESSAGE][PASSED] - Alt butonlardan UBL Seçilenleri İndir butonuna tıklanır

2021-10-14 17:20:20 - [TEST_STEP][PASSED] - Popup mesajı Lütfen rapor bildiriminin gönderileceği e-posta adresini belirtiniz. içeriyor mu: Popup mesajı Lütfen rapor bildiriminin gönderileceği e-posta adresini belirtiniz. içeriyor mu

2021-10-14 17:20:20 - [MESSAGE][PASSED] - Popup mesajı Lütfen rapor bildiriminin gönderileceği e-posta adresini belirtiniz. içeriyor mu

2021-10-14 17:20:20 - [TEST_STEP][PASSED] - Yönetim popupında Gönder seçilir: Yönetim popupında Gönder seçilir

2021-10-14 17:20:20 - [MESSAGE][PASSED] - Yönetim popupında Gönder seçilir

2021-10-14 17:20:20 - [TEST_STEP][PASSED] - Popup mesajı Toplu Veri İndirme içeriyor mu: Popup mesajı Toplu Veri İndirme içeriyor mu

2021-10-14 17:20:20 - [MESSAGE][PASSED] - Popup mesajı Toplu Veri İndirme içeriyor mu

2021-10-14 17:20:20 - [TEST_STEP][PASSED] - Yönetim popupında Tamam seçilir: Yönetim popupında Tamam seçilir

2021-10-14 17:20:20 - [MESSAGE][PASSED] - Yönetim popupında Tamam seçilir

2021-10-14 17:20:20 - [TEST_STEP][PASSED] - Butonlardan Toplu İndirme isimli butona tıklanır: Butonlardan Toplu İndirme isimli butona tıklanır

2021-10-14 17:20:20 - [MESSAGE][PASSED] - Butonlardan Toplu İndirme isimli butona tıklanır

2021-10-14 17:20:20 - [TEST_STEP][PASSED] - Alt butonlardan UBL Tümünü İndir butonuna tıklanır: Alt butonlardan UBL Tümünü İndir butonuna tıklanır

2021-10-14 17:20:20 - [MESSAGE][PASSED] - Alt butonlardan UBL Tümünü İndir butonuna tıklanır

2021-10-14 17:20:20 - [TEST_STEP][PASSED] - Popup mesajı Lütfen rapor bildiriminin gönderileceği e-posta adresini belirtiniz. içeriyor mu: Popup mesajı Lütfen rapor bildiriminin gönderileceği e-posta adresini belirtiniz. içeriyor mu

2021-10-14 17:20:20 - [MESSAGE][PASSED] - Popup mesajı Lütfen rapor bildiriminin gönderileceği e-posta adresini belirtiniz. içeriyor mu

2021-10-14 17:20:20 - [TEST_STEP][PASSED] - Yönetim popupında Gönder seçilir: Yönetim popupında Gönder seçilir

2021-10-14 17:20:20 - [MESSAGE][PASSED] - Yönetim popupında Gönder seçilir

2021-10-14 17:20:20 - [TEST_STEP][PASSED] - Popup mesajı Toplu Veri İndirme içeriyor mu: Popup mesajı Toplu Veri İndirme içeriyor mu

2021-10-14 17:20:20 - [MESSAGE][PASSED] - Popup mesajı Toplu Veri İndirme içeriyor mu

2021-10-14 17:20:20 - [TEST_STEP][PASSED] - Yönetim popupında Tamam seçilir: Yönetim popupında Tamam seçilir

2021-10-14 17:20:20 - [MESSAGE][PASSED] - Yönetim popupında Tamam seçilir

2021-10-14 17:20:20 - [TEST_STEP][PASSED] - Ana menüden Raporlar seçilir: Ana menüden Raporlar seçilir

2021-10-14 17:20:20 - [MESSAGE][PASSED] - Ana menüden Raporlar seçilir

2021-10-14 17:20:20 - [TEST_STEP][PASSED] - Alt menüden Toplu Veri İndirme seçilir: Alt menüden Toplu Veri İndirme seçilir

2021-10-14 17:20:20 - [MESSAGE][PASSED] - Alt menüden Toplu Veri İndirme seçilir

2021-10-14 17:20:20 - [TEST_STEP][PASSED] - Filtrelerden Talep No filtresine Rapor No bilgisi yaz: Filtrelerden Talep No filtresine Rapor No bilgisi yaz

2021-10-14 17:20:20 - [MESSAGE][PASSED] - Filtrelerden Talep No filtresine Rapor No bilgisi yaz

2021-10-14 17:20:20 - [TEST_STEP][PASSED] - Filtre butonlarından Listele seçilir: Filtre butonlarından Listele seçilir

2021-10-14 17:20:20 - [MESSAGE][PASSED] - Filtre butonlarından Listele seçilir

2021-10-14 17:20:20 - [TEST_STEP][PASSED] - Tabloda veri var mı kontrol edilir: Tabloda veri var mı kontrol edilir

2021-10-14 17:20:20 - [MESSAGE][PASSED] - Tabloda veri var mı kontrol edilir

2021-10-14 17:20:20 - [TEST_STEP][PASSED] - Kullanıcı işlemlerinden Çıkış seçilir: Kullanıcı işlemlerinden Çıkış seçilir

2021-10-14 17:20:20 - [MESSAGE][PASSED] - Kullanıcı işlemlerinden Çıkış seçilir

2021-10-14 17:20:20 - [MESSAGE][PASSED] - Feature file: 'Include/features/e-Fatura/Gelen Kutusu/Faturalar/Toplu Indirme.feature' was passed

2021-10-14 17:20:20 - [TEST_STEP][PASSED] - Start listener action : sampleAfterTestSuite: Invoke 'com.kms.katalon.core.annotation.AfterTestCase' method: 'Listener.sampleAfterTestSuite(...)' completed.

2021-10-14 17:20:20 - [MESSAGE][INFO] - Starting invoke 'com.kms.katalon.core.annotation.AfterTestCase' method: 'Listener.sampleAfterTestSuite(...)'

2021-10-14 17:20:20 - [TEST_STEP][PASSED] - closeBrowser(): Invoke 'com.kms.katalon.core.annotation.AfterTestCase' method: 'Listener.sampleAfterTestSuite(...)' completed.

2021-10-14 17:20:20 - [MESSAGE][INFO] - Closing browser

2021-10-14 17:20:20 - [MESSAGE][PASSED] - Browser is closed

2021-10-14 17:20:20 - [MESSAGE][INFO] - Invoke 'com.kms.katalon.core.annotation.AfterTestCase' method: 'Listener.sampleAfterTestSuite(...)' completed.]]></system-out>
         <system-err><![CDATA[]]></system-err>
      </testcase>
      <testcase name="Test Cases/Case Repository/e-Fatura/Gelen Kutusu/Uygulama Yanitlari/Excele Aktar" time="52.767" classname="Test Cases/Case Repository/e-Fatura/Gelen Kutusu/Uygulama Yanitlari/Excele Aktar" status="PASSED">
         <system-out><![CDATA[2021-10-14 17:20:20 - [TEST_CASE][PASSED] - Test Cases/Case Repository/e-Fatura/Gelen Kutusu/Uygulama Yanitlari/Excele Aktar: Test Cases/Case Repository/e-Fatura/Gelen Kutusu/Uygulama Yanitlari/Excele Aktar

2021-10-14 17:20:20 - [TEST_STEP][PASSED] - Start listener action : sampleBeforeTestSuite: Invoke 'com.kms.katalon.core.annotation.BeforeTestCase' method: 'Listener.sampleBeforeTestSuite(...)' completed.

2021-10-14 17:20:20 - [MESSAGE][INFO] - Starting invoke 'com.kms.katalon.core.annotation.BeforeTestCase' method: 'Listener.sampleBeforeTestSuite(...)'

2021-10-14 17:20:20 - [TEST_STEP][PASSED] - openBrowser(baseUrl): Browser is opened with url: 'https://efatura-stage.elogo.com.tr/'

2021-10-14 17:20:20 - [MESSAGE][INFO] - Opening browser

2021-10-14 17:20:20 - [MESSAGE][INFO] - Starting 'Chrome' driver

2021-10-14 17:20:20 - [MESSAGE][INFO] - User set preference: ['prefs', '{download.default_directory=C:\otomasyondownfiles}']

2021-10-14 17:20:20 - [MESSAGE][INFO] - Action delay is set to 0 milliseconds

2021-10-14 17:20:22 - [MESSAGE][INFO] - Navigating browser to: 'https://efatura-stage.elogo.com.tr/'

2021-10-14 17:20:23 - [MESSAGE][PASSED] - Browser is opened with url: 'https://efatura-stage.elogo.com.tr/'

2021-10-14 17:20:23 - [TEST_STEP][PASSED] - maximizeWindow(): Invoke 'com.kms.katalon.core.annotation.BeforeTestCase' method: 'Listener.sampleBeforeTestSuite(...)' completed.

2021-10-14 17:20:23 - [MESSAGE][INFO] - Maximizing current window

2021-10-14 17:20:24 - [MESSAGE][PASSED] - Current window maximized

2021-10-14 17:20:24 - [MESSAGE][INFO] - Invoke 'com.kms.katalon.core.annotation.BeforeTestCase' method: 'Listener.sampleBeforeTestSuite(...)' completed.

2021-10-14 17:20:24 - [TEST_STEP][PASSED] - runFeatureFile("Include/features/e-Fatura/Gelen Kutusu/Uygulama Yanitlari/Excele Aktar.feature"): Feature file: 'Include/features/e-Fatura/Gelen Kutusu/Uygulama Yanitlari/Excele Aktar.feature' was passed

2021-10-14 17:20:24 - [MESSAGE][INFO] - Starting run keyword runFeatureFile: 'Include/features/e-Fatura/Gelen Kutusu/Uygulama Yanitlari/Excele Aktar.feature' and extract report to folder: 'C:\Users\DELL\Downloads\EES_Katalon-main\Reports\20211014_170112\Suite Repository\ExceleAktarVeTopluIndirme\20211014_170125/cucumber_report/1634221224733'...

2021-10-14 17:20:24 - [MESSAGE][INFO] - Glue: []

2021-10-14 17:20:25 - [MESSAGE][INFO] - Checking called Test Case

2021-10-14 17:20:25 - [MESSAGE][INFO] - Starting to call Test Case 'Test Cases/Sayfalar/Giris_Sayfasi/Login'

2021-10-14 17:20:25 - [TEST_CASE][PASSED] - Test Cases/Sayfalar/Giris_Sayfasi/Login: Test Cases/Sayfalar/Giris_Sayfasi/Login

2021-10-14 17:20:25 - [TEST_STEP][PASSED] - Sayfa_Basligi = getWindowTitle(): Current window's title is: 'LOGO e-Fatura'

2021-10-14 17:20:25 - [MESSAGE][INFO] - Getting current window's title

2021-10-14 17:20:25 - [MESSAGE][PASSED] - Current window's title is: 'LOGO e-Fatura'

2021-10-14 17:20:25 - [TEST_STEP][PASSED] - verifyMatch(Sayfa_Basligi, "LOGO e-Fatura", false): Actual text 'LOGO e-Fatura' and expected text 'LOGO e-Fatura' are matched 

2021-10-14 17:20:25 - [MESSAGE][INFO] - Matching actual text 'LOGO e-Fatura' with expected text 'LOGO e-Fatura'

2021-10-14 17:20:25 - [MESSAGE][PASSED] - Actual text 'LOGO e-Fatura' and expected text 'LOGO e-Fatura' are matched 

2021-10-14 17:20:25 - [TEST_STEP][PASSED] - sendKeys(findTestObject("Sayfalar/Giris_Sayfasi/Firma_Kodu"), KullaniciAdi): Keys 'ELOGO6' sent to object: 'Object Repository/Sayfalar/Giris_Sayfasi/Firma_Kodu'

2021-10-14 17:20:25 - [MESSAGE][INFO] - Finding Test Object 'Object Repository/Sayfalar/Giris_Sayfasi/Firma_Kodu'

2021-10-14 17:20:25 - [MESSAGE][INFO] - Sending keys 'ELOGO6' to object: 'Object Repository/Sayfalar/Giris_Sayfasi/Firma_Kodu'

2021-10-14 17:20:25 - [MESSAGE][INFO] - Finding web element from Test Object's properties

2021-10-14 17:20:25 - [MESSAGE][INFO] - Checking timeout

2021-10-14 17:20:25 - [MESSAGE][INFO] - Finding web element with id: 'Object Repository/Sayfalar/Giris_Sayfasi/Firma_Kodu' located by 'By.xpath: //*[@id = 'AccountName']' in '30' second(s)

2021-10-14 17:20:25 - [MESSAGE][INFO] - Smart Wait Function is triggered

2021-10-14 17:20:26 - [MESSAGE][INFO] - Found 1 web elements with id: 'Object Repository/Sayfalar/Giris_Sayfasi/Firma_Kodu' located by 'By.xpath: //*[@id = 'AccountName']' in '30' second(s)

2021-10-14 17:20:26 - [MESSAGE][PASSED] - Keys 'ELOGO6' sent to object: 'Object Repository/Sayfalar/Giris_Sayfasi/Firma_Kodu'

2021-10-14 17:20:26 - [TEST_STEP][PASSED] - sendKeys(findTestObject("Sayfalar/Giris_Sayfasi/Sifre"), Sifre): Keys '123456' sent to object: 'Object Repository/Sayfalar/Giris_Sayfasi/Sifre'

2021-10-14 17:20:26 - [MESSAGE][INFO] - Finding Test Object 'Object Repository/Sayfalar/Giris_Sayfasi/Sifre'

2021-10-14 17:20:26 - [MESSAGE][INFO] - Sending keys '123456' to object: 'Object Repository/Sayfalar/Giris_Sayfasi/Sifre'

2021-10-14 17:20:26 - [MESSAGE][INFO] - Finding web element from Test Object's properties

2021-10-14 17:20:26 - [MESSAGE][INFO] - Checking timeout

2021-10-14 17:20:26 - [MESSAGE][INFO] - Finding web element with id: 'Object Repository/Sayfalar/Giris_Sayfasi/Sifre' located by 'By.xpath: //*[@id = 'Password']' in '30' second(s)

2021-10-14 17:20:26 - [MESSAGE][INFO] - Smart Wait Function is triggered

2021-10-14 17:20:26 - [MESSAGE][INFO] - Found 1 web elements with id: 'Object Repository/Sayfalar/Giris_Sayfasi/Sifre' located by 'By.xpath: //*[@id = 'Password']' in '30' second(s)

2021-10-14 17:20:26 - [MESSAGE][PASSED] - Keys '123456' sent to object: 'Object Repository/Sayfalar/Giris_Sayfasi/Sifre'

2021-10-14 17:20:26 - [TEST_STEP][PASSED] - findWebElement(findTestObject("Sayfalar/Giris_Sayfasi/Giris_Butonu")).click(): Found 1 web elements with id: 'Object Repository/Sayfalar/Giris_Sayfasi/Giris_Butonu' located by 'By.cssSelector: #btnLogin' in '30' second(s)

2021-10-14 17:20:26 - [MESSAGE][INFO] - Finding Test Object 'Object Repository/Sayfalar/Giris_Sayfasi/Giris_Butonu'

2021-10-14 17:20:26 - [MESSAGE][INFO] - Finding web element from Test Object's properties

2021-10-14 17:20:26 - [MESSAGE][INFO] - Checking timeout

2021-10-14 17:20:26 - [MESSAGE][INFO] - Finding web element with id: 'Object Repository/Sayfalar/Giris_Sayfasi/Giris_Butonu' located by 'By.cssSelector: #btnLogin' in '30' second(s)

2021-10-14 17:20:26 - [MESSAGE][INFO] - Smart Wait Function is triggered

2021-10-14 17:20:27 - [MESSAGE][INFO] - Found 1 web elements with id: 'Object Repository/Sayfalar/Giris_Sayfasi/Giris_Butonu' located by 'By.cssSelector: #btnLogin' in '30' second(s)

2021-10-14 17:20:29 - [TEST_STEP][PASSED] - if (verifyElementPresent(findTestObject("Object Repository/Sayfalar/Giris_Sayfasi/RetveTamam_Butonu"), 5, OPTIONAL)): null

2021-10-14 17:20:29 - [MESSAGE][INFO] - Finding Test Object 'Object Repository/Sayfalar/Giris_Sayfasi/RetveTamam_Butonu'

2021-10-14 17:20:29 - [MESSAGE][INFO] - Checking object

2021-10-14 17:20:29 - [MESSAGE][INFO] - Finding web element from Test Object's properties

2021-10-14 17:20:29 - [MESSAGE][INFO] - Checking timeout

2021-10-14 17:20:29 - [MESSAGE][INFO] - Finding web element with id: 'Object Repository/Sayfalar/Giris_Sayfasi/RetveTamam_Butonu' located by 'By.xpath: //*[@class = 'btn btn-default']' in '5' second(s)

2021-10-14 17:20:29 - [MESSAGE][INFO] - Smart Wait Function is triggered

2021-10-14 17:20:29 - [MESSAGE][INFO] - Found 1 web elements with id: 'Object Repository/Sayfalar/Giris_Sayfasi/RetveTamam_Butonu' located by 'By.xpath: //*[@class = 'btn btn-default']' in '5' second(s)

2021-10-14 17:20:29 - [MESSAGE][PASSED] - Object 'Object Repository/Sayfalar/Giris_Sayfasi/RetveTamam_Butonu' is present

2021-10-14 17:20:29 - [TEST_STEP][PASSED] - click(findTestObject("Object Repository/Sayfalar/Giris_Sayfasi/RetveTamam_Butonu")): Object: 'Object Repository/Sayfalar/Giris_Sayfasi/RetveTamam_Butonu' is clicked on

2021-10-14 17:20:29 - [MESSAGE][INFO] - Finding Test Object 'Object Repository/Sayfalar/Giris_Sayfasi/RetveTamam_Butonu'

2021-10-14 17:20:29 - [MESSAGE][INFO] - Checking object

2021-10-14 17:20:29 - [MESSAGE][INFO] - Finding web element from Test Object's properties

2021-10-14 17:20:29 - [MESSAGE][INFO] - Checking timeout

2021-10-14 17:20:29 - [MESSAGE][INFO] - Finding web element with id: 'Object Repository/Sayfalar/Giris_Sayfasi/RetveTamam_Butonu' located by 'By.xpath: //*[@class = 'btn btn-default']' in '30' second(s)

2021-10-14 17:20:29 - [MESSAGE][INFO] - Smart Wait Function is triggered

2021-10-14 17:20:30 - [MESSAGE][INFO] - Found 1 web elements with id: 'Object Repository/Sayfalar/Giris_Sayfasi/RetveTamam_Butonu' located by 'By.xpath: //*[@class = 'btn btn-default']' in '30' second(s)

2021-10-14 17:20:30 - [MESSAGE][INFO] - Clicking on object: 'Object Repository/Sayfalar/Giris_Sayfasi/RetveTamam_Butonu'

2021-10-14 17:20:30 - [MESSAGE][PASSED] - Object: 'Object Repository/Sayfalar/Giris_Sayfasi/RetveTamam_Butonu' is clicked on

2021-10-14 17:20:30 - [TEST_STEP][PASSED] - click(findTestObject("Object Repository/Sayfalar/Giris_Sayfasi/RetveTamam_Butonu")): Object: 'Object Repository/Sayfalar/Giris_Sayfasi/RetveTamam_Butonu' is clicked on

2021-10-14 17:20:30 - [MESSAGE][INFO] - Finding Test Object 'Object Repository/Sayfalar/Giris_Sayfasi/RetveTamam_Butonu'

2021-10-14 17:20:30 - [MESSAGE][INFO] - Checking object

2021-10-14 17:20:30 - [MESSAGE][INFO] - Finding web element from Test Object's properties

2021-10-14 17:20:30 - [MESSAGE][INFO] - Checking timeout

2021-10-14 17:20:30 - [MESSAGE][INFO] - Finding web element with id: 'Object Repository/Sayfalar/Giris_Sayfasi/RetveTamam_Butonu' located by 'By.xpath: //*[@class = 'btn btn-default']' in '30' second(s)

2021-10-14 17:20:30 - [MESSAGE][INFO] - Smart Wait Function is triggered

2021-10-14 17:20:32 - [MESSAGE][INFO] - Found 1 web elements with id: 'Object Repository/Sayfalar/Giris_Sayfasi/RetveTamam_Butonu' located by 'By.xpath: //*[@class = 'btn btn-default']' in '30' second(s)

2021-10-14 17:20:32 - [MESSAGE][INFO] - Clicking on object: 'Object Repository/Sayfalar/Giris_Sayfasi/RetveTamam_Butonu'

2021-10-14 17:20:32 - [MESSAGE][PASSED] - Object: 'Object Repository/Sayfalar/Giris_Sayfasi/RetveTamam_Butonu' is clicked on

2021-10-14 17:20:32 - [TEST_STEP][PASSED] - if (verifyElementPresent(findTestObject("Sayfalar/Giris_Sayfasi/PopupOK"), 5, OPTIONAL)): null

2021-10-14 17:20:32 - [MESSAGE][INFO] - Finding Test Object 'Object Repository/Sayfalar/Giris_Sayfasi/PopupOK'

2021-10-14 17:20:32 - [MESSAGE][INFO] - Checking object

2021-10-14 17:20:32 - [MESSAGE][INFO] - Finding web element from Test Object's properties

2021-10-14 17:20:32 - [MESSAGE][INFO] - Checking timeout

2021-10-14 17:20:32 - [MESSAGE][INFO] - Finding web element with id: 'Object Repository/Sayfalar/Giris_Sayfasi/PopupOK' located by 'By.cssSelector: .btn.btn-success' in '5' second(s)

2021-10-14 17:20:32 - [MESSAGE][INFO] - Smart Wait Function is triggered

2021-10-14 17:20:33 - [MESSAGE][INFO] - Found 1 web elements with id: 'Object Repository/Sayfalar/Giris_Sayfasi/PopupOK' located by 'By.cssSelector: .btn.btn-success' in '5' second(s)

2021-10-14 17:20:33 - [MESSAGE][PASSED] - Object 'Object Repository/Sayfalar/Giris_Sayfasi/PopupOK' is present

2021-10-14 17:20:33 - [TEST_STEP][PASSED] - click(findTestObject("Object Repository/Sayfalar/Giris_Sayfasi/PopupCarpiGiris")): Object: 'Object Repository/Sayfalar/Giris_Sayfasi/PopupCarpiGiris' is clicked on

2021-10-14 17:20:33 - [MESSAGE][INFO] - Finding Test Object 'Object Repository/Sayfalar/Giris_Sayfasi/PopupCarpiGiris'

2021-10-14 17:20:33 - [MESSAGE][INFO] - Checking object

2021-10-14 17:20:33 - [MESSAGE][INFO] - Finding web element from Test Object's properties

2021-10-14 17:20:33 - [MESSAGE][INFO] - Checking timeout

2021-10-14 17:20:33 - [MESSAGE][INFO] - Finding web element with id: 'Object Repository/Sayfalar/Giris_Sayfasi/PopupCarpiGiris' located by 'By.cssSelector: .bootbox-close-button.close' in '30' second(s)

2021-10-14 17:20:33 - [MESSAGE][INFO] - Smart Wait Function is triggered

2021-10-14 17:20:33 - [MESSAGE][INFO] - Found 1 web elements with id: 'Object Repository/Sayfalar/Giris_Sayfasi/PopupCarpiGiris' located by 'By.cssSelector: .bootbox-close-button.close' in '30' second(s)

2021-10-14 17:20:33 - [MESSAGE][INFO] - Clicking on object: 'Object Repository/Sayfalar/Giris_Sayfasi/PopupCarpiGiris'

2021-10-14 17:20:33 - [MESSAGE][PASSED] - Object: 'Object Repository/Sayfalar/Giris_Sayfasi/PopupCarpiGiris' is clicked on

2021-10-14 17:20:33 - [TEST_STEP][PASSED] - verifyElementVisible(findTestObject("Object Repository/Kullanici_Islemleri/KullaniciIslemleri")): Object 'Object Repository/Kullanici_Islemleri/KullaniciIslemleri' is visible

2021-10-14 17:20:33 - [MESSAGE][INFO] - Finding Test Object 'Object Repository/Kullanici_Islemleri/KullaniciIslemleri'

2021-10-14 17:20:33 - [MESSAGE][INFO] - Checking object

2021-10-14 17:20:33 - [MESSAGE][INFO] - Finding web element from Test Object's properties

2021-10-14 17:20:33 - [MESSAGE][INFO] - Checking timeout

2021-10-14 17:20:33 - [MESSAGE][INFO] - Finding web element with id: 'Object Repository/Kullanici_Islemleri/KullaniciIslemleri' located by 'By.cssSelector: .dropdown>a>img' in '30' second(s)

2021-10-14 17:20:33 - [MESSAGE][INFO] - Smart Wait Function is triggered

2021-10-14 17:20:34 - [MESSAGE][INFO] - Found 1 web elements with id: 'Object Repository/Kullanici_Islemleri/KullaniciIslemleri' located by 'By.cssSelector: .dropdown>a>img' in '30' second(s)

2021-10-14 17:20:34 - [MESSAGE][PASSED] - Object 'Object Repository/Kullanici_Islemleri/KullaniciIslemleri' is visible

2021-10-14 17:20:34 - [MESSAGE][PASSED] - Call Test Case 'Test Cases/Sayfalar/Giris_Sayfasi/Login' successfully

2021-10-14 17:20:34 - [MESSAGE][INFO] - Checking called Test Case

2021-10-14 17:20:34 - [MESSAGE][INFO] - Starting to call Test Case 'Test Cases/Menu/AnaMenuSecimi'

2021-10-14 17:20:34 - [TEST_CASE][PASSED] - Test Cases/Menu/AnaMenuSecimi: Test Cases/Menu/AnaMenuSecimi

2021-10-14 17:20:34 - [TEST_STEP][PASSED] - Method.TextDegerineEsitElementeTikla(findTestObject("Menu/Ana_Menu"), Ana_Menu): Method.TextDegerineEsitElementeTikla is PASSED

2021-10-14 17:20:34 - [MESSAGE][INFO] - Finding Test Object 'Object Repository/Menu/Ana_Menu'

2021-10-14 17:20:34 - [MESSAGE][INFO] - Checking timeout

2021-10-14 17:20:34 - [MESSAGE][INFO] - Finding web element with id: 'Object Repository/Menu/Ana_Menu' located by 'By.xpath: //*[@class = 'dropdown-toggle']' in '10' second(s)

2021-10-14 17:20:34 - [MESSAGE][INFO] - Smart Wait Function is triggered

2021-10-14 17:20:34 - [MESSAGE][INFO] - Found 14 web elements with id: 'Object Repository/Menu/Ana_Menu' located by 'By.xpath: //*[@class = 'dropdown-toggle']' in '10' second(s)

2021-10-14 17:20:34 - [MESSAGE][PASSED] - Method.TextDegerineEsitElementeTikla is PASSED

2021-10-14 17:20:34 - [MESSAGE][PASSED] - Call Test Case 'Test Cases/Menu/AnaMenuSecimi' successfully

2021-10-14 17:20:34 - [MESSAGE][INFO] - Checking called Test Case

2021-10-14 17:20:34 - [MESSAGE][INFO] - Starting to call Test Case 'Test Cases/Menu/BasligaGoreAltMenuSecimi'

2021-10-14 17:20:35 - [TEST_CASE][PASSED] - Test Cases/Menu/BasligaGoreAltMenuSecimi: Test Cases/Menu/BasligaGoreAltMenuSecimi

2021-10-14 17:20:35 - [TEST_STEP][PASSED] - Method.TextDegerineEsitElementinAltindakiTextDegerineEsitOlanaTikla(findTestObject("Menu/Menu_Basligi"), findTestObject("Menu/Basliga_Gore_Alt_Menu"), Baslik, Alt_Menu): Method.TextDegerineEsitElementinAltindakiTextDegerineEsitOlanaTikla is PASSED

2021-10-14 17:20:35 - [MESSAGE][INFO] - Finding Test Object 'Object Repository/Menu/Menu_Basligi'

2021-10-14 17:20:35 - [MESSAGE][INFO] - Finding Test Object 'Object Repository/Menu/Basliga_Gore_Alt_Menu'

2021-10-14 17:20:35 - [MESSAGE][INFO] - Checking timeout

2021-10-14 17:20:35 - [MESSAGE][INFO] - Finding web element with id: 'Object Repository/Menu/Menu_Basligi' located by 'By.xpath: //li[@class='dropdown dropdown-large open']//li[@class='dropdown-header']' in '10' second(s)

2021-10-14 17:20:35 - [MESSAGE][INFO] - Smart Wait Function is triggered

2021-10-14 17:20:35 - [MESSAGE][INFO] - Found 3 web elements with id: 'Object Repository/Menu/Menu_Basligi' located by 'By.xpath: //li[@class='dropdown dropdown-large open']//li[@class='dropdown-header']' in '10' second(s)

2021-10-14 17:20:35 - [MESSAGE][INFO] - Smart Wait Function is triggered

2021-10-14 17:20:37 - [MESSAGE][PASSED] - Method.TextDegerineEsitElementinAltindakiTextDegerineEsitOlanaTikla is PASSED

2021-10-14 17:20:37 - [MESSAGE][PASSED] - Call Test Case 'Test Cases/Menu/BasligaGoreAltMenuSecimi' successfully

2021-10-14 17:20:37 - [MESSAGE][INFO] - Checking called Test Case

2021-10-14 17:20:37 - [MESSAGE][INFO] - Starting to call Test Case 'Test Cases/Filtreler/BaslangicYaz'

2021-10-14 17:20:37 - [TEST_CASE][PASSED] - Test Cases/Filtreler/BaslangicYaz: Test Cases/Filtreler/BaslangicYaz

2021-10-14 17:20:37 - [TEST_STEP][PASSED] - Method.TextDegerineEsitElementinAltindakineTikla(findTestObject("Filtreler/Basliklar"), findTestObject("Filtreler/Basliga_Gore_Baslangic_Image"), Filtre_Adi): Method.TextDegerineEsitElementinAltindakineTikla is PASSED

2021-10-14 17:20:37 - [MESSAGE][INFO] - Finding Test Object 'Object Repository/Filtreler/Basliklar'

2021-10-14 17:20:37 - [MESSAGE][INFO] - Finding Test Object 'Object Repository/Filtreler/Basliga_Gore_Baslangic_Image'

2021-10-14 17:20:38 - [MESSAGE][INFO] - Checking timeout

2021-10-14 17:20:38 - [MESSAGE][INFO] - Finding web element with id: 'Object Repository/Filtreler/Basliklar' located by 'By.cssSelector: .control-label.col-sm-4.paddingMarginRLC' in '10' second(s)

2021-10-14 17:20:38 - [MESSAGE][INFO] - Smart Wait Function is triggered

2021-10-14 17:20:38 - [MESSAGE][INFO] - Found 13 web elements with id: 'Object Repository/Filtreler/Basliklar' located by 'By.cssSelector: .control-label.col-sm-4.paddingMarginRLC' in '10' second(s)

2021-10-14 17:20:38 - [MESSAGE][INFO] - Smart Wait Function is triggered

2021-10-14 17:20:38 - [MESSAGE][PASSED] - Method.TextDegerineEsitElementinAltindakineTikla is PASSED

2021-10-14 17:20:38 - [TEST_STEP][PASSED] - Method.TextDegerineEsitElementinAltindakiTextboxtaYaz(findTestObject("Filtreler/Basliklar"), findTestObject("Filtreler/Basliga_Gore_Baslangic"), Filtre_Adi, Filtre_Degeri): Method.TextDegerineEsitElementinAltindakiTextboxtaYaz is PASSED

2021-10-14 17:20:38 - [MESSAGE][INFO] - Finding Test Object 'Object Repository/Filtreler/Basliklar'

2021-10-14 17:20:38 - [MESSAGE][INFO] - Finding Test Object 'Object Repository/Filtreler/Basliga_Gore_Baslangic'

2021-10-14 17:20:38 - [MESSAGE][INFO] - Checking timeout

2021-10-14 17:20:38 - [MESSAGE][INFO] - Finding web element with id: 'Object Repository/Filtreler/Basliklar' located by 'By.cssSelector: .control-label.col-sm-4.paddingMarginRLC' in '10' second(s)

2021-10-14 17:20:38 - [MESSAGE][INFO] - Smart Wait Function is triggered

2021-10-14 17:20:39 - [MESSAGE][INFO] - Found 13 web elements with id: 'Object Repository/Filtreler/Basliklar' located by 'By.cssSelector: .control-label.col-sm-4.paddingMarginRLC' in '10' second(s)

2021-10-14 17:20:39 - [MESSAGE][INFO] - Smart Wait Function is triggered

2021-10-14 17:20:39 - [MESSAGE][PASSED] - Method.TextDegerineEsitElementinAltindakiTextboxtaYaz is PASSED

2021-10-14 17:20:39 - [MESSAGE][PASSED] - Call Test Case 'Test Cases/Filtreler/BaslangicYaz' successfully

2021-10-14 17:20:39 - [MESSAGE][INFO] - Checking called Test Case

2021-10-14 17:20:39 - [MESSAGE][INFO] - Starting to call Test Case 'Test Cases/Filtreler/BitisYaz'

2021-10-14 17:20:39 - [TEST_CASE][PASSED] - Test Cases/Filtreler/BitisYaz: Test Cases/Filtreler/BitisYaz

2021-10-14 17:20:39 - [TEST_STEP][PASSED] - Method.TextDegerineEsitElementinAltindakineTikla(findTestObject("Filtreler/Basliklar"), findTestObject("Filtreler/Basliga_Gore_Bitis_Image"), Filtre_Adi): Method.TextDegerineEsitElementinAltindakineTikla is PASSED

2021-10-14 17:20:39 - [MESSAGE][INFO] - Finding Test Object 'Object Repository/Filtreler/Basliklar'

2021-10-14 17:20:39 - [MESSAGE][INFO] - Finding Test Object 'Object Repository/Filtreler/Basliga_Gore_Bitis_Image'

2021-10-14 17:20:40 - [MESSAGE][INFO] - Checking timeout

2021-10-14 17:20:40 - [MESSAGE][INFO] - Finding web element with id: 'Object Repository/Filtreler/Basliklar' located by 'By.cssSelector: .control-label.col-sm-4.paddingMarginRLC' in '10' second(s)

2021-10-14 17:20:40 - [MESSAGE][INFO] - Smart Wait Function is triggered

2021-10-14 17:20:40 - [MESSAGE][INFO] - Found 13 web elements with id: 'Object Repository/Filtreler/Basliklar' located by 'By.cssSelector: .control-label.col-sm-4.paddingMarginRLC' in '10' second(s)

2021-10-14 17:20:40 - [MESSAGE][INFO] - Smart Wait Function is triggered

2021-10-14 17:20:40 - [MESSAGE][PASSED] - Method.TextDegerineEsitElementinAltindakineTikla is PASSED

2021-10-14 17:20:40 - [TEST_STEP][PASSED] - Method.TextDegerineEsitElementinAltindakiTextboxtaYaz(findTestObject("Filtreler/Basliklar"), findTestObject("Object Repository/Filtreler/Basliga_Gore_Bitis"), Filtre_Adi, Filtre_Degeri): Method.TextDegerineEsitElementinAltindakiTextboxtaYaz is PASSED

2021-10-14 17:20:40 - [MESSAGE][INFO] - Finding Test Object 'Object Repository/Filtreler/Basliklar'

2021-10-14 17:20:40 - [MESSAGE][INFO] - Finding Test Object 'Object Repository/Filtreler/Basliga_Gore_Bitis'

2021-10-14 17:20:40 - [MESSAGE][INFO] - Checking timeout

2021-10-14 17:20:40 - [MESSAGE][INFO] - Finding web element with id: 'Object Repository/Filtreler/Basliklar' located by 'By.cssSelector: .control-label.col-sm-4.paddingMarginRLC' in '10' second(s)

2021-10-14 17:20:40 - [MESSAGE][INFO] - Smart Wait Function is triggered

2021-10-14 17:20:41 - [MESSAGE][INFO] - Found 13 web elements with id: 'Object Repository/Filtreler/Basliklar' located by 'By.cssSelector: .control-label.col-sm-4.paddingMarginRLC' in '10' second(s)

2021-10-14 17:20:41 - [MESSAGE][INFO] - Smart Wait Function is triggered

2021-10-14 17:20:41 - [MESSAGE][PASSED] - Method.TextDegerineEsitElementinAltindakiTextboxtaYaz is PASSED

2021-10-14 17:20:41 - [MESSAGE][PASSED] - Call Test Case 'Test Cases/Filtreler/BitisYaz' successfully

2021-10-14 17:20:41 - [MESSAGE][INFO] - Checking called Test Case

2021-10-14 17:20:41 - [MESSAGE][INFO] - Starting to call Test Case 'Test Cases/Filtreler/TexboxaYaz'

2021-10-14 17:20:41 - [TEST_CASE][PASSED] - Test Cases/Filtreler/TexboxaYaz: Test Cases/Filtreler/TexboxaYaz

2021-10-14 17:20:41 - [TEST_STEP][PASSED] - Method.TextDegerineEsitElementinAltindakiTextboxtaYaz(findTestObject("Filtreler/Basliklar"), findTestObject("Filtreler/Basliga_Gore_Textbox"), Filtre_Adi, Filtre_Degeri): Method.TextDegerineEsitElementinAltindakiTextboxtaYaz is PASSED

2021-10-14 17:20:41 - [MESSAGE][INFO] - Finding Test Object 'Object Repository/Filtreler/Basliklar'

2021-10-14 17:20:41 - [MESSAGE][INFO] - Finding Test Object 'Object Repository/Filtreler/Basliga_Gore_Textbox'

2021-10-14 17:20:42 - [MESSAGE][INFO] - Checking timeout

2021-10-14 17:20:42 - [MESSAGE][INFO] - Finding web element with id: 'Object Repository/Filtreler/Basliklar' located by 'By.cssSelector: .control-label.col-sm-4.paddingMarginRLC' in '10' second(s)

2021-10-14 17:20:42 - [MESSAGE][INFO] - Smart Wait Function is triggered

2021-10-14 17:20:42 - [MESSAGE][INFO] - Found 13 web elements with id: 'Object Repository/Filtreler/Basliklar' located by 'By.cssSelector: .control-label.col-sm-4.paddingMarginRLC' in '10' second(s)

2021-10-14 17:20:42 - [MESSAGE][INFO] - Smart Wait Function is triggered

2021-10-14 17:20:42 - [MESSAGE][PASSED] - Method.TextDegerineEsitElementinAltindakiTextboxtaYaz is PASSED

2021-10-14 17:20:42 - [MESSAGE][PASSED] - Call Test Case 'Test Cases/Filtreler/TexboxaYaz' successfully

2021-10-14 17:20:42 - [MESSAGE][INFO] - Checking called Test Case

2021-10-14 17:20:42 - [MESSAGE][INFO] - Starting to call Test Case 'Test Cases/Filtreler/ButonaTikla'

2021-10-14 17:20:42 - [TEST_CASE][PASSED] - Test Cases/Filtreler/ButonaTikla: Test Cases/Filtreler/ButonaTikla

2021-10-14 17:20:42 - [TEST_STEP][PASSED] - Method.TextDegerineEsitElementeTikla(findTestObject("Filtreler/Butonlar"), Filtre_Buton): Method.TextDegerineEsitElementeTikla is PASSED

2021-10-14 17:20:42 - [MESSAGE][INFO] - Finding Test Object 'Object Repository/Filtreler/Butonlar'

2021-10-14 17:20:43 - [MESSAGE][INFO] - Checking timeout

2021-10-14 17:20:43 - [MESSAGE][INFO] - Finding web element with id: 'Object Repository/Filtreler/Butonlar' located by 'By.cssSelector: .dxb>span' in '10' second(s)

2021-10-14 17:20:43 - [MESSAGE][INFO] - Smart Wait Function is triggered

2021-10-14 17:20:43 - [MESSAGE][INFO] - Found 3 web elements with id: 'Object Repository/Filtreler/Butonlar' located by 'By.cssSelector: .dxb>span' in '10' second(s)

2021-10-14 17:20:43 - [MESSAGE][PASSED] - Method.TextDegerineEsitElementeTikla is PASSED

2021-10-14 17:20:43 - [MESSAGE][PASSED] - Call Test Case 'Test Cases/Filtreler/ButonaTikla' successfully

2021-10-14 17:20:43 - [MESSAGE][INFO] - Checking called Test Case

2021-10-14 17:20:43 - [MESSAGE][INFO] - Starting to call Test Case 'Test Cases/Tablo/TablodaVeriVarMi'

2021-10-14 17:20:44 - [TEST_CASE][PASSED] - Test Cases/Tablo/TablodaVeriVarMi: Test Cases/Tablo/TablodaVeriVarMi

2021-10-14 17:20:44 - [TEST_STEP][PASSED] - verifyTextNotPresent("Görüntülenecek veri yok", true): Text 'Görüntülenecek veri yok' is not present on page using regular expression

2021-10-14 17:20:44 - [MESSAGE][INFO] - Checking text present  using regular expression

2021-10-14 17:20:44 - [MESSAGE][INFO] - Smart Wait Function is triggered

2021-10-14 17:20:44 - [MESSAGE][INFO] - Finding text 'Görüntülenecek veri yok' on page  using regular expression

2021-10-14 17:20:44 - [MESSAGE][PASSED] - Text 'Görüntülenecek veri yok' is not present on page using regular expression

2021-10-14 17:20:44 - [MESSAGE][PASSED] - Call Test Case 'Test Cases/Tablo/TablodaVeriVarMi' successfully

2021-10-14 17:20:44 - [MESSAGE][INFO] - Checking called Test Case

2021-10-14 17:20:44 - [MESSAGE][INFO] - Starting to call Test Case 'Test Cases/Tablo/TablodanVeriSec'

2021-10-14 17:20:44 - [TEST_CASE][PASSED] - Test Cases/Tablo/TablodanVeriSec: Test Cases/Tablo/TablodanVeriSec

2021-10-14 17:20:44 - [TEST_STEP][PASSED] - Method.TextDegerineEsitElementinAltindakineTikla(findTestObject("Tablo/Veriler"), findTestObject("Tablo/VerininCheckBoxi"), Veri_Adi): Method.TextDegerineEsitElementinAltindakineTikla is PASSED

2021-10-14 17:20:44 - [MESSAGE][INFO] - Finding Test Object 'Object Repository/Tablo/Veriler'

2021-10-14 17:20:44 - [MESSAGE][INFO] - Finding Test Object 'Object Repository/Tablo/VerininCheckBoxi'

2021-10-14 17:20:45 - [MESSAGE][INFO] - Checking timeout

2021-10-14 17:20:45 - [MESSAGE][INFO] - Finding web element with id: 'Object Repository/Tablo/Veriler' located by 'By.cssSelector: td.dxgv b ,td.dxgv' in '10' second(s)

2021-10-14 17:20:45 - [MESSAGE][INFO] - Smart Wait Function is triggered

2021-10-14 17:20:45 - [MESSAGE][INFO] - Found 26 web elements with id: 'Object Repository/Tablo/Veriler' located by 'By.cssSelector: td.dxgv b ,td.dxgv' in '10' second(s)

2021-10-14 17:20:45 - [MESSAGE][INFO] - Smart Wait Function is triggered

2021-10-14 17:20:45 - [MESSAGE][PASSED] - Method.TextDegerineEsitElementinAltindakineTikla is PASSED

2021-10-14 17:20:45 - [MESSAGE][PASSED] - Call Test Case 'Test Cases/Tablo/TablodanVeriSec' successfully

2021-10-14 17:20:45 - [MESSAGE][INFO] - Checking called Test Case

2021-10-14 17:20:45 - [MESSAGE][INFO] - Starting to call Test Case 'Test Cases/Butonlar/ButonaTikla'

2021-10-14 17:20:45 - [TEST_CASE][PASSED] - Test Cases/Butonlar/ButonaTikla: Test Cases/Butonlar/ButonaTikla

2021-10-14 17:20:45 - [TEST_STEP][PASSED] - Method.TextDegerineEsitElementeTiklaEquals(findTestObject("Butonlar/Butonlar"), Buton_Adi): Method.TextDegerineEsitElementeTiklaEquals is PASSED

2021-10-14 17:20:45 - [MESSAGE][INFO] - Finding Test Object 'Object Repository/Butonlar/Butonlar'

2021-10-14 17:20:46 - [MESSAGE][INFO] - Checking timeout

2021-10-14 17:20:46 - [MESSAGE][INFO] - Finding web element with id: 'Object Repository/Butonlar/Butonlar' located by 'By.cssSelector: .panel.panel-default.text-center.footerPanel .btn,.btn.btn-primary.btnControls' in '10' second(s)

2021-10-14 17:20:46 - [MESSAGE][INFO] - Smart Wait Function is triggered

2021-10-14 17:20:46 - [MESSAGE][INFO] - Found 7 web elements with id: 'Object Repository/Butonlar/Butonlar' located by 'By.cssSelector: .panel.panel-default.text-center.footerPanel .btn,.btn.btn-primary.btnControls' in '10' second(s)

2021-10-14 17:20:46 - [MESSAGE][PASSED] - Method.TextDegerineEsitElementeTiklaEquals is PASSED

2021-10-14 17:20:46 - [MESSAGE][PASSED] - Call Test Case 'Test Cases/Butonlar/ButonaTikla' successfully

2021-10-14 17:20:46 - [MESSAGE][INFO] - Checking called Test Case

2021-10-14 17:20:46 - [MESSAGE][INFO] - Starting to call Test Case 'Test Cases/Butonlar/AltButonaTikla'

2021-10-14 17:20:46 - [TEST_CASE][PASSED] - Test Cases/Butonlar/AltButonaTikla: Test Cases/Butonlar/AltButonaTikla

2021-10-14 17:20:46 - [TEST_STEP][PASSED] - Method.TextDegerineEsitElementeTikla(findTestObject("Butonlar/AltButonlar"), Alt_Buton): Method.TextDegerineEsitElementeTikla is PASSED

2021-10-14 17:20:46 - [MESSAGE][INFO] - Finding Test Object 'Object Repository/Butonlar/AltButonlar'

2021-10-14 17:20:46 - [MESSAGE][INFO] - Checking timeout

2021-10-14 17:20:46 - [MESSAGE][INFO] - Finding web element with id: 'Object Repository/Butonlar/AltButonlar' located by 'By.cssSelector: .btn-group.open li>a' in '10' second(s)

2021-10-14 17:20:46 - [MESSAGE][INFO] - Smart Wait Function is triggered

2021-10-14 17:20:46 - [MESSAGE][INFO] - Found 2 web elements with id: 'Object Repository/Butonlar/AltButonlar' located by 'By.cssSelector: .btn-group.open li>a' in '10' second(s)

2021-10-14 17:20:47 - [MESSAGE][PASSED] - Method.TextDegerineEsitElementeTikla is PASSED

2021-10-14 17:20:47 - [MESSAGE][PASSED] - Call Test Case 'Test Cases/Butonlar/AltButonaTikla' successfully

2021-10-14 17:20:47 - [MESSAGE][INFO] - Checking called Test Case

2021-10-14 17:20:47 - [MESSAGE][INFO] - Starting to call Test Case 'Test Cases/Popup/PopupMesajiIceriyorMu'

2021-10-14 17:20:47 - [TEST_CASE][PASSED] - Test Cases/Popup/PopupMesajiIceriyorMu: Test Cases/Popup/PopupMesajiIceriyorMu

2021-10-14 17:20:47 - [TEST_STEP][PASSED] - waitForElementVisible(findTestObject("Popup/Popup"), 10): Object 'Object Repository/Popup/Popup' is visible

2021-10-14 17:20:47 - [MESSAGE][INFO] - Finding Test Object 'Object Repository/Popup/Popup'

2021-10-14 17:20:47 - [MESSAGE][INFO] - Checking object

2021-10-14 17:20:47 - [MESSAGE][INFO] - Checking timeout

2021-10-14 17:20:47 - [MESSAGE][INFO] - Finding web element from Test Object's properties

2021-10-14 17:20:47 - [MESSAGE][INFO] - Checking timeout

2021-10-14 17:20:47 - [MESSAGE][INFO] - Finding web element with id: 'Object Repository/Popup/Popup' located by 'By.cssSelector: .bootbox-body' in '10' second(s)

2021-10-14 17:20:47 - [MESSAGE][INFO] - Smart Wait Function is triggered

2021-10-14 17:20:48 - [MESSAGE][INFO] - Found 1 web elements with id: 'Object Repository/Popup/Popup' located by 'By.cssSelector: .bootbox-body' in '10' second(s)

2021-10-14 17:20:48 - [MESSAGE][PASSED] - Object 'Object Repository/Popup/Popup' is visible

2021-10-14 17:20:48 - [TEST_STEP][PASSED] - if (!(getText(findTestObject("Popup/Popup")).contains(Mesaj))): Text of object 'Object Repository/Popup/Popup' is: 'Lütfen rapor bildiriminin gönderileceği e-posta adresini belirtiniz.
e-Posta Adresi'

2021-10-14 17:20:48 - [MESSAGE][INFO] - Finding Test Object 'Object Repository/Popup/Popup'

2021-10-14 17:20:48 - [MESSAGE][INFO] - Checking object

2021-10-14 17:20:48 - [MESSAGE][INFO] - Finding web element from Test Object's properties

2021-10-14 17:20:48 - [MESSAGE][INFO] - Checking timeout

2021-10-14 17:20:48 - [MESSAGE][INFO] - Finding web element with id: 'Object Repository/Popup/Popup' located by 'By.cssSelector: .bootbox-body' in '30' second(s)

2021-10-14 17:20:48 - [MESSAGE][INFO] - Smart Wait Function is triggered

2021-10-14 17:20:48 - [MESSAGE][INFO] - Found 1 web elements with id: 'Object Repository/Popup/Popup' located by 'By.cssSelector: .bootbox-body' in '30' second(s)

2021-10-14 17:20:48 - [MESSAGE][INFO] - Getting text of object 'Object Repository/Popup/Popup'

2021-10-14 17:20:48 - [MESSAGE][PASSED] - Text of object 'Object Repository/Popup/Popup' is: 'Lütfen rapor bildiriminin gönderileceği e-posta adresini belirtiniz.
e-Posta Adresi'

2021-10-14 17:20:48 - [TEST_STEP][PASSED] - RaporNo = getText(findTestObject("Popup/Popup")).substring(0, 6): Text of object 'Object Repository/Popup/Popup' is: 'Lütfen rapor bildiriminin gönderileceği e-posta adresini belirtiniz.
e-Posta Adresi'

2021-10-14 17:20:48 - [MESSAGE][INFO] - Finding Test Object 'Object Repository/Popup/Popup'

2021-10-14 17:20:48 - [MESSAGE][INFO] - Checking object

2021-10-14 17:20:48 - [MESSAGE][INFO] - Finding web element from Test Object's properties

2021-10-14 17:20:48 - [MESSAGE][INFO] - Checking timeout

2021-10-14 17:20:48 - [MESSAGE][INFO] - Finding web element with id: 'Object Repository/Popup/Popup' located by 'By.cssSelector: .bootbox-body' in '30' second(s)

2021-10-14 17:20:48 - [MESSAGE][INFO] - Smart Wait Function is triggered

2021-10-14 17:20:49 - [MESSAGE][INFO] - Found 1 web elements with id: 'Object Repository/Popup/Popup' located by 'By.cssSelector: .bootbox-body' in '30' second(s)

2021-10-14 17:20:49 - [MESSAGE][INFO] - Getting text of object 'Object Repository/Popup/Popup'

2021-10-14 17:20:49 - [MESSAGE][PASSED] - Text of object 'Object Repository/Popup/Popup' is: 'Lütfen rapor bildiriminin gönderileceği e-posta adresini belirtiniz.
e-Posta Adresi'

2021-10-14 17:20:49 - [TEST_STEP][PASSED] - Console.println(RaporNo): null

2021-10-14 17:20:49 - [MESSAGE][PASSED] - Call Test Case 'Test Cases/Popup/PopupMesajiIceriyorMu' successfully

2021-10-14 17:20:49 - [MESSAGE][INFO] - Checking called Test Case

2021-10-14 17:20:49 - [MESSAGE][INFO] - Starting to call Test Case 'Test Cases/Popup/PopupButonSecilir'

2021-10-14 17:20:49 - [TEST_CASE][PASSED] - Test Cases/Popup/PopupButonSecilir: Test Cases/Popup/PopupButonSecilir

2021-10-14 17:20:49 - [TEST_STEP][PASSED] - Method.TextDegerineEsitElementeTikla(findTestObject("Popup/Popup_Butons"), Buton): Method.TextDegerineEsitElementeTikla is PASSED

2021-10-14 17:20:49 - [MESSAGE][INFO] - Finding Test Object 'Object Repository/Popup/Popup_Butons'

2021-10-14 17:20:49 - [MESSAGE][INFO] - Checking timeout

2021-10-14 17:20:49 - [MESSAGE][INFO] - Finding web element with id: 'Object Repository/Popup/Popup_Butons' located by 'By.cssSelector: .modal-footer>button' in '10' second(s)

2021-10-14 17:20:49 - [MESSAGE][INFO] - Smart Wait Function is triggered

2021-10-14 17:20:49 - [MESSAGE][INFO] - Found 2 web elements with id: 'Object Repository/Popup/Popup_Butons' located by 'By.cssSelector: .modal-footer>button' in '10' second(s)

2021-10-14 17:20:49 - [MESSAGE][PASSED] - Method.TextDegerineEsitElementeTikla is PASSED

2021-10-14 17:20:49 - [MESSAGE][PASSED] - Call Test Case 'Test Cases/Popup/PopupButonSecilir' successfully

2021-10-14 17:20:49 - [MESSAGE][INFO] - Checking called Test Case

2021-10-14 17:20:49 - [MESSAGE][INFO] - Starting to call Test Case 'Test Cases/Popup/PopupMesajiIceriyorMu'

2021-10-14 17:20:49 - [TEST_CASE][PASSED] - Test Cases/Popup/PopupMesajiIceriyorMu: Test Cases/Popup/PopupMesajiIceriyorMu

2021-10-14 17:20:49 - [TEST_STEP][PASSED] - waitForElementVisible(findTestObject("Popup/Popup"), 10): Object 'Object Repository/Popup/Popup' is visible

2021-10-14 17:20:49 - [MESSAGE][INFO] - Finding Test Object 'Object Repository/Popup/Popup'

2021-10-14 17:20:49 - [MESSAGE][INFO] - Checking object

2021-10-14 17:20:49 - [MESSAGE][INFO] - Checking timeout

2021-10-14 17:20:49 - [MESSAGE][INFO] - Finding web element from Test Object's properties

2021-10-14 17:20:49 - [MESSAGE][INFO] - Checking timeout

2021-10-14 17:20:49 - [MESSAGE][INFO] - Finding web element with id: 'Object Repository/Popup/Popup' located by 'By.cssSelector: .bootbox-body' in '10' second(s)

2021-10-14 17:20:49 - [MESSAGE][INFO] - Smart Wait Function is triggered

2021-10-14 17:20:51 - [MESSAGE][INFO] - Found 1 web elements with id: 'Object Repository/Popup/Popup' located by 'By.cssSelector: .bootbox-body' in '10' second(s)

2021-10-14 17:20:51 - [MESSAGE][PASSED] - Object 'Object Repository/Popup/Popup' is visible

2021-10-14 17:20:51 - [TEST_STEP][PASSED] - if (!(getText(findTestObject("Popup/Popup")).contains(Mesaj))): Text of object 'Object Repository/Popup/Popup' is: '14582 no’lu talebiniz işleme alınmıştır. Raporunuz hazırlandığında (elogotest@gmail.com) adresinize mail gönderilecektir.
Rapor durumunuzu Raporlar > Toplu Veri İndirme ekranından takip edebilir, hazırlandı durumundaki raporlarınızı ilgili menüden indirebilirsiniz.'

2021-10-14 17:20:51 - [MESSAGE][INFO] - Finding Test Object 'Object Repository/Popup/Popup'

2021-10-14 17:20:51 - [MESSAGE][INFO] - Checking object

2021-10-14 17:20:51 - [MESSAGE][INFO] - Finding web element from Test Object's properties

2021-10-14 17:20:51 - [MESSAGE][INFO] - Checking timeout

2021-10-14 17:20:51 - [MESSAGE][INFO] - Finding web element with id: 'Object Repository/Popup/Popup' located by 'By.cssSelector: .bootbox-body' in '30' second(s)

2021-10-14 17:20:51 - [MESSAGE][INFO] - Smart Wait Function is triggered

2021-10-14 17:20:51 - [MESSAGE][INFO] - Found 1 web elements with id: 'Object Repository/Popup/Popup' located by 'By.cssSelector: .bootbox-body' in '30' second(s)

2021-10-14 17:20:51 - [MESSAGE][INFO] - Getting text of object 'Object Repository/Popup/Popup'

2021-10-14 17:20:51 - [MESSAGE][PASSED] - Text of object 'Object Repository/Popup/Popup' is: '14582 no’lu talebiniz işleme alınmıştır. Raporunuz hazırlandığında (elogotest@gmail.com) adresinize mail gönderilecektir.
Rapor durumunuzu Raporlar > Toplu Veri İndirme ekranından takip edebilir, hazırlandı durumundaki raporlarınızı ilgili menüden indirebilirsiniz.'

2021-10-14 17:20:51 - [TEST_STEP][PASSED] - RaporNo = getText(findTestObject("Popup/Popup")).substring(0, 6): Text of object 'Object Repository/Popup/Popup' is: '14582 no’lu talebiniz işleme alınmıştır. Raporunuz hazırlandığında (elogotest@gmail.com) adresinize mail gönderilecektir.
Rapor durumunuzu Raporlar > Toplu Veri İndirme ekranından takip edebilir, hazırlandı durumundaki raporlarınızı ilgili menüden indirebilirsiniz.'

2021-10-14 17:20:51 - [MESSAGE][INFO] - Finding Test Object 'Object Repository/Popup/Popup'

2021-10-14 17:20:51 - [MESSAGE][INFO] - Checking object

2021-10-14 17:20:51 - [MESSAGE][INFO] - Finding web element from Test Object's properties

2021-10-14 17:20:51 - [MESSAGE][INFO] - Checking timeout

2021-10-14 17:20:51 - [MESSAGE][INFO] - Finding web element with id: 'Object Repository/Popup/Popup' located by 'By.cssSelector: .bootbox-body' in '30' second(s)

2021-10-14 17:20:51 - [MESSAGE][INFO] - Smart Wait Function is triggered

2021-10-14 17:20:52 - [MESSAGE][INFO] - Found 1 web elements with id: 'Object Repository/Popup/Popup' located by 'By.cssSelector: .bootbox-body' in '30' second(s)

2021-10-14 17:20:52 - [MESSAGE][INFO] - Getting text of object 'Object Repository/Popup/Popup'

2021-10-14 17:20:52 - [MESSAGE][PASSED] - Text of object 'Object Repository/Popup/Popup' is: '14582 no’lu talebiniz işleme alınmıştır. Raporunuz hazırlandığında (elogotest@gmail.com) adresinize mail gönderilecektir.
Rapor durumunuzu Raporlar > Toplu Veri İndirme ekranından takip edebilir, hazırlandı durumundaki raporlarınızı ilgili menüden indirebilirsiniz.'

2021-10-14 17:20:52 - [TEST_STEP][PASSED] - Console.println(RaporNo): null

2021-10-14 17:20:52 - [MESSAGE][PASSED] - Call Test Case 'Test Cases/Popup/PopupMesajiIceriyorMu' successfully

2021-10-14 17:20:52 - [MESSAGE][INFO] - Checking called Test Case

2021-10-14 17:20:52 - [MESSAGE][INFO] - Starting to call Test Case 'Test Cases/Popup/PopupButonSecilir'

2021-10-14 17:20:52 - [TEST_CASE][PASSED] - Test Cases/Popup/PopupButonSecilir: Test Cases/Popup/PopupButonSecilir

2021-10-14 17:20:52 - [TEST_STEP][PASSED] - Method.TextDegerineEsitElementeTikla(findTestObject("Popup/Popup_Butons"), Buton): Method.TextDegerineEsitElementeTikla is PASSED

2021-10-14 17:20:52 - [MESSAGE][INFO] - Finding Test Object 'Object Repository/Popup/Popup_Butons'

2021-10-14 17:20:52 - [MESSAGE][INFO] - Checking timeout

2021-10-14 17:20:52 - [MESSAGE][INFO] - Finding web element with id: 'Object Repository/Popup/Popup_Butons' located by 'By.cssSelector: .modal-footer>button' in '10' second(s)

2021-10-14 17:20:52 - [MESSAGE][INFO] - Smart Wait Function is triggered

2021-10-14 17:20:52 - [MESSAGE][INFO] - Found 1 web elements with id: 'Object Repository/Popup/Popup_Butons' located by 'By.cssSelector: .modal-footer>button' in '10' second(s)

2021-10-14 17:20:52 - [MESSAGE][PASSED] - Method.TextDegerineEsitElementeTikla is PASSED

2021-10-14 17:20:52 - [MESSAGE][PASSED] - Call Test Case 'Test Cases/Popup/PopupButonSecilir' successfully

2021-10-14 17:20:52 - [MESSAGE][INFO] - Checking called Test Case

2021-10-14 17:20:52 - [MESSAGE][INFO] - Starting to call Test Case 'Test Cases/Butonlar/ButonaTikla'

2021-10-14 17:20:52 - [TEST_CASE][PASSED] - Test Cases/Butonlar/ButonaTikla: Test Cases/Butonlar/ButonaTikla

2021-10-14 17:20:52 - [TEST_STEP][PASSED] - Method.TextDegerineEsitElementeTiklaEquals(findTestObject("Butonlar/Butonlar"), Buton_Adi): Method.TextDegerineEsitElementeTiklaEquals is PASSED

2021-10-14 17:20:52 - [MESSAGE][INFO] - Finding Test Object 'Object Repository/Butonlar/Butonlar'

2021-10-14 17:20:53 - [MESSAGE][INFO] - Checking timeout

2021-10-14 17:20:53 - [MESSAGE][INFO] - Finding web element with id: 'Object Repository/Butonlar/Butonlar' located by 'By.cssSelector: .panel.panel-default.text-center.footerPanel .btn,.btn.btn-primary.btnControls' in '10' second(s)

2021-10-14 17:20:53 - [MESSAGE][INFO] - Smart Wait Function is triggered

2021-10-14 17:20:53 - [MESSAGE][INFO] - Found 7 web elements with id: 'Object Repository/Butonlar/Butonlar' located by 'By.cssSelector: .panel.panel-default.text-center.footerPanel .btn,.btn.btn-primary.btnControls' in '10' second(s)

2021-10-14 17:20:53 - [MESSAGE][PASSED] - Method.TextDegerineEsitElementeTiklaEquals is PASSED

2021-10-14 17:20:53 - [MESSAGE][PASSED] - Call Test Case 'Test Cases/Butonlar/ButonaTikla' successfully

2021-10-14 17:20:53 - [MESSAGE][INFO] - Checking called Test Case

2021-10-14 17:20:53 - [MESSAGE][INFO] - Starting to call Test Case 'Test Cases/Butonlar/AltButonaTikla'

2021-10-14 17:20:53 - [TEST_CASE][PASSED] - Test Cases/Butonlar/AltButonaTikla: Test Cases/Butonlar/AltButonaTikla

2021-10-14 17:20:53 - [TEST_STEP][PASSED] - Method.TextDegerineEsitElementeTikla(findTestObject("Butonlar/AltButonlar"), Alt_Buton): Method.TextDegerineEsitElementeTikla is PASSED

2021-10-14 17:20:53 - [MESSAGE][INFO] - Finding Test Object 'Object Repository/Butonlar/AltButonlar'

2021-10-14 17:20:53 - [MESSAGE][INFO] - Checking timeout

2021-10-14 17:20:53 - [MESSAGE][INFO] - Finding web element with id: 'Object Repository/Butonlar/AltButonlar' located by 'By.cssSelector: .btn-group.open li>a' in '10' second(s)

2021-10-14 17:20:53 - [MESSAGE][INFO] - Smart Wait Function is triggered

2021-10-14 17:20:54 - [MESSAGE][INFO] - Found 2 web elements with id: 'Object Repository/Butonlar/AltButonlar' located by 'By.cssSelector: .btn-group.open li>a' in '10' second(s)

2021-10-14 17:20:54 - [MESSAGE][PASSED] - Method.TextDegerineEsitElementeTikla is PASSED

2021-10-14 17:20:54 - [MESSAGE][PASSED] - Call Test Case 'Test Cases/Butonlar/AltButonaTikla' successfully

2021-10-14 17:20:54 - [MESSAGE][INFO] - Checking called Test Case

2021-10-14 17:20:54 - [MESSAGE][INFO] - Starting to call Test Case 'Test Cases/Popup/PopupMesajiIceriyorMu'

2021-10-14 17:20:54 - [TEST_CASE][PASSED] - Test Cases/Popup/PopupMesajiIceriyorMu: Test Cases/Popup/PopupMesajiIceriyorMu

2021-10-14 17:20:54 - [TEST_STEP][PASSED] - waitForElementVisible(findTestObject("Popup/Popup"), 10): Object 'Object Repository/Popup/Popup' is visible

2021-10-14 17:20:54 - [MESSAGE][INFO] - Finding Test Object 'Object Repository/Popup/Popup'

2021-10-14 17:20:54 - [MESSAGE][INFO] - Checking object

2021-10-14 17:20:54 - [MESSAGE][INFO] - Checking timeout

2021-10-14 17:20:54 - [MESSAGE][INFO] - Finding web element from Test Object's properties

2021-10-14 17:20:54 - [MESSAGE][INFO] - Checking timeout

2021-10-14 17:20:54 - [MESSAGE][INFO] - Finding web element with id: 'Object Repository/Popup/Popup' located by 'By.cssSelector: .bootbox-body' in '10' second(s)

2021-10-14 17:20:54 - [MESSAGE][INFO] - Smart Wait Function is triggered

2021-10-14 17:20:54 - [MESSAGE][INFO] - Found 1 web elements with id: 'Object Repository/Popup/Popup' located by 'By.cssSelector: .bootbox-body' in '10' second(s)

2021-10-14 17:20:54 - [MESSAGE][PASSED] - Object 'Object Repository/Popup/Popup' is visible

2021-10-14 17:20:54 - [TEST_STEP][PASSED] - if (!(getText(findTestObject("Popup/Popup")).contains(Mesaj))): Text of object 'Object Repository/Popup/Popup' is: 'Lütfen rapor bildiriminin gönderileceği e-posta adresini belirtiniz.
e-Posta Adresi'

2021-10-14 17:20:54 - [MESSAGE][INFO] - Finding Test Object 'Object Repository/Popup/Popup'

2021-10-14 17:20:55 - [MESSAGE][INFO] - Checking object

2021-10-14 17:20:55 - [MESSAGE][INFO] - Finding web element from Test Object's properties

2021-10-14 17:20:55 - [MESSAGE][INFO] - Checking timeout

2021-10-14 17:20:55 - [MESSAGE][INFO] - Finding web element with id: 'Object Repository/Popup/Popup' located by 'By.cssSelector: .bootbox-body' in '30' second(s)

2021-10-14 17:20:55 - [MESSAGE][INFO] - Smart Wait Function is triggered

2021-10-14 17:20:55 - [MESSAGE][INFO] - Found 1 web elements with id: 'Object Repository/Popup/Popup' located by 'By.cssSelector: .bootbox-body' in '30' second(s)

2021-10-14 17:20:55 - [MESSAGE][INFO] - Getting text of object 'Object Repository/Popup/Popup'

2021-10-14 17:20:55 - [MESSAGE][PASSED] - Text of object 'Object Repository/Popup/Popup' is: 'Lütfen rapor bildiriminin gönderileceği e-posta adresini belirtiniz.
e-Posta Adresi'

2021-10-14 17:20:55 - [TEST_STEP][PASSED] - RaporNo = getText(findTestObject("Popup/Popup")).substring(0, 6): Text of object 'Object Repository/Popup/Popup' is: 'Lütfen rapor bildiriminin gönderileceği e-posta adresini belirtiniz.
e-Posta Adresi'

2021-10-14 17:20:55 - [MESSAGE][INFO] - Finding Test Object 'Object Repository/Popup/Popup'

2021-10-14 17:20:55 - [MESSAGE][INFO] - Checking object

2021-10-14 17:20:55 - [MESSAGE][INFO] - Finding web element from Test Object's properties

2021-10-14 17:20:55 - [MESSAGE][INFO] - Checking timeout

2021-10-14 17:20:55 - [MESSAGE][INFO] - Finding web element with id: 'Object Repository/Popup/Popup' located by 'By.cssSelector: .bootbox-body' in '30' second(s)

2021-10-14 17:20:55 - [MESSAGE][INFO] - Smart Wait Function is triggered

2021-10-14 17:20:55 - [MESSAGE][INFO] - Found 1 web elements with id: 'Object Repository/Popup/Popup' located by 'By.cssSelector: .bootbox-body' in '30' second(s)

2021-10-14 17:20:55 - [MESSAGE][INFO] - Getting text of object 'Object Repository/Popup/Popup'

2021-10-14 17:20:55 - [MESSAGE][PASSED] - Text of object 'Object Repository/Popup/Popup' is: 'Lütfen rapor bildiriminin gönderileceği e-posta adresini belirtiniz.
e-Posta Adresi'

2021-10-14 17:20:55 - [TEST_STEP][PASSED] - Console.println(RaporNo): null

2021-10-14 17:20:55 - [MESSAGE][PASSED] - Call Test Case 'Test Cases/Popup/PopupMesajiIceriyorMu' successfully

2021-10-14 17:20:55 - [MESSAGE][INFO] - Checking called Test Case

2021-10-14 17:20:55 - [MESSAGE][INFO] - Starting to call Test Case 'Test Cases/Popup/PopupButonSecilir'

2021-10-14 17:20:55 - [TEST_CASE][PASSED] - Test Cases/Popup/PopupButonSecilir: Test Cases/Popup/PopupButonSecilir

2021-10-14 17:20:55 - [TEST_STEP][PASSED] - Method.TextDegerineEsitElementeTikla(findTestObject("Popup/Popup_Butons"), Buton): Method.TextDegerineEsitElementeTikla is PASSED

2021-10-14 17:20:55 - [MESSAGE][INFO] - Finding Test Object 'Object Repository/Popup/Popup_Butons'

2021-10-14 17:20:56 - [MESSAGE][INFO] - Checking timeout

2021-10-14 17:20:56 - [MESSAGE][INFO] - Finding web element with id: 'Object Repository/Popup/Popup_Butons' located by 'By.cssSelector: .modal-footer>button' in '10' second(s)

2021-10-14 17:20:56 - [MESSAGE][INFO] - Smart Wait Function is triggered

2021-10-14 17:20:56 - [MESSAGE][INFO] - Found 2 web elements with id: 'Object Repository/Popup/Popup_Butons' located by 'By.cssSelector: .modal-footer>button' in '10' second(s)

2021-10-14 17:20:56 - [MESSAGE][PASSED] - Method.TextDegerineEsitElementeTikla is PASSED

2021-10-14 17:20:56 - [MESSAGE][PASSED] - Call Test Case 'Test Cases/Popup/PopupButonSecilir' successfully

2021-10-14 17:20:56 - [MESSAGE][INFO] - Checking called Test Case

2021-10-14 17:20:56 - [MESSAGE][INFO] - Starting to call Test Case 'Test Cases/Popup/PopupMesajiIceriyorMu'

2021-10-14 17:20:56 - [TEST_CASE][PASSED] - Test Cases/Popup/PopupMesajiIceriyorMu: Test Cases/Popup/PopupMesajiIceriyorMu

2021-10-14 17:20:56 - [TEST_STEP][PASSED] - waitForElementVisible(findTestObject("Popup/Popup"), 10): Object 'Object Repository/Popup/Popup' is visible

2021-10-14 17:20:56 - [MESSAGE][INFO] - Finding Test Object 'Object Repository/Popup/Popup'

2021-10-14 17:20:56 - [MESSAGE][INFO] - Checking object

2021-10-14 17:20:56 - [MESSAGE][INFO] - Checking timeout

2021-10-14 17:20:56 - [MESSAGE][INFO] - Finding web element from Test Object's properties

2021-10-14 17:20:56 - [MESSAGE][INFO] - Checking timeout

2021-10-14 17:20:56 - [MESSAGE][INFO] - Finding web element with id: 'Object Repository/Popup/Popup' located by 'By.cssSelector: .bootbox-body' in '10' second(s)

2021-10-14 17:20:56 - [MESSAGE][INFO] - Smart Wait Function is triggered

2021-10-14 17:20:57 - [MESSAGE][INFO] - Found 1 web elements with id: 'Object Repository/Popup/Popup' located by 'By.cssSelector: .bootbox-body' in '10' second(s)

2021-10-14 17:20:57 - [MESSAGE][PASSED] - Object 'Object Repository/Popup/Popup' is visible

2021-10-14 17:20:57 - [TEST_STEP][PASSED] - if (!(getText(findTestObject("Popup/Popup")).contains(Mesaj))): Text of object 'Object Repository/Popup/Popup' is: '14583 no’lu talebiniz işleme alınmıştır. Raporunuz hazırlandığında (elogotest@gmail.com) adresinize mail gönderilecektir.
Rapor durumunuzu Raporlar > Toplu Veri İndirme ekranından takip edebilir, hazırlandı durumundaki raporlarınızı ilgili menüden indirebilirsiniz.'

2021-10-14 17:20:57 - [MESSAGE][INFO] - Finding Test Object 'Object Repository/Popup/Popup'

2021-10-14 17:20:58 - [MESSAGE][INFO] - Checking object

2021-10-14 17:20:58 - [MESSAGE][INFO] - Finding web element from Test Object's properties

2021-10-14 17:20:58 - [MESSAGE][INFO] - Checking timeout

2021-10-14 17:20:58 - [MESSAGE][INFO] - Finding web element with id: 'Object Repository/Popup/Popup' located by 'By.cssSelector: .bootbox-body' in '30' second(s)

2021-10-14 17:20:58 - [MESSAGE][INFO] - Smart Wait Function is triggered

2021-10-14 17:20:58 - [MESSAGE][INFO] - Found 1 web elements with id: 'Object Repository/Popup/Popup' located by 'By.cssSelector: .bootbox-body' in '30' second(s)

2021-10-14 17:20:58 - [MESSAGE][INFO] - Getting text of object 'Object Repository/Popup/Popup'

2021-10-14 17:20:58 - [MESSAGE][PASSED] - Text of object 'Object Repository/Popup/Popup' is: '14583 no’lu talebiniz işleme alınmıştır. Raporunuz hazırlandığında (elogotest@gmail.com) adresinize mail gönderilecektir.
Rapor durumunuzu Raporlar > Toplu Veri İndirme ekranından takip edebilir, hazırlandı durumundaki raporlarınızı ilgili menüden indirebilirsiniz.'

2021-10-14 17:20:58 - [TEST_STEP][PASSED] - RaporNo = getText(findTestObject("Popup/Popup")).substring(0, 6): Text of object 'Object Repository/Popup/Popup' is: '14583 no’lu talebiniz işleme alınmıştır. Raporunuz hazırlandığında (elogotest@gmail.com) adresinize mail gönderilecektir.
Rapor durumunuzu Raporlar > Toplu Veri İndirme ekranından takip edebilir, hazırlandı durumundaki raporlarınızı ilgili menüden indirebilirsiniz.'

2021-10-14 17:20:58 - [MESSAGE][INFO] - Finding Test Object 'Object Repository/Popup/Popup'

2021-10-14 17:20:58 - [MESSAGE][INFO] - Checking object

2021-10-14 17:20:58 - [MESSAGE][INFO] - Finding web element from Test Object's properties

2021-10-14 17:20:58 - [MESSAGE][INFO] - Checking timeout

2021-10-14 17:20:58 - [MESSAGE][INFO] - Finding web element with id: 'Object Repository/Popup/Popup' located by 'By.cssSelector: .bootbox-body' in '30' second(s)

2021-10-14 17:20:58 - [MESSAGE][INFO] - Smart Wait Function is triggered

2021-10-14 17:20:58 - [MESSAGE][INFO] - Found 1 web elements with id: 'Object Repository/Popup/Popup' located by 'By.cssSelector: .bootbox-body' in '30' second(s)

2021-10-14 17:20:58 - [MESSAGE][INFO] - Getting text of object 'Object Repository/Popup/Popup'

2021-10-14 17:20:58 - [MESSAGE][PASSED] - Text of object 'Object Repository/Popup/Popup' is: '14583 no’lu talebiniz işleme alınmıştır. Raporunuz hazırlandığında (elogotest@gmail.com) adresinize mail gönderilecektir.
Rapor durumunuzu Raporlar > Toplu Veri İndirme ekranından takip edebilir, hazırlandı durumundaki raporlarınızı ilgili menüden indirebilirsiniz.'

2021-10-14 17:20:58 - [TEST_STEP][PASSED] - Console.println(RaporNo): null

2021-10-14 17:20:58 - [MESSAGE][PASSED] - Call Test Case 'Test Cases/Popup/PopupMesajiIceriyorMu' successfully

2021-10-14 17:20:58 - [MESSAGE][INFO] - Checking called Test Case

2021-10-14 17:20:58 - [MESSAGE][INFO] - Starting to call Test Case 'Test Cases/Popup/PopupButonSecilir'

2021-10-14 17:20:58 - [TEST_CASE][PASSED] - Test Cases/Popup/PopupButonSecilir: Test Cases/Popup/PopupButonSecilir

2021-10-14 17:20:58 - [TEST_STEP][PASSED] - Method.TextDegerineEsitElementeTikla(findTestObject("Popup/Popup_Butons"), Buton): Method.TextDegerineEsitElementeTikla is PASSED

2021-10-14 17:20:58 - [MESSAGE][INFO] - Finding Test Object 'Object Repository/Popup/Popup_Butons'

2021-10-14 17:20:58 - [MESSAGE][INFO] - Checking timeout

2021-10-14 17:20:58 - [MESSAGE][INFO] - Finding web element with id: 'Object Repository/Popup/Popup_Butons' located by 'By.cssSelector: .modal-footer>button' in '10' second(s)

2021-10-14 17:20:58 - [MESSAGE][INFO] - Smart Wait Function is triggered

2021-10-14 17:20:59 - [MESSAGE][INFO] - Found 1 web elements with id: 'Object Repository/Popup/Popup_Butons' located by 'By.cssSelector: .modal-footer>button' in '10' second(s)

2021-10-14 17:20:59 - [MESSAGE][PASSED] - Method.TextDegerineEsitElementeTikla is PASSED

2021-10-14 17:20:59 - [MESSAGE][PASSED] - Call Test Case 'Test Cases/Popup/PopupButonSecilir' successfully

2021-10-14 17:20:59 - [MESSAGE][INFO] - Checking called Test Case

2021-10-14 17:20:59 - [MESSAGE][INFO] - Starting to call Test Case 'Test Cases/Menu/AnaMenuSecimi'

2021-10-14 17:20:59 - [TEST_CASE][PASSED] - Test Cases/Menu/AnaMenuSecimi: Test Cases/Menu/AnaMenuSecimi

2021-10-14 17:20:59 - [TEST_STEP][PASSED] - Method.TextDegerineEsitElementeTikla(findTestObject("Menu/Ana_Menu"), Ana_Menu): Method.TextDegerineEsitElementeTikla is PASSED

2021-10-14 17:20:59 - [MESSAGE][INFO] - Finding Test Object 'Object Repository/Menu/Ana_Menu'

2021-10-14 17:20:59 - [MESSAGE][INFO] - Checking timeout

2021-10-14 17:20:59 - [MESSAGE][INFO] - Finding web element with id: 'Object Repository/Menu/Ana_Menu' located by 'By.xpath: //*[@class = 'dropdown-toggle']' in '10' second(s)

2021-10-14 17:20:59 - [MESSAGE][INFO] - Smart Wait Function is triggered

2021-10-14 17:21:00 - [MESSAGE][INFO] - Found 15 web elements with id: 'Object Repository/Menu/Ana_Menu' located by 'By.xpath: //*[@class = 'dropdown-toggle']' in '10' second(s)

2021-10-14 17:21:00 - [MESSAGE][PASSED] - Method.TextDegerineEsitElementeTikla is PASSED

2021-10-14 17:21:00 - [MESSAGE][PASSED] - Call Test Case 'Test Cases/Menu/AnaMenuSecimi' successfully

2021-10-14 17:21:00 - [MESSAGE][INFO] - Checking called Test Case

2021-10-14 17:21:00 - [MESSAGE][INFO] - Starting to call Test Case 'Test Cases/Menu/AltMenuSecimi'

2021-10-14 17:21:00 - [TEST_CASE][PASSED] - Test Cases/Menu/AltMenuSecimi: Test Cases/Menu/AltMenuSecimi

2021-10-14 17:21:00 - [TEST_STEP][PASSED] - Method.TextDegerineEsitElementeTikla(findTestObject("Menu/Alt_Menu"), Alt_Menu): Method.TextDegerineEsitElementeTikla is PASSED

2021-10-14 17:21:00 - [MESSAGE][INFO] - Finding Test Object 'Object Repository/Menu/Alt_Menu'

2021-10-14 17:21:00 - [MESSAGE][INFO] - Checking timeout

2021-10-14 17:21:00 - [MESSAGE][INFO] - Finding web element with id: 'Object Repository/Menu/Alt_Menu' located by 'By.xpath: //li[@class='dropdown dropdown-large open']//li[@class='dropdown-element']' in '10' second(s)

2021-10-14 17:21:00 - [MESSAGE][INFO] - Smart Wait Function is triggered

2021-10-14 17:21:00 - [MESSAGE][INFO] - Found 9 web elements with id: 'Object Repository/Menu/Alt_Menu' located by 'By.xpath: //li[@class='dropdown dropdown-large open']//li[@class='dropdown-element']' in '10' second(s)

2021-10-14 17:21:01 - [MESSAGE][PASSED] - Method.TextDegerineEsitElementeTikla is PASSED

2021-10-14 17:21:01 - [MESSAGE][PASSED] - Call Test Case 'Test Cases/Menu/AltMenuSecimi' successfully

2021-10-14 17:21:01 - [MESSAGE][INFO] - Checking called Test Case

2021-10-14 17:21:01 - [MESSAGE][INFO] - Starting to call Test Case 'Test Cases/Filtreler/RaporNoYaz'

2021-10-14 17:21:01 - [TEST_CASE][PASSED] - Test Cases/Filtreler/RaporNoYaz: Test Cases/Filtreler/RaporNoYaz

2021-10-14 17:21:01 - [TEST_STEP][PASSED] - Method.TextDegerineEsitElementinAltindakiTextboxtaYaz(findTestObject("Filtreler/Basliklar"), findTestObject("Filtreler/Basliga_Gore_Textbox"), "Talep No", RaporNo): Method.TextDegerineEsitElementinAltindakiTextboxtaYaz is PASSED

2021-10-14 17:21:01 - [MESSAGE][INFO] - Finding Test Object 'Object Repository/Filtreler/Basliklar'

2021-10-14 17:21:02 - [MESSAGE][INFO] - Finding Test Object 'Object Repository/Filtreler/Basliga_Gore_Textbox'

2021-10-14 17:21:02 - [MESSAGE][INFO] - Checking timeout

2021-10-14 17:21:02 - [MESSAGE][INFO] - Finding web element with id: 'Object Repository/Filtreler/Basliklar' located by 'By.cssSelector: .control-label.col-sm-4.paddingMarginRLC' in '10' second(s)

2021-10-14 17:21:02 - [MESSAGE][INFO] - Smart Wait Function is triggered

2021-10-14 17:21:02 - [MESSAGE][INFO] - Found 8 web elements with id: 'Object Repository/Filtreler/Basliklar' located by 'By.cssSelector: .control-label.col-sm-4.paddingMarginRLC' in '10' second(s)

2021-10-14 17:21:02 - [MESSAGE][INFO] - Smart Wait Function is triggered

2021-10-14 17:21:02 - [MESSAGE][PASSED] - Method.TextDegerineEsitElementinAltindakiTextboxtaYaz is PASSED

2021-10-14 17:21:02 - [MESSAGE][PASSED] - Call Test Case 'Test Cases/Filtreler/RaporNoYaz' successfully

2021-10-14 17:21:02 - [MESSAGE][INFO] - Checking called Test Case

2021-10-14 17:21:02 - [MESSAGE][INFO] - Starting to call Test Case 'Test Cases/Filtreler/ButonaTikla'

2021-10-14 17:21:03 - [TEST_CASE][PASSED] - Test Cases/Filtreler/ButonaTikla: Test Cases/Filtreler/ButonaTikla

2021-10-14 17:21:03 - [TEST_STEP][PASSED] - Method.TextDegerineEsitElementeTikla(findTestObject("Filtreler/Butonlar"), Filtre_Buton): Method.TextDegerineEsitElementeTikla is PASSED

2021-10-14 17:21:03 - [MESSAGE][INFO] - Finding Test Object 'Object Repository/Filtreler/Butonlar'

2021-10-14 17:21:03 - [MESSAGE][INFO] - Checking timeout

2021-10-14 17:21:03 - [MESSAGE][INFO] - Finding web element with id: 'Object Repository/Filtreler/Butonlar' located by 'By.cssSelector: .dxb>span' in '10' second(s)

2021-10-14 17:21:03 - [MESSAGE][INFO] - Smart Wait Function is triggered

2021-10-14 17:21:03 - [MESSAGE][INFO] - Found 2 web elements with id: 'Object Repository/Filtreler/Butonlar' located by 'By.cssSelector: .dxb>span' in '10' second(s)

2021-10-14 17:21:03 - [MESSAGE][PASSED] - Method.TextDegerineEsitElementeTikla is PASSED

2021-10-14 17:21:03 - [MESSAGE][PASSED] - Call Test Case 'Test Cases/Filtreler/ButonaTikla' successfully

2021-10-14 17:21:03 - [MESSAGE][INFO] - Checking called Test Case

2021-10-14 17:21:03 - [MESSAGE][INFO] - Starting to call Test Case 'Test Cases/Tablo/TablodaVeriVarMi'

2021-10-14 17:21:03 - [TEST_CASE][PASSED] - Test Cases/Tablo/TablodaVeriVarMi: Test Cases/Tablo/TablodaVeriVarMi

2021-10-14 17:21:03 - [TEST_STEP][PASSED] - verifyTextNotPresent("Görüntülenecek veri yok", true): Text 'Görüntülenecek veri yok' is not present on page using regular expression

2021-10-14 17:21:03 - [MESSAGE][INFO] - Checking text present  using regular expression

2021-10-14 17:21:03 - [MESSAGE][INFO] - Smart Wait Function is triggered

2021-10-14 17:21:09 - [MESSAGE][INFO] - Finding text 'Görüntülenecek veri yok' on page  using regular expression

2021-10-14 17:21:09 - [MESSAGE][PASSED] - Text 'Görüntülenecek veri yok' is not present on page using regular expression

2021-10-14 17:21:09 - [MESSAGE][PASSED] - Call Test Case 'Test Cases/Tablo/TablodaVeriVarMi' successfully

2021-10-14 17:21:09 - [MESSAGE][INFO] - Checking called Test Case

2021-10-14 17:21:09 - [MESSAGE][INFO] - Starting to call Test Case 'Test Cases/Kullanici_Islemleri/KullaniciIslemlerindenSecimYapilir'

2021-10-14 17:21:09 - [TEST_CASE][PASSED] - Test Cases/Kullanici_Islemleri/KullaniciIslemlerindenSecimYapilir: Test Cases/Kullanici_Islemleri/KullaniciIslemlerindenSecimYapilir

2021-10-14 17:21:09 - [TEST_STEP][PASSED] - waitForElementClickable(findTestObject("Object Repository/Kullanici_Islemleri/KullaniciIslemleri"), 10): Object 'Object Repository/Kullanici_Islemleri/KullaniciIslemleri' is clickable

2021-10-14 17:21:09 - [MESSAGE][INFO] - Finding Test Object 'Object Repository/Kullanici_Islemleri/KullaniciIslemleri'

2021-10-14 17:21:09 - [MESSAGE][INFO] - Checking object

2021-10-14 17:21:09 - [MESSAGE][INFO] - Checking timeout

2021-10-14 17:21:09 - [MESSAGE][INFO] - Finding web element from Test Object's properties

2021-10-14 17:21:09 - [MESSAGE][INFO] - Checking timeout

2021-10-14 17:21:09 - [MESSAGE][INFO] - Finding web element with id: 'Object Repository/Kullanici_Islemleri/KullaniciIslemleri' located by 'By.cssSelector: .dropdown>a>img' in '10' second(s)

2021-10-14 17:21:09 - [MESSAGE][INFO] - Smart Wait Function is triggered

2021-10-14 17:21:09 - [MESSAGE][INFO] - Found 1 web elements with id: 'Object Repository/Kullanici_Islemleri/KullaniciIslemleri' located by 'By.cssSelector: .dropdown>a>img' in '10' second(s)

2021-10-14 17:21:09 - [MESSAGE][PASSED] - Object 'Object Repository/Kullanici_Islemleri/KullaniciIslemleri' is clickable

2021-10-14 17:21:09 - [TEST_STEP][PASSED] - click(findTestObject("Object Repository/Kullanici_Islemleri/KullaniciIslemleri")): Object: 'Object Repository/Kullanici_Islemleri/KullaniciIslemleri' is clicked on

2021-10-14 17:21:09 - [MESSAGE][INFO] - Finding Test Object 'Object Repository/Kullanici_Islemleri/KullaniciIslemleri'

2021-10-14 17:21:09 - [MESSAGE][INFO] - Checking object

2021-10-14 17:21:09 - [MESSAGE][INFO] - Finding web element from Test Object's properties

2021-10-14 17:21:09 - [MESSAGE][INFO] - Checking timeout

2021-10-14 17:21:09 - [MESSAGE][INFO] - Finding web element with id: 'Object Repository/Kullanici_Islemleri/KullaniciIslemleri' located by 'By.cssSelector: .dropdown>a>img' in '30' second(s)

2021-10-14 17:21:09 - [MESSAGE][INFO] - Smart Wait Function is triggered

2021-10-14 17:21:10 - [MESSAGE][INFO] - Found 1 web elements with id: 'Object Repository/Kullanici_Islemleri/KullaniciIslemleri' located by 'By.cssSelector: .dropdown>a>img' in '30' second(s)

2021-10-14 17:21:10 - [MESSAGE][INFO] - Clicking on object: 'Object Repository/Kullanici_Islemleri/KullaniciIslemleri'

2021-10-14 17:21:10 - [MESSAGE][PASSED] - Object: 'Object Repository/Kullanici_Islemleri/KullaniciIslemleri' is clicked on

2021-10-14 17:21:10 - [TEST_STEP][PASSED] - Method.TextDegerineEsitElementeTikla(findTestObject("Object Repository/Kullanici_Islemleri/Secenekler"), Islem): Method.TextDegerineEsitElementeTikla is PASSED

2021-10-14 17:21:10 - [MESSAGE][INFO] - Finding Test Object 'Object Repository/Kullanici_Islemleri/Secenekler'

2021-10-14 17:21:10 - [MESSAGE][INFO] - Checking timeout

2021-10-14 17:21:10 - [MESSAGE][INFO] - Finding web element with id: 'Object Repository/Kullanici_Islemleri/Secenekler' located by 'By.cssSelector: .nav.navbar-nav.navbar-right li a' in '10' second(s)

2021-10-14 17:21:10 - [MESSAGE][INFO] - Smart Wait Function is triggered

2021-10-14 17:21:10 - [MESSAGE][INFO] - Found 22 web elements with id: 'Object Repository/Kullanici_Islemleri/Secenekler' located by 'By.cssSelector: .nav.navbar-nav.navbar-right li a' in '10' second(s)

2021-10-14 17:21:12 - [MESSAGE][PASSED] - Method.TextDegerineEsitElementeTikla is PASSED

2021-10-14 17:21:12 - [TEST_STEP][PASSED] - verifyElementNotPresent(findTestObject("Object Repository/Kullanici_Islemleri/Secenekler"), 10): Web element with id: 'Object Repository/Kullanici_Islemleri/Secenekler' located by 'By.cssSelector: .nav.navbar-nav.navbar-right li a' is not present after '10' second(s)

2021-10-14 17:21:12 - [MESSAGE][INFO] - Finding Test Object 'Object Repository/Kullanici_Islemleri/Secenekler'

2021-10-14 17:21:12 - [MESSAGE][INFO] - Checking object

2021-10-14 17:21:12 - [MESSAGE][INFO] - Checking timeout

2021-10-14 17:21:12 - [MESSAGE][INFO] - Finding web element with id: 'Object Repository/Kullanici_Islemleri/Secenekler' located by 'By.cssSelector: .nav.navbar-nav.navbar-right li a' in '10' second(s)

2021-10-14 17:21:12 - [MESSAGE][INFO] - Smart Wait Function is triggered

2021-10-14 17:21:12 - [MESSAGE][PASSED] - Web element with id: 'Object Repository/Kullanici_Islemleri/Secenekler' located by 'By.cssSelector: .nav.navbar-nav.navbar-right li a' is not present after '10' second(s)

2021-10-14 17:21:12 - [MESSAGE][PASSED] - Call Test Case 'Test Cases/Kullanici_Islemleri/KullaniciIslemlerindenSecimYapilir' successfully

2021-10-14 17:21:12 - [TEST_CASE][PASSED] - Start Test Case : SCENARIO Uygulama Yanitinin Excele aktarilmasi: SCENARIO Uygulama Yanitinin Excele aktarilmasi

2021-10-14 17:21:12 - [TEST_STEP][PASSED] - Kullanıcı adı ELOGO6 ve Şifre 123456 olarak giriş yapılır: Kullanıcı adı ELOGO6 ve Şifre 123456 olarak giriş yapılır

2021-10-14 17:21:12 - [MESSAGE][PASSED] - Kullanıcı adı ELOGO6 ve Şifre 123456 olarak giriş yapılır

2021-10-14 17:21:12 - [TEST_STEP][PASSED] - Ana menüden e-Fatura seçilir: Ana menüden e-Fatura seçilir

2021-10-14 17:21:12 - [MESSAGE][PASSED] - Ana menüden e-Fatura seçilir

2021-10-14 17:21:12 - [TEST_STEP][PASSED] - Alt menü Gelen Kutusu başlığı altındaki Uygulama Yanıtları seçilir: Alt menü Gelen Kutusu başlığı altındaki Uygulama Yanıtları seçilir

2021-10-14 17:21:12 - [MESSAGE][PASSED] - Alt menü Gelen Kutusu başlığı altındaki Uygulama Yanıtları seçilir

2021-10-14 17:21:12 - [TEST_STEP][PASSED] - Filtrelerden Oluşturma Tarihi filtresine 01.12.2020 baslangic degerini yaz: Filtrelerden Oluşturma Tarihi filtresine 01.12.2020 baslangic degerini yaz

2021-10-14 17:21:12 - [MESSAGE][PASSED] - Filtrelerden Oluşturma Tarihi filtresine 01.12.2020 baslangic degerini yaz

2021-10-14 17:21:12 - [TEST_STEP][PASSED] - Filtrelerden Oluşturma Tarihi filtresine 31.12.2020 bitis degerini yaz: Filtrelerden Oluşturma Tarihi filtresine 31.12.2020 bitis degerini yaz

2021-10-14 17:21:12 - [MESSAGE][PASSED] - Filtrelerden Oluşturma Tarihi filtresine 31.12.2020 bitis degerini yaz

2021-10-14 17:21:12 - [TEST_STEP][PASSED] - Filtrelerden Gönderen VKN filtresine 1234567806 textini yaz: Filtrelerden Gönderen VKN filtresine 1234567806 textini yaz

2021-10-14 17:21:12 - [MESSAGE][PASSED] - Filtrelerden Gönderen VKN filtresine 1234567806 textini yaz

2021-10-14 17:21:12 - [TEST_STEP][PASSED] - Filtre butonlarından Listele seçilir: Filtre butonlarından Listele seçilir

2021-10-14 17:21:12 - [MESSAGE][PASSED] - Filtre butonlarından Listele seçilir

2021-10-14 17:21:12 - [TEST_STEP][PASSED] - Tabloda veri var mı kontrol edilir: Tabloda veri var mı kontrol edilir

2021-10-14 17:21:12 - [MESSAGE][PASSED] - Tabloda veri var mı kontrol edilir

2021-10-14 17:21:12 - [TEST_STEP][PASSED] - Tablodan 1234567806 isimli veri seçilir: Tablodan 1234567806 isimli veri seçilir

2021-10-14 17:21:12 - [MESSAGE][PASSED] - Tablodan 1234567806 isimli veri seçilir

2021-10-14 17:21:12 - [TEST_STEP][PASSED] - Butonlardan Excel isimli butona tıklanır: Butonlardan Excel isimli butona tıklanır

2021-10-14 17:21:12 - [MESSAGE][PASSED] - Butonlardan Excel isimli butona tıklanır

2021-10-14 17:21:12 - [TEST_STEP][PASSED] - Alt butonlardan Excel'e Aktar butonuna tıklanır: Alt butonlardan Excel'e Aktar butonuna tıklanır

2021-10-14 17:21:12 - [MESSAGE][PASSED] - Alt butonlardan Excel'e Aktar butonuna tıklanır

2021-10-14 17:21:12 - [TEST_STEP][PASSED] - Popup mesajı Lütfen rapor bildiriminin gönderileceği e-posta adresini belirtiniz. içeriyor mu: Popup mesajı Lütfen rapor bildiriminin gönderileceği e-posta adresini belirtiniz. içeriyor mu

2021-10-14 17:21:12 - [MESSAGE][PASSED] - Popup mesajı Lütfen rapor bildiriminin gönderileceği e-posta adresini belirtiniz. içeriyor mu

2021-10-14 17:21:12 - [TEST_STEP][PASSED] - Yönetim popupında Gönder seçilir: Yönetim popupında Gönder seçilir

2021-10-14 17:21:12 - [MESSAGE][PASSED] - Yönetim popupında Gönder seçilir

2021-10-14 17:21:12 - [TEST_STEP][PASSED] - Popup mesajı Toplu Veri İndirme içeriyor mu: Popup mesajı Toplu Veri İndirme içeriyor mu

2021-10-14 17:21:12 - [MESSAGE][PASSED] - Popup mesajı Toplu Veri İndirme içeriyor mu

2021-10-14 17:21:12 - [TEST_STEP][PASSED] - Yönetim popupında Tamam seçilir: Yönetim popupında Tamam seçilir

2021-10-14 17:21:12 - [MESSAGE][PASSED] - Yönetim popupında Tamam seçilir

2021-10-14 17:21:12 - [TEST_STEP][PASSED] - Butonlardan Excel isimli butona tıklanır: Butonlardan Excel isimli butona tıklanır

2021-10-14 17:21:12 - [MESSAGE][PASSED] - Butonlardan Excel isimli butona tıklanır

2021-10-14 17:21:12 - [TEST_STEP][PASSED] - Alt butonlardan Tümünü Excel'e Aktar butonuna tıklanır: Alt butonlardan Tümünü Excel'e Aktar butonuna tıklanır

2021-10-14 17:21:12 - [MESSAGE][PASSED] - Alt butonlardan Tümünü Excel'e Aktar butonuna tıklanır

2021-10-14 17:21:12 - [TEST_STEP][PASSED] - Popup mesajı Lütfen rapor bildiriminin gönderileceği e-posta adresini belirtiniz. içeriyor mu: Popup mesajı Lütfen rapor bildiriminin gönderileceği e-posta adresini belirtiniz. içeriyor mu

2021-10-14 17:21:12 - [MESSAGE][PASSED] - Popup mesajı Lütfen rapor bildiriminin gönderileceği e-posta adresini belirtiniz. içeriyor mu

2021-10-14 17:21:12 - [TEST_STEP][PASSED] - Yönetim popupında Gönder seçilir: Yönetim popupında Gönder seçilir

2021-10-14 17:21:12 - [MESSAGE][PASSED] - Yönetim popupında Gönder seçilir

2021-10-14 17:21:12 - [TEST_STEP][PASSED] - Popup mesajı Toplu Veri İndirme içeriyor mu: Popup mesajı Toplu Veri İndirme içeriyor mu

2021-10-14 17:21:12 - [MESSAGE][PASSED] - Popup mesajı Toplu Veri İndirme içeriyor mu

2021-10-14 17:21:12 - [TEST_STEP][PASSED] - Yönetim popupında Tamam seçilir: Yönetim popupında Tamam seçilir

2021-10-14 17:21:12 - [MESSAGE][PASSED] - Yönetim popupında Tamam seçilir

2021-10-14 17:21:12 - [TEST_STEP][PASSED] - Ana menüden Raporlar seçilir: Ana menüden Raporlar seçilir

2021-10-14 17:21:12 - [MESSAGE][PASSED] - Ana menüden Raporlar seçilir

2021-10-14 17:21:12 - [TEST_STEP][PASSED] - Alt menüden Toplu Veri İndirme seçilir: Alt menüden Toplu Veri İndirme seçilir

2021-10-14 17:21:12 - [MESSAGE][PASSED] - Alt menüden Toplu Veri İndirme seçilir

2021-10-14 17:21:12 - [TEST_STEP][PASSED] - Filtrelerden Talep No filtresine Rapor No bilgisi yaz: Filtrelerden Talep No filtresine Rapor No bilgisi yaz

2021-10-14 17:21:12 - [MESSAGE][PASSED] - Filtrelerden Talep No filtresine Rapor No bilgisi yaz

2021-10-14 17:21:12 - [TEST_STEP][PASSED] - Filtre butonlarından Listele seçilir: Filtre butonlarından Listele seçilir

2021-10-14 17:21:12 - [MESSAGE][PASSED] - Filtre butonlarından Listele seçilir

2021-10-14 17:21:12 - [TEST_STEP][PASSED] - Tabloda veri var mı kontrol edilir: Tabloda veri var mı kontrol edilir

2021-10-14 17:21:12 - [MESSAGE][PASSED] - Tabloda veri var mı kontrol edilir

2021-10-14 17:21:12 - [TEST_STEP][PASSED] - Kullanıcı işlemlerinden Çıkış seçilir: Kullanıcı işlemlerinden Çıkış seçilir

2021-10-14 17:21:12 - [MESSAGE][PASSED] - Kullanıcı işlemlerinden Çıkış seçilir

2021-10-14 17:21:12 - [MESSAGE][PASSED] - Feature file: 'Include/features/e-Fatura/Gelen Kutusu/Uygulama Yanitlari/Excele Aktar.feature' was passed

2021-10-14 17:21:12 - [TEST_STEP][PASSED] - Start listener action : sampleAfterTestSuite: Invoke 'com.kms.katalon.core.annotation.AfterTestCase' method: 'Listener.sampleAfterTestSuite(...)' completed.

2021-10-14 17:21:12 - [MESSAGE][INFO] - Starting invoke 'com.kms.katalon.core.annotation.AfterTestCase' method: 'Listener.sampleAfterTestSuite(...)'

2021-10-14 17:21:12 - [TEST_STEP][PASSED] - closeBrowser(): Invoke 'com.kms.katalon.core.annotation.AfterTestCase' method: 'Listener.sampleAfterTestSuite(...)' completed.

2021-10-14 17:21:12 - [MESSAGE][INFO] - Closing browser

2021-10-14 17:21:13 - [MESSAGE][PASSED] - Browser is closed

2021-10-14 17:21:13 - [MESSAGE][INFO] - Invoke 'com.kms.katalon.core.annotation.AfterTestCase' method: 'Listener.sampleAfterTestSuite(...)' completed.]]></system-out>
         <system-err><![CDATA[]]></system-err>
      </testcase>
      <testcase name="Test Cases/Case Repository/e-Fatura/Gelen Kutusu/Uygulama Yanitlari/Toplu Indirme" time="53.243" classname="Test Cases/Case Repository/e-Fatura/Gelen Kutusu/Uygulama Yanitlari/Toplu Indirme" status="PASSED">
         <system-out><![CDATA[2021-10-14 17:21:13 - [TEST_CASE][PASSED] - Test Cases/Case Repository/e-Fatura/Gelen Kutusu/Uygulama Yanitlari/Toplu Indirme: Test Cases/Case Repository/e-Fatura/Gelen Kutusu/Uygulama Yanitlari/Toplu Indirme

2021-10-14 17:21:13 - [TEST_STEP][PASSED] - Start listener action : sampleBeforeTestSuite: Invoke 'com.kms.katalon.core.annotation.BeforeTestCase' method: 'Listener.sampleBeforeTestSuite(...)' completed.

2021-10-14 17:21:13 - [MESSAGE][INFO] - Starting invoke 'com.kms.katalon.core.annotation.BeforeTestCase' method: 'Listener.sampleBeforeTestSuite(...)'

2021-10-14 17:21:13 - [TEST_STEP][PASSED] - openBrowser(baseUrl): Browser is opened with url: 'https://efatura-stage.elogo.com.tr/'

2021-10-14 17:21:13 - [MESSAGE][INFO] - Opening browser

2021-10-14 17:21:13 - [MESSAGE][INFO] - Starting 'Chrome' driver

2021-10-14 17:21:13 - [MESSAGE][INFO] - User set preference: ['prefs', '{download.default_directory=C:\otomasyondownfiles}']

2021-10-14 17:21:13 - [MESSAGE][INFO] - Action delay is set to 0 milliseconds

2021-10-14 17:21:14 - [MESSAGE][INFO] - Navigating browser to: 'https://efatura-stage.elogo.com.tr/'

2021-10-14 17:21:17 - [MESSAGE][PASSED] - Browser is opened with url: 'https://efatura-stage.elogo.com.tr/'

2021-10-14 17:21:17 - [TEST_STEP][PASSED] - maximizeWindow(): Invoke 'com.kms.katalon.core.annotation.BeforeTestCase' method: 'Listener.sampleBeforeTestSuite(...)' completed.

2021-10-14 17:21:17 - [MESSAGE][INFO] - Maximizing current window

2021-10-14 17:21:18 - [MESSAGE][PASSED] - Current window maximized

2021-10-14 17:21:18 - [MESSAGE][INFO] - Invoke 'com.kms.katalon.core.annotation.BeforeTestCase' method: 'Listener.sampleBeforeTestSuite(...)' completed.

2021-10-14 17:21:18 - [TEST_STEP][PASSED] - runFeatureFile("Include/features/e-Fatura/Gelen Kutusu/Uygulama Yanitlari/Toplu Indirme.feature"): Feature file: 'Include/features/e-Fatura/Gelen Kutusu/Uygulama Yanitlari/Toplu Indirme.feature' was passed

2021-10-14 17:21:18 - [MESSAGE][INFO] - Starting run keyword runFeatureFile: 'Include/features/e-Fatura/Gelen Kutusu/Uygulama Yanitlari/Toplu Indirme.feature' and extract report to folder: 'C:\Users\DELL\Downloads\EES_Katalon-main\Reports\20211014_170112\Suite Repository\ExceleAktarVeTopluIndirme\20211014_170125/cucumber_report/1634221278677'...

2021-10-14 17:21:18 - [MESSAGE][INFO] - Glue: []

2021-10-14 17:21:19 - [MESSAGE][INFO] - Checking called Test Case

2021-10-14 17:21:19 - [MESSAGE][INFO] - Starting to call Test Case 'Test Cases/Sayfalar/Giris_Sayfasi/Login'

2021-10-14 17:21:19 - [TEST_CASE][PASSED] - Test Cases/Sayfalar/Giris_Sayfasi/Login: Test Cases/Sayfalar/Giris_Sayfasi/Login

2021-10-14 17:21:19 - [TEST_STEP][PASSED] - Sayfa_Basligi = getWindowTitle(): Current window's title is: 'LOGO e-Fatura'

2021-10-14 17:21:19 - [MESSAGE][INFO] - Getting current window's title

2021-10-14 17:21:19 - [MESSAGE][PASSED] - Current window's title is: 'LOGO e-Fatura'

2021-10-14 17:21:19 - [TEST_STEP][PASSED] - verifyMatch(Sayfa_Basligi, "LOGO e-Fatura", false): Actual text 'LOGO e-Fatura' and expected text 'LOGO e-Fatura' are matched 

2021-10-14 17:21:19 - [MESSAGE][INFO] - Matching actual text 'LOGO e-Fatura' with expected text 'LOGO e-Fatura'

2021-10-14 17:21:19 - [MESSAGE][PASSED] - Actual text 'LOGO e-Fatura' and expected text 'LOGO e-Fatura' are matched 

2021-10-14 17:21:19 - [TEST_STEP][PASSED] - sendKeys(findTestObject("Sayfalar/Giris_Sayfasi/Firma_Kodu"), KullaniciAdi): Keys 'ELOGO6' sent to object: 'Object Repository/Sayfalar/Giris_Sayfasi/Firma_Kodu'

2021-10-14 17:21:19 - [MESSAGE][INFO] - Finding Test Object 'Object Repository/Sayfalar/Giris_Sayfasi/Firma_Kodu'

2021-10-14 17:21:20 - [MESSAGE][INFO] - Sending keys 'ELOGO6' to object: 'Object Repository/Sayfalar/Giris_Sayfasi/Firma_Kodu'

2021-10-14 17:21:20 - [MESSAGE][INFO] - Finding web element from Test Object's properties

2021-10-14 17:21:20 - [MESSAGE][INFO] - Checking timeout

2021-10-14 17:21:20 - [MESSAGE][INFO] - Finding web element with id: 'Object Repository/Sayfalar/Giris_Sayfasi/Firma_Kodu' located by 'By.xpath: //*[@id = 'AccountName']' in '30' second(s)

2021-10-14 17:21:20 - [MESSAGE][INFO] - Smart Wait Function is triggered

2021-10-14 17:21:20 - [MESSAGE][INFO] - Found 1 web elements with id: 'Object Repository/Sayfalar/Giris_Sayfasi/Firma_Kodu' located by 'By.xpath: //*[@id = 'AccountName']' in '30' second(s)

2021-10-14 17:21:20 - [MESSAGE][PASSED] - Keys 'ELOGO6' sent to object: 'Object Repository/Sayfalar/Giris_Sayfasi/Firma_Kodu'

2021-10-14 17:21:20 - [TEST_STEP][PASSED] - sendKeys(findTestObject("Sayfalar/Giris_Sayfasi/Sifre"), Sifre): Keys '123456' sent to object: 'Object Repository/Sayfalar/Giris_Sayfasi/Sifre'

2021-10-14 17:21:20 - [MESSAGE][INFO] - Finding Test Object 'Object Repository/Sayfalar/Giris_Sayfasi/Sifre'

2021-10-14 17:21:20 - [MESSAGE][INFO] - Sending keys '123456' to object: 'Object Repository/Sayfalar/Giris_Sayfasi/Sifre'

2021-10-14 17:21:20 - [MESSAGE][INFO] - Finding web element from Test Object's properties

2021-10-14 17:21:20 - [MESSAGE][INFO] - Checking timeout

2021-10-14 17:21:20 - [MESSAGE][INFO] - Finding web element with id: 'Object Repository/Sayfalar/Giris_Sayfasi/Sifre' located by 'By.xpath: //*[@id = 'Password']' in '30' second(s)

2021-10-14 17:21:20 - [MESSAGE][INFO] - Smart Wait Function is triggered

2021-10-14 17:21:21 - [MESSAGE][INFO] - Found 1 web elements with id: 'Object Repository/Sayfalar/Giris_Sayfasi/Sifre' located by 'By.xpath: //*[@id = 'Password']' in '30' second(s)

2021-10-14 17:21:21 - [MESSAGE][PASSED] - Keys '123456' sent to object: 'Object Repository/Sayfalar/Giris_Sayfasi/Sifre'

2021-10-14 17:21:21 - [TEST_STEP][PASSED] - findWebElement(findTestObject("Sayfalar/Giris_Sayfasi/Giris_Butonu")).click(): Found 1 web elements with id: 'Object Repository/Sayfalar/Giris_Sayfasi/Giris_Butonu' located by 'By.cssSelector: #btnLogin' in '30' second(s)

2021-10-14 17:21:21 - [MESSAGE][INFO] - Finding Test Object 'Object Repository/Sayfalar/Giris_Sayfasi/Giris_Butonu'

2021-10-14 17:21:21 - [MESSAGE][INFO] - Finding web element from Test Object's properties

2021-10-14 17:21:21 - [MESSAGE][INFO] - Checking timeout

2021-10-14 17:21:21 - [MESSAGE][INFO] - Finding web element with id: 'Object Repository/Sayfalar/Giris_Sayfasi/Giris_Butonu' located by 'By.cssSelector: #btnLogin' in '30' second(s)

2021-10-14 17:21:21 - [MESSAGE][INFO] - Smart Wait Function is triggered

2021-10-14 17:21:21 - [MESSAGE][INFO] - Found 1 web elements with id: 'Object Repository/Sayfalar/Giris_Sayfasi/Giris_Butonu' located by 'By.cssSelector: #btnLogin' in '30' second(s)

2021-10-14 17:21:24 - [TEST_STEP][PASSED] - if (verifyElementPresent(findTestObject("Object Repository/Sayfalar/Giris_Sayfasi/RetveTamam_Butonu"), 5, OPTIONAL)): null

2021-10-14 17:21:24 - [MESSAGE][INFO] - Finding Test Object 'Object Repository/Sayfalar/Giris_Sayfasi/RetveTamam_Butonu'

2021-10-14 17:21:24 - [MESSAGE][INFO] - Checking object

2021-10-14 17:21:24 - [MESSAGE][INFO] - Finding web element from Test Object's properties

2021-10-14 17:21:24 - [MESSAGE][INFO] - Checking timeout

2021-10-14 17:21:24 - [MESSAGE][INFO] - Finding web element with id: 'Object Repository/Sayfalar/Giris_Sayfasi/RetveTamam_Butonu' located by 'By.xpath: //*[@class = 'btn btn-default']' in '5' second(s)

2021-10-14 17:21:24 - [MESSAGE][INFO] - Smart Wait Function is triggered

2021-10-14 17:21:24 - [MESSAGE][INFO] - Found 1 web elements with id: 'Object Repository/Sayfalar/Giris_Sayfasi/RetveTamam_Butonu' located by 'By.xpath: //*[@class = 'btn btn-default']' in '5' second(s)

2021-10-14 17:21:24 - [MESSAGE][PASSED] - Object 'Object Repository/Sayfalar/Giris_Sayfasi/RetveTamam_Butonu' is present

2021-10-14 17:21:24 - [TEST_STEP][PASSED] - click(findTestObject("Object Repository/Sayfalar/Giris_Sayfasi/RetveTamam_Butonu")): Object: 'Object Repository/Sayfalar/Giris_Sayfasi/RetveTamam_Butonu' is clicked on

2021-10-14 17:21:24 - [MESSAGE][INFO] - Finding Test Object 'Object Repository/Sayfalar/Giris_Sayfasi/RetveTamam_Butonu'

2021-10-14 17:21:24 - [MESSAGE][INFO] - Checking object

2021-10-14 17:21:24 - [MESSAGE][INFO] - Finding web element from Test Object's properties

2021-10-14 17:21:24 - [MESSAGE][INFO] - Checking timeout

2021-10-14 17:21:24 - [MESSAGE][INFO] - Finding web element with id: 'Object Repository/Sayfalar/Giris_Sayfasi/RetveTamam_Butonu' located by 'By.xpath: //*[@class = 'btn btn-default']' in '30' second(s)

2021-10-14 17:21:24 - [MESSAGE][INFO] - Smart Wait Function is triggered

2021-10-14 17:21:25 - [MESSAGE][INFO] - Found 1 web elements with id: 'Object Repository/Sayfalar/Giris_Sayfasi/RetveTamam_Butonu' located by 'By.xpath: //*[@class = 'btn btn-default']' in '30' second(s)

2021-10-14 17:21:25 - [MESSAGE][INFO] - Clicking on object: 'Object Repository/Sayfalar/Giris_Sayfasi/RetveTamam_Butonu'

2021-10-14 17:21:25 - [MESSAGE][PASSED] - Object: 'Object Repository/Sayfalar/Giris_Sayfasi/RetveTamam_Butonu' is clicked on

2021-10-14 17:21:25 - [TEST_STEP][PASSED] - click(findTestObject("Object Repository/Sayfalar/Giris_Sayfasi/RetveTamam_Butonu")): Object: 'Object Repository/Sayfalar/Giris_Sayfasi/RetveTamam_Butonu' is clicked on

2021-10-14 17:21:25 - [MESSAGE][INFO] - Finding Test Object 'Object Repository/Sayfalar/Giris_Sayfasi/RetveTamam_Butonu'

2021-10-14 17:21:25 - [MESSAGE][INFO] - Checking object

2021-10-14 17:21:25 - [MESSAGE][INFO] - Finding web element from Test Object's properties

2021-10-14 17:21:25 - [MESSAGE][INFO] - Checking timeout

2021-10-14 17:21:25 - [MESSAGE][INFO] - Finding web element with id: 'Object Repository/Sayfalar/Giris_Sayfasi/RetveTamam_Butonu' located by 'By.xpath: //*[@class = 'btn btn-default']' in '30' second(s)

2021-10-14 17:21:25 - [MESSAGE][INFO] - Smart Wait Function is triggered

2021-10-14 17:21:29 - [MESSAGE][INFO] - Found 1 web elements with id: 'Object Repository/Sayfalar/Giris_Sayfasi/RetveTamam_Butonu' located by 'By.xpath: //*[@class = 'btn btn-default']' in '30' second(s)

2021-10-14 17:21:29 - [MESSAGE][INFO] - Clicking on object: 'Object Repository/Sayfalar/Giris_Sayfasi/RetveTamam_Butonu'

2021-10-14 17:21:29 - [MESSAGE][PASSED] - Object: 'Object Repository/Sayfalar/Giris_Sayfasi/RetveTamam_Butonu' is clicked on

2021-10-14 17:21:29 - [TEST_STEP][PASSED] - if (verifyElementPresent(findTestObject("Sayfalar/Giris_Sayfasi/PopupOK"), 5, OPTIONAL)): null

2021-10-14 17:21:29 - [MESSAGE][INFO] - Finding Test Object 'Object Repository/Sayfalar/Giris_Sayfasi/PopupOK'

2021-10-14 17:21:29 - [MESSAGE][INFO] - Checking object

2021-10-14 17:21:29 - [MESSAGE][INFO] - Finding web element from Test Object's properties

2021-10-14 17:21:29 - [MESSAGE][INFO] - Checking timeout

2021-10-14 17:21:29 - [MESSAGE][INFO] - Finding web element with id: 'Object Repository/Sayfalar/Giris_Sayfasi/PopupOK' located by 'By.cssSelector: .btn.btn-success' in '5' second(s)

2021-10-14 17:21:29 - [MESSAGE][INFO] - Smart Wait Function is triggered

2021-10-14 17:21:30 - [MESSAGE][INFO] - Found 1 web elements with id: 'Object Repository/Sayfalar/Giris_Sayfasi/PopupOK' located by 'By.cssSelector: .btn.btn-success' in '5' second(s)

2021-10-14 17:21:30 - [MESSAGE][PASSED] - Object 'Object Repository/Sayfalar/Giris_Sayfasi/PopupOK' is present

2021-10-14 17:21:30 - [TEST_STEP][PASSED] - click(findTestObject("Object Repository/Sayfalar/Giris_Sayfasi/PopupCarpiGiris")): Object: 'Object Repository/Sayfalar/Giris_Sayfasi/PopupCarpiGiris' is clicked on

2021-10-14 17:21:30 - [MESSAGE][INFO] - Finding Test Object 'Object Repository/Sayfalar/Giris_Sayfasi/PopupCarpiGiris'

2021-10-14 17:21:30 - [MESSAGE][INFO] - Checking object

2021-10-14 17:21:30 - [MESSAGE][INFO] - Finding web element from Test Object's properties

2021-10-14 17:21:30 - [MESSAGE][INFO] - Checking timeout

2021-10-14 17:21:30 - [MESSAGE][INFO] - Finding web element with id: 'Object Repository/Sayfalar/Giris_Sayfasi/PopupCarpiGiris' located by 'By.cssSelector: .bootbox-close-button.close' in '30' second(s)

2021-10-14 17:21:30 - [MESSAGE][INFO] - Smart Wait Function is triggered

2021-10-14 17:21:31 - [MESSAGE][INFO] - Found 1 web elements with id: 'Object Repository/Sayfalar/Giris_Sayfasi/PopupCarpiGiris' located by 'By.cssSelector: .bootbox-close-button.close' in '30' second(s)

2021-10-14 17:21:31 - [MESSAGE][INFO] - Clicking on object: 'Object Repository/Sayfalar/Giris_Sayfasi/PopupCarpiGiris'

2021-10-14 17:21:31 - [MESSAGE][PASSED] - Object: 'Object Repository/Sayfalar/Giris_Sayfasi/PopupCarpiGiris' is clicked on

2021-10-14 17:21:31 - [TEST_STEP][PASSED] - verifyElementVisible(findTestObject("Object Repository/Kullanici_Islemleri/KullaniciIslemleri")): Object 'Object Repository/Kullanici_Islemleri/KullaniciIslemleri' is visible

2021-10-14 17:21:31 - [MESSAGE][INFO] - Finding Test Object 'Object Repository/Kullanici_Islemleri/KullaniciIslemleri'

2021-10-14 17:21:31 - [MESSAGE][INFO] - Checking object

2021-10-14 17:21:31 - [MESSAGE][INFO] - Finding web element from Test Object's properties

2021-10-14 17:21:31 - [MESSAGE][INFO] - Checking timeout

2021-10-14 17:21:31 - [MESSAGE][INFO] - Finding web element with id: 'Object Repository/Kullanici_Islemleri/KullaniciIslemleri' located by 'By.cssSelector: .dropdown>a>img' in '30' second(s)

2021-10-14 17:21:31 - [MESSAGE][INFO] - Smart Wait Function is triggered

2021-10-14 17:21:31 - [MESSAGE][INFO] - Found 1 web elements with id: 'Object Repository/Kullanici_Islemleri/KullaniciIslemleri' located by 'By.cssSelector: .dropdown>a>img' in '30' second(s)

2021-10-14 17:21:31 - [MESSAGE][PASSED] - Object 'Object Repository/Kullanici_Islemleri/KullaniciIslemleri' is visible

2021-10-14 17:21:31 - [MESSAGE][PASSED] - Call Test Case 'Test Cases/Sayfalar/Giris_Sayfasi/Login' successfully

2021-10-14 17:21:31 - [MESSAGE][INFO] - Checking called Test Case

2021-10-14 17:21:31 - [MESSAGE][INFO] - Starting to call Test Case 'Test Cases/Menu/AnaMenuSecimi'

2021-10-14 17:21:31 - [TEST_CASE][PASSED] - Test Cases/Menu/AnaMenuSecimi: Test Cases/Menu/AnaMenuSecimi

2021-10-14 17:21:31 - [TEST_STEP][PASSED] - Method.TextDegerineEsitElementeTikla(findTestObject("Menu/Ana_Menu"), Ana_Menu): Method.TextDegerineEsitElementeTikla is PASSED

2021-10-14 17:21:31 - [MESSAGE][INFO] - Finding Test Object 'Object Repository/Menu/Ana_Menu'

2021-10-14 17:21:32 - [MESSAGE][INFO] - Checking timeout

2021-10-14 17:21:32 - [MESSAGE][INFO] - Finding web element with id: 'Object Repository/Menu/Ana_Menu' located by 'By.xpath: //*[@class = 'dropdown-toggle']' in '10' second(s)

2021-10-14 17:21:32 - [MESSAGE][INFO] - Smart Wait Function is triggered

2021-10-14 17:21:32 - [MESSAGE][INFO] - Found 14 web elements with id: 'Object Repository/Menu/Ana_Menu' located by 'By.xpath: //*[@class = 'dropdown-toggle']' in '10' second(s)

2021-10-14 17:21:32 - [MESSAGE][PASSED] - Method.TextDegerineEsitElementeTikla is PASSED

2021-10-14 17:21:32 - [MESSAGE][PASSED] - Call Test Case 'Test Cases/Menu/AnaMenuSecimi' successfully

2021-10-14 17:21:32 - [MESSAGE][INFO] - Checking called Test Case

2021-10-14 17:21:32 - [MESSAGE][INFO] - Starting to call Test Case 'Test Cases/Menu/BasligaGoreAltMenuSecimi'

2021-10-14 17:21:32 - [TEST_CASE][PASSED] - Test Cases/Menu/BasligaGoreAltMenuSecimi: Test Cases/Menu/BasligaGoreAltMenuSecimi

2021-10-14 17:21:32 - [TEST_STEP][PASSED] - Method.TextDegerineEsitElementinAltindakiTextDegerineEsitOlanaTikla(findTestObject("Menu/Menu_Basligi"), findTestObject("Menu/Basliga_Gore_Alt_Menu"), Baslik, Alt_Menu): Method.TextDegerineEsitElementinAltindakiTextDegerineEsitOlanaTikla is PASSED

2021-10-14 17:21:32 - [MESSAGE][INFO] - Finding Test Object 'Object Repository/Menu/Menu_Basligi'

2021-10-14 17:21:32 - [MESSAGE][INFO] - Finding Test Object 'Object Repository/Menu/Basliga_Gore_Alt_Menu'

2021-10-14 17:21:32 - [MESSAGE][INFO] - Checking timeout

2021-10-14 17:21:32 - [MESSAGE][INFO] - Finding web element with id: 'Object Repository/Menu/Menu_Basligi' located by 'By.xpath: //li[@class='dropdown dropdown-large open']//li[@class='dropdown-header']' in '10' second(s)

2021-10-14 17:21:32 - [MESSAGE][INFO] - Smart Wait Function is triggered

2021-10-14 17:21:33 - [MESSAGE][INFO] - Found 3 web elements with id: 'Object Repository/Menu/Menu_Basligi' located by 'By.xpath: //li[@class='dropdown dropdown-large open']//li[@class='dropdown-header']' in '10' second(s)

2021-10-14 17:21:33 - [MESSAGE][INFO] - Smart Wait Function is triggered

2021-10-14 17:21:35 - [MESSAGE][PASSED] - Method.TextDegerineEsitElementinAltindakiTextDegerineEsitOlanaTikla is PASSED

2021-10-14 17:21:35 - [MESSAGE][PASSED] - Call Test Case 'Test Cases/Menu/BasligaGoreAltMenuSecimi' successfully

2021-10-14 17:21:35 - [MESSAGE][INFO] - Checking called Test Case

2021-10-14 17:21:35 - [MESSAGE][INFO] - Starting to call Test Case 'Test Cases/Filtreler/BaslangicYaz'

2021-10-14 17:21:35 - [TEST_CASE][PASSED] - Test Cases/Filtreler/BaslangicYaz: Test Cases/Filtreler/BaslangicYaz

2021-10-14 17:21:35 - [TEST_STEP][PASSED] - Method.TextDegerineEsitElementinAltindakineTikla(findTestObject("Filtreler/Basliklar"), findTestObject("Filtreler/Basliga_Gore_Baslangic_Image"), Filtre_Adi): Method.TextDegerineEsitElementinAltindakineTikla is PASSED

2021-10-14 17:21:35 - [MESSAGE][INFO] - Finding Test Object 'Object Repository/Filtreler/Basliklar'

2021-10-14 17:21:35 - [MESSAGE][INFO] - Finding Test Object 'Object Repository/Filtreler/Basliga_Gore_Baslangic_Image'

2021-10-14 17:21:35 - [MESSAGE][INFO] - Checking timeout

2021-10-14 17:21:35 - [MESSAGE][INFO] - Finding web element with id: 'Object Repository/Filtreler/Basliklar' located by 'By.cssSelector: .control-label.col-sm-4.paddingMarginRLC' in '10' second(s)

2021-10-14 17:21:35 - [MESSAGE][INFO] - Smart Wait Function is triggered

2021-10-14 17:21:35 - [MESSAGE][INFO] - Found 13 web elements with id: 'Object Repository/Filtreler/Basliklar' located by 'By.cssSelector: .control-label.col-sm-4.paddingMarginRLC' in '10' second(s)

2021-10-14 17:21:35 - [MESSAGE][INFO] - Smart Wait Function is triggered

2021-10-14 17:21:36 - [MESSAGE][PASSED] - Method.TextDegerineEsitElementinAltindakineTikla is PASSED

2021-10-14 17:21:36 - [TEST_STEP][PASSED] - Method.TextDegerineEsitElementinAltindakiTextboxtaYaz(findTestObject("Filtreler/Basliklar"), findTestObject("Filtreler/Basliga_Gore_Baslangic"), Filtre_Adi, Filtre_Degeri): Method.TextDegerineEsitElementinAltindakiTextboxtaYaz is PASSED

2021-10-14 17:21:36 - [MESSAGE][INFO] - Finding Test Object 'Object Repository/Filtreler/Basliklar'

2021-10-14 17:21:36 - [MESSAGE][INFO] - Finding Test Object 'Object Repository/Filtreler/Basliga_Gore_Baslangic'

2021-10-14 17:21:36 - [MESSAGE][INFO] - Checking timeout

2021-10-14 17:21:36 - [MESSAGE][INFO] - Finding web element with id: 'Object Repository/Filtreler/Basliklar' located by 'By.cssSelector: .control-label.col-sm-4.paddingMarginRLC' in '10' second(s)

2021-10-14 17:21:36 - [MESSAGE][INFO] - Smart Wait Function is triggered

2021-10-14 17:21:36 - [MESSAGE][INFO] - Found 13 web elements with id: 'Object Repository/Filtreler/Basliklar' located by 'By.cssSelector: .control-label.col-sm-4.paddingMarginRLC' in '10' second(s)

2021-10-14 17:21:36 - [MESSAGE][INFO] - Smart Wait Function is triggered

2021-10-14 17:21:37 - [MESSAGE][PASSED] - Method.TextDegerineEsitElementinAltindakiTextboxtaYaz is PASSED

2021-10-14 17:21:37 - [MESSAGE][PASSED] - Call Test Case 'Test Cases/Filtreler/BaslangicYaz' successfully

2021-10-14 17:21:37 - [MESSAGE][INFO] - Checking called Test Case

2021-10-14 17:21:37 - [MESSAGE][INFO] - Starting to call Test Case 'Test Cases/Filtreler/BitisYaz'

2021-10-14 17:21:37 - [TEST_CASE][PASSED] - Test Cases/Filtreler/BitisYaz: Test Cases/Filtreler/BitisYaz

2021-10-14 17:21:37 - [TEST_STEP][PASSED] - Method.TextDegerineEsitElementinAltindakineTikla(findTestObject("Filtreler/Basliklar"), findTestObject("Filtreler/Basliga_Gore_Bitis_Image"), Filtre_Adi): Method.TextDegerineEsitElementinAltindakineTikla is PASSED

2021-10-14 17:21:37 - [MESSAGE][INFO] - Finding Test Object 'Object Repository/Filtreler/Basliklar'

2021-10-14 17:21:37 - [MESSAGE][INFO] - Finding Test Object 'Object Repository/Filtreler/Basliga_Gore_Bitis_Image'

2021-10-14 17:21:37 - [MESSAGE][INFO] - Checking timeout

2021-10-14 17:21:37 - [MESSAGE][INFO] - Finding web element with id: 'Object Repository/Filtreler/Basliklar' located by 'By.cssSelector: .control-label.col-sm-4.paddingMarginRLC' in '10' second(s)

2021-10-14 17:21:37 - [MESSAGE][INFO] - Smart Wait Function is triggered

2021-10-14 17:21:37 - [MESSAGE][INFO] - Found 13 web elements with id: 'Object Repository/Filtreler/Basliklar' located by 'By.cssSelector: .control-label.col-sm-4.paddingMarginRLC' in '10' second(s)

2021-10-14 17:21:37 - [MESSAGE][INFO] - Smart Wait Function is triggered

2021-10-14 17:21:38 - [MESSAGE][PASSED] - Method.TextDegerineEsitElementinAltindakineTikla is PASSED

2021-10-14 17:21:38 - [TEST_STEP][PASSED] - Method.TextDegerineEsitElementinAltindakiTextboxtaYaz(findTestObject("Filtreler/Basliklar"), findTestObject("Object Repository/Filtreler/Basliga_Gore_Bitis"), Filtre_Adi, Filtre_Degeri): Method.TextDegerineEsitElementinAltindakiTextboxtaYaz is PASSED

2021-10-14 17:21:38 - [MESSAGE][INFO] - Finding Test Object 'Object Repository/Filtreler/Basliklar'

2021-10-14 17:21:38 - [MESSAGE][INFO] - Finding Test Object 'Object Repository/Filtreler/Basliga_Gore_Bitis'

2021-10-14 17:21:38 - [MESSAGE][INFO] - Checking timeout

2021-10-14 17:21:38 - [MESSAGE][INFO] - Finding web element with id: 'Object Repository/Filtreler/Basliklar' located by 'By.cssSelector: .control-label.col-sm-4.paddingMarginRLC' in '10' second(s)

2021-10-14 17:21:38 - [MESSAGE][INFO] - Smart Wait Function is triggered

2021-10-14 17:21:38 - [MESSAGE][INFO] - Found 13 web elements with id: 'Object Repository/Filtreler/Basliklar' located by 'By.cssSelector: .control-label.col-sm-4.paddingMarginRLC' in '10' second(s)

2021-10-14 17:21:38 - [MESSAGE][INFO] - Smart Wait Function is triggered

2021-10-14 17:21:39 - [MESSAGE][PASSED] - Method.TextDegerineEsitElementinAltindakiTextboxtaYaz is PASSED

2021-10-14 17:21:39 - [MESSAGE][PASSED] - Call Test Case 'Test Cases/Filtreler/BitisYaz' successfully

2021-10-14 17:21:39 - [MESSAGE][INFO] - Checking called Test Case

2021-10-14 17:21:39 - [MESSAGE][INFO] - Starting to call Test Case 'Test Cases/Filtreler/TexboxaYaz'

2021-10-14 17:21:39 - [TEST_CASE][PASSED] - Test Cases/Filtreler/TexboxaYaz: Test Cases/Filtreler/TexboxaYaz

2021-10-14 17:21:39 - [TEST_STEP][PASSED] - Method.TextDegerineEsitElementinAltindakiTextboxtaYaz(findTestObject("Filtreler/Basliklar"), findTestObject("Filtreler/Basliga_Gore_Textbox"), Filtre_Adi, Filtre_Degeri): Method.TextDegerineEsitElementinAltindakiTextboxtaYaz is PASSED

2021-10-14 17:21:39 - [MESSAGE][INFO] - Finding Test Object 'Object Repository/Filtreler/Basliklar'

2021-10-14 17:21:39 - [MESSAGE][INFO] - Finding Test Object 'Object Repository/Filtreler/Basliga_Gore_Textbox'

2021-10-14 17:21:39 - [MESSAGE][INFO] - Checking timeout

2021-10-14 17:21:39 - [MESSAGE][INFO] - Finding web element with id: 'Object Repository/Filtreler/Basliklar' located by 'By.cssSelector: .control-label.col-sm-4.paddingMarginRLC' in '10' second(s)

2021-10-14 17:21:39 - [MESSAGE][INFO] - Smart Wait Function is triggered

2021-10-14 17:21:39 - [MESSAGE][INFO] - Found 13 web elements with id: 'Object Repository/Filtreler/Basliklar' located by 'By.cssSelector: .control-label.col-sm-4.paddingMarginRLC' in '10' second(s)

2021-10-14 17:21:39 - [MESSAGE][INFO] - Smart Wait Function is triggered

2021-10-14 17:21:40 - [MESSAGE][PASSED] - Method.TextDegerineEsitElementinAltindakiTextboxtaYaz is PASSED

2021-10-14 17:21:40 - [MESSAGE][PASSED] - Call Test Case 'Test Cases/Filtreler/TexboxaYaz' successfully

2021-10-14 17:21:40 - [MESSAGE][INFO] - Checking called Test Case

2021-10-14 17:21:40 - [MESSAGE][INFO] - Starting to call Test Case 'Test Cases/Filtreler/ButonaTikla'

2021-10-14 17:21:40 - [TEST_CASE][PASSED] - Test Cases/Filtreler/ButonaTikla: Test Cases/Filtreler/ButonaTikla

2021-10-14 17:21:40 - [TEST_STEP][PASSED] - Method.TextDegerineEsitElementeTikla(findTestObject("Filtreler/Butonlar"), Filtre_Buton): Method.TextDegerineEsitElementeTikla is PASSED

2021-10-14 17:21:40 - [MESSAGE][INFO] - Finding Test Object 'Object Repository/Filtreler/Butonlar'

2021-10-14 17:21:40 - [MESSAGE][INFO] - Checking timeout

2021-10-14 17:21:40 - [MESSAGE][INFO] - Finding web element with id: 'Object Repository/Filtreler/Butonlar' located by 'By.cssSelector: .dxb>span' in '10' second(s)

2021-10-14 17:21:40 - [MESSAGE][INFO] - Smart Wait Function is triggered

2021-10-14 17:21:40 - [MESSAGE][INFO] - Found 3 web elements with id: 'Object Repository/Filtreler/Butonlar' located by 'By.cssSelector: .dxb>span' in '10' second(s)

2021-10-14 17:21:40 - [MESSAGE][PASSED] - Method.TextDegerineEsitElementeTikla is PASSED

2021-10-14 17:21:40 - [MESSAGE][PASSED] - Call Test Case 'Test Cases/Filtreler/ButonaTikla' successfully

2021-10-14 17:21:40 - [MESSAGE][INFO] - Checking called Test Case

2021-10-14 17:21:40 - [MESSAGE][INFO] - Starting to call Test Case 'Test Cases/Tablo/TablodaVeriVarMi'

2021-10-14 17:21:40 - [TEST_CASE][PASSED] - Test Cases/Tablo/TablodaVeriVarMi: Test Cases/Tablo/TablodaVeriVarMi

2021-10-14 17:21:40 - [TEST_STEP][PASSED] - verifyTextNotPresent("Görüntülenecek veri yok", true): Text 'Görüntülenecek veri yok' is not present on page using regular expression

2021-10-14 17:21:40 - [MESSAGE][INFO] - Checking text present  using regular expression

2021-10-14 17:21:40 - [MESSAGE][INFO] - Smart Wait Function is triggered

2021-10-14 17:21:41 - [MESSAGE][INFO] - Finding text 'Görüntülenecek veri yok' on page  using regular expression

2021-10-14 17:21:41 - [MESSAGE][PASSED] - Text 'Görüntülenecek veri yok' is not present on page using regular expression

2021-10-14 17:21:41 - [MESSAGE][PASSED] - Call Test Case 'Test Cases/Tablo/TablodaVeriVarMi' successfully

2021-10-14 17:21:41 - [MESSAGE][INFO] - Checking called Test Case

2021-10-14 17:21:41 - [MESSAGE][INFO] - Starting to call Test Case 'Test Cases/Tablo/TablodanVeriSec'

2021-10-14 17:21:41 - [TEST_CASE][PASSED] - Test Cases/Tablo/TablodanVeriSec: Test Cases/Tablo/TablodanVeriSec

2021-10-14 17:21:41 - [TEST_STEP][PASSED] - Method.TextDegerineEsitElementinAltindakineTikla(findTestObject("Tablo/Veriler"), findTestObject("Tablo/VerininCheckBoxi"), Veri_Adi): Method.TextDegerineEsitElementinAltindakineTikla is PASSED

2021-10-14 17:21:41 - [MESSAGE][INFO] - Finding Test Object 'Object Repository/Tablo/Veriler'

2021-10-14 17:21:41 - [MESSAGE][INFO] - Finding Test Object 'Object Repository/Tablo/VerininCheckBoxi'

2021-10-14 17:21:41 - [MESSAGE][INFO] - Checking timeout

2021-10-14 17:21:41 - [MESSAGE][INFO] - Finding web element with id: 'Object Repository/Tablo/Veriler' located by 'By.cssSelector: td.dxgv b ,td.dxgv' in '10' second(s)

2021-10-14 17:21:41 - [MESSAGE][INFO] - Smart Wait Function is triggered

2021-10-14 17:21:42 - [MESSAGE][INFO] - Found 26 web elements with id: 'Object Repository/Tablo/Veriler' located by 'By.cssSelector: td.dxgv b ,td.dxgv' in '10' second(s)

2021-10-14 17:21:42 - [MESSAGE][INFO] - Smart Wait Function is triggered

2021-10-14 17:21:42 - [MESSAGE][PASSED] - Method.TextDegerineEsitElementinAltindakineTikla is PASSED

2021-10-14 17:21:42 - [MESSAGE][PASSED] - Call Test Case 'Test Cases/Tablo/TablodanVeriSec' successfully

2021-10-14 17:21:42 - [MESSAGE][INFO] - Checking called Test Case

2021-10-14 17:21:42 - [MESSAGE][INFO] - Starting to call Test Case 'Test Cases/Butonlar/ButonaTikla'

2021-10-14 17:21:42 - [TEST_CASE][PASSED] - Test Cases/Butonlar/ButonaTikla: Test Cases/Butonlar/ButonaTikla

2021-10-14 17:21:42 - [TEST_STEP][PASSED] - Method.TextDegerineEsitElementeTiklaEquals(findTestObject("Butonlar/Butonlar"), Buton_Adi): Method.TextDegerineEsitElementeTiklaEquals is PASSED

2021-10-14 17:21:42 - [MESSAGE][INFO] - Finding Test Object 'Object Repository/Butonlar/Butonlar'

2021-10-14 17:21:42 - [MESSAGE][INFO] - Checking timeout

2021-10-14 17:21:42 - [MESSAGE][INFO] - Finding web element with id: 'Object Repository/Butonlar/Butonlar' located by 'By.cssSelector: .panel.panel-default.text-center.footerPanel .btn,.btn.btn-primary.btnControls' in '10' second(s)

2021-10-14 17:21:42 - [MESSAGE][INFO] - Smart Wait Function is triggered

2021-10-14 17:21:42 - [MESSAGE][INFO] - Found 7 web elements with id: 'Object Repository/Butonlar/Butonlar' located by 'By.cssSelector: .panel.panel-default.text-center.footerPanel .btn,.btn.btn-primary.btnControls' in '10' second(s)

2021-10-14 17:21:43 - [MESSAGE][PASSED] - Method.TextDegerineEsitElementeTiklaEquals is PASSED

2021-10-14 17:21:43 - [MESSAGE][PASSED] - Call Test Case 'Test Cases/Butonlar/ButonaTikla' successfully

2021-10-14 17:21:43 - [MESSAGE][INFO] - Checking called Test Case

2021-10-14 17:21:43 - [MESSAGE][INFO] - Starting to call Test Case 'Test Cases/Butonlar/AltButonaTikla'

2021-10-14 17:21:43 - [TEST_CASE][PASSED] - Test Cases/Butonlar/AltButonaTikla: Test Cases/Butonlar/AltButonaTikla

2021-10-14 17:21:43 - [TEST_STEP][PASSED] - Method.TextDegerineEsitElementeTikla(findTestObject("Butonlar/AltButonlar"), Alt_Buton): Method.TextDegerineEsitElementeTikla is PASSED

2021-10-14 17:21:43 - [MESSAGE][INFO] - Finding Test Object 'Object Repository/Butonlar/AltButonlar'

2021-10-14 17:21:43 - [MESSAGE][INFO] - Checking timeout

2021-10-14 17:21:43 - [MESSAGE][INFO] - Finding web element with id: 'Object Repository/Butonlar/AltButonlar' located by 'By.cssSelector: .btn-group.open li>a' in '10' second(s)

2021-10-14 17:21:43 - [MESSAGE][INFO] - Smart Wait Function is triggered

2021-10-14 17:21:43 - [MESSAGE][INFO] - Found 2 web elements with id: 'Object Repository/Butonlar/AltButonlar' located by 'By.cssSelector: .btn-group.open li>a' in '10' second(s)

2021-10-14 17:21:43 - [MESSAGE][PASSED] - Method.TextDegerineEsitElementeTikla is PASSED

2021-10-14 17:21:43 - [MESSAGE][PASSED] - Call Test Case 'Test Cases/Butonlar/AltButonaTikla' successfully

2021-10-14 17:21:43 - [MESSAGE][INFO] - Checking called Test Case

2021-10-14 17:21:43 - [MESSAGE][INFO] - Starting to call Test Case 'Test Cases/Popup/PopupMesajiIceriyorMu'

2021-10-14 17:21:43 - [TEST_CASE][PASSED] - Test Cases/Popup/PopupMesajiIceriyorMu: Test Cases/Popup/PopupMesajiIceriyorMu

2021-10-14 17:21:43 - [TEST_STEP][PASSED] - waitForElementVisible(findTestObject("Popup/Popup"), 10): Object 'Object Repository/Popup/Popup' is visible

2021-10-14 17:21:43 - [MESSAGE][INFO] - Finding Test Object 'Object Repository/Popup/Popup'

2021-10-14 17:21:43 - [MESSAGE][INFO] - Checking object

2021-10-14 17:21:43 - [MESSAGE][INFO] - Checking timeout

2021-10-14 17:21:43 - [MESSAGE][INFO] - Finding web element from Test Object's properties

2021-10-14 17:21:43 - [MESSAGE][INFO] - Checking timeout

2021-10-14 17:21:43 - [MESSAGE][INFO] - Finding web element with id: 'Object Repository/Popup/Popup' located by 'By.cssSelector: .bootbox-body' in '10' second(s)

2021-10-14 17:21:43 - [MESSAGE][INFO] - Smart Wait Function is triggered

2021-10-14 17:21:44 - [MESSAGE][INFO] - Found 1 web elements with id: 'Object Repository/Popup/Popup' located by 'By.cssSelector: .bootbox-body' in '10' second(s)

2021-10-14 17:21:44 - [MESSAGE][PASSED] - Object 'Object Repository/Popup/Popup' is visible

2021-10-14 17:21:44 - [TEST_STEP][PASSED] - if (!(getText(findTestObject("Popup/Popup")).contains(Mesaj))): Text of object 'Object Repository/Popup/Popup' is: 'Lütfen rapor bildiriminin gönderileceği e-posta adresini belirtiniz.
e-Posta Adresi'

2021-10-14 17:21:44 - [MESSAGE][INFO] - Finding Test Object 'Object Repository/Popup/Popup'

2021-10-14 17:21:44 - [MESSAGE][INFO] - Checking object

2021-10-14 17:21:44 - [MESSAGE][INFO] - Finding web element from Test Object's properties

2021-10-14 17:21:44 - [MESSAGE][INFO] - Checking timeout

2021-10-14 17:21:44 - [MESSAGE][INFO] - Finding web element with id: 'Object Repository/Popup/Popup' located by 'By.cssSelector: .bootbox-body' in '30' second(s)

2021-10-14 17:21:44 - [MESSAGE][INFO] - Smart Wait Function is triggered

2021-10-14 17:21:45 - [MESSAGE][INFO] - Found 1 web elements with id: 'Object Repository/Popup/Popup' located by 'By.cssSelector: .bootbox-body' in '30' second(s)

2021-10-14 17:21:45 - [MESSAGE][INFO] - Getting text of object 'Object Repository/Popup/Popup'

2021-10-14 17:21:45 - [MESSAGE][PASSED] - Text of object 'Object Repository/Popup/Popup' is: 'Lütfen rapor bildiriminin gönderileceği e-posta adresini belirtiniz.
e-Posta Adresi'

2021-10-14 17:21:45 - [TEST_STEP][PASSED] - RaporNo = getText(findTestObject("Popup/Popup")).substring(0, 6): Text of object 'Object Repository/Popup/Popup' is: 'Lütfen rapor bildiriminin gönderileceği e-posta adresini belirtiniz.
e-Posta Adresi'

2021-10-14 17:21:45 - [MESSAGE][INFO] - Finding Test Object 'Object Repository/Popup/Popup'

2021-10-14 17:21:45 - [MESSAGE][INFO] - Checking object

2021-10-14 17:21:45 - [MESSAGE][INFO] - Finding web element from Test Object's properties

2021-10-14 17:21:45 - [MESSAGE][INFO] - Checking timeout

2021-10-14 17:21:45 - [MESSAGE][INFO] - Finding web element with id: 'Object Repository/Popup/Popup' located by 'By.cssSelector: .bootbox-body' in '30' second(s)

2021-10-14 17:21:45 - [MESSAGE][INFO] - Smart Wait Function is triggered

2021-10-14 17:21:45 - [MESSAGE][INFO] - Found 1 web elements with id: 'Object Repository/Popup/Popup' located by 'By.cssSelector: .bootbox-body' in '30' second(s)

2021-10-14 17:21:45 - [MESSAGE][INFO] - Getting text of object 'Object Repository/Popup/Popup'

2021-10-14 17:21:45 - [MESSAGE][PASSED] - Text of object 'Object Repository/Popup/Popup' is: 'Lütfen rapor bildiriminin gönderileceği e-posta adresini belirtiniz.
e-Posta Adresi'

2021-10-14 17:21:45 - [TEST_STEP][PASSED] - Console.println(RaporNo): null

2021-10-14 17:21:45 - [MESSAGE][PASSED] - Call Test Case 'Test Cases/Popup/PopupMesajiIceriyorMu' successfully

2021-10-14 17:21:45 - [MESSAGE][INFO] - Checking called Test Case

2021-10-14 17:21:45 - [MESSAGE][INFO] - Starting to call Test Case 'Test Cases/Popup/PopupButonSecilir'

2021-10-14 17:21:45 - [TEST_CASE][PASSED] - Test Cases/Popup/PopupButonSecilir: Test Cases/Popup/PopupButonSecilir

2021-10-14 17:21:45 - [TEST_STEP][PASSED] - Method.TextDegerineEsitElementeTikla(findTestObject("Popup/Popup_Butons"), Buton): Method.TextDegerineEsitElementeTikla is PASSED

2021-10-14 17:21:45 - [MESSAGE][INFO] - Finding Test Object 'Object Repository/Popup/Popup_Butons'

2021-10-14 17:21:45 - [MESSAGE][INFO] - Checking timeout

2021-10-14 17:21:45 - [MESSAGE][INFO] - Finding web element with id: 'Object Repository/Popup/Popup_Butons' located by 'By.cssSelector: .modal-footer>button' in '10' second(s)

2021-10-14 17:21:45 - [MESSAGE][INFO] - Smart Wait Function is triggered

2021-10-14 17:21:45 - [MESSAGE][INFO] - Found 2 web elements with id: 'Object Repository/Popup/Popup_Butons' located by 'By.cssSelector: .modal-footer>button' in '10' second(s)

2021-10-14 17:21:45 - [MESSAGE][PASSED] - Method.TextDegerineEsitElementeTikla is PASSED

2021-10-14 17:21:45 - [MESSAGE][PASSED] - Call Test Case 'Test Cases/Popup/PopupButonSecilir' successfully

2021-10-14 17:21:45 - [MESSAGE][INFO] - Checking called Test Case

2021-10-14 17:21:45 - [MESSAGE][INFO] - Starting to call Test Case 'Test Cases/Popup/PopupMesajiIceriyorMu'

2021-10-14 17:21:46 - [TEST_CASE][PASSED] - Test Cases/Popup/PopupMesajiIceriyorMu: Test Cases/Popup/PopupMesajiIceriyorMu

2021-10-14 17:21:46 - [TEST_STEP][PASSED] - waitForElementVisible(findTestObject("Popup/Popup"), 10): Object 'Object Repository/Popup/Popup' is visible

2021-10-14 17:21:46 - [MESSAGE][INFO] - Finding Test Object 'Object Repository/Popup/Popup'

2021-10-14 17:21:46 - [MESSAGE][INFO] - Checking object

2021-10-14 17:21:46 - [MESSAGE][INFO] - Checking timeout

2021-10-14 17:21:46 - [MESSAGE][INFO] - Finding web element from Test Object's properties

2021-10-14 17:21:46 - [MESSAGE][INFO] - Checking timeout

2021-10-14 17:21:46 - [MESSAGE][INFO] - Finding web element with id: 'Object Repository/Popup/Popup' located by 'By.cssSelector: .bootbox-body' in '10' second(s)

2021-10-14 17:21:46 - [MESSAGE][INFO] - Smart Wait Function is triggered

2021-10-14 17:21:46 - [MESSAGE][INFO] - Found 1 web elements with id: 'Object Repository/Popup/Popup' located by 'By.cssSelector: .bootbox-body' in '10' second(s)

2021-10-14 17:21:46 - [MESSAGE][PASSED] - Object 'Object Repository/Popup/Popup' is visible

2021-10-14 17:21:46 - [TEST_STEP][PASSED] - if (!(getText(findTestObject("Popup/Popup")).contains(Mesaj))): Text of object 'Object Repository/Popup/Popup' is: '14584 no’lu talebiniz işleme alınmıştır. Raporunuz hazırlandığında (elogotest@gmail.com) adresinize mail gönderilecektir.
Rapor durumunuzu Raporlar > Toplu Veri İndirme ekranından takip edebilir, hazırlandı durumundaki raporlarınızı ilgili menüden indirebilirsiniz.'

2021-10-14 17:21:46 - [MESSAGE][INFO] - Finding Test Object 'Object Repository/Popup/Popup'

2021-10-14 17:21:46 - [MESSAGE][INFO] - Checking object

2021-10-14 17:21:46 - [MESSAGE][INFO] - Finding web element from Test Object's properties

2021-10-14 17:21:46 - [MESSAGE][INFO] - Checking timeout

2021-10-14 17:21:46 - [MESSAGE][INFO] - Finding web element with id: 'Object Repository/Popup/Popup' located by 'By.cssSelector: .bootbox-body' in '30' second(s)

2021-10-14 17:21:46 - [MESSAGE][INFO] - Smart Wait Function is triggered

2021-10-14 17:21:47 - [MESSAGE][INFO] - Found 1 web elements with id: 'Object Repository/Popup/Popup' located by 'By.cssSelector: .bootbox-body' in '30' second(s)

2021-10-14 17:21:47 - [MESSAGE][INFO] - Getting text of object 'Object Repository/Popup/Popup'

2021-10-14 17:21:47 - [MESSAGE][PASSED] - Text of object 'Object Repository/Popup/Popup' is: '14584 no’lu talebiniz işleme alınmıştır. Raporunuz hazırlandığında (elogotest@gmail.com) adresinize mail gönderilecektir.
Rapor durumunuzu Raporlar > Toplu Veri İndirme ekranından takip edebilir, hazırlandı durumundaki raporlarınızı ilgili menüden indirebilirsiniz.'

2021-10-14 17:21:47 - [TEST_STEP][PASSED] - RaporNo = getText(findTestObject("Popup/Popup")).substring(0, 6): Text of object 'Object Repository/Popup/Popup' is: '14584 no’lu talebiniz işleme alınmıştır. Raporunuz hazırlandığında (elogotest@gmail.com) adresinize mail gönderilecektir.
Rapor durumunuzu Raporlar > Toplu Veri İndirme ekranından takip edebilir, hazırlandı durumundaki raporlarınızı ilgili menüden indirebilirsiniz.'

2021-10-14 17:21:47 - [MESSAGE][INFO] - Finding Test Object 'Object Repository/Popup/Popup'

2021-10-14 17:21:47 - [MESSAGE][INFO] - Checking object

2021-10-14 17:21:47 - [MESSAGE][INFO] - Finding web element from Test Object's properties

2021-10-14 17:21:47 - [MESSAGE][INFO] - Checking timeout

2021-10-14 17:21:47 - [MESSAGE][INFO] - Finding web element with id: 'Object Repository/Popup/Popup' located by 'By.cssSelector: .bootbox-body' in '30' second(s)

2021-10-14 17:21:47 - [MESSAGE][INFO] - Smart Wait Function is triggered

2021-10-14 17:21:47 - [MESSAGE][INFO] - Found 1 web elements with id: 'Object Repository/Popup/Popup' located by 'By.cssSelector: .bootbox-body' in '30' second(s)

2021-10-14 17:21:47 - [MESSAGE][INFO] - Getting text of object 'Object Repository/Popup/Popup'

2021-10-14 17:21:47 - [MESSAGE][PASSED] - Text of object 'Object Repository/Popup/Popup' is: '14584 no’lu talebiniz işleme alınmıştır. Raporunuz hazırlandığında (elogotest@gmail.com) adresinize mail gönderilecektir.
Rapor durumunuzu Raporlar > Toplu Veri İndirme ekranından takip edebilir, hazırlandı durumundaki raporlarınızı ilgili menüden indirebilirsiniz.'

2021-10-14 17:21:47 - [TEST_STEP][PASSED] - Console.println(RaporNo): null

2021-10-14 17:21:47 - [MESSAGE][PASSED] - Call Test Case 'Test Cases/Popup/PopupMesajiIceriyorMu' successfully

2021-10-14 17:21:47 - [MESSAGE][INFO] - Checking called Test Case

2021-10-14 17:21:47 - [MESSAGE][INFO] - Starting to call Test Case 'Test Cases/Popup/PopupButonSecilir'

2021-10-14 17:21:47 - [TEST_CASE][PASSED] - Test Cases/Popup/PopupButonSecilir: Test Cases/Popup/PopupButonSecilir

2021-10-14 17:21:47 - [TEST_STEP][PASSED] - Method.TextDegerineEsitElementeTikla(findTestObject("Popup/Popup_Butons"), Buton): Method.TextDegerineEsitElementeTikla is PASSED

2021-10-14 17:21:47 - [MESSAGE][INFO] - Finding Test Object 'Object Repository/Popup/Popup_Butons'

2021-10-14 17:21:47 - [MESSAGE][INFO] - Checking timeout

2021-10-14 17:21:47 - [MESSAGE][INFO] - Finding web element with id: 'Object Repository/Popup/Popup_Butons' located by 'By.cssSelector: .modal-footer>button' in '10' second(s)

2021-10-14 17:21:47 - [MESSAGE][INFO] - Smart Wait Function is triggered

2021-10-14 17:21:47 - [MESSAGE][INFO] - Found 1 web elements with id: 'Object Repository/Popup/Popup_Butons' located by 'By.cssSelector: .modal-footer>button' in '10' second(s)

2021-10-14 17:21:47 - [MESSAGE][PASSED] - Method.TextDegerineEsitElementeTikla is PASSED

2021-10-14 17:21:47 - [MESSAGE][PASSED] - Call Test Case 'Test Cases/Popup/PopupButonSecilir' successfully

2021-10-14 17:21:47 - [MESSAGE][INFO] - Checking called Test Case

2021-10-14 17:21:47 - [MESSAGE][INFO] - Starting to call Test Case 'Test Cases/Butonlar/ButonaTikla'

2021-10-14 17:21:48 - [TEST_CASE][PASSED] - Test Cases/Butonlar/ButonaTikla: Test Cases/Butonlar/ButonaTikla

2021-10-14 17:21:48 - [TEST_STEP][PASSED] - Method.TextDegerineEsitElementeTiklaEquals(findTestObject("Butonlar/Butonlar"), Buton_Adi): Method.TextDegerineEsitElementeTiklaEquals is PASSED

2021-10-14 17:21:48 - [MESSAGE][INFO] - Finding Test Object 'Object Repository/Butonlar/Butonlar'

2021-10-14 17:21:48 - [MESSAGE][INFO] - Checking timeout

2021-10-14 17:21:48 - [MESSAGE][INFO] - Finding web element with id: 'Object Repository/Butonlar/Butonlar' located by 'By.cssSelector: .panel.panel-default.text-center.footerPanel .btn,.btn.btn-primary.btnControls' in '10' second(s)

2021-10-14 17:21:48 - [MESSAGE][INFO] - Smart Wait Function is triggered

2021-10-14 17:21:48 - [MESSAGE][INFO] - Found 7 web elements with id: 'Object Repository/Butonlar/Butonlar' located by 'By.cssSelector: .panel.panel-default.text-center.footerPanel .btn,.btn.btn-primary.btnControls' in '10' second(s)

2021-10-14 17:21:48 - [MESSAGE][PASSED] - Method.TextDegerineEsitElementeTiklaEquals is PASSED

2021-10-14 17:21:48 - [MESSAGE][PASSED] - Call Test Case 'Test Cases/Butonlar/ButonaTikla' successfully

2021-10-14 17:21:48 - [MESSAGE][INFO] - Checking called Test Case

2021-10-14 17:21:48 - [MESSAGE][INFO] - Starting to call Test Case 'Test Cases/Butonlar/AltButonaTikla'

2021-10-14 17:21:48 - [TEST_CASE][PASSED] - Test Cases/Butonlar/AltButonaTikla: Test Cases/Butonlar/AltButonaTikla

2021-10-14 17:21:48 - [TEST_STEP][PASSED] - Method.TextDegerineEsitElementeTikla(findTestObject("Butonlar/AltButonlar"), Alt_Buton): Method.TextDegerineEsitElementeTikla is PASSED

2021-10-14 17:21:48 - [MESSAGE][INFO] - Finding Test Object 'Object Repository/Butonlar/AltButonlar'

2021-10-14 17:21:48 - [MESSAGE][INFO] - Checking timeout

2021-10-14 17:21:48 - [MESSAGE][INFO] - Finding web element with id: 'Object Repository/Butonlar/AltButonlar' located by 'By.cssSelector: .btn-group.open li>a' in '10' second(s)

2021-10-14 17:21:48 - [MESSAGE][INFO] - Smart Wait Function is triggered

2021-10-14 17:21:49 - [MESSAGE][INFO] - Found 2 web elements with id: 'Object Repository/Butonlar/AltButonlar' located by 'By.cssSelector: .btn-group.open li>a' in '10' second(s)

2021-10-14 17:21:49 - [MESSAGE][PASSED] - Method.TextDegerineEsitElementeTikla is PASSED

2021-10-14 17:21:49 - [MESSAGE][PASSED] - Call Test Case 'Test Cases/Butonlar/AltButonaTikla' successfully

2021-10-14 17:21:49 - [MESSAGE][INFO] - Checking called Test Case

2021-10-14 17:21:49 - [MESSAGE][INFO] - Starting to call Test Case 'Test Cases/Popup/PopupMesajiIceriyorMu'

2021-10-14 17:21:49 - [TEST_CASE][PASSED] - Test Cases/Popup/PopupMesajiIceriyorMu: Test Cases/Popup/PopupMesajiIceriyorMu

2021-10-14 17:21:49 - [TEST_STEP][PASSED] - waitForElementVisible(findTestObject("Popup/Popup"), 10): Object 'Object Repository/Popup/Popup' is visible

2021-10-14 17:21:49 - [MESSAGE][INFO] - Finding Test Object 'Object Repository/Popup/Popup'

2021-10-14 17:21:49 - [MESSAGE][INFO] - Checking object

2021-10-14 17:21:49 - [MESSAGE][INFO] - Checking timeout

2021-10-14 17:21:49 - [MESSAGE][INFO] - Finding web element from Test Object's properties

2021-10-14 17:21:49 - [MESSAGE][INFO] - Checking timeout

2021-10-14 17:21:49 - [MESSAGE][INFO] - Finding web element with id: 'Object Repository/Popup/Popup' located by 'By.cssSelector: .bootbox-body' in '10' second(s)

2021-10-14 17:21:49 - [MESSAGE][INFO] - Smart Wait Function is triggered

2021-10-14 17:21:49 - [MESSAGE][INFO] - Found 1 web elements with id: 'Object Repository/Popup/Popup' located by 'By.cssSelector: .bootbox-body' in '10' second(s)

2021-10-14 17:21:49 - [MESSAGE][PASSED] - Object 'Object Repository/Popup/Popup' is visible

2021-10-14 17:21:49 - [TEST_STEP][PASSED] - if (!(getText(findTestObject("Popup/Popup")).contains(Mesaj))): Text of object 'Object Repository/Popup/Popup' is: 'Lütfen rapor bildiriminin gönderileceği e-posta adresini belirtiniz.
e-Posta Adresi'

2021-10-14 17:21:49 - [MESSAGE][INFO] - Finding Test Object 'Object Repository/Popup/Popup'

2021-10-14 17:21:49 - [MESSAGE][INFO] - Checking object

2021-10-14 17:21:49 - [MESSAGE][INFO] - Finding web element from Test Object's properties

2021-10-14 17:21:49 - [MESSAGE][INFO] - Checking timeout

2021-10-14 17:21:49 - [MESSAGE][INFO] - Finding web element with id: 'Object Repository/Popup/Popup' located by 'By.cssSelector: .bootbox-body' in '30' second(s)

2021-10-14 17:21:49 - [MESSAGE][INFO] - Smart Wait Function is triggered

2021-10-14 17:21:50 - [MESSAGE][INFO] - Found 1 web elements with id: 'Object Repository/Popup/Popup' located by 'By.cssSelector: .bootbox-body' in '30' second(s)

2021-10-14 17:21:50 - [MESSAGE][INFO] - Getting text of object 'Object Repository/Popup/Popup'

2021-10-14 17:21:50 - [MESSAGE][PASSED] - Text of object 'Object Repository/Popup/Popup' is: 'Lütfen rapor bildiriminin gönderileceği e-posta adresini belirtiniz.
e-Posta Adresi'

2021-10-14 17:21:50 - [TEST_STEP][PASSED] - RaporNo = getText(findTestObject("Popup/Popup")).substring(0, 6): Text of object 'Object Repository/Popup/Popup' is: 'Lütfen rapor bildiriminin gönderileceği e-posta adresini belirtiniz.
e-Posta Adresi'

2021-10-14 17:21:50 - [MESSAGE][INFO] - Finding Test Object 'Object Repository/Popup/Popup'

2021-10-14 17:21:50 - [MESSAGE][INFO] - Checking object

2021-10-14 17:21:50 - [MESSAGE][INFO] - Finding web element from Test Object's properties

2021-10-14 17:21:50 - [MESSAGE][INFO] - Checking timeout

2021-10-14 17:21:50 - [MESSAGE][INFO] - Finding web element with id: 'Object Repository/Popup/Popup' located by 'By.cssSelector: .bootbox-body' in '30' second(s)

2021-10-14 17:21:50 - [MESSAGE][INFO] - Smart Wait Function is triggered

2021-10-14 17:21:50 - [MESSAGE][INFO] - Found 1 web elements with id: 'Object Repository/Popup/Popup' located by 'By.cssSelector: .bootbox-body' in '30' second(s)

2021-10-14 17:21:50 - [MESSAGE][INFO] - Getting text of object 'Object Repository/Popup/Popup'

2021-10-14 17:21:50 - [MESSAGE][PASSED] - Text of object 'Object Repository/Popup/Popup' is: 'Lütfen rapor bildiriminin gönderileceği e-posta adresini belirtiniz.
e-Posta Adresi'

2021-10-14 17:21:50 - [TEST_STEP][PASSED] - Console.println(RaporNo): null

2021-10-14 17:21:50 - [MESSAGE][PASSED] - Call Test Case 'Test Cases/Popup/PopupMesajiIceriyorMu' successfully

2021-10-14 17:21:50 - [MESSAGE][INFO] - Checking called Test Case

2021-10-14 17:21:50 - [MESSAGE][INFO] - Starting to call Test Case 'Test Cases/Popup/PopupButonSecilir'

2021-10-14 17:21:50 - [TEST_CASE][PASSED] - Test Cases/Popup/PopupButonSecilir: Test Cases/Popup/PopupButonSecilir

2021-10-14 17:21:50 - [TEST_STEP][PASSED] - Method.TextDegerineEsitElementeTikla(findTestObject("Popup/Popup_Butons"), Buton): Method.TextDegerineEsitElementeTikla is PASSED

2021-10-14 17:21:50 - [MESSAGE][INFO] - Finding Test Object 'Object Repository/Popup/Popup_Butons'

2021-10-14 17:21:50 - [MESSAGE][INFO] - Checking timeout

2021-10-14 17:21:50 - [MESSAGE][INFO] - Finding web element with id: 'Object Repository/Popup/Popup_Butons' located by 'By.cssSelector: .modal-footer>button' in '10' second(s)

2021-10-14 17:21:50 - [MESSAGE][INFO] - Smart Wait Function is triggered

2021-10-14 17:21:51 - [MESSAGE][INFO] - Found 2 web elements with id: 'Object Repository/Popup/Popup_Butons' located by 'By.cssSelector: .modal-footer>button' in '10' second(s)

2021-10-14 17:21:51 - [MESSAGE][PASSED] - Method.TextDegerineEsitElementeTikla is PASSED

2021-10-14 17:21:51 - [MESSAGE][PASSED] - Call Test Case 'Test Cases/Popup/PopupButonSecilir' successfully

2021-10-14 17:21:51 - [MESSAGE][INFO] - Checking called Test Case

2021-10-14 17:21:51 - [MESSAGE][INFO] - Starting to call Test Case 'Test Cases/Popup/PopupMesajiIceriyorMu'

2021-10-14 17:21:51 - [TEST_CASE][PASSED] - Test Cases/Popup/PopupMesajiIceriyorMu: Test Cases/Popup/PopupMesajiIceriyorMu

2021-10-14 17:21:51 - [TEST_STEP][PASSED] - waitForElementVisible(findTestObject("Popup/Popup"), 10): Object 'Object Repository/Popup/Popup' is visible

2021-10-14 17:21:51 - [MESSAGE][INFO] - Finding Test Object 'Object Repository/Popup/Popup'

2021-10-14 17:21:51 - [MESSAGE][INFO] - Checking object

2021-10-14 17:21:51 - [MESSAGE][INFO] - Checking timeout

2021-10-14 17:21:51 - [MESSAGE][INFO] - Finding web element from Test Object's properties

2021-10-14 17:21:51 - [MESSAGE][INFO] - Checking timeout

2021-10-14 17:21:51 - [MESSAGE][INFO] - Finding web element with id: 'Object Repository/Popup/Popup' located by 'By.cssSelector: .bootbox-body' in '10' second(s)

2021-10-14 17:21:51 - [MESSAGE][INFO] - Smart Wait Function is triggered

2021-10-14 17:21:51 - [MESSAGE][INFO] - Found 1 web elements with id: 'Object Repository/Popup/Popup' located by 'By.cssSelector: .bootbox-body' in '10' second(s)

2021-10-14 17:21:51 - [MESSAGE][PASSED] - Object 'Object Repository/Popup/Popup' is visible

2021-10-14 17:21:51 - [TEST_STEP][PASSED] - if (!(getText(findTestObject("Popup/Popup")).contains(Mesaj))): Text of object 'Object Repository/Popup/Popup' is: '14585 no’lu talebiniz işleme alınmıştır. Raporunuz hazırlandığında (elogotest@gmail.com) adresinize mail gönderilecektir.
Rapor durumunuzu Raporlar > Toplu Veri İndirme ekranından takip edebilir, hazırlandı durumundaki raporlarınızı ilgili menüden indirebilirsiniz.'

2021-10-14 17:21:51 - [MESSAGE][INFO] - Finding Test Object 'Object Repository/Popup/Popup'

2021-10-14 17:21:52 - [MESSAGE][INFO] - Checking object

2021-10-14 17:21:52 - [MESSAGE][INFO] - Finding web element from Test Object's properties

2021-10-14 17:21:52 - [MESSAGE][INFO] - Checking timeout

2021-10-14 17:21:52 - [MESSAGE][INFO] - Finding web element with id: 'Object Repository/Popup/Popup' located by 'By.cssSelector: .bootbox-body' in '30' second(s)

2021-10-14 17:21:52 - [MESSAGE][INFO] - Smart Wait Function is triggered

2021-10-14 17:21:52 - [MESSAGE][INFO] - Found 1 web elements with id: 'Object Repository/Popup/Popup' located by 'By.cssSelector: .bootbox-body' in '30' second(s)

2021-10-14 17:21:52 - [MESSAGE][INFO] - Getting text of object 'Object Repository/Popup/Popup'

2021-10-14 17:21:52 - [MESSAGE][PASSED] - Text of object 'Object Repository/Popup/Popup' is: '14585 no’lu talebiniz işleme alınmıştır. Raporunuz hazırlandığında (elogotest@gmail.com) adresinize mail gönderilecektir.
Rapor durumunuzu Raporlar > Toplu Veri İndirme ekranından takip edebilir, hazırlandı durumundaki raporlarınızı ilgili menüden indirebilirsiniz.'

2021-10-14 17:21:52 - [TEST_STEP][PASSED] - RaporNo = getText(findTestObject("Popup/Popup")).substring(0, 6): Text of object 'Object Repository/Popup/Popup' is: '14585 no’lu talebiniz işleme alınmıştır. Raporunuz hazırlandığında (elogotest@gmail.com) adresinize mail gönderilecektir.
Rapor durumunuzu Raporlar > Toplu Veri İndirme ekranından takip edebilir, hazırlandı durumundaki raporlarınızı ilgili menüden indirebilirsiniz.'

2021-10-14 17:21:52 - [MESSAGE][INFO] - Finding Test Object 'Object Repository/Popup/Popup'

2021-10-14 17:21:52 - [MESSAGE][INFO] - Checking object

2021-10-14 17:21:52 - [MESSAGE][INFO] - Finding web element from Test Object's properties

2021-10-14 17:21:52 - [MESSAGE][INFO] - Checking timeout

2021-10-14 17:21:52 - [MESSAGE][INFO] - Finding web element with id: 'Object Repository/Popup/Popup' located by 'By.cssSelector: .bootbox-body' in '30' second(s)

2021-10-14 17:21:52 - [MESSAGE][INFO] - Smart Wait Function is triggered

2021-10-14 17:21:52 - [MESSAGE][INFO] - Found 1 web elements with id: 'Object Repository/Popup/Popup' located by 'By.cssSelector: .bootbox-body' in '30' second(s)

2021-10-14 17:21:52 - [MESSAGE][INFO] - Getting text of object 'Object Repository/Popup/Popup'

2021-10-14 17:21:52 - [MESSAGE][PASSED] - Text of object 'Object Repository/Popup/Popup' is: '14585 no’lu talebiniz işleme alınmıştır. Raporunuz hazırlandığında (elogotest@gmail.com) adresinize mail gönderilecektir.
Rapor durumunuzu Raporlar > Toplu Veri İndirme ekranından takip edebilir, hazırlandı durumundaki raporlarınızı ilgili menüden indirebilirsiniz.'

2021-10-14 17:21:52 - [TEST_STEP][PASSED] - Console.println(RaporNo): null

2021-10-14 17:21:52 - [MESSAGE][PASSED] - Call Test Case 'Test Cases/Popup/PopupMesajiIceriyorMu' successfully

2021-10-14 17:21:52 - [MESSAGE][INFO] - Checking called Test Case

2021-10-14 17:21:52 - [MESSAGE][INFO] - Starting to call Test Case 'Test Cases/Popup/PopupButonSecilir'

2021-10-14 17:21:52 - [TEST_CASE][PASSED] - Test Cases/Popup/PopupButonSecilir: Test Cases/Popup/PopupButonSecilir

2021-10-14 17:21:52 - [TEST_STEP][PASSED] - Method.TextDegerineEsitElementeTikla(findTestObject("Popup/Popup_Butons"), Buton): Method.TextDegerineEsitElementeTikla is PASSED

2021-10-14 17:21:52 - [MESSAGE][INFO] - Finding Test Object 'Object Repository/Popup/Popup_Butons'

2021-10-14 17:21:52 - [MESSAGE][INFO] - Checking timeout

2021-10-14 17:21:52 - [MESSAGE][INFO] - Finding web element with id: 'Object Repository/Popup/Popup_Butons' located by 'By.cssSelector: .modal-footer>button' in '10' second(s)

2021-10-14 17:21:52 - [MESSAGE][INFO] - Smart Wait Function is triggered

2021-10-14 17:21:53 - [MESSAGE][INFO] - Found 1 web elements with id: 'Object Repository/Popup/Popup_Butons' located by 'By.cssSelector: .modal-footer>button' in '10' second(s)

2021-10-14 17:21:53 - [MESSAGE][PASSED] - Method.TextDegerineEsitElementeTikla is PASSED

2021-10-14 17:21:53 - [MESSAGE][PASSED] - Call Test Case 'Test Cases/Popup/PopupButonSecilir' successfully

2021-10-14 17:21:53 - [MESSAGE][INFO] - Checking called Test Case

2021-10-14 17:21:53 - [MESSAGE][INFO] - Starting to call Test Case 'Test Cases/Menu/AnaMenuSecimi'

2021-10-14 17:21:53 - [TEST_CASE][PASSED] - Test Cases/Menu/AnaMenuSecimi: Test Cases/Menu/AnaMenuSecimi

2021-10-14 17:21:53 - [TEST_STEP][PASSED] - Method.TextDegerineEsitElementeTikla(findTestObject("Menu/Ana_Menu"), Ana_Menu): Method.TextDegerineEsitElementeTikla is PASSED

2021-10-14 17:21:53 - [MESSAGE][INFO] - Finding Test Object 'Object Repository/Menu/Ana_Menu'

2021-10-14 17:21:53 - [MESSAGE][INFO] - Checking timeout

2021-10-14 17:21:53 - [MESSAGE][INFO] - Finding web element with id: 'Object Repository/Menu/Ana_Menu' located by 'By.xpath: //*[@class = 'dropdown-toggle']' in '10' second(s)

2021-10-14 17:21:53 - [MESSAGE][INFO] - Smart Wait Function is triggered

2021-10-14 17:21:53 - [MESSAGE][INFO] - Found 15 web elements with id: 'Object Repository/Menu/Ana_Menu' located by 'By.xpath: //*[@class = 'dropdown-toggle']' in '10' second(s)

2021-10-14 17:21:54 - [MESSAGE][PASSED] - Method.TextDegerineEsitElementeTikla is PASSED

2021-10-14 17:21:54 - [MESSAGE][PASSED] - Call Test Case 'Test Cases/Menu/AnaMenuSecimi' successfully

2021-10-14 17:21:54 - [MESSAGE][INFO] - Checking called Test Case

2021-10-14 17:21:54 - [MESSAGE][INFO] - Starting to call Test Case 'Test Cases/Menu/AltMenuSecimi'

2021-10-14 17:21:54 - [TEST_CASE][PASSED] - Test Cases/Menu/AltMenuSecimi: Test Cases/Menu/AltMenuSecimi

2021-10-14 17:21:54 - [TEST_STEP][PASSED] - Method.TextDegerineEsitElementeTikla(findTestObject("Menu/Alt_Menu"), Alt_Menu): Method.TextDegerineEsitElementeTikla is PASSED

2021-10-14 17:21:54 - [MESSAGE][INFO] - Finding Test Object 'Object Repository/Menu/Alt_Menu'

2021-10-14 17:21:54 - [MESSAGE][INFO] - Checking timeout

2021-10-14 17:21:54 - [MESSAGE][INFO] - Finding web element with id: 'Object Repository/Menu/Alt_Menu' located by 'By.xpath: //li[@class='dropdown dropdown-large open']//li[@class='dropdown-element']' in '10' second(s)

2021-10-14 17:21:54 - [MESSAGE][INFO] - Smart Wait Function is triggered

2021-10-14 17:21:54 - [MESSAGE][INFO] - Found 9 web elements with id: 'Object Repository/Menu/Alt_Menu' located by 'By.xpath: //li[@class='dropdown dropdown-large open']//li[@class='dropdown-element']' in '10' second(s)

2021-10-14 17:21:55 - [MESSAGE][PASSED] - Method.TextDegerineEsitElementeTikla is PASSED

2021-10-14 17:21:55 - [MESSAGE][PASSED] - Call Test Case 'Test Cases/Menu/AltMenuSecimi' successfully

2021-10-14 17:21:55 - [MESSAGE][INFO] - Checking called Test Case

2021-10-14 17:21:55 - [MESSAGE][INFO] - Starting to call Test Case 'Test Cases/Filtreler/RaporNoYaz'

2021-10-14 17:21:55 - [TEST_CASE][PASSED] - Test Cases/Filtreler/RaporNoYaz: Test Cases/Filtreler/RaporNoYaz

2021-10-14 17:21:55 - [TEST_STEP][PASSED] - Method.TextDegerineEsitElementinAltindakiTextboxtaYaz(findTestObject("Filtreler/Basliklar"), findTestObject("Filtreler/Basliga_Gore_Textbox"), "Talep No", RaporNo): Method.TextDegerineEsitElementinAltindakiTextboxtaYaz is PASSED

2021-10-14 17:21:55 - [MESSAGE][INFO] - Finding Test Object 'Object Repository/Filtreler/Basliklar'

2021-10-14 17:21:55 - [MESSAGE][INFO] - Finding Test Object 'Object Repository/Filtreler/Basliga_Gore_Textbox'

2021-10-14 17:21:55 - [MESSAGE][INFO] - Checking timeout

2021-10-14 17:21:55 - [MESSAGE][INFO] - Finding web element with id: 'Object Repository/Filtreler/Basliklar' located by 'By.cssSelector: .control-label.col-sm-4.paddingMarginRLC' in '10' second(s)

2021-10-14 17:21:55 - [MESSAGE][INFO] - Smart Wait Function is triggered

2021-10-14 17:21:56 - [MESSAGE][INFO] - Found 8 web elements with id: 'Object Repository/Filtreler/Basliklar' located by 'By.cssSelector: .control-label.col-sm-4.paddingMarginRLC' in '10' second(s)

2021-10-14 17:21:56 - [MESSAGE][INFO] - Smart Wait Function is triggered

2021-10-14 17:21:56 - [MESSAGE][PASSED] - Method.TextDegerineEsitElementinAltindakiTextboxtaYaz is PASSED

2021-10-14 17:21:56 - [MESSAGE][PASSED] - Call Test Case 'Test Cases/Filtreler/RaporNoYaz' successfully

2021-10-14 17:21:56 - [MESSAGE][INFO] - Checking called Test Case

2021-10-14 17:21:56 - [MESSAGE][INFO] - Starting to call Test Case 'Test Cases/Filtreler/ButonaTikla'

2021-10-14 17:21:56 - [TEST_CASE][PASSED] - Test Cases/Filtreler/ButonaTikla: Test Cases/Filtreler/ButonaTikla

2021-10-14 17:21:56 - [TEST_STEP][PASSED] - Method.TextDegerineEsitElementeTikla(findTestObject("Filtreler/Butonlar"), Filtre_Buton): Method.TextDegerineEsitElementeTikla is PASSED

2021-10-14 17:21:56 - [MESSAGE][INFO] - Finding Test Object 'Object Repository/Filtreler/Butonlar'

2021-10-14 17:21:56 - [MESSAGE][INFO] - Checking timeout

2021-10-14 17:21:56 - [MESSAGE][INFO] - Finding web element with id: 'Object Repository/Filtreler/Butonlar' located by 'By.cssSelector: .dxb>span' in '10' second(s)

2021-10-14 17:21:56 - [MESSAGE][INFO] - Smart Wait Function is triggered

2021-10-14 17:21:56 - [MESSAGE][INFO] - Found 2 web elements with id: 'Object Repository/Filtreler/Butonlar' located by 'By.cssSelector: .dxb>span' in '10' second(s)

2021-10-14 17:21:57 - [MESSAGE][PASSED] - Method.TextDegerineEsitElementeTikla is PASSED

2021-10-14 17:21:57 - [MESSAGE][PASSED] - Call Test Case 'Test Cases/Filtreler/ButonaTikla' successfully

2021-10-14 17:21:57 - [MESSAGE][INFO] - Checking called Test Case

2021-10-14 17:21:57 - [MESSAGE][INFO] - Starting to call Test Case 'Test Cases/Tablo/TablodaVeriVarMi'

2021-10-14 17:21:57 - [TEST_CASE][PASSED] - Test Cases/Tablo/TablodaVeriVarMi: Test Cases/Tablo/TablodaVeriVarMi

2021-10-14 17:21:57 - [TEST_STEP][PASSED] - verifyTextNotPresent("Görüntülenecek veri yok", true): Text 'Görüntülenecek veri yok' is not present on page using regular expression

2021-10-14 17:21:57 - [MESSAGE][INFO] - Checking text present  using regular expression

2021-10-14 17:21:57 - [MESSAGE][INFO] - Smart Wait Function is triggered

2021-10-14 17:22:02 - [MESSAGE][INFO] - Finding text 'Görüntülenecek veri yok' on page  using regular expression

2021-10-14 17:22:02 - [MESSAGE][PASSED] - Text 'Görüntülenecek veri yok' is not present on page using regular expression

2021-10-14 17:22:02 - [MESSAGE][PASSED] - Call Test Case 'Test Cases/Tablo/TablodaVeriVarMi' successfully

2021-10-14 17:22:02 - [MESSAGE][INFO] - Checking called Test Case

2021-10-14 17:22:02 - [MESSAGE][INFO] - Starting to call Test Case 'Test Cases/Kullanici_Islemleri/KullaniciIslemlerindenSecimYapilir'

2021-10-14 17:22:02 - [TEST_CASE][PASSED] - Test Cases/Kullanici_Islemleri/KullaniciIslemlerindenSecimYapilir: Test Cases/Kullanici_Islemleri/KullaniciIslemlerindenSecimYapilir

2021-10-14 17:22:02 - [TEST_STEP][PASSED] - waitForElementClickable(findTestObject("Object Repository/Kullanici_Islemleri/KullaniciIslemleri"), 10): Object 'Object Repository/Kullanici_Islemleri/KullaniciIslemleri' is clickable

2021-10-14 17:22:02 - [MESSAGE][INFO] - Finding Test Object 'Object Repository/Kullanici_Islemleri/KullaniciIslemleri'

2021-10-14 17:22:02 - [MESSAGE][INFO] - Checking object

2021-10-14 17:22:02 - [MESSAGE][INFO] - Checking timeout

2021-10-14 17:22:02 - [MESSAGE][INFO] - Finding web element from Test Object's properties

2021-10-14 17:22:02 - [MESSAGE][INFO] - Checking timeout

2021-10-14 17:22:02 - [MESSAGE][INFO] - Finding web element with id: 'Object Repository/Kullanici_Islemleri/KullaniciIslemleri' located by 'By.cssSelector: .dropdown>a>img' in '10' second(s)

2021-10-14 17:22:02 - [MESSAGE][INFO] - Smart Wait Function is triggered

2021-10-14 17:22:02 - [MESSAGE][INFO] - Found 1 web elements with id: 'Object Repository/Kullanici_Islemleri/KullaniciIslemleri' located by 'By.cssSelector: .dropdown>a>img' in '10' second(s)

2021-10-14 17:22:02 - [MESSAGE][PASSED] - Object 'Object Repository/Kullanici_Islemleri/KullaniciIslemleri' is clickable

2021-10-14 17:22:02 - [TEST_STEP][PASSED] - click(findTestObject("Object Repository/Kullanici_Islemleri/KullaniciIslemleri")): Object: 'Object Repository/Kullanici_Islemleri/KullaniciIslemleri' is clicked on

2021-10-14 17:22:02 - [MESSAGE][INFO] - Finding Test Object 'Object Repository/Kullanici_Islemleri/KullaniciIslemleri'

2021-10-14 17:22:02 - [MESSAGE][INFO] - Checking object

2021-10-14 17:22:02 - [MESSAGE][INFO] - Finding web element from Test Object's properties

2021-10-14 17:22:02 - [MESSAGE][INFO] - Checking timeout

2021-10-14 17:22:02 - [MESSAGE][INFO] - Finding web element with id: 'Object Repository/Kullanici_Islemleri/KullaniciIslemleri' located by 'By.cssSelector: .dropdown>a>img' in '30' second(s)

2021-10-14 17:22:02 - [MESSAGE][INFO] - Smart Wait Function is triggered

2021-10-14 17:22:03 - [MESSAGE][INFO] - Found 1 web elements with id: 'Object Repository/Kullanici_Islemleri/KullaniciIslemleri' located by 'By.cssSelector: .dropdown>a>img' in '30' second(s)

2021-10-14 17:22:03 - [MESSAGE][INFO] - Clicking on object: 'Object Repository/Kullanici_Islemleri/KullaniciIslemleri'

2021-10-14 17:22:03 - [MESSAGE][PASSED] - Object: 'Object Repository/Kullanici_Islemleri/KullaniciIslemleri' is clicked on

2021-10-14 17:22:03 - [TEST_STEP][PASSED] - Method.TextDegerineEsitElementeTikla(findTestObject("Object Repository/Kullanici_Islemleri/Secenekler"), Islem): Method.TextDegerineEsitElementeTikla is PASSED

2021-10-14 17:22:03 - [MESSAGE][INFO] - Finding Test Object 'Object Repository/Kullanici_Islemleri/Secenekler'

2021-10-14 17:22:03 - [MESSAGE][INFO] - Checking timeout

2021-10-14 17:22:03 - [MESSAGE][INFO] - Finding web element with id: 'Object Repository/Kullanici_Islemleri/Secenekler' located by 'By.cssSelector: .nav.navbar-nav.navbar-right li a' in '10' second(s)

2021-10-14 17:22:03 - [MESSAGE][INFO] - Smart Wait Function is triggered

2021-10-14 17:22:03 - [MESSAGE][INFO] - Found 22 web elements with id: 'Object Repository/Kullanici_Islemleri/Secenekler' located by 'By.cssSelector: .nav.navbar-nav.navbar-right li a' in '10' second(s)

2021-10-14 17:22:05 - [MESSAGE][PASSED] - Method.TextDegerineEsitElementeTikla is PASSED

2021-10-14 17:22:05 - [TEST_STEP][PASSED] - verifyElementNotPresent(findTestObject("Object Repository/Kullanici_Islemleri/Secenekler"), 10): Web element with id: 'Object Repository/Kullanici_Islemleri/Secenekler' located by 'By.cssSelector: .nav.navbar-nav.navbar-right li a' is not present after '10' second(s)

2021-10-14 17:22:05 - [MESSAGE][INFO] - Finding Test Object 'Object Repository/Kullanici_Islemleri/Secenekler'

2021-10-14 17:22:05 - [MESSAGE][INFO] - Checking object

2021-10-14 17:22:05 - [MESSAGE][INFO] - Checking timeout

2021-10-14 17:22:05 - [MESSAGE][INFO] - Finding web element with id: 'Object Repository/Kullanici_Islemleri/Secenekler' located by 'By.cssSelector: .nav.navbar-nav.navbar-right li a' in '10' second(s)

2021-10-14 17:22:05 - [MESSAGE][INFO] - Smart Wait Function is triggered

2021-10-14 17:22:06 - [MESSAGE][PASSED] - Web element with id: 'Object Repository/Kullanici_Islemleri/Secenekler' located by 'By.cssSelector: .nav.navbar-nav.navbar-right li a' is not present after '10' second(s)

2021-10-14 17:22:06 - [MESSAGE][PASSED] - Call Test Case 'Test Cases/Kullanici_Islemleri/KullaniciIslemlerindenSecimYapilir' successfully

2021-10-14 17:22:06 - [TEST_CASE][PASSED] - Start Test Case : SCENARIO e-Fatura Gelen Kutusu Uygulama Yanıtları Toplu Indirme - UBL Secilenlerin indirilmesi: SCENARIO e-Fatura Gelen Kutusu Uygulama Yanıtları Toplu Indirme - UBL Secilenlerin indirilmesi

2021-10-14 17:22:06 - [TEST_STEP][PASSED] - Kullanıcı adı ELOGO6 ve Şifre 123456 olarak giriş yapılır: Kullanıcı adı ELOGO6 ve Şifre 123456 olarak giriş yapılır

2021-10-14 17:22:06 - [MESSAGE][PASSED] - Kullanıcı adı ELOGO6 ve Şifre 123456 olarak giriş yapılır

2021-10-14 17:22:06 - [TEST_STEP][PASSED] - Ana menüden e-Fatura seçilir: Ana menüden e-Fatura seçilir

2021-10-14 17:22:06 - [MESSAGE][PASSED] - Ana menüden e-Fatura seçilir

2021-10-14 17:22:06 - [TEST_STEP][PASSED] - Alt menü Gelen Kutusu başlığı altındaki Uygulama Yanıtları seçilir: Alt menü Gelen Kutusu başlığı altındaki Uygulama Yanıtları seçilir

2021-10-14 17:22:06 - [MESSAGE][PASSED] - Alt menü Gelen Kutusu başlığı altındaki Uygulama Yanıtları seçilir

2021-10-14 17:22:06 - [TEST_STEP][PASSED] - Filtrelerden Oluşturma Tarihi filtresine 01.12.2020 baslangic degerini yaz: Filtrelerden Oluşturma Tarihi filtresine 01.12.2020 baslangic degerini yaz

2021-10-14 17:22:06 - [MESSAGE][PASSED] - Filtrelerden Oluşturma Tarihi filtresine 01.12.2020 baslangic degerini yaz

2021-10-14 17:22:06 - [TEST_STEP][PASSED] - Filtrelerden Oluşturma Tarihi filtresine 31.12.2020 bitis degerini yaz: Filtrelerden Oluşturma Tarihi filtresine 31.12.2020 bitis degerini yaz

2021-10-14 17:22:06 - [MESSAGE][PASSED] - Filtrelerden Oluşturma Tarihi filtresine 31.12.2020 bitis degerini yaz

2021-10-14 17:22:06 - [TEST_STEP][PASSED] - Filtrelerden Gönderen VKN filtresine 1234567806 textini yaz: Filtrelerden Gönderen VKN filtresine 1234567806 textini yaz

2021-10-14 17:22:06 - [MESSAGE][PASSED] - Filtrelerden Gönderen VKN filtresine 1234567806 textini yaz

2021-10-14 17:22:06 - [TEST_STEP][PASSED] - Filtre butonlarından Listele seçilir: Filtre butonlarından Listele seçilir

2021-10-14 17:22:06 - [MESSAGE][PASSED] - Filtre butonlarından Listele seçilir

2021-10-14 17:22:06 - [TEST_STEP][PASSED] - Tabloda veri var mı kontrol edilir: Tabloda veri var mı kontrol edilir

2021-10-14 17:22:06 - [MESSAGE][PASSED] - Tabloda veri var mı kontrol edilir

2021-10-14 17:22:06 - [TEST_STEP][PASSED] - Tablodan 1234567806 isimli veri seçilir: Tablodan 1234567806 isimli veri seçilir

2021-10-14 17:22:06 - [MESSAGE][PASSED] - Tablodan 1234567806 isimli veri seçilir

2021-10-14 17:22:06 - [TEST_STEP][PASSED] - Butonlardan Toplu İndirme isimli butona tıklanır: Butonlardan Toplu İndirme isimli butona tıklanır

2021-10-14 17:22:06 - [MESSAGE][PASSED] - Butonlardan Toplu İndirme isimli butona tıklanır

2021-10-14 17:22:06 - [TEST_STEP][PASSED] - Alt butonlardan UBL Seçilenleri İndir butonuna tıklanır: Alt butonlardan UBL Seçilenleri İndir butonuna tıklanır

2021-10-14 17:22:06 - [MESSAGE][PASSED] - Alt butonlardan UBL Seçilenleri İndir butonuna tıklanır

2021-10-14 17:22:06 - [TEST_STEP][PASSED] - Popup mesajı Lütfen rapor bildiriminin gönderileceği e-posta adresini belirtiniz. içeriyor mu: Popup mesajı Lütfen rapor bildiriminin gönderileceği e-posta adresini belirtiniz. içeriyor mu

2021-10-14 17:22:06 - [MESSAGE][PASSED] - Popup mesajı Lütfen rapor bildiriminin gönderileceği e-posta adresini belirtiniz. içeriyor mu

2021-10-14 17:22:06 - [TEST_STEP][PASSED] - Yönetim popupında Gönder seçilir: Yönetim popupında Gönder seçilir

2021-10-14 17:22:06 - [MESSAGE][PASSED] - Yönetim popupında Gönder seçilir

2021-10-14 17:22:06 - [TEST_STEP][PASSED] - Popup mesajı Toplu Veri İndirme içeriyor mu: Popup mesajı Toplu Veri İndirme içeriyor mu

2021-10-14 17:22:06 - [MESSAGE][PASSED] - Popup mesajı Toplu Veri İndirme içeriyor mu

2021-10-14 17:22:06 - [TEST_STEP][PASSED] - Yönetim popupında Tamam seçilir: Yönetim popupında Tamam seçilir

2021-10-14 17:22:06 - [MESSAGE][PASSED] - Yönetim popupında Tamam seçilir

2021-10-14 17:22:06 - [TEST_STEP][PASSED] - Butonlardan Toplu İndirme isimli butona tıklanır: Butonlardan Toplu İndirme isimli butona tıklanır

2021-10-14 17:22:06 - [MESSAGE][PASSED] - Butonlardan Toplu İndirme isimli butona tıklanır

2021-10-14 17:22:06 - [TEST_STEP][PASSED] - Alt butonlardan UBL Tümünü İndir butonuna tıklanır: Alt butonlardan UBL Tümünü İndir butonuna tıklanır

2021-10-14 17:22:06 - [MESSAGE][PASSED] - Alt butonlardan UBL Tümünü İndir butonuna tıklanır

2021-10-14 17:22:06 - [TEST_STEP][PASSED] - Popup mesajı Lütfen rapor bildiriminin gönderileceği e-posta adresini belirtiniz. içeriyor mu: Popup mesajı Lütfen rapor bildiriminin gönderileceği e-posta adresini belirtiniz. içeriyor mu

2021-10-14 17:22:06 - [MESSAGE][PASSED] - Popup mesajı Lütfen rapor bildiriminin gönderileceği e-posta adresini belirtiniz. içeriyor mu

2021-10-14 17:22:06 - [TEST_STEP][PASSED] - Yönetim popupında Gönder seçilir: Yönetim popupında Gönder seçilir

2021-10-14 17:22:06 - [MESSAGE][PASSED] - Yönetim popupında Gönder seçilir

2021-10-14 17:22:06 - [TEST_STEP][PASSED] - Popup mesajı Toplu Veri İndirme içeriyor mu: Popup mesajı Toplu Veri İndirme içeriyor mu

2021-10-14 17:22:06 - [MESSAGE][PASSED] - Popup mesajı Toplu Veri İndirme içeriyor mu

2021-10-14 17:22:06 - [TEST_STEP][PASSED] - Yönetim popupında Tamam seçilir: Yönetim popupında Tamam seçilir

2021-10-14 17:22:06 - [MESSAGE][PASSED] - Yönetim popupında Tamam seçilir

2021-10-14 17:22:06 - [TEST_STEP][PASSED] - Ana menüden Raporlar seçilir: Ana menüden Raporlar seçilir

2021-10-14 17:22:06 - [MESSAGE][PASSED] - Ana menüden Raporlar seçilir

2021-10-14 17:22:06 - [TEST_STEP][PASSED] - Alt menüden Toplu Veri İndirme seçilir: Alt menüden Toplu Veri İndirme seçilir

2021-10-14 17:22:06 - [MESSAGE][PASSED] - Alt menüden Toplu Veri İndirme seçilir

2021-10-14 17:22:06 - [TEST_STEP][PASSED] - Filtrelerden Talep No filtresine Rapor No bilgisi yaz: Filtrelerden Talep No filtresine Rapor No bilgisi yaz

2021-10-14 17:22:06 - [MESSAGE][PASSED] - Filtrelerden Talep No filtresine Rapor No bilgisi yaz

2021-10-14 17:22:06 - [TEST_STEP][PASSED] - Filtre butonlarından Listele seçilir: Filtre butonlarından Listele seçilir

2021-10-14 17:22:06 - [MESSAGE][PASSED] - Filtre butonlarından Listele seçilir

2021-10-14 17:22:06 - [TEST_STEP][PASSED] - Tabloda veri var mı kontrol edilir: Tabloda veri var mı kontrol edilir

2021-10-14 17:22:06 - [MESSAGE][PASSED] - Tabloda veri var mı kontrol edilir

2021-10-14 17:22:06 - [TEST_STEP][PASSED] - Kullanıcı işlemlerinden Çıkış seçilir: Kullanıcı işlemlerinden Çıkış seçilir

2021-10-14 17:22:06 - [MESSAGE][PASSED] - Kullanıcı işlemlerinden Çıkış seçilir

2021-10-14 17:22:06 - [MESSAGE][PASSED] - Feature file: 'Include/features/e-Fatura/Gelen Kutusu/Uygulama Yanitlari/Toplu Indirme.feature' was passed

2021-10-14 17:22:06 - [TEST_STEP][PASSED] - Start listener action : sampleAfterTestSuite: Invoke 'com.kms.katalon.core.annotation.AfterTestCase' method: 'Listener.sampleAfterTestSuite(...)' completed.

2021-10-14 17:22:06 - [MESSAGE][INFO] - Starting invoke 'com.kms.katalon.core.annotation.AfterTestCase' method: 'Listener.sampleAfterTestSuite(...)'

2021-10-14 17:22:06 - [TEST_STEP][PASSED] - closeBrowser(): Invoke 'com.kms.katalon.core.annotation.AfterTestCase' method: 'Listener.sampleAfterTestSuite(...)' completed.

2021-10-14 17:22:06 - [MESSAGE][INFO] - Closing browser

2021-10-14 17:22:06 - [MESSAGE][PASSED] - Browser is closed

2021-10-14 17:22:06 - [MESSAGE][INFO] - Invoke 'com.kms.katalon.core.annotation.AfterTestCase' method: 'Listener.sampleAfterTestSuite(...)' completed.]]></system-out>
         <system-err><![CDATA[]]></system-err>
      </testcase>
      <testcase name="Test Cases/Case Repository/e-Fatura/Giden Kutusu/Faturalar/Excele Aktar" time="52.464" classname="Test Cases/Case Repository/e-Fatura/Giden Kutusu/Faturalar/Excele Aktar" status="PASSED">
         <system-out><![CDATA[2021-10-14 17:22:06 - [TEST_CASE][PASSED] - Test Cases/Case Repository/e-Fatura/Giden Kutusu/Faturalar/Excele Aktar: Test Cases/Case Repository/e-Fatura/Giden Kutusu/Faturalar/Excele Aktar

2021-10-14 17:22:06 - [TEST_STEP][PASSED] - Start listener action : sampleBeforeTestSuite: Invoke 'com.kms.katalon.core.annotation.BeforeTestCase' method: 'Listener.sampleBeforeTestSuite(...)' completed.

2021-10-14 17:22:06 - [MESSAGE][INFO] - Starting invoke 'com.kms.katalon.core.annotation.BeforeTestCase' method: 'Listener.sampleBeforeTestSuite(...)'

2021-10-14 17:22:06 - [TEST_STEP][PASSED] - openBrowser(baseUrl): Browser is opened with url: 'https://efatura-stage.elogo.com.tr/'

2021-10-14 17:22:06 - [MESSAGE][INFO] - Opening browser

2021-10-14 17:22:06 - [MESSAGE][INFO] - Starting 'Chrome' driver

2021-10-14 17:22:06 - [MESSAGE][INFO] - User set preference: ['prefs', '{download.default_directory=C:\otomasyondownfiles}']

2021-10-14 17:22:06 - [MESSAGE][INFO] - Action delay is set to 0 milliseconds

2021-10-14 17:22:08 - [MESSAGE][INFO] - Navigating browser to: 'https://efatura-stage.elogo.com.tr/'

2021-10-14 17:22:10 - [MESSAGE][PASSED] - Browser is opened with url: 'https://efatura-stage.elogo.com.tr/'

2021-10-14 17:22:10 - [TEST_STEP][PASSED] - maximizeWindow(): Invoke 'com.kms.katalon.core.annotation.BeforeTestCase' method: 'Listener.sampleBeforeTestSuite(...)' completed.

2021-10-14 17:22:10 - [MESSAGE][INFO] - Maximizing current window

2021-10-14 17:22:10 - [MESSAGE][PASSED] - Current window maximized

2021-10-14 17:22:10 - [MESSAGE][INFO] - Invoke 'com.kms.katalon.core.annotation.BeforeTestCase' method: 'Listener.sampleBeforeTestSuite(...)' completed.

2021-10-14 17:22:10 - [TEST_STEP][PASSED] - runFeatureFile("Include/features/e-Fatura/Giden Kutusu/Faturalar/Excele Aktar.feature"): Feature file: 'Include/features/e-Fatura/Giden Kutusu/Faturalar/Excele Aktar.feature' was passed

2021-10-14 17:22:10 - [MESSAGE][INFO] - Starting run keyword runFeatureFile: 'Include/features/e-Fatura/Giden Kutusu/Faturalar/Excele Aktar.feature' and extract report to folder: 'C:\Users\DELL\Downloads\EES_Katalon-main\Reports\20211014_170112\Suite Repository\ExceleAktarVeTopluIndirme\20211014_170125/cucumber_report/1634221330813'...

2021-10-14 17:22:10 - [MESSAGE][INFO] - Glue: []

2021-10-14 17:22:11 - [MESSAGE][INFO] - Checking called Test Case

2021-10-14 17:22:11 - [MESSAGE][INFO] - Starting to call Test Case 'Test Cases/Sayfalar/Giris_Sayfasi/Login'

2021-10-14 17:22:11 - [TEST_CASE][PASSED] - Test Cases/Sayfalar/Giris_Sayfasi/Login: Test Cases/Sayfalar/Giris_Sayfasi/Login

2021-10-14 17:22:11 - [TEST_STEP][PASSED] - Sayfa_Basligi = getWindowTitle(): Current window's title is: 'LOGO e-Fatura'

2021-10-14 17:22:11 - [MESSAGE][INFO] - Getting current window's title

2021-10-14 17:22:11 - [MESSAGE][PASSED] - Current window's title is: 'LOGO e-Fatura'

2021-10-14 17:22:11 - [TEST_STEP][PASSED] - verifyMatch(Sayfa_Basligi, "LOGO e-Fatura", false): Actual text 'LOGO e-Fatura' and expected text 'LOGO e-Fatura' are matched 

2021-10-14 17:22:11 - [MESSAGE][INFO] - Matching actual text 'LOGO e-Fatura' with expected text 'LOGO e-Fatura'

2021-10-14 17:22:11 - [MESSAGE][PASSED] - Actual text 'LOGO e-Fatura' and expected text 'LOGO e-Fatura' are matched 

2021-10-14 17:22:11 - [TEST_STEP][PASSED] - sendKeys(findTestObject("Sayfalar/Giris_Sayfasi/Firma_Kodu"), KullaniciAdi): Keys 'ELOGO6' sent to object: 'Object Repository/Sayfalar/Giris_Sayfasi/Firma_Kodu'

2021-10-14 17:22:11 - [MESSAGE][INFO] - Finding Test Object 'Object Repository/Sayfalar/Giris_Sayfasi/Firma_Kodu'

2021-10-14 17:22:11 - [MESSAGE][INFO] - Sending keys 'ELOGO6' to object: 'Object Repository/Sayfalar/Giris_Sayfasi/Firma_Kodu'

2021-10-14 17:22:11 - [MESSAGE][INFO] - Finding web element from Test Object's properties

2021-10-14 17:22:11 - [MESSAGE][INFO] - Checking timeout

2021-10-14 17:22:11 - [MESSAGE][INFO] - Finding web element with id: 'Object Repository/Sayfalar/Giris_Sayfasi/Firma_Kodu' located by 'By.xpath: //*[@id = 'AccountName']' in '30' second(s)

2021-10-14 17:22:11 - [MESSAGE][INFO] - Smart Wait Function is triggered

2021-10-14 17:22:12 - [MESSAGE][INFO] - Found 1 web elements with id: 'Object Repository/Sayfalar/Giris_Sayfasi/Firma_Kodu' located by 'By.xpath: //*[@id = 'AccountName']' in '30' second(s)

2021-10-14 17:22:12 - [MESSAGE][PASSED] - Keys 'ELOGO6' sent to object: 'Object Repository/Sayfalar/Giris_Sayfasi/Firma_Kodu'

2021-10-14 17:22:12 - [TEST_STEP][PASSED] - sendKeys(findTestObject("Sayfalar/Giris_Sayfasi/Sifre"), Sifre): Keys '123456' sent to object: 'Object Repository/Sayfalar/Giris_Sayfasi/Sifre'

2021-10-14 17:22:12 - [MESSAGE][INFO] - Finding Test Object 'Object Repository/Sayfalar/Giris_Sayfasi/Sifre'

2021-10-14 17:22:12 - [MESSAGE][INFO] - Sending keys '123456' to object: 'Object Repository/Sayfalar/Giris_Sayfasi/Sifre'

2021-10-14 17:22:12 - [MESSAGE][INFO] - Finding web element from Test Object's properties

2021-10-14 17:22:12 - [MESSAGE][INFO] - Checking timeout

2021-10-14 17:22:12 - [MESSAGE][INFO] - Finding web element with id: 'Object Repository/Sayfalar/Giris_Sayfasi/Sifre' located by 'By.xpath: //*[@id = 'Password']' in '30' second(s)

2021-10-14 17:22:12 - [MESSAGE][INFO] - Smart Wait Function is triggered

2021-10-14 17:22:12 - [MESSAGE][INFO] - Found 1 web elements with id: 'Object Repository/Sayfalar/Giris_Sayfasi/Sifre' located by 'By.xpath: //*[@id = 'Password']' in '30' second(s)

2021-10-14 17:22:12 - [MESSAGE][PASSED] - Keys '123456' sent to object: 'Object Repository/Sayfalar/Giris_Sayfasi/Sifre'

2021-10-14 17:22:12 - [TEST_STEP][PASSED] - findWebElement(findTestObject("Sayfalar/Giris_Sayfasi/Giris_Butonu")).click(): Found 1 web elements with id: 'Object Repository/Sayfalar/Giris_Sayfasi/Giris_Butonu' located by 'By.cssSelector: #btnLogin' in '30' second(s)

2021-10-14 17:22:12 - [MESSAGE][INFO] - Finding Test Object 'Object Repository/Sayfalar/Giris_Sayfasi/Giris_Butonu'

2021-10-14 17:22:12 - [MESSAGE][INFO] - Finding web element from Test Object's properties

2021-10-14 17:22:12 - [MESSAGE][INFO] - Checking timeout

2021-10-14 17:22:12 - [MESSAGE][INFO] - Finding web element with id: 'Object Repository/Sayfalar/Giris_Sayfasi/Giris_Butonu' located by 'By.cssSelector: #btnLogin' in '30' second(s)

2021-10-14 17:22:12 - [MESSAGE][INFO] - Smart Wait Function is triggered

2021-10-14 17:22:13 - [MESSAGE][INFO] - Found 1 web elements with id: 'Object Repository/Sayfalar/Giris_Sayfasi/Giris_Butonu' located by 'By.cssSelector: #btnLogin' in '30' second(s)

2021-10-14 17:22:15 - [TEST_STEP][PASSED] - if (verifyElementPresent(findTestObject("Object Repository/Sayfalar/Giris_Sayfasi/RetveTamam_Butonu"), 5, OPTIONAL)): null

2021-10-14 17:22:15 - [MESSAGE][INFO] - Finding Test Object 'Object Repository/Sayfalar/Giris_Sayfasi/RetveTamam_Butonu'

2021-10-14 17:22:15 - [MESSAGE][INFO] - Checking object

2021-10-14 17:22:15 - [MESSAGE][INFO] - Finding web element from Test Object's properties

2021-10-14 17:22:15 - [MESSAGE][INFO] - Checking timeout

2021-10-14 17:22:15 - [MESSAGE][INFO] - Finding web element with id: 'Object Repository/Sayfalar/Giris_Sayfasi/RetveTamam_Butonu' located by 'By.xpath: //*[@class = 'btn btn-default']' in '5' second(s)

2021-10-14 17:22:15 - [MESSAGE][INFO] - Smart Wait Function is triggered

2021-10-14 17:22:16 - [MESSAGE][INFO] - Found 1 web elements with id: 'Object Repository/Sayfalar/Giris_Sayfasi/RetveTamam_Butonu' located by 'By.xpath: //*[@class = 'btn btn-default']' in '5' second(s)

2021-10-14 17:22:16 - [MESSAGE][PASSED] - Object 'Object Repository/Sayfalar/Giris_Sayfasi/RetveTamam_Butonu' is present

2021-10-14 17:22:16 - [TEST_STEP][PASSED] - click(findTestObject("Object Repository/Sayfalar/Giris_Sayfasi/RetveTamam_Butonu")): Object: 'Object Repository/Sayfalar/Giris_Sayfasi/RetveTamam_Butonu' is clicked on

2021-10-14 17:22:16 - [MESSAGE][INFO] - Finding Test Object 'Object Repository/Sayfalar/Giris_Sayfasi/RetveTamam_Butonu'

2021-10-14 17:22:16 - [MESSAGE][INFO] - Checking object

2021-10-14 17:22:16 - [MESSAGE][INFO] - Finding web element from Test Object's properties

2021-10-14 17:22:16 - [MESSAGE][INFO] - Checking timeout

2021-10-14 17:22:16 - [MESSAGE][INFO] - Finding web element with id: 'Object Repository/Sayfalar/Giris_Sayfasi/RetveTamam_Butonu' located by 'By.xpath: //*[@class = 'btn btn-default']' in '30' second(s)

2021-10-14 17:22:16 - [MESSAGE][INFO] - Smart Wait Function is triggered

2021-10-14 17:22:16 - [MESSAGE][INFO] - Found 1 web elements with id: 'Object Repository/Sayfalar/Giris_Sayfasi/RetveTamam_Butonu' located by 'By.xpath: //*[@class = 'btn btn-default']' in '30' second(s)

2021-10-14 17:22:16 - [MESSAGE][INFO] - Clicking on object: 'Object Repository/Sayfalar/Giris_Sayfasi/RetveTamam_Butonu'

2021-10-14 17:22:16 - [MESSAGE][PASSED] - Object: 'Object Repository/Sayfalar/Giris_Sayfasi/RetveTamam_Butonu' is clicked on

2021-10-14 17:22:16 - [TEST_STEP][PASSED] - click(findTestObject("Object Repository/Sayfalar/Giris_Sayfasi/RetveTamam_Butonu")): Object: 'Object Repository/Sayfalar/Giris_Sayfasi/RetveTamam_Butonu' is clicked on

2021-10-14 17:22:16 - [MESSAGE][INFO] - Finding Test Object 'Object Repository/Sayfalar/Giris_Sayfasi/RetveTamam_Butonu'

2021-10-14 17:22:16 - [MESSAGE][INFO] - Checking object

2021-10-14 17:22:16 - [MESSAGE][INFO] - Finding web element from Test Object's properties

2021-10-14 17:22:16 - [MESSAGE][INFO] - Checking timeout

2021-10-14 17:22:16 - [MESSAGE][INFO] - Finding web element with id: 'Object Repository/Sayfalar/Giris_Sayfasi/RetveTamam_Butonu' located by 'By.xpath: //*[@class = 'btn btn-default']' in '30' second(s)

2021-10-14 17:22:16 - [MESSAGE][INFO] - Smart Wait Function is triggered

2021-10-14 17:22:21 - [MESSAGE][INFO] - Found 1 web elements with id: 'Object Repository/Sayfalar/Giris_Sayfasi/RetveTamam_Butonu' located by 'By.xpath: //*[@class = 'btn btn-default']' in '30' second(s)

2021-10-14 17:22:21 - [MESSAGE][INFO] - Clicking on object: 'Object Repository/Sayfalar/Giris_Sayfasi/RetveTamam_Butonu'

2021-10-14 17:22:21 - [MESSAGE][PASSED] - Object: 'Object Repository/Sayfalar/Giris_Sayfasi/RetveTamam_Butonu' is clicked on

2021-10-14 17:22:21 - [TEST_STEP][PASSED] - if (verifyElementPresent(findTestObject("Sayfalar/Giris_Sayfasi/PopupOK"), 5, OPTIONAL)): null

2021-10-14 17:22:21 - [MESSAGE][INFO] - Finding Test Object 'Object Repository/Sayfalar/Giris_Sayfasi/PopupOK'

2021-10-14 17:22:21 - [MESSAGE][INFO] - Checking object

2021-10-14 17:22:21 - [MESSAGE][INFO] - Finding web element from Test Object's properties

2021-10-14 17:22:21 - [MESSAGE][INFO] - Checking timeout

2021-10-14 17:22:21 - [MESSAGE][INFO] - Finding web element with id: 'Object Repository/Sayfalar/Giris_Sayfasi/PopupOK' located by 'By.cssSelector: .btn.btn-success' in '5' second(s)

2021-10-14 17:22:21 - [MESSAGE][INFO] - Smart Wait Function is triggered

2021-10-14 17:22:22 - [MESSAGE][INFO] - Found 1 web elements with id: 'Object Repository/Sayfalar/Giris_Sayfasi/PopupOK' located by 'By.cssSelector: .btn.btn-success' in '5' second(s)

2021-10-14 17:22:22 - [MESSAGE][PASSED] - Object 'Object Repository/Sayfalar/Giris_Sayfasi/PopupOK' is present

2021-10-14 17:22:22 - [TEST_STEP][PASSED] - click(findTestObject("Object Repository/Sayfalar/Giris_Sayfasi/PopupCarpiGiris")): Object: 'Object Repository/Sayfalar/Giris_Sayfasi/PopupCarpiGiris' is clicked on

2021-10-14 17:22:22 - [MESSAGE][INFO] - Finding Test Object 'Object Repository/Sayfalar/Giris_Sayfasi/PopupCarpiGiris'

2021-10-14 17:22:22 - [MESSAGE][INFO] - Checking object

2021-10-14 17:22:22 - [MESSAGE][INFO] - Finding web element from Test Object's properties

2021-10-14 17:22:22 - [MESSAGE][INFO] - Checking timeout

2021-10-14 17:22:22 - [MESSAGE][INFO] - Finding web element with id: 'Object Repository/Sayfalar/Giris_Sayfasi/PopupCarpiGiris' located by 'By.cssSelector: .bootbox-close-button.close' in '30' second(s)

2021-10-14 17:22:22 - [MESSAGE][INFO] - Smart Wait Function is triggered

2021-10-14 17:22:22 - [MESSAGE][INFO] - Found 1 web elements with id: 'Object Repository/Sayfalar/Giris_Sayfasi/PopupCarpiGiris' located by 'By.cssSelector: .bootbox-close-button.close' in '30' second(s)

2021-10-14 17:22:22 - [MESSAGE][INFO] - Clicking on object: 'Object Repository/Sayfalar/Giris_Sayfasi/PopupCarpiGiris'

2021-10-14 17:22:22 - [MESSAGE][PASSED] - Object: 'Object Repository/Sayfalar/Giris_Sayfasi/PopupCarpiGiris' is clicked on

2021-10-14 17:22:22 - [TEST_STEP][PASSED] - verifyElementVisible(findTestObject("Object Repository/Kullanici_Islemleri/KullaniciIslemleri")): Object 'Object Repository/Kullanici_Islemleri/KullaniciIslemleri' is visible

2021-10-14 17:22:22 - [MESSAGE][INFO] - Finding Test Object 'Object Repository/Kullanici_Islemleri/KullaniciIslemleri'

2021-10-14 17:22:22 - [MESSAGE][INFO] - Checking object

2021-10-14 17:22:22 - [MESSAGE][INFO] - Finding web element from Test Object's properties

2021-10-14 17:22:22 - [MESSAGE][INFO] - Checking timeout

2021-10-14 17:22:22 - [MESSAGE][INFO] - Finding web element with id: 'Object Repository/Kullanici_Islemleri/KullaniciIslemleri' located by 'By.cssSelector: .dropdown>a>img' in '30' second(s)

2021-10-14 17:22:22 - [MESSAGE][INFO] - Smart Wait Function is triggered

2021-10-14 17:22:23 - [MESSAGE][INFO] - Found 1 web elements with id: 'Object Repository/Kullanici_Islemleri/KullaniciIslemleri' located by 'By.cssSelector: .dropdown>a>img' in '30' second(s)

2021-10-14 17:22:23 - [MESSAGE][PASSED] - Object 'Object Repository/Kullanici_Islemleri/KullaniciIslemleri' is visible

2021-10-14 17:22:23 - [MESSAGE][PASSED] - Call Test Case 'Test Cases/Sayfalar/Giris_Sayfasi/Login' successfully

2021-10-14 17:22:23 - [MESSAGE][INFO] - Checking called Test Case

2021-10-14 17:22:23 - [MESSAGE][INFO] - Starting to call Test Case 'Test Cases/Menu/AnaMenuSecimi'

2021-10-14 17:22:23 - [TEST_CASE][PASSED] - Test Cases/Menu/AnaMenuSecimi: Test Cases/Menu/AnaMenuSecimi

2021-10-14 17:22:23 - [TEST_STEP][PASSED] - Method.TextDegerineEsitElementeTikla(findTestObject("Menu/Ana_Menu"), Ana_Menu): Method.TextDegerineEsitElementeTikla is PASSED

2021-10-14 17:22:23 - [MESSAGE][INFO] - Finding Test Object 'Object Repository/Menu/Ana_Menu'

2021-10-14 17:22:23 - [MESSAGE][INFO] - Checking timeout

2021-10-14 17:22:23 - [MESSAGE][INFO] - Finding web element with id: 'Object Repository/Menu/Ana_Menu' located by 'By.xpath: //*[@class = 'dropdown-toggle']' in '10' second(s)

2021-10-14 17:22:23 - [MESSAGE][INFO] - Smart Wait Function is triggered

2021-10-14 17:22:23 - [MESSAGE][INFO] - Found 14 web elements with id: 'Object Repository/Menu/Ana_Menu' located by 'By.xpath: //*[@class = 'dropdown-toggle']' in '10' second(s)

2021-10-14 17:22:23 - [MESSAGE][PASSED] - Method.TextDegerineEsitElementeTikla is PASSED

2021-10-14 17:22:23 - [MESSAGE][PASSED] - Call Test Case 'Test Cases/Menu/AnaMenuSecimi' successfully

2021-10-14 17:22:23 - [MESSAGE][INFO] - Checking called Test Case

2021-10-14 17:22:23 - [MESSAGE][INFO] - Starting to call Test Case 'Test Cases/Menu/BasligaGoreAltMenuSecimi'

2021-10-14 17:22:24 - [TEST_CASE][PASSED] - Test Cases/Menu/BasligaGoreAltMenuSecimi: Test Cases/Menu/BasligaGoreAltMenuSecimi

2021-10-14 17:22:24 - [TEST_STEP][PASSED] - Method.TextDegerineEsitElementinAltindakiTextDegerineEsitOlanaTikla(findTestObject("Menu/Menu_Basligi"), findTestObject("Menu/Basliga_Gore_Alt_Menu"), Baslik, Alt_Menu): Method.TextDegerineEsitElementinAltindakiTextDegerineEsitOlanaTikla is PASSED

2021-10-14 17:22:24 - [MESSAGE][INFO] - Finding Test Object 'Object Repository/Menu/Menu_Basligi'

2021-10-14 17:22:24 - [MESSAGE][INFO] - Finding Test Object 'Object Repository/Menu/Basliga_Gore_Alt_Menu'

2021-10-14 17:22:24 - [MESSAGE][INFO] - Checking timeout

2021-10-14 17:22:24 - [MESSAGE][INFO] - Finding web element with id: 'Object Repository/Menu/Menu_Basligi' located by 'By.xpath: //li[@class='dropdown dropdown-large open']//li[@class='dropdown-header']' in '10' second(s)

2021-10-14 17:22:24 - [MESSAGE][INFO] - Smart Wait Function is triggered

2021-10-14 17:22:24 - [MESSAGE][INFO] - Found 3 web elements with id: 'Object Repository/Menu/Menu_Basligi' located by 'By.xpath: //li[@class='dropdown dropdown-large open']//li[@class='dropdown-header']' in '10' second(s)

2021-10-14 17:22:24 - [MESSAGE][INFO] - Smart Wait Function is triggered

2021-10-14 17:22:27 - [MESSAGE][PASSED] - Method.TextDegerineEsitElementinAltindakiTextDegerineEsitOlanaTikla is PASSED

2021-10-14 17:22:27 - [MESSAGE][PASSED] - Call Test Case 'Test Cases/Menu/BasligaGoreAltMenuSecimi' successfully

2021-10-14 17:22:27 - [MESSAGE][INFO] - Checking called Test Case

2021-10-14 17:22:27 - [MESSAGE][INFO] - Starting to call Test Case 'Test Cases/Filtreler/BaslangicYaz'

2021-10-14 17:22:27 - [TEST_CASE][PASSED] - Test Cases/Filtreler/BaslangicYaz: Test Cases/Filtreler/BaslangicYaz

2021-10-14 17:22:27 - [TEST_STEP][PASSED] - Method.TextDegerineEsitElementinAltindakineTikla(findTestObject("Filtreler/Basliklar"), findTestObject("Filtreler/Basliga_Gore_Baslangic_Image"), Filtre_Adi): Method.TextDegerineEsitElementinAltindakineTikla is PASSED

2021-10-14 17:22:27 - [MESSAGE][INFO] - Finding Test Object 'Object Repository/Filtreler/Basliklar'

2021-10-14 17:22:27 - [MESSAGE][INFO] - Finding Test Object 'Object Repository/Filtreler/Basliga_Gore_Baslangic_Image'

2021-10-14 17:22:27 - [MESSAGE][INFO] - Checking timeout

2021-10-14 17:22:27 - [MESSAGE][INFO] - Finding web element with id: 'Object Repository/Filtreler/Basliklar' located by 'By.cssSelector: .control-label.col-sm-4.paddingMarginRLC' in '10' second(s)

2021-10-14 17:22:27 - [MESSAGE][INFO] - Smart Wait Function is triggered

2021-10-14 17:22:27 - [MESSAGE][INFO] - Found 20 web elements with id: 'Object Repository/Filtreler/Basliklar' located by 'By.cssSelector: .control-label.col-sm-4.paddingMarginRLC' in '10' second(s)

2021-10-14 17:22:27 - [MESSAGE][INFO] - Smart Wait Function is triggered

2021-10-14 17:22:28 - [MESSAGE][PASSED] - Method.TextDegerineEsitElementinAltindakineTikla is PASSED

2021-10-14 17:22:28 - [TEST_STEP][PASSED] - Method.TextDegerineEsitElementinAltindakiTextboxtaYaz(findTestObject("Filtreler/Basliklar"), findTestObject("Filtreler/Basliga_Gore_Baslangic"), Filtre_Adi, Filtre_Degeri): Method.TextDegerineEsitElementinAltindakiTextboxtaYaz is PASSED

2021-10-14 17:22:28 - [MESSAGE][INFO] - Finding Test Object 'Object Repository/Filtreler/Basliklar'

2021-10-14 17:22:28 - [MESSAGE][INFO] - Finding Test Object 'Object Repository/Filtreler/Basliga_Gore_Baslangic'

2021-10-14 17:22:28 - [MESSAGE][INFO] - Checking timeout

2021-10-14 17:22:28 - [MESSAGE][INFO] - Finding web element with id: 'Object Repository/Filtreler/Basliklar' located by 'By.cssSelector: .control-label.col-sm-4.paddingMarginRLC' in '10' second(s)

2021-10-14 17:22:28 - [MESSAGE][INFO] - Smart Wait Function is triggered

2021-10-14 17:22:28 - [MESSAGE][INFO] - Found 20 web elements with id: 'Object Repository/Filtreler/Basliklar' located by 'By.cssSelector: .control-label.col-sm-4.paddingMarginRLC' in '10' second(s)

2021-10-14 17:22:29 - [MESSAGE][INFO] - Smart Wait Function is triggered

2021-10-14 17:22:29 - [MESSAGE][PASSED] - Method.TextDegerineEsitElementinAltindakiTextboxtaYaz is PASSED

2021-10-14 17:22:29 - [MESSAGE][PASSED] - Call Test Case 'Test Cases/Filtreler/BaslangicYaz' successfully

2021-10-14 17:22:29 - [MESSAGE][INFO] - Checking called Test Case

2021-10-14 17:22:29 - [MESSAGE][INFO] - Starting to call Test Case 'Test Cases/Filtreler/BitisYaz'

2021-10-14 17:22:29 - [TEST_CASE][PASSED] - Test Cases/Filtreler/BitisYaz: Test Cases/Filtreler/BitisYaz

2021-10-14 17:22:29 - [TEST_STEP][PASSED] - Method.TextDegerineEsitElementinAltindakineTikla(findTestObject("Filtreler/Basliklar"), findTestObject("Filtreler/Basliga_Gore_Bitis_Image"), Filtre_Adi): Method.TextDegerineEsitElementinAltindakineTikla is PASSED

2021-10-14 17:22:29 - [MESSAGE][INFO] - Finding Test Object 'Object Repository/Filtreler/Basliklar'

2021-10-14 17:22:29 - [MESSAGE][INFO] - Finding Test Object 'Object Repository/Filtreler/Basliga_Gore_Bitis_Image'

2021-10-14 17:22:29 - [MESSAGE][INFO] - Checking timeout

2021-10-14 17:22:29 - [MESSAGE][INFO] - Finding web element with id: 'Object Repository/Filtreler/Basliklar' located by 'By.cssSelector: .control-label.col-sm-4.paddingMarginRLC' in '10' second(s)

2021-10-14 17:22:29 - [MESSAGE][INFO] - Smart Wait Function is triggered

2021-10-14 17:22:30 - [MESSAGE][INFO] - Found 20 web elements with id: 'Object Repository/Filtreler/Basliklar' located by 'By.cssSelector: .control-label.col-sm-4.paddingMarginRLC' in '10' second(s)

2021-10-14 17:22:30 - [MESSAGE][INFO] - Smart Wait Function is triggered

2021-10-14 17:22:30 - [MESSAGE][PASSED] - Method.TextDegerineEsitElementinAltindakineTikla is PASSED

2021-10-14 17:22:30 - [TEST_STEP][PASSED] - Method.TextDegerineEsitElementinAltindakiTextboxtaYaz(findTestObject("Filtreler/Basliklar"), findTestObject("Object Repository/Filtreler/Basliga_Gore_Bitis"), Filtre_Adi, Filtre_Degeri): Method.TextDegerineEsitElementinAltindakiTextboxtaYaz is PASSED

2021-10-14 17:22:30 - [MESSAGE][INFO] - Finding Test Object 'Object Repository/Filtreler/Basliklar'

2021-10-14 17:22:30 - [MESSAGE][INFO] - Finding Test Object 'Object Repository/Filtreler/Basliga_Gore_Bitis'

2021-10-14 17:22:30 - [MESSAGE][INFO] - Checking timeout

2021-10-14 17:22:30 - [MESSAGE][INFO] - Finding web element with id: 'Object Repository/Filtreler/Basliklar' located by 'By.cssSelector: .control-label.col-sm-4.paddingMarginRLC' in '10' second(s)

2021-10-14 17:22:30 - [MESSAGE][INFO] - Smart Wait Function is triggered

2021-10-14 17:22:31 - [MESSAGE][INFO] - Found 20 web elements with id: 'Object Repository/Filtreler/Basliklar' located by 'By.cssSelector: .control-label.col-sm-4.paddingMarginRLC' in '10' second(s)

2021-10-14 17:22:31 - [MESSAGE][INFO] - Smart Wait Function is triggered

2021-10-14 17:22:31 - [MESSAGE][PASSED] - Method.TextDegerineEsitElementinAltindakiTextboxtaYaz is PASSED

2021-10-14 17:22:31 - [MESSAGE][PASSED] - Call Test Case 'Test Cases/Filtreler/BitisYaz' successfully

2021-10-14 17:22:31 - [MESSAGE][INFO] - Checking called Test Case

2021-10-14 17:22:31 - [MESSAGE][INFO] - Starting to call Test Case 'Test Cases/Filtreler/TexboxaYaz'

2021-10-14 17:22:31 - [TEST_CASE][PASSED] - Test Cases/Filtreler/TexboxaYaz: Test Cases/Filtreler/TexboxaYaz

2021-10-14 17:22:31 - [TEST_STEP][PASSED] - Method.TextDegerineEsitElementinAltindakiTextboxtaYaz(findTestObject("Filtreler/Basliklar"), findTestObject("Filtreler/Basliga_Gore_Textbox"), Filtre_Adi, Filtre_Degeri): Method.TextDegerineEsitElementinAltindakiTextboxtaYaz is PASSED

2021-10-14 17:22:31 - [MESSAGE][INFO] - Finding Test Object 'Object Repository/Filtreler/Basliklar'

2021-10-14 17:22:31 - [MESSAGE][INFO] - Finding Test Object 'Object Repository/Filtreler/Basliga_Gore_Textbox'

2021-10-14 17:22:31 - [MESSAGE][INFO] - Checking timeout

2021-10-14 17:22:31 - [MESSAGE][INFO] - Finding web element with id: 'Object Repository/Filtreler/Basliklar' located by 'By.cssSelector: .control-label.col-sm-4.paddingMarginRLC' in '10' second(s)

2021-10-14 17:22:31 - [MESSAGE][INFO] - Smart Wait Function is triggered

2021-10-14 17:22:32 - [MESSAGE][INFO] - Found 20 web elements with id: 'Object Repository/Filtreler/Basliklar' located by 'By.cssSelector: .control-label.col-sm-4.paddingMarginRLC' in '10' second(s)

2021-10-14 17:22:32 - [MESSAGE][INFO] - Smart Wait Function is triggered

2021-10-14 17:22:32 - [MESSAGE][PASSED] - Method.TextDegerineEsitElementinAltindakiTextboxtaYaz is PASSED

2021-10-14 17:22:32 - [MESSAGE][PASSED] - Call Test Case 'Test Cases/Filtreler/TexboxaYaz' successfully

2021-10-14 17:22:32 - [MESSAGE][INFO] - Checking called Test Case

2021-10-14 17:22:32 - [MESSAGE][INFO] - Starting to call Test Case 'Test Cases/Filtreler/ButonaTikla'

2021-10-14 17:22:32 - [TEST_CASE][PASSED] - Test Cases/Filtreler/ButonaTikla: Test Cases/Filtreler/ButonaTikla

2021-10-14 17:22:32 - [TEST_STEP][PASSED] - Method.TextDegerineEsitElementeTikla(findTestObject("Filtreler/Butonlar"), Filtre_Buton): Method.TextDegerineEsitElementeTikla is PASSED

2021-10-14 17:22:32 - [MESSAGE][INFO] - Finding Test Object 'Object Repository/Filtreler/Butonlar'

2021-10-14 17:22:32 - [MESSAGE][INFO] - Checking timeout

2021-10-14 17:22:32 - [MESSAGE][INFO] - Finding web element with id: 'Object Repository/Filtreler/Butonlar' located by 'By.cssSelector: .dxb>span' in '10' second(s)

2021-10-14 17:22:32 - [MESSAGE][INFO] - Smart Wait Function is triggered

2021-10-14 17:22:33 - [MESSAGE][INFO] - Found 3 web elements with id: 'Object Repository/Filtreler/Butonlar' located by 'By.cssSelector: .dxb>span' in '10' second(s)

2021-10-14 17:22:33 - [MESSAGE][PASSED] - Method.TextDegerineEsitElementeTikla is PASSED

2021-10-14 17:22:33 - [MESSAGE][PASSED] - Call Test Case 'Test Cases/Filtreler/ButonaTikla' successfully

2021-10-14 17:22:33 - [MESSAGE][INFO] - Checking called Test Case

2021-10-14 17:22:33 - [MESSAGE][INFO] - Starting to call Test Case 'Test Cases/Tablo/TablodaVeriVarMi'

2021-10-14 17:22:33 - [TEST_CASE][PASSED] - Test Cases/Tablo/TablodaVeriVarMi: Test Cases/Tablo/TablodaVeriVarMi

2021-10-14 17:22:33 - [TEST_STEP][PASSED] - verifyTextNotPresent("Görüntülenecek veri yok", true): Text 'Görüntülenecek veri yok' is not present on page using regular expression

2021-10-14 17:22:33 - [MESSAGE][INFO] - Checking text present  using regular expression

2021-10-14 17:22:33 - [MESSAGE][INFO] - Smart Wait Function is triggered

2021-10-14 17:22:34 - [MESSAGE][INFO] - Finding text 'Görüntülenecek veri yok' on page  using regular expression

2021-10-14 17:22:34 - [MESSAGE][PASSED] - Text 'Görüntülenecek veri yok' is not present on page using regular expression

2021-10-14 17:22:34 - [MESSAGE][PASSED] - Call Test Case 'Test Cases/Tablo/TablodaVeriVarMi' successfully

2021-10-14 17:22:34 - [MESSAGE][INFO] - Checking called Test Case

2021-10-14 17:22:34 - [MESSAGE][INFO] - Starting to call Test Case 'Test Cases/Tablo/TablodanVeriSec'

2021-10-14 17:22:34 - [TEST_CASE][PASSED] - Test Cases/Tablo/TablodanVeriSec: Test Cases/Tablo/TablodanVeriSec

2021-10-14 17:22:34 - [TEST_STEP][PASSED] - Method.TextDegerineEsitElementinAltindakineTikla(findTestObject("Tablo/Veriler"), findTestObject("Tablo/VerininCheckBoxi"), Veri_Adi): Method.TextDegerineEsitElementinAltindakineTikla is PASSED

2021-10-14 17:22:34 - [MESSAGE][INFO] - Finding Test Object 'Object Repository/Tablo/Veriler'

2021-10-14 17:22:34 - [MESSAGE][INFO] - Finding Test Object 'Object Repository/Tablo/VerininCheckBoxi'

2021-10-14 17:22:34 - [MESSAGE][INFO] - Checking timeout

2021-10-14 17:22:34 - [MESSAGE][INFO] - Finding web element with id: 'Object Repository/Tablo/Veriler' located by 'By.cssSelector: td.dxgv b ,td.dxgv' in '10' second(s)

2021-10-14 17:22:34 - [MESSAGE][INFO] - Smart Wait Function is triggered

2021-10-14 17:22:34 - [MESSAGE][INFO] - Found 140 web elements with id: 'Object Repository/Tablo/Veriler' located by 'By.cssSelector: td.dxgv b ,td.dxgv' in '10' second(s)

2021-10-14 17:22:34 - [MESSAGE][INFO] - Smart Wait Function is triggered

2021-10-14 17:22:35 - [MESSAGE][PASSED] - Method.TextDegerineEsitElementinAltindakineTikla is PASSED

2021-10-14 17:22:35 - [MESSAGE][PASSED] - Call Test Case 'Test Cases/Tablo/TablodanVeriSec' successfully

2021-10-14 17:22:35 - [MESSAGE][INFO] - Checking called Test Case

2021-10-14 17:22:35 - [MESSAGE][INFO] - Starting to call Test Case 'Test Cases/Butonlar/ButonaTikla'

2021-10-14 17:22:35 - [TEST_CASE][PASSED] - Test Cases/Butonlar/ButonaTikla: Test Cases/Butonlar/ButonaTikla

2021-10-14 17:22:35 - [TEST_STEP][PASSED] - Method.TextDegerineEsitElementeTiklaEquals(findTestObject("Butonlar/Butonlar"), Buton_Adi): Method.TextDegerineEsitElementeTiklaEquals is PASSED

2021-10-14 17:22:35 - [MESSAGE][INFO] - Finding Test Object 'Object Repository/Butonlar/Butonlar'

2021-10-14 17:22:35 - [MESSAGE][INFO] - Checking timeout

2021-10-14 17:22:35 - [MESSAGE][INFO] - Finding web element with id: 'Object Repository/Butonlar/Butonlar' located by 'By.cssSelector: .panel.panel-default.text-center.footerPanel .btn,.btn.btn-primary.btnControls' in '10' second(s)

2021-10-14 17:22:35 - [MESSAGE][INFO] - Smart Wait Function is triggered

2021-10-14 17:22:35 - [MESSAGE][INFO] - Found 17 web elements with id: 'Object Repository/Butonlar/Butonlar' located by 'By.cssSelector: .panel.panel-default.text-center.footerPanel .btn,.btn.btn-primary.btnControls' in '10' second(s)

2021-10-14 17:22:35 - [MESSAGE][PASSED] - Method.TextDegerineEsitElementeTiklaEquals is PASSED

2021-10-14 17:22:35 - [MESSAGE][PASSED] - Call Test Case 'Test Cases/Butonlar/ButonaTikla' successfully

2021-10-14 17:22:35 - [MESSAGE][INFO] - Checking called Test Case

2021-10-14 17:22:35 - [MESSAGE][INFO] - Starting to call Test Case 'Test Cases/Butonlar/AltButonaTikla'

2021-10-14 17:22:35 - [TEST_CASE][PASSED] - Test Cases/Butonlar/AltButonaTikla: Test Cases/Butonlar/AltButonaTikla

2021-10-14 17:22:35 - [TEST_STEP][PASSED] - Method.TextDegerineEsitElementeTikla(findTestObject("Butonlar/AltButonlar"), Alt_Buton): Method.TextDegerineEsitElementeTikla is PASSED

2021-10-14 17:22:35 - [MESSAGE][INFO] - Finding Test Object 'Object Repository/Butonlar/AltButonlar'

2021-10-14 17:22:36 - [MESSAGE][INFO] - Checking timeout

2021-10-14 17:22:36 - [MESSAGE][INFO] - Finding web element with id: 'Object Repository/Butonlar/AltButonlar' located by 'By.cssSelector: .btn-group.open li>a' in '10' second(s)

2021-10-14 17:22:36 - [MESSAGE][INFO] - Smart Wait Function is triggered

2021-10-14 17:22:36 - [MESSAGE][INFO] - Found 2 web elements with id: 'Object Repository/Butonlar/AltButonlar' located by 'By.cssSelector: .btn-group.open li>a' in '10' second(s)

2021-10-14 17:22:36 - [MESSAGE][PASSED] - Method.TextDegerineEsitElementeTikla is PASSED

2021-10-14 17:22:36 - [MESSAGE][PASSED] - Call Test Case 'Test Cases/Butonlar/AltButonaTikla' successfully

2021-10-14 17:22:36 - [MESSAGE][INFO] - Checking called Test Case

2021-10-14 17:22:36 - [MESSAGE][INFO] - Starting to call Test Case 'Test Cases/Popup/PopupMesajiIceriyorMu'

2021-10-14 17:22:36 - [TEST_CASE][PASSED] - Test Cases/Popup/PopupMesajiIceriyorMu: Test Cases/Popup/PopupMesajiIceriyorMu

2021-10-14 17:22:36 - [TEST_STEP][PASSED] - waitForElementVisible(findTestObject("Popup/Popup"), 10): Object 'Object Repository/Popup/Popup' is visible

2021-10-14 17:22:36 - [MESSAGE][INFO] - Finding Test Object 'Object Repository/Popup/Popup'

2021-10-14 17:22:36 - [MESSAGE][INFO] - Checking object

2021-10-14 17:22:36 - [MESSAGE][INFO] - Checking timeout

2021-10-14 17:22:36 - [MESSAGE][INFO] - Finding web element from Test Object's properties

2021-10-14 17:22:36 - [MESSAGE][INFO] - Checking timeout

2021-10-14 17:22:36 - [MESSAGE][INFO] - Finding web element with id: 'Object Repository/Popup/Popup' located by 'By.cssSelector: .bootbox-body' in '10' second(s)

2021-10-14 17:22:36 - [MESSAGE][INFO] - Smart Wait Function is triggered

2021-10-14 17:22:37 - [MESSAGE][INFO] - Found 1 web elements with id: 'Object Repository/Popup/Popup' located by 'By.cssSelector: .bootbox-body' in '10' second(s)

2021-10-14 17:22:37 - [MESSAGE][PASSED] - Object 'Object Repository/Popup/Popup' is visible

2021-10-14 17:22:37 - [TEST_STEP][PASSED] - if (!(getText(findTestObject("Popup/Popup")).contains(Mesaj))): Text of object 'Object Repository/Popup/Popup' is: 'Lütfen rapor bildiriminin gönderileceği e-posta adresini belirtiniz.
e-Posta Adresi'

2021-10-14 17:22:37 - [MESSAGE][INFO] - Finding Test Object 'Object Repository/Popup/Popup'

2021-10-14 17:22:37 - [MESSAGE][INFO] - Checking object

2021-10-14 17:22:37 - [MESSAGE][INFO] - Finding web element from Test Object's properties

2021-10-14 17:22:37 - [MESSAGE][INFO] - Checking timeout

2021-10-14 17:22:37 - [MESSAGE][INFO] - Finding web element with id: 'Object Repository/Popup/Popup' located by 'By.cssSelector: .bootbox-body' in '30' second(s)

2021-10-14 17:22:37 - [MESSAGE][INFO] - Smart Wait Function is triggered

2021-10-14 17:22:37 - [MESSAGE][INFO] - Found 1 web elements with id: 'Object Repository/Popup/Popup' located by 'By.cssSelector: .bootbox-body' in '30' second(s)

2021-10-14 17:22:37 - [MESSAGE][INFO] - Getting text of object 'Object Repository/Popup/Popup'

2021-10-14 17:22:37 - [MESSAGE][PASSED] - Text of object 'Object Repository/Popup/Popup' is: 'Lütfen rapor bildiriminin gönderileceği e-posta adresini belirtiniz.
e-Posta Adresi'

2021-10-14 17:22:37 - [TEST_STEP][PASSED] - RaporNo = getText(findTestObject("Popup/Popup")).substring(0, 6): Text of object 'Object Repository/Popup/Popup' is: 'Lütfen rapor bildiriminin gönderileceği e-posta adresini belirtiniz.
e-Posta Adresi'

2021-10-14 17:22:37 - [MESSAGE][INFO] - Finding Test Object 'Object Repository/Popup/Popup'

2021-10-14 17:22:37 - [MESSAGE][INFO] - Checking object

2021-10-14 17:22:37 - [MESSAGE][INFO] - Finding web element from Test Object's properties

2021-10-14 17:22:37 - [MESSAGE][INFO] - Checking timeout

2021-10-14 17:22:37 - [MESSAGE][INFO] - Finding web element with id: 'Object Repository/Popup/Popup' located by 'By.cssSelector: .bootbox-body' in '30' second(s)

2021-10-14 17:22:37 - [MESSAGE][INFO] - Smart Wait Function is triggered

2021-10-14 17:22:38 - [MESSAGE][INFO] - Found 1 web elements with id: 'Object Repository/Popup/Popup' located by 'By.cssSelector: .bootbox-body' in '30' second(s)

2021-10-14 17:22:38 - [MESSAGE][INFO] - Getting text of object 'Object Repository/Popup/Popup'

2021-10-14 17:22:38 - [MESSAGE][PASSED] - Text of object 'Object Repository/Popup/Popup' is: 'Lütfen rapor bildiriminin gönderileceği e-posta adresini belirtiniz.
e-Posta Adresi'

2021-10-14 17:22:38 - [TEST_STEP][PASSED] - Console.println(RaporNo): null

2021-10-14 17:22:38 - [MESSAGE][PASSED] - Call Test Case 'Test Cases/Popup/PopupMesajiIceriyorMu' successfully

2021-10-14 17:22:38 - [MESSAGE][INFO] - Checking called Test Case

2021-10-14 17:22:38 - [MESSAGE][INFO] - Starting to call Test Case 'Test Cases/Popup/PopupButonSecilir'

2021-10-14 17:22:38 - [TEST_CASE][PASSED] - Test Cases/Popup/PopupButonSecilir: Test Cases/Popup/PopupButonSecilir

2021-10-14 17:22:38 - [TEST_STEP][PASSED] - Method.TextDegerineEsitElementeTikla(findTestObject("Popup/Popup_Butons"), Buton): Method.TextDegerineEsitElementeTikla is PASSED

2021-10-14 17:22:38 - [MESSAGE][INFO] - Finding Test Object 'Object Repository/Popup/Popup_Butons'

2021-10-14 17:22:38 - [MESSAGE][INFO] - Checking timeout

2021-10-14 17:22:38 - [MESSAGE][INFO] - Finding web element with id: 'Object Repository/Popup/Popup_Butons' located by 'By.cssSelector: .modal-footer>button' in '10' second(s)

2021-10-14 17:22:38 - [MESSAGE][INFO] - Smart Wait Function is triggered

2021-10-14 17:22:38 - [MESSAGE][INFO] - Found 2 web elements with id: 'Object Repository/Popup/Popup_Butons' located by 'By.cssSelector: .modal-footer>button' in '10' second(s)

2021-10-14 17:22:38 - [MESSAGE][PASSED] - Method.TextDegerineEsitElementeTikla is PASSED

2021-10-14 17:22:38 - [MESSAGE][PASSED] - Call Test Case 'Test Cases/Popup/PopupButonSecilir' successfully

2021-10-14 17:22:38 - [MESSAGE][INFO] - Checking called Test Case

2021-10-14 17:22:38 - [MESSAGE][INFO] - Starting to call Test Case 'Test Cases/Popup/PopupMesajiIceriyorMu'

2021-10-14 17:22:38 - [TEST_CASE][PASSED] - Test Cases/Popup/PopupMesajiIceriyorMu: Test Cases/Popup/PopupMesajiIceriyorMu

2021-10-14 17:22:38 - [TEST_STEP][PASSED] - waitForElementVisible(findTestObject("Popup/Popup"), 10): Object 'Object Repository/Popup/Popup' is visible

2021-10-14 17:22:38 - [MESSAGE][INFO] - Finding Test Object 'Object Repository/Popup/Popup'

2021-10-14 17:22:38 - [MESSAGE][INFO] - Checking object

2021-10-14 17:22:38 - [MESSAGE][INFO] - Checking timeout

2021-10-14 17:22:38 - [MESSAGE][INFO] - Finding web element from Test Object's properties

2021-10-14 17:22:38 - [MESSAGE][INFO] - Checking timeout

2021-10-14 17:22:38 - [MESSAGE][INFO] - Finding web element with id: 'Object Repository/Popup/Popup' located by 'By.cssSelector: .bootbox-body' in '10' second(s)

2021-10-14 17:22:38 - [MESSAGE][INFO] - Smart Wait Function is triggered

2021-10-14 17:22:39 - [MESSAGE][INFO] - Found 1 web elements with id: 'Object Repository/Popup/Popup' located by 'By.cssSelector: .bootbox-body' in '10' second(s)

2021-10-14 17:22:39 - [MESSAGE][PASSED] - Object 'Object Repository/Popup/Popup' is visible

2021-10-14 17:22:39 - [TEST_STEP][PASSED] - if (!(getText(findTestObject("Popup/Popup")).contains(Mesaj))): Text of object 'Object Repository/Popup/Popup' is: '14586 no’lu talebiniz işleme alınmıştır. Raporunuz hazırlandığında (elogotest@gmail.com) adresinize mail gönderilecektir.
Rapor durumunuzu Raporlar > Toplu Veri İndirme ekranından takip edebilir, hazırlandı durumundaki raporlarınızı ilgili menüden indirebilirsiniz.'

2021-10-14 17:22:39 - [MESSAGE][INFO] - Finding Test Object 'Object Repository/Popup/Popup'

2021-10-14 17:22:39 - [MESSAGE][INFO] - Checking object

2021-10-14 17:22:39 - [MESSAGE][INFO] - Finding web element from Test Object's properties

2021-10-14 17:22:39 - [MESSAGE][INFO] - Checking timeout

2021-10-14 17:22:39 - [MESSAGE][INFO] - Finding web element with id: 'Object Repository/Popup/Popup' located by 'By.cssSelector: .bootbox-body' in '30' second(s)

2021-10-14 17:22:39 - [MESSAGE][INFO] - Smart Wait Function is triggered

2021-10-14 17:22:39 - [MESSAGE][INFO] - Found 1 web elements with id: 'Object Repository/Popup/Popup' located by 'By.cssSelector: .bootbox-body' in '30' second(s)

2021-10-14 17:22:39 - [MESSAGE][INFO] - Getting text of object 'Object Repository/Popup/Popup'

2021-10-14 17:22:39 - [MESSAGE][PASSED] - Text of object 'Object Repository/Popup/Popup' is: '14586 no’lu talebiniz işleme alınmıştır. Raporunuz hazırlandığında (elogotest@gmail.com) adresinize mail gönderilecektir.
Rapor durumunuzu Raporlar > Toplu Veri İndirme ekranından takip edebilir, hazırlandı durumundaki raporlarınızı ilgili menüden indirebilirsiniz.'

2021-10-14 17:22:39 - [TEST_STEP][PASSED] - RaporNo = getText(findTestObject("Popup/Popup")).substring(0, 6): Text of object 'Object Repository/Popup/Popup' is: '14586 no’lu talebiniz işleme alınmıştır. Raporunuz hazırlandığında (elogotest@gmail.com) adresinize mail gönderilecektir.
Rapor durumunuzu Raporlar > Toplu Veri İndirme ekranından takip edebilir, hazırlandı durumundaki raporlarınızı ilgili menüden indirebilirsiniz.'

2021-10-14 17:22:39 - [MESSAGE][INFO] - Finding Test Object 'Object Repository/Popup/Popup'

2021-10-14 17:22:40 - [MESSAGE][INFO] - Checking object

2021-10-14 17:22:40 - [MESSAGE][INFO] - Finding web element from Test Object's properties

2021-10-14 17:22:40 - [MESSAGE][INFO] - Checking timeout

2021-10-14 17:22:40 - [MESSAGE][INFO] - Finding web element with id: 'Object Repository/Popup/Popup' located by 'By.cssSelector: .bootbox-body' in '30' second(s)

2021-10-14 17:22:40 - [MESSAGE][INFO] - Smart Wait Function is triggered

2021-10-14 17:22:40 - [MESSAGE][INFO] - Found 1 web elements with id: 'Object Repository/Popup/Popup' located by 'By.cssSelector: .bootbox-body' in '30' second(s)

2021-10-14 17:22:40 - [MESSAGE][INFO] - Getting text of object 'Object Repository/Popup/Popup'

2021-10-14 17:22:40 - [MESSAGE][PASSED] - Text of object 'Object Repository/Popup/Popup' is: '14586 no’lu talebiniz işleme alınmıştır. Raporunuz hazırlandığında (elogotest@gmail.com) adresinize mail gönderilecektir.
Rapor durumunuzu Raporlar > Toplu Veri İndirme ekranından takip edebilir, hazırlandı durumundaki raporlarınızı ilgili menüden indirebilirsiniz.'

2021-10-14 17:22:40 - [TEST_STEP][PASSED] - Console.println(RaporNo): null

2021-10-14 17:22:40 - [MESSAGE][PASSED] - Call Test Case 'Test Cases/Popup/PopupMesajiIceriyorMu' successfully

2021-10-14 17:22:40 - [MESSAGE][INFO] - Checking called Test Case

2021-10-14 17:22:40 - [MESSAGE][INFO] - Starting to call Test Case 'Test Cases/Popup/PopupButonSecilir'

2021-10-14 17:22:40 - [TEST_CASE][PASSED] - Test Cases/Popup/PopupButonSecilir: Test Cases/Popup/PopupButonSecilir

2021-10-14 17:22:40 - [TEST_STEP][PASSED] - Method.TextDegerineEsitElementeTikla(findTestObject("Popup/Popup_Butons"), Buton): Method.TextDegerineEsitElementeTikla is PASSED

2021-10-14 17:22:40 - [MESSAGE][INFO] - Finding Test Object 'Object Repository/Popup/Popup_Butons'

2021-10-14 17:22:40 - [MESSAGE][INFO] - Checking timeout

2021-10-14 17:22:40 - [MESSAGE][INFO] - Finding web element with id: 'Object Repository/Popup/Popup_Butons' located by 'By.cssSelector: .modal-footer>button' in '10' second(s)

2021-10-14 17:22:40 - [MESSAGE][INFO] - Smart Wait Function is triggered

2021-10-14 17:22:40 - [MESSAGE][INFO] - Found 1 web elements with id: 'Object Repository/Popup/Popup_Butons' located by 'By.cssSelector: .modal-footer>button' in '10' second(s)

2021-10-14 17:22:40 - [MESSAGE][PASSED] - Method.TextDegerineEsitElementeTikla is PASSED

2021-10-14 17:22:40 - [MESSAGE][PASSED] - Call Test Case 'Test Cases/Popup/PopupButonSecilir' successfully

2021-10-14 17:22:40 - [MESSAGE][INFO] - Checking called Test Case

2021-10-14 17:22:40 - [MESSAGE][INFO] - Starting to call Test Case 'Test Cases/Butonlar/ButonaTikla'

2021-10-14 17:22:40 - [TEST_CASE][PASSED] - Test Cases/Butonlar/ButonaTikla: Test Cases/Butonlar/ButonaTikla

2021-10-14 17:22:40 - [TEST_STEP][PASSED] - Method.TextDegerineEsitElementeTiklaEquals(findTestObject("Butonlar/Butonlar"), Buton_Adi): Method.TextDegerineEsitElementeTiklaEquals is PASSED

2021-10-14 17:22:40 - [MESSAGE][INFO] - Finding Test Object 'Object Repository/Butonlar/Butonlar'

2021-10-14 17:22:41 - [MESSAGE][INFO] - Checking timeout

2021-10-14 17:22:41 - [MESSAGE][INFO] - Finding web element with id: 'Object Repository/Butonlar/Butonlar' located by 'By.cssSelector: .panel.panel-default.text-center.footerPanel .btn,.btn.btn-primary.btnControls' in '10' second(s)

2021-10-14 17:22:41 - [MESSAGE][INFO] - Smart Wait Function is triggered

2021-10-14 17:22:41 - [MESSAGE][INFO] - Found 17 web elements with id: 'Object Repository/Butonlar/Butonlar' located by 'By.cssSelector: .panel.panel-default.text-center.footerPanel .btn,.btn.btn-primary.btnControls' in '10' second(s)

2021-10-14 17:22:41 - [MESSAGE][PASSED] - Method.TextDegerineEsitElementeTiklaEquals is PASSED

2021-10-14 17:22:41 - [MESSAGE][PASSED] - Call Test Case 'Test Cases/Butonlar/ButonaTikla' successfully

2021-10-14 17:22:41 - [MESSAGE][INFO] - Checking called Test Case

2021-10-14 17:22:41 - [MESSAGE][INFO] - Starting to call Test Case 'Test Cases/Butonlar/AltButonaTikla'

2021-10-14 17:22:41 - [TEST_CASE][PASSED] - Test Cases/Butonlar/AltButonaTikla: Test Cases/Butonlar/AltButonaTikla

2021-10-14 17:22:41 - [TEST_STEP][PASSED] - Method.TextDegerineEsitElementeTikla(findTestObject("Butonlar/AltButonlar"), Alt_Buton): Method.TextDegerineEsitElementeTikla is PASSED

2021-10-14 17:22:41 - [MESSAGE][INFO] - Finding Test Object 'Object Repository/Butonlar/AltButonlar'

2021-10-14 17:22:41 - [MESSAGE][INFO] - Checking timeout

2021-10-14 17:22:41 - [MESSAGE][INFO] - Finding web element with id: 'Object Repository/Butonlar/AltButonlar' located by 'By.cssSelector: .btn-group.open li>a' in '10' second(s)

2021-10-14 17:22:41 - [MESSAGE][INFO] - Smart Wait Function is triggered

2021-10-14 17:22:42 - [MESSAGE][INFO] - Found 2 web elements with id: 'Object Repository/Butonlar/AltButonlar' located by 'By.cssSelector: .btn-group.open li>a' in '10' second(s)

2021-10-14 17:22:42 - [MESSAGE][PASSED] - Method.TextDegerineEsitElementeTikla is PASSED

2021-10-14 17:22:42 - [MESSAGE][PASSED] - Call Test Case 'Test Cases/Butonlar/AltButonaTikla' successfully

2021-10-14 17:22:42 - [MESSAGE][INFO] - Checking called Test Case

2021-10-14 17:22:42 - [MESSAGE][INFO] - Starting to call Test Case 'Test Cases/Popup/PopupMesajiIceriyorMu'

2021-10-14 17:22:42 - [TEST_CASE][PASSED] - Test Cases/Popup/PopupMesajiIceriyorMu: Test Cases/Popup/PopupMesajiIceriyorMu

2021-10-14 17:22:42 - [TEST_STEP][PASSED] - waitForElementVisible(findTestObject("Popup/Popup"), 10): Object 'Object Repository/Popup/Popup' is visible

2021-10-14 17:22:42 - [MESSAGE][INFO] - Finding Test Object 'Object Repository/Popup/Popup'

2021-10-14 17:22:42 - [MESSAGE][INFO] - Checking object

2021-10-14 17:22:42 - [MESSAGE][INFO] - Checking timeout

2021-10-14 17:22:42 - [MESSAGE][INFO] - Finding web element from Test Object's properties

2021-10-14 17:22:42 - [MESSAGE][INFO] - Checking timeout

2021-10-14 17:22:42 - [MESSAGE][INFO] - Finding web element with id: 'Object Repository/Popup/Popup' located by 'By.cssSelector: .bootbox-body' in '10' second(s)

2021-10-14 17:22:42 - [MESSAGE][INFO] - Smart Wait Function is triggered

2021-10-14 17:22:42 - [MESSAGE][INFO] - Found 1 web elements with id: 'Object Repository/Popup/Popup' located by 'By.cssSelector: .bootbox-body' in '10' second(s)

2021-10-14 17:22:42 - [MESSAGE][PASSED] - Object 'Object Repository/Popup/Popup' is visible

2021-10-14 17:22:42 - [TEST_STEP][PASSED] - if (!(getText(findTestObject("Popup/Popup")).contains(Mesaj))): Text of object 'Object Repository/Popup/Popup' is: 'Lütfen rapor bildiriminin gönderileceği e-posta adresini belirtiniz.
e-Posta Adresi'

2021-10-14 17:22:42 - [MESSAGE][INFO] - Finding Test Object 'Object Repository/Popup/Popup'

2021-10-14 17:22:42 - [MESSAGE][INFO] - Checking object

2021-10-14 17:22:42 - [MESSAGE][INFO] - Finding web element from Test Object's properties

2021-10-14 17:22:42 - [MESSAGE][INFO] - Checking timeout

2021-10-14 17:22:42 - [MESSAGE][INFO] - Finding web element with id: 'Object Repository/Popup/Popup' located by 'By.cssSelector: .bootbox-body' in '30' second(s)

2021-10-14 17:22:42 - [MESSAGE][INFO] - Smart Wait Function is triggered

2021-10-14 17:22:43 - [MESSAGE][INFO] - Found 1 web elements with id: 'Object Repository/Popup/Popup' located by 'By.cssSelector: .bootbox-body' in '30' second(s)

2021-10-14 17:22:43 - [MESSAGE][INFO] - Getting text of object 'Object Repository/Popup/Popup'

2021-10-14 17:22:43 - [MESSAGE][PASSED] - Text of object 'Object Repository/Popup/Popup' is: 'Lütfen rapor bildiriminin gönderileceği e-posta adresini belirtiniz.
e-Posta Adresi'

2021-10-14 17:22:43 - [TEST_STEP][PASSED] - RaporNo = getText(findTestObject("Popup/Popup")).substring(0, 6): Text of object 'Object Repository/Popup/Popup' is: 'Lütfen rapor bildiriminin gönderileceği e-posta adresini belirtiniz.
e-Posta Adresi'

2021-10-14 17:22:43 - [MESSAGE][INFO] - Finding Test Object 'Object Repository/Popup/Popup'

2021-10-14 17:22:43 - [MESSAGE][INFO] - Checking object

2021-10-14 17:22:43 - [MESSAGE][INFO] - Finding web element from Test Object's properties

2021-10-14 17:22:43 - [MESSAGE][INFO] - Checking timeout

2021-10-14 17:22:43 - [MESSAGE][INFO] - Finding web element with id: 'Object Repository/Popup/Popup' located by 'By.cssSelector: .bootbox-body' in '30' second(s)

2021-10-14 17:22:43 - [MESSAGE][INFO] - Smart Wait Function is triggered

2021-10-14 17:22:43 - [MESSAGE][INFO] - Found 1 web elements with id: 'Object Repository/Popup/Popup' located by 'By.cssSelector: .bootbox-body' in '30' second(s)

2021-10-14 17:22:43 - [MESSAGE][INFO] - Getting text of object 'Object Repository/Popup/Popup'

2021-10-14 17:22:43 - [MESSAGE][PASSED] - Text of object 'Object Repository/Popup/Popup' is: 'Lütfen rapor bildiriminin gönderileceği e-posta adresini belirtiniz.
e-Posta Adresi'

2021-10-14 17:22:43 - [TEST_STEP][PASSED] - Console.println(RaporNo): null

2021-10-14 17:22:43 - [MESSAGE][PASSED] - Call Test Case 'Test Cases/Popup/PopupMesajiIceriyorMu' successfully

2021-10-14 17:22:43 - [MESSAGE][INFO] - Checking called Test Case

2021-10-14 17:22:43 - [MESSAGE][INFO] - Starting to call Test Case 'Test Cases/Popup/PopupButonSecilir'

2021-10-14 17:22:43 - [TEST_CASE][PASSED] - Test Cases/Popup/PopupButonSecilir: Test Cases/Popup/PopupButonSecilir

2021-10-14 17:22:43 - [TEST_STEP][PASSED] - Method.TextDegerineEsitElementeTikla(findTestObject("Popup/Popup_Butons"), Buton): Method.TextDegerineEsitElementeTikla is PASSED

2021-10-14 17:22:43 - [MESSAGE][INFO] - Finding Test Object 'Object Repository/Popup/Popup_Butons'

2021-10-14 17:22:43 - [MESSAGE][INFO] - Checking timeout

2021-10-14 17:22:43 - [MESSAGE][INFO] - Finding web element with id: 'Object Repository/Popup/Popup_Butons' located by 'By.cssSelector: .modal-footer>button' in '10' second(s)

2021-10-14 17:22:43 - [MESSAGE][INFO] - Smart Wait Function is triggered

2021-10-14 17:22:44 - [MESSAGE][INFO] - Found 2 web elements with id: 'Object Repository/Popup/Popup_Butons' located by 'By.cssSelector: .modal-footer>button' in '10' second(s)

2021-10-14 17:22:44 - [MESSAGE][PASSED] - Method.TextDegerineEsitElementeTikla is PASSED

2021-10-14 17:22:44 - [MESSAGE][PASSED] - Call Test Case 'Test Cases/Popup/PopupButonSecilir' successfully

2021-10-14 17:22:44 - [MESSAGE][INFO] - Checking called Test Case

2021-10-14 17:22:44 - [MESSAGE][INFO] - Starting to call Test Case 'Test Cases/Popup/PopupMesajiIceriyorMu'

2021-10-14 17:22:44 - [TEST_CASE][PASSED] - Test Cases/Popup/PopupMesajiIceriyorMu: Test Cases/Popup/PopupMesajiIceriyorMu

2021-10-14 17:22:44 - [TEST_STEP][PASSED] - waitForElementVisible(findTestObject("Popup/Popup"), 10): Object 'Object Repository/Popup/Popup' is visible

2021-10-14 17:22:44 - [MESSAGE][INFO] - Finding Test Object 'Object Repository/Popup/Popup'

2021-10-14 17:22:44 - [MESSAGE][INFO] - Checking object

2021-10-14 17:22:44 - [MESSAGE][INFO] - Checking timeout

2021-10-14 17:22:44 - [MESSAGE][INFO] - Finding web element from Test Object's properties

2021-10-14 17:22:44 - [MESSAGE][INFO] - Checking timeout

2021-10-14 17:22:44 - [MESSAGE][INFO] - Finding web element with id: 'Object Repository/Popup/Popup' located by 'By.cssSelector: .bootbox-body' in '10' second(s)

2021-10-14 17:22:44 - [MESSAGE][INFO] - Smart Wait Function is triggered

2021-10-14 17:22:44 - [MESSAGE][INFO] - Found 1 web elements with id: 'Object Repository/Popup/Popup' located by 'By.cssSelector: .bootbox-body' in '10' second(s)

2021-10-14 17:22:44 - [MESSAGE][PASSED] - Object 'Object Repository/Popup/Popup' is visible

2021-10-14 17:22:44 - [TEST_STEP][PASSED] - if (!(getText(findTestObject("Popup/Popup")).contains(Mesaj))): Text of object 'Object Repository/Popup/Popup' is: '14587 no’lu talebiniz işleme alınmıştır. Raporunuz hazırlandığında (elogotest@gmail.com) adresinize mail gönderilecektir.
Rapor durumunuzu Raporlar > Toplu Veri İndirme ekranından takip edebilir, hazırlandı durumundaki raporlarınızı ilgili menüden indirebilirsiniz.'

2021-10-14 17:22:44 - [MESSAGE][INFO] - Finding Test Object 'Object Repository/Popup/Popup'

2021-10-14 17:22:45 - [MESSAGE][INFO] - Checking object

2021-10-14 17:22:45 - [MESSAGE][INFO] - Finding web element from Test Object's properties

2021-10-14 17:22:45 - [MESSAGE][INFO] - Checking timeout

2021-10-14 17:22:45 - [MESSAGE][INFO] - Finding web element with id: 'Object Repository/Popup/Popup' located by 'By.cssSelector: .bootbox-body' in '30' second(s)

2021-10-14 17:22:45 - [MESSAGE][INFO] - Smart Wait Function is triggered

2021-10-14 17:22:45 - [MESSAGE][INFO] - Found 1 web elements with id: 'Object Repository/Popup/Popup' located by 'By.cssSelector: .bootbox-body' in '30' second(s)

2021-10-14 17:22:45 - [MESSAGE][INFO] - Getting text of object 'Object Repository/Popup/Popup'

2021-10-14 17:22:45 - [MESSAGE][PASSED] - Text of object 'Object Repository/Popup/Popup' is: '14587 no’lu talebiniz işleme alınmıştır. Raporunuz hazırlandığında (elogotest@gmail.com) adresinize mail gönderilecektir.
Rapor durumunuzu Raporlar > Toplu Veri İndirme ekranından takip edebilir, hazırlandı durumundaki raporlarınızı ilgili menüden indirebilirsiniz.'

2021-10-14 17:22:45 - [TEST_STEP][PASSED] - RaporNo = getText(findTestObject("Popup/Popup")).substring(0, 6): Text of object 'Object Repository/Popup/Popup' is: '14587 no’lu talebiniz işleme alınmıştır. Raporunuz hazırlandığında (elogotest@gmail.com) adresinize mail gönderilecektir.
Rapor durumunuzu Raporlar > Toplu Veri İndirme ekranından takip edebilir, hazırlandı durumundaki raporlarınızı ilgili menüden indirebilirsiniz.'

2021-10-14 17:22:45 - [MESSAGE][INFO] - Finding Test Object 'Object Repository/Popup/Popup'

2021-10-14 17:22:45 - [MESSAGE][INFO] - Checking object

2021-10-14 17:22:45 - [MESSAGE][INFO] - Finding web element from Test Object's properties

2021-10-14 17:22:45 - [MESSAGE][INFO] - Checking timeout

2021-10-14 17:22:45 - [MESSAGE][INFO] - Finding web element with id: 'Object Repository/Popup/Popup' located by 'By.cssSelector: .bootbox-body' in '30' second(s)

2021-10-14 17:22:45 - [MESSAGE][INFO] - Smart Wait Function is triggered

2021-10-14 17:22:45 - [MESSAGE][INFO] - Found 1 web elements with id: 'Object Repository/Popup/Popup' located by 'By.cssSelector: .bootbox-body' in '30' second(s)

2021-10-14 17:22:45 - [MESSAGE][INFO] - Getting text of object 'Object Repository/Popup/Popup'

2021-10-14 17:22:45 - [MESSAGE][PASSED] - Text of object 'Object Repository/Popup/Popup' is: '14587 no’lu talebiniz işleme alınmıştır. Raporunuz hazırlandığında (elogotest@gmail.com) adresinize mail gönderilecektir.
Rapor durumunuzu Raporlar > Toplu Veri İndirme ekranından takip edebilir, hazırlandı durumundaki raporlarınızı ilgili menüden indirebilirsiniz.'

2021-10-14 17:22:45 - [TEST_STEP][PASSED] - Console.println(RaporNo): null

2021-10-14 17:22:45 - [MESSAGE][PASSED] - Call Test Case 'Test Cases/Popup/PopupMesajiIceriyorMu' successfully

2021-10-14 17:22:45 - [MESSAGE][INFO] - Checking called Test Case

2021-10-14 17:22:45 - [MESSAGE][INFO] - Starting to call Test Case 'Test Cases/Popup/PopupButonSecilir'

2021-10-14 17:22:45 - [TEST_CASE][PASSED] - Test Cases/Popup/PopupButonSecilir: Test Cases/Popup/PopupButonSecilir

2021-10-14 17:22:45 - [TEST_STEP][PASSED] - Method.TextDegerineEsitElementeTikla(findTestObject("Popup/Popup_Butons"), Buton): Method.TextDegerineEsitElementeTikla is PASSED

2021-10-14 17:22:45 - [MESSAGE][INFO] - Finding Test Object 'Object Repository/Popup/Popup_Butons'

2021-10-14 17:22:45 - [MESSAGE][INFO] - Checking timeout

2021-10-14 17:22:45 - [MESSAGE][INFO] - Finding web element with id: 'Object Repository/Popup/Popup_Butons' located by 'By.cssSelector: .modal-footer>button' in '10' second(s)

2021-10-14 17:22:45 - [MESSAGE][INFO] - Smart Wait Function is triggered

2021-10-14 17:22:46 - [MESSAGE][INFO] - Found 1 web elements with id: 'Object Repository/Popup/Popup_Butons' located by 'By.cssSelector: .modal-footer>button' in '10' second(s)

2021-10-14 17:22:46 - [MESSAGE][PASSED] - Method.TextDegerineEsitElementeTikla is PASSED

2021-10-14 17:22:46 - [MESSAGE][PASSED] - Call Test Case 'Test Cases/Popup/PopupButonSecilir' successfully

2021-10-14 17:22:46 - [MESSAGE][INFO] - Checking called Test Case

2021-10-14 17:22:46 - [MESSAGE][INFO] - Starting to call Test Case 'Test Cases/Menu/AnaMenuSecimi'

2021-10-14 17:22:46 - [TEST_CASE][PASSED] - Test Cases/Menu/AnaMenuSecimi: Test Cases/Menu/AnaMenuSecimi

2021-10-14 17:22:46 - [TEST_STEP][PASSED] - Method.TextDegerineEsitElementeTikla(findTestObject("Menu/Ana_Menu"), Ana_Menu): Method.TextDegerineEsitElementeTikla is PASSED

2021-10-14 17:22:46 - [MESSAGE][INFO] - Finding Test Object 'Object Repository/Menu/Ana_Menu'

2021-10-14 17:22:46 - [MESSAGE][INFO] - Checking timeout

2021-10-14 17:22:46 - [MESSAGE][INFO] - Finding web element with id: 'Object Repository/Menu/Ana_Menu' located by 'By.xpath: //*[@class = 'dropdown-toggle']' in '10' second(s)

2021-10-14 17:22:46 - [MESSAGE][INFO] - Smart Wait Function is triggered

2021-10-14 17:22:47 - [MESSAGE][INFO] - Found 14 web elements with id: 'Object Repository/Menu/Ana_Menu' located by 'By.xpath: //*[@class = 'dropdown-toggle']' in '10' second(s)

2021-10-14 17:22:47 - [MESSAGE][PASSED] - Method.TextDegerineEsitElementeTikla is PASSED

2021-10-14 17:22:47 - [MESSAGE][PASSED] - Call Test Case 'Test Cases/Menu/AnaMenuSecimi' successfully

2021-10-14 17:22:47 - [MESSAGE][INFO] - Checking called Test Case

2021-10-14 17:22:47 - [MESSAGE][INFO] - Starting to call Test Case 'Test Cases/Menu/AltMenuSecimi'

2021-10-14 17:22:47 - [TEST_CASE][PASSED] - Test Cases/Menu/AltMenuSecimi: Test Cases/Menu/AltMenuSecimi

2021-10-14 17:22:47 - [TEST_STEP][PASSED] - Method.TextDegerineEsitElementeTikla(findTestObject("Menu/Alt_Menu"), Alt_Menu): Method.TextDegerineEsitElementeTikla is PASSED

2021-10-14 17:22:47 - [MESSAGE][INFO] - Finding Test Object 'Object Repository/Menu/Alt_Menu'

2021-10-14 17:22:47 - [MESSAGE][INFO] - Checking timeout

2021-10-14 17:22:47 - [MESSAGE][INFO] - Finding web element with id: 'Object Repository/Menu/Alt_Menu' located by 'By.xpath: //li[@class='dropdown dropdown-large open']//li[@class='dropdown-element']' in '10' second(s)

2021-10-14 17:22:47 - [MESSAGE][INFO] - Smart Wait Function is triggered

2021-10-14 17:22:47 - [MESSAGE][INFO] - Found 9 web elements with id: 'Object Repository/Menu/Alt_Menu' located by 'By.xpath: //li[@class='dropdown dropdown-large open']//li[@class='dropdown-element']' in '10' second(s)

2021-10-14 17:22:48 - [MESSAGE][PASSED] - Method.TextDegerineEsitElementeTikla is PASSED

2021-10-14 17:22:48 - [MESSAGE][PASSED] - Call Test Case 'Test Cases/Menu/AltMenuSecimi' successfully

2021-10-14 17:22:48 - [MESSAGE][INFO] - Checking called Test Case

2021-10-14 17:22:48 - [MESSAGE][INFO] - Starting to call Test Case 'Test Cases/Filtreler/RaporNoYaz'

2021-10-14 17:22:48 - [TEST_CASE][PASSED] - Test Cases/Filtreler/RaporNoYaz: Test Cases/Filtreler/RaporNoYaz

2021-10-14 17:22:48 - [TEST_STEP][PASSED] - Method.TextDegerineEsitElementinAltindakiTextboxtaYaz(findTestObject("Filtreler/Basliklar"), findTestObject("Filtreler/Basliga_Gore_Textbox"), "Talep No", RaporNo): Method.TextDegerineEsitElementinAltindakiTextboxtaYaz is PASSED

2021-10-14 17:22:48 - [MESSAGE][INFO] - Finding Test Object 'Object Repository/Filtreler/Basliklar'

2021-10-14 17:22:48 - [MESSAGE][INFO] - Finding Test Object 'Object Repository/Filtreler/Basliga_Gore_Textbox'

2021-10-14 17:22:48 - [MESSAGE][INFO] - Checking timeout

2021-10-14 17:22:48 - [MESSAGE][INFO] - Finding web element with id: 'Object Repository/Filtreler/Basliklar' located by 'By.cssSelector: .control-label.col-sm-4.paddingMarginRLC' in '10' second(s)

2021-10-14 17:22:48 - [MESSAGE][INFO] - Smart Wait Function is triggered

2021-10-14 17:22:49 - [MESSAGE][INFO] - Found 8 web elements with id: 'Object Repository/Filtreler/Basliklar' located by 'By.cssSelector: .control-label.col-sm-4.paddingMarginRLC' in '10' second(s)

2021-10-14 17:22:49 - [MESSAGE][INFO] - Smart Wait Function is triggered

2021-10-14 17:22:49 - [MESSAGE][PASSED] - Method.TextDegerineEsitElementinAltindakiTextboxtaYaz is PASSED

2021-10-14 17:22:49 - [MESSAGE][PASSED] - Call Test Case 'Test Cases/Filtreler/RaporNoYaz' successfully

2021-10-14 17:22:49 - [MESSAGE][INFO] - Checking called Test Case

2021-10-14 17:22:49 - [MESSAGE][INFO] - Starting to call Test Case 'Test Cases/Filtreler/ButonaTikla'

2021-10-14 17:22:49 - [TEST_CASE][PASSED] - Test Cases/Filtreler/ButonaTikla: Test Cases/Filtreler/ButonaTikla

2021-10-14 17:22:49 - [TEST_STEP][PASSED] - Method.TextDegerineEsitElementeTikla(findTestObject("Filtreler/Butonlar"), Filtre_Buton): Method.TextDegerineEsitElementeTikla is PASSED

2021-10-14 17:22:49 - [MESSAGE][INFO] - Finding Test Object 'Object Repository/Filtreler/Butonlar'

2021-10-14 17:22:49 - [MESSAGE][INFO] - Checking timeout

2021-10-14 17:22:49 - [MESSAGE][INFO] - Finding web element with id: 'Object Repository/Filtreler/Butonlar' located by 'By.cssSelector: .dxb>span' in '10' second(s)

2021-10-14 17:22:49 - [MESSAGE][INFO] - Smart Wait Function is triggered

2021-10-14 17:22:49 - [MESSAGE][INFO] - Found 2 web elements with id: 'Object Repository/Filtreler/Butonlar' located by 'By.cssSelector: .dxb>span' in '10' second(s)

2021-10-14 17:22:50 - [MESSAGE][PASSED] - Method.TextDegerineEsitElementeTikla is PASSED

2021-10-14 17:22:50 - [MESSAGE][PASSED] - Call Test Case 'Test Cases/Filtreler/ButonaTikla' successfully

2021-10-14 17:22:50 - [MESSAGE][INFO] - Checking called Test Case

2021-10-14 17:22:50 - [MESSAGE][INFO] - Starting to call Test Case 'Test Cases/Tablo/TablodaVeriVarMi'

2021-10-14 17:22:50 - [TEST_CASE][PASSED] - Test Cases/Tablo/TablodaVeriVarMi: Test Cases/Tablo/TablodaVeriVarMi

2021-10-14 17:22:50 - [TEST_STEP][PASSED] - verifyTextNotPresent("Görüntülenecek veri yok", true): Text 'Görüntülenecek veri yok' is not present on page using regular expression

2021-10-14 17:22:50 - [MESSAGE][INFO] - Checking text present  using regular expression

2021-10-14 17:22:50 - [MESSAGE][INFO] - Smart Wait Function is triggered

2021-10-14 17:22:55 - [MESSAGE][INFO] - Finding text 'Görüntülenecek veri yok' on page  using regular expression

2021-10-14 17:22:55 - [MESSAGE][PASSED] - Text 'Görüntülenecek veri yok' is not present on page using regular expression

2021-10-14 17:22:55 - [MESSAGE][PASSED] - Call Test Case 'Test Cases/Tablo/TablodaVeriVarMi' successfully

2021-10-14 17:22:55 - [MESSAGE][INFO] - Checking called Test Case

2021-10-14 17:22:55 - [MESSAGE][INFO] - Starting to call Test Case 'Test Cases/Kullanici_Islemleri/KullaniciIslemlerindenSecimYapilir'

2021-10-14 17:22:55 - [TEST_CASE][PASSED] - Test Cases/Kullanici_Islemleri/KullaniciIslemlerindenSecimYapilir: Test Cases/Kullanici_Islemleri/KullaniciIslemlerindenSecimYapilir

2021-10-14 17:22:55 - [TEST_STEP][PASSED] - waitForElementClickable(findTestObject("Object Repository/Kullanici_Islemleri/KullaniciIslemleri"), 10): Object 'Object Repository/Kullanici_Islemleri/KullaniciIslemleri' is clickable

2021-10-14 17:22:55 - [MESSAGE][INFO] - Finding Test Object 'Object Repository/Kullanici_Islemleri/KullaniciIslemleri'

2021-10-14 17:22:55 - [MESSAGE][INFO] - Checking object

2021-10-14 17:22:55 - [MESSAGE][INFO] - Checking timeout

2021-10-14 17:22:55 - [MESSAGE][INFO] - Finding web element from Test Object's properties

2021-10-14 17:22:55 - [MESSAGE][INFO] - Checking timeout

2021-10-14 17:22:55 - [MESSAGE][INFO] - Finding web element with id: 'Object Repository/Kullanici_Islemleri/KullaniciIslemleri' located by 'By.cssSelector: .dropdown>a>img' in '10' second(s)

2021-10-14 17:22:55 - [MESSAGE][INFO] - Smart Wait Function is triggered

2021-10-14 17:22:55 - [MESSAGE][INFO] - Found 1 web elements with id: 'Object Repository/Kullanici_Islemleri/KullaniciIslemleri' located by 'By.cssSelector: .dropdown>a>img' in '10' second(s)

2021-10-14 17:22:55 - [MESSAGE][PASSED] - Object 'Object Repository/Kullanici_Islemleri/KullaniciIslemleri' is clickable

2021-10-14 17:22:55 - [TEST_STEP][PASSED] - click(findTestObject("Object Repository/Kullanici_Islemleri/KullaniciIslemleri")): Object: 'Object Repository/Kullanici_Islemleri/KullaniciIslemleri' is clicked on

2021-10-14 17:22:55 - [MESSAGE][INFO] - Finding Test Object 'Object Repository/Kullanici_Islemleri/KullaniciIslemleri'

2021-10-14 17:22:56 - [MESSAGE][INFO] - Checking object

2021-10-14 17:22:56 - [MESSAGE][INFO] - Finding web element from Test Object's properties

2021-10-14 17:22:56 - [MESSAGE][INFO] - Checking timeout

2021-10-14 17:22:56 - [MESSAGE][INFO] - Finding web element with id: 'Object Repository/Kullanici_Islemleri/KullaniciIslemleri' located by 'By.cssSelector: .dropdown>a>img' in '30' second(s)

2021-10-14 17:22:56 - [MESSAGE][INFO] - Smart Wait Function is triggered

2021-10-14 17:22:56 - [MESSAGE][INFO] - Found 1 web elements with id: 'Object Repository/Kullanici_Islemleri/KullaniciIslemleri' located by 'By.cssSelector: .dropdown>a>img' in '30' second(s)

2021-10-14 17:22:56 - [MESSAGE][INFO] - Clicking on object: 'Object Repository/Kullanici_Islemleri/KullaniciIslemleri'

2021-10-14 17:22:56 - [MESSAGE][PASSED] - Object: 'Object Repository/Kullanici_Islemleri/KullaniciIslemleri' is clicked on

2021-10-14 17:22:56 - [TEST_STEP][PASSED] - Method.TextDegerineEsitElementeTikla(findTestObject("Object Repository/Kullanici_Islemleri/Secenekler"), Islem): Method.TextDegerineEsitElementeTikla is PASSED

2021-10-14 17:22:56 - [MESSAGE][INFO] - Finding Test Object 'Object Repository/Kullanici_Islemleri/Secenekler'

2021-10-14 17:22:56 - [MESSAGE][INFO] - Checking timeout

2021-10-14 17:22:56 - [MESSAGE][INFO] - Finding web element with id: 'Object Repository/Kullanici_Islemleri/Secenekler' located by 'By.cssSelector: .nav.navbar-nav.navbar-right li a' in '10' second(s)

2021-10-14 17:22:56 - [MESSAGE][INFO] - Smart Wait Function is triggered

2021-10-14 17:22:56 - [MESSAGE][INFO] - Found 22 web elements with id: 'Object Repository/Kullanici_Islemleri/Secenekler' located by 'By.cssSelector: .nav.navbar-nav.navbar-right li a' in '10' second(s)

2021-10-14 17:22:58 - [MESSAGE][PASSED] - Method.TextDegerineEsitElementeTikla is PASSED

2021-10-14 17:22:58 - [TEST_STEP][PASSED] - verifyElementNotPresent(findTestObject("Object Repository/Kullanici_Islemleri/Secenekler"), 10): Web element with id: 'Object Repository/Kullanici_Islemleri/Secenekler' located by 'By.cssSelector: .nav.navbar-nav.navbar-right li a' is not present after '10' second(s)

2021-10-14 17:22:58 - [MESSAGE][INFO] - Finding Test Object 'Object Repository/Kullanici_Islemleri/Secenekler'

2021-10-14 17:22:58 - [MESSAGE][INFO] - Checking object

2021-10-14 17:22:58 - [MESSAGE][INFO] - Checking timeout

2021-10-14 17:22:58 - [MESSAGE][INFO] - Finding web element with id: 'Object Repository/Kullanici_Islemleri/Secenekler' located by 'By.cssSelector: .nav.navbar-nav.navbar-right li a' in '10' second(s)

2021-10-14 17:22:58 - [MESSAGE][INFO] - Smart Wait Function is triggered

2021-10-14 17:22:58 - [MESSAGE][PASSED] - Web element with id: 'Object Repository/Kullanici_Islemleri/Secenekler' located by 'By.cssSelector: .nav.navbar-nav.navbar-right li a' is not present after '10' second(s)

2021-10-14 17:22:58 - [MESSAGE][PASSED] - Call Test Case 'Test Cases/Kullanici_Islemleri/KullaniciIslemlerindenSecimYapilir' successfully

2021-10-14 17:22:58 - [TEST_CASE][PASSED] - Start Test Case : SCENARIO Faturayi excele aktarma: SCENARIO Faturayi excele aktarma

2021-10-14 17:22:58 - [TEST_STEP][PASSED] - Kullanıcı adı ELOGO6 ve Şifre 123456 olarak giriş yapılır: Kullanıcı adı ELOGO6 ve Şifre 123456 olarak giriş yapılır

2021-10-14 17:22:58 - [MESSAGE][PASSED] - Kullanıcı adı ELOGO6 ve Şifre 123456 olarak giriş yapılır

2021-10-14 17:22:58 - [TEST_STEP][PASSED] - Ana menüden e-Fatura seçilir: Ana menüden e-Fatura seçilir

2021-10-14 17:22:58 - [MESSAGE][PASSED] - Ana menüden e-Fatura seçilir

2021-10-14 17:22:58 - [TEST_STEP][PASSED] - Alt menü Giden Kutusu başlığı altındaki Faturalar seçilir: Alt menü Giden Kutusu başlığı altındaki Faturalar seçilir

2021-10-14 17:22:58 - [MESSAGE][PASSED] - Alt menü Giden Kutusu başlığı altındaki Faturalar seçilir

2021-10-14 17:22:58 - [TEST_STEP][PASSED] - Filtrelerden Oluşturma Tarihi filtresine 01.12.2020 baslangic degerini yaz: Filtrelerden Oluşturma Tarihi filtresine 01.12.2020 baslangic degerini yaz

2021-10-14 17:22:58 - [MESSAGE][PASSED] - Filtrelerden Oluşturma Tarihi filtresine 01.12.2020 baslangic degerini yaz

2021-10-14 17:22:58 - [TEST_STEP][PASSED] - Filtrelerden Oluşturma Tarihi filtresine 31.12.2020 bitis degerini yaz: Filtrelerden Oluşturma Tarihi filtresine 31.12.2020 bitis degerini yaz

2021-10-14 17:22:58 - [MESSAGE][PASSED] - Filtrelerden Oluşturma Tarihi filtresine 31.12.2020 bitis degerini yaz

2021-10-14 17:22:58 - [TEST_STEP][PASSED] - Filtrelerden Alıcı Ünvanı filtresine TEST textini yaz: Filtrelerden Alıcı Ünvanı filtresine TEST textini yaz

2021-10-14 17:22:58 - [MESSAGE][PASSED] - Filtrelerden Alıcı Ünvanı filtresine TEST textini yaz

2021-10-14 17:22:58 - [TEST_STEP][PASSED] - Filtre butonlarından Listele seçilir: Filtre butonlarından Listele seçilir

2021-10-14 17:22:58 - [MESSAGE][PASSED] - Filtre butonlarından Listele seçilir

2021-10-14 17:22:58 - [TEST_STEP][PASSED] - Tabloda veri var mı kontrol edilir: Tabloda veri var mı kontrol edilir

2021-10-14 17:22:58 - [MESSAGE][PASSED] - Tabloda veri var mı kontrol edilir

2021-10-14 17:22:58 - [TEST_STEP][PASSED] - Tablodan TEST isimli veri seçilir: Tablodan TEST isimli veri seçilir

2021-10-14 17:22:58 - [MESSAGE][PASSED] - Tablodan TEST isimli veri seçilir

2021-10-14 17:22:58 - [TEST_STEP][PASSED] - Butonlardan Excel isimli butona tıklanır: Butonlardan Excel isimli butona tıklanır

2021-10-14 17:22:58 - [MESSAGE][PASSED] - Butonlardan Excel isimli butona tıklanır

2021-10-14 17:22:58 - [TEST_STEP][PASSED] - Alt butonlardan Excel'e Aktar butonuna tıklanır: Alt butonlardan Excel'e Aktar butonuna tıklanır

2021-10-14 17:22:58 - [MESSAGE][PASSED] - Alt butonlardan Excel'e Aktar butonuna tıklanır

2021-10-14 17:22:58 - [TEST_STEP][PASSED] - Popup mesajı Lütfen rapor bildiriminin gönderileceği e-posta adresini belirtiniz. içeriyor mu: Popup mesajı Lütfen rapor bildiriminin gönderileceği e-posta adresini belirtiniz. içeriyor mu

2021-10-14 17:22:58 - [MESSAGE][PASSED] - Popup mesajı Lütfen rapor bildiriminin gönderileceği e-posta adresini belirtiniz. içeriyor mu

2021-10-14 17:22:58 - [TEST_STEP][PASSED] - Yönetim popupında Gönder seçilir: Yönetim popupında Gönder seçilir

2021-10-14 17:22:58 - [MESSAGE][PASSED] - Yönetim popupında Gönder seçilir

2021-10-14 17:22:58 - [TEST_STEP][PASSED] - Popup mesajı Toplu Veri İndirme içeriyor mu: Popup mesajı Toplu Veri İndirme içeriyor mu

2021-10-14 17:22:58 - [MESSAGE][PASSED] - Popup mesajı Toplu Veri İndirme içeriyor mu

2021-10-14 17:22:58 - [TEST_STEP][PASSED] - Yönetim popupında Tamam seçilir: Yönetim popupında Tamam seçilir

2021-10-14 17:22:58 - [MESSAGE][PASSED] - Yönetim popupında Tamam seçilir

2021-10-14 17:22:58 - [TEST_STEP][PASSED] - Butonlardan Excel isimli butona tıklanır: Butonlardan Excel isimli butona tıklanır

2021-10-14 17:22:58 - [MESSAGE][PASSED] - Butonlardan Excel isimli butona tıklanır

2021-10-14 17:22:58 - [TEST_STEP][PASSED] - Alt butonlardan Tümünü Excel'e Aktar butonuna tıklanır: Alt butonlardan Tümünü Excel'e Aktar butonuna tıklanır

2021-10-14 17:22:58 - [MESSAGE][PASSED] - Alt butonlardan Tümünü Excel'e Aktar butonuna tıklanır

2021-10-14 17:22:58 - [TEST_STEP][PASSED] - Popup mesajı Lütfen rapor bildiriminin gönderileceği e-posta adresini belirtiniz. içeriyor mu: Popup mesajı Lütfen rapor bildiriminin gönderileceği e-posta adresini belirtiniz. içeriyor mu

2021-10-14 17:22:58 - [MESSAGE][PASSED] - Popup mesajı Lütfen rapor bildiriminin gönderileceği e-posta adresini belirtiniz. içeriyor mu

2021-10-14 17:22:58 - [TEST_STEP][PASSED] - Yönetim popupında Gönder seçilir: Yönetim popupında Gönder seçilir

2021-10-14 17:22:58 - [MESSAGE][PASSED] - Yönetim popupında Gönder seçilir

2021-10-14 17:22:58 - [TEST_STEP][PASSED] - Popup mesajı Toplu Veri İndirme içeriyor mu: Popup mesajı Toplu Veri İndirme içeriyor mu

2021-10-14 17:22:58 - [MESSAGE][PASSED] - Popup mesajı Toplu Veri İndirme içeriyor mu

2021-10-14 17:22:58 - [TEST_STEP][PASSED] - Yönetim popupında Tamam seçilir: Yönetim popupında Tamam seçilir

2021-10-14 17:22:58 - [MESSAGE][PASSED] - Yönetim popupında Tamam seçilir

2021-10-14 17:22:58 - [TEST_STEP][PASSED] - Ana menüden Raporlar seçilir: Ana menüden Raporlar seçilir

2021-10-14 17:22:58 - [MESSAGE][PASSED] - Ana menüden Raporlar seçilir

2021-10-14 17:22:58 - [TEST_STEP][PASSED] - Alt menüden Toplu Veri İndirme seçilir: Alt menüden Toplu Veri İndirme seçilir

2021-10-14 17:22:58 - [MESSAGE][PASSED] - Alt menüden Toplu Veri İndirme seçilir

2021-10-14 17:22:58 - [TEST_STEP][PASSED] - Filtrelerden Talep No filtresine Rapor No bilgisi yaz: Filtrelerden Talep No filtresine Rapor No bilgisi yaz

2021-10-14 17:22:58 - [MESSAGE][PASSED] - Filtrelerden Talep No filtresine Rapor No bilgisi yaz

2021-10-14 17:22:58 - [TEST_STEP][PASSED] - Filtre butonlarından Listele seçilir: Filtre butonlarından Listele seçilir

2021-10-14 17:22:58 - [MESSAGE][PASSED] - Filtre butonlarından Listele seçilir

2021-10-14 17:22:58 - [TEST_STEP][PASSED] - Tabloda veri var mı kontrol edilir: Tabloda veri var mı kontrol edilir

2021-10-14 17:22:58 - [MESSAGE][PASSED] - Tabloda veri var mı kontrol edilir

2021-10-14 17:22:58 - [TEST_STEP][PASSED] - Kullanıcı işlemlerinden Çıkış seçilir: Kullanıcı işlemlerinden Çıkış seçilir

2021-10-14 17:22:58 - [MESSAGE][PASSED] - Kullanıcı işlemlerinden Çıkış seçilir

2021-10-14 17:22:58 - [MESSAGE][PASSED] - Feature file: 'Include/features/e-Fatura/Giden Kutusu/Faturalar/Excele Aktar.feature' was passed

2021-10-14 17:22:58 - [TEST_STEP][PASSED] - Start listener action : sampleAfterTestSuite: Invoke 'com.kms.katalon.core.annotation.AfterTestCase' method: 'Listener.sampleAfterTestSuite(...)' completed.

2021-10-14 17:22:58 - [MESSAGE][INFO] - Starting invoke 'com.kms.katalon.core.annotation.AfterTestCase' method: 'Listener.sampleAfterTestSuite(...)'

2021-10-14 17:22:58 - [TEST_STEP][PASSED] - closeBrowser(): Invoke 'com.kms.katalon.core.annotation.AfterTestCase' method: 'Listener.sampleAfterTestSuite(...)' completed.

2021-10-14 17:22:58 - [MESSAGE][INFO] - Closing browser

2021-10-14 17:22:59 - [MESSAGE][PASSED] - Browser is closed

2021-10-14 17:22:59 - [MESSAGE][INFO] - Invoke 'com.kms.katalon.core.annotation.AfterTestCase' method: 'Listener.sampleAfterTestSuite(...)' completed.]]></system-out>
         <system-err><![CDATA[]]></system-err>
      </testcase>
      <testcase name="Test Cases/Case Repository/e-Fatura/Giden Kutusu/Faturalar/Toplu Indirme" time="45.342" classname="Test Cases/Case Repository/e-Fatura/Giden Kutusu/Faturalar/Toplu Indirme" status="FAILED">
         <failure type="FAILED" message="Test Cases/Case Repository/e-Fatura/Giden Kutusu/Faturalar/Toplu Indirme FAILED.
Reason:
com.kms.katalon.core.exception.StepFailedException: Feature file 'Include/features/e-Fatura/Giden Kutusu/Faturalar/Toplu Indirme.feature' was failed
	at com.kms.katalon.core.keyword.internal.KeywordMain.stepFailed(KeywordMain.groovy:50)
	at com.kms.katalon.core.keyword.internal.KeywordMain.stepFailed(KeywordMain.groovy)
	at com.kms.katalon.core.keyword.internal.KeywordMain.stepFailed(KeywordMain.groovy:23)
	at com.kms.katalon.core.keyword.internal.KeywordMain$stepFailed$0.call(Unknown Source)
	at com.kms.katalon.core.cucumber.keyword.CucumberBuiltinKeywords$_runFeatureFile_closure1.doCall(CucumberBuiltinKeywords.groovy:112)
	at com.kms.katalon.core.cucumber.keyword.CucumberBuiltinKeywords$_runFeatureFile_closure1.doCall(CucumberBuiltinKeywords.groovy)
	at com.kms.katalon.core.keyword.internal.KeywordMain.runKeyword(KeywordMain.groovy:68)
	at com.kms.katalon.core.keyword.internal.KeywordMain$runKeyword.call(Unknown Source)
	at com.kms.katalon.core.cucumber.keyword.CucumberBuiltinKeywords.runFeatureFile(CucumberBuiltinKeywords.groovy:73)
	at com.kms.katalon.core.cucumber.keyword.CucumberBuiltinKeywords$runFeatureFile$0.callStatic(Unknown Source)
	at com.kms.katalon.core.cucumber.keyword.CucumberBuiltinKeywords.runFeatureFile(CucumberBuiltinKeywords.groovy:246)
	at com.kms.katalon.core.cucumber.keyword.CucumberBuiltinKeywords$runFeatureFile.call(Unknown Source)
	at Toplu Indirme.run(Toplu Indirme:17)
	at com.kms.katalon.core.main.ScriptEngine.run(ScriptEngine.java:194)
	at com.kms.katalon.core.main.ScriptEngine.runScriptAsRawText(ScriptEngine.java:119)
	at com.kms.katalon.core.main.TestCaseExecutor.runScript(TestCaseExecutor.java:369)
	at com.kms.katalon.core.main.TestCaseExecutor.doExecute(TestCaseExecutor.java:360)
	at com.kms.katalon.core.main.TestCaseExecutor.processExecutionPhase(TestCaseExecutor.java:339)
	at com.kms.katalon.core.main.TestCaseExecutor.accessMainPhase(TestCaseExecutor.java:331)
	at com.kms.katalon.core.main.TestCaseExecutor.execute(TestCaseExecutor.java:248)
	at com.kms.katalon.core.main.TestSuiteExecutor.accessTestCaseMainPhase(TestSuiteExecutor.java:191)
	at com.kms.katalon.core.main.TestSuiteExecutor.accessTestSuiteMainPhase(TestSuiteExecutor.java:140)
	at com.kms.katalon.core.main.TestSuiteExecutor.execute(TestSuiteExecutor.java:89)
	at com.kms.katalon.core.main.TestCaseMain.startTestSuite(TestCaseMain.java:181)
	at com.kms.katalon.core.main.TestCaseMain$startTestSuite$0.call(Unknown Source)
	at TempTestSuite1634220085487.run(TempTestSuite1634220085487.groovy:39)
"/>
         <system-out><![CDATA[2021-10-14 17:22:59 - [TEST_CASE][FAILED] - Test Cases/Case Repository/e-Fatura/Giden Kutusu/Faturalar/Toplu Indirme: Test Cases/Case Repository/e-Fatura/Giden Kutusu/Faturalar/Toplu Indirme FAILED.
Reason:
com.kms.katalon.core.exception.StepFailedException: Feature file 'Include/features/e-Fatura/Giden Kutusu/Faturalar/Toplu Indirme.feature' was failed
	at com.kms.katalon.core.keyword.internal.KeywordMain.stepFailed(KeywordMain.groovy:50)
	at com.kms.katalon.core.keyword.internal.KeywordMain.stepFailed(KeywordMain.groovy)
	at com.kms.katalon.core.keyword.internal.KeywordMain.stepFailed(KeywordMain.groovy:23)
	at com.kms.katalon.core.keyword.internal.KeywordMain$stepFailed$0.call(Unknown Source)
	at com.kms.katalon.core.cucumber.keyword.CucumberBuiltinKeywords$_runFeatureFile_closure1.doCall(CucumberBuiltinKeywords.groovy:112)
	at com.kms.katalon.core.cucumber.keyword.CucumberBuiltinKeywords$_runFeatureFile_closure1.doCall(CucumberBuiltinKeywords.groovy)
	at com.kms.katalon.core.keyword.internal.KeywordMain.runKeyword(KeywordMain.groovy:68)
	at com.kms.katalon.core.keyword.internal.KeywordMain$runKeyword.call(Unknown Source)
	at com.kms.katalon.core.cucumber.keyword.CucumberBuiltinKeywords.runFeatureFile(CucumberBuiltinKeywords.groovy:73)
	at com.kms.katalon.core.cucumber.keyword.CucumberBuiltinKeywords$runFeatureFile$0.callStatic(Unknown Source)
	at com.kms.katalon.core.cucumber.keyword.CucumberBuiltinKeywords.runFeatureFile(CucumberBuiltinKeywords.groovy:246)
	at com.kms.katalon.core.cucumber.keyword.CucumberBuiltinKeywords$runFeatureFile.call(Unknown Source)
	at Toplu Indirme.run(Toplu Indirme:17)
	at com.kms.katalon.core.main.ScriptEngine.run(ScriptEngine.java:194)
	at com.kms.katalon.core.main.ScriptEngine.runScriptAsRawText(ScriptEngine.java:119)
	at com.kms.katalon.core.main.TestCaseExecutor.runScript(TestCaseExecutor.java:369)
	at com.kms.katalon.core.main.TestCaseExecutor.doExecute(TestCaseExecutor.java:360)
	at com.kms.katalon.core.main.TestCaseExecutor.processExecutionPhase(TestCaseExecutor.java:339)
	at com.kms.katalon.core.main.TestCaseExecutor.accessMainPhase(TestCaseExecutor.java:331)
	at com.kms.katalon.core.main.TestCaseExecutor.execute(TestCaseExecutor.java:248)
	at com.kms.katalon.core.main.TestSuiteExecutor.accessTestCaseMainPhase(TestSuiteExecutor.java:191)
	at com.kms.katalon.core.main.TestSuiteExecutor.accessTestSuiteMainPhase(TestSuiteExecutor.java:140)
	at com.kms.katalon.core.main.TestSuiteExecutor.execute(TestSuiteExecutor.java:89)
	at com.kms.katalon.core.main.TestCaseMain.startTestSuite(TestCaseMain.java:181)
	at com.kms.katalon.core.main.TestCaseMain$startTestSuite$0.call(Unknown Source)
	at TempTestSuite1634220085487.run(TempTestSuite1634220085487.groovy:39)


2021-10-14 17:22:59 - [TEST_STEP][PASSED] - Start listener action : sampleBeforeTestSuite: Invoke 'com.kms.katalon.core.annotation.BeforeTestCase' method: 'Listener.sampleBeforeTestSuite(...)' completed.

2021-10-14 17:22:59 - [MESSAGE][INFO] - Starting invoke 'com.kms.katalon.core.annotation.BeforeTestCase' method: 'Listener.sampleBeforeTestSuite(...)'

2021-10-14 17:22:59 - [TEST_STEP][PASSED] - openBrowser(baseUrl): Browser is opened with url: 'https://efatura-stage.elogo.com.tr/'

2021-10-14 17:22:59 - [MESSAGE][INFO] - Opening browser

2021-10-14 17:22:59 - [MESSAGE][INFO] - Starting 'Chrome' driver

2021-10-14 17:22:59 - [MESSAGE][INFO] - User set preference: ['prefs', '{download.default_directory=C:\otomasyondownfiles}']

2021-10-14 17:22:59 - [MESSAGE][INFO] - Action delay is set to 0 milliseconds

2021-10-14 17:23:00 - [MESSAGE][INFO] - Navigating browser to: 'https://efatura-stage.elogo.com.tr/'

2021-10-14 17:23:03 - [MESSAGE][PASSED] - Browser is opened with url: 'https://efatura-stage.elogo.com.tr/'

2021-10-14 17:23:03 - [TEST_STEP][PASSED] - maximizeWindow(): Invoke 'com.kms.katalon.core.annotation.BeforeTestCase' method: 'Listener.sampleBeforeTestSuite(...)' completed.

2021-10-14 17:23:03 - [MESSAGE][INFO] - Maximizing current window

2021-10-14 17:23:03 - [MESSAGE][PASSED] - Current window maximized

2021-10-14 17:23:03 - [MESSAGE][INFO] - Invoke 'com.kms.katalon.core.annotation.BeforeTestCase' method: 'Listener.sampleBeforeTestSuite(...)' completed.

2021-10-14 17:23:04 - [TEST_STEP][FAILED] - runFeatureFile("Include/features/e-Fatura/Giden Kutusu/Faturalar/Toplu Indirme.feature"): Keyword runFeatureFile was failed (Root cause: com.kms.katalon.core.exception.StepFailedException: Feature file 'Include/features/e-Fatura/Giden Kutusu/Faturalar/Toplu Indirme.feature' was failed
	at com.kms.katalon.core.keyword.internal.KeywordMain.stepFailed(KeywordMain.groovy:50)
	at com.kms.katalon.core.keyword.internal.KeywordMain.stepFailed(KeywordMain.groovy)
	at com.kms.katalon.core.keyword.internal.KeywordMain.stepFailed(KeywordMain.groovy:23)
	at com.kms.katalon.core.keyword.internal.KeywordMain$stepFailed$0.call(Unknown Source)
	at com.kms.katalon.core.cucumber.keyword.CucumberBuiltinKeywords$_runFeatureFile_closure1.doCall(CucumberBuiltinKeywords.groovy:112)
	at com.kms.katalon.core.cucumber.keyword.CucumberBuiltinKeywords$_runFeatureFile_closure1.doCall(CucumberBuiltinKeywords.groovy)
	at com.kms.katalon.core.keyword.internal.KeywordMain.runKeyword(KeywordMain.groovy:68)
	at com.kms.katalon.core.keyword.internal.KeywordMain$runKeyword.call(Unknown Source)
	at com.kms.katalon.core.cucumber.keyword.CucumberBuiltinKeywords.runFeatureFile(CucumberBuiltinKeywords.groovy:73)
	at com.kms.katalon.core.cucumber.keyword.CucumberBuiltinKeywords$runFeatureFile$0.callStatic(Unknown Source)
	at com.kms.katalon.core.cucumber.keyword.CucumberBuiltinKeywords.runFeatureFile(CucumberBuiltinKeywords.groovy:246)
	at com.kms.katalon.core.cucumber.keyword.CucumberBuiltinKeywords$runFeatureFile.call(Unknown Source)
	at Toplu Indirme.run(Toplu Indirme:17)
	at com.kms.katalon.core.main.ScriptEngine.run(ScriptEngine.java:194)
	at com.kms.katalon.core.main.ScriptEngine.runScriptAsRawText(ScriptEngine.java:119)
	at com.kms.katalon.core.main.TestCaseExecutor.runScript(TestCaseExecutor.java:369)
	at com.kms.katalon.core.main.TestCaseExecutor.doExecute(TestCaseExecutor.java:360)
	at com.kms.katalon.core.main.TestCaseExecutor.processExecutionPhase(TestCaseExecutor.java:339)
	at com.kms.katalon.core.main.TestCaseExecutor.accessMainPhase(TestCaseExecutor.java:331)
	at com.kms.katalon.core.main.TestCaseExecutor.execute(TestCaseExecutor.java:248)
	at com.kms.katalon.core.main.TestSuiteExecutor.accessTestCaseMainPhase(TestSuiteExecutor.java:191)
	at com.kms.katalon.core.main.TestSuiteExecutor.accessTestSuiteMainPhase(TestSuiteExecutor.java:140)
	at com.kms.katalon.core.main.TestSuiteExecutor.execute(TestSuiteExecutor.java:89)
	at com.kms.katalon.core.main.TestCaseMain.startTestSuite(TestCaseMain.java:181)
	at com.kms.katalon.core.main.TestCaseMain$startTestSuite$0.call(Unknown Source)
	at TempTestSuite1634220085487.run(TempTestSuite1634220085487.groovy:39)
)

2021-10-14 17:23:04 - [MESSAGE][INFO] - Starting run keyword runFeatureFile: 'Include/features/e-Fatura/Giden Kutusu/Faturalar/Toplu Indirme.feature' and extract report to folder: 'C:\Users\DELL\Downloads\EES_Katalon-main\Reports\20211014_170112\Suite Repository\ExceleAktarVeTopluIndirme\20211014_170125/cucumber_report/1634221384457'...

2021-10-14 17:23:04 - [MESSAGE][INFO] - Glue: []

2021-10-14 17:23:05 - [MESSAGE][INFO] - Checking called Test Case

2021-10-14 17:23:05 - [MESSAGE][INFO] - Starting to call Test Case 'Test Cases/Sayfalar/Giris_Sayfasi/Login'

2021-10-14 17:23:05 - [TEST_CASE][PASSED] - Test Cases/Sayfalar/Giris_Sayfasi/Login: Test Cases/Sayfalar/Giris_Sayfasi/Login

2021-10-14 17:23:05 - [TEST_STEP][PASSED] - Sayfa_Basligi = getWindowTitle(): Current window's title is: 'LOGO e-Fatura'

2021-10-14 17:23:05 - [MESSAGE][INFO] - Getting current window's title

2021-10-14 17:23:05 - [MESSAGE][PASSED] - Current window's title is: 'LOGO e-Fatura'

2021-10-14 17:23:05 - [TEST_STEP][PASSED] - verifyMatch(Sayfa_Basligi, "LOGO e-Fatura", false): Actual text 'LOGO e-Fatura' and expected text 'LOGO e-Fatura' are matched 

2021-10-14 17:23:05 - [MESSAGE][INFO] - Matching actual text 'LOGO e-Fatura' with expected text 'LOGO e-Fatura'

2021-10-14 17:23:05 - [MESSAGE][PASSED] - Actual text 'LOGO e-Fatura' and expected text 'LOGO e-Fatura' are matched 

2021-10-14 17:23:05 - [TEST_STEP][PASSED] - sendKeys(findTestObject("Sayfalar/Giris_Sayfasi/Firma_Kodu"), KullaniciAdi): Keys 'ELOGO6' sent to object: 'Object Repository/Sayfalar/Giris_Sayfasi/Firma_Kodu'

2021-10-14 17:23:05 - [MESSAGE][INFO] - Finding Test Object 'Object Repository/Sayfalar/Giris_Sayfasi/Firma_Kodu'

2021-10-14 17:23:05 - [MESSAGE][INFO] - Sending keys 'ELOGO6' to object: 'Object Repository/Sayfalar/Giris_Sayfasi/Firma_Kodu'

2021-10-14 17:23:05 - [MESSAGE][INFO] - Finding web element from Test Object's properties

2021-10-14 17:23:05 - [MESSAGE][INFO] - Checking timeout

2021-10-14 17:23:05 - [MESSAGE][INFO] - Finding web element with id: 'Object Repository/Sayfalar/Giris_Sayfasi/Firma_Kodu' located by 'By.xpath: //*[@id = 'AccountName']' in '30' second(s)

2021-10-14 17:23:05 - [MESSAGE][INFO] - Smart Wait Function is triggered

2021-10-14 17:23:05 - [MESSAGE][INFO] - Found 1 web elements with id: 'Object Repository/Sayfalar/Giris_Sayfasi/Firma_Kodu' located by 'By.xpath: //*[@id = 'AccountName']' in '30' second(s)

2021-10-14 17:23:05 - [MESSAGE][PASSED] - Keys 'ELOGO6' sent to object: 'Object Repository/Sayfalar/Giris_Sayfasi/Firma_Kodu'

2021-10-14 17:23:05 - [TEST_STEP][PASSED] - sendKeys(findTestObject("Sayfalar/Giris_Sayfasi/Sifre"), Sifre): Keys '123456' sent to object: 'Object Repository/Sayfalar/Giris_Sayfasi/Sifre'

2021-10-14 17:23:05 - [MESSAGE][INFO] - Finding Test Object 'Object Repository/Sayfalar/Giris_Sayfasi/Sifre'

2021-10-14 17:23:06 - [MESSAGE][INFO] - Sending keys '123456' to object: 'Object Repository/Sayfalar/Giris_Sayfasi/Sifre'

2021-10-14 17:23:06 - [MESSAGE][INFO] - Finding web element from Test Object's properties

2021-10-14 17:23:06 - [MESSAGE][INFO] - Checking timeout

2021-10-14 17:23:06 - [MESSAGE][INFO] - Finding web element with id: 'Object Repository/Sayfalar/Giris_Sayfasi/Sifre' located by 'By.xpath: //*[@id = 'Password']' in '30' second(s)

2021-10-14 17:23:06 - [MESSAGE][INFO] - Smart Wait Function is triggered

2021-10-14 17:23:06 - [MESSAGE][INFO] - Found 1 web elements with id: 'Object Repository/Sayfalar/Giris_Sayfasi/Sifre' located by 'By.xpath: //*[@id = 'Password']' in '30' second(s)

2021-10-14 17:23:06 - [MESSAGE][PASSED] - Keys '123456' sent to object: 'Object Repository/Sayfalar/Giris_Sayfasi/Sifre'

2021-10-14 17:23:06 - [TEST_STEP][PASSED] - findWebElement(findTestObject("Sayfalar/Giris_Sayfasi/Giris_Butonu")).click(): Found 1 web elements with id: 'Object Repository/Sayfalar/Giris_Sayfasi/Giris_Butonu' located by 'By.cssSelector: #btnLogin' in '30' second(s)

2021-10-14 17:23:06 - [MESSAGE][INFO] - Finding Test Object 'Object Repository/Sayfalar/Giris_Sayfasi/Giris_Butonu'

2021-10-14 17:23:06 - [MESSAGE][INFO] - Finding web element from Test Object's properties

2021-10-14 17:23:06 - [MESSAGE][INFO] - Checking timeout

2021-10-14 17:23:06 - [MESSAGE][INFO] - Finding web element with id: 'Object Repository/Sayfalar/Giris_Sayfasi/Giris_Butonu' located by 'By.cssSelector: #btnLogin' in '30' second(s)

2021-10-14 17:23:06 - [MESSAGE][INFO] - Smart Wait Function is triggered

2021-10-14 17:23:06 - [MESSAGE][INFO] - Found 1 web elements with id: 'Object Repository/Sayfalar/Giris_Sayfasi/Giris_Butonu' located by 'By.cssSelector: #btnLogin' in '30' second(s)

2021-10-14 17:23:10 - [TEST_STEP][PASSED] - if (verifyElementPresent(findTestObject("Object Repository/Sayfalar/Giris_Sayfasi/RetveTamam_Butonu"), 5, OPTIONAL)): null

2021-10-14 17:23:10 - [MESSAGE][INFO] - Finding Test Object 'Object Repository/Sayfalar/Giris_Sayfasi/RetveTamam_Butonu'

2021-10-14 17:23:10 - [MESSAGE][INFO] - Checking object

2021-10-14 17:23:10 - [MESSAGE][INFO] - Finding web element from Test Object's properties

2021-10-14 17:23:10 - [MESSAGE][INFO] - Checking timeout

2021-10-14 17:23:10 - [MESSAGE][INFO] - Finding web element with id: 'Object Repository/Sayfalar/Giris_Sayfasi/RetveTamam_Butonu' located by 'By.xpath: //*[@class = 'btn btn-default']' in '5' second(s)

2021-10-14 17:23:10 - [MESSAGE][INFO] - Smart Wait Function is triggered

2021-10-14 17:23:10 - [MESSAGE][INFO] - Found 1 web elements with id: 'Object Repository/Sayfalar/Giris_Sayfasi/RetveTamam_Butonu' located by 'By.xpath: //*[@class = 'btn btn-default']' in '5' second(s)

2021-10-14 17:23:10 - [MESSAGE][PASSED] - Object 'Object Repository/Sayfalar/Giris_Sayfasi/RetveTamam_Butonu' is present

2021-10-14 17:23:10 - [TEST_STEP][PASSED] - click(findTestObject("Object Repository/Sayfalar/Giris_Sayfasi/RetveTamam_Butonu")): Object: 'Object Repository/Sayfalar/Giris_Sayfasi/RetveTamam_Butonu' is clicked on

2021-10-14 17:23:10 - [MESSAGE][INFO] - Finding Test Object 'Object Repository/Sayfalar/Giris_Sayfasi/RetveTamam_Butonu'

2021-10-14 17:23:10 - [MESSAGE][INFO] - Checking object

2021-10-14 17:23:10 - [MESSAGE][INFO] - Finding web element from Test Object's properties

2021-10-14 17:23:10 - [MESSAGE][INFO] - Checking timeout

2021-10-14 17:23:10 - [MESSAGE][INFO] - Finding web element with id: 'Object Repository/Sayfalar/Giris_Sayfasi/RetveTamam_Butonu' located by 'By.xpath: //*[@class = 'btn btn-default']' in '30' second(s)

2021-10-14 17:23:10 - [MESSAGE][INFO] - Smart Wait Function is triggered

2021-10-14 17:23:10 - [MESSAGE][INFO] - Found 1 web elements with id: 'Object Repository/Sayfalar/Giris_Sayfasi/RetveTamam_Butonu' located by 'By.xpath: //*[@class = 'btn btn-default']' in '30' second(s)

2021-10-14 17:23:10 - [MESSAGE][INFO] - Clicking on object: 'Object Repository/Sayfalar/Giris_Sayfasi/RetveTamam_Butonu'

2021-10-14 17:23:11 - [MESSAGE][PASSED] - Object: 'Object Repository/Sayfalar/Giris_Sayfasi/RetveTamam_Butonu' is clicked on

2021-10-14 17:23:11 - [TEST_STEP][PASSED] - click(findTestObject("Object Repository/Sayfalar/Giris_Sayfasi/RetveTamam_Butonu")): Object: 'Object Repository/Sayfalar/Giris_Sayfasi/RetveTamam_Butonu' is clicked on

2021-10-14 17:23:11 - [MESSAGE][INFO] - Finding Test Object 'Object Repository/Sayfalar/Giris_Sayfasi/RetveTamam_Butonu'

2021-10-14 17:23:11 - [MESSAGE][INFO] - Checking object

2021-10-14 17:23:11 - [MESSAGE][INFO] - Finding web element from Test Object's properties

2021-10-14 17:23:11 - [MESSAGE][INFO] - Checking timeout

2021-10-14 17:23:11 - [MESSAGE][INFO] - Finding web element with id: 'Object Repository/Sayfalar/Giris_Sayfasi/RetveTamam_Butonu' located by 'By.xpath: //*[@class = 'btn btn-default']' in '30' second(s)

2021-10-14 17:23:11 - [MESSAGE][INFO] - Smart Wait Function is triggered

2021-10-14 17:23:19 - [MESSAGE][INFO] - Found 1 web elements with id: 'Object Repository/Sayfalar/Giris_Sayfasi/RetveTamam_Butonu' located by 'By.xpath: //*[@class = 'btn btn-default']' in '30' second(s)

2021-10-14 17:23:19 - [MESSAGE][INFO] - Clicking on object: 'Object Repository/Sayfalar/Giris_Sayfasi/RetveTamam_Butonu'

2021-10-14 17:23:19 - [MESSAGE][PASSED] - Object: 'Object Repository/Sayfalar/Giris_Sayfasi/RetveTamam_Butonu' is clicked on

2021-10-14 17:23:19 - [TEST_STEP][PASSED] - if (verifyElementPresent(findTestObject("Sayfalar/Giris_Sayfasi/PopupOK"), 5, OPTIONAL)): null

2021-10-14 17:23:19 - [MESSAGE][INFO] - Finding Test Object 'Object Repository/Sayfalar/Giris_Sayfasi/PopupOK'

2021-10-14 17:23:19 - [MESSAGE][INFO] - Checking object

2021-10-14 17:23:19 - [MESSAGE][INFO] - Finding web element from Test Object's properties

2021-10-14 17:23:19 - [MESSAGE][INFO] - Checking timeout

2021-10-14 17:23:19 - [MESSAGE][INFO] - Finding web element with id: 'Object Repository/Sayfalar/Giris_Sayfasi/PopupOK' located by 'By.cssSelector: .btn.btn-success' in '5' second(s)

2021-10-14 17:23:19 - [MESSAGE][INFO] - Smart Wait Function is triggered

2021-10-14 17:23:20 - [MESSAGE][INFO] - Found 1 web elements with id: 'Object Repository/Sayfalar/Giris_Sayfasi/PopupOK' located by 'By.cssSelector: .btn.btn-success' in '5' second(s)

2021-10-14 17:23:20 - [MESSAGE][PASSED] - Object 'Object Repository/Sayfalar/Giris_Sayfasi/PopupOK' is present

2021-10-14 17:23:20 - [TEST_STEP][PASSED] - click(findTestObject("Object Repository/Sayfalar/Giris_Sayfasi/PopupCarpiGiris")): Object: 'Object Repository/Sayfalar/Giris_Sayfasi/PopupCarpiGiris' is clicked on

2021-10-14 17:23:20 - [MESSAGE][INFO] - Finding Test Object 'Object Repository/Sayfalar/Giris_Sayfasi/PopupCarpiGiris'

2021-10-14 17:23:20 - [MESSAGE][INFO] - Checking object

2021-10-14 17:23:20 - [MESSAGE][INFO] - Finding web element from Test Object's properties

2021-10-14 17:23:20 - [MESSAGE][INFO] - Checking timeout

2021-10-14 17:23:20 - [MESSAGE][INFO] - Finding web element with id: 'Object Repository/Sayfalar/Giris_Sayfasi/PopupCarpiGiris' located by 'By.cssSelector: .bootbox-close-button.close' in '30' second(s)

2021-10-14 17:23:20 - [MESSAGE][INFO] - Smart Wait Function is triggered

2021-10-14 17:23:20 - [MESSAGE][INFO] - Found 1 web elements with id: 'Object Repository/Sayfalar/Giris_Sayfasi/PopupCarpiGiris' located by 'By.cssSelector: .bootbox-close-button.close' in '30' second(s)

2021-10-14 17:23:20 - [MESSAGE][INFO] - Clicking on object: 'Object Repository/Sayfalar/Giris_Sayfasi/PopupCarpiGiris'

2021-10-14 17:23:20 - [MESSAGE][PASSED] - Object: 'Object Repository/Sayfalar/Giris_Sayfasi/PopupCarpiGiris' is clicked on

2021-10-14 17:23:20 - [TEST_STEP][PASSED] - verifyElementVisible(findTestObject("Object Repository/Kullanici_Islemleri/KullaniciIslemleri")): Object 'Object Repository/Kullanici_Islemleri/KullaniciIslemleri' is visible

2021-10-14 17:23:20 - [MESSAGE][INFO] - Finding Test Object 'Object Repository/Kullanici_Islemleri/KullaniciIslemleri'

2021-10-14 17:23:20 - [MESSAGE][INFO] - Checking object

2021-10-14 17:23:20 - [MESSAGE][INFO] - Finding web element from Test Object's properties

2021-10-14 17:23:20 - [MESSAGE][INFO] - Checking timeout

2021-10-14 17:23:20 - [MESSAGE][INFO] - Finding web element with id: 'Object Repository/Kullanici_Islemleri/KullaniciIslemleri' located by 'By.cssSelector: .dropdown>a>img' in '30' second(s)

2021-10-14 17:23:20 - [MESSAGE][INFO] - Smart Wait Function is triggered

2021-10-14 17:23:21 - [MESSAGE][INFO] - Found 1 web elements with id: 'Object Repository/Kullanici_Islemleri/KullaniciIslemleri' located by 'By.cssSelector: .dropdown>a>img' in '30' second(s)

2021-10-14 17:23:21 - [MESSAGE][PASSED] - Object 'Object Repository/Kullanici_Islemleri/KullaniciIslemleri' is visible

2021-10-14 17:23:21 - [MESSAGE][PASSED] - Call Test Case 'Test Cases/Sayfalar/Giris_Sayfasi/Login' successfully

2021-10-14 17:23:21 - [MESSAGE][INFO] - Checking called Test Case

2021-10-14 17:23:21 - [MESSAGE][INFO] - Starting to call Test Case 'Test Cases/Menu/AnaMenuSecimi'

2021-10-14 17:23:21 - [TEST_CASE][PASSED] - Test Cases/Menu/AnaMenuSecimi: Test Cases/Menu/AnaMenuSecimi

2021-10-14 17:23:21 - [TEST_STEP][PASSED] - Method.TextDegerineEsitElementeTikla(findTestObject("Menu/Ana_Menu"), Ana_Menu): Method.TextDegerineEsitElementeTikla is PASSED

2021-10-14 17:23:21 - [MESSAGE][INFO] - Finding Test Object 'Object Repository/Menu/Ana_Menu'

2021-10-14 17:23:21 - [MESSAGE][INFO] - Checking timeout

2021-10-14 17:23:21 - [MESSAGE][INFO] - Finding web element with id: 'Object Repository/Menu/Ana_Menu' located by 'By.xpath: //*[@class = 'dropdown-toggle']' in '10' second(s)

2021-10-14 17:23:21 - [MESSAGE][INFO] - Smart Wait Function is triggered

2021-10-14 17:23:21 - [MESSAGE][INFO] - Found 14 web elements with id: 'Object Repository/Menu/Ana_Menu' located by 'By.xpath: //*[@class = 'dropdown-toggle']' in '10' second(s)

2021-10-14 17:23:21 - [MESSAGE][PASSED] - Method.TextDegerineEsitElementeTikla is PASSED

2021-10-14 17:23:21 - [MESSAGE][PASSED] - Call Test Case 'Test Cases/Menu/AnaMenuSecimi' successfully

2021-10-14 17:23:21 - [MESSAGE][INFO] - Checking called Test Case

2021-10-14 17:23:21 - [MESSAGE][INFO] - Starting to call Test Case 'Test Cases/Menu/BasligaGoreAltMenuSecimi'

2021-10-14 17:23:21 - [TEST_CASE][PASSED] - Test Cases/Menu/BasligaGoreAltMenuSecimi: Test Cases/Menu/BasligaGoreAltMenuSecimi

2021-10-14 17:23:21 - [TEST_STEP][PASSED] - Method.TextDegerineEsitElementinAltindakiTextDegerineEsitOlanaTikla(findTestObject("Menu/Menu_Basligi"), findTestObject("Menu/Basliga_Gore_Alt_Menu"), Baslik, Alt_Menu): Method.TextDegerineEsitElementinAltindakiTextDegerineEsitOlanaTikla is PASSED

2021-10-14 17:23:21 - [MESSAGE][INFO] - Finding Test Object 'Object Repository/Menu/Menu_Basligi'

2021-10-14 17:23:22 - [MESSAGE][INFO] - Finding Test Object 'Object Repository/Menu/Basliga_Gore_Alt_Menu'

2021-10-14 17:23:22 - [MESSAGE][INFO] - Checking timeout

2021-10-14 17:23:22 - [MESSAGE][INFO] - Finding web element with id: 'Object Repository/Menu/Menu_Basligi' located by 'By.xpath: //li[@class='dropdown dropdown-large open']//li[@class='dropdown-header']' in '10' second(s)

2021-10-14 17:23:22 - [MESSAGE][INFO] - Smart Wait Function is triggered

2021-10-14 17:23:22 - [MESSAGE][INFO] - Found 3 web elements with id: 'Object Repository/Menu/Menu_Basligi' located by 'By.xpath: //li[@class='dropdown dropdown-large open']//li[@class='dropdown-header']' in '10' second(s)

2021-10-14 17:23:22 - [MESSAGE][INFO] - Smart Wait Function is triggered

2021-10-14 17:23:24 - [MESSAGE][PASSED] - Method.TextDegerineEsitElementinAltindakiTextDegerineEsitOlanaTikla is PASSED

2021-10-14 17:23:24 - [MESSAGE][PASSED] - Call Test Case 'Test Cases/Menu/BasligaGoreAltMenuSecimi' successfully

2021-10-14 17:23:24 - [MESSAGE][INFO] - Checking called Test Case

2021-10-14 17:23:24 - [MESSAGE][INFO] - Starting to call Test Case 'Test Cases/Filtreler/BaslangicYaz'

2021-10-14 17:23:24 - [TEST_CASE][PASSED] - Test Cases/Filtreler/BaslangicYaz: Test Cases/Filtreler/BaslangicYaz

2021-10-14 17:23:24 - [TEST_STEP][PASSED] - Method.TextDegerineEsitElementinAltindakineTikla(findTestObject("Filtreler/Basliklar"), findTestObject("Filtreler/Basliga_Gore_Baslangic_Image"), Filtre_Adi): Method.TextDegerineEsitElementinAltindakineTikla is PASSED

2021-10-14 17:23:24 - [MESSAGE][INFO] - Finding Test Object 'Object Repository/Filtreler/Basliklar'

2021-10-14 17:23:24 - [MESSAGE][INFO] - Finding Test Object 'Object Repository/Filtreler/Basliga_Gore_Baslangic_Image'

2021-10-14 17:23:25 - [MESSAGE][INFO] - Checking timeout

2021-10-14 17:23:25 - [MESSAGE][INFO] - Finding web element with id: 'Object Repository/Filtreler/Basliklar' located by 'By.cssSelector: .control-label.col-sm-4.paddingMarginRLC' in '10' second(s)

2021-10-14 17:23:25 - [MESSAGE][INFO] - Smart Wait Function is triggered

2021-10-14 17:23:25 - [MESSAGE][INFO] - Found 20 web elements with id: 'Object Repository/Filtreler/Basliklar' located by 'By.cssSelector: .control-label.col-sm-4.paddingMarginRLC' in '10' second(s)

2021-10-14 17:23:25 - [MESSAGE][INFO] - Smart Wait Function is triggered

2021-10-14 17:23:25 - [MESSAGE][PASSED] - Method.TextDegerineEsitElementinAltindakineTikla is PASSED

2021-10-14 17:23:25 - [TEST_STEP][PASSED] - Method.TextDegerineEsitElementinAltindakiTextboxtaYaz(findTestObject("Filtreler/Basliklar"), findTestObject("Filtreler/Basliga_Gore_Baslangic"), Filtre_Adi, Filtre_Degeri): Method.TextDegerineEsitElementinAltindakiTextboxtaYaz is PASSED

2021-10-14 17:23:25 - [MESSAGE][INFO] - Finding Test Object 'Object Repository/Filtreler/Basliklar'

2021-10-14 17:23:25 - [MESSAGE][INFO] - Finding Test Object 'Object Repository/Filtreler/Basliga_Gore_Baslangic'

2021-10-14 17:23:25 - [MESSAGE][INFO] - Checking timeout

2021-10-14 17:23:25 - [MESSAGE][INFO] - Finding web element with id: 'Object Repository/Filtreler/Basliklar' located by 'By.cssSelector: .control-label.col-sm-4.paddingMarginRLC' in '10' second(s)

2021-10-14 17:23:25 - [MESSAGE][INFO] - Smart Wait Function is triggered

2021-10-14 17:23:26 - [MESSAGE][INFO] - Found 20 web elements with id: 'Object Repository/Filtreler/Basliklar' located by 'By.cssSelector: .control-label.col-sm-4.paddingMarginRLC' in '10' second(s)

2021-10-14 17:23:26 - [MESSAGE][INFO] - Smart Wait Function is triggered

2021-10-14 17:23:27 - [MESSAGE][PASSED] - Method.TextDegerineEsitElementinAltindakiTextboxtaYaz is PASSED

2021-10-14 17:23:27 - [MESSAGE][PASSED] - Call Test Case 'Test Cases/Filtreler/BaslangicYaz' successfully

2021-10-14 17:23:27 - [MESSAGE][INFO] - Checking called Test Case

2021-10-14 17:23:27 - [MESSAGE][INFO] - Starting to call Test Case 'Test Cases/Filtreler/BitisYaz'

2021-10-14 17:23:27 - [TEST_CASE][PASSED] - Test Cases/Filtreler/BitisYaz: Test Cases/Filtreler/BitisYaz

2021-10-14 17:23:27 - [TEST_STEP][PASSED] - Method.TextDegerineEsitElementinAltindakineTikla(findTestObject("Filtreler/Basliklar"), findTestObject("Filtreler/Basliga_Gore_Bitis_Image"), Filtre_Adi): Method.TextDegerineEsitElementinAltindakineTikla is PASSED

2021-10-14 17:23:27 - [MESSAGE][INFO] - Finding Test Object 'Object Repository/Filtreler/Basliklar'

2021-10-14 17:23:27 - [MESSAGE][INFO] - Finding Test Object 'Object Repository/Filtreler/Basliga_Gore_Bitis_Image'

2021-10-14 17:23:27 - [MESSAGE][INFO] - Checking timeout

2021-10-14 17:23:27 - [MESSAGE][INFO] - Finding web element with id: 'Object Repository/Filtreler/Basliklar' located by 'By.cssSelector: .control-label.col-sm-4.paddingMarginRLC' in '10' second(s)

2021-10-14 17:23:27 - [MESSAGE][INFO] - Smart Wait Function is triggered

2021-10-14 17:23:27 - [MESSAGE][INFO] - Found 20 web elements with id: 'Object Repository/Filtreler/Basliklar' located by 'By.cssSelector: .control-label.col-sm-4.paddingMarginRLC' in '10' second(s)

2021-10-14 17:23:27 - [MESSAGE][INFO] - Smart Wait Function is triggered

2021-10-14 17:23:27 - [MESSAGE][PASSED] - Method.TextDegerineEsitElementinAltindakineTikla is PASSED

2021-10-14 17:23:27 - [TEST_STEP][PASSED] - Method.TextDegerineEsitElementinAltindakiTextboxtaYaz(findTestObject("Filtreler/Basliklar"), findTestObject("Object Repository/Filtreler/Basliga_Gore_Bitis"), Filtre_Adi, Filtre_Degeri): Method.TextDegerineEsitElementinAltindakiTextboxtaYaz is PASSED

2021-10-14 17:23:27 - [MESSAGE][INFO] - Finding Test Object 'Object Repository/Filtreler/Basliklar'

2021-10-14 17:23:28 - [MESSAGE][INFO] - Finding Test Object 'Object Repository/Filtreler/Basliga_Gore_Bitis'

2021-10-14 17:23:28 - [MESSAGE][INFO] - Checking timeout

2021-10-14 17:23:28 - [MESSAGE][INFO] - Finding web element with id: 'Object Repository/Filtreler/Basliklar' located by 'By.cssSelector: .control-label.col-sm-4.paddingMarginRLC' in '10' second(s)

2021-10-14 17:23:28 - [MESSAGE][INFO] - Smart Wait Function is triggered

2021-10-14 17:23:28 - [MESSAGE][INFO] - Found 20 web elements with id: 'Object Repository/Filtreler/Basliklar' located by 'By.cssSelector: .control-label.col-sm-4.paddingMarginRLC' in '10' second(s)

2021-10-14 17:23:28 - [MESSAGE][INFO] - Smart Wait Function is triggered

2021-10-14 17:23:29 - [MESSAGE][PASSED] - Method.TextDegerineEsitElementinAltindakiTextboxtaYaz is PASSED

2021-10-14 17:23:29 - [MESSAGE][PASSED] - Call Test Case 'Test Cases/Filtreler/BitisYaz' successfully

2021-10-14 17:23:29 - [MESSAGE][INFO] - Checking called Test Case

2021-10-14 17:23:29 - [MESSAGE][INFO] - Starting to call Test Case 'Test Cases/Filtreler/TexboxaYaz'

2021-10-14 17:23:29 - [TEST_CASE][PASSED] - Test Cases/Filtreler/TexboxaYaz: Test Cases/Filtreler/TexboxaYaz

2021-10-14 17:23:29 - [TEST_STEP][PASSED] - Method.TextDegerineEsitElementinAltindakiTextboxtaYaz(findTestObject("Filtreler/Basliklar"), findTestObject("Filtreler/Basliga_Gore_Textbox"), Filtre_Adi, Filtre_Degeri): Method.TextDegerineEsitElementinAltindakiTextboxtaYaz is PASSED

2021-10-14 17:23:29 - [MESSAGE][INFO] - Finding Test Object 'Object Repository/Filtreler/Basliklar'

2021-10-14 17:23:29 - [MESSAGE][INFO] - Finding Test Object 'Object Repository/Filtreler/Basliga_Gore_Textbox'

2021-10-14 17:23:29 - [MESSAGE][INFO] - Checking timeout

2021-10-14 17:23:29 - [MESSAGE][INFO] - Finding web element with id: 'Object Repository/Filtreler/Basliklar' located by 'By.cssSelector: .control-label.col-sm-4.paddingMarginRLC' in '10' second(s)

2021-10-14 17:23:29 - [MESSAGE][INFO] - Smart Wait Function is triggered

2021-10-14 17:23:29 - [MESSAGE][INFO] - Found 20 web elements with id: 'Object Repository/Filtreler/Basliklar' located by 'By.cssSelector: .control-label.col-sm-4.paddingMarginRLC' in '10' second(s)

2021-10-14 17:23:29 - [MESSAGE][INFO] - Smart Wait Function is triggered

2021-10-14 17:23:30 - [MESSAGE][PASSED] - Method.TextDegerineEsitElementinAltindakiTextboxtaYaz is PASSED

2021-10-14 17:23:30 - [MESSAGE][PASSED] - Call Test Case 'Test Cases/Filtreler/TexboxaYaz' successfully

2021-10-14 17:23:30 - [MESSAGE][INFO] - Checking called Test Case

2021-10-14 17:23:30 - [MESSAGE][INFO] - Starting to call Test Case 'Test Cases/Filtreler/ButonaTikla'

2021-10-14 17:23:30 - [TEST_CASE][PASSED] - Test Cases/Filtreler/ButonaTikla: Test Cases/Filtreler/ButonaTikla

2021-10-14 17:23:30 - [TEST_STEP][PASSED] - Method.TextDegerineEsitElementeTikla(findTestObject("Filtreler/Butonlar"), Filtre_Buton): Method.TextDegerineEsitElementeTikla is PASSED

2021-10-14 17:23:30 - [MESSAGE][INFO] - Finding Test Object 'Object Repository/Filtreler/Butonlar'

2021-10-14 17:23:30 - [MESSAGE][INFO] - Checking timeout

2021-10-14 17:23:30 - [MESSAGE][INFO] - Finding web element with id: 'Object Repository/Filtreler/Butonlar' located by 'By.cssSelector: .dxb>span' in '10' second(s)

2021-10-14 17:23:30 - [MESSAGE][INFO] - Smart Wait Function is triggered

2021-10-14 17:23:30 - [MESSAGE][INFO] - Found 3 web elements with id: 'Object Repository/Filtreler/Butonlar' located by 'By.cssSelector: .dxb>span' in '10' second(s)

2021-10-14 17:23:30 - [MESSAGE][PASSED] - Method.TextDegerineEsitElementeTikla is PASSED

2021-10-14 17:23:30 - [MESSAGE][PASSED] - Call Test Case 'Test Cases/Filtreler/ButonaTikla' successfully

2021-10-14 17:23:30 - [MESSAGE][INFO] - Checking called Test Case

2021-10-14 17:23:30 - [MESSAGE][INFO] - Starting to call Test Case 'Test Cases/Tablo/TablodaVeriVarMi'

2021-10-14 17:23:30 - [TEST_CASE][PASSED] - Test Cases/Tablo/TablodaVeriVarMi: Test Cases/Tablo/TablodaVeriVarMi

2021-10-14 17:23:30 - [TEST_STEP][PASSED] - verifyTextNotPresent("Görüntülenecek veri yok", true): Text 'Görüntülenecek veri yok' is not present on page using regular expression

2021-10-14 17:23:30 - [MESSAGE][INFO] - Checking text present  using regular expression

2021-10-14 17:23:30 - [MESSAGE][INFO] - Smart Wait Function is triggered

2021-10-14 17:23:31 - [MESSAGE][INFO] - Finding text 'Görüntülenecek veri yok' on page  using regular expression

2021-10-14 17:23:31 - [MESSAGE][PASSED] - Text 'Görüntülenecek veri yok' is not present on page using regular expression

2021-10-14 17:23:31 - [MESSAGE][PASSED] - Call Test Case 'Test Cases/Tablo/TablodaVeriVarMi' successfully

2021-10-14 17:23:31 - [MESSAGE][INFO] - Checking called Test Case

2021-10-14 17:23:31 - [MESSAGE][INFO] - Starting to call Test Case 'Test Cases/Tablo/TablodanVeriSec'

2021-10-14 17:23:31 - [TEST_CASE][PASSED] - Test Cases/Tablo/TablodanVeriSec: Test Cases/Tablo/TablodanVeriSec

2021-10-14 17:23:31 - [TEST_STEP][PASSED] - Method.TextDegerineEsitElementinAltindakineTikla(findTestObject("Tablo/Veriler"), findTestObject("Tablo/VerininCheckBoxi"), Veri_Adi): Method.TextDegerineEsitElementinAltindakineTikla is PASSED

2021-10-14 17:23:31 - [MESSAGE][INFO] - Finding Test Object 'Object Repository/Tablo/Veriler'

2021-10-14 17:23:32 - [MESSAGE][INFO] - Finding Test Object 'Object Repository/Tablo/VerininCheckBoxi'

2021-10-14 17:23:32 - [MESSAGE][INFO] - Checking timeout

2021-10-14 17:23:32 - [MESSAGE][INFO] - Finding web element with id: 'Object Repository/Tablo/Veriler' located by 'By.cssSelector: td.dxgv b ,td.dxgv' in '10' second(s)

2021-10-14 17:23:32 - [MESSAGE][INFO] - Smart Wait Function is triggered

2021-10-14 17:23:32 - [MESSAGE][INFO] - Found 140 web elements with id: 'Object Repository/Tablo/Veriler' located by 'By.cssSelector: td.dxgv b ,td.dxgv' in '10' second(s)

2021-10-14 17:23:32 - [MESSAGE][INFO] - Smart Wait Function is triggered

2021-10-14 17:23:32 - [MESSAGE][PASSED] - Method.TextDegerineEsitElementinAltindakineTikla is PASSED

2021-10-14 17:23:32 - [MESSAGE][PASSED] - Call Test Case 'Test Cases/Tablo/TablodanVeriSec' successfully

2021-10-14 17:23:32 - [MESSAGE][INFO] - Checking called Test Case

2021-10-14 17:23:32 - [MESSAGE][INFO] - Starting to call Test Case 'Test Cases/Butonlar/ButonaTikla'

2021-10-14 17:23:32 - [TEST_CASE][PASSED] - Test Cases/Butonlar/ButonaTikla: Test Cases/Butonlar/ButonaTikla

2021-10-14 17:23:33 - [TEST_STEP][PASSED] - Method.TextDegerineEsitElementeTiklaEquals(findTestObject("Butonlar/Butonlar"), Buton_Adi): Method.TextDegerineEsitElementeTiklaEquals is PASSED

2021-10-14 17:23:33 - [MESSAGE][INFO] - Finding Test Object 'Object Repository/Butonlar/Butonlar'

2021-10-14 17:23:33 - [MESSAGE][INFO] - Checking timeout

2021-10-14 17:23:33 - [MESSAGE][INFO] - Finding web element with id: 'Object Repository/Butonlar/Butonlar' located by 'By.cssSelector: .panel.panel-default.text-center.footerPanel .btn,.btn.btn-primary.btnControls' in '10' second(s)

2021-10-14 17:23:33 - [MESSAGE][INFO] - Smart Wait Function is triggered

2021-10-14 17:23:33 - [MESSAGE][INFO] - Found 17 web elements with id: 'Object Repository/Butonlar/Butonlar' located by 'By.cssSelector: .panel.panel-default.text-center.footerPanel .btn,.btn.btn-primary.btnControls' in '10' second(s)

2021-10-14 17:23:33 - [MESSAGE][PASSED] - Method.TextDegerineEsitElementeTiklaEquals is PASSED

2021-10-14 17:23:33 - [MESSAGE][PASSED] - Call Test Case 'Test Cases/Butonlar/ButonaTikla' successfully

2021-10-14 17:23:33 - [MESSAGE][INFO] - Checking called Test Case

2021-10-14 17:23:33 - [MESSAGE][INFO] - Starting to call Test Case 'Test Cases/Butonlar/AltButonaTikla'

2021-10-14 17:23:33 - [TEST_CASE][PASSED] - Test Cases/Butonlar/AltButonaTikla: Test Cases/Butonlar/AltButonaTikla

2021-10-14 17:23:33 - [TEST_STEP][PASSED] - Method.TextDegerineEsitElementeTikla(findTestObject("Butonlar/AltButonlar"), Alt_Buton): Method.TextDegerineEsitElementeTikla is PASSED

2021-10-14 17:23:33 - [MESSAGE][INFO] - Finding Test Object 'Object Repository/Butonlar/AltButonlar'

2021-10-14 17:23:33 - [MESSAGE][INFO] - Checking timeout

2021-10-14 17:23:33 - [MESSAGE][INFO] - Finding web element with id: 'Object Repository/Butonlar/AltButonlar' located by 'By.cssSelector: .btn-group.open li>a' in '10' second(s)

2021-10-14 17:23:33 - [MESSAGE][INFO] - Smart Wait Function is triggered

2021-10-14 17:23:34 - [MESSAGE][INFO] - Found 4 web elements with id: 'Object Repository/Butonlar/AltButonlar' located by 'By.cssSelector: .btn-group.open li>a' in '10' second(s)

2021-10-14 17:23:34 - [MESSAGE][PASSED] - Method.TextDegerineEsitElementeTikla is PASSED

2021-10-14 17:23:34 - [MESSAGE][PASSED] - Call Test Case 'Test Cases/Butonlar/AltButonaTikla' successfully

2021-10-14 17:23:34 - [MESSAGE][INFO] - Checking called Test Case

2021-10-14 17:23:34 - [MESSAGE][INFO] - Starting to call Test Case 'Test Cases/Popup/PopupMesajiIceriyorMu'

2021-10-14 17:23:34 - [TEST_CASE][PASSED] - Test Cases/Popup/PopupMesajiIceriyorMu: Test Cases/Popup/PopupMesajiIceriyorMu

2021-10-14 17:23:34 - [TEST_STEP][PASSED] - waitForElementVisible(findTestObject("Popup/Popup"), 10): Object 'Object Repository/Popup/Popup' is visible

2021-10-14 17:23:34 - [MESSAGE][INFO] - Finding Test Object 'Object Repository/Popup/Popup'

2021-10-14 17:23:34 - [MESSAGE][INFO] - Checking object

2021-10-14 17:23:34 - [MESSAGE][INFO] - Checking timeout

2021-10-14 17:23:34 - [MESSAGE][INFO] - Finding web element from Test Object's properties

2021-10-14 17:23:34 - [MESSAGE][INFO] - Checking timeout

2021-10-14 17:23:34 - [MESSAGE][INFO] - Finding web element with id: 'Object Repository/Popup/Popup' located by 'By.cssSelector: .bootbox-body' in '10' second(s)

2021-10-14 17:23:34 - [MESSAGE][INFO] - Smart Wait Function is triggered

2021-10-14 17:23:35 - [MESSAGE][INFO] - Found 1 web elements with id: 'Object Repository/Popup/Popup' located by 'By.cssSelector: .bootbox-body' in '10' second(s)

2021-10-14 17:23:35 - [MESSAGE][PASSED] - Object 'Object Repository/Popup/Popup' is visible

2021-10-14 17:23:35 - [TEST_STEP][PASSED] - if (!(getText(findTestObject("Popup/Popup")).contains(Mesaj))): Text of object 'Object Repository/Popup/Popup' is: 'Lütfen rapor bildiriminin gönderileceği e-posta adresini belirtiniz.
e-Posta Adresi'

2021-10-14 17:23:35 - [MESSAGE][INFO] - Finding Test Object 'Object Repository/Popup/Popup'

2021-10-14 17:23:35 - [MESSAGE][INFO] - Checking object

2021-10-14 17:23:35 - [MESSAGE][INFO] - Finding web element from Test Object's properties

2021-10-14 17:23:35 - [MESSAGE][INFO] - Checking timeout

2021-10-14 17:23:35 - [MESSAGE][INFO] - Finding web element with id: 'Object Repository/Popup/Popup' located by 'By.cssSelector: .bootbox-body' in '30' second(s)

2021-10-14 17:23:35 - [MESSAGE][INFO] - Smart Wait Function is triggered

2021-10-14 17:23:35 - [MESSAGE][INFO] - Found 1 web elements with id: 'Object Repository/Popup/Popup' located by 'By.cssSelector: .bootbox-body' in '30' second(s)

2021-10-14 17:23:35 - [MESSAGE][INFO] - Getting text of object 'Object Repository/Popup/Popup'

2021-10-14 17:23:35 - [MESSAGE][PASSED] - Text of object 'Object Repository/Popup/Popup' is: 'Lütfen rapor bildiriminin gönderileceği e-posta adresini belirtiniz.
e-Posta Adresi'

2021-10-14 17:23:35 - [TEST_STEP][PASSED] - RaporNo = getText(findTestObject("Popup/Popup")).substring(0, 6): Text of object 'Object Repository/Popup/Popup' is: 'Lütfen rapor bildiriminin gönderileceği e-posta adresini belirtiniz.
e-Posta Adresi'

2021-10-14 17:23:35 - [MESSAGE][INFO] - Finding Test Object 'Object Repository/Popup/Popup'

2021-10-14 17:23:35 - [MESSAGE][INFO] - Checking object

2021-10-14 17:23:35 - [MESSAGE][INFO] - Finding web element from Test Object's properties

2021-10-14 17:23:35 - [MESSAGE][INFO] - Checking timeout

2021-10-14 17:23:35 - [MESSAGE][INFO] - Finding web element with id: 'Object Repository/Popup/Popup' located by 'By.cssSelector: .bootbox-body' in '30' second(s)

2021-10-14 17:23:35 - [MESSAGE][INFO] - Smart Wait Function is triggered

2021-10-14 17:23:36 - [MESSAGE][INFO] - Found 1 web elements with id: 'Object Repository/Popup/Popup' located by 'By.cssSelector: .bootbox-body' in '30' second(s)

2021-10-14 17:23:36 - [MESSAGE][INFO] - Getting text of object 'Object Repository/Popup/Popup'

2021-10-14 17:23:36 - [MESSAGE][PASSED] - Text of object 'Object Repository/Popup/Popup' is: 'Lütfen rapor bildiriminin gönderileceği e-posta adresini belirtiniz.
e-Posta Adresi'

2021-10-14 17:23:36 - [TEST_STEP][PASSED] - Console.println(RaporNo): null

2021-10-14 17:23:36 - [MESSAGE][PASSED] - Call Test Case 'Test Cases/Popup/PopupMesajiIceriyorMu' successfully

2021-10-14 17:23:36 - [MESSAGE][INFO] - Checking called Test Case

2021-10-14 17:23:36 - [MESSAGE][INFO] - Starting to call Test Case 'Test Cases/Popup/PopupButonSecilir'

2021-10-14 17:23:36 - [TEST_CASE][PASSED] - Test Cases/Popup/PopupButonSecilir: Test Cases/Popup/PopupButonSecilir

2021-10-14 17:23:36 - [TEST_STEP][PASSED] - Method.TextDegerineEsitElementeTikla(findTestObject("Popup/Popup_Butons"), Buton): Method.TextDegerineEsitElementeTikla is PASSED

2021-10-14 17:23:36 - [MESSAGE][INFO] - Finding Test Object 'Object Repository/Popup/Popup_Butons'

2021-10-14 17:23:36 - [MESSAGE][INFO] - Checking timeout

2021-10-14 17:23:36 - [MESSAGE][INFO] - Finding web element with id: 'Object Repository/Popup/Popup_Butons' located by 'By.cssSelector: .modal-footer>button' in '10' second(s)

2021-10-14 17:23:36 - [MESSAGE][INFO] - Smart Wait Function is triggered

2021-10-14 17:23:36 - [MESSAGE][INFO] - Found 2 web elements with id: 'Object Repository/Popup/Popup_Butons' located by 'By.cssSelector: .modal-footer>button' in '10' second(s)

2021-10-14 17:23:36 - [MESSAGE][PASSED] - Method.TextDegerineEsitElementeTikla is PASSED

2021-10-14 17:23:36 - [MESSAGE][PASSED] - Call Test Case 'Test Cases/Popup/PopupButonSecilir' successfully

2021-10-14 17:23:36 - [MESSAGE][INFO] - Checking called Test Case

2021-10-14 17:23:36 - [MESSAGE][INFO] - Starting to call Test Case 'Test Cases/Popup/PopupMesajiIceriyorMu'

2021-10-14 17:23:36 - [TEST_CASE][PASSED] - Test Cases/Popup/PopupMesajiIceriyorMu: Test Cases/Popup/PopupMesajiIceriyorMu

2021-10-14 17:23:36 - [TEST_STEP][PASSED] - waitForElementVisible(findTestObject("Popup/Popup"), 10): Object 'Object Repository/Popup/Popup' is visible

2021-10-14 17:23:36 - [MESSAGE][INFO] - Finding Test Object 'Object Repository/Popup/Popup'

2021-10-14 17:23:36 - [MESSAGE][INFO] - Checking object

2021-10-14 17:23:36 - [MESSAGE][INFO] - Checking timeout

2021-10-14 17:23:36 - [MESSAGE][INFO] - Finding web element from Test Object's properties

2021-10-14 17:23:36 - [MESSAGE][INFO] - Checking timeout

2021-10-14 17:23:36 - [MESSAGE][INFO] - Finding web element with id: 'Object Repository/Popup/Popup' located by 'By.cssSelector: .bootbox-body' in '10' second(s)

2021-10-14 17:23:36 - [MESSAGE][INFO] - Smart Wait Function is triggered

2021-10-14 17:23:37 - [MESSAGE][INFO] - Found 1 web elements with id: 'Object Repository/Popup/Popup' located by 'By.cssSelector: .bootbox-body' in '10' second(s)

2021-10-14 17:23:37 - [MESSAGE][PASSED] - Object 'Object Repository/Popup/Popup' is visible

2021-10-14 17:23:37 - [TEST_STEP][PASSED] - if (!(getText(findTestObject("Popup/Popup")).contains(Mesaj))): Text of object 'Object Repository/Popup/Popup' is: '14588 no’lu talebiniz işleme alınmıştır. Raporunuz hazırlandığında (elogotest@gmail.com) adresinize mail gönderilecektir.
Rapor durumunuzu Raporlar > Toplu Veri İndirme ekranından takip edebilir, hazırlandı durumundaki raporlarınızı ilgili menüden indirebilirsiniz.'

2021-10-14 17:23:37 - [MESSAGE][INFO] - Finding Test Object 'Object Repository/Popup/Popup'

2021-10-14 17:23:37 - [MESSAGE][INFO] - Checking object

2021-10-14 17:23:37 - [MESSAGE][INFO] - Finding web element from Test Object's properties

2021-10-14 17:23:37 - [MESSAGE][INFO] - Checking timeout

2021-10-14 17:23:37 - [MESSAGE][INFO] - Finding web element with id: 'Object Repository/Popup/Popup' located by 'By.cssSelector: .bootbox-body' in '30' second(s)

2021-10-14 17:23:37 - [MESSAGE][INFO] - Smart Wait Function is triggered

2021-10-14 17:23:37 - [MESSAGE][INFO] - Found 1 web elements with id: 'Object Repository/Popup/Popup' located by 'By.cssSelector: .bootbox-body' in '30' second(s)

2021-10-14 17:23:37 - [MESSAGE][INFO] - Getting text of object 'Object Repository/Popup/Popup'

2021-10-14 17:23:37 - [MESSAGE][PASSED] - Text of object 'Object Repository/Popup/Popup' is: '14588 no’lu talebiniz işleme alınmıştır. Raporunuz hazırlandığında (elogotest@gmail.com) adresinize mail gönderilecektir.
Rapor durumunuzu Raporlar > Toplu Veri İndirme ekranından takip edebilir, hazırlandı durumundaki raporlarınızı ilgili menüden indirebilirsiniz.'

2021-10-14 17:23:37 - [TEST_STEP][PASSED] - RaporNo = getText(findTestObject("Popup/Popup")).substring(0, 6): Text of object 'Object Repository/Popup/Popup' is: '14588 no’lu talebiniz işleme alınmıştır. Raporunuz hazırlandığında (elogotest@gmail.com) adresinize mail gönderilecektir.
Rapor durumunuzu Raporlar > Toplu Veri İndirme ekranından takip edebilir, hazırlandı durumundaki raporlarınızı ilgili menüden indirebilirsiniz.'

2021-10-14 17:23:37 - [MESSAGE][INFO] - Finding Test Object 'Object Repository/Popup/Popup'

2021-10-14 17:23:37 - [MESSAGE][INFO] - Checking object

2021-10-14 17:23:37 - [MESSAGE][INFO] - Finding web element from Test Object's properties

2021-10-14 17:23:37 - [MESSAGE][INFO] - Checking timeout

2021-10-14 17:23:37 - [MESSAGE][INFO] - Finding web element with id: 'Object Repository/Popup/Popup' located by 'By.cssSelector: .bootbox-body' in '30' second(s)

2021-10-14 17:23:37 - [MESSAGE][INFO] - Smart Wait Function is triggered

2021-10-14 17:23:38 - [MESSAGE][INFO] - Found 1 web elements with id: 'Object Repository/Popup/Popup' located by 'By.cssSelector: .bootbox-body' in '30' second(s)

2021-10-14 17:23:38 - [MESSAGE][INFO] - Getting text of object 'Object Repository/Popup/Popup'

2021-10-14 17:23:38 - [MESSAGE][PASSED] - Text of object 'Object Repository/Popup/Popup' is: '14588 no’lu talebiniz işleme alınmıştır. Raporunuz hazırlandığında (elogotest@gmail.com) adresinize mail gönderilecektir.
Rapor durumunuzu Raporlar > Toplu Veri İndirme ekranından takip edebilir, hazırlandı durumundaki raporlarınızı ilgili menüden indirebilirsiniz.'

2021-10-14 17:23:38 - [TEST_STEP][PASSED] - Console.println(RaporNo): null

2021-10-14 17:23:38 - [MESSAGE][PASSED] - Call Test Case 'Test Cases/Popup/PopupMesajiIceriyorMu' successfully

2021-10-14 17:23:38 - [MESSAGE][INFO] - Checking called Test Case

2021-10-14 17:23:38 - [MESSAGE][INFO] - Starting to call Test Case 'Test Cases/Popup/PopupButonSecilir'

2021-10-14 17:23:38 - [TEST_CASE][PASSED] - Test Cases/Popup/PopupButonSecilir: Test Cases/Popup/PopupButonSecilir

2021-10-14 17:23:38 - [TEST_STEP][PASSED] - Method.TextDegerineEsitElementeTikla(findTestObject("Popup/Popup_Butons"), Buton): Method.TextDegerineEsitElementeTikla is PASSED

2021-10-14 17:23:38 - [MESSAGE][INFO] - Finding Test Object 'Object Repository/Popup/Popup_Butons'

2021-10-14 17:23:38 - [MESSAGE][INFO] - Checking timeout

2021-10-14 17:23:38 - [MESSAGE][INFO] - Finding web element with id: 'Object Repository/Popup/Popup_Butons' located by 'By.cssSelector: .modal-footer>button' in '10' second(s)

2021-10-14 17:23:38 - [MESSAGE][INFO] - Smart Wait Function is triggered

2021-10-14 17:23:38 - [MESSAGE][INFO] - Found 1 web elements with id: 'Object Repository/Popup/Popup_Butons' located by 'By.cssSelector: .modal-footer>button' in '10' second(s)

2021-10-14 17:23:38 - [MESSAGE][PASSED] - Method.TextDegerineEsitElementeTikla is PASSED

2021-10-14 17:23:38 - [MESSAGE][PASSED] - Call Test Case 'Test Cases/Popup/PopupButonSecilir' successfully

2021-10-14 17:23:38 - [MESSAGE][INFO] - Checking called Test Case

2021-10-14 17:23:38 - [MESSAGE][INFO] - Starting to call Test Case 'Test Cases/Butonlar/ButonaTikla'

2021-10-14 17:23:39 - [TEST_CASE][PASSED] - Test Cases/Butonlar/ButonaTikla: Test Cases/Butonlar/ButonaTikla

2021-10-14 17:23:39 - [TEST_STEP][PASSED] - Method.TextDegerineEsitElementeTiklaEquals(findTestObject("Butonlar/Butonlar"), Buton_Adi): Method.TextDegerineEsitElementeTiklaEquals is PASSED

2021-10-14 17:23:39 - [MESSAGE][INFO] - Finding Test Object 'Object Repository/Butonlar/Butonlar'

2021-10-14 17:23:39 - [MESSAGE][INFO] - Checking timeout

2021-10-14 17:23:39 - [MESSAGE][INFO] - Finding web element with id: 'Object Repository/Butonlar/Butonlar' located by 'By.cssSelector: .panel.panel-default.text-center.footerPanel .btn,.btn.btn-primary.btnControls' in '10' second(s)

2021-10-14 17:23:39 - [MESSAGE][INFO] - Smart Wait Function is triggered

2021-10-14 17:23:39 - [MESSAGE][INFO] - Found 17 web elements with id: 'Object Repository/Butonlar/Butonlar' located by 'By.cssSelector: .panel.panel-default.text-center.footerPanel .btn,.btn.btn-primary.btnControls' in '10' second(s)

2021-10-14 17:23:39 - [MESSAGE][PASSED] - Method.TextDegerineEsitElementeTiklaEquals is PASSED

2021-10-14 17:23:39 - [MESSAGE][PASSED] - Call Test Case 'Test Cases/Butonlar/ButonaTikla' successfully

2021-10-14 17:23:39 - [MESSAGE][INFO] - Checking called Test Case

2021-10-14 17:23:39 - [MESSAGE][INFO] - Starting to call Test Case 'Test Cases/Butonlar/AltButonaTikla'

2021-10-14 17:23:39 - [TEST_CASE][PASSED] - Test Cases/Butonlar/AltButonaTikla: Test Cases/Butonlar/AltButonaTikla

2021-10-14 17:23:39 - [TEST_STEP][PASSED] - Method.TextDegerineEsitElementeTikla(findTestObject("Butonlar/AltButonlar"), Alt_Buton): Method.TextDegerineEsitElementeTikla is PASSED

2021-10-14 17:23:39 - [MESSAGE][INFO] - Finding Test Object 'Object Repository/Butonlar/AltButonlar'

2021-10-14 17:23:40 - [MESSAGE][INFO] - Checking timeout

2021-10-14 17:23:40 - [MESSAGE][INFO] - Finding web element with id: 'Object Repository/Butonlar/AltButonlar' located by 'By.cssSelector: .btn-group.open li>a' in '10' second(s)

2021-10-14 17:23:40 - [MESSAGE][INFO] - Smart Wait Function is triggered

2021-10-14 17:23:40 - [MESSAGE][INFO] - Found 4 web elements with id: 'Object Repository/Butonlar/AltButonlar' located by 'By.cssSelector: .btn-group.open li>a' in '10' second(s)

2021-10-14 17:23:40 - [MESSAGE][PASSED] - Method.TextDegerineEsitElementeTikla is PASSED

2021-10-14 17:23:40 - [MESSAGE][PASSED] - Call Test Case 'Test Cases/Butonlar/AltButonaTikla' successfully

2021-10-14 17:23:40 - [MESSAGE][INFO] - Checking called Test Case

2021-10-14 17:23:40 - [MESSAGE][INFO] - Starting to call Test Case 'Test Cases/Popup/PopupMesajiIceriyorMu'

2021-10-14 17:23:40 - [TEST_CASE][PASSED] - Test Cases/Popup/PopupMesajiIceriyorMu: Test Cases/Popup/PopupMesajiIceriyorMu

2021-10-14 17:23:40 - [TEST_STEP][PASSED] - waitForElementVisible(findTestObject("Popup/Popup"), 10): Object 'Object Repository/Popup/Popup' is visible

2021-10-14 17:23:40 - [MESSAGE][INFO] - Finding Test Object 'Object Repository/Popup/Popup'

2021-10-14 17:23:40 - [MESSAGE][INFO] - Checking object

2021-10-14 17:23:40 - [MESSAGE][INFO] - Checking timeout

2021-10-14 17:23:40 - [MESSAGE][INFO] - Finding web element from Test Object's properties

2021-10-14 17:23:40 - [MESSAGE][INFO] - Checking timeout

2021-10-14 17:23:40 - [MESSAGE][INFO] - Finding web element with id: 'Object Repository/Popup/Popup' located by 'By.cssSelector: .bootbox-body' in '10' second(s)

2021-10-14 17:23:40 - [MESSAGE][INFO] - Smart Wait Function is triggered

2021-10-14 17:23:41 - [MESSAGE][INFO] - Found 1 web elements with id: 'Object Repository/Popup/Popup' located by 'By.cssSelector: .bootbox-body' in '10' second(s)

2021-10-14 17:23:41 - [MESSAGE][PASSED] - Object 'Object Repository/Popup/Popup' is visible

2021-10-14 17:23:41 - [TEST_STEP][PASSED] - if (!(getText(findTestObject("Popup/Popup")).contains(Mesaj))): Text of object 'Object Repository/Popup/Popup' is: 'Lütfen rapor bildiriminin gönderileceği e-posta adresini belirtiniz.
e-Posta Adresi'

2021-10-14 17:23:41 - [MESSAGE][INFO] - Finding Test Object 'Object Repository/Popup/Popup'

2021-10-14 17:23:41 - [MESSAGE][INFO] - Checking object

2021-10-14 17:23:41 - [MESSAGE][INFO] - Finding web element from Test Object's properties

2021-10-14 17:23:41 - [MESSAGE][INFO] - Checking timeout

2021-10-14 17:23:41 - [MESSAGE][INFO] - Finding web element with id: 'Object Repository/Popup/Popup' located by 'By.cssSelector: .bootbox-body' in '30' second(s)

2021-10-14 17:23:41 - [MESSAGE][INFO] - Smart Wait Function is triggered

2021-10-14 17:23:41 - [MESSAGE][INFO] - Found 1 web elements with id: 'Object Repository/Popup/Popup' located by 'By.cssSelector: .bootbox-body' in '30' second(s)

2021-10-14 17:23:41 - [MESSAGE][INFO] - Getting text of object 'Object Repository/Popup/Popup'

2021-10-14 17:23:41 - [MESSAGE][PASSED] - Text of object 'Object Repository/Popup/Popup' is: 'Lütfen rapor bildiriminin gönderileceği e-posta adresini belirtiniz.
e-Posta Adresi'

2021-10-14 17:23:41 - [TEST_STEP][PASSED] - RaporNo = getText(findTestObject("Popup/Popup")).substring(0, 6): Text of object 'Object Repository/Popup/Popup' is: 'Lütfen rapor bildiriminin gönderileceği e-posta adresini belirtiniz.
e-Posta Adresi'

2021-10-14 17:23:41 - [MESSAGE][INFO] - Finding Test Object 'Object Repository/Popup/Popup'

2021-10-14 17:23:41 - [MESSAGE][INFO] - Checking object

2021-10-14 17:23:41 - [MESSAGE][INFO] - Finding web element from Test Object's properties

2021-10-14 17:23:41 - [MESSAGE][INFO] - Checking timeout

2021-10-14 17:23:41 - [MESSAGE][INFO] - Finding web element with id: 'Object Repository/Popup/Popup' located by 'By.cssSelector: .bootbox-body' in '30' second(s)

2021-10-14 17:23:41 - [MESSAGE][INFO] - Smart Wait Function is triggered

2021-10-14 17:23:41 - [MESSAGE][INFO] - Found 1 web elements with id: 'Object Repository/Popup/Popup' located by 'By.cssSelector: .bootbox-body' in '30' second(s)

2021-10-14 17:23:41 - [MESSAGE][INFO] - Getting text of object 'Object Repository/Popup/Popup'

2021-10-14 17:23:41 - [MESSAGE][PASSED] - Text of object 'Object Repository/Popup/Popup' is: 'Lütfen rapor bildiriminin gönderileceği e-posta adresini belirtiniz.
e-Posta Adresi'

2021-10-14 17:23:41 - [TEST_STEP][PASSED] - Console.println(RaporNo): null

2021-10-14 17:23:41 - [MESSAGE][PASSED] - Call Test Case 'Test Cases/Popup/PopupMesajiIceriyorMu' successfully

2021-10-14 17:23:41 - [MESSAGE][INFO] - Checking called Test Case

2021-10-14 17:23:41 - [MESSAGE][INFO] - Starting to call Test Case 'Test Cases/Popup/PopupButonSecilir'

2021-10-14 17:23:41 - [TEST_CASE][PASSED] - Test Cases/Popup/PopupButonSecilir: Test Cases/Popup/PopupButonSecilir

2021-10-14 17:23:41 - [TEST_STEP][PASSED] - Method.TextDegerineEsitElementeTikla(findTestObject("Popup/Popup_Butons"), Buton): Method.TextDegerineEsitElementeTikla is PASSED

2021-10-14 17:23:41 - [MESSAGE][INFO] - Finding Test Object 'Object Repository/Popup/Popup_Butons'

2021-10-14 17:23:42 - [MESSAGE][INFO] - Checking timeout

2021-10-14 17:23:42 - [MESSAGE][INFO] - Finding web element with id: 'Object Repository/Popup/Popup_Butons' located by 'By.cssSelector: .modal-footer>button' in '10' second(s)

2021-10-14 17:23:42 - [MESSAGE][INFO] - Smart Wait Function is triggered

2021-10-14 17:23:42 - [MESSAGE][INFO] - Found 2 web elements with id: 'Object Repository/Popup/Popup_Butons' located by 'By.cssSelector: .modal-footer>button' in '10' second(s)

2021-10-14 17:23:42 - [MESSAGE][PASSED] - Method.TextDegerineEsitElementeTikla is PASSED

2021-10-14 17:23:42 - [MESSAGE][PASSED] - Call Test Case 'Test Cases/Popup/PopupButonSecilir' successfully

2021-10-14 17:23:42 - [MESSAGE][INFO] - Checking called Test Case

2021-10-14 17:23:42 - [MESSAGE][INFO] - Starting to call Test Case 'Test Cases/Popup/PopupMesajiIceriyorMu'

2021-10-14 17:23:42 - [TEST_CASE][FAILED] - Test Cases/Popup/PopupMesajiIceriyorMu: Test Cases/Popup/PopupMesajiIceriyorMu FAILED.
Reason:
Assertion failed: 

assert false


	at PopupMesajiIceriyorMu.run(PopupMesajiIceriyorMu:21)
	at com.kms.katalon.core.main.ScriptEngine.run(ScriptEngine.java:194)
	at com.kms.katalon.core.main.ScriptEngine.runScriptAsRawText(ScriptEngine.java:119)
	at com.kms.katalon.core.main.TestCaseExecutor.runScript(TestCaseExecutor.java:369)
	at com.kms.katalon.core.main.TestCaseExecutor.doExecute(TestCaseExecutor.java:360)
	at com.kms.katalon.core.main.TestCaseExecutor.processExecutionPhase(TestCaseExecutor.java:339)
	at com.kms.katalon.core.main.TestCaseExecutor.accessMainPhase(TestCaseExecutor.java:331)
	at com.kms.katalon.core.main.TestCaseExecutor.execute(TestCaseExecutor.java:248)
	at com.kms.katalon.core.main.TestCaseMain.runTestCase(TestCaseMain.java:138)
	at com.kms.katalon.core.keyword.builtin.CallTestCaseKeyword$_callTestCase_closure1.doCall(CallTestCaseKeyword.groovy:59)
	at com.kms.katalon.core.keyword.builtin.CallTestCaseKeyword$_callTestCase_closure1.call(CallTestCaseKeyword.groovy)
	at com.kms.katalon.core.keyword.internal.KeywordMain.runKeyword(KeywordMain.groovy:68)
	at com.kms.katalon.core.keyword.builtin.CallTestCaseKeyword.callTestCase(CallTestCaseKeyword.groovy:81)
	at com.kms.katalon.core.keyword.builtin.CallTestCaseKeyword.execute(CallTestCaseKeyword.groovy:44)
	at com.kms.katalon.core.keyword.internal.KeywordExecutor.executeKeywordForPlatform(KeywordExecutor.groovy:73)
	at com.kms.katalon.core.keyword.BuiltinKeywords.callTestCase(BuiltinKeywords.groovy:334)
	at popup.popup.popupIceriyorMu(popup.groovy:66)
	at cucumber.runtime.Utils$1.call(Utils.java:26)
	at cucumber.runtime.Timeout.timeout(Timeout.java:16)
	at cucumber.runtime.Utils.invoke(Utils.java:20)
	at cucumber.runtime.java.JavaStepDefinition.execute(JavaStepDefinition.java:49)
	at cucumber.runner.PickleStepDefinitionMatch.runStep(PickleStepDefinitionMatch.java:50)
	at cucumber.runner.TestStep.executeStep(TestStep.java:63)
	at cucumber.runner.TestStep.run(TestStep.java:49)
	at cucumber.runner.PickleStepTestStep.run(PickleStepTestStep.java:43)
	at cucumber.runner.TestCase.run(TestCase.java:44)
	at cucumber.runner.Runner.runPickle(Runner.java:40)
	at cucumber.runtime.Runtime$1.run(Runtime.java:84)
	at cucumber.runtime.Runtime$SameThreadExecutorService.execute(Runtime.java:220)
	at cucumber.runtime.Runtime.run(Runtime.java:81)
	at cucumber.api.cli.Main.run(Main.java:26)
	at cucumber.api.cli.Main$run.call(Unknown Source)
	at com.kms.katalon.core.cucumber.keyword.CucumberBuiltinKeywords$_runFeatureFile_closure1.doCall(CucumberBuiltinKeywords.groovy:106)
	at com.kms.katalon.core.cucumber.keyword.CucumberBuiltinKeywords$_runFeatureFile_closure1.doCall(CucumberBuiltinKeywords.groovy)
	at com.kms.katalon.core.keyword.internal.KeywordMain.runKeyword(KeywordMain.groovy:68)
	at com.kms.katalon.core.keyword.internal.KeywordMain$runKeyword.call(Unknown Source)
	at com.kms.katalon.core.cucumber.keyword.CucumberBuiltinKeywords.runFeatureFile(CucumberBuiltinKeywords.groovy:73)
	at com.kms.katalon.core.cucumber.keyword.CucumberBuiltinKeywords$runFeatureFile$0.callStatic(Unknown Source)
	at com.kms.katalon.core.cucumber.keyword.CucumberBuiltinKeywords.runFeatureFile(CucumberBuiltinKeywords.groovy:246)
	at com.kms.katalon.core.cucumber.keyword.CucumberBuiltinKeywords$runFeatureFile.call(Unknown Source)
	at Toplu Indirme.run(Toplu Indirme:17)
	at com.kms.katalon.core.main.ScriptEngine.run(ScriptEngine.java:194)
	at com.kms.katalon.core.main.ScriptEngine.runScriptAsRawText(ScriptEngine.java:119)
	at com.kms.katalon.core.main.TestCaseExecutor.runScript(TestCaseExecutor.java:369)
	at com.kms.katalon.core.main.TestCaseExecutor.doExecute(TestCaseExecutor.java:360)
	at com.kms.katalon.core.main.TestCaseExecutor.processExecutionPhase(TestCaseExecutor.java:339)
	at com.kms.katalon.core.main.TestCaseExecutor.accessMainPhase(TestCaseExecutor.java:331)
	at com.kms.katalon.core.main.TestCaseExecutor.execute(TestCaseExecutor.java:248)
	at com.kms.katalon.core.main.TestSuiteExecutor.accessTestCaseMainPhase(TestSuiteExecutor.java:191)
	at com.kms.katalon.core.main.TestSuiteExecutor.accessTestSuiteMainPhase(TestSuiteExecutor.java:140)
	at com.kms.katalon.core.main.TestSuiteExecutor.execute(TestSuiteExecutor.java:89)
	at com.kms.katalon.core.main.TestCaseMain.startTestSuite(TestCaseMain.java:181)
	at com.kms.katalon.core.main.TestCaseMain$startTestSuite$0.call(Unknown Source)
	at TempTestSuite1634220085487.run(TempTestSuite1634220085487.groovy:39)


2021-10-14 17:23:42 - [TEST_STEP][PASSED] - waitForElementVisible(findTestObject("Popup/Popup"), 10): Object 'Object Repository/Popup/Popup' is visible

2021-10-14 17:23:42 - [MESSAGE][INFO] - Finding Test Object 'Object Repository/Popup/Popup'

2021-10-14 17:23:42 - [MESSAGE][INFO] - Checking object

2021-10-14 17:23:42 - [MESSAGE][INFO] - Checking timeout

2021-10-14 17:23:42 - [MESSAGE][INFO] - Finding web element from Test Object's properties

2021-10-14 17:23:42 - [MESSAGE][INFO] - Checking timeout

2021-10-14 17:23:42 - [MESSAGE][INFO] - Finding web element with id: 'Object Repository/Popup/Popup' located by 'By.cssSelector: .bootbox-body' in '10' second(s)

2021-10-14 17:23:42 - [MESSAGE][INFO] - Smart Wait Function is triggered

2021-10-14 17:23:43 - [MESSAGE][INFO] - Found 1 web elements with id: 'Object Repository/Popup/Popup' located by 'By.cssSelector: .bootbox-body' in '10' second(s)

2021-10-14 17:23:43 - [MESSAGE][PASSED] - Object 'Object Repository/Popup/Popup' is visible

2021-10-14 17:23:43 - [TEST_STEP][PASSED] - if (!(getText(findTestObject("Popup/Popup")).contains(Mesaj))): null

2021-10-14 17:23:43 - [MESSAGE][INFO] - Finding Test Object 'Object Repository/Popup/Popup'

2021-10-14 17:23:43 - [MESSAGE][INFO] - Checking object

2021-10-14 17:23:43 - [MESSAGE][INFO] - Finding web element from Test Object's properties

2021-10-14 17:23:43 - [MESSAGE][INFO] - Checking timeout

2021-10-14 17:23:43 - [MESSAGE][INFO] - Finding web element with id: 'Object Repository/Popup/Popup' located by 'By.cssSelector: .bootbox-body' in '30' second(s)

2021-10-14 17:23:43 - [MESSAGE][INFO] - Smart Wait Function is triggered

2021-10-14 17:23:43 - [MESSAGE][INFO] - Found 1 web elements with id: 'Object Repository/Popup/Popup' located by 'By.cssSelector: .bootbox-body' in '30' second(s)

2021-10-14 17:23:43 - [MESSAGE][INFO] - Getting text of object 'Object Repository/Popup/Popup'

2021-10-14 17:23:43 - [MESSAGE][PASSED] - Text of object 'Object Repository/Popup/Popup' is: 'Filtreye uygun kayıt bulunmamaktadır.'

2021-10-14 17:23:43 - [TEST_STEP][PASSED] - assert false: null

2021-10-14 17:23:43 - [MESSAGE][FAILED] - Unable to call Test Case 'Test Cases/Popup/PopupMesajiIceriyorMu' (Root cause: com.kms.katalon.core.exception.StepFailedException: Call Test Case 'Test Cases/Popup/PopupMesajiIceriyorMu' failed
	at com.kms.katalon.core.keyword.builtin.CallTestCaseKeyword$_callTestCase_closure1.doCall(CallTestCaseKeyword.groovy:63)
	at com.kms.katalon.core.keyword.builtin.CallTestCaseKeyword$_callTestCase_closure1.call(CallTestCaseKeyword.groovy)
	at com.kms.katalon.core.keyword.internal.KeywordMain.runKeyword(KeywordMain.groovy:68)
	at com.kms.katalon.core.keyword.builtin.CallTestCaseKeyword.callTestCase(CallTestCaseKeyword.groovy:81)
	at com.kms.katalon.core.keyword.builtin.CallTestCaseKeyword.execute(CallTestCaseKeyword.groovy:44)
	at com.kms.katalon.core.keyword.internal.KeywordExecutor.executeKeywordForPlatform(KeywordExecutor.groovy:73)
	at com.kms.katalon.core.keyword.BuiltinKeywords.callTestCase(BuiltinKeywords.groovy:334)
	at popup.popup.popupIceriyorMu(popup.groovy:66)
	at cucumber.runtime.Utils$1.call(Utils.java:26)
	at cucumber.runtime.Timeout.timeout(Timeout.java:16)
	at cucumber.runtime.Utils.invoke(Utils.java:20)
	at cucumber.runtime.java.JavaStepDefinition.execute(JavaStepDefinition.java:49)
	at cucumber.runner.PickleStepDefinitionMatch.runStep(PickleStepDefinitionMatch.java:50)
	at cucumber.runner.TestStep.executeStep(TestStep.java:63)
	at cucumber.runner.TestStep.run(TestStep.java:49)
	at cucumber.runner.PickleStepTestStep.run(PickleStepTestStep.java:43)
	at cucumber.runner.TestCase.run(TestCase.java:44)
	at cucumber.runner.Runner.runPickle(Runner.java:40)
	at cucumber.runtime.Runtime$1.run(Runtime.java:84)
	at cucumber.runtime.Runtime$SameThreadExecutorService.execute(Runtime.java:220)
	at cucumber.runtime.Runtime.run(Runtime.java:81)
	at cucumber.api.cli.Main.run(Main.java:26)
	at cucumber.api.cli.Main$run.call(Unknown Source)
	at com.kms.katalon.core.cucumber.keyword.CucumberBuiltinKeywords$_runFeatureFile_closure1.doCall(CucumberBuiltinKeywords.groovy:106)
	at com.kms.katalon.core.cucumber.keyword.CucumberBuiltinKeywords$_runFeatureFile_closure1.doCall(CucumberBuiltinKeywords.groovy)
	at com.kms.katalon.core.keyword.internal.KeywordMain.runKeyword(KeywordMain.groovy:68)
	at com.kms.katalon.core.keyword.internal.KeywordMain$runKeyword.call(Unknown Source)
	at com.kms.katalon.core.cucumber.keyword.CucumberBuiltinKeywords.runFeatureFile(CucumberBuiltinKeywords.groovy:73)
	at com.kms.katalon.core.cucumber.keyword.CucumberBuiltinKeywords$runFeatureFile$0.callStatic(Unknown Source)
	at com.kms.katalon.core.cucumber.keyword.CucumberBuiltinKeywords.runFeatureFile(CucumberBuiltinKeywords.groovy:246)
	at com.kms.katalon.core.cucumber.keyword.CucumberBuiltinKeywords$runFeatureFile.call(Unknown Source)
	at Toplu Indirme.run(Toplu Indirme:17)
	at com.kms.katalon.core.main.ScriptEngine.run(ScriptEngine.java:194)
	at com.kms.katalon.core.main.ScriptEngine.runScriptAsRawText(ScriptEngine.java:119)
	at com.kms.katalon.core.main.TestCaseExecutor.runScript(TestCaseExecutor.java:369)
	at com.kms.katalon.core.main.TestCaseExecutor.doExecute(TestCaseExecutor.java:360)
	at com.kms.katalon.core.main.TestCaseExecutor.processExecutionPhase(TestCaseExecutor.java:339)
	at com.kms.katalon.core.main.TestCaseExecutor.accessMainPhase(TestCaseExecutor.java:331)
	at com.kms.katalon.core.main.TestCaseExecutor.execute(TestCaseExecutor.java:248)
	at com.kms.katalon.core.main.TestSuiteExecutor.accessTestCaseMainPhase(TestSuiteExecutor.java:191)
	at com.kms.katalon.core.main.TestSuiteExecutor.accessTestSuiteMainPhase(TestSuiteExecutor.java:140)
	at com.kms.katalon.core.main.TestSuiteExecutor.execute(TestSuiteExecutor.java:89)
	at com.kms.katalon.core.main.TestCaseMain.startTestSuite(TestCaseMain.java:181)
	at com.kms.katalon.core.main.TestCaseMain$startTestSuite$0.call(Unknown Source)
	at TempTestSuite1634220085487.run(TempTestSuite1634220085487.groovy:39)
Caused by: Assertion failed: 

assert false


	at PopupMesajiIceriyorMu.run(PopupMesajiIceriyorMu:21)
	at com.kms.katalon.core.main.ScriptEngine.run(ScriptEngine.java:194)
	at com.kms.katalon.core.main.ScriptEngine.runScriptAsRawText(ScriptEngine.java:119)
	at com.kms.katalon.core.main.TestCaseExecutor.runScript(TestCaseExecutor.java:369)
	at com.kms.katalon.core.main.TestCaseExecutor.doExecute(TestCaseExecutor.java:360)
	at com.kms.katalon.core.main.TestCaseExecutor.processExecutionPhase(TestCaseExecutor.java:339)
	at com.kms.katalon.core.main.TestCaseExecutor.accessMainPhase(TestCaseExecutor.java:331)
	at com.kms.katalon.core.main.TestCaseExecutor.execute(TestCaseExecutor.java:248)
	at com.kms.katalon.core.main.TestCaseMain.runTestCase(TestCaseMain.java:138)
	at com.kms.katalon.core.keyword.builtin.CallTestCaseKeyword$_callTestCase_closure1.doCall(CallTestCaseKeyword.groovy:59)
	... 44 more
)

2021-10-14 17:23:43 - [TEST_CASE][FAILED] - Start Test Case : SCENARIO e-Fatura Giden Kutusu Toplu Indirme - PDF Secilenlerin indirilmesi: SCENARIO e-Fatura Giden Kutusu Toplu Indirme - PDF Secilenlerin indirilmesi FAILED.
Reason:
com.kms.katalon.core.exception.StepFailedException: Call Test Case 'Test Cases/Popup/PopupMesajiIceriyorMu' failed
	at com.kms.katalon.core.keyword.builtin.CallTestCaseKeyword$_callTestCase_closure1.doCall(CallTestCaseKeyword.groovy:63)
	at com.kms.katalon.core.keyword.builtin.CallTestCaseKeyword$_callTestCase_closure1.call(CallTestCaseKeyword.groovy)
	at com.kms.katalon.core.keyword.internal.KeywordMain.runKeyword(KeywordMain.groovy:68)
	at com.kms.katalon.core.keyword.builtin.CallTestCaseKeyword.callTestCase(CallTestCaseKeyword.groovy:81)
	at com.kms.katalon.core.keyword.builtin.CallTestCaseKeyword.execute(CallTestCaseKeyword.groovy:44)
	at com.kms.katalon.core.keyword.internal.KeywordExecutor.executeKeywordForPlatform(KeywordExecutor.groovy:73)
	at com.kms.katalon.core.keyword.BuiltinKeywords.callTestCase(BuiltinKeywords.groovy:334)
	at popup.popup.popupIceriyorMu(popup.groovy:66)
	at ✽.Popup mesajı Toplu Veri İndirme içeriyor mu(C:/Users/DELL/Downloads/EES_Katalon-main/Include/features/e-Fatura/Giden Kutusu/Faturalar/Toplu Indirme.feature:24)
Caused by: Assertion failed: 

assert false


	at PopupMesajiIceriyorMu.run(PopupMesajiIceriyorMu:21)
	at com.kms.katalon.core.main.ScriptEngine.run(ScriptEngine.java:194)
	at com.kms.katalon.core.main.ScriptEngine.runScriptAsRawText(ScriptEngine.java:119)
	at com.kms.katalon.core.main.TestCaseExecutor.runScript(TestCaseExecutor.java:369)
	at com.kms.katalon.core.main.TestCaseExecutor.doExecute(TestCaseExecutor.java:360)
	at com.kms.katalon.core.main.TestCaseExecutor.processExecutionPhase(TestCaseExecutor.java:339)
	at com.kms.katalon.core.main.TestCaseExecutor.accessMainPhase(TestCaseExecutor.java:331)
	at com.kms.katalon.core.main.TestCaseExecutor.execute(TestCaseExecutor.java:248)
	at com.kms.katalon.core.main.TestCaseMain.runTestCase(TestCaseMain.java:138)
	at com.kms.katalon.core.keyword.builtin.CallTestCaseKeyword$_callTestCase_closure1.doCall(CallTestCaseKeyword.groovy:59)
	at com.kms.katalon.core.keyword.builtin.CallTestCaseKeyword$_callTestCase_closure1.call(CallTestCaseKeyword.groovy)
	at com.kms.katalon.core.keyword.internal.KeywordMain.runKeyword(KeywordMain.groovy:68)
	at com.kms.katalon.core.keyword.builtin.CallTestCaseKeyword.callTestCase(CallTestCaseKeyword.groovy:81)
	at com.kms.katalon.core.keyword.builtin.CallTestCaseKeyword.execute(CallTestCaseKeyword.groovy:44)
	at com.kms.katalon.core.keyword.internal.KeywordExecutor.executeKeywordForPlatform(KeywordExecutor.groovy:73)
	at com.kms.katalon.core.keyword.BuiltinKeywords.callTestCase(BuiltinKeywords.groovy:334)
	at popup.popup.popupIceriyorMu(popup.groovy:66)
	at cucumber.runtime.Utils$1.call(Utils.java:26)
	at cucumber.runtime.Timeout.timeout(Timeout.java:16)
	at cucumber.runtime.Utils.invoke(Utils.java:20)
	at cucumber.runtime.java.JavaStepDefinition.execute(JavaStepDefinition.java:49)
	at cucumber.runner.PickleStepDefinitionMatch.runStep(PickleStepDefinitionMatch.java:50)
	at cucumber.runner.TestStep.executeStep(TestStep.java:63)
	at cucumber.runner.TestStep.run(TestStep.java:49)
	at cucumber.runner.PickleStepTestStep.run(PickleStepTestStep.java:43)
	at cucumber.runner.TestCase.run(TestCase.java:44)
	at cucumber.runner.Runner.runPickle(Runner.java:40)
	at cucumber.runtime.Runtime$1.run(Runtime.java:84)
	at cucumber.runtime.Runtime$SameThreadExecutorService.execute(Runtime.java:220)
	at cucumber.runtime.Runtime.run(Runtime.java:81)
	at cucumber.api.cli.Main.run(Main.java:26)
	at cucumber.api.cli.Main$run.call(Unknown Source)
	at com.kms.katalon.core.cucumber.keyword.CucumberBuiltinKeywords$_runFeatureFile_closure1.doCall(CucumberBuiltinKeywords.groovy:106)
	at com.kms.katalon.core.cucumber.keyword.CucumberBuiltinKeywords$_runFeatureFile_closure1.doCall(CucumberBuiltinKeywords.groovy)
	at com.kms.katalon.core.keyword.internal.KeywordMain.runKeyword(KeywordMain.groovy:68)
	at com.kms.katalon.core.keyword.internal.KeywordMain$runKeyword.call(Unknown Source)
	at com.kms.katalon.core.cucumber.keyword.CucumberBuiltinKeywords.runFeatureFile(CucumberBuiltinKeywords.groovy:73)
	at com.kms.katalon.core.cucumber.keyword.CucumberBuiltinKeywords$runFeatureFile$0.callStatic(Unknown Source)
	at com.kms.katalon.core.cucumber.keyword.CucumberBuiltinKeywords.runFeatureFile(CucumberBuiltinKeywords.groovy:246)
	at com.kms.katalon.core.cucumber.keyword.CucumberBuiltinKeywords$runFeatureFile.call(Unknown Source)
	at Toplu Indirme.run(Toplu Indirme:17)
	at com.kms.katalon.core.main.ScriptEngine.run(ScriptEngine.java:194)
	at com.kms.katalon.core.main.ScriptEngine.runScriptAsRawText(ScriptEngine.java:119)
	at com.kms.katalon.core.main.TestCaseExecutor.runScript(TestCaseExecutor.java:369)
	at com.kms.katalon.core.main.TestCaseExecutor.doExecute(TestCaseExecutor.java:360)
	at com.kms.katalon.core.main.TestCaseExecutor.processExecutionPhase(TestCaseExecutor.java:339)
	at com.kms.katalon.core.main.TestCaseExecutor.accessMainPhase(TestCaseExecutor.java:331)
	at com.kms.katalon.core.main.TestCaseExecutor.execute(TestCaseExecutor.java:248)
	at com.kms.katalon.core.main.TestSuiteExecutor.accessTestCaseMainPhase(TestSuiteExecutor.java:191)
	at com.kms.katalon.core.main.TestSuiteExecutor.accessTestSuiteMainPhase(TestSuiteExecutor.java:140)
	at com.kms.katalon.core.main.TestSuiteExecutor.execute(TestSuiteExecutor.java:89)
	at com.kms.katalon.core.main.TestCaseMain.startTestSuite(TestCaseMain.java:181)
	at com.kms.katalon.core.main.TestCaseMain$startTestSuite$0.call(Unknown Source)
	at TempTestSuite1634220085487.run(TempTestSuite1634220085487.groovy:39)


2021-10-14 17:23:43 - [TEST_STEP][PASSED] - Kullanıcı adı ELOGO6 ve Şifre 123456 olarak giriş yapılır: Kullanıcı adı ELOGO6 ve Şifre 123456 olarak giriş yapılır

2021-10-14 17:23:43 - [MESSAGE][PASSED] - Kullanıcı adı ELOGO6 ve Şifre 123456 olarak giriş yapılır

2021-10-14 17:23:43 - [TEST_STEP][PASSED] - Ana menüden e-Fatura seçilir: Ana menüden e-Fatura seçilir

2021-10-14 17:23:43 - [MESSAGE][PASSED] - Ana menüden e-Fatura seçilir

2021-10-14 17:23:43 - [TEST_STEP][PASSED] - Alt menü Giden Kutusu başlığı altındaki Faturalar seçilir: Alt menü Giden Kutusu başlığı altındaki Faturalar seçilir

2021-10-14 17:23:43 - [MESSAGE][PASSED] - Alt menü Giden Kutusu başlığı altındaki Faturalar seçilir

2021-10-14 17:23:43 - [TEST_STEP][PASSED] - Filtrelerden Oluşturma Tarihi filtresine 01.12.2020 baslangic degerini yaz: Filtrelerden Oluşturma Tarihi filtresine 01.12.2020 baslangic degerini yaz

2021-10-14 17:23:43 - [MESSAGE][PASSED] - Filtrelerden Oluşturma Tarihi filtresine 01.12.2020 baslangic degerini yaz

2021-10-14 17:23:43 - [TEST_STEP][PASSED] - Filtrelerden Oluşturma Tarihi filtresine 31.12.2020 bitis degerini yaz: Filtrelerden Oluşturma Tarihi filtresine 31.12.2020 bitis degerini yaz

2021-10-14 17:23:43 - [MESSAGE][PASSED] - Filtrelerden Oluşturma Tarihi filtresine 31.12.2020 bitis degerini yaz

2021-10-14 17:23:43 - [TEST_STEP][PASSED] - Filtrelerden Alıcı Ünvanı filtresine TEST textini yaz: Filtrelerden Alıcı Ünvanı filtresine TEST textini yaz

2021-10-14 17:23:43 - [MESSAGE][PASSED] - Filtrelerden Alıcı Ünvanı filtresine TEST textini yaz

2021-10-14 17:23:43 - [TEST_STEP][PASSED] - Filtre butonlarından Listele seçilir: Filtre butonlarından Listele seçilir

2021-10-14 17:23:43 - [MESSAGE][PASSED] - Filtre butonlarından Listele seçilir

2021-10-14 17:23:43 - [TEST_STEP][PASSED] - Tabloda veri var mı kontrol edilir: Tabloda veri var mı kontrol edilir

2021-10-14 17:23:43 - [MESSAGE][PASSED] - Tabloda veri var mı kontrol edilir

2021-10-14 17:23:43 - [TEST_STEP][PASSED] - Tablodan TEST isimli veri seçilir: Tablodan TEST isimli veri seçilir

2021-10-14 17:23:43 - [MESSAGE][PASSED] - Tablodan TEST isimli veri seçilir

2021-10-14 17:23:43 - [TEST_STEP][PASSED] - Butonlardan Toplu İndirme isimli butona tıklanır: Butonlardan Toplu İndirme isimli butona tıklanır

2021-10-14 17:23:43 - [MESSAGE][PASSED] - Butonlardan Toplu İndirme isimli butona tıklanır

2021-10-14 17:23:43 - [TEST_STEP][PASSED] - Alt butonlardan PDF Seçilenleri İndir butonuna tıklanır: Alt butonlardan PDF Seçilenleri İndir butonuna tıklanır

2021-10-14 17:23:43 - [MESSAGE][PASSED] - Alt butonlardan PDF Seçilenleri İndir butonuna tıklanır

2021-10-14 17:23:43 - [TEST_STEP][PASSED] - Popup mesajı Lütfen rapor bildiriminin gönderileceği e-posta adresini belirtiniz. içeriyor mu: Popup mesajı Lütfen rapor bildiriminin gönderileceği e-posta adresini belirtiniz. içeriyor mu

2021-10-14 17:23:43 - [MESSAGE][PASSED] - Popup mesajı Lütfen rapor bildiriminin gönderileceği e-posta adresini belirtiniz. içeriyor mu

2021-10-14 17:23:43 - [TEST_STEP][PASSED] - Yönetim popupında Gönder seçilir: Yönetim popupında Gönder seçilir

2021-10-14 17:23:43 - [MESSAGE][PASSED] - Yönetim popupında Gönder seçilir

2021-10-14 17:23:43 - [TEST_STEP][PASSED] - Popup mesajı Toplu Veri İndirme içeriyor mu: Popup mesajı Toplu Veri İndirme içeriyor mu

2021-10-14 17:23:43 - [MESSAGE][PASSED] - Popup mesajı Toplu Veri İndirme içeriyor mu

2021-10-14 17:23:43 - [TEST_STEP][PASSED] - Yönetim popupında Tamam seçilir: Yönetim popupında Tamam seçilir

2021-10-14 17:23:43 - [MESSAGE][PASSED] - Yönetim popupında Tamam seçilir

2021-10-14 17:23:43 - [TEST_STEP][PASSED] - Butonlardan Toplu İndirme isimli butona tıklanır: Butonlardan Toplu İndirme isimli butona tıklanır

2021-10-14 17:23:43 - [MESSAGE][PASSED] - Butonlardan Toplu İndirme isimli butona tıklanır

2021-10-14 17:23:43 - [TEST_STEP][PASSED] - Alt butonlardan PDF Tümünü İndir butonuna tıklanır: Alt butonlardan PDF Tümünü İndir butonuna tıklanır

2021-10-14 17:23:43 - [MESSAGE][PASSED] - Alt butonlardan PDF Tümünü İndir butonuna tıklanır

2021-10-14 17:23:43 - [TEST_STEP][PASSED] - Popup mesajı Lütfen rapor bildiriminin gönderileceği e-posta adresini belirtiniz. içeriyor mu: Popup mesajı Lütfen rapor bildiriminin gönderileceği e-posta adresini belirtiniz. içeriyor mu

2021-10-14 17:23:43 - [MESSAGE][PASSED] - Popup mesajı Lütfen rapor bildiriminin gönderileceği e-posta adresini belirtiniz. içeriyor mu

2021-10-14 17:23:43 - [TEST_STEP][PASSED] - Yönetim popupında Gönder seçilir: Yönetim popupında Gönder seçilir

2021-10-14 17:23:43 - [MESSAGE][PASSED] - Yönetim popupında Gönder seçilir

2021-10-14 17:23:43 - [TEST_STEP][FAILED] - Popup mesajı Toplu Veri İndirme içeriyor mu: Popup mesajı Toplu Veri İndirme içeriyor mu FAILED.
Reason:
com.kms.katalon.core.exception.StepFailedException: Call Test Case 'Test Cases/Popup/PopupMesajiIceriyorMu' failed
	at com.kms.katalon.core.keyword.builtin.CallTestCaseKeyword$_callTestCase_closure1.doCall(CallTestCaseKeyword.groovy:63)
	at com.kms.katalon.core.keyword.builtin.CallTestCaseKeyword$_callTestCase_closure1.call(CallTestCaseKeyword.groovy)
	at com.kms.katalon.core.keyword.internal.KeywordMain.runKeyword(KeywordMain.groovy:68)
	at com.kms.katalon.core.keyword.builtin.CallTestCaseKeyword.callTestCase(CallTestCaseKeyword.groovy:81)
	at com.kms.katalon.core.keyword.builtin.CallTestCaseKeyword.execute(CallTestCaseKeyword.groovy:44)
	at com.kms.katalon.core.keyword.internal.KeywordExecutor.executeKeywordForPlatform(KeywordExecutor.groovy:73)
	at com.kms.katalon.core.keyword.BuiltinKeywords.callTestCase(BuiltinKeywords.groovy:334)
	at popup.popup.popupIceriyorMu(popup.groovy:66)
	at ✽.Popup mesajı Toplu Veri İndirme içeriyor mu(C:/Users/DELL/Downloads/EES_Katalon-main/Include/features/e-Fatura/Giden Kutusu/Faturalar/Toplu Indirme.feature:24)
Caused by: Assertion failed: 

assert false


	at PopupMesajiIceriyorMu.run(PopupMesajiIceriyorMu:21)
	at com.kms.katalon.core.main.ScriptEngine.run(ScriptEngine.java:194)
	at com.kms.katalon.core.main.ScriptEngine.runScriptAsRawText(ScriptEngine.java:119)
	at com.kms.katalon.core.main.TestCaseExecutor.runScript(TestCaseExecutor.java:369)
	at com.kms.katalon.core.main.TestCaseExecutor.doExecute(TestCaseExecutor.java:360)
	at com.kms.katalon.core.main.TestCaseExecutor.processExecutionPhase(TestCaseExecutor.java:339)
	at com.kms.katalon.core.main.TestCaseExecutor.accessMainPhase(TestCaseExecutor.java:331)
	at com.kms.katalon.core.main.TestCaseExecutor.execute(TestCaseExecutor.java:248)
	at com.kms.katalon.core.main.TestCaseMain.runTestCase(TestCaseMain.java:138)
	at com.kms.katalon.core.keyword.builtin.CallTestCaseKeyword$_callTestCase_closure1.doCall(CallTestCaseKeyword.groovy:59)
	at com.kms.katalon.core.keyword.builtin.CallTestCaseKeyword$_callTestCase_closure1.call(CallTestCaseKeyword.groovy)
	at com.kms.katalon.core.keyword.internal.KeywordMain.runKeyword(KeywordMain.groovy:68)
	at com.kms.katalon.core.keyword.builtin.CallTestCaseKeyword.callTestCase(CallTestCaseKeyword.groovy:81)
	at com.kms.katalon.core.keyword.builtin.CallTestCaseKeyword.execute(CallTestCaseKeyword.groovy:44)
	at com.kms.katalon.core.keyword.internal.KeywordExecutor.executeKeywordForPlatform(KeywordExecutor.groovy:73)
	at com.kms.katalon.core.keyword.BuiltinKeywords.callTestCase(BuiltinKeywords.groovy:334)
	at popup.popup.popupIceriyorMu(popup.groovy:66)
	at cucumber.runtime.Utils$1.call(Utils.java:26)
	at cucumber.runtime.Timeout.timeout(Timeout.java:16)
	at cucumber.runtime.Utils.invoke(Utils.java:20)
	at cucumber.runtime.java.JavaStepDefinition.execute(JavaStepDefinition.java:49)
	at cucumber.runner.PickleStepDefinitionMatch.runStep(PickleStepDefinitionMatch.java:50)
	at cucumber.runner.TestStep.executeStep(TestStep.java:63)
	at cucumber.runner.TestStep.run(TestStep.java:49)
	at cucumber.runner.PickleStepTestStep.run(PickleStepTestStep.java:43)
	at cucumber.runner.TestCase.run(TestCase.java:44)
	at cucumber.runner.Runner.runPickle(Runner.java:40)
	at cucumber.runtime.Runtime$1.run(Runtime.java:84)
	at cucumber.runtime.Runtime$SameThreadExecutorService.execute(Runtime.java:220)
	at cucumber.runtime.Runtime.run(Runtime.java:81)
	at cucumber.api.cli.Main.run(Main.java:26)
	at cucumber.api.cli.Main$run.call(Unknown Source)
	at com.kms.katalon.core.cucumber.keyword.CucumberBuiltinKeywords$_runFeatureFile_closure1.doCall(CucumberBuiltinKeywords.groovy:106)
	at com.kms.katalon.core.cucumber.keyword.CucumberBuiltinKeywords$_runFeatureFile_closure1.doCall(CucumberBuiltinKeywords.groovy)
	at com.kms.katalon.core.keyword.internal.KeywordMain.runKeyword(KeywordMain.groovy:68)
	at com.kms.katalon.core.keyword.internal.KeywordMain$runKeyword.call(Unknown Source)
	at com.kms.katalon.core.cucumber.keyword.CucumberBuiltinKeywords.runFeatureFile(CucumberBuiltinKeywords.groovy:73)
	at com.kms.katalon.core.cucumber.keyword.CucumberBuiltinKeywords$runFeatureFile$0.callStatic(Unknown Source)
	at com.kms.katalon.core.cucumber.keyword.CucumberBuiltinKeywords.runFeatureFile(CucumberBuiltinKeywords.groovy:246)
	at com.kms.katalon.core.cucumber.keyword.CucumberBuiltinKeywords$runFeatureFile.call(Unknown Source)
	at Toplu Indirme.run(Toplu Indirme:17)
	at com.kms.katalon.core.main.ScriptEngine.run(ScriptEngine.java:194)
	at com.kms.katalon.core.main.ScriptEngine.runScriptAsRawText(ScriptEngine.java:119)
	at com.kms.katalon.core.main.TestCaseExecutor.runScript(TestCaseExecutor.java:369)
	at com.kms.katalon.core.main.TestCaseExecutor.doExecute(TestCaseExecutor.java:360)
	at com.kms.katalon.core.main.TestCaseExecutor.processExecutionPhase(TestCaseExecutor.java:339)
	at com.kms.katalon.core.main.TestCaseExecutor.accessMainPhase(TestCaseExecutor.java:331)
	at com.kms.katalon.core.main.TestCaseExecutor.execute(TestCaseExecutor.java:248)
	at com.kms.katalon.core.main.TestSuiteExecutor.accessTestCaseMainPhase(TestSuiteExecutor.java:191)
	at com.kms.katalon.core.main.TestSuiteExecutor.accessTestSuiteMainPhase(TestSuiteExecutor.java:140)
	at com.kms.katalon.core.main.TestSuiteExecutor.execute(TestSuiteExecutor.java:89)
	at com.kms.katalon.core.main.TestCaseMain.startTestSuite(TestCaseMain.java:181)
	at com.kms.katalon.core.main.TestCaseMain$startTestSuite$0.call(Unknown Source)
	at TempTestSuite1634220085487.run(TempTestSuite1634220085487.groovy:39)


2021-10-14 17:23:43 - [MESSAGE][FAILED] - Popup mesajı Toplu Veri İndirme içeriyor mu FAILED.
Reason:
com.kms.katalon.core.exception.StepFailedException: Call Test Case 'Test Cases/Popup/PopupMesajiIceriyorMu' failed
	at com.kms.katalon.core.keyword.builtin.CallTestCaseKeyword$_callTestCase_closure1.doCall(CallTestCaseKeyword.groovy:63)
	at com.kms.katalon.core.keyword.builtin.CallTestCaseKeyword$_callTestCase_closure1.call(CallTestCaseKeyword.groovy)
	at com.kms.katalon.core.keyword.internal.KeywordMain.runKeyword(KeywordMain.groovy:68)
	at com.kms.katalon.core.keyword.builtin.CallTestCaseKeyword.callTestCase(CallTestCaseKeyword.groovy:81)
	at com.kms.katalon.core.keyword.builtin.CallTestCaseKeyword.execute(CallTestCaseKeyword.groovy:44)
	at com.kms.katalon.core.keyword.internal.KeywordExecutor.executeKeywordForPlatform(KeywordExecutor.groovy:73)
	at com.kms.katalon.core.keyword.BuiltinKeywords.callTestCase(BuiltinKeywords.groovy:334)
	at popup.popup.popupIceriyorMu(popup.groovy:66)
	at ✽.Popup mesajı Toplu Veri İndirme içeriyor mu(C:/Users/DELL/Downloads/EES_Katalon-main/Include/features/e-Fatura/Giden Kutusu/Faturalar/Toplu Indirme.feature:24)
Caused by: Assertion failed: 

assert false


	at PopupMesajiIceriyorMu.run(PopupMesajiIceriyorMu:21)
	at com.kms.katalon.core.main.ScriptEngine.run(ScriptEngine.java:194)
	at com.kms.katalon.core.main.ScriptEngine.runScriptAsRawText(ScriptEngine.java:119)
	at com.kms.katalon.core.main.TestCaseExecutor.runScript(TestCaseExecutor.java:369)
	at com.kms.katalon.core.main.TestCaseExecutor.doExecute(TestCaseExecutor.java:360)
	at com.kms.katalon.core.main.TestCaseExecutor.processExecutionPhase(TestCaseExecutor.java:339)
	at com.kms.katalon.core.main.TestCaseExecutor.accessMainPhase(TestCaseExecutor.java:331)
	at com.kms.katalon.core.main.TestCaseExecutor.execute(TestCaseExecutor.java:248)
	at com.kms.katalon.core.main.TestCaseMain.runTestCase(TestCaseMain.java:138)
	at com.kms.katalon.core.keyword.builtin.CallTestCaseKeyword$_callTestCase_closure1.doCall(CallTestCaseKeyword.groovy:59)
	at com.kms.katalon.core.keyword.builtin.CallTestCaseKeyword$_callTestCase_closure1.call(CallTestCaseKeyword.groovy)
	at com.kms.katalon.core.keyword.internal.KeywordMain.runKeyword(KeywordMain.groovy:68)
	at com.kms.katalon.core.keyword.builtin.CallTestCaseKeyword.callTestCase(CallTestCaseKeyword.groovy:81)
	at com.kms.katalon.core.keyword.builtin.CallTestCaseKeyword.execute(CallTestCaseKeyword.groovy:44)
	at com.kms.katalon.core.keyword.internal.KeywordExecutor.executeKeywordForPlatform(KeywordExecutor.groovy:73)
	at com.kms.katalon.core.keyword.BuiltinKeywords.callTestCase(BuiltinKeywords.groovy:334)
	at popup.popup.popupIceriyorMu(popup.groovy:66)
	at cucumber.runtime.Utils$1.call(Utils.java:26)
	at cucumber.runtime.Timeout.timeout(Timeout.java:16)
	at cucumber.runtime.Utils.invoke(Utils.java:20)
	at cucumber.runtime.java.JavaStepDefinition.execute(JavaStepDefinition.java:49)
	at cucumber.runner.PickleStepDefinitionMatch.runStep(PickleStepDefinitionMatch.java:50)
	at cucumber.runner.TestStep.executeStep(TestStep.java:63)
	at cucumber.runner.TestStep.run(TestStep.java:49)
	at cucumber.runner.PickleStepTestStep.run(PickleStepTestStep.java:43)
	at cucumber.runner.TestCase.run(TestCase.java:44)
	at cucumber.runner.Runner.runPickle(Runner.java:40)
	at cucumber.runtime.Runtime$1.run(Runtime.java:84)
	at cucumber.runtime.Runtime$SameThreadExecutorService.execute(Runtime.java:220)
	at cucumber.runtime.Runtime.run(Runtime.java:81)
	at cucumber.api.cli.Main.run(Main.java:26)
	at cucumber.api.cli.Main$run.call(Unknown Source)
	at com.kms.katalon.core.cucumber.keyword.CucumberBuiltinKeywords$_runFeatureFile_closure1.doCall(CucumberBuiltinKeywords.groovy:106)
	at com.kms.katalon.core.cucumber.keyword.CucumberBuiltinKeywords$_runFeatureFile_closure1.doCall(CucumberBuiltinKeywords.groovy)
	at com.kms.katalon.core.keyword.internal.KeywordMain.runKeyword(KeywordMain.groovy:68)
	at com.kms.katalon.core.keyword.internal.KeywordMain$runKeyword.call(Unknown Source)
	at com.kms.katalon.core.cucumber.keyword.CucumberBuiltinKeywords.runFeatureFile(CucumberBuiltinKeywords.groovy:73)
	at com.kms.katalon.core.cucumber.keyword.CucumberBuiltinKeywords$runFeatureFile$0.callStatic(Unknown Source)
	at com.kms.katalon.core.cucumber.keyword.CucumberBuiltinKeywords.runFeatureFile(CucumberBuiltinKeywords.groovy:246)
	at com.kms.katalon.core.cucumber.keyword.CucumberBuiltinKeywords$runFeatureFile.call(Unknown Source)
	at Toplu Indirme.run(Toplu Indirme:17)
	at com.kms.katalon.core.main.ScriptEngine.run(ScriptEngine.java:194)
	at com.kms.katalon.core.main.ScriptEngine.runScriptAsRawText(ScriptEngine.java:119)
	at com.kms.katalon.core.main.TestCaseExecutor.runScript(TestCaseExecutor.java:369)
	at com.kms.katalon.core.main.TestCaseExecutor.doExecute(TestCaseExecutor.java:360)
	at com.kms.katalon.core.main.TestCaseExecutor.processExecutionPhase(TestCaseExecutor.java:339)
	at com.kms.katalon.core.main.TestCaseExecutor.accessMainPhase(TestCaseExecutor.java:331)
	at com.kms.katalon.core.main.TestCaseExecutor.execute(TestCaseExecutor.java:248)
	at com.kms.katalon.core.main.TestSuiteExecutor.accessTestCaseMainPhase(TestSuiteExecutor.java:191)
	at com.kms.katalon.core.main.TestSuiteExecutor.accessTestSuiteMainPhase(TestSuiteExecutor.java:140)
	at com.kms.katalon.core.main.TestSuiteExecutor.execute(TestSuiteExecutor.java:89)
	at com.kms.katalon.core.main.TestCaseMain.startTestSuite(TestCaseMain.java:181)
	at com.kms.katalon.core.main.TestCaseMain$startTestSuite$0.call(Unknown Source)
	at TempTestSuite1634220085487.run(TempTestSuite1634220085487.groovy:39)


2021-10-14 17:23:43 - [TEST_STEP][NOT_RUN] - Yönetim popupında Tamam seçilir: Yönetim popupında Tamam seçilir

2021-10-14 17:23:43 - [MESSAGE][NOT_RUN] - Yönetim popupında Tamam seçilir

2021-10-14 17:23:43 - [TEST_STEP][NOT_RUN] - Butonlardan Toplu İndirme isimli butona tıklanır: Butonlardan Toplu İndirme isimli butona tıklanır

2021-10-14 17:23:43 - [MESSAGE][NOT_RUN] - Butonlardan Toplu İndirme isimli butona tıklanır

2021-10-14 17:23:43 - [TEST_STEP][NOT_RUN] - Alt butonlardan UBL Seçilenleri İndir butonuna tıklanır: Alt butonlardan UBL Seçilenleri İndir butonuna tıklanır

2021-10-14 17:23:43 - [MESSAGE][NOT_RUN] - Alt butonlardan UBL Seçilenleri İndir butonuna tıklanır

2021-10-14 17:23:43 - [TEST_STEP][NOT_RUN] - Popup mesajı Lütfen rapor bildiriminin gönderileceği e-posta adresini belirtiniz. içeriyor mu: Popup mesajı Lütfen rapor bildiriminin gönderileceği e-posta adresini belirtiniz. içeriyor mu

2021-10-14 17:23:43 - [MESSAGE][NOT_RUN] - Popup mesajı Lütfen rapor bildiriminin gönderileceği e-posta adresini belirtiniz. içeriyor mu

2021-10-14 17:23:43 - [TEST_STEP][NOT_RUN] - Yönetim popupında Gönder seçilir: Yönetim popupında Gönder seçilir

2021-10-14 17:23:43 - [MESSAGE][NOT_RUN] - Yönetim popupında Gönder seçilir

2021-10-14 17:23:43 - [TEST_STEP][NOT_RUN] - Popup mesajı Toplu Veri İndirme içeriyor mu: Popup mesajı Toplu Veri İndirme içeriyor mu

2021-10-14 17:23:43 - [MESSAGE][NOT_RUN] - Popup mesajı Toplu Veri İndirme içeriyor mu

2021-10-14 17:23:43 - [TEST_STEP][NOT_RUN] - Yönetim popupında Tamam seçilir: Yönetim popupında Tamam seçilir

2021-10-14 17:23:43 - [MESSAGE][NOT_RUN] - Yönetim popupında Tamam seçilir

2021-10-14 17:23:43 - [TEST_STEP][NOT_RUN] - Butonlardan Toplu İndirme isimli butona tıklanır: Butonlardan Toplu İndirme isimli butona tıklanır

2021-10-14 17:23:43 - [MESSAGE][NOT_RUN] - Butonlardan Toplu İndirme isimli butona tıklanır

2021-10-14 17:23:43 - [TEST_STEP][NOT_RUN] - Alt butonlardan UBL Tümünü İndir butonuna tıklanır: Alt butonlardan UBL Tümünü İndir butonuna tıklanır

2021-10-14 17:23:43 - [MESSAGE][NOT_RUN] - Alt butonlardan UBL Tümünü İndir butonuna tıklanır

2021-10-14 17:23:43 - [TEST_STEP][NOT_RUN] - Popup mesajı Lütfen rapor bildiriminin gönderileceği e-posta adresini belirtiniz. içeriyor mu: Popup mesajı Lütfen rapor bildiriminin gönderileceği e-posta adresini belirtiniz. içeriyor mu

2021-10-14 17:23:43 - [MESSAGE][NOT_RUN] - Popup mesajı Lütfen rapor bildiriminin gönderileceği e-posta adresini belirtiniz. içeriyor mu

2021-10-14 17:23:43 - [TEST_STEP][NOT_RUN] - Yönetim popupında Gönder seçilir: Yönetim popupında Gönder seçilir

2021-10-14 17:23:43 - [MESSAGE][NOT_RUN] - Yönetim popupında Gönder seçilir

2021-10-14 17:23:43 - [TEST_STEP][NOT_RUN] - Popup mesajı Toplu Veri İndirme içeriyor mu: Popup mesajı Toplu Veri İndirme içeriyor mu

2021-10-14 17:23:43 - [MESSAGE][NOT_RUN] - Popup mesajı Toplu Veri İndirme içeriyor mu

2021-10-14 17:23:43 - [TEST_STEP][NOT_RUN] - Yönetim popupında Tamam seçilir: Yönetim popupında Tamam seçilir

2021-10-14 17:23:43 - [MESSAGE][NOT_RUN] - Yönetim popupında Tamam seçilir

2021-10-14 17:23:43 - [TEST_STEP][NOT_RUN] - Ana menüden Raporlar seçilir: Ana menüden Raporlar seçilir

2021-10-14 17:23:43 - [MESSAGE][NOT_RUN] - Ana menüden Raporlar seçilir

2021-10-14 17:23:43 - [TEST_STEP][NOT_RUN] - Alt menüden Toplu Veri İndirme seçilir: Alt menüden Toplu Veri İndirme seçilir

2021-10-14 17:23:43 - [MESSAGE][NOT_RUN] - Alt menüden Toplu Veri İndirme seçilir

2021-10-14 17:23:43 - [TEST_STEP][NOT_RUN] - Filtrelerden Talep No filtresine Rapor No bilgisi yaz: Filtrelerden Talep No filtresine Rapor No bilgisi yaz

2021-10-14 17:23:43 - [MESSAGE][NOT_RUN] - Filtrelerden Talep No filtresine Rapor No bilgisi yaz

2021-10-14 17:23:43 - [TEST_STEP][NOT_RUN] - Filtre butonlarından Listele seçilir: Filtre butonlarından Listele seçilir

2021-10-14 17:23:43 - [MESSAGE][NOT_RUN] - Filtre butonlarından Listele seçilir

2021-10-14 17:23:43 - [TEST_STEP][NOT_RUN] - Tabloda veri var mı kontrol edilir: Tabloda veri var mı kontrol edilir

2021-10-14 17:23:43 - [MESSAGE][NOT_RUN] - Tabloda veri var mı kontrol edilir

2021-10-14 17:23:43 - [TEST_STEP][NOT_RUN] - Kullanıcı işlemlerinden Çıkış seçilir: Kullanıcı işlemlerinden Çıkış seçilir

2021-10-14 17:23:43 - [MESSAGE][NOT_RUN] - Kullanıcı işlemlerinden Çıkış seçilir

2021-10-14 17:23:43 - [MESSAGE][FAILED] - Feature file 'Include/features/e-Fatura/Giden Kutusu/Faturalar/Toplu Indirme.feature' was failed

2021-10-14 17:23:43 - [MESSAGE][FAILED] - Keyword runFeatureFile was failed (Root cause: com.kms.katalon.core.exception.StepFailedException: Feature file 'Include/features/e-Fatura/Giden Kutusu/Faturalar/Toplu Indirme.feature' was failed
	at com.kms.katalon.core.keyword.internal.KeywordMain.stepFailed(KeywordMain.groovy:50)
	at com.kms.katalon.core.keyword.internal.KeywordMain.stepFailed(KeywordMain.groovy)
	at com.kms.katalon.core.keyword.internal.KeywordMain.stepFailed(KeywordMain.groovy:23)
	at com.kms.katalon.core.keyword.internal.KeywordMain$stepFailed$0.call(Unknown Source)
	at com.kms.katalon.core.cucumber.keyword.CucumberBuiltinKeywords$_runFeatureFile_closure1.doCall(CucumberBuiltinKeywords.groovy:112)
	at com.kms.katalon.core.cucumber.keyword.CucumberBuiltinKeywords$_runFeatureFile_closure1.doCall(CucumberBuiltinKeywords.groovy)
	at com.kms.katalon.core.keyword.internal.KeywordMain.runKeyword(KeywordMain.groovy:68)
	at com.kms.katalon.core.keyword.internal.KeywordMain$runKeyword.call(Unknown Source)
	at com.kms.katalon.core.cucumber.keyword.CucumberBuiltinKeywords.runFeatureFile(CucumberBuiltinKeywords.groovy:73)
	at com.kms.katalon.core.cucumber.keyword.CucumberBuiltinKeywords$runFeatureFile$0.callStatic(Unknown Source)
	at com.kms.katalon.core.cucumber.keyword.CucumberBuiltinKeywords.runFeatureFile(CucumberBuiltinKeywords.groovy:246)
	at com.kms.katalon.core.cucumber.keyword.CucumberBuiltinKeywords$runFeatureFile.call(Unknown Source)
	at Toplu Indirme.run(Toplu Indirme:17)
	at com.kms.katalon.core.main.ScriptEngine.run(ScriptEngine.java:194)
	at com.kms.katalon.core.main.ScriptEngine.runScriptAsRawText(ScriptEngine.java:119)
	at com.kms.katalon.core.main.TestCaseExecutor.runScript(TestCaseExecutor.java:369)
	at com.kms.katalon.core.main.TestCaseExecutor.doExecute(TestCaseExecutor.java:360)
	at com.kms.katalon.core.main.TestCaseExecutor.processExecutionPhase(TestCaseExecutor.java:339)
	at com.kms.katalon.core.main.TestCaseExecutor.accessMainPhase(TestCaseExecutor.java:331)
	at com.kms.katalon.core.main.TestCaseExecutor.execute(TestCaseExecutor.java:248)
	at com.kms.katalon.core.main.TestSuiteExecutor.accessTestCaseMainPhase(TestSuiteExecutor.java:191)
	at com.kms.katalon.core.main.TestSuiteExecutor.accessTestSuiteMainPhase(TestSuiteExecutor.java:140)
	at com.kms.katalon.core.main.TestSuiteExecutor.execute(TestSuiteExecutor.java:89)
	at com.kms.katalon.core.main.TestCaseMain.startTestSuite(TestCaseMain.java:181)
	at com.kms.katalon.core.main.TestCaseMain$startTestSuite$0.call(Unknown Source)
	at TempTestSuite1634220085487.run(TempTestSuite1634220085487.groovy:39)
)

2021-10-14 17:23:43 - [TEST_STEP][PASSED] - Start listener action : sampleAfterTestSuite: Invoke 'com.kms.katalon.core.annotation.AfterTestCase' method: 'Listener.sampleAfterTestSuite(...)' completed.

2021-10-14 17:23:43 - [MESSAGE][INFO] - Starting invoke 'com.kms.katalon.core.annotation.AfterTestCase' method: 'Listener.sampleAfterTestSuite(...)'

2021-10-14 17:23:43 - [TEST_STEP][PASSED] - closeBrowser(): Invoke 'com.kms.katalon.core.annotation.AfterTestCase' method: 'Listener.sampleAfterTestSuite(...)' completed.

2021-10-14 17:23:43 - [MESSAGE][INFO] - Closing browser

2021-10-14 17:23:44 - [MESSAGE][PASSED] - Browser is closed

2021-10-14 17:23:44 - [MESSAGE][INFO] - Invoke 'com.kms.katalon.core.annotation.AfterTestCase' method: 'Listener.sampleAfterTestSuite(...)' completed.]]></system-out>
         <system-err><![CDATA[2021-10-14 17:22:59 - [TEST_CASE][FAILED] - Test Cases/Case Repository/e-Fatura/Giden Kutusu/Faturalar/Toplu Indirme: Test Cases/Case Repository/e-Fatura/Giden Kutusu/Faturalar/Toplu Indirme FAILED.
Reason:
com.kms.katalon.core.exception.StepFailedException: Feature file 'Include/features/e-Fatura/Giden Kutusu/Faturalar/Toplu Indirme.feature' was failed
	at com.kms.katalon.core.keyword.internal.KeywordMain.stepFailed(KeywordMain.groovy:50)
	at com.kms.katalon.core.keyword.internal.KeywordMain.stepFailed(KeywordMain.groovy)
	at com.kms.katalon.core.keyword.internal.KeywordMain.stepFailed(KeywordMain.groovy:23)
	at com.kms.katalon.core.keyword.internal.KeywordMain$stepFailed$0.call(Unknown Source)
	at com.kms.katalon.core.cucumber.keyword.CucumberBuiltinKeywords$_runFeatureFile_closure1.doCall(CucumberBuiltinKeywords.groovy:112)
	at com.kms.katalon.core.cucumber.keyword.CucumberBuiltinKeywords$_runFeatureFile_closure1.doCall(CucumberBuiltinKeywords.groovy)
	at com.kms.katalon.core.keyword.internal.KeywordMain.runKeyword(KeywordMain.groovy:68)
	at com.kms.katalon.core.keyword.internal.KeywordMain$runKeyword.call(Unknown Source)
	at com.kms.katalon.core.cucumber.keyword.CucumberBuiltinKeywords.runFeatureFile(CucumberBuiltinKeywords.groovy:73)
	at com.kms.katalon.core.cucumber.keyword.CucumberBuiltinKeywords$runFeatureFile$0.callStatic(Unknown Source)
	at com.kms.katalon.core.cucumber.keyword.CucumberBuiltinKeywords.runFeatureFile(CucumberBuiltinKeywords.groovy:246)
	at com.kms.katalon.core.cucumber.keyword.CucumberBuiltinKeywords$runFeatureFile.call(Unknown Source)
	at Toplu Indirme.run(Toplu Indirme:17)
	at com.kms.katalon.core.main.ScriptEngine.run(ScriptEngine.java:194)
	at com.kms.katalon.core.main.ScriptEngine.runScriptAsRawText(ScriptEngine.java:119)
	at com.kms.katalon.core.main.TestCaseExecutor.runScript(TestCaseExecutor.java:369)
	at com.kms.katalon.core.main.TestCaseExecutor.doExecute(TestCaseExecutor.java:360)
	at com.kms.katalon.core.main.TestCaseExecutor.processExecutionPhase(TestCaseExecutor.java:339)
	at com.kms.katalon.core.main.TestCaseExecutor.accessMainPhase(TestCaseExecutor.java:331)
	at com.kms.katalon.core.main.TestCaseExecutor.execute(TestCaseExecutor.java:248)
	at com.kms.katalon.core.main.TestSuiteExecutor.accessTestCaseMainPhase(TestSuiteExecutor.java:191)
	at com.kms.katalon.core.main.TestSuiteExecutor.accessTestSuiteMainPhase(TestSuiteExecutor.java:140)
	at com.kms.katalon.core.main.TestSuiteExecutor.execute(TestSuiteExecutor.java:89)
	at com.kms.katalon.core.main.TestCaseMain.startTestSuite(TestCaseMain.java:181)
	at com.kms.katalon.core.main.TestCaseMain$startTestSuite$0.call(Unknown Source)
	at TempTestSuite1634220085487.run(TempTestSuite1634220085487.groovy:39)]]></system-err>
      </testcase>
      <testcase name="Test Cases/Case Repository/e-Fatura/Giden Kutusu/Uygulama Yanitlari/Excele Aktar" time="56.323" classname="Test Cases/Case Repository/e-Fatura/Giden Kutusu/Uygulama Yanitlari/Excele Aktar" status="PASSED">
         <system-out><![CDATA[2021-10-14 17:23:44 - [TEST_CASE][PASSED] - Test Cases/Case Repository/e-Fatura/Giden Kutusu/Uygulama Yanitlari/Excele Aktar: Test Cases/Case Repository/e-Fatura/Giden Kutusu/Uygulama Yanitlari/Excele Aktar

2021-10-14 17:23:44 - [TEST_STEP][PASSED] - Start listener action : sampleBeforeTestSuite: Invoke 'com.kms.katalon.core.annotation.BeforeTestCase' method: 'Listener.sampleBeforeTestSuite(...)' completed.

2021-10-14 17:23:44 - [MESSAGE][INFO] - Starting invoke 'com.kms.katalon.core.annotation.BeforeTestCase' method: 'Listener.sampleBeforeTestSuite(...)'

2021-10-14 17:23:44 - [TEST_STEP][PASSED] - openBrowser(baseUrl): Browser is opened with url: 'https://efatura-stage.elogo.com.tr/'

2021-10-14 17:23:44 - [MESSAGE][INFO] - Opening browser

2021-10-14 17:23:44 - [MESSAGE][INFO] - Starting 'Chrome' driver

2021-10-14 17:23:44 - [MESSAGE][INFO] - User set preference: ['prefs', '{download.default_directory=C:\otomasyondownfiles}']

2021-10-14 17:23:44 - [MESSAGE][INFO] - Action delay is set to 0 milliseconds

2021-10-14 17:23:46 - [MESSAGE][INFO] - Navigating browser to: 'https://efatura-stage.elogo.com.tr/'

2021-10-14 17:23:48 - [MESSAGE][PASSED] - Browser is opened with url: 'https://efatura-stage.elogo.com.tr/'

2021-10-14 17:23:48 - [TEST_STEP][PASSED] - maximizeWindow(): Invoke 'com.kms.katalon.core.annotation.BeforeTestCase' method: 'Listener.sampleBeforeTestSuite(...)' completed.

2021-10-14 17:23:48 - [MESSAGE][INFO] - Maximizing current window

2021-10-14 17:23:48 - [MESSAGE][PASSED] - Current window maximized

2021-10-14 17:23:48 - [MESSAGE][INFO] - Invoke 'com.kms.katalon.core.annotation.BeforeTestCase' method: 'Listener.sampleBeforeTestSuite(...)' completed.

2021-10-14 17:23:49 - [TEST_STEP][PASSED] - runFeatureFile("Include/features/e-Fatura/Giden Kutusu/Uygulama Yanıtlari/Excele Aktar.feature"): Feature file: 'Include/features/e-Fatura/Giden Kutusu/Uygulama Yanıtlari/Excele Aktar.feature' was passed

2021-10-14 17:23:49 - [MESSAGE][INFO] - Starting run keyword runFeatureFile: 'Include/features/e-Fatura/Giden Kutusu/Uygulama Yanıtlari/Excele Aktar.feature' and extract report to folder: 'C:\Users\DELL\Downloads\EES_Katalon-main\Reports\20211014_170112\Suite Repository\ExceleAktarVeTopluIndirme\20211014_170125/cucumber_report/1634221429347'...

2021-10-14 17:23:49 - [MESSAGE][INFO] - Glue: []

2021-10-14 17:23:50 - [MESSAGE][INFO] - Checking called Test Case

2021-10-14 17:23:50 - [MESSAGE][INFO] - Starting to call Test Case 'Test Cases/Sayfalar/Giris_Sayfasi/Login'

2021-10-14 17:23:50 - [TEST_CASE][PASSED] - Test Cases/Sayfalar/Giris_Sayfasi/Login: Test Cases/Sayfalar/Giris_Sayfasi/Login

2021-10-14 17:23:50 - [TEST_STEP][PASSED] - Sayfa_Basligi = getWindowTitle(): Current window's title is: 'LOGO e-Fatura'

2021-10-14 17:23:50 - [MESSAGE][INFO] - Getting current window's title

2021-10-14 17:23:50 - [MESSAGE][PASSED] - Current window's title is: 'LOGO e-Fatura'

2021-10-14 17:23:50 - [TEST_STEP][PASSED] - verifyMatch(Sayfa_Basligi, "LOGO e-Fatura", false): Actual text 'LOGO e-Fatura' and expected text 'LOGO e-Fatura' are matched 

2021-10-14 17:23:50 - [MESSAGE][INFO] - Matching actual text 'LOGO e-Fatura' with expected text 'LOGO e-Fatura'

2021-10-14 17:23:50 - [MESSAGE][PASSED] - Actual text 'LOGO e-Fatura' and expected text 'LOGO e-Fatura' are matched 

2021-10-14 17:23:50 - [TEST_STEP][PASSED] - sendKeys(findTestObject("Sayfalar/Giris_Sayfasi/Firma_Kodu"), KullaniciAdi): Keys 'ELOGO6' sent to object: 'Object Repository/Sayfalar/Giris_Sayfasi/Firma_Kodu'

2021-10-14 17:23:50 - [MESSAGE][INFO] - Finding Test Object 'Object Repository/Sayfalar/Giris_Sayfasi/Firma_Kodu'

2021-10-14 17:23:50 - [MESSAGE][INFO] - Sending keys 'ELOGO6' to object: 'Object Repository/Sayfalar/Giris_Sayfasi/Firma_Kodu'

2021-10-14 17:23:50 - [MESSAGE][INFO] - Finding web element from Test Object's properties

2021-10-14 17:23:50 - [MESSAGE][INFO] - Checking timeout

2021-10-14 17:23:50 - [MESSAGE][INFO] - Finding web element with id: 'Object Repository/Sayfalar/Giris_Sayfasi/Firma_Kodu' located by 'By.xpath: //*[@id = 'AccountName']' in '30' second(s)

2021-10-14 17:23:50 - [MESSAGE][INFO] - Smart Wait Function is triggered

2021-10-14 17:23:50 - [MESSAGE][INFO] - Found 1 web elements with id: 'Object Repository/Sayfalar/Giris_Sayfasi/Firma_Kodu' located by 'By.xpath: //*[@id = 'AccountName']' in '30' second(s)

2021-10-14 17:23:50 - [MESSAGE][PASSED] - Keys 'ELOGO6' sent to object: 'Object Repository/Sayfalar/Giris_Sayfasi/Firma_Kodu'

2021-10-14 17:23:50 - [TEST_STEP][PASSED] - sendKeys(findTestObject("Sayfalar/Giris_Sayfasi/Sifre"), Sifre): Keys '123456' sent to object: 'Object Repository/Sayfalar/Giris_Sayfasi/Sifre'

2021-10-14 17:23:50 - [MESSAGE][INFO] - Finding Test Object 'Object Repository/Sayfalar/Giris_Sayfasi/Sifre'

2021-10-14 17:23:50 - [MESSAGE][INFO] - Sending keys '123456' to object: 'Object Repository/Sayfalar/Giris_Sayfasi/Sifre'

2021-10-14 17:23:50 - [MESSAGE][INFO] - Finding web element from Test Object's properties

2021-10-14 17:23:50 - [MESSAGE][INFO] - Checking timeout

2021-10-14 17:23:50 - [MESSAGE][INFO] - Finding web element with id: 'Object Repository/Sayfalar/Giris_Sayfasi/Sifre' located by 'By.xpath: //*[@id = 'Password']' in '30' second(s)

2021-10-14 17:23:50 - [MESSAGE][INFO] - Smart Wait Function is triggered

2021-10-14 17:23:51 - [MESSAGE][INFO] - Found 1 web elements with id: 'Object Repository/Sayfalar/Giris_Sayfasi/Sifre' located by 'By.xpath: //*[@id = 'Password']' in '30' second(s)

2021-10-14 17:23:51 - [MESSAGE][PASSED] - Keys '123456' sent to object: 'Object Repository/Sayfalar/Giris_Sayfasi/Sifre'

2021-10-14 17:23:51 - [TEST_STEP][PASSED] - findWebElement(findTestObject("Sayfalar/Giris_Sayfasi/Giris_Butonu")).click(): Found 1 web elements with id: 'Object Repository/Sayfalar/Giris_Sayfasi/Giris_Butonu' located by 'By.cssSelector: #btnLogin' in '30' second(s)

2021-10-14 17:23:51 - [MESSAGE][INFO] - Finding Test Object 'Object Repository/Sayfalar/Giris_Sayfasi/Giris_Butonu'

2021-10-14 17:23:51 - [MESSAGE][INFO] - Finding web element from Test Object's properties

2021-10-14 17:23:51 - [MESSAGE][INFO] - Checking timeout

2021-10-14 17:23:51 - [MESSAGE][INFO] - Finding web element with id: 'Object Repository/Sayfalar/Giris_Sayfasi/Giris_Butonu' located by 'By.cssSelector: #btnLogin' in '30' second(s)

2021-10-14 17:23:51 - [MESSAGE][INFO] - Smart Wait Function is triggered

2021-10-14 17:23:51 - [MESSAGE][INFO] - Found 1 web elements with id: 'Object Repository/Sayfalar/Giris_Sayfasi/Giris_Butonu' located by 'By.cssSelector: #btnLogin' in '30' second(s)

2021-10-14 17:23:54 - [TEST_STEP][PASSED] - if (verifyElementPresent(findTestObject("Object Repository/Sayfalar/Giris_Sayfasi/RetveTamam_Butonu"), 5, OPTIONAL)): null

2021-10-14 17:23:54 - [MESSAGE][INFO] - Finding Test Object 'Object Repository/Sayfalar/Giris_Sayfasi/RetveTamam_Butonu'

2021-10-14 17:23:54 - [MESSAGE][INFO] - Checking object

2021-10-14 17:23:54 - [MESSAGE][INFO] - Finding web element from Test Object's properties

2021-10-14 17:23:54 - [MESSAGE][INFO] - Checking timeout

2021-10-14 17:23:54 - [MESSAGE][INFO] - Finding web element with id: 'Object Repository/Sayfalar/Giris_Sayfasi/RetveTamam_Butonu' located by 'By.xpath: //*[@class = 'btn btn-default']' in '5' second(s)

2021-10-14 17:23:54 - [MESSAGE][INFO] - Smart Wait Function is triggered

2021-10-14 17:23:54 - [MESSAGE][INFO] - Found 1 web elements with id: 'Object Repository/Sayfalar/Giris_Sayfasi/RetveTamam_Butonu' located by 'By.xpath: //*[@class = 'btn btn-default']' in '5' second(s)

2021-10-14 17:23:54 - [MESSAGE][PASSED] - Object 'Object Repository/Sayfalar/Giris_Sayfasi/RetveTamam_Butonu' is present

2021-10-14 17:23:54 - [TEST_STEP][PASSED] - click(findTestObject("Object Repository/Sayfalar/Giris_Sayfasi/RetveTamam_Butonu")): Object: 'Object Repository/Sayfalar/Giris_Sayfasi/RetveTamam_Butonu' is clicked on

2021-10-14 17:23:54 - [MESSAGE][INFO] - Finding Test Object 'Object Repository/Sayfalar/Giris_Sayfasi/RetveTamam_Butonu'

2021-10-14 17:23:54 - [MESSAGE][INFO] - Checking object

2021-10-14 17:23:54 - [MESSAGE][INFO] - Finding web element from Test Object's properties

2021-10-14 17:23:54 - [MESSAGE][INFO] - Checking timeout

2021-10-14 17:23:54 - [MESSAGE][INFO] - Finding web element with id: 'Object Repository/Sayfalar/Giris_Sayfasi/RetveTamam_Butonu' located by 'By.xpath: //*[@class = 'btn btn-default']' in '30' second(s)

2021-10-14 17:23:54 - [MESSAGE][INFO] - Smart Wait Function is triggered

2021-10-14 17:23:54 - [MESSAGE][INFO] - Found 1 web elements with id: 'Object Repository/Sayfalar/Giris_Sayfasi/RetveTamam_Butonu' located by 'By.xpath: //*[@class = 'btn btn-default']' in '30' second(s)

2021-10-14 17:23:54 - [MESSAGE][INFO] - Clicking on object: 'Object Repository/Sayfalar/Giris_Sayfasi/RetveTamam_Butonu'

2021-10-14 17:23:54 - [MESSAGE][PASSED] - Object: 'Object Repository/Sayfalar/Giris_Sayfasi/RetveTamam_Butonu' is clicked on

2021-10-14 17:23:54 - [TEST_STEP][PASSED] - click(findTestObject("Object Repository/Sayfalar/Giris_Sayfasi/RetveTamam_Butonu")): Object: 'Object Repository/Sayfalar/Giris_Sayfasi/RetveTamam_Butonu' is clicked on

2021-10-14 17:23:54 - [MESSAGE][INFO] - Finding Test Object 'Object Repository/Sayfalar/Giris_Sayfasi/RetveTamam_Butonu'

2021-10-14 17:23:55 - [MESSAGE][INFO] - Checking object

2021-10-14 17:23:55 - [MESSAGE][INFO] - Finding web element from Test Object's properties

2021-10-14 17:23:55 - [MESSAGE][INFO] - Checking timeout

2021-10-14 17:23:55 - [MESSAGE][INFO] - Finding web element with id: 'Object Repository/Sayfalar/Giris_Sayfasi/RetveTamam_Butonu' located by 'By.xpath: //*[@class = 'btn btn-default']' in '30' second(s)

2021-10-14 17:23:55 - [MESSAGE][INFO] - Smart Wait Function is triggered

2021-10-14 17:23:58 - [MESSAGE][INFO] - Found 1 web elements with id: 'Object Repository/Sayfalar/Giris_Sayfasi/RetveTamam_Butonu' located by 'By.xpath: //*[@class = 'btn btn-default']' in '30' second(s)

2021-10-14 17:23:58 - [MESSAGE][INFO] - Clicking on object: 'Object Repository/Sayfalar/Giris_Sayfasi/RetveTamam_Butonu'

2021-10-14 17:23:58 - [MESSAGE][PASSED] - Object: 'Object Repository/Sayfalar/Giris_Sayfasi/RetveTamam_Butonu' is clicked on

2021-10-14 17:23:58 - [TEST_STEP][PASSED] - if (verifyElementPresent(findTestObject("Sayfalar/Giris_Sayfasi/PopupOK"), 5, OPTIONAL)): null

2021-10-14 17:23:58 - [MESSAGE][INFO] - Finding Test Object 'Object Repository/Sayfalar/Giris_Sayfasi/PopupOK'

2021-10-14 17:23:58 - [MESSAGE][INFO] - Checking object

2021-10-14 17:23:58 - [MESSAGE][INFO] - Finding web element from Test Object's properties

2021-10-14 17:23:58 - [MESSAGE][INFO] - Checking timeout

2021-10-14 17:23:58 - [MESSAGE][INFO] - Finding web element with id: 'Object Repository/Sayfalar/Giris_Sayfasi/PopupOK' located by 'By.cssSelector: .btn.btn-success' in '5' second(s)

2021-10-14 17:23:58 - [MESSAGE][INFO] - Smart Wait Function is triggered

2021-10-14 17:23:58 - [MESSAGE][INFO] - Found 1 web elements with id: 'Object Repository/Sayfalar/Giris_Sayfasi/PopupOK' located by 'By.cssSelector: .btn.btn-success' in '5' second(s)

2021-10-14 17:23:58 - [MESSAGE][PASSED] - Object 'Object Repository/Sayfalar/Giris_Sayfasi/PopupOK' is present

2021-10-14 17:23:58 - [TEST_STEP][PASSED] - click(findTestObject("Object Repository/Sayfalar/Giris_Sayfasi/PopupCarpiGiris")): Object: 'Object Repository/Sayfalar/Giris_Sayfasi/PopupCarpiGiris' is clicked on

2021-10-14 17:23:58 - [MESSAGE][INFO] - Finding Test Object 'Object Repository/Sayfalar/Giris_Sayfasi/PopupCarpiGiris'

2021-10-14 17:23:59 - [MESSAGE][INFO] - Checking object

2021-10-14 17:23:59 - [MESSAGE][INFO] - Finding web element from Test Object's properties

2021-10-14 17:23:59 - [MESSAGE][INFO] - Checking timeout

2021-10-14 17:23:59 - [MESSAGE][INFO] - Finding web element with id: 'Object Repository/Sayfalar/Giris_Sayfasi/PopupCarpiGiris' located by 'By.cssSelector: .bootbox-close-button.close' in '30' second(s)

2021-10-14 17:23:59 - [MESSAGE][INFO] - Smart Wait Function is triggered

2021-10-14 17:23:59 - [MESSAGE][INFO] - Found 1 web elements with id: 'Object Repository/Sayfalar/Giris_Sayfasi/PopupCarpiGiris' located by 'By.cssSelector: .bootbox-close-button.close' in '30' second(s)

2021-10-14 17:23:59 - [MESSAGE][INFO] - Clicking on object: 'Object Repository/Sayfalar/Giris_Sayfasi/PopupCarpiGiris'

2021-10-14 17:23:59 - [MESSAGE][PASSED] - Object: 'Object Repository/Sayfalar/Giris_Sayfasi/PopupCarpiGiris' is clicked on

2021-10-14 17:23:59 - [TEST_STEP][PASSED] - verifyElementVisible(findTestObject("Object Repository/Kullanici_Islemleri/KullaniciIslemleri")): Object 'Object Repository/Kullanici_Islemleri/KullaniciIslemleri' is visible

2021-10-14 17:23:59 - [MESSAGE][INFO] - Finding Test Object 'Object Repository/Kullanici_Islemleri/KullaniciIslemleri'

2021-10-14 17:23:59 - [MESSAGE][INFO] - Checking object

2021-10-14 17:23:59 - [MESSAGE][INFO] - Finding web element from Test Object's properties

2021-10-14 17:23:59 - [MESSAGE][INFO] - Checking timeout

2021-10-14 17:23:59 - [MESSAGE][INFO] - Finding web element with id: 'Object Repository/Kullanici_Islemleri/KullaniciIslemleri' located by 'By.cssSelector: .dropdown>a>img' in '30' second(s)

2021-10-14 17:23:59 - [MESSAGE][INFO] - Smart Wait Function is triggered

2021-10-14 17:24:00 - [MESSAGE][INFO] - Found 1 web elements with id: 'Object Repository/Kullanici_Islemleri/KullaniciIslemleri' located by 'By.cssSelector: .dropdown>a>img' in '30' second(s)

2021-10-14 17:24:00 - [MESSAGE][PASSED] - Object 'Object Repository/Kullanici_Islemleri/KullaniciIslemleri' is visible

2021-10-14 17:24:00 - [MESSAGE][PASSED] - Call Test Case 'Test Cases/Sayfalar/Giris_Sayfasi/Login' successfully

2021-10-14 17:24:00 - [MESSAGE][INFO] - Checking called Test Case

2021-10-14 17:24:00 - [MESSAGE][INFO] - Starting to call Test Case 'Test Cases/Menu/AnaMenuSecimi'

2021-10-14 17:24:00 - [TEST_CASE][PASSED] - Test Cases/Menu/AnaMenuSecimi: Test Cases/Menu/AnaMenuSecimi

2021-10-14 17:24:00 - [TEST_STEP][PASSED] - Method.TextDegerineEsitElementeTikla(findTestObject("Menu/Ana_Menu"), Ana_Menu): Method.TextDegerineEsitElementeTikla is PASSED

2021-10-14 17:24:00 - [MESSAGE][INFO] - Finding Test Object 'Object Repository/Menu/Ana_Menu'

2021-10-14 17:24:00 - [MESSAGE][INFO] - Checking timeout

2021-10-14 17:24:00 - [MESSAGE][INFO] - Finding web element with id: 'Object Repository/Menu/Ana_Menu' located by 'By.xpath: //*[@class = 'dropdown-toggle']' in '10' second(s)

2021-10-14 17:24:00 - [MESSAGE][INFO] - Smart Wait Function is triggered

2021-10-14 17:24:00 - [MESSAGE][INFO] - Found 14 web elements with id: 'Object Repository/Menu/Ana_Menu' located by 'By.xpath: //*[@class = 'dropdown-toggle']' in '10' second(s)

2021-10-14 17:24:00 - [MESSAGE][PASSED] - Method.TextDegerineEsitElementeTikla is PASSED

2021-10-14 17:24:00 - [MESSAGE][PASSED] - Call Test Case 'Test Cases/Menu/AnaMenuSecimi' successfully

2021-10-14 17:24:00 - [MESSAGE][INFO] - Checking called Test Case

2021-10-14 17:24:00 - [MESSAGE][INFO] - Starting to call Test Case 'Test Cases/Menu/BasligaGoreAltMenuSecimi'

2021-10-14 17:24:00 - [TEST_CASE][PASSED] - Test Cases/Menu/BasligaGoreAltMenuSecimi: Test Cases/Menu/BasligaGoreAltMenuSecimi

2021-10-14 17:24:00 - [TEST_STEP][PASSED] - Method.TextDegerineEsitElementinAltindakiTextDegerineEsitOlanaTikla(findTestObject("Menu/Menu_Basligi"), findTestObject("Menu/Basliga_Gore_Alt_Menu"), Baslik, Alt_Menu): Method.TextDegerineEsitElementinAltindakiTextDegerineEsitOlanaTikla is PASSED

2021-10-14 17:24:00 - [MESSAGE][INFO] - Finding Test Object 'Object Repository/Menu/Menu_Basligi'

2021-10-14 17:24:00 - [MESSAGE][INFO] - Finding Test Object 'Object Repository/Menu/Basliga_Gore_Alt_Menu'

2021-10-14 17:24:00 - [MESSAGE][INFO] - Checking timeout

2021-10-14 17:24:00 - [MESSAGE][INFO] - Finding web element with id: 'Object Repository/Menu/Menu_Basligi' located by 'By.xpath: //li[@class='dropdown dropdown-large open']//li[@class='dropdown-header']' in '10' second(s)

2021-10-14 17:24:00 - [MESSAGE][INFO] - Smart Wait Function is triggered

2021-10-14 17:24:01 - [MESSAGE][INFO] - Found 3 web elements with id: 'Object Repository/Menu/Menu_Basligi' located by 'By.xpath: //li[@class='dropdown dropdown-large open']//li[@class='dropdown-header']' in '10' second(s)

2021-10-14 17:24:01 - [MESSAGE][INFO] - Smart Wait Function is triggered

2021-10-14 17:24:04 - [MESSAGE][PASSED] - Method.TextDegerineEsitElementinAltindakiTextDegerineEsitOlanaTikla is PASSED

2021-10-14 17:24:04 - [MESSAGE][PASSED] - Call Test Case 'Test Cases/Menu/BasligaGoreAltMenuSecimi' successfully

2021-10-14 17:24:04 - [MESSAGE][INFO] - Checking called Test Case

2021-10-14 17:24:04 - [MESSAGE][INFO] - Starting to call Test Case 'Test Cases/Filtreler/BaslangicYaz'

2021-10-14 17:24:04 - [TEST_CASE][PASSED] - Test Cases/Filtreler/BaslangicYaz: Test Cases/Filtreler/BaslangicYaz

2021-10-14 17:24:04 - [TEST_STEP][PASSED] - Method.TextDegerineEsitElementinAltindakineTikla(findTestObject("Filtreler/Basliklar"), findTestObject("Filtreler/Basliga_Gore_Baslangic_Image"), Filtre_Adi): Method.TextDegerineEsitElementinAltindakineTikla is PASSED

2021-10-14 17:24:04 - [MESSAGE][INFO] - Finding Test Object 'Object Repository/Filtreler/Basliklar'

2021-10-14 17:24:04 - [MESSAGE][INFO] - Finding Test Object 'Object Repository/Filtreler/Basliga_Gore_Baslangic_Image'

2021-10-14 17:24:04 - [MESSAGE][INFO] - Checking timeout

2021-10-14 17:24:04 - [MESSAGE][INFO] - Finding web element with id: 'Object Repository/Filtreler/Basliklar' located by 'By.cssSelector: .control-label.col-sm-4.paddingMarginRLC' in '10' second(s)

2021-10-14 17:24:04 - [MESSAGE][INFO] - Smart Wait Function is triggered

2021-10-14 17:24:04 - [MESSAGE][INFO] - Found 13 web elements with id: 'Object Repository/Filtreler/Basliklar' located by 'By.cssSelector: .control-label.col-sm-4.paddingMarginRLC' in '10' second(s)

2021-10-14 17:24:04 - [MESSAGE][INFO] - Smart Wait Function is triggered

2021-10-14 17:24:05 - [MESSAGE][PASSED] - Method.TextDegerineEsitElementinAltindakineTikla is PASSED

2021-10-14 17:24:05 - [TEST_STEP][PASSED] - Method.TextDegerineEsitElementinAltindakiTextboxtaYaz(findTestObject("Filtreler/Basliklar"), findTestObject("Filtreler/Basliga_Gore_Baslangic"), Filtre_Adi, Filtre_Degeri): Method.TextDegerineEsitElementinAltindakiTextboxtaYaz is PASSED

2021-10-14 17:24:05 - [MESSAGE][INFO] - Finding Test Object 'Object Repository/Filtreler/Basliklar'

2021-10-14 17:24:05 - [MESSAGE][INFO] - Finding Test Object 'Object Repository/Filtreler/Basliga_Gore_Baslangic'

2021-10-14 17:24:05 - [MESSAGE][INFO] - Checking timeout

2021-10-14 17:24:05 - [MESSAGE][INFO] - Finding web element with id: 'Object Repository/Filtreler/Basliklar' located by 'By.cssSelector: .control-label.col-sm-4.paddingMarginRLC' in '10' second(s)

2021-10-14 17:24:05 - [MESSAGE][INFO] - Smart Wait Function is triggered

2021-10-14 17:24:05 - [MESSAGE][INFO] - Found 13 web elements with id: 'Object Repository/Filtreler/Basliklar' located by 'By.cssSelector: .control-label.col-sm-4.paddingMarginRLC' in '10' second(s)

2021-10-14 17:24:06 - [MESSAGE][INFO] - Smart Wait Function is triggered

2021-10-14 17:24:06 - [MESSAGE][PASSED] - Method.TextDegerineEsitElementinAltindakiTextboxtaYaz is PASSED

2021-10-14 17:24:06 - [MESSAGE][PASSED] - Call Test Case 'Test Cases/Filtreler/BaslangicYaz' successfully

2021-10-14 17:24:06 - [MESSAGE][INFO] - Checking called Test Case

2021-10-14 17:24:06 - [MESSAGE][INFO] - Starting to call Test Case 'Test Cases/Filtreler/BitisYaz'

2021-10-14 17:24:06 - [TEST_CASE][PASSED] - Test Cases/Filtreler/BitisYaz: Test Cases/Filtreler/BitisYaz

2021-10-14 17:24:06 - [TEST_STEP][PASSED] - Method.TextDegerineEsitElementinAltindakineTikla(findTestObject("Filtreler/Basliklar"), findTestObject("Filtreler/Basliga_Gore_Bitis_Image"), Filtre_Adi): Method.TextDegerineEsitElementinAltindakineTikla is PASSED

2021-10-14 17:24:06 - [MESSAGE][INFO] - Finding Test Object 'Object Repository/Filtreler/Basliklar'

2021-10-14 17:24:06 - [MESSAGE][INFO] - Finding Test Object 'Object Repository/Filtreler/Basliga_Gore_Bitis_Image'

2021-10-14 17:24:06 - [MESSAGE][INFO] - Checking timeout

2021-10-14 17:24:06 - [MESSAGE][INFO] - Finding web element with id: 'Object Repository/Filtreler/Basliklar' located by 'By.cssSelector: .control-label.col-sm-4.paddingMarginRLC' in '10' second(s)

2021-10-14 17:24:06 - [MESSAGE][INFO] - Smart Wait Function is triggered

2021-10-14 17:24:07 - [MESSAGE][INFO] - Found 13 web elements with id: 'Object Repository/Filtreler/Basliklar' located by 'By.cssSelector: .control-label.col-sm-4.paddingMarginRLC' in '10' second(s)

2021-10-14 17:24:07 - [MESSAGE][INFO] - Smart Wait Function is triggered

2021-10-14 17:24:07 - [MESSAGE][PASSED] - Method.TextDegerineEsitElementinAltindakineTikla is PASSED

2021-10-14 17:24:07 - [TEST_STEP][PASSED] - Method.TextDegerineEsitElementinAltindakiTextboxtaYaz(findTestObject("Filtreler/Basliklar"), findTestObject("Object Repository/Filtreler/Basliga_Gore_Bitis"), Filtre_Adi, Filtre_Degeri): Method.TextDegerineEsitElementinAltindakiTextboxtaYaz is PASSED

2021-10-14 17:24:07 - [MESSAGE][INFO] - Finding Test Object 'Object Repository/Filtreler/Basliklar'

2021-10-14 17:24:07 - [MESSAGE][INFO] - Finding Test Object 'Object Repository/Filtreler/Basliga_Gore_Bitis'

2021-10-14 17:24:08 - [MESSAGE][INFO] - Checking timeout

2021-10-14 17:24:08 - [MESSAGE][INFO] - Finding web element with id: 'Object Repository/Filtreler/Basliklar' located by 'By.cssSelector: .control-label.col-sm-4.paddingMarginRLC' in '10' second(s)

2021-10-14 17:24:08 - [MESSAGE][INFO] - Smart Wait Function is triggered

2021-10-14 17:24:08 - [MESSAGE][INFO] - Found 13 web elements with id: 'Object Repository/Filtreler/Basliklar' located by 'By.cssSelector: .control-label.col-sm-4.paddingMarginRLC' in '10' second(s)

2021-10-14 17:24:08 - [MESSAGE][INFO] - Smart Wait Function is triggered

2021-10-14 17:24:08 - [MESSAGE][PASSED] - Method.TextDegerineEsitElementinAltindakiTextboxtaYaz is PASSED

2021-10-14 17:24:08 - [MESSAGE][PASSED] - Call Test Case 'Test Cases/Filtreler/BitisYaz' successfully

2021-10-14 17:24:08 - [MESSAGE][INFO] - Checking called Test Case

2021-10-14 17:24:08 - [MESSAGE][INFO] - Starting to call Test Case 'Test Cases/Filtreler/TexboxaYaz'

2021-10-14 17:24:08 - [TEST_CASE][PASSED] - Test Cases/Filtreler/TexboxaYaz: Test Cases/Filtreler/TexboxaYaz

2021-10-14 17:24:08 - [TEST_STEP][PASSED] - Method.TextDegerineEsitElementinAltindakiTextboxtaYaz(findTestObject("Filtreler/Basliklar"), findTestObject("Filtreler/Basliga_Gore_Textbox"), Filtre_Adi, Filtre_Degeri): Method.TextDegerineEsitElementinAltindakiTextboxtaYaz is PASSED

2021-10-14 17:24:08 - [MESSAGE][INFO] - Finding Test Object 'Object Repository/Filtreler/Basliklar'

2021-10-14 17:24:09 - [MESSAGE][INFO] - Finding Test Object 'Object Repository/Filtreler/Basliga_Gore_Textbox'

2021-10-14 17:24:09 - [MESSAGE][INFO] - Checking timeout

2021-10-14 17:24:09 - [MESSAGE][INFO] - Finding web element with id: 'Object Repository/Filtreler/Basliklar' located by 'By.cssSelector: .control-label.col-sm-4.paddingMarginRLC' in '10' second(s)

2021-10-14 17:24:09 - [MESSAGE][INFO] - Smart Wait Function is triggered

2021-10-14 17:24:09 - [MESSAGE][INFO] - Found 13 web elements with id: 'Object Repository/Filtreler/Basliklar' located by 'By.cssSelector: .control-label.col-sm-4.paddingMarginRLC' in '10' second(s)

2021-10-14 17:24:09 - [MESSAGE][INFO] - Smart Wait Function is triggered

2021-10-14 17:24:10 - [MESSAGE][PASSED] - Method.TextDegerineEsitElementinAltindakiTextboxtaYaz is PASSED

2021-10-14 17:24:10 - [MESSAGE][PASSED] - Call Test Case 'Test Cases/Filtreler/TexboxaYaz' successfully

2021-10-14 17:24:10 - [MESSAGE][INFO] - Checking called Test Case

2021-10-14 17:24:10 - [MESSAGE][INFO] - Starting to call Test Case 'Test Cases/Filtreler/ButonaTikla'

2021-10-14 17:24:10 - [TEST_CASE][PASSED] - Test Cases/Filtreler/ButonaTikla: Test Cases/Filtreler/ButonaTikla

2021-10-14 17:24:10 - [TEST_STEP][PASSED] - Method.TextDegerineEsitElementeTikla(findTestObject("Filtreler/Butonlar"), Filtre_Buton): Method.TextDegerineEsitElementeTikla is PASSED

2021-10-14 17:24:10 - [MESSAGE][INFO] - Finding Test Object 'Object Repository/Filtreler/Butonlar'

2021-10-14 17:24:10 - [MESSAGE][INFO] - Checking timeout

2021-10-14 17:24:10 - [MESSAGE][INFO] - Finding web element with id: 'Object Repository/Filtreler/Butonlar' located by 'By.cssSelector: .dxb>span' in '10' second(s)

2021-10-14 17:24:10 - [MESSAGE][INFO] - Smart Wait Function is triggered

2021-10-14 17:24:10 - [MESSAGE][INFO] - Found 3 web elements with id: 'Object Repository/Filtreler/Butonlar' located by 'By.cssSelector: .dxb>span' in '10' second(s)

2021-10-14 17:24:10 - [MESSAGE][PASSED] - Method.TextDegerineEsitElementeTikla is PASSED

2021-10-14 17:24:10 - [MESSAGE][PASSED] - Call Test Case 'Test Cases/Filtreler/ButonaTikla' successfully

2021-10-14 17:24:10 - [MESSAGE][INFO] - Checking called Test Case

2021-10-14 17:24:10 - [MESSAGE][INFO] - Starting to call Test Case 'Test Cases/Tablo/TablodaVeriVarMi'

2021-10-14 17:24:10 - [TEST_CASE][PASSED] - Test Cases/Tablo/TablodaVeriVarMi: Test Cases/Tablo/TablodaVeriVarMi

2021-10-14 17:24:10 - [TEST_STEP][PASSED] - verifyTextNotPresent("Görüntülenecek veri yok", true): Text 'Görüntülenecek veri yok' is not present on page using regular expression

2021-10-14 17:24:10 - [MESSAGE][INFO] - Checking text present  using regular expression

2021-10-14 17:24:10 - [MESSAGE][INFO] - Smart Wait Function is triggered

2021-10-14 17:24:12 - [MESSAGE][INFO] - Finding text 'Görüntülenecek veri yok' on page  using regular expression

2021-10-14 17:24:12 - [MESSAGE][PASSED] - Text 'Görüntülenecek veri yok' is not present on page using regular expression

2021-10-14 17:24:12 - [MESSAGE][PASSED] - Call Test Case 'Test Cases/Tablo/TablodaVeriVarMi' successfully

2021-10-14 17:24:12 - [MESSAGE][INFO] - Checking called Test Case

2021-10-14 17:24:12 - [MESSAGE][INFO] - Starting to call Test Case 'Test Cases/Tablo/TablodanVeriSec'

2021-10-14 17:24:12 - [TEST_CASE][PASSED] - Test Cases/Tablo/TablodanVeriSec: Test Cases/Tablo/TablodanVeriSec

2021-10-14 17:24:12 - [TEST_STEP][PASSED] - Method.TextDegerineEsitElementinAltindakineTikla(findTestObject("Tablo/Veriler"), findTestObject("Tablo/VerininCheckBoxi"), Veri_Adi): Method.TextDegerineEsitElementinAltindakineTikla is PASSED

2021-10-14 17:24:12 - [MESSAGE][INFO] - Finding Test Object 'Object Repository/Tablo/Veriler'

2021-10-14 17:24:12 - [MESSAGE][INFO] - Finding Test Object 'Object Repository/Tablo/VerininCheckBoxi'

2021-10-14 17:24:12 - [MESSAGE][INFO] - Checking timeout

2021-10-14 17:24:12 - [MESSAGE][INFO] - Finding web element with id: 'Object Repository/Tablo/Veriler' located by 'By.cssSelector: td.dxgv b ,td.dxgv' in '10' second(s)

2021-10-14 17:24:12 - [MESSAGE][INFO] - Smart Wait Function is triggered

2021-10-14 17:24:13 - [MESSAGE][INFO] - Found 26 web elements with id: 'Object Repository/Tablo/Veriler' located by 'By.cssSelector: td.dxgv b ,td.dxgv' in '10' second(s)

2021-10-14 17:24:13 - [MESSAGE][INFO] - Smart Wait Function is triggered

2021-10-14 17:24:13 - [MESSAGE][PASSED] - Method.TextDegerineEsitElementinAltindakineTikla is PASSED

2021-10-14 17:24:13 - [MESSAGE][PASSED] - Call Test Case 'Test Cases/Tablo/TablodanVeriSec' successfully

2021-10-14 17:24:13 - [MESSAGE][INFO] - Checking called Test Case

2021-10-14 17:24:13 - [MESSAGE][INFO] - Starting to call Test Case 'Test Cases/Butonlar/ButonaTikla'

2021-10-14 17:24:13 - [TEST_CASE][PASSED] - Test Cases/Butonlar/ButonaTikla: Test Cases/Butonlar/ButonaTikla

2021-10-14 17:24:13 - [TEST_STEP][PASSED] - Method.TextDegerineEsitElementeTiklaEquals(findTestObject("Butonlar/Butonlar"), Buton_Adi): Method.TextDegerineEsitElementeTiklaEquals is PASSED

2021-10-14 17:24:13 - [MESSAGE][INFO] - Finding Test Object 'Object Repository/Butonlar/Butonlar'

2021-10-14 17:24:13 - [MESSAGE][INFO] - Checking timeout

2021-10-14 17:24:13 - [MESSAGE][INFO] - Finding web element with id: 'Object Repository/Butonlar/Butonlar' located by 'By.cssSelector: .panel.panel-default.text-center.footerPanel .btn,.btn.btn-primary.btnControls' in '10' second(s)

2021-10-14 17:24:13 - [MESSAGE][INFO] - Smart Wait Function is triggered

2021-10-14 17:24:14 - [MESSAGE][INFO] - Found 7 web elements with id: 'Object Repository/Butonlar/Butonlar' located by 'By.cssSelector: .panel.panel-default.text-center.footerPanel .btn,.btn.btn-primary.btnControls' in '10' second(s)

2021-10-14 17:24:14 - [MESSAGE][PASSED] - Method.TextDegerineEsitElementeTiklaEquals is PASSED

2021-10-14 17:24:14 - [MESSAGE][PASSED] - Call Test Case 'Test Cases/Butonlar/ButonaTikla' successfully

2021-10-14 17:24:14 - [MESSAGE][INFO] - Checking called Test Case

2021-10-14 17:24:14 - [MESSAGE][INFO] - Starting to call Test Case 'Test Cases/Butonlar/AltButonaTikla'

2021-10-14 17:24:14 - [TEST_CASE][PASSED] - Test Cases/Butonlar/AltButonaTikla: Test Cases/Butonlar/AltButonaTikla

2021-10-14 17:24:14 - [TEST_STEP][PASSED] - Method.TextDegerineEsitElementeTikla(findTestObject("Butonlar/AltButonlar"), Alt_Buton): Method.TextDegerineEsitElementeTikla is PASSED

2021-10-14 17:24:14 - [MESSAGE][INFO] - Finding Test Object 'Object Repository/Butonlar/AltButonlar'

2021-10-14 17:24:14 - [MESSAGE][INFO] - Checking timeout

2021-10-14 17:24:14 - [MESSAGE][INFO] - Finding web element with id: 'Object Repository/Butonlar/AltButonlar' located by 'By.cssSelector: .btn-group.open li>a' in '10' second(s)

2021-10-14 17:24:14 - [MESSAGE][INFO] - Smart Wait Function is triggered

2021-10-14 17:24:14 - [MESSAGE][INFO] - Found 2 web elements with id: 'Object Repository/Butonlar/AltButonlar' located by 'By.cssSelector: .btn-group.open li>a' in '10' second(s)

2021-10-14 17:24:14 - [MESSAGE][PASSED] - Method.TextDegerineEsitElementeTikla is PASSED

2021-10-14 17:24:14 - [MESSAGE][PASSED] - Call Test Case 'Test Cases/Butonlar/AltButonaTikla' successfully

2021-10-14 17:24:14 - [MESSAGE][INFO] - Checking called Test Case

2021-10-14 17:24:14 - [MESSAGE][INFO] - Starting to call Test Case 'Test Cases/Popup/PopupMesajiIceriyorMu'

2021-10-14 17:24:14 - [TEST_CASE][PASSED] - Test Cases/Popup/PopupMesajiIceriyorMu: Test Cases/Popup/PopupMesajiIceriyorMu

2021-10-14 17:24:14 - [TEST_STEP][PASSED] - waitForElementVisible(findTestObject("Popup/Popup"), 10): Object 'Object Repository/Popup/Popup' is visible

2021-10-14 17:24:14 - [MESSAGE][INFO] - Finding Test Object 'Object Repository/Popup/Popup'

2021-10-14 17:24:15 - [MESSAGE][INFO] - Checking object

2021-10-14 17:24:15 - [MESSAGE][INFO] - Checking timeout

2021-10-14 17:24:15 - [MESSAGE][INFO] - Finding web element from Test Object's properties

2021-10-14 17:24:15 - [MESSAGE][INFO] - Checking timeout

2021-10-14 17:24:15 - [MESSAGE][INFO] - Finding web element with id: 'Object Repository/Popup/Popup' located by 'By.cssSelector: .bootbox-body' in '10' second(s)

2021-10-14 17:24:15 - [MESSAGE][INFO] - Smart Wait Function is triggered

2021-10-14 17:24:15 - [MESSAGE][INFO] - Found 1 web elements with id: 'Object Repository/Popup/Popup' located by 'By.cssSelector: .bootbox-body' in '10' second(s)

2021-10-14 17:24:15 - [MESSAGE][PASSED] - Object 'Object Repository/Popup/Popup' is visible

2021-10-14 17:24:15 - [TEST_STEP][PASSED] - if (!(getText(findTestObject("Popup/Popup")).contains(Mesaj))): Text of object 'Object Repository/Popup/Popup' is: 'Lütfen rapor bildiriminin gönderileceği e-posta adresini belirtiniz.
e-Posta Adresi'

2021-10-14 17:24:15 - [MESSAGE][INFO] - Finding Test Object 'Object Repository/Popup/Popup'

2021-10-14 17:24:16 - [MESSAGE][INFO] - Checking object

2021-10-14 17:24:16 - [MESSAGE][INFO] - Finding web element from Test Object's properties

2021-10-14 17:24:16 - [MESSAGE][INFO] - Checking timeout

2021-10-14 17:24:16 - [MESSAGE][INFO] - Finding web element with id: 'Object Repository/Popup/Popup' located by 'By.cssSelector: .bootbox-body' in '30' second(s)

2021-10-14 17:24:16 - [MESSAGE][INFO] - Smart Wait Function is triggered

2021-10-14 17:24:16 - [MESSAGE][INFO] - Found 1 web elements with id: 'Object Repository/Popup/Popup' located by 'By.cssSelector: .bootbox-body' in '30' second(s)

2021-10-14 17:24:16 - [MESSAGE][INFO] - Getting text of object 'Object Repository/Popup/Popup'

2021-10-14 17:24:16 - [MESSAGE][PASSED] - Text of object 'Object Repository/Popup/Popup' is: 'Lütfen rapor bildiriminin gönderileceği e-posta adresini belirtiniz.
e-Posta Adresi'

2021-10-14 17:24:16 - [TEST_STEP][PASSED] - RaporNo = getText(findTestObject("Popup/Popup")).substring(0, 6): Text of object 'Object Repository/Popup/Popup' is: 'Lütfen rapor bildiriminin gönderileceği e-posta adresini belirtiniz.
e-Posta Adresi'

2021-10-14 17:24:16 - [MESSAGE][INFO] - Finding Test Object 'Object Repository/Popup/Popup'

2021-10-14 17:24:16 - [MESSAGE][INFO] - Checking object

2021-10-14 17:24:16 - [MESSAGE][INFO] - Finding web element from Test Object's properties

2021-10-14 17:24:16 - [MESSAGE][INFO] - Checking timeout

2021-10-14 17:24:16 - [MESSAGE][INFO] - Finding web element with id: 'Object Repository/Popup/Popup' located by 'By.cssSelector: .bootbox-body' in '30' second(s)

2021-10-14 17:24:16 - [MESSAGE][INFO] - Smart Wait Function is triggered

2021-10-14 17:24:16 - [MESSAGE][INFO] - Found 1 web elements with id: 'Object Repository/Popup/Popup' located by 'By.cssSelector: .bootbox-body' in '30' second(s)

2021-10-14 17:24:16 - [MESSAGE][INFO] - Getting text of object 'Object Repository/Popup/Popup'

2021-10-14 17:24:16 - [MESSAGE][PASSED] - Text of object 'Object Repository/Popup/Popup' is: 'Lütfen rapor bildiriminin gönderileceği e-posta adresini belirtiniz.
e-Posta Adresi'

2021-10-14 17:24:16 - [TEST_STEP][PASSED] - Console.println(RaporNo): null

2021-10-14 17:24:16 - [MESSAGE][PASSED] - Call Test Case 'Test Cases/Popup/PopupMesajiIceriyorMu' successfully

2021-10-14 17:24:16 - [MESSAGE][INFO] - Checking called Test Case

2021-10-14 17:24:16 - [MESSAGE][INFO] - Starting to call Test Case 'Test Cases/Popup/PopupButonSecilir'

2021-10-14 17:24:16 - [TEST_CASE][PASSED] - Test Cases/Popup/PopupButonSecilir: Test Cases/Popup/PopupButonSecilir

2021-10-14 17:24:16 - [TEST_STEP][PASSED] - Method.TextDegerineEsitElementeTikla(findTestObject("Popup/Popup_Butons"), Buton): Method.TextDegerineEsitElementeTikla is PASSED

2021-10-14 17:24:16 - [MESSAGE][INFO] - Finding Test Object 'Object Repository/Popup/Popup_Butons'

2021-10-14 17:24:17 - [MESSAGE][INFO] - Checking timeout

2021-10-14 17:24:17 - [MESSAGE][INFO] - Finding web element with id: 'Object Repository/Popup/Popup_Butons' located by 'By.cssSelector: .modal-footer>button' in '10' second(s)

2021-10-14 17:24:17 - [MESSAGE][INFO] - Smart Wait Function is triggered

2021-10-14 17:24:17 - [MESSAGE][INFO] - Found 2 web elements with id: 'Object Repository/Popup/Popup_Butons' located by 'By.cssSelector: .modal-footer>button' in '10' second(s)

2021-10-14 17:24:17 - [MESSAGE][PASSED] - Method.TextDegerineEsitElementeTikla is PASSED

2021-10-14 17:24:17 - [MESSAGE][PASSED] - Call Test Case 'Test Cases/Popup/PopupButonSecilir' successfully

2021-10-14 17:24:17 - [MESSAGE][INFO] - Checking called Test Case

2021-10-14 17:24:17 - [MESSAGE][INFO] - Starting to call Test Case 'Test Cases/Popup/PopupMesajiIceriyorMu'

2021-10-14 17:24:17 - [TEST_CASE][PASSED] - Test Cases/Popup/PopupMesajiIceriyorMu: Test Cases/Popup/PopupMesajiIceriyorMu

2021-10-14 17:24:17 - [TEST_STEP][PASSED] - waitForElementVisible(findTestObject("Popup/Popup"), 10): Object 'Object Repository/Popup/Popup' is visible

2021-10-14 17:24:17 - [MESSAGE][INFO] - Finding Test Object 'Object Repository/Popup/Popup'

2021-10-14 17:24:17 - [MESSAGE][INFO] - Checking object

2021-10-14 17:24:17 - [MESSAGE][INFO] - Checking timeout

2021-10-14 17:24:17 - [MESSAGE][INFO] - Finding web element from Test Object's properties

2021-10-14 17:24:17 - [MESSAGE][INFO] - Checking timeout

2021-10-14 17:24:17 - [MESSAGE][INFO] - Finding web element with id: 'Object Repository/Popup/Popup' located by 'By.cssSelector: .bootbox-body' in '10' second(s)

2021-10-14 17:24:17 - [MESSAGE][INFO] - Smart Wait Function is triggered

2021-10-14 17:24:18 - [MESSAGE][INFO] - Found 1 web elements with id: 'Object Repository/Popup/Popup' located by 'By.cssSelector: .bootbox-body' in '10' second(s)

2021-10-14 17:24:18 - [MESSAGE][PASSED] - Object 'Object Repository/Popup/Popup' is visible

2021-10-14 17:24:18 - [TEST_STEP][PASSED] - if (!(getText(findTestObject("Popup/Popup")).contains(Mesaj))): Text of object 'Object Repository/Popup/Popup' is: '14589 no’lu talebiniz işleme alınmıştır. Raporunuz hazırlandığında (elogotest@gmail.com) adresinize mail gönderilecektir.
Rapor durumunuzu Raporlar > Toplu Veri İndirme ekranından takip edebilir, hazırlandı durumundaki raporlarınızı ilgili menüden indirebilirsiniz.'

2021-10-14 17:24:18 - [MESSAGE][INFO] - Finding Test Object 'Object Repository/Popup/Popup'

2021-10-14 17:24:18 - [MESSAGE][INFO] - Checking object

2021-10-14 17:24:18 - [MESSAGE][INFO] - Finding web element from Test Object's properties

2021-10-14 17:24:18 - [MESSAGE][INFO] - Checking timeout

2021-10-14 17:24:18 - [MESSAGE][INFO] - Finding web element with id: 'Object Repository/Popup/Popup' located by 'By.cssSelector: .bootbox-body' in '30' second(s)

2021-10-14 17:24:18 - [MESSAGE][INFO] - Smart Wait Function is triggered

2021-10-14 17:24:18 - [MESSAGE][INFO] - Found 1 web elements with id: 'Object Repository/Popup/Popup' located by 'By.cssSelector: .bootbox-body' in '30' second(s)

2021-10-14 17:24:18 - [MESSAGE][INFO] - Getting text of object 'Object Repository/Popup/Popup'

2021-10-14 17:24:18 - [MESSAGE][PASSED] - Text of object 'Object Repository/Popup/Popup' is: '14589 no’lu talebiniz işleme alınmıştır. Raporunuz hazırlandığında (elogotest@gmail.com) adresinize mail gönderilecektir.
Rapor durumunuzu Raporlar > Toplu Veri İndirme ekranından takip edebilir, hazırlandı durumundaki raporlarınızı ilgili menüden indirebilirsiniz.'

2021-10-14 17:24:18 - [TEST_STEP][PASSED] - RaporNo = getText(findTestObject("Popup/Popup")).substring(0, 6): Text of object 'Object Repository/Popup/Popup' is: '14589 no’lu talebiniz işleme alınmıştır. Raporunuz hazırlandığında (elogotest@gmail.com) adresinize mail gönderilecektir.
Rapor durumunuzu Raporlar > Toplu Veri İndirme ekranından takip edebilir, hazırlandı durumundaki raporlarınızı ilgili menüden indirebilirsiniz.'

2021-10-14 17:24:18 - [MESSAGE][INFO] - Finding Test Object 'Object Repository/Popup/Popup'

2021-10-14 17:24:18 - [MESSAGE][INFO] - Checking object

2021-10-14 17:24:18 - [MESSAGE][INFO] - Finding web element from Test Object's properties

2021-10-14 17:24:18 - [MESSAGE][INFO] - Checking timeout

2021-10-14 17:24:18 - [MESSAGE][INFO] - Finding web element with id: 'Object Repository/Popup/Popup' located by 'By.cssSelector: .bootbox-body' in '30' second(s)

2021-10-14 17:24:18 - [MESSAGE][INFO] - Smart Wait Function is triggered

2021-10-14 17:24:19 - [MESSAGE][INFO] - Found 1 web elements with id: 'Object Repository/Popup/Popup' located by 'By.cssSelector: .bootbox-body' in '30' second(s)

2021-10-14 17:24:19 - [MESSAGE][INFO] - Getting text of object 'Object Repository/Popup/Popup'

2021-10-14 17:24:19 - [MESSAGE][PASSED] - Text of object 'Object Repository/Popup/Popup' is: '14589 no’lu talebiniz işleme alınmıştır. Raporunuz hazırlandığında (elogotest@gmail.com) adresinize mail gönderilecektir.
Rapor durumunuzu Raporlar > Toplu Veri İndirme ekranından takip edebilir, hazırlandı durumundaki raporlarınızı ilgili menüden indirebilirsiniz.'

2021-10-14 17:24:19 - [TEST_STEP][PASSED] - Console.println(RaporNo): null

2021-10-14 17:24:19 - [MESSAGE][PASSED] - Call Test Case 'Test Cases/Popup/PopupMesajiIceriyorMu' successfully

2021-10-14 17:24:19 - [MESSAGE][INFO] - Checking called Test Case

2021-10-14 17:24:19 - [MESSAGE][INFO] - Starting to call Test Case 'Test Cases/Popup/PopupButonSecilir'

2021-10-14 17:24:19 - [TEST_CASE][PASSED] - Test Cases/Popup/PopupButonSecilir: Test Cases/Popup/PopupButonSecilir

2021-10-14 17:24:19 - [TEST_STEP][PASSED] - Method.TextDegerineEsitElementeTikla(findTestObject("Popup/Popup_Butons"), Buton): Method.TextDegerineEsitElementeTikla is PASSED

2021-10-14 17:24:19 - [MESSAGE][INFO] - Finding Test Object 'Object Repository/Popup/Popup_Butons'

2021-10-14 17:24:19 - [MESSAGE][INFO] - Checking timeout

2021-10-14 17:24:19 - [MESSAGE][INFO] - Finding web element with id: 'Object Repository/Popup/Popup_Butons' located by 'By.cssSelector: .modal-footer>button' in '10' second(s)

2021-10-14 17:24:19 - [MESSAGE][INFO] - Smart Wait Function is triggered

2021-10-14 17:24:19 - [MESSAGE][INFO] - Found 1 web elements with id: 'Object Repository/Popup/Popup_Butons' located by 'By.cssSelector: .modal-footer>button' in '10' second(s)

2021-10-14 17:24:20 - [MESSAGE][PASSED] - Method.TextDegerineEsitElementeTikla is PASSED

2021-10-14 17:24:20 - [MESSAGE][PASSED] - Call Test Case 'Test Cases/Popup/PopupButonSecilir' successfully

2021-10-14 17:24:20 - [MESSAGE][INFO] - Checking called Test Case

2021-10-14 17:24:20 - [MESSAGE][INFO] - Starting to call Test Case 'Test Cases/Butonlar/ButonaTikla'

2021-10-14 17:24:20 - [TEST_CASE][PASSED] - Test Cases/Butonlar/ButonaTikla: Test Cases/Butonlar/ButonaTikla

2021-10-14 17:24:20 - [TEST_STEP][PASSED] - Method.TextDegerineEsitElementeTiklaEquals(findTestObject("Butonlar/Butonlar"), Buton_Adi): Method.TextDegerineEsitElementeTiklaEquals is PASSED

2021-10-14 17:24:20 - [MESSAGE][INFO] - Finding Test Object 'Object Repository/Butonlar/Butonlar'

2021-10-14 17:24:20 - [MESSAGE][INFO] - Checking timeout

2021-10-14 17:24:20 - [MESSAGE][INFO] - Finding web element with id: 'Object Repository/Butonlar/Butonlar' located by 'By.cssSelector: .panel.panel-default.text-center.footerPanel .btn,.btn.btn-primary.btnControls' in '10' second(s)

2021-10-14 17:24:20 - [MESSAGE][INFO] - Smart Wait Function is triggered

2021-10-14 17:24:20 - [MESSAGE][INFO] - Found 7 web elements with id: 'Object Repository/Butonlar/Butonlar' located by 'By.cssSelector: .panel.panel-default.text-center.footerPanel .btn,.btn.btn-primary.btnControls' in '10' second(s)

2021-10-14 17:24:21 - [MESSAGE][PASSED] - Method.TextDegerineEsitElementeTiklaEquals is PASSED

2021-10-14 17:24:21 - [MESSAGE][PASSED] - Call Test Case 'Test Cases/Butonlar/ButonaTikla' successfully

2021-10-14 17:24:21 - [MESSAGE][INFO] - Checking called Test Case

2021-10-14 17:24:21 - [MESSAGE][INFO] - Starting to call Test Case 'Test Cases/Butonlar/AltButonaTikla'

2021-10-14 17:24:21 - [TEST_CASE][PASSED] - Test Cases/Butonlar/AltButonaTikla: Test Cases/Butonlar/AltButonaTikla

2021-10-14 17:24:21 - [TEST_STEP][PASSED] - Method.TextDegerineEsitElementeTikla(findTestObject("Butonlar/AltButonlar"), Alt_Buton): Method.TextDegerineEsitElementeTikla is PASSED

2021-10-14 17:24:21 - [MESSAGE][INFO] - Finding Test Object 'Object Repository/Butonlar/AltButonlar'

2021-10-14 17:24:21 - [MESSAGE][INFO] - Checking timeout

2021-10-14 17:24:21 - [MESSAGE][INFO] - Finding web element with id: 'Object Repository/Butonlar/AltButonlar' located by 'By.cssSelector: .btn-group.open li>a' in '10' second(s)

2021-10-14 17:24:21 - [MESSAGE][INFO] - Smart Wait Function is triggered

2021-10-14 17:24:21 - [MESSAGE][INFO] - Found 2 web elements with id: 'Object Repository/Butonlar/AltButonlar' located by 'By.cssSelector: .btn-group.open li>a' in '10' second(s)

2021-10-14 17:24:21 - [MESSAGE][PASSED] - Method.TextDegerineEsitElementeTikla is PASSED

2021-10-14 17:24:21 - [MESSAGE][PASSED] - Call Test Case 'Test Cases/Butonlar/AltButonaTikla' successfully

2021-10-14 17:24:21 - [MESSAGE][INFO] - Checking called Test Case

2021-10-14 17:24:21 - [MESSAGE][INFO] - Starting to call Test Case 'Test Cases/Popup/PopupMesajiIceriyorMu'

2021-10-14 17:24:21 - [TEST_CASE][PASSED] - Test Cases/Popup/PopupMesajiIceriyorMu: Test Cases/Popup/PopupMesajiIceriyorMu

2021-10-14 17:24:22 - [TEST_STEP][PASSED] - waitForElementVisible(findTestObject("Popup/Popup"), 10): Object 'Object Repository/Popup/Popup' is visible

2021-10-14 17:24:22 - [MESSAGE][INFO] - Finding Test Object 'Object Repository/Popup/Popup'

2021-10-14 17:24:22 - [MESSAGE][INFO] - Checking object

2021-10-14 17:24:22 - [MESSAGE][INFO] - Checking timeout

2021-10-14 17:24:22 - [MESSAGE][INFO] - Finding web element from Test Object's properties

2021-10-14 17:24:22 - [MESSAGE][INFO] - Checking timeout

2021-10-14 17:24:22 - [MESSAGE][INFO] - Finding web element with id: 'Object Repository/Popup/Popup' located by 'By.cssSelector: .bootbox-body' in '10' second(s)

2021-10-14 17:24:22 - [MESSAGE][INFO] - Smart Wait Function is triggered

2021-10-14 17:24:22 - [MESSAGE][INFO] - Found 1 web elements with id: 'Object Repository/Popup/Popup' located by 'By.cssSelector: .bootbox-body' in '10' second(s)

2021-10-14 17:24:22 - [MESSAGE][PASSED] - Object 'Object Repository/Popup/Popup' is visible

2021-10-14 17:24:22 - [TEST_STEP][PASSED] - if (!(getText(findTestObject("Popup/Popup")).contains(Mesaj))): Text of object 'Object Repository/Popup/Popup' is: 'Lütfen rapor bildiriminin gönderileceği e-posta adresini belirtiniz.
e-Posta Adresi'

2021-10-14 17:24:22 - [MESSAGE][INFO] - Finding Test Object 'Object Repository/Popup/Popup'

2021-10-14 17:24:22 - [MESSAGE][INFO] - Checking object

2021-10-14 17:24:22 - [MESSAGE][INFO] - Finding web element from Test Object's properties

2021-10-14 17:24:22 - [MESSAGE][INFO] - Checking timeout

2021-10-14 17:24:22 - [MESSAGE][INFO] - Finding web element with id: 'Object Repository/Popup/Popup' located by 'By.cssSelector: .bootbox-body' in '30' second(s)

2021-10-14 17:24:22 - [MESSAGE][INFO] - Smart Wait Function is triggered

2021-10-14 17:24:23 - [MESSAGE][INFO] - Found 1 web elements with id: 'Object Repository/Popup/Popup' located by 'By.cssSelector: .bootbox-body' in '30' second(s)

2021-10-14 17:24:23 - [MESSAGE][INFO] - Getting text of object 'Object Repository/Popup/Popup'

2021-10-14 17:24:23 - [MESSAGE][PASSED] - Text of object 'Object Repository/Popup/Popup' is: 'Lütfen rapor bildiriminin gönderileceği e-posta adresini belirtiniz.
e-Posta Adresi'

2021-10-14 17:24:23 - [TEST_STEP][PASSED] - RaporNo = getText(findTestObject("Popup/Popup")).substring(0, 6): Text of object 'Object Repository/Popup/Popup' is: 'Lütfen rapor bildiriminin gönderileceği e-posta adresini belirtiniz.
e-Posta Adresi'

2021-10-14 17:24:23 - [MESSAGE][INFO] - Finding Test Object 'Object Repository/Popup/Popup'

2021-10-14 17:24:23 - [MESSAGE][INFO] - Checking object

2021-10-14 17:24:23 - [MESSAGE][INFO] - Finding web element from Test Object's properties

2021-10-14 17:24:23 - [MESSAGE][INFO] - Checking timeout

2021-10-14 17:24:23 - [MESSAGE][INFO] - Finding web element with id: 'Object Repository/Popup/Popup' located by 'By.cssSelector: .bootbox-body' in '30' second(s)

2021-10-14 17:24:23 - [MESSAGE][INFO] - Smart Wait Function is triggered

2021-10-14 17:24:23 - [MESSAGE][INFO] - Found 1 web elements with id: 'Object Repository/Popup/Popup' located by 'By.cssSelector: .bootbox-body' in '30' second(s)

2021-10-14 17:24:23 - [MESSAGE][INFO] - Getting text of object 'Object Repository/Popup/Popup'

2021-10-14 17:24:23 - [MESSAGE][PASSED] - Text of object 'Object Repository/Popup/Popup' is: 'Lütfen rapor bildiriminin gönderileceği e-posta adresini belirtiniz.
e-Posta Adresi'

2021-10-14 17:24:23 - [TEST_STEP][PASSED] - Console.println(RaporNo): null

2021-10-14 17:24:23 - [MESSAGE][PASSED] - Call Test Case 'Test Cases/Popup/PopupMesajiIceriyorMu' successfully

2021-10-14 17:24:23 - [MESSAGE][INFO] - Checking called Test Case

2021-10-14 17:24:23 - [MESSAGE][INFO] - Starting to call Test Case 'Test Cases/Popup/PopupButonSecilir'

2021-10-14 17:24:23 - [TEST_CASE][PASSED] - Test Cases/Popup/PopupButonSecilir: Test Cases/Popup/PopupButonSecilir

2021-10-14 17:24:23 - [TEST_STEP][PASSED] - Method.TextDegerineEsitElementeTikla(findTestObject("Popup/Popup_Butons"), Buton): Method.TextDegerineEsitElementeTikla is PASSED

2021-10-14 17:24:23 - [MESSAGE][INFO] - Finding Test Object 'Object Repository/Popup/Popup_Butons'

2021-10-14 17:24:23 - [MESSAGE][INFO] - Checking timeout

2021-10-14 17:24:23 - [MESSAGE][INFO] - Finding web element with id: 'Object Repository/Popup/Popup_Butons' located by 'By.cssSelector: .modal-footer>button' in '10' second(s)

2021-10-14 17:24:23 - [MESSAGE][INFO] - Smart Wait Function is triggered

2021-10-14 17:24:23 - [MESSAGE][INFO] - Found 2 web elements with id: 'Object Repository/Popup/Popup_Butons' located by 'By.cssSelector: .modal-footer>button' in '10' second(s)

2021-10-14 17:24:24 - [MESSAGE][PASSED] - Method.TextDegerineEsitElementeTikla is PASSED

2021-10-14 17:24:24 - [MESSAGE][PASSED] - Call Test Case 'Test Cases/Popup/PopupButonSecilir' successfully

2021-10-14 17:24:24 - [MESSAGE][INFO] - Checking called Test Case

2021-10-14 17:24:24 - [MESSAGE][INFO] - Starting to call Test Case 'Test Cases/Popup/PopupMesajiIceriyorMu'

2021-10-14 17:24:24 - [TEST_CASE][PASSED] - Test Cases/Popup/PopupMesajiIceriyorMu: Test Cases/Popup/PopupMesajiIceriyorMu

2021-10-14 17:24:24 - [TEST_STEP][PASSED] - waitForElementVisible(findTestObject("Popup/Popup"), 10): Object 'Object Repository/Popup/Popup' is visible

2021-10-14 17:24:24 - [MESSAGE][INFO] - Finding Test Object 'Object Repository/Popup/Popup'

2021-10-14 17:24:24 - [MESSAGE][INFO] - Checking object

2021-10-14 17:24:24 - [MESSAGE][INFO] - Checking timeout

2021-10-14 17:24:24 - [MESSAGE][INFO] - Finding web element from Test Object's properties

2021-10-14 17:24:24 - [MESSAGE][INFO] - Checking timeout

2021-10-14 17:24:24 - [MESSAGE][INFO] - Finding web element with id: 'Object Repository/Popup/Popup' located by 'By.cssSelector: .bootbox-body' in '10' second(s)

2021-10-14 17:24:24 - [MESSAGE][INFO] - Smart Wait Function is triggered

2021-10-14 17:24:24 - [MESSAGE][INFO] - Found 1 web elements with id: 'Object Repository/Popup/Popup' located by 'By.cssSelector: .bootbox-body' in '10' second(s)

2021-10-14 17:24:24 - [MESSAGE][PASSED] - Object 'Object Repository/Popup/Popup' is visible

2021-10-14 17:24:24 - [TEST_STEP][PASSED] - if (!(getText(findTestObject("Popup/Popup")).contains(Mesaj))): Text of object 'Object Repository/Popup/Popup' is: '14590 no’lu talebiniz işleme alınmıştır. Raporunuz hazırlandığında (elogotest@gmail.com) adresinize mail gönderilecektir.
Rapor durumunuzu Raporlar > Toplu Veri İndirme ekranından takip edebilir, hazırlandı durumundaki raporlarınızı ilgili menüden indirebilirsiniz.'

2021-10-14 17:24:24 - [MESSAGE][INFO] - Finding Test Object 'Object Repository/Popup/Popup'

2021-10-14 17:24:24 - [MESSAGE][INFO] - Checking object

2021-10-14 17:24:24 - [MESSAGE][INFO] - Finding web element from Test Object's properties

2021-10-14 17:24:24 - [MESSAGE][INFO] - Checking timeout

2021-10-14 17:24:24 - [MESSAGE][INFO] - Finding web element with id: 'Object Repository/Popup/Popup' located by 'By.cssSelector: .bootbox-body' in '30' second(s)

2021-10-14 17:24:24 - [MESSAGE][INFO] - Smart Wait Function is triggered

2021-10-14 17:24:25 - [MESSAGE][INFO] - Found 1 web elements with id: 'Object Repository/Popup/Popup' located by 'By.cssSelector: .bootbox-body' in '30' second(s)

2021-10-14 17:24:25 - [MESSAGE][INFO] - Getting text of object 'Object Repository/Popup/Popup'

2021-10-14 17:24:25 - [MESSAGE][PASSED] - Text of object 'Object Repository/Popup/Popup' is: '14590 no’lu talebiniz işleme alınmıştır. Raporunuz hazırlandığında (elogotest@gmail.com) adresinize mail gönderilecektir.
Rapor durumunuzu Raporlar > Toplu Veri İndirme ekranından takip edebilir, hazırlandı durumundaki raporlarınızı ilgili menüden indirebilirsiniz.'

2021-10-14 17:24:25 - [TEST_STEP][PASSED] - RaporNo = getText(findTestObject("Popup/Popup")).substring(0, 6): Text of object 'Object Repository/Popup/Popup' is: '14590 no’lu talebiniz işleme alınmıştır. Raporunuz hazırlandığında (elogotest@gmail.com) adresinize mail gönderilecektir.
Rapor durumunuzu Raporlar > Toplu Veri İndirme ekranından takip edebilir, hazırlandı durumundaki raporlarınızı ilgili menüden indirebilirsiniz.'

2021-10-14 17:24:25 - [MESSAGE][INFO] - Finding Test Object 'Object Repository/Popup/Popup'

2021-10-14 17:24:25 - [MESSAGE][INFO] - Checking object

2021-10-14 17:24:25 - [MESSAGE][INFO] - Finding web element from Test Object's properties

2021-10-14 17:24:25 - [MESSAGE][INFO] - Checking timeout

2021-10-14 17:24:25 - [MESSAGE][INFO] - Finding web element with id: 'Object Repository/Popup/Popup' located by 'By.cssSelector: .bootbox-body' in '30' second(s)

2021-10-14 17:24:25 - [MESSAGE][INFO] - Smart Wait Function is triggered

2021-10-14 17:24:25 - [MESSAGE][INFO] - Found 1 web elements with id: 'Object Repository/Popup/Popup' located by 'By.cssSelector: .bootbox-body' in '30' second(s)

2021-10-14 17:24:25 - [MESSAGE][INFO] - Getting text of object 'Object Repository/Popup/Popup'

2021-10-14 17:24:25 - [MESSAGE][PASSED] - Text of object 'Object Repository/Popup/Popup' is: '14590 no’lu talebiniz işleme alınmıştır. Raporunuz hazırlandığında (elogotest@gmail.com) adresinize mail gönderilecektir.
Rapor durumunuzu Raporlar > Toplu Veri İndirme ekranından takip edebilir, hazırlandı durumundaki raporlarınızı ilgili menüden indirebilirsiniz.'

2021-10-14 17:24:25 - [TEST_STEP][PASSED] - Console.println(RaporNo): null

2021-10-14 17:24:25 - [MESSAGE][PASSED] - Call Test Case 'Test Cases/Popup/PopupMesajiIceriyorMu' successfully

2021-10-14 17:24:25 - [MESSAGE][INFO] - Checking called Test Case

2021-10-14 17:24:25 - [MESSAGE][INFO] - Starting to call Test Case 'Test Cases/Popup/PopupButonSecilir'

2021-10-14 17:24:25 - [TEST_CASE][PASSED] - Test Cases/Popup/PopupButonSecilir: Test Cases/Popup/PopupButonSecilir

2021-10-14 17:24:25 - [TEST_STEP][PASSED] - Method.TextDegerineEsitElementeTikla(findTestObject("Popup/Popup_Butons"), Buton): Method.TextDegerineEsitElementeTikla is PASSED

2021-10-14 17:24:25 - [MESSAGE][INFO] - Finding Test Object 'Object Repository/Popup/Popup_Butons'

2021-10-14 17:24:25 - [MESSAGE][INFO] - Checking timeout

2021-10-14 17:24:25 - [MESSAGE][INFO] - Finding web element with id: 'Object Repository/Popup/Popup_Butons' located by 'By.cssSelector: .modal-footer>button' in '10' second(s)

2021-10-14 17:24:25 - [MESSAGE][INFO] - Smart Wait Function is triggered

2021-10-14 17:24:26 - [MESSAGE][INFO] - Found 1 web elements with id: 'Object Repository/Popup/Popup_Butons' located by 'By.cssSelector: .modal-footer>button' in '10' second(s)

2021-10-14 17:24:26 - [MESSAGE][PASSED] - Method.TextDegerineEsitElementeTikla is PASSED

2021-10-14 17:24:26 - [MESSAGE][PASSED] - Call Test Case 'Test Cases/Popup/PopupButonSecilir' successfully

2021-10-14 17:24:26 - [MESSAGE][INFO] - Checking called Test Case

2021-10-14 17:24:26 - [MESSAGE][INFO] - Starting to call Test Case 'Test Cases/Menu/AnaMenuSecimi'

2021-10-14 17:24:26 - [TEST_CASE][PASSED] - Test Cases/Menu/AnaMenuSecimi: Test Cases/Menu/AnaMenuSecimi

2021-10-14 17:24:26 - [TEST_STEP][PASSED] - Method.TextDegerineEsitElementeTikla(findTestObject("Menu/Ana_Menu"), Ana_Menu): Method.TextDegerineEsitElementeTikla is PASSED

2021-10-14 17:24:26 - [MESSAGE][INFO] - Finding Test Object 'Object Repository/Menu/Ana_Menu'

2021-10-14 17:24:26 - [MESSAGE][INFO] - Checking timeout

2021-10-14 17:24:26 - [MESSAGE][INFO] - Finding web element with id: 'Object Repository/Menu/Ana_Menu' located by 'By.xpath: //*[@class = 'dropdown-toggle']' in '10' second(s)

2021-10-14 17:24:26 - [MESSAGE][INFO] - Smart Wait Function is triggered

2021-10-14 17:24:27 - [MESSAGE][INFO] - Found 14 web elements with id: 'Object Repository/Menu/Ana_Menu' located by 'By.xpath: //*[@class = 'dropdown-toggle']' in '10' second(s)

2021-10-14 17:24:27 - [MESSAGE][PASSED] - Method.TextDegerineEsitElementeTikla is PASSED

2021-10-14 17:24:27 - [MESSAGE][PASSED] - Call Test Case 'Test Cases/Menu/AnaMenuSecimi' successfully

2021-10-14 17:24:27 - [MESSAGE][INFO] - Checking called Test Case

2021-10-14 17:24:27 - [MESSAGE][INFO] - Starting to call Test Case 'Test Cases/Menu/AltMenuSecimi'

2021-10-14 17:24:27 - [TEST_CASE][PASSED] - Test Cases/Menu/AltMenuSecimi: Test Cases/Menu/AltMenuSecimi

2021-10-14 17:24:27 - [TEST_STEP][PASSED] - Method.TextDegerineEsitElementeTikla(findTestObject("Menu/Alt_Menu"), Alt_Menu): Method.TextDegerineEsitElementeTikla is PASSED

2021-10-14 17:24:27 - [MESSAGE][INFO] - Finding Test Object 'Object Repository/Menu/Alt_Menu'

2021-10-14 17:24:27 - [MESSAGE][INFO] - Checking timeout

2021-10-14 17:24:27 - [MESSAGE][INFO] - Finding web element with id: 'Object Repository/Menu/Alt_Menu' located by 'By.xpath: //li[@class='dropdown dropdown-large open']//li[@class='dropdown-element']' in '10' second(s)

2021-10-14 17:24:27 - [MESSAGE][INFO] - Smart Wait Function is triggered

2021-10-14 17:24:27 - [MESSAGE][INFO] - Found 9 web elements with id: 'Object Repository/Menu/Alt_Menu' located by 'By.xpath: //li[@class='dropdown dropdown-large open']//li[@class='dropdown-element']' in '10' second(s)

2021-10-14 17:24:29 - [MESSAGE][PASSED] - Method.TextDegerineEsitElementeTikla is PASSED

2021-10-14 17:24:29 - [MESSAGE][PASSED] - Call Test Case 'Test Cases/Menu/AltMenuSecimi' successfully

2021-10-14 17:24:29 - [MESSAGE][INFO] - Checking called Test Case

2021-10-14 17:24:29 - [MESSAGE][INFO] - Starting to call Test Case 'Test Cases/Filtreler/RaporNoYaz'

2021-10-14 17:24:29 - [TEST_CASE][PASSED] - Test Cases/Filtreler/RaporNoYaz: Test Cases/Filtreler/RaporNoYaz

2021-10-14 17:24:29 - [TEST_STEP][PASSED] - Method.TextDegerineEsitElementinAltindakiTextboxtaYaz(findTestObject("Filtreler/Basliklar"), findTestObject("Filtreler/Basliga_Gore_Textbox"), "Talep No", RaporNo): Method.TextDegerineEsitElementinAltindakiTextboxtaYaz is PASSED

2021-10-14 17:24:29 - [MESSAGE][INFO] - Finding Test Object 'Object Repository/Filtreler/Basliklar'

2021-10-14 17:24:29 - [MESSAGE][INFO] - Finding Test Object 'Object Repository/Filtreler/Basliga_Gore_Textbox'

2021-10-14 17:24:29 - [MESSAGE][INFO] - Checking timeout

2021-10-14 17:24:29 - [MESSAGE][INFO] - Finding web element with id: 'Object Repository/Filtreler/Basliklar' located by 'By.cssSelector: .control-label.col-sm-4.paddingMarginRLC' in '10' second(s)

2021-10-14 17:24:29 - [MESSAGE][INFO] - Smart Wait Function is triggered

2021-10-14 17:24:29 - [MESSAGE][INFO] - Found 8 web elements with id: 'Object Repository/Filtreler/Basliklar' located by 'By.cssSelector: .control-label.col-sm-4.paddingMarginRLC' in '10' second(s)

2021-10-14 17:24:29 - [MESSAGE][INFO] - Smart Wait Function is triggered

2021-10-14 17:24:30 - [MESSAGE][PASSED] - Method.TextDegerineEsitElementinAltindakiTextboxtaYaz is PASSED

2021-10-14 17:24:30 - [MESSAGE][PASSED] - Call Test Case 'Test Cases/Filtreler/RaporNoYaz' successfully

2021-10-14 17:24:30 - [MESSAGE][INFO] - Checking called Test Case

2021-10-14 17:24:30 - [MESSAGE][INFO] - Starting to call Test Case 'Test Cases/Filtreler/ButonaTikla'

2021-10-14 17:24:30 - [TEST_CASE][PASSED] - Test Cases/Filtreler/ButonaTikla: Test Cases/Filtreler/ButonaTikla

2021-10-14 17:24:30 - [TEST_STEP][PASSED] - Method.TextDegerineEsitElementeTikla(findTestObject("Filtreler/Butonlar"), Filtre_Buton): Method.TextDegerineEsitElementeTikla is PASSED

2021-10-14 17:24:30 - [MESSAGE][INFO] - Finding Test Object 'Object Repository/Filtreler/Butonlar'

2021-10-14 17:24:30 - [MESSAGE][INFO] - Checking timeout

2021-10-14 17:24:30 - [MESSAGE][INFO] - Finding web element with id: 'Object Repository/Filtreler/Butonlar' located by 'By.cssSelector: .dxb>span' in '10' second(s)

2021-10-14 17:24:30 - [MESSAGE][INFO] - Smart Wait Function is triggered

2021-10-14 17:24:30 - [MESSAGE][INFO] - Found 2 web elements with id: 'Object Repository/Filtreler/Butonlar' located by 'By.cssSelector: .dxb>span' in '10' second(s)

2021-10-14 17:24:30 - [MESSAGE][PASSED] - Method.TextDegerineEsitElementeTikla is PASSED

2021-10-14 17:24:30 - [MESSAGE][PASSED] - Call Test Case 'Test Cases/Filtreler/ButonaTikla' successfully

2021-10-14 17:24:30 - [MESSAGE][INFO] - Checking called Test Case

2021-10-14 17:24:30 - [MESSAGE][INFO] - Starting to call Test Case 'Test Cases/Tablo/TablodaVeriVarMi'

2021-10-14 17:24:30 - [TEST_CASE][PASSED] - Test Cases/Tablo/TablodaVeriVarMi: Test Cases/Tablo/TablodaVeriVarMi

2021-10-14 17:24:30 - [TEST_STEP][PASSED] - verifyTextNotPresent("Görüntülenecek veri yok", true): Text 'Görüntülenecek veri yok' is not present on page using regular expression

2021-10-14 17:24:30 - [MESSAGE][INFO] - Checking text present  using regular expression

2021-10-14 17:24:30 - [MESSAGE][INFO] - Smart Wait Function is triggered

2021-10-14 17:24:36 - [MESSAGE][INFO] - Finding text 'Görüntülenecek veri yok' on page  using regular expression

2021-10-14 17:24:36 - [MESSAGE][PASSED] - Text 'Görüntülenecek veri yok' is not present on page using regular expression

2021-10-14 17:24:36 - [MESSAGE][PASSED] - Call Test Case 'Test Cases/Tablo/TablodaVeriVarMi' successfully

2021-10-14 17:24:36 - [MESSAGE][INFO] - Checking called Test Case

2021-10-14 17:24:36 - [MESSAGE][INFO] - Starting to call Test Case 'Test Cases/Kullanici_Islemleri/KullaniciIslemlerindenSecimYapilir'

2021-10-14 17:24:36 - [TEST_CASE][PASSED] - Test Cases/Kullanici_Islemleri/KullaniciIslemlerindenSecimYapilir: Test Cases/Kullanici_Islemleri/KullaniciIslemlerindenSecimYapilir

2021-10-14 17:24:36 - [TEST_STEP][PASSED] - waitForElementClickable(findTestObject("Object Repository/Kullanici_Islemleri/KullaniciIslemleri"), 10): Object 'Object Repository/Kullanici_Islemleri/KullaniciIslemleri' is clickable

2021-10-14 17:24:36 - [MESSAGE][INFO] - Finding Test Object 'Object Repository/Kullanici_Islemleri/KullaniciIslemleri'

2021-10-14 17:24:36 - [MESSAGE][INFO] - Checking object

2021-10-14 17:24:36 - [MESSAGE][INFO] - Checking timeout

2021-10-14 17:24:36 - [MESSAGE][INFO] - Finding web element from Test Object's properties

2021-10-14 17:24:36 - [MESSAGE][INFO] - Checking timeout

2021-10-14 17:24:36 - [MESSAGE][INFO] - Finding web element with id: 'Object Repository/Kullanici_Islemleri/KullaniciIslemleri' located by 'By.cssSelector: .dropdown>a>img' in '10' second(s)

2021-10-14 17:24:36 - [MESSAGE][INFO] - Smart Wait Function is triggered

2021-10-14 17:24:36 - [MESSAGE][INFO] - Found 1 web elements with id: 'Object Repository/Kullanici_Islemleri/KullaniciIslemleri' located by 'By.cssSelector: .dropdown>a>img' in '10' second(s)

2021-10-14 17:24:36 - [MESSAGE][PASSED] - Object 'Object Repository/Kullanici_Islemleri/KullaniciIslemleri' is clickable

2021-10-14 17:24:36 - [TEST_STEP][PASSED] - click(findTestObject("Object Repository/Kullanici_Islemleri/KullaniciIslemleri")): Object: 'Object Repository/Kullanici_Islemleri/KullaniciIslemleri' is clicked on

2021-10-14 17:24:36 - [MESSAGE][INFO] - Finding Test Object 'Object Repository/Kullanici_Islemleri/KullaniciIslemleri'

2021-10-14 17:24:37 - [MESSAGE][INFO] - Checking object

2021-10-14 17:24:37 - [MESSAGE][INFO] - Finding web element from Test Object's properties

2021-10-14 17:24:37 - [MESSAGE][INFO] - Checking timeout

2021-10-14 17:24:37 - [MESSAGE][INFO] - Finding web element with id: 'Object Repository/Kullanici_Islemleri/KullaniciIslemleri' located by 'By.cssSelector: .dropdown>a>img' in '30' second(s)

2021-10-14 17:24:37 - [MESSAGE][INFO] - Smart Wait Function is triggered

2021-10-14 17:24:37 - [MESSAGE][INFO] - Found 1 web elements with id: 'Object Repository/Kullanici_Islemleri/KullaniciIslemleri' located by 'By.cssSelector: .dropdown>a>img' in '30' second(s)

2021-10-14 17:24:37 - [MESSAGE][INFO] - Clicking on object: 'Object Repository/Kullanici_Islemleri/KullaniciIslemleri'

2021-10-14 17:24:37 - [MESSAGE][PASSED] - Object: 'Object Repository/Kullanici_Islemleri/KullaniciIslemleri' is clicked on

2021-10-14 17:24:37 - [TEST_STEP][PASSED] - Method.TextDegerineEsitElementeTikla(findTestObject("Object Repository/Kullanici_Islemleri/Secenekler"), Islem): Method.TextDegerineEsitElementeTikla is PASSED

2021-10-14 17:24:37 - [MESSAGE][INFO] - Finding Test Object 'Object Repository/Kullanici_Islemleri/Secenekler'

2021-10-14 17:24:37 - [MESSAGE][INFO] - Checking timeout

2021-10-14 17:24:37 - [MESSAGE][INFO] - Finding web element with id: 'Object Repository/Kullanici_Islemleri/Secenekler' located by 'By.cssSelector: .nav.navbar-nav.navbar-right li a' in '10' second(s)

2021-10-14 17:24:37 - [MESSAGE][INFO] - Smart Wait Function is triggered

2021-10-14 17:24:37 - [MESSAGE][INFO] - Found 22 web elements with id: 'Object Repository/Kullanici_Islemleri/Secenekler' located by 'By.cssSelector: .nav.navbar-nav.navbar-right li a' in '10' second(s)

2021-10-14 17:24:39 - [MESSAGE][PASSED] - Method.TextDegerineEsitElementeTikla is PASSED

2021-10-14 17:24:39 - [TEST_STEP][PASSED] - verifyElementNotPresent(findTestObject("Object Repository/Kullanici_Islemleri/Secenekler"), 10): Web element with id: 'Object Repository/Kullanici_Islemleri/Secenekler' located by 'By.cssSelector: .nav.navbar-nav.navbar-right li a' is not present after '10' second(s)

2021-10-14 17:24:39 - [MESSAGE][INFO] - Finding Test Object 'Object Repository/Kullanici_Islemleri/Secenekler'

2021-10-14 17:24:39 - [MESSAGE][INFO] - Checking object

2021-10-14 17:24:39 - [MESSAGE][INFO] - Checking timeout

2021-10-14 17:24:39 - [MESSAGE][INFO] - Finding web element with id: 'Object Repository/Kullanici_Islemleri/Secenekler' located by 'By.cssSelector: .nav.navbar-nav.navbar-right li a' in '10' second(s)

2021-10-14 17:24:39 - [MESSAGE][INFO] - Smart Wait Function is triggered

2021-10-14 17:24:40 - [MESSAGE][PASSED] - Web element with id: 'Object Repository/Kullanici_Islemleri/Secenekler' located by 'By.cssSelector: .nav.navbar-nav.navbar-right li a' is not present after '10' second(s)

2021-10-14 17:24:40 - [MESSAGE][PASSED] - Call Test Case 'Test Cases/Kullanici_Islemleri/KullaniciIslemlerindenSecimYapilir' successfully

2021-10-14 17:24:40 - [TEST_CASE][PASSED] - Start Test Case : SCENARIO Uygulama Yanitinin Excele aktarilmasi: SCENARIO Uygulama Yanitinin Excele aktarilmasi

2021-10-14 17:24:40 - [TEST_STEP][PASSED] - Kullanıcı adı ELOGO6 ve Şifre 123456 olarak giriş yapılır: Kullanıcı adı ELOGO6 ve Şifre 123456 olarak giriş yapılır

2021-10-14 17:24:40 - [MESSAGE][PASSED] - Kullanıcı adı ELOGO6 ve Şifre 123456 olarak giriş yapılır

2021-10-14 17:24:40 - [TEST_STEP][PASSED] - Ana menüden e-Fatura seçilir: Ana menüden e-Fatura seçilir

2021-10-14 17:24:40 - [MESSAGE][PASSED] - Ana menüden e-Fatura seçilir

2021-10-14 17:24:40 - [TEST_STEP][PASSED] - Alt menü Giden Kutusu başlığı altındaki Uygulama Yanıtları seçilir: Alt menü Giden Kutusu başlığı altındaki Uygulama Yanıtları seçilir

2021-10-14 17:24:40 - [MESSAGE][PASSED] - Alt menü Giden Kutusu başlığı altındaki Uygulama Yanıtları seçilir

2021-10-14 17:24:40 - [TEST_STEP][PASSED] - Filtrelerden Oluşturma Tarihi filtresine 01.12.2020 baslangic degerini yaz: Filtrelerden Oluşturma Tarihi filtresine 01.12.2020 baslangic degerini yaz

2021-10-14 17:24:40 - [MESSAGE][PASSED] - Filtrelerden Oluşturma Tarihi filtresine 01.12.2020 baslangic degerini yaz

2021-10-14 17:24:40 - [TEST_STEP][PASSED] - Filtrelerden Oluşturma Tarihi filtresine 31.12.2020 bitis degerini yaz: Filtrelerden Oluşturma Tarihi filtresine 31.12.2020 bitis degerini yaz

2021-10-14 17:24:40 - [MESSAGE][PASSED] - Filtrelerden Oluşturma Tarihi filtresine 31.12.2020 bitis degerini yaz

2021-10-14 17:24:40 - [TEST_STEP][PASSED] - Filtrelerden Alıcı VKN filtresine 1234567806 textini yaz: Filtrelerden Alıcı VKN filtresine 1234567806 textini yaz

2021-10-14 17:24:40 - [MESSAGE][PASSED] - Filtrelerden Alıcı VKN filtresine 1234567806 textini yaz

2021-10-14 17:24:40 - [TEST_STEP][PASSED] - Filtre butonlarından Listele seçilir: Filtre butonlarından Listele seçilir

2021-10-14 17:24:40 - [MESSAGE][PASSED] - Filtre butonlarından Listele seçilir

2021-10-14 17:24:40 - [TEST_STEP][PASSED] - Tabloda veri var mı kontrol edilir: Tabloda veri var mı kontrol edilir

2021-10-14 17:24:40 - [MESSAGE][PASSED] - Tabloda veri var mı kontrol edilir

2021-10-14 17:24:40 - [TEST_STEP][PASSED] - Tablodan 1234567806 isimli veri seçilir: Tablodan 1234567806 isimli veri seçilir

2021-10-14 17:24:40 - [MESSAGE][PASSED] - Tablodan 1234567806 isimli veri seçilir

2021-10-14 17:24:40 - [TEST_STEP][PASSED] - Butonlardan Excel isimli butona tıklanır: Butonlardan Excel isimli butona tıklanır

2021-10-14 17:24:40 - [MESSAGE][PASSED] - Butonlardan Excel isimli butona tıklanır

2021-10-14 17:24:40 - [TEST_STEP][PASSED] - Alt butonlardan Excel'e Aktar butonuna tıklanır: Alt butonlardan Excel'e Aktar butonuna tıklanır

2021-10-14 17:24:40 - [MESSAGE][PASSED] - Alt butonlardan Excel'e Aktar butonuna tıklanır

2021-10-14 17:24:40 - [TEST_STEP][PASSED] - Popup mesajı Lütfen rapor bildiriminin gönderileceği e-posta adresini belirtiniz. içeriyor mu: Popup mesajı Lütfen rapor bildiriminin gönderileceği e-posta adresini belirtiniz. içeriyor mu

2021-10-14 17:24:40 - [MESSAGE][PASSED] - Popup mesajı Lütfen rapor bildiriminin gönderileceği e-posta adresini belirtiniz. içeriyor mu

2021-10-14 17:24:40 - [TEST_STEP][PASSED] - Yönetim popupında Gönder seçilir: Yönetim popupında Gönder seçilir

2021-10-14 17:24:40 - [MESSAGE][PASSED] - Yönetim popupında Gönder seçilir

2021-10-14 17:24:40 - [TEST_STEP][PASSED] - Popup mesajı Toplu Veri İndirme içeriyor mu: Popup mesajı Toplu Veri İndirme içeriyor mu

2021-10-14 17:24:40 - [MESSAGE][PASSED] - Popup mesajı Toplu Veri İndirme içeriyor mu

2021-10-14 17:24:40 - [TEST_STEP][PASSED] - Yönetim popupında Tamam seçilir: Yönetim popupında Tamam seçilir

2021-10-14 17:24:40 - [MESSAGE][PASSED] - Yönetim popupında Tamam seçilir

2021-10-14 17:24:40 - [TEST_STEP][PASSED] - Butonlardan Excel isimli butona tıklanır: Butonlardan Excel isimli butona tıklanır

2021-10-14 17:24:40 - [MESSAGE][PASSED] - Butonlardan Excel isimli butona tıklanır

2021-10-14 17:24:40 - [TEST_STEP][PASSED] - Alt butonlardan Tümünü Excel'e Aktar butonuna tıklanır: Alt butonlardan Tümünü Excel'e Aktar butonuna tıklanır

2021-10-14 17:24:40 - [MESSAGE][PASSED] - Alt butonlardan Tümünü Excel'e Aktar butonuna tıklanır

2021-10-14 17:24:40 - [TEST_STEP][PASSED] - Popup mesajı Lütfen rapor bildiriminin gönderileceği e-posta adresini belirtiniz. içeriyor mu: Popup mesajı Lütfen rapor bildiriminin gönderileceği e-posta adresini belirtiniz. içeriyor mu

2021-10-14 17:24:40 - [MESSAGE][PASSED] - Popup mesajı Lütfen rapor bildiriminin gönderileceği e-posta adresini belirtiniz. içeriyor mu

2021-10-14 17:24:40 - [TEST_STEP][PASSED] - Yönetim popupında Gönder seçilir: Yönetim popupında Gönder seçilir

2021-10-14 17:24:40 - [MESSAGE][PASSED] - Yönetim popupında Gönder seçilir

2021-10-14 17:24:40 - [TEST_STEP][PASSED] - Popup mesajı Toplu Veri İndirme içeriyor mu: Popup mesajı Toplu Veri İndirme içeriyor mu

2021-10-14 17:24:40 - [MESSAGE][PASSED] - Popup mesajı Toplu Veri İndirme içeriyor mu

2021-10-14 17:24:40 - [TEST_STEP][PASSED] - Yönetim popupında Tamam seçilir: Yönetim popupında Tamam seçilir

2021-10-14 17:24:40 - [MESSAGE][PASSED] - Yönetim popupında Tamam seçilir

2021-10-14 17:24:40 - [TEST_STEP][PASSED] - Ana menüden Raporlar seçilir: Ana menüden Raporlar seçilir

2021-10-14 17:24:40 - [MESSAGE][PASSED] - Ana menüden Raporlar seçilir

2021-10-14 17:24:40 - [TEST_STEP][PASSED] - Alt menüden Toplu Veri İndirme seçilir: Alt menüden Toplu Veri İndirme seçilir

2021-10-14 17:24:40 - [MESSAGE][PASSED] - Alt menüden Toplu Veri İndirme seçilir

2021-10-14 17:24:40 - [TEST_STEP][PASSED] - Filtrelerden Talep No filtresine Rapor No bilgisi yaz: Filtrelerden Talep No filtresine Rapor No bilgisi yaz

2021-10-14 17:24:40 - [MESSAGE][PASSED] - Filtrelerden Talep No filtresine Rapor No bilgisi yaz

2021-10-14 17:24:40 - [TEST_STEP][PASSED] - Filtre butonlarından Listele seçilir: Filtre butonlarından Listele seçilir

2021-10-14 17:24:40 - [MESSAGE][PASSED] - Filtre butonlarından Listele seçilir

2021-10-14 17:24:40 - [TEST_STEP][PASSED] - Tabloda veri var mı kontrol edilir: Tabloda veri var mı kontrol edilir

2021-10-14 17:24:40 - [MESSAGE][PASSED] - Tabloda veri var mı kontrol edilir

2021-10-14 17:24:40 - [TEST_STEP][PASSED] - Kullanıcı işlemlerinden Çıkış seçilir: Kullanıcı işlemlerinden Çıkış seçilir

2021-10-14 17:24:40 - [MESSAGE][PASSED] - Kullanıcı işlemlerinden Çıkış seçilir

2021-10-14 17:24:40 - [MESSAGE][PASSED] - Feature file: 'Include/features/e-Fatura/Giden Kutusu/Uygulama Yanıtlari/Excele Aktar.feature' was passed

2021-10-14 17:24:40 - [TEST_STEP][PASSED] - Start listener action : sampleAfterTestSuite: Invoke 'com.kms.katalon.core.annotation.AfterTestCase' method: 'Listener.sampleAfterTestSuite(...)' completed.

2021-10-14 17:24:40 - [MESSAGE][INFO] - Starting invoke 'com.kms.katalon.core.annotation.AfterTestCase' method: 'Listener.sampleAfterTestSuite(...)'

2021-10-14 17:24:40 - [TEST_STEP][PASSED] - closeBrowser(): Invoke 'com.kms.katalon.core.annotation.AfterTestCase' method: 'Listener.sampleAfterTestSuite(...)' completed.

2021-10-14 17:24:40 - [MESSAGE][INFO] - Closing browser

2021-10-14 17:24:41 - [MESSAGE][PASSED] - Browser is closed

2021-10-14 17:24:41 - [MESSAGE][INFO] - Invoke 'com.kms.katalon.core.annotation.AfterTestCase' method: 'Listener.sampleAfterTestSuite(...)' completed.]]></system-out>
         <system-err><![CDATA[]]></system-err>
      </testcase>
      <testcase name="Test Cases/Case Repository/e-Fatura/Giden Kutusu/Uygulama Yanitlari/Toplu Indirme" time="57.167" classname="Test Cases/Case Repository/e-Fatura/Giden Kutusu/Uygulama Yanitlari/Toplu Indirme" status="PASSED">
         <system-out><![CDATA[2021-10-14 17:24:41 - [TEST_CASE][PASSED] - Test Cases/Case Repository/e-Fatura/Giden Kutusu/Uygulama Yanitlari/Toplu Indirme: Test Cases/Case Repository/e-Fatura/Giden Kutusu/Uygulama Yanitlari/Toplu Indirme

2021-10-14 17:24:41 - [TEST_STEP][PASSED] - Start listener action : sampleBeforeTestSuite: Invoke 'com.kms.katalon.core.annotation.BeforeTestCase' method: 'Listener.sampleBeforeTestSuite(...)' completed.

2021-10-14 17:24:41 - [MESSAGE][INFO] - Starting invoke 'com.kms.katalon.core.annotation.BeforeTestCase' method: 'Listener.sampleBeforeTestSuite(...)'

2021-10-14 17:24:41 - [TEST_STEP][PASSED] - openBrowser(baseUrl): Browser is opened with url: 'https://efatura-stage.elogo.com.tr/'

2021-10-14 17:24:41 - [MESSAGE][INFO] - Opening browser

2021-10-14 17:24:41 - [MESSAGE][INFO] - Starting 'Chrome' driver

2021-10-14 17:24:41 - [MESSAGE][INFO] - User set preference: ['prefs', '{download.default_directory=C:\otomasyondownfiles}']

2021-10-14 17:24:41 - [MESSAGE][INFO] - Action delay is set to 0 milliseconds

2021-10-14 17:24:42 - [MESSAGE][INFO] - Navigating browser to: 'https://efatura-stage.elogo.com.tr/'

2021-10-14 17:24:44 - [MESSAGE][PASSED] - Browser is opened with url: 'https://efatura-stage.elogo.com.tr/'

2021-10-14 17:24:44 - [TEST_STEP][PASSED] - maximizeWindow(): Invoke 'com.kms.katalon.core.annotation.BeforeTestCase' method: 'Listener.sampleBeforeTestSuite(...)' completed.

2021-10-14 17:24:44 - [MESSAGE][INFO] - Maximizing current window

2021-10-14 17:24:44 - [MESSAGE][PASSED] - Current window maximized

2021-10-14 17:24:44 - [MESSAGE][INFO] - Invoke 'com.kms.katalon.core.annotation.BeforeTestCase' method: 'Listener.sampleBeforeTestSuite(...)' completed.

2021-10-14 17:24:45 - [TEST_STEP][PASSED] - runFeatureFile("Include/features/e-Fatura/Giden Kutusu/Uygulama Yanıtlari/Toplu Indirme.feature"): Feature file: 'Include/features/e-Fatura/Giden Kutusu/Uygulama Yanıtlari/Toplu Indirme.feature' was passed

2021-10-14 17:24:45 - [MESSAGE][INFO] - Starting run keyword runFeatureFile: 'Include/features/e-Fatura/Giden Kutusu/Uygulama Yanıtlari/Toplu Indirme.feature' and extract report to folder: 'C:\Users\DELL\Downloads\EES_Katalon-main\Reports\20211014_170112\Suite Repository\ExceleAktarVeTopluIndirme\20211014_170125/cucumber_report/1634221485532'...

2021-10-14 17:24:45 - [MESSAGE][INFO] - Glue: []

2021-10-14 17:24:46 - [MESSAGE][INFO] - Checking called Test Case

2021-10-14 17:24:46 - [MESSAGE][INFO] - Starting to call Test Case 'Test Cases/Sayfalar/Giris_Sayfasi/Login'

2021-10-14 17:24:46 - [TEST_CASE][PASSED] - Test Cases/Sayfalar/Giris_Sayfasi/Login: Test Cases/Sayfalar/Giris_Sayfasi/Login

2021-10-14 17:24:46 - [TEST_STEP][PASSED] - Sayfa_Basligi = getWindowTitle(): Current window's title is: 'LOGO e-Fatura'

2021-10-14 17:24:46 - [MESSAGE][INFO] - Getting current window's title

2021-10-14 17:24:46 - [MESSAGE][PASSED] - Current window's title is: 'LOGO e-Fatura'

2021-10-14 17:24:46 - [TEST_STEP][PASSED] - verifyMatch(Sayfa_Basligi, "LOGO e-Fatura", false): Actual text 'LOGO e-Fatura' and expected text 'LOGO e-Fatura' are matched 

2021-10-14 17:24:46 - [MESSAGE][INFO] - Matching actual text 'LOGO e-Fatura' with expected text 'LOGO e-Fatura'

2021-10-14 17:24:46 - [MESSAGE][PASSED] - Actual text 'LOGO e-Fatura' and expected text 'LOGO e-Fatura' are matched 

2021-10-14 17:24:46 - [TEST_STEP][PASSED] - sendKeys(findTestObject("Sayfalar/Giris_Sayfasi/Firma_Kodu"), KullaniciAdi): Keys 'ELOGO6' sent to object: 'Object Repository/Sayfalar/Giris_Sayfasi/Firma_Kodu'

2021-10-14 17:24:46 - [MESSAGE][INFO] - Finding Test Object 'Object Repository/Sayfalar/Giris_Sayfasi/Firma_Kodu'

2021-10-14 17:24:46 - [MESSAGE][INFO] - Sending keys 'ELOGO6' to object: 'Object Repository/Sayfalar/Giris_Sayfasi/Firma_Kodu'

2021-10-14 17:24:46 - [MESSAGE][INFO] - Finding web element from Test Object's properties

2021-10-14 17:24:46 - [MESSAGE][INFO] - Checking timeout

2021-10-14 17:24:46 - [MESSAGE][INFO] - Finding web element with id: 'Object Repository/Sayfalar/Giris_Sayfasi/Firma_Kodu' located by 'By.xpath: //*[@id = 'AccountName']' in '30' second(s)

2021-10-14 17:24:46 - [MESSAGE][INFO] - Smart Wait Function is triggered

2021-10-14 17:24:47 - [MESSAGE][INFO] - Found 1 web elements with id: 'Object Repository/Sayfalar/Giris_Sayfasi/Firma_Kodu' located by 'By.xpath: //*[@id = 'AccountName']' in '30' second(s)

2021-10-14 17:24:47 - [MESSAGE][PASSED] - Keys 'ELOGO6' sent to object: 'Object Repository/Sayfalar/Giris_Sayfasi/Firma_Kodu'

2021-10-14 17:24:47 - [TEST_STEP][PASSED] - sendKeys(findTestObject("Sayfalar/Giris_Sayfasi/Sifre"), Sifre): Keys '123456' sent to object: 'Object Repository/Sayfalar/Giris_Sayfasi/Sifre'

2021-10-14 17:24:47 - [MESSAGE][INFO] - Finding Test Object 'Object Repository/Sayfalar/Giris_Sayfasi/Sifre'

2021-10-14 17:24:47 - [MESSAGE][INFO] - Sending keys '123456' to object: 'Object Repository/Sayfalar/Giris_Sayfasi/Sifre'

2021-10-14 17:24:47 - [MESSAGE][INFO] - Finding web element from Test Object's properties

2021-10-14 17:24:47 - [MESSAGE][INFO] - Checking timeout

2021-10-14 17:24:47 - [MESSAGE][INFO] - Finding web element with id: 'Object Repository/Sayfalar/Giris_Sayfasi/Sifre' located by 'By.xpath: //*[@id = 'Password']' in '30' second(s)

2021-10-14 17:24:47 - [MESSAGE][INFO] - Smart Wait Function is triggered

2021-10-14 17:24:47 - [MESSAGE][INFO] - Found 1 web elements with id: 'Object Repository/Sayfalar/Giris_Sayfasi/Sifre' located by 'By.xpath: //*[@id = 'Password']' in '30' second(s)

2021-10-14 17:24:48 - [MESSAGE][PASSED] - Keys '123456' sent to object: 'Object Repository/Sayfalar/Giris_Sayfasi/Sifre'

2021-10-14 17:24:48 - [TEST_STEP][PASSED] - findWebElement(findTestObject("Sayfalar/Giris_Sayfasi/Giris_Butonu")).click(): Found 1 web elements with id: 'Object Repository/Sayfalar/Giris_Sayfasi/Giris_Butonu' located by 'By.cssSelector: #btnLogin' in '30' second(s)

2021-10-14 17:24:48 - [MESSAGE][INFO] - Finding Test Object 'Object Repository/Sayfalar/Giris_Sayfasi/Giris_Butonu'

2021-10-14 17:24:48 - [MESSAGE][INFO] - Finding web element from Test Object's properties

2021-10-14 17:24:48 - [MESSAGE][INFO] - Checking timeout

2021-10-14 17:24:48 - [MESSAGE][INFO] - Finding web element with id: 'Object Repository/Sayfalar/Giris_Sayfasi/Giris_Butonu' located by 'By.cssSelector: #btnLogin' in '30' second(s)

2021-10-14 17:24:48 - [MESSAGE][INFO] - Smart Wait Function is triggered

2021-10-14 17:24:48 - [MESSAGE][INFO] - Found 1 web elements with id: 'Object Repository/Sayfalar/Giris_Sayfasi/Giris_Butonu' located by 'By.cssSelector: #btnLogin' in '30' second(s)

2021-10-14 17:24:51 - [TEST_STEP][PASSED] - if (verifyElementPresent(findTestObject("Object Repository/Sayfalar/Giris_Sayfasi/RetveTamam_Butonu"), 5, OPTIONAL)): null

2021-10-14 17:24:51 - [MESSAGE][INFO] - Finding Test Object 'Object Repository/Sayfalar/Giris_Sayfasi/RetveTamam_Butonu'

2021-10-14 17:24:51 - [MESSAGE][INFO] - Checking object

2021-10-14 17:24:51 - [MESSAGE][INFO] - Finding web element from Test Object's properties

2021-10-14 17:24:51 - [MESSAGE][INFO] - Checking timeout

2021-10-14 17:24:51 - [MESSAGE][INFO] - Finding web element with id: 'Object Repository/Sayfalar/Giris_Sayfasi/RetveTamam_Butonu' located by 'By.xpath: //*[@class = 'btn btn-default']' in '5' second(s)

2021-10-14 17:24:51 - [MESSAGE][INFO] - Smart Wait Function is triggered

2021-10-14 17:24:51 - [MESSAGE][INFO] - Found 1 web elements with id: 'Object Repository/Sayfalar/Giris_Sayfasi/RetveTamam_Butonu' located by 'By.xpath: //*[@class = 'btn btn-default']' in '5' second(s)

2021-10-14 17:24:51 - [MESSAGE][PASSED] - Object 'Object Repository/Sayfalar/Giris_Sayfasi/RetveTamam_Butonu' is present

2021-10-14 17:24:51 - [TEST_STEP][PASSED] - click(findTestObject("Object Repository/Sayfalar/Giris_Sayfasi/RetveTamam_Butonu")): Object: 'Object Repository/Sayfalar/Giris_Sayfasi/RetveTamam_Butonu' is clicked on

2021-10-14 17:24:51 - [MESSAGE][INFO] - Finding Test Object 'Object Repository/Sayfalar/Giris_Sayfasi/RetveTamam_Butonu'

2021-10-14 17:24:52 - [MESSAGE][INFO] - Checking object

2021-10-14 17:24:52 - [MESSAGE][INFO] - Finding web element from Test Object's properties

2021-10-14 17:24:52 - [MESSAGE][INFO] - Checking timeout

2021-10-14 17:24:52 - [MESSAGE][INFO] - Finding web element with id: 'Object Repository/Sayfalar/Giris_Sayfasi/RetveTamam_Butonu' located by 'By.xpath: //*[@class = 'btn btn-default']' in '30' second(s)

2021-10-14 17:24:52 - [MESSAGE][INFO] - Smart Wait Function is triggered

2021-10-14 17:24:52 - [MESSAGE][INFO] - Found 1 web elements with id: 'Object Repository/Sayfalar/Giris_Sayfasi/RetveTamam_Butonu' located by 'By.xpath: //*[@class = 'btn btn-default']' in '30' second(s)

2021-10-14 17:24:52 - [MESSAGE][INFO] - Clicking on object: 'Object Repository/Sayfalar/Giris_Sayfasi/RetveTamam_Butonu'

2021-10-14 17:24:52 - [MESSAGE][PASSED] - Object: 'Object Repository/Sayfalar/Giris_Sayfasi/RetveTamam_Butonu' is clicked on

2021-10-14 17:24:52 - [TEST_STEP][PASSED] - click(findTestObject("Object Repository/Sayfalar/Giris_Sayfasi/RetveTamam_Butonu")): Object: 'Object Repository/Sayfalar/Giris_Sayfasi/RetveTamam_Butonu' is clicked on

2021-10-14 17:24:52 - [MESSAGE][INFO] - Finding Test Object 'Object Repository/Sayfalar/Giris_Sayfasi/RetveTamam_Butonu'

2021-10-14 17:24:52 - [MESSAGE][INFO] - Checking object

2021-10-14 17:24:52 - [MESSAGE][INFO] - Finding web element from Test Object's properties

2021-10-14 17:24:52 - [MESSAGE][INFO] - Checking timeout

2021-10-14 17:24:52 - [MESSAGE][INFO] - Finding web element with id: 'Object Repository/Sayfalar/Giris_Sayfasi/RetveTamam_Butonu' located by 'By.xpath: //*[@class = 'btn btn-default']' in '30' second(s)

2021-10-14 17:24:52 - [MESSAGE][INFO] - Smart Wait Function is triggered

2021-10-14 17:24:55 - [MESSAGE][INFO] - Found 1 web elements with id: 'Object Repository/Sayfalar/Giris_Sayfasi/RetveTamam_Butonu' located by 'By.xpath: //*[@class = 'btn btn-default']' in '30' second(s)

2021-10-14 17:24:55 - [MESSAGE][INFO] - Clicking on object: 'Object Repository/Sayfalar/Giris_Sayfasi/RetveTamam_Butonu'

2021-10-14 17:24:55 - [MESSAGE][PASSED] - Object: 'Object Repository/Sayfalar/Giris_Sayfasi/RetveTamam_Butonu' is clicked on

2021-10-14 17:24:55 - [TEST_STEP][PASSED] - if (verifyElementPresent(findTestObject("Sayfalar/Giris_Sayfasi/PopupOK"), 5, OPTIONAL)): null

2021-10-14 17:24:55 - [MESSAGE][INFO] - Finding Test Object 'Object Repository/Sayfalar/Giris_Sayfasi/PopupOK'

2021-10-14 17:24:55 - [MESSAGE][INFO] - Checking object

2021-10-14 17:24:55 - [MESSAGE][INFO] - Finding web element from Test Object's properties

2021-10-14 17:24:55 - [MESSAGE][INFO] - Checking timeout

2021-10-14 17:24:55 - [MESSAGE][INFO] - Finding web element with id: 'Object Repository/Sayfalar/Giris_Sayfasi/PopupOK' located by 'By.cssSelector: .btn.btn-success' in '5' second(s)

2021-10-14 17:24:55 - [MESSAGE][INFO] - Smart Wait Function is triggered

2021-10-14 17:24:56 - [MESSAGE][INFO] - Found 1 web elements with id: 'Object Repository/Sayfalar/Giris_Sayfasi/PopupOK' located by 'By.cssSelector: .btn.btn-success' in '5' second(s)

2021-10-14 17:24:56 - [MESSAGE][PASSED] - Object 'Object Repository/Sayfalar/Giris_Sayfasi/PopupOK' is present

2021-10-14 17:24:56 - [TEST_STEP][PASSED] - click(findTestObject("Object Repository/Sayfalar/Giris_Sayfasi/PopupCarpiGiris")): Object: 'Object Repository/Sayfalar/Giris_Sayfasi/PopupCarpiGiris' is clicked on

2021-10-14 17:24:56 - [MESSAGE][INFO] - Finding Test Object 'Object Repository/Sayfalar/Giris_Sayfasi/PopupCarpiGiris'

2021-10-14 17:24:56 - [MESSAGE][INFO] - Checking object

2021-10-14 17:24:56 - [MESSAGE][INFO] - Finding web element from Test Object's properties

2021-10-14 17:24:56 - [MESSAGE][INFO] - Checking timeout

2021-10-14 17:24:56 - [MESSAGE][INFO] - Finding web element with id: 'Object Repository/Sayfalar/Giris_Sayfasi/PopupCarpiGiris' located by 'By.cssSelector: .bootbox-close-button.close' in '30' second(s)

2021-10-14 17:24:56 - [MESSAGE][INFO] - Smart Wait Function is triggered

2021-10-14 17:24:57 - [MESSAGE][INFO] - Found 1 web elements with id: 'Object Repository/Sayfalar/Giris_Sayfasi/PopupCarpiGiris' located by 'By.cssSelector: .bootbox-close-button.close' in '30' second(s)

2021-10-14 17:24:57 - [MESSAGE][INFO] - Clicking on object: 'Object Repository/Sayfalar/Giris_Sayfasi/PopupCarpiGiris'

2021-10-14 17:24:57 - [MESSAGE][PASSED] - Object: 'Object Repository/Sayfalar/Giris_Sayfasi/PopupCarpiGiris' is clicked on

2021-10-14 17:24:57 - [TEST_STEP][PASSED] - verifyElementVisible(findTestObject("Object Repository/Kullanici_Islemleri/KullaniciIslemleri")): Object 'Object Repository/Kullanici_Islemleri/KullaniciIslemleri' is visible

2021-10-14 17:24:57 - [MESSAGE][INFO] - Finding Test Object 'Object Repository/Kullanici_Islemleri/KullaniciIslemleri'

2021-10-14 17:24:57 - [MESSAGE][INFO] - Checking object

2021-10-14 17:24:57 - [MESSAGE][INFO] - Finding web element from Test Object's properties

2021-10-14 17:24:57 - [MESSAGE][INFO] - Checking timeout

2021-10-14 17:24:57 - [MESSAGE][INFO] - Finding web element with id: 'Object Repository/Kullanici_Islemleri/KullaniciIslemleri' located by 'By.cssSelector: .dropdown>a>img' in '30' second(s)

2021-10-14 17:24:57 - [MESSAGE][INFO] - Smart Wait Function is triggered

2021-10-14 17:24:57 - [MESSAGE][INFO] - Found 1 web elements with id: 'Object Repository/Kullanici_Islemleri/KullaniciIslemleri' located by 'By.cssSelector: .dropdown>a>img' in '30' second(s)

2021-10-14 17:24:57 - [MESSAGE][PASSED] - Object 'Object Repository/Kullanici_Islemleri/KullaniciIslemleri' is visible

2021-10-14 17:24:57 - [MESSAGE][PASSED] - Call Test Case 'Test Cases/Sayfalar/Giris_Sayfasi/Login' successfully

2021-10-14 17:24:57 - [MESSAGE][INFO] - Checking called Test Case

2021-10-14 17:24:57 - [MESSAGE][INFO] - Starting to call Test Case 'Test Cases/Menu/AnaMenuSecimi'

2021-10-14 17:24:58 - [TEST_CASE][PASSED] - Test Cases/Menu/AnaMenuSecimi: Test Cases/Menu/AnaMenuSecimi

2021-10-14 17:24:58 - [TEST_STEP][PASSED] - Method.TextDegerineEsitElementeTikla(findTestObject("Menu/Ana_Menu"), Ana_Menu): Method.TextDegerineEsitElementeTikla is PASSED

2021-10-14 17:24:58 - [MESSAGE][INFO] - Finding Test Object 'Object Repository/Menu/Ana_Menu'

2021-10-14 17:24:58 - [MESSAGE][INFO] - Checking timeout

2021-10-14 17:24:58 - [MESSAGE][INFO] - Finding web element with id: 'Object Repository/Menu/Ana_Menu' located by 'By.xpath: //*[@class = 'dropdown-toggle']' in '10' second(s)

2021-10-14 17:24:58 - [MESSAGE][INFO] - Smart Wait Function is triggered

2021-10-14 17:24:58 - [MESSAGE][INFO] - Found 14 web elements with id: 'Object Repository/Menu/Ana_Menu' located by 'By.xpath: //*[@class = 'dropdown-toggle']' in '10' second(s)

2021-10-14 17:24:58 - [MESSAGE][PASSED] - Method.TextDegerineEsitElementeTikla is PASSED

2021-10-14 17:24:58 - [MESSAGE][PASSED] - Call Test Case 'Test Cases/Menu/AnaMenuSecimi' successfully

2021-10-14 17:24:58 - [MESSAGE][INFO] - Checking called Test Case

2021-10-14 17:24:58 - [MESSAGE][INFO] - Starting to call Test Case 'Test Cases/Menu/BasligaGoreAltMenuSecimi'

2021-10-14 17:24:58 - [TEST_CASE][PASSED] - Test Cases/Menu/BasligaGoreAltMenuSecimi: Test Cases/Menu/BasligaGoreAltMenuSecimi

2021-10-14 17:24:58 - [TEST_STEP][PASSED] - Method.TextDegerineEsitElementinAltindakiTextDegerineEsitOlanaTikla(findTestObject("Menu/Menu_Basligi"), findTestObject("Menu/Basliga_Gore_Alt_Menu"), Baslik, Alt_Menu): Method.TextDegerineEsitElementinAltindakiTextDegerineEsitOlanaTikla is PASSED

2021-10-14 17:24:58 - [MESSAGE][INFO] - Finding Test Object 'Object Repository/Menu/Menu_Basligi'

2021-10-14 17:24:58 - [MESSAGE][INFO] - Finding Test Object 'Object Repository/Menu/Basliga_Gore_Alt_Menu'

2021-10-14 17:24:58 - [MESSAGE][INFO] - Checking timeout

2021-10-14 17:24:58 - [MESSAGE][INFO] - Finding web element with id: 'Object Repository/Menu/Menu_Basligi' located by 'By.xpath: //li[@class='dropdown dropdown-large open']//li[@class='dropdown-header']' in '10' second(s)

2021-10-14 17:24:58 - [MESSAGE][INFO] - Smart Wait Function is triggered

2021-10-14 17:24:59 - [MESSAGE][INFO] - Found 3 web elements with id: 'Object Repository/Menu/Menu_Basligi' located by 'By.xpath: //li[@class='dropdown dropdown-large open']//li[@class='dropdown-header']' in '10' second(s)

2021-10-14 17:24:59 - [MESSAGE][INFO] - Smart Wait Function is triggered

2021-10-14 17:25:02 - [MESSAGE][PASSED] - Method.TextDegerineEsitElementinAltindakiTextDegerineEsitOlanaTikla is PASSED

2021-10-14 17:25:02 - [MESSAGE][PASSED] - Call Test Case 'Test Cases/Menu/BasligaGoreAltMenuSecimi' successfully

2021-10-14 17:25:02 - [MESSAGE][INFO] - Checking called Test Case

2021-10-14 17:25:02 - [MESSAGE][INFO] - Starting to call Test Case 'Test Cases/Filtreler/BaslangicYaz'

2021-10-14 17:25:02 - [TEST_CASE][PASSED] - Test Cases/Filtreler/BaslangicYaz: Test Cases/Filtreler/BaslangicYaz

2021-10-14 17:25:02 - [TEST_STEP][PASSED] - Method.TextDegerineEsitElementinAltindakineTikla(findTestObject("Filtreler/Basliklar"), findTestObject("Filtreler/Basliga_Gore_Baslangic_Image"), Filtre_Adi): Method.TextDegerineEsitElementinAltindakineTikla is PASSED

2021-10-14 17:25:02 - [MESSAGE][INFO] - Finding Test Object 'Object Repository/Filtreler/Basliklar'

2021-10-14 17:25:02 - [MESSAGE][INFO] - Finding Test Object 'Object Repository/Filtreler/Basliga_Gore_Baslangic_Image'

2021-10-14 17:25:02 - [MESSAGE][INFO] - Checking timeout

2021-10-14 17:25:02 - [MESSAGE][INFO] - Finding web element with id: 'Object Repository/Filtreler/Basliklar' located by 'By.cssSelector: .control-label.col-sm-4.paddingMarginRLC' in '10' second(s)

2021-10-14 17:25:02 - [MESSAGE][INFO] - Smart Wait Function is triggered

2021-10-14 17:25:03 - [MESSAGE][INFO] - Found 13 web elements with id: 'Object Repository/Filtreler/Basliklar' located by 'By.cssSelector: .control-label.col-sm-4.paddingMarginRLC' in '10' second(s)

2021-10-14 17:25:03 - [MESSAGE][INFO] - Smart Wait Function is triggered

2021-10-14 17:25:03 - [MESSAGE][PASSED] - Method.TextDegerineEsitElementinAltindakineTikla is PASSED

2021-10-14 17:25:03 - [TEST_STEP][PASSED] - Method.TextDegerineEsitElementinAltindakiTextboxtaYaz(findTestObject("Filtreler/Basliklar"), findTestObject("Filtreler/Basliga_Gore_Baslangic"), Filtre_Adi, Filtre_Degeri): Method.TextDegerineEsitElementinAltindakiTextboxtaYaz is PASSED

2021-10-14 17:25:03 - [MESSAGE][INFO] - Finding Test Object 'Object Repository/Filtreler/Basliklar'

2021-10-14 17:25:03 - [MESSAGE][INFO] - Finding Test Object 'Object Repository/Filtreler/Basliga_Gore_Baslangic'

2021-10-14 17:25:03 - [MESSAGE][INFO] - Checking timeout

2021-10-14 17:25:03 - [MESSAGE][INFO] - Finding web element with id: 'Object Repository/Filtreler/Basliklar' located by 'By.cssSelector: .control-label.col-sm-4.paddingMarginRLC' in '10' second(s)

2021-10-14 17:25:03 - [MESSAGE][INFO] - Smart Wait Function is triggered

2021-10-14 17:25:03 - [MESSAGE][INFO] - Found 13 web elements with id: 'Object Repository/Filtreler/Basliklar' located by 'By.cssSelector: .control-label.col-sm-4.paddingMarginRLC' in '10' second(s)

2021-10-14 17:25:04 - [MESSAGE][INFO] - Smart Wait Function is triggered

2021-10-14 17:25:04 - [MESSAGE][PASSED] - Method.TextDegerineEsitElementinAltindakiTextboxtaYaz is PASSED

2021-10-14 17:25:04 - [MESSAGE][PASSED] - Call Test Case 'Test Cases/Filtreler/BaslangicYaz' successfully

2021-10-14 17:25:04 - [MESSAGE][INFO] - Checking called Test Case

2021-10-14 17:25:04 - [MESSAGE][INFO] - Starting to call Test Case 'Test Cases/Filtreler/BitisYaz'

2021-10-14 17:25:04 - [TEST_CASE][PASSED] - Test Cases/Filtreler/BitisYaz: Test Cases/Filtreler/BitisYaz

2021-10-14 17:25:04 - [TEST_STEP][PASSED] - Method.TextDegerineEsitElementinAltindakineTikla(findTestObject("Filtreler/Basliklar"), findTestObject("Filtreler/Basliga_Gore_Bitis_Image"), Filtre_Adi): Method.TextDegerineEsitElementinAltindakineTikla is PASSED

2021-10-14 17:25:04 - [MESSAGE][INFO] - Finding Test Object 'Object Repository/Filtreler/Basliklar'

2021-10-14 17:25:04 - [MESSAGE][INFO] - Finding Test Object 'Object Repository/Filtreler/Basliga_Gore_Bitis_Image'

2021-10-14 17:25:04 - [MESSAGE][INFO] - Checking timeout

2021-10-14 17:25:04 - [MESSAGE][INFO] - Finding web element with id: 'Object Repository/Filtreler/Basliklar' located by 'By.cssSelector: .control-label.col-sm-4.paddingMarginRLC' in '10' second(s)

2021-10-14 17:25:04 - [MESSAGE][INFO] - Smart Wait Function is triggered

2021-10-14 17:25:05 - [MESSAGE][INFO] - Found 13 web elements with id: 'Object Repository/Filtreler/Basliklar' located by 'By.cssSelector: .control-label.col-sm-4.paddingMarginRLC' in '10' second(s)

2021-10-14 17:25:05 - [MESSAGE][INFO] - Smart Wait Function is triggered

2021-10-14 17:25:05 - [MESSAGE][PASSED] - Method.TextDegerineEsitElementinAltindakineTikla is PASSED

2021-10-14 17:25:05 - [TEST_STEP][PASSED] - Method.TextDegerineEsitElementinAltindakiTextboxtaYaz(findTestObject("Filtreler/Basliklar"), findTestObject("Object Repository/Filtreler/Basliga_Gore_Bitis"), Filtre_Adi, Filtre_Degeri): Method.TextDegerineEsitElementinAltindakiTextboxtaYaz is PASSED

2021-10-14 17:25:05 - [MESSAGE][INFO] - Finding Test Object 'Object Repository/Filtreler/Basliklar'

2021-10-14 17:25:05 - [MESSAGE][INFO] - Finding Test Object 'Object Repository/Filtreler/Basliga_Gore_Bitis'

2021-10-14 17:25:05 - [MESSAGE][INFO] - Checking timeout

2021-10-14 17:25:05 - [MESSAGE][INFO] - Finding web element with id: 'Object Repository/Filtreler/Basliklar' located by 'By.cssSelector: .control-label.col-sm-4.paddingMarginRLC' in '10' second(s)

2021-10-14 17:25:05 - [MESSAGE][INFO] - Smart Wait Function is triggered

2021-10-14 17:25:06 - [MESSAGE][INFO] - Found 13 web elements with id: 'Object Repository/Filtreler/Basliklar' located by 'By.cssSelector: .control-label.col-sm-4.paddingMarginRLC' in '10' second(s)

2021-10-14 17:25:06 - [MESSAGE][INFO] - Smart Wait Function is triggered

2021-10-14 17:25:06 - [MESSAGE][PASSED] - Method.TextDegerineEsitElementinAltindakiTextboxtaYaz is PASSED

2021-10-14 17:25:06 - [MESSAGE][PASSED] - Call Test Case 'Test Cases/Filtreler/BitisYaz' successfully

2021-10-14 17:25:06 - [MESSAGE][INFO] - Checking called Test Case

2021-10-14 17:25:06 - [MESSAGE][INFO] - Starting to call Test Case 'Test Cases/Filtreler/TexboxaYaz'

2021-10-14 17:25:06 - [TEST_CASE][PASSED] - Test Cases/Filtreler/TexboxaYaz: Test Cases/Filtreler/TexboxaYaz

2021-10-14 17:25:06 - [TEST_STEP][PASSED] - Method.TextDegerineEsitElementinAltindakiTextboxtaYaz(findTestObject("Filtreler/Basliklar"), findTestObject("Filtreler/Basliga_Gore_Textbox"), Filtre_Adi, Filtre_Degeri): Method.TextDegerineEsitElementinAltindakiTextboxtaYaz is PASSED

2021-10-14 17:25:06 - [MESSAGE][INFO] - Finding Test Object 'Object Repository/Filtreler/Basliklar'

2021-10-14 17:25:06 - [MESSAGE][INFO] - Finding Test Object 'Object Repository/Filtreler/Basliga_Gore_Textbox'

2021-10-14 17:25:07 - [MESSAGE][INFO] - Checking timeout

2021-10-14 17:25:07 - [MESSAGE][INFO] - Finding web element with id: 'Object Repository/Filtreler/Basliklar' located by 'By.cssSelector: .control-label.col-sm-4.paddingMarginRLC' in '10' second(s)

2021-10-14 17:25:07 - [MESSAGE][INFO] - Smart Wait Function is triggered

2021-10-14 17:25:07 - [MESSAGE][INFO] - Found 13 web elements with id: 'Object Repository/Filtreler/Basliklar' located by 'By.cssSelector: .control-label.col-sm-4.paddingMarginRLC' in '10' second(s)

2021-10-14 17:25:07 - [MESSAGE][INFO] - Smart Wait Function is triggered

2021-10-14 17:25:07 - [MESSAGE][PASSED] - Method.TextDegerineEsitElementinAltindakiTextboxtaYaz is PASSED

2021-10-14 17:25:07 - [MESSAGE][PASSED] - Call Test Case 'Test Cases/Filtreler/TexboxaYaz' successfully

2021-10-14 17:25:07 - [MESSAGE][INFO] - Checking called Test Case

2021-10-14 17:25:07 - [MESSAGE][INFO] - Starting to call Test Case 'Test Cases/Filtreler/ButonaTikla'

2021-10-14 17:25:07 - [TEST_CASE][PASSED] - Test Cases/Filtreler/ButonaTikla: Test Cases/Filtreler/ButonaTikla

2021-10-14 17:25:07 - [TEST_STEP][PASSED] - Method.TextDegerineEsitElementeTikla(findTestObject("Filtreler/Butonlar"), Filtre_Buton): Method.TextDegerineEsitElementeTikla is PASSED

2021-10-14 17:25:07 - [MESSAGE][INFO] - Finding Test Object 'Object Repository/Filtreler/Butonlar'

2021-10-14 17:25:07 - [MESSAGE][INFO] - Checking timeout

2021-10-14 17:25:07 - [MESSAGE][INFO] - Finding web element with id: 'Object Repository/Filtreler/Butonlar' located by 'By.cssSelector: .dxb>span' in '10' second(s)

2021-10-14 17:25:07 - [MESSAGE][INFO] - Smart Wait Function is triggered

2021-10-14 17:25:08 - [MESSAGE][INFO] - Found 3 web elements with id: 'Object Repository/Filtreler/Butonlar' located by 'By.cssSelector: .dxb>span' in '10' second(s)

2021-10-14 17:25:08 - [MESSAGE][PASSED] - Method.TextDegerineEsitElementeTikla is PASSED

2021-10-14 17:25:08 - [MESSAGE][PASSED] - Call Test Case 'Test Cases/Filtreler/ButonaTikla' successfully

2021-10-14 17:25:08 - [MESSAGE][INFO] - Checking called Test Case

2021-10-14 17:25:08 - [MESSAGE][INFO] - Starting to call Test Case 'Test Cases/Tablo/TablodaVeriVarMi'

2021-10-14 17:25:08 - [TEST_CASE][PASSED] - Test Cases/Tablo/TablodaVeriVarMi: Test Cases/Tablo/TablodaVeriVarMi

2021-10-14 17:25:08 - [TEST_STEP][PASSED] - verifyTextNotPresent("Görüntülenecek veri yok", true): Text 'Görüntülenecek veri yok' is not present on page using regular expression

2021-10-14 17:25:08 - [MESSAGE][INFO] - Checking text present  using regular expression

2021-10-14 17:25:08 - [MESSAGE][INFO] - Smart Wait Function is triggered

2021-10-14 17:25:09 - [MESSAGE][INFO] - Finding text 'Görüntülenecek veri yok' on page  using regular expression

2021-10-14 17:25:09 - [MESSAGE][PASSED] - Text 'Görüntülenecek veri yok' is not present on page using regular expression

2021-10-14 17:25:09 - [MESSAGE][PASSED] - Call Test Case 'Test Cases/Tablo/TablodaVeriVarMi' successfully

2021-10-14 17:25:09 - [MESSAGE][INFO] - Checking called Test Case

2021-10-14 17:25:09 - [MESSAGE][INFO] - Starting to call Test Case 'Test Cases/Tablo/TablodanVeriSec'

2021-10-14 17:25:09 - [TEST_CASE][PASSED] - Test Cases/Tablo/TablodanVeriSec: Test Cases/Tablo/TablodanVeriSec

2021-10-14 17:25:09 - [TEST_STEP][PASSED] - Method.TextDegerineEsitElementinAltindakineTikla(findTestObject("Tablo/Veriler"), findTestObject("Tablo/VerininCheckBoxi"), Veri_Adi): Method.TextDegerineEsitElementinAltindakineTikla is PASSED

2021-10-14 17:25:09 - [MESSAGE][INFO] - Finding Test Object 'Object Repository/Tablo/Veriler'

2021-10-14 17:25:09 - [MESSAGE][INFO] - Finding Test Object 'Object Repository/Tablo/VerininCheckBoxi'

2021-10-14 17:25:09 - [MESSAGE][INFO] - Checking timeout

2021-10-14 17:25:09 - [MESSAGE][INFO] - Finding web element with id: 'Object Repository/Tablo/Veriler' located by 'By.cssSelector: td.dxgv b ,td.dxgv' in '10' second(s)

2021-10-14 17:25:09 - [MESSAGE][INFO] - Smart Wait Function is triggered

2021-10-14 17:25:09 - [MESSAGE][INFO] - Found 26 web elements with id: 'Object Repository/Tablo/Veriler' located by 'By.cssSelector: td.dxgv b ,td.dxgv' in '10' second(s)

2021-10-14 17:25:09 - [MESSAGE][INFO] - Smart Wait Function is triggered

2021-10-14 17:25:10 - [MESSAGE][PASSED] - Method.TextDegerineEsitElementinAltindakineTikla is PASSED

2021-10-14 17:25:10 - [MESSAGE][PASSED] - Call Test Case 'Test Cases/Tablo/TablodanVeriSec' successfully

2021-10-14 17:25:10 - [MESSAGE][INFO] - Checking called Test Case

2021-10-14 17:25:10 - [MESSAGE][INFO] - Starting to call Test Case 'Test Cases/Butonlar/ButonaTikla'

2021-10-14 17:25:10 - [TEST_CASE][PASSED] - Test Cases/Butonlar/ButonaTikla: Test Cases/Butonlar/ButonaTikla

2021-10-14 17:25:10 - [TEST_STEP][PASSED] - Method.TextDegerineEsitElementeTiklaEquals(findTestObject("Butonlar/Butonlar"), Buton_Adi): Method.TextDegerineEsitElementeTiklaEquals is PASSED

2021-10-14 17:25:10 - [MESSAGE][INFO] - Finding Test Object 'Object Repository/Butonlar/Butonlar'

2021-10-14 17:25:10 - [MESSAGE][INFO] - Checking timeout

2021-10-14 17:25:10 - [MESSAGE][INFO] - Finding web element with id: 'Object Repository/Butonlar/Butonlar' located by 'By.cssSelector: .panel.panel-default.text-center.footerPanel .btn,.btn.btn-primary.btnControls' in '10' second(s)

2021-10-14 17:25:10 - [MESSAGE][INFO] - Smart Wait Function is triggered

2021-10-14 17:25:10 - [MESSAGE][INFO] - Found 7 web elements with id: 'Object Repository/Butonlar/Butonlar' located by 'By.cssSelector: .panel.panel-default.text-center.footerPanel .btn,.btn.btn-primary.btnControls' in '10' second(s)

2021-10-14 17:25:10 - [MESSAGE][PASSED] - Method.TextDegerineEsitElementeTiklaEquals is PASSED

2021-10-14 17:25:10 - [MESSAGE][PASSED] - Call Test Case 'Test Cases/Butonlar/ButonaTikla' successfully

2021-10-14 17:25:10 - [MESSAGE][INFO] - Checking called Test Case

2021-10-14 17:25:10 - [MESSAGE][INFO] - Starting to call Test Case 'Test Cases/Butonlar/AltButonaTikla'

2021-10-14 17:25:10 - [TEST_CASE][PASSED] - Test Cases/Butonlar/AltButonaTikla: Test Cases/Butonlar/AltButonaTikla

2021-10-14 17:25:10 - [TEST_STEP][PASSED] - Method.TextDegerineEsitElementeTikla(findTestObject("Butonlar/AltButonlar"), Alt_Buton): Method.TextDegerineEsitElementeTikla is PASSED

2021-10-14 17:25:10 - [MESSAGE][INFO] - Finding Test Object 'Object Repository/Butonlar/AltButonlar'

2021-10-14 17:25:10 - [MESSAGE][INFO] - Checking timeout

2021-10-14 17:25:10 - [MESSAGE][INFO] - Finding web element with id: 'Object Repository/Butonlar/AltButonlar' located by 'By.cssSelector: .btn-group.open li>a' in '10' second(s)

2021-10-14 17:25:10 - [MESSAGE][INFO] - Smart Wait Function is triggered

2021-10-14 17:25:11 - [MESSAGE][INFO] - Found 2 web elements with id: 'Object Repository/Butonlar/AltButonlar' located by 'By.cssSelector: .btn-group.open li>a' in '10' second(s)

2021-10-14 17:25:11 - [MESSAGE][PASSED] - Method.TextDegerineEsitElementeTikla is PASSED

2021-10-14 17:25:11 - [MESSAGE][PASSED] - Call Test Case 'Test Cases/Butonlar/AltButonaTikla' successfully

2021-10-14 17:25:11 - [MESSAGE][INFO] - Checking called Test Case

2021-10-14 17:25:11 - [MESSAGE][INFO] - Starting to call Test Case 'Test Cases/Popup/PopupMesajiIceriyorMu'

2021-10-14 17:25:11 - [TEST_CASE][PASSED] - Test Cases/Popup/PopupMesajiIceriyorMu: Test Cases/Popup/PopupMesajiIceriyorMu

2021-10-14 17:25:11 - [TEST_STEP][PASSED] - waitForElementVisible(findTestObject("Popup/Popup"), 10): Object 'Object Repository/Popup/Popup' is visible

2021-10-14 17:25:11 - [MESSAGE][INFO] - Finding Test Object 'Object Repository/Popup/Popup'

2021-10-14 17:25:11 - [MESSAGE][INFO] - Checking object

2021-10-14 17:25:11 - [MESSAGE][INFO] - Checking timeout

2021-10-14 17:25:11 - [MESSAGE][INFO] - Finding web element from Test Object's properties

2021-10-14 17:25:11 - [MESSAGE][INFO] - Checking timeout

2021-10-14 17:25:11 - [MESSAGE][INFO] - Finding web element with id: 'Object Repository/Popup/Popup' located by 'By.cssSelector: .bootbox-body' in '10' second(s)

2021-10-14 17:25:11 - [MESSAGE][INFO] - Smart Wait Function is triggered

2021-10-14 17:25:12 - [MESSAGE][INFO] - Found 1 web elements with id: 'Object Repository/Popup/Popup' located by 'By.cssSelector: .bootbox-body' in '10' second(s)

2021-10-14 17:25:12 - [MESSAGE][PASSED] - Object 'Object Repository/Popup/Popup' is visible

2021-10-14 17:25:12 - [TEST_STEP][PASSED] - if (!(getText(findTestObject("Popup/Popup")).contains(Mesaj))): Text of object 'Object Repository/Popup/Popup' is: 'Lütfen rapor bildiriminin gönderileceği e-posta adresini belirtiniz.
e-Posta Adresi'

2021-10-14 17:25:12 - [MESSAGE][INFO] - Finding Test Object 'Object Repository/Popup/Popup'

2021-10-14 17:25:12 - [MESSAGE][INFO] - Checking object

2021-10-14 17:25:12 - [MESSAGE][INFO] - Finding web element from Test Object's properties

2021-10-14 17:25:12 - [MESSAGE][INFO] - Checking timeout

2021-10-14 17:25:12 - [MESSAGE][INFO] - Finding web element with id: 'Object Repository/Popup/Popup' located by 'By.cssSelector: .bootbox-body' in '30' second(s)

2021-10-14 17:25:12 - [MESSAGE][INFO] - Smart Wait Function is triggered

2021-10-14 17:25:12 - [MESSAGE][INFO] - Found 1 web elements with id: 'Object Repository/Popup/Popup' located by 'By.cssSelector: .bootbox-body' in '30' second(s)

2021-10-14 17:25:12 - [MESSAGE][INFO] - Getting text of object 'Object Repository/Popup/Popup'

2021-10-14 17:25:12 - [MESSAGE][PASSED] - Text of object 'Object Repository/Popup/Popup' is: 'Lütfen rapor bildiriminin gönderileceği e-posta adresini belirtiniz.
e-Posta Adresi'

2021-10-14 17:25:12 - [TEST_STEP][PASSED] - RaporNo = getText(findTestObject("Popup/Popup")).substring(0, 6): Text of object 'Object Repository/Popup/Popup' is: 'Lütfen rapor bildiriminin gönderileceği e-posta adresini belirtiniz.
e-Posta Adresi'

2021-10-14 17:25:12 - [MESSAGE][INFO] - Finding Test Object 'Object Repository/Popup/Popup'

2021-10-14 17:25:12 - [MESSAGE][INFO] - Checking object

2021-10-14 17:25:12 - [MESSAGE][INFO] - Finding web element from Test Object's properties

2021-10-14 17:25:12 - [MESSAGE][INFO] - Checking timeout

2021-10-14 17:25:12 - [MESSAGE][INFO] - Finding web element with id: 'Object Repository/Popup/Popup' located by 'By.cssSelector: .bootbox-body' in '30' second(s)

2021-10-14 17:25:12 - [MESSAGE][INFO] - Smart Wait Function is triggered

2021-10-14 17:25:13 - [MESSAGE][INFO] - Found 1 web elements with id: 'Object Repository/Popup/Popup' located by 'By.cssSelector: .bootbox-body' in '30' second(s)

2021-10-14 17:25:13 - [MESSAGE][INFO] - Getting text of object 'Object Repository/Popup/Popup'

2021-10-14 17:25:13 - [MESSAGE][PASSED] - Text of object 'Object Repository/Popup/Popup' is: 'Lütfen rapor bildiriminin gönderileceği e-posta adresini belirtiniz.
e-Posta Adresi'

2021-10-14 17:25:13 - [TEST_STEP][PASSED] - Console.println(RaporNo): null

2021-10-14 17:25:13 - [MESSAGE][PASSED] - Call Test Case 'Test Cases/Popup/PopupMesajiIceriyorMu' successfully

2021-10-14 17:25:13 - [MESSAGE][INFO] - Checking called Test Case

2021-10-14 17:25:13 - [MESSAGE][INFO] - Starting to call Test Case 'Test Cases/Popup/PopupButonSecilir'

2021-10-14 17:25:13 - [TEST_CASE][PASSED] - Test Cases/Popup/PopupButonSecilir: Test Cases/Popup/PopupButonSecilir

2021-10-14 17:25:13 - [TEST_STEP][PASSED] - Method.TextDegerineEsitElementeTikla(findTestObject("Popup/Popup_Butons"), Buton): Method.TextDegerineEsitElementeTikla is PASSED

2021-10-14 17:25:13 - [MESSAGE][INFO] - Finding Test Object 'Object Repository/Popup/Popup_Butons'

2021-10-14 17:25:13 - [MESSAGE][INFO] - Checking timeout

2021-10-14 17:25:13 - [MESSAGE][INFO] - Finding web element with id: 'Object Repository/Popup/Popup_Butons' located by 'By.cssSelector: .modal-footer>button' in '10' second(s)

2021-10-14 17:25:13 - [MESSAGE][INFO] - Smart Wait Function is triggered

2021-10-14 17:25:13 - [MESSAGE][INFO] - Found 2 web elements with id: 'Object Repository/Popup/Popup_Butons' located by 'By.cssSelector: .modal-footer>button' in '10' second(s)

2021-10-14 17:25:13 - [MESSAGE][PASSED] - Method.TextDegerineEsitElementeTikla is PASSED

2021-10-14 17:25:13 - [MESSAGE][PASSED] - Call Test Case 'Test Cases/Popup/PopupButonSecilir' successfully

2021-10-14 17:25:13 - [MESSAGE][INFO] - Checking called Test Case

2021-10-14 17:25:13 - [MESSAGE][INFO] - Starting to call Test Case 'Test Cases/Popup/PopupMesajiIceriyorMu'

2021-10-14 17:25:13 - [TEST_CASE][PASSED] - Test Cases/Popup/PopupMesajiIceriyorMu: Test Cases/Popup/PopupMesajiIceriyorMu

2021-10-14 17:25:13 - [TEST_STEP][PASSED] - waitForElementVisible(findTestObject("Popup/Popup"), 10): Object 'Object Repository/Popup/Popup' is visible

2021-10-14 17:25:13 - [MESSAGE][INFO] - Finding Test Object 'Object Repository/Popup/Popup'

2021-10-14 17:25:13 - [MESSAGE][INFO] - Checking object

2021-10-14 17:25:13 - [MESSAGE][INFO] - Checking timeout

2021-10-14 17:25:13 - [MESSAGE][INFO] - Finding web element from Test Object's properties

2021-10-14 17:25:13 - [MESSAGE][INFO] - Checking timeout

2021-10-14 17:25:13 - [MESSAGE][INFO] - Finding web element with id: 'Object Repository/Popup/Popup' located by 'By.cssSelector: .bootbox-body' in '10' second(s)

2021-10-14 17:25:13 - [MESSAGE][INFO] - Smart Wait Function is triggered

2021-10-14 17:25:14 - [MESSAGE][INFO] - Found 1 web elements with id: 'Object Repository/Popup/Popup' located by 'By.cssSelector: .bootbox-body' in '10' second(s)

2021-10-14 17:25:14 - [MESSAGE][PASSED] - Object 'Object Repository/Popup/Popup' is visible

2021-10-14 17:25:14 - [TEST_STEP][PASSED] - if (!(getText(findTestObject("Popup/Popup")).contains(Mesaj))): Text of object 'Object Repository/Popup/Popup' is: '14591 no’lu talebiniz işleme alınmıştır. Raporunuz hazırlandığında (elogotest@gmail.com) adresinize mail gönderilecektir.
Rapor durumunuzu Raporlar > Toplu Veri İndirme ekranından takip edebilir, hazırlandı durumundaki raporlarınızı ilgili menüden indirebilirsiniz.'

2021-10-14 17:25:14 - [MESSAGE][INFO] - Finding Test Object 'Object Repository/Popup/Popup'

2021-10-14 17:25:14 - [MESSAGE][INFO] - Checking object

2021-10-14 17:25:14 - [MESSAGE][INFO] - Finding web element from Test Object's properties

2021-10-14 17:25:14 - [MESSAGE][INFO] - Checking timeout

2021-10-14 17:25:14 - [MESSAGE][INFO] - Finding web element with id: 'Object Repository/Popup/Popup' located by 'By.cssSelector: .bootbox-body' in '30' second(s)

2021-10-14 17:25:14 - [MESSAGE][INFO] - Smart Wait Function is triggered

2021-10-14 17:25:14 - [MESSAGE][INFO] - Found 1 web elements with id: 'Object Repository/Popup/Popup' located by 'By.cssSelector: .bootbox-body' in '30' second(s)

2021-10-14 17:25:14 - [MESSAGE][INFO] - Getting text of object 'Object Repository/Popup/Popup'

2021-10-14 17:25:14 - [MESSAGE][PASSED] - Text of object 'Object Repository/Popup/Popup' is: '14591 no’lu talebiniz işleme alınmıştır. Raporunuz hazırlandığında (elogotest@gmail.com) adresinize mail gönderilecektir.
Rapor durumunuzu Raporlar > Toplu Veri İndirme ekranından takip edebilir, hazırlandı durumundaki raporlarınızı ilgili menüden indirebilirsiniz.'

2021-10-14 17:25:14 - [TEST_STEP][PASSED] - RaporNo = getText(findTestObject("Popup/Popup")).substring(0, 6): Text of object 'Object Repository/Popup/Popup' is: '14591 no’lu talebiniz işleme alınmıştır. Raporunuz hazırlandığında (elogotest@gmail.com) adresinize mail gönderilecektir.
Rapor durumunuzu Raporlar > Toplu Veri İndirme ekranından takip edebilir, hazırlandı durumundaki raporlarınızı ilgili menüden indirebilirsiniz.'

2021-10-14 17:25:14 - [MESSAGE][INFO] - Finding Test Object 'Object Repository/Popup/Popup'

2021-10-14 17:25:14 - [MESSAGE][INFO] - Checking object

2021-10-14 17:25:14 - [MESSAGE][INFO] - Finding web element from Test Object's properties

2021-10-14 17:25:14 - [MESSAGE][INFO] - Checking timeout

2021-10-14 17:25:14 - [MESSAGE][INFO] - Finding web element with id: 'Object Repository/Popup/Popup' located by 'By.cssSelector: .bootbox-body' in '30' second(s)

2021-10-14 17:25:14 - [MESSAGE][INFO] - Smart Wait Function is triggered

2021-10-14 17:25:15 - [MESSAGE][INFO] - Found 1 web elements with id: 'Object Repository/Popup/Popup' located by 'By.cssSelector: .bootbox-body' in '30' second(s)

2021-10-14 17:25:15 - [MESSAGE][INFO] - Getting text of object 'Object Repository/Popup/Popup'

2021-10-14 17:25:15 - [MESSAGE][PASSED] - Text of object 'Object Repository/Popup/Popup' is: '14591 no’lu talebiniz işleme alınmıştır. Raporunuz hazırlandığında (elogotest@gmail.com) adresinize mail gönderilecektir.
Rapor durumunuzu Raporlar > Toplu Veri İndirme ekranından takip edebilir, hazırlandı durumundaki raporlarınızı ilgili menüden indirebilirsiniz.'

2021-10-14 17:25:15 - [TEST_STEP][PASSED] - Console.println(RaporNo): null

2021-10-14 17:25:15 - [MESSAGE][PASSED] - Call Test Case 'Test Cases/Popup/PopupMesajiIceriyorMu' successfully

2021-10-14 17:25:15 - [MESSAGE][INFO] - Checking called Test Case

2021-10-14 17:25:15 - [MESSAGE][INFO] - Starting to call Test Case 'Test Cases/Popup/PopupButonSecilir'

2021-10-14 17:25:15 - [TEST_CASE][PASSED] - Test Cases/Popup/PopupButonSecilir: Test Cases/Popup/PopupButonSecilir

2021-10-14 17:25:15 - [TEST_STEP][PASSED] - Method.TextDegerineEsitElementeTikla(findTestObject("Popup/Popup_Butons"), Buton): Method.TextDegerineEsitElementeTikla is PASSED

2021-10-14 17:25:15 - [MESSAGE][INFO] - Finding Test Object 'Object Repository/Popup/Popup_Butons'

2021-10-14 17:25:15 - [MESSAGE][INFO] - Checking timeout

2021-10-14 17:25:15 - [MESSAGE][INFO] - Finding web element with id: 'Object Repository/Popup/Popup_Butons' located by 'By.cssSelector: .modal-footer>button' in '10' second(s)

2021-10-14 17:25:15 - [MESSAGE][INFO] - Smart Wait Function is triggered

2021-10-14 17:25:15 - [MESSAGE][INFO] - Found 1 web elements with id: 'Object Repository/Popup/Popup_Butons' located by 'By.cssSelector: .modal-footer>button' in '10' second(s)

2021-10-14 17:25:15 - [MESSAGE][PASSED] - Method.TextDegerineEsitElementeTikla is PASSED

2021-10-14 17:25:15 - [MESSAGE][PASSED] - Call Test Case 'Test Cases/Popup/PopupButonSecilir' successfully

2021-10-14 17:25:15 - [MESSAGE][INFO] - Checking called Test Case

2021-10-14 17:25:15 - [MESSAGE][INFO] - Starting to call Test Case 'Test Cases/Butonlar/ButonaTikla'

2021-10-14 17:25:15 - [TEST_CASE][PASSED] - Test Cases/Butonlar/ButonaTikla: Test Cases/Butonlar/ButonaTikla

2021-10-14 17:25:15 - [TEST_STEP][PASSED] - Method.TextDegerineEsitElementeTiklaEquals(findTestObject("Butonlar/Butonlar"), Buton_Adi): Method.TextDegerineEsitElementeTiklaEquals is PASSED

2021-10-14 17:25:15 - [MESSAGE][INFO] - Finding Test Object 'Object Repository/Butonlar/Butonlar'

2021-10-14 17:25:15 - [MESSAGE][INFO] - Checking timeout

2021-10-14 17:25:15 - [MESSAGE][INFO] - Finding web element with id: 'Object Repository/Butonlar/Butonlar' located by 'By.cssSelector: .panel.panel-default.text-center.footerPanel .btn,.btn.btn-primary.btnControls' in '10' second(s)

2021-10-14 17:25:15 - [MESSAGE][INFO] - Smart Wait Function is triggered

2021-10-14 17:25:16 - [MESSAGE][INFO] - Found 7 web elements with id: 'Object Repository/Butonlar/Butonlar' located by 'By.cssSelector: .panel.panel-default.text-center.footerPanel .btn,.btn.btn-primary.btnControls' in '10' second(s)

2021-10-14 17:25:16 - [MESSAGE][PASSED] - Method.TextDegerineEsitElementeTiklaEquals is PASSED

2021-10-14 17:25:16 - [MESSAGE][PASSED] - Call Test Case 'Test Cases/Butonlar/ButonaTikla' successfully

2021-10-14 17:25:16 - [MESSAGE][INFO] - Checking called Test Case

2021-10-14 17:25:16 - [MESSAGE][INFO] - Starting to call Test Case 'Test Cases/Butonlar/AltButonaTikla'

2021-10-14 17:25:16 - [TEST_CASE][PASSED] - Test Cases/Butonlar/AltButonaTikla: Test Cases/Butonlar/AltButonaTikla

2021-10-14 17:25:16 - [TEST_STEP][PASSED] - Method.TextDegerineEsitElementeTikla(findTestObject("Butonlar/AltButonlar"), Alt_Buton): Method.TextDegerineEsitElementeTikla is PASSED

2021-10-14 17:25:16 - [MESSAGE][INFO] - Finding Test Object 'Object Repository/Butonlar/AltButonlar'

2021-10-14 17:25:16 - [MESSAGE][INFO] - Checking timeout

2021-10-14 17:25:16 - [MESSAGE][INFO] - Finding web element with id: 'Object Repository/Butonlar/AltButonlar' located by 'By.cssSelector: .btn-group.open li>a' in '10' second(s)

2021-10-14 17:25:16 - [MESSAGE][INFO] - Smart Wait Function is triggered

2021-10-14 17:25:17 - [MESSAGE][INFO] - Found 2 web elements with id: 'Object Repository/Butonlar/AltButonlar' located by 'By.cssSelector: .btn-group.open li>a' in '10' second(s)

2021-10-14 17:25:17 - [MESSAGE][PASSED] - Method.TextDegerineEsitElementeTikla is PASSED

2021-10-14 17:25:17 - [MESSAGE][PASSED] - Call Test Case 'Test Cases/Butonlar/AltButonaTikla' successfully

2021-10-14 17:25:17 - [MESSAGE][INFO] - Checking called Test Case

2021-10-14 17:25:17 - [MESSAGE][INFO] - Starting to call Test Case 'Test Cases/Popup/PopupMesajiIceriyorMu'

2021-10-14 17:25:17 - [TEST_CASE][PASSED] - Test Cases/Popup/PopupMesajiIceriyorMu: Test Cases/Popup/PopupMesajiIceriyorMu

2021-10-14 17:25:17 - [TEST_STEP][PASSED] - waitForElementVisible(findTestObject("Popup/Popup"), 10): Object 'Object Repository/Popup/Popup' is visible

2021-10-14 17:25:17 - [MESSAGE][INFO] - Finding Test Object 'Object Repository/Popup/Popup'

2021-10-14 17:25:17 - [MESSAGE][INFO] - Checking object

2021-10-14 17:25:17 - [MESSAGE][INFO] - Checking timeout

2021-10-14 17:25:17 - [MESSAGE][INFO] - Finding web element from Test Object's properties

2021-10-14 17:25:17 - [MESSAGE][INFO] - Checking timeout

2021-10-14 17:25:17 - [MESSAGE][INFO] - Finding web element with id: 'Object Repository/Popup/Popup' located by 'By.cssSelector: .bootbox-body' in '10' second(s)

2021-10-14 17:25:17 - [MESSAGE][INFO] - Smart Wait Function is triggered

2021-10-14 17:25:17 - [MESSAGE][INFO] - Found 1 web elements with id: 'Object Repository/Popup/Popup' located by 'By.cssSelector: .bootbox-body' in '10' second(s)

2021-10-14 17:25:17 - [MESSAGE][PASSED] - Object 'Object Repository/Popup/Popup' is visible

2021-10-14 17:25:17 - [TEST_STEP][PASSED] - if (!(getText(findTestObject("Popup/Popup")).contains(Mesaj))): Text of object 'Object Repository/Popup/Popup' is: 'Lütfen rapor bildiriminin gönderileceği e-posta adresini belirtiniz.
e-Posta Adresi'

2021-10-14 17:25:17 - [MESSAGE][INFO] - Finding Test Object 'Object Repository/Popup/Popup'

2021-10-14 17:25:17 - [MESSAGE][INFO] - Checking object

2021-10-14 17:25:17 - [MESSAGE][INFO] - Finding web element from Test Object's properties

2021-10-14 17:25:17 - [MESSAGE][INFO] - Checking timeout

2021-10-14 17:25:17 - [MESSAGE][INFO] - Finding web element with id: 'Object Repository/Popup/Popup' located by 'By.cssSelector: .bootbox-body' in '30' second(s)

2021-10-14 17:25:17 - [MESSAGE][INFO] - Smart Wait Function is triggered

2021-10-14 17:25:18 - [MESSAGE][INFO] - Found 1 web elements with id: 'Object Repository/Popup/Popup' located by 'By.cssSelector: .bootbox-body' in '30' second(s)

2021-10-14 17:25:18 - [MESSAGE][INFO] - Getting text of object 'Object Repository/Popup/Popup'

2021-10-14 17:25:18 - [MESSAGE][PASSED] - Text of object 'Object Repository/Popup/Popup' is: 'Lütfen rapor bildiriminin gönderileceği e-posta adresini belirtiniz.
e-Posta Adresi'

2021-10-14 17:25:18 - [TEST_STEP][PASSED] - RaporNo = getText(findTestObject("Popup/Popup")).substring(0, 6): Text of object 'Object Repository/Popup/Popup' is: 'Lütfen rapor bildiriminin gönderileceği e-posta adresini belirtiniz.
e-Posta Adresi'

2021-10-14 17:25:18 - [MESSAGE][INFO] - Finding Test Object 'Object Repository/Popup/Popup'

2021-10-14 17:25:18 - [MESSAGE][INFO] - Checking object

2021-10-14 17:25:18 - [MESSAGE][INFO] - Finding web element from Test Object's properties

2021-10-14 17:25:18 - [MESSAGE][INFO] - Checking timeout

2021-10-14 17:25:18 - [MESSAGE][INFO] - Finding web element with id: 'Object Repository/Popup/Popup' located by 'By.cssSelector: .bootbox-body' in '30' second(s)

2021-10-14 17:25:18 - [MESSAGE][INFO] - Smart Wait Function is triggered

2021-10-14 17:25:18 - [MESSAGE][INFO] - Found 1 web elements with id: 'Object Repository/Popup/Popup' located by 'By.cssSelector: .bootbox-body' in '30' second(s)

2021-10-14 17:25:18 - [MESSAGE][INFO] - Getting text of object 'Object Repository/Popup/Popup'

2021-10-14 17:25:18 - [MESSAGE][PASSED] - Text of object 'Object Repository/Popup/Popup' is: 'Lütfen rapor bildiriminin gönderileceği e-posta adresini belirtiniz.
e-Posta Adresi'

2021-10-14 17:25:18 - [TEST_STEP][PASSED] - Console.println(RaporNo): null

2021-10-14 17:25:18 - [MESSAGE][PASSED] - Call Test Case 'Test Cases/Popup/PopupMesajiIceriyorMu' successfully

2021-10-14 17:25:18 - [MESSAGE][INFO] - Checking called Test Case

2021-10-14 17:25:18 - [MESSAGE][INFO] - Starting to call Test Case 'Test Cases/Popup/PopupButonSecilir'

2021-10-14 17:25:18 - [TEST_CASE][PASSED] - Test Cases/Popup/PopupButonSecilir: Test Cases/Popup/PopupButonSecilir

2021-10-14 17:25:18 - [TEST_STEP][PASSED] - Method.TextDegerineEsitElementeTikla(findTestObject("Popup/Popup_Butons"), Buton): Method.TextDegerineEsitElementeTikla is PASSED

2021-10-14 17:25:18 - [MESSAGE][INFO] - Finding Test Object 'Object Repository/Popup/Popup_Butons'

2021-10-14 17:25:18 - [MESSAGE][INFO] - Checking timeout

2021-10-14 17:25:18 - [MESSAGE][INFO] - Finding web element with id: 'Object Repository/Popup/Popup_Butons' located by 'By.cssSelector: .modal-footer>button' in '10' second(s)

2021-10-14 17:25:18 - [MESSAGE][INFO] - Smart Wait Function is triggered

2021-10-14 17:25:18 - [MESSAGE][INFO] - Found 2 web elements with id: 'Object Repository/Popup/Popup_Butons' located by 'By.cssSelector: .modal-footer>button' in '10' second(s)

2021-10-14 17:25:18 - [MESSAGE][PASSED] - Method.TextDegerineEsitElementeTikla is PASSED

2021-10-14 17:25:18 - [MESSAGE][PASSED] - Call Test Case 'Test Cases/Popup/PopupButonSecilir' successfully

2021-10-14 17:25:18 - [MESSAGE][INFO] - Checking called Test Case

2021-10-14 17:25:18 - [MESSAGE][INFO] - Starting to call Test Case 'Test Cases/Popup/PopupMesajiIceriyorMu'

2021-10-14 17:25:19 - [TEST_CASE][PASSED] - Test Cases/Popup/PopupMesajiIceriyorMu: Test Cases/Popup/PopupMesajiIceriyorMu

2021-10-14 17:25:19 - [TEST_STEP][PASSED] - waitForElementVisible(findTestObject("Popup/Popup"), 10): Object 'Object Repository/Popup/Popup' is visible

2021-10-14 17:25:19 - [MESSAGE][INFO] - Finding Test Object 'Object Repository/Popup/Popup'

2021-10-14 17:25:19 - [MESSAGE][INFO] - Checking object

2021-10-14 17:25:19 - [MESSAGE][INFO] - Checking timeout

2021-10-14 17:25:19 - [MESSAGE][INFO] - Finding web element from Test Object's properties

2021-10-14 17:25:19 - [MESSAGE][INFO] - Checking timeout

2021-10-14 17:25:19 - [MESSAGE][INFO] - Finding web element with id: 'Object Repository/Popup/Popup' located by 'By.cssSelector: .bootbox-body' in '10' second(s)

2021-10-14 17:25:19 - [MESSAGE][INFO] - Smart Wait Function is triggered

2021-10-14 17:25:19 - [MESSAGE][INFO] - Found 1 web elements with id: 'Object Repository/Popup/Popup' located by 'By.cssSelector: .bootbox-body' in '10' second(s)

2021-10-14 17:25:19 - [MESSAGE][PASSED] - Object 'Object Repository/Popup/Popup' is visible

2021-10-14 17:25:19 - [TEST_STEP][PASSED] - if (!(getText(findTestObject("Popup/Popup")).contains(Mesaj))): Text of object 'Object Repository/Popup/Popup' is: '14592 no’lu talebiniz işleme alınmıştır. Raporunuz hazırlandığında (elogotest@gmail.com) adresinize mail gönderilecektir.
Rapor durumunuzu Raporlar > Toplu Veri İndirme ekranından takip edebilir, hazırlandı durumundaki raporlarınızı ilgili menüden indirebilirsiniz.'

2021-10-14 17:25:19 - [MESSAGE][INFO] - Finding Test Object 'Object Repository/Popup/Popup'

2021-10-14 17:25:19 - [MESSAGE][INFO] - Checking object

2021-10-14 17:25:19 - [MESSAGE][INFO] - Finding web element from Test Object's properties

2021-10-14 17:25:19 - [MESSAGE][INFO] - Checking timeout

2021-10-14 17:25:19 - [MESSAGE][INFO] - Finding web element with id: 'Object Repository/Popup/Popup' located by 'By.cssSelector: .bootbox-body' in '30' second(s)

2021-10-14 17:25:19 - [MESSAGE][INFO] - Smart Wait Function is triggered

2021-10-14 17:25:20 - [MESSAGE][INFO] - Found 1 web elements with id: 'Object Repository/Popup/Popup' located by 'By.cssSelector: .bootbox-body' in '30' second(s)

2021-10-14 17:25:20 - [MESSAGE][INFO] - Getting text of object 'Object Repository/Popup/Popup'

2021-10-14 17:25:20 - [MESSAGE][PASSED] - Text of object 'Object Repository/Popup/Popup' is: '14592 no’lu talebiniz işleme alınmıştır. Raporunuz hazırlandığında (elogotest@gmail.com) adresinize mail gönderilecektir.
Rapor durumunuzu Raporlar > Toplu Veri İndirme ekranından takip edebilir, hazırlandı durumundaki raporlarınızı ilgili menüden indirebilirsiniz.'

2021-10-14 17:25:20 - [TEST_STEP][PASSED] - RaporNo = getText(findTestObject("Popup/Popup")).substring(0, 6): Text of object 'Object Repository/Popup/Popup' is: '14592 no’lu talebiniz işleme alınmıştır. Raporunuz hazırlandığında (elogotest@gmail.com) adresinize mail gönderilecektir.
Rapor durumunuzu Raporlar > Toplu Veri İndirme ekranından takip edebilir, hazırlandı durumundaki raporlarınızı ilgili menüden indirebilirsiniz.'

2021-10-14 17:25:20 - [MESSAGE][INFO] - Finding Test Object 'Object Repository/Popup/Popup'

2021-10-14 17:25:20 - [MESSAGE][INFO] - Checking object

2021-10-14 17:25:20 - [MESSAGE][INFO] - Finding web element from Test Object's properties

2021-10-14 17:25:20 - [MESSAGE][INFO] - Checking timeout

2021-10-14 17:25:20 - [MESSAGE][INFO] - Finding web element with id: 'Object Repository/Popup/Popup' located by 'By.cssSelector: .bootbox-body' in '30' second(s)

2021-10-14 17:25:20 - [MESSAGE][INFO] - Smart Wait Function is triggered

2021-10-14 17:25:20 - [MESSAGE][INFO] - Found 1 web elements with id: 'Object Repository/Popup/Popup' located by 'By.cssSelector: .bootbox-body' in '30' second(s)

2021-10-14 17:25:20 - [MESSAGE][INFO] - Getting text of object 'Object Repository/Popup/Popup'

2021-10-14 17:25:20 - [MESSAGE][PASSED] - Text of object 'Object Repository/Popup/Popup' is: '14592 no’lu talebiniz işleme alınmıştır. Raporunuz hazırlandığında (elogotest@gmail.com) adresinize mail gönderilecektir.
Rapor durumunuzu Raporlar > Toplu Veri İndirme ekranından takip edebilir, hazırlandı durumundaki raporlarınızı ilgili menüden indirebilirsiniz.'

2021-10-14 17:25:20 - [TEST_STEP][PASSED] - Console.println(RaporNo): null

2021-10-14 17:25:20 - [MESSAGE][PASSED] - Call Test Case 'Test Cases/Popup/PopupMesajiIceriyorMu' successfully

2021-10-14 17:25:20 - [MESSAGE][INFO] - Checking called Test Case

2021-10-14 17:25:20 - [MESSAGE][INFO] - Starting to call Test Case 'Test Cases/Popup/PopupButonSecilir'

2021-10-14 17:25:20 - [TEST_CASE][PASSED] - Test Cases/Popup/PopupButonSecilir: Test Cases/Popup/PopupButonSecilir

2021-10-14 17:25:20 - [TEST_STEP][PASSED] - Method.TextDegerineEsitElementeTikla(findTestObject("Popup/Popup_Butons"), Buton): Method.TextDegerineEsitElementeTikla is PASSED

2021-10-14 17:25:20 - [MESSAGE][INFO] - Finding Test Object 'Object Repository/Popup/Popup_Butons'

2021-10-14 17:25:20 - [MESSAGE][INFO] - Checking timeout

2021-10-14 17:25:20 - [MESSAGE][INFO] - Finding web element with id: 'Object Repository/Popup/Popup_Butons' located by 'By.cssSelector: .modal-footer>button' in '10' second(s)

2021-10-14 17:25:20 - [MESSAGE][INFO] - Smart Wait Function is triggered

2021-10-14 17:25:21 - [MESSAGE][INFO] - Found 1 web elements with id: 'Object Repository/Popup/Popup_Butons' located by 'By.cssSelector: .modal-footer>button' in '10' second(s)

2021-10-14 17:25:21 - [MESSAGE][PASSED] - Method.TextDegerineEsitElementeTikla is PASSED

2021-10-14 17:25:21 - [MESSAGE][PASSED] - Call Test Case 'Test Cases/Popup/PopupButonSecilir' successfully

2021-10-14 17:25:21 - [MESSAGE][INFO] - Checking called Test Case

2021-10-14 17:25:21 - [MESSAGE][INFO] - Starting to call Test Case 'Test Cases/Menu/AnaMenuSecimi'

2021-10-14 17:25:21 - [TEST_CASE][PASSED] - Test Cases/Menu/AnaMenuSecimi: Test Cases/Menu/AnaMenuSecimi

2021-10-14 17:25:21 - [TEST_STEP][PASSED] - Method.TextDegerineEsitElementeTikla(findTestObject("Menu/Ana_Menu"), Ana_Menu): Method.TextDegerineEsitElementeTikla is PASSED

2021-10-14 17:25:21 - [MESSAGE][INFO] - Finding Test Object 'Object Repository/Menu/Ana_Menu'

2021-10-14 17:25:21 - [MESSAGE][INFO] - Checking timeout

2021-10-14 17:25:21 - [MESSAGE][INFO] - Finding web element with id: 'Object Repository/Menu/Ana_Menu' located by 'By.xpath: //*[@class = 'dropdown-toggle']' in '10' second(s)

2021-10-14 17:25:21 - [MESSAGE][INFO] - Smart Wait Function is triggered

2021-10-14 17:25:21 - [MESSAGE][INFO] - Found 14 web elements with id: 'Object Repository/Menu/Ana_Menu' located by 'By.xpath: //*[@class = 'dropdown-toggle']' in '10' second(s)

2021-10-14 17:25:22 - [MESSAGE][PASSED] - Method.TextDegerineEsitElementeTikla is PASSED

2021-10-14 17:25:22 - [MESSAGE][PASSED] - Call Test Case 'Test Cases/Menu/AnaMenuSecimi' successfully

2021-10-14 17:25:22 - [MESSAGE][INFO] - Checking called Test Case

2021-10-14 17:25:22 - [MESSAGE][INFO] - Starting to call Test Case 'Test Cases/Menu/AltMenuSecimi'

2021-10-14 17:25:22 - [TEST_CASE][PASSED] - Test Cases/Menu/AltMenuSecimi: Test Cases/Menu/AltMenuSecimi

2021-10-14 17:25:22 - [TEST_STEP][PASSED] - Method.TextDegerineEsitElementeTikla(findTestObject("Menu/Alt_Menu"), Alt_Menu): Method.TextDegerineEsitElementeTikla is PASSED

2021-10-14 17:25:22 - [MESSAGE][INFO] - Finding Test Object 'Object Repository/Menu/Alt_Menu'

2021-10-14 17:25:22 - [MESSAGE][INFO] - Checking timeout

2021-10-14 17:25:22 - [MESSAGE][INFO] - Finding web element with id: 'Object Repository/Menu/Alt_Menu' located by 'By.xpath: //li[@class='dropdown dropdown-large open']//li[@class='dropdown-element']' in '10' second(s)

2021-10-14 17:25:22 - [MESSAGE][INFO] - Smart Wait Function is triggered

2021-10-14 17:25:22 - [MESSAGE][INFO] - Found 9 web elements with id: 'Object Repository/Menu/Alt_Menu' located by 'By.xpath: //li[@class='dropdown dropdown-large open']//li[@class='dropdown-element']' in '10' second(s)

2021-10-14 17:25:23 - [MESSAGE][PASSED] - Method.TextDegerineEsitElementeTikla is PASSED

2021-10-14 17:25:23 - [MESSAGE][PASSED] - Call Test Case 'Test Cases/Menu/AltMenuSecimi' successfully

2021-10-14 17:25:23 - [MESSAGE][INFO] - Checking called Test Case

2021-10-14 17:25:23 - [MESSAGE][INFO] - Starting to call Test Case 'Test Cases/Filtreler/RaporNoYaz'

2021-10-14 17:25:23 - [TEST_CASE][PASSED] - Test Cases/Filtreler/RaporNoYaz: Test Cases/Filtreler/RaporNoYaz

2021-10-14 17:25:23 - [TEST_STEP][PASSED] - Method.TextDegerineEsitElementinAltindakiTextboxtaYaz(findTestObject("Filtreler/Basliklar"), findTestObject("Filtreler/Basliga_Gore_Textbox"), "Talep No", RaporNo): Method.TextDegerineEsitElementinAltindakiTextboxtaYaz is PASSED

2021-10-14 17:25:23 - [MESSAGE][INFO] - Finding Test Object 'Object Repository/Filtreler/Basliklar'

2021-10-14 17:25:23 - [MESSAGE][INFO] - Finding Test Object 'Object Repository/Filtreler/Basliga_Gore_Textbox'

2021-10-14 17:25:23 - [MESSAGE][INFO] - Checking timeout

2021-10-14 17:25:23 - [MESSAGE][INFO] - Finding web element with id: 'Object Repository/Filtreler/Basliklar' located by 'By.cssSelector: .control-label.col-sm-4.paddingMarginRLC' in '10' second(s)

2021-10-14 17:25:23 - [MESSAGE][INFO] - Smart Wait Function is triggered

2021-10-14 17:25:23 - [MESSAGE][INFO] - Found 8 web elements with id: 'Object Repository/Filtreler/Basliklar' located by 'By.cssSelector: .control-label.col-sm-4.paddingMarginRLC' in '10' second(s)

2021-10-14 17:25:23 - [MESSAGE][INFO] - Smart Wait Function is triggered

2021-10-14 17:25:24 - [MESSAGE][PASSED] - Method.TextDegerineEsitElementinAltindakiTextboxtaYaz is PASSED

2021-10-14 17:25:24 - [MESSAGE][PASSED] - Call Test Case 'Test Cases/Filtreler/RaporNoYaz' successfully

2021-10-14 17:25:24 - [MESSAGE][INFO] - Checking called Test Case

2021-10-14 17:25:24 - [MESSAGE][INFO] - Starting to call Test Case 'Test Cases/Filtreler/ButonaTikla'

2021-10-14 17:25:24 - [TEST_CASE][PASSED] - Test Cases/Filtreler/ButonaTikla: Test Cases/Filtreler/ButonaTikla

2021-10-14 17:25:24 - [TEST_STEP][PASSED] - Method.TextDegerineEsitElementeTikla(findTestObject("Filtreler/Butonlar"), Filtre_Buton): Method.TextDegerineEsitElementeTikla is PASSED

2021-10-14 17:25:24 - [MESSAGE][INFO] - Finding Test Object 'Object Repository/Filtreler/Butonlar'

2021-10-14 17:25:24 - [MESSAGE][INFO] - Checking timeout

2021-10-14 17:25:24 - [MESSAGE][INFO] - Finding web element with id: 'Object Repository/Filtreler/Butonlar' located by 'By.cssSelector: .dxb>span' in '10' second(s)

2021-10-14 17:25:24 - [MESSAGE][INFO] - Smart Wait Function is triggered

2021-10-14 17:25:24 - [MESSAGE][INFO] - Found 2 web elements with id: 'Object Repository/Filtreler/Butonlar' located by 'By.cssSelector: .dxb>span' in '10' second(s)

2021-10-14 17:25:24 - [MESSAGE][PASSED] - Method.TextDegerineEsitElementeTikla is PASSED

2021-10-14 17:25:24 - [MESSAGE][PASSED] - Call Test Case 'Test Cases/Filtreler/ButonaTikla' successfully

2021-10-14 17:25:24 - [MESSAGE][INFO] - Checking called Test Case

2021-10-14 17:25:24 - [MESSAGE][INFO] - Starting to call Test Case 'Test Cases/Tablo/TablodaVeriVarMi'

2021-10-14 17:25:24 - [TEST_CASE][PASSED] - Test Cases/Tablo/TablodaVeriVarMi: Test Cases/Tablo/TablodaVeriVarMi

2021-10-14 17:25:24 - [TEST_STEP][PASSED] - verifyTextNotPresent("Görüntülenecek veri yok", true): Text 'Görüntülenecek veri yok' is not present on page using regular expression

2021-10-14 17:25:24 - [MESSAGE][INFO] - Checking text present  using regular expression

2021-10-14 17:25:24 - [MESSAGE][INFO] - Smart Wait Function is triggered

2021-10-14 17:25:33 - [MESSAGE][INFO] - Finding text 'Görüntülenecek veri yok' on page  using regular expression

2021-10-14 17:25:33 - [MESSAGE][PASSED] - Text 'Görüntülenecek veri yok' is not present on page using regular expression

2021-10-14 17:25:33 - [MESSAGE][PASSED] - Call Test Case 'Test Cases/Tablo/TablodaVeriVarMi' successfully

2021-10-14 17:25:33 - [MESSAGE][INFO] - Checking called Test Case

2021-10-14 17:25:33 - [MESSAGE][INFO] - Starting to call Test Case 'Test Cases/Kullanici_Islemleri/KullaniciIslemlerindenSecimYapilir'

2021-10-14 17:25:33 - [TEST_CASE][PASSED] - Test Cases/Kullanici_Islemleri/KullaniciIslemlerindenSecimYapilir: Test Cases/Kullanici_Islemleri/KullaniciIslemlerindenSecimYapilir

2021-10-14 17:25:33 - [TEST_STEP][PASSED] - waitForElementClickable(findTestObject("Object Repository/Kullanici_Islemleri/KullaniciIslemleri"), 10): Object 'Object Repository/Kullanici_Islemleri/KullaniciIslemleri' is clickable

2021-10-14 17:25:33 - [MESSAGE][INFO] - Finding Test Object 'Object Repository/Kullanici_Islemleri/KullaniciIslemleri'

2021-10-14 17:25:33 - [MESSAGE][INFO] - Checking object

2021-10-14 17:25:33 - [MESSAGE][INFO] - Checking timeout

2021-10-14 17:25:33 - [MESSAGE][INFO] - Finding web element from Test Object's properties

2021-10-14 17:25:33 - [MESSAGE][INFO] - Checking timeout

2021-10-14 17:25:33 - [MESSAGE][INFO] - Finding web element with id: 'Object Repository/Kullanici_Islemleri/KullaniciIslemleri' located by 'By.cssSelector: .dropdown>a>img' in '10' second(s)

2021-10-14 17:25:33 - [MESSAGE][INFO] - Smart Wait Function is triggered

2021-10-14 17:25:34 - [MESSAGE][INFO] - Found 1 web elements with id: 'Object Repository/Kullanici_Islemleri/KullaniciIslemleri' located by 'By.cssSelector: .dropdown>a>img' in '10' second(s)

2021-10-14 17:25:34 - [MESSAGE][PASSED] - Object 'Object Repository/Kullanici_Islemleri/KullaniciIslemleri' is clickable

2021-10-14 17:25:34 - [TEST_STEP][PASSED] - click(findTestObject("Object Repository/Kullanici_Islemleri/KullaniciIslemleri")): Object: 'Object Repository/Kullanici_Islemleri/KullaniciIslemleri' is clicked on

2021-10-14 17:25:34 - [MESSAGE][INFO] - Finding Test Object 'Object Repository/Kullanici_Islemleri/KullaniciIslemleri'

2021-10-14 17:25:34 - [MESSAGE][INFO] - Checking object

2021-10-14 17:25:34 - [MESSAGE][INFO] - Finding web element from Test Object's properties

2021-10-14 17:25:34 - [MESSAGE][INFO] - Checking timeout

2021-10-14 17:25:34 - [MESSAGE][INFO] - Finding web element with id: 'Object Repository/Kullanici_Islemleri/KullaniciIslemleri' located by 'By.cssSelector: .dropdown>a>img' in '30' second(s)

2021-10-14 17:25:34 - [MESSAGE][INFO] - Smart Wait Function is triggered

2021-10-14 17:25:34 - [MESSAGE][INFO] - Found 1 web elements with id: 'Object Repository/Kullanici_Islemleri/KullaniciIslemleri' located by 'By.cssSelector: .dropdown>a>img' in '30' second(s)

2021-10-14 17:25:34 - [MESSAGE][INFO] - Clicking on object: 'Object Repository/Kullanici_Islemleri/KullaniciIslemleri'

2021-10-14 17:25:34 - [MESSAGE][PASSED] - Object: 'Object Repository/Kullanici_Islemleri/KullaniciIslemleri' is clicked on

2021-10-14 17:25:34 - [TEST_STEP][PASSED] - Method.TextDegerineEsitElementeTikla(findTestObject("Object Repository/Kullanici_Islemleri/Secenekler"), Islem): Method.TextDegerineEsitElementeTikla is PASSED

2021-10-14 17:25:34 - [MESSAGE][INFO] - Finding Test Object 'Object Repository/Kullanici_Islemleri/Secenekler'

2021-10-14 17:25:34 - [MESSAGE][INFO] - Checking timeout

2021-10-14 17:25:34 - [MESSAGE][INFO] - Finding web element with id: 'Object Repository/Kullanici_Islemleri/Secenekler' located by 'By.cssSelector: .nav.navbar-nav.navbar-right li a' in '10' second(s)

2021-10-14 17:25:34 - [MESSAGE][INFO] - Smart Wait Function is triggered

2021-10-14 17:25:35 - [MESSAGE][INFO] - Found 22 web elements with id: 'Object Repository/Kullanici_Islemleri/Secenekler' located by 'By.cssSelector: .nav.navbar-nav.navbar-right li a' in '10' second(s)

2021-10-14 17:25:36 - [MESSAGE][PASSED] - Method.TextDegerineEsitElementeTikla is PASSED

2021-10-14 17:25:36 - [TEST_STEP][PASSED] - verifyElementNotPresent(findTestObject("Object Repository/Kullanici_Islemleri/Secenekler"), 10): Web element with id: 'Object Repository/Kullanici_Islemleri/Secenekler' located by 'By.cssSelector: .nav.navbar-nav.navbar-right li a' is not present after '10' second(s)

2021-10-14 17:25:36 - [MESSAGE][INFO] - Finding Test Object 'Object Repository/Kullanici_Islemleri/Secenekler'

2021-10-14 17:25:36 - [MESSAGE][INFO] - Checking object

2021-10-14 17:25:36 - [MESSAGE][INFO] - Checking timeout

2021-10-14 17:25:36 - [MESSAGE][INFO] - Finding web element with id: 'Object Repository/Kullanici_Islemleri/Secenekler' located by 'By.cssSelector: .nav.navbar-nav.navbar-right li a' in '10' second(s)

2021-10-14 17:25:36 - [MESSAGE][INFO] - Smart Wait Function is triggered

2021-10-14 17:25:37 - [MESSAGE][PASSED] - Web element with id: 'Object Repository/Kullanici_Islemleri/Secenekler' located by 'By.cssSelector: .nav.navbar-nav.navbar-right li a' is not present after '10' second(s)

2021-10-14 17:25:37 - [MESSAGE][PASSED] - Call Test Case 'Test Cases/Kullanici_Islemleri/KullaniciIslemlerindenSecimYapilir' successfully

2021-10-14 17:25:37 - [TEST_CASE][PASSED] - Start Test Case : SCENARIO e-Fatura Giden Kutusu Uygulama Yanıtları Toplu Indirme - UBL Secilenlerin indirilmesi: SCENARIO e-Fatura Giden Kutusu Uygulama Yanıtları Toplu Indirme - UBL Secilenlerin indirilmesi

2021-10-14 17:25:37 - [TEST_STEP][PASSED] - Kullanıcı adı ELOGO6 ve Şifre 123456 olarak giriş yapılır: Kullanıcı adı ELOGO6 ve Şifre 123456 olarak giriş yapılır

2021-10-14 17:25:37 - [MESSAGE][PASSED] - Kullanıcı adı ELOGO6 ve Şifre 123456 olarak giriş yapılır

2021-10-14 17:25:37 - [TEST_STEP][PASSED] - Ana menüden e-Fatura seçilir: Ana menüden e-Fatura seçilir

2021-10-14 17:25:37 - [MESSAGE][PASSED] - Ana menüden e-Fatura seçilir

2021-10-14 17:25:37 - [TEST_STEP][PASSED] - Alt menü Giden Kutusu başlığı altındaki Uygulama Yanıtları seçilir: Alt menü Giden Kutusu başlığı altındaki Uygulama Yanıtları seçilir

2021-10-14 17:25:37 - [MESSAGE][PASSED] - Alt menü Giden Kutusu başlığı altındaki Uygulama Yanıtları seçilir

2021-10-14 17:25:37 - [TEST_STEP][PASSED] - Filtrelerden Oluşturma Tarihi filtresine 01.12.2020 baslangic degerini yaz: Filtrelerden Oluşturma Tarihi filtresine 01.12.2020 baslangic degerini yaz

2021-10-14 17:25:37 - [MESSAGE][PASSED] - Filtrelerden Oluşturma Tarihi filtresine 01.12.2020 baslangic degerini yaz

2021-10-14 17:25:37 - [TEST_STEP][PASSED] - Filtrelerden Oluşturma Tarihi filtresine 31.12.2020 bitis degerini yaz: Filtrelerden Oluşturma Tarihi filtresine 31.12.2020 bitis degerini yaz

2021-10-14 17:25:37 - [MESSAGE][PASSED] - Filtrelerden Oluşturma Tarihi filtresine 31.12.2020 bitis degerini yaz

2021-10-14 17:25:37 - [TEST_STEP][PASSED] - Filtrelerden Alıcı VKN filtresine 1234567806 textini yaz: Filtrelerden Alıcı VKN filtresine 1234567806 textini yaz

2021-10-14 17:25:37 - [MESSAGE][PASSED] - Filtrelerden Alıcı VKN filtresine 1234567806 textini yaz

2021-10-14 17:25:37 - [TEST_STEP][PASSED] - Filtre butonlarından Listele seçilir: Filtre butonlarından Listele seçilir

2021-10-14 17:25:37 - [MESSAGE][PASSED] - Filtre butonlarından Listele seçilir

2021-10-14 17:25:37 - [TEST_STEP][PASSED] - Tabloda veri var mı kontrol edilir: Tabloda veri var mı kontrol edilir

2021-10-14 17:25:37 - [MESSAGE][PASSED] - Tabloda veri var mı kontrol edilir

2021-10-14 17:25:37 - [TEST_STEP][PASSED] - Tablodan 1234567806 isimli veri seçilir: Tablodan 1234567806 isimli veri seçilir

2021-10-14 17:25:37 - [MESSAGE][PASSED] - Tablodan 1234567806 isimli veri seçilir

2021-10-14 17:25:37 - [TEST_STEP][PASSED] - Butonlardan Toplu İndirme isimli butona tıklanır: Butonlardan Toplu İndirme isimli butona tıklanır

2021-10-14 17:25:37 - [MESSAGE][PASSED] - Butonlardan Toplu İndirme isimli butona tıklanır

2021-10-14 17:25:37 - [TEST_STEP][PASSED] - Alt butonlardan UBL Seçilenleri İndir butonuna tıklanır: Alt butonlardan UBL Seçilenleri İndir butonuna tıklanır

2021-10-14 17:25:37 - [MESSAGE][PASSED] - Alt butonlardan UBL Seçilenleri İndir butonuna tıklanır

2021-10-14 17:25:37 - [TEST_STEP][PASSED] - Popup mesajı Lütfen rapor bildiriminin gönderileceği e-posta adresini belirtiniz. içeriyor mu: Popup mesajı Lütfen rapor bildiriminin gönderileceği e-posta adresini belirtiniz. içeriyor mu

2021-10-14 17:25:37 - [MESSAGE][PASSED] - Popup mesajı Lütfen rapor bildiriminin gönderileceği e-posta adresini belirtiniz. içeriyor mu

2021-10-14 17:25:37 - [TEST_STEP][PASSED] - Yönetim popupında Gönder seçilir: Yönetim popupında Gönder seçilir

2021-10-14 17:25:37 - [MESSAGE][PASSED] - Yönetim popupında Gönder seçilir

2021-10-14 17:25:37 - [TEST_STEP][PASSED] - Popup mesajı Toplu Veri İndirme içeriyor mu: Popup mesajı Toplu Veri İndirme içeriyor mu

2021-10-14 17:25:37 - [MESSAGE][PASSED] - Popup mesajı Toplu Veri İndirme içeriyor mu

2021-10-14 17:25:37 - [TEST_STEP][PASSED] - Yönetim popupında Tamam seçilir: Yönetim popupında Tamam seçilir

2021-10-14 17:25:37 - [MESSAGE][PASSED] - Yönetim popupında Tamam seçilir

2021-10-14 17:25:37 - [TEST_STEP][PASSED] - Butonlardan Toplu İndirme isimli butona tıklanır: Butonlardan Toplu İndirme isimli butona tıklanır

2021-10-14 17:25:37 - [MESSAGE][PASSED] - Butonlardan Toplu İndirme isimli butona tıklanır

2021-10-14 17:25:37 - [TEST_STEP][PASSED] - Alt butonlardan UBL Tümünü İndir butonuna tıklanır: Alt butonlardan UBL Tümünü İndir butonuna tıklanır

2021-10-14 17:25:37 - [MESSAGE][PASSED] - Alt butonlardan UBL Tümünü İndir butonuna tıklanır

2021-10-14 17:25:37 - [TEST_STEP][PASSED] - Popup mesajı Lütfen rapor bildiriminin gönderileceği e-posta adresini belirtiniz. içeriyor mu: Popup mesajı Lütfen rapor bildiriminin gönderileceği e-posta adresini belirtiniz. içeriyor mu

2021-10-14 17:25:37 - [MESSAGE][PASSED] - Popup mesajı Lütfen rapor bildiriminin gönderileceği e-posta adresini belirtiniz. içeriyor mu

2021-10-14 17:25:37 - [TEST_STEP][PASSED] - Yönetim popupında Gönder seçilir: Yönetim popupında Gönder seçilir

2021-10-14 17:25:37 - [MESSAGE][PASSED] - Yönetim popupında Gönder seçilir

2021-10-14 17:25:37 - [TEST_STEP][PASSED] - Popup mesajı Toplu Veri İndirme içeriyor mu: Popup mesajı Toplu Veri İndirme içeriyor mu

2021-10-14 17:25:37 - [MESSAGE][PASSED] - Popup mesajı Toplu Veri İndirme içeriyor mu

2021-10-14 17:25:37 - [TEST_STEP][PASSED] - Yönetim popupında Tamam seçilir: Yönetim popupında Tamam seçilir

2021-10-14 17:25:37 - [MESSAGE][PASSED] - Yönetim popupında Tamam seçilir

2021-10-14 17:25:37 - [TEST_STEP][PASSED] - Ana menüden Raporlar seçilir: Ana menüden Raporlar seçilir

2021-10-14 17:25:37 - [MESSAGE][PASSED] - Ana menüden Raporlar seçilir

2021-10-14 17:25:37 - [TEST_STEP][PASSED] - Alt menüden Toplu Veri İndirme seçilir: Alt menüden Toplu Veri İndirme seçilir

2021-10-14 17:25:37 - [MESSAGE][PASSED] - Alt menüden Toplu Veri İndirme seçilir

2021-10-14 17:25:37 - [TEST_STEP][PASSED] - Filtrelerden Talep No filtresine Rapor No bilgisi yaz: Filtrelerden Talep No filtresine Rapor No bilgisi yaz

2021-10-14 17:25:37 - [MESSAGE][PASSED] - Filtrelerden Talep No filtresine Rapor No bilgisi yaz

2021-10-14 17:25:37 - [TEST_STEP][PASSED] - Filtre butonlarından Listele seçilir: Filtre butonlarından Listele seçilir

2021-10-14 17:25:37 - [MESSAGE][PASSED] - Filtre butonlarından Listele seçilir

2021-10-14 17:25:37 - [TEST_STEP][PASSED] - Tabloda veri var mı kontrol edilir: Tabloda veri var mı kontrol edilir

2021-10-14 17:25:37 - [MESSAGE][PASSED] - Tabloda veri var mı kontrol edilir

2021-10-14 17:25:37 - [TEST_STEP][PASSED] - Kullanıcı işlemlerinden Çıkış seçilir: Kullanıcı işlemlerinden Çıkış seçilir

2021-10-14 17:25:37 - [MESSAGE][PASSED] - Kullanıcı işlemlerinden Çıkış seçilir

2021-10-14 17:25:37 - [MESSAGE][PASSED] - Feature file: 'Include/features/e-Fatura/Giden Kutusu/Uygulama Yanıtlari/Toplu Indirme.feature' was passed

2021-10-14 17:25:37 - [TEST_STEP][PASSED] - Start listener action : sampleAfterTestSuite: Invoke 'com.kms.katalon.core.annotation.AfterTestCase' method: 'Listener.sampleAfterTestSuite(...)' completed.

2021-10-14 17:25:37 - [MESSAGE][INFO] - Starting invoke 'com.kms.katalon.core.annotation.AfterTestCase' method: 'Listener.sampleAfterTestSuite(...)'

2021-10-14 17:25:37 - [TEST_STEP][PASSED] - closeBrowser(): Invoke 'com.kms.katalon.core.annotation.AfterTestCase' method: 'Listener.sampleAfterTestSuite(...)' completed.

2021-10-14 17:25:37 - [MESSAGE][INFO] - Closing browser

2021-10-14 17:25:38 - [MESSAGE][PASSED] - Browser is closed

2021-10-14 17:25:38 - [MESSAGE][INFO] - Invoke 'com.kms.katalon.core.annotation.AfterTestCase' method: 'Listener.sampleAfterTestSuite(...)' completed.]]></system-out>
         <system-err><![CDATA[]]></system-err>
      </testcase>
      <testcase name="Test Cases/Case Repository/e-Arsiv/e-Arsiv Hareketleri/e-Arsiv Faturalari/Excele Aktar" time="60.457" classname="Test Cases/Case Repository/e-Arsiv/e-Arsiv Hareketleri/e-Arsiv Faturalari/Excele Aktar" status="PASSED">
         <system-out><![CDATA[2021-10-14 17:25:38 - [TEST_CASE][PASSED] - Test Cases/Case Repository/e-Arsiv/e-Arsiv Hareketleri/e-Arsiv Faturalari/Excele Aktar: Test Cases/Case Repository/e-Arsiv/e-Arsiv Hareketleri/e-Arsiv Faturalari/Excele Aktar

2021-10-14 17:25:38 - [TEST_STEP][PASSED] - Start listener action : sampleBeforeTestSuite: Invoke 'com.kms.katalon.core.annotation.BeforeTestCase' method: 'Listener.sampleBeforeTestSuite(...)' completed.

2021-10-14 17:25:38 - [MESSAGE][INFO] - Starting invoke 'com.kms.katalon.core.annotation.BeforeTestCase' method: 'Listener.sampleBeforeTestSuite(...)'

2021-10-14 17:25:38 - [TEST_STEP][PASSED] - openBrowser(baseUrl): Browser is opened with url: 'https://efatura-stage.elogo.com.tr/'

2021-10-14 17:25:38 - [MESSAGE][INFO] - Opening browser

2021-10-14 17:25:38 - [MESSAGE][INFO] - Starting 'Chrome' driver

2021-10-14 17:25:38 - [MESSAGE][INFO] - User set preference: ['prefs', '{download.default_directory=C:\otomasyondownfiles}']

2021-10-14 17:25:38 - [MESSAGE][INFO] - Action delay is set to 0 milliseconds

2021-10-14 17:25:39 - [MESSAGE][INFO] - Navigating browser to: 'https://efatura-stage.elogo.com.tr/'

2021-10-14 17:25:43 - [MESSAGE][PASSED] - Browser is opened with url: 'https://efatura-stage.elogo.com.tr/'

2021-10-14 17:25:43 - [TEST_STEP][PASSED] - maximizeWindow(): Invoke 'com.kms.katalon.core.annotation.BeforeTestCase' method: 'Listener.sampleBeforeTestSuite(...)' completed.

2021-10-14 17:25:43 - [MESSAGE][INFO] - Maximizing current window

2021-10-14 17:25:43 - [MESSAGE][PASSED] - Current window maximized

2021-10-14 17:25:43 - [MESSAGE][INFO] - Invoke 'com.kms.katalon.core.annotation.BeforeTestCase' method: 'Listener.sampleBeforeTestSuite(...)' completed.

2021-10-14 17:25:44 - [TEST_STEP][PASSED] - runFeatureFile("Include/features/e-Arsiv/e-Arsiv Hareketleri/e-Arsiv Faturalari/Excele Aktar.feature"): Feature file: 'Include/features/e-Arsiv/e-Arsiv Hareketleri/e-Arsiv Faturalari/Excele Aktar.feature' was passed

2021-10-14 17:25:44 - [MESSAGE][INFO] - Starting run keyword runFeatureFile: 'Include/features/e-Arsiv/e-Arsiv Hareketleri/e-Arsiv Faturalari/Excele Aktar.feature' and extract report to folder: 'C:\Users\DELL\Downloads\EES_Katalon-main\Reports\20211014_170112\Suite Repository\ExceleAktarVeTopluIndirme\20211014_170125/cucumber_report/1634221544011'...

2021-10-14 17:25:44 - [MESSAGE][INFO] - Glue: []

2021-10-14 17:25:45 - [MESSAGE][INFO] - Checking called Test Case

2021-10-14 17:25:45 - [MESSAGE][INFO] - Starting to call Test Case 'Test Cases/Sayfalar/Giris_Sayfasi/Login'

2021-10-14 17:25:45 - [TEST_CASE][PASSED] - Test Cases/Sayfalar/Giris_Sayfasi/Login: Test Cases/Sayfalar/Giris_Sayfasi/Login

2021-10-14 17:25:45 - [TEST_STEP][PASSED] - Sayfa_Basligi = getWindowTitle(): Current window's title is: 'LOGO e-Fatura'

2021-10-14 17:25:45 - [MESSAGE][INFO] - Getting current window's title

2021-10-14 17:25:45 - [MESSAGE][PASSED] - Current window's title is: 'LOGO e-Fatura'

2021-10-14 17:25:45 - [TEST_STEP][PASSED] - verifyMatch(Sayfa_Basligi, "LOGO e-Fatura", false): Actual text 'LOGO e-Fatura' and expected text 'LOGO e-Fatura' are matched 

2021-10-14 17:25:45 - [MESSAGE][INFO] - Matching actual text 'LOGO e-Fatura' with expected text 'LOGO e-Fatura'

2021-10-14 17:25:45 - [MESSAGE][PASSED] - Actual text 'LOGO e-Fatura' and expected text 'LOGO e-Fatura' are matched 

2021-10-14 17:25:45 - [TEST_STEP][PASSED] - sendKeys(findTestObject("Sayfalar/Giris_Sayfasi/Firma_Kodu"), KullaniciAdi): Keys 'ELOGO6' sent to object: 'Object Repository/Sayfalar/Giris_Sayfasi/Firma_Kodu'

2021-10-14 17:25:45 - [MESSAGE][INFO] - Finding Test Object 'Object Repository/Sayfalar/Giris_Sayfasi/Firma_Kodu'

2021-10-14 17:25:45 - [MESSAGE][INFO] - Sending keys 'ELOGO6' to object: 'Object Repository/Sayfalar/Giris_Sayfasi/Firma_Kodu'

2021-10-14 17:25:45 - [MESSAGE][INFO] - Finding web element from Test Object's properties

2021-10-14 17:25:45 - [MESSAGE][INFO] - Checking timeout

2021-10-14 17:25:45 - [MESSAGE][INFO] - Finding web element with id: 'Object Repository/Sayfalar/Giris_Sayfasi/Firma_Kodu' located by 'By.xpath: //*[@id = 'AccountName']' in '30' second(s)

2021-10-14 17:25:45 - [MESSAGE][INFO] - Smart Wait Function is triggered

2021-10-14 17:25:45 - [MESSAGE][INFO] - Found 1 web elements with id: 'Object Repository/Sayfalar/Giris_Sayfasi/Firma_Kodu' located by 'By.xpath: //*[@id = 'AccountName']' in '30' second(s)

2021-10-14 17:25:45 - [MESSAGE][PASSED] - Keys 'ELOGO6' sent to object: 'Object Repository/Sayfalar/Giris_Sayfasi/Firma_Kodu'

2021-10-14 17:25:45 - [TEST_STEP][PASSED] - sendKeys(findTestObject("Sayfalar/Giris_Sayfasi/Sifre"), Sifre): Keys '123456' sent to object: 'Object Repository/Sayfalar/Giris_Sayfasi/Sifre'

2021-10-14 17:25:45 - [MESSAGE][INFO] - Finding Test Object 'Object Repository/Sayfalar/Giris_Sayfasi/Sifre'

2021-10-14 17:25:45 - [MESSAGE][INFO] - Sending keys '123456' to object: 'Object Repository/Sayfalar/Giris_Sayfasi/Sifre'

2021-10-14 17:25:45 - [MESSAGE][INFO] - Finding web element from Test Object's properties

2021-10-14 17:25:45 - [MESSAGE][INFO] - Checking timeout

2021-10-14 17:25:45 - [MESSAGE][INFO] - Finding web element with id: 'Object Repository/Sayfalar/Giris_Sayfasi/Sifre' located by 'By.xpath: //*[@id = 'Password']' in '30' second(s)

2021-10-14 17:25:45 - [MESSAGE][INFO] - Smart Wait Function is triggered

2021-10-14 17:25:46 - [MESSAGE][INFO] - Found 1 web elements with id: 'Object Repository/Sayfalar/Giris_Sayfasi/Sifre' located by 'By.xpath: //*[@id = 'Password']' in '30' second(s)

2021-10-14 17:25:46 - [MESSAGE][PASSED] - Keys '123456' sent to object: 'Object Repository/Sayfalar/Giris_Sayfasi/Sifre'

2021-10-14 17:25:46 - [TEST_STEP][PASSED] - findWebElement(findTestObject("Sayfalar/Giris_Sayfasi/Giris_Butonu")).click(): Found 1 web elements with id: 'Object Repository/Sayfalar/Giris_Sayfasi/Giris_Butonu' located by 'By.cssSelector: #btnLogin' in '30' second(s)

2021-10-14 17:25:46 - [MESSAGE][INFO] - Finding Test Object 'Object Repository/Sayfalar/Giris_Sayfasi/Giris_Butonu'

2021-10-14 17:25:46 - [MESSAGE][INFO] - Finding web element from Test Object's properties

2021-10-14 17:25:46 - [MESSAGE][INFO] - Checking timeout

2021-10-14 17:25:46 - [MESSAGE][INFO] - Finding web element with id: 'Object Repository/Sayfalar/Giris_Sayfasi/Giris_Butonu' located by 'By.cssSelector: #btnLogin' in '30' second(s)

2021-10-14 17:25:46 - [MESSAGE][INFO] - Smart Wait Function is triggered

2021-10-14 17:25:46 - [MESSAGE][INFO] - Found 1 web elements with id: 'Object Repository/Sayfalar/Giris_Sayfasi/Giris_Butonu' located by 'By.cssSelector: #btnLogin' in '30' second(s)

2021-10-14 17:25:50 - [TEST_STEP][PASSED] - if (verifyElementPresent(findTestObject("Object Repository/Sayfalar/Giris_Sayfasi/RetveTamam_Butonu"), 5, OPTIONAL)): null

2021-10-14 17:25:50 - [MESSAGE][INFO] - Finding Test Object 'Object Repository/Sayfalar/Giris_Sayfasi/RetveTamam_Butonu'

2021-10-14 17:25:50 - [MESSAGE][INFO] - Checking object

2021-10-14 17:25:50 - [MESSAGE][INFO] - Finding web element from Test Object's properties

2021-10-14 17:25:50 - [MESSAGE][INFO] - Checking timeout

2021-10-14 17:25:50 - [MESSAGE][INFO] - Finding web element with id: 'Object Repository/Sayfalar/Giris_Sayfasi/RetveTamam_Butonu' located by 'By.xpath: //*[@class = 'btn btn-default']' in '5' second(s)

2021-10-14 17:25:50 - [MESSAGE][INFO] - Smart Wait Function is triggered

2021-10-14 17:25:50 - [MESSAGE][INFO] - Found 1 web elements with id: 'Object Repository/Sayfalar/Giris_Sayfasi/RetveTamam_Butonu' located by 'By.xpath: //*[@class = 'btn btn-default']' in '5' second(s)

2021-10-14 17:25:50 - [MESSAGE][PASSED] - Object 'Object Repository/Sayfalar/Giris_Sayfasi/RetveTamam_Butonu' is present

2021-10-14 17:25:50 - [TEST_STEP][PASSED] - click(findTestObject("Object Repository/Sayfalar/Giris_Sayfasi/RetveTamam_Butonu")): Object: 'Object Repository/Sayfalar/Giris_Sayfasi/RetveTamam_Butonu' is clicked on

2021-10-14 17:25:50 - [MESSAGE][INFO] - Finding Test Object 'Object Repository/Sayfalar/Giris_Sayfasi/RetveTamam_Butonu'

2021-10-14 17:25:50 - [MESSAGE][INFO] - Checking object

2021-10-14 17:25:50 - [MESSAGE][INFO] - Finding web element from Test Object's properties

2021-10-14 17:25:50 - [MESSAGE][INFO] - Checking timeout

2021-10-14 17:25:50 - [MESSAGE][INFO] - Finding web element with id: 'Object Repository/Sayfalar/Giris_Sayfasi/RetveTamam_Butonu' located by 'By.xpath: //*[@class = 'btn btn-default']' in '30' second(s)

2021-10-14 17:25:50 - [MESSAGE][INFO] - Smart Wait Function is triggered

2021-10-14 17:25:51 - [MESSAGE][INFO] - Found 1 web elements with id: 'Object Repository/Sayfalar/Giris_Sayfasi/RetveTamam_Butonu' located by 'By.xpath: //*[@class = 'btn btn-default']' in '30' second(s)

2021-10-14 17:25:51 - [MESSAGE][INFO] - Clicking on object: 'Object Repository/Sayfalar/Giris_Sayfasi/RetveTamam_Butonu'

2021-10-14 17:25:51 - [MESSAGE][PASSED] - Object: 'Object Repository/Sayfalar/Giris_Sayfasi/RetveTamam_Butonu' is clicked on

2021-10-14 17:25:51 - [TEST_STEP][PASSED] - click(findTestObject("Object Repository/Sayfalar/Giris_Sayfasi/RetveTamam_Butonu")): Object: 'Object Repository/Sayfalar/Giris_Sayfasi/RetveTamam_Butonu' is clicked on

2021-10-14 17:25:51 - [MESSAGE][INFO] - Finding Test Object 'Object Repository/Sayfalar/Giris_Sayfasi/RetveTamam_Butonu'

2021-10-14 17:25:51 - [MESSAGE][INFO] - Checking object

2021-10-14 17:25:51 - [MESSAGE][INFO] - Finding web element from Test Object's properties

2021-10-14 17:25:51 - [MESSAGE][INFO] - Checking timeout

2021-10-14 17:25:51 - [MESSAGE][INFO] - Finding web element with id: 'Object Repository/Sayfalar/Giris_Sayfasi/RetveTamam_Butonu' located by 'By.xpath: //*[@class = 'btn btn-default']' in '30' second(s)

2021-10-14 17:25:51 - [MESSAGE][INFO] - Smart Wait Function is triggered

2021-10-14 17:25:56 - [MESSAGE][INFO] - Found 1 web elements with id: 'Object Repository/Sayfalar/Giris_Sayfasi/RetveTamam_Butonu' located by 'By.xpath: //*[@class = 'btn btn-default']' in '30' second(s)

2021-10-14 17:25:56 - [MESSAGE][INFO] - Clicking on object: 'Object Repository/Sayfalar/Giris_Sayfasi/RetveTamam_Butonu'

2021-10-14 17:25:57 - [MESSAGE][PASSED] - Object: 'Object Repository/Sayfalar/Giris_Sayfasi/RetveTamam_Butonu' is clicked on

2021-10-14 17:25:57 - [TEST_STEP][PASSED] - if (verifyElementPresent(findTestObject("Sayfalar/Giris_Sayfasi/PopupOK"), 5, OPTIONAL)): null

2021-10-14 17:25:57 - [MESSAGE][INFO] - Finding Test Object 'Object Repository/Sayfalar/Giris_Sayfasi/PopupOK'

2021-10-14 17:25:57 - [MESSAGE][INFO] - Checking object

2021-10-14 17:25:57 - [MESSAGE][INFO] - Finding web element from Test Object's properties

2021-10-14 17:25:57 - [MESSAGE][INFO] - Checking timeout

2021-10-14 17:25:57 - [MESSAGE][INFO] - Finding web element with id: 'Object Repository/Sayfalar/Giris_Sayfasi/PopupOK' located by 'By.cssSelector: .btn.btn-success' in '5' second(s)

2021-10-14 17:25:57 - [MESSAGE][INFO] - Smart Wait Function is triggered

2021-10-14 17:25:57 - [MESSAGE][INFO] - Found 1 web elements with id: 'Object Repository/Sayfalar/Giris_Sayfasi/PopupOK' located by 'By.cssSelector: .btn.btn-success' in '5' second(s)

2021-10-14 17:25:57 - [MESSAGE][PASSED] - Object 'Object Repository/Sayfalar/Giris_Sayfasi/PopupOK' is present

2021-10-14 17:25:57 - [TEST_STEP][PASSED] - click(findTestObject("Object Repository/Sayfalar/Giris_Sayfasi/PopupCarpiGiris")): Object: 'Object Repository/Sayfalar/Giris_Sayfasi/PopupCarpiGiris' is clicked on

2021-10-14 17:25:57 - [MESSAGE][INFO] - Finding Test Object 'Object Repository/Sayfalar/Giris_Sayfasi/PopupCarpiGiris'

2021-10-14 17:25:57 - [MESSAGE][INFO] - Checking object

2021-10-14 17:25:57 - [MESSAGE][INFO] - Finding web element from Test Object's properties

2021-10-14 17:25:57 - [MESSAGE][INFO] - Checking timeout

2021-10-14 17:25:57 - [MESSAGE][INFO] - Finding web element with id: 'Object Repository/Sayfalar/Giris_Sayfasi/PopupCarpiGiris' located by 'By.cssSelector: .bootbox-close-button.close' in '30' second(s)

2021-10-14 17:25:57 - [MESSAGE][INFO] - Smart Wait Function is triggered

2021-10-14 17:25:58 - [MESSAGE][INFO] - Found 1 web elements with id: 'Object Repository/Sayfalar/Giris_Sayfasi/PopupCarpiGiris' located by 'By.cssSelector: .bootbox-close-button.close' in '30' second(s)

2021-10-14 17:25:58 - [MESSAGE][INFO] - Clicking on object: 'Object Repository/Sayfalar/Giris_Sayfasi/PopupCarpiGiris'

2021-10-14 17:25:58 - [MESSAGE][PASSED] - Object: 'Object Repository/Sayfalar/Giris_Sayfasi/PopupCarpiGiris' is clicked on

2021-10-14 17:25:58 - [TEST_STEP][PASSED] - verifyElementVisible(findTestObject("Object Repository/Kullanici_Islemleri/KullaniciIslemleri")): Object 'Object Repository/Kullanici_Islemleri/KullaniciIslemleri' is visible

2021-10-14 17:25:58 - [MESSAGE][INFO] - Finding Test Object 'Object Repository/Kullanici_Islemleri/KullaniciIslemleri'

2021-10-14 17:25:58 - [MESSAGE][INFO] - Checking object

2021-10-14 17:25:58 - [MESSAGE][INFO] - Finding web element from Test Object's properties

2021-10-14 17:25:58 - [MESSAGE][INFO] - Checking timeout

2021-10-14 17:25:58 - [MESSAGE][INFO] - Finding web element with id: 'Object Repository/Kullanici_Islemleri/KullaniciIslemleri' located by 'By.cssSelector: .dropdown>a>img' in '30' second(s)

2021-10-14 17:25:58 - [MESSAGE][INFO] - Smart Wait Function is triggered

2021-10-14 17:25:59 - [MESSAGE][INFO] - Found 1 web elements with id: 'Object Repository/Kullanici_Islemleri/KullaniciIslemleri' located by 'By.cssSelector: .dropdown>a>img' in '30' second(s)

2021-10-14 17:25:59 - [MESSAGE][PASSED] - Object 'Object Repository/Kullanici_Islemleri/KullaniciIslemleri' is visible

2021-10-14 17:25:59 - [MESSAGE][PASSED] - Call Test Case 'Test Cases/Sayfalar/Giris_Sayfasi/Login' successfully

2021-10-14 17:25:59 - [MESSAGE][INFO] - Checking called Test Case

2021-10-14 17:25:59 - [MESSAGE][INFO] - Starting to call Test Case 'Test Cases/Menu/AnaMenuSecimi'

2021-10-14 17:25:59 - [TEST_CASE][PASSED] - Test Cases/Menu/AnaMenuSecimi: Test Cases/Menu/AnaMenuSecimi

2021-10-14 17:25:59 - [TEST_STEP][PASSED] - Method.TextDegerineEsitElementeTikla(findTestObject("Menu/Ana_Menu"), Ana_Menu): Method.TextDegerineEsitElementeTikla is PASSED

2021-10-14 17:25:59 - [MESSAGE][INFO] - Finding Test Object 'Object Repository/Menu/Ana_Menu'

2021-10-14 17:25:59 - [MESSAGE][INFO] - Checking timeout

2021-10-14 17:25:59 - [MESSAGE][INFO] - Finding web element with id: 'Object Repository/Menu/Ana_Menu' located by 'By.xpath: //*[@class = 'dropdown-toggle']' in '10' second(s)

2021-10-14 17:25:59 - [MESSAGE][INFO] - Smart Wait Function is triggered

2021-10-14 17:25:59 - [MESSAGE][INFO] - Found 14 web elements with id: 'Object Repository/Menu/Ana_Menu' located by 'By.xpath: //*[@class = 'dropdown-toggle']' in '10' second(s)

2021-10-14 17:25:59 - [MESSAGE][PASSED] - Method.TextDegerineEsitElementeTikla is PASSED

2021-10-14 17:25:59 - [MESSAGE][PASSED] - Call Test Case 'Test Cases/Menu/AnaMenuSecimi' successfully

2021-10-14 17:25:59 - [MESSAGE][INFO] - Checking called Test Case

2021-10-14 17:25:59 - [MESSAGE][INFO] - Starting to call Test Case 'Test Cases/Menu/BasligaGoreAltMenuSecimi'

2021-10-14 17:25:59 - [TEST_CASE][PASSED] - Test Cases/Menu/BasligaGoreAltMenuSecimi: Test Cases/Menu/BasligaGoreAltMenuSecimi

2021-10-14 17:25:59 - [TEST_STEP][PASSED] - Method.TextDegerineEsitElementinAltindakiTextDegerineEsitOlanaTikla(findTestObject("Menu/Menu_Basligi"), findTestObject("Menu/Basliga_Gore_Alt_Menu"), Baslik, Alt_Menu): Method.TextDegerineEsitElementinAltindakiTextDegerineEsitOlanaTikla is PASSED

2021-10-14 17:25:59 - [MESSAGE][INFO] - Finding Test Object 'Object Repository/Menu/Menu_Basligi'

2021-10-14 17:25:59 - [MESSAGE][INFO] - Finding Test Object 'Object Repository/Menu/Basliga_Gore_Alt_Menu'

2021-10-14 17:26:00 - [MESSAGE][INFO] - Checking timeout

2021-10-14 17:26:00 - [MESSAGE][INFO] - Finding web element with id: 'Object Repository/Menu/Menu_Basligi' located by 'By.xpath: //li[@class='dropdown dropdown-large open']//li[@class='dropdown-header']' in '10' second(s)

2021-10-14 17:26:00 - [MESSAGE][INFO] - Smart Wait Function is triggered

2021-10-14 17:26:00 - [MESSAGE][INFO] - Found 2 web elements with id: 'Object Repository/Menu/Menu_Basligi' located by 'By.xpath: //li[@class='dropdown dropdown-large open']//li[@class='dropdown-header']' in '10' second(s)

2021-10-14 17:26:00 - [MESSAGE][INFO] - Smart Wait Function is triggered

2021-10-14 17:26:02 - [MESSAGE][PASSED] - Method.TextDegerineEsitElementinAltindakiTextDegerineEsitOlanaTikla is PASSED

2021-10-14 17:26:02 - [MESSAGE][PASSED] - Call Test Case 'Test Cases/Menu/BasligaGoreAltMenuSecimi' successfully

2021-10-14 17:26:02 - [MESSAGE][INFO] - Checking called Test Case

2021-10-14 17:26:02 - [MESSAGE][INFO] - Starting to call Test Case 'Test Cases/Filtreler/BaslangicYaz'

2021-10-14 17:26:02 - [TEST_CASE][PASSED] - Test Cases/Filtreler/BaslangicYaz: Test Cases/Filtreler/BaslangicYaz

2021-10-14 17:26:02 - [TEST_STEP][PASSED] - Method.TextDegerineEsitElementinAltindakineTikla(findTestObject("Filtreler/Basliklar"), findTestObject("Filtreler/Basliga_Gore_Baslangic_Image"), Filtre_Adi): Method.TextDegerineEsitElementinAltindakineTikla is PASSED

2021-10-14 17:26:02 - [MESSAGE][INFO] - Finding Test Object 'Object Repository/Filtreler/Basliklar'

2021-10-14 17:26:03 - [MESSAGE][INFO] - Finding Test Object 'Object Repository/Filtreler/Basliga_Gore_Baslangic_Image'

2021-10-14 17:26:03 - [MESSAGE][INFO] - Checking timeout

2021-10-14 17:26:03 - [MESSAGE][INFO] - Finding web element with id: 'Object Repository/Filtreler/Basliklar' located by 'By.cssSelector: .control-label.col-sm-4.paddingMarginRLC' in '10' second(s)

2021-10-14 17:26:03 - [MESSAGE][INFO] - Smart Wait Function is triggered

2021-10-14 17:26:03 - [MESSAGE][INFO] - Found 19 web elements with id: 'Object Repository/Filtreler/Basliklar' located by 'By.cssSelector: .control-label.col-sm-4.paddingMarginRLC' in '10' second(s)

2021-10-14 17:26:03 - [MESSAGE][INFO] - Smart Wait Function is triggered

2021-10-14 17:26:04 - [MESSAGE][PASSED] - Method.TextDegerineEsitElementinAltindakineTikla is PASSED

2021-10-14 17:26:04 - [TEST_STEP][PASSED] - Method.TextDegerineEsitElementinAltindakiTextboxtaYaz(findTestObject("Filtreler/Basliklar"), findTestObject("Filtreler/Basliga_Gore_Baslangic"), Filtre_Adi, Filtre_Degeri): Method.TextDegerineEsitElementinAltindakiTextboxtaYaz is PASSED

2021-10-14 17:26:04 - [MESSAGE][INFO] - Finding Test Object 'Object Repository/Filtreler/Basliklar'

2021-10-14 17:26:04 - [MESSAGE][INFO] - Finding Test Object 'Object Repository/Filtreler/Basliga_Gore_Baslangic'

2021-10-14 17:26:04 - [MESSAGE][INFO] - Checking timeout

2021-10-14 17:26:04 - [MESSAGE][INFO] - Finding web element with id: 'Object Repository/Filtreler/Basliklar' located by 'By.cssSelector: .control-label.col-sm-4.paddingMarginRLC' in '10' second(s)

2021-10-14 17:26:04 - [MESSAGE][INFO] - Smart Wait Function is triggered

2021-10-14 17:26:04 - [MESSAGE][INFO] - Found 19 web elements with id: 'Object Repository/Filtreler/Basliklar' located by 'By.cssSelector: .control-label.col-sm-4.paddingMarginRLC' in '10' second(s)

2021-10-14 17:26:04 - [MESSAGE][INFO] - Smart Wait Function is triggered

2021-10-14 17:26:05 - [MESSAGE][PASSED] - Method.TextDegerineEsitElementinAltindakiTextboxtaYaz is PASSED

2021-10-14 17:26:05 - [MESSAGE][PASSED] - Call Test Case 'Test Cases/Filtreler/BaslangicYaz' successfully

2021-10-14 17:26:05 - [MESSAGE][INFO] - Checking called Test Case

2021-10-14 17:26:05 - [MESSAGE][INFO] - Starting to call Test Case 'Test Cases/Filtreler/BitisYaz'

2021-10-14 17:26:05 - [TEST_CASE][PASSED] - Test Cases/Filtreler/BitisYaz: Test Cases/Filtreler/BitisYaz

2021-10-14 17:26:05 - [TEST_STEP][PASSED] - Method.TextDegerineEsitElementinAltindakineTikla(findTestObject("Filtreler/Basliklar"), findTestObject("Filtreler/Basliga_Gore_Bitis_Image"), Filtre_Adi): Method.TextDegerineEsitElementinAltindakineTikla is PASSED

2021-10-14 17:26:05 - [MESSAGE][INFO] - Finding Test Object 'Object Repository/Filtreler/Basliklar'

2021-10-14 17:26:05 - [MESSAGE][INFO] - Finding Test Object 'Object Repository/Filtreler/Basliga_Gore_Bitis_Image'

2021-10-14 17:26:05 - [MESSAGE][INFO] - Checking timeout

2021-10-14 17:26:05 - [MESSAGE][INFO] - Finding web element with id: 'Object Repository/Filtreler/Basliklar' located by 'By.cssSelector: .control-label.col-sm-4.paddingMarginRLC' in '10' second(s)

2021-10-14 17:26:05 - [MESSAGE][INFO] - Smart Wait Function is triggered

2021-10-14 17:26:05 - [MESSAGE][INFO] - Found 19 web elements with id: 'Object Repository/Filtreler/Basliklar' located by 'By.cssSelector: .control-label.col-sm-4.paddingMarginRLC' in '10' second(s)

2021-10-14 17:26:06 - [MESSAGE][INFO] - Smart Wait Function is triggered

2021-10-14 17:26:06 - [MESSAGE][PASSED] - Method.TextDegerineEsitElementinAltindakineTikla is PASSED

2021-10-14 17:26:06 - [TEST_STEP][PASSED] - Method.TextDegerineEsitElementinAltindakiTextboxtaYaz(findTestObject("Filtreler/Basliklar"), findTestObject("Object Repository/Filtreler/Basliga_Gore_Bitis"), Filtre_Adi, Filtre_Degeri): Method.TextDegerineEsitElementinAltindakiTextboxtaYaz is PASSED

2021-10-14 17:26:06 - [MESSAGE][INFO] - Finding Test Object 'Object Repository/Filtreler/Basliklar'

2021-10-14 17:26:06 - [MESSAGE][INFO] - Finding Test Object 'Object Repository/Filtreler/Basliga_Gore_Bitis'

2021-10-14 17:26:06 - [MESSAGE][INFO] - Checking timeout

2021-10-14 17:26:06 - [MESSAGE][INFO] - Finding web element with id: 'Object Repository/Filtreler/Basliklar' located by 'By.cssSelector: .control-label.col-sm-4.paddingMarginRLC' in '10' second(s)

2021-10-14 17:26:06 - [MESSAGE][INFO] - Smart Wait Function is triggered

2021-10-14 17:26:06 - [MESSAGE][INFO] - Found 19 web elements with id: 'Object Repository/Filtreler/Basliklar' located by 'By.cssSelector: .control-label.col-sm-4.paddingMarginRLC' in '10' second(s)

2021-10-14 17:26:07 - [MESSAGE][INFO] - Smart Wait Function is triggered

2021-10-14 17:26:07 - [MESSAGE][PASSED] - Method.TextDegerineEsitElementinAltindakiTextboxtaYaz is PASSED

2021-10-14 17:26:07 - [MESSAGE][PASSED] - Call Test Case 'Test Cases/Filtreler/BitisYaz' successfully

2021-10-14 17:26:07 - [MESSAGE][INFO] - Checking called Test Case

2021-10-14 17:26:07 - [MESSAGE][INFO] - Starting to call Test Case 'Test Cases/Filtreler/TexboxaYaz'

2021-10-14 17:26:07 - [TEST_CASE][PASSED] - Test Cases/Filtreler/TexboxaYaz: Test Cases/Filtreler/TexboxaYaz

2021-10-14 17:26:07 - [TEST_STEP][PASSED] - Method.TextDegerineEsitElementinAltindakiTextboxtaYaz(findTestObject("Filtreler/Basliklar"), findTestObject("Filtreler/Basliga_Gore_Textbox"), Filtre_Adi, Filtre_Degeri): Method.TextDegerineEsitElementinAltindakiTextboxtaYaz is PASSED

2021-10-14 17:26:07 - [MESSAGE][INFO] - Finding Test Object 'Object Repository/Filtreler/Basliklar'

2021-10-14 17:26:07 - [MESSAGE][INFO] - Finding Test Object 'Object Repository/Filtreler/Basliga_Gore_Textbox'

2021-10-14 17:26:07 - [MESSAGE][INFO] - Checking timeout

2021-10-14 17:26:07 - [MESSAGE][INFO] - Finding web element with id: 'Object Repository/Filtreler/Basliklar' located by 'By.cssSelector: .control-label.col-sm-4.paddingMarginRLC' in '10' second(s)

2021-10-14 17:26:07 - [MESSAGE][INFO] - Smart Wait Function is triggered

2021-10-14 17:26:08 - [MESSAGE][INFO] - Found 19 web elements with id: 'Object Repository/Filtreler/Basliklar' located by 'By.cssSelector: .control-label.col-sm-4.paddingMarginRLC' in '10' second(s)

2021-10-14 17:26:08 - [MESSAGE][INFO] - Smart Wait Function is triggered

2021-10-14 17:26:08 - [MESSAGE][PASSED] - Method.TextDegerineEsitElementinAltindakiTextboxtaYaz is PASSED

2021-10-14 17:26:08 - [MESSAGE][PASSED] - Call Test Case 'Test Cases/Filtreler/TexboxaYaz' successfully

2021-10-14 17:26:08 - [MESSAGE][INFO] - Checking called Test Case

2021-10-14 17:26:08 - [MESSAGE][INFO] - Starting to call Test Case 'Test Cases/Filtreler/ButonaTikla'

2021-10-14 17:26:08 - [TEST_CASE][PASSED] - Test Cases/Filtreler/ButonaTikla: Test Cases/Filtreler/ButonaTikla

2021-10-14 17:26:08 - [TEST_STEP][PASSED] - Method.TextDegerineEsitElementeTikla(findTestObject("Filtreler/Butonlar"), Filtre_Buton): Method.TextDegerineEsitElementeTikla is PASSED

2021-10-14 17:26:08 - [MESSAGE][INFO] - Finding Test Object 'Object Repository/Filtreler/Butonlar'

2021-10-14 17:26:08 - [MESSAGE][INFO] - Checking timeout

2021-10-14 17:26:08 - [MESSAGE][INFO] - Finding web element with id: 'Object Repository/Filtreler/Butonlar' located by 'By.cssSelector: .dxb>span' in '10' second(s)

2021-10-14 17:26:08 - [MESSAGE][INFO] - Smart Wait Function is triggered

2021-10-14 17:26:09 - [MESSAGE][INFO] - Found 3 web elements with id: 'Object Repository/Filtreler/Butonlar' located by 'By.cssSelector: .dxb>span' in '10' second(s)

2021-10-14 17:26:09 - [MESSAGE][PASSED] - Method.TextDegerineEsitElementeTikla is PASSED

2021-10-14 17:26:09 - [MESSAGE][PASSED] - Call Test Case 'Test Cases/Filtreler/ButonaTikla' successfully

2021-10-14 17:26:09 - [MESSAGE][INFO] - Checking called Test Case

2021-10-14 17:26:09 - [MESSAGE][INFO] - Starting to call Test Case 'Test Cases/Tablo/TablodaVeriVarMi'

2021-10-14 17:26:09 - [TEST_CASE][PASSED] - Test Cases/Tablo/TablodaVeriVarMi: Test Cases/Tablo/TablodaVeriVarMi

2021-10-14 17:26:09 - [TEST_STEP][PASSED] - verifyTextNotPresent("Görüntülenecek veri yok", true): Text 'Görüntülenecek veri yok' is not present on page using regular expression

2021-10-14 17:26:09 - [MESSAGE][INFO] - Checking text present  using regular expression

2021-10-14 17:26:09 - [MESSAGE][INFO] - Smart Wait Function is triggered

2021-10-14 17:26:10 - [MESSAGE][INFO] - Finding text 'Görüntülenecek veri yok' on page  using regular expression

2021-10-14 17:26:10 - [MESSAGE][PASSED] - Text 'Görüntülenecek veri yok' is not present on page using regular expression

2021-10-14 17:26:10 - [MESSAGE][PASSED] - Call Test Case 'Test Cases/Tablo/TablodaVeriVarMi' successfully

2021-10-14 17:26:10 - [MESSAGE][INFO] - Checking called Test Case

2021-10-14 17:26:10 - [MESSAGE][INFO] - Starting to call Test Case 'Test Cases/Tablo/TablodanVeriSec'

2021-10-14 17:26:10 - [TEST_CASE][PASSED] - Test Cases/Tablo/TablodanVeriSec: Test Cases/Tablo/TablodanVeriSec

2021-10-14 17:26:10 - [TEST_STEP][PASSED] - Method.TextDegerineEsitElementinAltindakineTikla(findTestObject("Tablo/Veriler"), findTestObject("Tablo/VerininCheckBoxi"), Veri_Adi): Method.TextDegerineEsitElementinAltindakineTikla is PASSED

2021-10-14 17:26:10 - [MESSAGE][INFO] - Finding Test Object 'Object Repository/Tablo/Veriler'

2021-10-14 17:26:10 - [MESSAGE][INFO] - Finding Test Object 'Object Repository/Tablo/VerininCheckBoxi'

2021-10-14 17:26:11 - [MESSAGE][INFO] - Checking timeout

2021-10-14 17:26:11 - [MESSAGE][INFO] - Finding web element with id: 'Object Repository/Tablo/Veriler' located by 'By.cssSelector: td.dxgv b ,td.dxgv' in '10' second(s)

2021-10-14 17:26:11 - [MESSAGE][INFO] - Smart Wait Function is triggered

2021-10-14 17:26:11 - [MESSAGE][INFO] - Found 220 web elements with id: 'Object Repository/Tablo/Veriler' located by 'By.cssSelector: td.dxgv b ,td.dxgv' in '10' second(s)

2021-10-14 17:26:11 - [MESSAGE][INFO] - Smart Wait Function is triggered

2021-10-14 17:26:11 - [MESSAGE][PASSED] - Method.TextDegerineEsitElementinAltindakineTikla is PASSED

2021-10-14 17:26:11 - [MESSAGE][PASSED] - Call Test Case 'Test Cases/Tablo/TablodanVeriSec' successfully

2021-10-14 17:26:11 - [MESSAGE][INFO] - Checking called Test Case

2021-10-14 17:26:11 - [MESSAGE][INFO] - Starting to call Test Case 'Test Cases/Butonlar/ButonaTikla'

2021-10-14 17:26:11 - [TEST_CASE][PASSED] - Test Cases/Butonlar/ButonaTikla: Test Cases/Butonlar/ButonaTikla

2021-10-14 17:26:11 - [TEST_STEP][PASSED] - Method.TextDegerineEsitElementeTiklaEquals(findTestObject("Butonlar/Butonlar"), Buton_Adi): Method.TextDegerineEsitElementeTiklaEquals is PASSED

2021-10-14 17:26:11 - [MESSAGE][INFO] - Finding Test Object 'Object Repository/Butonlar/Butonlar'

2021-10-14 17:26:11 - [MESSAGE][INFO] - Checking timeout

2021-10-14 17:26:11 - [MESSAGE][INFO] - Finding web element with id: 'Object Repository/Butonlar/Butonlar' located by 'By.cssSelector: .panel.panel-default.text-center.footerPanel .btn,.btn.btn-primary.btnControls' in '10' second(s)

2021-10-14 17:26:11 - [MESSAGE][INFO] - Smart Wait Function is triggered

2021-10-14 17:26:12 - [MESSAGE][INFO] - Found 12 web elements with id: 'Object Repository/Butonlar/Butonlar' located by 'By.cssSelector: .panel.panel-default.text-center.footerPanel .btn,.btn.btn-primary.btnControls' in '10' second(s)

2021-10-14 17:26:12 - [MESSAGE][PASSED] - Method.TextDegerineEsitElementeTiklaEquals is PASSED

2021-10-14 17:26:12 - [MESSAGE][PASSED] - Call Test Case 'Test Cases/Butonlar/ButonaTikla' successfully

2021-10-14 17:26:12 - [MESSAGE][INFO] - Checking called Test Case

2021-10-14 17:26:12 - [MESSAGE][INFO] - Starting to call Test Case 'Test Cases/Butonlar/AltButonaTikla'

2021-10-14 17:26:12 - [TEST_CASE][PASSED] - Test Cases/Butonlar/AltButonaTikla: Test Cases/Butonlar/AltButonaTikla

2021-10-14 17:26:12 - [TEST_STEP][PASSED] - Method.TextDegerineEsitElementeTikla(findTestObject("Butonlar/AltButonlar"), Alt_Buton): Method.TextDegerineEsitElementeTikla is PASSED

2021-10-14 17:26:12 - [MESSAGE][INFO] - Finding Test Object 'Object Repository/Butonlar/AltButonlar'

2021-10-14 17:26:12 - [MESSAGE][INFO] - Checking timeout

2021-10-14 17:26:12 - [MESSAGE][INFO] - Finding web element with id: 'Object Repository/Butonlar/AltButonlar' located by 'By.cssSelector: .btn-group.open li>a' in '10' second(s)

2021-10-14 17:26:12 - [MESSAGE][INFO] - Smart Wait Function is triggered

2021-10-14 17:26:12 - [MESSAGE][INFO] - Found 2 web elements with id: 'Object Repository/Butonlar/AltButonlar' located by 'By.cssSelector: .btn-group.open li>a' in '10' second(s)

2021-10-14 17:26:12 - [MESSAGE][PASSED] - Method.TextDegerineEsitElementeTikla is PASSED

2021-10-14 17:26:12 - [MESSAGE][PASSED] - Call Test Case 'Test Cases/Butonlar/AltButonaTikla' successfully

2021-10-14 17:26:12 - [MESSAGE][INFO] - Checking called Test Case

2021-10-14 17:26:12 - [MESSAGE][INFO] - Starting to call Test Case 'Test Cases/Popup/PopupMesajiIceriyorMu'

2021-10-14 17:26:12 - [TEST_CASE][PASSED] - Test Cases/Popup/PopupMesajiIceriyorMu: Test Cases/Popup/PopupMesajiIceriyorMu

2021-10-14 17:26:12 - [TEST_STEP][PASSED] - waitForElementVisible(findTestObject("Popup/Popup"), 10): Object 'Object Repository/Popup/Popup' is visible

2021-10-14 17:26:12 - [MESSAGE][INFO] - Finding Test Object 'Object Repository/Popup/Popup'

2021-10-14 17:26:12 - [MESSAGE][INFO] - Checking object

2021-10-14 17:26:12 - [MESSAGE][INFO] - Checking timeout

2021-10-14 17:26:12 - [MESSAGE][INFO] - Finding web element from Test Object's properties

2021-10-14 17:26:12 - [MESSAGE][INFO] - Checking timeout

2021-10-14 17:26:12 - [MESSAGE][INFO] - Finding web element with id: 'Object Repository/Popup/Popup' located by 'By.cssSelector: .bootbox-body' in '10' second(s)

2021-10-14 17:26:12 - [MESSAGE][INFO] - Smart Wait Function is triggered

2021-10-14 17:26:13 - [MESSAGE][INFO] - Found 1 web elements with id: 'Object Repository/Popup/Popup' located by 'By.cssSelector: .bootbox-body' in '10' second(s)

2021-10-14 17:26:13 - [MESSAGE][PASSED] - Object 'Object Repository/Popup/Popup' is visible

2021-10-14 17:26:13 - [TEST_STEP][PASSED] - if (!(getText(findTestObject("Popup/Popup")).contains(Mesaj))): Text of object 'Object Repository/Popup/Popup' is: 'Lütfen rapor bildiriminin gönderileceği e-posta adresini belirtiniz.
e-Posta Adresi'

2021-10-14 17:26:13 - [MESSAGE][INFO] - Finding Test Object 'Object Repository/Popup/Popup'

2021-10-14 17:26:13 - [MESSAGE][INFO] - Checking object

2021-10-14 17:26:13 - [MESSAGE][INFO] - Finding web element from Test Object's properties

2021-10-14 17:26:13 - [MESSAGE][INFO] - Checking timeout

2021-10-14 17:26:13 - [MESSAGE][INFO] - Finding web element with id: 'Object Repository/Popup/Popup' located by 'By.cssSelector: .bootbox-body' in '30' second(s)

2021-10-14 17:26:13 - [MESSAGE][INFO] - Smart Wait Function is triggered

2021-10-14 17:26:14 - [MESSAGE][INFO] - Found 1 web elements with id: 'Object Repository/Popup/Popup' located by 'By.cssSelector: .bootbox-body' in '30' second(s)

2021-10-14 17:26:14 - [MESSAGE][INFO] - Getting text of object 'Object Repository/Popup/Popup'

2021-10-14 17:26:14 - [MESSAGE][PASSED] - Text of object 'Object Repository/Popup/Popup' is: 'Lütfen rapor bildiriminin gönderileceği e-posta adresini belirtiniz.
e-Posta Adresi'

2021-10-14 17:26:14 - [TEST_STEP][PASSED] - RaporNo = getText(findTestObject("Popup/Popup")).substring(0, 6): Text of object 'Object Repository/Popup/Popup' is: 'Lütfen rapor bildiriminin gönderileceği e-posta adresini belirtiniz.
e-Posta Adresi'

2021-10-14 17:26:14 - [MESSAGE][INFO] - Finding Test Object 'Object Repository/Popup/Popup'

2021-10-14 17:26:14 - [MESSAGE][INFO] - Checking object

2021-10-14 17:26:14 - [MESSAGE][INFO] - Finding web element from Test Object's properties

2021-10-14 17:26:14 - [MESSAGE][INFO] - Checking timeout

2021-10-14 17:26:14 - [MESSAGE][INFO] - Finding web element with id: 'Object Repository/Popup/Popup' located by 'By.cssSelector: .bootbox-body' in '30' second(s)

2021-10-14 17:26:14 - [MESSAGE][INFO] - Smart Wait Function is triggered

2021-10-14 17:26:14 - [MESSAGE][INFO] - Found 1 web elements with id: 'Object Repository/Popup/Popup' located by 'By.cssSelector: .bootbox-body' in '30' second(s)

2021-10-14 17:26:14 - [MESSAGE][INFO] - Getting text of object 'Object Repository/Popup/Popup'

2021-10-14 17:26:14 - [MESSAGE][PASSED] - Text of object 'Object Repository/Popup/Popup' is: 'Lütfen rapor bildiriminin gönderileceği e-posta adresini belirtiniz.
e-Posta Adresi'

2021-10-14 17:26:14 - [TEST_STEP][PASSED] - Console.println(RaporNo): null

2021-10-14 17:26:14 - [MESSAGE][PASSED] - Call Test Case 'Test Cases/Popup/PopupMesajiIceriyorMu' successfully

2021-10-14 17:26:14 - [MESSAGE][INFO] - Checking called Test Case

2021-10-14 17:26:14 - [MESSAGE][INFO] - Starting to call Test Case 'Test Cases/Popup/PopupButonSecilir'

2021-10-14 17:26:14 - [TEST_CASE][PASSED] - Test Cases/Popup/PopupButonSecilir: Test Cases/Popup/PopupButonSecilir

2021-10-14 17:26:14 - [TEST_STEP][PASSED] - Method.TextDegerineEsitElementeTikla(findTestObject("Popup/Popup_Butons"), Buton): Method.TextDegerineEsitElementeTikla is PASSED

2021-10-14 17:26:14 - [MESSAGE][INFO] - Finding Test Object 'Object Repository/Popup/Popup_Butons'

2021-10-14 17:26:14 - [MESSAGE][INFO] - Checking timeout

2021-10-14 17:26:14 - [MESSAGE][INFO] - Finding web element with id: 'Object Repository/Popup/Popup_Butons' located by 'By.cssSelector: .modal-footer>button' in '10' second(s)

2021-10-14 17:26:14 - [MESSAGE][INFO] - Smart Wait Function is triggered

2021-10-14 17:26:14 - [MESSAGE][INFO] - Found 2 web elements with id: 'Object Repository/Popup/Popup_Butons' located by 'By.cssSelector: .modal-footer>button' in '10' second(s)

2021-10-14 17:26:15 - [MESSAGE][PASSED] - Method.TextDegerineEsitElementeTikla is PASSED

2021-10-14 17:26:15 - [MESSAGE][PASSED] - Call Test Case 'Test Cases/Popup/PopupButonSecilir' successfully

2021-10-14 17:26:15 - [MESSAGE][INFO] - Checking called Test Case

2021-10-14 17:26:15 - [MESSAGE][INFO] - Starting to call Test Case 'Test Cases/Popup/PopupMesajiIceriyorMu'

2021-10-14 17:26:15 - [TEST_CASE][PASSED] - Test Cases/Popup/PopupMesajiIceriyorMu: Test Cases/Popup/PopupMesajiIceriyorMu

2021-10-14 17:26:15 - [TEST_STEP][PASSED] - waitForElementVisible(findTestObject("Popup/Popup"), 10): Object 'Object Repository/Popup/Popup' is visible

2021-10-14 17:26:15 - [MESSAGE][INFO] - Finding Test Object 'Object Repository/Popup/Popup'

2021-10-14 17:26:15 - [MESSAGE][INFO] - Checking object

2021-10-14 17:26:15 - [MESSAGE][INFO] - Checking timeout

2021-10-14 17:26:15 - [MESSAGE][INFO] - Finding web element from Test Object's properties

2021-10-14 17:26:15 - [MESSAGE][INFO] - Checking timeout

2021-10-14 17:26:15 - [MESSAGE][INFO] - Finding web element with id: 'Object Repository/Popup/Popup' located by 'By.cssSelector: .bootbox-body' in '10' second(s)

2021-10-14 17:26:15 - [MESSAGE][INFO] - Smart Wait Function is triggered

2021-10-14 17:26:16 - [MESSAGE][INFO] - Found 1 web elements with id: 'Object Repository/Popup/Popup' located by 'By.cssSelector: .bootbox-body' in '10' second(s)

2021-10-14 17:26:16 - [MESSAGE][PASSED] - Object 'Object Repository/Popup/Popup' is visible

2021-10-14 17:26:16 - [TEST_STEP][PASSED] - if (!(getText(findTestObject("Popup/Popup")).contains(Mesaj))): Text of object 'Object Repository/Popup/Popup' is: '14593 no’lu talebiniz işleme alınmıştır. Raporunuz hazırlandığında (elogotest@gmail.com) adresinize mail gönderilecektir.
Rapor durumunuzu Raporlar > Toplu Veri İndirme ekranından takip edebilir, hazırlandı durumundaki raporlarınızı ilgili menüden indirebilirsiniz.'

2021-10-14 17:26:16 - [MESSAGE][INFO] - Finding Test Object 'Object Repository/Popup/Popup'

2021-10-14 17:26:16 - [MESSAGE][INFO] - Checking object

2021-10-14 17:26:16 - [MESSAGE][INFO] - Finding web element from Test Object's properties

2021-10-14 17:26:16 - [MESSAGE][INFO] - Checking timeout

2021-10-14 17:26:16 - [MESSAGE][INFO] - Finding web element with id: 'Object Repository/Popup/Popup' located by 'By.cssSelector: .bootbox-body' in '30' second(s)

2021-10-14 17:26:16 - [MESSAGE][INFO] - Smart Wait Function is triggered

2021-10-14 17:26:16 - [MESSAGE][INFO] - Found 1 web elements with id: 'Object Repository/Popup/Popup' located by 'By.cssSelector: .bootbox-body' in '30' second(s)

2021-10-14 17:26:16 - [MESSAGE][INFO] - Getting text of object 'Object Repository/Popup/Popup'

2021-10-14 17:26:16 - [MESSAGE][PASSED] - Text of object 'Object Repository/Popup/Popup' is: '14593 no’lu talebiniz işleme alınmıştır. Raporunuz hazırlandığında (elogotest@gmail.com) adresinize mail gönderilecektir.
Rapor durumunuzu Raporlar > Toplu Veri İndirme ekranından takip edebilir, hazırlandı durumundaki raporlarınızı ilgili menüden indirebilirsiniz.'

2021-10-14 17:26:16 - [TEST_STEP][PASSED] - RaporNo = getText(findTestObject("Popup/Popup")).substring(0, 6): Text of object 'Object Repository/Popup/Popup' is: '14593 no’lu talebiniz işleme alınmıştır. Raporunuz hazırlandığında (elogotest@gmail.com) adresinize mail gönderilecektir.
Rapor durumunuzu Raporlar > Toplu Veri İndirme ekranından takip edebilir, hazırlandı durumundaki raporlarınızı ilgili menüden indirebilirsiniz.'

2021-10-14 17:26:16 - [MESSAGE][INFO] - Finding Test Object 'Object Repository/Popup/Popup'

2021-10-14 17:26:16 - [MESSAGE][INFO] - Checking object

2021-10-14 17:26:16 - [MESSAGE][INFO] - Finding web element from Test Object's properties

2021-10-14 17:26:16 - [MESSAGE][INFO] - Checking timeout

2021-10-14 17:26:16 - [MESSAGE][INFO] - Finding web element with id: 'Object Repository/Popup/Popup' located by 'By.cssSelector: .bootbox-body' in '30' second(s)

2021-10-14 17:26:16 - [MESSAGE][INFO] - Smart Wait Function is triggered

2021-10-14 17:26:17 - [MESSAGE][INFO] - Found 1 web elements with id: 'Object Repository/Popup/Popup' located by 'By.cssSelector: .bootbox-body' in '30' second(s)

2021-10-14 17:26:17 - [MESSAGE][INFO] - Getting text of object 'Object Repository/Popup/Popup'

2021-10-14 17:26:17 - [MESSAGE][PASSED] - Text of object 'Object Repository/Popup/Popup' is: '14593 no’lu talebiniz işleme alınmıştır. Raporunuz hazırlandığında (elogotest@gmail.com) adresinize mail gönderilecektir.
Rapor durumunuzu Raporlar > Toplu Veri İndirme ekranından takip edebilir, hazırlandı durumundaki raporlarınızı ilgili menüden indirebilirsiniz.'

2021-10-14 17:26:17 - [TEST_STEP][PASSED] - Console.println(RaporNo): null

2021-10-14 17:26:17 - [MESSAGE][PASSED] - Call Test Case 'Test Cases/Popup/PopupMesajiIceriyorMu' successfully

2021-10-14 17:26:17 - [MESSAGE][INFO] - Checking called Test Case

2021-10-14 17:26:17 - [MESSAGE][INFO] - Starting to call Test Case 'Test Cases/Popup/PopupButonSecilir'

2021-10-14 17:26:17 - [TEST_CASE][PASSED] - Test Cases/Popup/PopupButonSecilir: Test Cases/Popup/PopupButonSecilir

2021-10-14 17:26:17 - [TEST_STEP][PASSED] - Method.TextDegerineEsitElementeTikla(findTestObject("Popup/Popup_Butons"), Buton): Method.TextDegerineEsitElementeTikla is PASSED

2021-10-14 17:26:17 - [MESSAGE][INFO] - Finding Test Object 'Object Repository/Popup/Popup_Butons'

2021-10-14 17:26:17 - [MESSAGE][INFO] - Checking timeout

2021-10-14 17:26:17 - [MESSAGE][INFO] - Finding web element with id: 'Object Repository/Popup/Popup_Butons' located by 'By.cssSelector: .modal-footer>button' in '10' second(s)

2021-10-14 17:26:17 - [MESSAGE][INFO] - Smart Wait Function is triggered

2021-10-14 17:26:17 - [MESSAGE][INFO] - Found 1 web elements with id: 'Object Repository/Popup/Popup_Butons' located by 'By.cssSelector: .modal-footer>button' in '10' second(s)

2021-10-14 17:26:17 - [MESSAGE][PASSED] - Method.TextDegerineEsitElementeTikla is PASSED

2021-10-14 17:26:17 - [MESSAGE][PASSED] - Call Test Case 'Test Cases/Popup/PopupButonSecilir' successfully

2021-10-14 17:26:17 - [MESSAGE][INFO] - Checking called Test Case

2021-10-14 17:26:17 - [MESSAGE][INFO] - Starting to call Test Case 'Test Cases/Butonlar/ButonaTikla'

2021-10-14 17:26:17 - [TEST_CASE][PASSED] - Test Cases/Butonlar/ButonaTikla: Test Cases/Butonlar/ButonaTikla

2021-10-14 17:26:17 - [TEST_STEP][PASSED] - Method.TextDegerineEsitElementeTiklaEquals(findTestObject("Butonlar/Butonlar"), Buton_Adi): Method.TextDegerineEsitElementeTiklaEquals is PASSED

2021-10-14 17:26:17 - [MESSAGE][INFO] - Finding Test Object 'Object Repository/Butonlar/Butonlar'

2021-10-14 17:26:18 - [MESSAGE][INFO] - Checking timeout

2021-10-14 17:26:18 - [MESSAGE][INFO] - Finding web element with id: 'Object Repository/Butonlar/Butonlar' located by 'By.cssSelector: .panel.panel-default.text-center.footerPanel .btn,.btn.btn-primary.btnControls' in '10' second(s)

2021-10-14 17:26:18 - [MESSAGE][INFO] - Smart Wait Function is triggered

2021-10-14 17:26:18 - [MESSAGE][INFO] - Found 12 web elements with id: 'Object Repository/Butonlar/Butonlar' located by 'By.cssSelector: .panel.panel-default.text-center.footerPanel .btn,.btn.btn-primary.btnControls' in '10' second(s)

2021-10-14 17:26:18 - [MESSAGE][PASSED] - Method.TextDegerineEsitElementeTiklaEquals is PASSED

2021-10-14 17:26:18 - [MESSAGE][PASSED] - Call Test Case 'Test Cases/Butonlar/ButonaTikla' successfully

2021-10-14 17:26:18 - [MESSAGE][INFO] - Checking called Test Case

2021-10-14 17:26:18 - [MESSAGE][INFO] - Starting to call Test Case 'Test Cases/Butonlar/AltButonaTikla'

2021-10-14 17:26:18 - [TEST_CASE][PASSED] - Test Cases/Butonlar/AltButonaTikla: Test Cases/Butonlar/AltButonaTikla

2021-10-14 17:26:18 - [TEST_STEP][PASSED] - Method.TextDegerineEsitElementeTikla(findTestObject("Butonlar/AltButonlar"), Alt_Buton): Method.TextDegerineEsitElementeTikla is PASSED

2021-10-14 17:26:18 - [MESSAGE][INFO] - Finding Test Object 'Object Repository/Butonlar/AltButonlar'

2021-10-14 17:26:18 - [MESSAGE][INFO] - Checking timeout

2021-10-14 17:26:18 - [MESSAGE][INFO] - Finding web element with id: 'Object Repository/Butonlar/AltButonlar' located by 'By.cssSelector: .btn-group.open li>a' in '10' second(s)

2021-10-14 17:26:18 - [MESSAGE][INFO] - Smart Wait Function is triggered

2021-10-14 17:26:19 - [MESSAGE][INFO] - Found 2 web elements with id: 'Object Repository/Butonlar/AltButonlar' located by 'By.cssSelector: .btn-group.open li>a' in '10' second(s)

2021-10-14 17:26:19 - [MESSAGE][PASSED] - Method.TextDegerineEsitElementeTikla is PASSED

2021-10-14 17:26:19 - [MESSAGE][PASSED] - Call Test Case 'Test Cases/Butonlar/AltButonaTikla' successfully

2021-10-14 17:26:19 - [MESSAGE][INFO] - Checking called Test Case

2021-10-14 17:26:19 - [MESSAGE][INFO] - Starting to call Test Case 'Test Cases/Popup/PopupMesajiIceriyorMu'

2021-10-14 17:26:19 - [TEST_CASE][PASSED] - Test Cases/Popup/PopupMesajiIceriyorMu: Test Cases/Popup/PopupMesajiIceriyorMu

2021-10-14 17:26:19 - [TEST_STEP][PASSED] - waitForElementVisible(findTestObject("Popup/Popup"), 10): Object 'Object Repository/Popup/Popup' is visible

2021-10-14 17:26:19 - [MESSAGE][INFO] - Finding Test Object 'Object Repository/Popup/Popup'

2021-10-14 17:26:19 - [MESSAGE][INFO] - Checking object

2021-10-14 17:26:19 - [MESSAGE][INFO] - Checking timeout

2021-10-14 17:26:19 - [MESSAGE][INFO] - Finding web element from Test Object's properties

2021-10-14 17:26:19 - [MESSAGE][INFO] - Checking timeout

2021-10-14 17:26:19 - [MESSAGE][INFO] - Finding web element with id: 'Object Repository/Popup/Popup' located by 'By.cssSelector: .bootbox-body' in '10' second(s)

2021-10-14 17:26:19 - [MESSAGE][INFO] - Smart Wait Function is triggered

2021-10-14 17:26:20 - [MESSAGE][INFO] - Found 1 web elements with id: 'Object Repository/Popup/Popup' located by 'By.cssSelector: .bootbox-body' in '10' second(s)

2021-10-14 17:26:20 - [MESSAGE][PASSED] - Object 'Object Repository/Popup/Popup' is visible

2021-10-14 17:26:20 - [TEST_STEP][PASSED] - if (!(getText(findTestObject("Popup/Popup")).contains(Mesaj))): Text of object 'Object Repository/Popup/Popup' is: 'Lütfen rapor bildiriminin gönderileceği e-posta adresini belirtiniz.
e-Posta Adresi'

2021-10-14 17:26:20 - [MESSAGE][INFO] - Finding Test Object 'Object Repository/Popup/Popup'

2021-10-14 17:26:20 - [MESSAGE][INFO] - Checking object

2021-10-14 17:26:20 - [MESSAGE][INFO] - Finding web element from Test Object's properties

2021-10-14 17:26:20 - [MESSAGE][INFO] - Checking timeout

2021-10-14 17:26:20 - [MESSAGE][INFO] - Finding web element with id: 'Object Repository/Popup/Popup' located by 'By.cssSelector: .bootbox-body' in '30' second(s)

2021-10-14 17:26:20 - [MESSAGE][INFO] - Smart Wait Function is triggered

2021-10-14 17:26:20 - [MESSAGE][INFO] - Found 1 web elements with id: 'Object Repository/Popup/Popup' located by 'By.cssSelector: .bootbox-body' in '30' second(s)

2021-10-14 17:26:20 - [MESSAGE][INFO] - Getting text of object 'Object Repository/Popup/Popup'

2021-10-14 17:26:20 - [MESSAGE][PASSED] - Text of object 'Object Repository/Popup/Popup' is: 'Lütfen rapor bildiriminin gönderileceği e-posta adresini belirtiniz.
e-Posta Adresi'

2021-10-14 17:26:20 - [TEST_STEP][PASSED] - RaporNo = getText(findTestObject("Popup/Popup")).substring(0, 6): Text of object 'Object Repository/Popup/Popup' is: 'Lütfen rapor bildiriminin gönderileceği e-posta adresini belirtiniz.
e-Posta Adresi'

2021-10-14 17:26:20 - [MESSAGE][INFO] - Finding Test Object 'Object Repository/Popup/Popup'

2021-10-14 17:26:20 - [MESSAGE][INFO] - Checking object

2021-10-14 17:26:20 - [MESSAGE][INFO] - Finding web element from Test Object's properties

2021-10-14 17:26:20 - [MESSAGE][INFO] - Checking timeout

2021-10-14 17:26:20 - [MESSAGE][INFO] - Finding web element with id: 'Object Repository/Popup/Popup' located by 'By.cssSelector: .bootbox-body' in '30' second(s)

2021-10-14 17:26:20 - [MESSAGE][INFO] - Smart Wait Function is triggered

2021-10-14 17:26:20 - [MESSAGE][INFO] - Found 1 web elements with id: 'Object Repository/Popup/Popup' located by 'By.cssSelector: .bootbox-body' in '30' second(s)

2021-10-14 17:26:20 - [MESSAGE][INFO] - Getting text of object 'Object Repository/Popup/Popup'

2021-10-14 17:26:20 - [MESSAGE][PASSED] - Text of object 'Object Repository/Popup/Popup' is: 'Lütfen rapor bildiriminin gönderileceği e-posta adresini belirtiniz.
e-Posta Adresi'

2021-10-14 17:26:20 - [TEST_STEP][PASSED] - Console.println(RaporNo): null

2021-10-14 17:26:20 - [MESSAGE][PASSED] - Call Test Case 'Test Cases/Popup/PopupMesajiIceriyorMu' successfully

2021-10-14 17:26:20 - [MESSAGE][INFO] - Checking called Test Case

2021-10-14 17:26:20 - [MESSAGE][INFO] - Starting to call Test Case 'Test Cases/Popup/PopupButonSecilir'

2021-10-14 17:26:21 - [TEST_CASE][PASSED] - Test Cases/Popup/PopupButonSecilir: Test Cases/Popup/PopupButonSecilir

2021-10-14 17:26:21 - [TEST_STEP][PASSED] - Method.TextDegerineEsitElementeTikla(findTestObject("Popup/Popup_Butons"), Buton): Method.TextDegerineEsitElementeTikla is PASSED

2021-10-14 17:26:21 - [MESSAGE][INFO] - Finding Test Object 'Object Repository/Popup/Popup_Butons'

2021-10-14 17:26:21 - [MESSAGE][INFO] - Checking timeout

2021-10-14 17:26:21 - [MESSAGE][INFO] - Finding web element with id: 'Object Repository/Popup/Popup_Butons' located by 'By.cssSelector: .modal-footer>button' in '10' second(s)

2021-10-14 17:26:21 - [MESSAGE][INFO] - Smart Wait Function is triggered

2021-10-14 17:26:21 - [MESSAGE][INFO] - Found 2 web elements with id: 'Object Repository/Popup/Popup_Butons' located by 'By.cssSelector: .modal-footer>button' in '10' second(s)

2021-10-14 17:26:21 - [MESSAGE][PASSED] - Method.TextDegerineEsitElementeTikla is PASSED

2021-10-14 17:26:21 - [MESSAGE][PASSED] - Call Test Case 'Test Cases/Popup/PopupButonSecilir' successfully

2021-10-14 17:26:21 - [MESSAGE][INFO] - Checking called Test Case

2021-10-14 17:26:21 - [MESSAGE][INFO] - Starting to call Test Case 'Test Cases/Popup/PopupMesajiIceriyorMu'

2021-10-14 17:26:21 - [TEST_CASE][PASSED] - Test Cases/Popup/PopupMesajiIceriyorMu: Test Cases/Popup/PopupMesajiIceriyorMu

2021-10-14 17:26:21 - [TEST_STEP][PASSED] - waitForElementVisible(findTestObject("Popup/Popup"), 10): Object 'Object Repository/Popup/Popup' is visible

2021-10-14 17:26:21 - [MESSAGE][INFO] - Finding Test Object 'Object Repository/Popup/Popup'

2021-10-14 17:26:21 - [MESSAGE][INFO] - Checking object

2021-10-14 17:26:21 - [MESSAGE][INFO] - Checking timeout

2021-10-14 17:26:21 - [MESSAGE][INFO] - Finding web element from Test Object's properties

2021-10-14 17:26:21 - [MESSAGE][INFO] - Checking timeout

2021-10-14 17:26:21 - [MESSAGE][INFO] - Finding web element with id: 'Object Repository/Popup/Popup' located by 'By.cssSelector: .bootbox-body' in '10' second(s)

2021-10-14 17:26:21 - [MESSAGE][INFO] - Smart Wait Function is triggered

2021-10-14 17:26:22 - [MESSAGE][INFO] - Found 1 web elements with id: 'Object Repository/Popup/Popup' located by 'By.cssSelector: .bootbox-body' in '10' second(s)

2021-10-14 17:26:22 - [MESSAGE][PASSED] - Object 'Object Repository/Popup/Popup' is visible

2021-10-14 17:26:22 - [TEST_STEP][PASSED] - if (!(getText(findTestObject("Popup/Popup")).contains(Mesaj))): Text of object 'Object Repository/Popup/Popup' is: '14594 no’lu talebiniz işleme alınmıştır. Raporunuz hazırlandığında (elogotest@gmail.com) adresinize mail gönderilecektir.
Rapor durumunuzu Raporlar > Toplu Veri İndirme ekranından takip edebilir, hazırlandı durumundaki raporlarınızı ilgili menüden indirebilirsiniz.'

2021-10-14 17:26:22 - [MESSAGE][INFO] - Finding Test Object 'Object Repository/Popup/Popup'

2021-10-14 17:26:22 - [MESSAGE][INFO] - Checking object

2021-10-14 17:26:22 - [MESSAGE][INFO] - Finding web element from Test Object's properties

2021-10-14 17:26:22 - [MESSAGE][INFO] - Checking timeout

2021-10-14 17:26:22 - [MESSAGE][INFO] - Finding web element with id: 'Object Repository/Popup/Popup' located by 'By.cssSelector: .bootbox-body' in '30' second(s)

2021-10-14 17:26:22 - [MESSAGE][INFO] - Smart Wait Function is triggered

2021-10-14 17:26:22 - [MESSAGE][INFO] - Found 1 web elements with id: 'Object Repository/Popup/Popup' located by 'By.cssSelector: .bootbox-body' in '30' second(s)

2021-10-14 17:26:22 - [MESSAGE][INFO] - Getting text of object 'Object Repository/Popup/Popup'

2021-10-14 17:26:22 - [MESSAGE][PASSED] - Text of object 'Object Repository/Popup/Popup' is: '14594 no’lu talebiniz işleme alınmıştır. Raporunuz hazırlandığında (elogotest@gmail.com) adresinize mail gönderilecektir.
Rapor durumunuzu Raporlar > Toplu Veri İndirme ekranından takip edebilir, hazırlandı durumundaki raporlarınızı ilgili menüden indirebilirsiniz.'

2021-10-14 17:26:22 - [TEST_STEP][PASSED] - RaporNo = getText(findTestObject("Popup/Popup")).substring(0, 6): Text of object 'Object Repository/Popup/Popup' is: '14594 no’lu talebiniz işleme alınmıştır. Raporunuz hazırlandığında (elogotest@gmail.com) adresinize mail gönderilecektir.
Rapor durumunuzu Raporlar > Toplu Veri İndirme ekranından takip edebilir, hazırlandı durumundaki raporlarınızı ilgili menüden indirebilirsiniz.'

2021-10-14 17:26:22 - [MESSAGE][INFO] - Finding Test Object 'Object Repository/Popup/Popup'

2021-10-14 17:26:22 - [MESSAGE][INFO] - Checking object

2021-10-14 17:26:22 - [MESSAGE][INFO] - Finding web element from Test Object's properties

2021-10-14 17:26:22 - [MESSAGE][INFO] - Checking timeout

2021-10-14 17:26:22 - [MESSAGE][INFO] - Finding web element with id: 'Object Repository/Popup/Popup' located by 'By.cssSelector: .bootbox-body' in '30' second(s)

2021-10-14 17:26:22 - [MESSAGE][INFO] - Smart Wait Function is triggered

2021-10-14 17:26:23 - [MESSAGE][INFO] - Found 1 web elements with id: 'Object Repository/Popup/Popup' located by 'By.cssSelector: .bootbox-body' in '30' second(s)

2021-10-14 17:26:23 - [MESSAGE][INFO] - Getting text of object 'Object Repository/Popup/Popup'

2021-10-14 17:26:23 - [MESSAGE][PASSED] - Text of object 'Object Repository/Popup/Popup' is: '14594 no’lu talebiniz işleme alınmıştır. Raporunuz hazırlandığında (elogotest@gmail.com) adresinize mail gönderilecektir.
Rapor durumunuzu Raporlar > Toplu Veri İndirme ekranından takip edebilir, hazırlandı durumundaki raporlarınızı ilgili menüden indirebilirsiniz.'

2021-10-14 17:26:23 - [TEST_STEP][PASSED] - Console.println(RaporNo): null

2021-10-14 17:26:23 - [MESSAGE][PASSED] - Call Test Case 'Test Cases/Popup/PopupMesajiIceriyorMu' successfully

2021-10-14 17:26:23 - [MESSAGE][INFO] - Checking called Test Case

2021-10-14 17:26:23 - [MESSAGE][INFO] - Starting to call Test Case 'Test Cases/Popup/PopupButonSecilir'

2021-10-14 17:26:23 - [TEST_CASE][PASSED] - Test Cases/Popup/PopupButonSecilir: Test Cases/Popup/PopupButonSecilir

2021-10-14 17:26:23 - [TEST_STEP][PASSED] - Method.TextDegerineEsitElementeTikla(findTestObject("Popup/Popup_Butons"), Buton): Method.TextDegerineEsitElementeTikla is PASSED

2021-10-14 17:26:23 - [MESSAGE][INFO] - Finding Test Object 'Object Repository/Popup/Popup_Butons'

2021-10-14 17:26:23 - [MESSAGE][INFO] - Checking timeout

2021-10-14 17:26:23 - [MESSAGE][INFO] - Finding web element with id: 'Object Repository/Popup/Popup_Butons' located by 'By.cssSelector: .modal-footer>button' in '10' second(s)

2021-10-14 17:26:23 - [MESSAGE][INFO] - Smart Wait Function is triggered

2021-10-14 17:26:23 - [MESSAGE][INFO] - Found 1 web elements with id: 'Object Repository/Popup/Popup_Butons' located by 'By.cssSelector: .modal-footer>button' in '10' second(s)

2021-10-14 17:26:23 - [MESSAGE][PASSED] - Method.TextDegerineEsitElementeTikla is PASSED

2021-10-14 17:26:23 - [MESSAGE][PASSED] - Call Test Case 'Test Cases/Popup/PopupButonSecilir' successfully

2021-10-14 17:26:23 - [MESSAGE][INFO] - Checking called Test Case

2021-10-14 17:26:23 - [MESSAGE][INFO] - Starting to call Test Case 'Test Cases/Menu/AnaMenuSecimi'

2021-10-14 17:26:23 - [TEST_CASE][PASSED] - Test Cases/Menu/AnaMenuSecimi: Test Cases/Menu/AnaMenuSecimi

2021-10-14 17:26:23 - [TEST_STEP][PASSED] - Method.TextDegerineEsitElementeTikla(findTestObject("Menu/Ana_Menu"), Ana_Menu): Method.TextDegerineEsitElementeTikla is PASSED

2021-10-14 17:26:23 - [MESSAGE][INFO] - Finding Test Object 'Object Repository/Menu/Ana_Menu'

2021-10-14 17:26:24 - [MESSAGE][INFO] - Checking timeout

2021-10-14 17:26:24 - [MESSAGE][INFO] - Finding web element with id: 'Object Repository/Menu/Ana_Menu' located by 'By.xpath: //*[@class = 'dropdown-toggle']' in '10' second(s)

2021-10-14 17:26:24 - [MESSAGE][INFO] - Smart Wait Function is triggered

2021-10-14 17:26:24 - [MESSAGE][INFO] - Found 14 web elements with id: 'Object Repository/Menu/Ana_Menu' located by 'By.xpath: //*[@class = 'dropdown-toggle']' in '10' second(s)

2021-10-14 17:26:25 - [MESSAGE][PASSED] - Method.TextDegerineEsitElementeTikla is PASSED

2021-10-14 17:26:25 - [MESSAGE][PASSED] - Call Test Case 'Test Cases/Menu/AnaMenuSecimi' successfully

2021-10-14 17:26:25 - [MESSAGE][INFO] - Checking called Test Case

2021-10-14 17:26:25 - [MESSAGE][INFO] - Starting to call Test Case 'Test Cases/Menu/AltMenuSecimi'

2021-10-14 17:26:25 - [TEST_CASE][PASSED] - Test Cases/Menu/AltMenuSecimi: Test Cases/Menu/AltMenuSecimi

2021-10-14 17:26:25 - [TEST_STEP][PASSED] - Method.TextDegerineEsitElementeTikla(findTestObject("Menu/Alt_Menu"), Alt_Menu): Method.TextDegerineEsitElementeTikla is PASSED

2021-10-14 17:26:25 - [MESSAGE][INFO] - Finding Test Object 'Object Repository/Menu/Alt_Menu'

2021-10-14 17:26:25 - [MESSAGE][INFO] - Checking timeout

2021-10-14 17:26:25 - [MESSAGE][INFO] - Finding web element with id: 'Object Repository/Menu/Alt_Menu' located by 'By.xpath: //li[@class='dropdown dropdown-large open']//li[@class='dropdown-element']' in '10' second(s)

2021-10-14 17:26:25 - [MESSAGE][INFO] - Smart Wait Function is triggered

2021-10-14 17:26:25 - [MESSAGE][INFO] - Found 9 web elements with id: 'Object Repository/Menu/Alt_Menu' located by 'By.xpath: //li[@class='dropdown dropdown-large open']//li[@class='dropdown-element']' in '10' second(s)

2021-10-14 17:26:26 - [MESSAGE][PASSED] - Method.TextDegerineEsitElementeTikla is PASSED

2021-10-14 17:26:26 - [MESSAGE][PASSED] - Call Test Case 'Test Cases/Menu/AltMenuSecimi' successfully

2021-10-14 17:26:26 - [MESSAGE][INFO] - Checking called Test Case

2021-10-14 17:26:26 - [MESSAGE][INFO] - Starting to call Test Case 'Test Cases/Filtreler/RaporNoYaz'

2021-10-14 17:26:26 - [TEST_CASE][PASSED] - Test Cases/Filtreler/RaporNoYaz: Test Cases/Filtreler/RaporNoYaz

2021-10-14 17:26:26 - [TEST_STEP][PASSED] - Method.TextDegerineEsitElementinAltindakiTextboxtaYaz(findTestObject("Filtreler/Basliklar"), findTestObject("Filtreler/Basliga_Gore_Textbox"), "Talep No", RaporNo): Method.TextDegerineEsitElementinAltindakiTextboxtaYaz is PASSED

2021-10-14 17:26:26 - [MESSAGE][INFO] - Finding Test Object 'Object Repository/Filtreler/Basliklar'

2021-10-14 17:26:27 - [MESSAGE][INFO] - Finding Test Object 'Object Repository/Filtreler/Basliga_Gore_Textbox'

2021-10-14 17:26:27 - [MESSAGE][INFO] - Checking timeout

2021-10-14 17:26:27 - [MESSAGE][INFO] - Finding web element with id: 'Object Repository/Filtreler/Basliklar' located by 'By.cssSelector: .control-label.col-sm-4.paddingMarginRLC' in '10' second(s)

2021-10-14 17:26:27 - [MESSAGE][INFO] - Smart Wait Function is triggered

2021-10-14 17:26:27 - [MESSAGE][INFO] - Found 8 web elements with id: 'Object Repository/Filtreler/Basliklar' located by 'By.cssSelector: .control-label.col-sm-4.paddingMarginRLC' in '10' second(s)

2021-10-14 17:26:27 - [MESSAGE][INFO] - Smart Wait Function is triggered

2021-10-14 17:26:27 - [MESSAGE][PASSED] - Method.TextDegerineEsitElementinAltindakiTextboxtaYaz is PASSED

2021-10-14 17:26:27 - [MESSAGE][PASSED] - Call Test Case 'Test Cases/Filtreler/RaporNoYaz' successfully

2021-10-14 17:26:27 - [MESSAGE][INFO] - Checking called Test Case

2021-10-14 17:26:27 - [MESSAGE][INFO] - Starting to call Test Case 'Test Cases/Filtreler/ButonaTikla'

2021-10-14 17:26:28 - [TEST_CASE][PASSED] - Test Cases/Filtreler/ButonaTikla: Test Cases/Filtreler/ButonaTikla

2021-10-14 17:26:28 - [TEST_STEP][PASSED] - Method.TextDegerineEsitElementeTikla(findTestObject("Filtreler/Butonlar"), Filtre_Buton): Method.TextDegerineEsitElementeTikla is PASSED

2021-10-14 17:26:28 - [MESSAGE][INFO] - Finding Test Object 'Object Repository/Filtreler/Butonlar'

2021-10-14 17:26:28 - [MESSAGE][INFO] - Checking timeout

2021-10-14 17:26:28 - [MESSAGE][INFO] - Finding web element with id: 'Object Repository/Filtreler/Butonlar' located by 'By.cssSelector: .dxb>span' in '10' second(s)

2021-10-14 17:26:28 - [MESSAGE][INFO] - Smart Wait Function is triggered

2021-10-14 17:26:28 - [MESSAGE][INFO] - Found 2 web elements with id: 'Object Repository/Filtreler/Butonlar' located by 'By.cssSelector: .dxb>span' in '10' second(s)

2021-10-14 17:26:28 - [MESSAGE][PASSED] - Method.TextDegerineEsitElementeTikla is PASSED

2021-10-14 17:26:28 - [MESSAGE][PASSED] - Call Test Case 'Test Cases/Filtreler/ButonaTikla' successfully

2021-10-14 17:26:28 - [MESSAGE][INFO] - Checking called Test Case

2021-10-14 17:26:28 - [MESSAGE][INFO] - Starting to call Test Case 'Test Cases/Tablo/TablodaVeriVarMi'

2021-10-14 17:26:28 - [TEST_CASE][PASSED] - Test Cases/Tablo/TablodaVeriVarMi: Test Cases/Tablo/TablodaVeriVarMi

2021-10-14 17:26:28 - [TEST_STEP][PASSED] - verifyTextNotPresent("Görüntülenecek veri yok", true): Text 'Görüntülenecek veri yok' is not present on page using regular expression

2021-10-14 17:26:28 - [MESSAGE][INFO] - Checking text present  using regular expression

2021-10-14 17:26:28 - [MESSAGE][INFO] - Smart Wait Function is triggered

2021-10-14 17:26:34 - [MESSAGE][INFO] - Finding text 'Görüntülenecek veri yok' on page  using regular expression

2021-10-14 17:26:34 - [MESSAGE][PASSED] - Text 'Görüntülenecek veri yok' is not present on page using regular expression

2021-10-14 17:26:34 - [MESSAGE][PASSED] - Call Test Case 'Test Cases/Tablo/TablodaVeriVarMi' successfully

2021-10-14 17:26:34 - [MESSAGE][INFO] - Checking called Test Case

2021-10-14 17:26:34 - [MESSAGE][INFO] - Starting to call Test Case 'Test Cases/Kullanici_Islemleri/KullaniciIslemlerindenSecimYapilir'

2021-10-14 17:26:34 - [TEST_CASE][PASSED] - Test Cases/Kullanici_Islemleri/KullaniciIslemlerindenSecimYapilir: Test Cases/Kullanici_Islemleri/KullaniciIslemlerindenSecimYapilir

2021-10-14 17:26:34 - [TEST_STEP][PASSED] - waitForElementClickable(findTestObject("Object Repository/Kullanici_Islemleri/KullaniciIslemleri"), 10): Object 'Object Repository/Kullanici_Islemleri/KullaniciIslemleri' is clickable

2021-10-14 17:26:34 - [MESSAGE][INFO] - Finding Test Object 'Object Repository/Kullanici_Islemleri/KullaniciIslemleri'

2021-10-14 17:26:34 - [MESSAGE][INFO] - Checking object

2021-10-14 17:26:34 - [MESSAGE][INFO] - Checking timeout

2021-10-14 17:26:34 - [MESSAGE][INFO] - Finding web element from Test Object's properties

2021-10-14 17:26:34 - [MESSAGE][INFO] - Checking timeout

2021-10-14 17:26:34 - [MESSAGE][INFO] - Finding web element with id: 'Object Repository/Kullanici_Islemleri/KullaniciIslemleri' located by 'By.cssSelector: .dropdown>a>img' in '10' second(s)

2021-10-14 17:26:34 - [MESSAGE][INFO] - Smart Wait Function is triggered

2021-10-14 17:26:35 - [MESSAGE][INFO] - Found 1 web elements with id: 'Object Repository/Kullanici_Islemleri/KullaniciIslemleri' located by 'By.cssSelector: .dropdown>a>img' in '10' second(s)

2021-10-14 17:26:35 - [MESSAGE][PASSED] - Object 'Object Repository/Kullanici_Islemleri/KullaniciIslemleri' is clickable

2021-10-14 17:26:35 - [TEST_STEP][PASSED] - click(findTestObject("Object Repository/Kullanici_Islemleri/KullaniciIslemleri")): Object: 'Object Repository/Kullanici_Islemleri/KullaniciIslemleri' is clicked on

2021-10-14 17:26:35 - [MESSAGE][INFO] - Finding Test Object 'Object Repository/Kullanici_Islemleri/KullaniciIslemleri'

2021-10-14 17:26:35 - [MESSAGE][INFO] - Checking object

2021-10-14 17:26:35 - [MESSAGE][INFO] - Finding web element from Test Object's properties

2021-10-14 17:26:35 - [MESSAGE][INFO] - Checking timeout

2021-10-14 17:26:35 - [MESSAGE][INFO] - Finding web element with id: 'Object Repository/Kullanici_Islemleri/KullaniciIslemleri' located by 'By.cssSelector: .dropdown>a>img' in '30' second(s)

2021-10-14 17:26:35 - [MESSAGE][INFO] - Smart Wait Function is triggered

2021-10-14 17:26:35 - [MESSAGE][INFO] - Found 1 web elements with id: 'Object Repository/Kullanici_Islemleri/KullaniciIslemleri' located by 'By.cssSelector: .dropdown>a>img' in '30' second(s)

2021-10-14 17:26:35 - [MESSAGE][INFO] - Clicking on object: 'Object Repository/Kullanici_Islemleri/KullaniciIslemleri'

2021-10-14 17:26:35 - [MESSAGE][PASSED] - Object: 'Object Repository/Kullanici_Islemleri/KullaniciIslemleri' is clicked on

2021-10-14 17:26:35 - [TEST_STEP][PASSED] - Method.TextDegerineEsitElementeTikla(findTestObject("Object Repository/Kullanici_Islemleri/Secenekler"), Islem): Method.TextDegerineEsitElementeTikla is PASSED

2021-10-14 17:26:35 - [MESSAGE][INFO] - Finding Test Object 'Object Repository/Kullanici_Islemleri/Secenekler'

2021-10-14 17:26:35 - [MESSAGE][INFO] - Checking timeout

2021-10-14 17:26:35 - [MESSAGE][INFO] - Finding web element with id: 'Object Repository/Kullanici_Islemleri/Secenekler' located by 'By.cssSelector: .nav.navbar-nav.navbar-right li a' in '10' second(s)

2021-10-14 17:26:35 - [MESSAGE][INFO] - Smart Wait Function is triggered

2021-10-14 17:26:35 - [MESSAGE][INFO] - Found 22 web elements with id: 'Object Repository/Kullanici_Islemleri/Secenekler' located by 'By.cssSelector: .nav.navbar-nav.navbar-right li a' in '10' second(s)

2021-10-14 17:26:37 - [MESSAGE][PASSED] - Method.TextDegerineEsitElementeTikla is PASSED

2021-10-14 17:26:37 - [TEST_STEP][PASSED] - verifyElementNotPresent(findTestObject("Object Repository/Kullanici_Islemleri/Secenekler"), 10): Web element with id: 'Object Repository/Kullanici_Islemleri/Secenekler' located by 'By.cssSelector: .nav.navbar-nav.navbar-right li a' is not present after '10' second(s)

2021-10-14 17:26:37 - [MESSAGE][INFO] - Finding Test Object 'Object Repository/Kullanici_Islemleri/Secenekler'

2021-10-14 17:26:37 - [MESSAGE][INFO] - Checking object

2021-10-14 17:26:37 - [MESSAGE][INFO] - Checking timeout

2021-10-14 17:26:37 - [MESSAGE][INFO] - Finding web element with id: 'Object Repository/Kullanici_Islemleri/Secenekler' located by 'By.cssSelector: .nav.navbar-nav.navbar-right li a' in '10' second(s)

2021-10-14 17:26:37 - [MESSAGE][INFO] - Smart Wait Function is triggered

2021-10-14 17:26:37 - [MESSAGE][PASSED] - Web element with id: 'Object Repository/Kullanici_Islemleri/Secenekler' located by 'By.cssSelector: .nav.navbar-nav.navbar-right li a' is not present after '10' second(s)

2021-10-14 17:26:37 - [MESSAGE][PASSED] - Call Test Case 'Test Cases/Kullanici_Islemleri/KullaniciIslemlerindenSecimYapilir' successfully

2021-10-14 17:26:37 - [TEST_CASE][PASSED] - Start Test Case : SCENARIO e-Arsiv Faturasinin excele aktarilmasi: SCENARIO e-Arsiv Faturasinin excele aktarilmasi

2021-10-14 17:26:37 - [TEST_STEP][PASSED] - Kullanıcı adı ELOGO6 ve Şifre 123456 olarak giriş yapılır: Kullanıcı adı ELOGO6 ve Şifre 123456 olarak giriş yapılır

2021-10-14 17:26:37 - [MESSAGE][PASSED] - Kullanıcı adı ELOGO6 ve Şifre 123456 olarak giriş yapılır

2021-10-14 17:26:37 - [TEST_STEP][PASSED] - Ana menüden e-Arşiv seçilir: Ana menüden e-Arşiv seçilir

2021-10-14 17:26:37 - [MESSAGE][PASSED] - Ana menüden e-Arşiv seçilir

2021-10-14 17:26:37 - [TEST_STEP][PASSED] - Alt menü e-Arşiv Hareketleri başlığı altındaki e-Arşiv Faturaları seçilir: Alt menü e-Arşiv Hareketleri başlığı altındaki e-Arşiv Faturaları seçilir

2021-10-14 17:26:37 - [MESSAGE][PASSED] - Alt menü e-Arşiv Hareketleri başlığı altındaki e-Arşiv Faturaları seçilir

2021-10-14 17:26:37 - [TEST_STEP][PASSED] - Filtrelerden Oluşturma Tarihi filtresine 01.01.2020 baslangic degerini yaz: Filtrelerden Oluşturma Tarihi filtresine 01.01.2020 baslangic degerini yaz

2021-10-14 17:26:37 - [MESSAGE][PASSED] - Filtrelerden Oluşturma Tarihi filtresine 01.01.2020 baslangic degerini yaz

2021-10-14 17:26:37 - [TEST_STEP][PASSED] - Filtrelerden Oluşturma Tarihi filtresine 31.12.2020 bitis degerini yaz: Filtrelerden Oluşturma Tarihi filtresine 31.12.2020 bitis degerini yaz

2021-10-14 17:26:37 - [MESSAGE][PASSED] - Filtrelerden Oluşturma Tarihi filtresine 31.12.2020 bitis degerini yaz

2021-10-14 17:26:37 - [TEST_STEP][PASSED] - Filtrelerden Alıcı Ünvanı filtresine test test textini yaz: Filtrelerden Alıcı Ünvanı filtresine test test textini yaz

2021-10-14 17:26:37 - [MESSAGE][PASSED] - Filtrelerden Alıcı Ünvanı filtresine test test textini yaz

2021-10-14 17:26:37 - [TEST_STEP][PASSED] - Filtre butonlarından Listele seçilir: Filtre butonlarından Listele seçilir

2021-10-14 17:26:37 - [MESSAGE][PASSED] - Filtre butonlarından Listele seçilir

2021-10-14 17:26:37 - [TEST_STEP][PASSED] - Tabloda veri var mı kontrol edilir: Tabloda veri var mı kontrol edilir

2021-10-14 17:26:37 - [MESSAGE][PASSED] - Tabloda veri var mı kontrol edilir

2021-10-14 17:26:37 - [TEST_STEP][PASSED] - Tablodan test test isimli veri seçilir: Tablodan test test isimli veri seçilir

2021-10-14 17:26:37 - [MESSAGE][PASSED] - Tablodan test test isimli veri seçilir

2021-10-14 17:26:37 - [TEST_STEP][PASSED] - Butonlardan Excel isimli butona tıklanır: Butonlardan Excel isimli butona tıklanır

2021-10-14 17:26:37 - [MESSAGE][PASSED] - Butonlardan Excel isimli butona tıklanır

2021-10-14 17:26:37 - [TEST_STEP][PASSED] - Alt butonlardan Excel 'e Aktar butonuna tıklanır: Alt butonlardan Excel 'e Aktar butonuna tıklanır

2021-10-14 17:26:37 - [MESSAGE][PASSED] - Alt butonlardan Excel 'e Aktar butonuna tıklanır

2021-10-14 17:26:37 - [TEST_STEP][PASSED] - Popup mesajı Lütfen rapor bildiriminin gönderileceği e-posta adresini belirtiniz. içeriyor mu: Popup mesajı Lütfen rapor bildiriminin gönderileceği e-posta adresini belirtiniz. içeriyor mu

2021-10-14 17:26:37 - [MESSAGE][PASSED] - Popup mesajı Lütfen rapor bildiriminin gönderileceği e-posta adresini belirtiniz. içeriyor mu

2021-10-14 17:26:37 - [TEST_STEP][PASSED] - Yönetim popupında Gönder seçilir: Yönetim popupında Gönder seçilir

2021-10-14 17:26:37 - [MESSAGE][PASSED] - Yönetim popupında Gönder seçilir

2021-10-14 17:26:37 - [TEST_STEP][PASSED] - Popup mesajı Toplu Veri İndirme içeriyor mu: Popup mesajı Toplu Veri İndirme içeriyor mu

2021-10-14 17:26:37 - [MESSAGE][PASSED] - Popup mesajı Toplu Veri İndirme içeriyor mu

2021-10-14 17:26:37 - [TEST_STEP][PASSED] - Yönetim popupında Tamam seçilir: Yönetim popupında Tamam seçilir

2021-10-14 17:26:37 - [MESSAGE][PASSED] - Yönetim popupında Tamam seçilir

2021-10-14 17:26:37 - [TEST_STEP][PASSED] - Butonlardan Excel isimli butona tıklanır: Butonlardan Excel isimli butona tıklanır

2021-10-14 17:26:37 - [MESSAGE][PASSED] - Butonlardan Excel isimli butona tıklanır

2021-10-14 17:26:37 - [TEST_STEP][PASSED] - Alt butonlardan Tümünü Excel'e Aktar butonuna tıklanır: Alt butonlardan Tümünü Excel'e Aktar butonuna tıklanır

2021-10-14 17:26:37 - [MESSAGE][PASSED] - Alt butonlardan Tümünü Excel'e Aktar butonuna tıklanır

2021-10-14 17:26:37 - [TEST_STEP][PASSED] - Popup mesajı Lütfen rapor bildiriminin gönderileceği e-posta adresini belirtiniz. içeriyor mu: Popup mesajı Lütfen rapor bildiriminin gönderileceği e-posta adresini belirtiniz. içeriyor mu

2021-10-14 17:26:37 - [MESSAGE][PASSED] - Popup mesajı Lütfen rapor bildiriminin gönderileceği e-posta adresini belirtiniz. içeriyor mu

2021-10-14 17:26:37 - [TEST_STEP][PASSED] - Yönetim popupında Gönder seçilir: Yönetim popupında Gönder seçilir

2021-10-14 17:26:37 - [MESSAGE][PASSED] - Yönetim popupında Gönder seçilir

2021-10-14 17:26:37 - [TEST_STEP][PASSED] - Popup mesajı Toplu Veri İndirme içeriyor mu: Popup mesajı Toplu Veri İndirme içeriyor mu

2021-10-14 17:26:37 - [MESSAGE][PASSED] - Popup mesajı Toplu Veri İndirme içeriyor mu

2021-10-14 17:26:37 - [TEST_STEP][PASSED] - Yönetim popupında Tamam seçilir: Yönetim popupında Tamam seçilir

2021-10-14 17:26:37 - [MESSAGE][PASSED] - Yönetim popupında Tamam seçilir

2021-10-14 17:26:37 - [TEST_STEP][PASSED] - Ana menüden Raporlar seçilir: Ana menüden Raporlar seçilir

2021-10-14 17:26:37 - [MESSAGE][PASSED] - Ana menüden Raporlar seçilir

2021-10-14 17:26:37 - [TEST_STEP][PASSED] - Alt menüden Toplu Veri İndirme seçilir: Alt menüden Toplu Veri İndirme seçilir

2021-10-14 17:26:37 - [MESSAGE][PASSED] - Alt menüden Toplu Veri İndirme seçilir

2021-10-14 17:26:37 - [TEST_STEP][PASSED] - Filtrelerden Talep No filtresine Rapor No bilgisi yaz: Filtrelerden Talep No filtresine Rapor No bilgisi yaz

2021-10-14 17:26:37 - [MESSAGE][PASSED] - Filtrelerden Talep No filtresine Rapor No bilgisi yaz

2021-10-14 17:26:37 - [TEST_STEP][PASSED] - Filtre butonlarından Listele seçilir: Filtre butonlarından Listele seçilir

2021-10-14 17:26:37 - [MESSAGE][PASSED] - Filtre butonlarından Listele seçilir

2021-10-14 17:26:37 - [TEST_STEP][PASSED] - Tabloda veri var mı kontrol edilir: Tabloda veri var mı kontrol edilir

2021-10-14 17:26:37 - [MESSAGE][PASSED] - Tabloda veri var mı kontrol edilir

2021-10-14 17:26:37 - [TEST_STEP][PASSED] - Kullanıcı işlemlerinden Çıkış seçilir: Kullanıcı işlemlerinden Çıkış seçilir

2021-10-14 17:26:37 - [MESSAGE][PASSED] - Kullanıcı işlemlerinden Çıkış seçilir

2021-10-14 17:26:37 - [MESSAGE][PASSED] - Feature file: 'Include/features/e-Arsiv/e-Arsiv Hareketleri/e-Arsiv Faturalari/Excele Aktar.feature' was passed

2021-10-14 17:26:37 - [TEST_STEP][PASSED] - Start listener action : sampleAfterTestSuite: Invoke 'com.kms.katalon.core.annotation.AfterTestCase' method: 'Listener.sampleAfterTestSuite(...)' completed.

2021-10-14 17:26:37 - [MESSAGE][INFO] - Starting invoke 'com.kms.katalon.core.annotation.AfterTestCase' method: 'Listener.sampleAfterTestSuite(...)'

2021-10-14 17:26:37 - [TEST_STEP][PASSED] - closeBrowser(): Invoke 'com.kms.katalon.core.annotation.AfterTestCase' method: 'Listener.sampleAfterTestSuite(...)' completed.

2021-10-14 17:26:38 - [MESSAGE][INFO] - Closing browser

2021-10-14 17:26:38 - [MESSAGE][PASSED] - Browser is closed

2021-10-14 17:26:38 - [MESSAGE][INFO] - Invoke 'com.kms.katalon.core.annotation.AfterTestCase' method: 'Listener.sampleAfterTestSuite(...)' completed.]]></system-out>
         <system-err><![CDATA[]]></system-err>
      </testcase>
      <testcase name="Test Cases/Case Repository/e-Arsiv/e-Arsiv Hareketleri/e-Arsiv Faturalari/Toplu Indirme" time="57.863" classname="Test Cases/Case Repository/e-Arsiv/e-Arsiv Hareketleri/e-Arsiv Faturalari/Toplu Indirme" status="PASSED">
         <system-out><![CDATA[2021-10-14 17:26:38 - [TEST_CASE][PASSED] - Test Cases/Case Repository/e-Arsiv/e-Arsiv Hareketleri/e-Arsiv Faturalari/Toplu Indirme: Test Cases/Case Repository/e-Arsiv/e-Arsiv Hareketleri/e-Arsiv Faturalari/Toplu Indirme

2021-10-14 17:26:38 - [TEST_STEP][PASSED] - Start listener action : sampleBeforeTestSuite: Invoke 'com.kms.katalon.core.annotation.BeforeTestCase' method: 'Listener.sampleBeforeTestSuite(...)' completed.

2021-10-14 17:26:38 - [MESSAGE][INFO] - Starting invoke 'com.kms.katalon.core.annotation.BeforeTestCase' method: 'Listener.sampleBeforeTestSuite(...)'

2021-10-14 17:26:38 - [TEST_STEP][PASSED] - openBrowser(baseUrl): Browser is opened with url: 'https://efatura-stage.elogo.com.tr/'

2021-10-14 17:26:38 - [MESSAGE][INFO] - Opening browser

2021-10-14 17:26:38 - [MESSAGE][INFO] - Starting 'Chrome' driver

2021-10-14 17:26:38 - [MESSAGE][INFO] - User set preference: ['prefs', '{download.default_directory=C:\otomasyondownfiles}']

2021-10-14 17:26:38 - [MESSAGE][INFO] - Action delay is set to 0 milliseconds

2021-10-14 17:26:40 - [MESSAGE][INFO] - Navigating browser to: 'https://efatura-stage.elogo.com.tr/'

2021-10-14 17:26:42 - [MESSAGE][PASSED] - Browser is opened with url: 'https://efatura-stage.elogo.com.tr/'

2021-10-14 17:26:42 - [TEST_STEP][PASSED] - maximizeWindow(): Invoke 'com.kms.katalon.core.annotation.BeforeTestCase' method: 'Listener.sampleBeforeTestSuite(...)' completed.

2021-10-14 17:26:42 - [MESSAGE][INFO] - Maximizing current window

2021-10-14 17:26:43 - [MESSAGE][PASSED] - Current window maximized

2021-10-14 17:26:43 - [MESSAGE][INFO] - Invoke 'com.kms.katalon.core.annotation.BeforeTestCase' method: 'Listener.sampleBeforeTestSuite(...)' completed.

2021-10-14 17:26:43 - [TEST_STEP][PASSED] - runFeatureFile("Include/features/e-Arsiv/e-Arsiv Hareketleri/e-Arsiv Faturalari/Toplu Indirme.feature"): Feature file: 'Include/features/e-Arsiv/e-Arsiv Hareketleri/e-Arsiv Faturalari/Toplu Indirme.feature' was passed

2021-10-14 17:26:43 - [MESSAGE][INFO] - Starting run keyword runFeatureFile: 'Include/features/e-Arsiv/e-Arsiv Hareketleri/e-Arsiv Faturalari/Toplu Indirme.feature' and extract report to folder: 'C:\Users\DELL\Downloads\EES_Katalon-main\Reports\20211014_170112\Suite Repository\ExceleAktarVeTopluIndirme\20211014_170125/cucumber_report/1634221603724'...

2021-10-14 17:26:43 - [MESSAGE][INFO] - Glue: []

2021-10-14 17:26:44 - [MESSAGE][INFO] - Checking called Test Case

2021-10-14 17:26:44 - [MESSAGE][INFO] - Starting to call Test Case 'Test Cases/Sayfalar/Giris_Sayfasi/Login'

2021-10-14 17:26:44 - [TEST_CASE][PASSED] - Test Cases/Sayfalar/Giris_Sayfasi/Login: Test Cases/Sayfalar/Giris_Sayfasi/Login

2021-10-14 17:26:44 - [TEST_STEP][PASSED] - Sayfa_Basligi = getWindowTitle(): Current window's title is: 'LOGO e-Fatura'

2021-10-14 17:26:44 - [MESSAGE][INFO] - Getting current window's title

2021-10-14 17:26:44 - [MESSAGE][PASSED] - Current window's title is: 'LOGO e-Fatura'

2021-10-14 17:26:44 - [TEST_STEP][PASSED] - verifyMatch(Sayfa_Basligi, "LOGO e-Fatura", false): Actual text 'LOGO e-Fatura' and expected text 'LOGO e-Fatura' are matched 

2021-10-14 17:26:44 - [MESSAGE][INFO] - Matching actual text 'LOGO e-Fatura' with expected text 'LOGO e-Fatura'

2021-10-14 17:26:44 - [MESSAGE][PASSED] - Actual text 'LOGO e-Fatura' and expected text 'LOGO e-Fatura' are matched 

2021-10-14 17:26:44 - [TEST_STEP][PASSED] - sendKeys(findTestObject("Sayfalar/Giris_Sayfasi/Firma_Kodu"), KullaniciAdi): Keys 'ELOGO6' sent to object: 'Object Repository/Sayfalar/Giris_Sayfasi/Firma_Kodu'

2021-10-14 17:26:44 - [MESSAGE][INFO] - Finding Test Object 'Object Repository/Sayfalar/Giris_Sayfasi/Firma_Kodu'

2021-10-14 17:26:44 - [MESSAGE][INFO] - Sending keys 'ELOGO6' to object: 'Object Repository/Sayfalar/Giris_Sayfasi/Firma_Kodu'

2021-10-14 17:26:44 - [MESSAGE][INFO] - Finding web element from Test Object's properties

2021-10-14 17:26:44 - [MESSAGE][INFO] - Checking timeout

2021-10-14 17:26:44 - [MESSAGE][INFO] - Finding web element with id: 'Object Repository/Sayfalar/Giris_Sayfasi/Firma_Kodu' located by 'By.xpath: //*[@id = 'AccountName']' in '30' second(s)

2021-10-14 17:26:44 - [MESSAGE][INFO] - Smart Wait Function is triggered

2021-10-14 17:26:45 - [MESSAGE][INFO] - Found 1 web elements with id: 'Object Repository/Sayfalar/Giris_Sayfasi/Firma_Kodu' located by 'By.xpath: //*[@id = 'AccountName']' in '30' second(s)

2021-10-14 17:26:45 - [MESSAGE][PASSED] - Keys 'ELOGO6' sent to object: 'Object Repository/Sayfalar/Giris_Sayfasi/Firma_Kodu'

2021-10-14 17:26:45 - [TEST_STEP][PASSED] - sendKeys(findTestObject("Sayfalar/Giris_Sayfasi/Sifre"), Sifre): Keys '123456' sent to object: 'Object Repository/Sayfalar/Giris_Sayfasi/Sifre'

2021-10-14 17:26:45 - [MESSAGE][INFO] - Finding Test Object 'Object Repository/Sayfalar/Giris_Sayfasi/Sifre'

2021-10-14 17:26:45 - [MESSAGE][INFO] - Sending keys '123456' to object: 'Object Repository/Sayfalar/Giris_Sayfasi/Sifre'

2021-10-14 17:26:45 - [MESSAGE][INFO] - Finding web element from Test Object's properties

2021-10-14 17:26:45 - [MESSAGE][INFO] - Checking timeout

2021-10-14 17:26:45 - [MESSAGE][INFO] - Finding web element with id: 'Object Repository/Sayfalar/Giris_Sayfasi/Sifre' located by 'By.xpath: //*[@id = 'Password']' in '30' second(s)

2021-10-14 17:26:45 - [MESSAGE][INFO] - Smart Wait Function is triggered

2021-10-14 17:26:45 - [MESSAGE][INFO] - Found 1 web elements with id: 'Object Repository/Sayfalar/Giris_Sayfasi/Sifre' located by 'By.xpath: //*[@id = 'Password']' in '30' second(s)

2021-10-14 17:26:45 - [MESSAGE][PASSED] - Keys '123456' sent to object: 'Object Repository/Sayfalar/Giris_Sayfasi/Sifre'

2021-10-14 17:26:45 - [TEST_STEP][PASSED] - findWebElement(findTestObject("Sayfalar/Giris_Sayfasi/Giris_Butonu")).click(): Found 1 web elements with id: 'Object Repository/Sayfalar/Giris_Sayfasi/Giris_Butonu' located by 'By.cssSelector: #btnLogin' in '30' second(s)

2021-10-14 17:26:45 - [MESSAGE][INFO] - Finding Test Object 'Object Repository/Sayfalar/Giris_Sayfasi/Giris_Butonu'

2021-10-14 17:26:45 - [MESSAGE][INFO] - Finding web element from Test Object's properties

2021-10-14 17:26:45 - [MESSAGE][INFO] - Checking timeout

2021-10-14 17:26:45 - [MESSAGE][INFO] - Finding web element with id: 'Object Repository/Sayfalar/Giris_Sayfasi/Giris_Butonu' located by 'By.cssSelector: #btnLogin' in '30' second(s)

2021-10-14 17:26:45 - [MESSAGE][INFO] - Smart Wait Function is triggered

2021-10-14 17:26:46 - [MESSAGE][INFO] - Found 1 web elements with id: 'Object Repository/Sayfalar/Giris_Sayfasi/Giris_Butonu' located by 'By.cssSelector: #btnLogin' in '30' second(s)

2021-10-14 17:26:48 - [TEST_STEP][PASSED] - if (verifyElementPresent(findTestObject("Object Repository/Sayfalar/Giris_Sayfasi/RetveTamam_Butonu"), 5, OPTIONAL)): null

2021-10-14 17:26:48 - [MESSAGE][INFO] - Finding Test Object 'Object Repository/Sayfalar/Giris_Sayfasi/RetveTamam_Butonu'

2021-10-14 17:26:48 - [MESSAGE][INFO] - Checking object

2021-10-14 17:26:48 - [MESSAGE][INFO] - Finding web element from Test Object's properties

2021-10-14 17:26:48 - [MESSAGE][INFO] - Checking timeout

2021-10-14 17:26:48 - [MESSAGE][INFO] - Finding web element with id: 'Object Repository/Sayfalar/Giris_Sayfasi/RetveTamam_Butonu' located by 'By.xpath: //*[@class = 'btn btn-default']' in '5' second(s)

2021-10-14 17:26:48 - [MESSAGE][INFO] - Smart Wait Function is triggered

2021-10-14 17:26:48 - [MESSAGE][INFO] - Found 1 web elements with id: 'Object Repository/Sayfalar/Giris_Sayfasi/RetveTamam_Butonu' located by 'By.xpath: //*[@class = 'btn btn-default']' in '5' second(s)

2021-10-14 17:26:48 - [MESSAGE][PASSED] - Object 'Object Repository/Sayfalar/Giris_Sayfasi/RetveTamam_Butonu' is present

2021-10-14 17:26:48 - [TEST_STEP][PASSED] - click(findTestObject("Object Repository/Sayfalar/Giris_Sayfasi/RetveTamam_Butonu")): Object: 'Object Repository/Sayfalar/Giris_Sayfasi/RetveTamam_Butonu' is clicked on

2021-10-14 17:26:48 - [MESSAGE][INFO] - Finding Test Object 'Object Repository/Sayfalar/Giris_Sayfasi/RetveTamam_Butonu'

2021-10-14 17:26:48 - [MESSAGE][INFO] - Checking object

2021-10-14 17:26:48 - [MESSAGE][INFO] - Finding web element from Test Object's properties

2021-10-14 17:26:48 - [MESSAGE][INFO] - Checking timeout

2021-10-14 17:26:48 - [MESSAGE][INFO] - Finding web element with id: 'Object Repository/Sayfalar/Giris_Sayfasi/RetveTamam_Butonu' located by 'By.xpath: //*[@class = 'btn btn-default']' in '30' second(s)

2021-10-14 17:26:48 - [MESSAGE][INFO] - Smart Wait Function is triggered

2021-10-14 17:26:49 - [MESSAGE][INFO] - Found 1 web elements with id: 'Object Repository/Sayfalar/Giris_Sayfasi/RetveTamam_Butonu' located by 'By.xpath: //*[@class = 'btn btn-default']' in '30' second(s)

2021-10-14 17:26:49 - [MESSAGE][INFO] - Clicking on object: 'Object Repository/Sayfalar/Giris_Sayfasi/RetveTamam_Butonu'

2021-10-14 17:26:49 - [MESSAGE][PASSED] - Object: 'Object Repository/Sayfalar/Giris_Sayfasi/RetveTamam_Butonu' is clicked on

2021-10-14 17:26:49 - [TEST_STEP][PASSED] - click(findTestObject("Object Repository/Sayfalar/Giris_Sayfasi/RetveTamam_Butonu")): Object: 'Object Repository/Sayfalar/Giris_Sayfasi/RetveTamam_Butonu' is clicked on

2021-10-14 17:26:49 - [MESSAGE][INFO] - Finding Test Object 'Object Repository/Sayfalar/Giris_Sayfasi/RetveTamam_Butonu'

2021-10-14 17:26:49 - [MESSAGE][INFO] - Checking object

2021-10-14 17:26:49 - [MESSAGE][INFO] - Finding web element from Test Object's properties

2021-10-14 17:26:49 - [MESSAGE][INFO] - Checking timeout

2021-10-14 17:26:49 - [MESSAGE][INFO] - Finding web element with id: 'Object Repository/Sayfalar/Giris_Sayfasi/RetveTamam_Butonu' located by 'By.xpath: //*[@class = 'btn btn-default']' in '30' second(s)

2021-10-14 17:26:49 - [MESSAGE][INFO] - Smart Wait Function is triggered

2021-10-14 17:26:52 - [MESSAGE][INFO] - Found 1 web elements with id: 'Object Repository/Sayfalar/Giris_Sayfasi/RetveTamam_Butonu' located by 'By.xpath: //*[@class = 'btn btn-default']' in '30' second(s)

2021-10-14 17:26:52 - [MESSAGE][INFO] - Clicking on object: 'Object Repository/Sayfalar/Giris_Sayfasi/RetveTamam_Butonu'

2021-10-14 17:26:52 - [MESSAGE][PASSED] - Object: 'Object Repository/Sayfalar/Giris_Sayfasi/RetveTamam_Butonu' is clicked on

2021-10-14 17:26:52 - [TEST_STEP][PASSED] - if (verifyElementPresent(findTestObject("Sayfalar/Giris_Sayfasi/PopupOK"), 5, OPTIONAL)): null

2021-10-14 17:26:52 - [MESSAGE][INFO] - Finding Test Object 'Object Repository/Sayfalar/Giris_Sayfasi/PopupOK'

2021-10-14 17:26:52 - [MESSAGE][INFO] - Checking object

2021-10-14 17:26:52 - [MESSAGE][INFO] - Finding web element from Test Object's properties

2021-10-14 17:26:52 - [MESSAGE][INFO] - Checking timeout

2021-10-14 17:26:52 - [MESSAGE][INFO] - Finding web element with id: 'Object Repository/Sayfalar/Giris_Sayfasi/PopupOK' located by 'By.cssSelector: .btn.btn-success' in '5' second(s)

2021-10-14 17:26:52 - [MESSAGE][INFO] - Smart Wait Function is triggered

2021-10-14 17:26:53 - [MESSAGE][INFO] - Found 1 web elements with id: 'Object Repository/Sayfalar/Giris_Sayfasi/PopupOK' located by 'By.cssSelector: .btn.btn-success' in '5' second(s)

2021-10-14 17:26:53 - [MESSAGE][PASSED] - Object 'Object Repository/Sayfalar/Giris_Sayfasi/PopupOK' is present

2021-10-14 17:26:53 - [TEST_STEP][PASSED] - click(findTestObject("Object Repository/Sayfalar/Giris_Sayfasi/PopupCarpiGiris")): Object: 'Object Repository/Sayfalar/Giris_Sayfasi/PopupCarpiGiris' is clicked on

2021-10-14 17:26:53 - [MESSAGE][INFO] - Finding Test Object 'Object Repository/Sayfalar/Giris_Sayfasi/PopupCarpiGiris'

2021-10-14 17:26:53 - [MESSAGE][INFO] - Checking object

2021-10-14 17:26:53 - [MESSAGE][INFO] - Finding web element from Test Object's properties

2021-10-14 17:26:53 - [MESSAGE][INFO] - Checking timeout

2021-10-14 17:26:53 - [MESSAGE][INFO] - Finding web element with id: 'Object Repository/Sayfalar/Giris_Sayfasi/PopupCarpiGiris' located by 'By.cssSelector: .bootbox-close-button.close' in '30' second(s)

2021-10-14 17:26:53 - [MESSAGE][INFO] - Smart Wait Function is triggered

2021-10-14 17:26:53 - [MESSAGE][INFO] - Found 1 web elements with id: 'Object Repository/Sayfalar/Giris_Sayfasi/PopupCarpiGiris' located by 'By.cssSelector: .bootbox-close-button.close' in '30' second(s)

2021-10-14 17:26:53 - [MESSAGE][INFO] - Clicking on object: 'Object Repository/Sayfalar/Giris_Sayfasi/PopupCarpiGiris'

2021-10-14 17:26:53 - [MESSAGE][PASSED] - Object: 'Object Repository/Sayfalar/Giris_Sayfasi/PopupCarpiGiris' is clicked on

2021-10-14 17:26:53 - [TEST_STEP][PASSED] - verifyElementVisible(findTestObject("Object Repository/Kullanici_Islemleri/KullaniciIslemleri")): Object 'Object Repository/Kullanici_Islemleri/KullaniciIslemleri' is visible

2021-10-14 17:26:53 - [MESSAGE][INFO] - Finding Test Object 'Object Repository/Kullanici_Islemleri/KullaniciIslemleri'

2021-10-14 17:26:54 - [MESSAGE][INFO] - Checking object

2021-10-14 17:26:54 - [MESSAGE][INFO] - Finding web element from Test Object's properties

2021-10-14 17:26:54 - [MESSAGE][INFO] - Checking timeout

2021-10-14 17:26:54 - [MESSAGE][INFO] - Finding web element with id: 'Object Repository/Kullanici_Islemleri/KullaniciIslemleri' located by 'By.cssSelector: .dropdown>a>img' in '30' second(s)

2021-10-14 17:26:54 - [MESSAGE][INFO] - Smart Wait Function is triggered

2021-10-14 17:26:54 - [MESSAGE][INFO] - Found 1 web elements with id: 'Object Repository/Kullanici_Islemleri/KullaniciIslemleri' located by 'By.cssSelector: .dropdown>a>img' in '30' second(s)

2021-10-14 17:26:54 - [MESSAGE][PASSED] - Object 'Object Repository/Kullanici_Islemleri/KullaniciIslemleri' is visible

2021-10-14 17:26:54 - [MESSAGE][PASSED] - Call Test Case 'Test Cases/Sayfalar/Giris_Sayfasi/Login' successfully

2021-10-14 17:26:54 - [MESSAGE][INFO] - Checking called Test Case

2021-10-14 17:26:54 - [MESSAGE][INFO] - Starting to call Test Case 'Test Cases/Menu/AnaMenuSecimi'

2021-10-14 17:26:54 - [TEST_CASE][PASSED] - Test Cases/Menu/AnaMenuSecimi: Test Cases/Menu/AnaMenuSecimi

2021-10-14 17:26:54 - [TEST_STEP][PASSED] - Method.TextDegerineEsitElementeTikla(findTestObject("Menu/Ana_Menu"), Ana_Menu): Method.TextDegerineEsitElementeTikla is PASSED

2021-10-14 17:26:54 - [MESSAGE][INFO] - Finding Test Object 'Object Repository/Menu/Ana_Menu'

2021-10-14 17:26:55 - [MESSAGE][INFO] - Checking timeout

2021-10-14 17:26:55 - [MESSAGE][INFO] - Finding web element with id: 'Object Repository/Menu/Ana_Menu' located by 'By.xpath: //*[@class = 'dropdown-toggle']' in '10' second(s)

2021-10-14 17:26:55 - [MESSAGE][INFO] - Smart Wait Function is triggered

2021-10-14 17:26:55 - [MESSAGE][INFO] - Found 14 web elements with id: 'Object Repository/Menu/Ana_Menu' located by 'By.xpath: //*[@class = 'dropdown-toggle']' in '10' second(s)

2021-10-14 17:26:55 - [MESSAGE][PASSED] - Method.TextDegerineEsitElementeTikla is PASSED

2021-10-14 17:26:55 - [MESSAGE][PASSED] - Call Test Case 'Test Cases/Menu/AnaMenuSecimi' successfully

2021-10-14 17:26:55 - [MESSAGE][INFO] - Checking called Test Case

2021-10-14 17:26:55 - [MESSAGE][INFO] - Starting to call Test Case 'Test Cases/Menu/BasligaGoreAltMenuSecimi'

2021-10-14 17:26:55 - [TEST_CASE][PASSED] - Test Cases/Menu/BasligaGoreAltMenuSecimi: Test Cases/Menu/BasligaGoreAltMenuSecimi

2021-10-14 17:26:55 - [TEST_STEP][PASSED] - Method.TextDegerineEsitElementinAltindakiTextDegerineEsitOlanaTikla(findTestObject("Menu/Menu_Basligi"), findTestObject("Menu/Basliga_Gore_Alt_Menu"), Baslik, Alt_Menu): Method.TextDegerineEsitElementinAltindakiTextDegerineEsitOlanaTikla is PASSED

2021-10-14 17:26:55 - [MESSAGE][INFO] - Finding Test Object 'Object Repository/Menu/Menu_Basligi'

2021-10-14 17:26:55 - [MESSAGE][INFO] - Finding Test Object 'Object Repository/Menu/Basliga_Gore_Alt_Menu'

2021-10-14 17:26:55 - [MESSAGE][INFO] - Checking timeout

2021-10-14 17:26:55 - [MESSAGE][INFO] - Finding web element with id: 'Object Repository/Menu/Menu_Basligi' located by 'By.xpath: //li[@class='dropdown dropdown-large open']//li[@class='dropdown-header']' in '10' second(s)

2021-10-14 17:26:55 - [MESSAGE][INFO] - Smart Wait Function is triggered

2021-10-14 17:26:56 - [MESSAGE][INFO] - Found 2 web elements with id: 'Object Repository/Menu/Menu_Basligi' located by 'By.xpath: //li[@class='dropdown dropdown-large open']//li[@class='dropdown-header']' in '10' second(s)

2021-10-14 17:26:56 - [MESSAGE][INFO] - Smart Wait Function is triggered

2021-10-14 17:26:59 - [MESSAGE][PASSED] - Method.TextDegerineEsitElementinAltindakiTextDegerineEsitOlanaTikla is PASSED

2021-10-14 17:26:59 - [MESSAGE][PASSED] - Call Test Case 'Test Cases/Menu/BasligaGoreAltMenuSecimi' successfully

2021-10-14 17:26:59 - [MESSAGE][INFO] - Checking called Test Case

2021-10-14 17:26:59 - [MESSAGE][INFO] - Starting to call Test Case 'Test Cases/Filtreler/BaslangicYaz'

2021-10-14 17:26:59 - [TEST_CASE][PASSED] - Test Cases/Filtreler/BaslangicYaz: Test Cases/Filtreler/BaslangicYaz

2021-10-14 17:26:59 - [TEST_STEP][PASSED] - Method.TextDegerineEsitElementinAltindakineTikla(findTestObject("Filtreler/Basliklar"), findTestObject("Filtreler/Basliga_Gore_Baslangic_Image"), Filtre_Adi): Method.TextDegerineEsitElementinAltindakineTikla is PASSED

2021-10-14 17:26:59 - [MESSAGE][INFO] - Finding Test Object 'Object Repository/Filtreler/Basliklar'

2021-10-14 17:27:00 - [MESSAGE][INFO] - Finding Test Object 'Object Repository/Filtreler/Basliga_Gore_Baslangic_Image'

2021-10-14 17:27:00 - [MESSAGE][INFO] - Checking timeout

2021-10-14 17:27:00 - [MESSAGE][INFO] - Finding web element with id: 'Object Repository/Filtreler/Basliklar' located by 'By.cssSelector: .control-label.col-sm-4.paddingMarginRLC' in '10' second(s)

2021-10-14 17:27:00 - [MESSAGE][INFO] - Smart Wait Function is triggered

2021-10-14 17:27:00 - [MESSAGE][INFO] - Found 19 web elements with id: 'Object Repository/Filtreler/Basliklar' located by 'By.cssSelector: .control-label.col-sm-4.paddingMarginRLC' in '10' second(s)

2021-10-14 17:27:00 - [MESSAGE][INFO] - Smart Wait Function is triggered

2021-10-14 17:27:01 - [MESSAGE][PASSED] - Method.TextDegerineEsitElementinAltindakineTikla is PASSED

2021-10-14 17:27:01 - [TEST_STEP][PASSED] - Method.TextDegerineEsitElementinAltindakiTextboxtaYaz(findTestObject("Filtreler/Basliklar"), findTestObject("Filtreler/Basliga_Gore_Baslangic"), Filtre_Adi, Filtre_Degeri): Method.TextDegerineEsitElementinAltindakiTextboxtaYaz is PASSED

2021-10-14 17:27:01 - [MESSAGE][INFO] - Finding Test Object 'Object Repository/Filtreler/Basliklar'

2021-10-14 17:27:01 - [MESSAGE][INFO] - Finding Test Object 'Object Repository/Filtreler/Basliga_Gore_Baslangic'

2021-10-14 17:27:01 - [MESSAGE][INFO] - Checking timeout

2021-10-14 17:27:01 - [MESSAGE][INFO] - Finding web element with id: 'Object Repository/Filtreler/Basliklar' located by 'By.cssSelector: .control-label.col-sm-4.paddingMarginRLC' in '10' second(s)

2021-10-14 17:27:01 - [MESSAGE][INFO] - Smart Wait Function is triggered

2021-10-14 17:27:01 - [MESSAGE][INFO] - Found 19 web elements with id: 'Object Repository/Filtreler/Basliklar' located by 'By.cssSelector: .control-label.col-sm-4.paddingMarginRLC' in '10' second(s)

2021-10-14 17:27:01 - [MESSAGE][INFO] - Smart Wait Function is triggered

2021-10-14 17:27:02 - [MESSAGE][PASSED] - Method.TextDegerineEsitElementinAltindakiTextboxtaYaz is PASSED

2021-10-14 17:27:02 - [MESSAGE][PASSED] - Call Test Case 'Test Cases/Filtreler/BaslangicYaz' successfully

2021-10-14 17:27:02 - [MESSAGE][INFO] - Checking called Test Case

2021-10-14 17:27:02 - [MESSAGE][INFO] - Starting to call Test Case 'Test Cases/Filtreler/BitisYaz'

2021-10-14 17:27:02 - [TEST_CASE][PASSED] - Test Cases/Filtreler/BitisYaz: Test Cases/Filtreler/BitisYaz

2021-10-14 17:27:02 - [TEST_STEP][PASSED] - Method.TextDegerineEsitElementinAltindakineTikla(findTestObject("Filtreler/Basliklar"), findTestObject("Filtreler/Basliga_Gore_Bitis_Image"), Filtre_Adi): Method.TextDegerineEsitElementinAltindakineTikla is PASSED

2021-10-14 17:27:02 - [MESSAGE][INFO] - Finding Test Object 'Object Repository/Filtreler/Basliklar'

2021-10-14 17:27:02 - [MESSAGE][INFO] - Finding Test Object 'Object Repository/Filtreler/Basliga_Gore_Bitis_Image'

2021-10-14 17:27:02 - [MESSAGE][INFO] - Checking timeout

2021-10-14 17:27:02 - [MESSAGE][INFO] - Finding web element with id: 'Object Repository/Filtreler/Basliklar' located by 'By.cssSelector: .control-label.col-sm-4.paddingMarginRLC' in '10' second(s)

2021-10-14 17:27:02 - [MESSAGE][INFO] - Smart Wait Function is triggered

2021-10-14 17:27:03 - [MESSAGE][INFO] - Found 19 web elements with id: 'Object Repository/Filtreler/Basliklar' located by 'By.cssSelector: .control-label.col-sm-4.paddingMarginRLC' in '10' second(s)

2021-10-14 17:27:03 - [MESSAGE][INFO] - Smart Wait Function is triggered

2021-10-14 17:27:03 - [MESSAGE][PASSED] - Method.TextDegerineEsitElementinAltindakineTikla is PASSED

2021-10-14 17:27:03 - [TEST_STEP][PASSED] - Method.TextDegerineEsitElementinAltindakiTextboxtaYaz(findTestObject("Filtreler/Basliklar"), findTestObject("Object Repository/Filtreler/Basliga_Gore_Bitis"), Filtre_Adi, Filtre_Degeri): Method.TextDegerineEsitElementinAltindakiTextboxtaYaz is PASSED

2021-10-14 17:27:03 - [MESSAGE][INFO] - Finding Test Object 'Object Repository/Filtreler/Basliklar'

2021-10-14 17:27:03 - [MESSAGE][INFO] - Finding Test Object 'Object Repository/Filtreler/Basliga_Gore_Bitis'

2021-10-14 17:27:03 - [MESSAGE][INFO] - Checking timeout

2021-10-14 17:27:03 - [MESSAGE][INFO] - Finding web element with id: 'Object Repository/Filtreler/Basliklar' located by 'By.cssSelector: .control-label.col-sm-4.paddingMarginRLC' in '10' second(s)

2021-10-14 17:27:03 - [MESSAGE][INFO] - Smart Wait Function is triggered

2021-10-14 17:27:03 - [MESSAGE][INFO] - Found 19 web elements with id: 'Object Repository/Filtreler/Basliklar' located by 'By.cssSelector: .control-label.col-sm-4.paddingMarginRLC' in '10' second(s)

2021-10-14 17:27:04 - [MESSAGE][INFO] - Smart Wait Function is triggered

2021-10-14 17:27:04 - [MESSAGE][PASSED] - Method.TextDegerineEsitElementinAltindakiTextboxtaYaz is PASSED

2021-10-14 17:27:04 - [MESSAGE][PASSED] - Call Test Case 'Test Cases/Filtreler/BitisYaz' successfully

2021-10-14 17:27:04 - [MESSAGE][INFO] - Checking called Test Case

2021-10-14 17:27:04 - [MESSAGE][INFO] - Starting to call Test Case 'Test Cases/Filtreler/TexboxaYaz'

2021-10-14 17:27:04 - [TEST_CASE][PASSED] - Test Cases/Filtreler/TexboxaYaz: Test Cases/Filtreler/TexboxaYaz

2021-10-14 17:27:04 - [TEST_STEP][PASSED] - Method.TextDegerineEsitElementinAltindakiTextboxtaYaz(findTestObject("Filtreler/Basliklar"), findTestObject("Filtreler/Basliga_Gore_Textbox"), Filtre_Adi, Filtre_Degeri): Method.TextDegerineEsitElementinAltindakiTextboxtaYaz is PASSED

2021-10-14 17:27:04 - [MESSAGE][INFO] - Finding Test Object 'Object Repository/Filtreler/Basliklar'

2021-10-14 17:27:04 - [MESSAGE][INFO] - Finding Test Object 'Object Repository/Filtreler/Basliga_Gore_Textbox'

2021-10-14 17:27:04 - [MESSAGE][INFO] - Checking timeout

2021-10-14 17:27:04 - [MESSAGE][INFO] - Finding web element with id: 'Object Repository/Filtreler/Basliklar' located by 'By.cssSelector: .control-label.col-sm-4.paddingMarginRLC' in '10' second(s)

2021-10-14 17:27:04 - [MESSAGE][INFO] - Smart Wait Function is triggered

2021-10-14 17:27:05 - [MESSAGE][INFO] - Found 19 web elements with id: 'Object Repository/Filtreler/Basliklar' located by 'By.cssSelector: .control-label.col-sm-4.paddingMarginRLC' in '10' second(s)

2021-10-14 17:27:05 - [MESSAGE][INFO] - Smart Wait Function is triggered

2021-10-14 17:27:05 - [MESSAGE][PASSED] - Method.TextDegerineEsitElementinAltindakiTextboxtaYaz is PASSED

2021-10-14 17:27:05 - [MESSAGE][PASSED] - Call Test Case 'Test Cases/Filtreler/TexboxaYaz' successfully

2021-10-14 17:27:05 - [MESSAGE][INFO] - Checking called Test Case

2021-10-14 17:27:05 - [MESSAGE][INFO] - Starting to call Test Case 'Test Cases/Filtreler/ButonaTikla'

2021-10-14 17:27:05 - [TEST_CASE][PASSED] - Test Cases/Filtreler/ButonaTikla: Test Cases/Filtreler/ButonaTikla

2021-10-14 17:27:05 - [TEST_STEP][PASSED] - Method.TextDegerineEsitElementeTikla(findTestObject("Filtreler/Butonlar"), Filtre_Buton): Method.TextDegerineEsitElementeTikla is PASSED

2021-10-14 17:27:05 - [MESSAGE][INFO] - Finding Test Object 'Object Repository/Filtreler/Butonlar'

2021-10-14 17:27:05 - [MESSAGE][INFO] - Checking timeout

2021-10-14 17:27:05 - [MESSAGE][INFO] - Finding web element with id: 'Object Repository/Filtreler/Butonlar' located by 'By.cssSelector: .dxb>span' in '10' second(s)

2021-10-14 17:27:05 - [MESSAGE][INFO] - Smart Wait Function is triggered

2021-10-14 17:27:06 - [MESSAGE][INFO] - Found 3 web elements with id: 'Object Repository/Filtreler/Butonlar' located by 'By.cssSelector: .dxb>span' in '10' second(s)

2021-10-14 17:27:06 - [MESSAGE][PASSED] - Method.TextDegerineEsitElementeTikla is PASSED

2021-10-14 17:27:06 - [MESSAGE][PASSED] - Call Test Case 'Test Cases/Filtreler/ButonaTikla' successfully

2021-10-14 17:27:06 - [MESSAGE][INFO] - Checking called Test Case

2021-10-14 17:27:06 - [MESSAGE][INFO] - Starting to call Test Case 'Test Cases/Tablo/TablodaVeriVarMi'

2021-10-14 17:27:06 - [TEST_CASE][PASSED] - Test Cases/Tablo/TablodaVeriVarMi: Test Cases/Tablo/TablodaVeriVarMi

2021-10-14 17:27:06 - [TEST_STEP][PASSED] - verifyTextNotPresent("Görüntülenecek veri yok", true): Text 'Görüntülenecek veri yok' is not present on page using regular expression

2021-10-14 17:27:06 - [MESSAGE][INFO] - Checking text present  using regular expression

2021-10-14 17:27:06 - [MESSAGE][INFO] - Smart Wait Function is triggered

2021-10-14 17:27:07 - [MESSAGE][INFO] - Finding text 'Görüntülenecek veri yok' on page  using regular expression

2021-10-14 17:27:07 - [MESSAGE][PASSED] - Text 'Görüntülenecek veri yok' is not present on page using regular expression

2021-10-14 17:27:07 - [MESSAGE][PASSED] - Call Test Case 'Test Cases/Tablo/TablodaVeriVarMi' successfully

2021-10-14 17:27:07 - [MESSAGE][INFO] - Checking called Test Case

2021-10-14 17:27:07 - [MESSAGE][INFO] - Starting to call Test Case 'Test Cases/Tablo/TablodanVeriSec'

2021-10-14 17:27:07 - [TEST_CASE][PASSED] - Test Cases/Tablo/TablodanVeriSec: Test Cases/Tablo/TablodanVeriSec

2021-10-14 17:27:07 - [TEST_STEP][PASSED] - Method.TextDegerineEsitElementinAltindakineTikla(findTestObject("Tablo/Veriler"), findTestObject("Tablo/VerininCheckBoxi"), Veri_Adi): Method.TextDegerineEsitElementinAltindakineTikla is PASSED

2021-10-14 17:27:07 - [MESSAGE][INFO] - Finding Test Object 'Object Repository/Tablo/Veriler'

2021-10-14 17:27:07 - [MESSAGE][INFO] - Finding Test Object 'Object Repository/Tablo/VerininCheckBoxi'

2021-10-14 17:27:07 - [MESSAGE][INFO] - Checking timeout

2021-10-14 17:27:07 - [MESSAGE][INFO] - Finding web element with id: 'Object Repository/Tablo/Veriler' located by 'By.cssSelector: td.dxgv b ,td.dxgv' in '10' second(s)

2021-10-14 17:27:07 - [MESSAGE][INFO] - Smart Wait Function is triggered

2021-10-14 17:27:07 - [MESSAGE][INFO] - Found 88 web elements with id: 'Object Repository/Tablo/Veriler' located by 'By.cssSelector: td.dxgv b ,td.dxgv' in '10' second(s)

2021-10-14 17:27:07 - [MESSAGE][INFO] - Smart Wait Function is triggered

2021-10-14 17:27:08 - [MESSAGE][PASSED] - Method.TextDegerineEsitElementinAltindakineTikla is PASSED

2021-10-14 17:27:08 - [MESSAGE][PASSED] - Call Test Case 'Test Cases/Tablo/TablodanVeriSec' successfully

2021-10-14 17:27:08 - [MESSAGE][INFO] - Checking called Test Case

2021-10-14 17:27:08 - [MESSAGE][INFO] - Starting to call Test Case 'Test Cases/Butonlar/ButonaTikla'

2021-10-14 17:27:08 - [TEST_CASE][PASSED] - Test Cases/Butonlar/ButonaTikla: Test Cases/Butonlar/ButonaTikla

2021-10-14 17:27:08 - [TEST_STEP][PASSED] - Method.TextDegerineEsitElementeTiklaEquals(findTestObject("Butonlar/Butonlar"), Buton_Adi): Method.TextDegerineEsitElementeTiklaEquals is PASSED

2021-10-14 17:27:08 - [MESSAGE][INFO] - Finding Test Object 'Object Repository/Butonlar/Butonlar'

2021-10-14 17:27:08 - [MESSAGE][INFO] - Checking timeout

2021-10-14 17:27:08 - [MESSAGE][INFO] - Finding web element with id: 'Object Repository/Butonlar/Butonlar' located by 'By.cssSelector: .panel.panel-default.text-center.footerPanel .btn,.btn.btn-primary.btnControls' in '10' second(s)

2021-10-14 17:27:08 - [MESSAGE][INFO] - Smart Wait Function is triggered

2021-10-14 17:27:08 - [MESSAGE][INFO] - Found 12 web elements with id: 'Object Repository/Butonlar/Butonlar' located by 'By.cssSelector: .panel.panel-default.text-center.footerPanel .btn,.btn.btn-primary.btnControls' in '10' second(s)

2021-10-14 17:27:08 - [MESSAGE][PASSED] - Method.TextDegerineEsitElementeTiklaEquals is PASSED

2021-10-14 17:27:08 - [MESSAGE][PASSED] - Call Test Case 'Test Cases/Butonlar/ButonaTikla' successfully

2021-10-14 17:27:08 - [MESSAGE][INFO] - Checking called Test Case

2021-10-14 17:27:08 - [MESSAGE][INFO] - Starting to call Test Case 'Test Cases/Butonlar/AltButonaTikla'

2021-10-14 17:27:08 - [TEST_CASE][PASSED] - Test Cases/Butonlar/AltButonaTikla: Test Cases/Butonlar/AltButonaTikla

2021-10-14 17:27:08 - [TEST_STEP][PASSED] - Method.TextDegerineEsitElementeTikla(findTestObject("Butonlar/AltButonlar"), Alt_Buton): Method.TextDegerineEsitElementeTikla is PASSED

2021-10-14 17:27:08 - [MESSAGE][INFO] - Finding Test Object 'Object Repository/Butonlar/AltButonlar'

2021-10-14 17:27:08 - [MESSAGE][INFO] - Checking timeout

2021-10-14 17:27:08 - [MESSAGE][INFO] - Finding web element with id: 'Object Repository/Butonlar/AltButonlar' located by 'By.cssSelector: .btn-group.open li>a' in '10' second(s)

2021-10-14 17:27:08 - [MESSAGE][INFO] - Smart Wait Function is triggered

2021-10-14 17:27:09 - [MESSAGE][INFO] - Found 4 web elements with id: 'Object Repository/Butonlar/AltButonlar' located by 'By.cssSelector: .btn-group.open li>a' in '10' second(s)

2021-10-14 17:27:09 - [MESSAGE][PASSED] - Method.TextDegerineEsitElementeTikla is PASSED

2021-10-14 17:27:09 - [MESSAGE][PASSED] - Call Test Case 'Test Cases/Butonlar/AltButonaTikla' successfully

2021-10-14 17:27:09 - [MESSAGE][INFO] - Checking called Test Case

2021-10-14 17:27:09 - [MESSAGE][INFO] - Starting to call Test Case 'Test Cases/Popup/PopupMesajiIceriyorMu'

2021-10-14 17:27:09 - [TEST_CASE][PASSED] - Test Cases/Popup/PopupMesajiIceriyorMu: Test Cases/Popup/PopupMesajiIceriyorMu

2021-10-14 17:27:09 - [TEST_STEP][PASSED] - waitForElementVisible(findTestObject("Popup/Popup"), 10): Object 'Object Repository/Popup/Popup' is visible

2021-10-14 17:27:09 - [MESSAGE][INFO] - Finding Test Object 'Object Repository/Popup/Popup'

2021-10-14 17:27:09 - [MESSAGE][INFO] - Checking object

2021-10-14 17:27:09 - [MESSAGE][INFO] - Checking timeout

2021-10-14 17:27:09 - [MESSAGE][INFO] - Finding web element from Test Object's properties

2021-10-14 17:27:09 - [MESSAGE][INFO] - Checking timeout

2021-10-14 17:27:09 - [MESSAGE][INFO] - Finding web element with id: 'Object Repository/Popup/Popup' located by 'By.cssSelector: .bootbox-body' in '10' second(s)

2021-10-14 17:27:09 - [MESSAGE][INFO] - Smart Wait Function is triggered

2021-10-14 17:27:10 - [MESSAGE][INFO] - Found 1 web elements with id: 'Object Repository/Popup/Popup' located by 'By.cssSelector: .bootbox-body' in '10' second(s)

2021-10-14 17:27:10 - [MESSAGE][PASSED] - Object 'Object Repository/Popup/Popup' is visible

2021-10-14 17:27:10 - [TEST_STEP][PASSED] - if (!(getText(findTestObject("Popup/Popup")).contains(Mesaj))): Text of object 'Object Repository/Popup/Popup' is: 'Lütfen rapor bildiriminin gönderileceği e-posta adresini belirtiniz.
e-Posta Adresi'

2021-10-14 17:27:10 - [MESSAGE][INFO] - Finding Test Object 'Object Repository/Popup/Popup'

2021-10-14 17:27:10 - [MESSAGE][INFO] - Checking object

2021-10-14 17:27:10 - [MESSAGE][INFO] - Finding web element from Test Object's properties

2021-10-14 17:27:10 - [MESSAGE][INFO] - Checking timeout

2021-10-14 17:27:10 - [MESSAGE][INFO] - Finding web element with id: 'Object Repository/Popup/Popup' located by 'By.cssSelector: .bootbox-body' in '30' second(s)

2021-10-14 17:27:10 - [MESSAGE][INFO] - Smart Wait Function is triggered

2021-10-14 17:27:10 - [MESSAGE][INFO] - Found 1 web elements with id: 'Object Repository/Popup/Popup' located by 'By.cssSelector: .bootbox-body' in '30' second(s)

2021-10-14 17:27:10 - [MESSAGE][INFO] - Getting text of object 'Object Repository/Popup/Popup'

2021-10-14 17:27:10 - [MESSAGE][PASSED] - Text of object 'Object Repository/Popup/Popup' is: 'Lütfen rapor bildiriminin gönderileceği e-posta adresini belirtiniz.
e-Posta Adresi'

2021-10-14 17:27:10 - [TEST_STEP][PASSED] - RaporNo = getText(findTestObject("Popup/Popup")).substring(0, 6): Text of object 'Object Repository/Popup/Popup' is: 'Lütfen rapor bildiriminin gönderileceği e-posta adresini belirtiniz.
e-Posta Adresi'

2021-10-14 17:27:10 - [MESSAGE][INFO] - Finding Test Object 'Object Repository/Popup/Popup'

2021-10-14 17:27:10 - [MESSAGE][INFO] - Checking object

2021-10-14 17:27:10 - [MESSAGE][INFO] - Finding web element from Test Object's properties

2021-10-14 17:27:10 - [MESSAGE][INFO] - Checking timeout

2021-10-14 17:27:10 - [MESSAGE][INFO] - Finding web element with id: 'Object Repository/Popup/Popup' located by 'By.cssSelector: .bootbox-body' in '30' second(s)

2021-10-14 17:27:10 - [MESSAGE][INFO] - Smart Wait Function is triggered

2021-10-14 17:27:11 - [MESSAGE][INFO] - Found 1 web elements with id: 'Object Repository/Popup/Popup' located by 'By.cssSelector: .bootbox-body' in '30' second(s)

2021-10-14 17:27:11 - [MESSAGE][INFO] - Getting text of object 'Object Repository/Popup/Popup'

2021-10-14 17:27:11 - [MESSAGE][PASSED] - Text of object 'Object Repository/Popup/Popup' is: 'Lütfen rapor bildiriminin gönderileceği e-posta adresini belirtiniz.
e-Posta Adresi'

2021-10-14 17:27:11 - [TEST_STEP][PASSED] - Console.println(RaporNo): null

2021-10-14 17:27:11 - [MESSAGE][PASSED] - Call Test Case 'Test Cases/Popup/PopupMesajiIceriyorMu' successfully

2021-10-14 17:27:11 - [MESSAGE][INFO] - Checking called Test Case

2021-10-14 17:27:11 - [MESSAGE][INFO] - Starting to call Test Case 'Test Cases/Popup/PopupButonSecilir'

2021-10-14 17:27:11 - [TEST_CASE][PASSED] - Test Cases/Popup/PopupButonSecilir: Test Cases/Popup/PopupButonSecilir

2021-10-14 17:27:11 - [TEST_STEP][PASSED] - Method.TextDegerineEsitElementeTikla(findTestObject("Popup/Popup_Butons"), Buton): Method.TextDegerineEsitElementeTikla is PASSED

2021-10-14 17:27:11 - [MESSAGE][INFO] - Finding Test Object 'Object Repository/Popup/Popup_Butons'

2021-10-14 17:27:11 - [MESSAGE][INFO] - Checking timeout

2021-10-14 17:27:11 - [MESSAGE][INFO] - Finding web element with id: 'Object Repository/Popup/Popup_Butons' located by 'By.cssSelector: .modal-footer>button' in '10' second(s)

2021-10-14 17:27:11 - [MESSAGE][INFO] - Smart Wait Function is triggered

2021-10-14 17:27:11 - [MESSAGE][INFO] - Found 2 web elements with id: 'Object Repository/Popup/Popup_Butons' located by 'By.cssSelector: .modal-footer>button' in '10' second(s)

2021-10-14 17:27:11 - [MESSAGE][PASSED] - Method.TextDegerineEsitElementeTikla is PASSED

2021-10-14 17:27:11 - [MESSAGE][PASSED] - Call Test Case 'Test Cases/Popup/PopupButonSecilir' successfully

2021-10-14 17:27:11 - [MESSAGE][INFO] - Checking called Test Case

2021-10-14 17:27:11 - [MESSAGE][INFO] - Starting to call Test Case 'Test Cases/Popup/PopupMesajiIceriyorMu'

2021-10-14 17:27:11 - [TEST_CASE][PASSED] - Test Cases/Popup/PopupMesajiIceriyorMu: Test Cases/Popup/PopupMesajiIceriyorMu

2021-10-14 17:27:11 - [TEST_STEP][PASSED] - waitForElementVisible(findTestObject("Popup/Popup"), 10): Object 'Object Repository/Popup/Popup' is visible

2021-10-14 17:27:11 - [MESSAGE][INFO] - Finding Test Object 'Object Repository/Popup/Popup'

2021-10-14 17:27:12 - [MESSAGE][INFO] - Checking object

2021-10-14 17:27:12 - [MESSAGE][INFO] - Checking timeout

2021-10-14 17:27:12 - [MESSAGE][INFO] - Finding web element from Test Object's properties

2021-10-14 17:27:12 - [MESSAGE][INFO] - Checking timeout

2021-10-14 17:27:12 - [MESSAGE][INFO] - Finding web element with id: 'Object Repository/Popup/Popup' located by 'By.cssSelector: .bootbox-body' in '10' second(s)

2021-10-14 17:27:12 - [MESSAGE][INFO] - Smart Wait Function is triggered

2021-10-14 17:27:12 - [MESSAGE][INFO] - Found 1 web elements with id: 'Object Repository/Popup/Popup' located by 'By.cssSelector: .bootbox-body' in '10' second(s)

2021-10-14 17:27:12 - [MESSAGE][PASSED] - Object 'Object Repository/Popup/Popup' is visible

2021-10-14 17:27:12 - [TEST_STEP][PASSED] - if (!(getText(findTestObject("Popup/Popup")).contains(Mesaj))): Text of object 'Object Repository/Popup/Popup' is: '14595 no’lu talebiniz işleme alınmıştır. Raporunuz hazırlandığında (elogotest@gmail.com) adresinize mail gönderilecektir.
Rapor durumunuzu Raporlar > Toplu Veri İndirme ekranından takip edebilir, hazırlandı durumundaki raporlarınızı ilgili menüden indirebilirsiniz.'

2021-10-14 17:27:12 - [MESSAGE][INFO] - Finding Test Object 'Object Repository/Popup/Popup'

2021-10-14 17:27:12 - [MESSAGE][INFO] - Checking object

2021-10-14 17:27:12 - [MESSAGE][INFO] - Finding web element from Test Object's properties

2021-10-14 17:27:12 - [MESSAGE][INFO] - Checking timeout

2021-10-14 17:27:12 - [MESSAGE][INFO] - Finding web element with id: 'Object Repository/Popup/Popup' located by 'By.cssSelector: .bootbox-body' in '30' second(s)

2021-10-14 17:27:12 - [MESSAGE][INFO] - Smart Wait Function is triggered

2021-10-14 17:27:13 - [MESSAGE][INFO] - Found 1 web elements with id: 'Object Repository/Popup/Popup' located by 'By.cssSelector: .bootbox-body' in '30' second(s)

2021-10-14 17:27:13 - [MESSAGE][INFO] - Getting text of object 'Object Repository/Popup/Popup'

2021-10-14 17:27:13 - [MESSAGE][PASSED] - Text of object 'Object Repository/Popup/Popup' is: '14595 no’lu talebiniz işleme alınmıştır. Raporunuz hazırlandığında (elogotest@gmail.com) adresinize mail gönderilecektir.
Rapor durumunuzu Raporlar > Toplu Veri İndirme ekranından takip edebilir, hazırlandı durumundaki raporlarınızı ilgili menüden indirebilirsiniz.'

2021-10-14 17:27:13 - [TEST_STEP][PASSED] - RaporNo = getText(findTestObject("Popup/Popup")).substring(0, 6): Text of object 'Object Repository/Popup/Popup' is: '14595 no’lu talebiniz işleme alınmıştır. Raporunuz hazırlandığında (elogotest@gmail.com) adresinize mail gönderilecektir.
Rapor durumunuzu Raporlar > Toplu Veri İndirme ekranından takip edebilir, hazırlandı durumundaki raporlarınızı ilgili menüden indirebilirsiniz.'

2021-10-14 17:27:13 - [MESSAGE][INFO] - Finding Test Object 'Object Repository/Popup/Popup'

2021-10-14 17:27:13 - [MESSAGE][INFO] - Checking object

2021-10-14 17:27:13 - [MESSAGE][INFO] - Finding web element from Test Object's properties

2021-10-14 17:27:13 - [MESSAGE][INFO] - Checking timeout

2021-10-14 17:27:13 - [MESSAGE][INFO] - Finding web element with id: 'Object Repository/Popup/Popup' located by 'By.cssSelector: .bootbox-body' in '30' second(s)

2021-10-14 17:27:13 - [MESSAGE][INFO] - Smart Wait Function is triggered

2021-10-14 17:27:13 - [MESSAGE][INFO] - Found 1 web elements with id: 'Object Repository/Popup/Popup' located by 'By.cssSelector: .bootbox-body' in '30' second(s)

2021-10-14 17:27:13 - [MESSAGE][INFO] - Getting text of object 'Object Repository/Popup/Popup'

2021-10-14 17:27:13 - [MESSAGE][PASSED] - Text of object 'Object Repository/Popup/Popup' is: '14595 no’lu talebiniz işleme alınmıştır. Raporunuz hazırlandığında (elogotest@gmail.com) adresinize mail gönderilecektir.
Rapor durumunuzu Raporlar > Toplu Veri İndirme ekranından takip edebilir, hazırlandı durumundaki raporlarınızı ilgili menüden indirebilirsiniz.'

2021-10-14 17:27:13 - [TEST_STEP][PASSED] - Console.println(RaporNo): null

2021-10-14 17:27:13 - [MESSAGE][PASSED] - Call Test Case 'Test Cases/Popup/PopupMesajiIceriyorMu' successfully

2021-10-14 17:27:13 - [MESSAGE][INFO] - Checking called Test Case

2021-10-14 17:27:13 - [MESSAGE][INFO] - Starting to call Test Case 'Test Cases/Popup/PopupButonSecilir'

2021-10-14 17:27:13 - [TEST_CASE][PASSED] - Test Cases/Popup/PopupButonSecilir: Test Cases/Popup/PopupButonSecilir

2021-10-14 17:27:13 - [TEST_STEP][PASSED] - Method.TextDegerineEsitElementeTikla(findTestObject("Popup/Popup_Butons"), Buton): Method.TextDegerineEsitElementeTikla is PASSED

2021-10-14 17:27:13 - [MESSAGE][INFO] - Finding Test Object 'Object Repository/Popup/Popup_Butons'

2021-10-14 17:27:13 - [MESSAGE][INFO] - Checking timeout

2021-10-14 17:27:13 - [MESSAGE][INFO] - Finding web element with id: 'Object Repository/Popup/Popup_Butons' located by 'By.cssSelector: .modal-footer>button' in '10' second(s)

2021-10-14 17:27:13 - [MESSAGE][INFO] - Smart Wait Function is triggered

2021-10-14 17:27:13 - [MESSAGE][INFO] - Found 1 web elements with id: 'Object Repository/Popup/Popup_Butons' located by 'By.cssSelector: .modal-footer>button' in '10' second(s)

2021-10-14 17:27:13 - [MESSAGE][PASSED] - Method.TextDegerineEsitElementeTikla is PASSED

2021-10-14 17:27:13 - [MESSAGE][PASSED] - Call Test Case 'Test Cases/Popup/PopupButonSecilir' successfully

2021-10-14 17:27:13 - [MESSAGE][INFO] - Checking called Test Case

2021-10-14 17:27:13 - [MESSAGE][INFO] - Starting to call Test Case 'Test Cases/Butonlar/ButonaTikla'

2021-10-14 17:27:13 - [TEST_CASE][PASSED] - Test Cases/Butonlar/ButonaTikla: Test Cases/Butonlar/ButonaTikla

2021-10-14 17:27:13 - [TEST_STEP][PASSED] - Method.TextDegerineEsitElementeTiklaEquals(findTestObject("Butonlar/Butonlar"), Buton_Adi): Method.TextDegerineEsitElementeTiklaEquals is PASSED

2021-10-14 17:27:13 - [MESSAGE][INFO] - Finding Test Object 'Object Repository/Butonlar/Butonlar'

2021-10-14 17:27:14 - [MESSAGE][INFO] - Checking timeout

2021-10-14 17:27:14 - [MESSAGE][INFO] - Finding web element with id: 'Object Repository/Butonlar/Butonlar' located by 'By.cssSelector: .panel.panel-default.text-center.footerPanel .btn,.btn.btn-primary.btnControls' in '10' second(s)

2021-10-14 17:27:14 - [MESSAGE][INFO] - Smart Wait Function is triggered

2021-10-14 17:27:14 - [MESSAGE][INFO] - Found 12 web elements with id: 'Object Repository/Butonlar/Butonlar' located by 'By.cssSelector: .panel.panel-default.text-center.footerPanel .btn,.btn.btn-primary.btnControls' in '10' second(s)

2021-10-14 17:27:14 - [MESSAGE][PASSED] - Method.TextDegerineEsitElementeTiklaEquals is PASSED

2021-10-14 17:27:14 - [MESSAGE][PASSED] - Call Test Case 'Test Cases/Butonlar/ButonaTikla' successfully

2021-10-14 17:27:14 - [MESSAGE][INFO] - Checking called Test Case

2021-10-14 17:27:14 - [MESSAGE][INFO] - Starting to call Test Case 'Test Cases/Butonlar/AltButonaTikla'

2021-10-14 17:27:14 - [TEST_CASE][PASSED] - Test Cases/Butonlar/AltButonaTikla: Test Cases/Butonlar/AltButonaTikla

2021-10-14 17:27:14 - [TEST_STEP][PASSED] - Method.TextDegerineEsitElementeTikla(findTestObject("Butonlar/AltButonlar"), Alt_Buton): Method.TextDegerineEsitElementeTikla is PASSED

2021-10-14 17:27:14 - [MESSAGE][INFO] - Finding Test Object 'Object Repository/Butonlar/AltButonlar'

2021-10-14 17:27:15 - [MESSAGE][INFO] - Checking timeout

2021-10-14 17:27:15 - [MESSAGE][INFO] - Finding web element with id: 'Object Repository/Butonlar/AltButonlar' located by 'By.cssSelector: .btn-group.open li>a' in '10' second(s)

2021-10-14 17:27:15 - [MESSAGE][INFO] - Smart Wait Function is triggered

2021-10-14 17:27:15 - [MESSAGE][INFO] - Found 4 web elements with id: 'Object Repository/Butonlar/AltButonlar' located by 'By.cssSelector: .btn-group.open li>a' in '10' second(s)

2021-10-14 17:27:15 - [MESSAGE][PASSED] - Method.TextDegerineEsitElementeTikla is PASSED

2021-10-14 17:27:15 - [MESSAGE][PASSED] - Call Test Case 'Test Cases/Butonlar/AltButonaTikla' successfully

2021-10-14 17:27:15 - [MESSAGE][INFO] - Checking called Test Case

2021-10-14 17:27:15 - [MESSAGE][INFO] - Starting to call Test Case 'Test Cases/Popup/PopupMesajiIceriyorMu'

2021-10-14 17:27:15 - [TEST_CASE][PASSED] - Test Cases/Popup/PopupMesajiIceriyorMu: Test Cases/Popup/PopupMesajiIceriyorMu

2021-10-14 17:27:15 - [TEST_STEP][PASSED] - waitForElementVisible(findTestObject("Popup/Popup"), 10): Object 'Object Repository/Popup/Popup' is visible

2021-10-14 17:27:15 - [MESSAGE][INFO] - Finding Test Object 'Object Repository/Popup/Popup'

2021-10-14 17:27:15 - [MESSAGE][INFO] - Checking object

2021-10-14 17:27:15 - [MESSAGE][INFO] - Checking timeout

2021-10-14 17:27:15 - [MESSAGE][INFO] - Finding web element from Test Object's properties

2021-10-14 17:27:15 - [MESSAGE][INFO] - Checking timeout

2021-10-14 17:27:15 - [MESSAGE][INFO] - Finding web element with id: 'Object Repository/Popup/Popup' located by 'By.cssSelector: .bootbox-body' in '10' second(s)

2021-10-14 17:27:15 - [MESSAGE][INFO] - Smart Wait Function is triggered

2021-10-14 17:27:16 - [MESSAGE][INFO] - Found 1 web elements with id: 'Object Repository/Popup/Popup' located by 'By.cssSelector: .bootbox-body' in '10' second(s)

2021-10-14 17:27:16 - [MESSAGE][PASSED] - Object 'Object Repository/Popup/Popup' is visible

2021-10-14 17:27:16 - [TEST_STEP][PASSED] - if (!(getText(findTestObject("Popup/Popup")).contains(Mesaj))): Text of object 'Object Repository/Popup/Popup' is: 'Lütfen rapor bildiriminin gönderileceği e-posta adresini belirtiniz.
e-Posta Adresi'

2021-10-14 17:27:16 - [MESSAGE][INFO] - Finding Test Object 'Object Repository/Popup/Popup'

2021-10-14 17:27:16 - [MESSAGE][INFO] - Checking object

2021-10-14 17:27:16 - [MESSAGE][INFO] - Finding web element from Test Object's properties

2021-10-14 17:27:16 - [MESSAGE][INFO] - Checking timeout

2021-10-14 17:27:16 - [MESSAGE][INFO] - Finding web element with id: 'Object Repository/Popup/Popup' located by 'By.cssSelector: .bootbox-body' in '30' second(s)

2021-10-14 17:27:16 - [MESSAGE][INFO] - Smart Wait Function is triggered

2021-10-14 17:27:16 - [MESSAGE][INFO] - Found 1 web elements with id: 'Object Repository/Popup/Popup' located by 'By.cssSelector: .bootbox-body' in '30' second(s)

2021-10-14 17:27:16 - [MESSAGE][INFO] - Getting text of object 'Object Repository/Popup/Popup'

2021-10-14 17:27:16 - [MESSAGE][PASSED] - Text of object 'Object Repository/Popup/Popup' is: 'Lütfen rapor bildiriminin gönderileceği e-posta adresini belirtiniz.
e-Posta Adresi'

2021-10-14 17:27:16 - [TEST_STEP][PASSED] - RaporNo = getText(findTestObject("Popup/Popup")).substring(0, 6): Text of object 'Object Repository/Popup/Popup' is: 'Lütfen rapor bildiriminin gönderileceği e-posta adresini belirtiniz.
e-Posta Adresi'

2021-10-14 17:27:16 - [MESSAGE][INFO] - Finding Test Object 'Object Repository/Popup/Popup'

2021-10-14 17:27:16 - [MESSAGE][INFO] - Checking object

2021-10-14 17:27:16 - [MESSAGE][INFO] - Finding web element from Test Object's properties

2021-10-14 17:27:16 - [MESSAGE][INFO] - Checking timeout

2021-10-14 17:27:16 - [MESSAGE][INFO] - Finding web element with id: 'Object Repository/Popup/Popup' located by 'By.cssSelector: .bootbox-body' in '30' second(s)

2021-10-14 17:27:16 - [MESSAGE][INFO] - Smart Wait Function is triggered

2021-10-14 17:27:16 - [MESSAGE][INFO] - Found 1 web elements with id: 'Object Repository/Popup/Popup' located by 'By.cssSelector: .bootbox-body' in '30' second(s)

2021-10-14 17:27:16 - [MESSAGE][INFO] - Getting text of object 'Object Repository/Popup/Popup'

2021-10-14 17:27:16 - [MESSAGE][PASSED] - Text of object 'Object Repository/Popup/Popup' is: 'Lütfen rapor bildiriminin gönderileceği e-posta adresini belirtiniz.
e-Posta Adresi'

2021-10-14 17:27:16 - [TEST_STEP][PASSED] - Console.println(RaporNo): null

2021-10-14 17:27:16 - [MESSAGE][PASSED] - Call Test Case 'Test Cases/Popup/PopupMesajiIceriyorMu' successfully

2021-10-14 17:27:16 - [MESSAGE][INFO] - Checking called Test Case

2021-10-14 17:27:16 - [MESSAGE][INFO] - Starting to call Test Case 'Test Cases/Popup/PopupButonSecilir'

2021-10-14 17:27:16 - [TEST_CASE][PASSED] - Test Cases/Popup/PopupButonSecilir: Test Cases/Popup/PopupButonSecilir

2021-10-14 17:27:16 - [TEST_STEP][PASSED] - Method.TextDegerineEsitElementeTikla(findTestObject("Popup/Popup_Butons"), Buton): Method.TextDegerineEsitElementeTikla is PASSED

2021-10-14 17:27:16 - [MESSAGE][INFO] - Finding Test Object 'Object Repository/Popup/Popup_Butons'

2021-10-14 17:27:16 - [MESSAGE][INFO] - Checking timeout

2021-10-14 17:27:16 - [MESSAGE][INFO] - Finding web element with id: 'Object Repository/Popup/Popup_Butons' located by 'By.cssSelector: .modal-footer>button' in '10' second(s)

2021-10-14 17:27:16 - [MESSAGE][INFO] - Smart Wait Function is triggered

2021-10-14 17:27:17 - [MESSAGE][INFO] - Found 2 web elements with id: 'Object Repository/Popup/Popup_Butons' located by 'By.cssSelector: .modal-footer>button' in '10' second(s)

2021-10-14 17:27:17 - [MESSAGE][PASSED] - Method.TextDegerineEsitElementeTikla is PASSED

2021-10-14 17:27:17 - [MESSAGE][PASSED] - Call Test Case 'Test Cases/Popup/PopupButonSecilir' successfully

2021-10-14 17:27:17 - [MESSAGE][INFO] - Checking called Test Case

2021-10-14 17:27:17 - [MESSAGE][INFO] - Starting to call Test Case 'Test Cases/Popup/PopupMesajiIceriyorMu'

2021-10-14 17:27:17 - [TEST_CASE][PASSED] - Test Cases/Popup/PopupMesajiIceriyorMu: Test Cases/Popup/PopupMesajiIceriyorMu

2021-10-14 17:27:17 - [TEST_STEP][PASSED] - waitForElementVisible(findTestObject("Popup/Popup"), 10): Object 'Object Repository/Popup/Popup' is visible

2021-10-14 17:27:17 - [MESSAGE][INFO] - Finding Test Object 'Object Repository/Popup/Popup'

2021-10-14 17:27:17 - [MESSAGE][INFO] - Checking object

2021-10-14 17:27:17 - [MESSAGE][INFO] - Checking timeout

2021-10-14 17:27:17 - [MESSAGE][INFO] - Finding web element from Test Object's properties

2021-10-14 17:27:17 - [MESSAGE][INFO] - Checking timeout

2021-10-14 17:27:17 - [MESSAGE][INFO] - Finding web element with id: 'Object Repository/Popup/Popup' located by 'By.cssSelector: .bootbox-body' in '10' second(s)

2021-10-14 17:27:17 - [MESSAGE][INFO] - Smart Wait Function is triggered

2021-10-14 17:27:18 - [MESSAGE][INFO] - Found 1 web elements with id: 'Object Repository/Popup/Popup' located by 'By.cssSelector: .bootbox-body' in '10' second(s)

2021-10-14 17:27:18 - [MESSAGE][PASSED] - Object 'Object Repository/Popup/Popup' is visible

2021-10-14 17:27:18 - [TEST_STEP][PASSED] - if (!(getText(findTestObject("Popup/Popup")).contains(Mesaj))): Text of object 'Object Repository/Popup/Popup' is: '14596 no’lu talebiniz işleme alınmıştır. Raporunuz hazırlandığında (elogotest@gmail.com) adresinize mail gönderilecektir.
Rapor durumunuzu Raporlar > Toplu Veri İndirme ekranından takip edebilir, hazırlandı durumundaki raporlarınızı ilgili menüden indirebilirsiniz.'

2021-10-14 17:27:18 - [MESSAGE][INFO] - Finding Test Object 'Object Repository/Popup/Popup'

2021-10-14 17:27:18 - [MESSAGE][INFO] - Checking object

2021-10-14 17:27:18 - [MESSAGE][INFO] - Finding web element from Test Object's properties

2021-10-14 17:27:18 - [MESSAGE][INFO] - Checking timeout

2021-10-14 17:27:18 - [MESSAGE][INFO] - Finding web element with id: 'Object Repository/Popup/Popup' located by 'By.cssSelector: .bootbox-body' in '30' second(s)

2021-10-14 17:27:18 - [MESSAGE][INFO] - Smart Wait Function is triggered

2021-10-14 17:27:18 - [MESSAGE][INFO] - Found 1 web elements with id: 'Object Repository/Popup/Popup' located by 'By.cssSelector: .bootbox-body' in '30' second(s)

2021-10-14 17:27:18 - [MESSAGE][INFO] - Getting text of object 'Object Repository/Popup/Popup'

2021-10-14 17:27:18 - [MESSAGE][PASSED] - Text of object 'Object Repository/Popup/Popup' is: '14596 no’lu talebiniz işleme alınmıştır. Raporunuz hazırlandığında (elogotest@gmail.com) adresinize mail gönderilecektir.
Rapor durumunuzu Raporlar > Toplu Veri İndirme ekranından takip edebilir, hazırlandı durumundaki raporlarınızı ilgili menüden indirebilirsiniz.'

2021-10-14 17:27:18 - [TEST_STEP][PASSED] - RaporNo = getText(findTestObject("Popup/Popup")).substring(0, 6): Text of object 'Object Repository/Popup/Popup' is: '14596 no’lu talebiniz işleme alınmıştır. Raporunuz hazırlandığında (elogotest@gmail.com) adresinize mail gönderilecektir.
Rapor durumunuzu Raporlar > Toplu Veri İndirme ekranından takip edebilir, hazırlandı durumundaki raporlarınızı ilgili menüden indirebilirsiniz.'

2021-10-14 17:27:18 - [MESSAGE][INFO] - Finding Test Object 'Object Repository/Popup/Popup'

2021-10-14 17:27:18 - [MESSAGE][INFO] - Checking object

2021-10-14 17:27:18 - [MESSAGE][INFO] - Finding web element from Test Object's properties

2021-10-14 17:27:18 - [MESSAGE][INFO] - Checking timeout

2021-10-14 17:27:18 - [MESSAGE][INFO] - Finding web element with id: 'Object Repository/Popup/Popup' located by 'By.cssSelector: .bootbox-body' in '30' second(s)

2021-10-14 17:27:18 - [MESSAGE][INFO] - Smart Wait Function is triggered

2021-10-14 17:27:19 - [MESSAGE][INFO] - Found 1 web elements with id: 'Object Repository/Popup/Popup' located by 'By.cssSelector: .bootbox-body' in '30' second(s)

2021-10-14 17:27:19 - [MESSAGE][INFO] - Getting text of object 'Object Repository/Popup/Popup'

2021-10-14 17:27:19 - [MESSAGE][PASSED] - Text of object 'Object Repository/Popup/Popup' is: '14596 no’lu talebiniz işleme alınmıştır. Raporunuz hazırlandığında (elogotest@gmail.com) adresinize mail gönderilecektir.
Rapor durumunuzu Raporlar > Toplu Veri İndirme ekranından takip edebilir, hazırlandı durumundaki raporlarınızı ilgili menüden indirebilirsiniz.'

2021-10-14 17:27:19 - [TEST_STEP][PASSED] - Console.println(RaporNo): null

2021-10-14 17:27:19 - [MESSAGE][PASSED] - Call Test Case 'Test Cases/Popup/PopupMesajiIceriyorMu' successfully

2021-10-14 17:27:19 - [MESSAGE][INFO] - Checking called Test Case

2021-10-14 17:27:19 - [MESSAGE][INFO] - Starting to call Test Case 'Test Cases/Popup/PopupButonSecilir'

2021-10-14 17:27:19 - [TEST_CASE][PASSED] - Test Cases/Popup/PopupButonSecilir: Test Cases/Popup/PopupButonSecilir

2021-10-14 17:27:19 - [TEST_STEP][PASSED] - Method.TextDegerineEsitElementeTikla(findTestObject("Popup/Popup_Butons"), Buton): Method.TextDegerineEsitElementeTikla is PASSED

2021-10-14 17:27:19 - [MESSAGE][INFO] - Finding Test Object 'Object Repository/Popup/Popup_Butons'

2021-10-14 17:27:19 - [MESSAGE][INFO] - Checking timeout

2021-10-14 17:27:19 - [MESSAGE][INFO] - Finding web element with id: 'Object Repository/Popup/Popup_Butons' located by 'By.cssSelector: .modal-footer>button' in '10' second(s)

2021-10-14 17:27:19 - [MESSAGE][INFO] - Smart Wait Function is triggered

2021-10-14 17:27:19 - [MESSAGE][INFO] - Found 1 web elements with id: 'Object Repository/Popup/Popup_Butons' located by 'By.cssSelector: .modal-footer>button' in '10' second(s)

2021-10-14 17:27:19 - [MESSAGE][PASSED] - Method.TextDegerineEsitElementeTikla is PASSED

2021-10-14 17:27:19 - [MESSAGE][PASSED] - Call Test Case 'Test Cases/Popup/PopupButonSecilir' successfully

2021-10-14 17:27:19 - [MESSAGE][INFO] - Checking called Test Case

2021-10-14 17:27:19 - [MESSAGE][INFO] - Starting to call Test Case 'Test Cases/Menu/AnaMenuSecimi'

2021-10-14 17:27:19 - [TEST_CASE][PASSED] - Test Cases/Menu/AnaMenuSecimi: Test Cases/Menu/AnaMenuSecimi

2021-10-14 17:27:19 - [TEST_STEP][PASSED] - Method.TextDegerineEsitElementeTikla(findTestObject("Menu/Ana_Menu"), Ana_Menu): Method.TextDegerineEsitElementeTikla is PASSED

2021-10-14 17:27:19 - [MESSAGE][INFO] - Finding Test Object 'Object Repository/Menu/Ana_Menu'

2021-10-14 17:27:19 - [MESSAGE][INFO] - Checking timeout

2021-10-14 17:27:19 - [MESSAGE][INFO] - Finding web element with id: 'Object Repository/Menu/Ana_Menu' located by 'By.xpath: //*[@class = 'dropdown-toggle']' in '10' second(s)

2021-10-14 17:27:19 - [MESSAGE][INFO] - Smart Wait Function is triggered

2021-10-14 17:27:20 - [MESSAGE][INFO] - Found 14 web elements with id: 'Object Repository/Menu/Ana_Menu' located by 'By.xpath: //*[@class = 'dropdown-toggle']' in '10' second(s)

2021-10-14 17:27:20 - [MESSAGE][PASSED] - Method.TextDegerineEsitElementeTikla is PASSED

2021-10-14 17:27:20 - [MESSAGE][PASSED] - Call Test Case 'Test Cases/Menu/AnaMenuSecimi' successfully

2021-10-14 17:27:20 - [MESSAGE][INFO] - Checking called Test Case

2021-10-14 17:27:20 - [MESSAGE][INFO] - Starting to call Test Case 'Test Cases/Menu/AltMenuSecimi'

2021-10-14 17:27:20 - [TEST_CASE][PASSED] - Test Cases/Menu/AltMenuSecimi: Test Cases/Menu/AltMenuSecimi

2021-10-14 17:27:21 - [TEST_STEP][PASSED] - Method.TextDegerineEsitElementeTikla(findTestObject("Menu/Alt_Menu"), Alt_Menu): Method.TextDegerineEsitElementeTikla is PASSED

2021-10-14 17:27:21 - [MESSAGE][INFO] - Finding Test Object 'Object Repository/Menu/Alt_Menu'

2021-10-14 17:27:21 - [MESSAGE][INFO] - Checking timeout

2021-10-14 17:27:21 - [MESSAGE][INFO] - Finding web element with id: 'Object Repository/Menu/Alt_Menu' located by 'By.xpath: //li[@class='dropdown dropdown-large open']//li[@class='dropdown-element']' in '10' second(s)

2021-10-14 17:27:21 - [MESSAGE][INFO] - Smart Wait Function is triggered

2021-10-14 17:27:21 - [MESSAGE][INFO] - Found 9 web elements with id: 'Object Repository/Menu/Alt_Menu' located by 'By.xpath: //li[@class='dropdown dropdown-large open']//li[@class='dropdown-element']' in '10' second(s)

2021-10-14 17:27:22 - [MESSAGE][PASSED] - Method.TextDegerineEsitElementeTikla is PASSED

2021-10-14 17:27:22 - [MESSAGE][PASSED] - Call Test Case 'Test Cases/Menu/AltMenuSecimi' successfully

2021-10-14 17:27:22 - [MESSAGE][INFO] - Checking called Test Case

2021-10-14 17:27:22 - [MESSAGE][INFO] - Starting to call Test Case 'Test Cases/Filtreler/RaporNoYaz'

2021-10-14 17:27:22 - [TEST_CASE][PASSED] - Test Cases/Filtreler/RaporNoYaz: Test Cases/Filtreler/RaporNoYaz

2021-10-14 17:27:22 - [TEST_STEP][PASSED] - Method.TextDegerineEsitElementinAltindakiTextboxtaYaz(findTestObject("Filtreler/Basliklar"), findTestObject("Filtreler/Basliga_Gore_Textbox"), "Talep No", RaporNo): Method.TextDegerineEsitElementinAltindakiTextboxtaYaz is PASSED

2021-10-14 17:27:22 - [MESSAGE][INFO] - Finding Test Object 'Object Repository/Filtreler/Basliklar'

2021-10-14 17:27:22 - [MESSAGE][INFO] - Finding Test Object 'Object Repository/Filtreler/Basliga_Gore_Textbox'

2021-10-14 17:27:22 - [MESSAGE][INFO] - Checking timeout

2021-10-14 17:27:22 - [MESSAGE][INFO] - Finding web element with id: 'Object Repository/Filtreler/Basliklar' located by 'By.cssSelector: .control-label.col-sm-4.paddingMarginRLC' in '10' second(s)

2021-10-14 17:27:22 - [MESSAGE][INFO] - Smart Wait Function is triggered

2021-10-14 17:27:22 - [MESSAGE][INFO] - Found 8 web elements with id: 'Object Repository/Filtreler/Basliklar' located by 'By.cssSelector: .control-label.col-sm-4.paddingMarginRLC' in '10' second(s)

2021-10-14 17:27:22 - [MESSAGE][INFO] - Smart Wait Function is triggered

2021-10-14 17:27:23 - [MESSAGE][PASSED] - Method.TextDegerineEsitElementinAltindakiTextboxtaYaz is PASSED

2021-10-14 17:27:23 - [MESSAGE][PASSED] - Call Test Case 'Test Cases/Filtreler/RaporNoYaz' successfully

2021-10-14 17:27:23 - [MESSAGE][INFO] - Checking called Test Case

2021-10-14 17:27:23 - [MESSAGE][INFO] - Starting to call Test Case 'Test Cases/Filtreler/ButonaTikla'

2021-10-14 17:27:23 - [TEST_CASE][PASSED] - Test Cases/Filtreler/ButonaTikla: Test Cases/Filtreler/ButonaTikla

2021-10-14 17:27:23 - [TEST_STEP][PASSED] - Method.TextDegerineEsitElementeTikla(findTestObject("Filtreler/Butonlar"), Filtre_Buton): Method.TextDegerineEsitElementeTikla is PASSED

2021-10-14 17:27:23 - [MESSAGE][INFO] - Finding Test Object 'Object Repository/Filtreler/Butonlar'

2021-10-14 17:27:23 - [MESSAGE][INFO] - Checking timeout

2021-10-14 17:27:23 - [MESSAGE][INFO] - Finding web element with id: 'Object Repository/Filtreler/Butonlar' located by 'By.cssSelector: .dxb>span' in '10' second(s)

2021-10-14 17:27:23 - [MESSAGE][INFO] - Smart Wait Function is triggered

2021-10-14 17:27:23 - [MESSAGE][INFO] - Found 2 web elements with id: 'Object Repository/Filtreler/Butonlar' located by 'By.cssSelector: .dxb>span' in '10' second(s)

2021-10-14 17:27:24 - [MESSAGE][PASSED] - Method.TextDegerineEsitElementeTikla is PASSED

2021-10-14 17:27:24 - [MESSAGE][PASSED] - Call Test Case 'Test Cases/Filtreler/ButonaTikla' successfully

2021-10-14 17:27:24 - [MESSAGE][INFO] - Checking called Test Case

2021-10-14 17:27:24 - [MESSAGE][INFO] - Starting to call Test Case 'Test Cases/Tablo/TablodaVeriVarMi'

2021-10-14 17:27:24 - [TEST_CASE][PASSED] - Test Cases/Tablo/TablodaVeriVarMi: Test Cases/Tablo/TablodaVeriVarMi

2021-10-14 17:27:24 - [TEST_STEP][PASSED] - verifyTextNotPresent("Görüntülenecek veri yok", true): Text 'Görüntülenecek veri yok' is not present on page using regular expression

2021-10-14 17:27:24 - [MESSAGE][INFO] - Checking text present  using regular expression

2021-10-14 17:27:24 - [MESSAGE][INFO] - Smart Wait Function is triggered

2021-10-14 17:27:29 - [MESSAGE][INFO] - Finding text 'Görüntülenecek veri yok' on page  using regular expression

2021-10-14 17:27:29 - [MESSAGE][PASSED] - Text 'Görüntülenecek veri yok' is not present on page using regular expression

2021-10-14 17:27:29 - [MESSAGE][PASSED] - Call Test Case 'Test Cases/Tablo/TablodaVeriVarMi' successfully

2021-10-14 17:27:29 - [MESSAGE][INFO] - Checking called Test Case

2021-10-14 17:27:29 - [MESSAGE][INFO] - Starting to call Test Case 'Test Cases/Kullanici_Islemleri/KullaniciIslemlerindenSecimYapilir'

2021-10-14 17:27:29 - [TEST_CASE][PASSED] - Test Cases/Kullanici_Islemleri/KullaniciIslemlerindenSecimYapilir: Test Cases/Kullanici_Islemleri/KullaniciIslemlerindenSecimYapilir

2021-10-14 17:27:29 - [TEST_STEP][PASSED] - waitForElementClickable(findTestObject("Object Repository/Kullanici_Islemleri/KullaniciIslemleri"), 10): Object 'Object Repository/Kullanici_Islemleri/KullaniciIslemleri' is clickable

2021-10-14 17:27:29 - [MESSAGE][INFO] - Finding Test Object 'Object Repository/Kullanici_Islemleri/KullaniciIslemleri'

2021-10-14 17:27:29 - [MESSAGE][INFO] - Checking object

2021-10-14 17:27:29 - [MESSAGE][INFO] - Checking timeout

2021-10-14 17:27:29 - [MESSAGE][INFO] - Finding web element from Test Object's properties

2021-10-14 17:27:29 - [MESSAGE][INFO] - Checking timeout

2021-10-14 17:27:29 - [MESSAGE][INFO] - Finding web element with id: 'Object Repository/Kullanici_Islemleri/KullaniciIslemleri' located by 'By.cssSelector: .dropdown>a>img' in '10' second(s)

2021-10-14 17:27:29 - [MESSAGE][INFO] - Smart Wait Function is triggered

2021-10-14 17:27:29 - [MESSAGE][INFO] - Found 1 web elements with id: 'Object Repository/Kullanici_Islemleri/KullaniciIslemleri' located by 'By.cssSelector: .dropdown>a>img' in '10' second(s)

2021-10-14 17:27:29 - [MESSAGE][PASSED] - Object 'Object Repository/Kullanici_Islemleri/KullaniciIslemleri' is clickable

2021-10-14 17:27:29 - [TEST_STEP][PASSED] - click(findTestObject("Object Repository/Kullanici_Islemleri/KullaniciIslemleri")): Object: 'Object Repository/Kullanici_Islemleri/KullaniciIslemleri' is clicked on

2021-10-14 17:27:29 - [MESSAGE][INFO] - Finding Test Object 'Object Repository/Kullanici_Islemleri/KullaniciIslemleri'

2021-10-14 17:27:29 - [MESSAGE][INFO] - Checking object

2021-10-14 17:27:29 - [MESSAGE][INFO] - Finding web element from Test Object's properties

2021-10-14 17:27:29 - [MESSAGE][INFO] - Checking timeout

2021-10-14 17:27:29 - [MESSAGE][INFO] - Finding web element with id: 'Object Repository/Kullanici_Islemleri/KullaniciIslemleri' located by 'By.cssSelector: .dropdown>a>img' in '30' second(s)

2021-10-14 17:27:29 - [MESSAGE][INFO] - Smart Wait Function is triggered

2021-10-14 17:27:30 - [MESSAGE][INFO] - Found 1 web elements with id: 'Object Repository/Kullanici_Islemleri/KullaniciIslemleri' located by 'By.cssSelector: .dropdown>a>img' in '30' second(s)

2021-10-14 17:27:30 - [MESSAGE][INFO] - Clicking on object: 'Object Repository/Kullanici_Islemleri/KullaniciIslemleri'

2021-10-14 17:27:30 - [MESSAGE][PASSED] - Object: 'Object Repository/Kullanici_Islemleri/KullaniciIslemleri' is clicked on

2021-10-14 17:27:30 - [TEST_STEP][PASSED] - Method.TextDegerineEsitElementeTikla(findTestObject("Object Repository/Kullanici_Islemleri/Secenekler"), Islem): Method.TextDegerineEsitElementeTikla is PASSED

2021-10-14 17:27:30 - [MESSAGE][INFO] - Finding Test Object 'Object Repository/Kullanici_Islemleri/Secenekler'

2021-10-14 17:27:30 - [MESSAGE][INFO] - Checking timeout

2021-10-14 17:27:30 - [MESSAGE][INFO] - Finding web element with id: 'Object Repository/Kullanici_Islemleri/Secenekler' located by 'By.cssSelector: .nav.navbar-nav.navbar-right li a' in '10' second(s)

2021-10-14 17:27:30 - [MESSAGE][INFO] - Smart Wait Function is triggered

2021-10-14 17:27:30 - [MESSAGE][INFO] - Found 22 web elements with id: 'Object Repository/Kullanici_Islemleri/Secenekler' located by 'By.cssSelector: .nav.navbar-nav.navbar-right li a' in '10' second(s)

2021-10-14 17:27:35 - [MESSAGE][PASSED] - Method.TextDegerineEsitElementeTikla is PASSED

2021-10-14 17:27:35 - [TEST_STEP][PASSED] - verifyElementNotPresent(findTestObject("Object Repository/Kullanici_Islemleri/Secenekler"), 10): Web element with id: 'Object Repository/Kullanici_Islemleri/Secenekler' located by 'By.cssSelector: .nav.navbar-nav.navbar-right li a' is not present after '10' second(s)

2021-10-14 17:27:35 - [MESSAGE][INFO] - Finding Test Object 'Object Repository/Kullanici_Islemleri/Secenekler'

2021-10-14 17:27:35 - [MESSAGE][INFO] - Checking object

2021-10-14 17:27:35 - [MESSAGE][INFO] - Checking timeout

2021-10-14 17:27:35 - [MESSAGE][INFO] - Finding web element with id: 'Object Repository/Kullanici_Islemleri/Secenekler' located by 'By.cssSelector: .nav.navbar-nav.navbar-right li a' in '10' second(s)

2021-10-14 17:27:35 - [MESSAGE][INFO] - Smart Wait Function is triggered

2021-10-14 17:27:35 - [MESSAGE][PASSED] - Web element with id: 'Object Repository/Kullanici_Islemleri/Secenekler' located by 'By.cssSelector: .nav.navbar-nav.navbar-right li a' is not present after '10' second(s)

2021-10-14 17:27:35 - [MESSAGE][PASSED] - Call Test Case 'Test Cases/Kullanici_Islemleri/KullaniciIslemlerindenSecimYapilir' successfully

2021-10-14 17:27:35 - [TEST_CASE][PASSED] - Start Test Case : SCENARIO e-Arsiv Toplu Indirme - PDF Tumunun indirilmesi: SCENARIO e-Arsiv Toplu Indirme - PDF Tumunun indirilmesi

2021-10-14 17:27:35 - [TEST_STEP][PASSED] - Kullanıcı adı ELOGO6 ve Şifre 123456 olarak giriş yapılır: Kullanıcı adı ELOGO6 ve Şifre 123456 olarak giriş yapılır

2021-10-14 17:27:35 - [MESSAGE][PASSED] - Kullanıcı adı ELOGO6 ve Şifre 123456 olarak giriş yapılır

2021-10-14 17:27:35 - [TEST_STEP][PASSED] - Ana menüden e-Arşiv seçilir: Ana menüden e-Arşiv seçilir

2021-10-14 17:27:35 - [MESSAGE][PASSED] - Ana menüden e-Arşiv seçilir

2021-10-14 17:27:35 - [TEST_STEP][PASSED] - Alt menü e-Arşiv Hareketleri başlığı altındaki e-Arşiv Faturaları seçilir: Alt menü e-Arşiv Hareketleri başlığı altındaki e-Arşiv Faturaları seçilir

2021-10-14 17:27:35 - [MESSAGE][PASSED] - Alt menü e-Arşiv Hareketleri başlığı altındaki e-Arşiv Faturaları seçilir

2021-10-14 17:27:35 - [TEST_STEP][PASSED] - Filtrelerden Oluşturma Tarihi filtresine 01.07.2020 baslangic degerini yaz: Filtrelerden Oluşturma Tarihi filtresine 01.07.2020 baslangic degerini yaz

2021-10-14 17:27:35 - [MESSAGE][PASSED] - Filtrelerden Oluşturma Tarihi filtresine 01.07.2020 baslangic degerini yaz

2021-10-14 17:27:35 - [TEST_STEP][PASSED] - Filtrelerden Oluşturma Tarihi filtresine 31.07.2020 bitis degerini yaz: Filtrelerden Oluşturma Tarihi filtresine 31.07.2020 bitis degerini yaz

2021-10-14 17:27:35 - [MESSAGE][PASSED] - Filtrelerden Oluşturma Tarihi filtresine 31.07.2020 bitis degerini yaz

2021-10-14 17:27:35 - [TEST_STEP][PASSED] - Filtrelerden Alıcı Ünvanı filtresine test test textini yaz: Filtrelerden Alıcı Ünvanı filtresine test test textini yaz

2021-10-14 17:27:35 - [MESSAGE][PASSED] - Filtrelerden Alıcı Ünvanı filtresine test test textini yaz

2021-10-14 17:27:35 - [TEST_STEP][PASSED] - Filtre butonlarından Listele seçilir: Filtre butonlarından Listele seçilir

2021-10-14 17:27:35 - [MESSAGE][PASSED] - Filtre butonlarından Listele seçilir

2021-10-14 17:27:35 - [TEST_STEP][PASSED] - Tabloda veri var mı kontrol edilir: Tabloda veri var mı kontrol edilir

2021-10-14 17:27:35 - [MESSAGE][PASSED] - Tabloda veri var mı kontrol edilir

2021-10-14 17:27:35 - [TEST_STEP][PASSED] - Tablodan test test isimli veri seçilir: Tablodan test test isimli veri seçilir

2021-10-14 17:27:35 - [MESSAGE][PASSED] - Tablodan test test isimli veri seçilir

2021-10-14 17:27:35 - [TEST_STEP][PASSED] - Butonlardan Toplu İndirme isimli butona tıklanır: Butonlardan Toplu İndirme isimli butona tıklanır

2021-10-14 17:27:35 - [MESSAGE][PASSED] - Butonlardan Toplu İndirme isimli butona tıklanır

2021-10-14 17:27:35 - [TEST_STEP][PASSED] - Alt butonlardan PDF Tümünü İndir butonuna tıklanır: Alt butonlardan PDF Tümünü İndir butonuna tıklanır

2021-10-14 17:27:35 - [MESSAGE][PASSED] - Alt butonlardan PDF Tümünü İndir butonuna tıklanır

2021-10-14 17:27:35 - [TEST_STEP][PASSED] - Popup mesajı Lütfen rapor bildiriminin gönderileceği e-posta adresini belirtiniz. içeriyor mu: Popup mesajı Lütfen rapor bildiriminin gönderileceği e-posta adresini belirtiniz. içeriyor mu

2021-10-14 17:27:35 - [MESSAGE][PASSED] - Popup mesajı Lütfen rapor bildiriminin gönderileceği e-posta adresini belirtiniz. içeriyor mu

2021-10-14 17:27:35 - [TEST_STEP][PASSED] - Yönetim popupında Gönder seçilir: Yönetim popupında Gönder seçilir

2021-10-14 17:27:35 - [MESSAGE][PASSED] - Yönetim popupında Gönder seçilir

2021-10-14 17:27:35 - [TEST_STEP][PASSED] - Popup mesajı Toplu Veri İndirme içeriyor mu: Popup mesajı Toplu Veri İndirme içeriyor mu

2021-10-14 17:27:35 - [MESSAGE][PASSED] - Popup mesajı Toplu Veri İndirme içeriyor mu

2021-10-14 17:27:35 - [TEST_STEP][PASSED] - Yönetim popupında Tamam seçilir: Yönetim popupında Tamam seçilir

2021-10-14 17:27:35 - [MESSAGE][PASSED] - Yönetim popupında Tamam seçilir

2021-10-14 17:27:35 - [TEST_STEP][PASSED] - Butonlardan Toplu İndirme isimli butona tıklanır: Butonlardan Toplu İndirme isimli butona tıklanır

2021-10-14 17:27:35 - [MESSAGE][PASSED] - Butonlardan Toplu İndirme isimli butona tıklanır

2021-10-14 17:27:35 - [TEST_STEP][PASSED] - Alt butonlardan PDF Seçilenleri İndir butonuna tıklanır: Alt butonlardan PDF Seçilenleri İndir butonuna tıklanır

2021-10-14 17:27:35 - [MESSAGE][PASSED] - Alt butonlardan PDF Seçilenleri İndir butonuna tıklanır

2021-10-14 17:27:35 - [TEST_STEP][PASSED] - Popup mesajı Lütfen rapor bildiriminin gönderileceği e-posta adresini belirtiniz. içeriyor mu: Popup mesajı Lütfen rapor bildiriminin gönderileceği e-posta adresini belirtiniz. içeriyor mu

2021-10-14 17:27:35 - [MESSAGE][PASSED] - Popup mesajı Lütfen rapor bildiriminin gönderileceği e-posta adresini belirtiniz. içeriyor mu

2021-10-14 17:27:35 - [TEST_STEP][PASSED] - Yönetim popupında Gönder seçilir: Yönetim popupında Gönder seçilir

2021-10-14 17:27:35 - [MESSAGE][PASSED] - Yönetim popupında Gönder seçilir

2021-10-14 17:27:35 - [TEST_STEP][PASSED] - Popup mesajı Toplu Veri İndirme içeriyor mu: Popup mesajı Toplu Veri İndirme içeriyor mu

2021-10-14 17:27:35 - [MESSAGE][PASSED] - Popup mesajı Toplu Veri İndirme içeriyor mu

2021-10-14 17:27:35 - [TEST_STEP][PASSED] - Yönetim popupında Tamam seçilir: Yönetim popupında Tamam seçilir

2021-10-14 17:27:35 - [MESSAGE][PASSED] - Yönetim popupında Tamam seçilir

2021-10-14 17:27:35 - [TEST_STEP][PASSED] - Ana menüden Raporlar seçilir: Ana menüden Raporlar seçilir

2021-10-14 17:27:35 - [MESSAGE][PASSED] - Ana menüden Raporlar seçilir

2021-10-14 17:27:35 - [TEST_STEP][PASSED] - Alt menüden Toplu Veri İndirme seçilir: Alt menüden Toplu Veri İndirme seçilir

2021-10-14 17:27:35 - [MESSAGE][PASSED] - Alt menüden Toplu Veri İndirme seçilir

2021-10-14 17:27:35 - [TEST_STEP][PASSED] - Filtrelerden Talep No filtresine Rapor No bilgisi yaz: Filtrelerden Talep No filtresine Rapor No bilgisi yaz

2021-10-14 17:27:35 - [MESSAGE][PASSED] - Filtrelerden Talep No filtresine Rapor No bilgisi yaz

2021-10-14 17:27:35 - [TEST_STEP][PASSED] - Filtre butonlarından Listele seçilir: Filtre butonlarından Listele seçilir

2021-10-14 17:27:35 - [MESSAGE][PASSED] - Filtre butonlarından Listele seçilir

2021-10-14 17:27:35 - [TEST_STEP][PASSED] - Tabloda veri var mı kontrol edilir: Tabloda veri var mı kontrol edilir

2021-10-14 17:27:35 - [MESSAGE][PASSED] - Tabloda veri var mı kontrol edilir

2021-10-14 17:27:35 - [TEST_STEP][PASSED] - Kullanıcı işlemlerinden Çıkış seçilir: Kullanıcı işlemlerinden Çıkış seçilir

2021-10-14 17:27:35 - [MESSAGE][PASSED] - Kullanıcı işlemlerinden Çıkış seçilir

2021-10-14 17:27:35 - [MESSAGE][PASSED] - Feature file: 'Include/features/e-Arsiv/e-Arsiv Hareketleri/e-Arsiv Faturalari/Toplu Indirme.feature' was passed

2021-10-14 17:27:35 - [TEST_STEP][PASSED] - Start listener action : sampleAfterTestSuite: Invoke 'com.kms.katalon.core.annotation.AfterTestCase' method: 'Listener.sampleAfterTestSuite(...)' completed.

2021-10-14 17:27:35 - [MESSAGE][INFO] - Starting invoke 'com.kms.katalon.core.annotation.AfterTestCase' method: 'Listener.sampleAfterTestSuite(...)'

2021-10-14 17:27:35 - [TEST_STEP][PASSED] - closeBrowser(): Invoke 'com.kms.katalon.core.annotation.AfterTestCase' method: 'Listener.sampleAfterTestSuite(...)' completed.

2021-10-14 17:27:35 - [MESSAGE][INFO] - Closing browser

2021-10-14 17:27:36 - [MESSAGE][PASSED] - Browser is closed

2021-10-14 17:27:36 - [MESSAGE][INFO] - Invoke 'com.kms.katalon.core.annotation.AfterTestCase' method: 'Listener.sampleAfterTestSuite(...)' completed.]]></system-out>
         <system-err><![CDATA[]]></system-err>
      </testcase>
      <testcase name="Test Cases/Case Repository/e-Arsiv/e-Arsiv Hareketleri/e-Arsiv Raporlari/Excele Aktar" time="53.212" classname="Test Cases/Case Repository/e-Arsiv/e-Arsiv Hareketleri/e-Arsiv Raporlari/Excele Aktar" status="PASSED">
         <system-out><![CDATA[2021-10-14 17:27:36 - [TEST_CASE][PASSED] - Test Cases/Case Repository/e-Arsiv/e-Arsiv Hareketleri/e-Arsiv Raporlari/Excele Aktar: Test Cases/Case Repository/e-Arsiv/e-Arsiv Hareketleri/e-Arsiv Raporlari/Excele Aktar

2021-10-14 17:27:36 - [TEST_STEP][PASSED] - Start listener action : sampleBeforeTestSuite: Invoke 'com.kms.katalon.core.annotation.BeforeTestCase' method: 'Listener.sampleBeforeTestSuite(...)' completed.

2021-10-14 17:27:36 - [MESSAGE][INFO] - Starting invoke 'com.kms.katalon.core.annotation.BeforeTestCase' method: 'Listener.sampleBeforeTestSuite(...)'

2021-10-14 17:27:36 - [TEST_STEP][PASSED] - openBrowser(baseUrl): Browser is opened with url: 'https://efatura-stage.elogo.com.tr/'

2021-10-14 17:27:36 - [MESSAGE][INFO] - Opening browser

2021-10-14 17:27:36 - [MESSAGE][INFO] - Starting 'Chrome' driver

2021-10-14 17:27:36 - [MESSAGE][INFO] - User set preference: ['prefs', '{download.default_directory=C:\otomasyondownfiles}']

2021-10-14 17:27:36 - [MESSAGE][INFO] - Action delay is set to 0 milliseconds

2021-10-14 17:27:37 - [MESSAGE][INFO] - Navigating browser to: 'https://efatura-stage.elogo.com.tr/'

2021-10-14 17:27:40 - [MESSAGE][PASSED] - Browser is opened with url: 'https://efatura-stage.elogo.com.tr/'

2021-10-14 17:27:40 - [TEST_STEP][PASSED] - maximizeWindow(): Invoke 'com.kms.katalon.core.annotation.BeforeTestCase' method: 'Listener.sampleBeforeTestSuite(...)' completed.

2021-10-14 17:27:40 - [MESSAGE][INFO] - Maximizing current window

2021-10-14 17:27:40 - [MESSAGE][PASSED] - Current window maximized

2021-10-14 17:27:40 - [MESSAGE][INFO] - Invoke 'com.kms.katalon.core.annotation.BeforeTestCase' method: 'Listener.sampleBeforeTestSuite(...)' completed.

2021-10-14 17:27:41 - [TEST_STEP][PASSED] - runFeatureFile("Include/features/e-Arsiv/e-Arsiv Hareketleri/e-Arsiv Raporlari/Excele Aktar.feature"): Feature file: 'Include/features/e-Arsiv/e-Arsiv Hareketleri/e-Arsiv Raporlari/Excele Aktar.feature' was passed

2021-10-14 17:27:41 - [MESSAGE][INFO] - Starting run keyword runFeatureFile: 'Include/features/e-Arsiv/e-Arsiv Hareketleri/e-Arsiv Raporlari/Excele Aktar.feature' and extract report to folder: 'C:\Users\DELL\Downloads\EES_Katalon-main\Reports\20211014_170112\Suite Repository\ExceleAktarVeTopluIndirme\20211014_170125/cucumber_report/1634221661538'...

2021-10-14 17:27:41 - [MESSAGE][INFO] - Glue: []

2021-10-14 17:27:42 - [MESSAGE][INFO] - Checking called Test Case

2021-10-14 17:27:42 - [MESSAGE][INFO] - Starting to call Test Case 'Test Cases/Sayfalar/Giris_Sayfasi/Login'

2021-10-14 17:27:42 - [TEST_CASE][PASSED] - Test Cases/Sayfalar/Giris_Sayfasi/Login: Test Cases/Sayfalar/Giris_Sayfasi/Login

2021-10-14 17:27:42 - [TEST_STEP][PASSED] - Sayfa_Basligi = getWindowTitle(): Current window's title is: 'LOGO e-Fatura'

2021-10-14 17:27:42 - [MESSAGE][INFO] - Getting current window's title

2021-10-14 17:27:42 - [MESSAGE][PASSED] - Current window's title is: 'LOGO e-Fatura'

2021-10-14 17:27:42 - [TEST_STEP][PASSED] - verifyMatch(Sayfa_Basligi, "LOGO e-Fatura", false): Actual text 'LOGO e-Fatura' and expected text 'LOGO e-Fatura' are matched 

2021-10-14 17:27:42 - [MESSAGE][INFO] - Matching actual text 'LOGO e-Fatura' with expected text 'LOGO e-Fatura'

2021-10-14 17:27:42 - [MESSAGE][PASSED] - Actual text 'LOGO e-Fatura' and expected text 'LOGO e-Fatura' are matched 

2021-10-14 17:27:42 - [TEST_STEP][PASSED] - sendKeys(findTestObject("Sayfalar/Giris_Sayfasi/Firma_Kodu"), KullaniciAdi): Keys 'ELOGO6' sent to object: 'Object Repository/Sayfalar/Giris_Sayfasi/Firma_Kodu'

2021-10-14 17:27:42 - [MESSAGE][INFO] - Finding Test Object 'Object Repository/Sayfalar/Giris_Sayfasi/Firma_Kodu'

2021-10-14 17:27:42 - [MESSAGE][INFO] - Sending keys 'ELOGO6' to object: 'Object Repository/Sayfalar/Giris_Sayfasi/Firma_Kodu'

2021-10-14 17:27:42 - [MESSAGE][INFO] - Finding web element from Test Object's properties

2021-10-14 17:27:42 - [MESSAGE][INFO] - Checking timeout

2021-10-14 17:27:42 - [MESSAGE][INFO] - Finding web element with id: 'Object Repository/Sayfalar/Giris_Sayfasi/Firma_Kodu' located by 'By.xpath: //*[@id = 'AccountName']' in '30' second(s)

2021-10-14 17:27:42 - [MESSAGE][INFO] - Smart Wait Function is triggered

2021-10-14 17:27:42 - [MESSAGE][INFO] - Found 1 web elements with id: 'Object Repository/Sayfalar/Giris_Sayfasi/Firma_Kodu' located by 'By.xpath: //*[@id = 'AccountName']' in '30' second(s)

2021-10-14 17:27:42 - [MESSAGE][PASSED] - Keys 'ELOGO6' sent to object: 'Object Repository/Sayfalar/Giris_Sayfasi/Firma_Kodu'

2021-10-14 17:27:42 - [TEST_STEP][PASSED] - sendKeys(findTestObject("Sayfalar/Giris_Sayfasi/Sifre"), Sifre): Keys '123456' sent to object: 'Object Repository/Sayfalar/Giris_Sayfasi/Sifre'

2021-10-14 17:27:42 - [MESSAGE][INFO] - Finding Test Object 'Object Repository/Sayfalar/Giris_Sayfasi/Sifre'

2021-10-14 17:27:43 - [MESSAGE][INFO] - Sending keys '123456' to object: 'Object Repository/Sayfalar/Giris_Sayfasi/Sifre'

2021-10-14 17:27:43 - [MESSAGE][INFO] - Finding web element from Test Object's properties

2021-10-14 17:27:43 - [MESSAGE][INFO] - Checking timeout

2021-10-14 17:27:43 - [MESSAGE][INFO] - Finding web element with id: 'Object Repository/Sayfalar/Giris_Sayfasi/Sifre' located by 'By.xpath: //*[@id = 'Password']' in '30' second(s)

2021-10-14 17:27:43 - [MESSAGE][INFO] - Smart Wait Function is triggered

2021-10-14 17:27:43 - [MESSAGE][INFO] - Found 1 web elements with id: 'Object Repository/Sayfalar/Giris_Sayfasi/Sifre' located by 'By.xpath: //*[@id = 'Password']' in '30' second(s)

2021-10-14 17:27:43 - [MESSAGE][PASSED] - Keys '123456' sent to object: 'Object Repository/Sayfalar/Giris_Sayfasi/Sifre'

2021-10-14 17:27:43 - [TEST_STEP][PASSED] - findWebElement(findTestObject("Sayfalar/Giris_Sayfasi/Giris_Butonu")).click(): Found 1 web elements with id: 'Object Repository/Sayfalar/Giris_Sayfasi/Giris_Butonu' located by 'By.cssSelector: #btnLogin' in '30' second(s)

2021-10-14 17:27:43 - [MESSAGE][INFO] - Finding Test Object 'Object Repository/Sayfalar/Giris_Sayfasi/Giris_Butonu'

2021-10-14 17:27:43 - [MESSAGE][INFO] - Finding web element from Test Object's properties

2021-10-14 17:27:43 - [MESSAGE][INFO] - Checking timeout

2021-10-14 17:27:43 - [MESSAGE][INFO] - Finding web element with id: 'Object Repository/Sayfalar/Giris_Sayfasi/Giris_Butonu' located by 'By.cssSelector: #btnLogin' in '30' second(s)

2021-10-14 17:27:43 - [MESSAGE][INFO] - Smart Wait Function is triggered

2021-10-14 17:27:43 - [MESSAGE][INFO] - Found 1 web elements with id: 'Object Repository/Sayfalar/Giris_Sayfasi/Giris_Butonu' located by 'By.cssSelector: #btnLogin' in '30' second(s)

2021-10-14 17:27:46 - [TEST_STEP][PASSED] - if (verifyElementPresent(findTestObject("Object Repository/Sayfalar/Giris_Sayfasi/RetveTamam_Butonu"), 5, OPTIONAL)): null

2021-10-14 17:27:46 - [MESSAGE][INFO] - Finding Test Object 'Object Repository/Sayfalar/Giris_Sayfasi/RetveTamam_Butonu'

2021-10-14 17:27:46 - [MESSAGE][INFO] - Checking object

2021-10-14 17:27:46 - [MESSAGE][INFO] - Finding web element from Test Object's properties

2021-10-14 17:27:46 - [MESSAGE][INFO] - Checking timeout

2021-10-14 17:27:46 - [MESSAGE][INFO] - Finding web element with id: 'Object Repository/Sayfalar/Giris_Sayfasi/RetveTamam_Butonu' located by 'By.xpath: //*[@class = 'btn btn-default']' in '5' second(s)

2021-10-14 17:27:46 - [MESSAGE][INFO] - Smart Wait Function is triggered

2021-10-14 17:27:46 - [MESSAGE][INFO] - Found 1 web elements with id: 'Object Repository/Sayfalar/Giris_Sayfasi/RetveTamam_Butonu' located by 'By.xpath: //*[@class = 'btn btn-default']' in '5' second(s)

2021-10-14 17:27:46 - [MESSAGE][PASSED] - Object 'Object Repository/Sayfalar/Giris_Sayfasi/RetveTamam_Butonu' is present

2021-10-14 17:27:46 - [TEST_STEP][PASSED] - click(findTestObject("Object Repository/Sayfalar/Giris_Sayfasi/RetveTamam_Butonu")): Object: 'Object Repository/Sayfalar/Giris_Sayfasi/RetveTamam_Butonu' is clicked on

2021-10-14 17:27:46 - [MESSAGE][INFO] - Finding Test Object 'Object Repository/Sayfalar/Giris_Sayfasi/RetveTamam_Butonu'

2021-10-14 17:27:46 - [MESSAGE][INFO] - Checking object

2021-10-14 17:27:46 - [MESSAGE][INFO] - Finding web element from Test Object's properties

2021-10-14 17:27:46 - [MESSAGE][INFO] - Checking timeout

2021-10-14 17:27:46 - [MESSAGE][INFO] - Finding web element with id: 'Object Repository/Sayfalar/Giris_Sayfasi/RetveTamam_Butonu' located by 'By.xpath: //*[@class = 'btn btn-default']' in '30' second(s)

2021-10-14 17:27:46 - [MESSAGE][INFO] - Smart Wait Function is triggered

2021-10-14 17:27:47 - [MESSAGE][INFO] - Found 1 web elements with id: 'Object Repository/Sayfalar/Giris_Sayfasi/RetveTamam_Butonu' located by 'By.xpath: //*[@class = 'btn btn-default']' in '30' second(s)

2021-10-14 17:27:47 - [MESSAGE][INFO] - Clicking on object: 'Object Repository/Sayfalar/Giris_Sayfasi/RetveTamam_Butonu'

2021-10-14 17:27:47 - [MESSAGE][PASSED] - Object: 'Object Repository/Sayfalar/Giris_Sayfasi/RetveTamam_Butonu' is clicked on

2021-10-14 17:27:47 - [TEST_STEP][PASSED] - click(findTestObject("Object Repository/Sayfalar/Giris_Sayfasi/RetveTamam_Butonu")): Object: 'Object Repository/Sayfalar/Giris_Sayfasi/RetveTamam_Butonu' is clicked on

2021-10-14 17:27:47 - [MESSAGE][INFO] - Finding Test Object 'Object Repository/Sayfalar/Giris_Sayfasi/RetveTamam_Butonu'

2021-10-14 17:27:47 - [MESSAGE][INFO] - Checking object

2021-10-14 17:27:47 - [MESSAGE][INFO] - Finding web element from Test Object's properties

2021-10-14 17:27:47 - [MESSAGE][INFO] - Checking timeout

2021-10-14 17:27:47 - [MESSAGE][INFO] - Finding web element with id: 'Object Repository/Sayfalar/Giris_Sayfasi/RetveTamam_Butonu' located by 'By.xpath: //*[@class = 'btn btn-default']' in '30' second(s)

2021-10-14 17:27:47 - [MESSAGE][INFO] - Smart Wait Function is triggered

2021-10-14 17:27:50 - [MESSAGE][INFO] - Found 1 web elements with id: 'Object Repository/Sayfalar/Giris_Sayfasi/RetveTamam_Butonu' located by 'By.xpath: //*[@class = 'btn btn-default']' in '30' second(s)

2021-10-14 17:27:50 - [MESSAGE][INFO] - Clicking on object: 'Object Repository/Sayfalar/Giris_Sayfasi/RetveTamam_Butonu'

2021-10-14 17:27:50 - [MESSAGE][PASSED] - Object: 'Object Repository/Sayfalar/Giris_Sayfasi/RetveTamam_Butonu' is clicked on

2021-10-14 17:27:50 - [TEST_STEP][PASSED] - if (verifyElementPresent(findTestObject("Sayfalar/Giris_Sayfasi/PopupOK"), 5, OPTIONAL)): null

2021-10-14 17:27:50 - [MESSAGE][INFO] - Finding Test Object 'Object Repository/Sayfalar/Giris_Sayfasi/PopupOK'

2021-10-14 17:27:50 - [MESSAGE][INFO] - Checking object

2021-10-14 17:27:50 - [MESSAGE][INFO] - Finding web element from Test Object's properties

2021-10-14 17:27:50 - [MESSAGE][INFO] - Checking timeout

2021-10-14 17:27:50 - [MESSAGE][INFO] - Finding web element with id: 'Object Repository/Sayfalar/Giris_Sayfasi/PopupOK' located by 'By.cssSelector: .btn.btn-success' in '5' second(s)

2021-10-14 17:27:50 - [MESSAGE][INFO] - Smart Wait Function is triggered

2021-10-14 17:27:51 - [MESSAGE][INFO] - Found 1 web elements with id: 'Object Repository/Sayfalar/Giris_Sayfasi/PopupOK' located by 'By.cssSelector: .btn.btn-success' in '5' second(s)

2021-10-14 17:27:51 - [MESSAGE][PASSED] - Object 'Object Repository/Sayfalar/Giris_Sayfasi/PopupOK' is present

2021-10-14 17:27:51 - [TEST_STEP][PASSED] - click(findTestObject("Object Repository/Sayfalar/Giris_Sayfasi/PopupCarpiGiris")): Object: 'Object Repository/Sayfalar/Giris_Sayfasi/PopupCarpiGiris' is clicked on

2021-10-14 17:27:51 - [MESSAGE][INFO] - Finding Test Object 'Object Repository/Sayfalar/Giris_Sayfasi/PopupCarpiGiris'

2021-10-14 17:27:51 - [MESSAGE][INFO] - Checking object

2021-10-14 17:27:51 - [MESSAGE][INFO] - Finding web element from Test Object's properties

2021-10-14 17:27:51 - [MESSAGE][INFO] - Checking timeout

2021-10-14 17:27:51 - [MESSAGE][INFO] - Finding web element with id: 'Object Repository/Sayfalar/Giris_Sayfasi/PopupCarpiGiris' located by 'By.cssSelector: .bootbox-close-button.close' in '30' second(s)

2021-10-14 17:27:51 - [MESSAGE][INFO] - Smart Wait Function is triggered

2021-10-14 17:27:51 - [MESSAGE][INFO] - Found 1 web elements with id: 'Object Repository/Sayfalar/Giris_Sayfasi/PopupCarpiGiris' located by 'By.cssSelector: .bootbox-close-button.close' in '30' second(s)

2021-10-14 17:27:51 - [MESSAGE][INFO] - Clicking on object: 'Object Repository/Sayfalar/Giris_Sayfasi/PopupCarpiGiris'

2021-10-14 17:27:51 - [MESSAGE][PASSED] - Object: 'Object Repository/Sayfalar/Giris_Sayfasi/PopupCarpiGiris' is clicked on

2021-10-14 17:27:51 - [TEST_STEP][PASSED] - verifyElementVisible(findTestObject("Object Repository/Kullanici_Islemleri/KullaniciIslemleri")): Object 'Object Repository/Kullanici_Islemleri/KullaniciIslemleri' is visible

2021-10-14 17:27:51 - [MESSAGE][INFO] - Finding Test Object 'Object Repository/Kullanici_Islemleri/KullaniciIslemleri'

2021-10-14 17:27:51 - [MESSAGE][INFO] - Checking object

2021-10-14 17:27:51 - [MESSAGE][INFO] - Finding web element from Test Object's properties

2021-10-14 17:27:51 - [MESSAGE][INFO] - Checking timeout

2021-10-14 17:27:51 - [MESSAGE][INFO] - Finding web element with id: 'Object Repository/Kullanici_Islemleri/KullaniciIslemleri' located by 'By.cssSelector: .dropdown>a>img' in '30' second(s)

2021-10-14 17:27:51 - [MESSAGE][INFO] - Smart Wait Function is triggered

2021-10-14 17:27:52 - [MESSAGE][INFO] - Found 1 web elements with id: 'Object Repository/Kullanici_Islemleri/KullaniciIslemleri' located by 'By.cssSelector: .dropdown>a>img' in '30' second(s)

2021-10-14 17:27:52 - [MESSAGE][PASSED] - Object 'Object Repository/Kullanici_Islemleri/KullaniciIslemleri' is visible

2021-10-14 17:27:52 - [MESSAGE][PASSED] - Call Test Case 'Test Cases/Sayfalar/Giris_Sayfasi/Login' successfully

2021-10-14 17:27:52 - [MESSAGE][INFO] - Checking called Test Case

2021-10-14 17:27:52 - [MESSAGE][INFO] - Starting to call Test Case 'Test Cases/Menu/AnaMenuSecimi'

2021-10-14 17:27:52 - [TEST_CASE][PASSED] - Test Cases/Menu/AnaMenuSecimi: Test Cases/Menu/AnaMenuSecimi

2021-10-14 17:27:52 - [TEST_STEP][PASSED] - Method.TextDegerineEsitElementeTikla(findTestObject("Menu/Ana_Menu"), Ana_Menu): Method.TextDegerineEsitElementeTikla is PASSED

2021-10-14 17:27:52 - [MESSAGE][INFO] - Finding Test Object 'Object Repository/Menu/Ana_Menu'

2021-10-14 17:27:52 - [MESSAGE][INFO] - Checking timeout

2021-10-14 17:27:52 - [MESSAGE][INFO] - Finding web element with id: 'Object Repository/Menu/Ana_Menu' located by 'By.xpath: //*[@class = 'dropdown-toggle']' in '10' second(s)

2021-10-14 17:27:52 - [MESSAGE][INFO] - Smart Wait Function is triggered

2021-10-14 17:27:52 - [MESSAGE][INFO] - Found 14 web elements with id: 'Object Repository/Menu/Ana_Menu' located by 'By.xpath: //*[@class = 'dropdown-toggle']' in '10' second(s)

2021-10-14 17:27:53 - [MESSAGE][PASSED] - Method.TextDegerineEsitElementeTikla is PASSED

2021-10-14 17:27:53 - [MESSAGE][PASSED] - Call Test Case 'Test Cases/Menu/AnaMenuSecimi' successfully

2021-10-14 17:27:53 - [MESSAGE][INFO] - Checking called Test Case

2021-10-14 17:27:53 - [MESSAGE][INFO] - Starting to call Test Case 'Test Cases/Menu/BasligaGoreAltMenuSecimi'

2021-10-14 17:27:53 - [TEST_CASE][PASSED] - Test Cases/Menu/BasligaGoreAltMenuSecimi: Test Cases/Menu/BasligaGoreAltMenuSecimi

2021-10-14 17:27:53 - [TEST_STEP][PASSED] - Method.TextDegerineEsitElementinAltindakiTextDegerineEsitOlanaTikla(findTestObject("Menu/Menu_Basligi"), findTestObject("Menu/Basliga_Gore_Alt_Menu"), Baslik, Alt_Menu): Method.TextDegerineEsitElementinAltindakiTextDegerineEsitOlanaTikla is PASSED

2021-10-14 17:27:53 - [MESSAGE][INFO] - Finding Test Object 'Object Repository/Menu/Menu_Basligi'

2021-10-14 17:27:53 - [MESSAGE][INFO] - Finding Test Object 'Object Repository/Menu/Basliga_Gore_Alt_Menu'

2021-10-14 17:27:53 - [MESSAGE][INFO] - Checking timeout

2021-10-14 17:27:53 - [MESSAGE][INFO] - Finding web element with id: 'Object Repository/Menu/Menu_Basligi' located by 'By.xpath: //li[@class='dropdown dropdown-large open']//li[@class='dropdown-header']' in '10' second(s)

2021-10-14 17:27:53 - [MESSAGE][INFO] - Smart Wait Function is triggered

2021-10-14 17:27:53 - [MESSAGE][INFO] - Found 2 web elements with id: 'Object Repository/Menu/Menu_Basligi' located by 'By.xpath: //li[@class='dropdown dropdown-large open']//li[@class='dropdown-header']' in '10' second(s)

2021-10-14 17:27:53 - [MESSAGE][INFO] - Smart Wait Function is triggered

2021-10-14 17:27:57 - [MESSAGE][PASSED] - Method.TextDegerineEsitElementinAltindakiTextDegerineEsitOlanaTikla is PASSED

2021-10-14 17:27:57 - [MESSAGE][PASSED] - Call Test Case 'Test Cases/Menu/BasligaGoreAltMenuSecimi' successfully

2021-10-14 17:27:57 - [MESSAGE][INFO] - Checking called Test Case

2021-10-14 17:27:57 - [MESSAGE][INFO] - Starting to call Test Case 'Test Cases/Filtreler/DropdownSec'

2021-10-14 17:27:57 - [TEST_CASE][PASSED] - Test Cases/Filtreler/DropdownSec: Test Cases/Filtreler/DropdownSec

2021-10-14 17:27:58 - [TEST_STEP][PASSED] - Method.TextDegerineEsitElementinAltindakineTikla(findTestObject("Filtreler/Basliklar"), findTestObject("Filtreler/Basliga_Gore_Baslangic_Image"), Filtre_Adi): Method.TextDegerineEsitElementinAltindakineTikla is PASSED

2021-10-14 17:27:58 - [MESSAGE][INFO] - Finding Test Object 'Object Repository/Filtreler/Basliklar'

2021-10-14 17:27:58 - [MESSAGE][INFO] - Finding Test Object 'Object Repository/Filtreler/Basliga_Gore_Baslangic_Image'

2021-10-14 17:27:58 - [MESSAGE][INFO] - Checking timeout

2021-10-14 17:27:58 - [MESSAGE][INFO] - Finding web element with id: 'Object Repository/Filtreler/Basliklar' located by 'By.cssSelector: .control-label.col-sm-4.paddingMarginRLC' in '10' second(s)

2021-10-14 17:27:58 - [MESSAGE][INFO] - Smart Wait Function is triggered

2021-10-14 17:27:58 - [MESSAGE][INFO] - Found 8 web elements with id: 'Object Repository/Filtreler/Basliklar' located by 'By.cssSelector: .control-label.col-sm-4.paddingMarginRLC' in '10' second(s)

2021-10-14 17:27:58 - [MESSAGE][INFO] - Smart Wait Function is triggered

2021-10-14 17:27:59 - [MESSAGE][PASSED] - Method.TextDegerineEsitElementinAltindakineTikla is PASSED

2021-10-14 17:27:59 - [TEST_STEP][PASSED] - Method.TextDegerineEsitElementeTikla(findTestObject("Object Repository/Filtreler/Basliga_Gore_Dropdown"), Filtre_Degeri): Method.TextDegerineEsitElementeTikla is PASSED

2021-10-14 17:27:59 - [MESSAGE][INFO] - Finding Test Object 'Object Repository/Filtreler/Basliga_Gore_Dropdown'

2021-10-14 17:27:59 - [MESSAGE][INFO] - Checking timeout

2021-10-14 17:27:59 - [MESSAGE][INFO] - Finding web element with id: 'Object Repository/Filtreler/Basliga_Gore_Dropdown' located by 'By.xpath: //*[@class = 'dxeListBoxItemRow_LECustomTheme']' in '10' second(s)

2021-10-14 17:27:59 - [MESSAGE][INFO] - Smart Wait Function is triggered

2021-10-14 17:27:59 - [MESSAGE][INFO] - Found 108 web elements with id: 'Object Repository/Filtreler/Basliga_Gore_Dropdown' located by 'By.xpath: //*[@class = 'dxeListBoxItemRow_LECustomTheme']' in '10' second(s)

2021-10-14 17:27:59 - [MESSAGE][PASSED] - Method.TextDegerineEsitElementeTikla is PASSED

2021-10-14 17:27:59 - [MESSAGE][PASSED] - Call Test Case 'Test Cases/Filtreler/DropdownSec' successfully

2021-10-14 17:27:59 - [MESSAGE][INFO] - Checking called Test Case

2021-10-14 17:27:59 - [MESSAGE][INFO] - Starting to call Test Case 'Test Cases/Filtreler/ButonaTikla'

2021-10-14 17:27:59 - [TEST_CASE][PASSED] - Test Cases/Filtreler/ButonaTikla: Test Cases/Filtreler/ButonaTikla

2021-10-14 17:27:59 - [TEST_STEP][PASSED] - Method.TextDegerineEsitElementeTikla(findTestObject("Filtreler/Butonlar"), Filtre_Buton): Method.TextDegerineEsitElementeTikla is PASSED

2021-10-14 17:27:59 - [MESSAGE][INFO] - Finding Test Object 'Object Repository/Filtreler/Butonlar'

2021-10-14 17:28:00 - [MESSAGE][INFO] - Checking timeout

2021-10-14 17:28:00 - [MESSAGE][INFO] - Finding web element with id: 'Object Repository/Filtreler/Butonlar' located by 'By.cssSelector: .dxb>span' in '10' second(s)

2021-10-14 17:28:00 - [MESSAGE][INFO] - Smart Wait Function is triggered

2021-10-14 17:28:00 - [MESSAGE][INFO] - Found 3 web elements with id: 'Object Repository/Filtreler/Butonlar' located by 'By.cssSelector: .dxb>span' in '10' second(s)

2021-10-14 17:28:00 - [MESSAGE][PASSED] - Method.TextDegerineEsitElementeTikla is PASSED

2021-10-14 17:28:00 - [MESSAGE][PASSED] - Call Test Case 'Test Cases/Filtreler/ButonaTikla' successfully

2021-10-14 17:28:00 - [MESSAGE][INFO] - Checking called Test Case

2021-10-14 17:28:00 - [MESSAGE][INFO] - Starting to call Test Case 'Test Cases/Tablo/TablodaVeriVarMi'

2021-10-14 17:28:00 - [TEST_CASE][PASSED] - Test Cases/Tablo/TablodaVeriVarMi: Test Cases/Tablo/TablodaVeriVarMi

2021-10-14 17:28:00 - [TEST_STEP][PASSED] - verifyTextNotPresent("Görüntülenecek veri yok", true): Text 'Görüntülenecek veri yok' is not present on page using regular expression

2021-10-14 17:28:00 - [MESSAGE][INFO] - Checking text present  using regular expression

2021-10-14 17:28:00 - [MESSAGE][INFO] - Smart Wait Function is triggered

2021-10-14 17:28:01 - [MESSAGE][INFO] - Finding text 'Görüntülenecek veri yok' on page  using regular expression

2021-10-14 17:28:01 - [MESSAGE][PASSED] - Text 'Görüntülenecek veri yok' is not present on page using regular expression

2021-10-14 17:28:01 - [MESSAGE][PASSED] - Call Test Case 'Test Cases/Tablo/TablodaVeriVarMi' successfully

2021-10-14 17:28:01 - [MESSAGE][INFO] - Checking called Test Case

2021-10-14 17:28:01 - [MESSAGE][INFO] - Starting to call Test Case 'Test Cases/Tablo/TablodanVeriSec'

2021-10-14 17:28:01 - [TEST_CASE][PASSED] - Test Cases/Tablo/TablodanVeriSec: Test Cases/Tablo/TablodanVeriSec

2021-10-14 17:28:01 - [TEST_STEP][PASSED] - Method.TextDegerineEsitElementinAltindakineTikla(findTestObject("Tablo/Veriler"), findTestObject("Tablo/VerininCheckBoxi"), Veri_Adi): Method.TextDegerineEsitElementinAltindakineTikla is PASSED

2021-10-14 17:28:01 - [MESSAGE][INFO] - Finding Test Object 'Object Repository/Tablo/Veriler'

2021-10-14 17:28:01 - [MESSAGE][INFO] - Finding Test Object 'Object Repository/Tablo/VerininCheckBoxi'

2021-10-14 17:28:01 - [MESSAGE][INFO] - Checking timeout

2021-10-14 17:28:01 - [MESSAGE][INFO] - Finding web element with id: 'Object Repository/Tablo/Veriler' located by 'By.cssSelector: td.dxgv b ,td.dxgv' in '10' second(s)

2021-10-14 17:28:01 - [MESSAGE][INFO] - Smart Wait Function is triggered

2021-10-14 17:28:02 - [MESSAGE][INFO] - Found 140 web elements with id: 'Object Repository/Tablo/Veriler' located by 'By.cssSelector: td.dxgv b ,td.dxgv' in '10' second(s)

2021-10-14 17:28:02 - [MESSAGE][INFO] - Smart Wait Function is triggered

2021-10-14 17:28:02 - [MESSAGE][PASSED] - Method.TextDegerineEsitElementinAltindakineTikla is PASSED

2021-10-14 17:28:02 - [MESSAGE][PASSED] - Call Test Case 'Test Cases/Tablo/TablodanVeriSec' successfully

2021-10-14 17:28:02 - [MESSAGE][INFO] - Checking called Test Case

2021-10-14 17:28:02 - [MESSAGE][INFO] - Starting to call Test Case 'Test Cases/Butonlar/ButonaTikla'

2021-10-14 17:28:02 - [TEST_CASE][PASSED] - Test Cases/Butonlar/ButonaTikla: Test Cases/Butonlar/ButonaTikla

2021-10-14 17:28:02 - [TEST_STEP][PASSED] - Method.TextDegerineEsitElementeTiklaEquals(findTestObject("Butonlar/Butonlar"), Buton_Adi): Method.TextDegerineEsitElementeTiklaEquals is PASSED

2021-10-14 17:28:02 - [MESSAGE][INFO] - Finding Test Object 'Object Repository/Butonlar/Butonlar'

2021-10-14 17:28:02 - [MESSAGE][INFO] - Checking timeout

2021-10-14 17:28:02 - [MESSAGE][INFO] - Finding web element with id: 'Object Repository/Butonlar/Butonlar' located by 'By.cssSelector: .panel.panel-default.text-center.footerPanel .btn,.btn.btn-primary.btnControls' in '10' second(s)

2021-10-14 17:28:02 - [MESSAGE][INFO] - Smart Wait Function is triggered

2021-10-14 17:28:03 - [MESSAGE][INFO] - Found 9 web elements with id: 'Object Repository/Butonlar/Butonlar' located by 'By.cssSelector: .panel.panel-default.text-center.footerPanel .btn,.btn.btn-primary.btnControls' in '10' second(s)

2021-10-14 17:28:03 - [MESSAGE][PASSED] - Method.TextDegerineEsitElementeTiklaEquals is PASSED

2021-10-14 17:28:03 - [MESSAGE][PASSED] - Call Test Case 'Test Cases/Butonlar/ButonaTikla' successfully

2021-10-14 17:28:03 - [MESSAGE][INFO] - Checking called Test Case

2021-10-14 17:28:03 - [MESSAGE][INFO] - Starting to call Test Case 'Test Cases/Butonlar/AltButonaTikla'

2021-10-14 17:28:03 - [TEST_CASE][PASSED] - Test Cases/Butonlar/AltButonaTikla: Test Cases/Butonlar/AltButonaTikla

2021-10-14 17:28:03 - [TEST_STEP][PASSED] - Method.TextDegerineEsitElementeTikla(findTestObject("Butonlar/AltButonlar"), Alt_Buton): Method.TextDegerineEsitElementeTikla is PASSED

2021-10-14 17:28:03 - [MESSAGE][INFO] - Finding Test Object 'Object Repository/Butonlar/AltButonlar'

2021-10-14 17:28:03 - [MESSAGE][INFO] - Checking timeout

2021-10-14 17:28:03 - [MESSAGE][INFO] - Finding web element with id: 'Object Repository/Butonlar/AltButonlar' located by 'By.cssSelector: .btn-group.open li>a' in '10' second(s)

2021-10-14 17:28:03 - [MESSAGE][INFO] - Smart Wait Function is triggered

2021-10-14 17:28:03 - [MESSAGE][INFO] - Found 2 web elements with id: 'Object Repository/Butonlar/AltButonlar' located by 'By.cssSelector: .btn-group.open li>a' in '10' second(s)

2021-10-14 17:28:03 - [MESSAGE][PASSED] - Method.TextDegerineEsitElementeTikla is PASSED

2021-10-14 17:28:03 - [MESSAGE][PASSED] - Call Test Case 'Test Cases/Butonlar/AltButonaTikla' successfully

2021-10-14 17:28:03 - [MESSAGE][INFO] - Checking called Test Case

2021-10-14 17:28:03 - [MESSAGE][INFO] - Starting to call Test Case 'Test Cases/Popup/PopupMesajiIceriyorMu'

2021-10-14 17:28:03 - [TEST_CASE][PASSED] - Test Cases/Popup/PopupMesajiIceriyorMu: Test Cases/Popup/PopupMesajiIceriyorMu

2021-10-14 17:28:03 - [TEST_STEP][PASSED] - waitForElementVisible(findTestObject("Popup/Popup"), 10): Object 'Object Repository/Popup/Popup' is visible

2021-10-14 17:28:03 - [MESSAGE][INFO] - Finding Test Object 'Object Repository/Popup/Popup'

2021-10-14 17:28:04 - [MESSAGE][INFO] - Checking object

2021-10-14 17:28:04 - [MESSAGE][INFO] - Checking timeout

2021-10-14 17:28:04 - [MESSAGE][INFO] - Finding web element from Test Object's properties

2021-10-14 17:28:04 - [MESSAGE][INFO] - Checking timeout

2021-10-14 17:28:04 - [MESSAGE][INFO] - Finding web element with id: 'Object Repository/Popup/Popup' located by 'By.cssSelector: .bootbox-body' in '10' second(s)

2021-10-14 17:28:04 - [MESSAGE][INFO] - Smart Wait Function is triggered

2021-10-14 17:28:04 - [MESSAGE][INFO] - Found 1 web elements with id: 'Object Repository/Popup/Popup' located by 'By.cssSelector: .bootbox-body' in '10' second(s)

2021-10-14 17:28:04 - [MESSAGE][PASSED] - Object 'Object Repository/Popup/Popup' is visible

2021-10-14 17:28:04 - [TEST_STEP][PASSED] - if (!(getText(findTestObject("Popup/Popup")).contains(Mesaj))): Text of object 'Object Repository/Popup/Popup' is: 'Lütfen rapor bildiriminin gönderileceği e-posta adresini belirtiniz.
e-Posta Adresi'

2021-10-14 17:28:04 - [MESSAGE][INFO] - Finding Test Object 'Object Repository/Popup/Popup'

2021-10-14 17:28:05 - [MESSAGE][INFO] - Checking object

2021-10-14 17:28:05 - [MESSAGE][INFO] - Finding web element from Test Object's properties

2021-10-14 17:28:05 - [MESSAGE][INFO] - Checking timeout

2021-10-14 17:28:05 - [MESSAGE][INFO] - Finding web element with id: 'Object Repository/Popup/Popup' located by 'By.cssSelector: .bootbox-body' in '30' second(s)

2021-10-14 17:28:05 - [MESSAGE][INFO] - Smart Wait Function is triggered

2021-10-14 17:28:05 - [MESSAGE][INFO] - Found 1 web elements with id: 'Object Repository/Popup/Popup' located by 'By.cssSelector: .bootbox-body' in '30' second(s)

2021-10-14 17:28:05 - [MESSAGE][INFO] - Getting text of object 'Object Repository/Popup/Popup'

2021-10-14 17:28:05 - [MESSAGE][PASSED] - Text of object 'Object Repository/Popup/Popup' is: 'Lütfen rapor bildiriminin gönderileceği e-posta adresini belirtiniz.
e-Posta Adresi'

2021-10-14 17:28:05 - [TEST_STEP][PASSED] - RaporNo = getText(findTestObject("Popup/Popup")).substring(0, 6): Text of object 'Object Repository/Popup/Popup' is: 'Lütfen rapor bildiriminin gönderileceği e-posta adresini belirtiniz.
e-Posta Adresi'

2021-10-14 17:28:05 - [MESSAGE][INFO] - Finding Test Object 'Object Repository/Popup/Popup'

2021-10-14 17:28:05 - [MESSAGE][INFO] - Checking object

2021-10-14 17:28:05 - [MESSAGE][INFO] - Finding web element from Test Object's properties

2021-10-14 17:28:05 - [MESSAGE][INFO] - Checking timeout

2021-10-14 17:28:05 - [MESSAGE][INFO] - Finding web element with id: 'Object Repository/Popup/Popup' located by 'By.cssSelector: .bootbox-body' in '30' second(s)

2021-10-14 17:28:05 - [MESSAGE][INFO] - Smart Wait Function is triggered

2021-10-14 17:28:05 - [MESSAGE][INFO] - Found 1 web elements with id: 'Object Repository/Popup/Popup' located by 'By.cssSelector: .bootbox-body' in '30' second(s)

2021-10-14 17:28:05 - [MESSAGE][INFO] - Getting text of object 'Object Repository/Popup/Popup'

2021-10-14 17:28:05 - [MESSAGE][PASSED] - Text of object 'Object Repository/Popup/Popup' is: 'Lütfen rapor bildiriminin gönderileceği e-posta adresini belirtiniz.
e-Posta Adresi'

2021-10-14 17:28:05 - [TEST_STEP][PASSED] - Console.println(RaporNo): null

2021-10-14 17:28:05 - [MESSAGE][PASSED] - Call Test Case 'Test Cases/Popup/PopupMesajiIceriyorMu' successfully

2021-10-14 17:28:05 - [MESSAGE][INFO] - Checking called Test Case

2021-10-14 17:28:05 - [MESSAGE][INFO] - Starting to call Test Case 'Test Cases/Popup/PopupButonSecilir'

2021-10-14 17:28:05 - [TEST_CASE][PASSED] - Test Cases/Popup/PopupButonSecilir: Test Cases/Popup/PopupButonSecilir

2021-10-14 17:28:05 - [TEST_STEP][PASSED] - Method.TextDegerineEsitElementeTikla(findTestObject("Popup/Popup_Butons"), Buton): Method.TextDegerineEsitElementeTikla is PASSED

2021-10-14 17:28:05 - [MESSAGE][INFO] - Finding Test Object 'Object Repository/Popup/Popup_Butons'

2021-10-14 17:28:05 - [MESSAGE][INFO] - Checking timeout

2021-10-14 17:28:05 - [MESSAGE][INFO] - Finding web element with id: 'Object Repository/Popup/Popup_Butons' located by 'By.cssSelector: .modal-footer>button' in '10' second(s)

2021-10-14 17:28:05 - [MESSAGE][INFO] - Smart Wait Function is triggered

2021-10-14 17:28:06 - [MESSAGE][INFO] - Found 4 web elements with id: 'Object Repository/Popup/Popup_Butons' located by 'By.cssSelector: .modal-footer>button' in '10' second(s)

2021-10-14 17:28:06 - [MESSAGE][PASSED] - Method.TextDegerineEsitElementeTikla is PASSED

2021-10-14 17:28:06 - [MESSAGE][PASSED] - Call Test Case 'Test Cases/Popup/PopupButonSecilir' successfully

2021-10-14 17:28:06 - [MESSAGE][INFO] - Checking called Test Case

2021-10-14 17:28:06 - [MESSAGE][INFO] - Starting to call Test Case 'Test Cases/Popup/PopupMesajiIceriyorMu'

2021-10-14 17:28:06 - [TEST_CASE][PASSED] - Test Cases/Popup/PopupMesajiIceriyorMu: Test Cases/Popup/PopupMesajiIceriyorMu

2021-10-14 17:28:06 - [TEST_STEP][PASSED] - waitForElementVisible(findTestObject("Popup/Popup"), 10): Object 'Object Repository/Popup/Popup' is visible

2021-10-14 17:28:06 - [MESSAGE][INFO] - Finding Test Object 'Object Repository/Popup/Popup'

2021-10-14 17:28:06 - [MESSAGE][INFO] - Checking object

2021-10-14 17:28:06 - [MESSAGE][INFO] - Checking timeout

2021-10-14 17:28:06 - [MESSAGE][INFO] - Finding web element from Test Object's properties

2021-10-14 17:28:06 - [MESSAGE][INFO] - Checking timeout

2021-10-14 17:28:06 - [MESSAGE][INFO] - Finding web element with id: 'Object Repository/Popup/Popup' located by 'By.cssSelector: .bootbox-body' in '10' second(s)

2021-10-14 17:28:06 - [MESSAGE][INFO] - Smart Wait Function is triggered

2021-10-14 17:28:07 - [MESSAGE][INFO] - Found 1 web elements with id: 'Object Repository/Popup/Popup' located by 'By.cssSelector: .bootbox-body' in '10' second(s)

2021-10-14 17:28:07 - [MESSAGE][PASSED] - Object 'Object Repository/Popup/Popup' is visible

2021-10-14 17:28:07 - [TEST_STEP][PASSED] - if (!(getText(findTestObject("Popup/Popup")).contains(Mesaj))): Text of object 'Object Repository/Popup/Popup' is: '14597 no’lu talebiniz işleme alınmıştır. Raporunuz hazırlandığında (elogotest@gmail.com) adresinize mail gönderilecektir.
Rapor durumunuzu Raporlar > Toplu Veri İndirme ekranından takip edebilir, hazırlandı durumundaki raporlarınızı ilgili menüden indirebilirsiniz.'

2021-10-14 17:28:07 - [MESSAGE][INFO] - Finding Test Object 'Object Repository/Popup/Popup'

2021-10-14 17:28:07 - [MESSAGE][INFO] - Checking object

2021-10-14 17:28:07 - [MESSAGE][INFO] - Finding web element from Test Object's properties

2021-10-14 17:28:07 - [MESSAGE][INFO] - Checking timeout

2021-10-14 17:28:07 - [MESSAGE][INFO] - Finding web element with id: 'Object Repository/Popup/Popup' located by 'By.cssSelector: .bootbox-body' in '30' second(s)

2021-10-14 17:28:07 - [MESSAGE][INFO] - Smart Wait Function is triggered

2021-10-14 17:28:07 - [MESSAGE][INFO] - Found 1 web elements with id: 'Object Repository/Popup/Popup' located by 'By.cssSelector: .bootbox-body' in '30' second(s)

2021-10-14 17:28:07 - [MESSAGE][INFO] - Getting text of object 'Object Repository/Popup/Popup'

2021-10-14 17:28:07 - [MESSAGE][PASSED] - Text of object 'Object Repository/Popup/Popup' is: '14597 no’lu talebiniz işleme alınmıştır. Raporunuz hazırlandığında (elogotest@gmail.com) adresinize mail gönderilecektir.
Rapor durumunuzu Raporlar > Toplu Veri İndirme ekranından takip edebilir, hazırlandı durumundaki raporlarınızı ilgili menüden indirebilirsiniz.'

2021-10-14 17:28:07 - [TEST_STEP][PASSED] - RaporNo = getText(findTestObject("Popup/Popup")).substring(0, 6): Text of object 'Object Repository/Popup/Popup' is: '14597 no’lu talebiniz işleme alınmıştır. Raporunuz hazırlandığında (elogotest@gmail.com) adresinize mail gönderilecektir.
Rapor durumunuzu Raporlar > Toplu Veri İndirme ekranından takip edebilir, hazırlandı durumundaki raporlarınızı ilgili menüden indirebilirsiniz.'

2021-10-14 17:28:07 - [MESSAGE][INFO] - Finding Test Object 'Object Repository/Popup/Popup'

2021-10-14 17:28:07 - [MESSAGE][INFO] - Checking object

2021-10-14 17:28:07 - [MESSAGE][INFO] - Finding web element from Test Object's properties

2021-10-14 17:28:07 - [MESSAGE][INFO] - Checking timeout

2021-10-14 17:28:07 - [MESSAGE][INFO] - Finding web element with id: 'Object Repository/Popup/Popup' located by 'By.cssSelector: .bootbox-body' in '30' second(s)

2021-10-14 17:28:07 - [MESSAGE][INFO] - Smart Wait Function is triggered

2021-10-14 17:28:08 - [MESSAGE][INFO] - Found 1 web elements with id: 'Object Repository/Popup/Popup' located by 'By.cssSelector: .bootbox-body' in '30' second(s)

2021-10-14 17:28:08 - [MESSAGE][INFO] - Getting text of object 'Object Repository/Popup/Popup'

2021-10-14 17:28:08 - [MESSAGE][PASSED] - Text of object 'Object Repository/Popup/Popup' is: '14597 no’lu talebiniz işleme alınmıştır. Raporunuz hazırlandığında (elogotest@gmail.com) adresinize mail gönderilecektir.
Rapor durumunuzu Raporlar > Toplu Veri İndirme ekranından takip edebilir, hazırlandı durumundaki raporlarınızı ilgili menüden indirebilirsiniz.'

2021-10-14 17:28:08 - [TEST_STEP][PASSED] - Console.println(RaporNo): null

2021-10-14 17:28:08 - [MESSAGE][PASSED] - Call Test Case 'Test Cases/Popup/PopupMesajiIceriyorMu' successfully

2021-10-14 17:28:08 - [MESSAGE][INFO] - Checking called Test Case

2021-10-14 17:28:08 - [MESSAGE][INFO] - Starting to call Test Case 'Test Cases/Popup/PopupButonSecilir'

2021-10-14 17:28:08 - [TEST_CASE][PASSED] - Test Cases/Popup/PopupButonSecilir: Test Cases/Popup/PopupButonSecilir

2021-10-14 17:28:08 - [TEST_STEP][PASSED] - Method.TextDegerineEsitElementeTikla(findTestObject("Popup/Popup_Butons"), Buton): Method.TextDegerineEsitElementeTikla is PASSED

2021-10-14 17:28:08 - [MESSAGE][INFO] - Finding Test Object 'Object Repository/Popup/Popup_Butons'

2021-10-14 17:28:08 - [MESSAGE][INFO] - Checking timeout

2021-10-14 17:28:08 - [MESSAGE][INFO] - Finding web element with id: 'Object Repository/Popup/Popup_Butons' located by 'By.cssSelector: .modal-footer>button' in '10' second(s)

2021-10-14 17:28:08 - [MESSAGE][INFO] - Smart Wait Function is triggered

2021-10-14 17:28:08 - [MESSAGE][INFO] - Found 3 web elements with id: 'Object Repository/Popup/Popup_Butons' located by 'By.cssSelector: .modal-footer>button' in '10' second(s)

2021-10-14 17:28:08 - [MESSAGE][PASSED] - Method.TextDegerineEsitElementeTikla is PASSED

2021-10-14 17:28:08 - [MESSAGE][PASSED] - Call Test Case 'Test Cases/Popup/PopupButonSecilir' successfully

2021-10-14 17:28:08 - [MESSAGE][INFO] - Checking called Test Case

2021-10-14 17:28:08 - [MESSAGE][INFO] - Starting to call Test Case 'Test Cases/Butonlar/ButonaTikla'

2021-10-14 17:28:08 - [TEST_CASE][PASSED] - Test Cases/Butonlar/ButonaTikla: Test Cases/Butonlar/ButonaTikla

2021-10-14 17:28:08 - [TEST_STEP][PASSED] - Method.TextDegerineEsitElementeTiklaEquals(findTestObject("Butonlar/Butonlar"), Buton_Adi): Method.TextDegerineEsitElementeTiklaEquals is PASSED

2021-10-14 17:28:08 - [MESSAGE][INFO] - Finding Test Object 'Object Repository/Butonlar/Butonlar'

2021-10-14 17:28:09 - [MESSAGE][INFO] - Checking timeout

2021-10-14 17:28:09 - [MESSAGE][INFO] - Finding web element with id: 'Object Repository/Butonlar/Butonlar' located by 'By.cssSelector: .panel.panel-default.text-center.footerPanel .btn,.btn.btn-primary.btnControls' in '10' second(s)

2021-10-14 17:28:09 - [MESSAGE][INFO] - Smart Wait Function is triggered

2021-10-14 17:28:09 - [MESSAGE][INFO] - Found 9 web elements with id: 'Object Repository/Butonlar/Butonlar' located by 'By.cssSelector: .panel.panel-default.text-center.footerPanel .btn,.btn.btn-primary.btnControls' in '10' second(s)

2021-10-14 17:28:09 - [MESSAGE][PASSED] - Method.TextDegerineEsitElementeTiklaEquals is PASSED

2021-10-14 17:28:09 - [MESSAGE][PASSED] - Call Test Case 'Test Cases/Butonlar/ButonaTikla' successfully

2021-10-14 17:28:09 - [MESSAGE][INFO] - Checking called Test Case

2021-10-14 17:28:09 - [MESSAGE][INFO] - Starting to call Test Case 'Test Cases/Butonlar/AltButonaTikla'

2021-10-14 17:28:09 - [TEST_CASE][PASSED] - Test Cases/Butonlar/AltButonaTikla: Test Cases/Butonlar/AltButonaTikla

2021-10-14 17:28:09 - [TEST_STEP][PASSED] - Method.TextDegerineEsitElementeTikla(findTestObject("Butonlar/AltButonlar"), Alt_Buton): Method.TextDegerineEsitElementeTikla is PASSED

2021-10-14 17:28:09 - [MESSAGE][INFO] - Finding Test Object 'Object Repository/Butonlar/AltButonlar'

2021-10-14 17:28:09 - [MESSAGE][INFO] - Checking timeout

2021-10-14 17:28:09 - [MESSAGE][INFO] - Finding web element with id: 'Object Repository/Butonlar/AltButonlar' located by 'By.cssSelector: .btn-group.open li>a' in '10' second(s)

2021-10-14 17:28:09 - [MESSAGE][INFO] - Smart Wait Function is triggered

2021-10-14 17:28:10 - [MESSAGE][INFO] - Found 2 web elements with id: 'Object Repository/Butonlar/AltButonlar' located by 'By.cssSelector: .btn-group.open li>a' in '10' second(s)

2021-10-14 17:28:10 - [MESSAGE][PASSED] - Method.TextDegerineEsitElementeTikla is PASSED

2021-10-14 17:28:10 - [MESSAGE][PASSED] - Call Test Case 'Test Cases/Butonlar/AltButonaTikla' successfully

2021-10-14 17:28:10 - [MESSAGE][INFO] - Checking called Test Case

2021-10-14 17:28:10 - [MESSAGE][INFO] - Starting to call Test Case 'Test Cases/Popup/PopupMesajiIceriyorMu'

2021-10-14 17:28:10 - [TEST_CASE][PASSED] - Test Cases/Popup/PopupMesajiIceriyorMu: Test Cases/Popup/PopupMesajiIceriyorMu

2021-10-14 17:28:10 - [TEST_STEP][PASSED] - waitForElementVisible(findTestObject("Popup/Popup"), 10): Object 'Object Repository/Popup/Popup' is visible

2021-10-14 17:28:10 - [MESSAGE][INFO] - Finding Test Object 'Object Repository/Popup/Popup'

2021-10-14 17:28:10 - [MESSAGE][INFO] - Checking object

2021-10-14 17:28:10 - [MESSAGE][INFO] - Checking timeout

2021-10-14 17:28:10 - [MESSAGE][INFO] - Finding web element from Test Object's properties

2021-10-14 17:28:10 - [MESSAGE][INFO] - Checking timeout

2021-10-14 17:28:10 - [MESSAGE][INFO] - Finding web element with id: 'Object Repository/Popup/Popup' located by 'By.cssSelector: .bootbox-body' in '10' second(s)

2021-10-14 17:28:10 - [MESSAGE][INFO] - Smart Wait Function is triggered

2021-10-14 17:28:10 - [MESSAGE][INFO] - Found 1 web elements with id: 'Object Repository/Popup/Popup' located by 'By.cssSelector: .bootbox-body' in '10' second(s)

2021-10-14 17:28:10 - [MESSAGE][PASSED] - Object 'Object Repository/Popup/Popup' is visible

2021-10-14 17:28:10 - [TEST_STEP][PASSED] - if (!(getText(findTestObject("Popup/Popup")).contains(Mesaj))): Text of object 'Object Repository/Popup/Popup' is: 'Lütfen rapor bildiriminin gönderileceği e-posta adresini belirtiniz.
e-Posta Adresi'

2021-10-14 17:28:10 - [MESSAGE][INFO] - Finding Test Object 'Object Repository/Popup/Popup'

2021-10-14 17:28:11 - [MESSAGE][INFO] - Checking object

2021-10-14 17:28:11 - [MESSAGE][INFO] - Finding web element from Test Object's properties

2021-10-14 17:28:11 - [MESSAGE][INFO] - Checking timeout

2021-10-14 17:28:11 - [MESSAGE][INFO] - Finding web element with id: 'Object Repository/Popup/Popup' located by 'By.cssSelector: .bootbox-body' in '30' second(s)

2021-10-14 17:28:11 - [MESSAGE][INFO] - Smart Wait Function is triggered

2021-10-14 17:28:11 - [MESSAGE][INFO] - Found 1 web elements with id: 'Object Repository/Popup/Popup' located by 'By.cssSelector: .bootbox-body' in '30' second(s)

2021-10-14 17:28:11 - [MESSAGE][INFO] - Getting text of object 'Object Repository/Popup/Popup'

2021-10-14 17:28:11 - [MESSAGE][PASSED] - Text of object 'Object Repository/Popup/Popup' is: 'Lütfen rapor bildiriminin gönderileceği e-posta adresini belirtiniz.
e-Posta Adresi'

2021-10-14 17:28:11 - [TEST_STEP][PASSED] - RaporNo = getText(findTestObject("Popup/Popup")).substring(0, 6): Text of object 'Object Repository/Popup/Popup' is: 'Lütfen rapor bildiriminin gönderileceği e-posta adresini belirtiniz.
e-Posta Adresi'

2021-10-14 17:28:11 - [MESSAGE][INFO] - Finding Test Object 'Object Repository/Popup/Popup'

2021-10-14 17:28:11 - [MESSAGE][INFO] - Checking object

2021-10-14 17:28:11 - [MESSAGE][INFO] - Finding web element from Test Object's properties

2021-10-14 17:28:11 - [MESSAGE][INFO] - Checking timeout

2021-10-14 17:28:11 - [MESSAGE][INFO] - Finding web element with id: 'Object Repository/Popup/Popup' located by 'By.cssSelector: .bootbox-body' in '30' second(s)

2021-10-14 17:28:11 - [MESSAGE][INFO] - Smart Wait Function is triggered

2021-10-14 17:28:11 - [MESSAGE][INFO] - Found 1 web elements with id: 'Object Repository/Popup/Popup' located by 'By.cssSelector: .bootbox-body' in '30' second(s)

2021-10-14 17:28:11 - [MESSAGE][INFO] - Getting text of object 'Object Repository/Popup/Popup'

2021-10-14 17:28:11 - [MESSAGE][PASSED] - Text of object 'Object Repository/Popup/Popup' is: 'Lütfen rapor bildiriminin gönderileceği e-posta adresini belirtiniz.
e-Posta Adresi'

2021-10-14 17:28:11 - [TEST_STEP][PASSED] - Console.println(RaporNo): null

2021-10-14 17:28:11 - [MESSAGE][PASSED] - Call Test Case 'Test Cases/Popup/PopupMesajiIceriyorMu' successfully

2021-10-14 17:28:11 - [MESSAGE][INFO] - Checking called Test Case

2021-10-14 17:28:11 - [MESSAGE][INFO] - Starting to call Test Case 'Test Cases/Popup/PopupButonSecilir'

2021-10-14 17:28:11 - [TEST_CASE][PASSED] - Test Cases/Popup/PopupButonSecilir: Test Cases/Popup/PopupButonSecilir

2021-10-14 17:28:11 - [TEST_STEP][PASSED] - Method.TextDegerineEsitElementeTikla(findTestObject("Popup/Popup_Butons"), Buton): Method.TextDegerineEsitElementeTikla is PASSED

2021-10-14 17:28:11 - [MESSAGE][INFO] - Finding Test Object 'Object Repository/Popup/Popup_Butons'

2021-10-14 17:28:11 - [MESSAGE][INFO] - Checking timeout

2021-10-14 17:28:11 - [MESSAGE][INFO] - Finding web element with id: 'Object Repository/Popup/Popup_Butons' located by 'By.cssSelector: .modal-footer>button' in '10' second(s)

2021-10-14 17:28:11 - [MESSAGE][INFO] - Smart Wait Function is triggered

2021-10-14 17:28:12 - [MESSAGE][INFO] - Found 4 web elements with id: 'Object Repository/Popup/Popup_Butons' located by 'By.cssSelector: .modal-footer>button' in '10' second(s)

2021-10-14 17:28:12 - [MESSAGE][PASSED] - Method.TextDegerineEsitElementeTikla is PASSED

2021-10-14 17:28:12 - [MESSAGE][PASSED] - Call Test Case 'Test Cases/Popup/PopupButonSecilir' successfully

2021-10-14 17:28:12 - [MESSAGE][INFO] - Checking called Test Case

2021-10-14 17:28:12 - [MESSAGE][INFO] - Starting to call Test Case 'Test Cases/Popup/PopupMesajiIceriyorMu'

2021-10-14 17:28:12 - [TEST_CASE][PASSED] - Test Cases/Popup/PopupMesajiIceriyorMu: Test Cases/Popup/PopupMesajiIceriyorMu

2021-10-14 17:28:12 - [TEST_STEP][PASSED] - waitForElementVisible(findTestObject("Popup/Popup"), 10): Object 'Object Repository/Popup/Popup' is visible

2021-10-14 17:28:12 - [MESSAGE][INFO] - Finding Test Object 'Object Repository/Popup/Popup'

2021-10-14 17:28:12 - [MESSAGE][INFO] - Checking object

2021-10-14 17:28:12 - [MESSAGE][INFO] - Checking timeout

2021-10-14 17:28:12 - [MESSAGE][INFO] - Finding web element from Test Object's properties

2021-10-14 17:28:12 - [MESSAGE][INFO] - Checking timeout

2021-10-14 17:28:12 - [MESSAGE][INFO] - Finding web element with id: 'Object Repository/Popup/Popup' located by 'By.cssSelector: .bootbox-body' in '10' second(s)

2021-10-14 17:28:12 - [MESSAGE][INFO] - Smart Wait Function is triggered

2021-10-14 17:28:13 - [MESSAGE][INFO] - Found 1 web elements with id: 'Object Repository/Popup/Popup' located by 'By.cssSelector: .bootbox-body' in '10' second(s)

2021-10-14 17:28:13 - [MESSAGE][PASSED] - Object 'Object Repository/Popup/Popup' is visible

2021-10-14 17:28:13 - [TEST_STEP][PASSED] - if (!(getText(findTestObject("Popup/Popup")).contains(Mesaj))): Text of object 'Object Repository/Popup/Popup' is: '14598 no’lu talebiniz işleme alınmıştır. Raporunuz hazırlandığında (elogotest@gmail.com) adresinize mail gönderilecektir.
Rapor durumunuzu Raporlar > Toplu Veri İndirme ekranından takip edebilir, hazırlandı durumundaki raporlarınızı ilgili menüden indirebilirsiniz.'

2021-10-14 17:28:13 - [MESSAGE][INFO] - Finding Test Object 'Object Repository/Popup/Popup'

2021-10-14 17:28:13 - [MESSAGE][INFO] - Checking object

2021-10-14 17:28:13 - [MESSAGE][INFO] - Finding web element from Test Object's properties

2021-10-14 17:28:13 - [MESSAGE][INFO] - Checking timeout

2021-10-14 17:28:13 - [MESSAGE][INFO] - Finding web element with id: 'Object Repository/Popup/Popup' located by 'By.cssSelector: .bootbox-body' in '30' second(s)

2021-10-14 17:28:13 - [MESSAGE][INFO] - Smart Wait Function is triggered

2021-10-14 17:28:13 - [MESSAGE][INFO] - Found 1 web elements with id: 'Object Repository/Popup/Popup' located by 'By.cssSelector: .bootbox-body' in '30' second(s)

2021-10-14 17:28:13 - [MESSAGE][INFO] - Getting text of object 'Object Repository/Popup/Popup'

2021-10-14 17:28:13 - [MESSAGE][PASSED] - Text of object 'Object Repository/Popup/Popup' is: '14598 no’lu talebiniz işleme alınmıştır. Raporunuz hazırlandığında (elogotest@gmail.com) adresinize mail gönderilecektir.
Rapor durumunuzu Raporlar > Toplu Veri İndirme ekranından takip edebilir, hazırlandı durumundaki raporlarınızı ilgili menüden indirebilirsiniz.'

2021-10-14 17:28:13 - [TEST_STEP][PASSED] - RaporNo = getText(findTestObject("Popup/Popup")).substring(0, 6): Text of object 'Object Repository/Popup/Popup' is: '14598 no’lu talebiniz işleme alınmıştır. Raporunuz hazırlandığında (elogotest@gmail.com) adresinize mail gönderilecektir.
Rapor durumunuzu Raporlar > Toplu Veri İndirme ekranından takip edebilir, hazırlandı durumundaki raporlarınızı ilgili menüden indirebilirsiniz.'

2021-10-14 17:28:13 - [MESSAGE][INFO] - Finding Test Object 'Object Repository/Popup/Popup'

2021-10-14 17:28:13 - [MESSAGE][INFO] - Checking object

2021-10-14 17:28:13 - [MESSAGE][INFO] - Finding web element from Test Object's properties

2021-10-14 17:28:13 - [MESSAGE][INFO] - Checking timeout

2021-10-14 17:28:13 - [MESSAGE][INFO] - Finding web element with id: 'Object Repository/Popup/Popup' located by 'By.cssSelector: .bootbox-body' in '30' second(s)

2021-10-14 17:28:13 - [MESSAGE][INFO] - Smart Wait Function is triggered

2021-10-14 17:28:14 - [MESSAGE][INFO] - Found 1 web elements with id: 'Object Repository/Popup/Popup' located by 'By.cssSelector: .bootbox-body' in '30' second(s)

2021-10-14 17:28:14 - [MESSAGE][INFO] - Getting text of object 'Object Repository/Popup/Popup'

2021-10-14 17:28:14 - [MESSAGE][PASSED] - Text of object 'Object Repository/Popup/Popup' is: '14598 no’lu talebiniz işleme alınmıştır. Raporunuz hazırlandığında (elogotest@gmail.com) adresinize mail gönderilecektir.
Rapor durumunuzu Raporlar > Toplu Veri İndirme ekranından takip edebilir, hazırlandı durumundaki raporlarınızı ilgili menüden indirebilirsiniz.'

2021-10-14 17:28:14 - [TEST_STEP][PASSED] - Console.println(RaporNo): null

2021-10-14 17:28:14 - [MESSAGE][PASSED] - Call Test Case 'Test Cases/Popup/PopupMesajiIceriyorMu' successfully

2021-10-14 17:28:14 - [MESSAGE][INFO] - Checking called Test Case

2021-10-14 17:28:14 - [MESSAGE][INFO] - Starting to call Test Case 'Test Cases/Popup/PopupButonSecilir'

2021-10-14 17:28:14 - [TEST_CASE][PASSED] - Test Cases/Popup/PopupButonSecilir: Test Cases/Popup/PopupButonSecilir

2021-10-14 17:28:14 - [TEST_STEP][PASSED] - Method.TextDegerineEsitElementeTikla(findTestObject("Popup/Popup_Butons"), Buton): Method.TextDegerineEsitElementeTikla is PASSED

2021-10-14 17:28:14 - [MESSAGE][INFO] - Finding Test Object 'Object Repository/Popup/Popup_Butons'

2021-10-14 17:28:14 - [MESSAGE][INFO] - Checking timeout

2021-10-14 17:28:14 - [MESSAGE][INFO] - Finding web element with id: 'Object Repository/Popup/Popup_Butons' located by 'By.cssSelector: .modal-footer>button' in '10' second(s)

2021-10-14 17:28:14 - [MESSAGE][INFO] - Smart Wait Function is triggered

2021-10-14 17:28:14 - [MESSAGE][INFO] - Found 3 web elements with id: 'Object Repository/Popup/Popup_Butons' located by 'By.cssSelector: .modal-footer>button' in '10' second(s)

2021-10-14 17:28:14 - [MESSAGE][PASSED] - Method.TextDegerineEsitElementeTikla is PASSED

2021-10-14 17:28:14 - [MESSAGE][PASSED] - Call Test Case 'Test Cases/Popup/PopupButonSecilir' successfully

2021-10-14 17:28:14 - [MESSAGE][INFO] - Checking called Test Case

2021-10-14 17:28:14 - [MESSAGE][INFO] - Starting to call Test Case 'Test Cases/Menu/AnaMenuSecimi'

2021-10-14 17:28:14 - [TEST_CASE][PASSED] - Test Cases/Menu/AnaMenuSecimi: Test Cases/Menu/AnaMenuSecimi

2021-10-14 17:28:14 - [TEST_STEP][PASSED] - Method.TextDegerineEsitElementeTikla(findTestObject("Menu/Ana_Menu"), Ana_Menu): Method.TextDegerineEsitElementeTikla is PASSED

2021-10-14 17:28:14 - [MESSAGE][INFO] - Finding Test Object 'Object Repository/Menu/Ana_Menu'

2021-10-14 17:28:14 - [MESSAGE][INFO] - Checking timeout

2021-10-14 17:28:14 - [MESSAGE][INFO] - Finding web element with id: 'Object Repository/Menu/Ana_Menu' located by 'By.xpath: //*[@class = 'dropdown-toggle']' in '10' second(s)

2021-10-14 17:28:14 - [MESSAGE][INFO] - Smart Wait Function is triggered

2021-10-14 17:28:15 - [MESSAGE][INFO] - Found 14 web elements with id: 'Object Repository/Menu/Ana_Menu' located by 'By.xpath: //*[@class = 'dropdown-toggle']' in '10' second(s)

2021-10-14 17:28:15 - [MESSAGE][PASSED] - Method.TextDegerineEsitElementeTikla is PASSED

2021-10-14 17:28:15 - [MESSAGE][PASSED] - Call Test Case 'Test Cases/Menu/AnaMenuSecimi' successfully

2021-10-14 17:28:15 - [MESSAGE][INFO] - Checking called Test Case

2021-10-14 17:28:15 - [MESSAGE][INFO] - Starting to call Test Case 'Test Cases/Menu/AltMenuSecimi'

2021-10-14 17:28:15 - [TEST_CASE][PASSED] - Test Cases/Menu/AltMenuSecimi: Test Cases/Menu/AltMenuSecimi

2021-10-14 17:28:15 - [TEST_STEP][PASSED] - Method.TextDegerineEsitElementeTikla(findTestObject("Menu/Alt_Menu"), Alt_Menu): Method.TextDegerineEsitElementeTikla is PASSED

2021-10-14 17:28:15 - [MESSAGE][INFO] - Finding Test Object 'Object Repository/Menu/Alt_Menu'

2021-10-14 17:28:15 - [MESSAGE][INFO] - Checking timeout

2021-10-14 17:28:15 - [MESSAGE][INFO] - Finding web element with id: 'Object Repository/Menu/Alt_Menu' located by 'By.xpath: //li[@class='dropdown dropdown-large open']//li[@class='dropdown-element']' in '10' second(s)

2021-10-14 17:28:15 - [MESSAGE][INFO] - Smart Wait Function is triggered

2021-10-14 17:28:16 - [MESSAGE][INFO] - Found 9 web elements with id: 'Object Repository/Menu/Alt_Menu' located by 'By.xpath: //li[@class='dropdown dropdown-large open']//li[@class='dropdown-element']' in '10' second(s)

2021-10-14 17:28:17 - [MESSAGE][PASSED] - Method.TextDegerineEsitElementeTikla is PASSED

2021-10-14 17:28:17 - [MESSAGE][PASSED] - Call Test Case 'Test Cases/Menu/AltMenuSecimi' successfully

2021-10-14 17:28:17 - [MESSAGE][INFO] - Checking called Test Case

2021-10-14 17:28:17 - [MESSAGE][INFO] - Starting to call Test Case 'Test Cases/Filtreler/RaporNoYaz'

2021-10-14 17:28:17 - [TEST_CASE][PASSED] - Test Cases/Filtreler/RaporNoYaz: Test Cases/Filtreler/RaporNoYaz

2021-10-14 17:28:17 - [TEST_STEP][PASSED] - Method.TextDegerineEsitElementinAltindakiTextboxtaYaz(findTestObject("Filtreler/Basliklar"), findTestObject("Filtreler/Basliga_Gore_Textbox"), "Talep No", RaporNo): Method.TextDegerineEsitElementinAltindakiTextboxtaYaz is PASSED

2021-10-14 17:28:17 - [MESSAGE][INFO] - Finding Test Object 'Object Repository/Filtreler/Basliklar'

2021-10-14 17:28:17 - [MESSAGE][INFO] - Finding Test Object 'Object Repository/Filtreler/Basliga_Gore_Textbox'

2021-10-14 17:28:17 - [MESSAGE][INFO] - Checking timeout

2021-10-14 17:28:17 - [MESSAGE][INFO] - Finding web element with id: 'Object Repository/Filtreler/Basliklar' located by 'By.cssSelector: .control-label.col-sm-4.paddingMarginRLC' in '10' second(s)

2021-10-14 17:28:17 - [MESSAGE][INFO] - Smart Wait Function is triggered

2021-10-14 17:28:17 - [MESSAGE][INFO] - Found 8 web elements with id: 'Object Repository/Filtreler/Basliklar' located by 'By.cssSelector: .control-label.col-sm-4.paddingMarginRLC' in '10' second(s)

2021-10-14 17:28:17 - [MESSAGE][INFO] - Smart Wait Function is triggered

2021-10-14 17:28:18 - [MESSAGE][PASSED] - Method.TextDegerineEsitElementinAltindakiTextboxtaYaz is PASSED

2021-10-14 17:28:18 - [MESSAGE][PASSED] - Call Test Case 'Test Cases/Filtreler/RaporNoYaz' successfully

2021-10-14 17:28:18 - [MESSAGE][INFO] - Checking called Test Case

2021-10-14 17:28:18 - [MESSAGE][INFO] - Starting to call Test Case 'Test Cases/Filtreler/ButonaTikla'

2021-10-14 17:28:18 - [TEST_CASE][PASSED] - Test Cases/Filtreler/ButonaTikla: Test Cases/Filtreler/ButonaTikla

2021-10-14 17:28:18 - [TEST_STEP][PASSED] - Method.TextDegerineEsitElementeTikla(findTestObject("Filtreler/Butonlar"), Filtre_Buton): Method.TextDegerineEsitElementeTikla is PASSED

2021-10-14 17:28:18 - [MESSAGE][INFO] - Finding Test Object 'Object Repository/Filtreler/Butonlar'

2021-10-14 17:28:18 - [MESSAGE][INFO] - Checking timeout

2021-10-14 17:28:18 - [MESSAGE][INFO] - Finding web element with id: 'Object Repository/Filtreler/Butonlar' located by 'By.cssSelector: .dxb>span' in '10' second(s)

2021-10-14 17:28:18 - [MESSAGE][INFO] - Smart Wait Function is triggered

2021-10-14 17:28:18 - [MESSAGE][INFO] - Found 2 web elements with id: 'Object Repository/Filtreler/Butonlar' located by 'By.cssSelector: .dxb>span' in '10' second(s)

2021-10-14 17:28:18 - [MESSAGE][PASSED] - Method.TextDegerineEsitElementeTikla is PASSED

2021-10-14 17:28:18 - [MESSAGE][PASSED] - Call Test Case 'Test Cases/Filtreler/ButonaTikla' successfully

2021-10-14 17:28:18 - [MESSAGE][INFO] - Checking called Test Case

2021-10-14 17:28:18 - [MESSAGE][INFO] - Starting to call Test Case 'Test Cases/Tablo/TablodaVeriVarMi'

2021-10-14 17:28:18 - [TEST_CASE][PASSED] - Test Cases/Tablo/TablodaVeriVarMi: Test Cases/Tablo/TablodaVeriVarMi

2021-10-14 17:28:18 - [TEST_STEP][PASSED] - verifyTextNotPresent("Görüntülenecek veri yok", true): Text 'Görüntülenecek veri yok' is not present on page using regular expression

2021-10-14 17:28:18 - [MESSAGE][INFO] - Checking text present  using regular expression

2021-10-14 17:28:18 - [MESSAGE][INFO] - Smart Wait Function is triggered

2021-10-14 17:28:25 - [MESSAGE][INFO] - Finding text 'Görüntülenecek veri yok' on page  using regular expression

2021-10-14 17:28:25 - [MESSAGE][PASSED] - Text 'Görüntülenecek veri yok' is not present on page using regular expression

2021-10-14 17:28:25 - [MESSAGE][PASSED] - Call Test Case 'Test Cases/Tablo/TablodaVeriVarMi' successfully

2021-10-14 17:28:25 - [MESSAGE][INFO] - Checking called Test Case

2021-10-14 17:28:25 - [MESSAGE][INFO] - Starting to call Test Case 'Test Cases/Kullanici_Islemleri/KullaniciIslemlerindenSecimYapilir'

2021-10-14 17:28:25 - [TEST_CASE][PASSED] - Test Cases/Kullanici_Islemleri/KullaniciIslemlerindenSecimYapilir: Test Cases/Kullanici_Islemleri/KullaniciIslemlerindenSecimYapilir

2021-10-14 17:28:25 - [TEST_STEP][PASSED] - waitForElementClickable(findTestObject("Object Repository/Kullanici_Islemleri/KullaniciIslemleri"), 10): Object 'Object Repository/Kullanici_Islemleri/KullaniciIslemleri' is clickable

2021-10-14 17:28:25 - [MESSAGE][INFO] - Finding Test Object 'Object Repository/Kullanici_Islemleri/KullaniciIslemleri'

2021-10-14 17:28:25 - [MESSAGE][INFO] - Checking object

2021-10-14 17:28:25 - [MESSAGE][INFO] - Checking timeout

2021-10-14 17:28:25 - [MESSAGE][INFO] - Finding web element from Test Object's properties

2021-10-14 17:28:25 - [MESSAGE][INFO] - Checking timeout

2021-10-14 17:28:25 - [MESSAGE][INFO] - Finding web element with id: 'Object Repository/Kullanici_Islemleri/KullaniciIslemleri' located by 'By.cssSelector: .dropdown>a>img' in '10' second(s)

2021-10-14 17:28:25 - [MESSAGE][INFO] - Smart Wait Function is triggered

2021-10-14 17:28:25 - [MESSAGE][INFO] - Found 1 web elements with id: 'Object Repository/Kullanici_Islemleri/KullaniciIslemleri' located by 'By.cssSelector: .dropdown>a>img' in '10' second(s)

2021-10-14 17:28:25 - [MESSAGE][PASSED] - Object 'Object Repository/Kullanici_Islemleri/KullaniciIslemleri' is clickable

2021-10-14 17:28:25 - [TEST_STEP][PASSED] - click(findTestObject("Object Repository/Kullanici_Islemleri/KullaniciIslemleri")): Object: 'Object Repository/Kullanici_Islemleri/KullaniciIslemleri' is clicked on

2021-10-14 17:28:25 - [MESSAGE][INFO] - Finding Test Object 'Object Repository/Kullanici_Islemleri/KullaniciIslemleri'

2021-10-14 17:28:26 - [MESSAGE][INFO] - Checking object

2021-10-14 17:28:26 - [MESSAGE][INFO] - Finding web element from Test Object's properties

2021-10-14 17:28:26 - [MESSAGE][INFO] - Checking timeout

2021-10-14 17:28:26 - [MESSAGE][INFO] - Finding web element with id: 'Object Repository/Kullanici_Islemleri/KullaniciIslemleri' located by 'By.cssSelector: .dropdown>a>img' in '30' second(s)

2021-10-14 17:28:26 - [MESSAGE][INFO] - Smart Wait Function is triggered

2021-10-14 17:28:26 - [MESSAGE][INFO] - Found 1 web elements with id: 'Object Repository/Kullanici_Islemleri/KullaniciIslemleri' located by 'By.cssSelector: .dropdown>a>img' in '30' second(s)

2021-10-14 17:28:26 - [MESSAGE][INFO] - Clicking on object: 'Object Repository/Kullanici_Islemleri/KullaniciIslemleri'

2021-10-14 17:28:26 - [MESSAGE][PASSED] - Object: 'Object Repository/Kullanici_Islemleri/KullaniciIslemleri' is clicked on

2021-10-14 17:28:26 - [TEST_STEP][PASSED] - Method.TextDegerineEsitElementeTikla(findTestObject("Object Repository/Kullanici_Islemleri/Secenekler"), Islem): Method.TextDegerineEsitElementeTikla is PASSED

2021-10-14 17:28:26 - [MESSAGE][INFO] - Finding Test Object 'Object Repository/Kullanici_Islemleri/Secenekler'

2021-10-14 17:28:26 - [MESSAGE][INFO] - Checking timeout

2021-10-14 17:28:26 - [MESSAGE][INFO] - Finding web element with id: 'Object Repository/Kullanici_Islemleri/Secenekler' located by 'By.cssSelector: .nav.navbar-nav.navbar-right li a' in '10' second(s)

2021-10-14 17:28:26 - [MESSAGE][INFO] - Smart Wait Function is triggered

2021-10-14 17:28:26 - [MESSAGE][INFO] - Found 22 web elements with id: 'Object Repository/Kullanici_Islemleri/Secenekler' located by 'By.cssSelector: .nav.navbar-nav.navbar-right li a' in '10' second(s)

2021-10-14 17:28:28 - [MESSAGE][PASSED] - Method.TextDegerineEsitElementeTikla is PASSED

2021-10-14 17:28:28 - [TEST_STEP][PASSED] - verifyElementNotPresent(findTestObject("Object Repository/Kullanici_Islemleri/Secenekler"), 10): Web element with id: 'Object Repository/Kullanici_Islemleri/Secenekler' located by 'By.cssSelector: .nav.navbar-nav.navbar-right li a' is not present after '10' second(s)

2021-10-14 17:28:28 - [MESSAGE][INFO] - Finding Test Object 'Object Repository/Kullanici_Islemleri/Secenekler'

2021-10-14 17:28:28 - [MESSAGE][INFO] - Checking object

2021-10-14 17:28:28 - [MESSAGE][INFO] - Checking timeout

2021-10-14 17:28:28 - [MESSAGE][INFO] - Finding web element with id: 'Object Repository/Kullanici_Islemleri/Secenekler' located by 'By.cssSelector: .nav.navbar-nav.navbar-right li a' in '10' second(s)

2021-10-14 17:28:28 - [MESSAGE][INFO] - Smart Wait Function is triggered

2021-10-14 17:28:29 - [MESSAGE][PASSED] - Web element with id: 'Object Repository/Kullanici_Islemleri/Secenekler' located by 'By.cssSelector: .nav.navbar-nav.navbar-right li a' is not present after '10' second(s)

2021-10-14 17:28:29 - [MESSAGE][PASSED] - Call Test Case 'Test Cases/Kullanici_Islemleri/KullaniciIslemlerindenSecimYapilir' successfully

2021-10-14 17:28:29 - [TEST_CASE][PASSED] - Start Test Case : SCENARIO e-Arsiv Raporunun excele aktarilmasi: SCENARIO e-Arsiv Raporunun excele aktarilmasi

2021-10-14 17:28:29 - [TEST_STEP][PASSED] - Kullanıcı adı ELOGO6 ve Şifre 123456 olarak giriş yapılır: Kullanıcı adı ELOGO6 ve Şifre 123456 olarak giriş yapılır

2021-10-14 17:28:29 - [MESSAGE][PASSED] - Kullanıcı adı ELOGO6 ve Şifre 123456 olarak giriş yapılır

2021-10-14 17:28:29 - [TEST_STEP][PASSED] - Ana menüden e-Arşiv seçilir: Ana menüden e-Arşiv seçilir

2021-10-14 17:28:29 - [MESSAGE][PASSED] - Ana menüden e-Arşiv seçilir

2021-10-14 17:28:29 - [TEST_STEP][PASSED] - Alt menü e-Arşiv Hareketleri başlığı altındaki e-Arşiv Raporları seçilir: Alt menü e-Arşiv Hareketleri başlığı altındaki e-Arşiv Raporları seçilir

2021-10-14 17:28:29 - [MESSAGE][PASSED] - Alt menü e-Arşiv Hareketleri başlığı altındaki e-Arşiv Raporları seçilir

2021-10-14 17:28:29 - [TEST_STEP][PASSED] - Filtrelerden Dönem Tarihi filtresine 2020 Aralık dropdowndan degeri seçilir: Filtrelerden Dönem Tarihi filtresine 2020 Aralık dropdowndan degeri seçilir

2021-10-14 17:28:29 - [MESSAGE][PASSED] - Filtrelerden Dönem Tarihi filtresine 2020 Aralık dropdowndan degeri seçilir

2021-10-14 17:28:29 - [TEST_STEP][PASSED] - Filtre butonlarından Listele seçilir: Filtre butonlarından Listele seçilir

2021-10-14 17:28:29 - [MESSAGE][PASSED] - Filtre butonlarından Listele seçilir

2021-10-14 17:28:29 - [TEST_STEP][PASSED] - Tabloda veri var mı kontrol edilir: Tabloda veri var mı kontrol edilir

2021-10-14 17:28:29 - [MESSAGE][PASSED] - Tabloda veri var mı kontrol edilir

2021-10-14 17:28:29 - [TEST_STEP][PASSED] - Tablodan 2691121 isimli veri seçilir: Tablodan 2691121 isimli veri seçilir

2021-10-14 17:28:29 - [MESSAGE][PASSED] - Tablodan 2691121 isimli veri seçilir

2021-10-14 17:28:29 - [TEST_STEP][PASSED] - Butonlardan Excel isimli butona tıklanır: Butonlardan Excel isimli butona tıklanır

2021-10-14 17:28:29 - [MESSAGE][PASSED] - Butonlardan Excel isimli butona tıklanır

2021-10-14 17:28:29 - [TEST_STEP][PASSED] - Alt butonlardan Excel'e Aktar butonuna tıklanır: Alt butonlardan Excel'e Aktar butonuna tıklanır

2021-10-14 17:28:29 - [MESSAGE][PASSED] - Alt butonlardan Excel'e Aktar butonuna tıklanır

2021-10-14 17:28:29 - [TEST_STEP][PASSED] - Popup mesajı Lütfen rapor bildiriminin gönderileceği e-posta adresini belirtiniz. içeriyor mu: Popup mesajı Lütfen rapor bildiriminin gönderileceği e-posta adresini belirtiniz. içeriyor mu

2021-10-14 17:28:29 - [MESSAGE][PASSED] - Popup mesajı Lütfen rapor bildiriminin gönderileceği e-posta adresini belirtiniz. içeriyor mu

2021-10-14 17:28:29 - [TEST_STEP][PASSED] - Yönetim popupında Gönder seçilir: Yönetim popupında Gönder seçilir

2021-10-14 17:28:29 - [MESSAGE][PASSED] - Yönetim popupında Gönder seçilir

2021-10-14 17:28:29 - [TEST_STEP][PASSED] - Popup mesajı Toplu Veri İndirme içeriyor mu: Popup mesajı Toplu Veri İndirme içeriyor mu

2021-10-14 17:28:29 - [MESSAGE][PASSED] - Popup mesajı Toplu Veri İndirme içeriyor mu

2021-10-14 17:28:29 - [TEST_STEP][PASSED] - Yönetim popupında Tamam seçilir: Yönetim popupında Tamam seçilir

2021-10-14 17:28:29 - [MESSAGE][PASSED] - Yönetim popupında Tamam seçilir

2021-10-14 17:28:29 - [TEST_STEP][PASSED] - Butonlardan Excel isimli butona tıklanır: Butonlardan Excel isimli butona tıklanır

2021-10-14 17:28:29 - [MESSAGE][PASSED] - Butonlardan Excel isimli butona tıklanır

2021-10-14 17:28:29 - [TEST_STEP][PASSED] - Alt butonlardan Tümünü Excel'e Aktar butonuna tıklanır: Alt butonlardan Tümünü Excel'e Aktar butonuna tıklanır

2021-10-14 17:28:29 - [MESSAGE][PASSED] - Alt butonlardan Tümünü Excel'e Aktar butonuna tıklanır

2021-10-14 17:28:29 - [TEST_STEP][PASSED] - Popup mesajı Lütfen rapor bildiriminin gönderileceği e-posta adresini belirtiniz. içeriyor mu: Popup mesajı Lütfen rapor bildiriminin gönderileceği e-posta adresini belirtiniz. içeriyor mu

2021-10-14 17:28:29 - [MESSAGE][PASSED] - Popup mesajı Lütfen rapor bildiriminin gönderileceği e-posta adresini belirtiniz. içeriyor mu

2021-10-14 17:28:29 - [TEST_STEP][PASSED] - Yönetim popupında Gönder seçilir: Yönetim popupında Gönder seçilir

2021-10-14 17:28:29 - [MESSAGE][PASSED] - Yönetim popupında Gönder seçilir

2021-10-14 17:28:29 - [TEST_STEP][PASSED] - Popup mesajı Toplu Veri İndirme içeriyor mu: Popup mesajı Toplu Veri İndirme içeriyor mu

2021-10-14 17:28:29 - [MESSAGE][PASSED] - Popup mesajı Toplu Veri İndirme içeriyor mu

2021-10-14 17:28:29 - [TEST_STEP][PASSED] - Yönetim popupında Tamam seçilir: Yönetim popupında Tamam seçilir

2021-10-14 17:28:29 - [MESSAGE][PASSED] - Yönetim popupında Tamam seçilir

2021-10-14 17:28:29 - [TEST_STEP][PASSED] - Ana menüden Raporlar seçilir: Ana menüden Raporlar seçilir

2021-10-14 17:28:29 - [MESSAGE][PASSED] - Ana menüden Raporlar seçilir

2021-10-14 17:28:29 - [TEST_STEP][PASSED] - Alt menüden Toplu Veri İndirme seçilir: Alt menüden Toplu Veri İndirme seçilir

2021-10-14 17:28:29 - [MESSAGE][PASSED] - Alt menüden Toplu Veri İndirme seçilir

2021-10-14 17:28:29 - [TEST_STEP][PASSED] - Filtrelerden Talep No filtresine Rapor No bilgisi yaz: Filtrelerden Talep No filtresine Rapor No bilgisi yaz

2021-10-14 17:28:29 - [MESSAGE][PASSED] - Filtrelerden Talep No filtresine Rapor No bilgisi yaz

2021-10-14 17:28:29 - [TEST_STEP][PASSED] - Filtre butonlarından Listele seçilir: Filtre butonlarından Listele seçilir

2021-10-14 17:28:29 - [MESSAGE][PASSED] - Filtre butonlarından Listele seçilir

2021-10-14 17:28:29 - [TEST_STEP][PASSED] - Tabloda veri var mı kontrol edilir: Tabloda veri var mı kontrol edilir

2021-10-14 17:28:29 - [MESSAGE][PASSED] - Tabloda veri var mı kontrol edilir

2021-10-14 17:28:29 - [TEST_STEP][PASSED] - Kullanıcı işlemlerinden Çıkış seçilir: Kullanıcı işlemlerinden Çıkış seçilir

2021-10-14 17:28:29 - [MESSAGE][PASSED] - Kullanıcı işlemlerinden Çıkış seçilir

2021-10-14 17:28:29 - [MESSAGE][PASSED] - Feature file: 'Include/features/e-Arsiv/e-Arsiv Hareketleri/e-Arsiv Raporlari/Excele Aktar.feature' was passed

2021-10-14 17:28:29 - [TEST_STEP][PASSED] - Start listener action : sampleAfterTestSuite: Invoke 'com.kms.katalon.core.annotation.AfterTestCase' method: 'Listener.sampleAfterTestSuite(...)' completed.

2021-10-14 17:28:29 - [MESSAGE][INFO] - Starting invoke 'com.kms.katalon.core.annotation.AfterTestCase' method: 'Listener.sampleAfterTestSuite(...)'

2021-10-14 17:28:29 - [TEST_STEP][PASSED] - closeBrowser(): Invoke 'com.kms.katalon.core.annotation.AfterTestCase' method: 'Listener.sampleAfterTestSuite(...)' completed.

2021-10-14 17:28:29 - [MESSAGE][INFO] - Closing browser

2021-10-14 17:28:29 - [MESSAGE][PASSED] - Browser is closed

2021-10-14 17:28:29 - [MESSAGE][INFO] - Invoke 'com.kms.katalon.core.annotation.AfterTestCase' method: 'Listener.sampleAfterTestSuite(...)' completed.]]></system-out>
         <system-err><![CDATA[]]></system-err>
      </testcase>
      <testcase name="Test Cases/Case Repository/e-Irsaliye/Gelen Kutusu/Irsaliye Yanitlari/Excele Aktar" time="62.795" classname="Test Cases/Case Repository/e-Irsaliye/Gelen Kutusu/Irsaliye Yanitlari/Excele Aktar" status="PASSED">
         <system-out><![CDATA[2021-10-14 17:28:29 - [TEST_CASE][PASSED] - Test Cases/Case Repository/e-Irsaliye/Gelen Kutusu/Irsaliye Yanitlari/Excele Aktar: Test Cases/Case Repository/e-Irsaliye/Gelen Kutusu/Irsaliye Yanitlari/Excele Aktar

2021-10-14 17:28:29 - [TEST_STEP][PASSED] - Start listener action : sampleBeforeTestSuite: Invoke 'com.kms.katalon.core.annotation.BeforeTestCase' method: 'Listener.sampleBeforeTestSuite(...)' completed.

2021-10-14 17:28:29 - [MESSAGE][INFO] - Starting invoke 'com.kms.katalon.core.annotation.BeforeTestCase' method: 'Listener.sampleBeforeTestSuite(...)'

2021-10-14 17:28:29 - [TEST_STEP][PASSED] - openBrowser(baseUrl): Browser is opened with url: 'https://efatura-stage.elogo.com.tr/'

2021-10-14 17:28:29 - [MESSAGE][INFO] - Opening browser

2021-10-14 17:28:29 - [MESSAGE][INFO] - Starting 'Chrome' driver

2021-10-14 17:28:29 - [MESSAGE][INFO] - User set preference: ['prefs', '{download.default_directory=C:\otomasyondownfiles}']

2021-10-14 17:28:29 - [MESSAGE][INFO] - Action delay is set to 0 milliseconds

2021-10-14 17:28:31 - [MESSAGE][INFO] - Navigating browser to: 'https://efatura-stage.elogo.com.tr/'

2021-10-14 17:28:34 - [MESSAGE][PASSED] - Browser is opened with url: 'https://efatura-stage.elogo.com.tr/'

2021-10-14 17:28:34 - [TEST_STEP][PASSED] - maximizeWindow(): Invoke 'com.kms.katalon.core.annotation.BeforeTestCase' method: 'Listener.sampleBeforeTestSuite(...)' completed.

2021-10-14 17:28:34 - [MESSAGE][INFO] - Maximizing current window

2021-10-14 17:28:34 - [MESSAGE][PASSED] - Current window maximized

2021-10-14 17:28:34 - [MESSAGE][INFO] - Invoke 'com.kms.katalon.core.annotation.BeforeTestCase' method: 'Listener.sampleBeforeTestSuite(...)' completed.

2021-10-14 17:28:34 - [TEST_STEP][PASSED] - runFeatureFile("Include/features/e-Irsaliye/Gelen Kutusu/Irsaliye Yanitlari/Excele Aktar.feature"): Feature file: 'Include/features/e-Irsaliye/Gelen Kutusu/Irsaliye Yanitlari/Excele Aktar.feature' was passed

2021-10-14 17:28:34 - [MESSAGE][INFO] - Starting run keyword runFeatureFile: 'Include/features/e-Irsaliye/Gelen Kutusu/Irsaliye Yanitlari/Excele Aktar.feature' and extract report to folder: 'C:\Users\DELL\Downloads\EES_Katalon-main\Reports\20211014_170112\Suite Repository\ExceleAktarVeTopluIndirme\20211014_170125/cucumber_report/1634221714672'...

2021-10-14 17:28:34 - [MESSAGE][INFO] - Glue: []

2021-10-14 17:28:35 - [MESSAGE][INFO] - Checking called Test Case

2021-10-14 17:28:35 - [MESSAGE][INFO] - Starting to call Test Case 'Test Cases/Sayfalar/Giris_Sayfasi/Login'

2021-10-14 17:28:35 - [TEST_CASE][PASSED] - Test Cases/Sayfalar/Giris_Sayfasi/Login: Test Cases/Sayfalar/Giris_Sayfasi/Login

2021-10-14 17:28:35 - [TEST_STEP][PASSED] - Sayfa_Basligi = getWindowTitle(): Current window's title is: 'LOGO e-Fatura'

2021-10-14 17:28:35 - [MESSAGE][INFO] - Getting current window's title

2021-10-14 17:28:35 - [MESSAGE][PASSED] - Current window's title is: 'LOGO e-Fatura'

2021-10-14 17:28:35 - [TEST_STEP][PASSED] - verifyMatch(Sayfa_Basligi, "LOGO e-Fatura", false): Actual text 'LOGO e-Fatura' and expected text 'LOGO e-Fatura' are matched 

2021-10-14 17:28:35 - [MESSAGE][INFO] - Matching actual text 'LOGO e-Fatura' with expected text 'LOGO e-Fatura'

2021-10-14 17:28:35 - [MESSAGE][PASSED] - Actual text 'LOGO e-Fatura' and expected text 'LOGO e-Fatura' are matched 

2021-10-14 17:28:35 - [TEST_STEP][PASSED] - sendKeys(findTestObject("Sayfalar/Giris_Sayfasi/Firma_Kodu"), KullaniciAdi): Keys 'ELOGO6' sent to object: 'Object Repository/Sayfalar/Giris_Sayfasi/Firma_Kodu'

2021-10-14 17:28:35 - [MESSAGE][INFO] - Finding Test Object 'Object Repository/Sayfalar/Giris_Sayfasi/Firma_Kodu'

2021-10-14 17:28:35 - [MESSAGE][INFO] - Sending keys 'ELOGO6' to object: 'Object Repository/Sayfalar/Giris_Sayfasi/Firma_Kodu'

2021-10-14 17:28:35 - [MESSAGE][INFO] - Finding web element from Test Object's properties

2021-10-14 17:28:35 - [MESSAGE][INFO] - Checking timeout

2021-10-14 17:28:35 - [MESSAGE][INFO] - Finding web element with id: 'Object Repository/Sayfalar/Giris_Sayfasi/Firma_Kodu' located by 'By.xpath: //*[@id = 'AccountName']' in '30' second(s)

2021-10-14 17:28:35 - [MESSAGE][INFO] - Smart Wait Function is triggered

2021-10-14 17:28:35 - [MESSAGE][INFO] - Found 1 web elements with id: 'Object Repository/Sayfalar/Giris_Sayfasi/Firma_Kodu' located by 'By.xpath: //*[@id = 'AccountName']' in '30' second(s)

2021-10-14 17:28:36 - [MESSAGE][PASSED] - Keys 'ELOGO6' sent to object: 'Object Repository/Sayfalar/Giris_Sayfasi/Firma_Kodu'

2021-10-14 17:28:36 - [TEST_STEP][PASSED] - sendKeys(findTestObject("Sayfalar/Giris_Sayfasi/Sifre"), Sifre): Keys '123456' sent to object: 'Object Repository/Sayfalar/Giris_Sayfasi/Sifre'

2021-10-14 17:28:36 - [MESSAGE][INFO] - Finding Test Object 'Object Repository/Sayfalar/Giris_Sayfasi/Sifre'

2021-10-14 17:28:36 - [MESSAGE][INFO] - Sending keys '123456' to object: 'Object Repository/Sayfalar/Giris_Sayfasi/Sifre'

2021-10-14 17:28:36 - [MESSAGE][INFO] - Finding web element from Test Object's properties

2021-10-14 17:28:36 - [MESSAGE][INFO] - Checking timeout

2021-10-14 17:28:36 - [MESSAGE][INFO] - Finding web element with id: 'Object Repository/Sayfalar/Giris_Sayfasi/Sifre' located by 'By.xpath: //*[@id = 'Password']' in '30' second(s)

2021-10-14 17:28:36 - [MESSAGE][INFO] - Smart Wait Function is triggered

2021-10-14 17:28:36 - [MESSAGE][INFO] - Found 1 web elements with id: 'Object Repository/Sayfalar/Giris_Sayfasi/Sifre' located by 'By.xpath: //*[@id = 'Password']' in '30' second(s)

2021-10-14 17:28:36 - [MESSAGE][PASSED] - Keys '123456' sent to object: 'Object Repository/Sayfalar/Giris_Sayfasi/Sifre'

2021-10-14 17:28:36 - [TEST_STEP][PASSED] - findWebElement(findTestObject("Sayfalar/Giris_Sayfasi/Giris_Butonu")).click(): Found 1 web elements with id: 'Object Repository/Sayfalar/Giris_Sayfasi/Giris_Butonu' located by 'By.cssSelector: #btnLogin' in '30' second(s)

2021-10-14 17:28:36 - [MESSAGE][INFO] - Finding Test Object 'Object Repository/Sayfalar/Giris_Sayfasi/Giris_Butonu'

2021-10-14 17:28:36 - [MESSAGE][INFO] - Finding web element from Test Object's properties

2021-10-14 17:28:36 - [MESSAGE][INFO] - Checking timeout

2021-10-14 17:28:36 - [MESSAGE][INFO] - Finding web element with id: 'Object Repository/Sayfalar/Giris_Sayfasi/Giris_Butonu' located by 'By.cssSelector: #btnLogin' in '30' second(s)

2021-10-14 17:28:36 - [MESSAGE][INFO] - Smart Wait Function is triggered

2021-10-14 17:28:37 - [MESSAGE][INFO] - Found 1 web elements with id: 'Object Repository/Sayfalar/Giris_Sayfasi/Giris_Butonu' located by 'By.cssSelector: #btnLogin' in '30' second(s)

2021-10-14 17:28:40 - [TEST_STEP][PASSED] - if (verifyElementPresent(findTestObject("Object Repository/Sayfalar/Giris_Sayfasi/RetveTamam_Butonu"), 5, OPTIONAL)): null

2021-10-14 17:28:40 - [MESSAGE][INFO] - Finding Test Object 'Object Repository/Sayfalar/Giris_Sayfasi/RetveTamam_Butonu'

2021-10-14 17:28:40 - [MESSAGE][INFO] - Checking object

2021-10-14 17:28:40 - [MESSAGE][INFO] - Finding web element from Test Object's properties

2021-10-14 17:28:40 - [MESSAGE][INFO] - Checking timeout

2021-10-14 17:28:40 - [MESSAGE][INFO] - Finding web element with id: 'Object Repository/Sayfalar/Giris_Sayfasi/RetveTamam_Butonu' located by 'By.xpath: //*[@class = 'btn btn-default']' in '5' second(s)

2021-10-14 17:28:40 - [MESSAGE][INFO] - Smart Wait Function is triggered

2021-10-14 17:28:40 - [MESSAGE][INFO] - Found 1 web elements with id: 'Object Repository/Sayfalar/Giris_Sayfasi/RetveTamam_Butonu' located by 'By.xpath: //*[@class = 'btn btn-default']' in '5' second(s)

2021-10-14 17:28:40 - [MESSAGE][PASSED] - Object 'Object Repository/Sayfalar/Giris_Sayfasi/RetveTamam_Butonu' is present

2021-10-14 17:28:40 - [TEST_STEP][PASSED] - click(findTestObject("Object Repository/Sayfalar/Giris_Sayfasi/RetveTamam_Butonu")): Object: 'Object Repository/Sayfalar/Giris_Sayfasi/RetveTamam_Butonu' is clicked on

2021-10-14 17:28:40 - [MESSAGE][INFO] - Finding Test Object 'Object Repository/Sayfalar/Giris_Sayfasi/RetveTamam_Butonu'

2021-10-14 17:28:40 - [MESSAGE][INFO] - Checking object

2021-10-14 17:28:40 - [MESSAGE][INFO] - Finding web element from Test Object's properties

2021-10-14 17:28:40 - [MESSAGE][INFO] - Checking timeout

2021-10-14 17:28:40 - [MESSAGE][INFO] - Finding web element with id: 'Object Repository/Sayfalar/Giris_Sayfasi/RetveTamam_Butonu' located by 'By.xpath: //*[@class = 'btn btn-default']' in '30' second(s)

2021-10-14 17:28:40 - [MESSAGE][INFO] - Smart Wait Function is triggered

2021-10-14 17:28:40 - [MESSAGE][INFO] - Found 1 web elements with id: 'Object Repository/Sayfalar/Giris_Sayfasi/RetveTamam_Butonu' located by 'By.xpath: //*[@class = 'btn btn-default']' in '30' second(s)

2021-10-14 17:28:40 - [MESSAGE][INFO] - Clicking on object: 'Object Repository/Sayfalar/Giris_Sayfasi/RetveTamam_Butonu'

2021-10-14 17:28:40 - [MESSAGE][PASSED] - Object: 'Object Repository/Sayfalar/Giris_Sayfasi/RetveTamam_Butonu' is clicked on

2021-10-14 17:28:40 - [TEST_STEP][PASSED] - click(findTestObject("Object Repository/Sayfalar/Giris_Sayfasi/RetveTamam_Butonu")): Object: 'Object Repository/Sayfalar/Giris_Sayfasi/RetveTamam_Butonu' is clicked on

2021-10-14 17:28:40 - [MESSAGE][INFO] - Finding Test Object 'Object Repository/Sayfalar/Giris_Sayfasi/RetveTamam_Butonu'

2021-10-14 17:28:41 - [MESSAGE][INFO] - Checking object

2021-10-14 17:28:41 - [MESSAGE][INFO] - Finding web element from Test Object's properties

2021-10-14 17:28:41 - [MESSAGE][INFO] - Checking timeout

2021-10-14 17:28:41 - [MESSAGE][INFO] - Finding web element with id: 'Object Repository/Sayfalar/Giris_Sayfasi/RetveTamam_Butonu' located by 'By.xpath: //*[@class = 'btn btn-default']' in '30' second(s)

2021-10-14 17:28:41 - [MESSAGE][INFO] - Smart Wait Function is triggered

2021-10-14 17:28:49 - [MESSAGE][INFO] - Found 1 web elements with id: 'Object Repository/Sayfalar/Giris_Sayfasi/RetveTamam_Butonu' located by 'By.xpath: //*[@class = 'btn btn-default']' in '30' second(s)

2021-10-14 17:28:49 - [MESSAGE][INFO] - Clicking on object: 'Object Repository/Sayfalar/Giris_Sayfasi/RetveTamam_Butonu'

2021-10-14 17:28:49 - [MESSAGE][PASSED] - Object: 'Object Repository/Sayfalar/Giris_Sayfasi/RetveTamam_Butonu' is clicked on

2021-10-14 17:28:49 - [TEST_STEP][PASSED] - if (verifyElementPresent(findTestObject("Sayfalar/Giris_Sayfasi/PopupOK"), 5, OPTIONAL)): null

2021-10-14 17:28:49 - [MESSAGE][INFO] - Finding Test Object 'Object Repository/Sayfalar/Giris_Sayfasi/PopupOK'

2021-10-14 17:28:49 - [MESSAGE][INFO] - Checking object

2021-10-14 17:28:49 - [MESSAGE][INFO] - Finding web element from Test Object's properties

2021-10-14 17:28:49 - [MESSAGE][INFO] - Checking timeout

2021-10-14 17:28:49 - [MESSAGE][INFO] - Finding web element with id: 'Object Repository/Sayfalar/Giris_Sayfasi/PopupOK' located by 'By.cssSelector: .btn.btn-success' in '5' second(s)

2021-10-14 17:28:49 - [MESSAGE][INFO] - Smart Wait Function is triggered

2021-10-14 17:28:49 - [MESSAGE][INFO] - Found 1 web elements with id: 'Object Repository/Sayfalar/Giris_Sayfasi/PopupOK' located by 'By.cssSelector: .btn.btn-success' in '5' second(s)

2021-10-14 17:28:49 - [MESSAGE][PASSED] - Object 'Object Repository/Sayfalar/Giris_Sayfasi/PopupOK' is present

2021-10-14 17:28:49 - [TEST_STEP][PASSED] - click(findTestObject("Object Repository/Sayfalar/Giris_Sayfasi/PopupCarpiGiris")): Object: 'Object Repository/Sayfalar/Giris_Sayfasi/PopupCarpiGiris' is clicked on

2021-10-14 17:28:49 - [MESSAGE][INFO] - Finding Test Object 'Object Repository/Sayfalar/Giris_Sayfasi/PopupCarpiGiris'

2021-10-14 17:28:50 - [MESSAGE][INFO] - Checking object

2021-10-14 17:28:50 - [MESSAGE][INFO] - Finding web element from Test Object's properties

2021-10-14 17:28:50 - [MESSAGE][INFO] - Checking timeout

2021-10-14 17:28:50 - [MESSAGE][INFO] - Finding web element with id: 'Object Repository/Sayfalar/Giris_Sayfasi/PopupCarpiGiris' located by 'By.cssSelector: .bootbox-close-button.close' in '30' second(s)

2021-10-14 17:28:50 - [MESSAGE][INFO] - Smart Wait Function is triggered

2021-10-14 17:28:50 - [MESSAGE][INFO] - Found 1 web elements with id: 'Object Repository/Sayfalar/Giris_Sayfasi/PopupCarpiGiris' located by 'By.cssSelector: .bootbox-close-button.close' in '30' second(s)

2021-10-14 17:28:50 - [MESSAGE][INFO] - Clicking on object: 'Object Repository/Sayfalar/Giris_Sayfasi/PopupCarpiGiris'

2021-10-14 17:28:50 - [MESSAGE][PASSED] - Object: 'Object Repository/Sayfalar/Giris_Sayfasi/PopupCarpiGiris' is clicked on

2021-10-14 17:28:50 - [TEST_STEP][PASSED] - verifyElementVisible(findTestObject("Object Repository/Kullanici_Islemleri/KullaniciIslemleri")): Object 'Object Repository/Kullanici_Islemleri/KullaniciIslemleri' is visible

2021-10-14 17:28:50 - [MESSAGE][INFO] - Finding Test Object 'Object Repository/Kullanici_Islemleri/KullaniciIslemleri'

2021-10-14 17:28:50 - [MESSAGE][INFO] - Checking object

2021-10-14 17:28:50 - [MESSAGE][INFO] - Finding web element from Test Object's properties

2021-10-14 17:28:50 - [MESSAGE][INFO] - Checking timeout

2021-10-14 17:28:50 - [MESSAGE][INFO] - Finding web element with id: 'Object Repository/Kullanici_Islemleri/KullaniciIslemleri' located by 'By.cssSelector: .dropdown>a>img' in '30' second(s)

2021-10-14 17:28:50 - [MESSAGE][INFO] - Smart Wait Function is triggered

2021-10-14 17:28:51 - [MESSAGE][INFO] - Found 1 web elements with id: 'Object Repository/Kullanici_Islemleri/KullaniciIslemleri' located by 'By.cssSelector: .dropdown>a>img' in '30' second(s)

2021-10-14 17:28:51 - [MESSAGE][PASSED] - Object 'Object Repository/Kullanici_Islemleri/KullaniciIslemleri' is visible

2021-10-14 17:28:51 - [MESSAGE][PASSED] - Call Test Case 'Test Cases/Sayfalar/Giris_Sayfasi/Login' successfully

2021-10-14 17:28:51 - [MESSAGE][INFO] - Checking called Test Case

2021-10-14 17:28:51 - [MESSAGE][INFO] - Starting to call Test Case 'Test Cases/Menu/AnaMenuSecimi'

2021-10-14 17:28:51 - [TEST_CASE][PASSED] - Test Cases/Menu/AnaMenuSecimi: Test Cases/Menu/AnaMenuSecimi

2021-10-14 17:28:51 - [TEST_STEP][PASSED] - Method.TextDegerineEsitElementeTikla(findTestObject("Menu/Ana_Menu"), Ana_Menu): Method.TextDegerineEsitElementeTikla is PASSED

2021-10-14 17:28:51 - [MESSAGE][INFO] - Finding Test Object 'Object Repository/Menu/Ana_Menu'

2021-10-14 17:28:51 - [MESSAGE][INFO] - Checking timeout

2021-10-14 17:28:51 - [MESSAGE][INFO] - Finding web element with id: 'Object Repository/Menu/Ana_Menu' located by 'By.xpath: //*[@class = 'dropdown-toggle']' in '10' second(s)

2021-10-14 17:28:51 - [MESSAGE][INFO] - Smart Wait Function is triggered

2021-10-14 17:28:51 - [MESSAGE][INFO] - Found 14 web elements with id: 'Object Repository/Menu/Ana_Menu' located by 'By.xpath: //*[@class = 'dropdown-toggle']' in '10' second(s)

2021-10-14 17:28:51 - [MESSAGE][PASSED] - Method.TextDegerineEsitElementeTikla is PASSED

2021-10-14 17:28:51 - [MESSAGE][PASSED] - Call Test Case 'Test Cases/Menu/AnaMenuSecimi' successfully

2021-10-14 17:28:51 - [MESSAGE][INFO] - Checking called Test Case

2021-10-14 17:28:51 - [MESSAGE][INFO] - Starting to call Test Case 'Test Cases/Menu/BasligaGoreAltMenuSecimi'

2021-10-14 17:28:51 - [TEST_CASE][PASSED] - Test Cases/Menu/BasligaGoreAltMenuSecimi: Test Cases/Menu/BasligaGoreAltMenuSecimi

2021-10-14 17:28:51 - [TEST_STEP][PASSED] - Method.TextDegerineEsitElementinAltindakiTextDegerineEsitOlanaTikla(findTestObject("Menu/Menu_Basligi"), findTestObject("Menu/Basliga_Gore_Alt_Menu"), Baslik, Alt_Menu): Method.TextDegerineEsitElementinAltindakiTextDegerineEsitOlanaTikla is PASSED

2021-10-14 17:28:51 - [MESSAGE][INFO] - Finding Test Object 'Object Repository/Menu/Menu_Basligi'

2021-10-14 17:28:51 - [MESSAGE][INFO] - Finding Test Object 'Object Repository/Menu/Basliga_Gore_Alt_Menu'

2021-10-14 17:28:51 - [MESSAGE][INFO] - Checking timeout

2021-10-14 17:28:51 - [MESSAGE][INFO] - Finding web element with id: 'Object Repository/Menu/Menu_Basligi' located by 'By.xpath: //li[@class='dropdown dropdown-large open']//li[@class='dropdown-header']' in '10' second(s)

2021-10-14 17:28:51 - [MESSAGE][INFO] - Smart Wait Function is triggered

2021-10-14 17:28:52 - [MESSAGE][INFO] - Found 3 web elements with id: 'Object Repository/Menu/Menu_Basligi' located by 'By.xpath: //li[@class='dropdown dropdown-large open']//li[@class='dropdown-header']' in '10' second(s)

2021-10-14 17:28:52 - [MESSAGE][INFO] - Smart Wait Function is triggered

2021-10-14 17:28:57 - [MESSAGE][PASSED] - Method.TextDegerineEsitElementinAltindakiTextDegerineEsitOlanaTikla is PASSED

2021-10-14 17:28:57 - [MESSAGE][PASSED] - Call Test Case 'Test Cases/Menu/BasligaGoreAltMenuSecimi' successfully

2021-10-14 17:28:57 - [MESSAGE][INFO] - Checking called Test Case

2021-10-14 17:28:57 - [MESSAGE][INFO] - Starting to call Test Case 'Test Cases/Filtreler/BaslangicYaz'

2021-10-14 17:28:57 - [TEST_CASE][PASSED] - Test Cases/Filtreler/BaslangicYaz: Test Cases/Filtreler/BaslangicYaz

2021-10-14 17:28:57 - [TEST_STEP][PASSED] - Method.TextDegerineEsitElementinAltindakineTikla(findTestObject("Filtreler/Basliklar"), findTestObject("Filtreler/Basliga_Gore_Baslangic_Image"), Filtre_Adi): Method.TextDegerineEsitElementinAltindakineTikla is PASSED

2021-10-14 17:28:57 - [MESSAGE][INFO] - Finding Test Object 'Object Repository/Filtreler/Basliklar'

2021-10-14 17:28:57 - [MESSAGE][INFO] - Finding Test Object 'Object Repository/Filtreler/Basliga_Gore_Baslangic_Image'

2021-10-14 17:28:57 - [MESSAGE][INFO] - Checking timeout

2021-10-14 17:28:57 - [MESSAGE][INFO] - Finding web element with id: 'Object Repository/Filtreler/Basliklar' located by 'By.cssSelector: .control-label.col-sm-4.paddingMarginRLC' in '10' second(s)

2021-10-14 17:28:57 - [MESSAGE][INFO] - Smart Wait Function is triggered

2021-10-14 17:28:58 - [MESSAGE][INFO] - Found 13 web elements with id: 'Object Repository/Filtreler/Basliklar' located by 'By.cssSelector: .control-label.col-sm-4.paddingMarginRLC' in '10' second(s)

2021-10-14 17:28:58 - [MESSAGE][INFO] - Smart Wait Function is triggered

2021-10-14 17:28:58 - [MESSAGE][PASSED] - Method.TextDegerineEsitElementinAltindakineTikla is PASSED

2021-10-14 17:28:58 - [TEST_STEP][PASSED] - Method.TextDegerineEsitElementinAltindakiTextboxtaYaz(findTestObject("Filtreler/Basliklar"), findTestObject("Filtreler/Basliga_Gore_Baslangic"), Filtre_Adi, Filtre_Degeri): Method.TextDegerineEsitElementinAltindakiTextboxtaYaz is PASSED

2021-10-14 17:28:58 - [MESSAGE][INFO] - Finding Test Object 'Object Repository/Filtreler/Basliklar'

2021-10-14 17:28:58 - [MESSAGE][INFO] - Finding Test Object 'Object Repository/Filtreler/Basliga_Gore_Baslangic'

2021-10-14 17:28:58 - [MESSAGE][INFO] - Checking timeout

2021-10-14 17:28:58 - [MESSAGE][INFO] - Finding web element with id: 'Object Repository/Filtreler/Basliklar' located by 'By.cssSelector: .control-label.col-sm-4.paddingMarginRLC' in '10' second(s)

2021-10-14 17:28:58 - [MESSAGE][INFO] - Smart Wait Function is triggered

2021-10-14 17:28:59 - [MESSAGE][INFO] - Found 13 web elements with id: 'Object Repository/Filtreler/Basliklar' located by 'By.cssSelector: .control-label.col-sm-4.paddingMarginRLC' in '10' second(s)

2021-10-14 17:28:59 - [MESSAGE][INFO] - Smart Wait Function is triggered

2021-10-14 17:28:59 - [MESSAGE][PASSED] - Method.TextDegerineEsitElementinAltindakiTextboxtaYaz is PASSED

2021-10-14 17:28:59 - [MESSAGE][PASSED] - Call Test Case 'Test Cases/Filtreler/BaslangicYaz' successfully

2021-10-14 17:28:59 - [MESSAGE][INFO] - Checking called Test Case

2021-10-14 17:28:59 - [MESSAGE][INFO] - Starting to call Test Case 'Test Cases/Filtreler/BitisYaz'

2021-10-14 17:28:59 - [TEST_CASE][PASSED] - Test Cases/Filtreler/BitisYaz: Test Cases/Filtreler/BitisYaz

2021-10-14 17:28:59 - [TEST_STEP][PASSED] - Method.TextDegerineEsitElementinAltindakineTikla(findTestObject("Filtreler/Basliklar"), findTestObject("Filtreler/Basliga_Gore_Bitis_Image"), Filtre_Adi): Method.TextDegerineEsitElementinAltindakineTikla is PASSED

2021-10-14 17:28:59 - [MESSAGE][INFO] - Finding Test Object 'Object Repository/Filtreler/Basliklar'

2021-10-14 17:29:00 - [MESSAGE][INFO] - Finding Test Object 'Object Repository/Filtreler/Basliga_Gore_Bitis_Image'

2021-10-14 17:29:00 - [MESSAGE][INFO] - Checking timeout

2021-10-14 17:29:00 - [MESSAGE][INFO] - Finding web element with id: 'Object Repository/Filtreler/Basliklar' located by 'By.cssSelector: .control-label.col-sm-4.paddingMarginRLC' in '10' second(s)

2021-10-14 17:29:00 - [MESSAGE][INFO] - Smart Wait Function is triggered

2021-10-14 17:29:00 - [MESSAGE][INFO] - Found 13 web elements with id: 'Object Repository/Filtreler/Basliklar' located by 'By.cssSelector: .control-label.col-sm-4.paddingMarginRLC' in '10' second(s)

2021-10-14 17:29:00 - [MESSAGE][INFO] - Smart Wait Function is triggered

2021-10-14 17:29:00 - [MESSAGE][PASSED] - Method.TextDegerineEsitElementinAltindakineTikla is PASSED

2021-10-14 17:29:00 - [TEST_STEP][PASSED] - Method.TextDegerineEsitElementinAltindakiTextboxtaYaz(findTestObject("Filtreler/Basliklar"), findTestObject("Object Repository/Filtreler/Basliga_Gore_Bitis"), Filtre_Adi, Filtre_Degeri): Method.TextDegerineEsitElementinAltindakiTextboxtaYaz is PASSED

2021-10-14 17:29:00 - [MESSAGE][INFO] - Finding Test Object 'Object Repository/Filtreler/Basliklar'

2021-10-14 17:29:00 - [MESSAGE][INFO] - Finding Test Object 'Object Repository/Filtreler/Basliga_Gore_Bitis'

2021-10-14 17:29:01 - [MESSAGE][INFO] - Checking timeout

2021-10-14 17:29:01 - [MESSAGE][INFO] - Finding web element with id: 'Object Repository/Filtreler/Basliklar' located by 'By.cssSelector: .control-label.col-sm-4.paddingMarginRLC' in '10' second(s)

2021-10-14 17:29:01 - [MESSAGE][INFO] - Smart Wait Function is triggered

2021-10-14 17:29:01 - [MESSAGE][INFO] - Found 13 web elements with id: 'Object Repository/Filtreler/Basliklar' located by 'By.cssSelector: .control-label.col-sm-4.paddingMarginRLC' in '10' second(s)

2021-10-14 17:29:01 - [MESSAGE][INFO] - Smart Wait Function is triggered

2021-10-14 17:29:01 - [MESSAGE][PASSED] - Method.TextDegerineEsitElementinAltindakiTextboxtaYaz is PASSED

2021-10-14 17:29:01 - [MESSAGE][PASSED] - Call Test Case 'Test Cases/Filtreler/BitisYaz' successfully

2021-10-14 17:29:01 - [MESSAGE][INFO] - Checking called Test Case

2021-10-14 17:29:01 - [MESSAGE][INFO] - Starting to call Test Case 'Test Cases/Filtreler/ButonaTikla'

2021-10-14 17:29:02 - [TEST_CASE][PASSED] - Test Cases/Filtreler/ButonaTikla: Test Cases/Filtreler/ButonaTikla

2021-10-14 17:29:02 - [TEST_STEP][PASSED] - Method.TextDegerineEsitElementeTikla(findTestObject("Filtreler/Butonlar"), Filtre_Buton): Method.TextDegerineEsitElementeTikla is PASSED

2021-10-14 17:29:02 - [MESSAGE][INFO] - Finding Test Object 'Object Repository/Filtreler/Butonlar'

2021-10-14 17:29:02 - [MESSAGE][INFO] - Checking timeout

2021-10-14 17:29:02 - [MESSAGE][INFO] - Finding web element with id: 'Object Repository/Filtreler/Butonlar' located by 'By.cssSelector: .dxb>span' in '10' second(s)

2021-10-14 17:29:02 - [MESSAGE][INFO] - Smart Wait Function is triggered

2021-10-14 17:29:02 - [MESSAGE][INFO] - Found 3 web elements with id: 'Object Repository/Filtreler/Butonlar' located by 'By.cssSelector: .dxb>span' in '10' second(s)

2021-10-14 17:29:02 - [MESSAGE][PASSED] - Method.TextDegerineEsitElementeTikla is PASSED

2021-10-14 17:29:02 - [MESSAGE][PASSED] - Call Test Case 'Test Cases/Filtreler/ButonaTikla' successfully

2021-10-14 17:29:02 - [MESSAGE][INFO] - Checking called Test Case

2021-10-14 17:29:02 - [MESSAGE][INFO] - Starting to call Test Case 'Test Cases/Tablo/TablodaVeriVarMi'

2021-10-14 17:29:02 - [TEST_CASE][PASSED] - Test Cases/Tablo/TablodaVeriVarMi: Test Cases/Tablo/TablodaVeriVarMi

2021-10-14 17:29:02 - [TEST_STEP][PASSED] - verifyTextNotPresent("Görüntülenecek veri yok", true): Text 'Görüntülenecek veri yok' is not present on page using regular expression

2021-10-14 17:29:02 - [MESSAGE][INFO] - Checking text present  using regular expression

2021-10-14 17:29:02 - [MESSAGE][INFO] - Smart Wait Function is triggered

2021-10-14 17:29:03 - [MESSAGE][INFO] - Finding text 'Görüntülenecek veri yok' on page  using regular expression

2021-10-14 17:29:03 - [MESSAGE][PASSED] - Text 'Görüntülenecek veri yok' is not present on page using regular expression

2021-10-14 17:29:03 - [MESSAGE][PASSED] - Call Test Case 'Test Cases/Tablo/TablodaVeriVarMi' successfully

2021-10-14 17:29:03 - [MESSAGE][INFO] - Checking called Test Case

2021-10-14 17:29:03 - [MESSAGE][INFO] - Starting to call Test Case 'Test Cases/Tablo/TablodanVeriSec'

2021-10-14 17:29:03 - [TEST_CASE][PASSED] - Test Cases/Tablo/TablodanVeriSec: Test Cases/Tablo/TablodanVeriSec

2021-10-14 17:29:03 - [TEST_STEP][PASSED] - Method.TextDegerineEsitElementinAltindakineTikla(findTestObject("Tablo/Veriler"), findTestObject("Tablo/VerininCheckBoxi"), Veri_Adi): Method.TextDegerineEsitElementinAltindakineTikla is PASSED

2021-10-14 17:29:03 - [MESSAGE][INFO] - Finding Test Object 'Object Repository/Tablo/Veriler'

2021-10-14 17:29:03 - [MESSAGE][INFO] - Finding Test Object 'Object Repository/Tablo/VerininCheckBoxi'

2021-10-14 17:29:03 - [MESSAGE][INFO] - Checking timeout

2021-10-14 17:29:03 - [MESSAGE][INFO] - Finding web element with id: 'Object Repository/Tablo/Veriler' located by 'By.cssSelector: td.dxgv b ,td.dxgv' in '10' second(s)

2021-10-14 17:29:03 - [MESSAGE][INFO] - Smart Wait Function is triggered

2021-10-14 17:29:04 - [MESSAGE][INFO] - Found 27 web elements with id: 'Object Repository/Tablo/Veriler' located by 'By.cssSelector: td.dxgv b ,td.dxgv' in '10' second(s)

2021-10-14 17:29:04 - [MESSAGE][INFO] - Smart Wait Function is triggered

2021-10-14 17:29:04 - [MESSAGE][PASSED] - Method.TextDegerineEsitElementinAltindakineTikla is PASSED

2021-10-14 17:29:04 - [MESSAGE][PASSED] - Call Test Case 'Test Cases/Tablo/TablodanVeriSec' successfully

2021-10-14 17:29:04 - [MESSAGE][INFO] - Checking called Test Case

2021-10-14 17:29:04 - [MESSAGE][INFO] - Starting to call Test Case 'Test Cases/Butonlar/ButonaTikla'

2021-10-14 17:29:04 - [TEST_CASE][PASSED] - Test Cases/Butonlar/ButonaTikla: Test Cases/Butonlar/ButonaTikla

2021-10-14 17:29:04 - [TEST_STEP][PASSED] - Method.TextDegerineEsitElementeTiklaEquals(findTestObject("Butonlar/Butonlar"), Buton_Adi): Method.TextDegerineEsitElementeTiklaEquals is PASSED

2021-10-14 17:29:04 - [MESSAGE][INFO] - Finding Test Object 'Object Repository/Butonlar/Butonlar'

2021-10-14 17:29:04 - [MESSAGE][INFO] - Checking timeout

2021-10-14 17:29:04 - [MESSAGE][INFO] - Finding web element with id: 'Object Repository/Butonlar/Butonlar' located by 'By.cssSelector: .panel.panel-default.text-center.footerPanel .btn,.btn.btn-primary.btnControls' in '10' second(s)

2021-10-14 17:29:04 - [MESSAGE][INFO] - Smart Wait Function is triggered

2021-10-14 17:29:05 - [MESSAGE][INFO] - Found 6 web elements with id: 'Object Repository/Butonlar/Butonlar' located by 'By.cssSelector: .panel.panel-default.text-center.footerPanel .btn,.btn.btn-primary.btnControls' in '10' second(s)

2021-10-14 17:29:05 - [MESSAGE][PASSED] - Method.TextDegerineEsitElementeTiklaEquals is PASSED

2021-10-14 17:29:05 - [MESSAGE][PASSED] - Call Test Case 'Test Cases/Butonlar/ButonaTikla' successfully

2021-10-14 17:29:05 - [MESSAGE][INFO] - Checking called Test Case

2021-10-14 17:29:05 - [MESSAGE][INFO] - Starting to call Test Case 'Test Cases/Butonlar/AltButonaTikla'

2021-10-14 17:29:05 - [TEST_CASE][PASSED] - Test Cases/Butonlar/AltButonaTikla: Test Cases/Butonlar/AltButonaTikla

2021-10-14 17:29:05 - [TEST_STEP][PASSED] - Method.TextDegerineEsitElementeTikla(findTestObject("Butonlar/AltButonlar"), Alt_Buton): Method.TextDegerineEsitElementeTikla is PASSED

2021-10-14 17:29:05 - [MESSAGE][INFO] - Finding Test Object 'Object Repository/Butonlar/AltButonlar'

2021-10-14 17:29:05 - [MESSAGE][INFO] - Checking timeout

2021-10-14 17:29:05 - [MESSAGE][INFO] - Finding web element with id: 'Object Repository/Butonlar/AltButonlar' located by 'By.cssSelector: .btn-group.open li>a' in '10' second(s)

2021-10-14 17:29:05 - [MESSAGE][INFO] - Smart Wait Function is triggered

2021-10-14 17:29:06 - [MESSAGE][INFO] - Found 2 web elements with id: 'Object Repository/Butonlar/AltButonlar' located by 'By.cssSelector: .btn-group.open li>a' in '10' second(s)

2021-10-14 17:29:06 - [MESSAGE][PASSED] - Method.TextDegerineEsitElementeTikla is PASSED

2021-10-14 17:29:06 - [MESSAGE][PASSED] - Call Test Case 'Test Cases/Butonlar/AltButonaTikla' successfully

2021-10-14 17:29:06 - [MESSAGE][INFO] - Checking called Test Case

2021-10-14 17:29:06 - [MESSAGE][INFO] - Starting to call Test Case 'Test Cases/Popup/PopupMesajiIceriyorMu'

2021-10-14 17:29:06 - [TEST_CASE][PASSED] - Test Cases/Popup/PopupMesajiIceriyorMu: Test Cases/Popup/PopupMesajiIceriyorMu

2021-10-14 17:29:06 - [TEST_STEP][PASSED] - waitForElementVisible(findTestObject("Popup/Popup"), 10): Object 'Object Repository/Popup/Popup' is visible

2021-10-14 17:29:06 - [MESSAGE][INFO] - Finding Test Object 'Object Repository/Popup/Popup'

2021-10-14 17:29:06 - [MESSAGE][INFO] - Checking object

2021-10-14 17:29:06 - [MESSAGE][INFO] - Checking timeout

2021-10-14 17:29:06 - [MESSAGE][INFO] - Finding web element from Test Object's properties

2021-10-14 17:29:06 - [MESSAGE][INFO] - Checking timeout

2021-10-14 17:29:06 - [MESSAGE][INFO] - Finding web element with id: 'Object Repository/Popup/Popup' located by 'By.cssSelector: .bootbox-body' in '10' second(s)

2021-10-14 17:29:06 - [MESSAGE][INFO] - Smart Wait Function is triggered

2021-10-14 17:29:07 - [MESSAGE][INFO] - Found 1 web elements with id: 'Object Repository/Popup/Popup' located by 'By.cssSelector: .bootbox-body' in '10' second(s)

2021-10-14 17:29:07 - [MESSAGE][PASSED] - Object 'Object Repository/Popup/Popup' is visible

2021-10-14 17:29:07 - [TEST_STEP][PASSED] - if (!(getText(findTestObject("Popup/Popup")).contains(Mesaj))): Text of object 'Object Repository/Popup/Popup' is: 'Lütfen rapor bildiriminin gönderileceği e-posta adresini belirtiniz.
e-Posta Adresi'

2021-10-14 17:29:07 - [MESSAGE][INFO] - Finding Test Object 'Object Repository/Popup/Popup'

2021-10-14 17:29:07 - [MESSAGE][INFO] - Checking object

2021-10-14 17:29:07 - [MESSAGE][INFO] - Finding web element from Test Object's properties

2021-10-14 17:29:07 - [MESSAGE][INFO] - Checking timeout

2021-10-14 17:29:07 - [MESSAGE][INFO] - Finding web element with id: 'Object Repository/Popup/Popup' located by 'By.cssSelector: .bootbox-body' in '30' second(s)

2021-10-14 17:29:07 - [MESSAGE][INFO] - Smart Wait Function is triggered

2021-10-14 17:29:07 - [MESSAGE][INFO] - Found 1 web elements with id: 'Object Repository/Popup/Popup' located by 'By.cssSelector: .bootbox-body' in '30' second(s)

2021-10-14 17:29:07 - [MESSAGE][INFO] - Getting text of object 'Object Repository/Popup/Popup'

2021-10-14 17:29:07 - [MESSAGE][PASSED] - Text of object 'Object Repository/Popup/Popup' is: 'Lütfen rapor bildiriminin gönderileceği e-posta adresini belirtiniz.
e-Posta Adresi'

2021-10-14 17:29:07 - [TEST_STEP][PASSED] - RaporNo = getText(findTestObject("Popup/Popup")).substring(0, 6): Text of object 'Object Repository/Popup/Popup' is: 'Lütfen rapor bildiriminin gönderileceği e-posta adresini belirtiniz.
e-Posta Adresi'

2021-10-14 17:29:07 - [MESSAGE][INFO] - Finding Test Object 'Object Repository/Popup/Popup'

2021-10-14 17:29:08 - [MESSAGE][INFO] - Checking object

2021-10-14 17:29:08 - [MESSAGE][INFO] - Finding web element from Test Object's properties

2021-10-14 17:29:08 - [MESSAGE][INFO] - Checking timeout

2021-10-14 17:29:08 - [MESSAGE][INFO] - Finding web element with id: 'Object Repository/Popup/Popup' located by 'By.cssSelector: .bootbox-body' in '30' second(s)

2021-10-14 17:29:08 - [MESSAGE][INFO] - Smart Wait Function is triggered

2021-10-14 17:29:08 - [MESSAGE][INFO] - Found 1 web elements with id: 'Object Repository/Popup/Popup' located by 'By.cssSelector: .bootbox-body' in '30' second(s)

2021-10-14 17:29:08 - [MESSAGE][INFO] - Getting text of object 'Object Repository/Popup/Popup'

2021-10-14 17:29:08 - [MESSAGE][PASSED] - Text of object 'Object Repository/Popup/Popup' is: 'Lütfen rapor bildiriminin gönderileceği e-posta adresini belirtiniz.
e-Posta Adresi'

2021-10-14 17:29:08 - [TEST_STEP][PASSED] - Console.println(RaporNo): null

2021-10-14 17:29:08 - [MESSAGE][PASSED] - Call Test Case 'Test Cases/Popup/PopupMesajiIceriyorMu' successfully

2021-10-14 17:29:08 - [MESSAGE][INFO] - Checking called Test Case

2021-10-14 17:29:08 - [MESSAGE][INFO] - Starting to call Test Case 'Test Cases/Popup/PopupButonSecilir'

2021-10-14 17:29:08 - [TEST_CASE][PASSED] - Test Cases/Popup/PopupButonSecilir: Test Cases/Popup/PopupButonSecilir

2021-10-14 17:29:08 - [TEST_STEP][PASSED] - Method.TextDegerineEsitElementeTikla(findTestObject("Popup/Popup_Butons"), Buton): Method.TextDegerineEsitElementeTikla is PASSED

2021-10-14 17:29:08 - [MESSAGE][INFO] - Finding Test Object 'Object Repository/Popup/Popup_Butons'

2021-10-14 17:29:08 - [MESSAGE][INFO] - Checking timeout

2021-10-14 17:29:08 - [MESSAGE][INFO] - Finding web element with id: 'Object Repository/Popup/Popup_Butons' located by 'By.cssSelector: .modal-footer>button' in '10' second(s)

2021-10-14 17:29:08 - [MESSAGE][INFO] - Smart Wait Function is triggered

2021-10-14 17:29:09 - [MESSAGE][INFO] - Found 2 web elements with id: 'Object Repository/Popup/Popup_Butons' located by 'By.cssSelector: .modal-footer>button' in '10' second(s)

2021-10-14 17:29:09 - [MESSAGE][PASSED] - Method.TextDegerineEsitElementeTikla is PASSED

2021-10-14 17:29:09 - [MESSAGE][PASSED] - Call Test Case 'Test Cases/Popup/PopupButonSecilir' successfully

2021-10-14 17:29:09 - [MESSAGE][INFO] - Checking called Test Case

2021-10-14 17:29:09 - [MESSAGE][INFO] - Starting to call Test Case 'Test Cases/Popup/PopupMesajiIceriyorMu'

2021-10-14 17:29:09 - [TEST_CASE][PASSED] - Test Cases/Popup/PopupMesajiIceriyorMu: Test Cases/Popup/PopupMesajiIceriyorMu

2021-10-14 17:29:09 - [TEST_STEP][PASSED] - waitForElementVisible(findTestObject("Popup/Popup"), 10): Object 'Object Repository/Popup/Popup' is visible

2021-10-14 17:29:09 - [MESSAGE][INFO] - Finding Test Object 'Object Repository/Popup/Popup'

2021-10-14 17:29:09 - [MESSAGE][INFO] - Checking object

2021-10-14 17:29:09 - [MESSAGE][INFO] - Checking timeout

2021-10-14 17:29:09 - [MESSAGE][INFO] - Finding web element from Test Object's properties

2021-10-14 17:29:09 - [MESSAGE][INFO] - Checking timeout

2021-10-14 17:29:09 - [MESSAGE][INFO] - Finding web element with id: 'Object Repository/Popup/Popup' located by 'By.cssSelector: .bootbox-body' in '10' second(s)

2021-10-14 17:29:09 - [MESSAGE][INFO] - Smart Wait Function is triggered

2021-10-14 17:29:10 - [MESSAGE][INFO] - Found 1 web elements with id: 'Object Repository/Popup/Popup' located by 'By.cssSelector: .bootbox-body' in '10' second(s)

2021-10-14 17:29:10 - [MESSAGE][PASSED] - Object 'Object Repository/Popup/Popup' is visible

2021-10-14 17:29:10 - [TEST_STEP][PASSED] - if (!(getText(findTestObject("Popup/Popup")).contains(Mesaj))): Text of object 'Object Repository/Popup/Popup' is: '14599 no’lu talebiniz işleme alınmıştır. Raporunuz hazırlandığında (elogotest@gmail.com) adresinize mail gönderilecektir.
Rapor durumunuzu Raporlar > Toplu Veri İndirme ekranından takip edebilir, hazırlandı durumundaki raporlarınızı ilgili menüden indirebilirsiniz.'

2021-10-14 17:29:10 - [MESSAGE][INFO] - Finding Test Object 'Object Repository/Popup/Popup'

2021-10-14 17:29:10 - [MESSAGE][INFO] - Checking object

2021-10-14 17:29:10 - [MESSAGE][INFO] - Finding web element from Test Object's properties

2021-10-14 17:29:10 - [MESSAGE][INFO] - Checking timeout

2021-10-14 17:29:10 - [MESSAGE][INFO] - Finding web element with id: 'Object Repository/Popup/Popup' located by 'By.cssSelector: .bootbox-body' in '30' second(s)

2021-10-14 17:29:10 - [MESSAGE][INFO] - Smart Wait Function is triggered

2021-10-14 17:29:10 - [MESSAGE][INFO] - Found 1 web elements with id: 'Object Repository/Popup/Popup' located by 'By.cssSelector: .bootbox-body' in '30' second(s)

2021-10-14 17:29:10 - [MESSAGE][INFO] - Getting text of object 'Object Repository/Popup/Popup'

2021-10-14 17:29:10 - [MESSAGE][PASSED] - Text of object 'Object Repository/Popup/Popup' is: '14599 no’lu talebiniz işleme alınmıştır. Raporunuz hazırlandığında (elogotest@gmail.com) adresinize mail gönderilecektir.
Rapor durumunuzu Raporlar > Toplu Veri İndirme ekranından takip edebilir, hazırlandı durumundaki raporlarınızı ilgili menüden indirebilirsiniz.'

2021-10-14 17:29:10 - [TEST_STEP][PASSED] - RaporNo = getText(findTestObject("Popup/Popup")).substring(0, 6): Text of object 'Object Repository/Popup/Popup' is: '14599 no’lu talebiniz işleme alınmıştır. Raporunuz hazırlandığında (elogotest@gmail.com) adresinize mail gönderilecektir.
Rapor durumunuzu Raporlar > Toplu Veri İndirme ekranından takip edebilir, hazırlandı durumundaki raporlarınızı ilgili menüden indirebilirsiniz.'

2021-10-14 17:29:10 - [MESSAGE][INFO] - Finding Test Object 'Object Repository/Popup/Popup'

2021-10-14 17:29:11 - [MESSAGE][INFO] - Checking object

2021-10-14 17:29:11 - [MESSAGE][INFO] - Finding web element from Test Object's properties

2021-10-14 17:29:11 - [MESSAGE][INFO] - Checking timeout

2021-10-14 17:29:11 - [MESSAGE][INFO] - Finding web element with id: 'Object Repository/Popup/Popup' located by 'By.cssSelector: .bootbox-body' in '30' second(s)

2021-10-14 17:29:11 - [MESSAGE][INFO] - Smart Wait Function is triggered

2021-10-14 17:29:11 - [MESSAGE][INFO] - Found 1 web elements with id: 'Object Repository/Popup/Popup' located by 'By.cssSelector: .bootbox-body' in '30' second(s)

2021-10-14 17:29:11 - [MESSAGE][INFO] - Getting text of object 'Object Repository/Popup/Popup'

2021-10-14 17:29:11 - [MESSAGE][PASSED] - Text of object 'Object Repository/Popup/Popup' is: '14599 no’lu talebiniz işleme alınmıştır. Raporunuz hazırlandığında (elogotest@gmail.com) adresinize mail gönderilecektir.
Rapor durumunuzu Raporlar > Toplu Veri İndirme ekranından takip edebilir, hazırlandı durumundaki raporlarınızı ilgili menüden indirebilirsiniz.'

2021-10-14 17:29:11 - [TEST_STEP][PASSED] - Console.println(RaporNo): null

2021-10-14 17:29:11 - [MESSAGE][PASSED] - Call Test Case 'Test Cases/Popup/PopupMesajiIceriyorMu' successfully

2021-10-14 17:29:11 - [MESSAGE][INFO] - Checking called Test Case

2021-10-14 17:29:11 - [MESSAGE][INFO] - Starting to call Test Case 'Test Cases/Popup/PopupButonSecilir'

2021-10-14 17:29:11 - [TEST_CASE][PASSED] - Test Cases/Popup/PopupButonSecilir: Test Cases/Popup/PopupButonSecilir

2021-10-14 17:29:11 - [TEST_STEP][PASSED] - Method.TextDegerineEsitElementeTikla(findTestObject("Popup/Popup_Butons"), Buton): Method.TextDegerineEsitElementeTikla is PASSED

2021-10-14 17:29:11 - [MESSAGE][INFO] - Finding Test Object 'Object Repository/Popup/Popup_Butons'

2021-10-14 17:29:11 - [MESSAGE][INFO] - Checking timeout

2021-10-14 17:29:11 - [MESSAGE][INFO] - Finding web element with id: 'Object Repository/Popup/Popup_Butons' located by 'By.cssSelector: .modal-footer>button' in '10' second(s)

2021-10-14 17:29:11 - [MESSAGE][INFO] - Smart Wait Function is triggered

2021-10-14 17:29:12 - [MESSAGE][INFO] - Found 1 web elements with id: 'Object Repository/Popup/Popup_Butons' located by 'By.cssSelector: .modal-footer>button' in '10' second(s)

2021-10-14 17:29:12 - [MESSAGE][PASSED] - Method.TextDegerineEsitElementeTikla is PASSED

2021-10-14 17:29:12 - [MESSAGE][PASSED] - Call Test Case 'Test Cases/Popup/PopupButonSecilir' successfully

2021-10-14 17:29:12 - [MESSAGE][INFO] - Checking called Test Case

2021-10-14 17:29:12 - [MESSAGE][INFO] - Starting to call Test Case 'Test Cases/Butonlar/ButonaTikla'

2021-10-14 17:29:12 - [TEST_CASE][PASSED] - Test Cases/Butonlar/ButonaTikla: Test Cases/Butonlar/ButonaTikla

2021-10-14 17:29:12 - [TEST_STEP][PASSED] - Method.TextDegerineEsitElementeTiklaEquals(findTestObject("Butonlar/Butonlar"), Buton_Adi): Method.TextDegerineEsitElementeTiklaEquals is PASSED

2021-10-14 17:29:12 - [MESSAGE][INFO] - Finding Test Object 'Object Repository/Butonlar/Butonlar'

2021-10-14 17:29:12 - [MESSAGE][INFO] - Checking timeout

2021-10-14 17:29:12 - [MESSAGE][INFO] - Finding web element with id: 'Object Repository/Butonlar/Butonlar' located by 'By.cssSelector: .panel.panel-default.text-center.footerPanel .btn,.btn.btn-primary.btnControls' in '10' second(s)

2021-10-14 17:29:12 - [MESSAGE][INFO] - Smart Wait Function is triggered

2021-10-14 17:29:12 - [MESSAGE][INFO] - Found 6 web elements with id: 'Object Repository/Butonlar/Butonlar' located by 'By.cssSelector: .panel.panel-default.text-center.footerPanel .btn,.btn.btn-primary.btnControls' in '10' second(s)

2021-10-14 17:29:13 - [MESSAGE][PASSED] - Method.TextDegerineEsitElementeTiklaEquals is PASSED

2021-10-14 17:29:13 - [MESSAGE][PASSED] - Call Test Case 'Test Cases/Butonlar/ButonaTikla' successfully

2021-10-14 17:29:13 - [MESSAGE][INFO] - Checking called Test Case

2021-10-14 17:29:13 - [MESSAGE][INFO] - Starting to call Test Case 'Test Cases/Butonlar/AltButonaTikla'

2021-10-14 17:29:13 - [TEST_CASE][PASSED] - Test Cases/Butonlar/AltButonaTikla: Test Cases/Butonlar/AltButonaTikla

2021-10-14 17:29:13 - [TEST_STEP][PASSED] - Method.TextDegerineEsitElementeTikla(findTestObject("Butonlar/AltButonlar"), Alt_Buton): Method.TextDegerineEsitElementeTikla is PASSED

2021-10-14 17:29:13 - [MESSAGE][INFO] - Finding Test Object 'Object Repository/Butonlar/AltButonlar'

2021-10-14 17:29:13 - [MESSAGE][INFO] - Checking timeout

2021-10-14 17:29:13 - [MESSAGE][INFO] - Finding web element with id: 'Object Repository/Butonlar/AltButonlar' located by 'By.cssSelector: .btn-group.open li>a' in '10' second(s)

2021-10-14 17:29:13 - [MESSAGE][INFO] - Smart Wait Function is triggered

2021-10-14 17:29:13 - [MESSAGE][INFO] - Found 2 web elements with id: 'Object Repository/Butonlar/AltButonlar' located by 'By.cssSelector: .btn-group.open li>a' in '10' second(s)

2021-10-14 17:29:13 - [MESSAGE][PASSED] - Method.TextDegerineEsitElementeTikla is PASSED

2021-10-14 17:29:13 - [MESSAGE][PASSED] - Call Test Case 'Test Cases/Butonlar/AltButonaTikla' successfully

2021-10-14 17:29:13 - [MESSAGE][INFO] - Checking called Test Case

2021-10-14 17:29:13 - [MESSAGE][INFO] - Starting to call Test Case 'Test Cases/Popup/PopupMesajiIceriyorMu'

2021-10-14 17:29:13 - [TEST_CASE][PASSED] - Test Cases/Popup/PopupMesajiIceriyorMu: Test Cases/Popup/PopupMesajiIceriyorMu

2021-10-14 17:29:13 - [TEST_STEP][PASSED] - waitForElementVisible(findTestObject("Popup/Popup"), 10): Object 'Object Repository/Popup/Popup' is visible

2021-10-14 17:29:13 - [MESSAGE][INFO] - Finding Test Object 'Object Repository/Popup/Popup'

2021-10-14 17:29:13 - [MESSAGE][INFO] - Checking object

2021-10-14 17:29:13 - [MESSAGE][INFO] - Checking timeout

2021-10-14 17:29:13 - [MESSAGE][INFO] - Finding web element from Test Object's properties

2021-10-14 17:29:13 - [MESSAGE][INFO] - Checking timeout

2021-10-14 17:29:13 - [MESSAGE][INFO] - Finding web element with id: 'Object Repository/Popup/Popup' located by 'By.cssSelector: .bootbox-body' in '10' second(s)

2021-10-14 17:29:13 - [MESSAGE][INFO] - Smart Wait Function is triggered

2021-10-14 17:29:14 - [MESSAGE][INFO] - Found 1 web elements with id: 'Object Repository/Popup/Popup' located by 'By.cssSelector: .bootbox-body' in '10' second(s)

2021-10-14 17:29:14 - [MESSAGE][PASSED] - Object 'Object Repository/Popup/Popup' is visible

2021-10-14 17:29:14 - [TEST_STEP][PASSED] - if (!(getText(findTestObject("Popup/Popup")).contains(Mesaj))): Text of object 'Object Repository/Popup/Popup' is: 'Lütfen rapor bildiriminin gönderileceği e-posta adresini belirtiniz.
e-Posta Adresi'

2021-10-14 17:29:14 - [MESSAGE][INFO] - Finding Test Object 'Object Repository/Popup/Popup'

2021-10-14 17:29:14 - [MESSAGE][INFO] - Checking object

2021-10-14 17:29:14 - [MESSAGE][INFO] - Finding web element from Test Object's properties

2021-10-14 17:29:14 - [MESSAGE][INFO] - Checking timeout

2021-10-14 17:29:14 - [MESSAGE][INFO] - Finding web element with id: 'Object Repository/Popup/Popup' located by 'By.cssSelector: .bootbox-body' in '30' second(s)

2021-10-14 17:29:14 - [MESSAGE][INFO] - Smart Wait Function is triggered

2021-10-14 17:29:14 - [MESSAGE][INFO] - Found 1 web elements with id: 'Object Repository/Popup/Popup' located by 'By.cssSelector: .bootbox-body' in '30' second(s)

2021-10-14 17:29:14 - [MESSAGE][INFO] - Getting text of object 'Object Repository/Popup/Popup'

2021-10-14 17:29:14 - [MESSAGE][PASSED] - Text of object 'Object Repository/Popup/Popup' is: 'Lütfen rapor bildiriminin gönderileceği e-posta adresini belirtiniz.
e-Posta Adresi'

2021-10-14 17:29:14 - [TEST_STEP][PASSED] - RaporNo = getText(findTestObject("Popup/Popup")).substring(0, 6): Text of object 'Object Repository/Popup/Popup' is: 'Lütfen rapor bildiriminin gönderileceği e-posta adresini belirtiniz.
e-Posta Adresi'

2021-10-14 17:29:14 - [MESSAGE][INFO] - Finding Test Object 'Object Repository/Popup/Popup'

2021-10-14 17:29:14 - [MESSAGE][INFO] - Checking object

2021-10-14 17:29:14 - [MESSAGE][INFO] - Finding web element from Test Object's properties

2021-10-14 17:29:14 - [MESSAGE][INFO] - Checking timeout

2021-10-14 17:29:14 - [MESSAGE][INFO] - Finding web element with id: 'Object Repository/Popup/Popup' located by 'By.cssSelector: .bootbox-body' in '30' second(s)

2021-10-14 17:29:14 - [MESSAGE][INFO] - Smart Wait Function is triggered

2021-10-14 17:29:15 - [MESSAGE][INFO] - Found 1 web elements with id: 'Object Repository/Popup/Popup' located by 'By.cssSelector: .bootbox-body' in '30' second(s)

2021-10-14 17:29:15 - [MESSAGE][INFO] - Getting text of object 'Object Repository/Popup/Popup'

2021-10-14 17:29:15 - [MESSAGE][PASSED] - Text of object 'Object Repository/Popup/Popup' is: 'Lütfen rapor bildiriminin gönderileceği e-posta adresini belirtiniz.
e-Posta Adresi'

2021-10-14 17:29:15 - [TEST_STEP][PASSED] - Console.println(RaporNo): null

2021-10-14 17:29:15 - [MESSAGE][PASSED] - Call Test Case 'Test Cases/Popup/PopupMesajiIceriyorMu' successfully

2021-10-14 17:29:15 - [MESSAGE][INFO] - Checking called Test Case

2021-10-14 17:29:15 - [MESSAGE][INFO] - Starting to call Test Case 'Test Cases/Popup/PopupButonSecilir'

2021-10-14 17:29:15 - [TEST_CASE][PASSED] - Test Cases/Popup/PopupButonSecilir: Test Cases/Popup/PopupButonSecilir

2021-10-14 17:29:15 - [TEST_STEP][PASSED] - Method.TextDegerineEsitElementeTikla(findTestObject("Popup/Popup_Butons"), Buton): Method.TextDegerineEsitElementeTikla is PASSED

2021-10-14 17:29:15 - [MESSAGE][INFO] - Finding Test Object 'Object Repository/Popup/Popup_Butons'

2021-10-14 17:29:15 - [MESSAGE][INFO] - Checking timeout

2021-10-14 17:29:15 - [MESSAGE][INFO] - Finding web element with id: 'Object Repository/Popup/Popup_Butons' located by 'By.cssSelector: .modal-footer>button' in '10' second(s)

2021-10-14 17:29:15 - [MESSAGE][INFO] - Smart Wait Function is triggered

2021-10-14 17:29:15 - [MESSAGE][INFO] - Found 2 web elements with id: 'Object Repository/Popup/Popup_Butons' located by 'By.cssSelector: .modal-footer>button' in '10' second(s)

2021-10-14 17:29:15 - [MESSAGE][PASSED] - Method.TextDegerineEsitElementeTikla is PASSED

2021-10-14 17:29:15 - [MESSAGE][PASSED] - Call Test Case 'Test Cases/Popup/PopupButonSecilir' successfully

2021-10-14 17:29:15 - [MESSAGE][INFO] - Checking called Test Case

2021-10-14 17:29:15 - [MESSAGE][INFO] - Starting to call Test Case 'Test Cases/Popup/PopupMesajiIceriyorMu'

2021-10-14 17:29:15 - [TEST_CASE][PASSED] - Test Cases/Popup/PopupMesajiIceriyorMu: Test Cases/Popup/PopupMesajiIceriyorMu

2021-10-14 17:29:15 - [TEST_STEP][PASSED] - waitForElementVisible(findTestObject("Popup/Popup"), 10): Object 'Object Repository/Popup/Popup' is visible

2021-10-14 17:29:15 - [MESSAGE][INFO] - Finding Test Object 'Object Repository/Popup/Popup'

2021-10-14 17:29:16 - [MESSAGE][INFO] - Checking object

2021-10-14 17:29:16 - [MESSAGE][INFO] - Checking timeout

2021-10-14 17:29:16 - [MESSAGE][INFO] - Finding web element from Test Object's properties

2021-10-14 17:29:16 - [MESSAGE][INFO] - Checking timeout

2021-10-14 17:29:16 - [MESSAGE][INFO] - Finding web element with id: 'Object Repository/Popup/Popup' located by 'By.cssSelector: .bootbox-body' in '10' second(s)

2021-10-14 17:29:16 - [MESSAGE][INFO] - Smart Wait Function is triggered

2021-10-14 17:29:16 - [MESSAGE][INFO] - Found 1 web elements with id: 'Object Repository/Popup/Popup' located by 'By.cssSelector: .bootbox-body' in '10' second(s)

2021-10-14 17:29:16 - [MESSAGE][PASSED] - Object 'Object Repository/Popup/Popup' is visible

2021-10-14 17:29:16 - [TEST_STEP][PASSED] - if (!(getText(findTestObject("Popup/Popup")).contains(Mesaj))): Text of object 'Object Repository/Popup/Popup' is: '14600 no’lu talebiniz işleme alınmıştır. Raporunuz hazırlandığında (elogotest@gmail.com) adresinize mail gönderilecektir.
Rapor durumunuzu Raporlar > Toplu Veri İndirme ekranından takip edebilir, hazırlandı durumundaki raporlarınızı ilgili menüden indirebilirsiniz.'

2021-10-14 17:29:16 - [MESSAGE][INFO] - Finding Test Object 'Object Repository/Popup/Popup'

2021-10-14 17:29:16 - [MESSAGE][INFO] - Checking object

2021-10-14 17:29:16 - [MESSAGE][INFO] - Finding web element from Test Object's properties

2021-10-14 17:29:16 - [MESSAGE][INFO] - Checking timeout

2021-10-14 17:29:16 - [MESSAGE][INFO] - Finding web element with id: 'Object Repository/Popup/Popup' located by 'By.cssSelector: .bootbox-body' in '30' second(s)

2021-10-14 17:29:16 - [MESSAGE][INFO] - Smart Wait Function is triggered

2021-10-14 17:29:17 - [MESSAGE][INFO] - Found 1 web elements with id: 'Object Repository/Popup/Popup' located by 'By.cssSelector: .bootbox-body' in '30' second(s)

2021-10-14 17:29:17 - [MESSAGE][INFO] - Getting text of object 'Object Repository/Popup/Popup'

2021-10-14 17:29:17 - [MESSAGE][PASSED] - Text of object 'Object Repository/Popup/Popup' is: '14600 no’lu talebiniz işleme alınmıştır. Raporunuz hazırlandığında (elogotest@gmail.com) adresinize mail gönderilecektir.
Rapor durumunuzu Raporlar > Toplu Veri İndirme ekranından takip edebilir, hazırlandı durumundaki raporlarınızı ilgili menüden indirebilirsiniz.'

2021-10-14 17:29:17 - [TEST_STEP][PASSED] - RaporNo = getText(findTestObject("Popup/Popup")).substring(0, 6): Text of object 'Object Repository/Popup/Popup' is: '14600 no’lu talebiniz işleme alınmıştır. Raporunuz hazırlandığında (elogotest@gmail.com) adresinize mail gönderilecektir.
Rapor durumunuzu Raporlar > Toplu Veri İndirme ekranından takip edebilir, hazırlandı durumundaki raporlarınızı ilgili menüden indirebilirsiniz.'

2021-10-14 17:29:17 - [MESSAGE][INFO] - Finding Test Object 'Object Repository/Popup/Popup'

2021-10-14 17:29:17 - [MESSAGE][INFO] - Checking object

2021-10-14 17:29:17 - [MESSAGE][INFO] - Finding web element from Test Object's properties

2021-10-14 17:29:17 - [MESSAGE][INFO] - Checking timeout

2021-10-14 17:29:17 - [MESSAGE][INFO] - Finding web element with id: 'Object Repository/Popup/Popup' located by 'By.cssSelector: .bootbox-body' in '30' second(s)

2021-10-14 17:29:17 - [MESSAGE][INFO] - Smart Wait Function is triggered

2021-10-14 17:29:17 - [MESSAGE][INFO] - Found 1 web elements with id: 'Object Repository/Popup/Popup' located by 'By.cssSelector: .bootbox-body' in '30' second(s)

2021-10-14 17:29:17 - [MESSAGE][INFO] - Getting text of object 'Object Repository/Popup/Popup'

2021-10-14 17:29:17 - [MESSAGE][PASSED] - Text of object 'Object Repository/Popup/Popup' is: '14600 no’lu talebiniz işleme alınmıştır. Raporunuz hazırlandığında (elogotest@gmail.com) adresinize mail gönderilecektir.
Rapor durumunuzu Raporlar > Toplu Veri İndirme ekranından takip edebilir, hazırlandı durumundaki raporlarınızı ilgili menüden indirebilirsiniz.'

2021-10-14 17:29:17 - [TEST_STEP][PASSED] - Console.println(RaporNo): null

2021-10-14 17:29:17 - [MESSAGE][PASSED] - Call Test Case 'Test Cases/Popup/PopupMesajiIceriyorMu' successfully

2021-10-14 17:29:17 - [MESSAGE][INFO] - Checking called Test Case

2021-10-14 17:29:17 - [MESSAGE][INFO] - Starting to call Test Case 'Test Cases/Popup/PopupButonSecilir'

2021-10-14 17:29:17 - [TEST_CASE][PASSED] - Test Cases/Popup/PopupButonSecilir: Test Cases/Popup/PopupButonSecilir

2021-10-14 17:29:17 - [TEST_STEP][PASSED] - Method.TextDegerineEsitElementeTikla(findTestObject("Popup/Popup_Butons"), Buton): Method.TextDegerineEsitElementeTikla is PASSED

2021-10-14 17:29:17 - [MESSAGE][INFO] - Finding Test Object 'Object Repository/Popup/Popup_Butons'

2021-10-14 17:29:17 - [MESSAGE][INFO] - Checking timeout

2021-10-14 17:29:17 - [MESSAGE][INFO] - Finding web element with id: 'Object Repository/Popup/Popup_Butons' located by 'By.cssSelector: .modal-footer>button' in '10' second(s)

2021-10-14 17:29:17 - [MESSAGE][INFO] - Smart Wait Function is triggered

2021-10-14 17:29:17 - [MESSAGE][INFO] - Found 1 web elements with id: 'Object Repository/Popup/Popup_Butons' located by 'By.cssSelector: .modal-footer>button' in '10' second(s)

2021-10-14 17:29:17 - [MESSAGE][PASSED] - Method.TextDegerineEsitElementeTikla is PASSED

2021-10-14 17:29:17 - [MESSAGE][PASSED] - Call Test Case 'Test Cases/Popup/PopupButonSecilir' successfully

2021-10-14 17:29:17 - [MESSAGE][INFO] - Checking called Test Case

2021-10-14 17:29:17 - [MESSAGE][INFO] - Starting to call Test Case 'Test Cases/Menu/AnaMenuSecimi'

2021-10-14 17:29:17 - [TEST_CASE][PASSED] - Test Cases/Menu/AnaMenuSecimi: Test Cases/Menu/AnaMenuSecimi

2021-10-14 17:29:17 - [TEST_STEP][PASSED] - Method.TextDegerineEsitElementeTikla(findTestObject("Menu/Ana_Menu"), Ana_Menu): Method.TextDegerineEsitElementeTikla is PASSED

2021-10-14 17:29:17 - [MESSAGE][INFO] - Finding Test Object 'Object Repository/Menu/Ana_Menu'

2021-10-14 17:29:18 - [MESSAGE][INFO] - Checking timeout

2021-10-14 17:29:18 - [MESSAGE][INFO] - Finding web element with id: 'Object Repository/Menu/Ana_Menu' located by 'By.xpath: //*[@class = 'dropdown-toggle']' in '10' second(s)

2021-10-14 17:29:18 - [MESSAGE][INFO] - Smart Wait Function is triggered

2021-10-14 17:29:18 - [MESSAGE][INFO] - Found 14 web elements with id: 'Object Repository/Menu/Ana_Menu' located by 'By.xpath: //*[@class = 'dropdown-toggle']' in '10' second(s)

2021-10-14 17:29:18 - [MESSAGE][PASSED] - Method.TextDegerineEsitElementeTikla is PASSED

2021-10-14 17:29:18 - [MESSAGE][PASSED] - Call Test Case 'Test Cases/Menu/AnaMenuSecimi' successfully

2021-10-14 17:29:18 - [MESSAGE][INFO] - Checking called Test Case

2021-10-14 17:29:18 - [MESSAGE][INFO] - Starting to call Test Case 'Test Cases/Menu/AltMenuSecimi'

2021-10-14 17:29:19 - [TEST_CASE][PASSED] - Test Cases/Menu/AltMenuSecimi: Test Cases/Menu/AltMenuSecimi

2021-10-14 17:29:19 - [TEST_STEP][PASSED] - Method.TextDegerineEsitElementeTikla(findTestObject("Menu/Alt_Menu"), Alt_Menu): Method.TextDegerineEsitElementeTikla is PASSED

2021-10-14 17:29:19 - [MESSAGE][INFO] - Finding Test Object 'Object Repository/Menu/Alt_Menu'

2021-10-14 17:29:19 - [MESSAGE][INFO] - Checking timeout

2021-10-14 17:29:19 - [MESSAGE][INFO] - Finding web element with id: 'Object Repository/Menu/Alt_Menu' located by 'By.xpath: //li[@class='dropdown dropdown-large open']//li[@class='dropdown-element']' in '10' second(s)

2021-10-14 17:29:19 - [MESSAGE][INFO] - Smart Wait Function is triggered

2021-10-14 17:29:19 - [MESSAGE][INFO] - Found 9 web elements with id: 'Object Repository/Menu/Alt_Menu' located by 'By.xpath: //li[@class='dropdown dropdown-large open']//li[@class='dropdown-element']' in '10' second(s)

2021-10-14 17:29:20 - [MESSAGE][PASSED] - Method.TextDegerineEsitElementeTikla is PASSED

2021-10-14 17:29:20 - [MESSAGE][PASSED] - Call Test Case 'Test Cases/Menu/AltMenuSecimi' successfully

2021-10-14 17:29:20 - [MESSAGE][INFO] - Checking called Test Case

2021-10-14 17:29:20 - [MESSAGE][INFO] - Starting to call Test Case 'Test Cases/Filtreler/RaporNoYaz'

2021-10-14 17:29:20 - [TEST_CASE][PASSED] - Test Cases/Filtreler/RaporNoYaz: Test Cases/Filtreler/RaporNoYaz

2021-10-14 17:29:20 - [TEST_STEP][PASSED] - Method.TextDegerineEsitElementinAltindakiTextboxtaYaz(findTestObject("Filtreler/Basliklar"), findTestObject("Filtreler/Basliga_Gore_Textbox"), "Talep No", RaporNo): Method.TextDegerineEsitElementinAltindakiTextboxtaYaz is PASSED

2021-10-14 17:29:20 - [MESSAGE][INFO] - Finding Test Object 'Object Repository/Filtreler/Basliklar'

2021-10-14 17:29:20 - [MESSAGE][INFO] - Finding Test Object 'Object Repository/Filtreler/Basliga_Gore_Textbox'

2021-10-14 17:29:20 - [MESSAGE][INFO] - Checking timeout

2021-10-14 17:29:20 - [MESSAGE][INFO] - Finding web element with id: 'Object Repository/Filtreler/Basliklar' located by 'By.cssSelector: .control-label.col-sm-4.paddingMarginRLC' in '10' second(s)

2021-10-14 17:29:20 - [MESSAGE][INFO] - Smart Wait Function is triggered

2021-10-14 17:29:20 - [MESSAGE][INFO] - Found 8 web elements with id: 'Object Repository/Filtreler/Basliklar' located by 'By.cssSelector: .control-label.col-sm-4.paddingMarginRLC' in '10' second(s)

2021-10-14 17:29:20 - [MESSAGE][INFO] - Smart Wait Function is triggered

2021-10-14 17:29:21 - [MESSAGE][PASSED] - Method.TextDegerineEsitElementinAltindakiTextboxtaYaz is PASSED

2021-10-14 17:29:21 - [MESSAGE][PASSED] - Call Test Case 'Test Cases/Filtreler/RaporNoYaz' successfully

2021-10-14 17:29:21 - [MESSAGE][INFO] - Checking called Test Case

2021-10-14 17:29:21 - [MESSAGE][INFO] - Starting to call Test Case 'Test Cases/Filtreler/ButonaTikla'

2021-10-14 17:29:21 - [TEST_CASE][PASSED] - Test Cases/Filtreler/ButonaTikla: Test Cases/Filtreler/ButonaTikla

2021-10-14 17:29:21 - [TEST_STEP][PASSED] - Method.TextDegerineEsitElementeTikla(findTestObject("Filtreler/Butonlar"), Filtre_Buton): Method.TextDegerineEsitElementeTikla is PASSED

2021-10-14 17:29:21 - [MESSAGE][INFO] - Finding Test Object 'Object Repository/Filtreler/Butonlar'

2021-10-14 17:29:21 - [MESSAGE][INFO] - Checking timeout

2021-10-14 17:29:21 - [MESSAGE][INFO] - Finding web element with id: 'Object Repository/Filtreler/Butonlar' located by 'By.cssSelector: .dxb>span' in '10' second(s)

2021-10-14 17:29:21 - [MESSAGE][INFO] - Smart Wait Function is triggered

2021-10-14 17:29:21 - [MESSAGE][INFO] - Found 2 web elements with id: 'Object Repository/Filtreler/Butonlar' located by 'By.cssSelector: .dxb>span' in '10' second(s)

2021-10-14 17:29:21 - [MESSAGE][PASSED] - Method.TextDegerineEsitElementeTikla is PASSED

2021-10-14 17:29:21 - [MESSAGE][PASSED] - Call Test Case 'Test Cases/Filtreler/ButonaTikla' successfully

2021-10-14 17:29:21 - [MESSAGE][INFO] - Checking called Test Case

2021-10-14 17:29:21 - [MESSAGE][INFO] - Starting to call Test Case 'Test Cases/Tablo/TablodaVeriVarMi'

2021-10-14 17:29:21 - [TEST_CASE][PASSED] - Test Cases/Tablo/TablodaVeriVarMi: Test Cases/Tablo/TablodaVeriVarMi

2021-10-14 17:29:21 - [TEST_STEP][PASSED] - verifyTextNotPresent("Görüntülenecek veri yok", true): Text 'Görüntülenecek veri yok' is not present on page using regular expression

2021-10-14 17:29:21 - [MESSAGE][INFO] - Checking text present  using regular expression

2021-10-14 17:29:21 - [MESSAGE][INFO] - Smart Wait Function is triggered

2021-10-14 17:29:27 - [MESSAGE][INFO] - Finding text 'Görüntülenecek veri yok' on page  using regular expression

2021-10-14 17:29:27 - [MESSAGE][PASSED] - Text 'Görüntülenecek veri yok' is not present on page using regular expression

2021-10-14 17:29:27 - [MESSAGE][PASSED] - Call Test Case 'Test Cases/Tablo/TablodaVeriVarMi' successfully

2021-10-14 17:29:27 - [MESSAGE][INFO] - Checking called Test Case

2021-10-14 17:29:27 - [MESSAGE][INFO] - Starting to call Test Case 'Test Cases/Kullanici_Islemleri/KullaniciIslemlerindenSecimYapilir'

2021-10-14 17:29:27 - [TEST_CASE][PASSED] - Test Cases/Kullanici_Islemleri/KullaniciIslemlerindenSecimYapilir: Test Cases/Kullanici_Islemleri/KullaniciIslemlerindenSecimYapilir

2021-10-14 17:29:27 - [TEST_STEP][PASSED] - waitForElementClickable(findTestObject("Object Repository/Kullanici_Islemleri/KullaniciIslemleri"), 10): Object 'Object Repository/Kullanici_Islemleri/KullaniciIslemleri' is clickable

2021-10-14 17:29:27 - [MESSAGE][INFO] - Finding Test Object 'Object Repository/Kullanici_Islemleri/KullaniciIslemleri'

2021-10-14 17:29:28 - [MESSAGE][INFO] - Checking object

2021-10-14 17:29:28 - [MESSAGE][INFO] - Checking timeout

2021-10-14 17:29:28 - [MESSAGE][INFO] - Finding web element from Test Object's properties

2021-10-14 17:29:28 - [MESSAGE][INFO] - Checking timeout

2021-10-14 17:29:28 - [MESSAGE][INFO] - Finding web element with id: 'Object Repository/Kullanici_Islemleri/KullaniciIslemleri' located by 'By.cssSelector: .dropdown>a>img' in '10' second(s)

2021-10-14 17:29:28 - [MESSAGE][INFO] - Smart Wait Function is triggered

2021-10-14 17:29:28 - [MESSAGE][INFO] - Found 1 web elements with id: 'Object Repository/Kullanici_Islemleri/KullaniciIslemleri' located by 'By.cssSelector: .dropdown>a>img' in '10' second(s)

2021-10-14 17:29:28 - [MESSAGE][PASSED] - Object 'Object Repository/Kullanici_Islemleri/KullaniciIslemleri' is clickable

2021-10-14 17:29:28 - [TEST_STEP][PASSED] - click(findTestObject("Object Repository/Kullanici_Islemleri/KullaniciIslemleri")): Object: 'Object Repository/Kullanici_Islemleri/KullaniciIslemleri' is clicked on

2021-10-14 17:29:28 - [MESSAGE][INFO] - Finding Test Object 'Object Repository/Kullanici_Islemleri/KullaniciIslemleri'

2021-10-14 17:29:28 - [MESSAGE][INFO] - Checking object

2021-10-14 17:29:28 - [MESSAGE][INFO] - Finding web element from Test Object's properties

2021-10-14 17:29:28 - [MESSAGE][INFO] - Checking timeout

2021-10-14 17:29:28 - [MESSAGE][INFO] - Finding web element with id: 'Object Repository/Kullanici_Islemleri/KullaniciIslemleri' located by 'By.cssSelector: .dropdown>a>img' in '30' second(s)

2021-10-14 17:29:28 - [MESSAGE][INFO] - Smart Wait Function is triggered

2021-10-14 17:29:28 - [MESSAGE][INFO] - Found 1 web elements with id: 'Object Repository/Kullanici_Islemleri/KullaniciIslemleri' located by 'By.cssSelector: .dropdown>a>img' in '30' second(s)

2021-10-14 17:29:28 - [MESSAGE][INFO] - Clicking on object: 'Object Repository/Kullanici_Islemleri/KullaniciIslemleri'

2021-10-14 17:29:28 - [MESSAGE][PASSED] - Object: 'Object Repository/Kullanici_Islemleri/KullaniciIslemleri' is clicked on

2021-10-14 17:29:28 - [TEST_STEP][PASSED] - Method.TextDegerineEsitElementeTikla(findTestObject("Object Repository/Kullanici_Islemleri/Secenekler"), Islem): Method.TextDegerineEsitElementeTikla is PASSED

2021-10-14 17:29:28 - [MESSAGE][INFO] - Finding Test Object 'Object Repository/Kullanici_Islemleri/Secenekler'

2021-10-14 17:29:28 - [MESSAGE][INFO] - Checking timeout

2021-10-14 17:29:28 - [MESSAGE][INFO] - Finding web element with id: 'Object Repository/Kullanici_Islemleri/Secenekler' located by 'By.cssSelector: .nav.navbar-nav.navbar-right li a' in '10' second(s)

2021-10-14 17:29:28 - [MESSAGE][INFO] - Smart Wait Function is triggered

2021-10-14 17:29:29 - [MESSAGE][INFO] - Found 22 web elements with id: 'Object Repository/Kullanici_Islemleri/Secenekler' located by 'By.cssSelector: .nav.navbar-nav.navbar-right li a' in '10' second(s)

2021-10-14 17:29:30 - [MESSAGE][PASSED] - Method.TextDegerineEsitElementeTikla is PASSED

2021-10-14 17:29:30 - [TEST_STEP][PASSED] - verifyElementNotPresent(findTestObject("Object Repository/Kullanici_Islemleri/Secenekler"), 10): Web element with id: 'Object Repository/Kullanici_Islemleri/Secenekler' located by 'By.cssSelector: .nav.navbar-nav.navbar-right li a' is not present after '10' second(s)

2021-10-14 17:29:30 - [MESSAGE][INFO] - Finding Test Object 'Object Repository/Kullanici_Islemleri/Secenekler'

2021-10-14 17:29:31 - [MESSAGE][INFO] - Checking object

2021-10-14 17:29:31 - [MESSAGE][INFO] - Checking timeout

2021-10-14 17:29:31 - [MESSAGE][INFO] - Finding web element with id: 'Object Repository/Kullanici_Islemleri/Secenekler' located by 'By.cssSelector: .nav.navbar-nav.navbar-right li a' in '10' second(s)

2021-10-14 17:29:31 - [MESSAGE][INFO] - Smart Wait Function is triggered

2021-10-14 17:29:31 - [MESSAGE][PASSED] - Web element with id: 'Object Repository/Kullanici_Islemleri/Secenekler' located by 'By.cssSelector: .nav.navbar-nav.navbar-right li a' is not present after '10' second(s)

2021-10-14 17:29:31 - [MESSAGE][PASSED] - Call Test Case 'Test Cases/Kullanici_Islemleri/KullaniciIslemlerindenSecimYapilir' successfully

2021-10-14 17:29:31 - [TEST_CASE][PASSED] - Start Test Case : SCENARIO Irsaliye Yanitinin excele aktarilmasi: SCENARIO Irsaliye Yanitinin excele aktarilmasi

2021-10-14 17:29:31 - [TEST_STEP][PASSED] - Kullanıcı adı ELOGO6 ve Şifre 123456 olarak giriş yapılır: Kullanıcı adı ELOGO6 ve Şifre 123456 olarak giriş yapılır

2021-10-14 17:29:31 - [MESSAGE][PASSED] - Kullanıcı adı ELOGO6 ve Şifre 123456 olarak giriş yapılır

2021-10-14 17:29:31 - [TEST_STEP][PASSED] - Ana menüden e-İrsaliye seçilir: Ana menüden e-İrsaliye seçilir

2021-10-14 17:29:31 - [MESSAGE][PASSED] - Ana menüden e-İrsaliye seçilir

2021-10-14 17:29:31 - [TEST_STEP][PASSED] - Alt menü Gelen Kutusu başlığı altındaki İrsaliye Yanıtları seçilir: Alt menü Gelen Kutusu başlığı altındaki İrsaliye Yanıtları seçilir

2021-10-14 17:29:31 - [MESSAGE][PASSED] - Alt menü Gelen Kutusu başlığı altındaki İrsaliye Yanıtları seçilir

2021-10-14 17:29:31 - [TEST_STEP][PASSED] - Filtrelerden Oluşturma Tarihi filtresine 01.01.2020 baslangic degerini yaz: Filtrelerden Oluşturma Tarihi filtresine 01.01.2020 baslangic degerini yaz

2021-10-14 17:29:31 - [MESSAGE][PASSED] - Filtrelerden Oluşturma Tarihi filtresine 01.01.2020 baslangic degerini yaz

2021-10-14 17:29:31 - [TEST_STEP][PASSED] - Filtrelerden Oluşturma Tarihi filtresine 31.12.2020 bitis degerini yaz: Filtrelerden Oluşturma Tarihi filtresine 31.12.2020 bitis degerini yaz

2021-10-14 17:29:31 - [MESSAGE][PASSED] - Filtrelerden Oluşturma Tarihi filtresine 31.12.2020 bitis degerini yaz

2021-10-14 17:29:31 - [TEST_STEP][PASSED] - Filtre butonlarından Listele seçilir: Filtre butonlarından Listele seçilir

2021-10-14 17:29:31 - [MESSAGE][PASSED] - Filtre butonlarından Listele seçilir

2021-10-14 17:29:31 - [TEST_STEP][PASSED] - Tabloda veri var mı kontrol edilir: Tabloda veri var mı kontrol edilir

2021-10-14 17:29:31 - [MESSAGE][PASSED] - Tabloda veri var mı kontrol edilir

2021-10-14 17:29:31 - [TEST_STEP][PASSED] - Tablodan ELOGO TEST isimli veri seçilir: Tablodan ELOGO TEST isimli veri seçilir

2021-10-14 17:29:31 - [MESSAGE][PASSED] - Tablodan ELOGO TEST isimli veri seçilir

2021-10-14 17:29:31 - [TEST_STEP][PASSED] - Butonlardan Excel isimli butona tıklanır: Butonlardan Excel isimli butona tıklanır

2021-10-14 17:29:31 - [MESSAGE][PASSED] - Butonlardan Excel isimli butona tıklanır

2021-10-14 17:29:31 - [TEST_STEP][PASSED] - Alt butonlardan Excel'e Aktar butonuna tıklanır: Alt butonlardan Excel'e Aktar butonuna tıklanır

2021-10-14 17:29:31 - [MESSAGE][PASSED] - Alt butonlardan Excel'e Aktar butonuna tıklanır

2021-10-14 17:29:31 - [TEST_STEP][PASSED] - Popup mesajı Lütfen rapor bildiriminin gönderileceği e-posta adresini belirtiniz. içeriyor mu: Popup mesajı Lütfen rapor bildiriminin gönderileceği e-posta adresini belirtiniz. içeriyor mu

2021-10-14 17:29:31 - [MESSAGE][PASSED] - Popup mesajı Lütfen rapor bildiriminin gönderileceği e-posta adresini belirtiniz. içeriyor mu

2021-10-14 17:29:31 - [TEST_STEP][PASSED] - Yönetim popupında Gönder seçilir: Yönetim popupında Gönder seçilir

2021-10-14 17:29:31 - [MESSAGE][PASSED] - Yönetim popupında Gönder seçilir

2021-10-14 17:29:31 - [TEST_STEP][PASSED] - Popup mesajı Toplu Veri İndirme içeriyor mu: Popup mesajı Toplu Veri İndirme içeriyor mu

2021-10-14 17:29:31 - [MESSAGE][PASSED] - Popup mesajı Toplu Veri İndirme içeriyor mu

2021-10-14 17:29:31 - [TEST_STEP][PASSED] - Yönetim popupında Tamam seçilir: Yönetim popupında Tamam seçilir

2021-10-14 17:29:31 - [MESSAGE][PASSED] - Yönetim popupında Tamam seçilir

2021-10-14 17:29:31 - [TEST_STEP][PASSED] - Butonlardan Excel isimli butona tıklanır: Butonlardan Excel isimli butona tıklanır

2021-10-14 17:29:31 - [MESSAGE][PASSED] - Butonlardan Excel isimli butona tıklanır

2021-10-14 17:29:31 - [TEST_STEP][PASSED] - Alt butonlardan Tümünü Excel'e Aktar butonuna tıklanır: Alt butonlardan Tümünü Excel'e Aktar butonuna tıklanır

2021-10-14 17:29:31 - [MESSAGE][PASSED] - Alt butonlardan Tümünü Excel'e Aktar butonuna tıklanır

2021-10-14 17:29:31 - [TEST_STEP][PASSED] - Popup mesajı Lütfen rapor bildiriminin gönderileceği e-posta adresini belirtiniz. içeriyor mu: Popup mesajı Lütfen rapor bildiriminin gönderileceği e-posta adresini belirtiniz. içeriyor mu

2021-10-14 17:29:31 - [MESSAGE][PASSED] - Popup mesajı Lütfen rapor bildiriminin gönderileceği e-posta adresini belirtiniz. içeriyor mu

2021-10-14 17:29:31 - [TEST_STEP][PASSED] - Yönetim popupında Gönder seçilir: Yönetim popupında Gönder seçilir

2021-10-14 17:29:31 - [MESSAGE][PASSED] - Yönetim popupında Gönder seçilir

2021-10-14 17:29:31 - [TEST_STEP][PASSED] - Popup mesajı Toplu Veri İndirme içeriyor mu: Popup mesajı Toplu Veri İndirme içeriyor mu

2021-10-14 17:29:31 - [MESSAGE][PASSED] - Popup mesajı Toplu Veri İndirme içeriyor mu

2021-10-14 17:29:31 - [TEST_STEP][PASSED] - Yönetim popupında Tamam seçilir: Yönetim popupında Tamam seçilir

2021-10-14 17:29:31 - [MESSAGE][PASSED] - Yönetim popupında Tamam seçilir

2021-10-14 17:29:31 - [TEST_STEP][PASSED] - Ana menüden Raporlar seçilir: Ana menüden Raporlar seçilir

2021-10-14 17:29:31 - [MESSAGE][PASSED] - Ana menüden Raporlar seçilir

2021-10-14 17:29:31 - [TEST_STEP][PASSED] - Alt menüden Toplu Veri İndirme seçilir: Alt menüden Toplu Veri İndirme seçilir

2021-10-14 17:29:31 - [MESSAGE][PASSED] - Alt menüden Toplu Veri İndirme seçilir

2021-10-14 17:29:31 - [TEST_STEP][PASSED] - Filtrelerden Talep No filtresine Rapor No bilgisi yaz: Filtrelerden Talep No filtresine Rapor No bilgisi yaz

2021-10-14 17:29:31 - [MESSAGE][PASSED] - Filtrelerden Talep No filtresine Rapor No bilgisi yaz

2021-10-14 17:29:31 - [TEST_STEP][PASSED] - Filtre butonlarından Listele seçilir: Filtre butonlarından Listele seçilir

2021-10-14 17:29:31 - [MESSAGE][PASSED] - Filtre butonlarından Listele seçilir

2021-10-14 17:29:31 - [TEST_STEP][PASSED] - Tabloda veri var mı kontrol edilir: Tabloda veri var mı kontrol edilir

2021-10-14 17:29:31 - [MESSAGE][PASSED] - Tabloda veri var mı kontrol edilir

2021-10-14 17:29:31 - [TEST_STEP][PASSED] - Kullanıcı işlemlerinden Çıkış seçilir: Kullanıcı işlemlerinden Çıkış seçilir

2021-10-14 17:29:31 - [MESSAGE][PASSED] - Kullanıcı işlemlerinden Çıkış seçilir

2021-10-14 17:29:31 - [MESSAGE][PASSED] - Feature file: 'Include/features/e-Irsaliye/Gelen Kutusu/Irsaliye Yanitlari/Excele Aktar.feature' was passed

2021-10-14 17:29:31 - [TEST_STEP][PASSED] - Start listener action : sampleAfterTestSuite: Invoke 'com.kms.katalon.core.annotation.AfterTestCase' method: 'Listener.sampleAfterTestSuite(...)' completed.

2021-10-14 17:29:31 - [MESSAGE][INFO] - Starting invoke 'com.kms.katalon.core.annotation.AfterTestCase' method: 'Listener.sampleAfterTestSuite(...)'

2021-10-14 17:29:31 - [TEST_STEP][PASSED] - closeBrowser(): Invoke 'com.kms.katalon.core.annotation.AfterTestCase' method: 'Listener.sampleAfterTestSuite(...)' completed.

2021-10-14 17:29:31 - [MESSAGE][INFO] - Closing browser

2021-10-14 17:29:32 - [MESSAGE][PASSED] - Browser is closed

2021-10-14 17:29:32 - [MESSAGE][INFO] - Invoke 'com.kms.katalon.core.annotation.AfterTestCase' method: 'Listener.sampleAfterTestSuite(...)' completed.]]></system-out>
         <system-err><![CDATA[]]></system-err>
      </testcase>
      <testcase name="Test Cases/Case Repository/e-Irsaliye/Gelen Kutusu/Irsaliyeler/Excele Aktar" time="67.069" classname="Test Cases/Case Repository/e-Irsaliye/Gelen Kutusu/Irsaliyeler/Excele Aktar" status="PASSED">
         <system-out><![CDATA[2021-10-14 17:29:32 - [TEST_CASE][PASSED] - Test Cases/Case Repository/e-Irsaliye/Gelen Kutusu/Irsaliyeler/Excele Aktar: Test Cases/Case Repository/e-Irsaliye/Gelen Kutusu/Irsaliyeler/Excele Aktar

2021-10-14 17:29:32 - [TEST_STEP][PASSED] - Start listener action : sampleBeforeTestSuite: Invoke 'com.kms.katalon.core.annotation.BeforeTestCase' method: 'Listener.sampleBeforeTestSuite(...)' completed.

2021-10-14 17:29:32 - [MESSAGE][INFO] - Starting invoke 'com.kms.katalon.core.annotation.BeforeTestCase' method: 'Listener.sampleBeforeTestSuite(...)'

2021-10-14 17:29:32 - [TEST_STEP][PASSED] - openBrowser(baseUrl): Browser is opened with url: 'https://efatura-stage.elogo.com.tr/'

2021-10-14 17:29:32 - [MESSAGE][INFO] - Opening browser

2021-10-14 17:29:32 - [MESSAGE][INFO] - Starting 'Chrome' driver

2021-10-14 17:29:32 - [MESSAGE][INFO] - User set preference: ['prefs', '{download.default_directory=C:\otomasyondownfiles}']

2021-10-14 17:29:32 - [MESSAGE][INFO] - Action delay is set to 0 milliseconds

2021-10-14 17:29:33 - [MESSAGE][INFO] - Navigating browser to: 'https://efatura-stage.elogo.com.tr/'

2021-10-14 17:29:37 - [MESSAGE][PASSED] - Browser is opened with url: 'https://efatura-stage.elogo.com.tr/'

2021-10-14 17:29:37 - [TEST_STEP][PASSED] - maximizeWindow(): Invoke 'com.kms.katalon.core.annotation.BeforeTestCase' method: 'Listener.sampleBeforeTestSuite(...)' completed.

2021-10-14 17:29:37 - [MESSAGE][INFO] - Maximizing current window

2021-10-14 17:29:38 - [MESSAGE][PASSED] - Current window maximized

2021-10-14 17:29:38 - [MESSAGE][INFO] - Invoke 'com.kms.katalon.core.annotation.BeforeTestCase' method: 'Listener.sampleBeforeTestSuite(...)' completed.

2021-10-14 17:29:38 - [TEST_STEP][PASSED] - runFeatureFile("Include/features/e-Irsaliye/Gelen Kutusu/Irsaliyeler/Excele Aktar.feature"): Feature file: 'Include/features/e-Irsaliye/Gelen Kutusu/Irsaliyeler/Excele Aktar.feature' was passed

2021-10-14 17:29:38 - [MESSAGE][INFO] - Starting run keyword runFeatureFile: 'Include/features/e-Irsaliye/Gelen Kutusu/Irsaliyeler/Excele Aktar.feature' and extract report to folder: 'C:\Users\DELL\Downloads\EES_Katalon-main\Reports\20211014_170112\Suite Repository\ExceleAktarVeTopluIndirme\20211014_170125/cucumber_report/1634221778546'...

2021-10-14 17:29:38 - [MESSAGE][INFO] - Glue: []

2021-10-14 17:29:39 - [MESSAGE][INFO] - Checking called Test Case

2021-10-14 17:29:39 - [MESSAGE][INFO] - Starting to call Test Case 'Test Cases/Sayfalar/Giris_Sayfasi/Login'

2021-10-14 17:29:39 - [TEST_CASE][PASSED] - Test Cases/Sayfalar/Giris_Sayfasi/Login: Test Cases/Sayfalar/Giris_Sayfasi/Login

2021-10-14 17:29:39 - [TEST_STEP][PASSED] - Sayfa_Basligi = getWindowTitle(): Current window's title is: 'LOGO e-Fatura'

2021-10-14 17:29:39 - [MESSAGE][INFO] - Getting current window's title

2021-10-14 17:29:39 - [MESSAGE][PASSED] - Current window's title is: 'LOGO e-Fatura'

2021-10-14 17:29:39 - [TEST_STEP][PASSED] - verifyMatch(Sayfa_Basligi, "LOGO e-Fatura", false): Actual text 'LOGO e-Fatura' and expected text 'LOGO e-Fatura' are matched 

2021-10-14 17:29:39 - [MESSAGE][INFO] - Matching actual text 'LOGO e-Fatura' with expected text 'LOGO e-Fatura'

2021-10-14 17:29:39 - [MESSAGE][PASSED] - Actual text 'LOGO e-Fatura' and expected text 'LOGO e-Fatura' are matched 

2021-10-14 17:29:39 - [TEST_STEP][PASSED] - sendKeys(findTestObject("Sayfalar/Giris_Sayfasi/Firma_Kodu"), KullaniciAdi): Keys 'ELOGO6' sent to object: 'Object Repository/Sayfalar/Giris_Sayfasi/Firma_Kodu'

2021-10-14 17:29:39 - [MESSAGE][INFO] - Finding Test Object 'Object Repository/Sayfalar/Giris_Sayfasi/Firma_Kodu'

2021-10-14 17:29:39 - [MESSAGE][INFO] - Sending keys 'ELOGO6' to object: 'Object Repository/Sayfalar/Giris_Sayfasi/Firma_Kodu'

2021-10-14 17:29:39 - [MESSAGE][INFO] - Finding web element from Test Object's properties

2021-10-14 17:29:39 - [MESSAGE][INFO] - Checking timeout

2021-10-14 17:29:39 - [MESSAGE][INFO] - Finding web element with id: 'Object Repository/Sayfalar/Giris_Sayfasi/Firma_Kodu' located by 'By.xpath: //*[@id = 'AccountName']' in '30' second(s)

2021-10-14 17:29:39 - [MESSAGE][INFO] - Smart Wait Function is triggered

2021-10-14 17:29:39 - [MESSAGE][INFO] - Found 1 web elements with id: 'Object Repository/Sayfalar/Giris_Sayfasi/Firma_Kodu' located by 'By.xpath: //*[@id = 'AccountName']' in '30' second(s)

2021-10-14 17:29:40 - [MESSAGE][PASSED] - Keys 'ELOGO6' sent to object: 'Object Repository/Sayfalar/Giris_Sayfasi/Firma_Kodu'

2021-10-14 17:29:40 - [TEST_STEP][PASSED] - sendKeys(findTestObject("Sayfalar/Giris_Sayfasi/Sifre"), Sifre): Keys '123456' sent to object: 'Object Repository/Sayfalar/Giris_Sayfasi/Sifre'

2021-10-14 17:29:40 - [MESSAGE][INFO] - Finding Test Object 'Object Repository/Sayfalar/Giris_Sayfasi/Sifre'

2021-10-14 17:29:40 - [MESSAGE][INFO] - Sending keys '123456' to object: 'Object Repository/Sayfalar/Giris_Sayfasi/Sifre'

2021-10-14 17:29:40 - [MESSAGE][INFO] - Finding web element from Test Object's properties

2021-10-14 17:29:40 - [MESSAGE][INFO] - Checking timeout

2021-10-14 17:29:40 - [MESSAGE][INFO] - Finding web element with id: 'Object Repository/Sayfalar/Giris_Sayfasi/Sifre' located by 'By.xpath: //*[@id = 'Password']' in '30' second(s)

2021-10-14 17:29:40 - [MESSAGE][INFO] - Smart Wait Function is triggered

2021-10-14 17:29:40 - [MESSAGE][INFO] - Found 1 web elements with id: 'Object Repository/Sayfalar/Giris_Sayfasi/Sifre' located by 'By.xpath: //*[@id = 'Password']' in '30' second(s)

2021-10-14 17:29:40 - [MESSAGE][PASSED] - Keys '123456' sent to object: 'Object Repository/Sayfalar/Giris_Sayfasi/Sifre'

2021-10-14 17:29:40 - [TEST_STEP][PASSED] - findWebElement(findTestObject("Sayfalar/Giris_Sayfasi/Giris_Butonu")).click(): Found 1 web elements with id: 'Object Repository/Sayfalar/Giris_Sayfasi/Giris_Butonu' located by 'By.cssSelector: #btnLogin' in '30' second(s)

2021-10-14 17:29:40 - [MESSAGE][INFO] - Finding Test Object 'Object Repository/Sayfalar/Giris_Sayfasi/Giris_Butonu'

2021-10-14 17:29:40 - [MESSAGE][INFO] - Finding web element from Test Object's properties

2021-10-14 17:29:40 - [MESSAGE][INFO] - Checking timeout

2021-10-14 17:29:40 - [MESSAGE][INFO] - Finding web element with id: 'Object Repository/Sayfalar/Giris_Sayfasi/Giris_Butonu' located by 'By.cssSelector: #btnLogin' in '30' second(s)

2021-10-14 17:29:40 - [MESSAGE][INFO] - Smart Wait Function is triggered

2021-10-14 17:29:41 - [MESSAGE][INFO] - Found 1 web elements with id: 'Object Repository/Sayfalar/Giris_Sayfasi/Giris_Butonu' located by 'By.cssSelector: #btnLogin' in '30' second(s)

2021-10-14 17:29:43 - [TEST_STEP][PASSED] - if (verifyElementPresent(findTestObject("Object Repository/Sayfalar/Giris_Sayfasi/RetveTamam_Butonu"), 5, OPTIONAL)): null

2021-10-14 17:29:43 - [MESSAGE][INFO] - Finding Test Object 'Object Repository/Sayfalar/Giris_Sayfasi/RetveTamam_Butonu'

2021-10-14 17:29:43 - [MESSAGE][INFO] - Checking object

2021-10-14 17:29:43 - [MESSAGE][INFO] - Finding web element from Test Object's properties

2021-10-14 17:29:43 - [MESSAGE][INFO] - Checking timeout

2021-10-14 17:29:43 - [MESSAGE][INFO] - Finding web element with id: 'Object Repository/Sayfalar/Giris_Sayfasi/RetveTamam_Butonu' located by 'By.xpath: //*[@class = 'btn btn-default']' in '5' second(s)

2021-10-14 17:29:43 - [MESSAGE][INFO] - Smart Wait Function is triggered

2021-10-14 17:29:44 - [MESSAGE][INFO] - Found 1 web elements with id: 'Object Repository/Sayfalar/Giris_Sayfasi/RetveTamam_Butonu' located by 'By.xpath: //*[@class = 'btn btn-default']' in '5' second(s)

2021-10-14 17:29:44 - [MESSAGE][PASSED] - Object 'Object Repository/Sayfalar/Giris_Sayfasi/RetveTamam_Butonu' is present

2021-10-14 17:29:44 - [TEST_STEP][PASSED] - click(findTestObject("Object Repository/Sayfalar/Giris_Sayfasi/RetveTamam_Butonu")): Object: 'Object Repository/Sayfalar/Giris_Sayfasi/RetveTamam_Butonu' is clicked on

2021-10-14 17:29:44 - [MESSAGE][INFO] - Finding Test Object 'Object Repository/Sayfalar/Giris_Sayfasi/RetveTamam_Butonu'

2021-10-14 17:29:44 - [MESSAGE][INFO] - Checking object

2021-10-14 17:29:44 - [MESSAGE][INFO] - Finding web element from Test Object's properties

2021-10-14 17:29:44 - [MESSAGE][INFO] - Checking timeout

2021-10-14 17:29:44 - [MESSAGE][INFO] - Finding web element with id: 'Object Repository/Sayfalar/Giris_Sayfasi/RetveTamam_Butonu' located by 'By.xpath: //*[@class = 'btn btn-default']' in '30' second(s)

2021-10-14 17:29:44 - [MESSAGE][INFO] - Smart Wait Function is triggered

2021-10-14 17:29:44 - [MESSAGE][INFO] - Found 1 web elements with id: 'Object Repository/Sayfalar/Giris_Sayfasi/RetveTamam_Butonu' located by 'By.xpath: //*[@class = 'btn btn-default']' in '30' second(s)

2021-10-14 17:29:44 - [MESSAGE][INFO] - Clicking on object: 'Object Repository/Sayfalar/Giris_Sayfasi/RetveTamam_Butonu'

2021-10-14 17:29:44 - [MESSAGE][PASSED] - Object: 'Object Repository/Sayfalar/Giris_Sayfasi/RetveTamam_Butonu' is clicked on

2021-10-14 17:29:44 - [TEST_STEP][PASSED] - click(findTestObject("Object Repository/Sayfalar/Giris_Sayfasi/RetveTamam_Butonu")): Object: 'Object Repository/Sayfalar/Giris_Sayfasi/RetveTamam_Butonu' is clicked on

2021-10-14 17:29:44 - [MESSAGE][INFO] - Finding Test Object 'Object Repository/Sayfalar/Giris_Sayfasi/RetveTamam_Butonu'

2021-10-14 17:29:44 - [MESSAGE][INFO] - Checking object

2021-10-14 17:29:44 - [MESSAGE][INFO] - Finding web element from Test Object's properties

2021-10-14 17:29:44 - [MESSAGE][INFO] - Checking timeout

2021-10-14 17:29:44 - [MESSAGE][INFO] - Finding web element with id: 'Object Repository/Sayfalar/Giris_Sayfasi/RetveTamam_Butonu' located by 'By.xpath: //*[@class = 'btn btn-default']' in '30' second(s)

2021-10-14 17:29:44 - [MESSAGE][INFO] - Smart Wait Function is triggered

2021-10-14 17:29:58 - [MESSAGE][INFO] - Found 1 web elements with id: 'Object Repository/Sayfalar/Giris_Sayfasi/RetveTamam_Butonu' located by 'By.xpath: //*[@class = 'btn btn-default']' in '30' second(s)

2021-10-14 17:29:58 - [MESSAGE][INFO] - Clicking on object: 'Object Repository/Sayfalar/Giris_Sayfasi/RetveTamam_Butonu'

2021-10-14 17:29:59 - [MESSAGE][PASSED] - Object: 'Object Repository/Sayfalar/Giris_Sayfasi/RetveTamam_Butonu' is clicked on

2021-10-14 17:29:59 - [TEST_STEP][PASSED] - if (verifyElementPresent(findTestObject("Sayfalar/Giris_Sayfasi/PopupOK"), 5, OPTIONAL)): null

2021-10-14 17:29:59 - [MESSAGE][INFO] - Finding Test Object 'Object Repository/Sayfalar/Giris_Sayfasi/PopupOK'

2021-10-14 17:29:59 - [MESSAGE][INFO] - Checking object

2021-10-14 17:29:59 - [MESSAGE][INFO] - Finding web element from Test Object's properties

2021-10-14 17:29:59 - [MESSAGE][INFO] - Checking timeout

2021-10-14 17:29:59 - [MESSAGE][INFO] - Finding web element with id: 'Object Repository/Sayfalar/Giris_Sayfasi/PopupOK' located by 'By.cssSelector: .btn.btn-success' in '5' second(s)

2021-10-14 17:29:59 - [MESSAGE][INFO] - Smart Wait Function is triggered

2021-10-14 17:29:59 - [MESSAGE][INFO] - Found 1 web elements with id: 'Object Repository/Sayfalar/Giris_Sayfasi/PopupOK' located by 'By.cssSelector: .btn.btn-success' in '5' second(s)

2021-10-14 17:29:59 - [MESSAGE][PASSED] - Object 'Object Repository/Sayfalar/Giris_Sayfasi/PopupOK' is present

2021-10-14 17:29:59 - [TEST_STEP][PASSED] - click(findTestObject("Object Repository/Sayfalar/Giris_Sayfasi/PopupCarpiGiris")): Object: 'Object Repository/Sayfalar/Giris_Sayfasi/PopupCarpiGiris' is clicked on

2021-10-14 17:29:59 - [MESSAGE][INFO] - Finding Test Object 'Object Repository/Sayfalar/Giris_Sayfasi/PopupCarpiGiris'

2021-10-14 17:29:59 - [MESSAGE][INFO] - Checking object

2021-10-14 17:29:59 - [MESSAGE][INFO] - Finding web element from Test Object's properties

2021-10-14 17:29:59 - [MESSAGE][INFO] - Checking timeout

2021-10-14 17:29:59 - [MESSAGE][INFO] - Finding web element with id: 'Object Repository/Sayfalar/Giris_Sayfasi/PopupCarpiGiris' located by 'By.cssSelector: .bootbox-close-button.close' in '30' second(s)

2021-10-14 17:29:59 - [MESSAGE][INFO] - Smart Wait Function is triggered

2021-10-14 17:30:00 - [MESSAGE][INFO] - Found 1 web elements with id: 'Object Repository/Sayfalar/Giris_Sayfasi/PopupCarpiGiris' located by 'By.cssSelector: .bootbox-close-button.close' in '30' second(s)

2021-10-14 17:30:00 - [MESSAGE][INFO] - Clicking on object: 'Object Repository/Sayfalar/Giris_Sayfasi/PopupCarpiGiris'

2021-10-14 17:30:00 - [MESSAGE][PASSED] - Object: 'Object Repository/Sayfalar/Giris_Sayfasi/PopupCarpiGiris' is clicked on

2021-10-14 17:30:00 - [TEST_STEP][PASSED] - verifyElementVisible(findTestObject("Object Repository/Kullanici_Islemleri/KullaniciIslemleri")): Object 'Object Repository/Kullanici_Islemleri/KullaniciIslemleri' is visible

2021-10-14 17:30:00 - [MESSAGE][INFO] - Finding Test Object 'Object Repository/Kullanici_Islemleri/KullaniciIslemleri'

2021-10-14 17:30:00 - [MESSAGE][INFO] - Checking object

2021-10-14 17:30:00 - [MESSAGE][INFO] - Finding web element from Test Object's properties

2021-10-14 17:30:00 - [MESSAGE][INFO] - Checking timeout

2021-10-14 17:30:00 - [MESSAGE][INFO] - Finding web element with id: 'Object Repository/Kullanici_Islemleri/KullaniciIslemleri' located by 'By.cssSelector: .dropdown>a>img' in '30' second(s)

2021-10-14 17:30:00 - [MESSAGE][INFO] - Smart Wait Function is triggered

2021-10-14 17:30:01 - [MESSAGE][INFO] - Found 1 web elements with id: 'Object Repository/Kullanici_Islemleri/KullaniciIslemleri' located by 'By.cssSelector: .dropdown>a>img' in '30' second(s)

2021-10-14 17:30:01 - [MESSAGE][PASSED] - Object 'Object Repository/Kullanici_Islemleri/KullaniciIslemleri' is visible

2021-10-14 17:30:01 - [MESSAGE][PASSED] - Call Test Case 'Test Cases/Sayfalar/Giris_Sayfasi/Login' successfully

2021-10-14 17:30:01 - [MESSAGE][INFO] - Checking called Test Case

2021-10-14 17:30:01 - [MESSAGE][INFO] - Starting to call Test Case 'Test Cases/Menu/AnaMenuSecimi'

2021-10-14 17:30:01 - [TEST_CASE][PASSED] - Test Cases/Menu/AnaMenuSecimi: Test Cases/Menu/AnaMenuSecimi

2021-10-14 17:30:01 - [TEST_STEP][PASSED] - Method.TextDegerineEsitElementeTikla(findTestObject("Menu/Ana_Menu"), Ana_Menu): Method.TextDegerineEsitElementeTikla is PASSED

2021-10-14 17:30:01 - [MESSAGE][INFO] - Finding Test Object 'Object Repository/Menu/Ana_Menu'

2021-10-14 17:30:01 - [MESSAGE][INFO] - Checking timeout

2021-10-14 17:30:01 - [MESSAGE][INFO] - Finding web element with id: 'Object Repository/Menu/Ana_Menu' located by 'By.xpath: //*[@class = 'dropdown-toggle']' in '10' second(s)

2021-10-14 17:30:01 - [MESSAGE][INFO] - Smart Wait Function is triggered

2021-10-14 17:30:01 - [MESSAGE][INFO] - Found 14 web elements with id: 'Object Repository/Menu/Ana_Menu' located by 'By.xpath: //*[@class = 'dropdown-toggle']' in '10' second(s)

2021-10-14 17:30:01 - [MESSAGE][PASSED] - Method.TextDegerineEsitElementeTikla is PASSED

2021-10-14 17:30:01 - [MESSAGE][PASSED] - Call Test Case 'Test Cases/Menu/AnaMenuSecimi' successfully

2021-10-14 17:30:01 - [MESSAGE][INFO] - Checking called Test Case

2021-10-14 17:30:01 - [MESSAGE][INFO] - Starting to call Test Case 'Test Cases/Menu/BasligaGoreAltMenuSecimi'

2021-10-14 17:30:01 - [TEST_CASE][PASSED] - Test Cases/Menu/BasligaGoreAltMenuSecimi: Test Cases/Menu/BasligaGoreAltMenuSecimi

2021-10-14 17:30:01 - [TEST_STEP][PASSED] - Method.TextDegerineEsitElementinAltindakiTextDegerineEsitOlanaTikla(findTestObject("Menu/Menu_Basligi"), findTestObject("Menu/Basliga_Gore_Alt_Menu"), Baslik, Alt_Menu): Method.TextDegerineEsitElementinAltindakiTextDegerineEsitOlanaTikla is PASSED

2021-10-14 17:30:01 - [MESSAGE][INFO] - Finding Test Object 'Object Repository/Menu/Menu_Basligi'

2021-10-14 17:30:01 - [MESSAGE][INFO] - Finding Test Object 'Object Repository/Menu/Basliga_Gore_Alt_Menu'

2021-10-14 17:30:02 - [MESSAGE][INFO] - Checking timeout

2021-10-14 17:30:02 - [MESSAGE][INFO] - Finding web element with id: 'Object Repository/Menu/Menu_Basligi' located by 'By.xpath: //li[@class='dropdown dropdown-large open']//li[@class='dropdown-header']' in '10' second(s)

2021-10-14 17:30:02 - [MESSAGE][INFO] - Smart Wait Function is triggered

2021-10-14 17:30:02 - [MESSAGE][INFO] - Found 3 web elements with id: 'Object Repository/Menu/Menu_Basligi' located by 'By.xpath: //li[@class='dropdown dropdown-large open']//li[@class='dropdown-header']' in '10' second(s)

2021-10-14 17:30:02 - [MESSAGE][INFO] - Smart Wait Function is triggered

2021-10-14 17:30:05 - [MESSAGE][PASSED] - Method.TextDegerineEsitElementinAltindakiTextDegerineEsitOlanaTikla is PASSED

2021-10-14 17:30:05 - [MESSAGE][PASSED] - Call Test Case 'Test Cases/Menu/BasligaGoreAltMenuSecimi' successfully

2021-10-14 17:30:05 - [MESSAGE][INFO] - Checking called Test Case

2021-10-14 17:30:05 - [MESSAGE][INFO] - Starting to call Test Case 'Test Cases/Filtreler/BaslangicYaz'

2021-10-14 17:30:05 - [TEST_CASE][PASSED] - Test Cases/Filtreler/BaslangicYaz: Test Cases/Filtreler/BaslangicYaz

2021-10-14 17:30:05 - [TEST_STEP][PASSED] - Method.TextDegerineEsitElementinAltindakineTikla(findTestObject("Filtreler/Basliklar"), findTestObject("Filtreler/Basliga_Gore_Baslangic_Image"), Filtre_Adi): Method.TextDegerineEsitElementinAltindakineTikla is PASSED

2021-10-14 17:30:05 - [MESSAGE][INFO] - Finding Test Object 'Object Repository/Filtreler/Basliklar'

2021-10-14 17:30:05 - [MESSAGE][INFO] - Finding Test Object 'Object Repository/Filtreler/Basliga_Gore_Baslangic_Image'

2021-10-14 17:30:06 - [MESSAGE][INFO] - Checking timeout

2021-10-14 17:30:06 - [MESSAGE][INFO] - Finding web element with id: 'Object Repository/Filtreler/Basliklar' located by 'By.cssSelector: .control-label.col-sm-4.paddingMarginRLC' in '10' second(s)

2021-10-14 17:30:06 - [MESSAGE][INFO] - Smart Wait Function is triggered

2021-10-14 17:30:06 - [MESSAGE][INFO] - Found 18 web elements with id: 'Object Repository/Filtreler/Basliklar' located by 'By.cssSelector: .control-label.col-sm-4.paddingMarginRLC' in '10' second(s)

2021-10-14 17:30:06 - [MESSAGE][INFO] - Smart Wait Function is triggered

2021-10-14 17:30:06 - [MESSAGE][PASSED] - Method.TextDegerineEsitElementinAltindakineTikla is PASSED

2021-10-14 17:30:06 - [TEST_STEP][PASSED] - Method.TextDegerineEsitElementinAltindakiTextboxtaYaz(findTestObject("Filtreler/Basliklar"), findTestObject("Filtreler/Basliga_Gore_Baslangic"), Filtre_Adi, Filtre_Degeri): Method.TextDegerineEsitElementinAltindakiTextboxtaYaz is PASSED

2021-10-14 17:30:06 - [MESSAGE][INFO] - Finding Test Object 'Object Repository/Filtreler/Basliklar'

2021-10-14 17:30:06 - [MESSAGE][INFO] - Finding Test Object 'Object Repository/Filtreler/Basliga_Gore_Baslangic'

2021-10-14 17:30:07 - [MESSAGE][INFO] - Checking timeout

2021-10-14 17:30:07 - [MESSAGE][INFO] - Finding web element with id: 'Object Repository/Filtreler/Basliklar' located by 'By.cssSelector: .control-label.col-sm-4.paddingMarginRLC' in '10' second(s)

2021-10-14 17:30:07 - [MESSAGE][INFO] - Smart Wait Function is triggered

2021-10-14 17:30:07 - [MESSAGE][INFO] - Found 18 web elements with id: 'Object Repository/Filtreler/Basliklar' located by 'By.cssSelector: .control-label.col-sm-4.paddingMarginRLC' in '10' second(s)

2021-10-14 17:30:07 - [MESSAGE][INFO] - Smart Wait Function is triggered

2021-10-14 17:30:08 - [MESSAGE][PASSED] - Method.TextDegerineEsitElementinAltindakiTextboxtaYaz is PASSED

2021-10-14 17:30:08 - [MESSAGE][PASSED] - Call Test Case 'Test Cases/Filtreler/BaslangicYaz' successfully

2021-10-14 17:30:08 - [MESSAGE][INFO] - Checking called Test Case

2021-10-14 17:30:08 - [MESSAGE][INFO] - Starting to call Test Case 'Test Cases/Filtreler/BitisYaz'

2021-10-14 17:30:08 - [TEST_CASE][PASSED] - Test Cases/Filtreler/BitisYaz: Test Cases/Filtreler/BitisYaz

2021-10-14 17:30:08 - [TEST_STEP][PASSED] - Method.TextDegerineEsitElementinAltindakineTikla(findTestObject("Filtreler/Basliklar"), findTestObject("Filtreler/Basliga_Gore_Bitis_Image"), Filtre_Adi): Method.TextDegerineEsitElementinAltindakineTikla is PASSED

2021-10-14 17:30:08 - [MESSAGE][INFO] - Finding Test Object 'Object Repository/Filtreler/Basliklar'

2021-10-14 17:30:08 - [MESSAGE][INFO] - Finding Test Object 'Object Repository/Filtreler/Basliga_Gore_Bitis_Image'

2021-10-14 17:30:08 - [MESSAGE][INFO] - Checking timeout

2021-10-14 17:30:08 - [MESSAGE][INFO] - Finding web element with id: 'Object Repository/Filtreler/Basliklar' located by 'By.cssSelector: .control-label.col-sm-4.paddingMarginRLC' in '10' second(s)

2021-10-14 17:30:08 - [MESSAGE][INFO] - Smart Wait Function is triggered

2021-10-14 17:30:08 - [MESSAGE][INFO] - Found 18 web elements with id: 'Object Repository/Filtreler/Basliklar' located by 'By.cssSelector: .control-label.col-sm-4.paddingMarginRLC' in '10' second(s)

2021-10-14 17:30:08 - [MESSAGE][INFO] - Smart Wait Function is triggered

2021-10-14 17:30:09 - [MESSAGE][PASSED] - Method.TextDegerineEsitElementinAltindakineTikla is PASSED

2021-10-14 17:30:09 - [TEST_STEP][PASSED] - Method.TextDegerineEsitElementinAltindakiTextboxtaYaz(findTestObject("Filtreler/Basliklar"), findTestObject("Object Repository/Filtreler/Basliga_Gore_Bitis"), Filtre_Adi, Filtre_Degeri): Method.TextDegerineEsitElementinAltindakiTextboxtaYaz is PASSED

2021-10-14 17:30:09 - [MESSAGE][INFO] - Finding Test Object 'Object Repository/Filtreler/Basliklar'

2021-10-14 17:30:09 - [MESSAGE][INFO] - Finding Test Object 'Object Repository/Filtreler/Basliga_Gore_Bitis'

2021-10-14 17:30:09 - [MESSAGE][INFO] - Checking timeout

2021-10-14 17:30:09 - [MESSAGE][INFO] - Finding web element with id: 'Object Repository/Filtreler/Basliklar' located by 'By.cssSelector: .control-label.col-sm-4.paddingMarginRLC' in '10' second(s)

2021-10-14 17:30:09 - [MESSAGE][INFO] - Smart Wait Function is triggered

2021-10-14 17:30:09 - [MESSAGE][INFO] - Found 18 web elements with id: 'Object Repository/Filtreler/Basliklar' located by 'By.cssSelector: .control-label.col-sm-4.paddingMarginRLC' in '10' second(s)

2021-10-14 17:30:09 - [MESSAGE][INFO] - Smart Wait Function is triggered

2021-10-14 17:30:10 - [MESSAGE][PASSED] - Method.TextDegerineEsitElementinAltindakiTextboxtaYaz is PASSED

2021-10-14 17:30:10 - [MESSAGE][PASSED] - Call Test Case 'Test Cases/Filtreler/BitisYaz' successfully

2021-10-14 17:30:10 - [MESSAGE][INFO] - Checking called Test Case

2021-10-14 17:30:10 - [MESSAGE][INFO] - Starting to call Test Case 'Test Cases/Filtreler/ButonaTikla'

2021-10-14 17:30:10 - [TEST_CASE][PASSED] - Test Cases/Filtreler/ButonaTikla: Test Cases/Filtreler/ButonaTikla

2021-10-14 17:30:10 - [TEST_STEP][PASSED] - Method.TextDegerineEsitElementeTikla(findTestObject("Filtreler/Butonlar"), Filtre_Buton): Method.TextDegerineEsitElementeTikla is PASSED

2021-10-14 17:30:10 - [MESSAGE][INFO] - Finding Test Object 'Object Repository/Filtreler/Butonlar'

2021-10-14 17:30:10 - [MESSAGE][INFO] - Checking timeout

2021-10-14 17:30:10 - [MESSAGE][INFO] - Finding web element with id: 'Object Repository/Filtreler/Butonlar' located by 'By.cssSelector: .dxb>span' in '10' second(s)

2021-10-14 17:30:10 - [MESSAGE][INFO] - Smart Wait Function is triggered

2021-10-14 17:30:10 - [MESSAGE][INFO] - Found 3 web elements with id: 'Object Repository/Filtreler/Butonlar' located by 'By.cssSelector: .dxb>span' in '10' second(s)

2021-10-14 17:30:10 - [MESSAGE][PASSED] - Method.TextDegerineEsitElementeTikla is PASSED

2021-10-14 17:30:10 - [MESSAGE][PASSED] - Call Test Case 'Test Cases/Filtreler/ButonaTikla' successfully

2021-10-14 17:30:10 - [MESSAGE][INFO] - Checking called Test Case

2021-10-14 17:30:10 - [MESSAGE][INFO] - Starting to call Test Case 'Test Cases/Tablo/TablodaVeriVarMi'

2021-10-14 17:30:10 - [TEST_CASE][PASSED] - Test Cases/Tablo/TablodaVeriVarMi: Test Cases/Tablo/TablodaVeriVarMi

2021-10-14 17:30:10 - [TEST_STEP][PASSED] - verifyTextNotPresent("Görüntülenecek veri yok", true): Text 'Görüntülenecek veri yok' is not present on page using regular expression

2021-10-14 17:30:10 - [MESSAGE][INFO] - Checking text present  using regular expression

2021-10-14 17:30:10 - [MESSAGE][INFO] - Smart Wait Function is triggered

2021-10-14 17:30:11 - [MESSAGE][INFO] - Finding text 'Görüntülenecek veri yok' on page  using regular expression

2021-10-14 17:30:11 - [MESSAGE][PASSED] - Text 'Görüntülenecek veri yok' is not present on page using regular expression

2021-10-14 17:30:11 - [MESSAGE][PASSED] - Call Test Case 'Test Cases/Tablo/TablodaVeriVarMi' successfully

2021-10-14 17:30:11 - [MESSAGE][INFO] - Checking called Test Case

2021-10-14 17:30:11 - [MESSAGE][INFO] - Starting to call Test Case 'Test Cases/Tablo/TablodanVeriSec'

2021-10-14 17:30:11 - [TEST_CASE][PASSED] - Test Cases/Tablo/TablodanVeriSec: Test Cases/Tablo/TablodanVeriSec

2021-10-14 17:30:11 - [TEST_STEP][PASSED] - Method.TextDegerineEsitElementinAltindakineTikla(findTestObject("Tablo/Veriler"), findTestObject("Tablo/VerininCheckBoxi"), Veri_Adi): Method.TextDegerineEsitElementinAltindakineTikla is PASSED

2021-10-14 17:30:11 - [MESSAGE][INFO] - Finding Test Object 'Object Repository/Tablo/Veriler'

2021-10-14 17:30:11 - [MESSAGE][INFO] - Finding Test Object 'Object Repository/Tablo/VerininCheckBoxi'

2021-10-14 17:30:12 - [MESSAGE][INFO] - Checking timeout

2021-10-14 17:30:12 - [MESSAGE][INFO] - Finding web element with id: 'Object Repository/Tablo/Veriler' located by 'By.cssSelector: td.dxgv b ,td.dxgv' in '10' second(s)

2021-10-14 17:30:12 - [MESSAGE][INFO] - Smart Wait Function is triggered

2021-10-14 17:30:12 - [MESSAGE][INFO] - Found 84 web elements with id: 'Object Repository/Tablo/Veriler' located by 'By.cssSelector: td.dxgv b ,td.dxgv' in '10' second(s)

2021-10-14 17:30:12 - [MESSAGE][INFO] - Smart Wait Function is triggered

2021-10-14 17:30:12 - [MESSAGE][PASSED] - Method.TextDegerineEsitElementinAltindakineTikla is PASSED

2021-10-14 17:30:12 - [MESSAGE][PASSED] - Call Test Case 'Test Cases/Tablo/TablodanVeriSec' successfully

2021-10-14 17:30:12 - [MESSAGE][INFO] - Checking called Test Case

2021-10-14 17:30:12 - [MESSAGE][INFO] - Starting to call Test Case 'Test Cases/Butonlar/ButonaTikla'

2021-10-14 17:30:12 - [TEST_CASE][PASSED] - Test Cases/Butonlar/ButonaTikla: Test Cases/Butonlar/ButonaTikla

2021-10-14 17:30:12 - [TEST_STEP][PASSED] - Method.TextDegerineEsitElementeTiklaEquals(findTestObject("Butonlar/Butonlar"), Buton_Adi): Method.TextDegerineEsitElementeTiklaEquals is PASSED

2021-10-14 17:30:12 - [MESSAGE][INFO] - Finding Test Object 'Object Repository/Butonlar/Butonlar'

2021-10-14 17:30:12 - [MESSAGE][INFO] - Checking timeout

2021-10-14 17:30:12 - [MESSAGE][INFO] - Finding web element with id: 'Object Repository/Butonlar/Butonlar' located by 'By.cssSelector: .panel.panel-default.text-center.footerPanel .btn,.btn.btn-primary.btnControls' in '10' second(s)

2021-10-14 17:30:12 - [MESSAGE][INFO] - Smart Wait Function is triggered

2021-10-14 17:30:13 - [MESSAGE][INFO] - Found 12 web elements with id: 'Object Repository/Butonlar/Butonlar' located by 'By.cssSelector: .panel.panel-default.text-center.footerPanel .btn,.btn.btn-primary.btnControls' in '10' second(s)

2021-10-14 17:30:13 - [MESSAGE][PASSED] - Method.TextDegerineEsitElementeTiklaEquals is PASSED

2021-10-14 17:30:13 - [MESSAGE][PASSED] - Call Test Case 'Test Cases/Butonlar/ButonaTikla' successfully

2021-10-14 17:30:13 - [MESSAGE][INFO] - Checking called Test Case

2021-10-14 17:30:13 - [MESSAGE][INFO] - Starting to call Test Case 'Test Cases/Butonlar/AltButonaTikla'

2021-10-14 17:30:13 - [TEST_CASE][PASSED] - Test Cases/Butonlar/AltButonaTikla: Test Cases/Butonlar/AltButonaTikla

2021-10-14 17:30:13 - [TEST_STEP][PASSED] - Method.TextDegerineEsitElementeTikla(findTestObject("Butonlar/AltButonlar"), Alt_Buton): Method.TextDegerineEsitElementeTikla is PASSED

2021-10-14 17:30:13 - [MESSAGE][INFO] - Finding Test Object 'Object Repository/Butonlar/AltButonlar'

2021-10-14 17:30:13 - [MESSAGE][INFO] - Checking timeout

2021-10-14 17:30:13 - [MESSAGE][INFO] - Finding web element with id: 'Object Repository/Butonlar/AltButonlar' located by 'By.cssSelector: .btn-group.open li>a' in '10' second(s)

2021-10-14 17:30:13 - [MESSAGE][INFO] - Smart Wait Function is triggered

2021-10-14 17:30:13 - [MESSAGE][INFO] - Found 2 web elements with id: 'Object Repository/Butonlar/AltButonlar' located by 'By.cssSelector: .btn-group.open li>a' in '10' second(s)

2021-10-14 17:30:13 - [MESSAGE][PASSED] - Method.TextDegerineEsitElementeTikla is PASSED

2021-10-14 17:30:13 - [MESSAGE][PASSED] - Call Test Case 'Test Cases/Butonlar/AltButonaTikla' successfully

2021-10-14 17:30:13 - [MESSAGE][INFO] - Checking called Test Case

2021-10-14 17:30:13 - [MESSAGE][INFO] - Starting to call Test Case 'Test Cases/Popup/PopupMesajiIceriyorMu'

2021-10-14 17:30:14 - [TEST_CASE][PASSED] - Test Cases/Popup/PopupMesajiIceriyorMu: Test Cases/Popup/PopupMesajiIceriyorMu

2021-10-14 17:30:14 - [TEST_STEP][PASSED] - waitForElementVisible(findTestObject("Popup/Popup"), 10): Object 'Object Repository/Popup/Popup' is visible

2021-10-14 17:30:14 - [MESSAGE][INFO] - Finding Test Object 'Object Repository/Popup/Popup'

2021-10-14 17:30:14 - [MESSAGE][INFO] - Checking object

2021-10-14 17:30:14 - [MESSAGE][INFO] - Checking timeout

2021-10-14 17:30:14 - [MESSAGE][INFO] - Finding web element from Test Object's properties

2021-10-14 17:30:14 - [MESSAGE][INFO] - Checking timeout

2021-10-14 17:30:14 - [MESSAGE][INFO] - Finding web element with id: 'Object Repository/Popup/Popup' located by 'By.cssSelector: .bootbox-body' in '10' second(s)

2021-10-14 17:30:14 - [MESSAGE][INFO] - Smart Wait Function is triggered

2021-10-14 17:30:15 - [MESSAGE][INFO] - Found 1 web elements with id: 'Object Repository/Popup/Popup' located by 'By.cssSelector: .bootbox-body' in '10' second(s)

2021-10-14 17:30:15 - [MESSAGE][PASSED] - Object 'Object Repository/Popup/Popup' is visible

2021-10-14 17:30:15 - [TEST_STEP][PASSED] - if (!(getText(findTestObject("Popup/Popup")).contains(Mesaj))): Text of object 'Object Repository/Popup/Popup' is: 'Lütfen rapor bildiriminin gönderileceği e-posta adresini belirtiniz.
e-Posta Adresi'

2021-10-14 17:30:15 - [MESSAGE][INFO] - Finding Test Object 'Object Repository/Popup/Popup'

2021-10-14 17:30:15 - [MESSAGE][INFO] - Checking object

2021-10-14 17:30:15 - [MESSAGE][INFO] - Finding web element from Test Object's properties

2021-10-14 17:30:15 - [MESSAGE][INFO] - Checking timeout

2021-10-14 17:30:15 - [MESSAGE][INFO] - Finding web element with id: 'Object Repository/Popup/Popup' located by 'By.cssSelector: .bootbox-body' in '30' second(s)

2021-10-14 17:30:15 - [MESSAGE][INFO] - Smart Wait Function is triggered

2021-10-14 17:30:15 - [MESSAGE][INFO] - Found 1 web elements with id: 'Object Repository/Popup/Popup' located by 'By.cssSelector: .bootbox-body' in '30' second(s)

2021-10-14 17:30:15 - [MESSAGE][INFO] - Getting text of object 'Object Repository/Popup/Popup'

2021-10-14 17:30:15 - [MESSAGE][PASSED] - Text of object 'Object Repository/Popup/Popup' is: 'Lütfen rapor bildiriminin gönderileceği e-posta adresini belirtiniz.
e-Posta Adresi'

2021-10-14 17:30:15 - [TEST_STEP][PASSED] - RaporNo = getText(findTestObject("Popup/Popup")).substring(0, 6): Text of object 'Object Repository/Popup/Popup' is: 'Lütfen rapor bildiriminin gönderileceği e-posta adresini belirtiniz.
e-Posta Adresi'

2021-10-14 17:30:15 - [MESSAGE][INFO] - Finding Test Object 'Object Repository/Popup/Popup'

2021-10-14 17:30:15 - [MESSAGE][INFO] - Checking object

2021-10-14 17:30:15 - [MESSAGE][INFO] - Finding web element from Test Object's properties

2021-10-14 17:30:15 - [MESSAGE][INFO] - Checking timeout

2021-10-14 17:30:15 - [MESSAGE][INFO] - Finding web element with id: 'Object Repository/Popup/Popup' located by 'By.cssSelector: .bootbox-body' in '30' second(s)

2021-10-14 17:30:15 - [MESSAGE][INFO] - Smart Wait Function is triggered

2021-10-14 17:30:15 - [MESSAGE][INFO] - Found 1 web elements with id: 'Object Repository/Popup/Popup' located by 'By.cssSelector: .bootbox-body' in '30' second(s)

2021-10-14 17:30:15 - [MESSAGE][INFO] - Getting text of object 'Object Repository/Popup/Popup'

2021-10-14 17:30:15 - [MESSAGE][PASSED] - Text of object 'Object Repository/Popup/Popup' is: 'Lütfen rapor bildiriminin gönderileceği e-posta adresini belirtiniz.
e-Posta Adresi'

2021-10-14 17:30:15 - [TEST_STEP][PASSED] - Console.println(RaporNo): null

2021-10-14 17:30:15 - [MESSAGE][PASSED] - Call Test Case 'Test Cases/Popup/PopupMesajiIceriyorMu' successfully

2021-10-14 17:30:15 - [MESSAGE][INFO] - Checking called Test Case

2021-10-14 17:30:15 - [MESSAGE][INFO] - Starting to call Test Case 'Test Cases/Popup/PopupButonSecilir'

2021-10-14 17:30:15 - [TEST_CASE][PASSED] - Test Cases/Popup/PopupButonSecilir: Test Cases/Popup/PopupButonSecilir

2021-10-14 17:30:15 - [TEST_STEP][PASSED] - Method.TextDegerineEsitElementeTikla(findTestObject("Popup/Popup_Butons"), Buton): Method.TextDegerineEsitElementeTikla is PASSED

2021-10-14 17:30:15 - [MESSAGE][INFO] - Finding Test Object 'Object Repository/Popup/Popup_Butons'

2021-10-14 17:30:16 - [MESSAGE][INFO] - Checking timeout

2021-10-14 17:30:16 - [MESSAGE][INFO] - Finding web element with id: 'Object Repository/Popup/Popup_Butons' located by 'By.cssSelector: .modal-footer>button' in '10' second(s)

2021-10-14 17:30:16 - [MESSAGE][INFO] - Smart Wait Function is triggered

2021-10-14 17:30:16 - [MESSAGE][INFO] - Found 2 web elements with id: 'Object Repository/Popup/Popup_Butons' located by 'By.cssSelector: .modal-footer>button' in '10' second(s)

2021-10-14 17:30:16 - [MESSAGE][PASSED] - Method.TextDegerineEsitElementeTikla is PASSED

2021-10-14 17:30:16 - [MESSAGE][PASSED] - Call Test Case 'Test Cases/Popup/PopupButonSecilir' successfully

2021-10-14 17:30:16 - [MESSAGE][INFO] - Checking called Test Case

2021-10-14 17:30:16 - [MESSAGE][INFO] - Starting to call Test Case 'Test Cases/Popup/PopupMesajiIceriyorMu'

2021-10-14 17:30:16 - [TEST_CASE][PASSED] - Test Cases/Popup/PopupMesajiIceriyorMu: Test Cases/Popup/PopupMesajiIceriyorMu

2021-10-14 17:30:16 - [TEST_STEP][PASSED] - waitForElementVisible(findTestObject("Popup/Popup"), 10): Object 'Object Repository/Popup/Popup' is visible

2021-10-14 17:30:16 - [MESSAGE][INFO] - Finding Test Object 'Object Repository/Popup/Popup'

2021-10-14 17:30:16 - [MESSAGE][INFO] - Checking object

2021-10-14 17:30:16 - [MESSAGE][INFO] - Checking timeout

2021-10-14 17:30:16 - [MESSAGE][INFO] - Finding web element from Test Object's properties

2021-10-14 17:30:16 - [MESSAGE][INFO] - Checking timeout

2021-10-14 17:30:16 - [MESSAGE][INFO] - Finding web element with id: 'Object Repository/Popup/Popup' located by 'By.cssSelector: .bootbox-body' in '10' second(s)

2021-10-14 17:30:16 - [MESSAGE][INFO] - Smart Wait Function is triggered

2021-10-14 17:30:17 - [MESSAGE][INFO] - Found 1 web elements with id: 'Object Repository/Popup/Popup' located by 'By.cssSelector: .bootbox-body' in '10' second(s)

2021-10-14 17:30:17 - [MESSAGE][PASSED] - Object 'Object Repository/Popup/Popup' is visible

2021-10-14 17:30:17 - [TEST_STEP][PASSED] - if (!(getText(findTestObject("Popup/Popup")).contains(Mesaj))): Text of object 'Object Repository/Popup/Popup' is: '14601 no’lu talebiniz işleme alınmıştır. Raporunuz hazırlandığında (elogotest@gmail.com) adresinize mail gönderilecektir.
Rapor durumunuzu Raporlar > Toplu Veri İndirme ekranından takip edebilir, hazırlandı durumundaki raporlarınızı ilgili menüden indirebilirsiniz.'

2021-10-14 17:30:17 - [MESSAGE][INFO] - Finding Test Object 'Object Repository/Popup/Popup'

2021-10-14 17:30:17 - [MESSAGE][INFO] - Checking object

2021-10-14 17:30:17 - [MESSAGE][INFO] - Finding web element from Test Object's properties

2021-10-14 17:30:17 - [MESSAGE][INFO] - Checking timeout

2021-10-14 17:30:17 - [MESSAGE][INFO] - Finding web element with id: 'Object Repository/Popup/Popup' located by 'By.cssSelector: .bootbox-body' in '30' second(s)

2021-10-14 17:30:17 - [MESSAGE][INFO] - Smart Wait Function is triggered

2021-10-14 17:30:17 - [MESSAGE][INFO] - Found 1 web elements with id: 'Object Repository/Popup/Popup' located by 'By.cssSelector: .bootbox-body' in '30' second(s)

2021-10-14 17:30:17 - [MESSAGE][INFO] - Getting text of object 'Object Repository/Popup/Popup'

2021-10-14 17:30:17 - [MESSAGE][PASSED] - Text of object 'Object Repository/Popup/Popup' is: '14601 no’lu talebiniz işleme alınmıştır. Raporunuz hazırlandığında (elogotest@gmail.com) adresinize mail gönderilecektir.
Rapor durumunuzu Raporlar > Toplu Veri İndirme ekranından takip edebilir, hazırlandı durumundaki raporlarınızı ilgili menüden indirebilirsiniz.'

2021-10-14 17:30:17 - [TEST_STEP][PASSED] - RaporNo = getText(findTestObject("Popup/Popup")).substring(0, 6): Text of object 'Object Repository/Popup/Popup' is: '14601 no’lu talebiniz işleme alınmıştır. Raporunuz hazırlandığında (elogotest@gmail.com) adresinize mail gönderilecektir.
Rapor durumunuzu Raporlar > Toplu Veri İndirme ekranından takip edebilir, hazırlandı durumundaki raporlarınızı ilgili menüden indirebilirsiniz.'

2021-10-14 17:30:17 - [MESSAGE][INFO] - Finding Test Object 'Object Repository/Popup/Popup'

2021-10-14 17:30:17 - [MESSAGE][INFO] - Checking object

2021-10-14 17:30:17 - [MESSAGE][INFO] - Finding web element from Test Object's properties

2021-10-14 17:30:17 - [MESSAGE][INFO] - Checking timeout

2021-10-14 17:30:17 - [MESSAGE][INFO] - Finding web element with id: 'Object Repository/Popup/Popup' located by 'By.cssSelector: .bootbox-body' in '30' second(s)

2021-10-14 17:30:17 - [MESSAGE][INFO] - Smart Wait Function is triggered

2021-10-14 17:30:18 - [MESSAGE][INFO] - Found 1 web elements with id: 'Object Repository/Popup/Popup' located by 'By.cssSelector: .bootbox-body' in '30' second(s)

2021-10-14 17:30:18 - [MESSAGE][INFO] - Getting text of object 'Object Repository/Popup/Popup'

2021-10-14 17:30:18 - [MESSAGE][PASSED] - Text of object 'Object Repository/Popup/Popup' is: '14601 no’lu talebiniz işleme alınmıştır. Raporunuz hazırlandığında (elogotest@gmail.com) adresinize mail gönderilecektir.
Rapor durumunuzu Raporlar > Toplu Veri İndirme ekranından takip edebilir, hazırlandı durumundaki raporlarınızı ilgili menüden indirebilirsiniz.'

2021-10-14 17:30:18 - [TEST_STEP][PASSED] - Console.println(RaporNo): null

2021-10-14 17:30:18 - [MESSAGE][PASSED] - Call Test Case 'Test Cases/Popup/PopupMesajiIceriyorMu' successfully

2021-10-14 17:30:18 - [MESSAGE][INFO] - Checking called Test Case

2021-10-14 17:30:18 - [MESSAGE][INFO] - Starting to call Test Case 'Test Cases/Popup/PopupButonSecilir'

2021-10-14 17:30:18 - [TEST_CASE][PASSED] - Test Cases/Popup/PopupButonSecilir: Test Cases/Popup/PopupButonSecilir

2021-10-14 17:30:18 - [TEST_STEP][PASSED] - Method.TextDegerineEsitElementeTikla(findTestObject("Popup/Popup_Butons"), Buton): Method.TextDegerineEsitElementeTikla is PASSED

2021-10-14 17:30:18 - [MESSAGE][INFO] - Finding Test Object 'Object Repository/Popup/Popup_Butons'

2021-10-14 17:30:18 - [MESSAGE][INFO] - Checking timeout

2021-10-14 17:30:18 - [MESSAGE][INFO] - Finding web element with id: 'Object Repository/Popup/Popup_Butons' located by 'By.cssSelector: .modal-footer>button' in '10' second(s)

2021-10-14 17:30:18 - [MESSAGE][INFO] - Smart Wait Function is triggered

2021-10-14 17:30:18 - [MESSAGE][INFO] - Found 1 web elements with id: 'Object Repository/Popup/Popup_Butons' located by 'By.cssSelector: .modal-footer>button' in '10' second(s)

2021-10-14 17:30:18 - [MESSAGE][PASSED] - Method.TextDegerineEsitElementeTikla is PASSED

2021-10-14 17:30:18 - [MESSAGE][PASSED] - Call Test Case 'Test Cases/Popup/PopupButonSecilir' successfully

2021-10-14 17:30:18 - [MESSAGE][INFO] - Checking called Test Case

2021-10-14 17:30:18 - [MESSAGE][INFO] - Starting to call Test Case 'Test Cases/Butonlar/ButonaTikla'

2021-10-14 17:30:18 - [TEST_CASE][PASSED] - Test Cases/Butonlar/ButonaTikla: Test Cases/Butonlar/ButonaTikla

2021-10-14 17:30:18 - [TEST_STEP][PASSED] - Method.TextDegerineEsitElementeTiklaEquals(findTestObject("Butonlar/Butonlar"), Buton_Adi): Method.TextDegerineEsitElementeTiklaEquals is PASSED

2021-10-14 17:30:18 - [MESSAGE][INFO] - Finding Test Object 'Object Repository/Butonlar/Butonlar'

2021-10-14 17:30:19 - [MESSAGE][INFO] - Checking timeout

2021-10-14 17:30:19 - [MESSAGE][INFO] - Finding web element with id: 'Object Repository/Butonlar/Butonlar' located by 'By.cssSelector: .panel.panel-default.text-center.footerPanel .btn,.btn.btn-primary.btnControls' in '10' second(s)

2021-10-14 17:30:19 - [MESSAGE][INFO] - Smart Wait Function is triggered

2021-10-14 17:30:19 - [MESSAGE][INFO] - Found 12 web elements with id: 'Object Repository/Butonlar/Butonlar' located by 'By.cssSelector: .panel.panel-default.text-center.footerPanel .btn,.btn.btn-primary.btnControls' in '10' second(s)

2021-10-14 17:30:19 - [MESSAGE][PASSED] - Method.TextDegerineEsitElementeTiklaEquals is PASSED

2021-10-14 17:30:19 - [MESSAGE][PASSED] - Call Test Case 'Test Cases/Butonlar/ButonaTikla' successfully

2021-10-14 17:30:19 - [MESSAGE][INFO] - Checking called Test Case

2021-10-14 17:30:19 - [MESSAGE][INFO] - Starting to call Test Case 'Test Cases/Butonlar/AltButonaTikla'

2021-10-14 17:30:19 - [TEST_CASE][PASSED] - Test Cases/Butonlar/AltButonaTikla: Test Cases/Butonlar/AltButonaTikla

2021-10-14 17:30:19 - [TEST_STEP][PASSED] - Method.TextDegerineEsitElementeTikla(findTestObject("Butonlar/AltButonlar"), Alt_Buton): Method.TextDegerineEsitElementeTikla is PASSED

2021-10-14 17:30:19 - [MESSAGE][INFO] - Finding Test Object 'Object Repository/Butonlar/AltButonlar'

2021-10-14 17:30:19 - [MESSAGE][INFO] - Checking timeout

2021-10-14 17:30:19 - [MESSAGE][INFO] - Finding web element with id: 'Object Repository/Butonlar/AltButonlar' located by 'By.cssSelector: .btn-group.open li>a' in '10' second(s)

2021-10-14 17:30:19 - [MESSAGE][INFO] - Smart Wait Function is triggered

2021-10-14 17:30:20 - [MESSAGE][INFO] - Found 2 web elements with id: 'Object Repository/Butonlar/AltButonlar' located by 'By.cssSelector: .btn-group.open li>a' in '10' second(s)

2021-10-14 17:30:20 - [MESSAGE][PASSED] - Method.TextDegerineEsitElementeTikla is PASSED

2021-10-14 17:30:20 - [MESSAGE][PASSED] - Call Test Case 'Test Cases/Butonlar/AltButonaTikla' successfully

2021-10-14 17:30:20 - [MESSAGE][INFO] - Checking called Test Case

2021-10-14 17:30:20 - [MESSAGE][INFO] - Starting to call Test Case 'Test Cases/Popup/PopupMesajiIceriyorMu'

2021-10-14 17:30:20 - [TEST_CASE][PASSED] - Test Cases/Popup/PopupMesajiIceriyorMu: Test Cases/Popup/PopupMesajiIceriyorMu

2021-10-14 17:30:20 - [TEST_STEP][PASSED] - waitForElementVisible(findTestObject("Popup/Popup"), 10): Object 'Object Repository/Popup/Popup' is visible

2021-10-14 17:30:20 - [MESSAGE][INFO] - Finding Test Object 'Object Repository/Popup/Popup'

2021-10-14 17:30:20 - [MESSAGE][INFO] - Checking object

2021-10-14 17:30:20 - [MESSAGE][INFO] - Checking timeout

2021-10-14 17:30:20 - [MESSAGE][INFO] - Finding web element from Test Object's properties

2021-10-14 17:30:20 - [MESSAGE][INFO] - Checking timeout

2021-10-14 17:30:20 - [MESSAGE][INFO] - Finding web element with id: 'Object Repository/Popup/Popup' located by 'By.cssSelector: .bootbox-body' in '10' second(s)

2021-10-14 17:30:20 - [MESSAGE][INFO] - Smart Wait Function is triggered

2021-10-14 17:30:20 - [MESSAGE][INFO] - Found 1 web elements with id: 'Object Repository/Popup/Popup' located by 'By.cssSelector: .bootbox-body' in '10' second(s)

2021-10-14 17:30:20 - [MESSAGE][PASSED] - Object 'Object Repository/Popup/Popup' is visible

2021-10-14 17:30:20 - [TEST_STEP][PASSED] - if (!(getText(findTestObject("Popup/Popup")).contains(Mesaj))): Text of object 'Object Repository/Popup/Popup' is: 'Lütfen rapor bildiriminin gönderileceği e-posta adresini belirtiniz.
e-Posta Adresi'

2021-10-14 17:30:20 - [MESSAGE][INFO] - Finding Test Object 'Object Repository/Popup/Popup'

2021-10-14 17:30:20 - [MESSAGE][INFO] - Checking object

2021-10-14 17:30:20 - [MESSAGE][INFO] - Finding web element from Test Object's properties

2021-10-14 17:30:20 - [MESSAGE][INFO] - Checking timeout

2021-10-14 17:30:20 - [MESSAGE][INFO] - Finding web element with id: 'Object Repository/Popup/Popup' located by 'By.cssSelector: .bootbox-body' in '30' second(s)

2021-10-14 17:30:20 - [MESSAGE][INFO] - Smart Wait Function is triggered

2021-10-14 17:30:21 - [MESSAGE][INFO] - Found 1 web elements with id: 'Object Repository/Popup/Popup' located by 'By.cssSelector: .bootbox-body' in '30' second(s)

2021-10-14 17:30:21 - [MESSAGE][INFO] - Getting text of object 'Object Repository/Popup/Popup'

2021-10-14 17:30:21 - [MESSAGE][PASSED] - Text of object 'Object Repository/Popup/Popup' is: 'Lütfen rapor bildiriminin gönderileceği e-posta adresini belirtiniz.
e-Posta Adresi'

2021-10-14 17:30:21 - [TEST_STEP][PASSED] - RaporNo = getText(findTestObject("Popup/Popup")).substring(0, 6): Text of object 'Object Repository/Popup/Popup' is: 'Lütfen rapor bildiriminin gönderileceği e-posta adresini belirtiniz.
e-Posta Adresi'

2021-10-14 17:30:21 - [MESSAGE][INFO] - Finding Test Object 'Object Repository/Popup/Popup'

2021-10-14 17:30:21 - [MESSAGE][INFO] - Checking object

2021-10-14 17:30:21 - [MESSAGE][INFO] - Finding web element from Test Object's properties

2021-10-14 17:30:21 - [MESSAGE][INFO] - Checking timeout

2021-10-14 17:30:21 - [MESSAGE][INFO] - Finding web element with id: 'Object Repository/Popup/Popup' located by 'By.cssSelector: .bootbox-body' in '30' second(s)

2021-10-14 17:30:21 - [MESSAGE][INFO] - Smart Wait Function is triggered

2021-10-14 17:30:21 - [MESSAGE][INFO] - Found 1 web elements with id: 'Object Repository/Popup/Popup' located by 'By.cssSelector: .bootbox-body' in '30' second(s)

2021-10-14 17:30:21 - [MESSAGE][INFO] - Getting text of object 'Object Repository/Popup/Popup'

2021-10-14 17:30:21 - [MESSAGE][PASSED] - Text of object 'Object Repository/Popup/Popup' is: 'Lütfen rapor bildiriminin gönderileceği e-posta adresini belirtiniz.
e-Posta Adresi'

2021-10-14 17:30:21 - [TEST_STEP][PASSED] - Console.println(RaporNo): null

2021-10-14 17:30:21 - [MESSAGE][PASSED] - Call Test Case 'Test Cases/Popup/PopupMesajiIceriyorMu' successfully

2021-10-14 17:30:21 - [MESSAGE][INFO] - Checking called Test Case

2021-10-14 17:30:21 - [MESSAGE][INFO] - Starting to call Test Case 'Test Cases/Popup/PopupButonSecilir'

2021-10-14 17:30:21 - [TEST_CASE][PASSED] - Test Cases/Popup/PopupButonSecilir: Test Cases/Popup/PopupButonSecilir

2021-10-14 17:30:21 - [TEST_STEP][PASSED] - Method.TextDegerineEsitElementeTikla(findTestObject("Popup/Popup_Butons"), Buton): Method.TextDegerineEsitElementeTikla is PASSED

2021-10-14 17:30:21 - [MESSAGE][INFO] - Finding Test Object 'Object Repository/Popup/Popup_Butons'

2021-10-14 17:30:21 - [MESSAGE][INFO] - Checking timeout

2021-10-14 17:30:21 - [MESSAGE][INFO] - Finding web element with id: 'Object Repository/Popup/Popup_Butons' located by 'By.cssSelector: .modal-footer>button' in '10' second(s)

2021-10-14 17:30:21 - [MESSAGE][INFO] - Smart Wait Function is triggered

2021-10-14 17:30:21 - [MESSAGE][INFO] - Found 2 web elements with id: 'Object Repository/Popup/Popup_Butons' located by 'By.cssSelector: .modal-footer>button' in '10' second(s)

2021-10-14 17:30:22 - [MESSAGE][PASSED] - Method.TextDegerineEsitElementeTikla is PASSED

2021-10-14 17:30:22 - [MESSAGE][PASSED] - Call Test Case 'Test Cases/Popup/PopupButonSecilir' successfully

2021-10-14 17:30:22 - [MESSAGE][INFO] - Checking called Test Case

2021-10-14 17:30:22 - [MESSAGE][INFO] - Starting to call Test Case 'Test Cases/Popup/PopupMesajiIceriyorMu'

2021-10-14 17:30:22 - [TEST_CASE][PASSED] - Test Cases/Popup/PopupMesajiIceriyorMu: Test Cases/Popup/PopupMesajiIceriyorMu

2021-10-14 17:30:22 - [TEST_STEP][PASSED] - waitForElementVisible(findTestObject("Popup/Popup"), 10): Object 'Object Repository/Popup/Popup' is visible

2021-10-14 17:30:22 - [MESSAGE][INFO] - Finding Test Object 'Object Repository/Popup/Popup'

2021-10-14 17:30:22 - [MESSAGE][INFO] - Checking object

2021-10-14 17:30:22 - [MESSAGE][INFO] - Checking timeout

2021-10-14 17:30:22 - [MESSAGE][INFO] - Finding web element from Test Object's properties

2021-10-14 17:30:22 - [MESSAGE][INFO] - Checking timeout

2021-10-14 17:30:22 - [MESSAGE][INFO] - Finding web element with id: 'Object Repository/Popup/Popup' located by 'By.cssSelector: .bootbox-body' in '10' second(s)

2021-10-14 17:30:22 - [MESSAGE][INFO] - Smart Wait Function is triggered

2021-10-14 17:30:22 - [MESSAGE][INFO] - Found 1 web elements with id: 'Object Repository/Popup/Popup' located by 'By.cssSelector: .bootbox-body' in '10' second(s)

2021-10-14 17:30:22 - [MESSAGE][PASSED] - Object 'Object Repository/Popup/Popup' is visible

2021-10-14 17:30:22 - [TEST_STEP][PASSED] - if (!(getText(findTestObject("Popup/Popup")).contains(Mesaj))): Text of object 'Object Repository/Popup/Popup' is: '14602 no’lu talebiniz işleme alınmıştır. Raporunuz hazırlandığında (elogotest@gmail.com) adresinize mail gönderilecektir.
Rapor durumunuzu Raporlar > Toplu Veri İndirme ekranından takip edebilir, hazırlandı durumundaki raporlarınızı ilgili menüden indirebilirsiniz.'

2021-10-14 17:30:22 - [MESSAGE][INFO] - Finding Test Object 'Object Repository/Popup/Popup'

2021-10-14 17:30:23 - [MESSAGE][INFO] - Checking object

2021-10-14 17:30:23 - [MESSAGE][INFO] - Finding web element from Test Object's properties

2021-10-14 17:30:23 - [MESSAGE][INFO] - Checking timeout

2021-10-14 17:30:23 - [MESSAGE][INFO] - Finding web element with id: 'Object Repository/Popup/Popup' located by 'By.cssSelector: .bootbox-body' in '30' second(s)

2021-10-14 17:30:23 - [MESSAGE][INFO] - Smart Wait Function is triggered

2021-10-14 17:30:23 - [MESSAGE][INFO] - Found 1 web elements with id: 'Object Repository/Popup/Popup' located by 'By.cssSelector: .bootbox-body' in '30' second(s)

2021-10-14 17:30:23 - [MESSAGE][INFO] - Getting text of object 'Object Repository/Popup/Popup'

2021-10-14 17:30:23 - [MESSAGE][PASSED] - Text of object 'Object Repository/Popup/Popup' is: '14602 no’lu talebiniz işleme alınmıştır. Raporunuz hazırlandığında (elogotest@gmail.com) adresinize mail gönderilecektir.
Rapor durumunuzu Raporlar > Toplu Veri İndirme ekranından takip edebilir, hazırlandı durumundaki raporlarınızı ilgili menüden indirebilirsiniz.'

2021-10-14 17:30:23 - [TEST_STEP][PASSED] - RaporNo = getText(findTestObject("Popup/Popup")).substring(0, 6): Text of object 'Object Repository/Popup/Popup' is: '14602 no’lu talebiniz işleme alınmıştır. Raporunuz hazırlandığında (elogotest@gmail.com) adresinize mail gönderilecektir.
Rapor durumunuzu Raporlar > Toplu Veri İndirme ekranından takip edebilir, hazırlandı durumundaki raporlarınızı ilgili menüden indirebilirsiniz.'

2021-10-14 17:30:23 - [MESSAGE][INFO] - Finding Test Object 'Object Repository/Popup/Popup'

2021-10-14 17:30:23 - [MESSAGE][INFO] - Checking object

2021-10-14 17:30:23 - [MESSAGE][INFO] - Finding web element from Test Object's properties

2021-10-14 17:30:23 - [MESSAGE][INFO] - Checking timeout

2021-10-14 17:30:23 - [MESSAGE][INFO] - Finding web element with id: 'Object Repository/Popup/Popup' located by 'By.cssSelector: .bootbox-body' in '30' second(s)

2021-10-14 17:30:23 - [MESSAGE][INFO] - Smart Wait Function is triggered

2021-10-14 17:30:23 - [MESSAGE][INFO] - Found 1 web elements with id: 'Object Repository/Popup/Popup' located by 'By.cssSelector: .bootbox-body' in '30' second(s)

2021-10-14 17:30:23 - [MESSAGE][INFO] - Getting text of object 'Object Repository/Popup/Popup'

2021-10-14 17:30:23 - [MESSAGE][PASSED] - Text of object 'Object Repository/Popup/Popup' is: '14602 no’lu talebiniz işleme alınmıştır. Raporunuz hazırlandığında (elogotest@gmail.com) adresinize mail gönderilecektir.
Rapor durumunuzu Raporlar > Toplu Veri İndirme ekranından takip edebilir, hazırlandı durumundaki raporlarınızı ilgili menüden indirebilirsiniz.'

2021-10-14 17:30:23 - [TEST_STEP][PASSED] - Console.println(RaporNo): null

2021-10-14 17:30:23 - [MESSAGE][PASSED] - Call Test Case 'Test Cases/Popup/PopupMesajiIceriyorMu' successfully

2021-10-14 17:30:23 - [MESSAGE][INFO] - Checking called Test Case

2021-10-14 17:30:23 - [MESSAGE][INFO] - Starting to call Test Case 'Test Cases/Popup/PopupButonSecilir'

2021-10-14 17:30:23 - [TEST_CASE][PASSED] - Test Cases/Popup/PopupButonSecilir: Test Cases/Popup/PopupButonSecilir

2021-10-14 17:30:23 - [TEST_STEP][PASSED] - Method.TextDegerineEsitElementeTikla(findTestObject("Popup/Popup_Butons"), Buton): Method.TextDegerineEsitElementeTikla is PASSED

2021-10-14 17:30:23 - [MESSAGE][INFO] - Finding Test Object 'Object Repository/Popup/Popup_Butons'

2021-10-14 17:30:23 - [MESSAGE][INFO] - Checking timeout

2021-10-14 17:30:23 - [MESSAGE][INFO] - Finding web element with id: 'Object Repository/Popup/Popup_Butons' located by 'By.cssSelector: .modal-footer>button' in '10' second(s)

2021-10-14 17:30:23 - [MESSAGE][INFO] - Smart Wait Function is triggered

2021-10-14 17:30:24 - [MESSAGE][INFO] - Found 1 web elements with id: 'Object Repository/Popup/Popup_Butons' located by 'By.cssSelector: .modal-footer>button' in '10' second(s)

2021-10-14 17:30:24 - [MESSAGE][PASSED] - Method.TextDegerineEsitElementeTikla is PASSED

2021-10-14 17:30:24 - [MESSAGE][PASSED] - Call Test Case 'Test Cases/Popup/PopupButonSecilir' successfully

2021-10-14 17:30:24 - [MESSAGE][INFO] - Checking called Test Case

2021-10-14 17:30:24 - [MESSAGE][INFO] - Starting to call Test Case 'Test Cases/Menu/AnaMenuSecimi'

2021-10-14 17:30:24 - [TEST_CASE][PASSED] - Test Cases/Menu/AnaMenuSecimi: Test Cases/Menu/AnaMenuSecimi

2021-10-14 17:30:24 - [TEST_STEP][PASSED] - Method.TextDegerineEsitElementeTikla(findTestObject("Menu/Ana_Menu"), Ana_Menu): Method.TextDegerineEsitElementeTikla is PASSED

2021-10-14 17:30:24 - [MESSAGE][INFO] - Finding Test Object 'Object Repository/Menu/Ana_Menu'

2021-10-14 17:30:24 - [MESSAGE][INFO] - Checking timeout

2021-10-14 17:30:24 - [MESSAGE][INFO] - Finding web element with id: 'Object Repository/Menu/Ana_Menu' located by 'By.xpath: //*[@class = 'dropdown-toggle']' in '10' second(s)

2021-10-14 17:30:24 - [MESSAGE][INFO] - Smart Wait Function is triggered

2021-10-14 17:30:24 - [MESSAGE][INFO] - Found 14 web elements with id: 'Object Repository/Menu/Ana_Menu' located by 'By.xpath: //*[@class = 'dropdown-toggle']' in '10' second(s)

2021-10-14 17:30:25 - [MESSAGE][PASSED] - Method.TextDegerineEsitElementeTikla is PASSED

2021-10-14 17:30:25 - [MESSAGE][PASSED] - Call Test Case 'Test Cases/Menu/AnaMenuSecimi' successfully

2021-10-14 17:30:25 - [MESSAGE][INFO] - Checking called Test Case

2021-10-14 17:30:25 - [MESSAGE][INFO] - Starting to call Test Case 'Test Cases/Menu/AltMenuSecimi'

2021-10-14 17:30:25 - [TEST_CASE][PASSED] - Test Cases/Menu/AltMenuSecimi: Test Cases/Menu/AltMenuSecimi

2021-10-14 17:30:25 - [TEST_STEP][PASSED] - Method.TextDegerineEsitElementeTikla(findTestObject("Menu/Alt_Menu"), Alt_Menu): Method.TextDegerineEsitElementeTikla is PASSED

2021-10-14 17:30:25 - [MESSAGE][INFO] - Finding Test Object 'Object Repository/Menu/Alt_Menu'

2021-10-14 17:30:25 - [MESSAGE][INFO] - Checking timeout

2021-10-14 17:30:25 - [MESSAGE][INFO] - Finding web element with id: 'Object Repository/Menu/Alt_Menu' located by 'By.xpath: //li[@class='dropdown dropdown-large open']//li[@class='dropdown-element']' in '10' second(s)

2021-10-14 17:30:25 - [MESSAGE][INFO] - Smart Wait Function is triggered

2021-10-14 17:30:25 - [MESSAGE][INFO] - Found 9 web elements with id: 'Object Repository/Menu/Alt_Menu' located by 'By.xpath: //li[@class='dropdown dropdown-large open']//li[@class='dropdown-element']' in '10' second(s)

2021-10-14 17:30:26 - [MESSAGE][PASSED] - Method.TextDegerineEsitElementeTikla is PASSED

2021-10-14 17:30:26 - [MESSAGE][PASSED] - Call Test Case 'Test Cases/Menu/AltMenuSecimi' successfully

2021-10-14 17:30:26 - [MESSAGE][INFO] - Checking called Test Case

2021-10-14 17:30:26 - [MESSAGE][INFO] - Starting to call Test Case 'Test Cases/Filtreler/RaporNoYaz'

2021-10-14 17:30:26 - [TEST_CASE][PASSED] - Test Cases/Filtreler/RaporNoYaz: Test Cases/Filtreler/RaporNoYaz

2021-10-14 17:30:26 - [TEST_STEP][PASSED] - Method.TextDegerineEsitElementinAltindakiTextboxtaYaz(findTestObject("Filtreler/Basliklar"), findTestObject("Filtreler/Basliga_Gore_Textbox"), "Talep No", RaporNo): Method.TextDegerineEsitElementinAltindakiTextboxtaYaz is PASSED

2021-10-14 17:30:26 - [MESSAGE][INFO] - Finding Test Object 'Object Repository/Filtreler/Basliklar'

2021-10-14 17:30:26 - [MESSAGE][INFO] - Finding Test Object 'Object Repository/Filtreler/Basliga_Gore_Textbox'

2021-10-14 17:30:26 - [MESSAGE][INFO] - Checking timeout

2021-10-14 17:30:26 - [MESSAGE][INFO] - Finding web element with id: 'Object Repository/Filtreler/Basliklar' located by 'By.cssSelector: .control-label.col-sm-4.paddingMarginRLC' in '10' second(s)

2021-10-14 17:30:26 - [MESSAGE][INFO] - Smart Wait Function is triggered

2021-10-14 17:30:27 - [MESSAGE][INFO] - Found 8 web elements with id: 'Object Repository/Filtreler/Basliklar' located by 'By.cssSelector: .control-label.col-sm-4.paddingMarginRLC' in '10' second(s)

2021-10-14 17:30:27 - [MESSAGE][INFO] - Smart Wait Function is triggered

2021-10-14 17:30:27 - [MESSAGE][PASSED] - Method.TextDegerineEsitElementinAltindakiTextboxtaYaz is PASSED

2021-10-14 17:30:27 - [MESSAGE][PASSED] - Call Test Case 'Test Cases/Filtreler/RaporNoYaz' successfully

2021-10-14 17:30:27 - [MESSAGE][INFO] - Checking called Test Case

2021-10-14 17:30:27 - [MESSAGE][INFO] - Starting to call Test Case 'Test Cases/Filtreler/ButonaTikla'

2021-10-14 17:30:27 - [TEST_CASE][PASSED] - Test Cases/Filtreler/ButonaTikla: Test Cases/Filtreler/ButonaTikla

2021-10-14 17:30:27 - [TEST_STEP][PASSED] - Method.TextDegerineEsitElementeTikla(findTestObject("Filtreler/Butonlar"), Filtre_Buton): Method.TextDegerineEsitElementeTikla is PASSED

2021-10-14 17:30:27 - [MESSAGE][INFO] - Finding Test Object 'Object Repository/Filtreler/Butonlar'

2021-10-14 17:30:27 - [MESSAGE][INFO] - Checking timeout

2021-10-14 17:30:27 - [MESSAGE][INFO] - Finding web element with id: 'Object Repository/Filtreler/Butonlar' located by 'By.cssSelector: .dxb>span' in '10' second(s)

2021-10-14 17:30:27 - [MESSAGE][INFO] - Smart Wait Function is triggered

2021-10-14 17:30:28 - [MESSAGE][INFO] - Found 2 web elements with id: 'Object Repository/Filtreler/Butonlar' located by 'By.cssSelector: .dxb>span' in '10' second(s)

2021-10-14 17:30:28 - [MESSAGE][PASSED] - Method.TextDegerineEsitElementeTikla is PASSED

2021-10-14 17:30:28 - [MESSAGE][PASSED] - Call Test Case 'Test Cases/Filtreler/ButonaTikla' successfully

2021-10-14 17:30:28 - [MESSAGE][INFO] - Checking called Test Case

2021-10-14 17:30:28 - [MESSAGE][INFO] - Starting to call Test Case 'Test Cases/Tablo/TablodaVeriVarMi'

2021-10-14 17:30:28 - [TEST_CASE][PASSED] - Test Cases/Tablo/TablodaVeriVarMi: Test Cases/Tablo/TablodaVeriVarMi

2021-10-14 17:30:28 - [TEST_STEP][PASSED] - verifyTextNotPresent("Görüntülenecek veri yok", true): Text 'Görüntülenecek veri yok' is not present on page using regular expression

2021-10-14 17:30:28 - [MESSAGE][INFO] - Checking text present  using regular expression

2021-10-14 17:30:28 - [MESSAGE][INFO] - Smart Wait Function is triggered

2021-10-14 17:30:34 - [MESSAGE][INFO] - Finding text 'Görüntülenecek veri yok' on page  using regular expression

2021-10-14 17:30:34 - [MESSAGE][PASSED] - Text 'Görüntülenecek veri yok' is not present on page using regular expression

2021-10-14 17:30:34 - [MESSAGE][PASSED] - Call Test Case 'Test Cases/Tablo/TablodaVeriVarMi' successfully

2021-10-14 17:30:34 - [MESSAGE][INFO] - Checking called Test Case

2021-10-14 17:30:34 - [MESSAGE][INFO] - Starting to call Test Case 'Test Cases/Kullanici_Islemleri/KullaniciIslemlerindenSecimYapilir'

2021-10-14 17:30:34 - [TEST_CASE][PASSED] - Test Cases/Kullanici_Islemleri/KullaniciIslemlerindenSecimYapilir: Test Cases/Kullanici_Islemleri/KullaniciIslemlerindenSecimYapilir

2021-10-14 17:30:34 - [TEST_STEP][PASSED] - waitForElementClickable(findTestObject("Object Repository/Kullanici_Islemleri/KullaniciIslemleri"), 10): Object 'Object Repository/Kullanici_Islemleri/KullaniciIslemleri' is clickable

2021-10-14 17:30:34 - [MESSAGE][INFO] - Finding Test Object 'Object Repository/Kullanici_Islemleri/KullaniciIslemleri'

2021-10-14 17:30:34 - [MESSAGE][INFO] - Checking object

2021-10-14 17:30:34 - [MESSAGE][INFO] - Checking timeout

2021-10-14 17:30:34 - [MESSAGE][INFO] - Finding web element from Test Object's properties

2021-10-14 17:30:34 - [MESSAGE][INFO] - Checking timeout

2021-10-14 17:30:34 - [MESSAGE][INFO] - Finding web element with id: 'Object Repository/Kullanici_Islemleri/KullaniciIslemleri' located by 'By.cssSelector: .dropdown>a>img' in '10' second(s)

2021-10-14 17:30:34 - [MESSAGE][INFO] - Smart Wait Function is triggered

2021-10-14 17:30:34 - [MESSAGE][INFO] - Found 1 web elements with id: 'Object Repository/Kullanici_Islemleri/KullaniciIslemleri' located by 'By.cssSelector: .dropdown>a>img' in '10' second(s)

2021-10-14 17:30:34 - [MESSAGE][PASSED] - Object 'Object Repository/Kullanici_Islemleri/KullaniciIslemleri' is clickable

2021-10-14 17:30:34 - [TEST_STEP][PASSED] - click(findTestObject("Object Repository/Kullanici_Islemleri/KullaniciIslemleri")): Object: 'Object Repository/Kullanici_Islemleri/KullaniciIslemleri' is clicked on

2021-10-14 17:30:34 - [MESSAGE][INFO] - Finding Test Object 'Object Repository/Kullanici_Islemleri/KullaniciIslemleri'

2021-10-14 17:30:35 - [MESSAGE][INFO] - Checking object

2021-10-14 17:30:35 - [MESSAGE][INFO] - Finding web element from Test Object's properties

2021-10-14 17:30:35 - [MESSAGE][INFO] - Checking timeout

2021-10-14 17:30:35 - [MESSAGE][INFO] - Finding web element with id: 'Object Repository/Kullanici_Islemleri/KullaniciIslemleri' located by 'By.cssSelector: .dropdown>a>img' in '30' second(s)

2021-10-14 17:30:35 - [MESSAGE][INFO] - Smart Wait Function is triggered

2021-10-14 17:30:35 - [MESSAGE][INFO] - Found 1 web elements with id: 'Object Repository/Kullanici_Islemleri/KullaniciIslemleri' located by 'By.cssSelector: .dropdown>a>img' in '30' second(s)

2021-10-14 17:30:35 - [MESSAGE][INFO] - Clicking on object: 'Object Repository/Kullanici_Islemleri/KullaniciIslemleri'

2021-10-14 17:30:35 - [MESSAGE][PASSED] - Object: 'Object Repository/Kullanici_Islemleri/KullaniciIslemleri' is clicked on

2021-10-14 17:30:35 - [TEST_STEP][PASSED] - Method.TextDegerineEsitElementeTikla(findTestObject("Object Repository/Kullanici_Islemleri/Secenekler"), Islem): Method.TextDegerineEsitElementeTikla is PASSED

2021-10-14 17:30:35 - [MESSAGE][INFO] - Finding Test Object 'Object Repository/Kullanici_Islemleri/Secenekler'

2021-10-14 17:30:35 - [MESSAGE][INFO] - Checking timeout

2021-10-14 17:30:35 - [MESSAGE][INFO] - Finding web element with id: 'Object Repository/Kullanici_Islemleri/Secenekler' located by 'By.cssSelector: .nav.navbar-nav.navbar-right li a' in '10' second(s)

2021-10-14 17:30:35 - [MESSAGE][INFO] - Smart Wait Function is triggered

2021-10-14 17:30:35 - [MESSAGE][INFO] - Found 22 web elements with id: 'Object Repository/Kullanici_Islemleri/Secenekler' located by 'By.cssSelector: .nav.navbar-nav.navbar-right li a' in '10' second(s)

2021-10-14 17:30:38 - [MESSAGE][PASSED] - Method.TextDegerineEsitElementeTikla is PASSED

2021-10-14 17:30:38 - [TEST_STEP][PASSED] - verifyElementNotPresent(findTestObject("Object Repository/Kullanici_Islemleri/Secenekler"), 10): Web element with id: 'Object Repository/Kullanici_Islemleri/Secenekler' located by 'By.cssSelector: .nav.navbar-nav.navbar-right li a' is not present after '10' second(s)

2021-10-14 17:30:38 - [MESSAGE][INFO] - Finding Test Object 'Object Repository/Kullanici_Islemleri/Secenekler'

2021-10-14 17:30:38 - [MESSAGE][INFO] - Checking object

2021-10-14 17:30:38 - [MESSAGE][INFO] - Checking timeout

2021-10-14 17:30:38 - [MESSAGE][INFO] - Finding web element with id: 'Object Repository/Kullanici_Islemleri/Secenekler' located by 'By.cssSelector: .nav.navbar-nav.navbar-right li a' in '10' second(s)

2021-10-14 17:30:38 - [MESSAGE][INFO] - Smart Wait Function is triggered

2021-10-14 17:30:38 - [MESSAGE][PASSED] - Web element with id: 'Object Repository/Kullanici_Islemleri/Secenekler' located by 'By.cssSelector: .nav.navbar-nav.navbar-right li a' is not present after '10' second(s)

2021-10-14 17:30:38 - [MESSAGE][PASSED] - Call Test Case 'Test Cases/Kullanici_Islemleri/KullaniciIslemlerindenSecimYapilir' successfully

2021-10-14 17:30:38 - [TEST_CASE][PASSED] - Start Test Case : SCENARIO Irsaliyenin excele aktarilmasi: SCENARIO Irsaliyenin excele aktarilmasi

2021-10-14 17:30:38 - [TEST_STEP][PASSED] - Kullanıcı adı ELOGO6 ve Şifre 123456 olarak giriş yapılır: Kullanıcı adı ELOGO6 ve Şifre 123456 olarak giriş yapılır

2021-10-14 17:30:38 - [MESSAGE][PASSED] - Kullanıcı adı ELOGO6 ve Şifre 123456 olarak giriş yapılır

2021-10-14 17:30:38 - [TEST_STEP][PASSED] - Ana menüden e-İrsaliye seçilir: Ana menüden e-İrsaliye seçilir

2021-10-14 17:30:38 - [MESSAGE][PASSED] - Ana menüden e-İrsaliye seçilir

2021-10-14 17:30:38 - [TEST_STEP][PASSED] - Alt menü Gelen Kutusu başlığı altındaki İrsaliyeler seçilir: Alt menü Gelen Kutusu başlığı altındaki İrsaliyeler seçilir

2021-10-14 17:30:38 - [MESSAGE][PASSED] - Alt menü Gelen Kutusu başlığı altındaki İrsaliyeler seçilir

2021-10-14 17:30:38 - [TEST_STEP][PASSED] - Filtrelerden Oluşturma Tarihi filtresine 01.12.2020 baslangic degerini yaz: Filtrelerden Oluşturma Tarihi filtresine 01.12.2020 baslangic degerini yaz

2021-10-14 17:30:38 - [MESSAGE][PASSED] - Filtrelerden Oluşturma Tarihi filtresine 01.12.2020 baslangic degerini yaz

2021-10-14 17:30:38 - [TEST_STEP][PASSED] - Filtrelerden Oluşturma Tarihi filtresine 31.12.2020 bitis degerini yaz: Filtrelerden Oluşturma Tarihi filtresine 31.12.2020 bitis degerini yaz

2021-10-14 17:30:38 - [MESSAGE][PASSED] - Filtrelerden Oluşturma Tarihi filtresine 31.12.2020 bitis degerini yaz

2021-10-14 17:30:38 - [TEST_STEP][PASSED] - Filtre butonlarından Listele seçilir: Filtre butonlarından Listele seçilir

2021-10-14 17:30:38 - [MESSAGE][PASSED] - Filtre butonlarından Listele seçilir

2021-10-14 17:30:38 - [TEST_STEP][PASSED] - Tabloda veri var mı kontrol edilir: Tabloda veri var mı kontrol edilir

2021-10-14 17:30:38 - [MESSAGE][PASSED] - Tabloda veri var mı kontrol edilir

2021-10-14 17:30:38 - [TEST_STEP][PASSED] - Tablodan Logo Elektronik GIB Test isimli veri seçilir: Tablodan Logo Elektronik GIB Test isimli veri seçilir

2021-10-14 17:30:38 - [MESSAGE][PASSED] - Tablodan Logo Elektronik GIB Test isimli veri seçilir

2021-10-14 17:30:38 - [TEST_STEP][PASSED] - Butonlardan Excel isimli butona tıklanır: Butonlardan Excel isimli butona tıklanır

2021-10-14 17:30:38 - [MESSAGE][PASSED] - Butonlardan Excel isimli butona tıklanır

2021-10-14 17:30:38 - [TEST_STEP][PASSED] - Alt butonlardan Excel'e Aktar butonuna tıklanır: Alt butonlardan Excel'e Aktar butonuna tıklanır

2021-10-14 17:30:38 - [MESSAGE][PASSED] - Alt butonlardan Excel'e Aktar butonuna tıklanır

2021-10-14 17:30:38 - [TEST_STEP][PASSED] - Popup mesajı Lütfen rapor bildiriminin gönderileceği e-posta adresini belirtiniz. içeriyor mu: Popup mesajı Lütfen rapor bildiriminin gönderileceği e-posta adresini belirtiniz. içeriyor mu

2021-10-14 17:30:38 - [MESSAGE][PASSED] - Popup mesajı Lütfen rapor bildiriminin gönderileceği e-posta adresini belirtiniz. içeriyor mu

2021-10-14 17:30:38 - [TEST_STEP][PASSED] - Yönetim popupında Gönder seçilir: Yönetim popupında Gönder seçilir

2021-10-14 17:30:38 - [MESSAGE][PASSED] - Yönetim popupında Gönder seçilir

2021-10-14 17:30:38 - [TEST_STEP][PASSED] - Popup mesajı Toplu Veri İndirme içeriyor mu: Popup mesajı Toplu Veri İndirme içeriyor mu

2021-10-14 17:30:38 - [MESSAGE][PASSED] - Popup mesajı Toplu Veri İndirme içeriyor mu

2021-10-14 17:30:38 - [TEST_STEP][PASSED] - Yönetim popupında Tamam seçilir: Yönetim popupında Tamam seçilir

2021-10-14 17:30:38 - [MESSAGE][PASSED] - Yönetim popupında Tamam seçilir

2021-10-14 17:30:38 - [TEST_STEP][PASSED] - Butonlardan Excel isimli butona tıklanır: Butonlardan Excel isimli butona tıklanır

2021-10-14 17:30:38 - [MESSAGE][PASSED] - Butonlardan Excel isimli butona tıklanır

2021-10-14 17:30:38 - [TEST_STEP][PASSED] - Alt butonlardan Tümünü Excel'e Aktar butonuna tıklanır: Alt butonlardan Tümünü Excel'e Aktar butonuna tıklanır

2021-10-14 17:30:38 - [MESSAGE][PASSED] - Alt butonlardan Tümünü Excel'e Aktar butonuna tıklanır

2021-10-14 17:30:38 - [TEST_STEP][PASSED] - Popup mesajı Lütfen rapor bildiriminin gönderileceği e-posta adresini belirtiniz. içeriyor mu: Popup mesajı Lütfen rapor bildiriminin gönderileceği e-posta adresini belirtiniz. içeriyor mu

2021-10-14 17:30:38 - [MESSAGE][PASSED] - Popup mesajı Lütfen rapor bildiriminin gönderileceği e-posta adresini belirtiniz. içeriyor mu

2021-10-14 17:30:38 - [TEST_STEP][PASSED] - Yönetim popupında Gönder seçilir: Yönetim popupında Gönder seçilir

2021-10-14 17:30:38 - [MESSAGE][PASSED] - Yönetim popupında Gönder seçilir

2021-10-14 17:30:38 - [TEST_STEP][PASSED] - Popup mesajı Toplu Veri İndirme içeriyor mu: Popup mesajı Toplu Veri İndirme içeriyor mu

2021-10-14 17:30:38 - [MESSAGE][PASSED] - Popup mesajı Toplu Veri İndirme içeriyor mu

2021-10-14 17:30:38 - [TEST_STEP][PASSED] - Yönetim popupında Tamam seçilir: Yönetim popupında Tamam seçilir

2021-10-14 17:30:38 - [MESSAGE][PASSED] - Yönetim popupında Tamam seçilir

2021-10-14 17:30:38 - [TEST_STEP][PASSED] - Ana menüden Raporlar seçilir: Ana menüden Raporlar seçilir

2021-10-14 17:30:38 - [MESSAGE][PASSED] - Ana menüden Raporlar seçilir

2021-10-14 17:30:38 - [TEST_STEP][PASSED] - Alt menüden Toplu Veri İndirme seçilir: Alt menüden Toplu Veri İndirme seçilir

2021-10-14 17:30:38 - [MESSAGE][PASSED] - Alt menüden Toplu Veri İndirme seçilir

2021-10-14 17:30:38 - [TEST_STEP][PASSED] - Filtrelerden Talep No filtresine Rapor No bilgisi yaz: Filtrelerden Talep No filtresine Rapor No bilgisi yaz

2021-10-14 17:30:38 - [MESSAGE][PASSED] - Filtrelerden Talep No filtresine Rapor No bilgisi yaz

2021-10-14 17:30:38 - [TEST_STEP][PASSED] - Filtre butonlarından Listele seçilir: Filtre butonlarından Listele seçilir

2021-10-14 17:30:38 - [MESSAGE][PASSED] - Filtre butonlarından Listele seçilir

2021-10-14 17:30:38 - [TEST_STEP][PASSED] - Tabloda veri var mı kontrol edilir: Tabloda veri var mı kontrol edilir

2021-10-14 17:30:38 - [MESSAGE][PASSED] - Tabloda veri var mı kontrol edilir

2021-10-14 17:30:38 - [TEST_STEP][PASSED] - Kullanıcı işlemlerinden Çıkış seçilir: Kullanıcı işlemlerinden Çıkış seçilir

2021-10-14 17:30:38 - [MESSAGE][PASSED] - Kullanıcı işlemlerinden Çıkış seçilir

2021-10-14 17:30:38 - [MESSAGE][PASSED] - Feature file: 'Include/features/e-Irsaliye/Gelen Kutusu/Irsaliyeler/Excele Aktar.feature' was passed

2021-10-14 17:30:38 - [TEST_STEP][PASSED] - Start listener action : sampleAfterTestSuite: Invoke 'com.kms.katalon.core.annotation.AfterTestCase' method: 'Listener.sampleAfterTestSuite(...)' completed.

2021-10-14 17:30:38 - [MESSAGE][INFO] - Starting invoke 'com.kms.katalon.core.annotation.AfterTestCase' method: 'Listener.sampleAfterTestSuite(...)'

2021-10-14 17:30:38 - [TEST_STEP][PASSED] - closeBrowser(): Invoke 'com.kms.katalon.core.annotation.AfterTestCase' method: 'Listener.sampleAfterTestSuite(...)' completed.

2021-10-14 17:30:38 - [MESSAGE][INFO] - Closing browser

2021-10-14 17:30:39 - [MESSAGE][PASSED] - Browser is closed

2021-10-14 17:30:39 - [MESSAGE][INFO] - Invoke 'com.kms.katalon.core.annotation.AfterTestCase' method: 'Listener.sampleAfterTestSuite(...)' completed.]]></system-out>
         <system-err><![CDATA[]]></system-err>
      </testcase>
      <testcase name="Test Cases/Case Repository/e-Irsaliye/Gelen Kutusu/Irsaliye Yanitlari/Toplu Indirme" time="55.146" classname="Test Cases/Case Repository/e-Irsaliye/Gelen Kutusu/Irsaliye Yanitlari/Toplu Indirme" status="PASSED">
         <system-out><![CDATA[2021-10-14 17:30:39 - [TEST_CASE][PASSED] - Test Cases/Case Repository/e-Irsaliye/Gelen Kutusu/Irsaliye Yanitlari/Toplu Indirme: Test Cases/Case Repository/e-Irsaliye/Gelen Kutusu/Irsaliye Yanitlari/Toplu Indirme

2021-10-14 17:30:39 - [TEST_STEP][PASSED] - Start listener action : sampleBeforeTestSuite: Invoke 'com.kms.katalon.core.annotation.BeforeTestCase' method: 'Listener.sampleBeforeTestSuite(...)' completed.

2021-10-14 17:30:39 - [MESSAGE][INFO] - Starting invoke 'com.kms.katalon.core.annotation.BeforeTestCase' method: 'Listener.sampleBeforeTestSuite(...)'

2021-10-14 17:30:39 - [TEST_STEP][PASSED] - openBrowser(baseUrl): Browser is opened with url: 'https://efatura-stage.elogo.com.tr/'

2021-10-14 17:30:39 - [MESSAGE][INFO] - Opening browser

2021-10-14 17:30:39 - [MESSAGE][INFO] - Starting 'Chrome' driver

2021-10-14 17:30:39 - [MESSAGE][INFO] - User set preference: ['prefs', '{download.default_directory=C:\otomasyondownfiles}']

2021-10-14 17:30:39 - [MESSAGE][INFO] - Action delay is set to 0 milliseconds

2021-10-14 17:30:40 - [MESSAGE][INFO] - Navigating browser to: 'https://efatura-stage.elogo.com.tr/'

2021-10-14 17:30:44 - [MESSAGE][PASSED] - Browser is opened with url: 'https://efatura-stage.elogo.com.tr/'

2021-10-14 17:30:44 - [TEST_STEP][PASSED] - maximizeWindow(): Invoke 'com.kms.katalon.core.annotation.BeforeTestCase' method: 'Listener.sampleBeforeTestSuite(...)' completed.

2021-10-14 17:30:44 - [MESSAGE][INFO] - Maximizing current window

2021-10-14 17:30:44 - [MESSAGE][PASSED] - Current window maximized

2021-10-14 17:30:44 - [MESSAGE][INFO] - Invoke 'com.kms.katalon.core.annotation.BeforeTestCase' method: 'Listener.sampleBeforeTestSuite(...)' completed.

2021-10-14 17:30:45 - [TEST_STEP][PASSED] - runFeatureFile("Include/features/e-Irsaliye/Gelen Kutusu/Irsaliye Yanitlari/Toplu Indirme.feature"): Feature file: 'Include/features/e-Irsaliye/Gelen Kutusu/Irsaliye Yanitlari/Toplu Indirme.feature' was passed

2021-10-14 17:30:45 - [MESSAGE][INFO] - Starting run keyword runFeatureFile: 'Include/features/e-Irsaliye/Gelen Kutusu/Irsaliye Yanitlari/Toplu Indirme.feature' and extract report to folder: 'C:\Users\DELL\Downloads\EES_Katalon-main\Reports\20211014_170112\Suite Repository\ExceleAktarVeTopluIndirme\20211014_170125/cucumber_report/1634221845529'...

2021-10-14 17:30:45 - [MESSAGE][INFO] - Glue: []

2021-10-14 17:30:46 - [MESSAGE][INFO] - Checking called Test Case

2021-10-14 17:30:46 - [MESSAGE][INFO] - Starting to call Test Case 'Test Cases/Sayfalar/Giris_Sayfasi/Login'

2021-10-14 17:30:46 - [TEST_CASE][PASSED] - Test Cases/Sayfalar/Giris_Sayfasi/Login: Test Cases/Sayfalar/Giris_Sayfasi/Login

2021-10-14 17:30:46 - [TEST_STEP][PASSED] - Sayfa_Basligi = getWindowTitle(): Current window's title is: 'LOGO e-Fatura'

2021-10-14 17:30:46 - [MESSAGE][INFO] - Getting current window's title

2021-10-14 17:30:46 - [MESSAGE][PASSED] - Current window's title is: 'LOGO e-Fatura'

2021-10-14 17:30:46 - [TEST_STEP][PASSED] - verifyMatch(Sayfa_Basligi, "LOGO e-Fatura", false): Actual text 'LOGO e-Fatura' and expected text 'LOGO e-Fatura' are matched 

2021-10-14 17:30:46 - [MESSAGE][INFO] - Matching actual text 'LOGO e-Fatura' with expected text 'LOGO e-Fatura'

2021-10-14 17:30:46 - [MESSAGE][PASSED] - Actual text 'LOGO e-Fatura' and expected text 'LOGO e-Fatura' are matched 

2021-10-14 17:30:46 - [TEST_STEP][PASSED] - sendKeys(findTestObject("Sayfalar/Giris_Sayfasi/Firma_Kodu"), KullaniciAdi): Keys 'ELOGO6' sent to object: 'Object Repository/Sayfalar/Giris_Sayfasi/Firma_Kodu'

2021-10-14 17:30:46 - [MESSAGE][INFO] - Finding Test Object 'Object Repository/Sayfalar/Giris_Sayfasi/Firma_Kodu'

2021-10-14 17:30:46 - [MESSAGE][INFO] - Sending keys 'ELOGO6' to object: 'Object Repository/Sayfalar/Giris_Sayfasi/Firma_Kodu'

2021-10-14 17:30:46 - [MESSAGE][INFO] - Finding web element from Test Object's properties

2021-10-14 17:30:46 - [MESSAGE][INFO] - Checking timeout

2021-10-14 17:30:46 - [MESSAGE][INFO] - Finding web element with id: 'Object Repository/Sayfalar/Giris_Sayfasi/Firma_Kodu' located by 'By.xpath: //*[@id = 'AccountName']' in '30' second(s)

2021-10-14 17:30:46 - [MESSAGE][INFO] - Smart Wait Function is triggered

2021-10-14 17:30:46 - [MESSAGE][INFO] - Found 1 web elements with id: 'Object Repository/Sayfalar/Giris_Sayfasi/Firma_Kodu' located by 'By.xpath: //*[@id = 'AccountName']' in '30' second(s)

2021-10-14 17:30:46 - [MESSAGE][PASSED] - Keys 'ELOGO6' sent to object: 'Object Repository/Sayfalar/Giris_Sayfasi/Firma_Kodu'

2021-10-14 17:30:46 - [TEST_STEP][PASSED] - sendKeys(findTestObject("Sayfalar/Giris_Sayfasi/Sifre"), Sifre): Keys '123456' sent to object: 'Object Repository/Sayfalar/Giris_Sayfasi/Sifre'

2021-10-14 17:30:46 - [MESSAGE][INFO] - Finding Test Object 'Object Repository/Sayfalar/Giris_Sayfasi/Sifre'

2021-10-14 17:30:46 - [MESSAGE][INFO] - Sending keys '123456' to object: 'Object Repository/Sayfalar/Giris_Sayfasi/Sifre'

2021-10-14 17:30:46 - [MESSAGE][INFO] - Finding web element from Test Object's properties

2021-10-14 17:30:46 - [MESSAGE][INFO] - Checking timeout

2021-10-14 17:30:46 - [MESSAGE][INFO] - Finding web element with id: 'Object Repository/Sayfalar/Giris_Sayfasi/Sifre' located by 'By.xpath: //*[@id = 'Password']' in '30' second(s)

2021-10-14 17:30:46 - [MESSAGE][INFO] - Smart Wait Function is triggered

2021-10-14 17:30:47 - [MESSAGE][INFO] - Found 1 web elements with id: 'Object Repository/Sayfalar/Giris_Sayfasi/Sifre' located by 'By.xpath: //*[@id = 'Password']' in '30' second(s)

2021-10-14 17:30:47 - [MESSAGE][PASSED] - Keys '123456' sent to object: 'Object Repository/Sayfalar/Giris_Sayfasi/Sifre'

2021-10-14 17:30:47 - [TEST_STEP][PASSED] - findWebElement(findTestObject("Sayfalar/Giris_Sayfasi/Giris_Butonu")).click(): Found 1 web elements with id: 'Object Repository/Sayfalar/Giris_Sayfasi/Giris_Butonu' located by 'By.cssSelector: #btnLogin' in '30' second(s)

2021-10-14 17:30:47 - [MESSAGE][INFO] - Finding Test Object 'Object Repository/Sayfalar/Giris_Sayfasi/Giris_Butonu'

2021-10-14 17:30:47 - [MESSAGE][INFO] - Finding web element from Test Object's properties

2021-10-14 17:30:47 - [MESSAGE][INFO] - Checking timeout

2021-10-14 17:30:47 - [MESSAGE][INFO] - Finding web element with id: 'Object Repository/Sayfalar/Giris_Sayfasi/Giris_Butonu' located by 'By.cssSelector: #btnLogin' in '30' second(s)

2021-10-14 17:30:47 - [MESSAGE][INFO] - Smart Wait Function is triggered

2021-10-14 17:30:47 - [MESSAGE][INFO] - Found 1 web elements with id: 'Object Repository/Sayfalar/Giris_Sayfasi/Giris_Butonu' located by 'By.cssSelector: #btnLogin' in '30' second(s)

2021-10-14 17:30:49 - [TEST_STEP][PASSED] - if (verifyElementPresent(findTestObject("Object Repository/Sayfalar/Giris_Sayfasi/RetveTamam_Butonu"), 5, OPTIONAL)): null

2021-10-14 17:30:49 - [MESSAGE][INFO] - Finding Test Object 'Object Repository/Sayfalar/Giris_Sayfasi/RetveTamam_Butonu'

2021-10-14 17:30:49 - [MESSAGE][INFO] - Checking object

2021-10-14 17:30:49 - [MESSAGE][INFO] - Finding web element from Test Object's properties

2021-10-14 17:30:49 - [MESSAGE][INFO] - Checking timeout

2021-10-14 17:30:49 - [MESSAGE][INFO] - Finding web element with id: 'Object Repository/Sayfalar/Giris_Sayfasi/RetveTamam_Butonu' located by 'By.xpath: //*[@class = 'btn btn-default']' in '5' second(s)

2021-10-14 17:30:49 - [MESSAGE][INFO] - Smart Wait Function is triggered

2021-10-14 17:30:50 - [MESSAGE][INFO] - Found 1 web elements with id: 'Object Repository/Sayfalar/Giris_Sayfasi/RetveTamam_Butonu' located by 'By.xpath: //*[@class = 'btn btn-default']' in '5' second(s)

2021-10-14 17:30:50 - [MESSAGE][PASSED] - Object 'Object Repository/Sayfalar/Giris_Sayfasi/RetveTamam_Butonu' is present

2021-10-14 17:30:50 - [TEST_STEP][PASSED] - click(findTestObject("Object Repository/Sayfalar/Giris_Sayfasi/RetveTamam_Butonu")): Object: 'Object Repository/Sayfalar/Giris_Sayfasi/RetveTamam_Butonu' is clicked on

2021-10-14 17:30:50 - [MESSAGE][INFO] - Finding Test Object 'Object Repository/Sayfalar/Giris_Sayfasi/RetveTamam_Butonu'

2021-10-14 17:30:50 - [MESSAGE][INFO] - Checking object

2021-10-14 17:30:50 - [MESSAGE][INFO] - Finding web element from Test Object's properties

2021-10-14 17:30:50 - [MESSAGE][INFO] - Checking timeout

2021-10-14 17:30:50 - [MESSAGE][INFO] - Finding web element with id: 'Object Repository/Sayfalar/Giris_Sayfasi/RetveTamam_Butonu' located by 'By.xpath: //*[@class = 'btn btn-default']' in '30' second(s)

2021-10-14 17:30:50 - [MESSAGE][INFO] - Smart Wait Function is triggered

2021-10-14 17:30:50 - [MESSAGE][INFO] - Found 1 web elements with id: 'Object Repository/Sayfalar/Giris_Sayfasi/RetveTamam_Butonu' located by 'By.xpath: //*[@class = 'btn btn-default']' in '30' second(s)

2021-10-14 17:30:50 - [MESSAGE][INFO] - Clicking on object: 'Object Repository/Sayfalar/Giris_Sayfasi/RetveTamam_Butonu'

2021-10-14 17:30:50 - [MESSAGE][PASSED] - Object: 'Object Repository/Sayfalar/Giris_Sayfasi/RetveTamam_Butonu' is clicked on

2021-10-14 17:30:50 - [TEST_STEP][PASSED] - click(findTestObject("Object Repository/Sayfalar/Giris_Sayfasi/RetveTamam_Butonu")): Object: 'Object Repository/Sayfalar/Giris_Sayfasi/RetveTamam_Butonu' is clicked on

2021-10-14 17:30:50 - [MESSAGE][INFO] - Finding Test Object 'Object Repository/Sayfalar/Giris_Sayfasi/RetveTamam_Butonu'

2021-10-14 17:30:50 - [MESSAGE][INFO] - Checking object

2021-10-14 17:30:50 - [MESSAGE][INFO] - Finding web element from Test Object's properties

2021-10-14 17:30:50 - [MESSAGE][INFO] - Checking timeout

2021-10-14 17:30:50 - [MESSAGE][INFO] - Finding web element with id: 'Object Repository/Sayfalar/Giris_Sayfasi/RetveTamam_Butonu' located by 'By.xpath: //*[@class = 'btn btn-default']' in '30' second(s)

2021-10-14 17:30:50 - [MESSAGE][INFO] - Smart Wait Function is triggered

2021-10-14 17:30:55 - [MESSAGE][INFO] - Found 1 web elements with id: 'Object Repository/Sayfalar/Giris_Sayfasi/RetveTamam_Butonu' located by 'By.xpath: //*[@class = 'btn btn-default']' in '30' second(s)

2021-10-14 17:30:55 - [MESSAGE][INFO] - Clicking on object: 'Object Repository/Sayfalar/Giris_Sayfasi/RetveTamam_Butonu'

2021-10-14 17:30:55 - [MESSAGE][PASSED] - Object: 'Object Repository/Sayfalar/Giris_Sayfasi/RetveTamam_Butonu' is clicked on

2021-10-14 17:30:55 - [TEST_STEP][PASSED] - if (verifyElementPresent(findTestObject("Sayfalar/Giris_Sayfasi/PopupOK"), 5, OPTIONAL)): null

2021-10-14 17:30:55 - [MESSAGE][INFO] - Finding Test Object 'Object Repository/Sayfalar/Giris_Sayfasi/PopupOK'

2021-10-14 17:30:55 - [MESSAGE][INFO] - Checking object

2021-10-14 17:30:55 - [MESSAGE][INFO] - Finding web element from Test Object's properties

2021-10-14 17:30:55 - [MESSAGE][INFO] - Checking timeout

2021-10-14 17:30:55 - [MESSAGE][INFO] - Finding web element with id: 'Object Repository/Sayfalar/Giris_Sayfasi/PopupOK' located by 'By.cssSelector: .btn.btn-success' in '5' second(s)

2021-10-14 17:30:55 - [MESSAGE][INFO] - Smart Wait Function is triggered

2021-10-14 17:30:55 - [MESSAGE][INFO] - Found 1 web elements with id: 'Object Repository/Sayfalar/Giris_Sayfasi/PopupOK' located by 'By.cssSelector: .btn.btn-success' in '5' second(s)

2021-10-14 17:30:55 - [MESSAGE][PASSED] - Object 'Object Repository/Sayfalar/Giris_Sayfasi/PopupOK' is present

2021-10-14 17:30:55 - [TEST_STEP][PASSED] - click(findTestObject("Object Repository/Sayfalar/Giris_Sayfasi/PopupCarpiGiris")): Object: 'Object Repository/Sayfalar/Giris_Sayfasi/PopupCarpiGiris' is clicked on

2021-10-14 17:30:55 - [MESSAGE][INFO] - Finding Test Object 'Object Repository/Sayfalar/Giris_Sayfasi/PopupCarpiGiris'

2021-10-14 17:30:56 - [MESSAGE][INFO] - Checking object

2021-10-14 17:30:56 - [MESSAGE][INFO] - Finding web element from Test Object's properties

2021-10-14 17:30:56 - [MESSAGE][INFO] - Checking timeout

2021-10-14 17:30:56 - [MESSAGE][INFO] - Finding web element with id: 'Object Repository/Sayfalar/Giris_Sayfasi/PopupCarpiGiris' located by 'By.cssSelector: .bootbox-close-button.close' in '30' second(s)

2021-10-14 17:30:56 - [MESSAGE][INFO] - Smart Wait Function is triggered

2021-10-14 17:30:56 - [MESSAGE][INFO] - Found 1 web elements with id: 'Object Repository/Sayfalar/Giris_Sayfasi/PopupCarpiGiris' located by 'By.cssSelector: .bootbox-close-button.close' in '30' second(s)

2021-10-14 17:30:56 - [MESSAGE][INFO] - Clicking on object: 'Object Repository/Sayfalar/Giris_Sayfasi/PopupCarpiGiris'

2021-10-14 17:30:56 - [MESSAGE][PASSED] - Object: 'Object Repository/Sayfalar/Giris_Sayfasi/PopupCarpiGiris' is clicked on

2021-10-14 17:30:56 - [TEST_STEP][PASSED] - verifyElementVisible(findTestObject("Object Repository/Kullanici_Islemleri/KullaniciIslemleri")): Object 'Object Repository/Kullanici_Islemleri/KullaniciIslemleri' is visible

2021-10-14 17:30:56 - [MESSAGE][INFO] - Finding Test Object 'Object Repository/Kullanici_Islemleri/KullaniciIslemleri'

2021-10-14 17:30:56 - [MESSAGE][INFO] - Checking object

2021-10-14 17:30:56 - [MESSAGE][INFO] - Finding web element from Test Object's properties

2021-10-14 17:30:56 - [MESSAGE][INFO] - Checking timeout

2021-10-14 17:30:56 - [MESSAGE][INFO] - Finding web element with id: 'Object Repository/Kullanici_Islemleri/KullaniciIslemleri' located by 'By.cssSelector: .dropdown>a>img' in '30' second(s)

2021-10-14 17:30:56 - [MESSAGE][INFO] - Smart Wait Function is triggered

2021-10-14 17:30:57 - [MESSAGE][INFO] - Found 1 web elements with id: 'Object Repository/Kullanici_Islemleri/KullaniciIslemleri' located by 'By.cssSelector: .dropdown>a>img' in '30' second(s)

2021-10-14 17:30:57 - [MESSAGE][PASSED] - Object 'Object Repository/Kullanici_Islemleri/KullaniciIslemleri' is visible

2021-10-14 17:30:57 - [MESSAGE][PASSED] - Call Test Case 'Test Cases/Sayfalar/Giris_Sayfasi/Login' successfully

2021-10-14 17:30:57 - [MESSAGE][INFO] - Checking called Test Case

2021-10-14 17:30:57 - [MESSAGE][INFO] - Starting to call Test Case 'Test Cases/Menu/AnaMenuSecimi'

2021-10-14 17:30:57 - [TEST_CASE][PASSED] - Test Cases/Menu/AnaMenuSecimi: Test Cases/Menu/AnaMenuSecimi

2021-10-14 17:30:57 - [TEST_STEP][PASSED] - Method.TextDegerineEsitElementeTikla(findTestObject("Menu/Ana_Menu"), Ana_Menu): Method.TextDegerineEsitElementeTikla is PASSED

2021-10-14 17:30:57 - [MESSAGE][INFO] - Finding Test Object 'Object Repository/Menu/Ana_Menu'

2021-10-14 17:30:57 - [MESSAGE][INFO] - Checking timeout

2021-10-14 17:30:57 - [MESSAGE][INFO] - Finding web element with id: 'Object Repository/Menu/Ana_Menu' located by 'By.xpath: //*[@class = 'dropdown-toggle']' in '10' second(s)

2021-10-14 17:30:57 - [MESSAGE][INFO] - Smart Wait Function is triggered

2021-10-14 17:30:57 - [MESSAGE][INFO] - Found 14 web elements with id: 'Object Repository/Menu/Ana_Menu' located by 'By.xpath: //*[@class = 'dropdown-toggle']' in '10' second(s)

2021-10-14 17:30:57 - [MESSAGE][PASSED] - Method.TextDegerineEsitElementeTikla is PASSED

2021-10-14 17:30:57 - [MESSAGE][PASSED] - Call Test Case 'Test Cases/Menu/AnaMenuSecimi' successfully

2021-10-14 17:30:57 - [MESSAGE][INFO] - Checking called Test Case

2021-10-14 17:30:57 - [MESSAGE][INFO] - Starting to call Test Case 'Test Cases/Menu/BasligaGoreAltMenuSecimi'

2021-10-14 17:30:57 - [TEST_CASE][PASSED] - Test Cases/Menu/BasligaGoreAltMenuSecimi: Test Cases/Menu/BasligaGoreAltMenuSecimi

2021-10-14 17:30:57 - [TEST_STEP][PASSED] - Method.TextDegerineEsitElementinAltindakiTextDegerineEsitOlanaTikla(findTestObject("Menu/Menu_Basligi"), findTestObject("Menu/Basliga_Gore_Alt_Menu"), Baslik, Alt_Menu): Method.TextDegerineEsitElementinAltindakiTextDegerineEsitOlanaTikla is PASSED

2021-10-14 17:30:57 - [MESSAGE][INFO] - Finding Test Object 'Object Repository/Menu/Menu_Basligi'

2021-10-14 17:30:57 - [MESSAGE][INFO] - Finding Test Object 'Object Repository/Menu/Basliga_Gore_Alt_Menu'

2021-10-14 17:30:58 - [MESSAGE][INFO] - Checking timeout

2021-10-14 17:30:58 - [MESSAGE][INFO] - Finding web element with id: 'Object Repository/Menu/Menu_Basligi' located by 'By.xpath: //li[@class='dropdown dropdown-large open']//li[@class='dropdown-header']' in '10' second(s)

2021-10-14 17:30:58 - [MESSAGE][INFO] - Smart Wait Function is triggered

2021-10-14 17:30:58 - [MESSAGE][INFO] - Found 3 web elements with id: 'Object Repository/Menu/Menu_Basligi' located by 'By.xpath: //li[@class='dropdown dropdown-large open']//li[@class='dropdown-header']' in '10' second(s)

2021-10-14 17:30:58 - [MESSAGE][INFO] - Smart Wait Function is triggered

2021-10-14 17:31:00 - [MESSAGE][PASSED] - Method.TextDegerineEsitElementinAltindakiTextDegerineEsitOlanaTikla is PASSED

2021-10-14 17:31:00 - [MESSAGE][PASSED] - Call Test Case 'Test Cases/Menu/BasligaGoreAltMenuSecimi' successfully

2021-10-14 17:31:00 - [MESSAGE][INFO] - Checking called Test Case

2021-10-14 17:31:00 - [MESSAGE][INFO] - Starting to call Test Case 'Test Cases/Filtreler/BaslangicYaz'

2021-10-14 17:31:00 - [TEST_CASE][PASSED] - Test Cases/Filtreler/BaslangicYaz: Test Cases/Filtreler/BaslangicYaz

2021-10-14 17:31:00 - [TEST_STEP][PASSED] - Method.TextDegerineEsitElementinAltindakineTikla(findTestObject("Filtreler/Basliklar"), findTestObject("Filtreler/Basliga_Gore_Baslangic_Image"), Filtre_Adi): Method.TextDegerineEsitElementinAltindakineTikla is PASSED

2021-10-14 17:31:00 - [MESSAGE][INFO] - Finding Test Object 'Object Repository/Filtreler/Basliklar'

2021-10-14 17:31:01 - [MESSAGE][INFO] - Finding Test Object 'Object Repository/Filtreler/Basliga_Gore_Baslangic_Image'

2021-10-14 17:31:01 - [MESSAGE][INFO] - Checking timeout

2021-10-14 17:31:01 - [MESSAGE][INFO] - Finding web element with id: 'Object Repository/Filtreler/Basliklar' located by 'By.cssSelector: .control-label.col-sm-4.paddingMarginRLC' in '10' second(s)

2021-10-14 17:31:01 - [MESSAGE][INFO] - Smart Wait Function is triggered

2021-10-14 17:31:01 - [MESSAGE][INFO] - Found 13 web elements with id: 'Object Repository/Filtreler/Basliklar' located by 'By.cssSelector: .control-label.col-sm-4.paddingMarginRLC' in '10' second(s)

2021-10-14 17:31:01 - [MESSAGE][INFO] - Smart Wait Function is triggered

2021-10-14 17:31:01 - [MESSAGE][PASSED] - Method.TextDegerineEsitElementinAltindakineTikla is PASSED

2021-10-14 17:31:01 - [TEST_STEP][PASSED] - Method.TextDegerineEsitElementinAltindakiTextboxtaYaz(findTestObject("Filtreler/Basliklar"), findTestObject("Filtreler/Basliga_Gore_Baslangic"), Filtre_Adi, Filtre_Degeri): Method.TextDegerineEsitElementinAltindakiTextboxtaYaz is PASSED

2021-10-14 17:31:01 - [MESSAGE][INFO] - Finding Test Object 'Object Repository/Filtreler/Basliklar'

2021-10-14 17:31:01 - [MESSAGE][INFO] - Finding Test Object 'Object Repository/Filtreler/Basliga_Gore_Baslangic'

2021-10-14 17:31:02 - [MESSAGE][INFO] - Checking timeout

2021-10-14 17:31:02 - [MESSAGE][INFO] - Finding web element with id: 'Object Repository/Filtreler/Basliklar' located by 'By.cssSelector: .control-label.col-sm-4.paddingMarginRLC' in '10' second(s)

2021-10-14 17:31:02 - [MESSAGE][INFO] - Smart Wait Function is triggered

2021-10-14 17:31:02 - [MESSAGE][INFO] - Found 13 web elements with id: 'Object Repository/Filtreler/Basliklar' located by 'By.cssSelector: .control-label.col-sm-4.paddingMarginRLC' in '10' second(s)

2021-10-14 17:31:02 - [MESSAGE][INFO] - Smart Wait Function is triggered

2021-10-14 17:31:02 - [MESSAGE][PASSED] - Method.TextDegerineEsitElementinAltindakiTextboxtaYaz is PASSED

2021-10-14 17:31:02 - [MESSAGE][PASSED] - Call Test Case 'Test Cases/Filtreler/BaslangicYaz' successfully

2021-10-14 17:31:02 - [MESSAGE][INFO] - Checking called Test Case

2021-10-14 17:31:02 - [MESSAGE][INFO] - Starting to call Test Case 'Test Cases/Filtreler/BitisYaz'

2021-10-14 17:31:03 - [TEST_CASE][PASSED] - Test Cases/Filtreler/BitisYaz: Test Cases/Filtreler/BitisYaz

2021-10-14 17:31:03 - [TEST_STEP][PASSED] - Method.TextDegerineEsitElementinAltindakineTikla(findTestObject("Filtreler/Basliklar"), findTestObject("Filtreler/Basliga_Gore_Bitis_Image"), Filtre_Adi): Method.TextDegerineEsitElementinAltindakineTikla is PASSED

2021-10-14 17:31:03 - [MESSAGE][INFO] - Finding Test Object 'Object Repository/Filtreler/Basliklar'

2021-10-14 17:31:03 - [MESSAGE][INFO] - Finding Test Object 'Object Repository/Filtreler/Basliga_Gore_Bitis_Image'

2021-10-14 17:31:03 - [MESSAGE][INFO] - Checking timeout

2021-10-14 17:31:03 - [MESSAGE][INFO] - Finding web element with id: 'Object Repository/Filtreler/Basliklar' located by 'By.cssSelector: .control-label.col-sm-4.paddingMarginRLC' in '10' second(s)

2021-10-14 17:31:03 - [MESSAGE][INFO] - Smart Wait Function is triggered

2021-10-14 17:31:03 - [MESSAGE][INFO] - Found 13 web elements with id: 'Object Repository/Filtreler/Basliklar' located by 'By.cssSelector: .control-label.col-sm-4.paddingMarginRLC' in '10' second(s)

2021-10-14 17:31:03 - [MESSAGE][INFO] - Smart Wait Function is triggered

2021-10-14 17:31:03 - [MESSAGE][PASSED] - Method.TextDegerineEsitElementinAltindakineTikla is PASSED

2021-10-14 17:31:03 - [TEST_STEP][PASSED] - Method.TextDegerineEsitElementinAltindakiTextboxtaYaz(findTestObject("Filtreler/Basliklar"), findTestObject("Object Repository/Filtreler/Basliga_Gore_Bitis"), Filtre_Adi, Filtre_Degeri): Method.TextDegerineEsitElementinAltindakiTextboxtaYaz is PASSED

2021-10-14 17:31:03 - [MESSAGE][INFO] - Finding Test Object 'Object Repository/Filtreler/Basliklar'

2021-10-14 17:31:04 - [MESSAGE][INFO] - Finding Test Object 'Object Repository/Filtreler/Basliga_Gore_Bitis'

2021-10-14 17:31:04 - [MESSAGE][INFO] - Checking timeout

2021-10-14 17:31:04 - [MESSAGE][INFO] - Finding web element with id: 'Object Repository/Filtreler/Basliklar' located by 'By.cssSelector: .control-label.col-sm-4.paddingMarginRLC' in '10' second(s)

2021-10-14 17:31:04 - [MESSAGE][INFO] - Smart Wait Function is triggered

2021-10-14 17:31:04 - [MESSAGE][INFO] - Found 13 web elements with id: 'Object Repository/Filtreler/Basliklar' located by 'By.cssSelector: .control-label.col-sm-4.paddingMarginRLC' in '10' second(s)

2021-10-14 17:31:04 - [MESSAGE][INFO] - Smart Wait Function is triggered

2021-10-14 17:31:05 - [MESSAGE][PASSED] - Method.TextDegerineEsitElementinAltindakiTextboxtaYaz is PASSED

2021-10-14 17:31:05 - [MESSAGE][PASSED] - Call Test Case 'Test Cases/Filtreler/BitisYaz' successfully

2021-10-14 17:31:05 - [MESSAGE][INFO] - Checking called Test Case

2021-10-14 17:31:05 - [MESSAGE][INFO] - Starting to call Test Case 'Test Cases/Filtreler/ButonaTikla'

2021-10-14 17:31:05 - [TEST_CASE][PASSED] - Test Cases/Filtreler/ButonaTikla: Test Cases/Filtreler/ButonaTikla

2021-10-14 17:31:05 - [TEST_STEP][PASSED] - Method.TextDegerineEsitElementeTikla(findTestObject("Filtreler/Butonlar"), Filtre_Buton): Method.TextDegerineEsitElementeTikla is PASSED

2021-10-14 17:31:05 - [MESSAGE][INFO] - Finding Test Object 'Object Repository/Filtreler/Butonlar'

2021-10-14 17:31:05 - [MESSAGE][INFO] - Checking timeout

2021-10-14 17:31:05 - [MESSAGE][INFO] - Finding web element with id: 'Object Repository/Filtreler/Butonlar' located by 'By.cssSelector: .dxb>span' in '10' second(s)

2021-10-14 17:31:05 - [MESSAGE][INFO] - Smart Wait Function is triggered

2021-10-14 17:31:05 - [MESSAGE][INFO] - Found 3 web elements with id: 'Object Repository/Filtreler/Butonlar' located by 'By.cssSelector: .dxb>span' in '10' second(s)

2021-10-14 17:31:05 - [MESSAGE][PASSED] - Method.TextDegerineEsitElementeTikla is PASSED

2021-10-14 17:31:05 - [MESSAGE][PASSED] - Call Test Case 'Test Cases/Filtreler/ButonaTikla' successfully

2021-10-14 17:31:05 - [MESSAGE][INFO] - Checking called Test Case

2021-10-14 17:31:05 - [MESSAGE][INFO] - Starting to call Test Case 'Test Cases/Tablo/TablodaVeriVarMi'

2021-10-14 17:31:05 - [TEST_CASE][PASSED] - Test Cases/Tablo/TablodaVeriVarMi: Test Cases/Tablo/TablodaVeriVarMi

2021-10-14 17:31:05 - [TEST_STEP][PASSED] - verifyTextNotPresent("Görüntülenecek veri yok", true): Text 'Görüntülenecek veri yok' is not present on page using regular expression

2021-10-14 17:31:05 - [MESSAGE][INFO] - Checking text present  using regular expression

2021-10-14 17:31:05 - [MESSAGE][INFO] - Smart Wait Function is triggered

2021-10-14 17:31:06 - [MESSAGE][INFO] - Finding text 'Görüntülenecek veri yok' on page  using regular expression

2021-10-14 17:31:06 - [MESSAGE][PASSED] - Text 'Görüntülenecek veri yok' is not present on page using regular expression

2021-10-14 17:31:06 - [MESSAGE][PASSED] - Call Test Case 'Test Cases/Tablo/TablodaVeriVarMi' successfully

2021-10-14 17:31:06 - [MESSAGE][INFO] - Checking called Test Case

2021-10-14 17:31:06 - [MESSAGE][INFO] - Starting to call Test Case 'Test Cases/Tablo/TablodanVeriSec'

2021-10-14 17:31:06 - [TEST_CASE][PASSED] - Test Cases/Tablo/TablodanVeriSec: Test Cases/Tablo/TablodanVeriSec

2021-10-14 17:31:06 - [TEST_STEP][PASSED] - Method.TextDegerineEsitElementinAltindakineTikla(findTestObject("Tablo/Veriler"), findTestObject("Tablo/VerininCheckBoxi"), Veri_Adi): Method.TextDegerineEsitElementinAltindakineTikla is PASSED

2021-10-14 17:31:06 - [MESSAGE][INFO] - Finding Test Object 'Object Repository/Tablo/Veriler'

2021-10-14 17:31:06 - [MESSAGE][INFO] - Finding Test Object 'Object Repository/Tablo/VerininCheckBoxi'

2021-10-14 17:31:06 - [MESSAGE][INFO] - Checking timeout

2021-10-14 17:31:06 - [MESSAGE][INFO] - Finding web element with id: 'Object Repository/Tablo/Veriler' located by 'By.cssSelector: td.dxgv b ,td.dxgv' in '10' second(s)

2021-10-14 17:31:06 - [MESSAGE][INFO] - Smart Wait Function is triggered

2021-10-14 17:31:06 - [MESSAGE][INFO] - Found 27 web elements with id: 'Object Repository/Tablo/Veriler' located by 'By.cssSelector: td.dxgv b ,td.dxgv' in '10' second(s)

2021-10-14 17:31:07 - [MESSAGE][INFO] - Smart Wait Function is triggered

2021-10-14 17:31:07 - [MESSAGE][PASSED] - Method.TextDegerineEsitElementinAltindakineTikla is PASSED

2021-10-14 17:31:07 - [MESSAGE][PASSED] - Call Test Case 'Test Cases/Tablo/TablodanVeriSec' successfully

2021-10-14 17:31:07 - [MESSAGE][INFO] - Checking called Test Case

2021-10-14 17:31:07 - [MESSAGE][INFO] - Starting to call Test Case 'Test Cases/Butonlar/ButonaTikla'

2021-10-14 17:31:07 - [TEST_CASE][PASSED] - Test Cases/Butonlar/ButonaTikla: Test Cases/Butonlar/ButonaTikla

2021-10-14 17:31:07 - [TEST_STEP][PASSED] - Method.TextDegerineEsitElementeTiklaEquals(findTestObject("Butonlar/Butonlar"), Buton_Adi): Method.TextDegerineEsitElementeTiklaEquals is PASSED

2021-10-14 17:31:07 - [MESSAGE][INFO] - Finding Test Object 'Object Repository/Butonlar/Butonlar'

2021-10-14 17:31:07 - [MESSAGE][INFO] - Checking timeout

2021-10-14 17:31:07 - [MESSAGE][INFO] - Finding web element with id: 'Object Repository/Butonlar/Butonlar' located by 'By.cssSelector: .panel.panel-default.text-center.footerPanel .btn,.btn.btn-primary.btnControls' in '10' second(s)

2021-10-14 17:31:07 - [MESSAGE][INFO] - Smart Wait Function is triggered

2021-10-14 17:31:07 - [MESSAGE][INFO] - Found 6 web elements with id: 'Object Repository/Butonlar/Butonlar' located by 'By.cssSelector: .panel.panel-default.text-center.footerPanel .btn,.btn.btn-primary.btnControls' in '10' second(s)

2021-10-14 17:31:08 - [MESSAGE][PASSED] - Method.TextDegerineEsitElementeTiklaEquals is PASSED

2021-10-14 17:31:08 - [MESSAGE][PASSED] - Call Test Case 'Test Cases/Butonlar/ButonaTikla' successfully

2021-10-14 17:31:08 - [MESSAGE][INFO] - Checking called Test Case

2021-10-14 17:31:08 - [MESSAGE][INFO] - Starting to call Test Case 'Test Cases/Butonlar/AltButonaTikla'

2021-10-14 17:31:08 - [TEST_CASE][PASSED] - Test Cases/Butonlar/AltButonaTikla: Test Cases/Butonlar/AltButonaTikla

2021-10-14 17:31:08 - [TEST_STEP][PASSED] - Method.TextDegerineEsitElementeTikla(findTestObject("Butonlar/AltButonlar"), Alt_Buton): Method.TextDegerineEsitElementeTikla is PASSED

2021-10-14 17:31:08 - [MESSAGE][INFO] - Finding Test Object 'Object Repository/Butonlar/AltButonlar'

2021-10-14 17:31:08 - [MESSAGE][INFO] - Checking timeout

2021-10-14 17:31:08 - [MESSAGE][INFO] - Finding web element with id: 'Object Repository/Butonlar/AltButonlar' located by 'By.cssSelector: .btn-group.open li>a' in '10' second(s)

2021-10-14 17:31:08 - [MESSAGE][INFO] - Smart Wait Function is triggered

2021-10-14 17:31:08 - [MESSAGE][INFO] - Found 2 web elements with id: 'Object Repository/Butonlar/AltButonlar' located by 'By.cssSelector: .btn-group.open li>a' in '10' second(s)

2021-10-14 17:31:08 - [MESSAGE][PASSED] - Method.TextDegerineEsitElementeTikla is PASSED

2021-10-14 17:31:08 - [MESSAGE][PASSED] - Call Test Case 'Test Cases/Butonlar/AltButonaTikla' successfully

2021-10-14 17:31:08 - [MESSAGE][INFO] - Checking called Test Case

2021-10-14 17:31:08 - [MESSAGE][INFO] - Starting to call Test Case 'Test Cases/Popup/PopupMesajiIceriyorMu'

2021-10-14 17:31:08 - [TEST_CASE][PASSED] - Test Cases/Popup/PopupMesajiIceriyorMu: Test Cases/Popup/PopupMesajiIceriyorMu

2021-10-14 17:31:08 - [TEST_STEP][PASSED] - waitForElementVisible(findTestObject("Popup/Popup"), 10): Object 'Object Repository/Popup/Popup' is visible

2021-10-14 17:31:08 - [MESSAGE][INFO] - Finding Test Object 'Object Repository/Popup/Popup'

2021-10-14 17:31:08 - [MESSAGE][INFO] - Checking object

2021-10-14 17:31:08 - [MESSAGE][INFO] - Checking timeout

2021-10-14 17:31:08 - [MESSAGE][INFO] - Finding web element from Test Object's properties

2021-10-14 17:31:08 - [MESSAGE][INFO] - Checking timeout

2021-10-14 17:31:08 - [MESSAGE][INFO] - Finding web element with id: 'Object Repository/Popup/Popup' located by 'By.cssSelector: .bootbox-body' in '10' second(s)

2021-10-14 17:31:08 - [MESSAGE][INFO] - Smart Wait Function is triggered

2021-10-14 17:31:09 - [MESSAGE][INFO] - Found 1 web elements with id: 'Object Repository/Popup/Popup' located by 'By.cssSelector: .bootbox-body' in '10' second(s)

2021-10-14 17:31:09 - [MESSAGE][PASSED] - Object 'Object Repository/Popup/Popup' is visible

2021-10-14 17:31:09 - [TEST_STEP][PASSED] - if (!(getText(findTestObject("Popup/Popup")).contains(Mesaj))): Text of object 'Object Repository/Popup/Popup' is: 'Lütfen rapor bildiriminin gönderileceği e-posta adresini belirtiniz.
e-Posta Adresi'

2021-10-14 17:31:09 - [MESSAGE][INFO] - Finding Test Object 'Object Repository/Popup/Popup'

2021-10-14 17:31:09 - [MESSAGE][INFO] - Checking object

2021-10-14 17:31:09 - [MESSAGE][INFO] - Finding web element from Test Object's properties

2021-10-14 17:31:09 - [MESSAGE][INFO] - Checking timeout

2021-10-14 17:31:09 - [MESSAGE][INFO] - Finding web element with id: 'Object Repository/Popup/Popup' located by 'By.cssSelector: .bootbox-body' in '30' second(s)

2021-10-14 17:31:09 - [MESSAGE][INFO] - Smart Wait Function is triggered

2021-10-14 17:31:10 - [MESSAGE][INFO] - Found 1 web elements with id: 'Object Repository/Popup/Popup' located by 'By.cssSelector: .bootbox-body' in '30' second(s)

2021-10-14 17:31:10 - [MESSAGE][INFO] - Getting text of object 'Object Repository/Popup/Popup'

2021-10-14 17:31:10 - [MESSAGE][PASSED] - Text of object 'Object Repository/Popup/Popup' is: 'Lütfen rapor bildiriminin gönderileceği e-posta adresini belirtiniz.
e-Posta Adresi'

2021-10-14 17:31:10 - [TEST_STEP][PASSED] - RaporNo = getText(findTestObject("Popup/Popup")).substring(0, 6): Text of object 'Object Repository/Popup/Popup' is: 'Lütfen rapor bildiriminin gönderileceği e-posta adresini belirtiniz.
e-Posta Adresi'

2021-10-14 17:31:10 - [MESSAGE][INFO] - Finding Test Object 'Object Repository/Popup/Popup'

2021-10-14 17:31:10 - [MESSAGE][INFO] - Checking object

2021-10-14 17:31:10 - [MESSAGE][INFO] - Finding web element from Test Object's properties

2021-10-14 17:31:10 - [MESSAGE][INFO] - Checking timeout

2021-10-14 17:31:10 - [MESSAGE][INFO] - Finding web element with id: 'Object Repository/Popup/Popup' located by 'By.cssSelector: .bootbox-body' in '30' second(s)

2021-10-14 17:31:10 - [MESSAGE][INFO] - Smart Wait Function is triggered

2021-10-14 17:31:10 - [MESSAGE][INFO] - Found 1 web elements with id: 'Object Repository/Popup/Popup' located by 'By.cssSelector: .bootbox-body' in '30' second(s)

2021-10-14 17:31:10 - [MESSAGE][INFO] - Getting text of object 'Object Repository/Popup/Popup'

2021-10-14 17:31:10 - [MESSAGE][PASSED] - Text of object 'Object Repository/Popup/Popup' is: 'Lütfen rapor bildiriminin gönderileceği e-posta adresini belirtiniz.
e-Posta Adresi'

2021-10-14 17:31:10 - [TEST_STEP][PASSED] - Console.println(RaporNo): null

2021-10-14 17:31:10 - [MESSAGE][PASSED] - Call Test Case 'Test Cases/Popup/PopupMesajiIceriyorMu' successfully

2021-10-14 17:31:10 - [MESSAGE][INFO] - Checking called Test Case

2021-10-14 17:31:10 - [MESSAGE][INFO] - Starting to call Test Case 'Test Cases/Popup/PopupButonSecilir'

2021-10-14 17:31:10 - [TEST_CASE][PASSED] - Test Cases/Popup/PopupButonSecilir: Test Cases/Popup/PopupButonSecilir

2021-10-14 17:31:10 - [TEST_STEP][PASSED] - Method.TextDegerineEsitElementeTikla(findTestObject("Popup/Popup_Butons"), Buton): Method.TextDegerineEsitElementeTikla is PASSED

2021-10-14 17:31:10 - [MESSAGE][INFO] - Finding Test Object 'Object Repository/Popup/Popup_Butons'

2021-10-14 17:31:10 - [MESSAGE][INFO] - Checking timeout

2021-10-14 17:31:10 - [MESSAGE][INFO] - Finding web element with id: 'Object Repository/Popup/Popup_Butons' located by 'By.cssSelector: .modal-footer>button' in '10' second(s)

2021-10-14 17:31:10 - [MESSAGE][INFO] - Smart Wait Function is triggered

2021-10-14 17:31:11 - [MESSAGE][INFO] - Found 2 web elements with id: 'Object Repository/Popup/Popup_Butons' located by 'By.cssSelector: .modal-footer>button' in '10' second(s)

2021-10-14 17:31:11 - [MESSAGE][PASSED] - Method.TextDegerineEsitElementeTikla is PASSED

2021-10-14 17:31:11 - [MESSAGE][PASSED] - Call Test Case 'Test Cases/Popup/PopupButonSecilir' successfully

2021-10-14 17:31:11 - [MESSAGE][INFO] - Checking called Test Case

2021-10-14 17:31:11 - [MESSAGE][INFO] - Starting to call Test Case 'Test Cases/Popup/PopupMesajiIceriyorMu'

2021-10-14 17:31:11 - [TEST_CASE][PASSED] - Test Cases/Popup/PopupMesajiIceriyorMu: Test Cases/Popup/PopupMesajiIceriyorMu

2021-10-14 17:31:11 - [TEST_STEP][PASSED] - waitForElementVisible(findTestObject("Popup/Popup"), 10): Object 'Object Repository/Popup/Popup' is visible

2021-10-14 17:31:11 - [MESSAGE][INFO] - Finding Test Object 'Object Repository/Popup/Popup'

2021-10-14 17:31:11 - [MESSAGE][INFO] - Checking object

2021-10-14 17:31:11 - [MESSAGE][INFO] - Checking timeout

2021-10-14 17:31:11 - [MESSAGE][INFO] - Finding web element from Test Object's properties

2021-10-14 17:31:11 - [MESSAGE][INFO] - Checking timeout

2021-10-14 17:31:11 - [MESSAGE][INFO] - Finding web element with id: 'Object Repository/Popup/Popup' located by 'By.cssSelector: .bootbox-body' in '10' second(s)

2021-10-14 17:31:11 - [MESSAGE][INFO] - Smart Wait Function is triggered

2021-10-14 17:31:12 - [MESSAGE][INFO] - Found 1 web elements with id: 'Object Repository/Popup/Popup' located by 'By.cssSelector: .bootbox-body' in '10' second(s)

2021-10-14 17:31:12 - [MESSAGE][PASSED] - Object 'Object Repository/Popup/Popup' is visible

2021-10-14 17:31:12 - [TEST_STEP][PASSED] - if (!(getText(findTestObject("Popup/Popup")).contains(Mesaj))): Text of object 'Object Repository/Popup/Popup' is: '14603 no’lu talebiniz işleme alınmıştır. Raporunuz hazırlandığında (elogotest@gmail.com) adresinize mail gönderilecektir.
Rapor durumunuzu Raporlar > Toplu Veri İndirme ekranından takip edebilir, hazırlandı durumundaki raporlarınızı ilgili menüden indirebilirsiniz.'

2021-10-14 17:31:12 - [MESSAGE][INFO] - Finding Test Object 'Object Repository/Popup/Popup'

2021-10-14 17:31:12 - [MESSAGE][INFO] - Checking object

2021-10-14 17:31:12 - [MESSAGE][INFO] - Finding web element from Test Object's properties

2021-10-14 17:31:12 - [MESSAGE][INFO] - Checking timeout

2021-10-14 17:31:12 - [MESSAGE][INFO] - Finding web element with id: 'Object Repository/Popup/Popup' located by 'By.cssSelector: .bootbox-body' in '30' second(s)

2021-10-14 17:31:12 - [MESSAGE][INFO] - Smart Wait Function is triggered

2021-10-14 17:31:12 - [MESSAGE][INFO] - Found 1 web elements with id: 'Object Repository/Popup/Popup' located by 'By.cssSelector: .bootbox-body' in '30' second(s)

2021-10-14 17:31:12 - [MESSAGE][INFO] - Getting text of object 'Object Repository/Popup/Popup'

2021-10-14 17:31:12 - [MESSAGE][PASSED] - Text of object 'Object Repository/Popup/Popup' is: '14603 no’lu talebiniz işleme alınmıştır. Raporunuz hazırlandığında (elogotest@gmail.com) adresinize mail gönderilecektir.
Rapor durumunuzu Raporlar > Toplu Veri İndirme ekranından takip edebilir, hazırlandı durumundaki raporlarınızı ilgili menüden indirebilirsiniz.'

2021-10-14 17:31:12 - [TEST_STEP][PASSED] - RaporNo = getText(findTestObject("Popup/Popup")).substring(0, 6): Text of object 'Object Repository/Popup/Popup' is: '14603 no’lu talebiniz işleme alınmıştır. Raporunuz hazırlandığında (elogotest@gmail.com) adresinize mail gönderilecektir.
Rapor durumunuzu Raporlar > Toplu Veri İndirme ekranından takip edebilir, hazırlandı durumundaki raporlarınızı ilgili menüden indirebilirsiniz.'

2021-10-14 17:31:12 - [MESSAGE][INFO] - Finding Test Object 'Object Repository/Popup/Popup'

2021-10-14 17:31:12 - [MESSAGE][INFO] - Checking object

2021-10-14 17:31:12 - [MESSAGE][INFO] - Finding web element from Test Object's properties

2021-10-14 17:31:12 - [MESSAGE][INFO] - Checking timeout

2021-10-14 17:31:12 - [MESSAGE][INFO] - Finding web element with id: 'Object Repository/Popup/Popup' located by 'By.cssSelector: .bootbox-body' in '30' second(s)

2021-10-14 17:31:12 - [MESSAGE][INFO] - Smart Wait Function is triggered

2021-10-14 17:31:13 - [MESSAGE][INFO] - Found 1 web elements with id: 'Object Repository/Popup/Popup' located by 'By.cssSelector: .bootbox-body' in '30' second(s)

2021-10-14 17:31:13 - [MESSAGE][INFO] - Getting text of object 'Object Repository/Popup/Popup'

2021-10-14 17:31:13 - [MESSAGE][PASSED] - Text of object 'Object Repository/Popup/Popup' is: '14603 no’lu talebiniz işleme alınmıştır. Raporunuz hazırlandığında (elogotest@gmail.com) adresinize mail gönderilecektir.
Rapor durumunuzu Raporlar > Toplu Veri İndirme ekranından takip edebilir, hazırlandı durumundaki raporlarınızı ilgili menüden indirebilirsiniz.'

2021-10-14 17:31:13 - [TEST_STEP][PASSED] - Console.println(RaporNo): null

2021-10-14 17:31:13 - [MESSAGE][PASSED] - Call Test Case 'Test Cases/Popup/PopupMesajiIceriyorMu' successfully

2021-10-14 17:31:13 - [MESSAGE][INFO] - Checking called Test Case

2021-10-14 17:31:13 - [MESSAGE][INFO] - Starting to call Test Case 'Test Cases/Popup/PopupButonSecilir'

2021-10-14 17:31:13 - [TEST_CASE][PASSED] - Test Cases/Popup/PopupButonSecilir: Test Cases/Popup/PopupButonSecilir

2021-10-14 17:31:13 - [TEST_STEP][PASSED] - Method.TextDegerineEsitElementeTikla(findTestObject("Popup/Popup_Butons"), Buton): Method.TextDegerineEsitElementeTikla is PASSED

2021-10-14 17:31:13 - [MESSAGE][INFO] - Finding Test Object 'Object Repository/Popup/Popup_Butons'

2021-10-14 17:31:13 - [MESSAGE][INFO] - Checking timeout

2021-10-14 17:31:13 - [MESSAGE][INFO] - Finding web element with id: 'Object Repository/Popup/Popup_Butons' located by 'By.cssSelector: .modal-footer>button' in '10' second(s)

2021-10-14 17:31:13 - [MESSAGE][INFO] - Smart Wait Function is triggered

2021-10-14 17:31:13 - [MESSAGE][INFO] - Found 1 web elements with id: 'Object Repository/Popup/Popup_Butons' located by 'By.cssSelector: .modal-footer>button' in '10' second(s)

2021-10-14 17:31:13 - [MESSAGE][PASSED] - Method.TextDegerineEsitElementeTikla is PASSED

2021-10-14 17:31:13 - [MESSAGE][PASSED] - Call Test Case 'Test Cases/Popup/PopupButonSecilir' successfully

2021-10-14 17:31:13 - [MESSAGE][INFO] - Checking called Test Case

2021-10-14 17:31:13 - [MESSAGE][INFO] - Starting to call Test Case 'Test Cases/Butonlar/ButonaTikla'

2021-10-14 17:31:14 - [TEST_CASE][PASSED] - Test Cases/Butonlar/ButonaTikla: Test Cases/Butonlar/ButonaTikla

2021-10-14 17:31:14 - [TEST_STEP][PASSED] - Method.TextDegerineEsitElementeTiklaEquals(findTestObject("Butonlar/Butonlar"), Buton_Adi): Method.TextDegerineEsitElementeTiklaEquals is PASSED

2021-10-14 17:31:14 - [MESSAGE][INFO] - Finding Test Object 'Object Repository/Butonlar/Butonlar'

2021-10-14 17:31:14 - [MESSAGE][INFO] - Checking timeout

2021-10-14 17:31:14 - [MESSAGE][INFO] - Finding web element with id: 'Object Repository/Butonlar/Butonlar' located by 'By.cssSelector: .panel.panel-default.text-center.footerPanel .btn,.btn.btn-primary.btnControls' in '10' second(s)

2021-10-14 17:31:14 - [MESSAGE][INFO] - Smart Wait Function is triggered

2021-10-14 17:31:14 - [MESSAGE][INFO] - Found 6 web elements with id: 'Object Repository/Butonlar/Butonlar' located by 'By.cssSelector: .panel.panel-default.text-center.footerPanel .btn,.btn.btn-primary.btnControls' in '10' second(s)

2021-10-14 17:31:14 - [MESSAGE][PASSED] - Method.TextDegerineEsitElementeTiklaEquals is PASSED

2021-10-14 17:31:14 - [MESSAGE][PASSED] - Call Test Case 'Test Cases/Butonlar/ButonaTikla' successfully

2021-10-14 17:31:14 - [MESSAGE][INFO] - Checking called Test Case

2021-10-14 17:31:14 - [MESSAGE][INFO] - Starting to call Test Case 'Test Cases/Butonlar/AltButonaTikla'

2021-10-14 17:31:14 - [TEST_CASE][PASSED] - Test Cases/Butonlar/AltButonaTikla: Test Cases/Butonlar/AltButonaTikla

2021-10-14 17:31:14 - [TEST_STEP][PASSED] - Method.TextDegerineEsitElementeTikla(findTestObject("Butonlar/AltButonlar"), Alt_Buton): Method.TextDegerineEsitElementeTikla is PASSED

2021-10-14 17:31:14 - [MESSAGE][INFO] - Finding Test Object 'Object Repository/Butonlar/AltButonlar'

2021-10-14 17:31:15 - [MESSAGE][INFO] - Checking timeout

2021-10-14 17:31:15 - [MESSAGE][INFO] - Finding web element with id: 'Object Repository/Butonlar/AltButonlar' located by 'By.cssSelector: .btn-group.open li>a' in '10' second(s)

2021-10-14 17:31:15 - [MESSAGE][INFO] - Smart Wait Function is triggered

2021-10-14 17:31:15 - [MESSAGE][INFO] - Found 2 web elements with id: 'Object Repository/Butonlar/AltButonlar' located by 'By.cssSelector: .btn-group.open li>a' in '10' second(s)

2021-10-14 17:31:15 - [MESSAGE][PASSED] - Method.TextDegerineEsitElementeTikla is PASSED

2021-10-14 17:31:15 - [MESSAGE][PASSED] - Call Test Case 'Test Cases/Butonlar/AltButonaTikla' successfully

2021-10-14 17:31:15 - [MESSAGE][INFO] - Checking called Test Case

2021-10-14 17:31:15 - [MESSAGE][INFO] - Starting to call Test Case 'Test Cases/Popup/PopupMesajiIceriyorMu'

2021-10-14 17:31:15 - [TEST_CASE][PASSED] - Test Cases/Popup/PopupMesajiIceriyorMu: Test Cases/Popup/PopupMesajiIceriyorMu

2021-10-14 17:31:15 - [TEST_STEP][PASSED] - waitForElementVisible(findTestObject("Popup/Popup"), 10): Object 'Object Repository/Popup/Popup' is visible

2021-10-14 17:31:15 - [MESSAGE][INFO] - Finding Test Object 'Object Repository/Popup/Popup'

2021-10-14 17:31:15 - [MESSAGE][INFO] - Checking object

2021-10-14 17:31:15 - [MESSAGE][INFO] - Checking timeout

2021-10-14 17:31:15 - [MESSAGE][INFO] - Finding web element from Test Object's properties

2021-10-14 17:31:15 - [MESSAGE][INFO] - Checking timeout

2021-10-14 17:31:15 - [MESSAGE][INFO] - Finding web element with id: 'Object Repository/Popup/Popup' located by 'By.cssSelector: .bootbox-body' in '10' second(s)

2021-10-14 17:31:15 - [MESSAGE][INFO] - Smart Wait Function is triggered

2021-10-14 17:31:16 - [MESSAGE][INFO] - Found 1 web elements with id: 'Object Repository/Popup/Popup' located by 'By.cssSelector: .bootbox-body' in '10' second(s)

2021-10-14 17:31:16 - [MESSAGE][PASSED] - Object 'Object Repository/Popup/Popup' is visible

2021-10-14 17:31:16 - [TEST_STEP][PASSED] - if (!(getText(findTestObject("Popup/Popup")).contains(Mesaj))): Text of object 'Object Repository/Popup/Popup' is: 'Lütfen rapor bildiriminin gönderileceği e-posta adresini belirtiniz.
e-Posta Adresi'

2021-10-14 17:31:16 - [MESSAGE][INFO] - Finding Test Object 'Object Repository/Popup/Popup'

2021-10-14 17:31:16 - [MESSAGE][INFO] - Checking object

2021-10-14 17:31:16 - [MESSAGE][INFO] - Finding web element from Test Object's properties

2021-10-14 17:31:16 - [MESSAGE][INFO] - Checking timeout

2021-10-14 17:31:16 - [MESSAGE][INFO] - Finding web element with id: 'Object Repository/Popup/Popup' located by 'By.cssSelector: .bootbox-body' in '30' second(s)

2021-10-14 17:31:16 - [MESSAGE][INFO] - Smart Wait Function is triggered

2021-10-14 17:31:16 - [MESSAGE][INFO] - Found 1 web elements with id: 'Object Repository/Popup/Popup' located by 'By.cssSelector: .bootbox-body' in '30' second(s)

2021-10-14 17:31:16 - [MESSAGE][INFO] - Getting text of object 'Object Repository/Popup/Popup'

2021-10-14 17:31:16 - [MESSAGE][PASSED] - Text of object 'Object Repository/Popup/Popup' is: 'Lütfen rapor bildiriminin gönderileceği e-posta adresini belirtiniz.
e-Posta Adresi'

2021-10-14 17:31:16 - [TEST_STEP][PASSED] - RaporNo = getText(findTestObject("Popup/Popup")).substring(0, 6): Text of object 'Object Repository/Popup/Popup' is: 'Lütfen rapor bildiriminin gönderileceği e-posta adresini belirtiniz.
e-Posta Adresi'

2021-10-14 17:31:16 - [MESSAGE][INFO] - Finding Test Object 'Object Repository/Popup/Popup'

2021-10-14 17:31:16 - [MESSAGE][INFO] - Checking object

2021-10-14 17:31:16 - [MESSAGE][INFO] - Finding web element from Test Object's properties

2021-10-14 17:31:16 - [MESSAGE][INFO] - Checking timeout

2021-10-14 17:31:16 - [MESSAGE][INFO] - Finding web element with id: 'Object Repository/Popup/Popup' located by 'By.cssSelector: .bootbox-body' in '30' second(s)

2021-10-14 17:31:16 - [MESSAGE][INFO] - Smart Wait Function is triggered

2021-10-14 17:31:16 - [MESSAGE][INFO] - Found 1 web elements with id: 'Object Repository/Popup/Popup' located by 'By.cssSelector: .bootbox-body' in '30' second(s)

2021-10-14 17:31:16 - [MESSAGE][INFO] - Getting text of object 'Object Repository/Popup/Popup'

2021-10-14 17:31:16 - [MESSAGE][PASSED] - Text of object 'Object Repository/Popup/Popup' is: 'Lütfen rapor bildiriminin gönderileceği e-posta adresini belirtiniz.
e-Posta Adresi'

2021-10-14 17:31:16 - [TEST_STEP][PASSED] - Console.println(RaporNo): null

2021-10-14 17:31:16 - [MESSAGE][PASSED] - Call Test Case 'Test Cases/Popup/PopupMesajiIceriyorMu' successfully

2021-10-14 17:31:16 - [MESSAGE][INFO] - Checking called Test Case

2021-10-14 17:31:16 - [MESSAGE][INFO] - Starting to call Test Case 'Test Cases/Popup/PopupButonSecilir'

2021-10-14 17:31:17 - [TEST_CASE][PASSED] - Test Cases/Popup/PopupButonSecilir: Test Cases/Popup/PopupButonSecilir

2021-10-14 17:31:17 - [TEST_STEP][PASSED] - Method.TextDegerineEsitElementeTikla(findTestObject("Popup/Popup_Butons"), Buton): Method.TextDegerineEsitElementeTikla is PASSED

2021-10-14 17:31:17 - [MESSAGE][INFO] - Finding Test Object 'Object Repository/Popup/Popup_Butons'

2021-10-14 17:31:17 - [MESSAGE][INFO] - Checking timeout

2021-10-14 17:31:17 - [MESSAGE][INFO] - Finding web element with id: 'Object Repository/Popup/Popup_Butons' located by 'By.cssSelector: .modal-footer>button' in '10' second(s)

2021-10-14 17:31:17 - [MESSAGE][INFO] - Smart Wait Function is triggered

2021-10-14 17:31:17 - [MESSAGE][INFO] - Found 2 web elements with id: 'Object Repository/Popup/Popup_Butons' located by 'By.cssSelector: .modal-footer>button' in '10' second(s)

2021-10-14 17:31:17 - [MESSAGE][PASSED] - Method.TextDegerineEsitElementeTikla is PASSED

2021-10-14 17:31:17 - [MESSAGE][PASSED] - Call Test Case 'Test Cases/Popup/PopupButonSecilir' successfully

2021-10-14 17:31:17 - [MESSAGE][INFO] - Checking called Test Case

2021-10-14 17:31:17 - [MESSAGE][INFO] - Starting to call Test Case 'Test Cases/Popup/PopupMesajiIceriyorMu'

2021-10-14 17:31:17 - [TEST_CASE][PASSED] - Test Cases/Popup/PopupMesajiIceriyorMu: Test Cases/Popup/PopupMesajiIceriyorMu

2021-10-14 17:31:17 - [TEST_STEP][PASSED] - waitForElementVisible(findTestObject("Popup/Popup"), 10): Object 'Object Repository/Popup/Popup' is visible

2021-10-14 17:31:17 - [MESSAGE][INFO] - Finding Test Object 'Object Repository/Popup/Popup'

2021-10-14 17:31:17 - [MESSAGE][INFO] - Checking object

2021-10-14 17:31:17 - [MESSAGE][INFO] - Checking timeout

2021-10-14 17:31:17 - [MESSAGE][INFO] - Finding web element from Test Object's properties

2021-10-14 17:31:17 - [MESSAGE][INFO] - Checking timeout

2021-10-14 17:31:17 - [MESSAGE][INFO] - Finding web element with id: 'Object Repository/Popup/Popup' located by 'By.cssSelector: .bootbox-body' in '10' second(s)

2021-10-14 17:31:17 - [MESSAGE][INFO] - Smart Wait Function is triggered

2021-10-14 17:31:18 - [MESSAGE][INFO] - Found 1 web elements with id: 'Object Repository/Popup/Popup' located by 'By.cssSelector: .bootbox-body' in '10' second(s)

2021-10-14 17:31:18 - [MESSAGE][PASSED] - Object 'Object Repository/Popup/Popup' is visible

2021-10-14 17:31:18 - [TEST_STEP][PASSED] - if (!(getText(findTestObject("Popup/Popup")).contains(Mesaj))): Text of object 'Object Repository/Popup/Popup' is: '14604 no’lu talebiniz işleme alınmıştır. Raporunuz hazırlandığında (elogotest@gmail.com) adresinize mail gönderilecektir.
Rapor durumunuzu Raporlar > Toplu Veri İndirme ekranından takip edebilir, hazırlandı durumundaki raporlarınızı ilgili menüden indirebilirsiniz.'

2021-10-14 17:31:18 - [MESSAGE][INFO] - Finding Test Object 'Object Repository/Popup/Popup'

2021-10-14 17:31:18 - [MESSAGE][INFO] - Checking object

2021-10-14 17:31:18 - [MESSAGE][INFO] - Finding web element from Test Object's properties

2021-10-14 17:31:18 - [MESSAGE][INFO] - Checking timeout

2021-10-14 17:31:18 - [MESSAGE][INFO] - Finding web element with id: 'Object Repository/Popup/Popup' located by 'By.cssSelector: .bootbox-body' in '30' second(s)

2021-10-14 17:31:18 - [MESSAGE][INFO] - Smart Wait Function is triggered

2021-10-14 17:31:18 - [MESSAGE][INFO] - Found 1 web elements with id: 'Object Repository/Popup/Popup' located by 'By.cssSelector: .bootbox-body' in '30' second(s)

2021-10-14 17:31:18 - [MESSAGE][INFO] - Getting text of object 'Object Repository/Popup/Popup'

2021-10-14 17:31:18 - [MESSAGE][PASSED] - Text of object 'Object Repository/Popup/Popup' is: '14604 no’lu talebiniz işleme alınmıştır. Raporunuz hazırlandığında (elogotest@gmail.com) adresinize mail gönderilecektir.
Rapor durumunuzu Raporlar > Toplu Veri İndirme ekranından takip edebilir, hazırlandı durumundaki raporlarınızı ilgili menüden indirebilirsiniz.'

2021-10-14 17:31:18 - [TEST_STEP][PASSED] - RaporNo = getText(findTestObject("Popup/Popup")).substring(0, 6): Text of object 'Object Repository/Popup/Popup' is: '14604 no’lu talebiniz işleme alınmıştır. Raporunuz hazırlandığında (elogotest@gmail.com) adresinize mail gönderilecektir.
Rapor durumunuzu Raporlar > Toplu Veri İndirme ekranından takip edebilir, hazırlandı durumundaki raporlarınızı ilgili menüden indirebilirsiniz.'

2021-10-14 17:31:18 - [MESSAGE][INFO] - Finding Test Object 'Object Repository/Popup/Popup'

2021-10-14 17:31:18 - [MESSAGE][INFO] - Checking object

2021-10-14 17:31:18 - [MESSAGE][INFO] - Finding web element from Test Object's properties

2021-10-14 17:31:18 - [MESSAGE][INFO] - Checking timeout

2021-10-14 17:31:18 - [MESSAGE][INFO] - Finding web element with id: 'Object Repository/Popup/Popup' located by 'By.cssSelector: .bootbox-body' in '30' second(s)

2021-10-14 17:31:18 - [MESSAGE][INFO] - Smart Wait Function is triggered

2021-10-14 17:31:19 - [MESSAGE][INFO] - Found 1 web elements with id: 'Object Repository/Popup/Popup' located by 'By.cssSelector: .bootbox-body' in '30' second(s)

2021-10-14 17:31:19 - [MESSAGE][INFO] - Getting text of object 'Object Repository/Popup/Popup'

2021-10-14 17:31:19 - [MESSAGE][PASSED] - Text of object 'Object Repository/Popup/Popup' is: '14604 no’lu talebiniz işleme alınmıştır. Raporunuz hazırlandığında (elogotest@gmail.com) adresinize mail gönderilecektir.
Rapor durumunuzu Raporlar > Toplu Veri İndirme ekranından takip edebilir, hazırlandı durumundaki raporlarınızı ilgili menüden indirebilirsiniz.'

2021-10-14 17:31:19 - [TEST_STEP][PASSED] - Console.println(RaporNo): null

2021-10-14 17:31:19 - [MESSAGE][PASSED] - Call Test Case 'Test Cases/Popup/PopupMesajiIceriyorMu' successfully

2021-10-14 17:31:19 - [MESSAGE][INFO] - Checking called Test Case

2021-10-14 17:31:19 - [MESSAGE][INFO] - Starting to call Test Case 'Test Cases/Popup/PopupButonSecilir'

2021-10-14 17:31:19 - [TEST_CASE][PASSED] - Test Cases/Popup/PopupButonSecilir: Test Cases/Popup/PopupButonSecilir

2021-10-14 17:31:19 - [TEST_STEP][PASSED] - Method.TextDegerineEsitElementeTikla(findTestObject("Popup/Popup_Butons"), Buton): Method.TextDegerineEsitElementeTikla is PASSED

2021-10-14 17:31:19 - [MESSAGE][INFO] - Finding Test Object 'Object Repository/Popup/Popup_Butons'

2021-10-14 17:31:19 - [MESSAGE][INFO] - Checking timeout

2021-10-14 17:31:19 - [MESSAGE][INFO] - Finding web element with id: 'Object Repository/Popup/Popup_Butons' located by 'By.cssSelector: .modal-footer>button' in '10' second(s)

2021-10-14 17:31:19 - [MESSAGE][INFO] - Smart Wait Function is triggered

2021-10-14 17:31:19 - [MESSAGE][INFO] - Found 1 web elements with id: 'Object Repository/Popup/Popup_Butons' located by 'By.cssSelector: .modal-footer>button' in '10' second(s)

2021-10-14 17:31:19 - [MESSAGE][PASSED] - Method.TextDegerineEsitElementeTikla is PASSED

2021-10-14 17:31:19 - [MESSAGE][PASSED] - Call Test Case 'Test Cases/Popup/PopupButonSecilir' successfully

2021-10-14 17:31:19 - [MESSAGE][INFO] - Checking called Test Case

2021-10-14 17:31:19 - [MESSAGE][INFO] - Starting to call Test Case 'Test Cases/Menu/AnaMenuSecimi'

2021-10-14 17:31:19 - [TEST_CASE][PASSED] - Test Cases/Menu/AnaMenuSecimi: Test Cases/Menu/AnaMenuSecimi

2021-10-14 17:31:19 - [TEST_STEP][PASSED] - Method.TextDegerineEsitElementeTikla(findTestObject("Menu/Ana_Menu"), Ana_Menu): Method.TextDegerineEsitElementeTikla is PASSED

2021-10-14 17:31:19 - [MESSAGE][INFO] - Finding Test Object 'Object Repository/Menu/Ana_Menu'

2021-10-14 17:31:20 - [MESSAGE][INFO] - Checking timeout

2021-10-14 17:31:20 - [MESSAGE][INFO] - Finding web element with id: 'Object Repository/Menu/Ana_Menu' located by 'By.xpath: //*[@class = 'dropdown-toggle']' in '10' second(s)

2021-10-14 17:31:20 - [MESSAGE][INFO] - Smart Wait Function is triggered

2021-10-14 17:31:20 - [MESSAGE][INFO] - Found 14 web elements with id: 'Object Repository/Menu/Ana_Menu' located by 'By.xpath: //*[@class = 'dropdown-toggle']' in '10' second(s)

2021-10-14 17:31:21 - [MESSAGE][PASSED] - Method.TextDegerineEsitElementeTikla is PASSED

2021-10-14 17:31:21 - [MESSAGE][PASSED] - Call Test Case 'Test Cases/Menu/AnaMenuSecimi' successfully

2021-10-14 17:31:21 - [MESSAGE][INFO] - Checking called Test Case

2021-10-14 17:31:21 - [MESSAGE][INFO] - Starting to call Test Case 'Test Cases/Menu/AltMenuSecimi'

2021-10-14 17:31:21 - [TEST_CASE][PASSED] - Test Cases/Menu/AltMenuSecimi: Test Cases/Menu/AltMenuSecimi

2021-10-14 17:31:21 - [TEST_STEP][PASSED] - Method.TextDegerineEsitElementeTikla(findTestObject("Menu/Alt_Menu"), Alt_Menu): Method.TextDegerineEsitElementeTikla is PASSED

2021-10-14 17:31:21 - [MESSAGE][INFO] - Finding Test Object 'Object Repository/Menu/Alt_Menu'

2021-10-14 17:31:21 - [MESSAGE][INFO] - Checking timeout

2021-10-14 17:31:21 - [MESSAGE][INFO] - Finding web element with id: 'Object Repository/Menu/Alt_Menu' located by 'By.xpath: //li[@class='dropdown dropdown-large open']//li[@class='dropdown-element']' in '10' second(s)

2021-10-14 17:31:21 - [MESSAGE][INFO] - Smart Wait Function is triggered

2021-10-14 17:31:21 - [MESSAGE][INFO] - Found 9 web elements with id: 'Object Repository/Menu/Alt_Menu' located by 'By.xpath: //li[@class='dropdown dropdown-large open']//li[@class='dropdown-element']' in '10' second(s)

2021-10-14 17:31:22 - [MESSAGE][PASSED] - Method.TextDegerineEsitElementeTikla is PASSED

2021-10-14 17:31:22 - [MESSAGE][PASSED] - Call Test Case 'Test Cases/Menu/AltMenuSecimi' successfully

2021-10-14 17:31:22 - [MESSAGE][INFO] - Checking called Test Case

2021-10-14 17:31:22 - [MESSAGE][INFO] - Starting to call Test Case 'Test Cases/Filtreler/RaporNoYaz'

2021-10-14 17:31:22 - [TEST_CASE][PASSED] - Test Cases/Filtreler/RaporNoYaz: Test Cases/Filtreler/RaporNoYaz

2021-10-14 17:31:22 - [TEST_STEP][PASSED] - Method.TextDegerineEsitElementinAltindakiTextboxtaYaz(findTestObject("Filtreler/Basliklar"), findTestObject("Filtreler/Basliga_Gore_Textbox"), "Talep No", RaporNo): Method.TextDegerineEsitElementinAltindakiTextboxtaYaz is PASSED

2021-10-14 17:31:22 - [MESSAGE][INFO] - Finding Test Object 'Object Repository/Filtreler/Basliklar'

2021-10-14 17:31:23 - [MESSAGE][INFO] - Finding Test Object 'Object Repository/Filtreler/Basliga_Gore_Textbox'

2021-10-14 17:31:23 - [MESSAGE][INFO] - Checking timeout

2021-10-14 17:31:23 - [MESSAGE][INFO] - Finding web element with id: 'Object Repository/Filtreler/Basliklar' located by 'By.cssSelector: .control-label.col-sm-4.paddingMarginRLC' in '10' second(s)

2021-10-14 17:31:23 - [MESSAGE][INFO] - Smart Wait Function is triggered

2021-10-14 17:31:23 - [MESSAGE][INFO] - Found 8 web elements with id: 'Object Repository/Filtreler/Basliklar' located by 'By.cssSelector: .control-label.col-sm-4.paddingMarginRLC' in '10' second(s)

2021-10-14 17:31:23 - [MESSAGE][INFO] - Smart Wait Function is triggered

2021-10-14 17:31:23 - [MESSAGE][PASSED] - Method.TextDegerineEsitElementinAltindakiTextboxtaYaz is PASSED

2021-10-14 17:31:23 - [MESSAGE][PASSED] - Call Test Case 'Test Cases/Filtreler/RaporNoYaz' successfully

2021-10-14 17:31:24 - [MESSAGE][INFO] - Checking called Test Case

2021-10-14 17:31:24 - [MESSAGE][INFO] - Starting to call Test Case 'Test Cases/Filtreler/ButonaTikla'

2021-10-14 17:31:24 - [TEST_CASE][PASSED] - Test Cases/Filtreler/ButonaTikla: Test Cases/Filtreler/ButonaTikla

2021-10-14 17:31:24 - [TEST_STEP][PASSED] - Method.TextDegerineEsitElementeTikla(findTestObject("Filtreler/Butonlar"), Filtre_Buton): Method.TextDegerineEsitElementeTikla is PASSED

2021-10-14 17:31:24 - [MESSAGE][INFO] - Finding Test Object 'Object Repository/Filtreler/Butonlar'

2021-10-14 17:31:24 - [MESSAGE][INFO] - Checking timeout

2021-10-14 17:31:24 - [MESSAGE][INFO] - Finding web element with id: 'Object Repository/Filtreler/Butonlar' located by 'By.cssSelector: .dxb>span' in '10' second(s)

2021-10-14 17:31:24 - [MESSAGE][INFO] - Smart Wait Function is triggered

2021-10-14 17:31:24 - [MESSAGE][INFO] - Found 2 web elements with id: 'Object Repository/Filtreler/Butonlar' located by 'By.cssSelector: .dxb>span' in '10' second(s)

2021-10-14 17:31:24 - [MESSAGE][PASSED] - Method.TextDegerineEsitElementeTikla is PASSED

2021-10-14 17:31:24 - [MESSAGE][PASSED] - Call Test Case 'Test Cases/Filtreler/ButonaTikla' successfully

2021-10-14 17:31:24 - [MESSAGE][INFO] - Checking called Test Case

2021-10-14 17:31:24 - [MESSAGE][INFO] - Starting to call Test Case 'Test Cases/Tablo/TablodaVeriVarMi'

2021-10-14 17:31:24 - [TEST_CASE][PASSED] - Test Cases/Tablo/TablodaVeriVarMi: Test Cases/Tablo/TablodaVeriVarMi

2021-10-14 17:31:24 - [TEST_STEP][PASSED] - verifyTextNotPresent("Görüntülenecek veri yok", true): Text 'Görüntülenecek veri yok' is not present on page using regular expression

2021-10-14 17:31:24 - [MESSAGE][INFO] - Checking text present  using regular expression

2021-10-14 17:31:24 - [MESSAGE][INFO] - Smart Wait Function is triggered

2021-10-14 17:31:30 - [MESSAGE][INFO] - Finding text 'Görüntülenecek veri yok' on page  using regular expression

2021-10-14 17:31:30 - [MESSAGE][PASSED] - Text 'Görüntülenecek veri yok' is not present on page using regular expression

2021-10-14 17:31:30 - [MESSAGE][PASSED] - Call Test Case 'Test Cases/Tablo/TablodaVeriVarMi' successfully

2021-10-14 17:31:30 - [MESSAGE][INFO] - Checking called Test Case

2021-10-14 17:31:30 - [MESSAGE][INFO] - Starting to call Test Case 'Test Cases/Kullanici_Islemleri/KullaniciIslemlerindenSecimYapilir'

2021-10-14 17:31:31 - [TEST_CASE][PASSED] - Test Cases/Kullanici_Islemleri/KullaniciIslemlerindenSecimYapilir: Test Cases/Kullanici_Islemleri/KullaniciIslemlerindenSecimYapilir

2021-10-14 17:31:31 - [TEST_STEP][PASSED] - waitForElementClickable(findTestObject("Object Repository/Kullanici_Islemleri/KullaniciIslemleri"), 10): Object 'Object Repository/Kullanici_Islemleri/KullaniciIslemleri' is clickable

2021-10-14 17:31:31 - [MESSAGE][INFO] - Finding Test Object 'Object Repository/Kullanici_Islemleri/KullaniciIslemleri'

2021-10-14 17:31:31 - [MESSAGE][INFO] - Checking object

2021-10-14 17:31:31 - [MESSAGE][INFO] - Checking timeout

2021-10-14 17:31:31 - [MESSAGE][INFO] - Finding web element from Test Object's properties

2021-10-14 17:31:31 - [MESSAGE][INFO] - Checking timeout

2021-10-14 17:31:31 - [MESSAGE][INFO] - Finding web element with id: 'Object Repository/Kullanici_Islemleri/KullaniciIslemleri' located by 'By.cssSelector: .dropdown>a>img' in '10' second(s)

2021-10-14 17:31:31 - [MESSAGE][INFO] - Smart Wait Function is triggered

2021-10-14 17:31:31 - [MESSAGE][INFO] - Found 1 web elements with id: 'Object Repository/Kullanici_Islemleri/KullaniciIslemleri' located by 'By.cssSelector: .dropdown>a>img' in '10' second(s)

2021-10-14 17:31:31 - [MESSAGE][PASSED] - Object 'Object Repository/Kullanici_Islemleri/KullaniciIslemleri' is clickable

2021-10-14 17:31:31 - [TEST_STEP][PASSED] - click(findTestObject("Object Repository/Kullanici_Islemleri/KullaniciIslemleri")): Object: 'Object Repository/Kullanici_Islemleri/KullaniciIslemleri' is clicked on

2021-10-14 17:31:31 - [MESSAGE][INFO] - Finding Test Object 'Object Repository/Kullanici_Islemleri/KullaniciIslemleri'

2021-10-14 17:31:31 - [MESSAGE][INFO] - Checking object

2021-10-14 17:31:31 - [MESSAGE][INFO] - Finding web element from Test Object's properties

2021-10-14 17:31:31 - [MESSAGE][INFO] - Checking timeout

2021-10-14 17:31:31 - [MESSAGE][INFO] - Finding web element with id: 'Object Repository/Kullanici_Islemleri/KullaniciIslemleri' located by 'By.cssSelector: .dropdown>a>img' in '30' second(s)

2021-10-14 17:31:31 - [MESSAGE][INFO] - Smart Wait Function is triggered

2021-10-14 17:31:31 - [MESSAGE][INFO] - Found 1 web elements with id: 'Object Repository/Kullanici_Islemleri/KullaniciIslemleri' located by 'By.cssSelector: .dropdown>a>img' in '30' second(s)

2021-10-14 17:31:31 - [MESSAGE][INFO] - Clicking on object: 'Object Repository/Kullanici_Islemleri/KullaniciIslemleri'

2021-10-14 17:31:31 - [MESSAGE][PASSED] - Object: 'Object Repository/Kullanici_Islemleri/KullaniciIslemleri' is clicked on

2021-10-14 17:31:31 - [TEST_STEP][PASSED] - Method.TextDegerineEsitElementeTikla(findTestObject("Object Repository/Kullanici_Islemleri/Secenekler"), Islem): Method.TextDegerineEsitElementeTikla is PASSED

2021-10-14 17:31:31 - [MESSAGE][INFO] - Finding Test Object 'Object Repository/Kullanici_Islemleri/Secenekler'

2021-10-14 17:31:31 - [MESSAGE][INFO] - Checking timeout

2021-10-14 17:31:31 - [MESSAGE][INFO] - Finding web element with id: 'Object Repository/Kullanici_Islemleri/Secenekler' located by 'By.cssSelector: .nav.navbar-nav.navbar-right li a' in '10' second(s)

2021-10-14 17:31:31 - [MESSAGE][INFO] - Smart Wait Function is triggered

2021-10-14 17:31:32 - [MESSAGE][INFO] - Found 22 web elements with id: 'Object Repository/Kullanici_Islemleri/Secenekler' located by 'By.cssSelector: .nav.navbar-nav.navbar-right li a' in '10' second(s)

2021-10-14 17:31:33 - [MESSAGE][PASSED] - Method.TextDegerineEsitElementeTikla is PASSED

2021-10-14 17:31:33 - [TEST_STEP][PASSED] - verifyElementNotPresent(findTestObject("Object Repository/Kullanici_Islemleri/Secenekler"), 10): Web element with id: 'Object Repository/Kullanici_Islemleri/Secenekler' located by 'By.cssSelector: .nav.navbar-nav.navbar-right li a' is not present after '10' second(s)

2021-10-14 17:31:33 - [MESSAGE][INFO] - Finding Test Object 'Object Repository/Kullanici_Islemleri/Secenekler'

2021-10-14 17:31:33 - [MESSAGE][INFO] - Checking object

2021-10-14 17:31:33 - [MESSAGE][INFO] - Checking timeout

2021-10-14 17:31:33 - [MESSAGE][INFO] - Finding web element with id: 'Object Repository/Kullanici_Islemleri/Secenekler' located by 'By.cssSelector: .nav.navbar-nav.navbar-right li a' in '10' second(s)

2021-10-14 17:31:33 - [MESSAGE][INFO] - Smart Wait Function is triggered

2021-10-14 17:31:34 - [MESSAGE][PASSED] - Web element with id: 'Object Repository/Kullanici_Islemleri/Secenekler' located by 'By.cssSelector: .nav.navbar-nav.navbar-right li a' is not present after '10' second(s)

2021-10-14 17:31:34 - [MESSAGE][PASSED] - Call Test Case 'Test Cases/Kullanici_Islemleri/KullaniciIslemlerindenSecimYapilir' successfully

2021-10-14 17:31:34 - [TEST_CASE][PASSED] - Start Test Case : SCENARIO e-Irsaliye Gelen Kutusu Uygulama Yanıtları Toplu Indirme - UBL Secilenlerin indirilmesi: SCENARIO e-Irsaliye Gelen Kutusu Uygulama Yanıtları Toplu Indirme - UBL Secilenlerin indirilmesi

2021-10-14 17:31:34 - [TEST_STEP][PASSED] - Kullanıcı adı ELOGO6 ve Şifre 123456 olarak giriş yapılır: Kullanıcı adı ELOGO6 ve Şifre 123456 olarak giriş yapılır

2021-10-14 17:31:34 - [MESSAGE][PASSED] - Kullanıcı adı ELOGO6 ve Şifre 123456 olarak giriş yapılır

2021-10-14 17:31:34 - [TEST_STEP][PASSED] - Ana menüden e-İrsaliye seçilir: Ana menüden e-İrsaliye seçilir

2021-10-14 17:31:34 - [MESSAGE][PASSED] - Ana menüden e-İrsaliye seçilir

2021-10-14 17:31:34 - [TEST_STEP][PASSED] - Alt menü Gelen Kutusu başlığı altındaki İrsaliye Yanıtları seçilir: Alt menü Gelen Kutusu başlığı altındaki İrsaliye Yanıtları seçilir

2021-10-14 17:31:34 - [MESSAGE][PASSED] - Alt menü Gelen Kutusu başlığı altındaki İrsaliye Yanıtları seçilir

2021-10-14 17:31:34 - [TEST_STEP][PASSED] - Filtrelerden Oluşturma Tarihi filtresine 01.01.2020 baslangic degerini yaz: Filtrelerden Oluşturma Tarihi filtresine 01.01.2020 baslangic degerini yaz

2021-10-14 17:31:34 - [MESSAGE][PASSED] - Filtrelerden Oluşturma Tarihi filtresine 01.01.2020 baslangic degerini yaz

2021-10-14 17:31:34 - [TEST_STEP][PASSED] - Filtrelerden Oluşturma Tarihi filtresine 31.12.2020 bitis degerini yaz: Filtrelerden Oluşturma Tarihi filtresine 31.12.2020 bitis degerini yaz

2021-10-14 17:31:34 - [MESSAGE][PASSED] - Filtrelerden Oluşturma Tarihi filtresine 31.12.2020 bitis degerini yaz

2021-10-14 17:31:34 - [TEST_STEP][PASSED] - Filtre butonlarından Listele seçilir: Filtre butonlarından Listele seçilir

2021-10-14 17:31:34 - [MESSAGE][PASSED] - Filtre butonlarından Listele seçilir

2021-10-14 17:31:34 - [TEST_STEP][PASSED] - Tabloda veri var mı kontrol edilir: Tabloda veri var mı kontrol edilir

2021-10-14 17:31:34 - [MESSAGE][PASSED] - Tabloda veri var mı kontrol edilir

2021-10-14 17:31:34 - [TEST_STEP][PASSED] - Tablodan ELOGO TEST isimli veri seçilir: Tablodan ELOGO TEST isimli veri seçilir

2021-10-14 17:31:34 - [MESSAGE][PASSED] - Tablodan ELOGO TEST isimli veri seçilir

2021-10-14 17:31:34 - [TEST_STEP][PASSED] - Butonlardan Toplu İndirme isimli butona tıklanır: Butonlardan Toplu İndirme isimli butona tıklanır

2021-10-14 17:31:34 - [MESSAGE][PASSED] - Butonlardan Toplu İndirme isimli butona tıklanır

2021-10-14 17:31:34 - [TEST_STEP][PASSED] - Alt butonlardan UBL Seçilenleri İndir butonuna tıklanır: Alt butonlardan UBL Seçilenleri İndir butonuna tıklanır

2021-10-14 17:31:34 - [MESSAGE][PASSED] - Alt butonlardan UBL Seçilenleri İndir butonuna tıklanır

2021-10-14 17:31:34 - [TEST_STEP][PASSED] - Popup mesajı Lütfen rapor bildiriminin gönderileceği e-posta adresini belirtiniz. içeriyor mu: Popup mesajı Lütfen rapor bildiriminin gönderileceği e-posta adresini belirtiniz. içeriyor mu

2021-10-14 17:31:34 - [MESSAGE][PASSED] - Popup mesajı Lütfen rapor bildiriminin gönderileceği e-posta adresini belirtiniz. içeriyor mu

2021-10-14 17:31:34 - [TEST_STEP][PASSED] - Yönetim popupında Gönder seçilir: Yönetim popupında Gönder seçilir

2021-10-14 17:31:34 - [MESSAGE][PASSED] - Yönetim popupında Gönder seçilir

2021-10-14 17:31:34 - [TEST_STEP][PASSED] - Popup mesajı Toplu Veri İndirme içeriyor mu: Popup mesajı Toplu Veri İndirme içeriyor mu

2021-10-14 17:31:34 - [MESSAGE][PASSED] - Popup mesajı Toplu Veri İndirme içeriyor mu

2021-10-14 17:31:34 - [TEST_STEP][PASSED] - Yönetim popupında Tamam seçilir: Yönetim popupında Tamam seçilir

2021-10-14 17:31:34 - [MESSAGE][PASSED] - Yönetim popupında Tamam seçilir

2021-10-14 17:31:34 - [TEST_STEP][PASSED] - Butonlardan Toplu İndirme isimli butona tıklanır: Butonlardan Toplu İndirme isimli butona tıklanır

2021-10-14 17:31:34 - [MESSAGE][PASSED] - Butonlardan Toplu İndirme isimli butona tıklanır

2021-10-14 17:31:34 - [TEST_STEP][PASSED] - Alt butonlardan UBL Tümünü İndir butonuna tıklanır: Alt butonlardan UBL Tümünü İndir butonuna tıklanır

2021-10-14 17:31:34 - [MESSAGE][PASSED] - Alt butonlardan UBL Tümünü İndir butonuna tıklanır

2021-10-14 17:31:34 - [TEST_STEP][PASSED] - Popup mesajı Lütfen rapor bildiriminin gönderileceği e-posta adresini belirtiniz. içeriyor mu: Popup mesajı Lütfen rapor bildiriminin gönderileceği e-posta adresini belirtiniz. içeriyor mu

2021-10-14 17:31:34 - [MESSAGE][PASSED] - Popup mesajı Lütfen rapor bildiriminin gönderileceği e-posta adresini belirtiniz. içeriyor mu

2021-10-14 17:31:34 - [TEST_STEP][PASSED] - Yönetim popupında Gönder seçilir: Yönetim popupında Gönder seçilir

2021-10-14 17:31:34 - [MESSAGE][PASSED] - Yönetim popupında Gönder seçilir

2021-10-14 17:31:34 - [TEST_STEP][PASSED] - Popup mesajı Toplu Veri İndirme içeriyor mu: Popup mesajı Toplu Veri İndirme içeriyor mu

2021-10-14 17:31:34 - [MESSAGE][PASSED] - Popup mesajı Toplu Veri İndirme içeriyor mu

2021-10-14 17:31:34 - [TEST_STEP][PASSED] - Yönetim popupında Tamam seçilir: Yönetim popupında Tamam seçilir

2021-10-14 17:31:34 - [MESSAGE][PASSED] - Yönetim popupında Tamam seçilir

2021-10-14 17:31:34 - [TEST_STEP][PASSED] - Ana menüden Raporlar seçilir: Ana menüden Raporlar seçilir

2021-10-14 17:31:34 - [MESSAGE][PASSED] - Ana menüden Raporlar seçilir

2021-10-14 17:31:34 - [TEST_STEP][PASSED] - Alt menüden Toplu Veri İndirme seçilir: Alt menüden Toplu Veri İndirme seçilir

2021-10-14 17:31:34 - [MESSAGE][PASSED] - Alt menüden Toplu Veri İndirme seçilir

2021-10-14 17:31:34 - [TEST_STEP][PASSED] - Filtrelerden Talep No filtresine Rapor No bilgisi yaz: Filtrelerden Talep No filtresine Rapor No bilgisi yaz

2021-10-14 17:31:34 - [MESSAGE][PASSED] - Filtrelerden Talep No filtresine Rapor No bilgisi yaz

2021-10-14 17:31:34 - [TEST_STEP][PASSED] - Filtre butonlarından Listele seçilir: Filtre butonlarından Listele seçilir

2021-10-14 17:31:34 - [MESSAGE][PASSED] - Filtre butonlarından Listele seçilir

2021-10-14 17:31:34 - [TEST_STEP][PASSED] - Tabloda veri var mı kontrol edilir: Tabloda veri var mı kontrol edilir

2021-10-14 17:31:34 - [MESSAGE][PASSED] - Tabloda veri var mı kontrol edilir

2021-10-14 17:31:34 - [TEST_STEP][PASSED] - Kullanıcı işlemlerinden Çıkış seçilir: Kullanıcı işlemlerinden Çıkış seçilir

2021-10-14 17:31:34 - [MESSAGE][PASSED] - Kullanıcı işlemlerinden Çıkış seçilir

2021-10-14 17:31:34 - [MESSAGE][PASSED] - Feature file: 'Include/features/e-Irsaliye/Gelen Kutusu/Irsaliye Yanitlari/Toplu Indirme.feature' was passed

2021-10-14 17:31:34 - [TEST_STEP][PASSED] - Start listener action : sampleAfterTestSuite: Invoke 'com.kms.katalon.core.annotation.AfterTestCase' method: 'Listener.sampleAfterTestSuite(...)' completed.

2021-10-14 17:31:34 - [MESSAGE][INFO] - Starting invoke 'com.kms.katalon.core.annotation.AfterTestCase' method: 'Listener.sampleAfterTestSuite(...)'

2021-10-14 17:31:34 - [TEST_STEP][PASSED] - closeBrowser(): Invoke 'com.kms.katalon.core.annotation.AfterTestCase' method: 'Listener.sampleAfterTestSuite(...)' completed.

2021-10-14 17:31:34 - [MESSAGE][INFO] - Closing browser

2021-10-14 17:31:34 - [MESSAGE][PASSED] - Browser is closed

2021-10-14 17:31:34 - [MESSAGE][INFO] - Invoke 'com.kms.katalon.core.annotation.AfterTestCase' method: 'Listener.sampleAfterTestSuite(...)' completed.]]></system-out>
         <system-err><![CDATA[]]></system-err>
      </testcase>
      <testcase name="Test Cases/Case Repository/e-Irsaliye/Gelen Kutusu/Irsaliyeler/Toplu Indirme" time="75.11" classname="Test Cases/Case Repository/e-Irsaliye/Gelen Kutusu/Irsaliyeler/Toplu Indirme" status="PASSED">
         <system-out><![CDATA[2021-10-14 17:31:34 - [TEST_CASE][PASSED] - Test Cases/Case Repository/e-Irsaliye/Gelen Kutusu/Irsaliyeler/Toplu Indirme: Test Cases/Case Repository/e-Irsaliye/Gelen Kutusu/Irsaliyeler/Toplu Indirme

2021-10-14 17:31:34 - [TEST_STEP][PASSED] - Start listener action : sampleBeforeTestSuite: Invoke 'com.kms.katalon.core.annotation.BeforeTestCase' method: 'Listener.sampleBeforeTestSuite(...)' completed.

2021-10-14 17:31:34 - [MESSAGE][INFO] - Starting invoke 'com.kms.katalon.core.annotation.BeforeTestCase' method: 'Listener.sampleBeforeTestSuite(...)'

2021-10-14 17:31:34 - [TEST_STEP][PASSED] - openBrowser(baseUrl): Browser is opened with url: 'https://efatura-stage.elogo.com.tr/'

2021-10-14 17:31:34 - [MESSAGE][INFO] - Opening browser

2021-10-14 17:31:34 - [MESSAGE][INFO] - Starting 'Chrome' driver

2021-10-14 17:31:34 - [MESSAGE][INFO] - User set preference: ['prefs', '{download.default_directory=C:\otomasyondownfiles}']

2021-10-14 17:31:34 - [MESSAGE][INFO] - Action delay is set to 0 milliseconds

2021-10-14 17:31:36 - [MESSAGE][INFO] - Navigating browser to: 'https://efatura-stage.elogo.com.tr/'

2021-10-14 17:31:38 - [MESSAGE][PASSED] - Browser is opened with url: 'https://efatura-stage.elogo.com.tr/'

2021-10-14 17:31:38 - [TEST_STEP][PASSED] - maximizeWindow(): Invoke 'com.kms.katalon.core.annotation.BeforeTestCase' method: 'Listener.sampleBeforeTestSuite(...)' completed.

2021-10-14 17:31:38 - [MESSAGE][INFO] - Maximizing current window

2021-10-14 17:31:39 - [MESSAGE][PASSED] - Current window maximized

2021-10-14 17:31:39 - [MESSAGE][INFO] - Invoke 'com.kms.katalon.core.annotation.BeforeTestCase' method: 'Listener.sampleBeforeTestSuite(...)' completed.

2021-10-14 17:31:39 - [TEST_STEP][PASSED] - runFeatureFile("Include/features/e-Irsaliye/Gelen Kutusu/Irsaliyeler/Toplu Indirme.feature"): Feature file: 'Include/features/e-Irsaliye/Gelen Kutusu/Irsaliyeler/Toplu Indirme.feature' was passed

2021-10-14 17:31:39 - [MESSAGE][INFO] - Starting run keyword runFeatureFile: 'Include/features/e-Irsaliye/Gelen Kutusu/Irsaliyeler/Toplu Indirme.feature' and extract report to folder: 'C:\Users\DELL\Downloads\EES_Katalon-main\Reports\20211014_170112\Suite Repository\ExceleAktarVeTopluIndirme\20211014_170125/cucumber_report/1634221899825'...

2021-10-14 17:31:39 - [MESSAGE][INFO] - Glue: []

2021-10-14 17:31:40 - [MESSAGE][INFO] - Checking called Test Case

2021-10-14 17:31:40 - [MESSAGE][INFO] - Starting to call Test Case 'Test Cases/Sayfalar/Giris_Sayfasi/Login'

2021-10-14 17:31:40 - [TEST_CASE][PASSED] - Test Cases/Sayfalar/Giris_Sayfasi/Login: Test Cases/Sayfalar/Giris_Sayfasi/Login

2021-10-14 17:31:40 - [TEST_STEP][PASSED] - Sayfa_Basligi = getWindowTitle(): Current window's title is: 'LOGO e-Fatura'

2021-10-14 17:31:40 - [MESSAGE][INFO] - Getting current window's title

2021-10-14 17:31:40 - [MESSAGE][PASSED] - Current window's title is: 'LOGO e-Fatura'

2021-10-14 17:31:40 - [TEST_STEP][PASSED] - verifyMatch(Sayfa_Basligi, "LOGO e-Fatura", false): Actual text 'LOGO e-Fatura' and expected text 'LOGO e-Fatura' are matched 

2021-10-14 17:31:40 - [MESSAGE][INFO] - Matching actual text 'LOGO e-Fatura' with expected text 'LOGO e-Fatura'

2021-10-14 17:31:40 - [MESSAGE][PASSED] - Actual text 'LOGO e-Fatura' and expected text 'LOGO e-Fatura' are matched 

2021-10-14 17:31:40 - [TEST_STEP][PASSED] - sendKeys(findTestObject("Sayfalar/Giris_Sayfasi/Firma_Kodu"), KullaniciAdi): Keys 'ELOGO6' sent to object: 'Object Repository/Sayfalar/Giris_Sayfasi/Firma_Kodu'

2021-10-14 17:31:40 - [MESSAGE][INFO] - Finding Test Object 'Object Repository/Sayfalar/Giris_Sayfasi/Firma_Kodu'

2021-10-14 17:31:41 - [MESSAGE][INFO] - Sending keys 'ELOGO6' to object: 'Object Repository/Sayfalar/Giris_Sayfasi/Firma_Kodu'

2021-10-14 17:31:41 - [MESSAGE][INFO] - Finding web element from Test Object's properties

2021-10-14 17:31:41 - [MESSAGE][INFO] - Checking timeout

2021-10-14 17:31:41 - [MESSAGE][INFO] - Finding web element with id: 'Object Repository/Sayfalar/Giris_Sayfasi/Firma_Kodu' located by 'By.xpath: //*[@id = 'AccountName']' in '30' second(s)

2021-10-14 17:31:41 - [MESSAGE][INFO] - Smart Wait Function is triggered

2021-10-14 17:31:41 - [MESSAGE][INFO] - Found 1 web elements with id: 'Object Repository/Sayfalar/Giris_Sayfasi/Firma_Kodu' located by 'By.xpath: //*[@id = 'AccountName']' in '30' second(s)

2021-10-14 17:31:41 - [MESSAGE][PASSED] - Keys 'ELOGO6' sent to object: 'Object Repository/Sayfalar/Giris_Sayfasi/Firma_Kodu'

2021-10-14 17:31:41 - [TEST_STEP][PASSED] - sendKeys(findTestObject("Sayfalar/Giris_Sayfasi/Sifre"), Sifre): Keys '123456' sent to object: 'Object Repository/Sayfalar/Giris_Sayfasi/Sifre'

2021-10-14 17:31:41 - [MESSAGE][INFO] - Finding Test Object 'Object Repository/Sayfalar/Giris_Sayfasi/Sifre'

2021-10-14 17:31:41 - [MESSAGE][INFO] - Sending keys '123456' to object: 'Object Repository/Sayfalar/Giris_Sayfasi/Sifre'

2021-10-14 17:31:41 - [MESSAGE][INFO] - Finding web element from Test Object's properties

2021-10-14 17:31:41 - [MESSAGE][INFO] - Checking timeout

2021-10-14 17:31:41 - [MESSAGE][INFO] - Finding web element with id: 'Object Repository/Sayfalar/Giris_Sayfasi/Sifre' located by 'By.xpath: //*[@id = 'Password']' in '30' second(s)

2021-10-14 17:31:41 - [MESSAGE][INFO] - Smart Wait Function is triggered

2021-10-14 17:31:41 - [MESSAGE][INFO] - Found 1 web elements with id: 'Object Repository/Sayfalar/Giris_Sayfasi/Sifre' located by 'By.xpath: //*[@id = 'Password']' in '30' second(s)

2021-10-14 17:31:42 - [MESSAGE][PASSED] - Keys '123456' sent to object: 'Object Repository/Sayfalar/Giris_Sayfasi/Sifre'

2021-10-14 17:31:42 - [TEST_STEP][PASSED] - findWebElement(findTestObject("Sayfalar/Giris_Sayfasi/Giris_Butonu")).click(): Found 1 web elements with id: 'Object Repository/Sayfalar/Giris_Sayfasi/Giris_Butonu' located by 'By.cssSelector: #btnLogin' in '30' second(s)

2021-10-14 17:31:42 - [MESSAGE][INFO] - Finding Test Object 'Object Repository/Sayfalar/Giris_Sayfasi/Giris_Butonu'

2021-10-14 17:31:42 - [MESSAGE][INFO] - Finding web element from Test Object's properties

2021-10-14 17:31:42 - [MESSAGE][INFO] - Checking timeout

2021-10-14 17:31:42 - [MESSAGE][INFO] - Finding web element with id: 'Object Repository/Sayfalar/Giris_Sayfasi/Giris_Butonu' located by 'By.cssSelector: #btnLogin' in '30' second(s)

2021-10-14 17:31:42 - [MESSAGE][INFO] - Smart Wait Function is triggered

2021-10-14 17:31:42 - [MESSAGE][INFO] - Found 1 web elements with id: 'Object Repository/Sayfalar/Giris_Sayfasi/Giris_Butonu' located by 'By.cssSelector: #btnLogin' in '30' second(s)

2021-10-14 17:31:45 - [TEST_STEP][PASSED] - if (verifyElementPresent(findTestObject("Object Repository/Sayfalar/Giris_Sayfasi/RetveTamam_Butonu"), 5, OPTIONAL)): null

2021-10-14 17:31:45 - [MESSAGE][INFO] - Finding Test Object 'Object Repository/Sayfalar/Giris_Sayfasi/RetveTamam_Butonu'

2021-10-14 17:31:45 - [MESSAGE][INFO] - Checking object

2021-10-14 17:31:45 - [MESSAGE][INFO] - Finding web element from Test Object's properties

2021-10-14 17:31:45 - [MESSAGE][INFO] - Checking timeout

2021-10-14 17:31:45 - [MESSAGE][INFO] - Finding web element with id: 'Object Repository/Sayfalar/Giris_Sayfasi/RetveTamam_Butonu' located by 'By.xpath: //*[@class = 'btn btn-default']' in '5' second(s)

2021-10-14 17:31:45 - [MESSAGE][INFO] - Smart Wait Function is triggered

2021-10-14 17:31:45 - [MESSAGE][INFO] - Found 1 web elements with id: 'Object Repository/Sayfalar/Giris_Sayfasi/RetveTamam_Butonu' located by 'By.xpath: //*[@class = 'btn btn-default']' in '5' second(s)

2021-10-14 17:31:45 - [MESSAGE][PASSED] - Object 'Object Repository/Sayfalar/Giris_Sayfasi/RetveTamam_Butonu' is present

2021-10-14 17:31:45 - [TEST_STEP][PASSED] - click(findTestObject("Object Repository/Sayfalar/Giris_Sayfasi/RetveTamam_Butonu")): Object: 'Object Repository/Sayfalar/Giris_Sayfasi/RetveTamam_Butonu' is clicked on

2021-10-14 17:31:45 - [MESSAGE][INFO] - Finding Test Object 'Object Repository/Sayfalar/Giris_Sayfasi/RetveTamam_Butonu'

2021-10-14 17:31:45 - [MESSAGE][INFO] - Checking object

2021-10-14 17:31:45 - [MESSAGE][INFO] - Finding web element from Test Object's properties

2021-10-14 17:31:45 - [MESSAGE][INFO] - Checking timeout

2021-10-14 17:31:45 - [MESSAGE][INFO] - Finding web element with id: 'Object Repository/Sayfalar/Giris_Sayfasi/RetveTamam_Butonu' located by 'By.xpath: //*[@class = 'btn btn-default']' in '30' second(s)

2021-10-14 17:31:45 - [MESSAGE][INFO] - Smart Wait Function is triggered

2021-10-14 17:31:45 - [MESSAGE][INFO] - Found 1 web elements with id: 'Object Repository/Sayfalar/Giris_Sayfasi/RetveTamam_Butonu' located by 'By.xpath: //*[@class = 'btn btn-default']' in '30' second(s)

2021-10-14 17:31:45 - [MESSAGE][INFO] - Clicking on object: 'Object Repository/Sayfalar/Giris_Sayfasi/RetveTamam_Butonu'

2021-10-14 17:31:45 - [MESSAGE][PASSED] - Object: 'Object Repository/Sayfalar/Giris_Sayfasi/RetveTamam_Butonu' is clicked on

2021-10-14 17:31:45 - [TEST_STEP][PASSED] - click(findTestObject("Object Repository/Sayfalar/Giris_Sayfasi/RetveTamam_Butonu")): Object: 'Object Repository/Sayfalar/Giris_Sayfasi/RetveTamam_Butonu' is clicked on

2021-10-14 17:31:45 - [MESSAGE][INFO] - Finding Test Object 'Object Repository/Sayfalar/Giris_Sayfasi/RetveTamam_Butonu'

2021-10-14 17:31:46 - [MESSAGE][INFO] - Checking object

2021-10-14 17:31:46 - [MESSAGE][INFO] - Finding web element from Test Object's properties

2021-10-14 17:31:46 - [MESSAGE][INFO] - Checking timeout

2021-10-14 17:31:46 - [MESSAGE][INFO] - Finding web element with id: 'Object Repository/Sayfalar/Giris_Sayfasi/RetveTamam_Butonu' located by 'By.xpath: //*[@class = 'btn btn-default']' in '30' second(s)

2021-10-14 17:31:46 - [MESSAGE][INFO] - Smart Wait Function is triggered

2021-10-14 17:31:55 - [MESSAGE][INFO] - Found 1 web elements with id: 'Object Repository/Sayfalar/Giris_Sayfasi/RetveTamam_Butonu' located by 'By.xpath: //*[@class = 'btn btn-default']' in '30' second(s)

2021-10-14 17:31:55 - [MESSAGE][INFO] - Clicking on object: 'Object Repository/Sayfalar/Giris_Sayfasi/RetveTamam_Butonu'

2021-10-14 17:31:55 - [MESSAGE][PASSED] - Object: 'Object Repository/Sayfalar/Giris_Sayfasi/RetveTamam_Butonu' is clicked on

2021-10-14 17:31:55 - [TEST_STEP][PASSED] - if (verifyElementPresent(findTestObject("Sayfalar/Giris_Sayfasi/PopupOK"), 5, OPTIONAL)): null

2021-10-14 17:31:55 - [MESSAGE][INFO] - Finding Test Object 'Object Repository/Sayfalar/Giris_Sayfasi/PopupOK'

2021-10-14 17:31:55 - [MESSAGE][INFO] - Checking object

2021-10-14 17:31:55 - [MESSAGE][INFO] - Finding web element from Test Object's properties

2021-10-14 17:31:55 - [MESSAGE][INFO] - Checking timeout

2021-10-14 17:31:55 - [MESSAGE][INFO] - Finding web element with id: 'Object Repository/Sayfalar/Giris_Sayfasi/PopupOK' located by 'By.cssSelector: .btn.btn-success' in '5' second(s)

2021-10-14 17:31:55 - [MESSAGE][INFO] - Smart Wait Function is triggered

2021-10-14 17:31:56 - [MESSAGE][INFO] - Found 1 web elements with id: 'Object Repository/Sayfalar/Giris_Sayfasi/PopupOK' located by 'By.cssSelector: .btn.btn-success' in '5' second(s)

2021-10-14 17:31:56 - [MESSAGE][PASSED] - Object 'Object Repository/Sayfalar/Giris_Sayfasi/PopupOK' is present

2021-10-14 17:31:56 - [TEST_STEP][PASSED] - click(findTestObject("Object Repository/Sayfalar/Giris_Sayfasi/PopupCarpiGiris")): Object: 'Object Repository/Sayfalar/Giris_Sayfasi/PopupCarpiGiris' is clicked on

2021-10-14 17:31:56 - [MESSAGE][INFO] - Finding Test Object 'Object Repository/Sayfalar/Giris_Sayfasi/PopupCarpiGiris'

2021-10-14 17:31:56 - [MESSAGE][INFO] - Checking object

2021-10-14 17:31:56 - [MESSAGE][INFO] - Finding web element from Test Object's properties

2021-10-14 17:31:56 - [MESSAGE][INFO] - Checking timeout

2021-10-14 17:31:56 - [MESSAGE][INFO] - Finding web element with id: 'Object Repository/Sayfalar/Giris_Sayfasi/PopupCarpiGiris' located by 'By.cssSelector: .bootbox-close-button.close' in '30' second(s)

2021-10-14 17:31:56 - [MESSAGE][INFO] - Smart Wait Function is triggered

2021-10-14 17:31:57 - [MESSAGE][INFO] - Found 1 web elements with id: 'Object Repository/Sayfalar/Giris_Sayfasi/PopupCarpiGiris' located by 'By.cssSelector: .bootbox-close-button.close' in '30' second(s)

2021-10-14 17:31:57 - [MESSAGE][INFO] - Clicking on object: 'Object Repository/Sayfalar/Giris_Sayfasi/PopupCarpiGiris'

2021-10-14 17:31:57 - [MESSAGE][PASSED] - Object: 'Object Repository/Sayfalar/Giris_Sayfasi/PopupCarpiGiris' is clicked on

2021-10-14 17:31:57 - [TEST_STEP][PASSED] - verifyElementVisible(findTestObject("Object Repository/Kullanici_Islemleri/KullaniciIslemleri")): Object 'Object Repository/Kullanici_Islemleri/KullaniciIslemleri' is visible

2021-10-14 17:31:57 - [MESSAGE][INFO] - Finding Test Object 'Object Repository/Kullanici_Islemleri/KullaniciIslemleri'

2021-10-14 17:31:57 - [MESSAGE][INFO] - Checking object

2021-10-14 17:31:57 - [MESSAGE][INFO] - Finding web element from Test Object's properties

2021-10-14 17:31:57 - [MESSAGE][INFO] - Checking timeout

2021-10-14 17:31:57 - [MESSAGE][INFO] - Finding web element with id: 'Object Repository/Kullanici_Islemleri/KullaniciIslemleri' located by 'By.cssSelector: .dropdown>a>img' in '30' second(s)

2021-10-14 17:31:57 - [MESSAGE][INFO] - Smart Wait Function is triggered

2021-10-14 17:31:57 - [MESSAGE][INFO] - Found 1 web elements with id: 'Object Repository/Kullanici_Islemleri/KullaniciIslemleri' located by 'By.cssSelector: .dropdown>a>img' in '30' second(s)

2021-10-14 17:31:57 - [MESSAGE][PASSED] - Object 'Object Repository/Kullanici_Islemleri/KullaniciIslemleri' is visible

2021-10-14 17:31:57 - [MESSAGE][PASSED] - Call Test Case 'Test Cases/Sayfalar/Giris_Sayfasi/Login' successfully

2021-10-14 17:31:57 - [MESSAGE][INFO] - Checking called Test Case

2021-10-14 17:31:57 - [MESSAGE][INFO] - Starting to call Test Case 'Test Cases/Menu/AnaMenuSecimi'

2021-10-14 17:31:58 - [TEST_CASE][PASSED] - Test Cases/Menu/AnaMenuSecimi: Test Cases/Menu/AnaMenuSecimi

2021-10-14 17:31:58 - [TEST_STEP][PASSED] - Method.TextDegerineEsitElementeTikla(findTestObject("Menu/Ana_Menu"), Ana_Menu): Method.TextDegerineEsitElementeTikla is PASSED

2021-10-14 17:31:58 - [MESSAGE][INFO] - Finding Test Object 'Object Repository/Menu/Ana_Menu'

2021-10-14 17:31:58 - [MESSAGE][INFO] - Checking timeout

2021-10-14 17:31:58 - [MESSAGE][INFO] - Finding web element with id: 'Object Repository/Menu/Ana_Menu' located by 'By.xpath: //*[@class = 'dropdown-toggle']' in '10' second(s)

2021-10-14 17:31:58 - [MESSAGE][INFO] - Smart Wait Function is triggered

2021-10-14 17:31:58 - [MESSAGE][INFO] - Found 14 web elements with id: 'Object Repository/Menu/Ana_Menu' located by 'By.xpath: //*[@class = 'dropdown-toggle']' in '10' second(s)

2021-10-14 17:31:58 - [MESSAGE][PASSED] - Method.TextDegerineEsitElementeTikla is PASSED

2021-10-14 17:31:58 - [MESSAGE][PASSED] - Call Test Case 'Test Cases/Menu/AnaMenuSecimi' successfully

2021-10-14 17:31:58 - [MESSAGE][INFO] - Checking called Test Case

2021-10-14 17:31:58 - [MESSAGE][INFO] - Starting to call Test Case 'Test Cases/Menu/BasligaGoreAltMenuSecimi'

2021-10-14 17:31:58 - [TEST_CASE][PASSED] - Test Cases/Menu/BasligaGoreAltMenuSecimi: Test Cases/Menu/BasligaGoreAltMenuSecimi

2021-10-14 17:31:58 - [TEST_STEP][PASSED] - Method.TextDegerineEsitElementinAltindakiTextDegerineEsitOlanaTikla(findTestObject("Menu/Menu_Basligi"), findTestObject("Menu/Basliga_Gore_Alt_Menu"), Baslik, Alt_Menu): Method.TextDegerineEsitElementinAltindakiTextDegerineEsitOlanaTikla is PASSED

2021-10-14 17:31:58 - [MESSAGE][INFO] - Finding Test Object 'Object Repository/Menu/Menu_Basligi'

2021-10-14 17:31:58 - [MESSAGE][INFO] - Finding Test Object 'Object Repository/Menu/Basliga_Gore_Alt_Menu'

2021-10-14 17:31:58 - [MESSAGE][INFO] - Checking timeout

2021-10-14 17:31:58 - [MESSAGE][INFO] - Finding web element with id: 'Object Repository/Menu/Menu_Basligi' located by 'By.xpath: //li[@class='dropdown dropdown-large open']//li[@class='dropdown-header']' in '10' second(s)

2021-10-14 17:31:58 - [MESSAGE][INFO] - Smart Wait Function is triggered

2021-10-14 17:31:59 - [MESSAGE][INFO] - Found 3 web elements with id: 'Object Repository/Menu/Menu_Basligi' located by 'By.xpath: //li[@class='dropdown dropdown-large open']//li[@class='dropdown-header']' in '10' second(s)

2021-10-14 17:31:59 - [MESSAGE][INFO] - Smart Wait Function is triggered

2021-10-14 17:32:02 - [MESSAGE][PASSED] - Method.TextDegerineEsitElementinAltindakiTextDegerineEsitOlanaTikla is PASSED

2021-10-14 17:32:02 - [MESSAGE][PASSED] - Call Test Case 'Test Cases/Menu/BasligaGoreAltMenuSecimi' successfully

2021-10-14 17:32:02 - [MESSAGE][INFO] - Checking called Test Case

2021-10-14 17:32:02 - [MESSAGE][INFO] - Starting to call Test Case 'Test Cases/Filtreler/BaslangicYaz'

2021-10-14 17:32:02 - [TEST_CASE][PASSED] - Test Cases/Filtreler/BaslangicYaz: Test Cases/Filtreler/BaslangicYaz

2021-10-14 17:32:03 - [TEST_STEP][PASSED] - Method.TextDegerineEsitElementinAltindakineTikla(findTestObject("Filtreler/Basliklar"), findTestObject("Filtreler/Basliga_Gore_Baslangic_Image"), Filtre_Adi): Method.TextDegerineEsitElementinAltindakineTikla is PASSED

2021-10-14 17:32:03 - [MESSAGE][INFO] - Finding Test Object 'Object Repository/Filtreler/Basliklar'

2021-10-14 17:32:03 - [MESSAGE][INFO] - Finding Test Object 'Object Repository/Filtreler/Basliga_Gore_Baslangic_Image'

2021-10-14 17:32:03 - [MESSAGE][INFO] - Checking timeout

2021-10-14 17:32:03 - [MESSAGE][INFO] - Finding web element with id: 'Object Repository/Filtreler/Basliklar' located by 'By.cssSelector: .control-label.col-sm-4.paddingMarginRLC' in '10' second(s)

2021-10-14 17:32:03 - [MESSAGE][INFO] - Smart Wait Function is triggered

2021-10-14 17:32:03 - [MESSAGE][INFO] - Found 18 web elements with id: 'Object Repository/Filtreler/Basliklar' located by 'By.cssSelector: .control-label.col-sm-4.paddingMarginRLC' in '10' second(s)

2021-10-14 17:32:03 - [MESSAGE][INFO] - Smart Wait Function is triggered

2021-10-14 17:32:03 - [MESSAGE][PASSED] - Method.TextDegerineEsitElementinAltindakineTikla is PASSED

2021-10-14 17:32:03 - [TEST_STEP][PASSED] - Method.TextDegerineEsitElementinAltindakiTextboxtaYaz(findTestObject("Filtreler/Basliklar"), findTestObject("Filtreler/Basliga_Gore_Baslangic"), Filtre_Adi, Filtre_Degeri): Method.TextDegerineEsitElementinAltindakiTextboxtaYaz is PASSED

2021-10-14 17:32:03 - [MESSAGE][INFO] - Finding Test Object 'Object Repository/Filtreler/Basliklar'

2021-10-14 17:32:04 - [MESSAGE][INFO] - Finding Test Object 'Object Repository/Filtreler/Basliga_Gore_Baslangic'

2021-10-14 17:32:04 - [MESSAGE][INFO] - Checking timeout

2021-10-14 17:32:04 - [MESSAGE][INFO] - Finding web element with id: 'Object Repository/Filtreler/Basliklar' located by 'By.cssSelector: .control-label.col-sm-4.paddingMarginRLC' in '10' second(s)

2021-10-14 17:32:04 - [MESSAGE][INFO] - Smart Wait Function is triggered

2021-10-14 17:32:04 - [MESSAGE][INFO] - Found 18 web elements with id: 'Object Repository/Filtreler/Basliklar' located by 'By.cssSelector: .control-label.col-sm-4.paddingMarginRLC' in '10' second(s)

2021-10-14 17:32:04 - [MESSAGE][INFO] - Smart Wait Function is triggered

2021-10-14 17:32:05 - [MESSAGE][PASSED] - Method.TextDegerineEsitElementinAltindakiTextboxtaYaz is PASSED

2021-10-14 17:32:05 - [MESSAGE][PASSED] - Call Test Case 'Test Cases/Filtreler/BaslangicYaz' successfully

2021-10-14 17:32:05 - [MESSAGE][INFO] - Checking called Test Case

2021-10-14 17:32:05 - [MESSAGE][INFO] - Starting to call Test Case 'Test Cases/Filtreler/BitisYaz'

2021-10-14 17:32:05 - [TEST_CASE][PASSED] - Test Cases/Filtreler/BitisYaz: Test Cases/Filtreler/BitisYaz

2021-10-14 17:32:05 - [TEST_STEP][PASSED] - Method.TextDegerineEsitElementinAltindakineTikla(findTestObject("Filtreler/Basliklar"), findTestObject("Filtreler/Basliga_Gore_Bitis_Image"), Filtre_Adi): Method.TextDegerineEsitElementinAltindakineTikla is PASSED

2021-10-14 17:32:05 - [MESSAGE][INFO] - Finding Test Object 'Object Repository/Filtreler/Basliklar'

2021-10-14 17:32:05 - [MESSAGE][INFO] - Finding Test Object 'Object Repository/Filtreler/Basliga_Gore_Bitis_Image'

2021-10-14 17:32:05 - [MESSAGE][INFO] - Checking timeout

2021-10-14 17:32:05 - [MESSAGE][INFO] - Finding web element with id: 'Object Repository/Filtreler/Basliklar' located by 'By.cssSelector: .control-label.col-sm-4.paddingMarginRLC' in '10' second(s)

2021-10-14 17:32:05 - [MESSAGE][INFO] - Smart Wait Function is triggered

2021-10-14 17:32:05 - [MESSAGE][INFO] - Found 18 web elements with id: 'Object Repository/Filtreler/Basliklar' located by 'By.cssSelector: .control-label.col-sm-4.paddingMarginRLC' in '10' second(s)

2021-10-14 17:32:05 - [MESSAGE][INFO] - Smart Wait Function is triggered

2021-10-14 17:32:06 - [MESSAGE][PASSED] - Method.TextDegerineEsitElementinAltindakineTikla is PASSED

2021-10-14 17:32:06 - [TEST_STEP][PASSED] - Method.TextDegerineEsitElementinAltindakiTextboxtaYaz(findTestObject("Filtreler/Basliklar"), findTestObject("Object Repository/Filtreler/Basliga_Gore_Bitis"), Filtre_Adi, Filtre_Degeri): Method.TextDegerineEsitElementinAltindakiTextboxtaYaz is PASSED

2021-10-14 17:32:06 - [MESSAGE][INFO] - Finding Test Object 'Object Repository/Filtreler/Basliklar'

2021-10-14 17:32:06 - [MESSAGE][INFO] - Finding Test Object 'Object Repository/Filtreler/Basliga_Gore_Bitis'

2021-10-14 17:32:06 - [MESSAGE][INFO] - Checking timeout

2021-10-14 17:32:06 - [MESSAGE][INFO] - Finding web element with id: 'Object Repository/Filtreler/Basliklar' located by 'By.cssSelector: .control-label.col-sm-4.paddingMarginRLC' in '10' second(s)

2021-10-14 17:32:06 - [MESSAGE][INFO] - Smart Wait Function is triggered

2021-10-14 17:32:06 - [MESSAGE][INFO] - Found 18 web elements with id: 'Object Repository/Filtreler/Basliklar' located by 'By.cssSelector: .control-label.col-sm-4.paddingMarginRLC' in '10' second(s)

2021-10-14 17:32:06 - [MESSAGE][INFO] - Smart Wait Function is triggered

2021-10-14 17:32:07 - [MESSAGE][PASSED] - Method.TextDegerineEsitElementinAltindakiTextboxtaYaz is PASSED

2021-10-14 17:32:07 - [MESSAGE][PASSED] - Call Test Case 'Test Cases/Filtreler/BitisYaz' successfully

2021-10-14 17:32:07 - [MESSAGE][INFO] - Checking called Test Case

2021-10-14 17:32:07 - [MESSAGE][INFO] - Starting to call Test Case 'Test Cases/Filtreler/TexboxaYaz'

2021-10-14 17:32:07 - [TEST_CASE][PASSED] - Test Cases/Filtreler/TexboxaYaz: Test Cases/Filtreler/TexboxaYaz

2021-10-14 17:32:07 - [TEST_STEP][PASSED] - Method.TextDegerineEsitElementinAltindakiTextboxtaYaz(findTestObject("Filtreler/Basliklar"), findTestObject("Filtreler/Basliga_Gore_Textbox"), Filtre_Adi, Filtre_Degeri): Method.TextDegerineEsitElementinAltindakiTextboxtaYaz is PASSED

2021-10-14 17:32:07 - [MESSAGE][INFO] - Finding Test Object 'Object Repository/Filtreler/Basliklar'

2021-10-14 17:32:07 - [MESSAGE][INFO] - Finding Test Object 'Object Repository/Filtreler/Basliga_Gore_Textbox'

2021-10-14 17:32:07 - [MESSAGE][INFO] - Checking timeout

2021-10-14 17:32:07 - [MESSAGE][INFO] - Finding web element with id: 'Object Repository/Filtreler/Basliklar' located by 'By.cssSelector: .control-label.col-sm-4.paddingMarginRLC' in '10' second(s)

2021-10-14 17:32:07 - [MESSAGE][INFO] - Smart Wait Function is triggered

2021-10-14 17:32:07 - [MESSAGE][INFO] - Found 18 web elements with id: 'Object Repository/Filtreler/Basliklar' located by 'By.cssSelector: .control-label.col-sm-4.paddingMarginRLC' in '10' second(s)

2021-10-14 17:32:07 - [MESSAGE][INFO] - Smart Wait Function is triggered

2021-10-14 17:32:08 - [MESSAGE][PASSED] - Method.TextDegerineEsitElementinAltindakiTextboxtaYaz is PASSED

2021-10-14 17:32:08 - [MESSAGE][PASSED] - Call Test Case 'Test Cases/Filtreler/TexboxaYaz' successfully

2021-10-14 17:32:08 - [MESSAGE][INFO] - Checking called Test Case

2021-10-14 17:32:08 - [MESSAGE][INFO] - Starting to call Test Case 'Test Cases/Filtreler/ButonaTikla'

2021-10-14 17:32:08 - [TEST_CASE][PASSED] - Test Cases/Filtreler/ButonaTikla: Test Cases/Filtreler/ButonaTikla

2021-10-14 17:32:08 - [TEST_STEP][PASSED] - Method.TextDegerineEsitElementeTikla(findTestObject("Filtreler/Butonlar"), Filtre_Buton): Method.TextDegerineEsitElementeTikla is PASSED

2021-10-14 17:32:08 - [MESSAGE][INFO] - Finding Test Object 'Object Repository/Filtreler/Butonlar'

2021-10-14 17:32:08 - [MESSAGE][INFO] - Checking timeout

2021-10-14 17:32:08 - [MESSAGE][INFO] - Finding web element with id: 'Object Repository/Filtreler/Butonlar' located by 'By.cssSelector: .dxb>span' in '10' second(s)

2021-10-14 17:32:08 - [MESSAGE][INFO] - Smart Wait Function is triggered

2021-10-14 17:32:08 - [MESSAGE][INFO] - Found 3 web elements with id: 'Object Repository/Filtreler/Butonlar' located by 'By.cssSelector: .dxb>span' in '10' second(s)

2021-10-14 17:32:09 - [MESSAGE][PASSED] - Method.TextDegerineEsitElementeTikla is PASSED

2021-10-14 17:32:09 - [MESSAGE][PASSED] - Call Test Case 'Test Cases/Filtreler/ButonaTikla' successfully

2021-10-14 17:32:09 - [MESSAGE][INFO] - Checking called Test Case

2021-10-14 17:32:09 - [MESSAGE][INFO] - Starting to call Test Case 'Test Cases/Tablo/TablodaVeriVarMi'

2021-10-14 17:32:09 - [TEST_CASE][PASSED] - Test Cases/Tablo/TablodaVeriVarMi: Test Cases/Tablo/TablodaVeriVarMi

2021-10-14 17:32:09 - [TEST_STEP][PASSED] - verifyTextNotPresent("Görüntülenecek veri yok", true): Text 'Görüntülenecek veri yok' is not present on page using regular expression

2021-10-14 17:32:09 - [MESSAGE][INFO] - Checking text present  using regular expression

2021-10-14 17:32:09 - [MESSAGE][INFO] - Smart Wait Function is triggered

2021-10-14 17:32:10 - [MESSAGE][INFO] - Finding text 'Görüntülenecek veri yok' on page  using regular expression

2021-10-14 17:32:10 - [MESSAGE][PASSED] - Text 'Görüntülenecek veri yok' is not present on page using regular expression

2021-10-14 17:32:10 - [MESSAGE][PASSED] - Call Test Case 'Test Cases/Tablo/TablodaVeriVarMi' successfully

2021-10-14 17:32:10 - [MESSAGE][INFO] - Checking called Test Case

2021-10-14 17:32:10 - [MESSAGE][INFO] - Starting to call Test Case 'Test Cases/Tablo/TablodanVeriSec'

2021-10-14 17:32:10 - [TEST_CASE][PASSED] - Test Cases/Tablo/TablodanVeriSec: Test Cases/Tablo/TablodanVeriSec

2021-10-14 17:32:10 - [TEST_STEP][PASSED] - Method.TextDegerineEsitElementinAltindakineTikla(findTestObject("Tablo/Veriler"), findTestObject("Tablo/VerininCheckBoxi"), Veri_Adi): Method.TextDegerineEsitElementinAltindakineTikla is PASSED

2021-10-14 17:32:10 - [MESSAGE][INFO] - Finding Test Object 'Object Repository/Tablo/Veriler'

2021-10-14 17:32:10 - [MESSAGE][INFO] - Finding Test Object 'Object Repository/Tablo/VerininCheckBoxi'

2021-10-14 17:32:10 - [MESSAGE][INFO] - Checking timeout

2021-10-14 17:32:10 - [MESSAGE][INFO] - Finding web element with id: 'Object Repository/Tablo/Veriler' located by 'By.cssSelector: td.dxgv b ,td.dxgv' in '10' second(s)

2021-10-14 17:32:10 - [MESSAGE][INFO] - Smart Wait Function is triggered

2021-10-14 17:32:10 - [MESSAGE][INFO] - Found 60 web elements with id: 'Object Repository/Tablo/Veriler' located by 'By.cssSelector: td.dxgv b ,td.dxgv' in '10' second(s)

2021-10-14 17:32:10 - [MESSAGE][INFO] - Smart Wait Function is triggered

2021-10-14 17:32:11 - [MESSAGE][PASSED] - Method.TextDegerineEsitElementinAltindakineTikla is PASSED

2021-10-14 17:32:11 - [MESSAGE][PASSED] - Call Test Case 'Test Cases/Tablo/TablodanVeriSec' successfully

2021-10-14 17:32:11 - [MESSAGE][INFO] - Checking called Test Case

2021-10-14 17:32:11 - [MESSAGE][INFO] - Starting to call Test Case 'Test Cases/Butonlar/ButonaTikla'

2021-10-14 17:32:11 - [TEST_CASE][PASSED] - Test Cases/Butonlar/ButonaTikla: Test Cases/Butonlar/ButonaTikla

2021-10-14 17:32:11 - [TEST_STEP][PASSED] - Method.TextDegerineEsitElementeTiklaEquals(findTestObject("Butonlar/Butonlar"), Buton_Adi): Method.TextDegerineEsitElementeTiklaEquals is PASSED

2021-10-14 17:32:11 - [MESSAGE][INFO] - Finding Test Object 'Object Repository/Butonlar/Butonlar'

2021-10-14 17:32:11 - [MESSAGE][INFO] - Checking timeout

2021-10-14 17:32:11 - [MESSAGE][INFO] - Finding web element with id: 'Object Repository/Butonlar/Butonlar' located by 'By.cssSelector: .panel.panel-default.text-center.footerPanel .btn,.btn.btn-primary.btnControls' in '10' second(s)

2021-10-14 17:32:11 - [MESSAGE][INFO] - Smart Wait Function is triggered

2021-10-14 17:32:11 - [MESSAGE][INFO] - Found 12 web elements with id: 'Object Repository/Butonlar/Butonlar' located by 'By.cssSelector: .panel.panel-default.text-center.footerPanel .btn,.btn.btn-primary.btnControls' in '10' second(s)

2021-10-14 17:32:11 - [MESSAGE][PASSED] - Method.TextDegerineEsitElementeTiklaEquals is PASSED

2021-10-14 17:32:11 - [MESSAGE][PASSED] - Call Test Case 'Test Cases/Butonlar/ButonaTikla' successfully

2021-10-14 17:32:12 - [MESSAGE][INFO] - Checking called Test Case

2021-10-14 17:32:12 - [MESSAGE][INFO] - Starting to call Test Case 'Test Cases/Butonlar/AltButonaTikla'

2021-10-14 17:32:12 - [TEST_CASE][PASSED] - Test Cases/Butonlar/AltButonaTikla: Test Cases/Butonlar/AltButonaTikla

2021-10-14 17:32:12 - [TEST_STEP][PASSED] - Method.TextDegerineEsitElementeTikla(findTestObject("Butonlar/AltButonlar"), Alt_Buton): Method.TextDegerineEsitElementeTikla is PASSED

2021-10-14 17:32:12 - [MESSAGE][INFO] - Finding Test Object 'Object Repository/Butonlar/AltButonlar'

2021-10-14 17:32:12 - [MESSAGE][INFO] - Checking timeout

2021-10-14 17:32:12 - [MESSAGE][INFO] - Finding web element with id: 'Object Repository/Butonlar/AltButonlar' located by 'By.cssSelector: .btn-group.open li>a' in '10' second(s)

2021-10-14 17:32:12 - [MESSAGE][INFO] - Smart Wait Function is triggered

2021-10-14 17:32:12 - [MESSAGE][INFO] - Found 4 web elements with id: 'Object Repository/Butonlar/AltButonlar' located by 'By.cssSelector: .btn-group.open li>a' in '10' second(s)

2021-10-14 17:32:12 - [MESSAGE][PASSED] - Method.TextDegerineEsitElementeTikla is PASSED

2021-10-14 17:32:12 - [MESSAGE][PASSED] - Call Test Case 'Test Cases/Butonlar/AltButonaTikla' successfully

2021-10-14 17:32:12 - [MESSAGE][INFO] - Checking called Test Case

2021-10-14 17:32:12 - [MESSAGE][INFO] - Starting to call Test Case 'Test Cases/Popup/PopupMesajiIceriyorMu'

2021-10-14 17:32:12 - [TEST_CASE][PASSED] - Test Cases/Popup/PopupMesajiIceriyorMu: Test Cases/Popup/PopupMesajiIceriyorMu

2021-10-14 17:32:12 - [TEST_STEP][PASSED] - waitForElementVisible(findTestObject("Popup/Popup"), 10): Object 'Object Repository/Popup/Popup' is visible

2021-10-14 17:32:12 - [MESSAGE][INFO] - Finding Test Object 'Object Repository/Popup/Popup'

2021-10-14 17:32:12 - [MESSAGE][INFO] - Checking object

2021-10-14 17:32:12 - [MESSAGE][INFO] - Checking timeout

2021-10-14 17:32:12 - [MESSAGE][INFO] - Finding web element from Test Object's properties

2021-10-14 17:32:12 - [MESSAGE][INFO] - Checking timeout

2021-10-14 17:32:12 - [MESSAGE][INFO] - Finding web element with id: 'Object Repository/Popup/Popup' located by 'By.cssSelector: .bootbox-body' in '10' second(s)

2021-10-14 17:32:12 - [MESSAGE][INFO] - Smart Wait Function is triggered

2021-10-14 17:32:13 - [MESSAGE][INFO] - Found 1 web elements with id: 'Object Repository/Popup/Popup' located by 'By.cssSelector: .bootbox-body' in '10' second(s)

2021-10-14 17:32:13 - [MESSAGE][PASSED] - Object 'Object Repository/Popup/Popup' is visible

2021-10-14 17:32:13 - [TEST_STEP][PASSED] - if (!(getText(findTestObject("Popup/Popup")).contains(Mesaj))): Text of object 'Object Repository/Popup/Popup' is: 'Lütfen rapor bildiriminin gönderileceği e-posta adresini belirtiniz.
e-Posta Adresi'

2021-10-14 17:32:13 - [MESSAGE][INFO] - Finding Test Object 'Object Repository/Popup/Popup'

2021-10-14 17:32:13 - [MESSAGE][INFO] - Checking object

2021-10-14 17:32:13 - [MESSAGE][INFO] - Finding web element from Test Object's properties

2021-10-14 17:32:13 - [MESSAGE][INFO] - Checking timeout

2021-10-14 17:32:13 - [MESSAGE][INFO] - Finding web element with id: 'Object Repository/Popup/Popup' located by 'By.cssSelector: .bootbox-body' in '30' second(s)

2021-10-14 17:32:13 - [MESSAGE][INFO] - Smart Wait Function is triggered

2021-10-14 17:32:14 - [MESSAGE][INFO] - Found 1 web elements with id: 'Object Repository/Popup/Popup' located by 'By.cssSelector: .bootbox-body' in '30' second(s)

2021-10-14 17:32:14 - [MESSAGE][INFO] - Getting text of object 'Object Repository/Popup/Popup'

2021-10-14 17:32:14 - [MESSAGE][PASSED] - Text of object 'Object Repository/Popup/Popup' is: 'Lütfen rapor bildiriminin gönderileceği e-posta adresini belirtiniz.
e-Posta Adresi'

2021-10-14 17:32:14 - [TEST_STEP][PASSED] - RaporNo = getText(findTestObject("Popup/Popup")).substring(0, 6): Text of object 'Object Repository/Popup/Popup' is: 'Lütfen rapor bildiriminin gönderileceği e-posta adresini belirtiniz.
e-Posta Adresi'

2021-10-14 17:32:14 - [MESSAGE][INFO] - Finding Test Object 'Object Repository/Popup/Popup'

2021-10-14 17:32:14 - [MESSAGE][INFO] - Checking object

2021-10-14 17:32:14 - [MESSAGE][INFO] - Finding web element from Test Object's properties

2021-10-14 17:32:14 - [MESSAGE][INFO] - Checking timeout

2021-10-14 17:32:14 - [MESSAGE][INFO] - Finding web element with id: 'Object Repository/Popup/Popup' located by 'By.cssSelector: .bootbox-body' in '30' second(s)

2021-10-14 17:32:14 - [MESSAGE][INFO] - Smart Wait Function is triggered

2021-10-14 17:32:14 - [MESSAGE][INFO] - Found 1 web elements with id: 'Object Repository/Popup/Popup' located by 'By.cssSelector: .bootbox-body' in '30' second(s)

2021-10-14 17:32:14 - [MESSAGE][INFO] - Getting text of object 'Object Repository/Popup/Popup'

2021-10-14 17:32:14 - [MESSAGE][PASSED] - Text of object 'Object Repository/Popup/Popup' is: 'Lütfen rapor bildiriminin gönderileceği e-posta adresini belirtiniz.
e-Posta Adresi'

2021-10-14 17:32:14 - [TEST_STEP][PASSED] - Console.println(RaporNo): null

2021-10-14 17:32:14 - [MESSAGE][PASSED] - Call Test Case 'Test Cases/Popup/PopupMesajiIceriyorMu' successfully

2021-10-14 17:32:14 - [MESSAGE][INFO] - Checking called Test Case

2021-10-14 17:32:14 - [MESSAGE][INFO] - Starting to call Test Case 'Test Cases/Popup/PopupButonSecilir'

2021-10-14 17:32:14 - [TEST_CASE][PASSED] - Test Cases/Popup/PopupButonSecilir: Test Cases/Popup/PopupButonSecilir

2021-10-14 17:32:14 - [TEST_STEP][PASSED] - Method.TextDegerineEsitElementeTikla(findTestObject("Popup/Popup_Butons"), Buton): Method.TextDegerineEsitElementeTikla is PASSED

2021-10-14 17:32:14 - [MESSAGE][INFO] - Finding Test Object 'Object Repository/Popup/Popup_Butons'

2021-10-14 17:32:14 - [MESSAGE][INFO] - Checking timeout

2021-10-14 17:32:14 - [MESSAGE][INFO] - Finding web element with id: 'Object Repository/Popup/Popup_Butons' located by 'By.cssSelector: .modal-footer>button' in '10' second(s)

2021-10-14 17:32:14 - [MESSAGE][INFO] - Smart Wait Function is triggered

2021-10-14 17:32:15 - [MESSAGE][INFO] - Found 2 web elements with id: 'Object Repository/Popup/Popup_Butons' located by 'By.cssSelector: .modal-footer>button' in '10' second(s)

2021-10-14 17:32:15 - [MESSAGE][PASSED] - Method.TextDegerineEsitElementeTikla is PASSED

2021-10-14 17:32:15 - [MESSAGE][PASSED] - Call Test Case 'Test Cases/Popup/PopupButonSecilir' successfully

2021-10-14 17:32:15 - [MESSAGE][INFO] - Checking called Test Case

2021-10-14 17:32:15 - [MESSAGE][INFO] - Starting to call Test Case 'Test Cases/Popup/PopupMesajiIceriyorMu'

2021-10-14 17:32:15 - [TEST_CASE][PASSED] - Test Cases/Popup/PopupMesajiIceriyorMu: Test Cases/Popup/PopupMesajiIceriyorMu

2021-10-14 17:32:15 - [TEST_STEP][PASSED] - waitForElementVisible(findTestObject("Popup/Popup"), 10): Object 'Object Repository/Popup/Popup' is visible

2021-10-14 17:32:15 - [MESSAGE][INFO] - Finding Test Object 'Object Repository/Popup/Popup'

2021-10-14 17:32:15 - [MESSAGE][INFO] - Checking object

2021-10-14 17:32:15 - [MESSAGE][INFO] - Checking timeout

2021-10-14 17:32:15 - [MESSAGE][INFO] - Finding web element from Test Object's properties

2021-10-14 17:32:15 - [MESSAGE][INFO] - Checking timeout

2021-10-14 17:32:15 - [MESSAGE][INFO] - Finding web element with id: 'Object Repository/Popup/Popup' located by 'By.cssSelector: .bootbox-body' in '10' second(s)

2021-10-14 17:32:15 - [MESSAGE][INFO] - Smart Wait Function is triggered

2021-10-14 17:32:15 - [MESSAGE][INFO] - Found 1 web elements with id: 'Object Repository/Popup/Popup' located by 'By.cssSelector: .bootbox-body' in '10' second(s)

2021-10-14 17:32:15 - [MESSAGE][PASSED] - Object 'Object Repository/Popup/Popup' is visible

2021-10-14 17:32:15 - [TEST_STEP][PASSED] - if (!(getText(findTestObject("Popup/Popup")).contains(Mesaj))): Text of object 'Object Repository/Popup/Popup' is: '14605 no’lu talebiniz işleme alınmıştır. Raporunuz hazırlandığında (elogotest@gmail.com) adresinize mail gönderilecektir.
Rapor durumunuzu Raporlar > Toplu Veri İndirme ekranından takip edebilir, hazırlandı durumundaki raporlarınızı ilgili menüden indirebilirsiniz.'

2021-10-14 17:32:15 - [MESSAGE][INFO] - Finding Test Object 'Object Repository/Popup/Popup'

2021-10-14 17:32:16 - [MESSAGE][INFO] - Checking object

2021-10-14 17:32:16 - [MESSAGE][INFO] - Finding web element from Test Object's properties

2021-10-14 17:32:16 - [MESSAGE][INFO] - Checking timeout

2021-10-14 17:32:16 - [MESSAGE][INFO] - Finding web element with id: 'Object Repository/Popup/Popup' located by 'By.cssSelector: .bootbox-body' in '30' second(s)

2021-10-14 17:32:16 - [MESSAGE][INFO] - Smart Wait Function is triggered

2021-10-14 17:32:16 - [MESSAGE][INFO] - Found 1 web elements with id: 'Object Repository/Popup/Popup' located by 'By.cssSelector: .bootbox-body' in '30' second(s)

2021-10-14 17:32:16 - [MESSAGE][INFO] - Getting text of object 'Object Repository/Popup/Popup'

2021-10-14 17:32:16 - [MESSAGE][PASSED] - Text of object 'Object Repository/Popup/Popup' is: '14605 no’lu talebiniz işleme alınmıştır. Raporunuz hazırlandığında (elogotest@gmail.com) adresinize mail gönderilecektir.
Rapor durumunuzu Raporlar > Toplu Veri İndirme ekranından takip edebilir, hazırlandı durumundaki raporlarınızı ilgili menüden indirebilirsiniz.'

2021-10-14 17:32:16 - [TEST_STEP][PASSED] - RaporNo = getText(findTestObject("Popup/Popup")).substring(0, 6): Text of object 'Object Repository/Popup/Popup' is: '14605 no’lu talebiniz işleme alınmıştır. Raporunuz hazırlandığında (elogotest@gmail.com) adresinize mail gönderilecektir.
Rapor durumunuzu Raporlar > Toplu Veri İndirme ekranından takip edebilir, hazırlandı durumundaki raporlarınızı ilgili menüden indirebilirsiniz.'

2021-10-14 17:32:16 - [MESSAGE][INFO] - Finding Test Object 'Object Repository/Popup/Popup'

2021-10-14 17:32:16 - [MESSAGE][INFO] - Checking object

2021-10-14 17:32:16 - [MESSAGE][INFO] - Finding web element from Test Object's properties

2021-10-14 17:32:16 - [MESSAGE][INFO] - Checking timeout

2021-10-14 17:32:16 - [MESSAGE][INFO] - Finding web element with id: 'Object Repository/Popup/Popup' located by 'By.cssSelector: .bootbox-body' in '30' second(s)

2021-10-14 17:32:16 - [MESSAGE][INFO] - Smart Wait Function is triggered

2021-10-14 17:32:16 - [MESSAGE][INFO] - Found 1 web elements with id: 'Object Repository/Popup/Popup' located by 'By.cssSelector: .bootbox-body' in '30' second(s)

2021-10-14 17:32:16 - [MESSAGE][INFO] - Getting text of object 'Object Repository/Popup/Popup'

2021-10-14 17:32:16 - [MESSAGE][PASSED] - Text of object 'Object Repository/Popup/Popup' is: '14605 no’lu talebiniz işleme alınmıştır. Raporunuz hazırlandığında (elogotest@gmail.com) adresinize mail gönderilecektir.
Rapor durumunuzu Raporlar > Toplu Veri İndirme ekranından takip edebilir, hazırlandı durumundaki raporlarınızı ilgili menüden indirebilirsiniz.'

2021-10-14 17:32:16 - [TEST_STEP][PASSED] - Console.println(RaporNo): null

2021-10-14 17:32:16 - [MESSAGE][PASSED] - Call Test Case 'Test Cases/Popup/PopupMesajiIceriyorMu' successfully

2021-10-14 17:32:16 - [MESSAGE][INFO] - Checking called Test Case

2021-10-14 17:32:16 - [MESSAGE][INFO] - Starting to call Test Case 'Test Cases/Popup/PopupButonSecilir'

2021-10-14 17:32:16 - [TEST_CASE][PASSED] - Test Cases/Popup/PopupButonSecilir: Test Cases/Popup/PopupButonSecilir

2021-10-14 17:32:16 - [TEST_STEP][PASSED] - Method.TextDegerineEsitElementeTikla(findTestObject("Popup/Popup_Butons"), Buton): Method.TextDegerineEsitElementeTikla is PASSED

2021-10-14 17:32:16 - [MESSAGE][INFO] - Finding Test Object 'Object Repository/Popup/Popup_Butons'

2021-10-14 17:32:17 - [MESSAGE][INFO] - Checking timeout

2021-10-14 17:32:17 - [MESSAGE][INFO] - Finding web element with id: 'Object Repository/Popup/Popup_Butons' located by 'By.cssSelector: .modal-footer>button' in '10' second(s)

2021-10-14 17:32:17 - [MESSAGE][INFO] - Smart Wait Function is triggered

2021-10-14 17:32:17 - [MESSAGE][INFO] - Found 1 web elements with id: 'Object Repository/Popup/Popup_Butons' located by 'By.cssSelector: .modal-footer>button' in '10' second(s)

2021-10-14 17:32:17 - [MESSAGE][PASSED] - Method.TextDegerineEsitElementeTikla is PASSED

2021-10-14 17:32:17 - [MESSAGE][PASSED] - Call Test Case 'Test Cases/Popup/PopupButonSecilir' successfully

2021-10-14 17:32:17 - [MESSAGE][INFO] - Checking called Test Case

2021-10-14 17:32:17 - [MESSAGE][INFO] - Starting to call Test Case 'Test Cases/Butonlar/ButonaTikla'

2021-10-14 17:32:17 - [TEST_CASE][PASSED] - Test Cases/Butonlar/ButonaTikla: Test Cases/Butonlar/ButonaTikla

2021-10-14 17:32:17 - [TEST_STEP][PASSED] - Method.TextDegerineEsitElementeTiklaEquals(findTestObject("Butonlar/Butonlar"), Buton_Adi): Method.TextDegerineEsitElementeTiklaEquals is PASSED

2021-10-14 17:32:17 - [MESSAGE][INFO] - Finding Test Object 'Object Repository/Butonlar/Butonlar'

2021-10-14 17:32:17 - [MESSAGE][INFO] - Checking timeout

2021-10-14 17:32:17 - [MESSAGE][INFO] - Finding web element with id: 'Object Repository/Butonlar/Butonlar' located by 'By.cssSelector: .panel.panel-default.text-center.footerPanel .btn,.btn.btn-primary.btnControls' in '10' second(s)

2021-10-14 17:32:17 - [MESSAGE][INFO] - Smart Wait Function is triggered

2021-10-14 17:32:18 - [MESSAGE][INFO] - Found 12 web elements with id: 'Object Repository/Butonlar/Butonlar' located by 'By.cssSelector: .panel.panel-default.text-center.footerPanel .btn,.btn.btn-primary.btnControls' in '10' second(s)

2021-10-14 17:32:18 - [MESSAGE][PASSED] - Method.TextDegerineEsitElementeTiklaEquals is PASSED

2021-10-14 17:32:18 - [MESSAGE][PASSED] - Call Test Case 'Test Cases/Butonlar/ButonaTikla' successfully

2021-10-14 17:32:18 - [MESSAGE][INFO] - Checking called Test Case

2021-10-14 17:32:18 - [MESSAGE][INFO] - Starting to call Test Case 'Test Cases/Butonlar/AltButonaTikla'

2021-10-14 17:32:18 - [TEST_CASE][PASSED] - Test Cases/Butonlar/AltButonaTikla: Test Cases/Butonlar/AltButonaTikla

2021-10-14 17:32:18 - [TEST_STEP][PASSED] - Method.TextDegerineEsitElementeTikla(findTestObject("Butonlar/AltButonlar"), Alt_Buton): Method.TextDegerineEsitElementeTikla is PASSED

2021-10-14 17:32:18 - [MESSAGE][INFO] - Finding Test Object 'Object Repository/Butonlar/AltButonlar'

2021-10-14 17:32:18 - [MESSAGE][INFO] - Checking timeout

2021-10-14 17:32:18 - [MESSAGE][INFO] - Finding web element with id: 'Object Repository/Butonlar/AltButonlar' located by 'By.cssSelector: .btn-group.open li>a' in '10' second(s)

2021-10-14 17:32:18 - [MESSAGE][INFO] - Smart Wait Function is triggered

2021-10-14 17:32:18 - [MESSAGE][INFO] - Found 4 web elements with id: 'Object Repository/Butonlar/AltButonlar' located by 'By.cssSelector: .btn-group.open li>a' in '10' second(s)

2021-10-14 17:32:19 - [MESSAGE][PASSED] - Method.TextDegerineEsitElementeTikla is PASSED

2021-10-14 17:32:19 - [MESSAGE][PASSED] - Call Test Case 'Test Cases/Butonlar/AltButonaTikla' successfully

2021-10-14 17:32:19 - [MESSAGE][INFO] - Checking called Test Case

2021-10-14 17:32:19 - [MESSAGE][INFO] - Starting to call Test Case 'Test Cases/Popup/PopupMesajiIceriyorMu'

2021-10-14 17:32:19 - [TEST_CASE][PASSED] - Test Cases/Popup/PopupMesajiIceriyorMu: Test Cases/Popup/PopupMesajiIceriyorMu

2021-10-14 17:32:19 - [TEST_STEP][PASSED] - waitForElementVisible(findTestObject("Popup/Popup"), 10): Object 'Object Repository/Popup/Popup' is visible

2021-10-14 17:32:19 - [MESSAGE][INFO] - Finding Test Object 'Object Repository/Popup/Popup'

2021-10-14 17:32:19 - [MESSAGE][INFO] - Checking object

2021-10-14 17:32:19 - [MESSAGE][INFO] - Checking timeout

2021-10-14 17:32:19 - [MESSAGE][INFO] - Finding web element from Test Object's properties

2021-10-14 17:32:19 - [MESSAGE][INFO] - Checking timeout

2021-10-14 17:32:19 - [MESSAGE][INFO] - Finding web element with id: 'Object Repository/Popup/Popup' located by 'By.cssSelector: .bootbox-body' in '10' second(s)

2021-10-14 17:32:19 - [MESSAGE][INFO] - Smart Wait Function is triggered

2021-10-14 17:32:19 - [MESSAGE][INFO] - Found 1 web elements with id: 'Object Repository/Popup/Popup' located by 'By.cssSelector: .bootbox-body' in '10' second(s)

2021-10-14 17:32:19 - [MESSAGE][PASSED] - Object 'Object Repository/Popup/Popup' is visible

2021-10-14 17:32:19 - [TEST_STEP][PASSED] - if (!(getText(findTestObject("Popup/Popup")).contains(Mesaj))): Text of object 'Object Repository/Popup/Popup' is: 'Lütfen rapor bildiriminin gönderileceği e-posta adresini belirtiniz.
e-Posta Adresi'

2021-10-14 17:32:19 - [MESSAGE][INFO] - Finding Test Object 'Object Repository/Popup/Popup'

2021-10-14 17:32:19 - [MESSAGE][INFO] - Checking object

2021-10-14 17:32:19 - [MESSAGE][INFO] - Finding web element from Test Object's properties

2021-10-14 17:32:19 - [MESSAGE][INFO] - Checking timeout

2021-10-14 17:32:19 - [MESSAGE][INFO] - Finding web element with id: 'Object Repository/Popup/Popup' located by 'By.cssSelector: .bootbox-body' in '30' second(s)

2021-10-14 17:32:19 - [MESSAGE][INFO] - Smart Wait Function is triggered

2021-10-14 17:32:20 - [MESSAGE][INFO] - Found 1 web elements with id: 'Object Repository/Popup/Popup' located by 'By.cssSelector: .bootbox-body' in '30' second(s)

2021-10-14 17:32:20 - [MESSAGE][INFO] - Getting text of object 'Object Repository/Popup/Popup'

2021-10-14 17:32:20 - [MESSAGE][PASSED] - Text of object 'Object Repository/Popup/Popup' is: 'Lütfen rapor bildiriminin gönderileceği e-posta adresini belirtiniz.
e-Posta Adresi'

2021-10-14 17:32:20 - [TEST_STEP][PASSED] - RaporNo = getText(findTestObject("Popup/Popup")).substring(0, 6): Text of object 'Object Repository/Popup/Popup' is: 'Lütfen rapor bildiriminin gönderileceği e-posta adresini belirtiniz.
e-Posta Adresi'

2021-10-14 17:32:20 - [MESSAGE][INFO] - Finding Test Object 'Object Repository/Popup/Popup'

2021-10-14 17:32:20 - [MESSAGE][INFO] - Checking object

2021-10-14 17:32:20 - [MESSAGE][INFO] - Finding web element from Test Object's properties

2021-10-14 17:32:20 - [MESSAGE][INFO] - Checking timeout

2021-10-14 17:32:20 - [MESSAGE][INFO] - Finding web element with id: 'Object Repository/Popup/Popup' located by 'By.cssSelector: .bootbox-body' in '30' second(s)

2021-10-14 17:32:20 - [MESSAGE][INFO] - Smart Wait Function is triggered

2021-10-14 17:32:20 - [MESSAGE][INFO] - Found 1 web elements with id: 'Object Repository/Popup/Popup' located by 'By.cssSelector: .bootbox-body' in '30' second(s)

2021-10-14 17:32:20 - [MESSAGE][INFO] - Getting text of object 'Object Repository/Popup/Popup'

2021-10-14 17:32:20 - [MESSAGE][PASSED] - Text of object 'Object Repository/Popup/Popup' is: 'Lütfen rapor bildiriminin gönderileceği e-posta adresini belirtiniz.
e-Posta Adresi'

2021-10-14 17:32:20 - [TEST_STEP][PASSED] - Console.println(RaporNo): null

2021-10-14 17:32:20 - [MESSAGE][PASSED] - Call Test Case 'Test Cases/Popup/PopupMesajiIceriyorMu' successfully

2021-10-14 17:32:20 - [MESSAGE][INFO] - Checking called Test Case

2021-10-14 17:32:20 - [MESSAGE][INFO] - Starting to call Test Case 'Test Cases/Popup/PopupButonSecilir'

2021-10-14 17:32:20 - [TEST_CASE][PASSED] - Test Cases/Popup/PopupButonSecilir: Test Cases/Popup/PopupButonSecilir

2021-10-14 17:32:20 - [TEST_STEP][PASSED] - Method.TextDegerineEsitElementeTikla(findTestObject("Popup/Popup_Butons"), Buton): Method.TextDegerineEsitElementeTikla is PASSED

2021-10-14 17:32:20 - [MESSAGE][INFO] - Finding Test Object 'Object Repository/Popup/Popup_Butons'

2021-10-14 17:32:20 - [MESSAGE][INFO] - Checking timeout

2021-10-14 17:32:20 - [MESSAGE][INFO] - Finding web element with id: 'Object Repository/Popup/Popup_Butons' located by 'By.cssSelector: .modal-footer>button' in '10' second(s)

2021-10-14 17:32:20 - [MESSAGE][INFO] - Smart Wait Function is triggered

2021-10-14 17:32:20 - [MESSAGE][INFO] - Found 2 web elements with id: 'Object Repository/Popup/Popup_Butons' located by 'By.cssSelector: .modal-footer>button' in '10' second(s)

2021-10-14 17:32:21 - [MESSAGE][PASSED] - Method.TextDegerineEsitElementeTikla is PASSED

2021-10-14 17:32:21 - [MESSAGE][PASSED] - Call Test Case 'Test Cases/Popup/PopupButonSecilir' successfully

2021-10-14 17:32:21 - [MESSAGE][INFO] - Checking called Test Case

2021-10-14 17:32:21 - [MESSAGE][INFO] - Starting to call Test Case 'Test Cases/Popup/PopupMesajiIceriyorMu'

2021-10-14 17:32:21 - [TEST_CASE][PASSED] - Test Cases/Popup/PopupMesajiIceriyorMu: Test Cases/Popup/PopupMesajiIceriyorMu

2021-10-14 17:32:21 - [TEST_STEP][PASSED] - waitForElementVisible(findTestObject("Popup/Popup"), 10): Object 'Object Repository/Popup/Popup' is visible

2021-10-14 17:32:21 - [MESSAGE][INFO] - Finding Test Object 'Object Repository/Popup/Popup'

2021-10-14 17:32:21 - [MESSAGE][INFO] - Checking object

2021-10-14 17:32:21 - [MESSAGE][INFO] - Checking timeout

2021-10-14 17:32:21 - [MESSAGE][INFO] - Finding web element from Test Object's properties

2021-10-14 17:32:21 - [MESSAGE][INFO] - Checking timeout

2021-10-14 17:32:21 - [MESSAGE][INFO] - Finding web element with id: 'Object Repository/Popup/Popup' located by 'By.cssSelector: .bootbox-body' in '10' second(s)

2021-10-14 17:32:21 - [MESSAGE][INFO] - Smart Wait Function is triggered

2021-10-14 17:32:21 - [MESSAGE][INFO] - Found 1 web elements with id: 'Object Repository/Popup/Popup' located by 'By.cssSelector: .bootbox-body' in '10' second(s)

2021-10-14 17:32:21 - [MESSAGE][PASSED] - Object 'Object Repository/Popup/Popup' is visible

2021-10-14 17:32:21 - [TEST_STEP][PASSED] - if (!(getText(findTestObject("Popup/Popup")).contains(Mesaj))): Text of object 'Object Repository/Popup/Popup' is: '14606 no’lu talebiniz işleme alınmıştır. Raporunuz hazırlandığında (elogotest@gmail.com) adresinize mail gönderilecektir.
Rapor durumunuzu Raporlar > Toplu Veri İndirme ekranından takip edebilir, hazırlandı durumundaki raporlarınızı ilgili menüden indirebilirsiniz.'

2021-10-14 17:32:21 - [MESSAGE][INFO] - Finding Test Object 'Object Repository/Popup/Popup'

2021-10-14 17:32:22 - [MESSAGE][INFO] - Checking object

2021-10-14 17:32:22 - [MESSAGE][INFO] - Finding web element from Test Object's properties

2021-10-14 17:32:22 - [MESSAGE][INFO] - Checking timeout

2021-10-14 17:32:22 - [MESSAGE][INFO] - Finding web element with id: 'Object Repository/Popup/Popup' located by 'By.cssSelector: .bootbox-body' in '30' second(s)

2021-10-14 17:32:22 - [MESSAGE][INFO] - Smart Wait Function is triggered

2021-10-14 17:32:22 - [MESSAGE][INFO] - Found 1 web elements with id: 'Object Repository/Popup/Popup' located by 'By.cssSelector: .bootbox-body' in '30' second(s)

2021-10-14 17:32:22 - [MESSAGE][INFO] - Getting text of object 'Object Repository/Popup/Popup'

2021-10-14 17:32:22 - [MESSAGE][PASSED] - Text of object 'Object Repository/Popup/Popup' is: '14606 no’lu talebiniz işleme alınmıştır. Raporunuz hazırlandığında (elogotest@gmail.com) adresinize mail gönderilecektir.
Rapor durumunuzu Raporlar > Toplu Veri İndirme ekranından takip edebilir, hazırlandı durumundaki raporlarınızı ilgili menüden indirebilirsiniz.'

2021-10-14 17:32:22 - [TEST_STEP][PASSED] - RaporNo = getText(findTestObject("Popup/Popup")).substring(0, 6): Text of object 'Object Repository/Popup/Popup' is: '14606 no’lu talebiniz işleme alınmıştır. Raporunuz hazırlandığında (elogotest@gmail.com) adresinize mail gönderilecektir.
Rapor durumunuzu Raporlar > Toplu Veri İndirme ekranından takip edebilir, hazırlandı durumundaki raporlarınızı ilgili menüden indirebilirsiniz.'

2021-10-14 17:32:22 - [MESSAGE][INFO] - Finding Test Object 'Object Repository/Popup/Popup'

2021-10-14 17:32:22 - [MESSAGE][INFO] - Checking object

2021-10-14 17:32:22 - [MESSAGE][INFO] - Finding web element from Test Object's properties

2021-10-14 17:32:22 - [MESSAGE][INFO] - Checking timeout

2021-10-14 17:32:22 - [MESSAGE][INFO] - Finding web element with id: 'Object Repository/Popup/Popup' located by 'By.cssSelector: .bootbox-body' in '30' second(s)

2021-10-14 17:32:22 - [MESSAGE][INFO] - Smart Wait Function is triggered

2021-10-14 17:32:22 - [MESSAGE][INFO] - Found 1 web elements with id: 'Object Repository/Popup/Popup' located by 'By.cssSelector: .bootbox-body' in '30' second(s)

2021-10-14 17:32:22 - [MESSAGE][INFO] - Getting text of object 'Object Repository/Popup/Popup'

2021-10-14 17:32:22 - [MESSAGE][PASSED] - Text of object 'Object Repository/Popup/Popup' is: '14606 no’lu talebiniz işleme alınmıştır. Raporunuz hazırlandığında (elogotest@gmail.com) adresinize mail gönderilecektir.
Rapor durumunuzu Raporlar > Toplu Veri İndirme ekranından takip edebilir, hazırlandı durumundaki raporlarınızı ilgili menüden indirebilirsiniz.'

2021-10-14 17:32:22 - [TEST_STEP][PASSED] - Console.println(RaporNo): null

2021-10-14 17:32:22 - [MESSAGE][PASSED] - Call Test Case 'Test Cases/Popup/PopupMesajiIceriyorMu' successfully

2021-10-14 17:32:22 - [MESSAGE][INFO] - Checking called Test Case

2021-10-14 17:32:22 - [MESSAGE][INFO] - Starting to call Test Case 'Test Cases/Popup/PopupButonSecilir'

2021-10-14 17:32:22 - [TEST_CASE][PASSED] - Test Cases/Popup/PopupButonSecilir: Test Cases/Popup/PopupButonSecilir

2021-10-14 17:32:22 - [TEST_STEP][PASSED] - Method.TextDegerineEsitElementeTikla(findTestObject("Popup/Popup_Butons"), Buton): Method.TextDegerineEsitElementeTikla is PASSED

2021-10-14 17:32:22 - [MESSAGE][INFO] - Finding Test Object 'Object Repository/Popup/Popup_Butons'

2021-10-14 17:32:22 - [MESSAGE][INFO] - Checking timeout

2021-10-14 17:32:22 - [MESSAGE][INFO] - Finding web element with id: 'Object Repository/Popup/Popup_Butons' located by 'By.cssSelector: .modal-footer>button' in '10' second(s)

2021-10-14 17:32:22 - [MESSAGE][INFO] - Smart Wait Function is triggered

2021-10-14 17:32:23 - [MESSAGE][INFO] - Found 1 web elements with id: 'Object Repository/Popup/Popup_Butons' located by 'By.cssSelector: .modal-footer>button' in '10' second(s)

2021-10-14 17:32:23 - [MESSAGE][PASSED] - Method.TextDegerineEsitElementeTikla is PASSED

2021-10-14 17:32:23 - [MESSAGE][PASSED] - Call Test Case 'Test Cases/Popup/PopupButonSecilir' successfully

2021-10-14 17:32:23 - [MESSAGE][INFO] - Checking called Test Case

2021-10-14 17:32:23 - [MESSAGE][INFO] - Starting to call Test Case 'Test Cases/Butonlar/ButonaTikla'

2021-10-14 17:32:23 - [TEST_CASE][PASSED] - Test Cases/Butonlar/ButonaTikla: Test Cases/Butonlar/ButonaTikla

2021-10-14 17:32:23 - [TEST_STEP][PASSED] - Method.TextDegerineEsitElementeTiklaEquals(findTestObject("Butonlar/Butonlar"), Buton_Adi): Method.TextDegerineEsitElementeTiklaEquals is PASSED

2021-10-14 17:32:23 - [MESSAGE][INFO] - Finding Test Object 'Object Repository/Butonlar/Butonlar'

2021-10-14 17:32:23 - [MESSAGE][INFO] - Checking timeout

2021-10-14 17:32:23 - [MESSAGE][INFO] - Finding web element with id: 'Object Repository/Butonlar/Butonlar' located by 'By.cssSelector: .panel.panel-default.text-center.footerPanel .btn,.btn.btn-primary.btnControls' in '10' second(s)

2021-10-14 17:32:23 - [MESSAGE][INFO] - Smart Wait Function is triggered

2021-10-14 17:32:24 - [MESSAGE][INFO] - Found 12 web elements with id: 'Object Repository/Butonlar/Butonlar' located by 'By.cssSelector: .panel.panel-default.text-center.footerPanel .btn,.btn.btn-primary.btnControls' in '10' second(s)

2021-10-14 17:32:24 - [MESSAGE][PASSED] - Method.TextDegerineEsitElementeTiklaEquals is PASSED

2021-10-14 17:32:24 - [MESSAGE][PASSED] - Call Test Case 'Test Cases/Butonlar/ButonaTikla' successfully

2021-10-14 17:32:24 - [MESSAGE][INFO] - Checking called Test Case

2021-10-14 17:32:24 - [MESSAGE][INFO] - Starting to call Test Case 'Test Cases/Butonlar/AltButonaTikla'

2021-10-14 17:32:24 - [TEST_CASE][PASSED] - Test Cases/Butonlar/AltButonaTikla: Test Cases/Butonlar/AltButonaTikla

2021-10-14 17:32:24 - [TEST_STEP][PASSED] - Method.TextDegerineEsitElementeTikla(findTestObject("Butonlar/AltButonlar"), Alt_Buton): Method.TextDegerineEsitElementeTikla is PASSED

2021-10-14 17:32:24 - [MESSAGE][INFO] - Finding Test Object 'Object Repository/Butonlar/AltButonlar'

2021-10-14 17:32:24 - [MESSAGE][INFO] - Checking timeout

2021-10-14 17:32:24 - [MESSAGE][INFO] - Finding web element with id: 'Object Repository/Butonlar/AltButonlar' located by 'By.cssSelector: .btn-group.open li>a' in '10' second(s)

2021-10-14 17:32:24 - [MESSAGE][INFO] - Smart Wait Function is triggered

2021-10-14 17:32:24 - [MESSAGE][INFO] - Found 4 web elements with id: 'Object Repository/Butonlar/AltButonlar' located by 'By.cssSelector: .btn-group.open li>a' in '10' second(s)

2021-10-14 17:32:24 - [MESSAGE][PASSED] - Method.TextDegerineEsitElementeTikla is PASSED

2021-10-14 17:32:24 - [MESSAGE][PASSED] - Call Test Case 'Test Cases/Butonlar/AltButonaTikla' successfully

2021-10-14 17:32:24 - [MESSAGE][INFO] - Checking called Test Case

2021-10-14 17:32:24 - [MESSAGE][INFO] - Starting to call Test Case 'Test Cases/Popup/PopupMesajiIceriyorMu'

2021-10-14 17:32:24 - [TEST_CASE][PASSED] - Test Cases/Popup/PopupMesajiIceriyorMu: Test Cases/Popup/PopupMesajiIceriyorMu

2021-10-14 17:32:24 - [TEST_STEP][PASSED] - waitForElementVisible(findTestObject("Popup/Popup"), 10): Object 'Object Repository/Popup/Popup' is visible

2021-10-14 17:32:24 - [MESSAGE][INFO] - Finding Test Object 'Object Repository/Popup/Popup'

2021-10-14 17:32:24 - [MESSAGE][INFO] - Checking object

2021-10-14 17:32:24 - [MESSAGE][INFO] - Checking timeout

2021-10-14 17:32:24 - [MESSAGE][INFO] - Finding web element from Test Object's properties

2021-10-14 17:32:24 - [MESSAGE][INFO] - Checking timeout

2021-10-14 17:32:24 - [MESSAGE][INFO] - Finding web element with id: 'Object Repository/Popup/Popup' located by 'By.cssSelector: .bootbox-body' in '10' second(s)

2021-10-14 17:32:24 - [MESSAGE][INFO] - Smart Wait Function is triggered

2021-10-14 17:32:25 - [MESSAGE][INFO] - Found 1 web elements with id: 'Object Repository/Popup/Popup' located by 'By.cssSelector: .bootbox-body' in '10' second(s)

2021-10-14 17:32:25 - [MESSAGE][PASSED] - Object 'Object Repository/Popup/Popup' is visible

2021-10-14 17:32:25 - [TEST_STEP][PASSED] - if (!(getText(findTestObject("Popup/Popup")).contains(Mesaj))): Text of object 'Object Repository/Popup/Popup' is: 'Lütfen rapor bildiriminin gönderileceği e-posta adresini belirtiniz.
e-Posta Adresi'

2021-10-14 17:32:25 - [MESSAGE][INFO] - Finding Test Object 'Object Repository/Popup/Popup'

2021-10-14 17:32:25 - [MESSAGE][INFO] - Checking object

2021-10-14 17:32:25 - [MESSAGE][INFO] - Finding web element from Test Object's properties

2021-10-14 17:32:25 - [MESSAGE][INFO] - Checking timeout

2021-10-14 17:32:25 - [MESSAGE][INFO] - Finding web element with id: 'Object Repository/Popup/Popup' located by 'By.cssSelector: .bootbox-body' in '30' second(s)

2021-10-14 17:32:25 - [MESSAGE][INFO] - Smart Wait Function is triggered

2021-10-14 17:32:25 - [MESSAGE][INFO] - Found 1 web elements with id: 'Object Repository/Popup/Popup' located by 'By.cssSelector: .bootbox-body' in '30' second(s)

2021-10-14 17:32:25 - [MESSAGE][INFO] - Getting text of object 'Object Repository/Popup/Popup'

2021-10-14 17:32:25 - [MESSAGE][PASSED] - Text of object 'Object Repository/Popup/Popup' is: 'Lütfen rapor bildiriminin gönderileceği e-posta adresini belirtiniz.
e-Posta Adresi'

2021-10-14 17:32:25 - [TEST_STEP][PASSED] - RaporNo = getText(findTestObject("Popup/Popup")).substring(0, 6): Text of object 'Object Repository/Popup/Popup' is: 'Lütfen rapor bildiriminin gönderileceği e-posta adresini belirtiniz.
e-Posta Adresi'

2021-10-14 17:32:25 - [MESSAGE][INFO] - Finding Test Object 'Object Repository/Popup/Popup'

2021-10-14 17:32:25 - [MESSAGE][INFO] - Checking object

2021-10-14 17:32:25 - [MESSAGE][INFO] - Finding web element from Test Object's properties

2021-10-14 17:32:25 - [MESSAGE][INFO] - Checking timeout

2021-10-14 17:32:25 - [MESSAGE][INFO] - Finding web element with id: 'Object Repository/Popup/Popup' located by 'By.cssSelector: .bootbox-body' in '30' second(s)

2021-10-14 17:32:25 - [MESSAGE][INFO] - Smart Wait Function is triggered

2021-10-14 17:32:25 - [MESSAGE][INFO] - Found 1 web elements with id: 'Object Repository/Popup/Popup' located by 'By.cssSelector: .bootbox-body' in '30' second(s)

2021-10-14 17:32:25 - [MESSAGE][INFO] - Getting text of object 'Object Repository/Popup/Popup'

2021-10-14 17:32:25 - [MESSAGE][PASSED] - Text of object 'Object Repository/Popup/Popup' is: 'Lütfen rapor bildiriminin gönderileceği e-posta adresini belirtiniz.
e-Posta Adresi'

2021-10-14 17:32:25 - [TEST_STEP][PASSED] - Console.println(RaporNo): null

2021-10-14 17:32:25 - [MESSAGE][PASSED] - Call Test Case 'Test Cases/Popup/PopupMesajiIceriyorMu' successfully

2021-10-14 17:32:25 - [MESSAGE][INFO] - Checking called Test Case

2021-10-14 17:32:25 - [MESSAGE][INFO] - Starting to call Test Case 'Test Cases/Popup/PopupButonSecilir'

2021-10-14 17:32:25 - [TEST_CASE][PASSED] - Test Cases/Popup/PopupButonSecilir: Test Cases/Popup/PopupButonSecilir

2021-10-14 17:32:25 - [TEST_STEP][PASSED] - Method.TextDegerineEsitElementeTikla(findTestObject("Popup/Popup_Butons"), Buton): Method.TextDegerineEsitElementeTikla is PASSED

2021-10-14 17:32:25 - [MESSAGE][INFO] - Finding Test Object 'Object Repository/Popup/Popup_Butons'

2021-10-14 17:32:26 - [MESSAGE][INFO] - Checking timeout

2021-10-14 17:32:26 - [MESSAGE][INFO] - Finding web element with id: 'Object Repository/Popup/Popup_Butons' located by 'By.cssSelector: .modal-footer>button' in '10' second(s)

2021-10-14 17:32:26 - [MESSAGE][INFO] - Smart Wait Function is triggered

2021-10-14 17:32:26 - [MESSAGE][INFO] - Found 2 web elements with id: 'Object Repository/Popup/Popup_Butons' located by 'By.cssSelector: .modal-footer>button' in '10' second(s)

2021-10-14 17:32:26 - [MESSAGE][PASSED] - Method.TextDegerineEsitElementeTikla is PASSED

2021-10-14 17:32:26 - [MESSAGE][PASSED] - Call Test Case 'Test Cases/Popup/PopupButonSecilir' successfully

2021-10-14 17:32:26 - [MESSAGE][INFO] - Checking called Test Case

2021-10-14 17:32:26 - [MESSAGE][INFO] - Starting to call Test Case 'Test Cases/Popup/PopupMesajiIceriyorMu'

2021-10-14 17:32:26 - [TEST_CASE][PASSED] - Test Cases/Popup/PopupMesajiIceriyorMu: Test Cases/Popup/PopupMesajiIceriyorMu

2021-10-14 17:32:26 - [TEST_STEP][PASSED] - waitForElementVisible(findTestObject("Popup/Popup"), 10): Object 'Object Repository/Popup/Popup' is visible

2021-10-14 17:32:26 - [MESSAGE][INFO] - Finding Test Object 'Object Repository/Popup/Popup'

2021-10-14 17:32:26 - [MESSAGE][INFO] - Checking object

2021-10-14 17:32:26 - [MESSAGE][INFO] - Checking timeout

2021-10-14 17:32:26 - [MESSAGE][INFO] - Finding web element from Test Object's properties

2021-10-14 17:32:26 - [MESSAGE][INFO] - Checking timeout

2021-10-14 17:32:26 - [MESSAGE][INFO] - Finding web element with id: 'Object Repository/Popup/Popup' located by 'By.cssSelector: .bootbox-body' in '10' second(s)

2021-10-14 17:32:26 - [MESSAGE][INFO] - Smart Wait Function is triggered

2021-10-14 17:32:27 - [MESSAGE][INFO] - Found 1 web elements with id: 'Object Repository/Popup/Popup' located by 'By.cssSelector: .bootbox-body' in '10' second(s)

2021-10-14 17:32:27 - [MESSAGE][PASSED] - Object 'Object Repository/Popup/Popup' is visible

2021-10-14 17:32:27 - [TEST_STEP][PASSED] - if (!(getText(findTestObject("Popup/Popup")).contains(Mesaj))): Text of object 'Object Repository/Popup/Popup' is: '14607 no’lu talebiniz işleme alınmıştır. Raporunuz hazırlandığında (elogotest@gmail.com) adresinize mail gönderilecektir.
Rapor durumunuzu Raporlar > Toplu Veri İndirme ekranından takip edebilir, hazırlandı durumundaki raporlarınızı ilgili menüden indirebilirsiniz.'

2021-10-14 17:32:27 - [MESSAGE][INFO] - Finding Test Object 'Object Repository/Popup/Popup'

2021-10-14 17:32:27 - [MESSAGE][INFO] - Checking object

2021-10-14 17:32:27 - [MESSAGE][INFO] - Finding web element from Test Object's properties

2021-10-14 17:32:27 - [MESSAGE][INFO] - Checking timeout

2021-10-14 17:32:27 - [MESSAGE][INFO] - Finding web element with id: 'Object Repository/Popup/Popup' located by 'By.cssSelector: .bootbox-body' in '30' second(s)

2021-10-14 17:32:27 - [MESSAGE][INFO] - Smart Wait Function is triggered

2021-10-14 17:32:27 - [MESSAGE][INFO] - Found 1 web elements with id: 'Object Repository/Popup/Popup' located by 'By.cssSelector: .bootbox-body' in '30' second(s)

2021-10-14 17:32:27 - [MESSAGE][INFO] - Getting text of object 'Object Repository/Popup/Popup'

2021-10-14 17:32:27 - [MESSAGE][PASSED] - Text of object 'Object Repository/Popup/Popup' is: '14607 no’lu talebiniz işleme alınmıştır. Raporunuz hazırlandığında (elogotest@gmail.com) adresinize mail gönderilecektir.
Rapor durumunuzu Raporlar > Toplu Veri İndirme ekranından takip edebilir, hazırlandı durumundaki raporlarınızı ilgili menüden indirebilirsiniz.'

2021-10-14 17:32:27 - [TEST_STEP][PASSED] - RaporNo = getText(findTestObject("Popup/Popup")).substring(0, 6): Text of object 'Object Repository/Popup/Popup' is: '14607 no’lu talebiniz işleme alınmıştır. Raporunuz hazırlandığında (elogotest@gmail.com) adresinize mail gönderilecektir.
Rapor durumunuzu Raporlar > Toplu Veri İndirme ekranından takip edebilir, hazırlandı durumundaki raporlarınızı ilgili menüden indirebilirsiniz.'

2021-10-14 17:32:27 - [MESSAGE][INFO] - Finding Test Object 'Object Repository/Popup/Popup'

2021-10-14 17:32:27 - [MESSAGE][INFO] - Checking object

2021-10-14 17:32:27 - [MESSAGE][INFO] - Finding web element from Test Object's properties

2021-10-14 17:32:27 - [MESSAGE][INFO] - Checking timeout

2021-10-14 17:32:27 - [MESSAGE][INFO] - Finding web element with id: 'Object Repository/Popup/Popup' located by 'By.cssSelector: .bootbox-body' in '30' second(s)

2021-10-14 17:32:27 - [MESSAGE][INFO] - Smart Wait Function is triggered

2021-10-14 17:32:27 - [MESSAGE][INFO] - Found 1 web elements with id: 'Object Repository/Popup/Popup' located by 'By.cssSelector: .bootbox-body' in '30' second(s)

2021-10-14 17:32:27 - [MESSAGE][INFO] - Getting text of object 'Object Repository/Popup/Popup'

2021-10-14 17:32:28 - [MESSAGE][PASSED] - Text of object 'Object Repository/Popup/Popup' is: '14607 no’lu talebiniz işleme alınmıştır. Raporunuz hazırlandığında (elogotest@gmail.com) adresinize mail gönderilecektir.
Rapor durumunuzu Raporlar > Toplu Veri İndirme ekranından takip edebilir, hazırlandı durumundaki raporlarınızı ilgili menüden indirebilirsiniz.'

2021-10-14 17:32:28 - [TEST_STEP][PASSED] - Console.println(RaporNo): null

2021-10-14 17:32:28 - [MESSAGE][PASSED] - Call Test Case 'Test Cases/Popup/PopupMesajiIceriyorMu' successfully

2021-10-14 17:32:28 - [MESSAGE][INFO] - Checking called Test Case

2021-10-14 17:32:28 - [MESSAGE][INFO] - Starting to call Test Case 'Test Cases/Popup/PopupButonSecilir'

2021-10-14 17:32:28 - [TEST_CASE][PASSED] - Test Cases/Popup/PopupButonSecilir: Test Cases/Popup/PopupButonSecilir

2021-10-14 17:32:28 - [TEST_STEP][PASSED] - Method.TextDegerineEsitElementeTikla(findTestObject("Popup/Popup_Butons"), Buton): Method.TextDegerineEsitElementeTikla is PASSED

2021-10-14 17:32:28 - [MESSAGE][INFO] - Finding Test Object 'Object Repository/Popup/Popup_Butons'

2021-10-14 17:32:28 - [MESSAGE][INFO] - Checking timeout

2021-10-14 17:32:28 - [MESSAGE][INFO] - Finding web element with id: 'Object Repository/Popup/Popup_Butons' located by 'By.cssSelector: .modal-footer>button' in '10' second(s)

2021-10-14 17:32:28 - [MESSAGE][INFO] - Smart Wait Function is triggered

2021-10-14 17:32:28 - [MESSAGE][INFO] - Found 1 web elements with id: 'Object Repository/Popup/Popup_Butons' located by 'By.cssSelector: .modal-footer>button' in '10' second(s)

2021-10-14 17:32:28 - [MESSAGE][PASSED] - Method.TextDegerineEsitElementeTikla is PASSED

2021-10-14 17:32:28 - [MESSAGE][PASSED] - Call Test Case 'Test Cases/Popup/PopupButonSecilir' successfully

2021-10-14 17:32:28 - [MESSAGE][INFO] - Checking called Test Case

2021-10-14 17:32:28 - [MESSAGE][INFO] - Starting to call Test Case 'Test Cases/Butonlar/ButonaTikla'

2021-10-14 17:32:28 - [TEST_CASE][PASSED] - Test Cases/Butonlar/ButonaTikla: Test Cases/Butonlar/ButonaTikla

2021-10-14 17:32:28 - [TEST_STEP][PASSED] - Method.TextDegerineEsitElementeTiklaEquals(findTestObject("Butonlar/Butonlar"), Buton_Adi): Method.TextDegerineEsitElementeTiklaEquals is PASSED

2021-10-14 17:32:28 - [MESSAGE][INFO] - Finding Test Object 'Object Repository/Butonlar/Butonlar'

2021-10-14 17:32:28 - [MESSAGE][INFO] - Checking timeout

2021-10-14 17:32:28 - [MESSAGE][INFO] - Finding web element with id: 'Object Repository/Butonlar/Butonlar' located by 'By.cssSelector: .panel.panel-default.text-center.footerPanel .btn,.btn.btn-primary.btnControls' in '10' second(s)

2021-10-14 17:32:28 - [MESSAGE][INFO] - Smart Wait Function is triggered

2021-10-14 17:32:29 - [MESSAGE][INFO] - Found 12 web elements with id: 'Object Repository/Butonlar/Butonlar' located by 'By.cssSelector: .panel.panel-default.text-center.footerPanel .btn,.btn.btn-primary.btnControls' in '10' second(s)

2021-10-14 17:32:29 - [MESSAGE][PASSED] - Method.TextDegerineEsitElementeTiklaEquals is PASSED

2021-10-14 17:32:29 - [MESSAGE][PASSED] - Call Test Case 'Test Cases/Butonlar/ButonaTikla' successfully

2021-10-14 17:32:29 - [MESSAGE][INFO] - Checking called Test Case

2021-10-14 17:32:29 - [MESSAGE][INFO] - Starting to call Test Case 'Test Cases/Butonlar/AltButonaTikla'

2021-10-14 17:32:29 - [TEST_CASE][PASSED] - Test Cases/Butonlar/AltButonaTikla: Test Cases/Butonlar/AltButonaTikla

2021-10-14 17:32:29 - [TEST_STEP][PASSED] - Method.TextDegerineEsitElementeTikla(findTestObject("Butonlar/AltButonlar"), Alt_Buton): Method.TextDegerineEsitElementeTikla is PASSED

2021-10-14 17:32:29 - [MESSAGE][INFO] - Finding Test Object 'Object Repository/Butonlar/AltButonlar'

2021-10-14 17:32:29 - [MESSAGE][INFO] - Checking timeout

2021-10-14 17:32:29 - [MESSAGE][INFO] - Finding web element with id: 'Object Repository/Butonlar/AltButonlar' located by 'By.cssSelector: .btn-group.open li>a' in '10' second(s)

2021-10-14 17:32:29 - [MESSAGE][INFO] - Smart Wait Function is triggered

2021-10-14 17:32:29 - [MESSAGE][INFO] - Found 4 web elements with id: 'Object Repository/Butonlar/AltButonlar' located by 'By.cssSelector: .btn-group.open li>a' in '10' second(s)

2021-10-14 17:32:29 - [MESSAGE][PASSED] - Method.TextDegerineEsitElementeTikla is PASSED

2021-10-14 17:32:29 - [MESSAGE][PASSED] - Call Test Case 'Test Cases/Butonlar/AltButonaTikla' successfully

2021-10-14 17:32:29 - [MESSAGE][INFO] - Checking called Test Case

2021-10-14 17:32:29 - [MESSAGE][INFO] - Starting to call Test Case 'Test Cases/Popup/PopupMesajiIceriyorMu'

2021-10-14 17:32:29 - [TEST_CASE][PASSED] - Test Cases/Popup/PopupMesajiIceriyorMu: Test Cases/Popup/PopupMesajiIceriyorMu

2021-10-14 17:32:29 - [TEST_STEP][PASSED] - waitForElementVisible(findTestObject("Popup/Popup"), 10): Object 'Object Repository/Popup/Popup' is visible

2021-10-14 17:32:29 - [MESSAGE][INFO] - Finding Test Object 'Object Repository/Popup/Popup'

2021-10-14 17:32:30 - [MESSAGE][INFO] - Checking object

2021-10-14 17:32:30 - [MESSAGE][INFO] - Checking timeout

2021-10-14 17:32:30 - [MESSAGE][INFO] - Finding web element from Test Object's properties

2021-10-14 17:32:30 - [MESSAGE][INFO] - Checking timeout

2021-10-14 17:32:30 - [MESSAGE][INFO] - Finding web element with id: 'Object Repository/Popup/Popup' located by 'By.cssSelector: .bootbox-body' in '10' second(s)

2021-10-14 17:32:30 - [MESSAGE][INFO] - Smart Wait Function is triggered

2021-10-14 17:32:30 - [MESSAGE][INFO] - Found 1 web elements with id: 'Object Repository/Popup/Popup' located by 'By.cssSelector: .bootbox-body' in '10' second(s)

2021-10-14 17:32:30 - [MESSAGE][PASSED] - Object 'Object Repository/Popup/Popup' is visible

2021-10-14 17:32:30 - [TEST_STEP][PASSED] - if (!(getText(findTestObject("Popup/Popup")).contains(Mesaj))): Text of object 'Object Repository/Popup/Popup' is: 'Lütfen rapor bildiriminin gönderileceği e-posta adresini belirtiniz.
e-Posta Adresi'

2021-10-14 17:32:30 - [MESSAGE][INFO] - Finding Test Object 'Object Repository/Popup/Popup'

2021-10-14 17:32:30 - [MESSAGE][INFO] - Checking object

2021-10-14 17:32:30 - [MESSAGE][INFO] - Finding web element from Test Object's properties

2021-10-14 17:32:30 - [MESSAGE][INFO] - Checking timeout

2021-10-14 17:32:30 - [MESSAGE][INFO] - Finding web element with id: 'Object Repository/Popup/Popup' located by 'By.cssSelector: .bootbox-body' in '30' second(s)

2021-10-14 17:32:30 - [MESSAGE][INFO] - Smart Wait Function is triggered

2021-10-14 17:32:30 - [MESSAGE][INFO] - Found 1 web elements with id: 'Object Repository/Popup/Popup' located by 'By.cssSelector: .bootbox-body' in '30' second(s)

2021-10-14 17:32:30 - [MESSAGE][INFO] - Getting text of object 'Object Repository/Popup/Popup'

2021-10-14 17:32:30 - [MESSAGE][PASSED] - Text of object 'Object Repository/Popup/Popup' is: 'Lütfen rapor bildiriminin gönderileceği e-posta adresini belirtiniz.
e-Posta Adresi'

2021-10-14 17:32:30 - [TEST_STEP][PASSED] - RaporNo = getText(findTestObject("Popup/Popup")).substring(0, 6): Text of object 'Object Repository/Popup/Popup' is: 'Lütfen rapor bildiriminin gönderileceği e-posta adresini belirtiniz.
e-Posta Adresi'

2021-10-14 17:32:30 - [MESSAGE][INFO] - Finding Test Object 'Object Repository/Popup/Popup'

2021-10-14 17:32:30 - [MESSAGE][INFO] - Checking object

2021-10-14 17:32:30 - [MESSAGE][INFO] - Finding web element from Test Object's properties

2021-10-14 17:32:30 - [MESSAGE][INFO] - Checking timeout

2021-10-14 17:32:30 - [MESSAGE][INFO] - Finding web element with id: 'Object Repository/Popup/Popup' located by 'By.cssSelector: .bootbox-body' in '30' second(s)

2021-10-14 17:32:30 - [MESSAGE][INFO] - Smart Wait Function is triggered

2021-10-14 17:32:31 - [MESSAGE][INFO] - Found 1 web elements with id: 'Object Repository/Popup/Popup' located by 'By.cssSelector: .bootbox-body' in '30' second(s)

2021-10-14 17:32:31 - [MESSAGE][INFO] - Getting text of object 'Object Repository/Popup/Popup'

2021-10-14 17:32:31 - [MESSAGE][PASSED] - Text of object 'Object Repository/Popup/Popup' is: 'Lütfen rapor bildiriminin gönderileceği e-posta adresini belirtiniz.
e-Posta Adresi'

2021-10-14 17:32:31 - [TEST_STEP][PASSED] - Console.println(RaporNo): null

2021-10-14 17:32:31 - [MESSAGE][PASSED] - Call Test Case 'Test Cases/Popup/PopupMesajiIceriyorMu' successfully

2021-10-14 17:32:31 - [MESSAGE][INFO] - Checking called Test Case

2021-10-14 17:32:31 - [MESSAGE][INFO] - Starting to call Test Case 'Test Cases/Popup/PopupButonSecilir'

2021-10-14 17:32:31 - [TEST_CASE][PASSED] - Test Cases/Popup/PopupButonSecilir: Test Cases/Popup/PopupButonSecilir

2021-10-14 17:32:31 - [TEST_STEP][PASSED] - Method.TextDegerineEsitElementeTikla(findTestObject("Popup/Popup_Butons"), Buton): Method.TextDegerineEsitElementeTikla is PASSED

2021-10-14 17:32:31 - [MESSAGE][INFO] - Finding Test Object 'Object Repository/Popup/Popup_Butons'

2021-10-14 17:32:31 - [MESSAGE][INFO] - Checking timeout

2021-10-14 17:32:31 - [MESSAGE][INFO] - Finding web element with id: 'Object Repository/Popup/Popup_Butons' located by 'By.cssSelector: .modal-footer>button' in '10' second(s)

2021-10-14 17:32:31 - [MESSAGE][INFO] - Smart Wait Function is triggered

2021-10-14 17:32:31 - [MESSAGE][INFO] - Found 2 web elements with id: 'Object Repository/Popup/Popup_Butons' located by 'By.cssSelector: .modal-footer>button' in '10' second(s)

2021-10-14 17:32:31 - [MESSAGE][PASSED] - Method.TextDegerineEsitElementeTikla is PASSED

2021-10-14 17:32:31 - [MESSAGE][PASSED] - Call Test Case 'Test Cases/Popup/PopupButonSecilir' successfully

2021-10-14 17:32:31 - [MESSAGE][INFO] - Checking called Test Case

2021-10-14 17:32:31 - [MESSAGE][INFO] - Starting to call Test Case 'Test Cases/Popup/PopupMesajiIceriyorMu'

2021-10-14 17:32:31 - [TEST_CASE][PASSED] - Test Cases/Popup/PopupMesajiIceriyorMu: Test Cases/Popup/PopupMesajiIceriyorMu

2021-10-14 17:32:31 - [TEST_STEP][PASSED] - waitForElementVisible(findTestObject("Popup/Popup"), 10): Object 'Object Repository/Popup/Popup' is visible

2021-10-14 17:32:31 - [MESSAGE][INFO] - Finding Test Object 'Object Repository/Popup/Popup'

2021-10-14 17:32:32 - [MESSAGE][INFO] - Checking object

2021-10-14 17:32:32 - [MESSAGE][INFO] - Checking timeout

2021-10-14 17:32:32 - [MESSAGE][INFO] - Finding web element from Test Object's properties

2021-10-14 17:32:32 - [MESSAGE][INFO] - Checking timeout

2021-10-14 17:32:32 - [MESSAGE][INFO] - Finding web element with id: 'Object Repository/Popup/Popup' located by 'By.cssSelector: .bootbox-body' in '10' second(s)

2021-10-14 17:32:32 - [MESSAGE][INFO] - Smart Wait Function is triggered

2021-10-14 17:32:32 - [MESSAGE][INFO] - Found 1 web elements with id: 'Object Repository/Popup/Popup' located by 'By.cssSelector: .bootbox-body' in '10' second(s)

2021-10-14 17:32:32 - [MESSAGE][PASSED] - Object 'Object Repository/Popup/Popup' is visible

2021-10-14 17:32:32 - [TEST_STEP][PASSED] - if (!(getText(findTestObject("Popup/Popup")).contains(Mesaj))): Text of object 'Object Repository/Popup/Popup' is: '14608 no’lu talebiniz işleme alınmıştır. Raporunuz hazırlandığında (elogotest@gmail.com) adresinize mail gönderilecektir.
Rapor durumunuzu Raporlar > Toplu Veri İndirme ekranından takip edebilir, hazırlandı durumundaki raporlarınızı ilgili menüden indirebilirsiniz.'

2021-10-14 17:32:32 - [MESSAGE][INFO] - Finding Test Object 'Object Repository/Popup/Popup'

2021-10-14 17:32:32 - [MESSAGE][INFO] - Checking object

2021-10-14 17:32:32 - [MESSAGE][INFO] - Finding web element from Test Object's properties

2021-10-14 17:32:32 - [MESSAGE][INFO] - Checking timeout

2021-10-14 17:32:32 - [MESSAGE][INFO] - Finding web element with id: 'Object Repository/Popup/Popup' located by 'By.cssSelector: .bootbox-body' in '30' second(s)

2021-10-14 17:32:32 - [MESSAGE][INFO] - Smart Wait Function is triggered

2021-10-14 17:32:32 - [MESSAGE][INFO] - Found 1 web elements with id: 'Object Repository/Popup/Popup' located by 'By.cssSelector: .bootbox-body' in '30' second(s)

2021-10-14 17:32:32 - [MESSAGE][INFO] - Getting text of object 'Object Repository/Popup/Popup'

2021-10-14 17:32:32 - [MESSAGE][PASSED] - Text of object 'Object Repository/Popup/Popup' is: '14608 no’lu talebiniz işleme alınmıştır. Raporunuz hazırlandığında (elogotest@gmail.com) adresinize mail gönderilecektir.
Rapor durumunuzu Raporlar > Toplu Veri İndirme ekranından takip edebilir, hazırlandı durumundaki raporlarınızı ilgili menüden indirebilirsiniz.'

2021-10-14 17:32:32 - [TEST_STEP][PASSED] - RaporNo = getText(findTestObject("Popup/Popup")).substring(0, 6): Text of object 'Object Repository/Popup/Popup' is: '14608 no’lu talebiniz işleme alınmıştır. Raporunuz hazırlandığında (elogotest@gmail.com) adresinize mail gönderilecektir.
Rapor durumunuzu Raporlar > Toplu Veri İndirme ekranından takip edebilir, hazırlandı durumundaki raporlarınızı ilgili menüden indirebilirsiniz.'

2021-10-14 17:32:32 - [MESSAGE][INFO] - Finding Test Object 'Object Repository/Popup/Popup'

2021-10-14 17:32:33 - [MESSAGE][INFO] - Checking object

2021-10-14 17:32:33 - [MESSAGE][INFO] - Finding web element from Test Object's properties

2021-10-14 17:32:33 - [MESSAGE][INFO] - Checking timeout

2021-10-14 17:32:33 - [MESSAGE][INFO] - Finding web element with id: 'Object Repository/Popup/Popup' located by 'By.cssSelector: .bootbox-body' in '30' second(s)

2021-10-14 17:32:33 - [MESSAGE][INFO] - Smart Wait Function is triggered

2021-10-14 17:32:33 - [MESSAGE][INFO] - Found 1 web elements with id: 'Object Repository/Popup/Popup' located by 'By.cssSelector: .bootbox-body' in '30' second(s)

2021-10-14 17:32:33 - [MESSAGE][INFO] - Getting text of object 'Object Repository/Popup/Popup'

2021-10-14 17:32:33 - [MESSAGE][PASSED] - Text of object 'Object Repository/Popup/Popup' is: '14608 no’lu talebiniz işleme alınmıştır. Raporunuz hazırlandığında (elogotest@gmail.com) adresinize mail gönderilecektir.
Rapor durumunuzu Raporlar > Toplu Veri İndirme ekranından takip edebilir, hazırlandı durumundaki raporlarınızı ilgili menüden indirebilirsiniz.'

2021-10-14 17:32:33 - [TEST_STEP][PASSED] - Console.println(RaporNo): null

2021-10-14 17:32:33 - [MESSAGE][PASSED] - Call Test Case 'Test Cases/Popup/PopupMesajiIceriyorMu' successfully

2021-10-14 17:32:33 - [MESSAGE][INFO] - Checking called Test Case

2021-10-14 17:32:33 - [MESSAGE][INFO] - Starting to call Test Case 'Test Cases/Popup/PopupButonSecilir'

2021-10-14 17:32:33 - [TEST_CASE][PASSED] - Test Cases/Popup/PopupButonSecilir: Test Cases/Popup/PopupButonSecilir

2021-10-14 17:32:33 - [TEST_STEP][PASSED] - Method.TextDegerineEsitElementeTikla(findTestObject("Popup/Popup_Butons"), Buton): Method.TextDegerineEsitElementeTikla is PASSED

2021-10-14 17:32:33 - [MESSAGE][INFO] - Finding Test Object 'Object Repository/Popup/Popup_Butons'

2021-10-14 17:32:33 - [MESSAGE][INFO] - Checking timeout

2021-10-14 17:32:33 - [MESSAGE][INFO] - Finding web element with id: 'Object Repository/Popup/Popup_Butons' located by 'By.cssSelector: .modal-footer>button' in '10' second(s)

2021-10-14 17:32:33 - [MESSAGE][INFO] - Smart Wait Function is triggered

2021-10-14 17:32:33 - [MESSAGE][INFO] - Found 1 web elements with id: 'Object Repository/Popup/Popup_Butons' located by 'By.cssSelector: .modal-footer>button' in '10' second(s)

2021-10-14 17:32:33 - [MESSAGE][PASSED] - Method.TextDegerineEsitElementeTikla is PASSED

2021-10-14 17:32:33 - [MESSAGE][PASSED] - Call Test Case 'Test Cases/Popup/PopupButonSecilir' successfully

2021-10-14 17:32:33 - [MESSAGE][INFO] - Checking called Test Case

2021-10-14 17:32:33 - [MESSAGE][INFO] - Starting to call Test Case 'Test Cases/Menu/AnaMenuSecimi'

2021-10-14 17:32:34 - [TEST_CASE][PASSED] - Test Cases/Menu/AnaMenuSecimi: Test Cases/Menu/AnaMenuSecimi

2021-10-14 17:32:34 - [TEST_STEP][PASSED] - Method.TextDegerineEsitElementeTikla(findTestObject("Menu/Ana_Menu"), Ana_Menu): Method.TextDegerineEsitElementeTikla is PASSED

2021-10-14 17:32:34 - [MESSAGE][INFO] - Finding Test Object 'Object Repository/Menu/Ana_Menu'

2021-10-14 17:32:34 - [MESSAGE][INFO] - Checking timeout

2021-10-14 17:32:34 - [MESSAGE][INFO] - Finding web element with id: 'Object Repository/Menu/Ana_Menu' located by 'By.xpath: //*[@class = 'dropdown-toggle']' in '10' second(s)

2021-10-14 17:32:34 - [MESSAGE][INFO] - Smart Wait Function is triggered

2021-10-14 17:32:34 - [MESSAGE][INFO] - Found 14 web elements with id: 'Object Repository/Menu/Ana_Menu' located by 'By.xpath: //*[@class = 'dropdown-toggle']' in '10' second(s)

2021-10-14 17:32:34 - [MESSAGE][PASSED] - Method.TextDegerineEsitElementeTikla is PASSED

2021-10-14 17:32:34 - [MESSAGE][PASSED] - Call Test Case 'Test Cases/Menu/AnaMenuSecimi' successfully

2021-10-14 17:32:34 - [MESSAGE][INFO] - Checking called Test Case

2021-10-14 17:32:34 - [MESSAGE][INFO] - Starting to call Test Case 'Test Cases/Menu/AltMenuSecimi'

2021-10-14 17:32:35 - [TEST_CASE][PASSED] - Test Cases/Menu/AltMenuSecimi: Test Cases/Menu/AltMenuSecimi

2021-10-14 17:32:35 - [TEST_STEP][PASSED] - Method.TextDegerineEsitElementeTikla(findTestObject("Menu/Alt_Menu"), Alt_Menu): Method.TextDegerineEsitElementeTikla is PASSED

2021-10-14 17:32:35 - [MESSAGE][INFO] - Finding Test Object 'Object Repository/Menu/Alt_Menu'

2021-10-14 17:32:35 - [MESSAGE][INFO] - Checking timeout

2021-10-14 17:32:35 - [MESSAGE][INFO] - Finding web element with id: 'Object Repository/Menu/Alt_Menu' located by 'By.xpath: //li[@class='dropdown dropdown-large open']//li[@class='dropdown-element']' in '10' second(s)

2021-10-14 17:32:35 - [MESSAGE][INFO] - Smart Wait Function is triggered

2021-10-14 17:32:35 - [MESSAGE][INFO] - Found 9 web elements with id: 'Object Repository/Menu/Alt_Menu' located by 'By.xpath: //li[@class='dropdown dropdown-large open']//li[@class='dropdown-element']' in '10' second(s)

2021-10-14 17:32:36 - [MESSAGE][PASSED] - Method.TextDegerineEsitElementeTikla is PASSED

2021-10-14 17:32:36 - [MESSAGE][PASSED] - Call Test Case 'Test Cases/Menu/AltMenuSecimi' successfully

2021-10-14 17:32:36 - [MESSAGE][INFO] - Checking called Test Case

2021-10-14 17:32:36 - [MESSAGE][INFO] - Starting to call Test Case 'Test Cases/Filtreler/RaporNoYaz'

2021-10-14 17:32:36 - [TEST_CASE][PASSED] - Test Cases/Filtreler/RaporNoYaz: Test Cases/Filtreler/RaporNoYaz

2021-10-14 17:32:36 - [TEST_STEP][PASSED] - Method.TextDegerineEsitElementinAltindakiTextboxtaYaz(findTestObject("Filtreler/Basliklar"), findTestObject("Filtreler/Basliga_Gore_Textbox"), "Talep No", RaporNo): Method.TextDegerineEsitElementinAltindakiTextboxtaYaz is PASSED

2021-10-14 17:32:36 - [MESSAGE][INFO] - Finding Test Object 'Object Repository/Filtreler/Basliklar'

2021-10-14 17:32:36 - [MESSAGE][INFO] - Finding Test Object 'Object Repository/Filtreler/Basliga_Gore_Textbox'

2021-10-14 17:32:36 - [MESSAGE][INFO] - Checking timeout

2021-10-14 17:32:36 - [MESSAGE][INFO] - Finding web element with id: 'Object Repository/Filtreler/Basliklar' located by 'By.cssSelector: .control-label.col-sm-4.paddingMarginRLC' in '10' second(s)

2021-10-14 17:32:36 - [MESSAGE][INFO] - Smart Wait Function is triggered

2021-10-14 17:32:37 - [MESSAGE][INFO] - Found 8 web elements with id: 'Object Repository/Filtreler/Basliklar' located by 'By.cssSelector: .control-label.col-sm-4.paddingMarginRLC' in '10' second(s)

2021-10-14 17:32:37 - [MESSAGE][INFO] - Smart Wait Function is triggered

2021-10-14 17:32:37 - [MESSAGE][PASSED] - Method.TextDegerineEsitElementinAltindakiTextboxtaYaz is PASSED

2021-10-14 17:32:37 - [MESSAGE][PASSED] - Call Test Case 'Test Cases/Filtreler/RaporNoYaz' successfully

2021-10-14 17:32:37 - [MESSAGE][INFO] - Checking called Test Case

2021-10-14 17:32:37 - [MESSAGE][INFO] - Starting to call Test Case 'Test Cases/Filtreler/ButonaTikla'

2021-10-14 17:32:37 - [TEST_CASE][PASSED] - Test Cases/Filtreler/ButonaTikla: Test Cases/Filtreler/ButonaTikla

2021-10-14 17:32:37 - [TEST_STEP][PASSED] - Method.TextDegerineEsitElementeTikla(findTestObject("Filtreler/Butonlar"), Filtre_Buton): Method.TextDegerineEsitElementeTikla is PASSED

2021-10-14 17:32:37 - [MESSAGE][INFO] - Finding Test Object 'Object Repository/Filtreler/Butonlar'

2021-10-14 17:32:37 - [MESSAGE][INFO] - Checking timeout

2021-10-14 17:32:37 - [MESSAGE][INFO] - Finding web element with id: 'Object Repository/Filtreler/Butonlar' located by 'By.cssSelector: .dxb>span' in '10' second(s)

2021-10-14 17:32:37 - [MESSAGE][INFO] - Smart Wait Function is triggered

2021-10-14 17:32:38 - [MESSAGE][INFO] - Found 2 web elements with id: 'Object Repository/Filtreler/Butonlar' located by 'By.cssSelector: .dxb>span' in '10' second(s)

2021-10-14 17:32:38 - [MESSAGE][PASSED] - Method.TextDegerineEsitElementeTikla is PASSED

2021-10-14 17:32:38 - [MESSAGE][PASSED] - Call Test Case 'Test Cases/Filtreler/ButonaTikla' successfully

2021-10-14 17:32:38 - [MESSAGE][INFO] - Checking called Test Case

2021-10-14 17:32:38 - [MESSAGE][INFO] - Starting to call Test Case 'Test Cases/Tablo/TablodaVeriVarMi'

2021-10-14 17:32:38 - [TEST_CASE][PASSED] - Test Cases/Tablo/TablodaVeriVarMi: Test Cases/Tablo/TablodaVeriVarMi

2021-10-14 17:32:38 - [TEST_STEP][PASSED] - verifyTextNotPresent("Görüntülenecek veri yok", true): Text 'Görüntülenecek veri yok' is not present on page using regular expression

2021-10-14 17:32:38 - [MESSAGE][INFO] - Checking text present  using regular expression

2021-10-14 17:32:38 - [MESSAGE][INFO] - Smart Wait Function is triggered

2021-10-14 17:32:44 - [MESSAGE][INFO] - Finding text 'Görüntülenecek veri yok' on page  using regular expression

2021-10-14 17:32:44 - [MESSAGE][PASSED] - Text 'Görüntülenecek veri yok' is not present on page using regular expression

2021-10-14 17:32:44 - [MESSAGE][PASSED] - Call Test Case 'Test Cases/Tablo/TablodaVeriVarMi' successfully

2021-10-14 17:32:44 - [MESSAGE][INFO] - Checking called Test Case

2021-10-14 17:32:44 - [MESSAGE][INFO] - Starting to call Test Case 'Test Cases/Kullanici_Islemleri/KullaniciIslemlerindenSecimYapilir'

2021-10-14 17:32:44 - [TEST_CASE][PASSED] - Test Cases/Kullanici_Islemleri/KullaniciIslemlerindenSecimYapilir: Test Cases/Kullanici_Islemleri/KullaniciIslemlerindenSecimYapilir

2021-10-14 17:32:44 - [TEST_STEP][PASSED] - waitForElementClickable(findTestObject("Object Repository/Kullanici_Islemleri/KullaniciIslemleri"), 10): Object 'Object Repository/Kullanici_Islemleri/KullaniciIslemleri' is clickable

2021-10-14 17:32:44 - [MESSAGE][INFO] - Finding Test Object 'Object Repository/Kullanici_Islemleri/KullaniciIslemleri'

2021-10-14 17:32:45 - [MESSAGE][INFO] - Checking object

2021-10-14 17:32:45 - [MESSAGE][INFO] - Checking timeout

2021-10-14 17:32:45 - [MESSAGE][INFO] - Finding web element from Test Object's properties

2021-10-14 17:32:45 - [MESSAGE][INFO] - Checking timeout

2021-10-14 17:32:45 - [MESSAGE][INFO] - Finding web element with id: 'Object Repository/Kullanici_Islemleri/KullaniciIslemleri' located by 'By.cssSelector: .dropdown>a>img' in '10' second(s)

2021-10-14 17:32:45 - [MESSAGE][INFO] - Smart Wait Function is triggered

2021-10-14 17:32:45 - [MESSAGE][INFO] - Found 1 web elements with id: 'Object Repository/Kullanici_Islemleri/KullaniciIslemleri' located by 'By.cssSelector: .dropdown>a>img' in '10' second(s)

2021-10-14 17:32:45 - [MESSAGE][PASSED] - Object 'Object Repository/Kullanici_Islemleri/KullaniciIslemleri' is clickable

2021-10-14 17:32:45 - [TEST_STEP][PASSED] - click(findTestObject("Object Repository/Kullanici_Islemleri/KullaniciIslemleri")): Object: 'Object Repository/Kullanici_Islemleri/KullaniciIslemleri' is clicked on

2021-10-14 17:32:45 - [MESSAGE][INFO] - Finding Test Object 'Object Repository/Kullanici_Islemleri/KullaniciIslemleri'

2021-10-14 17:32:45 - [MESSAGE][INFO] - Checking object

2021-10-14 17:32:45 - [MESSAGE][INFO] - Finding web element from Test Object's properties

2021-10-14 17:32:45 - [MESSAGE][INFO] - Checking timeout

2021-10-14 17:32:45 - [MESSAGE][INFO] - Finding web element with id: 'Object Repository/Kullanici_Islemleri/KullaniciIslemleri' located by 'By.cssSelector: .dropdown>a>img' in '30' second(s)

2021-10-14 17:32:45 - [MESSAGE][INFO] - Smart Wait Function is triggered

2021-10-14 17:32:45 - [MESSAGE][INFO] - Found 1 web elements with id: 'Object Repository/Kullanici_Islemleri/KullaniciIslemleri' located by 'By.cssSelector: .dropdown>a>img' in '30' second(s)

2021-10-14 17:32:45 - [MESSAGE][INFO] - Clicking on object: 'Object Repository/Kullanici_Islemleri/KullaniciIslemleri'

2021-10-14 17:32:45 - [MESSAGE][PASSED] - Object: 'Object Repository/Kullanici_Islemleri/KullaniciIslemleri' is clicked on

2021-10-14 17:32:45 - [TEST_STEP][PASSED] - Method.TextDegerineEsitElementeTikla(findTestObject("Object Repository/Kullanici_Islemleri/Secenekler"), Islem): Method.TextDegerineEsitElementeTikla is PASSED

2021-10-14 17:32:45 - [MESSAGE][INFO] - Finding Test Object 'Object Repository/Kullanici_Islemleri/Secenekler'

2021-10-14 17:32:46 - [MESSAGE][INFO] - Checking timeout

2021-10-14 17:32:46 - [MESSAGE][INFO] - Finding web element with id: 'Object Repository/Kullanici_Islemleri/Secenekler' located by 'By.cssSelector: .nav.navbar-nav.navbar-right li a' in '10' second(s)

2021-10-14 17:32:46 - [MESSAGE][INFO] - Smart Wait Function is triggered

2021-10-14 17:32:46 - [MESSAGE][INFO] - Found 22 web elements with id: 'Object Repository/Kullanici_Islemleri/Secenekler' located by 'By.cssSelector: .nav.navbar-nav.navbar-right li a' in '10' second(s)

2021-10-14 17:32:48 - [MESSAGE][PASSED] - Method.TextDegerineEsitElementeTikla is PASSED

2021-10-14 17:32:48 - [TEST_STEP][PASSED] - verifyElementNotPresent(findTestObject("Object Repository/Kullanici_Islemleri/Secenekler"), 10): Web element with id: 'Object Repository/Kullanici_Islemleri/Secenekler' located by 'By.cssSelector: .nav.navbar-nav.navbar-right li a' is not present after '10' second(s)

2021-10-14 17:32:48 - [MESSAGE][INFO] - Finding Test Object 'Object Repository/Kullanici_Islemleri/Secenekler'

2021-10-14 17:32:48 - [MESSAGE][INFO] - Checking object

2021-10-14 17:32:48 - [MESSAGE][INFO] - Checking timeout

2021-10-14 17:32:48 - [MESSAGE][INFO] - Finding web element with id: 'Object Repository/Kullanici_Islemleri/Secenekler' located by 'By.cssSelector: .nav.navbar-nav.navbar-right li a' in '10' second(s)

2021-10-14 17:32:48 - [MESSAGE][INFO] - Smart Wait Function is triggered

2021-10-14 17:32:49 - [MESSAGE][PASSED] - Web element with id: 'Object Repository/Kullanici_Islemleri/Secenekler' located by 'By.cssSelector: .nav.navbar-nav.navbar-right li a' is not present after '10' second(s)

2021-10-14 17:32:49 - [MESSAGE][PASSED] - Call Test Case 'Test Cases/Kullanici_Islemleri/KullaniciIslemlerindenSecimYapilir' successfully

2021-10-14 17:32:49 - [TEST_CASE][PASSED] - Start Test Case : SCENARIO e-Irsaliye Gelen Kutusu Toplu Indirme - PDF Secilenlerin indirilmesi: SCENARIO e-Irsaliye Gelen Kutusu Toplu Indirme - PDF Secilenlerin indirilmesi

2021-10-14 17:32:49 - [TEST_STEP][PASSED] - Kullanıcı adı ELOGO6 ve Şifre 123456 olarak giriş yapılır: Kullanıcı adı ELOGO6 ve Şifre 123456 olarak giriş yapılır

2021-10-14 17:32:49 - [MESSAGE][PASSED] - Kullanıcı adı ELOGO6 ve Şifre 123456 olarak giriş yapılır

2021-10-14 17:32:49 - [TEST_STEP][PASSED] - Ana menüden e-İrsaliye seçilir: Ana menüden e-İrsaliye seçilir

2021-10-14 17:32:49 - [MESSAGE][PASSED] - Ana menüden e-İrsaliye seçilir

2021-10-14 17:32:49 - [TEST_STEP][PASSED] - Alt menü Gelen Kutusu başlığı altındaki İrsaliyeler seçilir: Alt menü Gelen Kutusu başlığı altındaki İrsaliyeler seçilir

2021-10-14 17:32:49 - [MESSAGE][PASSED] - Alt menü Gelen Kutusu başlığı altındaki İrsaliyeler seçilir

2021-10-14 17:32:49 - [TEST_STEP][PASSED] - Filtrelerden Oluşturma Tarihi filtresine 01.12.2020 baslangic degerini yaz: Filtrelerden Oluşturma Tarihi filtresine 01.12.2020 baslangic degerini yaz

2021-10-14 17:32:49 - [MESSAGE][PASSED] - Filtrelerden Oluşturma Tarihi filtresine 01.12.2020 baslangic degerini yaz

2021-10-14 17:32:49 - [TEST_STEP][PASSED] - Filtrelerden Oluşturma Tarihi filtresine 31.12.2020 bitis degerini yaz: Filtrelerden Oluşturma Tarihi filtresine 31.12.2020 bitis degerini yaz

2021-10-14 17:32:49 - [MESSAGE][PASSED] - Filtrelerden Oluşturma Tarihi filtresine 31.12.2020 bitis degerini yaz

2021-10-14 17:32:49 - [TEST_STEP][PASSED] - Filtrelerden Gönderici Ünvanı filtresine Logo Elektronik GIB Test textini yaz: Filtrelerden Gönderici Ünvanı filtresine Logo Elektronik GIB Test textini yaz

2021-10-14 17:32:49 - [MESSAGE][PASSED] - Filtrelerden Gönderici Ünvanı filtresine Logo Elektronik GIB Test textini yaz

2021-10-14 17:32:49 - [TEST_STEP][PASSED] - Filtre butonlarından Listele seçilir: Filtre butonlarından Listele seçilir

2021-10-14 17:32:49 - [MESSAGE][PASSED] - Filtre butonlarından Listele seçilir

2021-10-14 17:32:49 - [TEST_STEP][PASSED] - Tabloda veri var mı kontrol edilir: Tabloda veri var mı kontrol edilir

2021-10-14 17:32:49 - [MESSAGE][PASSED] - Tabloda veri var mı kontrol edilir

2021-10-14 17:32:49 - [TEST_STEP][PASSED] - Tablodan Logo Elektronik GIB Test isimli veri seçilir: Tablodan Logo Elektronik GIB Test isimli veri seçilir

2021-10-14 17:32:49 - [MESSAGE][PASSED] - Tablodan Logo Elektronik GIB Test isimli veri seçilir

2021-10-14 17:32:49 - [TEST_STEP][PASSED] - Butonlardan Toplu İndirme isimli butona tıklanır: Butonlardan Toplu İndirme isimli butona tıklanır

2021-10-14 17:32:49 - [MESSAGE][PASSED] - Butonlardan Toplu İndirme isimli butona tıklanır

2021-10-14 17:32:49 - [TEST_STEP][PASSED] - Alt butonlardan PDF Seçilenleri İndir butonuna tıklanır: Alt butonlardan PDF Seçilenleri İndir butonuna tıklanır

2021-10-14 17:32:49 - [MESSAGE][PASSED] - Alt butonlardan PDF Seçilenleri İndir butonuna tıklanır

2021-10-14 17:32:49 - [TEST_STEP][PASSED] - Popup mesajı Lütfen rapor bildiriminin gönderileceği e-posta adresini belirtiniz. içeriyor mu: Popup mesajı Lütfen rapor bildiriminin gönderileceği e-posta adresini belirtiniz. içeriyor mu

2021-10-14 17:32:49 - [MESSAGE][PASSED] - Popup mesajı Lütfen rapor bildiriminin gönderileceği e-posta adresini belirtiniz. içeriyor mu

2021-10-14 17:32:49 - [TEST_STEP][PASSED] - Yönetim popupında Gönder seçilir: Yönetim popupında Gönder seçilir

2021-10-14 17:32:49 - [MESSAGE][PASSED] - Yönetim popupında Gönder seçilir

2021-10-14 17:32:49 - [TEST_STEP][PASSED] - Popup mesajı Toplu Veri İndirme içeriyor mu: Popup mesajı Toplu Veri İndirme içeriyor mu

2021-10-14 17:32:49 - [MESSAGE][PASSED] - Popup mesajı Toplu Veri İndirme içeriyor mu

2021-10-14 17:32:49 - [TEST_STEP][PASSED] - Yönetim popupında Tamam seçilir: Yönetim popupında Tamam seçilir

2021-10-14 17:32:49 - [MESSAGE][PASSED] - Yönetim popupında Tamam seçilir

2021-10-14 17:32:49 - [TEST_STEP][PASSED] - Butonlardan Toplu İndirme isimli butona tıklanır: Butonlardan Toplu İndirme isimli butona tıklanır

2021-10-14 17:32:49 - [MESSAGE][PASSED] - Butonlardan Toplu İndirme isimli butona tıklanır

2021-10-14 17:32:49 - [TEST_STEP][PASSED] - Alt butonlardan PDF Tümünü İndir butonuna tıklanır: Alt butonlardan PDF Tümünü İndir butonuna tıklanır

2021-10-14 17:32:49 - [MESSAGE][PASSED] - Alt butonlardan PDF Tümünü İndir butonuna tıklanır

2021-10-14 17:32:49 - [TEST_STEP][PASSED] - Popup mesajı Lütfen rapor bildiriminin gönderileceği e-posta adresini belirtiniz. içeriyor mu: Popup mesajı Lütfen rapor bildiriminin gönderileceği e-posta adresini belirtiniz. içeriyor mu

2021-10-14 17:32:49 - [MESSAGE][PASSED] - Popup mesajı Lütfen rapor bildiriminin gönderileceği e-posta adresini belirtiniz. içeriyor mu

2021-10-14 17:32:49 - [TEST_STEP][PASSED] - Yönetim popupında Gönder seçilir: Yönetim popupında Gönder seçilir

2021-10-14 17:32:49 - [MESSAGE][PASSED] - Yönetim popupında Gönder seçilir

2021-10-14 17:32:49 - [TEST_STEP][PASSED] - Popup mesajı Toplu Veri İndirme içeriyor mu: Popup mesajı Toplu Veri İndirme içeriyor mu

2021-10-14 17:32:49 - [MESSAGE][PASSED] - Popup mesajı Toplu Veri İndirme içeriyor mu

2021-10-14 17:32:49 - [TEST_STEP][PASSED] - Yönetim popupında Tamam seçilir: Yönetim popupında Tamam seçilir

2021-10-14 17:32:49 - [MESSAGE][PASSED] - Yönetim popupında Tamam seçilir

2021-10-14 17:32:49 - [TEST_STEP][PASSED] - Butonlardan Toplu İndirme isimli butona tıklanır: Butonlardan Toplu İndirme isimli butona tıklanır

2021-10-14 17:32:49 - [MESSAGE][PASSED] - Butonlardan Toplu İndirme isimli butona tıklanır

2021-10-14 17:32:49 - [TEST_STEP][PASSED] - Alt butonlardan UBL Seçilenleri İndir butonuna tıklanır: Alt butonlardan UBL Seçilenleri İndir butonuna tıklanır

2021-10-14 17:32:49 - [MESSAGE][PASSED] - Alt butonlardan UBL Seçilenleri İndir butonuna tıklanır

2021-10-14 17:32:49 - [TEST_STEP][PASSED] - Popup mesajı Lütfen rapor bildiriminin gönderileceği e-posta adresini belirtiniz. içeriyor mu: Popup mesajı Lütfen rapor bildiriminin gönderileceği e-posta adresini belirtiniz. içeriyor mu

2021-10-14 17:32:49 - [MESSAGE][PASSED] - Popup mesajı Lütfen rapor bildiriminin gönderileceği e-posta adresini belirtiniz. içeriyor mu

2021-10-14 17:32:49 - [TEST_STEP][PASSED] - Yönetim popupında Gönder seçilir: Yönetim popupında Gönder seçilir

2021-10-14 17:32:49 - [MESSAGE][PASSED] - Yönetim popupında Gönder seçilir

2021-10-14 17:32:49 - [TEST_STEP][PASSED] - Popup mesajı Toplu Veri İndirme içeriyor mu: Popup mesajı Toplu Veri İndirme içeriyor mu

2021-10-14 17:32:49 - [MESSAGE][PASSED] - Popup mesajı Toplu Veri İndirme içeriyor mu

2021-10-14 17:32:49 - [TEST_STEP][PASSED] - Yönetim popupında Tamam seçilir: Yönetim popupında Tamam seçilir

2021-10-14 17:32:49 - [MESSAGE][PASSED] - Yönetim popupında Tamam seçilir

2021-10-14 17:32:49 - [TEST_STEP][PASSED] - Butonlardan Toplu İndirme isimli butona tıklanır: Butonlardan Toplu İndirme isimli butona tıklanır

2021-10-14 17:32:49 - [MESSAGE][PASSED] - Butonlardan Toplu İndirme isimli butona tıklanır

2021-10-14 17:32:49 - [TEST_STEP][PASSED] - Alt butonlardan UBL Tümünü İndir butonuna tıklanır: Alt butonlardan UBL Tümünü İndir butonuna tıklanır

2021-10-14 17:32:49 - [MESSAGE][PASSED] - Alt butonlardan UBL Tümünü İndir butonuna tıklanır

2021-10-14 17:32:49 - [TEST_STEP][PASSED] - Popup mesajı Lütfen rapor bildiriminin gönderileceği e-posta adresini belirtiniz. içeriyor mu: Popup mesajı Lütfen rapor bildiriminin gönderileceği e-posta adresini belirtiniz. içeriyor mu

2021-10-14 17:32:49 - [MESSAGE][PASSED] - Popup mesajı Lütfen rapor bildiriminin gönderileceği e-posta adresini belirtiniz. içeriyor mu

2021-10-14 17:32:49 - [TEST_STEP][PASSED] - Yönetim popupında Gönder seçilir: Yönetim popupında Gönder seçilir

2021-10-14 17:32:49 - [MESSAGE][PASSED] - Yönetim popupında Gönder seçilir

2021-10-14 17:32:49 - [TEST_STEP][PASSED] - Popup mesajı Toplu Veri İndirme içeriyor mu: Popup mesajı Toplu Veri İndirme içeriyor mu

2021-10-14 17:32:49 - [MESSAGE][PASSED] - Popup mesajı Toplu Veri İndirme içeriyor mu

2021-10-14 17:32:49 - [TEST_STEP][PASSED] - Yönetim popupında Tamam seçilir: Yönetim popupında Tamam seçilir

2021-10-14 17:32:49 - [MESSAGE][PASSED] - Yönetim popupında Tamam seçilir

2021-10-14 17:32:49 - [TEST_STEP][PASSED] - Ana menüden Raporlar seçilir: Ana menüden Raporlar seçilir

2021-10-14 17:32:49 - [MESSAGE][PASSED] - Ana menüden Raporlar seçilir

2021-10-14 17:32:49 - [TEST_STEP][PASSED] - Alt menüden Toplu Veri İndirme seçilir: Alt menüden Toplu Veri İndirme seçilir

2021-10-14 17:32:49 - [MESSAGE][PASSED] - Alt menüden Toplu Veri İndirme seçilir

2021-10-14 17:32:49 - [TEST_STEP][PASSED] - Filtrelerden Talep No filtresine Rapor No bilgisi yaz: Filtrelerden Talep No filtresine Rapor No bilgisi yaz

2021-10-14 17:32:49 - [MESSAGE][PASSED] - Filtrelerden Talep No filtresine Rapor No bilgisi yaz

2021-10-14 17:32:49 - [TEST_STEP][PASSED] - Filtre butonlarından Listele seçilir: Filtre butonlarından Listele seçilir

2021-10-14 17:32:49 - [MESSAGE][PASSED] - Filtre butonlarından Listele seçilir

2021-10-14 17:32:49 - [TEST_STEP][PASSED] - Tabloda veri var mı kontrol edilir: Tabloda veri var mı kontrol edilir

2021-10-14 17:32:49 - [MESSAGE][PASSED] - Tabloda veri var mı kontrol edilir

2021-10-14 17:32:49 - [TEST_STEP][PASSED] - Kullanıcı işlemlerinden Çıkış seçilir: Kullanıcı işlemlerinden Çıkış seçilir

2021-10-14 17:32:49 - [MESSAGE][PASSED] - Kullanıcı işlemlerinden Çıkış seçilir

2021-10-14 17:32:49 - [MESSAGE][PASSED] - Feature file: 'Include/features/e-Irsaliye/Gelen Kutusu/Irsaliyeler/Toplu Indirme.feature' was passed

2021-10-14 17:32:49 - [TEST_STEP][PASSED] - Start listener action : sampleAfterTestSuite: Invoke 'com.kms.katalon.core.annotation.AfterTestCase' method: 'Listener.sampleAfterTestSuite(...)' completed.

2021-10-14 17:32:49 - [MESSAGE][INFO] - Starting invoke 'com.kms.katalon.core.annotation.AfterTestCase' method: 'Listener.sampleAfterTestSuite(...)'

2021-10-14 17:32:49 - [TEST_STEP][PASSED] - closeBrowser(): Invoke 'com.kms.katalon.core.annotation.AfterTestCase' method: 'Listener.sampleAfterTestSuite(...)' completed.

2021-10-14 17:32:49 - [MESSAGE][INFO] - Closing browser

2021-10-14 17:32:49 - [MESSAGE][PASSED] - Browser is closed

2021-10-14 17:32:49 - [MESSAGE][INFO] - Invoke 'com.kms.katalon.core.annotation.AfterTestCase' method: 'Listener.sampleAfterTestSuite(...)' completed.]]></system-out>
         <system-err><![CDATA[]]></system-err>
      </testcase>
      <testcase name="Test Cases/Case Repository/e-Irsaliye/Giden Kutusu/Irsaliye Yanitlari/Excele Aktar" time="50.993" classname="Test Cases/Case Repository/e-Irsaliye/Giden Kutusu/Irsaliye Yanitlari/Excele Aktar" status="PASSED">
         <system-out><![CDATA[2021-10-14 17:32:50 - [TEST_CASE][PASSED] - Test Cases/Case Repository/e-Irsaliye/Giden Kutusu/Irsaliye Yanitlari/Excele Aktar: Test Cases/Case Repository/e-Irsaliye/Giden Kutusu/Irsaliye Yanitlari/Excele Aktar

2021-10-14 17:32:50 - [TEST_STEP][PASSED] - Start listener action : sampleBeforeTestSuite: Invoke 'com.kms.katalon.core.annotation.BeforeTestCase' method: 'Listener.sampleBeforeTestSuite(...)' completed.

2021-10-14 17:32:50 - [MESSAGE][INFO] - Starting invoke 'com.kms.katalon.core.annotation.BeforeTestCase' method: 'Listener.sampleBeforeTestSuite(...)'

2021-10-14 17:32:50 - [TEST_STEP][PASSED] - openBrowser(baseUrl): Browser is opened with url: 'https://efatura-stage.elogo.com.tr/'

2021-10-14 17:32:50 - [MESSAGE][INFO] - Opening browser

2021-10-14 17:32:50 - [MESSAGE][INFO] - Starting 'Chrome' driver

2021-10-14 17:32:50 - [MESSAGE][INFO] - User set preference: ['prefs', '{download.default_directory=C:\otomasyondownfiles}']

2021-10-14 17:32:50 - [MESSAGE][INFO] - Action delay is set to 0 milliseconds

2021-10-14 17:32:51 - [MESSAGE][INFO] - Navigating browser to: 'https://efatura-stage.elogo.com.tr/'

2021-10-14 17:32:53 - [MESSAGE][PASSED] - Browser is opened with url: 'https://efatura-stage.elogo.com.tr/'

2021-10-14 17:32:53 - [TEST_STEP][PASSED] - maximizeWindow(): Invoke 'com.kms.katalon.core.annotation.BeforeTestCase' method: 'Listener.sampleBeforeTestSuite(...)' completed.

2021-10-14 17:32:53 - [MESSAGE][INFO] - Maximizing current window

2021-10-14 17:32:53 - [MESSAGE][PASSED] - Current window maximized

2021-10-14 17:32:53 - [MESSAGE][INFO] - Invoke 'com.kms.katalon.core.annotation.BeforeTestCase' method: 'Listener.sampleBeforeTestSuite(...)' completed.

2021-10-14 17:32:54 - [TEST_STEP][PASSED] - runFeatureFile("Include/features/e-Irsaliye/Giden Kutusu/Irsaliye Yanitlari/Excele Aktar.feature"): Feature file: 'Include/features/e-Irsaliye/Giden Kutusu/Irsaliye Yanitlari/Excele Aktar.feature' was passed

2021-10-14 17:32:54 - [MESSAGE][INFO] - Starting run keyword runFeatureFile: 'Include/features/e-Irsaliye/Giden Kutusu/Irsaliye Yanitlari/Excele Aktar.feature' and extract report to folder: 'C:\Users\DELL\Downloads\EES_Katalon-main\Reports\20211014_170112\Suite Repository\ExceleAktarVeTopluIndirme\20211014_170125/cucumber_report/1634221974106'...

2021-10-14 17:32:54 - [MESSAGE][INFO] - Glue: []

2021-10-14 17:32:54 - [MESSAGE][INFO] - Checking called Test Case

2021-10-14 17:32:54 - [MESSAGE][INFO] - Starting to call Test Case 'Test Cases/Sayfalar/Giris_Sayfasi/Login'

2021-10-14 17:32:54 - [TEST_CASE][PASSED] - Test Cases/Sayfalar/Giris_Sayfasi/Login: Test Cases/Sayfalar/Giris_Sayfasi/Login

2021-10-14 17:32:55 - [TEST_STEP][PASSED] - Sayfa_Basligi = getWindowTitle(): Current window's title is: 'LOGO e-Fatura'

2021-10-14 17:32:55 - [MESSAGE][INFO] - Getting current window's title

2021-10-14 17:32:55 - [MESSAGE][PASSED] - Current window's title is: 'LOGO e-Fatura'

2021-10-14 17:32:55 - [TEST_STEP][PASSED] - verifyMatch(Sayfa_Basligi, "LOGO e-Fatura", false): Actual text 'LOGO e-Fatura' and expected text 'LOGO e-Fatura' are matched 

2021-10-14 17:32:55 - [MESSAGE][INFO] - Matching actual text 'LOGO e-Fatura' with expected text 'LOGO e-Fatura'

2021-10-14 17:32:55 - [MESSAGE][PASSED] - Actual text 'LOGO e-Fatura' and expected text 'LOGO e-Fatura' are matched 

2021-10-14 17:32:55 - [TEST_STEP][PASSED] - sendKeys(findTestObject("Sayfalar/Giris_Sayfasi/Firma_Kodu"), KullaniciAdi): Keys 'ELOGO6' sent to object: 'Object Repository/Sayfalar/Giris_Sayfasi/Firma_Kodu'

2021-10-14 17:32:55 - [MESSAGE][INFO] - Finding Test Object 'Object Repository/Sayfalar/Giris_Sayfasi/Firma_Kodu'

2021-10-14 17:32:55 - [MESSAGE][INFO] - Sending keys 'ELOGO6' to object: 'Object Repository/Sayfalar/Giris_Sayfasi/Firma_Kodu'

2021-10-14 17:32:55 - [MESSAGE][INFO] - Finding web element from Test Object's properties

2021-10-14 17:32:55 - [MESSAGE][INFO] - Checking timeout

2021-10-14 17:32:55 - [MESSAGE][INFO] - Finding web element with id: 'Object Repository/Sayfalar/Giris_Sayfasi/Firma_Kodu' located by 'By.xpath: //*[@id = 'AccountName']' in '30' second(s)

2021-10-14 17:32:55 - [MESSAGE][INFO] - Smart Wait Function is triggered

2021-10-14 17:32:55 - [MESSAGE][INFO] - Found 1 web elements with id: 'Object Repository/Sayfalar/Giris_Sayfasi/Firma_Kodu' located by 'By.xpath: //*[@id = 'AccountName']' in '30' second(s)

2021-10-14 17:32:55 - [MESSAGE][PASSED] - Keys 'ELOGO6' sent to object: 'Object Repository/Sayfalar/Giris_Sayfasi/Firma_Kodu'

2021-10-14 17:32:55 - [TEST_STEP][PASSED] - sendKeys(findTestObject("Sayfalar/Giris_Sayfasi/Sifre"), Sifre): Keys '123456' sent to object: 'Object Repository/Sayfalar/Giris_Sayfasi/Sifre'

2021-10-14 17:32:55 - [MESSAGE][INFO] - Finding Test Object 'Object Repository/Sayfalar/Giris_Sayfasi/Sifre'

2021-10-14 17:32:55 - [MESSAGE][INFO] - Sending keys '123456' to object: 'Object Repository/Sayfalar/Giris_Sayfasi/Sifre'

2021-10-14 17:32:55 - [MESSAGE][INFO] - Finding web element from Test Object's properties

2021-10-14 17:32:55 - [MESSAGE][INFO] - Checking timeout

2021-10-14 17:32:55 - [MESSAGE][INFO] - Finding web element with id: 'Object Repository/Sayfalar/Giris_Sayfasi/Sifre' located by 'By.xpath: //*[@id = 'Password']' in '30' second(s)

2021-10-14 17:32:55 - [MESSAGE][INFO] - Smart Wait Function is triggered

2021-10-14 17:32:55 - [MESSAGE][INFO] - Found 1 web elements with id: 'Object Repository/Sayfalar/Giris_Sayfasi/Sifre' located by 'By.xpath: //*[@id = 'Password']' in '30' second(s)

2021-10-14 17:32:56 - [MESSAGE][PASSED] - Keys '123456' sent to object: 'Object Repository/Sayfalar/Giris_Sayfasi/Sifre'

2021-10-14 17:32:56 - [TEST_STEP][PASSED] - findWebElement(findTestObject("Sayfalar/Giris_Sayfasi/Giris_Butonu")).click(): Found 1 web elements with id: 'Object Repository/Sayfalar/Giris_Sayfasi/Giris_Butonu' located by 'By.cssSelector: #btnLogin' in '30' second(s)

2021-10-14 17:32:56 - [MESSAGE][INFO] - Finding Test Object 'Object Repository/Sayfalar/Giris_Sayfasi/Giris_Butonu'

2021-10-14 17:32:56 - [MESSAGE][INFO] - Finding web element from Test Object's properties

2021-10-14 17:32:56 - [MESSAGE][INFO] - Checking timeout

2021-10-14 17:32:56 - [MESSAGE][INFO] - Finding web element with id: 'Object Repository/Sayfalar/Giris_Sayfasi/Giris_Butonu' located by 'By.cssSelector: #btnLogin' in '30' second(s)

2021-10-14 17:32:56 - [MESSAGE][INFO] - Smart Wait Function is triggered

2021-10-14 17:32:56 - [MESSAGE][INFO] - Found 1 web elements with id: 'Object Repository/Sayfalar/Giris_Sayfasi/Giris_Butonu' located by 'By.cssSelector: #btnLogin' in '30' second(s)

2021-10-14 17:32:59 - [TEST_STEP][PASSED] - if (verifyElementPresent(findTestObject("Object Repository/Sayfalar/Giris_Sayfasi/RetveTamam_Butonu"), 5, OPTIONAL)): null

2021-10-14 17:32:59 - [MESSAGE][INFO] - Finding Test Object 'Object Repository/Sayfalar/Giris_Sayfasi/RetveTamam_Butonu'

2021-10-14 17:32:59 - [MESSAGE][INFO] - Checking object

2021-10-14 17:32:59 - [MESSAGE][INFO] - Finding web element from Test Object's properties

2021-10-14 17:32:59 - [MESSAGE][INFO] - Checking timeout

2021-10-14 17:32:59 - [MESSAGE][INFO] - Finding web element with id: 'Object Repository/Sayfalar/Giris_Sayfasi/RetveTamam_Butonu' located by 'By.xpath: //*[@class = 'btn btn-default']' in '5' second(s)

2021-10-14 17:32:59 - [MESSAGE][INFO] - Smart Wait Function is triggered

2021-10-14 17:32:59 - [MESSAGE][INFO] - Found 1 web elements with id: 'Object Repository/Sayfalar/Giris_Sayfasi/RetveTamam_Butonu' located by 'By.xpath: //*[@class = 'btn btn-default']' in '5' second(s)

2021-10-14 17:32:59 - [MESSAGE][PASSED] - Object 'Object Repository/Sayfalar/Giris_Sayfasi/RetveTamam_Butonu' is present

2021-10-14 17:32:59 - [TEST_STEP][PASSED] - click(findTestObject("Object Repository/Sayfalar/Giris_Sayfasi/RetveTamam_Butonu")): Object: 'Object Repository/Sayfalar/Giris_Sayfasi/RetveTamam_Butonu' is clicked on

2021-10-14 17:32:59 - [MESSAGE][INFO] - Finding Test Object 'Object Repository/Sayfalar/Giris_Sayfasi/RetveTamam_Butonu'

2021-10-14 17:32:59 - [MESSAGE][INFO] - Checking object

2021-10-14 17:32:59 - [MESSAGE][INFO] - Finding web element from Test Object's properties

2021-10-14 17:32:59 - [MESSAGE][INFO] - Checking timeout

2021-10-14 17:32:59 - [MESSAGE][INFO] - Finding web element with id: 'Object Repository/Sayfalar/Giris_Sayfasi/RetveTamam_Butonu' located by 'By.xpath: //*[@class = 'btn btn-default']' in '30' second(s)

2021-10-14 17:32:59 - [MESSAGE][INFO] - Smart Wait Function is triggered

2021-10-14 17:33:00 - [MESSAGE][INFO] - Found 1 web elements with id: 'Object Repository/Sayfalar/Giris_Sayfasi/RetveTamam_Butonu' located by 'By.xpath: //*[@class = 'btn btn-default']' in '30' second(s)

2021-10-14 17:33:00 - [MESSAGE][INFO] - Clicking on object: 'Object Repository/Sayfalar/Giris_Sayfasi/RetveTamam_Butonu'

2021-10-14 17:33:00 - [MESSAGE][PASSED] - Object: 'Object Repository/Sayfalar/Giris_Sayfasi/RetveTamam_Butonu' is clicked on

2021-10-14 17:33:00 - [TEST_STEP][PASSED] - click(findTestObject("Object Repository/Sayfalar/Giris_Sayfasi/RetveTamam_Butonu")): Object: 'Object Repository/Sayfalar/Giris_Sayfasi/RetveTamam_Butonu' is clicked on

2021-10-14 17:33:00 - [MESSAGE][INFO] - Finding Test Object 'Object Repository/Sayfalar/Giris_Sayfasi/RetveTamam_Butonu'

2021-10-14 17:33:00 - [MESSAGE][INFO] - Checking object

2021-10-14 17:33:00 - [MESSAGE][INFO] - Finding web element from Test Object's properties

2021-10-14 17:33:00 - [MESSAGE][INFO] - Checking timeout

2021-10-14 17:33:00 - [MESSAGE][INFO] - Finding web element with id: 'Object Repository/Sayfalar/Giris_Sayfasi/RetveTamam_Butonu' located by 'By.xpath: //*[@class = 'btn btn-default']' in '30' second(s)

2021-10-14 17:33:00 - [MESSAGE][INFO] - Smart Wait Function is triggered

2021-10-14 17:33:03 - [MESSAGE][INFO] - Found 1 web elements with id: 'Object Repository/Sayfalar/Giris_Sayfasi/RetveTamam_Butonu' located by 'By.xpath: //*[@class = 'btn btn-default']' in '30' second(s)

2021-10-14 17:33:03 - [MESSAGE][INFO] - Clicking on object: 'Object Repository/Sayfalar/Giris_Sayfasi/RetveTamam_Butonu'

2021-10-14 17:33:03 - [MESSAGE][PASSED] - Object: 'Object Repository/Sayfalar/Giris_Sayfasi/RetveTamam_Butonu' is clicked on

2021-10-14 17:33:03 - [TEST_STEP][PASSED] - if (verifyElementPresent(findTestObject("Sayfalar/Giris_Sayfasi/PopupOK"), 5, OPTIONAL)): null

2021-10-14 17:33:03 - [MESSAGE][INFO] - Finding Test Object 'Object Repository/Sayfalar/Giris_Sayfasi/PopupOK'

2021-10-14 17:33:03 - [MESSAGE][INFO] - Checking object

2021-10-14 17:33:03 - [MESSAGE][INFO] - Finding web element from Test Object's properties

2021-10-14 17:33:03 - [MESSAGE][INFO] - Checking timeout

2021-10-14 17:33:03 - [MESSAGE][INFO] - Finding web element with id: 'Object Repository/Sayfalar/Giris_Sayfasi/PopupOK' located by 'By.cssSelector: .btn.btn-success' in '5' second(s)

2021-10-14 17:33:03 - [MESSAGE][INFO] - Smart Wait Function is triggered

2021-10-14 17:33:04 - [MESSAGE][INFO] - Found 1 web elements with id: 'Object Repository/Sayfalar/Giris_Sayfasi/PopupOK' located by 'By.cssSelector: .btn.btn-success' in '5' second(s)

2021-10-14 17:33:04 - [MESSAGE][PASSED] - Object 'Object Repository/Sayfalar/Giris_Sayfasi/PopupOK' is present

2021-10-14 17:33:04 - [TEST_STEP][PASSED] - click(findTestObject("Object Repository/Sayfalar/Giris_Sayfasi/PopupCarpiGiris")): Object: 'Object Repository/Sayfalar/Giris_Sayfasi/PopupCarpiGiris' is clicked on

2021-10-14 17:33:04 - [MESSAGE][INFO] - Finding Test Object 'Object Repository/Sayfalar/Giris_Sayfasi/PopupCarpiGiris'

2021-10-14 17:33:04 - [MESSAGE][INFO] - Checking object

2021-10-14 17:33:04 - [MESSAGE][INFO] - Finding web element from Test Object's properties

2021-10-14 17:33:04 - [MESSAGE][INFO] - Checking timeout

2021-10-14 17:33:04 - [MESSAGE][INFO] - Finding web element with id: 'Object Repository/Sayfalar/Giris_Sayfasi/PopupCarpiGiris' located by 'By.cssSelector: .bootbox-close-button.close' in '30' second(s)

2021-10-14 17:33:04 - [MESSAGE][INFO] - Smart Wait Function is triggered

2021-10-14 17:33:04 - [MESSAGE][INFO] - Found 1 web elements with id: 'Object Repository/Sayfalar/Giris_Sayfasi/PopupCarpiGiris' located by 'By.cssSelector: .bootbox-close-button.close' in '30' second(s)

2021-10-14 17:33:04 - [MESSAGE][INFO] - Clicking on object: 'Object Repository/Sayfalar/Giris_Sayfasi/PopupCarpiGiris'

2021-10-14 17:33:05 - [MESSAGE][PASSED] - Object: 'Object Repository/Sayfalar/Giris_Sayfasi/PopupCarpiGiris' is clicked on

2021-10-14 17:33:05 - [TEST_STEP][PASSED] - verifyElementVisible(findTestObject("Object Repository/Kullanici_Islemleri/KullaniciIslemleri")): Object 'Object Repository/Kullanici_Islemleri/KullaniciIslemleri' is visible

2021-10-14 17:33:05 - [MESSAGE][INFO] - Finding Test Object 'Object Repository/Kullanici_Islemleri/KullaniciIslemleri'

2021-10-14 17:33:05 - [MESSAGE][INFO] - Checking object

2021-10-14 17:33:05 - [MESSAGE][INFO] - Finding web element from Test Object's properties

2021-10-14 17:33:05 - [MESSAGE][INFO] - Checking timeout

2021-10-14 17:33:05 - [MESSAGE][INFO] - Finding web element with id: 'Object Repository/Kullanici_Islemleri/KullaniciIslemleri' located by 'By.cssSelector: .dropdown>a>img' in '30' second(s)

2021-10-14 17:33:05 - [MESSAGE][INFO] - Smart Wait Function is triggered

2021-10-14 17:33:05 - [MESSAGE][INFO] - Found 1 web elements with id: 'Object Repository/Kullanici_Islemleri/KullaniciIslemleri' located by 'By.cssSelector: .dropdown>a>img' in '30' second(s)

2021-10-14 17:33:05 - [MESSAGE][PASSED] - Object 'Object Repository/Kullanici_Islemleri/KullaniciIslemleri' is visible

2021-10-14 17:33:05 - [MESSAGE][PASSED] - Call Test Case 'Test Cases/Sayfalar/Giris_Sayfasi/Login' successfully

2021-10-14 17:33:05 - [MESSAGE][INFO] - Checking called Test Case

2021-10-14 17:33:05 - [MESSAGE][INFO] - Starting to call Test Case 'Test Cases/Menu/AnaMenuSecimi'

2021-10-14 17:33:05 - [TEST_CASE][PASSED] - Test Cases/Menu/AnaMenuSecimi: Test Cases/Menu/AnaMenuSecimi

2021-10-14 17:33:05 - [TEST_STEP][PASSED] - Method.TextDegerineEsitElementeTikla(findTestObject("Menu/Ana_Menu"), Ana_Menu): Method.TextDegerineEsitElementeTikla is PASSED

2021-10-14 17:33:05 - [MESSAGE][INFO] - Finding Test Object 'Object Repository/Menu/Ana_Menu'

2021-10-14 17:33:06 - [MESSAGE][INFO] - Checking timeout

2021-10-14 17:33:06 - [MESSAGE][INFO] - Finding web element with id: 'Object Repository/Menu/Ana_Menu' located by 'By.xpath: //*[@class = 'dropdown-toggle']' in '10' second(s)

2021-10-14 17:33:06 - [MESSAGE][INFO] - Smart Wait Function is triggered

2021-10-14 17:33:06 - [MESSAGE][INFO] - Found 14 web elements with id: 'Object Repository/Menu/Ana_Menu' located by 'By.xpath: //*[@class = 'dropdown-toggle']' in '10' second(s)

2021-10-14 17:33:06 - [MESSAGE][PASSED] - Method.TextDegerineEsitElementeTikla is PASSED

2021-10-14 17:33:06 - [MESSAGE][PASSED] - Call Test Case 'Test Cases/Menu/AnaMenuSecimi' successfully

2021-10-14 17:33:06 - [MESSAGE][INFO] - Checking called Test Case

2021-10-14 17:33:06 - [MESSAGE][INFO] - Starting to call Test Case 'Test Cases/Menu/BasligaGoreAltMenuSecimi'

2021-10-14 17:33:06 - [TEST_CASE][PASSED] - Test Cases/Menu/BasligaGoreAltMenuSecimi: Test Cases/Menu/BasligaGoreAltMenuSecimi

2021-10-14 17:33:06 - [TEST_STEP][PASSED] - Method.TextDegerineEsitElementinAltindakiTextDegerineEsitOlanaTikla(findTestObject("Menu/Menu_Basligi"), findTestObject("Menu/Basliga_Gore_Alt_Menu"), Baslik, Alt_Menu): Method.TextDegerineEsitElementinAltindakiTextDegerineEsitOlanaTikla is PASSED

2021-10-14 17:33:06 - [MESSAGE][INFO] - Finding Test Object 'Object Repository/Menu/Menu_Basligi'

2021-10-14 17:33:06 - [MESSAGE][INFO] - Finding Test Object 'Object Repository/Menu/Basliga_Gore_Alt_Menu'

2021-10-14 17:33:07 - [MESSAGE][INFO] - Checking timeout

2021-10-14 17:33:07 - [MESSAGE][INFO] - Finding web element with id: 'Object Repository/Menu/Menu_Basligi' located by 'By.xpath: //li[@class='dropdown dropdown-large open']//li[@class='dropdown-header']' in '10' second(s)

2021-10-14 17:33:07 - [MESSAGE][INFO] - Smart Wait Function is triggered

2021-10-14 17:33:07 - [MESSAGE][INFO] - Found 3 web elements with id: 'Object Repository/Menu/Menu_Basligi' located by 'By.xpath: //li[@class='dropdown dropdown-large open']//li[@class='dropdown-header']' in '10' second(s)

2021-10-14 17:33:07 - [MESSAGE][INFO] - Smart Wait Function is triggered

2021-10-14 17:33:09 - [MESSAGE][PASSED] - Method.TextDegerineEsitElementinAltindakiTextDegerineEsitOlanaTikla is PASSED

2021-10-14 17:33:09 - [MESSAGE][PASSED] - Call Test Case 'Test Cases/Menu/BasligaGoreAltMenuSecimi' successfully

2021-10-14 17:33:09 - [MESSAGE][INFO] - Checking called Test Case

2021-10-14 17:33:09 - [MESSAGE][INFO] - Starting to call Test Case 'Test Cases/Filtreler/BaslangicYaz'

2021-10-14 17:33:09 - [TEST_CASE][PASSED] - Test Cases/Filtreler/BaslangicYaz: Test Cases/Filtreler/BaslangicYaz

2021-10-14 17:33:09 - [TEST_STEP][PASSED] - Method.TextDegerineEsitElementinAltindakineTikla(findTestObject("Filtreler/Basliklar"), findTestObject("Filtreler/Basliga_Gore_Baslangic_Image"), Filtre_Adi): Method.TextDegerineEsitElementinAltindakineTikla is PASSED

2021-10-14 17:33:09 - [MESSAGE][INFO] - Finding Test Object 'Object Repository/Filtreler/Basliklar'

2021-10-14 17:33:09 - [MESSAGE][INFO] - Finding Test Object 'Object Repository/Filtreler/Basliga_Gore_Baslangic_Image'

2021-10-14 17:33:09 - [MESSAGE][INFO] - Checking timeout

2021-10-14 17:33:09 - [MESSAGE][INFO] - Finding web element with id: 'Object Repository/Filtreler/Basliklar' located by 'By.cssSelector: .control-label.col-sm-4.paddingMarginRLC' in '10' second(s)

2021-10-14 17:33:09 - [MESSAGE][INFO] - Smart Wait Function is triggered

2021-10-14 17:33:10 - [MESSAGE][INFO] - Found 13 web elements with id: 'Object Repository/Filtreler/Basliklar' located by 'By.cssSelector: .control-label.col-sm-4.paddingMarginRLC' in '10' second(s)

2021-10-14 17:33:10 - [MESSAGE][INFO] - Smart Wait Function is triggered

2021-10-14 17:33:10 - [MESSAGE][PASSED] - Method.TextDegerineEsitElementinAltindakineTikla is PASSED

2021-10-14 17:33:10 - [TEST_STEP][PASSED] - Method.TextDegerineEsitElementinAltindakiTextboxtaYaz(findTestObject("Filtreler/Basliklar"), findTestObject("Filtreler/Basliga_Gore_Baslangic"), Filtre_Adi, Filtre_Degeri): Method.TextDegerineEsitElementinAltindakiTextboxtaYaz is PASSED

2021-10-14 17:33:10 - [MESSAGE][INFO] - Finding Test Object 'Object Repository/Filtreler/Basliklar'

2021-10-14 17:33:10 - [MESSAGE][INFO] - Finding Test Object 'Object Repository/Filtreler/Basliga_Gore_Baslangic'

2021-10-14 17:33:10 - [MESSAGE][INFO] - Checking timeout

2021-10-14 17:33:10 - [MESSAGE][INFO] - Finding web element with id: 'Object Repository/Filtreler/Basliklar' located by 'By.cssSelector: .control-label.col-sm-4.paddingMarginRLC' in '10' second(s)

2021-10-14 17:33:10 - [MESSAGE][INFO] - Smart Wait Function is triggered

2021-10-14 17:33:11 - [MESSAGE][INFO] - Found 13 web elements with id: 'Object Repository/Filtreler/Basliklar' located by 'By.cssSelector: .control-label.col-sm-4.paddingMarginRLC' in '10' second(s)

2021-10-14 17:33:11 - [MESSAGE][INFO] - Smart Wait Function is triggered

2021-10-14 17:33:11 - [MESSAGE][PASSED] - Method.TextDegerineEsitElementinAltindakiTextboxtaYaz is PASSED

2021-10-14 17:33:11 - [MESSAGE][PASSED] - Call Test Case 'Test Cases/Filtreler/BaslangicYaz' successfully

2021-10-14 17:33:11 - [MESSAGE][INFO] - Checking called Test Case

2021-10-14 17:33:11 - [MESSAGE][INFO] - Starting to call Test Case 'Test Cases/Filtreler/BitisYaz'

2021-10-14 17:33:11 - [TEST_CASE][PASSED] - Test Cases/Filtreler/BitisYaz: Test Cases/Filtreler/BitisYaz

2021-10-14 17:33:11 - [TEST_STEP][PASSED] - Method.TextDegerineEsitElementinAltindakineTikla(findTestObject("Filtreler/Basliklar"), findTestObject("Filtreler/Basliga_Gore_Bitis_Image"), Filtre_Adi): Method.TextDegerineEsitElementinAltindakineTikla is PASSED

2021-10-14 17:33:11 - [MESSAGE][INFO] - Finding Test Object 'Object Repository/Filtreler/Basliklar'

2021-10-14 17:33:11 - [MESSAGE][INFO] - Finding Test Object 'Object Repository/Filtreler/Basliga_Gore_Bitis_Image'

2021-10-14 17:33:12 - [MESSAGE][INFO] - Checking timeout

2021-10-14 17:33:12 - [MESSAGE][INFO] - Finding web element with id: 'Object Repository/Filtreler/Basliklar' located by 'By.cssSelector: .control-label.col-sm-4.paddingMarginRLC' in '10' second(s)

2021-10-14 17:33:12 - [MESSAGE][INFO] - Smart Wait Function is triggered

2021-10-14 17:33:12 - [MESSAGE][INFO] - Found 13 web elements with id: 'Object Repository/Filtreler/Basliklar' located by 'By.cssSelector: .control-label.col-sm-4.paddingMarginRLC' in '10' second(s)

2021-10-14 17:33:12 - [MESSAGE][INFO] - Smart Wait Function is triggered

2021-10-14 17:33:12 - [MESSAGE][PASSED] - Method.TextDegerineEsitElementinAltindakineTikla is PASSED

2021-10-14 17:33:12 - [TEST_STEP][PASSED] - Method.TextDegerineEsitElementinAltindakiTextboxtaYaz(findTestObject("Filtreler/Basliklar"), findTestObject("Object Repository/Filtreler/Basliga_Gore_Bitis"), Filtre_Adi, Filtre_Degeri): Method.TextDegerineEsitElementinAltindakiTextboxtaYaz is PASSED

2021-10-14 17:33:12 - [MESSAGE][INFO] - Finding Test Object 'Object Repository/Filtreler/Basliklar'

2021-10-14 17:33:12 - [MESSAGE][INFO] - Finding Test Object 'Object Repository/Filtreler/Basliga_Gore_Bitis'

2021-10-14 17:33:12 - [MESSAGE][INFO] - Checking timeout

2021-10-14 17:33:12 - [MESSAGE][INFO] - Finding web element with id: 'Object Repository/Filtreler/Basliklar' located by 'By.cssSelector: .control-label.col-sm-4.paddingMarginRLC' in '10' second(s)

2021-10-14 17:33:12 - [MESSAGE][INFO] - Smart Wait Function is triggered

2021-10-14 17:33:13 - [MESSAGE][INFO] - Found 13 web elements with id: 'Object Repository/Filtreler/Basliklar' located by 'By.cssSelector: .control-label.col-sm-4.paddingMarginRLC' in '10' second(s)

2021-10-14 17:33:13 - [MESSAGE][INFO] - Smart Wait Function is triggered

2021-10-14 17:33:13 - [MESSAGE][PASSED] - Method.TextDegerineEsitElementinAltindakiTextboxtaYaz is PASSED

2021-10-14 17:33:13 - [MESSAGE][PASSED] - Call Test Case 'Test Cases/Filtreler/BitisYaz' successfully

2021-10-14 17:33:13 - [MESSAGE][INFO] - Checking called Test Case

2021-10-14 17:33:13 - [MESSAGE][INFO] - Starting to call Test Case 'Test Cases/Filtreler/ButonaTikla'

2021-10-14 17:33:13 - [TEST_CASE][PASSED] - Test Cases/Filtreler/ButonaTikla: Test Cases/Filtreler/ButonaTikla

2021-10-14 17:33:13 - [TEST_STEP][PASSED] - Method.TextDegerineEsitElementeTikla(findTestObject("Filtreler/Butonlar"), Filtre_Buton): Method.TextDegerineEsitElementeTikla is PASSED

2021-10-14 17:33:13 - [MESSAGE][INFO] - Finding Test Object 'Object Repository/Filtreler/Butonlar'

2021-10-14 17:33:13 - [MESSAGE][INFO] - Checking timeout

2021-10-14 17:33:13 - [MESSAGE][INFO] - Finding web element with id: 'Object Repository/Filtreler/Butonlar' located by 'By.cssSelector: .dxb>span' in '10' second(s)

2021-10-14 17:33:13 - [MESSAGE][INFO] - Smart Wait Function is triggered

2021-10-14 17:33:14 - [MESSAGE][INFO] - Found 3 web elements with id: 'Object Repository/Filtreler/Butonlar' located by 'By.cssSelector: .dxb>span' in '10' second(s)

2021-10-14 17:33:14 - [MESSAGE][PASSED] - Method.TextDegerineEsitElementeTikla is PASSED

2021-10-14 17:33:14 - [MESSAGE][PASSED] - Call Test Case 'Test Cases/Filtreler/ButonaTikla' successfully

2021-10-14 17:33:14 - [MESSAGE][INFO] - Checking called Test Case

2021-10-14 17:33:14 - [MESSAGE][INFO] - Starting to call Test Case 'Test Cases/Tablo/TablodaVeriVarMi'

2021-10-14 17:33:14 - [TEST_CASE][PASSED] - Test Cases/Tablo/TablodaVeriVarMi: Test Cases/Tablo/TablodaVeriVarMi

2021-10-14 17:33:14 - [TEST_STEP][PASSED] - verifyTextNotPresent("Görüntülenecek veri yok", true): Text 'Görüntülenecek veri yok' is not present on page using regular expression

2021-10-14 17:33:14 - [MESSAGE][INFO] - Checking text present  using regular expression

2021-10-14 17:33:14 - [MESSAGE][INFO] - Smart Wait Function is triggered

2021-10-14 17:33:15 - [MESSAGE][INFO] - Finding text 'Görüntülenecek veri yok' on page  using regular expression

2021-10-14 17:33:15 - [MESSAGE][PASSED] - Text 'Görüntülenecek veri yok' is not present on page using regular expression

2021-10-14 17:33:15 - [MESSAGE][PASSED] - Call Test Case 'Test Cases/Tablo/TablodaVeriVarMi' successfully

2021-10-14 17:33:15 - [MESSAGE][INFO] - Checking called Test Case

2021-10-14 17:33:15 - [MESSAGE][INFO] - Starting to call Test Case 'Test Cases/Tablo/TablodanVeriSec'

2021-10-14 17:33:15 - [TEST_CASE][PASSED] - Test Cases/Tablo/TablodanVeriSec: Test Cases/Tablo/TablodanVeriSec

2021-10-14 17:33:15 - [TEST_STEP][PASSED] - Method.TextDegerineEsitElementinAltindakineTikla(findTestObject("Tablo/Veriler"), findTestObject("Tablo/VerininCheckBoxi"), Veri_Adi): Method.TextDegerineEsitElementinAltindakineTikla is PASSED

2021-10-14 17:33:15 - [MESSAGE][INFO] - Finding Test Object 'Object Repository/Tablo/Veriler'

2021-10-14 17:33:15 - [MESSAGE][INFO] - Finding Test Object 'Object Repository/Tablo/VerininCheckBoxi'

2021-10-14 17:33:15 - [MESSAGE][INFO] - Checking timeout

2021-10-14 17:33:15 - [MESSAGE][INFO] - Finding web element with id: 'Object Repository/Tablo/Veriler' located by 'By.cssSelector: td.dxgv b ,td.dxgv' in '10' second(s)

2021-10-14 17:33:15 - [MESSAGE][INFO] - Smart Wait Function is triggered

2021-10-14 17:33:15 - [MESSAGE][INFO] - Found 90 web elements with id: 'Object Repository/Tablo/Veriler' located by 'By.cssSelector: td.dxgv b ,td.dxgv' in '10' second(s)

2021-10-14 17:33:15 - [MESSAGE][INFO] - Smart Wait Function is triggered

2021-10-14 17:33:16 - [MESSAGE][PASSED] - Method.TextDegerineEsitElementinAltindakineTikla is PASSED

2021-10-14 17:33:16 - [MESSAGE][PASSED] - Call Test Case 'Test Cases/Tablo/TablodanVeriSec' successfully

2021-10-14 17:33:16 - [MESSAGE][INFO] - Checking called Test Case

2021-10-14 17:33:16 - [MESSAGE][INFO] - Starting to call Test Case 'Test Cases/Butonlar/ButonaTikla'

2021-10-14 17:33:16 - [TEST_CASE][PASSED] - Test Cases/Butonlar/ButonaTikla: Test Cases/Butonlar/ButonaTikla

2021-10-14 17:33:16 - [TEST_STEP][PASSED] - Method.TextDegerineEsitElementeTiklaEquals(findTestObject("Butonlar/Butonlar"), Buton_Adi): Method.TextDegerineEsitElementeTiklaEquals is PASSED

2021-10-14 17:33:16 - [MESSAGE][INFO] - Finding Test Object 'Object Repository/Butonlar/Butonlar'

2021-10-14 17:33:16 - [MESSAGE][INFO] - Checking timeout

2021-10-14 17:33:16 - [MESSAGE][INFO] - Finding web element with id: 'Object Repository/Butonlar/Butonlar' located by 'By.cssSelector: .panel.panel-default.text-center.footerPanel .btn,.btn.btn-primary.btnControls' in '10' second(s)

2021-10-14 17:33:16 - [MESSAGE][INFO] - Smart Wait Function is triggered

2021-10-14 17:33:16 - [MESSAGE][INFO] - Found 6 web elements with id: 'Object Repository/Butonlar/Butonlar' located by 'By.cssSelector: .panel.panel-default.text-center.footerPanel .btn,.btn.btn-primary.btnControls' in '10' second(s)

2021-10-14 17:33:16 - [MESSAGE][PASSED] - Method.TextDegerineEsitElementeTiklaEquals is PASSED

2021-10-14 17:33:16 - [MESSAGE][PASSED] - Call Test Case 'Test Cases/Butonlar/ButonaTikla' successfully

2021-10-14 17:33:17 - [MESSAGE][INFO] - Checking called Test Case

2021-10-14 17:33:17 - [MESSAGE][INFO] - Starting to call Test Case 'Test Cases/Butonlar/AltButonaTikla'

2021-10-14 17:33:17 - [TEST_CASE][PASSED] - Test Cases/Butonlar/AltButonaTikla: Test Cases/Butonlar/AltButonaTikla

2021-10-14 17:33:17 - [TEST_STEP][PASSED] - Method.TextDegerineEsitElementeTikla(findTestObject("Butonlar/AltButonlar"), Alt_Buton): Method.TextDegerineEsitElementeTikla is PASSED

2021-10-14 17:33:17 - [MESSAGE][INFO] - Finding Test Object 'Object Repository/Butonlar/AltButonlar'

2021-10-14 17:33:17 - [MESSAGE][INFO] - Checking timeout

2021-10-14 17:33:17 - [MESSAGE][INFO] - Finding web element with id: 'Object Repository/Butonlar/AltButonlar' located by 'By.cssSelector: .btn-group.open li>a' in '10' second(s)

2021-10-14 17:33:17 - [MESSAGE][INFO] - Smart Wait Function is triggered

2021-10-14 17:33:17 - [MESSAGE][INFO] - Found 2 web elements with id: 'Object Repository/Butonlar/AltButonlar' located by 'By.cssSelector: .btn-group.open li>a' in '10' second(s)

2021-10-14 17:33:17 - [MESSAGE][PASSED] - Method.TextDegerineEsitElementeTikla is PASSED

2021-10-14 17:33:17 - [MESSAGE][PASSED] - Call Test Case 'Test Cases/Butonlar/AltButonaTikla' successfully

2021-10-14 17:33:17 - [MESSAGE][INFO] - Checking called Test Case

2021-10-14 17:33:17 - [MESSAGE][INFO] - Starting to call Test Case 'Test Cases/Popup/PopupMesajiIceriyorMu'

2021-10-14 17:33:17 - [TEST_CASE][PASSED] - Test Cases/Popup/PopupMesajiIceriyorMu: Test Cases/Popup/PopupMesajiIceriyorMu

2021-10-14 17:33:17 - [TEST_STEP][PASSED] - waitForElementVisible(findTestObject("Popup/Popup"), 10): Object 'Object Repository/Popup/Popup' is visible

2021-10-14 17:33:17 - [MESSAGE][INFO] - Finding Test Object 'Object Repository/Popup/Popup'

2021-10-14 17:33:17 - [MESSAGE][INFO] - Checking object

2021-10-14 17:33:17 - [MESSAGE][INFO] - Checking timeout

2021-10-14 17:33:17 - [MESSAGE][INFO] - Finding web element from Test Object's properties

2021-10-14 17:33:17 - [MESSAGE][INFO] - Checking timeout

2021-10-14 17:33:17 - [MESSAGE][INFO] - Finding web element with id: 'Object Repository/Popup/Popup' located by 'By.cssSelector: .bootbox-body' in '10' second(s)

2021-10-14 17:33:17 - [MESSAGE][INFO] - Smart Wait Function is triggered

2021-10-14 17:33:18 - [MESSAGE][INFO] - Found 1 web elements with id: 'Object Repository/Popup/Popup' located by 'By.cssSelector: .bootbox-body' in '10' second(s)

2021-10-14 17:33:18 - [MESSAGE][PASSED] - Object 'Object Repository/Popup/Popup' is visible

2021-10-14 17:33:18 - [TEST_STEP][PASSED] - if (!(getText(findTestObject("Popup/Popup")).contains(Mesaj))): Text of object 'Object Repository/Popup/Popup' is: 'Lütfen rapor bildiriminin gönderileceği e-posta adresini belirtiniz.
e-Posta Adresi'

2021-10-14 17:33:18 - [MESSAGE][INFO] - Finding Test Object 'Object Repository/Popup/Popup'

2021-10-14 17:33:18 - [MESSAGE][INFO] - Checking object

2021-10-14 17:33:18 - [MESSAGE][INFO] - Finding web element from Test Object's properties

2021-10-14 17:33:18 - [MESSAGE][INFO] - Checking timeout

2021-10-14 17:33:18 - [MESSAGE][INFO] - Finding web element with id: 'Object Repository/Popup/Popup' located by 'By.cssSelector: .bootbox-body' in '30' second(s)

2021-10-14 17:33:18 - [MESSAGE][INFO] - Smart Wait Function is triggered

2021-10-14 17:33:18 - [MESSAGE][INFO] - Found 1 web elements with id: 'Object Repository/Popup/Popup' located by 'By.cssSelector: .bootbox-body' in '30' second(s)

2021-10-14 17:33:18 - [MESSAGE][INFO] - Getting text of object 'Object Repository/Popup/Popup'

2021-10-14 17:33:18 - [MESSAGE][PASSED] - Text of object 'Object Repository/Popup/Popup' is: 'Lütfen rapor bildiriminin gönderileceği e-posta adresini belirtiniz.
e-Posta Adresi'

2021-10-14 17:33:18 - [TEST_STEP][PASSED] - RaporNo = getText(findTestObject("Popup/Popup")).substring(0, 6): Text of object 'Object Repository/Popup/Popup' is: 'Lütfen rapor bildiriminin gönderileceği e-posta adresini belirtiniz.
e-Posta Adresi'

2021-10-14 17:33:18 - [MESSAGE][INFO] - Finding Test Object 'Object Repository/Popup/Popup'

2021-10-14 17:33:19 - [MESSAGE][INFO] - Checking object

2021-10-14 17:33:19 - [MESSAGE][INFO] - Finding web element from Test Object's properties

2021-10-14 17:33:19 - [MESSAGE][INFO] - Checking timeout

2021-10-14 17:33:19 - [MESSAGE][INFO] - Finding web element with id: 'Object Repository/Popup/Popup' located by 'By.cssSelector: .bootbox-body' in '30' second(s)

2021-10-14 17:33:19 - [MESSAGE][INFO] - Smart Wait Function is triggered

2021-10-14 17:33:19 - [MESSAGE][INFO] - Found 1 web elements with id: 'Object Repository/Popup/Popup' located by 'By.cssSelector: .bootbox-body' in '30' second(s)

2021-10-14 17:33:19 - [MESSAGE][INFO] - Getting text of object 'Object Repository/Popup/Popup'

2021-10-14 17:33:19 - [MESSAGE][PASSED] - Text of object 'Object Repository/Popup/Popup' is: 'Lütfen rapor bildiriminin gönderileceği e-posta adresini belirtiniz.
e-Posta Adresi'

2021-10-14 17:33:19 - [TEST_STEP][PASSED] - Console.println(RaporNo): null

2021-10-14 17:33:19 - [MESSAGE][PASSED] - Call Test Case 'Test Cases/Popup/PopupMesajiIceriyorMu' successfully

2021-10-14 17:33:19 - [MESSAGE][INFO] - Checking called Test Case

2021-10-14 17:33:19 - [MESSAGE][INFO] - Starting to call Test Case 'Test Cases/Popup/PopupButonSecilir'

2021-10-14 17:33:19 - [TEST_CASE][PASSED] - Test Cases/Popup/PopupButonSecilir: Test Cases/Popup/PopupButonSecilir

2021-10-14 17:33:19 - [TEST_STEP][PASSED] - Method.TextDegerineEsitElementeTikla(findTestObject("Popup/Popup_Butons"), Buton): Method.TextDegerineEsitElementeTikla is PASSED

2021-10-14 17:33:19 - [MESSAGE][INFO] - Finding Test Object 'Object Repository/Popup/Popup_Butons'

2021-10-14 17:33:19 - [MESSAGE][INFO] - Checking timeout

2021-10-14 17:33:19 - [MESSAGE][INFO] - Finding web element with id: 'Object Repository/Popup/Popup_Butons' located by 'By.cssSelector: .modal-footer>button' in '10' second(s)

2021-10-14 17:33:19 - [MESSAGE][INFO] - Smart Wait Function is triggered

2021-10-14 17:33:19 - [MESSAGE][INFO] - Found 2 web elements with id: 'Object Repository/Popup/Popup_Butons' located by 'By.cssSelector: .modal-footer>button' in '10' second(s)

2021-10-14 17:33:19 - [MESSAGE][PASSED] - Method.TextDegerineEsitElementeTikla is PASSED

2021-10-14 17:33:19 - [MESSAGE][PASSED] - Call Test Case 'Test Cases/Popup/PopupButonSecilir' successfully

2021-10-14 17:33:19 - [MESSAGE][INFO] - Checking called Test Case

2021-10-14 17:33:19 - [MESSAGE][INFO] - Starting to call Test Case 'Test Cases/Popup/PopupMesajiIceriyorMu'

2021-10-14 17:33:19 - [TEST_CASE][PASSED] - Test Cases/Popup/PopupMesajiIceriyorMu: Test Cases/Popup/PopupMesajiIceriyorMu

2021-10-14 17:33:19 - [TEST_STEP][PASSED] - waitForElementVisible(findTestObject("Popup/Popup"), 10): Object 'Object Repository/Popup/Popup' is visible

2021-10-14 17:33:19 - [MESSAGE][INFO] - Finding Test Object 'Object Repository/Popup/Popup'

2021-10-14 17:33:20 - [MESSAGE][INFO] - Checking object

2021-10-14 17:33:20 - [MESSAGE][INFO] - Checking timeout

2021-10-14 17:33:20 - [MESSAGE][INFO] - Finding web element from Test Object's properties

2021-10-14 17:33:20 - [MESSAGE][INFO] - Checking timeout

2021-10-14 17:33:20 - [MESSAGE][INFO] - Finding web element with id: 'Object Repository/Popup/Popup' located by 'By.cssSelector: .bootbox-body' in '10' second(s)

2021-10-14 17:33:20 - [MESSAGE][INFO] - Smart Wait Function is triggered

2021-10-14 17:33:20 - [MESSAGE][INFO] - Found 1 web elements with id: 'Object Repository/Popup/Popup' located by 'By.cssSelector: .bootbox-body' in '10' second(s)

2021-10-14 17:33:20 - [MESSAGE][PASSED] - Object 'Object Repository/Popup/Popup' is visible

2021-10-14 17:33:20 - [TEST_STEP][PASSED] - if (!(getText(findTestObject("Popup/Popup")).contains(Mesaj))): Text of object 'Object Repository/Popup/Popup' is: '14609 no’lu talebiniz işleme alınmıştır. Raporunuz hazırlandığında (elogotest@gmail.com) adresinize mail gönderilecektir.
Rapor durumunuzu Raporlar > Toplu Veri İndirme ekranından takip edebilir, hazırlandı durumundaki raporlarınızı ilgili menüden indirebilirsiniz.'

2021-10-14 17:33:20 - [MESSAGE][INFO] - Finding Test Object 'Object Repository/Popup/Popup'

2021-10-14 17:33:20 - [MESSAGE][INFO] - Checking object

2021-10-14 17:33:20 - [MESSAGE][INFO] - Finding web element from Test Object's properties

2021-10-14 17:33:20 - [MESSAGE][INFO] - Checking timeout

2021-10-14 17:33:20 - [MESSAGE][INFO] - Finding web element with id: 'Object Repository/Popup/Popup' located by 'By.cssSelector: .bootbox-body' in '30' second(s)

2021-10-14 17:33:20 - [MESSAGE][INFO] - Smart Wait Function is triggered

2021-10-14 17:33:21 - [MESSAGE][INFO] - Found 1 web elements with id: 'Object Repository/Popup/Popup' located by 'By.cssSelector: .bootbox-body' in '30' second(s)

2021-10-14 17:33:21 - [MESSAGE][INFO] - Getting text of object 'Object Repository/Popup/Popup'

2021-10-14 17:33:21 - [MESSAGE][PASSED] - Text of object 'Object Repository/Popup/Popup' is: '14609 no’lu talebiniz işleme alınmıştır. Raporunuz hazırlandığında (elogotest@gmail.com) adresinize mail gönderilecektir.
Rapor durumunuzu Raporlar > Toplu Veri İndirme ekranından takip edebilir, hazırlandı durumundaki raporlarınızı ilgili menüden indirebilirsiniz.'

2021-10-14 17:33:21 - [TEST_STEP][PASSED] - RaporNo = getText(findTestObject("Popup/Popup")).substring(0, 6): Text of object 'Object Repository/Popup/Popup' is: '14609 no’lu talebiniz işleme alınmıştır. Raporunuz hazırlandığında (elogotest@gmail.com) adresinize mail gönderilecektir.
Rapor durumunuzu Raporlar > Toplu Veri İndirme ekranından takip edebilir, hazırlandı durumundaki raporlarınızı ilgili menüden indirebilirsiniz.'

2021-10-14 17:33:21 - [MESSAGE][INFO] - Finding Test Object 'Object Repository/Popup/Popup'

2021-10-14 17:33:21 - [MESSAGE][INFO] - Checking object

2021-10-14 17:33:21 - [MESSAGE][INFO] - Finding web element from Test Object's properties

2021-10-14 17:33:21 - [MESSAGE][INFO] - Checking timeout

2021-10-14 17:33:21 - [MESSAGE][INFO] - Finding web element with id: 'Object Repository/Popup/Popup' located by 'By.cssSelector: .bootbox-body' in '30' second(s)

2021-10-14 17:33:21 - [MESSAGE][INFO] - Smart Wait Function is triggered

2021-10-14 17:33:21 - [MESSAGE][INFO] - Found 1 web elements with id: 'Object Repository/Popup/Popup' located by 'By.cssSelector: .bootbox-body' in '30' second(s)

2021-10-14 17:33:21 - [MESSAGE][INFO] - Getting text of object 'Object Repository/Popup/Popup'

2021-10-14 17:33:21 - [MESSAGE][PASSED] - Text of object 'Object Repository/Popup/Popup' is: '14609 no’lu talebiniz işleme alınmıştır. Raporunuz hazırlandığında (elogotest@gmail.com) adresinize mail gönderilecektir.
Rapor durumunuzu Raporlar > Toplu Veri İndirme ekranından takip edebilir, hazırlandı durumundaki raporlarınızı ilgili menüden indirebilirsiniz.'

2021-10-14 17:33:21 - [TEST_STEP][PASSED] - Console.println(RaporNo): null

2021-10-14 17:33:21 - [MESSAGE][PASSED] - Call Test Case 'Test Cases/Popup/PopupMesajiIceriyorMu' successfully

2021-10-14 17:33:21 - [MESSAGE][INFO] - Checking called Test Case

2021-10-14 17:33:21 - [MESSAGE][INFO] - Starting to call Test Case 'Test Cases/Popup/PopupButonSecilir'

2021-10-14 17:33:21 - [TEST_CASE][PASSED] - Test Cases/Popup/PopupButonSecilir: Test Cases/Popup/PopupButonSecilir

2021-10-14 17:33:21 - [TEST_STEP][PASSED] - Method.TextDegerineEsitElementeTikla(findTestObject("Popup/Popup_Butons"), Buton): Method.TextDegerineEsitElementeTikla is PASSED

2021-10-14 17:33:21 - [MESSAGE][INFO] - Finding Test Object 'Object Repository/Popup/Popup_Butons'

2021-10-14 17:33:21 - [MESSAGE][INFO] - Checking timeout

2021-10-14 17:33:21 - [MESSAGE][INFO] - Finding web element with id: 'Object Repository/Popup/Popup_Butons' located by 'By.cssSelector: .modal-footer>button' in '10' second(s)

2021-10-14 17:33:21 - [MESSAGE][INFO] - Smart Wait Function is triggered

2021-10-14 17:33:21 - [MESSAGE][INFO] - Found 1 web elements with id: 'Object Repository/Popup/Popup_Butons' located by 'By.cssSelector: .modal-footer>button' in '10' second(s)

2021-10-14 17:33:22 - [MESSAGE][PASSED] - Method.TextDegerineEsitElementeTikla is PASSED

2021-10-14 17:33:22 - [MESSAGE][PASSED] - Call Test Case 'Test Cases/Popup/PopupButonSecilir' successfully

2021-10-14 17:33:22 - [MESSAGE][INFO] - Checking called Test Case

2021-10-14 17:33:22 - [MESSAGE][INFO] - Starting to call Test Case 'Test Cases/Butonlar/ButonaTikla'

2021-10-14 17:33:22 - [TEST_CASE][PASSED] - Test Cases/Butonlar/ButonaTikla: Test Cases/Butonlar/ButonaTikla

2021-10-14 17:33:22 - [TEST_STEP][PASSED] - Method.TextDegerineEsitElementeTiklaEquals(findTestObject("Butonlar/Butonlar"), Buton_Adi): Method.TextDegerineEsitElementeTiklaEquals is PASSED

2021-10-14 17:33:22 - [MESSAGE][INFO] - Finding Test Object 'Object Repository/Butonlar/Butonlar'

2021-10-14 17:33:22 - [MESSAGE][INFO] - Checking timeout

2021-10-14 17:33:22 - [MESSAGE][INFO] - Finding web element with id: 'Object Repository/Butonlar/Butonlar' located by 'By.cssSelector: .panel.panel-default.text-center.footerPanel .btn,.btn.btn-primary.btnControls' in '10' second(s)

2021-10-14 17:33:22 - [MESSAGE][INFO] - Smart Wait Function is triggered

2021-10-14 17:33:22 - [MESSAGE][INFO] - Found 6 web elements with id: 'Object Repository/Butonlar/Butonlar' located by 'By.cssSelector: .panel.panel-default.text-center.footerPanel .btn,.btn.btn-primary.btnControls' in '10' second(s)

2021-10-14 17:33:22 - [MESSAGE][PASSED] - Method.TextDegerineEsitElementeTiklaEquals is PASSED

2021-10-14 17:33:22 - [MESSAGE][PASSED] - Call Test Case 'Test Cases/Butonlar/ButonaTikla' successfully

2021-10-14 17:33:22 - [MESSAGE][INFO] - Checking called Test Case

2021-10-14 17:33:22 - [MESSAGE][INFO] - Starting to call Test Case 'Test Cases/Butonlar/AltButonaTikla'

2021-10-14 17:33:23 - [TEST_CASE][PASSED] - Test Cases/Butonlar/AltButonaTikla: Test Cases/Butonlar/AltButonaTikla

2021-10-14 17:33:23 - [TEST_STEP][PASSED] - Method.TextDegerineEsitElementeTikla(findTestObject("Butonlar/AltButonlar"), Alt_Buton): Method.TextDegerineEsitElementeTikla is PASSED

2021-10-14 17:33:23 - [MESSAGE][INFO] - Finding Test Object 'Object Repository/Butonlar/AltButonlar'

2021-10-14 17:33:23 - [MESSAGE][INFO] - Checking timeout

2021-10-14 17:33:23 - [MESSAGE][INFO] - Finding web element with id: 'Object Repository/Butonlar/AltButonlar' located by 'By.cssSelector: .btn-group.open li>a' in '10' second(s)

2021-10-14 17:33:23 - [MESSAGE][INFO] - Smart Wait Function is triggered

2021-10-14 17:33:23 - [MESSAGE][INFO] - Found 2 web elements with id: 'Object Repository/Butonlar/AltButonlar' located by 'By.cssSelector: .btn-group.open li>a' in '10' second(s)

2021-10-14 17:33:23 - [MESSAGE][PASSED] - Method.TextDegerineEsitElementeTikla is PASSED

2021-10-14 17:33:23 - [MESSAGE][PASSED] - Call Test Case 'Test Cases/Butonlar/AltButonaTikla' successfully

2021-10-14 17:33:23 - [MESSAGE][INFO] - Checking called Test Case

2021-10-14 17:33:23 - [MESSAGE][INFO] - Starting to call Test Case 'Test Cases/Popup/PopupMesajiIceriyorMu'

2021-10-14 17:33:23 - [TEST_CASE][PASSED] - Test Cases/Popup/PopupMesajiIceriyorMu: Test Cases/Popup/PopupMesajiIceriyorMu

2021-10-14 17:33:23 - [TEST_STEP][PASSED] - waitForElementVisible(findTestObject("Popup/Popup"), 10): Object 'Object Repository/Popup/Popup' is visible

2021-10-14 17:33:23 - [MESSAGE][INFO] - Finding Test Object 'Object Repository/Popup/Popup'

2021-10-14 17:33:23 - [MESSAGE][INFO] - Checking object

2021-10-14 17:33:23 - [MESSAGE][INFO] - Checking timeout

2021-10-14 17:33:23 - [MESSAGE][INFO] - Finding web element from Test Object's properties

2021-10-14 17:33:23 - [MESSAGE][INFO] - Checking timeout

2021-10-14 17:33:23 - [MESSAGE][INFO] - Finding web element with id: 'Object Repository/Popup/Popup' located by 'By.cssSelector: .bootbox-body' in '10' second(s)

2021-10-14 17:33:23 - [MESSAGE][INFO] - Smart Wait Function is triggered

2021-10-14 17:33:24 - [MESSAGE][INFO] - Found 1 web elements with id: 'Object Repository/Popup/Popup' located by 'By.cssSelector: .bootbox-body' in '10' second(s)

2021-10-14 17:33:24 - [MESSAGE][PASSED] - Object 'Object Repository/Popup/Popup' is visible

2021-10-14 17:33:24 - [TEST_STEP][PASSED] - if (!(getText(findTestObject("Popup/Popup")).contains(Mesaj))): Text of object 'Object Repository/Popup/Popup' is: 'Lütfen rapor bildiriminin gönderileceği e-posta adresini belirtiniz.
e-Posta Adresi'

2021-10-14 17:33:24 - [MESSAGE][INFO] - Finding Test Object 'Object Repository/Popup/Popup'

2021-10-14 17:33:24 - [MESSAGE][INFO] - Checking object

2021-10-14 17:33:24 - [MESSAGE][INFO] - Finding web element from Test Object's properties

2021-10-14 17:33:24 - [MESSAGE][INFO] - Checking timeout

2021-10-14 17:33:24 - [MESSAGE][INFO] - Finding web element with id: 'Object Repository/Popup/Popup' located by 'By.cssSelector: .bootbox-body' in '30' second(s)

2021-10-14 17:33:24 - [MESSAGE][INFO] - Smart Wait Function is triggered

2021-10-14 17:33:24 - [MESSAGE][INFO] - Found 1 web elements with id: 'Object Repository/Popup/Popup' located by 'By.cssSelector: .bootbox-body' in '30' second(s)

2021-10-14 17:33:24 - [MESSAGE][INFO] - Getting text of object 'Object Repository/Popup/Popup'

2021-10-14 17:33:24 - [MESSAGE][PASSED] - Text of object 'Object Repository/Popup/Popup' is: 'Lütfen rapor bildiriminin gönderileceği e-posta adresini belirtiniz.
e-Posta Adresi'

2021-10-14 17:33:24 - [TEST_STEP][PASSED] - RaporNo = getText(findTestObject("Popup/Popup")).substring(0, 6): Text of object 'Object Repository/Popup/Popup' is: 'Lütfen rapor bildiriminin gönderileceği e-posta adresini belirtiniz.
e-Posta Adresi'

2021-10-14 17:33:24 - [MESSAGE][INFO] - Finding Test Object 'Object Repository/Popup/Popup'

2021-10-14 17:33:24 - [MESSAGE][INFO] - Checking object

2021-10-14 17:33:24 - [MESSAGE][INFO] - Finding web element from Test Object's properties

2021-10-14 17:33:24 - [MESSAGE][INFO] - Checking timeout

2021-10-14 17:33:24 - [MESSAGE][INFO] - Finding web element with id: 'Object Repository/Popup/Popup' located by 'By.cssSelector: .bootbox-body' in '30' second(s)

2021-10-14 17:33:24 - [MESSAGE][INFO] - Smart Wait Function is triggered

2021-10-14 17:33:24 - [MESSAGE][INFO] - Found 1 web elements with id: 'Object Repository/Popup/Popup' located by 'By.cssSelector: .bootbox-body' in '30' second(s)

2021-10-14 17:33:24 - [MESSAGE][INFO] - Getting text of object 'Object Repository/Popup/Popup'

2021-10-14 17:33:24 - [MESSAGE][PASSED] - Text of object 'Object Repository/Popup/Popup' is: 'Lütfen rapor bildiriminin gönderileceği e-posta adresini belirtiniz.
e-Posta Adresi'

2021-10-14 17:33:24 - [TEST_STEP][PASSED] - Console.println(RaporNo): null

2021-10-14 17:33:24 - [MESSAGE][PASSED] - Call Test Case 'Test Cases/Popup/PopupMesajiIceriyorMu' successfully

2021-10-14 17:33:24 - [MESSAGE][INFO] - Checking called Test Case

2021-10-14 17:33:24 - [MESSAGE][INFO] - Starting to call Test Case 'Test Cases/Popup/PopupButonSecilir'

2021-10-14 17:33:24 - [TEST_CASE][PASSED] - Test Cases/Popup/PopupButonSecilir: Test Cases/Popup/PopupButonSecilir

2021-10-14 17:33:24 - [TEST_STEP][PASSED] - Method.TextDegerineEsitElementeTikla(findTestObject("Popup/Popup_Butons"), Buton): Method.TextDegerineEsitElementeTikla is PASSED

2021-10-14 17:33:24 - [MESSAGE][INFO] - Finding Test Object 'Object Repository/Popup/Popup_Butons'

2021-10-14 17:33:24 - [MESSAGE][INFO] - Checking timeout

2021-10-14 17:33:24 - [MESSAGE][INFO] - Finding web element with id: 'Object Repository/Popup/Popup_Butons' located by 'By.cssSelector: .modal-footer>button' in '10' second(s)

2021-10-14 17:33:24 - [MESSAGE][INFO] - Smart Wait Function is triggered

2021-10-14 17:33:25 - [MESSAGE][INFO] - Found 2 web elements with id: 'Object Repository/Popup/Popup_Butons' located by 'By.cssSelector: .modal-footer>button' in '10' second(s)

2021-10-14 17:33:25 - [MESSAGE][PASSED] - Method.TextDegerineEsitElementeTikla is PASSED

2021-10-14 17:33:25 - [MESSAGE][PASSED] - Call Test Case 'Test Cases/Popup/PopupButonSecilir' successfully

2021-10-14 17:33:25 - [MESSAGE][INFO] - Checking called Test Case

2021-10-14 17:33:25 - [MESSAGE][INFO] - Starting to call Test Case 'Test Cases/Popup/PopupMesajiIceriyorMu'

2021-10-14 17:33:25 - [TEST_CASE][PASSED] - Test Cases/Popup/PopupMesajiIceriyorMu: Test Cases/Popup/PopupMesajiIceriyorMu

2021-10-14 17:33:25 - [TEST_STEP][PASSED] - waitForElementVisible(findTestObject("Popup/Popup"), 10): Object 'Object Repository/Popup/Popup' is visible

2021-10-14 17:33:25 - [MESSAGE][INFO] - Finding Test Object 'Object Repository/Popup/Popup'

2021-10-14 17:33:25 - [MESSAGE][INFO] - Checking object

2021-10-14 17:33:25 - [MESSAGE][INFO] - Checking timeout

2021-10-14 17:33:25 - [MESSAGE][INFO] - Finding web element from Test Object's properties

2021-10-14 17:33:25 - [MESSAGE][INFO] - Checking timeout

2021-10-14 17:33:25 - [MESSAGE][INFO] - Finding web element with id: 'Object Repository/Popup/Popup' located by 'By.cssSelector: .bootbox-body' in '10' second(s)

2021-10-14 17:33:25 - [MESSAGE][INFO] - Smart Wait Function is triggered

2021-10-14 17:33:26 - [MESSAGE][INFO] - Found 1 web elements with id: 'Object Repository/Popup/Popup' located by 'By.cssSelector: .bootbox-body' in '10' second(s)

2021-10-14 17:33:26 - [MESSAGE][PASSED] - Object 'Object Repository/Popup/Popup' is visible

2021-10-14 17:33:26 - [TEST_STEP][PASSED] - if (!(getText(findTestObject("Popup/Popup")).contains(Mesaj))): Text of object 'Object Repository/Popup/Popup' is: '14610 no’lu talebiniz işleme alınmıştır. Raporunuz hazırlandığında (elogotest@gmail.com) adresinize mail gönderilecektir.
Rapor durumunuzu Raporlar > Toplu Veri İndirme ekranından takip edebilir, hazırlandı durumundaki raporlarınızı ilgili menüden indirebilirsiniz.'

2021-10-14 17:33:26 - [MESSAGE][INFO] - Finding Test Object 'Object Repository/Popup/Popup'

2021-10-14 17:33:26 - [MESSAGE][INFO] - Checking object

2021-10-14 17:33:26 - [MESSAGE][INFO] - Finding web element from Test Object's properties

2021-10-14 17:33:26 - [MESSAGE][INFO] - Checking timeout

2021-10-14 17:33:26 - [MESSAGE][INFO] - Finding web element with id: 'Object Repository/Popup/Popup' located by 'By.cssSelector: .bootbox-body' in '30' second(s)

2021-10-14 17:33:26 - [MESSAGE][INFO] - Smart Wait Function is triggered

2021-10-14 17:33:26 - [MESSAGE][INFO] - Found 1 web elements with id: 'Object Repository/Popup/Popup' located by 'By.cssSelector: .bootbox-body' in '30' second(s)

2021-10-14 17:33:26 - [MESSAGE][INFO] - Getting text of object 'Object Repository/Popup/Popup'

2021-10-14 17:33:26 - [MESSAGE][PASSED] - Text of object 'Object Repository/Popup/Popup' is: '14610 no’lu talebiniz işleme alınmıştır. Raporunuz hazırlandığında (elogotest@gmail.com) adresinize mail gönderilecektir.
Rapor durumunuzu Raporlar > Toplu Veri İndirme ekranından takip edebilir, hazırlandı durumundaki raporlarınızı ilgili menüden indirebilirsiniz.'

2021-10-14 17:33:26 - [TEST_STEP][PASSED] - RaporNo = getText(findTestObject("Popup/Popup")).substring(0, 6): Text of object 'Object Repository/Popup/Popup' is: '14610 no’lu talebiniz işleme alınmıştır. Raporunuz hazırlandığında (elogotest@gmail.com) adresinize mail gönderilecektir.
Rapor durumunuzu Raporlar > Toplu Veri İndirme ekranından takip edebilir, hazırlandı durumundaki raporlarınızı ilgili menüden indirebilirsiniz.'

2021-10-14 17:33:26 - [MESSAGE][INFO] - Finding Test Object 'Object Repository/Popup/Popup'

2021-10-14 17:33:26 - [MESSAGE][INFO] - Checking object

2021-10-14 17:33:26 - [MESSAGE][INFO] - Finding web element from Test Object's properties

2021-10-14 17:33:26 - [MESSAGE][INFO] - Checking timeout

2021-10-14 17:33:26 - [MESSAGE][INFO] - Finding web element with id: 'Object Repository/Popup/Popup' located by 'By.cssSelector: .bootbox-body' in '30' second(s)

2021-10-14 17:33:26 - [MESSAGE][INFO] - Smart Wait Function is triggered

2021-10-14 17:33:26 - [MESSAGE][INFO] - Found 1 web elements with id: 'Object Repository/Popup/Popup' located by 'By.cssSelector: .bootbox-body' in '30' second(s)

2021-10-14 17:33:26 - [MESSAGE][INFO] - Getting text of object 'Object Repository/Popup/Popup'

2021-10-14 17:33:26 - [MESSAGE][PASSED] - Text of object 'Object Repository/Popup/Popup' is: '14610 no’lu talebiniz işleme alınmıştır. Raporunuz hazırlandığında (elogotest@gmail.com) adresinize mail gönderilecektir.
Rapor durumunuzu Raporlar > Toplu Veri İndirme ekranından takip edebilir, hazırlandı durumundaki raporlarınızı ilgili menüden indirebilirsiniz.'

2021-10-14 17:33:26 - [TEST_STEP][PASSED] - Console.println(RaporNo): null

2021-10-14 17:33:26 - [MESSAGE][PASSED] - Call Test Case 'Test Cases/Popup/PopupMesajiIceriyorMu' successfully

2021-10-14 17:33:26 - [MESSAGE][INFO] - Checking called Test Case

2021-10-14 17:33:26 - [MESSAGE][INFO] - Starting to call Test Case 'Test Cases/Popup/PopupButonSecilir'

2021-10-14 17:33:27 - [TEST_CASE][PASSED] - Test Cases/Popup/PopupButonSecilir: Test Cases/Popup/PopupButonSecilir

2021-10-14 17:33:27 - [TEST_STEP][PASSED] - Method.TextDegerineEsitElementeTikla(findTestObject("Popup/Popup_Butons"), Buton): Method.TextDegerineEsitElementeTikla is PASSED

2021-10-14 17:33:27 - [MESSAGE][INFO] - Finding Test Object 'Object Repository/Popup/Popup_Butons'

2021-10-14 17:33:27 - [MESSAGE][INFO] - Checking timeout

2021-10-14 17:33:27 - [MESSAGE][INFO] - Finding web element with id: 'Object Repository/Popup/Popup_Butons' located by 'By.cssSelector: .modal-footer>button' in '10' second(s)

2021-10-14 17:33:27 - [MESSAGE][INFO] - Smart Wait Function is triggered

2021-10-14 17:33:27 - [MESSAGE][INFO] - Found 1 web elements with id: 'Object Repository/Popup/Popup_Butons' located by 'By.cssSelector: .modal-footer>button' in '10' second(s)

2021-10-14 17:33:27 - [MESSAGE][PASSED] - Method.TextDegerineEsitElementeTikla is PASSED

2021-10-14 17:33:27 - [MESSAGE][PASSED] - Call Test Case 'Test Cases/Popup/PopupButonSecilir' successfully

2021-10-14 17:33:27 - [MESSAGE][INFO] - Checking called Test Case

2021-10-14 17:33:27 - [MESSAGE][INFO] - Starting to call Test Case 'Test Cases/Menu/AnaMenuSecimi'

2021-10-14 17:33:27 - [TEST_CASE][PASSED] - Test Cases/Menu/AnaMenuSecimi: Test Cases/Menu/AnaMenuSecimi

2021-10-14 17:33:27 - [TEST_STEP][PASSED] - Method.TextDegerineEsitElementeTikla(findTestObject("Menu/Ana_Menu"), Ana_Menu): Method.TextDegerineEsitElementeTikla is PASSED

2021-10-14 17:33:27 - [MESSAGE][INFO] - Finding Test Object 'Object Repository/Menu/Ana_Menu'

2021-10-14 17:33:27 - [MESSAGE][INFO] - Checking timeout

2021-10-14 17:33:27 - [MESSAGE][INFO] - Finding web element with id: 'Object Repository/Menu/Ana_Menu' located by 'By.xpath: //*[@class = 'dropdown-toggle']' in '10' second(s)

2021-10-14 17:33:27 - [MESSAGE][INFO] - Smart Wait Function is triggered

2021-10-14 17:33:28 - [MESSAGE][INFO] - Found 14 web elements with id: 'Object Repository/Menu/Ana_Menu' located by 'By.xpath: //*[@class = 'dropdown-toggle']' in '10' second(s)

2021-10-14 17:33:28 - [MESSAGE][PASSED] - Method.TextDegerineEsitElementeTikla is PASSED

2021-10-14 17:33:28 - [MESSAGE][PASSED] - Call Test Case 'Test Cases/Menu/AnaMenuSecimi' successfully

2021-10-14 17:33:28 - [MESSAGE][INFO] - Checking called Test Case

2021-10-14 17:33:28 - [MESSAGE][INFO] - Starting to call Test Case 'Test Cases/Menu/AltMenuSecimi'

2021-10-14 17:33:28 - [TEST_CASE][PASSED] - Test Cases/Menu/AltMenuSecimi: Test Cases/Menu/AltMenuSecimi

2021-10-14 17:33:28 - [TEST_STEP][PASSED] - Method.TextDegerineEsitElementeTikla(findTestObject("Menu/Alt_Menu"), Alt_Menu): Method.TextDegerineEsitElementeTikla is PASSED

2021-10-14 17:33:28 - [MESSAGE][INFO] - Finding Test Object 'Object Repository/Menu/Alt_Menu'

2021-10-14 17:33:28 - [MESSAGE][INFO] - Checking timeout

2021-10-14 17:33:28 - [MESSAGE][INFO] - Finding web element with id: 'Object Repository/Menu/Alt_Menu' located by 'By.xpath: //li[@class='dropdown dropdown-large open']//li[@class='dropdown-element']' in '10' second(s)

2021-10-14 17:33:28 - [MESSAGE][INFO] - Smart Wait Function is triggered

2021-10-14 17:33:29 - [MESSAGE][INFO] - Found 9 web elements with id: 'Object Repository/Menu/Alt_Menu' located by 'By.xpath: //li[@class='dropdown dropdown-large open']//li[@class='dropdown-element']' in '10' second(s)

2021-10-14 17:33:30 - [MESSAGE][PASSED] - Method.TextDegerineEsitElementeTikla is PASSED

2021-10-14 17:33:30 - [MESSAGE][PASSED] - Call Test Case 'Test Cases/Menu/AltMenuSecimi' successfully

2021-10-14 17:33:30 - [MESSAGE][INFO] - Checking called Test Case

2021-10-14 17:33:30 - [MESSAGE][INFO] - Starting to call Test Case 'Test Cases/Filtreler/RaporNoYaz'

2021-10-14 17:33:30 - [TEST_CASE][PASSED] - Test Cases/Filtreler/RaporNoYaz: Test Cases/Filtreler/RaporNoYaz

2021-10-14 17:33:30 - [TEST_STEP][PASSED] - Method.TextDegerineEsitElementinAltindakiTextboxtaYaz(findTestObject("Filtreler/Basliklar"), findTestObject("Filtreler/Basliga_Gore_Textbox"), "Talep No", RaporNo): Method.TextDegerineEsitElementinAltindakiTextboxtaYaz is PASSED

2021-10-14 17:33:30 - [MESSAGE][INFO] - Finding Test Object 'Object Repository/Filtreler/Basliklar'

2021-10-14 17:33:30 - [MESSAGE][INFO] - Finding Test Object 'Object Repository/Filtreler/Basliga_Gore_Textbox'

2021-10-14 17:33:30 - [MESSAGE][INFO] - Checking timeout

2021-10-14 17:33:30 - [MESSAGE][INFO] - Finding web element with id: 'Object Repository/Filtreler/Basliklar' located by 'By.cssSelector: .control-label.col-sm-4.paddingMarginRLC' in '10' second(s)

2021-10-14 17:33:30 - [MESSAGE][INFO] - Smart Wait Function is triggered

2021-10-14 17:33:30 - [MESSAGE][INFO] - Found 8 web elements with id: 'Object Repository/Filtreler/Basliklar' located by 'By.cssSelector: .control-label.col-sm-4.paddingMarginRLC' in '10' second(s)

2021-10-14 17:33:30 - [MESSAGE][INFO] - Smart Wait Function is triggered

2021-10-14 17:33:31 - [MESSAGE][PASSED] - Method.TextDegerineEsitElementinAltindakiTextboxtaYaz is PASSED

2021-10-14 17:33:31 - [MESSAGE][PASSED] - Call Test Case 'Test Cases/Filtreler/RaporNoYaz' successfully

2021-10-14 17:33:31 - [MESSAGE][INFO] - Checking called Test Case

2021-10-14 17:33:31 - [MESSAGE][INFO] - Starting to call Test Case 'Test Cases/Filtreler/ButonaTikla'

2021-10-14 17:33:31 - [TEST_CASE][PASSED] - Test Cases/Filtreler/ButonaTikla: Test Cases/Filtreler/ButonaTikla

2021-10-14 17:33:31 - [TEST_STEP][PASSED] - Method.TextDegerineEsitElementeTikla(findTestObject("Filtreler/Butonlar"), Filtre_Buton): Method.TextDegerineEsitElementeTikla is PASSED

2021-10-14 17:33:31 - [MESSAGE][INFO] - Finding Test Object 'Object Repository/Filtreler/Butonlar'

2021-10-14 17:33:31 - [MESSAGE][INFO] - Checking timeout

2021-10-14 17:33:31 - [MESSAGE][INFO] - Finding web element with id: 'Object Repository/Filtreler/Butonlar' located by 'By.cssSelector: .dxb>span' in '10' second(s)

2021-10-14 17:33:31 - [MESSAGE][INFO] - Smart Wait Function is triggered

2021-10-14 17:33:31 - [MESSAGE][INFO] - Found 2 web elements with id: 'Object Repository/Filtreler/Butonlar' located by 'By.cssSelector: .dxb>span' in '10' second(s)

2021-10-14 17:33:31 - [MESSAGE][PASSED] - Method.TextDegerineEsitElementeTikla is PASSED

2021-10-14 17:33:31 - [MESSAGE][PASSED] - Call Test Case 'Test Cases/Filtreler/ButonaTikla' successfully

2021-10-14 17:33:31 - [MESSAGE][INFO] - Checking called Test Case

2021-10-14 17:33:31 - [MESSAGE][INFO] - Starting to call Test Case 'Test Cases/Tablo/TablodaVeriVarMi'

2021-10-14 17:33:31 - [TEST_CASE][PASSED] - Test Cases/Tablo/TablodaVeriVarMi: Test Cases/Tablo/TablodaVeriVarMi

2021-10-14 17:33:31 - [TEST_STEP][PASSED] - verifyTextNotPresent("Görüntülenecek veri yok", true): Text 'Görüntülenecek veri yok' is not present on page using regular expression

2021-10-14 17:33:31 - [MESSAGE][INFO] - Checking text present  using regular expression

2021-10-14 17:33:31 - [MESSAGE][INFO] - Smart Wait Function is triggered

2021-10-14 17:33:37 - [MESSAGE][INFO] - Finding text 'Görüntülenecek veri yok' on page  using regular expression

2021-10-14 17:33:37 - [MESSAGE][PASSED] - Text 'Görüntülenecek veri yok' is not present on page using regular expression

2021-10-14 17:33:37 - [MESSAGE][PASSED] - Call Test Case 'Test Cases/Tablo/TablodaVeriVarMi' successfully

2021-10-14 17:33:37 - [MESSAGE][INFO] - Checking called Test Case

2021-10-14 17:33:37 - [MESSAGE][INFO] - Starting to call Test Case 'Test Cases/Kullanici_Islemleri/KullaniciIslemlerindenSecimYapilir'

2021-10-14 17:33:37 - [TEST_CASE][PASSED] - Test Cases/Kullanici_Islemleri/KullaniciIslemlerindenSecimYapilir: Test Cases/Kullanici_Islemleri/KullaniciIslemlerindenSecimYapilir

2021-10-14 17:33:37 - [TEST_STEP][PASSED] - waitForElementClickable(findTestObject("Object Repository/Kullanici_Islemleri/KullaniciIslemleri"), 10): Object 'Object Repository/Kullanici_Islemleri/KullaniciIslemleri' is clickable

2021-10-14 17:33:37 - [MESSAGE][INFO] - Finding Test Object 'Object Repository/Kullanici_Islemleri/KullaniciIslemleri'

2021-10-14 17:33:37 - [MESSAGE][INFO] - Checking object

2021-10-14 17:33:37 - [MESSAGE][INFO] - Checking timeout

2021-10-14 17:33:37 - [MESSAGE][INFO] - Finding web element from Test Object's properties

2021-10-14 17:33:37 - [MESSAGE][INFO] - Checking timeout

2021-10-14 17:33:37 - [MESSAGE][INFO] - Finding web element with id: 'Object Repository/Kullanici_Islemleri/KullaniciIslemleri' located by 'By.cssSelector: .dropdown>a>img' in '10' second(s)

2021-10-14 17:33:37 - [MESSAGE][INFO] - Smart Wait Function is triggered

2021-10-14 17:33:37 - [MESSAGE][INFO] - Found 1 web elements with id: 'Object Repository/Kullanici_Islemleri/KullaniciIslemleri' located by 'By.cssSelector: .dropdown>a>img' in '10' second(s)

2021-10-14 17:33:37 - [MESSAGE][PASSED] - Object 'Object Repository/Kullanici_Islemleri/KullaniciIslemleri' is clickable

2021-10-14 17:33:37 - [TEST_STEP][PASSED] - click(findTestObject("Object Repository/Kullanici_Islemleri/KullaniciIslemleri")): Object: 'Object Repository/Kullanici_Islemleri/KullaniciIslemleri' is clicked on

2021-10-14 17:33:37 - [MESSAGE][INFO] - Finding Test Object 'Object Repository/Kullanici_Islemleri/KullaniciIslemleri'

2021-10-14 17:33:37 - [MESSAGE][INFO] - Checking object

2021-10-14 17:33:37 - [MESSAGE][INFO] - Finding web element from Test Object's properties

2021-10-14 17:33:37 - [MESSAGE][INFO] - Checking timeout

2021-10-14 17:33:37 - [MESSAGE][INFO] - Finding web element with id: 'Object Repository/Kullanici_Islemleri/KullaniciIslemleri' located by 'By.cssSelector: .dropdown>a>img' in '30' second(s)

2021-10-14 17:33:37 - [MESSAGE][INFO] - Smart Wait Function is triggered

2021-10-14 17:33:37 - [MESSAGE][INFO] - Found 1 web elements with id: 'Object Repository/Kullanici_Islemleri/KullaniciIslemleri' located by 'By.cssSelector: .dropdown>a>img' in '30' second(s)

2021-10-14 17:33:37 - [MESSAGE][INFO] - Clicking on object: 'Object Repository/Kullanici_Islemleri/KullaniciIslemleri'

2021-10-14 17:33:37 - [MESSAGE][PASSED] - Object: 'Object Repository/Kullanici_Islemleri/KullaniciIslemleri' is clicked on

2021-10-14 17:33:37 - [TEST_STEP][PASSED] - Method.TextDegerineEsitElementeTikla(findTestObject("Object Repository/Kullanici_Islemleri/Secenekler"), Islem): Method.TextDegerineEsitElementeTikla is PASSED

2021-10-14 17:33:37 - [MESSAGE][INFO] - Finding Test Object 'Object Repository/Kullanici_Islemleri/Secenekler'

2021-10-14 17:33:38 - [MESSAGE][INFO] - Checking timeout

2021-10-14 17:33:38 - [MESSAGE][INFO] - Finding web element with id: 'Object Repository/Kullanici_Islemleri/Secenekler' located by 'By.cssSelector: .nav.navbar-nav.navbar-right li a' in '10' second(s)

2021-10-14 17:33:38 - [MESSAGE][INFO] - Smart Wait Function is triggered

2021-10-14 17:33:38 - [MESSAGE][INFO] - Found 22 web elements with id: 'Object Repository/Kullanici_Islemleri/Secenekler' located by 'By.cssSelector: .nav.navbar-nav.navbar-right li a' in '10' second(s)

2021-10-14 17:33:39 - [MESSAGE][PASSED] - Method.TextDegerineEsitElementeTikla is PASSED

2021-10-14 17:33:39 - [TEST_STEP][PASSED] - verifyElementNotPresent(findTestObject("Object Repository/Kullanici_Islemleri/Secenekler"), 10): Web element with id: 'Object Repository/Kullanici_Islemleri/Secenekler' located by 'By.cssSelector: .nav.navbar-nav.navbar-right li a' is not present after '10' second(s)

2021-10-14 17:33:39 - [MESSAGE][INFO] - Finding Test Object 'Object Repository/Kullanici_Islemleri/Secenekler'

2021-10-14 17:33:39 - [MESSAGE][INFO] - Checking object

2021-10-14 17:33:39 - [MESSAGE][INFO] - Checking timeout

2021-10-14 17:33:39 - [MESSAGE][INFO] - Finding web element with id: 'Object Repository/Kullanici_Islemleri/Secenekler' located by 'By.cssSelector: .nav.navbar-nav.navbar-right li a' in '10' second(s)

2021-10-14 17:33:39 - [MESSAGE][INFO] - Smart Wait Function is triggered

2021-10-14 17:33:40 - [MESSAGE][PASSED] - Web element with id: 'Object Repository/Kullanici_Islemleri/Secenekler' located by 'By.cssSelector: .nav.navbar-nav.navbar-right li a' is not present after '10' second(s)

2021-10-14 17:33:40 - [MESSAGE][PASSED] - Call Test Case 'Test Cases/Kullanici_Islemleri/KullaniciIslemlerindenSecimYapilir' successfully

2021-10-14 17:33:40 - [TEST_CASE][PASSED] - Start Test Case : SCENARIO Irsaliye Yanitinin excele aktarilmasi: SCENARIO Irsaliye Yanitinin excele aktarilmasi

2021-10-14 17:33:40 - [TEST_STEP][PASSED] - Kullanıcı adı ELOGO6 ve Şifre 123456 olarak giriş yapılır: Kullanıcı adı ELOGO6 ve Şifre 123456 olarak giriş yapılır

2021-10-14 17:33:40 - [MESSAGE][PASSED] - Kullanıcı adı ELOGO6 ve Şifre 123456 olarak giriş yapılır

2021-10-14 17:33:40 - [TEST_STEP][PASSED] - Ana menüden e-İrsaliye seçilir: Ana menüden e-İrsaliye seçilir

2021-10-14 17:33:40 - [MESSAGE][PASSED] - Ana menüden e-İrsaliye seçilir

2021-10-14 17:33:40 - [TEST_STEP][PASSED] - Alt menü Giden Kutusu başlığı altındaki İrsaliye Yanıtları seçilir: Alt menü Giden Kutusu başlığı altındaki İrsaliye Yanıtları seçilir

2021-10-14 17:33:40 - [MESSAGE][PASSED] - Alt menü Giden Kutusu başlığı altındaki İrsaliye Yanıtları seçilir

2021-10-14 17:33:40 - [TEST_STEP][PASSED] - Filtrelerden Oluşturma Tarihi filtresine 01.01.2020 baslangic degerini yaz: Filtrelerden Oluşturma Tarihi filtresine 01.01.2020 baslangic degerini yaz

2021-10-14 17:33:40 - [MESSAGE][PASSED] - Filtrelerden Oluşturma Tarihi filtresine 01.01.2020 baslangic degerini yaz

2021-10-14 17:33:40 - [TEST_STEP][PASSED] - Filtrelerden Oluşturma Tarihi filtresine 31.12.2020 bitis degerini yaz: Filtrelerden Oluşturma Tarihi filtresine 31.12.2020 bitis degerini yaz

2021-10-14 17:33:40 - [MESSAGE][PASSED] - Filtrelerden Oluşturma Tarihi filtresine 31.12.2020 bitis degerini yaz

2021-10-14 17:33:40 - [TEST_STEP][PASSED] - Filtre butonlarından Listele seçilir: Filtre butonlarından Listele seçilir

2021-10-14 17:33:40 - [MESSAGE][PASSED] - Filtre butonlarından Listele seçilir

2021-10-14 17:33:40 - [TEST_STEP][PASSED] - Tabloda veri var mı kontrol edilir: Tabloda veri var mı kontrol edilir

2021-10-14 17:33:40 - [MESSAGE][PASSED] - Tabloda veri var mı kontrol edilir

2021-10-14 17:33:40 - [TEST_STEP][PASSED] - Tablodan Logo Elektronik GIB Test isimli veri seçilir: Tablodan Logo Elektronik GIB Test isimli veri seçilir

2021-10-14 17:33:40 - [MESSAGE][PASSED] - Tablodan Logo Elektronik GIB Test isimli veri seçilir

2021-10-14 17:33:40 - [TEST_STEP][PASSED] - Butonlardan Excel isimli butona tıklanır: Butonlardan Excel isimli butona tıklanır

2021-10-14 17:33:40 - [MESSAGE][PASSED] - Butonlardan Excel isimli butona tıklanır

2021-10-14 17:33:40 - [TEST_STEP][PASSED] - Alt butonlardan Excel'e Aktar butonuna tıklanır: Alt butonlardan Excel'e Aktar butonuna tıklanır

2021-10-14 17:33:40 - [MESSAGE][PASSED] - Alt butonlardan Excel'e Aktar butonuna tıklanır

2021-10-14 17:33:40 - [TEST_STEP][PASSED] - Popup mesajı Lütfen rapor bildiriminin gönderileceği e-posta adresini belirtiniz. içeriyor mu: Popup mesajı Lütfen rapor bildiriminin gönderileceği e-posta adresini belirtiniz. içeriyor mu

2021-10-14 17:33:40 - [MESSAGE][PASSED] - Popup mesajı Lütfen rapor bildiriminin gönderileceği e-posta adresini belirtiniz. içeriyor mu

2021-10-14 17:33:40 - [TEST_STEP][PASSED] - Yönetim popupında Gönder seçilir: Yönetim popupında Gönder seçilir

2021-10-14 17:33:40 - [MESSAGE][PASSED] - Yönetim popupında Gönder seçilir

2021-10-14 17:33:40 - [TEST_STEP][PASSED] - Popup mesajı Toplu Veri İndirme içeriyor mu: Popup mesajı Toplu Veri İndirme içeriyor mu

2021-10-14 17:33:40 - [MESSAGE][PASSED] - Popup mesajı Toplu Veri İndirme içeriyor mu

2021-10-14 17:33:40 - [TEST_STEP][PASSED] - Yönetim popupında Tamam seçilir: Yönetim popupında Tamam seçilir

2021-10-14 17:33:40 - [MESSAGE][PASSED] - Yönetim popupında Tamam seçilir

2021-10-14 17:33:40 - [TEST_STEP][PASSED] - Butonlardan Excel isimli butona tıklanır: Butonlardan Excel isimli butona tıklanır

2021-10-14 17:33:40 - [MESSAGE][PASSED] - Butonlardan Excel isimli butona tıklanır

2021-10-14 17:33:40 - [TEST_STEP][PASSED] - Alt butonlardan Tümünü Excel'e Aktar butonuna tıklanır: Alt butonlardan Tümünü Excel'e Aktar butonuna tıklanır

2021-10-14 17:33:40 - [MESSAGE][PASSED] - Alt butonlardan Tümünü Excel'e Aktar butonuna tıklanır

2021-10-14 17:33:40 - [TEST_STEP][PASSED] - Popup mesajı Lütfen rapor bildiriminin gönderileceği e-posta adresini belirtiniz. içeriyor mu: Popup mesajı Lütfen rapor bildiriminin gönderileceği e-posta adresini belirtiniz. içeriyor mu

2021-10-14 17:33:40 - [MESSAGE][PASSED] - Popup mesajı Lütfen rapor bildiriminin gönderileceği e-posta adresini belirtiniz. içeriyor mu

2021-10-14 17:33:40 - [TEST_STEP][PASSED] - Yönetim popupında Gönder seçilir: Yönetim popupında Gönder seçilir

2021-10-14 17:33:40 - [MESSAGE][PASSED] - Yönetim popupında Gönder seçilir

2021-10-14 17:33:40 - [TEST_STEP][PASSED] - Popup mesajı Toplu Veri İndirme içeriyor mu: Popup mesajı Toplu Veri İndirme içeriyor mu

2021-10-14 17:33:40 - [MESSAGE][PASSED] - Popup mesajı Toplu Veri İndirme içeriyor mu

2021-10-14 17:33:40 - [TEST_STEP][PASSED] - Yönetim popupında Tamam seçilir: Yönetim popupında Tamam seçilir

2021-10-14 17:33:40 - [MESSAGE][PASSED] - Yönetim popupında Tamam seçilir

2021-10-14 17:33:40 - [TEST_STEP][PASSED] - Ana menüden Raporlar seçilir: Ana menüden Raporlar seçilir

2021-10-14 17:33:40 - [MESSAGE][PASSED] - Ana menüden Raporlar seçilir

2021-10-14 17:33:40 - [TEST_STEP][PASSED] - Alt menüden Toplu Veri İndirme seçilir: Alt menüden Toplu Veri İndirme seçilir

2021-10-14 17:33:40 - [MESSAGE][PASSED] - Alt menüden Toplu Veri İndirme seçilir

2021-10-14 17:33:40 - [TEST_STEP][PASSED] - Filtrelerden Talep No filtresine Rapor No bilgisi yaz: Filtrelerden Talep No filtresine Rapor No bilgisi yaz

2021-10-14 17:33:40 - [MESSAGE][PASSED] - Filtrelerden Talep No filtresine Rapor No bilgisi yaz

2021-10-14 17:33:40 - [TEST_STEP][PASSED] - Filtre butonlarından Listele seçilir: Filtre butonlarından Listele seçilir

2021-10-14 17:33:40 - [MESSAGE][PASSED] - Filtre butonlarından Listele seçilir

2021-10-14 17:33:40 - [TEST_STEP][PASSED] - Tabloda veri var mı kontrol edilir: Tabloda veri var mı kontrol edilir

2021-10-14 17:33:40 - [MESSAGE][PASSED] - Tabloda veri var mı kontrol edilir

2021-10-14 17:33:40 - [TEST_STEP][PASSED] - Kullanıcı işlemlerinden Çıkış seçilir: Kullanıcı işlemlerinden Çıkış seçilir

2021-10-14 17:33:40 - [MESSAGE][PASSED] - Kullanıcı işlemlerinden Çıkış seçilir

2021-10-14 17:33:40 - [MESSAGE][PASSED] - Feature file: 'Include/features/e-Irsaliye/Giden Kutusu/Irsaliye Yanitlari/Excele Aktar.feature' was passed

2021-10-14 17:33:40 - [TEST_STEP][PASSED] - Start listener action : sampleAfterTestSuite: Invoke 'com.kms.katalon.core.annotation.AfterTestCase' method: 'Listener.sampleAfterTestSuite(...)' completed.

2021-10-14 17:33:40 - [MESSAGE][INFO] - Starting invoke 'com.kms.katalon.core.annotation.AfterTestCase' method: 'Listener.sampleAfterTestSuite(...)'

2021-10-14 17:33:40 - [TEST_STEP][PASSED] - closeBrowser(): Invoke 'com.kms.katalon.core.annotation.AfterTestCase' method: 'Listener.sampleAfterTestSuite(...)' completed.

2021-10-14 17:33:40 - [MESSAGE][INFO] - Closing browser

2021-10-14 17:33:40 - [MESSAGE][PASSED] - Browser is closed

2021-10-14 17:33:40 - [MESSAGE][INFO] - Invoke 'com.kms.katalon.core.annotation.AfterTestCase' method: 'Listener.sampleAfterTestSuite(...)' completed.]]></system-out>
         <system-err><![CDATA[]]></system-err>
      </testcase>
      <testcase name="Test Cases/Case Repository/e-Irsaliye/Giden Kutusu/Irsaliye Yanitlari/Toplu Indirme" time="50.783" classname="Test Cases/Case Repository/e-Irsaliye/Giden Kutusu/Irsaliye Yanitlari/Toplu Indirme" status="PASSED">
         <system-out><![CDATA[2021-10-14 17:33:41 - [TEST_CASE][PASSED] - Test Cases/Case Repository/e-Irsaliye/Giden Kutusu/Irsaliye Yanitlari/Toplu Indirme: Test Cases/Case Repository/e-Irsaliye/Giden Kutusu/Irsaliye Yanitlari/Toplu Indirme

2021-10-14 17:33:41 - [TEST_STEP][PASSED] - Start listener action : sampleBeforeTestSuite: Invoke 'com.kms.katalon.core.annotation.BeforeTestCase' method: 'Listener.sampleBeforeTestSuite(...)' completed.

2021-10-14 17:33:41 - [MESSAGE][INFO] - Starting invoke 'com.kms.katalon.core.annotation.BeforeTestCase' method: 'Listener.sampleBeforeTestSuite(...)'

2021-10-14 17:33:41 - [TEST_STEP][PASSED] - openBrowser(baseUrl): Browser is opened with url: 'https://efatura-stage.elogo.com.tr/'

2021-10-14 17:33:41 - [MESSAGE][INFO] - Opening browser

2021-10-14 17:33:41 - [MESSAGE][INFO] - Starting 'Chrome' driver

2021-10-14 17:33:41 - [MESSAGE][INFO] - User set preference: ['prefs', '{download.default_directory=C:\otomasyondownfiles}']

2021-10-14 17:33:41 - [MESSAGE][INFO] - Action delay is set to 0 milliseconds

2021-10-14 17:33:42 - [MESSAGE][INFO] - Navigating browser to: 'https://efatura-stage.elogo.com.tr/'

2021-10-14 17:33:44 - [MESSAGE][PASSED] - Browser is opened with url: 'https://efatura-stage.elogo.com.tr/'

2021-10-14 17:33:44 - [TEST_STEP][PASSED] - maximizeWindow(): Invoke 'com.kms.katalon.core.annotation.BeforeTestCase' method: 'Listener.sampleBeforeTestSuite(...)' completed.

2021-10-14 17:33:44 - [MESSAGE][INFO] - Maximizing current window

2021-10-14 17:33:45 - [MESSAGE][PASSED] - Current window maximized

2021-10-14 17:33:45 - [MESSAGE][INFO] - Invoke 'com.kms.katalon.core.annotation.BeforeTestCase' method: 'Listener.sampleBeforeTestSuite(...)' completed.

2021-10-14 17:33:45 - [TEST_STEP][PASSED] - runFeatureFile("Include/features/e-Irsaliye/Giden Kutusu/Irsaliye Yanitlari/Toplu Indirme.feature"): Feature file: 'Include/features/e-Irsaliye/Giden Kutusu/Irsaliye Yanitlari/Toplu Indirme.feature' was passed

2021-10-14 17:33:45 - [MESSAGE][INFO] - Starting run keyword runFeatureFile: 'Include/features/e-Irsaliye/Giden Kutusu/Irsaliye Yanitlari/Toplu Indirme.feature' and extract report to folder: 'C:\Users\DELL\Downloads\EES_Katalon-main\Reports\20211014_170112\Suite Repository\ExceleAktarVeTopluIndirme\20211014_170125/cucumber_report/1634222025634'...

2021-10-14 17:33:45 - [MESSAGE][INFO] - Glue: []

2021-10-14 17:33:46 - [MESSAGE][INFO] - Checking called Test Case

2021-10-14 17:33:46 - [MESSAGE][INFO] - Starting to call Test Case 'Test Cases/Sayfalar/Giris_Sayfasi/Login'

2021-10-14 17:33:46 - [TEST_CASE][PASSED] - Test Cases/Sayfalar/Giris_Sayfasi/Login: Test Cases/Sayfalar/Giris_Sayfasi/Login

2021-10-14 17:33:46 - [TEST_STEP][PASSED] - Sayfa_Basligi = getWindowTitle(): Current window's title is: 'LOGO e-Fatura'

2021-10-14 17:33:46 - [MESSAGE][INFO] - Getting current window's title

2021-10-14 17:33:46 - [MESSAGE][PASSED] - Current window's title is: 'LOGO e-Fatura'

2021-10-14 17:33:46 - [TEST_STEP][PASSED] - verifyMatch(Sayfa_Basligi, "LOGO e-Fatura", false): Actual text 'LOGO e-Fatura' and expected text 'LOGO e-Fatura' are matched 

2021-10-14 17:33:46 - [MESSAGE][INFO] - Matching actual text 'LOGO e-Fatura' with expected text 'LOGO e-Fatura'

2021-10-14 17:33:46 - [MESSAGE][PASSED] - Actual text 'LOGO e-Fatura' and expected text 'LOGO e-Fatura' are matched 

2021-10-14 17:33:46 - [TEST_STEP][PASSED] - sendKeys(findTestObject("Sayfalar/Giris_Sayfasi/Firma_Kodu"), KullaniciAdi): Keys 'ELOGO6' sent to object: 'Object Repository/Sayfalar/Giris_Sayfasi/Firma_Kodu'

2021-10-14 17:33:46 - [MESSAGE][INFO] - Finding Test Object 'Object Repository/Sayfalar/Giris_Sayfasi/Firma_Kodu'

2021-10-14 17:33:46 - [MESSAGE][INFO] - Sending keys 'ELOGO6' to object: 'Object Repository/Sayfalar/Giris_Sayfasi/Firma_Kodu'

2021-10-14 17:33:46 - [MESSAGE][INFO] - Finding web element from Test Object's properties

2021-10-14 17:33:46 - [MESSAGE][INFO] - Checking timeout

2021-10-14 17:33:46 - [MESSAGE][INFO] - Finding web element with id: 'Object Repository/Sayfalar/Giris_Sayfasi/Firma_Kodu' located by 'By.xpath: //*[@id = 'AccountName']' in '30' second(s)

2021-10-14 17:33:46 - [MESSAGE][INFO] - Smart Wait Function is triggered

2021-10-14 17:33:46 - [MESSAGE][INFO] - Found 1 web elements with id: 'Object Repository/Sayfalar/Giris_Sayfasi/Firma_Kodu' located by 'By.xpath: //*[@id = 'AccountName']' in '30' second(s)

2021-10-14 17:33:46 - [MESSAGE][PASSED] - Keys 'ELOGO6' sent to object: 'Object Repository/Sayfalar/Giris_Sayfasi/Firma_Kodu'

2021-10-14 17:33:46 - [TEST_STEP][PASSED] - sendKeys(findTestObject("Sayfalar/Giris_Sayfasi/Sifre"), Sifre): Keys '123456' sent to object: 'Object Repository/Sayfalar/Giris_Sayfasi/Sifre'

2021-10-14 17:33:46 - [MESSAGE][INFO] - Finding Test Object 'Object Repository/Sayfalar/Giris_Sayfasi/Sifre'

2021-10-14 17:33:47 - [MESSAGE][INFO] - Sending keys '123456' to object: 'Object Repository/Sayfalar/Giris_Sayfasi/Sifre'

2021-10-14 17:33:47 - [MESSAGE][INFO] - Finding web element from Test Object's properties

2021-10-14 17:33:47 - [MESSAGE][INFO] - Checking timeout

2021-10-14 17:33:47 - [MESSAGE][INFO] - Finding web element with id: 'Object Repository/Sayfalar/Giris_Sayfasi/Sifre' located by 'By.xpath: //*[@id = 'Password']' in '30' second(s)

2021-10-14 17:33:47 - [MESSAGE][INFO] - Smart Wait Function is triggered

2021-10-14 17:33:47 - [MESSAGE][INFO] - Found 1 web elements with id: 'Object Repository/Sayfalar/Giris_Sayfasi/Sifre' located by 'By.xpath: //*[@id = 'Password']' in '30' second(s)

2021-10-14 17:33:47 - [MESSAGE][PASSED] - Keys '123456' sent to object: 'Object Repository/Sayfalar/Giris_Sayfasi/Sifre'

2021-10-14 17:33:47 - [TEST_STEP][PASSED] - findWebElement(findTestObject("Sayfalar/Giris_Sayfasi/Giris_Butonu")).click(): Found 1 web elements with id: 'Object Repository/Sayfalar/Giris_Sayfasi/Giris_Butonu' located by 'By.cssSelector: #btnLogin' in '30' second(s)

2021-10-14 17:33:47 - [MESSAGE][INFO] - Finding Test Object 'Object Repository/Sayfalar/Giris_Sayfasi/Giris_Butonu'

2021-10-14 17:33:47 - [MESSAGE][INFO] - Finding web element from Test Object's properties

2021-10-14 17:33:47 - [MESSAGE][INFO] - Checking timeout

2021-10-14 17:33:47 - [MESSAGE][INFO] - Finding web element with id: 'Object Repository/Sayfalar/Giris_Sayfasi/Giris_Butonu' located by 'By.cssSelector: #btnLogin' in '30' second(s)

2021-10-14 17:33:47 - [MESSAGE][INFO] - Smart Wait Function is triggered

2021-10-14 17:33:47 - [MESSAGE][INFO] - Found 1 web elements with id: 'Object Repository/Sayfalar/Giris_Sayfasi/Giris_Butonu' located by 'By.cssSelector: #btnLogin' in '30' second(s)

2021-10-14 17:33:50 - [TEST_STEP][PASSED] - if (verifyElementPresent(findTestObject("Object Repository/Sayfalar/Giris_Sayfasi/RetveTamam_Butonu"), 5, OPTIONAL)): null

2021-10-14 17:33:50 - [MESSAGE][INFO] - Finding Test Object 'Object Repository/Sayfalar/Giris_Sayfasi/RetveTamam_Butonu'

2021-10-14 17:33:50 - [MESSAGE][INFO] - Checking object

2021-10-14 17:33:50 - [MESSAGE][INFO] - Finding web element from Test Object's properties

2021-10-14 17:33:50 - [MESSAGE][INFO] - Checking timeout

2021-10-14 17:33:50 - [MESSAGE][INFO] - Finding web element with id: 'Object Repository/Sayfalar/Giris_Sayfasi/RetveTamam_Butonu' located by 'By.xpath: //*[@class = 'btn btn-default']' in '5' second(s)

2021-10-14 17:33:50 - [MESSAGE][INFO] - Smart Wait Function is triggered

2021-10-14 17:33:50 - [MESSAGE][INFO] - Found 1 web elements with id: 'Object Repository/Sayfalar/Giris_Sayfasi/RetveTamam_Butonu' located by 'By.xpath: //*[@class = 'btn btn-default']' in '5' second(s)

2021-10-14 17:33:50 - [MESSAGE][PASSED] - Object 'Object Repository/Sayfalar/Giris_Sayfasi/RetveTamam_Butonu' is present

2021-10-14 17:33:50 - [TEST_STEP][PASSED] - click(findTestObject("Object Repository/Sayfalar/Giris_Sayfasi/RetveTamam_Butonu")): Object: 'Object Repository/Sayfalar/Giris_Sayfasi/RetveTamam_Butonu' is clicked on

2021-10-14 17:33:50 - [MESSAGE][INFO] - Finding Test Object 'Object Repository/Sayfalar/Giris_Sayfasi/RetveTamam_Butonu'

2021-10-14 17:33:50 - [MESSAGE][INFO] - Checking object

2021-10-14 17:33:50 - [MESSAGE][INFO] - Finding web element from Test Object's properties

2021-10-14 17:33:50 - [MESSAGE][INFO] - Checking timeout

2021-10-14 17:33:50 - [MESSAGE][INFO] - Finding web element with id: 'Object Repository/Sayfalar/Giris_Sayfasi/RetveTamam_Butonu' located by 'By.xpath: //*[@class = 'btn btn-default']' in '30' second(s)

2021-10-14 17:33:50 - [MESSAGE][INFO] - Smart Wait Function is triggered

2021-10-14 17:33:51 - [MESSAGE][INFO] - Found 1 web elements with id: 'Object Repository/Sayfalar/Giris_Sayfasi/RetveTamam_Butonu' located by 'By.xpath: //*[@class = 'btn btn-default']' in '30' second(s)

2021-10-14 17:33:51 - [MESSAGE][INFO] - Clicking on object: 'Object Repository/Sayfalar/Giris_Sayfasi/RetveTamam_Butonu'

2021-10-14 17:33:51 - [MESSAGE][PASSED] - Object: 'Object Repository/Sayfalar/Giris_Sayfasi/RetveTamam_Butonu' is clicked on

2021-10-14 17:33:51 - [TEST_STEP][PASSED] - click(findTestObject("Object Repository/Sayfalar/Giris_Sayfasi/RetveTamam_Butonu")): Object: 'Object Repository/Sayfalar/Giris_Sayfasi/RetveTamam_Butonu' is clicked on

2021-10-14 17:33:51 - [MESSAGE][INFO] - Finding Test Object 'Object Repository/Sayfalar/Giris_Sayfasi/RetveTamam_Butonu'

2021-10-14 17:33:51 - [MESSAGE][INFO] - Checking object

2021-10-14 17:33:51 - [MESSAGE][INFO] - Finding web element from Test Object's properties

2021-10-14 17:33:51 - [MESSAGE][INFO] - Checking timeout

2021-10-14 17:33:51 - [MESSAGE][INFO] - Finding web element with id: 'Object Repository/Sayfalar/Giris_Sayfasi/RetveTamam_Butonu' located by 'By.xpath: //*[@class = 'btn btn-default']' in '30' second(s)

2021-10-14 17:33:51 - [MESSAGE][INFO] - Smart Wait Function is triggered

2021-10-14 17:33:53 - [MESSAGE][INFO] - Found 1 web elements with id: 'Object Repository/Sayfalar/Giris_Sayfasi/RetveTamam_Butonu' located by 'By.xpath: //*[@class = 'btn btn-default']' in '30' second(s)

2021-10-14 17:33:53 - [MESSAGE][INFO] - Clicking on object: 'Object Repository/Sayfalar/Giris_Sayfasi/RetveTamam_Butonu'

2021-10-14 17:33:53 - [MESSAGE][PASSED] - Object: 'Object Repository/Sayfalar/Giris_Sayfasi/RetveTamam_Butonu' is clicked on

2021-10-14 17:33:53 - [TEST_STEP][PASSED] - if (verifyElementPresent(findTestObject("Sayfalar/Giris_Sayfasi/PopupOK"), 5, OPTIONAL)): null

2021-10-14 17:33:53 - [MESSAGE][INFO] - Finding Test Object 'Object Repository/Sayfalar/Giris_Sayfasi/PopupOK'

2021-10-14 17:33:53 - [MESSAGE][INFO] - Checking object

2021-10-14 17:33:53 - [MESSAGE][INFO] - Finding web element from Test Object's properties

2021-10-14 17:33:53 - [MESSAGE][INFO] - Checking timeout

2021-10-14 17:33:53 - [MESSAGE][INFO] - Finding web element with id: 'Object Repository/Sayfalar/Giris_Sayfasi/PopupOK' located by 'By.cssSelector: .btn.btn-success' in '5' second(s)

2021-10-14 17:33:53 - [MESSAGE][INFO] - Smart Wait Function is triggered

2021-10-14 17:33:53 - [MESSAGE][INFO] - Found 1 web elements with id: 'Object Repository/Sayfalar/Giris_Sayfasi/PopupOK' located by 'By.cssSelector: .btn.btn-success' in '5' second(s)

2021-10-14 17:33:53 - [MESSAGE][PASSED] - Object 'Object Repository/Sayfalar/Giris_Sayfasi/PopupOK' is present

2021-10-14 17:33:53 - [TEST_STEP][PASSED] - click(findTestObject("Object Repository/Sayfalar/Giris_Sayfasi/PopupCarpiGiris")): Object: 'Object Repository/Sayfalar/Giris_Sayfasi/PopupCarpiGiris' is clicked on

2021-10-14 17:33:53 - [MESSAGE][INFO] - Finding Test Object 'Object Repository/Sayfalar/Giris_Sayfasi/PopupCarpiGiris'

2021-10-14 17:33:54 - [MESSAGE][INFO] - Checking object

2021-10-14 17:33:54 - [MESSAGE][INFO] - Finding web element from Test Object's properties

2021-10-14 17:33:54 - [MESSAGE][INFO] - Checking timeout

2021-10-14 17:33:54 - [MESSAGE][INFO] - Finding web element with id: 'Object Repository/Sayfalar/Giris_Sayfasi/PopupCarpiGiris' located by 'By.cssSelector: .bootbox-close-button.close' in '30' second(s)

2021-10-14 17:33:54 - [MESSAGE][INFO] - Smart Wait Function is triggered

2021-10-14 17:33:54 - [MESSAGE][INFO] - Found 1 web elements with id: 'Object Repository/Sayfalar/Giris_Sayfasi/PopupCarpiGiris' located by 'By.cssSelector: .bootbox-close-button.close' in '30' second(s)

2021-10-14 17:33:54 - [MESSAGE][INFO] - Clicking on object: 'Object Repository/Sayfalar/Giris_Sayfasi/PopupCarpiGiris'

2021-10-14 17:33:54 - [MESSAGE][PASSED] - Object: 'Object Repository/Sayfalar/Giris_Sayfasi/PopupCarpiGiris' is clicked on

2021-10-14 17:33:54 - [TEST_STEP][PASSED] - verifyElementVisible(findTestObject("Object Repository/Kullanici_Islemleri/KullaniciIslemleri")): Object 'Object Repository/Kullanici_Islemleri/KullaniciIslemleri' is visible

2021-10-14 17:33:54 - [MESSAGE][INFO] - Finding Test Object 'Object Repository/Kullanici_Islemleri/KullaniciIslemleri'

2021-10-14 17:33:54 - [MESSAGE][INFO] - Checking object

2021-10-14 17:33:54 - [MESSAGE][INFO] - Finding web element from Test Object's properties

2021-10-14 17:33:54 - [MESSAGE][INFO] - Checking timeout

2021-10-14 17:33:54 - [MESSAGE][INFO] - Finding web element with id: 'Object Repository/Kullanici_Islemleri/KullaniciIslemleri' located by 'By.cssSelector: .dropdown>a>img' in '30' second(s)

2021-10-14 17:33:54 - [MESSAGE][INFO] - Smart Wait Function is triggered

2021-10-14 17:33:55 - [MESSAGE][INFO] - Found 1 web elements with id: 'Object Repository/Kullanici_Islemleri/KullaniciIslemleri' located by 'By.cssSelector: .dropdown>a>img' in '30' second(s)

2021-10-14 17:33:55 - [MESSAGE][PASSED] - Object 'Object Repository/Kullanici_Islemleri/KullaniciIslemleri' is visible

2021-10-14 17:33:55 - [MESSAGE][PASSED] - Call Test Case 'Test Cases/Sayfalar/Giris_Sayfasi/Login' successfully

2021-10-14 17:33:55 - [MESSAGE][INFO] - Checking called Test Case

2021-10-14 17:33:55 - [MESSAGE][INFO] - Starting to call Test Case 'Test Cases/Menu/AnaMenuSecimi'

2021-10-14 17:33:55 - [TEST_CASE][PASSED] - Test Cases/Menu/AnaMenuSecimi: Test Cases/Menu/AnaMenuSecimi

2021-10-14 17:33:55 - [TEST_STEP][PASSED] - Method.TextDegerineEsitElementeTikla(findTestObject("Menu/Ana_Menu"), Ana_Menu): Method.TextDegerineEsitElementeTikla is PASSED

2021-10-14 17:33:55 - [MESSAGE][INFO] - Finding Test Object 'Object Repository/Menu/Ana_Menu'

2021-10-14 17:33:55 - [MESSAGE][INFO] - Checking timeout

2021-10-14 17:33:55 - [MESSAGE][INFO] - Finding web element with id: 'Object Repository/Menu/Ana_Menu' located by 'By.xpath: //*[@class = 'dropdown-toggle']' in '10' second(s)

2021-10-14 17:33:55 - [MESSAGE][INFO] - Smart Wait Function is triggered

2021-10-14 17:33:55 - [MESSAGE][INFO] - Found 14 web elements with id: 'Object Repository/Menu/Ana_Menu' located by 'By.xpath: //*[@class = 'dropdown-toggle']' in '10' second(s)

2021-10-14 17:33:55 - [MESSAGE][PASSED] - Method.TextDegerineEsitElementeTikla is PASSED

2021-10-14 17:33:56 - [MESSAGE][PASSED] - Call Test Case 'Test Cases/Menu/AnaMenuSecimi' successfully

2021-10-14 17:33:56 - [MESSAGE][INFO] - Checking called Test Case

2021-10-14 17:33:56 - [MESSAGE][INFO] - Starting to call Test Case 'Test Cases/Menu/BasligaGoreAltMenuSecimi'

2021-10-14 17:33:56 - [TEST_CASE][PASSED] - Test Cases/Menu/BasligaGoreAltMenuSecimi: Test Cases/Menu/BasligaGoreAltMenuSecimi

2021-10-14 17:33:56 - [TEST_STEP][PASSED] - Method.TextDegerineEsitElementinAltindakiTextDegerineEsitOlanaTikla(findTestObject("Menu/Menu_Basligi"), findTestObject("Menu/Basliga_Gore_Alt_Menu"), Baslik, Alt_Menu): Method.TextDegerineEsitElementinAltindakiTextDegerineEsitOlanaTikla is PASSED

2021-10-14 17:33:56 - [MESSAGE][INFO] - Finding Test Object 'Object Repository/Menu/Menu_Basligi'

2021-10-14 17:33:56 - [MESSAGE][INFO] - Finding Test Object 'Object Repository/Menu/Basliga_Gore_Alt_Menu'

2021-10-14 17:33:56 - [MESSAGE][INFO] - Checking timeout

2021-10-14 17:33:56 - [MESSAGE][INFO] - Finding web element with id: 'Object Repository/Menu/Menu_Basligi' located by 'By.xpath: //li[@class='dropdown dropdown-large open']//li[@class='dropdown-header']' in '10' second(s)

2021-10-14 17:33:56 - [MESSAGE][INFO] - Smart Wait Function is triggered

2021-10-14 17:33:56 - [MESSAGE][INFO] - Found 3 web elements with id: 'Object Repository/Menu/Menu_Basligi' located by 'By.xpath: //li[@class='dropdown dropdown-large open']//li[@class='dropdown-header']' in '10' second(s)

2021-10-14 17:33:56 - [MESSAGE][INFO] - Smart Wait Function is triggered

2021-10-14 17:33:59 - [MESSAGE][PASSED] - Method.TextDegerineEsitElementinAltindakiTextDegerineEsitOlanaTikla is PASSED

2021-10-14 17:33:59 - [MESSAGE][PASSED] - Call Test Case 'Test Cases/Menu/BasligaGoreAltMenuSecimi' successfully

2021-10-14 17:33:59 - [MESSAGE][INFO] - Checking called Test Case

2021-10-14 17:33:59 - [MESSAGE][INFO] - Starting to call Test Case 'Test Cases/Filtreler/BaslangicYaz'

2021-10-14 17:33:59 - [TEST_CASE][PASSED] - Test Cases/Filtreler/BaslangicYaz: Test Cases/Filtreler/BaslangicYaz

2021-10-14 17:33:59 - [TEST_STEP][PASSED] - Method.TextDegerineEsitElementinAltindakineTikla(findTestObject("Filtreler/Basliklar"), findTestObject("Filtreler/Basliga_Gore_Baslangic_Image"), Filtre_Adi): Method.TextDegerineEsitElementinAltindakineTikla is PASSED

2021-10-14 17:33:59 - [MESSAGE][INFO] - Finding Test Object 'Object Repository/Filtreler/Basliklar'

2021-10-14 17:33:59 - [MESSAGE][INFO] - Finding Test Object 'Object Repository/Filtreler/Basliga_Gore_Baslangic_Image'

2021-10-14 17:34:00 - [MESSAGE][INFO] - Checking timeout

2021-10-14 17:34:00 - [MESSAGE][INFO] - Finding web element with id: 'Object Repository/Filtreler/Basliklar' located by 'By.cssSelector: .control-label.col-sm-4.paddingMarginRLC' in '10' second(s)

2021-10-14 17:34:00 - [MESSAGE][INFO] - Smart Wait Function is triggered

2021-10-14 17:34:00 - [MESSAGE][INFO] - Found 13 web elements with id: 'Object Repository/Filtreler/Basliklar' located by 'By.cssSelector: .control-label.col-sm-4.paddingMarginRLC' in '10' second(s)

2021-10-14 17:34:00 - [MESSAGE][INFO] - Smart Wait Function is triggered

2021-10-14 17:34:00 - [MESSAGE][PASSED] - Method.TextDegerineEsitElementinAltindakineTikla is PASSED

2021-10-14 17:34:00 - [TEST_STEP][PASSED] - Method.TextDegerineEsitElementinAltindakiTextboxtaYaz(findTestObject("Filtreler/Basliklar"), findTestObject("Filtreler/Basliga_Gore_Baslangic"), Filtre_Adi, Filtre_Degeri): Method.TextDegerineEsitElementinAltindakiTextboxtaYaz is PASSED

2021-10-14 17:34:00 - [MESSAGE][INFO] - Finding Test Object 'Object Repository/Filtreler/Basliklar'

2021-10-14 17:34:00 - [MESSAGE][INFO] - Finding Test Object 'Object Repository/Filtreler/Basliga_Gore_Baslangic'

2021-10-14 17:34:00 - [MESSAGE][INFO] - Checking timeout

2021-10-14 17:34:00 - [MESSAGE][INFO] - Finding web element with id: 'Object Repository/Filtreler/Basliklar' located by 'By.cssSelector: .control-label.col-sm-4.paddingMarginRLC' in '10' second(s)

2021-10-14 17:34:00 - [MESSAGE][INFO] - Smart Wait Function is triggered

2021-10-14 17:34:01 - [MESSAGE][INFO] - Found 13 web elements with id: 'Object Repository/Filtreler/Basliklar' located by 'By.cssSelector: .control-label.col-sm-4.paddingMarginRLC' in '10' second(s)

2021-10-14 17:34:01 - [MESSAGE][INFO] - Smart Wait Function is triggered

2021-10-14 17:34:01 - [MESSAGE][PASSED] - Method.TextDegerineEsitElementinAltindakiTextboxtaYaz is PASSED

2021-10-14 17:34:01 - [MESSAGE][PASSED] - Call Test Case 'Test Cases/Filtreler/BaslangicYaz' successfully

2021-10-14 17:34:01 - [MESSAGE][INFO] - Checking called Test Case

2021-10-14 17:34:01 - [MESSAGE][INFO] - Starting to call Test Case 'Test Cases/Filtreler/BitisYaz'

2021-10-14 17:34:01 - [TEST_CASE][PASSED] - Test Cases/Filtreler/BitisYaz: Test Cases/Filtreler/BitisYaz

2021-10-14 17:34:01 - [TEST_STEP][PASSED] - Method.TextDegerineEsitElementinAltindakineTikla(findTestObject("Filtreler/Basliklar"), findTestObject("Filtreler/Basliga_Gore_Bitis_Image"), Filtre_Adi): Method.TextDegerineEsitElementinAltindakineTikla is PASSED

2021-10-14 17:34:01 - [MESSAGE][INFO] - Finding Test Object 'Object Repository/Filtreler/Basliklar'

2021-10-14 17:34:01 - [MESSAGE][INFO] - Finding Test Object 'Object Repository/Filtreler/Basliga_Gore_Bitis_Image'

2021-10-14 17:34:02 - [MESSAGE][INFO] - Checking timeout

2021-10-14 17:34:02 - [MESSAGE][INFO] - Finding web element with id: 'Object Repository/Filtreler/Basliklar' located by 'By.cssSelector: .control-label.col-sm-4.paddingMarginRLC' in '10' second(s)

2021-10-14 17:34:02 - [MESSAGE][INFO] - Smart Wait Function is triggered

2021-10-14 17:34:02 - [MESSAGE][INFO] - Found 13 web elements with id: 'Object Repository/Filtreler/Basliklar' located by 'By.cssSelector: .control-label.col-sm-4.paddingMarginRLC' in '10' second(s)

2021-10-14 17:34:02 - [MESSAGE][INFO] - Smart Wait Function is triggered

2021-10-14 17:34:02 - [MESSAGE][PASSED] - Method.TextDegerineEsitElementinAltindakineTikla is PASSED

2021-10-14 17:34:02 - [TEST_STEP][PASSED] - Method.TextDegerineEsitElementinAltindakiTextboxtaYaz(findTestObject("Filtreler/Basliklar"), findTestObject("Object Repository/Filtreler/Basliga_Gore_Bitis"), Filtre_Adi, Filtre_Degeri): Method.TextDegerineEsitElementinAltindakiTextboxtaYaz is PASSED

2021-10-14 17:34:02 - [MESSAGE][INFO] - Finding Test Object 'Object Repository/Filtreler/Basliklar'

2021-10-14 17:34:02 - [MESSAGE][INFO] - Finding Test Object 'Object Repository/Filtreler/Basliga_Gore_Bitis'

2021-10-14 17:34:02 - [MESSAGE][INFO] - Checking timeout

2021-10-14 17:34:02 - [MESSAGE][INFO] - Finding web element with id: 'Object Repository/Filtreler/Basliklar' located by 'By.cssSelector: .control-label.col-sm-4.paddingMarginRLC' in '10' second(s)

2021-10-14 17:34:02 - [MESSAGE][INFO] - Smart Wait Function is triggered

2021-10-14 17:34:03 - [MESSAGE][INFO] - Found 13 web elements with id: 'Object Repository/Filtreler/Basliklar' located by 'By.cssSelector: .control-label.col-sm-4.paddingMarginRLC' in '10' second(s)

2021-10-14 17:34:03 - [MESSAGE][INFO] - Smart Wait Function is triggered

2021-10-14 17:34:03 - [MESSAGE][PASSED] - Method.TextDegerineEsitElementinAltindakiTextboxtaYaz is PASSED

2021-10-14 17:34:03 - [MESSAGE][PASSED] - Call Test Case 'Test Cases/Filtreler/BitisYaz' successfully

2021-10-14 17:34:03 - [MESSAGE][INFO] - Checking called Test Case

2021-10-14 17:34:03 - [MESSAGE][INFO] - Starting to call Test Case 'Test Cases/Filtreler/ButonaTikla'

2021-10-14 17:34:03 - [TEST_CASE][PASSED] - Test Cases/Filtreler/ButonaTikla: Test Cases/Filtreler/ButonaTikla

2021-10-14 17:34:03 - [TEST_STEP][PASSED] - Method.TextDegerineEsitElementeTikla(findTestObject("Filtreler/Butonlar"), Filtre_Buton): Method.TextDegerineEsitElementeTikla is PASSED

2021-10-14 17:34:03 - [MESSAGE][INFO] - Finding Test Object 'Object Repository/Filtreler/Butonlar'

2021-10-14 17:34:04 - [MESSAGE][INFO] - Checking timeout

2021-10-14 17:34:04 - [MESSAGE][INFO] - Finding web element with id: 'Object Repository/Filtreler/Butonlar' located by 'By.cssSelector: .dxb>span' in '10' second(s)

2021-10-14 17:34:04 - [MESSAGE][INFO] - Smart Wait Function is triggered

2021-10-14 17:34:04 - [MESSAGE][INFO] - Found 3 web elements with id: 'Object Repository/Filtreler/Butonlar' located by 'By.cssSelector: .dxb>span' in '10' second(s)

2021-10-14 17:34:04 - [MESSAGE][PASSED] - Method.TextDegerineEsitElementeTikla is PASSED

2021-10-14 17:34:04 - [MESSAGE][PASSED] - Call Test Case 'Test Cases/Filtreler/ButonaTikla' successfully

2021-10-14 17:34:04 - [MESSAGE][INFO] - Checking called Test Case

2021-10-14 17:34:04 - [MESSAGE][INFO] - Starting to call Test Case 'Test Cases/Tablo/TablodaVeriVarMi'

2021-10-14 17:34:04 - [TEST_CASE][PASSED] - Test Cases/Tablo/TablodaVeriVarMi: Test Cases/Tablo/TablodaVeriVarMi

2021-10-14 17:34:04 - [TEST_STEP][PASSED] - verifyTextNotPresent("Görüntülenecek veri yok", true): Text 'Görüntülenecek veri yok' is not present on page using regular expression

2021-10-14 17:34:04 - [MESSAGE][INFO] - Checking text present  using regular expression

2021-10-14 17:34:04 - [MESSAGE][INFO] - Smart Wait Function is triggered

2021-10-14 17:34:05 - [MESSAGE][INFO] - Finding text 'Görüntülenecek veri yok' on page  using regular expression

2021-10-14 17:34:05 - [MESSAGE][PASSED] - Text 'Görüntülenecek veri yok' is not present on page using regular expression

2021-10-14 17:34:05 - [MESSAGE][PASSED] - Call Test Case 'Test Cases/Tablo/TablodaVeriVarMi' successfully

2021-10-14 17:34:05 - [MESSAGE][INFO] - Checking called Test Case

2021-10-14 17:34:05 - [MESSAGE][INFO] - Starting to call Test Case 'Test Cases/Tablo/TablodanVeriSec'

2021-10-14 17:34:05 - [TEST_CASE][PASSED] - Test Cases/Tablo/TablodanVeriSec: Test Cases/Tablo/TablodanVeriSec

2021-10-14 17:34:05 - [TEST_STEP][PASSED] - Method.TextDegerineEsitElementinAltindakineTikla(findTestObject("Tablo/Veriler"), findTestObject("Tablo/VerininCheckBoxi"), Veri_Adi): Method.TextDegerineEsitElementinAltindakineTikla is PASSED

2021-10-14 17:34:05 - [MESSAGE][INFO] - Finding Test Object 'Object Repository/Tablo/Veriler'

2021-10-14 17:34:05 - [MESSAGE][INFO] - Finding Test Object 'Object Repository/Tablo/VerininCheckBoxi'

2021-10-14 17:34:05 - [MESSAGE][INFO] - Checking timeout

2021-10-14 17:34:05 - [MESSAGE][INFO] - Finding web element with id: 'Object Repository/Tablo/Veriler' located by 'By.cssSelector: td.dxgv b ,td.dxgv' in '10' second(s)

2021-10-14 17:34:05 - [MESSAGE][INFO] - Smart Wait Function is triggered

2021-10-14 17:34:06 - [MESSAGE][INFO] - Found 90 web elements with id: 'Object Repository/Tablo/Veriler' located by 'By.cssSelector: td.dxgv b ,td.dxgv' in '10' second(s)

2021-10-14 17:34:06 - [MESSAGE][INFO] - Smart Wait Function is triggered

2021-10-14 17:34:06 - [MESSAGE][PASSED] - Method.TextDegerineEsitElementinAltindakineTikla is PASSED

2021-10-14 17:34:06 - [MESSAGE][PASSED] - Call Test Case 'Test Cases/Tablo/TablodanVeriSec' successfully

2021-10-14 17:34:06 - [MESSAGE][INFO] - Checking called Test Case

2021-10-14 17:34:06 - [MESSAGE][INFO] - Starting to call Test Case 'Test Cases/Butonlar/ButonaTikla'

2021-10-14 17:34:06 - [TEST_CASE][PASSED] - Test Cases/Butonlar/ButonaTikla: Test Cases/Butonlar/ButonaTikla

2021-10-14 17:34:06 - [TEST_STEP][PASSED] - Method.TextDegerineEsitElementeTiklaEquals(findTestObject("Butonlar/Butonlar"), Buton_Adi): Method.TextDegerineEsitElementeTiklaEquals is PASSED

2021-10-14 17:34:06 - [MESSAGE][INFO] - Finding Test Object 'Object Repository/Butonlar/Butonlar'

2021-10-14 17:34:06 - [MESSAGE][INFO] - Checking timeout

2021-10-14 17:34:06 - [MESSAGE][INFO] - Finding web element with id: 'Object Repository/Butonlar/Butonlar' located by 'By.cssSelector: .panel.panel-default.text-center.footerPanel .btn,.btn.btn-primary.btnControls' in '10' second(s)

2021-10-14 17:34:06 - [MESSAGE][INFO] - Smart Wait Function is triggered

2021-10-14 17:34:07 - [MESSAGE][INFO] - Found 6 web elements with id: 'Object Repository/Butonlar/Butonlar' located by 'By.cssSelector: .panel.panel-default.text-center.footerPanel .btn,.btn.btn-primary.btnControls' in '10' second(s)

2021-10-14 17:34:07 - [MESSAGE][PASSED] - Method.TextDegerineEsitElementeTiklaEquals is PASSED

2021-10-14 17:34:07 - [MESSAGE][PASSED] - Call Test Case 'Test Cases/Butonlar/ButonaTikla' successfully

2021-10-14 17:34:07 - [MESSAGE][INFO] - Checking called Test Case

2021-10-14 17:34:07 - [MESSAGE][INFO] - Starting to call Test Case 'Test Cases/Butonlar/AltButonaTikla'

2021-10-14 17:34:07 - [TEST_CASE][PASSED] - Test Cases/Butonlar/AltButonaTikla: Test Cases/Butonlar/AltButonaTikla

2021-10-14 17:34:07 - [TEST_STEP][PASSED] - Method.TextDegerineEsitElementeTikla(findTestObject("Butonlar/AltButonlar"), Alt_Buton): Method.TextDegerineEsitElementeTikla is PASSED

2021-10-14 17:34:07 - [MESSAGE][INFO] - Finding Test Object 'Object Repository/Butonlar/AltButonlar'

2021-10-14 17:34:07 - [MESSAGE][INFO] - Checking timeout

2021-10-14 17:34:07 - [MESSAGE][INFO] - Finding web element with id: 'Object Repository/Butonlar/AltButonlar' located by 'By.cssSelector: .btn-group.open li>a' in '10' second(s)

2021-10-14 17:34:07 - [MESSAGE][INFO] - Smart Wait Function is triggered

2021-10-14 17:34:07 - [MESSAGE][INFO] - Found 2 web elements with id: 'Object Repository/Butonlar/AltButonlar' located by 'By.cssSelector: .btn-group.open li>a' in '10' second(s)

2021-10-14 17:34:07 - [MESSAGE][PASSED] - Method.TextDegerineEsitElementeTikla is PASSED

2021-10-14 17:34:07 - [MESSAGE][PASSED] - Call Test Case 'Test Cases/Butonlar/AltButonaTikla' successfully

2021-10-14 17:34:07 - [MESSAGE][INFO] - Checking called Test Case

2021-10-14 17:34:07 - [MESSAGE][INFO] - Starting to call Test Case 'Test Cases/Popup/PopupMesajiIceriyorMu'

2021-10-14 17:34:07 - [TEST_CASE][PASSED] - Test Cases/Popup/PopupMesajiIceriyorMu: Test Cases/Popup/PopupMesajiIceriyorMu

2021-10-14 17:34:07 - [TEST_STEP][PASSED] - waitForElementVisible(findTestObject("Popup/Popup"), 10): Object 'Object Repository/Popup/Popup' is visible

2021-10-14 17:34:07 - [MESSAGE][INFO] - Finding Test Object 'Object Repository/Popup/Popup'

2021-10-14 17:34:07 - [MESSAGE][INFO] - Checking object

2021-10-14 17:34:07 - [MESSAGE][INFO] - Checking timeout

2021-10-14 17:34:07 - [MESSAGE][INFO] - Finding web element from Test Object's properties

2021-10-14 17:34:07 - [MESSAGE][INFO] - Checking timeout

2021-10-14 17:34:07 - [MESSAGE][INFO] - Finding web element with id: 'Object Repository/Popup/Popup' located by 'By.cssSelector: .bootbox-body' in '10' second(s)

2021-10-14 17:34:07 - [MESSAGE][INFO] - Smart Wait Function is triggered

2021-10-14 17:34:08 - [MESSAGE][INFO] - Found 1 web elements with id: 'Object Repository/Popup/Popup' located by 'By.cssSelector: .bootbox-body' in '10' second(s)

2021-10-14 17:34:08 - [MESSAGE][PASSED] - Object 'Object Repository/Popup/Popup' is visible

2021-10-14 17:34:08 - [TEST_STEP][PASSED] - if (!(getText(findTestObject("Popup/Popup")).contains(Mesaj))): Text of object 'Object Repository/Popup/Popup' is: 'Lütfen rapor bildiriminin gönderileceği e-posta adresini belirtiniz.
e-Posta Adresi'

2021-10-14 17:34:08 - [MESSAGE][INFO] - Finding Test Object 'Object Repository/Popup/Popup'

2021-10-14 17:34:08 - [MESSAGE][INFO] - Checking object

2021-10-14 17:34:08 - [MESSAGE][INFO] - Finding web element from Test Object's properties

2021-10-14 17:34:08 - [MESSAGE][INFO] - Checking timeout

2021-10-14 17:34:08 - [MESSAGE][INFO] - Finding web element with id: 'Object Repository/Popup/Popup' located by 'By.cssSelector: .bootbox-body' in '30' second(s)

2021-10-14 17:34:08 - [MESSAGE][INFO] - Smart Wait Function is triggered

2021-10-14 17:34:09 - [MESSAGE][INFO] - Found 1 web elements with id: 'Object Repository/Popup/Popup' located by 'By.cssSelector: .bootbox-body' in '30' second(s)

2021-10-14 17:34:09 - [MESSAGE][INFO] - Getting text of object 'Object Repository/Popup/Popup'

2021-10-14 17:34:09 - [MESSAGE][PASSED] - Text of object 'Object Repository/Popup/Popup' is: 'Lütfen rapor bildiriminin gönderileceği e-posta adresini belirtiniz.
e-Posta Adresi'

2021-10-14 17:34:09 - [TEST_STEP][PASSED] - RaporNo = getText(findTestObject("Popup/Popup")).substring(0, 6): Text of object 'Object Repository/Popup/Popup' is: 'Lütfen rapor bildiriminin gönderileceği e-posta adresini belirtiniz.
e-Posta Adresi'

2021-10-14 17:34:09 - [MESSAGE][INFO] - Finding Test Object 'Object Repository/Popup/Popup'

2021-10-14 17:34:09 - [MESSAGE][INFO] - Checking object

2021-10-14 17:34:09 - [MESSAGE][INFO] - Finding web element from Test Object's properties

2021-10-14 17:34:09 - [MESSAGE][INFO] - Checking timeout

2021-10-14 17:34:09 - [MESSAGE][INFO] - Finding web element with id: 'Object Repository/Popup/Popup' located by 'By.cssSelector: .bootbox-body' in '30' second(s)

2021-10-14 17:34:09 - [MESSAGE][INFO] - Smart Wait Function is triggered

2021-10-14 17:34:09 - [MESSAGE][INFO] - Found 1 web elements with id: 'Object Repository/Popup/Popup' located by 'By.cssSelector: .bootbox-body' in '30' second(s)

2021-10-14 17:34:09 - [MESSAGE][INFO] - Getting text of object 'Object Repository/Popup/Popup'

2021-10-14 17:34:09 - [MESSAGE][PASSED] - Text of object 'Object Repository/Popup/Popup' is: 'Lütfen rapor bildiriminin gönderileceği e-posta adresini belirtiniz.
e-Posta Adresi'

2021-10-14 17:34:09 - [TEST_STEP][PASSED] - Console.println(RaporNo): null

2021-10-14 17:34:09 - [MESSAGE][PASSED] - Call Test Case 'Test Cases/Popup/PopupMesajiIceriyorMu' successfully

2021-10-14 17:34:09 - [MESSAGE][INFO] - Checking called Test Case

2021-10-14 17:34:09 - [MESSAGE][INFO] - Starting to call Test Case 'Test Cases/Popup/PopupButonSecilir'

2021-10-14 17:34:09 - [TEST_CASE][PASSED] - Test Cases/Popup/PopupButonSecilir: Test Cases/Popup/PopupButonSecilir

2021-10-14 17:34:09 - [TEST_STEP][PASSED] - Method.TextDegerineEsitElementeTikla(findTestObject("Popup/Popup_Butons"), Buton): Method.TextDegerineEsitElementeTikla is PASSED

2021-10-14 17:34:09 - [MESSAGE][INFO] - Finding Test Object 'Object Repository/Popup/Popup_Butons'

2021-10-14 17:34:09 - [MESSAGE][INFO] - Checking timeout

2021-10-14 17:34:09 - [MESSAGE][INFO] - Finding web element with id: 'Object Repository/Popup/Popup_Butons' located by 'By.cssSelector: .modal-footer>button' in '10' second(s)

2021-10-14 17:34:09 - [MESSAGE][INFO] - Smart Wait Function is triggered

2021-10-14 17:34:09 - [MESSAGE][INFO] - Found 2 web elements with id: 'Object Repository/Popup/Popup_Butons' located by 'By.cssSelector: .modal-footer>button' in '10' second(s)

2021-10-14 17:34:10 - [MESSAGE][PASSED] - Method.TextDegerineEsitElementeTikla is PASSED

2021-10-14 17:34:10 - [MESSAGE][PASSED] - Call Test Case 'Test Cases/Popup/PopupButonSecilir' successfully

2021-10-14 17:34:10 - [MESSAGE][INFO] - Checking called Test Case

2021-10-14 17:34:10 - [MESSAGE][INFO] - Starting to call Test Case 'Test Cases/Popup/PopupMesajiIceriyorMu'

2021-10-14 17:34:10 - [TEST_CASE][PASSED] - Test Cases/Popup/PopupMesajiIceriyorMu: Test Cases/Popup/PopupMesajiIceriyorMu

2021-10-14 17:34:10 - [TEST_STEP][PASSED] - waitForElementVisible(findTestObject("Popup/Popup"), 10): Object 'Object Repository/Popup/Popup' is visible

2021-10-14 17:34:10 - [MESSAGE][INFO] - Finding Test Object 'Object Repository/Popup/Popup'

2021-10-14 17:34:10 - [MESSAGE][INFO] - Checking object

2021-10-14 17:34:10 - [MESSAGE][INFO] - Checking timeout

2021-10-14 17:34:10 - [MESSAGE][INFO] - Finding web element from Test Object's properties

2021-10-14 17:34:10 - [MESSAGE][INFO] - Checking timeout

2021-10-14 17:34:10 - [MESSAGE][INFO] - Finding web element with id: 'Object Repository/Popup/Popup' located by 'By.cssSelector: .bootbox-body' in '10' second(s)

2021-10-14 17:34:10 - [MESSAGE][INFO] - Smart Wait Function is triggered

2021-10-14 17:34:10 - [MESSAGE][INFO] - Found 1 web elements with id: 'Object Repository/Popup/Popup' located by 'By.cssSelector: .bootbox-body' in '10' second(s)

2021-10-14 17:34:10 - [MESSAGE][PASSED] - Object 'Object Repository/Popup/Popup' is visible

2021-10-14 17:34:10 - [TEST_STEP][PASSED] - if (!(getText(findTestObject("Popup/Popup")).contains(Mesaj))): Text of object 'Object Repository/Popup/Popup' is: '14611 no’lu talebiniz işleme alınmıştır. Raporunuz hazırlandığında (elogotest@gmail.com) adresinize mail gönderilecektir.
Rapor durumunuzu Raporlar > Toplu Veri İndirme ekranından takip edebilir, hazırlandı durumundaki raporlarınızı ilgili menüden indirebilirsiniz.'

2021-10-14 17:34:10 - [MESSAGE][INFO] - Finding Test Object 'Object Repository/Popup/Popup'

2021-10-14 17:34:10 - [MESSAGE][INFO] - Checking object

2021-10-14 17:34:10 - [MESSAGE][INFO] - Finding web element from Test Object's properties

2021-10-14 17:34:10 - [MESSAGE][INFO] - Checking timeout

2021-10-14 17:34:10 - [MESSAGE][INFO] - Finding web element with id: 'Object Repository/Popup/Popup' located by 'By.cssSelector: .bootbox-body' in '30' second(s)

2021-10-14 17:34:10 - [MESSAGE][INFO] - Smart Wait Function is triggered

2021-10-14 17:34:11 - [MESSAGE][INFO] - Found 1 web elements with id: 'Object Repository/Popup/Popup' located by 'By.cssSelector: .bootbox-body' in '30' second(s)

2021-10-14 17:34:11 - [MESSAGE][INFO] - Getting text of object 'Object Repository/Popup/Popup'

2021-10-14 17:34:11 - [MESSAGE][PASSED] - Text of object 'Object Repository/Popup/Popup' is: '14611 no’lu talebiniz işleme alınmıştır. Raporunuz hazırlandığında (elogotest@gmail.com) adresinize mail gönderilecektir.
Rapor durumunuzu Raporlar > Toplu Veri İndirme ekranından takip edebilir, hazırlandı durumundaki raporlarınızı ilgili menüden indirebilirsiniz.'

2021-10-14 17:34:11 - [TEST_STEP][PASSED] - RaporNo = getText(findTestObject("Popup/Popup")).substring(0, 6): Text of object 'Object Repository/Popup/Popup' is: '14611 no’lu talebiniz işleme alınmıştır. Raporunuz hazırlandığında (elogotest@gmail.com) adresinize mail gönderilecektir.
Rapor durumunuzu Raporlar > Toplu Veri İndirme ekranından takip edebilir, hazırlandı durumundaki raporlarınızı ilgili menüden indirebilirsiniz.'

2021-10-14 17:34:11 - [MESSAGE][INFO] - Finding Test Object 'Object Repository/Popup/Popup'

2021-10-14 17:34:11 - [MESSAGE][INFO] - Checking object

2021-10-14 17:34:11 - [MESSAGE][INFO] - Finding web element from Test Object's properties

2021-10-14 17:34:11 - [MESSAGE][INFO] - Checking timeout

2021-10-14 17:34:11 - [MESSAGE][INFO] - Finding web element with id: 'Object Repository/Popup/Popup' located by 'By.cssSelector: .bootbox-body' in '30' second(s)

2021-10-14 17:34:11 - [MESSAGE][INFO] - Smart Wait Function is triggered

2021-10-14 17:34:11 - [MESSAGE][INFO] - Found 1 web elements with id: 'Object Repository/Popup/Popup' located by 'By.cssSelector: .bootbox-body' in '30' second(s)

2021-10-14 17:34:11 - [MESSAGE][INFO] - Getting text of object 'Object Repository/Popup/Popup'

2021-10-14 17:34:11 - [MESSAGE][PASSED] - Text of object 'Object Repository/Popup/Popup' is: '14611 no’lu talebiniz işleme alınmıştır. Raporunuz hazırlandığında (elogotest@gmail.com) adresinize mail gönderilecektir.
Rapor durumunuzu Raporlar > Toplu Veri İndirme ekranından takip edebilir, hazırlandı durumundaki raporlarınızı ilgili menüden indirebilirsiniz.'

2021-10-14 17:34:11 - [TEST_STEP][PASSED] - Console.println(RaporNo): null

2021-10-14 17:34:11 - [MESSAGE][PASSED] - Call Test Case 'Test Cases/Popup/PopupMesajiIceriyorMu' successfully

2021-10-14 17:34:11 - [MESSAGE][INFO] - Checking called Test Case

2021-10-14 17:34:11 - [MESSAGE][INFO] - Starting to call Test Case 'Test Cases/Popup/PopupButonSecilir'

2021-10-14 17:34:11 - [TEST_CASE][PASSED] - Test Cases/Popup/PopupButonSecilir: Test Cases/Popup/PopupButonSecilir

2021-10-14 17:34:11 - [TEST_STEP][PASSED] - Method.TextDegerineEsitElementeTikla(findTestObject("Popup/Popup_Butons"), Buton): Method.TextDegerineEsitElementeTikla is PASSED

2021-10-14 17:34:11 - [MESSAGE][INFO] - Finding Test Object 'Object Repository/Popup/Popup_Butons'

2021-10-14 17:34:11 - [MESSAGE][INFO] - Checking timeout

2021-10-14 17:34:11 - [MESSAGE][INFO] - Finding web element with id: 'Object Repository/Popup/Popup_Butons' located by 'By.cssSelector: .modal-footer>button' in '10' second(s)

2021-10-14 17:34:11 - [MESSAGE][INFO] - Smart Wait Function is triggered

2021-10-14 17:34:12 - [MESSAGE][INFO] - Found 1 web elements with id: 'Object Repository/Popup/Popup_Butons' located by 'By.cssSelector: .modal-footer>button' in '10' second(s)

2021-10-14 17:34:12 - [MESSAGE][PASSED] - Method.TextDegerineEsitElementeTikla is PASSED

2021-10-14 17:34:12 - [MESSAGE][PASSED] - Call Test Case 'Test Cases/Popup/PopupButonSecilir' successfully

2021-10-14 17:34:12 - [MESSAGE][INFO] - Checking called Test Case

2021-10-14 17:34:12 - [MESSAGE][INFO] - Starting to call Test Case 'Test Cases/Butonlar/ButonaTikla'

2021-10-14 17:34:12 - [TEST_CASE][PASSED] - Test Cases/Butonlar/ButonaTikla: Test Cases/Butonlar/ButonaTikla

2021-10-14 17:34:12 - [TEST_STEP][PASSED] - Method.TextDegerineEsitElementeTiklaEquals(findTestObject("Butonlar/Butonlar"), Buton_Adi): Method.TextDegerineEsitElementeTiklaEquals is PASSED

2021-10-14 17:34:12 - [MESSAGE][INFO] - Finding Test Object 'Object Repository/Butonlar/Butonlar'

2021-10-14 17:34:12 - [MESSAGE][INFO] - Checking timeout

2021-10-14 17:34:12 - [MESSAGE][INFO] - Finding web element with id: 'Object Repository/Butonlar/Butonlar' located by 'By.cssSelector: .panel.panel-default.text-center.footerPanel .btn,.btn.btn-primary.btnControls' in '10' second(s)

2021-10-14 17:34:12 - [MESSAGE][INFO] - Smart Wait Function is triggered

2021-10-14 17:34:12 - [MESSAGE][INFO] - Found 6 web elements with id: 'Object Repository/Butonlar/Butonlar' located by 'By.cssSelector: .panel.panel-default.text-center.footerPanel .btn,.btn.btn-primary.btnControls' in '10' second(s)

2021-10-14 17:34:12 - [MESSAGE][PASSED] - Method.TextDegerineEsitElementeTiklaEquals is PASSED

2021-10-14 17:34:12 - [MESSAGE][PASSED] - Call Test Case 'Test Cases/Butonlar/ButonaTikla' successfully

2021-10-14 17:34:13 - [MESSAGE][INFO] - Checking called Test Case

2021-10-14 17:34:13 - [MESSAGE][INFO] - Starting to call Test Case 'Test Cases/Butonlar/AltButonaTikla'

2021-10-14 17:34:13 - [TEST_CASE][PASSED] - Test Cases/Butonlar/AltButonaTikla: Test Cases/Butonlar/AltButonaTikla

2021-10-14 17:34:13 - [TEST_STEP][PASSED] - Method.TextDegerineEsitElementeTikla(findTestObject("Butonlar/AltButonlar"), Alt_Buton): Method.TextDegerineEsitElementeTikla is PASSED

2021-10-14 17:34:13 - [MESSAGE][INFO] - Finding Test Object 'Object Repository/Butonlar/AltButonlar'

2021-10-14 17:34:13 - [MESSAGE][INFO] - Checking timeout

2021-10-14 17:34:13 - [MESSAGE][INFO] - Finding web element with id: 'Object Repository/Butonlar/AltButonlar' located by 'By.cssSelector: .btn-group.open li>a' in '10' second(s)

2021-10-14 17:34:13 - [MESSAGE][INFO] - Smart Wait Function is triggered

2021-10-14 17:34:13 - [MESSAGE][INFO] - Found 2 web elements with id: 'Object Repository/Butonlar/AltButonlar' located by 'By.cssSelector: .btn-group.open li>a' in '10' second(s)

2021-10-14 17:34:13 - [MESSAGE][PASSED] - Method.TextDegerineEsitElementeTikla is PASSED

2021-10-14 17:34:13 - [MESSAGE][PASSED] - Call Test Case 'Test Cases/Butonlar/AltButonaTikla' successfully

2021-10-14 17:34:13 - [MESSAGE][INFO] - Checking called Test Case

2021-10-14 17:34:13 - [MESSAGE][INFO] - Starting to call Test Case 'Test Cases/Popup/PopupMesajiIceriyorMu'

2021-10-14 17:34:13 - [TEST_CASE][PASSED] - Test Cases/Popup/PopupMesajiIceriyorMu: Test Cases/Popup/PopupMesajiIceriyorMu

2021-10-14 17:34:13 - [TEST_STEP][PASSED] - waitForElementVisible(findTestObject("Popup/Popup"), 10): Object 'Object Repository/Popup/Popup' is visible

2021-10-14 17:34:13 - [MESSAGE][INFO] - Finding Test Object 'Object Repository/Popup/Popup'

2021-10-14 17:34:13 - [MESSAGE][INFO] - Checking object

2021-10-14 17:34:13 - [MESSAGE][INFO] - Checking timeout

2021-10-14 17:34:13 - [MESSAGE][INFO] - Finding web element from Test Object's properties

2021-10-14 17:34:13 - [MESSAGE][INFO] - Checking timeout

2021-10-14 17:34:13 - [MESSAGE][INFO] - Finding web element with id: 'Object Repository/Popup/Popup' located by 'By.cssSelector: .bootbox-body' in '10' second(s)

2021-10-14 17:34:13 - [MESSAGE][INFO] - Smart Wait Function is triggered

2021-10-14 17:34:14 - [MESSAGE][INFO] - Found 1 web elements with id: 'Object Repository/Popup/Popup' located by 'By.cssSelector: .bootbox-body' in '10' second(s)

2021-10-14 17:34:14 - [MESSAGE][PASSED] - Object 'Object Repository/Popup/Popup' is visible

2021-10-14 17:34:14 - [TEST_STEP][PASSED] - if (!(getText(findTestObject("Popup/Popup")).contains(Mesaj))): Text of object 'Object Repository/Popup/Popup' is: 'Lütfen rapor bildiriminin gönderileceği e-posta adresini belirtiniz.
e-Posta Adresi'

2021-10-14 17:34:14 - [MESSAGE][INFO] - Finding Test Object 'Object Repository/Popup/Popup'

2021-10-14 17:34:14 - [MESSAGE][INFO] - Checking object

2021-10-14 17:34:14 - [MESSAGE][INFO] - Finding web element from Test Object's properties

2021-10-14 17:34:14 - [MESSAGE][INFO] - Checking timeout

2021-10-14 17:34:14 - [MESSAGE][INFO] - Finding web element with id: 'Object Repository/Popup/Popup' located by 'By.cssSelector: .bootbox-body' in '30' second(s)

2021-10-14 17:34:14 - [MESSAGE][INFO] - Smart Wait Function is triggered

2021-10-14 17:34:14 - [MESSAGE][INFO] - Found 1 web elements with id: 'Object Repository/Popup/Popup' located by 'By.cssSelector: .bootbox-body' in '30' second(s)

2021-10-14 17:34:14 - [MESSAGE][INFO] - Getting text of object 'Object Repository/Popup/Popup'

2021-10-14 17:34:14 - [MESSAGE][PASSED] - Text of object 'Object Repository/Popup/Popup' is: 'Lütfen rapor bildiriminin gönderileceği e-posta adresini belirtiniz.
e-Posta Adresi'

2021-10-14 17:34:14 - [TEST_STEP][PASSED] - RaporNo = getText(findTestObject("Popup/Popup")).substring(0, 6): Text of object 'Object Repository/Popup/Popup' is: 'Lütfen rapor bildiriminin gönderileceği e-posta adresini belirtiniz.
e-Posta Adresi'

2021-10-14 17:34:14 - [MESSAGE][INFO] - Finding Test Object 'Object Repository/Popup/Popup'

2021-10-14 17:34:14 - [MESSAGE][INFO] - Checking object

2021-10-14 17:34:14 - [MESSAGE][INFO] - Finding web element from Test Object's properties

2021-10-14 17:34:14 - [MESSAGE][INFO] - Checking timeout

2021-10-14 17:34:14 - [MESSAGE][INFO] - Finding web element with id: 'Object Repository/Popup/Popup' located by 'By.cssSelector: .bootbox-body' in '30' second(s)

2021-10-14 17:34:14 - [MESSAGE][INFO] - Smart Wait Function is triggered

2021-10-14 17:34:14 - [MESSAGE][INFO] - Found 1 web elements with id: 'Object Repository/Popup/Popup' located by 'By.cssSelector: .bootbox-body' in '30' second(s)

2021-10-14 17:34:14 - [MESSAGE][INFO] - Getting text of object 'Object Repository/Popup/Popup'

2021-10-14 17:34:14 - [MESSAGE][PASSED] - Text of object 'Object Repository/Popup/Popup' is: 'Lütfen rapor bildiriminin gönderileceği e-posta adresini belirtiniz.
e-Posta Adresi'

2021-10-14 17:34:14 - [TEST_STEP][PASSED] - Console.println(RaporNo): null

2021-10-14 17:34:14 - [MESSAGE][PASSED] - Call Test Case 'Test Cases/Popup/PopupMesajiIceriyorMu' successfully

2021-10-14 17:34:14 - [MESSAGE][INFO] - Checking called Test Case

2021-10-14 17:34:14 - [MESSAGE][INFO] - Starting to call Test Case 'Test Cases/Popup/PopupButonSecilir'

2021-10-14 17:34:15 - [TEST_CASE][PASSED] - Test Cases/Popup/PopupButonSecilir: Test Cases/Popup/PopupButonSecilir

2021-10-14 17:34:15 - [TEST_STEP][PASSED] - Method.TextDegerineEsitElementeTikla(findTestObject("Popup/Popup_Butons"), Buton): Method.TextDegerineEsitElementeTikla is PASSED

2021-10-14 17:34:15 - [MESSAGE][INFO] - Finding Test Object 'Object Repository/Popup/Popup_Butons'

2021-10-14 17:34:15 - [MESSAGE][INFO] - Checking timeout

2021-10-14 17:34:15 - [MESSAGE][INFO] - Finding web element with id: 'Object Repository/Popup/Popup_Butons' located by 'By.cssSelector: .modal-footer>button' in '10' second(s)

2021-10-14 17:34:15 - [MESSAGE][INFO] - Smart Wait Function is triggered

2021-10-14 17:34:15 - [MESSAGE][INFO] - Found 2 web elements with id: 'Object Repository/Popup/Popup_Butons' located by 'By.cssSelector: .modal-footer>button' in '10' second(s)

2021-10-14 17:34:15 - [MESSAGE][PASSED] - Method.TextDegerineEsitElementeTikla is PASSED

2021-10-14 17:34:15 - [MESSAGE][PASSED] - Call Test Case 'Test Cases/Popup/PopupButonSecilir' successfully

2021-10-14 17:34:15 - [MESSAGE][INFO] - Checking called Test Case

2021-10-14 17:34:15 - [MESSAGE][INFO] - Starting to call Test Case 'Test Cases/Popup/PopupMesajiIceriyorMu'

2021-10-14 17:34:15 - [TEST_CASE][PASSED] - Test Cases/Popup/PopupMesajiIceriyorMu: Test Cases/Popup/PopupMesajiIceriyorMu

2021-10-14 17:34:15 - [TEST_STEP][PASSED] - waitForElementVisible(findTestObject("Popup/Popup"), 10): Object 'Object Repository/Popup/Popup' is visible

2021-10-14 17:34:15 - [MESSAGE][INFO] - Finding Test Object 'Object Repository/Popup/Popup'

2021-10-14 17:34:15 - [MESSAGE][INFO] - Checking object

2021-10-14 17:34:15 - [MESSAGE][INFO] - Checking timeout

2021-10-14 17:34:15 - [MESSAGE][INFO] - Finding web element from Test Object's properties

2021-10-14 17:34:15 - [MESSAGE][INFO] - Checking timeout

2021-10-14 17:34:15 - [MESSAGE][INFO] - Finding web element with id: 'Object Repository/Popup/Popup' located by 'By.cssSelector: .bootbox-body' in '10' second(s)

2021-10-14 17:34:15 - [MESSAGE][INFO] - Smart Wait Function is triggered

2021-10-14 17:34:16 - [MESSAGE][INFO] - Found 1 web elements with id: 'Object Repository/Popup/Popup' located by 'By.cssSelector: .bootbox-body' in '10' second(s)

2021-10-14 17:34:16 - [MESSAGE][PASSED] - Object 'Object Repository/Popup/Popup' is visible

2021-10-14 17:34:16 - [TEST_STEP][PASSED] - if (!(getText(findTestObject("Popup/Popup")).contains(Mesaj))): Text of object 'Object Repository/Popup/Popup' is: '14612 no’lu talebiniz işleme alınmıştır. Raporunuz hazırlandığında (elogotest@gmail.com) adresinize mail gönderilecektir.
Rapor durumunuzu Raporlar > Toplu Veri İndirme ekranından takip edebilir, hazırlandı durumundaki raporlarınızı ilgili menüden indirebilirsiniz.'

2021-10-14 17:34:16 - [MESSAGE][INFO] - Finding Test Object 'Object Repository/Popup/Popup'

2021-10-14 17:34:16 - [MESSAGE][INFO] - Checking object

2021-10-14 17:34:16 - [MESSAGE][INFO] - Finding web element from Test Object's properties

2021-10-14 17:34:16 - [MESSAGE][INFO] - Checking timeout

2021-10-14 17:34:16 - [MESSAGE][INFO] - Finding web element with id: 'Object Repository/Popup/Popup' located by 'By.cssSelector: .bootbox-body' in '30' second(s)

2021-10-14 17:34:16 - [MESSAGE][INFO] - Smart Wait Function is triggered

2021-10-14 17:34:16 - [MESSAGE][INFO] - Found 1 web elements with id: 'Object Repository/Popup/Popup' located by 'By.cssSelector: .bootbox-body' in '30' second(s)

2021-10-14 17:34:16 - [MESSAGE][INFO] - Getting text of object 'Object Repository/Popup/Popup'

2021-10-14 17:34:16 - [MESSAGE][PASSED] - Text of object 'Object Repository/Popup/Popup' is: '14612 no’lu talebiniz işleme alınmıştır. Raporunuz hazırlandığında (elogotest@gmail.com) adresinize mail gönderilecektir.
Rapor durumunuzu Raporlar > Toplu Veri İndirme ekranından takip edebilir, hazırlandı durumundaki raporlarınızı ilgili menüden indirebilirsiniz.'

2021-10-14 17:34:16 - [TEST_STEP][PASSED] - RaporNo = getText(findTestObject("Popup/Popup")).substring(0, 6): Text of object 'Object Repository/Popup/Popup' is: '14612 no’lu talebiniz işleme alınmıştır. Raporunuz hazırlandığında (elogotest@gmail.com) adresinize mail gönderilecektir.
Rapor durumunuzu Raporlar > Toplu Veri İndirme ekranından takip edebilir, hazırlandı durumundaki raporlarınızı ilgili menüden indirebilirsiniz.'

2021-10-14 17:34:16 - [MESSAGE][INFO] - Finding Test Object 'Object Repository/Popup/Popup'

2021-10-14 17:34:16 - [MESSAGE][INFO] - Checking object

2021-10-14 17:34:16 - [MESSAGE][INFO] - Finding web element from Test Object's properties

2021-10-14 17:34:16 - [MESSAGE][INFO] - Checking timeout

2021-10-14 17:34:16 - [MESSAGE][INFO] - Finding web element with id: 'Object Repository/Popup/Popup' located by 'By.cssSelector: .bootbox-body' in '30' second(s)

2021-10-14 17:34:16 - [MESSAGE][INFO] - Smart Wait Function is triggered

2021-10-14 17:34:17 - [MESSAGE][INFO] - Found 1 web elements with id: 'Object Repository/Popup/Popup' located by 'By.cssSelector: .bootbox-body' in '30' second(s)

2021-10-14 17:34:17 - [MESSAGE][INFO] - Getting text of object 'Object Repository/Popup/Popup'

2021-10-14 17:34:17 - [MESSAGE][PASSED] - Text of object 'Object Repository/Popup/Popup' is: '14612 no’lu talebiniz işleme alınmıştır. Raporunuz hazırlandığında (elogotest@gmail.com) adresinize mail gönderilecektir.
Rapor durumunuzu Raporlar > Toplu Veri İndirme ekranından takip edebilir, hazırlandı durumundaki raporlarınızı ilgili menüden indirebilirsiniz.'

2021-10-14 17:34:17 - [TEST_STEP][PASSED] - Console.println(RaporNo): null

2021-10-14 17:34:17 - [MESSAGE][PASSED] - Call Test Case 'Test Cases/Popup/PopupMesajiIceriyorMu' successfully

2021-10-14 17:34:17 - [MESSAGE][INFO] - Checking called Test Case

2021-10-14 17:34:17 - [MESSAGE][INFO] - Starting to call Test Case 'Test Cases/Popup/PopupButonSecilir'

2021-10-14 17:34:17 - [TEST_CASE][PASSED] - Test Cases/Popup/PopupButonSecilir: Test Cases/Popup/PopupButonSecilir

2021-10-14 17:34:17 - [TEST_STEP][PASSED] - Method.TextDegerineEsitElementeTikla(findTestObject("Popup/Popup_Butons"), Buton): Method.TextDegerineEsitElementeTikla is PASSED

2021-10-14 17:34:17 - [MESSAGE][INFO] - Finding Test Object 'Object Repository/Popup/Popup_Butons'

2021-10-14 17:34:17 - [MESSAGE][INFO] - Checking timeout

2021-10-14 17:34:17 - [MESSAGE][INFO] - Finding web element with id: 'Object Repository/Popup/Popup_Butons' located by 'By.cssSelector: .modal-footer>button' in '10' second(s)

2021-10-14 17:34:17 - [MESSAGE][INFO] - Smart Wait Function is triggered

2021-10-14 17:34:17 - [MESSAGE][INFO] - Found 1 web elements with id: 'Object Repository/Popup/Popup_Butons' located by 'By.cssSelector: .modal-footer>button' in '10' second(s)

2021-10-14 17:34:17 - [MESSAGE][PASSED] - Method.TextDegerineEsitElementeTikla is PASSED

2021-10-14 17:34:17 - [MESSAGE][PASSED] - Call Test Case 'Test Cases/Popup/PopupButonSecilir' successfully

2021-10-14 17:34:17 - [MESSAGE][INFO] - Checking called Test Case

2021-10-14 17:34:17 - [MESSAGE][INFO] - Starting to call Test Case 'Test Cases/Menu/AnaMenuSecimi'

2021-10-14 17:34:17 - [TEST_CASE][PASSED] - Test Cases/Menu/AnaMenuSecimi: Test Cases/Menu/AnaMenuSecimi

2021-10-14 17:34:17 - [TEST_STEP][PASSED] - Method.TextDegerineEsitElementeTikla(findTestObject("Menu/Ana_Menu"), Ana_Menu): Method.TextDegerineEsitElementeTikla is PASSED

2021-10-14 17:34:17 - [MESSAGE][INFO] - Finding Test Object 'Object Repository/Menu/Ana_Menu'

2021-10-14 17:34:17 - [MESSAGE][INFO] - Checking timeout

2021-10-14 17:34:17 - [MESSAGE][INFO] - Finding web element with id: 'Object Repository/Menu/Ana_Menu' located by 'By.xpath: //*[@class = 'dropdown-toggle']' in '10' second(s)

2021-10-14 17:34:17 - [MESSAGE][INFO] - Smart Wait Function is triggered

2021-10-14 17:34:18 - [MESSAGE][INFO] - Found 14 web elements with id: 'Object Repository/Menu/Ana_Menu' located by 'By.xpath: //*[@class = 'dropdown-toggle']' in '10' second(s)

2021-10-14 17:34:18 - [MESSAGE][PASSED] - Method.TextDegerineEsitElementeTikla is PASSED

2021-10-14 17:34:18 - [MESSAGE][PASSED] - Call Test Case 'Test Cases/Menu/AnaMenuSecimi' successfully

2021-10-14 17:34:18 - [MESSAGE][INFO] - Checking called Test Case

2021-10-14 17:34:18 - [MESSAGE][INFO] - Starting to call Test Case 'Test Cases/Menu/AltMenuSecimi'

2021-10-14 17:34:18 - [TEST_CASE][PASSED] - Test Cases/Menu/AltMenuSecimi: Test Cases/Menu/AltMenuSecimi

2021-10-14 17:34:18 - [TEST_STEP][PASSED] - Method.TextDegerineEsitElementeTikla(findTestObject("Menu/Alt_Menu"), Alt_Menu): Method.TextDegerineEsitElementeTikla is PASSED

2021-10-14 17:34:18 - [MESSAGE][INFO] - Finding Test Object 'Object Repository/Menu/Alt_Menu'

2021-10-14 17:34:18 - [MESSAGE][INFO] - Checking timeout

2021-10-14 17:34:18 - [MESSAGE][INFO] - Finding web element with id: 'Object Repository/Menu/Alt_Menu' located by 'By.xpath: //li[@class='dropdown dropdown-large open']//li[@class='dropdown-element']' in '10' second(s)

2021-10-14 17:34:18 - [MESSAGE][INFO] - Smart Wait Function is triggered

2021-10-14 17:34:19 - [MESSAGE][INFO] - Found 9 web elements with id: 'Object Repository/Menu/Alt_Menu' located by 'By.xpath: //li[@class='dropdown dropdown-large open']//li[@class='dropdown-element']' in '10' second(s)

2021-10-14 17:34:20 - [MESSAGE][PASSED] - Method.TextDegerineEsitElementeTikla is PASSED

2021-10-14 17:34:20 - [MESSAGE][PASSED] - Call Test Case 'Test Cases/Menu/AltMenuSecimi' successfully

2021-10-14 17:34:20 - [MESSAGE][INFO] - Checking called Test Case

2021-10-14 17:34:20 - [MESSAGE][INFO] - Starting to call Test Case 'Test Cases/Filtreler/RaporNoYaz'

2021-10-14 17:34:20 - [TEST_CASE][PASSED] - Test Cases/Filtreler/RaporNoYaz: Test Cases/Filtreler/RaporNoYaz

2021-10-14 17:34:20 - [TEST_STEP][PASSED] - Method.TextDegerineEsitElementinAltindakiTextboxtaYaz(findTestObject("Filtreler/Basliklar"), findTestObject("Filtreler/Basliga_Gore_Textbox"), "Talep No", RaporNo): Method.TextDegerineEsitElementinAltindakiTextboxtaYaz is PASSED

2021-10-14 17:34:20 - [MESSAGE][INFO] - Finding Test Object 'Object Repository/Filtreler/Basliklar'

2021-10-14 17:34:20 - [MESSAGE][INFO] - Finding Test Object 'Object Repository/Filtreler/Basliga_Gore_Textbox'

2021-10-14 17:34:20 - [MESSAGE][INFO] - Checking timeout

2021-10-14 17:34:20 - [MESSAGE][INFO] - Finding web element with id: 'Object Repository/Filtreler/Basliklar' located by 'By.cssSelector: .control-label.col-sm-4.paddingMarginRLC' in '10' second(s)

2021-10-14 17:34:20 - [MESSAGE][INFO] - Smart Wait Function is triggered

2021-10-14 17:34:20 - [MESSAGE][INFO] - Found 8 web elements with id: 'Object Repository/Filtreler/Basliklar' located by 'By.cssSelector: .control-label.col-sm-4.paddingMarginRLC' in '10' second(s)

2021-10-14 17:34:20 - [MESSAGE][INFO] - Smart Wait Function is triggered

2021-10-14 17:34:21 - [MESSAGE][PASSED] - Method.TextDegerineEsitElementinAltindakiTextboxtaYaz is PASSED

2021-10-14 17:34:21 - [MESSAGE][PASSED] - Call Test Case 'Test Cases/Filtreler/RaporNoYaz' successfully

2021-10-14 17:34:21 - [MESSAGE][INFO] - Checking called Test Case

2021-10-14 17:34:21 - [MESSAGE][INFO] - Starting to call Test Case 'Test Cases/Filtreler/ButonaTikla'

2021-10-14 17:34:21 - [TEST_CASE][PASSED] - Test Cases/Filtreler/ButonaTikla: Test Cases/Filtreler/ButonaTikla

2021-10-14 17:34:21 - [TEST_STEP][PASSED] - Method.TextDegerineEsitElementeTikla(findTestObject("Filtreler/Butonlar"), Filtre_Buton): Method.TextDegerineEsitElementeTikla is PASSED

2021-10-14 17:34:21 - [MESSAGE][INFO] - Finding Test Object 'Object Repository/Filtreler/Butonlar'

2021-10-14 17:34:21 - [MESSAGE][INFO] - Checking timeout

2021-10-14 17:34:21 - [MESSAGE][INFO] - Finding web element with id: 'Object Repository/Filtreler/Butonlar' located by 'By.cssSelector: .dxb>span' in '10' second(s)

2021-10-14 17:34:21 - [MESSAGE][INFO] - Smart Wait Function is triggered

2021-10-14 17:34:21 - [MESSAGE][INFO] - Found 2 web elements with id: 'Object Repository/Filtreler/Butonlar' located by 'By.cssSelector: .dxb>span' in '10' second(s)

2021-10-14 17:34:21 - [MESSAGE][PASSED] - Method.TextDegerineEsitElementeTikla is PASSED

2021-10-14 17:34:21 - [MESSAGE][PASSED] - Call Test Case 'Test Cases/Filtreler/ButonaTikla' successfully

2021-10-14 17:34:21 - [MESSAGE][INFO] - Checking called Test Case

2021-10-14 17:34:21 - [MESSAGE][INFO] - Starting to call Test Case 'Test Cases/Tablo/TablodaVeriVarMi'

2021-10-14 17:34:21 - [TEST_CASE][PASSED] - Test Cases/Tablo/TablodaVeriVarMi: Test Cases/Tablo/TablodaVeriVarMi

2021-10-14 17:34:21 - [TEST_STEP][PASSED] - verifyTextNotPresent("Görüntülenecek veri yok", true): Text 'Görüntülenecek veri yok' is not present on page using regular expression

2021-10-14 17:34:21 - [MESSAGE][INFO] - Checking text present  using regular expression

2021-10-14 17:34:21 - [MESSAGE][INFO] - Smart Wait Function is triggered

2021-10-14 17:34:27 - [MESSAGE][INFO] - Finding text 'Görüntülenecek veri yok' on page  using regular expression

2021-10-14 17:34:27 - [MESSAGE][PASSED] - Text 'Görüntülenecek veri yok' is not present on page using regular expression

2021-10-14 17:34:27 - [MESSAGE][PASSED] - Call Test Case 'Test Cases/Tablo/TablodaVeriVarMi' successfully

2021-10-14 17:34:27 - [MESSAGE][INFO] - Checking called Test Case

2021-10-14 17:34:27 - [MESSAGE][INFO] - Starting to call Test Case 'Test Cases/Kullanici_Islemleri/KullaniciIslemlerindenSecimYapilir'

2021-10-14 17:34:27 - [TEST_CASE][PASSED] - Test Cases/Kullanici_Islemleri/KullaniciIslemlerindenSecimYapilir: Test Cases/Kullanici_Islemleri/KullaniciIslemlerindenSecimYapilir

2021-10-14 17:34:27 - [TEST_STEP][PASSED] - waitForElementClickable(findTestObject("Object Repository/Kullanici_Islemleri/KullaniciIslemleri"), 10): Object 'Object Repository/Kullanici_Islemleri/KullaniciIslemleri' is clickable

2021-10-14 17:34:27 - [MESSAGE][INFO] - Finding Test Object 'Object Repository/Kullanici_Islemleri/KullaniciIslemleri'

2021-10-14 17:34:28 - [MESSAGE][INFO] - Checking object

2021-10-14 17:34:28 - [MESSAGE][INFO] - Checking timeout

2021-10-14 17:34:28 - [MESSAGE][INFO] - Finding web element from Test Object's properties

2021-10-14 17:34:28 - [MESSAGE][INFO] - Checking timeout

2021-10-14 17:34:28 - [MESSAGE][INFO] - Finding web element with id: 'Object Repository/Kullanici_Islemleri/KullaniciIslemleri' located by 'By.cssSelector: .dropdown>a>img' in '10' second(s)

2021-10-14 17:34:28 - [MESSAGE][INFO] - Smart Wait Function is triggered

2021-10-14 17:34:28 - [MESSAGE][INFO] - Found 1 web elements with id: 'Object Repository/Kullanici_Islemleri/KullaniciIslemleri' located by 'By.cssSelector: .dropdown>a>img' in '10' second(s)

2021-10-14 17:34:28 - [MESSAGE][PASSED] - Object 'Object Repository/Kullanici_Islemleri/KullaniciIslemleri' is clickable

2021-10-14 17:34:28 - [TEST_STEP][PASSED] - click(findTestObject("Object Repository/Kullanici_Islemleri/KullaniciIslemleri")): Object: 'Object Repository/Kullanici_Islemleri/KullaniciIslemleri' is clicked on

2021-10-14 17:34:28 - [MESSAGE][INFO] - Finding Test Object 'Object Repository/Kullanici_Islemleri/KullaniciIslemleri'

2021-10-14 17:34:28 - [MESSAGE][INFO] - Checking object

2021-10-14 17:34:28 - [MESSAGE][INFO] - Finding web element from Test Object's properties

2021-10-14 17:34:28 - [MESSAGE][INFO] - Checking timeout

2021-10-14 17:34:28 - [MESSAGE][INFO] - Finding web element with id: 'Object Repository/Kullanici_Islemleri/KullaniciIslemleri' located by 'By.cssSelector: .dropdown>a>img' in '30' second(s)

2021-10-14 17:34:28 - [MESSAGE][INFO] - Smart Wait Function is triggered

2021-10-14 17:34:28 - [MESSAGE][INFO] - Found 1 web elements with id: 'Object Repository/Kullanici_Islemleri/KullaniciIslemleri' located by 'By.cssSelector: .dropdown>a>img' in '30' second(s)

2021-10-14 17:34:28 - [MESSAGE][INFO] - Clicking on object: 'Object Repository/Kullanici_Islemleri/KullaniciIslemleri'

2021-10-14 17:34:28 - [MESSAGE][PASSED] - Object: 'Object Repository/Kullanici_Islemleri/KullaniciIslemleri' is clicked on

2021-10-14 17:34:28 - [TEST_STEP][PASSED] - Method.TextDegerineEsitElementeTikla(findTestObject("Object Repository/Kullanici_Islemleri/Secenekler"), Islem): Method.TextDegerineEsitElementeTikla is PASSED

2021-10-14 17:34:28 - [MESSAGE][INFO] - Finding Test Object 'Object Repository/Kullanici_Islemleri/Secenekler'

2021-10-14 17:34:28 - [MESSAGE][INFO] - Checking timeout

2021-10-14 17:34:28 - [MESSAGE][INFO] - Finding web element with id: 'Object Repository/Kullanici_Islemleri/Secenekler' located by 'By.cssSelector: .nav.navbar-nav.navbar-right li a' in '10' second(s)

2021-10-14 17:34:28 - [MESSAGE][INFO] - Smart Wait Function is triggered

2021-10-14 17:34:29 - [MESSAGE][INFO] - Found 22 web elements with id: 'Object Repository/Kullanici_Islemleri/Secenekler' located by 'By.cssSelector: .nav.navbar-nav.navbar-right li a' in '10' second(s)

2021-10-14 17:34:30 - [MESSAGE][PASSED] - Method.TextDegerineEsitElementeTikla is PASSED

2021-10-14 17:34:30 - [TEST_STEP][PASSED] - verifyElementNotPresent(findTestObject("Object Repository/Kullanici_Islemleri/Secenekler"), 10): Web element with id: 'Object Repository/Kullanici_Islemleri/Secenekler' located by 'By.cssSelector: .nav.navbar-nav.navbar-right li a' is not present after '10' second(s)

2021-10-14 17:34:30 - [MESSAGE][INFO] - Finding Test Object 'Object Repository/Kullanici_Islemleri/Secenekler'

2021-10-14 17:34:30 - [MESSAGE][INFO] - Checking object

2021-10-14 17:34:30 - [MESSAGE][INFO] - Checking timeout

2021-10-14 17:34:30 - [MESSAGE][INFO] - Finding web element with id: 'Object Repository/Kullanici_Islemleri/Secenekler' located by 'By.cssSelector: .nav.navbar-nav.navbar-right li a' in '10' second(s)

2021-10-14 17:34:30 - [MESSAGE][INFO] - Smart Wait Function is triggered

2021-10-14 17:34:31 - [MESSAGE][PASSED] - Web element with id: 'Object Repository/Kullanici_Islemleri/Secenekler' located by 'By.cssSelector: .nav.navbar-nav.navbar-right li a' is not present after '10' second(s)

2021-10-14 17:34:31 - [MESSAGE][PASSED] - Call Test Case 'Test Cases/Kullanici_Islemleri/KullaniciIslemlerindenSecimYapilir' successfully

2021-10-14 17:34:31 - [TEST_CASE][PASSED] - Start Test Case : SCENARIO e-Irsaliye Giden Kutusu Uygulama Yanıtları Toplu Indirme - UBL Secilenlerin indirilmesi: SCENARIO e-Irsaliye Giden Kutusu Uygulama Yanıtları Toplu Indirme - UBL Secilenlerin indirilmesi

2021-10-14 17:34:31 - [TEST_STEP][PASSED] - Kullanıcı adı ELOGO6 ve Şifre 123456 olarak giriş yapılır: Kullanıcı adı ELOGO6 ve Şifre 123456 olarak giriş yapılır

2021-10-14 17:34:31 - [MESSAGE][PASSED] - Kullanıcı adı ELOGO6 ve Şifre 123456 olarak giriş yapılır

2021-10-14 17:34:31 - [TEST_STEP][PASSED] - Ana menüden e-İrsaliye seçilir: Ana menüden e-İrsaliye seçilir

2021-10-14 17:34:31 - [MESSAGE][PASSED] - Ana menüden e-İrsaliye seçilir

2021-10-14 17:34:31 - [TEST_STEP][PASSED] - Alt menü Giden Kutusu başlığı altındaki İrsaliye Yanıtları seçilir: Alt menü Giden Kutusu başlığı altındaki İrsaliye Yanıtları seçilir

2021-10-14 17:34:31 - [MESSAGE][PASSED] - Alt menü Giden Kutusu başlığı altındaki İrsaliye Yanıtları seçilir

2021-10-14 17:34:31 - [TEST_STEP][PASSED] - Filtrelerden Oluşturma Tarihi filtresine 01.01.2020 baslangic degerini yaz: Filtrelerden Oluşturma Tarihi filtresine 01.01.2020 baslangic degerini yaz

2021-10-14 17:34:31 - [MESSAGE][PASSED] - Filtrelerden Oluşturma Tarihi filtresine 01.01.2020 baslangic degerini yaz

2021-10-14 17:34:31 - [TEST_STEP][PASSED] - Filtrelerden Oluşturma Tarihi filtresine 31.12.2020 bitis degerini yaz: Filtrelerden Oluşturma Tarihi filtresine 31.12.2020 bitis degerini yaz

2021-10-14 17:34:31 - [MESSAGE][PASSED] - Filtrelerden Oluşturma Tarihi filtresine 31.12.2020 bitis degerini yaz

2021-10-14 17:34:31 - [TEST_STEP][PASSED] - Filtre butonlarından Listele seçilir: Filtre butonlarından Listele seçilir

2021-10-14 17:34:31 - [MESSAGE][PASSED] - Filtre butonlarından Listele seçilir

2021-10-14 17:34:31 - [TEST_STEP][PASSED] - Tabloda veri var mı kontrol edilir: Tabloda veri var mı kontrol edilir

2021-10-14 17:34:31 - [MESSAGE][PASSED] - Tabloda veri var mı kontrol edilir

2021-10-14 17:34:31 - [TEST_STEP][PASSED] - Tablodan Logo Elektronik GIB Test isimli veri seçilir: Tablodan Logo Elektronik GIB Test isimli veri seçilir

2021-10-14 17:34:31 - [MESSAGE][PASSED] - Tablodan Logo Elektronik GIB Test isimli veri seçilir

2021-10-14 17:34:31 - [TEST_STEP][PASSED] - Butonlardan Toplu İndirme isimli butona tıklanır: Butonlardan Toplu İndirme isimli butona tıklanır

2021-10-14 17:34:31 - [MESSAGE][PASSED] - Butonlardan Toplu İndirme isimli butona tıklanır

2021-10-14 17:34:31 - [TEST_STEP][PASSED] - Alt butonlardan UBL Seçilenleri İndir butonuna tıklanır: Alt butonlardan UBL Seçilenleri İndir butonuna tıklanır

2021-10-14 17:34:31 - [MESSAGE][PASSED] - Alt butonlardan UBL Seçilenleri İndir butonuna tıklanır

2021-10-14 17:34:31 - [TEST_STEP][PASSED] - Popup mesajı Lütfen rapor bildiriminin gönderileceği e-posta adresini belirtiniz. içeriyor mu: Popup mesajı Lütfen rapor bildiriminin gönderileceği e-posta adresini belirtiniz. içeriyor mu

2021-10-14 17:34:31 - [MESSAGE][PASSED] - Popup mesajı Lütfen rapor bildiriminin gönderileceği e-posta adresini belirtiniz. içeriyor mu

2021-10-14 17:34:31 - [TEST_STEP][PASSED] - Yönetim popupında Gönder seçilir: Yönetim popupında Gönder seçilir

2021-10-14 17:34:31 - [MESSAGE][PASSED] - Yönetim popupında Gönder seçilir

2021-10-14 17:34:31 - [TEST_STEP][PASSED] - Popup mesajı Toplu Veri İndirme içeriyor mu: Popup mesajı Toplu Veri İndirme içeriyor mu

2021-10-14 17:34:31 - [MESSAGE][PASSED] - Popup mesajı Toplu Veri İndirme içeriyor mu

2021-10-14 17:34:31 - [TEST_STEP][PASSED] - Yönetim popupında Tamam seçilir: Yönetim popupında Tamam seçilir

2021-10-14 17:34:31 - [MESSAGE][PASSED] - Yönetim popupında Tamam seçilir

2021-10-14 17:34:31 - [TEST_STEP][PASSED] - Butonlardan Toplu İndirme isimli butona tıklanır: Butonlardan Toplu İndirme isimli butona tıklanır

2021-10-14 17:34:31 - [MESSAGE][PASSED] - Butonlardan Toplu İndirme isimli butona tıklanır

2021-10-14 17:34:31 - [TEST_STEP][PASSED] - Alt butonlardan UBL Tümünü İndir butonuna tıklanır: Alt butonlardan UBL Tümünü İndir butonuna tıklanır

2021-10-14 17:34:31 - [MESSAGE][PASSED] - Alt butonlardan UBL Tümünü İndir butonuna tıklanır

2021-10-14 17:34:31 - [TEST_STEP][PASSED] - Popup mesajı Lütfen rapor bildiriminin gönderileceği e-posta adresini belirtiniz. içeriyor mu: Popup mesajı Lütfen rapor bildiriminin gönderileceği e-posta adresini belirtiniz. içeriyor mu

2021-10-14 17:34:31 - [MESSAGE][PASSED] - Popup mesajı Lütfen rapor bildiriminin gönderileceği e-posta adresini belirtiniz. içeriyor mu

2021-10-14 17:34:31 - [TEST_STEP][PASSED] - Yönetim popupında Gönder seçilir: Yönetim popupında Gönder seçilir

2021-10-14 17:34:31 - [MESSAGE][PASSED] - Yönetim popupında Gönder seçilir

2021-10-14 17:34:31 - [TEST_STEP][PASSED] - Popup mesajı Toplu Veri İndirme içeriyor mu: Popup mesajı Toplu Veri İndirme içeriyor mu

2021-10-14 17:34:31 - [MESSAGE][PASSED] - Popup mesajı Toplu Veri İndirme içeriyor mu

2021-10-14 17:34:31 - [TEST_STEP][PASSED] - Yönetim popupında Tamam seçilir: Yönetim popupında Tamam seçilir

2021-10-14 17:34:31 - [MESSAGE][PASSED] - Yönetim popupında Tamam seçilir

2021-10-14 17:34:31 - [TEST_STEP][PASSED] - Ana menüden Raporlar seçilir: Ana menüden Raporlar seçilir

2021-10-14 17:34:31 - [MESSAGE][PASSED] - Ana menüden Raporlar seçilir

2021-10-14 17:34:31 - [TEST_STEP][PASSED] - Alt menüden Toplu Veri İndirme seçilir: Alt menüden Toplu Veri İndirme seçilir

2021-10-14 17:34:31 - [MESSAGE][PASSED] - Alt menüden Toplu Veri İndirme seçilir

2021-10-14 17:34:31 - [TEST_STEP][PASSED] - Filtrelerden Talep No filtresine Rapor No bilgisi yaz: Filtrelerden Talep No filtresine Rapor No bilgisi yaz

2021-10-14 17:34:31 - [MESSAGE][PASSED] - Filtrelerden Talep No filtresine Rapor No bilgisi yaz

2021-10-14 17:34:31 - [TEST_STEP][PASSED] - Filtre butonlarından Listele seçilir: Filtre butonlarından Listele seçilir

2021-10-14 17:34:31 - [MESSAGE][PASSED] - Filtre butonlarından Listele seçilir

2021-10-14 17:34:31 - [TEST_STEP][PASSED] - Tabloda veri var mı kontrol edilir: Tabloda veri var mı kontrol edilir

2021-10-14 17:34:31 - [MESSAGE][PASSED] - Tabloda veri var mı kontrol edilir

2021-10-14 17:34:31 - [TEST_STEP][PASSED] - Kullanıcı işlemlerinden Çıkış seçilir: Kullanıcı işlemlerinden Çıkış seçilir

2021-10-14 17:34:31 - [MESSAGE][PASSED] - Kullanıcı işlemlerinden Çıkış seçilir

2021-10-14 17:34:31 - [MESSAGE][PASSED] - Feature file: 'Include/features/e-Irsaliye/Giden Kutusu/Irsaliye Yanitlari/Toplu Indirme.feature' was passed

2021-10-14 17:34:31 - [TEST_STEP][PASSED] - Start listener action : sampleAfterTestSuite: Invoke 'com.kms.katalon.core.annotation.AfterTestCase' method: 'Listener.sampleAfterTestSuite(...)' completed.

2021-10-14 17:34:31 - [MESSAGE][INFO] - Starting invoke 'com.kms.katalon.core.annotation.AfterTestCase' method: 'Listener.sampleAfterTestSuite(...)'

2021-10-14 17:34:31 - [TEST_STEP][PASSED] - closeBrowser(): Invoke 'com.kms.katalon.core.annotation.AfterTestCase' method: 'Listener.sampleAfterTestSuite(...)' completed.

2021-10-14 17:34:31 - [MESSAGE][INFO] - Closing browser

2021-10-14 17:34:31 - [MESSAGE][PASSED] - Browser is closed

2021-10-14 17:34:31 - [MESSAGE][INFO] - Invoke 'com.kms.katalon.core.annotation.AfterTestCase' method: 'Listener.sampleAfterTestSuite(...)' completed.]]></system-out>
         <system-err><![CDATA[]]></system-err>
      </testcase>
      <testcase name="Test Cases/Case Repository/e-Irsaliye/Giden Kutusu/Irsaliyeler/Excele Aktar" time="53.888" classname="Test Cases/Case Repository/e-Irsaliye/Giden Kutusu/Irsaliyeler/Excele Aktar" status="PASSED">
         <system-out><![CDATA[2021-10-14 17:34:31 - [TEST_CASE][PASSED] - Test Cases/Case Repository/e-Irsaliye/Giden Kutusu/Irsaliyeler/Excele Aktar: Test Cases/Case Repository/e-Irsaliye/Giden Kutusu/Irsaliyeler/Excele Aktar

2021-10-14 17:34:31 - [TEST_STEP][PASSED] - Start listener action : sampleBeforeTestSuite: Invoke 'com.kms.katalon.core.annotation.BeforeTestCase' method: 'Listener.sampleBeforeTestSuite(...)' completed.

2021-10-14 17:34:31 - [MESSAGE][INFO] - Starting invoke 'com.kms.katalon.core.annotation.BeforeTestCase' method: 'Listener.sampleBeforeTestSuite(...)'

2021-10-14 17:34:31 - [TEST_STEP][PASSED] - openBrowser(baseUrl): Browser is opened with url: 'https://efatura-stage.elogo.com.tr/'

2021-10-14 17:34:31 - [MESSAGE][INFO] - Opening browser

2021-10-14 17:34:31 - [MESSAGE][INFO] - Starting 'Chrome' driver

2021-10-14 17:34:31 - [MESSAGE][INFO] - User set preference: ['prefs', '{download.default_directory=C:\otomasyondownfiles}']

2021-10-14 17:34:31 - [MESSAGE][INFO] - Action delay is set to 0 milliseconds

2021-10-14 17:34:32 - [MESSAGE][INFO] - Navigating browser to: 'https://efatura-stage.elogo.com.tr/'

2021-10-14 17:34:36 - [MESSAGE][PASSED] - Browser is opened with url: 'https://efatura-stage.elogo.com.tr/'

2021-10-14 17:34:36 - [TEST_STEP][PASSED] - maximizeWindow(): Invoke 'com.kms.katalon.core.annotation.BeforeTestCase' method: 'Listener.sampleBeforeTestSuite(...)' completed.

2021-10-14 17:34:36 - [MESSAGE][INFO] - Maximizing current window

2021-10-14 17:34:36 - [MESSAGE][PASSED] - Current window maximized

2021-10-14 17:34:36 - [MESSAGE][INFO] - Invoke 'com.kms.katalon.core.annotation.BeforeTestCase' method: 'Listener.sampleBeforeTestSuite(...)' completed.

2021-10-14 17:34:36 - [TEST_STEP][PASSED] - runFeatureFile("Include/features/e-Irsaliye/Giden Kutusu/Irsaliyeler/Excele Aktar.feature"): Feature file: 'Include/features/e-Irsaliye/Giden Kutusu/Irsaliyeler/Excele Aktar.feature' was passed

2021-10-14 17:34:36 - [MESSAGE][INFO] - Starting run keyword runFeatureFile: 'Include/features/e-Irsaliye/Giden Kutusu/Irsaliyeler/Excele Aktar.feature' and extract report to folder: 'C:\Users\DELL\Downloads\EES_Katalon-main\Reports\20211014_170112\Suite Repository\ExceleAktarVeTopluIndirme\20211014_170125/cucumber_report/1634222076933'...

2021-10-14 17:34:36 - [MESSAGE][INFO] - Glue: []

2021-10-14 17:34:37 - [MESSAGE][INFO] - Checking called Test Case

2021-10-14 17:34:37 - [MESSAGE][INFO] - Starting to call Test Case 'Test Cases/Sayfalar/Giris_Sayfasi/Login'

2021-10-14 17:34:37 - [TEST_CASE][PASSED] - Test Cases/Sayfalar/Giris_Sayfasi/Login: Test Cases/Sayfalar/Giris_Sayfasi/Login

2021-10-14 17:34:37 - [TEST_STEP][PASSED] - Sayfa_Basligi = getWindowTitle(): Current window's title is: 'LOGO e-Fatura'

2021-10-14 17:34:37 - [MESSAGE][INFO] - Getting current window's title

2021-10-14 17:34:37 - [MESSAGE][PASSED] - Current window's title is: 'LOGO e-Fatura'

2021-10-14 17:34:37 - [TEST_STEP][PASSED] - verifyMatch(Sayfa_Basligi, "LOGO e-Fatura", false): Actual text 'LOGO e-Fatura' and expected text 'LOGO e-Fatura' are matched 

2021-10-14 17:34:37 - [MESSAGE][INFO] - Matching actual text 'LOGO e-Fatura' with expected text 'LOGO e-Fatura'

2021-10-14 17:34:37 - [MESSAGE][PASSED] - Actual text 'LOGO e-Fatura' and expected text 'LOGO e-Fatura' are matched 

2021-10-14 17:34:37 - [TEST_STEP][PASSED] - sendKeys(findTestObject("Sayfalar/Giris_Sayfasi/Firma_Kodu"), KullaniciAdi): Keys 'ELOGO6' sent to object: 'Object Repository/Sayfalar/Giris_Sayfasi/Firma_Kodu'

2021-10-14 17:34:37 - [MESSAGE][INFO] - Finding Test Object 'Object Repository/Sayfalar/Giris_Sayfasi/Firma_Kodu'

2021-10-14 17:34:37 - [MESSAGE][INFO] - Sending keys 'ELOGO6' to object: 'Object Repository/Sayfalar/Giris_Sayfasi/Firma_Kodu'

2021-10-14 17:34:37 - [MESSAGE][INFO] - Finding web element from Test Object's properties

2021-10-14 17:34:37 - [MESSAGE][INFO] - Checking timeout

2021-10-14 17:34:37 - [MESSAGE][INFO] - Finding web element with id: 'Object Repository/Sayfalar/Giris_Sayfasi/Firma_Kodu' located by 'By.xpath: //*[@id = 'AccountName']' in '30' second(s)

2021-10-14 17:34:37 - [MESSAGE][INFO] - Smart Wait Function is triggered

2021-10-14 17:34:37 - [MESSAGE][INFO] - Found 1 web elements with id: 'Object Repository/Sayfalar/Giris_Sayfasi/Firma_Kodu' located by 'By.xpath: //*[@id = 'AccountName']' in '30' second(s)

2021-10-14 17:34:38 - [MESSAGE][PASSED] - Keys 'ELOGO6' sent to object: 'Object Repository/Sayfalar/Giris_Sayfasi/Firma_Kodu'

2021-10-14 17:34:38 - [TEST_STEP][PASSED] - sendKeys(findTestObject("Sayfalar/Giris_Sayfasi/Sifre"), Sifre): Keys '123456' sent to object: 'Object Repository/Sayfalar/Giris_Sayfasi/Sifre'

2021-10-14 17:34:38 - [MESSAGE][INFO] - Finding Test Object 'Object Repository/Sayfalar/Giris_Sayfasi/Sifre'

2021-10-14 17:34:38 - [MESSAGE][INFO] - Sending keys '123456' to object: 'Object Repository/Sayfalar/Giris_Sayfasi/Sifre'

2021-10-14 17:34:38 - [MESSAGE][INFO] - Finding web element from Test Object's properties

2021-10-14 17:34:38 - [MESSAGE][INFO] - Checking timeout

2021-10-14 17:34:38 - [MESSAGE][INFO] - Finding web element with id: 'Object Repository/Sayfalar/Giris_Sayfasi/Sifre' located by 'By.xpath: //*[@id = 'Password']' in '30' second(s)

2021-10-14 17:34:38 - [MESSAGE][INFO] - Smart Wait Function is triggered

2021-10-14 17:34:38 - [MESSAGE][INFO] - Found 1 web elements with id: 'Object Repository/Sayfalar/Giris_Sayfasi/Sifre' located by 'By.xpath: //*[@id = 'Password']' in '30' second(s)

2021-10-14 17:34:38 - [MESSAGE][PASSED] - Keys '123456' sent to object: 'Object Repository/Sayfalar/Giris_Sayfasi/Sifre'

2021-10-14 17:34:38 - [TEST_STEP][PASSED] - findWebElement(findTestObject("Sayfalar/Giris_Sayfasi/Giris_Butonu")).click(): Found 1 web elements with id: 'Object Repository/Sayfalar/Giris_Sayfasi/Giris_Butonu' located by 'By.cssSelector: #btnLogin' in '30' second(s)

2021-10-14 17:34:38 - [MESSAGE][INFO] - Finding Test Object 'Object Repository/Sayfalar/Giris_Sayfasi/Giris_Butonu'

2021-10-14 17:34:38 - [MESSAGE][INFO] - Finding web element from Test Object's properties

2021-10-14 17:34:38 - [MESSAGE][INFO] - Checking timeout

2021-10-14 17:34:38 - [MESSAGE][INFO] - Finding web element with id: 'Object Repository/Sayfalar/Giris_Sayfasi/Giris_Butonu' located by 'By.cssSelector: #btnLogin' in '30' second(s)

2021-10-14 17:34:38 - [MESSAGE][INFO] - Smart Wait Function is triggered

2021-10-14 17:34:39 - [MESSAGE][INFO] - Found 1 web elements with id: 'Object Repository/Sayfalar/Giris_Sayfasi/Giris_Butonu' located by 'By.cssSelector: #btnLogin' in '30' second(s)

2021-10-14 17:34:41 - [TEST_STEP][PASSED] - if (verifyElementPresent(findTestObject("Object Repository/Sayfalar/Giris_Sayfasi/RetveTamam_Butonu"), 5, OPTIONAL)): null

2021-10-14 17:34:41 - [MESSAGE][INFO] - Finding Test Object 'Object Repository/Sayfalar/Giris_Sayfasi/RetveTamam_Butonu'

2021-10-14 17:34:41 - [MESSAGE][INFO] - Checking object

2021-10-14 17:34:41 - [MESSAGE][INFO] - Finding web element from Test Object's properties

2021-10-14 17:34:41 - [MESSAGE][INFO] - Checking timeout

2021-10-14 17:34:41 - [MESSAGE][INFO] - Finding web element with id: 'Object Repository/Sayfalar/Giris_Sayfasi/RetveTamam_Butonu' located by 'By.xpath: //*[@class = 'btn btn-default']' in '5' second(s)

2021-10-14 17:34:41 - [MESSAGE][INFO] - Smart Wait Function is triggered

2021-10-14 17:34:42 - [MESSAGE][INFO] - Found 1 web elements with id: 'Object Repository/Sayfalar/Giris_Sayfasi/RetveTamam_Butonu' located by 'By.xpath: //*[@class = 'btn btn-default']' in '5' second(s)

2021-10-14 17:34:42 - [MESSAGE][PASSED] - Object 'Object Repository/Sayfalar/Giris_Sayfasi/RetveTamam_Butonu' is present

2021-10-14 17:34:42 - [TEST_STEP][PASSED] - click(findTestObject("Object Repository/Sayfalar/Giris_Sayfasi/RetveTamam_Butonu")): Object: 'Object Repository/Sayfalar/Giris_Sayfasi/RetveTamam_Butonu' is clicked on

2021-10-14 17:34:42 - [MESSAGE][INFO] - Finding Test Object 'Object Repository/Sayfalar/Giris_Sayfasi/RetveTamam_Butonu'

2021-10-14 17:34:42 - [MESSAGE][INFO] - Checking object

2021-10-14 17:34:42 - [MESSAGE][INFO] - Finding web element from Test Object's properties

2021-10-14 17:34:42 - [MESSAGE][INFO] - Checking timeout

2021-10-14 17:34:42 - [MESSAGE][INFO] - Finding web element with id: 'Object Repository/Sayfalar/Giris_Sayfasi/RetveTamam_Butonu' located by 'By.xpath: //*[@class = 'btn btn-default']' in '30' second(s)

2021-10-14 17:34:42 - [MESSAGE][INFO] - Smart Wait Function is triggered

2021-10-14 17:34:42 - [MESSAGE][INFO] - Found 1 web elements with id: 'Object Repository/Sayfalar/Giris_Sayfasi/RetveTamam_Butonu' located by 'By.xpath: //*[@class = 'btn btn-default']' in '30' second(s)

2021-10-14 17:34:42 - [MESSAGE][INFO] - Clicking on object: 'Object Repository/Sayfalar/Giris_Sayfasi/RetveTamam_Butonu'

2021-10-14 17:34:42 - [MESSAGE][PASSED] - Object: 'Object Repository/Sayfalar/Giris_Sayfasi/RetveTamam_Butonu' is clicked on

2021-10-14 17:34:42 - [TEST_STEP][PASSED] - click(findTestObject("Object Repository/Sayfalar/Giris_Sayfasi/RetveTamam_Butonu")): Object: 'Object Repository/Sayfalar/Giris_Sayfasi/RetveTamam_Butonu' is clicked on

2021-10-14 17:34:42 - [MESSAGE][INFO] - Finding Test Object 'Object Repository/Sayfalar/Giris_Sayfasi/RetveTamam_Butonu'

2021-10-14 17:34:42 - [MESSAGE][INFO] - Checking object

2021-10-14 17:34:42 - [MESSAGE][INFO] - Finding web element from Test Object's properties

2021-10-14 17:34:42 - [MESSAGE][INFO] - Checking timeout

2021-10-14 17:34:42 - [MESSAGE][INFO] - Finding web element with id: 'Object Repository/Sayfalar/Giris_Sayfasi/RetveTamam_Butonu' located by 'By.xpath: //*[@class = 'btn btn-default']' in '30' second(s)

2021-10-14 17:34:42 - [MESSAGE][INFO] - Smart Wait Function is triggered

2021-10-14 17:34:45 - [MESSAGE][INFO] - Found 1 web elements with id: 'Object Repository/Sayfalar/Giris_Sayfasi/RetveTamam_Butonu' located by 'By.xpath: //*[@class = 'btn btn-default']' in '30' second(s)

2021-10-14 17:34:45 - [MESSAGE][INFO] - Clicking on object: 'Object Repository/Sayfalar/Giris_Sayfasi/RetveTamam_Butonu'

2021-10-14 17:34:46 - [MESSAGE][PASSED] - Object: 'Object Repository/Sayfalar/Giris_Sayfasi/RetveTamam_Butonu' is clicked on

2021-10-14 17:34:46 - [TEST_STEP][PASSED] - if (verifyElementPresent(findTestObject("Sayfalar/Giris_Sayfasi/PopupOK"), 5, OPTIONAL)): null

2021-10-14 17:34:46 - [MESSAGE][INFO] - Finding Test Object 'Object Repository/Sayfalar/Giris_Sayfasi/PopupOK'

2021-10-14 17:34:46 - [MESSAGE][INFO] - Checking object

2021-10-14 17:34:46 - [MESSAGE][INFO] - Finding web element from Test Object's properties

2021-10-14 17:34:46 - [MESSAGE][INFO] - Checking timeout

2021-10-14 17:34:46 - [MESSAGE][INFO] - Finding web element with id: 'Object Repository/Sayfalar/Giris_Sayfasi/PopupOK' located by 'By.cssSelector: .btn.btn-success' in '5' second(s)

2021-10-14 17:34:46 - [MESSAGE][INFO] - Smart Wait Function is triggered

2021-10-14 17:34:46 - [MESSAGE][INFO] - Found 1 web elements with id: 'Object Repository/Sayfalar/Giris_Sayfasi/PopupOK' located by 'By.cssSelector: .btn.btn-success' in '5' second(s)

2021-10-14 17:34:46 - [MESSAGE][PASSED] - Object 'Object Repository/Sayfalar/Giris_Sayfasi/PopupOK' is present

2021-10-14 17:34:46 - [TEST_STEP][PASSED] - click(findTestObject("Object Repository/Sayfalar/Giris_Sayfasi/PopupCarpiGiris")): Object: 'Object Repository/Sayfalar/Giris_Sayfasi/PopupCarpiGiris' is clicked on

2021-10-14 17:34:46 - [MESSAGE][INFO] - Finding Test Object 'Object Repository/Sayfalar/Giris_Sayfasi/PopupCarpiGiris'

2021-10-14 17:34:46 - [MESSAGE][INFO] - Checking object

2021-10-14 17:34:46 - [MESSAGE][INFO] - Finding web element from Test Object's properties

2021-10-14 17:34:46 - [MESSAGE][INFO] - Checking timeout

2021-10-14 17:34:46 - [MESSAGE][INFO] - Finding web element with id: 'Object Repository/Sayfalar/Giris_Sayfasi/PopupCarpiGiris' located by 'By.cssSelector: .bootbox-close-button.close' in '30' second(s)

2021-10-14 17:34:46 - [MESSAGE][INFO] - Smart Wait Function is triggered

2021-10-14 17:34:47 - [MESSAGE][INFO] - Found 1 web elements with id: 'Object Repository/Sayfalar/Giris_Sayfasi/PopupCarpiGiris' located by 'By.cssSelector: .bootbox-close-button.close' in '30' second(s)

2021-10-14 17:34:47 - [MESSAGE][INFO] - Clicking on object: 'Object Repository/Sayfalar/Giris_Sayfasi/PopupCarpiGiris'

2021-10-14 17:34:47 - [MESSAGE][PASSED] - Object: 'Object Repository/Sayfalar/Giris_Sayfasi/PopupCarpiGiris' is clicked on

2021-10-14 17:34:47 - [TEST_STEP][PASSED] - verifyElementVisible(findTestObject("Object Repository/Kullanici_Islemleri/KullaniciIslemleri")): Object 'Object Repository/Kullanici_Islemleri/KullaniciIslemleri' is visible

2021-10-14 17:34:47 - [MESSAGE][INFO] - Finding Test Object 'Object Repository/Kullanici_Islemleri/KullaniciIslemleri'

2021-10-14 17:34:47 - [MESSAGE][INFO] - Checking object

2021-10-14 17:34:47 - [MESSAGE][INFO] - Finding web element from Test Object's properties

2021-10-14 17:34:47 - [MESSAGE][INFO] - Checking timeout

2021-10-14 17:34:47 - [MESSAGE][INFO] - Finding web element with id: 'Object Repository/Kullanici_Islemleri/KullaniciIslemleri' located by 'By.cssSelector: .dropdown>a>img' in '30' second(s)

2021-10-14 17:34:47 - [MESSAGE][INFO] - Smart Wait Function is triggered

2021-10-14 17:34:48 - [MESSAGE][INFO] - Found 1 web elements with id: 'Object Repository/Kullanici_Islemleri/KullaniciIslemleri' located by 'By.cssSelector: .dropdown>a>img' in '30' second(s)

2021-10-14 17:34:48 - [MESSAGE][PASSED] - Object 'Object Repository/Kullanici_Islemleri/KullaniciIslemleri' is visible

2021-10-14 17:34:48 - [MESSAGE][PASSED] - Call Test Case 'Test Cases/Sayfalar/Giris_Sayfasi/Login' successfully

2021-10-14 17:34:48 - [MESSAGE][INFO] - Checking called Test Case

2021-10-14 17:34:48 - [MESSAGE][INFO] - Starting to call Test Case 'Test Cases/Menu/AnaMenuSecimi'

2021-10-14 17:34:48 - [TEST_CASE][PASSED] - Test Cases/Menu/AnaMenuSecimi: Test Cases/Menu/AnaMenuSecimi

2021-10-14 17:34:48 - [TEST_STEP][PASSED] - Method.TextDegerineEsitElementeTikla(findTestObject("Menu/Ana_Menu"), Ana_Menu): Method.TextDegerineEsitElementeTikla is PASSED

2021-10-14 17:34:48 - [MESSAGE][INFO] - Finding Test Object 'Object Repository/Menu/Ana_Menu'

2021-10-14 17:34:48 - [MESSAGE][INFO] - Checking timeout

2021-10-14 17:34:48 - [MESSAGE][INFO] - Finding web element with id: 'Object Repository/Menu/Ana_Menu' located by 'By.xpath: //*[@class = 'dropdown-toggle']' in '10' second(s)

2021-10-14 17:34:48 - [MESSAGE][INFO] - Smart Wait Function is triggered

2021-10-14 17:34:48 - [MESSAGE][INFO] - Found 14 web elements with id: 'Object Repository/Menu/Ana_Menu' located by 'By.xpath: //*[@class = 'dropdown-toggle']' in '10' second(s)

2021-10-14 17:34:48 - [MESSAGE][PASSED] - Method.TextDegerineEsitElementeTikla is PASSED

2021-10-14 17:34:48 - [MESSAGE][PASSED] - Call Test Case 'Test Cases/Menu/AnaMenuSecimi' successfully

2021-10-14 17:34:48 - [MESSAGE][INFO] - Checking called Test Case

2021-10-14 17:34:48 - [MESSAGE][INFO] - Starting to call Test Case 'Test Cases/Menu/BasligaGoreAltMenuSecimi'

2021-10-14 17:34:48 - [TEST_CASE][PASSED] - Test Cases/Menu/BasligaGoreAltMenuSecimi: Test Cases/Menu/BasligaGoreAltMenuSecimi

2021-10-14 17:34:48 - [TEST_STEP][PASSED] - Method.TextDegerineEsitElementinAltindakiTextDegerineEsitOlanaTikla(findTestObject("Menu/Menu_Basligi"), findTestObject("Menu/Basliga_Gore_Alt_Menu"), Baslik, Alt_Menu): Method.TextDegerineEsitElementinAltindakiTextDegerineEsitOlanaTikla is PASSED

2021-10-14 17:34:48 - [MESSAGE][INFO] - Finding Test Object 'Object Repository/Menu/Menu_Basligi'

2021-10-14 17:34:48 - [MESSAGE][INFO] - Finding Test Object 'Object Repository/Menu/Basliga_Gore_Alt_Menu'

2021-10-14 17:34:48 - [MESSAGE][INFO] - Checking timeout

2021-10-14 17:34:48 - [MESSAGE][INFO] - Finding web element with id: 'Object Repository/Menu/Menu_Basligi' located by 'By.xpath: //li[@class='dropdown dropdown-large open']//li[@class='dropdown-header']' in '10' second(s)

2021-10-14 17:34:48 - [MESSAGE][INFO] - Smart Wait Function is triggered

2021-10-14 17:34:49 - [MESSAGE][INFO] - Found 3 web elements with id: 'Object Repository/Menu/Menu_Basligi' located by 'By.xpath: //li[@class='dropdown dropdown-large open']//li[@class='dropdown-header']' in '10' second(s)

2021-10-14 17:34:49 - [MESSAGE][INFO] - Smart Wait Function is triggered

2021-10-14 17:34:52 - [MESSAGE][PASSED] - Method.TextDegerineEsitElementinAltindakiTextDegerineEsitOlanaTikla is PASSED

2021-10-14 17:34:52 - [MESSAGE][PASSED] - Call Test Case 'Test Cases/Menu/BasligaGoreAltMenuSecimi' successfully

2021-10-14 17:34:52 - [MESSAGE][INFO] - Checking called Test Case

2021-10-14 17:34:52 - [MESSAGE][INFO] - Starting to call Test Case 'Test Cases/Filtreler/BaslangicYaz'

2021-10-14 17:34:52 - [TEST_CASE][PASSED] - Test Cases/Filtreler/BaslangicYaz: Test Cases/Filtreler/BaslangicYaz

2021-10-14 17:34:52 - [TEST_STEP][PASSED] - Method.TextDegerineEsitElementinAltindakineTikla(findTestObject("Filtreler/Basliklar"), findTestObject("Filtreler/Basliga_Gore_Baslangic_Image"), Filtre_Adi): Method.TextDegerineEsitElementinAltindakineTikla is PASSED

2021-10-14 17:34:52 - [MESSAGE][INFO] - Finding Test Object 'Object Repository/Filtreler/Basliklar'

2021-10-14 17:34:52 - [MESSAGE][INFO] - Finding Test Object 'Object Repository/Filtreler/Basliga_Gore_Baslangic_Image'

2021-10-14 17:34:52 - [MESSAGE][INFO] - Checking timeout

2021-10-14 17:34:52 - [MESSAGE][INFO] - Finding web element with id: 'Object Repository/Filtreler/Basliklar' located by 'By.cssSelector: .control-label.col-sm-4.paddingMarginRLC' in '10' second(s)

2021-10-14 17:34:52 - [MESSAGE][INFO] - Smart Wait Function is triggered

2021-10-14 17:34:52 - [MESSAGE][INFO] - Found 18 web elements with id: 'Object Repository/Filtreler/Basliklar' located by 'By.cssSelector: .control-label.col-sm-4.paddingMarginRLC' in '10' second(s)

2021-10-14 17:34:52 - [MESSAGE][INFO] - Smart Wait Function is triggered

2021-10-14 17:34:53 - [MESSAGE][PASSED] - Method.TextDegerineEsitElementinAltindakineTikla is PASSED

2021-10-14 17:34:53 - [TEST_STEP][PASSED] - Method.TextDegerineEsitElementinAltindakiTextboxtaYaz(findTestObject("Filtreler/Basliklar"), findTestObject("Filtreler/Basliga_Gore_Baslangic"), Filtre_Adi, Filtre_Degeri): Method.TextDegerineEsitElementinAltindakiTextboxtaYaz is PASSED

2021-10-14 17:34:53 - [MESSAGE][INFO] - Finding Test Object 'Object Repository/Filtreler/Basliklar'

2021-10-14 17:34:53 - [MESSAGE][INFO] - Finding Test Object 'Object Repository/Filtreler/Basliga_Gore_Baslangic'

2021-10-14 17:34:53 - [MESSAGE][INFO] - Checking timeout

2021-10-14 17:34:53 - [MESSAGE][INFO] - Finding web element with id: 'Object Repository/Filtreler/Basliklar' located by 'By.cssSelector: .control-label.col-sm-4.paddingMarginRLC' in '10' second(s)

2021-10-14 17:34:53 - [MESSAGE][INFO] - Smart Wait Function is triggered

2021-10-14 17:34:54 - [MESSAGE][INFO] - Found 18 web elements with id: 'Object Repository/Filtreler/Basliklar' located by 'By.cssSelector: .control-label.col-sm-4.paddingMarginRLC' in '10' second(s)

2021-10-14 17:34:54 - [MESSAGE][INFO] - Smart Wait Function is triggered

2021-10-14 17:34:54 - [MESSAGE][PASSED] - Method.TextDegerineEsitElementinAltindakiTextboxtaYaz is PASSED

2021-10-14 17:34:54 - [MESSAGE][PASSED] - Call Test Case 'Test Cases/Filtreler/BaslangicYaz' successfully

2021-10-14 17:34:54 - [MESSAGE][INFO] - Checking called Test Case

2021-10-14 17:34:54 - [MESSAGE][INFO] - Starting to call Test Case 'Test Cases/Filtreler/BitisYaz'

2021-10-14 17:34:54 - [TEST_CASE][PASSED] - Test Cases/Filtreler/BitisYaz: Test Cases/Filtreler/BitisYaz

2021-10-14 17:34:54 - [TEST_STEP][PASSED] - Method.TextDegerineEsitElementinAltindakineTikla(findTestObject("Filtreler/Basliklar"), findTestObject("Filtreler/Basliga_Gore_Bitis_Image"), Filtre_Adi): Method.TextDegerineEsitElementinAltindakineTikla is PASSED

2021-10-14 17:34:54 - [MESSAGE][INFO] - Finding Test Object 'Object Repository/Filtreler/Basliklar'

2021-10-14 17:34:54 - [MESSAGE][INFO] - Finding Test Object 'Object Repository/Filtreler/Basliga_Gore_Bitis_Image'

2021-10-14 17:34:55 - [MESSAGE][INFO] - Checking timeout

2021-10-14 17:34:55 - [MESSAGE][INFO] - Finding web element with id: 'Object Repository/Filtreler/Basliklar' located by 'By.cssSelector: .control-label.col-sm-4.paddingMarginRLC' in '10' second(s)

2021-10-14 17:34:55 - [MESSAGE][INFO] - Smart Wait Function is triggered

2021-10-14 17:34:55 - [MESSAGE][INFO] - Found 18 web elements with id: 'Object Repository/Filtreler/Basliklar' located by 'By.cssSelector: .control-label.col-sm-4.paddingMarginRLC' in '10' second(s)

2021-10-14 17:34:55 - [MESSAGE][INFO] - Smart Wait Function is triggered

2021-10-14 17:34:55 - [MESSAGE][PASSED] - Method.TextDegerineEsitElementinAltindakineTikla is PASSED

2021-10-14 17:34:55 - [TEST_STEP][PASSED] - Method.TextDegerineEsitElementinAltindakiTextboxtaYaz(findTestObject("Filtreler/Basliklar"), findTestObject("Object Repository/Filtreler/Basliga_Gore_Bitis"), Filtre_Adi, Filtre_Degeri): Method.TextDegerineEsitElementinAltindakiTextboxtaYaz is PASSED

2021-10-14 17:34:55 - [MESSAGE][INFO] - Finding Test Object 'Object Repository/Filtreler/Basliklar'

2021-10-14 17:34:55 - [MESSAGE][INFO] - Finding Test Object 'Object Repository/Filtreler/Basliga_Gore_Bitis'

2021-10-14 17:34:55 - [MESSAGE][INFO] - Checking timeout

2021-10-14 17:34:55 - [MESSAGE][INFO] - Finding web element with id: 'Object Repository/Filtreler/Basliklar' located by 'By.cssSelector: .control-label.col-sm-4.paddingMarginRLC' in '10' second(s)

2021-10-14 17:34:55 - [MESSAGE][INFO] - Smart Wait Function is triggered

2021-10-14 17:34:56 - [MESSAGE][INFO] - Found 18 web elements with id: 'Object Repository/Filtreler/Basliklar' located by 'By.cssSelector: .control-label.col-sm-4.paddingMarginRLC' in '10' second(s)

2021-10-14 17:34:56 - [MESSAGE][INFO] - Smart Wait Function is triggered

2021-10-14 17:34:56 - [MESSAGE][PASSED] - Method.TextDegerineEsitElementinAltindakiTextboxtaYaz is PASSED

2021-10-14 17:34:56 - [MESSAGE][PASSED] - Call Test Case 'Test Cases/Filtreler/BitisYaz' successfully

2021-10-14 17:34:56 - [MESSAGE][INFO] - Checking called Test Case

2021-10-14 17:34:56 - [MESSAGE][INFO] - Starting to call Test Case 'Test Cases/Filtreler/TexboxaYaz'

2021-10-14 17:34:56 - [TEST_CASE][PASSED] - Test Cases/Filtreler/TexboxaYaz: Test Cases/Filtreler/TexboxaYaz

2021-10-14 17:34:56 - [TEST_STEP][PASSED] - Method.TextDegerineEsitElementinAltindakiTextboxtaYaz(findTestObject("Filtreler/Basliklar"), findTestObject("Filtreler/Basliga_Gore_Textbox"), Filtre_Adi, Filtre_Degeri): Method.TextDegerineEsitElementinAltindakiTextboxtaYaz is PASSED

2021-10-14 17:34:56 - [MESSAGE][INFO] - Finding Test Object 'Object Repository/Filtreler/Basliklar'

2021-10-14 17:34:56 - [MESSAGE][INFO] - Finding Test Object 'Object Repository/Filtreler/Basliga_Gore_Textbox'

2021-10-14 17:34:56 - [MESSAGE][INFO] - Checking timeout

2021-10-14 17:34:56 - [MESSAGE][INFO] - Finding web element with id: 'Object Repository/Filtreler/Basliklar' located by 'By.cssSelector: .control-label.col-sm-4.paddingMarginRLC' in '10' second(s)

2021-10-14 17:34:56 - [MESSAGE][INFO] - Smart Wait Function is triggered

2021-10-14 17:34:57 - [MESSAGE][INFO] - Found 18 web elements with id: 'Object Repository/Filtreler/Basliklar' located by 'By.cssSelector: .control-label.col-sm-4.paddingMarginRLC' in '10' second(s)

2021-10-14 17:34:57 - [MESSAGE][INFO] - Smart Wait Function is triggered

2021-10-14 17:34:57 - [MESSAGE][PASSED] - Method.TextDegerineEsitElementinAltindakiTextboxtaYaz is PASSED

2021-10-14 17:34:57 - [MESSAGE][PASSED] - Call Test Case 'Test Cases/Filtreler/TexboxaYaz' successfully

2021-10-14 17:34:57 - [MESSAGE][INFO] - Checking called Test Case

2021-10-14 17:34:57 - [MESSAGE][INFO] - Starting to call Test Case 'Test Cases/Filtreler/ButonaTikla'

2021-10-14 17:34:57 - [TEST_CASE][PASSED] - Test Cases/Filtreler/ButonaTikla: Test Cases/Filtreler/ButonaTikla

2021-10-14 17:34:57 - [TEST_STEP][PASSED] - Method.TextDegerineEsitElementeTikla(findTestObject("Filtreler/Butonlar"), Filtre_Buton): Method.TextDegerineEsitElementeTikla is PASSED

2021-10-14 17:34:57 - [MESSAGE][INFO] - Finding Test Object 'Object Repository/Filtreler/Butonlar'

2021-10-14 17:34:57 - [MESSAGE][INFO] - Checking timeout

2021-10-14 17:34:57 - [MESSAGE][INFO] - Finding web element with id: 'Object Repository/Filtreler/Butonlar' located by 'By.cssSelector: .dxb>span' in '10' second(s)

2021-10-14 17:34:57 - [MESSAGE][INFO] - Smart Wait Function is triggered

2021-10-14 17:34:58 - [MESSAGE][INFO] - Found 3 web elements with id: 'Object Repository/Filtreler/Butonlar' located by 'By.cssSelector: .dxb>span' in '10' second(s)

2021-10-14 17:34:58 - [MESSAGE][PASSED] - Method.TextDegerineEsitElementeTikla is PASSED

2021-10-14 17:34:58 - [MESSAGE][PASSED] - Call Test Case 'Test Cases/Filtreler/ButonaTikla' successfully

2021-10-14 17:34:58 - [MESSAGE][INFO] - Checking called Test Case

2021-10-14 17:34:58 - [MESSAGE][INFO] - Starting to call Test Case 'Test Cases/Tablo/TablodaVeriVarMi'

2021-10-14 17:34:58 - [TEST_CASE][PASSED] - Test Cases/Tablo/TablodaVeriVarMi: Test Cases/Tablo/TablodaVeriVarMi

2021-10-14 17:34:58 - [TEST_STEP][PASSED] - verifyTextNotPresent("Görüntülenecek veri yok", true): Text 'Görüntülenecek veri yok' is not present on page using regular expression

2021-10-14 17:34:58 - [MESSAGE][INFO] - Checking text present  using regular expression

2021-10-14 17:34:58 - [MESSAGE][INFO] - Smart Wait Function is triggered

2021-10-14 17:34:59 - [MESSAGE][INFO] - Finding text 'Görüntülenecek veri yok' on page  using regular expression

2021-10-14 17:34:59 - [MESSAGE][PASSED] - Text 'Görüntülenecek veri yok' is not present on page using regular expression

2021-10-14 17:34:59 - [MESSAGE][PASSED] - Call Test Case 'Test Cases/Tablo/TablodaVeriVarMi' successfully

2021-10-14 17:34:59 - [MESSAGE][INFO] - Checking called Test Case

2021-10-14 17:34:59 - [MESSAGE][INFO] - Starting to call Test Case 'Test Cases/Tablo/TablodanVeriSec'

2021-10-14 17:34:59 - [TEST_CASE][PASSED] - Test Cases/Tablo/TablodanVeriSec: Test Cases/Tablo/TablodanVeriSec

2021-10-14 17:34:59 - [TEST_STEP][PASSED] - Method.TextDegerineEsitElementinAltindakineTikla(findTestObject("Tablo/Veriler"), findTestObject("Tablo/VerininCheckBoxi"), Veri_Adi): Method.TextDegerineEsitElementinAltindakineTikla is PASSED

2021-10-14 17:34:59 - [MESSAGE][INFO] - Finding Test Object 'Object Repository/Tablo/Veriler'

2021-10-14 17:34:59 - [MESSAGE][INFO] - Finding Test Object 'Object Repository/Tablo/VerininCheckBoxi'

2021-10-14 17:34:59 - [MESSAGE][INFO] - Checking timeout

2021-10-14 17:34:59 - [MESSAGE][INFO] - Finding web element with id: 'Object Repository/Tablo/Veriler' located by 'By.cssSelector: td.dxgv b ,td.dxgv' in '10' second(s)

2021-10-14 17:34:59 - [MESSAGE][INFO] - Smart Wait Function is triggered

2021-10-14 17:34:59 - [MESSAGE][INFO] - Found 12 web elements with id: 'Object Repository/Tablo/Veriler' located by 'By.cssSelector: td.dxgv b ,td.dxgv' in '10' second(s)

2021-10-14 17:34:59 - [MESSAGE][INFO] - Smart Wait Function is triggered

2021-10-14 17:35:00 - [MESSAGE][PASSED] - Method.TextDegerineEsitElementinAltindakineTikla is PASSED

2021-10-14 17:35:00 - [MESSAGE][PASSED] - Call Test Case 'Test Cases/Tablo/TablodanVeriSec' successfully

2021-10-14 17:35:00 - [MESSAGE][INFO] - Checking called Test Case

2021-10-14 17:35:00 - [MESSAGE][INFO] - Starting to call Test Case 'Test Cases/Butonlar/ButonaTikla'

2021-10-14 17:35:00 - [TEST_CASE][PASSED] - Test Cases/Butonlar/ButonaTikla: Test Cases/Butonlar/ButonaTikla

2021-10-14 17:35:00 - [TEST_STEP][PASSED] - Method.TextDegerineEsitElementeTiklaEquals(findTestObject("Butonlar/Butonlar"), Buton_Adi): Method.TextDegerineEsitElementeTiklaEquals is PASSED

2021-10-14 17:35:00 - [MESSAGE][INFO] - Finding Test Object 'Object Repository/Butonlar/Butonlar'

2021-10-14 17:35:00 - [MESSAGE][INFO] - Checking timeout

2021-10-14 17:35:00 - [MESSAGE][INFO] - Finding web element with id: 'Object Repository/Butonlar/Butonlar' located by 'By.cssSelector: .panel.panel-default.text-center.footerPanel .btn,.btn.btn-primary.btnControls' in '10' second(s)

2021-10-14 17:35:00 - [MESSAGE][INFO] - Smart Wait Function is triggered

2021-10-14 17:35:00 - [MESSAGE][INFO] - Found 11 web elements with id: 'Object Repository/Butonlar/Butonlar' located by 'By.cssSelector: .panel.panel-default.text-center.footerPanel .btn,.btn.btn-primary.btnControls' in '10' second(s)

2021-10-14 17:35:00 - [MESSAGE][PASSED] - Method.TextDegerineEsitElementeTiklaEquals is PASSED

2021-10-14 17:35:00 - [MESSAGE][PASSED] - Call Test Case 'Test Cases/Butonlar/ButonaTikla' successfully

2021-10-14 17:35:01 - [MESSAGE][INFO] - Checking called Test Case

2021-10-14 17:35:01 - [MESSAGE][INFO] - Starting to call Test Case 'Test Cases/Butonlar/AltButonaTikla'

2021-10-14 17:35:01 - [TEST_CASE][PASSED] - Test Cases/Butonlar/AltButonaTikla: Test Cases/Butonlar/AltButonaTikla

2021-10-14 17:35:01 - [TEST_STEP][PASSED] - Method.TextDegerineEsitElementeTikla(findTestObject("Butonlar/AltButonlar"), Alt_Buton): Method.TextDegerineEsitElementeTikla is PASSED

2021-10-14 17:35:01 - [MESSAGE][INFO] - Finding Test Object 'Object Repository/Butonlar/AltButonlar'

2021-10-14 17:35:01 - [MESSAGE][INFO] - Checking timeout

2021-10-14 17:35:01 - [MESSAGE][INFO] - Finding web element with id: 'Object Repository/Butonlar/AltButonlar' located by 'By.cssSelector: .btn-group.open li>a' in '10' second(s)

2021-10-14 17:35:01 - [MESSAGE][INFO] - Smart Wait Function is triggered

2021-10-14 17:35:01 - [MESSAGE][INFO] - Found 2 web elements with id: 'Object Repository/Butonlar/AltButonlar' located by 'By.cssSelector: .btn-group.open li>a' in '10' second(s)

2021-10-14 17:35:01 - [MESSAGE][PASSED] - Method.TextDegerineEsitElementeTikla is PASSED

2021-10-14 17:35:01 - [MESSAGE][PASSED] - Call Test Case 'Test Cases/Butonlar/AltButonaTikla' successfully

2021-10-14 17:35:01 - [MESSAGE][INFO] - Checking called Test Case

2021-10-14 17:35:01 - [MESSAGE][INFO] - Starting to call Test Case 'Test Cases/Popup/PopupMesajiIceriyorMu'

2021-10-14 17:35:01 - [TEST_CASE][PASSED] - Test Cases/Popup/PopupMesajiIceriyorMu: Test Cases/Popup/PopupMesajiIceriyorMu

2021-10-14 17:35:01 - [TEST_STEP][PASSED] - waitForElementVisible(findTestObject("Popup/Popup"), 10): Object 'Object Repository/Popup/Popup' is visible

2021-10-14 17:35:01 - [MESSAGE][INFO] - Finding Test Object 'Object Repository/Popup/Popup'

2021-10-14 17:35:01 - [MESSAGE][INFO] - Checking object

2021-10-14 17:35:01 - [MESSAGE][INFO] - Checking timeout

2021-10-14 17:35:01 - [MESSAGE][INFO] - Finding web element from Test Object's properties

2021-10-14 17:35:01 - [MESSAGE][INFO] - Checking timeout

2021-10-14 17:35:01 - [MESSAGE][INFO] - Finding web element with id: 'Object Repository/Popup/Popup' located by 'By.cssSelector: .bootbox-body' in '10' second(s)

2021-10-14 17:35:01 - [MESSAGE][INFO] - Smart Wait Function is triggered

2021-10-14 17:35:02 - [MESSAGE][INFO] - Found 1 web elements with id: 'Object Repository/Popup/Popup' located by 'By.cssSelector: .bootbox-body' in '10' second(s)

2021-10-14 17:35:02 - [MESSAGE][PASSED] - Object 'Object Repository/Popup/Popup' is visible

2021-10-14 17:35:02 - [TEST_STEP][PASSED] - if (!(getText(findTestObject("Popup/Popup")).contains(Mesaj))): Text of object 'Object Repository/Popup/Popup' is: 'Lütfen rapor bildiriminin gönderileceği e-posta adresini belirtiniz.
e-Posta Adresi'

2021-10-14 17:35:02 - [MESSAGE][INFO] - Finding Test Object 'Object Repository/Popup/Popup'

2021-10-14 17:35:02 - [MESSAGE][INFO] - Checking object

2021-10-14 17:35:02 - [MESSAGE][INFO] - Finding web element from Test Object's properties

2021-10-14 17:35:02 - [MESSAGE][INFO] - Checking timeout

2021-10-14 17:35:02 - [MESSAGE][INFO] - Finding web element with id: 'Object Repository/Popup/Popup' located by 'By.cssSelector: .bootbox-body' in '30' second(s)

2021-10-14 17:35:02 - [MESSAGE][INFO] - Smart Wait Function is triggered

2021-10-14 17:35:02 - [MESSAGE][INFO] - Found 1 web elements with id: 'Object Repository/Popup/Popup' located by 'By.cssSelector: .bootbox-body' in '30' second(s)

2021-10-14 17:35:02 - [MESSAGE][INFO] - Getting text of object 'Object Repository/Popup/Popup'

2021-10-14 17:35:02 - [MESSAGE][PASSED] - Text of object 'Object Repository/Popup/Popup' is: 'Lütfen rapor bildiriminin gönderileceği e-posta adresini belirtiniz.
e-Posta Adresi'

2021-10-14 17:35:02 - [TEST_STEP][PASSED] - RaporNo = getText(findTestObject("Popup/Popup")).substring(0, 6): Text of object 'Object Repository/Popup/Popup' is: 'Lütfen rapor bildiriminin gönderileceği e-posta adresini belirtiniz.
e-Posta Adresi'

2021-10-14 17:35:02 - [MESSAGE][INFO] - Finding Test Object 'Object Repository/Popup/Popup'

2021-10-14 17:35:03 - [MESSAGE][INFO] - Checking object

2021-10-14 17:35:03 - [MESSAGE][INFO] - Finding web element from Test Object's properties

2021-10-14 17:35:03 - [MESSAGE][INFO] - Checking timeout

2021-10-14 17:35:03 - [MESSAGE][INFO] - Finding web element with id: 'Object Repository/Popup/Popup' located by 'By.cssSelector: .bootbox-body' in '30' second(s)

2021-10-14 17:35:03 - [MESSAGE][INFO] - Smart Wait Function is triggered

2021-10-14 17:35:03 - [MESSAGE][INFO] - Found 1 web elements with id: 'Object Repository/Popup/Popup' located by 'By.cssSelector: .bootbox-body' in '30' second(s)

2021-10-14 17:35:03 - [MESSAGE][INFO] - Getting text of object 'Object Repository/Popup/Popup'

2021-10-14 17:35:03 - [MESSAGE][PASSED] - Text of object 'Object Repository/Popup/Popup' is: 'Lütfen rapor bildiriminin gönderileceği e-posta adresini belirtiniz.
e-Posta Adresi'

2021-10-14 17:35:03 - [TEST_STEP][PASSED] - Console.println(RaporNo): null

2021-10-14 17:35:03 - [MESSAGE][PASSED] - Call Test Case 'Test Cases/Popup/PopupMesajiIceriyorMu' successfully

2021-10-14 17:35:03 - [MESSAGE][INFO] - Checking called Test Case

2021-10-14 17:35:03 - [MESSAGE][INFO] - Starting to call Test Case 'Test Cases/Popup/PopupButonSecilir'

2021-10-14 17:35:03 - [TEST_CASE][PASSED] - Test Cases/Popup/PopupButonSecilir: Test Cases/Popup/PopupButonSecilir

2021-10-14 17:35:03 - [TEST_STEP][PASSED] - Method.TextDegerineEsitElementeTikla(findTestObject("Popup/Popup_Butons"), Buton): Method.TextDegerineEsitElementeTikla is PASSED

2021-10-14 17:35:03 - [MESSAGE][INFO] - Finding Test Object 'Object Repository/Popup/Popup_Butons'

2021-10-14 17:35:03 - [MESSAGE][INFO] - Checking timeout

2021-10-14 17:35:03 - [MESSAGE][INFO] - Finding web element with id: 'Object Repository/Popup/Popup_Butons' located by 'By.cssSelector: .modal-footer>button' in '10' second(s)

2021-10-14 17:35:03 - [MESSAGE][INFO] - Smart Wait Function is triggered

2021-10-14 17:35:03 - [MESSAGE][INFO] - Found 2 web elements with id: 'Object Repository/Popup/Popup_Butons' located by 'By.cssSelector: .modal-footer>button' in '10' second(s)

2021-10-14 17:35:03 - [MESSAGE][PASSED] - Method.TextDegerineEsitElementeTikla is PASSED

2021-10-14 17:35:03 - [MESSAGE][PASSED] - Call Test Case 'Test Cases/Popup/PopupButonSecilir' successfully

2021-10-14 17:35:03 - [MESSAGE][INFO] - Checking called Test Case

2021-10-14 17:35:03 - [MESSAGE][INFO] - Starting to call Test Case 'Test Cases/Popup/PopupMesajiIceriyorMu'

2021-10-14 17:35:03 - [TEST_CASE][PASSED] - Test Cases/Popup/PopupMesajiIceriyorMu: Test Cases/Popup/PopupMesajiIceriyorMu

2021-10-14 17:35:03 - [TEST_STEP][PASSED] - waitForElementVisible(findTestObject("Popup/Popup"), 10): Object 'Object Repository/Popup/Popup' is visible

2021-10-14 17:35:03 - [MESSAGE][INFO] - Finding Test Object 'Object Repository/Popup/Popup'

2021-10-14 17:35:04 - [MESSAGE][INFO] - Checking object

2021-10-14 17:35:04 - [MESSAGE][INFO] - Checking timeout

2021-10-14 17:35:04 - [MESSAGE][INFO] - Finding web element from Test Object's properties

2021-10-14 17:35:04 - [MESSAGE][INFO] - Checking timeout

2021-10-14 17:35:04 - [MESSAGE][INFO] - Finding web element with id: 'Object Repository/Popup/Popup' located by 'By.cssSelector: .bootbox-body' in '10' second(s)

2021-10-14 17:35:04 - [MESSAGE][INFO] - Smart Wait Function is triggered

2021-10-14 17:35:04 - [MESSAGE][INFO] - Found 1 web elements with id: 'Object Repository/Popup/Popup' located by 'By.cssSelector: .bootbox-body' in '10' second(s)

2021-10-14 17:35:04 - [MESSAGE][PASSED] - Object 'Object Repository/Popup/Popup' is visible

2021-10-14 17:35:04 - [TEST_STEP][PASSED] - if (!(getText(findTestObject("Popup/Popup")).contains(Mesaj))): Text of object 'Object Repository/Popup/Popup' is: '14613 no’lu talebiniz işleme alınmıştır. Raporunuz hazırlandığında (elogotest@gmail.com) adresinize mail gönderilecektir.
Rapor durumunuzu Raporlar > Toplu Veri İndirme ekranından takip edebilir, hazırlandı durumundaki raporlarınızı ilgili menüden indirebilirsiniz.'

2021-10-14 17:35:04 - [MESSAGE][INFO] - Finding Test Object 'Object Repository/Popup/Popup'

2021-10-14 17:35:04 - [MESSAGE][INFO] - Checking object

2021-10-14 17:35:04 - [MESSAGE][INFO] - Finding web element from Test Object's properties

2021-10-14 17:35:04 - [MESSAGE][INFO] - Checking timeout

2021-10-14 17:35:04 - [MESSAGE][INFO] - Finding web element with id: 'Object Repository/Popup/Popup' located by 'By.cssSelector: .bootbox-body' in '30' second(s)

2021-10-14 17:35:04 - [MESSAGE][INFO] - Smart Wait Function is triggered

2021-10-14 17:35:05 - [MESSAGE][INFO] - Found 1 web elements with id: 'Object Repository/Popup/Popup' located by 'By.cssSelector: .bootbox-body' in '30' second(s)

2021-10-14 17:35:05 - [MESSAGE][INFO] - Getting text of object 'Object Repository/Popup/Popup'

2021-10-14 17:35:05 - [MESSAGE][PASSED] - Text of object 'Object Repository/Popup/Popup' is: '14613 no’lu talebiniz işleme alınmıştır. Raporunuz hazırlandığında (elogotest@gmail.com) adresinize mail gönderilecektir.
Rapor durumunuzu Raporlar > Toplu Veri İndirme ekranından takip edebilir, hazırlandı durumundaki raporlarınızı ilgili menüden indirebilirsiniz.'

2021-10-14 17:35:05 - [TEST_STEP][PASSED] - RaporNo = getText(findTestObject("Popup/Popup")).substring(0, 6): Text of object 'Object Repository/Popup/Popup' is: '14613 no’lu talebiniz işleme alınmıştır. Raporunuz hazırlandığında (elogotest@gmail.com) adresinize mail gönderilecektir.
Rapor durumunuzu Raporlar > Toplu Veri İndirme ekranından takip edebilir, hazırlandı durumundaki raporlarınızı ilgili menüden indirebilirsiniz.'

2021-10-14 17:35:05 - [MESSAGE][INFO] - Finding Test Object 'Object Repository/Popup/Popup'

2021-10-14 17:35:05 - [MESSAGE][INFO] - Checking object

2021-10-14 17:35:05 - [MESSAGE][INFO] - Finding web element from Test Object's properties

2021-10-14 17:35:05 - [MESSAGE][INFO] - Checking timeout

2021-10-14 17:35:05 - [MESSAGE][INFO] - Finding web element with id: 'Object Repository/Popup/Popup' located by 'By.cssSelector: .bootbox-body' in '30' second(s)

2021-10-14 17:35:05 - [MESSAGE][INFO] - Smart Wait Function is triggered

2021-10-14 17:35:05 - [MESSAGE][INFO] - Found 1 web elements with id: 'Object Repository/Popup/Popup' located by 'By.cssSelector: .bootbox-body' in '30' second(s)

2021-10-14 17:35:05 - [MESSAGE][INFO] - Getting text of object 'Object Repository/Popup/Popup'

2021-10-14 17:35:05 - [MESSAGE][PASSED] - Text of object 'Object Repository/Popup/Popup' is: '14613 no’lu talebiniz işleme alınmıştır. Raporunuz hazırlandığında (elogotest@gmail.com) adresinize mail gönderilecektir.
Rapor durumunuzu Raporlar > Toplu Veri İndirme ekranından takip edebilir, hazırlandı durumundaki raporlarınızı ilgili menüden indirebilirsiniz.'

2021-10-14 17:35:05 - [TEST_STEP][PASSED] - Console.println(RaporNo): null

2021-10-14 17:35:05 - [MESSAGE][PASSED] - Call Test Case 'Test Cases/Popup/PopupMesajiIceriyorMu' successfully

2021-10-14 17:35:05 - [MESSAGE][INFO] - Checking called Test Case

2021-10-14 17:35:05 - [MESSAGE][INFO] - Starting to call Test Case 'Test Cases/Popup/PopupButonSecilir'

2021-10-14 17:35:05 - [TEST_CASE][PASSED] - Test Cases/Popup/PopupButonSecilir: Test Cases/Popup/PopupButonSecilir

2021-10-14 17:35:05 - [TEST_STEP][PASSED] - Method.TextDegerineEsitElementeTikla(findTestObject("Popup/Popup_Butons"), Buton): Method.TextDegerineEsitElementeTikla is PASSED

2021-10-14 17:35:05 - [MESSAGE][INFO] - Finding Test Object 'Object Repository/Popup/Popup_Butons'

2021-10-14 17:35:05 - [MESSAGE][INFO] - Checking timeout

2021-10-14 17:35:05 - [MESSAGE][INFO] - Finding web element with id: 'Object Repository/Popup/Popup_Butons' located by 'By.cssSelector: .modal-footer>button' in '10' second(s)

2021-10-14 17:35:05 - [MESSAGE][INFO] - Smart Wait Function is triggered

2021-10-14 17:35:05 - [MESSAGE][INFO] - Found 1 web elements with id: 'Object Repository/Popup/Popup_Butons' located by 'By.cssSelector: .modal-footer>button' in '10' second(s)

2021-10-14 17:35:05 - [MESSAGE][PASSED] - Method.TextDegerineEsitElementeTikla is PASSED

2021-10-14 17:35:05 - [MESSAGE][PASSED] - Call Test Case 'Test Cases/Popup/PopupButonSecilir' successfully

2021-10-14 17:35:05 - [MESSAGE][INFO] - Checking called Test Case

2021-10-14 17:35:05 - [MESSAGE][INFO] - Starting to call Test Case 'Test Cases/Butonlar/ButonaTikla'

2021-10-14 17:35:06 - [TEST_CASE][PASSED] - Test Cases/Butonlar/ButonaTikla: Test Cases/Butonlar/ButonaTikla

2021-10-14 17:35:06 - [TEST_STEP][PASSED] - Method.TextDegerineEsitElementeTiklaEquals(findTestObject("Butonlar/Butonlar"), Buton_Adi): Method.TextDegerineEsitElementeTiklaEquals is PASSED

2021-10-14 17:35:06 - [MESSAGE][INFO] - Finding Test Object 'Object Repository/Butonlar/Butonlar'

2021-10-14 17:35:06 - [MESSAGE][INFO] - Checking timeout

2021-10-14 17:35:06 - [MESSAGE][INFO] - Finding web element with id: 'Object Repository/Butonlar/Butonlar' located by 'By.cssSelector: .panel.panel-default.text-center.footerPanel .btn,.btn.btn-primary.btnControls' in '10' second(s)

2021-10-14 17:35:06 - [MESSAGE][INFO] - Smart Wait Function is triggered

2021-10-14 17:35:06 - [MESSAGE][INFO] - Found 11 web elements with id: 'Object Repository/Butonlar/Butonlar' located by 'By.cssSelector: .panel.panel-default.text-center.footerPanel .btn,.btn.btn-primary.btnControls' in '10' second(s)

2021-10-14 17:35:06 - [MESSAGE][PASSED] - Method.TextDegerineEsitElementeTiklaEquals is PASSED

2021-10-14 17:35:06 - [MESSAGE][PASSED] - Call Test Case 'Test Cases/Butonlar/ButonaTikla' successfully

2021-10-14 17:35:06 - [MESSAGE][INFO] - Checking called Test Case

2021-10-14 17:35:06 - [MESSAGE][INFO] - Starting to call Test Case 'Test Cases/Butonlar/AltButonaTikla'

2021-10-14 17:35:06 - [TEST_CASE][PASSED] - Test Cases/Butonlar/AltButonaTikla: Test Cases/Butonlar/AltButonaTikla

2021-10-14 17:35:06 - [TEST_STEP][PASSED] - Method.TextDegerineEsitElementeTikla(findTestObject("Butonlar/AltButonlar"), Alt_Buton): Method.TextDegerineEsitElementeTikla is PASSED

2021-10-14 17:35:06 - [MESSAGE][INFO] - Finding Test Object 'Object Repository/Butonlar/AltButonlar'

2021-10-14 17:35:07 - [MESSAGE][INFO] - Checking timeout

2021-10-14 17:35:07 - [MESSAGE][INFO] - Finding web element with id: 'Object Repository/Butonlar/AltButonlar' located by 'By.cssSelector: .btn-group.open li>a' in '10' second(s)

2021-10-14 17:35:07 - [MESSAGE][INFO] - Smart Wait Function is triggered

2021-10-14 17:35:07 - [MESSAGE][INFO] - Found 2 web elements with id: 'Object Repository/Butonlar/AltButonlar' located by 'By.cssSelector: .btn-group.open li>a' in '10' second(s)

2021-10-14 17:35:07 - [MESSAGE][PASSED] - Method.TextDegerineEsitElementeTikla is PASSED

2021-10-14 17:35:07 - [MESSAGE][PASSED] - Call Test Case 'Test Cases/Butonlar/AltButonaTikla' successfully

2021-10-14 17:35:07 - [MESSAGE][INFO] - Checking called Test Case

2021-10-14 17:35:07 - [MESSAGE][INFO] - Starting to call Test Case 'Test Cases/Popup/PopupMesajiIceriyorMu'

2021-10-14 17:35:07 - [TEST_CASE][PASSED] - Test Cases/Popup/PopupMesajiIceriyorMu: Test Cases/Popup/PopupMesajiIceriyorMu

2021-10-14 17:35:07 - [TEST_STEP][PASSED] - waitForElementVisible(findTestObject("Popup/Popup"), 10): Object 'Object Repository/Popup/Popup' is visible

2021-10-14 17:35:07 - [MESSAGE][INFO] - Finding Test Object 'Object Repository/Popup/Popup'

2021-10-14 17:35:07 - [MESSAGE][INFO] - Checking object

2021-10-14 17:35:07 - [MESSAGE][INFO] - Checking timeout

2021-10-14 17:35:07 - [MESSAGE][INFO] - Finding web element from Test Object's properties

2021-10-14 17:35:07 - [MESSAGE][INFO] - Checking timeout

2021-10-14 17:35:07 - [MESSAGE][INFO] - Finding web element with id: 'Object Repository/Popup/Popup' located by 'By.cssSelector: .bootbox-body' in '10' second(s)

2021-10-14 17:35:07 - [MESSAGE][INFO] - Smart Wait Function is triggered

2021-10-14 17:35:08 - [MESSAGE][INFO] - Found 1 web elements with id: 'Object Repository/Popup/Popup' located by 'By.cssSelector: .bootbox-body' in '10' second(s)

2021-10-14 17:35:08 - [MESSAGE][PASSED] - Object 'Object Repository/Popup/Popup' is visible

2021-10-14 17:35:08 - [TEST_STEP][PASSED] - if (!(getText(findTestObject("Popup/Popup")).contains(Mesaj))): Text of object 'Object Repository/Popup/Popup' is: 'Lütfen rapor bildiriminin gönderileceği e-posta adresini belirtiniz.
e-Posta Adresi'

2021-10-14 17:35:08 - [MESSAGE][INFO] - Finding Test Object 'Object Repository/Popup/Popup'

2021-10-14 17:35:08 - [MESSAGE][INFO] - Checking object

2021-10-14 17:35:08 - [MESSAGE][INFO] - Finding web element from Test Object's properties

2021-10-14 17:35:08 - [MESSAGE][INFO] - Checking timeout

2021-10-14 17:35:08 - [MESSAGE][INFO] - Finding web element with id: 'Object Repository/Popup/Popup' located by 'By.cssSelector: .bootbox-body' in '30' second(s)

2021-10-14 17:35:08 - [MESSAGE][INFO] - Smart Wait Function is triggered

2021-10-14 17:35:08 - [MESSAGE][INFO] - Found 1 web elements with id: 'Object Repository/Popup/Popup' located by 'By.cssSelector: .bootbox-body' in '30' second(s)

2021-10-14 17:35:08 - [MESSAGE][INFO] - Getting text of object 'Object Repository/Popup/Popup'

2021-10-14 17:35:08 - [MESSAGE][PASSED] - Text of object 'Object Repository/Popup/Popup' is: 'Lütfen rapor bildiriminin gönderileceği e-posta adresini belirtiniz.
e-Posta Adresi'

2021-10-14 17:35:08 - [TEST_STEP][PASSED] - RaporNo = getText(findTestObject("Popup/Popup")).substring(0, 6): Text of object 'Object Repository/Popup/Popup' is: 'Lütfen rapor bildiriminin gönderileceği e-posta adresini belirtiniz.
e-Posta Adresi'

2021-10-14 17:35:08 - [MESSAGE][INFO] - Finding Test Object 'Object Repository/Popup/Popup'

2021-10-14 17:35:08 - [MESSAGE][INFO] - Checking object

2021-10-14 17:35:08 - [MESSAGE][INFO] - Finding web element from Test Object's properties

2021-10-14 17:35:08 - [MESSAGE][INFO] - Checking timeout

2021-10-14 17:35:08 - [MESSAGE][INFO] - Finding web element with id: 'Object Repository/Popup/Popup' located by 'By.cssSelector: .bootbox-body' in '30' second(s)

2021-10-14 17:35:08 - [MESSAGE][INFO] - Smart Wait Function is triggered

2021-10-14 17:35:08 - [MESSAGE][INFO] - Found 1 web elements with id: 'Object Repository/Popup/Popup' located by 'By.cssSelector: .bootbox-body' in '30' second(s)

2021-10-14 17:35:08 - [MESSAGE][INFO] - Getting text of object 'Object Repository/Popup/Popup'

2021-10-14 17:35:08 - [MESSAGE][PASSED] - Text of object 'Object Repository/Popup/Popup' is: 'Lütfen rapor bildiriminin gönderileceği e-posta adresini belirtiniz.
e-Posta Adresi'

2021-10-14 17:35:08 - [TEST_STEP][PASSED] - Console.println(RaporNo): null

2021-10-14 17:35:08 - [MESSAGE][PASSED] - Call Test Case 'Test Cases/Popup/PopupMesajiIceriyorMu' successfully

2021-10-14 17:35:08 - [MESSAGE][INFO] - Checking called Test Case

2021-10-14 17:35:08 - [MESSAGE][INFO] - Starting to call Test Case 'Test Cases/Popup/PopupButonSecilir'

2021-10-14 17:35:09 - [TEST_CASE][PASSED] - Test Cases/Popup/PopupButonSecilir: Test Cases/Popup/PopupButonSecilir

2021-10-14 17:35:09 - [TEST_STEP][PASSED] - Method.TextDegerineEsitElementeTikla(findTestObject("Popup/Popup_Butons"), Buton): Method.TextDegerineEsitElementeTikla is PASSED

2021-10-14 17:35:09 - [MESSAGE][INFO] - Finding Test Object 'Object Repository/Popup/Popup_Butons'

2021-10-14 17:35:09 - [MESSAGE][INFO] - Checking timeout

2021-10-14 17:35:09 - [MESSAGE][INFO] - Finding web element with id: 'Object Repository/Popup/Popup_Butons' located by 'By.cssSelector: .modal-footer>button' in '10' second(s)

2021-10-14 17:35:09 - [MESSAGE][INFO] - Smart Wait Function is triggered

2021-10-14 17:35:09 - [MESSAGE][INFO] - Found 2 web elements with id: 'Object Repository/Popup/Popup_Butons' located by 'By.cssSelector: .modal-footer>button' in '10' second(s)

2021-10-14 17:35:09 - [MESSAGE][PASSED] - Method.TextDegerineEsitElementeTikla is PASSED

2021-10-14 17:35:09 - [MESSAGE][PASSED] - Call Test Case 'Test Cases/Popup/PopupButonSecilir' successfully

2021-10-14 17:35:09 - [MESSAGE][INFO] - Checking called Test Case

2021-10-14 17:35:09 - [MESSAGE][INFO] - Starting to call Test Case 'Test Cases/Popup/PopupMesajiIceriyorMu'

2021-10-14 17:35:09 - [TEST_CASE][PASSED] - Test Cases/Popup/PopupMesajiIceriyorMu: Test Cases/Popup/PopupMesajiIceriyorMu

2021-10-14 17:35:09 - [TEST_STEP][PASSED] - waitForElementVisible(findTestObject("Popup/Popup"), 10): Object 'Object Repository/Popup/Popup' is visible

2021-10-14 17:35:09 - [MESSAGE][INFO] - Finding Test Object 'Object Repository/Popup/Popup'

2021-10-14 17:35:09 - [MESSAGE][INFO] - Checking object

2021-10-14 17:35:09 - [MESSAGE][INFO] - Checking timeout

2021-10-14 17:35:09 - [MESSAGE][INFO] - Finding web element from Test Object's properties

2021-10-14 17:35:09 - [MESSAGE][INFO] - Checking timeout

2021-10-14 17:35:09 - [MESSAGE][INFO] - Finding web element with id: 'Object Repository/Popup/Popup' located by 'By.cssSelector: .bootbox-body' in '10' second(s)

2021-10-14 17:35:09 - [MESSAGE][INFO] - Smart Wait Function is triggered

2021-10-14 17:35:10 - [MESSAGE][INFO] - Found 1 web elements with id: 'Object Repository/Popup/Popup' located by 'By.cssSelector: .bootbox-body' in '10' second(s)

2021-10-14 17:35:10 - [MESSAGE][PASSED] - Object 'Object Repository/Popup/Popup' is visible

2021-10-14 17:35:10 - [TEST_STEP][PASSED] - if (!(getText(findTestObject("Popup/Popup")).contains(Mesaj))): Text of object 'Object Repository/Popup/Popup' is: '14614 no’lu talebiniz işleme alınmıştır. Raporunuz hazırlandığında (elogotest@gmail.com) adresinize mail gönderilecektir.
Rapor durumunuzu Raporlar > Toplu Veri İndirme ekranından takip edebilir, hazırlandı durumundaki raporlarınızı ilgili menüden indirebilirsiniz.'

2021-10-14 17:35:10 - [MESSAGE][INFO] - Finding Test Object 'Object Repository/Popup/Popup'

2021-10-14 17:35:10 - [MESSAGE][INFO] - Checking object

2021-10-14 17:35:10 - [MESSAGE][INFO] - Finding web element from Test Object's properties

2021-10-14 17:35:10 - [MESSAGE][INFO] - Checking timeout

2021-10-14 17:35:10 - [MESSAGE][INFO] - Finding web element with id: 'Object Repository/Popup/Popup' located by 'By.cssSelector: .bootbox-body' in '30' second(s)

2021-10-14 17:35:10 - [MESSAGE][INFO] - Smart Wait Function is triggered

2021-10-14 17:35:10 - [MESSAGE][INFO] - Found 1 web elements with id: 'Object Repository/Popup/Popup' located by 'By.cssSelector: .bootbox-body' in '30' second(s)

2021-10-14 17:35:10 - [MESSAGE][INFO] - Getting text of object 'Object Repository/Popup/Popup'

2021-10-14 17:35:10 - [MESSAGE][PASSED] - Text of object 'Object Repository/Popup/Popup' is: '14614 no’lu talebiniz işleme alınmıştır. Raporunuz hazırlandığında (elogotest@gmail.com) adresinize mail gönderilecektir.
Rapor durumunuzu Raporlar > Toplu Veri İndirme ekranından takip edebilir, hazırlandı durumundaki raporlarınızı ilgili menüden indirebilirsiniz.'

2021-10-14 17:35:10 - [TEST_STEP][PASSED] - RaporNo = getText(findTestObject("Popup/Popup")).substring(0, 6): Text of object 'Object Repository/Popup/Popup' is: '14614 no’lu talebiniz işleme alınmıştır. Raporunuz hazırlandığında (elogotest@gmail.com) adresinize mail gönderilecektir.
Rapor durumunuzu Raporlar > Toplu Veri İndirme ekranından takip edebilir, hazırlandı durumundaki raporlarınızı ilgili menüden indirebilirsiniz.'

2021-10-14 17:35:10 - [MESSAGE][INFO] - Finding Test Object 'Object Repository/Popup/Popup'

2021-10-14 17:35:11 - [MESSAGE][INFO] - Checking object

2021-10-14 17:35:11 - [MESSAGE][INFO] - Finding web element from Test Object's properties

2021-10-14 17:35:11 - [MESSAGE][INFO] - Checking timeout

2021-10-14 17:35:11 - [MESSAGE][INFO] - Finding web element with id: 'Object Repository/Popup/Popup' located by 'By.cssSelector: .bootbox-body' in '30' second(s)

2021-10-14 17:35:11 - [MESSAGE][INFO] - Smart Wait Function is triggered

2021-10-14 17:35:11 - [MESSAGE][INFO] - Found 1 web elements with id: 'Object Repository/Popup/Popup' located by 'By.cssSelector: .bootbox-body' in '30' second(s)

2021-10-14 17:35:11 - [MESSAGE][INFO] - Getting text of object 'Object Repository/Popup/Popup'

2021-10-14 17:35:11 - [MESSAGE][PASSED] - Text of object 'Object Repository/Popup/Popup' is: '14614 no’lu talebiniz işleme alınmıştır. Raporunuz hazırlandığında (elogotest@gmail.com) adresinize mail gönderilecektir.
Rapor durumunuzu Raporlar > Toplu Veri İndirme ekranından takip edebilir, hazırlandı durumundaki raporlarınızı ilgili menüden indirebilirsiniz.'

2021-10-14 17:35:11 - [TEST_STEP][PASSED] - Console.println(RaporNo): null

2021-10-14 17:35:11 - [MESSAGE][PASSED] - Call Test Case 'Test Cases/Popup/PopupMesajiIceriyorMu' successfully

2021-10-14 17:35:11 - [MESSAGE][INFO] - Checking called Test Case

2021-10-14 17:35:11 - [MESSAGE][INFO] - Starting to call Test Case 'Test Cases/Popup/PopupButonSecilir'

2021-10-14 17:35:11 - [TEST_CASE][PASSED] - Test Cases/Popup/PopupButonSecilir: Test Cases/Popup/PopupButonSecilir

2021-10-14 17:35:11 - [TEST_STEP][PASSED] - Method.TextDegerineEsitElementeTikla(findTestObject("Popup/Popup_Butons"), Buton): Method.TextDegerineEsitElementeTikla is PASSED

2021-10-14 17:35:11 - [MESSAGE][INFO] - Finding Test Object 'Object Repository/Popup/Popup_Butons'

2021-10-14 17:35:11 - [MESSAGE][INFO] - Checking timeout

2021-10-14 17:35:11 - [MESSAGE][INFO] - Finding web element with id: 'Object Repository/Popup/Popup_Butons' located by 'By.cssSelector: .modal-footer>button' in '10' second(s)

2021-10-14 17:35:11 - [MESSAGE][INFO] - Smart Wait Function is triggered

2021-10-14 17:35:11 - [MESSAGE][INFO] - Found 1 web elements with id: 'Object Repository/Popup/Popup_Butons' located by 'By.cssSelector: .modal-footer>button' in '10' second(s)

2021-10-14 17:35:11 - [MESSAGE][PASSED] - Method.TextDegerineEsitElementeTikla is PASSED

2021-10-14 17:35:11 - [MESSAGE][PASSED] - Call Test Case 'Test Cases/Popup/PopupButonSecilir' successfully

2021-10-14 17:35:11 - [MESSAGE][INFO] - Checking called Test Case

2021-10-14 17:35:11 - [MESSAGE][INFO] - Starting to call Test Case 'Test Cases/Menu/AnaMenuSecimi'

2021-10-14 17:35:11 - [TEST_CASE][PASSED] - Test Cases/Menu/AnaMenuSecimi: Test Cases/Menu/AnaMenuSecimi

2021-10-14 17:35:12 - [TEST_STEP][PASSED] - Method.TextDegerineEsitElementeTikla(findTestObject("Menu/Ana_Menu"), Ana_Menu): Method.TextDegerineEsitElementeTikla is PASSED

2021-10-14 17:35:12 - [MESSAGE][INFO] - Finding Test Object 'Object Repository/Menu/Ana_Menu'

2021-10-14 17:35:12 - [MESSAGE][INFO] - Checking timeout

2021-10-14 17:35:12 - [MESSAGE][INFO] - Finding web element with id: 'Object Repository/Menu/Ana_Menu' located by 'By.xpath: //*[@class = 'dropdown-toggle']' in '10' second(s)

2021-10-14 17:35:12 - [MESSAGE][INFO] - Smart Wait Function is triggered

2021-10-14 17:35:12 - [MESSAGE][INFO] - Found 14 web elements with id: 'Object Repository/Menu/Ana_Menu' located by 'By.xpath: //*[@class = 'dropdown-toggle']' in '10' second(s)

2021-10-14 17:35:12 - [MESSAGE][PASSED] - Method.TextDegerineEsitElementeTikla is PASSED

2021-10-14 17:35:12 - [MESSAGE][PASSED] - Call Test Case 'Test Cases/Menu/AnaMenuSecimi' successfully

2021-10-14 17:35:12 - [MESSAGE][INFO] - Checking called Test Case

2021-10-14 17:35:12 - [MESSAGE][INFO] - Starting to call Test Case 'Test Cases/Menu/AltMenuSecimi'

2021-10-14 17:35:13 - [TEST_CASE][PASSED] - Test Cases/Menu/AltMenuSecimi: Test Cases/Menu/AltMenuSecimi

2021-10-14 17:35:13 - [TEST_STEP][PASSED] - Method.TextDegerineEsitElementeTikla(findTestObject("Menu/Alt_Menu"), Alt_Menu): Method.TextDegerineEsitElementeTikla is PASSED

2021-10-14 17:35:13 - [MESSAGE][INFO] - Finding Test Object 'Object Repository/Menu/Alt_Menu'

2021-10-14 17:35:13 - [MESSAGE][INFO] - Checking timeout

2021-10-14 17:35:13 - [MESSAGE][INFO] - Finding web element with id: 'Object Repository/Menu/Alt_Menu' located by 'By.xpath: //li[@class='dropdown dropdown-large open']//li[@class='dropdown-element']' in '10' second(s)

2021-10-14 17:35:13 - [MESSAGE][INFO] - Smart Wait Function is triggered

2021-10-14 17:35:13 - [MESSAGE][INFO] - Found 9 web elements with id: 'Object Repository/Menu/Alt_Menu' located by 'By.xpath: //li[@class='dropdown dropdown-large open']//li[@class='dropdown-element']' in '10' second(s)

2021-10-14 17:35:14 - [MESSAGE][PASSED] - Method.TextDegerineEsitElementeTikla is PASSED

2021-10-14 17:35:14 - [MESSAGE][PASSED] - Call Test Case 'Test Cases/Menu/AltMenuSecimi' successfully

2021-10-14 17:35:14 - [MESSAGE][INFO] - Checking called Test Case

2021-10-14 17:35:14 - [MESSAGE][INFO] - Starting to call Test Case 'Test Cases/Filtreler/RaporNoYaz'

2021-10-14 17:35:14 - [TEST_CASE][PASSED] - Test Cases/Filtreler/RaporNoYaz: Test Cases/Filtreler/RaporNoYaz

2021-10-14 17:35:14 - [TEST_STEP][PASSED] - Method.TextDegerineEsitElementinAltindakiTextboxtaYaz(findTestObject("Filtreler/Basliklar"), findTestObject("Filtreler/Basliga_Gore_Textbox"), "Talep No", RaporNo): Method.TextDegerineEsitElementinAltindakiTextboxtaYaz is PASSED

2021-10-14 17:35:14 - [MESSAGE][INFO] - Finding Test Object 'Object Repository/Filtreler/Basliklar'

2021-10-14 17:35:14 - [MESSAGE][INFO] - Finding Test Object 'Object Repository/Filtreler/Basliga_Gore_Textbox'

2021-10-14 17:35:14 - [MESSAGE][INFO] - Checking timeout

2021-10-14 17:35:14 - [MESSAGE][INFO] - Finding web element with id: 'Object Repository/Filtreler/Basliklar' located by 'By.cssSelector: .control-label.col-sm-4.paddingMarginRLC' in '10' second(s)

2021-10-14 17:35:14 - [MESSAGE][INFO] - Smart Wait Function is triggered

2021-10-14 17:35:14 - [MESSAGE][INFO] - Found 8 web elements with id: 'Object Repository/Filtreler/Basliklar' located by 'By.cssSelector: .control-label.col-sm-4.paddingMarginRLC' in '10' second(s)

2021-10-14 17:35:14 - [MESSAGE][INFO] - Smart Wait Function is triggered

2021-10-14 17:35:15 - [MESSAGE][PASSED] - Method.TextDegerineEsitElementinAltindakiTextboxtaYaz is PASSED

2021-10-14 17:35:15 - [MESSAGE][PASSED] - Call Test Case 'Test Cases/Filtreler/RaporNoYaz' successfully

2021-10-14 17:35:15 - [MESSAGE][INFO] - Checking called Test Case

2021-10-14 17:35:15 - [MESSAGE][INFO] - Starting to call Test Case 'Test Cases/Filtreler/ButonaTikla'

2021-10-14 17:35:15 - [TEST_CASE][PASSED] - Test Cases/Filtreler/ButonaTikla: Test Cases/Filtreler/ButonaTikla

2021-10-14 17:35:15 - [TEST_STEP][PASSED] - Method.TextDegerineEsitElementeTikla(findTestObject("Filtreler/Butonlar"), Filtre_Buton): Method.TextDegerineEsitElementeTikla is PASSED

2021-10-14 17:35:15 - [MESSAGE][INFO] - Finding Test Object 'Object Repository/Filtreler/Butonlar'

2021-10-14 17:35:15 - [MESSAGE][INFO] - Checking timeout

2021-10-14 17:35:15 - [MESSAGE][INFO] - Finding web element with id: 'Object Repository/Filtreler/Butonlar' located by 'By.cssSelector: .dxb>span' in '10' second(s)

2021-10-14 17:35:15 - [MESSAGE][INFO] - Smart Wait Function is triggered

2021-10-14 17:35:15 - [MESSAGE][INFO] - Found 2 web elements with id: 'Object Repository/Filtreler/Butonlar' located by 'By.cssSelector: .dxb>span' in '10' second(s)

2021-10-14 17:35:15 - [MESSAGE][PASSED] - Method.TextDegerineEsitElementeTikla is PASSED

2021-10-14 17:35:15 - [MESSAGE][PASSED] - Call Test Case 'Test Cases/Filtreler/ButonaTikla' successfully

2021-10-14 17:35:15 - [MESSAGE][INFO] - Checking called Test Case

2021-10-14 17:35:15 - [MESSAGE][INFO] - Starting to call Test Case 'Test Cases/Tablo/TablodaVeriVarMi'

2021-10-14 17:35:16 - [TEST_CASE][PASSED] - Test Cases/Tablo/TablodaVeriVarMi: Test Cases/Tablo/TablodaVeriVarMi

2021-10-14 17:35:16 - [TEST_STEP][PASSED] - verifyTextNotPresent("Görüntülenecek veri yok", true): Text 'Görüntülenecek veri yok' is not present on page using regular expression

2021-10-14 17:35:16 - [MESSAGE][INFO] - Checking text present  using regular expression

2021-10-14 17:35:16 - [MESSAGE][INFO] - Smart Wait Function is triggered

2021-10-14 17:35:21 - [MESSAGE][INFO] - Finding text 'Görüntülenecek veri yok' on page  using regular expression

2021-10-14 17:35:21 - [MESSAGE][PASSED] - Text 'Görüntülenecek veri yok' is not present on page using regular expression

2021-10-14 17:35:21 - [MESSAGE][PASSED] - Call Test Case 'Test Cases/Tablo/TablodaVeriVarMi' successfully

2021-10-14 17:35:21 - [MESSAGE][INFO] - Checking called Test Case

2021-10-14 17:35:21 - [MESSAGE][INFO] - Starting to call Test Case 'Test Cases/Kullanici_Islemleri/KullaniciIslemlerindenSecimYapilir'

2021-10-14 17:35:21 - [TEST_CASE][PASSED] - Test Cases/Kullanici_Islemleri/KullaniciIslemlerindenSecimYapilir: Test Cases/Kullanici_Islemleri/KullaniciIslemlerindenSecimYapilir

2021-10-14 17:35:21 - [TEST_STEP][PASSED] - waitForElementClickable(findTestObject("Object Repository/Kullanici_Islemleri/KullaniciIslemleri"), 10): Object 'Object Repository/Kullanici_Islemleri/KullaniciIslemleri' is clickable

2021-10-14 17:35:21 - [MESSAGE][INFO] - Finding Test Object 'Object Repository/Kullanici_Islemleri/KullaniciIslemleri'

2021-10-14 17:35:21 - [MESSAGE][INFO] - Checking object

2021-10-14 17:35:21 - [MESSAGE][INFO] - Checking timeout

2021-10-14 17:35:21 - [MESSAGE][INFO] - Finding web element from Test Object's properties

2021-10-14 17:35:21 - [MESSAGE][INFO] - Checking timeout

2021-10-14 17:35:21 - [MESSAGE][INFO] - Finding web element with id: 'Object Repository/Kullanici_Islemleri/KullaniciIslemleri' located by 'By.cssSelector: .dropdown>a>img' in '10' second(s)

2021-10-14 17:35:21 - [MESSAGE][INFO] - Smart Wait Function is triggered

2021-10-14 17:35:22 - [MESSAGE][INFO] - Found 1 web elements with id: 'Object Repository/Kullanici_Islemleri/KullaniciIslemleri' located by 'By.cssSelector: .dropdown>a>img' in '10' second(s)

2021-10-14 17:35:22 - [MESSAGE][PASSED] - Object 'Object Repository/Kullanici_Islemleri/KullaniciIslemleri' is clickable

2021-10-14 17:35:22 - [TEST_STEP][PASSED] - click(findTestObject("Object Repository/Kullanici_Islemleri/KullaniciIslemleri")): Object: 'Object Repository/Kullanici_Islemleri/KullaniciIslemleri' is clicked on

2021-10-14 17:35:22 - [MESSAGE][INFO] - Finding Test Object 'Object Repository/Kullanici_Islemleri/KullaniciIslemleri'

2021-10-14 17:35:22 - [MESSAGE][INFO] - Checking object

2021-10-14 17:35:22 - [MESSAGE][INFO] - Finding web element from Test Object's properties

2021-10-14 17:35:22 - [MESSAGE][INFO] - Checking timeout

2021-10-14 17:35:22 - [MESSAGE][INFO] - Finding web element with id: 'Object Repository/Kullanici_Islemleri/KullaniciIslemleri' located by 'By.cssSelector: .dropdown>a>img' in '30' second(s)

2021-10-14 17:35:22 - [MESSAGE][INFO] - Smart Wait Function is triggered

2021-10-14 17:35:22 - [MESSAGE][INFO] - Found 1 web elements with id: 'Object Repository/Kullanici_Islemleri/KullaniciIslemleri' located by 'By.cssSelector: .dropdown>a>img' in '30' second(s)

2021-10-14 17:35:22 - [MESSAGE][INFO] - Clicking on object: 'Object Repository/Kullanici_Islemleri/KullaniciIslemleri'

2021-10-14 17:35:22 - [MESSAGE][PASSED] - Object: 'Object Repository/Kullanici_Islemleri/KullaniciIslemleri' is clicked on

2021-10-14 17:35:22 - [TEST_STEP][PASSED] - Method.TextDegerineEsitElementeTikla(findTestObject("Object Repository/Kullanici_Islemleri/Secenekler"), Islem): Method.TextDegerineEsitElementeTikla is PASSED

2021-10-14 17:35:22 - [MESSAGE][INFO] - Finding Test Object 'Object Repository/Kullanici_Islemleri/Secenekler'

2021-10-14 17:35:22 - [MESSAGE][INFO] - Checking timeout

2021-10-14 17:35:22 - [MESSAGE][INFO] - Finding web element with id: 'Object Repository/Kullanici_Islemleri/Secenekler' located by 'By.cssSelector: .nav.navbar-nav.navbar-right li a' in '10' second(s)

2021-10-14 17:35:22 - [MESSAGE][INFO] - Smart Wait Function is triggered

2021-10-14 17:35:22 - [MESSAGE][INFO] - Found 22 web elements with id: 'Object Repository/Kullanici_Islemleri/Secenekler' located by 'By.cssSelector: .nav.navbar-nav.navbar-right li a' in '10' second(s)

2021-10-14 17:35:24 - [MESSAGE][PASSED] - Method.TextDegerineEsitElementeTikla is PASSED

2021-10-14 17:35:24 - [TEST_STEP][PASSED] - verifyElementNotPresent(findTestObject("Object Repository/Kullanici_Islemleri/Secenekler"), 10): Web element with id: 'Object Repository/Kullanici_Islemleri/Secenekler' located by 'By.cssSelector: .nav.navbar-nav.navbar-right li a' is not present after '10' second(s)

2021-10-14 17:35:24 - [MESSAGE][INFO] - Finding Test Object 'Object Repository/Kullanici_Islemleri/Secenekler'

2021-10-14 17:35:24 - [MESSAGE][INFO] - Checking object

2021-10-14 17:35:24 - [MESSAGE][INFO] - Checking timeout

2021-10-14 17:35:24 - [MESSAGE][INFO] - Finding web element with id: 'Object Repository/Kullanici_Islemleri/Secenekler' located by 'By.cssSelector: .nav.navbar-nav.navbar-right li a' in '10' second(s)

2021-10-14 17:35:24 - [MESSAGE][INFO] - Smart Wait Function is triggered

2021-10-14 17:35:24 - [MESSAGE][PASSED] - Web element with id: 'Object Repository/Kullanici_Islemleri/Secenekler' located by 'By.cssSelector: .nav.navbar-nav.navbar-right li a' is not present after '10' second(s)

2021-10-14 17:35:24 - [MESSAGE][PASSED] - Call Test Case 'Test Cases/Kullanici_Islemleri/KullaniciIslemlerindenSecimYapilir' successfully

2021-10-14 17:35:24 - [TEST_CASE][PASSED] - Start Test Case : SCENARIO Irsaliyenin excele aktarilmasi: SCENARIO Irsaliyenin excele aktarilmasi

2021-10-14 17:35:24 - [TEST_STEP][PASSED] - Kullanıcı adı ELOGO6 ve Şifre 123456 olarak giriş yapılır: Kullanıcı adı ELOGO6 ve Şifre 123456 olarak giriş yapılır

2021-10-14 17:35:24 - [MESSAGE][PASSED] - Kullanıcı adı ELOGO6 ve Şifre 123456 olarak giriş yapılır

2021-10-14 17:35:24 - [TEST_STEP][PASSED] - Ana menüden e-İrsaliye seçilir: Ana menüden e-İrsaliye seçilir

2021-10-14 17:35:24 - [MESSAGE][PASSED] - Ana menüden e-İrsaliye seçilir

2021-10-14 17:35:24 - [TEST_STEP][PASSED] - Alt menü Giden Kutusu başlığı altındaki İrsaliyeler seçilir: Alt menü Giden Kutusu başlığı altındaki İrsaliyeler seçilir

2021-10-14 17:35:24 - [MESSAGE][PASSED] - Alt menü Giden Kutusu başlığı altındaki İrsaliyeler seçilir

2021-10-14 17:35:24 - [TEST_STEP][PASSED] - Filtrelerden Oluşturma Tarihi filtresine 01.01.2020 baslangic degerini yaz: Filtrelerden Oluşturma Tarihi filtresine 01.01.2020 baslangic degerini yaz

2021-10-14 17:35:24 - [MESSAGE][PASSED] - Filtrelerden Oluşturma Tarihi filtresine 01.01.2020 baslangic degerini yaz

2021-10-14 17:35:24 - [TEST_STEP][PASSED] - Filtrelerden Oluşturma Tarihi filtresine 31.12.2020 bitis degerini yaz: Filtrelerden Oluşturma Tarihi filtresine 31.12.2020 bitis degerini yaz

2021-10-14 17:35:24 - [MESSAGE][PASSED] - Filtrelerden Oluşturma Tarihi filtresine 31.12.2020 bitis degerini yaz

2021-10-14 17:35:24 - [TEST_STEP][PASSED] - Filtrelerden Alıcı Ünvanı filtresine TEST textini yaz: Filtrelerden Alıcı Ünvanı filtresine TEST textini yaz

2021-10-14 17:35:24 - [MESSAGE][PASSED] - Filtrelerden Alıcı Ünvanı filtresine TEST textini yaz

2021-10-14 17:35:24 - [TEST_STEP][PASSED] - Filtre butonlarından Listele seçilir: Filtre butonlarından Listele seçilir

2021-10-14 17:35:24 - [MESSAGE][PASSED] - Filtre butonlarından Listele seçilir

2021-10-14 17:35:24 - [TEST_STEP][PASSED] - Tabloda veri var mı kontrol edilir: Tabloda veri var mı kontrol edilir

2021-10-14 17:35:24 - [MESSAGE][PASSED] - Tabloda veri var mı kontrol edilir

2021-10-14 17:35:24 - [TEST_STEP][PASSED] - Tablodan TEST isimli veri seçilir: Tablodan TEST isimli veri seçilir

2021-10-14 17:35:24 - [MESSAGE][PASSED] - Tablodan TEST isimli veri seçilir

2021-10-14 17:35:24 - [TEST_STEP][PASSED] - Butonlardan Excel isimli butona tıklanır: Butonlardan Excel isimli butona tıklanır

2021-10-14 17:35:24 - [MESSAGE][PASSED] - Butonlardan Excel isimli butona tıklanır

2021-10-14 17:35:24 - [TEST_STEP][PASSED] - Alt butonlardan Excel'e Aktar butonuna tıklanır: Alt butonlardan Excel'e Aktar butonuna tıklanır

2021-10-14 17:35:24 - [MESSAGE][PASSED] - Alt butonlardan Excel'e Aktar butonuna tıklanır

2021-10-14 17:35:24 - [TEST_STEP][PASSED] - Popup mesajı Lütfen rapor bildiriminin gönderileceği e-posta adresini belirtiniz. içeriyor mu: Popup mesajı Lütfen rapor bildiriminin gönderileceği e-posta adresini belirtiniz. içeriyor mu

2021-10-14 17:35:24 - [MESSAGE][PASSED] - Popup mesajı Lütfen rapor bildiriminin gönderileceği e-posta adresini belirtiniz. içeriyor mu

2021-10-14 17:35:24 - [TEST_STEP][PASSED] - Yönetim popupında Gönder seçilir: Yönetim popupında Gönder seçilir

2021-10-14 17:35:24 - [MESSAGE][PASSED] - Yönetim popupında Gönder seçilir

2021-10-14 17:35:24 - [TEST_STEP][PASSED] - Popup mesajı Toplu Veri İndirme içeriyor mu: Popup mesajı Toplu Veri İndirme içeriyor mu

2021-10-14 17:35:24 - [MESSAGE][PASSED] - Popup mesajı Toplu Veri İndirme içeriyor mu

2021-10-14 17:35:24 - [TEST_STEP][PASSED] - Yönetim popupında Tamam seçilir: Yönetim popupında Tamam seçilir

2021-10-14 17:35:24 - [MESSAGE][PASSED] - Yönetim popupında Tamam seçilir

2021-10-14 17:35:24 - [TEST_STEP][PASSED] - Butonlardan Excel isimli butona tıklanır: Butonlardan Excel isimli butona tıklanır

2021-10-14 17:35:24 - [MESSAGE][PASSED] - Butonlardan Excel isimli butona tıklanır

2021-10-14 17:35:24 - [TEST_STEP][PASSED] - Alt butonlardan Tümünü Excel'e Aktar butonuna tıklanır: Alt butonlardan Tümünü Excel'e Aktar butonuna tıklanır

2021-10-14 17:35:24 - [MESSAGE][PASSED] - Alt butonlardan Tümünü Excel'e Aktar butonuna tıklanır

2021-10-14 17:35:24 - [TEST_STEP][PASSED] - Popup mesajı Lütfen rapor bildiriminin gönderileceği e-posta adresini belirtiniz. içeriyor mu: Popup mesajı Lütfen rapor bildiriminin gönderileceği e-posta adresini belirtiniz. içeriyor mu

2021-10-14 17:35:24 - [MESSAGE][PASSED] - Popup mesajı Lütfen rapor bildiriminin gönderileceği e-posta adresini belirtiniz. içeriyor mu

2021-10-14 17:35:24 - [TEST_STEP][PASSED] - Yönetim popupında Gönder seçilir: Yönetim popupında Gönder seçilir

2021-10-14 17:35:24 - [MESSAGE][PASSED] - Yönetim popupında Gönder seçilir

2021-10-14 17:35:24 - [TEST_STEP][PASSED] - Popup mesajı Toplu Veri İndirme içeriyor mu: Popup mesajı Toplu Veri İndirme içeriyor mu

2021-10-14 17:35:24 - [MESSAGE][PASSED] - Popup mesajı Toplu Veri İndirme içeriyor mu

2021-10-14 17:35:24 - [TEST_STEP][PASSED] - Yönetim popupında Tamam seçilir: Yönetim popupında Tamam seçilir

2021-10-14 17:35:24 - [MESSAGE][PASSED] - Yönetim popupında Tamam seçilir

2021-10-14 17:35:24 - [TEST_STEP][PASSED] - Ana menüden Raporlar seçilir: Ana menüden Raporlar seçilir

2021-10-14 17:35:24 - [MESSAGE][PASSED] - Ana menüden Raporlar seçilir

2021-10-14 17:35:24 - [TEST_STEP][PASSED] - Alt menüden Toplu Veri İndirme seçilir: Alt menüden Toplu Veri İndirme seçilir

2021-10-14 17:35:24 - [MESSAGE][PASSED] - Alt menüden Toplu Veri İndirme seçilir

2021-10-14 17:35:24 - [TEST_STEP][PASSED] - Filtrelerden Talep No filtresine Rapor No bilgisi yaz: Filtrelerden Talep No filtresine Rapor No bilgisi yaz

2021-10-14 17:35:24 - [MESSAGE][PASSED] - Filtrelerden Talep No filtresine Rapor No bilgisi yaz

2021-10-14 17:35:24 - [TEST_STEP][PASSED] - Filtre butonlarından Listele seçilir: Filtre butonlarından Listele seçilir

2021-10-14 17:35:24 - [MESSAGE][PASSED] - Filtre butonlarından Listele seçilir

2021-10-14 17:35:24 - [TEST_STEP][PASSED] - Tabloda veri var mı kontrol edilir: Tabloda veri var mı kontrol edilir

2021-10-14 17:35:24 - [MESSAGE][PASSED] - Tabloda veri var mı kontrol edilir

2021-10-14 17:35:24 - [TEST_STEP][PASSED] - Kullanıcı işlemlerinden Çıkış seçilir: Kullanıcı işlemlerinden Çıkış seçilir

2021-10-14 17:35:24 - [MESSAGE][PASSED] - Kullanıcı işlemlerinden Çıkış seçilir

2021-10-14 17:35:24 - [MESSAGE][PASSED] - Feature file: 'Include/features/e-Irsaliye/Giden Kutusu/Irsaliyeler/Excele Aktar.feature' was passed

2021-10-14 17:35:24 - [TEST_STEP][PASSED] - Start listener action : sampleAfterTestSuite: Invoke 'com.kms.katalon.core.annotation.AfterTestCase' method: 'Listener.sampleAfterTestSuite(...)' completed.

2021-10-14 17:35:24 - [MESSAGE][INFO] - Starting invoke 'com.kms.katalon.core.annotation.AfterTestCase' method: 'Listener.sampleAfterTestSuite(...)'

2021-10-14 17:35:24 - [TEST_STEP][PASSED] - closeBrowser(): Invoke 'com.kms.katalon.core.annotation.AfterTestCase' method: 'Listener.sampleAfterTestSuite(...)' completed.

2021-10-14 17:35:24 - [MESSAGE][INFO] - Closing browser

2021-10-14 17:35:25 - [MESSAGE][PASSED] - Browser is closed

2021-10-14 17:35:25 - [MESSAGE][INFO] - Invoke 'com.kms.katalon.core.annotation.AfterTestCase' method: 'Listener.sampleAfterTestSuite(...)' completed.]]></system-out>
         <system-err><![CDATA[]]></system-err>
      </testcase>
      <testcase name="Test Cases/Case Repository/e-Irsaliye/Giden Kutusu/Irsaliyeler/Toplu Indirme" time="63.95" classname="Test Cases/Case Repository/e-Irsaliye/Giden Kutusu/Irsaliyeler/Toplu Indirme" status="PASSED">
         <system-out><![CDATA[2021-10-14 17:35:25 - [TEST_CASE][PASSED] - Test Cases/Case Repository/e-Irsaliye/Giden Kutusu/Irsaliyeler/Toplu Indirme: Test Cases/Case Repository/e-Irsaliye/Giden Kutusu/Irsaliyeler/Toplu Indirme

2021-10-14 17:35:25 - [TEST_STEP][PASSED] - Start listener action : sampleBeforeTestSuite: Invoke 'com.kms.katalon.core.annotation.BeforeTestCase' method: 'Listener.sampleBeforeTestSuite(...)' completed.

2021-10-14 17:35:25 - [MESSAGE][INFO] - Starting invoke 'com.kms.katalon.core.annotation.BeforeTestCase' method: 'Listener.sampleBeforeTestSuite(...)'

2021-10-14 17:35:25 - [TEST_STEP][PASSED] - openBrowser(baseUrl): Browser is opened with url: 'https://efatura-stage.elogo.com.tr/'

2021-10-14 17:35:25 - [MESSAGE][INFO] - Opening browser

2021-10-14 17:35:25 - [MESSAGE][INFO] - Starting 'Chrome' driver

2021-10-14 17:35:25 - [MESSAGE][INFO] - User set preference: ['prefs', '{download.default_directory=C:\otomasyondownfiles}']

2021-10-14 17:35:25 - [MESSAGE][INFO] - Action delay is set to 0 milliseconds

2021-10-14 17:35:27 - [MESSAGE][INFO] - Navigating browser to: 'https://efatura-stage.elogo.com.tr/'

2021-10-14 17:35:30 - [MESSAGE][PASSED] - Browser is opened with url: 'https://efatura-stage.elogo.com.tr/'

2021-10-14 17:35:30 - [TEST_STEP][PASSED] - maximizeWindow(): Invoke 'com.kms.katalon.core.annotation.BeforeTestCase' method: 'Listener.sampleBeforeTestSuite(...)' completed.

2021-10-14 17:35:30 - [MESSAGE][INFO] - Maximizing current window

2021-10-14 17:35:30 - [MESSAGE][PASSED] - Current window maximized

2021-10-14 17:35:30 - [MESSAGE][INFO] - Invoke 'com.kms.katalon.core.annotation.BeforeTestCase' method: 'Listener.sampleBeforeTestSuite(...)' completed.

2021-10-14 17:35:30 - [TEST_STEP][PASSED] - runFeatureFile("Include/features/e-Irsaliye/Giden Kutusu/Irsaliyeler/Toplu Indirme.feature"): Feature file: 'Include/features/e-Irsaliye/Giden Kutusu/Irsaliyeler/Toplu Indirme.feature' was passed

2021-10-14 17:35:30 - [MESSAGE][INFO] - Starting run keyword runFeatureFile: 'Include/features/e-Irsaliye/Giden Kutusu/Irsaliyeler/Toplu Indirme.feature' and extract report to folder: 'C:\Users\DELL\Downloads\EES_Katalon-main\Reports\20211014_170112\Suite Repository\ExceleAktarVeTopluIndirme\20211014_170125/cucumber_report/1634222130785'...

2021-10-14 17:35:30 - [MESSAGE][INFO] - Glue: []

2021-10-14 17:35:31 - [MESSAGE][INFO] - Checking called Test Case

2021-10-14 17:35:31 - [MESSAGE][INFO] - Starting to call Test Case 'Test Cases/Sayfalar/Giris_Sayfasi/Login'

2021-10-14 17:35:31 - [TEST_CASE][PASSED] - Test Cases/Sayfalar/Giris_Sayfasi/Login: Test Cases/Sayfalar/Giris_Sayfasi/Login

2021-10-14 17:35:31 - [TEST_STEP][PASSED] - Sayfa_Basligi = getWindowTitle(): Current window's title is: 'LOGO e-Fatura'

2021-10-14 17:35:31 - [MESSAGE][INFO] - Getting current window's title

2021-10-14 17:35:31 - [MESSAGE][PASSED] - Current window's title is: 'LOGO e-Fatura'

2021-10-14 17:35:31 - [TEST_STEP][PASSED] - verifyMatch(Sayfa_Basligi, "LOGO e-Fatura", false): Actual text 'LOGO e-Fatura' and expected text 'LOGO e-Fatura' are matched 

2021-10-14 17:35:31 - [MESSAGE][INFO] - Matching actual text 'LOGO e-Fatura' with expected text 'LOGO e-Fatura'

2021-10-14 17:35:31 - [MESSAGE][PASSED] - Actual text 'LOGO e-Fatura' and expected text 'LOGO e-Fatura' are matched 

2021-10-14 17:35:31 - [TEST_STEP][PASSED] - sendKeys(findTestObject("Sayfalar/Giris_Sayfasi/Firma_Kodu"), KullaniciAdi): Keys 'ELOGO6' sent to object: 'Object Repository/Sayfalar/Giris_Sayfasi/Firma_Kodu'

2021-10-14 17:35:31 - [MESSAGE][INFO] - Finding Test Object 'Object Repository/Sayfalar/Giris_Sayfasi/Firma_Kodu'

2021-10-14 17:35:31 - [MESSAGE][INFO] - Sending keys 'ELOGO6' to object: 'Object Repository/Sayfalar/Giris_Sayfasi/Firma_Kodu'

2021-10-14 17:35:31 - [MESSAGE][INFO] - Finding web element from Test Object's properties

2021-10-14 17:35:31 - [MESSAGE][INFO] - Checking timeout

2021-10-14 17:35:31 - [MESSAGE][INFO] - Finding web element with id: 'Object Repository/Sayfalar/Giris_Sayfasi/Firma_Kodu' located by 'By.xpath: //*[@id = 'AccountName']' in '30' second(s)

2021-10-14 17:35:31 - [MESSAGE][INFO] - Smart Wait Function is triggered

2021-10-14 17:35:32 - [MESSAGE][INFO] - Found 1 web elements with id: 'Object Repository/Sayfalar/Giris_Sayfasi/Firma_Kodu' located by 'By.xpath: //*[@id = 'AccountName']' in '30' second(s)

2021-10-14 17:35:32 - [MESSAGE][PASSED] - Keys 'ELOGO6' sent to object: 'Object Repository/Sayfalar/Giris_Sayfasi/Firma_Kodu'

2021-10-14 17:35:32 - [TEST_STEP][PASSED] - sendKeys(findTestObject("Sayfalar/Giris_Sayfasi/Sifre"), Sifre): Keys '123456' sent to object: 'Object Repository/Sayfalar/Giris_Sayfasi/Sifre'

2021-10-14 17:35:32 - [MESSAGE][INFO] - Finding Test Object 'Object Repository/Sayfalar/Giris_Sayfasi/Sifre'

2021-10-14 17:35:32 - [MESSAGE][INFO] - Sending keys '123456' to object: 'Object Repository/Sayfalar/Giris_Sayfasi/Sifre'

2021-10-14 17:35:32 - [MESSAGE][INFO] - Finding web element from Test Object's properties

2021-10-14 17:35:32 - [MESSAGE][INFO] - Checking timeout

2021-10-14 17:35:32 - [MESSAGE][INFO] - Finding web element with id: 'Object Repository/Sayfalar/Giris_Sayfasi/Sifre' located by 'By.xpath: //*[@id = 'Password']' in '30' second(s)

2021-10-14 17:35:32 - [MESSAGE][INFO] - Smart Wait Function is triggered

2021-10-14 17:35:32 - [MESSAGE][INFO] - Found 1 web elements with id: 'Object Repository/Sayfalar/Giris_Sayfasi/Sifre' located by 'By.xpath: //*[@id = 'Password']' in '30' second(s)

2021-10-14 17:35:32 - [MESSAGE][PASSED] - Keys '123456' sent to object: 'Object Repository/Sayfalar/Giris_Sayfasi/Sifre'

2021-10-14 17:35:32 - [TEST_STEP][PASSED] - findWebElement(findTestObject("Sayfalar/Giris_Sayfasi/Giris_Butonu")).click(): Found 1 web elements with id: 'Object Repository/Sayfalar/Giris_Sayfasi/Giris_Butonu' located by 'By.cssSelector: #btnLogin' in '30' second(s)

2021-10-14 17:35:32 - [MESSAGE][INFO] - Finding Test Object 'Object Repository/Sayfalar/Giris_Sayfasi/Giris_Butonu'

2021-10-14 17:35:32 - [MESSAGE][INFO] - Finding web element from Test Object's properties

2021-10-14 17:35:32 - [MESSAGE][INFO] - Checking timeout

2021-10-14 17:35:32 - [MESSAGE][INFO] - Finding web element with id: 'Object Repository/Sayfalar/Giris_Sayfasi/Giris_Butonu' located by 'By.cssSelector: #btnLogin' in '30' second(s)

2021-10-14 17:35:32 - [MESSAGE][INFO] - Smart Wait Function is triggered

2021-10-14 17:35:33 - [MESSAGE][INFO] - Found 1 web elements with id: 'Object Repository/Sayfalar/Giris_Sayfasi/Giris_Butonu' located by 'By.cssSelector: #btnLogin' in '30' second(s)

2021-10-14 17:35:36 - [TEST_STEP][PASSED] - if (verifyElementPresent(findTestObject("Object Repository/Sayfalar/Giris_Sayfasi/RetveTamam_Butonu"), 5, OPTIONAL)): null

2021-10-14 17:35:36 - [MESSAGE][INFO] - Finding Test Object 'Object Repository/Sayfalar/Giris_Sayfasi/RetveTamam_Butonu'

2021-10-14 17:35:36 - [MESSAGE][INFO] - Checking object

2021-10-14 17:35:36 - [MESSAGE][INFO] - Finding web element from Test Object's properties

2021-10-14 17:35:36 - [MESSAGE][INFO] - Checking timeout

2021-10-14 17:35:36 - [MESSAGE][INFO] - Finding web element with id: 'Object Repository/Sayfalar/Giris_Sayfasi/RetveTamam_Butonu' located by 'By.xpath: //*[@class = 'btn btn-default']' in '5' second(s)

2021-10-14 17:35:36 - [MESSAGE][INFO] - Smart Wait Function is triggered

2021-10-14 17:35:36 - [MESSAGE][INFO] - Found 1 web elements with id: 'Object Repository/Sayfalar/Giris_Sayfasi/RetveTamam_Butonu' located by 'By.xpath: //*[@class = 'btn btn-default']' in '5' second(s)

2021-10-14 17:35:36 - [MESSAGE][PASSED] - Object 'Object Repository/Sayfalar/Giris_Sayfasi/RetveTamam_Butonu' is present

2021-10-14 17:35:36 - [TEST_STEP][PASSED] - click(findTestObject("Object Repository/Sayfalar/Giris_Sayfasi/RetveTamam_Butonu")): Object: 'Object Repository/Sayfalar/Giris_Sayfasi/RetveTamam_Butonu' is clicked on

2021-10-14 17:35:36 - [MESSAGE][INFO] - Finding Test Object 'Object Repository/Sayfalar/Giris_Sayfasi/RetveTamam_Butonu'

2021-10-14 17:35:36 - [MESSAGE][INFO] - Checking object

2021-10-14 17:35:36 - [MESSAGE][INFO] - Finding web element from Test Object's properties

2021-10-14 17:35:36 - [MESSAGE][INFO] - Checking timeout

2021-10-14 17:35:36 - [MESSAGE][INFO] - Finding web element with id: 'Object Repository/Sayfalar/Giris_Sayfasi/RetveTamam_Butonu' located by 'By.xpath: //*[@class = 'btn btn-default']' in '30' second(s)

2021-10-14 17:35:36 - [MESSAGE][INFO] - Smart Wait Function is triggered

2021-10-14 17:35:37 - [MESSAGE][INFO] - Found 1 web elements with id: 'Object Repository/Sayfalar/Giris_Sayfasi/RetveTamam_Butonu' located by 'By.xpath: //*[@class = 'btn btn-default']' in '30' second(s)

2021-10-14 17:35:37 - [MESSAGE][INFO] - Clicking on object: 'Object Repository/Sayfalar/Giris_Sayfasi/RetveTamam_Butonu'

2021-10-14 17:35:37 - [MESSAGE][PASSED] - Object: 'Object Repository/Sayfalar/Giris_Sayfasi/RetveTamam_Butonu' is clicked on

2021-10-14 17:35:37 - [TEST_STEP][PASSED] - click(findTestObject("Object Repository/Sayfalar/Giris_Sayfasi/RetveTamam_Butonu")): Object: 'Object Repository/Sayfalar/Giris_Sayfasi/RetveTamam_Butonu' is clicked on

2021-10-14 17:35:37 - [MESSAGE][INFO] - Finding Test Object 'Object Repository/Sayfalar/Giris_Sayfasi/RetveTamam_Butonu'

2021-10-14 17:35:37 - [MESSAGE][INFO] - Checking object

2021-10-14 17:35:37 - [MESSAGE][INFO] - Finding web element from Test Object's properties

2021-10-14 17:35:37 - [MESSAGE][INFO] - Checking timeout

2021-10-14 17:35:37 - [MESSAGE][INFO] - Finding web element with id: 'Object Repository/Sayfalar/Giris_Sayfasi/RetveTamam_Butonu' located by 'By.xpath: //*[@class = 'btn btn-default']' in '30' second(s)

2021-10-14 17:35:37 - [MESSAGE][INFO] - Smart Wait Function is triggered

2021-10-14 17:35:39 - [MESSAGE][INFO] - Found 1 web elements with id: 'Object Repository/Sayfalar/Giris_Sayfasi/RetveTamam_Butonu' located by 'By.xpath: //*[@class = 'btn btn-default']' in '30' second(s)

2021-10-14 17:35:39 - [MESSAGE][INFO] - Clicking on object: 'Object Repository/Sayfalar/Giris_Sayfasi/RetveTamam_Butonu'

2021-10-14 17:35:39 - [MESSAGE][PASSED] - Object: 'Object Repository/Sayfalar/Giris_Sayfasi/RetveTamam_Butonu' is clicked on

2021-10-14 17:35:39 - [TEST_STEP][PASSED] - if (verifyElementPresent(findTestObject("Sayfalar/Giris_Sayfasi/PopupOK"), 5, OPTIONAL)): null

2021-10-14 17:35:39 - [MESSAGE][INFO] - Finding Test Object 'Object Repository/Sayfalar/Giris_Sayfasi/PopupOK'

2021-10-14 17:35:39 - [MESSAGE][INFO] - Checking object

2021-10-14 17:35:39 - [MESSAGE][INFO] - Finding web element from Test Object's properties

2021-10-14 17:35:39 - [MESSAGE][INFO] - Checking timeout

2021-10-14 17:35:39 - [MESSAGE][INFO] - Finding web element with id: 'Object Repository/Sayfalar/Giris_Sayfasi/PopupOK' located by 'By.cssSelector: .btn.btn-success' in '5' second(s)

2021-10-14 17:35:39 - [MESSAGE][INFO] - Smart Wait Function is triggered

2021-10-14 17:35:40 - [MESSAGE][INFO] - Found 1 web elements with id: 'Object Repository/Sayfalar/Giris_Sayfasi/PopupOK' located by 'By.cssSelector: .btn.btn-success' in '5' second(s)

2021-10-14 17:35:40 - [MESSAGE][PASSED] - Object 'Object Repository/Sayfalar/Giris_Sayfasi/PopupOK' is present

2021-10-14 17:35:40 - [TEST_STEP][PASSED] - click(findTestObject("Object Repository/Sayfalar/Giris_Sayfasi/PopupCarpiGiris")): Object: 'Object Repository/Sayfalar/Giris_Sayfasi/PopupCarpiGiris' is clicked on

2021-10-14 17:35:40 - [MESSAGE][INFO] - Finding Test Object 'Object Repository/Sayfalar/Giris_Sayfasi/PopupCarpiGiris'

2021-10-14 17:35:40 - [MESSAGE][INFO] - Checking object

2021-10-14 17:35:40 - [MESSAGE][INFO] - Finding web element from Test Object's properties

2021-10-14 17:35:40 - [MESSAGE][INFO] - Checking timeout

2021-10-14 17:35:40 - [MESSAGE][INFO] - Finding web element with id: 'Object Repository/Sayfalar/Giris_Sayfasi/PopupCarpiGiris' located by 'By.cssSelector: .bootbox-close-button.close' in '30' second(s)

2021-10-14 17:35:40 - [MESSAGE][INFO] - Smart Wait Function is triggered

2021-10-14 17:35:40 - [MESSAGE][INFO] - Found 1 web elements with id: 'Object Repository/Sayfalar/Giris_Sayfasi/PopupCarpiGiris' located by 'By.cssSelector: .bootbox-close-button.close' in '30' second(s)

2021-10-14 17:35:40 - [MESSAGE][INFO] - Clicking on object: 'Object Repository/Sayfalar/Giris_Sayfasi/PopupCarpiGiris'

2021-10-14 17:35:40 - [MESSAGE][PASSED] - Object: 'Object Repository/Sayfalar/Giris_Sayfasi/PopupCarpiGiris' is clicked on

2021-10-14 17:35:40 - [TEST_STEP][PASSED] - verifyElementVisible(findTestObject("Object Repository/Kullanici_Islemleri/KullaniciIslemleri")): Object 'Object Repository/Kullanici_Islemleri/KullaniciIslemleri' is visible

2021-10-14 17:35:40 - [MESSAGE][INFO] - Finding Test Object 'Object Repository/Kullanici_Islemleri/KullaniciIslemleri'

2021-10-14 17:35:40 - [MESSAGE][INFO] - Checking object

2021-10-14 17:35:40 - [MESSAGE][INFO] - Finding web element from Test Object's properties

2021-10-14 17:35:40 - [MESSAGE][INFO] - Checking timeout

2021-10-14 17:35:40 - [MESSAGE][INFO] - Finding web element with id: 'Object Repository/Kullanici_Islemleri/KullaniciIslemleri' located by 'By.cssSelector: .dropdown>a>img' in '30' second(s)

2021-10-14 17:35:40 - [MESSAGE][INFO] - Smart Wait Function is triggered

2021-10-14 17:35:41 - [MESSAGE][INFO] - Found 1 web elements with id: 'Object Repository/Kullanici_Islemleri/KullaniciIslemleri' located by 'By.cssSelector: .dropdown>a>img' in '30' second(s)

2021-10-14 17:35:41 - [MESSAGE][PASSED] - Object 'Object Repository/Kullanici_Islemleri/KullaniciIslemleri' is visible

2021-10-14 17:35:41 - [MESSAGE][PASSED] - Call Test Case 'Test Cases/Sayfalar/Giris_Sayfasi/Login' successfully

2021-10-14 17:35:41 - [MESSAGE][INFO] - Checking called Test Case

2021-10-14 17:35:41 - [MESSAGE][INFO] - Starting to call Test Case 'Test Cases/Menu/AnaMenuSecimi'

2021-10-14 17:35:41 - [TEST_CASE][PASSED] - Test Cases/Menu/AnaMenuSecimi: Test Cases/Menu/AnaMenuSecimi

2021-10-14 17:35:41 - [TEST_STEP][PASSED] - Method.TextDegerineEsitElementeTikla(findTestObject("Menu/Ana_Menu"), Ana_Menu): Method.TextDegerineEsitElementeTikla is PASSED

2021-10-14 17:35:41 - [MESSAGE][INFO] - Finding Test Object 'Object Repository/Menu/Ana_Menu'

2021-10-14 17:35:41 - [MESSAGE][INFO] - Checking timeout

2021-10-14 17:35:41 - [MESSAGE][INFO] - Finding web element with id: 'Object Repository/Menu/Ana_Menu' located by 'By.xpath: //*[@class = 'dropdown-toggle']' in '10' second(s)

2021-10-14 17:35:41 - [MESSAGE][INFO] - Smart Wait Function is triggered

2021-10-14 17:35:41 - [MESSAGE][INFO] - Found 14 web elements with id: 'Object Repository/Menu/Ana_Menu' located by 'By.xpath: //*[@class = 'dropdown-toggle']' in '10' second(s)

2021-10-14 17:35:41 - [MESSAGE][PASSED] - Method.TextDegerineEsitElementeTikla is PASSED

2021-10-14 17:35:41 - [MESSAGE][PASSED] - Call Test Case 'Test Cases/Menu/AnaMenuSecimi' successfully

2021-10-14 17:35:41 - [MESSAGE][INFO] - Checking called Test Case

2021-10-14 17:35:41 - [MESSAGE][INFO] - Starting to call Test Case 'Test Cases/Menu/BasligaGoreAltMenuSecimi'

2021-10-14 17:35:41 - [TEST_CASE][PASSED] - Test Cases/Menu/BasligaGoreAltMenuSecimi: Test Cases/Menu/BasligaGoreAltMenuSecimi

2021-10-14 17:35:41 - [TEST_STEP][PASSED] - Method.TextDegerineEsitElementinAltindakiTextDegerineEsitOlanaTikla(findTestObject("Menu/Menu_Basligi"), findTestObject("Menu/Basliga_Gore_Alt_Menu"), Baslik, Alt_Menu): Method.TextDegerineEsitElementinAltindakiTextDegerineEsitOlanaTikla is PASSED

2021-10-14 17:35:41 - [MESSAGE][INFO] - Finding Test Object 'Object Repository/Menu/Menu_Basligi'

2021-10-14 17:35:42 - [MESSAGE][INFO] - Finding Test Object 'Object Repository/Menu/Basliga_Gore_Alt_Menu'

2021-10-14 17:35:42 - [MESSAGE][INFO] - Checking timeout

2021-10-14 17:35:42 - [MESSAGE][INFO] - Finding web element with id: 'Object Repository/Menu/Menu_Basligi' located by 'By.xpath: //li[@class='dropdown dropdown-large open']//li[@class='dropdown-header']' in '10' second(s)

2021-10-14 17:35:42 - [MESSAGE][INFO] - Smart Wait Function is triggered

2021-10-14 17:35:42 - [MESSAGE][INFO] - Found 3 web elements with id: 'Object Repository/Menu/Menu_Basligi' located by 'By.xpath: //li[@class='dropdown dropdown-large open']//li[@class='dropdown-header']' in '10' second(s)

2021-10-14 17:35:42 - [MESSAGE][INFO] - Smart Wait Function is triggered

2021-10-14 17:35:44 - [MESSAGE][PASSED] - Method.TextDegerineEsitElementinAltindakiTextDegerineEsitOlanaTikla is PASSED

2021-10-14 17:35:44 - [MESSAGE][PASSED] - Call Test Case 'Test Cases/Menu/BasligaGoreAltMenuSecimi' successfully

2021-10-14 17:35:44 - [MESSAGE][INFO] - Checking called Test Case

2021-10-14 17:35:44 - [MESSAGE][INFO] - Starting to call Test Case 'Test Cases/Filtreler/BaslangicYaz'

2021-10-14 17:35:44 - [TEST_CASE][PASSED] - Test Cases/Filtreler/BaslangicYaz: Test Cases/Filtreler/BaslangicYaz

2021-10-14 17:35:44 - [TEST_STEP][PASSED] - Method.TextDegerineEsitElementinAltindakineTikla(findTestObject("Filtreler/Basliklar"), findTestObject("Filtreler/Basliga_Gore_Baslangic_Image"), Filtre_Adi): Method.TextDegerineEsitElementinAltindakineTikla is PASSED

2021-10-14 17:35:44 - [MESSAGE][INFO] - Finding Test Object 'Object Repository/Filtreler/Basliklar'

2021-10-14 17:35:44 - [MESSAGE][INFO] - Finding Test Object 'Object Repository/Filtreler/Basliga_Gore_Baslangic_Image'

2021-10-14 17:35:44 - [MESSAGE][INFO] - Checking timeout

2021-10-14 17:35:44 - [MESSAGE][INFO] - Finding web element with id: 'Object Repository/Filtreler/Basliklar' located by 'By.cssSelector: .control-label.col-sm-4.paddingMarginRLC' in '10' second(s)

2021-10-14 17:35:44 - [MESSAGE][INFO] - Smart Wait Function is triggered

2021-10-14 17:35:45 - [MESSAGE][INFO] - Found 18 web elements with id: 'Object Repository/Filtreler/Basliklar' located by 'By.cssSelector: .control-label.col-sm-4.paddingMarginRLC' in '10' second(s)

2021-10-14 17:35:45 - [MESSAGE][INFO] - Smart Wait Function is triggered

2021-10-14 17:35:45 - [MESSAGE][PASSED] - Method.TextDegerineEsitElementinAltindakineTikla is PASSED

2021-10-14 17:35:45 - [TEST_STEP][PASSED] - Method.TextDegerineEsitElementinAltindakiTextboxtaYaz(findTestObject("Filtreler/Basliklar"), findTestObject("Filtreler/Basliga_Gore_Baslangic"), Filtre_Adi, Filtre_Degeri): Method.TextDegerineEsitElementinAltindakiTextboxtaYaz is PASSED

2021-10-14 17:35:45 - [MESSAGE][INFO] - Finding Test Object 'Object Repository/Filtreler/Basliklar'

2021-10-14 17:35:45 - [MESSAGE][INFO] - Finding Test Object 'Object Repository/Filtreler/Basliga_Gore_Baslangic'

2021-10-14 17:35:45 - [MESSAGE][INFO] - Checking timeout

2021-10-14 17:35:45 - [MESSAGE][INFO] - Finding web element with id: 'Object Repository/Filtreler/Basliklar' located by 'By.cssSelector: .control-label.col-sm-4.paddingMarginRLC' in '10' second(s)

2021-10-14 17:35:45 - [MESSAGE][INFO] - Smart Wait Function is triggered

2021-10-14 17:35:46 - [MESSAGE][INFO] - Found 18 web elements with id: 'Object Repository/Filtreler/Basliklar' located by 'By.cssSelector: .control-label.col-sm-4.paddingMarginRLC' in '10' second(s)

2021-10-14 17:35:46 - [MESSAGE][INFO] - Smart Wait Function is triggered

2021-10-14 17:35:46 - [MESSAGE][PASSED] - Method.TextDegerineEsitElementinAltindakiTextboxtaYaz is PASSED

2021-10-14 17:35:46 - [MESSAGE][PASSED] - Call Test Case 'Test Cases/Filtreler/BaslangicYaz' successfully

2021-10-14 17:35:46 - [MESSAGE][INFO] - Checking called Test Case

2021-10-14 17:35:46 - [MESSAGE][INFO] - Starting to call Test Case 'Test Cases/Filtreler/BitisYaz'

2021-10-14 17:35:46 - [TEST_CASE][PASSED] - Test Cases/Filtreler/BitisYaz: Test Cases/Filtreler/BitisYaz

2021-10-14 17:35:46 - [TEST_STEP][PASSED] - Method.TextDegerineEsitElementinAltindakineTikla(findTestObject("Filtreler/Basliklar"), findTestObject("Filtreler/Basliga_Gore_Bitis_Image"), Filtre_Adi): Method.TextDegerineEsitElementinAltindakineTikla is PASSED

2021-10-14 17:35:46 - [MESSAGE][INFO] - Finding Test Object 'Object Repository/Filtreler/Basliklar'

2021-10-14 17:35:46 - [MESSAGE][INFO] - Finding Test Object 'Object Repository/Filtreler/Basliga_Gore_Bitis_Image'

2021-10-14 17:35:46 - [MESSAGE][INFO] - Checking timeout

2021-10-14 17:35:46 - [MESSAGE][INFO] - Finding web element with id: 'Object Repository/Filtreler/Basliklar' located by 'By.cssSelector: .control-label.col-sm-4.paddingMarginRLC' in '10' second(s)

2021-10-14 17:35:46 - [MESSAGE][INFO] - Smart Wait Function is triggered

2021-10-14 17:35:47 - [MESSAGE][INFO] - Found 18 web elements with id: 'Object Repository/Filtreler/Basliklar' located by 'By.cssSelector: .control-label.col-sm-4.paddingMarginRLC' in '10' second(s)

2021-10-14 17:35:47 - [MESSAGE][INFO] - Smart Wait Function is triggered

2021-10-14 17:35:47 - [MESSAGE][PASSED] - Method.TextDegerineEsitElementinAltindakineTikla is PASSED

2021-10-14 17:35:47 - [TEST_STEP][PASSED] - Method.TextDegerineEsitElementinAltindakiTextboxtaYaz(findTestObject("Filtreler/Basliklar"), findTestObject("Object Repository/Filtreler/Basliga_Gore_Bitis"), Filtre_Adi, Filtre_Degeri): Method.TextDegerineEsitElementinAltindakiTextboxtaYaz is PASSED

2021-10-14 17:35:47 - [MESSAGE][INFO] - Finding Test Object 'Object Repository/Filtreler/Basliklar'

2021-10-14 17:35:47 - [MESSAGE][INFO] - Finding Test Object 'Object Repository/Filtreler/Basliga_Gore_Bitis'

2021-10-14 17:35:47 - [MESSAGE][INFO] - Checking timeout

2021-10-14 17:35:47 - [MESSAGE][INFO] - Finding web element with id: 'Object Repository/Filtreler/Basliklar' located by 'By.cssSelector: .control-label.col-sm-4.paddingMarginRLC' in '10' second(s)

2021-10-14 17:35:47 - [MESSAGE][INFO] - Smart Wait Function is triggered

2021-10-14 17:35:48 - [MESSAGE][INFO] - Found 18 web elements with id: 'Object Repository/Filtreler/Basliklar' located by 'By.cssSelector: .control-label.col-sm-4.paddingMarginRLC' in '10' second(s)

2021-10-14 17:35:48 - [MESSAGE][INFO] - Smart Wait Function is triggered

2021-10-14 17:35:48 - [MESSAGE][PASSED] - Method.TextDegerineEsitElementinAltindakiTextboxtaYaz is PASSED

2021-10-14 17:35:48 - [MESSAGE][PASSED] - Call Test Case 'Test Cases/Filtreler/BitisYaz' successfully

2021-10-14 17:35:48 - [MESSAGE][INFO] - Checking called Test Case

2021-10-14 17:35:48 - [MESSAGE][INFO] - Starting to call Test Case 'Test Cases/Filtreler/TexboxaYaz'

2021-10-14 17:35:48 - [TEST_CASE][PASSED] - Test Cases/Filtreler/TexboxaYaz: Test Cases/Filtreler/TexboxaYaz

2021-10-14 17:35:48 - [TEST_STEP][PASSED] - Method.TextDegerineEsitElementinAltindakiTextboxtaYaz(findTestObject("Filtreler/Basliklar"), findTestObject("Filtreler/Basliga_Gore_Textbox"), Filtre_Adi, Filtre_Degeri): Method.TextDegerineEsitElementinAltindakiTextboxtaYaz is PASSED

2021-10-14 17:35:48 - [MESSAGE][INFO] - Finding Test Object 'Object Repository/Filtreler/Basliklar'

2021-10-14 17:35:48 - [MESSAGE][INFO] - Finding Test Object 'Object Repository/Filtreler/Basliga_Gore_Textbox'

2021-10-14 17:35:49 - [MESSAGE][INFO] - Checking timeout

2021-10-14 17:35:49 - [MESSAGE][INFO] - Finding web element with id: 'Object Repository/Filtreler/Basliklar' located by 'By.cssSelector: .control-label.col-sm-4.paddingMarginRLC' in '10' second(s)

2021-10-14 17:35:49 - [MESSAGE][INFO] - Smart Wait Function is triggered

2021-10-14 17:35:49 - [MESSAGE][INFO] - Found 18 web elements with id: 'Object Repository/Filtreler/Basliklar' located by 'By.cssSelector: .control-label.col-sm-4.paddingMarginRLC' in '10' second(s)

2021-10-14 17:35:49 - [MESSAGE][INFO] - Smart Wait Function is triggered

2021-10-14 17:35:49 - [MESSAGE][PASSED] - Method.TextDegerineEsitElementinAltindakiTextboxtaYaz is PASSED

2021-10-14 17:35:49 - [MESSAGE][PASSED] - Call Test Case 'Test Cases/Filtreler/TexboxaYaz' successfully

2021-10-14 17:35:49 - [MESSAGE][INFO] - Checking called Test Case

2021-10-14 17:35:49 - [MESSAGE][INFO] - Starting to call Test Case 'Test Cases/Filtreler/ButonaTikla'

2021-10-14 17:35:49 - [TEST_CASE][PASSED] - Test Cases/Filtreler/ButonaTikla: Test Cases/Filtreler/ButonaTikla

2021-10-14 17:35:49 - [TEST_STEP][PASSED] - Method.TextDegerineEsitElementeTikla(findTestObject("Filtreler/Butonlar"), Filtre_Buton): Method.TextDegerineEsitElementeTikla is PASSED

2021-10-14 17:35:49 - [MESSAGE][INFO] - Finding Test Object 'Object Repository/Filtreler/Butonlar'

2021-10-14 17:35:50 - [MESSAGE][INFO] - Checking timeout

2021-10-14 17:35:50 - [MESSAGE][INFO] - Finding web element with id: 'Object Repository/Filtreler/Butonlar' located by 'By.cssSelector: .dxb>span' in '10' second(s)

2021-10-14 17:35:50 - [MESSAGE][INFO] - Smart Wait Function is triggered

2021-10-14 17:35:50 - [MESSAGE][INFO] - Found 3 web elements with id: 'Object Repository/Filtreler/Butonlar' located by 'By.cssSelector: .dxb>span' in '10' second(s)

2021-10-14 17:35:50 - [MESSAGE][PASSED] - Method.TextDegerineEsitElementeTikla is PASSED

2021-10-14 17:35:50 - [MESSAGE][PASSED] - Call Test Case 'Test Cases/Filtreler/ButonaTikla' successfully

2021-10-14 17:35:50 - [MESSAGE][INFO] - Checking called Test Case

2021-10-14 17:35:50 - [MESSAGE][INFO] - Starting to call Test Case 'Test Cases/Tablo/TablodaVeriVarMi'

2021-10-14 17:35:50 - [TEST_CASE][PASSED] - Test Cases/Tablo/TablodaVeriVarMi: Test Cases/Tablo/TablodaVeriVarMi

2021-10-14 17:35:50 - [TEST_STEP][PASSED] - verifyTextNotPresent("Görüntülenecek veri yok", true): Text 'Görüntülenecek veri yok' is not present on page using regular expression

2021-10-14 17:35:50 - [MESSAGE][INFO] - Checking text present  using regular expression

2021-10-14 17:35:50 - [MESSAGE][INFO] - Smart Wait Function is triggered

2021-10-14 17:35:51 - [MESSAGE][INFO] - Finding text 'Görüntülenecek veri yok' on page  using regular expression

2021-10-14 17:35:51 - [MESSAGE][PASSED] - Text 'Görüntülenecek veri yok' is not present on page using regular expression

2021-10-14 17:35:51 - [MESSAGE][PASSED] - Call Test Case 'Test Cases/Tablo/TablodaVeriVarMi' successfully

2021-10-14 17:35:51 - [MESSAGE][INFO] - Checking called Test Case

2021-10-14 17:35:51 - [MESSAGE][INFO] - Starting to call Test Case 'Test Cases/Tablo/TablodanVeriSec'

2021-10-14 17:35:51 - [TEST_CASE][PASSED] - Test Cases/Tablo/TablodanVeriSec: Test Cases/Tablo/TablodanVeriSec

2021-10-14 17:35:51 - [TEST_STEP][PASSED] - Method.TextDegerineEsitElementinAltindakineTikla(findTestObject("Tablo/Veriler"), findTestObject("Tablo/VerininCheckBoxi"), Veri_Adi): Method.TextDegerineEsitElementinAltindakineTikla is PASSED

2021-10-14 17:35:51 - [MESSAGE][INFO] - Finding Test Object 'Object Repository/Tablo/Veriler'

2021-10-14 17:35:51 - [MESSAGE][INFO] - Finding Test Object 'Object Repository/Tablo/VerininCheckBoxi'

2021-10-14 17:35:51 - [MESSAGE][INFO] - Checking timeout

2021-10-14 17:35:51 - [MESSAGE][INFO] - Finding web element with id: 'Object Repository/Tablo/Veriler' located by 'By.cssSelector: td.dxgv b ,td.dxgv' in '10' second(s)

2021-10-14 17:35:51 - [MESSAGE][INFO] - Smart Wait Function is triggered

2021-10-14 17:35:51 - [MESSAGE][INFO] - Found 12 web elements with id: 'Object Repository/Tablo/Veriler' located by 'By.cssSelector: td.dxgv b ,td.dxgv' in '10' second(s)

2021-10-14 17:35:51 - [MESSAGE][INFO] - Smart Wait Function is triggered

2021-10-14 17:35:52 - [MESSAGE][PASSED] - Method.TextDegerineEsitElementinAltindakineTikla is PASSED

2021-10-14 17:35:52 - [MESSAGE][PASSED] - Call Test Case 'Test Cases/Tablo/TablodanVeriSec' successfully

2021-10-14 17:35:52 - [MESSAGE][INFO] - Checking called Test Case

2021-10-14 17:35:52 - [MESSAGE][INFO] - Starting to call Test Case 'Test Cases/Butonlar/ButonaTikla'

2021-10-14 17:35:52 - [TEST_CASE][PASSED] - Test Cases/Butonlar/ButonaTikla: Test Cases/Butonlar/ButonaTikla

2021-10-14 17:35:52 - [TEST_STEP][PASSED] - Method.TextDegerineEsitElementeTiklaEquals(findTestObject("Butonlar/Butonlar"), Buton_Adi): Method.TextDegerineEsitElementeTiklaEquals is PASSED

2021-10-14 17:35:52 - [MESSAGE][INFO] - Finding Test Object 'Object Repository/Butonlar/Butonlar'

2021-10-14 17:35:52 - [MESSAGE][INFO] - Checking timeout

2021-10-14 17:35:52 - [MESSAGE][INFO] - Finding web element with id: 'Object Repository/Butonlar/Butonlar' located by 'By.cssSelector: .panel.panel-default.text-center.footerPanel .btn,.btn.btn-primary.btnControls' in '10' second(s)

2021-10-14 17:35:52 - [MESSAGE][INFO] - Smart Wait Function is triggered

2021-10-14 17:35:52 - [MESSAGE][INFO] - Found 11 web elements with id: 'Object Repository/Butonlar/Butonlar' located by 'By.cssSelector: .panel.panel-default.text-center.footerPanel .btn,.btn.btn-primary.btnControls' in '10' second(s)

2021-10-14 17:35:53 - [MESSAGE][PASSED] - Method.TextDegerineEsitElementeTiklaEquals is PASSED

2021-10-14 17:35:53 - [MESSAGE][PASSED] - Call Test Case 'Test Cases/Butonlar/ButonaTikla' successfully

2021-10-14 17:35:53 - [MESSAGE][INFO] - Checking called Test Case

2021-10-14 17:35:53 - [MESSAGE][INFO] - Starting to call Test Case 'Test Cases/Butonlar/AltButonaTikla'

2021-10-14 17:35:53 - [TEST_CASE][PASSED] - Test Cases/Butonlar/AltButonaTikla: Test Cases/Butonlar/AltButonaTikla

2021-10-14 17:35:53 - [TEST_STEP][PASSED] - Method.TextDegerineEsitElementeTikla(findTestObject("Butonlar/AltButonlar"), Alt_Buton): Method.TextDegerineEsitElementeTikla is PASSED

2021-10-14 17:35:53 - [MESSAGE][INFO] - Finding Test Object 'Object Repository/Butonlar/AltButonlar'

2021-10-14 17:35:53 - [MESSAGE][INFO] - Checking timeout

2021-10-14 17:35:53 - [MESSAGE][INFO] - Finding web element with id: 'Object Repository/Butonlar/AltButonlar' located by 'By.cssSelector: .btn-group.open li>a' in '10' second(s)

2021-10-14 17:35:53 - [MESSAGE][INFO] - Smart Wait Function is triggered

2021-10-14 17:35:53 - [MESSAGE][INFO] - Found 4 web elements with id: 'Object Repository/Butonlar/AltButonlar' located by 'By.cssSelector: .btn-group.open li>a' in '10' second(s)

2021-10-14 17:35:53 - [MESSAGE][PASSED] - Method.TextDegerineEsitElementeTikla is PASSED

2021-10-14 17:35:53 - [MESSAGE][PASSED] - Call Test Case 'Test Cases/Butonlar/AltButonaTikla' successfully

2021-10-14 17:35:53 - [MESSAGE][INFO] - Checking called Test Case

2021-10-14 17:35:53 - [MESSAGE][INFO] - Starting to call Test Case 'Test Cases/Popup/PopupMesajiIceriyorMu'

2021-10-14 17:35:53 - [TEST_CASE][PASSED] - Test Cases/Popup/PopupMesajiIceriyorMu: Test Cases/Popup/PopupMesajiIceriyorMu

2021-10-14 17:35:53 - [TEST_STEP][PASSED] - waitForElementVisible(findTestObject("Popup/Popup"), 10): Object 'Object Repository/Popup/Popup' is visible

2021-10-14 17:35:53 - [MESSAGE][INFO] - Finding Test Object 'Object Repository/Popup/Popup'

2021-10-14 17:35:53 - [MESSAGE][INFO] - Checking object

2021-10-14 17:35:53 - [MESSAGE][INFO] - Checking timeout

2021-10-14 17:35:53 - [MESSAGE][INFO] - Finding web element from Test Object's properties

2021-10-14 17:35:53 - [MESSAGE][INFO] - Checking timeout

2021-10-14 17:35:53 - [MESSAGE][INFO] - Finding web element with id: 'Object Repository/Popup/Popup' located by 'By.cssSelector: .bootbox-body' in '10' second(s)

2021-10-14 17:35:53 - [MESSAGE][INFO] - Smart Wait Function is triggered

2021-10-14 17:35:54 - [MESSAGE][INFO] - Found 1 web elements with id: 'Object Repository/Popup/Popup' located by 'By.cssSelector: .bootbox-body' in '10' second(s)

2021-10-14 17:35:54 - [MESSAGE][PASSED] - Object 'Object Repository/Popup/Popup' is visible

2021-10-14 17:35:54 - [TEST_STEP][PASSED] - if (!(getText(findTestObject("Popup/Popup")).contains(Mesaj))): Text of object 'Object Repository/Popup/Popup' is: 'Lütfen rapor bildiriminin gönderileceği e-posta adresini belirtiniz.
e-Posta Adresi'

2021-10-14 17:35:54 - [MESSAGE][INFO] - Finding Test Object 'Object Repository/Popup/Popup'

2021-10-14 17:35:54 - [MESSAGE][INFO] - Checking object

2021-10-14 17:35:54 - [MESSAGE][INFO] - Finding web element from Test Object's properties

2021-10-14 17:35:54 - [MESSAGE][INFO] - Checking timeout

2021-10-14 17:35:54 - [MESSAGE][INFO] - Finding web element with id: 'Object Repository/Popup/Popup' located by 'By.cssSelector: .bootbox-body' in '30' second(s)

2021-10-14 17:35:54 - [MESSAGE][INFO] - Smart Wait Function is triggered

2021-10-14 17:35:54 - [MESSAGE][INFO] - Found 1 web elements with id: 'Object Repository/Popup/Popup' located by 'By.cssSelector: .bootbox-body' in '30' second(s)

2021-10-14 17:35:54 - [MESSAGE][INFO] - Getting text of object 'Object Repository/Popup/Popup'

2021-10-14 17:35:54 - [MESSAGE][PASSED] - Text of object 'Object Repository/Popup/Popup' is: 'Lütfen rapor bildiriminin gönderileceği e-posta adresini belirtiniz.
e-Posta Adresi'

2021-10-14 17:35:54 - [TEST_STEP][PASSED] - RaporNo = getText(findTestObject("Popup/Popup")).substring(0, 6): Text of object 'Object Repository/Popup/Popup' is: 'Lütfen rapor bildiriminin gönderileceği e-posta adresini belirtiniz.
e-Posta Adresi'

2021-10-14 17:35:54 - [MESSAGE][INFO] - Finding Test Object 'Object Repository/Popup/Popup'

2021-10-14 17:35:55 - [MESSAGE][INFO] - Checking object

2021-10-14 17:35:55 - [MESSAGE][INFO] - Finding web element from Test Object's properties

2021-10-14 17:35:55 - [MESSAGE][INFO] - Checking timeout

2021-10-14 17:35:55 - [MESSAGE][INFO] - Finding web element with id: 'Object Repository/Popup/Popup' located by 'By.cssSelector: .bootbox-body' in '30' second(s)

2021-10-14 17:35:55 - [MESSAGE][INFO] - Smart Wait Function is triggered

2021-10-14 17:35:55 - [MESSAGE][INFO] - Found 1 web elements with id: 'Object Repository/Popup/Popup' located by 'By.cssSelector: .bootbox-body' in '30' second(s)

2021-10-14 17:35:55 - [MESSAGE][INFO] - Getting text of object 'Object Repository/Popup/Popup'

2021-10-14 17:35:55 - [MESSAGE][PASSED] - Text of object 'Object Repository/Popup/Popup' is: 'Lütfen rapor bildiriminin gönderileceği e-posta adresini belirtiniz.
e-Posta Adresi'

2021-10-14 17:35:55 - [TEST_STEP][PASSED] - Console.println(RaporNo): null

2021-10-14 17:35:55 - [MESSAGE][PASSED] - Call Test Case 'Test Cases/Popup/PopupMesajiIceriyorMu' successfully

2021-10-14 17:35:55 - [MESSAGE][INFO] - Checking called Test Case

2021-10-14 17:35:55 - [MESSAGE][INFO] - Starting to call Test Case 'Test Cases/Popup/PopupButonSecilir'

2021-10-14 17:35:55 - [TEST_CASE][PASSED] - Test Cases/Popup/PopupButonSecilir: Test Cases/Popup/PopupButonSecilir

2021-10-14 17:35:55 - [TEST_STEP][PASSED] - Method.TextDegerineEsitElementeTikla(findTestObject("Popup/Popup_Butons"), Buton): Method.TextDegerineEsitElementeTikla is PASSED

2021-10-14 17:35:55 - [MESSAGE][INFO] - Finding Test Object 'Object Repository/Popup/Popup_Butons'

2021-10-14 17:35:55 - [MESSAGE][INFO] - Checking timeout

2021-10-14 17:35:55 - [MESSAGE][INFO] - Finding web element with id: 'Object Repository/Popup/Popup_Butons' located by 'By.cssSelector: .modal-footer>button' in '10' second(s)

2021-10-14 17:35:55 - [MESSAGE][INFO] - Smart Wait Function is triggered

2021-10-14 17:35:55 - [MESSAGE][INFO] - Found 2 web elements with id: 'Object Repository/Popup/Popup_Butons' located by 'By.cssSelector: .modal-footer>button' in '10' second(s)

2021-10-14 17:35:55 - [MESSAGE][PASSED] - Method.TextDegerineEsitElementeTikla is PASSED

2021-10-14 17:35:55 - [MESSAGE][PASSED] - Call Test Case 'Test Cases/Popup/PopupButonSecilir' successfully

2021-10-14 17:35:55 - [MESSAGE][INFO] - Checking called Test Case

2021-10-14 17:35:55 - [MESSAGE][INFO] - Starting to call Test Case 'Test Cases/Popup/PopupMesajiIceriyorMu'

2021-10-14 17:35:56 - [TEST_CASE][PASSED] - Test Cases/Popup/PopupMesajiIceriyorMu: Test Cases/Popup/PopupMesajiIceriyorMu

2021-10-14 17:35:56 - [TEST_STEP][PASSED] - waitForElementVisible(findTestObject("Popup/Popup"), 10): Object 'Object Repository/Popup/Popup' is visible

2021-10-14 17:35:56 - [MESSAGE][INFO] - Finding Test Object 'Object Repository/Popup/Popup'

2021-10-14 17:35:56 - [MESSAGE][INFO] - Checking object

2021-10-14 17:35:56 - [MESSAGE][INFO] - Checking timeout

2021-10-14 17:35:56 - [MESSAGE][INFO] - Finding web element from Test Object's properties

2021-10-14 17:35:56 - [MESSAGE][INFO] - Checking timeout

2021-10-14 17:35:56 - [MESSAGE][INFO] - Finding web element with id: 'Object Repository/Popup/Popup' located by 'By.cssSelector: .bootbox-body' in '10' second(s)

2021-10-14 17:35:56 - [MESSAGE][INFO] - Smart Wait Function is triggered

2021-10-14 17:35:56 - [MESSAGE][INFO] - Found 1 web elements with id: 'Object Repository/Popup/Popup' located by 'By.cssSelector: .bootbox-body' in '10' second(s)

2021-10-14 17:35:56 - [MESSAGE][PASSED] - Object 'Object Repository/Popup/Popup' is visible

2021-10-14 17:35:56 - [TEST_STEP][PASSED] - if (!(getText(findTestObject("Popup/Popup")).contains(Mesaj))): Text of object 'Object Repository/Popup/Popup' is: '14615 no’lu talebiniz işleme alınmıştır. Raporunuz hazırlandığında (elogotest@gmail.com) adresinize mail gönderilecektir.
Rapor durumunuzu Raporlar > Toplu Veri İndirme ekranından takip edebilir, hazırlandı durumundaki raporlarınızı ilgili menüden indirebilirsiniz.'

2021-10-14 17:35:56 - [MESSAGE][INFO] - Finding Test Object 'Object Repository/Popup/Popup'

2021-10-14 17:35:56 - [MESSAGE][INFO] - Checking object

2021-10-14 17:35:56 - [MESSAGE][INFO] - Finding web element from Test Object's properties

2021-10-14 17:35:56 - [MESSAGE][INFO] - Checking timeout

2021-10-14 17:35:56 - [MESSAGE][INFO] - Finding web element with id: 'Object Repository/Popup/Popup' located by 'By.cssSelector: .bootbox-body' in '30' second(s)

2021-10-14 17:35:56 - [MESSAGE][INFO] - Smart Wait Function is triggered

2021-10-14 17:35:57 - [MESSAGE][INFO] - Found 1 web elements with id: 'Object Repository/Popup/Popup' located by 'By.cssSelector: .bootbox-body' in '30' second(s)

2021-10-14 17:35:57 - [MESSAGE][INFO] - Getting text of object 'Object Repository/Popup/Popup'

2021-10-14 17:35:57 - [MESSAGE][PASSED] - Text of object 'Object Repository/Popup/Popup' is: '14615 no’lu talebiniz işleme alınmıştır. Raporunuz hazırlandığında (elogotest@gmail.com) adresinize mail gönderilecektir.
Rapor durumunuzu Raporlar > Toplu Veri İndirme ekranından takip edebilir, hazırlandı durumundaki raporlarınızı ilgili menüden indirebilirsiniz.'

2021-10-14 17:35:57 - [TEST_STEP][PASSED] - RaporNo = getText(findTestObject("Popup/Popup")).substring(0, 6): Text of object 'Object Repository/Popup/Popup' is: '14615 no’lu talebiniz işleme alınmıştır. Raporunuz hazırlandığında (elogotest@gmail.com) adresinize mail gönderilecektir.
Rapor durumunuzu Raporlar > Toplu Veri İndirme ekranından takip edebilir, hazırlandı durumundaki raporlarınızı ilgili menüden indirebilirsiniz.'

2021-10-14 17:35:57 - [MESSAGE][INFO] - Finding Test Object 'Object Repository/Popup/Popup'

2021-10-14 17:35:57 - [MESSAGE][INFO] - Checking object

2021-10-14 17:35:57 - [MESSAGE][INFO] - Finding web element from Test Object's properties

2021-10-14 17:35:57 - [MESSAGE][INFO] - Checking timeout

2021-10-14 17:35:57 - [MESSAGE][INFO] - Finding web element with id: 'Object Repository/Popup/Popup' located by 'By.cssSelector: .bootbox-body' in '30' second(s)

2021-10-14 17:35:57 - [MESSAGE][INFO] - Smart Wait Function is triggered

2021-10-14 17:35:57 - [MESSAGE][INFO] - Found 1 web elements with id: 'Object Repository/Popup/Popup' located by 'By.cssSelector: .bootbox-body' in '30' second(s)

2021-10-14 17:35:57 - [MESSAGE][INFO] - Getting text of object 'Object Repository/Popup/Popup'

2021-10-14 17:35:57 - [MESSAGE][PASSED] - Text of object 'Object Repository/Popup/Popup' is: '14615 no’lu talebiniz işleme alınmıştır. Raporunuz hazırlandığında (elogotest@gmail.com) adresinize mail gönderilecektir.
Rapor durumunuzu Raporlar > Toplu Veri İndirme ekranından takip edebilir, hazırlandı durumundaki raporlarınızı ilgili menüden indirebilirsiniz.'

2021-10-14 17:35:57 - [TEST_STEP][PASSED] - Console.println(RaporNo): null

2021-10-14 17:35:57 - [MESSAGE][PASSED] - Call Test Case 'Test Cases/Popup/PopupMesajiIceriyorMu' successfully

2021-10-14 17:35:57 - [MESSAGE][INFO] - Checking called Test Case

2021-10-14 17:35:57 - [MESSAGE][INFO] - Starting to call Test Case 'Test Cases/Popup/PopupButonSecilir'

2021-10-14 17:35:57 - [TEST_CASE][PASSED] - Test Cases/Popup/PopupButonSecilir: Test Cases/Popup/PopupButonSecilir

2021-10-14 17:35:57 - [TEST_STEP][PASSED] - Method.TextDegerineEsitElementeTikla(findTestObject("Popup/Popup_Butons"), Buton): Method.TextDegerineEsitElementeTikla is PASSED

2021-10-14 17:35:57 - [MESSAGE][INFO] - Finding Test Object 'Object Repository/Popup/Popup_Butons'

2021-10-14 17:35:57 - [MESSAGE][INFO] - Checking timeout

2021-10-14 17:35:57 - [MESSAGE][INFO] - Finding web element with id: 'Object Repository/Popup/Popup_Butons' located by 'By.cssSelector: .modal-footer>button' in '10' second(s)

2021-10-14 17:35:57 - [MESSAGE][INFO] - Smart Wait Function is triggered

2021-10-14 17:35:58 - [MESSAGE][INFO] - Found 1 web elements with id: 'Object Repository/Popup/Popup_Butons' located by 'By.cssSelector: .modal-footer>button' in '10' second(s)

2021-10-14 17:35:58 - [MESSAGE][PASSED] - Method.TextDegerineEsitElementeTikla is PASSED

2021-10-14 17:35:58 - [MESSAGE][PASSED] - Call Test Case 'Test Cases/Popup/PopupButonSecilir' successfully

2021-10-14 17:35:58 - [MESSAGE][INFO] - Checking called Test Case

2021-10-14 17:35:58 - [MESSAGE][INFO] - Starting to call Test Case 'Test Cases/Butonlar/ButonaTikla'

2021-10-14 17:35:58 - [TEST_CASE][PASSED] - Test Cases/Butonlar/ButonaTikla: Test Cases/Butonlar/ButonaTikla

2021-10-14 17:35:58 - [TEST_STEP][PASSED] - Method.TextDegerineEsitElementeTiklaEquals(findTestObject("Butonlar/Butonlar"), Buton_Adi): Method.TextDegerineEsitElementeTiklaEquals is PASSED

2021-10-14 17:35:58 - [MESSAGE][INFO] - Finding Test Object 'Object Repository/Butonlar/Butonlar'

2021-10-14 17:35:58 - [MESSAGE][INFO] - Checking timeout

2021-10-14 17:35:58 - [MESSAGE][INFO] - Finding web element with id: 'Object Repository/Butonlar/Butonlar' located by 'By.cssSelector: .panel.panel-default.text-center.footerPanel .btn,.btn.btn-primary.btnControls' in '10' second(s)

2021-10-14 17:35:58 - [MESSAGE][INFO] - Smart Wait Function is triggered

2021-10-14 17:35:58 - [MESSAGE][INFO] - Found 11 web elements with id: 'Object Repository/Butonlar/Butonlar' located by 'By.cssSelector: .panel.panel-default.text-center.footerPanel .btn,.btn.btn-primary.btnControls' in '10' second(s)

2021-10-14 17:35:59 - [MESSAGE][PASSED] - Method.TextDegerineEsitElementeTiklaEquals is PASSED

2021-10-14 17:35:59 - [MESSAGE][PASSED] - Call Test Case 'Test Cases/Butonlar/ButonaTikla' successfully

2021-10-14 17:35:59 - [MESSAGE][INFO] - Checking called Test Case

2021-10-14 17:35:59 - [MESSAGE][INFO] - Starting to call Test Case 'Test Cases/Butonlar/AltButonaTikla'

2021-10-14 17:35:59 - [TEST_CASE][PASSED] - Test Cases/Butonlar/AltButonaTikla: Test Cases/Butonlar/AltButonaTikla

2021-10-14 17:35:59 - [TEST_STEP][PASSED] - Method.TextDegerineEsitElementeTikla(findTestObject("Butonlar/AltButonlar"), Alt_Buton): Method.TextDegerineEsitElementeTikla is PASSED

2021-10-14 17:35:59 - [MESSAGE][INFO] - Finding Test Object 'Object Repository/Butonlar/AltButonlar'

2021-10-14 17:35:59 - [MESSAGE][INFO] - Checking timeout

2021-10-14 17:35:59 - [MESSAGE][INFO] - Finding web element with id: 'Object Repository/Butonlar/AltButonlar' located by 'By.cssSelector: .btn-group.open li>a' in '10' second(s)

2021-10-14 17:35:59 - [MESSAGE][INFO] - Smart Wait Function is triggered

2021-10-14 17:35:59 - [MESSAGE][INFO] - Found 4 web elements with id: 'Object Repository/Butonlar/AltButonlar' located by 'By.cssSelector: .btn-group.open li>a' in '10' second(s)

2021-10-14 17:35:59 - [MESSAGE][PASSED] - Method.TextDegerineEsitElementeTikla is PASSED

2021-10-14 17:35:59 - [MESSAGE][PASSED] - Call Test Case 'Test Cases/Butonlar/AltButonaTikla' successfully

2021-10-14 17:35:59 - [MESSAGE][INFO] - Checking called Test Case

2021-10-14 17:35:59 - [MESSAGE][INFO] - Starting to call Test Case 'Test Cases/Popup/PopupMesajiIceriyorMu'

2021-10-14 17:35:59 - [TEST_CASE][PASSED] - Test Cases/Popup/PopupMesajiIceriyorMu: Test Cases/Popup/PopupMesajiIceriyorMu

2021-10-14 17:35:59 - [TEST_STEP][PASSED] - waitForElementVisible(findTestObject("Popup/Popup"), 10): Object 'Object Repository/Popup/Popup' is visible

2021-10-14 17:35:59 - [MESSAGE][INFO] - Finding Test Object 'Object Repository/Popup/Popup'

2021-10-14 17:35:59 - [MESSAGE][INFO] - Checking object

2021-10-14 17:35:59 - [MESSAGE][INFO] - Checking timeout

2021-10-14 17:35:59 - [MESSAGE][INFO] - Finding web element from Test Object's properties

2021-10-14 17:35:59 - [MESSAGE][INFO] - Checking timeout

2021-10-14 17:35:59 - [MESSAGE][INFO] - Finding web element with id: 'Object Repository/Popup/Popup' located by 'By.cssSelector: .bootbox-body' in '10' second(s)

2021-10-14 17:35:59 - [MESSAGE][INFO] - Smart Wait Function is triggered

2021-10-14 17:36:00 - [MESSAGE][INFO] - Found 1 web elements with id: 'Object Repository/Popup/Popup' located by 'By.cssSelector: .bootbox-body' in '10' second(s)

2021-10-14 17:36:00 - [MESSAGE][PASSED] - Object 'Object Repository/Popup/Popup' is visible

2021-10-14 17:36:00 - [TEST_STEP][PASSED] - if (!(getText(findTestObject("Popup/Popup")).contains(Mesaj))): Text of object 'Object Repository/Popup/Popup' is: 'Lütfen rapor bildiriminin gönderileceği e-posta adresini belirtiniz.
e-Posta Adresi'

2021-10-14 17:36:00 - [MESSAGE][INFO] - Finding Test Object 'Object Repository/Popup/Popup'

2021-10-14 17:36:00 - [MESSAGE][INFO] - Checking object

2021-10-14 17:36:00 - [MESSAGE][INFO] - Finding web element from Test Object's properties

2021-10-14 17:36:00 - [MESSAGE][INFO] - Checking timeout

2021-10-14 17:36:00 - [MESSAGE][INFO] - Finding web element with id: 'Object Repository/Popup/Popup' located by 'By.cssSelector: .bootbox-body' in '30' second(s)

2021-10-14 17:36:00 - [MESSAGE][INFO] - Smart Wait Function is triggered

2021-10-14 17:36:00 - [MESSAGE][INFO] - Found 1 web elements with id: 'Object Repository/Popup/Popup' located by 'By.cssSelector: .bootbox-body' in '30' second(s)

2021-10-14 17:36:00 - [MESSAGE][INFO] - Getting text of object 'Object Repository/Popup/Popup'

2021-10-14 17:36:00 - [MESSAGE][PASSED] - Text of object 'Object Repository/Popup/Popup' is: 'Lütfen rapor bildiriminin gönderileceği e-posta adresini belirtiniz.
e-Posta Adresi'

2021-10-14 17:36:00 - [TEST_STEP][PASSED] - RaporNo = getText(findTestObject("Popup/Popup")).substring(0, 6): Text of object 'Object Repository/Popup/Popup' is: 'Lütfen rapor bildiriminin gönderileceği e-posta adresini belirtiniz.
e-Posta Adresi'

2021-10-14 17:36:00 - [MESSAGE][INFO] - Finding Test Object 'Object Repository/Popup/Popup'

2021-10-14 17:36:00 - [MESSAGE][INFO] - Checking object

2021-10-14 17:36:00 - [MESSAGE][INFO] - Finding web element from Test Object's properties

2021-10-14 17:36:00 - [MESSAGE][INFO] - Checking timeout

2021-10-14 17:36:00 - [MESSAGE][INFO] - Finding web element with id: 'Object Repository/Popup/Popup' located by 'By.cssSelector: .bootbox-body' in '30' second(s)

2021-10-14 17:36:00 - [MESSAGE][INFO] - Smart Wait Function is triggered

2021-10-14 17:36:01 - [MESSAGE][INFO] - Found 1 web elements with id: 'Object Repository/Popup/Popup' located by 'By.cssSelector: .bootbox-body' in '30' second(s)

2021-10-14 17:36:01 - [MESSAGE][INFO] - Getting text of object 'Object Repository/Popup/Popup'

2021-10-14 17:36:01 - [MESSAGE][PASSED] - Text of object 'Object Repository/Popup/Popup' is: 'Lütfen rapor bildiriminin gönderileceği e-posta adresini belirtiniz.
e-Posta Adresi'

2021-10-14 17:36:01 - [TEST_STEP][PASSED] - Console.println(RaporNo): null

2021-10-14 17:36:01 - [MESSAGE][PASSED] - Call Test Case 'Test Cases/Popup/PopupMesajiIceriyorMu' successfully

2021-10-14 17:36:01 - [MESSAGE][INFO] - Checking called Test Case

2021-10-14 17:36:01 - [MESSAGE][INFO] - Starting to call Test Case 'Test Cases/Popup/PopupButonSecilir'

2021-10-14 17:36:01 - [TEST_CASE][PASSED] - Test Cases/Popup/PopupButonSecilir: Test Cases/Popup/PopupButonSecilir

2021-10-14 17:36:01 - [TEST_STEP][PASSED] - Method.TextDegerineEsitElementeTikla(findTestObject("Popup/Popup_Butons"), Buton): Method.TextDegerineEsitElementeTikla is PASSED

2021-10-14 17:36:01 - [MESSAGE][INFO] - Finding Test Object 'Object Repository/Popup/Popup_Butons'

2021-10-14 17:36:01 - [MESSAGE][INFO] - Checking timeout

2021-10-14 17:36:01 - [MESSAGE][INFO] - Finding web element with id: 'Object Repository/Popup/Popup_Butons' located by 'By.cssSelector: .modal-footer>button' in '10' second(s)

2021-10-14 17:36:01 - [MESSAGE][INFO] - Smart Wait Function is triggered

2021-10-14 17:36:01 - [MESSAGE][INFO] - Found 2 web elements with id: 'Object Repository/Popup/Popup_Butons' located by 'By.cssSelector: .modal-footer>button' in '10' second(s)

2021-10-14 17:36:01 - [MESSAGE][PASSED] - Method.TextDegerineEsitElementeTikla is PASSED

2021-10-14 17:36:01 - [MESSAGE][PASSED] - Call Test Case 'Test Cases/Popup/PopupButonSecilir' successfully

2021-10-14 17:36:01 - [MESSAGE][INFO] - Checking called Test Case

2021-10-14 17:36:01 - [MESSAGE][INFO] - Starting to call Test Case 'Test Cases/Popup/PopupMesajiIceriyorMu'

2021-10-14 17:36:01 - [TEST_CASE][PASSED] - Test Cases/Popup/PopupMesajiIceriyorMu: Test Cases/Popup/PopupMesajiIceriyorMu

2021-10-14 17:36:01 - [TEST_STEP][PASSED] - waitForElementVisible(findTestObject("Popup/Popup"), 10): Object 'Object Repository/Popup/Popup' is visible

2021-10-14 17:36:01 - [MESSAGE][INFO] - Finding Test Object 'Object Repository/Popup/Popup'

2021-10-14 17:36:01 - [MESSAGE][INFO] - Checking object

2021-10-14 17:36:01 - [MESSAGE][INFO] - Checking timeout

2021-10-14 17:36:01 - [MESSAGE][INFO] - Finding web element from Test Object's properties

2021-10-14 17:36:01 - [MESSAGE][INFO] - Checking timeout

2021-10-14 17:36:01 - [MESSAGE][INFO] - Finding web element with id: 'Object Repository/Popup/Popup' located by 'By.cssSelector: .bootbox-body' in '10' second(s)

2021-10-14 17:36:01 - [MESSAGE][INFO] - Smart Wait Function is triggered

2021-10-14 17:36:02 - [MESSAGE][INFO] - Found 1 web elements with id: 'Object Repository/Popup/Popup' located by 'By.cssSelector: .bootbox-body' in '10' second(s)

2021-10-14 17:36:02 - [MESSAGE][PASSED] - Object 'Object Repository/Popup/Popup' is visible

2021-10-14 17:36:02 - [TEST_STEP][PASSED] - if (!(getText(findTestObject("Popup/Popup")).contains(Mesaj))): Text of object 'Object Repository/Popup/Popup' is: '14616 no’lu talebiniz işleme alınmıştır. Raporunuz hazırlandığında (elogotest@gmail.com) adresinize mail gönderilecektir.
Rapor durumunuzu Raporlar > Toplu Veri İndirme ekranından takip edebilir, hazırlandı durumundaki raporlarınızı ilgili menüden indirebilirsiniz.'

2021-10-14 17:36:02 - [MESSAGE][INFO] - Finding Test Object 'Object Repository/Popup/Popup'

2021-10-14 17:36:02 - [MESSAGE][INFO] - Checking object

2021-10-14 17:36:02 - [MESSAGE][INFO] - Finding web element from Test Object's properties

2021-10-14 17:36:02 - [MESSAGE][INFO] - Checking timeout

2021-10-14 17:36:02 - [MESSAGE][INFO] - Finding web element with id: 'Object Repository/Popup/Popup' located by 'By.cssSelector: .bootbox-body' in '30' second(s)

2021-10-14 17:36:02 - [MESSAGE][INFO] - Smart Wait Function is triggered

2021-10-14 17:36:02 - [MESSAGE][INFO] - Found 1 web elements with id: 'Object Repository/Popup/Popup' located by 'By.cssSelector: .bootbox-body' in '30' second(s)

2021-10-14 17:36:02 - [MESSAGE][INFO] - Getting text of object 'Object Repository/Popup/Popup'

2021-10-14 17:36:02 - [MESSAGE][PASSED] - Text of object 'Object Repository/Popup/Popup' is: '14616 no’lu talebiniz işleme alınmıştır. Raporunuz hazırlandığında (elogotest@gmail.com) adresinize mail gönderilecektir.
Rapor durumunuzu Raporlar > Toplu Veri İndirme ekranından takip edebilir, hazırlandı durumundaki raporlarınızı ilgili menüden indirebilirsiniz.'

2021-10-14 17:36:02 - [TEST_STEP][PASSED] - RaporNo = getText(findTestObject("Popup/Popup")).substring(0, 6): Text of object 'Object Repository/Popup/Popup' is: '14616 no’lu talebiniz işleme alınmıştır. Raporunuz hazırlandığında (elogotest@gmail.com) adresinize mail gönderilecektir.
Rapor durumunuzu Raporlar > Toplu Veri İndirme ekranından takip edebilir, hazırlandı durumundaki raporlarınızı ilgili menüden indirebilirsiniz.'

2021-10-14 17:36:02 - [MESSAGE][INFO] - Finding Test Object 'Object Repository/Popup/Popup'

2021-10-14 17:36:03 - [MESSAGE][INFO] - Checking object

2021-10-14 17:36:03 - [MESSAGE][INFO] - Finding web element from Test Object's properties

2021-10-14 17:36:03 - [MESSAGE][INFO] - Checking timeout

2021-10-14 17:36:03 - [MESSAGE][INFO] - Finding web element with id: 'Object Repository/Popup/Popup' located by 'By.cssSelector: .bootbox-body' in '30' second(s)

2021-10-14 17:36:03 - [MESSAGE][INFO] - Smart Wait Function is triggered

2021-10-14 17:36:03 - [MESSAGE][INFO] - Found 1 web elements with id: 'Object Repository/Popup/Popup' located by 'By.cssSelector: .bootbox-body' in '30' second(s)

2021-10-14 17:36:03 - [MESSAGE][INFO] - Getting text of object 'Object Repository/Popup/Popup'

2021-10-14 17:36:03 - [MESSAGE][PASSED] - Text of object 'Object Repository/Popup/Popup' is: '14616 no’lu talebiniz işleme alınmıştır. Raporunuz hazırlandığında (elogotest@gmail.com) adresinize mail gönderilecektir.
Rapor durumunuzu Raporlar > Toplu Veri İndirme ekranından takip edebilir, hazırlandı durumundaki raporlarınızı ilgili menüden indirebilirsiniz.'

2021-10-14 17:36:03 - [TEST_STEP][PASSED] - Console.println(RaporNo): null

2021-10-14 17:36:03 - [MESSAGE][PASSED] - Call Test Case 'Test Cases/Popup/PopupMesajiIceriyorMu' successfully

2021-10-14 17:36:03 - [MESSAGE][INFO] - Checking called Test Case

2021-10-14 17:36:03 - [MESSAGE][INFO] - Starting to call Test Case 'Test Cases/Popup/PopupButonSecilir'

2021-10-14 17:36:03 - [TEST_CASE][PASSED] - Test Cases/Popup/PopupButonSecilir: Test Cases/Popup/PopupButonSecilir

2021-10-14 17:36:03 - [TEST_STEP][PASSED] - Method.TextDegerineEsitElementeTikla(findTestObject("Popup/Popup_Butons"), Buton): Method.TextDegerineEsitElementeTikla is PASSED

2021-10-14 17:36:03 - [MESSAGE][INFO] - Finding Test Object 'Object Repository/Popup/Popup_Butons'

2021-10-14 17:36:03 - [MESSAGE][INFO] - Checking timeout

2021-10-14 17:36:03 - [MESSAGE][INFO] - Finding web element with id: 'Object Repository/Popup/Popup_Butons' located by 'By.cssSelector: .modal-footer>button' in '10' second(s)

2021-10-14 17:36:03 - [MESSAGE][INFO] - Smart Wait Function is triggered

2021-10-14 17:36:03 - [MESSAGE][INFO] - Found 1 web elements with id: 'Object Repository/Popup/Popup_Butons' located by 'By.cssSelector: .modal-footer>button' in '10' second(s)

2021-10-14 17:36:03 - [MESSAGE][PASSED] - Method.TextDegerineEsitElementeTikla is PASSED

2021-10-14 17:36:03 - [MESSAGE][PASSED] - Call Test Case 'Test Cases/Popup/PopupButonSecilir' successfully

2021-10-14 17:36:03 - [MESSAGE][INFO] - Checking called Test Case

2021-10-14 17:36:03 - [MESSAGE][INFO] - Starting to call Test Case 'Test Cases/Butonlar/ButonaTikla'

2021-10-14 17:36:03 - [TEST_CASE][PASSED] - Test Cases/Butonlar/ButonaTikla: Test Cases/Butonlar/ButonaTikla

2021-10-14 17:36:03 - [TEST_STEP][PASSED] - Method.TextDegerineEsitElementeTiklaEquals(findTestObject("Butonlar/Butonlar"), Buton_Adi): Method.TextDegerineEsitElementeTiklaEquals is PASSED

2021-10-14 17:36:03 - [MESSAGE][INFO] - Finding Test Object 'Object Repository/Butonlar/Butonlar'

2021-10-14 17:36:03 - [MESSAGE][INFO] - Checking timeout

2021-10-14 17:36:03 - [MESSAGE][INFO] - Finding web element with id: 'Object Repository/Butonlar/Butonlar' located by 'By.cssSelector: .panel.panel-default.text-center.footerPanel .btn,.btn.btn-primary.btnControls' in '10' second(s)

2021-10-14 17:36:03 - [MESSAGE][INFO] - Smart Wait Function is triggered

2021-10-14 17:36:04 - [MESSAGE][INFO] - Found 11 web elements with id: 'Object Repository/Butonlar/Butonlar' located by 'By.cssSelector: .panel.panel-default.text-center.footerPanel .btn,.btn.btn-primary.btnControls' in '10' second(s)

2021-10-14 17:36:04 - [MESSAGE][PASSED] - Method.TextDegerineEsitElementeTiklaEquals is PASSED

2021-10-14 17:36:04 - [MESSAGE][PASSED] - Call Test Case 'Test Cases/Butonlar/ButonaTikla' successfully

2021-10-14 17:36:04 - [MESSAGE][INFO] - Checking called Test Case

2021-10-14 17:36:04 - [MESSAGE][INFO] - Starting to call Test Case 'Test Cases/Butonlar/AltButonaTikla'

2021-10-14 17:36:04 - [TEST_CASE][PASSED] - Test Cases/Butonlar/AltButonaTikla: Test Cases/Butonlar/AltButonaTikla

2021-10-14 17:36:04 - [TEST_STEP][PASSED] - Method.TextDegerineEsitElementeTikla(findTestObject("Butonlar/AltButonlar"), Alt_Buton): Method.TextDegerineEsitElementeTikla is PASSED

2021-10-14 17:36:04 - [MESSAGE][INFO] - Finding Test Object 'Object Repository/Butonlar/AltButonlar'

2021-10-14 17:36:04 - [MESSAGE][INFO] - Checking timeout

2021-10-14 17:36:04 - [MESSAGE][INFO] - Finding web element with id: 'Object Repository/Butonlar/AltButonlar' located by 'By.cssSelector: .btn-group.open li>a' in '10' second(s)

2021-10-14 17:36:04 - [MESSAGE][INFO] - Smart Wait Function is triggered

2021-10-14 17:36:04 - [MESSAGE][INFO] - Found 4 web elements with id: 'Object Repository/Butonlar/AltButonlar' located by 'By.cssSelector: .btn-group.open li>a' in '10' second(s)

2021-10-14 17:36:05 - [MESSAGE][PASSED] - Method.TextDegerineEsitElementeTikla is PASSED

2021-10-14 17:36:05 - [MESSAGE][PASSED] - Call Test Case 'Test Cases/Butonlar/AltButonaTikla' successfully

2021-10-14 17:36:05 - [MESSAGE][INFO] - Checking called Test Case

2021-10-14 17:36:05 - [MESSAGE][INFO] - Starting to call Test Case 'Test Cases/Popup/PopupMesajiIceriyorMu'

2021-10-14 17:36:05 - [TEST_CASE][PASSED] - Test Cases/Popup/PopupMesajiIceriyorMu: Test Cases/Popup/PopupMesajiIceriyorMu

2021-10-14 17:36:05 - [TEST_STEP][PASSED] - waitForElementVisible(findTestObject("Popup/Popup"), 10): Object 'Object Repository/Popup/Popup' is visible

2021-10-14 17:36:05 - [MESSAGE][INFO] - Finding Test Object 'Object Repository/Popup/Popup'

2021-10-14 17:36:05 - [MESSAGE][INFO] - Checking object

2021-10-14 17:36:05 - [MESSAGE][INFO] - Checking timeout

2021-10-14 17:36:05 - [MESSAGE][INFO] - Finding web element from Test Object's properties

2021-10-14 17:36:05 - [MESSAGE][INFO] - Checking timeout

2021-10-14 17:36:05 - [MESSAGE][INFO] - Finding web element with id: 'Object Repository/Popup/Popup' located by 'By.cssSelector: .bootbox-body' in '10' second(s)

2021-10-14 17:36:05 - [MESSAGE][INFO] - Smart Wait Function is triggered

2021-10-14 17:36:05 - [MESSAGE][INFO] - Found 1 web elements with id: 'Object Repository/Popup/Popup' located by 'By.cssSelector: .bootbox-body' in '10' second(s)

2021-10-14 17:36:05 - [MESSAGE][PASSED] - Object 'Object Repository/Popup/Popup' is visible

2021-10-14 17:36:05 - [TEST_STEP][PASSED] - if (!(getText(findTestObject("Popup/Popup")).contains(Mesaj))): Text of object 'Object Repository/Popup/Popup' is: 'Lütfen rapor bildiriminin gönderileceği e-posta adresini belirtiniz.
e-Posta Adresi'

2021-10-14 17:36:05 - [MESSAGE][INFO] - Finding Test Object 'Object Repository/Popup/Popup'

2021-10-14 17:36:05 - [MESSAGE][INFO] - Checking object

2021-10-14 17:36:05 - [MESSAGE][INFO] - Finding web element from Test Object's properties

2021-10-14 17:36:05 - [MESSAGE][INFO] - Checking timeout

2021-10-14 17:36:05 - [MESSAGE][INFO] - Finding web element with id: 'Object Repository/Popup/Popup' located by 'By.cssSelector: .bootbox-body' in '30' second(s)

2021-10-14 17:36:05 - [MESSAGE][INFO] - Smart Wait Function is triggered

2021-10-14 17:36:05 - [MESSAGE][INFO] - Found 1 web elements with id: 'Object Repository/Popup/Popup' located by 'By.cssSelector: .bootbox-body' in '30' second(s)

2021-10-14 17:36:05 - [MESSAGE][INFO] - Getting text of object 'Object Repository/Popup/Popup'

2021-10-14 17:36:05 - [MESSAGE][PASSED] - Text of object 'Object Repository/Popup/Popup' is: 'Lütfen rapor bildiriminin gönderileceği e-posta adresini belirtiniz.
e-Posta Adresi'

2021-10-14 17:36:05 - [TEST_STEP][PASSED] - RaporNo = getText(findTestObject("Popup/Popup")).substring(0, 6): Text of object 'Object Repository/Popup/Popup' is: 'Lütfen rapor bildiriminin gönderileceği e-posta adresini belirtiniz.
e-Posta Adresi'

2021-10-14 17:36:05 - [MESSAGE][INFO] - Finding Test Object 'Object Repository/Popup/Popup'

2021-10-14 17:36:05 - [MESSAGE][INFO] - Checking object

2021-10-14 17:36:05 - [MESSAGE][INFO] - Finding web element from Test Object's properties

2021-10-14 17:36:05 - [MESSAGE][INFO] - Checking timeout

2021-10-14 17:36:05 - [MESSAGE][INFO] - Finding web element with id: 'Object Repository/Popup/Popup' located by 'By.cssSelector: .bootbox-body' in '30' second(s)

2021-10-14 17:36:05 - [MESSAGE][INFO] - Smart Wait Function is triggered

2021-10-14 17:36:06 - [MESSAGE][INFO] - Found 1 web elements with id: 'Object Repository/Popup/Popup' located by 'By.cssSelector: .bootbox-body' in '30' second(s)

2021-10-14 17:36:06 - [MESSAGE][INFO] - Getting text of object 'Object Repository/Popup/Popup'

2021-10-14 17:36:06 - [MESSAGE][PASSED] - Text of object 'Object Repository/Popup/Popup' is: 'Lütfen rapor bildiriminin gönderileceği e-posta adresini belirtiniz.
e-Posta Adresi'

2021-10-14 17:36:06 - [TEST_STEP][PASSED] - Console.println(RaporNo): null

2021-10-14 17:36:06 - [MESSAGE][PASSED] - Call Test Case 'Test Cases/Popup/PopupMesajiIceriyorMu' successfully

2021-10-14 17:36:06 - [MESSAGE][INFO] - Checking called Test Case

2021-10-14 17:36:06 - [MESSAGE][INFO] - Starting to call Test Case 'Test Cases/Popup/PopupButonSecilir'

2021-10-14 17:36:06 - [TEST_CASE][PASSED] - Test Cases/Popup/PopupButonSecilir: Test Cases/Popup/PopupButonSecilir

2021-10-14 17:36:06 - [TEST_STEP][PASSED] - Method.TextDegerineEsitElementeTikla(findTestObject("Popup/Popup_Butons"), Buton): Method.TextDegerineEsitElementeTikla is PASSED

2021-10-14 17:36:06 - [MESSAGE][INFO] - Finding Test Object 'Object Repository/Popup/Popup_Butons'

2021-10-14 17:36:06 - [MESSAGE][INFO] - Checking timeout

2021-10-14 17:36:06 - [MESSAGE][INFO] - Finding web element with id: 'Object Repository/Popup/Popup_Butons' located by 'By.cssSelector: .modal-footer>button' in '10' second(s)

2021-10-14 17:36:06 - [MESSAGE][INFO] - Smart Wait Function is triggered

2021-10-14 17:36:06 - [MESSAGE][INFO] - Found 2 web elements with id: 'Object Repository/Popup/Popup_Butons' located by 'By.cssSelector: .modal-footer>button' in '10' second(s)

2021-10-14 17:36:06 - [MESSAGE][PASSED] - Method.TextDegerineEsitElementeTikla is PASSED

2021-10-14 17:36:06 - [MESSAGE][PASSED] - Call Test Case 'Test Cases/Popup/PopupButonSecilir' successfully

2021-10-14 17:36:06 - [MESSAGE][INFO] - Checking called Test Case

2021-10-14 17:36:06 - [MESSAGE][INFO] - Starting to call Test Case 'Test Cases/Popup/PopupMesajiIceriyorMu'

2021-10-14 17:36:06 - [TEST_CASE][PASSED] - Test Cases/Popup/PopupMesajiIceriyorMu: Test Cases/Popup/PopupMesajiIceriyorMu

2021-10-14 17:36:06 - [TEST_STEP][PASSED] - waitForElementVisible(findTestObject("Popup/Popup"), 10): Object 'Object Repository/Popup/Popup' is visible

2021-10-14 17:36:06 - [MESSAGE][INFO] - Finding Test Object 'Object Repository/Popup/Popup'

2021-10-14 17:36:06 - [MESSAGE][INFO] - Checking object

2021-10-14 17:36:06 - [MESSAGE][INFO] - Checking timeout

2021-10-14 17:36:06 - [MESSAGE][INFO] - Finding web element from Test Object's properties

2021-10-14 17:36:06 - [MESSAGE][INFO] - Checking timeout

2021-10-14 17:36:06 - [MESSAGE][INFO] - Finding web element with id: 'Object Repository/Popup/Popup' located by 'By.cssSelector: .bootbox-body' in '10' second(s)

2021-10-14 17:36:06 - [MESSAGE][INFO] - Smart Wait Function is triggered

2021-10-14 17:36:08 - [MESSAGE][INFO] - Found 1 web elements with id: 'Object Repository/Popup/Popup' located by 'By.cssSelector: .bootbox-body' in '10' second(s)

2021-10-14 17:36:08 - [MESSAGE][PASSED] - Object 'Object Repository/Popup/Popup' is visible

2021-10-14 17:36:08 - [TEST_STEP][PASSED] - if (!(getText(findTestObject("Popup/Popup")).contains(Mesaj))): Text of object 'Object Repository/Popup/Popup' is: '14617 no’lu talebiniz işleme alınmıştır. Raporunuz hazırlandığında (elogotest@gmail.com) adresinize mail gönderilecektir.
Rapor durumunuzu Raporlar > Toplu Veri İndirme ekranından takip edebilir, hazırlandı durumundaki raporlarınızı ilgili menüden indirebilirsiniz.'

2021-10-14 17:36:08 - [MESSAGE][INFO] - Finding Test Object 'Object Repository/Popup/Popup'

2021-10-14 17:36:08 - [MESSAGE][INFO] - Checking object

2021-10-14 17:36:08 - [MESSAGE][INFO] - Finding web element from Test Object's properties

2021-10-14 17:36:08 - [MESSAGE][INFO] - Checking timeout

2021-10-14 17:36:08 - [MESSAGE][INFO] - Finding web element with id: 'Object Repository/Popup/Popup' located by 'By.cssSelector: .bootbox-body' in '30' second(s)

2021-10-14 17:36:08 - [MESSAGE][INFO] - Smart Wait Function is triggered

2021-10-14 17:36:08 - [MESSAGE][INFO] - Found 1 web elements with id: 'Object Repository/Popup/Popup' located by 'By.cssSelector: .bootbox-body' in '30' second(s)

2021-10-14 17:36:08 - [MESSAGE][INFO] - Getting text of object 'Object Repository/Popup/Popup'

2021-10-14 17:36:08 - [MESSAGE][PASSED] - Text of object 'Object Repository/Popup/Popup' is: '14617 no’lu talebiniz işleme alınmıştır. Raporunuz hazırlandığında (elogotest@gmail.com) adresinize mail gönderilecektir.
Rapor durumunuzu Raporlar > Toplu Veri İndirme ekranından takip edebilir, hazırlandı durumundaki raporlarınızı ilgili menüden indirebilirsiniz.'

2021-10-14 17:36:08 - [TEST_STEP][PASSED] - RaporNo = getText(findTestObject("Popup/Popup")).substring(0, 6): Text of object 'Object Repository/Popup/Popup' is: '14617 no’lu talebiniz işleme alınmıştır. Raporunuz hazırlandığında (elogotest@gmail.com) adresinize mail gönderilecektir.
Rapor durumunuzu Raporlar > Toplu Veri İndirme ekranından takip edebilir, hazırlandı durumundaki raporlarınızı ilgili menüden indirebilirsiniz.'

2021-10-14 17:36:08 - [MESSAGE][INFO] - Finding Test Object 'Object Repository/Popup/Popup'

2021-10-14 17:36:08 - [MESSAGE][INFO] - Checking object

2021-10-14 17:36:08 - [MESSAGE][INFO] - Finding web element from Test Object's properties

2021-10-14 17:36:08 - [MESSAGE][INFO] - Checking timeout

2021-10-14 17:36:08 - [MESSAGE][INFO] - Finding web element with id: 'Object Repository/Popup/Popup' located by 'By.cssSelector: .bootbox-body' in '30' second(s)

2021-10-14 17:36:08 - [MESSAGE][INFO] - Smart Wait Function is triggered

2021-10-14 17:36:09 - [MESSAGE][INFO] - Found 1 web elements with id: 'Object Repository/Popup/Popup' located by 'By.cssSelector: .bootbox-body' in '30' second(s)

2021-10-14 17:36:09 - [MESSAGE][INFO] - Getting text of object 'Object Repository/Popup/Popup'

2021-10-14 17:36:09 - [MESSAGE][PASSED] - Text of object 'Object Repository/Popup/Popup' is: '14617 no’lu talebiniz işleme alınmıştır. Raporunuz hazırlandığında (elogotest@gmail.com) adresinize mail gönderilecektir.
Rapor durumunuzu Raporlar > Toplu Veri İndirme ekranından takip edebilir, hazırlandı durumundaki raporlarınızı ilgili menüden indirebilirsiniz.'

2021-10-14 17:36:09 - [TEST_STEP][PASSED] - Console.println(RaporNo): null

2021-10-14 17:36:09 - [MESSAGE][PASSED] - Call Test Case 'Test Cases/Popup/PopupMesajiIceriyorMu' successfully

2021-10-14 17:36:09 - [MESSAGE][INFO] - Checking called Test Case

2021-10-14 17:36:09 - [MESSAGE][INFO] - Starting to call Test Case 'Test Cases/Popup/PopupButonSecilir'

2021-10-14 17:36:09 - [TEST_CASE][PASSED] - Test Cases/Popup/PopupButonSecilir: Test Cases/Popup/PopupButonSecilir

2021-10-14 17:36:09 - [TEST_STEP][PASSED] - Method.TextDegerineEsitElementeTikla(findTestObject("Popup/Popup_Butons"), Buton): Method.TextDegerineEsitElementeTikla is PASSED

2021-10-14 17:36:09 - [MESSAGE][INFO] - Finding Test Object 'Object Repository/Popup/Popup_Butons'

2021-10-14 17:36:09 - [MESSAGE][INFO] - Checking timeout

2021-10-14 17:36:09 - [MESSAGE][INFO] - Finding web element with id: 'Object Repository/Popup/Popup_Butons' located by 'By.cssSelector: .modal-footer>button' in '10' second(s)

2021-10-14 17:36:09 - [MESSAGE][INFO] - Smart Wait Function is triggered

2021-10-14 17:36:09 - [MESSAGE][INFO] - Found 1 web elements with id: 'Object Repository/Popup/Popup_Butons' located by 'By.cssSelector: .modal-footer>button' in '10' second(s)

2021-10-14 17:36:09 - [MESSAGE][PASSED] - Method.TextDegerineEsitElementeTikla is PASSED

2021-10-14 17:36:09 - [MESSAGE][PASSED] - Call Test Case 'Test Cases/Popup/PopupButonSecilir' successfully

2021-10-14 17:36:09 - [MESSAGE][INFO] - Checking called Test Case

2021-10-14 17:36:09 - [MESSAGE][INFO] - Starting to call Test Case 'Test Cases/Butonlar/ButonaTikla'

2021-10-14 17:36:09 - [TEST_CASE][PASSED] - Test Cases/Butonlar/ButonaTikla: Test Cases/Butonlar/ButonaTikla

2021-10-14 17:36:09 - [TEST_STEP][PASSED] - Method.TextDegerineEsitElementeTiklaEquals(findTestObject("Butonlar/Butonlar"), Buton_Adi): Method.TextDegerineEsitElementeTiklaEquals is PASSED

2021-10-14 17:36:09 - [MESSAGE][INFO] - Finding Test Object 'Object Repository/Butonlar/Butonlar'

2021-10-14 17:36:10 - [MESSAGE][INFO] - Checking timeout

2021-10-14 17:36:10 - [MESSAGE][INFO] - Finding web element with id: 'Object Repository/Butonlar/Butonlar' located by 'By.cssSelector: .panel.panel-default.text-center.footerPanel .btn,.btn.btn-primary.btnControls' in '10' second(s)

2021-10-14 17:36:10 - [MESSAGE][INFO] - Smart Wait Function is triggered

2021-10-14 17:36:10 - [MESSAGE][INFO] - Found 11 web elements with id: 'Object Repository/Butonlar/Butonlar' located by 'By.cssSelector: .panel.panel-default.text-center.footerPanel .btn,.btn.btn-primary.btnControls' in '10' second(s)

2021-10-14 17:36:10 - [MESSAGE][PASSED] - Method.TextDegerineEsitElementeTiklaEquals is PASSED

2021-10-14 17:36:10 - [MESSAGE][PASSED] - Call Test Case 'Test Cases/Butonlar/ButonaTikla' successfully

2021-10-14 17:36:10 - [MESSAGE][INFO] - Checking called Test Case

2021-10-14 17:36:10 - [MESSAGE][INFO] - Starting to call Test Case 'Test Cases/Butonlar/AltButonaTikla'

2021-10-14 17:36:10 - [TEST_CASE][PASSED] - Test Cases/Butonlar/AltButonaTikla: Test Cases/Butonlar/AltButonaTikla

2021-10-14 17:36:10 - [TEST_STEP][PASSED] - Method.TextDegerineEsitElementeTikla(findTestObject("Butonlar/AltButonlar"), Alt_Buton): Method.TextDegerineEsitElementeTikla is PASSED

2021-10-14 17:36:10 - [MESSAGE][INFO] - Finding Test Object 'Object Repository/Butonlar/AltButonlar'

2021-10-14 17:36:10 - [MESSAGE][INFO] - Checking timeout

2021-10-14 17:36:10 - [MESSAGE][INFO] - Finding web element with id: 'Object Repository/Butonlar/AltButonlar' located by 'By.cssSelector: .btn-group.open li>a' in '10' second(s)

2021-10-14 17:36:10 - [MESSAGE][INFO] - Smart Wait Function is triggered

2021-10-14 17:36:11 - [MESSAGE][INFO] - Found 4 web elements with id: 'Object Repository/Butonlar/AltButonlar' located by 'By.cssSelector: .btn-group.open li>a' in '10' second(s)

2021-10-14 17:36:11 - [MESSAGE][PASSED] - Method.TextDegerineEsitElementeTikla is PASSED

2021-10-14 17:36:11 - [MESSAGE][PASSED] - Call Test Case 'Test Cases/Butonlar/AltButonaTikla' successfully

2021-10-14 17:36:11 - [MESSAGE][INFO] - Checking called Test Case

2021-10-14 17:36:11 - [MESSAGE][INFO] - Starting to call Test Case 'Test Cases/Popup/PopupMesajiIceriyorMu'

2021-10-14 17:36:11 - [TEST_CASE][PASSED] - Test Cases/Popup/PopupMesajiIceriyorMu: Test Cases/Popup/PopupMesajiIceriyorMu

2021-10-14 17:36:11 - [TEST_STEP][PASSED] - waitForElementVisible(findTestObject("Popup/Popup"), 10): Object 'Object Repository/Popup/Popup' is visible

2021-10-14 17:36:11 - [MESSAGE][INFO] - Finding Test Object 'Object Repository/Popup/Popup'

2021-10-14 17:36:11 - [MESSAGE][INFO] - Checking object

2021-10-14 17:36:11 - [MESSAGE][INFO] - Checking timeout

2021-10-14 17:36:11 - [MESSAGE][INFO] - Finding web element from Test Object's properties

2021-10-14 17:36:11 - [MESSAGE][INFO] - Checking timeout

2021-10-14 17:36:11 - [MESSAGE][INFO] - Finding web element with id: 'Object Repository/Popup/Popup' located by 'By.cssSelector: .bootbox-body' in '10' second(s)

2021-10-14 17:36:11 - [MESSAGE][INFO] - Smart Wait Function is triggered

2021-10-14 17:36:11 - [MESSAGE][INFO] - Found 1 web elements with id: 'Object Repository/Popup/Popup' located by 'By.cssSelector: .bootbox-body' in '10' second(s)

2021-10-14 17:36:12 - [MESSAGE][PASSED] - Object 'Object Repository/Popup/Popup' is visible

2021-10-14 17:36:12 - [TEST_STEP][PASSED] - if (!(getText(findTestObject("Popup/Popup")).contains(Mesaj))): Text of object 'Object Repository/Popup/Popup' is: 'Lütfen rapor bildiriminin gönderileceği e-posta adresini belirtiniz.
e-Posta Adresi'

2021-10-14 17:36:12 - [MESSAGE][INFO] - Finding Test Object 'Object Repository/Popup/Popup'

2021-10-14 17:36:12 - [MESSAGE][INFO] - Checking object

2021-10-14 17:36:12 - [MESSAGE][INFO] - Finding web element from Test Object's properties

2021-10-14 17:36:12 - [MESSAGE][INFO] - Checking timeout

2021-10-14 17:36:12 - [MESSAGE][INFO] - Finding web element with id: 'Object Repository/Popup/Popup' located by 'By.cssSelector: .bootbox-body' in '30' second(s)

2021-10-14 17:36:12 - [MESSAGE][INFO] - Smart Wait Function is triggered

2021-10-14 17:36:12 - [MESSAGE][INFO] - Found 1 web elements with id: 'Object Repository/Popup/Popup' located by 'By.cssSelector: .bootbox-body' in '30' second(s)

2021-10-14 17:36:12 - [MESSAGE][INFO] - Getting text of object 'Object Repository/Popup/Popup'

2021-10-14 17:36:12 - [MESSAGE][PASSED] - Text of object 'Object Repository/Popup/Popup' is: 'Lütfen rapor bildiriminin gönderileceği e-posta adresini belirtiniz.
e-Posta Adresi'

2021-10-14 17:36:12 - [TEST_STEP][PASSED] - RaporNo = getText(findTestObject("Popup/Popup")).substring(0, 6): Text of object 'Object Repository/Popup/Popup' is: 'Lütfen rapor bildiriminin gönderileceği e-posta adresini belirtiniz.
e-Posta Adresi'

2021-10-14 17:36:12 - [MESSAGE][INFO] - Finding Test Object 'Object Repository/Popup/Popup'

2021-10-14 17:36:12 - [MESSAGE][INFO] - Checking object

2021-10-14 17:36:12 - [MESSAGE][INFO] - Finding web element from Test Object's properties

2021-10-14 17:36:12 - [MESSAGE][INFO] - Checking timeout

2021-10-14 17:36:12 - [MESSAGE][INFO] - Finding web element with id: 'Object Repository/Popup/Popup' located by 'By.cssSelector: .bootbox-body' in '30' second(s)

2021-10-14 17:36:12 - [MESSAGE][INFO] - Smart Wait Function is triggered

2021-10-14 17:36:12 - [MESSAGE][INFO] - Found 1 web elements with id: 'Object Repository/Popup/Popup' located by 'By.cssSelector: .bootbox-body' in '30' second(s)

2021-10-14 17:36:12 - [MESSAGE][INFO] - Getting text of object 'Object Repository/Popup/Popup'

2021-10-14 17:36:12 - [MESSAGE][PASSED] - Text of object 'Object Repository/Popup/Popup' is: 'Lütfen rapor bildiriminin gönderileceği e-posta adresini belirtiniz.
e-Posta Adresi'

2021-10-14 17:36:12 - [TEST_STEP][PASSED] - Console.println(RaporNo): null

2021-10-14 17:36:12 - [MESSAGE][PASSED] - Call Test Case 'Test Cases/Popup/PopupMesajiIceriyorMu' successfully

2021-10-14 17:36:12 - [MESSAGE][INFO] - Checking called Test Case

2021-10-14 17:36:12 - [MESSAGE][INFO] - Starting to call Test Case 'Test Cases/Popup/PopupButonSecilir'

2021-10-14 17:36:12 - [TEST_CASE][PASSED] - Test Cases/Popup/PopupButonSecilir: Test Cases/Popup/PopupButonSecilir

2021-10-14 17:36:12 - [TEST_STEP][PASSED] - Method.TextDegerineEsitElementeTikla(findTestObject("Popup/Popup_Butons"), Buton): Method.TextDegerineEsitElementeTikla is PASSED

2021-10-14 17:36:12 - [MESSAGE][INFO] - Finding Test Object 'Object Repository/Popup/Popup_Butons'

2021-10-14 17:36:13 - [MESSAGE][INFO] - Checking timeout

2021-10-14 17:36:13 - [MESSAGE][INFO] - Finding web element with id: 'Object Repository/Popup/Popup_Butons' located by 'By.cssSelector: .modal-footer>button' in '10' second(s)

2021-10-14 17:36:13 - [MESSAGE][INFO] - Smart Wait Function is triggered

2021-10-14 17:36:13 - [MESSAGE][INFO] - Found 2 web elements with id: 'Object Repository/Popup/Popup_Butons' located by 'By.cssSelector: .modal-footer>button' in '10' second(s)

2021-10-14 17:36:13 - [MESSAGE][PASSED] - Method.TextDegerineEsitElementeTikla is PASSED

2021-10-14 17:36:13 - [MESSAGE][PASSED] - Call Test Case 'Test Cases/Popup/PopupButonSecilir' successfully

2021-10-14 17:36:13 - [MESSAGE][INFO] - Checking called Test Case

2021-10-14 17:36:13 - [MESSAGE][INFO] - Starting to call Test Case 'Test Cases/Popup/PopupMesajiIceriyorMu'

2021-10-14 17:36:13 - [TEST_CASE][PASSED] - Test Cases/Popup/PopupMesajiIceriyorMu: Test Cases/Popup/PopupMesajiIceriyorMu

2021-10-14 17:36:13 - [TEST_STEP][PASSED] - waitForElementVisible(findTestObject("Popup/Popup"), 10): Object 'Object Repository/Popup/Popup' is visible

2021-10-14 17:36:13 - [MESSAGE][INFO] - Finding Test Object 'Object Repository/Popup/Popup'

2021-10-14 17:36:13 - [MESSAGE][INFO] - Checking object

2021-10-14 17:36:13 - [MESSAGE][INFO] - Checking timeout

2021-10-14 17:36:13 - [MESSAGE][INFO] - Finding web element from Test Object's properties

2021-10-14 17:36:13 - [MESSAGE][INFO] - Checking timeout

2021-10-14 17:36:13 - [MESSAGE][INFO] - Finding web element with id: 'Object Repository/Popup/Popup' located by 'By.cssSelector: .bootbox-body' in '10' second(s)

2021-10-14 17:36:13 - [MESSAGE][INFO] - Smart Wait Function is triggered

2021-10-14 17:36:14 - [MESSAGE][INFO] - Found 1 web elements with id: 'Object Repository/Popup/Popup' located by 'By.cssSelector: .bootbox-body' in '10' second(s)

2021-10-14 17:36:14 - [MESSAGE][PASSED] - Object 'Object Repository/Popup/Popup' is visible

2021-10-14 17:36:14 - [TEST_STEP][PASSED] - if (!(getText(findTestObject("Popup/Popup")).contains(Mesaj))): Text of object 'Object Repository/Popup/Popup' is: '14618 no’lu talebiniz işleme alınmıştır. Raporunuz hazırlandığında (elogotest@gmail.com) adresinize mail gönderilecektir.
Rapor durumunuzu Raporlar > Toplu Veri İndirme ekranından takip edebilir, hazırlandı durumundaki raporlarınızı ilgili menüden indirebilirsiniz.'

2021-10-14 17:36:14 - [MESSAGE][INFO] - Finding Test Object 'Object Repository/Popup/Popup'

2021-10-14 17:36:14 - [MESSAGE][INFO] - Checking object

2021-10-14 17:36:14 - [MESSAGE][INFO] - Finding web element from Test Object's properties

2021-10-14 17:36:14 - [MESSAGE][INFO] - Checking timeout

2021-10-14 17:36:14 - [MESSAGE][INFO] - Finding web element with id: 'Object Repository/Popup/Popup' located by 'By.cssSelector: .bootbox-body' in '30' second(s)

2021-10-14 17:36:14 - [MESSAGE][INFO] - Smart Wait Function is triggered

2021-10-14 17:36:14 - [MESSAGE][INFO] - Found 1 web elements with id: 'Object Repository/Popup/Popup' located by 'By.cssSelector: .bootbox-body' in '30' second(s)

2021-10-14 17:36:14 - [MESSAGE][INFO] - Getting text of object 'Object Repository/Popup/Popup'

2021-10-14 17:36:14 - [MESSAGE][PASSED] - Text of object 'Object Repository/Popup/Popup' is: '14618 no’lu talebiniz işleme alınmıştır. Raporunuz hazırlandığında (elogotest@gmail.com) adresinize mail gönderilecektir.
Rapor durumunuzu Raporlar > Toplu Veri İndirme ekranından takip edebilir, hazırlandı durumundaki raporlarınızı ilgili menüden indirebilirsiniz.'

2021-10-14 17:36:14 - [TEST_STEP][PASSED] - RaporNo = getText(findTestObject("Popup/Popup")).substring(0, 6): Text of object 'Object Repository/Popup/Popup' is: '14618 no’lu talebiniz işleme alınmıştır. Raporunuz hazırlandığında (elogotest@gmail.com) adresinize mail gönderilecektir.
Rapor durumunuzu Raporlar > Toplu Veri İndirme ekranından takip edebilir, hazırlandı durumundaki raporlarınızı ilgili menüden indirebilirsiniz.'

2021-10-14 17:36:14 - [MESSAGE][INFO] - Finding Test Object 'Object Repository/Popup/Popup'

2021-10-14 17:36:14 - [MESSAGE][INFO] - Checking object

2021-10-14 17:36:14 - [MESSAGE][INFO] - Finding web element from Test Object's properties

2021-10-14 17:36:14 - [MESSAGE][INFO] - Checking timeout

2021-10-14 17:36:14 - [MESSAGE][INFO] - Finding web element with id: 'Object Repository/Popup/Popup' located by 'By.cssSelector: .bootbox-body' in '30' second(s)

2021-10-14 17:36:14 - [MESSAGE][INFO] - Smart Wait Function is triggered

2021-10-14 17:36:15 - [MESSAGE][INFO] - Found 1 web elements with id: 'Object Repository/Popup/Popup' located by 'By.cssSelector: .bootbox-body' in '30' second(s)

2021-10-14 17:36:15 - [MESSAGE][INFO] - Getting text of object 'Object Repository/Popup/Popup'

2021-10-14 17:36:15 - [MESSAGE][PASSED] - Text of object 'Object Repository/Popup/Popup' is: '14618 no’lu talebiniz işleme alınmıştır. Raporunuz hazırlandığında (elogotest@gmail.com) adresinize mail gönderilecektir.
Rapor durumunuzu Raporlar > Toplu Veri İndirme ekranından takip edebilir, hazırlandı durumundaki raporlarınızı ilgili menüden indirebilirsiniz.'

2021-10-14 17:36:15 - [TEST_STEP][PASSED] - Console.println(RaporNo): null

2021-10-14 17:36:15 - [MESSAGE][PASSED] - Call Test Case 'Test Cases/Popup/PopupMesajiIceriyorMu' successfully

2021-10-14 17:36:15 - [MESSAGE][INFO] - Checking called Test Case

2021-10-14 17:36:15 - [MESSAGE][INFO] - Starting to call Test Case 'Test Cases/Popup/PopupButonSecilir'

2021-10-14 17:36:15 - [TEST_CASE][PASSED] - Test Cases/Popup/PopupButonSecilir: Test Cases/Popup/PopupButonSecilir

2021-10-14 17:36:15 - [TEST_STEP][PASSED] - Method.TextDegerineEsitElementeTikla(findTestObject("Popup/Popup_Butons"), Buton): Method.TextDegerineEsitElementeTikla is PASSED

2021-10-14 17:36:15 - [MESSAGE][INFO] - Finding Test Object 'Object Repository/Popup/Popup_Butons'

2021-10-14 17:36:15 - [MESSAGE][INFO] - Checking timeout

2021-10-14 17:36:15 - [MESSAGE][INFO] - Finding web element with id: 'Object Repository/Popup/Popup_Butons' located by 'By.cssSelector: .modal-footer>button' in '10' second(s)

2021-10-14 17:36:15 - [MESSAGE][INFO] - Smart Wait Function is triggered

2021-10-14 17:36:15 - [MESSAGE][INFO] - Found 1 web elements with id: 'Object Repository/Popup/Popup_Butons' located by 'By.cssSelector: .modal-footer>button' in '10' second(s)

2021-10-14 17:36:15 - [MESSAGE][PASSED] - Method.TextDegerineEsitElementeTikla is PASSED

2021-10-14 17:36:15 - [MESSAGE][PASSED] - Call Test Case 'Test Cases/Popup/PopupButonSecilir' successfully

2021-10-14 17:36:15 - [MESSAGE][INFO] - Checking called Test Case

2021-10-14 17:36:15 - [MESSAGE][INFO] - Starting to call Test Case 'Test Cases/Menu/AnaMenuSecimi'

2021-10-14 17:36:15 - [TEST_CASE][PASSED] - Test Cases/Menu/AnaMenuSecimi: Test Cases/Menu/AnaMenuSecimi

2021-10-14 17:36:15 - [TEST_STEP][PASSED] - Method.TextDegerineEsitElementeTikla(findTestObject("Menu/Ana_Menu"), Ana_Menu): Method.TextDegerineEsitElementeTikla is PASSED

2021-10-14 17:36:15 - [MESSAGE][INFO] - Finding Test Object 'Object Repository/Menu/Ana_Menu'

2021-10-14 17:36:15 - [MESSAGE][INFO] - Checking timeout

2021-10-14 17:36:15 - [MESSAGE][INFO] - Finding web element with id: 'Object Repository/Menu/Ana_Menu' located by 'By.xpath: //*[@class = 'dropdown-toggle']' in '10' second(s)

2021-10-14 17:36:15 - [MESSAGE][INFO] - Smart Wait Function is triggered

2021-10-14 17:36:16 - [MESSAGE][INFO] - Found 14 web elements with id: 'Object Repository/Menu/Ana_Menu' located by 'By.xpath: //*[@class = 'dropdown-toggle']' in '10' second(s)

2021-10-14 17:36:16 - [MESSAGE][PASSED] - Method.TextDegerineEsitElementeTikla is PASSED

2021-10-14 17:36:16 - [MESSAGE][PASSED] - Call Test Case 'Test Cases/Menu/AnaMenuSecimi' successfully

2021-10-14 17:36:16 - [MESSAGE][INFO] - Checking called Test Case

2021-10-14 17:36:16 - [MESSAGE][INFO] - Starting to call Test Case 'Test Cases/Menu/AltMenuSecimi'

2021-10-14 17:36:16 - [TEST_CASE][PASSED] - Test Cases/Menu/AltMenuSecimi: Test Cases/Menu/AltMenuSecimi

2021-10-14 17:36:16 - [TEST_STEP][PASSED] - Method.TextDegerineEsitElementeTikla(findTestObject("Menu/Alt_Menu"), Alt_Menu): Method.TextDegerineEsitElementeTikla is PASSED

2021-10-14 17:36:16 - [MESSAGE][INFO] - Finding Test Object 'Object Repository/Menu/Alt_Menu'

2021-10-14 17:36:17 - [MESSAGE][INFO] - Checking timeout

2021-10-14 17:36:17 - [MESSAGE][INFO] - Finding web element with id: 'Object Repository/Menu/Alt_Menu' located by 'By.xpath: //li[@class='dropdown dropdown-large open']//li[@class='dropdown-element']' in '10' second(s)

2021-10-14 17:36:17 - [MESSAGE][INFO] - Smart Wait Function is triggered

2021-10-14 17:36:17 - [MESSAGE][INFO] - Found 9 web elements with id: 'Object Repository/Menu/Alt_Menu' located by 'By.xpath: //li[@class='dropdown dropdown-large open']//li[@class='dropdown-element']' in '10' second(s)

2021-10-14 17:36:18 - [MESSAGE][PASSED] - Method.TextDegerineEsitElementeTikla is PASSED

2021-10-14 17:36:18 - [MESSAGE][PASSED] - Call Test Case 'Test Cases/Menu/AltMenuSecimi' successfully

2021-10-14 17:36:18 - [MESSAGE][INFO] - Checking called Test Case

2021-10-14 17:36:18 - [MESSAGE][INFO] - Starting to call Test Case 'Test Cases/Filtreler/RaporNoYaz'

2021-10-14 17:36:18 - [TEST_CASE][PASSED] - Test Cases/Filtreler/RaporNoYaz: Test Cases/Filtreler/RaporNoYaz

2021-10-14 17:36:18 - [TEST_STEP][PASSED] - Method.TextDegerineEsitElementinAltindakiTextboxtaYaz(findTestObject("Filtreler/Basliklar"), findTestObject("Filtreler/Basliga_Gore_Textbox"), "Talep No", RaporNo): Method.TextDegerineEsitElementinAltindakiTextboxtaYaz is PASSED

2021-10-14 17:36:18 - [MESSAGE][INFO] - Finding Test Object 'Object Repository/Filtreler/Basliklar'

2021-10-14 17:36:18 - [MESSAGE][INFO] - Finding Test Object 'Object Repository/Filtreler/Basliga_Gore_Textbox'

2021-10-14 17:36:18 - [MESSAGE][INFO] - Checking timeout

2021-10-14 17:36:18 - [MESSAGE][INFO] - Finding web element with id: 'Object Repository/Filtreler/Basliklar' located by 'By.cssSelector: .control-label.col-sm-4.paddingMarginRLC' in '10' second(s)

2021-10-14 17:36:18 - [MESSAGE][INFO] - Smart Wait Function is triggered

2021-10-14 17:36:18 - [MESSAGE][INFO] - Found 8 web elements with id: 'Object Repository/Filtreler/Basliklar' located by 'By.cssSelector: .control-label.col-sm-4.paddingMarginRLC' in '10' second(s)

2021-10-14 17:36:18 - [MESSAGE][INFO] - Smart Wait Function is triggered

2021-10-14 17:36:19 - [MESSAGE][PASSED] - Method.TextDegerineEsitElementinAltindakiTextboxtaYaz is PASSED

2021-10-14 17:36:19 - [MESSAGE][PASSED] - Call Test Case 'Test Cases/Filtreler/RaporNoYaz' successfully

2021-10-14 17:36:19 - [MESSAGE][INFO] - Checking called Test Case

2021-10-14 17:36:19 - [MESSAGE][INFO] - Starting to call Test Case 'Test Cases/Filtreler/ButonaTikla'

2021-10-14 17:36:19 - [TEST_CASE][PASSED] - Test Cases/Filtreler/ButonaTikla: Test Cases/Filtreler/ButonaTikla

2021-10-14 17:36:19 - [TEST_STEP][PASSED] - Method.TextDegerineEsitElementeTikla(findTestObject("Filtreler/Butonlar"), Filtre_Buton): Method.TextDegerineEsitElementeTikla is PASSED

2021-10-14 17:36:19 - [MESSAGE][INFO] - Finding Test Object 'Object Repository/Filtreler/Butonlar'

2021-10-14 17:36:19 - [MESSAGE][INFO] - Checking timeout

2021-10-14 17:36:19 - [MESSAGE][INFO] - Finding web element with id: 'Object Repository/Filtreler/Butonlar' located by 'By.cssSelector: .dxb>span' in '10' second(s)

2021-10-14 17:36:19 - [MESSAGE][INFO] - Smart Wait Function is triggered

2021-10-14 17:36:20 - [MESSAGE][INFO] - Found 2 web elements with id: 'Object Repository/Filtreler/Butonlar' located by 'By.cssSelector: .dxb>span' in '10' second(s)

2021-10-14 17:36:20 - [MESSAGE][PASSED] - Method.TextDegerineEsitElementeTikla is PASSED

2021-10-14 17:36:20 - [MESSAGE][PASSED] - Call Test Case 'Test Cases/Filtreler/ButonaTikla' successfully

2021-10-14 17:36:20 - [MESSAGE][INFO] - Checking called Test Case

2021-10-14 17:36:20 - [MESSAGE][INFO] - Starting to call Test Case 'Test Cases/Tablo/TablodaVeriVarMi'

2021-10-14 17:36:20 - [TEST_CASE][PASSED] - Test Cases/Tablo/TablodaVeriVarMi: Test Cases/Tablo/TablodaVeriVarMi

2021-10-14 17:36:20 - [TEST_STEP][PASSED] - verifyTextNotPresent("Görüntülenecek veri yok", true): Text 'Görüntülenecek veri yok' is not present on page using regular expression

2021-10-14 17:36:20 - [MESSAGE][INFO] - Checking text present  using regular expression

2021-10-14 17:36:20 - [MESSAGE][INFO] - Smart Wait Function is triggered

2021-10-14 17:36:25 - [MESSAGE][INFO] - Finding text 'Görüntülenecek veri yok' on page  using regular expression

2021-10-14 17:36:25 - [MESSAGE][PASSED] - Text 'Görüntülenecek veri yok' is not present on page using regular expression

2021-10-14 17:36:25 - [MESSAGE][PASSED] - Call Test Case 'Test Cases/Tablo/TablodaVeriVarMi' successfully

2021-10-14 17:36:25 - [MESSAGE][INFO] - Checking called Test Case

2021-10-14 17:36:25 - [MESSAGE][INFO] - Starting to call Test Case 'Test Cases/Kullanici_Islemleri/KullaniciIslemlerindenSecimYapilir'

2021-10-14 17:36:25 - [TEST_CASE][PASSED] - Test Cases/Kullanici_Islemleri/KullaniciIslemlerindenSecimYapilir: Test Cases/Kullanici_Islemleri/KullaniciIslemlerindenSecimYapilir

2021-10-14 17:36:25 - [TEST_STEP][PASSED] - waitForElementClickable(findTestObject("Object Repository/Kullanici_Islemleri/KullaniciIslemleri"), 10): Object 'Object Repository/Kullanici_Islemleri/KullaniciIslemleri' is clickable

2021-10-14 17:36:25 - [MESSAGE][INFO] - Finding Test Object 'Object Repository/Kullanici_Islemleri/KullaniciIslemleri'

2021-10-14 17:36:25 - [MESSAGE][INFO] - Checking object

2021-10-14 17:36:25 - [MESSAGE][INFO] - Checking timeout

2021-10-14 17:36:25 - [MESSAGE][INFO] - Finding web element from Test Object's properties

2021-10-14 17:36:25 - [MESSAGE][INFO] - Checking timeout

2021-10-14 17:36:25 - [MESSAGE][INFO] - Finding web element with id: 'Object Repository/Kullanici_Islemleri/KullaniciIslemleri' located by 'By.cssSelector: .dropdown>a>img' in '10' second(s)

2021-10-14 17:36:25 - [MESSAGE][INFO] - Smart Wait Function is triggered

2021-10-14 17:36:25 - [MESSAGE][INFO] - Found 1 web elements with id: 'Object Repository/Kullanici_Islemleri/KullaniciIslemleri' located by 'By.cssSelector: .dropdown>a>img' in '10' second(s)

2021-10-14 17:36:25 - [MESSAGE][PASSED] - Object 'Object Repository/Kullanici_Islemleri/KullaniciIslemleri' is clickable

2021-10-14 17:36:25 - [TEST_STEP][PASSED] - click(findTestObject("Object Repository/Kullanici_Islemleri/KullaniciIslemleri")): Object: 'Object Repository/Kullanici_Islemleri/KullaniciIslemleri' is clicked on

2021-10-14 17:36:25 - [MESSAGE][INFO] - Finding Test Object 'Object Repository/Kullanici_Islemleri/KullaniciIslemleri'

2021-10-14 17:36:26 - [MESSAGE][INFO] - Checking object

2021-10-14 17:36:26 - [MESSAGE][INFO] - Finding web element from Test Object's properties

2021-10-14 17:36:26 - [MESSAGE][INFO] - Checking timeout

2021-10-14 17:36:26 - [MESSAGE][INFO] - Finding web element with id: 'Object Repository/Kullanici_Islemleri/KullaniciIslemleri' located by 'By.cssSelector: .dropdown>a>img' in '30' second(s)

2021-10-14 17:36:26 - [MESSAGE][INFO] - Smart Wait Function is triggered

2021-10-14 17:36:26 - [MESSAGE][INFO] - Found 1 web elements with id: 'Object Repository/Kullanici_Islemleri/KullaniciIslemleri' located by 'By.cssSelector: .dropdown>a>img' in '30' second(s)

2021-10-14 17:36:26 - [MESSAGE][INFO] - Clicking on object: 'Object Repository/Kullanici_Islemleri/KullaniciIslemleri'

2021-10-14 17:36:26 - [MESSAGE][PASSED] - Object: 'Object Repository/Kullanici_Islemleri/KullaniciIslemleri' is clicked on

2021-10-14 17:36:26 - [TEST_STEP][PASSED] - Method.TextDegerineEsitElementeTikla(findTestObject("Object Repository/Kullanici_Islemleri/Secenekler"), Islem): Method.TextDegerineEsitElementeTikla is PASSED

2021-10-14 17:36:26 - [MESSAGE][INFO] - Finding Test Object 'Object Repository/Kullanici_Islemleri/Secenekler'

2021-10-14 17:36:26 - [MESSAGE][INFO] - Checking timeout

2021-10-14 17:36:26 - [MESSAGE][INFO] - Finding web element with id: 'Object Repository/Kullanici_Islemleri/Secenekler' located by 'By.cssSelector: .nav.navbar-nav.navbar-right li a' in '10' second(s)

2021-10-14 17:36:26 - [MESSAGE][INFO] - Smart Wait Function is triggered

2021-10-14 17:36:26 - [MESSAGE][INFO] - Found 22 web elements with id: 'Object Repository/Kullanici_Islemleri/Secenekler' located by 'By.cssSelector: .nav.navbar-nav.navbar-right li a' in '10' second(s)

2021-10-14 17:36:28 - [MESSAGE][PASSED] - Method.TextDegerineEsitElementeTikla is PASSED

2021-10-14 17:36:28 - [TEST_STEP][PASSED] - verifyElementNotPresent(findTestObject("Object Repository/Kullanici_Islemleri/Secenekler"), 10): Web element with id: 'Object Repository/Kullanici_Islemleri/Secenekler' located by 'By.cssSelector: .nav.navbar-nav.navbar-right li a' is not present after '10' second(s)

2021-10-14 17:36:28 - [MESSAGE][INFO] - Finding Test Object 'Object Repository/Kullanici_Islemleri/Secenekler'

2021-10-14 17:36:28 - [MESSAGE][INFO] - Checking object

2021-10-14 17:36:28 - [MESSAGE][INFO] - Checking timeout

2021-10-14 17:36:28 - [MESSAGE][INFO] - Finding web element with id: 'Object Repository/Kullanici_Islemleri/Secenekler' located by 'By.cssSelector: .nav.navbar-nav.navbar-right li a' in '10' second(s)

2021-10-14 17:36:28 - [MESSAGE][INFO] - Smart Wait Function is triggered

2021-10-14 17:36:28 - [MESSAGE][PASSED] - Web element with id: 'Object Repository/Kullanici_Islemleri/Secenekler' located by 'By.cssSelector: .nav.navbar-nav.navbar-right li a' is not present after '10' second(s)

2021-10-14 17:36:28 - [MESSAGE][PASSED] - Call Test Case 'Test Cases/Kullanici_Islemleri/KullaniciIslemlerindenSecimYapilir' successfully

2021-10-14 17:36:28 - [TEST_CASE][PASSED] - Start Test Case : SCENARIO e-Irsaliye Giden Kutusu Toplu Indirme - PDF Secilenlerin indirilmesi: SCENARIO e-Irsaliye Giden Kutusu Toplu Indirme - PDF Secilenlerin indirilmesi

2021-10-14 17:36:28 - [TEST_STEP][PASSED] - Kullanıcı adı ELOGO6 ve Şifre 123456 olarak giriş yapılır: Kullanıcı adı ELOGO6 ve Şifre 123456 olarak giriş yapılır

2021-10-14 17:36:28 - [MESSAGE][PASSED] - Kullanıcı adı ELOGO6 ve Şifre 123456 olarak giriş yapılır

2021-10-14 17:36:28 - [TEST_STEP][PASSED] - Ana menüden e-İrsaliye seçilir: Ana menüden e-İrsaliye seçilir

2021-10-14 17:36:28 - [MESSAGE][PASSED] - Ana menüden e-İrsaliye seçilir

2021-10-14 17:36:28 - [TEST_STEP][PASSED] - Alt menü Giden Kutusu başlığı altındaki İrsaliyeler seçilir: Alt menü Giden Kutusu başlığı altındaki İrsaliyeler seçilir

2021-10-14 17:36:28 - [MESSAGE][PASSED] - Alt menü Giden Kutusu başlığı altındaki İrsaliyeler seçilir

2021-10-14 17:36:28 - [TEST_STEP][PASSED] - Filtrelerden Oluşturma Tarihi filtresine 01.01.2020 baslangic degerini yaz: Filtrelerden Oluşturma Tarihi filtresine 01.01.2020 baslangic degerini yaz

2021-10-14 17:36:28 - [MESSAGE][PASSED] - Filtrelerden Oluşturma Tarihi filtresine 01.01.2020 baslangic degerini yaz

2021-10-14 17:36:28 - [TEST_STEP][PASSED] - Filtrelerden Oluşturma Tarihi filtresine 31.12.2020 bitis degerini yaz: Filtrelerden Oluşturma Tarihi filtresine 31.12.2020 bitis degerini yaz

2021-10-14 17:36:28 - [MESSAGE][PASSED] - Filtrelerden Oluşturma Tarihi filtresine 31.12.2020 bitis degerini yaz

2021-10-14 17:36:28 - [TEST_STEP][PASSED] - Filtrelerden Alıcı Ünvanı filtresine TEST textini yaz: Filtrelerden Alıcı Ünvanı filtresine TEST textini yaz

2021-10-14 17:36:28 - [MESSAGE][PASSED] - Filtrelerden Alıcı Ünvanı filtresine TEST textini yaz

2021-10-14 17:36:28 - [TEST_STEP][PASSED] - Filtre butonlarından Listele seçilir: Filtre butonlarından Listele seçilir

2021-10-14 17:36:28 - [MESSAGE][PASSED] - Filtre butonlarından Listele seçilir

2021-10-14 17:36:28 - [TEST_STEP][PASSED] - Tabloda veri var mı kontrol edilir: Tabloda veri var mı kontrol edilir

2021-10-14 17:36:28 - [MESSAGE][PASSED] - Tabloda veri var mı kontrol edilir

2021-10-14 17:36:28 - [TEST_STEP][PASSED] - Tablodan TEST isimli veri seçilir: Tablodan TEST isimli veri seçilir

2021-10-14 17:36:28 - [MESSAGE][PASSED] - Tablodan TEST isimli veri seçilir

2021-10-14 17:36:28 - [TEST_STEP][PASSED] - Butonlardan Toplu İndirme isimli butona tıklanır: Butonlardan Toplu İndirme isimli butona tıklanır

2021-10-14 17:36:28 - [MESSAGE][PASSED] - Butonlardan Toplu İndirme isimli butona tıklanır

2021-10-14 17:36:28 - [TEST_STEP][PASSED] - Alt butonlardan PDF Seçilenleri İndir butonuna tıklanır: Alt butonlardan PDF Seçilenleri İndir butonuna tıklanır

2021-10-14 17:36:28 - [MESSAGE][PASSED] - Alt butonlardan PDF Seçilenleri İndir butonuna tıklanır

2021-10-14 17:36:28 - [TEST_STEP][PASSED] - Popup mesajı Lütfen rapor bildiriminin gönderileceği e-posta adresini belirtiniz. içeriyor mu: Popup mesajı Lütfen rapor bildiriminin gönderileceği e-posta adresini belirtiniz. içeriyor mu

2021-10-14 17:36:28 - [MESSAGE][PASSED] - Popup mesajı Lütfen rapor bildiriminin gönderileceği e-posta adresini belirtiniz. içeriyor mu

2021-10-14 17:36:28 - [TEST_STEP][PASSED] - Yönetim popupında Gönder seçilir: Yönetim popupında Gönder seçilir

2021-10-14 17:36:28 - [MESSAGE][PASSED] - Yönetim popupında Gönder seçilir

2021-10-14 17:36:28 - [TEST_STEP][PASSED] - Popup mesajı Toplu Veri İndirme içeriyor mu: Popup mesajı Toplu Veri İndirme içeriyor mu

2021-10-14 17:36:28 - [MESSAGE][PASSED] - Popup mesajı Toplu Veri İndirme içeriyor mu

2021-10-14 17:36:28 - [TEST_STEP][PASSED] - Yönetim popupında Tamam seçilir: Yönetim popupında Tamam seçilir

2021-10-14 17:36:28 - [MESSAGE][PASSED] - Yönetim popupında Tamam seçilir

2021-10-14 17:36:28 - [TEST_STEP][PASSED] - Butonlardan Toplu İndirme isimli butona tıklanır: Butonlardan Toplu İndirme isimli butona tıklanır

2021-10-14 17:36:28 - [MESSAGE][PASSED] - Butonlardan Toplu İndirme isimli butona tıklanır

2021-10-14 17:36:28 - [TEST_STEP][PASSED] - Alt butonlardan PDF Tümünü İndir butonuna tıklanır: Alt butonlardan PDF Tümünü İndir butonuna tıklanır

2021-10-14 17:36:28 - [MESSAGE][PASSED] - Alt butonlardan PDF Tümünü İndir butonuna tıklanır

2021-10-14 17:36:28 - [TEST_STEP][PASSED] - Popup mesajı Lütfen rapor bildiriminin gönderileceği e-posta adresini belirtiniz. içeriyor mu: Popup mesajı Lütfen rapor bildiriminin gönderileceği e-posta adresini belirtiniz. içeriyor mu

2021-10-14 17:36:28 - [MESSAGE][PASSED] - Popup mesajı Lütfen rapor bildiriminin gönderileceği e-posta adresini belirtiniz. içeriyor mu

2021-10-14 17:36:28 - [TEST_STEP][PASSED] - Yönetim popupında Gönder seçilir: Yönetim popupında Gönder seçilir

2021-10-14 17:36:28 - [MESSAGE][PASSED] - Yönetim popupında Gönder seçilir

2021-10-14 17:36:28 - [TEST_STEP][PASSED] - Popup mesajı Toplu Veri İndirme içeriyor mu: Popup mesajı Toplu Veri İndirme içeriyor mu

2021-10-14 17:36:28 - [MESSAGE][PASSED] - Popup mesajı Toplu Veri İndirme içeriyor mu

2021-10-14 17:36:28 - [TEST_STEP][PASSED] - Yönetim popupında Tamam seçilir: Yönetim popupında Tamam seçilir

2021-10-14 17:36:28 - [MESSAGE][PASSED] - Yönetim popupında Tamam seçilir

2021-10-14 17:36:28 - [TEST_STEP][PASSED] - Butonlardan Toplu İndirme isimli butona tıklanır: Butonlardan Toplu İndirme isimli butona tıklanır

2021-10-14 17:36:28 - [MESSAGE][PASSED] - Butonlardan Toplu İndirme isimli butona tıklanır

2021-10-14 17:36:28 - [TEST_STEP][PASSED] - Alt butonlardan UBL Seçilenleri İndir butonuna tıklanır: Alt butonlardan UBL Seçilenleri İndir butonuna tıklanır

2021-10-14 17:36:28 - [MESSAGE][PASSED] - Alt butonlardan UBL Seçilenleri İndir butonuna tıklanır

2021-10-14 17:36:28 - [TEST_STEP][PASSED] - Popup mesajı Lütfen rapor bildiriminin gönderileceği e-posta adresini belirtiniz. içeriyor mu: Popup mesajı Lütfen rapor bildiriminin gönderileceği e-posta adresini belirtiniz. içeriyor mu

2021-10-14 17:36:28 - [MESSAGE][PASSED] - Popup mesajı Lütfen rapor bildiriminin gönderileceği e-posta adresini belirtiniz. içeriyor mu

2021-10-14 17:36:28 - [TEST_STEP][PASSED] - Yönetim popupında Gönder seçilir: Yönetim popupında Gönder seçilir

2021-10-14 17:36:28 - [MESSAGE][PASSED] - Yönetim popupında Gönder seçilir

2021-10-14 17:36:28 - [TEST_STEP][PASSED] - Popup mesajı Toplu Veri İndirme içeriyor mu: Popup mesajı Toplu Veri İndirme içeriyor mu

2021-10-14 17:36:28 - [MESSAGE][PASSED] - Popup mesajı Toplu Veri İndirme içeriyor mu

2021-10-14 17:36:28 - [TEST_STEP][PASSED] - Yönetim popupında Tamam seçilir: Yönetim popupında Tamam seçilir

2021-10-14 17:36:28 - [MESSAGE][PASSED] - Yönetim popupında Tamam seçilir

2021-10-14 17:36:28 - [TEST_STEP][PASSED] - Butonlardan Toplu İndirme isimli butona tıklanır: Butonlardan Toplu İndirme isimli butona tıklanır

2021-10-14 17:36:28 - [MESSAGE][PASSED] - Butonlardan Toplu İndirme isimli butona tıklanır

2021-10-14 17:36:28 - [TEST_STEP][PASSED] - Alt butonlardan UBL Tümünü İndir butonuna tıklanır: Alt butonlardan UBL Tümünü İndir butonuna tıklanır

2021-10-14 17:36:28 - [MESSAGE][PASSED] - Alt butonlardan UBL Tümünü İndir butonuna tıklanır

2021-10-14 17:36:28 - [TEST_STEP][PASSED] - Popup mesajı Lütfen rapor bildiriminin gönderileceği e-posta adresini belirtiniz. içeriyor mu: Popup mesajı Lütfen rapor bildiriminin gönderileceği e-posta adresini belirtiniz. içeriyor mu

2021-10-14 17:36:28 - [MESSAGE][PASSED] - Popup mesajı Lütfen rapor bildiriminin gönderileceği e-posta adresini belirtiniz. içeriyor mu

2021-10-14 17:36:28 - [TEST_STEP][PASSED] - Yönetim popupında Gönder seçilir: Yönetim popupında Gönder seçilir

2021-10-14 17:36:28 - [MESSAGE][PASSED] - Yönetim popupında Gönder seçilir

2021-10-14 17:36:28 - [TEST_STEP][PASSED] - Popup mesajı Toplu Veri İndirme içeriyor mu: Popup mesajı Toplu Veri İndirme içeriyor mu

2021-10-14 17:36:28 - [MESSAGE][PASSED] - Popup mesajı Toplu Veri İndirme içeriyor mu

2021-10-14 17:36:28 - [TEST_STEP][PASSED] - Yönetim popupında Tamam seçilir: Yönetim popupında Tamam seçilir

2021-10-14 17:36:28 - [MESSAGE][PASSED] - Yönetim popupında Tamam seçilir

2021-10-14 17:36:28 - [TEST_STEP][PASSED] - Ana menüden Raporlar seçilir: Ana menüden Raporlar seçilir

2021-10-14 17:36:28 - [MESSAGE][PASSED] - Ana menüden Raporlar seçilir

2021-10-14 17:36:28 - [TEST_STEP][PASSED] - Alt menüden Toplu Veri İndirme seçilir: Alt menüden Toplu Veri İndirme seçilir

2021-10-14 17:36:28 - [MESSAGE][PASSED] - Alt menüden Toplu Veri İndirme seçilir

2021-10-14 17:36:28 - [TEST_STEP][PASSED] - Filtrelerden Talep No filtresine Rapor No bilgisi yaz: Filtrelerden Talep No filtresine Rapor No bilgisi yaz

2021-10-14 17:36:28 - [MESSAGE][PASSED] - Filtrelerden Talep No filtresine Rapor No bilgisi yaz

2021-10-14 17:36:28 - [TEST_STEP][PASSED] - Filtre butonlarından Listele seçilir: Filtre butonlarından Listele seçilir

2021-10-14 17:36:28 - [MESSAGE][PASSED] - Filtre butonlarından Listele seçilir

2021-10-14 17:36:28 - [TEST_STEP][PASSED] - Tabloda veri var mı kontrol edilir: Tabloda veri var mı kontrol edilir

2021-10-14 17:36:28 - [MESSAGE][PASSED] - Tabloda veri var mı kontrol edilir

2021-10-14 17:36:28 - [TEST_STEP][PASSED] - Kullanıcı işlemlerinden Çıkış seçilir: Kullanıcı işlemlerinden Çıkış seçilir

2021-10-14 17:36:28 - [MESSAGE][PASSED] - Kullanıcı işlemlerinden Çıkış seçilir

2021-10-14 17:36:28 - [MESSAGE][PASSED] - Feature file: 'Include/features/e-Irsaliye/Giden Kutusu/Irsaliyeler/Toplu Indirme.feature' was passed

2021-10-14 17:36:28 - [TEST_STEP][PASSED] - Start listener action : sampleAfterTestSuite: Invoke 'com.kms.katalon.core.annotation.AfterTestCase' method: 'Listener.sampleAfterTestSuite(...)' completed.

2021-10-14 17:36:28 - [MESSAGE][INFO] - Starting invoke 'com.kms.katalon.core.annotation.AfterTestCase' method: 'Listener.sampleAfterTestSuite(...)'

2021-10-14 17:36:28 - [TEST_STEP][PASSED] - closeBrowser(): Invoke 'com.kms.katalon.core.annotation.AfterTestCase' method: 'Listener.sampleAfterTestSuite(...)' completed.

2021-10-14 17:36:28 - [MESSAGE][INFO] - Closing browser

2021-10-14 17:36:29 - [MESSAGE][PASSED] - Browser is closed

2021-10-14 17:36:29 - [MESSAGE][INFO] - Invoke 'com.kms.katalon.core.annotation.AfterTestCase' method: 'Listener.sampleAfterTestSuite(...)' completed.]]></system-out>
         <system-err><![CDATA[]]></system-err>
      </testcase>
      <testcase name="Test Cases/Case Repository/e-Makbuz/e-Mustahsil Uygulamasi/e-Mustahsil Makbuzlari/Excele Aktar" time="57.896" classname="Test Cases/Case Repository/e-Makbuz/e-Mustahsil Uygulamasi/e-Mustahsil Makbuzlari/Excele Aktar" status="PASSED">
         <system-out><![CDATA[2021-10-14 17:36:29 - [TEST_CASE][PASSED] - Test Cases/Case Repository/e-Makbuz/e-Mustahsil Uygulamasi/e-Mustahsil Makbuzlari/Excele Aktar: Test Cases/Case Repository/e-Makbuz/e-Mustahsil Uygulamasi/e-Mustahsil Makbuzlari/Excele Aktar

2021-10-14 17:36:29 - [TEST_STEP][PASSED] - Start listener action : sampleBeforeTestSuite: Invoke 'com.kms.katalon.core.annotation.BeforeTestCase' method: 'Listener.sampleBeforeTestSuite(...)' completed.

2021-10-14 17:36:29 - [MESSAGE][INFO] - Starting invoke 'com.kms.katalon.core.annotation.BeforeTestCase' method: 'Listener.sampleBeforeTestSuite(...)'

2021-10-14 17:36:29 - [TEST_STEP][PASSED] - openBrowser(baseUrl): Browser is opened with url: 'https://efatura-stage.elogo.com.tr/'

2021-10-14 17:36:29 - [MESSAGE][INFO] - Opening browser

2021-10-14 17:36:29 - [MESSAGE][INFO] - Starting 'Chrome' driver

2021-10-14 17:36:29 - [MESSAGE][INFO] - User set preference: ['prefs', '{download.default_directory=C:\otomasyondownfiles}']

2021-10-14 17:36:29 - [MESSAGE][INFO] - Action delay is set to 0 milliseconds

2021-10-14 17:36:30 - [MESSAGE][INFO] - Navigating browser to: 'https://efatura-stage.elogo.com.tr/'

2021-10-14 17:36:34 - [MESSAGE][PASSED] - Browser is opened with url: 'https://efatura-stage.elogo.com.tr/'

2021-10-14 17:36:34 - [TEST_STEP][PASSED] - maximizeWindow(): Invoke 'com.kms.katalon.core.annotation.BeforeTestCase' method: 'Listener.sampleBeforeTestSuite(...)' completed.

2021-10-14 17:36:34 - [MESSAGE][INFO] - Maximizing current window

2021-10-14 17:36:34 - [MESSAGE][PASSED] - Current window maximized

2021-10-14 17:36:34 - [MESSAGE][INFO] - Invoke 'com.kms.katalon.core.annotation.BeforeTestCase' method: 'Listener.sampleBeforeTestSuite(...)' completed.

2021-10-14 17:36:35 - [TEST_STEP][PASSED] - runFeatureFile("Include/features/e-Makbuz/e-Mustahsil Uygulamasi/e-Mustahsil Makbuzlari/Excele Aktar.feature"): Feature file: 'Include/features/e-Makbuz/e-Mustahsil Uygulamasi/e-Mustahsil Makbuzlari/Excele Aktar.feature' was passed

2021-10-14 17:36:35 - [MESSAGE][INFO] - Starting run keyword runFeatureFile: 'Include/features/e-Makbuz/e-Mustahsil Uygulamasi/e-Mustahsil Makbuzlari/Excele Aktar.feature' and extract report to folder: 'C:\Users\DELL\Downloads\EES_Katalon-main\Reports\20211014_170112\Suite Repository\ExceleAktarVeTopluIndirme\20211014_170125/cucumber_report/1634222195135'...

2021-10-14 17:36:35 - [MESSAGE][INFO] - Glue: []

2021-10-14 17:36:35 - [MESSAGE][INFO] - Checking called Test Case

2021-10-14 17:36:35 - [MESSAGE][INFO] - Starting to call Test Case 'Test Cases/Sayfalar/Giris_Sayfasi/Login'

2021-10-14 17:36:35 - [TEST_CASE][PASSED] - Test Cases/Sayfalar/Giris_Sayfasi/Login: Test Cases/Sayfalar/Giris_Sayfasi/Login

2021-10-14 17:36:35 - [TEST_STEP][PASSED] - Sayfa_Basligi = getWindowTitle(): Current window's title is: 'LOGO e-Fatura'

2021-10-14 17:36:35 - [MESSAGE][INFO] - Getting current window's title

2021-10-14 17:36:35 - [MESSAGE][PASSED] - Current window's title is: 'LOGO e-Fatura'

2021-10-14 17:36:35 - [TEST_STEP][PASSED] - verifyMatch(Sayfa_Basligi, "LOGO e-Fatura", false): Actual text 'LOGO e-Fatura' and expected text 'LOGO e-Fatura' are matched 

2021-10-14 17:36:35 - [MESSAGE][INFO] - Matching actual text 'LOGO e-Fatura' with expected text 'LOGO e-Fatura'

2021-10-14 17:36:35 - [MESSAGE][PASSED] - Actual text 'LOGO e-Fatura' and expected text 'LOGO e-Fatura' are matched 

2021-10-14 17:36:35 - [TEST_STEP][PASSED] - sendKeys(findTestObject("Sayfalar/Giris_Sayfasi/Firma_Kodu"), KullaniciAdi): Keys 'ELOGO6' sent to object: 'Object Repository/Sayfalar/Giris_Sayfasi/Firma_Kodu'

2021-10-14 17:36:35 - [MESSAGE][INFO] - Finding Test Object 'Object Repository/Sayfalar/Giris_Sayfasi/Firma_Kodu'

2021-10-14 17:36:36 - [MESSAGE][INFO] - Sending keys 'ELOGO6' to object: 'Object Repository/Sayfalar/Giris_Sayfasi/Firma_Kodu'

2021-10-14 17:36:36 - [MESSAGE][INFO] - Finding web element from Test Object's properties

2021-10-14 17:36:36 - [MESSAGE][INFO] - Checking timeout

2021-10-14 17:36:36 - [MESSAGE][INFO] - Finding web element with id: 'Object Repository/Sayfalar/Giris_Sayfasi/Firma_Kodu' located by 'By.xpath: //*[@id = 'AccountName']' in '30' second(s)

2021-10-14 17:36:36 - [MESSAGE][INFO] - Smart Wait Function is triggered

2021-10-14 17:36:36 - [MESSAGE][INFO] - Found 1 web elements with id: 'Object Repository/Sayfalar/Giris_Sayfasi/Firma_Kodu' located by 'By.xpath: //*[@id = 'AccountName']' in '30' second(s)

2021-10-14 17:36:36 - [MESSAGE][PASSED] - Keys 'ELOGO6' sent to object: 'Object Repository/Sayfalar/Giris_Sayfasi/Firma_Kodu'

2021-10-14 17:36:36 - [TEST_STEP][PASSED] - sendKeys(findTestObject("Sayfalar/Giris_Sayfasi/Sifre"), Sifre): Keys '123456' sent to object: 'Object Repository/Sayfalar/Giris_Sayfasi/Sifre'

2021-10-14 17:36:36 - [MESSAGE][INFO] - Finding Test Object 'Object Repository/Sayfalar/Giris_Sayfasi/Sifre'

2021-10-14 17:36:36 - [MESSAGE][INFO] - Sending keys '123456' to object: 'Object Repository/Sayfalar/Giris_Sayfasi/Sifre'

2021-10-14 17:36:36 - [MESSAGE][INFO] - Finding web element from Test Object's properties

2021-10-14 17:36:36 - [MESSAGE][INFO] - Checking timeout

2021-10-14 17:36:36 - [MESSAGE][INFO] - Finding web element with id: 'Object Repository/Sayfalar/Giris_Sayfasi/Sifre' located by 'By.xpath: //*[@id = 'Password']' in '30' second(s)

2021-10-14 17:36:36 - [MESSAGE][INFO] - Smart Wait Function is triggered

2021-10-14 17:36:37 - [MESSAGE][INFO] - Found 1 web elements with id: 'Object Repository/Sayfalar/Giris_Sayfasi/Sifre' located by 'By.xpath: //*[@id = 'Password']' in '30' second(s)

2021-10-14 17:36:37 - [MESSAGE][PASSED] - Keys '123456' sent to object: 'Object Repository/Sayfalar/Giris_Sayfasi/Sifre'

2021-10-14 17:36:37 - [TEST_STEP][PASSED] - findWebElement(findTestObject("Sayfalar/Giris_Sayfasi/Giris_Butonu")).click(): Found 1 web elements with id: 'Object Repository/Sayfalar/Giris_Sayfasi/Giris_Butonu' located by 'By.cssSelector: #btnLogin' in '30' second(s)

2021-10-14 17:36:37 - [MESSAGE][INFO] - Finding Test Object 'Object Repository/Sayfalar/Giris_Sayfasi/Giris_Butonu'

2021-10-14 17:36:37 - [MESSAGE][INFO] - Finding web element from Test Object's properties

2021-10-14 17:36:37 - [MESSAGE][INFO] - Checking timeout

2021-10-14 17:36:37 - [MESSAGE][INFO] - Finding web element with id: 'Object Repository/Sayfalar/Giris_Sayfasi/Giris_Butonu' located by 'By.cssSelector: #btnLogin' in '30' second(s)

2021-10-14 17:36:37 - [MESSAGE][INFO] - Smart Wait Function is triggered

2021-10-14 17:36:37 - [MESSAGE][INFO] - Found 1 web elements with id: 'Object Repository/Sayfalar/Giris_Sayfasi/Giris_Butonu' located by 'By.cssSelector: #btnLogin' in '30' second(s)

2021-10-14 17:36:40 - [TEST_STEP][PASSED] - if (verifyElementPresent(findTestObject("Object Repository/Sayfalar/Giris_Sayfasi/RetveTamam_Butonu"), 5, OPTIONAL)): null

2021-10-14 17:36:40 - [MESSAGE][INFO] - Finding Test Object 'Object Repository/Sayfalar/Giris_Sayfasi/RetveTamam_Butonu'

2021-10-14 17:36:40 - [MESSAGE][INFO] - Checking object

2021-10-14 17:36:40 - [MESSAGE][INFO] - Finding web element from Test Object's properties

2021-10-14 17:36:40 - [MESSAGE][INFO] - Checking timeout

2021-10-14 17:36:40 - [MESSAGE][INFO] - Finding web element with id: 'Object Repository/Sayfalar/Giris_Sayfasi/RetveTamam_Butonu' located by 'By.xpath: //*[@class = 'btn btn-default']' in '5' second(s)

2021-10-14 17:36:40 - [MESSAGE][INFO] - Smart Wait Function is triggered

2021-10-14 17:36:40 - [MESSAGE][INFO] - Found 1 web elements with id: 'Object Repository/Sayfalar/Giris_Sayfasi/RetveTamam_Butonu' located by 'By.xpath: //*[@class = 'btn btn-default']' in '5' second(s)

2021-10-14 17:36:40 - [MESSAGE][PASSED] - Object 'Object Repository/Sayfalar/Giris_Sayfasi/RetveTamam_Butonu' is present

2021-10-14 17:36:40 - [TEST_STEP][PASSED] - click(findTestObject("Object Repository/Sayfalar/Giris_Sayfasi/RetveTamam_Butonu")): Object: 'Object Repository/Sayfalar/Giris_Sayfasi/RetveTamam_Butonu' is clicked on

2021-10-14 17:36:40 - [MESSAGE][INFO] - Finding Test Object 'Object Repository/Sayfalar/Giris_Sayfasi/RetveTamam_Butonu'

2021-10-14 17:36:40 - [MESSAGE][INFO] - Checking object

2021-10-14 17:36:40 - [MESSAGE][INFO] - Finding web element from Test Object's properties

2021-10-14 17:36:40 - [MESSAGE][INFO] - Checking timeout

2021-10-14 17:36:40 - [MESSAGE][INFO] - Finding web element with id: 'Object Repository/Sayfalar/Giris_Sayfasi/RetveTamam_Butonu' located by 'By.xpath: //*[@class = 'btn btn-default']' in '30' second(s)

2021-10-14 17:36:40 - [MESSAGE][INFO] - Smart Wait Function is triggered

2021-10-14 17:36:41 - [MESSAGE][INFO] - Found 1 web elements with id: 'Object Repository/Sayfalar/Giris_Sayfasi/RetveTamam_Butonu' located by 'By.xpath: //*[@class = 'btn btn-default']' in '30' second(s)

2021-10-14 17:36:41 - [MESSAGE][INFO] - Clicking on object: 'Object Repository/Sayfalar/Giris_Sayfasi/RetveTamam_Butonu'

2021-10-14 17:36:41 - [MESSAGE][PASSED] - Object: 'Object Repository/Sayfalar/Giris_Sayfasi/RetveTamam_Butonu' is clicked on

2021-10-14 17:36:41 - [TEST_STEP][PASSED] - click(findTestObject("Object Repository/Sayfalar/Giris_Sayfasi/RetveTamam_Butonu")): Object: 'Object Repository/Sayfalar/Giris_Sayfasi/RetveTamam_Butonu' is clicked on

2021-10-14 17:36:41 - [MESSAGE][INFO] - Finding Test Object 'Object Repository/Sayfalar/Giris_Sayfasi/RetveTamam_Butonu'

2021-10-14 17:36:41 - [MESSAGE][INFO] - Checking object

2021-10-14 17:36:41 - [MESSAGE][INFO] - Finding web element from Test Object's properties

2021-10-14 17:36:41 - [MESSAGE][INFO] - Checking timeout

2021-10-14 17:36:41 - [MESSAGE][INFO] - Finding web element with id: 'Object Repository/Sayfalar/Giris_Sayfasi/RetveTamam_Butonu' located by 'By.xpath: //*[@class = 'btn btn-default']' in '30' second(s)

2021-10-14 17:36:41 - [MESSAGE][INFO] - Smart Wait Function is triggered

2021-10-14 17:36:44 - [MESSAGE][INFO] - Found 1 web elements with id: 'Object Repository/Sayfalar/Giris_Sayfasi/RetveTamam_Butonu' located by 'By.xpath: //*[@class = 'btn btn-default']' in '30' second(s)

2021-10-14 17:36:44 - [MESSAGE][INFO] - Clicking on object: 'Object Repository/Sayfalar/Giris_Sayfasi/RetveTamam_Butonu'

2021-10-14 17:36:44 - [MESSAGE][PASSED] - Object: 'Object Repository/Sayfalar/Giris_Sayfasi/RetveTamam_Butonu' is clicked on

2021-10-14 17:36:44 - [TEST_STEP][PASSED] - if (verifyElementPresent(findTestObject("Sayfalar/Giris_Sayfasi/PopupOK"), 5, OPTIONAL)): null

2021-10-14 17:36:44 - [MESSAGE][INFO] - Finding Test Object 'Object Repository/Sayfalar/Giris_Sayfasi/PopupOK'

2021-10-14 17:36:44 - [MESSAGE][INFO] - Checking object

2021-10-14 17:36:44 - [MESSAGE][INFO] - Finding web element from Test Object's properties

2021-10-14 17:36:44 - [MESSAGE][INFO] - Checking timeout

2021-10-14 17:36:44 - [MESSAGE][INFO] - Finding web element with id: 'Object Repository/Sayfalar/Giris_Sayfasi/PopupOK' located by 'By.cssSelector: .btn.btn-success' in '5' second(s)

2021-10-14 17:36:44 - [MESSAGE][INFO] - Smart Wait Function is triggered

2021-10-14 17:36:45 - [MESSAGE][INFO] - Found 1 web elements with id: 'Object Repository/Sayfalar/Giris_Sayfasi/PopupOK' located by 'By.cssSelector: .btn.btn-success' in '5' second(s)

2021-10-14 17:36:45 - [MESSAGE][PASSED] - Object 'Object Repository/Sayfalar/Giris_Sayfasi/PopupOK' is present

2021-10-14 17:36:45 - [TEST_STEP][PASSED] - click(findTestObject("Object Repository/Sayfalar/Giris_Sayfasi/PopupCarpiGiris")): Object: 'Object Repository/Sayfalar/Giris_Sayfasi/PopupCarpiGiris' is clicked on

2021-10-14 17:36:45 - [MESSAGE][INFO] - Finding Test Object 'Object Repository/Sayfalar/Giris_Sayfasi/PopupCarpiGiris'

2021-10-14 17:36:45 - [MESSAGE][INFO] - Checking object

2021-10-14 17:36:45 - [MESSAGE][INFO] - Finding web element from Test Object's properties

2021-10-14 17:36:45 - [MESSAGE][INFO] - Checking timeout

2021-10-14 17:36:45 - [MESSAGE][INFO] - Finding web element with id: 'Object Repository/Sayfalar/Giris_Sayfasi/PopupCarpiGiris' located by 'By.cssSelector: .bootbox-close-button.close' in '30' second(s)

2021-10-14 17:36:45 - [MESSAGE][INFO] - Smart Wait Function is triggered

2021-10-14 17:36:45 - [MESSAGE][INFO] - Found 1 web elements with id: 'Object Repository/Sayfalar/Giris_Sayfasi/PopupCarpiGiris' located by 'By.cssSelector: .bootbox-close-button.close' in '30' second(s)

2021-10-14 17:36:45 - [MESSAGE][INFO] - Clicking on object: 'Object Repository/Sayfalar/Giris_Sayfasi/PopupCarpiGiris'

2021-10-14 17:36:45 - [MESSAGE][PASSED] - Object: 'Object Repository/Sayfalar/Giris_Sayfasi/PopupCarpiGiris' is clicked on

2021-10-14 17:36:45 - [TEST_STEP][PASSED] - verifyElementVisible(findTestObject("Object Repository/Kullanici_Islemleri/KullaniciIslemleri")): Object 'Object Repository/Kullanici_Islemleri/KullaniciIslemleri' is visible

2021-10-14 17:36:45 - [MESSAGE][INFO] - Finding Test Object 'Object Repository/Kullanici_Islemleri/KullaniciIslemleri'

2021-10-14 17:36:45 - [MESSAGE][INFO] - Checking object

2021-10-14 17:36:45 - [MESSAGE][INFO] - Finding web element from Test Object's properties

2021-10-14 17:36:45 - [MESSAGE][INFO] - Checking timeout

2021-10-14 17:36:45 - [MESSAGE][INFO] - Finding web element with id: 'Object Repository/Kullanici_Islemleri/KullaniciIslemleri' located by 'By.cssSelector: .dropdown>a>img' in '30' second(s)

2021-10-14 17:36:45 - [MESSAGE][INFO] - Smart Wait Function is triggered

2021-10-14 17:36:46 - [MESSAGE][INFO] - Found 1 web elements with id: 'Object Repository/Kullanici_Islemleri/KullaniciIslemleri' located by 'By.cssSelector: .dropdown>a>img' in '30' second(s)

2021-10-14 17:36:46 - [MESSAGE][PASSED] - Object 'Object Repository/Kullanici_Islemleri/KullaniciIslemleri' is visible

2021-10-14 17:36:46 - [MESSAGE][PASSED] - Call Test Case 'Test Cases/Sayfalar/Giris_Sayfasi/Login' successfully

2021-10-14 17:36:46 - [MESSAGE][INFO] - Checking called Test Case

2021-10-14 17:36:46 - [MESSAGE][INFO] - Starting to call Test Case 'Test Cases/Menu/AnaMenuSecimi'

2021-10-14 17:36:46 - [TEST_CASE][PASSED] - Test Cases/Menu/AnaMenuSecimi: Test Cases/Menu/AnaMenuSecimi

2021-10-14 17:36:46 - [TEST_STEP][PASSED] - Method.TextDegerineEsitElementeTikla(findTestObject("Menu/Ana_Menu"), Ana_Menu): Method.TextDegerineEsitElementeTikla is PASSED

2021-10-14 17:36:46 - [MESSAGE][INFO] - Finding Test Object 'Object Repository/Menu/Ana_Menu'

2021-10-14 17:36:46 - [MESSAGE][INFO] - Checking timeout

2021-10-14 17:36:46 - [MESSAGE][INFO] - Finding web element with id: 'Object Repository/Menu/Ana_Menu' located by 'By.xpath: //*[@class = 'dropdown-toggle']' in '10' second(s)

2021-10-14 17:36:46 - [MESSAGE][INFO] - Smart Wait Function is triggered

2021-10-14 17:36:46 - [MESSAGE][INFO] - Found 14 web elements with id: 'Object Repository/Menu/Ana_Menu' located by 'By.xpath: //*[@class = 'dropdown-toggle']' in '10' second(s)

2021-10-14 17:36:47 - [MESSAGE][PASSED] - Method.TextDegerineEsitElementeTikla is PASSED

2021-10-14 17:36:47 - [MESSAGE][PASSED] - Call Test Case 'Test Cases/Menu/AnaMenuSecimi' successfully

2021-10-14 17:36:47 - [MESSAGE][INFO] - Checking called Test Case

2021-10-14 17:36:47 - [MESSAGE][INFO] - Starting to call Test Case 'Test Cases/Menu/BasligaGoreAltMenuSecimi'

2021-10-14 17:36:47 - [TEST_CASE][PASSED] - Test Cases/Menu/BasligaGoreAltMenuSecimi: Test Cases/Menu/BasligaGoreAltMenuSecimi

2021-10-14 17:36:47 - [TEST_STEP][PASSED] - Method.TextDegerineEsitElementinAltindakiTextDegerineEsitOlanaTikla(findTestObject("Menu/Menu_Basligi"), findTestObject("Menu/Basliga_Gore_Alt_Menu"), Baslik, Alt_Menu): Method.TextDegerineEsitElementinAltindakiTextDegerineEsitOlanaTikla is PASSED

2021-10-14 17:36:47 - [MESSAGE][INFO] - Finding Test Object 'Object Repository/Menu/Menu_Basligi'

2021-10-14 17:36:47 - [MESSAGE][INFO] - Finding Test Object 'Object Repository/Menu/Basliga_Gore_Alt_Menu'

2021-10-14 17:36:47 - [MESSAGE][INFO] - Checking timeout

2021-10-14 17:36:47 - [MESSAGE][INFO] - Finding web element with id: 'Object Repository/Menu/Menu_Basligi' located by 'By.xpath: //li[@class='dropdown dropdown-large open']//li[@class='dropdown-header']' in '10' second(s)

2021-10-14 17:36:47 - [MESSAGE][INFO] - Smart Wait Function is triggered

2021-10-14 17:36:47 - [MESSAGE][INFO] - Found 2 web elements with id: 'Object Repository/Menu/Menu_Basligi' located by 'By.xpath: //li[@class='dropdown dropdown-large open']//li[@class='dropdown-header']' in '10' second(s)

2021-10-14 17:36:47 - [MESSAGE][INFO] - Smart Wait Function is triggered

2021-10-14 17:36:53 - [MESSAGE][PASSED] - Method.TextDegerineEsitElementinAltindakiTextDegerineEsitOlanaTikla is PASSED

2021-10-14 17:36:53 - [MESSAGE][PASSED] - Call Test Case 'Test Cases/Menu/BasligaGoreAltMenuSecimi' successfully

2021-10-14 17:36:53 - [MESSAGE][INFO] - Checking called Test Case

2021-10-14 17:36:53 - [MESSAGE][INFO] - Starting to call Test Case 'Test Cases/Filtreler/BaslangicYaz'

2021-10-14 17:36:53 - [TEST_CASE][PASSED] - Test Cases/Filtreler/BaslangicYaz: Test Cases/Filtreler/BaslangicYaz

2021-10-14 17:36:53 - [TEST_STEP][PASSED] - Method.TextDegerineEsitElementinAltindakineTikla(findTestObject("Filtreler/Basliklar"), findTestObject("Filtreler/Basliga_Gore_Baslangic_Image"), Filtre_Adi): Method.TextDegerineEsitElementinAltindakineTikla is PASSED

2021-10-14 17:36:53 - [MESSAGE][INFO] - Finding Test Object 'Object Repository/Filtreler/Basliklar'

2021-10-14 17:36:53 - [MESSAGE][INFO] - Finding Test Object 'Object Repository/Filtreler/Basliga_Gore_Baslangic_Image'

2021-10-14 17:36:53 - [MESSAGE][INFO] - Checking timeout

2021-10-14 17:36:53 - [MESSAGE][INFO] - Finding web element with id: 'Object Repository/Filtreler/Basliklar' located by 'By.cssSelector: .control-label.col-sm-4.paddingMarginRLC' in '10' second(s)

2021-10-14 17:36:53 - [MESSAGE][INFO] - Smart Wait Function is triggered

2021-10-14 17:36:53 - [MESSAGE][INFO] - Found 14 web elements with id: 'Object Repository/Filtreler/Basliklar' located by 'By.cssSelector: .control-label.col-sm-4.paddingMarginRLC' in '10' second(s)

2021-10-14 17:36:53 - [MESSAGE][INFO] - Smart Wait Function is triggered

2021-10-14 17:36:54 - [MESSAGE][PASSED] - Method.TextDegerineEsitElementinAltindakineTikla is PASSED

2021-10-14 17:36:54 - [TEST_STEP][PASSED] - Method.TextDegerineEsitElementinAltindakiTextboxtaYaz(findTestObject("Filtreler/Basliklar"), findTestObject("Filtreler/Basliga_Gore_Baslangic"), Filtre_Adi, Filtre_Degeri): Method.TextDegerineEsitElementinAltindakiTextboxtaYaz is PASSED

2021-10-14 17:36:54 - [MESSAGE][INFO] - Finding Test Object 'Object Repository/Filtreler/Basliklar'

2021-10-14 17:36:54 - [MESSAGE][INFO] - Finding Test Object 'Object Repository/Filtreler/Basliga_Gore_Baslangic'

2021-10-14 17:36:54 - [MESSAGE][INFO] - Checking timeout

2021-10-14 17:36:54 - [MESSAGE][INFO] - Finding web element with id: 'Object Repository/Filtreler/Basliklar' located by 'By.cssSelector: .control-label.col-sm-4.paddingMarginRLC' in '10' second(s)

2021-10-14 17:36:54 - [MESSAGE][INFO] - Smart Wait Function is triggered

2021-10-14 17:36:54 - [MESSAGE][INFO] - Found 14 web elements with id: 'Object Repository/Filtreler/Basliklar' located by 'By.cssSelector: .control-label.col-sm-4.paddingMarginRLC' in '10' second(s)

2021-10-14 17:36:54 - [MESSAGE][INFO] - Smart Wait Function is triggered

2021-10-14 17:36:55 - [MESSAGE][PASSED] - Method.TextDegerineEsitElementinAltindakiTextboxtaYaz is PASSED

2021-10-14 17:36:55 - [MESSAGE][PASSED] - Call Test Case 'Test Cases/Filtreler/BaslangicYaz' successfully

2021-10-14 17:36:55 - [MESSAGE][INFO] - Checking called Test Case

2021-10-14 17:36:55 - [MESSAGE][INFO] - Starting to call Test Case 'Test Cases/Filtreler/BitisYaz'

2021-10-14 17:36:55 - [TEST_CASE][PASSED] - Test Cases/Filtreler/BitisYaz: Test Cases/Filtreler/BitisYaz

2021-10-14 17:36:55 - [TEST_STEP][PASSED] - Method.TextDegerineEsitElementinAltindakineTikla(findTestObject("Filtreler/Basliklar"), findTestObject("Filtreler/Basliga_Gore_Bitis_Image"), Filtre_Adi): Method.TextDegerineEsitElementinAltindakineTikla is PASSED

2021-10-14 17:36:55 - [MESSAGE][INFO] - Finding Test Object 'Object Repository/Filtreler/Basliklar'

2021-10-14 17:36:55 - [MESSAGE][INFO] - Finding Test Object 'Object Repository/Filtreler/Basliga_Gore_Bitis_Image'

2021-10-14 17:36:55 - [MESSAGE][INFO] - Checking timeout

2021-10-14 17:36:55 - [MESSAGE][INFO] - Finding web element with id: 'Object Repository/Filtreler/Basliklar' located by 'By.cssSelector: .control-label.col-sm-4.paddingMarginRLC' in '10' second(s)

2021-10-14 17:36:55 - [MESSAGE][INFO] - Smart Wait Function is triggered

2021-10-14 17:36:55 - [MESSAGE][INFO] - Found 14 web elements with id: 'Object Repository/Filtreler/Basliklar' located by 'By.cssSelector: .control-label.col-sm-4.paddingMarginRLC' in '10' second(s)

2021-10-14 17:36:55 - [MESSAGE][INFO] - Smart Wait Function is triggered

2021-10-14 17:36:56 - [MESSAGE][PASSED] - Method.TextDegerineEsitElementinAltindakineTikla is PASSED

2021-10-14 17:36:56 - [TEST_STEP][PASSED] - Method.TextDegerineEsitElementinAltindakiTextboxtaYaz(findTestObject("Filtreler/Basliklar"), findTestObject("Object Repository/Filtreler/Basliga_Gore_Bitis"), Filtre_Adi, Filtre_Degeri): Method.TextDegerineEsitElementinAltindakiTextboxtaYaz is PASSED

2021-10-14 17:36:56 - [MESSAGE][INFO] - Finding Test Object 'Object Repository/Filtreler/Basliklar'

2021-10-14 17:36:56 - [MESSAGE][INFO] - Finding Test Object 'Object Repository/Filtreler/Basliga_Gore_Bitis'

2021-10-14 17:36:56 - [MESSAGE][INFO] - Checking timeout

2021-10-14 17:36:56 - [MESSAGE][INFO] - Finding web element with id: 'Object Repository/Filtreler/Basliklar' located by 'By.cssSelector: .control-label.col-sm-4.paddingMarginRLC' in '10' second(s)

2021-10-14 17:36:56 - [MESSAGE][INFO] - Smart Wait Function is triggered

2021-10-14 17:36:56 - [MESSAGE][INFO] - Found 14 web elements with id: 'Object Repository/Filtreler/Basliklar' located by 'By.cssSelector: .control-label.col-sm-4.paddingMarginRLC' in '10' second(s)

2021-10-14 17:36:57 - [MESSAGE][INFO] - Smart Wait Function is triggered

2021-10-14 17:36:57 - [MESSAGE][PASSED] - Method.TextDegerineEsitElementinAltindakiTextboxtaYaz is PASSED

2021-10-14 17:36:57 - [MESSAGE][PASSED] - Call Test Case 'Test Cases/Filtreler/BitisYaz' successfully

2021-10-14 17:36:57 - [MESSAGE][INFO] - Checking called Test Case

2021-10-14 17:36:57 - [MESSAGE][INFO] - Starting to call Test Case 'Test Cases/Filtreler/TexboxaYaz'

2021-10-14 17:36:57 - [TEST_CASE][PASSED] - Test Cases/Filtreler/TexboxaYaz: Test Cases/Filtreler/TexboxaYaz

2021-10-14 17:36:57 - [TEST_STEP][PASSED] - Method.TextDegerineEsitElementinAltindakiTextboxtaYaz(findTestObject("Filtreler/Basliklar"), findTestObject("Filtreler/Basliga_Gore_Textbox"), Filtre_Adi, Filtre_Degeri): Method.TextDegerineEsitElementinAltindakiTextboxtaYaz is PASSED

2021-10-14 17:36:57 - [MESSAGE][INFO] - Finding Test Object 'Object Repository/Filtreler/Basliklar'

2021-10-14 17:36:57 - [MESSAGE][INFO] - Finding Test Object 'Object Repository/Filtreler/Basliga_Gore_Textbox'

2021-10-14 17:36:57 - [MESSAGE][INFO] - Checking timeout

2021-10-14 17:36:57 - [MESSAGE][INFO] - Finding web element with id: 'Object Repository/Filtreler/Basliklar' located by 'By.cssSelector: .control-label.col-sm-4.paddingMarginRLC' in '10' second(s)

2021-10-14 17:36:57 - [MESSAGE][INFO] - Smart Wait Function is triggered

2021-10-14 17:36:58 - [MESSAGE][INFO] - Found 14 web elements with id: 'Object Repository/Filtreler/Basliklar' located by 'By.cssSelector: .control-label.col-sm-4.paddingMarginRLC' in '10' second(s)

2021-10-14 17:36:58 - [MESSAGE][INFO] - Smart Wait Function is triggered

2021-10-14 17:36:59 - [MESSAGE][PASSED] - Method.TextDegerineEsitElementinAltindakiTextboxtaYaz is PASSED

2021-10-14 17:36:59 - [MESSAGE][PASSED] - Call Test Case 'Test Cases/Filtreler/TexboxaYaz' successfully

2021-10-14 17:36:59 - [MESSAGE][INFO] - Checking called Test Case

2021-10-14 17:36:59 - [MESSAGE][INFO] - Starting to call Test Case 'Test Cases/Filtreler/ButonaTikla'

2021-10-14 17:36:59 - [TEST_CASE][PASSED] - Test Cases/Filtreler/ButonaTikla: Test Cases/Filtreler/ButonaTikla

2021-10-14 17:36:59 - [TEST_STEP][PASSED] - Method.TextDegerineEsitElementeTikla(findTestObject("Filtreler/Butonlar"), Filtre_Buton): Method.TextDegerineEsitElementeTikla is PASSED

2021-10-14 17:36:59 - [MESSAGE][INFO] - Finding Test Object 'Object Repository/Filtreler/Butonlar'

2021-10-14 17:36:59 - [MESSAGE][INFO] - Checking timeout

2021-10-14 17:36:59 - [MESSAGE][INFO] - Finding web element with id: 'Object Repository/Filtreler/Butonlar' located by 'By.cssSelector: .dxb>span' in '10' second(s)

2021-10-14 17:36:59 - [MESSAGE][INFO] - Smart Wait Function is triggered

2021-10-14 17:36:59 - [MESSAGE][INFO] - Found 3 web elements with id: 'Object Repository/Filtreler/Butonlar' located by 'By.cssSelector: .dxb>span' in '10' second(s)

2021-10-14 17:36:59 - [MESSAGE][PASSED] - Method.TextDegerineEsitElementeTikla is PASSED

2021-10-14 17:36:59 - [MESSAGE][PASSED] - Call Test Case 'Test Cases/Filtreler/ButonaTikla' successfully

2021-10-14 17:36:59 - [MESSAGE][INFO] - Checking called Test Case

2021-10-14 17:36:59 - [MESSAGE][INFO] - Starting to call Test Case 'Test Cases/Tablo/TablodaVeriVarMi'

2021-10-14 17:36:59 - [TEST_CASE][PASSED] - Test Cases/Tablo/TablodaVeriVarMi: Test Cases/Tablo/TablodaVeriVarMi

2021-10-14 17:36:59 - [TEST_STEP][PASSED] - verifyTextNotPresent("Görüntülenecek veri yok", true): Text 'Görüntülenecek veri yok' is not present on page using regular expression

2021-10-14 17:36:59 - [MESSAGE][INFO] - Checking text present  using regular expression

2021-10-14 17:36:59 - [MESSAGE][INFO] - Smart Wait Function is triggered

2021-10-14 17:37:00 - [MESSAGE][INFO] - Finding text 'Görüntülenecek veri yok' on page  using regular expression

2021-10-14 17:37:00 - [MESSAGE][PASSED] - Text 'Görüntülenecek veri yok' is not present on page using regular expression

2021-10-14 17:37:00 - [MESSAGE][PASSED] - Call Test Case 'Test Cases/Tablo/TablodaVeriVarMi' successfully

2021-10-14 17:37:00 - [MESSAGE][INFO] - Checking called Test Case

2021-10-14 17:37:00 - [MESSAGE][INFO] - Starting to call Test Case 'Test Cases/Tablo/TablodanVeriSec'

2021-10-14 17:37:00 - [TEST_CASE][PASSED] - Test Cases/Tablo/TablodanVeriSec: Test Cases/Tablo/TablodanVeriSec

2021-10-14 17:37:00 - [TEST_STEP][PASSED] - Method.TextDegerineEsitElementinAltindakineTikla(findTestObject("Tablo/Veriler"), findTestObject("Tablo/VerininCheckBoxi"), Veri_Adi): Method.TextDegerineEsitElementinAltindakineTikla is PASSED

2021-10-14 17:37:00 - [MESSAGE][INFO] - Finding Test Object 'Object Repository/Tablo/Veriler'

2021-10-14 17:37:00 - [MESSAGE][INFO] - Finding Test Object 'Object Repository/Tablo/VerininCheckBoxi'

2021-10-14 17:37:01 - [MESSAGE][INFO] - Checking timeout

2021-10-14 17:37:01 - [MESSAGE][INFO] - Finding web element with id: 'Object Repository/Tablo/Veriler' located by 'By.cssSelector: td.dxgv b ,td.dxgv' in '10' second(s)

2021-10-14 17:37:01 - [MESSAGE][INFO] - Smart Wait Function is triggered

2021-10-14 17:37:01 - [MESSAGE][INFO] - Found 13 web elements with id: 'Object Repository/Tablo/Veriler' located by 'By.cssSelector: td.dxgv b ,td.dxgv' in '10' second(s)

2021-10-14 17:37:01 - [MESSAGE][INFO] - Smart Wait Function is triggered

2021-10-14 17:37:01 - [MESSAGE][PASSED] - Method.TextDegerineEsitElementinAltindakineTikla is PASSED

2021-10-14 17:37:01 - [MESSAGE][PASSED] - Call Test Case 'Test Cases/Tablo/TablodanVeriSec' successfully

2021-10-14 17:37:01 - [MESSAGE][INFO] - Checking called Test Case

2021-10-14 17:37:01 - [MESSAGE][INFO] - Starting to call Test Case 'Test Cases/Butonlar/ButonaTikla'

2021-10-14 17:37:01 - [TEST_CASE][PASSED] - Test Cases/Butonlar/ButonaTikla: Test Cases/Butonlar/ButonaTikla

2021-10-14 17:37:01 - [TEST_STEP][PASSED] - Method.TextDegerineEsitElementeTiklaEquals(findTestObject("Butonlar/Butonlar"), Buton_Adi): Method.TextDegerineEsitElementeTiklaEquals is PASSED

2021-10-14 17:37:01 - [MESSAGE][INFO] - Finding Test Object 'Object Repository/Butonlar/Butonlar'

2021-10-14 17:37:02 - [MESSAGE][INFO] - Checking timeout

2021-10-14 17:37:02 - [MESSAGE][INFO] - Finding web element with id: 'Object Repository/Butonlar/Butonlar' located by 'By.cssSelector: .panel.panel-default.text-center.footerPanel .btn,.btn.btn-primary.btnControls' in '10' second(s)

2021-10-14 17:37:02 - [MESSAGE][INFO] - Smart Wait Function is triggered

2021-10-14 17:37:02 - [MESSAGE][INFO] - Found 13 web elements with id: 'Object Repository/Butonlar/Butonlar' located by 'By.cssSelector: .panel.panel-default.text-center.footerPanel .btn,.btn.btn-primary.btnControls' in '10' second(s)

2021-10-14 17:37:02 - [MESSAGE][PASSED] - Method.TextDegerineEsitElementeTiklaEquals is PASSED

2021-10-14 17:37:02 - [MESSAGE][PASSED] - Call Test Case 'Test Cases/Butonlar/ButonaTikla' successfully

2021-10-14 17:37:02 - [MESSAGE][INFO] - Checking called Test Case

2021-10-14 17:37:02 - [MESSAGE][INFO] - Starting to call Test Case 'Test Cases/Butonlar/AltButonaTikla'

2021-10-14 17:37:02 - [TEST_CASE][PASSED] - Test Cases/Butonlar/AltButonaTikla: Test Cases/Butonlar/AltButonaTikla

2021-10-14 17:37:02 - [TEST_STEP][PASSED] - Method.TextDegerineEsitElementeTikla(findTestObject("Butonlar/AltButonlar"), Alt_Buton): Method.TextDegerineEsitElementeTikla is PASSED

2021-10-14 17:37:02 - [MESSAGE][INFO] - Finding Test Object 'Object Repository/Butonlar/AltButonlar'

2021-10-14 17:37:02 - [MESSAGE][INFO] - Checking timeout

2021-10-14 17:37:02 - [MESSAGE][INFO] - Finding web element with id: 'Object Repository/Butonlar/AltButonlar' located by 'By.cssSelector: .btn-group.open li>a' in '10' second(s)

2021-10-14 17:37:02 - [MESSAGE][INFO] - Smart Wait Function is triggered

2021-10-14 17:37:03 - [MESSAGE][INFO] - Found 2 web elements with id: 'Object Repository/Butonlar/AltButonlar' located by 'By.cssSelector: .btn-group.open li>a' in '10' second(s)

2021-10-14 17:37:03 - [MESSAGE][PASSED] - Method.TextDegerineEsitElementeTikla is PASSED

2021-10-14 17:37:03 - [MESSAGE][PASSED] - Call Test Case 'Test Cases/Butonlar/AltButonaTikla' successfully

2021-10-14 17:37:03 - [MESSAGE][INFO] - Checking called Test Case

2021-10-14 17:37:03 - [MESSAGE][INFO] - Starting to call Test Case 'Test Cases/Popup/PopupMesajiIceriyorMu'

2021-10-14 17:37:03 - [TEST_CASE][PASSED] - Test Cases/Popup/PopupMesajiIceriyorMu: Test Cases/Popup/PopupMesajiIceriyorMu

2021-10-14 17:37:03 - [TEST_STEP][PASSED] - waitForElementVisible(findTestObject("Popup/Popup"), 10): Object 'Object Repository/Popup/Popup' is visible

2021-10-14 17:37:03 - [MESSAGE][INFO] - Finding Test Object 'Object Repository/Popup/Popup'

2021-10-14 17:37:03 - [MESSAGE][INFO] - Checking object

2021-10-14 17:37:03 - [MESSAGE][INFO] - Checking timeout

2021-10-14 17:37:03 - [MESSAGE][INFO] - Finding web element from Test Object's properties

2021-10-14 17:37:03 - [MESSAGE][INFO] - Checking timeout

2021-10-14 17:37:03 - [MESSAGE][INFO] - Finding web element with id: 'Object Repository/Popup/Popup' located by 'By.cssSelector: .bootbox-body' in '10' second(s)

2021-10-14 17:37:03 - [MESSAGE][INFO] - Smart Wait Function is triggered

2021-10-14 17:37:04 - [MESSAGE][INFO] - Found 1 web elements with id: 'Object Repository/Popup/Popup' located by 'By.cssSelector: .bootbox-body' in '10' second(s)

2021-10-14 17:37:04 - [MESSAGE][PASSED] - Object 'Object Repository/Popup/Popup' is visible

2021-10-14 17:37:04 - [TEST_STEP][PASSED] - if (!(getText(findTestObject("Popup/Popup")).contains(Mesaj))): Text of object 'Object Repository/Popup/Popup' is: 'Lütfen rapor bildiriminin gönderileceği e-posta adresini belirtiniz.
e-Posta Adresi'

2021-10-14 17:37:04 - [MESSAGE][INFO] - Finding Test Object 'Object Repository/Popup/Popup'

2021-10-14 17:37:04 - [MESSAGE][INFO] - Checking object

2021-10-14 17:37:04 - [MESSAGE][INFO] - Finding web element from Test Object's properties

2021-10-14 17:37:04 - [MESSAGE][INFO] - Checking timeout

2021-10-14 17:37:04 - [MESSAGE][INFO] - Finding web element with id: 'Object Repository/Popup/Popup' located by 'By.cssSelector: .bootbox-body' in '30' second(s)

2021-10-14 17:37:04 - [MESSAGE][INFO] - Smart Wait Function is triggered

2021-10-14 17:37:04 - [MESSAGE][INFO] - Found 1 web elements with id: 'Object Repository/Popup/Popup' located by 'By.cssSelector: .bootbox-body' in '30' second(s)

2021-10-14 17:37:04 - [MESSAGE][INFO] - Getting text of object 'Object Repository/Popup/Popup'

2021-10-14 17:37:04 - [MESSAGE][PASSED] - Text of object 'Object Repository/Popup/Popup' is: 'Lütfen rapor bildiriminin gönderileceği e-posta adresini belirtiniz.
e-Posta Adresi'

2021-10-14 17:37:04 - [TEST_STEP][PASSED] - RaporNo = getText(findTestObject("Popup/Popup")).substring(0, 6): Text of object 'Object Repository/Popup/Popup' is: 'Lütfen rapor bildiriminin gönderileceği e-posta adresini belirtiniz.
e-Posta Adresi'

2021-10-14 17:37:04 - [MESSAGE][INFO] - Finding Test Object 'Object Repository/Popup/Popup'

2021-10-14 17:37:05 - [MESSAGE][INFO] - Checking object

2021-10-14 17:37:05 - [MESSAGE][INFO] - Finding web element from Test Object's properties

2021-10-14 17:37:05 - [MESSAGE][INFO] - Checking timeout

2021-10-14 17:37:05 - [MESSAGE][INFO] - Finding web element with id: 'Object Repository/Popup/Popup' located by 'By.cssSelector: .bootbox-body' in '30' second(s)

2021-10-14 17:37:05 - [MESSAGE][INFO] - Smart Wait Function is triggered

2021-10-14 17:37:05 - [MESSAGE][INFO] - Found 1 web elements with id: 'Object Repository/Popup/Popup' located by 'By.cssSelector: .bootbox-body' in '30' second(s)

2021-10-14 17:37:05 - [MESSAGE][INFO] - Getting text of object 'Object Repository/Popup/Popup'

2021-10-14 17:37:05 - [MESSAGE][PASSED] - Text of object 'Object Repository/Popup/Popup' is: 'Lütfen rapor bildiriminin gönderileceği e-posta adresini belirtiniz.
e-Posta Adresi'

2021-10-14 17:37:05 - [TEST_STEP][PASSED] - Console.println(RaporNo): null

2021-10-14 17:37:05 - [MESSAGE][PASSED] - Call Test Case 'Test Cases/Popup/PopupMesajiIceriyorMu' successfully

2021-10-14 17:37:05 - [MESSAGE][INFO] - Checking called Test Case

2021-10-14 17:37:05 - [MESSAGE][INFO] - Starting to call Test Case 'Test Cases/Popup/PopupButonSecilir'

2021-10-14 17:37:05 - [TEST_CASE][PASSED] - Test Cases/Popup/PopupButonSecilir: Test Cases/Popup/PopupButonSecilir

2021-10-14 17:37:05 - [TEST_STEP][PASSED] - Method.TextDegerineEsitElementeTikla(findTestObject("Popup/Popup_Butons"), Buton): Method.TextDegerineEsitElementeTikla is PASSED

2021-10-14 17:37:05 - [MESSAGE][INFO] - Finding Test Object 'Object Repository/Popup/Popup_Butons'

2021-10-14 17:37:05 - [MESSAGE][INFO] - Checking timeout

2021-10-14 17:37:05 - [MESSAGE][INFO] - Finding web element with id: 'Object Repository/Popup/Popup_Butons' located by 'By.cssSelector: .modal-footer>button' in '10' second(s)

2021-10-14 17:37:05 - [MESSAGE][INFO] - Smart Wait Function is triggered

2021-10-14 17:37:05 - [MESSAGE][INFO] - Found 2 web elements with id: 'Object Repository/Popup/Popup_Butons' located by 'By.cssSelector: .modal-footer>button' in '10' second(s)

2021-10-14 17:37:05 - [MESSAGE][PASSED] - Method.TextDegerineEsitElementeTikla is PASSED

2021-10-14 17:37:05 - [MESSAGE][PASSED] - Call Test Case 'Test Cases/Popup/PopupButonSecilir' successfully

2021-10-14 17:37:05 - [MESSAGE][INFO] - Checking called Test Case

2021-10-14 17:37:05 - [MESSAGE][INFO] - Starting to call Test Case 'Test Cases/Popup/PopupMesajiIceriyorMu'

2021-10-14 17:37:06 - [TEST_CASE][PASSED] - Test Cases/Popup/PopupMesajiIceriyorMu: Test Cases/Popup/PopupMesajiIceriyorMu

2021-10-14 17:37:06 - [TEST_STEP][PASSED] - waitForElementVisible(findTestObject("Popup/Popup"), 10): Object 'Object Repository/Popup/Popup' is visible

2021-10-14 17:37:06 - [MESSAGE][INFO] - Finding Test Object 'Object Repository/Popup/Popup'

2021-10-14 17:37:06 - [MESSAGE][INFO] - Checking object

2021-10-14 17:37:06 - [MESSAGE][INFO] - Checking timeout

2021-10-14 17:37:06 - [MESSAGE][INFO] - Finding web element from Test Object's properties

2021-10-14 17:37:06 - [MESSAGE][INFO] - Checking timeout

2021-10-14 17:37:06 - [MESSAGE][INFO] - Finding web element with id: 'Object Repository/Popup/Popup' located by 'By.cssSelector: .bootbox-body' in '10' second(s)

2021-10-14 17:37:06 - [MESSAGE][INFO] - Smart Wait Function is triggered

2021-10-14 17:37:06 - [MESSAGE][INFO] - Found 1 web elements with id: 'Object Repository/Popup/Popup' located by 'By.cssSelector: .bootbox-body' in '10' second(s)

2021-10-14 17:37:06 - [MESSAGE][PASSED] - Object 'Object Repository/Popup/Popup' is visible

2021-10-14 17:37:06 - [TEST_STEP][PASSED] - if (!(getText(findTestObject("Popup/Popup")).contains(Mesaj))): Text of object 'Object Repository/Popup/Popup' is: '14619 no’lu talebiniz işleme alınmıştır. Raporunuz hazırlandığında (elogotest@gmail.com) adresinize mail gönderilecektir.
Rapor durumunuzu Raporlar > Toplu Veri İndirme ekranından takip edebilir, hazırlandı durumundaki raporlarınızı ilgili menüden indirebilirsiniz.'

2021-10-14 17:37:06 - [MESSAGE][INFO] - Finding Test Object 'Object Repository/Popup/Popup'

2021-10-14 17:37:06 - [MESSAGE][INFO] - Checking object

2021-10-14 17:37:06 - [MESSAGE][INFO] - Finding web element from Test Object's properties

2021-10-14 17:37:06 - [MESSAGE][INFO] - Checking timeout

2021-10-14 17:37:06 - [MESSAGE][INFO] - Finding web element with id: 'Object Repository/Popup/Popup' located by 'By.cssSelector: .bootbox-body' in '30' second(s)

2021-10-14 17:37:06 - [MESSAGE][INFO] - Smart Wait Function is triggered

2021-10-14 17:37:07 - [MESSAGE][INFO] - Found 1 web elements with id: 'Object Repository/Popup/Popup' located by 'By.cssSelector: .bootbox-body' in '30' second(s)

2021-10-14 17:37:07 - [MESSAGE][INFO] - Getting text of object 'Object Repository/Popup/Popup'

2021-10-14 17:37:07 - [MESSAGE][PASSED] - Text of object 'Object Repository/Popup/Popup' is: '14619 no’lu talebiniz işleme alınmıştır. Raporunuz hazırlandığında (elogotest@gmail.com) adresinize mail gönderilecektir.
Rapor durumunuzu Raporlar > Toplu Veri İndirme ekranından takip edebilir, hazırlandı durumundaki raporlarınızı ilgili menüden indirebilirsiniz.'

2021-10-14 17:37:07 - [TEST_STEP][PASSED] - RaporNo = getText(findTestObject("Popup/Popup")).substring(0, 6): Text of object 'Object Repository/Popup/Popup' is: '14619 no’lu talebiniz işleme alınmıştır. Raporunuz hazırlandığında (elogotest@gmail.com) adresinize mail gönderilecektir.
Rapor durumunuzu Raporlar > Toplu Veri İndirme ekranından takip edebilir, hazırlandı durumundaki raporlarınızı ilgili menüden indirebilirsiniz.'

2021-10-14 17:37:07 - [MESSAGE][INFO] - Finding Test Object 'Object Repository/Popup/Popup'

2021-10-14 17:37:07 - [MESSAGE][INFO] - Checking object

2021-10-14 17:37:07 - [MESSAGE][INFO] - Finding web element from Test Object's properties

2021-10-14 17:37:07 - [MESSAGE][INFO] - Checking timeout

2021-10-14 17:37:07 - [MESSAGE][INFO] - Finding web element with id: 'Object Repository/Popup/Popup' located by 'By.cssSelector: .bootbox-body' in '30' second(s)

2021-10-14 17:37:07 - [MESSAGE][INFO] - Smart Wait Function is triggered

2021-10-14 17:37:07 - [MESSAGE][INFO] - Found 1 web elements with id: 'Object Repository/Popup/Popup' located by 'By.cssSelector: .bootbox-body' in '30' second(s)

2021-10-14 17:37:07 - [MESSAGE][INFO] - Getting text of object 'Object Repository/Popup/Popup'

2021-10-14 17:37:07 - [MESSAGE][PASSED] - Text of object 'Object Repository/Popup/Popup' is: '14619 no’lu talebiniz işleme alınmıştır. Raporunuz hazırlandığında (elogotest@gmail.com) adresinize mail gönderilecektir.
Rapor durumunuzu Raporlar > Toplu Veri İndirme ekranından takip edebilir, hazırlandı durumundaki raporlarınızı ilgili menüden indirebilirsiniz.'

2021-10-14 17:37:07 - [TEST_STEP][PASSED] - Console.println(RaporNo): null

2021-10-14 17:37:07 - [MESSAGE][PASSED] - Call Test Case 'Test Cases/Popup/PopupMesajiIceriyorMu' successfully

2021-10-14 17:37:07 - [MESSAGE][INFO] - Checking called Test Case

2021-10-14 17:37:07 - [MESSAGE][INFO] - Starting to call Test Case 'Test Cases/Popup/PopupButonSecilir'

2021-10-14 17:37:07 - [TEST_CASE][PASSED] - Test Cases/Popup/PopupButonSecilir: Test Cases/Popup/PopupButonSecilir

2021-10-14 17:37:07 - [TEST_STEP][PASSED] - Method.TextDegerineEsitElementeTikla(findTestObject("Popup/Popup_Butons"), Buton): Method.TextDegerineEsitElementeTikla is PASSED

2021-10-14 17:37:07 - [MESSAGE][INFO] - Finding Test Object 'Object Repository/Popup/Popup_Butons'

2021-10-14 17:37:07 - [MESSAGE][INFO] - Checking timeout

2021-10-14 17:37:07 - [MESSAGE][INFO] - Finding web element with id: 'Object Repository/Popup/Popup_Butons' located by 'By.cssSelector: .modal-footer>button' in '10' second(s)

2021-10-14 17:37:07 - [MESSAGE][INFO] - Smart Wait Function is triggered

2021-10-14 17:37:08 - [MESSAGE][INFO] - Found 1 web elements with id: 'Object Repository/Popup/Popup_Butons' located by 'By.cssSelector: .modal-footer>button' in '10' second(s)

2021-10-14 17:37:08 - [MESSAGE][PASSED] - Method.TextDegerineEsitElementeTikla is PASSED

2021-10-14 17:37:08 - [MESSAGE][PASSED] - Call Test Case 'Test Cases/Popup/PopupButonSecilir' successfully

2021-10-14 17:37:08 - [MESSAGE][INFO] - Checking called Test Case

2021-10-14 17:37:08 - [MESSAGE][INFO] - Starting to call Test Case 'Test Cases/Butonlar/ButonaTikla'

2021-10-14 17:37:08 - [TEST_CASE][PASSED] - Test Cases/Butonlar/ButonaTikla: Test Cases/Butonlar/ButonaTikla

2021-10-14 17:37:08 - [TEST_STEP][PASSED] - Method.TextDegerineEsitElementeTiklaEquals(findTestObject("Butonlar/Butonlar"), Buton_Adi): Method.TextDegerineEsitElementeTiklaEquals is PASSED

2021-10-14 17:37:08 - [MESSAGE][INFO] - Finding Test Object 'Object Repository/Butonlar/Butonlar'

2021-10-14 17:37:08 - [MESSAGE][INFO] - Checking timeout

2021-10-14 17:37:08 - [MESSAGE][INFO] - Finding web element with id: 'Object Repository/Butonlar/Butonlar' located by 'By.cssSelector: .panel.panel-default.text-center.footerPanel .btn,.btn.btn-primary.btnControls' in '10' second(s)

2021-10-14 17:37:08 - [MESSAGE][INFO] - Smart Wait Function is triggered

2021-10-14 17:37:09 - [MESSAGE][INFO] - Found 13 web elements with id: 'Object Repository/Butonlar/Butonlar' located by 'By.cssSelector: .panel.panel-default.text-center.footerPanel .btn,.btn.btn-primary.btnControls' in '10' second(s)

2021-10-14 17:37:09 - [MESSAGE][PASSED] - Method.TextDegerineEsitElementeTiklaEquals is PASSED

2021-10-14 17:37:09 - [MESSAGE][PASSED] - Call Test Case 'Test Cases/Butonlar/ButonaTikla' successfully

2021-10-14 17:37:09 - [MESSAGE][INFO] - Checking called Test Case

2021-10-14 17:37:09 - [MESSAGE][INFO] - Starting to call Test Case 'Test Cases/Butonlar/AltButonaTikla'

2021-10-14 17:37:09 - [TEST_CASE][PASSED] - Test Cases/Butonlar/AltButonaTikla: Test Cases/Butonlar/AltButonaTikla

2021-10-14 17:37:09 - [TEST_STEP][PASSED] - Method.TextDegerineEsitElementeTikla(findTestObject("Butonlar/AltButonlar"), Alt_Buton): Method.TextDegerineEsitElementeTikla is PASSED

2021-10-14 17:37:09 - [MESSAGE][INFO] - Finding Test Object 'Object Repository/Butonlar/AltButonlar'

2021-10-14 17:37:09 - [MESSAGE][INFO] - Checking timeout

2021-10-14 17:37:09 - [MESSAGE][INFO] - Finding web element with id: 'Object Repository/Butonlar/AltButonlar' located by 'By.cssSelector: .btn-group.open li>a' in '10' second(s)

2021-10-14 17:37:09 - [MESSAGE][INFO] - Smart Wait Function is triggered

2021-10-14 17:37:09 - [MESSAGE][INFO] - Found 2 web elements with id: 'Object Repository/Butonlar/AltButonlar' located by 'By.cssSelector: .btn-group.open li>a' in '10' second(s)

2021-10-14 17:37:09 - [MESSAGE][PASSED] - Method.TextDegerineEsitElementeTikla is PASSED

2021-10-14 17:37:09 - [MESSAGE][PASSED] - Call Test Case 'Test Cases/Butonlar/AltButonaTikla' successfully

2021-10-14 17:37:09 - [MESSAGE][INFO] - Checking called Test Case

2021-10-14 17:37:09 - [MESSAGE][INFO] - Starting to call Test Case 'Test Cases/Popup/PopupMesajiIceriyorMu'

2021-10-14 17:37:09 - [TEST_CASE][PASSED] - Test Cases/Popup/PopupMesajiIceriyorMu: Test Cases/Popup/PopupMesajiIceriyorMu

2021-10-14 17:37:09 - [TEST_STEP][PASSED] - waitForElementVisible(findTestObject("Popup/Popup"), 10): Object 'Object Repository/Popup/Popup' is visible

2021-10-14 17:37:09 - [MESSAGE][INFO] - Finding Test Object 'Object Repository/Popup/Popup'

2021-10-14 17:37:09 - [MESSAGE][INFO] - Checking object

2021-10-14 17:37:09 - [MESSAGE][INFO] - Checking timeout

2021-10-14 17:37:09 - [MESSAGE][INFO] - Finding web element from Test Object's properties

2021-10-14 17:37:09 - [MESSAGE][INFO] - Checking timeout

2021-10-14 17:37:09 - [MESSAGE][INFO] - Finding web element with id: 'Object Repository/Popup/Popup' located by 'By.cssSelector: .bootbox-body' in '10' second(s)

2021-10-14 17:37:09 - [MESSAGE][INFO] - Smart Wait Function is triggered

2021-10-14 17:37:10 - [MESSAGE][INFO] - Found 1 web elements with id: 'Object Repository/Popup/Popup' located by 'By.cssSelector: .bootbox-body' in '10' second(s)

2021-10-14 17:37:10 - [MESSAGE][PASSED] - Object 'Object Repository/Popup/Popup' is visible

2021-10-14 17:37:10 - [TEST_STEP][PASSED] - if (!(getText(findTestObject("Popup/Popup")).contains(Mesaj))): Text of object 'Object Repository/Popup/Popup' is: 'Lütfen rapor bildiriminin gönderileceği e-posta adresini belirtiniz.
e-Posta Adresi'

2021-10-14 17:37:10 - [MESSAGE][INFO] - Finding Test Object 'Object Repository/Popup/Popup'

2021-10-14 17:37:10 - [MESSAGE][INFO] - Checking object

2021-10-14 17:37:10 - [MESSAGE][INFO] - Finding web element from Test Object's properties

2021-10-14 17:37:10 - [MESSAGE][INFO] - Checking timeout

2021-10-14 17:37:10 - [MESSAGE][INFO] - Finding web element with id: 'Object Repository/Popup/Popup' located by 'By.cssSelector: .bootbox-body' in '30' second(s)

2021-10-14 17:37:10 - [MESSAGE][INFO] - Smart Wait Function is triggered

2021-10-14 17:37:10 - [MESSAGE][INFO] - Found 1 web elements with id: 'Object Repository/Popup/Popup' located by 'By.cssSelector: .bootbox-body' in '30' second(s)

2021-10-14 17:37:10 - [MESSAGE][INFO] - Getting text of object 'Object Repository/Popup/Popup'

2021-10-14 17:37:10 - [MESSAGE][PASSED] - Text of object 'Object Repository/Popup/Popup' is: 'Lütfen rapor bildiriminin gönderileceği e-posta adresini belirtiniz.
e-Posta Adresi'

2021-10-14 17:37:10 - [TEST_STEP][PASSED] - RaporNo = getText(findTestObject("Popup/Popup")).substring(0, 6): Text of object 'Object Repository/Popup/Popup' is: 'Lütfen rapor bildiriminin gönderileceği e-posta adresini belirtiniz.
e-Posta Adresi'

2021-10-14 17:37:10 - [MESSAGE][INFO] - Finding Test Object 'Object Repository/Popup/Popup'

2021-10-14 17:37:10 - [MESSAGE][INFO] - Checking object

2021-10-14 17:37:10 - [MESSAGE][INFO] - Finding web element from Test Object's properties

2021-10-14 17:37:10 - [MESSAGE][INFO] - Checking timeout

2021-10-14 17:37:10 - [MESSAGE][INFO] - Finding web element with id: 'Object Repository/Popup/Popup' located by 'By.cssSelector: .bootbox-body' in '30' second(s)

2021-10-14 17:37:10 - [MESSAGE][INFO] - Smart Wait Function is triggered

2021-10-14 17:37:11 - [MESSAGE][INFO] - Found 1 web elements with id: 'Object Repository/Popup/Popup' located by 'By.cssSelector: .bootbox-body' in '30' second(s)

2021-10-14 17:37:11 - [MESSAGE][INFO] - Getting text of object 'Object Repository/Popup/Popup'

2021-10-14 17:37:11 - [MESSAGE][PASSED] - Text of object 'Object Repository/Popup/Popup' is: 'Lütfen rapor bildiriminin gönderileceği e-posta adresini belirtiniz.
e-Posta Adresi'

2021-10-14 17:37:11 - [TEST_STEP][PASSED] - Console.println(RaporNo): null

2021-10-14 17:37:11 - [MESSAGE][PASSED] - Call Test Case 'Test Cases/Popup/PopupMesajiIceriyorMu' successfully

2021-10-14 17:37:11 - [MESSAGE][INFO] - Checking called Test Case

2021-10-14 17:37:11 - [MESSAGE][INFO] - Starting to call Test Case 'Test Cases/Popup/PopupButonSecilir'

2021-10-14 17:37:11 - [TEST_CASE][PASSED] - Test Cases/Popup/PopupButonSecilir: Test Cases/Popup/PopupButonSecilir

2021-10-14 17:37:11 - [TEST_STEP][PASSED] - Method.TextDegerineEsitElementeTikla(findTestObject("Popup/Popup_Butons"), Buton): Method.TextDegerineEsitElementeTikla is PASSED

2021-10-14 17:37:11 - [MESSAGE][INFO] - Finding Test Object 'Object Repository/Popup/Popup_Butons'

2021-10-14 17:37:11 - [MESSAGE][INFO] - Checking timeout

2021-10-14 17:37:11 - [MESSAGE][INFO] - Finding web element with id: 'Object Repository/Popup/Popup_Butons' located by 'By.cssSelector: .modal-footer>button' in '10' second(s)

2021-10-14 17:37:11 - [MESSAGE][INFO] - Smart Wait Function is triggered

2021-10-14 17:37:11 - [MESSAGE][INFO] - Found 2 web elements with id: 'Object Repository/Popup/Popup_Butons' located by 'By.cssSelector: .modal-footer>button' in '10' second(s)

2021-10-14 17:37:11 - [MESSAGE][PASSED] - Method.TextDegerineEsitElementeTikla is PASSED

2021-10-14 17:37:11 - [MESSAGE][PASSED] - Call Test Case 'Test Cases/Popup/PopupButonSecilir' successfully

2021-10-14 17:37:11 - [MESSAGE][INFO] - Checking called Test Case

2021-10-14 17:37:11 - [MESSAGE][INFO] - Starting to call Test Case 'Test Cases/Popup/PopupMesajiIceriyorMu'

2021-10-14 17:37:11 - [TEST_CASE][PASSED] - Test Cases/Popup/PopupMesajiIceriyorMu: Test Cases/Popup/PopupMesajiIceriyorMu

2021-10-14 17:37:11 - [TEST_STEP][PASSED] - waitForElementVisible(findTestObject("Popup/Popup"), 10): Object 'Object Repository/Popup/Popup' is visible

2021-10-14 17:37:11 - [MESSAGE][INFO] - Finding Test Object 'Object Repository/Popup/Popup'

2021-10-14 17:37:11 - [MESSAGE][INFO] - Checking object

2021-10-14 17:37:11 - [MESSAGE][INFO] - Checking timeout

2021-10-14 17:37:11 - [MESSAGE][INFO] - Finding web element from Test Object's properties

2021-10-14 17:37:11 - [MESSAGE][INFO] - Checking timeout

2021-10-14 17:37:11 - [MESSAGE][INFO] - Finding web element with id: 'Object Repository/Popup/Popup' located by 'By.cssSelector: .bootbox-body' in '10' second(s)

2021-10-14 17:37:11 - [MESSAGE][INFO] - Smart Wait Function is triggered

2021-10-14 17:37:12 - [MESSAGE][INFO] - Found 1 web elements with id: 'Object Repository/Popup/Popup' located by 'By.cssSelector: .bootbox-body' in '10' second(s)

2021-10-14 17:37:12 - [MESSAGE][PASSED] - Object 'Object Repository/Popup/Popup' is visible

2021-10-14 17:37:12 - [TEST_STEP][PASSED] - if (!(getText(findTestObject("Popup/Popup")).contains(Mesaj))): Text of object 'Object Repository/Popup/Popup' is: '14620 no’lu talebiniz işleme alınmıştır. Raporunuz hazırlandığında (elogotest@gmail.com) adresinize mail gönderilecektir.
Rapor durumunuzu Raporlar > Toplu Veri İndirme ekranından takip edebilir, hazırlandı durumundaki raporlarınızı ilgili menüden indirebilirsiniz.'

2021-10-14 17:37:12 - [MESSAGE][INFO] - Finding Test Object 'Object Repository/Popup/Popup'

2021-10-14 17:37:12 - [MESSAGE][INFO] - Checking object

2021-10-14 17:37:12 - [MESSAGE][INFO] - Finding web element from Test Object's properties

2021-10-14 17:37:12 - [MESSAGE][INFO] - Checking timeout

2021-10-14 17:37:12 - [MESSAGE][INFO] - Finding web element with id: 'Object Repository/Popup/Popup' located by 'By.cssSelector: .bootbox-body' in '30' second(s)

2021-10-14 17:37:12 - [MESSAGE][INFO] - Smart Wait Function is triggered

2021-10-14 17:37:12 - [MESSAGE][INFO] - Found 1 web elements with id: 'Object Repository/Popup/Popup' located by 'By.cssSelector: .bootbox-body' in '30' second(s)

2021-10-14 17:37:12 - [MESSAGE][INFO] - Getting text of object 'Object Repository/Popup/Popup'

2021-10-14 17:37:12 - [MESSAGE][PASSED] - Text of object 'Object Repository/Popup/Popup' is: '14620 no’lu talebiniz işleme alınmıştır. Raporunuz hazırlandığında (elogotest@gmail.com) adresinize mail gönderilecektir.
Rapor durumunuzu Raporlar > Toplu Veri İndirme ekranından takip edebilir, hazırlandı durumundaki raporlarınızı ilgili menüden indirebilirsiniz.'

2021-10-14 17:37:12 - [TEST_STEP][PASSED] - RaporNo = getText(findTestObject("Popup/Popup")).substring(0, 6): Text of object 'Object Repository/Popup/Popup' is: '14620 no’lu talebiniz işleme alınmıştır. Raporunuz hazırlandığında (elogotest@gmail.com) adresinize mail gönderilecektir.
Rapor durumunuzu Raporlar > Toplu Veri İndirme ekranından takip edebilir, hazırlandı durumundaki raporlarınızı ilgili menüden indirebilirsiniz.'

2021-10-14 17:37:12 - [MESSAGE][INFO] - Finding Test Object 'Object Repository/Popup/Popup'

2021-10-14 17:37:13 - [MESSAGE][INFO] - Checking object

2021-10-14 17:37:13 - [MESSAGE][INFO] - Finding web element from Test Object's properties

2021-10-14 17:37:13 - [MESSAGE][INFO] - Checking timeout

2021-10-14 17:37:13 - [MESSAGE][INFO] - Finding web element with id: 'Object Repository/Popup/Popup' located by 'By.cssSelector: .bootbox-body' in '30' second(s)

2021-10-14 17:37:13 - [MESSAGE][INFO] - Smart Wait Function is triggered

2021-10-14 17:37:13 - [MESSAGE][INFO] - Found 1 web elements with id: 'Object Repository/Popup/Popup' located by 'By.cssSelector: .bootbox-body' in '30' second(s)

2021-10-14 17:37:13 - [MESSAGE][INFO] - Getting text of object 'Object Repository/Popup/Popup'

2021-10-14 17:37:13 - [MESSAGE][PASSED] - Text of object 'Object Repository/Popup/Popup' is: '14620 no’lu talebiniz işleme alınmıştır. Raporunuz hazırlandığında (elogotest@gmail.com) adresinize mail gönderilecektir.
Rapor durumunuzu Raporlar > Toplu Veri İndirme ekranından takip edebilir, hazırlandı durumundaki raporlarınızı ilgili menüden indirebilirsiniz.'

2021-10-14 17:37:13 - [TEST_STEP][PASSED] - Console.println(RaporNo): null

2021-10-14 17:37:13 - [MESSAGE][PASSED] - Call Test Case 'Test Cases/Popup/PopupMesajiIceriyorMu' successfully

2021-10-14 17:37:13 - [MESSAGE][INFO] - Checking called Test Case

2021-10-14 17:37:13 - [MESSAGE][INFO] - Starting to call Test Case 'Test Cases/Popup/PopupButonSecilir'

2021-10-14 17:37:13 - [TEST_CASE][PASSED] - Test Cases/Popup/PopupButonSecilir: Test Cases/Popup/PopupButonSecilir

2021-10-14 17:37:13 - [TEST_STEP][PASSED] - Method.TextDegerineEsitElementeTikla(findTestObject("Popup/Popup_Butons"), Buton): Method.TextDegerineEsitElementeTikla is PASSED

2021-10-14 17:37:13 - [MESSAGE][INFO] - Finding Test Object 'Object Repository/Popup/Popup_Butons'

2021-10-14 17:37:13 - [MESSAGE][INFO] - Checking timeout

2021-10-14 17:37:13 - [MESSAGE][INFO] - Finding web element with id: 'Object Repository/Popup/Popup_Butons' located by 'By.cssSelector: .modal-footer>button' in '10' second(s)

2021-10-14 17:37:13 - [MESSAGE][INFO] - Smart Wait Function is triggered

2021-10-14 17:37:13 - [MESSAGE][INFO] - Found 1 web elements with id: 'Object Repository/Popup/Popup_Butons' located by 'By.cssSelector: .modal-footer>button' in '10' second(s)

2021-10-14 17:37:13 - [MESSAGE][PASSED] - Method.TextDegerineEsitElementeTikla is PASSED

2021-10-14 17:37:13 - [MESSAGE][PASSED] - Call Test Case 'Test Cases/Popup/PopupButonSecilir' successfully

2021-10-14 17:37:13 - [MESSAGE][INFO] - Checking called Test Case

2021-10-14 17:37:13 - [MESSAGE][INFO] - Starting to call Test Case 'Test Cases/Menu/AnaMenuSecimi'

2021-10-14 17:37:13 - [TEST_CASE][PASSED] - Test Cases/Menu/AnaMenuSecimi: Test Cases/Menu/AnaMenuSecimi

2021-10-14 17:37:13 - [TEST_STEP][PASSED] - Method.TextDegerineEsitElementeTikla(findTestObject("Menu/Ana_Menu"), Ana_Menu): Method.TextDegerineEsitElementeTikla is PASSED

2021-10-14 17:37:13 - [MESSAGE][INFO] - Finding Test Object 'Object Repository/Menu/Ana_Menu'

2021-10-14 17:37:13 - [MESSAGE][INFO] - Checking timeout

2021-10-14 17:37:13 - [MESSAGE][INFO] - Finding web element with id: 'Object Repository/Menu/Ana_Menu' located by 'By.xpath: //*[@class = 'dropdown-toggle']' in '10' second(s)

2021-10-14 17:37:13 - [MESSAGE][INFO] - Smart Wait Function is triggered

2021-10-14 17:37:14 - [MESSAGE][INFO] - Found 14 web elements with id: 'Object Repository/Menu/Ana_Menu' located by 'By.xpath: //*[@class = 'dropdown-toggle']' in '10' second(s)

2021-10-14 17:37:14 - [MESSAGE][PASSED] - Method.TextDegerineEsitElementeTikla is PASSED

2021-10-14 17:37:14 - [MESSAGE][PASSED] - Call Test Case 'Test Cases/Menu/AnaMenuSecimi' successfully

2021-10-14 17:37:14 - [MESSAGE][INFO] - Checking called Test Case

2021-10-14 17:37:14 - [MESSAGE][INFO] - Starting to call Test Case 'Test Cases/Menu/AltMenuSecimi'

2021-10-14 17:37:14 - [TEST_CASE][PASSED] - Test Cases/Menu/AltMenuSecimi: Test Cases/Menu/AltMenuSecimi

2021-10-14 17:37:14 - [TEST_STEP][PASSED] - Method.TextDegerineEsitElementeTikla(findTestObject("Menu/Alt_Menu"), Alt_Menu): Method.TextDegerineEsitElementeTikla is PASSED

2021-10-14 17:37:14 - [MESSAGE][INFO] - Finding Test Object 'Object Repository/Menu/Alt_Menu'

2021-10-14 17:37:15 - [MESSAGE][INFO] - Checking timeout

2021-10-14 17:37:15 - [MESSAGE][INFO] - Finding web element with id: 'Object Repository/Menu/Alt_Menu' located by 'By.xpath: //li[@class='dropdown dropdown-large open']//li[@class='dropdown-element']' in '10' second(s)

2021-10-14 17:37:15 - [MESSAGE][INFO] - Smart Wait Function is triggered

2021-10-14 17:37:15 - [MESSAGE][INFO] - Found 9 web elements with id: 'Object Repository/Menu/Alt_Menu' located by 'By.xpath: //li[@class='dropdown dropdown-large open']//li[@class='dropdown-element']' in '10' second(s)

2021-10-14 17:37:16 - [MESSAGE][PASSED] - Method.TextDegerineEsitElementeTikla is PASSED

2021-10-14 17:37:16 - [MESSAGE][PASSED] - Call Test Case 'Test Cases/Menu/AltMenuSecimi' successfully

2021-10-14 17:37:16 - [MESSAGE][INFO] - Checking called Test Case

2021-10-14 17:37:16 - [MESSAGE][INFO] - Starting to call Test Case 'Test Cases/Filtreler/RaporNoYaz'

2021-10-14 17:37:16 - [TEST_CASE][PASSED] - Test Cases/Filtreler/RaporNoYaz: Test Cases/Filtreler/RaporNoYaz

2021-10-14 17:37:16 - [TEST_STEP][PASSED] - Method.TextDegerineEsitElementinAltindakiTextboxtaYaz(findTestObject("Filtreler/Basliklar"), findTestObject("Filtreler/Basliga_Gore_Textbox"), "Talep No", RaporNo): Method.TextDegerineEsitElementinAltindakiTextboxtaYaz is PASSED

2021-10-14 17:37:16 - [MESSAGE][INFO] - Finding Test Object 'Object Repository/Filtreler/Basliklar'

2021-10-14 17:37:16 - [MESSAGE][INFO] - Finding Test Object 'Object Repository/Filtreler/Basliga_Gore_Textbox'

2021-10-14 17:37:16 - [MESSAGE][INFO] - Checking timeout

2021-10-14 17:37:16 - [MESSAGE][INFO] - Finding web element with id: 'Object Repository/Filtreler/Basliklar' located by 'By.cssSelector: .control-label.col-sm-4.paddingMarginRLC' in '10' second(s)

2021-10-14 17:37:16 - [MESSAGE][INFO] - Smart Wait Function is triggered

2021-10-14 17:37:16 - [MESSAGE][INFO] - Found 8 web elements with id: 'Object Repository/Filtreler/Basliklar' located by 'By.cssSelector: .control-label.col-sm-4.paddingMarginRLC' in '10' second(s)

2021-10-14 17:37:16 - [MESSAGE][INFO] - Smart Wait Function is triggered

2021-10-14 17:37:17 - [MESSAGE][PASSED] - Method.TextDegerineEsitElementinAltindakiTextboxtaYaz is PASSED

2021-10-14 17:37:17 - [MESSAGE][PASSED] - Call Test Case 'Test Cases/Filtreler/RaporNoYaz' successfully

2021-10-14 17:37:17 - [MESSAGE][INFO] - Checking called Test Case

2021-10-14 17:37:17 - [MESSAGE][INFO] - Starting to call Test Case 'Test Cases/Filtreler/ButonaTikla'

2021-10-14 17:37:17 - [TEST_CASE][PASSED] - Test Cases/Filtreler/ButonaTikla: Test Cases/Filtreler/ButonaTikla

2021-10-14 17:37:17 - [TEST_STEP][PASSED] - Method.TextDegerineEsitElementeTikla(findTestObject("Filtreler/Butonlar"), Filtre_Buton): Method.TextDegerineEsitElementeTikla is PASSED

2021-10-14 17:37:17 - [MESSAGE][INFO] - Finding Test Object 'Object Repository/Filtreler/Butonlar'

2021-10-14 17:37:17 - [MESSAGE][INFO] - Checking timeout

2021-10-14 17:37:17 - [MESSAGE][INFO] - Finding web element with id: 'Object Repository/Filtreler/Butonlar' located by 'By.cssSelector: .dxb>span' in '10' second(s)

2021-10-14 17:37:17 - [MESSAGE][INFO] - Smart Wait Function is triggered

2021-10-14 17:37:17 - [MESSAGE][INFO] - Found 2 web elements with id: 'Object Repository/Filtreler/Butonlar' located by 'By.cssSelector: .dxb>span' in '10' second(s)

2021-10-14 17:37:17 - [MESSAGE][PASSED] - Method.TextDegerineEsitElementeTikla is PASSED

2021-10-14 17:37:17 - [MESSAGE][PASSED] - Call Test Case 'Test Cases/Filtreler/ButonaTikla' successfully

2021-10-14 17:37:17 - [MESSAGE][INFO] - Checking called Test Case

2021-10-14 17:37:17 - [MESSAGE][INFO] - Starting to call Test Case 'Test Cases/Tablo/TablodaVeriVarMi'

2021-10-14 17:37:17 - [TEST_CASE][PASSED] - Test Cases/Tablo/TablodaVeriVarMi: Test Cases/Tablo/TablodaVeriVarMi

2021-10-14 17:37:17 - [TEST_STEP][PASSED] - verifyTextNotPresent("Görüntülenecek veri yok", true): Text 'Görüntülenecek veri yok' is not present on page using regular expression

2021-10-14 17:37:17 - [MESSAGE][INFO] - Checking text present  using regular expression

2021-10-14 17:37:17 - [MESSAGE][INFO] - Smart Wait Function is triggered

2021-10-14 17:37:23 - [MESSAGE][INFO] - Finding text 'Görüntülenecek veri yok' on page  using regular expression

2021-10-14 17:37:23 - [MESSAGE][PASSED] - Text 'Görüntülenecek veri yok' is not present on page using regular expression

2021-10-14 17:37:23 - [MESSAGE][PASSED] - Call Test Case 'Test Cases/Tablo/TablodaVeriVarMi' successfully

2021-10-14 17:37:23 - [MESSAGE][INFO] - Checking called Test Case

2021-10-14 17:37:23 - [MESSAGE][INFO] - Starting to call Test Case 'Test Cases/Kullanici_Islemleri/KullaniciIslemlerindenSecimYapilir'

2021-10-14 17:37:23 - [TEST_CASE][PASSED] - Test Cases/Kullanici_Islemleri/KullaniciIslemlerindenSecimYapilir: Test Cases/Kullanici_Islemleri/KullaniciIslemlerindenSecimYapilir

2021-10-14 17:37:23 - [TEST_STEP][PASSED] - waitForElementClickable(findTestObject("Object Repository/Kullanici_Islemleri/KullaniciIslemleri"), 10): Object 'Object Repository/Kullanici_Islemleri/KullaniciIslemleri' is clickable

2021-10-14 17:37:23 - [MESSAGE][INFO] - Finding Test Object 'Object Repository/Kullanici_Islemleri/KullaniciIslemleri'

2021-10-14 17:37:23 - [MESSAGE][INFO] - Checking object

2021-10-14 17:37:23 - [MESSAGE][INFO] - Checking timeout

2021-10-14 17:37:23 - [MESSAGE][INFO] - Finding web element from Test Object's properties

2021-10-14 17:37:23 - [MESSAGE][INFO] - Checking timeout

2021-10-14 17:37:23 - [MESSAGE][INFO] - Finding web element with id: 'Object Repository/Kullanici_Islemleri/KullaniciIslemleri' located by 'By.cssSelector: .dropdown>a>img' in '10' second(s)

2021-10-14 17:37:23 - [MESSAGE][INFO] - Smart Wait Function is triggered

2021-10-14 17:37:24 - [MESSAGE][INFO] - Found 1 web elements with id: 'Object Repository/Kullanici_Islemleri/KullaniciIslemleri' located by 'By.cssSelector: .dropdown>a>img' in '10' second(s)

2021-10-14 17:37:24 - [MESSAGE][PASSED] - Object 'Object Repository/Kullanici_Islemleri/KullaniciIslemleri' is clickable

2021-10-14 17:37:24 - [TEST_STEP][PASSED] - click(findTestObject("Object Repository/Kullanici_Islemleri/KullaniciIslemleri")): Object: 'Object Repository/Kullanici_Islemleri/KullaniciIslemleri' is clicked on

2021-10-14 17:37:24 - [MESSAGE][INFO] - Finding Test Object 'Object Repository/Kullanici_Islemleri/KullaniciIslemleri'

2021-10-14 17:37:24 - [MESSAGE][INFO] - Checking object

2021-10-14 17:37:24 - [MESSAGE][INFO] - Finding web element from Test Object's properties

2021-10-14 17:37:24 - [MESSAGE][INFO] - Checking timeout

2021-10-14 17:37:24 - [MESSAGE][INFO] - Finding web element with id: 'Object Repository/Kullanici_Islemleri/KullaniciIslemleri' located by 'By.cssSelector: .dropdown>a>img' in '30' second(s)

2021-10-14 17:37:24 - [MESSAGE][INFO] - Smart Wait Function is triggered

2021-10-14 17:37:24 - [MESSAGE][INFO] - Found 1 web elements with id: 'Object Repository/Kullanici_Islemleri/KullaniciIslemleri' located by 'By.cssSelector: .dropdown>a>img' in '30' second(s)

2021-10-14 17:37:24 - [MESSAGE][INFO] - Clicking on object: 'Object Repository/Kullanici_Islemleri/KullaniciIslemleri'

2021-10-14 17:37:24 - [MESSAGE][PASSED] - Object: 'Object Repository/Kullanici_Islemleri/KullaniciIslemleri' is clicked on

2021-10-14 17:37:24 - [TEST_STEP][PASSED] - Method.TextDegerineEsitElementeTikla(findTestObject("Object Repository/Kullanici_Islemleri/Secenekler"), Islem): Method.TextDegerineEsitElementeTikla is PASSED

2021-10-14 17:37:24 - [MESSAGE][INFO] - Finding Test Object 'Object Repository/Kullanici_Islemleri/Secenekler'

2021-10-14 17:37:24 - [MESSAGE][INFO] - Checking timeout

2021-10-14 17:37:24 - [MESSAGE][INFO] - Finding web element with id: 'Object Repository/Kullanici_Islemleri/Secenekler' located by 'By.cssSelector: .nav.navbar-nav.navbar-right li a' in '10' second(s)

2021-10-14 17:37:24 - [MESSAGE][INFO] - Smart Wait Function is triggered

2021-10-14 17:37:24 - [MESSAGE][INFO] - Found 22 web elements with id: 'Object Repository/Kullanici_Islemleri/Secenekler' located by 'By.cssSelector: .nav.navbar-nav.navbar-right li a' in '10' second(s)

2021-10-14 17:37:26 - [MESSAGE][PASSED] - Method.TextDegerineEsitElementeTikla is PASSED

2021-10-14 17:37:26 - [TEST_STEP][PASSED] - verifyElementNotPresent(findTestObject("Object Repository/Kullanici_Islemleri/Secenekler"), 10): Web element with id: 'Object Repository/Kullanici_Islemleri/Secenekler' located by 'By.cssSelector: .nav.navbar-nav.navbar-right li a' is not present after '10' second(s)

2021-10-14 17:37:26 - [MESSAGE][INFO] - Finding Test Object 'Object Repository/Kullanici_Islemleri/Secenekler'

2021-10-14 17:37:26 - [MESSAGE][INFO] - Checking object

2021-10-14 17:37:26 - [MESSAGE][INFO] - Checking timeout

2021-10-14 17:37:26 - [MESSAGE][INFO] - Finding web element with id: 'Object Repository/Kullanici_Islemleri/Secenekler' located by 'By.cssSelector: .nav.navbar-nav.navbar-right li a' in '10' second(s)

2021-10-14 17:37:26 - [MESSAGE][INFO] - Smart Wait Function is triggered

2021-10-14 17:37:26 - [MESSAGE][PASSED] - Web element with id: 'Object Repository/Kullanici_Islemleri/Secenekler' located by 'By.cssSelector: .nav.navbar-nav.navbar-right li a' is not present after '10' second(s)

2021-10-14 17:37:26 - [MESSAGE][PASSED] - Call Test Case 'Test Cases/Kullanici_Islemleri/KullaniciIslemlerindenSecimYapilir' successfully

2021-10-14 17:37:26 - [TEST_CASE][PASSED] - Start Test Case : SCENARIO e-Mustahsil Makbuzu excele aktarma: SCENARIO e-Mustahsil Makbuzu excele aktarma

2021-10-14 17:37:26 - [TEST_STEP][PASSED] - Kullanıcı adı ELOGO6 ve Şifre 123456 olarak giriş yapılır: Kullanıcı adı ELOGO6 ve Şifre 123456 olarak giriş yapılır

2021-10-14 17:37:26 - [MESSAGE][PASSED] - Kullanıcı adı ELOGO6 ve Şifre 123456 olarak giriş yapılır

2021-10-14 17:37:26 - [TEST_STEP][PASSED] - Ana menüden e-Makbuz seçilir: Ana menüden e-Makbuz seçilir

2021-10-14 17:37:26 - [MESSAGE][PASSED] - Ana menüden e-Makbuz seçilir

2021-10-14 17:37:26 - [TEST_STEP][PASSED] - Alt menü e-Müstahsil Uygulaması başlığı altındaki e-Müstahsil Makbuzları seçilir: Alt menü e-Müstahsil Uygulaması başlığı altındaki e-Müstahsil Makbuzları seçilir

2021-10-14 17:37:26 - [MESSAGE][PASSED] - Alt menü e-Müstahsil Uygulaması başlığı altındaki e-Müstahsil Makbuzları seçilir

2021-10-14 17:37:26 - [TEST_STEP][PASSED] - Filtrelerden Oluşturma Tarihi filtresine 01.12.2020 baslangic degerini yaz: Filtrelerden Oluşturma Tarihi filtresine 01.12.2020 baslangic degerini yaz

2021-10-14 17:37:26 - [MESSAGE][PASSED] - Filtrelerden Oluşturma Tarihi filtresine 01.12.2020 baslangic degerini yaz

2021-10-14 17:37:26 - [TEST_STEP][PASSED] - Filtrelerden Oluşturma Tarihi filtresine 31.12.2020 bitis degerini yaz: Filtrelerden Oluşturma Tarihi filtresine 31.12.2020 bitis degerini yaz

2021-10-14 17:37:26 - [MESSAGE][PASSED] - Filtrelerden Oluşturma Tarihi filtresine 31.12.2020 bitis degerini yaz

2021-10-14 17:37:26 - [TEST_STEP][PASSED] - Filtrelerden Müstahsil Ad Soyad filtresine ELOGO5 textini yaz: Filtrelerden Müstahsil Ad Soyad filtresine ELOGO5 textini yaz

2021-10-14 17:37:26 - [MESSAGE][PASSED] - Filtrelerden Müstahsil Ad Soyad filtresine ELOGO5 textini yaz

2021-10-14 17:37:26 - [TEST_STEP][PASSED] - Filtre butonlarından Listele seçilir: Filtre butonlarından Listele seçilir

2021-10-14 17:37:26 - [MESSAGE][PASSED] - Filtre butonlarından Listele seçilir

2021-10-14 17:37:26 - [TEST_STEP][PASSED] - Tabloda veri var mı kontrol edilir: Tabloda veri var mı kontrol edilir

2021-10-14 17:37:26 - [MESSAGE][PASSED] - Tabloda veri var mı kontrol edilir

2021-10-14 17:37:26 - [TEST_STEP][PASSED] - Tablodan ELOGO5 isimli veri seçilir: Tablodan ELOGO5 isimli veri seçilir

2021-10-14 17:37:26 - [MESSAGE][PASSED] - Tablodan ELOGO5 isimli veri seçilir

2021-10-14 17:37:26 - [TEST_STEP][PASSED] - Butonlardan Excel isimli butona tıklanır: Butonlardan Excel isimli butona tıklanır

2021-10-14 17:37:26 - [MESSAGE][PASSED] - Butonlardan Excel isimli butona tıklanır

2021-10-14 17:37:26 - [TEST_STEP][PASSED] - Alt butonlardan Excel'e Aktar butonuna tıklanır: Alt butonlardan Excel'e Aktar butonuna tıklanır

2021-10-14 17:37:26 - [MESSAGE][PASSED] - Alt butonlardan Excel'e Aktar butonuna tıklanır

2021-10-14 17:37:26 - [TEST_STEP][PASSED] - Popup mesajı Lütfen rapor bildiriminin gönderileceği e-posta adresini belirtiniz. içeriyor mu: Popup mesajı Lütfen rapor bildiriminin gönderileceği e-posta adresini belirtiniz. içeriyor mu

2021-10-14 17:37:26 - [MESSAGE][PASSED] - Popup mesajı Lütfen rapor bildiriminin gönderileceği e-posta adresini belirtiniz. içeriyor mu

2021-10-14 17:37:26 - [TEST_STEP][PASSED] - Yönetim popupında Gönder seçilir: Yönetim popupında Gönder seçilir

2021-10-14 17:37:26 - [MESSAGE][PASSED] - Yönetim popupında Gönder seçilir

2021-10-14 17:37:26 - [TEST_STEP][PASSED] - Popup mesajı Toplu Veri İndirme içeriyor mu: Popup mesajı Toplu Veri İndirme içeriyor mu

2021-10-14 17:37:26 - [MESSAGE][PASSED] - Popup mesajı Toplu Veri İndirme içeriyor mu

2021-10-14 17:37:26 - [TEST_STEP][PASSED] - Yönetim popupında Tamam seçilir: Yönetim popupında Tamam seçilir

2021-10-14 17:37:26 - [MESSAGE][PASSED] - Yönetim popupında Tamam seçilir

2021-10-14 17:37:26 - [TEST_STEP][PASSED] - Butonlardan Excel isimli butona tıklanır: Butonlardan Excel isimli butona tıklanır

2021-10-14 17:37:26 - [MESSAGE][PASSED] - Butonlardan Excel isimli butona tıklanır

2021-10-14 17:37:26 - [TEST_STEP][PASSED] - Alt butonlardan Tümünü Excel'e Aktar butonuna tıklanır: Alt butonlardan Tümünü Excel'e Aktar butonuna tıklanır

2021-10-14 17:37:26 - [MESSAGE][PASSED] - Alt butonlardan Tümünü Excel'e Aktar butonuna tıklanır

2021-10-14 17:37:26 - [TEST_STEP][PASSED] - Popup mesajı Lütfen rapor bildiriminin gönderileceği e-posta adresini belirtiniz. içeriyor mu: Popup mesajı Lütfen rapor bildiriminin gönderileceği e-posta adresini belirtiniz. içeriyor mu

2021-10-14 17:37:26 - [MESSAGE][PASSED] - Popup mesajı Lütfen rapor bildiriminin gönderileceği e-posta adresini belirtiniz. içeriyor mu

2021-10-14 17:37:26 - [TEST_STEP][PASSED] - Yönetim popupında Gönder seçilir: Yönetim popupında Gönder seçilir

2021-10-14 17:37:26 - [MESSAGE][PASSED] - Yönetim popupında Gönder seçilir

2021-10-14 17:37:26 - [TEST_STEP][PASSED] - Popup mesajı Toplu Veri İndirme içeriyor mu: Popup mesajı Toplu Veri İndirme içeriyor mu

2021-10-14 17:37:26 - [MESSAGE][PASSED] - Popup mesajı Toplu Veri İndirme içeriyor mu

2021-10-14 17:37:26 - [TEST_STEP][PASSED] - Yönetim popupında Tamam seçilir: Yönetim popupında Tamam seçilir

2021-10-14 17:37:26 - [MESSAGE][PASSED] - Yönetim popupında Tamam seçilir

2021-10-14 17:37:26 - [TEST_STEP][PASSED] - Ana menüden Raporlar seçilir: Ana menüden Raporlar seçilir

2021-10-14 17:37:26 - [MESSAGE][PASSED] - Ana menüden Raporlar seçilir

2021-10-14 17:37:26 - [TEST_STEP][PASSED] - Alt menüden Toplu Veri İndirme seçilir: Alt menüden Toplu Veri İndirme seçilir

2021-10-14 17:37:26 - [MESSAGE][PASSED] - Alt menüden Toplu Veri İndirme seçilir

2021-10-14 17:37:26 - [TEST_STEP][PASSED] - Filtrelerden Talep No filtresine Rapor No bilgisi yaz: Filtrelerden Talep No filtresine Rapor No bilgisi yaz

2021-10-14 17:37:26 - [MESSAGE][PASSED] - Filtrelerden Talep No filtresine Rapor No bilgisi yaz

2021-10-14 17:37:26 - [TEST_STEP][PASSED] - Filtre butonlarından Listele seçilir: Filtre butonlarından Listele seçilir

2021-10-14 17:37:26 - [MESSAGE][PASSED] - Filtre butonlarından Listele seçilir

2021-10-14 17:37:26 - [TEST_STEP][PASSED] - Tabloda veri var mı kontrol edilir: Tabloda veri var mı kontrol edilir

2021-10-14 17:37:26 - [MESSAGE][PASSED] - Tabloda veri var mı kontrol edilir

2021-10-14 17:37:26 - [TEST_STEP][PASSED] - Kullanıcı işlemlerinden Çıkış seçilir: Kullanıcı işlemlerinden Çıkış seçilir

2021-10-14 17:37:26 - [MESSAGE][PASSED] - Kullanıcı işlemlerinden Çıkış seçilir

2021-10-14 17:37:26 - [MESSAGE][PASSED] - Feature file: 'Include/features/e-Makbuz/e-Mustahsil Uygulamasi/e-Mustahsil Makbuzlari/Excele Aktar.feature' was passed

2021-10-14 17:37:26 - [TEST_STEP][PASSED] - Start listener action : sampleAfterTestSuite: Invoke 'com.kms.katalon.core.annotation.AfterTestCase' method: 'Listener.sampleAfterTestSuite(...)' completed.

2021-10-14 17:37:26 - [MESSAGE][INFO] - Starting invoke 'com.kms.katalon.core.annotation.AfterTestCase' method: 'Listener.sampleAfterTestSuite(...)'

2021-10-14 17:37:26 - [TEST_STEP][PASSED] - closeBrowser(): Invoke 'com.kms.katalon.core.annotation.AfterTestCase' method: 'Listener.sampleAfterTestSuite(...)' completed.

2021-10-14 17:37:26 - [MESSAGE][INFO] - Closing browser

2021-10-14 17:37:27 - [MESSAGE][PASSED] - Browser is closed

2021-10-14 17:37:27 - [MESSAGE][INFO] - Invoke 'com.kms.katalon.core.annotation.AfterTestCase' method: 'Listener.sampleAfterTestSuite(...)' completed.]]></system-out>
         <system-err><![CDATA[]]></system-err>
      </testcase>
      <testcase name="Test Cases/Case Repository/e-Makbuz/e-Mustahsil Uygulamasi/e-Mustahsil Makbuzlari/Toplu Indirme" time="51.407" classname="Test Cases/Case Repository/e-Makbuz/e-Mustahsil Uygulamasi/e-Mustahsil Makbuzlari/Toplu Indirme" status="PASSED">
         <system-out><![CDATA[2021-10-14 17:37:27 - [TEST_CASE][PASSED] - Test Cases/Case Repository/e-Makbuz/e-Mustahsil Uygulamasi/e-Mustahsil Makbuzlari/Toplu Indirme: Test Cases/Case Repository/e-Makbuz/e-Mustahsil Uygulamasi/e-Mustahsil Makbuzlari/Toplu Indirme

2021-10-14 17:37:27 - [TEST_STEP][PASSED] - Start listener action : sampleBeforeTestSuite: Invoke 'com.kms.katalon.core.annotation.BeforeTestCase' method: 'Listener.sampleBeforeTestSuite(...)' completed.

2021-10-14 17:37:27 - [MESSAGE][INFO] - Starting invoke 'com.kms.katalon.core.annotation.BeforeTestCase' method: 'Listener.sampleBeforeTestSuite(...)'

2021-10-14 17:37:27 - [TEST_STEP][PASSED] - openBrowser(baseUrl): Browser is opened with url: 'https://efatura-stage.elogo.com.tr/'

2021-10-14 17:37:27 - [MESSAGE][INFO] - Opening browser

2021-10-14 17:37:27 - [MESSAGE][INFO] - Starting 'Chrome' driver

2021-10-14 17:37:27 - [MESSAGE][INFO] - User set preference: ['prefs', '{download.default_directory=C:\otomasyondownfiles}']

2021-10-14 17:37:27 - [MESSAGE][INFO] - Action delay is set to 0 milliseconds

2021-10-14 17:37:28 - [MESSAGE][INFO] - Navigating browser to: 'https://efatura-stage.elogo.com.tr/'

2021-10-14 17:37:30 - [MESSAGE][PASSED] - Browser is opened with url: 'https://efatura-stage.elogo.com.tr/'

2021-10-14 17:37:30 - [TEST_STEP][PASSED] - maximizeWindow(): Invoke 'com.kms.katalon.core.annotation.BeforeTestCase' method: 'Listener.sampleBeforeTestSuite(...)' completed.

2021-10-14 17:37:30 - [MESSAGE][INFO] - Maximizing current window

2021-10-14 17:37:30 - [MESSAGE][PASSED] - Current window maximized

2021-10-14 17:37:30 - [MESSAGE][INFO] - Invoke 'com.kms.katalon.core.annotation.BeforeTestCase' method: 'Listener.sampleBeforeTestSuite(...)' completed.

2021-10-14 17:37:31 - [TEST_STEP][PASSED] - runFeatureFile("Include/features/e-Makbuz/e-Mustahsil Uygulamasi/e-Mustahsil Makbuzlari/Toplu Indirme.feature"): Feature file: 'Include/features/e-Makbuz/e-Mustahsil Uygulamasi/e-Mustahsil Makbuzlari/Toplu Indirme.feature' was passed

2021-10-14 17:37:31 - [MESSAGE][INFO] - Starting run keyword runFeatureFile: 'Include/features/e-Makbuz/e-Mustahsil Uygulamasi/e-Mustahsil Makbuzlari/Toplu Indirme.feature' and extract report to folder: 'C:\Users\DELL\Downloads\EES_Katalon-main\Reports\20211014_170112\Suite Repository\ExceleAktarVeTopluIndirme\20211014_170125/cucumber_report/1634222251509'...

2021-10-14 17:37:31 - [MESSAGE][INFO] - Glue: []

2021-10-14 17:37:32 - [MESSAGE][INFO] - Checking called Test Case

2021-10-14 17:37:32 - [MESSAGE][INFO] - Starting to call Test Case 'Test Cases/Sayfalar/Giris_Sayfasi/Login'

2021-10-14 17:37:32 - [TEST_CASE][PASSED] - Test Cases/Sayfalar/Giris_Sayfasi/Login: Test Cases/Sayfalar/Giris_Sayfasi/Login

2021-10-14 17:37:32 - [TEST_STEP][PASSED] - Sayfa_Basligi = getWindowTitle(): Current window's title is: 'LOGO e-Fatura'

2021-10-14 17:37:32 - [MESSAGE][INFO] - Getting current window's title

2021-10-14 17:37:32 - [MESSAGE][PASSED] - Current window's title is: 'LOGO e-Fatura'

2021-10-14 17:37:32 - [TEST_STEP][PASSED] - verifyMatch(Sayfa_Basligi, "LOGO e-Fatura", false): Actual text 'LOGO e-Fatura' and expected text 'LOGO e-Fatura' are matched 

2021-10-14 17:37:32 - [MESSAGE][INFO] - Matching actual text 'LOGO e-Fatura' with expected text 'LOGO e-Fatura'

2021-10-14 17:37:32 - [MESSAGE][PASSED] - Actual text 'LOGO e-Fatura' and expected text 'LOGO e-Fatura' are matched 

2021-10-14 17:37:32 - [TEST_STEP][PASSED] - sendKeys(findTestObject("Sayfalar/Giris_Sayfasi/Firma_Kodu"), KullaniciAdi): Keys 'ELOGO6' sent to object: 'Object Repository/Sayfalar/Giris_Sayfasi/Firma_Kodu'

2021-10-14 17:37:32 - [MESSAGE][INFO] - Finding Test Object 'Object Repository/Sayfalar/Giris_Sayfasi/Firma_Kodu'

2021-10-14 17:37:32 - [MESSAGE][INFO] - Sending keys 'ELOGO6' to object: 'Object Repository/Sayfalar/Giris_Sayfasi/Firma_Kodu'

2021-10-14 17:37:32 - [MESSAGE][INFO] - Finding web element from Test Object's properties

2021-10-14 17:37:32 - [MESSAGE][INFO] - Checking timeout

2021-10-14 17:37:32 - [MESSAGE][INFO] - Finding web element with id: 'Object Repository/Sayfalar/Giris_Sayfasi/Firma_Kodu' located by 'By.xpath: //*[@id = 'AccountName']' in '30' second(s)

2021-10-14 17:37:32 - [MESSAGE][INFO] - Smart Wait Function is triggered

2021-10-14 17:37:32 - [MESSAGE][INFO] - Found 1 web elements with id: 'Object Repository/Sayfalar/Giris_Sayfasi/Firma_Kodu' located by 'By.xpath: //*[@id = 'AccountName']' in '30' second(s)

2021-10-14 17:37:32 - [MESSAGE][PASSED] - Keys 'ELOGO6' sent to object: 'Object Repository/Sayfalar/Giris_Sayfasi/Firma_Kodu'

2021-10-14 17:37:32 - [TEST_STEP][PASSED] - sendKeys(findTestObject("Sayfalar/Giris_Sayfasi/Sifre"), Sifre): Keys '123456' sent to object: 'Object Repository/Sayfalar/Giris_Sayfasi/Sifre'

2021-10-14 17:37:32 - [MESSAGE][INFO] - Finding Test Object 'Object Repository/Sayfalar/Giris_Sayfasi/Sifre'

2021-10-14 17:37:33 - [MESSAGE][INFO] - Sending keys '123456' to object: 'Object Repository/Sayfalar/Giris_Sayfasi/Sifre'

2021-10-14 17:37:33 - [MESSAGE][INFO] - Finding web element from Test Object's properties

2021-10-14 17:37:33 - [MESSAGE][INFO] - Checking timeout

2021-10-14 17:37:33 - [MESSAGE][INFO] - Finding web element with id: 'Object Repository/Sayfalar/Giris_Sayfasi/Sifre' located by 'By.xpath: //*[@id = 'Password']' in '30' second(s)

2021-10-14 17:37:33 - [MESSAGE][INFO] - Smart Wait Function is triggered

2021-10-14 17:37:33 - [MESSAGE][INFO] - Found 1 web elements with id: 'Object Repository/Sayfalar/Giris_Sayfasi/Sifre' located by 'By.xpath: //*[@id = 'Password']' in '30' second(s)

2021-10-14 17:37:33 - [MESSAGE][PASSED] - Keys '123456' sent to object: 'Object Repository/Sayfalar/Giris_Sayfasi/Sifre'

2021-10-14 17:37:33 - [TEST_STEP][PASSED] - findWebElement(findTestObject("Sayfalar/Giris_Sayfasi/Giris_Butonu")).click(): Found 1 web elements with id: 'Object Repository/Sayfalar/Giris_Sayfasi/Giris_Butonu' located by 'By.cssSelector: #btnLogin' in '30' second(s)

2021-10-14 17:37:33 - [MESSAGE][INFO] - Finding Test Object 'Object Repository/Sayfalar/Giris_Sayfasi/Giris_Butonu'

2021-10-14 17:37:33 - [MESSAGE][INFO] - Finding web element from Test Object's properties

2021-10-14 17:37:33 - [MESSAGE][INFO] - Checking timeout

2021-10-14 17:37:33 - [MESSAGE][INFO] - Finding web element with id: 'Object Repository/Sayfalar/Giris_Sayfasi/Giris_Butonu' located by 'By.cssSelector: #btnLogin' in '30' second(s)

2021-10-14 17:37:33 - [MESSAGE][INFO] - Smart Wait Function is triggered

2021-10-14 17:37:33 - [MESSAGE][INFO] - Found 1 web elements with id: 'Object Repository/Sayfalar/Giris_Sayfasi/Giris_Butonu' located by 'By.cssSelector: #btnLogin' in '30' second(s)

2021-10-14 17:37:36 - [TEST_STEP][PASSED] - if (verifyElementPresent(findTestObject("Object Repository/Sayfalar/Giris_Sayfasi/RetveTamam_Butonu"), 5, OPTIONAL)): null

2021-10-14 17:37:36 - [MESSAGE][INFO] - Finding Test Object 'Object Repository/Sayfalar/Giris_Sayfasi/RetveTamam_Butonu'

2021-10-14 17:37:36 - [MESSAGE][INFO] - Checking object

2021-10-14 17:37:36 - [MESSAGE][INFO] - Finding web element from Test Object's properties

2021-10-14 17:37:36 - [MESSAGE][INFO] - Checking timeout

2021-10-14 17:37:36 - [MESSAGE][INFO] - Finding web element with id: 'Object Repository/Sayfalar/Giris_Sayfasi/RetveTamam_Butonu' located by 'By.xpath: //*[@class = 'btn btn-default']' in '5' second(s)

2021-10-14 17:37:36 - [MESSAGE][INFO] - Smart Wait Function is triggered

2021-10-14 17:37:36 - [MESSAGE][INFO] - Found 1 web elements with id: 'Object Repository/Sayfalar/Giris_Sayfasi/RetveTamam_Butonu' located by 'By.xpath: //*[@class = 'btn btn-default']' in '5' second(s)

2021-10-14 17:37:36 - [MESSAGE][PASSED] - Object 'Object Repository/Sayfalar/Giris_Sayfasi/RetveTamam_Butonu' is present

2021-10-14 17:37:36 - [TEST_STEP][PASSED] - click(findTestObject("Object Repository/Sayfalar/Giris_Sayfasi/RetveTamam_Butonu")): Object: 'Object Repository/Sayfalar/Giris_Sayfasi/RetveTamam_Butonu' is clicked on

2021-10-14 17:37:36 - [MESSAGE][INFO] - Finding Test Object 'Object Repository/Sayfalar/Giris_Sayfasi/RetveTamam_Butonu'

2021-10-14 17:37:36 - [MESSAGE][INFO] - Checking object

2021-10-14 17:37:36 - [MESSAGE][INFO] - Finding web element from Test Object's properties

2021-10-14 17:37:36 - [MESSAGE][INFO] - Checking timeout

2021-10-14 17:37:36 - [MESSAGE][INFO] - Finding web element with id: 'Object Repository/Sayfalar/Giris_Sayfasi/RetveTamam_Butonu' located by 'By.xpath: //*[@class = 'btn btn-default']' in '30' second(s)

2021-10-14 17:37:36 - [MESSAGE][INFO] - Smart Wait Function is triggered

2021-10-14 17:37:36 - [MESSAGE][INFO] - Found 1 web elements with id: 'Object Repository/Sayfalar/Giris_Sayfasi/RetveTamam_Butonu' located by 'By.xpath: //*[@class = 'btn btn-default']' in '30' second(s)

2021-10-14 17:37:36 - [MESSAGE][INFO] - Clicking on object: 'Object Repository/Sayfalar/Giris_Sayfasi/RetveTamam_Butonu'

2021-10-14 17:37:36 - [MESSAGE][PASSED] - Object: 'Object Repository/Sayfalar/Giris_Sayfasi/RetveTamam_Butonu' is clicked on

2021-10-14 17:37:36 - [TEST_STEP][PASSED] - click(findTestObject("Object Repository/Sayfalar/Giris_Sayfasi/RetveTamam_Butonu")): Object: 'Object Repository/Sayfalar/Giris_Sayfasi/RetveTamam_Butonu' is clicked on

2021-10-14 17:37:36 - [MESSAGE][INFO] - Finding Test Object 'Object Repository/Sayfalar/Giris_Sayfasi/RetveTamam_Butonu'

2021-10-14 17:37:37 - [MESSAGE][INFO] - Checking object

2021-10-14 17:37:37 - [MESSAGE][INFO] - Finding web element from Test Object's properties

2021-10-14 17:37:37 - [MESSAGE][INFO] - Checking timeout

2021-10-14 17:37:37 - [MESSAGE][INFO] - Finding web element with id: 'Object Repository/Sayfalar/Giris_Sayfasi/RetveTamam_Butonu' located by 'By.xpath: //*[@class = 'btn btn-default']' in '30' second(s)

2021-10-14 17:37:37 - [MESSAGE][INFO] - Smart Wait Function is triggered

2021-10-14 17:37:41 - [MESSAGE][INFO] - Found 1 web elements with id: 'Object Repository/Sayfalar/Giris_Sayfasi/RetveTamam_Butonu' located by 'By.xpath: //*[@class = 'btn btn-default']' in '30' second(s)

2021-10-14 17:37:41 - [MESSAGE][INFO] - Clicking on object: 'Object Repository/Sayfalar/Giris_Sayfasi/RetveTamam_Butonu'

2021-10-14 17:37:41 - [MESSAGE][PASSED] - Object: 'Object Repository/Sayfalar/Giris_Sayfasi/RetveTamam_Butonu' is clicked on

2021-10-14 17:37:41 - [TEST_STEP][PASSED] - if (verifyElementPresent(findTestObject("Sayfalar/Giris_Sayfasi/PopupOK"), 5, OPTIONAL)): null

2021-10-14 17:37:41 - [MESSAGE][INFO] - Finding Test Object 'Object Repository/Sayfalar/Giris_Sayfasi/PopupOK'

2021-10-14 17:37:41 - [MESSAGE][INFO] - Checking object

2021-10-14 17:37:41 - [MESSAGE][INFO] - Finding web element from Test Object's properties

2021-10-14 17:37:41 - [MESSAGE][INFO] - Checking timeout

2021-10-14 17:37:41 - [MESSAGE][INFO] - Finding web element with id: 'Object Repository/Sayfalar/Giris_Sayfasi/PopupOK' located by 'By.cssSelector: .btn.btn-success' in '5' second(s)

2021-10-14 17:37:41 - [MESSAGE][INFO] - Smart Wait Function is triggered

2021-10-14 17:37:42 - [MESSAGE][INFO] - Found 1 web elements with id: 'Object Repository/Sayfalar/Giris_Sayfasi/PopupOK' located by 'By.cssSelector: .btn.btn-success' in '5' second(s)

2021-10-14 17:37:42 - [MESSAGE][PASSED] - Object 'Object Repository/Sayfalar/Giris_Sayfasi/PopupOK' is present

2021-10-14 17:37:42 - [TEST_STEP][PASSED] - click(findTestObject("Object Repository/Sayfalar/Giris_Sayfasi/PopupCarpiGiris")): Object: 'Object Repository/Sayfalar/Giris_Sayfasi/PopupCarpiGiris' is clicked on

2021-10-14 17:37:42 - [MESSAGE][INFO] - Finding Test Object 'Object Repository/Sayfalar/Giris_Sayfasi/PopupCarpiGiris'

2021-10-14 17:37:42 - [MESSAGE][INFO] - Checking object

2021-10-14 17:37:42 - [MESSAGE][INFO] - Finding web element from Test Object's properties

2021-10-14 17:37:42 - [MESSAGE][INFO] - Checking timeout

2021-10-14 17:37:42 - [MESSAGE][INFO] - Finding web element with id: 'Object Repository/Sayfalar/Giris_Sayfasi/PopupCarpiGiris' located by 'By.cssSelector: .bootbox-close-button.close' in '30' second(s)

2021-10-14 17:37:42 - [MESSAGE][INFO] - Smart Wait Function is triggered

2021-10-14 17:37:42 - [MESSAGE][INFO] - Found 1 web elements with id: 'Object Repository/Sayfalar/Giris_Sayfasi/PopupCarpiGiris' located by 'By.cssSelector: .bootbox-close-button.close' in '30' second(s)

2021-10-14 17:37:42 - [MESSAGE][INFO] - Clicking on object: 'Object Repository/Sayfalar/Giris_Sayfasi/PopupCarpiGiris'

2021-10-14 17:37:42 - [MESSAGE][PASSED] - Object: 'Object Repository/Sayfalar/Giris_Sayfasi/PopupCarpiGiris' is clicked on

2021-10-14 17:37:42 - [TEST_STEP][PASSED] - verifyElementVisible(findTestObject("Object Repository/Kullanici_Islemleri/KullaniciIslemleri")): Object 'Object Repository/Kullanici_Islemleri/KullaniciIslemleri' is visible

2021-10-14 17:37:42 - [MESSAGE][INFO] - Finding Test Object 'Object Repository/Kullanici_Islemleri/KullaniciIslemleri'

2021-10-14 17:37:42 - [MESSAGE][INFO] - Checking object

2021-10-14 17:37:42 - [MESSAGE][INFO] - Finding web element from Test Object's properties

2021-10-14 17:37:42 - [MESSAGE][INFO] - Checking timeout

2021-10-14 17:37:42 - [MESSAGE][INFO] - Finding web element with id: 'Object Repository/Kullanici_Islemleri/KullaniciIslemleri' located by 'By.cssSelector: .dropdown>a>img' in '30' second(s)

2021-10-14 17:37:42 - [MESSAGE][INFO] - Smart Wait Function is triggered

2021-10-14 17:37:43 - [MESSAGE][INFO] - Found 1 web elements with id: 'Object Repository/Kullanici_Islemleri/KullaniciIslemleri' located by 'By.cssSelector: .dropdown>a>img' in '30' second(s)

2021-10-14 17:37:43 - [MESSAGE][PASSED] - Object 'Object Repository/Kullanici_Islemleri/KullaniciIslemleri' is visible

2021-10-14 17:37:43 - [MESSAGE][PASSED] - Call Test Case 'Test Cases/Sayfalar/Giris_Sayfasi/Login' successfully

2021-10-14 17:37:43 - [MESSAGE][INFO] - Checking called Test Case

2021-10-14 17:37:43 - [MESSAGE][INFO] - Starting to call Test Case 'Test Cases/Menu/AnaMenuSecimi'

2021-10-14 17:37:43 - [TEST_CASE][PASSED] - Test Cases/Menu/AnaMenuSecimi: Test Cases/Menu/AnaMenuSecimi

2021-10-14 17:37:43 - [TEST_STEP][PASSED] - Method.TextDegerineEsitElementeTikla(findTestObject("Menu/Ana_Menu"), Ana_Menu): Method.TextDegerineEsitElementeTikla is PASSED

2021-10-14 17:37:43 - [MESSAGE][INFO] - Finding Test Object 'Object Repository/Menu/Ana_Menu'

2021-10-14 17:37:43 - [MESSAGE][INFO] - Checking timeout

2021-10-14 17:37:43 - [MESSAGE][INFO] - Finding web element with id: 'Object Repository/Menu/Ana_Menu' located by 'By.xpath: //*[@class = 'dropdown-toggle']' in '10' second(s)

2021-10-14 17:37:43 - [MESSAGE][INFO] - Smart Wait Function is triggered

2021-10-14 17:37:44 - [MESSAGE][INFO] - Found 14 web elements with id: 'Object Repository/Menu/Ana_Menu' located by 'By.xpath: //*[@class = 'dropdown-toggle']' in '10' second(s)

2021-10-14 17:37:44 - [MESSAGE][PASSED] - Method.TextDegerineEsitElementeTikla is PASSED

2021-10-14 17:37:44 - [MESSAGE][PASSED] - Call Test Case 'Test Cases/Menu/AnaMenuSecimi' successfully

2021-10-14 17:37:44 - [MESSAGE][INFO] - Checking called Test Case

2021-10-14 17:37:44 - [MESSAGE][INFO] - Starting to call Test Case 'Test Cases/Menu/BasligaGoreAltMenuSecimi'

2021-10-14 17:37:44 - [TEST_CASE][PASSED] - Test Cases/Menu/BasligaGoreAltMenuSecimi: Test Cases/Menu/BasligaGoreAltMenuSecimi

2021-10-14 17:37:44 - [TEST_STEP][PASSED] - Method.TextDegerineEsitElementinAltindakiTextDegerineEsitOlanaTikla(findTestObject("Menu/Menu_Basligi"), findTestObject("Menu/Basliga_Gore_Alt_Menu"), Baslik, Alt_Menu): Method.TextDegerineEsitElementinAltindakiTextDegerineEsitOlanaTikla is PASSED

2021-10-14 17:37:44 - [MESSAGE][INFO] - Finding Test Object 'Object Repository/Menu/Menu_Basligi'

2021-10-14 17:37:44 - [MESSAGE][INFO] - Finding Test Object 'Object Repository/Menu/Basliga_Gore_Alt_Menu'

2021-10-14 17:37:44 - [MESSAGE][INFO] - Checking timeout

2021-10-14 17:37:44 - [MESSAGE][INFO] - Finding web element with id: 'Object Repository/Menu/Menu_Basligi' located by 'By.xpath: //li[@class='dropdown dropdown-large open']//li[@class='dropdown-header']' in '10' second(s)

2021-10-14 17:37:44 - [MESSAGE][INFO] - Smart Wait Function is triggered

2021-10-14 17:37:44 - [MESSAGE][INFO] - Found 2 web elements with id: 'Object Repository/Menu/Menu_Basligi' located by 'By.xpath: //li[@class='dropdown dropdown-large open']//li[@class='dropdown-header']' in '10' second(s)

2021-10-14 17:37:44 - [MESSAGE][INFO] - Smart Wait Function is triggered

2021-10-14 17:37:47 - [MESSAGE][PASSED] - Method.TextDegerineEsitElementinAltindakiTextDegerineEsitOlanaTikla is PASSED

2021-10-14 17:37:47 - [MESSAGE][PASSED] - Call Test Case 'Test Cases/Menu/BasligaGoreAltMenuSecimi' successfully

2021-10-14 17:37:47 - [MESSAGE][INFO] - Checking called Test Case

2021-10-14 17:37:47 - [MESSAGE][INFO] - Starting to call Test Case 'Test Cases/Filtreler/BaslangicYaz'

2021-10-14 17:37:47 - [TEST_CASE][PASSED] - Test Cases/Filtreler/BaslangicYaz: Test Cases/Filtreler/BaslangicYaz

2021-10-14 17:37:47 - [TEST_STEP][PASSED] - Method.TextDegerineEsitElementinAltindakineTikla(findTestObject("Filtreler/Basliklar"), findTestObject("Filtreler/Basliga_Gore_Baslangic_Image"), Filtre_Adi): Method.TextDegerineEsitElementinAltindakineTikla is PASSED

2021-10-14 17:37:47 - [MESSAGE][INFO] - Finding Test Object 'Object Repository/Filtreler/Basliklar'

2021-10-14 17:37:47 - [MESSAGE][INFO] - Finding Test Object 'Object Repository/Filtreler/Basliga_Gore_Baslangic_Image'

2021-10-14 17:37:47 - [MESSAGE][INFO] - Checking timeout

2021-10-14 17:37:47 - [MESSAGE][INFO] - Finding web element with id: 'Object Repository/Filtreler/Basliklar' located by 'By.cssSelector: .control-label.col-sm-4.paddingMarginRLC' in '10' second(s)

2021-10-14 17:37:47 - [MESSAGE][INFO] - Smart Wait Function is triggered

2021-10-14 17:37:47 - [MESSAGE][INFO] - Found 14 web elements with id: 'Object Repository/Filtreler/Basliklar' located by 'By.cssSelector: .control-label.col-sm-4.paddingMarginRLC' in '10' second(s)

2021-10-14 17:37:47 - [MESSAGE][INFO] - Smart Wait Function is triggered

2021-10-14 17:37:48 - [MESSAGE][PASSED] - Method.TextDegerineEsitElementinAltindakineTikla is PASSED

2021-10-14 17:37:48 - [TEST_STEP][PASSED] - Method.TextDegerineEsitElementinAltindakiTextboxtaYaz(findTestObject("Filtreler/Basliklar"), findTestObject("Filtreler/Basliga_Gore_Baslangic"), Filtre_Adi, Filtre_Degeri): Method.TextDegerineEsitElementinAltindakiTextboxtaYaz is PASSED

2021-10-14 17:37:48 - [MESSAGE][INFO] - Finding Test Object 'Object Repository/Filtreler/Basliklar'

2021-10-14 17:37:48 - [MESSAGE][INFO] - Finding Test Object 'Object Repository/Filtreler/Basliga_Gore_Baslangic'

2021-10-14 17:37:48 - [MESSAGE][INFO] - Checking timeout

2021-10-14 17:37:48 - [MESSAGE][INFO] - Finding web element with id: 'Object Repository/Filtreler/Basliklar' located by 'By.cssSelector: .control-label.col-sm-4.paddingMarginRLC' in '10' second(s)

2021-10-14 17:37:48 - [MESSAGE][INFO] - Smart Wait Function is triggered

2021-10-14 17:37:48 - [MESSAGE][INFO] - Found 14 web elements with id: 'Object Repository/Filtreler/Basliklar' located by 'By.cssSelector: .control-label.col-sm-4.paddingMarginRLC' in '10' second(s)

2021-10-14 17:37:48 - [MESSAGE][INFO] - Smart Wait Function is triggered

2021-10-14 17:37:49 - [MESSAGE][PASSED] - Method.TextDegerineEsitElementinAltindakiTextboxtaYaz is PASSED

2021-10-14 17:37:49 - [MESSAGE][PASSED] - Call Test Case 'Test Cases/Filtreler/BaslangicYaz' successfully

2021-10-14 17:37:49 - [MESSAGE][INFO] - Checking called Test Case

2021-10-14 17:37:49 - [MESSAGE][INFO] - Starting to call Test Case 'Test Cases/Filtreler/BitisYaz'

2021-10-14 17:37:49 - [TEST_CASE][PASSED] - Test Cases/Filtreler/BitisYaz: Test Cases/Filtreler/BitisYaz

2021-10-14 17:37:49 - [TEST_STEP][PASSED] - Method.TextDegerineEsitElementinAltindakineTikla(findTestObject("Filtreler/Basliklar"), findTestObject("Filtreler/Basliga_Gore_Bitis_Image"), Filtre_Adi): Method.TextDegerineEsitElementinAltindakineTikla is PASSED

2021-10-14 17:37:49 - [MESSAGE][INFO] - Finding Test Object 'Object Repository/Filtreler/Basliklar'

2021-10-14 17:37:49 - [MESSAGE][INFO] - Finding Test Object 'Object Repository/Filtreler/Basliga_Gore_Bitis_Image'

2021-10-14 17:37:49 - [MESSAGE][INFO] - Checking timeout

2021-10-14 17:37:49 - [MESSAGE][INFO] - Finding web element with id: 'Object Repository/Filtreler/Basliklar' located by 'By.cssSelector: .control-label.col-sm-4.paddingMarginRLC' in '10' second(s)

2021-10-14 17:37:49 - [MESSAGE][INFO] - Smart Wait Function is triggered

2021-10-14 17:37:49 - [MESSAGE][INFO] - Found 14 web elements with id: 'Object Repository/Filtreler/Basliklar' located by 'By.cssSelector: .control-label.col-sm-4.paddingMarginRLC' in '10' second(s)

2021-10-14 17:37:49 - [MESSAGE][INFO] - Smart Wait Function is triggered

2021-10-14 17:37:50 - [MESSAGE][PASSED] - Method.TextDegerineEsitElementinAltindakineTikla is PASSED

2021-10-14 17:37:50 - [TEST_STEP][PASSED] - Method.TextDegerineEsitElementinAltindakiTextboxtaYaz(findTestObject("Filtreler/Basliklar"), findTestObject("Object Repository/Filtreler/Basliga_Gore_Bitis"), Filtre_Adi, Filtre_Degeri): Method.TextDegerineEsitElementinAltindakiTextboxtaYaz is PASSED

2021-10-14 17:37:50 - [MESSAGE][INFO] - Finding Test Object 'Object Repository/Filtreler/Basliklar'

2021-10-14 17:37:50 - [MESSAGE][INFO] - Finding Test Object 'Object Repository/Filtreler/Basliga_Gore_Bitis'

2021-10-14 17:37:50 - [MESSAGE][INFO] - Checking timeout

2021-10-14 17:37:50 - [MESSAGE][INFO] - Finding web element with id: 'Object Repository/Filtreler/Basliklar' located by 'By.cssSelector: .control-label.col-sm-4.paddingMarginRLC' in '10' second(s)

2021-10-14 17:37:50 - [MESSAGE][INFO] - Smart Wait Function is triggered

2021-10-14 17:37:50 - [MESSAGE][INFO] - Found 14 web elements with id: 'Object Repository/Filtreler/Basliklar' located by 'By.cssSelector: .control-label.col-sm-4.paddingMarginRLC' in '10' second(s)

2021-10-14 17:37:50 - [MESSAGE][INFO] - Smart Wait Function is triggered

2021-10-14 17:37:51 - [MESSAGE][PASSED] - Method.TextDegerineEsitElementinAltindakiTextboxtaYaz is PASSED

2021-10-14 17:37:51 - [MESSAGE][PASSED] - Call Test Case 'Test Cases/Filtreler/BitisYaz' successfully

2021-10-14 17:37:51 - [MESSAGE][INFO] - Checking called Test Case

2021-10-14 17:37:51 - [MESSAGE][INFO] - Starting to call Test Case 'Test Cases/Filtreler/ButonaTikla'

2021-10-14 17:37:51 - [TEST_CASE][PASSED] - Test Cases/Filtreler/ButonaTikla: Test Cases/Filtreler/ButonaTikla

2021-10-14 17:37:51 - [TEST_STEP][PASSED] - Method.TextDegerineEsitElementeTikla(findTestObject("Filtreler/Butonlar"), Filtre_Buton): Method.TextDegerineEsitElementeTikla is PASSED

2021-10-14 17:37:51 - [MESSAGE][INFO] - Finding Test Object 'Object Repository/Filtreler/Butonlar'

2021-10-14 17:37:51 - [MESSAGE][INFO] - Checking timeout

2021-10-14 17:37:51 - [MESSAGE][INFO] - Finding web element with id: 'Object Repository/Filtreler/Butonlar' located by 'By.cssSelector: .dxb>span' in '10' second(s)

2021-10-14 17:37:51 - [MESSAGE][INFO] - Smart Wait Function is triggered

2021-10-14 17:37:51 - [MESSAGE][INFO] - Found 3 web elements with id: 'Object Repository/Filtreler/Butonlar' located by 'By.cssSelector: .dxb>span' in '10' second(s)

2021-10-14 17:37:51 - [MESSAGE][PASSED] - Method.TextDegerineEsitElementeTikla is PASSED

2021-10-14 17:37:51 - [MESSAGE][PASSED] - Call Test Case 'Test Cases/Filtreler/ButonaTikla' successfully

2021-10-14 17:37:51 - [MESSAGE][INFO] - Checking called Test Case

2021-10-14 17:37:51 - [MESSAGE][INFO] - Starting to call Test Case 'Test Cases/Tablo/TablodaVeriVarMi'

2021-10-14 17:37:52 - [TEST_CASE][PASSED] - Test Cases/Tablo/TablodaVeriVarMi: Test Cases/Tablo/TablodaVeriVarMi

2021-10-14 17:37:52 - [TEST_STEP][PASSED] - verifyTextNotPresent("Görüntülenecek veri yok", true): Text 'Görüntülenecek veri yok' is not present on page using regular expression

2021-10-14 17:37:52 - [MESSAGE][INFO] - Checking text present  using regular expression

2021-10-14 17:37:52 - [MESSAGE][INFO] - Smart Wait Function is triggered

2021-10-14 17:37:53 - [MESSAGE][INFO] - Finding text 'Görüntülenecek veri yok' on page  using regular expression

2021-10-14 17:37:53 - [MESSAGE][PASSED] - Text 'Görüntülenecek veri yok' is not present on page using regular expression

2021-10-14 17:37:53 - [MESSAGE][PASSED] - Call Test Case 'Test Cases/Tablo/TablodaVeriVarMi' successfully

2021-10-14 17:37:53 - [MESSAGE][INFO] - Checking called Test Case

2021-10-14 17:37:53 - [MESSAGE][INFO] - Starting to call Test Case 'Test Cases/Tablo/TablodanVeriSec'

2021-10-14 17:37:53 - [TEST_CASE][PASSED] - Test Cases/Tablo/TablodanVeriSec: Test Cases/Tablo/TablodanVeriSec

2021-10-14 17:37:53 - [TEST_STEP][PASSED] - Method.TextDegerineEsitElementinAltindakineTikla(findTestObject("Tablo/Veriler"), findTestObject("Tablo/VerininCheckBoxi"), Veri_Adi): Method.TextDegerineEsitElementinAltindakineTikla is PASSED

2021-10-14 17:37:53 - [MESSAGE][INFO] - Finding Test Object 'Object Repository/Tablo/Veriler'

2021-10-14 17:37:53 - [MESSAGE][INFO] - Finding Test Object 'Object Repository/Tablo/VerininCheckBoxi'

2021-10-14 17:37:53 - [MESSAGE][INFO] - Checking timeout

2021-10-14 17:37:53 - [MESSAGE][INFO] - Finding web element with id: 'Object Repository/Tablo/Veriler' located by 'By.cssSelector: td.dxgv b ,td.dxgv' in '10' second(s)

2021-10-14 17:37:53 - [MESSAGE][INFO] - Smart Wait Function is triggered

2021-10-14 17:37:53 - [MESSAGE][INFO] - Found 13 web elements with id: 'Object Repository/Tablo/Veriler' located by 'By.cssSelector: td.dxgv b ,td.dxgv' in '10' second(s)

2021-10-14 17:37:53 - [MESSAGE][INFO] - Smart Wait Function is triggered

2021-10-14 17:37:54 - [MESSAGE][PASSED] - Method.TextDegerineEsitElementinAltindakineTikla is PASSED

2021-10-14 17:37:54 - [MESSAGE][PASSED] - Call Test Case 'Test Cases/Tablo/TablodanVeriSec' successfully

2021-10-14 17:37:54 - [MESSAGE][INFO] - Checking called Test Case

2021-10-14 17:37:54 - [MESSAGE][INFO] - Starting to call Test Case 'Test Cases/Butonlar/ButonaTikla'

2021-10-14 17:37:54 - [TEST_CASE][PASSED] - Test Cases/Butonlar/ButonaTikla: Test Cases/Butonlar/ButonaTikla

2021-10-14 17:37:54 - [TEST_STEP][PASSED] - Method.TextDegerineEsitElementeTiklaEquals(findTestObject("Butonlar/Butonlar"), Buton_Adi): Method.TextDegerineEsitElementeTiklaEquals is PASSED

2021-10-14 17:37:54 - [MESSAGE][INFO] - Finding Test Object 'Object Repository/Butonlar/Butonlar'

2021-10-14 17:37:54 - [MESSAGE][INFO] - Checking timeout

2021-10-14 17:37:54 - [MESSAGE][INFO] - Finding web element with id: 'Object Repository/Butonlar/Butonlar' located by 'By.cssSelector: .panel.panel-default.text-center.footerPanel .btn,.btn.btn-primary.btnControls' in '10' second(s)

2021-10-14 17:37:54 - [MESSAGE][INFO] - Smart Wait Function is triggered

2021-10-14 17:37:54 - [MESSAGE][INFO] - Found 13 web elements with id: 'Object Repository/Butonlar/Butonlar' located by 'By.cssSelector: .panel.panel-default.text-center.footerPanel .btn,.btn.btn-primary.btnControls' in '10' second(s)

2021-10-14 17:37:54 - [MESSAGE][PASSED] - Method.TextDegerineEsitElementeTiklaEquals is PASSED

2021-10-14 17:37:54 - [MESSAGE][PASSED] - Call Test Case 'Test Cases/Butonlar/ButonaTikla' successfully

2021-10-14 17:37:54 - [MESSAGE][INFO] - Checking called Test Case

2021-10-14 17:37:54 - [MESSAGE][INFO] - Starting to call Test Case 'Test Cases/Butonlar/AltButonaTikla'

2021-10-14 17:37:54 - [TEST_CASE][PASSED] - Test Cases/Butonlar/AltButonaTikla: Test Cases/Butonlar/AltButonaTikla

2021-10-14 17:37:54 - [TEST_STEP][PASSED] - Method.TextDegerineEsitElementeTikla(findTestObject("Butonlar/AltButonlar"), Alt_Buton): Method.TextDegerineEsitElementeTikla is PASSED

2021-10-14 17:37:54 - [MESSAGE][INFO] - Finding Test Object 'Object Repository/Butonlar/AltButonlar'

2021-10-14 17:37:54 - [MESSAGE][INFO] - Checking timeout

2021-10-14 17:37:54 - [MESSAGE][INFO] - Finding web element with id: 'Object Repository/Butonlar/AltButonlar' located by 'By.cssSelector: .btn-group.open li>a' in '10' second(s)

2021-10-14 17:37:54 - [MESSAGE][INFO] - Smart Wait Function is triggered

2021-10-14 17:37:54 - [MESSAGE][INFO] - Found 4 web elements with id: 'Object Repository/Butonlar/AltButonlar' located by 'By.cssSelector: .btn-group.open li>a' in '10' second(s)

2021-10-14 17:37:55 - [MESSAGE][PASSED] - Method.TextDegerineEsitElementeTikla is PASSED

2021-10-14 17:37:55 - [MESSAGE][PASSED] - Call Test Case 'Test Cases/Butonlar/AltButonaTikla' successfully

2021-10-14 17:37:55 - [MESSAGE][INFO] - Checking called Test Case

2021-10-14 17:37:55 - [MESSAGE][INFO] - Starting to call Test Case 'Test Cases/Popup/PopupMesajiIceriyorMu'

2021-10-14 17:37:55 - [TEST_CASE][PASSED] - Test Cases/Popup/PopupMesajiIceriyorMu: Test Cases/Popup/PopupMesajiIceriyorMu

2021-10-14 17:37:55 - [TEST_STEP][PASSED] - waitForElementVisible(findTestObject("Popup/Popup"), 10): Object 'Object Repository/Popup/Popup' is visible

2021-10-14 17:37:55 - [MESSAGE][INFO] - Finding Test Object 'Object Repository/Popup/Popup'

2021-10-14 17:37:55 - [MESSAGE][INFO] - Checking object

2021-10-14 17:37:55 - [MESSAGE][INFO] - Checking timeout

2021-10-14 17:37:55 - [MESSAGE][INFO] - Finding web element from Test Object's properties

2021-10-14 17:37:55 - [MESSAGE][INFO] - Checking timeout

2021-10-14 17:37:55 - [MESSAGE][INFO] - Finding web element with id: 'Object Repository/Popup/Popup' located by 'By.cssSelector: .bootbox-body' in '10' second(s)

2021-10-14 17:37:55 - [MESSAGE][INFO] - Smart Wait Function is triggered

2021-10-14 17:37:56 - [MESSAGE][INFO] - Found 1 web elements with id: 'Object Repository/Popup/Popup' located by 'By.cssSelector: .bootbox-body' in '10' second(s)

2021-10-14 17:37:56 - [MESSAGE][PASSED] - Object 'Object Repository/Popup/Popup' is visible

2021-10-14 17:37:56 - [TEST_STEP][PASSED] - if (!(getText(findTestObject("Popup/Popup")).contains(Mesaj))): Text of object 'Object Repository/Popup/Popup' is: 'Lütfen rapor bildiriminin gönderileceği e-posta adresini belirtiniz.
e-Posta Adresi'

2021-10-14 17:37:56 - [MESSAGE][INFO] - Finding Test Object 'Object Repository/Popup/Popup'

2021-10-14 17:37:56 - [MESSAGE][INFO] - Checking object

2021-10-14 17:37:56 - [MESSAGE][INFO] - Finding web element from Test Object's properties

2021-10-14 17:37:56 - [MESSAGE][INFO] - Checking timeout

2021-10-14 17:37:56 - [MESSAGE][INFO] - Finding web element with id: 'Object Repository/Popup/Popup' located by 'By.cssSelector: .bootbox-body' in '30' second(s)

2021-10-14 17:37:56 - [MESSAGE][INFO] - Smart Wait Function is triggered

2021-10-14 17:37:56 - [MESSAGE][INFO] - Found 1 web elements with id: 'Object Repository/Popup/Popup' located by 'By.cssSelector: .bootbox-body' in '30' second(s)

2021-10-14 17:37:56 - [MESSAGE][INFO] - Getting text of object 'Object Repository/Popup/Popup'

2021-10-14 17:37:56 - [MESSAGE][PASSED] - Text of object 'Object Repository/Popup/Popup' is: 'Lütfen rapor bildiriminin gönderileceği e-posta adresini belirtiniz.
e-Posta Adresi'

2021-10-14 17:37:56 - [TEST_STEP][PASSED] - RaporNo = getText(findTestObject("Popup/Popup")).substring(0, 6): Text of object 'Object Repository/Popup/Popup' is: 'Lütfen rapor bildiriminin gönderileceği e-posta adresini belirtiniz.
e-Posta Adresi'

2021-10-14 17:37:56 - [MESSAGE][INFO] - Finding Test Object 'Object Repository/Popup/Popup'

2021-10-14 17:37:56 - [MESSAGE][INFO] - Checking object

2021-10-14 17:37:56 - [MESSAGE][INFO] - Finding web element from Test Object's properties

2021-10-14 17:37:56 - [MESSAGE][INFO] - Checking timeout

2021-10-14 17:37:56 - [MESSAGE][INFO] - Finding web element with id: 'Object Repository/Popup/Popup' located by 'By.cssSelector: .bootbox-body' in '30' second(s)

2021-10-14 17:37:56 - [MESSAGE][INFO] - Smart Wait Function is triggered

2021-10-14 17:37:56 - [MESSAGE][INFO] - Found 1 web elements with id: 'Object Repository/Popup/Popup' located by 'By.cssSelector: .bootbox-body' in '30' second(s)

2021-10-14 17:37:56 - [MESSAGE][INFO] - Getting text of object 'Object Repository/Popup/Popup'

2021-10-14 17:37:56 - [MESSAGE][PASSED] - Text of object 'Object Repository/Popup/Popup' is: 'Lütfen rapor bildiriminin gönderileceği e-posta adresini belirtiniz.
e-Posta Adresi'

2021-10-14 17:37:56 - [TEST_STEP][PASSED] - Console.println(RaporNo): null

2021-10-14 17:37:56 - [MESSAGE][PASSED] - Call Test Case 'Test Cases/Popup/PopupMesajiIceriyorMu' successfully

2021-10-14 17:37:56 - [MESSAGE][INFO] - Checking called Test Case

2021-10-14 17:37:56 - [MESSAGE][INFO] - Starting to call Test Case 'Test Cases/Popup/PopupButonSecilir'

2021-10-14 17:37:56 - [TEST_CASE][PASSED] - Test Cases/Popup/PopupButonSecilir: Test Cases/Popup/PopupButonSecilir

2021-10-14 17:37:56 - [TEST_STEP][PASSED] - Method.TextDegerineEsitElementeTikla(findTestObject("Popup/Popup_Butons"), Buton): Method.TextDegerineEsitElementeTikla is PASSED

2021-10-14 17:37:56 - [MESSAGE][INFO] - Finding Test Object 'Object Repository/Popup/Popup_Butons'

2021-10-14 17:37:57 - [MESSAGE][INFO] - Checking timeout

2021-10-14 17:37:57 - [MESSAGE][INFO] - Finding web element with id: 'Object Repository/Popup/Popup_Butons' located by 'By.cssSelector: .modal-footer>button' in '10' second(s)

2021-10-14 17:37:57 - [MESSAGE][INFO] - Smart Wait Function is triggered

2021-10-14 17:37:57 - [MESSAGE][INFO] - Found 2 web elements with id: 'Object Repository/Popup/Popup_Butons' located by 'By.cssSelector: .modal-footer>button' in '10' second(s)

2021-10-14 17:37:57 - [MESSAGE][PASSED] - Method.TextDegerineEsitElementeTikla is PASSED

2021-10-14 17:37:57 - [MESSAGE][PASSED] - Call Test Case 'Test Cases/Popup/PopupButonSecilir' successfully

2021-10-14 17:37:57 - [MESSAGE][INFO] - Checking called Test Case

2021-10-14 17:37:57 - [MESSAGE][INFO] - Starting to call Test Case 'Test Cases/Popup/PopupMesajiIceriyorMu'

2021-10-14 17:37:57 - [TEST_CASE][PASSED] - Test Cases/Popup/PopupMesajiIceriyorMu: Test Cases/Popup/PopupMesajiIceriyorMu

2021-10-14 17:37:57 - [TEST_STEP][PASSED] - waitForElementVisible(findTestObject("Popup/Popup"), 10): Object 'Object Repository/Popup/Popup' is visible

2021-10-14 17:37:57 - [MESSAGE][INFO] - Finding Test Object 'Object Repository/Popup/Popup'

2021-10-14 17:37:57 - [MESSAGE][INFO] - Checking object

2021-10-14 17:37:57 - [MESSAGE][INFO] - Checking timeout

2021-10-14 17:37:57 - [MESSAGE][INFO] - Finding web element from Test Object's properties

2021-10-14 17:37:57 - [MESSAGE][INFO] - Checking timeout

2021-10-14 17:37:57 - [MESSAGE][INFO] - Finding web element with id: 'Object Repository/Popup/Popup' located by 'By.cssSelector: .bootbox-body' in '10' second(s)

2021-10-14 17:37:57 - [MESSAGE][INFO] - Smart Wait Function is triggered

2021-10-14 17:37:58 - [MESSAGE][INFO] - Found 1 web elements with id: 'Object Repository/Popup/Popup' located by 'By.cssSelector: .bootbox-body' in '10' second(s)

2021-10-14 17:37:58 - [MESSAGE][PASSED] - Object 'Object Repository/Popup/Popup' is visible

2021-10-14 17:37:58 - [TEST_STEP][PASSED] - if (!(getText(findTestObject("Popup/Popup")).contains(Mesaj))): Text of object 'Object Repository/Popup/Popup' is: '14621 no’lu talebiniz işleme alınmıştır. Raporunuz hazırlandığında (elogotest@gmail.com) adresinize mail gönderilecektir.
Rapor durumunuzu Raporlar > Toplu Veri İndirme ekranından takip edebilir, hazırlandı durumundaki raporlarınızı ilgili menüden indirebilirsiniz.'

2021-10-14 17:37:58 - [MESSAGE][INFO] - Finding Test Object 'Object Repository/Popup/Popup'

2021-10-14 17:37:58 - [MESSAGE][INFO] - Checking object

2021-10-14 17:37:58 - [MESSAGE][INFO] - Finding web element from Test Object's properties

2021-10-14 17:37:58 - [MESSAGE][INFO] - Checking timeout

2021-10-14 17:37:58 - [MESSAGE][INFO] - Finding web element with id: 'Object Repository/Popup/Popup' located by 'By.cssSelector: .bootbox-body' in '30' second(s)

2021-10-14 17:37:58 - [MESSAGE][INFO] - Smart Wait Function is triggered

2021-10-14 17:37:58 - [MESSAGE][INFO] - Found 1 web elements with id: 'Object Repository/Popup/Popup' located by 'By.cssSelector: .bootbox-body' in '30' second(s)

2021-10-14 17:37:58 - [MESSAGE][INFO] - Getting text of object 'Object Repository/Popup/Popup'

2021-10-14 17:37:58 - [MESSAGE][PASSED] - Text of object 'Object Repository/Popup/Popup' is: '14621 no’lu talebiniz işleme alınmıştır. Raporunuz hazırlandığında (elogotest@gmail.com) adresinize mail gönderilecektir.
Rapor durumunuzu Raporlar > Toplu Veri İndirme ekranından takip edebilir, hazırlandı durumundaki raporlarınızı ilgili menüden indirebilirsiniz.'

2021-10-14 17:37:58 - [TEST_STEP][PASSED] - RaporNo = getText(findTestObject("Popup/Popup")).substring(0, 6): Text of object 'Object Repository/Popup/Popup' is: '14621 no’lu talebiniz işleme alınmıştır. Raporunuz hazırlandığında (elogotest@gmail.com) adresinize mail gönderilecektir.
Rapor durumunuzu Raporlar > Toplu Veri İndirme ekranından takip edebilir, hazırlandı durumundaki raporlarınızı ilgili menüden indirebilirsiniz.'

2021-10-14 17:37:58 - [MESSAGE][INFO] - Finding Test Object 'Object Repository/Popup/Popup'

2021-10-14 17:37:58 - [MESSAGE][INFO] - Checking object

2021-10-14 17:37:58 - [MESSAGE][INFO] - Finding web element from Test Object's properties

2021-10-14 17:37:58 - [MESSAGE][INFO] - Checking timeout

2021-10-14 17:37:58 - [MESSAGE][INFO] - Finding web element with id: 'Object Repository/Popup/Popup' located by 'By.cssSelector: .bootbox-body' in '30' second(s)

2021-10-14 17:37:58 - [MESSAGE][INFO] - Smart Wait Function is triggered

2021-10-14 17:37:58 - [MESSAGE][INFO] - Found 1 web elements with id: 'Object Repository/Popup/Popup' located by 'By.cssSelector: .bootbox-body' in '30' second(s)

2021-10-14 17:37:58 - [MESSAGE][INFO] - Getting text of object 'Object Repository/Popup/Popup'

2021-10-14 17:37:58 - [MESSAGE][PASSED] - Text of object 'Object Repository/Popup/Popup' is: '14621 no’lu talebiniz işleme alınmıştır. Raporunuz hazırlandığında (elogotest@gmail.com) adresinize mail gönderilecektir.
Rapor durumunuzu Raporlar > Toplu Veri İndirme ekranından takip edebilir, hazırlandı durumundaki raporlarınızı ilgili menüden indirebilirsiniz.'

2021-10-14 17:37:58 - [TEST_STEP][PASSED] - Console.println(RaporNo): null

2021-10-14 17:37:58 - [MESSAGE][PASSED] - Call Test Case 'Test Cases/Popup/PopupMesajiIceriyorMu' successfully

2021-10-14 17:37:58 - [MESSAGE][INFO] - Checking called Test Case

2021-10-14 17:37:58 - [MESSAGE][INFO] - Starting to call Test Case 'Test Cases/Popup/PopupButonSecilir'

2021-10-14 17:37:58 - [TEST_CASE][PASSED] - Test Cases/Popup/PopupButonSecilir: Test Cases/Popup/PopupButonSecilir

2021-10-14 17:37:58 - [TEST_STEP][PASSED] - Method.TextDegerineEsitElementeTikla(findTestObject("Popup/Popup_Butons"), Buton): Method.TextDegerineEsitElementeTikla is PASSED

2021-10-14 17:37:58 - [MESSAGE][INFO] - Finding Test Object 'Object Repository/Popup/Popup_Butons'

2021-10-14 17:37:59 - [MESSAGE][INFO] - Checking timeout

2021-10-14 17:37:59 - [MESSAGE][INFO] - Finding web element with id: 'Object Repository/Popup/Popup_Butons' located by 'By.cssSelector: .modal-footer>button' in '10' second(s)

2021-10-14 17:37:59 - [MESSAGE][INFO] - Smart Wait Function is triggered

2021-10-14 17:37:59 - [MESSAGE][INFO] - Found 1 web elements with id: 'Object Repository/Popup/Popup_Butons' located by 'By.cssSelector: .modal-footer>button' in '10' second(s)

2021-10-14 17:37:59 - [MESSAGE][PASSED] - Method.TextDegerineEsitElementeTikla is PASSED

2021-10-14 17:37:59 - [MESSAGE][PASSED] - Call Test Case 'Test Cases/Popup/PopupButonSecilir' successfully

2021-10-14 17:37:59 - [MESSAGE][INFO] - Checking called Test Case

2021-10-14 17:37:59 - [MESSAGE][INFO] - Starting to call Test Case 'Test Cases/Butonlar/ButonaTikla'

2021-10-14 17:37:59 - [TEST_CASE][PASSED] - Test Cases/Butonlar/ButonaTikla: Test Cases/Butonlar/ButonaTikla

2021-10-14 17:37:59 - [TEST_STEP][PASSED] - Method.TextDegerineEsitElementeTiklaEquals(findTestObject("Butonlar/Butonlar"), Buton_Adi): Method.TextDegerineEsitElementeTiklaEquals is PASSED

2021-10-14 17:37:59 - [MESSAGE][INFO] - Finding Test Object 'Object Repository/Butonlar/Butonlar'

2021-10-14 17:37:59 - [MESSAGE][INFO] - Checking timeout

2021-10-14 17:37:59 - [MESSAGE][INFO] - Finding web element with id: 'Object Repository/Butonlar/Butonlar' located by 'By.cssSelector: .panel.panel-default.text-center.footerPanel .btn,.btn.btn-primary.btnControls' in '10' second(s)

2021-10-14 17:37:59 - [MESSAGE][INFO] - Smart Wait Function is triggered

2021-10-14 17:38:00 - [MESSAGE][INFO] - Found 13 web elements with id: 'Object Repository/Butonlar/Butonlar' located by 'By.cssSelector: .panel.panel-default.text-center.footerPanel .btn,.btn.btn-primary.btnControls' in '10' second(s)

2021-10-14 17:38:00 - [MESSAGE][PASSED] - Method.TextDegerineEsitElementeTiklaEquals is PASSED

2021-10-14 17:38:00 - [MESSAGE][PASSED] - Call Test Case 'Test Cases/Butonlar/ButonaTikla' successfully

2021-10-14 17:38:00 - [MESSAGE][INFO] - Checking called Test Case

2021-10-14 17:38:00 - [MESSAGE][INFO] - Starting to call Test Case 'Test Cases/Butonlar/AltButonaTikla'

2021-10-14 17:38:00 - [TEST_CASE][PASSED] - Test Cases/Butonlar/AltButonaTikla: Test Cases/Butonlar/AltButonaTikla

2021-10-14 17:38:00 - [TEST_STEP][PASSED] - Method.TextDegerineEsitElementeTikla(findTestObject("Butonlar/AltButonlar"), Alt_Buton): Method.TextDegerineEsitElementeTikla is PASSED

2021-10-14 17:38:00 - [MESSAGE][INFO] - Finding Test Object 'Object Repository/Butonlar/AltButonlar'

2021-10-14 17:38:00 - [MESSAGE][INFO] - Checking timeout

2021-10-14 17:38:00 - [MESSAGE][INFO] - Finding web element with id: 'Object Repository/Butonlar/AltButonlar' located by 'By.cssSelector: .btn-group.open li>a' in '10' second(s)

2021-10-14 17:38:00 - [MESSAGE][INFO] - Smart Wait Function is triggered

2021-10-14 17:38:00 - [MESSAGE][INFO] - Found 4 web elements with id: 'Object Repository/Butonlar/AltButonlar' located by 'By.cssSelector: .btn-group.open li>a' in '10' second(s)

2021-10-14 17:38:01 - [MESSAGE][PASSED] - Method.TextDegerineEsitElementeTikla is PASSED

2021-10-14 17:38:01 - [MESSAGE][PASSED] - Call Test Case 'Test Cases/Butonlar/AltButonaTikla' successfully

2021-10-14 17:38:01 - [MESSAGE][INFO] - Checking called Test Case

2021-10-14 17:38:01 - [MESSAGE][INFO] - Starting to call Test Case 'Test Cases/Popup/PopupMesajiIceriyorMu'

2021-10-14 17:38:01 - [TEST_CASE][PASSED] - Test Cases/Popup/PopupMesajiIceriyorMu: Test Cases/Popup/PopupMesajiIceriyorMu

2021-10-14 17:38:01 - [TEST_STEP][PASSED] - waitForElementVisible(findTestObject("Popup/Popup"), 10): Object 'Object Repository/Popup/Popup' is visible

2021-10-14 17:38:01 - [MESSAGE][INFO] - Finding Test Object 'Object Repository/Popup/Popup'

2021-10-14 17:38:01 - [MESSAGE][INFO] - Checking object

2021-10-14 17:38:01 - [MESSAGE][INFO] - Checking timeout

2021-10-14 17:38:01 - [MESSAGE][INFO] - Finding web element from Test Object's properties

2021-10-14 17:38:01 - [MESSAGE][INFO] - Checking timeout

2021-10-14 17:38:01 - [MESSAGE][INFO] - Finding web element with id: 'Object Repository/Popup/Popup' located by 'By.cssSelector: .bootbox-body' in '10' second(s)

2021-10-14 17:38:01 - [MESSAGE][INFO] - Smart Wait Function is triggered

2021-10-14 17:38:01 - [MESSAGE][INFO] - Found 1 web elements with id: 'Object Repository/Popup/Popup' located by 'By.cssSelector: .bootbox-body' in '10' second(s)

2021-10-14 17:38:01 - [MESSAGE][PASSED] - Object 'Object Repository/Popup/Popup' is visible

2021-10-14 17:38:01 - [TEST_STEP][PASSED] - if (!(getText(findTestObject("Popup/Popup")).contains(Mesaj))): Text of object 'Object Repository/Popup/Popup' is: 'Lütfen rapor bildiriminin gönderileceği e-posta adresini belirtiniz.
e-Posta Adresi'

2021-10-14 17:38:01 - [MESSAGE][INFO] - Finding Test Object 'Object Repository/Popup/Popup'

2021-10-14 17:38:01 - [MESSAGE][INFO] - Checking object

2021-10-14 17:38:01 - [MESSAGE][INFO] - Finding web element from Test Object's properties

2021-10-14 17:38:01 - [MESSAGE][INFO] - Checking timeout

2021-10-14 17:38:01 - [MESSAGE][INFO] - Finding web element with id: 'Object Repository/Popup/Popup' located by 'By.cssSelector: .bootbox-body' in '30' second(s)

2021-10-14 17:38:01 - [MESSAGE][INFO] - Smart Wait Function is triggered

2021-10-14 17:38:01 - [MESSAGE][INFO] - Found 1 web elements with id: 'Object Repository/Popup/Popup' located by 'By.cssSelector: .bootbox-body' in '30' second(s)

2021-10-14 17:38:01 - [MESSAGE][INFO] - Getting text of object 'Object Repository/Popup/Popup'

2021-10-14 17:38:02 - [MESSAGE][PASSED] - Text of object 'Object Repository/Popup/Popup' is: 'Lütfen rapor bildiriminin gönderileceği e-posta adresini belirtiniz.
e-Posta Adresi'

2021-10-14 17:38:02 - [TEST_STEP][PASSED] - RaporNo = getText(findTestObject("Popup/Popup")).substring(0, 6): Text of object 'Object Repository/Popup/Popup' is: 'Lütfen rapor bildiriminin gönderileceği e-posta adresini belirtiniz.
e-Posta Adresi'

2021-10-14 17:38:02 - [MESSAGE][INFO] - Finding Test Object 'Object Repository/Popup/Popup'

2021-10-14 17:38:02 - [MESSAGE][INFO] - Checking object

2021-10-14 17:38:02 - [MESSAGE][INFO] - Finding web element from Test Object's properties

2021-10-14 17:38:02 - [MESSAGE][INFO] - Checking timeout

2021-10-14 17:38:02 - [MESSAGE][INFO] - Finding web element with id: 'Object Repository/Popup/Popup' located by 'By.cssSelector: .bootbox-body' in '30' second(s)

2021-10-14 17:38:02 - [MESSAGE][INFO] - Smart Wait Function is triggered

2021-10-14 17:38:02 - [MESSAGE][INFO] - Found 1 web elements with id: 'Object Repository/Popup/Popup' located by 'By.cssSelector: .bootbox-body' in '30' second(s)

2021-10-14 17:38:02 - [MESSAGE][INFO] - Getting text of object 'Object Repository/Popup/Popup'

2021-10-14 17:38:02 - [MESSAGE][PASSED] - Text of object 'Object Repository/Popup/Popup' is: 'Lütfen rapor bildiriminin gönderileceği e-posta adresini belirtiniz.
e-Posta Adresi'

2021-10-14 17:38:02 - [TEST_STEP][PASSED] - Console.println(RaporNo): null

2021-10-14 17:38:02 - [MESSAGE][PASSED] - Call Test Case 'Test Cases/Popup/PopupMesajiIceriyorMu' successfully

2021-10-14 17:38:02 - [MESSAGE][INFO] - Checking called Test Case

2021-10-14 17:38:02 - [MESSAGE][INFO] - Starting to call Test Case 'Test Cases/Popup/PopupButonSecilir'

2021-10-14 17:38:02 - [TEST_CASE][PASSED] - Test Cases/Popup/PopupButonSecilir: Test Cases/Popup/PopupButonSecilir

2021-10-14 17:38:02 - [TEST_STEP][PASSED] - Method.TextDegerineEsitElementeTikla(findTestObject("Popup/Popup_Butons"), Buton): Method.TextDegerineEsitElementeTikla is PASSED

2021-10-14 17:38:02 - [MESSAGE][INFO] - Finding Test Object 'Object Repository/Popup/Popup_Butons'

2021-10-14 17:38:02 - [MESSAGE][INFO] - Checking timeout

2021-10-14 17:38:02 - [MESSAGE][INFO] - Finding web element with id: 'Object Repository/Popup/Popup_Butons' located by 'By.cssSelector: .modal-footer>button' in '10' second(s)

2021-10-14 17:38:02 - [MESSAGE][INFO] - Smart Wait Function is triggered

2021-10-14 17:38:02 - [MESSAGE][INFO] - Found 2 web elements with id: 'Object Repository/Popup/Popup_Butons' located by 'By.cssSelector: .modal-footer>button' in '10' second(s)

2021-10-14 17:38:03 - [MESSAGE][PASSED] - Method.TextDegerineEsitElementeTikla is PASSED

2021-10-14 17:38:03 - [MESSAGE][PASSED] - Call Test Case 'Test Cases/Popup/PopupButonSecilir' successfully

2021-10-14 17:38:03 - [MESSAGE][INFO] - Checking called Test Case

2021-10-14 17:38:03 - [MESSAGE][INFO] - Starting to call Test Case 'Test Cases/Popup/PopupMesajiIceriyorMu'

2021-10-14 17:38:03 - [TEST_CASE][PASSED] - Test Cases/Popup/PopupMesajiIceriyorMu: Test Cases/Popup/PopupMesajiIceriyorMu

2021-10-14 17:38:03 - [TEST_STEP][PASSED] - waitForElementVisible(findTestObject("Popup/Popup"), 10): Object 'Object Repository/Popup/Popup' is visible

2021-10-14 17:38:03 - [MESSAGE][INFO] - Finding Test Object 'Object Repository/Popup/Popup'

2021-10-14 17:38:03 - [MESSAGE][INFO] - Checking object

2021-10-14 17:38:03 - [MESSAGE][INFO] - Checking timeout

2021-10-14 17:38:03 - [MESSAGE][INFO] - Finding web element from Test Object's properties

2021-10-14 17:38:03 - [MESSAGE][INFO] - Checking timeout

2021-10-14 17:38:03 - [MESSAGE][INFO] - Finding web element with id: 'Object Repository/Popup/Popup' located by 'By.cssSelector: .bootbox-body' in '10' second(s)

2021-10-14 17:38:03 - [MESSAGE][INFO] - Smart Wait Function is triggered

2021-10-14 17:38:03 - [MESSAGE][INFO] - Found 1 web elements with id: 'Object Repository/Popup/Popup' located by 'By.cssSelector: .bootbox-body' in '10' second(s)

2021-10-14 17:38:03 - [MESSAGE][PASSED] - Object 'Object Repository/Popup/Popup' is visible

2021-10-14 17:38:03 - [TEST_STEP][PASSED] - if (!(getText(findTestObject("Popup/Popup")).contains(Mesaj))): Text of object 'Object Repository/Popup/Popup' is: '14622 no’lu talebiniz işleme alınmıştır. Raporunuz hazırlandığında (elogotest@gmail.com) adresinize mail gönderilecektir.
Rapor durumunuzu Raporlar > Toplu Veri İndirme ekranından takip edebilir, hazırlandı durumundaki raporlarınızı ilgili menüden indirebilirsiniz.'

2021-10-14 17:38:03 - [MESSAGE][INFO] - Finding Test Object 'Object Repository/Popup/Popup'

2021-10-14 17:38:03 - [MESSAGE][INFO] - Checking object

2021-10-14 17:38:03 - [MESSAGE][INFO] - Finding web element from Test Object's properties

2021-10-14 17:38:03 - [MESSAGE][INFO] - Checking timeout

2021-10-14 17:38:03 - [MESSAGE][INFO] - Finding web element with id: 'Object Repository/Popup/Popup' located by 'By.cssSelector: .bootbox-body' in '30' second(s)

2021-10-14 17:38:03 - [MESSAGE][INFO] - Smart Wait Function is triggered

2021-10-14 17:38:04 - [MESSAGE][INFO] - Found 1 web elements with id: 'Object Repository/Popup/Popup' located by 'By.cssSelector: .bootbox-body' in '30' second(s)

2021-10-14 17:38:04 - [MESSAGE][INFO] - Getting text of object 'Object Repository/Popup/Popup'

2021-10-14 17:38:04 - [MESSAGE][PASSED] - Text of object 'Object Repository/Popup/Popup' is: '14622 no’lu talebiniz işleme alınmıştır. Raporunuz hazırlandığında (elogotest@gmail.com) adresinize mail gönderilecektir.
Rapor durumunuzu Raporlar > Toplu Veri İndirme ekranından takip edebilir, hazırlandı durumundaki raporlarınızı ilgili menüden indirebilirsiniz.'

2021-10-14 17:38:04 - [TEST_STEP][PASSED] - RaporNo = getText(findTestObject("Popup/Popup")).substring(0, 6): Text of object 'Object Repository/Popup/Popup' is: '14622 no’lu talebiniz işleme alınmıştır. Raporunuz hazırlandığında (elogotest@gmail.com) adresinize mail gönderilecektir.
Rapor durumunuzu Raporlar > Toplu Veri İndirme ekranından takip edebilir, hazırlandı durumundaki raporlarınızı ilgili menüden indirebilirsiniz.'

2021-10-14 17:38:04 - [MESSAGE][INFO] - Finding Test Object 'Object Repository/Popup/Popup'

2021-10-14 17:38:04 - [MESSAGE][INFO] - Checking object

2021-10-14 17:38:04 - [MESSAGE][INFO] - Finding web element from Test Object's properties

2021-10-14 17:38:04 - [MESSAGE][INFO] - Checking timeout

2021-10-14 17:38:04 - [MESSAGE][INFO] - Finding web element with id: 'Object Repository/Popup/Popup' located by 'By.cssSelector: .bootbox-body' in '30' second(s)

2021-10-14 17:38:04 - [MESSAGE][INFO] - Smart Wait Function is triggered

2021-10-14 17:38:04 - [MESSAGE][INFO] - Found 1 web elements with id: 'Object Repository/Popup/Popup' located by 'By.cssSelector: .bootbox-body' in '30' second(s)

2021-10-14 17:38:04 - [MESSAGE][INFO] - Getting text of object 'Object Repository/Popup/Popup'

2021-10-14 17:38:04 - [MESSAGE][PASSED] - Text of object 'Object Repository/Popup/Popup' is: '14622 no’lu talebiniz işleme alınmıştır. Raporunuz hazırlandığında (elogotest@gmail.com) adresinize mail gönderilecektir.
Rapor durumunuzu Raporlar > Toplu Veri İndirme ekranından takip edebilir, hazırlandı durumundaki raporlarınızı ilgili menüden indirebilirsiniz.'

2021-10-14 17:38:04 - [TEST_STEP][PASSED] - Console.println(RaporNo): null

2021-10-14 17:38:04 - [MESSAGE][PASSED] - Call Test Case 'Test Cases/Popup/PopupMesajiIceriyorMu' successfully

2021-10-14 17:38:04 - [MESSAGE][INFO] - Checking called Test Case

2021-10-14 17:38:04 - [MESSAGE][INFO] - Starting to call Test Case 'Test Cases/Popup/PopupButonSecilir'

2021-10-14 17:38:04 - [TEST_CASE][PASSED] - Test Cases/Popup/PopupButonSecilir: Test Cases/Popup/PopupButonSecilir

2021-10-14 17:38:04 - [TEST_STEP][PASSED] - Method.TextDegerineEsitElementeTikla(findTestObject("Popup/Popup_Butons"), Buton): Method.TextDegerineEsitElementeTikla is PASSED

2021-10-14 17:38:04 - [MESSAGE][INFO] - Finding Test Object 'Object Repository/Popup/Popup_Butons'

2021-10-14 17:38:04 - [MESSAGE][INFO] - Checking timeout

2021-10-14 17:38:04 - [MESSAGE][INFO] - Finding web element with id: 'Object Repository/Popup/Popup_Butons' located by 'By.cssSelector: .modal-footer>button' in '10' second(s)

2021-10-14 17:38:04 - [MESSAGE][INFO] - Smart Wait Function is triggered

2021-10-14 17:38:04 - [MESSAGE][INFO] - Found 1 web elements with id: 'Object Repository/Popup/Popup_Butons' located by 'By.cssSelector: .modal-footer>button' in '10' second(s)

2021-10-14 17:38:05 - [MESSAGE][PASSED] - Method.TextDegerineEsitElementeTikla is PASSED

2021-10-14 17:38:05 - [MESSAGE][PASSED] - Call Test Case 'Test Cases/Popup/PopupButonSecilir' successfully

2021-10-14 17:38:05 - [MESSAGE][INFO] - Checking called Test Case

2021-10-14 17:38:05 - [MESSAGE][INFO] - Starting to call Test Case 'Test Cases/Menu/AnaMenuSecimi'

2021-10-14 17:38:05 - [TEST_CASE][PASSED] - Test Cases/Menu/AnaMenuSecimi: Test Cases/Menu/AnaMenuSecimi

2021-10-14 17:38:05 - [TEST_STEP][PASSED] - Method.TextDegerineEsitElementeTikla(findTestObject("Menu/Ana_Menu"), Ana_Menu): Method.TextDegerineEsitElementeTikla is PASSED

2021-10-14 17:38:05 - [MESSAGE][INFO] - Finding Test Object 'Object Repository/Menu/Ana_Menu'

2021-10-14 17:38:05 - [MESSAGE][INFO] - Checking timeout

2021-10-14 17:38:05 - [MESSAGE][INFO] - Finding web element with id: 'Object Repository/Menu/Ana_Menu' located by 'By.xpath: //*[@class = 'dropdown-toggle']' in '10' second(s)

2021-10-14 17:38:05 - [MESSAGE][INFO] - Smart Wait Function is triggered

2021-10-14 17:38:05 - [MESSAGE][INFO] - Found 14 web elements with id: 'Object Repository/Menu/Ana_Menu' located by 'By.xpath: //*[@class = 'dropdown-toggle']' in '10' second(s)

2021-10-14 17:38:06 - [MESSAGE][PASSED] - Method.TextDegerineEsitElementeTikla is PASSED

2021-10-14 17:38:06 - [MESSAGE][PASSED] - Call Test Case 'Test Cases/Menu/AnaMenuSecimi' successfully

2021-10-14 17:38:06 - [MESSAGE][INFO] - Checking called Test Case

2021-10-14 17:38:06 - [MESSAGE][INFO] - Starting to call Test Case 'Test Cases/Menu/AltMenuSecimi'

2021-10-14 17:38:06 - [TEST_CASE][PASSED] - Test Cases/Menu/AltMenuSecimi: Test Cases/Menu/AltMenuSecimi

2021-10-14 17:38:06 - [TEST_STEP][PASSED] - Method.TextDegerineEsitElementeTikla(findTestObject("Menu/Alt_Menu"), Alt_Menu): Method.TextDegerineEsitElementeTikla is PASSED

2021-10-14 17:38:06 - [MESSAGE][INFO] - Finding Test Object 'Object Repository/Menu/Alt_Menu'

2021-10-14 17:38:06 - [MESSAGE][INFO] - Checking timeout

2021-10-14 17:38:06 - [MESSAGE][INFO] - Finding web element with id: 'Object Repository/Menu/Alt_Menu' located by 'By.xpath: //li[@class='dropdown dropdown-large open']//li[@class='dropdown-element']' in '10' second(s)

2021-10-14 17:38:06 - [MESSAGE][INFO] - Smart Wait Function is triggered

2021-10-14 17:38:06 - [MESSAGE][INFO] - Found 9 web elements with id: 'Object Repository/Menu/Alt_Menu' located by 'By.xpath: //li[@class='dropdown dropdown-large open']//li[@class='dropdown-element']' in '10' second(s)

2021-10-14 17:38:07 - [MESSAGE][PASSED] - Method.TextDegerineEsitElementeTikla is PASSED

2021-10-14 17:38:07 - [MESSAGE][PASSED] - Call Test Case 'Test Cases/Menu/AltMenuSecimi' successfully

2021-10-14 17:38:07 - [MESSAGE][INFO] - Checking called Test Case

2021-10-14 17:38:07 - [MESSAGE][INFO] - Starting to call Test Case 'Test Cases/Filtreler/RaporNoYaz'

2021-10-14 17:38:07 - [TEST_CASE][PASSED] - Test Cases/Filtreler/RaporNoYaz: Test Cases/Filtreler/RaporNoYaz

2021-10-14 17:38:07 - [TEST_STEP][PASSED] - Method.TextDegerineEsitElementinAltindakiTextboxtaYaz(findTestObject("Filtreler/Basliklar"), findTestObject("Filtreler/Basliga_Gore_Textbox"), "Talep No", RaporNo): Method.TextDegerineEsitElementinAltindakiTextboxtaYaz is PASSED

2021-10-14 17:38:07 - [MESSAGE][INFO] - Finding Test Object 'Object Repository/Filtreler/Basliklar'

2021-10-14 17:38:07 - [MESSAGE][INFO] - Finding Test Object 'Object Repository/Filtreler/Basliga_Gore_Textbox'

2021-10-14 17:38:07 - [MESSAGE][INFO] - Checking timeout

2021-10-14 17:38:07 - [MESSAGE][INFO] - Finding web element with id: 'Object Repository/Filtreler/Basliklar' located by 'By.cssSelector: .control-label.col-sm-4.paddingMarginRLC' in '10' second(s)

2021-10-14 17:38:07 - [MESSAGE][INFO] - Smart Wait Function is triggered

2021-10-14 17:38:07 - [MESSAGE][INFO] - Found 8 web elements with id: 'Object Repository/Filtreler/Basliklar' located by 'By.cssSelector: .control-label.col-sm-4.paddingMarginRLC' in '10' second(s)

2021-10-14 17:38:07 - [MESSAGE][INFO] - Smart Wait Function is triggered

2021-10-14 17:38:08 - [MESSAGE][PASSED] - Method.TextDegerineEsitElementinAltindakiTextboxtaYaz is PASSED

2021-10-14 17:38:08 - [MESSAGE][PASSED] - Call Test Case 'Test Cases/Filtreler/RaporNoYaz' successfully

2021-10-14 17:38:08 - [MESSAGE][INFO] - Checking called Test Case

2021-10-14 17:38:08 - [MESSAGE][INFO] - Starting to call Test Case 'Test Cases/Filtreler/ButonaTikla'

2021-10-14 17:38:08 - [TEST_CASE][PASSED] - Test Cases/Filtreler/ButonaTikla: Test Cases/Filtreler/ButonaTikla

2021-10-14 17:38:08 - [TEST_STEP][PASSED] - Method.TextDegerineEsitElementeTikla(findTestObject("Filtreler/Butonlar"), Filtre_Buton): Method.TextDegerineEsitElementeTikla is PASSED

2021-10-14 17:38:08 - [MESSAGE][INFO] - Finding Test Object 'Object Repository/Filtreler/Butonlar'

2021-10-14 17:38:08 - [MESSAGE][INFO] - Checking timeout

2021-10-14 17:38:08 - [MESSAGE][INFO] - Finding web element with id: 'Object Repository/Filtreler/Butonlar' located by 'By.cssSelector: .dxb>span' in '10' second(s)

2021-10-14 17:38:08 - [MESSAGE][INFO] - Smart Wait Function is triggered

2021-10-14 17:38:09 - [MESSAGE][INFO] - Found 2 web elements with id: 'Object Repository/Filtreler/Butonlar' located by 'By.cssSelector: .dxb>span' in '10' second(s)

2021-10-14 17:38:09 - [MESSAGE][PASSED] - Method.TextDegerineEsitElementeTikla is PASSED

2021-10-14 17:38:09 - [MESSAGE][PASSED] - Call Test Case 'Test Cases/Filtreler/ButonaTikla' successfully

2021-10-14 17:38:09 - [MESSAGE][INFO] - Checking called Test Case

2021-10-14 17:38:09 - [MESSAGE][INFO] - Starting to call Test Case 'Test Cases/Tablo/TablodaVeriVarMi'

2021-10-14 17:38:09 - [TEST_CASE][PASSED] - Test Cases/Tablo/TablodaVeriVarMi: Test Cases/Tablo/TablodaVeriVarMi

2021-10-14 17:38:09 - [TEST_STEP][PASSED] - verifyTextNotPresent("Görüntülenecek veri yok", true): Text 'Görüntülenecek veri yok' is not present on page using regular expression

2021-10-14 17:38:09 - [MESSAGE][INFO] - Checking text present  using regular expression

2021-10-14 17:38:09 - [MESSAGE][INFO] - Smart Wait Function is triggered

2021-10-14 17:38:14 - [MESSAGE][INFO] - Finding text 'Görüntülenecek veri yok' on page  using regular expression

2021-10-14 17:38:14 - [MESSAGE][PASSED] - Text 'Görüntülenecek veri yok' is not present on page using regular expression

2021-10-14 17:38:14 - [MESSAGE][PASSED] - Call Test Case 'Test Cases/Tablo/TablodaVeriVarMi' successfully

2021-10-14 17:38:14 - [MESSAGE][INFO] - Checking called Test Case

2021-10-14 17:38:14 - [MESSAGE][INFO] - Starting to call Test Case 'Test Cases/Kullanici_Islemleri/KullaniciIslemlerindenSecimYapilir'

2021-10-14 17:38:14 - [TEST_CASE][PASSED] - Test Cases/Kullanici_Islemleri/KullaniciIslemlerindenSecimYapilir: Test Cases/Kullanici_Islemleri/KullaniciIslemlerindenSecimYapilir

2021-10-14 17:38:14 - [TEST_STEP][PASSED] - waitForElementClickable(findTestObject("Object Repository/Kullanici_Islemleri/KullaniciIslemleri"), 10): Object 'Object Repository/Kullanici_Islemleri/KullaniciIslemleri' is clickable

2021-10-14 17:38:14 - [MESSAGE][INFO] - Finding Test Object 'Object Repository/Kullanici_Islemleri/KullaniciIslemleri'

2021-10-14 17:38:14 - [MESSAGE][INFO] - Checking object

2021-10-14 17:38:14 - [MESSAGE][INFO] - Checking timeout

2021-10-14 17:38:14 - [MESSAGE][INFO] - Finding web element from Test Object's properties

2021-10-14 17:38:14 - [MESSAGE][INFO] - Checking timeout

2021-10-14 17:38:14 - [MESSAGE][INFO] - Finding web element with id: 'Object Repository/Kullanici_Islemleri/KullaniciIslemleri' located by 'By.cssSelector: .dropdown>a>img' in '10' second(s)

2021-10-14 17:38:14 - [MESSAGE][INFO] - Smart Wait Function is triggered

2021-10-14 17:38:14 - [MESSAGE][INFO] - Found 1 web elements with id: 'Object Repository/Kullanici_Islemleri/KullaniciIslemleri' located by 'By.cssSelector: .dropdown>a>img' in '10' second(s)

2021-10-14 17:38:14 - [MESSAGE][PASSED] - Object 'Object Repository/Kullanici_Islemleri/KullaniciIslemleri' is clickable

2021-10-14 17:38:14 - [TEST_STEP][PASSED] - click(findTestObject("Object Repository/Kullanici_Islemleri/KullaniciIslemleri")): Object: 'Object Repository/Kullanici_Islemleri/KullaniciIslemleri' is clicked on

2021-10-14 17:38:14 - [MESSAGE][INFO] - Finding Test Object 'Object Repository/Kullanici_Islemleri/KullaniciIslemleri'

2021-10-14 17:38:15 - [MESSAGE][INFO] - Checking object

2021-10-14 17:38:15 - [MESSAGE][INFO] - Finding web element from Test Object's properties

2021-10-14 17:38:15 - [MESSAGE][INFO] - Checking timeout

2021-10-14 17:38:15 - [MESSAGE][INFO] - Finding web element with id: 'Object Repository/Kullanici_Islemleri/KullaniciIslemleri' located by 'By.cssSelector: .dropdown>a>img' in '30' second(s)

2021-10-14 17:38:15 - [MESSAGE][INFO] - Smart Wait Function is triggered

2021-10-14 17:38:15 - [MESSAGE][INFO] - Found 1 web elements with id: 'Object Repository/Kullanici_Islemleri/KullaniciIslemleri' located by 'By.cssSelector: .dropdown>a>img' in '30' second(s)

2021-10-14 17:38:15 - [MESSAGE][INFO] - Clicking on object: 'Object Repository/Kullanici_Islemleri/KullaniciIslemleri'

2021-10-14 17:38:15 - [MESSAGE][PASSED] - Object: 'Object Repository/Kullanici_Islemleri/KullaniciIslemleri' is clicked on

2021-10-14 17:38:15 - [TEST_STEP][PASSED] - Method.TextDegerineEsitElementeTikla(findTestObject("Object Repository/Kullanici_Islemleri/Secenekler"), Islem): Method.TextDegerineEsitElementeTikla is PASSED

2021-10-14 17:38:15 - [MESSAGE][INFO] - Finding Test Object 'Object Repository/Kullanici_Islemleri/Secenekler'

2021-10-14 17:38:15 - [MESSAGE][INFO] - Checking timeout

2021-10-14 17:38:15 - [MESSAGE][INFO] - Finding web element with id: 'Object Repository/Kullanici_Islemleri/Secenekler' located by 'By.cssSelector: .nav.navbar-nav.navbar-right li a' in '10' second(s)

2021-10-14 17:38:15 - [MESSAGE][INFO] - Smart Wait Function is triggered

2021-10-14 17:38:15 - [MESSAGE][INFO] - Found 22 web elements with id: 'Object Repository/Kullanici_Islemleri/Secenekler' located by 'By.cssSelector: .nav.navbar-nav.navbar-right li a' in '10' second(s)

2021-10-14 17:38:17 - [MESSAGE][PASSED] - Method.TextDegerineEsitElementeTikla is PASSED

2021-10-14 17:38:17 - [TEST_STEP][PASSED] - verifyElementNotPresent(findTestObject("Object Repository/Kullanici_Islemleri/Secenekler"), 10): Web element with id: 'Object Repository/Kullanici_Islemleri/Secenekler' located by 'By.cssSelector: .nav.navbar-nav.navbar-right li a' is not present after '10' second(s)

2021-10-14 17:38:17 - [MESSAGE][INFO] - Finding Test Object 'Object Repository/Kullanici_Islemleri/Secenekler'

2021-10-14 17:38:17 - [MESSAGE][INFO] - Checking object

2021-10-14 17:38:17 - [MESSAGE][INFO] - Checking timeout

2021-10-14 17:38:17 - [MESSAGE][INFO] - Finding web element with id: 'Object Repository/Kullanici_Islemleri/Secenekler' located by 'By.cssSelector: .nav.navbar-nav.navbar-right li a' in '10' second(s)

2021-10-14 17:38:17 - [MESSAGE][INFO] - Smart Wait Function is triggered

2021-10-14 17:38:18 - [MESSAGE][PASSED] - Web element with id: 'Object Repository/Kullanici_Islemleri/Secenekler' located by 'By.cssSelector: .nav.navbar-nav.navbar-right li a' is not present after '10' second(s)

2021-10-14 17:38:18 - [MESSAGE][PASSED] - Call Test Case 'Test Cases/Kullanici_Islemleri/KullaniciIslemlerindenSecimYapilir' successfully

2021-10-14 17:38:18 - [TEST_CASE][PASSED] - Start Test Case : SCENARIO e-Mustahsil Makbuzlari Toplu Indirme - PDF Secilenlerin indirilmesi: SCENARIO e-Mustahsil Makbuzlari Toplu Indirme - PDF Secilenlerin indirilmesi

2021-10-14 17:38:18 - [TEST_STEP][PASSED] - Kullanıcı adı ELOGO6 ve Şifre 123456 olarak giriş yapılır: Kullanıcı adı ELOGO6 ve Şifre 123456 olarak giriş yapılır

2021-10-14 17:38:18 - [MESSAGE][PASSED] - Kullanıcı adı ELOGO6 ve Şifre 123456 olarak giriş yapılır

2021-10-14 17:38:18 - [TEST_STEP][PASSED] - Ana menüden e-Makbuz seçilir: Ana menüden e-Makbuz seçilir

2021-10-14 17:38:18 - [MESSAGE][PASSED] - Ana menüden e-Makbuz seçilir

2021-10-14 17:38:18 - [TEST_STEP][PASSED] - Alt menü e-Müstahsil Uygulaması başlığı altındaki e-Müstahsil Makbuzları seçilir: Alt menü e-Müstahsil Uygulaması başlığı altındaki e-Müstahsil Makbuzları seçilir

2021-10-14 17:38:18 - [MESSAGE][PASSED] - Alt menü e-Müstahsil Uygulaması başlığı altındaki e-Müstahsil Makbuzları seçilir

2021-10-14 17:38:18 - [TEST_STEP][PASSED] - Filtrelerden Oluşturma Tarihi filtresine 01.12.2020 baslangic degerini yaz: Filtrelerden Oluşturma Tarihi filtresine 01.12.2020 baslangic degerini yaz

2021-10-14 17:38:18 - [MESSAGE][PASSED] - Filtrelerden Oluşturma Tarihi filtresine 01.12.2020 baslangic degerini yaz

2021-10-14 17:38:18 - [TEST_STEP][PASSED] - Filtrelerden Oluşturma Tarihi filtresine 31.12.2020 bitis degerini yaz: Filtrelerden Oluşturma Tarihi filtresine 31.12.2020 bitis degerini yaz

2021-10-14 17:38:18 - [MESSAGE][PASSED] - Filtrelerden Oluşturma Tarihi filtresine 31.12.2020 bitis degerini yaz

2021-10-14 17:38:18 - [TEST_STEP][PASSED] - Filtre butonlarından Listele seçilir: Filtre butonlarından Listele seçilir

2021-10-14 17:38:18 - [MESSAGE][PASSED] - Filtre butonlarından Listele seçilir

2021-10-14 17:38:18 - [TEST_STEP][PASSED] - Tabloda veri var mı kontrol edilir: Tabloda veri var mı kontrol edilir

2021-10-14 17:38:18 - [MESSAGE][PASSED] - Tabloda veri var mı kontrol edilir

2021-10-14 17:38:18 - [TEST_STEP][PASSED] - Tablodan ELOGO5 isimli veri seçilir: Tablodan ELOGO5 isimli veri seçilir

2021-10-14 17:38:18 - [MESSAGE][PASSED] - Tablodan ELOGO5 isimli veri seçilir

2021-10-14 17:38:18 - [TEST_STEP][PASSED] - Butonlardan Toplu İndirme isimli butona tıklanır: Butonlardan Toplu İndirme isimli butona tıklanır

2021-10-14 17:38:18 - [MESSAGE][PASSED] - Butonlardan Toplu İndirme isimli butona tıklanır

2021-10-14 17:38:18 - [TEST_STEP][PASSED] - Alt butonlardan PDF Seçilenleri İndir butonuna tıklanır: Alt butonlardan PDF Seçilenleri İndir butonuna tıklanır

2021-10-14 17:38:18 - [MESSAGE][PASSED] - Alt butonlardan PDF Seçilenleri İndir butonuna tıklanır

2021-10-14 17:38:18 - [TEST_STEP][PASSED] - Popup mesajı Lütfen rapor bildiriminin gönderileceği e-posta adresini belirtiniz. içeriyor mu: Popup mesajı Lütfen rapor bildiriminin gönderileceği e-posta adresini belirtiniz. içeriyor mu

2021-10-14 17:38:18 - [MESSAGE][PASSED] - Popup mesajı Lütfen rapor bildiriminin gönderileceği e-posta adresini belirtiniz. içeriyor mu

2021-10-14 17:38:18 - [TEST_STEP][PASSED] - Yönetim popupında Gönder seçilir: Yönetim popupında Gönder seçilir

2021-10-14 17:38:18 - [MESSAGE][PASSED] - Yönetim popupında Gönder seçilir

2021-10-14 17:38:18 - [TEST_STEP][PASSED] - Popup mesajı Toplu Veri İndirme içeriyor mu: Popup mesajı Toplu Veri İndirme içeriyor mu

2021-10-14 17:38:18 - [MESSAGE][PASSED] - Popup mesajı Toplu Veri İndirme içeriyor mu

2021-10-14 17:38:18 - [TEST_STEP][PASSED] - Yönetim popupında Tamam seçilir: Yönetim popupında Tamam seçilir

2021-10-14 17:38:18 - [MESSAGE][PASSED] - Yönetim popupında Tamam seçilir

2021-10-14 17:38:18 - [TEST_STEP][PASSED] - Butonlardan Toplu İndirme isimli butona tıklanır: Butonlardan Toplu İndirme isimli butona tıklanır

2021-10-14 17:38:18 - [MESSAGE][PASSED] - Butonlardan Toplu İndirme isimli butona tıklanır

2021-10-14 17:38:18 - [TEST_STEP][PASSED] - Alt butonlardan PDF Tümünü İndir butonuna tıklanır: Alt butonlardan PDF Tümünü İndir butonuna tıklanır

2021-10-14 17:38:18 - [MESSAGE][PASSED] - Alt butonlardan PDF Tümünü İndir butonuna tıklanır

2021-10-14 17:38:18 - [TEST_STEP][PASSED] - Popup mesajı Lütfen rapor bildiriminin gönderileceği e-posta adresini belirtiniz. içeriyor mu: Popup mesajı Lütfen rapor bildiriminin gönderileceği e-posta adresini belirtiniz. içeriyor mu

2021-10-14 17:38:18 - [MESSAGE][PASSED] - Popup mesajı Lütfen rapor bildiriminin gönderileceği e-posta adresini belirtiniz. içeriyor mu

2021-10-14 17:38:18 - [TEST_STEP][PASSED] - Yönetim popupında Gönder seçilir: Yönetim popupında Gönder seçilir

2021-10-14 17:38:18 - [MESSAGE][PASSED] - Yönetim popupında Gönder seçilir

2021-10-14 17:38:18 - [TEST_STEP][PASSED] - Popup mesajı Toplu Veri İndirme içeriyor mu: Popup mesajı Toplu Veri İndirme içeriyor mu

2021-10-14 17:38:18 - [MESSAGE][PASSED] - Popup mesajı Toplu Veri İndirme içeriyor mu

2021-10-14 17:38:18 - [TEST_STEP][PASSED] - Yönetim popupında Tamam seçilir: Yönetim popupında Tamam seçilir

2021-10-14 17:38:18 - [MESSAGE][PASSED] - Yönetim popupında Tamam seçilir

2021-10-14 17:38:18 - [TEST_STEP][PASSED] - Ana menüden Raporlar seçilir: Ana menüden Raporlar seçilir

2021-10-14 17:38:18 - [MESSAGE][PASSED] - Ana menüden Raporlar seçilir

2021-10-14 17:38:18 - [TEST_STEP][PASSED] - Alt menüden Toplu Veri İndirme seçilir: Alt menüden Toplu Veri İndirme seçilir

2021-10-14 17:38:18 - [MESSAGE][PASSED] - Alt menüden Toplu Veri İndirme seçilir

2021-10-14 17:38:18 - [TEST_STEP][PASSED] - Filtrelerden Talep No filtresine Rapor No bilgisi yaz: Filtrelerden Talep No filtresine Rapor No bilgisi yaz

2021-10-14 17:38:18 - [MESSAGE][PASSED] - Filtrelerden Talep No filtresine Rapor No bilgisi yaz

2021-10-14 17:38:18 - [TEST_STEP][PASSED] - Filtre butonlarından Listele seçilir: Filtre butonlarından Listele seçilir

2021-10-14 17:38:18 - [MESSAGE][PASSED] - Filtre butonlarından Listele seçilir

2021-10-14 17:38:18 - [TEST_STEP][PASSED] - Tabloda veri var mı kontrol edilir: Tabloda veri var mı kontrol edilir

2021-10-14 17:38:18 - [MESSAGE][PASSED] - Tabloda veri var mı kontrol edilir

2021-10-14 17:38:18 - [TEST_STEP][PASSED] - Kullanıcı işlemlerinden Çıkış seçilir: Kullanıcı işlemlerinden Çıkış seçilir

2021-10-14 17:38:18 - [MESSAGE][PASSED] - Kullanıcı işlemlerinden Çıkış seçilir

2021-10-14 17:38:18 - [MESSAGE][PASSED] - Feature file: 'Include/features/e-Makbuz/e-Mustahsil Uygulamasi/e-Mustahsil Makbuzlari/Toplu Indirme.feature' was passed

2021-10-14 17:38:18 - [TEST_STEP][PASSED] - Start listener action : sampleAfterTestSuite: Invoke 'com.kms.katalon.core.annotation.AfterTestCase' method: 'Listener.sampleAfterTestSuite(...)' completed.

2021-10-14 17:38:18 - [MESSAGE][INFO] - Starting invoke 'com.kms.katalon.core.annotation.AfterTestCase' method: 'Listener.sampleAfterTestSuite(...)'

2021-10-14 17:38:18 - [TEST_STEP][PASSED] - closeBrowser(): Invoke 'com.kms.katalon.core.annotation.AfterTestCase' method: 'Listener.sampleAfterTestSuite(...)' completed.

2021-10-14 17:38:18 - [MESSAGE][INFO] - Closing browser

2021-10-14 17:38:19 - [MESSAGE][PASSED] - Browser is closed

2021-10-14 17:38:19 - [MESSAGE][INFO] - Invoke 'com.kms.katalon.core.annotation.AfterTestCase' method: 'Listener.sampleAfterTestSuite(...)' completed.]]></system-out>
         <system-err><![CDATA[]]></system-err>
      </testcase>
      <testcase name="Test Cases/Case Repository/e-Makbuz/e-Mustahsil Uygulamasi/e-Mustahsil Makbuzu Raporlari/Excele Aktar" time="59.823" classname="Test Cases/Case Repository/e-Makbuz/e-Mustahsil Uygulamasi/e-Mustahsil Makbuzu Raporlari/Excele Aktar" status="PASSED">
         <system-out><![CDATA[2021-10-14 17:38:19 - [TEST_CASE][PASSED] - Test Cases/Case Repository/e-Makbuz/e-Mustahsil Uygulamasi/e-Mustahsil Makbuzu Raporlari/Excele Aktar: Test Cases/Case Repository/e-Makbuz/e-Mustahsil Uygulamasi/e-Mustahsil Makbuzu Raporlari/Excele Aktar

2021-10-14 17:38:19 - [TEST_STEP][PASSED] - Start listener action : sampleBeforeTestSuite: Invoke 'com.kms.katalon.core.annotation.BeforeTestCase' method: 'Listener.sampleBeforeTestSuite(...)' completed.

2021-10-14 17:38:19 - [MESSAGE][INFO] - Starting invoke 'com.kms.katalon.core.annotation.BeforeTestCase' method: 'Listener.sampleBeforeTestSuite(...)'

2021-10-14 17:38:19 - [TEST_STEP][PASSED] - openBrowser(baseUrl): Browser is opened with url: 'https://efatura-stage.elogo.com.tr/'

2021-10-14 17:38:19 - [MESSAGE][INFO] - Opening browser

2021-10-14 17:38:19 - [MESSAGE][INFO] - Starting 'Chrome' driver

2021-10-14 17:38:19 - [MESSAGE][INFO] - User set preference: ['prefs', '{download.default_directory=C:\otomasyondownfiles}']

2021-10-14 17:38:19 - [MESSAGE][INFO] - Action delay is set to 0 milliseconds

2021-10-14 17:38:20 - [MESSAGE][INFO] - Navigating browser to: 'https://efatura-stage.elogo.com.tr/'

2021-10-14 17:38:22 - [MESSAGE][PASSED] - Browser is opened with url: 'https://efatura-stage.elogo.com.tr/'

2021-10-14 17:38:22 - [TEST_STEP][PASSED] - maximizeWindow(): Invoke 'com.kms.katalon.core.annotation.BeforeTestCase' method: 'Listener.sampleBeforeTestSuite(...)' completed.

2021-10-14 17:38:22 - [MESSAGE][INFO] - Maximizing current window

2021-10-14 17:38:23 - [MESSAGE][PASSED] - Current window maximized

2021-10-14 17:38:23 - [MESSAGE][INFO] - Invoke 'com.kms.katalon.core.annotation.BeforeTestCase' method: 'Listener.sampleBeforeTestSuite(...)' completed.

2021-10-14 17:38:23 - [TEST_STEP][PASSED] - runFeatureFile("Include/features/e-Makbuz/e-Mustahsil Uygulamasi/e-Mustahsil Makbuzu Raporlari/Excele Aktar.feature"): Feature file: 'Include/features/e-Makbuz/e-Mustahsil Uygulamasi/e-Mustahsil Makbuzu Raporlari/Excele Aktar.feature' was passed

2021-10-14 17:38:23 - [MESSAGE][INFO] - Starting run keyword runFeatureFile: 'Include/features/e-Makbuz/e-Mustahsil Uygulamasi/e-Mustahsil Makbuzu Raporlari/Excele Aktar.feature' and extract report to folder: 'C:\Users\DELL\Downloads\EES_Katalon-main\Reports\20211014_170112\Suite Repository\ExceleAktarVeTopluIndirme\20211014_170125/cucumber_report/1634222303635'...

2021-10-14 17:38:23 - [MESSAGE][INFO] - Glue: []

2021-10-14 17:38:24 - [MESSAGE][INFO] - Checking called Test Case

2021-10-14 17:38:24 - [MESSAGE][INFO] - Starting to call Test Case 'Test Cases/Sayfalar/Giris_Sayfasi/Login'

2021-10-14 17:38:24 - [TEST_CASE][PASSED] - Test Cases/Sayfalar/Giris_Sayfasi/Login: Test Cases/Sayfalar/Giris_Sayfasi/Login

2021-10-14 17:38:24 - [TEST_STEP][PASSED] - Sayfa_Basligi = getWindowTitle(): Current window's title is: 'LOGO e-Fatura'

2021-10-14 17:38:24 - [MESSAGE][INFO] - Getting current window's title

2021-10-14 17:38:24 - [MESSAGE][PASSED] - Current window's title is: 'LOGO e-Fatura'

2021-10-14 17:38:24 - [TEST_STEP][PASSED] - verifyMatch(Sayfa_Basligi, "LOGO e-Fatura", false): Actual text 'LOGO e-Fatura' and expected text 'LOGO e-Fatura' are matched 

2021-10-14 17:38:24 - [MESSAGE][INFO] - Matching actual text 'LOGO e-Fatura' with expected text 'LOGO e-Fatura'

2021-10-14 17:38:24 - [MESSAGE][PASSED] - Actual text 'LOGO e-Fatura' and expected text 'LOGO e-Fatura' are matched 

2021-10-14 17:38:24 - [TEST_STEP][PASSED] - sendKeys(findTestObject("Sayfalar/Giris_Sayfasi/Firma_Kodu"), KullaniciAdi): Keys 'ELOGO6' sent to object: 'Object Repository/Sayfalar/Giris_Sayfasi/Firma_Kodu'

2021-10-14 17:38:24 - [MESSAGE][INFO] - Finding Test Object 'Object Repository/Sayfalar/Giris_Sayfasi/Firma_Kodu'

2021-10-14 17:38:24 - [MESSAGE][INFO] - Sending keys 'ELOGO6' to object: 'Object Repository/Sayfalar/Giris_Sayfasi/Firma_Kodu'

2021-10-14 17:38:24 - [MESSAGE][INFO] - Finding web element from Test Object's properties

2021-10-14 17:38:24 - [MESSAGE][INFO] - Checking timeout

2021-10-14 17:38:24 - [MESSAGE][INFO] - Finding web element with id: 'Object Repository/Sayfalar/Giris_Sayfasi/Firma_Kodu' located by 'By.xpath: //*[@id = 'AccountName']' in '30' second(s)

2021-10-14 17:38:24 - [MESSAGE][INFO] - Smart Wait Function is triggered

2021-10-14 17:38:25 - [MESSAGE][INFO] - Found 1 web elements with id: 'Object Repository/Sayfalar/Giris_Sayfasi/Firma_Kodu' located by 'By.xpath: //*[@id = 'AccountName']' in '30' second(s)

2021-10-14 17:38:25 - [MESSAGE][PASSED] - Keys 'ELOGO6' sent to object: 'Object Repository/Sayfalar/Giris_Sayfasi/Firma_Kodu'

2021-10-14 17:38:25 - [TEST_STEP][PASSED] - sendKeys(findTestObject("Sayfalar/Giris_Sayfasi/Sifre"), Sifre): Keys '123456' sent to object: 'Object Repository/Sayfalar/Giris_Sayfasi/Sifre'

2021-10-14 17:38:25 - [MESSAGE][INFO] - Finding Test Object 'Object Repository/Sayfalar/Giris_Sayfasi/Sifre'

2021-10-14 17:38:25 - [MESSAGE][INFO] - Sending keys '123456' to object: 'Object Repository/Sayfalar/Giris_Sayfasi/Sifre'

2021-10-14 17:38:25 - [MESSAGE][INFO] - Finding web element from Test Object's properties

2021-10-14 17:38:25 - [MESSAGE][INFO] - Checking timeout

2021-10-14 17:38:25 - [MESSAGE][INFO] - Finding web element with id: 'Object Repository/Sayfalar/Giris_Sayfasi/Sifre' located by 'By.xpath: //*[@id = 'Password']' in '30' second(s)

2021-10-14 17:38:25 - [MESSAGE][INFO] - Smart Wait Function is triggered

2021-10-14 17:38:25 - [MESSAGE][INFO] - Found 1 web elements with id: 'Object Repository/Sayfalar/Giris_Sayfasi/Sifre' located by 'By.xpath: //*[@id = 'Password']' in '30' second(s)

2021-10-14 17:38:25 - [MESSAGE][PASSED] - Keys '123456' sent to object: 'Object Repository/Sayfalar/Giris_Sayfasi/Sifre'

2021-10-14 17:38:25 - [TEST_STEP][PASSED] - findWebElement(findTestObject("Sayfalar/Giris_Sayfasi/Giris_Butonu")).click(): Found 1 web elements with id: 'Object Repository/Sayfalar/Giris_Sayfasi/Giris_Butonu' located by 'By.cssSelector: #btnLogin' in '30' second(s)

2021-10-14 17:38:25 - [MESSAGE][INFO] - Finding Test Object 'Object Repository/Sayfalar/Giris_Sayfasi/Giris_Butonu'

2021-10-14 17:38:26 - [MESSAGE][INFO] - Finding web element from Test Object's properties

2021-10-14 17:38:26 - [MESSAGE][INFO] - Checking timeout

2021-10-14 17:38:26 - [MESSAGE][INFO] - Finding web element with id: 'Object Repository/Sayfalar/Giris_Sayfasi/Giris_Butonu' located by 'By.cssSelector: #btnLogin' in '30' second(s)

2021-10-14 17:38:26 - [MESSAGE][INFO] - Smart Wait Function is triggered

2021-10-14 17:38:26 - [MESSAGE][INFO] - Found 1 web elements with id: 'Object Repository/Sayfalar/Giris_Sayfasi/Giris_Butonu' located by 'By.cssSelector: #btnLogin' in '30' second(s)

2021-10-14 17:38:28 - [TEST_STEP][PASSED] - if (verifyElementPresent(findTestObject("Object Repository/Sayfalar/Giris_Sayfasi/RetveTamam_Butonu"), 5, OPTIONAL)): null

2021-10-14 17:38:28 - [MESSAGE][INFO] - Finding Test Object 'Object Repository/Sayfalar/Giris_Sayfasi/RetveTamam_Butonu'

2021-10-14 17:38:28 - [MESSAGE][INFO] - Checking object

2021-10-14 17:38:28 - [MESSAGE][INFO] - Finding web element from Test Object's properties

2021-10-14 17:38:28 - [MESSAGE][INFO] - Checking timeout

2021-10-14 17:38:28 - [MESSAGE][INFO] - Finding web element with id: 'Object Repository/Sayfalar/Giris_Sayfasi/RetveTamam_Butonu' located by 'By.xpath: //*[@class = 'btn btn-default']' in '5' second(s)

2021-10-14 17:38:28 - [MESSAGE][INFO] - Smart Wait Function is triggered

2021-10-14 17:38:28 - [MESSAGE][INFO] - Found 1 web elements with id: 'Object Repository/Sayfalar/Giris_Sayfasi/RetveTamam_Butonu' located by 'By.xpath: //*[@class = 'btn btn-default']' in '5' second(s)

2021-10-14 17:38:28 - [MESSAGE][PASSED] - Object 'Object Repository/Sayfalar/Giris_Sayfasi/RetveTamam_Butonu' is present

2021-10-14 17:38:28 - [TEST_STEP][PASSED] - click(findTestObject("Object Repository/Sayfalar/Giris_Sayfasi/RetveTamam_Butonu")): Object: 'Object Repository/Sayfalar/Giris_Sayfasi/RetveTamam_Butonu' is clicked on

2021-10-14 17:38:28 - [MESSAGE][INFO] - Finding Test Object 'Object Repository/Sayfalar/Giris_Sayfasi/RetveTamam_Butonu'

2021-10-14 17:38:29 - [MESSAGE][INFO] - Checking object

2021-10-14 17:38:29 - [MESSAGE][INFO] - Finding web element from Test Object's properties

2021-10-14 17:38:29 - [MESSAGE][INFO] - Checking timeout

2021-10-14 17:38:29 - [MESSAGE][INFO] - Finding web element with id: 'Object Repository/Sayfalar/Giris_Sayfasi/RetveTamam_Butonu' located by 'By.xpath: //*[@class = 'btn btn-default']' in '30' second(s)

2021-10-14 17:38:29 - [MESSAGE][INFO] - Smart Wait Function is triggered

2021-10-14 17:38:29 - [MESSAGE][INFO] - Found 1 web elements with id: 'Object Repository/Sayfalar/Giris_Sayfasi/RetveTamam_Butonu' located by 'By.xpath: //*[@class = 'btn btn-default']' in '30' second(s)

2021-10-14 17:38:29 - [MESSAGE][INFO] - Clicking on object: 'Object Repository/Sayfalar/Giris_Sayfasi/RetveTamam_Butonu'

2021-10-14 17:38:29 - [MESSAGE][PASSED] - Object: 'Object Repository/Sayfalar/Giris_Sayfasi/RetveTamam_Butonu' is clicked on

2021-10-14 17:38:29 - [TEST_STEP][PASSED] - click(findTestObject("Object Repository/Sayfalar/Giris_Sayfasi/RetveTamam_Butonu")): Object: 'Object Repository/Sayfalar/Giris_Sayfasi/RetveTamam_Butonu' is clicked on

2021-10-14 17:38:29 - [MESSAGE][INFO] - Finding Test Object 'Object Repository/Sayfalar/Giris_Sayfasi/RetveTamam_Butonu'

2021-10-14 17:38:29 - [MESSAGE][INFO] - Checking object

2021-10-14 17:38:29 - [MESSAGE][INFO] - Finding web element from Test Object's properties

2021-10-14 17:38:29 - [MESSAGE][INFO] - Checking timeout

2021-10-14 17:38:29 - [MESSAGE][INFO] - Finding web element with id: 'Object Repository/Sayfalar/Giris_Sayfasi/RetveTamam_Butonu' located by 'By.xpath: //*[@class = 'btn btn-default']' in '30' second(s)

2021-10-14 17:38:29 - [MESSAGE][INFO] - Smart Wait Function is triggered

2021-10-14 17:38:31 - [MESSAGE][INFO] - Found 1 web elements with id: 'Object Repository/Sayfalar/Giris_Sayfasi/RetveTamam_Butonu' located by 'By.xpath: //*[@class = 'btn btn-default']' in '30' second(s)

2021-10-14 17:38:31 - [MESSAGE][INFO] - Clicking on object: 'Object Repository/Sayfalar/Giris_Sayfasi/RetveTamam_Butonu'

2021-10-14 17:38:31 - [MESSAGE][PASSED] - Object: 'Object Repository/Sayfalar/Giris_Sayfasi/RetveTamam_Butonu' is clicked on

2021-10-14 17:38:31 - [TEST_STEP][PASSED] - if (verifyElementPresent(findTestObject("Sayfalar/Giris_Sayfasi/PopupOK"), 5, OPTIONAL)): null

2021-10-14 17:38:31 - [MESSAGE][INFO] - Finding Test Object 'Object Repository/Sayfalar/Giris_Sayfasi/PopupOK'

2021-10-14 17:38:31 - [MESSAGE][INFO] - Checking object

2021-10-14 17:38:31 - [MESSAGE][INFO] - Finding web element from Test Object's properties

2021-10-14 17:38:31 - [MESSAGE][INFO] - Checking timeout

2021-10-14 17:38:31 - [MESSAGE][INFO] - Finding web element with id: 'Object Repository/Sayfalar/Giris_Sayfasi/PopupOK' located by 'By.cssSelector: .btn.btn-success' in '5' second(s)

2021-10-14 17:38:31 - [MESSAGE][INFO] - Smart Wait Function is triggered

2021-10-14 17:38:32 - [MESSAGE][INFO] - Found 1 web elements with id: 'Object Repository/Sayfalar/Giris_Sayfasi/PopupOK' located by 'By.cssSelector: .btn.btn-success' in '5' second(s)

2021-10-14 17:38:32 - [MESSAGE][PASSED] - Object 'Object Repository/Sayfalar/Giris_Sayfasi/PopupOK' is present

2021-10-14 17:38:32 - [TEST_STEP][PASSED] - click(findTestObject("Object Repository/Sayfalar/Giris_Sayfasi/PopupCarpiGiris")): Object: 'Object Repository/Sayfalar/Giris_Sayfasi/PopupCarpiGiris' is clicked on

2021-10-14 17:38:32 - [MESSAGE][INFO] - Finding Test Object 'Object Repository/Sayfalar/Giris_Sayfasi/PopupCarpiGiris'

2021-10-14 17:38:32 - [MESSAGE][INFO] - Checking object

2021-10-14 17:38:32 - [MESSAGE][INFO] - Finding web element from Test Object's properties

2021-10-14 17:38:32 - [MESSAGE][INFO] - Checking timeout

2021-10-14 17:38:32 - [MESSAGE][INFO] - Finding web element with id: 'Object Repository/Sayfalar/Giris_Sayfasi/PopupCarpiGiris' located by 'By.cssSelector: .bootbox-close-button.close' in '30' second(s)

2021-10-14 17:38:32 - [MESSAGE][INFO] - Smart Wait Function is triggered

2021-10-14 17:38:32 - [MESSAGE][INFO] - Found 1 web elements with id: 'Object Repository/Sayfalar/Giris_Sayfasi/PopupCarpiGiris' located by 'By.cssSelector: .bootbox-close-button.close' in '30' second(s)

2021-10-14 17:38:32 - [MESSAGE][INFO] - Clicking on object: 'Object Repository/Sayfalar/Giris_Sayfasi/PopupCarpiGiris'

2021-10-14 17:38:32 - [MESSAGE][PASSED] - Object: 'Object Repository/Sayfalar/Giris_Sayfasi/PopupCarpiGiris' is clicked on

2021-10-14 17:38:32 - [TEST_STEP][PASSED] - verifyElementVisible(findTestObject("Object Repository/Kullanici_Islemleri/KullaniciIslemleri")): Object 'Object Repository/Kullanici_Islemleri/KullaniciIslemleri' is visible

2021-10-14 17:38:32 - [MESSAGE][INFO] - Finding Test Object 'Object Repository/Kullanici_Islemleri/KullaniciIslemleri'

2021-10-14 17:38:32 - [MESSAGE][INFO] - Checking object

2021-10-14 17:38:32 - [MESSAGE][INFO] - Finding web element from Test Object's properties

2021-10-14 17:38:32 - [MESSAGE][INFO] - Checking timeout

2021-10-14 17:38:32 - [MESSAGE][INFO] - Finding web element with id: 'Object Repository/Kullanici_Islemleri/KullaniciIslemleri' located by 'By.cssSelector: .dropdown>a>img' in '30' second(s)

2021-10-14 17:38:32 - [MESSAGE][INFO] - Smart Wait Function is triggered

2021-10-14 17:38:33 - [MESSAGE][INFO] - Found 1 web elements with id: 'Object Repository/Kullanici_Islemleri/KullaniciIslemleri' located by 'By.cssSelector: .dropdown>a>img' in '30' second(s)

2021-10-14 17:38:33 - [MESSAGE][PASSED] - Object 'Object Repository/Kullanici_Islemleri/KullaniciIslemleri' is visible

2021-10-14 17:38:33 - [MESSAGE][PASSED] - Call Test Case 'Test Cases/Sayfalar/Giris_Sayfasi/Login' successfully

2021-10-14 17:38:33 - [MESSAGE][INFO] - Checking called Test Case

2021-10-14 17:38:33 - [MESSAGE][INFO] - Starting to call Test Case 'Test Cases/Menu/AnaMenuSecimi'

2021-10-14 17:38:33 - [TEST_CASE][PASSED] - Test Cases/Menu/AnaMenuSecimi: Test Cases/Menu/AnaMenuSecimi

2021-10-14 17:38:33 - [TEST_STEP][PASSED] - Method.TextDegerineEsitElementeTikla(findTestObject("Menu/Ana_Menu"), Ana_Menu): Method.TextDegerineEsitElementeTikla is PASSED

2021-10-14 17:38:33 - [MESSAGE][INFO] - Finding Test Object 'Object Repository/Menu/Ana_Menu'

2021-10-14 17:38:33 - [MESSAGE][INFO] - Checking timeout

2021-10-14 17:38:33 - [MESSAGE][INFO] - Finding web element with id: 'Object Repository/Menu/Ana_Menu' located by 'By.xpath: //*[@class = 'dropdown-toggle']' in '10' second(s)

2021-10-14 17:38:33 - [MESSAGE][INFO] - Smart Wait Function is triggered

2021-10-14 17:38:33 - [MESSAGE][INFO] - Found 14 web elements with id: 'Object Repository/Menu/Ana_Menu' located by 'By.xpath: //*[@class = 'dropdown-toggle']' in '10' second(s)

2021-10-14 17:38:33 - [MESSAGE][PASSED] - Method.TextDegerineEsitElementeTikla is PASSED

2021-10-14 17:38:33 - [MESSAGE][PASSED] - Call Test Case 'Test Cases/Menu/AnaMenuSecimi' successfully

2021-10-14 17:38:33 - [MESSAGE][INFO] - Checking called Test Case

2021-10-14 17:38:33 - [MESSAGE][INFO] - Starting to call Test Case 'Test Cases/Menu/BasligaGoreAltMenuSecimi'

2021-10-14 17:38:34 - [TEST_CASE][PASSED] - Test Cases/Menu/BasligaGoreAltMenuSecimi: Test Cases/Menu/BasligaGoreAltMenuSecimi

2021-10-14 17:38:34 - [TEST_STEP][PASSED] - Method.TextDegerineEsitElementinAltindakiTextDegerineEsitOlanaTikla(findTestObject("Menu/Menu_Basligi"), findTestObject("Menu/Basliga_Gore_Alt_Menu"), Baslik, Alt_Menu): Method.TextDegerineEsitElementinAltindakiTextDegerineEsitOlanaTikla is PASSED

2021-10-14 17:38:34 - [MESSAGE][INFO] - Finding Test Object 'Object Repository/Menu/Menu_Basligi'

2021-10-14 17:38:34 - [MESSAGE][INFO] - Finding Test Object 'Object Repository/Menu/Basliga_Gore_Alt_Menu'

2021-10-14 17:38:34 - [MESSAGE][INFO] - Checking timeout

2021-10-14 17:38:34 - [MESSAGE][INFO] - Finding web element with id: 'Object Repository/Menu/Menu_Basligi' located by 'By.xpath: //li[@class='dropdown dropdown-large open']//li[@class='dropdown-header']' in '10' second(s)

2021-10-14 17:38:34 - [MESSAGE][INFO] - Smart Wait Function is triggered

2021-10-14 17:38:34 - [MESSAGE][INFO] - Found 2 web elements with id: 'Object Repository/Menu/Menu_Basligi' located by 'By.xpath: //li[@class='dropdown dropdown-large open']//li[@class='dropdown-header']' in '10' second(s)

2021-10-14 17:38:34 - [MESSAGE][INFO] - Smart Wait Function is triggered

2021-10-14 17:38:36 - [MESSAGE][PASSED] - Method.TextDegerineEsitElementinAltindakiTextDegerineEsitOlanaTikla is PASSED

2021-10-14 17:38:36 - [MESSAGE][PASSED] - Call Test Case 'Test Cases/Menu/BasligaGoreAltMenuSecimi' successfully

2021-10-14 17:38:36 - [MESSAGE][INFO] - Checking called Test Case

2021-10-14 17:38:36 - [MESSAGE][INFO] - Starting to call Test Case 'Test Cases/Filtreler/DropdownSec'

2021-10-14 17:38:36 - [TEST_CASE][PASSED] - Test Cases/Filtreler/DropdownSec: Test Cases/Filtreler/DropdownSec

2021-10-14 17:38:36 - [TEST_STEP][PASSED] - Method.TextDegerineEsitElementinAltindakineTikla(findTestObject("Filtreler/Basliklar"), findTestObject("Filtreler/Basliga_Gore_Baslangic_Image"), Filtre_Adi): Method.TextDegerineEsitElementinAltindakineTikla is PASSED

2021-10-14 17:38:36 - [MESSAGE][INFO] - Finding Test Object 'Object Repository/Filtreler/Basliklar'

2021-10-14 17:38:37 - [MESSAGE][INFO] - Finding Test Object 'Object Repository/Filtreler/Basliga_Gore_Baslangic_Image'

2021-10-14 17:38:37 - [MESSAGE][INFO] - Checking timeout

2021-10-14 17:38:37 - [MESSAGE][INFO] - Finding web element with id: 'Object Repository/Filtreler/Basliklar' located by 'By.cssSelector: .control-label.col-sm-4.paddingMarginRLC' in '10' second(s)

2021-10-14 17:38:37 - [MESSAGE][INFO] - Smart Wait Function is triggered

2021-10-14 17:38:37 - [MESSAGE][INFO] - Found 5 web elements with id: 'Object Repository/Filtreler/Basliklar' located by 'By.cssSelector: .control-label.col-sm-4.paddingMarginRLC' in '10' second(s)

2021-10-14 17:38:37 - [MESSAGE][INFO] - Smart Wait Function is triggered

2021-10-14 17:38:37 - [MESSAGE][PASSED] - Method.TextDegerineEsitElementinAltindakineTikla is PASSED

2021-10-14 17:38:37 - [TEST_STEP][PASSED] - Method.TextDegerineEsitElementeTikla(findTestObject("Object Repository/Filtreler/Basliga_Gore_Dropdown"), Filtre_Degeri): Method.TextDegerineEsitElementeTikla is PASSED

2021-10-14 17:38:37 - [MESSAGE][INFO] - Finding Test Object 'Object Repository/Filtreler/Basliga_Gore_Dropdown'

2021-10-14 17:38:37 - [MESSAGE][INFO] - Checking timeout

2021-10-14 17:38:37 - [MESSAGE][INFO] - Finding web element with id: 'Object Repository/Filtreler/Basliga_Gore_Dropdown' located by 'By.xpath: //*[@class = 'dxeListBoxItemRow_LECustomTheme']' in '10' second(s)

2021-10-14 17:38:37 - [MESSAGE][INFO] - Smart Wait Function is triggered

2021-10-14 17:38:38 - [MESSAGE][INFO] - Found 58 web elements with id: 'Object Repository/Filtreler/Basliga_Gore_Dropdown' located by 'By.xpath: //*[@class = 'dxeListBoxItemRow_LECustomTheme']' in '10' second(s)

2021-10-14 17:38:38 - [MESSAGE][PASSED] - Method.TextDegerineEsitElementeTikla is PASSED

2021-10-14 17:38:38 - [MESSAGE][PASSED] - Call Test Case 'Test Cases/Filtreler/DropdownSec' successfully

2021-10-14 17:38:38 - [MESSAGE][INFO] - Checking called Test Case

2021-10-14 17:38:38 - [MESSAGE][INFO] - Starting to call Test Case 'Test Cases/Filtreler/BaslangicYaz'

2021-10-14 17:38:38 - [TEST_CASE][PASSED] - Test Cases/Filtreler/BaslangicYaz: Test Cases/Filtreler/BaslangicYaz

2021-10-14 17:38:38 - [TEST_STEP][PASSED] - Method.TextDegerineEsitElementinAltindakineTikla(findTestObject("Filtreler/Basliklar"), findTestObject("Filtreler/Basliga_Gore_Baslangic_Image"), Filtre_Adi): Method.TextDegerineEsitElementinAltindakineTikla is PASSED

2021-10-14 17:38:38 - [MESSAGE][INFO] - Finding Test Object 'Object Repository/Filtreler/Basliklar'

2021-10-14 17:38:38 - [MESSAGE][INFO] - Finding Test Object 'Object Repository/Filtreler/Basliga_Gore_Baslangic_Image'

2021-10-14 17:38:38 - [MESSAGE][INFO] - Checking timeout

2021-10-14 17:38:38 - [MESSAGE][INFO] - Finding web element with id: 'Object Repository/Filtreler/Basliklar' located by 'By.cssSelector: .control-label.col-sm-4.paddingMarginRLC' in '10' second(s)

2021-10-14 17:38:38 - [MESSAGE][INFO] - Smart Wait Function is triggered

2021-10-14 17:38:38 - [MESSAGE][INFO] - Found 5 web elements with id: 'Object Repository/Filtreler/Basliklar' located by 'By.cssSelector: .control-label.col-sm-4.paddingMarginRLC' in '10' second(s)

2021-10-14 17:38:38 - [MESSAGE][INFO] - Smart Wait Function is triggered

2021-10-14 17:38:39 - [MESSAGE][PASSED] - Method.TextDegerineEsitElementinAltindakineTikla is PASSED

2021-10-14 17:38:39 - [TEST_STEP][PASSED] - Method.TextDegerineEsitElementinAltindakiTextboxtaYaz(findTestObject("Filtreler/Basliklar"), findTestObject("Filtreler/Basliga_Gore_Baslangic"), Filtre_Adi, Filtre_Degeri): Method.TextDegerineEsitElementinAltindakiTextboxtaYaz is PASSED

2021-10-14 17:38:39 - [MESSAGE][INFO] - Finding Test Object 'Object Repository/Filtreler/Basliklar'

2021-10-14 17:38:39 - [MESSAGE][INFO] - Finding Test Object 'Object Repository/Filtreler/Basliga_Gore_Baslangic'

2021-10-14 17:38:39 - [MESSAGE][INFO] - Checking timeout

2021-10-14 17:38:39 - [MESSAGE][INFO] - Finding web element with id: 'Object Repository/Filtreler/Basliklar' located by 'By.cssSelector: .control-label.col-sm-4.paddingMarginRLC' in '10' second(s)

2021-10-14 17:38:39 - [MESSAGE][INFO] - Smart Wait Function is triggered

2021-10-14 17:38:39 - [MESSAGE][INFO] - Found 5 web elements with id: 'Object Repository/Filtreler/Basliklar' located by 'By.cssSelector: .control-label.col-sm-4.paddingMarginRLC' in '10' second(s)

2021-10-14 17:38:39 - [MESSAGE][INFO] - Smart Wait Function is triggered

2021-10-14 17:38:40 - [MESSAGE][PASSED] - Method.TextDegerineEsitElementinAltindakiTextboxtaYaz is PASSED

2021-10-14 17:38:40 - [MESSAGE][PASSED] - Call Test Case 'Test Cases/Filtreler/BaslangicYaz' successfully

2021-10-14 17:38:40 - [MESSAGE][INFO] - Checking called Test Case

2021-10-14 17:38:40 - [MESSAGE][INFO] - Starting to call Test Case 'Test Cases/Filtreler/BitisYaz'

2021-10-14 17:38:40 - [TEST_CASE][PASSED] - Test Cases/Filtreler/BitisYaz: Test Cases/Filtreler/BitisYaz

2021-10-14 17:38:40 - [TEST_STEP][PASSED] - Method.TextDegerineEsitElementinAltindakineTikla(findTestObject("Filtreler/Basliklar"), findTestObject("Filtreler/Basliga_Gore_Bitis_Image"), Filtre_Adi): Method.TextDegerineEsitElementinAltindakineTikla is PASSED

2021-10-14 17:38:40 - [MESSAGE][INFO] - Finding Test Object 'Object Repository/Filtreler/Basliklar'

2021-10-14 17:38:40 - [MESSAGE][INFO] - Finding Test Object 'Object Repository/Filtreler/Basliga_Gore_Bitis_Image'

2021-10-14 17:38:40 - [MESSAGE][INFO] - Checking timeout

2021-10-14 17:38:40 - [MESSAGE][INFO] - Finding web element with id: 'Object Repository/Filtreler/Basliklar' located by 'By.cssSelector: .control-label.col-sm-4.paddingMarginRLC' in '10' second(s)

2021-10-14 17:38:40 - [MESSAGE][INFO] - Smart Wait Function is triggered

2021-10-14 17:38:40 - [MESSAGE][INFO] - Found 5 web elements with id: 'Object Repository/Filtreler/Basliklar' located by 'By.cssSelector: .control-label.col-sm-4.paddingMarginRLC' in '10' second(s)

2021-10-14 17:38:40 - [MESSAGE][INFO] - Smart Wait Function is triggered

2021-10-14 17:38:41 - [MESSAGE][PASSED] - Method.TextDegerineEsitElementinAltindakineTikla is PASSED

2021-10-14 17:38:41 - [TEST_STEP][PASSED] - Method.TextDegerineEsitElementinAltindakiTextboxtaYaz(findTestObject("Filtreler/Basliklar"), findTestObject("Object Repository/Filtreler/Basliga_Gore_Bitis"), Filtre_Adi, Filtre_Degeri): Method.TextDegerineEsitElementinAltindakiTextboxtaYaz is PASSED

2021-10-14 17:38:41 - [MESSAGE][INFO] - Finding Test Object 'Object Repository/Filtreler/Basliklar'

2021-10-14 17:38:41 - [MESSAGE][INFO] - Finding Test Object 'Object Repository/Filtreler/Basliga_Gore_Bitis'

2021-10-14 17:38:41 - [MESSAGE][INFO] - Checking timeout

2021-10-14 17:38:41 - [MESSAGE][INFO] - Finding web element with id: 'Object Repository/Filtreler/Basliklar' located by 'By.cssSelector: .control-label.col-sm-4.paddingMarginRLC' in '10' second(s)

2021-10-14 17:38:41 - [MESSAGE][INFO] - Smart Wait Function is triggered

2021-10-14 17:38:41 - [MESSAGE][INFO] - Found 5 web elements with id: 'Object Repository/Filtreler/Basliklar' located by 'By.cssSelector: .control-label.col-sm-4.paddingMarginRLC' in '10' second(s)

2021-10-14 17:38:41 - [MESSAGE][INFO] - Smart Wait Function is triggered

2021-10-14 17:38:42 - [MESSAGE][PASSED] - Method.TextDegerineEsitElementinAltindakiTextboxtaYaz is PASSED

2021-10-14 17:38:42 - [MESSAGE][PASSED] - Call Test Case 'Test Cases/Filtreler/BitisYaz' successfully

2021-10-14 17:38:42 - [MESSAGE][INFO] - Checking called Test Case

2021-10-14 17:38:42 - [MESSAGE][INFO] - Starting to call Test Case 'Test Cases/Filtreler/ButonaTikla'

2021-10-14 17:38:42 - [TEST_CASE][PASSED] - Test Cases/Filtreler/ButonaTikla: Test Cases/Filtreler/ButonaTikla

2021-10-14 17:38:42 - [TEST_STEP][PASSED] - Method.TextDegerineEsitElementeTikla(findTestObject("Filtreler/Butonlar"), Filtre_Buton): Method.TextDegerineEsitElementeTikla is PASSED

2021-10-14 17:38:42 - [MESSAGE][INFO] - Finding Test Object 'Object Repository/Filtreler/Butonlar'

2021-10-14 17:38:42 - [MESSAGE][INFO] - Checking timeout

2021-10-14 17:38:42 - [MESSAGE][INFO] - Finding web element with id: 'Object Repository/Filtreler/Butonlar' located by 'By.cssSelector: .dxb>span' in '10' second(s)

2021-10-14 17:38:42 - [MESSAGE][INFO] - Smart Wait Function is triggered

2021-10-14 17:38:42 - [MESSAGE][INFO] - Found 3 web elements with id: 'Object Repository/Filtreler/Butonlar' located by 'By.cssSelector: .dxb>span' in '10' second(s)

2021-10-14 17:38:42 - [MESSAGE][PASSED] - Method.TextDegerineEsitElementeTikla is PASSED

2021-10-14 17:38:42 - [MESSAGE][PASSED] - Call Test Case 'Test Cases/Filtreler/ButonaTikla' successfully

2021-10-14 17:38:42 - [MESSAGE][INFO] - Checking called Test Case

2021-10-14 17:38:42 - [MESSAGE][INFO] - Starting to call Test Case 'Test Cases/Tablo/TablodaVeriVarMi'

2021-10-14 17:38:42 - [TEST_CASE][PASSED] - Test Cases/Tablo/TablodaVeriVarMi: Test Cases/Tablo/TablodaVeriVarMi

2021-10-14 17:38:42 - [TEST_STEP][PASSED] - verifyTextNotPresent("Görüntülenecek veri yok", true): Text 'Görüntülenecek veri yok' is not present on page using regular expression

2021-10-14 17:38:42 - [MESSAGE][INFO] - Checking text present  using regular expression

2021-10-14 17:38:42 - [MESSAGE][INFO] - Smart Wait Function is triggered

2021-10-14 17:38:43 - [MESSAGE][INFO] - Finding text 'Görüntülenecek veri yok' on page  using regular expression

2021-10-14 17:38:43 - [MESSAGE][PASSED] - Text 'Görüntülenecek veri yok' is not present on page using regular expression

2021-10-14 17:38:43 - [MESSAGE][PASSED] - Call Test Case 'Test Cases/Tablo/TablodaVeriVarMi' successfully

2021-10-14 17:38:43 - [MESSAGE][INFO] - Checking called Test Case

2021-10-14 17:38:43 - [MESSAGE][INFO] - Starting to call Test Case 'Test Cases/Tablo/TablodanVeriSec'

2021-10-14 17:38:43 - [TEST_CASE][PASSED] - Test Cases/Tablo/TablodanVeriSec: Test Cases/Tablo/TablodanVeriSec

2021-10-14 17:38:43 - [TEST_STEP][PASSED] - Method.TextDegerineEsitElementinAltindakineTikla(findTestObject("Tablo/Veriler"), findTestObject("Tablo/VerininCheckBoxi"), Veri_Adi): Method.TextDegerineEsitElementinAltindakineTikla is PASSED

2021-10-14 17:38:43 - [MESSAGE][INFO] - Finding Test Object 'Object Repository/Tablo/Veriler'

2021-10-14 17:38:43 - [MESSAGE][INFO] - Finding Test Object 'Object Repository/Tablo/VerininCheckBoxi'

2021-10-14 17:38:43 - [MESSAGE][INFO] - Checking timeout

2021-10-14 17:38:43 - [MESSAGE][INFO] - Finding web element with id: 'Object Repository/Tablo/Veriler' located by 'By.cssSelector: td.dxgv b ,td.dxgv' in '10' second(s)

2021-10-14 17:38:43 - [MESSAGE][INFO] - Smart Wait Function is triggered

2021-10-14 17:38:44 - [MESSAGE][INFO] - Found 130 web elements with id: 'Object Repository/Tablo/Veriler' located by 'By.cssSelector: td.dxgv b ,td.dxgv' in '10' second(s)

2021-10-14 17:38:44 - [MESSAGE][INFO] - Smart Wait Function is triggered

2021-10-14 17:38:45 - [MESSAGE][PASSED] - Method.TextDegerineEsitElementinAltindakineTikla is PASSED

2021-10-14 17:38:45 - [MESSAGE][PASSED] - Call Test Case 'Test Cases/Tablo/TablodanVeriSec' successfully

2021-10-14 17:38:45 - [MESSAGE][INFO] - Checking called Test Case

2021-10-14 17:38:45 - [MESSAGE][INFO] - Starting to call Test Case 'Test Cases/Butonlar/ButonaTikla'

2021-10-14 17:38:45 - [TEST_CASE][PASSED] - Test Cases/Butonlar/ButonaTikla: Test Cases/Butonlar/ButonaTikla

2021-10-14 17:38:45 - [TEST_STEP][PASSED] - Method.TextDegerineEsitElementeTiklaEquals(findTestObject("Butonlar/Butonlar"), Buton_Adi): Method.TextDegerineEsitElementeTiklaEquals is PASSED

2021-10-14 17:38:45 - [MESSAGE][INFO] - Finding Test Object 'Object Repository/Butonlar/Butonlar'

2021-10-14 17:38:45 - [MESSAGE][INFO] - Checking timeout

2021-10-14 17:38:45 - [MESSAGE][INFO] - Finding web element with id: 'Object Repository/Butonlar/Butonlar' located by 'By.cssSelector: .panel.panel-default.text-center.footerPanel .btn,.btn.btn-primary.btnControls' in '10' second(s)

2021-10-14 17:38:45 - [MESSAGE][INFO] - Smart Wait Function is triggered

2021-10-14 17:38:45 - [MESSAGE][INFO] - Found 6 web elements with id: 'Object Repository/Butonlar/Butonlar' located by 'By.cssSelector: .panel.panel-default.text-center.footerPanel .btn,.btn.btn-primary.btnControls' in '10' second(s)

2021-10-14 17:38:45 - [MESSAGE][PASSED] - Method.TextDegerineEsitElementeTiklaEquals is PASSED

2021-10-14 17:38:45 - [MESSAGE][PASSED] - Call Test Case 'Test Cases/Butonlar/ButonaTikla' successfully

2021-10-14 17:38:45 - [MESSAGE][INFO] - Checking called Test Case

2021-10-14 17:38:45 - [MESSAGE][INFO] - Starting to call Test Case 'Test Cases/Butonlar/AltButonaTikla'

2021-10-14 17:38:45 - [TEST_CASE][PASSED] - Test Cases/Butonlar/AltButonaTikla: Test Cases/Butonlar/AltButonaTikla

2021-10-14 17:38:45 - [TEST_STEP][PASSED] - Method.TextDegerineEsitElementeTikla(findTestObject("Butonlar/AltButonlar"), Alt_Buton): Method.TextDegerineEsitElementeTikla is PASSED

2021-10-14 17:38:45 - [MESSAGE][INFO] - Finding Test Object 'Object Repository/Butonlar/AltButonlar'

2021-10-14 17:38:45 - [MESSAGE][INFO] - Checking timeout

2021-10-14 17:38:45 - [MESSAGE][INFO] - Finding web element with id: 'Object Repository/Butonlar/AltButonlar' located by 'By.cssSelector: .btn-group.open li>a' in '10' second(s)

2021-10-14 17:38:45 - [MESSAGE][INFO] - Smart Wait Function is triggered

2021-10-14 17:38:46 - [MESSAGE][INFO] - Found 2 web elements with id: 'Object Repository/Butonlar/AltButonlar' located by 'By.cssSelector: .btn-group.open li>a' in '10' second(s)

2021-10-14 17:38:46 - [MESSAGE][PASSED] - Method.TextDegerineEsitElementeTikla is PASSED

2021-10-14 17:38:46 - [MESSAGE][PASSED] - Call Test Case 'Test Cases/Butonlar/AltButonaTikla' successfully

2021-10-14 17:38:46 - [MESSAGE][INFO] - Checking called Test Case

2021-10-14 17:38:46 - [MESSAGE][INFO] - Starting to call Test Case 'Test Cases/Popup/PopupMesajiIceriyorMu'

2021-10-14 17:38:46 - [TEST_CASE][PASSED] - Test Cases/Popup/PopupMesajiIceriyorMu: Test Cases/Popup/PopupMesajiIceriyorMu

2021-10-14 17:38:46 - [TEST_STEP][PASSED] - waitForElementVisible(findTestObject("Popup/Popup"), 10): Object 'Object Repository/Popup/Popup' is visible

2021-10-14 17:38:46 - [MESSAGE][INFO] - Finding Test Object 'Object Repository/Popup/Popup'

2021-10-14 17:38:46 - [MESSAGE][INFO] - Checking object

2021-10-14 17:38:46 - [MESSAGE][INFO] - Checking timeout

2021-10-14 17:38:46 - [MESSAGE][INFO] - Finding web element from Test Object's properties

2021-10-14 17:38:46 - [MESSAGE][INFO] - Checking timeout

2021-10-14 17:38:46 - [MESSAGE][INFO] - Finding web element with id: 'Object Repository/Popup/Popup' located by 'By.cssSelector: .bootbox-body' in '10' second(s)

2021-10-14 17:38:46 - [MESSAGE][INFO] - Smart Wait Function is triggered

2021-10-14 17:38:47 - [MESSAGE][INFO] - Found 1 web elements with id: 'Object Repository/Popup/Popup' located by 'By.cssSelector: .bootbox-body' in '10' second(s)

2021-10-14 17:38:47 - [MESSAGE][PASSED] - Object 'Object Repository/Popup/Popup' is visible

2021-10-14 17:38:47 - [TEST_STEP][PASSED] - if (!(getText(findTestObject("Popup/Popup")).contains(Mesaj))): Text of object 'Object Repository/Popup/Popup' is: 'Lütfen rapor bildiriminin gönderileceği e-posta adresini belirtiniz.
e-Posta Adresi'

2021-10-14 17:38:47 - [MESSAGE][INFO] - Finding Test Object 'Object Repository/Popup/Popup'

2021-10-14 17:38:47 - [MESSAGE][INFO] - Checking object

2021-10-14 17:38:47 - [MESSAGE][INFO] - Finding web element from Test Object's properties

2021-10-14 17:38:47 - [MESSAGE][INFO] - Checking timeout

2021-10-14 17:38:47 - [MESSAGE][INFO] - Finding web element with id: 'Object Repository/Popup/Popup' located by 'By.cssSelector: .bootbox-body' in '30' second(s)

2021-10-14 17:38:47 - [MESSAGE][INFO] - Smart Wait Function is triggered

2021-10-14 17:38:47 - [MESSAGE][INFO] - Found 1 web elements with id: 'Object Repository/Popup/Popup' located by 'By.cssSelector: .bootbox-body' in '30' second(s)

2021-10-14 17:38:47 - [MESSAGE][INFO] - Getting text of object 'Object Repository/Popup/Popup'

2021-10-14 17:38:47 - [MESSAGE][PASSED] - Text of object 'Object Repository/Popup/Popup' is: 'Lütfen rapor bildiriminin gönderileceği e-posta adresini belirtiniz.
e-Posta Adresi'

2021-10-14 17:38:47 - [TEST_STEP][PASSED] - RaporNo = getText(findTestObject("Popup/Popup")).substring(0, 6): Text of object 'Object Repository/Popup/Popup' is: 'Lütfen rapor bildiriminin gönderileceği e-posta adresini belirtiniz.
e-Posta Adresi'

2021-10-14 17:38:47 - [MESSAGE][INFO] - Finding Test Object 'Object Repository/Popup/Popup'

2021-10-14 17:38:47 - [MESSAGE][INFO] - Checking object

2021-10-14 17:38:47 - [MESSAGE][INFO] - Finding web element from Test Object's properties

2021-10-14 17:38:47 - [MESSAGE][INFO] - Checking timeout

2021-10-14 17:38:47 - [MESSAGE][INFO] - Finding web element with id: 'Object Repository/Popup/Popup' located by 'By.cssSelector: .bootbox-body' in '30' second(s)

2021-10-14 17:38:47 - [MESSAGE][INFO] - Smart Wait Function is triggered

2021-10-14 17:38:47 - [MESSAGE][INFO] - Found 1 web elements with id: 'Object Repository/Popup/Popup' located by 'By.cssSelector: .bootbox-body' in '30' second(s)

2021-10-14 17:38:47 - [MESSAGE][INFO] - Getting text of object 'Object Repository/Popup/Popup'

2021-10-14 17:38:47 - [MESSAGE][PASSED] - Text of object 'Object Repository/Popup/Popup' is: 'Lütfen rapor bildiriminin gönderileceği e-posta adresini belirtiniz.
e-Posta Adresi'

2021-10-14 17:38:47 - [TEST_STEP][PASSED] - Console.println(RaporNo): null

2021-10-14 17:38:48 - [MESSAGE][PASSED] - Call Test Case 'Test Cases/Popup/PopupMesajiIceriyorMu' successfully

2021-10-14 17:38:48 - [MESSAGE][INFO] - Checking called Test Case

2021-10-14 17:38:48 - [MESSAGE][INFO] - Starting to call Test Case 'Test Cases/Popup/PopupButonSecilir'

2021-10-14 17:38:48 - [TEST_CASE][PASSED] - Test Cases/Popup/PopupButonSecilir: Test Cases/Popup/PopupButonSecilir

2021-10-14 17:38:48 - [TEST_STEP][PASSED] - Method.TextDegerineEsitElementeTikla(findTestObject("Popup/Popup_Butons"), Buton): Method.TextDegerineEsitElementeTikla is PASSED

2021-10-14 17:38:48 - [MESSAGE][INFO] - Finding Test Object 'Object Repository/Popup/Popup_Butons'

2021-10-14 17:38:48 - [MESSAGE][INFO] - Checking timeout

2021-10-14 17:38:48 - [MESSAGE][INFO] - Finding web element with id: 'Object Repository/Popup/Popup_Butons' located by 'By.cssSelector: .modal-footer>button' in '10' second(s)

2021-10-14 17:38:48 - [MESSAGE][INFO] - Smart Wait Function is triggered

2021-10-14 17:38:48 - [MESSAGE][INFO] - Found 2 web elements with id: 'Object Repository/Popup/Popup_Butons' located by 'By.cssSelector: .modal-footer>button' in '10' second(s)

2021-10-14 17:38:48 - [MESSAGE][PASSED] - Method.TextDegerineEsitElementeTikla is PASSED

2021-10-14 17:38:48 - [MESSAGE][PASSED] - Call Test Case 'Test Cases/Popup/PopupButonSecilir' successfully

2021-10-14 17:38:48 - [MESSAGE][INFO] - Checking called Test Case

2021-10-14 17:38:48 - [MESSAGE][INFO] - Starting to call Test Case 'Test Cases/Popup/PopupMesajiIceriyorMu'

2021-10-14 17:38:48 - [TEST_CASE][PASSED] - Test Cases/Popup/PopupMesajiIceriyorMu: Test Cases/Popup/PopupMesajiIceriyorMu

2021-10-14 17:38:48 - [TEST_STEP][PASSED] - waitForElementVisible(findTestObject("Popup/Popup"), 10): Object 'Object Repository/Popup/Popup' is visible

2021-10-14 17:38:48 - [MESSAGE][INFO] - Finding Test Object 'Object Repository/Popup/Popup'

2021-10-14 17:38:48 - [MESSAGE][INFO] - Checking object

2021-10-14 17:38:48 - [MESSAGE][INFO] - Checking timeout

2021-10-14 17:38:48 - [MESSAGE][INFO] - Finding web element from Test Object's properties

2021-10-14 17:38:48 - [MESSAGE][INFO] - Checking timeout

2021-10-14 17:38:48 - [MESSAGE][INFO] - Finding web element with id: 'Object Repository/Popup/Popup' located by 'By.cssSelector: .bootbox-body' in '10' second(s)

2021-10-14 17:38:48 - [MESSAGE][INFO] - Smart Wait Function is triggered

2021-10-14 17:38:49 - [MESSAGE][INFO] - Found 1 web elements with id: 'Object Repository/Popup/Popup' located by 'By.cssSelector: .bootbox-body' in '10' second(s)

2021-10-14 17:38:49 - [MESSAGE][PASSED] - Object 'Object Repository/Popup/Popup' is visible

2021-10-14 17:38:49 - [TEST_STEP][PASSED] - if (!(getText(findTestObject("Popup/Popup")).contains(Mesaj))): Text of object 'Object Repository/Popup/Popup' is: '14623 no’lu talebiniz işleme alınmıştır. Raporunuz hazırlandığında (elogotest@gmail.com) adresinize mail gönderilecektir.
Rapor durumunuzu Raporlar > Toplu Veri İndirme ekranından takip edebilir, hazırlandı durumundaki raporlarınızı ilgili menüden indirebilirsiniz.'

2021-10-14 17:38:49 - [MESSAGE][INFO] - Finding Test Object 'Object Repository/Popup/Popup'

2021-10-14 17:38:49 - [MESSAGE][INFO] - Checking object

2021-10-14 17:38:49 - [MESSAGE][INFO] - Finding web element from Test Object's properties

2021-10-14 17:38:49 - [MESSAGE][INFO] - Checking timeout

2021-10-14 17:38:49 - [MESSAGE][INFO] - Finding web element with id: 'Object Repository/Popup/Popup' located by 'By.cssSelector: .bootbox-body' in '30' second(s)

2021-10-14 17:38:49 - [MESSAGE][INFO] - Smart Wait Function is triggered

2021-10-14 17:38:49 - [MESSAGE][INFO] - Found 1 web elements with id: 'Object Repository/Popup/Popup' located by 'By.cssSelector: .bootbox-body' in '30' second(s)

2021-10-14 17:38:49 - [MESSAGE][INFO] - Getting text of object 'Object Repository/Popup/Popup'

2021-10-14 17:38:49 - [MESSAGE][PASSED] - Text of object 'Object Repository/Popup/Popup' is: '14623 no’lu talebiniz işleme alınmıştır. Raporunuz hazırlandığında (elogotest@gmail.com) adresinize mail gönderilecektir.
Rapor durumunuzu Raporlar > Toplu Veri İndirme ekranından takip edebilir, hazırlandı durumundaki raporlarınızı ilgili menüden indirebilirsiniz.'

2021-10-14 17:38:49 - [TEST_STEP][PASSED] - RaporNo = getText(findTestObject("Popup/Popup")).substring(0, 6): Text of object 'Object Repository/Popup/Popup' is: '14623 no’lu talebiniz işleme alınmıştır. Raporunuz hazırlandığında (elogotest@gmail.com) adresinize mail gönderilecektir.
Rapor durumunuzu Raporlar > Toplu Veri İndirme ekranından takip edebilir, hazırlandı durumundaki raporlarınızı ilgili menüden indirebilirsiniz.'

2021-10-14 17:38:49 - [MESSAGE][INFO] - Finding Test Object 'Object Repository/Popup/Popup'

2021-10-14 17:38:49 - [MESSAGE][INFO] - Checking object

2021-10-14 17:38:49 - [MESSAGE][INFO] - Finding web element from Test Object's properties

2021-10-14 17:38:49 - [MESSAGE][INFO] - Checking timeout

2021-10-14 17:38:49 - [MESSAGE][INFO] - Finding web element with id: 'Object Repository/Popup/Popup' located by 'By.cssSelector: .bootbox-body' in '30' second(s)

2021-10-14 17:38:49 - [MESSAGE][INFO] - Smart Wait Function is triggered

2021-10-14 17:38:50 - [MESSAGE][INFO] - Found 1 web elements with id: 'Object Repository/Popup/Popup' located by 'By.cssSelector: .bootbox-body' in '30' second(s)

2021-10-14 17:38:50 - [MESSAGE][INFO] - Getting text of object 'Object Repository/Popup/Popup'

2021-10-14 17:38:50 - [MESSAGE][PASSED] - Text of object 'Object Repository/Popup/Popup' is: '14623 no’lu talebiniz işleme alınmıştır. Raporunuz hazırlandığında (elogotest@gmail.com) adresinize mail gönderilecektir.
Rapor durumunuzu Raporlar > Toplu Veri İndirme ekranından takip edebilir, hazırlandı durumundaki raporlarınızı ilgili menüden indirebilirsiniz.'

2021-10-14 17:38:50 - [TEST_STEP][PASSED] - Console.println(RaporNo): null

2021-10-14 17:38:50 - [MESSAGE][PASSED] - Call Test Case 'Test Cases/Popup/PopupMesajiIceriyorMu' successfully

2021-10-14 17:38:50 - [MESSAGE][INFO] - Checking called Test Case

2021-10-14 17:38:50 - [MESSAGE][INFO] - Starting to call Test Case 'Test Cases/Popup/PopupButonSecilir'

2021-10-14 17:38:50 - [TEST_CASE][PASSED] - Test Cases/Popup/PopupButonSecilir: Test Cases/Popup/PopupButonSecilir

2021-10-14 17:38:50 - [TEST_STEP][PASSED] - Method.TextDegerineEsitElementeTikla(findTestObject("Popup/Popup_Butons"), Buton): Method.TextDegerineEsitElementeTikla is PASSED

2021-10-14 17:38:50 - [MESSAGE][INFO] - Finding Test Object 'Object Repository/Popup/Popup_Butons'

2021-10-14 17:38:50 - [MESSAGE][INFO] - Checking timeout

2021-10-14 17:38:50 - [MESSAGE][INFO] - Finding web element with id: 'Object Repository/Popup/Popup_Butons' located by 'By.cssSelector: .modal-footer>button' in '10' second(s)

2021-10-14 17:38:50 - [MESSAGE][INFO] - Smart Wait Function is triggered

2021-10-14 17:38:50 - [MESSAGE][INFO] - Found 1 web elements with id: 'Object Repository/Popup/Popup_Butons' located by 'By.cssSelector: .modal-footer>button' in '10' second(s)

2021-10-14 17:38:50 - [MESSAGE][PASSED] - Method.TextDegerineEsitElementeTikla is PASSED

2021-10-14 17:38:50 - [MESSAGE][PASSED] - Call Test Case 'Test Cases/Popup/PopupButonSecilir' successfully

2021-10-14 17:38:50 - [MESSAGE][INFO] - Checking called Test Case

2021-10-14 17:38:50 - [MESSAGE][INFO] - Starting to call Test Case 'Test Cases/Butonlar/ButonaTikla'

2021-10-14 17:38:50 - [TEST_CASE][PASSED] - Test Cases/Butonlar/ButonaTikla: Test Cases/Butonlar/ButonaTikla

2021-10-14 17:38:50 - [TEST_STEP][PASSED] - Method.TextDegerineEsitElementeTiklaEquals(findTestObject("Butonlar/Butonlar"), Buton_Adi): Method.TextDegerineEsitElementeTiklaEquals is PASSED

2021-10-14 17:38:50 - [MESSAGE][INFO] - Finding Test Object 'Object Repository/Butonlar/Butonlar'

2021-10-14 17:38:50 - [MESSAGE][INFO] - Checking timeout

2021-10-14 17:38:50 - [MESSAGE][INFO] - Finding web element with id: 'Object Repository/Butonlar/Butonlar' located by 'By.cssSelector: .panel.panel-default.text-center.footerPanel .btn,.btn.btn-primary.btnControls' in '10' second(s)

2021-10-14 17:38:50 - [MESSAGE][INFO] - Smart Wait Function is triggered

2021-10-14 17:38:51 - [MESSAGE][INFO] - Found 6 web elements with id: 'Object Repository/Butonlar/Butonlar' located by 'By.cssSelector: .panel.panel-default.text-center.footerPanel .btn,.btn.btn-primary.btnControls' in '10' second(s)

2021-10-14 17:38:51 - [MESSAGE][PASSED] - Method.TextDegerineEsitElementeTiklaEquals is PASSED

2021-10-14 17:38:51 - [MESSAGE][PASSED] - Call Test Case 'Test Cases/Butonlar/ButonaTikla' successfully

2021-10-14 17:38:51 - [MESSAGE][INFO] - Checking called Test Case

2021-10-14 17:38:51 - [MESSAGE][INFO] - Starting to call Test Case 'Test Cases/Butonlar/AltButonaTikla'

2021-10-14 17:38:51 - [TEST_CASE][PASSED] - Test Cases/Butonlar/AltButonaTikla: Test Cases/Butonlar/AltButonaTikla

2021-10-14 17:38:51 - [TEST_STEP][PASSED] - Method.TextDegerineEsitElementeTikla(findTestObject("Butonlar/AltButonlar"), Alt_Buton): Method.TextDegerineEsitElementeTikla is PASSED

2021-10-14 17:38:51 - [MESSAGE][INFO] - Finding Test Object 'Object Repository/Butonlar/AltButonlar'

2021-10-14 17:38:51 - [MESSAGE][INFO] - Checking timeout

2021-10-14 17:38:51 - [MESSAGE][INFO] - Finding web element with id: 'Object Repository/Butonlar/AltButonlar' located by 'By.cssSelector: .btn-group.open li>a' in '10' second(s)

2021-10-14 17:38:51 - [MESSAGE][INFO] - Smart Wait Function is triggered

2021-10-14 17:38:51 - [MESSAGE][INFO] - Found 2 web elements with id: 'Object Repository/Butonlar/AltButonlar' located by 'By.cssSelector: .btn-group.open li>a' in '10' second(s)

2021-10-14 17:38:51 - [MESSAGE][PASSED] - Method.TextDegerineEsitElementeTikla is PASSED

2021-10-14 17:38:51 - [MESSAGE][PASSED] - Call Test Case 'Test Cases/Butonlar/AltButonaTikla' successfully

2021-10-14 17:38:51 - [MESSAGE][INFO] - Checking called Test Case

2021-10-14 17:38:51 - [MESSAGE][INFO] - Starting to call Test Case 'Test Cases/Popup/PopupMesajiIceriyorMu'

2021-10-14 17:38:51 - [TEST_CASE][PASSED] - Test Cases/Popup/PopupMesajiIceriyorMu: Test Cases/Popup/PopupMesajiIceriyorMu

2021-10-14 17:38:51 - [TEST_STEP][PASSED] - waitForElementVisible(findTestObject("Popup/Popup"), 10): Object 'Object Repository/Popup/Popup' is visible

2021-10-14 17:38:51 - [MESSAGE][INFO] - Finding Test Object 'Object Repository/Popup/Popup'

2021-10-14 17:38:52 - [MESSAGE][INFO] - Checking object

2021-10-14 17:38:52 - [MESSAGE][INFO] - Checking timeout

2021-10-14 17:38:52 - [MESSAGE][INFO] - Finding web element from Test Object's properties

2021-10-14 17:38:52 - [MESSAGE][INFO] - Checking timeout

2021-10-14 17:38:52 - [MESSAGE][INFO] - Finding web element with id: 'Object Repository/Popup/Popup' located by 'By.cssSelector: .bootbox-body' in '10' second(s)

2021-10-14 17:38:52 - [MESSAGE][INFO] - Smart Wait Function is triggered

2021-10-14 17:38:52 - [MESSAGE][INFO] - Found 1 web elements with id: 'Object Repository/Popup/Popup' located by 'By.cssSelector: .bootbox-body' in '10' second(s)

2021-10-14 17:38:52 - [MESSAGE][PASSED] - Object 'Object Repository/Popup/Popup' is visible

2021-10-14 17:38:52 - [TEST_STEP][PASSED] - if (!(getText(findTestObject("Popup/Popup")).contains(Mesaj))): Text of object 'Object Repository/Popup/Popup' is: 'Lütfen rapor bildiriminin gönderileceği e-posta adresini belirtiniz.
e-Posta Adresi'

2021-10-14 17:38:52 - [MESSAGE][INFO] - Finding Test Object 'Object Repository/Popup/Popup'

2021-10-14 17:38:52 - [MESSAGE][INFO] - Checking object

2021-10-14 17:38:52 - [MESSAGE][INFO] - Finding web element from Test Object's properties

2021-10-14 17:38:52 - [MESSAGE][INFO] - Checking timeout

2021-10-14 17:38:52 - [MESSAGE][INFO] - Finding web element with id: 'Object Repository/Popup/Popup' located by 'By.cssSelector: .bootbox-body' in '30' second(s)

2021-10-14 17:38:52 - [MESSAGE][INFO] - Smart Wait Function is triggered

2021-10-14 17:38:52 - [MESSAGE][INFO] - Found 1 web elements with id: 'Object Repository/Popup/Popup' located by 'By.cssSelector: .bootbox-body' in '30' second(s)

2021-10-14 17:38:52 - [MESSAGE][INFO] - Getting text of object 'Object Repository/Popup/Popup'

2021-10-14 17:38:52 - [MESSAGE][PASSED] - Text of object 'Object Repository/Popup/Popup' is: 'Lütfen rapor bildiriminin gönderileceği e-posta adresini belirtiniz.
e-Posta Adresi'

2021-10-14 17:38:52 - [TEST_STEP][PASSED] - RaporNo = getText(findTestObject("Popup/Popup")).substring(0, 6): Text of object 'Object Repository/Popup/Popup' is: 'Lütfen rapor bildiriminin gönderileceği e-posta adresini belirtiniz.
e-Posta Adresi'

2021-10-14 17:38:52 - [MESSAGE][INFO] - Finding Test Object 'Object Repository/Popup/Popup'

2021-10-14 17:38:52 - [MESSAGE][INFO] - Checking object

2021-10-14 17:38:52 - [MESSAGE][INFO] - Finding web element from Test Object's properties

2021-10-14 17:38:52 - [MESSAGE][INFO] - Checking timeout

2021-10-14 17:38:52 - [MESSAGE][INFO] - Finding web element with id: 'Object Repository/Popup/Popup' located by 'By.cssSelector: .bootbox-body' in '30' second(s)

2021-10-14 17:38:52 - [MESSAGE][INFO] - Smart Wait Function is triggered

2021-10-14 17:38:53 - [MESSAGE][INFO] - Found 1 web elements with id: 'Object Repository/Popup/Popup' located by 'By.cssSelector: .bootbox-body' in '30' second(s)

2021-10-14 17:38:53 - [MESSAGE][INFO] - Getting text of object 'Object Repository/Popup/Popup'

2021-10-14 17:38:53 - [MESSAGE][PASSED] - Text of object 'Object Repository/Popup/Popup' is: 'Lütfen rapor bildiriminin gönderileceği e-posta adresini belirtiniz.
e-Posta Adresi'

2021-10-14 17:38:53 - [TEST_STEP][PASSED] - Console.println(RaporNo): null

2021-10-14 17:38:53 - [MESSAGE][PASSED] - Call Test Case 'Test Cases/Popup/PopupMesajiIceriyorMu' successfully

2021-10-14 17:38:53 - [MESSAGE][INFO] - Checking called Test Case

2021-10-14 17:38:53 - [MESSAGE][INFO] - Starting to call Test Case 'Test Cases/Popup/PopupButonSecilir'

2021-10-14 17:38:53 - [TEST_CASE][PASSED] - Test Cases/Popup/PopupButonSecilir: Test Cases/Popup/PopupButonSecilir

2021-10-14 17:38:53 - [TEST_STEP][PASSED] - Method.TextDegerineEsitElementeTikla(findTestObject("Popup/Popup_Butons"), Buton): Method.TextDegerineEsitElementeTikla is PASSED

2021-10-14 17:38:53 - [MESSAGE][INFO] - Finding Test Object 'Object Repository/Popup/Popup_Butons'

2021-10-14 17:38:53 - [MESSAGE][INFO] - Checking timeout

2021-10-14 17:38:53 - [MESSAGE][INFO] - Finding web element with id: 'Object Repository/Popup/Popup_Butons' located by 'By.cssSelector: .modal-footer>button' in '10' second(s)

2021-10-14 17:38:53 - [MESSAGE][INFO] - Smart Wait Function is triggered

2021-10-14 17:38:53 - [MESSAGE][INFO] - Found 2 web elements with id: 'Object Repository/Popup/Popup_Butons' located by 'By.cssSelector: .modal-footer>button' in '10' second(s)

2021-10-14 17:38:53 - [MESSAGE][PASSED] - Method.TextDegerineEsitElementeTikla is PASSED

2021-10-14 17:38:53 - [MESSAGE][PASSED] - Call Test Case 'Test Cases/Popup/PopupButonSecilir' successfully

2021-10-14 17:38:53 - [MESSAGE][INFO] - Checking called Test Case

2021-10-14 17:38:53 - [MESSAGE][INFO] - Starting to call Test Case 'Test Cases/Popup/PopupMesajiIceriyorMu'

2021-10-14 17:38:53 - [TEST_CASE][PASSED] - Test Cases/Popup/PopupMesajiIceriyorMu: Test Cases/Popup/PopupMesajiIceriyorMu

2021-10-14 17:38:53 - [TEST_STEP][PASSED] - waitForElementVisible(findTestObject("Popup/Popup"), 10): Object 'Object Repository/Popup/Popup' is visible

2021-10-14 17:38:53 - [MESSAGE][INFO] - Finding Test Object 'Object Repository/Popup/Popup'

2021-10-14 17:38:54 - [MESSAGE][INFO] - Checking object

2021-10-14 17:38:54 - [MESSAGE][INFO] - Checking timeout

2021-10-14 17:38:54 - [MESSAGE][INFO] - Finding web element from Test Object's properties

2021-10-14 17:38:54 - [MESSAGE][INFO] - Checking timeout

2021-10-14 17:38:54 - [MESSAGE][INFO] - Finding web element with id: 'Object Repository/Popup/Popup' located by 'By.cssSelector: .bootbox-body' in '10' second(s)

2021-10-14 17:38:54 - [MESSAGE][INFO] - Smart Wait Function is triggered

2021-10-14 17:38:54 - [MESSAGE][INFO] - Found 1 web elements with id: 'Object Repository/Popup/Popup' located by 'By.cssSelector: .bootbox-body' in '10' second(s)

2021-10-14 17:38:54 - [MESSAGE][PASSED] - Object 'Object Repository/Popup/Popup' is visible

2021-10-14 17:38:54 - [TEST_STEP][PASSED] - if (!(getText(findTestObject("Popup/Popup")).contains(Mesaj))): Text of object 'Object Repository/Popup/Popup' is: '14624 no’lu talebiniz işleme alınmıştır. Raporunuz hazırlandığında (elogotest@gmail.com) adresinize mail gönderilecektir.
Rapor durumunuzu Raporlar > Toplu Veri İndirme ekranından takip edebilir, hazırlandı durumundaki raporlarınızı ilgili menüden indirebilirsiniz.'

2021-10-14 17:38:54 - [MESSAGE][INFO] - Finding Test Object 'Object Repository/Popup/Popup'

2021-10-14 17:38:54 - [MESSAGE][INFO] - Checking object

2021-10-14 17:38:54 - [MESSAGE][INFO] - Finding web element from Test Object's properties

2021-10-14 17:38:54 - [MESSAGE][INFO] - Checking timeout

2021-10-14 17:38:54 - [MESSAGE][INFO] - Finding web element with id: 'Object Repository/Popup/Popup' located by 'By.cssSelector: .bootbox-body' in '30' second(s)

2021-10-14 17:38:54 - [MESSAGE][INFO] - Smart Wait Function is triggered

2021-10-14 17:38:55 - [MESSAGE][INFO] - Found 1 web elements with id: 'Object Repository/Popup/Popup' located by 'By.cssSelector: .bootbox-body' in '30' second(s)

2021-10-14 17:38:55 - [MESSAGE][INFO] - Getting text of object 'Object Repository/Popup/Popup'

2021-10-14 17:38:55 - [MESSAGE][PASSED] - Text of object 'Object Repository/Popup/Popup' is: '14624 no’lu talebiniz işleme alınmıştır. Raporunuz hazırlandığında (elogotest@gmail.com) adresinize mail gönderilecektir.
Rapor durumunuzu Raporlar > Toplu Veri İndirme ekranından takip edebilir, hazırlandı durumundaki raporlarınızı ilgili menüden indirebilirsiniz.'

2021-10-14 17:38:55 - [TEST_STEP][PASSED] - RaporNo = getText(findTestObject("Popup/Popup")).substring(0, 6): Text of object 'Object Repository/Popup/Popup' is: '14624 no’lu talebiniz işleme alınmıştır. Raporunuz hazırlandığında (elogotest@gmail.com) adresinize mail gönderilecektir.
Rapor durumunuzu Raporlar > Toplu Veri İndirme ekranından takip edebilir, hazırlandı durumundaki raporlarınızı ilgili menüden indirebilirsiniz.'

2021-10-14 17:38:55 - [MESSAGE][INFO] - Finding Test Object 'Object Repository/Popup/Popup'

2021-10-14 17:38:55 - [MESSAGE][INFO] - Checking object

2021-10-14 17:38:55 - [MESSAGE][INFO] - Finding web element from Test Object's properties

2021-10-14 17:38:55 - [MESSAGE][INFO] - Checking timeout

2021-10-14 17:38:55 - [MESSAGE][INFO] - Finding web element with id: 'Object Repository/Popup/Popup' located by 'By.cssSelector: .bootbox-body' in '30' second(s)

2021-10-14 17:38:55 - [MESSAGE][INFO] - Smart Wait Function is triggered

2021-10-14 17:38:55 - [MESSAGE][INFO] - Found 1 web elements with id: 'Object Repository/Popup/Popup' located by 'By.cssSelector: .bootbox-body' in '30' second(s)

2021-10-14 17:38:55 - [MESSAGE][INFO] - Getting text of object 'Object Repository/Popup/Popup'

2021-10-14 17:38:55 - [MESSAGE][PASSED] - Text of object 'Object Repository/Popup/Popup' is: '14624 no’lu talebiniz işleme alınmıştır. Raporunuz hazırlandığında (elogotest@gmail.com) adresinize mail gönderilecektir.
Rapor durumunuzu Raporlar > Toplu Veri İndirme ekranından takip edebilir, hazırlandı durumundaki raporlarınızı ilgili menüden indirebilirsiniz.'

2021-10-14 17:38:55 - [TEST_STEP][PASSED] - Console.println(RaporNo): null

2021-10-14 17:38:55 - [MESSAGE][PASSED] - Call Test Case 'Test Cases/Popup/PopupMesajiIceriyorMu' successfully

2021-10-14 17:38:55 - [MESSAGE][INFO] - Checking called Test Case

2021-10-14 17:38:55 - [MESSAGE][INFO] - Starting to call Test Case 'Test Cases/Popup/PopupButonSecilir'

2021-10-14 17:38:55 - [TEST_CASE][PASSED] - Test Cases/Popup/PopupButonSecilir: Test Cases/Popup/PopupButonSecilir

2021-10-14 17:38:55 - [TEST_STEP][PASSED] - Method.TextDegerineEsitElementeTikla(findTestObject("Popup/Popup_Butons"), Buton): Method.TextDegerineEsitElementeTikla is PASSED

2021-10-14 17:38:55 - [MESSAGE][INFO] - Finding Test Object 'Object Repository/Popup/Popup_Butons'

2021-10-14 17:38:55 - [MESSAGE][INFO] - Checking timeout

2021-10-14 17:38:55 - [MESSAGE][INFO] - Finding web element with id: 'Object Repository/Popup/Popup_Butons' located by 'By.cssSelector: .modal-footer>button' in '10' second(s)

2021-10-14 17:38:55 - [MESSAGE][INFO] - Smart Wait Function is triggered

2021-10-14 17:38:55 - [MESSAGE][INFO] - Found 1 web elements with id: 'Object Repository/Popup/Popup_Butons' located by 'By.cssSelector: .modal-footer>button' in '10' second(s)

2021-10-14 17:38:55 - [MESSAGE][PASSED] - Method.TextDegerineEsitElementeTikla is PASSED

2021-10-14 17:38:55 - [MESSAGE][PASSED] - Call Test Case 'Test Cases/Popup/PopupButonSecilir' successfully

2021-10-14 17:38:55 - [MESSAGE][INFO] - Checking called Test Case

2021-10-14 17:38:55 - [MESSAGE][INFO] - Starting to call Test Case 'Test Cases/Sayfalar/AnaSayfa/AnaSayfayaDonulur'

2021-10-14 17:38:56 - [TEST_CASE][PASSED] - Test Cases/Sayfalar/AnaSayfa/AnaSayfayaDonulur: Test Cases/Sayfalar/AnaSayfa/AnaSayfayaDonulur

2021-10-14 17:38:57 - [TEST_STEP][PASSED] - click(findTestObject("Sayfalar/AnaSayfa/AnaSayfa")): Object: 'Object Repository/Sayfalar/AnaSayfa/AnaSayfa' is clicked on

2021-10-14 17:38:57 - [MESSAGE][INFO] - Finding Test Object 'Object Repository/Sayfalar/AnaSayfa/AnaSayfa'

2021-10-14 17:38:57 - [MESSAGE][INFO] - Checking object

2021-10-14 17:38:57 - [MESSAGE][INFO] - Finding web element from Test Object's properties

2021-10-14 17:38:57 - [MESSAGE][INFO] - Checking timeout

2021-10-14 17:38:57 - [MESSAGE][INFO] - Finding web element with id: 'Object Repository/Sayfalar/AnaSayfa/AnaSayfa' located by 'By.cssSelector: div.navbar-header > a > img' in '30' second(s)

2021-10-14 17:38:57 - [MESSAGE][INFO] - Smart Wait Function is triggered

2021-10-14 17:38:57 - [MESSAGE][INFO] - Found 1 web elements with id: 'Object Repository/Sayfalar/AnaSayfa/AnaSayfa' located by 'By.cssSelector: div.navbar-header > a > img' in '30' second(s)

2021-10-14 17:38:57 - [MESSAGE][INFO] - Clicking on object: 'Object Repository/Sayfalar/AnaSayfa/AnaSayfa'

2021-10-14 17:38:58 - [MESSAGE][PASSED] - Object: 'Object Repository/Sayfalar/AnaSayfa/AnaSayfa' is clicked on

2021-10-14 17:38:58 - [TEST_STEP][PASSED] - if (verifyElementPresent(findTestObject("Sayfalar/Giris_Sayfasi/PopupOK"), 5, OPTIONAL)): null

2021-10-14 17:38:58 - [MESSAGE][INFO] - Finding Test Object 'Object Repository/Sayfalar/Giris_Sayfasi/PopupOK'

2021-10-14 17:38:59 - [MESSAGE][INFO] - Checking object

2021-10-14 17:38:59 - [MESSAGE][INFO] - Finding web element from Test Object's properties

2021-10-14 17:38:59 - [MESSAGE][INFO] - Checking timeout

2021-10-14 17:38:59 - [MESSAGE][INFO] - Finding web element with id: 'Object Repository/Sayfalar/Giris_Sayfasi/PopupOK' located by 'By.cssSelector: .btn.btn-success' in '5' second(s)

2021-10-14 17:38:59 - [MESSAGE][INFO] - Smart Wait Function is triggered

2021-10-14 17:38:59 - [MESSAGE][INFO] - Found 1 web elements with id: 'Object Repository/Sayfalar/Giris_Sayfasi/PopupOK' located by 'By.cssSelector: .btn.btn-success' in '5' second(s)

2021-10-14 17:38:59 - [MESSAGE][PASSED] - Object 'Object Repository/Sayfalar/Giris_Sayfasi/PopupOK' is present

2021-10-14 17:38:59 - [TEST_STEP][PASSED] - click(findTestObject("Sayfalar/Giris_Sayfasi/PopupOK")): Object: 'Object Repository/Sayfalar/Giris_Sayfasi/PopupOK' is clicked on

2021-10-14 17:38:59 - [MESSAGE][INFO] - Finding Test Object 'Object Repository/Sayfalar/Giris_Sayfasi/PopupOK'

2021-10-14 17:38:59 - [MESSAGE][INFO] - Checking object

2021-10-14 17:38:59 - [MESSAGE][INFO] - Finding web element from Test Object's properties

2021-10-14 17:38:59 - [MESSAGE][INFO] - Checking timeout

2021-10-14 17:38:59 - [MESSAGE][INFO] - Finding web element with id: 'Object Repository/Sayfalar/Giris_Sayfasi/PopupOK' located by 'By.cssSelector: .btn.btn-success' in '30' second(s)

2021-10-14 17:38:59 - [MESSAGE][INFO] - Smart Wait Function is triggered

2021-10-14 17:39:00 - [MESSAGE][INFO] - Found 1 web elements with id: 'Object Repository/Sayfalar/Giris_Sayfasi/PopupOK' located by 'By.cssSelector: .btn.btn-success' in '30' second(s)

2021-10-14 17:39:00 - [MESSAGE][INFO] - Clicking on object: 'Object Repository/Sayfalar/Giris_Sayfasi/PopupOK'

2021-10-14 17:39:00 - [MESSAGE][PASSED] - Object: 'Object Repository/Sayfalar/Giris_Sayfasi/PopupOK' is clicked on

2021-10-14 17:39:00 - [TEST_STEP][PASSED] - verifyElementVisible(findTestObject("Object Repository/Kullanici_Islemleri/KullaniciIslemleri")): Object 'Object Repository/Kullanici_Islemleri/KullaniciIslemleri' is visible

2021-10-14 17:39:00 - [MESSAGE][INFO] - Finding Test Object 'Object Repository/Kullanici_Islemleri/KullaniciIslemleri'

2021-10-14 17:39:00 - [MESSAGE][INFO] - Checking object

2021-10-14 17:39:00 - [MESSAGE][INFO] - Finding web element from Test Object's properties

2021-10-14 17:39:00 - [MESSAGE][INFO] - Checking timeout

2021-10-14 17:39:00 - [MESSAGE][INFO] - Finding web element with id: 'Object Repository/Kullanici_Islemleri/KullaniciIslemleri' located by 'By.cssSelector: .dropdown>a>img' in '30' second(s)

2021-10-14 17:39:00 - [MESSAGE][INFO] - Smart Wait Function is triggered

2021-10-14 17:39:00 - [MESSAGE][INFO] - Found 1 web elements with id: 'Object Repository/Kullanici_Islemleri/KullaniciIslemleri' located by 'By.cssSelector: .dropdown>a>img' in '30' second(s)

2021-10-14 17:39:00 - [MESSAGE][PASSED] - Object 'Object Repository/Kullanici_Islemleri/KullaniciIslemleri' is visible

2021-10-14 17:39:00 - [MESSAGE][PASSED] - Call Test Case 'Test Cases/Sayfalar/AnaSayfa/AnaSayfayaDonulur' successfully

2021-10-14 17:39:00 - [MESSAGE][INFO] - Checking called Test Case

2021-10-14 17:39:00 - [MESSAGE][INFO] - Starting to call Test Case 'Test Cases/Menu/AnaMenuSecimi'

2021-10-14 17:39:01 - [TEST_CASE][PASSED] - Test Cases/Menu/AnaMenuSecimi: Test Cases/Menu/AnaMenuSecimi

2021-10-14 17:39:01 - [TEST_STEP][PASSED] - Method.TextDegerineEsitElementeTikla(findTestObject("Menu/Ana_Menu"), Ana_Menu): Method.TextDegerineEsitElementeTikla is PASSED

2021-10-14 17:39:01 - [MESSAGE][INFO] - Finding Test Object 'Object Repository/Menu/Ana_Menu'

2021-10-14 17:39:01 - [MESSAGE][INFO] - Checking timeout

2021-10-14 17:39:01 - [MESSAGE][INFO] - Finding web element with id: 'Object Repository/Menu/Ana_Menu' located by 'By.xpath: //*[@class = 'dropdown-toggle']' in '10' second(s)

2021-10-14 17:39:01 - [MESSAGE][INFO] - Smart Wait Function is triggered

2021-10-14 17:39:01 - [MESSAGE][INFO] - Found 14 web elements with id: 'Object Repository/Menu/Ana_Menu' located by 'By.xpath: //*[@class = 'dropdown-toggle']' in '10' second(s)

2021-10-14 17:39:01 - [MESSAGE][PASSED] - Method.TextDegerineEsitElementeTikla is PASSED

2021-10-14 17:39:01 - [MESSAGE][PASSED] - Call Test Case 'Test Cases/Menu/AnaMenuSecimi' successfully

2021-10-14 17:39:01 - [MESSAGE][INFO] - Checking called Test Case

2021-10-14 17:39:01 - [MESSAGE][INFO] - Starting to call Test Case 'Test Cases/Menu/AltMenuSecimi'

2021-10-14 17:39:01 - [TEST_CASE][PASSED] - Test Cases/Menu/AltMenuSecimi: Test Cases/Menu/AltMenuSecimi

2021-10-14 17:39:01 - [TEST_STEP][PASSED] - Method.TextDegerineEsitElementeTikla(findTestObject("Menu/Alt_Menu"), Alt_Menu): Method.TextDegerineEsitElementeTikla is PASSED

2021-10-14 17:39:01 - [MESSAGE][INFO] - Finding Test Object 'Object Repository/Menu/Alt_Menu'

2021-10-14 17:39:02 - [MESSAGE][INFO] - Checking timeout

2021-10-14 17:39:02 - [MESSAGE][INFO] - Finding web element with id: 'Object Repository/Menu/Alt_Menu' located by 'By.xpath: //li[@class='dropdown dropdown-large open']//li[@class='dropdown-element']' in '10' second(s)

2021-10-14 17:39:02 - [MESSAGE][INFO] - Smart Wait Function is triggered

2021-10-14 17:39:02 - [MESSAGE][INFO] - Found 9 web elements with id: 'Object Repository/Menu/Alt_Menu' located by 'By.xpath: //li[@class='dropdown dropdown-large open']//li[@class='dropdown-element']' in '10' second(s)

2021-10-14 17:39:06 - [MESSAGE][PASSED] - Method.TextDegerineEsitElementeTikla is PASSED

2021-10-14 17:39:06 - [MESSAGE][PASSED] - Call Test Case 'Test Cases/Menu/AltMenuSecimi' successfully

2021-10-14 17:39:06 - [MESSAGE][INFO] - Checking called Test Case

2021-10-14 17:39:06 - [MESSAGE][INFO] - Starting to call Test Case 'Test Cases/Filtreler/RaporNoYaz'

2021-10-14 17:39:06 - [TEST_CASE][PASSED] - Test Cases/Filtreler/RaporNoYaz: Test Cases/Filtreler/RaporNoYaz

2021-10-14 17:39:06 - [TEST_STEP][PASSED] - Method.TextDegerineEsitElementinAltindakiTextboxtaYaz(findTestObject("Filtreler/Basliklar"), findTestObject("Filtreler/Basliga_Gore_Textbox"), "Talep No", RaporNo): Method.TextDegerineEsitElementinAltindakiTextboxtaYaz is PASSED

2021-10-14 17:39:06 - [MESSAGE][INFO] - Finding Test Object 'Object Repository/Filtreler/Basliklar'

2021-10-14 17:39:06 - [MESSAGE][INFO] - Finding Test Object 'Object Repository/Filtreler/Basliga_Gore_Textbox'

2021-10-14 17:39:06 - [MESSAGE][INFO] - Checking timeout

2021-10-14 17:39:06 - [MESSAGE][INFO] - Finding web element with id: 'Object Repository/Filtreler/Basliklar' located by 'By.cssSelector: .control-label.col-sm-4.paddingMarginRLC' in '10' second(s)

2021-10-14 17:39:06 - [MESSAGE][INFO] - Smart Wait Function is triggered

2021-10-14 17:39:06 - [MESSAGE][INFO] - Found 8 web elements with id: 'Object Repository/Filtreler/Basliklar' located by 'By.cssSelector: .control-label.col-sm-4.paddingMarginRLC' in '10' second(s)

2021-10-14 17:39:06 - [MESSAGE][INFO] - Smart Wait Function is triggered

2021-10-14 17:39:07 - [MESSAGE][PASSED] - Method.TextDegerineEsitElementinAltindakiTextboxtaYaz is PASSED

2021-10-14 17:39:07 - [MESSAGE][PASSED] - Call Test Case 'Test Cases/Filtreler/RaporNoYaz' successfully

2021-10-14 17:39:07 - [MESSAGE][INFO] - Checking called Test Case

2021-10-14 17:39:07 - [MESSAGE][INFO] - Starting to call Test Case 'Test Cases/Filtreler/ButonaTikla'

2021-10-14 17:39:07 - [TEST_CASE][PASSED] - Test Cases/Filtreler/ButonaTikla: Test Cases/Filtreler/ButonaTikla

2021-10-14 17:39:07 - [TEST_STEP][PASSED] - Method.TextDegerineEsitElementeTikla(findTestObject("Filtreler/Butonlar"), Filtre_Buton): Method.TextDegerineEsitElementeTikla is PASSED

2021-10-14 17:39:07 - [MESSAGE][INFO] - Finding Test Object 'Object Repository/Filtreler/Butonlar'

2021-10-14 17:39:07 - [MESSAGE][INFO] - Checking timeout

2021-10-14 17:39:07 - [MESSAGE][INFO] - Finding web element with id: 'Object Repository/Filtreler/Butonlar' located by 'By.cssSelector: .dxb>span' in '10' second(s)

2021-10-14 17:39:07 - [MESSAGE][INFO] - Smart Wait Function is triggered

2021-10-14 17:39:07 - [MESSAGE][INFO] - Found 2 web elements with id: 'Object Repository/Filtreler/Butonlar' located by 'By.cssSelector: .dxb>span' in '10' second(s)

2021-10-14 17:39:07 - [MESSAGE][PASSED] - Method.TextDegerineEsitElementeTikla is PASSED

2021-10-14 17:39:07 - [MESSAGE][PASSED] - Call Test Case 'Test Cases/Filtreler/ButonaTikla' successfully

2021-10-14 17:39:07 - [MESSAGE][INFO] - Checking called Test Case

2021-10-14 17:39:07 - [MESSAGE][INFO] - Starting to call Test Case 'Test Cases/Tablo/TablodaVeriVarMi'

2021-10-14 17:39:07 - [TEST_CASE][PASSED] - Test Cases/Tablo/TablodaVeriVarMi: Test Cases/Tablo/TablodaVeriVarMi

2021-10-14 17:39:07 - [TEST_STEP][PASSED] - verifyTextNotPresent("Görüntülenecek veri yok", true): Text 'Görüntülenecek veri yok' is not present on page using regular expression

2021-10-14 17:39:07 - [MESSAGE][INFO] - Checking text present  using regular expression

2021-10-14 17:39:07 - [MESSAGE][INFO] - Smart Wait Function is triggered

2021-10-14 17:39:14 - [MESSAGE][INFO] - Finding text 'Görüntülenecek veri yok' on page  using regular expression

2021-10-14 17:39:14 - [MESSAGE][PASSED] - Text 'Görüntülenecek veri yok' is not present on page using regular expression

2021-10-14 17:39:14 - [MESSAGE][PASSED] - Call Test Case 'Test Cases/Tablo/TablodaVeriVarMi' successfully

2021-10-14 17:39:14 - [MESSAGE][INFO] - Checking called Test Case

2021-10-14 17:39:14 - [MESSAGE][INFO] - Starting to call Test Case 'Test Cases/Kullanici_Islemleri/KullaniciIslemlerindenSecimYapilir'

2021-10-14 17:39:14 - [TEST_CASE][PASSED] - Test Cases/Kullanici_Islemleri/KullaniciIslemlerindenSecimYapilir: Test Cases/Kullanici_Islemleri/KullaniciIslemlerindenSecimYapilir

2021-10-14 17:39:14 - [TEST_STEP][PASSED] - waitForElementClickable(findTestObject("Object Repository/Kullanici_Islemleri/KullaniciIslemleri"), 10): Object 'Object Repository/Kullanici_Islemleri/KullaniciIslemleri' is clickable

2021-10-14 17:39:14 - [MESSAGE][INFO] - Finding Test Object 'Object Repository/Kullanici_Islemleri/KullaniciIslemleri'

2021-10-14 17:39:14 - [MESSAGE][INFO] - Checking object

2021-10-14 17:39:14 - [MESSAGE][INFO] - Checking timeout

2021-10-14 17:39:14 - [MESSAGE][INFO] - Finding web element from Test Object's properties

2021-10-14 17:39:14 - [MESSAGE][INFO] - Checking timeout

2021-10-14 17:39:14 - [MESSAGE][INFO] - Finding web element with id: 'Object Repository/Kullanici_Islemleri/KullaniciIslemleri' located by 'By.cssSelector: .dropdown>a>img' in '10' second(s)

2021-10-14 17:39:14 - [MESSAGE][INFO] - Smart Wait Function is triggered

2021-10-14 17:39:14 - [MESSAGE][INFO] - Found 1 web elements with id: 'Object Repository/Kullanici_Islemleri/KullaniciIslemleri' located by 'By.cssSelector: .dropdown>a>img' in '10' second(s)

2021-10-14 17:39:14 - [MESSAGE][PASSED] - Object 'Object Repository/Kullanici_Islemleri/KullaniciIslemleri' is clickable

2021-10-14 17:39:14 - [TEST_STEP][PASSED] - click(findTestObject("Object Repository/Kullanici_Islemleri/KullaniciIslemleri")): Object: 'Object Repository/Kullanici_Islemleri/KullaniciIslemleri' is clicked on

2021-10-14 17:39:14 - [MESSAGE][INFO] - Finding Test Object 'Object Repository/Kullanici_Islemleri/KullaniciIslemleri'

2021-10-14 17:39:14 - [MESSAGE][INFO] - Checking object

2021-10-14 17:39:14 - [MESSAGE][INFO] - Finding web element from Test Object's properties

2021-10-14 17:39:14 - [MESSAGE][INFO] - Checking timeout

2021-10-14 17:39:14 - [MESSAGE][INFO] - Finding web element with id: 'Object Repository/Kullanici_Islemleri/KullaniciIslemleri' located by 'By.cssSelector: .dropdown>a>img' in '30' second(s)

2021-10-14 17:39:14 - [MESSAGE][INFO] - Smart Wait Function is triggered

2021-10-14 17:39:14 - [MESSAGE][INFO] - Found 1 web elements with id: 'Object Repository/Kullanici_Islemleri/KullaniciIslemleri' located by 'By.cssSelector: .dropdown>a>img' in '30' second(s)

2021-10-14 17:39:14 - [MESSAGE][INFO] - Clicking on object: 'Object Repository/Kullanici_Islemleri/KullaniciIslemleri'

2021-10-14 17:39:15 - [MESSAGE][PASSED] - Object: 'Object Repository/Kullanici_Islemleri/KullaniciIslemleri' is clicked on

2021-10-14 17:39:15 - [TEST_STEP][PASSED] - Method.TextDegerineEsitElementeTikla(findTestObject("Object Repository/Kullanici_Islemleri/Secenekler"), Islem): Method.TextDegerineEsitElementeTikla is PASSED

2021-10-14 17:39:15 - [MESSAGE][INFO] - Finding Test Object 'Object Repository/Kullanici_Islemleri/Secenekler'

2021-10-14 17:39:15 - [MESSAGE][INFO] - Checking timeout

2021-10-14 17:39:15 - [MESSAGE][INFO] - Finding web element with id: 'Object Repository/Kullanici_Islemleri/Secenekler' located by 'By.cssSelector: .nav.navbar-nav.navbar-right li a' in '10' second(s)

2021-10-14 17:39:15 - [MESSAGE][INFO] - Smart Wait Function is triggered

2021-10-14 17:39:15 - [MESSAGE][INFO] - Found 22 web elements with id: 'Object Repository/Kullanici_Islemleri/Secenekler' located by 'By.cssSelector: .nav.navbar-nav.navbar-right li a' in '10' second(s)

2021-10-14 17:39:17 - [MESSAGE][PASSED] - Method.TextDegerineEsitElementeTikla is PASSED

2021-10-14 17:39:17 - [TEST_STEP][PASSED] - verifyElementNotPresent(findTestObject("Object Repository/Kullanici_Islemleri/Secenekler"), 10): Web element with id: 'Object Repository/Kullanici_Islemleri/Secenekler' located by 'By.cssSelector: .nav.navbar-nav.navbar-right li a' is not present after '10' second(s)

2021-10-14 17:39:17 - [MESSAGE][INFO] - Finding Test Object 'Object Repository/Kullanici_Islemleri/Secenekler'

2021-10-14 17:39:17 - [MESSAGE][INFO] - Checking object

2021-10-14 17:39:17 - [MESSAGE][INFO] - Checking timeout

2021-10-14 17:39:17 - [MESSAGE][INFO] - Finding web element with id: 'Object Repository/Kullanici_Islemleri/Secenekler' located by 'By.cssSelector: .nav.navbar-nav.navbar-right li a' in '10' second(s)

2021-10-14 17:39:17 - [MESSAGE][INFO] - Smart Wait Function is triggered

2021-10-14 17:39:18 - [MESSAGE][PASSED] - Web element with id: 'Object Repository/Kullanici_Islemleri/Secenekler' located by 'By.cssSelector: .nav.navbar-nav.navbar-right li a' is not present after '10' second(s)

2021-10-14 17:39:18 - [MESSAGE][PASSED] - Call Test Case 'Test Cases/Kullanici_Islemleri/KullaniciIslemlerindenSecimYapilir' successfully

2021-10-14 17:39:18 - [TEST_CASE][PASSED] - Start Test Case : SCENARIO e-Mustahsil Makbuzu Raporlari excele aktarma: SCENARIO e-Mustahsil Makbuzu Raporlari excele aktarma

2021-10-14 17:39:18 - [TEST_STEP][PASSED] - Kullanıcı adı ELOGO6 ve Şifre 123456 olarak giriş yapılır: Kullanıcı adı ELOGO6 ve Şifre 123456 olarak giriş yapılır

2021-10-14 17:39:18 - [MESSAGE][PASSED] - Kullanıcı adı ELOGO6 ve Şifre 123456 olarak giriş yapılır

2021-10-14 17:39:18 - [TEST_STEP][PASSED] - Ana menüden e-Makbuz seçilir: Ana menüden e-Makbuz seçilir

2021-10-14 17:39:18 - [MESSAGE][PASSED] - Ana menüden e-Makbuz seçilir

2021-10-14 17:39:18 - [TEST_STEP][PASSED] - Alt menü e-Müstahsil Uygulaması başlığı altındaki e-Müstahsil Makbuzu Raporları seçilir: Alt menü e-Müstahsil Uygulaması başlığı altındaki e-Müstahsil Makbuzu Raporları seçilir

2021-10-14 17:39:18 - [MESSAGE][PASSED] - Alt menü e-Müstahsil Uygulaması başlığı altındaki e-Müstahsil Makbuzu Raporları seçilir

2021-10-14 17:39:18 - [TEST_STEP][PASSED] - Filtrelerden Dönem Tarihi filtresine 2021 Ocak dropdowndan degeri seçilir: Filtrelerden Dönem Tarihi filtresine 2021 Ocak dropdowndan degeri seçilir

2021-10-14 17:39:18 - [MESSAGE][PASSED] - Filtrelerden Dönem Tarihi filtresine 2021 Ocak dropdowndan degeri seçilir

2021-10-14 17:39:18 - [TEST_STEP][PASSED] - Filtrelerden Bölüm Tarihi filtresine 09.01.2021 baslangic degerini yaz: Filtrelerden Bölüm Tarihi filtresine 09.01.2021 baslangic degerini yaz

2021-10-14 17:39:18 - [MESSAGE][PASSED] - Filtrelerden Bölüm Tarihi filtresine 09.01.2021 baslangic degerini yaz

2021-10-14 17:39:18 - [TEST_STEP][PASSED] - Filtrelerden Bölüm Tarihi filtresine 09.01.2021 bitis degerini yaz: Filtrelerden Bölüm Tarihi filtresine 09.01.2021 bitis degerini yaz

2021-10-14 17:39:18 - [MESSAGE][PASSED] - Filtrelerden Bölüm Tarihi filtresine 09.01.2021 bitis degerini yaz

2021-10-14 17:39:18 - [TEST_STEP][PASSED] - Filtre butonlarından Listele seçilir: Filtre butonlarından Listele seçilir

2021-10-14 17:39:18 - [MESSAGE][PASSED] - Filtre butonlarından Listele seçilir

2021-10-14 17:39:18 - [TEST_STEP][PASSED] - Tabloda veri var mı kontrol edilir: Tabloda veri var mı kontrol edilir

2021-10-14 17:39:18 - [MESSAGE][PASSED] - Tabloda veri var mı kontrol edilir

2021-10-14 17:39:18 - [TEST_STEP][PASSED] - Tablodan 2891 isimli veri seçilir: Tablodan 2891 isimli veri seçilir

2021-10-14 17:39:18 - [MESSAGE][PASSED] - Tablodan 2891 isimli veri seçilir

2021-10-14 17:39:18 - [TEST_STEP][PASSED] - Butonlardan Excel isimli butona tıklanır: Butonlardan Excel isimli butona tıklanır

2021-10-14 17:39:18 - [MESSAGE][PASSED] - Butonlardan Excel isimli butona tıklanır

2021-10-14 17:39:18 - [TEST_STEP][PASSED] - Alt butonlardan Excel'e Aktar butonuna tıklanır: Alt butonlardan Excel'e Aktar butonuna tıklanır

2021-10-14 17:39:18 - [MESSAGE][PASSED] - Alt butonlardan Excel'e Aktar butonuna tıklanır

2021-10-14 17:39:18 - [TEST_STEP][PASSED] - Popup mesajı Lütfen rapor bildiriminin gönderileceği e-posta adresini belirtiniz. içeriyor mu: Popup mesajı Lütfen rapor bildiriminin gönderileceği e-posta adresini belirtiniz. içeriyor mu

2021-10-14 17:39:18 - [MESSAGE][PASSED] - Popup mesajı Lütfen rapor bildiriminin gönderileceği e-posta adresini belirtiniz. içeriyor mu

2021-10-14 17:39:18 - [TEST_STEP][PASSED] - Yönetim popupında Gönder seçilir: Yönetim popupında Gönder seçilir

2021-10-14 17:39:18 - [MESSAGE][PASSED] - Yönetim popupında Gönder seçilir

2021-10-14 17:39:18 - [TEST_STEP][PASSED] - Popup mesajı Toplu Veri İndirme içeriyor mu: Popup mesajı Toplu Veri İndirme içeriyor mu

2021-10-14 17:39:18 - [MESSAGE][PASSED] - Popup mesajı Toplu Veri İndirme içeriyor mu

2021-10-14 17:39:18 - [TEST_STEP][PASSED] - Yönetim popupında Tamam seçilir: Yönetim popupında Tamam seçilir

2021-10-14 17:39:18 - [MESSAGE][PASSED] - Yönetim popupında Tamam seçilir

2021-10-14 17:39:18 - [TEST_STEP][PASSED] - Butonlardan Excel isimli butona tıklanır: Butonlardan Excel isimli butona tıklanır

2021-10-14 17:39:18 - [MESSAGE][PASSED] - Butonlardan Excel isimli butona tıklanır

2021-10-14 17:39:18 - [TEST_STEP][PASSED] - Alt butonlardan Tümünü Excel'e Aktar butonuna tıklanır: Alt butonlardan Tümünü Excel'e Aktar butonuna tıklanır

2021-10-14 17:39:18 - [MESSAGE][PASSED] - Alt butonlardan Tümünü Excel'e Aktar butonuna tıklanır

2021-10-14 17:39:18 - [TEST_STEP][PASSED] - Popup mesajı Lütfen rapor bildiriminin gönderileceği e-posta adresini belirtiniz. içeriyor mu: Popup mesajı Lütfen rapor bildiriminin gönderileceği e-posta adresini belirtiniz. içeriyor mu

2021-10-14 17:39:18 - [MESSAGE][PASSED] - Popup mesajı Lütfen rapor bildiriminin gönderileceği e-posta adresini belirtiniz. içeriyor mu

2021-10-14 17:39:18 - [TEST_STEP][PASSED] - Yönetim popupında Gönder seçilir: Yönetim popupında Gönder seçilir

2021-10-14 17:39:18 - [MESSAGE][PASSED] - Yönetim popupında Gönder seçilir

2021-10-14 17:39:18 - [TEST_STEP][PASSED] - Popup mesajı Toplu Veri İndirme içeriyor mu: Popup mesajı Toplu Veri İndirme içeriyor mu

2021-10-14 17:39:18 - [MESSAGE][PASSED] - Popup mesajı Toplu Veri İndirme içeriyor mu

2021-10-14 17:39:18 - [TEST_STEP][PASSED] - Yönetim popupında Tamam seçilir: Yönetim popupında Tamam seçilir

2021-10-14 17:39:18 - [MESSAGE][PASSED] - Yönetim popupında Tamam seçilir

2021-10-14 17:39:18 - [TEST_STEP][PASSED] - Anasayfaya geri dönülür: Anasayfaya geri dönülür

2021-10-14 17:39:18 - [MESSAGE][PASSED] - Anasayfaya geri dönülür

2021-10-14 17:39:18 - [TEST_STEP][PASSED] - Ana menüden Raporlar seçilir: Ana menüden Raporlar seçilir

2021-10-14 17:39:18 - [MESSAGE][PASSED] - Ana menüden Raporlar seçilir

2021-10-14 17:39:18 - [TEST_STEP][PASSED] - Alt menüden Toplu Veri İndirme seçilir: Alt menüden Toplu Veri İndirme seçilir

2021-10-14 17:39:18 - [MESSAGE][PASSED] - Alt menüden Toplu Veri İndirme seçilir

2021-10-14 17:39:18 - [TEST_STEP][PASSED] - Filtrelerden Talep No filtresine Rapor No bilgisi yaz: Filtrelerden Talep No filtresine Rapor No bilgisi yaz

2021-10-14 17:39:18 - [MESSAGE][PASSED] - Filtrelerden Talep No filtresine Rapor No bilgisi yaz

2021-10-14 17:39:18 - [TEST_STEP][PASSED] - Filtre butonlarından Listele seçilir: Filtre butonlarından Listele seçilir

2021-10-14 17:39:18 - [MESSAGE][PASSED] - Filtre butonlarından Listele seçilir

2021-10-14 17:39:18 - [TEST_STEP][PASSED] - Tabloda veri var mı kontrol edilir: Tabloda veri var mı kontrol edilir

2021-10-14 17:39:18 - [MESSAGE][PASSED] - Tabloda veri var mı kontrol edilir

2021-10-14 17:39:18 - [TEST_STEP][PASSED] - Kullanıcı işlemlerinden Çıkış seçilir: Kullanıcı işlemlerinden Çıkış seçilir

2021-10-14 17:39:18 - [MESSAGE][PASSED] - Kullanıcı işlemlerinden Çıkış seçilir

2021-10-14 17:39:18 - [MESSAGE][PASSED] - Feature file: 'Include/features/e-Makbuz/e-Mustahsil Uygulamasi/e-Mustahsil Makbuzu Raporlari/Excele Aktar.feature' was passed

2021-10-14 17:39:18 - [TEST_STEP][PASSED] - Start listener action : sampleAfterTestSuite: Invoke 'com.kms.katalon.core.annotation.AfterTestCase' method: 'Listener.sampleAfterTestSuite(...)' completed.

2021-10-14 17:39:18 - [MESSAGE][INFO] - Starting invoke 'com.kms.katalon.core.annotation.AfterTestCase' method: 'Listener.sampleAfterTestSuite(...)'

2021-10-14 17:39:18 - [TEST_STEP][PASSED] - closeBrowser(): Invoke 'com.kms.katalon.core.annotation.AfterTestCase' method: 'Listener.sampleAfterTestSuite(...)' completed.

2021-10-14 17:39:18 - [MESSAGE][INFO] - Closing browser

2021-10-14 17:39:18 - [MESSAGE][PASSED] - Browser is closed

2021-10-14 17:39:18 - [MESSAGE][INFO] - Invoke 'com.kms.katalon.core.annotation.AfterTestCase' method: 'Listener.sampleAfterTestSuite(...)' completed.]]></system-out>
         <system-err><![CDATA[]]></system-err>
      </testcase>
      <testcase name="Test Cases/Case Repository/e-Makbuz/e-Serbest Meslek Uygulamasi/e-Serbest Meslek Makbuz Raporlari/Excele Aktar" time="52.728" classname="Test Cases/Case Repository/e-Makbuz/e-Serbest Meslek Uygulamasi/e-Serbest Meslek Makbuz Raporlari/Excele Aktar" status="PASSED">
         <system-out><![CDATA[2021-10-14 17:39:18 - [TEST_CASE][PASSED] - Test Cases/Case Repository/e-Makbuz/e-Serbest Meslek Uygulamasi/e-Serbest Meslek Makbuz Raporlari/Excele Aktar: Test Cases/Case Repository/e-Makbuz/e-Serbest Meslek Uygulamasi/e-Serbest Meslek Makbuz Raporlari/Excele Aktar

2021-10-14 17:39:18 - [TEST_STEP][PASSED] - Start listener action : sampleBeforeTestSuite: Invoke 'com.kms.katalon.core.annotation.BeforeTestCase' method: 'Listener.sampleBeforeTestSuite(...)' completed.

2021-10-14 17:39:18 - [MESSAGE][INFO] - Starting invoke 'com.kms.katalon.core.annotation.BeforeTestCase' method: 'Listener.sampleBeforeTestSuite(...)'

2021-10-14 17:39:18 - [TEST_STEP][PASSED] - openBrowser(baseUrl): Browser is opened with url: 'https://efatura-stage.elogo.com.tr/'

2021-10-14 17:39:18 - [MESSAGE][INFO] - Opening browser

2021-10-14 17:39:18 - [MESSAGE][INFO] - Starting 'Chrome' driver

2021-10-14 17:39:18 - [MESSAGE][INFO] - User set preference: ['prefs', '{download.default_directory=C:\otomasyondownfiles}']

2021-10-14 17:39:18 - [MESSAGE][INFO] - Action delay is set to 0 milliseconds

2021-10-14 17:39:20 - [MESSAGE][INFO] - Navigating browser to: 'https://efatura-stage.elogo.com.tr/'

2021-10-14 17:39:22 - [MESSAGE][PASSED] - Browser is opened with url: 'https://efatura-stage.elogo.com.tr/'

2021-10-14 17:39:22 - [TEST_STEP][PASSED] - maximizeWindow(): Invoke 'com.kms.katalon.core.annotation.BeforeTestCase' method: 'Listener.sampleBeforeTestSuite(...)' completed.

2021-10-14 17:39:22 - [MESSAGE][INFO] - Maximizing current window

2021-10-14 17:39:22 - [MESSAGE][PASSED] - Current window maximized

2021-10-14 17:39:22 - [MESSAGE][INFO] - Invoke 'com.kms.katalon.core.annotation.BeforeTestCase' method: 'Listener.sampleBeforeTestSuite(...)' completed.

2021-10-14 17:39:23 - [TEST_STEP][PASSED] - runFeatureFile("Include/features/e-Makbuz/e-Serbest Meslek Uygulaması/e-Serbest Meslek Makbuz Raporlari/Excele Aktar.feature"): Feature file: 'Include/features/e-Makbuz/e-Serbest Meslek Uygulaması/e-Serbest Meslek Makbuz Raporlari/Excele Aktar.feature' was passed

2021-10-14 17:39:23 - [MESSAGE][INFO] - Starting run keyword runFeatureFile: 'Include/features/e-Makbuz/e-Serbest Meslek Uygulaması/e-Serbest Meslek Makbuz Raporlari/Excele Aktar.feature' and extract report to folder: 'C:\Users\DELL\Downloads\EES_Katalon-main\Reports\20211014_170112\Suite Repository\ExceleAktarVeTopluIndirme\20211014_170125/cucumber_report/1634222363292'...

2021-10-14 17:39:23 - [MESSAGE][INFO] - Glue: []

2021-10-14 17:39:24 - [MESSAGE][INFO] - Checking called Test Case

2021-10-14 17:39:24 - [MESSAGE][INFO] - Starting to call Test Case 'Test Cases/Sayfalar/Giris_Sayfasi/Login'

2021-10-14 17:39:24 - [TEST_CASE][PASSED] - Test Cases/Sayfalar/Giris_Sayfasi/Login: Test Cases/Sayfalar/Giris_Sayfasi/Login

2021-10-14 17:39:24 - [TEST_STEP][PASSED] - Sayfa_Basligi = getWindowTitle(): Current window's title is: 'LOGO e-Fatura'

2021-10-14 17:39:24 - [MESSAGE][INFO] - Getting current window's title

2021-10-14 17:39:24 - [MESSAGE][PASSED] - Current window's title is: 'LOGO e-Fatura'

2021-10-14 17:39:24 - [TEST_STEP][PASSED] - verifyMatch(Sayfa_Basligi, "LOGO e-Fatura", false): Actual text 'LOGO e-Fatura' and expected text 'LOGO e-Fatura' are matched 

2021-10-14 17:39:24 - [MESSAGE][INFO] - Matching actual text 'LOGO e-Fatura' with expected text 'LOGO e-Fatura'

2021-10-14 17:39:24 - [MESSAGE][PASSED] - Actual text 'LOGO e-Fatura' and expected text 'LOGO e-Fatura' are matched 

2021-10-14 17:39:24 - [TEST_STEP][PASSED] - sendKeys(findTestObject("Sayfalar/Giris_Sayfasi/Firma_Kodu"), KullaniciAdi): Keys 'ELOGO6' sent to object: 'Object Repository/Sayfalar/Giris_Sayfasi/Firma_Kodu'

2021-10-14 17:39:24 - [MESSAGE][INFO] - Finding Test Object 'Object Repository/Sayfalar/Giris_Sayfasi/Firma_Kodu'

2021-10-14 17:39:24 - [MESSAGE][INFO] - Sending keys 'ELOGO6' to object: 'Object Repository/Sayfalar/Giris_Sayfasi/Firma_Kodu'

2021-10-14 17:39:24 - [MESSAGE][INFO] - Finding web element from Test Object's properties

2021-10-14 17:39:24 - [MESSAGE][INFO] - Checking timeout

2021-10-14 17:39:24 - [MESSAGE][INFO] - Finding web element with id: 'Object Repository/Sayfalar/Giris_Sayfasi/Firma_Kodu' located by 'By.xpath: //*[@id = 'AccountName']' in '30' second(s)

2021-10-14 17:39:24 - [MESSAGE][INFO] - Smart Wait Function is triggered

2021-10-14 17:39:24 - [MESSAGE][INFO] - Found 1 web elements with id: 'Object Repository/Sayfalar/Giris_Sayfasi/Firma_Kodu' located by 'By.xpath: //*[@id = 'AccountName']' in '30' second(s)

2021-10-14 17:39:24 - [MESSAGE][PASSED] - Keys 'ELOGO6' sent to object: 'Object Repository/Sayfalar/Giris_Sayfasi/Firma_Kodu'

2021-10-14 17:39:24 - [TEST_STEP][PASSED] - sendKeys(findTestObject("Sayfalar/Giris_Sayfasi/Sifre"), Sifre): Keys '123456' sent to object: 'Object Repository/Sayfalar/Giris_Sayfasi/Sifre'

2021-10-14 17:39:24 - [MESSAGE][INFO] - Finding Test Object 'Object Repository/Sayfalar/Giris_Sayfasi/Sifre'

2021-10-14 17:39:24 - [MESSAGE][INFO] - Sending keys '123456' to object: 'Object Repository/Sayfalar/Giris_Sayfasi/Sifre'

2021-10-14 17:39:24 - [MESSAGE][INFO] - Finding web element from Test Object's properties

2021-10-14 17:39:24 - [MESSAGE][INFO] - Checking timeout

2021-10-14 17:39:24 - [MESSAGE][INFO] - Finding web element with id: 'Object Repository/Sayfalar/Giris_Sayfasi/Sifre' located by 'By.xpath: //*[@id = 'Password']' in '30' second(s)

2021-10-14 17:39:24 - [MESSAGE][INFO] - Smart Wait Function is triggered

2021-10-14 17:39:25 - [MESSAGE][INFO] - Found 1 web elements with id: 'Object Repository/Sayfalar/Giris_Sayfasi/Sifre' located by 'By.xpath: //*[@id = 'Password']' in '30' second(s)

2021-10-14 17:39:25 - [MESSAGE][PASSED] - Keys '123456' sent to object: 'Object Repository/Sayfalar/Giris_Sayfasi/Sifre'

2021-10-14 17:39:25 - [TEST_STEP][PASSED] - findWebElement(findTestObject("Sayfalar/Giris_Sayfasi/Giris_Butonu")).click(): Found 1 web elements with id: 'Object Repository/Sayfalar/Giris_Sayfasi/Giris_Butonu' located by 'By.cssSelector: #btnLogin' in '30' second(s)

2021-10-14 17:39:25 - [MESSAGE][INFO] - Finding Test Object 'Object Repository/Sayfalar/Giris_Sayfasi/Giris_Butonu'

2021-10-14 17:39:25 - [MESSAGE][INFO] - Finding web element from Test Object's properties

2021-10-14 17:39:25 - [MESSAGE][INFO] - Checking timeout

2021-10-14 17:39:25 - [MESSAGE][INFO] - Finding web element with id: 'Object Repository/Sayfalar/Giris_Sayfasi/Giris_Butonu' located by 'By.cssSelector: #btnLogin' in '30' second(s)

2021-10-14 17:39:25 - [MESSAGE][INFO] - Smart Wait Function is triggered

2021-10-14 17:39:25 - [MESSAGE][INFO] - Found 1 web elements with id: 'Object Repository/Sayfalar/Giris_Sayfasi/Giris_Butonu' located by 'By.cssSelector: #btnLogin' in '30' second(s)

2021-10-14 17:39:28 - [TEST_STEP][PASSED] - if (verifyElementPresent(findTestObject("Object Repository/Sayfalar/Giris_Sayfasi/RetveTamam_Butonu"), 5, OPTIONAL)): null

2021-10-14 17:39:28 - [MESSAGE][INFO] - Finding Test Object 'Object Repository/Sayfalar/Giris_Sayfasi/RetveTamam_Butonu'

2021-10-14 17:39:28 - [MESSAGE][INFO] - Checking object

2021-10-14 17:39:28 - [MESSAGE][INFO] - Finding web element from Test Object's properties

2021-10-14 17:39:28 - [MESSAGE][INFO] - Checking timeout

2021-10-14 17:39:28 - [MESSAGE][INFO] - Finding web element with id: 'Object Repository/Sayfalar/Giris_Sayfasi/RetveTamam_Butonu' located by 'By.xpath: //*[@class = 'btn btn-default']' in '5' second(s)

2021-10-14 17:39:28 - [MESSAGE][INFO] - Smart Wait Function is triggered

2021-10-14 17:39:29 - [MESSAGE][INFO] - Found 1 web elements with id: 'Object Repository/Sayfalar/Giris_Sayfasi/RetveTamam_Butonu' located by 'By.xpath: //*[@class = 'btn btn-default']' in '5' second(s)

2021-10-14 17:39:29 - [MESSAGE][PASSED] - Object 'Object Repository/Sayfalar/Giris_Sayfasi/RetveTamam_Butonu' is present

2021-10-14 17:39:29 - [TEST_STEP][PASSED] - click(findTestObject("Object Repository/Sayfalar/Giris_Sayfasi/RetveTamam_Butonu")): Object: 'Object Repository/Sayfalar/Giris_Sayfasi/RetveTamam_Butonu' is clicked on

2021-10-14 17:39:29 - [MESSAGE][INFO] - Finding Test Object 'Object Repository/Sayfalar/Giris_Sayfasi/RetveTamam_Butonu'

2021-10-14 17:39:29 - [MESSAGE][INFO] - Checking object

2021-10-14 17:39:29 - [MESSAGE][INFO] - Finding web element from Test Object's properties

2021-10-14 17:39:29 - [MESSAGE][INFO] - Checking timeout

2021-10-14 17:39:29 - [MESSAGE][INFO] - Finding web element with id: 'Object Repository/Sayfalar/Giris_Sayfasi/RetveTamam_Butonu' located by 'By.xpath: //*[@class = 'btn btn-default']' in '30' second(s)

2021-10-14 17:39:29 - [MESSAGE][INFO] - Smart Wait Function is triggered

2021-10-14 17:39:29 - [MESSAGE][INFO] - Found 1 web elements with id: 'Object Repository/Sayfalar/Giris_Sayfasi/RetveTamam_Butonu' located by 'By.xpath: //*[@class = 'btn btn-default']' in '30' second(s)

2021-10-14 17:39:29 - [MESSAGE][INFO] - Clicking on object: 'Object Repository/Sayfalar/Giris_Sayfasi/RetveTamam_Butonu'

2021-10-14 17:39:29 - [MESSAGE][PASSED] - Object: 'Object Repository/Sayfalar/Giris_Sayfasi/RetveTamam_Butonu' is clicked on

2021-10-14 17:39:29 - [TEST_STEP][PASSED] - click(findTestObject("Object Repository/Sayfalar/Giris_Sayfasi/RetveTamam_Butonu")): Object: 'Object Repository/Sayfalar/Giris_Sayfasi/RetveTamam_Butonu' is clicked on

2021-10-14 17:39:29 - [MESSAGE][INFO] - Finding Test Object 'Object Repository/Sayfalar/Giris_Sayfasi/RetveTamam_Butonu'

2021-10-14 17:39:29 - [MESSAGE][INFO] - Checking object

2021-10-14 17:39:29 - [MESSAGE][INFO] - Finding web element from Test Object's properties

2021-10-14 17:39:29 - [MESSAGE][INFO] - Checking timeout

2021-10-14 17:39:29 - [MESSAGE][INFO] - Finding web element with id: 'Object Repository/Sayfalar/Giris_Sayfasi/RetveTamam_Butonu' located by 'By.xpath: //*[@class = 'btn btn-default']' in '30' second(s)

2021-10-14 17:39:29 - [MESSAGE][INFO] - Smart Wait Function is triggered

2021-10-14 17:39:31 - [MESSAGE][INFO] - Found 1 web elements with id: 'Object Repository/Sayfalar/Giris_Sayfasi/RetveTamam_Butonu' located by 'By.xpath: //*[@class = 'btn btn-default']' in '30' second(s)

2021-10-14 17:39:31 - [MESSAGE][INFO] - Clicking on object: 'Object Repository/Sayfalar/Giris_Sayfasi/RetveTamam_Butonu'

2021-10-14 17:39:31 - [MESSAGE][PASSED] - Object: 'Object Repository/Sayfalar/Giris_Sayfasi/RetveTamam_Butonu' is clicked on

2021-10-14 17:39:31 - [TEST_STEP][PASSED] - if (verifyElementPresent(findTestObject("Sayfalar/Giris_Sayfasi/PopupOK"), 5, OPTIONAL)): null

2021-10-14 17:39:31 - [MESSAGE][INFO] - Finding Test Object 'Object Repository/Sayfalar/Giris_Sayfasi/PopupOK'

2021-10-14 17:39:31 - [MESSAGE][INFO] - Checking object

2021-10-14 17:39:31 - [MESSAGE][INFO] - Finding web element from Test Object's properties

2021-10-14 17:39:31 - [MESSAGE][INFO] - Checking timeout

2021-10-14 17:39:31 - [MESSAGE][INFO] - Finding web element with id: 'Object Repository/Sayfalar/Giris_Sayfasi/PopupOK' located by 'By.cssSelector: .btn.btn-success' in '5' second(s)

2021-10-14 17:39:31 - [MESSAGE][INFO] - Smart Wait Function is triggered

2021-10-14 17:39:32 - [MESSAGE][INFO] - Found 1 web elements with id: 'Object Repository/Sayfalar/Giris_Sayfasi/PopupOK' located by 'By.cssSelector: .btn.btn-success' in '5' second(s)

2021-10-14 17:39:32 - [MESSAGE][PASSED] - Object 'Object Repository/Sayfalar/Giris_Sayfasi/PopupOK' is present

2021-10-14 17:39:32 - [TEST_STEP][PASSED] - click(findTestObject("Object Repository/Sayfalar/Giris_Sayfasi/PopupCarpiGiris")): Object: 'Object Repository/Sayfalar/Giris_Sayfasi/PopupCarpiGiris' is clicked on

2021-10-14 17:39:32 - [MESSAGE][INFO] - Finding Test Object 'Object Repository/Sayfalar/Giris_Sayfasi/PopupCarpiGiris'

2021-10-14 17:39:32 - [MESSAGE][INFO] - Checking object

2021-10-14 17:39:32 - [MESSAGE][INFO] - Finding web element from Test Object's properties

2021-10-14 17:39:32 - [MESSAGE][INFO] - Checking timeout

2021-10-14 17:39:32 - [MESSAGE][INFO] - Finding web element with id: 'Object Repository/Sayfalar/Giris_Sayfasi/PopupCarpiGiris' located by 'By.cssSelector: .bootbox-close-button.close' in '30' second(s)

2021-10-14 17:39:32 - [MESSAGE][INFO] - Smart Wait Function is triggered

2021-10-14 17:39:32 - [MESSAGE][INFO] - Found 1 web elements with id: 'Object Repository/Sayfalar/Giris_Sayfasi/PopupCarpiGiris' located by 'By.cssSelector: .bootbox-close-button.close' in '30' second(s)

2021-10-14 17:39:32 - [MESSAGE][INFO] - Clicking on object: 'Object Repository/Sayfalar/Giris_Sayfasi/PopupCarpiGiris'

2021-10-14 17:39:32 - [MESSAGE][PASSED] - Object: 'Object Repository/Sayfalar/Giris_Sayfasi/PopupCarpiGiris' is clicked on

2021-10-14 17:39:32 - [TEST_STEP][PASSED] - verifyElementVisible(findTestObject("Object Repository/Kullanici_Islemleri/KullaniciIslemleri")): Object 'Object Repository/Kullanici_Islemleri/KullaniciIslemleri' is visible

2021-10-14 17:39:32 - [MESSAGE][INFO] - Finding Test Object 'Object Repository/Kullanici_Islemleri/KullaniciIslemleri'

2021-10-14 17:39:32 - [MESSAGE][INFO] - Checking object

2021-10-14 17:39:32 - [MESSAGE][INFO] - Finding web element from Test Object's properties

2021-10-14 17:39:32 - [MESSAGE][INFO] - Checking timeout

2021-10-14 17:39:32 - [MESSAGE][INFO] - Finding web element with id: 'Object Repository/Kullanici_Islemleri/KullaniciIslemleri' located by 'By.cssSelector: .dropdown>a>img' in '30' second(s)

2021-10-14 17:39:32 - [MESSAGE][INFO] - Smart Wait Function is triggered

2021-10-14 17:39:33 - [MESSAGE][INFO] - Found 1 web elements with id: 'Object Repository/Kullanici_Islemleri/KullaniciIslemleri' located by 'By.cssSelector: .dropdown>a>img' in '30' second(s)

2021-10-14 17:39:33 - [MESSAGE][PASSED] - Object 'Object Repository/Kullanici_Islemleri/KullaniciIslemleri' is visible

2021-10-14 17:39:33 - [MESSAGE][PASSED] - Call Test Case 'Test Cases/Sayfalar/Giris_Sayfasi/Login' successfully

2021-10-14 17:39:33 - [MESSAGE][INFO] - Checking called Test Case

2021-10-14 17:39:33 - [MESSAGE][INFO] - Starting to call Test Case 'Test Cases/Menu/AnaMenuSecimi'

2021-10-14 17:39:33 - [TEST_CASE][PASSED] - Test Cases/Menu/AnaMenuSecimi: Test Cases/Menu/AnaMenuSecimi

2021-10-14 17:39:33 - [TEST_STEP][PASSED] - Method.TextDegerineEsitElementeTikla(findTestObject("Menu/Ana_Menu"), Ana_Menu): Method.TextDegerineEsitElementeTikla is PASSED

2021-10-14 17:39:33 - [MESSAGE][INFO] - Finding Test Object 'Object Repository/Menu/Ana_Menu'

2021-10-14 17:39:33 - [MESSAGE][INFO] - Checking timeout

2021-10-14 17:39:33 - [MESSAGE][INFO] - Finding web element with id: 'Object Repository/Menu/Ana_Menu' located by 'By.xpath: //*[@class = 'dropdown-toggle']' in '10' second(s)

2021-10-14 17:39:33 - [MESSAGE][INFO] - Smart Wait Function is triggered

2021-10-14 17:39:33 - [MESSAGE][INFO] - Found 14 web elements with id: 'Object Repository/Menu/Ana_Menu' located by 'By.xpath: //*[@class = 'dropdown-toggle']' in '10' second(s)

2021-10-14 17:39:34 - [MESSAGE][PASSED] - Method.TextDegerineEsitElementeTikla is PASSED

2021-10-14 17:39:34 - [MESSAGE][PASSED] - Call Test Case 'Test Cases/Menu/AnaMenuSecimi' successfully

2021-10-14 17:39:34 - [MESSAGE][INFO] - Checking called Test Case

2021-10-14 17:39:34 - [MESSAGE][INFO] - Starting to call Test Case 'Test Cases/Menu/BasligaGoreAltMenuSecimi'

2021-10-14 17:39:34 - [TEST_CASE][PASSED] - Test Cases/Menu/BasligaGoreAltMenuSecimi: Test Cases/Menu/BasligaGoreAltMenuSecimi

2021-10-14 17:39:34 - [TEST_STEP][PASSED] - Method.TextDegerineEsitElementinAltindakiTextDegerineEsitOlanaTikla(findTestObject("Menu/Menu_Basligi"), findTestObject("Menu/Basliga_Gore_Alt_Menu"), Baslik, Alt_Menu): Method.TextDegerineEsitElementinAltindakiTextDegerineEsitOlanaTikla is PASSED

2021-10-14 17:39:34 - [MESSAGE][INFO] - Finding Test Object 'Object Repository/Menu/Menu_Basligi'

2021-10-14 17:39:34 - [MESSAGE][INFO] - Finding Test Object 'Object Repository/Menu/Basliga_Gore_Alt_Menu'

2021-10-14 17:39:34 - [MESSAGE][INFO] - Checking timeout

2021-10-14 17:39:34 - [MESSAGE][INFO] - Finding web element with id: 'Object Repository/Menu/Menu_Basligi' located by 'By.xpath: //li[@class='dropdown dropdown-large open']//li[@class='dropdown-header']' in '10' second(s)

2021-10-14 17:39:34 - [MESSAGE][INFO] - Smart Wait Function is triggered

2021-10-14 17:39:34 - [MESSAGE][INFO] - Found 2 web elements with id: 'Object Repository/Menu/Menu_Basligi' located by 'By.xpath: //li[@class='dropdown dropdown-large open']//li[@class='dropdown-header']' in '10' second(s)

2021-10-14 17:39:34 - [MESSAGE][INFO] - Smart Wait Function is triggered

2021-10-14 17:39:37 - [MESSAGE][PASSED] - Method.TextDegerineEsitElementinAltindakiTextDegerineEsitOlanaTikla is PASSED

2021-10-14 17:39:37 - [MESSAGE][PASSED] - Call Test Case 'Test Cases/Menu/BasligaGoreAltMenuSecimi' successfully

2021-10-14 17:39:37 - [MESSAGE][INFO] - Checking called Test Case

2021-10-14 17:39:37 - [MESSAGE][INFO] - Starting to call Test Case 'Test Cases/Filtreler/DropdownSec'

2021-10-14 17:39:37 - [TEST_CASE][PASSED] - Test Cases/Filtreler/DropdownSec: Test Cases/Filtreler/DropdownSec

2021-10-14 17:39:37 - [TEST_STEP][PASSED] - Method.TextDegerineEsitElementinAltindakineTikla(findTestObject("Filtreler/Basliklar"), findTestObject("Filtreler/Basliga_Gore_Baslangic_Image"), Filtre_Adi): Method.TextDegerineEsitElementinAltindakineTikla is PASSED

2021-10-14 17:39:37 - [MESSAGE][INFO] - Finding Test Object 'Object Repository/Filtreler/Basliklar'

2021-10-14 17:39:37 - [MESSAGE][INFO] - Finding Test Object 'Object Repository/Filtreler/Basliga_Gore_Baslangic_Image'

2021-10-14 17:39:37 - [MESSAGE][INFO] - Checking timeout

2021-10-14 17:39:37 - [MESSAGE][INFO] - Finding web element with id: 'Object Repository/Filtreler/Basliklar' located by 'By.cssSelector: .control-label.col-sm-4.paddingMarginRLC' in '10' second(s)

2021-10-14 17:39:37 - [MESSAGE][INFO] - Smart Wait Function is triggered

2021-10-14 17:39:37 - [MESSAGE][INFO] - Found 5 web elements with id: 'Object Repository/Filtreler/Basliklar' located by 'By.cssSelector: .control-label.col-sm-4.paddingMarginRLC' in '10' second(s)

2021-10-14 17:39:37 - [MESSAGE][INFO] - Smart Wait Function is triggered

2021-10-14 17:39:38 - [MESSAGE][PASSED] - Method.TextDegerineEsitElementinAltindakineTikla is PASSED

2021-10-14 17:39:38 - [TEST_STEP][PASSED] - Method.TextDegerineEsitElementeTikla(findTestObject("Object Repository/Filtreler/Basliga_Gore_Dropdown"), Filtre_Degeri): Method.TextDegerineEsitElementeTikla is PASSED

2021-10-14 17:39:38 - [MESSAGE][INFO] - Finding Test Object 'Object Repository/Filtreler/Basliga_Gore_Dropdown'

2021-10-14 17:39:38 - [MESSAGE][INFO] - Checking timeout

2021-10-14 17:39:38 - [MESSAGE][INFO] - Finding web element with id: 'Object Repository/Filtreler/Basliga_Gore_Dropdown' located by 'By.xpath: //*[@class = 'dxeListBoxItemRow_LECustomTheme']' in '10' second(s)

2021-10-14 17:39:38 - [MESSAGE][INFO] - Smart Wait Function is triggered

2021-10-14 17:39:38 - [MESSAGE][INFO] - Found 58 web elements with id: 'Object Repository/Filtreler/Basliga_Gore_Dropdown' located by 'By.xpath: //*[@class = 'dxeListBoxItemRow_LECustomTheme']' in '10' second(s)

2021-10-14 17:39:39 - [MESSAGE][PASSED] - Method.TextDegerineEsitElementeTikla is PASSED

2021-10-14 17:39:39 - [MESSAGE][PASSED] - Call Test Case 'Test Cases/Filtreler/DropdownSec' successfully

2021-10-14 17:39:39 - [MESSAGE][INFO] - Checking called Test Case

2021-10-14 17:39:39 - [MESSAGE][INFO] - Starting to call Test Case 'Test Cases/Filtreler/BaslangicYaz'

2021-10-14 17:39:39 - [TEST_CASE][PASSED] - Test Cases/Filtreler/BaslangicYaz: Test Cases/Filtreler/BaslangicYaz

2021-10-14 17:39:39 - [TEST_STEP][PASSED] - Method.TextDegerineEsitElementinAltindakineTikla(findTestObject("Filtreler/Basliklar"), findTestObject("Filtreler/Basliga_Gore_Baslangic_Image"), Filtre_Adi): Method.TextDegerineEsitElementinAltindakineTikla is PASSED

2021-10-14 17:39:39 - [MESSAGE][INFO] - Finding Test Object 'Object Repository/Filtreler/Basliklar'

2021-10-14 17:39:39 - [MESSAGE][INFO] - Finding Test Object 'Object Repository/Filtreler/Basliga_Gore_Baslangic_Image'

2021-10-14 17:39:39 - [MESSAGE][INFO] - Checking timeout

2021-10-14 17:39:39 - [MESSAGE][INFO] - Finding web element with id: 'Object Repository/Filtreler/Basliklar' located by 'By.cssSelector: .control-label.col-sm-4.paddingMarginRLC' in '10' second(s)

2021-10-14 17:39:39 - [MESSAGE][INFO] - Smart Wait Function is triggered

2021-10-14 17:39:40 - [MESSAGE][INFO] - Found 5 web elements with id: 'Object Repository/Filtreler/Basliklar' located by 'By.cssSelector: .control-label.col-sm-4.paddingMarginRLC' in '10' second(s)

2021-10-14 17:39:40 - [MESSAGE][INFO] - Smart Wait Function is triggered

2021-10-14 17:39:40 - [MESSAGE][PASSED] - Method.TextDegerineEsitElementinAltindakineTikla is PASSED

2021-10-14 17:39:40 - [TEST_STEP][PASSED] - Method.TextDegerineEsitElementinAltindakiTextboxtaYaz(findTestObject("Filtreler/Basliklar"), findTestObject("Filtreler/Basliga_Gore_Baslangic"), Filtre_Adi, Filtre_Degeri): Method.TextDegerineEsitElementinAltindakiTextboxtaYaz is PASSED

2021-10-14 17:39:40 - [MESSAGE][INFO] - Finding Test Object 'Object Repository/Filtreler/Basliklar'

2021-10-14 17:39:41 - [MESSAGE][INFO] - Finding Test Object 'Object Repository/Filtreler/Basliga_Gore_Baslangic'

2021-10-14 17:39:41 - [MESSAGE][INFO] - Checking timeout

2021-10-14 17:39:41 - [MESSAGE][INFO] - Finding web element with id: 'Object Repository/Filtreler/Basliklar' located by 'By.cssSelector: .control-label.col-sm-4.paddingMarginRLC' in '10' second(s)

2021-10-14 17:39:41 - [MESSAGE][INFO] - Smart Wait Function is triggered

2021-10-14 17:39:41 - [MESSAGE][INFO] - Found 5 web elements with id: 'Object Repository/Filtreler/Basliklar' located by 'By.cssSelector: .control-label.col-sm-4.paddingMarginRLC' in '10' second(s)

2021-10-14 17:39:41 - [MESSAGE][INFO] - Smart Wait Function is triggered

2021-10-14 17:39:41 - [MESSAGE][PASSED] - Method.TextDegerineEsitElementinAltindakiTextboxtaYaz is PASSED

2021-10-14 17:39:41 - [MESSAGE][PASSED] - Call Test Case 'Test Cases/Filtreler/BaslangicYaz' successfully

2021-10-14 17:39:41 - [MESSAGE][INFO] - Checking called Test Case

2021-10-14 17:39:41 - [MESSAGE][INFO] - Starting to call Test Case 'Test Cases/Filtreler/BitisYaz'

2021-10-14 17:39:41 - [TEST_CASE][PASSED] - Test Cases/Filtreler/BitisYaz: Test Cases/Filtreler/BitisYaz

2021-10-14 17:39:41 - [TEST_STEP][PASSED] - Method.TextDegerineEsitElementinAltindakineTikla(findTestObject("Filtreler/Basliklar"), findTestObject("Filtreler/Basliga_Gore_Bitis_Image"), Filtre_Adi): Method.TextDegerineEsitElementinAltindakineTikla is PASSED

2021-10-14 17:39:41 - [MESSAGE][INFO] - Finding Test Object 'Object Repository/Filtreler/Basliklar'

2021-10-14 17:39:42 - [MESSAGE][INFO] - Finding Test Object 'Object Repository/Filtreler/Basliga_Gore_Bitis_Image'

2021-10-14 17:39:42 - [MESSAGE][INFO] - Checking timeout

2021-10-14 17:39:42 - [MESSAGE][INFO] - Finding web element with id: 'Object Repository/Filtreler/Basliklar' located by 'By.cssSelector: .control-label.col-sm-4.paddingMarginRLC' in '10' second(s)

2021-10-14 17:39:42 - [MESSAGE][INFO] - Smart Wait Function is triggered

2021-10-14 17:39:42 - [MESSAGE][INFO] - Found 5 web elements with id: 'Object Repository/Filtreler/Basliklar' located by 'By.cssSelector: .control-label.col-sm-4.paddingMarginRLC' in '10' second(s)

2021-10-14 17:39:42 - [MESSAGE][INFO] - Smart Wait Function is triggered

2021-10-14 17:39:42 - [MESSAGE][PASSED] - Method.TextDegerineEsitElementinAltindakineTikla is PASSED

2021-10-14 17:39:42 - [TEST_STEP][PASSED] - Method.TextDegerineEsitElementinAltindakiTextboxtaYaz(findTestObject("Filtreler/Basliklar"), findTestObject("Object Repository/Filtreler/Basliga_Gore_Bitis"), Filtre_Adi, Filtre_Degeri): Method.TextDegerineEsitElementinAltindakiTextboxtaYaz is PASSED

2021-10-14 17:39:42 - [MESSAGE][INFO] - Finding Test Object 'Object Repository/Filtreler/Basliklar'

2021-10-14 17:39:42 - [MESSAGE][INFO] - Finding Test Object 'Object Repository/Filtreler/Basliga_Gore_Bitis'

2021-10-14 17:39:43 - [MESSAGE][INFO] - Checking timeout

2021-10-14 17:39:43 - [MESSAGE][INFO] - Finding web element with id: 'Object Repository/Filtreler/Basliklar' located by 'By.cssSelector: .control-label.col-sm-4.paddingMarginRLC' in '10' second(s)

2021-10-14 17:39:43 - [MESSAGE][INFO] - Smart Wait Function is triggered

2021-10-14 17:39:43 - [MESSAGE][INFO] - Found 5 web elements with id: 'Object Repository/Filtreler/Basliklar' located by 'By.cssSelector: .control-label.col-sm-4.paddingMarginRLC' in '10' second(s)

2021-10-14 17:39:43 - [MESSAGE][INFO] - Smart Wait Function is triggered

2021-10-14 17:39:43 - [MESSAGE][PASSED] - Method.TextDegerineEsitElementinAltindakiTextboxtaYaz is PASSED

2021-10-14 17:39:43 - [MESSAGE][PASSED] - Call Test Case 'Test Cases/Filtreler/BitisYaz' successfully

2021-10-14 17:39:43 - [MESSAGE][INFO] - Checking called Test Case

2021-10-14 17:39:43 - [MESSAGE][INFO] - Starting to call Test Case 'Test Cases/Filtreler/ButonaTikla'

2021-10-14 17:39:43 - [TEST_CASE][PASSED] - Test Cases/Filtreler/ButonaTikla: Test Cases/Filtreler/ButonaTikla

2021-10-14 17:39:43 - [TEST_STEP][PASSED] - Method.TextDegerineEsitElementeTikla(findTestObject("Filtreler/Butonlar"), Filtre_Buton): Method.TextDegerineEsitElementeTikla is PASSED

2021-10-14 17:39:43 - [MESSAGE][INFO] - Finding Test Object 'Object Repository/Filtreler/Butonlar'

2021-10-14 17:39:44 - [MESSAGE][INFO] - Checking timeout

2021-10-14 17:39:44 - [MESSAGE][INFO] - Finding web element with id: 'Object Repository/Filtreler/Butonlar' located by 'By.cssSelector: .dxb>span' in '10' second(s)

2021-10-14 17:39:44 - [MESSAGE][INFO] - Smart Wait Function is triggered

2021-10-14 17:39:44 - [MESSAGE][INFO] - Found 3 web elements with id: 'Object Repository/Filtreler/Butonlar' located by 'By.cssSelector: .dxb>span' in '10' second(s)

2021-10-14 17:39:44 - [MESSAGE][PASSED] - Method.TextDegerineEsitElementeTikla is PASSED

2021-10-14 17:39:44 - [MESSAGE][PASSED] - Call Test Case 'Test Cases/Filtreler/ButonaTikla' successfully

2021-10-14 17:39:44 - [MESSAGE][INFO] - Checking called Test Case

2021-10-14 17:39:44 - [MESSAGE][INFO] - Starting to call Test Case 'Test Cases/Tablo/TablodaVeriVarMi'

2021-10-14 17:39:44 - [TEST_CASE][PASSED] - Test Cases/Tablo/TablodaVeriVarMi: Test Cases/Tablo/TablodaVeriVarMi

2021-10-14 17:39:44 - [TEST_STEP][PASSED] - verifyTextNotPresent("Görüntülenecek veri yok", true): Text 'Görüntülenecek veri yok' is not present on page using regular expression

2021-10-14 17:39:44 - [MESSAGE][INFO] - Checking text present  using regular expression

2021-10-14 17:39:44 - [MESSAGE][INFO] - Smart Wait Function is triggered

2021-10-14 17:39:45 - [MESSAGE][INFO] - Finding text 'Görüntülenecek veri yok' on page  using regular expression

2021-10-14 17:39:45 - [MESSAGE][PASSED] - Text 'Görüntülenecek veri yok' is not present on page using regular expression

2021-10-14 17:39:45 - [MESSAGE][PASSED] - Call Test Case 'Test Cases/Tablo/TablodaVeriVarMi' successfully

2021-10-14 17:39:45 - [MESSAGE][INFO] - Checking called Test Case

2021-10-14 17:39:45 - [MESSAGE][INFO] - Starting to call Test Case 'Test Cases/Tablo/TablodanVeriSec'

2021-10-14 17:39:45 - [TEST_CASE][PASSED] - Test Cases/Tablo/TablodanVeriSec: Test Cases/Tablo/TablodanVeriSec

2021-10-14 17:39:45 - [TEST_STEP][PASSED] - Method.TextDegerineEsitElementinAltindakineTikla(findTestObject("Tablo/Veriler"), findTestObject("Tablo/VerininCheckBoxi"), Veri_Adi): Method.TextDegerineEsitElementinAltindakineTikla is PASSED

2021-10-14 17:39:45 - [MESSAGE][INFO] - Finding Test Object 'Object Repository/Tablo/Veriler'

2021-10-14 17:39:45 - [MESSAGE][INFO] - Finding Test Object 'Object Repository/Tablo/VerininCheckBoxi'

2021-10-14 17:39:45 - [MESSAGE][INFO] - Checking timeout

2021-10-14 17:39:45 - [MESSAGE][INFO] - Finding web element with id: 'Object Repository/Tablo/Veriler' located by 'By.cssSelector: td.dxgv b ,td.dxgv' in '10' second(s)

2021-10-14 17:39:45 - [MESSAGE][INFO] - Smart Wait Function is triggered

2021-10-14 17:39:46 - [MESSAGE][INFO] - Found 120 web elements with id: 'Object Repository/Tablo/Veriler' located by 'By.cssSelector: td.dxgv b ,td.dxgv' in '10' second(s)

2021-10-14 17:39:46 - [MESSAGE][INFO] - Smart Wait Function is triggered

2021-10-14 17:39:47 - [MESSAGE][PASSED] - Method.TextDegerineEsitElementinAltindakineTikla is PASSED

2021-10-14 17:39:47 - [MESSAGE][PASSED] - Call Test Case 'Test Cases/Tablo/TablodanVeriSec' successfully

2021-10-14 17:39:47 - [MESSAGE][INFO] - Checking called Test Case

2021-10-14 17:39:47 - [MESSAGE][INFO] - Starting to call Test Case 'Test Cases/Butonlar/ButonaTikla'

2021-10-14 17:39:47 - [TEST_CASE][PASSED] - Test Cases/Butonlar/ButonaTikla: Test Cases/Butonlar/ButonaTikla

2021-10-14 17:39:47 - [TEST_STEP][PASSED] - Method.TextDegerineEsitElementeTiklaEquals(findTestObject("Butonlar/Butonlar"), Buton_Adi): Method.TextDegerineEsitElementeTiklaEquals is PASSED

2021-10-14 17:39:47 - [MESSAGE][INFO] - Finding Test Object 'Object Repository/Butonlar/Butonlar'

2021-10-14 17:39:47 - [MESSAGE][INFO] - Checking timeout

2021-10-14 17:39:47 - [MESSAGE][INFO] - Finding web element with id: 'Object Repository/Butonlar/Butonlar' located by 'By.cssSelector: .panel.panel-default.text-center.footerPanel .btn,.btn.btn-primary.btnControls' in '10' second(s)

2021-10-14 17:39:47 - [MESSAGE][INFO] - Smart Wait Function is triggered

2021-10-14 17:39:47 - [MESSAGE][INFO] - Found 6 web elements with id: 'Object Repository/Butonlar/Butonlar' located by 'By.cssSelector: .panel.panel-default.text-center.footerPanel .btn,.btn.btn-primary.btnControls' in '10' second(s)

2021-10-14 17:39:47 - [MESSAGE][PASSED] - Method.TextDegerineEsitElementeTiklaEquals is PASSED

2021-10-14 17:39:47 - [MESSAGE][PASSED] - Call Test Case 'Test Cases/Butonlar/ButonaTikla' successfully

2021-10-14 17:39:47 - [MESSAGE][INFO] - Checking called Test Case

2021-10-14 17:39:47 - [MESSAGE][INFO] - Starting to call Test Case 'Test Cases/Butonlar/AltButonaTikla'

2021-10-14 17:39:47 - [TEST_CASE][PASSED] - Test Cases/Butonlar/AltButonaTikla: Test Cases/Butonlar/AltButonaTikla

2021-10-14 17:39:47 - [TEST_STEP][PASSED] - Method.TextDegerineEsitElementeTikla(findTestObject("Butonlar/AltButonlar"), Alt_Buton): Method.TextDegerineEsitElementeTikla is PASSED

2021-10-14 17:39:47 - [MESSAGE][INFO] - Finding Test Object 'Object Repository/Butonlar/AltButonlar'

2021-10-14 17:39:48 - [MESSAGE][INFO] - Checking timeout

2021-10-14 17:39:48 - [MESSAGE][INFO] - Finding web element with id: 'Object Repository/Butonlar/AltButonlar' located by 'By.cssSelector: .btn-group.open li>a' in '10' second(s)

2021-10-14 17:39:48 - [MESSAGE][INFO] - Smart Wait Function is triggered

2021-10-14 17:39:48 - [MESSAGE][INFO] - Found 2 web elements with id: 'Object Repository/Butonlar/AltButonlar' located by 'By.cssSelector: .btn-group.open li>a' in '10' second(s)

2021-10-14 17:39:48 - [MESSAGE][PASSED] - Method.TextDegerineEsitElementeTikla is PASSED

2021-10-14 17:39:48 - [MESSAGE][PASSED] - Call Test Case 'Test Cases/Butonlar/AltButonaTikla' successfully

2021-10-14 17:39:48 - [MESSAGE][INFO] - Checking called Test Case

2021-10-14 17:39:48 - [MESSAGE][INFO] - Starting to call Test Case 'Test Cases/Popup/PopupMesajiIceriyorMu'

2021-10-14 17:39:48 - [TEST_CASE][PASSED] - Test Cases/Popup/PopupMesajiIceriyorMu: Test Cases/Popup/PopupMesajiIceriyorMu

2021-10-14 17:39:48 - [TEST_STEP][PASSED] - waitForElementVisible(findTestObject("Popup/Popup"), 10): Object 'Object Repository/Popup/Popup' is visible

2021-10-14 17:39:48 - [MESSAGE][INFO] - Finding Test Object 'Object Repository/Popup/Popup'

2021-10-14 17:39:48 - [MESSAGE][INFO] - Checking object

2021-10-14 17:39:48 - [MESSAGE][INFO] - Checking timeout

2021-10-14 17:39:48 - [MESSAGE][INFO] - Finding web element from Test Object's properties

2021-10-14 17:39:48 - [MESSAGE][INFO] - Checking timeout

2021-10-14 17:39:48 - [MESSAGE][INFO] - Finding web element with id: 'Object Repository/Popup/Popup' located by 'By.cssSelector: .bootbox-body' in '10' second(s)

2021-10-14 17:39:48 - [MESSAGE][INFO] - Smart Wait Function is triggered

2021-10-14 17:39:49 - [MESSAGE][INFO] - Found 1 web elements with id: 'Object Repository/Popup/Popup' located by 'By.cssSelector: .bootbox-body' in '10' second(s)

2021-10-14 17:39:49 - [MESSAGE][PASSED] - Object 'Object Repository/Popup/Popup' is visible

2021-10-14 17:39:49 - [TEST_STEP][PASSED] - if (!(getText(findTestObject("Popup/Popup")).contains(Mesaj))): Text of object 'Object Repository/Popup/Popup' is: 'Lütfen rapor bildiriminin gönderileceği e-posta adresini belirtiniz.
e-Posta Adresi'

2021-10-14 17:39:49 - [MESSAGE][INFO] - Finding Test Object 'Object Repository/Popup/Popup'

2021-10-14 17:39:49 - [MESSAGE][INFO] - Checking object

2021-10-14 17:39:49 - [MESSAGE][INFO] - Finding web element from Test Object's properties

2021-10-14 17:39:49 - [MESSAGE][INFO] - Checking timeout

2021-10-14 17:39:49 - [MESSAGE][INFO] - Finding web element with id: 'Object Repository/Popup/Popup' located by 'By.cssSelector: .bootbox-body' in '30' second(s)

2021-10-14 17:39:49 - [MESSAGE][INFO] - Smart Wait Function is triggered

2021-10-14 17:39:49 - [MESSAGE][INFO] - Found 1 web elements with id: 'Object Repository/Popup/Popup' located by 'By.cssSelector: .bootbox-body' in '30' second(s)

2021-10-14 17:39:49 - [MESSAGE][INFO] - Getting text of object 'Object Repository/Popup/Popup'

2021-10-14 17:39:49 - [MESSAGE][PASSED] - Text of object 'Object Repository/Popup/Popup' is: 'Lütfen rapor bildiriminin gönderileceği e-posta adresini belirtiniz.
e-Posta Adresi'

2021-10-14 17:39:49 - [TEST_STEP][PASSED] - RaporNo = getText(findTestObject("Popup/Popup")).substring(0, 6): Text of object 'Object Repository/Popup/Popup' is: 'Lütfen rapor bildiriminin gönderileceği e-posta adresini belirtiniz.
e-Posta Adresi'

2021-10-14 17:39:49 - [MESSAGE][INFO] - Finding Test Object 'Object Repository/Popup/Popup'

2021-10-14 17:39:50 - [MESSAGE][INFO] - Checking object

2021-10-14 17:39:50 - [MESSAGE][INFO] - Finding web element from Test Object's properties

2021-10-14 17:39:50 - [MESSAGE][INFO] - Checking timeout

2021-10-14 17:39:50 - [MESSAGE][INFO] - Finding web element with id: 'Object Repository/Popup/Popup' located by 'By.cssSelector: .bootbox-body' in '30' second(s)

2021-10-14 17:39:50 - [MESSAGE][INFO] - Smart Wait Function is triggered

2021-10-14 17:39:50 - [MESSAGE][INFO] - Found 1 web elements with id: 'Object Repository/Popup/Popup' located by 'By.cssSelector: .bootbox-body' in '30' second(s)

2021-10-14 17:39:50 - [MESSAGE][INFO] - Getting text of object 'Object Repository/Popup/Popup'

2021-10-14 17:39:50 - [MESSAGE][PASSED] - Text of object 'Object Repository/Popup/Popup' is: 'Lütfen rapor bildiriminin gönderileceği e-posta adresini belirtiniz.
e-Posta Adresi'

2021-10-14 17:39:50 - [TEST_STEP][PASSED] - Console.println(RaporNo): null

2021-10-14 17:39:50 - [MESSAGE][PASSED] - Call Test Case 'Test Cases/Popup/PopupMesajiIceriyorMu' successfully

2021-10-14 17:39:50 - [MESSAGE][INFO] - Checking called Test Case

2021-10-14 17:39:50 - [MESSAGE][INFO] - Starting to call Test Case 'Test Cases/Popup/PopupButonSecilir'

2021-10-14 17:39:50 - [TEST_CASE][PASSED] - Test Cases/Popup/PopupButonSecilir: Test Cases/Popup/PopupButonSecilir

2021-10-14 17:39:50 - [TEST_STEP][PASSED] - Method.TextDegerineEsitElementeTikla(findTestObject("Popup/Popup_Butons"), Buton): Method.TextDegerineEsitElementeTikla is PASSED

2021-10-14 17:39:50 - [MESSAGE][INFO] - Finding Test Object 'Object Repository/Popup/Popup_Butons'

2021-10-14 17:39:50 - [MESSAGE][INFO] - Checking timeout

2021-10-14 17:39:50 - [MESSAGE][INFO] - Finding web element with id: 'Object Repository/Popup/Popup_Butons' located by 'By.cssSelector: .modal-footer>button' in '10' second(s)

2021-10-14 17:39:50 - [MESSAGE][INFO] - Smart Wait Function is triggered

2021-10-14 17:39:50 - [MESSAGE][INFO] - Found 2 web elements with id: 'Object Repository/Popup/Popup_Butons' located by 'By.cssSelector: .modal-footer>button' in '10' second(s)

2021-10-14 17:39:50 - [MESSAGE][PASSED] - Method.TextDegerineEsitElementeTikla is PASSED

2021-10-14 17:39:50 - [MESSAGE][PASSED] - Call Test Case 'Test Cases/Popup/PopupButonSecilir' successfully

2021-10-14 17:39:50 - [MESSAGE][INFO] - Checking called Test Case

2021-10-14 17:39:50 - [MESSAGE][INFO] - Starting to call Test Case 'Test Cases/Popup/PopupMesajiIceriyorMu'

2021-10-14 17:39:50 - [TEST_CASE][PASSED] - Test Cases/Popup/PopupMesajiIceriyorMu: Test Cases/Popup/PopupMesajiIceriyorMu

2021-10-14 17:39:50 - [TEST_STEP][PASSED] - waitForElementVisible(findTestObject("Popup/Popup"), 10): Object 'Object Repository/Popup/Popup' is visible

2021-10-14 17:39:50 - [MESSAGE][INFO] - Finding Test Object 'Object Repository/Popup/Popup'

2021-10-14 17:39:51 - [MESSAGE][INFO] - Checking object

2021-10-14 17:39:51 - [MESSAGE][INFO] - Checking timeout

2021-10-14 17:39:51 - [MESSAGE][INFO] - Finding web element from Test Object's properties

2021-10-14 17:39:51 - [MESSAGE][INFO] - Checking timeout

2021-10-14 17:39:51 - [MESSAGE][INFO] - Finding web element with id: 'Object Repository/Popup/Popup' located by 'By.cssSelector: .bootbox-body' in '10' second(s)

2021-10-14 17:39:51 - [MESSAGE][INFO] - Smart Wait Function is triggered

2021-10-14 17:39:51 - [MESSAGE][INFO] - Found 1 web elements with id: 'Object Repository/Popup/Popup' located by 'By.cssSelector: .bootbox-body' in '10' second(s)

2021-10-14 17:39:51 - [MESSAGE][PASSED] - Object 'Object Repository/Popup/Popup' is visible

2021-10-14 17:39:51 - [TEST_STEP][PASSED] - if (!(getText(findTestObject("Popup/Popup")).contains(Mesaj))): Text of object 'Object Repository/Popup/Popup' is: '14625 no’lu talebiniz işleme alınmıştır. Raporunuz hazırlandığında (elogotest@gmail.com) adresinize mail gönderilecektir.
Rapor durumunuzu Raporlar > Toplu Veri İndirme ekranından takip edebilir, hazırlandı durumundaki raporlarınızı ilgili menüden indirebilirsiniz.'

2021-10-14 17:39:51 - [MESSAGE][INFO] - Finding Test Object 'Object Repository/Popup/Popup'

2021-10-14 17:39:51 - [MESSAGE][INFO] - Checking object

2021-10-14 17:39:51 - [MESSAGE][INFO] - Finding web element from Test Object's properties

2021-10-14 17:39:51 - [MESSAGE][INFO] - Checking timeout

2021-10-14 17:39:51 - [MESSAGE][INFO] - Finding web element with id: 'Object Repository/Popup/Popup' located by 'By.cssSelector: .bootbox-body' in '30' second(s)

2021-10-14 17:39:51 - [MESSAGE][INFO] - Smart Wait Function is triggered

2021-10-14 17:39:51 - [MESSAGE][INFO] - Found 1 web elements with id: 'Object Repository/Popup/Popup' located by 'By.cssSelector: .bootbox-body' in '30' second(s)

2021-10-14 17:39:51 - [MESSAGE][INFO] - Getting text of object 'Object Repository/Popup/Popup'

2021-10-14 17:39:51 - [MESSAGE][PASSED] - Text of object 'Object Repository/Popup/Popup' is: '14625 no’lu talebiniz işleme alınmıştır. Raporunuz hazırlandığında (elogotest@gmail.com) adresinize mail gönderilecektir.
Rapor durumunuzu Raporlar > Toplu Veri İndirme ekranından takip edebilir, hazırlandı durumundaki raporlarınızı ilgili menüden indirebilirsiniz.'

2021-10-14 17:39:51 - [TEST_STEP][PASSED] - RaporNo = getText(findTestObject("Popup/Popup")).substring(0, 6): Text of object 'Object Repository/Popup/Popup' is: '14625 no’lu talebiniz işleme alınmıştır. Raporunuz hazırlandığında (elogotest@gmail.com) adresinize mail gönderilecektir.
Rapor durumunuzu Raporlar > Toplu Veri İndirme ekranından takip edebilir, hazırlandı durumundaki raporlarınızı ilgili menüden indirebilirsiniz.'

2021-10-14 17:39:51 - [MESSAGE][INFO] - Finding Test Object 'Object Repository/Popup/Popup'

2021-10-14 17:39:52 - [MESSAGE][INFO] - Checking object

2021-10-14 17:39:52 - [MESSAGE][INFO] - Finding web element from Test Object's properties

2021-10-14 17:39:52 - [MESSAGE][INFO] - Checking timeout

2021-10-14 17:39:52 - [MESSAGE][INFO] - Finding web element with id: 'Object Repository/Popup/Popup' located by 'By.cssSelector: .bootbox-body' in '30' second(s)

2021-10-14 17:39:52 - [MESSAGE][INFO] - Smart Wait Function is triggered

2021-10-14 17:39:52 - [MESSAGE][INFO] - Found 1 web elements with id: 'Object Repository/Popup/Popup' located by 'By.cssSelector: .bootbox-body' in '30' second(s)

2021-10-14 17:39:52 - [MESSAGE][INFO] - Getting text of object 'Object Repository/Popup/Popup'

2021-10-14 17:39:52 - [MESSAGE][PASSED] - Text of object 'Object Repository/Popup/Popup' is: '14625 no’lu talebiniz işleme alınmıştır. Raporunuz hazırlandığında (elogotest@gmail.com) adresinize mail gönderilecektir.
Rapor durumunuzu Raporlar > Toplu Veri İndirme ekranından takip edebilir, hazırlandı durumundaki raporlarınızı ilgili menüden indirebilirsiniz.'

2021-10-14 17:39:52 - [TEST_STEP][PASSED] - Console.println(RaporNo): null

2021-10-14 17:39:52 - [MESSAGE][PASSED] - Call Test Case 'Test Cases/Popup/PopupMesajiIceriyorMu' successfully

2021-10-14 17:39:52 - [MESSAGE][INFO] - Checking called Test Case

2021-10-14 17:39:52 - [MESSAGE][INFO] - Starting to call Test Case 'Test Cases/Popup/PopupButonSecilir'

2021-10-14 17:39:52 - [TEST_CASE][PASSED] - Test Cases/Popup/PopupButonSecilir: Test Cases/Popup/PopupButonSecilir

2021-10-14 17:39:52 - [TEST_STEP][PASSED] - Method.TextDegerineEsitElementeTikla(findTestObject("Popup/Popup_Butons"), Buton): Method.TextDegerineEsitElementeTikla is PASSED

2021-10-14 17:39:52 - [MESSAGE][INFO] - Finding Test Object 'Object Repository/Popup/Popup_Butons'

2021-10-14 17:39:52 - [MESSAGE][INFO] - Checking timeout

2021-10-14 17:39:52 - [MESSAGE][INFO] - Finding web element with id: 'Object Repository/Popup/Popup_Butons' located by 'By.cssSelector: .modal-footer>button' in '10' second(s)

2021-10-14 17:39:52 - [MESSAGE][INFO] - Smart Wait Function is triggered

2021-10-14 17:39:52 - [MESSAGE][INFO] - Found 1 web elements with id: 'Object Repository/Popup/Popup_Butons' located by 'By.cssSelector: .modal-footer>button' in '10' second(s)

2021-10-14 17:39:52 - [MESSAGE][PASSED] - Method.TextDegerineEsitElementeTikla is PASSED

2021-10-14 17:39:52 - [MESSAGE][PASSED] - Call Test Case 'Test Cases/Popup/PopupButonSecilir' successfully

2021-10-14 17:39:52 - [MESSAGE][INFO] - Checking called Test Case

2021-10-14 17:39:52 - [MESSAGE][INFO] - Starting to call Test Case 'Test Cases/Butonlar/ButonaTikla'

2021-10-14 17:39:52 - [TEST_CASE][PASSED] - Test Cases/Butonlar/ButonaTikla: Test Cases/Butonlar/ButonaTikla

2021-10-14 17:39:52 - [TEST_STEP][PASSED] - Method.TextDegerineEsitElementeTiklaEquals(findTestObject("Butonlar/Butonlar"), Buton_Adi): Method.TextDegerineEsitElementeTiklaEquals is PASSED

2021-10-14 17:39:52 - [MESSAGE][INFO] - Finding Test Object 'Object Repository/Butonlar/Butonlar'

2021-10-14 17:39:53 - [MESSAGE][INFO] - Checking timeout

2021-10-14 17:39:53 - [MESSAGE][INFO] - Finding web element with id: 'Object Repository/Butonlar/Butonlar' located by 'By.cssSelector: .panel.panel-default.text-center.footerPanel .btn,.btn.btn-primary.btnControls' in '10' second(s)

2021-10-14 17:39:53 - [MESSAGE][INFO] - Smart Wait Function is triggered

2021-10-14 17:39:53 - [MESSAGE][INFO] - Found 6 web elements with id: 'Object Repository/Butonlar/Butonlar' located by 'By.cssSelector: .panel.panel-default.text-center.footerPanel .btn,.btn.btn-primary.btnControls' in '10' second(s)

2021-10-14 17:39:53 - [MESSAGE][PASSED] - Method.TextDegerineEsitElementeTiklaEquals is PASSED

2021-10-14 17:39:53 - [MESSAGE][PASSED] - Call Test Case 'Test Cases/Butonlar/ButonaTikla' successfully

2021-10-14 17:39:53 - [MESSAGE][INFO] - Checking called Test Case

2021-10-14 17:39:53 - [MESSAGE][INFO] - Starting to call Test Case 'Test Cases/Butonlar/AltButonaTikla'

2021-10-14 17:39:53 - [TEST_CASE][PASSED] - Test Cases/Butonlar/AltButonaTikla: Test Cases/Butonlar/AltButonaTikla

2021-10-14 17:39:53 - [TEST_STEP][PASSED] - Method.TextDegerineEsitElementeTikla(findTestObject("Butonlar/AltButonlar"), Alt_Buton): Method.TextDegerineEsitElementeTikla is PASSED

2021-10-14 17:39:53 - [MESSAGE][INFO] - Finding Test Object 'Object Repository/Butonlar/AltButonlar'

2021-10-14 17:39:53 - [MESSAGE][INFO] - Checking timeout

2021-10-14 17:39:53 - [MESSAGE][INFO] - Finding web element with id: 'Object Repository/Butonlar/AltButonlar' located by 'By.cssSelector: .btn-group.open li>a' in '10' second(s)

2021-10-14 17:39:53 - [MESSAGE][INFO] - Smart Wait Function is triggered

2021-10-14 17:39:54 - [MESSAGE][INFO] - Found 2 web elements with id: 'Object Repository/Butonlar/AltButonlar' located by 'By.cssSelector: .btn-group.open li>a' in '10' second(s)

2021-10-14 17:39:54 - [MESSAGE][PASSED] - Method.TextDegerineEsitElementeTikla is PASSED

2021-10-14 17:39:54 - [MESSAGE][PASSED] - Call Test Case 'Test Cases/Butonlar/AltButonaTikla' successfully

2021-10-14 17:39:54 - [MESSAGE][INFO] - Checking called Test Case

2021-10-14 17:39:54 - [MESSAGE][INFO] - Starting to call Test Case 'Test Cases/Popup/PopupMesajiIceriyorMu'

2021-10-14 17:39:54 - [TEST_CASE][PASSED] - Test Cases/Popup/PopupMesajiIceriyorMu: Test Cases/Popup/PopupMesajiIceriyorMu

2021-10-14 17:39:54 - [TEST_STEP][PASSED] - waitForElementVisible(findTestObject("Popup/Popup"), 10): Object 'Object Repository/Popup/Popup' is visible

2021-10-14 17:39:54 - [MESSAGE][INFO] - Finding Test Object 'Object Repository/Popup/Popup'

2021-10-14 17:39:54 - [MESSAGE][INFO] - Checking object

2021-10-14 17:39:54 - [MESSAGE][INFO] - Checking timeout

2021-10-14 17:39:54 - [MESSAGE][INFO] - Finding web element from Test Object's properties

2021-10-14 17:39:54 - [MESSAGE][INFO] - Checking timeout

2021-10-14 17:39:54 - [MESSAGE][INFO] - Finding web element with id: 'Object Repository/Popup/Popup' located by 'By.cssSelector: .bootbox-body' in '10' second(s)

2021-10-14 17:39:54 - [MESSAGE][INFO] - Smart Wait Function is triggered

2021-10-14 17:39:54 - [MESSAGE][INFO] - Found 1 web elements with id: 'Object Repository/Popup/Popup' located by 'By.cssSelector: .bootbox-body' in '10' second(s)

2021-10-14 17:39:54 - [MESSAGE][PASSED] - Object 'Object Repository/Popup/Popup' is visible

2021-10-14 17:39:54 - [TEST_STEP][PASSED] - if (!(getText(findTestObject("Popup/Popup")).contains(Mesaj))): Text of object 'Object Repository/Popup/Popup' is: 'Lütfen rapor bildiriminin gönderileceği e-posta adresini belirtiniz.
e-Posta Adresi'

2021-10-14 17:39:54 - [MESSAGE][INFO] - Finding Test Object 'Object Repository/Popup/Popup'

2021-10-14 17:39:54 - [MESSAGE][INFO] - Checking object

2021-10-14 17:39:54 - [MESSAGE][INFO] - Finding web element from Test Object's properties

2021-10-14 17:39:54 - [MESSAGE][INFO] - Checking timeout

2021-10-14 17:39:54 - [MESSAGE][INFO] - Finding web element with id: 'Object Repository/Popup/Popup' located by 'By.cssSelector: .bootbox-body' in '30' second(s)

2021-10-14 17:39:54 - [MESSAGE][INFO] - Smart Wait Function is triggered

2021-10-14 17:39:55 - [MESSAGE][INFO] - Found 1 web elements with id: 'Object Repository/Popup/Popup' located by 'By.cssSelector: .bootbox-body' in '30' second(s)

2021-10-14 17:39:55 - [MESSAGE][INFO] - Getting text of object 'Object Repository/Popup/Popup'

2021-10-14 17:39:55 - [MESSAGE][PASSED] - Text of object 'Object Repository/Popup/Popup' is: 'Lütfen rapor bildiriminin gönderileceği e-posta adresini belirtiniz.
e-Posta Adresi'

2021-10-14 17:39:55 - [TEST_STEP][PASSED] - RaporNo = getText(findTestObject("Popup/Popup")).substring(0, 6): Text of object 'Object Repository/Popup/Popup' is: 'Lütfen rapor bildiriminin gönderileceği e-posta adresini belirtiniz.
e-Posta Adresi'

2021-10-14 17:39:55 - [MESSAGE][INFO] - Finding Test Object 'Object Repository/Popup/Popup'

2021-10-14 17:39:55 - [MESSAGE][INFO] - Checking object

2021-10-14 17:39:55 - [MESSAGE][INFO] - Finding web element from Test Object's properties

2021-10-14 17:39:55 - [MESSAGE][INFO] - Checking timeout

2021-10-14 17:39:55 - [MESSAGE][INFO] - Finding web element with id: 'Object Repository/Popup/Popup' located by 'By.cssSelector: .bootbox-body' in '30' second(s)

2021-10-14 17:39:55 - [MESSAGE][INFO] - Smart Wait Function is triggered

2021-10-14 17:39:55 - [MESSAGE][INFO] - Found 1 web elements with id: 'Object Repository/Popup/Popup' located by 'By.cssSelector: .bootbox-body' in '30' second(s)

2021-10-14 17:39:55 - [MESSAGE][INFO] - Getting text of object 'Object Repository/Popup/Popup'

2021-10-14 17:39:55 - [MESSAGE][PASSED] - Text of object 'Object Repository/Popup/Popup' is: 'Lütfen rapor bildiriminin gönderileceği e-posta adresini belirtiniz.
e-Posta Adresi'

2021-10-14 17:39:55 - [TEST_STEP][PASSED] - Console.println(RaporNo): null

2021-10-14 17:39:55 - [MESSAGE][PASSED] - Call Test Case 'Test Cases/Popup/PopupMesajiIceriyorMu' successfully

2021-10-14 17:39:55 - [MESSAGE][INFO] - Checking called Test Case

2021-10-14 17:39:55 - [MESSAGE][INFO] - Starting to call Test Case 'Test Cases/Popup/PopupButonSecilir'

2021-10-14 17:39:55 - [TEST_CASE][PASSED] - Test Cases/Popup/PopupButonSecilir: Test Cases/Popup/PopupButonSecilir

2021-10-14 17:39:55 - [TEST_STEP][PASSED] - Method.TextDegerineEsitElementeTikla(findTestObject("Popup/Popup_Butons"), Buton): Method.TextDegerineEsitElementeTikla is PASSED

2021-10-14 17:39:55 - [MESSAGE][INFO] - Finding Test Object 'Object Repository/Popup/Popup_Butons'

2021-10-14 17:39:55 - [MESSAGE][INFO] - Checking timeout

2021-10-14 17:39:55 - [MESSAGE][INFO] - Finding web element with id: 'Object Repository/Popup/Popup_Butons' located by 'By.cssSelector: .modal-footer>button' in '10' second(s)

2021-10-14 17:39:55 - [MESSAGE][INFO] - Smart Wait Function is triggered

2021-10-14 17:39:56 - [MESSAGE][INFO] - Found 2 web elements with id: 'Object Repository/Popup/Popup_Butons' located by 'By.cssSelector: .modal-footer>button' in '10' second(s)

2021-10-14 17:39:56 - [MESSAGE][PASSED] - Method.TextDegerineEsitElementeTikla is PASSED

2021-10-14 17:39:56 - [MESSAGE][PASSED] - Call Test Case 'Test Cases/Popup/PopupButonSecilir' successfully

2021-10-14 17:39:56 - [MESSAGE][INFO] - Checking called Test Case

2021-10-14 17:39:56 - [MESSAGE][INFO] - Starting to call Test Case 'Test Cases/Popup/PopupMesajiIceriyorMu'

2021-10-14 17:39:56 - [TEST_CASE][PASSED] - Test Cases/Popup/PopupMesajiIceriyorMu: Test Cases/Popup/PopupMesajiIceriyorMu

2021-10-14 17:39:56 - [TEST_STEP][PASSED] - waitForElementVisible(findTestObject("Popup/Popup"), 10): Object 'Object Repository/Popup/Popup' is visible

2021-10-14 17:39:56 - [MESSAGE][INFO] - Finding Test Object 'Object Repository/Popup/Popup'

2021-10-14 17:39:56 - [MESSAGE][INFO] - Checking object

2021-10-14 17:39:56 - [MESSAGE][INFO] - Checking timeout

2021-10-14 17:39:56 - [MESSAGE][INFO] - Finding web element from Test Object's properties

2021-10-14 17:39:56 - [MESSAGE][INFO] - Checking timeout

2021-10-14 17:39:56 - [MESSAGE][INFO] - Finding web element with id: 'Object Repository/Popup/Popup' located by 'By.cssSelector: .bootbox-body' in '10' second(s)

2021-10-14 17:39:56 - [MESSAGE][INFO] - Smart Wait Function is triggered

2021-10-14 17:39:56 - [MESSAGE][INFO] - Found 1 web elements with id: 'Object Repository/Popup/Popup' located by 'By.cssSelector: .bootbox-body' in '10' second(s)

2021-10-14 17:39:56 - [MESSAGE][PASSED] - Object 'Object Repository/Popup/Popup' is visible

2021-10-14 17:39:56 - [TEST_STEP][PASSED] - if (!(getText(findTestObject("Popup/Popup")).contains(Mesaj))): Text of object 'Object Repository/Popup/Popup' is: '14626 no’lu talebiniz işleme alınmıştır. Raporunuz hazırlandığında (elogotest@gmail.com) adresinize mail gönderilecektir.
Rapor durumunuzu Raporlar > Toplu Veri İndirme ekranından takip edebilir, hazırlandı durumundaki raporlarınızı ilgili menüden indirebilirsiniz.'

2021-10-14 17:39:56 - [MESSAGE][INFO] - Finding Test Object 'Object Repository/Popup/Popup'

2021-10-14 17:39:57 - [MESSAGE][INFO] - Checking object

2021-10-14 17:39:57 - [MESSAGE][INFO] - Finding web element from Test Object's properties

2021-10-14 17:39:57 - [MESSAGE][INFO] - Checking timeout

2021-10-14 17:39:57 - [MESSAGE][INFO] - Finding web element with id: 'Object Repository/Popup/Popup' located by 'By.cssSelector: .bootbox-body' in '30' second(s)

2021-10-14 17:39:57 - [MESSAGE][INFO] - Smart Wait Function is triggered

2021-10-14 17:39:57 - [MESSAGE][INFO] - Found 1 web elements with id: 'Object Repository/Popup/Popup' located by 'By.cssSelector: .bootbox-body' in '30' second(s)

2021-10-14 17:39:57 - [MESSAGE][INFO] - Getting text of object 'Object Repository/Popup/Popup'

2021-10-14 17:39:57 - [MESSAGE][PASSED] - Text of object 'Object Repository/Popup/Popup' is: '14626 no’lu talebiniz işleme alınmıştır. Raporunuz hazırlandığında (elogotest@gmail.com) adresinize mail gönderilecektir.
Rapor durumunuzu Raporlar > Toplu Veri İndirme ekranından takip edebilir, hazırlandı durumundaki raporlarınızı ilgili menüden indirebilirsiniz.'

2021-10-14 17:39:57 - [TEST_STEP][PASSED] - RaporNo = getText(findTestObject("Popup/Popup")).substring(0, 6): Text of object 'Object Repository/Popup/Popup' is: '14626 no’lu talebiniz işleme alınmıştır. Raporunuz hazırlandığında (elogotest@gmail.com) adresinize mail gönderilecektir.
Rapor durumunuzu Raporlar > Toplu Veri İndirme ekranından takip edebilir, hazırlandı durumundaki raporlarınızı ilgili menüden indirebilirsiniz.'

2021-10-14 17:39:57 - [MESSAGE][INFO] - Finding Test Object 'Object Repository/Popup/Popup'

2021-10-14 17:39:57 - [MESSAGE][INFO] - Checking object

2021-10-14 17:39:57 - [MESSAGE][INFO] - Finding web element from Test Object's properties

2021-10-14 17:39:57 - [MESSAGE][INFO] - Checking timeout

2021-10-14 17:39:57 - [MESSAGE][INFO] - Finding web element with id: 'Object Repository/Popup/Popup' located by 'By.cssSelector: .bootbox-body' in '30' second(s)

2021-10-14 17:39:57 - [MESSAGE][INFO] - Smart Wait Function is triggered

2021-10-14 17:39:57 - [MESSAGE][INFO] - Found 1 web elements with id: 'Object Repository/Popup/Popup' located by 'By.cssSelector: .bootbox-body' in '30' second(s)

2021-10-14 17:39:57 - [MESSAGE][INFO] - Getting text of object 'Object Repository/Popup/Popup'

2021-10-14 17:39:57 - [MESSAGE][PASSED] - Text of object 'Object Repository/Popup/Popup' is: '14626 no’lu talebiniz işleme alınmıştır. Raporunuz hazırlandığında (elogotest@gmail.com) adresinize mail gönderilecektir.
Rapor durumunuzu Raporlar > Toplu Veri İndirme ekranından takip edebilir, hazırlandı durumundaki raporlarınızı ilgili menüden indirebilirsiniz.'

2021-10-14 17:39:57 - [TEST_STEP][PASSED] - Console.println(RaporNo): null

2021-10-14 17:39:57 - [MESSAGE][PASSED] - Call Test Case 'Test Cases/Popup/PopupMesajiIceriyorMu' successfully

2021-10-14 17:39:57 - [MESSAGE][INFO] - Checking called Test Case

2021-10-14 17:39:57 - [MESSAGE][INFO] - Starting to call Test Case 'Test Cases/Popup/PopupButonSecilir'

2021-10-14 17:39:57 - [TEST_CASE][PASSED] - Test Cases/Popup/PopupButonSecilir: Test Cases/Popup/PopupButonSecilir

2021-10-14 17:39:57 - [TEST_STEP][PASSED] - Method.TextDegerineEsitElementeTikla(findTestObject("Popup/Popup_Butons"), Buton): Method.TextDegerineEsitElementeTikla is PASSED

2021-10-14 17:39:57 - [MESSAGE][INFO] - Finding Test Object 'Object Repository/Popup/Popup_Butons'

2021-10-14 17:39:58 - [MESSAGE][INFO] - Checking timeout

2021-10-14 17:39:58 - [MESSAGE][INFO] - Finding web element with id: 'Object Repository/Popup/Popup_Butons' located by 'By.cssSelector: .modal-footer>button' in '10' second(s)

2021-10-14 17:39:58 - [MESSAGE][INFO] - Smart Wait Function is triggered

2021-10-14 17:39:58 - [MESSAGE][INFO] - Found 1 web elements with id: 'Object Repository/Popup/Popup_Butons' located by 'By.cssSelector: .modal-footer>button' in '10' second(s)

2021-10-14 17:39:58 - [MESSAGE][PASSED] - Method.TextDegerineEsitElementeTikla is PASSED

2021-10-14 17:39:58 - [MESSAGE][PASSED] - Call Test Case 'Test Cases/Popup/PopupButonSecilir' successfully

2021-10-14 17:39:58 - [MESSAGE][INFO] - Checking called Test Case

2021-10-14 17:39:58 - [MESSAGE][INFO] - Starting to call Test Case 'Test Cases/Menu/AnaMenuSecimi'

2021-10-14 17:39:58 - [TEST_CASE][PASSED] - Test Cases/Menu/AnaMenuSecimi: Test Cases/Menu/AnaMenuSecimi

2021-10-14 17:39:58 - [TEST_STEP][PASSED] - Method.TextDegerineEsitElementeTikla(findTestObject("Menu/Ana_Menu"), Ana_Menu): Method.TextDegerineEsitElementeTikla is PASSED

2021-10-14 17:39:58 - [MESSAGE][INFO] - Finding Test Object 'Object Repository/Menu/Ana_Menu'

2021-10-14 17:39:58 - [MESSAGE][INFO] - Checking timeout

2021-10-14 17:39:58 - [MESSAGE][INFO] - Finding web element with id: 'Object Repository/Menu/Ana_Menu' located by 'By.xpath: //*[@class = 'dropdown-toggle']' in '10' second(s)

2021-10-14 17:39:58 - [MESSAGE][INFO] - Smart Wait Function is triggered

2021-10-14 17:39:59 - [MESSAGE][INFO] - Found 14 web elements with id: 'Object Repository/Menu/Ana_Menu' located by 'By.xpath: //*[@class = 'dropdown-toggle']' in '10' second(s)

2021-10-14 17:39:59 - [MESSAGE][PASSED] - Method.TextDegerineEsitElementeTikla is PASSED

2021-10-14 17:39:59 - [MESSAGE][PASSED] - Call Test Case 'Test Cases/Menu/AnaMenuSecimi' successfully

2021-10-14 17:39:59 - [MESSAGE][INFO] - Checking called Test Case

2021-10-14 17:39:59 - [MESSAGE][INFO] - Starting to call Test Case 'Test Cases/Menu/AltMenuSecimi'

2021-10-14 17:39:59 - [TEST_CASE][PASSED] - Test Cases/Menu/AltMenuSecimi: Test Cases/Menu/AltMenuSecimi

2021-10-14 17:39:59 - [TEST_STEP][PASSED] - Method.TextDegerineEsitElementeTikla(findTestObject("Menu/Alt_Menu"), Alt_Menu): Method.TextDegerineEsitElementeTikla is PASSED

2021-10-14 17:39:59 - [MESSAGE][INFO] - Finding Test Object 'Object Repository/Menu/Alt_Menu'

2021-10-14 17:39:59 - [MESSAGE][INFO] - Checking timeout

2021-10-14 17:39:59 - [MESSAGE][INFO] - Finding web element with id: 'Object Repository/Menu/Alt_Menu' located by 'By.xpath: //li[@class='dropdown dropdown-large open']//li[@class='dropdown-element']' in '10' second(s)

2021-10-14 17:39:59 - [MESSAGE][INFO] - Smart Wait Function is triggered

2021-10-14 17:39:59 - [MESSAGE][INFO] - Found 9 web elements with id: 'Object Repository/Menu/Alt_Menu' located by 'By.xpath: //li[@class='dropdown dropdown-large open']//li[@class='dropdown-element']' in '10' second(s)

2021-10-14 17:40:00 - [MESSAGE][PASSED] - Method.TextDegerineEsitElementeTikla is PASSED

2021-10-14 17:40:00 - [MESSAGE][PASSED] - Call Test Case 'Test Cases/Menu/AltMenuSecimi' successfully

2021-10-14 17:40:00 - [MESSAGE][INFO] - Checking called Test Case

2021-10-14 17:40:00 - [MESSAGE][INFO] - Starting to call Test Case 'Test Cases/Filtreler/RaporNoYaz'

2021-10-14 17:40:00 - [TEST_CASE][PASSED] - Test Cases/Filtreler/RaporNoYaz: Test Cases/Filtreler/RaporNoYaz

2021-10-14 17:40:00 - [TEST_STEP][PASSED] - Method.TextDegerineEsitElementinAltindakiTextboxtaYaz(findTestObject("Filtreler/Basliklar"), findTestObject("Filtreler/Basliga_Gore_Textbox"), "Talep No", RaporNo): Method.TextDegerineEsitElementinAltindakiTextboxtaYaz is PASSED

2021-10-14 17:40:00 - [MESSAGE][INFO] - Finding Test Object 'Object Repository/Filtreler/Basliklar'

2021-10-14 17:40:01 - [MESSAGE][INFO] - Finding Test Object 'Object Repository/Filtreler/Basliga_Gore_Textbox'

2021-10-14 17:40:01 - [MESSAGE][INFO] - Checking timeout

2021-10-14 17:40:01 - [MESSAGE][INFO] - Finding web element with id: 'Object Repository/Filtreler/Basliklar' located by 'By.cssSelector: .control-label.col-sm-4.paddingMarginRLC' in '10' second(s)

2021-10-14 17:40:01 - [MESSAGE][INFO] - Smart Wait Function is triggered

2021-10-14 17:40:01 - [MESSAGE][INFO] - Found 8 web elements with id: 'Object Repository/Filtreler/Basliklar' located by 'By.cssSelector: .control-label.col-sm-4.paddingMarginRLC' in '10' second(s)

2021-10-14 17:40:01 - [MESSAGE][INFO] - Smart Wait Function is triggered

2021-10-14 17:40:01 - [MESSAGE][PASSED] - Method.TextDegerineEsitElementinAltindakiTextboxtaYaz is PASSED

2021-10-14 17:40:01 - [MESSAGE][PASSED] - Call Test Case 'Test Cases/Filtreler/RaporNoYaz' successfully

2021-10-14 17:40:01 - [MESSAGE][INFO] - Checking called Test Case

2021-10-14 17:40:01 - [MESSAGE][INFO] - Starting to call Test Case 'Test Cases/Filtreler/ButonaTikla'

2021-10-14 17:40:01 - [TEST_CASE][PASSED] - Test Cases/Filtreler/ButonaTikla: Test Cases/Filtreler/ButonaTikla

2021-10-14 17:40:01 - [TEST_STEP][PASSED] - Method.TextDegerineEsitElementeTikla(findTestObject("Filtreler/Butonlar"), Filtre_Buton): Method.TextDegerineEsitElementeTikla is PASSED

2021-10-14 17:40:01 - [MESSAGE][INFO] - Finding Test Object 'Object Repository/Filtreler/Butonlar'

2021-10-14 17:40:02 - [MESSAGE][INFO] - Checking timeout

2021-10-14 17:40:02 - [MESSAGE][INFO] - Finding web element with id: 'Object Repository/Filtreler/Butonlar' located by 'By.cssSelector: .dxb>span' in '10' second(s)

2021-10-14 17:40:02 - [MESSAGE][INFO] - Smart Wait Function is triggered

2021-10-14 17:40:02 - [MESSAGE][INFO] - Found 2 web elements with id: 'Object Repository/Filtreler/Butonlar' located by 'By.cssSelector: .dxb>span' in '10' second(s)

2021-10-14 17:40:02 - [MESSAGE][PASSED] - Method.TextDegerineEsitElementeTikla is PASSED

2021-10-14 17:40:02 - [MESSAGE][PASSED] - Call Test Case 'Test Cases/Filtreler/ButonaTikla' successfully

2021-10-14 17:40:02 - [MESSAGE][INFO] - Checking called Test Case

2021-10-14 17:40:02 - [MESSAGE][INFO] - Starting to call Test Case 'Test Cases/Tablo/TablodaVeriVarMi'

2021-10-14 17:40:02 - [TEST_CASE][PASSED] - Test Cases/Tablo/TablodaVeriVarMi: Test Cases/Tablo/TablodaVeriVarMi

2021-10-14 17:40:02 - [TEST_STEP][PASSED] - verifyTextNotPresent("Görüntülenecek veri yok", true): Text 'Görüntülenecek veri yok' is not present on page using regular expression

2021-10-14 17:40:02 - [MESSAGE][INFO] - Checking text present  using regular expression

2021-10-14 17:40:02 - [MESSAGE][INFO] - Smart Wait Function is triggered

2021-10-14 17:40:07 - [MESSAGE][INFO] - Finding text 'Görüntülenecek veri yok' on page  using regular expression

2021-10-14 17:40:07 - [MESSAGE][PASSED] - Text 'Görüntülenecek veri yok' is not present on page using regular expression

2021-10-14 17:40:07 - [MESSAGE][PASSED] - Call Test Case 'Test Cases/Tablo/TablodaVeriVarMi' successfully

2021-10-14 17:40:07 - [MESSAGE][INFO] - Checking called Test Case

2021-10-14 17:40:07 - [MESSAGE][INFO] - Starting to call Test Case 'Test Cases/Kullanici_Islemleri/KullaniciIslemlerindenSecimYapilir'

2021-10-14 17:40:07 - [TEST_CASE][PASSED] - Test Cases/Kullanici_Islemleri/KullaniciIslemlerindenSecimYapilir: Test Cases/Kullanici_Islemleri/KullaniciIslemlerindenSecimYapilir

2021-10-14 17:40:07 - [TEST_STEP][PASSED] - waitForElementClickable(findTestObject("Object Repository/Kullanici_Islemleri/KullaniciIslemleri"), 10): Object 'Object Repository/Kullanici_Islemleri/KullaniciIslemleri' is clickable

2021-10-14 17:40:07 - [MESSAGE][INFO] - Finding Test Object 'Object Repository/Kullanici_Islemleri/KullaniciIslemleri'

2021-10-14 17:40:07 - [MESSAGE][INFO] - Checking object

2021-10-14 17:40:07 - [MESSAGE][INFO] - Checking timeout

2021-10-14 17:40:07 - [MESSAGE][INFO] - Finding web element from Test Object's properties

2021-10-14 17:40:07 - [MESSAGE][INFO] - Checking timeout

2021-10-14 17:40:07 - [MESSAGE][INFO] - Finding web element with id: 'Object Repository/Kullanici_Islemleri/KullaniciIslemleri' located by 'By.cssSelector: .dropdown>a>img' in '10' second(s)

2021-10-14 17:40:07 - [MESSAGE][INFO] - Smart Wait Function is triggered

2021-10-14 17:40:07 - [MESSAGE][INFO] - Found 1 web elements with id: 'Object Repository/Kullanici_Islemleri/KullaniciIslemleri' located by 'By.cssSelector: .dropdown>a>img' in '10' second(s)

2021-10-14 17:40:07 - [MESSAGE][PASSED] - Object 'Object Repository/Kullanici_Islemleri/KullaniciIslemleri' is clickable

2021-10-14 17:40:07 - [TEST_STEP][PASSED] - click(findTestObject("Object Repository/Kullanici_Islemleri/KullaniciIslemleri")): Object: 'Object Repository/Kullanici_Islemleri/KullaniciIslemleri' is clicked on

2021-10-14 17:40:07 - [MESSAGE][INFO] - Finding Test Object 'Object Repository/Kullanici_Islemleri/KullaniciIslemleri'

2021-10-14 17:40:08 - [MESSAGE][INFO] - Checking object

2021-10-14 17:40:08 - [MESSAGE][INFO] - Finding web element from Test Object's properties

2021-10-14 17:40:08 - [MESSAGE][INFO] - Checking timeout

2021-10-14 17:40:08 - [MESSAGE][INFO] - Finding web element with id: 'Object Repository/Kullanici_Islemleri/KullaniciIslemleri' located by 'By.cssSelector: .dropdown>a>img' in '30' second(s)

2021-10-14 17:40:08 - [MESSAGE][INFO] - Smart Wait Function is triggered

2021-10-14 17:40:08 - [MESSAGE][INFO] - Found 1 web elements with id: 'Object Repository/Kullanici_Islemleri/KullaniciIslemleri' located by 'By.cssSelector: .dropdown>a>img' in '30' second(s)

2021-10-14 17:40:08 - [MESSAGE][INFO] - Clicking on object: 'Object Repository/Kullanici_Islemleri/KullaniciIslemleri'

2021-10-14 17:40:08 - [MESSAGE][PASSED] - Object: 'Object Repository/Kullanici_Islemleri/KullaniciIslemleri' is clicked on

2021-10-14 17:40:08 - [TEST_STEP][PASSED] - Method.TextDegerineEsitElementeTikla(findTestObject("Object Repository/Kullanici_Islemleri/Secenekler"), Islem): Method.TextDegerineEsitElementeTikla is PASSED

2021-10-14 17:40:08 - [MESSAGE][INFO] - Finding Test Object 'Object Repository/Kullanici_Islemleri/Secenekler'

2021-10-14 17:40:08 - [MESSAGE][INFO] - Checking timeout

2021-10-14 17:40:08 - [MESSAGE][INFO] - Finding web element with id: 'Object Repository/Kullanici_Islemleri/Secenekler' located by 'By.cssSelector: .nav.navbar-nav.navbar-right li a' in '10' second(s)

2021-10-14 17:40:08 - [MESSAGE][INFO] - Smart Wait Function is triggered

2021-10-14 17:40:08 - [MESSAGE][INFO] - Found 22 web elements with id: 'Object Repository/Kullanici_Islemleri/Secenekler' located by 'By.cssSelector: .nav.navbar-nav.navbar-right li a' in '10' second(s)

2021-10-14 17:40:10 - [MESSAGE][PASSED] - Method.TextDegerineEsitElementeTikla is PASSED

2021-10-14 17:40:10 - [TEST_STEP][PASSED] - verifyElementNotPresent(findTestObject("Object Repository/Kullanici_Islemleri/Secenekler"), 10): Web element with id: 'Object Repository/Kullanici_Islemleri/Secenekler' located by 'By.cssSelector: .nav.navbar-nav.navbar-right li a' is not present after '10' second(s)

2021-10-14 17:40:10 - [MESSAGE][INFO] - Finding Test Object 'Object Repository/Kullanici_Islemleri/Secenekler'

2021-10-14 17:40:10 - [MESSAGE][INFO] - Checking object

2021-10-14 17:40:10 - [MESSAGE][INFO] - Checking timeout

2021-10-14 17:40:10 - [MESSAGE][INFO] - Finding web element with id: 'Object Repository/Kullanici_Islemleri/Secenekler' located by 'By.cssSelector: .nav.navbar-nav.navbar-right li a' in '10' second(s)

2021-10-14 17:40:10 - [MESSAGE][INFO] - Smart Wait Function is triggered

2021-10-14 17:40:10 - [MESSAGE][PASSED] - Web element with id: 'Object Repository/Kullanici_Islemleri/Secenekler' located by 'By.cssSelector: .nav.navbar-nav.navbar-right li a' is not present after '10' second(s)

2021-10-14 17:40:10 - [MESSAGE][PASSED] - Call Test Case 'Test Cases/Kullanici_Islemleri/KullaniciIslemlerindenSecimYapilir' successfully

2021-10-14 17:40:10 - [TEST_CASE][PASSED] - Start Test Case : SCENARIO e-Serbest Meslek Makbuz Raporlari excele aktarma: SCENARIO e-Serbest Meslek Makbuz Raporlari excele aktarma

2021-10-14 17:40:10 - [TEST_STEP][PASSED] - Kullanıcı adı ELOGO6 ve Şifre 123456 olarak giriş yapılır: Kullanıcı adı ELOGO6 ve Şifre 123456 olarak giriş yapılır

2021-10-14 17:40:10 - [MESSAGE][PASSED] - Kullanıcı adı ELOGO6 ve Şifre 123456 olarak giriş yapılır

2021-10-14 17:40:10 - [TEST_STEP][PASSED] - Ana menüden e-Makbuz seçilir: Ana menüden e-Makbuz seçilir

2021-10-14 17:40:10 - [MESSAGE][PASSED] - Ana menüden e-Makbuz seçilir

2021-10-14 17:40:10 - [TEST_STEP][PASSED] - Alt menü e-Serbest Meslek Uygulaması başlığı altındaki e-Serbest Meslek Makbuz Raporları seçilir: Alt menü e-Serbest Meslek Uygulaması başlığı altındaki e-Serbest Meslek Makbuz Raporları seçilir

2021-10-14 17:40:10 - [MESSAGE][PASSED] - Alt menü e-Serbest Meslek Uygulaması başlığı altındaki e-Serbest Meslek Makbuz Raporları seçilir

2021-10-14 17:40:10 - [TEST_STEP][PASSED] - Filtrelerden Dönem Tarihi filtresine 2021 Ocak dropdowndan degeri seçilir: Filtrelerden Dönem Tarihi filtresine 2021 Ocak dropdowndan degeri seçilir

2021-10-14 17:40:10 - [MESSAGE][PASSED] - Filtrelerden Dönem Tarihi filtresine 2021 Ocak dropdowndan degeri seçilir

2021-10-14 17:40:10 - [TEST_STEP][PASSED] - Filtrelerden Bölüm Tarihi filtresine 11.01.2021 baslangic degerini yaz: Filtrelerden Bölüm Tarihi filtresine 11.01.2021 baslangic degerini yaz

2021-10-14 17:40:10 - [MESSAGE][PASSED] - Filtrelerden Bölüm Tarihi filtresine 11.01.2021 baslangic degerini yaz

2021-10-14 17:40:10 - [TEST_STEP][PASSED] - Filtrelerden Bölüm Tarihi filtresine 11.01.2021 bitis degerini yaz: Filtrelerden Bölüm Tarihi filtresine 11.01.2021 bitis degerini yaz

2021-10-14 17:40:10 - [MESSAGE][PASSED] - Filtrelerden Bölüm Tarihi filtresine 11.01.2021 bitis degerini yaz

2021-10-14 17:40:10 - [TEST_STEP][PASSED] - Filtre butonlarından Listele seçilir: Filtre butonlarından Listele seçilir

2021-10-14 17:40:10 - [MESSAGE][PASSED] - Filtre butonlarından Listele seçilir

2021-10-14 17:40:10 - [TEST_STEP][PASSED] - Tabloda veri var mı kontrol edilir: Tabloda veri var mı kontrol edilir

2021-10-14 17:40:10 - [MESSAGE][PASSED] - Tabloda veri var mı kontrol edilir

2021-10-14 17:40:10 - [TEST_STEP][PASSED] - Tablodan 1641 isimli veri seçilir: Tablodan 1641 isimli veri seçilir

2021-10-14 17:40:10 - [MESSAGE][PASSED] - Tablodan 1641 isimli veri seçilir

2021-10-14 17:40:10 - [TEST_STEP][PASSED] - Butonlardan Excel isimli butona tıklanır: Butonlardan Excel isimli butona tıklanır

2021-10-14 17:40:10 - [MESSAGE][PASSED] - Butonlardan Excel isimli butona tıklanır

2021-10-14 17:40:10 - [TEST_STEP][PASSED] - Alt butonlardan Excel 'e Aktar butonuna tıklanır: Alt butonlardan Excel 'e Aktar butonuna tıklanır

2021-10-14 17:40:10 - [MESSAGE][PASSED] - Alt butonlardan Excel 'e Aktar butonuna tıklanır

2021-10-14 17:40:10 - [TEST_STEP][PASSED] - Popup mesajı Lütfen rapor bildiriminin gönderileceği e-posta adresini belirtiniz. içeriyor mu: Popup mesajı Lütfen rapor bildiriminin gönderileceği e-posta adresini belirtiniz. içeriyor mu

2021-10-14 17:40:10 - [MESSAGE][PASSED] - Popup mesajı Lütfen rapor bildiriminin gönderileceği e-posta adresini belirtiniz. içeriyor mu

2021-10-14 17:40:10 - [TEST_STEP][PASSED] - Yönetim popupında Gönder seçilir: Yönetim popupında Gönder seçilir

2021-10-14 17:40:10 - [MESSAGE][PASSED] - Yönetim popupında Gönder seçilir

2021-10-14 17:40:10 - [TEST_STEP][PASSED] - Popup mesajı Toplu Veri İndirme içeriyor mu: Popup mesajı Toplu Veri İndirme içeriyor mu

2021-10-14 17:40:10 - [MESSAGE][PASSED] - Popup mesajı Toplu Veri İndirme içeriyor mu

2021-10-14 17:40:10 - [TEST_STEP][PASSED] - Yönetim popupında Tamam seçilir: Yönetim popupında Tamam seçilir

2021-10-14 17:40:10 - [MESSAGE][PASSED] - Yönetim popupında Tamam seçilir

2021-10-14 17:40:10 - [TEST_STEP][PASSED] - Butonlardan Excel isimli butona tıklanır: Butonlardan Excel isimli butona tıklanır

2021-10-14 17:40:10 - [MESSAGE][PASSED] - Butonlardan Excel isimli butona tıklanır

2021-10-14 17:40:10 - [TEST_STEP][PASSED] - Alt butonlardan Tümünü Excel 'e Aktar butonuna tıklanır: Alt butonlardan Tümünü Excel 'e Aktar butonuna tıklanır

2021-10-14 17:40:10 - [MESSAGE][PASSED] - Alt butonlardan Tümünü Excel 'e Aktar butonuna tıklanır

2021-10-14 17:40:10 - [TEST_STEP][PASSED] - Popup mesajı Lütfen rapor bildiriminin gönderileceği e-posta adresini belirtiniz. içeriyor mu: Popup mesajı Lütfen rapor bildiriminin gönderileceği e-posta adresini belirtiniz. içeriyor mu

2021-10-14 17:40:10 - [MESSAGE][PASSED] - Popup mesajı Lütfen rapor bildiriminin gönderileceği e-posta adresini belirtiniz. içeriyor mu

2021-10-14 17:40:10 - [TEST_STEP][PASSED] - Yönetim popupında Gönder seçilir: Yönetim popupında Gönder seçilir

2021-10-14 17:40:10 - [MESSAGE][PASSED] - Yönetim popupında Gönder seçilir

2021-10-14 17:40:10 - [TEST_STEP][PASSED] - Popup mesajı Toplu Veri İndirme içeriyor mu: Popup mesajı Toplu Veri İndirme içeriyor mu

2021-10-14 17:40:10 - [MESSAGE][PASSED] - Popup mesajı Toplu Veri İndirme içeriyor mu

2021-10-14 17:40:10 - [TEST_STEP][PASSED] - Yönetim popupında Tamam seçilir: Yönetim popupında Tamam seçilir

2021-10-14 17:40:10 - [MESSAGE][PASSED] - Yönetim popupında Tamam seçilir

2021-10-14 17:40:10 - [TEST_STEP][PASSED] - Ana menüden Raporlar seçilir: Ana menüden Raporlar seçilir

2021-10-14 17:40:10 - [MESSAGE][PASSED] - Ana menüden Raporlar seçilir

2021-10-14 17:40:10 - [TEST_STEP][PASSED] - Alt menüden Toplu Veri İndirme seçilir: Alt menüden Toplu Veri İndirme seçilir

2021-10-14 17:40:10 - [MESSAGE][PASSED] - Alt menüden Toplu Veri İndirme seçilir

2021-10-14 17:40:10 - [TEST_STEP][PASSED] - Filtrelerden Talep No filtresine Rapor No bilgisi yaz: Filtrelerden Talep No filtresine Rapor No bilgisi yaz

2021-10-14 17:40:10 - [MESSAGE][PASSED] - Filtrelerden Talep No filtresine Rapor No bilgisi yaz

2021-10-14 17:40:10 - [TEST_STEP][PASSED] - Filtre butonlarından Listele seçilir: Filtre butonlarından Listele seçilir

2021-10-14 17:40:10 - [MESSAGE][PASSED] - Filtre butonlarından Listele seçilir

2021-10-14 17:40:10 - [TEST_STEP][PASSED] - Tabloda veri var mı kontrol edilir: Tabloda veri var mı kontrol edilir

2021-10-14 17:40:10 - [MESSAGE][PASSED] - Tabloda veri var mı kontrol edilir

2021-10-14 17:40:10 - [TEST_STEP][PASSED] - Kullanıcı işlemlerinden Çıkış seçilir: Kullanıcı işlemlerinden Çıkış seçilir

2021-10-14 17:40:10 - [MESSAGE][PASSED] - Kullanıcı işlemlerinden Çıkış seçilir

2021-10-14 17:40:10 - [MESSAGE][PASSED] - Feature file: 'Include/features/e-Makbuz/e-Serbest Meslek Uygulaması/e-Serbest Meslek Makbuz Raporlari/Excele Aktar.feature' was passed

2021-10-14 17:40:10 - [TEST_STEP][PASSED] - Start listener action : sampleAfterTestSuite: Invoke 'com.kms.katalon.core.annotation.AfterTestCase' method: 'Listener.sampleAfterTestSuite(...)' completed.

2021-10-14 17:40:10 - [MESSAGE][INFO] - Starting invoke 'com.kms.katalon.core.annotation.AfterTestCase' method: 'Listener.sampleAfterTestSuite(...)'

2021-10-14 17:40:10 - [TEST_STEP][PASSED] - closeBrowser(): Invoke 'com.kms.katalon.core.annotation.AfterTestCase' method: 'Listener.sampleAfterTestSuite(...)' completed.

2021-10-14 17:40:10 - [MESSAGE][INFO] - Closing browser

2021-10-14 17:40:11 - [MESSAGE][PASSED] - Browser is closed

2021-10-14 17:40:11 - [MESSAGE][INFO] - Invoke 'com.kms.katalon.core.annotation.AfterTestCase' method: 'Listener.sampleAfterTestSuite(...)' completed.]]></system-out>
         <system-err><![CDATA[]]></system-err>
      </testcase>
      <testcase name="Test Cases/Case Repository/e-Makbuz/e-Serbest Meslek Uygulamasi/e-Serbest Meslek Makbuzlari/Excele Aktar" time="51.987" classname="Test Cases/Case Repository/e-Makbuz/e-Serbest Meslek Uygulamasi/e-Serbest Meslek Makbuzlari/Excele Aktar" status="PASSED">
         <system-out><![CDATA[2021-10-14 17:40:11 - [TEST_CASE][PASSED] - Test Cases/Case Repository/e-Makbuz/e-Serbest Meslek Uygulamasi/e-Serbest Meslek Makbuzlari/Excele Aktar: Test Cases/Case Repository/e-Makbuz/e-Serbest Meslek Uygulamasi/e-Serbest Meslek Makbuzlari/Excele Aktar

2021-10-14 17:40:11 - [TEST_STEP][PASSED] - Start listener action : sampleBeforeTestSuite: Invoke 'com.kms.katalon.core.annotation.BeforeTestCase' method: 'Listener.sampleBeforeTestSuite(...)' completed.

2021-10-14 17:40:11 - [MESSAGE][INFO] - Starting invoke 'com.kms.katalon.core.annotation.BeforeTestCase' method: 'Listener.sampleBeforeTestSuite(...)'

2021-10-14 17:40:11 - [TEST_STEP][PASSED] - openBrowser(baseUrl): Browser is opened with url: 'https://efatura-stage.elogo.com.tr/'

2021-10-14 17:40:11 - [MESSAGE][INFO] - Opening browser

2021-10-14 17:40:11 - [MESSAGE][INFO] - Starting 'Chrome' driver

2021-10-14 17:40:11 - [MESSAGE][INFO] - User set preference: ['prefs', '{download.default_directory=C:\otomasyondownfiles}']

2021-10-14 17:40:11 - [MESSAGE][INFO] - Action delay is set to 0 milliseconds

2021-10-14 17:40:12 - [MESSAGE][INFO] - Navigating browser to: 'https://efatura-stage.elogo.com.tr/'

2021-10-14 17:40:16 - [MESSAGE][PASSED] - Browser is opened with url: 'https://efatura-stage.elogo.com.tr/'

2021-10-14 17:40:16 - [TEST_STEP][PASSED] - maximizeWindow(): Invoke 'com.kms.katalon.core.annotation.BeforeTestCase' method: 'Listener.sampleBeforeTestSuite(...)' completed.

2021-10-14 17:40:16 - [MESSAGE][INFO] - Maximizing current window

2021-10-14 17:40:16 - [MESSAGE][PASSED] - Current window maximized

2021-10-14 17:40:16 - [MESSAGE][INFO] - Invoke 'com.kms.katalon.core.annotation.BeforeTestCase' method: 'Listener.sampleBeforeTestSuite(...)' completed.

2021-10-14 17:40:16 - [TEST_STEP][PASSED] - runFeatureFile("Include/features/e-Makbuz/e-Serbest Meslek Uygulaması/e-Serbest Meslek Makbuzlari/Excele Aktar.feature"): Feature file: 'Include/features/e-Makbuz/e-Serbest Meslek Uygulaması/e-Serbest Meslek Makbuzlari/Excele Aktar.feature' was passed

2021-10-14 17:40:16 - [MESSAGE][INFO] - Starting run keyword runFeatureFile: 'Include/features/e-Makbuz/e-Serbest Meslek Uygulaması/e-Serbest Meslek Makbuzlari/Excele Aktar.feature' and extract report to folder: 'C:\Users\DELL\Downloads\EES_Katalon-main\Reports\20211014_170112\Suite Repository\ExceleAktarVeTopluIndirme\20211014_170125/cucumber_report/1634222416975'...

2021-10-14 17:40:16 - [MESSAGE][INFO] - Glue: []

2021-10-14 17:40:17 - [MESSAGE][INFO] - Checking called Test Case

2021-10-14 17:40:17 - [MESSAGE][INFO] - Starting to call Test Case 'Test Cases/Sayfalar/Giris_Sayfasi/Login'

2021-10-14 17:40:17 - [TEST_CASE][PASSED] - Test Cases/Sayfalar/Giris_Sayfasi/Login: Test Cases/Sayfalar/Giris_Sayfasi/Login

2021-10-14 17:40:17 - [TEST_STEP][PASSED] - Sayfa_Basligi = getWindowTitle(): Current window's title is: 'LOGO e-Fatura'

2021-10-14 17:40:17 - [MESSAGE][INFO] - Getting current window's title

2021-10-14 17:40:17 - [MESSAGE][PASSED] - Current window's title is: 'LOGO e-Fatura'

2021-10-14 17:40:17 - [TEST_STEP][PASSED] - verifyMatch(Sayfa_Basligi, "LOGO e-Fatura", false): Actual text 'LOGO e-Fatura' and expected text 'LOGO e-Fatura' are matched 

2021-10-14 17:40:17 - [MESSAGE][INFO] - Matching actual text 'LOGO e-Fatura' with expected text 'LOGO e-Fatura'

2021-10-14 17:40:17 - [MESSAGE][PASSED] - Actual text 'LOGO e-Fatura' and expected text 'LOGO e-Fatura' are matched 

2021-10-14 17:40:17 - [TEST_STEP][PASSED] - sendKeys(findTestObject("Sayfalar/Giris_Sayfasi/Firma_Kodu"), KullaniciAdi): Keys 'ELOGO6' sent to object: 'Object Repository/Sayfalar/Giris_Sayfasi/Firma_Kodu'

2021-10-14 17:40:17 - [MESSAGE][INFO] - Finding Test Object 'Object Repository/Sayfalar/Giris_Sayfasi/Firma_Kodu'

2021-10-14 17:40:17 - [MESSAGE][INFO] - Sending keys 'ELOGO6' to object: 'Object Repository/Sayfalar/Giris_Sayfasi/Firma_Kodu'

2021-10-14 17:40:17 - [MESSAGE][INFO] - Finding web element from Test Object's properties

2021-10-14 17:40:17 - [MESSAGE][INFO] - Checking timeout

2021-10-14 17:40:17 - [MESSAGE][INFO] - Finding web element with id: 'Object Repository/Sayfalar/Giris_Sayfasi/Firma_Kodu' located by 'By.xpath: //*[@id = 'AccountName']' in '30' second(s)

2021-10-14 17:40:17 - [MESSAGE][INFO] - Smart Wait Function is triggered

2021-10-14 17:40:18 - [MESSAGE][INFO] - Found 1 web elements with id: 'Object Repository/Sayfalar/Giris_Sayfasi/Firma_Kodu' located by 'By.xpath: //*[@id = 'AccountName']' in '30' second(s)

2021-10-14 17:40:18 - [MESSAGE][PASSED] - Keys 'ELOGO6' sent to object: 'Object Repository/Sayfalar/Giris_Sayfasi/Firma_Kodu'

2021-10-14 17:40:18 - [TEST_STEP][PASSED] - sendKeys(findTestObject("Sayfalar/Giris_Sayfasi/Sifre"), Sifre): Keys '123456' sent to object: 'Object Repository/Sayfalar/Giris_Sayfasi/Sifre'

2021-10-14 17:40:18 - [MESSAGE][INFO] - Finding Test Object 'Object Repository/Sayfalar/Giris_Sayfasi/Sifre'

2021-10-14 17:40:18 - [MESSAGE][INFO] - Sending keys '123456' to object: 'Object Repository/Sayfalar/Giris_Sayfasi/Sifre'

2021-10-14 17:40:18 - [MESSAGE][INFO] - Finding web element from Test Object's properties

2021-10-14 17:40:18 - [MESSAGE][INFO] - Checking timeout

2021-10-14 17:40:18 - [MESSAGE][INFO] - Finding web element with id: 'Object Repository/Sayfalar/Giris_Sayfasi/Sifre' located by 'By.xpath: //*[@id = 'Password']' in '30' second(s)

2021-10-14 17:40:18 - [MESSAGE][INFO] - Smart Wait Function is triggered

2021-10-14 17:40:18 - [MESSAGE][INFO] - Found 1 web elements with id: 'Object Repository/Sayfalar/Giris_Sayfasi/Sifre' located by 'By.xpath: //*[@id = 'Password']' in '30' second(s)

2021-10-14 17:40:18 - [MESSAGE][PASSED] - Keys '123456' sent to object: 'Object Repository/Sayfalar/Giris_Sayfasi/Sifre'

2021-10-14 17:40:18 - [TEST_STEP][PASSED] - findWebElement(findTestObject("Sayfalar/Giris_Sayfasi/Giris_Butonu")).click(): Found 1 web elements with id: 'Object Repository/Sayfalar/Giris_Sayfasi/Giris_Butonu' located by 'By.cssSelector: #btnLogin' in '30' second(s)

2021-10-14 17:40:18 - [MESSAGE][INFO] - Finding Test Object 'Object Repository/Sayfalar/Giris_Sayfasi/Giris_Butonu'

2021-10-14 17:40:18 - [MESSAGE][INFO] - Finding web element from Test Object's properties

2021-10-14 17:40:18 - [MESSAGE][INFO] - Checking timeout

2021-10-14 17:40:18 - [MESSAGE][INFO] - Finding web element with id: 'Object Repository/Sayfalar/Giris_Sayfasi/Giris_Butonu' located by 'By.cssSelector: #btnLogin' in '30' second(s)

2021-10-14 17:40:18 - [MESSAGE][INFO] - Smart Wait Function is triggered

2021-10-14 17:40:19 - [MESSAGE][INFO] - Found 1 web elements with id: 'Object Repository/Sayfalar/Giris_Sayfasi/Giris_Butonu' located by 'By.cssSelector: #btnLogin' in '30' second(s)

2021-10-14 17:40:21 - [TEST_STEP][PASSED] - if (verifyElementPresent(findTestObject("Object Repository/Sayfalar/Giris_Sayfasi/RetveTamam_Butonu"), 5, OPTIONAL)): null

2021-10-14 17:40:21 - [MESSAGE][INFO] - Finding Test Object 'Object Repository/Sayfalar/Giris_Sayfasi/RetveTamam_Butonu'

2021-10-14 17:40:21 - [MESSAGE][INFO] - Checking object

2021-10-14 17:40:21 - [MESSAGE][INFO] - Finding web element from Test Object's properties

2021-10-14 17:40:21 - [MESSAGE][INFO] - Checking timeout

2021-10-14 17:40:21 - [MESSAGE][INFO] - Finding web element with id: 'Object Repository/Sayfalar/Giris_Sayfasi/RetveTamam_Butonu' located by 'By.xpath: //*[@class = 'btn btn-default']' in '5' second(s)

2021-10-14 17:40:21 - [MESSAGE][INFO] - Smart Wait Function is triggered

2021-10-14 17:40:22 - [MESSAGE][INFO] - Found 1 web elements with id: 'Object Repository/Sayfalar/Giris_Sayfasi/RetveTamam_Butonu' located by 'By.xpath: //*[@class = 'btn btn-default']' in '5' second(s)

2021-10-14 17:40:22 - [MESSAGE][PASSED] - Object 'Object Repository/Sayfalar/Giris_Sayfasi/RetveTamam_Butonu' is present

2021-10-14 17:40:22 - [TEST_STEP][PASSED] - click(findTestObject("Object Repository/Sayfalar/Giris_Sayfasi/RetveTamam_Butonu")): Object: 'Object Repository/Sayfalar/Giris_Sayfasi/RetveTamam_Butonu' is clicked on

2021-10-14 17:40:22 - [MESSAGE][INFO] - Finding Test Object 'Object Repository/Sayfalar/Giris_Sayfasi/RetveTamam_Butonu'

2021-10-14 17:40:22 - [MESSAGE][INFO] - Checking object

2021-10-14 17:40:22 - [MESSAGE][INFO] - Finding web element from Test Object's properties

2021-10-14 17:40:22 - [MESSAGE][INFO] - Checking timeout

2021-10-14 17:40:22 - [MESSAGE][INFO] - Finding web element with id: 'Object Repository/Sayfalar/Giris_Sayfasi/RetveTamam_Butonu' located by 'By.xpath: //*[@class = 'btn btn-default']' in '30' second(s)

2021-10-14 17:40:22 - [MESSAGE][INFO] - Smart Wait Function is triggered

2021-10-14 17:40:22 - [MESSAGE][INFO] - Found 1 web elements with id: 'Object Repository/Sayfalar/Giris_Sayfasi/RetveTamam_Butonu' located by 'By.xpath: //*[@class = 'btn btn-default']' in '30' second(s)

2021-10-14 17:40:22 - [MESSAGE][INFO] - Clicking on object: 'Object Repository/Sayfalar/Giris_Sayfasi/RetveTamam_Butonu'

2021-10-14 17:40:22 - [MESSAGE][PASSED] - Object: 'Object Repository/Sayfalar/Giris_Sayfasi/RetveTamam_Butonu' is clicked on

2021-10-14 17:40:22 - [TEST_STEP][PASSED] - click(findTestObject("Object Repository/Sayfalar/Giris_Sayfasi/RetveTamam_Butonu")): Object: 'Object Repository/Sayfalar/Giris_Sayfasi/RetveTamam_Butonu' is clicked on

2021-10-14 17:40:22 - [MESSAGE][INFO] - Finding Test Object 'Object Repository/Sayfalar/Giris_Sayfasi/RetveTamam_Butonu'

2021-10-14 17:40:22 - [MESSAGE][INFO] - Checking object

2021-10-14 17:40:22 - [MESSAGE][INFO] - Finding web element from Test Object's properties

2021-10-14 17:40:22 - [MESSAGE][INFO] - Checking timeout

2021-10-14 17:40:22 - [MESSAGE][INFO] - Finding web element with id: 'Object Repository/Sayfalar/Giris_Sayfasi/RetveTamam_Butonu' located by 'By.xpath: //*[@class = 'btn btn-default']' in '30' second(s)

2021-10-14 17:40:22 - [MESSAGE][INFO] - Smart Wait Function is triggered

2021-10-14 17:40:25 - [MESSAGE][INFO] - Found 1 web elements with id: 'Object Repository/Sayfalar/Giris_Sayfasi/RetveTamam_Butonu' located by 'By.xpath: //*[@class = 'btn btn-default']' in '30' second(s)

2021-10-14 17:40:25 - [MESSAGE][INFO] - Clicking on object: 'Object Repository/Sayfalar/Giris_Sayfasi/RetveTamam_Butonu'

2021-10-14 17:40:25 - [MESSAGE][PASSED] - Object: 'Object Repository/Sayfalar/Giris_Sayfasi/RetveTamam_Butonu' is clicked on

2021-10-14 17:40:25 - [TEST_STEP][PASSED] - if (verifyElementPresent(findTestObject("Sayfalar/Giris_Sayfasi/PopupOK"), 5, OPTIONAL)): null

2021-10-14 17:40:25 - [MESSAGE][INFO] - Finding Test Object 'Object Repository/Sayfalar/Giris_Sayfasi/PopupOK'

2021-10-14 17:40:25 - [MESSAGE][INFO] - Checking object

2021-10-14 17:40:25 - [MESSAGE][INFO] - Finding web element from Test Object's properties

2021-10-14 17:40:25 - [MESSAGE][INFO] - Checking timeout

2021-10-14 17:40:25 - [MESSAGE][INFO] - Finding web element with id: 'Object Repository/Sayfalar/Giris_Sayfasi/PopupOK' located by 'By.cssSelector: .btn.btn-success' in '5' second(s)

2021-10-14 17:40:25 - [MESSAGE][INFO] - Smart Wait Function is triggered

2021-10-14 17:40:26 - [MESSAGE][INFO] - Found 1 web elements with id: 'Object Repository/Sayfalar/Giris_Sayfasi/PopupOK' located by 'By.cssSelector: .btn.btn-success' in '5' second(s)

2021-10-14 17:40:26 - [MESSAGE][PASSED] - Object 'Object Repository/Sayfalar/Giris_Sayfasi/PopupOK' is present

2021-10-14 17:40:26 - [TEST_STEP][PASSED] - click(findTestObject("Object Repository/Sayfalar/Giris_Sayfasi/PopupCarpiGiris")): Object: 'Object Repository/Sayfalar/Giris_Sayfasi/PopupCarpiGiris' is clicked on

2021-10-14 17:40:26 - [MESSAGE][INFO] - Finding Test Object 'Object Repository/Sayfalar/Giris_Sayfasi/PopupCarpiGiris'

2021-10-14 17:40:26 - [MESSAGE][INFO] - Checking object

2021-10-14 17:40:26 - [MESSAGE][INFO] - Finding web element from Test Object's properties

2021-10-14 17:40:26 - [MESSAGE][INFO] - Checking timeout

2021-10-14 17:40:26 - [MESSAGE][INFO] - Finding web element with id: 'Object Repository/Sayfalar/Giris_Sayfasi/PopupCarpiGiris' located by 'By.cssSelector: .bootbox-close-button.close' in '30' second(s)

2021-10-14 17:40:26 - [MESSAGE][INFO] - Smart Wait Function is triggered

2021-10-14 17:40:26 - [MESSAGE][INFO] - Found 1 web elements with id: 'Object Repository/Sayfalar/Giris_Sayfasi/PopupCarpiGiris' located by 'By.cssSelector: .bootbox-close-button.close' in '30' second(s)

2021-10-14 17:40:26 - [MESSAGE][INFO] - Clicking on object: 'Object Repository/Sayfalar/Giris_Sayfasi/PopupCarpiGiris'

2021-10-14 17:40:26 - [MESSAGE][PASSED] - Object: 'Object Repository/Sayfalar/Giris_Sayfasi/PopupCarpiGiris' is clicked on

2021-10-14 17:40:26 - [TEST_STEP][PASSED] - verifyElementVisible(findTestObject("Object Repository/Kullanici_Islemleri/KullaniciIslemleri")): Object 'Object Repository/Kullanici_Islemleri/KullaniciIslemleri' is visible

2021-10-14 17:40:26 - [MESSAGE][INFO] - Finding Test Object 'Object Repository/Kullanici_Islemleri/KullaniciIslemleri'

2021-10-14 17:40:27 - [MESSAGE][INFO] - Checking object

2021-10-14 17:40:27 - [MESSAGE][INFO] - Finding web element from Test Object's properties

2021-10-14 17:40:27 - [MESSAGE][INFO] - Checking timeout

2021-10-14 17:40:27 - [MESSAGE][INFO] - Finding web element with id: 'Object Repository/Kullanici_Islemleri/KullaniciIslemleri' located by 'By.cssSelector: .dropdown>a>img' in '30' second(s)

2021-10-14 17:40:27 - [MESSAGE][INFO] - Smart Wait Function is triggered

2021-10-14 17:40:27 - [MESSAGE][INFO] - Found 1 web elements with id: 'Object Repository/Kullanici_Islemleri/KullaniciIslemleri' located by 'By.cssSelector: .dropdown>a>img' in '30' second(s)

2021-10-14 17:40:27 - [MESSAGE][PASSED] - Object 'Object Repository/Kullanici_Islemleri/KullaniciIslemleri' is visible

2021-10-14 17:40:27 - [MESSAGE][PASSED] - Call Test Case 'Test Cases/Sayfalar/Giris_Sayfasi/Login' successfully

2021-10-14 17:40:27 - [MESSAGE][INFO] - Checking called Test Case

2021-10-14 17:40:27 - [MESSAGE][INFO] - Starting to call Test Case 'Test Cases/Menu/AnaMenuSecimi'

2021-10-14 17:40:27 - [TEST_CASE][PASSED] - Test Cases/Menu/AnaMenuSecimi: Test Cases/Menu/AnaMenuSecimi

2021-10-14 17:40:27 - [TEST_STEP][PASSED] - Method.TextDegerineEsitElementeTikla(findTestObject("Menu/Ana_Menu"), Ana_Menu): Method.TextDegerineEsitElementeTikla is PASSED

2021-10-14 17:40:27 - [MESSAGE][INFO] - Finding Test Object 'Object Repository/Menu/Ana_Menu'

2021-10-14 17:40:28 - [MESSAGE][INFO] - Checking timeout

2021-10-14 17:40:28 - [MESSAGE][INFO] - Finding web element with id: 'Object Repository/Menu/Ana_Menu' located by 'By.xpath: //*[@class = 'dropdown-toggle']' in '10' second(s)

2021-10-14 17:40:28 - [MESSAGE][INFO] - Smart Wait Function is triggered

2021-10-14 17:40:28 - [MESSAGE][INFO] - Found 14 web elements with id: 'Object Repository/Menu/Ana_Menu' located by 'By.xpath: //*[@class = 'dropdown-toggle']' in '10' second(s)

2021-10-14 17:40:28 - [MESSAGE][PASSED] - Method.TextDegerineEsitElementeTikla is PASSED

2021-10-14 17:40:28 - [MESSAGE][PASSED] - Call Test Case 'Test Cases/Menu/AnaMenuSecimi' successfully

2021-10-14 17:40:28 - [MESSAGE][INFO] - Checking called Test Case

2021-10-14 17:40:28 - [MESSAGE][INFO] - Starting to call Test Case 'Test Cases/Menu/BasligaGoreAltMenuSecimi'

2021-10-14 17:40:28 - [TEST_CASE][PASSED] - Test Cases/Menu/BasligaGoreAltMenuSecimi: Test Cases/Menu/BasligaGoreAltMenuSecimi

2021-10-14 17:40:28 - [TEST_STEP][PASSED] - Method.TextDegerineEsitElementinAltindakiTextDegerineEsitOlanaTikla(findTestObject("Menu/Menu_Basligi"), findTestObject("Menu/Basliga_Gore_Alt_Menu"), Baslik, Alt_Menu): Method.TextDegerineEsitElementinAltindakiTextDegerineEsitOlanaTikla is PASSED

2021-10-14 17:40:28 - [MESSAGE][INFO] - Finding Test Object 'Object Repository/Menu/Menu_Basligi'

2021-10-14 17:40:28 - [MESSAGE][INFO] - Finding Test Object 'Object Repository/Menu/Basliga_Gore_Alt_Menu'

2021-10-14 17:40:28 - [MESSAGE][INFO] - Checking timeout

2021-10-14 17:40:28 - [MESSAGE][INFO] - Finding web element with id: 'Object Repository/Menu/Menu_Basligi' located by 'By.xpath: //li[@class='dropdown dropdown-large open']//li[@class='dropdown-header']' in '10' second(s)

2021-10-14 17:40:28 - [MESSAGE][INFO] - Smart Wait Function is triggered

2021-10-14 17:40:28 - [MESSAGE][INFO] - Found 2 web elements with id: 'Object Repository/Menu/Menu_Basligi' located by 'By.xpath: //li[@class='dropdown dropdown-large open']//li[@class='dropdown-header']' in '10' second(s)

2021-10-14 17:40:28 - [MESSAGE][INFO] - Smart Wait Function is triggered

2021-10-14 17:40:31 - [MESSAGE][PASSED] - Method.TextDegerineEsitElementinAltindakiTextDegerineEsitOlanaTikla is PASSED

2021-10-14 17:40:31 - [MESSAGE][PASSED] - Call Test Case 'Test Cases/Menu/BasligaGoreAltMenuSecimi' successfully

2021-10-14 17:40:31 - [MESSAGE][INFO] - Checking called Test Case

2021-10-14 17:40:31 - [MESSAGE][INFO] - Starting to call Test Case 'Test Cases/Filtreler/BaslangicYaz'

2021-10-14 17:40:31 - [TEST_CASE][PASSED] - Test Cases/Filtreler/BaslangicYaz: Test Cases/Filtreler/BaslangicYaz

2021-10-14 17:40:31 - [TEST_STEP][PASSED] - Method.TextDegerineEsitElementinAltindakineTikla(findTestObject("Filtreler/Basliklar"), findTestObject("Filtreler/Basliga_Gore_Baslangic_Image"), Filtre_Adi): Method.TextDegerineEsitElementinAltindakineTikla is PASSED

2021-10-14 17:40:31 - [MESSAGE][INFO] - Finding Test Object 'Object Repository/Filtreler/Basliklar'

2021-10-14 17:40:31 - [MESSAGE][INFO] - Finding Test Object 'Object Repository/Filtreler/Basliga_Gore_Baslangic_Image'

2021-10-14 17:40:32 - [MESSAGE][INFO] - Checking timeout

2021-10-14 17:40:32 - [MESSAGE][INFO] - Finding web element with id: 'Object Repository/Filtreler/Basliklar' located by 'By.cssSelector: .control-label.col-sm-4.paddingMarginRLC' in '10' second(s)

2021-10-14 17:40:32 - [MESSAGE][INFO] - Smart Wait Function is triggered

2021-10-14 17:40:32 - [MESSAGE][INFO] - Found 13 web elements with id: 'Object Repository/Filtreler/Basliklar' located by 'By.cssSelector: .control-label.col-sm-4.paddingMarginRLC' in '10' second(s)

2021-10-14 17:40:32 - [MESSAGE][INFO] - Smart Wait Function is triggered

2021-10-14 17:40:32 - [MESSAGE][PASSED] - Method.TextDegerineEsitElementinAltindakineTikla is PASSED

2021-10-14 17:40:32 - [TEST_STEP][PASSED] - Method.TextDegerineEsitElementinAltindakiTextboxtaYaz(findTestObject("Filtreler/Basliklar"), findTestObject("Filtreler/Basliga_Gore_Baslangic"), Filtre_Adi, Filtre_Degeri): Method.TextDegerineEsitElementinAltindakiTextboxtaYaz is PASSED

2021-10-14 17:40:32 - [MESSAGE][INFO] - Finding Test Object 'Object Repository/Filtreler/Basliklar'

2021-10-14 17:40:32 - [MESSAGE][INFO] - Finding Test Object 'Object Repository/Filtreler/Basliga_Gore_Baslangic'

2021-10-14 17:40:32 - [MESSAGE][INFO] - Checking timeout

2021-10-14 17:40:32 - [MESSAGE][INFO] - Finding web element with id: 'Object Repository/Filtreler/Basliklar' located by 'By.cssSelector: .control-label.col-sm-4.paddingMarginRLC' in '10' second(s)

2021-10-14 17:40:32 - [MESSAGE][INFO] - Smart Wait Function is triggered

2021-10-14 17:40:33 - [MESSAGE][INFO] - Found 13 web elements with id: 'Object Repository/Filtreler/Basliklar' located by 'By.cssSelector: .control-label.col-sm-4.paddingMarginRLC' in '10' second(s)

2021-10-14 17:40:33 - [MESSAGE][INFO] - Smart Wait Function is triggered

2021-10-14 17:40:33 - [MESSAGE][PASSED] - Method.TextDegerineEsitElementinAltindakiTextboxtaYaz is PASSED

2021-10-14 17:40:33 - [MESSAGE][PASSED] - Call Test Case 'Test Cases/Filtreler/BaslangicYaz' successfully

2021-10-14 17:40:33 - [MESSAGE][INFO] - Checking called Test Case

2021-10-14 17:40:33 - [MESSAGE][INFO] - Starting to call Test Case 'Test Cases/Filtreler/BitisYaz'

2021-10-14 17:40:33 - [TEST_CASE][PASSED] - Test Cases/Filtreler/BitisYaz: Test Cases/Filtreler/BitisYaz

2021-10-14 17:40:33 - [TEST_STEP][PASSED] - Method.TextDegerineEsitElementinAltindakineTikla(findTestObject("Filtreler/Basliklar"), findTestObject("Filtreler/Basliga_Gore_Bitis_Image"), Filtre_Adi): Method.TextDegerineEsitElementinAltindakineTikla is PASSED

2021-10-14 17:40:33 - [MESSAGE][INFO] - Finding Test Object 'Object Repository/Filtreler/Basliklar'

2021-10-14 17:40:33 - [MESSAGE][INFO] - Finding Test Object 'Object Repository/Filtreler/Basliga_Gore_Bitis_Image'

2021-10-14 17:40:34 - [MESSAGE][INFO] - Checking timeout

2021-10-14 17:40:34 - [MESSAGE][INFO] - Finding web element with id: 'Object Repository/Filtreler/Basliklar' located by 'By.cssSelector: .control-label.col-sm-4.paddingMarginRLC' in '10' second(s)

2021-10-14 17:40:34 - [MESSAGE][INFO] - Smart Wait Function is triggered

2021-10-14 17:40:34 - [MESSAGE][INFO] - Found 13 web elements with id: 'Object Repository/Filtreler/Basliklar' located by 'By.cssSelector: .control-label.col-sm-4.paddingMarginRLC' in '10' second(s)

2021-10-14 17:40:34 - [MESSAGE][INFO] - Smart Wait Function is triggered

2021-10-14 17:40:34 - [MESSAGE][PASSED] - Method.TextDegerineEsitElementinAltindakineTikla is PASSED

2021-10-14 17:40:34 - [TEST_STEP][PASSED] - Method.TextDegerineEsitElementinAltindakiTextboxtaYaz(findTestObject("Filtreler/Basliklar"), findTestObject("Object Repository/Filtreler/Basliga_Gore_Bitis"), Filtre_Adi, Filtre_Degeri): Method.TextDegerineEsitElementinAltindakiTextboxtaYaz is PASSED

2021-10-14 17:40:34 - [MESSAGE][INFO] - Finding Test Object 'Object Repository/Filtreler/Basliklar'

2021-10-14 17:40:34 - [MESSAGE][INFO] - Finding Test Object 'Object Repository/Filtreler/Basliga_Gore_Bitis'

2021-10-14 17:40:34 - [MESSAGE][INFO] - Checking timeout

2021-10-14 17:40:34 - [MESSAGE][INFO] - Finding web element with id: 'Object Repository/Filtreler/Basliklar' located by 'By.cssSelector: .control-label.col-sm-4.paddingMarginRLC' in '10' second(s)

2021-10-14 17:40:34 - [MESSAGE][INFO] - Smart Wait Function is triggered

2021-10-14 17:40:35 - [MESSAGE][INFO] - Found 13 web elements with id: 'Object Repository/Filtreler/Basliklar' located by 'By.cssSelector: .control-label.col-sm-4.paddingMarginRLC' in '10' second(s)

2021-10-14 17:40:35 - [MESSAGE][INFO] - Smart Wait Function is triggered

2021-10-14 17:40:35 - [MESSAGE][PASSED] - Method.TextDegerineEsitElementinAltindakiTextboxtaYaz is PASSED

2021-10-14 17:40:35 - [MESSAGE][PASSED] - Call Test Case 'Test Cases/Filtreler/BitisYaz' successfully

2021-10-14 17:40:35 - [MESSAGE][INFO] - Checking called Test Case

2021-10-14 17:40:35 - [MESSAGE][INFO] - Starting to call Test Case 'Test Cases/Filtreler/TexboxaYaz'

2021-10-14 17:40:35 - [TEST_CASE][PASSED] - Test Cases/Filtreler/TexboxaYaz: Test Cases/Filtreler/TexboxaYaz

2021-10-14 17:40:35 - [TEST_STEP][PASSED] - Method.TextDegerineEsitElementinAltindakiTextboxtaYaz(findTestObject("Filtreler/Basliklar"), findTestObject("Filtreler/Basliga_Gore_Textbox"), Filtre_Adi, Filtre_Degeri): Method.TextDegerineEsitElementinAltindakiTextboxtaYaz is PASSED

2021-10-14 17:40:35 - [MESSAGE][INFO] - Finding Test Object 'Object Repository/Filtreler/Basliklar'

2021-10-14 17:40:35 - [MESSAGE][INFO] - Finding Test Object 'Object Repository/Filtreler/Basliga_Gore_Textbox'

2021-10-14 17:40:35 - [MESSAGE][INFO] - Checking timeout

2021-10-14 17:40:35 - [MESSAGE][INFO] - Finding web element with id: 'Object Repository/Filtreler/Basliklar' located by 'By.cssSelector: .control-label.col-sm-4.paddingMarginRLC' in '10' second(s)

2021-10-14 17:40:35 - [MESSAGE][INFO] - Smart Wait Function is triggered

2021-10-14 17:40:36 - [MESSAGE][INFO] - Found 13 web elements with id: 'Object Repository/Filtreler/Basliklar' located by 'By.cssSelector: .control-label.col-sm-4.paddingMarginRLC' in '10' second(s)

2021-10-14 17:40:36 - [MESSAGE][INFO] - Smart Wait Function is triggered

2021-10-14 17:40:36 - [MESSAGE][PASSED] - Method.TextDegerineEsitElementinAltindakiTextboxtaYaz is PASSED

2021-10-14 17:40:36 - [MESSAGE][PASSED] - Call Test Case 'Test Cases/Filtreler/TexboxaYaz' successfully

2021-10-14 17:40:36 - [MESSAGE][INFO] - Checking called Test Case

2021-10-14 17:40:36 - [MESSAGE][INFO] - Starting to call Test Case 'Test Cases/Filtreler/ButonaTikla'

2021-10-14 17:40:36 - [TEST_CASE][PASSED] - Test Cases/Filtreler/ButonaTikla: Test Cases/Filtreler/ButonaTikla

2021-10-14 17:40:36 - [TEST_STEP][PASSED] - Method.TextDegerineEsitElementeTikla(findTestObject("Filtreler/Butonlar"), Filtre_Buton): Method.TextDegerineEsitElementeTikla is PASSED

2021-10-14 17:40:36 - [MESSAGE][INFO] - Finding Test Object 'Object Repository/Filtreler/Butonlar'

2021-10-14 17:40:37 - [MESSAGE][INFO] - Checking timeout

2021-10-14 17:40:37 - [MESSAGE][INFO] - Finding web element with id: 'Object Repository/Filtreler/Butonlar' located by 'By.cssSelector: .dxb>span' in '10' second(s)

2021-10-14 17:40:37 - [MESSAGE][INFO] - Smart Wait Function is triggered

2021-10-14 17:40:37 - [MESSAGE][INFO] - Found 3 web elements with id: 'Object Repository/Filtreler/Butonlar' located by 'By.cssSelector: .dxb>span' in '10' second(s)

2021-10-14 17:40:37 - [MESSAGE][PASSED] - Method.TextDegerineEsitElementeTikla is PASSED

2021-10-14 17:40:37 - [MESSAGE][PASSED] - Call Test Case 'Test Cases/Filtreler/ButonaTikla' successfully

2021-10-14 17:40:37 - [MESSAGE][INFO] - Checking called Test Case

2021-10-14 17:40:37 - [MESSAGE][INFO] - Starting to call Test Case 'Test Cases/Tablo/TablodaVeriVarMi'

2021-10-14 17:40:37 - [TEST_CASE][PASSED] - Test Cases/Tablo/TablodaVeriVarMi: Test Cases/Tablo/TablodaVeriVarMi

2021-10-14 17:40:37 - [TEST_STEP][PASSED] - verifyTextNotPresent("Görüntülenecek veri yok", true): Text 'Görüntülenecek veri yok' is not present on page using regular expression

2021-10-14 17:40:37 - [MESSAGE][INFO] - Checking text present  using regular expression

2021-10-14 17:40:37 - [MESSAGE][INFO] - Smart Wait Function is triggered

2021-10-14 17:40:38 - [MESSAGE][INFO] - Finding text 'Görüntülenecek veri yok' on page  using regular expression

2021-10-14 17:40:38 - [MESSAGE][PASSED] - Text 'Görüntülenecek veri yok' is not present on page using regular expression

2021-10-14 17:40:38 - [MESSAGE][PASSED] - Call Test Case 'Test Cases/Tablo/TablodaVeriVarMi' successfully

2021-10-14 17:40:38 - [MESSAGE][INFO] - Checking called Test Case

2021-10-14 17:40:38 - [MESSAGE][INFO] - Starting to call Test Case 'Test Cases/Tablo/TablodanVeriSec'

2021-10-14 17:40:38 - [TEST_CASE][PASSED] - Test Cases/Tablo/TablodanVeriSec: Test Cases/Tablo/TablodanVeriSec

2021-10-14 17:40:38 - [TEST_STEP][PASSED] - Method.TextDegerineEsitElementinAltindakineTikla(findTestObject("Tablo/Veriler"), findTestObject("Tablo/VerininCheckBoxi"), Veri_Adi): Method.TextDegerineEsitElementinAltindakineTikla is PASSED

2021-10-14 17:40:38 - [MESSAGE][INFO] - Finding Test Object 'Object Repository/Tablo/Veriler'

2021-10-14 17:40:38 - [MESSAGE][INFO] - Finding Test Object 'Object Repository/Tablo/VerininCheckBoxi'

2021-10-14 17:40:38 - [MESSAGE][INFO] - Checking timeout

2021-10-14 17:40:38 - [MESSAGE][INFO] - Finding web element with id: 'Object Repository/Tablo/Veriler' located by 'By.cssSelector: td.dxgv b ,td.dxgv' in '10' second(s)

2021-10-14 17:40:38 - [MESSAGE][INFO] - Smart Wait Function is triggered

2021-10-14 17:40:39 - [MESSAGE][INFO] - Found 26 web elements with id: 'Object Repository/Tablo/Veriler' located by 'By.cssSelector: td.dxgv b ,td.dxgv' in '10' second(s)

2021-10-14 17:40:39 - [MESSAGE][INFO] - Smart Wait Function is triggered

2021-10-14 17:40:39 - [MESSAGE][PASSED] - Method.TextDegerineEsitElementinAltindakineTikla is PASSED

2021-10-14 17:40:39 - [MESSAGE][PASSED] - Call Test Case 'Test Cases/Tablo/TablodanVeriSec' successfully

2021-10-14 17:40:39 - [MESSAGE][INFO] - Checking called Test Case

2021-10-14 17:40:39 - [MESSAGE][INFO] - Starting to call Test Case 'Test Cases/Butonlar/ButonaTikla'

2021-10-14 17:40:39 - [TEST_CASE][PASSED] - Test Cases/Butonlar/ButonaTikla: Test Cases/Butonlar/ButonaTikla

2021-10-14 17:40:39 - [TEST_STEP][PASSED] - Method.TextDegerineEsitElementeTiklaEquals(findTestObject("Butonlar/Butonlar"), Buton_Adi): Method.TextDegerineEsitElementeTiklaEquals is PASSED

2021-10-14 17:40:39 - [MESSAGE][INFO] - Finding Test Object 'Object Repository/Butonlar/Butonlar'

2021-10-14 17:40:39 - [MESSAGE][INFO] - Checking timeout

2021-10-14 17:40:39 - [MESSAGE][INFO] - Finding web element with id: 'Object Repository/Butonlar/Butonlar' located by 'By.cssSelector: .panel.panel-default.text-center.footerPanel .btn,.btn.btn-primary.btnControls' in '10' second(s)

2021-10-14 17:40:39 - [MESSAGE][INFO] - Smart Wait Function is triggered

2021-10-14 17:40:39 - [MESSAGE][INFO] - Found 11 web elements with id: 'Object Repository/Butonlar/Butonlar' located by 'By.cssSelector: .panel.panel-default.text-center.footerPanel .btn,.btn.btn-primary.btnControls' in '10' second(s)

2021-10-14 17:40:39 - [MESSAGE][PASSED] - Method.TextDegerineEsitElementeTiklaEquals is PASSED

2021-10-14 17:40:39 - [MESSAGE][PASSED] - Call Test Case 'Test Cases/Butonlar/ButonaTikla' successfully

2021-10-14 17:40:39 - [MESSAGE][INFO] - Checking called Test Case

2021-10-14 17:40:39 - [MESSAGE][INFO] - Starting to call Test Case 'Test Cases/Butonlar/AltButonaTikla'

2021-10-14 17:40:40 - [TEST_CASE][PASSED] - Test Cases/Butonlar/AltButonaTikla: Test Cases/Butonlar/AltButonaTikla

2021-10-14 17:40:40 - [TEST_STEP][PASSED] - Method.TextDegerineEsitElementeTikla(findTestObject("Butonlar/AltButonlar"), Alt_Buton): Method.TextDegerineEsitElementeTikla is PASSED

2021-10-14 17:40:40 - [MESSAGE][INFO] - Finding Test Object 'Object Repository/Butonlar/AltButonlar'

2021-10-14 17:40:40 - [MESSAGE][INFO] - Checking timeout

2021-10-14 17:40:40 - [MESSAGE][INFO] - Finding web element with id: 'Object Repository/Butonlar/AltButonlar' located by 'By.cssSelector: .btn-group.open li>a' in '10' second(s)

2021-10-14 17:40:40 - [MESSAGE][INFO] - Smart Wait Function is triggered

2021-10-14 17:40:40 - [MESSAGE][INFO] - Found 2 web elements with id: 'Object Repository/Butonlar/AltButonlar' located by 'By.cssSelector: .btn-group.open li>a' in '10' second(s)

2021-10-14 17:40:40 - [MESSAGE][PASSED] - Method.TextDegerineEsitElementeTikla is PASSED

2021-10-14 17:40:40 - [MESSAGE][PASSED] - Call Test Case 'Test Cases/Butonlar/AltButonaTikla' successfully

2021-10-14 17:40:40 - [MESSAGE][INFO] - Checking called Test Case

2021-10-14 17:40:40 - [MESSAGE][INFO] - Starting to call Test Case 'Test Cases/Popup/PopupMesajiIceriyorMu'

2021-10-14 17:40:40 - [TEST_CASE][PASSED] - Test Cases/Popup/PopupMesajiIceriyorMu: Test Cases/Popup/PopupMesajiIceriyorMu

2021-10-14 17:40:40 - [TEST_STEP][PASSED] - waitForElementVisible(findTestObject("Popup/Popup"), 10): Object 'Object Repository/Popup/Popup' is visible

2021-10-14 17:40:40 - [MESSAGE][INFO] - Finding Test Object 'Object Repository/Popup/Popup'

2021-10-14 17:40:40 - [MESSAGE][INFO] - Checking object

2021-10-14 17:40:40 - [MESSAGE][INFO] - Checking timeout

2021-10-14 17:40:40 - [MESSAGE][INFO] - Finding web element from Test Object's properties

2021-10-14 17:40:40 - [MESSAGE][INFO] - Checking timeout

2021-10-14 17:40:40 - [MESSAGE][INFO] - Finding web element with id: 'Object Repository/Popup/Popup' located by 'By.cssSelector: .bootbox-body' in '10' second(s)

2021-10-14 17:40:40 - [MESSAGE][INFO] - Smart Wait Function is triggered

2021-10-14 17:40:41 - [MESSAGE][INFO] - Found 1 web elements with id: 'Object Repository/Popup/Popup' located by 'By.cssSelector: .bootbox-body' in '10' second(s)

2021-10-14 17:40:41 - [MESSAGE][PASSED] - Object 'Object Repository/Popup/Popup' is visible

2021-10-14 17:40:41 - [TEST_STEP][PASSED] - if (!(getText(findTestObject("Popup/Popup")).contains(Mesaj))): Text of object 'Object Repository/Popup/Popup' is: 'Lütfen rapor bildiriminin gönderileceği e-posta adresini belirtiniz.
e-Posta Adresi'

2021-10-14 17:40:41 - [MESSAGE][INFO] - Finding Test Object 'Object Repository/Popup/Popup'

2021-10-14 17:40:41 - [MESSAGE][INFO] - Checking object

2021-10-14 17:40:41 - [MESSAGE][INFO] - Finding web element from Test Object's properties

2021-10-14 17:40:41 - [MESSAGE][INFO] - Checking timeout

2021-10-14 17:40:41 - [MESSAGE][INFO] - Finding web element with id: 'Object Repository/Popup/Popup' located by 'By.cssSelector: .bootbox-body' in '30' second(s)

2021-10-14 17:40:41 - [MESSAGE][INFO] - Smart Wait Function is triggered

2021-10-14 17:40:41 - [MESSAGE][INFO] - Found 1 web elements with id: 'Object Repository/Popup/Popup' located by 'By.cssSelector: .bootbox-body' in '30' second(s)

2021-10-14 17:40:41 - [MESSAGE][INFO] - Getting text of object 'Object Repository/Popup/Popup'

2021-10-14 17:40:41 - [MESSAGE][PASSED] - Text of object 'Object Repository/Popup/Popup' is: 'Lütfen rapor bildiriminin gönderileceği e-posta adresini belirtiniz.
e-Posta Adresi'

2021-10-14 17:40:41 - [TEST_STEP][PASSED] - RaporNo = getText(findTestObject("Popup/Popup")).substring(0, 6): Text of object 'Object Repository/Popup/Popup' is: 'Lütfen rapor bildiriminin gönderileceği e-posta adresini belirtiniz.
e-Posta Adresi'

2021-10-14 17:40:41 - [MESSAGE][INFO] - Finding Test Object 'Object Repository/Popup/Popup'

2021-10-14 17:40:42 - [MESSAGE][INFO] - Checking object

2021-10-14 17:40:42 - [MESSAGE][INFO] - Finding web element from Test Object's properties

2021-10-14 17:40:42 - [MESSAGE][INFO] - Checking timeout

2021-10-14 17:40:42 - [MESSAGE][INFO] - Finding web element with id: 'Object Repository/Popup/Popup' located by 'By.cssSelector: .bootbox-body' in '30' second(s)

2021-10-14 17:40:42 - [MESSAGE][INFO] - Smart Wait Function is triggered

2021-10-14 17:40:42 - [MESSAGE][INFO] - Found 1 web elements with id: 'Object Repository/Popup/Popup' located by 'By.cssSelector: .bootbox-body' in '30' second(s)

2021-10-14 17:40:42 - [MESSAGE][INFO] - Getting text of object 'Object Repository/Popup/Popup'

2021-10-14 17:40:42 - [MESSAGE][PASSED] - Text of object 'Object Repository/Popup/Popup' is: 'Lütfen rapor bildiriminin gönderileceği e-posta adresini belirtiniz.
e-Posta Adresi'

2021-10-14 17:40:42 - [TEST_STEP][PASSED] - Console.println(RaporNo): null

2021-10-14 17:40:42 - [MESSAGE][PASSED] - Call Test Case 'Test Cases/Popup/PopupMesajiIceriyorMu' successfully

2021-10-14 17:40:42 - [MESSAGE][INFO] - Checking called Test Case

2021-10-14 17:40:42 - [MESSAGE][INFO] - Starting to call Test Case 'Test Cases/Popup/PopupButonSecilir'

2021-10-14 17:40:42 - [TEST_CASE][PASSED] - Test Cases/Popup/PopupButonSecilir: Test Cases/Popup/PopupButonSecilir

2021-10-14 17:40:42 - [TEST_STEP][PASSED] - Method.TextDegerineEsitElementeTikla(findTestObject("Popup/Popup_Butons"), Buton): Method.TextDegerineEsitElementeTikla is PASSED

2021-10-14 17:40:42 - [MESSAGE][INFO] - Finding Test Object 'Object Repository/Popup/Popup_Butons'

2021-10-14 17:40:42 - [MESSAGE][INFO] - Checking timeout

2021-10-14 17:40:42 - [MESSAGE][INFO] - Finding web element with id: 'Object Repository/Popup/Popup_Butons' located by 'By.cssSelector: .modal-footer>button' in '10' second(s)

2021-10-14 17:40:42 - [MESSAGE][INFO] - Smart Wait Function is triggered

2021-10-14 17:40:42 - [MESSAGE][INFO] - Found 2 web elements with id: 'Object Repository/Popup/Popup_Butons' located by 'By.cssSelector: .modal-footer>button' in '10' second(s)

2021-10-14 17:40:42 - [MESSAGE][PASSED] - Method.TextDegerineEsitElementeTikla is PASSED

2021-10-14 17:40:42 - [MESSAGE][PASSED] - Call Test Case 'Test Cases/Popup/PopupButonSecilir' successfully

2021-10-14 17:40:42 - [MESSAGE][INFO] - Checking called Test Case

2021-10-14 17:40:42 - [MESSAGE][INFO] - Starting to call Test Case 'Test Cases/Popup/PopupMesajiIceriyorMu'

2021-10-14 17:40:43 - [TEST_CASE][PASSED] - Test Cases/Popup/PopupMesajiIceriyorMu: Test Cases/Popup/PopupMesajiIceriyorMu

2021-10-14 17:40:43 - [TEST_STEP][PASSED] - waitForElementVisible(findTestObject("Popup/Popup"), 10): Object 'Object Repository/Popup/Popup' is visible

2021-10-14 17:40:43 - [MESSAGE][INFO] - Finding Test Object 'Object Repository/Popup/Popup'

2021-10-14 17:40:43 - [MESSAGE][INFO] - Checking object

2021-10-14 17:40:43 - [MESSAGE][INFO] - Checking timeout

2021-10-14 17:40:43 - [MESSAGE][INFO] - Finding web element from Test Object's properties

2021-10-14 17:40:43 - [MESSAGE][INFO] - Checking timeout

2021-10-14 17:40:43 - [MESSAGE][INFO] - Finding web element with id: 'Object Repository/Popup/Popup' located by 'By.cssSelector: .bootbox-body' in '10' second(s)

2021-10-14 17:40:43 - [MESSAGE][INFO] - Smart Wait Function is triggered

2021-10-14 17:40:43 - [MESSAGE][INFO] - Found 1 web elements with id: 'Object Repository/Popup/Popup' located by 'By.cssSelector: .bootbox-body' in '10' second(s)

2021-10-14 17:40:43 - [MESSAGE][PASSED] - Object 'Object Repository/Popup/Popup' is visible

2021-10-14 17:40:43 - [TEST_STEP][PASSED] - if (!(getText(findTestObject("Popup/Popup")).contains(Mesaj))): Text of object 'Object Repository/Popup/Popup' is: '14627 no’lu talebiniz işleme alınmıştır. Raporunuz hazırlandığında (elogotest@gmail.com) adresinize mail gönderilecektir.
Rapor durumunuzu Raporlar > Toplu Veri İndirme ekranından takip edebilir, hazırlandı durumundaki raporlarınızı ilgili menüden indirebilirsiniz.'

2021-10-14 17:40:43 - [MESSAGE][INFO] - Finding Test Object 'Object Repository/Popup/Popup'

2021-10-14 17:40:43 - [MESSAGE][INFO] - Checking object

2021-10-14 17:40:43 - [MESSAGE][INFO] - Finding web element from Test Object's properties

2021-10-14 17:40:43 - [MESSAGE][INFO] - Checking timeout

2021-10-14 17:40:43 - [MESSAGE][INFO] - Finding web element with id: 'Object Repository/Popup/Popup' located by 'By.cssSelector: .bootbox-body' in '30' second(s)

2021-10-14 17:40:43 - [MESSAGE][INFO] - Smart Wait Function is triggered

2021-10-14 17:40:44 - [MESSAGE][INFO] - Found 1 web elements with id: 'Object Repository/Popup/Popup' located by 'By.cssSelector: .bootbox-body' in '30' second(s)

2021-10-14 17:40:44 - [MESSAGE][INFO] - Getting text of object 'Object Repository/Popup/Popup'

2021-10-14 17:40:44 - [MESSAGE][PASSED] - Text of object 'Object Repository/Popup/Popup' is: '14627 no’lu talebiniz işleme alınmıştır. Raporunuz hazırlandığında (elogotest@gmail.com) adresinize mail gönderilecektir.
Rapor durumunuzu Raporlar > Toplu Veri İndirme ekranından takip edebilir, hazırlandı durumundaki raporlarınızı ilgili menüden indirebilirsiniz.'

2021-10-14 17:40:44 - [TEST_STEP][PASSED] - RaporNo = getText(findTestObject("Popup/Popup")).substring(0, 6): Text of object 'Object Repository/Popup/Popup' is: '14627 no’lu talebiniz işleme alınmıştır. Raporunuz hazırlandığında (elogotest@gmail.com) adresinize mail gönderilecektir.
Rapor durumunuzu Raporlar > Toplu Veri İndirme ekranından takip edebilir, hazırlandı durumundaki raporlarınızı ilgili menüden indirebilirsiniz.'

2021-10-14 17:40:44 - [MESSAGE][INFO] - Finding Test Object 'Object Repository/Popup/Popup'

2021-10-14 17:40:44 - [MESSAGE][INFO] - Checking object

2021-10-14 17:40:44 - [MESSAGE][INFO] - Finding web element from Test Object's properties

2021-10-14 17:40:44 - [MESSAGE][INFO] - Checking timeout

2021-10-14 17:40:44 - [MESSAGE][INFO] - Finding web element with id: 'Object Repository/Popup/Popup' located by 'By.cssSelector: .bootbox-body' in '30' second(s)

2021-10-14 17:40:44 - [MESSAGE][INFO] - Smart Wait Function is triggered

2021-10-14 17:40:44 - [MESSAGE][INFO] - Found 1 web elements with id: 'Object Repository/Popup/Popup' located by 'By.cssSelector: .bootbox-body' in '30' second(s)

2021-10-14 17:40:44 - [MESSAGE][INFO] - Getting text of object 'Object Repository/Popup/Popup'

2021-10-14 17:40:44 - [MESSAGE][PASSED] - Text of object 'Object Repository/Popup/Popup' is: '14627 no’lu talebiniz işleme alınmıştır. Raporunuz hazırlandığında (elogotest@gmail.com) adresinize mail gönderilecektir.
Rapor durumunuzu Raporlar > Toplu Veri İndirme ekranından takip edebilir, hazırlandı durumundaki raporlarınızı ilgili menüden indirebilirsiniz.'

2021-10-14 17:40:44 - [TEST_STEP][PASSED] - Console.println(RaporNo): null

2021-10-14 17:40:44 - [MESSAGE][PASSED] - Call Test Case 'Test Cases/Popup/PopupMesajiIceriyorMu' successfully

2021-10-14 17:40:44 - [MESSAGE][INFO] - Checking called Test Case

2021-10-14 17:40:44 - [MESSAGE][INFO] - Starting to call Test Case 'Test Cases/Popup/PopupButonSecilir'

2021-10-14 17:40:44 - [TEST_CASE][PASSED] - Test Cases/Popup/PopupButonSecilir: Test Cases/Popup/PopupButonSecilir

2021-10-14 17:40:44 - [TEST_STEP][PASSED] - Method.TextDegerineEsitElementeTikla(findTestObject("Popup/Popup_Butons"), Buton): Method.TextDegerineEsitElementeTikla is PASSED

2021-10-14 17:40:44 - [MESSAGE][INFO] - Finding Test Object 'Object Repository/Popup/Popup_Butons'

2021-10-14 17:40:44 - [MESSAGE][INFO] - Checking timeout

2021-10-14 17:40:44 - [MESSAGE][INFO] - Finding web element with id: 'Object Repository/Popup/Popup_Butons' located by 'By.cssSelector: .modal-footer>button' in '10' second(s)

2021-10-14 17:40:44 - [MESSAGE][INFO] - Smart Wait Function is triggered

2021-10-14 17:40:44 - [MESSAGE][INFO] - Found 1 web elements with id: 'Object Repository/Popup/Popup_Butons' located by 'By.cssSelector: .modal-footer>button' in '10' second(s)

2021-10-14 17:40:45 - [MESSAGE][PASSED] - Method.TextDegerineEsitElementeTikla is PASSED

2021-10-14 17:40:45 - [MESSAGE][PASSED] - Call Test Case 'Test Cases/Popup/PopupButonSecilir' successfully

2021-10-14 17:40:45 - [MESSAGE][INFO] - Checking called Test Case

2021-10-14 17:40:45 - [MESSAGE][INFO] - Starting to call Test Case 'Test Cases/Butonlar/ButonaTikla'

2021-10-14 17:40:45 - [TEST_CASE][PASSED] - Test Cases/Butonlar/ButonaTikla: Test Cases/Butonlar/ButonaTikla

2021-10-14 17:40:45 - [TEST_STEP][PASSED] - Method.TextDegerineEsitElementeTiklaEquals(findTestObject("Butonlar/Butonlar"), Buton_Adi): Method.TextDegerineEsitElementeTiklaEquals is PASSED

2021-10-14 17:40:45 - [MESSAGE][INFO] - Finding Test Object 'Object Repository/Butonlar/Butonlar'

2021-10-14 17:40:45 - [MESSAGE][INFO] - Checking timeout

2021-10-14 17:40:45 - [MESSAGE][INFO] - Finding web element with id: 'Object Repository/Butonlar/Butonlar' located by 'By.cssSelector: .panel.panel-default.text-center.footerPanel .btn,.btn.btn-primary.btnControls' in '10' second(s)

2021-10-14 17:40:45 - [MESSAGE][INFO] - Smart Wait Function is triggered

2021-10-14 17:40:45 - [MESSAGE][INFO] - Found 11 web elements with id: 'Object Repository/Butonlar/Butonlar' located by 'By.cssSelector: .panel.panel-default.text-center.footerPanel .btn,.btn.btn-primary.btnControls' in '10' second(s)

2021-10-14 17:40:45 - [MESSAGE][PASSED] - Method.TextDegerineEsitElementeTiklaEquals is PASSED

2021-10-14 17:40:45 - [MESSAGE][PASSED] - Call Test Case 'Test Cases/Butonlar/ButonaTikla' successfully

2021-10-14 17:40:45 - [MESSAGE][INFO] - Checking called Test Case

2021-10-14 17:40:45 - [MESSAGE][INFO] - Starting to call Test Case 'Test Cases/Butonlar/AltButonaTikla'

2021-10-14 17:40:45 - [TEST_CASE][PASSED] - Test Cases/Butonlar/AltButonaTikla: Test Cases/Butonlar/AltButonaTikla

2021-10-14 17:40:45 - [TEST_STEP][PASSED] - Method.TextDegerineEsitElementeTikla(findTestObject("Butonlar/AltButonlar"), Alt_Buton): Method.TextDegerineEsitElementeTikla is PASSED

2021-10-14 17:40:45 - [MESSAGE][INFO] - Finding Test Object 'Object Repository/Butonlar/AltButonlar'

2021-10-14 17:40:46 - [MESSAGE][INFO] - Checking timeout

2021-10-14 17:40:46 - [MESSAGE][INFO] - Finding web element with id: 'Object Repository/Butonlar/AltButonlar' located by 'By.cssSelector: .btn-group.open li>a' in '10' second(s)

2021-10-14 17:40:46 - [MESSAGE][INFO] - Smart Wait Function is triggered

2021-10-14 17:40:46 - [MESSAGE][INFO] - Found 2 web elements with id: 'Object Repository/Butonlar/AltButonlar' located by 'By.cssSelector: .btn-group.open li>a' in '10' second(s)

2021-10-14 17:40:46 - [MESSAGE][PASSED] - Method.TextDegerineEsitElementeTikla is PASSED

2021-10-14 17:40:46 - [MESSAGE][PASSED] - Call Test Case 'Test Cases/Butonlar/AltButonaTikla' successfully

2021-10-14 17:40:46 - [MESSAGE][INFO] - Checking called Test Case

2021-10-14 17:40:46 - [MESSAGE][INFO] - Starting to call Test Case 'Test Cases/Popup/PopupMesajiIceriyorMu'

2021-10-14 17:40:46 - [TEST_CASE][PASSED] - Test Cases/Popup/PopupMesajiIceriyorMu: Test Cases/Popup/PopupMesajiIceriyorMu

2021-10-14 17:40:46 - [TEST_STEP][PASSED] - waitForElementVisible(findTestObject("Popup/Popup"), 10): Object 'Object Repository/Popup/Popup' is visible

2021-10-14 17:40:46 - [MESSAGE][INFO] - Finding Test Object 'Object Repository/Popup/Popup'

2021-10-14 17:40:46 - [MESSAGE][INFO] - Checking object

2021-10-14 17:40:46 - [MESSAGE][INFO] - Checking timeout

2021-10-14 17:40:46 - [MESSAGE][INFO] - Finding web element from Test Object's properties

2021-10-14 17:40:46 - [MESSAGE][INFO] - Checking timeout

2021-10-14 17:40:46 - [MESSAGE][INFO] - Finding web element with id: 'Object Repository/Popup/Popup' located by 'By.cssSelector: .bootbox-body' in '10' second(s)

2021-10-14 17:40:46 - [MESSAGE][INFO] - Smart Wait Function is triggered

2021-10-14 17:40:46 - [MESSAGE][INFO] - Found 1 web elements with id: 'Object Repository/Popup/Popup' located by 'By.cssSelector: .bootbox-body' in '10' second(s)

2021-10-14 17:40:46 - [MESSAGE][PASSED] - Object 'Object Repository/Popup/Popup' is visible

2021-10-14 17:40:46 - [TEST_STEP][PASSED] - if (!(getText(findTestObject("Popup/Popup")).contains(Mesaj))): Text of object 'Object Repository/Popup/Popup' is: 'Lütfen rapor bildiriminin gönderileceği e-posta adresini belirtiniz.
e-Posta Adresi'

2021-10-14 17:40:46 - [MESSAGE][INFO] - Finding Test Object 'Object Repository/Popup/Popup'

2021-10-14 17:40:47 - [MESSAGE][INFO] - Checking object

2021-10-14 17:40:47 - [MESSAGE][INFO] - Finding web element from Test Object's properties

2021-10-14 17:40:47 - [MESSAGE][INFO] - Checking timeout

2021-10-14 17:40:47 - [MESSAGE][INFO] - Finding web element with id: 'Object Repository/Popup/Popup' located by 'By.cssSelector: .bootbox-body' in '30' second(s)

2021-10-14 17:40:47 - [MESSAGE][INFO] - Smart Wait Function is triggered

2021-10-14 17:40:47 - [MESSAGE][INFO] - Found 1 web elements with id: 'Object Repository/Popup/Popup' located by 'By.cssSelector: .bootbox-body' in '30' second(s)

2021-10-14 17:40:47 - [MESSAGE][INFO] - Getting text of object 'Object Repository/Popup/Popup'

2021-10-14 17:40:47 - [MESSAGE][PASSED] - Text of object 'Object Repository/Popup/Popup' is: 'Lütfen rapor bildiriminin gönderileceği e-posta adresini belirtiniz.
e-Posta Adresi'

2021-10-14 17:40:47 - [TEST_STEP][PASSED] - RaporNo = getText(findTestObject("Popup/Popup")).substring(0, 6): Text of object 'Object Repository/Popup/Popup' is: 'Lütfen rapor bildiriminin gönderileceği e-posta adresini belirtiniz.
e-Posta Adresi'

2021-10-14 17:40:47 - [MESSAGE][INFO] - Finding Test Object 'Object Repository/Popup/Popup'

2021-10-14 17:40:47 - [MESSAGE][INFO] - Checking object

2021-10-14 17:40:47 - [MESSAGE][INFO] - Finding web element from Test Object's properties

2021-10-14 17:40:47 - [MESSAGE][INFO] - Checking timeout

2021-10-14 17:40:47 - [MESSAGE][INFO] - Finding web element with id: 'Object Repository/Popup/Popup' located by 'By.cssSelector: .bootbox-body' in '30' second(s)

2021-10-14 17:40:47 - [MESSAGE][INFO] - Smart Wait Function is triggered

2021-10-14 17:40:47 - [MESSAGE][INFO] - Found 1 web elements with id: 'Object Repository/Popup/Popup' located by 'By.cssSelector: .bootbox-body' in '30' second(s)

2021-10-14 17:40:47 - [MESSAGE][INFO] - Getting text of object 'Object Repository/Popup/Popup'

2021-10-14 17:40:47 - [MESSAGE][PASSED] - Text of object 'Object Repository/Popup/Popup' is: 'Lütfen rapor bildiriminin gönderileceği e-posta adresini belirtiniz.
e-Posta Adresi'

2021-10-14 17:40:47 - [TEST_STEP][PASSED] - Console.println(RaporNo): null

2021-10-14 17:40:47 - [MESSAGE][PASSED] - Call Test Case 'Test Cases/Popup/PopupMesajiIceriyorMu' successfully

2021-10-14 17:40:47 - [MESSAGE][INFO] - Checking called Test Case

2021-10-14 17:40:47 - [MESSAGE][INFO] - Starting to call Test Case 'Test Cases/Popup/PopupButonSecilir'

2021-10-14 17:40:47 - [TEST_CASE][PASSED] - Test Cases/Popup/PopupButonSecilir: Test Cases/Popup/PopupButonSecilir

2021-10-14 17:40:47 - [TEST_STEP][PASSED] - Method.TextDegerineEsitElementeTikla(findTestObject("Popup/Popup_Butons"), Buton): Method.TextDegerineEsitElementeTikla is PASSED

2021-10-14 17:40:47 - [MESSAGE][INFO] - Finding Test Object 'Object Repository/Popup/Popup_Butons'

2021-10-14 17:40:47 - [MESSAGE][INFO] - Checking timeout

2021-10-14 17:40:47 - [MESSAGE][INFO] - Finding web element with id: 'Object Repository/Popup/Popup_Butons' located by 'By.cssSelector: .modal-footer>button' in '10' second(s)

2021-10-14 17:40:47 - [MESSAGE][INFO] - Smart Wait Function is triggered

2021-10-14 17:40:48 - [MESSAGE][INFO] - Found 2 web elements with id: 'Object Repository/Popup/Popup_Butons' located by 'By.cssSelector: .modal-footer>button' in '10' second(s)

2021-10-14 17:40:48 - [MESSAGE][PASSED] - Method.TextDegerineEsitElementeTikla is PASSED

2021-10-14 17:40:48 - [MESSAGE][PASSED] - Call Test Case 'Test Cases/Popup/PopupButonSecilir' successfully

2021-10-14 17:40:48 - [MESSAGE][INFO] - Checking called Test Case

2021-10-14 17:40:48 - [MESSAGE][INFO] - Starting to call Test Case 'Test Cases/Popup/PopupMesajiIceriyorMu'

2021-10-14 17:40:48 - [TEST_CASE][PASSED] - Test Cases/Popup/PopupMesajiIceriyorMu: Test Cases/Popup/PopupMesajiIceriyorMu

2021-10-14 17:40:48 - [TEST_STEP][PASSED] - waitForElementVisible(findTestObject("Popup/Popup"), 10): Object 'Object Repository/Popup/Popup' is visible

2021-10-14 17:40:48 - [MESSAGE][INFO] - Finding Test Object 'Object Repository/Popup/Popup'

2021-10-14 17:40:48 - [MESSAGE][INFO] - Checking object

2021-10-14 17:40:48 - [MESSAGE][INFO] - Checking timeout

2021-10-14 17:40:48 - [MESSAGE][INFO] - Finding web element from Test Object's properties

2021-10-14 17:40:48 - [MESSAGE][INFO] - Checking timeout

2021-10-14 17:40:48 - [MESSAGE][INFO] - Finding web element with id: 'Object Repository/Popup/Popup' located by 'By.cssSelector: .bootbox-body' in '10' second(s)

2021-10-14 17:40:48 - [MESSAGE][INFO] - Smart Wait Function is triggered

2021-10-14 17:40:48 - [MESSAGE][INFO] - Found 1 web elements with id: 'Object Repository/Popup/Popup' located by 'By.cssSelector: .bootbox-body' in '10' second(s)

2021-10-14 17:40:48 - [MESSAGE][PASSED] - Object 'Object Repository/Popup/Popup' is visible

2021-10-14 17:40:48 - [TEST_STEP][PASSED] - if (!(getText(findTestObject("Popup/Popup")).contains(Mesaj))): Text of object 'Object Repository/Popup/Popup' is: '14628 no’lu talebiniz işleme alınmıştır. Raporunuz hazırlandığında (elogotest@gmail.com) adresinize mail gönderilecektir.
Rapor durumunuzu Raporlar > Toplu Veri İndirme ekranından takip edebilir, hazırlandı durumundaki raporlarınızı ilgili menüden indirebilirsiniz.'

2021-10-14 17:40:48 - [MESSAGE][INFO] - Finding Test Object 'Object Repository/Popup/Popup'

2021-10-14 17:40:49 - [MESSAGE][INFO] - Checking object

2021-10-14 17:40:49 - [MESSAGE][INFO] - Finding web element from Test Object's properties

2021-10-14 17:40:49 - [MESSAGE][INFO] - Checking timeout

2021-10-14 17:40:49 - [MESSAGE][INFO] - Finding web element with id: 'Object Repository/Popup/Popup' located by 'By.cssSelector: .bootbox-body' in '30' second(s)

2021-10-14 17:40:49 - [MESSAGE][INFO] - Smart Wait Function is triggered

2021-10-14 17:40:49 - [MESSAGE][INFO] - Found 1 web elements with id: 'Object Repository/Popup/Popup' located by 'By.cssSelector: .bootbox-body' in '30' second(s)

2021-10-14 17:40:49 - [MESSAGE][INFO] - Getting text of object 'Object Repository/Popup/Popup'

2021-10-14 17:40:49 - [MESSAGE][PASSED] - Text of object 'Object Repository/Popup/Popup' is: '14628 no’lu talebiniz işleme alınmıştır. Raporunuz hazırlandığında (elogotest@gmail.com) adresinize mail gönderilecektir.
Rapor durumunuzu Raporlar > Toplu Veri İndirme ekranından takip edebilir, hazırlandı durumundaki raporlarınızı ilgili menüden indirebilirsiniz.'

2021-10-14 17:40:49 - [TEST_STEP][PASSED] - RaporNo = getText(findTestObject("Popup/Popup")).substring(0, 6): Text of object 'Object Repository/Popup/Popup' is: '14628 no’lu talebiniz işleme alınmıştır. Raporunuz hazırlandığında (elogotest@gmail.com) adresinize mail gönderilecektir.
Rapor durumunuzu Raporlar > Toplu Veri İndirme ekranından takip edebilir, hazırlandı durumundaki raporlarınızı ilgili menüden indirebilirsiniz.'

2021-10-14 17:40:49 - [MESSAGE][INFO] - Finding Test Object 'Object Repository/Popup/Popup'

2021-10-14 17:40:49 - [MESSAGE][INFO] - Checking object

2021-10-14 17:40:49 - [MESSAGE][INFO] - Finding web element from Test Object's properties

2021-10-14 17:40:49 - [MESSAGE][INFO] - Checking timeout

2021-10-14 17:40:49 - [MESSAGE][INFO] - Finding web element with id: 'Object Repository/Popup/Popup' located by 'By.cssSelector: .bootbox-body' in '30' second(s)

2021-10-14 17:40:49 - [MESSAGE][INFO] - Smart Wait Function is triggered

2021-10-14 17:40:49 - [MESSAGE][INFO] - Found 1 web elements with id: 'Object Repository/Popup/Popup' located by 'By.cssSelector: .bootbox-body' in '30' second(s)

2021-10-14 17:40:49 - [MESSAGE][INFO] - Getting text of object 'Object Repository/Popup/Popup'

2021-10-14 17:40:49 - [MESSAGE][PASSED] - Text of object 'Object Repository/Popup/Popup' is: '14628 no’lu talebiniz işleme alınmıştır. Raporunuz hazırlandığında (elogotest@gmail.com) adresinize mail gönderilecektir.
Rapor durumunuzu Raporlar > Toplu Veri İndirme ekranından takip edebilir, hazırlandı durumundaki raporlarınızı ilgili menüden indirebilirsiniz.'

2021-10-14 17:40:49 - [TEST_STEP][PASSED] - Console.println(RaporNo): null

2021-10-14 17:40:49 - [MESSAGE][PASSED] - Call Test Case 'Test Cases/Popup/PopupMesajiIceriyorMu' successfully

2021-10-14 17:40:49 - [MESSAGE][INFO] - Checking called Test Case

2021-10-14 17:40:49 - [MESSAGE][INFO] - Starting to call Test Case 'Test Cases/Popup/PopupButonSecilir'

2021-10-14 17:40:49 - [TEST_CASE][PASSED] - Test Cases/Popup/PopupButonSecilir: Test Cases/Popup/PopupButonSecilir

2021-10-14 17:40:49 - [TEST_STEP][PASSED] - Method.TextDegerineEsitElementeTikla(findTestObject("Popup/Popup_Butons"), Buton): Method.TextDegerineEsitElementeTikla is PASSED

2021-10-14 17:40:49 - [MESSAGE][INFO] - Finding Test Object 'Object Repository/Popup/Popup_Butons'

2021-10-14 17:40:49 - [MESSAGE][INFO] - Checking timeout

2021-10-14 17:40:49 - [MESSAGE][INFO] - Finding web element with id: 'Object Repository/Popup/Popup_Butons' located by 'By.cssSelector: .modal-footer>button' in '10' second(s)

2021-10-14 17:40:49 - [MESSAGE][INFO] - Smart Wait Function is triggered

2021-10-14 17:40:50 - [MESSAGE][INFO] - Found 1 web elements with id: 'Object Repository/Popup/Popup_Butons' located by 'By.cssSelector: .modal-footer>button' in '10' second(s)

2021-10-14 17:40:50 - [MESSAGE][PASSED] - Method.TextDegerineEsitElementeTikla is PASSED

2021-10-14 17:40:50 - [MESSAGE][PASSED] - Call Test Case 'Test Cases/Popup/PopupButonSecilir' successfully

2021-10-14 17:40:50 - [MESSAGE][INFO] - Checking called Test Case

2021-10-14 17:40:50 - [MESSAGE][INFO] - Starting to call Test Case 'Test Cases/Menu/AnaMenuSecimi'

2021-10-14 17:40:50 - [TEST_CASE][PASSED] - Test Cases/Menu/AnaMenuSecimi: Test Cases/Menu/AnaMenuSecimi

2021-10-14 17:40:50 - [TEST_STEP][PASSED] - Method.TextDegerineEsitElementeTikla(findTestObject("Menu/Ana_Menu"), Ana_Menu): Method.TextDegerineEsitElementeTikla is PASSED

2021-10-14 17:40:50 - [MESSAGE][INFO] - Finding Test Object 'Object Repository/Menu/Ana_Menu'

2021-10-14 17:40:50 - [MESSAGE][INFO] - Checking timeout

2021-10-14 17:40:50 - [MESSAGE][INFO] - Finding web element with id: 'Object Repository/Menu/Ana_Menu' located by 'By.xpath: //*[@class = 'dropdown-toggle']' in '10' second(s)

2021-10-14 17:40:50 - [MESSAGE][INFO] - Smart Wait Function is triggered

2021-10-14 17:40:50 - [MESSAGE][INFO] - Found 14 web elements with id: 'Object Repository/Menu/Ana_Menu' located by 'By.xpath: //*[@class = 'dropdown-toggle']' in '10' second(s)

2021-10-14 17:40:51 - [MESSAGE][PASSED] - Method.TextDegerineEsitElementeTikla is PASSED

2021-10-14 17:40:51 - [MESSAGE][PASSED] - Call Test Case 'Test Cases/Menu/AnaMenuSecimi' successfully

2021-10-14 17:40:51 - [MESSAGE][INFO] - Checking called Test Case

2021-10-14 17:40:51 - [MESSAGE][INFO] - Starting to call Test Case 'Test Cases/Menu/AltMenuSecimi'

2021-10-14 17:40:51 - [TEST_CASE][PASSED] - Test Cases/Menu/AltMenuSecimi: Test Cases/Menu/AltMenuSecimi

2021-10-14 17:40:51 - [TEST_STEP][PASSED] - Method.TextDegerineEsitElementeTikla(findTestObject("Menu/Alt_Menu"), Alt_Menu): Method.TextDegerineEsitElementeTikla is PASSED

2021-10-14 17:40:51 - [MESSAGE][INFO] - Finding Test Object 'Object Repository/Menu/Alt_Menu'

2021-10-14 17:40:51 - [MESSAGE][INFO] - Checking timeout

2021-10-14 17:40:51 - [MESSAGE][INFO] - Finding web element with id: 'Object Repository/Menu/Alt_Menu' located by 'By.xpath: //li[@class='dropdown dropdown-large open']//li[@class='dropdown-element']' in '10' second(s)

2021-10-14 17:40:51 - [MESSAGE][INFO] - Smart Wait Function is triggered

2021-10-14 17:40:51 - [MESSAGE][INFO] - Found 9 web elements with id: 'Object Repository/Menu/Alt_Menu' located by 'By.xpath: //li[@class='dropdown dropdown-large open']//li[@class='dropdown-element']' in '10' second(s)

2021-10-14 17:40:52 - [MESSAGE][PASSED] - Method.TextDegerineEsitElementeTikla is PASSED

2021-10-14 17:40:52 - [MESSAGE][PASSED] - Call Test Case 'Test Cases/Menu/AltMenuSecimi' successfully

2021-10-14 17:40:52 - [MESSAGE][INFO] - Checking called Test Case

2021-10-14 17:40:52 - [MESSAGE][INFO] - Starting to call Test Case 'Test Cases/Filtreler/RaporNoYaz'

2021-10-14 17:40:52 - [TEST_CASE][PASSED] - Test Cases/Filtreler/RaporNoYaz: Test Cases/Filtreler/RaporNoYaz

2021-10-14 17:40:52 - [TEST_STEP][PASSED] - Method.TextDegerineEsitElementinAltindakiTextboxtaYaz(findTestObject("Filtreler/Basliklar"), findTestObject("Filtreler/Basliga_Gore_Textbox"), "Talep No", RaporNo): Method.TextDegerineEsitElementinAltindakiTextboxtaYaz is PASSED

2021-10-14 17:40:52 - [MESSAGE][INFO] - Finding Test Object 'Object Repository/Filtreler/Basliklar'

2021-10-14 17:40:52 - [MESSAGE][INFO] - Finding Test Object 'Object Repository/Filtreler/Basliga_Gore_Textbox'

2021-10-14 17:40:52 - [MESSAGE][INFO] - Checking timeout

2021-10-14 17:40:52 - [MESSAGE][INFO] - Finding web element with id: 'Object Repository/Filtreler/Basliklar' located by 'By.cssSelector: .control-label.col-sm-4.paddingMarginRLC' in '10' second(s)

2021-10-14 17:40:52 - [MESSAGE][INFO] - Smart Wait Function is triggered

2021-10-14 17:40:52 - [MESSAGE][INFO] - Found 8 web elements with id: 'Object Repository/Filtreler/Basliklar' located by 'By.cssSelector: .control-label.col-sm-4.paddingMarginRLC' in '10' second(s)

2021-10-14 17:40:52 - [MESSAGE][INFO] - Smart Wait Function is triggered

2021-10-14 17:40:53 - [MESSAGE][PASSED] - Method.TextDegerineEsitElementinAltindakiTextboxtaYaz is PASSED

2021-10-14 17:40:53 - [MESSAGE][PASSED] - Call Test Case 'Test Cases/Filtreler/RaporNoYaz' successfully

2021-10-14 17:40:53 - [MESSAGE][INFO] - Checking called Test Case

2021-10-14 17:40:53 - [MESSAGE][INFO] - Starting to call Test Case 'Test Cases/Filtreler/ButonaTikla'

2021-10-14 17:40:53 - [TEST_CASE][PASSED] - Test Cases/Filtreler/ButonaTikla: Test Cases/Filtreler/ButonaTikla

2021-10-14 17:40:53 - [TEST_STEP][PASSED] - Method.TextDegerineEsitElementeTikla(findTestObject("Filtreler/Butonlar"), Filtre_Buton): Method.TextDegerineEsitElementeTikla is PASSED

2021-10-14 17:40:53 - [MESSAGE][INFO] - Finding Test Object 'Object Repository/Filtreler/Butonlar'

2021-10-14 17:40:53 - [MESSAGE][INFO] - Checking timeout

2021-10-14 17:40:53 - [MESSAGE][INFO] - Finding web element with id: 'Object Repository/Filtreler/Butonlar' located by 'By.cssSelector: .dxb>span' in '10' second(s)

2021-10-14 17:40:53 - [MESSAGE][INFO] - Smart Wait Function is triggered

2021-10-14 17:40:53 - [MESSAGE][INFO] - Found 2 web elements with id: 'Object Repository/Filtreler/Butonlar' located by 'By.cssSelector: .dxb>span' in '10' second(s)

2021-10-14 17:40:53 - [MESSAGE][PASSED] - Method.TextDegerineEsitElementeTikla is PASSED

2021-10-14 17:40:53 - [MESSAGE][PASSED] - Call Test Case 'Test Cases/Filtreler/ButonaTikla' successfully

2021-10-14 17:40:53 - [MESSAGE][INFO] - Checking called Test Case

2021-10-14 17:40:53 - [MESSAGE][INFO] - Starting to call Test Case 'Test Cases/Tablo/TablodaVeriVarMi'

2021-10-14 17:40:53 - [TEST_CASE][PASSED] - Test Cases/Tablo/TablodaVeriVarMi: Test Cases/Tablo/TablodaVeriVarMi

2021-10-14 17:40:53 - [TEST_STEP][PASSED] - verifyTextNotPresent("Görüntülenecek veri yok", true): Text 'Görüntülenecek veri yok' is not present on page using regular expression

2021-10-14 17:40:53 - [MESSAGE][INFO] - Checking text present  using regular expression

2021-10-14 17:40:53 - [MESSAGE][INFO] - Smart Wait Function is triggered

2021-10-14 17:40:59 - [MESSAGE][INFO] - Finding text 'Görüntülenecek veri yok' on page  using regular expression

2021-10-14 17:40:59 - [MESSAGE][PASSED] - Text 'Görüntülenecek veri yok' is not present on page using regular expression

2021-10-14 17:40:59 - [MESSAGE][PASSED] - Call Test Case 'Test Cases/Tablo/TablodaVeriVarMi' successfully

2021-10-14 17:40:59 - [MESSAGE][INFO] - Checking called Test Case

2021-10-14 17:40:59 - [MESSAGE][INFO] - Starting to call Test Case 'Test Cases/Kullanici_Islemleri/KullaniciIslemlerindenSecimYapilir'

2021-10-14 17:40:59 - [TEST_CASE][PASSED] - Test Cases/Kullanici_Islemleri/KullaniciIslemlerindenSecimYapilir: Test Cases/Kullanici_Islemleri/KullaniciIslemlerindenSecimYapilir

2021-10-14 17:40:59 - [TEST_STEP][PASSED] - waitForElementClickable(findTestObject("Object Repository/Kullanici_Islemleri/KullaniciIslemleri"), 10): Object 'Object Repository/Kullanici_Islemleri/KullaniciIslemleri' is clickable

2021-10-14 17:40:59 - [MESSAGE][INFO] - Finding Test Object 'Object Repository/Kullanici_Islemleri/KullaniciIslemleri'

2021-10-14 17:40:59 - [MESSAGE][INFO] - Checking object

2021-10-14 17:40:59 - [MESSAGE][INFO] - Checking timeout

2021-10-14 17:40:59 - [MESSAGE][INFO] - Finding web element from Test Object's properties

2021-10-14 17:40:59 - [MESSAGE][INFO] - Checking timeout

2021-10-14 17:40:59 - [MESSAGE][INFO] - Finding web element with id: 'Object Repository/Kullanici_Islemleri/KullaniciIslemleri' located by 'By.cssSelector: .dropdown>a>img' in '10' second(s)

2021-10-14 17:40:59 - [MESSAGE][INFO] - Smart Wait Function is triggered

2021-10-14 17:41:00 - [MESSAGE][INFO] - Found 1 web elements with id: 'Object Repository/Kullanici_Islemleri/KullaniciIslemleri' located by 'By.cssSelector: .dropdown>a>img' in '10' second(s)

2021-10-14 17:41:00 - [MESSAGE][PASSED] - Object 'Object Repository/Kullanici_Islemleri/KullaniciIslemleri' is clickable

2021-10-14 17:41:00 - [TEST_STEP][PASSED] - click(findTestObject("Object Repository/Kullanici_Islemleri/KullaniciIslemleri")): Object: 'Object Repository/Kullanici_Islemleri/KullaniciIslemleri' is clicked on

2021-10-14 17:41:00 - [MESSAGE][INFO] - Finding Test Object 'Object Repository/Kullanici_Islemleri/KullaniciIslemleri'

2021-10-14 17:41:00 - [MESSAGE][INFO] - Checking object

2021-10-14 17:41:00 - [MESSAGE][INFO] - Finding web element from Test Object's properties

2021-10-14 17:41:00 - [MESSAGE][INFO] - Checking timeout

2021-10-14 17:41:00 - [MESSAGE][INFO] - Finding web element with id: 'Object Repository/Kullanici_Islemleri/KullaniciIslemleri' located by 'By.cssSelector: .dropdown>a>img' in '30' second(s)

2021-10-14 17:41:00 - [MESSAGE][INFO] - Smart Wait Function is triggered

2021-10-14 17:41:00 - [MESSAGE][INFO] - Found 1 web elements with id: 'Object Repository/Kullanici_Islemleri/KullaniciIslemleri' located by 'By.cssSelector: .dropdown>a>img' in '30' second(s)

2021-10-14 17:41:00 - [MESSAGE][INFO] - Clicking on object: 'Object Repository/Kullanici_Islemleri/KullaniciIslemleri'

2021-10-14 17:41:00 - [MESSAGE][PASSED] - Object: 'Object Repository/Kullanici_Islemleri/KullaniciIslemleri' is clicked on

2021-10-14 17:41:00 - [TEST_STEP][PASSED] - Method.TextDegerineEsitElementeTikla(findTestObject("Object Repository/Kullanici_Islemleri/Secenekler"), Islem): Method.TextDegerineEsitElementeTikla is PASSED

2021-10-14 17:41:00 - [MESSAGE][INFO] - Finding Test Object 'Object Repository/Kullanici_Islemleri/Secenekler'

2021-10-14 17:41:00 - [MESSAGE][INFO] - Checking timeout

2021-10-14 17:41:00 - [MESSAGE][INFO] - Finding web element with id: 'Object Repository/Kullanici_Islemleri/Secenekler' located by 'By.cssSelector: .nav.navbar-nav.navbar-right li a' in '10' second(s)

2021-10-14 17:41:00 - [MESSAGE][INFO] - Smart Wait Function is triggered

2021-10-14 17:41:00 - [MESSAGE][INFO] - Found 22 web elements with id: 'Object Repository/Kullanici_Islemleri/Secenekler' located by 'By.cssSelector: .nav.navbar-nav.navbar-right li a' in '10' second(s)

2021-10-14 17:41:02 - [MESSAGE][PASSED] - Method.TextDegerineEsitElementeTikla is PASSED

2021-10-14 17:41:02 - [TEST_STEP][PASSED] - verifyElementNotPresent(findTestObject("Object Repository/Kullanici_Islemleri/Secenekler"), 10): Web element with id: 'Object Repository/Kullanici_Islemleri/Secenekler' located by 'By.cssSelector: .nav.navbar-nav.navbar-right li a' is not present after '10' second(s)

2021-10-14 17:41:02 - [MESSAGE][INFO] - Finding Test Object 'Object Repository/Kullanici_Islemleri/Secenekler'

2021-10-14 17:41:02 - [MESSAGE][INFO] - Checking object

2021-10-14 17:41:02 - [MESSAGE][INFO] - Checking timeout

2021-10-14 17:41:02 - [MESSAGE][INFO] - Finding web element with id: 'Object Repository/Kullanici_Islemleri/Secenekler' located by 'By.cssSelector: .nav.navbar-nav.navbar-right li a' in '10' second(s)

2021-10-14 17:41:02 - [MESSAGE][INFO] - Smart Wait Function is triggered

2021-10-14 17:41:02 - [MESSAGE][PASSED] - Web element with id: 'Object Repository/Kullanici_Islemleri/Secenekler' located by 'By.cssSelector: .nav.navbar-nav.navbar-right li a' is not present after '10' second(s)

2021-10-14 17:41:02 - [MESSAGE][PASSED] - Call Test Case 'Test Cases/Kullanici_Islemleri/KullaniciIslemlerindenSecimYapilir' successfully

2021-10-14 17:41:02 - [TEST_CASE][PASSED] - Start Test Case : SCENARIO e-Serbest Meslek Makbuzlari excele aktarma: SCENARIO e-Serbest Meslek Makbuzlari excele aktarma

2021-10-14 17:41:02 - [TEST_STEP][PASSED] - Kullanıcı adı ELOGO6 ve Şifre 123456 olarak giriş yapılır: Kullanıcı adı ELOGO6 ve Şifre 123456 olarak giriş yapılır

2021-10-14 17:41:02 - [MESSAGE][PASSED] - Kullanıcı adı ELOGO6 ve Şifre 123456 olarak giriş yapılır

2021-10-14 17:41:02 - [TEST_STEP][PASSED] - Ana menüden e-Makbuz seçilir: Ana menüden e-Makbuz seçilir

2021-10-14 17:41:02 - [MESSAGE][PASSED] - Ana menüden e-Makbuz seçilir

2021-10-14 17:41:02 - [TEST_STEP][PASSED] - Alt menü e-Serbest Meslek Uygulaması başlığı altındaki e-Serbest Meslek Makbuzları seçilir: Alt menü e-Serbest Meslek Uygulaması başlığı altındaki e-Serbest Meslek Makbuzları seçilir

2021-10-14 17:41:02 - [MESSAGE][PASSED] - Alt menü e-Serbest Meslek Uygulaması başlığı altındaki e-Serbest Meslek Makbuzları seçilir

2021-10-14 17:41:02 - [TEST_STEP][PASSED] - Filtrelerden Oluşturma Tarihi filtresine 01.12.2020 baslangic degerini yaz: Filtrelerden Oluşturma Tarihi filtresine 01.12.2020 baslangic degerini yaz

2021-10-14 17:41:02 - [MESSAGE][PASSED] - Filtrelerden Oluşturma Tarihi filtresine 01.12.2020 baslangic degerini yaz

2021-10-14 17:41:02 - [TEST_STEP][PASSED] - Filtrelerden Oluşturma Tarihi filtresine 31.12.2020 bitis degerini yaz: Filtrelerden Oluşturma Tarihi filtresine 31.12.2020 bitis degerini yaz

2021-10-14 17:41:02 - [MESSAGE][PASSED] - Filtrelerden Oluşturma Tarihi filtresine 31.12.2020 bitis degerini yaz

2021-10-14 17:41:02 - [TEST_STEP][PASSED] - Filtrelerden Alıcı Unvan filtresine TEST textini yaz: Filtrelerden Alıcı Unvan filtresine TEST textini yaz

2021-10-14 17:41:02 - [MESSAGE][PASSED] - Filtrelerden Alıcı Unvan filtresine TEST textini yaz

2021-10-14 17:41:02 - [TEST_STEP][PASSED] - Filtre butonlarından Listele seçilir: Filtre butonlarından Listele seçilir

2021-10-14 17:41:02 - [MESSAGE][PASSED] - Filtre butonlarından Listele seçilir

2021-10-14 17:41:02 - [TEST_STEP][PASSED] - Tabloda veri var mı kontrol edilir: Tabloda veri var mı kontrol edilir

2021-10-14 17:41:02 - [MESSAGE][PASSED] - Tabloda veri var mı kontrol edilir

2021-10-14 17:41:02 - [TEST_STEP][PASSED] - Tablodan TEST isimli veri seçilir: Tablodan TEST isimli veri seçilir

2021-10-14 17:41:02 - [MESSAGE][PASSED] - Tablodan TEST isimli veri seçilir

2021-10-14 17:41:02 - [TEST_STEP][PASSED] - Butonlardan Excel isimli butona tıklanır: Butonlardan Excel isimli butona tıklanır

2021-10-14 17:41:02 - [MESSAGE][PASSED] - Butonlardan Excel isimli butona tıklanır

2021-10-14 17:41:02 - [TEST_STEP][PASSED] - Alt butonlardan Excel 'e Aktar butonuna tıklanır: Alt butonlardan Excel 'e Aktar butonuna tıklanır

2021-10-14 17:41:02 - [MESSAGE][PASSED] - Alt butonlardan Excel 'e Aktar butonuna tıklanır

2021-10-14 17:41:02 - [TEST_STEP][PASSED] - Popup mesajı Lütfen rapor bildiriminin gönderileceği e-posta adresini belirtiniz. içeriyor mu: Popup mesajı Lütfen rapor bildiriminin gönderileceği e-posta adresini belirtiniz. içeriyor mu

2021-10-14 17:41:02 - [MESSAGE][PASSED] - Popup mesajı Lütfen rapor bildiriminin gönderileceği e-posta adresini belirtiniz. içeriyor mu

2021-10-14 17:41:02 - [TEST_STEP][PASSED] - Yönetim popupında Gönder seçilir: Yönetim popupında Gönder seçilir

2021-10-14 17:41:02 - [MESSAGE][PASSED] - Yönetim popupında Gönder seçilir

2021-10-14 17:41:02 - [TEST_STEP][PASSED] - Popup mesajı Toplu Veri İndirme içeriyor mu: Popup mesajı Toplu Veri İndirme içeriyor mu

2021-10-14 17:41:02 - [MESSAGE][PASSED] - Popup mesajı Toplu Veri İndirme içeriyor mu

2021-10-14 17:41:02 - [TEST_STEP][PASSED] - Yönetim popupında Tamam seçilir: Yönetim popupında Tamam seçilir

2021-10-14 17:41:02 - [MESSAGE][PASSED] - Yönetim popupında Tamam seçilir

2021-10-14 17:41:02 - [TEST_STEP][PASSED] - Butonlardan Excel isimli butona tıklanır: Butonlardan Excel isimli butona tıklanır

2021-10-14 17:41:02 - [MESSAGE][PASSED] - Butonlardan Excel isimli butona tıklanır

2021-10-14 17:41:02 - [TEST_STEP][PASSED] - Alt butonlardan Tümünü Excel 'e Aktar butonuna tıklanır: Alt butonlardan Tümünü Excel 'e Aktar butonuna tıklanır

2021-10-14 17:41:02 - [MESSAGE][PASSED] - Alt butonlardan Tümünü Excel 'e Aktar butonuna tıklanır

2021-10-14 17:41:02 - [TEST_STEP][PASSED] - Popup mesajı Lütfen rapor bildiriminin gönderileceği e-posta adresini belirtiniz. içeriyor mu: Popup mesajı Lütfen rapor bildiriminin gönderileceği e-posta adresini belirtiniz. içeriyor mu

2021-10-14 17:41:02 - [MESSAGE][PASSED] - Popup mesajı Lütfen rapor bildiriminin gönderileceği e-posta adresini belirtiniz. içeriyor mu

2021-10-14 17:41:02 - [TEST_STEP][PASSED] - Yönetim popupında Gönder seçilir: Yönetim popupında Gönder seçilir

2021-10-14 17:41:02 - [MESSAGE][PASSED] - Yönetim popupında Gönder seçilir

2021-10-14 17:41:02 - [TEST_STEP][PASSED] - Popup mesajı Toplu Veri İndirme içeriyor mu: Popup mesajı Toplu Veri İndirme içeriyor mu

2021-10-14 17:41:02 - [MESSAGE][PASSED] - Popup mesajı Toplu Veri İndirme içeriyor mu

2021-10-14 17:41:02 - [TEST_STEP][PASSED] - Yönetim popupında Tamam seçilir: Yönetim popupında Tamam seçilir

2021-10-14 17:41:02 - [MESSAGE][PASSED] - Yönetim popupında Tamam seçilir

2021-10-14 17:41:02 - [TEST_STEP][PASSED] - Ana menüden Raporlar seçilir: Ana menüden Raporlar seçilir

2021-10-14 17:41:02 - [MESSAGE][PASSED] - Ana menüden Raporlar seçilir

2021-10-14 17:41:02 - [TEST_STEP][PASSED] - Alt menüden Toplu Veri İndirme seçilir: Alt menüden Toplu Veri İndirme seçilir

2021-10-14 17:41:02 - [MESSAGE][PASSED] - Alt menüden Toplu Veri İndirme seçilir

2021-10-14 17:41:02 - [TEST_STEP][PASSED] - Filtrelerden Talep No filtresine Rapor No bilgisi yaz: Filtrelerden Talep No filtresine Rapor No bilgisi yaz

2021-10-14 17:41:02 - [MESSAGE][PASSED] - Filtrelerden Talep No filtresine Rapor No bilgisi yaz

2021-10-14 17:41:02 - [TEST_STEP][PASSED] - Filtre butonlarından Listele seçilir: Filtre butonlarından Listele seçilir

2021-10-14 17:41:02 - [MESSAGE][PASSED] - Filtre butonlarından Listele seçilir

2021-10-14 17:41:02 - [TEST_STEP][PASSED] - Tabloda veri var mı kontrol edilir: Tabloda veri var mı kontrol edilir

2021-10-14 17:41:02 - [MESSAGE][PASSED] - Tabloda veri var mı kontrol edilir

2021-10-14 17:41:02 - [TEST_STEP][PASSED] - Kullanıcı işlemlerinden Çıkış seçilir: Kullanıcı işlemlerinden Çıkış seçilir

2021-10-14 17:41:02 - [MESSAGE][PASSED] - Kullanıcı işlemlerinden Çıkış seçilir

2021-10-14 17:41:02 - [MESSAGE][PASSED] - Feature file: 'Include/features/e-Makbuz/e-Serbest Meslek Uygulaması/e-Serbest Meslek Makbuzlari/Excele Aktar.feature' was passed

2021-10-14 17:41:02 - [TEST_STEP][PASSED] - Start listener action : sampleAfterTestSuite: Invoke 'com.kms.katalon.core.annotation.AfterTestCase' method: 'Listener.sampleAfterTestSuite(...)' completed.

2021-10-14 17:41:02 - [MESSAGE][INFO] - Starting invoke 'com.kms.katalon.core.annotation.AfterTestCase' method: 'Listener.sampleAfterTestSuite(...)'

2021-10-14 17:41:02 - [TEST_STEP][PASSED] - closeBrowser(): Invoke 'com.kms.katalon.core.annotation.AfterTestCase' method: 'Listener.sampleAfterTestSuite(...)' completed.

2021-10-14 17:41:02 - [MESSAGE][INFO] - Closing browser

2021-10-14 17:41:03 - [MESSAGE][PASSED] - Browser is closed

2021-10-14 17:41:03 - [MESSAGE][INFO] - Invoke 'com.kms.katalon.core.annotation.AfterTestCase' method: 'Listener.sampleAfterTestSuite(...)' completed.]]></system-out>
         <system-err><![CDATA[]]></system-err>
      </testcase>
      <testcase name="Test Cases/Case Repository/e-Makbuz/e-Serbest Meslek Uygulamasi/e-Serbest Meslek Makbuzlari/Toplu Indirme" time="49.848" classname="Test Cases/Case Repository/e-Makbuz/e-Serbest Meslek Uygulamasi/e-Serbest Meslek Makbuzlari/Toplu Indirme" status="PASSED">
         <system-out><![CDATA[2021-10-14 17:41:03 - [TEST_CASE][PASSED] - Test Cases/Case Repository/e-Makbuz/e-Serbest Meslek Uygulamasi/e-Serbest Meslek Makbuzlari/Toplu Indirme: Test Cases/Case Repository/e-Makbuz/e-Serbest Meslek Uygulamasi/e-Serbest Meslek Makbuzlari/Toplu Indirme

2021-10-14 17:41:03 - [TEST_STEP][PASSED] - Start listener action : sampleBeforeTestSuite: Invoke 'com.kms.katalon.core.annotation.BeforeTestCase' method: 'Listener.sampleBeforeTestSuite(...)' completed.

2021-10-14 17:41:03 - [MESSAGE][INFO] - Starting invoke 'com.kms.katalon.core.annotation.BeforeTestCase' method: 'Listener.sampleBeforeTestSuite(...)'

2021-10-14 17:41:03 - [TEST_STEP][PASSED] - openBrowser(baseUrl): Browser is opened with url: 'https://efatura-stage.elogo.com.tr/'

2021-10-14 17:41:03 - [MESSAGE][INFO] - Opening browser

2021-10-14 17:41:03 - [MESSAGE][INFO] - Starting 'Chrome' driver

2021-10-14 17:41:03 - [MESSAGE][INFO] - User set preference: ['prefs', '{download.default_directory=C:\otomasyondownfiles}']

2021-10-14 17:41:03 - [MESSAGE][INFO] - Action delay is set to 0 milliseconds

2021-10-14 17:41:04 - [MESSAGE][INFO] - Navigating browser to: 'https://efatura-stage.elogo.com.tr/'

2021-10-14 17:41:06 - [MESSAGE][PASSED] - Browser is opened with url: 'https://efatura-stage.elogo.com.tr/'

2021-10-14 17:41:06 - [TEST_STEP][PASSED] - maximizeWindow(): Invoke 'com.kms.katalon.core.annotation.BeforeTestCase' method: 'Listener.sampleBeforeTestSuite(...)' completed.

2021-10-14 17:41:06 - [MESSAGE][INFO] - Maximizing current window

2021-10-14 17:41:06 - [MESSAGE][PASSED] - Current window maximized

2021-10-14 17:41:06 - [MESSAGE][INFO] - Invoke 'com.kms.katalon.core.annotation.BeforeTestCase' method: 'Listener.sampleBeforeTestSuite(...)' completed.

2021-10-14 17:41:07 - [TEST_STEP][PASSED] - runFeatureFile("Include/features/e-Makbuz/e-Serbest Meslek Uygulaması/e-Serbest Meslek Makbuzlari/Toplu Indirme.feature"): Feature file: 'Include/features/e-Makbuz/e-Serbest Meslek Uygulaması/e-Serbest Meslek Makbuzlari/Toplu Indirme.feature' was passed

2021-10-14 17:41:07 - [MESSAGE][INFO] - Starting run keyword runFeatureFile: 'Include/features/e-Makbuz/e-Serbest Meslek Uygulaması/e-Serbest Meslek Makbuzlari/Toplu Indirme.feature' and extract report to folder: 'C:\Users\DELL\Downloads\EES_Katalon-main\Reports\20211014_170112\Suite Repository\ExceleAktarVeTopluIndirme\20211014_170125/cucumber_report/1634222467251'...

2021-10-14 17:41:07 - [MESSAGE][INFO] - Glue: []

2021-10-14 17:41:07 - [MESSAGE][INFO] - Checking called Test Case

2021-10-14 17:41:07 - [MESSAGE][INFO] - Starting to call Test Case 'Test Cases/Sayfalar/Giris_Sayfasi/Login'

2021-10-14 17:41:07 - [TEST_CASE][PASSED] - Test Cases/Sayfalar/Giris_Sayfasi/Login: Test Cases/Sayfalar/Giris_Sayfasi/Login

2021-10-14 17:41:07 - [TEST_STEP][PASSED] - Sayfa_Basligi = getWindowTitle(): Current window's title is: 'LOGO e-Fatura'

2021-10-14 17:41:07 - [MESSAGE][INFO] - Getting current window's title

2021-10-14 17:41:07 - [MESSAGE][PASSED] - Current window's title is: 'LOGO e-Fatura'

2021-10-14 17:41:07 - [TEST_STEP][PASSED] - verifyMatch(Sayfa_Basligi, "LOGO e-Fatura", false): Actual text 'LOGO e-Fatura' and expected text 'LOGO e-Fatura' are matched 

2021-10-14 17:41:07 - [MESSAGE][INFO] - Matching actual text 'LOGO e-Fatura' with expected text 'LOGO e-Fatura'

2021-10-14 17:41:07 - [MESSAGE][PASSED] - Actual text 'LOGO e-Fatura' and expected text 'LOGO e-Fatura' are matched 

2021-10-14 17:41:07 - [TEST_STEP][PASSED] - sendKeys(findTestObject("Sayfalar/Giris_Sayfasi/Firma_Kodu"), KullaniciAdi): Keys 'ELOGO6' sent to object: 'Object Repository/Sayfalar/Giris_Sayfasi/Firma_Kodu'

2021-10-14 17:41:07 - [MESSAGE][INFO] - Finding Test Object 'Object Repository/Sayfalar/Giris_Sayfasi/Firma_Kodu'

2021-10-14 17:41:08 - [MESSAGE][INFO] - Sending keys 'ELOGO6' to object: 'Object Repository/Sayfalar/Giris_Sayfasi/Firma_Kodu'

2021-10-14 17:41:08 - [MESSAGE][INFO] - Finding web element from Test Object's properties

2021-10-14 17:41:08 - [MESSAGE][INFO] - Checking timeout

2021-10-14 17:41:08 - [MESSAGE][INFO] - Finding web element with id: 'Object Repository/Sayfalar/Giris_Sayfasi/Firma_Kodu' located by 'By.xpath: //*[@id = 'AccountName']' in '30' second(s)

2021-10-14 17:41:08 - [MESSAGE][INFO] - Smart Wait Function is triggered

2021-10-14 17:41:08 - [MESSAGE][INFO] - Found 1 web elements with id: 'Object Repository/Sayfalar/Giris_Sayfasi/Firma_Kodu' located by 'By.xpath: //*[@id = 'AccountName']' in '30' second(s)

2021-10-14 17:41:08 - [MESSAGE][PASSED] - Keys 'ELOGO6' sent to object: 'Object Repository/Sayfalar/Giris_Sayfasi/Firma_Kodu'

2021-10-14 17:41:08 - [TEST_STEP][PASSED] - sendKeys(findTestObject("Sayfalar/Giris_Sayfasi/Sifre"), Sifre): Keys '123456' sent to object: 'Object Repository/Sayfalar/Giris_Sayfasi/Sifre'

2021-10-14 17:41:08 - [MESSAGE][INFO] - Finding Test Object 'Object Repository/Sayfalar/Giris_Sayfasi/Sifre'

2021-10-14 17:41:08 - [MESSAGE][INFO] - Sending keys '123456' to object: 'Object Repository/Sayfalar/Giris_Sayfasi/Sifre'

2021-10-14 17:41:08 - [MESSAGE][INFO] - Finding web element from Test Object's properties

2021-10-14 17:41:08 - [MESSAGE][INFO] - Checking timeout

2021-10-14 17:41:08 - [MESSAGE][INFO] - Finding web element with id: 'Object Repository/Sayfalar/Giris_Sayfasi/Sifre' located by 'By.xpath: //*[@id = 'Password']' in '30' second(s)

2021-10-14 17:41:08 - [MESSAGE][INFO] - Smart Wait Function is triggered

2021-10-14 17:41:08 - [MESSAGE][INFO] - Found 1 web elements with id: 'Object Repository/Sayfalar/Giris_Sayfasi/Sifre' located by 'By.xpath: //*[@id = 'Password']' in '30' second(s)

2021-10-14 17:41:08 - [MESSAGE][PASSED] - Keys '123456' sent to object: 'Object Repository/Sayfalar/Giris_Sayfasi/Sifre'

2021-10-14 17:41:08 - [TEST_STEP][PASSED] - findWebElement(findTestObject("Sayfalar/Giris_Sayfasi/Giris_Butonu")).click(): Found 1 web elements with id: 'Object Repository/Sayfalar/Giris_Sayfasi/Giris_Butonu' located by 'By.cssSelector: #btnLogin' in '30' second(s)

2021-10-14 17:41:08 - [MESSAGE][INFO] - Finding Test Object 'Object Repository/Sayfalar/Giris_Sayfasi/Giris_Butonu'

2021-10-14 17:41:08 - [MESSAGE][INFO] - Finding web element from Test Object's properties

2021-10-14 17:41:08 - [MESSAGE][INFO] - Checking timeout

2021-10-14 17:41:08 - [MESSAGE][INFO] - Finding web element with id: 'Object Repository/Sayfalar/Giris_Sayfasi/Giris_Butonu' located by 'By.cssSelector: #btnLogin' in '30' second(s)

2021-10-14 17:41:08 - [MESSAGE][INFO] - Smart Wait Function is triggered

2021-10-14 17:41:09 - [MESSAGE][INFO] - Found 1 web elements with id: 'Object Repository/Sayfalar/Giris_Sayfasi/Giris_Butonu' located by 'By.cssSelector: #btnLogin' in '30' second(s)

2021-10-14 17:41:11 - [TEST_STEP][PASSED] - if (verifyElementPresent(findTestObject("Object Repository/Sayfalar/Giris_Sayfasi/RetveTamam_Butonu"), 5, OPTIONAL)): null

2021-10-14 17:41:11 - [MESSAGE][INFO] - Finding Test Object 'Object Repository/Sayfalar/Giris_Sayfasi/RetveTamam_Butonu'

2021-10-14 17:41:11 - [MESSAGE][INFO] - Checking object

2021-10-14 17:41:11 - [MESSAGE][INFO] - Finding web element from Test Object's properties

2021-10-14 17:41:11 - [MESSAGE][INFO] - Checking timeout

2021-10-14 17:41:11 - [MESSAGE][INFO] - Finding web element with id: 'Object Repository/Sayfalar/Giris_Sayfasi/RetveTamam_Butonu' located by 'By.xpath: //*[@class = 'btn btn-default']' in '5' second(s)

2021-10-14 17:41:11 - [MESSAGE][INFO] - Smart Wait Function is triggered

2021-10-14 17:41:11 - [MESSAGE][INFO] - Found 1 web elements with id: 'Object Repository/Sayfalar/Giris_Sayfasi/RetveTamam_Butonu' located by 'By.xpath: //*[@class = 'btn btn-default']' in '5' second(s)

2021-10-14 17:41:11 - [MESSAGE][PASSED] - Object 'Object Repository/Sayfalar/Giris_Sayfasi/RetveTamam_Butonu' is present

2021-10-14 17:41:11 - [TEST_STEP][PASSED] - click(findTestObject("Object Repository/Sayfalar/Giris_Sayfasi/RetveTamam_Butonu")): Object: 'Object Repository/Sayfalar/Giris_Sayfasi/RetveTamam_Butonu' is clicked on

2021-10-14 17:41:11 - [MESSAGE][INFO] - Finding Test Object 'Object Repository/Sayfalar/Giris_Sayfasi/RetveTamam_Butonu'

2021-10-14 17:41:12 - [MESSAGE][INFO] - Checking object

2021-10-14 17:41:12 - [MESSAGE][INFO] - Finding web element from Test Object's properties

2021-10-14 17:41:12 - [MESSAGE][INFO] - Checking timeout

2021-10-14 17:41:12 - [MESSAGE][INFO] - Finding web element with id: 'Object Repository/Sayfalar/Giris_Sayfasi/RetveTamam_Butonu' located by 'By.xpath: //*[@class = 'btn btn-default']' in '30' second(s)

2021-10-14 17:41:12 - [MESSAGE][INFO] - Smart Wait Function is triggered

2021-10-14 17:41:12 - [MESSAGE][INFO] - Found 1 web elements with id: 'Object Repository/Sayfalar/Giris_Sayfasi/RetveTamam_Butonu' located by 'By.xpath: //*[@class = 'btn btn-default']' in '30' second(s)

2021-10-14 17:41:12 - [MESSAGE][INFO] - Clicking on object: 'Object Repository/Sayfalar/Giris_Sayfasi/RetveTamam_Butonu'

2021-10-14 17:41:12 - [MESSAGE][PASSED] - Object: 'Object Repository/Sayfalar/Giris_Sayfasi/RetveTamam_Butonu' is clicked on

2021-10-14 17:41:12 - [TEST_STEP][PASSED] - click(findTestObject("Object Repository/Sayfalar/Giris_Sayfasi/RetveTamam_Butonu")): Object: 'Object Repository/Sayfalar/Giris_Sayfasi/RetveTamam_Butonu' is clicked on

2021-10-14 17:41:12 - [MESSAGE][INFO] - Finding Test Object 'Object Repository/Sayfalar/Giris_Sayfasi/RetveTamam_Butonu'

2021-10-14 17:41:12 - [MESSAGE][INFO] - Checking object

2021-10-14 17:41:12 - [MESSAGE][INFO] - Finding web element from Test Object's properties

2021-10-14 17:41:12 - [MESSAGE][INFO] - Checking timeout

2021-10-14 17:41:12 - [MESSAGE][INFO] - Finding web element with id: 'Object Repository/Sayfalar/Giris_Sayfasi/RetveTamam_Butonu' located by 'By.xpath: //*[@class = 'btn btn-default']' in '30' second(s)

2021-10-14 17:41:12 - [MESSAGE][INFO] - Smart Wait Function is triggered

2021-10-14 17:41:15 - [MESSAGE][INFO] - Found 1 web elements with id: 'Object Repository/Sayfalar/Giris_Sayfasi/RetveTamam_Butonu' located by 'By.xpath: //*[@class = 'btn btn-default']' in '30' second(s)

2021-10-14 17:41:15 - [MESSAGE][INFO] - Clicking on object: 'Object Repository/Sayfalar/Giris_Sayfasi/RetveTamam_Butonu'

2021-10-14 17:41:15 - [MESSAGE][PASSED] - Object: 'Object Repository/Sayfalar/Giris_Sayfasi/RetveTamam_Butonu' is clicked on

2021-10-14 17:41:15 - [TEST_STEP][PASSED] - if (verifyElementPresent(findTestObject("Sayfalar/Giris_Sayfasi/PopupOK"), 5, OPTIONAL)): null

2021-10-14 17:41:15 - [MESSAGE][INFO] - Finding Test Object 'Object Repository/Sayfalar/Giris_Sayfasi/PopupOK'

2021-10-14 17:41:15 - [MESSAGE][INFO] - Checking object

2021-10-14 17:41:15 - [MESSAGE][INFO] - Finding web element from Test Object's properties

2021-10-14 17:41:15 - [MESSAGE][INFO] - Checking timeout

2021-10-14 17:41:15 - [MESSAGE][INFO] - Finding web element with id: 'Object Repository/Sayfalar/Giris_Sayfasi/PopupOK' located by 'By.cssSelector: .btn.btn-success' in '5' second(s)

2021-10-14 17:41:15 - [MESSAGE][INFO] - Smart Wait Function is triggered

2021-10-14 17:41:16 - [MESSAGE][INFO] - Found 1 web elements with id: 'Object Repository/Sayfalar/Giris_Sayfasi/PopupOK' located by 'By.cssSelector: .btn.btn-success' in '5' second(s)

2021-10-14 17:41:16 - [MESSAGE][PASSED] - Object 'Object Repository/Sayfalar/Giris_Sayfasi/PopupOK' is present

2021-10-14 17:41:16 - [TEST_STEP][PASSED] - click(findTestObject("Object Repository/Sayfalar/Giris_Sayfasi/PopupCarpiGiris")): Object: 'Object Repository/Sayfalar/Giris_Sayfasi/PopupCarpiGiris' is clicked on

2021-10-14 17:41:16 - [MESSAGE][INFO] - Finding Test Object 'Object Repository/Sayfalar/Giris_Sayfasi/PopupCarpiGiris'

2021-10-14 17:41:16 - [MESSAGE][INFO] - Checking object

2021-10-14 17:41:16 - [MESSAGE][INFO] - Finding web element from Test Object's properties

2021-10-14 17:41:16 - [MESSAGE][INFO] - Checking timeout

2021-10-14 17:41:16 - [MESSAGE][INFO] - Finding web element with id: 'Object Repository/Sayfalar/Giris_Sayfasi/PopupCarpiGiris' located by 'By.cssSelector: .bootbox-close-button.close' in '30' second(s)

2021-10-14 17:41:16 - [MESSAGE][INFO] - Smart Wait Function is triggered

2021-10-14 17:41:16 - [MESSAGE][INFO] - Found 1 web elements with id: 'Object Repository/Sayfalar/Giris_Sayfasi/PopupCarpiGiris' located by 'By.cssSelector: .bootbox-close-button.close' in '30' second(s)

2021-10-14 17:41:16 - [MESSAGE][INFO] - Clicking on object: 'Object Repository/Sayfalar/Giris_Sayfasi/PopupCarpiGiris'

2021-10-14 17:41:16 - [MESSAGE][PASSED] - Object: 'Object Repository/Sayfalar/Giris_Sayfasi/PopupCarpiGiris' is clicked on

2021-10-14 17:41:16 - [TEST_STEP][PASSED] - verifyElementVisible(findTestObject("Object Repository/Kullanici_Islemleri/KullaniciIslemleri")): Object 'Object Repository/Kullanici_Islemleri/KullaniciIslemleri' is visible

2021-10-14 17:41:16 - [MESSAGE][INFO] - Finding Test Object 'Object Repository/Kullanici_Islemleri/KullaniciIslemleri'

2021-10-14 17:41:17 - [MESSAGE][INFO] - Checking object

2021-10-14 17:41:17 - [MESSAGE][INFO] - Finding web element from Test Object's properties

2021-10-14 17:41:17 - [MESSAGE][INFO] - Checking timeout

2021-10-14 17:41:17 - [MESSAGE][INFO] - Finding web element with id: 'Object Repository/Kullanici_Islemleri/KullaniciIslemleri' located by 'By.cssSelector: .dropdown>a>img' in '30' second(s)

2021-10-14 17:41:17 - [MESSAGE][INFO] - Smart Wait Function is triggered

2021-10-14 17:41:17 - [MESSAGE][INFO] - Found 1 web elements with id: 'Object Repository/Kullanici_Islemleri/KullaniciIslemleri' located by 'By.cssSelector: .dropdown>a>img' in '30' second(s)

2021-10-14 17:41:17 - [MESSAGE][PASSED] - Object 'Object Repository/Kullanici_Islemleri/KullaniciIslemleri' is visible

2021-10-14 17:41:17 - [MESSAGE][PASSED] - Call Test Case 'Test Cases/Sayfalar/Giris_Sayfasi/Login' successfully

2021-10-14 17:41:17 - [MESSAGE][INFO] - Checking called Test Case

2021-10-14 17:41:17 - [MESSAGE][INFO] - Starting to call Test Case 'Test Cases/Menu/AnaMenuSecimi'

2021-10-14 17:41:17 - [TEST_CASE][PASSED] - Test Cases/Menu/AnaMenuSecimi: Test Cases/Menu/AnaMenuSecimi

2021-10-14 17:41:17 - [TEST_STEP][PASSED] - Method.TextDegerineEsitElementeTikla(findTestObject("Menu/Ana_Menu"), Ana_Menu): Method.TextDegerineEsitElementeTikla is PASSED

2021-10-14 17:41:17 - [MESSAGE][INFO] - Finding Test Object 'Object Repository/Menu/Ana_Menu'

2021-10-14 17:41:17 - [MESSAGE][INFO] - Checking timeout

2021-10-14 17:41:17 - [MESSAGE][INFO] - Finding web element with id: 'Object Repository/Menu/Ana_Menu' located by 'By.xpath: //*[@class = 'dropdown-toggle']' in '10' second(s)

2021-10-14 17:41:17 - [MESSAGE][INFO] - Smart Wait Function is triggered

2021-10-14 17:41:18 - [MESSAGE][INFO] - Found 14 web elements with id: 'Object Repository/Menu/Ana_Menu' located by 'By.xpath: //*[@class = 'dropdown-toggle']' in '10' second(s)

2021-10-14 17:41:18 - [MESSAGE][PASSED] - Method.TextDegerineEsitElementeTikla is PASSED

2021-10-14 17:41:18 - [MESSAGE][PASSED] - Call Test Case 'Test Cases/Menu/AnaMenuSecimi' successfully

2021-10-14 17:41:18 - [MESSAGE][INFO] - Checking called Test Case

2021-10-14 17:41:18 - [MESSAGE][INFO] - Starting to call Test Case 'Test Cases/Menu/BasligaGoreAltMenuSecimi'

2021-10-14 17:41:18 - [TEST_CASE][PASSED] - Test Cases/Menu/BasligaGoreAltMenuSecimi: Test Cases/Menu/BasligaGoreAltMenuSecimi

2021-10-14 17:41:18 - [TEST_STEP][PASSED] - Method.TextDegerineEsitElementinAltindakiTextDegerineEsitOlanaTikla(findTestObject("Menu/Menu_Basligi"), findTestObject("Menu/Basliga_Gore_Alt_Menu"), Baslik, Alt_Menu): Method.TextDegerineEsitElementinAltindakiTextDegerineEsitOlanaTikla is PASSED

2021-10-14 17:41:18 - [MESSAGE][INFO] - Finding Test Object 'Object Repository/Menu/Menu_Basligi'

2021-10-14 17:41:18 - [MESSAGE][INFO] - Finding Test Object 'Object Repository/Menu/Basliga_Gore_Alt_Menu'

2021-10-14 17:41:18 - [MESSAGE][INFO] - Checking timeout

2021-10-14 17:41:18 - [MESSAGE][INFO] - Finding web element with id: 'Object Repository/Menu/Menu_Basligi' located by 'By.xpath: //li[@class='dropdown dropdown-large open']//li[@class='dropdown-header']' in '10' second(s)

2021-10-14 17:41:18 - [MESSAGE][INFO] - Smart Wait Function is triggered

2021-10-14 17:41:18 - [MESSAGE][INFO] - Found 2 web elements with id: 'Object Repository/Menu/Menu_Basligi' located by 'By.xpath: //li[@class='dropdown dropdown-large open']//li[@class='dropdown-header']' in '10' second(s)

2021-10-14 17:41:18 - [MESSAGE][INFO] - Smart Wait Function is triggered

2021-10-14 17:41:20 - [MESSAGE][PASSED] - Method.TextDegerineEsitElementinAltindakiTextDegerineEsitOlanaTikla is PASSED

2021-10-14 17:41:20 - [MESSAGE][PASSED] - Call Test Case 'Test Cases/Menu/BasligaGoreAltMenuSecimi' successfully

2021-10-14 17:41:20 - [MESSAGE][INFO] - Checking called Test Case

2021-10-14 17:41:20 - [MESSAGE][INFO] - Starting to call Test Case 'Test Cases/Filtreler/BaslangicYaz'

2021-10-14 17:41:20 - [TEST_CASE][PASSED] - Test Cases/Filtreler/BaslangicYaz: Test Cases/Filtreler/BaslangicYaz

2021-10-14 17:41:20 - [TEST_STEP][PASSED] - Method.TextDegerineEsitElementinAltindakineTikla(findTestObject("Filtreler/Basliklar"), findTestObject("Filtreler/Basliga_Gore_Baslangic_Image"), Filtre_Adi): Method.TextDegerineEsitElementinAltindakineTikla is PASSED

2021-10-14 17:41:20 - [MESSAGE][INFO] - Finding Test Object 'Object Repository/Filtreler/Basliklar'

2021-10-14 17:41:21 - [MESSAGE][INFO] - Finding Test Object 'Object Repository/Filtreler/Basliga_Gore_Baslangic_Image'

2021-10-14 17:41:21 - [MESSAGE][INFO] - Checking timeout

2021-10-14 17:41:21 - [MESSAGE][INFO] - Finding web element with id: 'Object Repository/Filtreler/Basliklar' located by 'By.cssSelector: .control-label.col-sm-4.paddingMarginRLC' in '10' second(s)

2021-10-14 17:41:21 - [MESSAGE][INFO] - Smart Wait Function is triggered

2021-10-14 17:41:21 - [MESSAGE][INFO] - Found 13 web elements with id: 'Object Repository/Filtreler/Basliklar' located by 'By.cssSelector: .control-label.col-sm-4.paddingMarginRLC' in '10' second(s)

2021-10-14 17:41:21 - [MESSAGE][INFO] - Smart Wait Function is triggered

2021-10-14 17:41:21 - [MESSAGE][PASSED] - Method.TextDegerineEsitElementinAltindakineTikla is PASSED

2021-10-14 17:41:21 - [TEST_STEP][PASSED] - Method.TextDegerineEsitElementinAltindakiTextboxtaYaz(findTestObject("Filtreler/Basliklar"), findTestObject("Filtreler/Basliga_Gore_Baslangic"), Filtre_Adi, Filtre_Degeri): Method.TextDegerineEsitElementinAltindakiTextboxtaYaz is PASSED

2021-10-14 17:41:21 - [MESSAGE][INFO] - Finding Test Object 'Object Repository/Filtreler/Basliklar'

2021-10-14 17:41:21 - [MESSAGE][INFO] - Finding Test Object 'Object Repository/Filtreler/Basliga_Gore_Baslangic'

2021-10-14 17:41:21 - [MESSAGE][INFO] - Checking timeout

2021-10-14 17:41:21 - [MESSAGE][INFO] - Finding web element with id: 'Object Repository/Filtreler/Basliklar' located by 'By.cssSelector: .control-label.col-sm-4.paddingMarginRLC' in '10' second(s)

2021-10-14 17:41:21 - [MESSAGE][INFO] - Smart Wait Function is triggered

2021-10-14 17:41:22 - [MESSAGE][INFO] - Found 13 web elements with id: 'Object Repository/Filtreler/Basliklar' located by 'By.cssSelector: .control-label.col-sm-4.paddingMarginRLC' in '10' second(s)

2021-10-14 17:41:22 - [MESSAGE][INFO] - Smart Wait Function is triggered

2021-10-14 17:41:22 - [MESSAGE][PASSED] - Method.TextDegerineEsitElementinAltindakiTextboxtaYaz is PASSED

2021-10-14 17:41:22 - [MESSAGE][PASSED] - Call Test Case 'Test Cases/Filtreler/BaslangicYaz' successfully

2021-10-14 17:41:22 - [MESSAGE][INFO] - Checking called Test Case

2021-10-14 17:41:22 - [MESSAGE][INFO] - Starting to call Test Case 'Test Cases/Filtreler/BitisYaz'

2021-10-14 17:41:22 - [TEST_CASE][PASSED] - Test Cases/Filtreler/BitisYaz: Test Cases/Filtreler/BitisYaz

2021-10-14 17:41:22 - [TEST_STEP][PASSED] - Method.TextDegerineEsitElementinAltindakineTikla(findTestObject("Filtreler/Basliklar"), findTestObject("Filtreler/Basliga_Gore_Bitis_Image"), Filtre_Adi): Method.TextDegerineEsitElementinAltindakineTikla is PASSED

2021-10-14 17:41:22 - [MESSAGE][INFO] - Finding Test Object 'Object Repository/Filtreler/Basliklar'

2021-10-14 17:41:22 - [MESSAGE][INFO] - Finding Test Object 'Object Repository/Filtreler/Basliga_Gore_Bitis_Image'

2021-10-14 17:41:22 - [MESSAGE][INFO] - Checking timeout

2021-10-14 17:41:22 - [MESSAGE][INFO] - Finding web element with id: 'Object Repository/Filtreler/Basliklar' located by 'By.cssSelector: .control-label.col-sm-4.paddingMarginRLC' in '10' second(s)

2021-10-14 17:41:22 - [MESSAGE][INFO] - Smart Wait Function is triggered

2021-10-14 17:41:23 - [MESSAGE][INFO] - Found 13 web elements with id: 'Object Repository/Filtreler/Basliklar' located by 'By.cssSelector: .control-label.col-sm-4.paddingMarginRLC' in '10' second(s)

2021-10-14 17:41:23 - [MESSAGE][INFO] - Smart Wait Function is triggered

2021-10-14 17:41:23 - [MESSAGE][PASSED] - Method.TextDegerineEsitElementinAltindakineTikla is PASSED

2021-10-14 17:41:23 - [TEST_STEP][PASSED] - Method.TextDegerineEsitElementinAltindakiTextboxtaYaz(findTestObject("Filtreler/Basliklar"), findTestObject("Object Repository/Filtreler/Basliga_Gore_Bitis"), Filtre_Adi, Filtre_Degeri): Method.TextDegerineEsitElementinAltindakiTextboxtaYaz is PASSED

2021-10-14 17:41:23 - [MESSAGE][INFO] - Finding Test Object 'Object Repository/Filtreler/Basliklar'

2021-10-14 17:41:23 - [MESSAGE][INFO] - Finding Test Object 'Object Repository/Filtreler/Basliga_Gore_Bitis'

2021-10-14 17:41:23 - [MESSAGE][INFO] - Checking timeout

2021-10-14 17:41:23 - [MESSAGE][INFO] - Finding web element with id: 'Object Repository/Filtreler/Basliklar' located by 'By.cssSelector: .control-label.col-sm-4.paddingMarginRLC' in '10' second(s)

2021-10-14 17:41:23 - [MESSAGE][INFO] - Smart Wait Function is triggered

2021-10-14 17:41:23 - [MESSAGE][INFO] - Found 13 web elements with id: 'Object Repository/Filtreler/Basliklar' located by 'By.cssSelector: .control-label.col-sm-4.paddingMarginRLC' in '10' second(s)

2021-10-14 17:41:23 - [MESSAGE][INFO] - Smart Wait Function is triggered

2021-10-14 17:41:24 - [MESSAGE][PASSED] - Method.TextDegerineEsitElementinAltindakiTextboxtaYaz is PASSED

2021-10-14 17:41:24 - [MESSAGE][PASSED] - Call Test Case 'Test Cases/Filtreler/BitisYaz' successfully

2021-10-14 17:41:24 - [MESSAGE][INFO] - Checking called Test Case

2021-10-14 17:41:24 - [MESSAGE][INFO] - Starting to call Test Case 'Test Cases/Filtreler/TexboxaYaz'

2021-10-14 17:41:24 - [TEST_CASE][PASSED] - Test Cases/Filtreler/TexboxaYaz: Test Cases/Filtreler/TexboxaYaz

2021-10-14 17:41:24 - [TEST_STEP][PASSED] - Method.TextDegerineEsitElementinAltindakiTextboxtaYaz(findTestObject("Filtreler/Basliklar"), findTestObject("Filtreler/Basliga_Gore_Textbox"), Filtre_Adi, Filtre_Degeri): Method.TextDegerineEsitElementinAltindakiTextboxtaYaz is PASSED

2021-10-14 17:41:24 - [MESSAGE][INFO] - Finding Test Object 'Object Repository/Filtreler/Basliklar'

2021-10-14 17:41:24 - [MESSAGE][INFO] - Finding Test Object 'Object Repository/Filtreler/Basliga_Gore_Textbox'

2021-10-14 17:41:24 - [MESSAGE][INFO] - Checking timeout

2021-10-14 17:41:24 - [MESSAGE][INFO] - Finding web element with id: 'Object Repository/Filtreler/Basliklar' located by 'By.cssSelector: .control-label.col-sm-4.paddingMarginRLC' in '10' second(s)

2021-10-14 17:41:24 - [MESSAGE][INFO] - Smart Wait Function is triggered

2021-10-14 17:41:24 - [MESSAGE][INFO] - Found 13 web elements with id: 'Object Repository/Filtreler/Basliklar' located by 'By.cssSelector: .control-label.col-sm-4.paddingMarginRLC' in '10' second(s)

2021-10-14 17:41:24 - [MESSAGE][INFO] - Smart Wait Function is triggered

2021-10-14 17:41:25 - [MESSAGE][PASSED] - Method.TextDegerineEsitElementinAltindakiTextboxtaYaz is PASSED

2021-10-14 17:41:25 - [MESSAGE][PASSED] - Call Test Case 'Test Cases/Filtreler/TexboxaYaz' successfully

2021-10-14 17:41:25 - [MESSAGE][INFO] - Checking called Test Case

2021-10-14 17:41:25 - [MESSAGE][INFO] - Starting to call Test Case 'Test Cases/Filtreler/ButonaTikla'

2021-10-14 17:41:25 - [TEST_CASE][PASSED] - Test Cases/Filtreler/ButonaTikla: Test Cases/Filtreler/ButonaTikla

2021-10-14 17:41:25 - [TEST_STEP][PASSED] - Method.TextDegerineEsitElementeTikla(findTestObject("Filtreler/Butonlar"), Filtre_Buton): Method.TextDegerineEsitElementeTikla is PASSED

2021-10-14 17:41:25 - [MESSAGE][INFO] - Finding Test Object 'Object Repository/Filtreler/Butonlar'

2021-10-14 17:41:25 - [MESSAGE][INFO] - Checking timeout

2021-10-14 17:41:25 - [MESSAGE][INFO] - Finding web element with id: 'Object Repository/Filtreler/Butonlar' located by 'By.cssSelector: .dxb>span' in '10' second(s)

2021-10-14 17:41:25 - [MESSAGE][INFO] - Smart Wait Function is triggered

2021-10-14 17:41:25 - [MESSAGE][INFO] - Found 3 web elements with id: 'Object Repository/Filtreler/Butonlar' located by 'By.cssSelector: .dxb>span' in '10' second(s)

2021-10-14 17:41:25 - [MESSAGE][PASSED] - Method.TextDegerineEsitElementeTikla is PASSED

2021-10-14 17:41:25 - [MESSAGE][PASSED] - Call Test Case 'Test Cases/Filtreler/ButonaTikla' successfully

2021-10-14 17:41:25 - [MESSAGE][INFO] - Checking called Test Case

2021-10-14 17:41:25 - [MESSAGE][INFO] - Starting to call Test Case 'Test Cases/Tablo/TablodaVeriVarMi'

2021-10-14 17:41:26 - [TEST_CASE][PASSED] - Test Cases/Tablo/TablodaVeriVarMi: Test Cases/Tablo/TablodaVeriVarMi

2021-10-14 17:41:26 - [TEST_STEP][PASSED] - verifyTextNotPresent("Görüntülenecek veri yok", true): Text 'Görüntülenecek veri yok' is not present on page using regular expression

2021-10-14 17:41:26 - [MESSAGE][INFO] - Checking text present  using regular expression

2021-10-14 17:41:26 - [MESSAGE][INFO] - Smart Wait Function is triggered

2021-10-14 17:41:26 - [MESSAGE][INFO] - Finding text 'Görüntülenecek veri yok' on page  using regular expression

2021-10-14 17:41:26 - [MESSAGE][PASSED] - Text 'Görüntülenecek veri yok' is not present on page using regular expression

2021-10-14 17:41:26 - [MESSAGE][PASSED] - Call Test Case 'Test Cases/Tablo/TablodaVeriVarMi' successfully

2021-10-14 17:41:26 - [MESSAGE][INFO] - Checking called Test Case

2021-10-14 17:41:26 - [MESSAGE][INFO] - Starting to call Test Case 'Test Cases/Tablo/TablodanVeriSec'

2021-10-14 17:41:26 - [TEST_CASE][PASSED] - Test Cases/Tablo/TablodanVeriSec: Test Cases/Tablo/TablodanVeriSec

2021-10-14 17:41:26 - [TEST_STEP][PASSED] - Method.TextDegerineEsitElementinAltindakineTikla(findTestObject("Tablo/Veriler"), findTestObject("Tablo/VerininCheckBoxi"), Veri_Adi): Method.TextDegerineEsitElementinAltindakineTikla is PASSED

2021-10-14 17:41:26 - [MESSAGE][INFO] - Finding Test Object 'Object Repository/Tablo/Veriler'

2021-10-14 17:41:26 - [MESSAGE][INFO] - Finding Test Object 'Object Repository/Tablo/VerininCheckBoxi'

2021-10-14 17:41:26 - [MESSAGE][INFO] - Checking timeout

2021-10-14 17:41:26 - [MESSAGE][INFO] - Finding web element with id: 'Object Repository/Tablo/Veriler' located by 'By.cssSelector: td.dxgv b ,td.dxgv' in '10' second(s)

2021-10-14 17:41:26 - [MESSAGE][INFO] - Smart Wait Function is triggered

2021-10-14 17:41:27 - [MESSAGE][INFO] - Found 26 web elements with id: 'Object Repository/Tablo/Veriler' located by 'By.cssSelector: td.dxgv b ,td.dxgv' in '10' second(s)

2021-10-14 17:41:27 - [MESSAGE][INFO] - Smart Wait Function is triggered

2021-10-14 17:41:27 - [MESSAGE][PASSED] - Method.TextDegerineEsitElementinAltindakineTikla is PASSED

2021-10-14 17:41:27 - [MESSAGE][PASSED] - Call Test Case 'Test Cases/Tablo/TablodanVeriSec' successfully

2021-10-14 17:41:27 - [MESSAGE][INFO] - Checking called Test Case

2021-10-14 17:41:27 - [MESSAGE][INFO] - Starting to call Test Case 'Test Cases/Butonlar/ButonaTikla'

2021-10-14 17:41:27 - [TEST_CASE][PASSED] - Test Cases/Butonlar/ButonaTikla: Test Cases/Butonlar/ButonaTikla

2021-10-14 17:41:27 - [TEST_STEP][PASSED] - Method.TextDegerineEsitElementeTiklaEquals(findTestObject("Butonlar/Butonlar"), Buton_Adi): Method.TextDegerineEsitElementeTiklaEquals is PASSED

2021-10-14 17:41:27 - [MESSAGE][INFO] - Finding Test Object 'Object Repository/Butonlar/Butonlar'

2021-10-14 17:41:27 - [MESSAGE][INFO] - Checking timeout

2021-10-14 17:41:27 - [MESSAGE][INFO] - Finding web element with id: 'Object Repository/Butonlar/Butonlar' located by 'By.cssSelector: .panel.panel-default.text-center.footerPanel .btn,.btn.btn-primary.btnControls' in '10' second(s)

2021-10-14 17:41:27 - [MESSAGE][INFO] - Smart Wait Function is triggered

2021-10-14 17:41:27 - [MESSAGE][INFO] - Found 11 web elements with id: 'Object Repository/Butonlar/Butonlar' located by 'By.cssSelector: .panel.panel-default.text-center.footerPanel .btn,.btn.btn-primary.btnControls' in '10' second(s)

2021-10-14 17:41:28 - [MESSAGE][PASSED] - Method.TextDegerineEsitElementeTiklaEquals is PASSED

2021-10-14 17:41:28 - [MESSAGE][PASSED] - Call Test Case 'Test Cases/Butonlar/ButonaTikla' successfully

2021-10-14 17:41:28 - [MESSAGE][INFO] - Checking called Test Case

2021-10-14 17:41:28 - [MESSAGE][INFO] - Starting to call Test Case 'Test Cases/Butonlar/AltButonaTikla'

2021-10-14 17:41:28 - [TEST_CASE][PASSED] - Test Cases/Butonlar/AltButonaTikla: Test Cases/Butonlar/AltButonaTikla

2021-10-14 17:41:28 - [TEST_STEP][PASSED] - Method.TextDegerineEsitElementeTikla(findTestObject("Butonlar/AltButonlar"), Alt_Buton): Method.TextDegerineEsitElementeTikla is PASSED

2021-10-14 17:41:28 - [MESSAGE][INFO] - Finding Test Object 'Object Repository/Butonlar/AltButonlar'

2021-10-14 17:41:28 - [MESSAGE][INFO] - Checking timeout

2021-10-14 17:41:28 - [MESSAGE][INFO] - Finding web element with id: 'Object Repository/Butonlar/AltButonlar' located by 'By.cssSelector: .btn-group.open li>a' in '10' second(s)

2021-10-14 17:41:28 - [MESSAGE][INFO] - Smart Wait Function is triggered

2021-10-14 17:41:28 - [MESSAGE][INFO] - Found 4 web elements with id: 'Object Repository/Butonlar/AltButonlar' located by 'By.cssSelector: .btn-group.open li>a' in '10' second(s)

2021-10-14 17:41:28 - [MESSAGE][PASSED] - Method.TextDegerineEsitElementeTikla is PASSED

2021-10-14 17:41:28 - [MESSAGE][PASSED] - Call Test Case 'Test Cases/Butonlar/AltButonaTikla' successfully

2021-10-14 17:41:28 - [MESSAGE][INFO] - Checking called Test Case

2021-10-14 17:41:28 - [MESSAGE][INFO] - Starting to call Test Case 'Test Cases/Popup/PopupMesajiIceriyorMu'

2021-10-14 17:41:28 - [TEST_CASE][PASSED] - Test Cases/Popup/PopupMesajiIceriyorMu: Test Cases/Popup/PopupMesajiIceriyorMu

2021-10-14 17:41:28 - [TEST_STEP][PASSED] - waitForElementVisible(findTestObject("Popup/Popup"), 10): Object 'Object Repository/Popup/Popup' is visible

2021-10-14 17:41:28 - [MESSAGE][INFO] - Finding Test Object 'Object Repository/Popup/Popup'

2021-10-14 17:41:28 - [MESSAGE][INFO] - Checking object

2021-10-14 17:41:28 - [MESSAGE][INFO] - Checking timeout

2021-10-14 17:41:28 - [MESSAGE][INFO] - Finding web element from Test Object's properties

2021-10-14 17:41:28 - [MESSAGE][INFO] - Checking timeout

2021-10-14 17:41:28 - [MESSAGE][INFO] - Finding web element with id: 'Object Repository/Popup/Popup' located by 'By.cssSelector: .bootbox-body' in '10' second(s)

2021-10-14 17:41:28 - [MESSAGE][INFO] - Smart Wait Function is triggered

2021-10-14 17:41:29 - [MESSAGE][INFO] - Found 1 web elements with id: 'Object Repository/Popup/Popup' located by 'By.cssSelector: .bootbox-body' in '10' second(s)

2021-10-14 17:41:29 - [MESSAGE][PASSED] - Object 'Object Repository/Popup/Popup' is visible

2021-10-14 17:41:29 - [TEST_STEP][PASSED] - if (!(getText(findTestObject("Popup/Popup")).contains(Mesaj))): Text of object 'Object Repository/Popup/Popup' is: 'Lütfen rapor bildiriminin gönderileceği e-posta adresini belirtiniz.
e-Posta Adresi'

2021-10-14 17:41:29 - [MESSAGE][INFO] - Finding Test Object 'Object Repository/Popup/Popup'

2021-10-14 17:41:29 - [MESSAGE][INFO] - Checking object

2021-10-14 17:41:29 - [MESSAGE][INFO] - Finding web element from Test Object's properties

2021-10-14 17:41:29 - [MESSAGE][INFO] - Checking timeout

2021-10-14 17:41:29 - [MESSAGE][INFO] - Finding web element with id: 'Object Repository/Popup/Popup' located by 'By.cssSelector: .bootbox-body' in '30' second(s)

2021-10-14 17:41:29 - [MESSAGE][INFO] - Smart Wait Function is triggered

2021-10-14 17:41:30 - [MESSAGE][INFO] - Found 1 web elements with id: 'Object Repository/Popup/Popup' located by 'By.cssSelector: .bootbox-body' in '30' second(s)

2021-10-14 17:41:30 - [MESSAGE][INFO] - Getting text of object 'Object Repository/Popup/Popup'

2021-10-14 17:41:30 - [MESSAGE][PASSED] - Text of object 'Object Repository/Popup/Popup' is: 'Lütfen rapor bildiriminin gönderileceği e-posta adresini belirtiniz.
e-Posta Adresi'

2021-10-14 17:41:30 - [TEST_STEP][PASSED] - RaporNo = getText(findTestObject("Popup/Popup")).substring(0, 6): Text of object 'Object Repository/Popup/Popup' is: 'Lütfen rapor bildiriminin gönderileceği e-posta adresini belirtiniz.
e-Posta Adresi'

2021-10-14 17:41:30 - [MESSAGE][INFO] - Finding Test Object 'Object Repository/Popup/Popup'

2021-10-14 17:41:30 - [MESSAGE][INFO] - Checking object

2021-10-14 17:41:30 - [MESSAGE][INFO] - Finding web element from Test Object's properties

2021-10-14 17:41:30 - [MESSAGE][INFO] - Checking timeout

2021-10-14 17:41:30 - [MESSAGE][INFO] - Finding web element with id: 'Object Repository/Popup/Popup' located by 'By.cssSelector: .bootbox-body' in '30' second(s)

2021-10-14 17:41:30 - [MESSAGE][INFO] - Smart Wait Function is triggered

2021-10-14 17:41:30 - [MESSAGE][INFO] - Found 1 web elements with id: 'Object Repository/Popup/Popup' located by 'By.cssSelector: .bootbox-body' in '30' second(s)

2021-10-14 17:41:30 - [MESSAGE][INFO] - Getting text of object 'Object Repository/Popup/Popup'

2021-10-14 17:41:30 - [MESSAGE][PASSED] - Text of object 'Object Repository/Popup/Popup' is: 'Lütfen rapor bildiriminin gönderileceği e-posta adresini belirtiniz.
e-Posta Adresi'

2021-10-14 17:41:30 - [TEST_STEP][PASSED] - Console.println(RaporNo): null

2021-10-14 17:41:30 - [MESSAGE][PASSED] - Call Test Case 'Test Cases/Popup/PopupMesajiIceriyorMu' successfully

2021-10-14 17:41:30 - [MESSAGE][INFO] - Checking called Test Case

2021-10-14 17:41:30 - [MESSAGE][INFO] - Starting to call Test Case 'Test Cases/Popup/PopupButonSecilir'

2021-10-14 17:41:30 - [TEST_CASE][PASSED] - Test Cases/Popup/PopupButonSecilir: Test Cases/Popup/PopupButonSecilir

2021-10-14 17:41:30 - [TEST_STEP][PASSED] - Method.TextDegerineEsitElementeTikla(findTestObject("Popup/Popup_Butons"), Buton): Method.TextDegerineEsitElementeTikla is PASSED

2021-10-14 17:41:30 - [MESSAGE][INFO] - Finding Test Object 'Object Repository/Popup/Popup_Butons'

2021-10-14 17:41:30 - [MESSAGE][INFO] - Checking timeout

2021-10-14 17:41:30 - [MESSAGE][INFO] - Finding web element with id: 'Object Repository/Popup/Popup_Butons' located by 'By.cssSelector: .modal-footer>button' in '10' second(s)

2021-10-14 17:41:30 - [MESSAGE][INFO] - Smart Wait Function is triggered

2021-10-14 17:41:30 - [MESSAGE][INFO] - Found 2 web elements with id: 'Object Repository/Popup/Popup_Butons' located by 'By.cssSelector: .modal-footer>button' in '10' second(s)

2021-10-14 17:41:30 - [MESSAGE][PASSED] - Method.TextDegerineEsitElementeTikla is PASSED

2021-10-14 17:41:30 - [MESSAGE][PASSED] - Call Test Case 'Test Cases/Popup/PopupButonSecilir' successfully

2021-10-14 17:41:30 - [MESSAGE][INFO] - Checking called Test Case

2021-10-14 17:41:30 - [MESSAGE][INFO] - Starting to call Test Case 'Test Cases/Popup/PopupMesajiIceriyorMu'

2021-10-14 17:41:30 - [TEST_CASE][PASSED] - Test Cases/Popup/PopupMesajiIceriyorMu: Test Cases/Popup/PopupMesajiIceriyorMu

2021-10-14 17:41:30 - [TEST_STEP][PASSED] - waitForElementVisible(findTestObject("Popup/Popup"), 10): Object 'Object Repository/Popup/Popup' is visible

2021-10-14 17:41:30 - [MESSAGE][INFO] - Finding Test Object 'Object Repository/Popup/Popup'

2021-10-14 17:41:31 - [MESSAGE][INFO] - Checking object

2021-10-14 17:41:31 - [MESSAGE][INFO] - Checking timeout

2021-10-14 17:41:31 - [MESSAGE][INFO] - Finding web element from Test Object's properties

2021-10-14 17:41:31 - [MESSAGE][INFO] - Checking timeout

2021-10-14 17:41:31 - [MESSAGE][INFO] - Finding web element with id: 'Object Repository/Popup/Popup' located by 'By.cssSelector: .bootbox-body' in '10' second(s)

2021-10-14 17:41:31 - [MESSAGE][INFO] - Smart Wait Function is triggered

2021-10-14 17:41:31 - [MESSAGE][INFO] - Found 1 web elements with id: 'Object Repository/Popup/Popup' located by 'By.cssSelector: .bootbox-body' in '10' second(s)

2021-10-14 17:41:31 - [MESSAGE][PASSED] - Object 'Object Repository/Popup/Popup' is visible

2021-10-14 17:41:31 - [TEST_STEP][PASSED] - if (!(getText(findTestObject("Popup/Popup")).contains(Mesaj))): Text of object 'Object Repository/Popup/Popup' is: '14629 no’lu talebiniz işleme alınmıştır. Raporunuz hazırlandığında (elogotest@gmail.com) adresinize mail gönderilecektir.
Rapor durumunuzu Raporlar > Toplu Veri İndirme ekranından takip edebilir, hazırlandı durumundaki raporlarınızı ilgili menüden indirebilirsiniz.'

2021-10-14 17:41:31 - [MESSAGE][INFO] - Finding Test Object 'Object Repository/Popup/Popup'

2021-10-14 17:41:31 - [MESSAGE][INFO] - Checking object

2021-10-14 17:41:31 - [MESSAGE][INFO] - Finding web element from Test Object's properties

2021-10-14 17:41:31 - [MESSAGE][INFO] - Checking timeout

2021-10-14 17:41:31 - [MESSAGE][INFO] - Finding web element with id: 'Object Repository/Popup/Popup' located by 'By.cssSelector: .bootbox-body' in '30' second(s)

2021-10-14 17:41:31 - [MESSAGE][INFO] - Smart Wait Function is triggered

2021-10-14 17:41:32 - [MESSAGE][INFO] - Found 1 web elements with id: 'Object Repository/Popup/Popup' located by 'By.cssSelector: .bootbox-body' in '30' second(s)

2021-10-14 17:41:32 - [MESSAGE][INFO] - Getting text of object 'Object Repository/Popup/Popup'

2021-10-14 17:41:32 - [MESSAGE][PASSED] - Text of object 'Object Repository/Popup/Popup' is: '14629 no’lu talebiniz işleme alınmıştır. Raporunuz hazırlandığında (elogotest@gmail.com) adresinize mail gönderilecektir.
Rapor durumunuzu Raporlar > Toplu Veri İndirme ekranından takip edebilir, hazırlandı durumundaki raporlarınızı ilgili menüden indirebilirsiniz.'

2021-10-14 17:41:32 - [TEST_STEP][PASSED] - RaporNo = getText(findTestObject("Popup/Popup")).substring(0, 6): Text of object 'Object Repository/Popup/Popup' is: '14629 no’lu talebiniz işleme alınmıştır. Raporunuz hazırlandığında (elogotest@gmail.com) adresinize mail gönderilecektir.
Rapor durumunuzu Raporlar > Toplu Veri İndirme ekranından takip edebilir, hazırlandı durumundaki raporlarınızı ilgili menüden indirebilirsiniz.'

2021-10-14 17:41:32 - [MESSAGE][INFO] - Finding Test Object 'Object Repository/Popup/Popup'

2021-10-14 17:41:32 - [MESSAGE][INFO] - Checking object

2021-10-14 17:41:32 - [MESSAGE][INFO] - Finding web element from Test Object's properties

2021-10-14 17:41:32 - [MESSAGE][INFO] - Checking timeout

2021-10-14 17:41:32 - [MESSAGE][INFO] - Finding web element with id: 'Object Repository/Popup/Popup' located by 'By.cssSelector: .bootbox-body' in '30' second(s)

2021-10-14 17:41:32 - [MESSAGE][INFO] - Smart Wait Function is triggered

2021-10-14 17:41:32 - [MESSAGE][INFO] - Found 1 web elements with id: 'Object Repository/Popup/Popup' located by 'By.cssSelector: .bootbox-body' in '30' second(s)

2021-10-14 17:41:32 - [MESSAGE][INFO] - Getting text of object 'Object Repository/Popup/Popup'

2021-10-14 17:41:32 - [MESSAGE][PASSED] - Text of object 'Object Repository/Popup/Popup' is: '14629 no’lu talebiniz işleme alınmıştır. Raporunuz hazırlandığında (elogotest@gmail.com) adresinize mail gönderilecektir.
Rapor durumunuzu Raporlar > Toplu Veri İndirme ekranından takip edebilir, hazırlandı durumundaki raporlarınızı ilgili menüden indirebilirsiniz.'

2021-10-14 17:41:32 - [TEST_STEP][PASSED] - Console.println(RaporNo): null

2021-10-14 17:41:32 - [MESSAGE][PASSED] - Call Test Case 'Test Cases/Popup/PopupMesajiIceriyorMu' successfully

2021-10-14 17:41:32 - [MESSAGE][INFO] - Checking called Test Case

2021-10-14 17:41:32 - [MESSAGE][INFO] - Starting to call Test Case 'Test Cases/Popup/PopupButonSecilir'

2021-10-14 17:41:32 - [TEST_CASE][PASSED] - Test Cases/Popup/PopupButonSecilir: Test Cases/Popup/PopupButonSecilir

2021-10-14 17:41:32 - [TEST_STEP][PASSED] - Method.TextDegerineEsitElementeTikla(findTestObject("Popup/Popup_Butons"), Buton): Method.TextDegerineEsitElementeTikla is PASSED

2021-10-14 17:41:32 - [MESSAGE][INFO] - Finding Test Object 'Object Repository/Popup/Popup_Butons'

2021-10-14 17:41:32 - [MESSAGE][INFO] - Checking timeout

2021-10-14 17:41:32 - [MESSAGE][INFO] - Finding web element with id: 'Object Repository/Popup/Popup_Butons' located by 'By.cssSelector: .modal-footer>button' in '10' second(s)

2021-10-14 17:41:32 - [MESSAGE][INFO] - Smart Wait Function is triggered

2021-10-14 17:41:32 - [MESSAGE][INFO] - Found 1 web elements with id: 'Object Repository/Popup/Popup_Butons' located by 'By.cssSelector: .modal-footer>button' in '10' second(s)

2021-10-14 17:41:33 - [MESSAGE][PASSED] - Method.TextDegerineEsitElementeTikla is PASSED

2021-10-14 17:41:33 - [MESSAGE][PASSED] - Call Test Case 'Test Cases/Popup/PopupButonSecilir' successfully

2021-10-14 17:41:33 - [MESSAGE][INFO] - Checking called Test Case

2021-10-14 17:41:33 - [MESSAGE][INFO] - Starting to call Test Case 'Test Cases/Butonlar/ButonaTikla'

2021-10-14 17:41:33 - [TEST_CASE][PASSED] - Test Cases/Butonlar/ButonaTikla: Test Cases/Butonlar/ButonaTikla

2021-10-14 17:41:33 - [TEST_STEP][PASSED] - Method.TextDegerineEsitElementeTiklaEquals(findTestObject("Butonlar/Butonlar"), Buton_Adi): Method.TextDegerineEsitElementeTiklaEquals is PASSED

2021-10-14 17:41:33 - [MESSAGE][INFO] - Finding Test Object 'Object Repository/Butonlar/Butonlar'

2021-10-14 17:41:33 - [MESSAGE][INFO] - Checking timeout

2021-10-14 17:41:33 - [MESSAGE][INFO] - Finding web element with id: 'Object Repository/Butonlar/Butonlar' located by 'By.cssSelector: .panel.panel-default.text-center.footerPanel .btn,.btn.btn-primary.btnControls' in '10' second(s)

2021-10-14 17:41:33 - [MESSAGE][INFO] - Smart Wait Function is triggered

2021-10-14 17:41:33 - [MESSAGE][INFO] - Found 11 web elements with id: 'Object Repository/Butonlar/Butonlar' located by 'By.cssSelector: .panel.panel-default.text-center.footerPanel .btn,.btn.btn-primary.btnControls' in '10' second(s)

2021-10-14 17:41:33 - [MESSAGE][PASSED] - Method.TextDegerineEsitElementeTiklaEquals is PASSED

2021-10-14 17:41:33 - [MESSAGE][PASSED] - Call Test Case 'Test Cases/Butonlar/ButonaTikla' successfully

2021-10-14 17:41:33 - [MESSAGE][INFO] - Checking called Test Case

2021-10-14 17:41:33 - [MESSAGE][INFO] - Starting to call Test Case 'Test Cases/Butonlar/AltButonaTikla'

2021-10-14 17:41:33 - [TEST_CASE][PASSED] - Test Cases/Butonlar/AltButonaTikla: Test Cases/Butonlar/AltButonaTikla

2021-10-14 17:41:33 - [TEST_STEP][PASSED] - Method.TextDegerineEsitElementeTikla(findTestObject("Butonlar/AltButonlar"), Alt_Buton): Method.TextDegerineEsitElementeTikla is PASSED

2021-10-14 17:41:33 - [MESSAGE][INFO] - Finding Test Object 'Object Repository/Butonlar/AltButonlar'

2021-10-14 17:41:34 - [MESSAGE][INFO] - Checking timeout

2021-10-14 17:41:34 - [MESSAGE][INFO] - Finding web element with id: 'Object Repository/Butonlar/AltButonlar' located by 'By.cssSelector: .btn-group.open li>a' in '10' second(s)

2021-10-14 17:41:34 - [MESSAGE][INFO] - Smart Wait Function is triggered

2021-10-14 17:41:34 - [MESSAGE][INFO] - Found 4 web elements with id: 'Object Repository/Butonlar/AltButonlar' located by 'By.cssSelector: .btn-group.open li>a' in '10' second(s)

2021-10-14 17:41:34 - [MESSAGE][PASSED] - Method.TextDegerineEsitElementeTikla is PASSED

2021-10-14 17:41:34 - [MESSAGE][PASSED] - Call Test Case 'Test Cases/Butonlar/AltButonaTikla' successfully

2021-10-14 17:41:34 - [MESSAGE][INFO] - Checking called Test Case

2021-10-14 17:41:34 - [MESSAGE][INFO] - Starting to call Test Case 'Test Cases/Popup/PopupMesajiIceriyorMu'

2021-10-14 17:41:34 - [TEST_CASE][PASSED] - Test Cases/Popup/PopupMesajiIceriyorMu: Test Cases/Popup/PopupMesajiIceriyorMu

2021-10-14 17:41:34 - [TEST_STEP][PASSED] - waitForElementVisible(findTestObject("Popup/Popup"), 10): Object 'Object Repository/Popup/Popup' is visible

2021-10-14 17:41:34 - [MESSAGE][INFO] - Finding Test Object 'Object Repository/Popup/Popup'

2021-10-14 17:41:34 - [MESSAGE][INFO] - Checking object

2021-10-14 17:41:34 - [MESSAGE][INFO] - Checking timeout

2021-10-14 17:41:34 - [MESSAGE][INFO] - Finding web element from Test Object's properties

2021-10-14 17:41:34 - [MESSAGE][INFO] - Checking timeout

2021-10-14 17:41:34 - [MESSAGE][INFO] - Finding web element with id: 'Object Repository/Popup/Popup' located by 'By.cssSelector: .bootbox-body' in '10' second(s)

2021-10-14 17:41:34 - [MESSAGE][INFO] - Smart Wait Function is triggered

2021-10-14 17:41:34 - [MESSAGE][INFO] - Found 1 web elements with id: 'Object Repository/Popup/Popup' located by 'By.cssSelector: .bootbox-body' in '10' second(s)

2021-10-14 17:41:34 - [MESSAGE][PASSED] - Object 'Object Repository/Popup/Popup' is visible

2021-10-14 17:41:34 - [TEST_STEP][PASSED] - if (!(getText(findTestObject("Popup/Popup")).contains(Mesaj))): Text of object 'Object Repository/Popup/Popup' is: 'Lütfen rapor bildiriminin gönderileceği e-posta adresini belirtiniz.
e-Posta Adresi'

2021-10-14 17:41:34 - [MESSAGE][INFO] - Finding Test Object 'Object Repository/Popup/Popup'

2021-10-14 17:41:35 - [MESSAGE][INFO] - Checking object

2021-10-14 17:41:35 - [MESSAGE][INFO] - Finding web element from Test Object's properties

2021-10-14 17:41:35 - [MESSAGE][INFO] - Checking timeout

2021-10-14 17:41:35 - [MESSAGE][INFO] - Finding web element with id: 'Object Repository/Popup/Popup' located by 'By.cssSelector: .bootbox-body' in '30' second(s)

2021-10-14 17:41:35 - [MESSAGE][INFO] - Smart Wait Function is triggered

2021-10-14 17:41:35 - [MESSAGE][INFO] - Found 1 web elements with id: 'Object Repository/Popup/Popup' located by 'By.cssSelector: .bootbox-body' in '30' second(s)

2021-10-14 17:41:35 - [MESSAGE][INFO] - Getting text of object 'Object Repository/Popup/Popup'

2021-10-14 17:41:35 - [MESSAGE][PASSED] - Text of object 'Object Repository/Popup/Popup' is: 'Lütfen rapor bildiriminin gönderileceği e-posta adresini belirtiniz.
e-Posta Adresi'

2021-10-14 17:41:35 - [TEST_STEP][PASSED] - RaporNo = getText(findTestObject("Popup/Popup")).substring(0, 6): Text of object 'Object Repository/Popup/Popup' is: 'Lütfen rapor bildiriminin gönderileceği e-posta adresini belirtiniz.
e-Posta Adresi'

2021-10-14 17:41:35 - [MESSAGE][INFO] - Finding Test Object 'Object Repository/Popup/Popup'

2021-10-14 17:41:35 - [MESSAGE][INFO] - Checking object

2021-10-14 17:41:35 - [MESSAGE][INFO] - Finding web element from Test Object's properties

2021-10-14 17:41:35 - [MESSAGE][INFO] - Checking timeout

2021-10-14 17:41:35 - [MESSAGE][INFO] - Finding web element with id: 'Object Repository/Popup/Popup' located by 'By.cssSelector: .bootbox-body' in '30' second(s)

2021-10-14 17:41:35 - [MESSAGE][INFO] - Smart Wait Function is triggered

2021-10-14 17:41:35 - [MESSAGE][INFO] - Found 1 web elements with id: 'Object Repository/Popup/Popup' located by 'By.cssSelector: .bootbox-body' in '30' second(s)

2021-10-14 17:41:35 - [MESSAGE][INFO] - Getting text of object 'Object Repository/Popup/Popup'

2021-10-14 17:41:35 - [MESSAGE][PASSED] - Text of object 'Object Repository/Popup/Popup' is: 'Lütfen rapor bildiriminin gönderileceği e-posta adresini belirtiniz.
e-Posta Adresi'

2021-10-14 17:41:35 - [TEST_STEP][PASSED] - Console.println(RaporNo): null

2021-10-14 17:41:35 - [MESSAGE][PASSED] - Call Test Case 'Test Cases/Popup/PopupMesajiIceriyorMu' successfully

2021-10-14 17:41:35 - [MESSAGE][INFO] - Checking called Test Case

2021-10-14 17:41:35 - [MESSAGE][INFO] - Starting to call Test Case 'Test Cases/Popup/PopupButonSecilir'

2021-10-14 17:41:35 - [TEST_CASE][PASSED] - Test Cases/Popup/PopupButonSecilir: Test Cases/Popup/PopupButonSecilir

2021-10-14 17:41:35 - [TEST_STEP][PASSED] - Method.TextDegerineEsitElementeTikla(findTestObject("Popup/Popup_Butons"), Buton): Method.TextDegerineEsitElementeTikla is PASSED

2021-10-14 17:41:35 - [MESSAGE][INFO] - Finding Test Object 'Object Repository/Popup/Popup_Butons'

2021-10-14 17:41:35 - [MESSAGE][INFO] - Checking timeout

2021-10-14 17:41:35 - [MESSAGE][INFO] - Finding web element with id: 'Object Repository/Popup/Popup_Butons' located by 'By.cssSelector: .modal-footer>button' in '10' second(s)

2021-10-14 17:41:35 - [MESSAGE][INFO] - Smart Wait Function is triggered

2021-10-14 17:41:36 - [MESSAGE][INFO] - Found 2 web elements with id: 'Object Repository/Popup/Popup_Butons' located by 'By.cssSelector: .modal-footer>button' in '10' second(s)

2021-10-14 17:41:36 - [MESSAGE][PASSED] - Method.TextDegerineEsitElementeTikla is PASSED

2021-10-14 17:41:36 - [MESSAGE][PASSED] - Call Test Case 'Test Cases/Popup/PopupButonSecilir' successfully

2021-10-14 17:41:36 - [MESSAGE][INFO] - Checking called Test Case

2021-10-14 17:41:36 - [MESSAGE][INFO] - Starting to call Test Case 'Test Cases/Popup/PopupMesajiIceriyorMu'

2021-10-14 17:41:36 - [TEST_CASE][PASSED] - Test Cases/Popup/PopupMesajiIceriyorMu: Test Cases/Popup/PopupMesajiIceriyorMu

2021-10-14 17:41:36 - [TEST_STEP][PASSED] - waitForElementVisible(findTestObject("Popup/Popup"), 10): Object 'Object Repository/Popup/Popup' is visible

2021-10-14 17:41:36 - [MESSAGE][INFO] - Finding Test Object 'Object Repository/Popup/Popup'

2021-10-14 17:41:36 - [MESSAGE][INFO] - Checking object

2021-10-14 17:41:36 - [MESSAGE][INFO] - Checking timeout

2021-10-14 17:41:36 - [MESSAGE][INFO] - Finding web element from Test Object's properties

2021-10-14 17:41:36 - [MESSAGE][INFO] - Checking timeout

2021-10-14 17:41:36 - [MESSAGE][INFO] - Finding web element with id: 'Object Repository/Popup/Popup' located by 'By.cssSelector: .bootbox-body' in '10' second(s)

2021-10-14 17:41:36 - [MESSAGE][INFO] - Smart Wait Function is triggered

2021-10-14 17:41:37 - [MESSAGE][INFO] - Found 1 web elements with id: 'Object Repository/Popup/Popup' located by 'By.cssSelector: .bootbox-body' in '10' second(s)

2021-10-14 17:41:37 - [MESSAGE][PASSED] - Object 'Object Repository/Popup/Popup' is visible

2021-10-14 17:41:37 - [TEST_STEP][PASSED] - if (!(getText(findTestObject("Popup/Popup")).contains(Mesaj))): Text of object 'Object Repository/Popup/Popup' is: '14630 no’lu talebiniz işleme alınmıştır. Raporunuz hazırlandığında (elogotest@gmail.com) adresinize mail gönderilecektir.
Rapor durumunuzu Raporlar > Toplu Veri İndirme ekranından takip edebilir, hazırlandı durumundaki raporlarınızı ilgili menüden indirebilirsiniz.'

2021-10-14 17:41:37 - [MESSAGE][INFO] - Finding Test Object 'Object Repository/Popup/Popup'

2021-10-14 17:41:37 - [MESSAGE][INFO] - Checking object

2021-10-14 17:41:37 - [MESSAGE][INFO] - Finding web element from Test Object's properties

2021-10-14 17:41:37 - [MESSAGE][INFO] - Checking timeout

2021-10-14 17:41:37 - [MESSAGE][INFO] - Finding web element with id: 'Object Repository/Popup/Popup' located by 'By.cssSelector: .bootbox-body' in '30' second(s)

2021-10-14 17:41:37 - [MESSAGE][INFO] - Smart Wait Function is triggered

2021-10-14 17:41:37 - [MESSAGE][INFO] - Found 1 web elements with id: 'Object Repository/Popup/Popup' located by 'By.cssSelector: .bootbox-body' in '30' second(s)

2021-10-14 17:41:37 - [MESSAGE][INFO] - Getting text of object 'Object Repository/Popup/Popup'

2021-10-14 17:41:37 - [MESSAGE][PASSED] - Text of object 'Object Repository/Popup/Popup' is: '14630 no’lu talebiniz işleme alınmıştır. Raporunuz hazırlandığında (elogotest@gmail.com) adresinize mail gönderilecektir.
Rapor durumunuzu Raporlar > Toplu Veri İndirme ekranından takip edebilir, hazırlandı durumundaki raporlarınızı ilgili menüden indirebilirsiniz.'

2021-10-14 17:41:37 - [TEST_STEP][PASSED] - RaporNo = getText(findTestObject("Popup/Popup")).substring(0, 6): Text of object 'Object Repository/Popup/Popup' is: '14630 no’lu talebiniz işleme alınmıştır. Raporunuz hazırlandığında (elogotest@gmail.com) adresinize mail gönderilecektir.
Rapor durumunuzu Raporlar > Toplu Veri İndirme ekranından takip edebilir, hazırlandı durumundaki raporlarınızı ilgili menüden indirebilirsiniz.'

2021-10-14 17:41:37 - [MESSAGE][INFO] - Finding Test Object 'Object Repository/Popup/Popup'

2021-10-14 17:41:37 - [MESSAGE][INFO] - Checking object

2021-10-14 17:41:37 - [MESSAGE][INFO] - Finding web element from Test Object's properties

2021-10-14 17:41:37 - [MESSAGE][INFO] - Checking timeout

2021-10-14 17:41:37 - [MESSAGE][INFO] - Finding web element with id: 'Object Repository/Popup/Popup' located by 'By.cssSelector: .bootbox-body' in '30' second(s)

2021-10-14 17:41:37 - [MESSAGE][INFO] - Smart Wait Function is triggered

2021-10-14 17:41:37 - [MESSAGE][INFO] - Found 1 web elements with id: 'Object Repository/Popup/Popup' located by 'By.cssSelector: .bootbox-body' in '30' second(s)

2021-10-14 17:41:37 - [MESSAGE][INFO] - Getting text of object 'Object Repository/Popup/Popup'

2021-10-14 17:41:37 - [MESSAGE][PASSED] - Text of object 'Object Repository/Popup/Popup' is: '14630 no’lu talebiniz işleme alınmıştır. Raporunuz hazırlandığında (elogotest@gmail.com) adresinize mail gönderilecektir.
Rapor durumunuzu Raporlar > Toplu Veri İndirme ekranından takip edebilir, hazırlandı durumundaki raporlarınızı ilgili menüden indirebilirsiniz.'

2021-10-14 17:41:37 - [TEST_STEP][PASSED] - Console.println(RaporNo): null

2021-10-14 17:41:37 - [MESSAGE][PASSED] - Call Test Case 'Test Cases/Popup/PopupMesajiIceriyorMu' successfully

2021-10-14 17:41:37 - [MESSAGE][INFO] - Checking called Test Case

2021-10-14 17:41:37 - [MESSAGE][INFO] - Starting to call Test Case 'Test Cases/Popup/PopupButonSecilir'

2021-10-14 17:41:37 - [TEST_CASE][PASSED] - Test Cases/Popup/PopupButonSecilir: Test Cases/Popup/PopupButonSecilir

2021-10-14 17:41:37 - [TEST_STEP][PASSED] - Method.TextDegerineEsitElementeTikla(findTestObject("Popup/Popup_Butons"), Buton): Method.TextDegerineEsitElementeTikla is PASSED

2021-10-14 17:41:37 - [MESSAGE][INFO] - Finding Test Object 'Object Repository/Popup/Popup_Butons'

2021-10-14 17:41:37 - [MESSAGE][INFO] - Checking timeout

2021-10-14 17:41:37 - [MESSAGE][INFO] - Finding web element with id: 'Object Repository/Popup/Popup_Butons' located by 'By.cssSelector: .modal-footer>button' in '10' second(s)

2021-10-14 17:41:37 - [MESSAGE][INFO] - Smart Wait Function is triggered

2021-10-14 17:41:38 - [MESSAGE][INFO] - Found 1 web elements with id: 'Object Repository/Popup/Popup_Butons' located by 'By.cssSelector: .modal-footer>button' in '10' second(s)

2021-10-14 17:41:38 - [MESSAGE][PASSED] - Method.TextDegerineEsitElementeTikla is PASSED

2021-10-14 17:41:38 - [MESSAGE][PASSED] - Call Test Case 'Test Cases/Popup/PopupButonSecilir' successfully

2021-10-14 17:41:38 - [MESSAGE][INFO] - Checking called Test Case

2021-10-14 17:41:38 - [MESSAGE][INFO] - Starting to call Test Case 'Test Cases/Menu/AnaMenuSecimi'

2021-10-14 17:41:38 - [TEST_CASE][PASSED] - Test Cases/Menu/AnaMenuSecimi: Test Cases/Menu/AnaMenuSecimi

2021-10-14 17:41:38 - [TEST_STEP][PASSED] - Method.TextDegerineEsitElementeTikla(findTestObject("Menu/Ana_Menu"), Ana_Menu): Method.TextDegerineEsitElementeTikla is PASSED

2021-10-14 17:41:38 - [MESSAGE][INFO] - Finding Test Object 'Object Repository/Menu/Ana_Menu'

2021-10-14 17:41:38 - [MESSAGE][INFO] - Checking timeout

2021-10-14 17:41:38 - [MESSAGE][INFO] - Finding web element with id: 'Object Repository/Menu/Ana_Menu' located by 'By.xpath: //*[@class = 'dropdown-toggle']' in '10' second(s)

2021-10-14 17:41:38 - [MESSAGE][INFO] - Smart Wait Function is triggered

2021-10-14 17:41:39 - [MESSAGE][INFO] - Found 14 web elements with id: 'Object Repository/Menu/Ana_Menu' located by 'By.xpath: //*[@class = 'dropdown-toggle']' in '10' second(s)

2021-10-14 17:41:39 - [MESSAGE][PASSED] - Method.TextDegerineEsitElementeTikla is PASSED

2021-10-14 17:41:39 - [MESSAGE][PASSED] - Call Test Case 'Test Cases/Menu/AnaMenuSecimi' successfully

2021-10-14 17:41:39 - [MESSAGE][INFO] - Checking called Test Case

2021-10-14 17:41:39 - [MESSAGE][INFO] - Starting to call Test Case 'Test Cases/Menu/AltMenuSecimi'

2021-10-14 17:41:39 - [TEST_CASE][PASSED] - Test Cases/Menu/AltMenuSecimi: Test Cases/Menu/AltMenuSecimi

2021-10-14 17:41:39 - [TEST_STEP][PASSED] - Method.TextDegerineEsitElementeTikla(findTestObject("Menu/Alt_Menu"), Alt_Menu): Method.TextDegerineEsitElementeTikla is PASSED

2021-10-14 17:41:39 - [MESSAGE][INFO] - Finding Test Object 'Object Repository/Menu/Alt_Menu'

2021-10-14 17:41:39 - [MESSAGE][INFO] - Checking timeout

2021-10-14 17:41:39 - [MESSAGE][INFO] - Finding web element with id: 'Object Repository/Menu/Alt_Menu' located by 'By.xpath: //li[@class='dropdown dropdown-large open']//li[@class='dropdown-element']' in '10' second(s)

2021-10-14 17:41:39 - [MESSAGE][INFO] - Smart Wait Function is triggered

2021-10-14 17:41:39 - [MESSAGE][INFO] - Found 9 web elements with id: 'Object Repository/Menu/Alt_Menu' located by 'By.xpath: //li[@class='dropdown dropdown-large open']//li[@class='dropdown-element']' in '10' second(s)

2021-10-14 17:41:40 - [MESSAGE][PASSED] - Method.TextDegerineEsitElementeTikla is PASSED

2021-10-14 17:41:40 - [MESSAGE][PASSED] - Call Test Case 'Test Cases/Menu/AltMenuSecimi' successfully

2021-10-14 17:41:40 - [MESSAGE][INFO] - Checking called Test Case

2021-10-14 17:41:40 - [MESSAGE][INFO] - Starting to call Test Case 'Test Cases/Filtreler/RaporNoYaz'

2021-10-14 17:41:40 - [TEST_CASE][PASSED] - Test Cases/Filtreler/RaporNoYaz: Test Cases/Filtreler/RaporNoYaz

2021-10-14 17:41:40 - [TEST_STEP][PASSED] - Method.TextDegerineEsitElementinAltindakiTextboxtaYaz(findTestObject("Filtreler/Basliklar"), findTestObject("Filtreler/Basliga_Gore_Textbox"), "Talep No", RaporNo): Method.TextDegerineEsitElementinAltindakiTextboxtaYaz is PASSED

2021-10-14 17:41:40 - [MESSAGE][INFO] - Finding Test Object 'Object Repository/Filtreler/Basliklar'

2021-10-14 17:41:40 - [MESSAGE][INFO] - Finding Test Object 'Object Repository/Filtreler/Basliga_Gore_Textbox'

2021-10-14 17:41:40 - [MESSAGE][INFO] - Checking timeout

2021-10-14 17:41:40 - [MESSAGE][INFO] - Finding web element with id: 'Object Repository/Filtreler/Basliklar' located by 'By.cssSelector: .control-label.col-sm-4.paddingMarginRLC' in '10' second(s)

2021-10-14 17:41:40 - [MESSAGE][INFO] - Smart Wait Function is triggered

2021-10-14 17:41:41 - [MESSAGE][INFO] - Found 8 web elements with id: 'Object Repository/Filtreler/Basliklar' located by 'By.cssSelector: .control-label.col-sm-4.paddingMarginRLC' in '10' second(s)

2021-10-14 17:41:41 - [MESSAGE][INFO] - Smart Wait Function is triggered

2021-10-14 17:41:41 - [MESSAGE][PASSED] - Method.TextDegerineEsitElementinAltindakiTextboxtaYaz is PASSED

2021-10-14 17:41:41 - [MESSAGE][PASSED] - Call Test Case 'Test Cases/Filtreler/RaporNoYaz' successfully

2021-10-14 17:41:41 - [MESSAGE][INFO] - Checking called Test Case

2021-10-14 17:41:41 - [MESSAGE][INFO] - Starting to call Test Case 'Test Cases/Filtreler/ButonaTikla'

2021-10-14 17:41:41 - [TEST_CASE][PASSED] - Test Cases/Filtreler/ButonaTikla: Test Cases/Filtreler/ButonaTikla

2021-10-14 17:41:41 - [TEST_STEP][PASSED] - Method.TextDegerineEsitElementeTikla(findTestObject("Filtreler/Butonlar"), Filtre_Buton): Method.TextDegerineEsitElementeTikla is PASSED

2021-10-14 17:41:41 - [MESSAGE][INFO] - Finding Test Object 'Object Repository/Filtreler/Butonlar'

2021-10-14 17:41:41 - [MESSAGE][INFO] - Checking timeout

2021-10-14 17:41:41 - [MESSAGE][INFO] - Finding web element with id: 'Object Repository/Filtreler/Butonlar' located by 'By.cssSelector: .dxb>span' in '10' second(s)

2021-10-14 17:41:41 - [MESSAGE][INFO] - Smart Wait Function is triggered

2021-10-14 17:41:42 - [MESSAGE][INFO] - Found 2 web elements with id: 'Object Repository/Filtreler/Butonlar' located by 'By.cssSelector: .dxb>span' in '10' second(s)

2021-10-14 17:41:42 - [MESSAGE][PASSED] - Method.TextDegerineEsitElementeTikla is PASSED

2021-10-14 17:41:42 - [MESSAGE][PASSED] - Call Test Case 'Test Cases/Filtreler/ButonaTikla' successfully

2021-10-14 17:41:42 - [MESSAGE][INFO] - Checking called Test Case

2021-10-14 17:41:42 - [MESSAGE][INFO] - Starting to call Test Case 'Test Cases/Tablo/TablodaVeriVarMi'

2021-10-14 17:41:42 - [TEST_CASE][PASSED] - Test Cases/Tablo/TablodaVeriVarMi: Test Cases/Tablo/TablodaVeriVarMi

2021-10-14 17:41:42 - [TEST_STEP][PASSED] - verifyTextNotPresent("Görüntülenecek veri yok", true): Text 'Görüntülenecek veri yok' is not present on page using regular expression

2021-10-14 17:41:42 - [MESSAGE][INFO] - Checking text present  using regular expression

2021-10-14 17:41:42 - [MESSAGE][INFO] - Smart Wait Function is triggered

2021-10-14 17:41:49 - [MESSAGE][INFO] - Finding text 'Görüntülenecek veri yok' on page  using regular expression

2021-10-14 17:41:49 - [MESSAGE][PASSED] - Text 'Görüntülenecek veri yok' is not present on page using regular expression

2021-10-14 17:41:49 - [MESSAGE][PASSED] - Call Test Case 'Test Cases/Tablo/TablodaVeriVarMi' successfully

2021-10-14 17:41:49 - [MESSAGE][INFO] - Checking called Test Case

2021-10-14 17:41:49 - [MESSAGE][INFO] - Starting to call Test Case 'Test Cases/Kullanici_Islemleri/KullaniciIslemlerindenSecimYapilir'

2021-10-14 17:41:49 - [TEST_CASE][PASSED] - Test Cases/Kullanici_Islemleri/KullaniciIslemlerindenSecimYapilir: Test Cases/Kullanici_Islemleri/KullaniciIslemlerindenSecimYapilir

2021-10-14 17:41:49 - [TEST_STEP][PASSED] - waitForElementClickable(findTestObject("Object Repository/Kullanici_Islemleri/KullaniciIslemleri"), 10): Object 'Object Repository/Kullanici_Islemleri/KullaniciIslemleri' is clickable

2021-10-14 17:41:49 - [MESSAGE][INFO] - Finding Test Object 'Object Repository/Kullanici_Islemleri/KullaniciIslemleri'

2021-10-14 17:41:49 - [MESSAGE][INFO] - Checking object

2021-10-14 17:41:49 - [MESSAGE][INFO] - Checking timeout

2021-10-14 17:41:49 - [MESSAGE][INFO] - Finding web element from Test Object's properties

2021-10-14 17:41:49 - [MESSAGE][INFO] - Checking timeout

2021-10-14 17:41:49 - [MESSAGE][INFO] - Finding web element with id: 'Object Repository/Kullanici_Islemleri/KullaniciIslemleri' located by 'By.cssSelector: .dropdown>a>img' in '10' second(s)

2021-10-14 17:41:49 - [MESSAGE][INFO] - Smart Wait Function is triggered

2021-10-14 17:41:50 - [MESSAGE][INFO] - Found 1 web elements with id: 'Object Repository/Kullanici_Islemleri/KullaniciIslemleri' located by 'By.cssSelector: .dropdown>a>img' in '10' second(s)

2021-10-14 17:41:50 - [MESSAGE][PASSED] - Object 'Object Repository/Kullanici_Islemleri/KullaniciIslemleri' is clickable

2021-10-14 17:41:50 - [TEST_STEP][PASSED] - click(findTestObject("Object Repository/Kullanici_Islemleri/KullaniciIslemleri")): Object: 'Object Repository/Kullanici_Islemleri/KullaniciIslemleri' is clicked on

2021-10-14 17:41:50 - [MESSAGE][INFO] - Finding Test Object 'Object Repository/Kullanici_Islemleri/KullaniciIslemleri'

2021-10-14 17:41:50 - [MESSAGE][INFO] - Checking object

2021-10-14 17:41:50 - [MESSAGE][INFO] - Finding web element from Test Object's properties

2021-10-14 17:41:50 - [MESSAGE][INFO] - Checking timeout

2021-10-14 17:41:50 - [MESSAGE][INFO] - Finding web element with id: 'Object Repository/Kullanici_Islemleri/KullaniciIslemleri' located by 'By.cssSelector: .dropdown>a>img' in '30' second(s)

2021-10-14 17:41:50 - [MESSAGE][INFO] - Smart Wait Function is triggered

2021-10-14 17:41:50 - [MESSAGE][INFO] - Found 1 web elements with id: 'Object Repository/Kullanici_Islemleri/KullaniciIslemleri' located by 'By.cssSelector: .dropdown>a>img' in '30' second(s)

2021-10-14 17:41:50 - [MESSAGE][INFO] - Clicking on object: 'Object Repository/Kullanici_Islemleri/KullaniciIslemleri'

2021-10-14 17:41:50 - [MESSAGE][PASSED] - Object: 'Object Repository/Kullanici_Islemleri/KullaniciIslemleri' is clicked on

2021-10-14 17:41:50 - [TEST_STEP][PASSED] - Method.TextDegerineEsitElementeTikla(findTestObject("Object Repository/Kullanici_Islemleri/Secenekler"), Islem): Method.TextDegerineEsitElementeTikla is PASSED

2021-10-14 17:41:50 - [MESSAGE][INFO] - Finding Test Object 'Object Repository/Kullanici_Islemleri/Secenekler'

2021-10-14 17:41:50 - [MESSAGE][INFO] - Checking timeout

2021-10-14 17:41:50 - [MESSAGE][INFO] - Finding web element with id: 'Object Repository/Kullanici_Islemleri/Secenekler' located by 'By.cssSelector: .nav.navbar-nav.navbar-right li a' in '10' second(s)

2021-10-14 17:41:50 - [MESSAGE][INFO] - Smart Wait Function is triggered

2021-10-14 17:41:50 - [MESSAGE][INFO] - Found 22 web elements with id: 'Object Repository/Kullanici_Islemleri/Secenekler' located by 'By.cssSelector: .nav.navbar-nav.navbar-right li a' in '10' second(s)

2021-10-14 17:41:52 - [MESSAGE][PASSED] - Method.TextDegerineEsitElementeTikla is PASSED

2021-10-14 17:41:52 - [TEST_STEP][PASSED] - verifyElementNotPresent(findTestObject("Object Repository/Kullanici_Islemleri/Secenekler"), 10): Web element with id: 'Object Repository/Kullanici_Islemleri/Secenekler' located by 'By.cssSelector: .nav.navbar-nav.navbar-right li a' is not present after '10' second(s)

2021-10-14 17:41:52 - [MESSAGE][INFO] - Finding Test Object 'Object Repository/Kullanici_Islemleri/Secenekler'

2021-10-14 17:41:52 - [MESSAGE][INFO] - Checking object

2021-10-14 17:41:52 - [MESSAGE][INFO] - Checking timeout

2021-10-14 17:41:52 - [MESSAGE][INFO] - Finding web element with id: 'Object Repository/Kullanici_Islemleri/Secenekler' located by 'By.cssSelector: .nav.navbar-nav.navbar-right li a' in '10' second(s)

2021-10-14 17:41:52 - [MESSAGE][INFO] - Smart Wait Function is triggered

2021-10-14 17:41:52 - [MESSAGE][PASSED] - Web element with id: 'Object Repository/Kullanici_Islemleri/Secenekler' located by 'By.cssSelector: .nav.navbar-nav.navbar-right li a' is not present after '10' second(s)

2021-10-14 17:41:52 - [MESSAGE][PASSED] - Call Test Case 'Test Cases/Kullanici_Islemleri/KullaniciIslemlerindenSecimYapilir' successfully

2021-10-14 17:41:52 - [TEST_CASE][PASSED] - Start Test Case : SCENARIO e-Serbest Meslek Makbuzlari Toplu Indirme - PDF Secilenlerin indirilmesi: SCENARIO e-Serbest Meslek Makbuzlari Toplu Indirme - PDF Secilenlerin indirilmesi

2021-10-14 17:41:52 - [TEST_STEP][PASSED] - Kullanıcı adı ELOGO6 ve Şifre 123456 olarak giriş yapılır: Kullanıcı adı ELOGO6 ve Şifre 123456 olarak giriş yapılır

2021-10-14 17:41:52 - [MESSAGE][PASSED] - Kullanıcı adı ELOGO6 ve Şifre 123456 olarak giriş yapılır

2021-10-14 17:41:52 - [TEST_STEP][PASSED] - Ana menüden e-Makbuz seçilir: Ana menüden e-Makbuz seçilir

2021-10-14 17:41:52 - [MESSAGE][PASSED] - Ana menüden e-Makbuz seçilir

2021-10-14 17:41:52 - [TEST_STEP][PASSED] - Alt menü e-Serbest Meslek Uygulaması başlığı altındaki e-Serbest Meslek Makbuzları seçilir: Alt menü e-Serbest Meslek Uygulaması başlığı altındaki e-Serbest Meslek Makbuzları seçilir

2021-10-14 17:41:52 - [MESSAGE][PASSED] - Alt menü e-Serbest Meslek Uygulaması başlığı altındaki e-Serbest Meslek Makbuzları seçilir

2021-10-14 17:41:52 - [TEST_STEP][PASSED] - Filtrelerden Oluşturma Tarihi filtresine 01.12.2020 baslangic degerini yaz: Filtrelerden Oluşturma Tarihi filtresine 01.12.2020 baslangic degerini yaz

2021-10-14 17:41:52 - [MESSAGE][PASSED] - Filtrelerden Oluşturma Tarihi filtresine 01.12.2020 baslangic degerini yaz

2021-10-14 17:41:52 - [TEST_STEP][PASSED] - Filtrelerden Oluşturma Tarihi filtresine 31.12.2020 bitis degerini yaz: Filtrelerden Oluşturma Tarihi filtresine 31.12.2020 bitis degerini yaz

2021-10-14 17:41:52 - [MESSAGE][PASSED] - Filtrelerden Oluşturma Tarihi filtresine 31.12.2020 bitis degerini yaz

2021-10-14 17:41:52 - [TEST_STEP][PASSED] - Filtrelerden Alıcı Unvan filtresine TEST textini yaz: Filtrelerden Alıcı Unvan filtresine TEST textini yaz

2021-10-14 17:41:52 - [MESSAGE][PASSED] - Filtrelerden Alıcı Unvan filtresine TEST textini yaz

2021-10-14 17:41:52 - [TEST_STEP][PASSED] - Filtre butonlarından Listele seçilir: Filtre butonlarından Listele seçilir

2021-10-14 17:41:52 - [MESSAGE][PASSED] - Filtre butonlarından Listele seçilir

2021-10-14 17:41:52 - [TEST_STEP][PASSED] - Tabloda veri var mı kontrol edilir: Tabloda veri var mı kontrol edilir

2021-10-14 17:41:52 - [MESSAGE][PASSED] - Tabloda veri var mı kontrol edilir

2021-10-14 17:41:52 - [TEST_STEP][PASSED] - Tablodan TEST isimli veri seçilir: Tablodan TEST isimli veri seçilir

2021-10-14 17:41:52 - [MESSAGE][PASSED] - Tablodan TEST isimli veri seçilir

2021-10-14 17:41:52 - [TEST_STEP][PASSED] - Butonlardan Toplu İndirme isimli butona tıklanır: Butonlardan Toplu İndirme isimli butona tıklanır

2021-10-14 17:41:52 - [MESSAGE][PASSED] - Butonlardan Toplu İndirme isimli butona tıklanır

2021-10-14 17:41:52 - [TEST_STEP][PASSED] - Alt butonlardan PDF Seçilenleri İndir butonuna tıklanır: Alt butonlardan PDF Seçilenleri İndir butonuna tıklanır

2021-10-14 17:41:52 - [MESSAGE][PASSED] - Alt butonlardan PDF Seçilenleri İndir butonuna tıklanır

2021-10-14 17:41:52 - [TEST_STEP][PASSED] - Popup mesajı Lütfen rapor bildiriminin gönderileceği e-posta adresini belirtiniz. içeriyor mu: Popup mesajı Lütfen rapor bildiriminin gönderileceği e-posta adresini belirtiniz. içeriyor mu

2021-10-14 17:41:52 - [MESSAGE][PASSED] - Popup mesajı Lütfen rapor bildiriminin gönderileceği e-posta adresini belirtiniz. içeriyor mu

2021-10-14 17:41:52 - [TEST_STEP][PASSED] - Yönetim popupında Gönder seçilir: Yönetim popupında Gönder seçilir

2021-10-14 17:41:52 - [MESSAGE][PASSED] - Yönetim popupında Gönder seçilir

2021-10-14 17:41:52 - [TEST_STEP][PASSED] - Popup mesajı Toplu Veri İndirme içeriyor mu: Popup mesajı Toplu Veri İndirme içeriyor mu

2021-10-14 17:41:52 - [MESSAGE][PASSED] - Popup mesajı Toplu Veri İndirme içeriyor mu

2021-10-14 17:41:52 - [TEST_STEP][PASSED] - Yönetim popupında Tamam seçilir: Yönetim popupında Tamam seçilir

2021-10-14 17:41:52 - [MESSAGE][PASSED] - Yönetim popupında Tamam seçilir

2021-10-14 17:41:52 - [TEST_STEP][PASSED] - Butonlardan Toplu İndirme isimli butona tıklanır: Butonlardan Toplu İndirme isimli butona tıklanır

2021-10-14 17:41:52 - [MESSAGE][PASSED] - Butonlardan Toplu İndirme isimli butona tıklanır

2021-10-14 17:41:52 - [TEST_STEP][PASSED] - Alt butonlardan PDF Tümünü İndir butonuna tıklanır: Alt butonlardan PDF Tümünü İndir butonuna tıklanır

2021-10-14 17:41:52 - [MESSAGE][PASSED] - Alt butonlardan PDF Tümünü İndir butonuna tıklanır

2021-10-14 17:41:52 - [TEST_STEP][PASSED] - Popup mesajı Lütfen rapor bildiriminin gönderileceği e-posta adresini belirtiniz. içeriyor mu: Popup mesajı Lütfen rapor bildiriminin gönderileceği e-posta adresini belirtiniz. içeriyor mu

2021-10-14 17:41:52 - [MESSAGE][PASSED] - Popup mesajı Lütfen rapor bildiriminin gönderileceği e-posta adresini belirtiniz. içeriyor mu

2021-10-14 17:41:52 - [TEST_STEP][PASSED] - Yönetim popupında Gönder seçilir: Yönetim popupında Gönder seçilir

2021-10-14 17:41:52 - [MESSAGE][PASSED] - Yönetim popupında Gönder seçilir

2021-10-14 17:41:52 - [TEST_STEP][PASSED] - Popup mesajı Toplu Veri İndirme içeriyor mu: Popup mesajı Toplu Veri İndirme içeriyor mu

2021-10-14 17:41:52 - [MESSAGE][PASSED] - Popup mesajı Toplu Veri İndirme içeriyor mu

2021-10-14 17:41:52 - [TEST_STEP][PASSED] - Yönetim popupında Tamam seçilir: Yönetim popupında Tamam seçilir

2021-10-14 17:41:52 - [MESSAGE][PASSED] - Yönetim popupında Tamam seçilir

2021-10-14 17:41:52 - [TEST_STEP][PASSED] - Ana menüden Raporlar seçilir: Ana menüden Raporlar seçilir

2021-10-14 17:41:52 - [MESSAGE][PASSED] - Ana menüden Raporlar seçilir

2021-10-14 17:41:52 - [TEST_STEP][PASSED] - Alt menüden Toplu Veri İndirme seçilir: Alt menüden Toplu Veri İndirme seçilir

2021-10-14 17:41:52 - [MESSAGE][PASSED] - Alt menüden Toplu Veri İndirme seçilir

2021-10-14 17:41:52 - [TEST_STEP][PASSED] - Filtrelerden Talep No filtresine Rapor No bilgisi yaz: Filtrelerden Talep No filtresine Rapor No bilgisi yaz

2021-10-14 17:41:52 - [MESSAGE][PASSED] - Filtrelerden Talep No filtresine Rapor No bilgisi yaz

2021-10-14 17:41:52 - [TEST_STEP][PASSED] - Filtre butonlarından Listele seçilir: Filtre butonlarından Listele seçilir

2021-10-14 17:41:52 - [MESSAGE][PASSED] - Filtre butonlarından Listele seçilir

2021-10-14 17:41:52 - [TEST_STEP][PASSED] - Tabloda veri var mı kontrol edilir: Tabloda veri var mı kontrol edilir

2021-10-14 17:41:52 - [MESSAGE][PASSED] - Tabloda veri var mı kontrol edilir

2021-10-14 17:41:52 - [TEST_STEP][PASSED] - Kullanıcı işlemlerinden Çıkış seçilir: Kullanıcı işlemlerinden Çıkış seçilir

2021-10-14 17:41:52 - [MESSAGE][PASSED] - Kullanıcı işlemlerinden Çıkış seçilir

2021-10-14 17:41:52 - [MESSAGE][PASSED] - Feature file: 'Include/features/e-Makbuz/e-Serbest Meslek Uygulaması/e-Serbest Meslek Makbuzlari/Toplu Indirme.feature' was passed

2021-10-14 17:41:52 - [TEST_STEP][PASSED] - Start listener action : sampleAfterTestSuite: Invoke 'com.kms.katalon.core.annotation.AfterTestCase' method: 'Listener.sampleAfterTestSuite(...)' completed.

2021-10-14 17:41:52 - [MESSAGE][INFO] - Starting invoke 'com.kms.katalon.core.annotation.AfterTestCase' method: 'Listener.sampleAfterTestSuite(...)'

2021-10-14 17:41:52 - [TEST_STEP][PASSED] - closeBrowser(): Invoke 'com.kms.katalon.core.annotation.AfterTestCase' method: 'Listener.sampleAfterTestSuite(...)' completed.

2021-10-14 17:41:52 - [MESSAGE][INFO] - Closing browser

2021-10-14 17:41:53 - [MESSAGE][PASSED] - Browser is closed

2021-10-14 17:41:53 - [MESSAGE][INFO] - Invoke 'com.kms.katalon.core.annotation.AfterTestCase' method: 'Listener.sampleAfterTestSuite(...)' completed.]]></system-out>
         <system-err><![CDATA[]]></system-err>
      </testcase>
      <testcase name="Test Cases/Case Repository/Zarflar/Gelen Zarflar/Secilenleri Excele Aktar" time="45.879" classname="Test Cases/Case Repository/Zarflar/Gelen Zarflar/Secilenleri Excele Aktar" status="PASSED">
         <system-out><![CDATA[2021-10-14 17:41:53 - [TEST_CASE][PASSED] - Test Cases/Case Repository/Zarflar/Gelen Zarflar/Secilenleri Excele Aktar: Test Cases/Case Repository/Zarflar/Gelen Zarflar/Secilenleri Excele Aktar

2021-10-14 17:41:53 - [TEST_STEP][PASSED] - Start listener action : sampleBeforeTestSuite: Invoke 'com.kms.katalon.core.annotation.BeforeTestCase' method: 'Listener.sampleBeforeTestSuite(...)' completed.

2021-10-14 17:41:53 - [MESSAGE][INFO] - Starting invoke 'com.kms.katalon.core.annotation.BeforeTestCase' method: 'Listener.sampleBeforeTestSuite(...)'

2021-10-14 17:41:53 - [TEST_STEP][PASSED] - openBrowser(baseUrl): Browser is opened with url: 'https://efatura-stage.elogo.com.tr/'

2021-10-14 17:41:53 - [MESSAGE][INFO] - Opening browser

2021-10-14 17:41:53 - [MESSAGE][INFO] - Starting 'Chrome' driver

2021-10-14 17:41:53 - [MESSAGE][INFO] - User set preference: ['prefs', '{download.default_directory=C:\otomasyondownfiles}']

2021-10-14 17:41:53 - [MESSAGE][INFO] - Action delay is set to 0 milliseconds

2021-10-14 17:41:54 - [MESSAGE][INFO] - Navigating browser to: 'https://efatura-stage.elogo.com.tr/'

2021-10-14 17:41:57 - [MESSAGE][PASSED] - Browser is opened with url: 'https://efatura-stage.elogo.com.tr/'

2021-10-14 17:41:57 - [TEST_STEP][PASSED] - maximizeWindow(): Invoke 'com.kms.katalon.core.annotation.BeforeTestCase' method: 'Listener.sampleBeforeTestSuite(...)' completed.

2021-10-14 17:41:57 - [MESSAGE][INFO] - Maximizing current window

2021-10-14 17:41:57 - [MESSAGE][PASSED] - Current window maximized

2021-10-14 17:41:57 - [MESSAGE][INFO] - Invoke 'com.kms.katalon.core.annotation.BeforeTestCase' method: 'Listener.sampleBeforeTestSuite(...)' completed.

2021-10-14 17:41:58 - [TEST_STEP][PASSED] - runFeatureFile("Include/features/Zarflar/Gelen Zarflar/Secilenleri Excele Aktar.feature"): Feature file: 'Include/features/Zarflar/Gelen Zarflar/Secilenleri Excele Aktar.feature' was passed

2021-10-14 17:41:58 - [MESSAGE][INFO] - Starting run keyword runFeatureFile: 'Include/features/Zarflar/Gelen Zarflar/Secilenleri Excele Aktar.feature' and extract report to folder: 'C:\Users\DELL\Downloads\EES_Katalon-main\Reports\20211014_170112\Suite Repository\ExceleAktarVeTopluIndirme\20211014_170125/cucumber_report/1634222518007'...

2021-10-14 17:41:58 - [MESSAGE][INFO] - Glue: []

2021-10-14 17:41:58 - [MESSAGE][INFO] - Checking called Test Case

2021-10-14 17:41:58 - [MESSAGE][INFO] - Starting to call Test Case 'Test Cases/Sayfalar/Giris_Sayfasi/Login'

2021-10-14 17:41:58 - [TEST_CASE][PASSED] - Test Cases/Sayfalar/Giris_Sayfasi/Login: Test Cases/Sayfalar/Giris_Sayfasi/Login

2021-10-14 17:41:58 - [TEST_STEP][PASSED] - Sayfa_Basligi = getWindowTitle(): Current window's title is: 'LOGO e-Fatura'

2021-10-14 17:41:58 - [MESSAGE][INFO] - Getting current window's title

2021-10-14 17:41:58 - [MESSAGE][PASSED] - Current window's title is: 'LOGO e-Fatura'

2021-10-14 17:41:58 - [TEST_STEP][PASSED] - verifyMatch(Sayfa_Basligi, "LOGO e-Fatura", false): Actual text 'LOGO e-Fatura' and expected text 'LOGO e-Fatura' are matched 

2021-10-14 17:41:58 - [MESSAGE][INFO] - Matching actual text 'LOGO e-Fatura' with expected text 'LOGO e-Fatura'

2021-10-14 17:41:58 - [MESSAGE][PASSED] - Actual text 'LOGO e-Fatura' and expected text 'LOGO e-Fatura' are matched 

2021-10-14 17:41:58 - [TEST_STEP][PASSED] - sendKeys(findTestObject("Sayfalar/Giris_Sayfasi/Firma_Kodu"), KullaniciAdi): Keys 'ELOGO6' sent to object: 'Object Repository/Sayfalar/Giris_Sayfasi/Firma_Kodu'

2021-10-14 17:41:58 - [MESSAGE][INFO] - Finding Test Object 'Object Repository/Sayfalar/Giris_Sayfasi/Firma_Kodu'

2021-10-14 17:41:58 - [MESSAGE][INFO] - Sending keys 'ELOGO6' to object: 'Object Repository/Sayfalar/Giris_Sayfasi/Firma_Kodu'

2021-10-14 17:41:58 - [MESSAGE][INFO] - Finding web element from Test Object's properties

2021-10-14 17:41:58 - [MESSAGE][INFO] - Checking timeout

2021-10-14 17:41:58 - [MESSAGE][INFO] - Finding web element with id: 'Object Repository/Sayfalar/Giris_Sayfasi/Firma_Kodu' located by 'By.xpath: //*[@id = 'AccountName']' in '30' second(s)

2021-10-14 17:41:58 - [MESSAGE][INFO] - Smart Wait Function is triggered

2021-10-14 17:41:59 - [MESSAGE][INFO] - Found 1 web elements with id: 'Object Repository/Sayfalar/Giris_Sayfasi/Firma_Kodu' located by 'By.xpath: //*[@id = 'AccountName']' in '30' second(s)

2021-10-14 17:41:59 - [MESSAGE][PASSED] - Keys 'ELOGO6' sent to object: 'Object Repository/Sayfalar/Giris_Sayfasi/Firma_Kodu'

2021-10-14 17:41:59 - [TEST_STEP][PASSED] - sendKeys(findTestObject("Sayfalar/Giris_Sayfasi/Sifre"), Sifre): Keys '123456' sent to object: 'Object Repository/Sayfalar/Giris_Sayfasi/Sifre'

2021-10-14 17:41:59 - [MESSAGE][INFO] - Finding Test Object 'Object Repository/Sayfalar/Giris_Sayfasi/Sifre'

2021-10-14 17:41:59 - [MESSAGE][INFO] - Sending keys '123456' to object: 'Object Repository/Sayfalar/Giris_Sayfasi/Sifre'

2021-10-14 17:41:59 - [MESSAGE][INFO] - Finding web element from Test Object's properties

2021-10-14 17:41:59 - [MESSAGE][INFO] - Checking timeout

2021-10-14 17:41:59 - [MESSAGE][INFO] - Finding web element with id: 'Object Repository/Sayfalar/Giris_Sayfasi/Sifre' located by 'By.xpath: //*[@id = 'Password']' in '30' second(s)

2021-10-14 17:41:59 - [MESSAGE][INFO] - Smart Wait Function is triggered

2021-10-14 17:41:59 - [MESSAGE][INFO] - Found 1 web elements with id: 'Object Repository/Sayfalar/Giris_Sayfasi/Sifre' located by 'By.xpath: //*[@id = 'Password']' in '30' second(s)

2021-10-14 17:41:59 - [MESSAGE][PASSED] - Keys '123456' sent to object: 'Object Repository/Sayfalar/Giris_Sayfasi/Sifre'

2021-10-14 17:41:59 - [TEST_STEP][PASSED] - findWebElement(findTestObject("Sayfalar/Giris_Sayfasi/Giris_Butonu")).click(): Found 1 web elements with id: 'Object Repository/Sayfalar/Giris_Sayfasi/Giris_Butonu' located by 'By.cssSelector: #btnLogin' in '30' second(s)

2021-10-14 17:41:59 - [MESSAGE][INFO] - Finding Test Object 'Object Repository/Sayfalar/Giris_Sayfasi/Giris_Butonu'

2021-10-14 17:41:59 - [MESSAGE][INFO] - Finding web element from Test Object's properties

2021-10-14 17:41:59 - [MESSAGE][INFO] - Checking timeout

2021-10-14 17:41:59 - [MESSAGE][INFO] - Finding web element with id: 'Object Repository/Sayfalar/Giris_Sayfasi/Giris_Butonu' located by 'By.cssSelector: #btnLogin' in '30' second(s)

2021-10-14 17:41:59 - [MESSAGE][INFO] - Smart Wait Function is triggered

2021-10-14 17:41:59 - [MESSAGE][INFO] - Found 1 web elements with id: 'Object Repository/Sayfalar/Giris_Sayfasi/Giris_Butonu' located by 'By.cssSelector: #btnLogin' in '30' second(s)

2021-10-14 17:42:02 - [TEST_STEP][PASSED] - if (verifyElementPresent(findTestObject("Object Repository/Sayfalar/Giris_Sayfasi/RetveTamam_Butonu"), 5, OPTIONAL)): null

2021-10-14 17:42:02 - [MESSAGE][INFO] - Finding Test Object 'Object Repository/Sayfalar/Giris_Sayfasi/RetveTamam_Butonu'

2021-10-14 17:42:02 - [MESSAGE][INFO] - Checking object

2021-10-14 17:42:02 - [MESSAGE][INFO] - Finding web element from Test Object's properties

2021-10-14 17:42:02 - [MESSAGE][INFO] - Checking timeout

2021-10-14 17:42:02 - [MESSAGE][INFO] - Finding web element with id: 'Object Repository/Sayfalar/Giris_Sayfasi/RetveTamam_Butonu' located by 'By.xpath: //*[@class = 'btn btn-default']' in '5' second(s)

2021-10-14 17:42:02 - [MESSAGE][INFO] - Smart Wait Function is triggered

2021-10-14 17:42:02 - [MESSAGE][INFO] - Found 1 web elements with id: 'Object Repository/Sayfalar/Giris_Sayfasi/RetveTamam_Butonu' located by 'By.xpath: //*[@class = 'btn btn-default']' in '5' second(s)

2021-10-14 17:42:02 - [MESSAGE][PASSED] - Object 'Object Repository/Sayfalar/Giris_Sayfasi/RetveTamam_Butonu' is present

2021-10-14 17:42:02 - [TEST_STEP][PASSED] - click(findTestObject("Object Repository/Sayfalar/Giris_Sayfasi/RetveTamam_Butonu")): Object: 'Object Repository/Sayfalar/Giris_Sayfasi/RetveTamam_Butonu' is clicked on

2021-10-14 17:42:02 - [MESSAGE][INFO] - Finding Test Object 'Object Repository/Sayfalar/Giris_Sayfasi/RetveTamam_Butonu'

2021-10-14 17:42:02 - [MESSAGE][INFO] - Checking object

2021-10-14 17:42:02 - [MESSAGE][INFO] - Finding web element from Test Object's properties

2021-10-14 17:42:02 - [MESSAGE][INFO] - Checking timeout

2021-10-14 17:42:02 - [MESSAGE][INFO] - Finding web element with id: 'Object Repository/Sayfalar/Giris_Sayfasi/RetveTamam_Butonu' located by 'By.xpath: //*[@class = 'btn btn-default']' in '30' second(s)

2021-10-14 17:42:02 - [MESSAGE][INFO] - Smart Wait Function is triggered

2021-10-14 17:42:02 - [MESSAGE][INFO] - Found 1 web elements with id: 'Object Repository/Sayfalar/Giris_Sayfasi/RetveTamam_Butonu' located by 'By.xpath: //*[@class = 'btn btn-default']' in '30' second(s)

2021-10-14 17:42:02 - [MESSAGE][INFO] - Clicking on object: 'Object Repository/Sayfalar/Giris_Sayfasi/RetveTamam_Butonu'

2021-10-14 17:42:02 - [MESSAGE][PASSED] - Object: 'Object Repository/Sayfalar/Giris_Sayfasi/RetveTamam_Butonu' is clicked on

2021-10-14 17:42:02 - [TEST_STEP][PASSED] - click(findTestObject("Object Repository/Sayfalar/Giris_Sayfasi/RetveTamam_Butonu")): Object: 'Object Repository/Sayfalar/Giris_Sayfasi/RetveTamam_Butonu' is clicked on

2021-10-14 17:42:02 - [MESSAGE][INFO] - Finding Test Object 'Object Repository/Sayfalar/Giris_Sayfasi/RetveTamam_Butonu'

2021-10-14 17:42:02 - [MESSAGE][INFO] - Checking object

2021-10-14 17:42:02 - [MESSAGE][INFO] - Finding web element from Test Object's properties

2021-10-14 17:42:02 - [MESSAGE][INFO] - Checking timeout

2021-10-14 17:42:02 - [MESSAGE][INFO] - Finding web element with id: 'Object Repository/Sayfalar/Giris_Sayfasi/RetveTamam_Butonu' located by 'By.xpath: //*[@class = 'btn btn-default']' in '30' second(s)

2021-10-14 17:42:02 - [MESSAGE][INFO] - Smart Wait Function is triggered

2021-10-14 17:42:06 - [MESSAGE][INFO] - Found 1 web elements with id: 'Object Repository/Sayfalar/Giris_Sayfasi/RetveTamam_Butonu' located by 'By.xpath: //*[@class = 'btn btn-default']' in '30' second(s)

2021-10-14 17:42:06 - [MESSAGE][INFO] - Clicking on object: 'Object Repository/Sayfalar/Giris_Sayfasi/RetveTamam_Butonu'

2021-10-14 17:42:06 - [MESSAGE][PASSED] - Object: 'Object Repository/Sayfalar/Giris_Sayfasi/RetveTamam_Butonu' is clicked on

2021-10-14 17:42:06 - [TEST_STEP][PASSED] - if (verifyElementPresent(findTestObject("Sayfalar/Giris_Sayfasi/PopupOK"), 5, OPTIONAL)): null

2021-10-14 17:42:06 - [MESSAGE][INFO] - Finding Test Object 'Object Repository/Sayfalar/Giris_Sayfasi/PopupOK'

2021-10-14 17:42:06 - [MESSAGE][INFO] - Checking object

2021-10-14 17:42:06 - [MESSAGE][INFO] - Finding web element from Test Object's properties

2021-10-14 17:42:06 - [MESSAGE][INFO] - Checking timeout

2021-10-14 17:42:06 - [MESSAGE][INFO] - Finding web element with id: 'Object Repository/Sayfalar/Giris_Sayfasi/PopupOK' located by 'By.cssSelector: .btn.btn-success' in '5' second(s)

2021-10-14 17:42:06 - [MESSAGE][INFO] - Smart Wait Function is triggered

2021-10-14 17:42:06 - [MESSAGE][INFO] - Found 1 web elements with id: 'Object Repository/Sayfalar/Giris_Sayfasi/PopupOK' located by 'By.cssSelector: .btn.btn-success' in '5' second(s)

2021-10-14 17:42:06 - [MESSAGE][PASSED] - Object 'Object Repository/Sayfalar/Giris_Sayfasi/PopupOK' is present

2021-10-14 17:42:06 - [TEST_STEP][PASSED] - click(findTestObject("Object Repository/Sayfalar/Giris_Sayfasi/PopupCarpiGiris")): Object: 'Object Repository/Sayfalar/Giris_Sayfasi/PopupCarpiGiris' is clicked on

2021-10-14 17:42:06 - [MESSAGE][INFO] - Finding Test Object 'Object Repository/Sayfalar/Giris_Sayfasi/PopupCarpiGiris'

2021-10-14 17:42:06 - [MESSAGE][INFO] - Checking object

2021-10-14 17:42:06 - [MESSAGE][INFO] - Finding web element from Test Object's properties

2021-10-14 17:42:06 - [MESSAGE][INFO] - Checking timeout

2021-10-14 17:42:06 - [MESSAGE][INFO] - Finding web element with id: 'Object Repository/Sayfalar/Giris_Sayfasi/PopupCarpiGiris' located by 'By.cssSelector: .bootbox-close-button.close' in '30' second(s)

2021-10-14 17:42:06 - [MESSAGE][INFO] - Smart Wait Function is triggered

2021-10-14 17:42:06 - [MESSAGE][INFO] - Found 1 web elements with id: 'Object Repository/Sayfalar/Giris_Sayfasi/PopupCarpiGiris' located by 'By.cssSelector: .bootbox-close-button.close' in '30' second(s)

2021-10-14 17:42:06 - [MESSAGE][INFO] - Clicking on object: 'Object Repository/Sayfalar/Giris_Sayfasi/PopupCarpiGiris'

2021-10-14 17:42:06 - [MESSAGE][PASSED] - Object: 'Object Repository/Sayfalar/Giris_Sayfasi/PopupCarpiGiris' is clicked on

2021-10-14 17:42:06 - [TEST_STEP][PASSED] - verifyElementVisible(findTestObject("Object Repository/Kullanici_Islemleri/KullaniciIslemleri")): Object 'Object Repository/Kullanici_Islemleri/KullaniciIslemleri' is visible

2021-10-14 17:42:06 - [MESSAGE][INFO] - Finding Test Object 'Object Repository/Kullanici_Islemleri/KullaniciIslemleri'

2021-10-14 17:42:07 - [MESSAGE][INFO] - Checking object

2021-10-14 17:42:07 - [MESSAGE][INFO] - Finding web element from Test Object's properties

2021-10-14 17:42:07 - [MESSAGE][INFO] - Checking timeout

2021-10-14 17:42:07 - [MESSAGE][INFO] - Finding web element with id: 'Object Repository/Kullanici_Islemleri/KullaniciIslemleri' located by 'By.cssSelector: .dropdown>a>img' in '30' second(s)

2021-10-14 17:42:07 - [MESSAGE][INFO] - Smart Wait Function is triggered

2021-10-14 17:42:07 - [MESSAGE][INFO] - Found 1 web elements with id: 'Object Repository/Kullanici_Islemleri/KullaniciIslemleri' located by 'By.cssSelector: .dropdown>a>img' in '30' second(s)

2021-10-14 17:42:07 - [MESSAGE][PASSED] - Object 'Object Repository/Kullanici_Islemleri/KullaniciIslemleri' is visible

2021-10-14 17:42:07 - [MESSAGE][PASSED] - Call Test Case 'Test Cases/Sayfalar/Giris_Sayfasi/Login' successfully

2021-10-14 17:42:07 - [MESSAGE][INFO] - Checking called Test Case

2021-10-14 17:42:07 - [MESSAGE][INFO] - Starting to call Test Case 'Test Cases/Menu/AnaMenuSecimi'

2021-10-14 17:42:07 - [TEST_CASE][PASSED] - Test Cases/Menu/AnaMenuSecimi: Test Cases/Menu/AnaMenuSecimi

2021-10-14 17:42:07 - [TEST_STEP][PASSED] - Method.TextDegerineEsitElementeTikla(findTestObject("Menu/Ana_Menu"), Ana_Menu): Method.TextDegerineEsitElementeTikla is PASSED

2021-10-14 17:42:07 - [MESSAGE][INFO] - Finding Test Object 'Object Repository/Menu/Ana_Menu'

2021-10-14 17:42:07 - [MESSAGE][INFO] - Checking timeout

2021-10-14 17:42:07 - [MESSAGE][INFO] - Finding web element with id: 'Object Repository/Menu/Ana_Menu' located by 'By.xpath: //*[@class = 'dropdown-toggle']' in '10' second(s)

2021-10-14 17:42:07 - [MESSAGE][INFO] - Smart Wait Function is triggered

2021-10-14 17:42:08 - [MESSAGE][INFO] - Found 14 web elements with id: 'Object Repository/Menu/Ana_Menu' located by 'By.xpath: //*[@class = 'dropdown-toggle']' in '10' second(s)

2021-10-14 17:42:08 - [MESSAGE][PASSED] - Method.TextDegerineEsitElementeTikla is PASSED

2021-10-14 17:42:08 - [MESSAGE][PASSED] - Call Test Case 'Test Cases/Menu/AnaMenuSecimi' successfully

2021-10-14 17:42:08 - [MESSAGE][INFO] - Checking called Test Case

2021-10-14 17:42:08 - [MESSAGE][INFO] - Starting to call Test Case 'Test Cases/Menu/AltMenuSecimi'

2021-10-14 17:42:08 - [TEST_CASE][PASSED] - Test Cases/Menu/AltMenuSecimi: Test Cases/Menu/AltMenuSecimi

2021-10-14 17:42:08 - [TEST_STEP][PASSED] - Method.TextDegerineEsitElementeTikla(findTestObject("Menu/Alt_Menu"), Alt_Menu): Method.TextDegerineEsitElementeTikla is PASSED

2021-10-14 17:42:08 - [MESSAGE][INFO] - Finding Test Object 'Object Repository/Menu/Alt_Menu'

2021-10-14 17:42:08 - [MESSAGE][INFO] - Checking timeout

2021-10-14 17:42:08 - [MESSAGE][INFO] - Finding web element with id: 'Object Repository/Menu/Alt_Menu' located by 'By.xpath: //li[@class='dropdown dropdown-large open']//li[@class='dropdown-element']' in '10' second(s)

2021-10-14 17:42:08 - [MESSAGE][INFO] - Smart Wait Function is triggered

2021-10-14 17:42:08 - [MESSAGE][INFO] - Found 2 web elements with id: 'Object Repository/Menu/Alt_Menu' located by 'By.xpath: //li[@class='dropdown dropdown-large open']//li[@class='dropdown-element']' in '10' second(s)

2021-10-14 17:42:11 - [MESSAGE][PASSED] - Method.TextDegerineEsitElementeTikla is PASSED

2021-10-14 17:42:11 - [MESSAGE][PASSED] - Call Test Case 'Test Cases/Menu/AltMenuSecimi' successfully

2021-10-14 17:42:11 - [MESSAGE][INFO] - Checking called Test Case

2021-10-14 17:42:11 - [MESSAGE][INFO] - Starting to call Test Case 'Test Cases/Filtreler/BaslangicYaz'

2021-10-14 17:42:11 - [TEST_CASE][PASSED] - Test Cases/Filtreler/BaslangicYaz: Test Cases/Filtreler/BaslangicYaz

2021-10-14 17:42:11 - [TEST_STEP][PASSED] - Method.TextDegerineEsitElementinAltindakineTikla(findTestObject("Filtreler/Basliklar"), findTestObject("Filtreler/Basliga_Gore_Baslangic_Image"), Filtre_Adi): Method.TextDegerineEsitElementinAltindakineTikla is PASSED

2021-10-14 17:42:11 - [MESSAGE][INFO] - Finding Test Object 'Object Repository/Filtreler/Basliklar'

2021-10-14 17:42:11 - [MESSAGE][INFO] - Finding Test Object 'Object Repository/Filtreler/Basliga_Gore_Baslangic_Image'

2021-10-14 17:42:11 - [MESSAGE][INFO] - Checking timeout

2021-10-14 17:42:11 - [MESSAGE][INFO] - Finding web element with id: 'Object Repository/Filtreler/Basliklar' located by 'By.cssSelector: .control-label.col-sm-4.paddingMarginRLC' in '10' second(s)

2021-10-14 17:42:11 - [MESSAGE][INFO] - Smart Wait Function is triggered

2021-10-14 17:42:11 - [MESSAGE][INFO] - Found 8 web elements with id: 'Object Repository/Filtreler/Basliklar' located by 'By.cssSelector: .control-label.col-sm-4.paddingMarginRLC' in '10' second(s)

2021-10-14 17:42:11 - [MESSAGE][INFO] - Smart Wait Function is triggered

2021-10-14 17:42:12 - [MESSAGE][PASSED] - Method.TextDegerineEsitElementinAltindakineTikla is PASSED

2021-10-14 17:42:12 - [TEST_STEP][PASSED] - Method.TextDegerineEsitElementinAltindakiTextboxtaYaz(findTestObject("Filtreler/Basliklar"), findTestObject("Filtreler/Basliga_Gore_Baslangic"), Filtre_Adi, Filtre_Degeri): Method.TextDegerineEsitElementinAltindakiTextboxtaYaz is PASSED

2021-10-14 17:42:12 - [MESSAGE][INFO] - Finding Test Object 'Object Repository/Filtreler/Basliklar'

2021-10-14 17:42:12 - [MESSAGE][INFO] - Finding Test Object 'Object Repository/Filtreler/Basliga_Gore_Baslangic'

2021-10-14 17:42:12 - [MESSAGE][INFO] - Checking timeout

2021-10-14 17:42:12 - [MESSAGE][INFO] - Finding web element with id: 'Object Repository/Filtreler/Basliklar' located by 'By.cssSelector: .control-label.col-sm-4.paddingMarginRLC' in '10' second(s)

2021-10-14 17:42:12 - [MESSAGE][INFO] - Smart Wait Function is triggered

2021-10-14 17:42:12 - [MESSAGE][INFO] - Found 8 web elements with id: 'Object Repository/Filtreler/Basliklar' located by 'By.cssSelector: .control-label.col-sm-4.paddingMarginRLC' in '10' second(s)

2021-10-14 17:42:12 - [MESSAGE][INFO] - Smart Wait Function is triggered

2021-10-14 17:42:12 - [MESSAGE][PASSED] - Method.TextDegerineEsitElementinAltindakiTextboxtaYaz is PASSED

2021-10-14 17:42:12 - [MESSAGE][PASSED] - Call Test Case 'Test Cases/Filtreler/BaslangicYaz' successfully

2021-10-14 17:42:12 - [MESSAGE][INFO] - Checking called Test Case

2021-10-14 17:42:12 - [MESSAGE][INFO] - Starting to call Test Case 'Test Cases/Filtreler/BitisYaz'

2021-10-14 17:42:12 - [TEST_CASE][PASSED] - Test Cases/Filtreler/BitisYaz: Test Cases/Filtreler/BitisYaz

2021-10-14 17:42:12 - [TEST_STEP][PASSED] - Method.TextDegerineEsitElementinAltindakineTikla(findTestObject("Filtreler/Basliklar"), findTestObject("Filtreler/Basliga_Gore_Bitis_Image"), Filtre_Adi): Method.TextDegerineEsitElementinAltindakineTikla is PASSED

2021-10-14 17:42:12 - [MESSAGE][INFO] - Finding Test Object 'Object Repository/Filtreler/Basliklar'

2021-10-14 17:42:13 - [MESSAGE][INFO] - Finding Test Object 'Object Repository/Filtreler/Basliga_Gore_Bitis_Image'

2021-10-14 17:42:13 - [MESSAGE][INFO] - Checking timeout

2021-10-14 17:42:13 - [MESSAGE][INFO] - Finding web element with id: 'Object Repository/Filtreler/Basliklar' located by 'By.cssSelector: .control-label.col-sm-4.paddingMarginRLC' in '10' second(s)

2021-10-14 17:42:13 - [MESSAGE][INFO] - Smart Wait Function is triggered

2021-10-14 17:42:13 - [MESSAGE][INFO] - Found 8 web elements with id: 'Object Repository/Filtreler/Basliklar' located by 'By.cssSelector: .control-label.col-sm-4.paddingMarginRLC' in '10' second(s)

2021-10-14 17:42:13 - [MESSAGE][INFO] - Smart Wait Function is triggered

2021-10-14 17:42:13 - [MESSAGE][PASSED] - Method.TextDegerineEsitElementinAltindakineTikla is PASSED

2021-10-14 17:42:13 - [TEST_STEP][PASSED] - Method.TextDegerineEsitElementinAltindakiTextboxtaYaz(findTestObject("Filtreler/Basliklar"), findTestObject("Object Repository/Filtreler/Basliga_Gore_Bitis"), Filtre_Adi, Filtre_Degeri): Method.TextDegerineEsitElementinAltindakiTextboxtaYaz is PASSED

2021-10-14 17:42:13 - [MESSAGE][INFO] - Finding Test Object 'Object Repository/Filtreler/Basliklar'

2021-10-14 17:42:13 - [MESSAGE][INFO] - Finding Test Object 'Object Repository/Filtreler/Basliga_Gore_Bitis'

2021-10-14 17:42:13 - [MESSAGE][INFO] - Checking timeout

2021-10-14 17:42:13 - [MESSAGE][INFO] - Finding web element with id: 'Object Repository/Filtreler/Basliklar' located by 'By.cssSelector: .control-label.col-sm-4.paddingMarginRLC' in '10' second(s)

2021-10-14 17:42:13 - [MESSAGE][INFO] - Smart Wait Function is triggered

2021-10-14 17:42:14 - [MESSAGE][INFO] - Found 8 web elements with id: 'Object Repository/Filtreler/Basliklar' located by 'By.cssSelector: .control-label.col-sm-4.paddingMarginRLC' in '10' second(s)

2021-10-14 17:42:14 - [MESSAGE][INFO] - Smart Wait Function is triggered

2021-10-14 17:42:14 - [MESSAGE][PASSED] - Method.TextDegerineEsitElementinAltindakiTextboxtaYaz is PASSED

2021-10-14 17:42:14 - [MESSAGE][PASSED] - Call Test Case 'Test Cases/Filtreler/BitisYaz' successfully

2021-10-14 17:42:14 - [MESSAGE][INFO] - Checking called Test Case

2021-10-14 17:42:14 - [MESSAGE][INFO] - Starting to call Test Case 'Test Cases/Filtreler/ButonaTikla'

2021-10-14 17:42:14 - [TEST_CASE][PASSED] - Test Cases/Filtreler/ButonaTikla: Test Cases/Filtreler/ButonaTikla

2021-10-14 17:42:14 - [TEST_STEP][PASSED] - Method.TextDegerineEsitElementeTikla(findTestObject("Filtreler/Butonlar"), Filtre_Buton): Method.TextDegerineEsitElementeTikla is PASSED

2021-10-14 17:42:14 - [MESSAGE][INFO] - Finding Test Object 'Object Repository/Filtreler/Butonlar'

2021-10-14 17:42:14 - [MESSAGE][INFO] - Checking timeout

2021-10-14 17:42:14 - [MESSAGE][INFO] - Finding web element with id: 'Object Repository/Filtreler/Butonlar' located by 'By.cssSelector: .dxb>span' in '10' second(s)

2021-10-14 17:42:14 - [MESSAGE][INFO] - Smart Wait Function is triggered

2021-10-14 17:42:15 - [MESSAGE][INFO] - Found 3 web elements with id: 'Object Repository/Filtreler/Butonlar' located by 'By.cssSelector: .dxb>span' in '10' second(s)

2021-10-14 17:42:15 - [MESSAGE][PASSED] - Method.TextDegerineEsitElementeTikla is PASSED

2021-10-14 17:42:15 - [MESSAGE][PASSED] - Call Test Case 'Test Cases/Filtreler/ButonaTikla' successfully

2021-10-14 17:42:15 - [MESSAGE][INFO] - Checking called Test Case

2021-10-14 17:42:15 - [MESSAGE][INFO] - Starting to call Test Case 'Test Cases/Tablo/TablodaVeriVarMi'

2021-10-14 17:42:15 - [TEST_CASE][PASSED] - Test Cases/Tablo/TablodaVeriVarMi: Test Cases/Tablo/TablodaVeriVarMi

2021-10-14 17:42:15 - [TEST_STEP][PASSED] - verifyTextNotPresent("Görüntülenecek veri yok", true): Text 'Görüntülenecek veri yok' is not present on page using regular expression

2021-10-14 17:42:15 - [MESSAGE][INFO] - Checking text present  using regular expression

2021-10-14 17:42:15 - [MESSAGE][INFO] - Smart Wait Function is triggered

2021-10-14 17:42:16 - [MESSAGE][INFO] - Finding text 'Görüntülenecek veri yok' on page  using regular expression

2021-10-14 17:42:16 - [MESSAGE][PASSED] - Text 'Görüntülenecek veri yok' is not present on page using regular expression

2021-10-14 17:42:16 - [MESSAGE][PASSED] - Call Test Case 'Test Cases/Tablo/TablodaVeriVarMi' successfully

2021-10-14 17:42:16 - [MESSAGE][INFO] - Checking called Test Case

2021-10-14 17:42:16 - [MESSAGE][INFO] - Starting to call Test Case 'Test Cases/Tablo/TablodanVeriSec'

2021-10-14 17:42:16 - [TEST_CASE][PASSED] - Test Cases/Tablo/TablodanVeriSec: Test Cases/Tablo/TablodanVeriSec

2021-10-14 17:42:16 - [TEST_STEP][PASSED] - Method.TextDegerineEsitElementinAltindakineTikla(findTestObject("Tablo/Veriler"), findTestObject("Tablo/VerininCheckBoxi"), Veri_Adi): Method.TextDegerineEsitElementinAltindakineTikla is PASSED

2021-10-14 17:42:16 - [MESSAGE][INFO] - Finding Test Object 'Object Repository/Tablo/Veriler'

2021-10-14 17:42:16 - [MESSAGE][INFO] - Finding Test Object 'Object Repository/Tablo/VerininCheckBoxi'

2021-10-14 17:42:16 - [MESSAGE][INFO] - Checking timeout

2021-10-14 17:42:16 - [MESSAGE][INFO] - Finding web element with id: 'Object Repository/Tablo/Veriler' located by 'By.cssSelector: td.dxgv b ,td.dxgv' in '10' second(s)

2021-10-14 17:42:16 - [MESSAGE][INFO] - Smart Wait Function is triggered

2021-10-14 17:42:16 - [MESSAGE][INFO] - Found 110 web elements with id: 'Object Repository/Tablo/Veriler' located by 'By.cssSelector: td.dxgv b ,td.dxgv' in '10' second(s)

2021-10-14 17:42:17 - [MESSAGE][INFO] - Smart Wait Function is triggered

2021-10-14 17:42:17 - [MESSAGE][PASSED] - Method.TextDegerineEsitElementinAltindakineTikla is PASSED

2021-10-14 17:42:17 - [MESSAGE][PASSED] - Call Test Case 'Test Cases/Tablo/TablodanVeriSec' successfully

2021-10-14 17:42:17 - [MESSAGE][INFO] - Checking called Test Case

2021-10-14 17:42:17 - [MESSAGE][INFO] - Starting to call Test Case 'Test Cases/Butonlar/ButonaTikla'

2021-10-14 17:42:17 - [TEST_CASE][PASSED] - Test Cases/Butonlar/ButonaTikla: Test Cases/Butonlar/ButonaTikla

2021-10-14 17:42:17 - [TEST_STEP][PASSED] - Method.TextDegerineEsitElementeTiklaEquals(findTestObject("Butonlar/Butonlar"), Buton_Adi): Method.TextDegerineEsitElementeTiklaEquals is PASSED

2021-10-14 17:42:17 - [MESSAGE][INFO] - Finding Test Object 'Object Repository/Butonlar/Butonlar'

2021-10-14 17:42:17 - [MESSAGE][INFO] - Checking timeout

2021-10-14 17:42:17 - [MESSAGE][INFO] - Finding web element with id: 'Object Repository/Butonlar/Butonlar' located by 'By.cssSelector: .panel.panel-default.text-center.footerPanel .btn,.btn.btn-primary.btnControls' in '10' second(s)

2021-10-14 17:42:17 - [MESSAGE][INFO] - Smart Wait Function is triggered

2021-10-14 17:42:17 - [MESSAGE][INFO] - Found 5 web elements with id: 'Object Repository/Butonlar/Butonlar' located by 'By.cssSelector: .panel.panel-default.text-center.footerPanel .btn,.btn.btn-primary.btnControls' in '10' second(s)

2021-10-14 17:42:17 - [MESSAGE][PASSED] - Method.TextDegerineEsitElementeTiklaEquals is PASSED

2021-10-14 17:42:17 - [MESSAGE][PASSED] - Call Test Case 'Test Cases/Butonlar/ButonaTikla' successfully

2021-10-14 17:42:17 - [MESSAGE][INFO] - Checking called Test Case

2021-10-14 17:42:17 - [MESSAGE][INFO] - Starting to call Test Case 'Test Cases/Butonlar/AltButonaTikla'

2021-10-14 17:42:17 - [TEST_CASE][PASSED] - Test Cases/Butonlar/AltButonaTikla: Test Cases/Butonlar/AltButonaTikla

2021-10-14 17:42:17 - [TEST_STEP][PASSED] - Method.TextDegerineEsitElementeTikla(findTestObject("Butonlar/AltButonlar"), Alt_Buton): Method.TextDegerineEsitElementeTikla is PASSED

2021-10-14 17:42:17 - [MESSAGE][INFO] - Finding Test Object 'Object Repository/Butonlar/AltButonlar'

2021-10-14 17:42:18 - [MESSAGE][INFO] - Checking timeout

2021-10-14 17:42:18 - [MESSAGE][INFO] - Finding web element with id: 'Object Repository/Butonlar/AltButonlar' located by 'By.cssSelector: .btn-group.open li>a' in '10' second(s)

2021-10-14 17:42:18 - [MESSAGE][INFO] - Smart Wait Function is triggered

2021-10-14 17:42:18 - [MESSAGE][INFO] - Found 2 web elements with id: 'Object Repository/Butonlar/AltButonlar' located by 'By.cssSelector: .btn-group.open li>a' in '10' second(s)

2021-10-14 17:42:18 - [MESSAGE][PASSED] - Method.TextDegerineEsitElementeTikla is PASSED

2021-10-14 17:42:18 - [MESSAGE][PASSED] - Call Test Case 'Test Cases/Butonlar/AltButonaTikla' successfully

2021-10-14 17:42:18 - [MESSAGE][INFO] - Checking called Test Case

2021-10-14 17:42:18 - [MESSAGE][INFO] - Starting to call Test Case 'Test Cases/Popup/PopupMesajiIceriyorMu'

2021-10-14 17:42:18 - [TEST_CASE][PASSED] - Test Cases/Popup/PopupMesajiIceriyorMu: Test Cases/Popup/PopupMesajiIceriyorMu

2021-10-14 17:42:18 - [TEST_STEP][PASSED] - waitForElementVisible(findTestObject("Popup/Popup"), 10): Object 'Object Repository/Popup/Popup' is visible

2021-10-14 17:42:18 - [MESSAGE][INFO] - Finding Test Object 'Object Repository/Popup/Popup'

2021-10-14 17:42:18 - [MESSAGE][INFO] - Checking object

2021-10-14 17:42:18 - [MESSAGE][INFO] - Checking timeout

2021-10-14 17:42:18 - [MESSAGE][INFO] - Finding web element from Test Object's properties

2021-10-14 17:42:18 - [MESSAGE][INFO] - Checking timeout

2021-10-14 17:42:18 - [MESSAGE][INFO] - Finding web element with id: 'Object Repository/Popup/Popup' located by 'By.cssSelector: .bootbox-body' in '10' second(s)

2021-10-14 17:42:18 - [MESSAGE][INFO] - Smart Wait Function is triggered

2021-10-14 17:42:19 - [MESSAGE][INFO] - Found 1 web elements with id: 'Object Repository/Popup/Popup' located by 'By.cssSelector: .bootbox-body' in '10' second(s)

2021-10-14 17:42:19 - [MESSAGE][PASSED] - Object 'Object Repository/Popup/Popup' is visible

2021-10-14 17:42:19 - [TEST_STEP][PASSED] - if (!(getText(findTestObject("Popup/Popup")).contains(Mesaj))): Text of object 'Object Repository/Popup/Popup' is: 'Lütfen rapor bildiriminin gönderileceği e-posta adresini belirtiniz.
e-Posta Adresi'

2021-10-14 17:42:19 - [MESSAGE][INFO] - Finding Test Object 'Object Repository/Popup/Popup'

2021-10-14 17:42:19 - [MESSAGE][INFO] - Checking object

2021-10-14 17:42:19 - [MESSAGE][INFO] - Finding web element from Test Object's properties

2021-10-14 17:42:19 - [MESSAGE][INFO] - Checking timeout

2021-10-14 17:42:19 - [MESSAGE][INFO] - Finding web element with id: 'Object Repository/Popup/Popup' located by 'By.cssSelector: .bootbox-body' in '30' second(s)

2021-10-14 17:42:19 - [MESSAGE][INFO] - Smart Wait Function is triggered

2021-10-14 17:42:19 - [MESSAGE][INFO] - Found 1 web elements with id: 'Object Repository/Popup/Popup' located by 'By.cssSelector: .bootbox-body' in '30' second(s)

2021-10-14 17:42:19 - [MESSAGE][INFO] - Getting text of object 'Object Repository/Popup/Popup'

2021-10-14 17:42:19 - [MESSAGE][PASSED] - Text of object 'Object Repository/Popup/Popup' is: 'Lütfen rapor bildiriminin gönderileceği e-posta adresini belirtiniz.
e-Posta Adresi'

2021-10-14 17:42:19 - [TEST_STEP][PASSED] - RaporNo = getText(findTestObject("Popup/Popup")).substring(0, 6): Text of object 'Object Repository/Popup/Popup' is: 'Lütfen rapor bildiriminin gönderileceği e-posta adresini belirtiniz.
e-Posta Adresi'

2021-10-14 17:42:19 - [MESSAGE][INFO] - Finding Test Object 'Object Repository/Popup/Popup'

2021-10-14 17:42:19 - [MESSAGE][INFO] - Checking object

2021-10-14 17:42:19 - [MESSAGE][INFO] - Finding web element from Test Object's properties

2021-10-14 17:42:19 - [MESSAGE][INFO] - Checking timeout

2021-10-14 17:42:19 - [MESSAGE][INFO] - Finding web element with id: 'Object Repository/Popup/Popup' located by 'By.cssSelector: .bootbox-body' in '30' second(s)

2021-10-14 17:42:19 - [MESSAGE][INFO] - Smart Wait Function is triggered

2021-10-14 17:42:20 - [MESSAGE][INFO] - Found 1 web elements with id: 'Object Repository/Popup/Popup' located by 'By.cssSelector: .bootbox-body' in '30' second(s)

2021-10-14 17:42:20 - [MESSAGE][INFO] - Getting text of object 'Object Repository/Popup/Popup'

2021-10-14 17:42:20 - [MESSAGE][PASSED] - Text of object 'Object Repository/Popup/Popup' is: 'Lütfen rapor bildiriminin gönderileceği e-posta adresini belirtiniz.
e-Posta Adresi'

2021-10-14 17:42:20 - [TEST_STEP][PASSED] - Console.println(RaporNo): null

2021-10-14 17:42:20 - [MESSAGE][PASSED] - Call Test Case 'Test Cases/Popup/PopupMesajiIceriyorMu' successfully

2021-10-14 17:42:20 - [MESSAGE][INFO] - Checking called Test Case

2021-10-14 17:42:20 - [MESSAGE][INFO] - Starting to call Test Case 'Test Cases/Popup/PopupButonSecilir'

2021-10-14 17:42:20 - [TEST_CASE][PASSED] - Test Cases/Popup/PopupButonSecilir: Test Cases/Popup/PopupButonSecilir

2021-10-14 17:42:20 - [TEST_STEP][PASSED] - Method.TextDegerineEsitElementeTikla(findTestObject("Popup/Popup_Butons"), Buton): Method.TextDegerineEsitElementeTikla is PASSED

2021-10-14 17:42:20 - [MESSAGE][INFO] - Finding Test Object 'Object Repository/Popup/Popup_Butons'

2021-10-14 17:42:20 - [MESSAGE][INFO] - Checking timeout

2021-10-14 17:42:20 - [MESSAGE][INFO] - Finding web element with id: 'Object Repository/Popup/Popup_Butons' located by 'By.cssSelector: .modal-footer>button' in '10' second(s)

2021-10-14 17:42:20 - [MESSAGE][INFO] - Smart Wait Function is triggered

2021-10-14 17:42:20 - [MESSAGE][INFO] - Found 2 web elements with id: 'Object Repository/Popup/Popup_Butons' located by 'By.cssSelector: .modal-footer>button' in '10' second(s)

2021-10-14 17:42:20 - [MESSAGE][PASSED] - Method.TextDegerineEsitElementeTikla is PASSED

2021-10-14 17:42:20 - [MESSAGE][PASSED] - Call Test Case 'Test Cases/Popup/PopupButonSecilir' successfully

2021-10-14 17:42:20 - [MESSAGE][INFO] - Checking called Test Case

2021-10-14 17:42:20 - [MESSAGE][INFO] - Starting to call Test Case 'Test Cases/Popup/PopupMesajiIceriyorMu'

2021-10-14 17:42:20 - [TEST_CASE][PASSED] - Test Cases/Popup/PopupMesajiIceriyorMu: Test Cases/Popup/PopupMesajiIceriyorMu

2021-10-14 17:42:20 - [TEST_STEP][PASSED] - waitForElementVisible(findTestObject("Popup/Popup"), 10): Object 'Object Repository/Popup/Popup' is visible

2021-10-14 17:42:20 - [MESSAGE][INFO] - Finding Test Object 'Object Repository/Popup/Popup'

2021-10-14 17:42:20 - [MESSAGE][INFO] - Checking object

2021-10-14 17:42:20 - [MESSAGE][INFO] - Checking timeout

2021-10-14 17:42:20 - [MESSAGE][INFO] - Finding web element from Test Object's properties

2021-10-14 17:42:20 - [MESSAGE][INFO] - Checking timeout

2021-10-14 17:42:20 - [MESSAGE][INFO] - Finding web element with id: 'Object Repository/Popup/Popup' located by 'By.cssSelector: .bootbox-body' in '10' second(s)

2021-10-14 17:42:20 - [MESSAGE][INFO] - Smart Wait Function is triggered

2021-10-14 17:42:21 - [MESSAGE][INFO] - Found 1 web elements with id: 'Object Repository/Popup/Popup' located by 'By.cssSelector: .bootbox-body' in '10' second(s)

2021-10-14 17:42:21 - [MESSAGE][PASSED] - Object 'Object Repository/Popup/Popup' is visible

2021-10-14 17:42:21 - [TEST_STEP][PASSED] - if (!(getText(findTestObject("Popup/Popup")).contains(Mesaj))): Text of object 'Object Repository/Popup/Popup' is: '14631 no’lu talebiniz işleme alınmıştır. Raporunuz hazırlandığında (elogotest@gmail.com) adresinize mail gönderilecektir.
Rapor durumunuzu Raporlar > Toplu Veri İndirme ekranından takip edebilir, hazırlandı durumundaki raporlarınızı ilgili menüden indirebilirsiniz.'

2021-10-14 17:42:21 - [MESSAGE][INFO] - Finding Test Object 'Object Repository/Popup/Popup'

2021-10-14 17:42:21 - [MESSAGE][INFO] - Checking object

2021-10-14 17:42:21 - [MESSAGE][INFO] - Finding web element from Test Object's properties

2021-10-14 17:42:21 - [MESSAGE][INFO] - Checking timeout

2021-10-14 17:42:21 - [MESSAGE][INFO] - Finding web element with id: 'Object Repository/Popup/Popup' located by 'By.cssSelector: .bootbox-body' in '30' second(s)

2021-10-14 17:42:21 - [MESSAGE][INFO] - Smart Wait Function is triggered

2021-10-14 17:42:21 - [MESSAGE][INFO] - Found 1 web elements with id: 'Object Repository/Popup/Popup' located by 'By.cssSelector: .bootbox-body' in '30' second(s)

2021-10-14 17:42:21 - [MESSAGE][INFO] - Getting text of object 'Object Repository/Popup/Popup'

2021-10-14 17:42:21 - [MESSAGE][PASSED] - Text of object 'Object Repository/Popup/Popup' is: '14631 no’lu talebiniz işleme alınmıştır. Raporunuz hazırlandığında (elogotest@gmail.com) adresinize mail gönderilecektir.
Rapor durumunuzu Raporlar > Toplu Veri İndirme ekranından takip edebilir, hazırlandı durumundaki raporlarınızı ilgili menüden indirebilirsiniz.'

2021-10-14 17:42:21 - [TEST_STEP][PASSED] - RaporNo = getText(findTestObject("Popup/Popup")).substring(0, 6): Text of object 'Object Repository/Popup/Popup' is: '14631 no’lu talebiniz işleme alınmıştır. Raporunuz hazırlandığında (elogotest@gmail.com) adresinize mail gönderilecektir.
Rapor durumunuzu Raporlar > Toplu Veri İndirme ekranından takip edebilir, hazırlandı durumundaki raporlarınızı ilgili menüden indirebilirsiniz.'

2021-10-14 17:42:21 - [MESSAGE][INFO] - Finding Test Object 'Object Repository/Popup/Popup'

2021-10-14 17:42:21 - [MESSAGE][INFO] - Checking object

2021-10-14 17:42:21 - [MESSAGE][INFO] - Finding web element from Test Object's properties

2021-10-14 17:42:21 - [MESSAGE][INFO] - Checking timeout

2021-10-14 17:42:21 - [MESSAGE][INFO] - Finding web element with id: 'Object Repository/Popup/Popup' located by 'By.cssSelector: .bootbox-body' in '30' second(s)

2021-10-14 17:42:21 - [MESSAGE][INFO] - Smart Wait Function is triggered

2021-10-14 17:42:22 - [MESSAGE][INFO] - Found 1 web elements with id: 'Object Repository/Popup/Popup' located by 'By.cssSelector: .bootbox-body' in '30' second(s)

2021-10-14 17:42:22 - [MESSAGE][INFO] - Getting text of object 'Object Repository/Popup/Popup'

2021-10-14 17:42:22 - [MESSAGE][PASSED] - Text of object 'Object Repository/Popup/Popup' is: '14631 no’lu talebiniz işleme alınmıştır. Raporunuz hazırlandığında (elogotest@gmail.com) adresinize mail gönderilecektir.
Rapor durumunuzu Raporlar > Toplu Veri İndirme ekranından takip edebilir, hazırlandı durumundaki raporlarınızı ilgili menüden indirebilirsiniz.'

2021-10-14 17:42:22 - [TEST_STEP][PASSED] - Console.println(RaporNo): null

2021-10-14 17:42:22 - [MESSAGE][PASSED] - Call Test Case 'Test Cases/Popup/PopupMesajiIceriyorMu' successfully

2021-10-14 17:42:22 - [MESSAGE][INFO] - Checking called Test Case

2021-10-14 17:42:22 - [MESSAGE][INFO] - Starting to call Test Case 'Test Cases/Popup/PopupButonSecilir'

2021-10-14 17:42:22 - [TEST_CASE][PASSED] - Test Cases/Popup/PopupButonSecilir: Test Cases/Popup/PopupButonSecilir

2021-10-14 17:42:22 - [TEST_STEP][PASSED] - Method.TextDegerineEsitElementeTikla(findTestObject("Popup/Popup_Butons"), Buton): Method.TextDegerineEsitElementeTikla is PASSED

2021-10-14 17:42:22 - [MESSAGE][INFO] - Finding Test Object 'Object Repository/Popup/Popup_Butons'

2021-10-14 17:42:22 - [MESSAGE][INFO] - Checking timeout

2021-10-14 17:42:22 - [MESSAGE][INFO] - Finding web element with id: 'Object Repository/Popup/Popup_Butons' located by 'By.cssSelector: .modal-footer>button' in '10' second(s)

2021-10-14 17:42:22 - [MESSAGE][INFO] - Smart Wait Function is triggered

2021-10-14 17:42:22 - [MESSAGE][INFO] - Found 1 web elements with id: 'Object Repository/Popup/Popup_Butons' located by 'By.cssSelector: .modal-footer>button' in '10' second(s)

2021-10-14 17:42:22 - [MESSAGE][PASSED] - Method.TextDegerineEsitElementeTikla is PASSED

2021-10-14 17:42:22 - [MESSAGE][PASSED] - Call Test Case 'Test Cases/Popup/PopupButonSecilir' successfully

2021-10-14 17:42:22 - [MESSAGE][INFO] - Checking called Test Case

2021-10-14 17:42:22 - [MESSAGE][INFO] - Starting to call Test Case 'Test Cases/Butonlar/ButonaTikla'

2021-10-14 17:42:22 - [TEST_CASE][PASSED] - Test Cases/Butonlar/ButonaTikla: Test Cases/Butonlar/ButonaTikla

2021-10-14 17:42:22 - [TEST_STEP][PASSED] - Method.TextDegerineEsitElementeTiklaEquals(findTestObject("Butonlar/Butonlar"), Buton_Adi): Method.TextDegerineEsitElementeTiklaEquals is PASSED

2021-10-14 17:42:22 - [MESSAGE][INFO] - Finding Test Object 'Object Repository/Butonlar/Butonlar'

2021-10-14 17:42:22 - [MESSAGE][INFO] - Checking timeout

2021-10-14 17:42:22 - [MESSAGE][INFO] - Finding web element with id: 'Object Repository/Butonlar/Butonlar' located by 'By.cssSelector: .panel.panel-default.text-center.footerPanel .btn,.btn.btn-primary.btnControls' in '10' second(s)

2021-10-14 17:42:22 - [MESSAGE][INFO] - Smart Wait Function is triggered

2021-10-14 17:42:23 - [MESSAGE][INFO] - Found 5 web elements with id: 'Object Repository/Butonlar/Butonlar' located by 'By.cssSelector: .panel.panel-default.text-center.footerPanel .btn,.btn.btn-primary.btnControls' in '10' second(s)

2021-10-14 17:42:23 - [MESSAGE][PASSED] - Method.TextDegerineEsitElementeTiklaEquals is PASSED

2021-10-14 17:42:23 - [MESSAGE][PASSED] - Call Test Case 'Test Cases/Butonlar/ButonaTikla' successfully

2021-10-14 17:42:23 - [MESSAGE][INFO] - Checking called Test Case

2021-10-14 17:42:23 - [MESSAGE][INFO] - Starting to call Test Case 'Test Cases/Butonlar/AltButonaTikla'

2021-10-14 17:42:23 - [TEST_CASE][PASSED] - Test Cases/Butonlar/AltButonaTikla: Test Cases/Butonlar/AltButonaTikla

2021-10-14 17:42:23 - [TEST_STEP][PASSED] - Method.TextDegerineEsitElementeTikla(findTestObject("Butonlar/AltButonlar"), Alt_Buton): Method.TextDegerineEsitElementeTikla is PASSED

2021-10-14 17:42:23 - [MESSAGE][INFO] - Finding Test Object 'Object Repository/Butonlar/AltButonlar'

2021-10-14 17:42:23 - [MESSAGE][INFO] - Checking timeout

2021-10-14 17:42:23 - [MESSAGE][INFO] - Finding web element with id: 'Object Repository/Butonlar/AltButonlar' located by 'By.cssSelector: .btn-group.open li>a' in '10' second(s)

2021-10-14 17:42:23 - [MESSAGE][INFO] - Smart Wait Function is triggered

2021-10-14 17:42:23 - [MESSAGE][INFO] - Found 2 web elements with id: 'Object Repository/Butonlar/AltButonlar' located by 'By.cssSelector: .btn-group.open li>a' in '10' second(s)

2021-10-14 17:42:23 - [MESSAGE][PASSED] - Method.TextDegerineEsitElementeTikla is PASSED

2021-10-14 17:42:23 - [MESSAGE][PASSED] - Call Test Case 'Test Cases/Butonlar/AltButonaTikla' successfully

2021-10-14 17:42:23 - [MESSAGE][INFO] - Checking called Test Case

2021-10-14 17:42:23 - [MESSAGE][INFO] - Starting to call Test Case 'Test Cases/Popup/PopupMesajiIceriyorMu'

2021-10-14 17:42:24 - [TEST_CASE][PASSED] - Test Cases/Popup/PopupMesajiIceriyorMu: Test Cases/Popup/PopupMesajiIceriyorMu

2021-10-14 17:42:24 - [TEST_STEP][PASSED] - waitForElementVisible(findTestObject("Popup/Popup"), 10): Object 'Object Repository/Popup/Popup' is visible

2021-10-14 17:42:24 - [MESSAGE][INFO] - Finding Test Object 'Object Repository/Popup/Popup'

2021-10-14 17:42:24 - [MESSAGE][INFO] - Checking object

2021-10-14 17:42:24 - [MESSAGE][INFO] - Checking timeout

2021-10-14 17:42:24 - [MESSAGE][INFO] - Finding web element from Test Object's properties

2021-10-14 17:42:24 - [MESSAGE][INFO] - Checking timeout

2021-10-14 17:42:24 - [MESSAGE][INFO] - Finding web element with id: 'Object Repository/Popup/Popup' located by 'By.cssSelector: .bootbox-body' in '10' second(s)

2021-10-14 17:42:24 - [MESSAGE][INFO] - Smart Wait Function is triggered

2021-10-14 17:42:24 - [MESSAGE][INFO] - Found 1 web elements with id: 'Object Repository/Popup/Popup' located by 'By.cssSelector: .bootbox-body' in '10' second(s)

2021-10-14 17:42:24 - [MESSAGE][PASSED] - Object 'Object Repository/Popup/Popup' is visible

2021-10-14 17:42:24 - [TEST_STEP][PASSED] - if (!(getText(findTestObject("Popup/Popup")).contains(Mesaj))): Text of object 'Object Repository/Popup/Popup' is: 'Lütfen rapor bildiriminin gönderileceği e-posta adresini belirtiniz.
e-Posta Adresi'

2021-10-14 17:42:24 - [MESSAGE][INFO] - Finding Test Object 'Object Repository/Popup/Popup'

2021-10-14 17:42:24 - [MESSAGE][INFO] - Checking object

2021-10-14 17:42:24 - [MESSAGE][INFO] - Finding web element from Test Object's properties

2021-10-14 17:42:24 - [MESSAGE][INFO] - Checking timeout

2021-10-14 17:42:24 - [MESSAGE][INFO] - Finding web element with id: 'Object Repository/Popup/Popup' located by 'By.cssSelector: .bootbox-body' in '30' second(s)

2021-10-14 17:42:24 - [MESSAGE][INFO] - Smart Wait Function is triggered

2021-10-14 17:42:24 - [MESSAGE][INFO] - Found 1 web elements with id: 'Object Repository/Popup/Popup' located by 'By.cssSelector: .bootbox-body' in '30' second(s)

2021-10-14 17:42:24 - [MESSAGE][INFO] - Getting text of object 'Object Repository/Popup/Popup'

2021-10-14 17:42:24 - [MESSAGE][PASSED] - Text of object 'Object Repository/Popup/Popup' is: 'Lütfen rapor bildiriminin gönderileceği e-posta adresini belirtiniz.
e-Posta Adresi'

2021-10-14 17:42:24 - [TEST_STEP][PASSED] - RaporNo = getText(findTestObject("Popup/Popup")).substring(0, 6): Text of object 'Object Repository/Popup/Popup' is: 'Lütfen rapor bildiriminin gönderileceği e-posta adresini belirtiniz.
e-Posta Adresi'

2021-10-14 17:42:24 - [MESSAGE][INFO] - Finding Test Object 'Object Repository/Popup/Popup'

2021-10-14 17:42:24 - [MESSAGE][INFO] - Checking object

2021-10-14 17:42:24 - [MESSAGE][INFO] - Finding web element from Test Object's properties

2021-10-14 17:42:24 - [MESSAGE][INFO] - Checking timeout

2021-10-14 17:42:24 - [MESSAGE][INFO] - Finding web element with id: 'Object Repository/Popup/Popup' located by 'By.cssSelector: .bootbox-body' in '30' second(s)

2021-10-14 17:42:24 - [MESSAGE][INFO] - Smart Wait Function is triggered

2021-10-14 17:42:25 - [MESSAGE][INFO] - Found 1 web elements with id: 'Object Repository/Popup/Popup' located by 'By.cssSelector: .bootbox-body' in '30' second(s)

2021-10-14 17:42:25 - [MESSAGE][INFO] - Getting text of object 'Object Repository/Popup/Popup'

2021-10-14 17:42:25 - [MESSAGE][PASSED] - Text of object 'Object Repository/Popup/Popup' is: 'Lütfen rapor bildiriminin gönderileceği e-posta adresini belirtiniz.
e-Posta Adresi'

2021-10-14 17:42:25 - [TEST_STEP][PASSED] - Console.println(RaporNo): null

2021-10-14 17:42:25 - [MESSAGE][PASSED] - Call Test Case 'Test Cases/Popup/PopupMesajiIceriyorMu' successfully

2021-10-14 17:42:25 - [MESSAGE][INFO] - Checking called Test Case

2021-10-14 17:42:25 - [MESSAGE][INFO] - Starting to call Test Case 'Test Cases/Popup/PopupButonSecilir'

2021-10-14 17:42:25 - [TEST_CASE][PASSED] - Test Cases/Popup/PopupButonSecilir: Test Cases/Popup/PopupButonSecilir

2021-10-14 17:42:25 - [TEST_STEP][PASSED] - Method.TextDegerineEsitElementeTikla(findTestObject("Popup/Popup_Butons"), Buton): Method.TextDegerineEsitElementeTikla is PASSED

2021-10-14 17:42:25 - [MESSAGE][INFO] - Finding Test Object 'Object Repository/Popup/Popup_Butons'

2021-10-14 17:42:25 - [MESSAGE][INFO] - Checking timeout

2021-10-14 17:42:25 - [MESSAGE][INFO] - Finding web element with id: 'Object Repository/Popup/Popup_Butons' located by 'By.cssSelector: .modal-footer>button' in '10' second(s)

2021-10-14 17:42:25 - [MESSAGE][INFO] - Smart Wait Function is triggered

2021-10-14 17:42:25 - [MESSAGE][INFO] - Found 2 web elements with id: 'Object Repository/Popup/Popup_Butons' located by 'By.cssSelector: .modal-footer>button' in '10' second(s)

2021-10-14 17:42:25 - [MESSAGE][PASSED] - Method.TextDegerineEsitElementeTikla is PASSED

2021-10-14 17:42:25 - [MESSAGE][PASSED] - Call Test Case 'Test Cases/Popup/PopupButonSecilir' successfully

2021-10-14 17:42:25 - [MESSAGE][INFO] - Checking called Test Case

2021-10-14 17:42:25 - [MESSAGE][INFO] - Starting to call Test Case 'Test Cases/Popup/PopupMesajiIceriyorMu'

2021-10-14 17:42:25 - [TEST_CASE][PASSED] - Test Cases/Popup/PopupMesajiIceriyorMu: Test Cases/Popup/PopupMesajiIceriyorMu

2021-10-14 17:42:25 - [TEST_STEP][PASSED] - waitForElementVisible(findTestObject("Popup/Popup"), 10): Object 'Object Repository/Popup/Popup' is visible

2021-10-14 17:42:25 - [MESSAGE][INFO] - Finding Test Object 'Object Repository/Popup/Popup'

2021-10-14 17:42:25 - [MESSAGE][INFO] - Checking object

2021-10-14 17:42:25 - [MESSAGE][INFO] - Checking timeout

2021-10-14 17:42:25 - [MESSAGE][INFO] - Finding web element from Test Object's properties

2021-10-14 17:42:25 - [MESSAGE][INFO] - Checking timeout

2021-10-14 17:42:25 - [MESSAGE][INFO] - Finding web element with id: 'Object Repository/Popup/Popup' located by 'By.cssSelector: .bootbox-body' in '10' second(s)

2021-10-14 17:42:25 - [MESSAGE][INFO] - Smart Wait Function is triggered

2021-10-14 17:42:26 - [MESSAGE][INFO] - Found 1 web elements with id: 'Object Repository/Popup/Popup' located by 'By.cssSelector: .bootbox-body' in '10' second(s)

2021-10-14 17:42:26 - [MESSAGE][PASSED] - Object 'Object Repository/Popup/Popup' is visible

2021-10-14 17:42:26 - [TEST_STEP][PASSED] - if (!(getText(findTestObject("Popup/Popup")).contains(Mesaj))): Text of object 'Object Repository/Popup/Popup' is: '14632 no’lu talebiniz işleme alınmıştır. Raporunuz hazırlandığında (elogotest@gmail.com) adresinize mail gönderilecektir.
Rapor durumunuzu Raporlar > Toplu Veri İndirme ekranından takip edebilir, hazırlandı durumundaki raporlarınızı ilgili menüden indirebilirsiniz.'

2021-10-14 17:42:26 - [MESSAGE][INFO] - Finding Test Object 'Object Repository/Popup/Popup'

2021-10-14 17:42:26 - [MESSAGE][INFO] - Checking object

2021-10-14 17:42:26 - [MESSAGE][INFO] - Finding web element from Test Object's properties

2021-10-14 17:42:26 - [MESSAGE][INFO] - Checking timeout

2021-10-14 17:42:26 - [MESSAGE][INFO] - Finding web element with id: 'Object Repository/Popup/Popup' located by 'By.cssSelector: .bootbox-body' in '30' second(s)

2021-10-14 17:42:26 - [MESSAGE][INFO] - Smart Wait Function is triggered

2021-10-14 17:42:26 - [MESSAGE][INFO] - Found 1 web elements with id: 'Object Repository/Popup/Popup' located by 'By.cssSelector: .bootbox-body' in '30' second(s)

2021-10-14 17:42:26 - [MESSAGE][INFO] - Getting text of object 'Object Repository/Popup/Popup'

2021-10-14 17:42:26 - [MESSAGE][PASSED] - Text of object 'Object Repository/Popup/Popup' is: '14632 no’lu talebiniz işleme alınmıştır. Raporunuz hazırlandığında (elogotest@gmail.com) adresinize mail gönderilecektir.
Rapor durumunuzu Raporlar > Toplu Veri İndirme ekranından takip edebilir, hazırlandı durumundaki raporlarınızı ilgili menüden indirebilirsiniz.'

2021-10-14 17:42:26 - [TEST_STEP][PASSED] - RaporNo = getText(findTestObject("Popup/Popup")).substring(0, 6): Text of object 'Object Repository/Popup/Popup' is: '14632 no’lu talebiniz işleme alınmıştır. Raporunuz hazırlandığında (elogotest@gmail.com) adresinize mail gönderilecektir.
Rapor durumunuzu Raporlar > Toplu Veri İndirme ekranından takip edebilir, hazırlandı durumundaki raporlarınızı ilgili menüden indirebilirsiniz.'

2021-10-14 17:42:26 - [MESSAGE][INFO] - Finding Test Object 'Object Repository/Popup/Popup'

2021-10-14 17:42:27 - [MESSAGE][INFO] - Checking object

2021-10-14 17:42:27 - [MESSAGE][INFO] - Finding web element from Test Object's properties

2021-10-14 17:42:27 - [MESSAGE][INFO] - Checking timeout

2021-10-14 17:42:27 - [MESSAGE][INFO] - Finding web element with id: 'Object Repository/Popup/Popup' located by 'By.cssSelector: .bootbox-body' in '30' second(s)

2021-10-14 17:42:27 - [MESSAGE][INFO] - Smart Wait Function is triggered

2021-10-14 17:42:27 - [MESSAGE][INFO] - Found 1 web elements with id: 'Object Repository/Popup/Popup' located by 'By.cssSelector: .bootbox-body' in '30' second(s)

2021-10-14 17:42:27 - [MESSAGE][INFO] - Getting text of object 'Object Repository/Popup/Popup'

2021-10-14 17:42:27 - [MESSAGE][PASSED] - Text of object 'Object Repository/Popup/Popup' is: '14632 no’lu talebiniz işleme alınmıştır. Raporunuz hazırlandığında (elogotest@gmail.com) adresinize mail gönderilecektir.
Rapor durumunuzu Raporlar > Toplu Veri İndirme ekranından takip edebilir, hazırlandı durumundaki raporlarınızı ilgili menüden indirebilirsiniz.'

2021-10-14 17:42:27 - [TEST_STEP][PASSED] - Console.println(RaporNo): null

2021-10-14 17:42:27 - [MESSAGE][PASSED] - Call Test Case 'Test Cases/Popup/PopupMesajiIceriyorMu' successfully

2021-10-14 17:42:27 - [MESSAGE][INFO] - Checking called Test Case

2021-10-14 17:42:27 - [MESSAGE][INFO] - Starting to call Test Case 'Test Cases/Popup/PopupButonSecilir'

2021-10-14 17:42:27 - [TEST_CASE][PASSED] - Test Cases/Popup/PopupButonSecilir: Test Cases/Popup/PopupButonSecilir

2021-10-14 17:42:27 - [TEST_STEP][PASSED] - Method.TextDegerineEsitElementeTikla(findTestObject("Popup/Popup_Butons"), Buton): Method.TextDegerineEsitElementeTikla is PASSED

2021-10-14 17:42:27 - [MESSAGE][INFO] - Finding Test Object 'Object Repository/Popup/Popup_Butons'

2021-10-14 17:42:27 - [MESSAGE][INFO] - Checking timeout

2021-10-14 17:42:27 - [MESSAGE][INFO] - Finding web element with id: 'Object Repository/Popup/Popup_Butons' located by 'By.cssSelector: .modal-footer>button' in '10' second(s)

2021-10-14 17:42:27 - [MESSAGE][INFO] - Smart Wait Function is triggered

2021-10-14 17:42:27 - [MESSAGE][INFO] - Found 1 web elements with id: 'Object Repository/Popup/Popup_Butons' located by 'By.cssSelector: .modal-footer>button' in '10' second(s)

2021-10-14 17:42:27 - [MESSAGE][PASSED] - Method.TextDegerineEsitElementeTikla is PASSED

2021-10-14 17:42:27 - [MESSAGE][PASSED] - Call Test Case 'Test Cases/Popup/PopupButonSecilir' successfully

2021-10-14 17:42:27 - [MESSAGE][INFO] - Checking called Test Case

2021-10-14 17:42:27 - [MESSAGE][INFO] - Starting to call Test Case 'Test Cases/Menu/AnaMenuSecimi'

2021-10-14 17:42:27 - [TEST_CASE][PASSED] - Test Cases/Menu/AnaMenuSecimi: Test Cases/Menu/AnaMenuSecimi

2021-10-14 17:42:27 - [TEST_STEP][PASSED] - Method.TextDegerineEsitElementeTikla(findTestObject("Menu/Ana_Menu"), Ana_Menu): Method.TextDegerineEsitElementeTikla is PASSED

2021-10-14 17:42:27 - [MESSAGE][INFO] - Finding Test Object 'Object Repository/Menu/Ana_Menu'

2021-10-14 17:42:27 - [MESSAGE][INFO] - Checking timeout

2021-10-14 17:42:27 - [MESSAGE][INFO] - Finding web element with id: 'Object Repository/Menu/Ana_Menu' located by 'By.xpath: //*[@class = 'dropdown-toggle']' in '10' second(s)

2021-10-14 17:42:27 - [MESSAGE][INFO] - Smart Wait Function is triggered

2021-10-14 17:42:28 - [MESSAGE][INFO] - Found 14 web elements with id: 'Object Repository/Menu/Ana_Menu' located by 'By.xpath: //*[@class = 'dropdown-toggle']' in '10' second(s)

2021-10-14 17:42:28 - [MESSAGE][PASSED] - Method.TextDegerineEsitElementeTikla is PASSED

2021-10-14 17:42:28 - [MESSAGE][PASSED] - Call Test Case 'Test Cases/Menu/AnaMenuSecimi' successfully

2021-10-14 17:42:28 - [MESSAGE][INFO] - Checking called Test Case

2021-10-14 17:42:28 - [MESSAGE][INFO] - Starting to call Test Case 'Test Cases/Menu/AltMenuSecimi'

2021-10-14 17:42:28 - [TEST_CASE][PASSED] - Test Cases/Menu/AltMenuSecimi: Test Cases/Menu/AltMenuSecimi

2021-10-14 17:42:28 - [TEST_STEP][PASSED] - Method.TextDegerineEsitElementeTikla(findTestObject("Menu/Alt_Menu"), Alt_Menu): Method.TextDegerineEsitElementeTikla is PASSED

2021-10-14 17:42:28 - [MESSAGE][INFO] - Finding Test Object 'Object Repository/Menu/Alt_Menu'

2021-10-14 17:42:28 - [MESSAGE][INFO] - Checking timeout

2021-10-14 17:42:28 - [MESSAGE][INFO] - Finding web element with id: 'Object Repository/Menu/Alt_Menu' located by 'By.xpath: //li[@class='dropdown dropdown-large open']//li[@class='dropdown-element']' in '10' second(s)

2021-10-14 17:42:28 - [MESSAGE][INFO] - Smart Wait Function is triggered

2021-10-14 17:42:29 - [MESSAGE][INFO] - Found 9 web elements with id: 'Object Repository/Menu/Alt_Menu' located by 'By.xpath: //li[@class='dropdown dropdown-large open']//li[@class='dropdown-element']' in '10' second(s)

2021-10-14 17:42:29 - [MESSAGE][PASSED] - Method.TextDegerineEsitElementeTikla is PASSED

2021-10-14 17:42:29 - [MESSAGE][PASSED] - Call Test Case 'Test Cases/Menu/AltMenuSecimi' successfully

2021-10-14 17:42:29 - [MESSAGE][INFO] - Checking called Test Case

2021-10-14 17:42:29 - [MESSAGE][INFO] - Starting to call Test Case 'Test Cases/Filtreler/RaporNoYaz'

2021-10-14 17:42:29 - [TEST_CASE][PASSED] - Test Cases/Filtreler/RaporNoYaz: Test Cases/Filtreler/RaporNoYaz

2021-10-14 17:42:29 - [TEST_STEP][PASSED] - Method.TextDegerineEsitElementinAltindakiTextboxtaYaz(findTestObject("Filtreler/Basliklar"), findTestObject("Filtreler/Basliga_Gore_Textbox"), "Talep No", RaporNo): Method.TextDegerineEsitElementinAltindakiTextboxtaYaz is PASSED

2021-10-14 17:42:29 - [MESSAGE][INFO] - Finding Test Object 'Object Repository/Filtreler/Basliklar'

2021-10-14 17:42:29 - [MESSAGE][INFO] - Finding Test Object 'Object Repository/Filtreler/Basliga_Gore_Textbox'

2021-10-14 17:42:30 - [MESSAGE][INFO] - Checking timeout

2021-10-14 17:42:30 - [MESSAGE][INFO] - Finding web element with id: 'Object Repository/Filtreler/Basliklar' located by 'By.cssSelector: .control-label.col-sm-4.paddingMarginRLC' in '10' second(s)

2021-10-14 17:42:30 - [MESSAGE][INFO] - Smart Wait Function is triggered

2021-10-14 17:42:30 - [MESSAGE][INFO] - Found 8 web elements with id: 'Object Repository/Filtreler/Basliklar' located by 'By.cssSelector: .control-label.col-sm-4.paddingMarginRLC' in '10' second(s)

2021-10-14 17:42:30 - [MESSAGE][INFO] - Smart Wait Function is triggered

2021-10-14 17:42:30 - [MESSAGE][PASSED] - Method.TextDegerineEsitElementinAltindakiTextboxtaYaz is PASSED

2021-10-14 17:42:30 - [MESSAGE][PASSED] - Call Test Case 'Test Cases/Filtreler/RaporNoYaz' successfully

2021-10-14 17:42:30 - [MESSAGE][INFO] - Checking called Test Case

2021-10-14 17:42:30 - [MESSAGE][INFO] - Starting to call Test Case 'Test Cases/Filtreler/ButonaTikla'

2021-10-14 17:42:30 - [TEST_CASE][PASSED] - Test Cases/Filtreler/ButonaTikla: Test Cases/Filtreler/ButonaTikla

2021-10-14 17:42:30 - [TEST_STEP][PASSED] - Method.TextDegerineEsitElementeTikla(findTestObject("Filtreler/Butonlar"), Filtre_Buton): Method.TextDegerineEsitElementeTikla is PASSED

2021-10-14 17:42:30 - [MESSAGE][INFO] - Finding Test Object 'Object Repository/Filtreler/Butonlar'

2021-10-14 17:42:30 - [MESSAGE][INFO] - Checking timeout

2021-10-14 17:42:30 - [MESSAGE][INFO] - Finding web element with id: 'Object Repository/Filtreler/Butonlar' located by 'By.cssSelector: .dxb>span' in '10' second(s)

2021-10-14 17:42:30 - [MESSAGE][INFO] - Smart Wait Function is triggered

2021-10-14 17:42:31 - [MESSAGE][INFO] - Found 2 web elements with id: 'Object Repository/Filtreler/Butonlar' located by 'By.cssSelector: .dxb>span' in '10' second(s)

2021-10-14 17:42:31 - [MESSAGE][PASSED] - Method.TextDegerineEsitElementeTikla is PASSED

2021-10-14 17:42:31 - [MESSAGE][PASSED] - Call Test Case 'Test Cases/Filtreler/ButonaTikla' successfully

2021-10-14 17:42:31 - [MESSAGE][INFO] - Checking called Test Case

2021-10-14 17:42:31 - [MESSAGE][INFO] - Starting to call Test Case 'Test Cases/Tablo/TablodaVeriVarMi'

2021-10-14 17:42:31 - [TEST_CASE][PASSED] - Test Cases/Tablo/TablodaVeriVarMi: Test Cases/Tablo/TablodaVeriVarMi

2021-10-14 17:42:31 - [TEST_STEP][PASSED] - verifyTextNotPresent("Görüntülenecek veri yok", true): Text 'Görüntülenecek veri yok' is not present on page using regular expression

2021-10-14 17:42:31 - [MESSAGE][INFO] - Checking text present  using regular expression

2021-10-14 17:42:31 - [MESSAGE][INFO] - Smart Wait Function is triggered

2021-10-14 17:42:36 - [MESSAGE][INFO] - Finding text 'Görüntülenecek veri yok' on page  using regular expression

2021-10-14 17:42:36 - [MESSAGE][PASSED] - Text 'Görüntülenecek veri yok' is not present on page using regular expression

2021-10-14 17:42:36 - [MESSAGE][PASSED] - Call Test Case 'Test Cases/Tablo/TablodaVeriVarMi' successfully

2021-10-14 17:42:36 - [MESSAGE][INFO] - Checking called Test Case

2021-10-14 17:42:36 - [MESSAGE][INFO] - Starting to call Test Case 'Test Cases/Kullanici_Islemleri/KullaniciIslemlerindenSecimYapilir'

2021-10-14 17:42:36 - [TEST_CASE][PASSED] - Test Cases/Kullanici_Islemleri/KullaniciIslemlerindenSecimYapilir: Test Cases/Kullanici_Islemleri/KullaniciIslemlerindenSecimYapilir

2021-10-14 17:42:36 - [TEST_STEP][PASSED] - waitForElementClickable(findTestObject("Object Repository/Kullanici_Islemleri/KullaniciIslemleri"), 10): Object 'Object Repository/Kullanici_Islemleri/KullaniciIslemleri' is clickable

2021-10-14 17:42:36 - [MESSAGE][INFO] - Finding Test Object 'Object Repository/Kullanici_Islemleri/KullaniciIslemleri'

2021-10-14 17:42:36 - [MESSAGE][INFO] - Checking object

2021-10-14 17:42:36 - [MESSAGE][INFO] - Checking timeout

2021-10-14 17:42:36 - [MESSAGE][INFO] - Finding web element from Test Object's properties

2021-10-14 17:42:36 - [MESSAGE][INFO] - Checking timeout

2021-10-14 17:42:36 - [MESSAGE][INFO] - Finding web element with id: 'Object Repository/Kullanici_Islemleri/KullaniciIslemleri' located by 'By.cssSelector: .dropdown>a>img' in '10' second(s)

2021-10-14 17:42:36 - [MESSAGE][INFO] - Smart Wait Function is triggered

2021-10-14 17:42:36 - [MESSAGE][INFO] - Found 1 web elements with id: 'Object Repository/Kullanici_Islemleri/KullaniciIslemleri' located by 'By.cssSelector: .dropdown>a>img' in '10' second(s)

2021-10-14 17:42:36 - [MESSAGE][PASSED] - Object 'Object Repository/Kullanici_Islemleri/KullaniciIslemleri' is clickable

2021-10-14 17:42:36 - [TEST_STEP][PASSED] - click(findTestObject("Object Repository/Kullanici_Islemleri/KullaniciIslemleri")): Object: 'Object Repository/Kullanici_Islemleri/KullaniciIslemleri' is clicked on

2021-10-14 17:42:36 - [MESSAGE][INFO] - Finding Test Object 'Object Repository/Kullanici_Islemleri/KullaniciIslemleri'

2021-10-14 17:42:36 - [MESSAGE][INFO] - Checking object

2021-10-14 17:42:36 - [MESSAGE][INFO] - Finding web element from Test Object's properties

2021-10-14 17:42:36 - [MESSAGE][INFO] - Checking timeout

2021-10-14 17:42:36 - [MESSAGE][INFO] - Finding web element with id: 'Object Repository/Kullanici_Islemleri/KullaniciIslemleri' located by 'By.cssSelector: .dropdown>a>img' in '30' second(s)

2021-10-14 17:42:36 - [MESSAGE][INFO] - Smart Wait Function is triggered

2021-10-14 17:42:36 - [MESSAGE][INFO] - Found 1 web elements with id: 'Object Repository/Kullanici_Islemleri/KullaniciIslemleri' located by 'By.cssSelector: .dropdown>a>img' in '30' second(s)

2021-10-14 17:42:36 - [MESSAGE][INFO] - Clicking on object: 'Object Repository/Kullanici_Islemleri/KullaniciIslemleri'

2021-10-14 17:42:36 - [MESSAGE][PASSED] - Object: 'Object Repository/Kullanici_Islemleri/KullaniciIslemleri' is clicked on

2021-10-14 17:42:36 - [TEST_STEP][PASSED] - Method.TextDegerineEsitElementeTikla(findTestObject("Object Repository/Kullanici_Islemleri/Secenekler"), Islem): Method.TextDegerineEsitElementeTikla is PASSED

2021-10-14 17:42:36 - [MESSAGE][INFO] - Finding Test Object 'Object Repository/Kullanici_Islemleri/Secenekler'

2021-10-14 17:42:37 - [MESSAGE][INFO] - Checking timeout

2021-10-14 17:42:37 - [MESSAGE][INFO] - Finding web element with id: 'Object Repository/Kullanici_Islemleri/Secenekler' located by 'By.cssSelector: .nav.navbar-nav.navbar-right li a' in '10' second(s)

2021-10-14 17:42:37 - [MESSAGE][INFO] - Smart Wait Function is triggered

2021-10-14 17:42:37 - [MESSAGE][INFO] - Found 22 web elements with id: 'Object Repository/Kullanici_Islemleri/Secenekler' located by 'By.cssSelector: .nav.navbar-nav.navbar-right li a' in '10' second(s)

2021-10-14 17:42:38 - [MESSAGE][PASSED] - Method.TextDegerineEsitElementeTikla is PASSED

2021-10-14 17:42:38 - [TEST_STEP][PASSED] - verifyElementNotPresent(findTestObject("Object Repository/Kullanici_Islemleri/Secenekler"), 10): Web element with id: 'Object Repository/Kullanici_Islemleri/Secenekler' located by 'By.cssSelector: .nav.navbar-nav.navbar-right li a' is not present after '10' second(s)

2021-10-14 17:42:38 - [MESSAGE][INFO] - Finding Test Object 'Object Repository/Kullanici_Islemleri/Secenekler'

2021-10-14 17:42:38 - [MESSAGE][INFO] - Checking object

2021-10-14 17:42:38 - [MESSAGE][INFO] - Checking timeout

2021-10-14 17:42:38 - [MESSAGE][INFO] - Finding web element with id: 'Object Repository/Kullanici_Islemleri/Secenekler' located by 'By.cssSelector: .nav.navbar-nav.navbar-right li a' in '10' second(s)

2021-10-14 17:42:38 - [MESSAGE][INFO] - Smart Wait Function is triggered

2021-10-14 17:42:38 - [MESSAGE][PASSED] - Web element with id: 'Object Repository/Kullanici_Islemleri/Secenekler' located by 'By.cssSelector: .nav.navbar-nav.navbar-right li a' is not present after '10' second(s)

2021-10-14 17:42:38 - [MESSAGE][PASSED] - Call Test Case 'Test Cases/Kullanici_Islemleri/KullaniciIslemlerindenSecimYapilir' successfully

2021-10-14 17:42:38 - [TEST_CASE][PASSED] - Start Test Case : SCENARIO Gelen Zarflar Excele Aktar: SCENARIO Gelen Zarflar Excele Aktar

2021-10-14 17:42:38 - [TEST_STEP][PASSED] - Kullanıcı adı ELOGO6 ve Şifre 123456 olarak giriş yapılır: Kullanıcı adı ELOGO6 ve Şifre 123456 olarak giriş yapılır

2021-10-14 17:42:38 - [MESSAGE][PASSED] - Kullanıcı adı ELOGO6 ve Şifre 123456 olarak giriş yapılır

2021-10-14 17:42:38 - [TEST_STEP][PASSED] - Ana menüden Zarflar seçilir: Ana menüden Zarflar seçilir

2021-10-14 17:42:38 - [MESSAGE][PASSED] - Ana menüden Zarflar seçilir

2021-10-14 17:42:38 - [TEST_STEP][PASSED] - Alt menüden Gelen Zarflar seçilir: Alt menüden Gelen Zarflar seçilir

2021-10-14 17:42:38 - [MESSAGE][PASSED] - Alt menüden Gelen Zarflar seçilir

2021-10-14 17:42:38 - [TEST_STEP][PASSED] - Filtrelerden Oluşturma Tarihi filtresine 01.12.2020 baslangic degerini yaz: Filtrelerden Oluşturma Tarihi filtresine 01.12.2020 baslangic degerini yaz

2021-10-14 17:42:38 - [MESSAGE][PASSED] - Filtrelerden Oluşturma Tarihi filtresine 01.12.2020 baslangic degerini yaz

2021-10-14 17:42:38 - [TEST_STEP][PASSED] - Filtrelerden Oluşturma Tarihi filtresine 31.12.2020 bitis degerini yaz: Filtrelerden Oluşturma Tarihi filtresine 31.12.2020 bitis degerini yaz

2021-10-14 17:42:38 - [MESSAGE][PASSED] - Filtrelerden Oluşturma Tarihi filtresine 31.12.2020 bitis degerini yaz

2021-10-14 17:42:38 - [TEST_STEP][PASSED] - Filtre butonlarından Listele seçilir: Filtre butonlarından Listele seçilir

2021-10-14 17:42:38 - [MESSAGE][PASSED] - Filtre butonlarından Listele seçilir

2021-10-14 17:42:38 - [TEST_STEP][PASSED] - Tabloda veri var mı kontrol edilir: Tabloda veri var mı kontrol edilir

2021-10-14 17:42:38 - [MESSAGE][PASSED] - Tabloda veri var mı kontrol edilir

2021-10-14 17:42:38 - [TEST_STEP][PASSED] - Tablodan E LOGO 6 isimli veri seçilir: Tablodan E LOGO 6 isimli veri seçilir

2021-10-14 17:42:38 - [MESSAGE][PASSED] - Tablodan E LOGO 6 isimli veri seçilir

2021-10-14 17:42:38 - [TEST_STEP][PASSED] - Butonlardan Excel isimli butona tıklanır: Butonlardan Excel isimli butona tıklanır

2021-10-14 17:42:38 - [MESSAGE][PASSED] - Butonlardan Excel isimli butona tıklanır

2021-10-14 17:42:38 - [TEST_STEP][PASSED] - Alt butonlardan Seçilenleri Excel'e Aktar butonuna tıklanır: Alt butonlardan Seçilenleri Excel'e Aktar butonuna tıklanır

2021-10-14 17:42:38 - [MESSAGE][PASSED] - Alt butonlardan Seçilenleri Excel'e Aktar butonuna tıklanır

2021-10-14 17:42:38 - [TEST_STEP][PASSED] - Popup mesajı Lütfen rapor bildiriminin gönderileceği e-posta adresini belirtiniz. içeriyor mu: Popup mesajı Lütfen rapor bildiriminin gönderileceği e-posta adresini belirtiniz. içeriyor mu

2021-10-14 17:42:38 - [MESSAGE][PASSED] - Popup mesajı Lütfen rapor bildiriminin gönderileceği e-posta adresini belirtiniz. içeriyor mu

2021-10-14 17:42:38 - [TEST_STEP][PASSED] - Yönetim popupında Gönder seçilir: Yönetim popupında Gönder seçilir

2021-10-14 17:42:38 - [MESSAGE][PASSED] - Yönetim popupında Gönder seçilir

2021-10-14 17:42:38 - [TEST_STEP][PASSED] - Popup mesajı Toplu Veri İndirme içeriyor mu: Popup mesajı Toplu Veri İndirme içeriyor mu

2021-10-14 17:42:38 - [MESSAGE][PASSED] - Popup mesajı Toplu Veri İndirme içeriyor mu

2021-10-14 17:42:38 - [TEST_STEP][PASSED] - Yönetim popupında Tamam seçilir: Yönetim popupında Tamam seçilir

2021-10-14 17:42:38 - [MESSAGE][PASSED] - Yönetim popupında Tamam seçilir

2021-10-14 17:42:38 - [TEST_STEP][PASSED] - Butonlardan Excel isimli butona tıklanır: Butonlardan Excel isimli butona tıklanır

2021-10-14 17:42:38 - [MESSAGE][PASSED] - Butonlardan Excel isimli butona tıklanır

2021-10-14 17:42:38 - [TEST_STEP][PASSED] - Alt butonlardan Tümünü Excel'e Aktar butonuna tıklanır: Alt butonlardan Tümünü Excel'e Aktar butonuna tıklanır

2021-10-14 17:42:38 - [MESSAGE][PASSED] - Alt butonlardan Tümünü Excel'e Aktar butonuna tıklanır

2021-10-14 17:42:38 - [TEST_STEP][PASSED] - Popup mesajı Lütfen rapor bildiriminin gönderileceği e-posta adresini belirtiniz. içeriyor mu: Popup mesajı Lütfen rapor bildiriminin gönderileceği e-posta adresini belirtiniz. içeriyor mu

2021-10-14 17:42:38 - [MESSAGE][PASSED] - Popup mesajı Lütfen rapor bildiriminin gönderileceği e-posta adresini belirtiniz. içeriyor mu

2021-10-14 17:42:38 - [TEST_STEP][PASSED] - Yönetim popupında Gönder seçilir: Yönetim popupında Gönder seçilir

2021-10-14 17:42:38 - [MESSAGE][PASSED] - Yönetim popupında Gönder seçilir

2021-10-14 17:42:38 - [TEST_STEP][PASSED] - Popup mesajı Toplu Veri İndirme içeriyor mu: Popup mesajı Toplu Veri İndirme içeriyor mu

2021-10-14 17:42:38 - [MESSAGE][PASSED] - Popup mesajı Toplu Veri İndirme içeriyor mu

2021-10-14 17:42:38 - [TEST_STEP][PASSED] - Yönetim popupında Tamam seçilir: Yönetim popupında Tamam seçilir

2021-10-14 17:42:38 - [MESSAGE][PASSED] - Yönetim popupında Tamam seçilir

2021-10-14 17:42:38 - [TEST_STEP][PASSED] - Ana menüden Raporlar seçilir: Ana menüden Raporlar seçilir

2021-10-14 17:42:38 - [MESSAGE][PASSED] - Ana menüden Raporlar seçilir

2021-10-14 17:42:38 - [TEST_STEP][PASSED] - Alt menüden Toplu Veri İndirme seçilir: Alt menüden Toplu Veri İndirme seçilir

2021-10-14 17:42:38 - [MESSAGE][PASSED] - Alt menüden Toplu Veri İndirme seçilir

2021-10-14 17:42:38 - [TEST_STEP][PASSED] - Filtrelerden Talep No filtresine Rapor No bilgisi yaz: Filtrelerden Talep No filtresine Rapor No bilgisi yaz

2021-10-14 17:42:38 - [MESSAGE][PASSED] - Filtrelerden Talep No filtresine Rapor No bilgisi yaz

2021-10-14 17:42:38 - [TEST_STEP][PASSED] - Filtre butonlarından Listele seçilir: Filtre butonlarından Listele seçilir

2021-10-14 17:42:38 - [MESSAGE][PASSED] - Filtre butonlarından Listele seçilir

2021-10-14 17:42:38 - [TEST_STEP][PASSED] - Tabloda veri var mı kontrol edilir: Tabloda veri var mı kontrol edilir

2021-10-14 17:42:38 - [MESSAGE][PASSED] - Tabloda veri var mı kontrol edilir

2021-10-14 17:42:38 - [TEST_STEP][PASSED] - Kullanıcı işlemlerinden Çıkış seçilir: Kullanıcı işlemlerinden Çıkış seçilir

2021-10-14 17:42:38 - [MESSAGE][PASSED] - Kullanıcı işlemlerinden Çıkış seçilir

2021-10-14 17:42:38 - [MESSAGE][PASSED] - Feature file: 'Include/features/Zarflar/Gelen Zarflar/Secilenleri Excele Aktar.feature' was passed

2021-10-14 17:42:38 - [TEST_STEP][PASSED] - Start listener action : sampleAfterTestSuite: Invoke 'com.kms.katalon.core.annotation.AfterTestCase' method: 'Listener.sampleAfterTestSuite(...)' completed.

2021-10-14 17:42:38 - [MESSAGE][INFO] - Starting invoke 'com.kms.katalon.core.annotation.AfterTestCase' method: 'Listener.sampleAfterTestSuite(...)'

2021-10-14 17:42:38 - [TEST_STEP][PASSED] - closeBrowser(): Invoke 'com.kms.katalon.core.annotation.AfterTestCase' method: 'Listener.sampleAfterTestSuite(...)' completed.

2021-10-14 17:42:38 - [MESSAGE][INFO] - Closing browser

2021-10-14 17:42:39 - [MESSAGE][PASSED] - Browser is closed

2021-10-14 17:42:39 - [MESSAGE][INFO] - Invoke 'com.kms.katalon.core.annotation.AfterTestCase' method: 'Listener.sampleAfterTestSuite(...)' completed.]]></system-out>
         <system-err><![CDATA[]]></system-err>
      </testcase>
      <testcase name="Test Cases/Case Repository/Zarflar/Gelen Zarflar/Toplu Indirme" time="48.547" classname="Test Cases/Case Repository/Zarflar/Gelen Zarflar/Toplu Indirme" status="PASSED">
         <system-out><![CDATA[2021-10-14 17:42:39 - [TEST_CASE][PASSED] - Test Cases/Case Repository/Zarflar/Gelen Zarflar/Toplu Indirme: Test Cases/Case Repository/Zarflar/Gelen Zarflar/Toplu Indirme

2021-10-14 17:42:39 - [TEST_STEP][PASSED] - Start listener action : sampleBeforeTestSuite: Invoke 'com.kms.katalon.core.annotation.BeforeTestCase' method: 'Listener.sampleBeforeTestSuite(...)' completed.

2021-10-14 17:42:39 - [MESSAGE][INFO] - Starting invoke 'com.kms.katalon.core.annotation.BeforeTestCase' method: 'Listener.sampleBeforeTestSuite(...)'

2021-10-14 17:42:39 - [TEST_STEP][PASSED] - openBrowser(baseUrl): Browser is opened with url: 'https://efatura-stage.elogo.com.tr/'

2021-10-14 17:42:39 - [MESSAGE][INFO] - Opening browser

2021-10-14 17:42:39 - [MESSAGE][INFO] - Starting 'Chrome' driver

2021-10-14 17:42:39 - [MESSAGE][INFO] - User set preference: ['prefs', '{download.default_directory=C:\otomasyondownfiles}']

2021-10-14 17:42:39 - [MESSAGE][INFO] - Action delay is set to 0 milliseconds

2021-10-14 17:42:40 - [MESSAGE][INFO] - Navigating browser to: 'https://efatura-stage.elogo.com.tr/'

2021-10-14 17:42:42 - [MESSAGE][PASSED] - Browser is opened with url: 'https://efatura-stage.elogo.com.tr/'

2021-10-14 17:42:42 - [TEST_STEP][PASSED] - maximizeWindow(): Invoke 'com.kms.katalon.core.annotation.BeforeTestCase' method: 'Listener.sampleBeforeTestSuite(...)' completed.

2021-10-14 17:42:42 - [MESSAGE][INFO] - Maximizing current window

2021-10-14 17:42:43 - [MESSAGE][PASSED] - Current window maximized

2021-10-14 17:42:43 - [MESSAGE][INFO] - Invoke 'com.kms.katalon.core.annotation.BeforeTestCase' method: 'Listener.sampleBeforeTestSuite(...)' completed.

2021-10-14 17:42:43 - [TEST_STEP][PASSED] - runFeatureFile("Include/features/Zarflar/Gelen Zarflar/Toplu Indirme.feature"): Feature file: 'Include/features/Zarflar/Gelen Zarflar/Toplu Indirme.feature' was passed

2021-10-14 17:42:43 - [MESSAGE][INFO] - Starting run keyword runFeatureFile: 'Include/features/Zarflar/Gelen Zarflar/Toplu Indirme.feature' and extract report to folder: 'C:\Users\DELL\Downloads\EES_Katalon-main\Reports\20211014_170112\Suite Repository\ExceleAktarVeTopluIndirme\20211014_170125/cucumber_report/1634222563534'...

2021-10-14 17:42:43 - [MESSAGE][INFO] - Glue: []

2021-10-14 17:42:44 - [MESSAGE][INFO] - Checking called Test Case

2021-10-14 17:42:44 - [MESSAGE][INFO] - Starting to call Test Case 'Test Cases/Sayfalar/Giris_Sayfasi/Login'

2021-10-14 17:42:44 - [TEST_CASE][PASSED] - Test Cases/Sayfalar/Giris_Sayfasi/Login: Test Cases/Sayfalar/Giris_Sayfasi/Login

2021-10-14 17:42:44 - [TEST_STEP][PASSED] - Sayfa_Basligi = getWindowTitle(): Current window's title is: 'LOGO e-Fatura'

2021-10-14 17:42:44 - [MESSAGE][INFO] - Getting current window's title

2021-10-14 17:42:44 - [MESSAGE][PASSED] - Current window's title is: 'LOGO e-Fatura'

2021-10-14 17:42:44 - [TEST_STEP][PASSED] - verifyMatch(Sayfa_Basligi, "LOGO e-Fatura", false): Actual text 'LOGO e-Fatura' and expected text 'LOGO e-Fatura' are matched 

2021-10-14 17:42:44 - [MESSAGE][INFO] - Matching actual text 'LOGO e-Fatura' with expected text 'LOGO e-Fatura'

2021-10-14 17:42:44 - [MESSAGE][PASSED] - Actual text 'LOGO e-Fatura' and expected text 'LOGO e-Fatura' are matched 

2021-10-14 17:42:44 - [TEST_STEP][PASSED] - sendKeys(findTestObject("Sayfalar/Giris_Sayfasi/Firma_Kodu"), KullaniciAdi): Keys 'ELOGO6' sent to object: 'Object Repository/Sayfalar/Giris_Sayfasi/Firma_Kodu'

2021-10-14 17:42:44 - [MESSAGE][INFO] - Finding Test Object 'Object Repository/Sayfalar/Giris_Sayfasi/Firma_Kodu'

2021-10-14 17:42:44 - [MESSAGE][INFO] - Sending keys 'ELOGO6' to object: 'Object Repository/Sayfalar/Giris_Sayfasi/Firma_Kodu'

2021-10-14 17:42:44 - [MESSAGE][INFO] - Finding web element from Test Object's properties

2021-10-14 17:42:44 - [MESSAGE][INFO] - Checking timeout

2021-10-14 17:42:44 - [MESSAGE][INFO] - Finding web element with id: 'Object Repository/Sayfalar/Giris_Sayfasi/Firma_Kodu' located by 'By.xpath: //*[@id = 'AccountName']' in '30' second(s)

2021-10-14 17:42:44 - [MESSAGE][INFO] - Smart Wait Function is triggered

2021-10-14 17:42:44 - [MESSAGE][INFO] - Found 1 web elements with id: 'Object Repository/Sayfalar/Giris_Sayfasi/Firma_Kodu' located by 'By.xpath: //*[@id = 'AccountName']' in '30' second(s)

2021-10-14 17:42:44 - [MESSAGE][PASSED] - Keys 'ELOGO6' sent to object: 'Object Repository/Sayfalar/Giris_Sayfasi/Firma_Kodu'

2021-10-14 17:42:44 - [TEST_STEP][PASSED] - sendKeys(findTestObject("Sayfalar/Giris_Sayfasi/Sifre"), Sifre): Keys '123456' sent to object: 'Object Repository/Sayfalar/Giris_Sayfasi/Sifre'

2021-10-14 17:42:44 - [MESSAGE][INFO] - Finding Test Object 'Object Repository/Sayfalar/Giris_Sayfasi/Sifre'

2021-10-14 17:42:44 - [MESSAGE][INFO] - Sending keys '123456' to object: 'Object Repository/Sayfalar/Giris_Sayfasi/Sifre'

2021-10-14 17:42:44 - [MESSAGE][INFO] - Finding web element from Test Object's properties

2021-10-14 17:42:44 - [MESSAGE][INFO] - Checking timeout

2021-10-14 17:42:44 - [MESSAGE][INFO] - Finding web element with id: 'Object Repository/Sayfalar/Giris_Sayfasi/Sifre' located by 'By.xpath: //*[@id = 'Password']' in '30' second(s)

2021-10-14 17:42:44 - [MESSAGE][INFO] - Smart Wait Function is triggered

2021-10-14 17:42:44 - [MESSAGE][INFO] - Found 1 web elements with id: 'Object Repository/Sayfalar/Giris_Sayfasi/Sifre' located by 'By.xpath: //*[@id = 'Password']' in '30' second(s)

2021-10-14 17:42:45 - [MESSAGE][PASSED] - Keys '123456' sent to object: 'Object Repository/Sayfalar/Giris_Sayfasi/Sifre'

2021-10-14 17:42:45 - [TEST_STEP][PASSED] - findWebElement(findTestObject("Sayfalar/Giris_Sayfasi/Giris_Butonu")).click(): Found 1 web elements with id: 'Object Repository/Sayfalar/Giris_Sayfasi/Giris_Butonu' located by 'By.cssSelector: #btnLogin' in '30' second(s)

2021-10-14 17:42:45 - [MESSAGE][INFO] - Finding Test Object 'Object Repository/Sayfalar/Giris_Sayfasi/Giris_Butonu'

2021-10-14 17:42:45 - [MESSAGE][INFO] - Finding web element from Test Object's properties

2021-10-14 17:42:45 - [MESSAGE][INFO] - Checking timeout

2021-10-14 17:42:45 - [MESSAGE][INFO] - Finding web element with id: 'Object Repository/Sayfalar/Giris_Sayfasi/Giris_Butonu' located by 'By.cssSelector: #btnLogin' in '30' second(s)

2021-10-14 17:42:45 - [MESSAGE][INFO] - Smart Wait Function is triggered

2021-10-14 17:42:45 - [MESSAGE][INFO] - Found 1 web elements with id: 'Object Repository/Sayfalar/Giris_Sayfasi/Giris_Butonu' located by 'By.cssSelector: #btnLogin' in '30' second(s)

2021-10-14 17:42:47 - [TEST_STEP][PASSED] - if (verifyElementPresent(findTestObject("Object Repository/Sayfalar/Giris_Sayfasi/RetveTamam_Butonu"), 5, OPTIONAL)): null

2021-10-14 17:42:47 - [MESSAGE][INFO] - Finding Test Object 'Object Repository/Sayfalar/Giris_Sayfasi/RetveTamam_Butonu'

2021-10-14 17:42:47 - [MESSAGE][INFO] - Checking object

2021-10-14 17:42:47 - [MESSAGE][INFO] - Finding web element from Test Object's properties

2021-10-14 17:42:47 - [MESSAGE][INFO] - Checking timeout

2021-10-14 17:42:47 - [MESSAGE][INFO] - Finding web element with id: 'Object Repository/Sayfalar/Giris_Sayfasi/RetveTamam_Butonu' located by 'By.xpath: //*[@class = 'btn btn-default']' in '5' second(s)

2021-10-14 17:42:47 - [MESSAGE][INFO] - Smart Wait Function is triggered

2021-10-14 17:42:48 - [MESSAGE][INFO] - Found 1 web elements with id: 'Object Repository/Sayfalar/Giris_Sayfasi/RetveTamam_Butonu' located by 'By.xpath: //*[@class = 'btn btn-default']' in '5' second(s)

2021-10-14 17:42:48 - [MESSAGE][PASSED] - Object 'Object Repository/Sayfalar/Giris_Sayfasi/RetveTamam_Butonu' is present

2021-10-14 17:42:48 - [TEST_STEP][PASSED] - click(findTestObject("Object Repository/Sayfalar/Giris_Sayfasi/RetveTamam_Butonu")): Object: 'Object Repository/Sayfalar/Giris_Sayfasi/RetveTamam_Butonu' is clicked on

2021-10-14 17:42:48 - [MESSAGE][INFO] - Finding Test Object 'Object Repository/Sayfalar/Giris_Sayfasi/RetveTamam_Butonu'

2021-10-14 17:42:48 - [MESSAGE][INFO] - Checking object

2021-10-14 17:42:48 - [MESSAGE][INFO] - Finding web element from Test Object's properties

2021-10-14 17:42:48 - [MESSAGE][INFO] - Checking timeout

2021-10-14 17:42:48 - [MESSAGE][INFO] - Finding web element with id: 'Object Repository/Sayfalar/Giris_Sayfasi/RetveTamam_Butonu' located by 'By.xpath: //*[@class = 'btn btn-default']' in '30' second(s)

2021-10-14 17:42:48 - [MESSAGE][INFO] - Smart Wait Function is triggered

2021-10-14 17:42:48 - [MESSAGE][INFO] - Found 1 web elements with id: 'Object Repository/Sayfalar/Giris_Sayfasi/RetveTamam_Butonu' located by 'By.xpath: //*[@class = 'btn btn-default']' in '30' second(s)

2021-10-14 17:42:48 - [MESSAGE][INFO] - Clicking on object: 'Object Repository/Sayfalar/Giris_Sayfasi/RetveTamam_Butonu'

2021-10-14 17:42:48 - [MESSAGE][PASSED] - Object: 'Object Repository/Sayfalar/Giris_Sayfasi/RetveTamam_Butonu' is clicked on

2021-10-14 17:42:48 - [TEST_STEP][PASSED] - click(findTestObject("Object Repository/Sayfalar/Giris_Sayfasi/RetveTamam_Butonu")): Object: 'Object Repository/Sayfalar/Giris_Sayfasi/RetveTamam_Butonu' is clicked on

2021-10-14 17:42:48 - [MESSAGE][INFO] - Finding Test Object 'Object Repository/Sayfalar/Giris_Sayfasi/RetveTamam_Butonu'

2021-10-14 17:42:48 - [MESSAGE][INFO] - Checking object

2021-10-14 17:42:48 - [MESSAGE][INFO] - Finding web element from Test Object's properties

2021-10-14 17:42:48 - [MESSAGE][INFO] - Checking timeout

2021-10-14 17:42:48 - [MESSAGE][INFO] - Finding web element with id: 'Object Repository/Sayfalar/Giris_Sayfasi/RetveTamam_Butonu' located by 'By.xpath: //*[@class = 'btn btn-default']' in '30' second(s)

2021-10-14 17:42:48 - [MESSAGE][INFO] - Smart Wait Function is triggered

2021-10-14 17:42:51 - [MESSAGE][INFO] - Found 1 web elements with id: 'Object Repository/Sayfalar/Giris_Sayfasi/RetveTamam_Butonu' located by 'By.xpath: //*[@class = 'btn btn-default']' in '30' second(s)

2021-10-14 17:42:51 - [MESSAGE][INFO] - Clicking on object: 'Object Repository/Sayfalar/Giris_Sayfasi/RetveTamam_Butonu'

2021-10-14 17:42:51 - [MESSAGE][PASSED] - Object: 'Object Repository/Sayfalar/Giris_Sayfasi/RetveTamam_Butonu' is clicked on

2021-10-14 17:42:51 - [TEST_STEP][PASSED] - if (verifyElementPresent(findTestObject("Sayfalar/Giris_Sayfasi/PopupOK"), 5, OPTIONAL)): null

2021-10-14 17:42:51 - [MESSAGE][INFO] - Finding Test Object 'Object Repository/Sayfalar/Giris_Sayfasi/PopupOK'

2021-10-14 17:42:52 - [MESSAGE][INFO] - Checking object

2021-10-14 17:42:52 - [MESSAGE][INFO] - Finding web element from Test Object's properties

2021-10-14 17:42:52 - [MESSAGE][INFO] - Checking timeout

2021-10-14 17:42:52 - [MESSAGE][INFO] - Finding web element with id: 'Object Repository/Sayfalar/Giris_Sayfasi/PopupOK' located by 'By.cssSelector: .btn.btn-success' in '5' second(s)

2021-10-14 17:42:52 - [MESSAGE][INFO] - Smart Wait Function is triggered

2021-10-14 17:42:52 - [MESSAGE][INFO] - Found 1 web elements with id: 'Object Repository/Sayfalar/Giris_Sayfasi/PopupOK' located by 'By.cssSelector: .btn.btn-success' in '5' second(s)

2021-10-14 17:42:52 - [MESSAGE][PASSED] - Object 'Object Repository/Sayfalar/Giris_Sayfasi/PopupOK' is present

2021-10-14 17:42:52 - [TEST_STEP][PASSED] - click(findTestObject("Object Repository/Sayfalar/Giris_Sayfasi/PopupCarpiGiris")): Object: 'Object Repository/Sayfalar/Giris_Sayfasi/PopupCarpiGiris' is clicked on

2021-10-14 17:42:52 - [MESSAGE][INFO] - Finding Test Object 'Object Repository/Sayfalar/Giris_Sayfasi/PopupCarpiGiris'

2021-10-14 17:42:52 - [MESSAGE][INFO] - Checking object

2021-10-14 17:42:52 - [MESSAGE][INFO] - Finding web element from Test Object's properties

2021-10-14 17:42:52 - [MESSAGE][INFO] - Checking timeout

2021-10-14 17:42:52 - [MESSAGE][INFO] - Finding web element with id: 'Object Repository/Sayfalar/Giris_Sayfasi/PopupCarpiGiris' located by 'By.cssSelector: .bootbox-close-button.close' in '30' second(s)

2021-10-14 17:42:52 - [MESSAGE][INFO] - Smart Wait Function is triggered

2021-10-14 17:42:53 - [MESSAGE][INFO] - Found 1 web elements with id: 'Object Repository/Sayfalar/Giris_Sayfasi/PopupCarpiGiris' located by 'By.cssSelector: .bootbox-close-button.close' in '30' second(s)

2021-10-14 17:42:53 - [MESSAGE][INFO] - Clicking on object: 'Object Repository/Sayfalar/Giris_Sayfasi/PopupCarpiGiris'

2021-10-14 17:42:53 - [MESSAGE][PASSED] - Object: 'Object Repository/Sayfalar/Giris_Sayfasi/PopupCarpiGiris' is clicked on

2021-10-14 17:42:53 - [TEST_STEP][PASSED] - verifyElementVisible(findTestObject("Object Repository/Kullanici_Islemleri/KullaniciIslemleri")): Object 'Object Repository/Kullanici_Islemleri/KullaniciIslemleri' is visible

2021-10-14 17:42:53 - [MESSAGE][INFO] - Finding Test Object 'Object Repository/Kullanici_Islemleri/KullaniciIslemleri'

2021-10-14 17:42:53 - [MESSAGE][INFO] - Checking object

2021-10-14 17:42:53 - [MESSAGE][INFO] - Finding web element from Test Object's properties

2021-10-14 17:42:53 - [MESSAGE][INFO] - Checking timeout

2021-10-14 17:42:53 - [MESSAGE][INFO] - Finding web element with id: 'Object Repository/Kullanici_Islemleri/KullaniciIslemleri' located by 'By.cssSelector: .dropdown>a>img' in '30' second(s)

2021-10-14 17:42:53 - [MESSAGE][INFO] - Smart Wait Function is triggered

2021-10-14 17:42:53 - [MESSAGE][INFO] - Found 1 web elements with id: 'Object Repository/Kullanici_Islemleri/KullaniciIslemleri' located by 'By.cssSelector: .dropdown>a>img' in '30' second(s)

2021-10-14 17:42:53 - [MESSAGE][PASSED] - Object 'Object Repository/Kullanici_Islemleri/KullaniciIslemleri' is visible

2021-10-14 17:42:53 - [MESSAGE][PASSED] - Call Test Case 'Test Cases/Sayfalar/Giris_Sayfasi/Login' successfully

2021-10-14 17:42:53 - [MESSAGE][INFO] - Checking called Test Case

2021-10-14 17:42:53 - [MESSAGE][INFO] - Starting to call Test Case 'Test Cases/Menu/AnaMenuSecimi'

2021-10-14 17:42:54 - [TEST_CASE][PASSED] - Test Cases/Menu/AnaMenuSecimi: Test Cases/Menu/AnaMenuSecimi

2021-10-14 17:42:54 - [TEST_STEP][PASSED] - Method.TextDegerineEsitElementeTikla(findTestObject("Menu/Ana_Menu"), Ana_Menu): Method.TextDegerineEsitElementeTikla is PASSED

2021-10-14 17:42:54 - [MESSAGE][INFO] - Finding Test Object 'Object Repository/Menu/Ana_Menu'

2021-10-14 17:42:54 - [MESSAGE][INFO] - Checking timeout

2021-10-14 17:42:54 - [MESSAGE][INFO] - Finding web element with id: 'Object Repository/Menu/Ana_Menu' located by 'By.xpath: //*[@class = 'dropdown-toggle']' in '10' second(s)

2021-10-14 17:42:54 - [MESSAGE][INFO] - Smart Wait Function is triggered

2021-10-14 17:42:54 - [MESSAGE][INFO] - Found 14 web elements with id: 'Object Repository/Menu/Ana_Menu' located by 'By.xpath: //*[@class = 'dropdown-toggle']' in '10' second(s)

2021-10-14 17:42:54 - [MESSAGE][PASSED] - Method.TextDegerineEsitElementeTikla is PASSED

2021-10-14 17:42:54 - [MESSAGE][PASSED] - Call Test Case 'Test Cases/Menu/AnaMenuSecimi' successfully

2021-10-14 17:42:54 - [MESSAGE][INFO] - Checking called Test Case

2021-10-14 17:42:54 - [MESSAGE][INFO] - Starting to call Test Case 'Test Cases/Menu/AltMenuSecimi'

2021-10-14 17:42:54 - [TEST_CASE][PASSED] - Test Cases/Menu/AltMenuSecimi: Test Cases/Menu/AltMenuSecimi

2021-10-14 17:42:54 - [TEST_STEP][PASSED] - Method.TextDegerineEsitElementeTikla(findTestObject("Menu/Alt_Menu"), Alt_Menu): Method.TextDegerineEsitElementeTikla is PASSED

2021-10-14 17:42:54 - [MESSAGE][INFO] - Finding Test Object 'Object Repository/Menu/Alt_Menu'

2021-10-14 17:42:54 - [MESSAGE][INFO] - Checking timeout

2021-10-14 17:42:54 - [MESSAGE][INFO] - Finding web element with id: 'Object Repository/Menu/Alt_Menu' located by 'By.xpath: //li[@class='dropdown dropdown-large open']//li[@class='dropdown-element']' in '10' second(s)

2021-10-14 17:42:54 - [MESSAGE][INFO] - Smart Wait Function is triggered

2021-10-14 17:42:55 - [MESSAGE][INFO] - Found 2 web elements with id: 'Object Repository/Menu/Alt_Menu' located by 'By.xpath: //li[@class='dropdown dropdown-large open']//li[@class='dropdown-element']' in '10' second(s)

2021-10-14 17:42:57 - [MESSAGE][PASSED] - Method.TextDegerineEsitElementeTikla is PASSED

2021-10-14 17:42:57 - [MESSAGE][PASSED] - Call Test Case 'Test Cases/Menu/AltMenuSecimi' successfully

2021-10-14 17:42:57 - [MESSAGE][INFO] - Checking called Test Case

2021-10-14 17:42:57 - [MESSAGE][INFO] - Starting to call Test Case 'Test Cases/Filtreler/BaslangicYaz'

2021-10-14 17:42:57 - [TEST_CASE][PASSED] - Test Cases/Filtreler/BaslangicYaz: Test Cases/Filtreler/BaslangicYaz

2021-10-14 17:42:57 - [TEST_STEP][PASSED] - Method.TextDegerineEsitElementinAltindakineTikla(findTestObject("Filtreler/Basliklar"), findTestObject("Filtreler/Basliga_Gore_Baslangic_Image"), Filtre_Adi): Method.TextDegerineEsitElementinAltindakineTikla is PASSED

2021-10-14 17:42:57 - [MESSAGE][INFO] - Finding Test Object 'Object Repository/Filtreler/Basliklar'

2021-10-14 17:42:57 - [MESSAGE][INFO] - Finding Test Object 'Object Repository/Filtreler/Basliga_Gore_Baslangic_Image'

2021-10-14 17:42:57 - [MESSAGE][INFO] - Checking timeout

2021-10-14 17:42:57 - [MESSAGE][INFO] - Finding web element with id: 'Object Repository/Filtreler/Basliklar' located by 'By.cssSelector: .control-label.col-sm-4.paddingMarginRLC' in '10' second(s)

2021-10-14 17:42:57 - [MESSAGE][INFO] - Smart Wait Function is triggered

2021-10-14 17:42:57 - [MESSAGE][INFO] - Found 8 web elements with id: 'Object Repository/Filtreler/Basliklar' located by 'By.cssSelector: .control-label.col-sm-4.paddingMarginRLC' in '10' second(s)

2021-10-14 17:42:57 - [MESSAGE][INFO] - Smart Wait Function is triggered

2021-10-14 17:42:57 - [MESSAGE][PASSED] - Method.TextDegerineEsitElementinAltindakineTikla is PASSED

2021-10-14 17:42:57 - [TEST_STEP][PASSED] - Method.TextDegerineEsitElementinAltindakiTextboxtaYaz(findTestObject("Filtreler/Basliklar"), findTestObject("Filtreler/Basliga_Gore_Baslangic"), Filtre_Adi, Filtre_Degeri): Method.TextDegerineEsitElementinAltindakiTextboxtaYaz is PASSED

2021-10-14 17:42:57 - [MESSAGE][INFO] - Finding Test Object 'Object Repository/Filtreler/Basliklar'

2021-10-14 17:42:58 - [MESSAGE][INFO] - Finding Test Object 'Object Repository/Filtreler/Basliga_Gore_Baslangic'

2021-10-14 17:42:58 - [MESSAGE][INFO] - Checking timeout

2021-10-14 17:42:58 - [MESSAGE][INFO] - Finding web element with id: 'Object Repository/Filtreler/Basliklar' located by 'By.cssSelector: .control-label.col-sm-4.paddingMarginRLC' in '10' second(s)

2021-10-14 17:42:58 - [MESSAGE][INFO] - Smart Wait Function is triggered

2021-10-14 17:42:58 - [MESSAGE][INFO] - Found 8 web elements with id: 'Object Repository/Filtreler/Basliklar' located by 'By.cssSelector: .control-label.col-sm-4.paddingMarginRLC' in '10' second(s)

2021-10-14 17:42:58 - [MESSAGE][INFO] - Smart Wait Function is triggered

2021-10-14 17:42:58 - [MESSAGE][PASSED] - Method.TextDegerineEsitElementinAltindakiTextboxtaYaz is PASSED

2021-10-14 17:42:58 - [MESSAGE][PASSED] - Call Test Case 'Test Cases/Filtreler/BaslangicYaz' successfully

2021-10-14 17:42:58 - [MESSAGE][INFO] - Checking called Test Case

2021-10-14 17:42:58 - [MESSAGE][INFO] - Starting to call Test Case 'Test Cases/Filtreler/BitisYaz'

2021-10-14 17:42:58 - [TEST_CASE][PASSED] - Test Cases/Filtreler/BitisYaz: Test Cases/Filtreler/BitisYaz

2021-10-14 17:42:58 - [TEST_STEP][PASSED] - Method.TextDegerineEsitElementinAltindakineTikla(findTestObject("Filtreler/Basliklar"), findTestObject("Filtreler/Basliga_Gore_Bitis_Image"), Filtre_Adi): Method.TextDegerineEsitElementinAltindakineTikla is PASSED

2021-10-14 17:42:58 - [MESSAGE][INFO] - Finding Test Object 'Object Repository/Filtreler/Basliklar'

2021-10-14 17:42:59 - [MESSAGE][INFO] - Finding Test Object 'Object Repository/Filtreler/Basliga_Gore_Bitis_Image'

2021-10-14 17:42:59 - [MESSAGE][INFO] - Checking timeout

2021-10-14 17:42:59 - [MESSAGE][INFO] - Finding web element with id: 'Object Repository/Filtreler/Basliklar' located by 'By.cssSelector: .control-label.col-sm-4.paddingMarginRLC' in '10' second(s)

2021-10-14 17:42:59 - [MESSAGE][INFO] - Smart Wait Function is triggered

2021-10-14 17:42:59 - [MESSAGE][INFO] - Found 8 web elements with id: 'Object Repository/Filtreler/Basliklar' located by 'By.cssSelector: .control-label.col-sm-4.paddingMarginRLC' in '10' second(s)

2021-10-14 17:42:59 - [MESSAGE][INFO] - Smart Wait Function is triggered

2021-10-14 17:42:59 - [MESSAGE][PASSED] - Method.TextDegerineEsitElementinAltindakineTikla is PASSED

2021-10-14 17:42:59 - [TEST_STEP][PASSED] - Method.TextDegerineEsitElementinAltindakiTextboxtaYaz(findTestObject("Filtreler/Basliklar"), findTestObject("Object Repository/Filtreler/Basliga_Gore_Bitis"), Filtre_Adi, Filtre_Degeri): Method.TextDegerineEsitElementinAltindakiTextboxtaYaz is PASSED

2021-10-14 17:42:59 - [MESSAGE][INFO] - Finding Test Object 'Object Repository/Filtreler/Basliklar'

2021-10-14 17:42:59 - [MESSAGE][INFO] - Finding Test Object 'Object Repository/Filtreler/Basliga_Gore_Bitis'

2021-10-14 17:42:59 - [MESSAGE][INFO] - Checking timeout

2021-10-14 17:42:59 - [MESSAGE][INFO] - Finding web element with id: 'Object Repository/Filtreler/Basliklar' located by 'By.cssSelector: .control-label.col-sm-4.paddingMarginRLC' in '10' second(s)

2021-10-14 17:42:59 - [MESSAGE][INFO] - Smart Wait Function is triggered

2021-10-14 17:43:00 - [MESSAGE][INFO] - Found 8 web elements with id: 'Object Repository/Filtreler/Basliklar' located by 'By.cssSelector: .control-label.col-sm-4.paddingMarginRLC' in '10' second(s)

2021-10-14 17:43:00 - [MESSAGE][INFO] - Smart Wait Function is triggered

2021-10-14 17:43:00 - [MESSAGE][PASSED] - Method.TextDegerineEsitElementinAltindakiTextboxtaYaz is PASSED

2021-10-14 17:43:00 - [MESSAGE][PASSED] - Call Test Case 'Test Cases/Filtreler/BitisYaz' successfully

2021-10-14 17:43:00 - [MESSAGE][INFO] - Checking called Test Case

2021-10-14 17:43:00 - [MESSAGE][INFO] - Starting to call Test Case 'Test Cases/Filtreler/TexboxaYaz'

2021-10-14 17:43:00 - [TEST_CASE][PASSED] - Test Cases/Filtreler/TexboxaYaz: Test Cases/Filtreler/TexboxaYaz

2021-10-14 17:43:00 - [TEST_STEP][PASSED] - Method.TextDegerineEsitElementinAltindakiTextboxtaYaz(findTestObject("Filtreler/Basliklar"), findTestObject("Filtreler/Basliga_Gore_Textbox"), Filtre_Adi, Filtre_Degeri): Method.TextDegerineEsitElementinAltindakiTextboxtaYaz is PASSED

2021-10-14 17:43:00 - [MESSAGE][INFO] - Finding Test Object 'Object Repository/Filtreler/Basliklar'

2021-10-14 17:43:00 - [MESSAGE][INFO] - Finding Test Object 'Object Repository/Filtreler/Basliga_Gore_Textbox'

2021-10-14 17:43:00 - [MESSAGE][INFO] - Checking timeout

2021-10-14 17:43:00 - [MESSAGE][INFO] - Finding web element with id: 'Object Repository/Filtreler/Basliklar' located by 'By.cssSelector: .control-label.col-sm-4.paddingMarginRLC' in '10' second(s)

2021-10-14 17:43:00 - [MESSAGE][INFO] - Smart Wait Function is triggered

2021-10-14 17:43:01 - [MESSAGE][INFO] - Found 8 web elements with id: 'Object Repository/Filtreler/Basliklar' located by 'By.cssSelector: .control-label.col-sm-4.paddingMarginRLC' in '10' second(s)

2021-10-14 17:43:01 - [MESSAGE][INFO] - Smart Wait Function is triggered

2021-10-14 17:43:01 - [MESSAGE][PASSED] - Method.TextDegerineEsitElementinAltindakiTextboxtaYaz is PASSED

2021-10-14 17:43:01 - [MESSAGE][PASSED] - Call Test Case 'Test Cases/Filtreler/TexboxaYaz' successfully

2021-10-14 17:43:01 - [MESSAGE][INFO] - Checking called Test Case

2021-10-14 17:43:01 - [MESSAGE][INFO] - Starting to call Test Case 'Test Cases/Filtreler/ButonaTikla'

2021-10-14 17:43:01 - [TEST_CASE][PASSED] - Test Cases/Filtreler/ButonaTikla: Test Cases/Filtreler/ButonaTikla

2021-10-14 17:43:01 - [TEST_STEP][PASSED] - Method.TextDegerineEsitElementeTikla(findTestObject("Filtreler/Butonlar"), Filtre_Buton): Method.TextDegerineEsitElementeTikla is PASSED

2021-10-14 17:43:01 - [MESSAGE][INFO] - Finding Test Object 'Object Repository/Filtreler/Butonlar'

2021-10-14 17:43:01 - [MESSAGE][INFO] - Checking timeout

2021-10-14 17:43:01 - [MESSAGE][INFO] - Finding web element with id: 'Object Repository/Filtreler/Butonlar' located by 'By.cssSelector: .dxb>span' in '10' second(s)

2021-10-14 17:43:01 - [MESSAGE][INFO] - Smart Wait Function is triggered

2021-10-14 17:43:01 - [MESSAGE][INFO] - Found 3 web elements with id: 'Object Repository/Filtreler/Butonlar' located by 'By.cssSelector: .dxb>span' in '10' second(s)

2021-10-14 17:43:02 - [MESSAGE][PASSED] - Method.TextDegerineEsitElementeTikla is PASSED

2021-10-14 17:43:02 - [MESSAGE][PASSED] - Call Test Case 'Test Cases/Filtreler/ButonaTikla' successfully

2021-10-14 17:43:02 - [MESSAGE][INFO] - Checking called Test Case

2021-10-14 17:43:02 - [MESSAGE][INFO] - Starting to call Test Case 'Test Cases/Tablo/TablodaVeriVarMi'

2021-10-14 17:43:02 - [TEST_CASE][PASSED] - Test Cases/Tablo/TablodaVeriVarMi: Test Cases/Tablo/TablodaVeriVarMi

2021-10-14 17:43:02 - [TEST_STEP][PASSED] - verifyTextNotPresent("Görüntülenecek veri yok", true): Text 'Görüntülenecek veri yok' is not present on page using regular expression

2021-10-14 17:43:02 - [MESSAGE][INFO] - Checking text present  using regular expression

2021-10-14 17:43:02 - [MESSAGE][INFO] - Smart Wait Function is triggered

2021-10-14 17:43:03 - [MESSAGE][INFO] - Finding text 'Görüntülenecek veri yok' on page  using regular expression

2021-10-14 17:43:03 - [MESSAGE][PASSED] - Text 'Görüntülenecek veri yok' is not present on page using regular expression

2021-10-14 17:43:03 - [MESSAGE][PASSED] - Call Test Case 'Test Cases/Tablo/TablodaVeriVarMi' successfully

2021-10-14 17:43:03 - [MESSAGE][INFO] - Checking called Test Case

2021-10-14 17:43:03 - [MESSAGE][INFO] - Starting to call Test Case 'Test Cases/Tablo/TablodanVeriSec'

2021-10-14 17:43:03 - [TEST_CASE][PASSED] - Test Cases/Tablo/TablodanVeriSec: Test Cases/Tablo/TablodanVeriSec

2021-10-14 17:43:03 - [TEST_STEP][PASSED] - Method.TextDegerineEsitElementinAltindakineTikla(findTestObject("Tablo/Veriler"), findTestObject("Tablo/VerininCheckBoxi"), Veri_Adi): Method.TextDegerineEsitElementinAltindakineTikla is PASSED

2021-10-14 17:43:03 - [MESSAGE][INFO] - Finding Test Object 'Object Repository/Tablo/Veriler'

2021-10-14 17:43:03 - [MESSAGE][INFO] - Finding Test Object 'Object Repository/Tablo/VerininCheckBoxi'

2021-10-14 17:43:03 - [MESSAGE][INFO] - Checking timeout

2021-10-14 17:43:03 - [MESSAGE][INFO] - Finding web element with id: 'Object Repository/Tablo/Veriler' located by 'By.cssSelector: td.dxgv b ,td.dxgv' in '10' second(s)

2021-10-14 17:43:03 - [MESSAGE][INFO] - Smart Wait Function is triggered

2021-10-14 17:43:03 - [MESSAGE][INFO] - Found 110 web elements with id: 'Object Repository/Tablo/Veriler' located by 'By.cssSelector: td.dxgv b ,td.dxgv' in '10' second(s)

2021-10-14 17:43:03 - [MESSAGE][INFO] - Smart Wait Function is triggered

2021-10-14 17:43:03 - [MESSAGE][PASSED] - Method.TextDegerineEsitElementinAltindakineTikla is PASSED

2021-10-14 17:43:03 - [MESSAGE][PASSED] - Call Test Case 'Test Cases/Tablo/TablodanVeriSec' successfully

2021-10-14 17:43:03 - [MESSAGE][INFO] - Checking called Test Case

2021-10-14 17:43:03 - [MESSAGE][INFO] - Starting to call Test Case 'Test Cases/Butonlar/ButonaTikla'

2021-10-14 17:43:03 - [TEST_CASE][PASSED] - Test Cases/Butonlar/ButonaTikla: Test Cases/Butonlar/ButonaTikla

2021-10-14 17:43:03 - [TEST_STEP][PASSED] - Method.TextDegerineEsitElementeTiklaEquals(findTestObject("Butonlar/Butonlar"), Buton_Adi): Method.TextDegerineEsitElementeTiklaEquals is PASSED

2021-10-14 17:43:03 - [MESSAGE][INFO] - Finding Test Object 'Object Repository/Butonlar/Butonlar'

2021-10-14 17:43:04 - [MESSAGE][INFO] - Checking timeout

2021-10-14 17:43:04 - [MESSAGE][INFO] - Finding web element with id: 'Object Repository/Butonlar/Butonlar' located by 'By.cssSelector: .panel.panel-default.text-center.footerPanel .btn,.btn.btn-primary.btnControls' in '10' second(s)

2021-10-14 17:43:04 - [MESSAGE][INFO] - Smart Wait Function is triggered

2021-10-14 17:43:04 - [MESSAGE][INFO] - Found 5 web elements with id: 'Object Repository/Butonlar/Butonlar' located by 'By.cssSelector: .panel.panel-default.text-center.footerPanel .btn,.btn.btn-primary.btnControls' in '10' second(s)

2021-10-14 17:43:04 - [MESSAGE][PASSED] - Method.TextDegerineEsitElementeTiklaEquals is PASSED

2021-10-14 17:43:04 - [MESSAGE][PASSED] - Call Test Case 'Test Cases/Butonlar/ButonaTikla' successfully

2021-10-14 17:43:04 - [MESSAGE][INFO] - Checking called Test Case

2021-10-14 17:43:04 - [MESSAGE][INFO] - Starting to call Test Case 'Test Cases/Butonlar/AltButonaTikla'

2021-10-14 17:43:04 - [TEST_CASE][PASSED] - Test Cases/Butonlar/AltButonaTikla: Test Cases/Butonlar/AltButonaTikla

2021-10-14 17:43:04 - [TEST_STEP][PASSED] - Method.TextDegerineEsitElementeTikla(findTestObject("Butonlar/AltButonlar"), Alt_Buton): Method.TextDegerineEsitElementeTikla is PASSED

2021-10-14 17:43:04 - [MESSAGE][INFO] - Finding Test Object 'Object Repository/Butonlar/AltButonlar'

2021-10-14 17:43:04 - [MESSAGE][INFO] - Checking timeout

2021-10-14 17:43:04 - [MESSAGE][INFO] - Finding web element with id: 'Object Repository/Butonlar/AltButonlar' located by 'By.cssSelector: .btn-group.open li>a' in '10' second(s)

2021-10-14 17:43:04 - [MESSAGE][INFO] - Smart Wait Function is triggered

2021-10-14 17:43:04 - [MESSAGE][INFO] - Found 2 web elements with id: 'Object Repository/Butonlar/AltButonlar' located by 'By.cssSelector: .btn-group.open li>a' in '10' second(s)

2021-10-14 17:43:05 - [MESSAGE][PASSED] - Method.TextDegerineEsitElementeTikla is PASSED

2021-10-14 17:43:05 - [MESSAGE][PASSED] - Call Test Case 'Test Cases/Butonlar/AltButonaTikla' successfully

2021-10-14 17:43:05 - [MESSAGE][INFO] - Checking called Test Case

2021-10-14 17:43:05 - [MESSAGE][INFO] - Starting to call Test Case 'Test Cases/Popup/PopupMesajiIceriyorMu'

2021-10-14 17:43:05 - [TEST_CASE][PASSED] - Test Cases/Popup/PopupMesajiIceriyorMu: Test Cases/Popup/PopupMesajiIceriyorMu

2021-10-14 17:43:05 - [TEST_STEP][PASSED] - waitForElementVisible(findTestObject("Popup/Popup"), 10): Object 'Object Repository/Popup/Popup' is visible

2021-10-14 17:43:05 - [MESSAGE][INFO] - Finding Test Object 'Object Repository/Popup/Popup'

2021-10-14 17:43:05 - [MESSAGE][INFO] - Checking object

2021-10-14 17:43:05 - [MESSAGE][INFO] - Checking timeout

2021-10-14 17:43:05 - [MESSAGE][INFO] - Finding web element from Test Object's properties

2021-10-14 17:43:05 - [MESSAGE][INFO] - Checking timeout

2021-10-14 17:43:05 - [MESSAGE][INFO] - Finding web element with id: 'Object Repository/Popup/Popup' located by 'By.cssSelector: .bootbox-body' in '10' second(s)

2021-10-14 17:43:05 - [MESSAGE][INFO] - Smart Wait Function is triggered

2021-10-14 17:43:06 - [MESSAGE][INFO] - Found 1 web elements with id: 'Object Repository/Popup/Popup' located by 'By.cssSelector: .bootbox-body' in '10' second(s)

2021-10-14 17:43:06 - [MESSAGE][PASSED] - Object 'Object Repository/Popup/Popup' is visible

2021-10-14 17:43:06 - [TEST_STEP][PASSED] - if (!(getText(findTestObject("Popup/Popup")).contains(Mesaj))): Text of object 'Object Repository/Popup/Popup' is: 'Lütfen rapor bildiriminin gönderileceği e-posta adresini belirtiniz.
e-Posta Adresi'

2021-10-14 17:43:06 - [MESSAGE][INFO] - Finding Test Object 'Object Repository/Popup/Popup'

2021-10-14 17:43:06 - [MESSAGE][INFO] - Checking object

2021-10-14 17:43:06 - [MESSAGE][INFO] - Finding web element from Test Object's properties

2021-10-14 17:43:06 - [MESSAGE][INFO] - Checking timeout

2021-10-14 17:43:06 - [MESSAGE][INFO] - Finding web element with id: 'Object Repository/Popup/Popup' located by 'By.cssSelector: .bootbox-body' in '30' second(s)

2021-10-14 17:43:06 - [MESSAGE][INFO] - Smart Wait Function is triggered

2021-10-14 17:43:06 - [MESSAGE][INFO] - Found 1 web elements with id: 'Object Repository/Popup/Popup' located by 'By.cssSelector: .bootbox-body' in '30' second(s)

2021-10-14 17:43:06 - [MESSAGE][INFO] - Getting text of object 'Object Repository/Popup/Popup'

2021-10-14 17:43:06 - [MESSAGE][PASSED] - Text of object 'Object Repository/Popup/Popup' is: 'Lütfen rapor bildiriminin gönderileceği e-posta adresini belirtiniz.
e-Posta Adresi'

2021-10-14 17:43:06 - [TEST_STEP][PASSED] - RaporNo = getText(findTestObject("Popup/Popup")).substring(0, 6): Text of object 'Object Repository/Popup/Popup' is: 'Lütfen rapor bildiriminin gönderileceği e-posta adresini belirtiniz.
e-Posta Adresi'

2021-10-14 17:43:06 - [MESSAGE][INFO] - Finding Test Object 'Object Repository/Popup/Popup'

2021-10-14 17:43:06 - [MESSAGE][INFO] - Checking object

2021-10-14 17:43:06 - [MESSAGE][INFO] - Finding web element from Test Object's properties

2021-10-14 17:43:06 - [MESSAGE][INFO] - Checking timeout

2021-10-14 17:43:06 - [MESSAGE][INFO] - Finding web element with id: 'Object Repository/Popup/Popup' located by 'By.cssSelector: .bootbox-body' in '30' second(s)

2021-10-14 17:43:06 - [MESSAGE][INFO] - Smart Wait Function is triggered

2021-10-14 17:43:06 - [MESSAGE][INFO] - Found 1 web elements with id: 'Object Repository/Popup/Popup' located by 'By.cssSelector: .bootbox-body' in '30' second(s)

2021-10-14 17:43:06 - [MESSAGE][INFO] - Getting text of object 'Object Repository/Popup/Popup'

2021-10-14 17:43:06 - [MESSAGE][PASSED] - Text of object 'Object Repository/Popup/Popup' is: 'Lütfen rapor bildiriminin gönderileceği e-posta adresini belirtiniz.
e-Posta Adresi'

2021-10-14 17:43:06 - [TEST_STEP][PASSED] - Console.println(RaporNo): null

2021-10-14 17:43:06 - [MESSAGE][PASSED] - Call Test Case 'Test Cases/Popup/PopupMesajiIceriyorMu' successfully

2021-10-14 17:43:06 - [MESSAGE][INFO] - Checking called Test Case

2021-10-14 17:43:06 - [MESSAGE][INFO] - Starting to call Test Case 'Test Cases/Popup/PopupButonSecilir'

2021-10-14 17:43:06 - [TEST_CASE][PASSED] - Test Cases/Popup/PopupButonSecilir: Test Cases/Popup/PopupButonSecilir

2021-10-14 17:43:06 - [TEST_STEP][PASSED] - Method.TextDegerineEsitElementeTikla(findTestObject("Popup/Popup_Butons"), Buton): Method.TextDegerineEsitElementeTikla is PASSED

2021-10-14 17:43:06 - [MESSAGE][INFO] - Finding Test Object 'Object Repository/Popup/Popup_Butons'

2021-10-14 17:43:07 - [MESSAGE][INFO] - Checking timeout

2021-10-14 17:43:07 - [MESSAGE][INFO] - Finding web element with id: 'Object Repository/Popup/Popup_Butons' located by 'By.cssSelector: .modal-footer>button' in '10' second(s)

2021-10-14 17:43:07 - [MESSAGE][INFO] - Smart Wait Function is triggered

2021-10-14 17:43:07 - [MESSAGE][INFO] - Found 2 web elements with id: 'Object Repository/Popup/Popup_Butons' located by 'By.cssSelector: .modal-footer>button' in '10' second(s)

2021-10-14 17:43:07 - [MESSAGE][PASSED] - Method.TextDegerineEsitElementeTikla is PASSED

2021-10-14 17:43:07 - [MESSAGE][PASSED] - Call Test Case 'Test Cases/Popup/PopupButonSecilir' successfully

2021-10-14 17:43:07 - [MESSAGE][INFO] - Checking called Test Case

2021-10-14 17:43:07 - [MESSAGE][INFO] - Starting to call Test Case 'Test Cases/Popup/PopupMesajiIceriyorMu'

2021-10-14 17:43:07 - [TEST_CASE][PASSED] - Test Cases/Popup/PopupMesajiIceriyorMu: Test Cases/Popup/PopupMesajiIceriyorMu

2021-10-14 17:43:07 - [TEST_STEP][PASSED] - waitForElementVisible(findTestObject("Popup/Popup"), 10): Object 'Object Repository/Popup/Popup' is visible

2021-10-14 17:43:07 - [MESSAGE][INFO] - Finding Test Object 'Object Repository/Popup/Popup'

2021-10-14 17:43:07 - [MESSAGE][INFO] - Checking object

2021-10-14 17:43:07 - [MESSAGE][INFO] - Checking timeout

2021-10-14 17:43:07 - [MESSAGE][INFO] - Finding web element from Test Object's properties

2021-10-14 17:43:07 - [MESSAGE][INFO] - Checking timeout

2021-10-14 17:43:07 - [MESSAGE][INFO] - Finding web element with id: 'Object Repository/Popup/Popup' located by 'By.cssSelector: .bootbox-body' in '10' second(s)

2021-10-14 17:43:07 - [MESSAGE][INFO] - Smart Wait Function is triggered

2021-10-14 17:43:08 - [MESSAGE][INFO] - Found 1 web elements with id: 'Object Repository/Popup/Popup' located by 'By.cssSelector: .bootbox-body' in '10' second(s)

2021-10-14 17:43:08 - [MESSAGE][PASSED] - Object 'Object Repository/Popup/Popup' is visible

2021-10-14 17:43:08 - [TEST_STEP][PASSED] - if (!(getText(findTestObject("Popup/Popup")).contains(Mesaj))): Text of object 'Object Repository/Popup/Popup' is: '14633 no’lu talebiniz işleme alınmıştır. Raporunuz hazırlandığında (elogotest@gmail.com) adresinize mail gönderilecektir.
Rapor durumunuzu Raporlar > Toplu Veri İndirme ekranından takip edebilir, hazırlandı durumundaki raporlarınızı ilgili menüden indirebilirsiniz.'

2021-10-14 17:43:08 - [MESSAGE][INFO] - Finding Test Object 'Object Repository/Popup/Popup'

2021-10-14 17:43:08 - [MESSAGE][INFO] - Checking object

2021-10-14 17:43:08 - [MESSAGE][INFO] - Finding web element from Test Object's properties

2021-10-14 17:43:08 - [MESSAGE][INFO] - Checking timeout

2021-10-14 17:43:08 - [MESSAGE][INFO] - Finding web element with id: 'Object Repository/Popup/Popup' located by 'By.cssSelector: .bootbox-body' in '30' second(s)

2021-10-14 17:43:08 - [MESSAGE][INFO] - Smart Wait Function is triggered

2021-10-14 17:43:08 - [MESSAGE][INFO] - Found 1 web elements with id: 'Object Repository/Popup/Popup' located by 'By.cssSelector: .bootbox-body' in '30' second(s)

2021-10-14 17:43:08 - [MESSAGE][INFO] - Getting text of object 'Object Repository/Popup/Popup'

2021-10-14 17:43:08 - [MESSAGE][PASSED] - Text of object 'Object Repository/Popup/Popup' is: '14633 no’lu talebiniz işleme alınmıştır. Raporunuz hazırlandığında (elogotest@gmail.com) adresinize mail gönderilecektir.
Rapor durumunuzu Raporlar > Toplu Veri İndirme ekranından takip edebilir, hazırlandı durumundaki raporlarınızı ilgili menüden indirebilirsiniz.'

2021-10-14 17:43:08 - [TEST_STEP][PASSED] - RaporNo = getText(findTestObject("Popup/Popup")).substring(0, 6): Text of object 'Object Repository/Popup/Popup' is: '14633 no’lu talebiniz işleme alınmıştır. Raporunuz hazırlandığında (elogotest@gmail.com) adresinize mail gönderilecektir.
Rapor durumunuzu Raporlar > Toplu Veri İndirme ekranından takip edebilir, hazırlandı durumundaki raporlarınızı ilgili menüden indirebilirsiniz.'

2021-10-14 17:43:08 - [MESSAGE][INFO] - Finding Test Object 'Object Repository/Popup/Popup'

2021-10-14 17:43:08 - [MESSAGE][INFO] - Checking object

2021-10-14 17:43:08 - [MESSAGE][INFO] - Finding web element from Test Object's properties

2021-10-14 17:43:08 - [MESSAGE][INFO] - Checking timeout

2021-10-14 17:43:08 - [MESSAGE][INFO] - Finding web element with id: 'Object Repository/Popup/Popup' located by 'By.cssSelector: .bootbox-body' in '30' second(s)

2021-10-14 17:43:08 - [MESSAGE][INFO] - Smart Wait Function is triggered

2021-10-14 17:43:09 - [MESSAGE][INFO] - Found 1 web elements with id: 'Object Repository/Popup/Popup' located by 'By.cssSelector: .bootbox-body' in '30' second(s)

2021-10-14 17:43:09 - [MESSAGE][INFO] - Getting text of object 'Object Repository/Popup/Popup'

2021-10-14 17:43:09 - [MESSAGE][PASSED] - Text of object 'Object Repository/Popup/Popup' is: '14633 no’lu talebiniz işleme alınmıştır. Raporunuz hazırlandığında (elogotest@gmail.com) adresinize mail gönderilecektir.
Rapor durumunuzu Raporlar > Toplu Veri İndirme ekranından takip edebilir, hazırlandı durumundaki raporlarınızı ilgili menüden indirebilirsiniz.'

2021-10-14 17:43:09 - [TEST_STEP][PASSED] - Console.println(RaporNo): null

2021-10-14 17:43:09 - [MESSAGE][PASSED] - Call Test Case 'Test Cases/Popup/PopupMesajiIceriyorMu' successfully

2021-10-14 17:43:09 - [MESSAGE][INFO] - Checking called Test Case

2021-10-14 17:43:09 - [MESSAGE][INFO] - Starting to call Test Case 'Test Cases/Popup/PopupButonSecilir'

2021-10-14 17:43:09 - [TEST_CASE][PASSED] - Test Cases/Popup/PopupButonSecilir: Test Cases/Popup/PopupButonSecilir

2021-10-14 17:43:09 - [TEST_STEP][PASSED] - Method.TextDegerineEsitElementeTikla(findTestObject("Popup/Popup_Butons"), Buton): Method.TextDegerineEsitElementeTikla is PASSED

2021-10-14 17:43:09 - [MESSAGE][INFO] - Finding Test Object 'Object Repository/Popup/Popup_Butons'

2021-10-14 17:43:09 - [MESSAGE][INFO] - Checking timeout

2021-10-14 17:43:09 - [MESSAGE][INFO] - Finding web element with id: 'Object Repository/Popup/Popup_Butons' located by 'By.cssSelector: .modal-footer>button' in '10' second(s)

2021-10-14 17:43:09 - [MESSAGE][INFO] - Smart Wait Function is triggered

2021-10-14 17:43:09 - [MESSAGE][INFO] - Found 1 web elements with id: 'Object Repository/Popup/Popup_Butons' located by 'By.cssSelector: .modal-footer>button' in '10' second(s)

2021-10-14 17:43:09 - [MESSAGE][PASSED] - Method.TextDegerineEsitElementeTikla is PASSED

2021-10-14 17:43:09 - [MESSAGE][PASSED] - Call Test Case 'Test Cases/Popup/PopupButonSecilir' successfully

2021-10-14 17:43:09 - [MESSAGE][INFO] - Checking called Test Case

2021-10-14 17:43:09 - [MESSAGE][INFO] - Starting to call Test Case 'Test Cases/Butonlar/ButonaTikla'

2021-10-14 17:43:09 - [TEST_CASE][PASSED] - Test Cases/Butonlar/ButonaTikla: Test Cases/Butonlar/ButonaTikla

2021-10-14 17:43:09 - [TEST_STEP][PASSED] - Method.TextDegerineEsitElementeTiklaEquals(findTestObject("Butonlar/Butonlar"), Buton_Adi): Method.TextDegerineEsitElementeTiklaEquals is PASSED

2021-10-14 17:43:09 - [MESSAGE][INFO] - Finding Test Object 'Object Repository/Butonlar/Butonlar'

2021-10-14 17:43:09 - [MESSAGE][INFO] - Checking timeout

2021-10-14 17:43:09 - [MESSAGE][INFO] - Finding web element with id: 'Object Repository/Butonlar/Butonlar' located by 'By.cssSelector: .panel.panel-default.text-center.footerPanel .btn,.btn.btn-primary.btnControls' in '10' second(s)

2021-10-14 17:43:09 - [MESSAGE][INFO] - Smart Wait Function is triggered

2021-10-14 17:43:10 - [MESSAGE][INFO] - Found 5 web elements with id: 'Object Repository/Butonlar/Butonlar' located by 'By.cssSelector: .panel.panel-default.text-center.footerPanel .btn,.btn.btn-primary.btnControls' in '10' second(s)

2021-10-14 17:43:10 - [MESSAGE][PASSED] - Method.TextDegerineEsitElementeTiklaEquals is PASSED

2021-10-14 17:43:10 - [MESSAGE][PASSED] - Call Test Case 'Test Cases/Butonlar/ButonaTikla' successfully

2021-10-14 17:43:10 - [MESSAGE][INFO] - Checking called Test Case

2021-10-14 17:43:10 - [MESSAGE][INFO] - Starting to call Test Case 'Test Cases/Butonlar/AltButonaTikla'

2021-10-14 17:43:10 - [TEST_CASE][PASSED] - Test Cases/Butonlar/AltButonaTikla: Test Cases/Butonlar/AltButonaTikla

2021-10-14 17:43:10 - [TEST_STEP][PASSED] - Method.TextDegerineEsitElementeTikla(findTestObject("Butonlar/AltButonlar"), Alt_Buton): Method.TextDegerineEsitElementeTikla is PASSED

2021-10-14 17:43:10 - [MESSAGE][INFO] - Finding Test Object 'Object Repository/Butonlar/AltButonlar'

2021-10-14 17:43:10 - [MESSAGE][INFO] - Checking timeout

2021-10-14 17:43:10 - [MESSAGE][INFO] - Finding web element with id: 'Object Repository/Butonlar/AltButonlar' located by 'By.cssSelector: .btn-group.open li>a' in '10' second(s)

2021-10-14 17:43:10 - [MESSAGE][INFO] - Smart Wait Function is triggered

2021-10-14 17:43:10 - [MESSAGE][INFO] - Found 2 web elements with id: 'Object Repository/Butonlar/AltButonlar' located by 'By.cssSelector: .btn-group.open li>a' in '10' second(s)

2021-10-14 17:43:11 - [MESSAGE][PASSED] - Method.TextDegerineEsitElementeTikla is PASSED

2021-10-14 17:43:11 - [MESSAGE][PASSED] - Call Test Case 'Test Cases/Butonlar/AltButonaTikla' successfully

2021-10-14 17:43:11 - [MESSAGE][INFO] - Checking called Test Case

2021-10-14 17:43:11 - [MESSAGE][INFO] - Starting to call Test Case 'Test Cases/Popup/PopupMesajiIceriyorMu'

2021-10-14 17:43:11 - [TEST_CASE][PASSED] - Test Cases/Popup/PopupMesajiIceriyorMu: Test Cases/Popup/PopupMesajiIceriyorMu

2021-10-14 17:43:11 - [TEST_STEP][PASSED] - waitForElementVisible(findTestObject("Popup/Popup"), 10): Object 'Object Repository/Popup/Popup' is visible

2021-10-14 17:43:11 - [MESSAGE][INFO] - Finding Test Object 'Object Repository/Popup/Popup'

2021-10-14 17:43:11 - [MESSAGE][INFO] - Checking object

2021-10-14 17:43:11 - [MESSAGE][INFO] - Checking timeout

2021-10-14 17:43:11 - [MESSAGE][INFO] - Finding web element from Test Object's properties

2021-10-14 17:43:11 - [MESSAGE][INFO] - Checking timeout

2021-10-14 17:43:11 - [MESSAGE][INFO] - Finding web element with id: 'Object Repository/Popup/Popup' located by 'By.cssSelector: .bootbox-body' in '10' second(s)

2021-10-14 17:43:11 - [MESSAGE][INFO] - Smart Wait Function is triggered

2021-10-14 17:43:11 - [MESSAGE][INFO] - Found 1 web elements with id: 'Object Repository/Popup/Popup' located by 'By.cssSelector: .bootbox-body' in '10' second(s)

2021-10-14 17:43:11 - [MESSAGE][PASSED] - Object 'Object Repository/Popup/Popup' is visible

2021-10-14 17:43:11 - [TEST_STEP][PASSED] - if (!(getText(findTestObject("Popup/Popup")).contains(Mesaj))): Text of object 'Object Repository/Popup/Popup' is: 'Lütfen rapor bildiriminin gönderileceği e-posta adresini belirtiniz.
e-Posta Adresi'

2021-10-14 17:43:11 - [MESSAGE][INFO] - Finding Test Object 'Object Repository/Popup/Popup'

2021-10-14 17:43:11 - [MESSAGE][INFO] - Checking object

2021-10-14 17:43:11 - [MESSAGE][INFO] - Finding web element from Test Object's properties

2021-10-14 17:43:11 - [MESSAGE][INFO] - Checking timeout

2021-10-14 17:43:11 - [MESSAGE][INFO] - Finding web element with id: 'Object Repository/Popup/Popup' located by 'By.cssSelector: .bootbox-body' in '30' second(s)

2021-10-14 17:43:11 - [MESSAGE][INFO] - Smart Wait Function is triggered

2021-10-14 17:43:11 - [MESSAGE][INFO] - Found 1 web elements with id: 'Object Repository/Popup/Popup' located by 'By.cssSelector: .bootbox-body' in '30' second(s)

2021-10-14 17:43:11 - [MESSAGE][INFO] - Getting text of object 'Object Repository/Popup/Popup'

2021-10-14 17:43:11 - [MESSAGE][PASSED] - Text of object 'Object Repository/Popup/Popup' is: 'Lütfen rapor bildiriminin gönderileceği e-posta adresini belirtiniz.
e-Posta Adresi'

2021-10-14 17:43:11 - [TEST_STEP][PASSED] - RaporNo = getText(findTestObject("Popup/Popup")).substring(0, 6): Text of object 'Object Repository/Popup/Popup' is: 'Lütfen rapor bildiriminin gönderileceği e-posta adresini belirtiniz.
e-Posta Adresi'

2021-10-14 17:43:11 - [MESSAGE][INFO] - Finding Test Object 'Object Repository/Popup/Popup'

2021-10-14 17:43:12 - [MESSAGE][INFO] - Checking object

2021-10-14 17:43:12 - [MESSAGE][INFO] - Finding web element from Test Object's properties

2021-10-14 17:43:12 - [MESSAGE][INFO] - Checking timeout

2021-10-14 17:43:12 - [MESSAGE][INFO] - Finding web element with id: 'Object Repository/Popup/Popup' located by 'By.cssSelector: .bootbox-body' in '30' second(s)

2021-10-14 17:43:12 - [MESSAGE][INFO] - Smart Wait Function is triggered

2021-10-14 17:43:12 - [MESSAGE][INFO] - Found 1 web elements with id: 'Object Repository/Popup/Popup' located by 'By.cssSelector: .bootbox-body' in '30' second(s)

2021-10-14 17:43:12 - [MESSAGE][INFO] - Getting text of object 'Object Repository/Popup/Popup'

2021-10-14 17:43:12 - [MESSAGE][PASSED] - Text of object 'Object Repository/Popup/Popup' is: 'Lütfen rapor bildiriminin gönderileceği e-posta adresini belirtiniz.
e-Posta Adresi'

2021-10-14 17:43:12 - [TEST_STEP][PASSED] - Console.println(RaporNo): null

2021-10-14 17:43:12 - [MESSAGE][PASSED] - Call Test Case 'Test Cases/Popup/PopupMesajiIceriyorMu' successfully

2021-10-14 17:43:12 - [MESSAGE][INFO] - Checking called Test Case

2021-10-14 17:43:12 - [MESSAGE][INFO] - Starting to call Test Case 'Test Cases/Popup/PopupButonSecilir'

2021-10-14 17:43:12 - [TEST_CASE][PASSED] - Test Cases/Popup/PopupButonSecilir: Test Cases/Popup/PopupButonSecilir

2021-10-14 17:43:12 - [TEST_STEP][PASSED] - Method.TextDegerineEsitElementeTikla(findTestObject("Popup/Popup_Butons"), Buton): Method.TextDegerineEsitElementeTikla is PASSED

2021-10-14 17:43:12 - [MESSAGE][INFO] - Finding Test Object 'Object Repository/Popup/Popup_Butons'

2021-10-14 17:43:12 - [MESSAGE][INFO] - Checking timeout

2021-10-14 17:43:12 - [MESSAGE][INFO] - Finding web element with id: 'Object Repository/Popup/Popup_Butons' located by 'By.cssSelector: .modal-footer>button' in '10' second(s)

2021-10-14 17:43:12 - [MESSAGE][INFO] - Smart Wait Function is triggered

2021-10-14 17:43:12 - [MESSAGE][INFO] - Found 2 web elements with id: 'Object Repository/Popup/Popup_Butons' located by 'By.cssSelector: .modal-footer>button' in '10' second(s)

2021-10-14 17:43:12 - [MESSAGE][PASSED] - Method.TextDegerineEsitElementeTikla is PASSED

2021-10-14 17:43:12 - [MESSAGE][PASSED] - Call Test Case 'Test Cases/Popup/PopupButonSecilir' successfully

2021-10-14 17:43:12 - [MESSAGE][INFO] - Checking called Test Case

2021-10-14 17:43:12 - [MESSAGE][INFO] - Starting to call Test Case 'Test Cases/Popup/PopupMesajiIceriyorMu'

2021-10-14 17:43:12 - [TEST_CASE][PASSED] - Test Cases/Popup/PopupMesajiIceriyorMu: Test Cases/Popup/PopupMesajiIceriyorMu

2021-10-14 17:43:12 - [TEST_STEP][PASSED] - waitForElementVisible(findTestObject("Popup/Popup"), 10): Object 'Object Repository/Popup/Popup' is visible

2021-10-14 17:43:12 - [MESSAGE][INFO] - Finding Test Object 'Object Repository/Popup/Popup'

2021-10-14 17:43:13 - [MESSAGE][INFO] - Checking object

2021-10-14 17:43:13 - [MESSAGE][INFO] - Checking timeout

2021-10-14 17:43:13 - [MESSAGE][INFO] - Finding web element from Test Object's properties

2021-10-14 17:43:13 - [MESSAGE][INFO] - Checking timeout

2021-10-14 17:43:13 - [MESSAGE][INFO] - Finding web element with id: 'Object Repository/Popup/Popup' located by 'By.cssSelector: .bootbox-body' in '10' second(s)

2021-10-14 17:43:13 - [MESSAGE][INFO] - Smart Wait Function is triggered

2021-10-14 17:43:13 - [MESSAGE][INFO] - Found 1 web elements with id: 'Object Repository/Popup/Popup' located by 'By.cssSelector: .bootbox-body' in '10' second(s)

2021-10-14 17:43:13 - [MESSAGE][PASSED] - Object 'Object Repository/Popup/Popup' is visible

2021-10-14 17:43:13 - [TEST_STEP][PASSED] - if (!(getText(findTestObject("Popup/Popup")).contains(Mesaj))): Text of object 'Object Repository/Popup/Popup' is: '14634 no’lu talebiniz işleme alınmıştır. Raporunuz hazırlandığında (elogotest@gmail.com) adresinize mail gönderilecektir.
Rapor durumunuzu Raporlar > Toplu Veri İndirme ekranından takip edebilir, hazırlandı durumundaki raporlarınızı ilgili menüden indirebilirsiniz.'

2021-10-14 17:43:13 - [MESSAGE][INFO] - Finding Test Object 'Object Repository/Popup/Popup'

2021-10-14 17:43:13 - [MESSAGE][INFO] - Checking object

2021-10-14 17:43:13 - [MESSAGE][INFO] - Finding web element from Test Object's properties

2021-10-14 17:43:13 - [MESSAGE][INFO] - Checking timeout

2021-10-14 17:43:13 - [MESSAGE][INFO] - Finding web element with id: 'Object Repository/Popup/Popup' located by 'By.cssSelector: .bootbox-body' in '30' second(s)

2021-10-14 17:43:13 - [MESSAGE][INFO] - Smart Wait Function is triggered

2021-10-14 17:43:14 - [MESSAGE][INFO] - Found 1 web elements with id: 'Object Repository/Popup/Popup' located by 'By.cssSelector: .bootbox-body' in '30' second(s)

2021-10-14 17:43:14 - [MESSAGE][INFO] - Getting text of object 'Object Repository/Popup/Popup'

2021-10-14 17:43:14 - [MESSAGE][PASSED] - Text of object 'Object Repository/Popup/Popup' is: '14634 no’lu talebiniz işleme alınmıştır. Raporunuz hazırlandığında (elogotest@gmail.com) adresinize mail gönderilecektir.
Rapor durumunuzu Raporlar > Toplu Veri İndirme ekranından takip edebilir, hazırlandı durumundaki raporlarınızı ilgili menüden indirebilirsiniz.'

2021-10-14 17:43:14 - [TEST_STEP][PASSED] - RaporNo = getText(findTestObject("Popup/Popup")).substring(0, 6): Text of object 'Object Repository/Popup/Popup' is: '14634 no’lu talebiniz işleme alınmıştır. Raporunuz hazırlandığında (elogotest@gmail.com) adresinize mail gönderilecektir.
Rapor durumunuzu Raporlar > Toplu Veri İndirme ekranından takip edebilir, hazırlandı durumundaki raporlarınızı ilgili menüden indirebilirsiniz.'

2021-10-14 17:43:14 - [MESSAGE][INFO] - Finding Test Object 'Object Repository/Popup/Popup'

2021-10-14 17:43:14 - [MESSAGE][INFO] - Checking object

2021-10-14 17:43:14 - [MESSAGE][INFO] - Finding web element from Test Object's properties

2021-10-14 17:43:14 - [MESSAGE][INFO] - Checking timeout

2021-10-14 17:43:14 - [MESSAGE][INFO] - Finding web element with id: 'Object Repository/Popup/Popup' located by 'By.cssSelector: .bootbox-body' in '30' second(s)

2021-10-14 17:43:14 - [MESSAGE][INFO] - Smart Wait Function is triggered

2021-10-14 17:43:14 - [MESSAGE][INFO] - Found 1 web elements with id: 'Object Repository/Popup/Popup' located by 'By.cssSelector: .bootbox-body' in '30' second(s)

2021-10-14 17:43:14 - [MESSAGE][INFO] - Getting text of object 'Object Repository/Popup/Popup'

2021-10-14 17:43:14 - [MESSAGE][PASSED] - Text of object 'Object Repository/Popup/Popup' is: '14634 no’lu talebiniz işleme alınmıştır. Raporunuz hazırlandığında (elogotest@gmail.com) adresinize mail gönderilecektir.
Rapor durumunuzu Raporlar > Toplu Veri İndirme ekranından takip edebilir, hazırlandı durumundaki raporlarınızı ilgili menüden indirebilirsiniz.'

2021-10-14 17:43:14 - [TEST_STEP][PASSED] - Console.println(RaporNo): null

2021-10-14 17:43:14 - [MESSAGE][PASSED] - Call Test Case 'Test Cases/Popup/PopupMesajiIceriyorMu' successfully

2021-10-14 17:43:14 - [MESSAGE][INFO] - Checking called Test Case

2021-10-14 17:43:14 - [MESSAGE][INFO] - Starting to call Test Case 'Test Cases/Popup/PopupButonSecilir'

2021-10-14 17:43:14 - [TEST_CASE][PASSED] - Test Cases/Popup/PopupButonSecilir: Test Cases/Popup/PopupButonSecilir

2021-10-14 17:43:14 - [TEST_STEP][PASSED] - Method.TextDegerineEsitElementeTikla(findTestObject("Popup/Popup_Butons"), Buton): Method.TextDegerineEsitElementeTikla is PASSED

2021-10-14 17:43:14 - [MESSAGE][INFO] - Finding Test Object 'Object Repository/Popup/Popup_Butons'

2021-10-14 17:43:14 - [MESSAGE][INFO] - Checking timeout

2021-10-14 17:43:14 - [MESSAGE][INFO] - Finding web element with id: 'Object Repository/Popup/Popup_Butons' located by 'By.cssSelector: .modal-footer>button' in '10' second(s)

2021-10-14 17:43:14 - [MESSAGE][INFO] - Smart Wait Function is triggered

2021-10-14 17:43:14 - [MESSAGE][INFO] - Found 1 web elements with id: 'Object Repository/Popup/Popup_Butons' located by 'By.cssSelector: .modal-footer>button' in '10' second(s)

2021-10-14 17:43:15 - [MESSAGE][PASSED] - Method.TextDegerineEsitElementeTikla is PASSED

2021-10-14 17:43:15 - [MESSAGE][PASSED] - Call Test Case 'Test Cases/Popup/PopupButonSecilir' successfully

2021-10-14 17:43:15 - [MESSAGE][INFO] - Checking called Test Case

2021-10-14 17:43:15 - [MESSAGE][INFO] - Starting to call Test Case 'Test Cases/Menu/AnaMenuSecimi'

2021-10-14 17:43:15 - [TEST_CASE][PASSED] - Test Cases/Menu/AnaMenuSecimi: Test Cases/Menu/AnaMenuSecimi

2021-10-14 17:43:15 - [TEST_STEP][PASSED] - Method.TextDegerineEsitElementeTikla(findTestObject("Menu/Ana_Menu"), Ana_Menu): Method.TextDegerineEsitElementeTikla is PASSED

2021-10-14 17:43:15 - [MESSAGE][INFO] - Finding Test Object 'Object Repository/Menu/Ana_Menu'

2021-10-14 17:43:15 - [MESSAGE][INFO] - Checking timeout

2021-10-14 17:43:15 - [MESSAGE][INFO] - Finding web element with id: 'Object Repository/Menu/Ana_Menu' located by 'By.xpath: //*[@class = 'dropdown-toggle']' in '10' second(s)

2021-10-14 17:43:15 - [MESSAGE][INFO] - Smart Wait Function is triggered

2021-10-14 17:43:15 - [MESSAGE][INFO] - Found 14 web elements with id: 'Object Repository/Menu/Ana_Menu' located by 'By.xpath: //*[@class = 'dropdown-toggle']' in '10' second(s)

2021-10-14 17:43:16 - [MESSAGE][PASSED] - Method.TextDegerineEsitElementeTikla is PASSED

2021-10-14 17:43:16 - [MESSAGE][PASSED] - Call Test Case 'Test Cases/Menu/AnaMenuSecimi' successfully

2021-10-14 17:43:16 - [MESSAGE][INFO] - Checking called Test Case

2021-10-14 17:43:16 - [MESSAGE][INFO] - Starting to call Test Case 'Test Cases/Menu/AltMenuSecimi'

2021-10-14 17:43:16 - [TEST_CASE][PASSED] - Test Cases/Menu/AltMenuSecimi: Test Cases/Menu/AltMenuSecimi

2021-10-14 17:43:16 - [TEST_STEP][PASSED] - Method.TextDegerineEsitElementeTikla(findTestObject("Menu/Alt_Menu"), Alt_Menu): Method.TextDegerineEsitElementeTikla is PASSED

2021-10-14 17:43:16 - [MESSAGE][INFO] - Finding Test Object 'Object Repository/Menu/Alt_Menu'

2021-10-14 17:43:16 - [MESSAGE][INFO] - Checking timeout

2021-10-14 17:43:16 - [MESSAGE][INFO] - Finding web element with id: 'Object Repository/Menu/Alt_Menu' located by 'By.xpath: //li[@class='dropdown dropdown-large open']//li[@class='dropdown-element']' in '10' second(s)

2021-10-14 17:43:16 - [MESSAGE][INFO] - Smart Wait Function is triggered

2021-10-14 17:43:16 - [MESSAGE][INFO] - Found 9 web elements with id: 'Object Repository/Menu/Alt_Menu' located by 'By.xpath: //li[@class='dropdown dropdown-large open']//li[@class='dropdown-element']' in '10' second(s)

2021-10-14 17:43:17 - [MESSAGE][PASSED] - Method.TextDegerineEsitElementeTikla is PASSED

2021-10-14 17:43:17 - [MESSAGE][PASSED] - Call Test Case 'Test Cases/Menu/AltMenuSecimi' successfully

2021-10-14 17:43:17 - [MESSAGE][INFO] - Checking called Test Case

2021-10-14 17:43:17 - [MESSAGE][INFO] - Starting to call Test Case 'Test Cases/Filtreler/RaporNoYaz'

2021-10-14 17:43:17 - [TEST_CASE][PASSED] - Test Cases/Filtreler/RaporNoYaz: Test Cases/Filtreler/RaporNoYaz

2021-10-14 17:43:17 - [TEST_STEP][PASSED] - Method.TextDegerineEsitElementinAltindakiTextboxtaYaz(findTestObject("Filtreler/Basliklar"), findTestObject("Filtreler/Basliga_Gore_Textbox"), "Talep No", RaporNo): Method.TextDegerineEsitElementinAltindakiTextboxtaYaz is PASSED

2021-10-14 17:43:17 - [MESSAGE][INFO] - Finding Test Object 'Object Repository/Filtreler/Basliklar'

2021-10-14 17:43:17 - [MESSAGE][INFO] - Finding Test Object 'Object Repository/Filtreler/Basliga_Gore_Textbox'

2021-10-14 17:43:17 - [MESSAGE][INFO] - Checking timeout

2021-10-14 17:43:17 - [MESSAGE][INFO] - Finding web element with id: 'Object Repository/Filtreler/Basliklar' located by 'By.cssSelector: .control-label.col-sm-4.paddingMarginRLC' in '10' second(s)

2021-10-14 17:43:17 - [MESSAGE][INFO] - Smart Wait Function is triggered

2021-10-14 17:43:17 - [MESSAGE][INFO] - Found 8 web elements with id: 'Object Repository/Filtreler/Basliklar' located by 'By.cssSelector: .control-label.col-sm-4.paddingMarginRLC' in '10' second(s)

2021-10-14 17:43:17 - [MESSAGE][INFO] - Smart Wait Function is triggered

2021-10-14 17:43:18 - [MESSAGE][PASSED] - Method.TextDegerineEsitElementinAltindakiTextboxtaYaz is PASSED

2021-10-14 17:43:18 - [MESSAGE][PASSED] - Call Test Case 'Test Cases/Filtreler/RaporNoYaz' successfully

2021-10-14 17:43:18 - [MESSAGE][INFO] - Checking called Test Case

2021-10-14 17:43:18 - [MESSAGE][INFO] - Starting to call Test Case 'Test Cases/Filtreler/ButonaTikla'

2021-10-14 17:43:18 - [TEST_CASE][PASSED] - Test Cases/Filtreler/ButonaTikla: Test Cases/Filtreler/ButonaTikla

2021-10-14 17:43:18 - [TEST_STEP][PASSED] - Method.TextDegerineEsitElementeTikla(findTestObject("Filtreler/Butonlar"), Filtre_Buton): Method.TextDegerineEsitElementeTikla is PASSED

2021-10-14 17:43:18 - [MESSAGE][INFO] - Finding Test Object 'Object Repository/Filtreler/Butonlar'

2021-10-14 17:43:18 - [MESSAGE][INFO] - Checking timeout

2021-10-14 17:43:18 - [MESSAGE][INFO] - Finding web element with id: 'Object Repository/Filtreler/Butonlar' located by 'By.cssSelector: .dxb>span' in '10' second(s)

2021-10-14 17:43:18 - [MESSAGE][INFO] - Smart Wait Function is triggered

2021-10-14 17:43:18 - [MESSAGE][INFO] - Found 2 web elements with id: 'Object Repository/Filtreler/Butonlar' located by 'By.cssSelector: .dxb>span' in '10' second(s)

2021-10-14 17:43:18 - [MESSAGE][PASSED] - Method.TextDegerineEsitElementeTikla is PASSED

2021-10-14 17:43:18 - [MESSAGE][PASSED] - Call Test Case 'Test Cases/Filtreler/ButonaTikla' successfully

2021-10-14 17:43:18 - [MESSAGE][INFO] - Checking called Test Case

2021-10-14 17:43:18 - [MESSAGE][INFO] - Starting to call Test Case 'Test Cases/Tablo/TablodaVeriVarMi'

2021-10-14 17:43:18 - [TEST_CASE][PASSED] - Test Cases/Tablo/TablodaVeriVarMi: Test Cases/Tablo/TablodaVeriVarMi

2021-10-14 17:43:18 - [TEST_STEP][PASSED] - verifyTextNotPresent("Görüntülenecek veri yok", true): Text 'Görüntülenecek veri yok' is not present on page using regular expression

2021-10-14 17:43:18 - [MESSAGE][INFO] - Checking text present  using regular expression

2021-10-14 17:43:18 - [MESSAGE][INFO] - Smart Wait Function is triggered

2021-10-14 17:43:24 - [MESSAGE][INFO] - Finding text 'Görüntülenecek veri yok' on page  using regular expression

2021-10-14 17:43:24 - [MESSAGE][PASSED] - Text 'Görüntülenecek veri yok' is not present on page using regular expression

2021-10-14 17:43:24 - [MESSAGE][PASSED] - Call Test Case 'Test Cases/Tablo/TablodaVeriVarMi' successfully

2021-10-14 17:43:24 - [MESSAGE][INFO] - Checking called Test Case

2021-10-14 17:43:24 - [MESSAGE][INFO] - Starting to call Test Case 'Test Cases/Kullanici_Islemleri/KullaniciIslemlerindenSecimYapilir'

2021-10-14 17:43:24 - [TEST_CASE][PASSED] - Test Cases/Kullanici_Islemleri/KullaniciIslemlerindenSecimYapilir: Test Cases/Kullanici_Islemleri/KullaniciIslemlerindenSecimYapilir

2021-10-14 17:43:24 - [TEST_STEP][PASSED] - waitForElementClickable(findTestObject("Object Repository/Kullanici_Islemleri/KullaniciIslemleri"), 10): Object 'Object Repository/Kullanici_Islemleri/KullaniciIslemleri' is clickable

2021-10-14 17:43:24 - [MESSAGE][INFO] - Finding Test Object 'Object Repository/Kullanici_Islemleri/KullaniciIslemleri'

2021-10-14 17:43:24 - [MESSAGE][INFO] - Checking object

2021-10-14 17:43:24 - [MESSAGE][INFO] - Checking timeout

2021-10-14 17:43:24 - [MESSAGE][INFO] - Finding web element from Test Object's properties

2021-10-14 17:43:24 - [MESSAGE][INFO] - Checking timeout

2021-10-14 17:43:24 - [MESSAGE][INFO] - Finding web element with id: 'Object Repository/Kullanici_Islemleri/KullaniciIslemleri' located by 'By.cssSelector: .dropdown>a>img' in '10' second(s)

2021-10-14 17:43:24 - [MESSAGE][INFO] - Smart Wait Function is triggered

2021-10-14 17:43:25 - [MESSAGE][INFO] - Found 1 web elements with id: 'Object Repository/Kullanici_Islemleri/KullaniciIslemleri' located by 'By.cssSelector: .dropdown>a>img' in '10' second(s)

2021-10-14 17:43:25 - [MESSAGE][PASSED] - Object 'Object Repository/Kullanici_Islemleri/KullaniciIslemleri' is clickable

2021-10-14 17:43:25 - [TEST_STEP][PASSED] - click(findTestObject("Object Repository/Kullanici_Islemleri/KullaniciIslemleri")): Object: 'Object Repository/Kullanici_Islemleri/KullaniciIslemleri' is clicked on

2021-10-14 17:43:25 - [MESSAGE][INFO] - Finding Test Object 'Object Repository/Kullanici_Islemleri/KullaniciIslemleri'

2021-10-14 17:43:25 - [MESSAGE][INFO] - Checking object

2021-10-14 17:43:25 - [MESSAGE][INFO] - Finding web element from Test Object's properties

2021-10-14 17:43:25 - [MESSAGE][INFO] - Checking timeout

2021-10-14 17:43:25 - [MESSAGE][INFO] - Finding web element with id: 'Object Repository/Kullanici_Islemleri/KullaniciIslemleri' located by 'By.cssSelector: .dropdown>a>img' in '30' second(s)

2021-10-14 17:43:25 - [MESSAGE][INFO] - Smart Wait Function is triggered

2021-10-14 17:43:25 - [MESSAGE][INFO] - Found 1 web elements with id: 'Object Repository/Kullanici_Islemleri/KullaniciIslemleri' located by 'By.cssSelector: .dropdown>a>img' in '30' second(s)

2021-10-14 17:43:25 - [MESSAGE][INFO] - Clicking on object: 'Object Repository/Kullanici_Islemleri/KullaniciIslemleri'

2021-10-14 17:43:25 - [MESSAGE][PASSED] - Object: 'Object Repository/Kullanici_Islemleri/KullaniciIslemleri' is clicked on

2021-10-14 17:43:25 - [TEST_STEP][PASSED] - Method.TextDegerineEsitElementeTikla(findTestObject("Object Repository/Kullanici_Islemleri/Secenekler"), Islem): Method.TextDegerineEsitElementeTikla is PASSED

2021-10-14 17:43:25 - [MESSAGE][INFO] - Finding Test Object 'Object Repository/Kullanici_Islemleri/Secenekler'

2021-10-14 17:43:25 - [MESSAGE][INFO] - Checking timeout

2021-10-14 17:43:25 - [MESSAGE][INFO] - Finding web element with id: 'Object Repository/Kullanici_Islemleri/Secenekler' located by 'By.cssSelector: .nav.navbar-nav.navbar-right li a' in '10' second(s)

2021-10-14 17:43:25 - [MESSAGE][INFO] - Smart Wait Function is triggered

2021-10-14 17:43:25 - [MESSAGE][INFO] - Found 22 web elements with id: 'Object Repository/Kullanici_Islemleri/Secenekler' located by 'By.cssSelector: .nav.navbar-nav.navbar-right li a' in '10' second(s)

2021-10-14 17:43:26 - [MESSAGE][PASSED] - Method.TextDegerineEsitElementeTikla is PASSED

2021-10-14 17:43:26 - [TEST_STEP][PASSED] - verifyElementNotPresent(findTestObject("Object Repository/Kullanici_Islemleri/Secenekler"), 10): Web element with id: 'Object Repository/Kullanici_Islemleri/Secenekler' located by 'By.cssSelector: .nav.navbar-nav.navbar-right li a' is not present after '10' second(s)

2021-10-14 17:43:26 - [MESSAGE][INFO] - Finding Test Object 'Object Repository/Kullanici_Islemleri/Secenekler'

2021-10-14 17:43:26 - [MESSAGE][INFO] - Checking object

2021-10-14 17:43:26 - [MESSAGE][INFO] - Checking timeout

2021-10-14 17:43:26 - [MESSAGE][INFO] - Finding web element with id: 'Object Repository/Kullanici_Islemleri/Secenekler' located by 'By.cssSelector: .nav.navbar-nav.navbar-right li a' in '10' second(s)

2021-10-14 17:43:26 - [MESSAGE][INFO] - Smart Wait Function is triggered

2021-10-14 17:43:27 - [MESSAGE][PASSED] - Web element with id: 'Object Repository/Kullanici_Islemleri/Secenekler' located by 'By.cssSelector: .nav.navbar-nav.navbar-right li a' is not present after '10' second(s)

2021-10-14 17:43:27 - [MESSAGE][PASSED] - Call Test Case 'Test Cases/Kullanici_Islemleri/KullaniciIslemlerindenSecimYapilir' successfully

2021-10-14 17:43:27 - [TEST_CASE][PASSED] - Start Test Case : SCENARIO Gelen Zarflar Toplu Indirme - UBL Secilenlerin indirilmesi: SCENARIO Gelen Zarflar Toplu Indirme - UBL Secilenlerin indirilmesi

2021-10-14 17:43:27 - [TEST_STEP][PASSED] - Kullanıcı adı ELOGO6 ve Şifre 123456 olarak giriş yapılır: Kullanıcı adı ELOGO6 ve Şifre 123456 olarak giriş yapılır

2021-10-14 17:43:27 - [MESSAGE][PASSED] - Kullanıcı adı ELOGO6 ve Şifre 123456 olarak giriş yapılır

2021-10-14 17:43:27 - [TEST_STEP][PASSED] - Ana menüden Zarflar seçilir: Ana menüden Zarflar seçilir

2021-10-14 17:43:27 - [MESSAGE][PASSED] - Ana menüden Zarflar seçilir

2021-10-14 17:43:27 - [TEST_STEP][PASSED] - Alt menüden Gelen Zarflar seçilir: Alt menüden Gelen Zarflar seçilir

2021-10-14 17:43:27 - [MESSAGE][PASSED] - Alt menüden Gelen Zarflar seçilir

2021-10-14 17:43:27 - [TEST_STEP][PASSED] - Filtrelerden Oluşturma Tarihi filtresine 01.12.2020 baslangic degerini yaz: Filtrelerden Oluşturma Tarihi filtresine 01.12.2020 baslangic degerini yaz

2021-10-14 17:43:27 - [MESSAGE][PASSED] - Filtrelerden Oluşturma Tarihi filtresine 01.12.2020 baslangic degerini yaz

2021-10-14 17:43:27 - [TEST_STEP][PASSED] - Filtrelerden Oluşturma Tarihi filtresine 31.12.2020 bitis degerini yaz: Filtrelerden Oluşturma Tarihi filtresine 31.12.2020 bitis degerini yaz

2021-10-14 17:43:27 - [MESSAGE][PASSED] - Filtrelerden Oluşturma Tarihi filtresine 31.12.2020 bitis degerini yaz

2021-10-14 17:43:27 - [TEST_STEP][PASSED] - Filtrelerden Gönderen Ünvan filtresine E LOGO 6 textini yaz: Filtrelerden Gönderen Ünvan filtresine E LOGO 6 textini yaz

2021-10-14 17:43:27 - [MESSAGE][PASSED] - Filtrelerden Gönderen Ünvan filtresine E LOGO 6 textini yaz

2021-10-14 17:43:27 - [TEST_STEP][PASSED] - Filtre butonlarından Listele seçilir: Filtre butonlarından Listele seçilir

2021-10-14 17:43:27 - [MESSAGE][PASSED] - Filtre butonlarından Listele seçilir

2021-10-14 17:43:27 - [TEST_STEP][PASSED] - Tabloda veri var mı kontrol edilir: Tabloda veri var mı kontrol edilir

2021-10-14 17:43:27 - [MESSAGE][PASSED] - Tabloda veri var mı kontrol edilir

2021-10-14 17:43:27 - [TEST_STEP][PASSED] - Tablodan E LOGO 6 isimli veri seçilir: Tablodan E LOGO 6 isimli veri seçilir

2021-10-14 17:43:27 - [MESSAGE][PASSED] - Tablodan E LOGO 6 isimli veri seçilir

2021-10-14 17:43:27 - [TEST_STEP][PASSED] - Butonlardan Toplu İndirme isimli butona tıklanır: Butonlardan Toplu İndirme isimli butona tıklanır

2021-10-14 17:43:27 - [MESSAGE][PASSED] - Butonlardan Toplu İndirme isimli butona tıklanır

2021-10-14 17:43:27 - [TEST_STEP][PASSED] - Alt butonlardan UBL Seçilenleri İndir butonuna tıklanır: Alt butonlardan UBL Seçilenleri İndir butonuna tıklanır

2021-10-14 17:43:27 - [MESSAGE][PASSED] - Alt butonlardan UBL Seçilenleri İndir butonuna tıklanır

2021-10-14 17:43:27 - [TEST_STEP][PASSED] - Popup mesajı rapor bildiriminin gönderileceği e-posta adresini belirtiniz içeriyor mu: Popup mesajı rapor bildiriminin gönderileceği e-posta adresini belirtiniz içeriyor mu

2021-10-14 17:43:27 - [MESSAGE][PASSED] - Popup mesajı rapor bildiriminin gönderileceği e-posta adresini belirtiniz içeriyor mu

2021-10-14 17:43:27 - [TEST_STEP][PASSED] - Yönetim popupında Gönder seçilir: Yönetim popupında Gönder seçilir

2021-10-14 17:43:27 - [MESSAGE][PASSED] - Yönetim popupında Gönder seçilir

2021-10-14 17:43:27 - [TEST_STEP][PASSED] - Popup mesajı talebiniz işleme alınmıştır içeriyor mu: Popup mesajı talebiniz işleme alınmıştır içeriyor mu

2021-10-14 17:43:27 - [MESSAGE][PASSED] - Popup mesajı talebiniz işleme alınmıştır içeriyor mu

2021-10-14 17:43:27 - [TEST_STEP][PASSED] - Yönetim popupında Tamam seçilir: Yönetim popupında Tamam seçilir

2021-10-14 17:43:27 - [MESSAGE][PASSED] - Yönetim popupında Tamam seçilir

2021-10-14 17:43:27 - [TEST_STEP][PASSED] - Butonlardan Toplu İndirme isimli butona tıklanır: Butonlardan Toplu İndirme isimli butona tıklanır

2021-10-14 17:43:27 - [MESSAGE][PASSED] - Butonlardan Toplu İndirme isimli butona tıklanır

2021-10-14 17:43:27 - [TEST_STEP][PASSED] - Alt butonlardan UBL Tümünü İndir butonuna tıklanır: Alt butonlardan UBL Tümünü İndir butonuna tıklanır

2021-10-14 17:43:27 - [MESSAGE][PASSED] - Alt butonlardan UBL Tümünü İndir butonuna tıklanır

2021-10-14 17:43:27 - [TEST_STEP][PASSED] - Popup mesajı rapor bildiriminin gönderileceği e-posta adresini belirtiniz içeriyor mu: Popup mesajı rapor bildiriminin gönderileceği e-posta adresini belirtiniz içeriyor mu

2021-10-14 17:43:27 - [MESSAGE][PASSED] - Popup mesajı rapor bildiriminin gönderileceği e-posta adresini belirtiniz içeriyor mu

2021-10-14 17:43:27 - [TEST_STEP][PASSED] - Yönetim popupında Gönder seçilir: Yönetim popupında Gönder seçilir

2021-10-14 17:43:27 - [MESSAGE][PASSED] - Yönetim popupında Gönder seçilir

2021-10-14 17:43:27 - [TEST_STEP][PASSED] - Popup mesajı talebiniz işleme alınmıştır içeriyor mu: Popup mesajı talebiniz işleme alınmıştır içeriyor mu

2021-10-14 17:43:27 - [MESSAGE][PASSED] - Popup mesajı talebiniz işleme alınmıştır içeriyor mu

2021-10-14 17:43:27 - [TEST_STEP][PASSED] - Yönetim popupında Tamam seçilir: Yönetim popupında Tamam seçilir

2021-10-14 17:43:27 - [MESSAGE][PASSED] - Yönetim popupında Tamam seçilir

2021-10-14 17:43:27 - [TEST_STEP][PASSED] - Ana menüden Raporlar seçilir: Ana menüden Raporlar seçilir

2021-10-14 17:43:27 - [MESSAGE][PASSED] - Ana menüden Raporlar seçilir

2021-10-14 17:43:27 - [TEST_STEP][PASSED] - Alt menüden Toplu Veri İndirme seçilir: Alt menüden Toplu Veri İndirme seçilir

2021-10-14 17:43:27 - [MESSAGE][PASSED] - Alt menüden Toplu Veri İndirme seçilir

2021-10-14 17:43:27 - [TEST_STEP][PASSED] - Filtrelerden Talep No filtresine Rapor No bilgisi yaz: Filtrelerden Talep No filtresine Rapor No bilgisi yaz

2021-10-14 17:43:27 - [MESSAGE][PASSED] - Filtrelerden Talep No filtresine Rapor No bilgisi yaz

2021-10-14 17:43:27 - [TEST_STEP][PASSED] - Filtre butonlarından Listele seçilir: Filtre butonlarından Listele seçilir

2021-10-14 17:43:27 - [MESSAGE][PASSED] - Filtre butonlarından Listele seçilir

2021-10-14 17:43:27 - [TEST_STEP][PASSED] - Tabloda veri var mı kontrol edilir: Tabloda veri var mı kontrol edilir

2021-10-14 17:43:27 - [MESSAGE][PASSED] - Tabloda veri var mı kontrol edilir

2021-10-14 17:43:27 - [TEST_STEP][PASSED] - Kullanıcı işlemlerinden Çıkış seçilir: Kullanıcı işlemlerinden Çıkış seçilir

2021-10-14 17:43:27 - [MESSAGE][PASSED] - Kullanıcı işlemlerinden Çıkış seçilir

2021-10-14 17:43:27 - [MESSAGE][PASSED] - Feature file: 'Include/features/Zarflar/Gelen Zarflar/Toplu Indirme.feature' was passed

2021-10-14 17:43:27 - [TEST_STEP][PASSED] - Start listener action : sampleAfterTestSuite: Invoke 'com.kms.katalon.core.annotation.AfterTestCase' method: 'Listener.sampleAfterTestSuite(...)' completed.

2021-10-14 17:43:27 - [MESSAGE][INFO] - Starting invoke 'com.kms.katalon.core.annotation.AfterTestCase' method: 'Listener.sampleAfterTestSuite(...)'

2021-10-14 17:43:27 - [TEST_STEP][PASSED] - closeBrowser(): Invoke 'com.kms.katalon.core.annotation.AfterTestCase' method: 'Listener.sampleAfterTestSuite(...)' completed.

2021-10-14 17:43:27 - [MESSAGE][INFO] - Closing browser

2021-10-14 17:43:27 - [MESSAGE][PASSED] - Browser is closed

2021-10-14 17:43:27 - [MESSAGE][INFO] - Invoke 'com.kms.katalon.core.annotation.AfterTestCase' method: 'Listener.sampleAfterTestSuite(...)' completed.]]></system-out>
         <system-err><![CDATA[]]></system-err>
      </testcase>
      <testcase name="Test Cases/Case Repository/Zarflar/Giden Zarflar/Secilenleri Excele Aktar" time="48.762" classname="Test Cases/Case Repository/Zarflar/Giden Zarflar/Secilenleri Excele Aktar" status="PASSED">
         <system-out><![CDATA[2021-10-14 17:43:27 - [TEST_CASE][PASSED] - Test Cases/Case Repository/Zarflar/Giden Zarflar/Secilenleri Excele Aktar: Test Cases/Case Repository/Zarflar/Giden Zarflar/Secilenleri Excele Aktar

2021-10-14 17:43:27 - [TEST_STEP][PASSED] - Start listener action : sampleBeforeTestSuite: Invoke 'com.kms.katalon.core.annotation.BeforeTestCase' method: 'Listener.sampleBeforeTestSuite(...)' completed.

2021-10-14 17:43:27 - [MESSAGE][INFO] - Starting invoke 'com.kms.katalon.core.annotation.BeforeTestCase' method: 'Listener.sampleBeforeTestSuite(...)'

2021-10-14 17:43:27 - [TEST_STEP][PASSED] - openBrowser(baseUrl): Browser is opened with url: 'https://efatura-stage.elogo.com.tr/'

2021-10-14 17:43:27 - [MESSAGE][INFO] - Opening browser

2021-10-14 17:43:27 - [MESSAGE][INFO] - Starting 'Chrome' driver

2021-10-14 17:43:27 - [MESSAGE][INFO] - User set preference: ['prefs', '{download.default_directory=C:\otomasyondownfiles}']

2021-10-14 17:43:27 - [MESSAGE][INFO] - Action delay is set to 0 milliseconds

2021-10-14 17:43:29 - [MESSAGE][INFO] - Navigating browser to: 'https://efatura-stage.elogo.com.tr/'

2021-10-14 17:43:33 - [MESSAGE][PASSED] - Browser is opened with url: 'https://efatura-stage.elogo.com.tr/'

2021-10-14 17:43:33 - [TEST_STEP][PASSED] - maximizeWindow(): Invoke 'com.kms.katalon.core.annotation.BeforeTestCase' method: 'Listener.sampleBeforeTestSuite(...)' completed.

2021-10-14 17:43:33 - [MESSAGE][INFO] - Maximizing current window

2021-10-14 17:43:33 - [MESSAGE][PASSED] - Current window maximized

2021-10-14 17:43:33 - [MESSAGE][INFO] - Invoke 'com.kms.katalon.core.annotation.BeforeTestCase' method: 'Listener.sampleBeforeTestSuite(...)' completed.

2021-10-14 17:43:33 - [TEST_STEP][PASSED] - runFeatureFile("Include/features/Zarflar/Giden Zarflar/Secilenleri Excele Aktar.feature"): Feature file: 'Include/features/Zarflar/Giden Zarflar/Secilenleri Excele Aktar.feature' was passed

2021-10-14 17:43:33 - [MESSAGE][INFO] - Starting run keyword runFeatureFile: 'Include/features/Zarflar/Giden Zarflar/Secilenleri Excele Aktar.feature' and extract report to folder: 'C:\Users\DELL\Downloads\EES_Katalon-main\Reports\20211014_170112\Suite Repository\ExceleAktarVeTopluIndirme\20211014_170125/cucumber_report/1634222613951'...

2021-10-14 17:43:33 - [MESSAGE][INFO] - Glue: []

2021-10-14 17:43:34 - [MESSAGE][INFO] - Checking called Test Case

2021-10-14 17:43:34 - [MESSAGE][INFO] - Starting to call Test Case 'Test Cases/Sayfalar/Giris_Sayfasi/Login'

2021-10-14 17:43:34 - [TEST_CASE][PASSED] - Test Cases/Sayfalar/Giris_Sayfasi/Login: Test Cases/Sayfalar/Giris_Sayfasi/Login

2021-10-14 17:43:34 - [TEST_STEP][PASSED] - Sayfa_Basligi = getWindowTitle(): Current window's title is: 'LOGO e-Fatura'

2021-10-14 17:43:34 - [MESSAGE][INFO] - Getting current window's title

2021-10-14 17:43:34 - [MESSAGE][PASSED] - Current window's title is: 'LOGO e-Fatura'

2021-10-14 17:43:34 - [TEST_STEP][PASSED] - verifyMatch(Sayfa_Basligi, "LOGO e-Fatura", false): Actual text 'LOGO e-Fatura' and expected text 'LOGO e-Fatura' are matched 

2021-10-14 17:43:34 - [MESSAGE][INFO] - Matching actual text 'LOGO e-Fatura' with expected text 'LOGO e-Fatura'

2021-10-14 17:43:34 - [MESSAGE][PASSED] - Actual text 'LOGO e-Fatura' and expected text 'LOGO e-Fatura' are matched 

2021-10-14 17:43:34 - [TEST_STEP][PASSED] - sendKeys(findTestObject("Sayfalar/Giris_Sayfasi/Firma_Kodu"), KullaniciAdi): Keys 'ELOGO6' sent to object: 'Object Repository/Sayfalar/Giris_Sayfasi/Firma_Kodu'

2021-10-14 17:43:34 - [MESSAGE][INFO] - Finding Test Object 'Object Repository/Sayfalar/Giris_Sayfasi/Firma_Kodu'

2021-10-14 17:43:34 - [MESSAGE][INFO] - Sending keys 'ELOGO6' to object: 'Object Repository/Sayfalar/Giris_Sayfasi/Firma_Kodu'

2021-10-14 17:43:34 - [MESSAGE][INFO] - Finding web element from Test Object's properties

2021-10-14 17:43:34 - [MESSAGE][INFO] - Checking timeout

2021-10-14 17:43:34 - [MESSAGE][INFO] - Finding web element with id: 'Object Repository/Sayfalar/Giris_Sayfasi/Firma_Kodu' located by 'By.xpath: //*[@id = 'AccountName']' in '30' second(s)

2021-10-14 17:43:34 - [MESSAGE][INFO] - Smart Wait Function is triggered

2021-10-14 17:43:34 - [MESSAGE][INFO] - Found 1 web elements with id: 'Object Repository/Sayfalar/Giris_Sayfasi/Firma_Kodu' located by 'By.xpath: //*[@id = 'AccountName']' in '30' second(s)

2021-10-14 17:43:34 - [MESSAGE][PASSED] - Keys 'ELOGO6' sent to object: 'Object Repository/Sayfalar/Giris_Sayfasi/Firma_Kodu'

2021-10-14 17:43:34 - [TEST_STEP][PASSED] - sendKeys(findTestObject("Sayfalar/Giris_Sayfasi/Sifre"), Sifre): Keys '123456' sent to object: 'Object Repository/Sayfalar/Giris_Sayfasi/Sifre'

2021-10-14 17:43:34 - [MESSAGE][INFO] - Finding Test Object 'Object Repository/Sayfalar/Giris_Sayfasi/Sifre'

2021-10-14 17:43:34 - [MESSAGE][INFO] - Sending keys '123456' to object: 'Object Repository/Sayfalar/Giris_Sayfasi/Sifre'

2021-10-14 17:43:34 - [MESSAGE][INFO] - Finding web element from Test Object's properties

2021-10-14 17:43:34 - [MESSAGE][INFO] - Checking timeout

2021-10-14 17:43:34 - [MESSAGE][INFO] - Finding web element with id: 'Object Repository/Sayfalar/Giris_Sayfasi/Sifre' located by 'By.xpath: //*[@id = 'Password']' in '30' second(s)

2021-10-14 17:43:34 - [MESSAGE][INFO] - Smart Wait Function is triggered

2021-10-14 17:43:35 - [MESSAGE][INFO] - Found 1 web elements with id: 'Object Repository/Sayfalar/Giris_Sayfasi/Sifre' located by 'By.xpath: //*[@id = 'Password']' in '30' second(s)

2021-10-14 17:43:35 - [MESSAGE][PASSED] - Keys '123456' sent to object: 'Object Repository/Sayfalar/Giris_Sayfasi/Sifre'

2021-10-14 17:43:35 - [TEST_STEP][PASSED] - findWebElement(findTestObject("Sayfalar/Giris_Sayfasi/Giris_Butonu")).click(): Found 1 web elements with id: 'Object Repository/Sayfalar/Giris_Sayfasi/Giris_Butonu' located by 'By.cssSelector: #btnLogin' in '30' second(s)

2021-10-14 17:43:35 - [MESSAGE][INFO] - Finding Test Object 'Object Repository/Sayfalar/Giris_Sayfasi/Giris_Butonu'

2021-10-14 17:43:35 - [MESSAGE][INFO] - Finding web element from Test Object's properties

2021-10-14 17:43:35 - [MESSAGE][INFO] - Checking timeout

2021-10-14 17:43:35 - [MESSAGE][INFO] - Finding web element with id: 'Object Repository/Sayfalar/Giris_Sayfasi/Giris_Butonu' located by 'By.cssSelector: #btnLogin' in '30' second(s)

2021-10-14 17:43:35 - [MESSAGE][INFO] - Smart Wait Function is triggered

2021-10-14 17:43:35 - [MESSAGE][INFO] - Found 1 web elements with id: 'Object Repository/Sayfalar/Giris_Sayfasi/Giris_Butonu' located by 'By.cssSelector: #btnLogin' in '30' second(s)

2021-10-14 17:43:37 - [TEST_STEP][PASSED] - if (verifyElementPresent(findTestObject("Object Repository/Sayfalar/Giris_Sayfasi/RetveTamam_Butonu"), 5, OPTIONAL)): null

2021-10-14 17:43:37 - [MESSAGE][INFO] - Finding Test Object 'Object Repository/Sayfalar/Giris_Sayfasi/RetveTamam_Butonu'

2021-10-14 17:43:37 - [MESSAGE][INFO] - Checking object

2021-10-14 17:43:37 - [MESSAGE][INFO] - Finding web element from Test Object's properties

2021-10-14 17:43:37 - [MESSAGE][INFO] - Checking timeout

2021-10-14 17:43:37 - [MESSAGE][INFO] - Finding web element with id: 'Object Repository/Sayfalar/Giris_Sayfasi/RetveTamam_Butonu' located by 'By.xpath: //*[@class = 'btn btn-default']' in '5' second(s)

2021-10-14 17:43:37 - [MESSAGE][INFO] - Smart Wait Function is triggered

2021-10-14 17:43:38 - [MESSAGE][INFO] - Found 1 web elements with id: 'Object Repository/Sayfalar/Giris_Sayfasi/RetveTamam_Butonu' located by 'By.xpath: //*[@class = 'btn btn-default']' in '5' second(s)

2021-10-14 17:43:38 - [MESSAGE][PASSED] - Object 'Object Repository/Sayfalar/Giris_Sayfasi/RetveTamam_Butonu' is present

2021-10-14 17:43:38 - [TEST_STEP][PASSED] - click(findTestObject("Object Repository/Sayfalar/Giris_Sayfasi/RetveTamam_Butonu")): Object: 'Object Repository/Sayfalar/Giris_Sayfasi/RetveTamam_Butonu' is clicked on

2021-10-14 17:43:38 - [MESSAGE][INFO] - Finding Test Object 'Object Repository/Sayfalar/Giris_Sayfasi/RetveTamam_Butonu'

2021-10-14 17:43:38 - [MESSAGE][INFO] - Checking object

2021-10-14 17:43:38 - [MESSAGE][INFO] - Finding web element from Test Object's properties

2021-10-14 17:43:38 - [MESSAGE][INFO] - Checking timeout

2021-10-14 17:43:38 - [MESSAGE][INFO] - Finding web element with id: 'Object Repository/Sayfalar/Giris_Sayfasi/RetveTamam_Butonu' located by 'By.xpath: //*[@class = 'btn btn-default']' in '30' second(s)

2021-10-14 17:43:38 - [MESSAGE][INFO] - Smart Wait Function is triggered

2021-10-14 17:43:38 - [MESSAGE][INFO] - Found 1 web elements with id: 'Object Repository/Sayfalar/Giris_Sayfasi/RetveTamam_Butonu' located by 'By.xpath: //*[@class = 'btn btn-default']' in '30' second(s)

2021-10-14 17:43:38 - [MESSAGE][INFO] - Clicking on object: 'Object Repository/Sayfalar/Giris_Sayfasi/RetveTamam_Butonu'

2021-10-14 17:43:38 - [MESSAGE][PASSED] - Object: 'Object Repository/Sayfalar/Giris_Sayfasi/RetveTamam_Butonu' is clicked on

2021-10-14 17:43:38 - [TEST_STEP][PASSED] - click(findTestObject("Object Repository/Sayfalar/Giris_Sayfasi/RetveTamam_Butonu")): Object: 'Object Repository/Sayfalar/Giris_Sayfasi/RetveTamam_Butonu' is clicked on

2021-10-14 17:43:38 - [MESSAGE][INFO] - Finding Test Object 'Object Repository/Sayfalar/Giris_Sayfasi/RetveTamam_Butonu'

2021-10-14 17:43:38 - [MESSAGE][INFO] - Checking object

2021-10-14 17:43:38 - [MESSAGE][INFO] - Finding web element from Test Object's properties

2021-10-14 17:43:38 - [MESSAGE][INFO] - Checking timeout

2021-10-14 17:43:38 - [MESSAGE][INFO] - Finding web element with id: 'Object Repository/Sayfalar/Giris_Sayfasi/RetveTamam_Butonu' located by 'By.xpath: //*[@class = 'btn btn-default']' in '30' second(s)

2021-10-14 17:43:38 - [MESSAGE][INFO] - Smart Wait Function is triggered

2021-10-14 17:43:44 - [MESSAGE][INFO] - Found 1 web elements with id: 'Object Repository/Sayfalar/Giris_Sayfasi/RetveTamam_Butonu' located by 'By.xpath: //*[@class = 'btn btn-default']' in '30' second(s)

2021-10-14 17:43:44 - [MESSAGE][INFO] - Clicking on object: 'Object Repository/Sayfalar/Giris_Sayfasi/RetveTamam_Butonu'

2021-10-14 17:43:44 - [MESSAGE][PASSED] - Object: 'Object Repository/Sayfalar/Giris_Sayfasi/RetveTamam_Butonu' is clicked on

2021-10-14 17:43:44 - [TEST_STEP][PASSED] - if (verifyElementPresent(findTestObject("Sayfalar/Giris_Sayfasi/PopupOK"), 5, OPTIONAL)): null

2021-10-14 17:43:44 - [MESSAGE][INFO] - Finding Test Object 'Object Repository/Sayfalar/Giris_Sayfasi/PopupOK'

2021-10-14 17:43:44 - [MESSAGE][INFO] - Checking object

2021-10-14 17:43:44 - [MESSAGE][INFO] - Finding web element from Test Object's properties

2021-10-14 17:43:44 - [MESSAGE][INFO] - Checking timeout

2021-10-14 17:43:44 - [MESSAGE][INFO] - Finding web element with id: 'Object Repository/Sayfalar/Giris_Sayfasi/PopupOK' located by 'By.cssSelector: .btn.btn-success' in '5' second(s)

2021-10-14 17:43:44 - [MESSAGE][INFO] - Smart Wait Function is triggered

2021-10-14 17:43:45 - [MESSAGE][INFO] - Found 1 web elements with id: 'Object Repository/Sayfalar/Giris_Sayfasi/PopupOK' located by 'By.cssSelector: .btn.btn-success' in '5' second(s)

2021-10-14 17:43:45 - [MESSAGE][PASSED] - Object 'Object Repository/Sayfalar/Giris_Sayfasi/PopupOK' is present

2021-10-14 17:43:45 - [TEST_STEP][PASSED] - click(findTestObject("Object Repository/Sayfalar/Giris_Sayfasi/PopupCarpiGiris")): Object: 'Object Repository/Sayfalar/Giris_Sayfasi/PopupCarpiGiris' is clicked on

2021-10-14 17:43:45 - [MESSAGE][INFO] - Finding Test Object 'Object Repository/Sayfalar/Giris_Sayfasi/PopupCarpiGiris'

2021-10-14 17:43:45 - [MESSAGE][INFO] - Checking object

2021-10-14 17:43:45 - [MESSAGE][INFO] - Finding web element from Test Object's properties

2021-10-14 17:43:45 - [MESSAGE][INFO] - Checking timeout

2021-10-14 17:43:45 - [MESSAGE][INFO] - Finding web element with id: 'Object Repository/Sayfalar/Giris_Sayfasi/PopupCarpiGiris' located by 'By.cssSelector: .bootbox-close-button.close' in '30' second(s)

2021-10-14 17:43:45 - [MESSAGE][INFO] - Smart Wait Function is triggered

2021-10-14 17:43:45 - [MESSAGE][INFO] - Found 1 web elements with id: 'Object Repository/Sayfalar/Giris_Sayfasi/PopupCarpiGiris' located by 'By.cssSelector: .bootbox-close-button.close' in '30' second(s)

2021-10-14 17:43:45 - [MESSAGE][INFO] - Clicking on object: 'Object Repository/Sayfalar/Giris_Sayfasi/PopupCarpiGiris'

2021-10-14 17:43:45 - [MESSAGE][PASSED] - Object: 'Object Repository/Sayfalar/Giris_Sayfasi/PopupCarpiGiris' is clicked on

2021-10-14 17:43:45 - [TEST_STEP][PASSED] - verifyElementVisible(findTestObject("Object Repository/Kullanici_Islemleri/KullaniciIslemleri")): Object 'Object Repository/Kullanici_Islemleri/KullaniciIslemleri' is visible

2021-10-14 17:43:45 - [MESSAGE][INFO] - Finding Test Object 'Object Repository/Kullanici_Islemleri/KullaniciIslemleri'

2021-10-14 17:43:45 - [MESSAGE][INFO] - Checking object

2021-10-14 17:43:45 - [MESSAGE][INFO] - Finding web element from Test Object's properties

2021-10-14 17:43:45 - [MESSAGE][INFO] - Checking timeout

2021-10-14 17:43:45 - [MESSAGE][INFO] - Finding web element with id: 'Object Repository/Kullanici_Islemleri/KullaniciIslemleri' located by 'By.cssSelector: .dropdown>a>img' in '30' second(s)

2021-10-14 17:43:45 - [MESSAGE][INFO] - Smart Wait Function is triggered

2021-10-14 17:43:46 - [MESSAGE][INFO] - Found 1 web elements with id: 'Object Repository/Kullanici_Islemleri/KullaniciIslemleri' located by 'By.cssSelector: .dropdown>a>img' in '30' second(s)

2021-10-14 17:43:46 - [MESSAGE][PASSED] - Object 'Object Repository/Kullanici_Islemleri/KullaniciIslemleri' is visible

2021-10-14 17:43:46 - [MESSAGE][PASSED] - Call Test Case 'Test Cases/Sayfalar/Giris_Sayfasi/Login' successfully

2021-10-14 17:43:46 - [MESSAGE][INFO] - Checking called Test Case

2021-10-14 17:43:46 - [MESSAGE][INFO] - Starting to call Test Case 'Test Cases/Menu/AnaMenuSecimi'

2021-10-14 17:43:46 - [TEST_CASE][PASSED] - Test Cases/Menu/AnaMenuSecimi: Test Cases/Menu/AnaMenuSecimi

2021-10-14 17:43:46 - [TEST_STEP][PASSED] - Method.TextDegerineEsitElementeTikla(findTestObject("Menu/Ana_Menu"), Ana_Menu): Method.TextDegerineEsitElementeTikla is PASSED

2021-10-14 17:43:46 - [MESSAGE][INFO] - Finding Test Object 'Object Repository/Menu/Ana_Menu'

2021-10-14 17:43:46 - [MESSAGE][INFO] - Checking timeout

2021-10-14 17:43:46 - [MESSAGE][INFO] - Finding web element with id: 'Object Repository/Menu/Ana_Menu' located by 'By.xpath: //*[@class = 'dropdown-toggle']' in '10' second(s)

2021-10-14 17:43:46 - [MESSAGE][INFO] - Smart Wait Function is triggered

2021-10-14 17:43:46 - [MESSAGE][INFO] - Found 14 web elements with id: 'Object Repository/Menu/Ana_Menu' located by 'By.xpath: //*[@class = 'dropdown-toggle']' in '10' second(s)

2021-10-14 17:43:47 - [MESSAGE][PASSED] - Method.TextDegerineEsitElementeTikla is PASSED

2021-10-14 17:43:47 - [MESSAGE][PASSED] - Call Test Case 'Test Cases/Menu/AnaMenuSecimi' successfully

2021-10-14 17:43:47 - [MESSAGE][INFO] - Checking called Test Case

2021-10-14 17:43:47 - [MESSAGE][INFO] - Starting to call Test Case 'Test Cases/Menu/AltMenuSecimi'

2021-10-14 17:43:47 - [TEST_CASE][PASSED] - Test Cases/Menu/AltMenuSecimi: Test Cases/Menu/AltMenuSecimi

2021-10-14 17:43:47 - [TEST_STEP][PASSED] - Method.TextDegerineEsitElementeTikla(findTestObject("Menu/Alt_Menu"), Alt_Menu): Method.TextDegerineEsitElementeTikla is PASSED

2021-10-14 17:43:47 - [MESSAGE][INFO] - Finding Test Object 'Object Repository/Menu/Alt_Menu'

2021-10-14 17:43:47 - [MESSAGE][INFO] - Checking timeout

2021-10-14 17:43:47 - [MESSAGE][INFO] - Finding web element with id: 'Object Repository/Menu/Alt_Menu' located by 'By.xpath: //li[@class='dropdown dropdown-large open']//li[@class='dropdown-element']' in '10' second(s)

2021-10-14 17:43:47 - [MESSAGE][INFO] - Smart Wait Function is triggered

2021-10-14 17:43:47 - [MESSAGE][INFO] - Found 2 web elements with id: 'Object Repository/Menu/Alt_Menu' located by 'By.xpath: //li[@class='dropdown dropdown-large open']//li[@class='dropdown-element']' in '10' second(s)

2021-10-14 17:43:49 - [MESSAGE][PASSED] - Method.TextDegerineEsitElementeTikla is PASSED

2021-10-14 17:43:49 - [MESSAGE][PASSED] - Call Test Case 'Test Cases/Menu/AltMenuSecimi' successfully

2021-10-14 17:43:49 - [MESSAGE][INFO] - Checking called Test Case

2021-10-14 17:43:49 - [MESSAGE][INFO] - Starting to call Test Case 'Test Cases/Filtreler/BaslangicYaz'

2021-10-14 17:43:49 - [TEST_CASE][PASSED] - Test Cases/Filtreler/BaslangicYaz: Test Cases/Filtreler/BaslangicYaz

2021-10-14 17:43:49 - [TEST_STEP][PASSED] - Method.TextDegerineEsitElementinAltindakineTikla(findTestObject("Filtreler/Basliklar"), findTestObject("Filtreler/Basliga_Gore_Baslangic_Image"), Filtre_Adi): Method.TextDegerineEsitElementinAltindakineTikla is PASSED

2021-10-14 17:43:49 - [MESSAGE][INFO] - Finding Test Object 'Object Repository/Filtreler/Basliklar'

2021-10-14 17:43:49 - [MESSAGE][INFO] - Finding Test Object 'Object Repository/Filtreler/Basliga_Gore_Baslangic_Image'

2021-10-14 17:43:49 - [MESSAGE][INFO] - Checking timeout

2021-10-14 17:43:49 - [MESSAGE][INFO] - Finding web element with id: 'Object Repository/Filtreler/Basliklar' located by 'By.cssSelector: .control-label.col-sm-4.paddingMarginRLC' in '10' second(s)

2021-10-14 17:43:49 - [MESSAGE][INFO] - Smart Wait Function is triggered

2021-10-14 17:43:49 - [MESSAGE][INFO] - Found 8 web elements with id: 'Object Repository/Filtreler/Basliklar' located by 'By.cssSelector: .control-label.col-sm-4.paddingMarginRLC' in '10' second(s)

2021-10-14 17:43:49 - [MESSAGE][INFO] - Smart Wait Function is triggered

2021-10-14 17:43:50 - [MESSAGE][PASSED] - Method.TextDegerineEsitElementinAltindakineTikla is PASSED

2021-10-14 17:43:50 - [TEST_STEP][PASSED] - Method.TextDegerineEsitElementinAltindakiTextboxtaYaz(findTestObject("Filtreler/Basliklar"), findTestObject("Filtreler/Basliga_Gore_Baslangic"), Filtre_Adi, Filtre_Degeri): Method.TextDegerineEsitElementinAltindakiTextboxtaYaz is PASSED

2021-10-14 17:43:50 - [MESSAGE][INFO] - Finding Test Object 'Object Repository/Filtreler/Basliklar'

2021-10-14 17:43:50 - [MESSAGE][INFO] - Finding Test Object 'Object Repository/Filtreler/Basliga_Gore_Baslangic'

2021-10-14 17:43:50 - [MESSAGE][INFO] - Checking timeout

2021-10-14 17:43:50 - [MESSAGE][INFO] - Finding web element with id: 'Object Repository/Filtreler/Basliklar' located by 'By.cssSelector: .control-label.col-sm-4.paddingMarginRLC' in '10' second(s)

2021-10-14 17:43:50 - [MESSAGE][INFO] - Smart Wait Function is triggered

2021-10-14 17:43:50 - [MESSAGE][INFO] - Found 8 web elements with id: 'Object Repository/Filtreler/Basliklar' located by 'By.cssSelector: .control-label.col-sm-4.paddingMarginRLC' in '10' second(s)

2021-10-14 17:43:50 - [MESSAGE][INFO] - Smart Wait Function is triggered

2021-10-14 17:43:50 - [MESSAGE][PASSED] - Method.TextDegerineEsitElementinAltindakiTextboxtaYaz is PASSED

2021-10-14 17:43:50 - [MESSAGE][PASSED] - Call Test Case 'Test Cases/Filtreler/BaslangicYaz' successfully

2021-10-14 17:43:50 - [MESSAGE][INFO] - Checking called Test Case

2021-10-14 17:43:50 - [MESSAGE][INFO] - Starting to call Test Case 'Test Cases/Filtreler/BitisYaz'

2021-10-14 17:43:50 - [TEST_CASE][PASSED] - Test Cases/Filtreler/BitisYaz: Test Cases/Filtreler/BitisYaz

2021-10-14 17:43:50 - [TEST_STEP][PASSED] - Method.TextDegerineEsitElementinAltindakineTikla(findTestObject("Filtreler/Basliklar"), findTestObject("Filtreler/Basliga_Gore_Bitis_Image"), Filtre_Adi): Method.TextDegerineEsitElementinAltindakineTikla is PASSED

2021-10-14 17:43:50 - [MESSAGE][INFO] - Finding Test Object 'Object Repository/Filtreler/Basliklar'

2021-10-14 17:43:51 - [MESSAGE][INFO] - Finding Test Object 'Object Repository/Filtreler/Basliga_Gore_Bitis_Image'

2021-10-14 17:43:51 - [MESSAGE][INFO] - Checking timeout

2021-10-14 17:43:51 - [MESSAGE][INFO] - Finding web element with id: 'Object Repository/Filtreler/Basliklar' located by 'By.cssSelector: .control-label.col-sm-4.paddingMarginRLC' in '10' second(s)

2021-10-14 17:43:51 - [MESSAGE][INFO] - Smart Wait Function is triggered

2021-10-14 17:43:51 - [MESSAGE][INFO] - Found 8 web elements with id: 'Object Repository/Filtreler/Basliklar' located by 'By.cssSelector: .control-label.col-sm-4.paddingMarginRLC' in '10' second(s)

2021-10-14 17:43:51 - [MESSAGE][INFO] - Smart Wait Function is triggered

2021-10-14 17:43:51 - [MESSAGE][PASSED] - Method.TextDegerineEsitElementinAltindakineTikla is PASSED

2021-10-14 17:43:51 - [TEST_STEP][PASSED] - Method.TextDegerineEsitElementinAltindakiTextboxtaYaz(findTestObject("Filtreler/Basliklar"), findTestObject("Object Repository/Filtreler/Basliga_Gore_Bitis"), Filtre_Adi, Filtre_Degeri): Method.TextDegerineEsitElementinAltindakiTextboxtaYaz is PASSED

2021-10-14 17:43:51 - [MESSAGE][INFO] - Finding Test Object 'Object Repository/Filtreler/Basliklar'

2021-10-14 17:43:51 - [MESSAGE][INFO] - Finding Test Object 'Object Repository/Filtreler/Basliga_Gore_Bitis'

2021-10-14 17:43:51 - [MESSAGE][INFO] - Checking timeout

2021-10-14 17:43:51 - [MESSAGE][INFO] - Finding web element with id: 'Object Repository/Filtreler/Basliklar' located by 'By.cssSelector: .control-label.col-sm-4.paddingMarginRLC' in '10' second(s)

2021-10-14 17:43:51 - [MESSAGE][INFO] - Smart Wait Function is triggered

2021-10-14 17:43:52 - [MESSAGE][INFO] - Found 8 web elements with id: 'Object Repository/Filtreler/Basliklar' located by 'By.cssSelector: .control-label.col-sm-4.paddingMarginRLC' in '10' second(s)

2021-10-14 17:43:52 - [MESSAGE][INFO] - Smart Wait Function is triggered

2021-10-14 17:43:52 - [MESSAGE][PASSED] - Method.TextDegerineEsitElementinAltindakiTextboxtaYaz is PASSED

2021-10-14 17:43:52 - [MESSAGE][PASSED] - Call Test Case 'Test Cases/Filtreler/BitisYaz' successfully

2021-10-14 17:43:52 - [MESSAGE][INFO] - Checking called Test Case

2021-10-14 17:43:52 - [MESSAGE][INFO] - Starting to call Test Case 'Test Cases/Filtreler/ButonaTikla'

2021-10-14 17:43:52 - [TEST_CASE][PASSED] - Test Cases/Filtreler/ButonaTikla: Test Cases/Filtreler/ButonaTikla

2021-10-14 17:43:52 - [TEST_STEP][PASSED] - Method.TextDegerineEsitElementeTikla(findTestObject("Filtreler/Butonlar"), Filtre_Buton): Method.TextDegerineEsitElementeTikla is PASSED

2021-10-14 17:43:52 - [MESSAGE][INFO] - Finding Test Object 'Object Repository/Filtreler/Butonlar'

2021-10-14 17:43:52 - [MESSAGE][INFO] - Checking timeout

2021-10-14 17:43:52 - [MESSAGE][INFO] - Finding web element with id: 'Object Repository/Filtreler/Butonlar' located by 'By.cssSelector: .dxb>span' in '10' second(s)

2021-10-14 17:43:52 - [MESSAGE][INFO] - Smart Wait Function is triggered

2021-10-14 17:43:53 - [MESSAGE][INFO] - Found 3 web elements with id: 'Object Repository/Filtreler/Butonlar' located by 'By.cssSelector: .dxb>span' in '10' second(s)

2021-10-14 17:43:53 - [MESSAGE][PASSED] - Method.TextDegerineEsitElementeTikla is PASSED

2021-10-14 17:43:53 - [MESSAGE][PASSED] - Call Test Case 'Test Cases/Filtreler/ButonaTikla' successfully

2021-10-14 17:43:53 - [MESSAGE][INFO] - Checking called Test Case

2021-10-14 17:43:53 - [MESSAGE][INFO] - Starting to call Test Case 'Test Cases/Tablo/TablodaVeriVarMi'

2021-10-14 17:43:53 - [TEST_CASE][PASSED] - Test Cases/Tablo/TablodaVeriVarMi: Test Cases/Tablo/TablodaVeriVarMi

2021-10-14 17:43:53 - [TEST_STEP][PASSED] - verifyTextNotPresent("Görüntülenecek veri yok", true): Text 'Görüntülenecek veri yok' is not present on page using regular expression

2021-10-14 17:43:53 - [MESSAGE][INFO] - Checking text present  using regular expression

2021-10-14 17:43:53 - [MESSAGE][INFO] - Smart Wait Function is triggered

2021-10-14 17:43:54 - [MESSAGE][INFO] - Finding text 'Görüntülenecek veri yok' on page  using regular expression

2021-10-14 17:43:54 - [MESSAGE][PASSED] - Text 'Görüntülenecek veri yok' is not present on page using regular expression

2021-10-14 17:43:54 - [MESSAGE][PASSED] - Call Test Case 'Test Cases/Tablo/TablodaVeriVarMi' successfully

2021-10-14 17:43:54 - [MESSAGE][INFO] - Checking called Test Case

2021-10-14 17:43:54 - [MESSAGE][INFO] - Starting to call Test Case 'Test Cases/Tablo/TablodanVeriSec'

2021-10-14 17:43:54 - [TEST_CASE][PASSED] - Test Cases/Tablo/TablodanVeriSec: Test Cases/Tablo/TablodanVeriSec

2021-10-14 17:43:54 - [TEST_STEP][PASSED] - Method.TextDegerineEsitElementinAltindakineTikla(findTestObject("Tablo/Veriler"), findTestObject("Tablo/VerininCheckBoxi"), Veri_Adi): Method.TextDegerineEsitElementinAltindakineTikla is PASSED

2021-10-14 17:43:54 - [MESSAGE][INFO] - Finding Test Object 'Object Repository/Tablo/Veriler'

2021-10-14 17:43:54 - [MESSAGE][INFO] - Finding Test Object 'Object Repository/Tablo/VerininCheckBoxi'

2021-10-14 17:43:54 - [MESSAGE][INFO] - Checking timeout

2021-10-14 17:43:54 - [MESSAGE][INFO] - Finding web element with id: 'Object Repository/Tablo/Veriler' located by 'By.cssSelector: td.dxgv b ,td.dxgv' in '10' second(s)

2021-10-14 17:43:54 - [MESSAGE][INFO] - Smart Wait Function is triggered

2021-10-14 17:43:54 - [MESSAGE][INFO] - Found 110 web elements with id: 'Object Repository/Tablo/Veriler' located by 'By.cssSelector: td.dxgv b ,td.dxgv' in '10' second(s)

2021-10-14 17:43:54 - [MESSAGE][INFO] - Smart Wait Function is triggered

2021-10-14 17:43:54 - [MESSAGE][PASSED] - Method.TextDegerineEsitElementinAltindakineTikla is PASSED

2021-10-14 17:43:54 - [MESSAGE][PASSED] - Call Test Case 'Test Cases/Tablo/TablodanVeriSec' successfully

2021-10-14 17:43:54 - [MESSAGE][INFO] - Checking called Test Case

2021-10-14 17:43:54 - [MESSAGE][INFO] - Starting to call Test Case 'Test Cases/Butonlar/ButonaTikla'

2021-10-14 17:43:55 - [TEST_CASE][PASSED] - Test Cases/Butonlar/ButonaTikla: Test Cases/Butonlar/ButonaTikla

2021-10-14 17:43:55 - [TEST_STEP][PASSED] - Method.TextDegerineEsitElementeTiklaEquals(findTestObject("Butonlar/Butonlar"), Buton_Adi): Method.TextDegerineEsitElementeTiklaEquals is PASSED

2021-10-14 17:43:55 - [MESSAGE][INFO] - Finding Test Object 'Object Repository/Butonlar/Butonlar'

2021-10-14 17:43:55 - [MESSAGE][INFO] - Checking timeout

2021-10-14 17:43:55 - [MESSAGE][INFO] - Finding web element with id: 'Object Repository/Butonlar/Butonlar' located by 'By.cssSelector: .panel.panel-default.text-center.footerPanel .btn,.btn.btn-primary.btnControls' in '10' second(s)

2021-10-14 17:43:55 - [MESSAGE][INFO] - Smart Wait Function is triggered

2021-10-14 17:43:55 - [MESSAGE][INFO] - Found 6 web elements with id: 'Object Repository/Butonlar/Butonlar' located by 'By.cssSelector: .panel.panel-default.text-center.footerPanel .btn,.btn.btn-primary.btnControls' in '10' second(s)

2021-10-14 17:43:55 - [MESSAGE][PASSED] - Method.TextDegerineEsitElementeTiklaEquals is PASSED

2021-10-14 17:43:55 - [MESSAGE][PASSED] - Call Test Case 'Test Cases/Butonlar/ButonaTikla' successfully

2021-10-14 17:43:55 - [MESSAGE][INFO] - Checking called Test Case

2021-10-14 17:43:55 - [MESSAGE][INFO] - Starting to call Test Case 'Test Cases/Butonlar/AltButonaTikla'

2021-10-14 17:43:55 - [TEST_CASE][PASSED] - Test Cases/Butonlar/AltButonaTikla: Test Cases/Butonlar/AltButonaTikla

2021-10-14 17:43:55 - [TEST_STEP][PASSED] - Method.TextDegerineEsitElementeTikla(findTestObject("Butonlar/AltButonlar"), Alt_Buton): Method.TextDegerineEsitElementeTikla is PASSED

2021-10-14 17:43:55 - [MESSAGE][INFO] - Finding Test Object 'Object Repository/Butonlar/AltButonlar'

2021-10-14 17:43:55 - [MESSAGE][INFO] - Checking timeout

2021-10-14 17:43:55 - [MESSAGE][INFO] - Finding web element with id: 'Object Repository/Butonlar/AltButonlar' located by 'By.cssSelector: .btn-group.open li>a' in '10' second(s)

2021-10-14 17:43:55 - [MESSAGE][INFO] - Smart Wait Function is triggered

2021-10-14 17:43:55 - [MESSAGE][INFO] - Found 2 web elements with id: 'Object Repository/Butonlar/AltButonlar' located by 'By.cssSelector: .btn-group.open li>a' in '10' second(s)

2021-10-14 17:43:56 - [MESSAGE][PASSED] - Method.TextDegerineEsitElementeTikla is PASSED

2021-10-14 17:43:56 - [MESSAGE][PASSED] - Call Test Case 'Test Cases/Butonlar/AltButonaTikla' successfully

2021-10-14 17:43:56 - [MESSAGE][INFO] - Checking called Test Case

2021-10-14 17:43:56 - [MESSAGE][INFO] - Starting to call Test Case 'Test Cases/Popup/PopupMesajiIceriyorMu'

2021-10-14 17:43:56 - [TEST_CASE][PASSED] - Test Cases/Popup/PopupMesajiIceriyorMu: Test Cases/Popup/PopupMesajiIceriyorMu

2021-10-14 17:43:56 - [TEST_STEP][PASSED] - waitForElementVisible(findTestObject("Popup/Popup"), 10): Object 'Object Repository/Popup/Popup' is visible

2021-10-14 17:43:56 - [MESSAGE][INFO] - Finding Test Object 'Object Repository/Popup/Popup'

2021-10-14 17:43:56 - [MESSAGE][INFO] - Checking object

2021-10-14 17:43:56 - [MESSAGE][INFO] - Checking timeout

2021-10-14 17:43:56 - [MESSAGE][INFO] - Finding web element from Test Object's properties

2021-10-14 17:43:56 - [MESSAGE][INFO] - Checking timeout

2021-10-14 17:43:56 - [MESSAGE][INFO] - Finding web element with id: 'Object Repository/Popup/Popup' located by 'By.cssSelector: .bootbox-body' in '10' second(s)

2021-10-14 17:43:56 - [MESSAGE][INFO] - Smart Wait Function is triggered

2021-10-14 17:43:57 - [MESSAGE][INFO] - Found 1 web elements with id: 'Object Repository/Popup/Popup' located by 'By.cssSelector: .bootbox-body' in '10' second(s)

2021-10-14 17:43:57 - [MESSAGE][PASSED] - Object 'Object Repository/Popup/Popup' is visible

2021-10-14 17:43:57 - [TEST_STEP][PASSED] - if (!(getText(findTestObject("Popup/Popup")).contains(Mesaj))): Text of object 'Object Repository/Popup/Popup' is: 'Lütfen rapor bildiriminin gönderileceği e-posta adresini belirtiniz.
e-Posta Adresi'

2021-10-14 17:43:57 - [MESSAGE][INFO] - Finding Test Object 'Object Repository/Popup/Popup'

2021-10-14 17:43:57 - [MESSAGE][INFO] - Checking object

2021-10-14 17:43:57 - [MESSAGE][INFO] - Finding web element from Test Object's properties

2021-10-14 17:43:57 - [MESSAGE][INFO] - Checking timeout

2021-10-14 17:43:57 - [MESSAGE][INFO] - Finding web element with id: 'Object Repository/Popup/Popup' located by 'By.cssSelector: .bootbox-body' in '30' second(s)

2021-10-14 17:43:57 - [MESSAGE][INFO] - Smart Wait Function is triggered

2021-10-14 17:43:57 - [MESSAGE][INFO] - Found 1 web elements with id: 'Object Repository/Popup/Popup' located by 'By.cssSelector: .bootbox-body' in '30' second(s)

2021-10-14 17:43:57 - [MESSAGE][INFO] - Getting text of object 'Object Repository/Popup/Popup'

2021-10-14 17:43:57 - [MESSAGE][PASSED] - Text of object 'Object Repository/Popup/Popup' is: 'Lütfen rapor bildiriminin gönderileceği e-posta adresini belirtiniz.
e-Posta Adresi'

2021-10-14 17:43:57 - [TEST_STEP][PASSED] - RaporNo = getText(findTestObject("Popup/Popup")).substring(0, 6): Text of object 'Object Repository/Popup/Popup' is: 'Lütfen rapor bildiriminin gönderileceği e-posta adresini belirtiniz.
e-Posta Adresi'

2021-10-14 17:43:57 - [MESSAGE][INFO] - Finding Test Object 'Object Repository/Popup/Popup'

2021-10-14 17:43:57 - [MESSAGE][INFO] - Checking object

2021-10-14 17:43:57 - [MESSAGE][INFO] - Finding web element from Test Object's properties

2021-10-14 17:43:57 - [MESSAGE][INFO] - Checking timeout

2021-10-14 17:43:57 - [MESSAGE][INFO] - Finding web element with id: 'Object Repository/Popup/Popup' located by 'By.cssSelector: .bootbox-body' in '30' second(s)

2021-10-14 17:43:57 - [MESSAGE][INFO] - Smart Wait Function is triggered

2021-10-14 17:43:57 - [MESSAGE][INFO] - Found 1 web elements with id: 'Object Repository/Popup/Popup' located by 'By.cssSelector: .bootbox-body' in '30' second(s)

2021-10-14 17:43:57 - [MESSAGE][INFO] - Getting text of object 'Object Repository/Popup/Popup'

2021-10-14 17:43:57 - [MESSAGE][PASSED] - Text of object 'Object Repository/Popup/Popup' is: 'Lütfen rapor bildiriminin gönderileceği e-posta adresini belirtiniz.
e-Posta Adresi'

2021-10-14 17:43:57 - [TEST_STEP][PASSED] - Console.println(RaporNo): null

2021-10-14 17:43:57 - [MESSAGE][PASSED] - Call Test Case 'Test Cases/Popup/PopupMesajiIceriyorMu' successfully

2021-10-14 17:43:57 - [MESSAGE][INFO] - Checking called Test Case

2021-10-14 17:43:57 - [MESSAGE][INFO] - Starting to call Test Case 'Test Cases/Popup/PopupButonSecilir'

2021-10-14 17:43:57 - [TEST_CASE][PASSED] - Test Cases/Popup/PopupButonSecilir: Test Cases/Popup/PopupButonSecilir

2021-10-14 17:43:57 - [TEST_STEP][PASSED] - Method.TextDegerineEsitElementeTikla(findTestObject("Popup/Popup_Butons"), Buton): Method.TextDegerineEsitElementeTikla is PASSED

2021-10-14 17:43:57 - [MESSAGE][INFO] - Finding Test Object 'Object Repository/Popup/Popup_Butons'

2021-10-14 17:43:57 - [MESSAGE][INFO] - Checking timeout

2021-10-14 17:43:57 - [MESSAGE][INFO] - Finding web element with id: 'Object Repository/Popup/Popup_Butons' located by 'By.cssSelector: .modal-footer>button' in '10' second(s)

2021-10-14 17:43:57 - [MESSAGE][INFO] - Smart Wait Function is triggered

2021-10-14 17:43:58 - [MESSAGE][INFO] - Found 2 web elements with id: 'Object Repository/Popup/Popup_Butons' located by 'By.cssSelector: .modal-footer>button' in '10' second(s)

2021-10-14 17:43:58 - [MESSAGE][PASSED] - Method.TextDegerineEsitElementeTikla is PASSED

2021-10-14 17:43:58 - [MESSAGE][PASSED] - Call Test Case 'Test Cases/Popup/PopupButonSecilir' successfully

2021-10-14 17:43:58 - [MESSAGE][INFO] - Checking called Test Case

2021-10-14 17:43:58 - [MESSAGE][INFO] - Starting to call Test Case 'Test Cases/Popup/PopupMesajiIceriyorMu'

2021-10-14 17:43:58 - [TEST_CASE][PASSED] - Test Cases/Popup/PopupMesajiIceriyorMu: Test Cases/Popup/PopupMesajiIceriyorMu

2021-10-14 17:43:58 - [TEST_STEP][PASSED] - waitForElementVisible(findTestObject("Popup/Popup"), 10): Object 'Object Repository/Popup/Popup' is visible

2021-10-14 17:43:58 - [MESSAGE][INFO] - Finding Test Object 'Object Repository/Popup/Popup'

2021-10-14 17:43:58 - [MESSAGE][INFO] - Checking object

2021-10-14 17:43:58 - [MESSAGE][INFO] - Checking timeout

2021-10-14 17:43:58 - [MESSAGE][INFO] - Finding web element from Test Object's properties

2021-10-14 17:43:58 - [MESSAGE][INFO] - Checking timeout

2021-10-14 17:43:58 - [MESSAGE][INFO] - Finding web element with id: 'Object Repository/Popup/Popup' located by 'By.cssSelector: .bootbox-body' in '10' second(s)

2021-10-14 17:43:58 - [MESSAGE][INFO] - Smart Wait Function is triggered

2021-10-14 17:43:59 - [MESSAGE][INFO] - Found 1 web elements with id: 'Object Repository/Popup/Popup' located by 'By.cssSelector: .bootbox-body' in '10' second(s)

2021-10-14 17:43:59 - [MESSAGE][PASSED] - Object 'Object Repository/Popup/Popup' is visible

2021-10-14 17:43:59 - [TEST_STEP][PASSED] - if (!(getText(findTestObject("Popup/Popup")).contains(Mesaj))): Text of object 'Object Repository/Popup/Popup' is: '14635 no’lu talebiniz işleme alınmıştır. Raporunuz hazırlandığında (elogotest@gmail.com) adresinize mail gönderilecektir.
Rapor durumunuzu Raporlar > Toplu Veri İndirme ekranından takip edebilir, hazırlandı durumundaki raporlarınızı ilgili menüden indirebilirsiniz.'

2021-10-14 17:43:59 - [MESSAGE][INFO] - Finding Test Object 'Object Repository/Popup/Popup'

2021-10-14 17:43:59 - [MESSAGE][INFO] - Checking object

2021-10-14 17:43:59 - [MESSAGE][INFO] - Finding web element from Test Object's properties

2021-10-14 17:43:59 - [MESSAGE][INFO] - Checking timeout

2021-10-14 17:43:59 - [MESSAGE][INFO] - Finding web element with id: 'Object Repository/Popup/Popup' located by 'By.cssSelector: .bootbox-body' in '30' second(s)

2021-10-14 17:43:59 - [MESSAGE][INFO] - Smart Wait Function is triggered

2021-10-14 17:43:59 - [MESSAGE][INFO] - Found 1 web elements with id: 'Object Repository/Popup/Popup' located by 'By.cssSelector: .bootbox-body' in '30' second(s)

2021-10-14 17:43:59 - [MESSAGE][INFO] - Getting text of object 'Object Repository/Popup/Popup'

2021-10-14 17:43:59 - [MESSAGE][PASSED] - Text of object 'Object Repository/Popup/Popup' is: '14635 no’lu talebiniz işleme alınmıştır. Raporunuz hazırlandığında (elogotest@gmail.com) adresinize mail gönderilecektir.
Rapor durumunuzu Raporlar > Toplu Veri İndirme ekranından takip edebilir, hazırlandı durumundaki raporlarınızı ilgili menüden indirebilirsiniz.'

2021-10-14 17:43:59 - [TEST_STEP][PASSED] - RaporNo = getText(findTestObject("Popup/Popup")).substring(0, 6): Text of object 'Object Repository/Popup/Popup' is: '14635 no’lu talebiniz işleme alınmıştır. Raporunuz hazırlandığında (elogotest@gmail.com) adresinize mail gönderilecektir.
Rapor durumunuzu Raporlar > Toplu Veri İndirme ekranından takip edebilir, hazırlandı durumundaki raporlarınızı ilgili menüden indirebilirsiniz.'

2021-10-14 17:43:59 - [MESSAGE][INFO] - Finding Test Object 'Object Repository/Popup/Popup'

2021-10-14 17:43:59 - [MESSAGE][INFO] - Checking object

2021-10-14 17:43:59 - [MESSAGE][INFO] - Finding web element from Test Object's properties

2021-10-14 17:43:59 - [MESSAGE][INFO] - Checking timeout

2021-10-14 17:43:59 - [MESSAGE][INFO] - Finding web element with id: 'Object Repository/Popup/Popup' located by 'By.cssSelector: .bootbox-body' in '30' second(s)

2021-10-14 17:43:59 - [MESSAGE][INFO] - Smart Wait Function is triggered

2021-10-14 17:43:59 - [MESSAGE][INFO] - Found 1 web elements with id: 'Object Repository/Popup/Popup' located by 'By.cssSelector: .bootbox-body' in '30' second(s)

2021-10-14 17:43:59 - [MESSAGE][INFO] - Getting text of object 'Object Repository/Popup/Popup'

2021-10-14 17:43:59 - [MESSAGE][PASSED] - Text of object 'Object Repository/Popup/Popup' is: '14635 no’lu talebiniz işleme alınmıştır. Raporunuz hazırlandığında (elogotest@gmail.com) adresinize mail gönderilecektir.
Rapor durumunuzu Raporlar > Toplu Veri İndirme ekranından takip edebilir, hazırlandı durumundaki raporlarınızı ilgili menüden indirebilirsiniz.'

2021-10-14 17:43:59 - [TEST_STEP][PASSED] - Console.println(RaporNo): null

2021-10-14 17:43:59 - [MESSAGE][PASSED] - Call Test Case 'Test Cases/Popup/PopupMesajiIceriyorMu' successfully

2021-10-14 17:43:59 - [MESSAGE][INFO] - Checking called Test Case

2021-10-14 17:43:59 - [MESSAGE][INFO] - Starting to call Test Case 'Test Cases/Popup/PopupButonSecilir'

2021-10-14 17:43:59 - [TEST_CASE][PASSED] - Test Cases/Popup/PopupButonSecilir: Test Cases/Popup/PopupButonSecilir

2021-10-14 17:43:59 - [TEST_STEP][PASSED] - Method.TextDegerineEsitElementeTikla(findTestObject("Popup/Popup_Butons"), Buton): Method.TextDegerineEsitElementeTikla is PASSED

2021-10-14 17:43:59 - [MESSAGE][INFO] - Finding Test Object 'Object Repository/Popup/Popup_Butons'

2021-10-14 17:43:59 - [MESSAGE][INFO] - Checking timeout

2021-10-14 17:43:59 - [MESSAGE][INFO] - Finding web element with id: 'Object Repository/Popup/Popup_Butons' located by 'By.cssSelector: .modal-footer>button' in '10' second(s)

2021-10-14 17:43:59 - [MESSAGE][INFO] - Smart Wait Function is triggered

2021-10-14 17:44:00 - [MESSAGE][INFO] - Found 1 web elements with id: 'Object Repository/Popup/Popup_Butons' located by 'By.cssSelector: .modal-footer>button' in '10' second(s)

2021-10-14 17:44:00 - [MESSAGE][PASSED] - Method.TextDegerineEsitElementeTikla is PASSED

2021-10-14 17:44:00 - [MESSAGE][PASSED] - Call Test Case 'Test Cases/Popup/PopupButonSecilir' successfully

2021-10-14 17:44:00 - [MESSAGE][INFO] - Checking called Test Case

2021-10-14 17:44:00 - [MESSAGE][INFO] - Starting to call Test Case 'Test Cases/Butonlar/ButonaTikla'

2021-10-14 17:44:00 - [TEST_CASE][PASSED] - Test Cases/Butonlar/ButonaTikla: Test Cases/Butonlar/ButonaTikla

2021-10-14 17:44:00 - [TEST_STEP][PASSED] - Method.TextDegerineEsitElementeTiklaEquals(findTestObject("Butonlar/Butonlar"), Buton_Adi): Method.TextDegerineEsitElementeTiklaEquals is PASSED

2021-10-14 17:44:00 - [MESSAGE][INFO] - Finding Test Object 'Object Repository/Butonlar/Butonlar'

2021-10-14 17:44:00 - [MESSAGE][INFO] - Checking timeout

2021-10-14 17:44:00 - [MESSAGE][INFO] - Finding web element with id: 'Object Repository/Butonlar/Butonlar' located by 'By.cssSelector: .panel.panel-default.text-center.footerPanel .btn,.btn.btn-primary.btnControls' in '10' second(s)

2021-10-14 17:44:00 - [MESSAGE][INFO] - Smart Wait Function is triggered

2021-10-14 17:44:01 - [MESSAGE][INFO] - Found 6 web elements with id: 'Object Repository/Butonlar/Butonlar' located by 'By.cssSelector: .panel.panel-default.text-center.footerPanel .btn,.btn.btn-primary.btnControls' in '10' second(s)

2021-10-14 17:44:01 - [MESSAGE][PASSED] - Method.TextDegerineEsitElementeTiklaEquals is PASSED

2021-10-14 17:44:01 - [MESSAGE][PASSED] - Call Test Case 'Test Cases/Butonlar/ButonaTikla' successfully

2021-10-14 17:44:01 - [MESSAGE][INFO] - Checking called Test Case

2021-10-14 17:44:01 - [MESSAGE][INFO] - Starting to call Test Case 'Test Cases/Butonlar/AltButonaTikla'

2021-10-14 17:44:01 - [TEST_CASE][PASSED] - Test Cases/Butonlar/AltButonaTikla: Test Cases/Butonlar/AltButonaTikla

2021-10-14 17:44:01 - [TEST_STEP][PASSED] - Method.TextDegerineEsitElementeTikla(findTestObject("Butonlar/AltButonlar"), Alt_Buton): Method.TextDegerineEsitElementeTikla is PASSED

2021-10-14 17:44:01 - [MESSAGE][INFO] - Finding Test Object 'Object Repository/Butonlar/AltButonlar'

2021-10-14 17:44:01 - [MESSAGE][INFO] - Checking timeout

2021-10-14 17:44:01 - [MESSAGE][INFO] - Finding web element with id: 'Object Repository/Butonlar/AltButonlar' located by 'By.cssSelector: .btn-group.open li>a' in '10' second(s)

2021-10-14 17:44:01 - [MESSAGE][INFO] - Smart Wait Function is triggered

2021-10-14 17:44:01 - [MESSAGE][INFO] - Found 2 web elements with id: 'Object Repository/Butonlar/AltButonlar' located by 'By.cssSelector: .btn-group.open li>a' in '10' second(s)

2021-10-14 17:44:01 - [MESSAGE][PASSED] - Method.TextDegerineEsitElementeTikla is PASSED

2021-10-14 17:44:01 - [MESSAGE][PASSED] - Call Test Case 'Test Cases/Butonlar/AltButonaTikla' successfully

2021-10-14 17:44:01 - [MESSAGE][INFO] - Checking called Test Case

2021-10-14 17:44:01 - [MESSAGE][INFO] - Starting to call Test Case 'Test Cases/Popup/PopupMesajiIceriyorMu'

2021-10-14 17:44:01 - [TEST_CASE][PASSED] - Test Cases/Popup/PopupMesajiIceriyorMu: Test Cases/Popup/PopupMesajiIceriyorMu

2021-10-14 17:44:01 - [TEST_STEP][PASSED] - waitForElementVisible(findTestObject("Popup/Popup"), 10): Object 'Object Repository/Popup/Popup' is visible

2021-10-14 17:44:01 - [MESSAGE][INFO] - Finding Test Object 'Object Repository/Popup/Popup'

2021-10-14 17:44:01 - [MESSAGE][INFO] - Checking object

2021-10-14 17:44:01 - [MESSAGE][INFO] - Checking timeout

2021-10-14 17:44:01 - [MESSAGE][INFO] - Finding web element from Test Object's properties

2021-10-14 17:44:01 - [MESSAGE][INFO] - Checking timeout

2021-10-14 17:44:01 - [MESSAGE][INFO] - Finding web element with id: 'Object Repository/Popup/Popup' located by 'By.cssSelector: .bootbox-body' in '10' second(s)

2021-10-14 17:44:01 - [MESSAGE][INFO] - Smart Wait Function is triggered

2021-10-14 17:44:02 - [MESSAGE][INFO] - Found 1 web elements with id: 'Object Repository/Popup/Popup' located by 'By.cssSelector: .bootbox-body' in '10' second(s)

2021-10-14 17:44:02 - [MESSAGE][PASSED] - Object 'Object Repository/Popup/Popup' is visible

2021-10-14 17:44:02 - [TEST_STEP][PASSED] - if (!(getText(findTestObject("Popup/Popup")).contains(Mesaj))): Text of object 'Object Repository/Popup/Popup' is: 'Lütfen rapor bildiriminin gönderileceği e-posta adresini belirtiniz.
e-Posta Adresi'

2021-10-14 17:44:02 - [MESSAGE][INFO] - Finding Test Object 'Object Repository/Popup/Popup'

2021-10-14 17:44:02 - [MESSAGE][INFO] - Checking object

2021-10-14 17:44:02 - [MESSAGE][INFO] - Finding web element from Test Object's properties

2021-10-14 17:44:02 - [MESSAGE][INFO] - Checking timeout

2021-10-14 17:44:02 - [MESSAGE][INFO] - Finding web element with id: 'Object Repository/Popup/Popup' located by 'By.cssSelector: .bootbox-body' in '30' second(s)

2021-10-14 17:44:02 - [MESSAGE][INFO] - Smart Wait Function is triggered

2021-10-14 17:44:02 - [MESSAGE][INFO] - Found 1 web elements with id: 'Object Repository/Popup/Popup' located by 'By.cssSelector: .bootbox-body' in '30' second(s)

2021-10-14 17:44:02 - [MESSAGE][INFO] - Getting text of object 'Object Repository/Popup/Popup'

2021-10-14 17:44:02 - [MESSAGE][PASSED] - Text of object 'Object Repository/Popup/Popup' is: 'Lütfen rapor bildiriminin gönderileceği e-posta adresini belirtiniz.
e-Posta Adresi'

2021-10-14 17:44:02 - [TEST_STEP][PASSED] - RaporNo = getText(findTestObject("Popup/Popup")).substring(0, 6): Text of object 'Object Repository/Popup/Popup' is: 'Lütfen rapor bildiriminin gönderileceği e-posta adresini belirtiniz.
e-Posta Adresi'

2021-10-14 17:44:02 - [MESSAGE][INFO] - Finding Test Object 'Object Repository/Popup/Popup'

2021-10-14 17:44:02 - [MESSAGE][INFO] - Checking object

2021-10-14 17:44:02 - [MESSAGE][INFO] - Finding web element from Test Object's properties

2021-10-14 17:44:02 - [MESSAGE][INFO] - Checking timeout

2021-10-14 17:44:02 - [MESSAGE][INFO] - Finding web element with id: 'Object Repository/Popup/Popup' located by 'By.cssSelector: .bootbox-body' in '30' second(s)

2021-10-14 17:44:02 - [MESSAGE][INFO] - Smart Wait Function is triggered

2021-10-14 17:44:02 - [MESSAGE][INFO] - Found 1 web elements with id: 'Object Repository/Popup/Popup' located by 'By.cssSelector: .bootbox-body' in '30' second(s)

2021-10-14 17:44:02 - [MESSAGE][INFO] - Getting text of object 'Object Repository/Popup/Popup'

2021-10-14 17:44:02 - [MESSAGE][PASSED] - Text of object 'Object Repository/Popup/Popup' is: 'Lütfen rapor bildiriminin gönderileceği e-posta adresini belirtiniz.
e-Posta Adresi'

2021-10-14 17:44:02 - [TEST_STEP][PASSED] - Console.println(RaporNo): null

2021-10-14 17:44:02 - [MESSAGE][PASSED] - Call Test Case 'Test Cases/Popup/PopupMesajiIceriyorMu' successfully

2021-10-14 17:44:02 - [MESSAGE][INFO] - Checking called Test Case

2021-10-14 17:44:02 - [MESSAGE][INFO] - Starting to call Test Case 'Test Cases/Popup/PopupButonSecilir'

2021-10-14 17:44:02 - [TEST_CASE][PASSED] - Test Cases/Popup/PopupButonSecilir: Test Cases/Popup/PopupButonSecilir

2021-10-14 17:44:02 - [TEST_STEP][PASSED] - Method.TextDegerineEsitElementeTikla(findTestObject("Popup/Popup_Butons"), Buton): Method.TextDegerineEsitElementeTikla is PASSED

2021-10-14 17:44:02 - [MESSAGE][INFO] - Finding Test Object 'Object Repository/Popup/Popup_Butons'

2021-10-14 17:44:03 - [MESSAGE][INFO] - Checking timeout

2021-10-14 17:44:03 - [MESSAGE][INFO] - Finding web element with id: 'Object Repository/Popup/Popup_Butons' located by 'By.cssSelector: .modal-footer>button' in '10' second(s)

2021-10-14 17:44:03 - [MESSAGE][INFO] - Smart Wait Function is triggered

2021-10-14 17:44:03 - [MESSAGE][INFO] - Found 2 web elements with id: 'Object Repository/Popup/Popup_Butons' located by 'By.cssSelector: .modal-footer>button' in '10' second(s)

2021-10-14 17:44:03 - [MESSAGE][PASSED] - Method.TextDegerineEsitElementeTikla is PASSED

2021-10-14 17:44:03 - [MESSAGE][PASSED] - Call Test Case 'Test Cases/Popup/PopupButonSecilir' successfully

2021-10-14 17:44:03 - [MESSAGE][INFO] - Checking called Test Case

2021-10-14 17:44:03 - [MESSAGE][INFO] - Starting to call Test Case 'Test Cases/Popup/PopupMesajiIceriyorMu'

2021-10-14 17:44:03 - [TEST_CASE][PASSED] - Test Cases/Popup/PopupMesajiIceriyorMu: Test Cases/Popup/PopupMesajiIceriyorMu

2021-10-14 17:44:03 - [TEST_STEP][PASSED] - waitForElementVisible(findTestObject("Popup/Popup"), 10): Object 'Object Repository/Popup/Popup' is visible

2021-10-14 17:44:03 - [MESSAGE][INFO] - Finding Test Object 'Object Repository/Popup/Popup'

2021-10-14 17:44:03 - [MESSAGE][INFO] - Checking object

2021-10-14 17:44:03 - [MESSAGE][INFO] - Checking timeout

2021-10-14 17:44:03 - [MESSAGE][INFO] - Finding web element from Test Object's properties

2021-10-14 17:44:03 - [MESSAGE][INFO] - Checking timeout

2021-10-14 17:44:03 - [MESSAGE][INFO] - Finding web element with id: 'Object Repository/Popup/Popup' located by 'By.cssSelector: .bootbox-body' in '10' second(s)

2021-10-14 17:44:03 - [MESSAGE][INFO] - Smart Wait Function is triggered

2021-10-14 17:44:04 - [MESSAGE][INFO] - Found 1 web elements with id: 'Object Repository/Popup/Popup' located by 'By.cssSelector: .bootbox-body' in '10' second(s)

2021-10-14 17:44:04 - [MESSAGE][PASSED] - Object 'Object Repository/Popup/Popup' is visible

2021-10-14 17:44:04 - [TEST_STEP][PASSED] - if (!(getText(findTestObject("Popup/Popup")).contains(Mesaj))): Text of object 'Object Repository/Popup/Popup' is: '14636 no’lu talebiniz işleme alınmıştır. Raporunuz hazırlandığında (elogotest@gmail.com) adresinize mail gönderilecektir.
Rapor durumunuzu Raporlar > Toplu Veri İndirme ekranından takip edebilir, hazırlandı durumundaki raporlarınızı ilgili menüden indirebilirsiniz.'

2021-10-14 17:44:04 - [MESSAGE][INFO] - Finding Test Object 'Object Repository/Popup/Popup'

2021-10-14 17:44:04 - [MESSAGE][INFO] - Checking object

2021-10-14 17:44:04 - [MESSAGE][INFO] - Finding web element from Test Object's properties

2021-10-14 17:44:04 - [MESSAGE][INFO] - Checking timeout

2021-10-14 17:44:04 - [MESSAGE][INFO] - Finding web element with id: 'Object Repository/Popup/Popup' located by 'By.cssSelector: .bootbox-body' in '30' second(s)

2021-10-14 17:44:04 - [MESSAGE][INFO] - Smart Wait Function is triggered

2021-10-14 17:44:04 - [MESSAGE][INFO] - Found 1 web elements with id: 'Object Repository/Popup/Popup' located by 'By.cssSelector: .bootbox-body' in '30' second(s)

2021-10-14 17:44:04 - [MESSAGE][INFO] - Getting text of object 'Object Repository/Popup/Popup'

2021-10-14 17:44:04 - [MESSAGE][PASSED] - Text of object 'Object Repository/Popup/Popup' is: '14636 no’lu talebiniz işleme alınmıştır. Raporunuz hazırlandığında (elogotest@gmail.com) adresinize mail gönderilecektir.
Rapor durumunuzu Raporlar > Toplu Veri İndirme ekranından takip edebilir, hazırlandı durumundaki raporlarınızı ilgili menüden indirebilirsiniz.'

2021-10-14 17:44:04 - [TEST_STEP][PASSED] - RaporNo = getText(findTestObject("Popup/Popup")).substring(0, 6): Text of object 'Object Repository/Popup/Popup' is: '14636 no’lu talebiniz işleme alınmıştır. Raporunuz hazırlandığında (elogotest@gmail.com) adresinize mail gönderilecektir.
Rapor durumunuzu Raporlar > Toplu Veri İndirme ekranından takip edebilir, hazırlandı durumundaki raporlarınızı ilgili menüden indirebilirsiniz.'

2021-10-14 17:44:04 - [MESSAGE][INFO] - Finding Test Object 'Object Repository/Popup/Popup'

2021-10-14 17:44:04 - [MESSAGE][INFO] - Checking object

2021-10-14 17:44:04 - [MESSAGE][INFO] - Finding web element from Test Object's properties

2021-10-14 17:44:04 - [MESSAGE][INFO] - Checking timeout

2021-10-14 17:44:04 - [MESSAGE][INFO] - Finding web element with id: 'Object Repository/Popup/Popup' located by 'By.cssSelector: .bootbox-body' in '30' second(s)

2021-10-14 17:44:04 - [MESSAGE][INFO] - Smart Wait Function is triggered

2021-10-14 17:44:04 - [MESSAGE][INFO] - Found 1 web elements with id: 'Object Repository/Popup/Popup' located by 'By.cssSelector: .bootbox-body' in '30' second(s)

2021-10-14 17:44:04 - [MESSAGE][INFO] - Getting text of object 'Object Repository/Popup/Popup'

2021-10-14 17:44:04 - [MESSAGE][PASSED] - Text of object 'Object Repository/Popup/Popup' is: '14636 no’lu talebiniz işleme alınmıştır. Raporunuz hazırlandığında (elogotest@gmail.com) adresinize mail gönderilecektir.
Rapor durumunuzu Raporlar > Toplu Veri İndirme ekranından takip edebilir, hazırlandı durumundaki raporlarınızı ilgili menüden indirebilirsiniz.'

2021-10-14 17:44:04 - [TEST_STEP][PASSED] - Console.println(RaporNo): null

2021-10-14 17:44:04 - [MESSAGE][PASSED] - Call Test Case 'Test Cases/Popup/PopupMesajiIceriyorMu' successfully

2021-10-14 17:44:04 - [MESSAGE][INFO] - Checking called Test Case

2021-10-14 17:44:04 - [MESSAGE][INFO] - Starting to call Test Case 'Test Cases/Popup/PopupButonSecilir'

2021-10-14 17:44:05 - [TEST_CASE][PASSED] - Test Cases/Popup/PopupButonSecilir: Test Cases/Popup/PopupButonSecilir

2021-10-14 17:44:05 - [TEST_STEP][PASSED] - Method.TextDegerineEsitElementeTikla(findTestObject("Popup/Popup_Butons"), Buton): Method.TextDegerineEsitElementeTikla is PASSED

2021-10-14 17:44:05 - [MESSAGE][INFO] - Finding Test Object 'Object Repository/Popup/Popup_Butons'

2021-10-14 17:44:05 - [MESSAGE][INFO] - Checking timeout

2021-10-14 17:44:05 - [MESSAGE][INFO] - Finding web element with id: 'Object Repository/Popup/Popup_Butons' located by 'By.cssSelector: .modal-footer>button' in '10' second(s)

2021-10-14 17:44:05 - [MESSAGE][INFO] - Smart Wait Function is triggered

2021-10-14 17:44:05 - [MESSAGE][INFO] - Found 1 web elements with id: 'Object Repository/Popup/Popup_Butons' located by 'By.cssSelector: .modal-footer>button' in '10' second(s)

2021-10-14 17:44:05 - [MESSAGE][PASSED] - Method.TextDegerineEsitElementeTikla is PASSED

2021-10-14 17:44:05 - [MESSAGE][PASSED] - Call Test Case 'Test Cases/Popup/PopupButonSecilir' successfully

2021-10-14 17:44:05 - [MESSAGE][INFO] - Checking called Test Case

2021-10-14 17:44:05 - [MESSAGE][INFO] - Starting to call Test Case 'Test Cases/Menu/AnaMenuSecimi'

2021-10-14 17:44:05 - [TEST_CASE][PASSED] - Test Cases/Menu/AnaMenuSecimi: Test Cases/Menu/AnaMenuSecimi

2021-10-14 17:44:05 - [TEST_STEP][PASSED] - Method.TextDegerineEsitElementeTikla(findTestObject("Menu/Ana_Menu"), Ana_Menu): Method.TextDegerineEsitElementeTikla is PASSED

2021-10-14 17:44:05 - [MESSAGE][INFO] - Finding Test Object 'Object Repository/Menu/Ana_Menu'

2021-10-14 17:44:05 - [MESSAGE][INFO] - Checking timeout

2021-10-14 17:44:05 - [MESSAGE][INFO] - Finding web element with id: 'Object Repository/Menu/Ana_Menu' located by 'By.xpath: //*[@class = 'dropdown-toggle']' in '10' second(s)

2021-10-14 17:44:05 - [MESSAGE][INFO] - Smart Wait Function is triggered

2021-10-14 17:44:06 - [MESSAGE][INFO] - Found 14 web elements with id: 'Object Repository/Menu/Ana_Menu' located by 'By.xpath: //*[@class = 'dropdown-toggle']' in '10' second(s)

2021-10-14 17:44:06 - [MESSAGE][PASSED] - Method.TextDegerineEsitElementeTikla is PASSED

2021-10-14 17:44:06 - [MESSAGE][PASSED] - Call Test Case 'Test Cases/Menu/AnaMenuSecimi' successfully

2021-10-14 17:44:06 - [MESSAGE][INFO] - Checking called Test Case

2021-10-14 17:44:06 - [MESSAGE][INFO] - Starting to call Test Case 'Test Cases/Menu/AltMenuSecimi'

2021-10-14 17:44:06 - [TEST_CASE][PASSED] - Test Cases/Menu/AltMenuSecimi: Test Cases/Menu/AltMenuSecimi

2021-10-14 17:44:06 - [TEST_STEP][PASSED] - Method.TextDegerineEsitElementeTikla(findTestObject("Menu/Alt_Menu"), Alt_Menu): Method.TextDegerineEsitElementeTikla is PASSED

2021-10-14 17:44:06 - [MESSAGE][INFO] - Finding Test Object 'Object Repository/Menu/Alt_Menu'

2021-10-14 17:44:06 - [MESSAGE][INFO] - Checking timeout

2021-10-14 17:44:06 - [MESSAGE][INFO] - Finding web element with id: 'Object Repository/Menu/Alt_Menu' located by 'By.xpath: //li[@class='dropdown dropdown-large open']//li[@class='dropdown-element']' in '10' second(s)

2021-10-14 17:44:06 - [MESSAGE][INFO] - Smart Wait Function is triggered

2021-10-14 17:44:06 - [MESSAGE][INFO] - Found 9 web elements with id: 'Object Repository/Menu/Alt_Menu' located by 'By.xpath: //li[@class='dropdown dropdown-large open']//li[@class='dropdown-element']' in '10' second(s)

2021-10-14 17:44:07 - [MESSAGE][PASSED] - Method.TextDegerineEsitElementeTikla is PASSED

2021-10-14 17:44:07 - [MESSAGE][PASSED] - Call Test Case 'Test Cases/Menu/AltMenuSecimi' successfully

2021-10-14 17:44:07 - [MESSAGE][INFO] - Checking called Test Case

2021-10-14 17:44:07 - [MESSAGE][INFO] - Starting to call Test Case 'Test Cases/Filtreler/RaporNoYaz'

2021-10-14 17:44:07 - [TEST_CASE][PASSED] - Test Cases/Filtreler/RaporNoYaz: Test Cases/Filtreler/RaporNoYaz

2021-10-14 17:44:07 - [TEST_STEP][PASSED] - Method.TextDegerineEsitElementinAltindakiTextboxtaYaz(findTestObject("Filtreler/Basliklar"), findTestObject("Filtreler/Basliga_Gore_Textbox"), "Talep No", RaporNo): Method.TextDegerineEsitElementinAltindakiTextboxtaYaz is PASSED

2021-10-14 17:44:07 - [MESSAGE][INFO] - Finding Test Object 'Object Repository/Filtreler/Basliklar'

2021-10-14 17:44:07 - [MESSAGE][INFO] - Finding Test Object 'Object Repository/Filtreler/Basliga_Gore_Textbox'

2021-10-14 17:44:07 - [MESSAGE][INFO] - Checking timeout

2021-10-14 17:44:07 - [MESSAGE][INFO] - Finding web element with id: 'Object Repository/Filtreler/Basliklar' located by 'By.cssSelector: .control-label.col-sm-4.paddingMarginRLC' in '10' second(s)

2021-10-14 17:44:07 - [MESSAGE][INFO] - Smart Wait Function is triggered

2021-10-14 17:44:08 - [MESSAGE][INFO] - Found 8 web elements with id: 'Object Repository/Filtreler/Basliklar' located by 'By.cssSelector: .control-label.col-sm-4.paddingMarginRLC' in '10' second(s)

2021-10-14 17:44:08 - [MESSAGE][INFO] - Smart Wait Function is triggered

2021-10-14 17:44:08 - [MESSAGE][PASSED] - Method.TextDegerineEsitElementinAltindakiTextboxtaYaz is PASSED

2021-10-14 17:44:08 - [MESSAGE][PASSED] - Call Test Case 'Test Cases/Filtreler/RaporNoYaz' successfully

2021-10-14 17:44:08 - [MESSAGE][INFO] - Checking called Test Case

2021-10-14 17:44:08 - [MESSAGE][INFO] - Starting to call Test Case 'Test Cases/Filtreler/ButonaTikla'

2021-10-14 17:44:08 - [TEST_CASE][PASSED] - Test Cases/Filtreler/ButonaTikla: Test Cases/Filtreler/ButonaTikla

2021-10-14 17:44:08 - [TEST_STEP][PASSED] - Method.TextDegerineEsitElementeTikla(findTestObject("Filtreler/Butonlar"), Filtre_Buton): Method.TextDegerineEsitElementeTikla is PASSED

2021-10-14 17:44:08 - [MESSAGE][INFO] - Finding Test Object 'Object Repository/Filtreler/Butonlar'

2021-10-14 17:44:08 - [MESSAGE][INFO] - Checking timeout

2021-10-14 17:44:08 - [MESSAGE][INFO] - Finding web element with id: 'Object Repository/Filtreler/Butonlar' located by 'By.cssSelector: .dxb>span' in '10' second(s)

2021-10-14 17:44:08 - [MESSAGE][INFO] - Smart Wait Function is triggered

2021-10-14 17:44:08 - [MESSAGE][INFO] - Found 2 web elements with id: 'Object Repository/Filtreler/Butonlar' located by 'By.cssSelector: .dxb>span' in '10' second(s)

2021-10-14 17:44:09 - [MESSAGE][PASSED] - Method.TextDegerineEsitElementeTikla is PASSED

2021-10-14 17:44:09 - [MESSAGE][PASSED] - Call Test Case 'Test Cases/Filtreler/ButonaTikla' successfully

2021-10-14 17:44:09 - [MESSAGE][INFO] - Checking called Test Case

2021-10-14 17:44:09 - [MESSAGE][INFO] - Starting to call Test Case 'Test Cases/Tablo/TablodaVeriVarMi'

2021-10-14 17:44:09 - [TEST_CASE][PASSED] - Test Cases/Tablo/TablodaVeriVarMi: Test Cases/Tablo/TablodaVeriVarMi

2021-10-14 17:44:09 - [TEST_STEP][PASSED] - verifyTextNotPresent("Görüntülenecek veri yok", true): Text 'Görüntülenecek veri yok' is not present on page using regular expression

2021-10-14 17:44:09 - [MESSAGE][INFO] - Checking text present  using regular expression

2021-10-14 17:44:09 - [MESSAGE][INFO] - Smart Wait Function is triggered

2021-10-14 17:44:13 - [MESSAGE][INFO] - Finding text 'Görüntülenecek veri yok' on page  using regular expression

2021-10-14 17:44:13 - [MESSAGE][PASSED] - Text 'Görüntülenecek veri yok' is not present on page using regular expression

2021-10-14 17:44:13 - [MESSAGE][PASSED] - Call Test Case 'Test Cases/Tablo/TablodaVeriVarMi' successfully

2021-10-14 17:44:13 - [MESSAGE][INFO] - Checking called Test Case

2021-10-14 17:44:13 - [MESSAGE][INFO] - Starting to call Test Case 'Test Cases/Kullanici_Islemleri/KullaniciIslemlerindenSecimYapilir'

2021-10-14 17:44:13 - [TEST_CASE][PASSED] - Test Cases/Kullanici_Islemleri/KullaniciIslemlerindenSecimYapilir: Test Cases/Kullanici_Islemleri/KullaniciIslemlerindenSecimYapilir

2021-10-14 17:44:13 - [TEST_STEP][PASSED] - waitForElementClickable(findTestObject("Object Repository/Kullanici_Islemleri/KullaniciIslemleri"), 10): Object 'Object Repository/Kullanici_Islemleri/KullaniciIslemleri' is clickable

2021-10-14 17:44:13 - [MESSAGE][INFO] - Finding Test Object 'Object Repository/Kullanici_Islemleri/KullaniciIslemleri'

2021-10-14 17:44:13 - [MESSAGE][INFO] - Checking object

2021-10-14 17:44:13 - [MESSAGE][INFO] - Checking timeout

2021-10-14 17:44:13 - [MESSAGE][INFO] - Finding web element from Test Object's properties

2021-10-14 17:44:13 - [MESSAGE][INFO] - Checking timeout

2021-10-14 17:44:13 - [MESSAGE][INFO] - Finding web element with id: 'Object Repository/Kullanici_Islemleri/KullaniciIslemleri' located by 'By.cssSelector: .dropdown>a>img' in '10' second(s)

2021-10-14 17:44:13 - [MESSAGE][INFO] - Smart Wait Function is triggered

2021-10-14 17:44:13 - [MESSAGE][INFO] - Found 1 web elements with id: 'Object Repository/Kullanici_Islemleri/KullaniciIslemleri' located by 'By.cssSelector: .dropdown>a>img' in '10' second(s)

2021-10-14 17:44:13 - [MESSAGE][PASSED] - Object 'Object Repository/Kullanici_Islemleri/KullaniciIslemleri' is clickable

2021-10-14 17:44:13 - [TEST_STEP][PASSED] - click(findTestObject("Object Repository/Kullanici_Islemleri/KullaniciIslemleri")): Object: 'Object Repository/Kullanici_Islemleri/KullaniciIslemleri' is clicked on

2021-10-14 17:44:13 - [MESSAGE][INFO] - Finding Test Object 'Object Repository/Kullanici_Islemleri/KullaniciIslemleri'

2021-10-14 17:44:13 - [MESSAGE][INFO] - Checking object

2021-10-14 17:44:13 - [MESSAGE][INFO] - Finding web element from Test Object's properties

2021-10-14 17:44:13 - [MESSAGE][INFO] - Checking timeout

2021-10-14 17:44:13 - [MESSAGE][INFO] - Finding web element with id: 'Object Repository/Kullanici_Islemleri/KullaniciIslemleri' located by 'By.cssSelector: .dropdown>a>img' in '30' second(s)

2021-10-14 17:44:13 - [MESSAGE][INFO] - Smart Wait Function is triggered

2021-10-14 17:44:14 - [MESSAGE][INFO] - Found 1 web elements with id: 'Object Repository/Kullanici_Islemleri/KullaniciIslemleri' located by 'By.cssSelector: .dropdown>a>img' in '30' second(s)

2021-10-14 17:44:14 - [MESSAGE][INFO] - Clicking on object: 'Object Repository/Kullanici_Islemleri/KullaniciIslemleri'

2021-10-14 17:44:14 - [MESSAGE][PASSED] - Object: 'Object Repository/Kullanici_Islemleri/KullaniciIslemleri' is clicked on

2021-10-14 17:44:14 - [TEST_STEP][PASSED] - Method.TextDegerineEsitElementeTikla(findTestObject("Object Repository/Kullanici_Islemleri/Secenekler"), Islem): Method.TextDegerineEsitElementeTikla is PASSED

2021-10-14 17:44:14 - [MESSAGE][INFO] - Finding Test Object 'Object Repository/Kullanici_Islemleri/Secenekler'

2021-10-14 17:44:14 - [MESSAGE][INFO] - Checking timeout

2021-10-14 17:44:14 - [MESSAGE][INFO] - Finding web element with id: 'Object Repository/Kullanici_Islemleri/Secenekler' located by 'By.cssSelector: .nav.navbar-nav.navbar-right li a' in '10' second(s)

2021-10-14 17:44:14 - [MESSAGE][INFO] - Smart Wait Function is triggered

2021-10-14 17:44:14 - [MESSAGE][INFO] - Found 22 web elements with id: 'Object Repository/Kullanici_Islemleri/Secenekler' located by 'By.cssSelector: .nav.navbar-nav.navbar-right li a' in '10' second(s)

2021-10-14 17:44:15 - [MESSAGE][PASSED] - Method.TextDegerineEsitElementeTikla is PASSED

2021-10-14 17:44:15 - [TEST_STEP][PASSED] - verifyElementNotPresent(findTestObject("Object Repository/Kullanici_Islemleri/Secenekler"), 10): Web element with id: 'Object Repository/Kullanici_Islemleri/Secenekler' located by 'By.cssSelector: .nav.navbar-nav.navbar-right li a' is not present after '10' second(s)

2021-10-14 17:44:15 - [MESSAGE][INFO] - Finding Test Object 'Object Repository/Kullanici_Islemleri/Secenekler'

2021-10-14 17:44:15 - [MESSAGE][INFO] - Checking object

2021-10-14 17:44:15 - [MESSAGE][INFO] - Checking timeout

2021-10-14 17:44:15 - [MESSAGE][INFO] - Finding web element with id: 'Object Repository/Kullanici_Islemleri/Secenekler' located by 'By.cssSelector: .nav.navbar-nav.navbar-right li a' in '10' second(s)

2021-10-14 17:44:15 - [MESSAGE][INFO] - Smart Wait Function is triggered

2021-10-14 17:44:16 - [MESSAGE][PASSED] - Web element with id: 'Object Repository/Kullanici_Islemleri/Secenekler' located by 'By.cssSelector: .nav.navbar-nav.navbar-right li a' is not present after '10' second(s)

2021-10-14 17:44:16 - [MESSAGE][PASSED] - Call Test Case 'Test Cases/Kullanici_Islemleri/KullaniciIslemlerindenSecimYapilir' successfully

2021-10-14 17:44:16 - [TEST_CASE][PASSED] - Start Test Case : SCENARIO Giden Zarf excele aktar: SCENARIO Giden Zarf excele aktar

2021-10-14 17:44:16 - [TEST_STEP][PASSED] - Kullanıcı adı ELOGO6 ve Şifre 123456 olarak giriş yapılır: Kullanıcı adı ELOGO6 ve Şifre 123456 olarak giriş yapılır

2021-10-14 17:44:16 - [MESSAGE][PASSED] - Kullanıcı adı ELOGO6 ve Şifre 123456 olarak giriş yapılır

2021-10-14 17:44:16 - [TEST_STEP][PASSED] - Ana menüden Zarflar seçilir: Ana menüden Zarflar seçilir

2021-10-14 17:44:16 - [MESSAGE][PASSED] - Ana menüden Zarflar seçilir

2021-10-14 17:44:16 - [TEST_STEP][PASSED] - Alt menüden Giden Zarflar seçilir: Alt menüden Giden Zarflar seçilir

2021-10-14 17:44:16 - [MESSAGE][PASSED] - Alt menüden Giden Zarflar seçilir

2021-10-14 17:44:16 - [TEST_STEP][PASSED] - Filtrelerden Oluşturma Tarihi filtresine 01.12.2020 baslangic degerini yaz: Filtrelerden Oluşturma Tarihi filtresine 01.12.2020 baslangic degerini yaz

2021-10-14 17:44:16 - [MESSAGE][PASSED] - Filtrelerden Oluşturma Tarihi filtresine 01.12.2020 baslangic degerini yaz

2021-10-14 17:44:16 - [TEST_STEP][PASSED] - Filtrelerden Oluşturma Tarihi filtresine 31.12.2020 bitis degerini yaz: Filtrelerden Oluşturma Tarihi filtresine 31.12.2020 bitis degerini yaz

2021-10-14 17:44:16 - [MESSAGE][PASSED] - Filtrelerden Oluşturma Tarihi filtresine 31.12.2020 bitis degerini yaz

2021-10-14 17:44:16 - [TEST_STEP][PASSED] - Filtre butonlarından Listele seçilir: Filtre butonlarından Listele seçilir

2021-10-14 17:44:16 - [MESSAGE][PASSED] - Filtre butonlarından Listele seçilir

2021-10-14 17:44:16 - [TEST_STEP][PASSED] - Tabloda veri var mı kontrol edilir: Tabloda veri var mı kontrol edilir

2021-10-14 17:44:16 - [MESSAGE][PASSED] - Tabloda veri var mı kontrol edilir

2021-10-14 17:44:16 - [TEST_STEP][PASSED] - Tablodan Test Kurum 6 isimli veri seçilir: Tablodan Test Kurum 6 isimli veri seçilir

2021-10-14 17:44:16 - [MESSAGE][PASSED] - Tablodan Test Kurum 6 isimli veri seçilir

2021-10-14 17:44:16 - [TEST_STEP][PASSED] - Butonlardan Excel isimli butona tıklanır: Butonlardan Excel isimli butona tıklanır

2021-10-14 17:44:16 - [MESSAGE][PASSED] - Butonlardan Excel isimli butona tıklanır

2021-10-14 17:44:16 - [TEST_STEP][PASSED] - Alt butonlardan Seçilenleri Excel'e Aktar butonuna tıklanır: Alt butonlardan Seçilenleri Excel'e Aktar butonuna tıklanır

2021-10-14 17:44:16 - [MESSAGE][PASSED] - Alt butonlardan Seçilenleri Excel'e Aktar butonuna tıklanır

2021-10-14 17:44:16 - [TEST_STEP][PASSED] - Popup mesajı Lütfen rapor bildiriminin gönderileceği e-posta adresini belirtiniz. içeriyor mu: Popup mesajı Lütfen rapor bildiriminin gönderileceği e-posta adresini belirtiniz. içeriyor mu

2021-10-14 17:44:16 - [MESSAGE][PASSED] - Popup mesajı Lütfen rapor bildiriminin gönderileceği e-posta adresini belirtiniz. içeriyor mu

2021-10-14 17:44:16 - [TEST_STEP][PASSED] - Yönetim popupında Gönder seçilir: Yönetim popupında Gönder seçilir

2021-10-14 17:44:16 - [MESSAGE][PASSED] - Yönetim popupında Gönder seçilir

2021-10-14 17:44:16 - [TEST_STEP][PASSED] - Popup mesajı Toplu Veri İndirme içeriyor mu: Popup mesajı Toplu Veri İndirme içeriyor mu

2021-10-14 17:44:16 - [MESSAGE][PASSED] - Popup mesajı Toplu Veri İndirme içeriyor mu

2021-10-14 17:44:16 - [TEST_STEP][PASSED] - Yönetim popupında Tamam seçilir: Yönetim popupında Tamam seçilir

2021-10-14 17:44:16 - [MESSAGE][PASSED] - Yönetim popupında Tamam seçilir

2021-10-14 17:44:16 - [TEST_STEP][PASSED] - Butonlardan Excel isimli butona tıklanır: Butonlardan Excel isimli butona tıklanır

2021-10-14 17:44:16 - [MESSAGE][PASSED] - Butonlardan Excel isimli butona tıklanır

2021-10-14 17:44:16 - [TEST_STEP][PASSED] - Alt butonlardan Tümünü Excel'e Aktar butonuna tıklanır: Alt butonlardan Tümünü Excel'e Aktar butonuna tıklanır

2021-10-14 17:44:16 - [MESSAGE][PASSED] - Alt butonlardan Tümünü Excel'e Aktar butonuna tıklanır

2021-10-14 17:44:16 - [TEST_STEP][PASSED] - Popup mesajı Lütfen rapor bildiriminin gönderileceği e-posta adresini belirtiniz. içeriyor mu: Popup mesajı Lütfen rapor bildiriminin gönderileceği e-posta adresini belirtiniz. içeriyor mu

2021-10-14 17:44:16 - [MESSAGE][PASSED] - Popup mesajı Lütfen rapor bildiriminin gönderileceği e-posta adresini belirtiniz. içeriyor mu

2021-10-14 17:44:16 - [TEST_STEP][PASSED] - Yönetim popupında Gönder seçilir: Yönetim popupında Gönder seçilir

2021-10-14 17:44:16 - [MESSAGE][PASSED] - Yönetim popupında Gönder seçilir

2021-10-14 17:44:16 - [TEST_STEP][PASSED] - Popup mesajı Toplu Veri İndirme içeriyor mu: Popup mesajı Toplu Veri İndirme içeriyor mu

2021-10-14 17:44:16 - [MESSAGE][PASSED] - Popup mesajı Toplu Veri İndirme içeriyor mu

2021-10-14 17:44:16 - [TEST_STEP][PASSED] - Yönetim popupında Tamam seçilir: Yönetim popupında Tamam seçilir

2021-10-14 17:44:16 - [MESSAGE][PASSED] - Yönetim popupında Tamam seçilir

2021-10-14 17:44:16 - [TEST_STEP][PASSED] - Ana menüden Raporlar seçilir: Ana menüden Raporlar seçilir

2021-10-14 17:44:16 - [MESSAGE][PASSED] - Ana menüden Raporlar seçilir

2021-10-14 17:44:16 - [TEST_STEP][PASSED] - Alt menüden Toplu Veri İndirme seçilir: Alt menüden Toplu Veri İndirme seçilir

2021-10-14 17:44:16 - [MESSAGE][PASSED] - Alt menüden Toplu Veri İndirme seçilir

2021-10-14 17:44:16 - [TEST_STEP][PASSED] - Filtrelerden Talep No filtresine Rapor No bilgisi yaz: Filtrelerden Talep No filtresine Rapor No bilgisi yaz

2021-10-14 17:44:16 - [MESSAGE][PASSED] - Filtrelerden Talep No filtresine Rapor No bilgisi yaz

2021-10-14 17:44:16 - [TEST_STEP][PASSED] - Filtre butonlarından Listele seçilir: Filtre butonlarından Listele seçilir

2021-10-14 17:44:16 - [MESSAGE][PASSED] - Filtre butonlarından Listele seçilir

2021-10-14 17:44:16 - [TEST_STEP][PASSED] - Tabloda veri var mı kontrol edilir: Tabloda veri var mı kontrol edilir

2021-10-14 17:44:16 - [MESSAGE][PASSED] - Tabloda veri var mı kontrol edilir

2021-10-14 17:44:16 - [TEST_STEP][PASSED] - Kullanıcı işlemlerinden Çıkış seçilir: Kullanıcı işlemlerinden Çıkış seçilir

2021-10-14 17:44:16 - [MESSAGE][PASSED] - Kullanıcı işlemlerinden Çıkış seçilir

2021-10-14 17:44:16 - [MESSAGE][PASSED] - Feature file: 'Include/features/Zarflar/Giden Zarflar/Secilenleri Excele Aktar.feature' was passed

2021-10-14 17:44:16 - [TEST_STEP][PASSED] - Start listener action : sampleAfterTestSuite: Invoke 'com.kms.katalon.core.annotation.AfterTestCase' method: 'Listener.sampleAfterTestSuite(...)' completed.

2021-10-14 17:44:16 - [MESSAGE][INFO] - Starting invoke 'com.kms.katalon.core.annotation.AfterTestCase' method: 'Listener.sampleAfterTestSuite(...)'

2021-10-14 17:44:16 - [TEST_STEP][PASSED] - closeBrowser(): Invoke 'com.kms.katalon.core.annotation.AfterTestCase' method: 'Listener.sampleAfterTestSuite(...)' completed.

2021-10-14 17:44:16 - [MESSAGE][INFO] - Closing browser

2021-10-14 17:44:16 - [MESSAGE][PASSED] - Browser is closed

2021-10-14 17:44:16 - [MESSAGE][INFO] - Invoke 'com.kms.katalon.core.annotation.AfterTestCase' method: 'Listener.sampleAfterTestSuite(...)' completed.]]></system-out>
         <system-err><![CDATA[]]></system-err>
      </testcase>
      <testcase name="Test Cases/Case Repository/Zarflar/Giden Zarflar/Toplu Indirme" time="50.889" classname="Test Cases/Case Repository/Zarflar/Giden Zarflar/Toplu Indirme" status="PASSED">
         <system-out><![CDATA[2021-10-14 17:44:16 - [TEST_CASE][PASSED] - Test Cases/Case Repository/Zarflar/Giden Zarflar/Toplu Indirme: Test Cases/Case Repository/Zarflar/Giden Zarflar/Toplu Indirme

2021-10-14 17:44:16 - [TEST_STEP][PASSED] - Start listener action : sampleBeforeTestSuite: Invoke 'com.kms.katalon.core.annotation.BeforeTestCase' method: 'Listener.sampleBeforeTestSuite(...)' completed.

2021-10-14 17:44:16 - [MESSAGE][INFO] - Starting invoke 'com.kms.katalon.core.annotation.BeforeTestCase' method: 'Listener.sampleBeforeTestSuite(...)'

2021-10-14 17:44:16 - [TEST_STEP][PASSED] - openBrowser(baseUrl): Browser is opened with url: 'https://efatura-stage.elogo.com.tr/'

2021-10-14 17:44:16 - [MESSAGE][INFO] - Opening browser

2021-10-14 17:44:16 - [MESSAGE][INFO] - Starting 'Chrome' driver

2021-10-14 17:44:16 - [MESSAGE][INFO] - User set preference: ['prefs', '{download.default_directory=C:\otomasyondownfiles}']

2021-10-14 17:44:16 - [MESSAGE][INFO] - Action delay is set to 0 milliseconds

2021-10-14 17:44:17 - [MESSAGE][INFO] - Navigating browser to: 'https://efatura-stage.elogo.com.tr/'

2021-10-14 17:44:19 - [MESSAGE][PASSED] - Browser is opened with url: 'https://efatura-stage.elogo.com.tr/'

2021-10-14 17:44:19 - [TEST_STEP][PASSED] - maximizeWindow(): Invoke 'com.kms.katalon.core.annotation.BeforeTestCase' method: 'Listener.sampleBeforeTestSuite(...)' completed.

2021-10-14 17:44:19 - [MESSAGE][INFO] - Maximizing current window

2021-10-14 17:44:19 - [MESSAGE][PASSED] - Current window maximized

2021-10-14 17:44:19 - [MESSAGE][INFO] - Invoke 'com.kms.katalon.core.annotation.BeforeTestCase' method: 'Listener.sampleBeforeTestSuite(...)' completed.

2021-10-14 17:44:20 - [TEST_STEP][PASSED] - runFeatureFile("Include/features/Zarflar/Giden Zarflar/Toplu Indirme.feature"): Feature file: 'Include/features/Zarflar/Giden Zarflar/Toplu Indirme.feature' was passed

2021-10-14 17:44:20 - [MESSAGE][INFO] - Starting run keyword runFeatureFile: 'Include/features/Zarflar/Giden Zarflar/Toplu Indirme.feature' and extract report to folder: 'C:\Users\DELL\Downloads\EES_Katalon-main\Reports\20211014_170112\Suite Repository\ExceleAktarVeTopluIndirme\20211014_170125/cucumber_report/1634222660282'...

2021-10-14 17:44:20 - [MESSAGE][INFO] - Glue: []

2021-10-14 17:44:20 - [MESSAGE][INFO] - Checking called Test Case

2021-10-14 17:44:20 - [MESSAGE][INFO] - Starting to call Test Case 'Test Cases/Sayfalar/Giris_Sayfasi/Login'

2021-10-14 17:44:20 - [TEST_CASE][PASSED] - Test Cases/Sayfalar/Giris_Sayfasi/Login: Test Cases/Sayfalar/Giris_Sayfasi/Login

2021-10-14 17:44:20 - [TEST_STEP][PASSED] - Sayfa_Basligi = getWindowTitle(): Current window's title is: 'LOGO e-Fatura'

2021-10-14 17:44:20 - [MESSAGE][INFO] - Getting current window's title

2021-10-14 17:44:20 - [MESSAGE][PASSED] - Current window's title is: 'LOGO e-Fatura'

2021-10-14 17:44:20 - [TEST_STEP][PASSED] - verifyMatch(Sayfa_Basligi, "LOGO e-Fatura", false): Actual text 'LOGO e-Fatura' and expected text 'LOGO e-Fatura' are matched 

2021-10-14 17:44:20 - [MESSAGE][INFO] - Matching actual text 'LOGO e-Fatura' with expected text 'LOGO e-Fatura'

2021-10-14 17:44:20 - [MESSAGE][PASSED] - Actual text 'LOGO e-Fatura' and expected text 'LOGO e-Fatura' are matched 

2021-10-14 17:44:20 - [TEST_STEP][PASSED] - sendKeys(findTestObject("Sayfalar/Giris_Sayfasi/Firma_Kodu"), KullaniciAdi): Keys 'ELOGO6' sent to object: 'Object Repository/Sayfalar/Giris_Sayfasi/Firma_Kodu'

2021-10-14 17:44:20 - [MESSAGE][INFO] - Finding Test Object 'Object Repository/Sayfalar/Giris_Sayfasi/Firma_Kodu'

2021-10-14 17:44:20 - [MESSAGE][INFO] - Sending keys 'ELOGO6' to object: 'Object Repository/Sayfalar/Giris_Sayfasi/Firma_Kodu'

2021-10-14 17:44:20 - [MESSAGE][INFO] - Finding web element from Test Object's properties

2021-10-14 17:44:20 - [MESSAGE][INFO] - Checking timeout

2021-10-14 17:44:20 - [MESSAGE][INFO] - Finding web element with id: 'Object Repository/Sayfalar/Giris_Sayfasi/Firma_Kodu' located by 'By.xpath: //*[@id = 'AccountName']' in '30' second(s)

2021-10-14 17:44:20 - [MESSAGE][INFO] - Smart Wait Function is triggered

2021-10-14 17:44:21 - [MESSAGE][INFO] - Found 1 web elements with id: 'Object Repository/Sayfalar/Giris_Sayfasi/Firma_Kodu' located by 'By.xpath: //*[@id = 'AccountName']' in '30' second(s)

2021-10-14 17:44:21 - [MESSAGE][PASSED] - Keys 'ELOGO6' sent to object: 'Object Repository/Sayfalar/Giris_Sayfasi/Firma_Kodu'

2021-10-14 17:44:21 - [TEST_STEP][PASSED] - sendKeys(findTestObject("Sayfalar/Giris_Sayfasi/Sifre"), Sifre): Keys '123456' sent to object: 'Object Repository/Sayfalar/Giris_Sayfasi/Sifre'

2021-10-14 17:44:21 - [MESSAGE][INFO] - Finding Test Object 'Object Repository/Sayfalar/Giris_Sayfasi/Sifre'

2021-10-14 17:44:21 - [MESSAGE][INFO] - Sending keys '123456' to object: 'Object Repository/Sayfalar/Giris_Sayfasi/Sifre'

2021-10-14 17:44:21 - [MESSAGE][INFO] - Finding web element from Test Object's properties

2021-10-14 17:44:21 - [MESSAGE][INFO] - Checking timeout

2021-10-14 17:44:21 - [MESSAGE][INFO] - Finding web element with id: 'Object Repository/Sayfalar/Giris_Sayfasi/Sifre' located by 'By.xpath: //*[@id = 'Password']' in '30' second(s)

2021-10-14 17:44:21 - [MESSAGE][INFO] - Smart Wait Function is triggered

2021-10-14 17:44:21 - [MESSAGE][INFO] - Found 1 web elements with id: 'Object Repository/Sayfalar/Giris_Sayfasi/Sifre' located by 'By.xpath: //*[@id = 'Password']' in '30' second(s)

2021-10-14 17:44:21 - [MESSAGE][PASSED] - Keys '123456' sent to object: 'Object Repository/Sayfalar/Giris_Sayfasi/Sifre'

2021-10-14 17:44:21 - [TEST_STEP][PASSED] - findWebElement(findTestObject("Sayfalar/Giris_Sayfasi/Giris_Butonu")).click(): Found 1 web elements with id: 'Object Repository/Sayfalar/Giris_Sayfasi/Giris_Butonu' located by 'By.cssSelector: #btnLogin' in '30' second(s)

2021-10-14 17:44:21 - [MESSAGE][INFO] - Finding Test Object 'Object Repository/Sayfalar/Giris_Sayfasi/Giris_Butonu'

2021-10-14 17:44:21 - [MESSAGE][INFO] - Finding web element from Test Object's properties

2021-10-14 17:44:21 - [MESSAGE][INFO] - Checking timeout

2021-10-14 17:44:21 - [MESSAGE][INFO] - Finding web element with id: 'Object Repository/Sayfalar/Giris_Sayfasi/Giris_Butonu' located by 'By.cssSelector: #btnLogin' in '30' second(s)

2021-10-14 17:44:21 - [MESSAGE][INFO] - Smart Wait Function is triggered

2021-10-14 17:44:21 - [MESSAGE][INFO] - Found 1 web elements with id: 'Object Repository/Sayfalar/Giris_Sayfasi/Giris_Butonu' located by 'By.cssSelector: #btnLogin' in '30' second(s)

2021-10-14 17:44:24 - [TEST_STEP][PASSED] - if (verifyElementPresent(findTestObject("Object Repository/Sayfalar/Giris_Sayfasi/RetveTamam_Butonu"), 5, OPTIONAL)): null

2021-10-14 17:44:24 - [MESSAGE][INFO] - Finding Test Object 'Object Repository/Sayfalar/Giris_Sayfasi/RetveTamam_Butonu'

2021-10-14 17:44:24 - [MESSAGE][INFO] - Checking object

2021-10-14 17:44:24 - [MESSAGE][INFO] - Finding web element from Test Object's properties

2021-10-14 17:44:24 - [MESSAGE][INFO] - Checking timeout

2021-10-14 17:44:24 - [MESSAGE][INFO] - Finding web element with id: 'Object Repository/Sayfalar/Giris_Sayfasi/RetveTamam_Butonu' located by 'By.xpath: //*[@class = 'btn btn-default']' in '5' second(s)

2021-10-14 17:44:24 - [MESSAGE][INFO] - Smart Wait Function is triggered

2021-10-14 17:44:24 - [MESSAGE][INFO] - Found 1 web elements with id: 'Object Repository/Sayfalar/Giris_Sayfasi/RetveTamam_Butonu' located by 'By.xpath: //*[@class = 'btn btn-default']' in '5' second(s)

2021-10-14 17:44:24 - [MESSAGE][PASSED] - Object 'Object Repository/Sayfalar/Giris_Sayfasi/RetveTamam_Butonu' is present

2021-10-14 17:44:24 - [TEST_STEP][PASSED] - click(findTestObject("Object Repository/Sayfalar/Giris_Sayfasi/RetveTamam_Butonu")): Object: 'Object Repository/Sayfalar/Giris_Sayfasi/RetveTamam_Butonu' is clicked on

2021-10-14 17:44:24 - [MESSAGE][INFO] - Finding Test Object 'Object Repository/Sayfalar/Giris_Sayfasi/RetveTamam_Butonu'

2021-10-14 17:44:24 - [MESSAGE][INFO] - Checking object

2021-10-14 17:44:24 - [MESSAGE][INFO] - Finding web element from Test Object's properties

2021-10-14 17:44:24 - [MESSAGE][INFO] - Checking timeout

2021-10-14 17:44:24 - [MESSAGE][INFO] - Finding web element with id: 'Object Repository/Sayfalar/Giris_Sayfasi/RetveTamam_Butonu' located by 'By.xpath: //*[@class = 'btn btn-default']' in '30' second(s)

2021-10-14 17:44:24 - [MESSAGE][INFO] - Smart Wait Function is triggered

2021-10-14 17:44:25 - [MESSAGE][INFO] - Found 1 web elements with id: 'Object Repository/Sayfalar/Giris_Sayfasi/RetveTamam_Butonu' located by 'By.xpath: //*[@class = 'btn btn-default']' in '30' second(s)

2021-10-14 17:44:25 - [MESSAGE][INFO] - Clicking on object: 'Object Repository/Sayfalar/Giris_Sayfasi/RetveTamam_Butonu'

2021-10-14 17:44:25 - [MESSAGE][PASSED] - Object: 'Object Repository/Sayfalar/Giris_Sayfasi/RetveTamam_Butonu' is clicked on

2021-10-14 17:44:25 - [TEST_STEP][PASSED] - click(findTestObject("Object Repository/Sayfalar/Giris_Sayfasi/RetveTamam_Butonu")): Object: 'Object Repository/Sayfalar/Giris_Sayfasi/RetveTamam_Butonu' is clicked on

2021-10-14 17:44:25 - [MESSAGE][INFO] - Finding Test Object 'Object Repository/Sayfalar/Giris_Sayfasi/RetveTamam_Butonu'

2021-10-14 17:44:25 - [MESSAGE][INFO] - Checking object

2021-10-14 17:44:25 - [MESSAGE][INFO] - Finding web element from Test Object's properties

2021-10-14 17:44:25 - [MESSAGE][INFO] - Checking timeout

2021-10-14 17:44:25 - [MESSAGE][INFO] - Finding web element with id: 'Object Repository/Sayfalar/Giris_Sayfasi/RetveTamam_Butonu' located by 'By.xpath: //*[@class = 'btn btn-default']' in '30' second(s)

2021-10-14 17:44:25 - [MESSAGE][INFO] - Smart Wait Function is triggered

2021-10-14 17:44:32 - [MESSAGE][INFO] - Found 1 web elements with id: 'Object Repository/Sayfalar/Giris_Sayfasi/RetveTamam_Butonu' located by 'By.xpath: //*[@class = 'btn btn-default']' in '30' second(s)

2021-10-14 17:44:32 - [MESSAGE][INFO] - Clicking on object: 'Object Repository/Sayfalar/Giris_Sayfasi/RetveTamam_Butonu'

2021-10-14 17:44:32 - [MESSAGE][PASSED] - Object: 'Object Repository/Sayfalar/Giris_Sayfasi/RetveTamam_Butonu' is clicked on

2021-10-14 17:44:32 - [TEST_STEP][PASSED] - if (verifyElementPresent(findTestObject("Sayfalar/Giris_Sayfasi/PopupOK"), 5, OPTIONAL)): null

2021-10-14 17:44:32 - [MESSAGE][INFO] - Finding Test Object 'Object Repository/Sayfalar/Giris_Sayfasi/PopupOK'

2021-10-14 17:44:32 - [MESSAGE][INFO] - Checking object

2021-10-14 17:44:32 - [MESSAGE][INFO] - Finding web element from Test Object's properties

2021-10-14 17:44:32 - [MESSAGE][INFO] - Checking timeout

2021-10-14 17:44:32 - [MESSAGE][INFO] - Finding web element with id: 'Object Repository/Sayfalar/Giris_Sayfasi/PopupOK' located by 'By.cssSelector: .btn.btn-success' in '5' second(s)

2021-10-14 17:44:32 - [MESSAGE][INFO] - Smart Wait Function is triggered

2021-10-14 17:44:33 - [MESSAGE][INFO] - Found 1 web elements with id: 'Object Repository/Sayfalar/Giris_Sayfasi/PopupOK' located by 'By.cssSelector: .btn.btn-success' in '5' second(s)

2021-10-14 17:44:33 - [MESSAGE][PASSED] - Object 'Object Repository/Sayfalar/Giris_Sayfasi/PopupOK' is present

2021-10-14 17:44:33 - [TEST_STEP][PASSED] - click(findTestObject("Object Repository/Sayfalar/Giris_Sayfasi/PopupCarpiGiris")): Object: 'Object Repository/Sayfalar/Giris_Sayfasi/PopupCarpiGiris' is clicked on

2021-10-14 17:44:33 - [MESSAGE][INFO] - Finding Test Object 'Object Repository/Sayfalar/Giris_Sayfasi/PopupCarpiGiris'

2021-10-14 17:44:33 - [MESSAGE][INFO] - Checking object

2021-10-14 17:44:33 - [MESSAGE][INFO] - Finding web element from Test Object's properties

2021-10-14 17:44:33 - [MESSAGE][INFO] - Checking timeout

2021-10-14 17:44:33 - [MESSAGE][INFO] - Finding web element with id: 'Object Repository/Sayfalar/Giris_Sayfasi/PopupCarpiGiris' located by 'By.cssSelector: .bootbox-close-button.close' in '30' second(s)

2021-10-14 17:44:33 - [MESSAGE][INFO] - Smart Wait Function is triggered

2021-10-14 17:44:33 - [MESSAGE][INFO] - Found 1 web elements with id: 'Object Repository/Sayfalar/Giris_Sayfasi/PopupCarpiGiris' located by 'By.cssSelector: .bootbox-close-button.close' in '30' second(s)

2021-10-14 17:44:33 - [MESSAGE][INFO] - Clicking on object: 'Object Repository/Sayfalar/Giris_Sayfasi/PopupCarpiGiris'

2021-10-14 17:44:33 - [MESSAGE][PASSED] - Object: 'Object Repository/Sayfalar/Giris_Sayfasi/PopupCarpiGiris' is clicked on

2021-10-14 17:44:33 - [TEST_STEP][PASSED] - verifyElementVisible(findTestObject("Object Repository/Kullanici_Islemleri/KullaniciIslemleri")): Object 'Object Repository/Kullanici_Islemleri/KullaniciIslemleri' is visible

2021-10-14 17:44:33 - [MESSAGE][INFO] - Finding Test Object 'Object Repository/Kullanici_Islemleri/KullaniciIslemleri'

2021-10-14 17:44:33 - [MESSAGE][INFO] - Checking object

2021-10-14 17:44:33 - [MESSAGE][INFO] - Finding web element from Test Object's properties

2021-10-14 17:44:33 - [MESSAGE][INFO] - Checking timeout

2021-10-14 17:44:33 - [MESSAGE][INFO] - Finding web element with id: 'Object Repository/Kullanici_Islemleri/KullaniciIslemleri' located by 'By.cssSelector: .dropdown>a>img' in '30' second(s)

2021-10-14 17:44:33 - [MESSAGE][INFO] - Smart Wait Function is triggered

2021-10-14 17:44:34 - [MESSAGE][INFO] - Found 1 web elements with id: 'Object Repository/Kullanici_Islemleri/KullaniciIslemleri' located by 'By.cssSelector: .dropdown>a>img' in '30' second(s)

2021-10-14 17:44:34 - [MESSAGE][PASSED] - Object 'Object Repository/Kullanici_Islemleri/KullaniciIslemleri' is visible

2021-10-14 17:44:34 - [MESSAGE][PASSED] - Call Test Case 'Test Cases/Sayfalar/Giris_Sayfasi/Login' successfully

2021-10-14 17:44:34 - [MESSAGE][INFO] - Checking called Test Case

2021-10-14 17:44:34 - [MESSAGE][INFO] - Starting to call Test Case 'Test Cases/Menu/AnaMenuSecimi'

2021-10-14 17:44:34 - [TEST_CASE][PASSED] - Test Cases/Menu/AnaMenuSecimi: Test Cases/Menu/AnaMenuSecimi

2021-10-14 17:44:34 - [TEST_STEP][PASSED] - Method.TextDegerineEsitElementeTikla(findTestObject("Menu/Ana_Menu"), Ana_Menu): Method.TextDegerineEsitElementeTikla is PASSED

2021-10-14 17:44:34 - [MESSAGE][INFO] - Finding Test Object 'Object Repository/Menu/Ana_Menu'

2021-10-14 17:44:34 - [MESSAGE][INFO] - Checking timeout

2021-10-14 17:44:34 - [MESSAGE][INFO] - Finding web element with id: 'Object Repository/Menu/Ana_Menu' located by 'By.xpath: //*[@class = 'dropdown-toggle']' in '10' second(s)

2021-10-14 17:44:34 - [MESSAGE][INFO] - Smart Wait Function is triggered

2021-10-14 17:44:34 - [MESSAGE][INFO] - Found 14 web elements with id: 'Object Repository/Menu/Ana_Menu' located by 'By.xpath: //*[@class = 'dropdown-toggle']' in '10' second(s)

2021-10-14 17:44:34 - [MESSAGE][PASSED] - Method.TextDegerineEsitElementeTikla is PASSED

2021-10-14 17:44:34 - [MESSAGE][PASSED] - Call Test Case 'Test Cases/Menu/AnaMenuSecimi' successfully

2021-10-14 17:44:34 - [MESSAGE][INFO] - Checking called Test Case

2021-10-14 17:44:34 - [MESSAGE][INFO] - Starting to call Test Case 'Test Cases/Menu/AltMenuSecimi'

2021-10-14 17:44:34 - [TEST_CASE][PASSED] - Test Cases/Menu/AltMenuSecimi: Test Cases/Menu/AltMenuSecimi

2021-10-14 17:44:34 - [TEST_STEP][PASSED] - Method.TextDegerineEsitElementeTikla(findTestObject("Menu/Alt_Menu"), Alt_Menu): Method.TextDegerineEsitElementeTikla is PASSED

2021-10-14 17:44:34 - [MESSAGE][INFO] - Finding Test Object 'Object Repository/Menu/Alt_Menu'

2021-10-14 17:44:35 - [MESSAGE][INFO] - Checking timeout

2021-10-14 17:44:35 - [MESSAGE][INFO] - Finding web element with id: 'Object Repository/Menu/Alt_Menu' located by 'By.xpath: //li[@class='dropdown dropdown-large open']//li[@class='dropdown-element']' in '10' second(s)

2021-10-14 17:44:35 - [MESSAGE][INFO] - Smart Wait Function is triggered

2021-10-14 17:44:35 - [MESSAGE][INFO] - Found 2 web elements with id: 'Object Repository/Menu/Alt_Menu' located by 'By.xpath: //li[@class='dropdown dropdown-large open']//li[@class='dropdown-element']' in '10' second(s)

2021-10-14 17:44:37 - [MESSAGE][PASSED] - Method.TextDegerineEsitElementeTikla is PASSED

2021-10-14 17:44:37 - [MESSAGE][PASSED] - Call Test Case 'Test Cases/Menu/AltMenuSecimi' successfully

2021-10-14 17:44:37 - [MESSAGE][INFO] - Checking called Test Case

2021-10-14 17:44:37 - [MESSAGE][INFO] - Starting to call Test Case 'Test Cases/Filtreler/BaslangicYaz'

2021-10-14 17:44:37 - [TEST_CASE][PASSED] - Test Cases/Filtreler/BaslangicYaz: Test Cases/Filtreler/BaslangicYaz

2021-10-14 17:44:37 - [TEST_STEP][PASSED] - Method.TextDegerineEsitElementinAltindakineTikla(findTestObject("Filtreler/Basliklar"), findTestObject("Filtreler/Basliga_Gore_Baslangic_Image"), Filtre_Adi): Method.TextDegerineEsitElementinAltindakineTikla is PASSED

2021-10-14 17:44:37 - [MESSAGE][INFO] - Finding Test Object 'Object Repository/Filtreler/Basliklar'

2021-10-14 17:44:37 - [MESSAGE][INFO] - Finding Test Object 'Object Repository/Filtreler/Basliga_Gore_Baslangic_Image'

2021-10-14 17:44:37 - [MESSAGE][INFO] - Checking timeout

2021-10-14 17:44:37 - [MESSAGE][INFO] - Finding web element with id: 'Object Repository/Filtreler/Basliklar' located by 'By.cssSelector: .control-label.col-sm-4.paddingMarginRLC' in '10' second(s)

2021-10-14 17:44:37 - [MESSAGE][INFO] - Smart Wait Function is triggered

2021-10-14 17:44:37 - [MESSAGE][INFO] - Found 8 web elements with id: 'Object Repository/Filtreler/Basliklar' located by 'By.cssSelector: .control-label.col-sm-4.paddingMarginRLC' in '10' second(s)

2021-10-14 17:44:37 - [MESSAGE][INFO] - Smart Wait Function is triggered

2021-10-14 17:44:38 - [MESSAGE][PASSED] - Method.TextDegerineEsitElementinAltindakineTikla is PASSED

2021-10-14 17:44:38 - [TEST_STEP][PASSED] - Method.TextDegerineEsitElementinAltindakiTextboxtaYaz(findTestObject("Filtreler/Basliklar"), findTestObject("Filtreler/Basliga_Gore_Baslangic"), Filtre_Adi, Filtre_Degeri): Method.TextDegerineEsitElementinAltindakiTextboxtaYaz is PASSED

2021-10-14 17:44:38 - [MESSAGE][INFO] - Finding Test Object 'Object Repository/Filtreler/Basliklar'

2021-10-14 17:44:38 - [MESSAGE][INFO] - Finding Test Object 'Object Repository/Filtreler/Basliga_Gore_Baslangic'

2021-10-14 17:44:38 - [MESSAGE][INFO] - Checking timeout

2021-10-14 17:44:38 - [MESSAGE][INFO] - Finding web element with id: 'Object Repository/Filtreler/Basliklar' located by 'By.cssSelector: .control-label.col-sm-4.paddingMarginRLC' in '10' second(s)

2021-10-14 17:44:38 - [MESSAGE][INFO] - Smart Wait Function is triggered

2021-10-14 17:44:38 - [MESSAGE][INFO] - Found 8 web elements with id: 'Object Repository/Filtreler/Basliklar' located by 'By.cssSelector: .control-label.col-sm-4.paddingMarginRLC' in '10' second(s)

2021-10-14 17:44:38 - [MESSAGE][INFO] - Smart Wait Function is triggered

2021-10-14 17:44:39 - [MESSAGE][PASSED] - Method.TextDegerineEsitElementinAltindakiTextboxtaYaz is PASSED

2021-10-14 17:44:39 - [MESSAGE][PASSED] - Call Test Case 'Test Cases/Filtreler/BaslangicYaz' successfully

2021-10-14 17:44:39 - [MESSAGE][INFO] - Checking called Test Case

2021-10-14 17:44:39 - [MESSAGE][INFO] - Starting to call Test Case 'Test Cases/Filtreler/BitisYaz'

2021-10-14 17:44:39 - [TEST_CASE][PASSED] - Test Cases/Filtreler/BitisYaz: Test Cases/Filtreler/BitisYaz

2021-10-14 17:44:39 - [TEST_STEP][PASSED] - Method.TextDegerineEsitElementinAltindakineTikla(findTestObject("Filtreler/Basliklar"), findTestObject("Filtreler/Basliga_Gore_Bitis_Image"), Filtre_Adi): Method.TextDegerineEsitElementinAltindakineTikla is PASSED

2021-10-14 17:44:39 - [MESSAGE][INFO] - Finding Test Object 'Object Repository/Filtreler/Basliklar'

2021-10-14 17:44:39 - [MESSAGE][INFO] - Finding Test Object 'Object Repository/Filtreler/Basliga_Gore_Bitis_Image'

2021-10-14 17:44:39 - [MESSAGE][INFO] - Checking timeout

2021-10-14 17:44:39 - [MESSAGE][INFO] - Finding web element with id: 'Object Repository/Filtreler/Basliklar' located by 'By.cssSelector: .control-label.col-sm-4.paddingMarginRLC' in '10' second(s)

2021-10-14 17:44:39 - [MESSAGE][INFO] - Smart Wait Function is triggered

2021-10-14 17:44:39 - [MESSAGE][INFO] - Found 8 web elements with id: 'Object Repository/Filtreler/Basliklar' located by 'By.cssSelector: .control-label.col-sm-4.paddingMarginRLC' in '10' second(s)

2021-10-14 17:44:39 - [MESSAGE][INFO] - Smart Wait Function is triggered

2021-10-14 17:44:40 - [MESSAGE][PASSED] - Method.TextDegerineEsitElementinAltindakineTikla is PASSED

2021-10-14 17:44:40 - [TEST_STEP][PASSED] - Method.TextDegerineEsitElementinAltindakiTextboxtaYaz(findTestObject("Filtreler/Basliklar"), findTestObject("Object Repository/Filtreler/Basliga_Gore_Bitis"), Filtre_Adi, Filtre_Degeri): Method.TextDegerineEsitElementinAltindakiTextboxtaYaz is PASSED

2021-10-14 17:44:40 - [MESSAGE][INFO] - Finding Test Object 'Object Repository/Filtreler/Basliklar'

2021-10-14 17:44:40 - [MESSAGE][INFO] - Finding Test Object 'Object Repository/Filtreler/Basliga_Gore_Bitis'

2021-10-14 17:44:40 - [MESSAGE][INFO] - Checking timeout

2021-10-14 17:44:40 - [MESSAGE][INFO] - Finding web element with id: 'Object Repository/Filtreler/Basliklar' located by 'By.cssSelector: .control-label.col-sm-4.paddingMarginRLC' in '10' second(s)

2021-10-14 17:44:40 - [MESSAGE][INFO] - Smart Wait Function is triggered

2021-10-14 17:44:40 - [MESSAGE][INFO] - Found 8 web elements with id: 'Object Repository/Filtreler/Basliklar' located by 'By.cssSelector: .control-label.col-sm-4.paddingMarginRLC' in '10' second(s)

2021-10-14 17:44:40 - [MESSAGE][INFO] - Smart Wait Function is triggered

2021-10-14 17:44:41 - [MESSAGE][PASSED] - Method.TextDegerineEsitElementinAltindakiTextboxtaYaz is PASSED

2021-10-14 17:44:41 - [MESSAGE][PASSED] - Call Test Case 'Test Cases/Filtreler/BitisYaz' successfully

2021-10-14 17:44:41 - [MESSAGE][INFO] - Checking called Test Case

2021-10-14 17:44:41 - [MESSAGE][INFO] - Starting to call Test Case 'Test Cases/Filtreler/TexboxaYaz'

2021-10-14 17:44:41 - [TEST_CASE][PASSED] - Test Cases/Filtreler/TexboxaYaz: Test Cases/Filtreler/TexboxaYaz

2021-10-14 17:44:41 - [TEST_STEP][PASSED] - Method.TextDegerineEsitElementinAltindakiTextboxtaYaz(findTestObject("Filtreler/Basliklar"), findTestObject("Filtreler/Basliga_Gore_Textbox"), Filtre_Adi, Filtre_Degeri): Method.TextDegerineEsitElementinAltindakiTextboxtaYaz is PASSED

2021-10-14 17:44:41 - [MESSAGE][INFO] - Finding Test Object 'Object Repository/Filtreler/Basliklar'

2021-10-14 17:44:41 - [MESSAGE][INFO] - Finding Test Object 'Object Repository/Filtreler/Basliga_Gore_Textbox'

2021-10-14 17:44:41 - [MESSAGE][INFO] - Checking timeout

2021-10-14 17:44:41 - [MESSAGE][INFO] - Finding web element with id: 'Object Repository/Filtreler/Basliklar' located by 'By.cssSelector: .control-label.col-sm-4.paddingMarginRLC' in '10' second(s)

2021-10-14 17:44:41 - [MESSAGE][INFO] - Smart Wait Function is triggered

2021-10-14 17:44:41 - [MESSAGE][INFO] - Found 8 web elements with id: 'Object Repository/Filtreler/Basliklar' located by 'By.cssSelector: .control-label.col-sm-4.paddingMarginRLC' in '10' second(s)

2021-10-14 17:44:41 - [MESSAGE][INFO] - Smart Wait Function is triggered

2021-10-14 17:44:42 - [MESSAGE][PASSED] - Method.TextDegerineEsitElementinAltindakiTextboxtaYaz is PASSED

2021-10-14 17:44:42 - [MESSAGE][PASSED] - Call Test Case 'Test Cases/Filtreler/TexboxaYaz' successfully

2021-10-14 17:44:42 - [MESSAGE][INFO] - Checking called Test Case

2021-10-14 17:44:42 - [MESSAGE][INFO] - Starting to call Test Case 'Test Cases/Filtreler/ButonaTikla'

2021-10-14 17:44:42 - [TEST_CASE][PASSED] - Test Cases/Filtreler/ButonaTikla: Test Cases/Filtreler/ButonaTikla

2021-10-14 17:44:42 - [TEST_STEP][PASSED] - Method.TextDegerineEsitElementeTikla(findTestObject("Filtreler/Butonlar"), Filtre_Buton): Method.TextDegerineEsitElementeTikla is PASSED

2021-10-14 17:44:42 - [MESSAGE][INFO] - Finding Test Object 'Object Repository/Filtreler/Butonlar'

2021-10-14 17:44:42 - [MESSAGE][INFO] - Checking timeout

2021-10-14 17:44:42 - [MESSAGE][INFO] - Finding web element with id: 'Object Repository/Filtreler/Butonlar' located by 'By.cssSelector: .dxb>span' in '10' second(s)

2021-10-14 17:44:42 - [MESSAGE][INFO] - Smart Wait Function is triggered

2021-10-14 17:44:42 - [MESSAGE][INFO] - Found 3 web elements with id: 'Object Repository/Filtreler/Butonlar' located by 'By.cssSelector: .dxb>span' in '10' second(s)

2021-10-14 17:44:42 - [MESSAGE][PASSED] - Method.TextDegerineEsitElementeTikla is PASSED

2021-10-14 17:44:42 - [MESSAGE][PASSED] - Call Test Case 'Test Cases/Filtreler/ButonaTikla' successfully

2021-10-14 17:44:42 - [MESSAGE][INFO] - Checking called Test Case

2021-10-14 17:44:42 - [MESSAGE][INFO] - Starting to call Test Case 'Test Cases/Tablo/TablodaVeriVarMi'

2021-10-14 17:44:42 - [TEST_CASE][PASSED] - Test Cases/Tablo/TablodaVeriVarMi: Test Cases/Tablo/TablodaVeriVarMi

2021-10-14 17:44:42 - [TEST_STEP][PASSED] - verifyTextNotPresent("Görüntülenecek veri yok", true): Text 'Görüntülenecek veri yok' is not present on page using regular expression

2021-10-14 17:44:42 - [MESSAGE][INFO] - Checking text present  using regular expression

2021-10-14 17:44:42 - [MESSAGE][INFO] - Smart Wait Function is triggered

2021-10-14 17:44:43 - [MESSAGE][INFO] - Finding text 'Görüntülenecek veri yok' on page  using regular expression

2021-10-14 17:44:43 - [MESSAGE][PASSED] - Text 'Görüntülenecek veri yok' is not present on page using regular expression

2021-10-14 17:44:43 - [MESSAGE][PASSED] - Call Test Case 'Test Cases/Tablo/TablodaVeriVarMi' successfully

2021-10-14 17:44:43 - [MESSAGE][INFO] - Checking called Test Case

2021-10-14 17:44:43 - [MESSAGE][INFO] - Starting to call Test Case 'Test Cases/Tablo/TablodanVeriSec'

2021-10-14 17:44:43 - [TEST_CASE][PASSED] - Test Cases/Tablo/TablodanVeriSec: Test Cases/Tablo/TablodanVeriSec

2021-10-14 17:44:43 - [TEST_STEP][PASSED] - Method.TextDegerineEsitElementinAltindakineTikla(findTestObject("Tablo/Veriler"), findTestObject("Tablo/VerininCheckBoxi"), Veri_Adi): Method.TextDegerineEsitElementinAltindakineTikla is PASSED

2021-10-14 17:44:43 - [MESSAGE][INFO] - Finding Test Object 'Object Repository/Tablo/Veriler'

2021-10-14 17:44:43 - [MESSAGE][INFO] - Finding Test Object 'Object Repository/Tablo/VerininCheckBoxi'

2021-10-14 17:44:43 - [MESSAGE][INFO] - Checking timeout

2021-10-14 17:44:43 - [MESSAGE][INFO] - Finding web element with id: 'Object Repository/Tablo/Veriler' located by 'By.cssSelector: td.dxgv b ,td.dxgv' in '10' second(s)

2021-10-14 17:44:43 - [MESSAGE][INFO] - Smart Wait Function is triggered

2021-10-14 17:44:44 - [MESSAGE][INFO] - Found 110 web elements with id: 'Object Repository/Tablo/Veriler' located by 'By.cssSelector: td.dxgv b ,td.dxgv' in '10' second(s)

2021-10-14 17:44:44 - [MESSAGE][INFO] - Smart Wait Function is triggered

2021-10-14 17:44:44 - [MESSAGE][PASSED] - Method.TextDegerineEsitElementinAltindakineTikla is PASSED

2021-10-14 17:44:44 - [MESSAGE][PASSED] - Call Test Case 'Test Cases/Tablo/TablodanVeriSec' successfully

2021-10-14 17:44:44 - [MESSAGE][INFO] - Checking called Test Case

2021-10-14 17:44:44 - [MESSAGE][INFO] - Starting to call Test Case 'Test Cases/Butonlar/ButonaTikla'

2021-10-14 17:44:44 - [TEST_CASE][PASSED] - Test Cases/Butonlar/ButonaTikla: Test Cases/Butonlar/ButonaTikla

2021-10-14 17:44:44 - [TEST_STEP][PASSED] - Method.TextDegerineEsitElementeTiklaEquals(findTestObject("Butonlar/Butonlar"), Buton_Adi): Method.TextDegerineEsitElementeTiklaEquals is PASSED

2021-10-14 17:44:44 - [MESSAGE][INFO] - Finding Test Object 'Object Repository/Butonlar/Butonlar'

2021-10-14 17:44:44 - [MESSAGE][INFO] - Checking timeout

2021-10-14 17:44:44 - [MESSAGE][INFO] - Finding web element with id: 'Object Repository/Butonlar/Butonlar' located by 'By.cssSelector: .panel.panel-default.text-center.footerPanel .btn,.btn.btn-primary.btnControls' in '10' second(s)

2021-10-14 17:44:44 - [MESSAGE][INFO] - Smart Wait Function is triggered

2021-10-14 17:44:45 - [MESSAGE][INFO] - Found 6 web elements with id: 'Object Repository/Butonlar/Butonlar' located by 'By.cssSelector: .panel.panel-default.text-center.footerPanel .btn,.btn.btn-primary.btnControls' in '10' second(s)

2021-10-14 17:44:45 - [MESSAGE][PASSED] - Method.TextDegerineEsitElementeTiklaEquals is PASSED

2021-10-14 17:44:45 - [MESSAGE][PASSED] - Call Test Case 'Test Cases/Butonlar/ButonaTikla' successfully

2021-10-14 17:44:45 - [MESSAGE][INFO] - Checking called Test Case

2021-10-14 17:44:45 - [MESSAGE][INFO] - Starting to call Test Case 'Test Cases/Butonlar/AltButonaTikla'

2021-10-14 17:44:45 - [TEST_CASE][PASSED] - Test Cases/Butonlar/AltButonaTikla: Test Cases/Butonlar/AltButonaTikla

2021-10-14 17:44:45 - [TEST_STEP][PASSED] - Method.TextDegerineEsitElementeTikla(findTestObject("Butonlar/AltButonlar"), Alt_Buton): Method.TextDegerineEsitElementeTikla is PASSED

2021-10-14 17:44:45 - [MESSAGE][INFO] - Finding Test Object 'Object Repository/Butonlar/AltButonlar'

2021-10-14 17:44:45 - [MESSAGE][INFO] - Checking timeout

2021-10-14 17:44:45 - [MESSAGE][INFO] - Finding web element with id: 'Object Repository/Butonlar/AltButonlar' located by 'By.cssSelector: .btn-group.open li>a' in '10' second(s)

2021-10-14 17:44:45 - [MESSAGE][INFO] - Smart Wait Function is triggered

2021-10-14 17:44:45 - [MESSAGE][INFO] - Found 2 web elements with id: 'Object Repository/Butonlar/AltButonlar' located by 'By.cssSelector: .btn-group.open li>a' in '10' second(s)

2021-10-14 17:44:45 - [MESSAGE][PASSED] - Method.TextDegerineEsitElementeTikla is PASSED

2021-10-14 17:44:45 - [MESSAGE][PASSED] - Call Test Case 'Test Cases/Butonlar/AltButonaTikla' successfully

2021-10-14 17:44:45 - [MESSAGE][INFO] - Checking called Test Case

2021-10-14 17:44:45 - [MESSAGE][INFO] - Starting to call Test Case 'Test Cases/Popup/PopupMesajiIceriyorMu'

2021-10-14 17:44:45 - [TEST_CASE][PASSED] - Test Cases/Popup/PopupMesajiIceriyorMu: Test Cases/Popup/PopupMesajiIceriyorMu

2021-10-14 17:44:45 - [TEST_STEP][PASSED] - waitForElementVisible(findTestObject("Popup/Popup"), 10): Object 'Object Repository/Popup/Popup' is visible

2021-10-14 17:44:45 - [MESSAGE][INFO] - Finding Test Object 'Object Repository/Popup/Popup'

2021-10-14 17:44:45 - [MESSAGE][INFO] - Checking object

2021-10-14 17:44:45 - [MESSAGE][INFO] - Checking timeout

2021-10-14 17:44:45 - [MESSAGE][INFO] - Finding web element from Test Object's properties

2021-10-14 17:44:45 - [MESSAGE][INFO] - Checking timeout

2021-10-14 17:44:45 - [MESSAGE][INFO] - Finding web element with id: 'Object Repository/Popup/Popup' located by 'By.cssSelector: .bootbox-body' in '10' second(s)

2021-10-14 17:44:45 - [MESSAGE][INFO] - Smart Wait Function is triggered

2021-10-14 17:44:46 - [MESSAGE][INFO] - Found 1 web elements with id: 'Object Repository/Popup/Popup' located by 'By.cssSelector: .bootbox-body' in '10' second(s)

2021-10-14 17:44:46 - [MESSAGE][PASSED] - Object 'Object Repository/Popup/Popup' is visible

2021-10-14 17:44:46 - [TEST_STEP][PASSED] - if (!(getText(findTestObject("Popup/Popup")).contains(Mesaj))): Text of object 'Object Repository/Popup/Popup' is: 'Lütfen rapor bildiriminin gönderileceği e-posta adresini belirtiniz.
e-Posta Adresi'

2021-10-14 17:44:46 - [MESSAGE][INFO] - Finding Test Object 'Object Repository/Popup/Popup'

2021-10-14 17:44:46 - [MESSAGE][INFO] - Checking object

2021-10-14 17:44:46 - [MESSAGE][INFO] - Finding web element from Test Object's properties

2021-10-14 17:44:46 - [MESSAGE][INFO] - Checking timeout

2021-10-14 17:44:46 - [MESSAGE][INFO] - Finding web element with id: 'Object Repository/Popup/Popup' located by 'By.cssSelector: .bootbox-body' in '30' second(s)

2021-10-14 17:44:46 - [MESSAGE][INFO] - Smart Wait Function is triggered

2021-10-14 17:44:46 - [MESSAGE][INFO] - Found 1 web elements with id: 'Object Repository/Popup/Popup' located by 'By.cssSelector: .bootbox-body' in '30' second(s)

2021-10-14 17:44:46 - [MESSAGE][INFO] - Getting text of object 'Object Repository/Popup/Popup'

2021-10-14 17:44:46 - [MESSAGE][PASSED] - Text of object 'Object Repository/Popup/Popup' is: 'Lütfen rapor bildiriminin gönderileceği e-posta adresini belirtiniz.
e-Posta Adresi'

2021-10-14 17:44:46 - [TEST_STEP][PASSED] - RaporNo = getText(findTestObject("Popup/Popup")).substring(0, 6): Text of object 'Object Repository/Popup/Popup' is: 'Lütfen rapor bildiriminin gönderileceği e-posta adresini belirtiniz.
e-Posta Adresi'

2021-10-14 17:44:46 - [MESSAGE][INFO] - Finding Test Object 'Object Repository/Popup/Popup'

2021-10-14 17:44:47 - [MESSAGE][INFO] - Checking object

2021-10-14 17:44:47 - [MESSAGE][INFO] - Finding web element from Test Object's properties

2021-10-14 17:44:47 - [MESSAGE][INFO] - Checking timeout

2021-10-14 17:44:47 - [MESSAGE][INFO] - Finding web element with id: 'Object Repository/Popup/Popup' located by 'By.cssSelector: .bootbox-body' in '30' second(s)

2021-10-14 17:44:47 - [MESSAGE][INFO] - Smart Wait Function is triggered

2021-10-14 17:44:47 - [MESSAGE][INFO] - Found 1 web elements with id: 'Object Repository/Popup/Popup' located by 'By.cssSelector: .bootbox-body' in '30' second(s)

2021-10-14 17:44:47 - [MESSAGE][INFO] - Getting text of object 'Object Repository/Popup/Popup'

2021-10-14 17:44:47 - [MESSAGE][PASSED] - Text of object 'Object Repository/Popup/Popup' is: 'Lütfen rapor bildiriminin gönderileceği e-posta adresini belirtiniz.
e-Posta Adresi'

2021-10-14 17:44:47 - [TEST_STEP][PASSED] - Console.println(RaporNo): null

2021-10-14 17:44:47 - [MESSAGE][PASSED] - Call Test Case 'Test Cases/Popup/PopupMesajiIceriyorMu' successfully

2021-10-14 17:44:47 - [MESSAGE][INFO] - Checking called Test Case

2021-10-14 17:44:47 - [MESSAGE][INFO] - Starting to call Test Case 'Test Cases/Popup/PopupButonSecilir'

2021-10-14 17:44:47 - [TEST_CASE][PASSED] - Test Cases/Popup/PopupButonSecilir: Test Cases/Popup/PopupButonSecilir

2021-10-14 17:44:47 - [TEST_STEP][PASSED] - Method.TextDegerineEsitElementeTikla(findTestObject("Popup/Popup_Butons"), Buton): Method.TextDegerineEsitElementeTikla is PASSED

2021-10-14 17:44:47 - [MESSAGE][INFO] - Finding Test Object 'Object Repository/Popup/Popup_Butons'

2021-10-14 17:44:47 - [MESSAGE][INFO] - Checking timeout

2021-10-14 17:44:47 - [MESSAGE][INFO] - Finding web element with id: 'Object Repository/Popup/Popup_Butons' located by 'By.cssSelector: .modal-footer>button' in '10' second(s)

2021-10-14 17:44:47 - [MESSAGE][INFO] - Smart Wait Function is triggered

2021-10-14 17:44:47 - [MESSAGE][INFO] - Found 2 web elements with id: 'Object Repository/Popup/Popup_Butons' located by 'By.cssSelector: .modal-footer>button' in '10' second(s)

2021-10-14 17:44:47 - [MESSAGE][PASSED] - Method.TextDegerineEsitElementeTikla is PASSED

2021-10-14 17:44:47 - [MESSAGE][PASSED] - Call Test Case 'Test Cases/Popup/PopupButonSecilir' successfully

2021-10-14 17:44:47 - [MESSAGE][INFO] - Checking called Test Case

2021-10-14 17:44:47 - [MESSAGE][INFO] - Starting to call Test Case 'Test Cases/Popup/PopupMesajiIceriyorMu'

2021-10-14 17:44:47 - [TEST_CASE][PASSED] - Test Cases/Popup/PopupMesajiIceriyorMu: Test Cases/Popup/PopupMesajiIceriyorMu

2021-10-14 17:44:47 - [TEST_STEP][PASSED] - waitForElementVisible(findTestObject("Popup/Popup"), 10): Object 'Object Repository/Popup/Popup' is visible

2021-10-14 17:44:47 - [MESSAGE][INFO] - Finding Test Object 'Object Repository/Popup/Popup'

2021-10-14 17:44:47 - [MESSAGE][INFO] - Checking object

2021-10-14 17:44:47 - [MESSAGE][INFO] - Checking timeout

2021-10-14 17:44:47 - [MESSAGE][INFO] - Finding web element from Test Object's properties

2021-10-14 17:44:47 - [MESSAGE][INFO] - Checking timeout

2021-10-14 17:44:47 - [MESSAGE][INFO] - Finding web element with id: 'Object Repository/Popup/Popup' located by 'By.cssSelector: .bootbox-body' in '10' second(s)

2021-10-14 17:44:47 - [MESSAGE][INFO] - Smart Wait Function is triggered

2021-10-14 17:44:48 - [MESSAGE][INFO] - Found 1 web elements with id: 'Object Repository/Popup/Popup' located by 'By.cssSelector: .bootbox-body' in '10' second(s)

2021-10-14 17:44:48 - [MESSAGE][PASSED] - Object 'Object Repository/Popup/Popup' is visible

2021-10-14 17:44:48 - [TEST_STEP][PASSED] - if (!(getText(findTestObject("Popup/Popup")).contains(Mesaj))): Text of object 'Object Repository/Popup/Popup' is: '14637 no’lu talebiniz işleme alınmıştır. Raporunuz hazırlandığında (elogotest@gmail.com) adresinize mail gönderilecektir.
Rapor durumunuzu Raporlar > Toplu Veri İndirme ekranından takip edebilir, hazırlandı durumundaki raporlarınızı ilgili menüden indirebilirsiniz.'

2021-10-14 17:44:48 - [MESSAGE][INFO] - Finding Test Object 'Object Repository/Popup/Popup'

2021-10-14 17:44:48 - [MESSAGE][INFO] - Checking object

2021-10-14 17:44:48 - [MESSAGE][INFO] - Finding web element from Test Object's properties

2021-10-14 17:44:48 - [MESSAGE][INFO] - Checking timeout

2021-10-14 17:44:48 - [MESSAGE][INFO] - Finding web element with id: 'Object Repository/Popup/Popup' located by 'By.cssSelector: .bootbox-body' in '30' second(s)

2021-10-14 17:44:48 - [MESSAGE][INFO] - Smart Wait Function is triggered

2021-10-14 17:44:49 - [MESSAGE][INFO] - Found 1 web elements with id: 'Object Repository/Popup/Popup' located by 'By.cssSelector: .bootbox-body' in '30' second(s)

2021-10-14 17:44:49 - [MESSAGE][INFO] - Getting text of object 'Object Repository/Popup/Popup'

2021-10-14 17:44:49 - [MESSAGE][PASSED] - Text of object 'Object Repository/Popup/Popup' is: '14637 no’lu talebiniz işleme alınmıştır. Raporunuz hazırlandığında (elogotest@gmail.com) adresinize mail gönderilecektir.
Rapor durumunuzu Raporlar > Toplu Veri İndirme ekranından takip edebilir, hazırlandı durumundaki raporlarınızı ilgili menüden indirebilirsiniz.'

2021-10-14 17:44:49 - [TEST_STEP][PASSED] - RaporNo = getText(findTestObject("Popup/Popup")).substring(0, 6): Text of object 'Object Repository/Popup/Popup' is: '14637 no’lu talebiniz işleme alınmıştır. Raporunuz hazırlandığında (elogotest@gmail.com) adresinize mail gönderilecektir.
Rapor durumunuzu Raporlar > Toplu Veri İndirme ekranından takip edebilir, hazırlandı durumundaki raporlarınızı ilgili menüden indirebilirsiniz.'

2021-10-14 17:44:49 - [MESSAGE][INFO] - Finding Test Object 'Object Repository/Popup/Popup'

2021-10-14 17:44:49 - [MESSAGE][INFO] - Checking object

2021-10-14 17:44:49 - [MESSAGE][INFO] - Finding web element from Test Object's properties

2021-10-14 17:44:49 - [MESSAGE][INFO] - Checking timeout

2021-10-14 17:44:49 - [MESSAGE][INFO] - Finding web element with id: 'Object Repository/Popup/Popup' located by 'By.cssSelector: .bootbox-body' in '30' second(s)

2021-10-14 17:44:49 - [MESSAGE][INFO] - Smart Wait Function is triggered

2021-10-14 17:44:49 - [MESSAGE][INFO] - Found 1 web elements with id: 'Object Repository/Popup/Popup' located by 'By.cssSelector: .bootbox-body' in '30' second(s)

2021-10-14 17:44:49 - [MESSAGE][INFO] - Getting text of object 'Object Repository/Popup/Popup'

2021-10-14 17:44:49 - [MESSAGE][PASSED] - Text of object 'Object Repository/Popup/Popup' is: '14637 no’lu talebiniz işleme alınmıştır. Raporunuz hazırlandığında (elogotest@gmail.com) adresinize mail gönderilecektir.
Rapor durumunuzu Raporlar > Toplu Veri İndirme ekranından takip edebilir, hazırlandı durumundaki raporlarınızı ilgili menüden indirebilirsiniz.'

2021-10-14 17:44:49 - [TEST_STEP][PASSED] - Console.println(RaporNo): null

2021-10-14 17:44:49 - [MESSAGE][PASSED] - Call Test Case 'Test Cases/Popup/PopupMesajiIceriyorMu' successfully

2021-10-14 17:44:49 - [MESSAGE][INFO] - Checking called Test Case

2021-10-14 17:44:49 - [MESSAGE][INFO] - Starting to call Test Case 'Test Cases/Popup/PopupButonSecilir'

2021-10-14 17:44:49 - [TEST_CASE][PASSED] - Test Cases/Popup/PopupButonSecilir: Test Cases/Popup/PopupButonSecilir

2021-10-14 17:44:49 - [TEST_STEP][PASSED] - Method.TextDegerineEsitElementeTikla(findTestObject("Popup/Popup_Butons"), Buton): Method.TextDegerineEsitElementeTikla is PASSED

2021-10-14 17:44:49 - [MESSAGE][INFO] - Finding Test Object 'Object Repository/Popup/Popup_Butons'

2021-10-14 17:44:49 - [MESSAGE][INFO] - Checking timeout

2021-10-14 17:44:49 - [MESSAGE][INFO] - Finding web element with id: 'Object Repository/Popup/Popup_Butons' located by 'By.cssSelector: .modal-footer>button' in '10' second(s)

2021-10-14 17:44:49 - [MESSAGE][INFO] - Smart Wait Function is triggered

2021-10-14 17:44:49 - [MESSAGE][INFO] - Found 1 web elements with id: 'Object Repository/Popup/Popup_Butons' located by 'By.cssSelector: .modal-footer>button' in '10' second(s)

2021-10-14 17:44:49 - [MESSAGE][PASSED] - Method.TextDegerineEsitElementeTikla is PASSED

2021-10-14 17:44:49 - [MESSAGE][PASSED] - Call Test Case 'Test Cases/Popup/PopupButonSecilir' successfully

2021-10-14 17:44:49 - [MESSAGE][INFO] - Checking called Test Case

2021-10-14 17:44:49 - [MESSAGE][INFO] - Starting to call Test Case 'Test Cases/Butonlar/ButonaTikla'

2021-10-14 17:44:49 - [TEST_CASE][PASSED] - Test Cases/Butonlar/ButonaTikla: Test Cases/Butonlar/ButonaTikla

2021-10-14 17:44:49 - [TEST_STEP][PASSED] - Method.TextDegerineEsitElementeTiklaEquals(findTestObject("Butonlar/Butonlar"), Buton_Adi): Method.TextDegerineEsitElementeTiklaEquals is PASSED

2021-10-14 17:44:49 - [MESSAGE][INFO] - Finding Test Object 'Object Repository/Butonlar/Butonlar'

2021-10-14 17:44:50 - [MESSAGE][INFO] - Checking timeout

2021-10-14 17:44:50 - [MESSAGE][INFO] - Finding web element with id: 'Object Repository/Butonlar/Butonlar' located by 'By.cssSelector: .panel.panel-default.text-center.footerPanel .btn,.btn.btn-primary.btnControls' in '10' second(s)

2021-10-14 17:44:50 - [MESSAGE][INFO] - Smart Wait Function is triggered

2021-10-14 17:44:50 - [MESSAGE][INFO] - Found 6 web elements with id: 'Object Repository/Butonlar/Butonlar' located by 'By.cssSelector: .panel.panel-default.text-center.footerPanel .btn,.btn.btn-primary.btnControls' in '10' second(s)

2021-10-14 17:44:50 - [MESSAGE][PASSED] - Method.TextDegerineEsitElementeTiklaEquals is PASSED

2021-10-14 17:44:50 - [MESSAGE][PASSED] - Call Test Case 'Test Cases/Butonlar/ButonaTikla' successfully

2021-10-14 17:44:50 - [MESSAGE][INFO] - Checking called Test Case

2021-10-14 17:44:50 - [MESSAGE][INFO] - Starting to call Test Case 'Test Cases/Butonlar/AltButonaTikla'

2021-10-14 17:44:50 - [TEST_CASE][PASSED] - Test Cases/Butonlar/AltButonaTikla: Test Cases/Butonlar/AltButonaTikla

2021-10-14 17:44:50 - [TEST_STEP][PASSED] - Method.TextDegerineEsitElementeTikla(findTestObject("Butonlar/AltButonlar"), Alt_Buton): Method.TextDegerineEsitElementeTikla is PASSED

2021-10-14 17:44:50 - [MESSAGE][INFO] - Finding Test Object 'Object Repository/Butonlar/AltButonlar'

2021-10-14 17:44:50 - [MESSAGE][INFO] - Checking timeout

2021-10-14 17:44:50 - [MESSAGE][INFO] - Finding web element with id: 'Object Repository/Butonlar/AltButonlar' located by 'By.cssSelector: .btn-group.open li>a' in '10' second(s)

2021-10-14 17:44:50 - [MESSAGE][INFO] - Smart Wait Function is triggered

2021-10-14 17:44:51 - [MESSAGE][INFO] - Found 2 web elements with id: 'Object Repository/Butonlar/AltButonlar' located by 'By.cssSelector: .btn-group.open li>a' in '10' second(s)

2021-10-14 17:44:51 - [MESSAGE][PASSED] - Method.TextDegerineEsitElementeTikla is PASSED

2021-10-14 17:44:51 - [MESSAGE][PASSED] - Call Test Case 'Test Cases/Butonlar/AltButonaTikla' successfully

2021-10-14 17:44:51 - [MESSAGE][INFO] - Checking called Test Case

2021-10-14 17:44:51 - [MESSAGE][INFO] - Starting to call Test Case 'Test Cases/Popup/PopupMesajiIceriyorMu'

2021-10-14 17:44:51 - [TEST_CASE][PASSED] - Test Cases/Popup/PopupMesajiIceriyorMu: Test Cases/Popup/PopupMesajiIceriyorMu

2021-10-14 17:44:51 - [TEST_STEP][PASSED] - waitForElementVisible(findTestObject("Popup/Popup"), 10): Object 'Object Repository/Popup/Popup' is visible

2021-10-14 17:44:51 - [MESSAGE][INFO] - Finding Test Object 'Object Repository/Popup/Popup'

2021-10-14 17:44:51 - [MESSAGE][INFO] - Checking object

2021-10-14 17:44:51 - [MESSAGE][INFO] - Checking timeout

2021-10-14 17:44:51 - [MESSAGE][INFO] - Finding web element from Test Object's properties

2021-10-14 17:44:51 - [MESSAGE][INFO] - Checking timeout

2021-10-14 17:44:51 - [MESSAGE][INFO] - Finding web element with id: 'Object Repository/Popup/Popup' located by 'By.cssSelector: .bootbox-body' in '10' second(s)

2021-10-14 17:44:51 - [MESSAGE][INFO] - Smart Wait Function is triggered

2021-10-14 17:44:51 - [MESSAGE][INFO] - Found 1 web elements with id: 'Object Repository/Popup/Popup' located by 'By.cssSelector: .bootbox-body' in '10' second(s)

2021-10-14 17:44:51 - [MESSAGE][PASSED] - Object 'Object Repository/Popup/Popup' is visible

2021-10-14 17:44:51 - [TEST_STEP][PASSED] - if (!(getText(findTestObject("Popup/Popup")).contains(Mesaj))): Text of object 'Object Repository/Popup/Popup' is: 'Lütfen rapor bildiriminin gönderileceği e-posta adresini belirtiniz.
e-Posta Adresi'

2021-10-14 17:44:51 - [MESSAGE][INFO] - Finding Test Object 'Object Repository/Popup/Popup'

2021-10-14 17:44:51 - [MESSAGE][INFO] - Checking object

2021-10-14 17:44:51 - [MESSAGE][INFO] - Finding web element from Test Object's properties

2021-10-14 17:44:51 - [MESSAGE][INFO] - Checking timeout

2021-10-14 17:44:51 - [MESSAGE][INFO] - Finding web element with id: 'Object Repository/Popup/Popup' located by 'By.cssSelector: .bootbox-body' in '30' second(s)

2021-10-14 17:44:51 - [MESSAGE][INFO] - Smart Wait Function is triggered

2021-10-14 17:44:52 - [MESSAGE][INFO] - Found 1 web elements with id: 'Object Repository/Popup/Popup' located by 'By.cssSelector: .bootbox-body' in '30' second(s)

2021-10-14 17:44:52 - [MESSAGE][INFO] - Getting text of object 'Object Repository/Popup/Popup'

2021-10-14 17:44:52 - [MESSAGE][PASSED] - Text of object 'Object Repository/Popup/Popup' is: 'Lütfen rapor bildiriminin gönderileceği e-posta adresini belirtiniz.
e-Posta Adresi'

2021-10-14 17:44:52 - [TEST_STEP][PASSED] - RaporNo = getText(findTestObject("Popup/Popup")).substring(0, 6): Text of object 'Object Repository/Popup/Popup' is: 'Lütfen rapor bildiriminin gönderileceği e-posta adresini belirtiniz.
e-Posta Adresi'

2021-10-14 17:44:52 - [MESSAGE][INFO] - Finding Test Object 'Object Repository/Popup/Popup'

2021-10-14 17:44:52 - [MESSAGE][INFO] - Checking object

2021-10-14 17:44:52 - [MESSAGE][INFO] - Finding web element from Test Object's properties

2021-10-14 17:44:52 - [MESSAGE][INFO] - Checking timeout

2021-10-14 17:44:52 - [MESSAGE][INFO] - Finding web element with id: 'Object Repository/Popup/Popup' located by 'By.cssSelector: .bootbox-body' in '30' second(s)

2021-10-14 17:44:52 - [MESSAGE][INFO] - Smart Wait Function is triggered

2021-10-14 17:44:52 - [MESSAGE][INFO] - Found 1 web elements with id: 'Object Repository/Popup/Popup' located by 'By.cssSelector: .bootbox-body' in '30' second(s)

2021-10-14 17:44:52 - [MESSAGE][INFO] - Getting text of object 'Object Repository/Popup/Popup'

2021-10-14 17:44:52 - [MESSAGE][PASSED] - Text of object 'Object Repository/Popup/Popup' is: 'Lütfen rapor bildiriminin gönderileceği e-posta adresini belirtiniz.
e-Posta Adresi'

2021-10-14 17:44:52 - [TEST_STEP][PASSED] - Console.println(RaporNo): null

2021-10-14 17:44:52 - [MESSAGE][PASSED] - Call Test Case 'Test Cases/Popup/PopupMesajiIceriyorMu' successfully

2021-10-14 17:44:52 - [MESSAGE][INFO] - Checking called Test Case

2021-10-14 17:44:52 - [MESSAGE][INFO] - Starting to call Test Case 'Test Cases/Popup/PopupButonSecilir'

2021-10-14 17:44:52 - [TEST_CASE][PASSED] - Test Cases/Popup/PopupButonSecilir: Test Cases/Popup/PopupButonSecilir

2021-10-14 17:44:52 - [TEST_STEP][PASSED] - Method.TextDegerineEsitElementeTikla(findTestObject("Popup/Popup_Butons"), Buton): Method.TextDegerineEsitElementeTikla is PASSED

2021-10-14 17:44:52 - [MESSAGE][INFO] - Finding Test Object 'Object Repository/Popup/Popup_Butons'

2021-10-14 17:44:52 - [MESSAGE][INFO] - Checking timeout

2021-10-14 17:44:52 - [MESSAGE][INFO] - Finding web element with id: 'Object Repository/Popup/Popup_Butons' located by 'By.cssSelector: .modal-footer>button' in '10' second(s)

2021-10-14 17:44:52 - [MESSAGE][INFO] - Smart Wait Function is triggered

2021-10-14 17:44:52 - [MESSAGE][INFO] - Found 2 web elements with id: 'Object Repository/Popup/Popup_Butons' located by 'By.cssSelector: .modal-footer>button' in '10' second(s)

2021-10-14 17:44:52 - [MESSAGE][PASSED] - Method.TextDegerineEsitElementeTikla is PASSED

2021-10-14 17:44:52 - [MESSAGE][PASSED] - Call Test Case 'Test Cases/Popup/PopupButonSecilir' successfully

2021-10-14 17:44:52 - [MESSAGE][INFO] - Checking called Test Case

2021-10-14 17:44:52 - [MESSAGE][INFO] - Starting to call Test Case 'Test Cases/Popup/PopupMesajiIceriyorMu'

2021-10-14 17:44:52 - [TEST_CASE][PASSED] - Test Cases/Popup/PopupMesajiIceriyorMu: Test Cases/Popup/PopupMesajiIceriyorMu

2021-10-14 17:44:52 - [TEST_STEP][PASSED] - waitForElementVisible(findTestObject("Popup/Popup"), 10): Object 'Object Repository/Popup/Popup' is visible

2021-10-14 17:44:52 - [MESSAGE][INFO] - Finding Test Object 'Object Repository/Popup/Popup'

2021-10-14 17:44:53 - [MESSAGE][INFO] - Checking object

2021-10-14 17:44:53 - [MESSAGE][INFO] - Checking timeout

2021-10-14 17:44:53 - [MESSAGE][INFO] - Finding web element from Test Object's properties

2021-10-14 17:44:53 - [MESSAGE][INFO] - Checking timeout

2021-10-14 17:44:53 - [MESSAGE][INFO] - Finding web element with id: 'Object Repository/Popup/Popup' located by 'By.cssSelector: .bootbox-body' in '10' second(s)

2021-10-14 17:44:53 - [MESSAGE][INFO] - Smart Wait Function is triggered

2021-10-14 17:44:53 - [MESSAGE][INFO] - Found 1 web elements with id: 'Object Repository/Popup/Popup' located by 'By.cssSelector: .bootbox-body' in '10' second(s)

2021-10-14 17:44:53 - [MESSAGE][PASSED] - Object 'Object Repository/Popup/Popup' is visible

2021-10-14 17:44:53 - [TEST_STEP][PASSED] - if (!(getText(findTestObject("Popup/Popup")).contains(Mesaj))): Text of object 'Object Repository/Popup/Popup' is: '14638 no’lu talebiniz işleme alınmıştır. Raporunuz hazırlandığında (elogotest@gmail.com) adresinize mail gönderilecektir.
Rapor durumunuzu Raporlar > Toplu Veri İndirme ekranından takip edebilir, hazırlandı durumundaki raporlarınızı ilgili menüden indirebilirsiniz.'

2021-10-14 17:44:53 - [MESSAGE][INFO] - Finding Test Object 'Object Repository/Popup/Popup'

2021-10-14 17:44:53 - [MESSAGE][INFO] - Checking object

2021-10-14 17:44:53 - [MESSAGE][INFO] - Finding web element from Test Object's properties

2021-10-14 17:44:53 - [MESSAGE][INFO] - Checking timeout

2021-10-14 17:44:53 - [MESSAGE][INFO] - Finding web element with id: 'Object Repository/Popup/Popup' located by 'By.cssSelector: .bootbox-body' in '30' second(s)

2021-10-14 17:44:53 - [MESSAGE][INFO] - Smart Wait Function is triggered

2021-10-14 17:44:54 - [MESSAGE][INFO] - Found 1 web elements with id: 'Object Repository/Popup/Popup' located by 'By.cssSelector: .bootbox-body' in '30' second(s)

2021-10-14 17:44:54 - [MESSAGE][INFO] - Getting text of object 'Object Repository/Popup/Popup'

2021-10-14 17:44:54 - [MESSAGE][PASSED] - Text of object 'Object Repository/Popup/Popup' is: '14638 no’lu talebiniz işleme alınmıştır. Raporunuz hazırlandığında (elogotest@gmail.com) adresinize mail gönderilecektir.
Rapor durumunuzu Raporlar > Toplu Veri İndirme ekranından takip edebilir, hazırlandı durumundaki raporlarınızı ilgili menüden indirebilirsiniz.'

2021-10-14 17:44:54 - [TEST_STEP][PASSED] - RaporNo = getText(findTestObject("Popup/Popup")).substring(0, 6): Text of object 'Object Repository/Popup/Popup' is: '14638 no’lu talebiniz işleme alınmıştır. Raporunuz hazırlandığında (elogotest@gmail.com) adresinize mail gönderilecektir.
Rapor durumunuzu Raporlar > Toplu Veri İndirme ekranından takip edebilir, hazırlandı durumundaki raporlarınızı ilgili menüden indirebilirsiniz.'

2021-10-14 17:44:54 - [MESSAGE][INFO] - Finding Test Object 'Object Repository/Popup/Popup'

2021-10-14 17:44:54 - [MESSAGE][INFO] - Checking object

2021-10-14 17:44:54 - [MESSAGE][INFO] - Finding web element from Test Object's properties

2021-10-14 17:44:54 - [MESSAGE][INFO] - Checking timeout

2021-10-14 17:44:54 - [MESSAGE][INFO] - Finding web element with id: 'Object Repository/Popup/Popup' located by 'By.cssSelector: .bootbox-body' in '30' second(s)

2021-10-14 17:44:54 - [MESSAGE][INFO] - Smart Wait Function is triggered

2021-10-14 17:44:54 - [MESSAGE][INFO] - Found 1 web elements with id: 'Object Repository/Popup/Popup' located by 'By.cssSelector: .bootbox-body' in '30' second(s)

2021-10-14 17:44:54 - [MESSAGE][INFO] - Getting text of object 'Object Repository/Popup/Popup'

2021-10-14 17:44:54 - [MESSAGE][PASSED] - Text of object 'Object Repository/Popup/Popup' is: '14638 no’lu talebiniz işleme alınmıştır. Raporunuz hazırlandığında (elogotest@gmail.com) adresinize mail gönderilecektir.
Rapor durumunuzu Raporlar > Toplu Veri İndirme ekranından takip edebilir, hazırlandı durumundaki raporlarınızı ilgili menüden indirebilirsiniz.'

2021-10-14 17:44:54 - [TEST_STEP][PASSED] - Console.println(RaporNo): null

2021-10-14 17:44:54 - [MESSAGE][PASSED] - Call Test Case 'Test Cases/Popup/PopupMesajiIceriyorMu' successfully

2021-10-14 17:44:54 - [MESSAGE][INFO] - Checking called Test Case

2021-10-14 17:44:54 - [MESSAGE][INFO] - Starting to call Test Case 'Test Cases/Popup/PopupButonSecilir'

2021-10-14 17:44:54 - [TEST_CASE][PASSED] - Test Cases/Popup/PopupButonSecilir: Test Cases/Popup/PopupButonSecilir

2021-10-14 17:44:54 - [TEST_STEP][PASSED] - Method.TextDegerineEsitElementeTikla(findTestObject("Popup/Popup_Butons"), Buton): Method.TextDegerineEsitElementeTikla is PASSED

2021-10-14 17:44:54 - [MESSAGE][INFO] - Finding Test Object 'Object Repository/Popup/Popup_Butons'

2021-10-14 17:44:54 - [MESSAGE][INFO] - Checking timeout

2021-10-14 17:44:54 - [MESSAGE][INFO] - Finding web element with id: 'Object Repository/Popup/Popup_Butons' located by 'By.cssSelector: .modal-footer>button' in '10' second(s)

2021-10-14 17:44:54 - [MESSAGE][INFO] - Smart Wait Function is triggered

2021-10-14 17:44:54 - [MESSAGE][INFO] - Found 1 web elements with id: 'Object Repository/Popup/Popup_Butons' located by 'By.cssSelector: .modal-footer>button' in '10' second(s)

2021-10-14 17:44:54 - [MESSAGE][PASSED] - Method.TextDegerineEsitElementeTikla is PASSED

2021-10-14 17:44:54 - [MESSAGE][PASSED] - Call Test Case 'Test Cases/Popup/PopupButonSecilir' successfully

2021-10-14 17:44:54 - [MESSAGE][INFO] - Checking called Test Case

2021-10-14 17:44:54 - [MESSAGE][INFO] - Starting to call Test Case 'Test Cases/Menu/AnaMenuSecimi'

2021-10-14 17:44:54 - [TEST_CASE][PASSED] - Test Cases/Menu/AnaMenuSecimi: Test Cases/Menu/AnaMenuSecimi

2021-10-14 17:44:54 - [TEST_STEP][PASSED] - Method.TextDegerineEsitElementeTikla(findTestObject("Menu/Ana_Menu"), Ana_Menu): Method.TextDegerineEsitElementeTikla is PASSED

2021-10-14 17:44:54 - [MESSAGE][INFO] - Finding Test Object 'Object Repository/Menu/Ana_Menu'

2021-10-14 17:44:54 - [MESSAGE][INFO] - Checking timeout

2021-10-14 17:44:55 - [MESSAGE][INFO] - Finding web element with id: 'Object Repository/Menu/Ana_Menu' located by 'By.xpath: //*[@class = 'dropdown-toggle']' in '10' second(s)

2021-10-14 17:44:55 - [MESSAGE][INFO] - Smart Wait Function is triggered

2021-10-14 17:44:55 - [MESSAGE][INFO] - Found 14 web elements with id: 'Object Repository/Menu/Ana_Menu' located by 'By.xpath: //*[@class = 'dropdown-toggle']' in '10' second(s)

2021-10-14 17:44:55 - [MESSAGE][PASSED] - Method.TextDegerineEsitElementeTikla is PASSED

2021-10-14 17:44:55 - [MESSAGE][PASSED] - Call Test Case 'Test Cases/Menu/AnaMenuSecimi' successfully

2021-10-14 17:44:55 - [MESSAGE][INFO] - Checking called Test Case

2021-10-14 17:44:55 - [MESSAGE][INFO] - Starting to call Test Case 'Test Cases/Menu/AltMenuSecimi'

2021-10-14 17:44:55 - [TEST_CASE][PASSED] - Test Cases/Menu/AltMenuSecimi: Test Cases/Menu/AltMenuSecimi

2021-10-14 17:44:55 - [TEST_STEP][PASSED] - Method.TextDegerineEsitElementeTikla(findTestObject("Menu/Alt_Menu"), Alt_Menu): Method.TextDegerineEsitElementeTikla is PASSED

2021-10-14 17:44:55 - [MESSAGE][INFO] - Finding Test Object 'Object Repository/Menu/Alt_Menu'

2021-10-14 17:44:56 - [MESSAGE][INFO] - Checking timeout

2021-10-14 17:44:56 - [MESSAGE][INFO] - Finding web element with id: 'Object Repository/Menu/Alt_Menu' located by 'By.xpath: //li[@class='dropdown dropdown-large open']//li[@class='dropdown-element']' in '10' second(s)

2021-10-14 17:44:56 - [MESSAGE][INFO] - Smart Wait Function is triggered

2021-10-14 17:44:56 - [MESSAGE][INFO] - Found 9 web elements with id: 'Object Repository/Menu/Alt_Menu' located by 'By.xpath: //li[@class='dropdown dropdown-large open']//li[@class='dropdown-element']' in '10' second(s)

2021-10-14 17:44:56 - [MESSAGE][PASSED] - Method.TextDegerineEsitElementeTikla is PASSED

2021-10-14 17:44:56 - [MESSAGE][PASSED] - Call Test Case 'Test Cases/Menu/AltMenuSecimi' successfully

2021-10-14 17:44:56 - [MESSAGE][INFO] - Checking called Test Case

2021-10-14 17:44:56 - [MESSAGE][INFO] - Starting to call Test Case 'Test Cases/Filtreler/RaporNoYaz'

2021-10-14 17:44:57 - [TEST_CASE][PASSED] - Test Cases/Filtreler/RaporNoYaz: Test Cases/Filtreler/RaporNoYaz

2021-10-14 17:44:57 - [TEST_STEP][PASSED] - Method.TextDegerineEsitElementinAltindakiTextboxtaYaz(findTestObject("Filtreler/Basliklar"), findTestObject("Filtreler/Basliga_Gore_Textbox"), "Talep No", RaporNo): Method.TextDegerineEsitElementinAltindakiTextboxtaYaz is PASSED

2021-10-14 17:44:57 - [MESSAGE][INFO] - Finding Test Object 'Object Repository/Filtreler/Basliklar'

2021-10-14 17:44:57 - [MESSAGE][INFO] - Finding Test Object 'Object Repository/Filtreler/Basliga_Gore_Textbox'

2021-10-14 17:44:57 - [MESSAGE][INFO] - Checking timeout

2021-10-14 17:44:57 - [MESSAGE][INFO] - Finding web element with id: 'Object Repository/Filtreler/Basliklar' located by 'By.cssSelector: .control-label.col-sm-4.paddingMarginRLC' in '10' second(s)

2021-10-14 17:44:57 - [MESSAGE][INFO] - Smart Wait Function is triggered

2021-10-14 17:44:57 - [MESSAGE][INFO] - Found 8 web elements with id: 'Object Repository/Filtreler/Basliklar' located by 'By.cssSelector: .control-label.col-sm-4.paddingMarginRLC' in '10' second(s)

2021-10-14 17:44:57 - [MESSAGE][INFO] - Smart Wait Function is triggered

2021-10-14 17:44:57 - [MESSAGE][PASSED] - Method.TextDegerineEsitElementinAltindakiTextboxtaYaz is PASSED

2021-10-14 17:44:57 - [MESSAGE][PASSED] - Call Test Case 'Test Cases/Filtreler/RaporNoYaz' successfully

2021-10-14 17:44:57 - [MESSAGE][INFO] - Checking called Test Case

2021-10-14 17:44:57 - [MESSAGE][INFO] - Starting to call Test Case 'Test Cases/Filtreler/ButonaTikla'

2021-10-14 17:44:57 - [TEST_CASE][PASSED] - Test Cases/Filtreler/ButonaTikla: Test Cases/Filtreler/ButonaTikla

2021-10-14 17:44:57 - [TEST_STEP][PASSED] - Method.TextDegerineEsitElementeTikla(findTestObject("Filtreler/Butonlar"), Filtre_Buton): Method.TextDegerineEsitElementeTikla is PASSED

2021-10-14 17:44:57 - [MESSAGE][INFO] - Finding Test Object 'Object Repository/Filtreler/Butonlar'

2021-10-14 17:44:58 - [MESSAGE][INFO] - Checking timeout

2021-10-14 17:44:58 - [MESSAGE][INFO] - Finding web element with id: 'Object Repository/Filtreler/Butonlar' located by 'By.cssSelector: .dxb>span' in '10' second(s)

2021-10-14 17:44:58 - [MESSAGE][INFO] - Smart Wait Function is triggered

2021-10-14 17:44:58 - [MESSAGE][INFO] - Found 2 web elements with id: 'Object Repository/Filtreler/Butonlar' located by 'By.cssSelector: .dxb>span' in '10' second(s)

2021-10-14 17:44:58 - [MESSAGE][PASSED] - Method.TextDegerineEsitElementeTikla is PASSED

2021-10-14 17:44:58 - [MESSAGE][PASSED] - Call Test Case 'Test Cases/Filtreler/ButonaTikla' successfully

2021-10-14 17:44:58 - [MESSAGE][INFO] - Checking called Test Case

2021-10-14 17:44:58 - [MESSAGE][INFO] - Starting to call Test Case 'Test Cases/Tablo/TablodaVeriVarMi'

2021-10-14 17:44:58 - [TEST_CASE][PASSED] - Test Cases/Tablo/TablodaVeriVarMi: Test Cases/Tablo/TablodaVeriVarMi

2021-10-14 17:44:58 - [TEST_STEP][PASSED] - verifyTextNotPresent("Görüntülenecek veri yok", true): Text 'Görüntülenecek veri yok' is not present on page using regular expression

2021-10-14 17:44:58 - [MESSAGE][INFO] - Checking text present  using regular expression

2021-10-14 17:44:58 - [MESSAGE][INFO] - Smart Wait Function is triggered

2021-10-14 17:45:04 - [MESSAGE][INFO] - Finding text 'Görüntülenecek veri yok' on page  using regular expression

2021-10-14 17:45:04 - [MESSAGE][PASSED] - Text 'Görüntülenecek veri yok' is not present on page using regular expression

2021-10-14 17:45:04 - [MESSAGE][PASSED] - Call Test Case 'Test Cases/Tablo/TablodaVeriVarMi' successfully

2021-10-14 17:45:04 - [MESSAGE][INFO] - Checking called Test Case

2021-10-14 17:45:04 - [MESSAGE][INFO] - Starting to call Test Case 'Test Cases/Kullanici_Islemleri/KullaniciIslemlerindenSecimYapilir'

2021-10-14 17:45:04 - [TEST_CASE][PASSED] - Test Cases/Kullanici_Islemleri/KullaniciIslemlerindenSecimYapilir: Test Cases/Kullanici_Islemleri/KullaniciIslemlerindenSecimYapilir

2021-10-14 17:45:04 - [TEST_STEP][PASSED] - waitForElementClickable(findTestObject("Object Repository/Kullanici_Islemleri/KullaniciIslemleri"), 10): Object 'Object Repository/Kullanici_Islemleri/KullaniciIslemleri' is clickable

2021-10-14 17:45:04 - [MESSAGE][INFO] - Finding Test Object 'Object Repository/Kullanici_Islemleri/KullaniciIslemleri'

2021-10-14 17:45:04 - [MESSAGE][INFO] - Checking object

2021-10-14 17:45:04 - [MESSAGE][INFO] - Checking timeout

2021-10-14 17:45:04 - [MESSAGE][INFO] - Finding web element from Test Object's properties

2021-10-14 17:45:04 - [MESSAGE][INFO] - Checking timeout

2021-10-14 17:45:04 - [MESSAGE][INFO] - Finding web element with id: 'Object Repository/Kullanici_Islemleri/KullaniciIslemleri' located by 'By.cssSelector: .dropdown>a>img' in '10' second(s)

2021-10-14 17:45:04 - [MESSAGE][INFO] - Smart Wait Function is triggered

2021-10-14 17:45:04 - [MESSAGE][INFO] - Found 1 web elements with id: 'Object Repository/Kullanici_Islemleri/KullaniciIslemleri' located by 'By.cssSelector: .dropdown>a>img' in '10' second(s)

2021-10-14 17:45:04 - [MESSAGE][PASSED] - Object 'Object Repository/Kullanici_Islemleri/KullaniciIslemleri' is clickable

2021-10-14 17:45:04 - [TEST_STEP][PASSED] - click(findTestObject("Object Repository/Kullanici_Islemleri/KullaniciIslemleri")): Object: 'Object Repository/Kullanici_Islemleri/KullaniciIslemleri' is clicked on

2021-10-14 17:45:04 - [MESSAGE][INFO] - Finding Test Object 'Object Repository/Kullanici_Islemleri/KullaniciIslemleri'

2021-10-14 17:45:04 - [MESSAGE][INFO] - Checking object

2021-10-14 17:45:04 - [MESSAGE][INFO] - Finding web element from Test Object's properties

2021-10-14 17:45:04 - [MESSAGE][INFO] - Checking timeout

2021-10-14 17:45:04 - [MESSAGE][INFO] - Finding web element with id: 'Object Repository/Kullanici_Islemleri/KullaniciIslemleri' located by 'By.cssSelector: .dropdown>a>img' in '30' second(s)

2021-10-14 17:45:04 - [MESSAGE][INFO] - Smart Wait Function is triggered

2021-10-14 17:45:05 - [MESSAGE][INFO] - Found 1 web elements with id: 'Object Repository/Kullanici_Islemleri/KullaniciIslemleri' located by 'By.cssSelector: .dropdown>a>img' in '30' second(s)

2021-10-14 17:45:05 - [MESSAGE][INFO] - Clicking on object: 'Object Repository/Kullanici_Islemleri/KullaniciIslemleri'

2021-10-14 17:45:05 - [MESSAGE][PASSED] - Object: 'Object Repository/Kullanici_Islemleri/KullaniciIslemleri' is clicked on

2021-10-14 17:45:05 - [TEST_STEP][PASSED] - Method.TextDegerineEsitElementeTikla(findTestObject("Object Repository/Kullanici_Islemleri/Secenekler"), Islem): Method.TextDegerineEsitElementeTikla is PASSED

2021-10-14 17:45:05 - [MESSAGE][INFO] - Finding Test Object 'Object Repository/Kullanici_Islemleri/Secenekler'

2021-10-14 17:45:05 - [MESSAGE][INFO] - Checking timeout

2021-10-14 17:45:05 - [MESSAGE][INFO] - Finding web element with id: 'Object Repository/Kullanici_Islemleri/Secenekler' located by 'By.cssSelector: .nav.navbar-nav.navbar-right li a' in '10' second(s)

2021-10-14 17:45:05 - [MESSAGE][INFO] - Smart Wait Function is triggered

2021-10-14 17:45:05 - [MESSAGE][INFO] - Found 22 web elements with id: 'Object Repository/Kullanici_Islemleri/Secenekler' located by 'By.cssSelector: .nav.navbar-nav.navbar-right li a' in '10' second(s)

2021-10-14 17:45:06 - [MESSAGE][PASSED] - Method.TextDegerineEsitElementeTikla is PASSED

2021-10-14 17:45:06 - [TEST_STEP][PASSED] - verifyElementNotPresent(findTestObject("Object Repository/Kullanici_Islemleri/Secenekler"), 10): Web element with id: 'Object Repository/Kullanici_Islemleri/Secenekler' located by 'By.cssSelector: .nav.navbar-nav.navbar-right li a' is not present after '10' second(s)

2021-10-14 17:45:06 - [MESSAGE][INFO] - Finding Test Object 'Object Repository/Kullanici_Islemleri/Secenekler'

2021-10-14 17:45:06 - [MESSAGE][INFO] - Checking object

2021-10-14 17:45:06 - [MESSAGE][INFO] - Checking timeout

2021-10-14 17:45:06 - [MESSAGE][INFO] - Finding web element with id: 'Object Repository/Kullanici_Islemleri/Secenekler' located by 'By.cssSelector: .nav.navbar-nav.navbar-right li a' in '10' second(s)

2021-10-14 17:45:06 - [MESSAGE][INFO] - Smart Wait Function is triggered

2021-10-14 17:45:06 - [MESSAGE][PASSED] - Web element with id: 'Object Repository/Kullanici_Islemleri/Secenekler' located by 'By.cssSelector: .nav.navbar-nav.navbar-right li a' is not present after '10' second(s)

2021-10-14 17:45:06 - [MESSAGE][PASSED] - Call Test Case 'Test Cases/Kullanici_Islemleri/KullaniciIslemlerindenSecimYapilir' successfully

2021-10-14 17:45:06 - [TEST_CASE][PASSED] - Start Test Case : SCENARIO Giden Zarflar Toplu Indirme - UBL Secilenlerin indirilmesi: SCENARIO Giden Zarflar Toplu Indirme - UBL Secilenlerin indirilmesi

2021-10-14 17:45:06 - [TEST_STEP][PASSED] - Kullanıcı adı ELOGO6 ve Şifre 123456 olarak giriş yapılır: Kullanıcı adı ELOGO6 ve Şifre 123456 olarak giriş yapılır

2021-10-14 17:45:06 - [MESSAGE][PASSED] - Kullanıcı adı ELOGO6 ve Şifre 123456 olarak giriş yapılır

2021-10-14 17:45:06 - [TEST_STEP][PASSED] - Ana menüden Zarflar seçilir: Ana menüden Zarflar seçilir

2021-10-14 17:45:06 - [MESSAGE][PASSED] - Ana menüden Zarflar seçilir

2021-10-14 17:45:06 - [TEST_STEP][PASSED] - Alt menüden Giden Zarflar seçilir: Alt menüden Giden Zarflar seçilir

2021-10-14 17:45:06 - [MESSAGE][PASSED] - Alt menüden Giden Zarflar seçilir

2021-10-14 17:45:06 - [TEST_STEP][PASSED] - Filtrelerden Oluşturma Tarihi filtresine 01.12.2020 baslangic degerini yaz: Filtrelerden Oluşturma Tarihi filtresine 01.12.2020 baslangic degerini yaz

2021-10-14 17:45:06 - [MESSAGE][PASSED] - Filtrelerden Oluşturma Tarihi filtresine 01.12.2020 baslangic degerini yaz

2021-10-14 17:45:06 - [TEST_STEP][PASSED] - Filtrelerden Oluşturma Tarihi filtresine 31.12.2020 bitis degerini yaz: Filtrelerden Oluşturma Tarihi filtresine 31.12.2020 bitis degerini yaz

2021-10-14 17:45:06 - [MESSAGE][PASSED] - Filtrelerden Oluşturma Tarihi filtresine 31.12.2020 bitis degerini yaz

2021-10-14 17:45:06 - [TEST_STEP][PASSED] - Filtrelerden Alıcı Ünvanı filtresine Test Kurum 6 textini yaz: Filtrelerden Alıcı Ünvanı filtresine Test Kurum 6 textini yaz

2021-10-14 17:45:06 - [MESSAGE][PASSED] - Filtrelerden Alıcı Ünvanı filtresine Test Kurum 6 textini yaz

2021-10-14 17:45:06 - [TEST_STEP][PASSED] - Filtre butonlarından Listele seçilir: Filtre butonlarından Listele seçilir

2021-10-14 17:45:06 - [MESSAGE][PASSED] - Filtre butonlarından Listele seçilir

2021-10-14 17:45:06 - [TEST_STEP][PASSED] - Tabloda veri var mı kontrol edilir: Tabloda veri var mı kontrol edilir

2021-10-14 17:45:06 - [MESSAGE][PASSED] - Tabloda veri var mı kontrol edilir

2021-10-14 17:45:06 - [TEST_STEP][PASSED] - Tablodan Test Kurum 6 isimli veri seçilir: Tablodan Test Kurum 6 isimli veri seçilir

2021-10-14 17:45:06 - [MESSAGE][PASSED] - Tablodan Test Kurum 6 isimli veri seçilir

2021-10-14 17:45:06 - [TEST_STEP][PASSED] - Butonlardan Toplu İndirme isimli butona tıklanır: Butonlardan Toplu İndirme isimli butona tıklanır

2021-10-14 17:45:06 - [MESSAGE][PASSED] - Butonlardan Toplu İndirme isimli butona tıklanır

2021-10-14 17:45:06 - [TEST_STEP][PASSED] - Alt butonlardan UBL Seçilenleri İndir butonuna tıklanır: Alt butonlardan UBL Seçilenleri İndir butonuna tıklanır

2021-10-14 17:45:06 - [MESSAGE][PASSED] - Alt butonlardan UBL Seçilenleri İndir butonuna tıklanır

2021-10-14 17:45:06 - [TEST_STEP][PASSED] - Popup mesajı Lütfen rapor bildiriminin gönderileceği e-posta adresini belirtiniz. içeriyor mu: Popup mesajı Lütfen rapor bildiriminin gönderileceği e-posta adresini belirtiniz. içeriyor mu

2021-10-14 17:45:06 - [MESSAGE][PASSED] - Popup mesajı Lütfen rapor bildiriminin gönderileceği e-posta adresini belirtiniz. içeriyor mu

2021-10-14 17:45:06 - [TEST_STEP][PASSED] - Yönetim popupında Gönder seçilir: Yönetim popupında Gönder seçilir

2021-10-14 17:45:06 - [MESSAGE][PASSED] - Yönetim popupında Gönder seçilir

2021-10-14 17:45:06 - [TEST_STEP][PASSED] - Popup mesajı Toplu Veri İndirme içeriyor mu: Popup mesajı Toplu Veri İndirme içeriyor mu

2021-10-14 17:45:06 - [MESSAGE][PASSED] - Popup mesajı Toplu Veri İndirme içeriyor mu

2021-10-14 17:45:06 - [TEST_STEP][PASSED] - Yönetim popupında Tamam seçilir: Yönetim popupında Tamam seçilir

2021-10-14 17:45:06 - [MESSAGE][PASSED] - Yönetim popupında Tamam seçilir

2021-10-14 17:45:06 - [TEST_STEP][PASSED] - Butonlardan Toplu İndirme isimli butona tıklanır: Butonlardan Toplu İndirme isimli butona tıklanır

2021-10-14 17:45:06 - [MESSAGE][PASSED] - Butonlardan Toplu İndirme isimli butona tıklanır

2021-10-14 17:45:06 - [TEST_STEP][PASSED] - Alt butonlardan UBL Tümünü İndir butonuna tıklanır: Alt butonlardan UBL Tümünü İndir butonuna tıklanır

2021-10-14 17:45:06 - [MESSAGE][PASSED] - Alt butonlardan UBL Tümünü İndir butonuna tıklanır

2021-10-14 17:45:06 - [TEST_STEP][PASSED] - Popup mesajı Lütfen rapor bildiriminin gönderileceği e-posta adresini belirtiniz. içeriyor mu: Popup mesajı Lütfen rapor bildiriminin gönderileceği e-posta adresini belirtiniz. içeriyor mu

2021-10-14 17:45:06 - [MESSAGE][PASSED] - Popup mesajı Lütfen rapor bildiriminin gönderileceği e-posta adresini belirtiniz. içeriyor mu

2021-10-14 17:45:06 - [TEST_STEP][PASSED] - Yönetim popupında Gönder seçilir: Yönetim popupında Gönder seçilir

2021-10-14 17:45:06 - [MESSAGE][PASSED] - Yönetim popupında Gönder seçilir

2021-10-14 17:45:06 - [TEST_STEP][PASSED] - Popup mesajı Toplu Veri İndirme içeriyor mu: Popup mesajı Toplu Veri İndirme içeriyor mu

2021-10-14 17:45:06 - [MESSAGE][PASSED] - Popup mesajı Toplu Veri İndirme içeriyor mu

2021-10-14 17:45:06 - [TEST_STEP][PASSED] - Yönetim popupında Tamam seçilir: Yönetim popupında Tamam seçilir

2021-10-14 17:45:06 - [MESSAGE][PASSED] - Yönetim popupında Tamam seçilir

2021-10-14 17:45:06 - [TEST_STEP][PASSED] - Ana menüden Raporlar seçilir: Ana menüden Raporlar seçilir

2021-10-14 17:45:06 - [MESSAGE][PASSED] - Ana menüden Raporlar seçilir

2021-10-14 17:45:06 - [TEST_STEP][PASSED] - Alt menüden Toplu Veri İndirme seçilir: Alt menüden Toplu Veri İndirme seçilir

2021-10-14 17:45:06 - [MESSAGE][PASSED] - Alt menüden Toplu Veri İndirme seçilir

2021-10-14 17:45:06 - [TEST_STEP][PASSED] - Filtrelerden Talep No filtresine Rapor No bilgisi yaz: Filtrelerden Talep No filtresine Rapor No bilgisi yaz

2021-10-14 17:45:06 - [MESSAGE][PASSED] - Filtrelerden Talep No filtresine Rapor No bilgisi yaz

2021-10-14 17:45:06 - [TEST_STEP][PASSED] - Filtre butonlarından Listele seçilir: Filtre butonlarından Listele seçilir

2021-10-14 17:45:06 - [MESSAGE][PASSED] - Filtre butonlarından Listele seçilir

2021-10-14 17:45:06 - [TEST_STEP][PASSED] - Tabloda veri var mı kontrol edilir: Tabloda veri var mı kontrol edilir

2021-10-14 17:45:06 - [MESSAGE][PASSED] - Tabloda veri var mı kontrol edilir

2021-10-14 17:45:06 - [TEST_STEP][PASSED] - Kullanıcı işlemlerinden Çıkış seçilir: Kullanıcı işlemlerinden Çıkış seçilir

2021-10-14 17:45:06 - [MESSAGE][PASSED] - Kullanıcı işlemlerinden Çıkış seçilir

2021-10-14 17:45:06 - [MESSAGE][PASSED] - Feature file: 'Include/features/Zarflar/Giden Zarflar/Toplu Indirme.feature' was passed

2021-10-14 17:45:06 - [TEST_STEP][PASSED] - Start listener action : sampleAfterTestSuite: Invoke 'com.kms.katalon.core.annotation.AfterTestCase' method: 'Listener.sampleAfterTestSuite(...)' completed.

2021-10-14 17:45:06 - [MESSAGE][INFO] - Starting invoke 'com.kms.katalon.core.annotation.AfterTestCase' method: 'Listener.sampleAfterTestSuite(...)'

2021-10-14 17:45:06 - [TEST_STEP][PASSED] - closeBrowser(): Invoke 'com.kms.katalon.core.annotation.AfterTestCase' method: 'Listener.sampleAfterTestSuite(...)' completed.

2021-10-14 17:45:06 - [MESSAGE][INFO] - Closing browser

2021-10-14 17:45:07 - [MESSAGE][PASSED] - Browser is closed

2021-10-14 17:45:07 - [MESSAGE][INFO] - Invoke 'com.kms.katalon.core.annotation.AfterTestCase' method: 'Listener.sampleAfterTestSuite(...)' completed.]]></system-out>
         <system-err><![CDATA[]]></system-err>
      </testcase>
      <system-out><![CDATA[2021-10-14 17:17:53 - [TEST_SUITE][FAILED] - ExceleAktarVeTopluIndirme: Test Cases/Case Repository/e-Fatura/Giden Kutusu/Faturalar/Toplu Indirme FAILED.
Reason:
com.kms.katalon.core.exception.StepFailedException: Feature file 'Include/features/e-Fatura/Giden Kutusu/Faturalar/Toplu Indirme.feature' was failed
	at com.kms.katalon.core.keyword.internal.KeywordMain.stepFailed(KeywordMain.groovy:50)
	at com.kms.katalon.core.keyword.internal.KeywordMain.stepFailed(KeywordMain.groovy)
	at com.kms.katalon.core.keyword.internal.KeywordMain.stepFailed(KeywordMain.groovy:23)
	at com.kms.katalon.core.keyword.internal.KeywordMain$stepFailed$0.call(Unknown Source)
	at com.kms.katalon.core.cucumber.keyword.CucumberBuiltinKeywords$_runFeatureFile_closure1.doCall(CucumberBuiltinKeywords.groovy:112)
	at com.kms.katalon.core.cucumber.keyword.CucumberBuiltinKeywords$_runFeatureFile_closure1.doCall(CucumberBuiltinKeywords.groovy)
	at com.kms.katalon.core.keyword.internal.KeywordMain.runKeyword(KeywordMain.groovy:68)
	at com.kms.katalon.core.keyword.internal.KeywordMain$runKeyword.call(Unknown Source)
	at com.kms.katalon.core.cucumber.keyword.CucumberBuiltinKeywords.runFeatureFile(CucumberBuiltinKeywords.groovy:73)
	at com.kms.katalon.core.cucumber.keyword.CucumberBuiltinKeywords$runFeatureFile$0.callStatic(Unknown Source)
	at com.kms.katalon.core.cucumber.keyword.CucumberBuiltinKeywords.runFeatureFile(CucumberBuiltinKeywords.groovy:246)
	at com.kms.katalon.core.cucumber.keyword.CucumberBuiltinKeywords$runFeatureFile.call(Unknown Source)
	at Toplu Indirme.run(Toplu Indirme:17)
	at com.kms.katalon.core.main.ScriptEngine.run(ScriptEngine.java:194)
	at com.kms.katalon.core.main.ScriptEngine.runScriptAsRawText(ScriptEngine.java:119)
	at com.kms.katalon.core.main.TestCaseExecutor.runScript(TestCaseExecutor.java:369)
	at com.kms.katalon.core.main.TestCaseExecutor.doExecute(TestCaseExecutor.java:360)
	at com.kms.katalon.core.main.TestCaseExecutor.processExecutionPhase(TestCaseExecutor.java:339)
	at com.kms.katalon.core.main.TestCaseExecutor.accessMainPhase(TestCaseExecutor.java:331)
	at com.kms.katalon.core.main.TestCaseExecutor.execute(TestCaseExecutor.java:248)
	at com.kms.katalon.core.main.TestSuiteExecutor.accessTestCaseMainPhase(TestSuiteExecutor.java:191)
	at com.kms.katalon.core.main.TestSuiteExecutor.accessTestSuiteMainPhase(TestSuiteExecutor.java:140)
	at com.kms.katalon.core.main.TestSuiteExecutor.execute(TestSuiteExecutor.java:89)
	at com.kms.katalon.core.main.TestCaseMain.startTestSuite(TestCaseMain.java:181)
	at com.kms.katalon.core.main.TestCaseMain$startTestSuite$0.call(Unknown Source)
	at TempTestSuite1634220085487.run(TempTestSuite1634220085487.groovy:39)]]></system-out>
      <system-err><![CDATA[2021-10-14 17:17:53 - [TEST_SUITE][FAILED] - ExceleAktarVeTopluIndirme: Test Cases/Case Repository/e-Fatura/Giden Kutusu/Faturalar/Toplu Indirme FAILED.
Reason:
com.kms.katalon.core.exception.StepFailedException: Feature file 'Include/features/e-Fatura/Giden Kutusu/Faturalar/Toplu Indirme.feature' was failed
	at com.kms.katalon.core.keyword.internal.KeywordMain.stepFailed(KeywordMain.groovy:50)
	at com.kms.katalon.core.keyword.internal.KeywordMain.stepFailed(KeywordMain.groovy)
	at com.kms.katalon.core.keyword.internal.KeywordMain.stepFailed(KeywordMain.groovy:23)
	at com.kms.katalon.core.keyword.internal.KeywordMain$stepFailed$0.call(Unknown Source)
	at com.kms.katalon.core.cucumber.keyword.CucumberBuiltinKeywords$_runFeatureFile_closure1.doCall(CucumberBuiltinKeywords.groovy:112)
	at com.kms.katalon.core.cucumber.keyword.CucumberBuiltinKeywords$_runFeatureFile_closure1.doCall(CucumberBuiltinKeywords.groovy)
	at com.kms.katalon.core.keyword.internal.KeywordMain.runKeyword(KeywordMain.groovy:68)
	at com.kms.katalon.core.keyword.internal.KeywordMain$runKeyword.call(Unknown Source)
	at com.kms.katalon.core.cucumber.keyword.CucumberBuiltinKeywords.runFeatureFile(CucumberBuiltinKeywords.groovy:73)
	at com.kms.katalon.core.cucumber.keyword.CucumberBuiltinKeywords$runFeatureFile$0.callStatic(Unknown Source)
	at com.kms.katalon.core.cucumber.keyword.CucumberBuiltinKeywords.runFeatureFile(CucumberBuiltinKeywords.groovy:246)
	at com.kms.katalon.core.cucumber.keyword.CucumberBuiltinKeywords$runFeatureFile.call(Unknown Source)
	at Toplu Indirme.run(Toplu Indirme:17)
	at com.kms.katalon.core.main.ScriptEngine.run(ScriptEngine.java:194)
	at com.kms.katalon.core.main.ScriptEngine.runScriptAsRawText(ScriptEngine.java:119)
	at com.kms.katalon.core.main.TestCaseExecutor.runScript(TestCaseExecutor.java:369)
	at com.kms.katalon.core.main.TestCaseExecutor.doExecute(TestCaseExecutor.java:360)
	at com.kms.katalon.core.main.TestCaseExecutor.processExecutionPhase(TestCaseExecutor.java:339)
	at com.kms.katalon.core.main.TestCaseExecutor.accessMainPhase(TestCaseExecutor.java:331)
	at com.kms.katalon.core.main.TestCaseExecutor.execute(TestCaseExecutor.java:248)
	at com.kms.katalon.core.main.TestSuiteExecutor.accessTestCaseMainPhase(TestSuiteExecutor.java:191)
	at com.kms.katalon.core.main.TestSuiteExecutor.accessTestSuiteMainPhase(TestSuiteExecutor.java:140)
	at com.kms.katalon.core.main.TestSuiteExecutor.execute(TestSuiteExecutor.java:89)
	at com.kms.katalon.core.main.TestCaseMain.startTestSuite(TestCaseMain.java:181)
	at com.kms.katalon.core.main.TestCaseMain$startTestSuite$0.call(Unknown Source)
	at TempTestSuite1634220085487.run(TempTestSuite1634220085487.groovy:39)]]></system-err>
   </testsuite>
</testsuites>
