<?xml version="1.0" encoding="UTF-8"?>
<testsuites name="Ayarlar" time="53.545" tests="1" failures="0" errors="0">
   <testsuite name="Ayarlar" tests="1" failures="0" errors="0" time="53.545" skipped="0" timestamp="2021-11-18 12:01:08" hostname="DELL - DESKTOP-QBVMTUG" id="">
      <properties>
         <property name="deviceName" value=""/>
         <property name="devicePlatform" value=""/>
         <property name="logFolder" value="C:\\Users\\DELL\\Documents\\GitHub\\EES_KatalonLogo\\Reports\\20211118_120101\\Suite Repository\\Ayarlar\\20211118_120101"/>
         <property name="logFiles" value="C:\\Users\\DELL\\Documents\\GitHub\\EES_KatalonLogo\\Reports\\20211118_120101\\Suite Repository\\Ayarlar\\20211118_120101\\execution0.log"/>
         <property name="attachments" value=""/>
         <property name="hostName" value="DELL - DESKTOP-QBVMTUG"/>
         <property name="os" value="Windows 10 64bit"/>
         <property name="katalonVersion" value="8.0.5.208"/>
         <property name="browser" value="Chrome 96.0.4664.45"/>
         <property name="hostAddress" value="192.168.1.24"/>
         <property name="sessionId" value="3de97db25e66b2139404efd2c6b467b3"/>
         <property name="seleniumVersion" value="3.141.59"/>
         <property name="proxyInformation" value="ProxyInformation { proxyOption=NO_PROXY, proxyServerType=HTTP, username=, password=********, proxyServerAddress=, proxyServerPort=0, executionList=&quot;&quot;, isApplyToDesiredCapabilities=true }"/>
         <property name="platform" value="Windows 10"/>
      </properties>
      <testcase name="Test Cases/Case Repository/Ayarlar/Gorsel Tasarim/Tasarim Araclari/Yukle e-Fatura" time="48.271" classname="Test Cases/Case Repository/Ayarlar/Gorsel Tasarim/Tasarim Araclari/Yukle e-Fatura" status="PASSED">
         <system-out><![CDATA[2021-11-18 12:01:08 - [TEST_CASE][PASSED] - Test Cases/Case Repository/Ayarlar/Gorsel Tasarim/Tasarim Araclari/Yukle e-Fatura: Test Cases/Case Repository/Ayarlar/Gorsel Tasarim/Tasarim Araclari/Yukle e-Fatura

2021-11-18 12:01:08 - [TEST_STEP][PASSED] - Start listener action : sampleBeforeTestSuite: Invoke 'com.kms.katalon.core.annotation.BeforeTestCase' method: 'Listener.sampleBeforeTestSuite(...)' completed.

2021-11-18 12:01:08 - [MESSAGE][INFO] - Starting invoke 'com.kms.katalon.core.annotation.BeforeTestCase' method: 'Listener.sampleBeforeTestSuite(...)'

2021-11-18 12:01:08 - [TEST_STEP][PASSED] - openBrowser(baseUrl): Browser is opened with url: 'https://efatura-stage.elogo.com.tr/'

2021-11-18 12:01:09 - [MESSAGE][INFO] - Opening browser

2021-11-18 12:01:09 - [MESSAGE][INFO] - Starting 'Chrome' driver

2021-11-18 12:01:09 - [MESSAGE][INFO] - User set preference: ['prefs', '{download.default_directory=C:\otomasyondownfiles}']

2021-11-18 12:01:09 - [MESSAGE][INFO] - Action delay is set to 0 milliseconds

2021-11-18 12:01:11 - [MESSAGE][INFO] - Navigating browser to: 'https://efatura-stage.elogo.com.tr/'

2021-11-18 12:01:14 - [MESSAGE][PASSED] - Browser is opened with url: 'https://efatura-stage.elogo.com.tr/'

2021-11-18 12:01:14 - [TEST_STEP][PASSED] - maximizeWindow(): Invoke 'com.kms.katalon.core.annotation.BeforeTestCase' method: 'Listener.sampleBeforeTestSuite(...)' completed.

2021-11-18 12:01:14 - [MESSAGE][INFO] - Maximizing current window

2021-11-18 12:01:14 - [MESSAGE][PASSED] - Current window maximized

2021-11-18 12:01:14 - [MESSAGE][INFO] - Invoke 'com.kms.katalon.core.annotation.BeforeTestCase' method: 'Listener.sampleBeforeTestSuite(...)' completed.

2021-11-18 12:01:14 - [TEST_STEP][PASSED] - runFeatureFile("Include/features/Ayarlar/Gorsel Tasarimlar/Tasarim Araclari/Yukle e-Fatura.feature"): Feature file: 'Include/features/Ayarlar/Gorsel Tasarimlar/Tasarim Araclari/Yukle e-Fatura.feature' was passed

2021-11-18 12:01:14 - [MESSAGE][INFO] - Starting run keyword runFeatureFile: 'Include/features/Ayarlar/Gorsel Tasarimlar/Tasarim Araclari/Yukle e-Fatura.feature' and extract report to folder: 'C:\Users\DELL\Documents\GitHub\EES_KatalonLogo\Reports\20211118_120101\Suite Repository\Ayarlar\20211118_120101/cucumber_report/1637226074736'...

2021-11-18 12:01:14 - [MESSAGE][INFO] - Glue: []

2021-11-18 12:01:16 - [MESSAGE][INFO] - Checking called Test Case

2021-11-18 12:01:16 - [MESSAGE][INFO] - Starting to call Test Case 'Test Cases/Sayfalar/Giris_Sayfasi/Login'

2021-11-18 12:01:16 - [TEST_CASE][PASSED] - Test Cases/Sayfalar/Giris_Sayfasi/Login: Test Cases/Sayfalar/Giris_Sayfasi/Login

2021-11-18 12:01:17 - [TEST_STEP][PASSED] - Sayfa_Basligi = getWindowTitle(): Current window's title is: 'LOGO e-Fatura'

2021-11-18 12:01:17 - [MESSAGE][INFO] - Getting current window's title

2021-11-18 12:01:17 - [MESSAGE][PASSED] - Current window's title is: 'LOGO e-Fatura'

2021-11-18 12:01:17 - [TEST_STEP][PASSED] - verifyMatch(Sayfa_Basligi, "LOGO e-Fatura", false): Actual text 'LOGO e-Fatura' and expected text 'LOGO e-Fatura' are matched 

2021-11-18 12:01:17 - [MESSAGE][INFO] - Matching actual text 'LOGO e-Fatura' with expected text 'LOGO e-Fatura'

2021-11-18 12:01:17 - [MESSAGE][PASSED] - Actual text 'LOGO e-Fatura' and expected text 'LOGO e-Fatura' are matched 

2021-11-18 12:01:17 - [TEST_STEP][PASSED] - sendKeys(findTestObject("Sayfalar/Giris_Sayfasi/Firma_Kodu"), KullaniciAdi): Keys 'ELOGO6' sent to object: 'Object Repository/Sayfalar/Giris_Sayfasi/Firma_Kodu'

2021-11-18 12:01:17 - [MESSAGE][INFO] - Finding Test Object 'Object Repository/Sayfalar/Giris_Sayfasi/Firma_Kodu'

2021-11-18 12:01:17 - [MESSAGE][INFO] - Sending keys 'ELOGO6' to object: 'Object Repository/Sayfalar/Giris_Sayfasi/Firma_Kodu'

2021-11-18 12:01:17 - [MESSAGE][INFO] - Finding web element from Test Object's properties

2021-11-18 12:01:17 - [MESSAGE][INFO] - Checking timeout

2021-11-18 12:01:17 - [MESSAGE][INFO] - Finding web element with id: 'Object Repository/Sayfalar/Giris_Sayfasi/Firma_Kodu' located by 'By.xpath: //*[@id = 'AccountName']' in '30' second(s)

2021-11-18 12:01:17 - [MESSAGE][INFO] - Smart Wait Function is triggered

2021-11-18 12:01:17 - [MESSAGE][INFO] - Found 1 web elements with id: 'Object Repository/Sayfalar/Giris_Sayfasi/Firma_Kodu' located by 'By.xpath: //*[@id = 'AccountName']' in '30' second(s)

2021-11-18 12:01:17 - [MESSAGE][PASSED] - Keys 'ELOGO6' sent to object: 'Object Repository/Sayfalar/Giris_Sayfasi/Firma_Kodu'

2021-11-18 12:01:17 - [TEST_STEP][PASSED] - sendKeys(findTestObject("Sayfalar/Giris_Sayfasi/Sifre"), Sifre): Keys '123456' sent to object: 'Object Repository/Sayfalar/Giris_Sayfasi/Sifre'

2021-11-18 12:01:17 - [MESSAGE][INFO] - Finding Test Object 'Object Repository/Sayfalar/Giris_Sayfasi/Sifre'

2021-11-18 12:01:17 - [MESSAGE][INFO] - Sending keys '123456' to object: 'Object Repository/Sayfalar/Giris_Sayfasi/Sifre'

2021-11-18 12:01:17 - [MESSAGE][INFO] - Finding web element from Test Object's properties

2021-11-18 12:01:17 - [MESSAGE][INFO] - Checking timeout

2021-11-18 12:01:17 - [MESSAGE][INFO] - Finding web element with id: 'Object Repository/Sayfalar/Giris_Sayfasi/Sifre' located by 'By.xpath: //*[@id = 'Password']' in '30' second(s)

2021-11-18 12:01:17 - [MESSAGE][INFO] - Smart Wait Function is triggered

2021-11-18 12:01:18 - [MESSAGE][INFO] - Found 1 web elements with id: 'Object Repository/Sayfalar/Giris_Sayfasi/Sifre' located by 'By.xpath: //*[@id = 'Password']' in '30' second(s)

2021-11-18 12:01:18 - [MESSAGE][PASSED] - Keys '123456' sent to object: 'Object Repository/Sayfalar/Giris_Sayfasi/Sifre'

2021-11-18 12:01:18 - [TEST_STEP][PASSED] - findWebElement(findTestObject("Sayfalar/Giris_Sayfasi/Giris_Butonu")).click(): Found 1 web elements with id: 'Object Repository/Sayfalar/Giris_Sayfasi/Giris_Butonu' located by 'By.cssSelector: #btnLogin' in '30' second(s)

2021-11-18 12:01:18 - [MESSAGE][INFO] - Finding Test Object 'Object Repository/Sayfalar/Giris_Sayfasi/Giris_Butonu'

2021-11-18 12:01:18 - [MESSAGE][INFO] - Finding web element from Test Object's properties

2021-11-18 12:01:18 - [MESSAGE][INFO] - Checking timeout

2021-11-18 12:01:18 - [MESSAGE][INFO] - Finding web element with id: 'Object Repository/Sayfalar/Giris_Sayfasi/Giris_Butonu' located by 'By.cssSelector: #btnLogin' in '30' second(s)

2021-11-18 12:01:18 - [MESSAGE][INFO] - Smart Wait Function is triggered

2021-11-18 12:01:18 - [MESSAGE][INFO] - Found 1 web elements with id: 'Object Repository/Sayfalar/Giris_Sayfasi/Giris_Butonu' located by 'By.cssSelector: #btnLogin' in '30' second(s)

2021-11-18 12:01:21 - [TEST_STEP][PASSED] - if (verifyElementPresent(findTestObject("Object Repository/Sayfalar/Giris_Sayfasi/RetveTamam_Butonu"), 5, OPTIONAL)): null

2021-11-18 12:01:21 - [MESSAGE][INFO] - Finding Test Object 'Object Repository/Sayfalar/Giris_Sayfasi/RetveTamam_Butonu'

2021-11-18 12:01:21 - [MESSAGE][INFO] - Checking object

2021-11-18 12:01:21 - [MESSAGE][INFO] - Finding web element from Test Object's properties

2021-11-18 12:01:21 - [MESSAGE][INFO] - Checking timeout

2021-11-18 12:01:21 - [MESSAGE][INFO] - Finding web element with id: 'Object Repository/Sayfalar/Giris_Sayfasi/RetveTamam_Butonu' located by 'By.xpath: //*[@class = 'btn btn-default']' in '5' second(s)

2021-11-18 12:01:21 - [MESSAGE][INFO] - Smart Wait Function is triggered

2021-11-18 12:01:21 - [MESSAGE][INFO] - Found 1 web elements with id: 'Object Repository/Sayfalar/Giris_Sayfasi/RetveTamam_Butonu' located by 'By.xpath: //*[@class = 'btn btn-default']' in '5' second(s)

2021-11-18 12:01:21 - [MESSAGE][PASSED] - Object 'Object Repository/Sayfalar/Giris_Sayfasi/RetveTamam_Butonu' is present

2021-11-18 12:01:21 - [TEST_STEP][PASSED] - click(findTestObject("Object Repository/Sayfalar/Giris_Sayfasi/RetveTamam_Butonu")): Object: 'Object Repository/Sayfalar/Giris_Sayfasi/RetveTamam_Butonu' is clicked on

2021-11-18 12:01:21 - [MESSAGE][INFO] - Finding Test Object 'Object Repository/Sayfalar/Giris_Sayfasi/RetveTamam_Butonu'

2021-11-18 12:01:21 - [MESSAGE][INFO] - Checking object

2021-11-18 12:01:21 - [MESSAGE][INFO] - Finding web element from Test Object's properties

2021-11-18 12:01:21 - [MESSAGE][INFO] - Checking timeout

2021-11-18 12:01:21 - [MESSAGE][INFO] - Finding web element with id: 'Object Repository/Sayfalar/Giris_Sayfasi/RetveTamam_Butonu' located by 'By.xpath: //*[@class = 'btn btn-default']' in '30' second(s)

2021-11-18 12:01:21 - [MESSAGE][INFO] - Smart Wait Function is triggered

2021-11-18 12:01:21 - [MESSAGE][INFO] - Found 1 web elements with id: 'Object Repository/Sayfalar/Giris_Sayfasi/RetveTamam_Butonu' located by 'By.xpath: //*[@class = 'btn btn-default']' in '30' second(s)

2021-11-18 12:01:21 - [MESSAGE][INFO] - Clicking on object: 'Object Repository/Sayfalar/Giris_Sayfasi/RetveTamam_Butonu'

2021-11-18 12:01:21 - [MESSAGE][PASSED] - Object: 'Object Repository/Sayfalar/Giris_Sayfasi/RetveTamam_Butonu' is clicked on

2021-11-18 12:01:21 - [TEST_STEP][PASSED] - click(findTestObject("Object Repository/Sayfalar/Giris_Sayfasi/RetveTamam_Butonu")): Object: 'Object Repository/Sayfalar/Giris_Sayfasi/RetveTamam_Butonu' is clicked on

2021-11-18 12:01:21 - [MESSAGE][INFO] - Finding Test Object 'Object Repository/Sayfalar/Giris_Sayfasi/RetveTamam_Butonu'

2021-11-18 12:01:22 - [MESSAGE][INFO] - Checking object

2021-11-18 12:01:22 - [MESSAGE][INFO] - Finding web element from Test Object's properties

2021-11-18 12:01:22 - [MESSAGE][INFO] - Checking timeout

2021-11-18 12:01:22 - [MESSAGE][INFO] - Finding web element with id: 'Object Repository/Sayfalar/Giris_Sayfasi/RetveTamam_Butonu' located by 'By.xpath: //*[@class = 'btn btn-default']' in '30' second(s)

2021-11-18 12:01:22 - [MESSAGE][INFO] - Smart Wait Function is triggered

2021-11-18 12:01:26 - [MESSAGE][INFO] - Found 1 web elements with id: 'Object Repository/Sayfalar/Giris_Sayfasi/RetveTamam_Butonu' located by 'By.xpath: //*[@class = 'btn btn-default']' in '30' second(s)

2021-11-18 12:01:26 - [MESSAGE][INFO] - Clicking on object: 'Object Repository/Sayfalar/Giris_Sayfasi/RetveTamam_Butonu'

2021-11-18 12:01:26 - [MESSAGE][PASSED] - Object: 'Object Repository/Sayfalar/Giris_Sayfasi/RetveTamam_Butonu' is clicked on

2021-11-18 12:01:26 - [TEST_STEP][PASSED] - if (verifyElementPresent(findTestObject("Sayfalar/Giris_Sayfasi/PopupOK"), 5, OPTIONAL)): null

2021-11-18 12:01:26 - [MESSAGE][INFO] - Finding Test Object 'Object Repository/Sayfalar/Giris_Sayfasi/PopupOK'

2021-11-18 12:01:26 - [MESSAGE][INFO] - Checking object

2021-11-18 12:01:26 - [MESSAGE][INFO] - Finding web element from Test Object's properties

2021-11-18 12:01:26 - [MESSAGE][INFO] - Checking timeout

2021-11-18 12:01:26 - [MESSAGE][INFO] - Finding web element with id: 'Object Repository/Sayfalar/Giris_Sayfasi/PopupOK' located by 'By.cssSelector: .btn.btn-success' in '5' second(s)

2021-11-18 12:01:26 - [MESSAGE][INFO] - Smart Wait Function is triggered

2021-11-18 12:01:27 - [MESSAGE][INFO] - Found 1 web elements with id: 'Object Repository/Sayfalar/Giris_Sayfasi/PopupOK' located by 'By.cssSelector: .btn.btn-success' in '5' second(s)

2021-11-18 12:01:27 - [MESSAGE][PASSED] - Object 'Object Repository/Sayfalar/Giris_Sayfasi/PopupOK' is present

2021-11-18 12:01:27 - [TEST_STEP][PASSED] - click(findTestObject("Object Repository/Sayfalar/Giris_Sayfasi/PopupCarpiGiris")): Object: 'Object Repository/Sayfalar/Giris_Sayfasi/PopupCarpiGiris' is clicked on

2021-11-18 12:01:27 - [MESSAGE][INFO] - Finding Test Object 'Object Repository/Sayfalar/Giris_Sayfasi/PopupCarpiGiris'

2021-11-18 12:01:27 - [MESSAGE][INFO] - Checking object

2021-11-18 12:01:27 - [MESSAGE][INFO] - Finding web element from Test Object's properties

2021-11-18 12:01:27 - [MESSAGE][INFO] - Checking timeout

2021-11-18 12:01:27 - [MESSAGE][INFO] - Finding web element with id: 'Object Repository/Sayfalar/Giris_Sayfasi/PopupCarpiGiris' located by 'By.cssSelector: .bootbox-close-button.close' in '30' second(s)

2021-11-18 12:01:27 - [MESSAGE][INFO] - Smart Wait Function is triggered

2021-11-18 12:01:27 - [MESSAGE][INFO] - Found 1 web elements with id: 'Object Repository/Sayfalar/Giris_Sayfasi/PopupCarpiGiris' located by 'By.cssSelector: .bootbox-close-button.close' in '30' second(s)

2021-11-18 12:01:27 - [MESSAGE][INFO] - Clicking on object: 'Object Repository/Sayfalar/Giris_Sayfasi/PopupCarpiGiris'

2021-11-18 12:01:27 - [MESSAGE][PASSED] - Object: 'Object Repository/Sayfalar/Giris_Sayfasi/PopupCarpiGiris' is clicked on

2021-11-18 12:01:27 - [TEST_STEP][PASSED] - verifyElementVisible(findTestObject("Object Repository/Kullanici_Islemleri/KullaniciIslemleri")): Object 'Object Repository/Kullanici_Islemleri/KullaniciIslemleri' is visible

2021-11-18 12:01:27 - [MESSAGE][INFO] - Finding Test Object 'Object Repository/Kullanici_Islemleri/KullaniciIslemleri'

2021-11-18 12:01:27 - [MESSAGE][INFO] - Checking object

2021-11-18 12:01:27 - [MESSAGE][INFO] - Finding web element from Test Object's properties

2021-11-18 12:01:27 - [MESSAGE][INFO] - Checking timeout

2021-11-18 12:01:27 - [MESSAGE][INFO] - Finding web element with id: 'Object Repository/Kullanici_Islemleri/KullaniciIslemleri' located by 'By.cssSelector: .dropdown>a>img' in '30' second(s)

2021-11-18 12:01:27 - [MESSAGE][INFO] - Smart Wait Function is triggered

2021-11-18 12:01:28 - [MESSAGE][INFO] - Found 1 web elements with id: 'Object Repository/Kullanici_Islemleri/KullaniciIslemleri' located by 'By.cssSelector: .dropdown>a>img' in '30' second(s)

2021-11-18 12:01:28 - [MESSAGE][PASSED] - Object 'Object Repository/Kullanici_Islemleri/KullaniciIslemleri' is visible

2021-11-18 12:01:28 - [MESSAGE][PASSED] - Call Test Case 'Test Cases/Sayfalar/Giris_Sayfasi/Login' successfully

2021-11-18 12:01:28 - [MESSAGE][INFO] - Checking called Test Case

2021-11-18 12:01:28 - [MESSAGE][INFO] - Starting to call Test Case 'Test Cases/Menu/AnaMenuSecimi'

2021-11-18 12:01:28 - [TEST_CASE][PASSED] - Test Cases/Menu/AnaMenuSecimi: Test Cases/Menu/AnaMenuSecimi

2021-11-18 12:01:28 - [TEST_STEP][PASSED] - Method.TextDegerineEsitElementeTikla(findTestObject("Menu/Ana_Menu"), Ana_Menu): Method.TextDegerineEsitElementeTikla is PASSED

2021-11-18 12:01:28 - [MESSAGE][INFO] - Finding Test Object 'Object Repository/Menu/Ana_Menu'

2021-11-18 12:01:28 - [MESSAGE][INFO] - Checking timeout

2021-11-18 12:01:28 - [MESSAGE][INFO] - Finding web element with id: 'Object Repository/Menu/Ana_Menu' located by 'By.xpath: //*[@class = 'dropdown-toggle']' in '10' second(s)

2021-11-18 12:01:28 - [MESSAGE][INFO] - Smart Wait Function is triggered

2021-11-18 12:01:29 - [MESSAGE][INFO] - Found 14 web elements with id: 'Object Repository/Menu/Ana_Menu' located by 'By.xpath: //*[@class = 'dropdown-toggle']' in '10' second(s)

2021-11-18 12:01:29 - [MESSAGE][PASSED] - Method.TextDegerineEsitElementeTikla is PASSED

2021-11-18 12:01:29 - [MESSAGE][PASSED] - Call Test Case 'Test Cases/Menu/AnaMenuSecimi' successfully

2021-11-18 12:01:29 - [MESSAGE][INFO] - Checking called Test Case

2021-11-18 12:01:29 - [MESSAGE][INFO] - Starting to call Test Case 'Test Cases/Menu/BasligaGoreAltMenuSecimi'

2021-11-18 12:01:29 - [TEST_CASE][PASSED] - Test Cases/Menu/BasligaGoreAltMenuSecimi: Test Cases/Menu/BasligaGoreAltMenuSecimi

2021-11-18 12:01:30 - [TEST_STEP][PASSED] - Method.TextDegerineEsitElementinAltindakiTextDegerineEsitOlanaTikla(findTestObject("Menu/Menu_Basligi"), findTestObject("Menu/Basliga_Gore_Alt_Menu"), Baslik, Alt_Menu): Method.TextDegerineEsitElementinAltindakiTextDegerineEsitOlanaTikla is PASSED

2021-11-18 12:01:30 - [MESSAGE][INFO] - Finding Test Object 'Object Repository/Menu/Menu_Basligi'

2021-11-18 12:01:30 - [MESSAGE][INFO] - Finding Test Object 'Object Repository/Menu/Basliga_Gore_Alt_Menu'

2021-11-18 12:01:30 - [MESSAGE][INFO] - Checking timeout

2021-11-18 12:01:30 - [MESSAGE][INFO] - Finding web element with id: 'Object Repository/Menu/Menu_Basligi' located by 'By.xpath: //li[@class='dropdown dropdown-large open']//li[@class='dropdown-header']' in '10' second(s)

2021-11-18 12:01:30 - [MESSAGE][INFO] - Smart Wait Function is triggered

2021-11-18 12:01:30 - [MESSAGE][INFO] - Found 2 web elements with id: 'Object Repository/Menu/Menu_Basligi' located by 'By.xpath: //li[@class='dropdown dropdown-large open']//li[@class='dropdown-header']' in '10' second(s)

2021-11-18 12:01:30 - [MESSAGE][INFO] - Smart Wait Function is triggered

2021-11-18 12:01:37 - [MESSAGE][PASSED] - Method.TextDegerineEsitElementinAltindakiTextDegerineEsitOlanaTikla is PASSED

2021-11-18 12:01:37 - [MESSAGE][PASSED] - Call Test Case 'Test Cases/Menu/BasligaGoreAltMenuSecimi' successfully

2021-11-18 12:01:37 - [MESSAGE][INFO] - Checking called Test Case

2021-11-18 12:01:37 - [MESSAGE][INFO] - Starting to call Test Case 'Test Cases/Tablo/TablodaVeriVarMi'

2021-11-18 12:01:37 - [TEST_CASE][PASSED] - Test Cases/Tablo/TablodaVeriVarMi: Test Cases/Tablo/TablodaVeriVarMi

2021-11-18 12:01:37 - [TEST_STEP][PASSED] - verifyTextNotPresent("Görüntülenecek veri yok", true): Text 'Görüntülenecek veri yok' is not present on page using regular expression

2021-11-18 12:01:37 - [MESSAGE][INFO] - Checking text present  using regular expression

2021-11-18 12:01:37 - [MESSAGE][INFO] - Smart Wait Function is triggered

2021-11-18 12:01:38 - [MESSAGE][INFO] - Finding text 'Görüntülenecek veri yok' on page  using regular expression

2021-11-18 12:01:38 - [MESSAGE][PASSED] - Text 'Görüntülenecek veri yok' is not present on page using regular expression

2021-11-18 12:01:38 - [MESSAGE][PASSED] - Call Test Case 'Test Cases/Tablo/TablodaVeriVarMi' successfully

2021-11-18 12:01:38 - [MESSAGE][INFO] - Checking called Test Case

2021-11-18 12:01:38 - [MESSAGE][INFO] - Starting to call Test Case 'Test Cases/Butonlar/ButonaTikla'

2021-11-18 12:01:38 - [TEST_CASE][PASSED] - Test Cases/Butonlar/ButonaTikla: Test Cases/Butonlar/ButonaTikla

2021-11-18 12:01:38 - [TEST_STEP][PASSED] - Method.TextDegerineEsitElementeTiklaEquals(findTestObject("Butonlar/Butonlar"), Buton_Adi): Method.TextDegerineEsitElementeTiklaEquals is PASSED

2021-11-18 12:01:38 - [MESSAGE][INFO] - Finding Test Object 'Object Repository/Butonlar/Butonlar'

2021-11-18 12:01:38 - [MESSAGE][INFO] - Checking timeout

2021-11-18 12:01:38 - [MESSAGE][INFO] - Finding web element with id: 'Object Repository/Butonlar/Butonlar' located by 'By.cssSelector: .panel.panel-default.text-center.footerPanel .btn,.btn.btn-primary.btnControls' in '10' second(s)

2021-11-18 12:01:38 - [MESSAGE][INFO] - Smart Wait Function is triggered

2021-11-18 12:01:38 - [MESSAGE][INFO] - Found 7 web elements with id: 'Object Repository/Butonlar/Butonlar' located by 'By.cssSelector: .panel.panel-default.text-center.footerPanel .btn,.btn.btn-primary.btnControls' in '10' second(s)

2021-11-18 12:01:39 - [MESSAGE][PASSED] - Method.TextDegerineEsitElementeTiklaEquals is PASSED

2021-11-18 12:01:39 - [MESSAGE][PASSED] - Call Test Case 'Test Cases/Butonlar/ButonaTikla' successfully

2021-11-18 12:01:39 - [MESSAGE][INFO] - Checking called Test Case

2021-11-18 12:01:39 - [MESSAGE][INFO] - Starting to call Test Case 'Test Cases/Butonlar/AltButonaTikla'

2021-11-18 12:01:39 - [TEST_CASE][PASSED] - Test Cases/Butonlar/AltButonaTikla: Test Cases/Butonlar/AltButonaTikla

2021-11-18 12:01:39 - [TEST_STEP][PASSED] - Method.TextDegerineEsitElementeTikla(findTestObject("Butonlar/AltButonlar"), Alt_Buton): Method.TextDegerineEsitElementeTikla is PASSED

2021-11-18 12:01:39 - [MESSAGE][INFO] - Finding Test Object 'Object Repository/Butonlar/AltButonlar'

2021-11-18 12:01:39 - [MESSAGE][INFO] - Checking timeout

2021-11-18 12:01:39 - [MESSAGE][INFO] - Finding web element with id: 'Object Repository/Butonlar/AltButonlar' located by 'By.cssSelector: .btn-group.open li>a' in '10' second(s)

2021-11-18 12:01:39 - [MESSAGE][INFO] - Smart Wait Function is triggered

2021-11-18 12:01:39 - [MESSAGE][INFO] - Found 5 web elements with id: 'Object Repository/Butonlar/AltButonlar' located by 'By.cssSelector: .btn-group.open li>a' in '10' second(s)

2021-11-18 12:01:40 - [MESSAGE][PASSED] - Method.TextDegerineEsitElementeTikla is PASSED

2021-11-18 12:01:40 - [MESSAGE][PASSED] - Call Test Case 'Test Cases/Butonlar/AltButonaTikla' successfully

2021-11-18 12:01:40 - [MESSAGE][INFO] - Checking called Test Case

2021-11-18 12:01:40 - [MESSAGE][INFO] - Starting to call Test Case 'Test Cases/Yukle/TasarimAraclariDosyaYukleme'

2021-11-18 12:01:40 - [TEST_CASE][PASSED] - Test Cases/Yukle/TasarimAraclariDosyaYukleme: Test Cases/Yukle/TasarimAraclariDosyaYukleme

2021-11-18 12:01:40 - [TEST_STEP][PASSED] - switchToFrame(findTestObject("Sayfalar/Giris_Sayfasi/FrameYuklemeEkrani"), 3): Switched to iframe: 'Object Repository/Sayfalar/Giris_Sayfasi/FrameYuklemeEkrani'

2021-11-18 12:01:40 - [MESSAGE][INFO] - Finding Test Object 'Object Repository/Sayfalar/Giris_Sayfasi/FrameYuklemeEkrani'

2021-11-18 12:01:40 - [MESSAGE][INFO] - Switching to iframe: 'Object Repository/Sayfalar/Giris_Sayfasi/FrameYuklemeEkrani'

2021-11-18 12:01:40 - [MESSAGE][INFO] - Finding web element from Test Object's properties

2021-11-18 12:01:40 - [MESSAGE][INFO] - Checking timeout

2021-11-18 12:01:40 - [MESSAGE][INFO] - Finding web element with id: 'Object Repository/Sayfalar/Giris_Sayfasi/FrameYuklemeEkrani' located by 'By.xpath: //*[@id = 'InvoiceDesignUploadPopUpFrame']' in '3' second(s)

2021-11-18 12:01:40 - [MESSAGE][INFO] - Smart Wait Function is triggered

2021-11-18 12:01:41 - [MESSAGE][INFO] - Found 1 web elements with id: 'Object Repository/Sayfalar/Giris_Sayfasi/FrameYuklemeEkrani' located by 'By.xpath: //*[@id = 'InvoiceDesignUploadPopUpFrame']' in '3' second(s)

2021-11-18 12:01:41 - [MESSAGE][INFO] - Switched to iframe: 'Object Repository/Sayfalar/Giris_Sayfasi/FrameYuklemeEkrani'

2021-11-18 12:01:41 - [TEST_STEP][PASSED] - waitForElementPresent(findTestObject("Object Repository/Yukle/DosyaYukle"), 10): Object 'Object Repository/Yukle/DosyaYukle' is present

2021-11-18 12:01:41 - [MESSAGE][INFO] - Finding Test Object 'Object Repository/Yukle/DosyaYukle'

2021-11-18 12:01:41 - [MESSAGE][INFO] - Checking object

2021-11-18 12:01:41 - [MESSAGE][INFO] - Finding web element from Test Object's properties

2021-11-18 12:01:41 - [MESSAGE][INFO] - Checking timeout

2021-11-18 12:01:41 - [MESSAGE][INFO] - Finding web element with id: 'Object Repository/Yukle/DosyaYukle' located by 'By.cssSelector: .dxucTextBox_LECustomTheme.dxucNullText_LECustomTheme>input' in '10' second(s)

2021-11-18 12:01:41 - [MESSAGE][INFO] - Smart Wait Function is triggered

2021-11-18 12:01:41 - [MESSAGE][INFO] - Found 2 web elements with id: 'Object Repository/Yukle/DosyaYukle' located by 'By.cssSelector: .dxucTextBox_LECustomTheme.dxucNullText_LECustomTheme>input' in '10' second(s)

2021-11-18 12:01:41 - [MESSAGE][PASSED] - Object 'Object Repository/Yukle/DosyaYukle' is present

2021-11-18 12:01:41 - [TEST_STEP][PASSED] - sendKeys(findTestObject("Object Repository/Yukle/DosyaYukle"), Dosya): Keys 'C:\otomasyonupfiles\Ayarlar\FCDD449F-F6B4-4D5F-B436-1E81B80A7193.xslt' sent to object: 'Object Repository/Yukle/DosyaYukle'

2021-11-18 12:01:41 - [MESSAGE][INFO] - Finding Test Object 'Object Repository/Yukle/DosyaYukle'

2021-11-18 12:01:41 - [MESSAGE][INFO] - Sending keys 'C:\otomasyonupfiles\Ayarlar\FCDD449F-F6B4-4D5F-B436-1E81B80A7193.xslt' to object: 'Object Repository/Yukle/DosyaYukle'

2021-11-18 12:01:41 - [MESSAGE][INFO] - Finding web element from Test Object's properties

2021-11-18 12:01:41 - [MESSAGE][INFO] - Checking timeout

2021-11-18 12:01:41 - [MESSAGE][INFO] - Finding web element with id: 'Object Repository/Yukle/DosyaYukle' located by 'By.cssSelector: .dxucTextBox_LECustomTheme.dxucNullText_LECustomTheme>input' in '30' second(s)

2021-11-18 12:01:41 - [MESSAGE][INFO] - Smart Wait Function is triggered

2021-11-18 12:01:41 - [MESSAGE][INFO] - Found 2 web elements with id: 'Object Repository/Yukle/DosyaYukle' located by 'By.cssSelector: .dxucTextBox_LECustomTheme.dxucNullText_LECustomTheme>input' in '30' second(s)

2021-11-18 12:01:41 - [MESSAGE][PASSED] - Keys 'C:\otomasyonupfiles\Ayarlar\FCDD449F-F6B4-4D5F-B436-1E81B80A7193.xslt' sent to object: 'Object Repository/Yukle/DosyaYukle'

2021-11-18 12:01:41 - [TEST_STEP][PASSED] - waitForElementClickable(findTestObject("Object Repository/Yukle/YuklemeyiBaslat"), 10): Object 'Object Repository/Yukle/YuklemeyiBaslat' is clickable

2021-11-18 12:01:41 - [MESSAGE][INFO] - Finding Test Object 'Object Repository/Yukle/YuklemeyiBaslat'

2021-11-18 12:01:41 - [MESSAGE][INFO] - Checking object

2021-11-18 12:01:41 - [MESSAGE][INFO] - Checking timeout

2021-11-18 12:01:41 - [MESSAGE][INFO] - Finding web element from Test Object's properties

2021-11-18 12:01:41 - [MESSAGE][INFO] - Checking timeout

2021-11-18 12:01:41 - [MESSAGE][INFO] - Finding web element with id: 'Object Repository/Yukle/YuklemeyiBaslat' located by 'By.cssSelector: .btn.btn-success.btn-sm' in '10' second(s)

2021-11-18 12:01:41 - [MESSAGE][INFO] - Smart Wait Function is triggered

2021-11-18 12:01:41 - [MESSAGE][INFO] - Found 1 web elements with id: 'Object Repository/Yukle/YuklemeyiBaslat' located by 'By.cssSelector: .btn.btn-success.btn-sm' in '10' second(s)

2021-11-18 12:01:41 - [MESSAGE][PASSED] - Object 'Object Repository/Yukle/YuklemeyiBaslat' is clickable

2021-11-18 12:01:41 - [TEST_STEP][PASSED] - click(findTestObject("Object Repository/Yukle/YuklemeyiBaslat")): Object: 'Object Repository/Yukle/YuklemeyiBaslat' is clicked on

2021-11-18 12:01:41 - [MESSAGE][INFO] - Finding Test Object 'Object Repository/Yukle/YuklemeyiBaslat'

2021-11-18 12:01:41 - [MESSAGE][INFO] - Checking object

2021-11-18 12:01:41 - [MESSAGE][INFO] - Finding web element from Test Object's properties

2021-11-18 12:01:41 - [MESSAGE][INFO] - Checking timeout

2021-11-18 12:01:41 - [MESSAGE][INFO] - Finding web element with id: 'Object Repository/Yukle/YuklemeyiBaslat' located by 'By.cssSelector: .btn.btn-success.btn-sm' in '30' second(s)

2021-11-18 12:01:41 - [MESSAGE][INFO] - Smart Wait Function is triggered

2021-11-18 12:01:41 - [MESSAGE][INFO] - Found 1 web elements with id: 'Object Repository/Yukle/YuklemeyiBaslat' located by 'By.cssSelector: .btn.btn-success.btn-sm' in '30' second(s)

2021-11-18 12:01:41 - [MESSAGE][INFO] - Clicking on object: 'Object Repository/Yukle/YuklemeyiBaslat'

2021-11-18 12:01:42 - [MESSAGE][PASSED] - Object: 'Object Repository/Yukle/YuklemeyiBaslat' is clicked on

2021-11-18 12:01:42 - [TEST_STEP][PASSED] - delay(3): Delayed 3 second(s)

2021-11-18 12:01:42 - [MESSAGE][INFO] - Delaying browser in 3 second(s)

2021-11-18 12:01:45 - [MESSAGE][PASSED] - Delayed 3 second(s)

2021-11-18 12:01:45 - [TEST_STEP][PASSED] - waitForElementVisible(findTestObject("Popup/Popup"), 10): Object 'Object Repository/Popup/Popup' is visible

2021-11-18 12:01:45 - [MESSAGE][INFO] - Finding Test Object 'Object Repository/Popup/Popup'

2021-11-18 12:01:45 - [MESSAGE][INFO] - Checking object

2021-11-18 12:01:45 - [MESSAGE][INFO] - Checking timeout

2021-11-18 12:01:45 - [MESSAGE][INFO] - Finding web element from Test Object's properties

2021-11-18 12:01:45 - [MESSAGE][INFO] - Checking timeout

2021-11-18 12:01:45 - [MESSAGE][INFO] - Finding web element with id: 'Object Repository/Popup/Popup' located by 'By.cssSelector: .bootbox-body' in '10' second(s)

2021-11-18 12:01:45 - [MESSAGE][INFO] - Smart Wait Function is triggered

2021-11-18 12:01:45 - [MESSAGE][INFO] - Found 1 web elements with id: 'Object Repository/Popup/Popup' located by 'By.cssSelector: .bootbox-body' in '10' second(s)

2021-11-18 12:01:45 - [MESSAGE][PASSED] - Object 'Object Repository/Popup/Popup' is visible

2021-11-18 12:01:45 - [TEST_STEP][PASSED] - if (!(getText(findTestObject("Popup/Popup")).contains("Tasarım ön değer tasarım olarak tanımlansın mı?"))): Text of object 'Object Repository/Popup/Popup' is: 'Tasarım ön değer tasarım olarak tanımlansın mı?'

2021-11-18 12:01:45 - [MESSAGE][INFO] - Finding Test Object 'Object Repository/Popup/Popup'

2021-11-18 12:01:45 - [MESSAGE][INFO] - Checking object

2021-11-18 12:01:45 - [MESSAGE][INFO] - Finding web element from Test Object's properties

2021-11-18 12:01:45 - [MESSAGE][INFO] - Checking timeout

2021-11-18 12:01:45 - [MESSAGE][INFO] - Finding web element with id: 'Object Repository/Popup/Popup' located by 'By.cssSelector: .bootbox-body' in '30' second(s)

2021-11-18 12:01:45 - [MESSAGE][INFO] - Smart Wait Function is triggered

2021-11-18 12:01:45 - [MESSAGE][INFO] - Found 1 web elements with id: 'Object Repository/Popup/Popup' located by 'By.cssSelector: .bootbox-body' in '30' second(s)

2021-11-18 12:01:45 - [MESSAGE][INFO] - Getting text of object 'Object Repository/Popup/Popup'

2021-11-18 12:01:45 - [MESSAGE][PASSED] - Text of object 'Object Repository/Popup/Popup' is: 'Tasarım ön değer tasarım olarak tanımlansın mı?'

2021-11-18 12:01:45 - [TEST_STEP][PASSED] - Method.TextDegerineEsitElementeTikla(findTestObject("Popup/Popup_Butons"), "Onayla"): Method.TextDegerineEsitElementeTikla is PASSED

2021-11-18 12:01:45 - [MESSAGE][INFO] - Finding Test Object 'Object Repository/Popup/Popup_Butons'

2021-11-18 12:01:45 - [MESSAGE][INFO] - Checking timeout

2021-11-18 12:01:45 - [MESSAGE][INFO] - Finding web element with id: 'Object Repository/Popup/Popup_Butons' located by 'By.cssSelector: .modal-footer>button' in '10' second(s)

2021-11-18 12:01:45 - [MESSAGE][INFO] - Smart Wait Function is triggered

2021-11-18 12:01:45 - [MESSAGE][INFO] - Found 2 web elements with id: 'Object Repository/Popup/Popup_Butons' located by 'By.cssSelector: .modal-footer>button' in '10' second(s)

2021-11-18 12:01:45 - [MESSAGE][PASSED] - Method.TextDegerineEsitElementeTikla is PASSED

2021-11-18 12:01:45 - [TEST_STEP][PASSED] - switchToDefaultContent(): Switching to default content

2021-11-18 12:01:45 - [MESSAGE][INFO] - Switching to default content

2021-11-18 12:01:45 - [TEST_STEP][PASSED] - waitForElementClickable(findTestObject("Yukle/Cikis"), 10): Object 'Object Repository/Yukle/Cikis' is clickable

2021-11-18 12:01:45 - [MESSAGE][INFO] - Finding Test Object 'Object Repository/Yukle/Cikis'

2021-11-18 12:01:45 - [MESSAGE][INFO] - Checking object

2021-11-18 12:01:45 - [MESSAGE][INFO] - Checking timeout

2021-11-18 12:01:45 - [MESSAGE][INFO] - Finding web element from Test Object's properties

2021-11-18 12:01:45 - [MESSAGE][INFO] - Checking timeout

2021-11-18 12:01:45 - [MESSAGE][INFO] - Finding web element with id: 'Object Repository/Yukle/Cikis' located by 'By.xpath: //*[@id = 'closeButton']' in '10' second(s)

2021-11-18 12:01:45 - [MESSAGE][INFO] - Smart Wait Function is triggered

2021-11-18 12:01:45 - [MESSAGE][INFO] - Found 1 web elements with id: 'Object Repository/Yukle/Cikis' located by 'By.xpath: //*[@id = 'closeButton']' in '10' second(s)

2021-11-18 12:01:45 - [MESSAGE][PASSED] - Object 'Object Repository/Yukle/Cikis' is clickable

2021-11-18 12:01:45 - [TEST_STEP][PASSED] - click(findTestObject("Yukle/Cikis")): Object: 'Object Repository/Yukle/Cikis' is clicked on

2021-11-18 12:01:45 - [MESSAGE][INFO] - Finding Test Object 'Object Repository/Yukle/Cikis'

2021-11-18 12:01:46 - [MESSAGE][INFO] - Checking object

2021-11-18 12:01:46 - [MESSAGE][INFO] - Finding web element from Test Object's properties

2021-11-18 12:01:46 - [MESSAGE][INFO] - Checking timeout

2021-11-18 12:01:46 - [MESSAGE][INFO] - Finding web element with id: 'Object Repository/Yukle/Cikis' located by 'By.xpath: //*[@id = 'closeButton']' in '30' second(s)

2021-11-18 12:01:46 - [MESSAGE][INFO] - Smart Wait Function is triggered

2021-11-18 12:01:46 - [MESSAGE][INFO] - Found 1 web elements with id: 'Object Repository/Yukle/Cikis' located by 'By.xpath: //*[@id = 'closeButton']' in '30' second(s)

2021-11-18 12:01:46 - [MESSAGE][INFO] - Clicking on object: 'Object Repository/Yukle/Cikis'

2021-11-18 12:01:46 - [MESSAGE][PASSED] - Object: 'Object Repository/Yukle/Cikis' is clicked on

2021-11-18 12:01:46 - [MESSAGE][PASSED] - Call Test Case 'Test Cases/Yukle/TasarimAraclariDosyaYukleme' successfully

2021-11-18 12:01:46 - [MESSAGE][INFO] - Checking called Test Case

2021-11-18 12:01:46 - [MESSAGE][INFO] - Starting to call Test Case 'Test Cases/Tablo/TablodaUnvanliVeriOlusturulduMu'

2021-11-18 12:01:46 - [TEST_CASE][PASSED] - Test Cases/Tablo/TablodaUnvanliVeriOlusturulduMu: Test Cases/Tablo/TablodaUnvanliVeriOlusturulduMu

2021-11-18 12:01:46 - [TEST_STEP][PASSED] - waitForElementVisible(findTestObject("Tablo/OlusturulanVeri"), 10, STOP_ON_FAILURE): Object 'Object Repository/Tablo/OlusturulanVeri' is visible

2021-11-18 12:01:46 - [MESSAGE][INFO] - Finding Test Object 'Object Repository/Tablo/OlusturulanVeri'

2021-11-18 12:01:46 - [MESSAGE][INFO] - Checking object

2021-11-18 12:01:46 - [MESSAGE][INFO] - Checking timeout

2021-11-18 12:01:46 - [MESSAGE][INFO] - Finding web element from Test Object's properties

2021-11-18 12:01:46 - [MESSAGE][INFO] - Checking timeout

2021-11-18 12:01:46 - [MESSAGE][INFO] - Finding web element with id: 'Object Repository/Tablo/OlusturulanVeri' located by 'By.cssSelector: table.dxgvTable_LECustomTheme>tbody>tr:nth-child(3)>td.dxgv b,table.dxgvTable_LECustomTheme>tbody>tr:nth-child(3)>td.dxgv' in '10' second(s)

2021-11-18 12:01:46 - [MESSAGE][INFO] - Smart Wait Function is triggered

2021-11-18 12:01:52 - [MESSAGE][INFO] - Found 8 web elements with id: 'Object Repository/Tablo/OlusturulanVeri' located by 'By.cssSelector: table.dxgvTable_LECustomTheme>tbody>tr:nth-child(3)>td.dxgv b,table.dxgvTable_LECustomTheme>tbody>tr:nth-child(3)>td.dxgv' in '10' second(s)

2021-11-18 12:01:52 - [MESSAGE][PASSED] - Object 'Object Repository/Tablo/OlusturulanVeri' is visible

2021-11-18 12:01:52 - [TEST_STEP][PASSED] - Method.TextDegerineEsitElementVarMi(findTestObject("Tablo/OlusturulanVeri"), Unvan): Method.TextDegerineEsitElementVarMi is PASSED

2021-11-18 12:01:52 - [MESSAGE][INFO] - Finding Test Object 'Object Repository/Tablo/OlusturulanVeri'

2021-11-18 12:01:52 - [MESSAGE][INFO] - Checking timeout

2021-11-18 12:01:52 - [MESSAGE][INFO] - Finding web element with id: 'Object Repository/Tablo/OlusturulanVeri' located by 'By.cssSelector: table.dxgvTable_LECustomTheme>tbody>tr:nth-child(3)>td.dxgv b,table.dxgvTable_LECustomTheme>tbody>tr:nth-child(3)>td.dxgv' in '10' second(s)

2021-11-18 12:01:52 - [MESSAGE][INFO] - Smart Wait Function is triggered

2021-11-18 12:01:52 - [MESSAGE][INFO] - Found 8 web elements with id: 'Object Repository/Tablo/OlusturulanVeri' located by 'By.cssSelector: table.dxgvTable_LECustomTheme>tbody>tr:nth-child(3)>td.dxgv b,table.dxgvTable_LECustomTheme>tbody>tr:nth-child(3)>td.dxgv' in '10' second(s)

2021-11-18 12:01:52 - [MESSAGE][PASSED] - Method.TextDegerineEsitElementVarMi is PASSED

2021-11-18 12:01:52 - [MESSAGE][PASSED] - Call Test Case 'Test Cases/Tablo/TablodaUnvanliVeriOlusturulduMu' successfully

2021-11-18 12:01:52 - [MESSAGE][INFO] - Checking called Test Case

2021-11-18 12:01:52 - [MESSAGE][INFO] - Starting to call Test Case 'Test Cases/Kullanici_Islemleri/KullaniciIslemlerindenSecimYapilir'

2021-11-18 12:01:52 - [TEST_CASE][PASSED] - Test Cases/Kullanici_Islemleri/KullaniciIslemlerindenSecimYapilir: Test Cases/Kullanici_Islemleri/KullaniciIslemlerindenSecimYapilir

2021-11-18 12:01:53 - [TEST_STEP][PASSED] - waitForElementClickable(findTestObject("Object Repository/Kullanici_Islemleri/KullaniciIslemleri"), 10): Object 'Object Repository/Kullanici_Islemleri/KullaniciIslemleri' is clickable

2021-11-18 12:01:53 - [MESSAGE][INFO] - Finding Test Object 'Object Repository/Kullanici_Islemleri/KullaniciIslemleri'

2021-11-18 12:01:53 - [MESSAGE][INFO] - Checking object

2021-11-18 12:01:53 - [MESSAGE][INFO] - Checking timeout

2021-11-18 12:01:53 - [MESSAGE][INFO] - Finding web element from Test Object's properties

2021-11-18 12:01:53 - [MESSAGE][INFO] - Checking timeout

2021-11-18 12:01:53 - [MESSAGE][INFO] - Finding web element with id: 'Object Repository/Kullanici_Islemleri/KullaniciIslemleri' located by 'By.cssSelector: .dropdown>a>img' in '10' second(s)

2021-11-18 12:01:53 - [MESSAGE][INFO] - Smart Wait Function is triggered

2021-11-18 12:01:53 - [MESSAGE][INFO] - Found 1 web elements with id: 'Object Repository/Kullanici_Islemleri/KullaniciIslemleri' located by 'By.cssSelector: .dropdown>a>img' in '10' second(s)

2021-11-18 12:01:53 - [MESSAGE][PASSED] - Object 'Object Repository/Kullanici_Islemleri/KullaniciIslemleri' is clickable

2021-11-18 12:01:53 - [TEST_STEP][PASSED] - click(findTestObject("Object Repository/Kullanici_Islemleri/KullaniciIslemleri")): Object: 'Object Repository/Kullanici_Islemleri/KullaniciIslemleri' is clicked on

2021-11-18 12:01:53 - [MESSAGE][INFO] - Finding Test Object 'Object Repository/Kullanici_Islemleri/KullaniciIslemleri'

2021-11-18 12:01:53 - [MESSAGE][INFO] - Checking object

2021-11-18 12:01:53 - [MESSAGE][INFO] - Finding web element from Test Object's properties

2021-11-18 12:01:53 - [MESSAGE][INFO] - Checking timeout

2021-11-18 12:01:53 - [MESSAGE][INFO] - Finding web element with id: 'Object Repository/Kullanici_Islemleri/KullaniciIslemleri' located by 'By.cssSelector: .dropdown>a>img' in '30' second(s)

2021-11-18 12:01:53 - [MESSAGE][INFO] - Smart Wait Function is triggered

2021-11-18 12:01:53 - [MESSAGE][INFO] - Found 1 web elements with id: 'Object Repository/Kullanici_Islemleri/KullaniciIslemleri' located by 'By.cssSelector: .dropdown>a>img' in '30' second(s)

2021-11-18 12:01:53 - [MESSAGE][INFO] - Clicking on object: 'Object Repository/Kullanici_Islemleri/KullaniciIslemleri'

2021-11-18 12:01:53 - [MESSAGE][PASSED] - Object: 'Object Repository/Kullanici_Islemleri/KullaniciIslemleri' is clicked on

2021-11-18 12:01:53 - [TEST_STEP][PASSED] - Method.TextDegerineEsitElementeTikla(findTestObject("Object Repository/Kullanici_Islemleri/Secenekler"), Islem): Method.TextDegerineEsitElementeTikla is PASSED

2021-11-18 12:01:53 - [MESSAGE][INFO] - Finding Test Object 'Object Repository/Kullanici_Islemleri/Secenekler'

2021-11-18 12:01:53 - [MESSAGE][INFO] - Checking timeout

2021-11-18 12:01:53 - [MESSAGE][INFO] - Finding web element with id: 'Object Repository/Kullanici_Islemleri/Secenekler' located by 'By.cssSelector: .nav.navbar-nav.navbar-right li a' in '10' second(s)

2021-11-18 12:01:53 - [MESSAGE][INFO] - Smart Wait Function is triggered

2021-11-18 12:01:54 - [MESSAGE][INFO] - Found 22 web elements with id: 'Object Repository/Kullanici_Islemleri/Secenekler' located by 'By.cssSelector: .nav.navbar-nav.navbar-right li a' in '10' second(s)

2021-11-18 12:01:55 - [MESSAGE][PASSED] - Method.TextDegerineEsitElementeTikla is PASSED

2021-11-18 12:01:55 - [TEST_STEP][PASSED] - verifyElementNotPresent(findTestObject("Object Repository/Kullanici_Islemleri/Secenekler"), 10): Web element with id: 'Object Repository/Kullanici_Islemleri/Secenekler' located by 'By.cssSelector: .nav.navbar-nav.navbar-right li a' is not present after '10' second(s)

2021-11-18 12:01:55 - [MESSAGE][INFO] - Finding Test Object 'Object Repository/Kullanici_Islemleri/Secenekler'

2021-11-18 12:01:55 - [MESSAGE][INFO] - Checking object

2021-11-18 12:01:55 - [MESSAGE][INFO] - Checking timeout

2021-11-18 12:01:55 - [MESSAGE][INFO] - Finding web element with id: 'Object Repository/Kullanici_Islemleri/Secenekler' located by 'By.cssSelector: .nav.navbar-nav.navbar-right li a' in '10' second(s)

2021-11-18 12:01:55 - [MESSAGE][INFO] - Smart Wait Function is triggered

2021-11-18 12:01:56 - [MESSAGE][PASSED] - Web element with id: 'Object Repository/Kullanici_Islemleri/Secenekler' located by 'By.cssSelector: .nav.navbar-nav.navbar-right li a' is not present after '10' second(s)

2021-11-18 12:01:56 - [MESSAGE][PASSED] - Call Test Case 'Test Cases/Kullanici_Islemleri/KullaniciIslemlerindenSecimYapilir' successfully

2021-11-18 12:01:56 - [TEST_CASE][PASSED] - Start Test Case : SCENARIO Tasarim Araclari Yukle e-Fatura: SCENARIO Tasarim Araclari Yukle e-Fatura

2021-11-18 12:01:56 - [TEST_STEP][PASSED] - Kullanıcı adı ELOGO6 ve Şifre 123456 olarak giriş yapılır: Kullanıcı adı ELOGO6 ve Şifre 123456 olarak giriş yapılır

2021-11-18 12:01:56 - [MESSAGE][PASSED] - Kullanıcı adı ELOGO6 ve Şifre 123456 olarak giriş yapılır

2021-11-18 12:01:56 - [TEST_STEP][PASSED] - Ana menüden Ayarlar seçilir: Ana menüden Ayarlar seçilir

2021-11-18 12:01:56 - [MESSAGE][PASSED] - Ana menüden Ayarlar seçilir

2021-11-18 12:01:56 - [TEST_STEP][PASSED] - Alt menü Görsel Tasarımlar başlığı altındaki Tasarım Araçları seçilir: Alt menü Görsel Tasarımlar başlığı altındaki Tasarım Araçları seçilir

2021-11-18 12:01:56 - [MESSAGE][PASSED] - Alt menü Görsel Tasarımlar başlığı altındaki Tasarım Araçları seçilir

2021-11-18 12:01:56 - [TEST_STEP][PASSED] - Tabloda veri var mı kontrol edilir: Tabloda veri var mı kontrol edilir

2021-11-18 12:01:56 - [MESSAGE][PASSED] - Tabloda veri var mı kontrol edilir

2021-11-18 12:01:56 - [TEST_STEP][PASSED] - Butonlardan Yukle isimli butona tıklanır: Butonlardan Yukle isimli butona tıklanır

2021-11-18 12:01:56 - [MESSAGE][PASSED] - Butonlardan Yukle isimli butona tıklanır

2021-11-18 12:01:56 - [TEST_STEP][PASSED] - Alt butonlardan e-Fatura butonuna tıklanır: Alt butonlardan e-Fatura butonuna tıklanır

2021-11-18 12:01:56 - [MESSAGE][PASSED] - Alt butonlardan e-Fatura butonuna tıklanır

2021-11-18 12:01:56 - [TEST_STEP][PASSED] - Tasarım Araçları Dosya Yükleme alanına C:\otomasyonupfiles\Ayarlar\FCDD449F-F6B4-4D5F-B436-1E81B80A7193.xslt dizinindeki dosya yüklenir: Tasarım Araçları Dosya Yükleme alanına C:\otomasyonupfiles\Ayarlar\FCDD449F-F6B4-4D5F-B436-1E81B80A7193.xslt dizinindeki dosya yüklenir

2021-11-18 12:01:56 - [MESSAGE][PASSED] - Tasarım Araçları Dosya Yükleme alanına C:\otomasyonupfiles\Ayarlar\FCDD449F-F6B4-4D5F-B436-1E81B80A7193.xslt dizinindeki dosya yüklenir

2021-11-18 12:01:56 - [TEST_STEP][PASSED] - Tabloda FCDD449F-F6B4-4D5F-B436-1E81B80A7193.xslt- ünvanlı veri oluşturuldu mu: Tabloda FCDD449F-F6B4-4D5F-B436-1E81B80A7193.xslt- ünvanlı veri oluşturuldu mu

2021-11-18 12:01:56 - [MESSAGE][PASSED] - Tabloda FCDD449F-F6B4-4D5F-B436-1E81B80A7193.xslt- ünvanlı veri oluşturuldu mu

2021-11-18 12:01:56 - [TEST_STEP][PASSED] - Kullanıcı işlemlerinden Çıkış seçilir: Kullanıcı işlemlerinden Çıkış seçilir

2021-11-18 12:01:56 - [MESSAGE][PASSED] - Kullanıcı işlemlerinden Çıkış seçilir

2021-11-18 12:01:56 - [MESSAGE][PASSED] - Feature file: 'Include/features/Ayarlar/Gorsel Tasarimlar/Tasarim Araclari/Yukle e-Fatura.feature' was passed

2021-11-18 12:01:56 - [TEST_STEP][PASSED] - Start listener action : sampleAfterTestSuite: Invoke 'com.kms.katalon.core.annotation.AfterTestCase' method: 'Listener.sampleAfterTestSuite(...)' completed.

2021-11-18 12:01:56 - [MESSAGE][INFO] - Starting invoke 'com.kms.katalon.core.annotation.AfterTestCase' method: 'Listener.sampleAfterTestSuite(...)'

2021-11-18 12:01:56 - [TEST_STEP][PASSED] - closeBrowser(): Invoke 'com.kms.katalon.core.annotation.AfterTestCase' method: 'Listener.sampleAfterTestSuite(...)' completed.

2021-11-18 12:01:56 - [MESSAGE][INFO] - Closing browser

2021-11-18 12:01:56 - [MESSAGE][PASSED] - Browser is closed

2021-11-18 12:01:56 - [MESSAGE][INFO] - Invoke 'com.kms.katalon.core.annotation.AfterTestCase' method: 'Listener.sampleAfterTestSuite(...)' completed.]]></system-out>
         <system-err><![CDATA[]]></system-err>
      </testcase>
      <system-out><![CDATA[2021-11-18 12:01:08 - [TEST_SUITE][PASSED] - Ayarlar: Test Cases/Case Repository/Ayarlar/Gorsel Tasarim/Tasarim Araclari/Yukle e-Fatura]]></system-out>
      <system-err><![CDATA[]]></system-err>
   </testsuite>
</testsuites>
