<?xml version="1.0" encoding="UTF-8"?>
<testsuites name="Ayarlar" time="951.648" tests="20" failures="1" errors="0">
   <testsuite name="Ayarlar" tests="20" failures="1" errors="0" time="951.648" skipped="0" timestamp="2021-11-23 17:09:27" hostname="DELL - DESKTOP-QBVMTUG" id="">
      <properties>
         <property name="deviceName" value=""/>
         <property name="devicePlatform" value=""/>
         <property name="logFolder" value="C:\\Users\\DELL\\Documents\\GitHub\\EES_KatalonLogo\\Reports\\20211123_163326\\Suite Repository\\Ayarlar\\20211123_163427"/>
         <property name="logFiles" value="C:\\Users\\DELL\\Documents\\GitHub\\EES_KatalonLogo\\Reports\\20211123_163326\\Suite Repository\\Ayarlar\\20211123_163427\\execution0.log"/>
         <property name="attachments" value=""/>
         <property name="hostName" value="DELL - DESKTOP-QBVMTUG"/>
         <property name="os" value="Windows 10 64bit"/>
         <property name="katalonVersion" value="8.0.5.208"/>
         <property name="browser" value="Chrome 96.0.4664.45"/>
         <property name="hostAddress" value="192.168.1.24"/>
         <property name="sessionId" value="811903760d63d498e01b94ef7830db9f"/>
         <property name="seleniumVersion" value="3.141.59"/>
         <property name="proxyInformation" value="ProxyInformation { proxyOption=NO_PROXY, proxyServerType=HTTP, username=, password=********, proxyServerAddress=, proxyServerPort=0, executionList=&quot;&quot;, isApplyToDesiredCapabilities=true }"/>
         <property name="platform" value="Windows 10"/>
      </properties>
      <testcase name="Test Cases/Case Repository/Ayarlar/Araclar/Adres Defteri/Buton Kontrolu" time="44.505" classname="Test Cases/Case Repository/Ayarlar/Araclar/Adres Defteri/Buton Kontrolu" status="PASSED">
         <system-out><![CDATA[2021-11-23 17:09:27 - [TEST_CASE][PASSED] - Test Cases/Case Repository/Ayarlar/Araclar/Adres Defteri/Buton Kontrolu: Test Cases/Case Repository/Ayarlar/Araclar/Adres Defteri/Buton Kontrolu

2021-11-23 17:09:27 - [TEST_STEP][PASSED] - Start listener action : sampleBeforeTestSuite: Invoke 'com.kms.katalon.core.annotation.BeforeTestCase' method: 'Listener.sampleBeforeTestSuite(...)' completed.

2021-11-23 17:09:27 - [MESSAGE][INFO] - Starting invoke 'com.kms.katalon.core.annotation.BeforeTestCase' method: 'Listener.sampleBeforeTestSuite(...)'

2021-11-23 17:09:27 - [TEST_STEP][PASSED] - openBrowser(baseUrl): Browser is opened with url: 'https://efatura-stage.elogo.com.tr/'

2021-11-23 17:09:28 - [MESSAGE][INFO] - Opening browser

2021-11-23 17:09:28 - [MESSAGE][INFO] - Starting 'Chrome' driver

2021-11-23 17:09:29 - [MESSAGE][INFO] - User set preference: ['prefs', '{download.default_directory=C:\otomasyondownfiles}']

2021-11-23 17:09:29 - [MESSAGE][INFO] - Action delay is set to 0 milliseconds

2021-11-23 17:09:32 - [MESSAGE][INFO] - Navigating browser to: 'https://efatura-stage.elogo.com.tr/'

2021-11-23 17:09:36 - [MESSAGE][PASSED] - Browser is opened with url: 'https://efatura-stage.elogo.com.tr/'

2021-11-23 17:09:36 - [TEST_STEP][PASSED] - maximizeWindow(): Invoke 'com.kms.katalon.core.annotation.BeforeTestCase' method: 'Listener.sampleBeforeTestSuite(...)' completed.

2021-11-23 17:09:36 - [MESSAGE][INFO] - Maximizing current window

2021-11-23 17:09:36 - [MESSAGE][PASSED] - Current window maximized

2021-11-23 17:09:36 - [MESSAGE][INFO] - Invoke 'com.kms.katalon.core.annotation.BeforeTestCase' method: 'Listener.sampleBeforeTestSuite(...)' completed.

2021-11-23 17:09:37 - [TEST_STEP][PASSED] - runFeatureFile("Include/features/Ayarlar/Araclar/Adres Defteri/Buton Kontrolu.feature"): Feature file: 'Include/features/Ayarlar/Araclar/Adres Defteri/Buton Kontrolu.feature' was passed

2021-11-23 17:09:37 - [MESSAGE][INFO] - Starting run keyword runFeatureFile: 'Include/features/Ayarlar/Araclar/Adres Defteri/Buton Kontrolu.feature' and extract report to folder: 'C:\Users\DELL\Documents\GitHub\EES_KatalonLogo\Reports\20211123_163326\Suite Repository\Ayarlar\20211123_163427/cucumber_report/1637676577350'...

2021-11-23 17:09:37 - [MESSAGE][INFO] - Glue: []

2021-11-23 17:09:42 - [MESSAGE][INFO] - Checking called Test Case

2021-11-23 17:09:42 - [MESSAGE][INFO] - Starting to call Test Case 'Test Cases/Sayfalar/Giris_Sayfasi/Login'

2021-11-23 17:09:42 - [TEST_CASE][PASSED] - Test Cases/Sayfalar/Giris_Sayfasi/Login: Test Cases/Sayfalar/Giris_Sayfasi/Login

2021-11-23 17:09:43 - [TEST_STEP][PASSED] - Sayfa_Basligi = getWindowTitle(): Current window's title is: 'LOGO e-Fatura'

2021-11-23 17:09:43 - [MESSAGE][INFO] - Getting current window's title

2021-11-23 17:09:43 - [MESSAGE][PASSED] - Current window's title is: 'LOGO e-Fatura'

2021-11-23 17:09:43 - [TEST_STEP][PASSED] - verifyMatch(Sayfa_Basligi, "LOGO e-Fatura", false): Actual text 'LOGO e-Fatura' and expected text 'LOGO e-Fatura' are matched 

2021-11-23 17:09:43 - [MESSAGE][INFO] - Matching actual text 'LOGO e-Fatura' with expected text 'LOGO e-Fatura'

2021-11-23 17:09:43 - [MESSAGE][PASSED] - Actual text 'LOGO e-Fatura' and expected text 'LOGO e-Fatura' are matched 

2021-11-23 17:09:43 - [TEST_STEP][PASSED] - sendKeys(findTestObject("Sayfalar/Giris_Sayfasi/Firma_Kodu"), KullaniciAdi): Keys 'ELOGO6' sent to object: 'Object Repository/Sayfalar/Giris_Sayfasi/Firma_Kodu'

2021-11-23 17:09:43 - [MESSAGE][INFO] - Finding Test Object 'Object Repository/Sayfalar/Giris_Sayfasi/Firma_Kodu'

2021-11-23 17:09:43 - [MESSAGE][INFO] - Sending keys 'ELOGO6' to object: 'Object Repository/Sayfalar/Giris_Sayfasi/Firma_Kodu'

2021-11-23 17:09:43 - [MESSAGE][INFO] - Finding web element from Test Object's properties

2021-11-23 17:09:43 - [MESSAGE][INFO] - Checking timeout

2021-11-23 17:09:43 - [MESSAGE][INFO] - Finding web element with id: 'Object Repository/Sayfalar/Giris_Sayfasi/Firma_Kodu' located by 'By.xpath: //*[@id = 'AccountName']' in '30' second(s)

2021-11-23 17:09:43 - [MESSAGE][INFO] - Smart Wait Function is triggered

2021-11-23 17:09:44 - [MESSAGE][INFO] - Found 1 web elements with id: 'Object Repository/Sayfalar/Giris_Sayfasi/Firma_Kodu' located by 'By.xpath: //*[@id = 'AccountName']' in '30' second(s)

2021-11-23 17:09:44 - [MESSAGE][PASSED] - Keys 'ELOGO6' sent to object: 'Object Repository/Sayfalar/Giris_Sayfasi/Firma_Kodu'

2021-11-23 17:09:44 - [TEST_STEP][PASSED] - sendKeys(findTestObject("Sayfalar/Giris_Sayfasi/Sifre"), Sifre): Keys '123456' sent to object: 'Object Repository/Sayfalar/Giris_Sayfasi/Sifre'

2021-11-23 17:09:44 - [MESSAGE][INFO] - Finding Test Object 'Object Repository/Sayfalar/Giris_Sayfasi/Sifre'

2021-11-23 17:09:44 - [MESSAGE][INFO] - Sending keys '123456' to object: 'Object Repository/Sayfalar/Giris_Sayfasi/Sifre'

2021-11-23 17:09:44 - [MESSAGE][INFO] - Finding web element from Test Object's properties

2021-11-23 17:09:44 - [MESSAGE][INFO] - Checking timeout

2021-11-23 17:09:44 - [MESSAGE][INFO] - Finding web element with id: 'Object Repository/Sayfalar/Giris_Sayfasi/Sifre' located by 'By.xpath: //*[@id = 'Password']' in '30' second(s)

2021-11-23 17:09:44 - [MESSAGE][INFO] - Smart Wait Function is triggered

2021-11-23 17:09:45 - [MESSAGE][INFO] - Found 1 web elements with id: 'Object Repository/Sayfalar/Giris_Sayfasi/Sifre' located by 'By.xpath: //*[@id = 'Password']' in '30' second(s)

2021-11-23 17:09:45 - [MESSAGE][PASSED] - Keys '123456' sent to object: 'Object Repository/Sayfalar/Giris_Sayfasi/Sifre'

2021-11-23 17:09:45 - [TEST_STEP][PASSED] - findWebElement(findTestObject("Sayfalar/Giris_Sayfasi/Giris_Butonu")).click(): Found 1 web elements with id: 'Object Repository/Sayfalar/Giris_Sayfasi/Giris_Butonu' located by 'By.cssSelector: #btnLogin' in '30' second(s)

2021-11-23 17:09:45 - [MESSAGE][INFO] - Finding Test Object 'Object Repository/Sayfalar/Giris_Sayfasi/Giris_Butonu'

2021-11-23 17:09:45 - [MESSAGE][INFO] - Finding web element from Test Object's properties

2021-11-23 17:09:45 - [MESSAGE][INFO] - Checking timeout

2021-11-23 17:09:45 - [MESSAGE][INFO] - Finding web element with id: 'Object Repository/Sayfalar/Giris_Sayfasi/Giris_Butonu' located by 'By.cssSelector: #btnLogin' in '30' second(s)

2021-11-23 17:09:45 - [MESSAGE][INFO] - Smart Wait Function is triggered

2021-11-23 17:09:45 - [MESSAGE][INFO] - Found 1 web elements with id: 'Object Repository/Sayfalar/Giris_Sayfasi/Giris_Butonu' located by 'By.cssSelector: #btnLogin' in '30' second(s)

2021-11-23 17:09:48 - [TEST_STEP][PASSED] - if (verifyElementPresent(findTestObject("Object Repository/Sayfalar/Giris_Sayfasi/RetveTamam_Butonu"), 5, OPTIONAL)): null

2021-11-23 17:09:48 - [MESSAGE][INFO] - Finding Test Object 'Object Repository/Sayfalar/Giris_Sayfasi/RetveTamam_Butonu'

2021-11-23 17:09:48 - [MESSAGE][INFO] - Checking object

2021-11-23 17:09:48 - [MESSAGE][INFO] - Finding web element from Test Object's properties

2021-11-23 17:09:48 - [MESSAGE][INFO] - Checking timeout

2021-11-23 17:09:48 - [MESSAGE][INFO] - Finding web element with id: 'Object Repository/Sayfalar/Giris_Sayfasi/RetveTamam_Butonu' located by 'By.xpath: //*[@class = 'btn btn-default']' in '5' second(s)

2021-11-23 17:09:48 - [MESSAGE][INFO] - Smart Wait Function is triggered

2021-11-23 17:09:49 - [MESSAGE][INFO] - Found 1 web elements with id: 'Object Repository/Sayfalar/Giris_Sayfasi/RetveTamam_Butonu' located by 'By.xpath: //*[@class = 'btn btn-default']' in '5' second(s)

2021-11-23 17:09:49 - [MESSAGE][PASSED] - Object 'Object Repository/Sayfalar/Giris_Sayfasi/RetveTamam_Butonu' is present

2021-11-23 17:09:49 - [TEST_STEP][PASSED] - click(findTestObject("Object Repository/Sayfalar/Giris_Sayfasi/RetveTamam_Butonu")): Object: 'Object Repository/Sayfalar/Giris_Sayfasi/RetveTamam_Butonu' is clicked on

2021-11-23 17:09:49 - [MESSAGE][INFO] - Finding Test Object 'Object Repository/Sayfalar/Giris_Sayfasi/RetveTamam_Butonu'

2021-11-23 17:09:49 - [MESSAGE][INFO] - Checking object

2021-11-23 17:09:49 - [MESSAGE][INFO] - Finding web element from Test Object's properties

2021-11-23 17:09:49 - [MESSAGE][INFO] - Checking timeout

2021-11-23 17:09:49 - [MESSAGE][INFO] - Finding web element with id: 'Object Repository/Sayfalar/Giris_Sayfasi/RetveTamam_Butonu' located by 'By.xpath: //*[@class = 'btn btn-default']' in '30' second(s)

2021-11-23 17:09:49 - [MESSAGE][INFO] - Smart Wait Function is triggered

2021-11-23 17:09:49 - [MESSAGE][INFO] - Found 1 web elements with id: 'Object Repository/Sayfalar/Giris_Sayfasi/RetveTamam_Butonu' located by 'By.xpath: //*[@class = 'btn btn-default']' in '30' second(s)

2021-11-23 17:09:49 - [MESSAGE][INFO] - Clicking on object: 'Object Repository/Sayfalar/Giris_Sayfasi/RetveTamam_Butonu'

2021-11-23 17:09:49 - [MESSAGE][PASSED] - Object: 'Object Repository/Sayfalar/Giris_Sayfasi/RetveTamam_Butonu' is clicked on

2021-11-23 17:09:49 - [TEST_STEP][PASSED] - click(findTestObject("Object Repository/Sayfalar/Giris_Sayfasi/RetveTamam_Butonu")): Object: 'Object Repository/Sayfalar/Giris_Sayfasi/RetveTamam_Butonu' is clicked on

2021-11-23 17:09:49 - [MESSAGE][INFO] - Finding Test Object 'Object Repository/Sayfalar/Giris_Sayfasi/RetveTamam_Butonu'

2021-11-23 17:09:50 - [MESSAGE][INFO] - Checking object

2021-11-23 17:09:50 - [MESSAGE][INFO] - Finding web element from Test Object's properties

2021-11-23 17:09:50 - [MESSAGE][INFO] - Checking timeout

2021-11-23 17:09:50 - [MESSAGE][INFO] - Finding web element with id: 'Object Repository/Sayfalar/Giris_Sayfasi/RetveTamam_Butonu' located by 'By.xpath: //*[@class = 'btn btn-default']' in '30' second(s)

2021-11-23 17:09:50 - [MESSAGE][INFO] - Smart Wait Function is triggered

2021-11-23 17:09:53 - [MESSAGE][INFO] - Found 1 web elements with id: 'Object Repository/Sayfalar/Giris_Sayfasi/RetveTamam_Butonu' located by 'By.xpath: //*[@class = 'btn btn-default']' in '30' second(s)

2021-11-23 17:09:53 - [MESSAGE][INFO] - Clicking on object: 'Object Repository/Sayfalar/Giris_Sayfasi/RetveTamam_Butonu'

2021-11-23 17:09:53 - [MESSAGE][PASSED] - Object: 'Object Repository/Sayfalar/Giris_Sayfasi/RetveTamam_Butonu' is clicked on

2021-11-23 17:09:53 - [TEST_STEP][PASSED] - if (verifyElementPresent(findTestObject("Sayfalar/Giris_Sayfasi/PopupOK"), 5, OPTIONAL)): null

2021-11-23 17:09:53 - [MESSAGE][INFO] - Finding Test Object 'Object Repository/Sayfalar/Giris_Sayfasi/PopupOK'

2021-11-23 17:09:53 - [MESSAGE][INFO] - Checking object

2021-11-23 17:09:53 - [MESSAGE][INFO] - Finding web element from Test Object's properties

2021-11-23 17:09:53 - [MESSAGE][INFO] - Checking timeout

2021-11-23 17:09:53 - [MESSAGE][INFO] - Finding web element with id: 'Object Repository/Sayfalar/Giris_Sayfasi/PopupOK' located by 'By.cssSelector: .btn.btn-success' in '5' second(s)

2021-11-23 17:09:53 - [MESSAGE][INFO] - Smart Wait Function is triggered

2021-11-23 17:09:53 - [MESSAGE][INFO] - Found 1 web elements with id: 'Object Repository/Sayfalar/Giris_Sayfasi/PopupOK' located by 'By.cssSelector: .btn.btn-success' in '5' second(s)

2021-11-23 17:09:53 - [MESSAGE][PASSED] - Object 'Object Repository/Sayfalar/Giris_Sayfasi/PopupOK' is present

2021-11-23 17:09:53 - [TEST_STEP][PASSED] - click(findTestObject("Object Repository/Sayfalar/Giris_Sayfasi/PopupCarpiGiris")): Object: 'Object Repository/Sayfalar/Giris_Sayfasi/PopupCarpiGiris' is clicked on

2021-11-23 17:09:53 - [MESSAGE][INFO] - Finding Test Object 'Object Repository/Sayfalar/Giris_Sayfasi/PopupCarpiGiris'

2021-11-23 17:09:53 - [MESSAGE][INFO] - Checking object

2021-11-23 17:09:53 - [MESSAGE][INFO] - Finding web element from Test Object's properties

2021-11-23 17:09:53 - [MESSAGE][INFO] - Checking timeout

2021-11-23 17:09:53 - [MESSAGE][INFO] - Finding web element with id: 'Object Repository/Sayfalar/Giris_Sayfasi/PopupCarpiGiris' located by 'By.cssSelector: .bootbox-close-button.close' in '30' second(s)

2021-11-23 17:09:53 - [MESSAGE][INFO] - Smart Wait Function is triggered

2021-11-23 17:09:54 - [MESSAGE][INFO] - Found 1 web elements with id: 'Object Repository/Sayfalar/Giris_Sayfasi/PopupCarpiGiris' located by 'By.cssSelector: .bootbox-close-button.close' in '30' second(s)

2021-11-23 17:09:54 - [MESSAGE][INFO] - Clicking on object: 'Object Repository/Sayfalar/Giris_Sayfasi/PopupCarpiGiris'

2021-11-23 17:09:54 - [MESSAGE][PASSED] - Object: 'Object Repository/Sayfalar/Giris_Sayfasi/PopupCarpiGiris' is clicked on

2021-11-23 17:09:54 - [TEST_STEP][PASSED] - verifyElementVisible(findTestObject("Object Repository/Kullanici_Islemleri/KullaniciIslemleri")): Object 'Object Repository/Kullanici_Islemleri/KullaniciIslemleri' is visible

2021-11-23 17:09:54 - [MESSAGE][INFO] - Finding Test Object 'Object Repository/Kullanici_Islemleri/KullaniciIslemleri'

2021-11-23 17:09:54 - [MESSAGE][INFO] - Checking object

2021-11-23 17:09:54 - [MESSAGE][INFO] - Finding web element from Test Object's properties

2021-11-23 17:09:54 - [MESSAGE][INFO] - Checking timeout

2021-11-23 17:09:54 - [MESSAGE][INFO] - Finding web element with id: 'Object Repository/Kullanici_Islemleri/KullaniciIslemleri' located by 'By.cssSelector: .dropdown>a>img' in '30' second(s)

2021-11-23 17:09:54 - [MESSAGE][INFO] - Smart Wait Function is triggered

2021-11-23 17:09:55 - [MESSAGE][INFO] - Found 1 web elements with id: 'Object Repository/Kullanici_Islemleri/KullaniciIslemleri' located by 'By.cssSelector: .dropdown>a>img' in '30' second(s)

2021-11-23 17:09:55 - [MESSAGE][PASSED] - Object 'Object Repository/Kullanici_Islemleri/KullaniciIslemleri' is visible

2021-11-23 17:09:55 - [MESSAGE][PASSED] - Call Test Case 'Test Cases/Sayfalar/Giris_Sayfasi/Login' successfully

2021-11-23 17:09:55 - [MESSAGE][INFO] - Checking called Test Case

2021-11-23 17:09:55 - [MESSAGE][INFO] - Starting to call Test Case 'Test Cases/Menu/AnaMenuSecimi'

2021-11-23 17:09:55 - [TEST_CASE][PASSED] - Test Cases/Menu/AnaMenuSecimi: Test Cases/Menu/AnaMenuSecimi

2021-11-23 17:09:55 - [TEST_STEP][PASSED] - Method.TextDegerineEsitElementeTikla(findTestObject("Menu/Ana_Menu"), Ana_Menu): Method.TextDegerineEsitElementeTikla is PASSED

2021-11-23 17:09:55 - [MESSAGE][INFO] - Finding Test Object 'Object Repository/Menu/Ana_Menu'

2021-11-23 17:09:56 - [MESSAGE][INFO] - Checking timeout

2021-11-23 17:09:56 - [MESSAGE][INFO] - Finding web element with id: 'Object Repository/Menu/Ana_Menu' located by 'By.xpath: //*[@class = 'dropdown-toggle']' in '10' second(s)

2021-11-23 17:09:56 - [MESSAGE][INFO] - Smart Wait Function is triggered

2021-11-23 17:09:56 - [MESSAGE][INFO] - Found 14 web elements with id: 'Object Repository/Menu/Ana_Menu' located by 'By.xpath: //*[@class = 'dropdown-toggle']' in '10' second(s)

2021-11-23 17:09:56 - [MESSAGE][PASSED] - Method.TextDegerineEsitElementeTikla is PASSED

2021-11-23 17:09:56 - [MESSAGE][PASSED] - Call Test Case 'Test Cases/Menu/AnaMenuSecimi' successfully

2021-11-23 17:09:56 - [MESSAGE][INFO] - Checking called Test Case

2021-11-23 17:09:56 - [MESSAGE][INFO] - Starting to call Test Case 'Test Cases/Menu/BasligaGoreAltMenuSecimi'

2021-11-23 17:09:56 - [TEST_CASE][PASSED] - Test Cases/Menu/BasligaGoreAltMenuSecimi: Test Cases/Menu/BasligaGoreAltMenuSecimi

2021-11-23 17:09:57 - [TEST_STEP][PASSED] - Method.TextDegerineEsitElementinAltindakiTextDegerineEsitOlanaTikla(findTestObject("Menu/Menu_Basligi"), findTestObject("Menu/Basliga_Gore_Alt_Menu"), Baslik, Alt_Menu): Method.TextDegerineEsitElementinAltindakiTextDegerineEsitOlanaTikla is PASSED

2021-11-23 17:09:57 - [MESSAGE][INFO] - Finding Test Object 'Object Repository/Menu/Menu_Basligi'

2021-11-23 17:09:57 - [MESSAGE][INFO] - Finding Test Object 'Object Repository/Menu/Basliga_Gore_Alt_Menu'

2021-11-23 17:09:57 - [MESSAGE][INFO] - Checking timeout

2021-11-23 17:09:57 - [MESSAGE][INFO] - Finding web element with id: 'Object Repository/Menu/Menu_Basligi' located by 'By.xpath: //li[@class='dropdown dropdown-large open']//li[@class='dropdown-header']' in '10' second(s)

2021-11-23 17:09:57 - [MESSAGE][INFO] - Smart Wait Function is triggered

2021-11-23 17:09:57 - [MESSAGE][INFO] - Found 2 web elements with id: 'Object Repository/Menu/Menu_Basligi' located by 'By.xpath: //li[@class='dropdown dropdown-large open']//li[@class='dropdown-header']' in '10' second(s)

2021-11-23 17:09:57 - [MESSAGE][INFO] - Smart Wait Function is triggered

2021-11-23 17:10:00 - [MESSAGE][PASSED] - Method.TextDegerineEsitElementinAltindakiTextDegerineEsitOlanaTikla is PASSED

2021-11-23 17:10:00 - [MESSAGE][PASSED] - Call Test Case 'Test Cases/Menu/BasligaGoreAltMenuSecimi' successfully

2021-11-23 17:10:00 - [MESSAGE][INFO] - Checking called Test Case

2021-11-23 17:10:00 - [MESSAGE][INFO] - Starting to call Test Case 'Test Cases/Filtreler/FiltreVarMi'

2021-11-23 17:10:00 - [TEST_CASE][PASSED] - Test Cases/Filtreler/FiltreVarMi: Test Cases/Filtreler/FiltreVarMi

2021-11-23 17:10:00 - [TEST_STEP][PASSED] - Method.TextDegerineEsitElementVarMi(findTestObject("Filtreler/Basliklar"), Filtre_alan): Method.TextDegerineEsitElementVarMi is PASSED

2021-11-23 17:10:00 - [MESSAGE][INFO] - Finding Test Object 'Object Repository/Filtreler/Basliklar'

2021-11-23 17:10:00 - [MESSAGE][INFO] - Checking timeout

2021-11-23 17:10:00 - [MESSAGE][INFO] - Finding web element with id: 'Object Repository/Filtreler/Basliklar' located by 'By.cssSelector: .control-label.col-sm-4.paddingMarginRLC' in '10' second(s)

2021-11-23 17:10:00 - [MESSAGE][INFO] - Smart Wait Function is triggered

2021-11-23 17:10:01 - [MESSAGE][INFO] - Found 6 web elements with id: 'Object Repository/Filtreler/Basliklar' located by 'By.cssSelector: .control-label.col-sm-4.paddingMarginRLC' in '10' second(s)

2021-11-23 17:10:01 - [MESSAGE][PASSED] - Method.TextDegerineEsitElementVarMi is PASSED

2021-11-23 17:10:01 - [MESSAGE][PASSED] - Call Test Case 'Test Cases/Filtreler/FiltreVarMi' successfully

2021-11-23 17:10:01 - [MESSAGE][INFO] - Checking called Test Case

2021-11-23 17:10:01 - [MESSAGE][INFO] - Starting to call Test Case 'Test Cases/Filtreler/FiltreVarMi'

2021-11-23 17:10:01 - [TEST_CASE][PASSED] - Test Cases/Filtreler/FiltreVarMi: Test Cases/Filtreler/FiltreVarMi

2021-11-23 17:10:01 - [TEST_STEP][PASSED] - Method.TextDegerineEsitElementVarMi(findTestObject("Filtreler/Basliklar"), Filtre_alan): Method.TextDegerineEsitElementVarMi is PASSED

2021-11-23 17:10:01 - [MESSAGE][INFO] - Finding Test Object 'Object Repository/Filtreler/Basliklar'

2021-11-23 17:10:01 - [MESSAGE][INFO] - Checking timeout

2021-11-23 17:10:01 - [MESSAGE][INFO] - Finding web element with id: 'Object Repository/Filtreler/Basliklar' located by 'By.cssSelector: .control-label.col-sm-4.paddingMarginRLC' in '10' second(s)

2021-11-23 17:10:01 - [MESSAGE][INFO] - Smart Wait Function is triggered

2021-11-23 17:10:01 - [MESSAGE][INFO] - Found 6 web elements with id: 'Object Repository/Filtreler/Basliklar' located by 'By.cssSelector: .control-label.col-sm-4.paddingMarginRLC' in '10' second(s)

2021-11-23 17:10:01 - [MESSAGE][PASSED] - Method.TextDegerineEsitElementVarMi is PASSED

2021-11-23 17:10:01 - [MESSAGE][PASSED] - Call Test Case 'Test Cases/Filtreler/FiltreVarMi' successfully

2021-11-23 17:10:01 - [MESSAGE][INFO] - Checking called Test Case

2021-11-23 17:10:01 - [MESSAGE][INFO] - Starting to call Test Case 'Test Cases/Filtreler/FiltreVarMi'

2021-11-23 17:10:01 - [TEST_CASE][PASSED] - Test Cases/Filtreler/FiltreVarMi: Test Cases/Filtreler/FiltreVarMi

2021-11-23 17:10:01 - [TEST_STEP][PASSED] - Method.TextDegerineEsitElementVarMi(findTestObject("Filtreler/Basliklar"), Filtre_alan): Method.TextDegerineEsitElementVarMi is PASSED

2021-11-23 17:10:01 - [MESSAGE][INFO] - Finding Test Object 'Object Repository/Filtreler/Basliklar'

2021-11-23 17:10:01 - [MESSAGE][INFO] - Checking timeout

2021-11-23 17:10:01 - [MESSAGE][INFO] - Finding web element with id: 'Object Repository/Filtreler/Basliklar' located by 'By.cssSelector: .control-label.col-sm-4.paddingMarginRLC' in '10' second(s)

2021-11-23 17:10:01 - [MESSAGE][INFO] - Smart Wait Function is triggered

2021-11-23 17:10:02 - [MESSAGE][INFO] - Found 6 web elements with id: 'Object Repository/Filtreler/Basliklar' located by 'By.cssSelector: .control-label.col-sm-4.paddingMarginRLC' in '10' second(s)

2021-11-23 17:10:02 - [MESSAGE][PASSED] - Method.TextDegerineEsitElementVarMi is PASSED

2021-11-23 17:10:02 - [MESSAGE][PASSED] - Call Test Case 'Test Cases/Filtreler/FiltreVarMi' successfully

2021-11-23 17:10:02 - [MESSAGE][INFO] - Checking called Test Case

2021-11-23 17:10:02 - [MESSAGE][INFO] - Starting to call Test Case 'Test Cases/Filtreler/FiltreVarMi'

2021-11-23 17:10:02 - [TEST_CASE][PASSED] - Test Cases/Filtreler/FiltreVarMi: Test Cases/Filtreler/FiltreVarMi

2021-11-23 17:10:02 - [TEST_STEP][PASSED] - Method.TextDegerineEsitElementVarMi(findTestObject("Filtreler/Basliklar"), Filtre_alan): Method.TextDegerineEsitElementVarMi is PASSED

2021-11-23 17:10:02 - [MESSAGE][INFO] - Finding Test Object 'Object Repository/Filtreler/Basliklar'

2021-11-23 17:10:02 - [MESSAGE][INFO] - Checking timeout

2021-11-23 17:10:02 - [MESSAGE][INFO] - Finding web element with id: 'Object Repository/Filtreler/Basliklar' located by 'By.cssSelector: .control-label.col-sm-4.paddingMarginRLC' in '10' second(s)

2021-11-23 17:10:02 - [MESSAGE][INFO] - Smart Wait Function is triggered

2021-11-23 17:10:02 - [MESSAGE][INFO] - Found 6 web elements with id: 'Object Repository/Filtreler/Basliklar' located by 'By.cssSelector: .control-label.col-sm-4.paddingMarginRLC' in '10' second(s)

2021-11-23 17:10:02 - [MESSAGE][PASSED] - Method.TextDegerineEsitElementVarMi is PASSED

2021-11-23 17:10:02 - [MESSAGE][PASSED] - Call Test Case 'Test Cases/Filtreler/FiltreVarMi' successfully

2021-11-23 17:10:02 - [MESSAGE][INFO] - Checking called Test Case

2021-11-23 17:10:02 - [MESSAGE][INFO] - Starting to call Test Case 'Test Cases/Filtreler/FiltreVarMi'

2021-11-23 17:10:02 - [TEST_CASE][PASSED] - Test Cases/Filtreler/FiltreVarMi: Test Cases/Filtreler/FiltreVarMi

2021-11-23 17:10:02 - [TEST_STEP][PASSED] - Method.TextDegerineEsitElementVarMi(findTestObject("Filtreler/Basliklar"), Filtre_alan): Method.TextDegerineEsitElementVarMi is PASSED

2021-11-23 17:10:02 - [MESSAGE][INFO] - Finding Test Object 'Object Repository/Filtreler/Basliklar'

2021-11-23 17:10:02 - [MESSAGE][INFO] - Checking timeout

2021-11-23 17:10:02 - [MESSAGE][INFO] - Finding web element with id: 'Object Repository/Filtreler/Basliklar' located by 'By.cssSelector: .control-label.col-sm-4.paddingMarginRLC' in '10' second(s)

2021-11-23 17:10:02 - [MESSAGE][INFO] - Smart Wait Function is triggered

2021-11-23 17:10:02 - [MESSAGE][INFO] - Found 6 web elements with id: 'Object Repository/Filtreler/Basliklar' located by 'By.cssSelector: .control-label.col-sm-4.paddingMarginRLC' in '10' second(s)

2021-11-23 17:10:03 - [MESSAGE][PASSED] - Method.TextDegerineEsitElementVarMi is PASSED

2021-11-23 17:10:03 - [MESSAGE][PASSED] - Call Test Case 'Test Cases/Filtreler/FiltreVarMi' successfully

2021-11-23 17:10:03 - [MESSAGE][INFO] - Checking called Test Case

2021-11-23 17:10:03 - [MESSAGE][INFO] - Starting to call Test Case 'Test Cases/Filtreler/ButonVarMi'

2021-11-23 17:10:03 - [TEST_CASE][PASSED] - Test Cases/Filtreler/ButonVarMi: Test Cases/Filtreler/ButonVarMi

2021-11-23 17:10:03 - [TEST_STEP][PASSED] - Method.TextDegerineEsitElementVarMi(findTestObject("Filtreler/Butonlar"), Filtre_Buton): Method.TextDegerineEsitElementVarMi is PASSED

2021-11-23 17:10:03 - [MESSAGE][INFO] - Finding Test Object 'Object Repository/Filtreler/Butonlar'

2021-11-23 17:10:03 - [MESSAGE][INFO] - Checking timeout

2021-11-23 17:10:03 - [MESSAGE][INFO] - Finding web element with id: 'Object Repository/Filtreler/Butonlar' located by 'By.cssSelector: .dxb>span' in '10' second(s)

2021-11-23 17:10:03 - [MESSAGE][INFO] - Smart Wait Function is triggered

2021-11-23 17:10:04 - [MESSAGE][INFO] - Found 2 web elements with id: 'Object Repository/Filtreler/Butonlar' located by 'By.cssSelector: .dxb>span' in '10' second(s)

2021-11-23 17:10:04 - [MESSAGE][PASSED] - Method.TextDegerineEsitElementVarMi is PASSED

2021-11-23 17:10:04 - [MESSAGE][PASSED] - Call Test Case 'Test Cases/Filtreler/ButonVarMi' successfully

2021-11-23 17:10:04 - [MESSAGE][INFO] - Checking called Test Case

2021-11-23 17:10:04 - [MESSAGE][INFO] - Starting to call Test Case 'Test Cases/Filtreler/ButonVarMi'

2021-11-23 17:10:04 - [TEST_CASE][PASSED] - Test Cases/Filtreler/ButonVarMi: Test Cases/Filtreler/ButonVarMi

2021-11-23 17:10:04 - [TEST_STEP][PASSED] - Method.TextDegerineEsitElementVarMi(findTestObject("Filtreler/Butonlar"), Filtre_Buton): Method.TextDegerineEsitElementVarMi is PASSED

2021-11-23 17:10:04 - [MESSAGE][INFO] - Finding Test Object 'Object Repository/Filtreler/Butonlar'

2021-11-23 17:10:04 - [MESSAGE][INFO] - Checking timeout

2021-11-23 17:10:04 - [MESSAGE][INFO] - Finding web element with id: 'Object Repository/Filtreler/Butonlar' located by 'By.cssSelector: .dxb>span' in '10' second(s)

2021-11-23 17:10:04 - [MESSAGE][INFO] - Smart Wait Function is triggered

2021-11-23 17:10:04 - [MESSAGE][INFO] - Found 2 web elements with id: 'Object Repository/Filtreler/Butonlar' located by 'By.cssSelector: .dxb>span' in '10' second(s)

2021-11-23 17:10:04 - [MESSAGE][PASSED] - Method.TextDegerineEsitElementVarMi is PASSED

2021-11-23 17:10:04 - [MESSAGE][PASSED] - Call Test Case 'Test Cases/Filtreler/ButonVarMi' successfully

2021-11-23 17:10:04 - [MESSAGE][INFO] - Checking called Test Case

2021-11-23 17:10:04 - [MESSAGE][INFO] - Starting to call Test Case 'Test Cases/Butonlar/ButonVarMi'

2021-11-23 17:10:04 - [TEST_CASE][PASSED] - Test Cases/Butonlar/ButonVarMi: Test Cases/Butonlar/ButonVarMi

2021-11-23 17:10:05 - [TEST_STEP][PASSED] - Method.TextDegerineEsitElementVarMi(findTestObject("Butonlar/Butonlar"), Buton): Method.TextDegerineEsitElementVarMi is PASSED

2021-11-23 17:10:05 - [MESSAGE][INFO] - Finding Test Object 'Object Repository/Butonlar/Butonlar'

2021-11-23 17:10:05 - [MESSAGE][INFO] - Checking timeout

2021-11-23 17:10:05 - [MESSAGE][INFO] - Finding web element with id: 'Object Repository/Butonlar/Butonlar' located by 'By.cssSelector: .panel.panel-default.text-center.footerPanel .btn,.btn.btn-primary.btnControls' in '10' second(s)

2021-11-23 17:10:05 - [MESSAGE][INFO] - Smart Wait Function is triggered

2021-11-23 17:10:05 - [MESSAGE][INFO] - Found 4 web elements with id: 'Object Repository/Butonlar/Butonlar' located by 'By.cssSelector: .panel.panel-default.text-center.footerPanel .btn,.btn.btn-primary.btnControls' in '10' second(s)

2021-11-23 17:10:05 - [MESSAGE][PASSED] - Method.TextDegerineEsitElementVarMi is PASSED

2021-11-23 17:10:05 - [MESSAGE][PASSED] - Call Test Case 'Test Cases/Butonlar/ButonVarMi' successfully

2021-11-23 17:10:05 - [MESSAGE][INFO] - Checking called Test Case

2021-11-23 17:10:05 - [MESSAGE][INFO] - Starting to call Test Case 'Test Cases/Butonlar/ButonVarMi'

2021-11-23 17:10:05 - [TEST_CASE][PASSED] - Test Cases/Butonlar/ButonVarMi: Test Cases/Butonlar/ButonVarMi

2021-11-23 17:10:05 - [TEST_STEP][PASSED] - Method.TextDegerineEsitElementVarMi(findTestObject("Butonlar/Butonlar"), Buton): Method.TextDegerineEsitElementVarMi is PASSED

2021-11-23 17:10:05 - [MESSAGE][INFO] - Finding Test Object 'Object Repository/Butonlar/Butonlar'

2021-11-23 17:10:05 - [MESSAGE][INFO] - Checking timeout

2021-11-23 17:10:05 - [MESSAGE][INFO] - Finding web element with id: 'Object Repository/Butonlar/Butonlar' located by 'By.cssSelector: .panel.panel-default.text-center.footerPanel .btn,.btn.btn-primary.btnControls' in '10' second(s)

2021-11-23 17:10:05 - [MESSAGE][INFO] - Smart Wait Function is triggered

2021-11-23 17:10:06 - [MESSAGE][INFO] - Found 4 web elements with id: 'Object Repository/Butonlar/Butonlar' located by 'By.cssSelector: .panel.panel-default.text-center.footerPanel .btn,.btn.btn-primary.btnControls' in '10' second(s)

2021-11-23 17:10:06 - [MESSAGE][PASSED] - Method.TextDegerineEsitElementVarMi is PASSED

2021-11-23 17:10:06 - [MESSAGE][PASSED] - Call Test Case 'Test Cases/Butonlar/ButonVarMi' successfully

2021-11-23 17:10:06 - [MESSAGE][INFO] - Checking called Test Case

2021-11-23 17:10:06 - [MESSAGE][INFO] - Starting to call Test Case 'Test Cases/Butonlar/ButonVarMi'

2021-11-23 17:10:06 - [TEST_CASE][PASSED] - Test Cases/Butonlar/ButonVarMi: Test Cases/Butonlar/ButonVarMi

2021-11-23 17:10:06 - [TEST_STEP][PASSED] - Method.TextDegerineEsitElementVarMi(findTestObject("Butonlar/Butonlar"), Buton): Method.TextDegerineEsitElementVarMi is PASSED

2021-11-23 17:10:06 - [MESSAGE][INFO] - Finding Test Object 'Object Repository/Butonlar/Butonlar'

2021-11-23 17:10:06 - [MESSAGE][INFO] - Checking timeout

2021-11-23 17:10:06 - [MESSAGE][INFO] - Finding web element with id: 'Object Repository/Butonlar/Butonlar' located by 'By.cssSelector: .panel.panel-default.text-center.footerPanel .btn,.btn.btn-primary.btnControls' in '10' second(s)

2021-11-23 17:10:06 - [MESSAGE][INFO] - Smart Wait Function is triggered

2021-11-23 17:10:06 - [MESSAGE][INFO] - Found 4 web elements with id: 'Object Repository/Butonlar/Butonlar' located by 'By.cssSelector: .panel.panel-default.text-center.footerPanel .btn,.btn.btn-primary.btnControls' in '10' second(s)

2021-11-23 17:10:06 - [MESSAGE][PASSED] - Method.TextDegerineEsitElementVarMi is PASSED

2021-11-23 17:10:06 - [MESSAGE][PASSED] - Call Test Case 'Test Cases/Butonlar/ButonVarMi' successfully

2021-11-23 17:10:06 - [MESSAGE][INFO] - Checking called Test Case

2021-11-23 17:10:06 - [MESSAGE][INFO] - Starting to call Test Case 'Test Cases/Butonlar/ButonVarMi'

2021-11-23 17:10:06 - [TEST_CASE][PASSED] - Test Cases/Butonlar/ButonVarMi: Test Cases/Butonlar/ButonVarMi

2021-11-23 17:10:06 - [TEST_STEP][PASSED] - Method.TextDegerineEsitElementVarMi(findTestObject("Butonlar/Butonlar"), Buton): Method.TextDegerineEsitElementVarMi is PASSED

2021-11-23 17:10:06 - [MESSAGE][INFO] - Finding Test Object 'Object Repository/Butonlar/Butonlar'

2021-11-23 17:10:06 - [MESSAGE][INFO] - Checking timeout

2021-11-23 17:10:06 - [MESSAGE][INFO] - Finding web element with id: 'Object Repository/Butonlar/Butonlar' located by 'By.cssSelector: .panel.panel-default.text-center.footerPanel .btn,.btn.btn-primary.btnControls' in '10' second(s)

2021-11-23 17:10:06 - [MESSAGE][INFO] - Smart Wait Function is triggered

2021-11-23 17:10:06 - [MESSAGE][INFO] - Found 4 web elements with id: 'Object Repository/Butonlar/Butonlar' located by 'By.cssSelector: .panel.panel-default.text-center.footerPanel .btn,.btn.btn-primary.btnControls' in '10' second(s)

2021-11-23 17:10:07 - [MESSAGE][PASSED] - Method.TextDegerineEsitElementVarMi is PASSED

2021-11-23 17:10:07 - [MESSAGE][PASSED] - Call Test Case 'Test Cases/Butonlar/ButonVarMi' successfully

2021-11-23 17:10:07 - [MESSAGE][INFO] - Checking called Test Case

2021-11-23 17:10:07 - [MESSAGE][INFO] - Starting to call Test Case 'Test Cases/Kullanici_Islemleri/KullaniciIslemlerindenSecimYapilir'

2021-11-23 17:10:07 - [TEST_CASE][PASSED] - Test Cases/Kullanici_Islemleri/KullaniciIslemlerindenSecimYapilir: Test Cases/Kullanici_Islemleri/KullaniciIslemlerindenSecimYapilir

2021-11-23 17:10:07 - [TEST_STEP][PASSED] - waitForElementClickable(findTestObject("Object Repository/Kullanici_Islemleri/KullaniciIslemleri"), 10): Object 'Object Repository/Kullanici_Islemleri/KullaniciIslemleri' is clickable

2021-11-23 17:10:07 - [MESSAGE][INFO] - Finding Test Object 'Object Repository/Kullanici_Islemleri/KullaniciIslemleri'

2021-11-23 17:10:07 - [MESSAGE][INFO] - Checking object

2021-11-23 17:10:07 - [MESSAGE][INFO] - Checking timeout

2021-11-23 17:10:07 - [MESSAGE][INFO] - Finding web element from Test Object's properties

2021-11-23 17:10:07 - [MESSAGE][INFO] - Checking timeout

2021-11-23 17:10:07 - [MESSAGE][INFO] - Finding web element with id: 'Object Repository/Kullanici_Islemleri/KullaniciIslemleri' located by 'By.cssSelector: .dropdown>a>img' in '10' second(s)

2021-11-23 17:10:07 - [MESSAGE][INFO] - Smart Wait Function is triggered

2021-11-23 17:10:07 - [MESSAGE][INFO] - Found 1 web elements with id: 'Object Repository/Kullanici_Islemleri/KullaniciIslemleri' located by 'By.cssSelector: .dropdown>a>img' in '10' second(s)

2021-11-23 17:10:07 - [MESSAGE][PASSED] - Object 'Object Repository/Kullanici_Islemleri/KullaniciIslemleri' is clickable

2021-11-23 17:10:07 - [TEST_STEP][PASSED] - click(findTestObject("Object Repository/Kullanici_Islemleri/KullaniciIslemleri")): Object: 'Object Repository/Kullanici_Islemleri/KullaniciIslemleri' is clicked on

2021-11-23 17:10:07 - [MESSAGE][INFO] - Finding Test Object 'Object Repository/Kullanici_Islemleri/KullaniciIslemleri'

2021-11-23 17:10:08 - [MESSAGE][INFO] - Checking object

2021-11-23 17:10:08 - [MESSAGE][INFO] - Finding web element from Test Object's properties

2021-11-23 17:10:08 - [MESSAGE][INFO] - Checking timeout

2021-11-23 17:10:08 - [MESSAGE][INFO] - Finding web element with id: 'Object Repository/Kullanici_Islemleri/KullaniciIslemleri' located by 'By.cssSelector: .dropdown>a>img' in '30' second(s)

2021-11-23 17:10:08 - [MESSAGE][INFO] - Smart Wait Function is triggered

2021-11-23 17:10:08 - [MESSAGE][INFO] - Found 1 web elements with id: 'Object Repository/Kullanici_Islemleri/KullaniciIslemleri' located by 'By.cssSelector: .dropdown>a>img' in '30' second(s)

2021-11-23 17:10:08 - [MESSAGE][INFO] - Clicking on object: 'Object Repository/Kullanici_Islemleri/KullaniciIslemleri'

2021-11-23 17:10:08 - [MESSAGE][PASSED] - Object: 'Object Repository/Kullanici_Islemleri/KullaniciIslemleri' is clicked on

2021-11-23 17:10:08 - [TEST_STEP][PASSED] - Method.TextDegerineEsitElementeTikla(findTestObject("Object Repository/Kullanici_Islemleri/Secenekler"), Islem): Method.TextDegerineEsitElementeTikla is PASSED

2021-11-23 17:10:08 - [MESSAGE][INFO] - Finding Test Object 'Object Repository/Kullanici_Islemleri/Secenekler'

2021-11-23 17:10:08 - [MESSAGE][INFO] - Checking timeout

2021-11-23 17:10:08 - [MESSAGE][INFO] - Finding web element with id: 'Object Repository/Kullanici_Islemleri/Secenekler' located by 'By.cssSelector: .nav.navbar-nav.navbar-right li a' in '10' second(s)

2021-11-23 17:10:08 - [MESSAGE][INFO] - Smart Wait Function is triggered

2021-11-23 17:10:08 - [MESSAGE][INFO] - Found 22 web elements with id: 'Object Repository/Kullanici_Islemleri/Secenekler' located by 'By.cssSelector: .nav.navbar-nav.navbar-right li a' in '10' second(s)

2021-11-23 17:10:10 - [MESSAGE][PASSED] - Method.TextDegerineEsitElementeTikla is PASSED

2021-11-23 17:10:10 - [TEST_STEP][PASSED] - verifyElementNotPresent(findTestObject("Object Repository/Kullanici_Islemleri/Secenekler"), 10): Web element with id: 'Object Repository/Kullanici_Islemleri/Secenekler' located by 'By.cssSelector: .nav.navbar-nav.navbar-right li a' is not present after '10' second(s)

2021-11-23 17:10:10 - [MESSAGE][INFO] - Finding Test Object 'Object Repository/Kullanici_Islemleri/Secenekler'

2021-11-23 17:10:10 - [MESSAGE][INFO] - Checking object

2021-11-23 17:10:10 - [MESSAGE][INFO] - Checking timeout

2021-11-23 17:10:11 - [MESSAGE][INFO] - Finding web element with id: 'Object Repository/Kullanici_Islemleri/Secenekler' located by 'By.cssSelector: .nav.navbar-nav.navbar-right li a' in '10' second(s)

2021-11-23 17:10:11 - [MESSAGE][INFO] - Smart Wait Function is triggered

2021-11-23 17:10:11 - [MESSAGE][PASSED] - Web element with id: 'Object Repository/Kullanici_Islemleri/Secenekler' located by 'By.cssSelector: .nav.navbar-nav.navbar-right li a' is not present after '10' second(s)

2021-11-23 17:10:11 - [MESSAGE][PASSED] - Call Test Case 'Test Cases/Kullanici_Islemleri/KullaniciIslemlerindenSecimYapilir' successfully

2021-11-23 17:10:11 - [TEST_CASE][PASSED] - Start Test Case : SCENARIO Adres Defteri Buton Kontrolu: SCENARIO Adres Defteri Buton Kontrolu

2021-11-23 17:10:11 - [TEST_STEP][PASSED] - Kullanıcı adı ELOGO6 ve Şifre 123456 olarak giriş yapılır: Kullanıcı adı ELOGO6 ve Şifre 123456 olarak giriş yapılır

2021-11-23 17:10:11 - [MESSAGE][PASSED] - Kullanıcı adı ELOGO6 ve Şifre 123456 olarak giriş yapılır

2021-11-23 17:10:11 - [TEST_STEP][PASSED] - Ana menüden Ayarlar seçilir: Ana menüden Ayarlar seçilir

2021-11-23 17:10:11 - [MESSAGE][PASSED] - Ana menüden Ayarlar seçilir

2021-11-23 17:10:11 - [TEST_STEP][PASSED] - Alt menü Araçlar başlığı altındaki Adres Defteri seçilir: Alt menü Araçlar başlığı altındaki Adres Defteri seçilir

2021-11-23 17:10:11 - [MESSAGE][PASSED] - Alt menü Araçlar başlığı altındaki Adres Defteri seçilir

2021-11-23 17:10:11 - [TEST_STEP][PASSED] - Filtre alanlarında Kısaltma var mı: Filtre alanlarında Kısaltma var mı

2021-11-23 17:10:11 - [MESSAGE][PASSED] - Filtre alanlarında Kısaltma var mı

2021-11-23 17:10:11 - [TEST_STEP][PASSED] - Filtre alanlarında Adı var mı: Filtre alanlarında Adı var mı

2021-11-23 17:10:11 - [MESSAGE][PASSED] - Filtre alanlarında Adı var mı

2021-11-23 17:10:11 - [TEST_STEP][PASSED] - Filtre alanlarında Unvan var mı: Filtre alanlarında Unvan var mı

2021-11-23 17:10:11 - [MESSAGE][PASSED] - Filtre alanlarında Unvan var mı

2021-11-23 17:10:11 - [TEST_STEP][PASSED] - Filtre alanlarında Soyadı var mı: Filtre alanlarında Soyadı var mı

2021-11-23 17:10:11 - [MESSAGE][PASSED] - Filtre alanlarında Soyadı var mı

2021-11-23 17:10:11 - [TEST_STEP][PASSED] - Filtre alanlarında VKN/TCKN No var mı: Filtre alanlarında VKN/TCKN No var mı

2021-11-23 17:10:11 - [MESSAGE][PASSED] - Filtre alanlarında VKN/TCKN No var mı

2021-11-23 17:10:11 - [TEST_STEP][PASSED] - Filtre butonlarında Listele var mı: Filtre butonlarında Listele var mı

2021-11-23 17:10:11 - [MESSAGE][PASSED] - Filtre butonlarında Listele var mı

2021-11-23 17:10:11 - [TEST_STEP][PASSED] - Filtre butonlarında Temizle var mı: Filtre butonlarında Temizle var mı

2021-11-23 17:10:11 - [MESSAGE][PASSED] - Filtre butonlarında Temizle var mı

2021-11-23 17:10:11 - [TEST_STEP][PASSED] - Butonlardan Ekle var mı: Butonlardan Ekle var mı

2021-11-23 17:10:11 - [MESSAGE][PASSED] - Butonlardan Ekle var mı

2021-11-23 17:10:11 - [TEST_STEP][PASSED] - Butonlardan Değiştir var mı: Butonlardan Değiştir var mı

2021-11-23 17:10:11 - [MESSAGE][PASSED] - Butonlardan Değiştir var mı

2021-11-23 17:10:11 - [TEST_STEP][PASSED] - Butonlardan Durum Değiştir var mı: Butonlardan Durum Değiştir var mı

2021-11-23 17:10:11 - [MESSAGE][PASSED] - Butonlardan Durum Değiştir var mı

2021-11-23 17:10:11 - [TEST_STEP][PASSED] - Butonlardan Yükle var mı: Butonlardan Yükle var mı

2021-11-23 17:10:11 - [MESSAGE][PASSED] - Butonlardan Yükle var mı

2021-11-23 17:10:11 - [TEST_STEP][PASSED] - Kullanıcı işlemlerinden Çıkış seçilir: Kullanıcı işlemlerinden Çıkış seçilir

2021-11-23 17:10:11 - [MESSAGE][PASSED] - Kullanıcı işlemlerinden Çıkış seçilir

2021-11-23 17:10:11 - [MESSAGE][PASSED] - Feature file: 'Include/features/Ayarlar/Araclar/Adres Defteri/Buton Kontrolu.feature' was passed

2021-11-23 17:10:11 - [TEST_STEP][PASSED] - Start listener action : sampleAfterTestSuite: Invoke 'com.kms.katalon.core.annotation.AfterTestCase' method: 'Listener.sampleAfterTestSuite(...)' completed.

2021-11-23 17:10:11 - [MESSAGE][INFO] - Starting invoke 'com.kms.katalon.core.annotation.AfterTestCase' method: 'Listener.sampleAfterTestSuite(...)'

2021-11-23 17:10:11 - [TEST_STEP][PASSED] - closeBrowser(): Invoke 'com.kms.katalon.core.annotation.AfterTestCase' method: 'Listener.sampleAfterTestSuite(...)' completed.

2021-11-23 17:10:11 - [MESSAGE][INFO] - Closing browser

2021-11-23 17:10:12 - [MESSAGE][PASSED] - Browser is closed

2021-11-23 17:10:12 - [MESSAGE][INFO] - Invoke 'com.kms.katalon.core.annotation.AfterTestCase' method: 'Listener.sampleAfterTestSuite(...)' completed.]]></system-out>
         <system-err><![CDATA[]]></system-err>
      </testcase>
      <testcase name="Test Cases/Case Repository/Ayarlar/Araclar/Adres Defteri/Ekle" time="55.657" classname="Test Cases/Case Repository/Ayarlar/Araclar/Adres Defteri/Ekle" status="PASSED">
         <system-out><![CDATA[2021-11-23 17:10:12 - [TEST_CASE][PASSED] - Test Cases/Case Repository/Ayarlar/Araclar/Adres Defteri/Ekle: Test Cases/Case Repository/Ayarlar/Araclar/Adres Defteri/Ekle

2021-11-23 17:10:12 - [TEST_STEP][PASSED] - Start listener action : sampleBeforeTestSuite: Invoke 'com.kms.katalon.core.annotation.BeforeTestCase' method: 'Listener.sampleBeforeTestSuite(...)' completed.

2021-11-23 17:10:12 - [MESSAGE][INFO] - Starting invoke 'com.kms.katalon.core.annotation.BeforeTestCase' method: 'Listener.sampleBeforeTestSuite(...)'

2021-11-23 17:10:12 - [TEST_STEP][PASSED] - openBrowser(baseUrl): Browser is opened with url: 'https://efatura-stage.elogo.com.tr/'

2021-11-23 17:10:12 - [MESSAGE][INFO] - Opening browser

2021-11-23 17:10:12 - [MESSAGE][INFO] - Starting 'Chrome' driver

2021-11-23 17:10:12 - [MESSAGE][INFO] - User set preference: ['prefs', '{download.default_directory=C:\otomasyondownfiles}']

2021-11-23 17:10:12 - [MESSAGE][INFO] - Action delay is set to 0 milliseconds

2021-11-23 17:10:13 - [MESSAGE][INFO] - Navigating browser to: 'https://efatura-stage.elogo.com.tr/'

2021-11-23 17:10:17 - [MESSAGE][PASSED] - Browser is opened with url: 'https://efatura-stage.elogo.com.tr/'

2021-11-23 17:10:17 - [TEST_STEP][PASSED] - maximizeWindow(): Invoke 'com.kms.katalon.core.annotation.BeforeTestCase' method: 'Listener.sampleBeforeTestSuite(...)' completed.

2021-11-23 17:10:17 - [MESSAGE][INFO] - Maximizing current window

2021-11-23 17:10:17 - [MESSAGE][PASSED] - Current window maximized

2021-11-23 17:10:17 - [MESSAGE][INFO] - Invoke 'com.kms.katalon.core.annotation.BeforeTestCase' method: 'Listener.sampleBeforeTestSuite(...)' completed.

2021-11-23 17:10:17 - [TEST_STEP][PASSED] - runFeatureFile("Include/features/Ayarlar/Araclar/Adres Defteri/Ekle.feature"): Feature file: 'Include/features/Ayarlar/Araclar/Adres Defteri/Ekle.feature' was passed

2021-11-23 17:10:17 - [MESSAGE][INFO] - Starting run keyword runFeatureFile: 'Include/features/Ayarlar/Araclar/Adres Defteri/Ekle.feature' and extract report to folder: 'C:\Users\DELL\Documents\GitHub\EES_KatalonLogo\Reports\20211123_163326\Suite Repository\Ayarlar\20211123_163427/cucumber_report/1637676617733'...

2021-11-23 17:10:17 - [MESSAGE][INFO] - Glue: []

2021-11-23 17:10:20 - [MESSAGE][INFO] - Checking called Test Case

2021-11-23 17:10:20 - [MESSAGE][INFO] - Starting to call Test Case 'Test Cases/Sayfalar/Giris_Sayfasi/Login'

2021-11-23 17:10:20 - [TEST_CASE][PASSED] - Test Cases/Sayfalar/Giris_Sayfasi/Login: Test Cases/Sayfalar/Giris_Sayfasi/Login

2021-11-23 17:10:20 - [TEST_STEP][PASSED] - Sayfa_Basligi = getWindowTitle(): Current window's title is: 'LOGO e-Fatura'

2021-11-23 17:10:20 - [MESSAGE][INFO] - Getting current window's title

2021-11-23 17:10:20 - [MESSAGE][PASSED] - Current window's title is: 'LOGO e-Fatura'

2021-11-23 17:10:20 - [TEST_STEP][PASSED] - verifyMatch(Sayfa_Basligi, "LOGO e-Fatura", false): Actual text 'LOGO e-Fatura' and expected text 'LOGO e-Fatura' are matched 

2021-11-23 17:10:20 - [MESSAGE][INFO] - Matching actual text 'LOGO e-Fatura' with expected text 'LOGO e-Fatura'

2021-11-23 17:10:20 - [MESSAGE][PASSED] - Actual text 'LOGO e-Fatura' and expected text 'LOGO e-Fatura' are matched 

2021-11-23 17:10:20 - [TEST_STEP][PASSED] - sendKeys(findTestObject("Sayfalar/Giris_Sayfasi/Firma_Kodu"), KullaniciAdi): Keys 'ELOGO6' sent to object: 'Object Repository/Sayfalar/Giris_Sayfasi/Firma_Kodu'

2021-11-23 17:10:20 - [MESSAGE][INFO] - Finding Test Object 'Object Repository/Sayfalar/Giris_Sayfasi/Firma_Kodu'

2021-11-23 17:10:20 - [MESSAGE][INFO] - Sending keys 'ELOGO6' to object: 'Object Repository/Sayfalar/Giris_Sayfasi/Firma_Kodu'

2021-11-23 17:10:20 - [MESSAGE][INFO] - Finding web element from Test Object's properties

2021-11-23 17:10:20 - [MESSAGE][INFO] - Checking timeout

2021-11-23 17:10:20 - [MESSAGE][INFO] - Finding web element with id: 'Object Repository/Sayfalar/Giris_Sayfasi/Firma_Kodu' located by 'By.xpath: //*[@id = 'AccountName']' in '30' second(s)

2021-11-23 17:10:20 - [MESSAGE][INFO] - Smart Wait Function is triggered

2021-11-23 17:10:20 - [MESSAGE][INFO] - Found 1 web elements with id: 'Object Repository/Sayfalar/Giris_Sayfasi/Firma_Kodu' located by 'By.xpath: //*[@id = 'AccountName']' in '30' second(s)

2021-11-23 17:10:20 - [MESSAGE][PASSED] - Keys 'ELOGO6' sent to object: 'Object Repository/Sayfalar/Giris_Sayfasi/Firma_Kodu'

2021-11-23 17:10:20 - [TEST_STEP][PASSED] - sendKeys(findTestObject("Sayfalar/Giris_Sayfasi/Sifre"), Sifre): Keys '123456' sent to object: 'Object Repository/Sayfalar/Giris_Sayfasi/Sifre'

2021-11-23 17:10:20 - [MESSAGE][INFO] - Finding Test Object 'Object Repository/Sayfalar/Giris_Sayfasi/Sifre'

2021-11-23 17:10:20 - [MESSAGE][INFO] - Sending keys '123456' to object: 'Object Repository/Sayfalar/Giris_Sayfasi/Sifre'

2021-11-23 17:10:20 - [MESSAGE][INFO] - Finding web element from Test Object's properties

2021-11-23 17:10:20 - [MESSAGE][INFO] - Checking timeout

2021-11-23 17:10:20 - [MESSAGE][INFO] - Finding web element with id: 'Object Repository/Sayfalar/Giris_Sayfasi/Sifre' located by 'By.xpath: //*[@id = 'Password']' in '30' second(s)

2021-11-23 17:10:20 - [MESSAGE][INFO] - Smart Wait Function is triggered

2021-11-23 17:10:21 - [MESSAGE][INFO] - Found 1 web elements with id: 'Object Repository/Sayfalar/Giris_Sayfasi/Sifre' located by 'By.xpath: //*[@id = 'Password']' in '30' second(s)

2021-11-23 17:10:21 - [MESSAGE][PASSED] - Keys '123456' sent to object: 'Object Repository/Sayfalar/Giris_Sayfasi/Sifre'

2021-11-23 17:10:21 - [TEST_STEP][PASSED] - findWebElement(findTestObject("Sayfalar/Giris_Sayfasi/Giris_Butonu")).click(): Found 1 web elements with id: 'Object Repository/Sayfalar/Giris_Sayfasi/Giris_Butonu' located by 'By.cssSelector: #btnLogin' in '30' second(s)

2021-11-23 17:10:21 - [MESSAGE][INFO] - Finding Test Object 'Object Repository/Sayfalar/Giris_Sayfasi/Giris_Butonu'

2021-11-23 17:10:21 - [MESSAGE][INFO] - Finding web element from Test Object's properties

2021-11-23 17:10:21 - [MESSAGE][INFO] - Checking timeout

2021-11-23 17:10:21 - [MESSAGE][INFO] - Finding web element with id: 'Object Repository/Sayfalar/Giris_Sayfasi/Giris_Butonu' located by 'By.cssSelector: #btnLogin' in '30' second(s)

2021-11-23 17:10:21 - [MESSAGE][INFO] - Smart Wait Function is triggered

2021-11-23 17:10:21 - [MESSAGE][INFO] - Found 1 web elements with id: 'Object Repository/Sayfalar/Giris_Sayfasi/Giris_Butonu' located by 'By.cssSelector: #btnLogin' in '30' second(s)

2021-11-23 17:10:24 - [TEST_STEP][PASSED] - if (verifyElementPresent(findTestObject("Object Repository/Sayfalar/Giris_Sayfasi/RetveTamam_Butonu"), 5, OPTIONAL)): null

2021-11-23 17:10:24 - [MESSAGE][INFO] - Finding Test Object 'Object Repository/Sayfalar/Giris_Sayfasi/RetveTamam_Butonu'

2021-11-23 17:10:24 - [MESSAGE][INFO] - Checking object

2021-11-23 17:10:24 - [MESSAGE][INFO] - Finding web element from Test Object's properties

2021-11-23 17:10:24 - [MESSAGE][INFO] - Checking timeout

2021-11-23 17:10:24 - [MESSAGE][INFO] - Finding web element with id: 'Object Repository/Sayfalar/Giris_Sayfasi/RetveTamam_Butonu' located by 'By.xpath: //*[@class = 'btn btn-default']' in '5' second(s)

2021-11-23 17:10:24 - [MESSAGE][INFO] - Smart Wait Function is triggered

2021-11-23 17:10:24 - [MESSAGE][INFO] - Found 1 web elements with id: 'Object Repository/Sayfalar/Giris_Sayfasi/RetveTamam_Butonu' located by 'By.xpath: //*[@class = 'btn btn-default']' in '5' second(s)

2021-11-23 17:10:24 - [MESSAGE][PASSED] - Object 'Object Repository/Sayfalar/Giris_Sayfasi/RetveTamam_Butonu' is present

2021-11-23 17:10:24 - [TEST_STEP][PASSED] - click(findTestObject("Object Repository/Sayfalar/Giris_Sayfasi/RetveTamam_Butonu")): Object: 'Object Repository/Sayfalar/Giris_Sayfasi/RetveTamam_Butonu' is clicked on

2021-11-23 17:10:24 - [MESSAGE][INFO] - Finding Test Object 'Object Repository/Sayfalar/Giris_Sayfasi/RetveTamam_Butonu'

2021-11-23 17:10:24 - [MESSAGE][INFO] - Checking object

2021-11-23 17:10:24 - [MESSAGE][INFO] - Finding web element from Test Object's properties

2021-11-23 17:10:24 - [MESSAGE][INFO] - Checking timeout

2021-11-23 17:10:24 - [MESSAGE][INFO] - Finding web element with id: 'Object Repository/Sayfalar/Giris_Sayfasi/RetveTamam_Butonu' located by 'By.xpath: //*[@class = 'btn btn-default']' in '30' second(s)

2021-11-23 17:10:24 - [MESSAGE][INFO] - Smart Wait Function is triggered

2021-11-23 17:10:24 - [MESSAGE][INFO] - Found 1 web elements with id: 'Object Repository/Sayfalar/Giris_Sayfasi/RetveTamam_Butonu' located by 'By.xpath: //*[@class = 'btn btn-default']' in '30' second(s)

2021-11-23 17:10:24 - [MESSAGE][INFO] - Clicking on object: 'Object Repository/Sayfalar/Giris_Sayfasi/RetveTamam_Butonu'

2021-11-23 17:10:24 - [MESSAGE][PASSED] - Object: 'Object Repository/Sayfalar/Giris_Sayfasi/RetveTamam_Butonu' is clicked on

2021-11-23 17:10:24 - [TEST_STEP][PASSED] - click(findTestObject("Object Repository/Sayfalar/Giris_Sayfasi/RetveTamam_Butonu")): Object: 'Object Repository/Sayfalar/Giris_Sayfasi/RetveTamam_Butonu' is clicked on

2021-11-23 17:10:24 - [MESSAGE][INFO] - Finding Test Object 'Object Repository/Sayfalar/Giris_Sayfasi/RetveTamam_Butonu'

2021-11-23 17:10:25 - [MESSAGE][INFO] - Checking object

2021-11-23 17:10:25 - [MESSAGE][INFO] - Finding web element from Test Object's properties

2021-11-23 17:10:25 - [MESSAGE][INFO] - Checking timeout

2021-11-23 17:10:25 - [MESSAGE][INFO] - Finding web element with id: 'Object Repository/Sayfalar/Giris_Sayfasi/RetveTamam_Butonu' located by 'By.xpath: //*[@class = 'btn btn-default']' in '30' second(s)

2021-11-23 17:10:25 - [MESSAGE][INFO] - Smart Wait Function is triggered

2021-11-23 17:10:28 - [MESSAGE][INFO] - Found 1 web elements with id: 'Object Repository/Sayfalar/Giris_Sayfasi/RetveTamam_Butonu' located by 'By.xpath: //*[@class = 'btn btn-default']' in '30' second(s)

2021-11-23 17:10:28 - [MESSAGE][INFO] - Clicking on object: 'Object Repository/Sayfalar/Giris_Sayfasi/RetveTamam_Butonu'

2021-11-23 17:10:28 - [MESSAGE][PASSED] - Object: 'Object Repository/Sayfalar/Giris_Sayfasi/RetveTamam_Butonu' is clicked on

2021-11-23 17:10:28 - [TEST_STEP][PASSED] - if (verifyElementPresent(findTestObject("Sayfalar/Giris_Sayfasi/PopupOK"), 5, OPTIONAL)): null

2021-11-23 17:10:28 - [MESSAGE][INFO] - Finding Test Object 'Object Repository/Sayfalar/Giris_Sayfasi/PopupOK'

2021-11-23 17:10:28 - [MESSAGE][INFO] - Checking object

2021-11-23 17:10:28 - [MESSAGE][INFO] - Finding web element from Test Object's properties

2021-11-23 17:10:28 - [MESSAGE][INFO] - Checking timeout

2021-11-23 17:10:28 - [MESSAGE][INFO] - Finding web element with id: 'Object Repository/Sayfalar/Giris_Sayfasi/PopupOK' located by 'By.cssSelector: .btn.btn-success' in '5' second(s)

2021-11-23 17:10:28 - [MESSAGE][INFO] - Smart Wait Function is triggered

2021-11-23 17:10:28 - [MESSAGE][INFO] - Found 1 web elements with id: 'Object Repository/Sayfalar/Giris_Sayfasi/PopupOK' located by 'By.cssSelector: .btn.btn-success' in '5' second(s)

2021-11-23 17:10:28 - [MESSAGE][PASSED] - Object 'Object Repository/Sayfalar/Giris_Sayfasi/PopupOK' is present

2021-11-23 17:10:28 - [TEST_STEP][PASSED] - click(findTestObject("Object Repository/Sayfalar/Giris_Sayfasi/PopupCarpiGiris")): Object: 'Object Repository/Sayfalar/Giris_Sayfasi/PopupCarpiGiris' is clicked on

2021-11-23 17:10:28 - [MESSAGE][INFO] - Finding Test Object 'Object Repository/Sayfalar/Giris_Sayfasi/PopupCarpiGiris'

2021-11-23 17:10:28 - [MESSAGE][INFO] - Checking object

2021-11-23 17:10:28 - [MESSAGE][INFO] - Finding web element from Test Object's properties

2021-11-23 17:10:28 - [MESSAGE][INFO] - Checking timeout

2021-11-23 17:10:28 - [MESSAGE][INFO] - Finding web element with id: 'Object Repository/Sayfalar/Giris_Sayfasi/PopupCarpiGiris' located by 'By.cssSelector: .bootbox-close-button.close' in '30' second(s)

2021-11-23 17:10:28 - [MESSAGE][INFO] - Smart Wait Function is triggered

2021-11-23 17:10:29 - [MESSAGE][INFO] - Found 1 web elements with id: 'Object Repository/Sayfalar/Giris_Sayfasi/PopupCarpiGiris' located by 'By.cssSelector: .bootbox-close-button.close' in '30' second(s)

2021-11-23 17:10:29 - [MESSAGE][INFO] - Clicking on object: 'Object Repository/Sayfalar/Giris_Sayfasi/PopupCarpiGiris'

2021-11-23 17:10:29 - [MESSAGE][PASSED] - Object: 'Object Repository/Sayfalar/Giris_Sayfasi/PopupCarpiGiris' is clicked on

2021-11-23 17:10:29 - [TEST_STEP][PASSED] - verifyElementVisible(findTestObject("Object Repository/Kullanici_Islemleri/KullaniciIslemleri")): Object 'Object Repository/Kullanici_Islemleri/KullaniciIslemleri' is visible

2021-11-23 17:10:29 - [MESSAGE][INFO] - Finding Test Object 'Object Repository/Kullanici_Islemleri/KullaniciIslemleri'

2021-11-23 17:10:29 - [MESSAGE][INFO] - Checking object

2021-11-23 17:10:29 - [MESSAGE][INFO] - Finding web element from Test Object's properties

2021-11-23 17:10:29 - [MESSAGE][INFO] - Checking timeout

2021-11-23 17:10:29 - [MESSAGE][INFO] - Finding web element with id: 'Object Repository/Kullanici_Islemleri/KullaniciIslemleri' located by 'By.cssSelector: .dropdown>a>img' in '30' second(s)

2021-11-23 17:10:29 - [MESSAGE][INFO] - Smart Wait Function is triggered

2021-11-23 17:10:30 - [MESSAGE][INFO] - Found 1 web elements with id: 'Object Repository/Kullanici_Islemleri/KullaniciIslemleri' located by 'By.cssSelector: .dropdown>a>img' in '30' second(s)

2021-11-23 17:10:30 - [MESSAGE][PASSED] - Object 'Object Repository/Kullanici_Islemleri/KullaniciIslemleri' is visible

2021-11-23 17:10:30 - [MESSAGE][PASSED] - Call Test Case 'Test Cases/Sayfalar/Giris_Sayfasi/Login' successfully

2021-11-23 17:10:30 - [MESSAGE][INFO] - Checking called Test Case

2021-11-23 17:10:30 - [MESSAGE][INFO] - Starting to call Test Case 'Test Cases/Menu/AnaMenuSecimi'

2021-11-23 17:10:30 - [TEST_CASE][PASSED] - Test Cases/Menu/AnaMenuSecimi: Test Cases/Menu/AnaMenuSecimi

2021-11-23 17:10:30 - [TEST_STEP][PASSED] - Method.TextDegerineEsitElementeTikla(findTestObject("Menu/Ana_Menu"), Ana_Menu): Method.TextDegerineEsitElementeTikla is PASSED

2021-11-23 17:10:30 - [MESSAGE][INFO] - Finding Test Object 'Object Repository/Menu/Ana_Menu'

2021-11-23 17:10:30 - [MESSAGE][INFO] - Checking timeout

2021-11-23 17:10:30 - [MESSAGE][INFO] - Finding web element with id: 'Object Repository/Menu/Ana_Menu' located by 'By.xpath: //*[@class = 'dropdown-toggle']' in '10' second(s)

2021-11-23 17:10:30 - [MESSAGE][INFO] - Smart Wait Function is triggered

2021-11-23 17:10:30 - [MESSAGE][INFO] - Found 14 web elements with id: 'Object Repository/Menu/Ana_Menu' located by 'By.xpath: //*[@class = 'dropdown-toggle']' in '10' second(s)

2021-11-23 17:10:30 - [MESSAGE][PASSED] - Method.TextDegerineEsitElementeTikla is PASSED

2021-11-23 17:10:30 - [MESSAGE][PASSED] - Call Test Case 'Test Cases/Menu/AnaMenuSecimi' successfully

2021-11-23 17:10:30 - [MESSAGE][INFO] - Checking called Test Case

2021-11-23 17:10:30 - [MESSAGE][INFO] - Starting to call Test Case 'Test Cases/Menu/BasligaGoreAltMenuSecimi'

2021-11-23 17:10:30 - [TEST_CASE][PASSED] - Test Cases/Menu/BasligaGoreAltMenuSecimi: Test Cases/Menu/BasligaGoreAltMenuSecimi

2021-11-23 17:10:30 - [TEST_STEP][PASSED] - Method.TextDegerineEsitElementinAltindakiTextDegerineEsitOlanaTikla(findTestObject("Menu/Menu_Basligi"), findTestObject("Menu/Basliga_Gore_Alt_Menu"), Baslik, Alt_Menu): Method.TextDegerineEsitElementinAltindakiTextDegerineEsitOlanaTikla is PASSED

2021-11-23 17:10:30 - [MESSAGE][INFO] - Finding Test Object 'Object Repository/Menu/Menu_Basligi'

2021-11-23 17:10:30 - [MESSAGE][INFO] - Finding Test Object 'Object Repository/Menu/Basliga_Gore_Alt_Menu'

2021-11-23 17:10:31 - [MESSAGE][INFO] - Checking timeout

2021-11-23 17:10:31 - [MESSAGE][INFO] - Finding web element with id: 'Object Repository/Menu/Menu_Basligi' located by 'By.xpath: //li[@class='dropdown dropdown-large open']//li[@class='dropdown-header']' in '10' second(s)

2021-11-23 17:10:31 - [MESSAGE][INFO] - Smart Wait Function is triggered

2021-11-23 17:10:31 - [MESSAGE][INFO] - Found 2 web elements with id: 'Object Repository/Menu/Menu_Basligi' located by 'By.xpath: //li[@class='dropdown dropdown-large open']//li[@class='dropdown-header']' in '10' second(s)

2021-11-23 17:10:31 - [MESSAGE][INFO] - Smart Wait Function is triggered

2021-11-23 17:10:33 - [MESSAGE][PASSED] - Method.TextDegerineEsitElementinAltindakiTextDegerineEsitOlanaTikla is PASSED

2021-11-23 17:10:33 - [MESSAGE][PASSED] - Call Test Case 'Test Cases/Menu/BasligaGoreAltMenuSecimi' successfully

2021-11-23 17:10:33 - [MESSAGE][INFO] - Checking called Test Case

2021-11-23 17:10:33 - [MESSAGE][INFO] - Starting to call Test Case 'Test Cases/Butonlar/ButonaTikla'

2021-11-23 17:10:33 - [TEST_CASE][PASSED] - Test Cases/Butonlar/ButonaTikla: Test Cases/Butonlar/ButonaTikla

2021-11-23 17:10:33 - [TEST_STEP][PASSED] - Method.TextDegerineEsitElementeTiklaEquals(findTestObject("Butonlar/Butonlar"), Buton_Adi): Method.TextDegerineEsitElementeTiklaEquals is PASSED

2021-11-23 17:10:33 - [MESSAGE][INFO] - Finding Test Object 'Object Repository/Butonlar/Butonlar'

2021-11-23 17:10:34 - [MESSAGE][INFO] - Checking timeout

2021-11-23 17:10:34 - [MESSAGE][INFO] - Finding web element with id: 'Object Repository/Butonlar/Butonlar' located by 'By.cssSelector: .panel.panel-default.text-center.footerPanel .btn,.btn.btn-primary.btnControls' in '10' second(s)

2021-11-23 17:10:34 - [MESSAGE][INFO] - Smart Wait Function is triggered

2021-11-23 17:10:34 - [MESSAGE][INFO] - Found 4 web elements with id: 'Object Repository/Butonlar/Butonlar' located by 'By.cssSelector: .panel.panel-default.text-center.footerPanel .btn,.btn.btn-primary.btnControls' in '10' second(s)

2021-11-23 17:10:34 - [MESSAGE][PASSED] - Method.TextDegerineEsitElementeTiklaEquals is PASSED

2021-11-23 17:10:34 - [MESSAGE][PASSED] - Call Test Case 'Test Cases/Butonlar/ButonaTikla' successfully

2021-11-23 17:10:34 - [MESSAGE][INFO] - Checking called Test Case

2021-11-23 17:10:34 - [MESSAGE][INFO] - Starting to call Test Case 'Test Cases/Sayfalar/Ayarlar/Adres_Defteri/BaslikliPopupGeldiMi'

2021-11-23 17:10:34 - [TEST_CASE][PASSED] - Test Cases/Sayfalar/Ayarlar/Adres_Defteri/BaslikliPopupGeldiMi: Test Cases/Sayfalar/Ayarlar/Adres_Defteri/BaslikliPopupGeldiMi

2021-11-23 17:10:35 - [TEST_STEP][PASSED] - waitForElementVisible(findTestObject("Sayfalar/Ayarlar/Adres_Defteri/popupBaslik"), 10): Object 'Object Repository/Sayfalar/Ayarlar/Adres_Defteri/popupBaslik' is visible

2021-11-23 17:10:35 - [MESSAGE][INFO] - Finding Test Object 'Object Repository/Sayfalar/Ayarlar/Adres_Defteri/popupBaslik'

2021-11-23 17:10:35 - [MESSAGE][INFO] - Checking object

2021-11-23 17:10:35 - [MESSAGE][INFO] - Checking timeout

2021-11-23 17:10:35 - [MESSAGE][INFO] - Finding web element from Test Object's properties

2021-11-23 17:10:35 - [MESSAGE][INFO] - Checking timeout

2021-11-23 17:10:35 - [MESSAGE][INFO] - Finding web element with id: 'Object Repository/Sayfalar/Ayarlar/Adres_Defteri/popupBaslik' located by 'By.cssSelector: #addAddressBook h4' in '10' second(s)

2021-11-23 17:10:35 - [MESSAGE][INFO] - Smart Wait Function is triggered

2021-11-23 17:10:35 - [MESSAGE][INFO] - Found 1 web elements with id: 'Object Repository/Sayfalar/Ayarlar/Adres_Defteri/popupBaslik' located by 'By.cssSelector: #addAddressBook h4' in '10' second(s)

2021-11-23 17:10:35 - [MESSAGE][PASSED] - Object 'Object Repository/Sayfalar/Ayarlar/Adres_Defteri/popupBaslik' is visible

2021-11-23 17:10:35 - [TEST_STEP][PASSED] - Method.TextDegerineEsitElementVarMi(findTestObject("Sayfalar/Ayarlar/Adres_Defteri/popupBaslik"), Baslik): Method.TextDegerineEsitElementVarMi is PASSED

2021-11-23 17:10:35 - [MESSAGE][INFO] - Finding Test Object 'Object Repository/Sayfalar/Ayarlar/Adres_Defteri/popupBaslik'

2021-11-23 17:10:35 - [MESSAGE][INFO] - Checking timeout

2021-11-23 17:10:35 - [MESSAGE][INFO] - Finding web element with id: 'Object Repository/Sayfalar/Ayarlar/Adres_Defteri/popupBaslik' located by 'By.cssSelector: #addAddressBook h4' in '10' second(s)

2021-11-23 17:10:35 - [MESSAGE][INFO] - Smart Wait Function is triggered

2021-11-23 17:10:36 - [MESSAGE][INFO] - Found 1 web elements with id: 'Object Repository/Sayfalar/Ayarlar/Adres_Defteri/popupBaslik' located by 'By.cssSelector: #addAddressBook h4' in '10' second(s)

2021-11-23 17:10:36 - [MESSAGE][PASSED] - Method.TextDegerineEsitElementVarMi is PASSED

2021-11-23 17:10:36 - [TEST_STEP][PASSED] - a = switchToFrame(findTestObject("Object Repository/Sayfalar/Ayarlar/Adres_Defteri/frame"), Waits): Switched to iframe: 'Object Repository/Sayfalar/Ayarlar/Adres_Defteri/frame'

2021-11-23 17:10:36 - [MESSAGE][INFO] - Finding Test Object 'Object Repository/Sayfalar/Ayarlar/Adres_Defteri/frame'

2021-11-23 17:10:36 - [MESSAGE][INFO] - Switching to iframe: 'Object Repository/Sayfalar/Ayarlar/Adres_Defteri/frame'

2021-11-23 17:10:36 - [MESSAGE][INFO] - Finding web element from Test Object's properties

2021-11-23 17:10:36 - [MESSAGE][INFO] - Checking timeout

2021-11-23 17:10:36 - [MESSAGE][INFO] - Finding web element with id: 'Object Repository/Sayfalar/Ayarlar/Adres_Defteri/frame' located by 'By.xpath: //*[@id = 'addAddressBookFrame']' in '10' second(s)

2021-11-23 17:10:36 - [MESSAGE][INFO] - Smart Wait Function is triggered

2021-11-23 17:10:36 - [MESSAGE][INFO] - Found 1 web elements with id: 'Object Repository/Sayfalar/Ayarlar/Adres_Defteri/frame' located by 'By.xpath: //*[@id = 'addAddressBookFrame']' in '10' second(s)

2021-11-23 17:10:36 - [MESSAGE][INFO] - Switched to iframe: 'Object Repository/Sayfalar/Ayarlar/Adres_Defteri/frame'

2021-11-23 17:10:36 - [TEST_STEP][PASSED] - assert a: null

2021-11-23 17:10:36 - [MESSAGE][PASSED] - Call Test Case 'Test Cases/Sayfalar/Ayarlar/Adres_Defteri/BaslikliPopupGeldiMi' successfully

2021-11-23 17:10:36 - [MESSAGE][INFO] - Checking called Test Case

2021-11-23 17:10:36 - [MESSAGE][INFO] - Starting to call Test Case 'Test Cases/Sayfalar/Ayarlar/Adres_Defteri/AdresDefteriTexboxaYaz'

2021-11-23 17:10:36 - [TEST_CASE][PASSED] - Test Cases/Sayfalar/Ayarlar/Adres_Defteri/AdresDefteriTexboxaYaz: Test Cases/Sayfalar/Ayarlar/Adres_Defteri/AdresDefteriTexboxaYaz

2021-11-23 17:10:37 - [TEST_STEP][PASSED] - Method.TextDegerineEsitElementinAltindakiTextboxtaYazgecici(findTestObject("Sayfalar/Ayarlar/Adres_Defteri/alanlar"), findTestObject("Sayfalar/Ayarlar/Adres_Defteri/textbox"), Alan, Deger): Method.TextDegerineEsitElementinAltindakiTextboxtaYazgecici is PASSED

2021-11-23 17:10:37 - [MESSAGE][INFO] - Finding Test Object 'Object Repository/Sayfalar/Ayarlar/Adres_Defteri/alanlar'

2021-11-23 17:10:37 - [MESSAGE][INFO] - Finding Test Object 'Object Repository/Sayfalar/Ayarlar/Adres_Defteri/textbox'

2021-11-23 17:10:37 - [MESSAGE][INFO] - Checking timeout

2021-11-23 17:10:37 - [MESSAGE][INFO] - Finding web element with id: 'Object Repository/Sayfalar/Ayarlar/Adres_Defteri/alanlar' located by 'By.cssSelector: .control-label.paddingMarginRLC' in '10' second(s)

2021-11-23 17:10:37 - [MESSAGE][INFO] - Smart Wait Function is triggered

2021-11-23 17:10:37 - [MESSAGE][INFO] - Found 16 web elements with id: 'Object Repository/Sayfalar/Ayarlar/Adres_Defteri/alanlar' located by 'By.cssSelector: .control-label.paddingMarginRLC' in '10' second(s)

2021-11-23 17:10:37 - [MESSAGE][INFO] - Smart Wait Function is triggered

2021-11-23 17:10:37 - [MESSAGE][INFO] - Delaying browser in 2 second(s)

2021-11-23 17:10:39 - [MESSAGE][PASSED] - Delayed 2 second(s)

2021-11-23 17:10:40 - [MESSAGE][PASSED] - Method.TextDegerineEsitElementinAltindakiTextboxtaYazgecici is PASSED

2021-11-23 17:10:40 - [MESSAGE][PASSED] - Call Test Case 'Test Cases/Sayfalar/Ayarlar/Adres_Defteri/AdresDefteriTexboxaYaz' successfully

2021-11-23 17:10:40 - [MESSAGE][INFO] - Checking called Test Case

2021-11-23 17:10:40 - [MESSAGE][INFO] - Starting to call Test Case 'Test Cases/Sayfalar/Ayarlar/Adres_Defteri/UnvanYaziliMi'

2021-11-23 17:10:40 - [TEST_CASE][PASSED] - Test Cases/Sayfalar/Ayarlar/Adres_Defteri/UnvanYaziliMi: Test Cases/Sayfalar/Ayarlar/Adres_Defteri/UnvanYaziliMi

2021-11-23 17:10:41 - [TEST_STEP][PASSED] - click(findTestObject("Sayfalar/Ayarlar/Adres_Defteri/alanlarTextbox"), STOP_ON_FAILURE): Object: 'Object Repository/Sayfalar/Ayarlar/Adres_Defteri/alanlarTextbox' is clicked on

2021-11-23 17:10:41 - [MESSAGE][INFO] - Finding Test Object 'Object Repository/Sayfalar/Ayarlar/Adres_Defteri/alanlarTextbox'

2021-11-23 17:10:41 - [MESSAGE][INFO] - Checking object

2021-11-23 17:10:41 - [MESSAGE][INFO] - Finding web element from Test Object's properties

2021-11-23 17:10:41 - [MESSAGE][INFO] - Checking timeout

2021-11-23 17:10:41 - [MESSAGE][INFO] - Finding web element with id: 'Object Repository/Sayfalar/Ayarlar/Adres_Defteri/alanlarTextbox' located by 'By.cssSelector: .col-sm-10.paddingMarginRLC #PartyName' in '30' second(s)

2021-11-23 17:10:41 - [MESSAGE][INFO] - Smart Wait Function is triggered

2021-11-23 17:10:41 - [MESSAGE][INFO] - Found 1 web elements with id: 'Object Repository/Sayfalar/Ayarlar/Adres_Defteri/alanlarTextbox' located by 'By.cssSelector: .col-sm-10.paddingMarginRLC #PartyName' in '30' second(s)

2021-11-23 17:10:41 - [MESSAGE][INFO] - Clicking on object: 'Object Repository/Sayfalar/Ayarlar/Adres_Defteri/alanlarTextbox'

2021-11-23 17:10:41 - [MESSAGE][PASSED] - Object: 'Object Repository/Sayfalar/Ayarlar/Adres_Defteri/alanlarTextbox' is clicked on

2021-11-23 17:10:41 - [TEST_STEP][PASSED] - variableHoldingValue = getAttribute(findTestObject("Sayfalar/Ayarlar/Adres_Defteri/alanlarTextbox"), "value"): Attribute 'value' of object 'Object Repository/Sayfalar/Ayarlar/Adres_Defteri/alanlarTextbox' is: 'Test Kurum 6'

2021-11-23 17:10:41 - [MESSAGE][INFO] - Finding Test Object 'Object Repository/Sayfalar/Ayarlar/Adres_Defteri/alanlarTextbox'

2021-11-23 17:10:41 - [MESSAGE][INFO] - Checking object

2021-11-23 17:10:41 - [MESSAGE][INFO] - Checking attribute

2021-11-23 17:10:41 - [MESSAGE][INFO] - Finding web element from Test Object's properties

2021-11-23 17:10:41 - [MESSAGE][INFO] - Checking timeout

2021-11-23 17:10:41 - [MESSAGE][INFO] - Finding web element with id: 'Object Repository/Sayfalar/Ayarlar/Adres_Defteri/alanlarTextbox' located by 'By.cssSelector: .col-sm-10.paddingMarginRLC #PartyName' in '30' second(s)

2021-11-23 17:10:41 - [MESSAGE][INFO] - Smart Wait Function is triggered

2021-11-23 17:10:41 - [MESSAGE][INFO] - Found 1 web elements with id: 'Object Repository/Sayfalar/Ayarlar/Adres_Defteri/alanlarTextbox' located by 'By.cssSelector: .col-sm-10.paddingMarginRLC #PartyName' in '30' second(s)

2021-11-23 17:10:41 - [MESSAGE][INFO] - Getting attribute 'value' of object 'Object Repository/Sayfalar/Ayarlar/Adres_Defteri/alanlarTextbox'

2021-11-23 17:10:41 - [MESSAGE][PASSED] - Attribute 'value' of object 'Object Repository/Sayfalar/Ayarlar/Adres_Defteri/alanlarTextbox' is: 'Test Kurum 6'

2021-11-23 17:10:41 - [TEST_STEP][PASSED] - Console.println(variableHoldingValue): null

2021-11-23 17:10:41 - [TEST_STEP][PASSED] - verifyEqual(variableHoldingValue, Degeri): Actual object 'Test Kurum 6' and expected object 'Test Kurum 6' are equal

2021-11-23 17:10:41 - [MESSAGE][INFO] - Comparing actual object 'Test Kurum 6' with expected object 'Test Kurum 6'

2021-11-23 17:10:41 - [MESSAGE][PASSED] - Actual object 'Test Kurum 6' and expected object 'Test Kurum 6' are equal

2021-11-23 17:10:41 - [MESSAGE][PASSED] - Call Test Case 'Test Cases/Sayfalar/Ayarlar/Adres_Defteri/UnvanYaziliMi' successfully

2021-11-23 17:10:41 - [MESSAGE][INFO] - Checking called Test Case

2021-11-23 17:10:41 - [MESSAGE][INFO] - Starting to call Test Case 'Test Cases/Sayfalar/Ayarlar/Adres_Defteri/AdresDefteriTexboxaYaz'

2021-11-23 17:10:41 - [TEST_CASE][PASSED] - Test Cases/Sayfalar/Ayarlar/Adres_Defteri/AdresDefteriTexboxaYaz: Test Cases/Sayfalar/Ayarlar/Adres_Defteri/AdresDefteriTexboxaYaz

2021-11-23 17:10:41 - [TEST_STEP][PASSED] - Method.TextDegerineEsitElementinAltindakiTextboxtaYazgecici(findTestObject("Sayfalar/Ayarlar/Adres_Defteri/alanlar"), findTestObject("Sayfalar/Ayarlar/Adres_Defteri/textbox"), Alan, Deger): Method.TextDegerineEsitElementinAltindakiTextboxtaYazgecici is PASSED

2021-11-23 17:10:41 - [MESSAGE][INFO] - Finding Test Object 'Object Repository/Sayfalar/Ayarlar/Adres_Defteri/alanlar'

2021-11-23 17:10:41 - [MESSAGE][INFO] - Finding Test Object 'Object Repository/Sayfalar/Ayarlar/Adres_Defteri/textbox'

2021-11-23 17:10:41 - [MESSAGE][INFO] - Checking timeout

2021-11-23 17:10:41 - [MESSAGE][INFO] - Finding web element with id: 'Object Repository/Sayfalar/Ayarlar/Adres_Defteri/alanlar' located by 'By.cssSelector: .control-label.paddingMarginRLC' in '10' second(s)

2021-11-23 17:10:41 - [MESSAGE][INFO] - Smart Wait Function is triggered

2021-11-23 17:10:41 - [MESSAGE][INFO] - Found 16 web elements with id: 'Object Repository/Sayfalar/Ayarlar/Adres_Defteri/alanlar' located by 'By.cssSelector: .control-label.paddingMarginRLC' in '10' second(s)

2021-11-23 17:10:42 - [MESSAGE][INFO] - Smart Wait Function is triggered

2021-11-23 17:10:42 - [MESSAGE][INFO] - Delaying browser in 2 second(s)

2021-11-23 17:10:44 - [MESSAGE][PASSED] - Delayed 2 second(s)

2021-11-23 17:10:44 - [MESSAGE][PASSED] - Method.TextDegerineEsitElementinAltindakiTextboxtaYazgecici is PASSED

2021-11-23 17:10:44 - [MESSAGE][PASSED] - Call Test Case 'Test Cases/Sayfalar/Ayarlar/Adres_Defteri/AdresDefteriTexboxaYaz' successfully

2021-11-23 17:10:44 - [MESSAGE][INFO] - Checking called Test Case

2021-11-23 17:10:44 - [MESSAGE][INFO] - Starting to call Test Case 'Test Cases/Sayfalar/Ayarlar/Adres_Defteri/AdresDefteriTexboxaYaz'

2021-11-23 17:10:44 - [TEST_CASE][PASSED] - Test Cases/Sayfalar/Ayarlar/Adres_Defteri/AdresDefteriTexboxaYaz: Test Cases/Sayfalar/Ayarlar/Adres_Defteri/AdresDefteriTexboxaYaz

2021-11-23 17:10:44 - [TEST_STEP][PASSED] - Method.TextDegerineEsitElementinAltindakiTextboxtaYazgecici(findTestObject("Sayfalar/Ayarlar/Adres_Defteri/alanlar"), findTestObject("Sayfalar/Ayarlar/Adres_Defteri/textbox"), Alan, Deger): Method.TextDegerineEsitElementinAltindakiTextboxtaYazgecici is PASSED

2021-11-23 17:10:44 - [MESSAGE][INFO] - Finding Test Object 'Object Repository/Sayfalar/Ayarlar/Adres_Defteri/alanlar'

2021-11-23 17:10:44 - [MESSAGE][INFO] - Finding Test Object 'Object Repository/Sayfalar/Ayarlar/Adres_Defteri/textbox'

2021-11-23 17:10:45 - [MESSAGE][INFO] - Checking timeout

2021-11-23 17:10:45 - [MESSAGE][INFO] - Finding web element with id: 'Object Repository/Sayfalar/Ayarlar/Adres_Defteri/alanlar' located by 'By.cssSelector: .control-label.paddingMarginRLC' in '10' second(s)

2021-11-23 17:10:45 - [MESSAGE][INFO] - Smart Wait Function is triggered

2021-11-23 17:10:45 - [MESSAGE][INFO] - Found 16 web elements with id: 'Object Repository/Sayfalar/Ayarlar/Adres_Defteri/alanlar' located by 'By.cssSelector: .control-label.paddingMarginRLC' in '10' second(s)

2021-11-23 17:10:45 - [MESSAGE][INFO] - Smart Wait Function is triggered

2021-11-23 17:10:45 - [MESSAGE][INFO] - Delaying browser in 2 second(s)

2021-11-23 17:10:47 - [MESSAGE][PASSED] - Delayed 2 second(s)

2021-11-23 17:10:47 - [MESSAGE][PASSED] - Method.TextDegerineEsitElementinAltindakiTextboxtaYazgecici is PASSED

2021-11-23 17:10:47 - [MESSAGE][PASSED] - Call Test Case 'Test Cases/Sayfalar/Ayarlar/Adres_Defteri/AdresDefteriTexboxaYaz' successfully

2021-11-23 17:10:47 - [MESSAGE][INFO] - Checking called Test Case

2021-11-23 17:10:47 - [MESSAGE][INFO] - Starting to call Test Case 'Test Cases/Sayfalar/Ayarlar/Adres_Defteri/AdresDefteriTexboxaYaz'

2021-11-23 17:10:47 - [TEST_CASE][PASSED] - Test Cases/Sayfalar/Ayarlar/Adres_Defteri/AdresDefteriTexboxaYaz: Test Cases/Sayfalar/Ayarlar/Adres_Defteri/AdresDefteriTexboxaYaz

2021-11-23 17:10:47 - [TEST_STEP][PASSED] - Method.TextDegerineEsitElementinAltindakiTextboxtaYazgecici(findTestObject("Sayfalar/Ayarlar/Adres_Defteri/alanlar"), findTestObject("Sayfalar/Ayarlar/Adres_Defteri/textbox"), Alan, Deger): Method.TextDegerineEsitElementinAltindakiTextboxtaYazgecici is PASSED

2021-11-23 17:10:47 - [MESSAGE][INFO] - Finding Test Object 'Object Repository/Sayfalar/Ayarlar/Adres_Defteri/alanlar'

2021-11-23 17:10:48 - [MESSAGE][INFO] - Finding Test Object 'Object Repository/Sayfalar/Ayarlar/Adres_Defteri/textbox'

2021-11-23 17:10:48 - [MESSAGE][INFO] - Checking timeout

2021-11-23 17:10:48 - [MESSAGE][INFO] - Finding web element with id: 'Object Repository/Sayfalar/Ayarlar/Adres_Defteri/alanlar' located by 'By.cssSelector: .control-label.paddingMarginRLC' in '10' second(s)

2021-11-23 17:10:48 - [MESSAGE][INFO] - Smart Wait Function is triggered

2021-11-23 17:10:48 - [MESSAGE][INFO] - Found 16 web elements with id: 'Object Repository/Sayfalar/Ayarlar/Adres_Defteri/alanlar' located by 'By.cssSelector: .control-label.paddingMarginRLC' in '10' second(s)

2021-11-23 17:10:48 - [MESSAGE][INFO] - Smart Wait Function is triggered

2021-11-23 17:10:48 - [MESSAGE][INFO] - Delaying browser in 2 second(s)

2021-11-23 17:10:50 - [MESSAGE][PASSED] - Delayed 2 second(s)

2021-11-23 17:10:50 - [MESSAGE][INFO] - Delaying browser in 2 second(s)

2021-11-23 17:10:52 - [MESSAGE][PASSED] - Delayed 2 second(s)

2021-11-23 17:10:52 - [MESSAGE][PASSED] - Method.TextDegerineEsitElementinAltindakiTextboxtaYazgecici is PASSED

2021-11-23 17:10:52 - [MESSAGE][PASSED] - Call Test Case 'Test Cases/Sayfalar/Ayarlar/Adres_Defteri/AdresDefteriTexboxaYaz' successfully

2021-11-23 17:10:52 - [MESSAGE][INFO] - Checking called Test Case

2021-11-23 17:10:52 - [MESSAGE][INFO] - Starting to call Test Case 'Test Cases/Sayfalar/Ayarlar/Adres_Defteri/UnvanYaziliMi'

2021-11-23 17:10:52 - [TEST_CASE][PASSED] - Test Cases/Sayfalar/Ayarlar/Adres_Defteri/UnvanYaziliMi: Test Cases/Sayfalar/Ayarlar/Adres_Defteri/UnvanYaziliMi

2021-11-23 17:10:52 - [TEST_STEP][PASSED] - click(findTestObject("Sayfalar/Ayarlar/Adres_Defteri/alanlarTextbox"), STOP_ON_FAILURE): Object: 'Object Repository/Sayfalar/Ayarlar/Adres_Defteri/alanlarTextbox' is clicked on

2021-11-23 17:10:52 - [MESSAGE][INFO] - Finding Test Object 'Object Repository/Sayfalar/Ayarlar/Adres_Defteri/alanlarTextbox'

2021-11-23 17:10:52 - [MESSAGE][INFO] - Checking object

2021-11-23 17:10:52 - [MESSAGE][INFO] - Finding web element from Test Object's properties

2021-11-23 17:10:52 - [MESSAGE][INFO] - Checking timeout

2021-11-23 17:10:52 - [MESSAGE][INFO] - Finding web element with id: 'Object Repository/Sayfalar/Ayarlar/Adres_Defteri/alanlarTextbox' located by 'By.cssSelector: .col-sm-10.paddingMarginRLC #PartyName' in '30' second(s)

2021-11-23 17:10:52 - [MESSAGE][INFO] - Smart Wait Function is triggered

2021-11-23 17:10:53 - [MESSAGE][INFO] - Found 1 web elements with id: 'Object Repository/Sayfalar/Ayarlar/Adres_Defteri/alanlarTextbox' located by 'By.cssSelector: .col-sm-10.paddingMarginRLC #PartyName' in '30' second(s)

2021-11-23 17:10:53 - [MESSAGE][INFO] - Clicking on object: 'Object Repository/Sayfalar/Ayarlar/Adres_Defteri/alanlarTextbox'

2021-11-23 17:10:53 - [MESSAGE][PASSED] - Object: 'Object Repository/Sayfalar/Ayarlar/Adres_Defteri/alanlarTextbox' is clicked on

2021-11-23 17:10:53 - [TEST_STEP][PASSED] - variableHoldingValue = getAttribute(findTestObject("Sayfalar/Ayarlar/Adres_Defteri/alanlarTextbox"), "value"): Attribute 'value' of object 'Object Repository/Sayfalar/Ayarlar/Adres_Defteri/alanlarTextbox' is: ''

2021-11-23 17:10:53 - [MESSAGE][INFO] - Finding Test Object 'Object Repository/Sayfalar/Ayarlar/Adres_Defteri/alanlarTextbox'

2021-11-23 17:10:53 - [MESSAGE][INFO] - Checking object

2021-11-23 17:10:53 - [MESSAGE][INFO] - Checking attribute

2021-11-23 17:10:53 - [MESSAGE][INFO] - Finding web element from Test Object's properties

2021-11-23 17:10:53 - [MESSAGE][INFO] - Checking timeout

2021-11-23 17:10:53 - [MESSAGE][INFO] - Finding web element with id: 'Object Repository/Sayfalar/Ayarlar/Adres_Defteri/alanlarTextbox' located by 'By.cssSelector: .col-sm-10.paddingMarginRLC #PartyName' in '30' second(s)

2021-11-23 17:10:53 - [MESSAGE][INFO] - Smart Wait Function is triggered

2021-11-23 17:10:53 - [MESSAGE][INFO] - Found 1 web elements with id: 'Object Repository/Sayfalar/Ayarlar/Adres_Defteri/alanlarTextbox' located by 'By.cssSelector: .col-sm-10.paddingMarginRLC #PartyName' in '30' second(s)

2021-11-23 17:10:53 - [MESSAGE][INFO] - Getting attribute 'value' of object 'Object Repository/Sayfalar/Ayarlar/Adres_Defteri/alanlarTextbox'

2021-11-23 17:10:53 - [MESSAGE][PASSED] - Attribute 'value' of object 'Object Repository/Sayfalar/Ayarlar/Adres_Defteri/alanlarTextbox' is: ''

2021-11-23 17:10:53 - [TEST_STEP][PASSED] - Console.println(variableHoldingValue): null

2021-11-23 17:10:53 - [TEST_STEP][PASSED] - verifyEqual(variableHoldingValue, Degeri): Actual object '' and expected object '' are equal

2021-11-23 17:10:53 - [MESSAGE][INFO] - Comparing actual object '' with expected object ''

2021-11-23 17:10:53 - [MESSAGE][PASSED] - Actual object '' and expected object '' are equal

2021-11-23 17:10:53 - [MESSAGE][PASSED] - Call Test Case 'Test Cases/Sayfalar/Ayarlar/Adres_Defteri/UnvanYaziliMi' successfully

2021-11-23 17:10:53 - [MESSAGE][INFO] - Checking called Test Case

2021-11-23 17:10:53 - [MESSAGE][INFO] - Starting to call Test Case 'Test Cases/Sayfalar/Ayarlar/Adres_Defteri/AdresDefteriTexboxaYaz'

2021-11-23 17:10:53 - [TEST_CASE][PASSED] - Test Cases/Sayfalar/Ayarlar/Adres_Defteri/AdresDefteriTexboxaYaz: Test Cases/Sayfalar/Ayarlar/Adres_Defteri/AdresDefteriTexboxaYaz

2021-11-23 17:10:53 - [TEST_STEP][PASSED] - Method.TextDegerineEsitElementinAltindakiTextboxtaYazgecici(findTestObject("Sayfalar/Ayarlar/Adres_Defteri/alanlar"), findTestObject("Sayfalar/Ayarlar/Adres_Defteri/textbox"), Alan, Deger): Method.TextDegerineEsitElementinAltindakiTextboxtaYazgecici is PASSED

2021-11-23 17:10:53 - [MESSAGE][INFO] - Finding Test Object 'Object Repository/Sayfalar/Ayarlar/Adres_Defteri/alanlar'

2021-11-23 17:10:53 - [MESSAGE][INFO] - Finding Test Object 'Object Repository/Sayfalar/Ayarlar/Adres_Defteri/textbox'

2021-11-23 17:10:53 - [MESSAGE][INFO] - Checking timeout

2021-11-23 17:10:53 - [MESSAGE][INFO] - Finding web element with id: 'Object Repository/Sayfalar/Ayarlar/Adres_Defteri/alanlar' located by 'By.cssSelector: .control-label.paddingMarginRLC' in '10' second(s)

2021-11-23 17:10:53 - [MESSAGE][INFO] - Smart Wait Function is triggered

2021-11-23 17:10:53 - [MESSAGE][INFO] - Found 16 web elements with id: 'Object Repository/Sayfalar/Ayarlar/Adres_Defteri/alanlar' located by 'By.cssSelector: .control-label.paddingMarginRLC' in '10' second(s)

2021-11-23 17:10:53 - [MESSAGE][INFO] - Smart Wait Function is triggered

2021-11-23 17:10:53 - [MESSAGE][INFO] - Delaying browser in 2 second(s)

2021-11-23 17:10:55 - [MESSAGE][PASSED] - Delayed 2 second(s)

2021-11-23 17:10:56 - [MESSAGE][INFO] - Delaying browser in 2 second(s)

2021-11-23 17:10:58 - [MESSAGE][PASSED] - Delayed 2 second(s)

2021-11-23 17:10:58 - [MESSAGE][PASSED] - Method.TextDegerineEsitElementinAltindakiTextboxtaYazgecici is PASSED

2021-11-23 17:10:58 - [MESSAGE][PASSED] - Call Test Case 'Test Cases/Sayfalar/Ayarlar/Adres_Defteri/AdresDefteriTexboxaYaz' successfully

2021-11-23 17:10:58 - [MESSAGE][INFO] - Checking called Test Case

2021-11-23 17:10:58 - [MESSAGE][INFO] - Starting to call Test Case 'Test Cases/Sayfalar/Ayarlar/Adres_Defteri/AdresDefteriTexboxaYaz'

2021-11-23 17:10:58 - [TEST_CASE][PASSED] - Test Cases/Sayfalar/Ayarlar/Adres_Defteri/AdresDefteriTexboxaYaz: Test Cases/Sayfalar/Ayarlar/Adres_Defteri/AdresDefteriTexboxaYaz

2021-11-23 17:10:58 - [TEST_STEP][PASSED] - Method.TextDegerineEsitElementinAltindakiTextboxtaYazgecici(findTestObject("Sayfalar/Ayarlar/Adres_Defteri/alanlar"), findTestObject("Sayfalar/Ayarlar/Adres_Defteri/textbox"), Alan, Deger): Method.TextDegerineEsitElementinAltindakiTextboxtaYazgecici is PASSED

2021-11-23 17:10:58 - [MESSAGE][INFO] - Finding Test Object 'Object Repository/Sayfalar/Ayarlar/Adres_Defteri/alanlar'

2021-11-23 17:10:58 - [MESSAGE][INFO] - Finding Test Object 'Object Repository/Sayfalar/Ayarlar/Adres_Defteri/textbox'

2021-11-23 17:10:58 - [MESSAGE][INFO] - Checking timeout

2021-11-23 17:10:58 - [MESSAGE][INFO] - Finding web element with id: 'Object Repository/Sayfalar/Ayarlar/Adres_Defteri/alanlar' located by 'By.cssSelector: .control-label.paddingMarginRLC' in '10' second(s)

2021-11-23 17:10:58 - [MESSAGE][INFO] - Smart Wait Function is triggered

2021-11-23 17:10:58 - [MESSAGE][INFO] - Found 16 web elements with id: 'Object Repository/Sayfalar/Ayarlar/Adres_Defteri/alanlar' located by 'By.cssSelector: .control-label.paddingMarginRLC' in '10' second(s)

2021-11-23 17:10:58 - [MESSAGE][INFO] - Smart Wait Function is triggered

2021-11-23 17:10:59 - [MESSAGE][INFO] - Delaying browser in 2 second(s)

2021-11-23 17:11:01 - [MESSAGE][PASSED] - Delayed 2 second(s)

2021-11-23 17:11:01 - [MESSAGE][INFO] - Delaying browser in 2 second(s)

2021-11-23 17:11:03 - [MESSAGE][PASSED] - Delayed 2 second(s)

2021-11-23 17:11:03 - [MESSAGE][PASSED] - Method.TextDegerineEsitElementinAltindakiTextboxtaYazgecici is PASSED

2021-11-23 17:11:03 - [MESSAGE][PASSED] - Call Test Case 'Test Cases/Sayfalar/Ayarlar/Adres_Defteri/AdresDefteriTexboxaYaz' successfully

2021-11-23 17:11:03 - [MESSAGE][INFO] - Checking called Test Case

2021-11-23 17:11:03 - [MESSAGE][INFO] - Starting to call Test Case 'Test Cases/Sayfalar/Ayarlar/Adres_Defteri/AdresDefteriButonlarinaTikla'

2021-11-23 17:11:03 - [TEST_CASE][PASSED] - Test Cases/Sayfalar/Ayarlar/Adres_Defteri/AdresDefteriButonlarinaTikla: Test Cases/Sayfalar/Ayarlar/Adres_Defteri/AdresDefteriButonlarinaTikla

2021-11-23 17:11:04 - [TEST_STEP][PASSED] - Method.ElementlerdenAttributesiDegerineEsitOlanaTikla(findTestObject("Sayfalar/Ayarlar/Adres_Defteri/butonlar"), Buton, "value"): Method.ElementlerdenAttributesiDegerineEsitOlanaTikla is PASSED

2021-11-23 17:11:04 - [MESSAGE][INFO] - Finding Test Object 'Object Repository/Sayfalar/Ayarlar/Adres_Defteri/butonlar'

2021-11-23 17:11:04 - [MESSAGE][INFO] - Checking timeout

2021-11-23 17:11:04 - [MESSAGE][INFO] - Finding web element with id: 'Object Repository/Sayfalar/Ayarlar/Adres_Defteri/butonlar' located by 'By.cssSelector: .col-sm-7.paddingMarginRLC.text-right>input' in '10' second(s)

2021-11-23 17:11:04 - [MESSAGE][INFO] - Smart Wait Function is triggered

2021-11-23 17:11:04 - [MESSAGE][INFO] - Found 2 web elements with id: 'Object Repository/Sayfalar/Ayarlar/Adres_Defteri/butonlar' located by 'By.cssSelector: .col-sm-7.paddingMarginRLC.text-right>input' in '10' second(s)

2021-11-23 17:11:04 - [MESSAGE][PASSED] - Method.ElementlerdenAttributesiDegerineEsitOlanaTikla is PASSED

2021-11-23 17:11:04 - [TEST_STEP][PASSED] - switchToDefaultContent(): Switching to default content

2021-11-23 17:11:04 - [MESSAGE][INFO] - Switching to default content

2021-11-23 17:11:04 - [MESSAGE][PASSED] - Call Test Case 'Test Cases/Sayfalar/Ayarlar/Adres_Defteri/AdresDefteriButonlarinaTikla' successfully

2021-11-23 17:11:04 - [MESSAGE][INFO] - Checking called Test Case

2021-11-23 17:11:04 - [MESSAGE][INFO] - Starting to call Test Case 'Test Cases/Kullanici_Islemleri/KullaniciIslemlerindenSecimYapilir'

2021-11-23 17:11:04 - [TEST_CASE][PASSED] - Test Cases/Kullanici_Islemleri/KullaniciIslemlerindenSecimYapilir: Test Cases/Kullanici_Islemleri/KullaniciIslemlerindenSecimYapilir

2021-11-23 17:11:04 - [TEST_STEP][PASSED] - waitForElementClickable(findTestObject("Object Repository/Kullanici_Islemleri/KullaniciIslemleri"), 10): Object 'Object Repository/Kullanici_Islemleri/KullaniciIslemleri' is clickable

2021-11-23 17:11:04 - [MESSAGE][INFO] - Finding Test Object 'Object Repository/Kullanici_Islemleri/KullaniciIslemleri'

2021-11-23 17:11:04 - [MESSAGE][INFO] - Checking object

2021-11-23 17:11:04 - [MESSAGE][INFO] - Checking timeout

2021-11-23 17:11:04 - [MESSAGE][INFO] - Finding web element from Test Object's properties

2021-11-23 17:11:04 - [MESSAGE][INFO] - Checking timeout

2021-11-23 17:11:04 - [MESSAGE][INFO] - Finding web element with id: 'Object Repository/Kullanici_Islemleri/KullaniciIslemleri' located by 'By.cssSelector: .dropdown>a>img' in '10' second(s)

2021-11-23 17:11:04 - [MESSAGE][INFO] - Smart Wait Function is triggered

2021-11-23 17:11:04 - [MESSAGE][INFO] - Found 1 web elements with id: 'Object Repository/Kullanici_Islemleri/KullaniciIslemleri' located by 'By.cssSelector: .dropdown>a>img' in '10' second(s)

2021-11-23 17:11:04 - [MESSAGE][PASSED] - Object 'Object Repository/Kullanici_Islemleri/KullaniciIslemleri' is clickable

2021-11-23 17:11:04 - [TEST_STEP][PASSED] - click(findTestObject("Object Repository/Kullanici_Islemleri/KullaniciIslemleri")): Object: 'Object Repository/Kullanici_Islemleri/KullaniciIslemleri' is clicked on

2021-11-23 17:11:04 - [MESSAGE][INFO] - Finding Test Object 'Object Repository/Kullanici_Islemleri/KullaniciIslemleri'

2021-11-23 17:11:04 - [MESSAGE][INFO] - Checking object

2021-11-23 17:11:04 - [MESSAGE][INFO] - Finding web element from Test Object's properties

2021-11-23 17:11:04 - [MESSAGE][INFO] - Checking timeout

2021-11-23 17:11:04 - [MESSAGE][INFO] - Finding web element with id: 'Object Repository/Kullanici_Islemleri/KullaniciIslemleri' located by 'By.cssSelector: .dropdown>a>img' in '30' second(s)

2021-11-23 17:11:04 - [MESSAGE][INFO] - Smart Wait Function is triggered

2021-11-23 17:11:05 - [MESSAGE][INFO] - Found 1 web elements with id: 'Object Repository/Kullanici_Islemleri/KullaniciIslemleri' located by 'By.cssSelector: .dropdown>a>img' in '30' second(s)

2021-11-23 17:11:05 - [MESSAGE][INFO] - Clicking on object: 'Object Repository/Kullanici_Islemleri/KullaniciIslemleri'

2021-11-23 17:11:05 - [MESSAGE][PASSED] - Object: 'Object Repository/Kullanici_Islemleri/KullaniciIslemleri' is clicked on

2021-11-23 17:11:05 - [TEST_STEP][PASSED] - Method.TextDegerineEsitElementeTikla(findTestObject("Object Repository/Kullanici_Islemleri/Secenekler"), Islem): Method.TextDegerineEsitElementeTikla is PASSED

2021-11-23 17:11:05 - [MESSAGE][INFO] - Finding Test Object 'Object Repository/Kullanici_Islemleri/Secenekler'

2021-11-23 17:11:05 - [MESSAGE][INFO] - Checking timeout

2021-11-23 17:11:05 - [MESSAGE][INFO] - Finding web element with id: 'Object Repository/Kullanici_Islemleri/Secenekler' located by 'By.cssSelector: .nav.navbar-nav.navbar-right li a' in '10' second(s)

2021-11-23 17:11:05 - [MESSAGE][INFO] - Smart Wait Function is triggered

2021-11-23 17:11:05 - [MESSAGE][INFO] - Found 22 web elements with id: 'Object Repository/Kullanici_Islemleri/Secenekler' located by 'By.cssSelector: .nav.navbar-nav.navbar-right li a' in '10' second(s)

2021-11-23 17:11:06 - [MESSAGE][PASSED] - Method.TextDegerineEsitElementeTikla is PASSED

2021-11-23 17:11:06 - [TEST_STEP][PASSED] - verifyElementNotPresent(findTestObject("Object Repository/Kullanici_Islemleri/Secenekler"), 10): Web element with id: 'Object Repository/Kullanici_Islemleri/Secenekler' located by 'By.cssSelector: .nav.navbar-nav.navbar-right li a' is not present after '10' second(s)

2021-11-23 17:11:06 - [MESSAGE][INFO] - Finding Test Object 'Object Repository/Kullanici_Islemleri/Secenekler'

2021-11-23 17:11:06 - [MESSAGE][INFO] - Checking object

2021-11-23 17:11:06 - [MESSAGE][INFO] - Checking timeout

2021-11-23 17:11:06 - [MESSAGE][INFO] - Finding web element with id: 'Object Repository/Kullanici_Islemleri/Secenekler' located by 'By.cssSelector: .nav.navbar-nav.navbar-right li a' in '10' second(s)

2021-11-23 17:11:06 - [MESSAGE][INFO] - Smart Wait Function is triggered

2021-11-23 17:11:07 - [MESSAGE][PASSED] - Web element with id: 'Object Repository/Kullanici_Islemleri/Secenekler' located by 'By.cssSelector: .nav.navbar-nav.navbar-right li a' is not present after '10' second(s)

2021-11-23 17:11:07 - [MESSAGE][PASSED] - Call Test Case 'Test Cases/Kullanici_Islemleri/KullaniciIslemlerindenSecimYapilir' successfully

2021-11-23 17:11:07 - [TEST_CASE][PASSED] - Start Test Case : SCENARIO Adres Defteri Ekle butonu Kontrolu: SCENARIO Adres Defteri Ekle butonu Kontrolu

2021-11-23 17:11:07 - [TEST_STEP][PASSED] - Kullanıcı adı ELOGO6 ve Şifre 123456 olarak giriş yapılır: Kullanıcı adı ELOGO6 ve Şifre 123456 olarak giriş yapılır

2021-11-23 17:11:07 - [MESSAGE][PASSED] - Kullanıcı adı ELOGO6 ve Şifre 123456 olarak giriş yapılır

2021-11-23 17:11:07 - [TEST_STEP][PASSED] - Ana menüden Ayarlar seçilir: Ana menüden Ayarlar seçilir

2021-11-23 17:11:07 - [MESSAGE][PASSED] - Ana menüden Ayarlar seçilir

2021-11-23 17:11:07 - [TEST_STEP][PASSED] - Alt menü Araçlar başlığı altındaki Adres Defteri seçilir: Alt menü Araçlar başlığı altındaki Adres Defteri seçilir

2021-11-23 17:11:07 - [MESSAGE][PASSED] - Alt menü Araçlar başlığı altındaki Adres Defteri seçilir

2021-11-23 17:11:07 - [TEST_STEP][PASSED] - Butonlardan Ekle isimli butona tıklanır: Butonlardan Ekle isimli butona tıklanır

2021-11-23 17:11:07 - [MESSAGE][PASSED] - Butonlardan Ekle isimli butona tıklanır

2021-11-23 17:11:07 - [TEST_STEP][PASSED] - Adres defteri Adres Ekle başlıklı popup geldi mi: Adres defteri Adres Ekle başlıklı popup geldi mi

2021-11-23 17:11:07 - [MESSAGE][PASSED] - Adres defteri Adres Ekle başlıklı popup geldi mi

2021-11-23 17:11:07 - [TEST_STEP][PASSED] - Adres defteri VKN/TCKN No textboxına 1234567806 yazılır: Adres defteri VKN/TCKN No textboxına 1234567806 yazılır

2021-11-23 17:11:07 - [MESSAGE][PASSED] - Adres defteri VKN/TCKN No textboxına 1234567806 yazılır

2021-11-23 17:11:07 - [TEST_STEP][PASSED] - Unvan alanına Test Kurum 6 yazılı mı: Unvan alanına Test Kurum 6 yazılı mı

2021-11-23 17:11:07 - [MESSAGE][PASSED] - Unvan alanına Test Kurum 6 yazılı mı

2021-11-23 17:11:07 - [TEST_STEP][PASSED] - Adres defteri İl textboxına İstanbul yazılır: Adres defteri İl textboxına İstanbul yazılır

2021-11-23 17:11:07 - [MESSAGE][PASSED] - Adres defteri İl textboxına İstanbul yazılır

2021-11-23 17:11:07 - [TEST_STEP][PASSED] - Adres defteri İlçe textboxına Kartal yazılır: Adres defteri İlçe textboxına Kartal yazılır

2021-11-23 17:11:07 - [MESSAGE][PASSED] - Adres defteri İlçe textboxına Kartal yazılır

2021-11-23 17:11:07 - [TEST_STEP][PASSED] - Adres defteri VKN/TCKN No textboxına 1234567906 yazılır: Adres defteri VKN/TCKN No textboxına 1234567906 yazılır

2021-11-23 17:11:07 - [MESSAGE][PASSED] - Adres defteri VKN/TCKN No textboxına 1234567906 yazılır

2021-11-23 17:11:07 - [TEST_STEP][PASSED] - Unvan alanına  yazılı mı: Unvan alanına  yazılı mı

2021-11-23 17:11:07 - [MESSAGE][PASSED] - Unvan alanına  yazılı mı

2021-11-23 17:11:07 - [TEST_STEP][PASSED] - Adres defteri İl textboxına İstanbul yazılır: Adres defteri İl textboxına İstanbul yazılır

2021-11-23 17:11:07 - [MESSAGE][PASSED] - Adres defteri İl textboxına İstanbul yazılır

2021-11-23 17:11:07 - [TEST_STEP][PASSED] - Adres defteri İlçe textboxına Kartal yazılır: Adres defteri İlçe textboxına Kartal yazılır

2021-11-23 17:11:07 - [MESSAGE][PASSED] - Adres defteri İlçe textboxına Kartal yazılır

2021-11-23 17:11:07 - [TEST_STEP][PASSED] - Adres defteri butonlarından Vazgeç butonuna tıklanır: Adres defteri butonlarından Vazgeç butonuna tıklanır

2021-11-23 17:11:07 - [MESSAGE][PASSED] - Adres defteri butonlarından Vazgeç butonuna tıklanır

2021-11-23 17:11:07 - [TEST_STEP][PASSED] - Kullanıcı işlemlerinden Çıkış seçilir: Kullanıcı işlemlerinden Çıkış seçilir

2021-11-23 17:11:07 - [MESSAGE][PASSED] - Kullanıcı işlemlerinden Çıkış seçilir

2021-11-23 17:11:07 - [MESSAGE][PASSED] - Feature file: 'Include/features/Ayarlar/Araclar/Adres Defteri/Ekle.feature' was passed

2021-11-23 17:11:07 - [TEST_STEP][PASSED] - Start listener action : sampleAfterTestSuite: Invoke 'com.kms.katalon.core.annotation.AfterTestCase' method: 'Listener.sampleAfterTestSuite(...)' completed.

2021-11-23 17:11:07 - [MESSAGE][INFO] - Starting invoke 'com.kms.katalon.core.annotation.AfterTestCase' method: 'Listener.sampleAfterTestSuite(...)'

2021-11-23 17:11:07 - [TEST_STEP][PASSED] - closeBrowser(): Invoke 'com.kms.katalon.core.annotation.AfterTestCase' method: 'Listener.sampleAfterTestSuite(...)' completed.

2021-11-23 17:11:07 - [MESSAGE][INFO] - Closing browser

2021-11-23 17:11:07 - [MESSAGE][PASSED] - Browser is closed

2021-11-23 17:11:07 - [MESSAGE][INFO] - Invoke 'com.kms.katalon.core.annotation.AfterTestCase' method: 'Listener.sampleAfterTestSuite(...)' completed.]]></system-out>
         <system-err><![CDATA[]]></system-err>
      </testcase>
      <testcase name="Test Cases/Case Repository/Ayarlar/Araclar/Adres Defteri/Degistir" time="67.091" classname="Test Cases/Case Repository/Ayarlar/Araclar/Adres Defteri/Degistir" status="PASSED">
         <system-out><![CDATA[2021-11-23 17:11:07 - [TEST_CASE][PASSED] - Test Cases/Case Repository/Ayarlar/Araclar/Adres Defteri/Degistir: Test Cases/Case Repository/Ayarlar/Araclar/Adres Defteri/Degistir

2021-11-23 17:11:07 - [TEST_STEP][PASSED] - Start listener action : sampleBeforeTestSuite: Invoke 'com.kms.katalon.core.annotation.BeforeTestCase' method: 'Listener.sampleBeforeTestSuite(...)' completed.

2021-11-23 17:11:07 - [MESSAGE][INFO] - Starting invoke 'com.kms.katalon.core.annotation.BeforeTestCase' method: 'Listener.sampleBeforeTestSuite(...)'

2021-11-23 17:11:07 - [TEST_STEP][PASSED] - openBrowser(baseUrl): Browser is opened with url: 'https://efatura-stage.elogo.com.tr/'

2021-11-23 17:11:07 - [MESSAGE][INFO] - Opening browser

2021-11-23 17:11:07 - [MESSAGE][INFO] - Starting 'Chrome' driver

2021-11-23 17:11:07 - [MESSAGE][INFO] - User set preference: ['prefs', '{download.default_directory=C:\otomasyondownfiles}']

2021-11-23 17:11:07 - [MESSAGE][INFO] - Action delay is set to 0 milliseconds

2021-11-23 17:11:09 - [MESSAGE][INFO] - Navigating browser to: 'https://efatura-stage.elogo.com.tr/'

2021-11-23 17:11:15 - [MESSAGE][PASSED] - Browser is opened with url: 'https://efatura-stage.elogo.com.tr/'

2021-11-23 17:11:15 - [TEST_STEP][PASSED] - maximizeWindow(): Invoke 'com.kms.katalon.core.annotation.BeforeTestCase' method: 'Listener.sampleBeforeTestSuite(...)' completed.

2021-11-23 17:11:15 - [MESSAGE][INFO] - Maximizing current window

2021-11-23 17:11:15 - [MESSAGE][PASSED] - Current window maximized

2021-11-23 17:11:15 - [MESSAGE][INFO] - Invoke 'com.kms.katalon.core.annotation.BeforeTestCase' method: 'Listener.sampleBeforeTestSuite(...)' completed.

2021-11-23 17:11:16 - [TEST_STEP][PASSED] - runFeatureFile("Include/features/Ayarlar/Araclar/Adres Defteri/Degistir.feature"): Feature file: 'Include/features/Ayarlar/Araclar/Adres Defteri/Degistir.feature' was passed

2021-11-23 17:11:16 - [MESSAGE][INFO] - Starting run keyword runFeatureFile: 'Include/features/Ayarlar/Araclar/Adres Defteri/Degistir.feature' and extract report to folder: 'C:\Users\DELL\Documents\GitHub\EES_KatalonLogo\Reports\20211123_163326\Suite Repository\Ayarlar\20211123_163427/cucumber_report/1637676676282'...

2021-11-23 17:11:16 - [MESSAGE][INFO] - Glue: []

2021-11-23 17:11:18 - [MESSAGE][INFO] - Checking called Test Case

2021-11-23 17:11:18 - [MESSAGE][INFO] - Starting to call Test Case 'Test Cases/Sayfalar/Giris_Sayfasi/Login'

2021-11-23 17:11:18 - [TEST_CASE][PASSED] - Test Cases/Sayfalar/Giris_Sayfasi/Login: Test Cases/Sayfalar/Giris_Sayfasi/Login

2021-11-23 17:11:18 - [TEST_STEP][PASSED] - Sayfa_Basligi = getWindowTitle(): Current window's title is: 'LOGO e-Fatura'

2021-11-23 17:11:18 - [MESSAGE][INFO] - Getting current window's title

2021-11-23 17:11:18 - [MESSAGE][PASSED] - Current window's title is: 'LOGO e-Fatura'

2021-11-23 17:11:18 - [TEST_STEP][PASSED] - verifyMatch(Sayfa_Basligi, "LOGO e-Fatura", false): Actual text 'LOGO e-Fatura' and expected text 'LOGO e-Fatura' are matched 

2021-11-23 17:11:18 - [MESSAGE][INFO] - Matching actual text 'LOGO e-Fatura' with expected text 'LOGO e-Fatura'

2021-11-23 17:11:18 - [MESSAGE][PASSED] - Actual text 'LOGO e-Fatura' and expected text 'LOGO e-Fatura' are matched 

2021-11-23 17:11:18 - [TEST_STEP][PASSED] - sendKeys(findTestObject("Sayfalar/Giris_Sayfasi/Firma_Kodu"), KullaniciAdi): Keys 'ELOGO6' sent to object: 'Object Repository/Sayfalar/Giris_Sayfasi/Firma_Kodu'

2021-11-23 17:11:18 - [MESSAGE][INFO] - Finding Test Object 'Object Repository/Sayfalar/Giris_Sayfasi/Firma_Kodu'

2021-11-23 17:11:18 - [MESSAGE][INFO] - Sending keys 'ELOGO6' to object: 'Object Repository/Sayfalar/Giris_Sayfasi/Firma_Kodu'

2021-11-23 17:11:18 - [MESSAGE][INFO] - Finding web element from Test Object's properties

2021-11-23 17:11:18 - [MESSAGE][INFO] - Checking timeout

2021-11-23 17:11:18 - [MESSAGE][INFO] - Finding web element with id: 'Object Repository/Sayfalar/Giris_Sayfasi/Firma_Kodu' located by 'By.xpath: //*[@id = 'AccountName']' in '30' second(s)

2021-11-23 17:11:18 - [MESSAGE][INFO] - Smart Wait Function is triggered

2021-11-23 17:11:18 - [MESSAGE][INFO] - Found 1 web elements with id: 'Object Repository/Sayfalar/Giris_Sayfasi/Firma_Kodu' located by 'By.xpath: //*[@id = 'AccountName']' in '30' second(s)

2021-11-23 17:11:18 - [MESSAGE][PASSED] - Keys 'ELOGO6' sent to object: 'Object Repository/Sayfalar/Giris_Sayfasi/Firma_Kodu'

2021-11-23 17:11:18 - [TEST_STEP][PASSED] - sendKeys(findTestObject("Sayfalar/Giris_Sayfasi/Sifre"), Sifre): Keys '123456' sent to object: 'Object Repository/Sayfalar/Giris_Sayfasi/Sifre'

2021-11-23 17:11:18 - [MESSAGE][INFO] - Finding Test Object 'Object Repository/Sayfalar/Giris_Sayfasi/Sifre'

2021-11-23 17:11:18 - [MESSAGE][INFO] - Sending keys '123456' to object: 'Object Repository/Sayfalar/Giris_Sayfasi/Sifre'

2021-11-23 17:11:18 - [MESSAGE][INFO] - Finding web element from Test Object's properties

2021-11-23 17:11:18 - [MESSAGE][INFO] - Checking timeout

2021-11-23 17:11:18 - [MESSAGE][INFO] - Finding web element with id: 'Object Repository/Sayfalar/Giris_Sayfasi/Sifre' located by 'By.xpath: //*[@id = 'Password']' in '30' second(s)

2021-11-23 17:11:18 - [MESSAGE][INFO] - Smart Wait Function is triggered

2021-11-23 17:11:19 - [MESSAGE][INFO] - Found 1 web elements with id: 'Object Repository/Sayfalar/Giris_Sayfasi/Sifre' located by 'By.xpath: //*[@id = 'Password']' in '30' second(s)

2021-11-23 17:11:19 - [MESSAGE][PASSED] - Keys '123456' sent to object: 'Object Repository/Sayfalar/Giris_Sayfasi/Sifre'

2021-11-23 17:11:19 - [TEST_STEP][PASSED] - findWebElement(findTestObject("Sayfalar/Giris_Sayfasi/Giris_Butonu")).click(): Found 1 web elements with id: 'Object Repository/Sayfalar/Giris_Sayfasi/Giris_Butonu' located by 'By.cssSelector: #btnLogin' in '30' second(s)

2021-11-23 17:11:19 - [MESSAGE][INFO] - Finding Test Object 'Object Repository/Sayfalar/Giris_Sayfasi/Giris_Butonu'

2021-11-23 17:11:19 - [MESSAGE][INFO] - Finding web element from Test Object's properties

2021-11-23 17:11:19 - [MESSAGE][INFO] - Checking timeout

2021-11-23 17:11:19 - [MESSAGE][INFO] - Finding web element with id: 'Object Repository/Sayfalar/Giris_Sayfasi/Giris_Butonu' located by 'By.cssSelector: #btnLogin' in '30' second(s)

2021-11-23 17:11:19 - [MESSAGE][INFO] - Smart Wait Function is triggered

2021-11-23 17:11:19 - [MESSAGE][INFO] - Found 1 web elements with id: 'Object Repository/Sayfalar/Giris_Sayfasi/Giris_Butonu' located by 'By.cssSelector: #btnLogin' in '30' second(s)

2021-11-23 17:11:24 - [TEST_STEP][PASSED] - if (verifyElementPresent(findTestObject("Object Repository/Sayfalar/Giris_Sayfasi/RetveTamam_Butonu"), 5, OPTIONAL)): null

2021-11-23 17:11:24 - [MESSAGE][INFO] - Finding Test Object 'Object Repository/Sayfalar/Giris_Sayfasi/RetveTamam_Butonu'

2021-11-23 17:11:24 - [MESSAGE][INFO] - Checking object

2021-11-23 17:11:24 - [MESSAGE][INFO] - Finding web element from Test Object's properties

2021-11-23 17:11:24 - [MESSAGE][INFO] - Checking timeout

2021-11-23 17:11:24 - [MESSAGE][INFO] - Finding web element with id: 'Object Repository/Sayfalar/Giris_Sayfasi/RetveTamam_Butonu' located by 'By.xpath: //*[@class = 'btn btn-default']' in '5' second(s)

2021-11-23 17:11:24 - [MESSAGE][INFO] - Smart Wait Function is triggered

2021-11-23 17:11:24 - [MESSAGE][INFO] - Found 1 web elements with id: 'Object Repository/Sayfalar/Giris_Sayfasi/RetveTamam_Butonu' located by 'By.xpath: //*[@class = 'btn btn-default']' in '5' second(s)

2021-11-23 17:11:24 - [MESSAGE][PASSED] - Object 'Object Repository/Sayfalar/Giris_Sayfasi/RetveTamam_Butonu' is present

2021-11-23 17:11:24 - [TEST_STEP][PASSED] - click(findTestObject("Object Repository/Sayfalar/Giris_Sayfasi/RetveTamam_Butonu")): Object: 'Object Repository/Sayfalar/Giris_Sayfasi/RetveTamam_Butonu' is clicked on

2021-11-23 17:11:24 - [MESSAGE][INFO] - Finding Test Object 'Object Repository/Sayfalar/Giris_Sayfasi/RetveTamam_Butonu'

2021-11-23 17:11:24 - [MESSAGE][INFO] - Checking object

2021-11-23 17:11:24 - [MESSAGE][INFO] - Finding web element from Test Object's properties

2021-11-23 17:11:24 - [MESSAGE][INFO] - Checking timeout

2021-11-23 17:11:24 - [MESSAGE][INFO] - Finding web element with id: 'Object Repository/Sayfalar/Giris_Sayfasi/RetveTamam_Butonu' located by 'By.xpath: //*[@class = 'btn btn-default']' in '30' second(s)

2021-11-23 17:11:24 - [MESSAGE][INFO] - Smart Wait Function is triggered

2021-11-23 17:11:24 - [MESSAGE][INFO] - Found 1 web elements with id: 'Object Repository/Sayfalar/Giris_Sayfasi/RetveTamam_Butonu' located by 'By.xpath: //*[@class = 'btn btn-default']' in '30' second(s)

2021-11-23 17:11:24 - [MESSAGE][INFO] - Clicking on object: 'Object Repository/Sayfalar/Giris_Sayfasi/RetveTamam_Butonu'

2021-11-23 17:11:24 - [MESSAGE][PASSED] - Object: 'Object Repository/Sayfalar/Giris_Sayfasi/RetveTamam_Butonu' is clicked on

2021-11-23 17:11:24 - [TEST_STEP][PASSED] - click(findTestObject("Object Repository/Sayfalar/Giris_Sayfasi/RetveTamam_Butonu")): Object: 'Object Repository/Sayfalar/Giris_Sayfasi/RetveTamam_Butonu' is clicked on

2021-11-23 17:11:24 - [MESSAGE][INFO] - Finding Test Object 'Object Repository/Sayfalar/Giris_Sayfasi/RetveTamam_Butonu'

2021-11-23 17:11:25 - [MESSAGE][INFO] - Checking object

2021-11-23 17:11:25 - [MESSAGE][INFO] - Finding web element from Test Object's properties

2021-11-23 17:11:25 - [MESSAGE][INFO] - Checking timeout

2021-11-23 17:11:25 - [MESSAGE][INFO] - Finding web element with id: 'Object Repository/Sayfalar/Giris_Sayfasi/RetveTamam_Butonu' located by 'By.xpath: //*[@class = 'btn btn-default']' in '30' second(s)

2021-11-23 17:11:25 - [MESSAGE][INFO] - Smart Wait Function is triggered

2021-11-23 17:11:27 - [MESSAGE][INFO] - Found 1 web elements with id: 'Object Repository/Sayfalar/Giris_Sayfasi/RetveTamam_Butonu' located by 'By.xpath: //*[@class = 'btn btn-default']' in '30' second(s)

2021-11-23 17:11:27 - [MESSAGE][INFO] - Clicking on object: 'Object Repository/Sayfalar/Giris_Sayfasi/RetveTamam_Butonu'

2021-11-23 17:11:28 - [MESSAGE][PASSED] - Object: 'Object Repository/Sayfalar/Giris_Sayfasi/RetveTamam_Butonu' is clicked on

2021-11-23 17:11:28 - [TEST_STEP][PASSED] - if (verifyElementPresent(findTestObject("Sayfalar/Giris_Sayfasi/PopupOK"), 5, OPTIONAL)): null

2021-11-23 17:11:28 - [MESSAGE][INFO] - Finding Test Object 'Object Repository/Sayfalar/Giris_Sayfasi/PopupOK'

2021-11-23 17:11:28 - [MESSAGE][INFO] - Checking object

2021-11-23 17:11:28 - [MESSAGE][INFO] - Finding web element from Test Object's properties

2021-11-23 17:11:28 - [MESSAGE][INFO] - Checking timeout

2021-11-23 17:11:28 - [MESSAGE][INFO] - Finding web element with id: 'Object Repository/Sayfalar/Giris_Sayfasi/PopupOK' located by 'By.cssSelector: .btn.btn-success' in '5' second(s)

2021-11-23 17:11:28 - [MESSAGE][INFO] - Smart Wait Function is triggered

2021-11-23 17:11:28 - [MESSAGE][INFO] - Found 1 web elements with id: 'Object Repository/Sayfalar/Giris_Sayfasi/PopupOK' located by 'By.cssSelector: .btn.btn-success' in '5' second(s)

2021-11-23 17:11:28 - [MESSAGE][PASSED] - Object 'Object Repository/Sayfalar/Giris_Sayfasi/PopupOK' is present

2021-11-23 17:11:28 - [TEST_STEP][PASSED] - click(findTestObject("Object Repository/Sayfalar/Giris_Sayfasi/PopupCarpiGiris")): Object: 'Object Repository/Sayfalar/Giris_Sayfasi/PopupCarpiGiris' is clicked on

2021-11-23 17:11:28 - [MESSAGE][INFO] - Finding Test Object 'Object Repository/Sayfalar/Giris_Sayfasi/PopupCarpiGiris'

2021-11-23 17:11:28 - [MESSAGE][INFO] - Checking object

2021-11-23 17:11:28 - [MESSAGE][INFO] - Finding web element from Test Object's properties

2021-11-23 17:11:28 - [MESSAGE][INFO] - Checking timeout

2021-11-23 17:11:28 - [MESSAGE][INFO] - Finding web element with id: 'Object Repository/Sayfalar/Giris_Sayfasi/PopupCarpiGiris' located by 'By.cssSelector: .bootbox-close-button.close' in '30' second(s)

2021-11-23 17:11:28 - [MESSAGE][INFO] - Smart Wait Function is triggered

2021-11-23 17:11:29 - [MESSAGE][INFO] - Found 1 web elements with id: 'Object Repository/Sayfalar/Giris_Sayfasi/PopupCarpiGiris' located by 'By.cssSelector: .bootbox-close-button.close' in '30' second(s)

2021-11-23 17:11:29 - [MESSAGE][INFO] - Clicking on object: 'Object Repository/Sayfalar/Giris_Sayfasi/PopupCarpiGiris'

2021-11-23 17:11:29 - [MESSAGE][PASSED] - Object: 'Object Repository/Sayfalar/Giris_Sayfasi/PopupCarpiGiris' is clicked on

2021-11-23 17:11:29 - [TEST_STEP][PASSED] - verifyElementVisible(findTestObject("Object Repository/Kullanici_Islemleri/KullaniciIslemleri")): Object 'Object Repository/Kullanici_Islemleri/KullaniciIslemleri' is visible

2021-11-23 17:11:29 - [MESSAGE][INFO] - Finding Test Object 'Object Repository/Kullanici_Islemleri/KullaniciIslemleri'

2021-11-23 17:11:29 - [MESSAGE][INFO] - Checking object

2021-11-23 17:11:29 - [MESSAGE][INFO] - Finding web element from Test Object's properties

2021-11-23 17:11:29 - [MESSAGE][INFO] - Checking timeout

2021-11-23 17:11:29 - [MESSAGE][INFO] - Finding web element with id: 'Object Repository/Kullanici_Islemleri/KullaniciIslemleri' located by 'By.cssSelector: .dropdown>a>img' in '30' second(s)

2021-11-23 17:11:29 - [MESSAGE][INFO] - Smart Wait Function is triggered

2021-11-23 17:11:30 - [MESSAGE][INFO] - Found 1 web elements with id: 'Object Repository/Kullanici_Islemleri/KullaniciIslemleri' located by 'By.cssSelector: .dropdown>a>img' in '30' second(s)

2021-11-23 17:11:30 - [MESSAGE][PASSED] - Object 'Object Repository/Kullanici_Islemleri/KullaniciIslemleri' is visible

2021-11-23 17:11:30 - [MESSAGE][PASSED] - Call Test Case 'Test Cases/Sayfalar/Giris_Sayfasi/Login' successfully

2021-11-23 17:11:30 - [MESSAGE][INFO] - Checking called Test Case

2021-11-23 17:11:30 - [MESSAGE][INFO] - Starting to call Test Case 'Test Cases/Menu/AnaMenuSecimi'

2021-11-23 17:11:30 - [TEST_CASE][PASSED] - Test Cases/Menu/AnaMenuSecimi: Test Cases/Menu/AnaMenuSecimi

2021-11-23 17:11:30 - [TEST_STEP][PASSED] - Method.TextDegerineEsitElementeTikla(findTestObject("Menu/Ana_Menu"), Ana_Menu): Method.TextDegerineEsitElementeTikla is PASSED

2021-11-23 17:11:30 - [MESSAGE][INFO] - Finding Test Object 'Object Repository/Menu/Ana_Menu'

2021-11-23 17:11:30 - [MESSAGE][INFO] - Checking timeout

2021-11-23 17:11:30 - [MESSAGE][INFO] - Finding web element with id: 'Object Repository/Menu/Ana_Menu' located by 'By.xpath: //*[@class = 'dropdown-toggle']' in '10' second(s)

2021-11-23 17:11:30 - [MESSAGE][INFO] - Smart Wait Function is triggered

2021-11-23 17:11:30 - [MESSAGE][INFO] - Found 14 web elements with id: 'Object Repository/Menu/Ana_Menu' located by 'By.xpath: //*[@class = 'dropdown-toggle']' in '10' second(s)

2021-11-23 17:11:30 - [MESSAGE][PASSED] - Method.TextDegerineEsitElementeTikla is PASSED

2021-11-23 17:11:30 - [MESSAGE][PASSED] - Call Test Case 'Test Cases/Menu/AnaMenuSecimi' successfully

2021-11-23 17:11:30 - [MESSAGE][INFO] - Checking called Test Case

2021-11-23 17:11:30 - [MESSAGE][INFO] - Starting to call Test Case 'Test Cases/Menu/BasligaGoreAltMenuSecimi'

2021-11-23 17:11:30 - [TEST_CASE][PASSED] - Test Cases/Menu/BasligaGoreAltMenuSecimi: Test Cases/Menu/BasligaGoreAltMenuSecimi

2021-11-23 17:11:30 - [TEST_STEP][PASSED] - Method.TextDegerineEsitElementinAltindakiTextDegerineEsitOlanaTikla(findTestObject("Menu/Menu_Basligi"), findTestObject("Menu/Basliga_Gore_Alt_Menu"), Baslik, Alt_Menu): Method.TextDegerineEsitElementinAltindakiTextDegerineEsitOlanaTikla is PASSED

2021-11-23 17:11:30 - [MESSAGE][INFO] - Finding Test Object 'Object Repository/Menu/Menu_Basligi'

2021-11-23 17:11:31 - [MESSAGE][INFO] - Finding Test Object 'Object Repository/Menu/Basliga_Gore_Alt_Menu'

2021-11-23 17:11:31 - [MESSAGE][INFO] - Checking timeout

2021-11-23 17:11:31 - [MESSAGE][INFO] - Finding web element with id: 'Object Repository/Menu/Menu_Basligi' located by 'By.xpath: //li[@class='dropdown dropdown-large open']//li[@class='dropdown-header']' in '10' second(s)

2021-11-23 17:11:31 - [MESSAGE][INFO] - Smart Wait Function is triggered

2021-11-23 17:11:31 - [MESSAGE][INFO] - Found 2 web elements with id: 'Object Repository/Menu/Menu_Basligi' located by 'By.xpath: //li[@class='dropdown dropdown-large open']//li[@class='dropdown-header']' in '10' second(s)

2021-11-23 17:11:31 - [MESSAGE][INFO] - Smart Wait Function is triggered

2021-11-23 17:11:34 - [MESSAGE][PASSED] - Method.TextDegerineEsitElementinAltindakiTextDegerineEsitOlanaTikla is PASSED

2021-11-23 17:11:34 - [MESSAGE][PASSED] - Call Test Case 'Test Cases/Menu/BasligaGoreAltMenuSecimi' successfully

2021-11-23 17:11:34 - [MESSAGE][INFO] - Checking called Test Case

2021-11-23 17:11:34 - [MESSAGE][INFO] - Starting to call Test Case 'Test Cases/Filtreler/TexboxaYaz'

2021-11-23 17:11:34 - [TEST_CASE][PASSED] - Test Cases/Filtreler/TexboxaYaz: Test Cases/Filtreler/TexboxaYaz

2021-11-23 17:11:35 - [TEST_STEP][PASSED] - Method.TextDegerineEsitElementinAltindakiTextboxtaYaz(findTestObject("Filtreler/Basliklar"), findTestObject("Filtreler/Basliga_Gore_Textbox"), Filtre_Adi, Filtre_Degeri): Method.TextDegerineEsitElementinAltindakiTextboxtaYaz is PASSED

2021-11-23 17:11:35 - [MESSAGE][INFO] - Finding Test Object 'Object Repository/Filtreler/Basliklar'

2021-11-23 17:11:35 - [MESSAGE][INFO] - Finding Test Object 'Object Repository/Filtreler/Basliga_Gore_Textbox'

2021-11-23 17:11:35 - [MESSAGE][INFO] - Checking timeout

2021-11-23 17:11:35 - [MESSAGE][INFO] - Finding web element with id: 'Object Repository/Filtreler/Basliklar' located by 'By.cssSelector: .control-label.col-sm-4.paddingMarginRLC' in '10' second(s)

2021-11-23 17:11:35 - [MESSAGE][INFO] - Smart Wait Function is triggered

2021-11-23 17:11:35 - [MESSAGE][INFO] - Found 6 web elements with id: 'Object Repository/Filtreler/Basliklar' located by 'By.cssSelector: .control-label.col-sm-4.paddingMarginRLC' in '10' second(s)

2021-11-23 17:11:35 - [MESSAGE][INFO] - Smart Wait Function is triggered

2021-11-23 17:11:35 - [MESSAGE][PASSED] - Method.TextDegerineEsitElementinAltindakiTextboxtaYaz is PASSED

2021-11-23 17:11:35 - [MESSAGE][PASSED] - Call Test Case 'Test Cases/Filtreler/TexboxaYaz' successfully

2021-11-23 17:11:35 - [MESSAGE][INFO] - Checking called Test Case

2021-11-23 17:11:35 - [MESSAGE][INFO] - Starting to call Test Case 'Test Cases/Filtreler/ButonaTikla'

2021-11-23 17:11:35 - [TEST_CASE][PASSED] - Test Cases/Filtreler/ButonaTikla: Test Cases/Filtreler/ButonaTikla

2021-11-23 17:11:36 - [TEST_STEP][PASSED] - Method.TextDegerineEsitElementeTikla(findTestObject("Filtreler/Butonlar"), Filtre_Buton): Method.TextDegerineEsitElementeTikla is PASSED

2021-11-23 17:11:36 - [MESSAGE][INFO] - Finding Test Object 'Object Repository/Filtreler/Butonlar'

2021-11-23 17:11:36 - [MESSAGE][INFO] - Checking timeout

2021-11-23 17:11:36 - [MESSAGE][INFO] - Finding web element with id: 'Object Repository/Filtreler/Butonlar' located by 'By.cssSelector: .dxb>span' in '10' second(s)

2021-11-23 17:11:36 - [MESSAGE][INFO] - Smart Wait Function is triggered

2021-11-23 17:11:36 - [MESSAGE][INFO] - Found 2 web elements with id: 'Object Repository/Filtreler/Butonlar' located by 'By.cssSelector: .dxb>span' in '10' second(s)

2021-11-23 17:11:36 - [MESSAGE][PASSED] - Method.TextDegerineEsitElementeTikla is PASSED

2021-11-23 17:11:36 - [MESSAGE][PASSED] - Call Test Case 'Test Cases/Filtreler/ButonaTikla' successfully

2021-11-23 17:11:36 - [MESSAGE][INFO] - Checking called Test Case

2021-11-23 17:11:36 - [MESSAGE][INFO] - Starting to call Test Case 'Test Cases/Tablo/TablodanVeriSec'

2021-11-23 17:11:36 - [TEST_CASE][PASSED] - Test Cases/Tablo/TablodanVeriSec: Test Cases/Tablo/TablodanVeriSec

2021-11-23 17:11:37 - [TEST_STEP][PASSED] - Method.TextDegerineEsitElementinAltindakineTikla(findTestObject("Tablo/Veriler"), findTestObject("Tablo/VerininCheckBoxi"), Veri_Adi): Method.TextDegerineEsitElementinAltindakineTikla is PASSED

2021-11-23 17:11:37 - [MESSAGE][INFO] - Finding Test Object 'Object Repository/Tablo/Veriler'

2021-11-23 17:11:37 - [MESSAGE][INFO] - Finding Test Object 'Object Repository/Tablo/VerininCheckBoxi'

2021-11-23 17:11:37 - [MESSAGE][INFO] - Checking timeout

2021-11-23 17:11:37 - [MESSAGE][INFO] - Finding web element with id: 'Object Repository/Tablo/Veriler' located by 'By.cssSelector: td.dxgv b ,td.dxgv' in '10' second(s)

2021-11-23 17:11:37 - [MESSAGE][INFO] - Smart Wait Function is triggered

2021-11-23 17:11:37 - [MESSAGE][INFO] - Found 7 web elements with id: 'Object Repository/Tablo/Veriler' located by 'By.cssSelector: td.dxgv b ,td.dxgv' in '10' second(s)

2021-11-23 17:11:37 - [MESSAGE][INFO] - Smart Wait Function is triggered

2021-11-23 17:11:38 - [MESSAGE][PASSED] - Method.TextDegerineEsitElementinAltindakineTikla is PASSED

2021-11-23 17:11:38 - [MESSAGE][PASSED] - Call Test Case 'Test Cases/Tablo/TablodanVeriSec' successfully

2021-11-23 17:11:38 - [MESSAGE][INFO] - Checking called Test Case

2021-11-23 17:11:38 - [MESSAGE][INFO] - Starting to call Test Case 'Test Cases/Butonlar/ButonaTikla'

2021-11-23 17:11:38 - [TEST_CASE][PASSED] - Test Cases/Butonlar/ButonaTikla: Test Cases/Butonlar/ButonaTikla

2021-11-23 17:11:38 - [TEST_STEP][PASSED] - Method.TextDegerineEsitElementeTiklaEquals(findTestObject("Butonlar/Butonlar"), Buton_Adi): Method.TextDegerineEsitElementeTiklaEquals is PASSED

2021-11-23 17:11:38 - [MESSAGE][INFO] - Finding Test Object 'Object Repository/Butonlar/Butonlar'

2021-11-23 17:11:38 - [MESSAGE][INFO] - Checking timeout

2021-11-23 17:11:38 - [MESSAGE][INFO] - Finding web element with id: 'Object Repository/Butonlar/Butonlar' located by 'By.cssSelector: .panel.panel-default.text-center.footerPanel .btn,.btn.btn-primary.btnControls' in '10' second(s)

2021-11-23 17:11:38 - [MESSAGE][INFO] - Smart Wait Function is triggered

2021-11-23 17:11:38 - [MESSAGE][INFO] - Found 4 web elements with id: 'Object Repository/Butonlar/Butonlar' located by 'By.cssSelector: .panel.panel-default.text-center.footerPanel .btn,.btn.btn-primary.btnControls' in '10' second(s)

2021-11-23 17:11:39 - [MESSAGE][PASSED] - Method.TextDegerineEsitElementeTiklaEquals is PASSED

2021-11-23 17:11:39 - [MESSAGE][PASSED] - Call Test Case 'Test Cases/Butonlar/ButonaTikla' successfully

2021-11-23 17:11:39 - [MESSAGE][INFO] - Checking called Test Case

2021-11-23 17:11:39 - [MESSAGE][INFO] - Starting to call Test Case 'Test Cases/Sayfalar/Ayarlar/Adres_Defteri/AdresDegistirPopupGeldiMi'

2021-11-23 17:11:39 - [TEST_CASE][PASSED] - Test Cases/Sayfalar/Ayarlar/Adres_Defteri/AdresDegistirPopupGeldiMi: Test Cases/Sayfalar/Ayarlar/Adres_Defteri/AdresDegistirPopupGeldiMi

2021-11-23 17:11:40 - [TEST_STEP][PASSED] - a = switchToFrame(findTestObject("Object Repository/Sayfalar/Ayarlar/Adres_Defteri/DegistirFrame"), Waits): Switched to iframe: 'Object Repository/Sayfalar/Ayarlar/Adres_Defteri/DegistirFrame'

2021-11-23 17:11:40 - [MESSAGE][INFO] - Finding Test Object 'Object Repository/Sayfalar/Ayarlar/Adres_Defteri/DegistirFrame'

2021-11-23 17:11:40 - [MESSAGE][INFO] - Switching to iframe: 'Object Repository/Sayfalar/Ayarlar/Adres_Defteri/DegistirFrame'

2021-11-23 17:11:40 - [MESSAGE][INFO] - Finding web element from Test Object's properties

2021-11-23 17:11:40 - [MESSAGE][INFO] - Checking timeout

2021-11-23 17:11:40 - [MESSAGE][INFO] - Finding web element with id: 'Object Repository/Sayfalar/Ayarlar/Adres_Defteri/DegistirFrame' located by 'By.xpath: //*[@id = 'updateAddressBookFrame']' in '10' second(s)

2021-11-23 17:11:40 - [MESSAGE][INFO] - Smart Wait Function is triggered

2021-11-23 17:11:40 - [MESSAGE][INFO] - Found 1 web elements with id: 'Object Repository/Sayfalar/Ayarlar/Adres_Defteri/DegistirFrame' located by 'By.xpath: //*[@id = 'updateAddressBookFrame']' in '10' second(s)

2021-11-23 17:11:40 - [MESSAGE][INFO] - Switched to iframe: 'Object Repository/Sayfalar/Ayarlar/Adres_Defteri/DegistirFrame'

2021-11-23 17:11:40 - [TEST_STEP][PASSED] - assert a: null

2021-11-23 17:11:40 - [MESSAGE][PASSED] - Call Test Case 'Test Cases/Sayfalar/Ayarlar/Adres_Defteri/AdresDegistirPopupGeldiMi' successfully

2021-11-23 17:11:40 - [MESSAGE][INFO] - Checking called Test Case

2021-11-23 17:11:40 - [MESSAGE][INFO] - Starting to call Test Case 'Test Cases/Sayfalar/Ayarlar/Adres_Defteri/AdresDefteriTexboxaYaz'

2021-11-23 17:11:40 - [TEST_CASE][PASSED] - Test Cases/Sayfalar/Ayarlar/Adres_Defteri/AdresDefteriTexboxaYaz: Test Cases/Sayfalar/Ayarlar/Adres_Defteri/AdresDefteriTexboxaYaz

2021-11-23 17:11:40 - [TEST_STEP][PASSED] - Method.TextDegerineEsitElementinAltindakiTextboxtaYazgecici(findTestObject("Sayfalar/Ayarlar/Adres_Defteri/alanlar"), findTestObject("Sayfalar/Ayarlar/Adres_Defteri/textbox"), Alan, Deger): Method.TextDegerineEsitElementinAltindakiTextboxtaYazgecici is PASSED

2021-11-23 17:11:40 - [MESSAGE][INFO] - Finding Test Object 'Object Repository/Sayfalar/Ayarlar/Adres_Defteri/alanlar'

2021-11-23 17:11:40 - [MESSAGE][INFO] - Finding Test Object 'Object Repository/Sayfalar/Ayarlar/Adres_Defteri/textbox'

2021-11-23 17:11:40 - [MESSAGE][INFO] - Checking timeout

2021-11-23 17:11:40 - [MESSAGE][INFO] - Finding web element with id: 'Object Repository/Sayfalar/Ayarlar/Adres_Defteri/alanlar' located by 'By.cssSelector: .control-label.paddingMarginRLC' in '10' second(s)

2021-11-23 17:11:40 - [MESSAGE][INFO] - Smart Wait Function is triggered

2021-11-23 17:11:40 - [MESSAGE][INFO] - Found 16 web elements with id: 'Object Repository/Sayfalar/Ayarlar/Adres_Defteri/alanlar' located by 'By.cssSelector: .control-label.paddingMarginRLC' in '10' second(s)

2021-11-23 17:11:40 - [MESSAGE][INFO] - Smart Wait Function is triggered

2021-11-23 17:11:41 - [MESSAGE][INFO] - Delaying browser in 2 second(s)

2021-11-23 17:11:43 - [MESSAGE][PASSED] - Delayed 2 second(s)

2021-11-23 17:11:43 - [MESSAGE][INFO] - Delaying browser in 2 second(s)

2021-11-23 17:11:45 - [MESSAGE][PASSED] - Delayed 2 second(s)

2021-11-23 17:11:45 - [MESSAGE][PASSED] - Method.TextDegerineEsitElementinAltindakiTextboxtaYazgecici is PASSED

2021-11-23 17:11:45 - [MESSAGE][PASSED] - Call Test Case 'Test Cases/Sayfalar/Ayarlar/Adres_Defteri/AdresDefteriTexboxaYaz' successfully

2021-11-23 17:11:45 - [MESSAGE][INFO] - Checking called Test Case

2021-11-23 17:11:45 - [MESSAGE][INFO] - Starting to call Test Case 'Test Cases/Sayfalar/Ayarlar/Adres_Defteri/UnvanYaziliMi'

2021-11-23 17:11:45 - [TEST_CASE][PASSED] - Test Cases/Sayfalar/Ayarlar/Adres_Defteri/UnvanYaziliMi: Test Cases/Sayfalar/Ayarlar/Adres_Defteri/UnvanYaziliMi

2021-11-23 17:11:45 - [TEST_STEP][PASSED] - click(findTestObject("Sayfalar/Ayarlar/Adres_Defteri/alanlarTextbox"), STOP_ON_FAILURE): Object: 'Object Repository/Sayfalar/Ayarlar/Adres_Defteri/alanlarTextbox' is clicked on

2021-11-23 17:11:45 - [MESSAGE][INFO] - Finding Test Object 'Object Repository/Sayfalar/Ayarlar/Adres_Defteri/alanlarTextbox'

2021-11-23 17:11:45 - [MESSAGE][INFO] - Checking object

2021-11-23 17:11:45 - [MESSAGE][INFO] - Finding web element from Test Object's properties

2021-11-23 17:11:45 - [MESSAGE][INFO] - Checking timeout

2021-11-23 17:11:45 - [MESSAGE][INFO] - Finding web element with id: 'Object Repository/Sayfalar/Ayarlar/Adres_Defteri/alanlarTextbox' located by 'By.cssSelector: .col-sm-10.paddingMarginRLC #PartyName' in '30' second(s)

2021-11-23 17:11:45 - [MESSAGE][INFO] - Smart Wait Function is triggered

2021-11-23 17:11:45 - [MESSAGE][INFO] - Found 1 web elements with id: 'Object Repository/Sayfalar/Ayarlar/Adres_Defteri/alanlarTextbox' located by 'By.cssSelector: .col-sm-10.paddingMarginRLC #PartyName' in '30' second(s)

2021-11-23 17:11:45 - [MESSAGE][INFO] - Clicking on object: 'Object Repository/Sayfalar/Ayarlar/Adres_Defteri/alanlarTextbox'

2021-11-23 17:11:45 - [MESSAGE][PASSED] - Object: 'Object Repository/Sayfalar/Ayarlar/Adres_Defteri/alanlarTextbox' is clicked on

2021-11-23 17:11:45 - [TEST_STEP][PASSED] - variableHoldingValue = getAttribute(findTestObject("Sayfalar/Ayarlar/Adres_Defteri/alanlarTextbox"), "value"): Attribute 'value' of object 'Object Repository/Sayfalar/Ayarlar/Adres_Defteri/alanlarTextbox' is: 'VirgosolOtomasyon402115'

2021-11-23 17:11:45 - [MESSAGE][INFO] - Finding Test Object 'Object Repository/Sayfalar/Ayarlar/Adres_Defteri/alanlarTextbox'

2021-11-23 17:11:46 - [MESSAGE][INFO] - Checking object

2021-11-23 17:11:46 - [MESSAGE][INFO] - Checking attribute

2021-11-23 17:11:46 - [MESSAGE][INFO] - Finding web element from Test Object's properties

2021-11-23 17:11:46 - [MESSAGE][INFO] - Checking timeout

2021-11-23 17:11:46 - [MESSAGE][INFO] - Finding web element with id: 'Object Repository/Sayfalar/Ayarlar/Adres_Defteri/alanlarTextbox' located by 'By.cssSelector: .col-sm-10.paddingMarginRLC #PartyName' in '30' second(s)

2021-11-23 17:11:46 - [MESSAGE][INFO] - Smart Wait Function is triggered

2021-11-23 17:11:46 - [MESSAGE][INFO] - Found 1 web elements with id: 'Object Repository/Sayfalar/Ayarlar/Adres_Defteri/alanlarTextbox' located by 'By.cssSelector: .col-sm-10.paddingMarginRLC #PartyName' in '30' second(s)

2021-11-23 17:11:46 - [MESSAGE][INFO] - Getting attribute 'value' of object 'Object Repository/Sayfalar/Ayarlar/Adres_Defteri/alanlarTextbox'

2021-11-23 17:11:46 - [MESSAGE][PASSED] - Attribute 'value' of object 'Object Repository/Sayfalar/Ayarlar/Adres_Defteri/alanlarTextbox' is: 'VirgosolOtomasyon402115'

2021-11-23 17:11:46 - [TEST_STEP][PASSED] - Console.println(variableHoldingValue): null

2021-11-23 17:11:46 - [TEST_STEP][PASSED] - verifyEqual(variableHoldingValue, Degeri): Actual object 'VirgosolOtomasyon402115' and expected object 'VirgosolOtomasyon402115' are equal

2021-11-23 17:11:46 - [MESSAGE][INFO] - Comparing actual object 'VirgosolOtomasyon402115' with expected object 'VirgosolOtomasyon402115'

2021-11-23 17:11:46 - [MESSAGE][PASSED] - Actual object 'VirgosolOtomasyon402115' and expected object 'VirgosolOtomasyon402115' are equal

2021-11-23 17:11:46 - [MESSAGE][PASSED] - Call Test Case 'Test Cases/Sayfalar/Ayarlar/Adres_Defteri/UnvanYaziliMi' successfully

2021-11-23 17:11:46 - [MESSAGE][INFO] - Checking called Test Case

2021-11-23 17:11:46 - [MESSAGE][INFO] - Starting to call Test Case 'Test Cases/Sayfalar/Ayarlar/Adres_Defteri/AdresDefteriTexboxaYaz'

2021-11-23 17:11:46 - [TEST_CASE][PASSED] - Test Cases/Sayfalar/Ayarlar/Adres_Defteri/AdresDefteriTexboxaYaz: Test Cases/Sayfalar/Ayarlar/Adres_Defteri/AdresDefteriTexboxaYaz

2021-11-23 17:11:46 - [TEST_STEP][PASSED] - Method.TextDegerineEsitElementinAltindakiTextboxtaYazgecici(findTestObject("Sayfalar/Ayarlar/Adres_Defteri/alanlar"), findTestObject("Sayfalar/Ayarlar/Adres_Defteri/textbox"), Alan, Deger): Method.TextDegerineEsitElementinAltindakiTextboxtaYazgecici is PASSED

2021-11-23 17:11:46 - [MESSAGE][INFO] - Finding Test Object 'Object Repository/Sayfalar/Ayarlar/Adres_Defteri/alanlar'

2021-11-23 17:11:46 - [MESSAGE][INFO] - Finding Test Object 'Object Repository/Sayfalar/Ayarlar/Adres_Defteri/textbox'

2021-11-23 17:11:46 - [MESSAGE][INFO] - Checking timeout

2021-11-23 17:11:46 - [MESSAGE][INFO] - Finding web element with id: 'Object Repository/Sayfalar/Ayarlar/Adres_Defteri/alanlar' located by 'By.cssSelector: .control-label.paddingMarginRLC' in '10' second(s)

2021-11-23 17:11:46 - [MESSAGE][INFO] - Smart Wait Function is triggered

2021-11-23 17:11:46 - [MESSAGE][INFO] - Found 16 web elements with id: 'Object Repository/Sayfalar/Ayarlar/Adres_Defteri/alanlar' located by 'By.cssSelector: .control-label.paddingMarginRLC' in '10' second(s)

2021-11-23 17:11:46 - [MESSAGE][INFO] - Smart Wait Function is triggered

2021-11-23 17:11:46 - [MESSAGE][INFO] - Delaying browser in 2 second(s)

2021-11-23 17:11:48 - [MESSAGE][PASSED] - Delayed 2 second(s)

2021-11-23 17:11:49 - [MESSAGE][INFO] - Delaying browser in 2 second(s)

2021-11-23 17:11:51 - [MESSAGE][PASSED] - Delayed 2 second(s)

2021-11-23 17:11:51 - [MESSAGE][PASSED] - Method.TextDegerineEsitElementinAltindakiTextboxtaYazgecici is PASSED

2021-11-23 17:11:51 - [MESSAGE][PASSED] - Call Test Case 'Test Cases/Sayfalar/Ayarlar/Adres_Defteri/AdresDefteriTexboxaYaz' successfully

2021-11-23 17:11:51 - [MESSAGE][INFO] - Checking called Test Case

2021-11-23 17:11:51 - [MESSAGE][INFO] - Starting to call Test Case 'Test Cases/Sayfalar/Ayarlar/Adres_Defteri/AdresDefteriTexboxaYaz'

2021-11-23 17:11:51 - [TEST_CASE][PASSED] - Test Cases/Sayfalar/Ayarlar/Adres_Defteri/AdresDefteriTexboxaYaz: Test Cases/Sayfalar/Ayarlar/Adres_Defteri/AdresDefteriTexboxaYaz

2021-11-23 17:11:51 - [TEST_STEP][PASSED] - Method.TextDegerineEsitElementinAltindakiTextboxtaYazgecici(findTestObject("Sayfalar/Ayarlar/Adres_Defteri/alanlar"), findTestObject("Sayfalar/Ayarlar/Adres_Defteri/textbox"), Alan, Deger): Method.TextDegerineEsitElementinAltindakiTextboxtaYazgecici is PASSED

2021-11-23 17:11:51 - [MESSAGE][INFO] - Finding Test Object 'Object Repository/Sayfalar/Ayarlar/Adres_Defteri/alanlar'

2021-11-23 17:11:51 - [MESSAGE][INFO] - Finding Test Object 'Object Repository/Sayfalar/Ayarlar/Adres_Defteri/textbox'

2021-11-23 17:11:51 - [MESSAGE][INFO] - Checking timeout

2021-11-23 17:11:51 - [MESSAGE][INFO] - Finding web element with id: 'Object Repository/Sayfalar/Ayarlar/Adres_Defteri/alanlar' located by 'By.cssSelector: .control-label.paddingMarginRLC' in '10' second(s)

2021-11-23 17:11:51 - [MESSAGE][INFO] - Smart Wait Function is triggered

2021-11-23 17:11:51 - [MESSAGE][INFO] - Found 16 web elements with id: 'Object Repository/Sayfalar/Ayarlar/Adres_Defteri/alanlar' located by 'By.cssSelector: .control-label.paddingMarginRLC' in '10' second(s)

2021-11-23 17:11:51 - [MESSAGE][INFO] - Smart Wait Function is triggered

2021-11-23 17:11:51 - [MESSAGE][INFO] - Delaying browser in 2 second(s)

2021-11-23 17:11:53 - [MESSAGE][PASSED] - Delayed 2 second(s)

2021-11-23 17:11:53 - [MESSAGE][INFO] - Delaying browser in 2 second(s)

2021-11-23 17:11:55 - [MESSAGE][PASSED] - Delayed 2 second(s)

2021-11-23 17:11:56 - [MESSAGE][PASSED] - Method.TextDegerineEsitElementinAltindakiTextboxtaYazgecici is PASSED

2021-11-23 17:11:56 - [MESSAGE][PASSED] - Call Test Case 'Test Cases/Sayfalar/Ayarlar/Adres_Defteri/AdresDefteriTexboxaYaz' successfully

2021-11-23 17:11:56 - [MESSAGE][INFO] - Checking called Test Case

2021-11-23 17:11:56 - [MESSAGE][INFO] - Starting to call Test Case 'Test Cases/Sayfalar/Ayarlar/Adres_Defteri/AdresDefteriTexboxaYaz'

2021-11-23 17:11:56 - [TEST_CASE][PASSED] - Test Cases/Sayfalar/Ayarlar/Adres_Defteri/AdresDefteriTexboxaYaz: Test Cases/Sayfalar/Ayarlar/Adres_Defteri/AdresDefteriTexboxaYaz

2021-11-23 17:11:56 - [TEST_STEP][PASSED] - Method.TextDegerineEsitElementinAltindakiTextboxtaYazgecici(findTestObject("Sayfalar/Ayarlar/Adres_Defteri/alanlar"), findTestObject("Sayfalar/Ayarlar/Adres_Defteri/textbox"), Alan, Deger): Method.TextDegerineEsitElementinAltindakiTextboxtaYazgecici is PASSED

2021-11-23 17:11:56 - [MESSAGE][INFO] - Finding Test Object 'Object Repository/Sayfalar/Ayarlar/Adres_Defteri/alanlar'

2021-11-23 17:11:56 - [MESSAGE][INFO] - Finding Test Object 'Object Repository/Sayfalar/Ayarlar/Adres_Defteri/textbox'

2021-11-23 17:11:56 - [MESSAGE][INFO] - Checking timeout

2021-11-23 17:11:56 - [MESSAGE][INFO] - Finding web element with id: 'Object Repository/Sayfalar/Ayarlar/Adres_Defteri/alanlar' located by 'By.cssSelector: .control-label.paddingMarginRLC' in '10' second(s)

2021-11-23 17:11:56 - [MESSAGE][INFO] - Smart Wait Function is triggered

2021-11-23 17:11:56 - [MESSAGE][INFO] - Found 16 web elements with id: 'Object Repository/Sayfalar/Ayarlar/Adres_Defteri/alanlar' located by 'By.cssSelector: .control-label.paddingMarginRLC' in '10' second(s)

2021-11-23 17:11:56 - [MESSAGE][INFO] - Smart Wait Function is triggered

2021-11-23 17:11:56 - [MESSAGE][INFO] - Delaying browser in 2 second(s)

2021-11-23 17:11:58 - [MESSAGE][PASSED] - Delayed 2 second(s)

2021-11-23 17:11:58 - [MESSAGE][INFO] - Delaying browser in 2 second(s)

2021-11-23 17:12:00 - [MESSAGE][PASSED] - Delayed 2 second(s)

2021-11-23 17:12:00 - [MESSAGE][PASSED] - Method.TextDegerineEsitElementinAltindakiTextboxtaYazgecici is PASSED

2021-11-23 17:12:00 - [MESSAGE][PASSED] - Call Test Case 'Test Cases/Sayfalar/Ayarlar/Adres_Defteri/AdresDefteriTexboxaYaz' successfully

2021-11-23 17:12:00 - [MESSAGE][INFO] - Checking called Test Case

2021-11-23 17:12:00 - [MESSAGE][INFO] - Starting to call Test Case 'Test Cases/Sayfalar/Ayarlar/Adres_Defteri/UnvanYaziliMi'

2021-11-23 17:12:00 - [TEST_CASE][PASSED] - Test Cases/Sayfalar/Ayarlar/Adres_Defteri/UnvanYaziliMi: Test Cases/Sayfalar/Ayarlar/Adres_Defteri/UnvanYaziliMi

2021-11-23 17:12:00 - [TEST_STEP][PASSED] - click(findTestObject("Sayfalar/Ayarlar/Adres_Defteri/alanlarTextbox"), STOP_ON_FAILURE): Object: 'Object Repository/Sayfalar/Ayarlar/Adres_Defteri/alanlarTextbox' is clicked on

2021-11-23 17:12:00 - [MESSAGE][INFO] - Finding Test Object 'Object Repository/Sayfalar/Ayarlar/Adres_Defteri/alanlarTextbox'

2021-11-23 17:12:00 - [MESSAGE][INFO] - Checking object

2021-11-23 17:12:00 - [MESSAGE][INFO] - Finding web element from Test Object's properties

2021-11-23 17:12:00 - [MESSAGE][INFO] - Checking timeout

2021-11-23 17:12:00 - [MESSAGE][INFO] - Finding web element with id: 'Object Repository/Sayfalar/Ayarlar/Adres_Defteri/alanlarTextbox' located by 'By.cssSelector: .col-sm-10.paddingMarginRLC #PartyName' in '30' second(s)

2021-11-23 17:12:00 - [MESSAGE][INFO] - Smart Wait Function is triggered

2021-11-23 17:12:01 - [MESSAGE][INFO] - Found 1 web elements with id: 'Object Repository/Sayfalar/Ayarlar/Adres_Defteri/alanlarTextbox' located by 'By.cssSelector: .col-sm-10.paddingMarginRLC #PartyName' in '30' second(s)

2021-11-23 17:12:01 - [MESSAGE][INFO] - Clicking on object: 'Object Repository/Sayfalar/Ayarlar/Adres_Defteri/alanlarTextbox'

2021-11-23 17:12:01 - [MESSAGE][PASSED] - Object: 'Object Repository/Sayfalar/Ayarlar/Adres_Defteri/alanlarTextbox' is clicked on

2021-11-23 17:12:01 - [TEST_STEP][PASSED] - variableHoldingValue = getAttribute(findTestObject("Sayfalar/Ayarlar/Adres_Defteri/alanlarTextbox"), "value"): Attribute 'value' of object 'Object Repository/Sayfalar/Ayarlar/Adres_Defteri/alanlarTextbox' is: ''

2021-11-23 17:12:01 - [MESSAGE][INFO] - Finding Test Object 'Object Repository/Sayfalar/Ayarlar/Adres_Defteri/alanlarTextbox'

2021-11-23 17:12:01 - [MESSAGE][INFO] - Checking object

2021-11-23 17:12:01 - [MESSAGE][INFO] - Checking attribute

2021-11-23 17:12:01 - [MESSAGE][INFO] - Finding web element from Test Object's properties

2021-11-23 17:12:01 - [MESSAGE][INFO] - Checking timeout

2021-11-23 17:12:01 - [MESSAGE][INFO] - Finding web element with id: 'Object Repository/Sayfalar/Ayarlar/Adres_Defteri/alanlarTextbox' located by 'By.cssSelector: .col-sm-10.paddingMarginRLC #PartyName' in '30' second(s)

2021-11-23 17:12:01 - [MESSAGE][INFO] - Smart Wait Function is triggered

2021-11-23 17:12:01 - [MESSAGE][INFO] - Found 1 web elements with id: 'Object Repository/Sayfalar/Ayarlar/Adres_Defteri/alanlarTextbox' located by 'By.cssSelector: .col-sm-10.paddingMarginRLC #PartyName' in '30' second(s)

2021-11-23 17:12:01 - [MESSAGE][INFO] - Getting attribute 'value' of object 'Object Repository/Sayfalar/Ayarlar/Adres_Defteri/alanlarTextbox'

2021-11-23 17:12:01 - [MESSAGE][PASSED] - Attribute 'value' of object 'Object Repository/Sayfalar/Ayarlar/Adres_Defteri/alanlarTextbox' is: ''

2021-11-23 17:12:01 - [TEST_STEP][PASSED] - Console.println(variableHoldingValue): null

2021-11-23 17:12:01 - [TEST_STEP][PASSED] - verifyEqual(variableHoldingValue, Degeri): Actual object '' and expected object '' are equal

2021-11-23 17:12:01 - [MESSAGE][INFO] - Comparing actual object '' with expected object ''

2021-11-23 17:12:01 - [MESSAGE][PASSED] - Actual object '' and expected object '' are equal

2021-11-23 17:12:01 - [MESSAGE][PASSED] - Call Test Case 'Test Cases/Sayfalar/Ayarlar/Adres_Defteri/UnvanYaziliMi' successfully

2021-11-23 17:12:01 - [MESSAGE][INFO] - Checking called Test Case

2021-11-23 17:12:01 - [MESSAGE][INFO] - Starting to call Test Case 'Test Cases/Sayfalar/Ayarlar/Adres_Defteri/AdresDefteriTexboxaYaz'

2021-11-23 17:12:01 - [TEST_CASE][PASSED] - Test Cases/Sayfalar/Ayarlar/Adres_Defteri/AdresDefteriTexboxaYaz: Test Cases/Sayfalar/Ayarlar/Adres_Defteri/AdresDefteriTexboxaYaz

2021-11-23 17:12:01 - [TEST_STEP][PASSED] - Method.TextDegerineEsitElementinAltindakiTextboxtaYazgecici(findTestObject("Sayfalar/Ayarlar/Adres_Defteri/alanlar"), findTestObject("Sayfalar/Ayarlar/Adres_Defteri/textbox"), Alan, Deger): Method.TextDegerineEsitElementinAltindakiTextboxtaYazgecici is PASSED

2021-11-23 17:12:01 - [MESSAGE][INFO] - Finding Test Object 'Object Repository/Sayfalar/Ayarlar/Adres_Defteri/alanlar'

2021-11-23 17:12:01 - [MESSAGE][INFO] - Finding Test Object 'Object Repository/Sayfalar/Ayarlar/Adres_Defteri/textbox'

2021-11-23 17:12:01 - [MESSAGE][INFO] - Checking timeout

2021-11-23 17:12:01 - [MESSAGE][INFO] - Finding web element with id: 'Object Repository/Sayfalar/Ayarlar/Adres_Defteri/alanlar' located by 'By.cssSelector: .control-label.paddingMarginRLC' in '10' second(s)

2021-11-23 17:12:01 - [MESSAGE][INFO] - Smart Wait Function is triggered

2021-11-23 17:12:01 - [MESSAGE][INFO] - Found 16 web elements with id: 'Object Repository/Sayfalar/Ayarlar/Adres_Defteri/alanlar' located by 'By.cssSelector: .control-label.paddingMarginRLC' in '10' second(s)

2021-11-23 17:12:01 - [MESSAGE][INFO] - Smart Wait Function is triggered

2021-11-23 17:12:01 - [MESSAGE][INFO] - Delaying browser in 2 second(s)

2021-11-23 17:12:03 - [MESSAGE][PASSED] - Delayed 2 second(s)

2021-11-23 17:12:03 - [MESSAGE][INFO] - Delaying browser in 2 second(s)

2021-11-23 17:12:05 - [MESSAGE][PASSED] - Delayed 2 second(s)

2021-11-23 17:12:05 - [MESSAGE][PASSED] - Method.TextDegerineEsitElementinAltindakiTextboxtaYazgecici is PASSED

2021-11-23 17:12:05 - [MESSAGE][PASSED] - Call Test Case 'Test Cases/Sayfalar/Ayarlar/Adres_Defteri/AdresDefteriTexboxaYaz' successfully

2021-11-23 17:12:05 - [MESSAGE][INFO] - Checking called Test Case

2021-11-23 17:12:05 - [MESSAGE][INFO] - Starting to call Test Case 'Test Cases/Sayfalar/Ayarlar/Adres_Defteri/AdresDefteriTexboxaYaz'

2021-11-23 17:12:06 - [TEST_CASE][PASSED] - Test Cases/Sayfalar/Ayarlar/Adres_Defteri/AdresDefteriTexboxaYaz: Test Cases/Sayfalar/Ayarlar/Adres_Defteri/AdresDefteriTexboxaYaz

2021-11-23 17:12:06 - [TEST_STEP][PASSED] - Method.TextDegerineEsitElementinAltindakiTextboxtaYazgecici(findTestObject("Sayfalar/Ayarlar/Adres_Defteri/alanlar"), findTestObject("Sayfalar/Ayarlar/Adres_Defteri/textbox"), Alan, Deger): Method.TextDegerineEsitElementinAltindakiTextboxtaYazgecici is PASSED

2021-11-23 17:12:06 - [MESSAGE][INFO] - Finding Test Object 'Object Repository/Sayfalar/Ayarlar/Adres_Defteri/alanlar'

2021-11-23 17:12:06 - [MESSAGE][INFO] - Finding Test Object 'Object Repository/Sayfalar/Ayarlar/Adres_Defteri/textbox'

2021-11-23 17:12:06 - [MESSAGE][INFO] - Checking timeout

2021-11-23 17:12:06 - [MESSAGE][INFO] - Finding web element with id: 'Object Repository/Sayfalar/Ayarlar/Adres_Defteri/alanlar' located by 'By.cssSelector: .control-label.paddingMarginRLC' in '10' second(s)

2021-11-23 17:12:06 - [MESSAGE][INFO] - Smart Wait Function is triggered

2021-11-23 17:12:06 - [MESSAGE][INFO] - Found 16 web elements with id: 'Object Repository/Sayfalar/Ayarlar/Adres_Defteri/alanlar' located by 'By.cssSelector: .control-label.paddingMarginRLC' in '10' second(s)

2021-11-23 17:12:06 - [MESSAGE][INFO] - Smart Wait Function is triggered

2021-11-23 17:12:06 - [MESSAGE][INFO] - Delaying browser in 2 second(s)

2021-11-23 17:12:08 - [MESSAGE][PASSED] - Delayed 2 second(s)

2021-11-23 17:12:08 - [MESSAGE][INFO] - Delaying browser in 2 second(s)

2021-11-23 17:12:10 - [MESSAGE][PASSED] - Delayed 2 second(s)

2021-11-23 17:12:10 - [MESSAGE][PASSED] - Method.TextDegerineEsitElementinAltindakiTextboxtaYazgecici is PASSED

2021-11-23 17:12:10 - [MESSAGE][PASSED] - Call Test Case 'Test Cases/Sayfalar/Ayarlar/Adres_Defteri/AdresDefteriTexboxaYaz' successfully

2021-11-23 17:12:10 - [MESSAGE][INFO] - Checking called Test Case

2021-11-23 17:12:10 - [MESSAGE][INFO] - Starting to call Test Case 'Test Cases/Sayfalar/Ayarlar/Adres_Defteri/AdresDefteriButonlarinaTikla'

2021-11-23 17:12:10 - [TEST_CASE][PASSED] - Test Cases/Sayfalar/Ayarlar/Adres_Defteri/AdresDefteriButonlarinaTikla: Test Cases/Sayfalar/Ayarlar/Adres_Defteri/AdresDefteriButonlarinaTikla

2021-11-23 17:12:10 - [TEST_STEP][PASSED] - Method.ElementlerdenAttributesiDegerineEsitOlanaTikla(findTestObject("Sayfalar/Ayarlar/Adres_Defteri/butonlar"), Buton, "value"): Method.ElementlerdenAttributesiDegerineEsitOlanaTikla is PASSED

2021-11-23 17:12:10 - [MESSAGE][INFO] - Finding Test Object 'Object Repository/Sayfalar/Ayarlar/Adres_Defteri/butonlar'

2021-11-23 17:12:10 - [MESSAGE][INFO] - Checking timeout

2021-11-23 17:12:10 - [MESSAGE][INFO] - Finding web element with id: 'Object Repository/Sayfalar/Ayarlar/Adres_Defteri/butonlar' located by 'By.cssSelector: .col-sm-7.paddingMarginRLC.text-right>input' in '10' second(s)

2021-11-23 17:12:10 - [MESSAGE][INFO] - Smart Wait Function is triggered

2021-11-23 17:12:10 - [MESSAGE][INFO] - Found 2 web elements with id: 'Object Repository/Sayfalar/Ayarlar/Adres_Defteri/butonlar' located by 'By.cssSelector: .col-sm-7.paddingMarginRLC.text-right>input' in '10' second(s)

2021-11-23 17:12:11 - [MESSAGE][PASSED] - Method.ElementlerdenAttributesiDegerineEsitOlanaTikla is PASSED

2021-11-23 17:12:11 - [TEST_STEP][PASSED] - switchToDefaultContent(): Switching to default content

2021-11-23 17:12:11 - [MESSAGE][INFO] - Switching to default content

2021-11-23 17:12:11 - [MESSAGE][PASSED] - Call Test Case 'Test Cases/Sayfalar/Ayarlar/Adres_Defteri/AdresDefteriButonlarinaTikla' successfully

2021-11-23 17:12:11 - [MESSAGE][INFO] - Checking called Test Case

2021-11-23 17:12:11 - [MESSAGE][INFO] - Starting to call Test Case 'Test Cases/Kullanici_Islemleri/KullaniciIslemlerindenSecimYapilir'

2021-11-23 17:12:11 - [TEST_CASE][PASSED] - Test Cases/Kullanici_Islemleri/KullaniciIslemlerindenSecimYapilir: Test Cases/Kullanici_Islemleri/KullaniciIslemlerindenSecimYapilir

2021-11-23 17:12:11 - [TEST_STEP][PASSED] - waitForElementClickable(findTestObject("Object Repository/Kullanici_Islemleri/KullaniciIslemleri"), 10): Object 'Object Repository/Kullanici_Islemleri/KullaniciIslemleri' is clickable

2021-11-23 17:12:11 - [MESSAGE][INFO] - Finding Test Object 'Object Repository/Kullanici_Islemleri/KullaniciIslemleri'

2021-11-23 17:12:11 - [MESSAGE][INFO] - Checking object

2021-11-23 17:12:11 - [MESSAGE][INFO] - Checking timeout

2021-11-23 17:12:11 - [MESSAGE][INFO] - Finding web element from Test Object's properties

2021-11-23 17:12:11 - [MESSAGE][INFO] - Checking timeout

2021-11-23 17:12:11 - [MESSAGE][INFO] - Finding web element with id: 'Object Repository/Kullanici_Islemleri/KullaniciIslemleri' located by 'By.cssSelector: .dropdown>a>img' in '10' second(s)

2021-11-23 17:12:11 - [MESSAGE][INFO] - Smart Wait Function is triggered

2021-11-23 17:12:11 - [MESSAGE][INFO] - Found 1 web elements with id: 'Object Repository/Kullanici_Islemleri/KullaniciIslemleri' located by 'By.cssSelector: .dropdown>a>img' in '10' second(s)

2021-11-23 17:12:11 - [MESSAGE][PASSED] - Object 'Object Repository/Kullanici_Islemleri/KullaniciIslemleri' is clickable

2021-11-23 17:12:11 - [TEST_STEP][PASSED] - click(findTestObject("Object Repository/Kullanici_Islemleri/KullaniciIslemleri")): Object: 'Object Repository/Kullanici_Islemleri/KullaniciIslemleri' is clicked on

2021-11-23 17:12:11 - [MESSAGE][INFO] - Finding Test Object 'Object Repository/Kullanici_Islemleri/KullaniciIslemleri'

2021-11-23 17:12:11 - [MESSAGE][INFO] - Checking object

2021-11-23 17:12:11 - [MESSAGE][INFO] - Finding web element from Test Object's properties

2021-11-23 17:12:11 - [MESSAGE][INFO] - Checking timeout

2021-11-23 17:12:11 - [MESSAGE][INFO] - Finding web element with id: 'Object Repository/Kullanici_Islemleri/KullaniciIslemleri' located by 'By.cssSelector: .dropdown>a>img' in '30' second(s)

2021-11-23 17:12:11 - [MESSAGE][INFO] - Smart Wait Function is triggered

2021-11-23 17:12:11 - [MESSAGE][INFO] - Found 1 web elements with id: 'Object Repository/Kullanici_Islemleri/KullaniciIslemleri' located by 'By.cssSelector: .dropdown>a>img' in '30' second(s)

2021-11-23 17:12:11 - [MESSAGE][INFO] - Clicking on object: 'Object Repository/Kullanici_Islemleri/KullaniciIslemleri'

2021-11-23 17:12:11 - [MESSAGE][PASSED] - Object: 'Object Repository/Kullanici_Islemleri/KullaniciIslemleri' is clicked on

2021-11-23 17:12:11 - [TEST_STEP][PASSED] - Method.TextDegerineEsitElementeTikla(findTestObject("Object Repository/Kullanici_Islemleri/Secenekler"), Islem): Method.TextDegerineEsitElementeTikla is PASSED

2021-11-23 17:12:11 - [MESSAGE][INFO] - Finding Test Object 'Object Repository/Kullanici_Islemleri/Secenekler'

2021-11-23 17:12:12 - [MESSAGE][INFO] - Checking timeout

2021-11-23 17:12:12 - [MESSAGE][INFO] - Finding web element with id: 'Object Repository/Kullanici_Islemleri/Secenekler' located by 'By.cssSelector: .nav.navbar-nav.navbar-right li a' in '10' second(s)

2021-11-23 17:12:12 - [MESSAGE][INFO] - Smart Wait Function is triggered

2021-11-23 17:12:12 - [MESSAGE][INFO] - Found 22 web elements with id: 'Object Repository/Kullanici_Islemleri/Secenekler' located by 'By.cssSelector: .nav.navbar-nav.navbar-right li a' in '10' second(s)

2021-11-23 17:12:13 - [MESSAGE][PASSED] - Method.TextDegerineEsitElementeTikla is PASSED

2021-11-23 17:12:13 - [TEST_STEP][PASSED] - verifyElementNotPresent(findTestObject("Object Repository/Kullanici_Islemleri/Secenekler"), 10): Web element with id: 'Object Repository/Kullanici_Islemleri/Secenekler' located by 'By.cssSelector: .nav.navbar-nav.navbar-right li a' is not present after '10' second(s)

2021-11-23 17:12:13 - [MESSAGE][INFO] - Finding Test Object 'Object Repository/Kullanici_Islemleri/Secenekler'

2021-11-23 17:12:13 - [MESSAGE][INFO] - Checking object

2021-11-23 17:12:13 - [MESSAGE][INFO] - Checking timeout

2021-11-23 17:12:13 - [MESSAGE][INFO] - Finding web element with id: 'Object Repository/Kullanici_Islemleri/Secenekler' located by 'By.cssSelector: .nav.navbar-nav.navbar-right li a' in '10' second(s)

2021-11-23 17:12:13 - [MESSAGE][INFO] - Smart Wait Function is triggered

2021-11-23 17:12:14 - [MESSAGE][PASSED] - Web element with id: 'Object Repository/Kullanici_Islemleri/Secenekler' located by 'By.cssSelector: .nav.navbar-nav.navbar-right li a' is not present after '10' second(s)

2021-11-23 17:12:14 - [MESSAGE][PASSED] - Call Test Case 'Test Cases/Kullanici_Islemleri/KullaniciIslemlerindenSecimYapilir' successfully

2021-11-23 17:12:14 - [TEST_CASE][PASSED] - Start Test Case : SCENARIO Adres Defteri Degistir Butonu Kontrolu: SCENARIO Adres Defteri Degistir Butonu Kontrolu

2021-11-23 17:12:14 - [TEST_STEP][PASSED] - Kullanıcı adı ELOGO6 ve Şifre 123456 olarak giriş yapılır: Kullanıcı adı ELOGO6 ve Şifre 123456 olarak giriş yapılır

2021-11-23 17:12:14 - [MESSAGE][PASSED] - Kullanıcı adı ELOGO6 ve Şifre 123456 olarak giriş yapılır

2021-11-23 17:12:14 - [TEST_STEP][PASSED] - Ana menüden Ayarlar seçilir: Ana menüden Ayarlar seçilir

2021-11-23 17:12:14 - [MESSAGE][PASSED] - Ana menüden Ayarlar seçilir

2021-11-23 17:12:14 - [TEST_STEP][PASSED] - Alt menü Araçlar başlığı altındaki Adres Defteri seçilir: Alt menü Araçlar başlığı altındaki Adres Defteri seçilir

2021-11-23 17:12:14 - [MESSAGE][PASSED] - Alt menü Araçlar başlığı altındaki Adres Defteri seçilir

2021-11-23 17:12:14 - [TEST_STEP][PASSED] - Filtrelerden Kısaltma filtresine VirgosolArsivDeneme textini yaz: Filtrelerden Kısaltma filtresine VirgosolArsivDeneme textini yaz

2021-11-23 17:12:14 - [MESSAGE][PASSED] - Filtrelerden Kısaltma filtresine VirgosolArsivDeneme textini yaz

2021-11-23 17:12:14 - [TEST_STEP][PASSED] - Filtre butonlarından Listele seçilir: Filtre butonlarından Listele seçilir

2021-11-23 17:12:14 - [MESSAGE][PASSED] - Filtre butonlarından Listele seçilir

2021-11-23 17:12:14 - [TEST_STEP][PASSED] - Tablodan VirgosolArsivDeneme isimli veri seçilir: Tablodan VirgosolArsivDeneme isimli veri seçilir

2021-11-23 17:12:14 - [MESSAGE][PASSED] - Tablodan VirgosolArsivDeneme isimli veri seçilir

2021-11-23 17:12:14 - [TEST_STEP][PASSED] - Butonlardan Değiştir isimli butona tıklanır: Butonlardan Değiştir isimli butona tıklanır

2021-11-23 17:12:14 - [MESSAGE][PASSED] - Butonlardan Değiştir isimli butona tıklanır

2021-11-23 17:12:14 - [TEST_STEP][PASSED] - Adres defterindeki Adres Değiştir başlıklı popup geldi mi: Adres defterindeki Adres Değiştir başlıklı popup geldi mi

2021-11-23 17:12:14 - [MESSAGE][PASSED] - Adres defterindeki Adres Değiştir başlıklı popup geldi mi

2021-11-23 17:12:14 - [TEST_STEP][PASSED] - Adres defteri VKN/TCKN No textboxına 5422405266 yazılır: Adres defteri VKN/TCKN No textboxına 5422405266 yazılır

2021-11-23 17:12:14 - [MESSAGE][PASSED] - Adres defteri VKN/TCKN No textboxına 5422405266 yazılır

2021-11-23 17:12:14 - [TEST_STEP][PASSED] - Unvan alanına VirgosolOtomasyon402115 yazılı mı: Unvan alanına VirgosolOtomasyon402115 yazılı mı

2021-11-23 17:12:14 - [MESSAGE][PASSED] - Unvan alanına VirgosolOtomasyon402115 yazılı mı

2021-11-23 17:12:14 - [TEST_STEP][PASSED] - Adres defteri İl textboxına İstanbul yazılır: Adres defteri İl textboxına İstanbul yazılır

2021-11-23 17:12:14 - [MESSAGE][PASSED] - Adres defteri İl textboxına İstanbul yazılır

2021-11-23 17:12:14 - [TEST_STEP][PASSED] - Adres defteri İlçe textboxına Kartal yazılır: Adres defteri İlçe textboxına Kartal yazılır

2021-11-23 17:12:14 - [MESSAGE][PASSED] - Adres defteri İlçe textboxına Kartal yazılır

2021-11-23 17:12:14 - [TEST_STEP][PASSED] - Adres defteri VKN/TCKN No textboxına 1234567906 yazılır: Adres defteri VKN/TCKN No textboxına 1234567906 yazılır

2021-11-23 17:12:14 - [MESSAGE][PASSED] - Adres defteri VKN/TCKN No textboxına 1234567906 yazılır

2021-11-23 17:12:14 - [TEST_STEP][PASSED] - Unvan alanına  yazılı mı: Unvan alanına  yazılı mı

2021-11-23 17:12:14 - [MESSAGE][PASSED] - Unvan alanına  yazılı mı

2021-11-23 17:12:14 - [TEST_STEP][PASSED] - Adres defteri İl textboxına İstanbul yazılır: Adres defteri İl textboxına İstanbul yazılır

2021-11-23 17:12:14 - [MESSAGE][PASSED] - Adres defteri İl textboxına İstanbul yazılır

2021-11-23 17:12:14 - [TEST_STEP][PASSED] - Adres defteri İlçe textboxına Kartal yazılır: Adres defteri İlçe textboxına Kartal yazılır

2021-11-23 17:12:14 - [MESSAGE][PASSED] - Adres defteri İlçe textboxına Kartal yazılır

2021-11-23 17:12:14 - [TEST_STEP][PASSED] - Adres defteri butonlarından Vazgeç butonuna tıklanır: Adres defteri butonlarından Vazgeç butonuna tıklanır

2021-11-23 17:12:14 - [MESSAGE][PASSED] - Adres defteri butonlarından Vazgeç butonuna tıklanır

2021-11-23 17:12:14 - [TEST_STEP][PASSED] - Kullanıcı işlemlerinden Çıkış seçilir: Kullanıcı işlemlerinden Çıkış seçilir

2021-11-23 17:12:14 - [MESSAGE][PASSED] - Kullanıcı işlemlerinden Çıkış seçilir

2021-11-23 17:12:14 - [MESSAGE][PASSED] - Feature file: 'Include/features/Ayarlar/Araclar/Adres Defteri/Degistir.feature' was passed

2021-11-23 17:12:14 - [TEST_STEP][PASSED] - Start listener action : sampleAfterTestSuite: Invoke 'com.kms.katalon.core.annotation.AfterTestCase' method: 'Listener.sampleAfterTestSuite(...)' completed.

2021-11-23 17:12:14 - [MESSAGE][INFO] - Starting invoke 'com.kms.katalon.core.annotation.AfterTestCase' method: 'Listener.sampleAfterTestSuite(...)'

2021-11-23 17:12:14 - [TEST_STEP][PASSED] - closeBrowser(): Invoke 'com.kms.katalon.core.annotation.AfterTestCase' method: 'Listener.sampleAfterTestSuite(...)' completed.

2021-11-23 17:12:14 - [MESSAGE][INFO] - Closing browser

2021-11-23 17:12:15 - [MESSAGE][PASSED] - Browser is closed

2021-11-23 17:12:15 - [MESSAGE][INFO] - Invoke 'com.kms.katalon.core.annotation.AfterTestCase' method: 'Listener.sampleAfterTestSuite(...)' completed.]]></system-out>
         <system-err><![CDATA[]]></system-err>
      </testcase>
      <testcase name="Test Cases/Case Repository/Ayarlar/Araclar/Firma Bilgileri/Firma Bilgileri" time="29.389" classname="Test Cases/Case Repository/Ayarlar/Araclar/Firma Bilgileri/Firma Bilgileri" status="PASSED">
         <system-out><![CDATA[2021-11-23 17:12:15 - [TEST_CASE][PASSED] - Test Cases/Case Repository/Ayarlar/Araclar/Firma Bilgileri/Firma Bilgileri: Test Cases/Case Repository/Ayarlar/Araclar/Firma Bilgileri/Firma Bilgileri

2021-11-23 17:12:15 - [TEST_STEP][PASSED] - Start listener action : sampleBeforeTestSuite: Invoke 'com.kms.katalon.core.annotation.BeforeTestCase' method: 'Listener.sampleBeforeTestSuite(...)' completed.

2021-11-23 17:12:15 - [MESSAGE][INFO] - Starting invoke 'com.kms.katalon.core.annotation.BeforeTestCase' method: 'Listener.sampleBeforeTestSuite(...)'

2021-11-23 17:12:15 - [TEST_STEP][PASSED] - openBrowser(baseUrl): Browser is opened with url: 'https://efatura-stage.elogo.com.tr/'

2021-11-23 17:12:15 - [MESSAGE][INFO] - Opening browser

2021-11-23 17:12:15 - [MESSAGE][INFO] - Starting 'Chrome' driver

2021-11-23 17:12:15 - [MESSAGE][INFO] - User set preference: ['prefs', '{download.default_directory=C:\otomasyondownfiles}']

2021-11-23 17:12:15 - [MESSAGE][INFO] - Action delay is set to 0 milliseconds

2021-11-23 17:12:16 - [MESSAGE][INFO] - Navigating browser to: 'https://efatura-stage.elogo.com.tr/'

2021-11-23 17:12:18 - [MESSAGE][PASSED] - Browser is opened with url: 'https://efatura-stage.elogo.com.tr/'

2021-11-23 17:12:18 - [TEST_STEP][PASSED] - maximizeWindow(): Invoke 'com.kms.katalon.core.annotation.BeforeTestCase' method: 'Listener.sampleBeforeTestSuite(...)' completed.

2021-11-23 17:12:18 - [MESSAGE][INFO] - Maximizing current window

2021-11-23 17:12:19 - [MESSAGE][PASSED] - Current window maximized

2021-11-23 17:12:19 - [MESSAGE][INFO] - Invoke 'com.kms.katalon.core.annotation.BeforeTestCase' method: 'Listener.sampleBeforeTestSuite(...)' completed.

2021-11-23 17:12:19 - [TEST_STEP][PASSED] - runFeatureFile("Include/features/Ayarlar/Araclar/Firma Bilgileri/Firma Bilgileri.feature"): Feature file: 'Include/features/Ayarlar/Araclar/Firma Bilgileri/Firma Bilgileri.feature' was passed

2021-11-23 17:12:19 - [MESSAGE][INFO] - Starting run keyword runFeatureFile: 'Include/features/Ayarlar/Araclar/Firma Bilgileri/Firma Bilgileri.feature' and extract report to folder: 'C:\Users\DELL\Documents\GitHub\EES_KatalonLogo\Reports\20211123_163326\Suite Repository\Ayarlar\20211123_163427/cucumber_report/1637676739552'...

2021-11-23 17:12:19 - [MESSAGE][INFO] - Glue: []

2021-11-23 17:12:21 - [MESSAGE][INFO] - Checking called Test Case

2021-11-23 17:12:21 - [MESSAGE][INFO] - Starting to call Test Case 'Test Cases/Sayfalar/Giris_Sayfasi/Login'

2021-11-23 17:12:21 - [TEST_CASE][PASSED] - Test Cases/Sayfalar/Giris_Sayfasi/Login: Test Cases/Sayfalar/Giris_Sayfasi/Login

2021-11-23 17:12:21 - [TEST_STEP][PASSED] - Sayfa_Basligi = getWindowTitle(): Current window's title is: 'LOGO e-Fatura'

2021-11-23 17:12:21 - [MESSAGE][INFO] - Getting current window's title

2021-11-23 17:12:21 - [MESSAGE][PASSED] - Current window's title is: 'LOGO e-Fatura'

2021-11-23 17:12:21 - [TEST_STEP][PASSED] - verifyMatch(Sayfa_Basligi, "LOGO e-Fatura", false): Actual text 'LOGO e-Fatura' and expected text 'LOGO e-Fatura' are matched 

2021-11-23 17:12:21 - [MESSAGE][INFO] - Matching actual text 'LOGO e-Fatura' with expected text 'LOGO e-Fatura'

2021-11-23 17:12:21 - [MESSAGE][PASSED] - Actual text 'LOGO e-Fatura' and expected text 'LOGO e-Fatura' are matched 

2021-11-23 17:12:21 - [TEST_STEP][PASSED] - sendKeys(findTestObject("Sayfalar/Giris_Sayfasi/Firma_Kodu"), KullaniciAdi): Keys 'ELOGO6' sent to object: 'Object Repository/Sayfalar/Giris_Sayfasi/Firma_Kodu'

2021-11-23 17:12:21 - [MESSAGE][INFO] - Finding Test Object 'Object Repository/Sayfalar/Giris_Sayfasi/Firma_Kodu'

2021-11-23 17:12:22 - [MESSAGE][INFO] - Sending keys 'ELOGO6' to object: 'Object Repository/Sayfalar/Giris_Sayfasi/Firma_Kodu'

2021-11-23 17:12:22 - [MESSAGE][INFO] - Finding web element from Test Object's properties

2021-11-23 17:12:22 - [MESSAGE][INFO] - Checking timeout

2021-11-23 17:12:22 - [MESSAGE][INFO] - Finding web element with id: 'Object Repository/Sayfalar/Giris_Sayfasi/Firma_Kodu' located by 'By.xpath: //*[@id = 'AccountName']' in '30' second(s)

2021-11-23 17:12:22 - [MESSAGE][INFO] - Smart Wait Function is triggered

2021-11-23 17:12:22 - [MESSAGE][INFO] - Found 1 web elements with id: 'Object Repository/Sayfalar/Giris_Sayfasi/Firma_Kodu' located by 'By.xpath: //*[@id = 'AccountName']' in '30' second(s)

2021-11-23 17:12:22 - [MESSAGE][PASSED] - Keys 'ELOGO6' sent to object: 'Object Repository/Sayfalar/Giris_Sayfasi/Firma_Kodu'

2021-11-23 17:12:22 - [TEST_STEP][PASSED] - sendKeys(findTestObject("Sayfalar/Giris_Sayfasi/Sifre"), Sifre): Keys '123456' sent to object: 'Object Repository/Sayfalar/Giris_Sayfasi/Sifre'

2021-11-23 17:12:22 - [MESSAGE][INFO] - Finding Test Object 'Object Repository/Sayfalar/Giris_Sayfasi/Sifre'

2021-11-23 17:12:22 - [MESSAGE][INFO] - Sending keys '123456' to object: 'Object Repository/Sayfalar/Giris_Sayfasi/Sifre'

2021-11-23 17:12:22 - [MESSAGE][INFO] - Finding web element from Test Object's properties

2021-11-23 17:12:22 - [MESSAGE][INFO] - Checking timeout

2021-11-23 17:12:22 - [MESSAGE][INFO] - Finding web element with id: 'Object Repository/Sayfalar/Giris_Sayfasi/Sifre' located by 'By.xpath: //*[@id = 'Password']' in '30' second(s)

2021-11-23 17:12:22 - [MESSAGE][INFO] - Smart Wait Function is triggered

2021-11-23 17:12:22 - [MESSAGE][INFO] - Found 1 web elements with id: 'Object Repository/Sayfalar/Giris_Sayfasi/Sifre' located by 'By.xpath: //*[@id = 'Password']' in '30' second(s)

2021-11-23 17:12:22 - [MESSAGE][PASSED] - Keys '123456' sent to object: 'Object Repository/Sayfalar/Giris_Sayfasi/Sifre'

2021-11-23 17:12:22 - [TEST_STEP][PASSED] - findWebElement(findTestObject("Sayfalar/Giris_Sayfasi/Giris_Butonu")).click(): Found 1 web elements with id: 'Object Repository/Sayfalar/Giris_Sayfasi/Giris_Butonu' located by 'By.cssSelector: #btnLogin' in '30' second(s)

2021-11-23 17:12:22 - [MESSAGE][INFO] - Finding Test Object 'Object Repository/Sayfalar/Giris_Sayfasi/Giris_Butonu'

2021-11-23 17:12:22 - [MESSAGE][INFO] - Finding web element from Test Object's properties

2021-11-23 17:12:22 - [MESSAGE][INFO] - Checking timeout

2021-11-23 17:12:22 - [MESSAGE][INFO] - Finding web element with id: 'Object Repository/Sayfalar/Giris_Sayfasi/Giris_Butonu' located by 'By.cssSelector: #btnLogin' in '30' second(s)

2021-11-23 17:12:22 - [MESSAGE][INFO] - Smart Wait Function is triggered

2021-11-23 17:12:23 - [MESSAGE][INFO] - Found 1 web elements with id: 'Object Repository/Sayfalar/Giris_Sayfasi/Giris_Butonu' located by 'By.cssSelector: #btnLogin' in '30' second(s)

2021-11-23 17:12:27 - [TEST_STEP][PASSED] - if (verifyElementPresent(findTestObject("Object Repository/Sayfalar/Giris_Sayfasi/RetveTamam_Butonu"), 5, OPTIONAL)): null

2021-11-23 17:12:27 - [MESSAGE][INFO] - Finding Test Object 'Object Repository/Sayfalar/Giris_Sayfasi/RetveTamam_Butonu'

2021-11-23 17:12:27 - [MESSAGE][INFO] - Checking object

2021-11-23 17:12:27 - [MESSAGE][INFO] - Finding web element from Test Object's properties

2021-11-23 17:12:27 - [MESSAGE][INFO] - Checking timeout

2021-11-23 17:12:27 - [MESSAGE][INFO] - Finding web element with id: 'Object Repository/Sayfalar/Giris_Sayfasi/RetveTamam_Butonu' located by 'By.xpath: //*[@class = 'btn btn-default']' in '5' second(s)

2021-11-23 17:12:27 - [MESSAGE][INFO] - Smart Wait Function is triggered

2021-11-23 17:12:27 - [MESSAGE][INFO] - Found 1 web elements with id: 'Object Repository/Sayfalar/Giris_Sayfasi/RetveTamam_Butonu' located by 'By.xpath: //*[@class = 'btn btn-default']' in '5' second(s)

2021-11-23 17:12:27 - [MESSAGE][PASSED] - Object 'Object Repository/Sayfalar/Giris_Sayfasi/RetveTamam_Butonu' is present

2021-11-23 17:12:27 - [TEST_STEP][PASSED] - click(findTestObject("Object Repository/Sayfalar/Giris_Sayfasi/RetveTamam_Butonu")): Object: 'Object Repository/Sayfalar/Giris_Sayfasi/RetveTamam_Butonu' is clicked on

2021-11-23 17:12:27 - [MESSAGE][INFO] - Finding Test Object 'Object Repository/Sayfalar/Giris_Sayfasi/RetveTamam_Butonu'

2021-11-23 17:12:28 - [MESSAGE][INFO] - Checking object

2021-11-23 17:12:28 - [MESSAGE][INFO] - Finding web element from Test Object's properties

2021-11-23 17:12:28 - [MESSAGE][INFO] - Checking timeout

2021-11-23 17:12:28 - [MESSAGE][INFO] - Finding web element with id: 'Object Repository/Sayfalar/Giris_Sayfasi/RetveTamam_Butonu' located by 'By.xpath: //*[@class = 'btn btn-default']' in '30' second(s)

2021-11-23 17:12:28 - [MESSAGE][INFO] - Smart Wait Function is triggered

2021-11-23 17:12:28 - [MESSAGE][INFO] - Found 1 web elements with id: 'Object Repository/Sayfalar/Giris_Sayfasi/RetveTamam_Butonu' located by 'By.xpath: //*[@class = 'btn btn-default']' in '30' second(s)

2021-11-23 17:12:28 - [MESSAGE][INFO] - Clicking on object: 'Object Repository/Sayfalar/Giris_Sayfasi/RetveTamam_Butonu'

2021-11-23 17:12:28 - [MESSAGE][PASSED] - Object: 'Object Repository/Sayfalar/Giris_Sayfasi/RetveTamam_Butonu' is clicked on

2021-11-23 17:12:28 - [TEST_STEP][PASSED] - click(findTestObject("Object Repository/Sayfalar/Giris_Sayfasi/RetveTamam_Butonu")): Object: 'Object Repository/Sayfalar/Giris_Sayfasi/RetveTamam_Butonu' is clicked on

2021-11-23 17:12:28 - [MESSAGE][INFO] - Finding Test Object 'Object Repository/Sayfalar/Giris_Sayfasi/RetveTamam_Butonu'

2021-11-23 17:12:28 - [MESSAGE][INFO] - Checking object

2021-11-23 17:12:28 - [MESSAGE][INFO] - Finding web element from Test Object's properties

2021-11-23 17:12:28 - [MESSAGE][INFO] - Checking timeout

2021-11-23 17:12:28 - [MESSAGE][INFO] - Finding web element with id: 'Object Repository/Sayfalar/Giris_Sayfasi/RetveTamam_Butonu' located by 'By.xpath: //*[@class = 'btn btn-default']' in '30' second(s)

2021-11-23 17:12:28 - [MESSAGE][INFO] - Smart Wait Function is triggered

2021-11-23 17:12:31 - [MESSAGE][INFO] - Found 1 web elements with id: 'Object Repository/Sayfalar/Giris_Sayfasi/RetveTamam_Butonu' located by 'By.xpath: //*[@class = 'btn btn-default']' in '30' second(s)

2021-11-23 17:12:31 - [MESSAGE][INFO] - Clicking on object: 'Object Repository/Sayfalar/Giris_Sayfasi/RetveTamam_Butonu'

2021-11-23 17:12:31 - [MESSAGE][PASSED] - Object: 'Object Repository/Sayfalar/Giris_Sayfasi/RetveTamam_Butonu' is clicked on

2021-11-23 17:12:31 - [TEST_STEP][PASSED] - if (verifyElementPresent(findTestObject("Sayfalar/Giris_Sayfasi/PopupOK"), 5, OPTIONAL)): null

2021-11-23 17:12:31 - [MESSAGE][INFO] - Finding Test Object 'Object Repository/Sayfalar/Giris_Sayfasi/PopupOK'

2021-11-23 17:12:31 - [MESSAGE][INFO] - Checking object

2021-11-23 17:12:31 - [MESSAGE][INFO] - Finding web element from Test Object's properties

2021-11-23 17:12:31 - [MESSAGE][INFO] - Checking timeout

2021-11-23 17:12:31 - [MESSAGE][INFO] - Finding web element with id: 'Object Repository/Sayfalar/Giris_Sayfasi/PopupOK' located by 'By.cssSelector: .btn.btn-success' in '5' second(s)

2021-11-23 17:12:31 - [MESSAGE][INFO] - Smart Wait Function is triggered

2021-11-23 17:12:32 - [MESSAGE][INFO] - Found 1 web elements with id: 'Object Repository/Sayfalar/Giris_Sayfasi/PopupOK' located by 'By.cssSelector: .btn.btn-success' in '5' second(s)

2021-11-23 17:12:32 - [MESSAGE][PASSED] - Object 'Object Repository/Sayfalar/Giris_Sayfasi/PopupOK' is present

2021-11-23 17:12:32 - [TEST_STEP][PASSED] - click(findTestObject("Object Repository/Sayfalar/Giris_Sayfasi/PopupCarpiGiris")): Object: 'Object Repository/Sayfalar/Giris_Sayfasi/PopupCarpiGiris' is clicked on

2021-11-23 17:12:32 - [MESSAGE][INFO] - Finding Test Object 'Object Repository/Sayfalar/Giris_Sayfasi/PopupCarpiGiris'

2021-11-23 17:12:32 - [MESSAGE][INFO] - Checking object

2021-11-23 17:12:32 - [MESSAGE][INFO] - Finding web element from Test Object's properties

2021-11-23 17:12:32 - [MESSAGE][INFO] - Checking timeout

2021-11-23 17:12:32 - [MESSAGE][INFO] - Finding web element with id: 'Object Repository/Sayfalar/Giris_Sayfasi/PopupCarpiGiris' located by 'By.cssSelector: .bootbox-close-button.close' in '30' second(s)

2021-11-23 17:12:32 - [MESSAGE][INFO] - Smart Wait Function is triggered

2021-11-23 17:12:32 - [MESSAGE][INFO] - Found 1 web elements with id: 'Object Repository/Sayfalar/Giris_Sayfasi/PopupCarpiGiris' located by 'By.cssSelector: .bootbox-close-button.close' in '30' second(s)

2021-11-23 17:12:32 - [MESSAGE][INFO] - Clicking on object: 'Object Repository/Sayfalar/Giris_Sayfasi/PopupCarpiGiris'

2021-11-23 17:12:32 - [MESSAGE][PASSED] - Object: 'Object Repository/Sayfalar/Giris_Sayfasi/PopupCarpiGiris' is clicked on

2021-11-23 17:12:32 - [TEST_STEP][PASSED] - verifyElementVisible(findTestObject("Object Repository/Kullanici_Islemleri/KullaniciIslemleri")): Object 'Object Repository/Kullanici_Islemleri/KullaniciIslemleri' is visible

2021-11-23 17:12:32 - [MESSAGE][INFO] - Finding Test Object 'Object Repository/Kullanici_Islemleri/KullaniciIslemleri'

2021-11-23 17:12:32 - [MESSAGE][INFO] - Checking object

2021-11-23 17:12:32 - [MESSAGE][INFO] - Finding web element from Test Object's properties

2021-11-23 17:12:32 - [MESSAGE][INFO] - Checking timeout

2021-11-23 17:12:32 - [MESSAGE][INFO] - Finding web element with id: 'Object Repository/Kullanici_Islemleri/KullaniciIslemleri' located by 'By.cssSelector: .dropdown>a>img' in '30' second(s)

2021-11-23 17:12:32 - [MESSAGE][INFO] - Smart Wait Function is triggered

2021-11-23 17:12:33 - [MESSAGE][INFO] - Found 1 web elements with id: 'Object Repository/Kullanici_Islemleri/KullaniciIslemleri' located by 'By.cssSelector: .dropdown>a>img' in '30' second(s)

2021-11-23 17:12:33 - [MESSAGE][PASSED] - Object 'Object Repository/Kullanici_Islemleri/KullaniciIslemleri' is visible

2021-11-23 17:12:33 - [MESSAGE][PASSED] - Call Test Case 'Test Cases/Sayfalar/Giris_Sayfasi/Login' successfully

2021-11-23 17:12:33 - [MESSAGE][INFO] - Checking called Test Case

2021-11-23 17:12:33 - [MESSAGE][INFO] - Starting to call Test Case 'Test Cases/Menu/AnaMenuSecimi'

2021-11-23 17:12:33 - [TEST_CASE][PASSED] - Test Cases/Menu/AnaMenuSecimi: Test Cases/Menu/AnaMenuSecimi

2021-11-23 17:12:33 - [TEST_STEP][PASSED] - Method.TextDegerineEsitElementeTikla(findTestObject("Menu/Ana_Menu"), Ana_Menu): Method.TextDegerineEsitElementeTikla is PASSED

2021-11-23 17:12:33 - [MESSAGE][INFO] - Finding Test Object 'Object Repository/Menu/Ana_Menu'

2021-11-23 17:12:33 - [MESSAGE][INFO] - Checking timeout

2021-11-23 17:12:33 - [MESSAGE][INFO] - Finding web element with id: 'Object Repository/Menu/Ana_Menu' located by 'By.xpath: //*[@class = 'dropdown-toggle']' in '10' second(s)

2021-11-23 17:12:33 - [MESSAGE][INFO] - Smart Wait Function is triggered

2021-11-23 17:12:33 - [MESSAGE][INFO] - Found 14 web elements with id: 'Object Repository/Menu/Ana_Menu' located by 'By.xpath: //*[@class = 'dropdown-toggle']' in '10' second(s)

2021-11-23 17:12:34 - [MESSAGE][PASSED] - Method.TextDegerineEsitElementeTikla is PASSED

2021-11-23 17:12:34 - [MESSAGE][PASSED] - Call Test Case 'Test Cases/Menu/AnaMenuSecimi' successfully

2021-11-23 17:12:34 - [MESSAGE][INFO] - Checking called Test Case

2021-11-23 17:12:34 - [MESSAGE][INFO] - Starting to call Test Case 'Test Cases/Menu/BasligaGoreAltMenuSecimi'

2021-11-23 17:12:34 - [TEST_CASE][PASSED] - Test Cases/Menu/BasligaGoreAltMenuSecimi: Test Cases/Menu/BasligaGoreAltMenuSecimi

2021-11-23 17:12:34 - [TEST_STEP][PASSED] - Method.TextDegerineEsitElementinAltindakiTextDegerineEsitOlanaTikla(findTestObject("Menu/Menu_Basligi"), findTestObject("Menu/Basliga_Gore_Alt_Menu"), Baslik, Alt_Menu): Method.TextDegerineEsitElementinAltindakiTextDegerineEsitOlanaTikla is PASSED

2021-11-23 17:12:34 - [MESSAGE][INFO] - Finding Test Object 'Object Repository/Menu/Menu_Basligi'

2021-11-23 17:12:34 - [MESSAGE][INFO] - Finding Test Object 'Object Repository/Menu/Basliga_Gore_Alt_Menu'

2021-11-23 17:12:34 - [MESSAGE][INFO] - Checking timeout

2021-11-23 17:12:34 - [MESSAGE][INFO] - Finding web element with id: 'Object Repository/Menu/Menu_Basligi' located by 'By.xpath: //li[@class='dropdown dropdown-large open']//li[@class='dropdown-header']' in '10' second(s)

2021-11-23 17:12:34 - [MESSAGE][INFO] - Smart Wait Function is triggered

2021-11-23 17:12:34 - [MESSAGE][INFO] - Found 2 web elements with id: 'Object Repository/Menu/Menu_Basligi' located by 'By.xpath: //li[@class='dropdown dropdown-large open']//li[@class='dropdown-header']' in '10' second(s)

2021-11-23 17:12:34 - [MESSAGE][INFO] - Smart Wait Function is triggered

2021-11-23 17:12:40 - [MESSAGE][PASSED] - Method.TextDegerineEsitElementinAltindakiTextDegerineEsitOlanaTikla is PASSED

2021-11-23 17:12:40 - [MESSAGE][PASSED] - Call Test Case 'Test Cases/Menu/BasligaGoreAltMenuSecimi' successfully

2021-11-23 17:12:40 - [MESSAGE][INFO] - Checking called Test Case

2021-11-23 17:12:40 - [MESSAGE][INFO] - Starting to call Test Case 'Test Cases/Kullanici_Islemleri/KullaniciIslemlerindenSecimYapilir'

2021-11-23 17:12:40 - [TEST_CASE][PASSED] - Test Cases/Kullanici_Islemleri/KullaniciIslemlerindenSecimYapilir: Test Cases/Kullanici_Islemleri/KullaniciIslemlerindenSecimYapilir

2021-11-23 17:12:40 - [TEST_STEP][PASSED] - waitForElementClickable(findTestObject("Object Repository/Kullanici_Islemleri/KullaniciIslemleri"), 10): Object 'Object Repository/Kullanici_Islemleri/KullaniciIslemleri' is clickable

2021-11-23 17:12:40 - [MESSAGE][INFO] - Finding Test Object 'Object Repository/Kullanici_Islemleri/KullaniciIslemleri'

2021-11-23 17:12:40 - [MESSAGE][INFO] - Checking object

2021-11-23 17:12:40 - [MESSAGE][INFO] - Checking timeout

2021-11-23 17:12:40 - [MESSAGE][INFO] - Finding web element from Test Object's properties

2021-11-23 17:12:40 - [MESSAGE][INFO] - Checking timeout

2021-11-23 17:12:40 - [MESSAGE][INFO] - Finding web element with id: 'Object Repository/Kullanici_Islemleri/KullaniciIslemleri' located by 'By.cssSelector: .dropdown>a>img' in '10' second(s)

2021-11-23 17:12:40 - [MESSAGE][INFO] - Smart Wait Function is triggered

2021-11-23 17:12:41 - [MESSAGE][INFO] - Found 1 web elements with id: 'Object Repository/Kullanici_Islemleri/KullaniciIslemleri' located by 'By.cssSelector: .dropdown>a>img' in '10' second(s)

2021-11-23 17:12:41 - [MESSAGE][PASSED] - Object 'Object Repository/Kullanici_Islemleri/KullaniciIslemleri' is clickable

2021-11-23 17:12:41 - [TEST_STEP][PASSED] - click(findTestObject("Object Repository/Kullanici_Islemleri/KullaniciIslemleri")): Object: 'Object Repository/Kullanici_Islemleri/KullaniciIslemleri' is clicked on

2021-11-23 17:12:41 - [MESSAGE][INFO] - Finding Test Object 'Object Repository/Kullanici_Islemleri/KullaniciIslemleri'

2021-11-23 17:12:41 - [MESSAGE][INFO] - Checking object

2021-11-23 17:12:41 - [MESSAGE][INFO] - Finding web element from Test Object's properties

2021-11-23 17:12:41 - [MESSAGE][INFO] - Checking timeout

2021-11-23 17:12:41 - [MESSAGE][INFO] - Finding web element with id: 'Object Repository/Kullanici_Islemleri/KullaniciIslemleri' located by 'By.cssSelector: .dropdown>a>img' in '30' second(s)

2021-11-23 17:12:41 - [MESSAGE][INFO] - Smart Wait Function is triggered

2021-11-23 17:12:41 - [MESSAGE][INFO] - Found 1 web elements with id: 'Object Repository/Kullanici_Islemleri/KullaniciIslemleri' located by 'By.cssSelector: .dropdown>a>img' in '30' second(s)

2021-11-23 17:12:41 - [MESSAGE][INFO] - Clicking on object: 'Object Repository/Kullanici_Islemleri/KullaniciIslemleri'

2021-11-23 17:12:41 - [MESSAGE][PASSED] - Object: 'Object Repository/Kullanici_Islemleri/KullaniciIslemleri' is clicked on

2021-11-23 17:12:41 - [TEST_STEP][PASSED] - Method.TextDegerineEsitElementeTikla(findTestObject("Object Repository/Kullanici_Islemleri/Secenekler"), Islem): Method.TextDegerineEsitElementeTikla is PASSED

2021-11-23 17:12:41 - [MESSAGE][INFO] - Finding Test Object 'Object Repository/Kullanici_Islemleri/Secenekler'

2021-11-23 17:12:41 - [MESSAGE][INFO] - Checking timeout

2021-11-23 17:12:41 - [MESSAGE][INFO] - Finding web element with id: 'Object Repository/Kullanici_Islemleri/Secenekler' located by 'By.cssSelector: .nav.navbar-nav.navbar-right li a' in '10' second(s)

2021-11-23 17:12:41 - [MESSAGE][INFO] - Smart Wait Function is triggered

2021-11-23 17:12:41 - [MESSAGE][INFO] - Found 22 web elements with id: 'Object Repository/Kullanici_Islemleri/Secenekler' located by 'By.cssSelector: .nav.navbar-nav.navbar-right li a' in '10' second(s)

2021-11-23 17:12:43 - [MESSAGE][PASSED] - Method.TextDegerineEsitElementeTikla is PASSED

2021-11-23 17:12:43 - [TEST_STEP][PASSED] - verifyElementNotPresent(findTestObject("Object Repository/Kullanici_Islemleri/Secenekler"), 10): Web element with id: 'Object Repository/Kullanici_Islemleri/Secenekler' located by 'By.cssSelector: .nav.navbar-nav.navbar-right li a' is not present after '10' second(s)

2021-11-23 17:12:43 - [MESSAGE][INFO] - Finding Test Object 'Object Repository/Kullanici_Islemleri/Secenekler'

2021-11-23 17:12:43 - [MESSAGE][INFO] - Checking object

2021-11-23 17:12:43 - [MESSAGE][INFO] - Checking timeout

2021-11-23 17:12:43 - [MESSAGE][INFO] - Finding web element with id: 'Object Repository/Kullanici_Islemleri/Secenekler' located by 'By.cssSelector: .nav.navbar-nav.navbar-right li a' in '10' second(s)

2021-11-23 17:12:43 - [MESSAGE][INFO] - Smart Wait Function is triggered

2021-11-23 17:12:43 - [MESSAGE][PASSED] - Web element with id: 'Object Repository/Kullanici_Islemleri/Secenekler' located by 'By.cssSelector: .nav.navbar-nav.navbar-right li a' is not present after '10' second(s)

2021-11-23 17:12:43 - [MESSAGE][PASSED] - Call Test Case 'Test Cases/Kullanici_Islemleri/KullaniciIslemlerindenSecimYapilir' successfully

2021-11-23 17:12:43 - [TEST_CASE][PASSED] - Start Test Case : SCENARIO Firma Bilgileri: SCENARIO Firma Bilgileri

2021-11-23 17:12:43 - [TEST_STEP][PASSED] - Kullanıcı adı ELOGO6 ve Şifre 123456 olarak giriş yapılır: Kullanıcı adı ELOGO6 ve Şifre 123456 olarak giriş yapılır

2021-11-23 17:12:43 - [MESSAGE][PASSED] - Kullanıcı adı ELOGO6 ve Şifre 123456 olarak giriş yapılır

2021-11-23 17:12:43 - [TEST_STEP][PASSED] - Ana menüden Ayarlar seçilir: Ana menüden Ayarlar seçilir

2021-11-23 17:12:43 - [MESSAGE][PASSED] - Ana menüden Ayarlar seçilir

2021-11-23 17:12:43 - [TEST_STEP][PASSED] - Alt menü Araçlar başlığı altındaki Firma Bilgileri seçilir: Alt menü Araçlar başlığı altındaki Firma Bilgileri seçilir

2021-11-23 17:12:43 - [MESSAGE][PASSED] - Alt menü Araçlar başlığı altındaki Firma Bilgileri seçilir

2021-11-23 17:12:43 - [TEST_STEP][PASSED] - Kullanıcı işlemlerinden Çıkış seçilir: Kullanıcı işlemlerinden Çıkış seçilir

2021-11-23 17:12:43 - [MESSAGE][PASSED] - Kullanıcı işlemlerinden Çıkış seçilir

2021-11-23 17:12:43 - [MESSAGE][PASSED] - Feature file: 'Include/features/Ayarlar/Araclar/Firma Bilgileri/Firma Bilgileri.feature' was passed

2021-11-23 17:12:43 - [TEST_STEP][PASSED] - Start listener action : sampleAfterTestSuite: Invoke 'com.kms.katalon.core.annotation.AfterTestCase' method: 'Listener.sampleAfterTestSuite(...)' completed.

2021-11-23 17:12:43 - [MESSAGE][INFO] - Starting invoke 'com.kms.katalon.core.annotation.AfterTestCase' method: 'Listener.sampleAfterTestSuite(...)'

2021-11-23 17:12:43 - [TEST_STEP][PASSED] - closeBrowser(): Invoke 'com.kms.katalon.core.annotation.AfterTestCase' method: 'Listener.sampleAfterTestSuite(...)' completed.

2021-11-23 17:12:43 - [MESSAGE][INFO] - Closing browser

2021-11-23 17:12:44 - [MESSAGE][PASSED] - Browser is closed

2021-11-23 17:12:44 - [MESSAGE][INFO] - Invoke 'com.kms.katalon.core.annotation.AfterTestCase' method: 'Listener.sampleAfterTestSuite(...)' completed.]]></system-out>
         <system-err><![CDATA[]]></system-err>
      </testcase>
      <testcase name="Test Cases/Case Repository/Ayarlar/Araclar/Firma Bilgileri/On ek icin yeni yil" time="28.961" classname="Test Cases/Case Repository/Ayarlar/Araclar/Firma Bilgileri/On ek icin yeni yil" status="PASSED">
         <system-out><![CDATA[2021-11-23 17:12:44 - [TEST_CASE][PASSED] - Test Cases/Case Repository/Ayarlar/Araclar/Firma Bilgileri/On ek icin yeni yil: Test Cases/Case Repository/Ayarlar/Araclar/Firma Bilgileri/On ek icin yeni yil

2021-11-23 17:12:44 - [TEST_STEP][PASSED] - Start listener action : sampleBeforeTestSuite: Invoke 'com.kms.katalon.core.annotation.BeforeTestCase' method: 'Listener.sampleBeforeTestSuite(...)' completed.

2021-11-23 17:12:44 - [MESSAGE][INFO] - Starting invoke 'com.kms.katalon.core.annotation.BeforeTestCase' method: 'Listener.sampleBeforeTestSuite(...)'

2021-11-23 17:12:44 - [TEST_STEP][PASSED] - openBrowser(baseUrl): Browser is opened with url: 'https://efatura-stage.elogo.com.tr/'

2021-11-23 17:12:44 - [MESSAGE][INFO] - Opening browser

2021-11-23 17:12:44 - [MESSAGE][INFO] - Starting 'Chrome' driver

2021-11-23 17:12:44 - [MESSAGE][INFO] - User set preference: ['prefs', '{download.default_directory=C:\otomasyondownfiles}']

2021-11-23 17:12:44 - [MESSAGE][INFO] - Action delay is set to 0 milliseconds

2021-11-23 17:12:45 - [MESSAGE][INFO] - Navigating browser to: 'https://efatura-stage.elogo.com.tr/'

2021-11-23 17:12:48 - [MESSAGE][PASSED] - Browser is opened with url: 'https://efatura-stage.elogo.com.tr/'

2021-11-23 17:12:48 - [TEST_STEP][PASSED] - maximizeWindow(): Invoke 'com.kms.katalon.core.annotation.BeforeTestCase' method: 'Listener.sampleBeforeTestSuite(...)' completed.

2021-11-23 17:12:48 - [MESSAGE][INFO] - Maximizing current window

2021-11-23 17:12:48 - [MESSAGE][PASSED] - Current window maximized

2021-11-23 17:12:48 - [MESSAGE][INFO] - Invoke 'com.kms.katalon.core.annotation.BeforeTestCase' method: 'Listener.sampleBeforeTestSuite(...)' completed.

2021-11-23 17:12:48 - [TEST_STEP][PASSED] - runFeatureFile("Include/features/Ayarlar/Araclar/Firma Bilgileri/On ek icin yeni yil.feature"): Feature file: 'Include/features/Ayarlar/Araclar/Firma Bilgileri/On ek icin yeni yil.feature' was passed

2021-11-23 17:12:48 - [MESSAGE][INFO] - Starting run keyword runFeatureFile: 'Include/features/Ayarlar/Araclar/Firma Bilgileri/On ek icin yeni yil.feature' and extract report to folder: 'C:\Users\DELL\Documents\GitHub\EES_KatalonLogo\Reports\20211123_163326\Suite Repository\Ayarlar\20211123_163427/cucumber_report/1637676768883'...

2021-11-23 17:12:48 - [MESSAGE][INFO] - Glue: []

2021-11-23 17:12:52 - [MESSAGE][INFO] - Checking called Test Case

2021-11-23 17:12:52 - [MESSAGE][INFO] - Starting to call Test Case 'Test Cases/Sayfalar/Giris_Sayfasi/Login'

2021-11-23 17:12:52 - [TEST_CASE][PASSED] - Test Cases/Sayfalar/Giris_Sayfasi/Login: Test Cases/Sayfalar/Giris_Sayfasi/Login

2021-11-23 17:12:52 - [TEST_STEP][PASSED] - Sayfa_Basligi = getWindowTitle(): Current window's title is: 'LOGO e-Fatura'

2021-11-23 17:12:52 - [MESSAGE][INFO] - Getting current window's title

2021-11-23 17:12:52 - [MESSAGE][PASSED] - Current window's title is: 'LOGO e-Fatura'

2021-11-23 17:12:52 - [TEST_STEP][PASSED] - verifyMatch(Sayfa_Basligi, "LOGO e-Fatura", false): Actual text 'LOGO e-Fatura' and expected text 'LOGO e-Fatura' are matched 

2021-11-23 17:12:52 - [MESSAGE][INFO] - Matching actual text 'LOGO e-Fatura' with expected text 'LOGO e-Fatura'

2021-11-23 17:12:52 - [MESSAGE][PASSED] - Actual text 'LOGO e-Fatura' and expected text 'LOGO e-Fatura' are matched 

2021-11-23 17:12:52 - [TEST_STEP][PASSED] - sendKeys(findTestObject("Sayfalar/Giris_Sayfasi/Firma_Kodu"), KullaniciAdi): Keys 'ELOGO6' sent to object: 'Object Repository/Sayfalar/Giris_Sayfasi/Firma_Kodu'

2021-11-23 17:12:52 - [MESSAGE][INFO] - Finding Test Object 'Object Repository/Sayfalar/Giris_Sayfasi/Firma_Kodu'

2021-11-23 17:12:52 - [MESSAGE][INFO] - Sending keys 'ELOGO6' to object: 'Object Repository/Sayfalar/Giris_Sayfasi/Firma_Kodu'

2021-11-23 17:12:52 - [MESSAGE][INFO] - Finding web element from Test Object's properties

2021-11-23 17:12:52 - [MESSAGE][INFO] - Checking timeout

2021-11-23 17:12:52 - [MESSAGE][INFO] - Finding web element with id: 'Object Repository/Sayfalar/Giris_Sayfasi/Firma_Kodu' located by 'By.xpath: //*[@id = 'AccountName']' in '30' second(s)

2021-11-23 17:12:52 - [MESSAGE][INFO] - Smart Wait Function is triggered

2021-11-23 17:12:52 - [MESSAGE][INFO] - Found 1 web elements with id: 'Object Repository/Sayfalar/Giris_Sayfasi/Firma_Kodu' located by 'By.xpath: //*[@id = 'AccountName']' in '30' second(s)

2021-11-23 17:12:53 - [MESSAGE][PASSED] - Keys 'ELOGO6' sent to object: 'Object Repository/Sayfalar/Giris_Sayfasi/Firma_Kodu'

2021-11-23 17:12:53 - [TEST_STEP][PASSED] - sendKeys(findTestObject("Sayfalar/Giris_Sayfasi/Sifre"), Sifre): Keys '123456' sent to object: 'Object Repository/Sayfalar/Giris_Sayfasi/Sifre'

2021-11-23 17:12:53 - [MESSAGE][INFO] - Finding Test Object 'Object Repository/Sayfalar/Giris_Sayfasi/Sifre'

2021-11-23 17:12:53 - [MESSAGE][INFO] - Sending keys '123456' to object: 'Object Repository/Sayfalar/Giris_Sayfasi/Sifre'

2021-11-23 17:12:53 - [MESSAGE][INFO] - Finding web element from Test Object's properties

2021-11-23 17:12:53 - [MESSAGE][INFO] - Checking timeout

2021-11-23 17:12:53 - [MESSAGE][INFO] - Finding web element with id: 'Object Repository/Sayfalar/Giris_Sayfasi/Sifre' located by 'By.xpath: //*[@id = 'Password']' in '30' second(s)

2021-11-23 17:12:53 - [MESSAGE][INFO] - Smart Wait Function is triggered

2021-11-23 17:12:53 - [MESSAGE][INFO] - Found 1 web elements with id: 'Object Repository/Sayfalar/Giris_Sayfasi/Sifre' located by 'By.xpath: //*[@id = 'Password']' in '30' second(s)

2021-11-23 17:12:53 - [MESSAGE][PASSED] - Keys '123456' sent to object: 'Object Repository/Sayfalar/Giris_Sayfasi/Sifre'

2021-11-23 17:12:53 - [TEST_STEP][PASSED] - findWebElement(findTestObject("Sayfalar/Giris_Sayfasi/Giris_Butonu")).click(): Found 1 web elements with id: 'Object Repository/Sayfalar/Giris_Sayfasi/Giris_Butonu' located by 'By.cssSelector: #btnLogin' in '30' second(s)

2021-11-23 17:12:53 - [MESSAGE][INFO] - Finding Test Object 'Object Repository/Sayfalar/Giris_Sayfasi/Giris_Butonu'

2021-11-23 17:12:53 - [MESSAGE][INFO] - Finding web element from Test Object's properties

2021-11-23 17:12:53 - [MESSAGE][INFO] - Checking timeout

2021-11-23 17:12:53 - [MESSAGE][INFO] - Finding web element with id: 'Object Repository/Sayfalar/Giris_Sayfasi/Giris_Butonu' located by 'By.cssSelector: #btnLogin' in '30' second(s)

2021-11-23 17:12:53 - [MESSAGE][INFO] - Smart Wait Function is triggered

2021-11-23 17:12:54 - [MESSAGE][INFO] - Found 1 web elements with id: 'Object Repository/Sayfalar/Giris_Sayfasi/Giris_Butonu' located by 'By.cssSelector: #btnLogin' in '30' second(s)

2021-11-23 17:12:56 - [TEST_STEP][PASSED] - if (verifyElementPresent(findTestObject("Object Repository/Sayfalar/Giris_Sayfasi/RetveTamam_Butonu"), 5, OPTIONAL)): null

2021-11-23 17:12:56 - [MESSAGE][INFO] - Finding Test Object 'Object Repository/Sayfalar/Giris_Sayfasi/RetveTamam_Butonu'

2021-11-23 17:12:56 - [MESSAGE][INFO] - Checking object

2021-11-23 17:12:56 - [MESSAGE][INFO] - Finding web element from Test Object's properties

2021-11-23 17:12:56 - [MESSAGE][INFO] - Checking timeout

2021-11-23 17:12:56 - [MESSAGE][INFO] - Finding web element with id: 'Object Repository/Sayfalar/Giris_Sayfasi/RetveTamam_Butonu' located by 'By.xpath: //*[@class = 'btn btn-default']' in '5' second(s)

2021-11-23 17:12:56 - [MESSAGE][INFO] - Smart Wait Function is triggered

2021-11-23 17:12:56 - [MESSAGE][INFO] - Found 1 web elements with id: 'Object Repository/Sayfalar/Giris_Sayfasi/RetveTamam_Butonu' located by 'By.xpath: //*[@class = 'btn btn-default']' in '5' second(s)

2021-11-23 17:12:56 - [MESSAGE][PASSED] - Object 'Object Repository/Sayfalar/Giris_Sayfasi/RetveTamam_Butonu' is present

2021-11-23 17:12:56 - [TEST_STEP][PASSED] - click(findTestObject("Object Repository/Sayfalar/Giris_Sayfasi/RetveTamam_Butonu")): Object: 'Object Repository/Sayfalar/Giris_Sayfasi/RetveTamam_Butonu' is clicked on

2021-11-23 17:12:56 - [MESSAGE][INFO] - Finding Test Object 'Object Repository/Sayfalar/Giris_Sayfasi/RetveTamam_Butonu'

2021-11-23 17:12:57 - [MESSAGE][INFO] - Checking object

2021-11-23 17:12:57 - [MESSAGE][INFO] - Finding web element from Test Object's properties

2021-11-23 17:12:57 - [MESSAGE][INFO] - Checking timeout

2021-11-23 17:12:57 - [MESSAGE][INFO] - Finding web element with id: 'Object Repository/Sayfalar/Giris_Sayfasi/RetveTamam_Butonu' located by 'By.xpath: //*[@class = 'btn btn-default']' in '30' second(s)

2021-11-23 17:12:57 - [MESSAGE][INFO] - Smart Wait Function is triggered

2021-11-23 17:12:57 - [MESSAGE][INFO] - Found 1 web elements with id: 'Object Repository/Sayfalar/Giris_Sayfasi/RetveTamam_Butonu' located by 'By.xpath: //*[@class = 'btn btn-default']' in '30' second(s)

2021-11-23 17:12:57 - [MESSAGE][INFO] - Clicking on object: 'Object Repository/Sayfalar/Giris_Sayfasi/RetveTamam_Butonu'

2021-11-23 17:12:57 - [MESSAGE][PASSED] - Object: 'Object Repository/Sayfalar/Giris_Sayfasi/RetveTamam_Butonu' is clicked on

2021-11-23 17:12:57 - [TEST_STEP][PASSED] - click(findTestObject("Object Repository/Sayfalar/Giris_Sayfasi/RetveTamam_Butonu")): Object: 'Object Repository/Sayfalar/Giris_Sayfasi/RetveTamam_Butonu' is clicked on

2021-11-23 17:12:57 - [MESSAGE][INFO] - Finding Test Object 'Object Repository/Sayfalar/Giris_Sayfasi/RetveTamam_Butonu'

2021-11-23 17:12:57 - [MESSAGE][INFO] - Checking object

2021-11-23 17:12:57 - [MESSAGE][INFO] - Finding web element from Test Object's properties

2021-11-23 17:12:57 - [MESSAGE][INFO] - Checking timeout

2021-11-23 17:12:57 - [MESSAGE][INFO] - Finding web element with id: 'Object Repository/Sayfalar/Giris_Sayfasi/RetveTamam_Butonu' located by 'By.xpath: //*[@class = 'btn btn-default']' in '30' second(s)

2021-11-23 17:12:57 - [MESSAGE][INFO] - Smart Wait Function is triggered

2021-11-23 17:13:00 - [MESSAGE][INFO] - Found 1 web elements with id: 'Object Repository/Sayfalar/Giris_Sayfasi/RetveTamam_Butonu' located by 'By.xpath: //*[@class = 'btn btn-default']' in '30' second(s)

2021-11-23 17:13:00 - [MESSAGE][INFO] - Clicking on object: 'Object Repository/Sayfalar/Giris_Sayfasi/RetveTamam_Butonu'

2021-11-23 17:13:00 - [MESSAGE][PASSED] - Object: 'Object Repository/Sayfalar/Giris_Sayfasi/RetveTamam_Butonu' is clicked on

2021-11-23 17:13:00 - [TEST_STEP][PASSED] - if (verifyElementPresent(findTestObject("Sayfalar/Giris_Sayfasi/PopupOK"), 5, OPTIONAL)): null

2021-11-23 17:13:00 - [MESSAGE][INFO] - Finding Test Object 'Object Repository/Sayfalar/Giris_Sayfasi/PopupOK'

2021-11-23 17:13:00 - [MESSAGE][INFO] - Checking object

2021-11-23 17:13:00 - [MESSAGE][INFO] - Finding web element from Test Object's properties

2021-11-23 17:13:00 - [MESSAGE][INFO] - Checking timeout

2021-11-23 17:13:00 - [MESSAGE][INFO] - Finding web element with id: 'Object Repository/Sayfalar/Giris_Sayfasi/PopupOK' located by 'By.cssSelector: .btn.btn-success' in '5' second(s)

2021-11-23 17:13:00 - [MESSAGE][INFO] - Smart Wait Function is triggered

2021-11-23 17:13:01 - [MESSAGE][INFO] - Found 1 web elements with id: 'Object Repository/Sayfalar/Giris_Sayfasi/PopupOK' located by 'By.cssSelector: .btn.btn-success' in '5' second(s)

2021-11-23 17:13:01 - [MESSAGE][PASSED] - Object 'Object Repository/Sayfalar/Giris_Sayfasi/PopupOK' is present

2021-11-23 17:13:01 - [TEST_STEP][PASSED] - click(findTestObject("Object Repository/Sayfalar/Giris_Sayfasi/PopupCarpiGiris")): Object: 'Object Repository/Sayfalar/Giris_Sayfasi/PopupCarpiGiris' is clicked on

2021-11-23 17:13:01 - [MESSAGE][INFO] - Finding Test Object 'Object Repository/Sayfalar/Giris_Sayfasi/PopupCarpiGiris'

2021-11-23 17:13:01 - [MESSAGE][INFO] - Checking object

2021-11-23 17:13:01 - [MESSAGE][INFO] - Finding web element from Test Object's properties

2021-11-23 17:13:01 - [MESSAGE][INFO] - Checking timeout

2021-11-23 17:13:01 - [MESSAGE][INFO] - Finding web element with id: 'Object Repository/Sayfalar/Giris_Sayfasi/PopupCarpiGiris' located by 'By.cssSelector: .bootbox-close-button.close' in '30' second(s)

2021-11-23 17:13:01 - [MESSAGE][INFO] - Smart Wait Function is triggered

2021-11-23 17:13:01 - [MESSAGE][INFO] - Found 1 web elements with id: 'Object Repository/Sayfalar/Giris_Sayfasi/PopupCarpiGiris' located by 'By.cssSelector: .bootbox-close-button.close' in '30' second(s)

2021-11-23 17:13:01 - [MESSAGE][INFO] - Clicking on object: 'Object Repository/Sayfalar/Giris_Sayfasi/PopupCarpiGiris'

2021-11-23 17:13:01 - [MESSAGE][PASSED] - Object: 'Object Repository/Sayfalar/Giris_Sayfasi/PopupCarpiGiris' is clicked on

2021-11-23 17:13:01 - [TEST_STEP][PASSED] - verifyElementVisible(findTestObject("Object Repository/Kullanici_Islemleri/KullaniciIslemleri")): Object 'Object Repository/Kullanici_Islemleri/KullaniciIslemleri' is visible

2021-11-23 17:13:01 - [MESSAGE][INFO] - Finding Test Object 'Object Repository/Kullanici_Islemleri/KullaniciIslemleri'

2021-11-23 17:13:01 - [MESSAGE][INFO] - Checking object

2021-11-23 17:13:01 - [MESSAGE][INFO] - Finding web element from Test Object's properties

2021-11-23 17:13:01 - [MESSAGE][INFO] - Checking timeout

2021-11-23 17:13:01 - [MESSAGE][INFO] - Finding web element with id: 'Object Repository/Kullanici_Islemleri/KullaniciIslemleri' located by 'By.cssSelector: .dropdown>a>img' in '30' second(s)

2021-11-23 17:13:01 - [MESSAGE][INFO] - Smart Wait Function is triggered

2021-11-23 17:13:02 - [MESSAGE][INFO] - Found 1 web elements with id: 'Object Repository/Kullanici_Islemleri/KullaniciIslemleri' located by 'By.cssSelector: .dropdown>a>img' in '30' second(s)

2021-11-23 17:13:02 - [MESSAGE][PASSED] - Object 'Object Repository/Kullanici_Islemleri/KullaniciIslemleri' is visible

2021-11-23 17:13:02 - [MESSAGE][PASSED] - Call Test Case 'Test Cases/Sayfalar/Giris_Sayfasi/Login' successfully

2021-11-23 17:13:02 - [MESSAGE][INFO] - Checking called Test Case

2021-11-23 17:13:02 - [MESSAGE][INFO] - Starting to call Test Case 'Test Cases/Menu/AnaMenuSecimi'

2021-11-23 17:13:02 - [TEST_CASE][PASSED] - Test Cases/Menu/AnaMenuSecimi: Test Cases/Menu/AnaMenuSecimi

2021-11-23 17:13:02 - [TEST_STEP][PASSED] - Method.TextDegerineEsitElementeTikla(findTestObject("Menu/Ana_Menu"), Ana_Menu): Method.TextDegerineEsitElementeTikla is PASSED

2021-11-23 17:13:02 - [MESSAGE][INFO] - Finding Test Object 'Object Repository/Menu/Ana_Menu'

2021-11-23 17:13:02 - [MESSAGE][INFO] - Checking timeout

2021-11-23 17:13:02 - [MESSAGE][INFO] - Finding web element with id: 'Object Repository/Menu/Ana_Menu' located by 'By.xpath: //*[@class = 'dropdown-toggle']' in '10' second(s)

2021-11-23 17:13:02 - [MESSAGE][INFO] - Smart Wait Function is triggered

2021-11-23 17:13:03 - [MESSAGE][INFO] - Found 14 web elements with id: 'Object Repository/Menu/Ana_Menu' located by 'By.xpath: //*[@class = 'dropdown-toggle']' in '10' second(s)

2021-11-23 17:13:03 - [MESSAGE][PASSED] - Method.TextDegerineEsitElementeTikla is PASSED

2021-11-23 17:13:03 - [MESSAGE][PASSED] - Call Test Case 'Test Cases/Menu/AnaMenuSecimi' successfully

2021-11-23 17:13:03 - [MESSAGE][INFO] - Checking called Test Case

2021-11-23 17:13:03 - [MESSAGE][INFO] - Starting to call Test Case 'Test Cases/Menu/BasligaGoreAltMenuSecimi'

2021-11-23 17:13:03 - [TEST_CASE][PASSED] - Test Cases/Menu/BasligaGoreAltMenuSecimi: Test Cases/Menu/BasligaGoreAltMenuSecimi

2021-11-23 17:13:03 - [TEST_STEP][PASSED] - Method.TextDegerineEsitElementinAltindakiTextDegerineEsitOlanaTikla(findTestObject("Menu/Menu_Basligi"), findTestObject("Menu/Basliga_Gore_Alt_Menu"), Baslik, Alt_Menu): Method.TextDegerineEsitElementinAltindakiTextDegerineEsitOlanaTikla is PASSED

2021-11-23 17:13:03 - [MESSAGE][INFO] - Finding Test Object 'Object Repository/Menu/Menu_Basligi'

2021-11-23 17:13:03 - [MESSAGE][INFO] - Finding Test Object 'Object Repository/Menu/Basliga_Gore_Alt_Menu'

2021-11-23 17:13:03 - [MESSAGE][INFO] - Checking timeout

2021-11-23 17:13:03 - [MESSAGE][INFO] - Finding web element with id: 'Object Repository/Menu/Menu_Basligi' located by 'By.xpath: //li[@class='dropdown dropdown-large open']//li[@class='dropdown-header']' in '10' second(s)

2021-11-23 17:13:03 - [MESSAGE][INFO] - Smart Wait Function is triggered

2021-11-23 17:13:03 - [MESSAGE][INFO] - Found 2 web elements with id: 'Object Repository/Menu/Menu_Basligi' located by 'By.xpath: //li[@class='dropdown dropdown-large open']//li[@class='dropdown-header']' in '10' second(s)

2021-11-23 17:13:03 - [MESSAGE][INFO] - Smart Wait Function is triggered

2021-11-23 17:13:07 - [MESSAGE][PASSED] - Method.TextDegerineEsitElementinAltindakiTextDegerineEsitOlanaTikla is PASSED

2021-11-23 17:13:07 - [MESSAGE][PASSED] - Call Test Case 'Test Cases/Menu/BasligaGoreAltMenuSecimi' successfully

2021-11-23 17:13:07 - [MESSAGE][INFO] - Checking called Test Case

2021-11-23 17:13:07 - [MESSAGE][INFO] - Starting to call Test Case 'Test Cases/Kullanici_Islemleri/KullaniciIslemlerindenSecimYapilir'

2021-11-23 17:13:07 - [TEST_CASE][PASSED] - Test Cases/Kullanici_Islemleri/KullaniciIslemlerindenSecimYapilir: Test Cases/Kullanici_Islemleri/KullaniciIslemlerindenSecimYapilir

2021-11-23 17:13:07 - [TEST_STEP][PASSED] - waitForElementClickable(findTestObject("Object Repository/Kullanici_Islemleri/KullaniciIslemleri"), 10): Object 'Object Repository/Kullanici_Islemleri/KullaniciIslemleri' is clickable

2021-11-23 17:13:07 - [MESSAGE][INFO] - Finding Test Object 'Object Repository/Kullanici_Islemleri/KullaniciIslemleri'

2021-11-23 17:13:07 - [MESSAGE][INFO] - Checking object

2021-11-23 17:13:07 - [MESSAGE][INFO] - Checking timeout

2021-11-23 17:13:07 - [MESSAGE][INFO] - Finding web element from Test Object's properties

2021-11-23 17:13:07 - [MESSAGE][INFO] - Checking timeout

2021-11-23 17:13:07 - [MESSAGE][INFO] - Finding web element with id: 'Object Repository/Kullanici_Islemleri/KullaniciIslemleri' located by 'By.cssSelector: .dropdown>a>img' in '10' second(s)

2021-11-23 17:13:07 - [MESSAGE][INFO] - Smart Wait Function is triggered

2021-11-23 17:13:08 - [MESSAGE][INFO] - Found 1 web elements with id: 'Object Repository/Kullanici_Islemleri/KullaniciIslemleri' located by 'By.cssSelector: .dropdown>a>img' in '10' second(s)

2021-11-23 17:13:08 - [MESSAGE][PASSED] - Object 'Object Repository/Kullanici_Islemleri/KullaniciIslemleri' is clickable

2021-11-23 17:13:08 - [TEST_STEP][PASSED] - click(findTestObject("Object Repository/Kullanici_Islemleri/KullaniciIslemleri")): Object: 'Object Repository/Kullanici_Islemleri/KullaniciIslemleri' is clicked on

2021-11-23 17:13:08 - [MESSAGE][INFO] - Finding Test Object 'Object Repository/Kullanici_Islemleri/KullaniciIslemleri'

2021-11-23 17:13:08 - [MESSAGE][INFO] - Checking object

2021-11-23 17:13:08 - [MESSAGE][INFO] - Finding web element from Test Object's properties

2021-11-23 17:13:08 - [MESSAGE][INFO] - Checking timeout

2021-11-23 17:13:08 - [MESSAGE][INFO] - Finding web element with id: 'Object Repository/Kullanici_Islemleri/KullaniciIslemleri' located by 'By.cssSelector: .dropdown>a>img' in '30' second(s)

2021-11-23 17:13:08 - [MESSAGE][INFO] - Smart Wait Function is triggered

2021-11-23 17:13:08 - [MESSAGE][INFO] - Found 1 web elements with id: 'Object Repository/Kullanici_Islemleri/KullaniciIslemleri' located by 'By.cssSelector: .dropdown>a>img' in '30' second(s)

2021-11-23 17:13:08 - [MESSAGE][INFO] - Clicking on object: 'Object Repository/Kullanici_Islemleri/KullaniciIslemleri'

2021-11-23 17:13:08 - [MESSAGE][PASSED] - Object: 'Object Repository/Kullanici_Islemleri/KullaniciIslemleri' is clicked on

2021-11-23 17:13:08 - [TEST_STEP][PASSED] - Method.TextDegerineEsitElementeTikla(findTestObject("Object Repository/Kullanici_Islemleri/Secenekler"), Islem): Method.TextDegerineEsitElementeTikla is PASSED

2021-11-23 17:13:08 - [MESSAGE][INFO] - Finding Test Object 'Object Repository/Kullanici_Islemleri/Secenekler'

2021-11-23 17:13:08 - [MESSAGE][INFO] - Checking timeout

2021-11-23 17:13:08 - [MESSAGE][INFO] - Finding web element with id: 'Object Repository/Kullanici_Islemleri/Secenekler' located by 'By.cssSelector: .nav.navbar-nav.navbar-right li a' in '10' second(s)

2021-11-23 17:13:08 - [MESSAGE][INFO] - Smart Wait Function is triggered

2021-11-23 17:13:09 - [MESSAGE][INFO] - Found 22 web elements with id: 'Object Repository/Kullanici_Islemleri/Secenekler' located by 'By.cssSelector: .nav.navbar-nav.navbar-right li a' in '10' second(s)

2021-11-23 17:13:12 - [MESSAGE][PASSED] - Method.TextDegerineEsitElementeTikla is PASSED

2021-11-23 17:13:12 - [TEST_STEP][PASSED] - verifyElementNotPresent(findTestObject("Object Repository/Kullanici_Islemleri/Secenekler"), 10): Web element with id: 'Object Repository/Kullanici_Islemleri/Secenekler' located by 'By.cssSelector: .nav.navbar-nav.navbar-right li a' is not present after '10' second(s)

2021-11-23 17:13:12 - [MESSAGE][INFO] - Finding Test Object 'Object Repository/Kullanici_Islemleri/Secenekler'

2021-11-23 17:13:12 - [MESSAGE][INFO] - Checking object

2021-11-23 17:13:12 - [MESSAGE][INFO] - Checking timeout

2021-11-23 17:13:12 - [MESSAGE][INFO] - Finding web element with id: 'Object Repository/Kullanici_Islemleri/Secenekler' located by 'By.cssSelector: .nav.navbar-nav.navbar-right li a' in '10' second(s)

2021-11-23 17:13:12 - [MESSAGE][INFO] - Smart Wait Function is triggered

2021-11-23 17:13:12 - [MESSAGE][PASSED] - Web element with id: 'Object Repository/Kullanici_Islemleri/Secenekler' located by 'By.cssSelector: .nav.navbar-nav.navbar-right li a' is not present after '10' second(s)

2021-11-23 17:13:12 - [MESSAGE][PASSED] - Call Test Case 'Test Cases/Kullanici_Islemleri/KullaniciIslemlerindenSecimYapilir' successfully

2021-11-23 17:13:12 - [TEST_CASE][PASSED] - Start Test Case : SCENARIO On ek icin yeni yil: SCENARIO On ek icin yeni yil

2021-11-23 17:13:12 - [TEST_STEP][PASSED] - Kullanıcı adı ELOGO6 ve Şifre 123456 olarak giriş yapılır: Kullanıcı adı ELOGO6 ve Şifre 123456 olarak giriş yapılır

2021-11-23 17:13:12 - [MESSAGE][PASSED] - Kullanıcı adı ELOGO6 ve Şifre 123456 olarak giriş yapılır

2021-11-23 17:13:12 - [TEST_STEP][PASSED] - Ana menüden Ayarlar seçilir: Ana menüden Ayarlar seçilir

2021-11-23 17:13:12 - [MESSAGE][PASSED] - Ana menüden Ayarlar seçilir

2021-11-23 17:13:12 - [TEST_STEP][PASSED] - Alt menü Araçlar başlığı altındaki Firma Bilgileri seçilir: Alt menü Araçlar başlığı altındaki Firma Bilgileri seçilir

2021-11-23 17:13:12 - [MESSAGE][PASSED] - Alt menü Araçlar başlığı altındaki Firma Bilgileri seçilir

2021-11-23 17:13:12 - [TEST_STEP][PASSED] - Kullanıcı işlemlerinden Çıkış seçilir: Kullanıcı işlemlerinden Çıkış seçilir

2021-11-23 17:13:12 - [MESSAGE][PASSED] - Kullanıcı işlemlerinden Çıkış seçilir

2021-11-23 17:13:12 - [MESSAGE][PASSED] - Feature file: 'Include/features/Ayarlar/Araclar/Firma Bilgileri/On ek icin yeni yil.feature' was passed

2021-11-23 17:13:12 - [TEST_STEP][PASSED] - Start listener action : sampleAfterTestSuite: Invoke 'com.kms.katalon.core.annotation.AfterTestCase' method: 'Listener.sampleAfterTestSuite(...)' completed.

2021-11-23 17:13:12 - [MESSAGE][INFO] - Starting invoke 'com.kms.katalon.core.annotation.AfterTestCase' method: 'Listener.sampleAfterTestSuite(...)'

2021-11-23 17:13:12 - [TEST_STEP][PASSED] - closeBrowser(): Invoke 'com.kms.katalon.core.annotation.AfterTestCase' method: 'Listener.sampleAfterTestSuite(...)' completed.

2021-11-23 17:13:12 - [MESSAGE][INFO] - Closing browser

2021-11-23 17:13:13 - [MESSAGE][PASSED] - Browser is closed

2021-11-23 17:13:13 - [MESSAGE][INFO] - Invoke 'com.kms.katalon.core.annotation.AfterTestCase' method: 'Listener.sampleAfterTestSuite(...)' completed.]]></system-out>
         <system-err><![CDATA[]]></system-err>
      </testcase>
      <testcase name="Test Cases/Case Repository/Ayarlar/Gorsel Tasarim/Hazir Tasarim Araci/e-Fatura/Buton Kontrolu" time="41.969" classname="Test Cases/Case Repository/Ayarlar/Gorsel Tasarim/Hazir Tasarim Araci/e-Fatura/Buton Kontrolu" status="PASSED">
         <system-out><![CDATA[2021-11-23 17:13:13 - [TEST_CASE][PASSED] - Test Cases/Case Repository/Ayarlar/Gorsel Tasarim/Hazir Tasarim Araci/e-Fatura/Buton Kontrolu: Test Cases/Case Repository/Ayarlar/Gorsel Tasarim/Hazir Tasarim Araci/e-Fatura/Buton Kontrolu

2021-11-23 17:13:13 - [TEST_STEP][PASSED] - Start listener action : sampleBeforeTestSuite: Invoke 'com.kms.katalon.core.annotation.BeforeTestCase' method: 'Listener.sampleBeforeTestSuite(...)' completed.

2021-11-23 17:13:13 - [MESSAGE][INFO] - Starting invoke 'com.kms.katalon.core.annotation.BeforeTestCase' method: 'Listener.sampleBeforeTestSuite(...)'

2021-11-23 17:13:13 - [TEST_STEP][PASSED] - openBrowser(baseUrl): Browser is opened with url: 'https://efatura-stage.elogo.com.tr/'

2021-11-23 17:13:13 - [MESSAGE][INFO] - Opening browser

2021-11-23 17:13:13 - [MESSAGE][INFO] - Starting 'Chrome' driver

2021-11-23 17:13:13 - [MESSAGE][INFO] - User set preference: ['prefs', '{download.default_directory=C:\otomasyondownfiles}']

2021-11-23 17:13:13 - [MESSAGE][INFO] - Action delay is set to 0 milliseconds

2021-11-23 17:13:14 - [MESSAGE][INFO] - Navigating browser to: 'https://efatura-stage.elogo.com.tr/'

2021-11-23 17:13:16 - [MESSAGE][PASSED] - Browser is opened with url: 'https://efatura-stage.elogo.com.tr/'

2021-11-23 17:13:16 - [TEST_STEP][PASSED] - maximizeWindow(): Invoke 'com.kms.katalon.core.annotation.BeforeTestCase' method: 'Listener.sampleBeforeTestSuite(...)' completed.

2021-11-23 17:13:16 - [MESSAGE][INFO] - Maximizing current window

2021-11-23 17:13:17 - [MESSAGE][PASSED] - Current window maximized

2021-11-23 17:13:17 - [MESSAGE][INFO] - Invoke 'com.kms.katalon.core.annotation.BeforeTestCase' method: 'Listener.sampleBeforeTestSuite(...)' completed.

2021-11-23 17:13:17 - [TEST_STEP][PASSED] - runFeatureFile("Include/features/Ayarlar/Gorsel Tasarimlar/Hazir Tasarim Araci/e-Fatura/Buton Kontrolu.feature"): Feature file: 'Include/features/Ayarlar/Gorsel Tasarimlar/Hazir Tasarim Araci/e-Fatura/Buton Kontrolu.feature' was passed

2021-11-23 17:13:17 - [MESSAGE][INFO] - Starting run keyword runFeatureFile: 'Include/features/Ayarlar/Gorsel Tasarimlar/Hazir Tasarim Araci/e-Fatura/Buton Kontrolu.feature' and extract report to folder: 'C:\Users\DELL\Documents\GitHub\EES_KatalonLogo\Reports\20211123_163326\Suite Repository\Ayarlar\20211123_163427/cucumber_report/1637676797678'...

2021-11-23 17:13:17 - [MESSAGE][INFO] - Glue: []

2021-11-23 17:13:20 - [MESSAGE][INFO] - Checking called Test Case

2021-11-23 17:13:20 - [MESSAGE][INFO] - Starting to call Test Case 'Test Cases/Sayfalar/Giris_Sayfasi/Login'

2021-11-23 17:13:20 - [TEST_CASE][PASSED] - Test Cases/Sayfalar/Giris_Sayfasi/Login: Test Cases/Sayfalar/Giris_Sayfasi/Login

2021-11-23 17:13:20 - [TEST_STEP][PASSED] - Sayfa_Basligi = getWindowTitle(): Current window's title is: 'LOGO e-Fatura'

2021-11-23 17:13:20 - [MESSAGE][INFO] - Getting current window's title

2021-11-23 17:13:20 - [MESSAGE][PASSED] - Current window's title is: 'LOGO e-Fatura'

2021-11-23 17:13:20 - [TEST_STEP][PASSED] - verifyMatch(Sayfa_Basligi, "LOGO e-Fatura", false): Actual text 'LOGO e-Fatura' and expected text 'LOGO e-Fatura' are matched 

2021-11-23 17:13:20 - [MESSAGE][INFO] - Matching actual text 'LOGO e-Fatura' with expected text 'LOGO e-Fatura'

2021-11-23 17:13:20 - [MESSAGE][PASSED] - Actual text 'LOGO e-Fatura' and expected text 'LOGO e-Fatura' are matched 

2021-11-23 17:13:20 - [TEST_STEP][PASSED] - sendKeys(findTestObject("Sayfalar/Giris_Sayfasi/Firma_Kodu"), KullaniciAdi): Keys 'ELOGO6' sent to object: 'Object Repository/Sayfalar/Giris_Sayfasi/Firma_Kodu'

2021-11-23 17:13:20 - [MESSAGE][INFO] - Finding Test Object 'Object Repository/Sayfalar/Giris_Sayfasi/Firma_Kodu'

2021-11-23 17:13:20 - [MESSAGE][INFO] - Sending keys 'ELOGO6' to object: 'Object Repository/Sayfalar/Giris_Sayfasi/Firma_Kodu'

2021-11-23 17:13:20 - [MESSAGE][INFO] - Finding web element from Test Object's properties

2021-11-23 17:13:20 - [MESSAGE][INFO] - Checking timeout

2021-11-23 17:13:20 - [MESSAGE][INFO] - Finding web element with id: 'Object Repository/Sayfalar/Giris_Sayfasi/Firma_Kodu' located by 'By.xpath: //*[@id = 'AccountName']' in '30' second(s)

2021-11-23 17:13:20 - [MESSAGE][INFO] - Smart Wait Function is triggered

2021-11-23 17:13:20 - [MESSAGE][INFO] - Found 1 web elements with id: 'Object Repository/Sayfalar/Giris_Sayfasi/Firma_Kodu' located by 'By.xpath: //*[@id = 'AccountName']' in '30' second(s)

2021-11-23 17:13:20 - [MESSAGE][PASSED] - Keys 'ELOGO6' sent to object: 'Object Repository/Sayfalar/Giris_Sayfasi/Firma_Kodu'

2021-11-23 17:13:20 - [TEST_STEP][PASSED] - sendKeys(findTestObject("Sayfalar/Giris_Sayfasi/Sifre"), Sifre): Keys '123456' sent to object: 'Object Repository/Sayfalar/Giris_Sayfasi/Sifre'

2021-11-23 17:13:20 - [MESSAGE][INFO] - Finding Test Object 'Object Repository/Sayfalar/Giris_Sayfasi/Sifre'

2021-11-23 17:13:21 - [MESSAGE][INFO] - Sending keys '123456' to object: 'Object Repository/Sayfalar/Giris_Sayfasi/Sifre'

2021-11-23 17:13:21 - [MESSAGE][INFO] - Finding web element from Test Object's properties

2021-11-23 17:13:21 - [MESSAGE][INFO] - Checking timeout

2021-11-23 17:13:21 - [MESSAGE][INFO] - Finding web element with id: 'Object Repository/Sayfalar/Giris_Sayfasi/Sifre' located by 'By.xpath: //*[@id = 'Password']' in '30' second(s)

2021-11-23 17:13:21 - [MESSAGE][INFO] - Smart Wait Function is triggered

2021-11-23 17:13:21 - [MESSAGE][INFO] - Found 1 web elements with id: 'Object Repository/Sayfalar/Giris_Sayfasi/Sifre' located by 'By.xpath: //*[@id = 'Password']' in '30' second(s)

2021-11-23 17:13:21 - [MESSAGE][PASSED] - Keys '123456' sent to object: 'Object Repository/Sayfalar/Giris_Sayfasi/Sifre'

2021-11-23 17:13:21 - [TEST_STEP][PASSED] - findWebElement(findTestObject("Sayfalar/Giris_Sayfasi/Giris_Butonu")).click(): Found 1 web elements with id: 'Object Repository/Sayfalar/Giris_Sayfasi/Giris_Butonu' located by 'By.cssSelector: #btnLogin' in '30' second(s)

2021-11-23 17:13:21 - [MESSAGE][INFO] - Finding Test Object 'Object Repository/Sayfalar/Giris_Sayfasi/Giris_Butonu'

2021-11-23 17:13:21 - [MESSAGE][INFO] - Finding web element from Test Object's properties

2021-11-23 17:13:21 - [MESSAGE][INFO] - Checking timeout

2021-11-23 17:13:21 - [MESSAGE][INFO] - Finding web element with id: 'Object Repository/Sayfalar/Giris_Sayfasi/Giris_Butonu' located by 'By.cssSelector: #btnLogin' in '30' second(s)

2021-11-23 17:13:21 - [MESSAGE][INFO] - Smart Wait Function is triggered

2021-11-23 17:13:21 - [MESSAGE][INFO] - Found 1 web elements with id: 'Object Repository/Sayfalar/Giris_Sayfasi/Giris_Butonu' located by 'By.cssSelector: #btnLogin' in '30' second(s)

2021-11-23 17:13:25 - [TEST_STEP][PASSED] - if (verifyElementPresent(findTestObject("Object Repository/Sayfalar/Giris_Sayfasi/RetveTamam_Butonu"), 5, OPTIONAL)): null

2021-11-23 17:13:25 - [MESSAGE][INFO] - Finding Test Object 'Object Repository/Sayfalar/Giris_Sayfasi/RetveTamam_Butonu'

2021-11-23 17:13:25 - [MESSAGE][INFO] - Checking object

2021-11-23 17:13:25 - [MESSAGE][INFO] - Finding web element from Test Object's properties

2021-11-23 17:13:25 - [MESSAGE][INFO] - Checking timeout

2021-11-23 17:13:25 - [MESSAGE][INFO] - Finding web element with id: 'Object Repository/Sayfalar/Giris_Sayfasi/RetveTamam_Butonu' located by 'By.xpath: //*[@class = 'btn btn-default']' in '5' second(s)

2021-11-23 17:13:25 - [MESSAGE][INFO] - Smart Wait Function is triggered

2021-11-23 17:13:26 - [MESSAGE][INFO] - Found 1 web elements with id: 'Object Repository/Sayfalar/Giris_Sayfasi/RetveTamam_Butonu' located by 'By.xpath: //*[@class = 'btn btn-default']' in '5' second(s)

2021-11-23 17:13:26 - [MESSAGE][PASSED] - Object 'Object Repository/Sayfalar/Giris_Sayfasi/RetveTamam_Butonu' is present

2021-11-23 17:13:26 - [TEST_STEP][PASSED] - click(findTestObject("Object Repository/Sayfalar/Giris_Sayfasi/RetveTamam_Butonu")): Object: 'Object Repository/Sayfalar/Giris_Sayfasi/RetveTamam_Butonu' is clicked on

2021-11-23 17:13:26 - [MESSAGE][INFO] - Finding Test Object 'Object Repository/Sayfalar/Giris_Sayfasi/RetveTamam_Butonu'

2021-11-23 17:13:26 - [MESSAGE][INFO] - Checking object

2021-11-23 17:13:26 - [MESSAGE][INFO] - Finding web element from Test Object's properties

2021-11-23 17:13:26 - [MESSAGE][INFO] - Checking timeout

2021-11-23 17:13:26 - [MESSAGE][INFO] - Finding web element with id: 'Object Repository/Sayfalar/Giris_Sayfasi/RetveTamam_Butonu' located by 'By.xpath: //*[@class = 'btn btn-default']' in '30' second(s)

2021-11-23 17:13:26 - [MESSAGE][INFO] - Smart Wait Function is triggered

2021-11-23 17:13:26 - [MESSAGE][INFO] - Found 1 web elements with id: 'Object Repository/Sayfalar/Giris_Sayfasi/RetveTamam_Butonu' located by 'By.xpath: //*[@class = 'btn btn-default']' in '30' second(s)

2021-11-23 17:13:26 - [MESSAGE][INFO] - Clicking on object: 'Object Repository/Sayfalar/Giris_Sayfasi/RetveTamam_Butonu'

2021-11-23 17:13:26 - [MESSAGE][PASSED] - Object: 'Object Repository/Sayfalar/Giris_Sayfasi/RetveTamam_Butonu' is clicked on

2021-11-23 17:13:26 - [TEST_STEP][PASSED] - click(findTestObject("Object Repository/Sayfalar/Giris_Sayfasi/RetveTamam_Butonu")): Object: 'Object Repository/Sayfalar/Giris_Sayfasi/RetveTamam_Butonu' is clicked on

2021-11-23 17:13:26 - [MESSAGE][INFO] - Finding Test Object 'Object Repository/Sayfalar/Giris_Sayfasi/RetveTamam_Butonu'

2021-11-23 17:13:26 - [MESSAGE][INFO] - Checking object

2021-11-23 17:13:26 - [MESSAGE][INFO] - Finding web element from Test Object's properties

2021-11-23 17:13:26 - [MESSAGE][INFO] - Checking timeout

2021-11-23 17:13:26 - [MESSAGE][INFO] - Finding web element with id: 'Object Repository/Sayfalar/Giris_Sayfasi/RetveTamam_Butonu' located by 'By.xpath: //*[@class = 'btn btn-default']' in '30' second(s)

2021-11-23 17:13:26 - [MESSAGE][INFO] - Smart Wait Function is triggered

2021-11-23 17:13:29 - [MESSAGE][INFO] - Found 1 web elements with id: 'Object Repository/Sayfalar/Giris_Sayfasi/RetveTamam_Butonu' located by 'By.xpath: //*[@class = 'btn btn-default']' in '30' second(s)

2021-11-23 17:13:29 - [MESSAGE][INFO] - Clicking on object: 'Object Repository/Sayfalar/Giris_Sayfasi/RetveTamam_Butonu'

2021-11-23 17:13:29 - [MESSAGE][PASSED] - Object: 'Object Repository/Sayfalar/Giris_Sayfasi/RetveTamam_Butonu' is clicked on

2021-11-23 17:13:29 - [TEST_STEP][PASSED] - if (verifyElementPresent(findTestObject("Sayfalar/Giris_Sayfasi/PopupOK"), 5, OPTIONAL)): null

2021-11-23 17:13:29 - [MESSAGE][INFO] - Finding Test Object 'Object Repository/Sayfalar/Giris_Sayfasi/PopupOK'

2021-11-23 17:13:29 - [MESSAGE][INFO] - Checking object

2021-11-23 17:13:29 - [MESSAGE][INFO] - Finding web element from Test Object's properties

2021-11-23 17:13:29 - [MESSAGE][INFO] - Checking timeout

2021-11-23 17:13:29 - [MESSAGE][INFO] - Finding web element with id: 'Object Repository/Sayfalar/Giris_Sayfasi/PopupOK' located by 'By.cssSelector: .btn.btn-success' in '5' second(s)

2021-11-23 17:13:29 - [MESSAGE][INFO] - Smart Wait Function is triggered

2021-11-23 17:13:30 - [MESSAGE][INFO] - Found 1 web elements with id: 'Object Repository/Sayfalar/Giris_Sayfasi/PopupOK' located by 'By.cssSelector: .btn.btn-success' in '5' second(s)

2021-11-23 17:13:30 - [MESSAGE][PASSED] - Object 'Object Repository/Sayfalar/Giris_Sayfasi/PopupOK' is present

2021-11-23 17:13:30 - [TEST_STEP][PASSED] - click(findTestObject("Object Repository/Sayfalar/Giris_Sayfasi/PopupCarpiGiris")): Object: 'Object Repository/Sayfalar/Giris_Sayfasi/PopupCarpiGiris' is clicked on

2021-11-23 17:13:30 - [MESSAGE][INFO] - Finding Test Object 'Object Repository/Sayfalar/Giris_Sayfasi/PopupCarpiGiris'

2021-11-23 17:13:30 - [MESSAGE][INFO] - Checking object

2021-11-23 17:13:30 - [MESSAGE][INFO] - Finding web element from Test Object's properties

2021-11-23 17:13:30 - [MESSAGE][INFO] - Checking timeout

2021-11-23 17:13:30 - [MESSAGE][INFO] - Finding web element with id: 'Object Repository/Sayfalar/Giris_Sayfasi/PopupCarpiGiris' located by 'By.cssSelector: .bootbox-close-button.close' in '30' second(s)

2021-11-23 17:13:30 - [MESSAGE][INFO] - Smart Wait Function is triggered

2021-11-23 17:13:30 - [MESSAGE][INFO] - Found 1 web elements with id: 'Object Repository/Sayfalar/Giris_Sayfasi/PopupCarpiGiris' located by 'By.cssSelector: .bootbox-close-button.close' in '30' second(s)

2021-11-23 17:13:30 - [MESSAGE][INFO] - Clicking on object: 'Object Repository/Sayfalar/Giris_Sayfasi/PopupCarpiGiris'

2021-11-23 17:13:30 - [MESSAGE][PASSED] - Object: 'Object Repository/Sayfalar/Giris_Sayfasi/PopupCarpiGiris' is clicked on

2021-11-23 17:13:30 - [TEST_STEP][PASSED] - verifyElementVisible(findTestObject("Object Repository/Kullanici_Islemleri/KullaniciIslemleri")): Object 'Object Repository/Kullanici_Islemleri/KullaniciIslemleri' is visible

2021-11-23 17:13:30 - [MESSAGE][INFO] - Finding Test Object 'Object Repository/Kullanici_Islemleri/KullaniciIslemleri'

2021-11-23 17:13:30 - [MESSAGE][INFO] - Checking object

2021-11-23 17:13:30 - [MESSAGE][INFO] - Finding web element from Test Object's properties

2021-11-23 17:13:30 - [MESSAGE][INFO] - Checking timeout

2021-11-23 17:13:30 - [MESSAGE][INFO] - Finding web element with id: 'Object Repository/Kullanici_Islemleri/KullaniciIslemleri' located by 'By.cssSelector: .dropdown>a>img' in '30' second(s)

2021-11-23 17:13:30 - [MESSAGE][INFO] - Smart Wait Function is triggered

2021-11-23 17:13:31 - [MESSAGE][INFO] - Found 1 web elements with id: 'Object Repository/Kullanici_Islemleri/KullaniciIslemleri' located by 'By.cssSelector: .dropdown>a>img' in '30' second(s)

2021-11-23 17:13:31 - [MESSAGE][PASSED] - Object 'Object Repository/Kullanici_Islemleri/KullaniciIslemleri' is visible

2021-11-23 17:13:31 - [MESSAGE][PASSED] - Call Test Case 'Test Cases/Sayfalar/Giris_Sayfasi/Login' successfully

2021-11-23 17:13:31 - [MESSAGE][INFO] - Checking called Test Case

2021-11-23 17:13:31 - [MESSAGE][INFO] - Starting to call Test Case 'Test Cases/Menu/AnaMenuSecimi'

2021-11-23 17:13:31 - [TEST_CASE][PASSED] - Test Cases/Menu/AnaMenuSecimi: Test Cases/Menu/AnaMenuSecimi

2021-11-23 17:13:31 - [TEST_STEP][PASSED] - Method.TextDegerineEsitElementeTikla(findTestObject("Menu/Ana_Menu"), Ana_Menu): Method.TextDegerineEsitElementeTikla is PASSED

2021-11-23 17:13:31 - [MESSAGE][INFO] - Finding Test Object 'Object Repository/Menu/Ana_Menu'

2021-11-23 17:13:31 - [MESSAGE][INFO] - Checking timeout

2021-11-23 17:13:31 - [MESSAGE][INFO] - Finding web element with id: 'Object Repository/Menu/Ana_Menu' located by 'By.xpath: //*[@class = 'dropdown-toggle']' in '10' second(s)

2021-11-23 17:13:31 - [MESSAGE][INFO] - Smart Wait Function is triggered

2021-11-23 17:13:32 - [MESSAGE][INFO] - Found 14 web elements with id: 'Object Repository/Menu/Ana_Menu' located by 'By.xpath: //*[@class = 'dropdown-toggle']' in '10' second(s)

2021-11-23 17:13:32 - [MESSAGE][PASSED] - Method.TextDegerineEsitElementeTikla is PASSED

2021-11-23 17:13:32 - [MESSAGE][PASSED] - Call Test Case 'Test Cases/Menu/AnaMenuSecimi' successfully

2021-11-23 17:13:32 - [MESSAGE][INFO] - Checking called Test Case

2021-11-23 17:13:32 - [MESSAGE][INFO] - Starting to call Test Case 'Test Cases/Menu/BasligaGoreAltMenuSecimi'

2021-11-23 17:13:32 - [TEST_CASE][PASSED] - Test Cases/Menu/BasligaGoreAltMenuSecimi: Test Cases/Menu/BasligaGoreAltMenuSecimi

2021-11-23 17:13:32 - [TEST_STEP][PASSED] - Method.TextDegerineEsitElementinAltindakiTextDegerineEsitOlanaTikla(findTestObject("Menu/Menu_Basligi"), findTestObject("Menu/Basliga_Gore_Alt_Menu"), Baslik, Alt_Menu): Method.TextDegerineEsitElementinAltindakiTextDegerineEsitOlanaTikla is PASSED

2021-11-23 17:13:32 - [MESSAGE][INFO] - Finding Test Object 'Object Repository/Menu/Menu_Basligi'

2021-11-23 17:13:32 - [MESSAGE][INFO] - Finding Test Object 'Object Repository/Menu/Basliga_Gore_Alt_Menu'

2021-11-23 17:13:32 - [MESSAGE][INFO] - Checking timeout

2021-11-23 17:13:32 - [MESSAGE][INFO] - Finding web element with id: 'Object Repository/Menu/Menu_Basligi' located by 'By.xpath: //li[@class='dropdown dropdown-large open']//li[@class='dropdown-header']' in '10' second(s)

2021-11-23 17:13:32 - [MESSAGE][INFO] - Smart Wait Function is triggered

2021-11-23 17:13:32 - [MESSAGE][INFO] - Found 2 web elements with id: 'Object Repository/Menu/Menu_Basligi' located by 'By.xpath: //li[@class='dropdown dropdown-large open']//li[@class='dropdown-header']' in '10' second(s)

2021-11-23 17:13:32 - [MESSAGE][INFO] - Smart Wait Function is triggered

2021-11-23 17:13:39 - [MESSAGE][PASSED] - Method.TextDegerineEsitElementinAltindakiTextDegerineEsitOlanaTikla is PASSED

2021-11-23 17:13:39 - [MESSAGE][PASSED] - Call Test Case 'Test Cases/Menu/BasligaGoreAltMenuSecimi' successfully

2021-11-23 17:13:39 - [MESSAGE][INFO] - Checking called Test Case

2021-11-23 17:13:39 - [MESSAGE][INFO] - Starting to call Test Case 'Test Cases/Sayfalar/Yetki_Yonetimi/SekmeSecilir'

2021-11-23 17:13:39 - [TEST_CASE][PASSED] - Test Cases/Sayfalar/Yetki_Yonetimi/SekmeSecilir: Test Cases/Sayfalar/Yetki_Yonetimi/SekmeSecilir

2021-11-23 17:13:40 - [TEST_STEP][PASSED] - Method.TextDegerineEsitElementeTikla(findTestObject("Object Repository/Sayfalar/Yetki_Yonetimi/Sekmeler"), Sekme): Method.TextDegerineEsitElementeTikla is PASSED

2021-11-23 17:13:40 - [MESSAGE][INFO] - Finding Test Object 'Object Repository/Sayfalar/Yetki_Yonetimi/Sekmeler'

2021-11-23 17:13:40 - [MESSAGE][INFO] - Checking timeout

2021-11-23 17:13:40 - [MESSAGE][INFO] - Finding web element with id: 'Object Repository/Sayfalar/Yetki_Yonetimi/Sekmeler' located by 'By.cssSelector: #pcFeatures_TC>li[class="dxtc-tab"] span,#pcFeatures_TC>li[class="dxtc-activeTab dxtc-lead"] span' in '10' second(s)

2021-11-23 17:13:40 - [MESSAGE][INFO] - Smart Wait Function is triggered

2021-11-23 17:13:40 - [MESSAGE][INFO] - Found 5 web elements with id: 'Object Repository/Sayfalar/Yetki_Yonetimi/Sekmeler' located by 'By.cssSelector: #pcFeatures_TC>li[class="dxtc-tab"] span,#pcFeatures_TC>li[class="dxtc-activeTab dxtc-lead"] span' in '10' second(s)

2021-11-23 17:13:40 - [MESSAGE][PASSED] - Method.TextDegerineEsitElementeTikla is PASSED

2021-11-23 17:13:40 - [MESSAGE][PASSED] - Call Test Case 'Test Cases/Sayfalar/Yetki_Yonetimi/SekmeSecilir' successfully

2021-11-23 17:13:40 - [MESSAGE][INFO] - Checking called Test Case

2021-11-23 17:13:40 - [MESSAGE][INFO] - Starting to call Test Case 'Test Cases/Sayfalar/Ayarlar/Gorsel_Tasarim/SablonButonuVarMi'

2021-11-23 17:13:40 - [TEST_CASE][PASSED] - Test Cases/Sayfalar/Ayarlar/Gorsel_Tasarim/SablonButonuVarMi: Test Cases/Sayfalar/Ayarlar/Gorsel_Tasarim/SablonButonuVarMi

2021-11-23 17:13:41 - [TEST_STEP][PASSED] - Method.TextDegerineEsitElementinAltindaTextDegerineEsitOlanVarMi(findTestObject("Object Repository/Sayfalar/Ayarlar/Gorsel_Tasarim/Sablonlar"), findTestObject("Object Repository/Sayfalar/Ayarlar/Gorsel_Tasarim/SablonButonlari"), Sablon, Buton): Method.TextDegerineEsitElementinAltindaTextDegerineEsitOlanVarMi is PASSED

2021-11-23 17:13:41 - [MESSAGE][INFO] - Finding Test Object 'Object Repository/Sayfalar/Ayarlar/Gorsel_Tasarim/Sablonlar'

2021-11-23 17:13:41 - [MESSAGE][INFO] - Finding Test Object 'Object Repository/Sayfalar/Ayarlar/Gorsel_Tasarim/SablonButonlari'

2021-11-23 17:13:41 - [MESSAGE][INFO] - Checking timeout

2021-11-23 17:13:41 - [MESSAGE][INFO] - Finding web element with id: 'Object Repository/Sayfalar/Ayarlar/Gorsel_Tasarim/Sablonlar' located by 'By.cssSelector: .dxgvDataRow_LECustomTheme>td>b' in '10' second(s)

2021-11-23 17:13:41 - [MESSAGE][INFO] - Smart Wait Function is triggered

2021-11-23 17:13:41 - [MESSAGE][INFO] - Found 12 web elements with id: 'Object Repository/Sayfalar/Ayarlar/Gorsel_Tasarim/Sablonlar' located by 'By.cssSelector: .dxgvDataRow_LECustomTheme>td>b' in '10' second(s)

2021-11-23 17:13:41 - [MESSAGE][INFO] - Smart Wait Function is triggered

2021-11-23 17:13:42 - [MESSAGE][PASSED] - Method.TextDegerineEsitElementinAltindaTextDegerineEsitOlanVarMi is PASSED

2021-11-23 17:13:42 - [MESSAGE][PASSED] - Call Test Case 'Test Cases/Sayfalar/Ayarlar/Gorsel_Tasarim/SablonButonuVarMi' successfully

2021-11-23 17:13:42 - [MESSAGE][INFO] - Checking called Test Case

2021-11-23 17:13:42 - [MESSAGE][INFO] - Starting to call Test Case 'Test Cases/Sayfalar/Ayarlar/Gorsel_Tasarim/SablonButonuVarMi'

2021-11-23 17:13:42 - [TEST_CASE][PASSED] - Test Cases/Sayfalar/Ayarlar/Gorsel_Tasarim/SablonButonuVarMi: Test Cases/Sayfalar/Ayarlar/Gorsel_Tasarim/SablonButonuVarMi

2021-11-23 17:13:42 - [TEST_STEP][PASSED] - Method.TextDegerineEsitElementinAltindaTextDegerineEsitOlanVarMi(findTestObject("Object Repository/Sayfalar/Ayarlar/Gorsel_Tasarim/Sablonlar"), findTestObject("Object Repository/Sayfalar/Ayarlar/Gorsel_Tasarim/SablonButonlari"), Sablon, Buton): Method.TextDegerineEsitElementinAltindaTextDegerineEsitOlanVarMi is PASSED

2021-11-23 17:13:42 - [MESSAGE][INFO] - Finding Test Object 'Object Repository/Sayfalar/Ayarlar/Gorsel_Tasarim/Sablonlar'

2021-11-23 17:13:42 - [MESSAGE][INFO] - Finding Test Object 'Object Repository/Sayfalar/Ayarlar/Gorsel_Tasarim/SablonButonlari'

2021-11-23 17:13:42 - [MESSAGE][INFO] - Checking timeout

2021-11-23 17:13:42 - [MESSAGE][INFO] - Finding web element with id: 'Object Repository/Sayfalar/Ayarlar/Gorsel_Tasarim/Sablonlar' located by 'By.cssSelector: .dxgvDataRow_LECustomTheme>td>b' in '10' second(s)

2021-11-23 17:13:42 - [MESSAGE][INFO] - Smart Wait Function is triggered

2021-11-23 17:13:42 - [MESSAGE][INFO] - Found 12 web elements with id: 'Object Repository/Sayfalar/Ayarlar/Gorsel_Tasarim/Sablonlar' located by 'By.cssSelector: .dxgvDataRow_LECustomTheme>td>b' in '10' second(s)

2021-11-23 17:13:42 - [MESSAGE][INFO] - Smart Wait Function is triggered

2021-11-23 17:13:42 - [MESSAGE][PASSED] - Method.TextDegerineEsitElementinAltindaTextDegerineEsitOlanVarMi is PASSED

2021-11-23 17:13:42 - [MESSAGE][PASSED] - Call Test Case 'Test Cases/Sayfalar/Ayarlar/Gorsel_Tasarim/SablonButonuVarMi' successfully

2021-11-23 17:13:42 - [MESSAGE][INFO] - Checking called Test Case

2021-11-23 17:13:42 - [MESSAGE][INFO] - Starting to call Test Case 'Test Cases/Sayfalar/Ayarlar/Gorsel_Tasarim/SablonButonuVarMi'

2021-11-23 17:13:42 - [TEST_CASE][PASSED] - Test Cases/Sayfalar/Ayarlar/Gorsel_Tasarim/SablonButonuVarMi: Test Cases/Sayfalar/Ayarlar/Gorsel_Tasarim/SablonButonuVarMi

2021-11-23 17:13:42 - [TEST_STEP][PASSED] - Method.TextDegerineEsitElementinAltindaTextDegerineEsitOlanVarMi(findTestObject("Object Repository/Sayfalar/Ayarlar/Gorsel_Tasarim/Sablonlar"), findTestObject("Object Repository/Sayfalar/Ayarlar/Gorsel_Tasarim/SablonButonlari"), Sablon, Buton): Method.TextDegerineEsitElementinAltindaTextDegerineEsitOlanVarMi is PASSED

2021-11-23 17:13:42 - [MESSAGE][INFO] - Finding Test Object 'Object Repository/Sayfalar/Ayarlar/Gorsel_Tasarim/Sablonlar'

2021-11-23 17:13:43 - [MESSAGE][INFO] - Finding Test Object 'Object Repository/Sayfalar/Ayarlar/Gorsel_Tasarim/SablonButonlari'

2021-11-23 17:13:43 - [MESSAGE][INFO] - Checking timeout

2021-11-23 17:13:43 - [MESSAGE][INFO] - Finding web element with id: 'Object Repository/Sayfalar/Ayarlar/Gorsel_Tasarim/Sablonlar' located by 'By.cssSelector: .dxgvDataRow_LECustomTheme>td>b' in '10' second(s)

2021-11-23 17:13:43 - [MESSAGE][INFO] - Smart Wait Function is triggered

2021-11-23 17:13:43 - [MESSAGE][INFO] - Found 12 web elements with id: 'Object Repository/Sayfalar/Ayarlar/Gorsel_Tasarim/Sablonlar' located by 'By.cssSelector: .dxgvDataRow_LECustomTheme>td>b' in '10' second(s)

2021-11-23 17:13:43 - [MESSAGE][INFO] - Smart Wait Function is triggered

2021-11-23 17:13:43 - [MESSAGE][PASSED] - Method.TextDegerineEsitElementinAltindaTextDegerineEsitOlanVarMi is PASSED

2021-11-23 17:13:43 - [MESSAGE][PASSED] - Call Test Case 'Test Cases/Sayfalar/Ayarlar/Gorsel_Tasarim/SablonButonuVarMi' successfully

2021-11-23 17:13:43 - [MESSAGE][INFO] - Checking called Test Case

2021-11-23 17:13:43 - [MESSAGE][INFO] - Starting to call Test Case 'Test Cases/Sayfalar/Ayarlar/Gorsel_Tasarim/SablonButonuVarMi'

2021-11-23 17:13:43 - [TEST_CASE][PASSED] - Test Cases/Sayfalar/Ayarlar/Gorsel_Tasarim/SablonButonuVarMi: Test Cases/Sayfalar/Ayarlar/Gorsel_Tasarim/SablonButonuVarMi

2021-11-23 17:13:43 - [TEST_STEP][PASSED] - Method.TextDegerineEsitElementinAltindaTextDegerineEsitOlanVarMi(findTestObject("Object Repository/Sayfalar/Ayarlar/Gorsel_Tasarim/Sablonlar"), findTestObject("Object Repository/Sayfalar/Ayarlar/Gorsel_Tasarim/SablonButonlari"), Sablon, Buton): Method.TextDegerineEsitElementinAltindaTextDegerineEsitOlanVarMi is PASSED

2021-11-23 17:13:43 - [MESSAGE][INFO] - Finding Test Object 'Object Repository/Sayfalar/Ayarlar/Gorsel_Tasarim/Sablonlar'

2021-11-23 17:13:43 - [MESSAGE][INFO] - Finding Test Object 'Object Repository/Sayfalar/Ayarlar/Gorsel_Tasarim/SablonButonlari'

2021-11-23 17:13:43 - [MESSAGE][INFO] - Checking timeout

2021-11-23 17:13:43 - [MESSAGE][INFO] - Finding web element with id: 'Object Repository/Sayfalar/Ayarlar/Gorsel_Tasarim/Sablonlar' located by 'By.cssSelector: .dxgvDataRow_LECustomTheme>td>b' in '10' second(s)

2021-11-23 17:13:43 - [MESSAGE][INFO] - Smart Wait Function is triggered

2021-11-23 17:13:44 - [MESSAGE][INFO] - Found 12 web elements with id: 'Object Repository/Sayfalar/Ayarlar/Gorsel_Tasarim/Sablonlar' located by 'By.cssSelector: .dxgvDataRow_LECustomTheme>td>b' in '10' second(s)

2021-11-23 17:13:44 - [MESSAGE][INFO] - Smart Wait Function is triggered

2021-11-23 17:13:44 - [MESSAGE][PASSED] - Method.TextDegerineEsitElementinAltindaTextDegerineEsitOlanVarMi is PASSED

2021-11-23 17:13:44 - [MESSAGE][PASSED] - Call Test Case 'Test Cases/Sayfalar/Ayarlar/Gorsel_Tasarim/SablonButonuVarMi' successfully

2021-11-23 17:13:44 - [MESSAGE][INFO] - Checking called Test Case

2021-11-23 17:13:44 - [MESSAGE][INFO] - Starting to call Test Case 'Test Cases/Sayfalar/Ayarlar/Gorsel_Tasarim/SablonButonuVarMi'

2021-11-23 17:13:44 - [TEST_CASE][PASSED] - Test Cases/Sayfalar/Ayarlar/Gorsel_Tasarim/SablonButonuVarMi: Test Cases/Sayfalar/Ayarlar/Gorsel_Tasarim/SablonButonuVarMi

2021-11-23 17:13:44 - [TEST_STEP][PASSED] - Method.TextDegerineEsitElementinAltindaTextDegerineEsitOlanVarMi(findTestObject("Object Repository/Sayfalar/Ayarlar/Gorsel_Tasarim/Sablonlar"), findTestObject("Object Repository/Sayfalar/Ayarlar/Gorsel_Tasarim/SablonButonlari"), Sablon, Buton): Method.TextDegerineEsitElementinAltindaTextDegerineEsitOlanVarMi is PASSED

2021-11-23 17:13:44 - [MESSAGE][INFO] - Finding Test Object 'Object Repository/Sayfalar/Ayarlar/Gorsel_Tasarim/Sablonlar'

2021-11-23 17:13:44 - [MESSAGE][INFO] - Finding Test Object 'Object Repository/Sayfalar/Ayarlar/Gorsel_Tasarim/SablonButonlari'

2021-11-23 17:13:44 - [MESSAGE][INFO] - Checking timeout

2021-11-23 17:13:44 - [MESSAGE][INFO] - Finding web element with id: 'Object Repository/Sayfalar/Ayarlar/Gorsel_Tasarim/Sablonlar' located by 'By.cssSelector: .dxgvDataRow_LECustomTheme>td>b' in '10' second(s)

2021-11-23 17:13:44 - [MESSAGE][INFO] - Smart Wait Function is triggered

2021-11-23 17:13:45 - [MESSAGE][INFO] - Found 12 web elements with id: 'Object Repository/Sayfalar/Ayarlar/Gorsel_Tasarim/Sablonlar' located by 'By.cssSelector: .dxgvDataRow_LECustomTheme>td>b' in '10' second(s)

2021-11-23 17:13:45 - [MESSAGE][INFO] - Smart Wait Function is triggered

2021-11-23 17:13:45 - [MESSAGE][PASSED] - Method.TextDegerineEsitElementinAltindaTextDegerineEsitOlanVarMi is PASSED

2021-11-23 17:13:45 - [MESSAGE][PASSED] - Call Test Case 'Test Cases/Sayfalar/Ayarlar/Gorsel_Tasarim/SablonButonuVarMi' successfully

2021-11-23 17:13:45 - [MESSAGE][INFO] - Checking called Test Case

2021-11-23 17:13:45 - [MESSAGE][INFO] - Starting to call Test Case 'Test Cases/Sayfalar/Ayarlar/Gorsel_Tasarim/SablonButonuVarMi'

2021-11-23 17:13:45 - [TEST_CASE][PASSED] - Test Cases/Sayfalar/Ayarlar/Gorsel_Tasarim/SablonButonuVarMi: Test Cases/Sayfalar/Ayarlar/Gorsel_Tasarim/SablonButonuVarMi

2021-11-23 17:13:45 - [TEST_STEP][PASSED] - Method.TextDegerineEsitElementinAltindaTextDegerineEsitOlanVarMi(findTestObject("Object Repository/Sayfalar/Ayarlar/Gorsel_Tasarim/Sablonlar"), findTestObject("Object Repository/Sayfalar/Ayarlar/Gorsel_Tasarim/SablonButonlari"), Sablon, Buton): Method.TextDegerineEsitElementinAltindaTextDegerineEsitOlanVarMi is PASSED

2021-11-23 17:13:45 - [MESSAGE][INFO] - Finding Test Object 'Object Repository/Sayfalar/Ayarlar/Gorsel_Tasarim/Sablonlar'

2021-11-23 17:13:45 - [MESSAGE][INFO] - Finding Test Object 'Object Repository/Sayfalar/Ayarlar/Gorsel_Tasarim/SablonButonlari'

2021-11-23 17:13:45 - [MESSAGE][INFO] - Checking timeout

2021-11-23 17:13:45 - [MESSAGE][INFO] - Finding web element with id: 'Object Repository/Sayfalar/Ayarlar/Gorsel_Tasarim/Sablonlar' located by 'By.cssSelector: .dxgvDataRow_LECustomTheme>td>b' in '10' second(s)

2021-11-23 17:13:45 - [MESSAGE][INFO] - Smart Wait Function is triggered

2021-11-23 17:13:45 - [MESSAGE][INFO] - Found 12 web elements with id: 'Object Repository/Sayfalar/Ayarlar/Gorsel_Tasarim/Sablonlar' located by 'By.cssSelector: .dxgvDataRow_LECustomTheme>td>b' in '10' second(s)

2021-11-23 17:13:45 - [MESSAGE][INFO] - Smart Wait Function is triggered

2021-11-23 17:13:46 - [MESSAGE][PASSED] - Method.TextDegerineEsitElementinAltindaTextDegerineEsitOlanVarMi is PASSED

2021-11-23 17:13:46 - [MESSAGE][PASSED] - Call Test Case 'Test Cases/Sayfalar/Ayarlar/Gorsel_Tasarim/SablonButonuVarMi' successfully

2021-11-23 17:13:46 - [MESSAGE][INFO] - Checking called Test Case

2021-11-23 17:13:46 - [MESSAGE][INFO] - Starting to call Test Case 'Test Cases/Sayfalar/Ayarlar/Gorsel_Tasarim/SablonButonuVarMi'

2021-11-23 17:13:46 - [TEST_CASE][PASSED] - Test Cases/Sayfalar/Ayarlar/Gorsel_Tasarim/SablonButonuVarMi: Test Cases/Sayfalar/Ayarlar/Gorsel_Tasarim/SablonButonuVarMi

2021-11-23 17:13:46 - [TEST_STEP][PASSED] - Method.TextDegerineEsitElementinAltindaTextDegerineEsitOlanVarMi(findTestObject("Object Repository/Sayfalar/Ayarlar/Gorsel_Tasarim/Sablonlar"), findTestObject("Object Repository/Sayfalar/Ayarlar/Gorsel_Tasarim/SablonButonlari"), Sablon, Buton): Method.TextDegerineEsitElementinAltindaTextDegerineEsitOlanVarMi is PASSED

2021-11-23 17:13:46 - [MESSAGE][INFO] - Finding Test Object 'Object Repository/Sayfalar/Ayarlar/Gorsel_Tasarim/Sablonlar'

2021-11-23 17:13:46 - [MESSAGE][INFO] - Finding Test Object 'Object Repository/Sayfalar/Ayarlar/Gorsel_Tasarim/SablonButonlari'

2021-11-23 17:13:46 - [MESSAGE][INFO] - Checking timeout

2021-11-23 17:13:46 - [MESSAGE][INFO] - Finding web element with id: 'Object Repository/Sayfalar/Ayarlar/Gorsel_Tasarim/Sablonlar' located by 'By.cssSelector: .dxgvDataRow_LECustomTheme>td>b' in '10' second(s)

2021-11-23 17:13:46 - [MESSAGE][INFO] - Smart Wait Function is triggered

2021-11-23 17:13:46 - [MESSAGE][INFO] - Found 12 web elements with id: 'Object Repository/Sayfalar/Ayarlar/Gorsel_Tasarim/Sablonlar' located by 'By.cssSelector: .dxgvDataRow_LECustomTheme>td>b' in '10' second(s)

2021-11-23 17:13:46 - [MESSAGE][INFO] - Smart Wait Function is triggered

2021-11-23 17:13:47 - [MESSAGE][PASSED] - Method.TextDegerineEsitElementinAltindaTextDegerineEsitOlanVarMi is PASSED

2021-11-23 17:13:47 - [MESSAGE][PASSED] - Call Test Case 'Test Cases/Sayfalar/Ayarlar/Gorsel_Tasarim/SablonButonuVarMi' successfully

2021-11-23 17:13:47 - [MESSAGE][INFO] - Checking called Test Case

2021-11-23 17:13:47 - [MESSAGE][INFO] - Starting to call Test Case 'Test Cases/Sayfalar/Ayarlar/Gorsel_Tasarim/SablonButonuVarMi'

2021-11-23 17:13:47 - [TEST_CASE][PASSED] - Test Cases/Sayfalar/Ayarlar/Gorsel_Tasarim/SablonButonuVarMi: Test Cases/Sayfalar/Ayarlar/Gorsel_Tasarim/SablonButonuVarMi

2021-11-23 17:13:47 - [TEST_STEP][PASSED] - Method.TextDegerineEsitElementinAltindaTextDegerineEsitOlanVarMi(findTestObject("Object Repository/Sayfalar/Ayarlar/Gorsel_Tasarim/Sablonlar"), findTestObject("Object Repository/Sayfalar/Ayarlar/Gorsel_Tasarim/SablonButonlari"), Sablon, Buton): Method.TextDegerineEsitElementinAltindaTextDegerineEsitOlanVarMi is PASSED

2021-11-23 17:13:47 - [MESSAGE][INFO] - Finding Test Object 'Object Repository/Sayfalar/Ayarlar/Gorsel_Tasarim/Sablonlar'

2021-11-23 17:13:47 - [MESSAGE][INFO] - Finding Test Object 'Object Repository/Sayfalar/Ayarlar/Gorsel_Tasarim/SablonButonlari'

2021-11-23 17:13:47 - [MESSAGE][INFO] - Checking timeout

2021-11-23 17:13:47 - [MESSAGE][INFO] - Finding web element with id: 'Object Repository/Sayfalar/Ayarlar/Gorsel_Tasarim/Sablonlar' located by 'By.cssSelector: .dxgvDataRow_LECustomTheme>td>b' in '10' second(s)

2021-11-23 17:13:47 - [MESSAGE][INFO] - Smart Wait Function is triggered

2021-11-23 17:13:47 - [MESSAGE][INFO] - Found 12 web elements with id: 'Object Repository/Sayfalar/Ayarlar/Gorsel_Tasarim/Sablonlar' located by 'By.cssSelector: .dxgvDataRow_LECustomTheme>td>b' in '10' second(s)

2021-11-23 17:13:47 - [MESSAGE][INFO] - Smart Wait Function is triggered

2021-11-23 17:13:48 - [MESSAGE][PASSED] - Method.TextDegerineEsitElementinAltindaTextDegerineEsitOlanVarMi is PASSED

2021-11-23 17:13:48 - [MESSAGE][PASSED] - Call Test Case 'Test Cases/Sayfalar/Ayarlar/Gorsel_Tasarim/SablonButonuVarMi' successfully

2021-11-23 17:13:48 - [MESSAGE][INFO] - Checking called Test Case

2021-11-23 17:13:48 - [MESSAGE][INFO] - Starting to call Test Case 'Test Cases/Sayfalar/Ayarlar/Gorsel_Tasarim/SablonButonuVarMi'

2021-11-23 17:13:48 - [TEST_CASE][PASSED] - Test Cases/Sayfalar/Ayarlar/Gorsel_Tasarim/SablonButonuVarMi: Test Cases/Sayfalar/Ayarlar/Gorsel_Tasarim/SablonButonuVarMi

2021-11-23 17:13:48 - [TEST_STEP][PASSED] - Method.TextDegerineEsitElementinAltindaTextDegerineEsitOlanVarMi(findTestObject("Object Repository/Sayfalar/Ayarlar/Gorsel_Tasarim/Sablonlar"), findTestObject("Object Repository/Sayfalar/Ayarlar/Gorsel_Tasarim/SablonButonlari"), Sablon, Buton): Method.TextDegerineEsitElementinAltindaTextDegerineEsitOlanVarMi is PASSED

2021-11-23 17:13:48 - [MESSAGE][INFO] - Finding Test Object 'Object Repository/Sayfalar/Ayarlar/Gorsel_Tasarim/Sablonlar'

2021-11-23 17:13:48 - [MESSAGE][INFO] - Finding Test Object 'Object Repository/Sayfalar/Ayarlar/Gorsel_Tasarim/SablonButonlari'

2021-11-23 17:13:48 - [MESSAGE][INFO] - Checking timeout

2021-11-23 17:13:48 - [MESSAGE][INFO] - Finding web element with id: 'Object Repository/Sayfalar/Ayarlar/Gorsel_Tasarim/Sablonlar' located by 'By.cssSelector: .dxgvDataRow_LECustomTheme>td>b' in '10' second(s)

2021-11-23 17:13:48 - [MESSAGE][INFO] - Smart Wait Function is triggered

2021-11-23 17:13:48 - [MESSAGE][INFO] - Found 12 web elements with id: 'Object Repository/Sayfalar/Ayarlar/Gorsel_Tasarim/Sablonlar' located by 'By.cssSelector: .dxgvDataRow_LECustomTheme>td>b' in '10' second(s)

2021-11-23 17:13:48 - [MESSAGE][INFO] - Smart Wait Function is triggered

2021-11-23 17:13:48 - [MESSAGE][PASSED] - Method.TextDegerineEsitElementinAltindaTextDegerineEsitOlanVarMi is PASSED

2021-11-23 17:13:48 - [MESSAGE][PASSED] - Call Test Case 'Test Cases/Sayfalar/Ayarlar/Gorsel_Tasarim/SablonButonuVarMi' successfully

2021-11-23 17:13:48 - [MESSAGE][INFO] - Checking called Test Case

2021-11-23 17:13:48 - [MESSAGE][INFO] - Starting to call Test Case 'Test Cases/Sayfalar/Ayarlar/Gorsel_Tasarim/SablonButonuVarMi'

2021-11-23 17:13:49 - [TEST_CASE][PASSED] - Test Cases/Sayfalar/Ayarlar/Gorsel_Tasarim/SablonButonuVarMi: Test Cases/Sayfalar/Ayarlar/Gorsel_Tasarim/SablonButonuVarMi

2021-11-23 17:13:49 - [TEST_STEP][PASSED] - Method.TextDegerineEsitElementinAltindaTextDegerineEsitOlanVarMi(findTestObject("Object Repository/Sayfalar/Ayarlar/Gorsel_Tasarim/Sablonlar"), findTestObject("Object Repository/Sayfalar/Ayarlar/Gorsel_Tasarim/SablonButonlari"), Sablon, Buton): Method.TextDegerineEsitElementinAltindaTextDegerineEsitOlanVarMi is PASSED

2021-11-23 17:13:49 - [MESSAGE][INFO] - Finding Test Object 'Object Repository/Sayfalar/Ayarlar/Gorsel_Tasarim/Sablonlar'

2021-11-23 17:13:49 - [MESSAGE][INFO] - Finding Test Object 'Object Repository/Sayfalar/Ayarlar/Gorsel_Tasarim/SablonButonlari'

2021-11-23 17:13:49 - [MESSAGE][INFO] - Checking timeout

2021-11-23 17:13:49 - [MESSAGE][INFO] - Finding web element with id: 'Object Repository/Sayfalar/Ayarlar/Gorsel_Tasarim/Sablonlar' located by 'By.cssSelector: .dxgvDataRow_LECustomTheme>td>b' in '10' second(s)

2021-11-23 17:13:49 - [MESSAGE][INFO] - Smart Wait Function is triggered

2021-11-23 17:13:49 - [MESSAGE][INFO] - Found 12 web elements with id: 'Object Repository/Sayfalar/Ayarlar/Gorsel_Tasarim/Sablonlar' located by 'By.cssSelector: .dxgvDataRow_LECustomTheme>td>b' in '10' second(s)

2021-11-23 17:13:49 - [MESSAGE][INFO] - Smart Wait Function is triggered

2021-11-23 17:13:49 - [MESSAGE][PASSED] - Method.TextDegerineEsitElementinAltindaTextDegerineEsitOlanVarMi is PASSED

2021-11-23 17:13:49 - [MESSAGE][PASSED] - Call Test Case 'Test Cases/Sayfalar/Ayarlar/Gorsel_Tasarim/SablonButonuVarMi' successfully

2021-11-23 17:13:49 - [MESSAGE][INFO] - Checking called Test Case

2021-11-23 17:13:49 - [MESSAGE][INFO] - Starting to call Test Case 'Test Cases/Sayfalar/Ayarlar/Gorsel_Tasarim/SablonButonuVarMi'

2021-11-23 17:13:49 - [TEST_CASE][PASSED] - Test Cases/Sayfalar/Ayarlar/Gorsel_Tasarim/SablonButonuVarMi: Test Cases/Sayfalar/Ayarlar/Gorsel_Tasarim/SablonButonuVarMi

2021-11-23 17:13:49 - [TEST_STEP][PASSED] - Method.TextDegerineEsitElementinAltindaTextDegerineEsitOlanVarMi(findTestObject("Object Repository/Sayfalar/Ayarlar/Gorsel_Tasarim/Sablonlar"), findTestObject("Object Repository/Sayfalar/Ayarlar/Gorsel_Tasarim/SablonButonlari"), Sablon, Buton): Method.TextDegerineEsitElementinAltindaTextDegerineEsitOlanVarMi is PASSED

2021-11-23 17:13:49 - [MESSAGE][INFO] - Finding Test Object 'Object Repository/Sayfalar/Ayarlar/Gorsel_Tasarim/Sablonlar'

2021-11-23 17:13:50 - [MESSAGE][INFO] - Finding Test Object 'Object Repository/Sayfalar/Ayarlar/Gorsel_Tasarim/SablonButonlari'

2021-11-23 17:13:50 - [MESSAGE][INFO] - Checking timeout

2021-11-23 17:13:50 - [MESSAGE][INFO] - Finding web element with id: 'Object Repository/Sayfalar/Ayarlar/Gorsel_Tasarim/Sablonlar' located by 'By.cssSelector: .dxgvDataRow_LECustomTheme>td>b' in '10' second(s)

2021-11-23 17:13:50 - [MESSAGE][INFO] - Smart Wait Function is triggered

2021-11-23 17:13:50 - [MESSAGE][INFO] - Found 12 web elements with id: 'Object Repository/Sayfalar/Ayarlar/Gorsel_Tasarim/Sablonlar' located by 'By.cssSelector: .dxgvDataRow_LECustomTheme>td>b' in '10' second(s)

2021-11-23 17:13:50 - [MESSAGE][INFO] - Smart Wait Function is triggered

2021-11-23 17:13:50 - [MESSAGE][PASSED] - Method.TextDegerineEsitElementinAltindaTextDegerineEsitOlanVarMi is PASSED

2021-11-23 17:13:50 - [MESSAGE][PASSED] - Call Test Case 'Test Cases/Sayfalar/Ayarlar/Gorsel_Tasarim/SablonButonuVarMi' successfully

2021-11-23 17:13:50 - [MESSAGE][INFO] - Checking called Test Case

2021-11-23 17:13:50 - [MESSAGE][INFO] - Starting to call Test Case 'Test Cases/Sayfalar/Ayarlar/Gorsel_Tasarim/SablonButonuVarMi'

2021-11-23 17:13:50 - [TEST_CASE][PASSED] - Test Cases/Sayfalar/Ayarlar/Gorsel_Tasarim/SablonButonuVarMi: Test Cases/Sayfalar/Ayarlar/Gorsel_Tasarim/SablonButonuVarMi

2021-11-23 17:13:50 - [TEST_STEP][PASSED] - Method.TextDegerineEsitElementinAltindaTextDegerineEsitOlanVarMi(findTestObject("Object Repository/Sayfalar/Ayarlar/Gorsel_Tasarim/Sablonlar"), findTestObject("Object Repository/Sayfalar/Ayarlar/Gorsel_Tasarim/SablonButonlari"), Sablon, Buton): Method.TextDegerineEsitElementinAltindaTextDegerineEsitOlanVarMi is PASSED

2021-11-23 17:13:50 - [MESSAGE][INFO] - Finding Test Object 'Object Repository/Sayfalar/Ayarlar/Gorsel_Tasarim/Sablonlar'

2021-11-23 17:13:50 - [MESSAGE][INFO] - Finding Test Object 'Object Repository/Sayfalar/Ayarlar/Gorsel_Tasarim/SablonButonlari'

2021-11-23 17:13:51 - [MESSAGE][INFO] - Checking timeout

2021-11-23 17:13:51 - [MESSAGE][INFO] - Finding web element with id: 'Object Repository/Sayfalar/Ayarlar/Gorsel_Tasarim/Sablonlar' located by 'By.cssSelector: .dxgvDataRow_LECustomTheme>td>b' in '10' second(s)

2021-11-23 17:13:51 - [MESSAGE][INFO] - Smart Wait Function is triggered

2021-11-23 17:13:51 - [MESSAGE][INFO] - Found 12 web elements with id: 'Object Repository/Sayfalar/Ayarlar/Gorsel_Tasarim/Sablonlar' located by 'By.cssSelector: .dxgvDataRow_LECustomTheme>td>b' in '10' second(s)

2021-11-23 17:13:51 - [MESSAGE][INFO] - Smart Wait Function is triggered

2021-11-23 17:13:51 - [MESSAGE][PASSED] - Method.TextDegerineEsitElementinAltindaTextDegerineEsitOlanVarMi is PASSED

2021-11-23 17:13:51 - [MESSAGE][PASSED] - Call Test Case 'Test Cases/Sayfalar/Ayarlar/Gorsel_Tasarim/SablonButonuVarMi' successfully

2021-11-23 17:13:51 - [MESSAGE][INFO] - Checking called Test Case

2021-11-23 17:13:51 - [MESSAGE][INFO] - Starting to call Test Case 'Test Cases/Kullanici_Islemleri/KullaniciIslemlerindenSecimYapilir'

2021-11-23 17:13:51 - [TEST_CASE][PASSED] - Test Cases/Kullanici_Islemleri/KullaniciIslemlerindenSecimYapilir: Test Cases/Kullanici_Islemleri/KullaniciIslemlerindenSecimYapilir

2021-11-23 17:13:51 - [TEST_STEP][PASSED] - waitForElementClickable(findTestObject("Object Repository/Kullanici_Islemleri/KullaniciIslemleri"), 10): Object 'Object Repository/Kullanici_Islemleri/KullaniciIslemleri' is clickable

2021-11-23 17:13:51 - [MESSAGE][INFO] - Finding Test Object 'Object Repository/Kullanici_Islemleri/KullaniciIslemleri'

2021-11-23 17:13:51 - [MESSAGE][INFO] - Checking object

2021-11-23 17:13:51 - [MESSAGE][INFO] - Checking timeout

2021-11-23 17:13:51 - [MESSAGE][INFO] - Finding web element from Test Object's properties

2021-11-23 17:13:51 - [MESSAGE][INFO] - Checking timeout

2021-11-23 17:13:51 - [MESSAGE][INFO] - Finding web element with id: 'Object Repository/Kullanici_Islemleri/KullaniciIslemleri' located by 'By.cssSelector: .dropdown>a>img' in '10' second(s)

2021-11-23 17:13:51 - [MESSAGE][INFO] - Smart Wait Function is triggered

2021-11-23 17:13:52 - [MESSAGE][INFO] - Found 1 web elements with id: 'Object Repository/Kullanici_Islemleri/KullaniciIslemleri' located by 'By.cssSelector: .dropdown>a>img' in '10' second(s)

2021-11-23 17:13:52 - [MESSAGE][PASSED] - Object 'Object Repository/Kullanici_Islemleri/KullaniciIslemleri' is clickable

2021-11-23 17:13:52 - [TEST_STEP][PASSED] - click(findTestObject("Object Repository/Kullanici_Islemleri/KullaniciIslemleri")): Object: 'Object Repository/Kullanici_Islemleri/KullaniciIslemleri' is clicked on

2021-11-23 17:13:52 - [MESSAGE][INFO] - Finding Test Object 'Object Repository/Kullanici_Islemleri/KullaniciIslemleri'

2021-11-23 17:13:52 - [MESSAGE][INFO] - Checking object

2021-11-23 17:13:52 - [MESSAGE][INFO] - Finding web element from Test Object's properties

2021-11-23 17:13:52 - [MESSAGE][INFO] - Checking timeout

2021-11-23 17:13:52 - [MESSAGE][INFO] - Finding web element with id: 'Object Repository/Kullanici_Islemleri/KullaniciIslemleri' located by 'By.cssSelector: .dropdown>a>img' in '30' second(s)

2021-11-23 17:13:52 - [MESSAGE][INFO] - Smart Wait Function is triggered

2021-11-23 17:13:52 - [MESSAGE][INFO] - Found 1 web elements with id: 'Object Repository/Kullanici_Islemleri/KullaniciIslemleri' located by 'By.cssSelector: .dropdown>a>img' in '30' second(s)

2021-11-23 17:13:52 - [MESSAGE][INFO] - Clicking on object: 'Object Repository/Kullanici_Islemleri/KullaniciIslemleri'

2021-11-23 17:13:52 - [MESSAGE][PASSED] - Object: 'Object Repository/Kullanici_Islemleri/KullaniciIslemleri' is clicked on

2021-11-23 17:13:52 - [TEST_STEP][PASSED] - Method.TextDegerineEsitElementeTikla(findTestObject("Object Repository/Kullanici_Islemleri/Secenekler"), Islem): Method.TextDegerineEsitElementeTikla is PASSED

2021-11-23 17:13:52 - [MESSAGE][INFO] - Finding Test Object 'Object Repository/Kullanici_Islemleri/Secenekler'

2021-11-23 17:13:52 - [MESSAGE][INFO] - Checking timeout

2021-11-23 17:13:52 - [MESSAGE][INFO] - Finding web element with id: 'Object Repository/Kullanici_Islemleri/Secenekler' located by 'By.cssSelector: .nav.navbar-nav.navbar-right li a' in '10' second(s)

2021-11-23 17:13:52 - [MESSAGE][INFO] - Smart Wait Function is triggered

2021-11-23 17:13:53 - [MESSAGE][INFO] - Found 22 web elements with id: 'Object Repository/Kullanici_Islemleri/Secenekler' located by 'By.cssSelector: .nav.navbar-nav.navbar-right li a' in '10' second(s)

2021-11-23 17:13:54 - [MESSAGE][PASSED] - Method.TextDegerineEsitElementeTikla is PASSED

2021-11-23 17:13:54 - [TEST_STEP][PASSED] - verifyElementNotPresent(findTestObject("Object Repository/Kullanici_Islemleri/Secenekler"), 10): Web element with id: 'Object Repository/Kullanici_Islemleri/Secenekler' located by 'By.cssSelector: .nav.navbar-nav.navbar-right li a' is not present after '10' second(s)

2021-11-23 17:13:54 - [MESSAGE][INFO] - Finding Test Object 'Object Repository/Kullanici_Islemleri/Secenekler'

2021-11-23 17:13:54 - [MESSAGE][INFO] - Checking object

2021-11-23 17:13:54 - [MESSAGE][INFO] - Checking timeout

2021-11-23 17:13:54 - [MESSAGE][INFO] - Finding web element with id: 'Object Repository/Kullanici_Islemleri/Secenekler' located by 'By.cssSelector: .nav.navbar-nav.navbar-right li a' in '10' second(s)

2021-11-23 17:13:54 - [MESSAGE][INFO] - Smart Wait Function is triggered

2021-11-23 17:13:54 - [MESSAGE][PASSED] - Web element with id: 'Object Repository/Kullanici_Islemleri/Secenekler' located by 'By.cssSelector: .nav.navbar-nav.navbar-right li a' is not present after '10' second(s)

2021-11-23 17:13:54 - [MESSAGE][PASSED] - Call Test Case 'Test Cases/Kullanici_Islemleri/KullaniciIslemlerindenSecimYapilir' successfully

2021-11-23 17:13:54 - [TEST_CASE][PASSED] - Start Test Case : SCENARIO e-Fatura Hazir Tasarim Araci On Deger Ata: SCENARIO e-Fatura Hazir Tasarim Araci On Deger Ata

2021-11-23 17:13:54 - [TEST_STEP][PASSED] - Kullanıcı adı ELOGO6 ve Şifre 123456 olarak giriş yapılır: Kullanıcı adı ELOGO6 ve Şifre 123456 olarak giriş yapılır

2021-11-23 17:13:54 - [MESSAGE][PASSED] - Kullanıcı adı ELOGO6 ve Şifre 123456 olarak giriş yapılır

2021-11-23 17:13:54 - [TEST_STEP][PASSED] - Ana menüden Ayarlar seçilir: Ana menüden Ayarlar seçilir

2021-11-23 17:13:54 - [MESSAGE][PASSED] - Ana menüden Ayarlar seçilir

2021-11-23 17:13:54 - [TEST_STEP][PASSED] - Alt menü Görsel Tasarımlar başlığı altındaki Hazır Tasarım Aracı seçilir: Alt menü Görsel Tasarımlar başlığı altındaki Hazır Tasarım Aracı seçilir

2021-11-23 17:13:54 - [MESSAGE][PASSED] - Alt menü Görsel Tasarımlar başlığı altındaki Hazır Tasarım Aracı seçilir

2021-11-23 17:13:54 - [TEST_STEP][PASSED] - Sekmelerden e-Fatura seçilir: Sekmelerden e-Fatura seçilir

2021-11-23 17:13:54 - [MESSAGE][PASSED] - Sekmelerden e-Fatura seçilir

2021-11-23 17:13:54 - [TEST_STEP][PASSED] - Mavi Temalı e-Fatura Öndeğer Şablon Tasarım 2 adlı şablonun Tasarımı İndir adlı butonu var mı: Mavi Temalı e-Fatura Öndeğer Şablon Tasarım 2 adlı şablonun Tasarımı İndir adlı butonu var mı

2021-11-23 17:13:54 - [MESSAGE][PASSED] - Mavi Temalı e-Fatura Öndeğer Şablon Tasarım 2 adlı şablonun Tasarımı İndir adlı butonu var mı

2021-11-23 17:13:54 - [TEST_STEP][PASSED] - Mavi Temalı e-Fatura Öndeğer Şablon Tasarım 2 adlı şablonun Önizleme adlı butonu var mı: Mavi Temalı e-Fatura Öndeğer Şablon Tasarım 2 adlı şablonun Önizleme adlı butonu var mı

2021-11-23 17:13:54 - [MESSAGE][PASSED] - Mavi Temalı e-Fatura Öndeğer Şablon Tasarım 2 adlı şablonun Önizleme adlı butonu var mı

2021-11-23 17:13:54 - [TEST_STEP][PASSED] - Mavi Temalı e-Fatura Öndeğer Şablon Tasarım 2 adlı şablonun Ön Değer Ata adlı butonu var mı: Mavi Temalı e-Fatura Öndeğer Şablon Tasarım 2 adlı şablonun Ön Değer Ata adlı butonu var mı

2021-11-23 17:13:54 - [MESSAGE][PASSED] - Mavi Temalı e-Fatura Öndeğer Şablon Tasarım 2 adlı şablonun Ön Değer Ata adlı butonu var mı

2021-11-23 17:13:54 - [TEST_STEP][PASSED] - Mavi Temalı e-Fatura Öndeğer Şablon Tasarım adlı şablonun Tasarımı İndir adlı butonu var mı: Mavi Temalı e-Fatura Öndeğer Şablon Tasarım adlı şablonun Tasarımı İndir adlı butonu var mı

2021-11-23 17:13:54 - [MESSAGE][PASSED] - Mavi Temalı e-Fatura Öndeğer Şablon Tasarım adlı şablonun Tasarımı İndir adlı butonu var mı

2021-11-23 17:13:54 - [TEST_STEP][PASSED] - Mavi Temalı e-Fatura Öndeğer Şablon Tasarım adlı şablonun Önizleme adlı butonu var mı: Mavi Temalı e-Fatura Öndeğer Şablon Tasarım adlı şablonun Önizleme adlı butonu var mı

2021-11-23 17:13:54 - [MESSAGE][PASSED] - Mavi Temalı e-Fatura Öndeğer Şablon Tasarım adlı şablonun Önizleme adlı butonu var mı

2021-11-23 17:13:54 - [TEST_STEP][PASSED] - Mavi Temalı e-Fatura Öndeğer Şablon Tasarım adlı şablonun Ön Değer Ata adlı butonu var mı: Mavi Temalı e-Fatura Öndeğer Şablon Tasarım adlı şablonun Ön Değer Ata adlı butonu var mı

2021-11-23 17:13:54 - [MESSAGE][PASSED] - Mavi Temalı e-Fatura Öndeğer Şablon Tasarım adlı şablonun Ön Değer Ata adlı butonu var mı

2021-11-23 17:13:54 - [TEST_STEP][PASSED] - e-Fatura Öndeğer Şablon Tasarım adlı şablonun Tasarımı İndir adlı butonu var mı: e-Fatura Öndeğer Şablon Tasarım adlı şablonun Tasarımı İndir adlı butonu var mı

2021-11-23 17:13:54 - [MESSAGE][PASSED] - e-Fatura Öndeğer Şablon Tasarım adlı şablonun Tasarımı İndir adlı butonu var mı

2021-11-23 17:13:54 - [TEST_STEP][PASSED] - e-Fatura Öndeğer Şablon Tasarım adlı şablonun Önizleme adlı butonu var mı: e-Fatura Öndeğer Şablon Tasarım adlı şablonun Önizleme adlı butonu var mı

2021-11-23 17:13:54 - [MESSAGE][PASSED] - e-Fatura Öndeğer Şablon Tasarım adlı şablonun Önizleme adlı butonu var mı

2021-11-23 17:13:54 - [TEST_STEP][PASSED] - e-Fatura Öndeğer Şablon Tasarım adlı şablonun Ön Değer Ata adlı butonu var mı: e-Fatura Öndeğer Şablon Tasarım adlı şablonun Ön Değer Ata adlı butonu var mı

2021-11-23 17:13:54 - [MESSAGE][PASSED] - e-Fatura Öndeğer Şablon Tasarım adlı şablonun Ön Değer Ata adlı butonu var mı

2021-11-23 17:13:54 - [TEST_STEP][PASSED] - e-Fatura Eksi Tutarlı Tasarım Şablonu adlı şablonun Tasarımı İndir adlı butonu var mı: e-Fatura Eksi Tutarlı Tasarım Şablonu adlı şablonun Tasarımı İndir adlı butonu var mı

2021-11-23 17:13:54 - [MESSAGE][PASSED] - e-Fatura Eksi Tutarlı Tasarım Şablonu adlı şablonun Tasarımı İndir adlı butonu var mı

2021-11-23 17:13:54 - [TEST_STEP][PASSED] - e-Fatura Eksi Tutarlı Tasarım Şablonu adlı şablonun Önizleme adlı butonu var mı: e-Fatura Eksi Tutarlı Tasarım Şablonu adlı şablonun Önizleme adlı butonu var mı

2021-11-23 17:13:54 - [MESSAGE][PASSED] - e-Fatura Eksi Tutarlı Tasarım Şablonu adlı şablonun Önizleme adlı butonu var mı

2021-11-23 17:13:54 - [TEST_STEP][PASSED] - e-Fatura Eksi Tutarlı Tasarım Şablonu adlı şablonun Ön Değer Ata adlı butonu var mı: e-Fatura Eksi Tutarlı Tasarım Şablonu adlı şablonun Ön Değer Ata adlı butonu var mı

2021-11-23 17:13:54 - [MESSAGE][PASSED] - e-Fatura Eksi Tutarlı Tasarım Şablonu adlı şablonun Ön Değer Ata adlı butonu var mı

2021-11-23 17:13:54 - [TEST_STEP][PASSED] - Kullanıcı işlemlerinden Çıkış seçilir: Kullanıcı işlemlerinden Çıkış seçilir

2021-11-23 17:13:54 - [MESSAGE][PASSED] - Kullanıcı işlemlerinden Çıkış seçilir

2021-11-23 17:13:54 - [MESSAGE][PASSED] - Feature file: 'Include/features/Ayarlar/Gorsel Tasarimlar/Hazir Tasarim Araci/e-Fatura/Buton Kontrolu.feature' was passed

2021-11-23 17:13:54 - [TEST_STEP][PASSED] - Start listener action : sampleAfterTestSuite: Invoke 'com.kms.katalon.core.annotation.AfterTestCase' method: 'Listener.sampleAfterTestSuite(...)' completed.

2021-11-23 17:13:54 - [MESSAGE][INFO] - Starting invoke 'com.kms.katalon.core.annotation.AfterTestCase' method: 'Listener.sampleAfterTestSuite(...)'

2021-11-23 17:13:54 - [TEST_STEP][PASSED] - closeBrowser(): Invoke 'com.kms.katalon.core.annotation.AfterTestCase' method: 'Listener.sampleAfterTestSuite(...)' completed.

2021-11-23 17:13:54 - [MESSAGE][INFO] - Closing browser

2021-11-23 17:13:55 - [MESSAGE][PASSED] - Browser is closed

2021-11-23 17:13:55 - [MESSAGE][INFO] - Invoke 'com.kms.katalon.core.annotation.AfterTestCase' method: 'Listener.sampleAfterTestSuite(...)' completed.]]></system-out>
         <system-err><![CDATA[]]></system-err>
      </testcase>
      <testcase name="Test Cases/Case Repository/Ayarlar/Gorsel Tasarim/Hazir Tasarim Araci/e-Fatura/On Deger Ata" time="36.148" classname="Test Cases/Case Repository/Ayarlar/Gorsel Tasarim/Hazir Tasarim Araci/e-Fatura/On Deger Ata" status="PASSED">
         <system-out><![CDATA[2021-11-23 17:13:55 - [TEST_CASE][PASSED] - Test Cases/Case Repository/Ayarlar/Gorsel Tasarim/Hazir Tasarim Araci/e-Fatura/On Deger Ata: Test Cases/Case Repository/Ayarlar/Gorsel Tasarim/Hazir Tasarim Araci/e-Fatura/On Deger Ata

2021-11-23 17:13:55 - [TEST_STEP][PASSED] - Start listener action : sampleBeforeTestSuite: Invoke 'com.kms.katalon.core.annotation.BeforeTestCase' method: 'Listener.sampleBeforeTestSuite(...)' completed.

2021-11-23 17:13:55 - [MESSAGE][INFO] - Starting invoke 'com.kms.katalon.core.annotation.BeforeTestCase' method: 'Listener.sampleBeforeTestSuite(...)'

2021-11-23 17:13:55 - [TEST_STEP][PASSED] - openBrowser(baseUrl): Browser is opened with url: 'https://efatura-stage.elogo.com.tr/'

2021-11-23 17:13:55 - [MESSAGE][INFO] - Opening browser

2021-11-23 17:13:55 - [MESSAGE][INFO] - Starting 'Chrome' driver

2021-11-23 17:13:55 - [MESSAGE][INFO] - User set preference: ['prefs', '{download.default_directory=C:\otomasyondownfiles}']

2021-11-23 17:13:55 - [MESSAGE][INFO] - Action delay is set to 0 milliseconds

2021-11-23 17:13:56 - [MESSAGE][INFO] - Navigating browser to: 'https://efatura-stage.elogo.com.tr/'

2021-11-23 17:13:58 - [MESSAGE][PASSED] - Browser is opened with url: 'https://efatura-stage.elogo.com.tr/'

2021-11-23 17:13:58 - [TEST_STEP][PASSED] - maximizeWindow(): Invoke 'com.kms.katalon.core.annotation.BeforeTestCase' method: 'Listener.sampleBeforeTestSuite(...)' completed.

2021-11-23 17:13:58 - [MESSAGE][INFO] - Maximizing current window

2021-11-23 17:13:58 - [MESSAGE][PASSED] - Current window maximized

2021-11-23 17:13:58 - [MESSAGE][INFO] - Invoke 'com.kms.katalon.core.annotation.BeforeTestCase' method: 'Listener.sampleBeforeTestSuite(...)' completed.

2021-11-23 17:13:59 - [TEST_STEP][PASSED] - runFeatureFile("Include/features/Ayarlar/Gorsel Tasarimlar/Hazir Tasarim Araci/e-Fatura/On Deger Ata.feature"): Feature file: 'Include/features/Ayarlar/Gorsel Tasarimlar/Hazir Tasarim Araci/e-Fatura/On Deger Ata.feature' was passed

2021-11-23 17:13:59 - [MESSAGE][INFO] - Starting run keyword runFeatureFile: 'Include/features/Ayarlar/Gorsel Tasarimlar/Hazir Tasarim Araci/e-Fatura/On Deger Ata.feature' and extract report to folder: 'C:\Users\DELL\Documents\GitHub\EES_KatalonLogo\Reports\20211123_163326\Suite Repository\Ayarlar\20211123_163427/cucumber_report/1637676839393'...

2021-11-23 17:13:59 - [MESSAGE][INFO] - Glue: []

2021-11-23 17:14:02 - [MESSAGE][INFO] - Checking called Test Case

2021-11-23 17:14:02 - [MESSAGE][INFO] - Starting to call Test Case 'Test Cases/Sayfalar/Giris_Sayfasi/Login'

2021-11-23 17:14:02 - [TEST_CASE][PASSED] - Test Cases/Sayfalar/Giris_Sayfasi/Login: Test Cases/Sayfalar/Giris_Sayfasi/Login

2021-11-23 17:14:02 - [TEST_STEP][PASSED] - Sayfa_Basligi = getWindowTitle(): Current window's title is: 'LOGO e-Fatura'

2021-11-23 17:14:02 - [MESSAGE][INFO] - Getting current window's title

2021-11-23 17:14:02 - [MESSAGE][PASSED] - Current window's title is: 'LOGO e-Fatura'

2021-11-23 17:14:02 - [TEST_STEP][PASSED] - verifyMatch(Sayfa_Basligi, "LOGO e-Fatura", false): Actual text 'LOGO e-Fatura' and expected text 'LOGO e-Fatura' are matched 

2021-11-23 17:14:02 - [MESSAGE][INFO] - Matching actual text 'LOGO e-Fatura' with expected text 'LOGO e-Fatura'

2021-11-23 17:14:02 - [MESSAGE][PASSED] - Actual text 'LOGO e-Fatura' and expected text 'LOGO e-Fatura' are matched 

2021-11-23 17:14:02 - [TEST_STEP][PASSED] - sendKeys(findTestObject("Sayfalar/Giris_Sayfasi/Firma_Kodu"), KullaniciAdi): Keys 'ELOGO6' sent to object: 'Object Repository/Sayfalar/Giris_Sayfasi/Firma_Kodu'

2021-11-23 17:14:02 - [MESSAGE][INFO] - Finding Test Object 'Object Repository/Sayfalar/Giris_Sayfasi/Firma_Kodu'

2021-11-23 17:14:02 - [MESSAGE][INFO] - Sending keys 'ELOGO6' to object: 'Object Repository/Sayfalar/Giris_Sayfasi/Firma_Kodu'

2021-11-23 17:14:02 - [MESSAGE][INFO] - Finding web element from Test Object's properties

2021-11-23 17:14:02 - [MESSAGE][INFO] - Checking timeout

2021-11-23 17:14:02 - [MESSAGE][INFO] - Finding web element with id: 'Object Repository/Sayfalar/Giris_Sayfasi/Firma_Kodu' located by 'By.xpath: //*[@id = 'AccountName']' in '30' second(s)

2021-11-23 17:14:02 - [MESSAGE][INFO] - Smart Wait Function is triggered

2021-11-23 17:14:02 - [MESSAGE][INFO] - Found 1 web elements with id: 'Object Repository/Sayfalar/Giris_Sayfasi/Firma_Kodu' located by 'By.xpath: //*[@id = 'AccountName']' in '30' second(s)

2021-11-23 17:14:02 - [MESSAGE][PASSED] - Keys 'ELOGO6' sent to object: 'Object Repository/Sayfalar/Giris_Sayfasi/Firma_Kodu'

2021-11-23 17:14:02 - [TEST_STEP][PASSED] - sendKeys(findTestObject("Sayfalar/Giris_Sayfasi/Sifre"), Sifre): Keys '123456' sent to object: 'Object Repository/Sayfalar/Giris_Sayfasi/Sifre'

2021-11-23 17:14:02 - [MESSAGE][INFO] - Finding Test Object 'Object Repository/Sayfalar/Giris_Sayfasi/Sifre'

2021-11-23 17:14:02 - [MESSAGE][INFO] - Sending keys '123456' to object: 'Object Repository/Sayfalar/Giris_Sayfasi/Sifre'

2021-11-23 17:14:02 - [MESSAGE][INFO] - Finding web element from Test Object's properties

2021-11-23 17:14:02 - [MESSAGE][INFO] - Checking timeout

2021-11-23 17:14:02 - [MESSAGE][INFO] - Finding web element with id: 'Object Repository/Sayfalar/Giris_Sayfasi/Sifre' located by 'By.xpath: //*[@id = 'Password']' in '30' second(s)

2021-11-23 17:14:02 - [MESSAGE][INFO] - Smart Wait Function is triggered

2021-11-23 17:14:03 - [MESSAGE][INFO] - Found 1 web elements with id: 'Object Repository/Sayfalar/Giris_Sayfasi/Sifre' located by 'By.xpath: //*[@id = 'Password']' in '30' second(s)

2021-11-23 17:14:03 - [MESSAGE][PASSED] - Keys '123456' sent to object: 'Object Repository/Sayfalar/Giris_Sayfasi/Sifre'

2021-11-23 17:14:03 - [TEST_STEP][PASSED] - findWebElement(findTestObject("Sayfalar/Giris_Sayfasi/Giris_Butonu")).click(): Found 1 web elements with id: 'Object Repository/Sayfalar/Giris_Sayfasi/Giris_Butonu' located by 'By.cssSelector: #btnLogin' in '30' second(s)

2021-11-23 17:14:03 - [MESSAGE][INFO] - Finding Test Object 'Object Repository/Sayfalar/Giris_Sayfasi/Giris_Butonu'

2021-11-23 17:14:03 - [MESSAGE][INFO] - Finding web element from Test Object's properties

2021-11-23 17:14:03 - [MESSAGE][INFO] - Checking timeout

2021-11-23 17:14:03 - [MESSAGE][INFO] - Finding web element with id: 'Object Repository/Sayfalar/Giris_Sayfasi/Giris_Butonu' located by 'By.cssSelector: #btnLogin' in '30' second(s)

2021-11-23 17:14:03 - [MESSAGE][INFO] - Smart Wait Function is triggered

2021-11-23 17:14:03 - [MESSAGE][INFO] - Found 1 web elements with id: 'Object Repository/Sayfalar/Giris_Sayfasi/Giris_Butonu' located by 'By.cssSelector: #btnLogin' in '30' second(s)

2021-11-23 17:14:07 - [TEST_STEP][PASSED] - if (verifyElementPresent(findTestObject("Object Repository/Sayfalar/Giris_Sayfasi/RetveTamam_Butonu"), 5, OPTIONAL)): null

2021-11-23 17:14:07 - [MESSAGE][INFO] - Finding Test Object 'Object Repository/Sayfalar/Giris_Sayfasi/RetveTamam_Butonu'

2021-11-23 17:14:07 - [MESSAGE][INFO] - Checking object

2021-11-23 17:14:07 - [MESSAGE][INFO] - Finding web element from Test Object's properties

2021-11-23 17:14:07 - [MESSAGE][INFO] - Checking timeout

2021-11-23 17:14:07 - [MESSAGE][INFO] - Finding web element with id: 'Object Repository/Sayfalar/Giris_Sayfasi/RetveTamam_Butonu' located by 'By.xpath: //*[@class = 'btn btn-default']' in '5' second(s)

2021-11-23 17:14:07 - [MESSAGE][INFO] - Smart Wait Function is triggered

2021-11-23 17:14:07 - [MESSAGE][INFO] - Found 1 web elements with id: 'Object Repository/Sayfalar/Giris_Sayfasi/RetveTamam_Butonu' located by 'By.xpath: //*[@class = 'btn btn-default']' in '5' second(s)

2021-11-23 17:14:07 - [MESSAGE][PASSED] - Object 'Object Repository/Sayfalar/Giris_Sayfasi/RetveTamam_Butonu' is present

2021-11-23 17:14:07 - [TEST_STEP][PASSED] - click(findTestObject("Object Repository/Sayfalar/Giris_Sayfasi/RetveTamam_Butonu")): Object: 'Object Repository/Sayfalar/Giris_Sayfasi/RetveTamam_Butonu' is clicked on

2021-11-23 17:14:07 - [MESSAGE][INFO] - Finding Test Object 'Object Repository/Sayfalar/Giris_Sayfasi/RetveTamam_Butonu'

2021-11-23 17:14:08 - [MESSAGE][INFO] - Checking object

2021-11-23 17:14:08 - [MESSAGE][INFO] - Finding web element from Test Object's properties

2021-11-23 17:14:08 - [MESSAGE][INFO] - Checking timeout

2021-11-23 17:14:08 - [MESSAGE][INFO] - Finding web element with id: 'Object Repository/Sayfalar/Giris_Sayfasi/RetveTamam_Butonu' located by 'By.xpath: //*[@class = 'btn btn-default']' in '30' second(s)

2021-11-23 17:14:08 - [MESSAGE][INFO] - Smart Wait Function is triggered

2021-11-23 17:14:08 - [MESSAGE][INFO] - Found 1 web elements with id: 'Object Repository/Sayfalar/Giris_Sayfasi/RetveTamam_Butonu' located by 'By.xpath: //*[@class = 'btn btn-default']' in '30' second(s)

2021-11-23 17:14:08 - [MESSAGE][INFO] - Clicking on object: 'Object Repository/Sayfalar/Giris_Sayfasi/RetveTamam_Butonu'

2021-11-23 17:14:08 - [MESSAGE][PASSED] - Object: 'Object Repository/Sayfalar/Giris_Sayfasi/RetveTamam_Butonu' is clicked on

2021-11-23 17:14:08 - [TEST_STEP][PASSED] - click(findTestObject("Object Repository/Sayfalar/Giris_Sayfasi/RetveTamam_Butonu")): Object: 'Object Repository/Sayfalar/Giris_Sayfasi/RetveTamam_Butonu' is clicked on

2021-11-23 17:14:08 - [MESSAGE][INFO] - Finding Test Object 'Object Repository/Sayfalar/Giris_Sayfasi/RetveTamam_Butonu'

2021-11-23 17:14:08 - [MESSAGE][INFO] - Checking object

2021-11-23 17:14:08 - [MESSAGE][INFO] - Finding web element from Test Object's properties

2021-11-23 17:14:08 - [MESSAGE][INFO] - Checking timeout

2021-11-23 17:14:08 - [MESSAGE][INFO] - Finding web element with id: 'Object Repository/Sayfalar/Giris_Sayfasi/RetveTamam_Butonu' located by 'By.xpath: //*[@class = 'btn btn-default']' in '30' second(s)

2021-11-23 17:14:08 - [MESSAGE][INFO] - Smart Wait Function is triggered

2021-11-23 17:14:11 - [MESSAGE][INFO] - Found 1 web elements with id: 'Object Repository/Sayfalar/Giris_Sayfasi/RetveTamam_Butonu' located by 'By.xpath: //*[@class = 'btn btn-default']' in '30' second(s)

2021-11-23 17:14:11 - [MESSAGE][INFO] - Clicking on object: 'Object Repository/Sayfalar/Giris_Sayfasi/RetveTamam_Butonu'

2021-11-23 17:14:11 - [MESSAGE][PASSED] - Object: 'Object Repository/Sayfalar/Giris_Sayfasi/RetveTamam_Butonu' is clicked on

2021-11-23 17:14:11 - [TEST_STEP][PASSED] - if (verifyElementPresent(findTestObject("Sayfalar/Giris_Sayfasi/PopupOK"), 5, OPTIONAL)): null

2021-11-23 17:14:11 - [MESSAGE][INFO] - Finding Test Object 'Object Repository/Sayfalar/Giris_Sayfasi/PopupOK'

2021-11-23 17:14:11 - [MESSAGE][INFO] - Checking object

2021-11-23 17:14:11 - [MESSAGE][INFO] - Finding web element from Test Object's properties

2021-11-23 17:14:11 - [MESSAGE][INFO] - Checking timeout

2021-11-23 17:14:11 - [MESSAGE][INFO] - Finding web element with id: 'Object Repository/Sayfalar/Giris_Sayfasi/PopupOK' located by 'By.cssSelector: .btn.btn-success' in '5' second(s)

2021-11-23 17:14:11 - [MESSAGE][INFO] - Smart Wait Function is triggered

2021-11-23 17:14:12 - [MESSAGE][INFO] - Found 1 web elements with id: 'Object Repository/Sayfalar/Giris_Sayfasi/PopupOK' located by 'By.cssSelector: .btn.btn-success' in '5' second(s)

2021-11-23 17:14:12 - [MESSAGE][PASSED] - Object 'Object Repository/Sayfalar/Giris_Sayfasi/PopupOK' is present

2021-11-23 17:14:12 - [TEST_STEP][PASSED] - click(findTestObject("Object Repository/Sayfalar/Giris_Sayfasi/PopupCarpiGiris")): Object: 'Object Repository/Sayfalar/Giris_Sayfasi/PopupCarpiGiris' is clicked on

2021-11-23 17:14:12 - [MESSAGE][INFO] - Finding Test Object 'Object Repository/Sayfalar/Giris_Sayfasi/PopupCarpiGiris'

2021-11-23 17:14:12 - [MESSAGE][INFO] - Checking object

2021-11-23 17:14:12 - [MESSAGE][INFO] - Finding web element from Test Object's properties

2021-11-23 17:14:12 - [MESSAGE][INFO] - Checking timeout

2021-11-23 17:14:12 - [MESSAGE][INFO] - Finding web element with id: 'Object Repository/Sayfalar/Giris_Sayfasi/PopupCarpiGiris' located by 'By.cssSelector: .bootbox-close-button.close' in '30' second(s)

2021-11-23 17:14:12 - [MESSAGE][INFO] - Smart Wait Function is triggered

2021-11-23 17:14:12 - [MESSAGE][INFO] - Found 1 web elements with id: 'Object Repository/Sayfalar/Giris_Sayfasi/PopupCarpiGiris' located by 'By.cssSelector: .bootbox-close-button.close' in '30' second(s)

2021-11-23 17:14:12 - [MESSAGE][INFO] - Clicking on object: 'Object Repository/Sayfalar/Giris_Sayfasi/PopupCarpiGiris'

2021-11-23 17:14:12 - [MESSAGE][PASSED] - Object: 'Object Repository/Sayfalar/Giris_Sayfasi/PopupCarpiGiris' is clicked on

2021-11-23 17:14:12 - [TEST_STEP][PASSED] - verifyElementVisible(findTestObject("Object Repository/Kullanici_Islemleri/KullaniciIslemleri")): Object 'Object Repository/Kullanici_Islemleri/KullaniciIslemleri' is visible

2021-11-23 17:14:12 - [MESSAGE][INFO] - Finding Test Object 'Object Repository/Kullanici_Islemleri/KullaniciIslemleri'

2021-11-23 17:14:12 - [MESSAGE][INFO] - Checking object

2021-11-23 17:14:12 - [MESSAGE][INFO] - Finding web element from Test Object's properties

2021-11-23 17:14:12 - [MESSAGE][INFO] - Checking timeout

2021-11-23 17:14:12 - [MESSAGE][INFO] - Finding web element with id: 'Object Repository/Kullanici_Islemleri/KullaniciIslemleri' located by 'By.cssSelector: .dropdown>a>img' in '30' second(s)

2021-11-23 17:14:12 - [MESSAGE][INFO] - Smart Wait Function is triggered

2021-11-23 17:14:13 - [MESSAGE][INFO] - Found 1 web elements with id: 'Object Repository/Kullanici_Islemleri/KullaniciIslemleri' located by 'By.cssSelector: .dropdown>a>img' in '30' second(s)

2021-11-23 17:14:13 - [MESSAGE][PASSED] - Object 'Object Repository/Kullanici_Islemleri/KullaniciIslemleri' is visible

2021-11-23 17:14:13 - [MESSAGE][PASSED] - Call Test Case 'Test Cases/Sayfalar/Giris_Sayfasi/Login' successfully

2021-11-23 17:14:13 - [MESSAGE][INFO] - Checking called Test Case

2021-11-23 17:14:13 - [MESSAGE][INFO] - Starting to call Test Case 'Test Cases/Menu/AnaMenuSecimi'

2021-11-23 17:14:13 - [TEST_CASE][PASSED] - Test Cases/Menu/AnaMenuSecimi: Test Cases/Menu/AnaMenuSecimi

2021-11-23 17:14:13 - [TEST_STEP][PASSED] - Method.TextDegerineEsitElementeTikla(findTestObject("Menu/Ana_Menu"), Ana_Menu): Method.TextDegerineEsitElementeTikla is PASSED

2021-11-23 17:14:13 - [MESSAGE][INFO] - Finding Test Object 'Object Repository/Menu/Ana_Menu'

2021-11-23 17:14:13 - [MESSAGE][INFO] - Checking timeout

2021-11-23 17:14:13 - [MESSAGE][INFO] - Finding web element with id: 'Object Repository/Menu/Ana_Menu' located by 'By.xpath: //*[@class = 'dropdown-toggle']' in '10' second(s)

2021-11-23 17:14:13 - [MESSAGE][INFO] - Smart Wait Function is triggered

2021-11-23 17:14:14 - [MESSAGE][INFO] - Found 14 web elements with id: 'Object Repository/Menu/Ana_Menu' located by 'By.xpath: //*[@class = 'dropdown-toggle']' in '10' second(s)

2021-11-23 17:14:14 - [MESSAGE][PASSED] - Method.TextDegerineEsitElementeTikla is PASSED

2021-11-23 17:14:14 - [MESSAGE][PASSED] - Call Test Case 'Test Cases/Menu/AnaMenuSecimi' successfully

2021-11-23 17:14:14 - [MESSAGE][INFO] - Checking called Test Case

2021-11-23 17:14:14 - [MESSAGE][INFO] - Starting to call Test Case 'Test Cases/Menu/BasligaGoreAltMenuSecimi'

2021-11-23 17:14:14 - [TEST_CASE][PASSED] - Test Cases/Menu/BasligaGoreAltMenuSecimi: Test Cases/Menu/BasligaGoreAltMenuSecimi

2021-11-23 17:14:14 - [TEST_STEP][PASSED] - Method.TextDegerineEsitElementinAltindakiTextDegerineEsitOlanaTikla(findTestObject("Menu/Menu_Basligi"), findTestObject("Menu/Basliga_Gore_Alt_Menu"), Baslik, Alt_Menu): Method.TextDegerineEsitElementinAltindakiTextDegerineEsitOlanaTikla is PASSED

2021-11-23 17:14:14 - [MESSAGE][INFO] - Finding Test Object 'Object Repository/Menu/Menu_Basligi'

2021-11-23 17:14:14 - [MESSAGE][INFO] - Finding Test Object 'Object Repository/Menu/Basliga_Gore_Alt_Menu'

2021-11-23 17:14:14 - [MESSAGE][INFO] - Checking timeout

2021-11-23 17:14:14 - [MESSAGE][INFO] - Finding web element with id: 'Object Repository/Menu/Menu_Basligi' located by 'By.xpath: //li[@class='dropdown dropdown-large open']//li[@class='dropdown-header']' in '10' second(s)

2021-11-23 17:14:14 - [MESSAGE][INFO] - Smart Wait Function is triggered

2021-11-23 17:14:14 - [MESSAGE][INFO] - Found 2 web elements with id: 'Object Repository/Menu/Menu_Basligi' located by 'By.xpath: //li[@class='dropdown dropdown-large open']//li[@class='dropdown-header']' in '10' second(s)

2021-11-23 17:14:14 - [MESSAGE][INFO] - Smart Wait Function is triggered

2021-11-23 17:14:18 - [MESSAGE][PASSED] - Method.TextDegerineEsitElementinAltindakiTextDegerineEsitOlanaTikla is PASSED

2021-11-23 17:14:18 - [MESSAGE][PASSED] - Call Test Case 'Test Cases/Menu/BasligaGoreAltMenuSecimi' successfully

2021-11-23 17:14:18 - [MESSAGE][INFO] - Checking called Test Case

2021-11-23 17:14:18 - [MESSAGE][INFO] - Starting to call Test Case 'Test Cases/Sayfalar/Yetki_Yonetimi/SekmeSecilir'

2021-11-23 17:14:19 - [TEST_CASE][PASSED] - Test Cases/Sayfalar/Yetki_Yonetimi/SekmeSecilir: Test Cases/Sayfalar/Yetki_Yonetimi/SekmeSecilir

2021-11-23 17:14:19 - [TEST_STEP][PASSED] - Method.TextDegerineEsitElementeTikla(findTestObject("Object Repository/Sayfalar/Yetki_Yonetimi/Sekmeler"), Sekme): Method.TextDegerineEsitElementeTikla is PASSED

2021-11-23 17:14:19 - [MESSAGE][INFO] - Finding Test Object 'Object Repository/Sayfalar/Yetki_Yonetimi/Sekmeler'

2021-11-23 17:14:19 - [MESSAGE][INFO] - Checking timeout

2021-11-23 17:14:19 - [MESSAGE][INFO] - Finding web element with id: 'Object Repository/Sayfalar/Yetki_Yonetimi/Sekmeler' located by 'By.cssSelector: #pcFeatures_TC>li[class="dxtc-tab"] span,#pcFeatures_TC>li[class="dxtc-activeTab dxtc-lead"] span' in '10' second(s)

2021-11-23 17:14:19 - [MESSAGE][INFO] - Smart Wait Function is triggered

2021-11-23 17:14:19 - [MESSAGE][INFO] - Found 5 web elements with id: 'Object Repository/Sayfalar/Yetki_Yonetimi/Sekmeler' located by 'By.cssSelector: #pcFeatures_TC>li[class="dxtc-tab"] span,#pcFeatures_TC>li[class="dxtc-activeTab dxtc-lead"] span' in '10' second(s)

2021-11-23 17:14:19 - [MESSAGE][PASSED] - Method.TextDegerineEsitElementeTikla is PASSED

2021-11-23 17:14:19 - [MESSAGE][PASSED] - Call Test Case 'Test Cases/Sayfalar/Yetki_Yonetimi/SekmeSecilir' successfully

2021-11-23 17:14:19 - [MESSAGE][INFO] - Checking called Test Case

2021-11-23 17:14:19 - [MESSAGE][INFO] - Starting to call Test Case 'Test Cases/Sayfalar/Ayarlar/Gorsel_Tasarim/SablonButonunaTikla'

2021-11-23 17:14:19 - [TEST_CASE][PASSED] - Test Cases/Sayfalar/Ayarlar/Gorsel_Tasarim/SablonButonunaTikla: Test Cases/Sayfalar/Ayarlar/Gorsel_Tasarim/SablonButonunaTikla

2021-11-23 17:14:20 - [TEST_STEP][PASSED] - Method.TextDegerineEsitElementinAltindakiTextDegerineEsitOlanaTikla(findTestObject("Object Repository/Sayfalar/Ayarlar/Gorsel_Tasarim/Sablonlar"), findTestObject("Object Repository/Sayfalar/Ayarlar/Gorsel_Tasarim/SablonButonlari"), Sablon, Buton): Method.TextDegerineEsitElementinAltindakiTextDegerineEsitOlanaTikla is PASSED

2021-11-23 17:14:20 - [MESSAGE][INFO] - Finding Test Object 'Object Repository/Sayfalar/Ayarlar/Gorsel_Tasarim/Sablonlar'

2021-11-23 17:14:20 - [MESSAGE][INFO] - Finding Test Object 'Object Repository/Sayfalar/Ayarlar/Gorsel_Tasarim/SablonButonlari'

2021-11-23 17:14:20 - [MESSAGE][INFO] - Checking timeout

2021-11-23 17:14:20 - [MESSAGE][INFO] - Finding web element with id: 'Object Repository/Sayfalar/Ayarlar/Gorsel_Tasarim/Sablonlar' located by 'By.cssSelector: .dxgvDataRow_LECustomTheme>td>b' in '10' second(s)

2021-11-23 17:14:20 - [MESSAGE][INFO] - Smart Wait Function is triggered

2021-11-23 17:14:20 - [MESSAGE][INFO] - Found 12 web elements with id: 'Object Repository/Sayfalar/Ayarlar/Gorsel_Tasarim/Sablonlar' located by 'By.cssSelector: .dxgvDataRow_LECustomTheme>td>b' in '10' second(s)

2021-11-23 17:14:20 - [MESSAGE][INFO] - Smart Wait Function is triggered

2021-11-23 17:14:21 - [MESSAGE][PASSED] - Method.TextDegerineEsitElementinAltindakiTextDegerineEsitOlanaTikla is PASSED

2021-11-23 17:14:21 - [MESSAGE][PASSED] - Call Test Case 'Test Cases/Sayfalar/Ayarlar/Gorsel_Tasarim/SablonButonunaTikla' successfully

2021-11-23 17:14:21 - [MESSAGE][INFO] - Checking called Test Case

2021-11-23 17:14:21 - [MESSAGE][INFO] - Starting to call Test Case 'Test Cases/Popup/PopupMesajiIceriyorMu'

2021-11-23 17:14:21 - [TEST_CASE][PASSED] - Test Cases/Popup/PopupMesajiIceriyorMu: Test Cases/Popup/PopupMesajiIceriyorMu

2021-11-23 17:14:21 - [TEST_STEP][PASSED] - waitForElementVisible(findTestObject("Popup/Popup"), 10): Object 'Object Repository/Popup/Popup' is visible

2021-11-23 17:14:21 - [MESSAGE][INFO] - Finding Test Object 'Object Repository/Popup/Popup'

2021-11-23 17:14:21 - [MESSAGE][INFO] - Checking object

2021-11-23 17:14:21 - [MESSAGE][INFO] - Checking timeout

2021-11-23 17:14:21 - [MESSAGE][INFO] - Finding web element from Test Object's properties

2021-11-23 17:14:21 - [MESSAGE][INFO] - Checking timeout

2021-11-23 17:14:21 - [MESSAGE][INFO] - Finding web element with id: 'Object Repository/Popup/Popup' located by 'By.cssSelector: .bootbox-body' in '10' second(s)

2021-11-23 17:14:21 - [MESSAGE][INFO] - Smart Wait Function is triggered

2021-11-23 17:14:22 - [MESSAGE][INFO] - Found 1 web elements with id: 'Object Repository/Popup/Popup' located by 'By.cssSelector: .bootbox-body' in '10' second(s)

2021-11-23 17:14:22 - [MESSAGE][PASSED] - Object 'Object Repository/Popup/Popup' is visible

2021-11-23 17:14:22 - [TEST_STEP][PASSED] - if (!(getText(findTestObject("Popup/Popup")).contains(Mesaj))): Text of object 'Object Repository/Popup/Popup' is: 'Seçilen tasarım, e-Fatura belge türü için öndeğer tasarım olarak tanımlanacaktır. Onaylıyor musunuz?'

2021-11-23 17:14:22 - [MESSAGE][INFO] - Finding Test Object 'Object Repository/Popup/Popup'

2021-11-23 17:14:22 - [MESSAGE][INFO] - Checking object

2021-11-23 17:14:22 - [MESSAGE][INFO] - Finding web element from Test Object's properties

2021-11-23 17:14:22 - [MESSAGE][INFO] - Checking timeout

2021-11-23 17:14:22 - [MESSAGE][INFO] - Finding web element with id: 'Object Repository/Popup/Popup' located by 'By.cssSelector: .bootbox-body' in '30' second(s)

2021-11-23 17:14:22 - [MESSAGE][INFO] - Smart Wait Function is triggered

2021-11-23 17:14:22 - [MESSAGE][INFO] - Found 1 web elements with id: 'Object Repository/Popup/Popup' located by 'By.cssSelector: .bootbox-body' in '30' second(s)

2021-11-23 17:14:22 - [MESSAGE][INFO] - Getting text of object 'Object Repository/Popup/Popup'

2021-11-23 17:14:22 - [MESSAGE][PASSED] - Text of object 'Object Repository/Popup/Popup' is: 'Seçilen tasarım, e-Fatura belge türü için öndeğer tasarım olarak tanımlanacaktır. Onaylıyor musunuz?'

2021-11-23 17:14:22 - [TEST_STEP][PASSED] - RaporNo = getText(findTestObject("Popup/Popup")).substring(0, 6): Text of object 'Object Repository/Popup/Popup' is: 'Seçilen tasarım, e-Fatura belge türü için öndeğer tasarım olarak tanımlanacaktır. Onaylıyor musunuz?'

2021-11-23 17:14:22 - [MESSAGE][INFO] - Finding Test Object 'Object Repository/Popup/Popup'

2021-11-23 17:14:22 - [MESSAGE][INFO] - Checking object

2021-11-23 17:14:22 - [MESSAGE][INFO] - Finding web element from Test Object's properties

2021-11-23 17:14:22 - [MESSAGE][INFO] - Checking timeout

2021-11-23 17:14:22 - [MESSAGE][INFO] - Finding web element with id: 'Object Repository/Popup/Popup' located by 'By.cssSelector: .bootbox-body' in '30' second(s)

2021-11-23 17:14:22 - [MESSAGE][INFO] - Smart Wait Function is triggered

2021-11-23 17:14:23 - [MESSAGE][INFO] - Found 1 web elements with id: 'Object Repository/Popup/Popup' located by 'By.cssSelector: .bootbox-body' in '30' second(s)

2021-11-23 17:14:23 - [MESSAGE][INFO] - Getting text of object 'Object Repository/Popup/Popup'

2021-11-23 17:14:23 - [MESSAGE][PASSED] - Text of object 'Object Repository/Popup/Popup' is: 'Seçilen tasarım, e-Fatura belge türü için öndeğer tasarım olarak tanımlanacaktır. Onaylıyor musunuz?'

2021-11-23 17:14:23 - [TEST_STEP][PASSED] - Console.println(RaporNo): null

2021-11-23 17:14:23 - [MESSAGE][PASSED] - Call Test Case 'Test Cases/Popup/PopupMesajiIceriyorMu' successfully

2021-11-23 17:14:23 - [MESSAGE][INFO] - Checking called Test Case

2021-11-23 17:14:23 - [MESSAGE][INFO] - Starting to call Test Case 'Test Cases/Popup/PopupButonSecilir'

2021-11-23 17:14:23 - [TEST_CASE][PASSED] - Test Cases/Popup/PopupButonSecilir: Test Cases/Popup/PopupButonSecilir

2021-11-23 17:14:23 - [TEST_STEP][PASSED] - Method.TextDegerineEsitElementeTikla(findTestObject("Popup/Popup_Butons"), Buton): Method.TextDegerineEsitElementeTikla is PASSED

2021-11-23 17:14:23 - [MESSAGE][INFO] - Finding Test Object 'Object Repository/Popup/Popup_Butons'

2021-11-23 17:14:24 - [MESSAGE][INFO] - Checking timeout

2021-11-23 17:14:24 - [MESSAGE][INFO] - Finding web element with id: 'Object Repository/Popup/Popup_Butons' located by 'By.cssSelector: .modal-footer>button' in '10' second(s)

2021-11-23 17:14:24 - [MESSAGE][INFO] - Smart Wait Function is triggered

2021-11-23 17:14:24 - [MESSAGE][INFO] - Found 2 web elements with id: 'Object Repository/Popup/Popup_Butons' located by 'By.cssSelector: .modal-footer>button' in '10' second(s)

2021-11-23 17:14:24 - [MESSAGE][PASSED] - Method.TextDegerineEsitElementeTikla is PASSED

2021-11-23 17:14:24 - [MESSAGE][PASSED] - Call Test Case 'Test Cases/Popup/PopupButonSecilir' successfully

2021-11-23 17:14:24 - [MESSAGE][INFO] - Checking called Test Case

2021-11-23 17:14:24 - [MESSAGE][INFO] - Starting to call Test Case 'Test Cases/Popup/PopupMesajiIceriyorMu'

2021-11-23 17:14:24 - [TEST_CASE][PASSED] - Test Cases/Popup/PopupMesajiIceriyorMu: Test Cases/Popup/PopupMesajiIceriyorMu

2021-11-23 17:14:24 - [TEST_STEP][PASSED] - waitForElementVisible(findTestObject("Popup/Popup"), 10): Object 'Object Repository/Popup/Popup' is visible

2021-11-23 17:14:24 - [MESSAGE][INFO] - Finding Test Object 'Object Repository/Popup/Popup'

2021-11-23 17:14:24 - [MESSAGE][INFO] - Checking object

2021-11-23 17:14:24 - [MESSAGE][INFO] - Checking timeout

2021-11-23 17:14:24 - [MESSAGE][INFO] - Finding web element from Test Object's properties

2021-11-23 17:14:24 - [MESSAGE][INFO] - Checking timeout

2021-11-23 17:14:24 - [MESSAGE][INFO] - Finding web element with id: 'Object Repository/Popup/Popup' located by 'By.cssSelector: .bootbox-body' in '10' second(s)

2021-11-23 17:14:24 - [MESSAGE][INFO] - Smart Wait Function is triggered

2021-11-23 17:14:26 - [MESSAGE][INFO] - Found 1 web elements with id: 'Object Repository/Popup/Popup' located by 'By.cssSelector: .bootbox-body' in '10' second(s)

2021-11-23 17:14:26 - [MESSAGE][PASSED] - Object 'Object Repository/Popup/Popup' is visible

2021-11-23 17:14:26 - [TEST_STEP][PASSED] - if (!(getText(findTestObject("Popup/Popup")).contains(Mesaj))): Text of object 'Object Repository/Popup/Popup' is: 'Seçilen tasarım öndeğer tasarım olarak tanımlanmıştır.'

2021-11-23 17:14:26 - [MESSAGE][INFO] - Finding Test Object 'Object Repository/Popup/Popup'

2021-11-23 17:14:26 - [MESSAGE][INFO] - Checking object

2021-11-23 17:14:26 - [MESSAGE][INFO] - Finding web element from Test Object's properties

2021-11-23 17:14:26 - [MESSAGE][INFO] - Checking timeout

2021-11-23 17:14:26 - [MESSAGE][INFO] - Finding web element with id: 'Object Repository/Popup/Popup' located by 'By.cssSelector: .bootbox-body' in '30' second(s)

2021-11-23 17:14:26 - [MESSAGE][INFO] - Smart Wait Function is triggered

2021-11-23 17:14:26 - [MESSAGE][INFO] - Found 1 web elements with id: 'Object Repository/Popup/Popup' located by 'By.cssSelector: .bootbox-body' in '30' second(s)

2021-11-23 17:14:26 - [MESSAGE][INFO] - Getting text of object 'Object Repository/Popup/Popup'

2021-11-23 17:14:26 - [MESSAGE][PASSED] - Text of object 'Object Repository/Popup/Popup' is: 'Seçilen tasarım öndeğer tasarım olarak tanımlanmıştır.'

2021-11-23 17:14:26 - [TEST_STEP][PASSED] - RaporNo = getText(findTestObject("Popup/Popup")).substring(0, 6): Text of object 'Object Repository/Popup/Popup' is: 'Seçilen tasarım öndeğer tasarım olarak tanımlanmıştır.'

2021-11-23 17:14:26 - [MESSAGE][INFO] - Finding Test Object 'Object Repository/Popup/Popup'

2021-11-23 17:14:26 - [MESSAGE][INFO] - Checking object

2021-11-23 17:14:26 - [MESSAGE][INFO] - Finding web element from Test Object's properties

2021-11-23 17:14:26 - [MESSAGE][INFO] - Checking timeout

2021-11-23 17:14:26 - [MESSAGE][INFO] - Finding web element with id: 'Object Repository/Popup/Popup' located by 'By.cssSelector: .bootbox-body' in '30' second(s)

2021-11-23 17:14:26 - [MESSAGE][INFO] - Smart Wait Function is triggered

2021-11-23 17:14:26 - [MESSAGE][INFO] - Found 1 web elements with id: 'Object Repository/Popup/Popup' located by 'By.cssSelector: .bootbox-body' in '30' second(s)

2021-11-23 17:14:26 - [MESSAGE][INFO] - Getting text of object 'Object Repository/Popup/Popup'

2021-11-23 17:14:26 - [MESSAGE][PASSED] - Text of object 'Object Repository/Popup/Popup' is: 'Seçilen tasarım öndeğer tasarım olarak tanımlanmıştır.'

2021-11-23 17:14:26 - [TEST_STEP][PASSED] - Console.println(RaporNo): null

2021-11-23 17:14:26 - [MESSAGE][PASSED] - Call Test Case 'Test Cases/Popup/PopupMesajiIceriyorMu' successfully

2021-11-23 17:14:26 - [MESSAGE][INFO] - Checking called Test Case

2021-11-23 17:14:26 - [MESSAGE][INFO] - Starting to call Test Case 'Test Cases/Popup/PopupButonSecilir'

2021-11-23 17:14:27 - [TEST_CASE][PASSED] - Test Cases/Popup/PopupButonSecilir: Test Cases/Popup/PopupButonSecilir

2021-11-23 17:14:27 - [TEST_STEP][PASSED] - Method.TextDegerineEsitElementeTikla(findTestObject("Popup/Popup_Butons"), Buton): Method.TextDegerineEsitElementeTikla is PASSED

2021-11-23 17:14:27 - [MESSAGE][INFO] - Finding Test Object 'Object Repository/Popup/Popup_Butons'

2021-11-23 17:14:27 - [MESSAGE][INFO] - Checking timeout

2021-11-23 17:14:27 - [MESSAGE][INFO] - Finding web element with id: 'Object Repository/Popup/Popup_Butons' located by 'By.cssSelector: .modal-footer>button' in '10' second(s)

2021-11-23 17:14:27 - [MESSAGE][INFO] - Smart Wait Function is triggered

2021-11-23 17:14:27 - [MESSAGE][INFO] - Found 1 web elements with id: 'Object Repository/Popup/Popup_Butons' located by 'By.cssSelector: .modal-footer>button' in '10' second(s)

2021-11-23 17:14:27 - [MESSAGE][PASSED] - Method.TextDegerineEsitElementeTikla is PASSED

2021-11-23 17:14:27 - [MESSAGE][PASSED] - Call Test Case 'Test Cases/Popup/PopupButonSecilir' successfully

2021-11-23 17:14:27 - [MESSAGE][INFO] - Checking called Test Case

2021-11-23 17:14:27 - [MESSAGE][INFO] - Starting to call Test Case 'Test Cases/Kullanici_Islemleri/KullaniciIslemlerindenSecimYapilir'

2021-11-23 17:14:27 - [TEST_CASE][PASSED] - Test Cases/Kullanici_Islemleri/KullaniciIslemlerindenSecimYapilir: Test Cases/Kullanici_Islemleri/KullaniciIslemlerindenSecimYapilir

2021-11-23 17:14:27 - [TEST_STEP][PASSED] - waitForElementClickable(findTestObject("Object Repository/Kullanici_Islemleri/KullaniciIslemleri"), 10): Object 'Object Repository/Kullanici_Islemleri/KullaniciIslemleri' is clickable

2021-11-23 17:14:27 - [MESSAGE][INFO] - Finding Test Object 'Object Repository/Kullanici_Islemleri/KullaniciIslemleri'

2021-11-23 17:14:27 - [MESSAGE][INFO] - Checking object

2021-11-23 17:14:27 - [MESSAGE][INFO] - Checking timeout

2021-11-23 17:14:27 - [MESSAGE][INFO] - Finding web element from Test Object's properties

2021-11-23 17:14:27 - [MESSAGE][INFO] - Checking timeout

2021-11-23 17:14:27 - [MESSAGE][INFO] - Finding web element with id: 'Object Repository/Kullanici_Islemleri/KullaniciIslemleri' located by 'By.cssSelector: .dropdown>a>img' in '10' second(s)

2021-11-23 17:14:27 - [MESSAGE][INFO] - Smart Wait Function is triggered

2021-11-23 17:14:28 - [MESSAGE][INFO] - Found 1 web elements with id: 'Object Repository/Kullanici_Islemleri/KullaniciIslemleri' located by 'By.cssSelector: .dropdown>a>img' in '10' second(s)

2021-11-23 17:14:28 - [MESSAGE][PASSED] - Object 'Object Repository/Kullanici_Islemleri/KullaniciIslemleri' is clickable

2021-11-23 17:14:28 - [TEST_STEP][PASSED] - click(findTestObject("Object Repository/Kullanici_Islemleri/KullaniciIslemleri")): Object: 'Object Repository/Kullanici_Islemleri/KullaniciIslemleri' is clicked on

2021-11-23 17:14:28 - [MESSAGE][INFO] - Finding Test Object 'Object Repository/Kullanici_Islemleri/KullaniciIslemleri'

2021-11-23 17:14:28 - [MESSAGE][INFO] - Checking object

2021-11-23 17:14:28 - [MESSAGE][INFO] - Finding web element from Test Object's properties

2021-11-23 17:14:28 - [MESSAGE][INFO] - Checking timeout

2021-11-23 17:14:28 - [MESSAGE][INFO] - Finding web element with id: 'Object Repository/Kullanici_Islemleri/KullaniciIslemleri' located by 'By.cssSelector: .dropdown>a>img' in '30' second(s)

2021-11-23 17:14:28 - [MESSAGE][INFO] - Smart Wait Function is triggered

2021-11-23 17:14:28 - [MESSAGE][INFO] - Found 1 web elements with id: 'Object Repository/Kullanici_Islemleri/KullaniciIslemleri' located by 'By.cssSelector: .dropdown>a>img' in '30' second(s)

2021-11-23 17:14:28 - [MESSAGE][INFO] - Clicking on object: 'Object Repository/Kullanici_Islemleri/KullaniciIslemleri'

2021-11-23 17:14:28 - [MESSAGE][PASSED] - Object: 'Object Repository/Kullanici_Islemleri/KullaniciIslemleri' is clicked on

2021-11-23 17:14:28 - [TEST_STEP][PASSED] - Method.TextDegerineEsitElementeTikla(findTestObject("Object Repository/Kullanici_Islemleri/Secenekler"), Islem): Method.TextDegerineEsitElementeTikla is PASSED

2021-11-23 17:14:28 - [MESSAGE][INFO] - Finding Test Object 'Object Repository/Kullanici_Islemleri/Secenekler'

2021-11-23 17:14:28 - [MESSAGE][INFO] - Checking timeout

2021-11-23 17:14:28 - [MESSAGE][INFO] - Finding web element with id: 'Object Repository/Kullanici_Islemleri/Secenekler' located by 'By.cssSelector: .nav.navbar-nav.navbar-right li a' in '10' second(s)

2021-11-23 17:14:28 - [MESSAGE][INFO] - Smart Wait Function is triggered

2021-11-23 17:14:29 - [MESSAGE][INFO] - Found 22 web elements with id: 'Object Repository/Kullanici_Islemleri/Secenekler' located by 'By.cssSelector: .nav.navbar-nav.navbar-right li a' in '10' second(s)

2021-11-23 17:14:30 - [MESSAGE][PASSED] - Method.TextDegerineEsitElementeTikla is PASSED

2021-11-23 17:14:30 - [TEST_STEP][PASSED] - verifyElementNotPresent(findTestObject("Object Repository/Kullanici_Islemleri/Secenekler"), 10): Web element with id: 'Object Repository/Kullanici_Islemleri/Secenekler' located by 'By.cssSelector: .nav.navbar-nav.navbar-right li a' is not present after '10' second(s)

2021-11-23 17:14:30 - [MESSAGE][INFO] - Finding Test Object 'Object Repository/Kullanici_Islemleri/Secenekler'

2021-11-23 17:14:30 - [MESSAGE][INFO] - Checking object

2021-11-23 17:14:30 - [MESSAGE][INFO] - Checking timeout

2021-11-23 17:14:30 - [MESSAGE][INFO] - Finding web element with id: 'Object Repository/Kullanici_Islemleri/Secenekler' located by 'By.cssSelector: .nav.navbar-nav.navbar-right li a' in '10' second(s)

2021-11-23 17:14:30 - [MESSAGE][INFO] - Smart Wait Function is triggered

2021-11-23 17:14:30 - [MESSAGE][PASSED] - Web element with id: 'Object Repository/Kullanici_Islemleri/Secenekler' located by 'By.cssSelector: .nav.navbar-nav.navbar-right li a' is not present after '10' second(s)

2021-11-23 17:14:30 - [MESSAGE][PASSED] - Call Test Case 'Test Cases/Kullanici_Islemleri/KullaniciIslemlerindenSecimYapilir' successfully

2021-11-23 17:14:30 - [TEST_CASE][PASSED] - Start Test Case : SCENARIO e-Fatura Hazir Tasarim Araci On Deger Ata: SCENARIO e-Fatura Hazir Tasarim Araci On Deger Ata

2021-11-23 17:14:30 - [TEST_STEP][PASSED] - Kullanıcı adı ELOGO6 ve Şifre 123456 olarak giriş yapılır: Kullanıcı adı ELOGO6 ve Şifre 123456 olarak giriş yapılır

2021-11-23 17:14:30 - [MESSAGE][PASSED] - Kullanıcı adı ELOGO6 ve Şifre 123456 olarak giriş yapılır

2021-11-23 17:14:30 - [TEST_STEP][PASSED] - Ana menüden Ayarlar seçilir: Ana menüden Ayarlar seçilir

2021-11-23 17:14:30 - [MESSAGE][PASSED] - Ana menüden Ayarlar seçilir

2021-11-23 17:14:30 - [TEST_STEP][PASSED] - Alt menü Görsel Tasarımlar başlığı altındaki Hazır Tasarım Aracı seçilir: Alt menü Görsel Tasarımlar başlığı altındaki Hazır Tasarım Aracı seçilir

2021-11-23 17:14:30 - [MESSAGE][PASSED] - Alt menü Görsel Tasarımlar başlığı altındaki Hazır Tasarım Aracı seçilir

2021-11-23 17:14:30 - [TEST_STEP][PASSED] - Sekmelerden e-Fatura seçilir: Sekmelerden e-Fatura seçilir

2021-11-23 17:14:30 - [MESSAGE][PASSED] - Sekmelerden e-Fatura seçilir

2021-11-23 17:14:30 - [TEST_STEP][PASSED] - Mavi Temalı e-Fatura Öndeğer Şablon Tasarım 2 adlı şablonun Ön Değer Ata adlı butonuna tıkla: Mavi Temalı e-Fatura Öndeğer Şablon Tasarım 2 adlı şablonun Ön Değer Ata adlı butonuna tıkla

2021-11-23 17:14:30 - [MESSAGE][PASSED] - Mavi Temalı e-Fatura Öndeğer Şablon Tasarım 2 adlı şablonun Ön Değer Ata adlı butonuna tıkla

2021-11-23 17:14:30 - [TEST_STEP][PASSED] - Popup mesajı Seçilen tasarım, e-Fatura belge türü için öndeğer tasarım olarak tanımlanacaktır. Onaylıyor musunuz içeriyor mu: Popup mesajı Seçilen tasarım, e-Fatura belge türü için öndeğer tasarım olarak tanımlanacaktır. Onaylıyor musunuz içeriyor mu

2021-11-23 17:14:30 - [MESSAGE][PASSED] - Popup mesajı Seçilen tasarım, e-Fatura belge türü için öndeğer tasarım olarak tanımlanacaktır. Onaylıyor musunuz içeriyor mu

2021-11-23 17:14:30 - [TEST_STEP][PASSED] - Yönetim popupında Evet seçilir: Yönetim popupında Evet seçilir

2021-11-23 17:14:30 - [MESSAGE][PASSED] - Yönetim popupında Evet seçilir

2021-11-23 17:14:30 - [TEST_STEP][PASSED] - Popup mesajı Seçilen tasarım öndeğer tasarım olarak tanımlanmıştır. içeriyor mu: Popup mesajı Seçilen tasarım öndeğer tasarım olarak tanımlanmıştır. içeriyor mu

2021-11-23 17:14:30 - [MESSAGE][PASSED] - Popup mesajı Seçilen tasarım öndeğer tasarım olarak tanımlanmıştır. içeriyor mu

2021-11-23 17:14:30 - [TEST_STEP][PASSED] - Yönetim popupında Tamam seçilir: Yönetim popupında Tamam seçilir

2021-11-23 17:14:30 - [MESSAGE][PASSED] - Yönetim popupında Tamam seçilir

2021-11-23 17:14:30 - [TEST_STEP][PASSED] - Kullanıcı işlemlerinden Çıkış seçilir: Kullanıcı işlemlerinden Çıkış seçilir

2021-11-23 17:14:30 - [MESSAGE][PASSED] - Kullanıcı işlemlerinden Çıkış seçilir

2021-11-23 17:14:30 - [MESSAGE][PASSED] - Feature file: 'Include/features/Ayarlar/Gorsel Tasarimlar/Hazir Tasarim Araci/e-Fatura/On Deger Ata.feature' was passed

2021-11-23 17:14:30 - [TEST_STEP][PASSED] - Start listener action : sampleAfterTestSuite: Invoke 'com.kms.katalon.core.annotation.AfterTestCase' method: 'Listener.sampleAfterTestSuite(...)' completed.

2021-11-23 17:14:30 - [MESSAGE][INFO] - Starting invoke 'com.kms.katalon.core.annotation.AfterTestCase' method: 'Listener.sampleAfterTestSuite(...)'

2021-11-23 17:14:30 - [TEST_STEP][PASSED] - closeBrowser(): Invoke 'com.kms.katalon.core.annotation.AfterTestCase' method: 'Listener.sampleAfterTestSuite(...)' completed.

2021-11-23 17:14:30 - [MESSAGE][INFO] - Closing browser

2021-11-23 17:14:31 - [MESSAGE][PASSED] - Browser is closed

2021-11-23 17:14:31 - [MESSAGE][INFO] - Invoke 'com.kms.katalon.core.annotation.AfterTestCase' method: 'Listener.sampleAfterTestSuite(...)' completed.]]></system-out>
         <system-err><![CDATA[]]></system-err>
      </testcase>
      <testcase name="Test Cases/Case Repository/Ayarlar/Gorsel Tasarim/Hazir Tasarim Araci/e-Fatura/Onizleme" time="39.589" classname="Test Cases/Case Repository/Ayarlar/Gorsel Tasarim/Hazir Tasarim Araci/e-Fatura/Onizleme" status="PASSED">
         <system-out><![CDATA[2021-11-23 17:14:31 - [TEST_CASE][PASSED] - Test Cases/Case Repository/Ayarlar/Gorsel Tasarim/Hazir Tasarim Araci/e-Fatura/Onizleme: Test Cases/Case Repository/Ayarlar/Gorsel Tasarim/Hazir Tasarim Araci/e-Fatura/Onizleme

2021-11-23 17:14:31 - [TEST_STEP][PASSED] - Start listener action : sampleBeforeTestSuite: Invoke 'com.kms.katalon.core.annotation.BeforeTestCase' method: 'Listener.sampleBeforeTestSuite(...)' completed.

2021-11-23 17:14:31 - [MESSAGE][INFO] - Starting invoke 'com.kms.katalon.core.annotation.BeforeTestCase' method: 'Listener.sampleBeforeTestSuite(...)'

2021-11-23 17:14:31 - [TEST_STEP][PASSED] - openBrowser(baseUrl): Browser is opened with url: 'https://efatura-stage.elogo.com.tr/'

2021-11-23 17:14:31 - [MESSAGE][INFO] - Opening browser

2021-11-23 17:14:31 - [MESSAGE][INFO] - Starting 'Chrome' driver

2021-11-23 17:14:31 - [MESSAGE][INFO] - User set preference: ['prefs', '{download.default_directory=C:\otomasyondownfiles}']

2021-11-23 17:14:31 - [MESSAGE][INFO] - Action delay is set to 0 milliseconds

2021-11-23 17:14:33 - [MESSAGE][INFO] - Navigating browser to: 'https://efatura-stage.elogo.com.tr/'

2021-11-23 17:14:35 - [MESSAGE][PASSED] - Browser is opened with url: 'https://efatura-stage.elogo.com.tr/'

2021-11-23 17:14:35 - [TEST_STEP][PASSED] - maximizeWindow(): Invoke 'com.kms.katalon.core.annotation.BeforeTestCase' method: 'Listener.sampleBeforeTestSuite(...)' completed.

2021-11-23 17:14:35 - [MESSAGE][INFO] - Maximizing current window

2021-11-23 17:14:35 - [MESSAGE][PASSED] - Current window maximized

2021-11-23 17:14:35 - [MESSAGE][INFO] - Invoke 'com.kms.katalon.core.annotation.BeforeTestCase' method: 'Listener.sampleBeforeTestSuite(...)' completed.

2021-11-23 17:14:36 - [TEST_STEP][PASSED] - runFeatureFile("Include/features/Ayarlar/Gorsel Tasarimlar/Hazir Tasarim Araci/e-Fatura/Onizleme.feature"): Feature file: 'Include/features/Ayarlar/Gorsel Tasarimlar/Hazir Tasarim Araci/e-Fatura/Onizleme.feature' was passed

2021-11-23 17:14:36 - [MESSAGE][INFO] - Starting run keyword runFeatureFile: 'Include/features/Ayarlar/Gorsel Tasarimlar/Hazir Tasarim Araci/e-Fatura/Onizleme.feature' and extract report to folder: 'C:\Users\DELL\Documents\GitHub\EES_KatalonLogo\Reports\20211123_163326\Suite Repository\Ayarlar\20211123_163427/cucumber_report/1637676876311'...

2021-11-23 17:14:36 - [MESSAGE][INFO] - Glue: []

2021-11-23 17:14:38 - [MESSAGE][INFO] - Checking called Test Case

2021-11-23 17:14:38 - [MESSAGE][INFO] - Starting to call Test Case 'Test Cases/Sayfalar/Giris_Sayfasi/Login'

2021-11-23 17:14:38 - [TEST_CASE][PASSED] - Test Cases/Sayfalar/Giris_Sayfasi/Login: Test Cases/Sayfalar/Giris_Sayfasi/Login

2021-11-23 17:14:38 - [TEST_STEP][PASSED] - Sayfa_Basligi = getWindowTitle(): Current window's title is: 'LOGO e-Fatura'

2021-11-23 17:14:38 - [MESSAGE][INFO] - Getting current window's title

2021-11-23 17:14:38 - [MESSAGE][PASSED] - Current window's title is: 'LOGO e-Fatura'

2021-11-23 17:14:38 - [TEST_STEP][PASSED] - verifyMatch(Sayfa_Basligi, "LOGO e-Fatura", false): Actual text 'LOGO e-Fatura' and expected text 'LOGO e-Fatura' are matched 

2021-11-23 17:14:38 - [MESSAGE][INFO] - Matching actual text 'LOGO e-Fatura' with expected text 'LOGO e-Fatura'

2021-11-23 17:14:38 - [MESSAGE][PASSED] - Actual text 'LOGO e-Fatura' and expected text 'LOGO e-Fatura' are matched 

2021-11-23 17:14:38 - [TEST_STEP][PASSED] - sendKeys(findTestObject("Sayfalar/Giris_Sayfasi/Firma_Kodu"), KullaniciAdi): Keys 'ELOGO6' sent to object: 'Object Repository/Sayfalar/Giris_Sayfasi/Firma_Kodu'

2021-11-23 17:14:38 - [MESSAGE][INFO] - Finding Test Object 'Object Repository/Sayfalar/Giris_Sayfasi/Firma_Kodu'

2021-11-23 17:14:38 - [MESSAGE][INFO] - Sending keys 'ELOGO6' to object: 'Object Repository/Sayfalar/Giris_Sayfasi/Firma_Kodu'

2021-11-23 17:14:38 - [MESSAGE][INFO] - Finding web element from Test Object's properties

2021-11-23 17:14:38 - [MESSAGE][INFO] - Checking timeout

2021-11-23 17:14:38 - [MESSAGE][INFO] - Finding web element with id: 'Object Repository/Sayfalar/Giris_Sayfasi/Firma_Kodu' located by 'By.xpath: //*[@id = 'AccountName']' in '30' second(s)

2021-11-23 17:14:38 - [MESSAGE][INFO] - Smart Wait Function is triggered

2021-11-23 17:14:39 - [MESSAGE][INFO] - Found 1 web elements with id: 'Object Repository/Sayfalar/Giris_Sayfasi/Firma_Kodu' located by 'By.xpath: //*[@id = 'AccountName']' in '30' second(s)

2021-11-23 17:14:39 - [MESSAGE][PASSED] - Keys 'ELOGO6' sent to object: 'Object Repository/Sayfalar/Giris_Sayfasi/Firma_Kodu'

2021-11-23 17:14:39 - [TEST_STEP][PASSED] - sendKeys(findTestObject("Sayfalar/Giris_Sayfasi/Sifre"), Sifre): Keys '123456' sent to object: 'Object Repository/Sayfalar/Giris_Sayfasi/Sifre'

2021-11-23 17:14:39 - [MESSAGE][INFO] - Finding Test Object 'Object Repository/Sayfalar/Giris_Sayfasi/Sifre'

2021-11-23 17:14:39 - [MESSAGE][INFO] - Sending keys '123456' to object: 'Object Repository/Sayfalar/Giris_Sayfasi/Sifre'

2021-11-23 17:14:39 - [MESSAGE][INFO] - Finding web element from Test Object's properties

2021-11-23 17:14:39 - [MESSAGE][INFO] - Checking timeout

2021-11-23 17:14:39 - [MESSAGE][INFO] - Finding web element with id: 'Object Repository/Sayfalar/Giris_Sayfasi/Sifre' located by 'By.xpath: //*[@id = 'Password']' in '30' second(s)

2021-11-23 17:14:39 - [MESSAGE][INFO] - Smart Wait Function is triggered

2021-11-23 17:14:39 - [MESSAGE][INFO] - Found 1 web elements with id: 'Object Repository/Sayfalar/Giris_Sayfasi/Sifre' located by 'By.xpath: //*[@id = 'Password']' in '30' second(s)

2021-11-23 17:14:39 - [MESSAGE][PASSED] - Keys '123456' sent to object: 'Object Repository/Sayfalar/Giris_Sayfasi/Sifre'

2021-11-23 17:14:39 - [TEST_STEP][PASSED] - findWebElement(findTestObject("Sayfalar/Giris_Sayfasi/Giris_Butonu")).click(): Found 1 web elements with id: 'Object Repository/Sayfalar/Giris_Sayfasi/Giris_Butonu' located by 'By.cssSelector: #btnLogin' in '30' second(s)

2021-11-23 17:14:39 - [MESSAGE][INFO] - Finding Test Object 'Object Repository/Sayfalar/Giris_Sayfasi/Giris_Butonu'

2021-11-23 17:14:39 - [MESSAGE][INFO] - Finding web element from Test Object's properties

2021-11-23 17:14:39 - [MESSAGE][INFO] - Checking timeout

2021-11-23 17:14:39 - [MESSAGE][INFO] - Finding web element with id: 'Object Repository/Sayfalar/Giris_Sayfasi/Giris_Butonu' located by 'By.cssSelector: #btnLogin' in '30' second(s)

2021-11-23 17:14:39 - [MESSAGE][INFO] - Smart Wait Function is triggered

2021-11-23 17:14:40 - [MESSAGE][INFO] - Found 1 web elements with id: 'Object Repository/Sayfalar/Giris_Sayfasi/Giris_Butonu' located by 'By.cssSelector: #btnLogin' in '30' second(s)

2021-11-23 17:14:42 - [TEST_STEP][PASSED] - if (verifyElementPresent(findTestObject("Object Repository/Sayfalar/Giris_Sayfasi/RetveTamam_Butonu"), 5, OPTIONAL)): null

2021-11-23 17:14:42 - [MESSAGE][INFO] - Finding Test Object 'Object Repository/Sayfalar/Giris_Sayfasi/RetveTamam_Butonu'

2021-11-23 17:14:42 - [MESSAGE][INFO] - Checking object

2021-11-23 17:14:42 - [MESSAGE][INFO] - Finding web element from Test Object's properties

2021-11-23 17:14:42 - [MESSAGE][INFO] - Checking timeout

2021-11-23 17:14:42 - [MESSAGE][INFO] - Finding web element with id: 'Object Repository/Sayfalar/Giris_Sayfasi/RetveTamam_Butonu' located by 'By.xpath: //*[@class = 'btn btn-default']' in '5' second(s)

2021-11-23 17:14:42 - [MESSAGE][INFO] - Smart Wait Function is triggered

2021-11-23 17:14:43 - [MESSAGE][INFO] - Found 1 web elements with id: 'Object Repository/Sayfalar/Giris_Sayfasi/RetveTamam_Butonu' located by 'By.xpath: //*[@class = 'btn btn-default']' in '5' second(s)

2021-11-23 17:14:43 - [MESSAGE][PASSED] - Object 'Object Repository/Sayfalar/Giris_Sayfasi/RetveTamam_Butonu' is present

2021-11-23 17:14:43 - [TEST_STEP][PASSED] - click(findTestObject("Object Repository/Sayfalar/Giris_Sayfasi/RetveTamam_Butonu")): Object: 'Object Repository/Sayfalar/Giris_Sayfasi/RetveTamam_Butonu' is clicked on

2021-11-23 17:14:43 - [MESSAGE][INFO] - Finding Test Object 'Object Repository/Sayfalar/Giris_Sayfasi/RetveTamam_Butonu'

2021-11-23 17:14:43 - [MESSAGE][INFO] - Checking object

2021-11-23 17:14:43 - [MESSAGE][INFO] - Finding web element from Test Object's properties

2021-11-23 17:14:43 - [MESSAGE][INFO] - Checking timeout

2021-11-23 17:14:43 - [MESSAGE][INFO] - Finding web element with id: 'Object Repository/Sayfalar/Giris_Sayfasi/RetveTamam_Butonu' located by 'By.xpath: //*[@class = 'btn btn-default']' in '30' second(s)

2021-11-23 17:14:43 - [MESSAGE][INFO] - Smart Wait Function is triggered

2021-11-23 17:14:43 - [MESSAGE][INFO] - Found 1 web elements with id: 'Object Repository/Sayfalar/Giris_Sayfasi/RetveTamam_Butonu' located by 'By.xpath: //*[@class = 'btn btn-default']' in '30' second(s)

2021-11-23 17:14:43 - [MESSAGE][INFO] - Clicking on object: 'Object Repository/Sayfalar/Giris_Sayfasi/RetveTamam_Butonu'

2021-11-23 17:14:43 - [MESSAGE][PASSED] - Object: 'Object Repository/Sayfalar/Giris_Sayfasi/RetveTamam_Butonu' is clicked on

2021-11-23 17:14:43 - [TEST_STEP][PASSED] - click(findTestObject("Object Repository/Sayfalar/Giris_Sayfasi/RetveTamam_Butonu")): Object: 'Object Repository/Sayfalar/Giris_Sayfasi/RetveTamam_Butonu' is clicked on

2021-11-23 17:14:43 - [MESSAGE][INFO] - Finding Test Object 'Object Repository/Sayfalar/Giris_Sayfasi/RetveTamam_Butonu'

2021-11-23 17:14:43 - [MESSAGE][INFO] - Checking object

2021-11-23 17:14:43 - [MESSAGE][INFO] - Finding web element from Test Object's properties

2021-11-23 17:14:43 - [MESSAGE][INFO] - Checking timeout

2021-11-23 17:14:43 - [MESSAGE][INFO] - Finding web element with id: 'Object Repository/Sayfalar/Giris_Sayfasi/RetveTamam_Butonu' located by 'By.xpath: //*[@class = 'btn btn-default']' in '30' second(s)

2021-11-23 17:14:43 - [MESSAGE][INFO] - Smart Wait Function is triggered

2021-11-23 17:14:46 - [MESSAGE][INFO] - Found 1 web elements with id: 'Object Repository/Sayfalar/Giris_Sayfasi/RetveTamam_Butonu' located by 'By.xpath: //*[@class = 'btn btn-default']' in '30' second(s)

2021-11-23 17:14:46 - [MESSAGE][INFO] - Clicking on object: 'Object Repository/Sayfalar/Giris_Sayfasi/RetveTamam_Butonu'

2021-11-23 17:14:46 - [MESSAGE][PASSED] - Object: 'Object Repository/Sayfalar/Giris_Sayfasi/RetveTamam_Butonu' is clicked on

2021-11-23 17:14:46 - [TEST_STEP][PASSED] - if (verifyElementPresent(findTestObject("Sayfalar/Giris_Sayfasi/PopupOK"), 5, OPTIONAL)): null

2021-11-23 17:14:46 - [MESSAGE][INFO] - Finding Test Object 'Object Repository/Sayfalar/Giris_Sayfasi/PopupOK'

2021-11-23 17:14:47 - [MESSAGE][INFO] - Checking object

2021-11-23 17:14:47 - [MESSAGE][INFO] - Finding web element from Test Object's properties

2021-11-23 17:14:47 - [MESSAGE][INFO] - Checking timeout

2021-11-23 17:14:47 - [MESSAGE][INFO] - Finding web element with id: 'Object Repository/Sayfalar/Giris_Sayfasi/PopupOK' located by 'By.cssSelector: .btn.btn-success' in '5' second(s)

2021-11-23 17:14:47 - [MESSAGE][INFO] - Smart Wait Function is triggered

2021-11-23 17:14:47 - [MESSAGE][INFO] - Found 1 web elements with id: 'Object Repository/Sayfalar/Giris_Sayfasi/PopupOK' located by 'By.cssSelector: .btn.btn-success' in '5' second(s)

2021-11-23 17:14:47 - [MESSAGE][PASSED] - Object 'Object Repository/Sayfalar/Giris_Sayfasi/PopupOK' is present

2021-11-23 17:14:47 - [TEST_STEP][PASSED] - click(findTestObject("Object Repository/Sayfalar/Giris_Sayfasi/PopupCarpiGiris")): Object: 'Object Repository/Sayfalar/Giris_Sayfasi/PopupCarpiGiris' is clicked on

2021-11-23 17:14:47 - [MESSAGE][INFO] - Finding Test Object 'Object Repository/Sayfalar/Giris_Sayfasi/PopupCarpiGiris'

2021-11-23 17:14:47 - [MESSAGE][INFO] - Checking object

2021-11-23 17:14:47 - [MESSAGE][INFO] - Finding web element from Test Object's properties

2021-11-23 17:14:47 - [MESSAGE][INFO] - Checking timeout

2021-11-23 17:14:47 - [MESSAGE][INFO] - Finding web element with id: 'Object Repository/Sayfalar/Giris_Sayfasi/PopupCarpiGiris' located by 'By.cssSelector: .bootbox-close-button.close' in '30' second(s)

2021-11-23 17:14:47 - [MESSAGE][INFO] - Smart Wait Function is triggered

2021-11-23 17:14:48 - [MESSAGE][INFO] - Found 1 web elements with id: 'Object Repository/Sayfalar/Giris_Sayfasi/PopupCarpiGiris' located by 'By.cssSelector: .bootbox-close-button.close' in '30' second(s)

2021-11-23 17:14:48 - [MESSAGE][INFO] - Clicking on object: 'Object Repository/Sayfalar/Giris_Sayfasi/PopupCarpiGiris'

2021-11-23 17:14:48 - [MESSAGE][PASSED] - Object: 'Object Repository/Sayfalar/Giris_Sayfasi/PopupCarpiGiris' is clicked on

2021-11-23 17:14:48 - [TEST_STEP][PASSED] - verifyElementVisible(findTestObject("Object Repository/Kullanici_Islemleri/KullaniciIslemleri")): Object 'Object Repository/Kullanici_Islemleri/KullaniciIslemleri' is visible

2021-11-23 17:14:48 - [MESSAGE][INFO] - Finding Test Object 'Object Repository/Kullanici_Islemleri/KullaniciIslemleri'

2021-11-23 17:14:48 - [MESSAGE][INFO] - Checking object

2021-11-23 17:14:48 - [MESSAGE][INFO] - Finding web element from Test Object's properties

2021-11-23 17:14:48 - [MESSAGE][INFO] - Checking timeout

2021-11-23 17:14:48 - [MESSAGE][INFO] - Finding web element with id: 'Object Repository/Kullanici_Islemleri/KullaniciIslemleri' located by 'By.cssSelector: .dropdown>a>img' in '30' second(s)

2021-11-23 17:14:48 - [MESSAGE][INFO] - Smart Wait Function is triggered

2021-11-23 17:14:49 - [MESSAGE][INFO] - Found 1 web elements with id: 'Object Repository/Kullanici_Islemleri/KullaniciIslemleri' located by 'By.cssSelector: .dropdown>a>img' in '30' second(s)

2021-11-23 17:14:49 - [MESSAGE][PASSED] - Object 'Object Repository/Kullanici_Islemleri/KullaniciIslemleri' is visible

2021-11-23 17:14:49 - [MESSAGE][PASSED] - Call Test Case 'Test Cases/Sayfalar/Giris_Sayfasi/Login' successfully

2021-11-23 17:14:49 - [MESSAGE][INFO] - Checking called Test Case

2021-11-23 17:14:49 - [MESSAGE][INFO] - Starting to call Test Case 'Test Cases/Menu/AnaMenuSecimi'

2021-11-23 17:14:49 - [TEST_CASE][PASSED] - Test Cases/Menu/AnaMenuSecimi: Test Cases/Menu/AnaMenuSecimi

2021-11-23 17:14:49 - [TEST_STEP][PASSED] - Method.TextDegerineEsitElementeTikla(findTestObject("Menu/Ana_Menu"), Ana_Menu): Method.TextDegerineEsitElementeTikla is PASSED

2021-11-23 17:14:49 - [MESSAGE][INFO] - Finding Test Object 'Object Repository/Menu/Ana_Menu'

2021-11-23 17:14:49 - [MESSAGE][INFO] - Checking timeout

2021-11-23 17:14:49 - [MESSAGE][INFO] - Finding web element with id: 'Object Repository/Menu/Ana_Menu' located by 'By.xpath: //*[@class = 'dropdown-toggle']' in '10' second(s)

2021-11-23 17:14:49 - [MESSAGE][INFO] - Smart Wait Function is triggered

2021-11-23 17:14:49 - [MESSAGE][INFO] - Found 14 web elements with id: 'Object Repository/Menu/Ana_Menu' located by 'By.xpath: //*[@class = 'dropdown-toggle']' in '10' second(s)

2021-11-23 17:14:49 - [MESSAGE][PASSED] - Method.TextDegerineEsitElementeTikla is PASSED

2021-11-23 17:14:49 - [MESSAGE][PASSED] - Call Test Case 'Test Cases/Menu/AnaMenuSecimi' successfully

2021-11-23 17:14:49 - [MESSAGE][INFO] - Checking called Test Case

2021-11-23 17:14:49 - [MESSAGE][INFO] - Starting to call Test Case 'Test Cases/Menu/BasligaGoreAltMenuSecimi'

2021-11-23 17:14:50 - [TEST_CASE][PASSED] - Test Cases/Menu/BasligaGoreAltMenuSecimi: Test Cases/Menu/BasligaGoreAltMenuSecimi

2021-11-23 17:14:50 - [TEST_STEP][PASSED] - Method.TextDegerineEsitElementinAltindakiTextDegerineEsitOlanaTikla(findTestObject("Menu/Menu_Basligi"), findTestObject("Menu/Basliga_Gore_Alt_Menu"), Baslik, Alt_Menu): Method.TextDegerineEsitElementinAltindakiTextDegerineEsitOlanaTikla is PASSED

2021-11-23 17:14:50 - [MESSAGE][INFO] - Finding Test Object 'Object Repository/Menu/Menu_Basligi'

2021-11-23 17:14:50 - [MESSAGE][INFO] - Finding Test Object 'Object Repository/Menu/Basliga_Gore_Alt_Menu'

2021-11-23 17:14:50 - [MESSAGE][INFO] - Checking timeout

2021-11-23 17:14:50 - [MESSAGE][INFO] - Finding web element with id: 'Object Repository/Menu/Menu_Basligi' located by 'By.xpath: //li[@class='dropdown dropdown-large open']//li[@class='dropdown-header']' in '10' second(s)

2021-11-23 17:14:50 - [MESSAGE][INFO] - Smart Wait Function is triggered

2021-11-23 17:14:50 - [MESSAGE][INFO] - Found 2 web elements with id: 'Object Repository/Menu/Menu_Basligi' located by 'By.xpath: //li[@class='dropdown dropdown-large open']//li[@class='dropdown-header']' in '10' second(s)

2021-11-23 17:14:50 - [MESSAGE][INFO] - Smart Wait Function is triggered

2021-11-23 17:15:03 - [MESSAGE][PASSED] - Method.TextDegerineEsitElementinAltindakiTextDegerineEsitOlanaTikla is PASSED

2021-11-23 17:15:03 - [MESSAGE][PASSED] - Call Test Case 'Test Cases/Menu/BasligaGoreAltMenuSecimi' successfully

2021-11-23 17:15:03 - [MESSAGE][INFO] - Checking called Test Case

2021-11-23 17:15:03 - [MESSAGE][INFO] - Starting to call Test Case 'Test Cases/Sayfalar/Yetki_Yonetimi/SekmeSecilir'

2021-11-23 17:15:03 - [TEST_CASE][PASSED] - Test Cases/Sayfalar/Yetki_Yonetimi/SekmeSecilir: Test Cases/Sayfalar/Yetki_Yonetimi/SekmeSecilir

2021-11-23 17:15:03 - [TEST_STEP][PASSED] - Method.TextDegerineEsitElementeTikla(findTestObject("Object Repository/Sayfalar/Yetki_Yonetimi/Sekmeler"), Sekme): Method.TextDegerineEsitElementeTikla is PASSED

2021-11-23 17:15:03 - [MESSAGE][INFO] - Finding Test Object 'Object Repository/Sayfalar/Yetki_Yonetimi/Sekmeler'

2021-11-23 17:15:03 - [MESSAGE][INFO] - Checking timeout

2021-11-23 17:15:03 - [MESSAGE][INFO] - Finding web element with id: 'Object Repository/Sayfalar/Yetki_Yonetimi/Sekmeler' located by 'By.cssSelector: #pcFeatures_TC>li[class="dxtc-tab"] span,#pcFeatures_TC>li[class="dxtc-activeTab dxtc-lead"] span' in '10' second(s)

2021-11-23 17:15:03 - [MESSAGE][INFO] - Smart Wait Function is triggered

2021-11-23 17:15:03 - [MESSAGE][INFO] - Found 5 web elements with id: 'Object Repository/Sayfalar/Yetki_Yonetimi/Sekmeler' located by 'By.cssSelector: #pcFeatures_TC>li[class="dxtc-tab"] span,#pcFeatures_TC>li[class="dxtc-activeTab dxtc-lead"] span' in '10' second(s)

2021-11-23 17:15:03 - [MESSAGE][PASSED] - Method.TextDegerineEsitElementeTikla is PASSED

2021-11-23 17:15:03 - [MESSAGE][PASSED] - Call Test Case 'Test Cases/Sayfalar/Yetki_Yonetimi/SekmeSecilir' successfully

2021-11-23 17:15:03 - [MESSAGE][INFO] - Checking called Test Case

2021-11-23 17:15:03 - [MESSAGE][INFO] - Starting to call Test Case 'Test Cases/Sayfalar/Ayarlar/Gorsel_Tasarim/SablonButonunaTikla'

2021-11-23 17:15:03 - [TEST_CASE][PASSED] - Test Cases/Sayfalar/Ayarlar/Gorsel_Tasarim/SablonButonunaTikla: Test Cases/Sayfalar/Ayarlar/Gorsel_Tasarim/SablonButonunaTikla

2021-11-23 17:15:03 - [TEST_STEP][PASSED] - Method.TextDegerineEsitElementinAltindakiTextDegerineEsitOlanaTikla(findTestObject("Object Repository/Sayfalar/Ayarlar/Gorsel_Tasarim/Sablonlar"), findTestObject("Object Repository/Sayfalar/Ayarlar/Gorsel_Tasarim/SablonButonlari"), Sablon, Buton): Method.TextDegerineEsitElementinAltindakiTextDegerineEsitOlanaTikla is PASSED

2021-11-23 17:15:03 - [MESSAGE][INFO] - Finding Test Object 'Object Repository/Sayfalar/Ayarlar/Gorsel_Tasarim/Sablonlar'

2021-11-23 17:15:03 - [MESSAGE][INFO] - Finding Test Object 'Object Repository/Sayfalar/Ayarlar/Gorsel_Tasarim/SablonButonlari'

2021-11-23 17:15:04 - [MESSAGE][INFO] - Checking timeout

2021-11-23 17:15:04 - [MESSAGE][INFO] - Finding web element with id: 'Object Repository/Sayfalar/Ayarlar/Gorsel_Tasarim/Sablonlar' located by 'By.cssSelector: .dxgvDataRow_LECustomTheme>td>b' in '10' second(s)

2021-11-23 17:15:04 - [MESSAGE][INFO] - Smart Wait Function is triggered

2021-11-23 17:15:04 - [MESSAGE][INFO] - Found 12 web elements with id: 'Object Repository/Sayfalar/Ayarlar/Gorsel_Tasarim/Sablonlar' located by 'By.cssSelector: .dxgvDataRow_LECustomTheme>td>b' in '10' second(s)

2021-11-23 17:15:04 - [MESSAGE][INFO] - Smart Wait Function is triggered

2021-11-23 17:15:04 - [MESSAGE][PASSED] - Method.TextDegerineEsitElementinAltindakiTextDegerineEsitOlanaTikla is PASSED

2021-11-23 17:15:04 - [MESSAGE][PASSED] - Call Test Case 'Test Cases/Sayfalar/Ayarlar/Gorsel_Tasarim/SablonButonunaTikla' successfully

2021-11-23 17:15:04 - [MESSAGE][INFO] - Checking called Test Case

2021-11-23 17:15:04 - [MESSAGE][INFO] - Starting to call Test Case 'Test Cases/Sekmeler/YeniSekmeyeGec'

2021-11-23 17:15:04 - [TEST_CASE][PASSED] - Test Cases/Sekmeler/YeniSekmeyeGec: Test Cases/Sekmeler/YeniSekmeyeGec

2021-11-23 17:15:05 - [TEST_STEP][PASSED] - switchToWindowIndex(1): Switched to window with index: '1'

2021-11-23 17:15:05 - [MESSAGE][INFO] - Checking index

2021-11-23 17:15:05 - [MESSAGE][INFO] - Switching window with index: '1'

2021-11-23 17:15:05 - [MESSAGE][PASSED] - Switched to window with index: '1'

2021-11-23 17:15:05 - [MESSAGE][PASSED] - Call Test Case 'Test Cases/Sekmeler/YeniSekmeyeGec' successfully

2021-11-23 17:15:05 - [MESSAGE][INFO] - Checking called Test Case

2021-11-23 17:15:05 - [MESSAGE][INFO] - Starting to call Test Case 'Test Cases/Sekmeler/YeniSekmeBasligindaVarMi'

2021-11-23 17:15:05 - [TEST_CASE][PASSED] - Test Cases/Sekmeler/YeniSekmeBasligindaVarMi: Test Cases/Sekmeler/YeniSekmeBasligindaVarMi

2021-11-23 17:15:06 - [TEST_STEP][PASSED] - verifyElementText(findTestObject("Object Repository/Sekmeler/Olusturma_Goster_Baslik"), Title): Actual text and expected text of test object 'Object Repository/Sekmeler/Olusturma_Goster_Baslik' are matched.

2021-11-23 17:15:06 - [MESSAGE][INFO] - Finding Test Object 'Object Repository/Sekmeler/Olusturma_Goster_Baslik'

2021-11-23 17:15:06 - [MESSAGE][INFO] - Checking object

2021-11-23 17:15:06 - [MESSAGE][INFO] - Finding web element from Test Object's properties

2021-11-23 17:15:06 - [MESSAGE][INFO] - Checking timeout

2021-11-23 17:15:06 - [MESSAGE][INFO] - Finding web element with id: 'Object Repository/Sekmeler/Olusturma_Goster_Baslik' located by 'By.cssSelector: h1>span,td>font,font' in '30' second(s)

2021-11-23 17:15:06 - [MESSAGE][INFO] - Smart Wait Function is triggered

2021-11-23 17:15:06 - [MESSAGE][INFO] - Found 1 web elements with id: 'Object Repository/Sekmeler/Olusturma_Goster_Baslik' located by 'By.cssSelector: h1>span,td>font,font' in '30' second(s)

2021-11-23 17:15:06 - [MESSAGE][PASSED] - Actual text and expected text of test object 'Object Repository/Sekmeler/Olusturma_Goster_Baslik' are matched.

2021-11-23 17:15:06 - [MESSAGE][PASSED] - Call Test Case 'Test Cases/Sekmeler/YeniSekmeBasligindaVarMi' successfully

2021-11-23 17:15:06 - [MESSAGE][INFO] - Checking called Test Case

2021-11-23 17:15:06 - [MESSAGE][INFO] - Starting to call Test Case 'Test Cases/Sekmeler/Ana_Sekmeye_Gec'

2021-11-23 17:15:06 - [TEST_CASE][PASSED] - Test Cases/Sekmeler/Ana_Sekmeye_Gec: Test Cases/Sekmeler/Ana_Sekmeye_Gec

2021-11-23 17:15:07 - [TEST_STEP][PASSED] - try: Window with index 1 is closed

2021-11-23 17:15:07 - [TEST_STEP][PASSED] - index = getWindowIndex(): Current window's index is: 1

2021-11-23 17:15:07 - [MESSAGE][INFO] - Getting current window's index

2021-11-23 17:15:07 - [MESSAGE][PASSED] - Current window's index is: 1

2021-11-23 17:15:07 - [TEST_STEP][PASSED] - closeWindowIndex(index): Window with index 1 is closed

2021-11-23 17:15:07 - [MESSAGE][INFO] - Checking index

2021-11-23 17:15:07 - [MESSAGE][INFO] - Closing window with index 1

2021-11-23 17:15:07 - [MESSAGE][PASSED] - Window with index 1 is closed

2021-11-23 17:15:07 - [TEST_STEP][PASSED] - switchToWindowIndex(0): Switched to window with index: '0'

2021-11-23 17:15:07 - [MESSAGE][INFO] - Checking index

2021-11-23 17:15:07 - [MESSAGE][INFO] - Switching window with index: '0'

2021-11-23 17:15:07 - [MESSAGE][PASSED] - Switched to window with index: '0'

2021-11-23 17:15:07 - [MESSAGE][PASSED] - Call Test Case 'Test Cases/Sekmeler/Ana_Sekmeye_Gec' successfully

2021-11-23 17:15:07 - [MESSAGE][INFO] - Checking called Test Case

2021-11-23 17:15:07 - [MESSAGE][INFO] - Starting to call Test Case 'Test Cases/Kullanici_Islemleri/KullaniciIslemlerindenSecimYapilir'

2021-11-23 17:15:07 - [TEST_CASE][PASSED] - Test Cases/Kullanici_Islemleri/KullaniciIslemlerindenSecimYapilir: Test Cases/Kullanici_Islemleri/KullaniciIslemlerindenSecimYapilir

2021-11-23 17:15:07 - [TEST_STEP][PASSED] - waitForElementClickable(findTestObject("Object Repository/Kullanici_Islemleri/KullaniciIslemleri"), 10): Object 'Object Repository/Kullanici_Islemleri/KullaniciIslemleri' is clickable

2021-11-23 17:15:07 - [MESSAGE][INFO] - Finding Test Object 'Object Repository/Kullanici_Islemleri/KullaniciIslemleri'

2021-11-23 17:15:07 - [MESSAGE][INFO] - Checking object

2021-11-23 17:15:07 - [MESSAGE][INFO] - Checking timeout

2021-11-23 17:15:07 - [MESSAGE][INFO] - Finding web element from Test Object's properties

2021-11-23 17:15:07 - [MESSAGE][INFO] - Checking timeout

2021-11-23 17:15:07 - [MESSAGE][INFO] - Finding web element with id: 'Object Repository/Kullanici_Islemleri/KullaniciIslemleri' located by 'By.cssSelector: .dropdown>a>img' in '10' second(s)

2021-11-23 17:15:07 - [MESSAGE][INFO] - Smart Wait Function is triggered

2021-11-23 17:15:07 - [MESSAGE][INFO] - Found 1 web elements with id: 'Object Repository/Kullanici_Islemleri/KullaniciIslemleri' located by 'By.cssSelector: .dropdown>a>img' in '10' second(s)

2021-11-23 17:15:07 - [MESSAGE][PASSED] - Object 'Object Repository/Kullanici_Islemleri/KullaniciIslemleri' is clickable

2021-11-23 17:15:07 - [TEST_STEP][PASSED] - click(findTestObject("Object Repository/Kullanici_Islemleri/KullaniciIslemleri")): Object: 'Object Repository/Kullanici_Islemleri/KullaniciIslemleri' is clicked on

2021-11-23 17:15:07 - [MESSAGE][INFO] - Finding Test Object 'Object Repository/Kullanici_Islemleri/KullaniciIslemleri'

2021-11-23 17:15:08 - [MESSAGE][INFO] - Checking object

2021-11-23 17:15:08 - [MESSAGE][INFO] - Finding web element from Test Object's properties

2021-11-23 17:15:08 - [MESSAGE][INFO] - Checking timeout

2021-11-23 17:15:08 - [MESSAGE][INFO] - Finding web element with id: 'Object Repository/Kullanici_Islemleri/KullaniciIslemleri' located by 'By.cssSelector: .dropdown>a>img' in '30' second(s)

2021-11-23 17:15:08 - [MESSAGE][INFO] - Smart Wait Function is triggered

2021-11-23 17:15:08 - [MESSAGE][INFO] - Found 1 web elements with id: 'Object Repository/Kullanici_Islemleri/KullaniciIslemleri' located by 'By.cssSelector: .dropdown>a>img' in '30' second(s)

2021-11-23 17:15:08 - [MESSAGE][INFO] - Clicking on object: 'Object Repository/Kullanici_Islemleri/KullaniciIslemleri'

2021-11-23 17:15:08 - [MESSAGE][PASSED] - Object: 'Object Repository/Kullanici_Islemleri/KullaniciIslemleri' is clicked on

2021-11-23 17:15:08 - [TEST_STEP][PASSED] - Method.TextDegerineEsitElementeTikla(findTestObject("Object Repository/Kullanici_Islemleri/Secenekler"), Islem): Method.TextDegerineEsitElementeTikla is PASSED

2021-11-23 17:15:08 - [MESSAGE][INFO] - Finding Test Object 'Object Repository/Kullanici_Islemleri/Secenekler'

2021-11-23 17:15:08 - [MESSAGE][INFO] - Checking timeout

2021-11-23 17:15:08 - [MESSAGE][INFO] - Finding web element with id: 'Object Repository/Kullanici_Islemleri/Secenekler' located by 'By.cssSelector: .nav.navbar-nav.navbar-right li a' in '10' second(s)

2021-11-23 17:15:08 - [MESSAGE][INFO] - Smart Wait Function is triggered

2021-11-23 17:15:08 - [MESSAGE][INFO] - Found 22 web elements with id: 'Object Repository/Kullanici_Islemleri/Secenekler' located by 'By.cssSelector: .nav.navbar-nav.navbar-right li a' in '10' second(s)

2021-11-23 17:15:09 - [MESSAGE][PASSED] - Method.TextDegerineEsitElementeTikla is PASSED

2021-11-23 17:15:09 - [TEST_STEP][PASSED] - verifyElementNotPresent(findTestObject("Object Repository/Kullanici_Islemleri/Secenekler"), 10): Web element with id: 'Object Repository/Kullanici_Islemleri/Secenekler' located by 'By.cssSelector: .nav.navbar-nav.navbar-right li a' is not present after '10' second(s)

2021-11-23 17:15:09 - [MESSAGE][INFO] - Finding Test Object 'Object Repository/Kullanici_Islemleri/Secenekler'

2021-11-23 17:15:09 - [MESSAGE][INFO] - Checking object

2021-11-23 17:15:09 - [MESSAGE][INFO] - Checking timeout

2021-11-23 17:15:09 - [MESSAGE][INFO] - Finding web element with id: 'Object Repository/Kullanici_Islemleri/Secenekler' located by 'By.cssSelector: .nav.navbar-nav.navbar-right li a' in '10' second(s)

2021-11-23 17:15:09 - [MESSAGE][INFO] - Smart Wait Function is triggered

2021-11-23 17:15:10 - [MESSAGE][PASSED] - Web element with id: 'Object Repository/Kullanici_Islemleri/Secenekler' located by 'By.cssSelector: .nav.navbar-nav.navbar-right li a' is not present after '10' second(s)

2021-11-23 17:15:10 - [MESSAGE][PASSED] - Call Test Case 'Test Cases/Kullanici_Islemleri/KullaniciIslemlerindenSecimYapilir' successfully

2021-11-23 17:15:10 - [TEST_CASE][PASSED] - Start Test Case : SCENARIO e-Fatura Hazir Tasarim Araci Onizleme: SCENARIO e-Fatura Hazir Tasarim Araci Onizleme

2021-11-23 17:15:10 - [TEST_STEP][PASSED] - Kullanıcı adı ELOGO6 ve Şifre 123456 olarak giriş yapılır: Kullanıcı adı ELOGO6 ve Şifre 123456 olarak giriş yapılır

2021-11-23 17:15:10 - [MESSAGE][PASSED] - Kullanıcı adı ELOGO6 ve Şifre 123456 olarak giriş yapılır

2021-11-23 17:15:10 - [TEST_STEP][PASSED] - Ana menüden Ayarlar seçilir: Ana menüden Ayarlar seçilir

2021-11-23 17:15:10 - [MESSAGE][PASSED] - Ana menüden Ayarlar seçilir

2021-11-23 17:15:10 - [TEST_STEP][PASSED] - Alt menü Görsel Tasarımlar başlığı altındaki Hazır Tasarım Aracı seçilir: Alt menü Görsel Tasarımlar başlığı altındaki Hazır Tasarım Aracı seçilir

2021-11-23 17:15:10 - [MESSAGE][PASSED] - Alt menü Görsel Tasarımlar başlığı altındaki Hazır Tasarım Aracı seçilir

2021-11-23 17:15:10 - [TEST_STEP][PASSED] - Sekmelerden e-Fatura seçilir: Sekmelerden e-Fatura seçilir

2021-11-23 17:15:10 - [MESSAGE][PASSED] - Sekmelerden e-Fatura seçilir

2021-11-23 17:15:10 - [TEST_STEP][PASSED] - Mavi Temalı e-Fatura Öndeğer Şablon Tasarım 2 adlı şablonun Önizleme adlı butonuna tıkla: Mavi Temalı e-Fatura Öndeğer Şablon Tasarım 2 adlı şablonun Önizleme adlı butonuna tıkla

2021-11-23 17:15:10 - [MESSAGE][PASSED] - Mavi Temalı e-Fatura Öndeğer Şablon Tasarım 2 adlı şablonun Önizleme adlı butonuna tıkla

2021-11-23 17:15:10 - [TEST_STEP][PASSED] - Yeni açılan sekmeye geçilir: Yeni açılan sekmeye geçilir

2021-11-23 17:15:10 - [MESSAGE][PASSED] - Yeni açılan sekmeye geçilir

2021-11-23 17:15:10 - [TEST_STEP][PASSED] - Yeni sekme başlığında e-Fatura var mı kontrol edilir: Yeni sekme başlığında e-Fatura var mı kontrol edilir

2021-11-23 17:15:10 - [MESSAGE][PASSED] - Yeni sekme başlığında e-Fatura var mı kontrol edilir

2021-11-23 17:15:10 - [TEST_STEP][PASSED] - Ana sekmeye geçilir: Ana sekmeye geçilir

2021-11-23 17:15:10 - [MESSAGE][PASSED] - Ana sekmeye geçilir

2021-11-23 17:15:10 - [TEST_STEP][PASSED] - Kullanıcı işlemlerinden Çıkış seçilir: Kullanıcı işlemlerinden Çıkış seçilir

2021-11-23 17:15:10 - [MESSAGE][PASSED] - Kullanıcı işlemlerinden Çıkış seçilir

2021-11-23 17:15:10 - [MESSAGE][PASSED] - Feature file: 'Include/features/Ayarlar/Gorsel Tasarimlar/Hazir Tasarim Araci/e-Fatura/Onizleme.feature' was passed

2021-11-23 17:15:10 - [TEST_STEP][PASSED] - Start listener action : sampleAfterTestSuite: Invoke 'com.kms.katalon.core.annotation.AfterTestCase' method: 'Listener.sampleAfterTestSuite(...)' completed.

2021-11-23 17:15:10 - [MESSAGE][INFO] - Starting invoke 'com.kms.katalon.core.annotation.AfterTestCase' method: 'Listener.sampleAfterTestSuite(...)'

2021-11-23 17:15:10 - [TEST_STEP][PASSED] - closeBrowser(): Invoke 'com.kms.katalon.core.annotation.AfterTestCase' method: 'Listener.sampleAfterTestSuite(...)' completed.

2021-11-23 17:15:10 - [MESSAGE][INFO] - Closing browser

2021-11-23 17:15:11 - [MESSAGE][PASSED] - Browser is closed

2021-11-23 17:15:11 - [MESSAGE][INFO] - Invoke 'com.kms.katalon.core.annotation.AfterTestCase' method: 'Listener.sampleAfterTestSuite(...)' completed.]]></system-out>
         <system-err><![CDATA[]]></system-err>
      </testcase>
      <testcase name="Test Cases/Case Repository/Ayarlar/Gorsel Tasarim/Hazir Tasarim Araci/e-Fatura/Tasarimi Indir" time="35.151" classname="Test Cases/Case Repository/Ayarlar/Gorsel Tasarim/Hazir Tasarim Araci/e-Fatura/Tasarimi Indir" status="PASSED">
         <system-out><![CDATA[2021-11-23 17:15:11 - [TEST_CASE][PASSED] - Test Cases/Case Repository/Ayarlar/Gorsel Tasarim/Hazir Tasarim Araci/e-Fatura/Tasarimi Indir: Test Cases/Case Repository/Ayarlar/Gorsel Tasarim/Hazir Tasarim Araci/e-Fatura/Tasarimi Indir

2021-11-23 17:15:11 - [TEST_STEP][PASSED] - Start listener action : sampleBeforeTestSuite: Invoke 'com.kms.katalon.core.annotation.BeforeTestCase' method: 'Listener.sampleBeforeTestSuite(...)' completed.

2021-11-23 17:15:11 - [MESSAGE][INFO] - Starting invoke 'com.kms.katalon.core.annotation.BeforeTestCase' method: 'Listener.sampleBeforeTestSuite(...)'

2021-11-23 17:15:11 - [TEST_STEP][PASSED] - openBrowser(baseUrl): Browser is opened with url: 'https://efatura-stage.elogo.com.tr/'

2021-11-23 17:15:11 - [MESSAGE][INFO] - Opening browser

2021-11-23 17:15:11 - [MESSAGE][INFO] - Starting 'Chrome' driver

2021-11-23 17:15:11 - [MESSAGE][INFO] - User set preference: ['prefs', '{download.default_directory=C:\otomasyondownfiles}']

2021-11-23 17:15:11 - [MESSAGE][INFO] - Action delay is set to 0 milliseconds

2021-11-23 17:15:12 - [MESSAGE][INFO] - Navigating browser to: 'https://efatura-stage.elogo.com.tr/'

2021-11-23 17:15:15 - [MESSAGE][PASSED] - Browser is opened with url: 'https://efatura-stage.elogo.com.tr/'

2021-11-23 17:15:15 - [TEST_STEP][PASSED] - maximizeWindow(): Invoke 'com.kms.katalon.core.annotation.BeforeTestCase' method: 'Listener.sampleBeforeTestSuite(...)' completed.

2021-11-23 17:15:15 - [MESSAGE][INFO] - Maximizing current window

2021-11-23 17:15:15 - [MESSAGE][PASSED] - Current window maximized

2021-11-23 17:15:15 - [MESSAGE][INFO] - Invoke 'com.kms.katalon.core.annotation.BeforeTestCase' method: 'Listener.sampleBeforeTestSuite(...)' completed.

2021-11-23 17:15:16 - [TEST_STEP][PASSED] - runFeatureFile("Include/features/Ayarlar/Gorsel Tasarimlar/Hazir Tasarim Araci/e-Fatura/Tasarimi Indir.feature"): Feature file: 'Include/features/Ayarlar/Gorsel Tasarimlar/Hazir Tasarim Araci/e-Fatura/Tasarimi Indir.feature' was passed

2021-11-23 17:15:16 - [MESSAGE][INFO] - Starting run keyword runFeatureFile: 'Include/features/Ayarlar/Gorsel Tasarimlar/Hazir Tasarim Araci/e-Fatura/Tasarimi Indir.feature' and extract report to folder: 'C:\Users\DELL\Documents\GitHub\EES_KatalonLogo\Reports\20211123_163326\Suite Repository\Ayarlar\20211123_163427/cucumber_report/1637676916594'...

2021-11-23 17:15:16 - [MESSAGE][INFO] - Glue: []

2021-11-23 17:15:19 - [MESSAGE][INFO] - Checking called Test Case

2021-11-23 17:15:19 - [MESSAGE][INFO] - Starting to call Test Case 'Test Cases/Sayfalar/Giris_Sayfasi/Login'

2021-11-23 17:15:19 - [TEST_CASE][PASSED] - Test Cases/Sayfalar/Giris_Sayfasi/Login: Test Cases/Sayfalar/Giris_Sayfasi/Login

2021-11-23 17:15:19 - [TEST_STEP][PASSED] - Sayfa_Basligi = getWindowTitle(): Current window's title is: 'LOGO e-Fatura'

2021-11-23 17:15:19 - [MESSAGE][INFO] - Getting current window's title

2021-11-23 17:15:19 - [MESSAGE][PASSED] - Current window's title is: 'LOGO e-Fatura'

2021-11-23 17:15:19 - [TEST_STEP][PASSED] - verifyMatch(Sayfa_Basligi, "LOGO e-Fatura", false): Actual text 'LOGO e-Fatura' and expected text 'LOGO e-Fatura' are matched 

2021-11-23 17:15:19 - [MESSAGE][INFO] - Matching actual text 'LOGO e-Fatura' with expected text 'LOGO e-Fatura'

2021-11-23 17:15:19 - [MESSAGE][PASSED] - Actual text 'LOGO e-Fatura' and expected text 'LOGO e-Fatura' are matched 

2021-11-23 17:15:19 - [TEST_STEP][PASSED] - sendKeys(findTestObject("Sayfalar/Giris_Sayfasi/Firma_Kodu"), KullaniciAdi): Keys 'ELOGO6' sent to object: 'Object Repository/Sayfalar/Giris_Sayfasi/Firma_Kodu'

2021-11-23 17:15:19 - [MESSAGE][INFO] - Finding Test Object 'Object Repository/Sayfalar/Giris_Sayfasi/Firma_Kodu'

2021-11-23 17:15:19 - [MESSAGE][INFO] - Sending keys 'ELOGO6' to object: 'Object Repository/Sayfalar/Giris_Sayfasi/Firma_Kodu'

2021-11-23 17:15:19 - [MESSAGE][INFO] - Finding web element from Test Object's properties

2021-11-23 17:15:19 - [MESSAGE][INFO] - Checking timeout

2021-11-23 17:15:19 - [MESSAGE][INFO] - Finding web element with id: 'Object Repository/Sayfalar/Giris_Sayfasi/Firma_Kodu' located by 'By.xpath: //*[@id = 'AccountName']' in '30' second(s)

2021-11-23 17:15:19 - [MESSAGE][INFO] - Smart Wait Function is triggered

2021-11-23 17:15:19 - [MESSAGE][INFO] - Found 1 web elements with id: 'Object Repository/Sayfalar/Giris_Sayfasi/Firma_Kodu' located by 'By.xpath: //*[@id = 'AccountName']' in '30' second(s)

2021-11-23 17:15:19 - [MESSAGE][PASSED] - Keys 'ELOGO6' sent to object: 'Object Repository/Sayfalar/Giris_Sayfasi/Firma_Kodu'

2021-11-23 17:15:19 - [TEST_STEP][PASSED] - sendKeys(findTestObject("Sayfalar/Giris_Sayfasi/Sifre"), Sifre): Keys '123456' sent to object: 'Object Repository/Sayfalar/Giris_Sayfasi/Sifre'

2021-11-23 17:15:19 - [MESSAGE][INFO] - Finding Test Object 'Object Repository/Sayfalar/Giris_Sayfasi/Sifre'

2021-11-23 17:15:19 - [MESSAGE][INFO] - Sending keys '123456' to object: 'Object Repository/Sayfalar/Giris_Sayfasi/Sifre'

2021-11-23 17:15:19 - [MESSAGE][INFO] - Finding web element from Test Object's properties

2021-11-23 17:15:19 - [MESSAGE][INFO] - Checking timeout

2021-11-23 17:15:19 - [MESSAGE][INFO] - Finding web element with id: 'Object Repository/Sayfalar/Giris_Sayfasi/Sifre' located by 'By.xpath: //*[@id = 'Password']' in '30' second(s)

2021-11-23 17:15:19 - [MESSAGE][INFO] - Smart Wait Function is triggered

2021-11-23 17:15:20 - [MESSAGE][INFO] - Found 1 web elements with id: 'Object Repository/Sayfalar/Giris_Sayfasi/Sifre' located by 'By.xpath: //*[@id = 'Password']' in '30' second(s)

2021-11-23 17:15:20 - [MESSAGE][PASSED] - Keys '123456' sent to object: 'Object Repository/Sayfalar/Giris_Sayfasi/Sifre'

2021-11-23 17:15:20 - [TEST_STEP][PASSED] - findWebElement(findTestObject("Sayfalar/Giris_Sayfasi/Giris_Butonu")).click(): Found 1 web elements with id: 'Object Repository/Sayfalar/Giris_Sayfasi/Giris_Butonu' located by 'By.cssSelector: #btnLogin' in '30' second(s)

2021-11-23 17:15:20 - [MESSAGE][INFO] - Finding Test Object 'Object Repository/Sayfalar/Giris_Sayfasi/Giris_Butonu'

2021-11-23 17:15:20 - [MESSAGE][INFO] - Finding web element from Test Object's properties

2021-11-23 17:15:20 - [MESSAGE][INFO] - Checking timeout

2021-11-23 17:15:20 - [MESSAGE][INFO] - Finding web element with id: 'Object Repository/Sayfalar/Giris_Sayfasi/Giris_Butonu' located by 'By.cssSelector: #btnLogin' in '30' second(s)

2021-11-23 17:15:20 - [MESSAGE][INFO] - Smart Wait Function is triggered

2021-11-23 17:15:20 - [MESSAGE][INFO] - Found 1 web elements with id: 'Object Repository/Sayfalar/Giris_Sayfasi/Giris_Butonu' located by 'By.cssSelector: #btnLogin' in '30' second(s)

2021-11-23 17:15:23 - [TEST_STEP][PASSED] - if (verifyElementPresent(findTestObject("Object Repository/Sayfalar/Giris_Sayfasi/RetveTamam_Butonu"), 5, OPTIONAL)): null

2021-11-23 17:15:23 - [MESSAGE][INFO] - Finding Test Object 'Object Repository/Sayfalar/Giris_Sayfasi/RetveTamam_Butonu'

2021-11-23 17:15:23 - [MESSAGE][INFO] - Checking object

2021-11-23 17:15:23 - [MESSAGE][INFO] - Finding web element from Test Object's properties

2021-11-23 17:15:23 - [MESSAGE][INFO] - Checking timeout

2021-11-23 17:15:23 - [MESSAGE][INFO] - Finding web element with id: 'Object Repository/Sayfalar/Giris_Sayfasi/RetveTamam_Butonu' located by 'By.xpath: //*[@class = 'btn btn-default']' in '5' second(s)

2021-11-23 17:15:23 - [MESSAGE][INFO] - Smart Wait Function is triggered

2021-11-23 17:15:23 - [MESSAGE][INFO] - Found 1 web elements with id: 'Object Repository/Sayfalar/Giris_Sayfasi/RetveTamam_Butonu' located by 'By.xpath: //*[@class = 'btn btn-default']' in '5' second(s)

2021-11-23 17:15:23 - [MESSAGE][PASSED] - Object 'Object Repository/Sayfalar/Giris_Sayfasi/RetveTamam_Butonu' is present

2021-11-23 17:15:23 - [TEST_STEP][PASSED] - click(findTestObject("Object Repository/Sayfalar/Giris_Sayfasi/RetveTamam_Butonu")): Object: 'Object Repository/Sayfalar/Giris_Sayfasi/RetveTamam_Butonu' is clicked on

2021-11-23 17:15:23 - [MESSAGE][INFO] - Finding Test Object 'Object Repository/Sayfalar/Giris_Sayfasi/RetveTamam_Butonu'

2021-11-23 17:15:23 - [MESSAGE][INFO] - Checking object

2021-11-23 17:15:23 - [MESSAGE][INFO] - Finding web element from Test Object's properties

2021-11-23 17:15:23 - [MESSAGE][INFO] - Checking timeout

2021-11-23 17:15:23 - [MESSAGE][INFO] - Finding web element with id: 'Object Repository/Sayfalar/Giris_Sayfasi/RetveTamam_Butonu' located by 'By.xpath: //*[@class = 'btn btn-default']' in '30' second(s)

2021-11-23 17:15:23 - [MESSAGE][INFO] - Smart Wait Function is triggered

2021-11-23 17:15:23 - [MESSAGE][INFO] - Found 1 web elements with id: 'Object Repository/Sayfalar/Giris_Sayfasi/RetveTamam_Butonu' located by 'By.xpath: //*[@class = 'btn btn-default']' in '30' second(s)

2021-11-23 17:15:23 - [MESSAGE][INFO] - Clicking on object: 'Object Repository/Sayfalar/Giris_Sayfasi/RetveTamam_Butonu'

2021-11-23 17:15:24 - [MESSAGE][PASSED] - Object: 'Object Repository/Sayfalar/Giris_Sayfasi/RetveTamam_Butonu' is clicked on

2021-11-23 17:15:24 - [TEST_STEP][PASSED] - click(findTestObject("Object Repository/Sayfalar/Giris_Sayfasi/RetveTamam_Butonu")): Object: 'Object Repository/Sayfalar/Giris_Sayfasi/RetveTamam_Butonu' is clicked on

2021-11-23 17:15:24 - [MESSAGE][INFO] - Finding Test Object 'Object Repository/Sayfalar/Giris_Sayfasi/RetveTamam_Butonu'

2021-11-23 17:15:24 - [MESSAGE][INFO] - Checking object

2021-11-23 17:15:24 - [MESSAGE][INFO] - Finding web element from Test Object's properties

2021-11-23 17:15:24 - [MESSAGE][INFO] - Checking timeout

2021-11-23 17:15:24 - [MESSAGE][INFO] - Finding web element with id: 'Object Repository/Sayfalar/Giris_Sayfasi/RetveTamam_Butonu' located by 'By.xpath: //*[@class = 'btn btn-default']' in '30' second(s)

2021-11-23 17:15:24 - [MESSAGE][INFO] - Smart Wait Function is triggered

2021-11-23 17:15:27 - [MESSAGE][INFO] - Found 1 web elements with id: 'Object Repository/Sayfalar/Giris_Sayfasi/RetveTamam_Butonu' located by 'By.xpath: //*[@class = 'btn btn-default']' in '30' second(s)

2021-11-23 17:15:27 - [MESSAGE][INFO] - Clicking on object: 'Object Repository/Sayfalar/Giris_Sayfasi/RetveTamam_Butonu'

2021-11-23 17:15:27 - [MESSAGE][PASSED] - Object: 'Object Repository/Sayfalar/Giris_Sayfasi/RetveTamam_Butonu' is clicked on

2021-11-23 17:15:27 - [TEST_STEP][PASSED] - if (verifyElementPresent(findTestObject("Sayfalar/Giris_Sayfasi/PopupOK"), 5, OPTIONAL)): null

2021-11-23 17:15:27 - [MESSAGE][INFO] - Finding Test Object 'Object Repository/Sayfalar/Giris_Sayfasi/PopupOK'

2021-11-23 17:15:27 - [MESSAGE][INFO] - Checking object

2021-11-23 17:15:27 - [MESSAGE][INFO] - Finding web element from Test Object's properties

2021-11-23 17:15:27 - [MESSAGE][INFO] - Checking timeout

2021-11-23 17:15:27 - [MESSAGE][INFO] - Finding web element with id: 'Object Repository/Sayfalar/Giris_Sayfasi/PopupOK' located by 'By.cssSelector: .btn.btn-success' in '5' second(s)

2021-11-23 17:15:27 - [MESSAGE][INFO] - Smart Wait Function is triggered

2021-11-23 17:15:27 - [MESSAGE][INFO] - Found 1 web elements with id: 'Object Repository/Sayfalar/Giris_Sayfasi/PopupOK' located by 'By.cssSelector: .btn.btn-success' in '5' second(s)

2021-11-23 17:15:27 - [MESSAGE][PASSED] - Object 'Object Repository/Sayfalar/Giris_Sayfasi/PopupOK' is present

2021-11-23 17:15:27 - [TEST_STEP][PASSED] - click(findTestObject("Object Repository/Sayfalar/Giris_Sayfasi/PopupCarpiGiris")): Object: 'Object Repository/Sayfalar/Giris_Sayfasi/PopupCarpiGiris' is clicked on

2021-11-23 17:15:27 - [MESSAGE][INFO] - Finding Test Object 'Object Repository/Sayfalar/Giris_Sayfasi/PopupCarpiGiris'

2021-11-23 17:15:28 - [MESSAGE][INFO] - Checking object

2021-11-23 17:15:28 - [MESSAGE][INFO] - Finding web element from Test Object's properties

2021-11-23 17:15:28 - [MESSAGE][INFO] - Checking timeout

2021-11-23 17:15:28 - [MESSAGE][INFO] - Finding web element with id: 'Object Repository/Sayfalar/Giris_Sayfasi/PopupCarpiGiris' located by 'By.cssSelector: .bootbox-close-button.close' in '30' second(s)

2021-11-23 17:15:28 - [MESSAGE][INFO] - Smart Wait Function is triggered

2021-11-23 17:15:28 - [MESSAGE][INFO] - Found 1 web elements with id: 'Object Repository/Sayfalar/Giris_Sayfasi/PopupCarpiGiris' located by 'By.cssSelector: .bootbox-close-button.close' in '30' second(s)

2021-11-23 17:15:28 - [MESSAGE][INFO] - Clicking on object: 'Object Repository/Sayfalar/Giris_Sayfasi/PopupCarpiGiris'

2021-11-23 17:15:28 - [MESSAGE][PASSED] - Object: 'Object Repository/Sayfalar/Giris_Sayfasi/PopupCarpiGiris' is clicked on

2021-11-23 17:15:28 - [TEST_STEP][PASSED] - verifyElementVisible(findTestObject("Object Repository/Kullanici_Islemleri/KullaniciIslemleri")): Object 'Object Repository/Kullanici_Islemleri/KullaniciIslemleri' is visible

2021-11-23 17:15:28 - [MESSAGE][INFO] - Finding Test Object 'Object Repository/Kullanici_Islemleri/KullaniciIslemleri'

2021-11-23 17:15:28 - [MESSAGE][INFO] - Checking object

2021-11-23 17:15:28 - [MESSAGE][INFO] - Finding web element from Test Object's properties

2021-11-23 17:15:28 - [MESSAGE][INFO] - Checking timeout

2021-11-23 17:15:28 - [MESSAGE][INFO] - Finding web element with id: 'Object Repository/Kullanici_Islemleri/KullaniciIslemleri' located by 'By.cssSelector: .dropdown>a>img' in '30' second(s)

2021-11-23 17:15:28 - [MESSAGE][INFO] - Smart Wait Function is triggered

2021-11-23 17:15:29 - [MESSAGE][INFO] - Found 1 web elements with id: 'Object Repository/Kullanici_Islemleri/KullaniciIslemleri' located by 'By.cssSelector: .dropdown>a>img' in '30' second(s)

2021-11-23 17:15:29 - [MESSAGE][PASSED] - Object 'Object Repository/Kullanici_Islemleri/KullaniciIslemleri' is visible

2021-11-23 17:15:29 - [MESSAGE][PASSED] - Call Test Case 'Test Cases/Sayfalar/Giris_Sayfasi/Login' successfully

2021-11-23 17:15:29 - [MESSAGE][INFO] - Checking called Test Case

2021-11-23 17:15:29 - [MESSAGE][INFO] - Starting to call Test Case 'Test Cases/Menu/AnaMenuSecimi'

2021-11-23 17:15:29 - [TEST_CASE][PASSED] - Test Cases/Menu/AnaMenuSecimi: Test Cases/Menu/AnaMenuSecimi

2021-11-23 17:15:29 - [TEST_STEP][PASSED] - Method.TextDegerineEsitElementeTikla(findTestObject("Menu/Ana_Menu"), Ana_Menu): Method.TextDegerineEsitElementeTikla is PASSED

2021-11-23 17:15:29 - [MESSAGE][INFO] - Finding Test Object 'Object Repository/Menu/Ana_Menu'

2021-11-23 17:15:29 - [MESSAGE][INFO] - Checking timeout

2021-11-23 17:15:29 - [MESSAGE][INFO] - Finding web element with id: 'Object Repository/Menu/Ana_Menu' located by 'By.xpath: //*[@class = 'dropdown-toggle']' in '10' second(s)

2021-11-23 17:15:29 - [MESSAGE][INFO] - Smart Wait Function is triggered

2021-11-23 17:15:29 - [MESSAGE][INFO] - Found 14 web elements with id: 'Object Repository/Menu/Ana_Menu' located by 'By.xpath: //*[@class = 'dropdown-toggle']' in '10' second(s)

2021-11-23 17:15:30 - [MESSAGE][PASSED] - Method.TextDegerineEsitElementeTikla is PASSED

2021-11-23 17:15:30 - [MESSAGE][PASSED] - Call Test Case 'Test Cases/Menu/AnaMenuSecimi' successfully

2021-11-23 17:15:30 - [MESSAGE][INFO] - Checking called Test Case

2021-11-23 17:15:30 - [MESSAGE][INFO] - Starting to call Test Case 'Test Cases/Menu/BasligaGoreAltMenuSecimi'

2021-11-23 17:15:30 - [TEST_CASE][PASSED] - Test Cases/Menu/BasligaGoreAltMenuSecimi: Test Cases/Menu/BasligaGoreAltMenuSecimi

2021-11-23 17:15:30 - [TEST_STEP][PASSED] - Method.TextDegerineEsitElementinAltindakiTextDegerineEsitOlanaTikla(findTestObject("Menu/Menu_Basligi"), findTestObject("Menu/Basliga_Gore_Alt_Menu"), Baslik, Alt_Menu): Method.TextDegerineEsitElementinAltindakiTextDegerineEsitOlanaTikla is PASSED

2021-11-23 17:15:30 - [MESSAGE][INFO] - Finding Test Object 'Object Repository/Menu/Menu_Basligi'

2021-11-23 17:15:30 - [MESSAGE][INFO] - Finding Test Object 'Object Repository/Menu/Basliga_Gore_Alt_Menu'

2021-11-23 17:15:30 - [MESSAGE][INFO] - Checking timeout

2021-11-23 17:15:30 - [MESSAGE][INFO] - Finding web element with id: 'Object Repository/Menu/Menu_Basligi' located by 'By.xpath: //li[@class='dropdown dropdown-large open']//li[@class='dropdown-header']' in '10' second(s)

2021-11-23 17:15:30 - [MESSAGE][INFO] - Smart Wait Function is triggered

2021-11-23 17:15:30 - [MESSAGE][INFO] - Found 2 web elements with id: 'Object Repository/Menu/Menu_Basligi' located by 'By.xpath: //li[@class='dropdown dropdown-large open']//li[@class='dropdown-header']' in '10' second(s)

2021-11-23 17:15:30 - [MESSAGE][INFO] - Smart Wait Function is triggered

2021-11-23 17:15:35 - [MESSAGE][PASSED] - Method.TextDegerineEsitElementinAltindakiTextDegerineEsitOlanaTikla is PASSED

2021-11-23 17:15:35 - [MESSAGE][PASSED] - Call Test Case 'Test Cases/Menu/BasligaGoreAltMenuSecimi' successfully

2021-11-23 17:15:35 - [MESSAGE][INFO] - Checking called Test Case

2021-11-23 17:15:35 - [MESSAGE][INFO] - Starting to call Test Case 'Test Cases/Sayfalar/Yetki_Yonetimi/SekmeSecilir'

2021-11-23 17:15:35 - [TEST_CASE][PASSED] - Test Cases/Sayfalar/Yetki_Yonetimi/SekmeSecilir: Test Cases/Sayfalar/Yetki_Yonetimi/SekmeSecilir

2021-11-23 17:15:35 - [TEST_STEP][PASSED] - Method.TextDegerineEsitElementeTikla(findTestObject("Object Repository/Sayfalar/Yetki_Yonetimi/Sekmeler"), Sekme): Method.TextDegerineEsitElementeTikla is PASSED

2021-11-23 17:15:35 - [MESSAGE][INFO] - Finding Test Object 'Object Repository/Sayfalar/Yetki_Yonetimi/Sekmeler'

2021-11-23 17:15:36 - [MESSAGE][INFO] - Checking timeout

2021-11-23 17:15:36 - [MESSAGE][INFO] - Finding web element with id: 'Object Repository/Sayfalar/Yetki_Yonetimi/Sekmeler' located by 'By.cssSelector: #pcFeatures_TC>li[class="dxtc-tab"] span,#pcFeatures_TC>li[class="dxtc-activeTab dxtc-lead"] span' in '10' second(s)

2021-11-23 17:15:36 - [MESSAGE][INFO] - Smart Wait Function is triggered

2021-11-23 17:15:36 - [MESSAGE][INFO] - Found 5 web elements with id: 'Object Repository/Sayfalar/Yetki_Yonetimi/Sekmeler' located by 'By.cssSelector: #pcFeatures_TC>li[class="dxtc-tab"] span,#pcFeatures_TC>li[class="dxtc-activeTab dxtc-lead"] span' in '10' second(s)

2021-11-23 17:15:36 - [MESSAGE][PASSED] - Method.TextDegerineEsitElementeTikla is PASSED

2021-11-23 17:15:36 - [MESSAGE][PASSED] - Call Test Case 'Test Cases/Sayfalar/Yetki_Yonetimi/SekmeSecilir' successfully

2021-11-23 17:15:36 - [MESSAGE][INFO] - Checking called Test Case

2021-11-23 17:15:36 - [MESSAGE][INFO] - Starting to call Test Case 'Test Cases/Sayfalar/Ayarlar/Gorsel_Tasarim/SablonButonunaTikla'

2021-11-23 17:15:36 - [TEST_CASE][PASSED] - Test Cases/Sayfalar/Ayarlar/Gorsel_Tasarim/SablonButonunaTikla: Test Cases/Sayfalar/Ayarlar/Gorsel_Tasarim/SablonButonunaTikla

2021-11-23 17:15:36 - [TEST_STEP][PASSED] - Method.TextDegerineEsitElementinAltindakiTextDegerineEsitOlanaTikla(findTestObject("Object Repository/Sayfalar/Ayarlar/Gorsel_Tasarim/Sablonlar"), findTestObject("Object Repository/Sayfalar/Ayarlar/Gorsel_Tasarim/SablonButonlari"), Sablon, Buton): Method.TextDegerineEsitElementinAltindakiTextDegerineEsitOlanaTikla is PASSED

2021-11-23 17:15:36 - [MESSAGE][INFO] - Finding Test Object 'Object Repository/Sayfalar/Ayarlar/Gorsel_Tasarim/Sablonlar'

2021-11-23 17:15:36 - [MESSAGE][INFO] - Finding Test Object 'Object Repository/Sayfalar/Ayarlar/Gorsel_Tasarim/SablonButonlari'

2021-11-23 17:15:36 - [MESSAGE][INFO] - Checking timeout

2021-11-23 17:15:36 - [MESSAGE][INFO] - Finding web element with id: 'Object Repository/Sayfalar/Ayarlar/Gorsel_Tasarim/Sablonlar' located by 'By.cssSelector: .dxgvDataRow_LECustomTheme>td>b' in '10' second(s)

2021-11-23 17:15:36 - [MESSAGE][INFO] - Smart Wait Function is triggered

2021-11-23 17:15:37 - [MESSAGE][INFO] - Found 12 web elements with id: 'Object Repository/Sayfalar/Ayarlar/Gorsel_Tasarim/Sablonlar' located by 'By.cssSelector: .dxgvDataRow_LECustomTheme>td>b' in '10' second(s)

2021-11-23 17:15:37 - [MESSAGE][INFO] - Smart Wait Function is triggered

2021-11-23 17:15:37 - [MESSAGE][PASSED] - Method.TextDegerineEsitElementinAltindakiTextDegerineEsitOlanaTikla is PASSED

2021-11-23 17:15:37 - [MESSAGE][PASSED] - Call Test Case 'Test Cases/Sayfalar/Ayarlar/Gorsel_Tasarim/SablonButonunaTikla' successfully

2021-11-23 17:15:37 - [MESSAGE][INFO] - Checking called Test Case

2021-11-23 17:15:37 - [MESSAGE][INFO] - Starting to call Test Case 'Test Cases/Butonlar/DosyaIndirildiMi'

2021-11-23 17:15:37 - [TEST_CASE][PASSED] - Test Cases/Butonlar/DosyaIndirildiMi: Test Cases/Butonlar/DosyaIndirildiMi

2021-11-23 17:15:38 - [TEST_STEP][PASSED] - Method.isimliDosyaIndirildiMi(DownloadFile, FileName): Method.isimliDosyaIndirildiMi is PASSED

2021-11-23 17:15:38 - [MESSAGE][INFO] - Delaying browser in 3 second(s)

2021-11-23 17:15:42 - [MESSAGE][PASSED] - Delayed 3 second(s)

2021-11-23 17:15:42 - [MESSAGE][PASSED] - Method.isimliDosyaIndirildiMi is PASSED

2021-11-23 17:15:42 - [MESSAGE][PASSED] - Call Test Case 'Test Cases/Butonlar/DosyaIndirildiMi' successfully

2021-11-23 17:15:42 - [MESSAGE][INFO] - Checking called Test Case

2021-11-23 17:15:42 - [MESSAGE][INFO] - Starting to call Test Case 'Test Cases/Kullanici_Islemleri/KullaniciIslemlerindenSecimYapilir'

2021-11-23 17:15:42 - [TEST_CASE][PASSED] - Test Cases/Kullanici_Islemleri/KullaniciIslemlerindenSecimYapilir: Test Cases/Kullanici_Islemleri/KullaniciIslemlerindenSecimYapilir

2021-11-23 17:15:42 - [TEST_STEP][PASSED] - waitForElementClickable(findTestObject("Object Repository/Kullanici_Islemleri/KullaniciIslemleri"), 10): Object 'Object Repository/Kullanici_Islemleri/KullaniciIslemleri' is clickable

2021-11-23 17:15:42 - [MESSAGE][INFO] - Finding Test Object 'Object Repository/Kullanici_Islemleri/KullaniciIslemleri'

2021-11-23 17:15:42 - [MESSAGE][INFO] - Checking object

2021-11-23 17:15:42 - [MESSAGE][INFO] - Checking timeout

2021-11-23 17:15:42 - [MESSAGE][INFO] - Finding web element from Test Object's properties

2021-11-23 17:15:42 - [MESSAGE][INFO] - Checking timeout

2021-11-23 17:15:42 - [MESSAGE][INFO] - Finding web element with id: 'Object Repository/Kullanici_Islemleri/KullaniciIslemleri' located by 'By.cssSelector: .dropdown>a>img' in '10' second(s)

2021-11-23 17:15:42 - [MESSAGE][INFO] - Smart Wait Function is triggered

2021-11-23 17:15:42 - [MESSAGE][INFO] - Found 1 web elements with id: 'Object Repository/Kullanici_Islemleri/KullaniciIslemleri' located by 'By.cssSelector: .dropdown>a>img' in '10' second(s)

2021-11-23 17:15:42 - [MESSAGE][PASSED] - Object 'Object Repository/Kullanici_Islemleri/KullaniciIslemleri' is clickable

2021-11-23 17:15:42 - [TEST_STEP][PASSED] - click(findTestObject("Object Repository/Kullanici_Islemleri/KullaniciIslemleri")): Object: 'Object Repository/Kullanici_Islemleri/KullaniciIslemleri' is clicked on

2021-11-23 17:15:42 - [MESSAGE][INFO] - Finding Test Object 'Object Repository/Kullanici_Islemleri/KullaniciIslemleri'

2021-11-23 17:15:42 - [MESSAGE][INFO] - Checking object

2021-11-23 17:15:42 - [MESSAGE][INFO] - Finding web element from Test Object's properties

2021-11-23 17:15:42 - [MESSAGE][INFO] - Checking timeout

2021-11-23 17:15:42 - [MESSAGE][INFO] - Finding web element with id: 'Object Repository/Kullanici_Islemleri/KullaniciIslemleri' located by 'By.cssSelector: .dropdown>a>img' in '30' second(s)

2021-11-23 17:15:42 - [MESSAGE][INFO] - Smart Wait Function is triggered

2021-11-23 17:15:42 - [MESSAGE][INFO] - Found 1 web elements with id: 'Object Repository/Kullanici_Islemleri/KullaniciIslemleri' located by 'By.cssSelector: .dropdown>a>img' in '30' second(s)

2021-11-23 17:15:42 - [MESSAGE][INFO] - Clicking on object: 'Object Repository/Kullanici_Islemleri/KullaniciIslemleri'

2021-11-23 17:15:42 - [MESSAGE][PASSED] - Object: 'Object Repository/Kullanici_Islemleri/KullaniciIslemleri' is clicked on

2021-11-23 17:15:42 - [TEST_STEP][PASSED] - Method.TextDegerineEsitElementeTikla(findTestObject("Object Repository/Kullanici_Islemleri/Secenekler"), Islem): Method.TextDegerineEsitElementeTikla is PASSED

2021-11-23 17:15:42 - [MESSAGE][INFO] - Finding Test Object 'Object Repository/Kullanici_Islemleri/Secenekler'

2021-11-23 17:15:43 - [MESSAGE][INFO] - Checking timeout

2021-11-23 17:15:43 - [MESSAGE][INFO] - Finding web element with id: 'Object Repository/Kullanici_Islemleri/Secenekler' located by 'By.cssSelector: .nav.navbar-nav.navbar-right li a' in '10' second(s)

2021-11-23 17:15:43 - [MESSAGE][INFO] - Smart Wait Function is triggered

2021-11-23 17:15:43 - [MESSAGE][INFO] - Found 22 web elements with id: 'Object Repository/Kullanici_Islemleri/Secenekler' located by 'By.cssSelector: .nav.navbar-nav.navbar-right li a' in '10' second(s)

2021-11-23 17:15:44 - [MESSAGE][PASSED] - Method.TextDegerineEsitElementeTikla is PASSED

2021-11-23 17:15:44 - [TEST_STEP][PASSED] - verifyElementNotPresent(findTestObject("Object Repository/Kullanici_Islemleri/Secenekler"), 10): Web element with id: 'Object Repository/Kullanici_Islemleri/Secenekler' located by 'By.cssSelector: .nav.navbar-nav.navbar-right li a' is not present after '10' second(s)

2021-11-23 17:15:44 - [MESSAGE][INFO] - Finding Test Object 'Object Repository/Kullanici_Islemleri/Secenekler'

2021-11-23 17:15:45 - [MESSAGE][INFO] - Checking object

2021-11-23 17:15:45 - [MESSAGE][INFO] - Checking timeout

2021-11-23 17:15:45 - [MESSAGE][INFO] - Finding web element with id: 'Object Repository/Kullanici_Islemleri/Secenekler' located by 'By.cssSelector: .nav.navbar-nav.navbar-right li a' in '10' second(s)

2021-11-23 17:15:45 - [MESSAGE][INFO] - Smart Wait Function is triggered

2021-11-23 17:15:45 - [MESSAGE][PASSED] - Web element with id: 'Object Repository/Kullanici_Islemleri/Secenekler' located by 'By.cssSelector: .nav.navbar-nav.navbar-right li a' is not present after '10' second(s)

2021-11-23 17:15:45 - [MESSAGE][PASSED] - Call Test Case 'Test Cases/Kullanici_Islemleri/KullaniciIslemlerindenSecimYapilir' successfully

2021-11-23 17:15:45 - [TEST_CASE][PASSED] - Start Test Case : SCENARIO e-Fatura Hazir Tasarim Araci Tasarimi Indir: SCENARIO e-Fatura Hazir Tasarim Araci Tasarimi Indir

2021-11-23 17:15:45 - [TEST_STEP][PASSED] - Kullanıcı adı ELOGO6 ve Şifre 123456 olarak giriş yapılır: Kullanıcı adı ELOGO6 ve Şifre 123456 olarak giriş yapılır

2021-11-23 17:15:45 - [MESSAGE][PASSED] - Kullanıcı adı ELOGO6 ve Şifre 123456 olarak giriş yapılır

2021-11-23 17:15:45 - [TEST_STEP][PASSED] - Ana menüden Ayarlar seçilir: Ana menüden Ayarlar seçilir

2021-11-23 17:15:45 - [MESSAGE][PASSED] - Ana menüden Ayarlar seçilir

2021-11-23 17:15:45 - [TEST_STEP][PASSED] - Alt menü Görsel Tasarımlar başlığı altındaki Hazır Tasarım Aracı seçilir: Alt menü Görsel Tasarımlar başlığı altındaki Hazır Tasarım Aracı seçilir

2021-11-23 17:15:45 - [MESSAGE][PASSED] - Alt menü Görsel Tasarımlar başlığı altındaki Hazır Tasarım Aracı seçilir

2021-11-23 17:15:45 - [TEST_STEP][PASSED] - Sekmelerden e-Fatura seçilir: Sekmelerden e-Fatura seçilir

2021-11-23 17:15:45 - [MESSAGE][PASSED] - Sekmelerden e-Fatura seçilir

2021-11-23 17:15:45 - [TEST_STEP][PASSED] - Mavi Temalı e-Fatura Öndeğer Şablon Tasarım 2 adlı şablonun Tasarımı İndir adlı butonuna tıkla: Mavi Temalı e-Fatura Öndeğer Şablon Tasarım 2 adlı şablonun Tasarımı İndir adlı butonuna tıkla

2021-11-23 17:15:45 - [MESSAGE][PASSED] - Mavi Temalı e-Fatura Öndeğer Şablon Tasarım 2 adlı şablonun Tasarımı İndir adlı butonuna tıkla

2021-11-23 17:15:45 - [TEST_STEP][PASSED] - Ön eki Mavi Temalı e-Fatura Öndeğer Şablon Tasarım 2 olan dosya indirildi mi: Ön eki Mavi Temalı e-Fatura Öndeğer Şablon Tasarım 2 olan dosya indirildi mi

2021-11-23 17:15:45 - [MESSAGE][PASSED] - Ön eki Mavi Temalı e-Fatura Öndeğer Şablon Tasarım 2 olan dosya indirildi mi

2021-11-23 17:15:45 - [TEST_STEP][PASSED] - Kullanıcı işlemlerinden Çıkış seçilir: Kullanıcı işlemlerinden Çıkış seçilir

2021-11-23 17:15:45 - [MESSAGE][PASSED] - Kullanıcı işlemlerinden Çıkış seçilir

2021-11-23 17:15:45 - [MESSAGE][PASSED] - Feature file: 'Include/features/Ayarlar/Gorsel Tasarimlar/Hazir Tasarim Araci/e-Fatura/Tasarimi Indir.feature' was passed

2021-11-23 17:15:45 - [TEST_STEP][PASSED] - Start listener action : sampleAfterTestSuite: Invoke 'com.kms.katalon.core.annotation.AfterTestCase' method: 'Listener.sampleAfterTestSuite(...)' completed.

2021-11-23 17:15:45 - [MESSAGE][INFO] - Starting invoke 'com.kms.katalon.core.annotation.AfterTestCase' method: 'Listener.sampleAfterTestSuite(...)'

2021-11-23 17:15:45 - [TEST_STEP][PASSED] - closeBrowser(): Invoke 'com.kms.katalon.core.annotation.AfterTestCase' method: 'Listener.sampleAfterTestSuite(...)' completed.

2021-11-23 17:15:45 - [MESSAGE][INFO] - Closing browser

2021-11-23 17:15:46 - [MESSAGE][PASSED] - Browser is closed

2021-11-23 17:15:46 - [MESSAGE][INFO] - Invoke 'com.kms.katalon.core.annotation.AfterTestCase' method: 'Listener.sampleAfterTestSuite(...)' completed.]]></system-out>
         <system-err><![CDATA[]]></system-err>
      </testcase>
      <testcase name="Test Cases/Case Repository/Ayarlar/Gorsel Tasarim/Tasarim Araclari/Buton Kontrolu" time="46.432" classname="Test Cases/Case Repository/Ayarlar/Gorsel Tasarim/Tasarim Araclari/Buton Kontrolu" status="PASSED">
         <system-out><![CDATA[2021-11-23 17:15:46 - [TEST_CASE][PASSED] - Test Cases/Case Repository/Ayarlar/Gorsel Tasarim/Tasarim Araclari/Buton Kontrolu: Test Cases/Case Repository/Ayarlar/Gorsel Tasarim/Tasarim Araclari/Buton Kontrolu

2021-11-23 17:15:46 - [TEST_STEP][PASSED] - Start listener action : sampleBeforeTestSuite: Invoke 'com.kms.katalon.core.annotation.BeforeTestCase' method: 'Listener.sampleBeforeTestSuite(...)' completed.

2021-11-23 17:15:46 - [MESSAGE][INFO] - Starting invoke 'com.kms.katalon.core.annotation.BeforeTestCase' method: 'Listener.sampleBeforeTestSuite(...)'

2021-11-23 17:15:46 - [TEST_STEP][PASSED] - openBrowser(baseUrl): Browser is opened with url: 'https://efatura-stage.elogo.com.tr/'

2021-11-23 17:15:46 - [MESSAGE][INFO] - Opening browser

2021-11-23 17:15:46 - [MESSAGE][INFO] - Starting 'Chrome' driver

2021-11-23 17:15:46 - [MESSAGE][INFO] - User set preference: ['prefs', '{download.default_directory=C:\otomasyondownfiles}']

2021-11-23 17:15:46 - [MESSAGE][INFO] - Action delay is set to 0 milliseconds

2021-11-23 17:15:47 - [MESSAGE][INFO] - Navigating browser to: 'https://efatura-stage.elogo.com.tr/'

2021-11-23 17:15:54 - [MESSAGE][PASSED] - Browser is opened with url: 'https://efatura-stage.elogo.com.tr/'

2021-11-23 17:15:54 - [TEST_STEP][PASSED] - maximizeWindow(): Invoke 'com.kms.katalon.core.annotation.BeforeTestCase' method: 'Listener.sampleBeforeTestSuite(...)' completed.

2021-11-23 17:15:54 - [MESSAGE][INFO] - Maximizing current window

2021-11-23 17:15:54 - [MESSAGE][PASSED] - Current window maximized

2021-11-23 17:15:54 - [MESSAGE][INFO] - Invoke 'com.kms.katalon.core.annotation.BeforeTestCase' method: 'Listener.sampleBeforeTestSuite(...)' completed.

2021-11-23 17:15:55 - [TEST_STEP][PASSED] - runFeatureFile("Include/features/Ayarlar/Gorsel Tasarimlar/Tasarim Araclari/Buton Kontrolu.feature"): Feature file: 'Include/features/Ayarlar/Gorsel Tasarimlar/Tasarim Araclari/Buton Kontrolu.feature' was passed

2021-11-23 17:15:55 - [MESSAGE][INFO] - Starting run keyword runFeatureFile: 'Include/features/Ayarlar/Gorsel Tasarimlar/Tasarim Araclari/Buton Kontrolu.feature' and extract report to folder: 'C:\Users\DELL\Documents\GitHub\EES_KatalonLogo\Reports\20211123_163326\Suite Repository\Ayarlar\20211123_163427/cucumber_report/1637676955360'...

2021-11-23 17:15:55 - [MESSAGE][INFO] - Glue: []

2021-11-23 17:15:57 - [MESSAGE][INFO] - Checking called Test Case

2021-11-23 17:15:57 - [MESSAGE][INFO] - Starting to call Test Case 'Test Cases/Sayfalar/Giris_Sayfasi/Login'

2021-11-23 17:15:58 - [TEST_CASE][PASSED] - Test Cases/Sayfalar/Giris_Sayfasi/Login: Test Cases/Sayfalar/Giris_Sayfasi/Login

2021-11-23 17:15:58 - [TEST_STEP][PASSED] - Sayfa_Basligi = getWindowTitle(): Current window's title is: 'LOGO e-Fatura'

2021-11-23 17:15:58 - [MESSAGE][INFO] - Getting current window's title

2021-11-23 17:15:58 - [MESSAGE][PASSED] - Current window's title is: 'LOGO e-Fatura'

2021-11-23 17:15:58 - [TEST_STEP][PASSED] - verifyMatch(Sayfa_Basligi, "LOGO e-Fatura", false): Actual text 'LOGO e-Fatura' and expected text 'LOGO e-Fatura' are matched 

2021-11-23 17:15:58 - [MESSAGE][INFO] - Matching actual text 'LOGO e-Fatura' with expected text 'LOGO e-Fatura'

2021-11-23 17:15:58 - [MESSAGE][PASSED] - Actual text 'LOGO e-Fatura' and expected text 'LOGO e-Fatura' are matched 

2021-11-23 17:15:58 - [TEST_STEP][PASSED] - sendKeys(findTestObject("Sayfalar/Giris_Sayfasi/Firma_Kodu"), KullaniciAdi): Keys 'ELOGO6' sent to object: 'Object Repository/Sayfalar/Giris_Sayfasi/Firma_Kodu'

2021-11-23 17:15:58 - [MESSAGE][INFO] - Finding Test Object 'Object Repository/Sayfalar/Giris_Sayfasi/Firma_Kodu'

2021-11-23 17:15:58 - [MESSAGE][INFO] - Sending keys 'ELOGO6' to object: 'Object Repository/Sayfalar/Giris_Sayfasi/Firma_Kodu'

2021-11-23 17:15:58 - [MESSAGE][INFO] - Finding web element from Test Object's properties

2021-11-23 17:15:58 - [MESSAGE][INFO] - Checking timeout

2021-11-23 17:15:58 - [MESSAGE][INFO] - Finding web element with id: 'Object Repository/Sayfalar/Giris_Sayfasi/Firma_Kodu' located by 'By.xpath: //*[@id = 'AccountName']' in '30' second(s)

2021-11-23 17:15:58 - [MESSAGE][INFO] - Smart Wait Function is triggered

2021-11-23 17:15:58 - [MESSAGE][INFO] - Found 1 web elements with id: 'Object Repository/Sayfalar/Giris_Sayfasi/Firma_Kodu' located by 'By.xpath: //*[@id = 'AccountName']' in '30' second(s)

2021-11-23 17:15:58 - [MESSAGE][PASSED] - Keys 'ELOGO6' sent to object: 'Object Repository/Sayfalar/Giris_Sayfasi/Firma_Kodu'

2021-11-23 17:15:58 - [TEST_STEP][PASSED] - sendKeys(findTestObject("Sayfalar/Giris_Sayfasi/Sifre"), Sifre): Keys '123456' sent to object: 'Object Repository/Sayfalar/Giris_Sayfasi/Sifre'

2021-11-23 17:15:58 - [MESSAGE][INFO] - Finding Test Object 'Object Repository/Sayfalar/Giris_Sayfasi/Sifre'

2021-11-23 17:15:58 - [MESSAGE][INFO] - Sending keys '123456' to object: 'Object Repository/Sayfalar/Giris_Sayfasi/Sifre'

2021-11-23 17:15:58 - [MESSAGE][INFO] - Finding web element from Test Object's properties

2021-11-23 17:15:58 - [MESSAGE][INFO] - Checking timeout

2021-11-23 17:15:58 - [MESSAGE][INFO] - Finding web element with id: 'Object Repository/Sayfalar/Giris_Sayfasi/Sifre' located by 'By.xpath: //*[@id = 'Password']' in '30' second(s)

2021-11-23 17:15:58 - [MESSAGE][INFO] - Smart Wait Function is triggered

2021-11-23 17:15:59 - [MESSAGE][INFO] - Found 1 web elements with id: 'Object Repository/Sayfalar/Giris_Sayfasi/Sifre' located by 'By.xpath: //*[@id = 'Password']' in '30' second(s)

2021-11-23 17:15:59 - [MESSAGE][PASSED] - Keys '123456' sent to object: 'Object Repository/Sayfalar/Giris_Sayfasi/Sifre'

2021-11-23 17:15:59 - [TEST_STEP][PASSED] - findWebElement(findTestObject("Sayfalar/Giris_Sayfasi/Giris_Butonu")).click(): Found 1 web elements with id: 'Object Repository/Sayfalar/Giris_Sayfasi/Giris_Butonu' located by 'By.cssSelector: #btnLogin' in '30' second(s)

2021-11-23 17:15:59 - [MESSAGE][INFO] - Finding Test Object 'Object Repository/Sayfalar/Giris_Sayfasi/Giris_Butonu'

2021-11-23 17:15:59 - [MESSAGE][INFO] - Finding web element from Test Object's properties

2021-11-23 17:15:59 - [MESSAGE][INFO] - Checking timeout

2021-11-23 17:15:59 - [MESSAGE][INFO] - Finding web element with id: 'Object Repository/Sayfalar/Giris_Sayfasi/Giris_Butonu' located by 'By.cssSelector: #btnLogin' in '30' second(s)

2021-11-23 17:15:59 - [MESSAGE][INFO] - Smart Wait Function is triggered

2021-11-23 17:15:59 - [MESSAGE][INFO] - Found 1 web elements with id: 'Object Repository/Sayfalar/Giris_Sayfasi/Giris_Butonu' located by 'By.cssSelector: #btnLogin' in '30' second(s)

2021-11-23 17:16:02 - [TEST_STEP][PASSED] - if (verifyElementPresent(findTestObject("Object Repository/Sayfalar/Giris_Sayfasi/RetveTamam_Butonu"), 5, OPTIONAL)): null

2021-11-23 17:16:02 - [MESSAGE][INFO] - Finding Test Object 'Object Repository/Sayfalar/Giris_Sayfasi/RetveTamam_Butonu'

2021-11-23 17:16:02 - [MESSAGE][INFO] - Checking object

2021-11-23 17:16:02 - [MESSAGE][INFO] - Finding web element from Test Object's properties

2021-11-23 17:16:02 - [MESSAGE][INFO] - Checking timeout

2021-11-23 17:16:02 - [MESSAGE][INFO] - Finding web element with id: 'Object Repository/Sayfalar/Giris_Sayfasi/RetveTamam_Butonu' located by 'By.xpath: //*[@class = 'btn btn-default']' in '5' second(s)

2021-11-23 17:16:02 - [MESSAGE][INFO] - Smart Wait Function is triggered

2021-11-23 17:16:02 - [MESSAGE][INFO] - Found 1 web elements with id: 'Object Repository/Sayfalar/Giris_Sayfasi/RetveTamam_Butonu' located by 'By.xpath: //*[@class = 'btn btn-default']' in '5' second(s)

2021-11-23 17:16:02 - [MESSAGE][PASSED] - Object 'Object Repository/Sayfalar/Giris_Sayfasi/RetveTamam_Butonu' is present

2021-11-23 17:16:02 - [TEST_STEP][PASSED] - click(findTestObject("Object Repository/Sayfalar/Giris_Sayfasi/RetveTamam_Butonu")): Object: 'Object Repository/Sayfalar/Giris_Sayfasi/RetveTamam_Butonu' is clicked on

2021-11-23 17:16:02 - [MESSAGE][INFO] - Finding Test Object 'Object Repository/Sayfalar/Giris_Sayfasi/RetveTamam_Butonu'

2021-11-23 17:16:03 - [MESSAGE][INFO] - Checking object

2021-11-23 17:16:03 - [MESSAGE][INFO] - Finding web element from Test Object's properties

2021-11-23 17:16:03 - [MESSAGE][INFO] - Checking timeout

2021-11-23 17:16:03 - [MESSAGE][INFO] - Finding web element with id: 'Object Repository/Sayfalar/Giris_Sayfasi/RetveTamam_Butonu' located by 'By.xpath: //*[@class = 'btn btn-default']' in '30' second(s)

2021-11-23 17:16:03 - [MESSAGE][INFO] - Smart Wait Function is triggered

2021-11-23 17:16:03 - [MESSAGE][INFO] - Found 1 web elements with id: 'Object Repository/Sayfalar/Giris_Sayfasi/RetveTamam_Butonu' located by 'By.xpath: //*[@class = 'btn btn-default']' in '30' second(s)

2021-11-23 17:16:03 - [MESSAGE][INFO] - Clicking on object: 'Object Repository/Sayfalar/Giris_Sayfasi/RetveTamam_Butonu'

2021-11-23 17:16:03 - [MESSAGE][PASSED] - Object: 'Object Repository/Sayfalar/Giris_Sayfasi/RetveTamam_Butonu' is clicked on

2021-11-23 17:16:03 - [TEST_STEP][PASSED] - click(findTestObject("Object Repository/Sayfalar/Giris_Sayfasi/RetveTamam_Butonu")): Object: 'Object Repository/Sayfalar/Giris_Sayfasi/RetveTamam_Butonu' is clicked on

2021-11-23 17:16:03 - [MESSAGE][INFO] - Finding Test Object 'Object Repository/Sayfalar/Giris_Sayfasi/RetveTamam_Butonu'

2021-11-23 17:16:03 - [MESSAGE][INFO] - Checking object

2021-11-23 17:16:03 - [MESSAGE][INFO] - Finding web element from Test Object's properties

2021-11-23 17:16:03 - [MESSAGE][INFO] - Checking timeout

2021-11-23 17:16:03 - [MESSAGE][INFO] - Finding web element with id: 'Object Repository/Sayfalar/Giris_Sayfasi/RetveTamam_Butonu' located by 'By.xpath: //*[@class = 'btn btn-default']' in '30' second(s)

2021-11-23 17:16:03 - [MESSAGE][INFO] - Smart Wait Function is triggered

2021-11-23 17:16:06 - [MESSAGE][INFO] - Found 1 web elements with id: 'Object Repository/Sayfalar/Giris_Sayfasi/RetveTamam_Butonu' located by 'By.xpath: //*[@class = 'btn btn-default']' in '30' second(s)

2021-11-23 17:16:06 - [MESSAGE][INFO] - Clicking on object: 'Object Repository/Sayfalar/Giris_Sayfasi/RetveTamam_Butonu'

2021-11-23 17:16:06 - [MESSAGE][PASSED] - Object: 'Object Repository/Sayfalar/Giris_Sayfasi/RetveTamam_Butonu' is clicked on

2021-11-23 17:16:06 - [TEST_STEP][PASSED] - if (verifyElementPresent(findTestObject("Sayfalar/Giris_Sayfasi/PopupOK"), 5, OPTIONAL)): null

2021-11-23 17:16:06 - [MESSAGE][INFO] - Finding Test Object 'Object Repository/Sayfalar/Giris_Sayfasi/PopupOK'

2021-11-23 17:16:06 - [MESSAGE][INFO] - Checking object

2021-11-23 17:16:06 - [MESSAGE][INFO] - Finding web element from Test Object's properties

2021-11-23 17:16:06 - [MESSAGE][INFO] - Checking timeout

2021-11-23 17:16:06 - [MESSAGE][INFO] - Finding web element with id: 'Object Repository/Sayfalar/Giris_Sayfasi/PopupOK' located by 'By.cssSelector: .btn.btn-success' in '5' second(s)

2021-11-23 17:16:06 - [MESSAGE][INFO] - Smart Wait Function is triggered

2021-11-23 17:16:07 - [MESSAGE][INFO] - Found 1 web elements with id: 'Object Repository/Sayfalar/Giris_Sayfasi/PopupOK' located by 'By.cssSelector: .btn.btn-success' in '5' second(s)

2021-11-23 17:16:07 - [MESSAGE][PASSED] - Object 'Object Repository/Sayfalar/Giris_Sayfasi/PopupOK' is present

2021-11-23 17:16:07 - [TEST_STEP][PASSED] - click(findTestObject("Object Repository/Sayfalar/Giris_Sayfasi/PopupCarpiGiris")): Object: 'Object Repository/Sayfalar/Giris_Sayfasi/PopupCarpiGiris' is clicked on

2021-11-23 17:16:07 - [MESSAGE][INFO] - Finding Test Object 'Object Repository/Sayfalar/Giris_Sayfasi/PopupCarpiGiris'

2021-11-23 17:16:07 - [MESSAGE][INFO] - Checking object

2021-11-23 17:16:07 - [MESSAGE][INFO] - Finding web element from Test Object's properties

2021-11-23 17:16:07 - [MESSAGE][INFO] - Checking timeout

2021-11-23 17:16:07 - [MESSAGE][INFO] - Finding web element with id: 'Object Repository/Sayfalar/Giris_Sayfasi/PopupCarpiGiris' located by 'By.cssSelector: .bootbox-close-button.close' in '30' second(s)

2021-11-23 17:16:07 - [MESSAGE][INFO] - Smart Wait Function is triggered

2021-11-23 17:16:07 - [MESSAGE][INFO] - Found 1 web elements with id: 'Object Repository/Sayfalar/Giris_Sayfasi/PopupCarpiGiris' located by 'By.cssSelector: .bootbox-close-button.close' in '30' second(s)

2021-11-23 17:16:07 - [MESSAGE][INFO] - Clicking on object: 'Object Repository/Sayfalar/Giris_Sayfasi/PopupCarpiGiris'

2021-11-23 17:16:07 - [MESSAGE][PASSED] - Object: 'Object Repository/Sayfalar/Giris_Sayfasi/PopupCarpiGiris' is clicked on

2021-11-23 17:16:07 - [TEST_STEP][PASSED] - verifyElementVisible(findTestObject("Object Repository/Kullanici_Islemleri/KullaniciIslemleri")): Object 'Object Repository/Kullanici_Islemleri/KullaniciIslemleri' is visible

2021-11-23 17:16:07 - [MESSAGE][INFO] - Finding Test Object 'Object Repository/Kullanici_Islemleri/KullaniciIslemleri'

2021-11-23 17:16:07 - [MESSAGE][INFO] - Checking object

2021-11-23 17:16:07 - [MESSAGE][INFO] - Finding web element from Test Object's properties

2021-11-23 17:16:07 - [MESSAGE][INFO] - Checking timeout

2021-11-23 17:16:07 - [MESSAGE][INFO] - Finding web element with id: 'Object Repository/Kullanici_Islemleri/KullaniciIslemleri' located by 'By.cssSelector: .dropdown>a>img' in '30' second(s)

2021-11-23 17:16:07 - [MESSAGE][INFO] - Smart Wait Function is triggered

2021-11-23 17:16:08 - [MESSAGE][INFO] - Found 1 web elements with id: 'Object Repository/Kullanici_Islemleri/KullaniciIslemleri' located by 'By.cssSelector: .dropdown>a>img' in '30' second(s)

2021-11-23 17:16:08 - [MESSAGE][PASSED] - Object 'Object Repository/Kullanici_Islemleri/KullaniciIslemleri' is visible

2021-11-23 17:16:08 - [MESSAGE][PASSED] - Call Test Case 'Test Cases/Sayfalar/Giris_Sayfasi/Login' successfully

2021-11-23 17:16:08 - [MESSAGE][INFO] - Checking called Test Case

2021-11-23 17:16:08 - [MESSAGE][INFO] - Starting to call Test Case 'Test Cases/Menu/AnaMenuSecimi'

2021-11-23 17:16:08 - [TEST_CASE][PASSED] - Test Cases/Menu/AnaMenuSecimi: Test Cases/Menu/AnaMenuSecimi

2021-11-23 17:16:08 - [TEST_STEP][PASSED] - Method.TextDegerineEsitElementeTikla(findTestObject("Menu/Ana_Menu"), Ana_Menu): Method.TextDegerineEsitElementeTikla is PASSED

2021-11-23 17:16:08 - [MESSAGE][INFO] - Finding Test Object 'Object Repository/Menu/Ana_Menu'

2021-11-23 17:16:08 - [MESSAGE][INFO] - Checking timeout

2021-11-23 17:16:08 - [MESSAGE][INFO] - Finding web element with id: 'Object Repository/Menu/Ana_Menu' located by 'By.xpath: //*[@class = 'dropdown-toggle']' in '10' second(s)

2021-11-23 17:16:08 - [MESSAGE][INFO] - Smart Wait Function is triggered

2021-11-23 17:16:09 - [MESSAGE][INFO] - Found 14 web elements with id: 'Object Repository/Menu/Ana_Menu' located by 'By.xpath: //*[@class = 'dropdown-toggle']' in '10' second(s)

2021-11-23 17:16:09 - [MESSAGE][PASSED] - Method.TextDegerineEsitElementeTikla is PASSED

2021-11-23 17:16:09 - [MESSAGE][PASSED] - Call Test Case 'Test Cases/Menu/AnaMenuSecimi' successfully

2021-11-23 17:16:09 - [MESSAGE][INFO] - Checking called Test Case

2021-11-23 17:16:09 - [MESSAGE][INFO] - Starting to call Test Case 'Test Cases/Menu/BasligaGoreAltMenuSecimi'

2021-11-23 17:16:09 - [TEST_CASE][PASSED] - Test Cases/Menu/BasligaGoreAltMenuSecimi: Test Cases/Menu/BasligaGoreAltMenuSecimi

2021-11-23 17:16:09 - [TEST_STEP][PASSED] - Method.TextDegerineEsitElementinAltindakiTextDegerineEsitOlanaTikla(findTestObject("Menu/Menu_Basligi"), findTestObject("Menu/Basliga_Gore_Alt_Menu"), Baslik, Alt_Menu): Method.TextDegerineEsitElementinAltindakiTextDegerineEsitOlanaTikla is PASSED

2021-11-23 17:16:09 - [MESSAGE][INFO] - Finding Test Object 'Object Repository/Menu/Menu_Basligi'

2021-11-23 17:16:09 - [MESSAGE][INFO] - Finding Test Object 'Object Repository/Menu/Basliga_Gore_Alt_Menu'

2021-11-23 17:16:09 - [MESSAGE][INFO] - Checking timeout

2021-11-23 17:16:09 - [MESSAGE][INFO] - Finding web element with id: 'Object Repository/Menu/Menu_Basligi' located by 'By.xpath: //li[@class='dropdown dropdown-large open']//li[@class='dropdown-header']' in '10' second(s)

2021-11-23 17:16:09 - [MESSAGE][INFO] - Smart Wait Function is triggered

2021-11-23 17:16:09 - [MESSAGE][INFO] - Found 2 web elements with id: 'Object Repository/Menu/Menu_Basligi' located by 'By.xpath: //li[@class='dropdown dropdown-large open']//li[@class='dropdown-header']' in '10' second(s)

2021-11-23 17:16:09 - [MESSAGE][INFO] - Smart Wait Function is triggered

2021-11-23 17:16:19 - [MESSAGE][PASSED] - Method.TextDegerineEsitElementinAltindakiTextDegerineEsitOlanaTikla is PASSED

2021-11-23 17:16:19 - [MESSAGE][PASSED] - Call Test Case 'Test Cases/Menu/BasligaGoreAltMenuSecimi' successfully

2021-11-23 17:16:19 - [MESSAGE][INFO] - Checking called Test Case

2021-11-23 17:16:19 - [MESSAGE][INFO] - Starting to call Test Case 'Test Cases/Butonlar/ButonVarMi'

2021-11-23 17:16:19 - [TEST_CASE][PASSED] - Test Cases/Butonlar/ButonVarMi: Test Cases/Butonlar/ButonVarMi

2021-11-23 17:16:19 - [TEST_STEP][PASSED] - Method.TextDegerineEsitElementVarMi(findTestObject("Butonlar/Butonlar"), Buton): Method.TextDegerineEsitElementVarMi is PASSED

2021-11-23 17:16:19 - [MESSAGE][INFO] - Finding Test Object 'Object Repository/Butonlar/Butonlar'

2021-11-23 17:16:19 - [MESSAGE][INFO] - Checking timeout

2021-11-23 17:16:19 - [MESSAGE][INFO] - Finding web element with id: 'Object Repository/Butonlar/Butonlar' located by 'By.cssSelector: .panel.panel-default.text-center.footerPanel .btn,.btn.btn-primary.btnControls' in '10' second(s)

2021-11-23 17:16:19 - [MESSAGE][INFO] - Smart Wait Function is triggered

2021-11-23 17:16:20 - [MESSAGE][INFO] - Found 7 web elements with id: 'Object Repository/Butonlar/Butonlar' located by 'By.cssSelector: .panel.panel-default.text-center.footerPanel .btn,.btn.btn-primary.btnControls' in '10' second(s)

2021-11-23 17:16:20 - [MESSAGE][PASSED] - Method.TextDegerineEsitElementVarMi is PASSED

2021-11-23 17:16:20 - [MESSAGE][PASSED] - Call Test Case 'Test Cases/Butonlar/ButonVarMi' successfully

2021-11-23 17:16:20 - [MESSAGE][INFO] - Checking called Test Case

2021-11-23 17:16:20 - [MESSAGE][INFO] - Starting to call Test Case 'Test Cases/Butonlar/ButonVarMi'

2021-11-23 17:16:20 - [TEST_CASE][PASSED] - Test Cases/Butonlar/ButonVarMi: Test Cases/Butonlar/ButonVarMi

2021-11-23 17:16:20 - [TEST_STEP][PASSED] - Method.TextDegerineEsitElementVarMi(findTestObject("Butonlar/Butonlar"), Buton): Method.TextDegerineEsitElementVarMi is PASSED

2021-11-23 17:16:20 - [MESSAGE][INFO] - Finding Test Object 'Object Repository/Butonlar/Butonlar'

2021-11-23 17:16:20 - [MESSAGE][INFO] - Checking timeout

2021-11-23 17:16:20 - [MESSAGE][INFO] - Finding web element with id: 'Object Repository/Butonlar/Butonlar' located by 'By.cssSelector: .panel.panel-default.text-center.footerPanel .btn,.btn.btn-primary.btnControls' in '10' second(s)

2021-11-23 17:16:20 - [MESSAGE][INFO] - Smart Wait Function is triggered

2021-11-23 17:16:20 - [MESSAGE][INFO] - Found 7 web elements with id: 'Object Repository/Butonlar/Butonlar' located by 'By.cssSelector: .panel.panel-default.text-center.footerPanel .btn,.btn.btn-primary.btnControls' in '10' second(s)

2021-11-23 17:16:20 - [MESSAGE][PASSED] - Method.TextDegerineEsitElementVarMi is PASSED

2021-11-23 17:16:20 - [MESSAGE][PASSED] - Call Test Case 'Test Cases/Butonlar/ButonVarMi' successfully

2021-11-23 17:16:20 - [MESSAGE][INFO] - Checking called Test Case

2021-11-23 17:16:20 - [MESSAGE][INFO] - Starting to call Test Case 'Test Cases/Butonlar/ButonVarMi'

2021-11-23 17:16:20 - [TEST_CASE][PASSED] - Test Cases/Butonlar/ButonVarMi: Test Cases/Butonlar/ButonVarMi

2021-11-23 17:16:20 - [TEST_STEP][PASSED] - Method.TextDegerineEsitElementVarMi(findTestObject("Butonlar/Butonlar"), Buton): Method.TextDegerineEsitElementVarMi is PASSED

2021-11-23 17:16:20 - [MESSAGE][INFO] - Finding Test Object 'Object Repository/Butonlar/Butonlar'

2021-11-23 17:16:20 - [MESSAGE][INFO] - Checking timeout

2021-11-23 17:16:20 - [MESSAGE][INFO] - Finding web element with id: 'Object Repository/Butonlar/Butonlar' located by 'By.cssSelector: .panel.panel-default.text-center.footerPanel .btn,.btn.btn-primary.btnControls' in '10' second(s)

2021-11-23 17:16:20 - [MESSAGE][INFO] - Smart Wait Function is triggered

2021-11-23 17:16:21 - [MESSAGE][INFO] - Found 7 web elements with id: 'Object Repository/Butonlar/Butonlar' located by 'By.cssSelector: .panel.panel-default.text-center.footerPanel .btn,.btn.btn-primary.btnControls' in '10' second(s)

2021-11-23 17:16:21 - [MESSAGE][PASSED] - Method.TextDegerineEsitElementVarMi is PASSED

2021-11-23 17:16:21 - [MESSAGE][PASSED] - Call Test Case 'Test Cases/Butonlar/ButonVarMi' successfully

2021-11-23 17:16:21 - [MESSAGE][INFO] - Checking called Test Case

2021-11-23 17:16:21 - [MESSAGE][INFO] - Starting to call Test Case 'Test Cases/Butonlar/ButonVarMi'

2021-11-23 17:16:21 - [TEST_CASE][PASSED] - Test Cases/Butonlar/ButonVarMi: Test Cases/Butonlar/ButonVarMi

2021-11-23 17:16:21 - [TEST_STEP][PASSED] - Method.TextDegerineEsitElementVarMi(findTestObject("Butonlar/Butonlar"), Buton): Method.TextDegerineEsitElementVarMi is PASSED

2021-11-23 17:16:21 - [MESSAGE][INFO] - Finding Test Object 'Object Repository/Butonlar/Butonlar'

2021-11-23 17:16:21 - [MESSAGE][INFO] - Checking timeout

2021-11-23 17:16:21 - [MESSAGE][INFO] - Finding web element with id: 'Object Repository/Butonlar/Butonlar' located by 'By.cssSelector: .panel.panel-default.text-center.footerPanel .btn,.btn.btn-primary.btnControls' in '10' second(s)

2021-11-23 17:16:21 - [MESSAGE][INFO] - Smart Wait Function is triggered

2021-11-23 17:16:21 - [MESSAGE][INFO] - Found 7 web elements with id: 'Object Repository/Butonlar/Butonlar' located by 'By.cssSelector: .panel.panel-default.text-center.footerPanel .btn,.btn.btn-primary.btnControls' in '10' second(s)

2021-11-23 17:16:21 - [MESSAGE][PASSED] - Method.TextDegerineEsitElementVarMi is PASSED

2021-11-23 17:16:21 - [MESSAGE][PASSED] - Call Test Case 'Test Cases/Butonlar/ButonVarMi' successfully

2021-11-23 17:16:21 - [MESSAGE][INFO] - Checking called Test Case

2021-11-23 17:16:21 - [MESSAGE][INFO] - Starting to call Test Case 'Test Cases/Butonlar/ButonVarMi'

2021-11-23 17:16:21 - [TEST_CASE][PASSED] - Test Cases/Butonlar/ButonVarMi: Test Cases/Butonlar/ButonVarMi

2021-11-23 17:16:21 - [TEST_STEP][PASSED] - Method.TextDegerineEsitElementVarMi(findTestObject("Butonlar/Butonlar"), Buton): Method.TextDegerineEsitElementVarMi is PASSED

2021-11-23 17:16:21 - [MESSAGE][INFO] - Finding Test Object 'Object Repository/Butonlar/Butonlar'

2021-11-23 17:16:21 - [MESSAGE][INFO] - Checking timeout

2021-11-23 17:16:21 - [MESSAGE][INFO] - Finding web element with id: 'Object Repository/Butonlar/Butonlar' located by 'By.cssSelector: .panel.panel-default.text-center.footerPanel .btn,.btn.btn-primary.btnControls' in '10' second(s)

2021-11-23 17:16:21 - [MESSAGE][INFO] - Smart Wait Function is triggered

2021-11-23 17:16:22 - [MESSAGE][INFO] - Found 7 web elements with id: 'Object Repository/Butonlar/Butonlar' located by 'By.cssSelector: .panel.panel-default.text-center.footerPanel .btn,.btn.btn-primary.btnControls' in '10' second(s)

2021-11-23 17:16:22 - [MESSAGE][PASSED] - Method.TextDegerineEsitElementVarMi is PASSED

2021-11-23 17:16:22 - [MESSAGE][PASSED] - Call Test Case 'Test Cases/Butonlar/ButonVarMi' successfully

2021-11-23 17:16:22 - [MESSAGE][INFO] - Checking called Test Case

2021-11-23 17:16:22 - [MESSAGE][INFO] - Starting to call Test Case 'Test Cases/Butonlar/ButonVarMi'

2021-11-23 17:16:22 - [TEST_CASE][PASSED] - Test Cases/Butonlar/ButonVarMi: Test Cases/Butonlar/ButonVarMi

2021-11-23 17:16:22 - [TEST_STEP][PASSED] - Method.TextDegerineEsitElementVarMi(findTestObject("Butonlar/Butonlar"), Buton): Method.TextDegerineEsitElementVarMi is PASSED

2021-11-23 17:16:22 - [MESSAGE][INFO] - Finding Test Object 'Object Repository/Butonlar/Butonlar'

2021-11-23 17:16:22 - [MESSAGE][INFO] - Checking timeout

2021-11-23 17:16:22 - [MESSAGE][INFO] - Finding web element with id: 'Object Repository/Butonlar/Butonlar' located by 'By.cssSelector: .panel.panel-default.text-center.footerPanel .btn,.btn.btn-primary.btnControls' in '10' second(s)

2021-11-23 17:16:22 - [MESSAGE][INFO] - Smart Wait Function is triggered

2021-11-23 17:16:22 - [MESSAGE][INFO] - Found 7 web elements with id: 'Object Repository/Butonlar/Butonlar' located by 'By.cssSelector: .panel.panel-default.text-center.footerPanel .btn,.btn.btn-primary.btnControls' in '10' second(s)

2021-11-23 17:16:22 - [MESSAGE][PASSED] - Method.TextDegerineEsitElementVarMi is PASSED

2021-11-23 17:16:22 - [MESSAGE][PASSED] - Call Test Case 'Test Cases/Butonlar/ButonVarMi' successfully

2021-11-23 17:16:22 - [MESSAGE][INFO] - Checking called Test Case

2021-11-23 17:16:22 - [MESSAGE][INFO] - Starting to call Test Case 'Test Cases/Butonlar/ButonVarMi'

2021-11-23 17:16:22 - [TEST_CASE][PASSED] - Test Cases/Butonlar/ButonVarMi: Test Cases/Butonlar/ButonVarMi

2021-11-23 17:16:22 - [TEST_STEP][PASSED] - Method.TextDegerineEsitElementVarMi(findTestObject("Butonlar/Butonlar"), Buton): Method.TextDegerineEsitElementVarMi is PASSED

2021-11-23 17:16:22 - [MESSAGE][INFO] - Finding Test Object 'Object Repository/Butonlar/Butonlar'

2021-11-23 17:16:22 - [MESSAGE][INFO] - Checking timeout

2021-11-23 17:16:22 - [MESSAGE][INFO] - Finding web element with id: 'Object Repository/Butonlar/Butonlar' located by 'By.cssSelector: .panel.panel-default.text-center.footerPanel .btn,.btn.btn-primary.btnControls' in '10' second(s)

2021-11-23 17:16:22 - [MESSAGE][INFO] - Smart Wait Function is triggered

2021-11-23 17:16:23 - [MESSAGE][INFO] - Found 7 web elements with id: 'Object Repository/Butonlar/Butonlar' located by 'By.cssSelector: .panel.panel-default.text-center.footerPanel .btn,.btn.btn-primary.btnControls' in '10' second(s)

2021-11-23 17:16:23 - [MESSAGE][PASSED] - Method.TextDegerineEsitElementVarMi is PASSED

2021-11-23 17:16:23 - [MESSAGE][PASSED] - Call Test Case 'Test Cases/Butonlar/ButonVarMi' successfully

2021-11-23 17:16:23 - [MESSAGE][INFO] - Checking called Test Case

2021-11-23 17:16:23 - [MESSAGE][INFO] - Starting to call Test Case 'Test Cases/Butonlar/ButonaTikla'

2021-11-23 17:16:23 - [TEST_CASE][PASSED] - Test Cases/Butonlar/ButonaTikla: Test Cases/Butonlar/ButonaTikla

2021-11-23 17:16:23 - [TEST_STEP][PASSED] - Method.TextDegerineEsitElementeTiklaEquals(findTestObject("Butonlar/Butonlar"), Buton_Adi): Method.TextDegerineEsitElementeTiklaEquals is PASSED

2021-11-23 17:16:23 - [MESSAGE][INFO] - Finding Test Object 'Object Repository/Butonlar/Butonlar'

2021-11-23 17:16:23 - [MESSAGE][INFO] - Checking timeout

2021-11-23 17:16:23 - [MESSAGE][INFO] - Finding web element with id: 'Object Repository/Butonlar/Butonlar' located by 'By.cssSelector: .panel.panel-default.text-center.footerPanel .btn,.btn.btn-primary.btnControls' in '10' second(s)

2021-11-23 17:16:23 - [MESSAGE][INFO] - Smart Wait Function is triggered

2021-11-23 17:16:23 - [MESSAGE][INFO] - Found 7 web elements with id: 'Object Repository/Butonlar/Butonlar' located by 'By.cssSelector: .panel.panel-default.text-center.footerPanel .btn,.btn.btn-primary.btnControls' in '10' second(s)

2021-11-23 17:16:23 - [MESSAGE][PASSED] - Method.TextDegerineEsitElementeTiklaEquals is PASSED

2021-11-23 17:16:23 - [MESSAGE][PASSED] - Call Test Case 'Test Cases/Butonlar/ButonaTikla' successfully

2021-11-23 17:16:23 - [MESSAGE][INFO] - Checking called Test Case

2021-11-23 17:16:23 - [MESSAGE][INFO] - Starting to call Test Case 'Test Cases/Butonlar/AltButonVarMi'

2021-11-23 17:16:23 - [TEST_CASE][PASSED] - Test Cases/Butonlar/AltButonVarMi: Test Cases/Butonlar/AltButonVarMi

2021-11-23 17:16:24 - [TEST_STEP][PASSED] - Method.TextDegerineEsitElementVarMi(findTestObject("Butonlar/AltButonlar"), AltButon): Method.TextDegerineEsitElementVarMi is PASSED

2021-11-23 17:16:24 - [MESSAGE][INFO] - Finding Test Object 'Object Repository/Butonlar/AltButonlar'

2021-11-23 17:16:24 - [MESSAGE][INFO] - Checking timeout

2021-11-23 17:16:24 - [MESSAGE][INFO] - Finding web element with id: 'Object Repository/Butonlar/AltButonlar' located by 'By.cssSelector: .btn-group.open li>a' in '10' second(s)

2021-11-23 17:16:24 - [MESSAGE][INFO] - Smart Wait Function is triggered

2021-11-23 17:16:25 - [MESSAGE][INFO] - Found 3 web elements with id: 'Object Repository/Butonlar/AltButonlar' located by 'By.cssSelector: .btn-group.open li>a' in '10' second(s)

2021-11-23 17:16:25 - [MESSAGE][PASSED] - Method.TextDegerineEsitElementVarMi is PASSED

2021-11-23 17:16:25 - [MESSAGE][PASSED] - Call Test Case 'Test Cases/Butonlar/AltButonVarMi' successfully

2021-11-23 17:16:25 - [MESSAGE][INFO] - Checking called Test Case

2021-11-23 17:16:25 - [MESSAGE][INFO] - Starting to call Test Case 'Test Cases/Butonlar/AltButonVarMi'

2021-11-23 17:16:25 - [TEST_CASE][PASSED] - Test Cases/Butonlar/AltButonVarMi: Test Cases/Butonlar/AltButonVarMi

2021-11-23 17:16:25 - [TEST_STEP][PASSED] - Method.TextDegerineEsitElementVarMi(findTestObject("Butonlar/AltButonlar"), AltButon): Method.TextDegerineEsitElementVarMi is PASSED

2021-11-23 17:16:25 - [MESSAGE][INFO] - Finding Test Object 'Object Repository/Butonlar/AltButonlar'

2021-11-23 17:16:25 - [MESSAGE][INFO] - Checking timeout

2021-11-23 17:16:25 - [MESSAGE][INFO] - Finding web element with id: 'Object Repository/Butonlar/AltButonlar' located by 'By.cssSelector: .btn-group.open li>a' in '10' second(s)

2021-11-23 17:16:25 - [MESSAGE][INFO] - Smart Wait Function is triggered

2021-11-23 17:16:25 - [MESSAGE][INFO] - Found 3 web elements with id: 'Object Repository/Butonlar/AltButonlar' located by 'By.cssSelector: .btn-group.open li>a' in '10' second(s)

2021-11-23 17:16:25 - [MESSAGE][PASSED] - Method.TextDegerineEsitElementVarMi is PASSED

2021-11-23 17:16:25 - [MESSAGE][PASSED] - Call Test Case 'Test Cases/Butonlar/AltButonVarMi' successfully

2021-11-23 17:16:25 - [MESSAGE][INFO] - Checking called Test Case

2021-11-23 17:16:25 - [MESSAGE][INFO] - Starting to call Test Case 'Test Cases/Butonlar/AltButonVarMi'

2021-11-23 17:16:25 - [TEST_CASE][PASSED] - Test Cases/Butonlar/AltButonVarMi: Test Cases/Butonlar/AltButonVarMi

2021-11-23 17:16:25 - [TEST_STEP][PASSED] - Method.TextDegerineEsitElementVarMi(findTestObject("Butonlar/AltButonlar"), AltButon): Method.TextDegerineEsitElementVarMi is PASSED

2021-11-23 17:16:25 - [MESSAGE][INFO] - Finding Test Object 'Object Repository/Butonlar/AltButonlar'

2021-11-23 17:16:25 - [MESSAGE][INFO] - Checking timeout

2021-11-23 17:16:25 - [MESSAGE][INFO] - Finding web element with id: 'Object Repository/Butonlar/AltButonlar' located by 'By.cssSelector: .btn-group.open li>a' in '10' second(s)

2021-11-23 17:16:25 - [MESSAGE][INFO] - Smart Wait Function is triggered

2021-11-23 17:16:26 - [MESSAGE][INFO] - Found 3 web elements with id: 'Object Repository/Butonlar/AltButonlar' located by 'By.cssSelector: .btn-group.open li>a' in '10' second(s)

2021-11-23 17:16:26 - [MESSAGE][PASSED] - Method.TextDegerineEsitElementVarMi is PASSED

2021-11-23 17:16:26 - [MESSAGE][PASSED] - Call Test Case 'Test Cases/Butonlar/AltButonVarMi' successfully

2021-11-23 17:16:26 - [MESSAGE][INFO] - Checking called Test Case

2021-11-23 17:16:26 - [MESSAGE][INFO] - Starting to call Test Case 'Test Cases/Butonlar/ButonaTikla'

2021-11-23 17:16:26 - [TEST_CASE][PASSED] - Test Cases/Butonlar/ButonaTikla: Test Cases/Butonlar/ButonaTikla

2021-11-23 17:16:26 - [TEST_STEP][PASSED] - Method.TextDegerineEsitElementeTiklaEquals(findTestObject("Butonlar/Butonlar"), Buton_Adi): Method.TextDegerineEsitElementeTiklaEquals is PASSED

2021-11-23 17:16:26 - [MESSAGE][INFO] - Finding Test Object 'Object Repository/Butonlar/Butonlar'

2021-11-23 17:16:26 - [MESSAGE][INFO] - Checking timeout

2021-11-23 17:16:26 - [MESSAGE][INFO] - Finding web element with id: 'Object Repository/Butonlar/Butonlar' located by 'By.cssSelector: .panel.panel-default.text-center.footerPanel .btn,.btn.btn-primary.btnControls' in '10' second(s)

2021-11-23 17:16:26 - [MESSAGE][INFO] - Smart Wait Function is triggered

2021-11-23 17:16:26 - [MESSAGE][INFO] - Found 7 web elements with id: 'Object Repository/Butonlar/Butonlar' located by 'By.cssSelector: .panel.panel-default.text-center.footerPanel .btn,.btn.btn-primary.btnControls' in '10' second(s)

2021-11-23 17:16:26 - [MESSAGE][PASSED] - Method.TextDegerineEsitElementeTiklaEquals is PASSED

2021-11-23 17:16:26 - [MESSAGE][PASSED] - Call Test Case 'Test Cases/Butonlar/ButonaTikla' successfully

2021-11-23 17:16:26 - [MESSAGE][INFO] - Checking called Test Case

2021-11-23 17:16:26 - [MESSAGE][INFO] - Starting to call Test Case 'Test Cases/Butonlar/AltButonVarMi'

2021-11-23 17:16:26 - [TEST_CASE][PASSED] - Test Cases/Butonlar/AltButonVarMi: Test Cases/Butonlar/AltButonVarMi

2021-11-23 17:16:26 - [TEST_STEP][PASSED] - Method.TextDegerineEsitElementVarMi(findTestObject("Butonlar/AltButonlar"), AltButon): Method.TextDegerineEsitElementVarMi is PASSED

2021-11-23 17:16:26 - [MESSAGE][INFO] - Finding Test Object 'Object Repository/Butonlar/AltButonlar'

2021-11-23 17:16:26 - [MESSAGE][INFO] - Checking timeout

2021-11-23 17:16:26 - [MESSAGE][INFO] - Finding web element with id: 'Object Repository/Butonlar/AltButonlar' located by 'By.cssSelector: .btn-group.open li>a' in '10' second(s)

2021-11-23 17:16:26 - [MESSAGE][INFO] - Smart Wait Function is triggered

2021-11-23 17:16:27 - [MESSAGE][INFO] - Found 5 web elements with id: 'Object Repository/Butonlar/AltButonlar' located by 'By.cssSelector: .btn-group.open li>a' in '10' second(s)

2021-11-23 17:16:27 - [MESSAGE][PASSED] - Method.TextDegerineEsitElementVarMi is PASSED

2021-11-23 17:16:27 - [MESSAGE][PASSED] - Call Test Case 'Test Cases/Butonlar/AltButonVarMi' successfully

2021-11-23 17:16:27 - [MESSAGE][INFO] - Checking called Test Case

2021-11-23 17:16:27 - [MESSAGE][INFO] - Starting to call Test Case 'Test Cases/Butonlar/AltButonVarMi'

2021-11-23 17:16:27 - [TEST_CASE][PASSED] - Test Cases/Butonlar/AltButonVarMi: Test Cases/Butonlar/AltButonVarMi

2021-11-23 17:16:27 - [TEST_STEP][PASSED] - Method.TextDegerineEsitElementVarMi(findTestObject("Butonlar/AltButonlar"), AltButon): Method.TextDegerineEsitElementVarMi is PASSED

2021-11-23 17:16:27 - [MESSAGE][INFO] - Finding Test Object 'Object Repository/Butonlar/AltButonlar'

2021-11-23 17:16:27 - [MESSAGE][INFO] - Checking timeout

2021-11-23 17:16:27 - [MESSAGE][INFO] - Finding web element with id: 'Object Repository/Butonlar/AltButonlar' located by 'By.cssSelector: .btn-group.open li>a' in '10' second(s)

2021-11-23 17:16:27 - [MESSAGE][INFO] - Smart Wait Function is triggered

2021-11-23 17:16:27 - [MESSAGE][INFO] - Found 5 web elements with id: 'Object Repository/Butonlar/AltButonlar' located by 'By.cssSelector: .btn-group.open li>a' in '10' second(s)

2021-11-23 17:16:27 - [MESSAGE][PASSED] - Method.TextDegerineEsitElementVarMi is PASSED

2021-11-23 17:16:27 - [MESSAGE][PASSED] - Call Test Case 'Test Cases/Butonlar/AltButonVarMi' successfully

2021-11-23 17:16:27 - [MESSAGE][INFO] - Checking called Test Case

2021-11-23 17:16:27 - [MESSAGE][INFO] - Starting to call Test Case 'Test Cases/Butonlar/AltButonVarMi'

2021-11-23 17:16:27 - [TEST_CASE][PASSED] - Test Cases/Butonlar/AltButonVarMi: Test Cases/Butonlar/AltButonVarMi

2021-11-23 17:16:27 - [TEST_STEP][PASSED] - Method.TextDegerineEsitElementVarMi(findTestObject("Butonlar/AltButonlar"), AltButon): Method.TextDegerineEsitElementVarMi is PASSED

2021-11-23 17:16:27 - [MESSAGE][INFO] - Finding Test Object 'Object Repository/Butonlar/AltButonlar'

2021-11-23 17:16:27 - [MESSAGE][INFO] - Checking timeout

2021-11-23 17:16:27 - [MESSAGE][INFO] - Finding web element with id: 'Object Repository/Butonlar/AltButonlar' located by 'By.cssSelector: .btn-group.open li>a' in '10' second(s)

2021-11-23 17:16:27 - [MESSAGE][INFO] - Smart Wait Function is triggered

2021-11-23 17:16:28 - [MESSAGE][INFO] - Found 5 web elements with id: 'Object Repository/Butonlar/AltButonlar' located by 'By.cssSelector: .btn-group.open li>a' in '10' second(s)

2021-11-23 17:16:28 - [MESSAGE][PASSED] - Method.TextDegerineEsitElementVarMi is PASSED

2021-11-23 17:16:28 - [MESSAGE][PASSED] - Call Test Case 'Test Cases/Butonlar/AltButonVarMi' successfully

2021-11-23 17:16:28 - [MESSAGE][INFO] - Checking called Test Case

2021-11-23 17:16:28 - [MESSAGE][INFO] - Starting to call Test Case 'Test Cases/Butonlar/AltButonVarMi'

2021-11-23 17:16:28 - [TEST_CASE][PASSED] - Test Cases/Butonlar/AltButonVarMi: Test Cases/Butonlar/AltButonVarMi

2021-11-23 17:16:28 - [TEST_STEP][PASSED] - Method.TextDegerineEsitElementVarMi(findTestObject("Butonlar/AltButonlar"), AltButon): Method.TextDegerineEsitElementVarMi is PASSED

2021-11-23 17:16:28 - [MESSAGE][INFO] - Finding Test Object 'Object Repository/Butonlar/AltButonlar'

2021-11-23 17:16:28 - [MESSAGE][INFO] - Checking timeout

2021-11-23 17:16:28 - [MESSAGE][INFO] - Finding web element with id: 'Object Repository/Butonlar/AltButonlar' located by 'By.cssSelector: .btn-group.open li>a' in '10' second(s)

2021-11-23 17:16:28 - [MESSAGE][INFO] - Smart Wait Function is triggered

2021-11-23 17:16:28 - [MESSAGE][INFO] - Found 5 web elements with id: 'Object Repository/Butonlar/AltButonlar' located by 'By.cssSelector: .btn-group.open li>a' in '10' second(s)

2021-11-23 17:16:28 - [MESSAGE][PASSED] - Method.TextDegerineEsitElementVarMi is PASSED

2021-11-23 17:16:28 - [MESSAGE][PASSED] - Call Test Case 'Test Cases/Butonlar/AltButonVarMi' successfully

2021-11-23 17:16:28 - [MESSAGE][INFO] - Checking called Test Case

2021-11-23 17:16:28 - [MESSAGE][INFO] - Starting to call Test Case 'Test Cases/Butonlar/AltButonVarMi'

2021-11-23 17:16:28 - [TEST_CASE][PASSED] - Test Cases/Butonlar/AltButonVarMi: Test Cases/Butonlar/AltButonVarMi

2021-11-23 17:16:28 - [TEST_STEP][PASSED] - Method.TextDegerineEsitElementVarMi(findTestObject("Butonlar/AltButonlar"), AltButon): Method.TextDegerineEsitElementVarMi is PASSED

2021-11-23 17:16:28 - [MESSAGE][INFO] - Finding Test Object 'Object Repository/Butonlar/AltButonlar'

2021-11-23 17:16:28 - [MESSAGE][INFO] - Checking timeout

2021-11-23 17:16:28 - [MESSAGE][INFO] - Finding web element with id: 'Object Repository/Butonlar/AltButonlar' located by 'By.cssSelector: .btn-group.open li>a' in '10' second(s)

2021-11-23 17:16:28 - [MESSAGE][INFO] - Smart Wait Function is triggered

2021-11-23 17:16:29 - [MESSAGE][INFO] - Found 5 web elements with id: 'Object Repository/Butonlar/AltButonlar' located by 'By.cssSelector: .btn-group.open li>a' in '10' second(s)

2021-11-23 17:16:29 - [MESSAGE][PASSED] - Method.TextDegerineEsitElementVarMi is PASSED

2021-11-23 17:16:29 - [MESSAGE][PASSED] - Call Test Case 'Test Cases/Butonlar/AltButonVarMi' successfully

2021-11-23 17:16:29 - [MESSAGE][INFO] - Checking called Test Case

2021-11-23 17:16:29 - [MESSAGE][INFO] - Starting to call Test Case 'Test Cases/Kullanici_Islemleri/KullaniciIslemlerindenSecimYapilir'

2021-11-23 17:16:29 - [TEST_CASE][PASSED] - Test Cases/Kullanici_Islemleri/KullaniciIslemlerindenSecimYapilir: Test Cases/Kullanici_Islemleri/KullaniciIslemlerindenSecimYapilir

2021-11-23 17:16:29 - [TEST_STEP][PASSED] - waitForElementClickable(findTestObject("Object Repository/Kullanici_Islemleri/KullaniciIslemleri"), 10): Object 'Object Repository/Kullanici_Islemleri/KullaniciIslemleri' is clickable

2021-11-23 17:16:29 - [MESSAGE][INFO] - Finding Test Object 'Object Repository/Kullanici_Islemleri/KullaniciIslemleri'

2021-11-23 17:16:29 - [MESSAGE][INFO] - Checking object

2021-11-23 17:16:29 - [MESSAGE][INFO] - Checking timeout

2021-11-23 17:16:29 - [MESSAGE][INFO] - Finding web element from Test Object's properties

2021-11-23 17:16:29 - [MESSAGE][INFO] - Checking timeout

2021-11-23 17:16:29 - [MESSAGE][INFO] - Finding web element with id: 'Object Repository/Kullanici_Islemleri/KullaniciIslemleri' located by 'By.cssSelector: .dropdown>a>img' in '10' second(s)

2021-11-23 17:16:29 - [MESSAGE][INFO] - Smart Wait Function is triggered

2021-11-23 17:16:29 - [MESSAGE][INFO] - Found 1 web elements with id: 'Object Repository/Kullanici_Islemleri/KullaniciIslemleri' located by 'By.cssSelector: .dropdown>a>img' in '10' second(s)

2021-11-23 17:16:29 - [MESSAGE][PASSED] - Object 'Object Repository/Kullanici_Islemleri/KullaniciIslemleri' is clickable

2021-11-23 17:16:29 - [TEST_STEP][PASSED] - click(findTestObject("Object Repository/Kullanici_Islemleri/KullaniciIslemleri")): Object: 'Object Repository/Kullanici_Islemleri/KullaniciIslemleri' is clicked on

2021-11-23 17:16:29 - [MESSAGE][INFO] - Finding Test Object 'Object Repository/Kullanici_Islemleri/KullaniciIslemleri'

2021-11-23 17:16:29 - [MESSAGE][INFO] - Checking object

2021-11-23 17:16:29 - [MESSAGE][INFO] - Finding web element from Test Object's properties

2021-11-23 17:16:29 - [MESSAGE][INFO] - Checking timeout

2021-11-23 17:16:29 - [MESSAGE][INFO] - Finding web element with id: 'Object Repository/Kullanici_Islemleri/KullaniciIslemleri' located by 'By.cssSelector: .dropdown>a>img' in '30' second(s)

2021-11-23 17:16:29 - [MESSAGE][INFO] - Smart Wait Function is triggered

2021-11-23 17:16:30 - [MESSAGE][INFO] - Found 1 web elements with id: 'Object Repository/Kullanici_Islemleri/KullaniciIslemleri' located by 'By.cssSelector: .dropdown>a>img' in '30' second(s)

2021-11-23 17:16:30 - [MESSAGE][INFO] - Clicking on object: 'Object Repository/Kullanici_Islemleri/KullaniciIslemleri'

2021-11-23 17:16:30 - [MESSAGE][PASSED] - Object: 'Object Repository/Kullanici_Islemleri/KullaniciIslemleri' is clicked on

2021-11-23 17:16:30 - [TEST_STEP][PASSED] - Method.TextDegerineEsitElementeTikla(findTestObject("Object Repository/Kullanici_Islemleri/Secenekler"), Islem): Method.TextDegerineEsitElementeTikla is PASSED

2021-11-23 17:16:30 - [MESSAGE][INFO] - Finding Test Object 'Object Repository/Kullanici_Islemleri/Secenekler'

2021-11-23 17:16:30 - [MESSAGE][INFO] - Checking timeout

2021-11-23 17:16:30 - [MESSAGE][INFO] - Finding web element with id: 'Object Repository/Kullanici_Islemleri/Secenekler' located by 'By.cssSelector: .nav.navbar-nav.navbar-right li a' in '10' second(s)

2021-11-23 17:16:30 - [MESSAGE][INFO] - Smart Wait Function is triggered

2021-11-23 17:16:30 - [MESSAGE][INFO] - Found 22 web elements with id: 'Object Repository/Kullanici_Islemleri/Secenekler' located by 'By.cssSelector: .nav.navbar-nav.navbar-right li a' in '10' second(s)

2021-11-23 17:16:31 - [MESSAGE][PASSED] - Method.TextDegerineEsitElementeTikla is PASSED

2021-11-23 17:16:31 - [TEST_STEP][PASSED] - verifyElementNotPresent(findTestObject("Object Repository/Kullanici_Islemleri/Secenekler"), 10): Web element with id: 'Object Repository/Kullanici_Islemleri/Secenekler' located by 'By.cssSelector: .nav.navbar-nav.navbar-right li a' is not present after '10' second(s)

2021-11-23 17:16:31 - [MESSAGE][INFO] - Finding Test Object 'Object Repository/Kullanici_Islemleri/Secenekler'

2021-11-23 17:16:31 - [MESSAGE][INFO] - Checking object

2021-11-23 17:16:31 - [MESSAGE][INFO] - Checking timeout

2021-11-23 17:16:31 - [MESSAGE][INFO] - Finding web element with id: 'Object Repository/Kullanici_Islemleri/Secenekler' located by 'By.cssSelector: .nav.navbar-nav.navbar-right li a' in '10' second(s)

2021-11-23 17:16:31 - [MESSAGE][INFO] - Smart Wait Function is triggered

2021-11-23 17:16:32 - [MESSAGE][PASSED] - Web element with id: 'Object Repository/Kullanici_Islemleri/Secenekler' located by 'By.cssSelector: .nav.navbar-nav.navbar-right li a' is not present after '10' second(s)

2021-11-23 17:16:32 - [MESSAGE][PASSED] - Call Test Case 'Test Cases/Kullanici_Islemleri/KullaniciIslemlerindenSecimYapilir' successfully

2021-11-23 17:16:32 - [TEST_CASE][PASSED] - Start Test Case : SCENARIO Tasarim Araclari Buton Kontrolu: SCENARIO Tasarim Araclari Buton Kontrolu

2021-11-23 17:16:32 - [TEST_STEP][PASSED] - Kullanıcı adı ELOGO6 ve Şifre 123456 olarak giriş yapılır: Kullanıcı adı ELOGO6 ve Şifre 123456 olarak giriş yapılır

2021-11-23 17:16:32 - [MESSAGE][PASSED] - Kullanıcı adı ELOGO6 ve Şifre 123456 olarak giriş yapılır

2021-11-23 17:16:32 - [TEST_STEP][PASSED] - Ana menüden Ayarlar seçilir: Ana menüden Ayarlar seçilir

2021-11-23 17:16:32 - [MESSAGE][PASSED] - Ana menüden Ayarlar seçilir

2021-11-23 17:16:32 - [TEST_STEP][PASSED] - Alt menü Görsel Tasarımlar başlığı altındaki Tasarım Araçları seçilir: Alt menü Görsel Tasarımlar başlığı altındaki Tasarım Araçları seçilir

2021-11-23 17:16:32 - [MESSAGE][PASSED] - Alt menü Görsel Tasarımlar başlığı altındaki Tasarım Araçları seçilir

2021-11-23 17:16:32 - [TEST_STEP][PASSED] - Butonlardan Tasarla var mı: Butonlardan Tasarla var mı

2021-11-23 17:16:32 - [MESSAGE][PASSED] - Butonlardan Tasarla var mı

2021-11-23 17:16:32 - [TEST_STEP][PASSED] - Butonlardan Güncelle var mı: Butonlardan Güncelle var mı

2021-11-23 17:16:32 - [MESSAGE][PASSED] - Butonlardan Güncelle var mı

2021-11-23 17:16:32 - [TEST_STEP][PASSED] - Butonlardan Kopyala var mı: Butonlardan Kopyala var mı

2021-11-23 17:16:32 - [MESSAGE][PASSED] - Butonlardan Kopyala var mı

2021-11-23 17:16:32 - [TEST_STEP][PASSED] - Butonlardan Sil var mı: Butonlardan Sil var mı

2021-11-23 17:16:32 - [MESSAGE][PASSED] - Butonlardan Sil var mı

2021-11-23 17:16:32 - [TEST_STEP][PASSED] - Butonlardan İndir var mı: Butonlardan İndir var mı

2021-11-23 17:16:32 - [MESSAGE][PASSED] - Butonlardan İndir var mı

2021-11-23 17:16:32 - [TEST_STEP][PASSED] - Butonlardan Yukle var mı: Butonlardan Yukle var mı

2021-11-23 17:16:32 - [MESSAGE][PASSED] - Butonlardan Yukle var mı

2021-11-23 17:16:32 - [TEST_STEP][PASSED] - Butonlardan Ön Değer Ata var mı: Butonlardan Ön Değer Ata var mı

2021-11-23 17:16:32 - [MESSAGE][PASSED] - Butonlardan Ön Değer Ata var mı

2021-11-23 17:16:32 - [TEST_STEP][PASSED] - Butonlardan Tasarla isimli butona tıklanır: Butonlardan Tasarla isimli butona tıklanır

2021-11-23 17:16:32 - [MESSAGE][PASSED] - Butonlardan Tasarla isimli butona tıklanır

2021-11-23 17:16:32 - [TEST_STEP][PASSED] - Alt butonlardan e-Fatura var mı: Alt butonlardan e-Fatura var mı

2021-11-23 17:16:32 - [MESSAGE][PASSED] - Alt butonlardan e-Fatura var mı

2021-11-23 17:16:32 - [TEST_STEP][PASSED] - Alt butonlardan e-Arşiv var mı: Alt butonlardan e-Arşiv var mı

2021-11-23 17:16:32 - [MESSAGE][PASSED] - Alt butonlardan e-Arşiv var mı

2021-11-23 17:16:32 - [TEST_STEP][PASSED] - Alt butonlardan e-İrsaliye var mı: Alt butonlardan e-İrsaliye var mı

2021-11-23 17:16:32 - [MESSAGE][PASSED] - Alt butonlardan e-İrsaliye var mı

2021-11-23 17:16:32 - [TEST_STEP][PASSED] - Butonlardan Yukle isimli butona tıklanır: Butonlardan Yukle isimli butona tıklanır

2021-11-23 17:16:32 - [MESSAGE][PASSED] - Butonlardan Yukle isimli butona tıklanır

2021-11-23 17:16:32 - [TEST_STEP][PASSED] - Alt butonlardan e-Fatura var mı: Alt butonlardan e-Fatura var mı

2021-11-23 17:16:32 - [MESSAGE][PASSED] - Alt butonlardan e-Fatura var mı

2021-11-23 17:16:32 - [TEST_STEP][PASSED] - Alt butonlardan e-Arşiv var mı: Alt butonlardan e-Arşiv var mı

2021-11-23 17:16:32 - [MESSAGE][PASSED] - Alt butonlardan e-Arşiv var mı

2021-11-23 17:16:32 - [TEST_STEP][PASSED] - Alt butonlardan e-İrsaliye var mı: Alt butonlardan e-İrsaliye var mı

2021-11-23 17:16:32 - [MESSAGE][PASSED] - Alt butonlardan e-İrsaliye var mı

2021-11-23 17:16:32 - [TEST_STEP][PASSED] - Alt butonlardan e-Müstahsil Makbuzu var mı: Alt butonlardan e-Müstahsil Makbuzu var mı

2021-11-23 17:16:32 - [MESSAGE][PASSED] - Alt butonlardan e-Müstahsil Makbuzu var mı

2021-11-23 17:16:32 - [TEST_STEP][PASSED] - Alt butonlardan e-Serbest Meslek Makbuzu var mı: Alt butonlardan e-Serbest Meslek Makbuzu var mı

2021-11-23 17:16:32 - [MESSAGE][PASSED] - Alt butonlardan e-Serbest Meslek Makbuzu var mı

2021-11-23 17:16:32 - [TEST_STEP][PASSED] - Kullanıcı işlemlerinden Çıkış seçilir: Kullanıcı işlemlerinden Çıkış seçilir

2021-11-23 17:16:32 - [MESSAGE][PASSED] - Kullanıcı işlemlerinden Çıkış seçilir

2021-11-23 17:16:32 - [MESSAGE][PASSED] - Feature file: 'Include/features/Ayarlar/Gorsel Tasarimlar/Tasarim Araclari/Buton Kontrolu.feature' was passed

2021-11-23 17:16:32 - [TEST_STEP][PASSED] - Start listener action : sampleAfterTestSuite: Invoke 'com.kms.katalon.core.annotation.AfterTestCase' method: 'Listener.sampleAfterTestSuite(...)' completed.

2021-11-23 17:16:32 - [MESSAGE][INFO] - Starting invoke 'com.kms.katalon.core.annotation.AfterTestCase' method: 'Listener.sampleAfterTestSuite(...)'

2021-11-23 17:16:32 - [TEST_STEP][PASSED] - closeBrowser(): Invoke 'com.kms.katalon.core.annotation.AfterTestCase' method: 'Listener.sampleAfterTestSuite(...)' completed.

2021-11-23 17:16:32 - [MESSAGE][INFO] - Closing browser

2021-11-23 17:16:32 - [MESSAGE][PASSED] - Browser is closed

2021-11-23 17:16:32 - [MESSAGE][INFO] - Invoke 'com.kms.katalon.core.annotation.AfterTestCase' method: 'Listener.sampleAfterTestSuite(...)' completed.]]></system-out>
         <system-err><![CDATA[]]></system-err>
      </testcase>
      <testcase name="Test Cases/Case Repository/Ayarlar/Gorsel Tasarim/Tasarim Araclari/Filtre Kontrolu" time="38.507" classname="Test Cases/Case Repository/Ayarlar/Gorsel Tasarim/Tasarim Araclari/Filtre Kontrolu" status="PASSED">
         <system-out><![CDATA[2021-11-23 17:16:32 - [TEST_CASE][PASSED] - Test Cases/Case Repository/Ayarlar/Gorsel Tasarim/Tasarim Araclari/Filtre Kontrolu: Test Cases/Case Repository/Ayarlar/Gorsel Tasarim/Tasarim Araclari/Filtre Kontrolu

2021-11-23 17:16:32 - [TEST_STEP][PASSED] - Start listener action : sampleBeforeTestSuite: Invoke 'com.kms.katalon.core.annotation.BeforeTestCase' method: 'Listener.sampleBeforeTestSuite(...)' completed.

2021-11-23 17:16:32 - [MESSAGE][INFO] - Starting invoke 'com.kms.katalon.core.annotation.BeforeTestCase' method: 'Listener.sampleBeforeTestSuite(...)'

2021-11-23 17:16:32 - [TEST_STEP][PASSED] - openBrowser(baseUrl): Browser is opened with url: 'https://efatura-stage.elogo.com.tr/'

2021-11-23 17:16:32 - [MESSAGE][INFO] - Opening browser

2021-11-23 17:16:32 - [MESSAGE][INFO] - Starting 'Chrome' driver

2021-11-23 17:16:32 - [MESSAGE][INFO] - User set preference: ['prefs', '{download.default_directory=C:\otomasyondownfiles}']

2021-11-23 17:16:32 - [MESSAGE][INFO] - Action delay is set to 0 milliseconds

2021-11-23 17:16:34 - [MESSAGE][INFO] - Navigating browser to: 'https://efatura-stage.elogo.com.tr/'

2021-11-23 17:16:36 - [MESSAGE][PASSED] - Browser is opened with url: 'https://efatura-stage.elogo.com.tr/'

2021-11-23 17:16:36 - [TEST_STEP][PASSED] - maximizeWindow(): Invoke 'com.kms.katalon.core.annotation.BeforeTestCase' method: 'Listener.sampleBeforeTestSuite(...)' completed.

2021-11-23 17:16:36 - [MESSAGE][INFO] - Maximizing current window

2021-11-23 17:16:36 - [MESSAGE][PASSED] - Current window maximized

2021-11-23 17:16:36 - [MESSAGE][INFO] - Invoke 'com.kms.katalon.core.annotation.BeforeTestCase' method: 'Listener.sampleBeforeTestSuite(...)' completed.

2021-11-23 17:16:36 - [TEST_STEP][PASSED] - runFeatureFile("Include/features/Ayarlar/Gorsel Tasarimlar/Tasarim Araclari/Filtre Kontrolu.feature"): Feature file: 'Include/features/Ayarlar/Gorsel Tasarimlar/Tasarim Araclari/Filtre Kontrolu.feature' was passed

2021-11-23 17:16:36 - [MESSAGE][INFO] - Starting run keyword runFeatureFile: 'Include/features/Ayarlar/Gorsel Tasarimlar/Tasarim Araclari/Filtre Kontrolu.feature' and extract report to folder: 'C:\Users\DELL\Documents\GitHub\EES_KatalonLogo\Reports\20211123_163326\Suite Repository\Ayarlar\20211123_163427/cucumber_report/1637676996925'...

2021-11-23 17:16:36 - [MESSAGE][INFO] - Glue: []

2021-11-23 17:16:39 - [MESSAGE][INFO] - Checking called Test Case

2021-11-23 17:16:39 - [MESSAGE][INFO] - Starting to call Test Case 'Test Cases/Sayfalar/Giris_Sayfasi/Login'

2021-11-23 17:16:39 - [TEST_CASE][PASSED] - Test Cases/Sayfalar/Giris_Sayfasi/Login: Test Cases/Sayfalar/Giris_Sayfasi/Login

2021-11-23 17:16:39 - [TEST_STEP][PASSED] - Sayfa_Basligi = getWindowTitle(): Current window's title is: 'LOGO e-Fatura'

2021-11-23 17:16:39 - [MESSAGE][INFO] - Getting current window's title

2021-11-23 17:16:39 - [MESSAGE][PASSED] - Current window's title is: 'LOGO e-Fatura'

2021-11-23 17:16:39 - [TEST_STEP][PASSED] - verifyMatch(Sayfa_Basligi, "LOGO e-Fatura", false): Actual text 'LOGO e-Fatura' and expected text 'LOGO e-Fatura' are matched 

2021-11-23 17:16:39 - [MESSAGE][INFO] - Matching actual text 'LOGO e-Fatura' with expected text 'LOGO e-Fatura'

2021-11-23 17:16:39 - [MESSAGE][PASSED] - Actual text 'LOGO e-Fatura' and expected text 'LOGO e-Fatura' are matched 

2021-11-23 17:16:39 - [TEST_STEP][PASSED] - sendKeys(findTestObject("Sayfalar/Giris_Sayfasi/Firma_Kodu"), KullaniciAdi): Keys 'ELOGO6' sent to object: 'Object Repository/Sayfalar/Giris_Sayfasi/Firma_Kodu'

2021-11-23 17:16:39 - [MESSAGE][INFO] - Finding Test Object 'Object Repository/Sayfalar/Giris_Sayfasi/Firma_Kodu'

2021-11-23 17:16:39 - [MESSAGE][INFO] - Sending keys 'ELOGO6' to object: 'Object Repository/Sayfalar/Giris_Sayfasi/Firma_Kodu'

2021-11-23 17:16:39 - [MESSAGE][INFO] - Finding web element from Test Object's properties

2021-11-23 17:16:39 - [MESSAGE][INFO] - Checking timeout

2021-11-23 17:16:39 - [MESSAGE][INFO] - Finding web element with id: 'Object Repository/Sayfalar/Giris_Sayfasi/Firma_Kodu' located by 'By.xpath: //*[@id = 'AccountName']' in '30' second(s)

2021-11-23 17:16:39 - [MESSAGE][INFO] - Smart Wait Function is triggered

2021-11-23 17:16:40 - [MESSAGE][INFO] - Found 1 web elements with id: 'Object Repository/Sayfalar/Giris_Sayfasi/Firma_Kodu' located by 'By.xpath: //*[@id = 'AccountName']' in '30' second(s)

2021-11-23 17:16:40 - [MESSAGE][PASSED] - Keys 'ELOGO6' sent to object: 'Object Repository/Sayfalar/Giris_Sayfasi/Firma_Kodu'

2021-11-23 17:16:40 - [TEST_STEP][PASSED] - sendKeys(findTestObject("Sayfalar/Giris_Sayfasi/Sifre"), Sifre): Keys '123456' sent to object: 'Object Repository/Sayfalar/Giris_Sayfasi/Sifre'

2021-11-23 17:16:40 - [MESSAGE][INFO] - Finding Test Object 'Object Repository/Sayfalar/Giris_Sayfasi/Sifre'

2021-11-23 17:16:40 - [MESSAGE][INFO] - Sending keys '123456' to object: 'Object Repository/Sayfalar/Giris_Sayfasi/Sifre'

2021-11-23 17:16:40 - [MESSAGE][INFO] - Finding web element from Test Object's properties

2021-11-23 17:16:40 - [MESSAGE][INFO] - Checking timeout

2021-11-23 17:16:40 - [MESSAGE][INFO] - Finding web element with id: 'Object Repository/Sayfalar/Giris_Sayfasi/Sifre' located by 'By.xpath: //*[@id = 'Password']' in '30' second(s)

2021-11-23 17:16:40 - [MESSAGE][INFO] - Smart Wait Function is triggered

2021-11-23 17:16:40 - [MESSAGE][INFO] - Found 1 web elements with id: 'Object Repository/Sayfalar/Giris_Sayfasi/Sifre' located by 'By.xpath: //*[@id = 'Password']' in '30' second(s)

2021-11-23 17:16:40 - [MESSAGE][PASSED] - Keys '123456' sent to object: 'Object Repository/Sayfalar/Giris_Sayfasi/Sifre'

2021-11-23 17:16:40 - [TEST_STEP][PASSED] - findWebElement(findTestObject("Sayfalar/Giris_Sayfasi/Giris_Butonu")).click(): Found 1 web elements with id: 'Object Repository/Sayfalar/Giris_Sayfasi/Giris_Butonu' located by 'By.cssSelector: #btnLogin' in '30' second(s)

2021-11-23 17:16:40 - [MESSAGE][INFO] - Finding Test Object 'Object Repository/Sayfalar/Giris_Sayfasi/Giris_Butonu'

2021-11-23 17:16:40 - [MESSAGE][INFO] - Finding web element from Test Object's properties

2021-11-23 17:16:40 - [MESSAGE][INFO] - Checking timeout

2021-11-23 17:16:40 - [MESSAGE][INFO] - Finding web element with id: 'Object Repository/Sayfalar/Giris_Sayfasi/Giris_Butonu' located by 'By.cssSelector: #btnLogin' in '30' second(s)

2021-11-23 17:16:40 - [MESSAGE][INFO] - Smart Wait Function is triggered

2021-11-23 17:16:40 - [MESSAGE][INFO] - Found 1 web elements with id: 'Object Repository/Sayfalar/Giris_Sayfasi/Giris_Butonu' located by 'By.cssSelector: #btnLogin' in '30' second(s)

2021-11-23 17:16:43 - [TEST_STEP][PASSED] - if (verifyElementPresent(findTestObject("Object Repository/Sayfalar/Giris_Sayfasi/RetveTamam_Butonu"), 5, OPTIONAL)): null

2021-11-23 17:16:43 - [MESSAGE][INFO] - Finding Test Object 'Object Repository/Sayfalar/Giris_Sayfasi/RetveTamam_Butonu'

2021-11-23 17:16:43 - [MESSAGE][INFO] - Checking object

2021-11-23 17:16:43 - [MESSAGE][INFO] - Finding web element from Test Object's properties

2021-11-23 17:16:43 - [MESSAGE][INFO] - Checking timeout

2021-11-23 17:16:43 - [MESSAGE][INFO] - Finding web element with id: 'Object Repository/Sayfalar/Giris_Sayfasi/RetveTamam_Butonu' located by 'By.xpath: //*[@class = 'btn btn-default']' in '5' second(s)

2021-11-23 17:16:43 - [MESSAGE][INFO] - Smart Wait Function is triggered

2021-11-23 17:16:43 - [MESSAGE][INFO] - Found 1 web elements with id: 'Object Repository/Sayfalar/Giris_Sayfasi/RetveTamam_Butonu' located by 'By.xpath: //*[@class = 'btn btn-default']' in '5' second(s)

2021-11-23 17:16:43 - [MESSAGE][PASSED] - Object 'Object Repository/Sayfalar/Giris_Sayfasi/RetveTamam_Butonu' is present

2021-11-23 17:16:43 - [TEST_STEP][PASSED] - click(findTestObject("Object Repository/Sayfalar/Giris_Sayfasi/RetveTamam_Butonu")): Object: 'Object Repository/Sayfalar/Giris_Sayfasi/RetveTamam_Butonu' is clicked on

2021-11-23 17:16:43 - [MESSAGE][INFO] - Finding Test Object 'Object Repository/Sayfalar/Giris_Sayfasi/RetveTamam_Butonu'

2021-11-23 17:16:43 - [MESSAGE][INFO] - Checking object

2021-11-23 17:16:43 - [MESSAGE][INFO] - Finding web element from Test Object's properties

2021-11-23 17:16:43 - [MESSAGE][INFO] - Checking timeout

2021-11-23 17:16:43 - [MESSAGE][INFO] - Finding web element with id: 'Object Repository/Sayfalar/Giris_Sayfasi/RetveTamam_Butonu' located by 'By.xpath: //*[@class = 'btn btn-default']' in '30' second(s)

2021-11-23 17:16:43 - [MESSAGE][INFO] - Smart Wait Function is triggered

2021-11-23 17:16:44 - [MESSAGE][INFO] - Found 1 web elements with id: 'Object Repository/Sayfalar/Giris_Sayfasi/RetveTamam_Butonu' located by 'By.xpath: //*[@class = 'btn btn-default']' in '30' second(s)

2021-11-23 17:16:44 - [MESSAGE][INFO] - Clicking on object: 'Object Repository/Sayfalar/Giris_Sayfasi/RetveTamam_Butonu'

2021-11-23 17:16:44 - [MESSAGE][PASSED] - Object: 'Object Repository/Sayfalar/Giris_Sayfasi/RetveTamam_Butonu' is clicked on

2021-11-23 17:16:44 - [TEST_STEP][PASSED] - click(findTestObject("Object Repository/Sayfalar/Giris_Sayfasi/RetveTamam_Butonu")): Object: 'Object Repository/Sayfalar/Giris_Sayfasi/RetveTamam_Butonu' is clicked on

2021-11-23 17:16:44 - [MESSAGE][INFO] - Finding Test Object 'Object Repository/Sayfalar/Giris_Sayfasi/RetveTamam_Butonu'

2021-11-23 17:16:44 - [MESSAGE][INFO] - Checking object

2021-11-23 17:16:44 - [MESSAGE][INFO] - Finding web element from Test Object's properties

2021-11-23 17:16:44 - [MESSAGE][INFO] - Checking timeout

2021-11-23 17:16:44 - [MESSAGE][INFO] - Finding web element with id: 'Object Repository/Sayfalar/Giris_Sayfasi/RetveTamam_Butonu' located by 'By.xpath: //*[@class = 'btn btn-default']' in '30' second(s)

2021-11-23 17:16:44 - [MESSAGE][INFO] - Smart Wait Function is triggered

2021-11-23 17:16:47 - [MESSAGE][INFO] - Found 1 web elements with id: 'Object Repository/Sayfalar/Giris_Sayfasi/RetveTamam_Butonu' located by 'By.xpath: //*[@class = 'btn btn-default']' in '30' second(s)

2021-11-23 17:16:47 - [MESSAGE][INFO] - Clicking on object: 'Object Repository/Sayfalar/Giris_Sayfasi/RetveTamam_Butonu'

2021-11-23 17:16:47 - [MESSAGE][PASSED] - Object: 'Object Repository/Sayfalar/Giris_Sayfasi/RetveTamam_Butonu' is clicked on

2021-11-23 17:16:47 - [TEST_STEP][PASSED] - if (verifyElementPresent(findTestObject("Sayfalar/Giris_Sayfasi/PopupOK"), 5, OPTIONAL)): null

2021-11-23 17:16:47 - [MESSAGE][INFO] - Finding Test Object 'Object Repository/Sayfalar/Giris_Sayfasi/PopupOK'

2021-11-23 17:16:47 - [MESSAGE][INFO] - Checking object

2021-11-23 17:16:47 - [MESSAGE][INFO] - Finding web element from Test Object's properties

2021-11-23 17:16:47 - [MESSAGE][INFO] - Checking timeout

2021-11-23 17:16:47 - [MESSAGE][INFO] - Finding web element with id: 'Object Repository/Sayfalar/Giris_Sayfasi/PopupOK' located by 'By.cssSelector: .btn.btn-success' in '5' second(s)

2021-11-23 17:16:47 - [MESSAGE][INFO] - Smart Wait Function is triggered

2021-11-23 17:16:48 - [MESSAGE][INFO] - Found 1 web elements with id: 'Object Repository/Sayfalar/Giris_Sayfasi/PopupOK' located by 'By.cssSelector: .btn.btn-success' in '5' second(s)

2021-11-23 17:16:48 - [MESSAGE][PASSED] - Object 'Object Repository/Sayfalar/Giris_Sayfasi/PopupOK' is present

2021-11-23 17:16:48 - [TEST_STEP][PASSED] - click(findTestObject("Object Repository/Sayfalar/Giris_Sayfasi/PopupCarpiGiris")): Object: 'Object Repository/Sayfalar/Giris_Sayfasi/PopupCarpiGiris' is clicked on

2021-11-23 17:16:48 - [MESSAGE][INFO] - Finding Test Object 'Object Repository/Sayfalar/Giris_Sayfasi/PopupCarpiGiris'

2021-11-23 17:16:48 - [MESSAGE][INFO] - Checking object

2021-11-23 17:16:48 - [MESSAGE][INFO] - Finding web element from Test Object's properties

2021-11-23 17:16:48 - [MESSAGE][INFO] - Checking timeout

2021-11-23 17:16:48 - [MESSAGE][INFO] - Finding web element with id: 'Object Repository/Sayfalar/Giris_Sayfasi/PopupCarpiGiris' located by 'By.cssSelector: .bootbox-close-button.close' in '30' second(s)

2021-11-23 17:16:48 - [MESSAGE][INFO] - Smart Wait Function is triggered

2021-11-23 17:16:48 - [MESSAGE][INFO] - Found 1 web elements with id: 'Object Repository/Sayfalar/Giris_Sayfasi/PopupCarpiGiris' located by 'By.cssSelector: .bootbox-close-button.close' in '30' second(s)

2021-11-23 17:16:48 - [MESSAGE][INFO] - Clicking on object: 'Object Repository/Sayfalar/Giris_Sayfasi/PopupCarpiGiris'

2021-11-23 17:16:48 - [MESSAGE][PASSED] - Object: 'Object Repository/Sayfalar/Giris_Sayfasi/PopupCarpiGiris' is clicked on

2021-11-23 17:16:48 - [TEST_STEP][PASSED] - verifyElementVisible(findTestObject("Object Repository/Kullanici_Islemleri/KullaniciIslemleri")): Object 'Object Repository/Kullanici_Islemleri/KullaniciIslemleri' is visible

2021-11-23 17:16:48 - [MESSAGE][INFO] - Finding Test Object 'Object Repository/Kullanici_Islemleri/KullaniciIslemleri'

2021-11-23 17:16:48 - [MESSAGE][INFO] - Checking object

2021-11-23 17:16:48 - [MESSAGE][INFO] - Finding web element from Test Object's properties

2021-11-23 17:16:48 - [MESSAGE][INFO] - Checking timeout

2021-11-23 17:16:48 - [MESSAGE][INFO] - Finding web element with id: 'Object Repository/Kullanici_Islemleri/KullaniciIslemleri' located by 'By.cssSelector: .dropdown>a>img' in '30' second(s)

2021-11-23 17:16:48 - [MESSAGE][INFO] - Smart Wait Function is triggered

2021-11-23 17:16:49 - [MESSAGE][INFO] - Found 1 web elements with id: 'Object Repository/Kullanici_Islemleri/KullaniciIslemleri' located by 'By.cssSelector: .dropdown>a>img' in '30' second(s)

2021-11-23 17:16:49 - [MESSAGE][PASSED] - Object 'Object Repository/Kullanici_Islemleri/KullaniciIslemleri' is visible

2021-11-23 17:16:49 - [MESSAGE][PASSED] - Call Test Case 'Test Cases/Sayfalar/Giris_Sayfasi/Login' successfully

2021-11-23 17:16:49 - [MESSAGE][INFO] - Checking called Test Case

2021-11-23 17:16:49 - [MESSAGE][INFO] - Starting to call Test Case 'Test Cases/Menu/AnaMenuSecimi'

2021-11-23 17:16:49 - [TEST_CASE][PASSED] - Test Cases/Menu/AnaMenuSecimi: Test Cases/Menu/AnaMenuSecimi

2021-11-23 17:16:49 - [TEST_STEP][PASSED] - Method.TextDegerineEsitElementeTikla(findTestObject("Menu/Ana_Menu"), Ana_Menu): Method.TextDegerineEsitElementeTikla is PASSED

2021-11-23 17:16:49 - [MESSAGE][INFO] - Finding Test Object 'Object Repository/Menu/Ana_Menu'

2021-11-23 17:16:49 - [MESSAGE][INFO] - Checking timeout

2021-11-23 17:16:49 - [MESSAGE][INFO] - Finding web element with id: 'Object Repository/Menu/Ana_Menu' located by 'By.xpath: //*[@class = 'dropdown-toggle']' in '10' second(s)

2021-11-23 17:16:49 - [MESSAGE][INFO] - Smart Wait Function is triggered

2021-11-23 17:16:50 - [MESSAGE][INFO] - Found 14 web elements with id: 'Object Repository/Menu/Ana_Menu' located by 'By.xpath: //*[@class = 'dropdown-toggle']' in '10' second(s)

2021-11-23 17:16:50 - [MESSAGE][PASSED] - Method.TextDegerineEsitElementeTikla is PASSED

2021-11-23 17:16:50 - [MESSAGE][PASSED] - Call Test Case 'Test Cases/Menu/AnaMenuSecimi' successfully

2021-11-23 17:16:50 - [MESSAGE][INFO] - Checking called Test Case

2021-11-23 17:16:50 - [MESSAGE][INFO] - Starting to call Test Case 'Test Cases/Menu/BasligaGoreAltMenuSecimi'

2021-11-23 17:16:50 - [TEST_CASE][PASSED] - Test Cases/Menu/BasligaGoreAltMenuSecimi: Test Cases/Menu/BasligaGoreAltMenuSecimi

2021-11-23 17:16:50 - [TEST_STEP][PASSED] - Method.TextDegerineEsitElementinAltindakiTextDegerineEsitOlanaTikla(findTestObject("Menu/Menu_Basligi"), findTestObject("Menu/Basliga_Gore_Alt_Menu"), Baslik, Alt_Menu): Method.TextDegerineEsitElementinAltindakiTextDegerineEsitOlanaTikla is PASSED

2021-11-23 17:16:50 - [MESSAGE][INFO] - Finding Test Object 'Object Repository/Menu/Menu_Basligi'

2021-11-23 17:16:50 - [MESSAGE][INFO] - Finding Test Object 'Object Repository/Menu/Basliga_Gore_Alt_Menu'

2021-11-23 17:16:50 - [MESSAGE][INFO] - Checking timeout

2021-11-23 17:16:50 - [MESSAGE][INFO] - Finding web element with id: 'Object Repository/Menu/Menu_Basligi' located by 'By.xpath: //li[@class='dropdown dropdown-large open']//li[@class='dropdown-header']' in '10' second(s)

2021-11-23 17:16:50 - [MESSAGE][INFO] - Smart Wait Function is triggered

2021-11-23 17:16:50 - [MESSAGE][INFO] - Found 2 web elements with id: 'Object Repository/Menu/Menu_Basligi' located by 'By.xpath: //li[@class='dropdown dropdown-large open']//li[@class='dropdown-header']' in '10' second(s)

2021-11-23 17:16:50 - [MESSAGE][INFO] - Smart Wait Function is triggered

2021-11-23 17:17:01 - [MESSAGE][PASSED] - Method.TextDegerineEsitElementinAltindakiTextDegerineEsitOlanaTikla is PASSED

2021-11-23 17:17:01 - [MESSAGE][PASSED] - Call Test Case 'Test Cases/Menu/BasligaGoreAltMenuSecimi' successfully

2021-11-23 17:17:01 - [MESSAGE][INFO] - Checking called Test Case

2021-11-23 17:17:01 - [MESSAGE][INFO] - Starting to call Test Case 'Test Cases/Filtreler/FiltreVarMi'

2021-11-23 17:17:01 - [TEST_CASE][PASSED] - Test Cases/Filtreler/FiltreVarMi: Test Cases/Filtreler/FiltreVarMi

2021-11-23 17:17:01 - [TEST_STEP][PASSED] - Method.TextDegerineEsitElementVarMi(findTestObject("Filtreler/Basliklar"), Filtre_alan): Method.TextDegerineEsitElementVarMi is PASSED

2021-11-23 17:17:01 - [MESSAGE][INFO] - Finding Test Object 'Object Repository/Filtreler/Basliklar'

2021-11-23 17:17:01 - [MESSAGE][INFO] - Checking timeout

2021-11-23 17:17:01 - [MESSAGE][INFO] - Finding web element with id: 'Object Repository/Filtreler/Basliklar' located by 'By.cssSelector: .control-label.col-sm-4.paddingMarginRLC' in '10' second(s)

2021-11-23 17:17:01 - [MESSAGE][INFO] - Smart Wait Function is triggered

2021-11-23 17:17:02 - [MESSAGE][INFO] - Found 7 web elements with id: 'Object Repository/Filtreler/Basliklar' located by 'By.cssSelector: .control-label.col-sm-4.paddingMarginRLC' in '10' second(s)

2021-11-23 17:17:02 - [MESSAGE][PASSED] - Method.TextDegerineEsitElementVarMi is PASSED

2021-11-23 17:17:02 - [MESSAGE][PASSED] - Call Test Case 'Test Cases/Filtreler/FiltreVarMi' successfully

2021-11-23 17:17:02 - [MESSAGE][INFO] - Checking called Test Case

2021-11-23 17:17:02 - [MESSAGE][INFO] - Starting to call Test Case 'Test Cases/Filtreler/FiltreVarMi'

2021-11-23 17:17:02 - [TEST_CASE][PASSED] - Test Cases/Filtreler/FiltreVarMi: Test Cases/Filtreler/FiltreVarMi

2021-11-23 17:17:02 - [TEST_STEP][PASSED] - Method.TextDegerineEsitElementVarMi(findTestObject("Filtreler/Basliklar"), Filtre_alan): Method.TextDegerineEsitElementVarMi is PASSED

2021-11-23 17:17:02 - [MESSAGE][INFO] - Finding Test Object 'Object Repository/Filtreler/Basliklar'

2021-11-23 17:17:02 - [MESSAGE][INFO] - Checking timeout

2021-11-23 17:17:02 - [MESSAGE][INFO] - Finding web element with id: 'Object Repository/Filtreler/Basliklar' located by 'By.cssSelector: .control-label.col-sm-4.paddingMarginRLC' in '10' second(s)

2021-11-23 17:17:02 - [MESSAGE][INFO] - Smart Wait Function is triggered

2021-11-23 17:17:02 - [MESSAGE][INFO] - Found 7 web elements with id: 'Object Repository/Filtreler/Basliklar' located by 'By.cssSelector: .control-label.col-sm-4.paddingMarginRLC' in '10' second(s)

2021-11-23 17:17:03 - [MESSAGE][PASSED] - Method.TextDegerineEsitElementVarMi is PASSED

2021-11-23 17:17:03 - [MESSAGE][PASSED] - Call Test Case 'Test Cases/Filtreler/FiltreVarMi' successfully

2021-11-23 17:17:03 - [MESSAGE][INFO] - Checking called Test Case

2021-11-23 17:17:03 - [MESSAGE][INFO] - Starting to call Test Case 'Test Cases/Filtreler/FiltreVarMi'

2021-11-23 17:17:03 - [TEST_CASE][PASSED] - Test Cases/Filtreler/FiltreVarMi: Test Cases/Filtreler/FiltreVarMi

2021-11-23 17:17:03 - [TEST_STEP][PASSED] - Method.TextDegerineEsitElementVarMi(findTestObject("Filtreler/Basliklar"), Filtre_alan): Method.TextDegerineEsitElementVarMi is PASSED

2021-11-23 17:17:03 - [MESSAGE][INFO] - Finding Test Object 'Object Repository/Filtreler/Basliklar'

2021-11-23 17:17:03 - [MESSAGE][INFO] - Checking timeout

2021-11-23 17:17:03 - [MESSAGE][INFO] - Finding web element with id: 'Object Repository/Filtreler/Basliklar' located by 'By.cssSelector: .control-label.col-sm-4.paddingMarginRLC' in '10' second(s)

2021-11-23 17:17:03 - [MESSAGE][INFO] - Smart Wait Function is triggered

2021-11-23 17:17:03 - [MESSAGE][INFO] - Found 7 web elements with id: 'Object Repository/Filtreler/Basliklar' located by 'By.cssSelector: .control-label.col-sm-4.paddingMarginRLC' in '10' second(s)

2021-11-23 17:17:03 - [MESSAGE][PASSED] - Method.TextDegerineEsitElementVarMi is PASSED

2021-11-23 17:17:03 - [MESSAGE][PASSED] - Call Test Case 'Test Cases/Filtreler/FiltreVarMi' successfully

2021-11-23 17:17:03 - [MESSAGE][INFO] - Checking called Test Case

2021-11-23 17:17:03 - [MESSAGE][INFO] - Starting to call Test Case 'Test Cases/Filtreler/FiltreVarMi'

2021-11-23 17:17:03 - [TEST_CASE][PASSED] - Test Cases/Filtreler/FiltreVarMi: Test Cases/Filtreler/FiltreVarMi

2021-11-23 17:17:03 - [TEST_STEP][PASSED] - Method.TextDegerineEsitElementVarMi(findTestObject("Filtreler/Basliklar"), Filtre_alan): Method.TextDegerineEsitElementVarMi is PASSED

2021-11-23 17:17:03 - [MESSAGE][INFO] - Finding Test Object 'Object Repository/Filtreler/Basliklar'

2021-11-23 17:17:03 - [MESSAGE][INFO] - Checking timeout

2021-11-23 17:17:03 - [MESSAGE][INFO] - Finding web element with id: 'Object Repository/Filtreler/Basliklar' located by 'By.cssSelector: .control-label.col-sm-4.paddingMarginRLC' in '10' second(s)

2021-11-23 17:17:03 - [MESSAGE][INFO] - Smart Wait Function is triggered

2021-11-23 17:17:04 - [MESSAGE][INFO] - Found 7 web elements with id: 'Object Repository/Filtreler/Basliklar' located by 'By.cssSelector: .control-label.col-sm-4.paddingMarginRLC' in '10' second(s)

2021-11-23 17:17:04 - [MESSAGE][PASSED] - Method.TextDegerineEsitElementVarMi is PASSED

2021-11-23 17:17:04 - [MESSAGE][PASSED] - Call Test Case 'Test Cases/Filtreler/FiltreVarMi' successfully

2021-11-23 17:17:04 - [MESSAGE][INFO] - Checking called Test Case

2021-11-23 17:17:04 - [MESSAGE][INFO] - Starting to call Test Case 'Test Cases/Filtreler/FiltreVarMi'

2021-11-23 17:17:04 - [TEST_CASE][PASSED] - Test Cases/Filtreler/FiltreVarMi: Test Cases/Filtreler/FiltreVarMi

2021-11-23 17:17:04 - [TEST_STEP][PASSED] - Method.TextDegerineEsitElementVarMi(findTestObject("Filtreler/Basliklar"), Filtre_alan): Method.TextDegerineEsitElementVarMi is PASSED

2021-11-23 17:17:04 - [MESSAGE][INFO] - Finding Test Object 'Object Repository/Filtreler/Basliklar'

2021-11-23 17:17:04 - [MESSAGE][INFO] - Checking timeout

2021-11-23 17:17:04 - [MESSAGE][INFO] - Finding web element with id: 'Object Repository/Filtreler/Basliklar' located by 'By.cssSelector: .control-label.col-sm-4.paddingMarginRLC' in '10' second(s)

2021-11-23 17:17:04 - [MESSAGE][INFO] - Smart Wait Function is triggered

2021-11-23 17:17:04 - [MESSAGE][INFO] - Found 7 web elements with id: 'Object Repository/Filtreler/Basliklar' located by 'By.cssSelector: .control-label.col-sm-4.paddingMarginRLC' in '10' second(s)

2021-11-23 17:17:04 - [MESSAGE][PASSED] - Method.TextDegerineEsitElementVarMi is PASSED

2021-11-23 17:17:04 - [MESSAGE][PASSED] - Call Test Case 'Test Cases/Filtreler/FiltreVarMi' successfully

2021-11-23 17:17:04 - [MESSAGE][INFO] - Checking called Test Case

2021-11-23 17:17:04 - [MESSAGE][INFO] - Starting to call Test Case 'Test Cases/Filtreler/FiltreVarMi'

2021-11-23 17:17:04 - [TEST_CASE][PASSED] - Test Cases/Filtreler/FiltreVarMi: Test Cases/Filtreler/FiltreVarMi

2021-11-23 17:17:04 - [TEST_STEP][PASSED] - Method.TextDegerineEsitElementVarMi(findTestObject("Filtreler/Basliklar"), Filtre_alan): Method.TextDegerineEsitElementVarMi is PASSED

2021-11-23 17:17:04 - [MESSAGE][INFO] - Finding Test Object 'Object Repository/Filtreler/Basliklar'

2021-11-23 17:17:04 - [MESSAGE][INFO] - Checking timeout

2021-11-23 17:17:04 - [MESSAGE][INFO] - Finding web element with id: 'Object Repository/Filtreler/Basliklar' located by 'By.cssSelector: .control-label.col-sm-4.paddingMarginRLC' in '10' second(s)

2021-11-23 17:17:04 - [MESSAGE][INFO] - Smart Wait Function is triggered

2021-11-23 17:17:05 - [MESSAGE][INFO] - Found 7 web elements with id: 'Object Repository/Filtreler/Basliklar' located by 'By.cssSelector: .control-label.col-sm-4.paddingMarginRLC' in '10' second(s)

2021-11-23 17:17:05 - [MESSAGE][PASSED] - Method.TextDegerineEsitElementVarMi is PASSED

2021-11-23 17:17:05 - [MESSAGE][PASSED] - Call Test Case 'Test Cases/Filtreler/FiltreVarMi' successfully

2021-11-23 17:17:05 - [MESSAGE][INFO] - Checking called Test Case

2021-11-23 17:17:05 - [MESSAGE][INFO] - Starting to call Test Case 'Test Cases/Filtreler/FiltreVarMi'

2021-11-23 17:17:05 - [TEST_CASE][PASSED] - Test Cases/Filtreler/FiltreVarMi: Test Cases/Filtreler/FiltreVarMi

2021-11-23 17:17:05 - [TEST_STEP][PASSED] - Method.TextDegerineEsitElementVarMi(findTestObject("Filtreler/Basliklar"), Filtre_alan): Method.TextDegerineEsitElementVarMi is PASSED

2021-11-23 17:17:05 - [MESSAGE][INFO] - Finding Test Object 'Object Repository/Filtreler/Basliklar'

2021-11-23 17:17:05 - [MESSAGE][INFO] - Checking timeout

2021-11-23 17:17:05 - [MESSAGE][INFO] - Finding web element with id: 'Object Repository/Filtreler/Basliklar' located by 'By.cssSelector: .control-label.col-sm-4.paddingMarginRLC' in '10' second(s)

2021-11-23 17:17:05 - [MESSAGE][INFO] - Smart Wait Function is triggered

2021-11-23 17:17:05 - [MESSAGE][INFO] - Found 7 web elements with id: 'Object Repository/Filtreler/Basliklar' located by 'By.cssSelector: .control-label.col-sm-4.paddingMarginRLC' in '10' second(s)

2021-11-23 17:17:05 - [MESSAGE][PASSED] - Method.TextDegerineEsitElementVarMi is PASSED

2021-11-23 17:17:05 - [MESSAGE][PASSED] - Call Test Case 'Test Cases/Filtreler/FiltreVarMi' successfully

2021-11-23 17:17:05 - [MESSAGE][INFO] - Checking called Test Case

2021-11-23 17:17:05 - [MESSAGE][INFO] - Starting to call Test Case 'Test Cases/Filtreler/ButonVarMi'

2021-11-23 17:17:05 - [TEST_CASE][PASSED] - Test Cases/Filtreler/ButonVarMi: Test Cases/Filtreler/ButonVarMi

2021-11-23 17:17:05 - [TEST_STEP][PASSED] - Method.TextDegerineEsitElementVarMi(findTestObject("Filtreler/Butonlar"), Filtre_Buton): Method.TextDegerineEsitElementVarMi is PASSED

2021-11-23 17:17:05 - [MESSAGE][INFO] - Finding Test Object 'Object Repository/Filtreler/Butonlar'

2021-11-23 17:17:05 - [MESSAGE][INFO] - Checking timeout

2021-11-23 17:17:05 - [MESSAGE][INFO] - Finding web element with id: 'Object Repository/Filtreler/Butonlar' located by 'By.cssSelector: .dxb>span' in '10' second(s)

2021-11-23 17:17:05 - [MESSAGE][INFO] - Smart Wait Function is triggered

2021-11-23 17:17:06 - [MESSAGE][INFO] - Found 2 web elements with id: 'Object Repository/Filtreler/Butonlar' located by 'By.cssSelector: .dxb>span' in '10' second(s)

2021-11-23 17:17:06 - [MESSAGE][PASSED] - Method.TextDegerineEsitElementVarMi is PASSED

2021-11-23 17:17:06 - [MESSAGE][PASSED] - Call Test Case 'Test Cases/Filtreler/ButonVarMi' successfully

2021-11-23 17:17:06 - [MESSAGE][INFO] - Checking called Test Case

2021-11-23 17:17:06 - [MESSAGE][INFO] - Starting to call Test Case 'Test Cases/Filtreler/ButonVarMi'

2021-11-23 17:17:06 - [TEST_CASE][PASSED] - Test Cases/Filtreler/ButonVarMi: Test Cases/Filtreler/ButonVarMi

2021-11-23 17:17:06 - [TEST_STEP][PASSED] - Method.TextDegerineEsitElementVarMi(findTestObject("Filtreler/Butonlar"), Filtre_Buton): Method.TextDegerineEsitElementVarMi is PASSED

2021-11-23 17:17:06 - [MESSAGE][INFO] - Finding Test Object 'Object Repository/Filtreler/Butonlar'

2021-11-23 17:17:06 - [MESSAGE][INFO] - Checking timeout

2021-11-23 17:17:06 - [MESSAGE][INFO] - Finding web element with id: 'Object Repository/Filtreler/Butonlar' located by 'By.cssSelector: .dxb>span' in '10' second(s)

2021-11-23 17:17:06 - [MESSAGE][INFO] - Smart Wait Function is triggered

2021-11-23 17:17:06 - [MESSAGE][INFO] - Found 2 web elements with id: 'Object Repository/Filtreler/Butonlar' located by 'By.cssSelector: .dxb>span' in '10' second(s)

2021-11-23 17:17:06 - [MESSAGE][PASSED] - Method.TextDegerineEsitElementVarMi is PASSED

2021-11-23 17:17:06 - [MESSAGE][PASSED] - Call Test Case 'Test Cases/Filtreler/ButonVarMi' successfully

2021-11-23 17:17:06 - [MESSAGE][INFO] - Checking called Test Case

2021-11-23 17:17:06 - [MESSAGE][INFO] - Starting to call Test Case 'Test Cases/Kullanici_Islemleri/KullaniciIslemlerindenSecimYapilir'

2021-11-23 17:17:06 - [TEST_CASE][PASSED] - Test Cases/Kullanici_Islemleri/KullaniciIslemlerindenSecimYapilir: Test Cases/Kullanici_Islemleri/KullaniciIslemlerindenSecimYapilir

2021-11-23 17:17:06 - [TEST_STEP][PASSED] - waitForElementClickable(findTestObject("Object Repository/Kullanici_Islemleri/KullaniciIslemleri"), 10): Object 'Object Repository/Kullanici_Islemleri/KullaniciIslemleri' is clickable

2021-11-23 17:17:06 - [MESSAGE][INFO] - Finding Test Object 'Object Repository/Kullanici_Islemleri/KullaniciIslemleri'

2021-11-23 17:17:06 - [MESSAGE][INFO] - Checking object

2021-11-23 17:17:06 - [MESSAGE][INFO] - Checking timeout

2021-11-23 17:17:06 - [MESSAGE][INFO] - Finding web element from Test Object's properties

2021-11-23 17:17:06 - [MESSAGE][INFO] - Checking timeout

2021-11-23 17:17:06 - [MESSAGE][INFO] - Finding web element with id: 'Object Repository/Kullanici_Islemleri/KullaniciIslemleri' located by 'By.cssSelector: .dropdown>a>img' in '10' second(s)

2021-11-23 17:17:06 - [MESSAGE][INFO] - Smart Wait Function is triggered

2021-11-23 17:17:07 - [MESSAGE][INFO] - Found 1 web elements with id: 'Object Repository/Kullanici_Islemleri/KullaniciIslemleri' located by 'By.cssSelector: .dropdown>a>img' in '10' second(s)

2021-11-23 17:17:07 - [MESSAGE][PASSED] - Object 'Object Repository/Kullanici_Islemleri/KullaniciIslemleri' is clickable

2021-11-23 17:17:07 - [TEST_STEP][PASSED] - click(findTestObject("Object Repository/Kullanici_Islemleri/KullaniciIslemleri")): Object: 'Object Repository/Kullanici_Islemleri/KullaniciIslemleri' is clicked on

2021-11-23 17:17:07 - [MESSAGE][INFO] - Finding Test Object 'Object Repository/Kullanici_Islemleri/KullaniciIslemleri'

2021-11-23 17:17:07 - [MESSAGE][INFO] - Checking object

2021-11-23 17:17:07 - [MESSAGE][INFO] - Finding web element from Test Object's properties

2021-11-23 17:17:07 - [MESSAGE][INFO] - Checking timeout

2021-11-23 17:17:07 - [MESSAGE][INFO] - Finding web element with id: 'Object Repository/Kullanici_Islemleri/KullaniciIslemleri' located by 'By.cssSelector: .dropdown>a>img' in '30' second(s)

2021-11-23 17:17:07 - [MESSAGE][INFO] - Smart Wait Function is triggered

2021-11-23 17:17:07 - [MESSAGE][INFO] - Found 1 web elements with id: 'Object Repository/Kullanici_Islemleri/KullaniciIslemleri' located by 'By.cssSelector: .dropdown>a>img' in '30' second(s)

2021-11-23 17:17:07 - [MESSAGE][INFO] - Clicking on object: 'Object Repository/Kullanici_Islemleri/KullaniciIslemleri'

2021-11-23 17:17:07 - [MESSAGE][PASSED] - Object: 'Object Repository/Kullanici_Islemleri/KullaniciIslemleri' is clicked on

2021-11-23 17:17:07 - [TEST_STEP][PASSED] - Method.TextDegerineEsitElementeTikla(findTestObject("Object Repository/Kullanici_Islemleri/Secenekler"), Islem): Method.TextDegerineEsitElementeTikla is PASSED

2021-11-23 17:17:07 - [MESSAGE][INFO] - Finding Test Object 'Object Repository/Kullanici_Islemleri/Secenekler'

2021-11-23 17:17:08 - [MESSAGE][INFO] - Checking timeout

2021-11-23 17:17:08 - [MESSAGE][INFO] - Finding web element with id: 'Object Repository/Kullanici_Islemleri/Secenekler' located by 'By.cssSelector: .nav.navbar-nav.navbar-right li a' in '10' second(s)

2021-11-23 17:17:08 - [MESSAGE][INFO] - Smart Wait Function is triggered

2021-11-23 17:17:08 - [MESSAGE][INFO] - Found 22 web elements with id: 'Object Repository/Kullanici_Islemleri/Secenekler' located by 'By.cssSelector: .nav.navbar-nav.navbar-right li a' in '10' second(s)

2021-11-23 17:17:09 - [MESSAGE][PASSED] - Method.TextDegerineEsitElementeTikla is PASSED

2021-11-23 17:17:09 - [TEST_STEP][PASSED] - verifyElementNotPresent(findTestObject("Object Repository/Kullanici_Islemleri/Secenekler"), 10): Web element with id: 'Object Repository/Kullanici_Islemleri/Secenekler' located by 'By.cssSelector: .nav.navbar-nav.navbar-right li a' is not present after '10' second(s)

2021-11-23 17:17:09 - [MESSAGE][INFO] - Finding Test Object 'Object Repository/Kullanici_Islemleri/Secenekler'

2021-11-23 17:17:09 - [MESSAGE][INFO] - Checking object

2021-11-23 17:17:09 - [MESSAGE][INFO] - Checking timeout

2021-11-23 17:17:09 - [MESSAGE][INFO] - Finding web element with id: 'Object Repository/Kullanici_Islemleri/Secenekler' located by 'By.cssSelector: .nav.navbar-nav.navbar-right li a' in '10' second(s)

2021-11-23 17:17:09 - [MESSAGE][INFO] - Smart Wait Function is triggered

2021-11-23 17:17:10 - [MESSAGE][PASSED] - Web element with id: 'Object Repository/Kullanici_Islemleri/Secenekler' located by 'By.cssSelector: .nav.navbar-nav.navbar-right li a' is not present after '10' second(s)

2021-11-23 17:17:10 - [MESSAGE][PASSED] - Call Test Case 'Test Cases/Kullanici_Islemleri/KullaniciIslemlerindenSecimYapilir' successfully

2021-11-23 17:17:10 - [TEST_CASE][PASSED] - Start Test Case : SCENARIO Tasarim Araclari Tasarim Filtre Kontrolu: SCENARIO Tasarim Araclari Tasarim Filtre Kontrolu

2021-11-23 17:17:10 - [TEST_STEP][PASSED] - Kullanıcı adı ELOGO6 ve Şifre 123456 olarak giriş yapılır: Kullanıcı adı ELOGO6 ve Şifre 123456 olarak giriş yapılır

2021-11-23 17:17:10 - [MESSAGE][PASSED] - Kullanıcı adı ELOGO6 ve Şifre 123456 olarak giriş yapılır

2021-11-23 17:17:10 - [TEST_STEP][PASSED] - Ana menüden Ayarlar seçilir: Ana menüden Ayarlar seçilir

2021-11-23 17:17:10 - [MESSAGE][PASSED] - Ana menüden Ayarlar seçilir

2021-11-23 17:17:10 - [TEST_STEP][PASSED] - Alt menü Görsel Tasarımlar başlığı altındaki Tasarım Araçları seçilir: Alt menü Görsel Tasarımlar başlığı altındaki Tasarım Araçları seçilir

2021-11-23 17:17:10 - [MESSAGE][PASSED] - Alt menü Görsel Tasarımlar başlığı altındaki Tasarım Araçları seçilir

2021-11-23 17:17:10 - [TEST_STEP][PASSED] - Filtre alanlarında Tasarım Türü var mı: Filtre alanlarında Tasarım Türü var mı

2021-11-23 17:17:10 - [MESSAGE][PASSED] - Filtre alanlarında Tasarım Türü var mı

2021-11-23 17:17:10 - [TEST_STEP][PASSED] - Filtre alanlarında Değiştirilebilir var mı: Filtre alanlarında Değiştirilebilir var mı

2021-11-23 17:17:10 - [MESSAGE][PASSED] - Filtre alanlarında Değiştirilebilir var mı

2021-11-23 17:17:10 - [TEST_STEP][PASSED] - Filtre alanlarında Ön Değer var mı: Filtre alanlarında Ön Değer var mı

2021-11-23 17:17:10 - [MESSAGE][PASSED] - Filtre alanlarında Ön Değer var mı

2021-11-23 17:17:10 - [TEST_STEP][PASSED] - Filtre alanlarında Oluşturma Zamanı var mı: Filtre alanlarında Oluşturma Zamanı var mı

2021-11-23 17:17:10 - [MESSAGE][PASSED] - Filtre alanlarında Oluşturma Zamanı var mı

2021-11-23 17:17:10 - [TEST_STEP][PASSED] - Filtre alanlarında Değiştirme Zamanı var mı: Filtre alanlarında Değiştirme Zamanı var mı

2021-11-23 17:17:10 - [MESSAGE][PASSED] - Filtre alanlarında Değiştirme Zamanı var mı

2021-11-23 17:17:10 - [TEST_STEP][PASSED] - Filtre alanlarında Açıklama var mı: Filtre alanlarında Açıklama var mı

2021-11-23 17:17:10 - [MESSAGE][PASSED] - Filtre alanlarında Açıklama var mı

2021-11-23 17:17:10 - [TEST_STEP][PASSED] - Filtre alanlarında ETTN var mı: Filtre alanlarında ETTN var mı

2021-11-23 17:17:10 - [MESSAGE][PASSED] - Filtre alanlarında ETTN var mı

2021-11-23 17:17:10 - [TEST_STEP][PASSED] - Filtre butonlarında Listele var mı: Filtre butonlarında Listele var mı

2021-11-23 17:17:10 - [MESSAGE][PASSED] - Filtre butonlarında Listele var mı

2021-11-23 17:17:10 - [TEST_STEP][PASSED] - Filtre butonlarında Temizle var mı: Filtre butonlarında Temizle var mı

2021-11-23 17:17:10 - [MESSAGE][PASSED] - Filtre butonlarında Temizle var mı

2021-11-23 17:17:10 - [TEST_STEP][PASSED] - Kullanıcı işlemlerinden Çıkış seçilir: Kullanıcı işlemlerinden Çıkış seçilir

2021-11-23 17:17:10 - [MESSAGE][PASSED] - Kullanıcı işlemlerinden Çıkış seçilir

2021-11-23 17:17:10 - [MESSAGE][PASSED] - Feature file: 'Include/features/Ayarlar/Gorsel Tasarimlar/Tasarim Araclari/Filtre Kontrolu.feature' was passed

2021-11-23 17:17:10 - [TEST_STEP][PASSED] - Start listener action : sampleAfterTestSuite: Invoke 'com.kms.katalon.core.annotation.AfterTestCase' method: 'Listener.sampleAfterTestSuite(...)' completed.

2021-11-23 17:17:10 - [MESSAGE][INFO] - Starting invoke 'com.kms.katalon.core.annotation.AfterTestCase' method: 'Listener.sampleAfterTestSuite(...)'

2021-11-23 17:17:10 - [TEST_STEP][PASSED] - closeBrowser(): Invoke 'com.kms.katalon.core.annotation.AfterTestCase' method: 'Listener.sampleAfterTestSuite(...)' completed.

2021-11-23 17:17:10 - [MESSAGE][INFO] - Closing browser

2021-11-23 17:17:11 - [MESSAGE][PASSED] - Browser is closed

2021-11-23 17:17:11 - [MESSAGE][INFO] - Invoke 'com.kms.katalon.core.annotation.AfterTestCase' method: 'Listener.sampleAfterTestSuite(...)' completed.]]></system-out>
         <system-err><![CDATA[]]></system-err>
      </testcase>
      <testcase name="Test Cases/Case Repository/Ayarlar/Gorsel Tasarim/Tasarim Araclari/Guncelle" time="66.941" classname="Test Cases/Case Repository/Ayarlar/Gorsel Tasarim/Tasarim Araclari/Guncelle" status="PASSED">
         <system-out><![CDATA[2021-11-23 17:17:11 - [TEST_CASE][PASSED] - Test Cases/Case Repository/Ayarlar/Gorsel Tasarim/Tasarim Araclari/Guncelle: Test Cases/Case Repository/Ayarlar/Gorsel Tasarim/Tasarim Araclari/Guncelle

2021-11-23 17:17:11 - [TEST_STEP][PASSED] - Start listener action : sampleBeforeTestSuite: Invoke 'com.kms.katalon.core.annotation.BeforeTestCase' method: 'Listener.sampleBeforeTestSuite(...)' completed.

2021-11-23 17:17:11 - [MESSAGE][INFO] - Starting invoke 'com.kms.katalon.core.annotation.BeforeTestCase' method: 'Listener.sampleBeforeTestSuite(...)'

2021-11-23 17:17:11 - [TEST_STEP][PASSED] - openBrowser(baseUrl): Browser is opened with url: 'https://efatura-stage.elogo.com.tr/'

2021-11-23 17:17:11 - [MESSAGE][INFO] - Opening browser

2021-11-23 17:17:11 - [MESSAGE][INFO] - Starting 'Chrome' driver

2021-11-23 17:17:11 - [MESSAGE][INFO] - User set preference: ['prefs', '{download.default_directory=C:\otomasyondownfiles}']

2021-11-23 17:17:11 - [MESSAGE][INFO] - Action delay is set to 0 milliseconds

2021-11-23 17:17:12 - [MESSAGE][INFO] - Navigating browser to: 'https://efatura-stage.elogo.com.tr/'

2021-11-23 17:17:14 - [MESSAGE][PASSED] - Browser is opened with url: 'https://efatura-stage.elogo.com.tr/'

2021-11-23 17:17:14 - [TEST_STEP][PASSED] - maximizeWindow(): Invoke 'com.kms.katalon.core.annotation.BeforeTestCase' method: 'Listener.sampleBeforeTestSuite(...)' completed.

2021-11-23 17:17:14 - [MESSAGE][INFO] - Maximizing current window

2021-11-23 17:17:15 - [MESSAGE][PASSED] - Current window maximized

2021-11-23 17:17:15 - [MESSAGE][INFO] - Invoke 'com.kms.katalon.core.annotation.BeforeTestCase' method: 'Listener.sampleBeforeTestSuite(...)' completed.

2021-11-23 17:17:15 - [TEST_STEP][PASSED] - runFeatureFile("Include/features/Ayarlar/Gorsel Tasarimlar/Tasarim Araclari/Guncelle.feature"): Feature file: 'Include/features/Ayarlar/Gorsel Tasarimlar/Tasarim Araclari/Guncelle.feature' was passed

2021-11-23 17:17:15 - [MESSAGE][INFO] - Starting run keyword runFeatureFile: 'Include/features/Ayarlar/Gorsel Tasarimlar/Tasarim Araclari/Guncelle.feature' and extract report to folder: 'C:\Users\DELL\Documents\GitHub\EES_KatalonLogo\Reports\20211123_163326\Suite Repository\Ayarlar\20211123_163427/cucumber_report/1637677035501'...

2021-11-23 17:17:15 - [MESSAGE][INFO] - Glue: []

2021-11-23 17:17:17 - [MESSAGE][INFO] - Checking called Test Case

2021-11-23 17:17:17 - [MESSAGE][INFO] - Starting to call Test Case 'Test Cases/Sayfalar/Giris_Sayfasi/Login'

2021-11-23 17:17:17 - [TEST_CASE][PASSED] - Test Cases/Sayfalar/Giris_Sayfasi/Login: Test Cases/Sayfalar/Giris_Sayfasi/Login

2021-11-23 17:17:17 - [TEST_STEP][PASSED] - Sayfa_Basligi = getWindowTitle(): Current window's title is: 'LOGO e-Fatura'

2021-11-23 17:17:17 - [MESSAGE][INFO] - Getting current window's title

2021-11-23 17:17:17 - [MESSAGE][PASSED] - Current window's title is: 'LOGO e-Fatura'

2021-11-23 17:17:17 - [TEST_STEP][PASSED] - verifyMatch(Sayfa_Basligi, "LOGO e-Fatura", false): Actual text 'LOGO e-Fatura' and expected text 'LOGO e-Fatura' are matched 

2021-11-23 17:17:17 - [MESSAGE][INFO] - Matching actual text 'LOGO e-Fatura' with expected text 'LOGO e-Fatura'

2021-11-23 17:17:17 - [MESSAGE][PASSED] - Actual text 'LOGO e-Fatura' and expected text 'LOGO e-Fatura' are matched 

2021-11-23 17:17:17 - [TEST_STEP][PASSED] - sendKeys(findTestObject("Sayfalar/Giris_Sayfasi/Firma_Kodu"), KullaniciAdi): Keys 'ELOGO6' sent to object: 'Object Repository/Sayfalar/Giris_Sayfasi/Firma_Kodu'

2021-11-23 17:17:17 - [MESSAGE][INFO] - Finding Test Object 'Object Repository/Sayfalar/Giris_Sayfasi/Firma_Kodu'

2021-11-23 17:17:17 - [MESSAGE][INFO] - Sending keys 'ELOGO6' to object: 'Object Repository/Sayfalar/Giris_Sayfasi/Firma_Kodu'

2021-11-23 17:17:17 - [MESSAGE][INFO] - Finding web element from Test Object's properties

2021-11-23 17:17:17 - [MESSAGE][INFO] - Checking timeout

2021-11-23 17:17:17 - [MESSAGE][INFO] - Finding web element with id: 'Object Repository/Sayfalar/Giris_Sayfasi/Firma_Kodu' located by 'By.xpath: //*[@id = 'AccountName']' in '30' second(s)

2021-11-23 17:17:17 - [MESSAGE][INFO] - Smart Wait Function is triggered

2021-11-23 17:17:17 - [MESSAGE][INFO] - Found 1 web elements with id: 'Object Repository/Sayfalar/Giris_Sayfasi/Firma_Kodu' located by 'By.xpath: //*[@id = 'AccountName']' in '30' second(s)

2021-11-23 17:17:17 - [MESSAGE][PASSED] - Keys 'ELOGO6' sent to object: 'Object Repository/Sayfalar/Giris_Sayfasi/Firma_Kodu'

2021-11-23 17:17:17 - [TEST_STEP][PASSED] - sendKeys(findTestObject("Sayfalar/Giris_Sayfasi/Sifre"), Sifre): Keys '123456' sent to object: 'Object Repository/Sayfalar/Giris_Sayfasi/Sifre'

2021-11-23 17:17:17 - [MESSAGE][INFO] - Finding Test Object 'Object Repository/Sayfalar/Giris_Sayfasi/Sifre'

2021-11-23 17:17:17 - [MESSAGE][INFO] - Sending keys '123456' to object: 'Object Repository/Sayfalar/Giris_Sayfasi/Sifre'

2021-11-23 17:17:17 - [MESSAGE][INFO] - Finding web element from Test Object's properties

2021-11-23 17:17:17 - [MESSAGE][INFO] - Checking timeout

2021-11-23 17:17:17 - [MESSAGE][INFO] - Finding web element with id: 'Object Repository/Sayfalar/Giris_Sayfasi/Sifre' located by 'By.xpath: //*[@id = 'Password']' in '30' second(s)

2021-11-23 17:17:17 - [MESSAGE][INFO] - Smart Wait Function is triggered

2021-11-23 17:17:18 - [MESSAGE][INFO] - Found 1 web elements with id: 'Object Repository/Sayfalar/Giris_Sayfasi/Sifre' located by 'By.xpath: //*[@id = 'Password']' in '30' second(s)

2021-11-23 17:17:18 - [MESSAGE][PASSED] - Keys '123456' sent to object: 'Object Repository/Sayfalar/Giris_Sayfasi/Sifre'

2021-11-23 17:17:18 - [TEST_STEP][PASSED] - findWebElement(findTestObject("Sayfalar/Giris_Sayfasi/Giris_Butonu")).click(): Found 1 web elements with id: 'Object Repository/Sayfalar/Giris_Sayfasi/Giris_Butonu' located by 'By.cssSelector: #btnLogin' in '30' second(s)

2021-11-23 17:17:18 - [MESSAGE][INFO] - Finding Test Object 'Object Repository/Sayfalar/Giris_Sayfasi/Giris_Butonu'

2021-11-23 17:17:18 - [MESSAGE][INFO] - Finding web element from Test Object's properties

2021-11-23 17:17:18 - [MESSAGE][INFO] - Checking timeout

2021-11-23 17:17:18 - [MESSAGE][INFO] - Finding web element with id: 'Object Repository/Sayfalar/Giris_Sayfasi/Giris_Butonu' located by 'By.cssSelector: #btnLogin' in '30' second(s)

2021-11-23 17:17:18 - [MESSAGE][INFO] - Smart Wait Function is triggered

2021-11-23 17:17:18 - [MESSAGE][INFO] - Found 1 web elements with id: 'Object Repository/Sayfalar/Giris_Sayfasi/Giris_Butonu' located by 'By.cssSelector: #btnLogin' in '30' second(s)

2021-11-23 17:17:21 - [TEST_STEP][PASSED] - if (verifyElementPresent(findTestObject("Object Repository/Sayfalar/Giris_Sayfasi/RetveTamam_Butonu"), 5, OPTIONAL)): null

2021-11-23 17:17:21 - [MESSAGE][INFO] - Finding Test Object 'Object Repository/Sayfalar/Giris_Sayfasi/RetveTamam_Butonu'

2021-11-23 17:17:21 - [MESSAGE][INFO] - Checking object

2021-11-23 17:17:21 - [MESSAGE][INFO] - Finding web element from Test Object's properties

2021-11-23 17:17:21 - [MESSAGE][INFO] - Checking timeout

2021-11-23 17:17:21 - [MESSAGE][INFO] - Finding web element with id: 'Object Repository/Sayfalar/Giris_Sayfasi/RetveTamam_Butonu' located by 'By.xpath: //*[@class = 'btn btn-default']' in '5' second(s)

2021-11-23 17:17:21 - [MESSAGE][INFO] - Smart Wait Function is triggered

2021-11-23 17:17:21 - [MESSAGE][INFO] - Found 1 web elements with id: 'Object Repository/Sayfalar/Giris_Sayfasi/RetveTamam_Butonu' located by 'By.xpath: //*[@class = 'btn btn-default']' in '5' second(s)

2021-11-23 17:17:21 - [MESSAGE][PASSED] - Object 'Object Repository/Sayfalar/Giris_Sayfasi/RetveTamam_Butonu' is present

2021-11-23 17:17:21 - [TEST_STEP][PASSED] - click(findTestObject("Object Repository/Sayfalar/Giris_Sayfasi/RetveTamam_Butonu")): Object: 'Object Repository/Sayfalar/Giris_Sayfasi/RetveTamam_Butonu' is clicked on

2021-11-23 17:17:21 - [MESSAGE][INFO] - Finding Test Object 'Object Repository/Sayfalar/Giris_Sayfasi/RetveTamam_Butonu'

2021-11-23 17:17:21 - [MESSAGE][INFO] - Checking object

2021-11-23 17:17:21 - [MESSAGE][INFO] - Finding web element from Test Object's properties

2021-11-23 17:17:21 - [MESSAGE][INFO] - Checking timeout

2021-11-23 17:17:21 - [MESSAGE][INFO] - Finding web element with id: 'Object Repository/Sayfalar/Giris_Sayfasi/RetveTamam_Butonu' located by 'By.xpath: //*[@class = 'btn btn-default']' in '30' second(s)

2021-11-23 17:17:21 - [MESSAGE][INFO] - Smart Wait Function is triggered

2021-11-23 17:17:22 - [MESSAGE][INFO] - Found 1 web elements with id: 'Object Repository/Sayfalar/Giris_Sayfasi/RetveTamam_Butonu' located by 'By.xpath: //*[@class = 'btn btn-default']' in '30' second(s)

2021-11-23 17:17:22 - [MESSAGE][INFO] - Clicking on object: 'Object Repository/Sayfalar/Giris_Sayfasi/RetveTamam_Butonu'

2021-11-23 17:17:22 - [MESSAGE][PASSED] - Object: 'Object Repository/Sayfalar/Giris_Sayfasi/RetveTamam_Butonu' is clicked on

2021-11-23 17:17:22 - [TEST_STEP][PASSED] - click(findTestObject("Object Repository/Sayfalar/Giris_Sayfasi/RetveTamam_Butonu")): Object: 'Object Repository/Sayfalar/Giris_Sayfasi/RetveTamam_Butonu' is clicked on

2021-11-23 17:17:22 - [MESSAGE][INFO] - Finding Test Object 'Object Repository/Sayfalar/Giris_Sayfasi/RetveTamam_Butonu'

2021-11-23 17:17:22 - [MESSAGE][INFO] - Checking object

2021-11-23 17:17:22 - [MESSAGE][INFO] - Finding web element from Test Object's properties

2021-11-23 17:17:22 - [MESSAGE][INFO] - Checking timeout

2021-11-23 17:17:22 - [MESSAGE][INFO] - Finding web element with id: 'Object Repository/Sayfalar/Giris_Sayfasi/RetveTamam_Butonu' located by 'By.xpath: //*[@class = 'btn btn-default']' in '30' second(s)

2021-11-23 17:17:22 - [MESSAGE][INFO] - Smart Wait Function is triggered

2021-11-23 17:17:25 - [MESSAGE][INFO] - Found 1 web elements with id: 'Object Repository/Sayfalar/Giris_Sayfasi/RetveTamam_Butonu' located by 'By.xpath: //*[@class = 'btn btn-default']' in '30' second(s)

2021-11-23 17:17:25 - [MESSAGE][INFO] - Clicking on object: 'Object Repository/Sayfalar/Giris_Sayfasi/RetveTamam_Butonu'

2021-11-23 17:17:25 - [MESSAGE][PASSED] - Object: 'Object Repository/Sayfalar/Giris_Sayfasi/RetveTamam_Butonu' is clicked on

2021-11-23 17:17:25 - [TEST_STEP][PASSED] - if (verifyElementPresent(findTestObject("Sayfalar/Giris_Sayfasi/PopupOK"), 5, OPTIONAL)): null

2021-11-23 17:17:25 - [MESSAGE][INFO] - Finding Test Object 'Object Repository/Sayfalar/Giris_Sayfasi/PopupOK'

2021-11-23 17:17:25 - [MESSAGE][INFO] - Checking object

2021-11-23 17:17:25 - [MESSAGE][INFO] - Finding web element from Test Object's properties

2021-11-23 17:17:25 - [MESSAGE][INFO] - Checking timeout

2021-11-23 17:17:25 - [MESSAGE][INFO] - Finding web element with id: 'Object Repository/Sayfalar/Giris_Sayfasi/PopupOK' located by 'By.cssSelector: .btn.btn-success' in '5' second(s)

2021-11-23 17:17:25 - [MESSAGE][INFO] - Smart Wait Function is triggered

2021-11-23 17:17:26 - [MESSAGE][INFO] - Found 1 web elements with id: 'Object Repository/Sayfalar/Giris_Sayfasi/PopupOK' located by 'By.cssSelector: .btn.btn-success' in '5' second(s)

2021-11-23 17:17:26 - [MESSAGE][PASSED] - Object 'Object Repository/Sayfalar/Giris_Sayfasi/PopupOK' is present

2021-11-23 17:17:26 - [TEST_STEP][PASSED] - click(findTestObject("Object Repository/Sayfalar/Giris_Sayfasi/PopupCarpiGiris")): Object: 'Object Repository/Sayfalar/Giris_Sayfasi/PopupCarpiGiris' is clicked on

2021-11-23 17:17:26 - [MESSAGE][INFO] - Finding Test Object 'Object Repository/Sayfalar/Giris_Sayfasi/PopupCarpiGiris'

2021-11-23 17:17:26 - [MESSAGE][INFO] - Checking object

2021-11-23 17:17:26 - [MESSAGE][INFO] - Finding web element from Test Object's properties

2021-11-23 17:17:26 - [MESSAGE][INFO] - Checking timeout

2021-11-23 17:17:26 - [MESSAGE][INFO] - Finding web element with id: 'Object Repository/Sayfalar/Giris_Sayfasi/PopupCarpiGiris' located by 'By.cssSelector: .bootbox-close-button.close' in '30' second(s)

2021-11-23 17:17:26 - [MESSAGE][INFO] - Smart Wait Function is triggered

2021-11-23 17:17:26 - [MESSAGE][INFO] - Found 1 web elements with id: 'Object Repository/Sayfalar/Giris_Sayfasi/PopupCarpiGiris' located by 'By.cssSelector: .bootbox-close-button.close' in '30' second(s)

2021-11-23 17:17:26 - [MESSAGE][INFO] - Clicking on object: 'Object Repository/Sayfalar/Giris_Sayfasi/PopupCarpiGiris'

2021-11-23 17:17:26 - [MESSAGE][PASSED] - Object: 'Object Repository/Sayfalar/Giris_Sayfasi/PopupCarpiGiris' is clicked on

2021-11-23 17:17:26 - [TEST_STEP][PASSED] - verifyElementVisible(findTestObject("Object Repository/Kullanici_Islemleri/KullaniciIslemleri")): Object 'Object Repository/Kullanici_Islemleri/KullaniciIslemleri' is visible

2021-11-23 17:17:26 - [MESSAGE][INFO] - Finding Test Object 'Object Repository/Kullanici_Islemleri/KullaniciIslemleri'

2021-11-23 17:17:26 - [MESSAGE][INFO] - Checking object

2021-11-23 17:17:26 - [MESSAGE][INFO] - Finding web element from Test Object's properties

2021-11-23 17:17:26 - [MESSAGE][INFO] - Checking timeout

2021-11-23 17:17:26 - [MESSAGE][INFO] - Finding web element with id: 'Object Repository/Kullanici_Islemleri/KullaniciIslemleri' located by 'By.cssSelector: .dropdown>a>img' in '30' second(s)

2021-11-23 17:17:26 - [MESSAGE][INFO] - Smart Wait Function is triggered

2021-11-23 17:17:27 - [MESSAGE][INFO] - Found 1 web elements with id: 'Object Repository/Kullanici_Islemleri/KullaniciIslemleri' located by 'By.cssSelector: .dropdown>a>img' in '30' second(s)

2021-11-23 17:17:27 - [MESSAGE][PASSED] - Object 'Object Repository/Kullanici_Islemleri/KullaniciIslemleri' is visible

2021-11-23 17:17:27 - [MESSAGE][PASSED] - Call Test Case 'Test Cases/Sayfalar/Giris_Sayfasi/Login' successfully

2021-11-23 17:17:27 - [MESSAGE][INFO] - Checking called Test Case

2021-11-23 17:17:27 - [MESSAGE][INFO] - Starting to call Test Case 'Test Cases/Menu/AnaMenuSecimi'

2021-11-23 17:17:27 - [TEST_CASE][PASSED] - Test Cases/Menu/AnaMenuSecimi: Test Cases/Menu/AnaMenuSecimi

2021-11-23 17:17:27 - [TEST_STEP][PASSED] - Method.TextDegerineEsitElementeTikla(findTestObject("Menu/Ana_Menu"), Ana_Menu): Method.TextDegerineEsitElementeTikla is PASSED

2021-11-23 17:17:27 - [MESSAGE][INFO] - Finding Test Object 'Object Repository/Menu/Ana_Menu'

2021-11-23 17:17:27 - [MESSAGE][INFO] - Checking timeout

2021-11-23 17:17:27 - [MESSAGE][INFO] - Finding web element with id: 'Object Repository/Menu/Ana_Menu' located by 'By.xpath: //*[@class = 'dropdown-toggle']' in '10' second(s)

2021-11-23 17:17:27 - [MESSAGE][INFO] - Smart Wait Function is triggered

2021-11-23 17:17:27 - [MESSAGE][INFO] - Found 14 web elements with id: 'Object Repository/Menu/Ana_Menu' located by 'By.xpath: //*[@class = 'dropdown-toggle']' in '10' second(s)

2021-11-23 17:17:28 - [MESSAGE][PASSED] - Method.TextDegerineEsitElementeTikla is PASSED

2021-11-23 17:17:28 - [MESSAGE][PASSED] - Call Test Case 'Test Cases/Menu/AnaMenuSecimi' successfully

2021-11-23 17:17:28 - [MESSAGE][INFO] - Checking called Test Case

2021-11-23 17:17:28 - [MESSAGE][INFO] - Starting to call Test Case 'Test Cases/Menu/BasligaGoreAltMenuSecimi'

2021-11-23 17:17:28 - [TEST_CASE][PASSED] - Test Cases/Menu/BasligaGoreAltMenuSecimi: Test Cases/Menu/BasligaGoreAltMenuSecimi

2021-11-23 17:17:28 - [TEST_STEP][PASSED] - Method.TextDegerineEsitElementinAltindakiTextDegerineEsitOlanaTikla(findTestObject("Menu/Menu_Basligi"), findTestObject("Menu/Basliga_Gore_Alt_Menu"), Baslik, Alt_Menu): Method.TextDegerineEsitElementinAltindakiTextDegerineEsitOlanaTikla is PASSED

2021-11-23 17:17:28 - [MESSAGE][INFO] - Finding Test Object 'Object Repository/Menu/Menu_Basligi'

2021-11-23 17:17:28 - [MESSAGE][INFO] - Finding Test Object 'Object Repository/Menu/Basliga_Gore_Alt_Menu'

2021-11-23 17:17:28 - [MESSAGE][INFO] - Checking timeout

2021-11-23 17:17:28 - [MESSAGE][INFO] - Finding web element with id: 'Object Repository/Menu/Menu_Basligi' located by 'By.xpath: //li[@class='dropdown dropdown-large open']//li[@class='dropdown-header']' in '10' second(s)

2021-11-23 17:17:28 - [MESSAGE][INFO] - Smart Wait Function is triggered

2021-11-23 17:17:28 - [MESSAGE][INFO] - Found 2 web elements with id: 'Object Repository/Menu/Menu_Basligi' located by 'By.xpath: //li[@class='dropdown dropdown-large open']//li[@class='dropdown-header']' in '10' second(s)

2021-11-23 17:17:28 - [MESSAGE][INFO] - Smart Wait Function is triggered

2021-11-23 17:17:39 - [MESSAGE][PASSED] - Method.TextDegerineEsitElementinAltindakiTextDegerineEsitOlanaTikla is PASSED

2021-11-23 17:17:39 - [MESSAGE][PASSED] - Call Test Case 'Test Cases/Menu/BasligaGoreAltMenuSecimi' successfully

2021-11-23 17:17:39 - [MESSAGE][INFO] - Checking called Test Case

2021-11-23 17:17:39 - [MESSAGE][INFO] - Starting to call Test Case 'Test Cases/Filtreler/BaslangicYaz'

2021-11-23 17:17:39 - [TEST_CASE][PASSED] - Test Cases/Filtreler/BaslangicYaz: Test Cases/Filtreler/BaslangicYaz

2021-11-23 17:17:40 - [TEST_STEP][PASSED] - delay(3): Delayed 3 second(s)

2021-11-23 17:17:40 - [MESSAGE][INFO] - Delaying browser in 3 second(s)

2021-11-23 17:17:43 - [MESSAGE][PASSED] - Delayed 3 second(s)

2021-11-23 17:17:43 - [TEST_STEP][PASSED] - Method.TextDegerineEsitElementinAltindakineTikla(findTestObject("Filtreler/Basliklar"), findTestObject("Filtreler/Basliga_Gore_Baslangic_Image"), Filtre_Adi): Method.TextDegerineEsitElementinAltindakineTikla is PASSED

2021-11-23 17:17:43 - [MESSAGE][INFO] - Finding Test Object 'Object Repository/Filtreler/Basliklar'

2021-11-23 17:17:43 - [MESSAGE][INFO] - Finding Test Object 'Object Repository/Filtreler/Basliga_Gore_Baslangic_Image'

2021-11-23 17:17:43 - [MESSAGE][INFO] - Checking timeout

2021-11-23 17:17:43 - [MESSAGE][INFO] - Finding web element with id: 'Object Repository/Filtreler/Basliklar' located by 'By.cssSelector: .control-label.col-sm-4.paddingMarginRLC' in '10' second(s)

2021-11-23 17:17:43 - [MESSAGE][INFO] - Smart Wait Function is triggered

2021-11-23 17:17:43 - [MESSAGE][INFO] - Found 7 web elements with id: 'Object Repository/Filtreler/Basliklar' located by 'By.cssSelector: .control-label.col-sm-4.paddingMarginRLC' in '10' second(s)

2021-11-23 17:17:43 - [MESSAGE][INFO] - Smart Wait Function is triggered

2021-11-23 17:17:44 - [MESSAGE][PASSED] - Method.TextDegerineEsitElementinAltindakineTikla is PASSED

2021-11-23 17:17:44 - [TEST_STEP][PASSED] - Method.TextDegerineEsitElementinAltindakiTextboxtaYaz(findTestObject("Filtreler/Basliklar"), findTestObject("Filtreler/Basliga_Gore_Baslangic"), Filtre_Adi, Filtre_Degeri): Method.TextDegerineEsitElementinAltindakiTextboxtaYaz is PASSED

2021-11-23 17:17:44 - [MESSAGE][INFO] - Finding Test Object 'Object Repository/Filtreler/Basliklar'

2021-11-23 17:17:44 - [MESSAGE][INFO] - Finding Test Object 'Object Repository/Filtreler/Basliga_Gore_Baslangic'

2021-11-23 17:17:44 - [MESSAGE][INFO] - Checking timeout

2021-11-23 17:17:44 - [MESSAGE][INFO] - Finding web element with id: 'Object Repository/Filtreler/Basliklar' located by 'By.cssSelector: .control-label.col-sm-4.paddingMarginRLC' in '10' second(s)

2021-11-23 17:17:44 - [MESSAGE][INFO] - Smart Wait Function is triggered

2021-11-23 17:17:44 - [MESSAGE][INFO] - Found 7 web elements with id: 'Object Repository/Filtreler/Basliklar' located by 'By.cssSelector: .control-label.col-sm-4.paddingMarginRLC' in '10' second(s)

2021-11-23 17:17:44 - [MESSAGE][INFO] - Smart Wait Function is triggered

2021-11-23 17:17:45 - [MESSAGE][PASSED] - Method.TextDegerineEsitElementinAltindakiTextboxtaYaz is PASSED

2021-11-23 17:17:45 - [MESSAGE][PASSED] - Call Test Case 'Test Cases/Filtreler/BaslangicYaz' successfully

2021-11-23 17:17:45 - [MESSAGE][INFO] - Checking called Test Case

2021-11-23 17:17:45 - [MESSAGE][INFO] - Starting to call Test Case 'Test Cases/Filtreler/BitisYaz'

2021-11-23 17:17:45 - [TEST_CASE][PASSED] - Test Cases/Filtreler/BitisYaz: Test Cases/Filtreler/BitisYaz

2021-11-23 17:17:45 - [TEST_STEP][PASSED] - Method.TextDegerineEsitElementinAltindakineTikla(findTestObject("Filtreler/Basliklar"), findTestObject("Filtreler/Basliga_Gore_Bitis_Image"), Filtre_Adi): Method.TextDegerineEsitElementinAltindakineTikla is PASSED

2021-11-23 17:17:45 - [MESSAGE][INFO] - Finding Test Object 'Object Repository/Filtreler/Basliklar'

2021-11-23 17:17:45 - [MESSAGE][INFO] - Finding Test Object 'Object Repository/Filtreler/Basliga_Gore_Bitis_Image'

2021-11-23 17:17:45 - [MESSAGE][INFO] - Checking timeout

2021-11-23 17:17:45 - [MESSAGE][INFO] - Finding web element with id: 'Object Repository/Filtreler/Basliklar' located by 'By.cssSelector: .control-label.col-sm-4.paddingMarginRLC' in '10' second(s)

2021-11-23 17:17:45 - [MESSAGE][INFO] - Smart Wait Function is triggered

2021-11-23 17:17:46 - [MESSAGE][INFO] - Found 7 web elements with id: 'Object Repository/Filtreler/Basliklar' located by 'By.cssSelector: .control-label.col-sm-4.paddingMarginRLC' in '10' second(s)

2021-11-23 17:17:46 - [MESSAGE][INFO] - Smart Wait Function is triggered

2021-11-23 17:17:46 - [MESSAGE][PASSED] - Method.TextDegerineEsitElementinAltindakineTikla is PASSED

2021-11-23 17:17:46 - [TEST_STEP][PASSED] - Method.TextDegerineEsitElementinAltindakiTextboxtaYaz(findTestObject("Filtreler/Basliklar"), findTestObject("Object Repository/Filtreler/Basliga_Gore_Bitis"), Filtre_Adi, Filtre_Degeri): Method.TextDegerineEsitElementinAltindakiTextboxtaYaz is PASSED

2021-11-23 17:17:46 - [MESSAGE][INFO] - Finding Test Object 'Object Repository/Filtreler/Basliklar'

2021-11-23 17:17:46 - [MESSAGE][INFO] - Finding Test Object 'Object Repository/Filtreler/Basliga_Gore_Bitis'

2021-11-23 17:17:46 - [MESSAGE][INFO] - Checking timeout

2021-11-23 17:17:46 - [MESSAGE][INFO] - Finding web element with id: 'Object Repository/Filtreler/Basliklar' located by 'By.cssSelector: .control-label.col-sm-4.paddingMarginRLC' in '10' second(s)

2021-11-23 17:17:46 - [MESSAGE][INFO] - Smart Wait Function is triggered

2021-11-23 17:17:47 - [MESSAGE][INFO] - Found 7 web elements with id: 'Object Repository/Filtreler/Basliklar' located by 'By.cssSelector: .control-label.col-sm-4.paddingMarginRLC' in '10' second(s)

2021-11-23 17:17:47 - [MESSAGE][INFO] - Smart Wait Function is triggered

2021-11-23 17:17:47 - [MESSAGE][PASSED] - Method.TextDegerineEsitElementinAltindakiTextboxtaYaz is PASSED

2021-11-23 17:17:47 - [MESSAGE][PASSED] - Call Test Case 'Test Cases/Filtreler/BitisYaz' successfully

2021-11-23 17:17:47 - [MESSAGE][INFO] - Checking called Test Case

2021-11-23 17:17:47 - [MESSAGE][INFO] - Starting to call Test Case 'Test Cases/Filtreler/ButonaTikla'

2021-11-23 17:17:47 - [TEST_CASE][PASSED] - Test Cases/Filtreler/ButonaTikla: Test Cases/Filtreler/ButonaTikla

2021-11-23 17:17:47 - [TEST_STEP][PASSED] - Method.TextDegerineEsitElementeTikla(findTestObject("Filtreler/Butonlar"), Filtre_Buton): Method.TextDegerineEsitElementeTikla is PASSED

2021-11-23 17:17:47 - [MESSAGE][INFO] - Finding Test Object 'Object Repository/Filtreler/Butonlar'

2021-11-23 17:17:47 - [MESSAGE][INFO] - Checking timeout

2021-11-23 17:17:47 - [MESSAGE][INFO] - Finding web element with id: 'Object Repository/Filtreler/Butonlar' located by 'By.cssSelector: .dxb>span' in '10' second(s)

2021-11-23 17:17:47 - [MESSAGE][INFO] - Smart Wait Function is triggered

2021-11-23 17:17:48 - [MESSAGE][INFO] - Found 2 web elements with id: 'Object Repository/Filtreler/Butonlar' located by 'By.cssSelector: .dxb>span' in '10' second(s)

2021-11-23 17:17:48 - [MESSAGE][PASSED] - Method.TextDegerineEsitElementeTikla is PASSED

2021-11-23 17:17:48 - [MESSAGE][PASSED] - Call Test Case 'Test Cases/Filtreler/ButonaTikla' successfully

2021-11-23 17:17:48 - [MESSAGE][INFO] - Checking called Test Case

2021-11-23 17:17:48 - [MESSAGE][INFO] - Starting to call Test Case 'Test Cases/Tablo/TablodaVeriVarMi'

2021-11-23 17:17:48 - [TEST_CASE][PASSED] - Test Cases/Tablo/TablodaVeriVarMi: Test Cases/Tablo/TablodaVeriVarMi

2021-11-23 17:17:48 - [TEST_STEP][PASSED] - verifyTextNotPresent("Görüntülenecek veri yok", true): Text 'Görüntülenecek veri yok' is not present on page using regular expression

2021-11-23 17:17:48 - [MESSAGE][INFO] - Checking text present  using regular expression

2021-11-23 17:17:48 - [MESSAGE][INFO] - Smart Wait Function is triggered

2021-11-23 17:17:49 - [MESSAGE][INFO] - Finding text 'Görüntülenecek veri yok' on page  using regular expression

2021-11-23 17:17:49 - [MESSAGE][PASSED] - Text 'Görüntülenecek veri yok' is not present on page using regular expression

2021-11-23 17:17:49 - [MESSAGE][PASSED] - Call Test Case 'Test Cases/Tablo/TablodaVeriVarMi' successfully

2021-11-23 17:17:49 - [MESSAGE][INFO] - Checking called Test Case

2021-11-23 17:17:49 - [MESSAGE][INFO] - Starting to call Test Case 'Test Cases/Tablo/TablodanVeriyeTiklanir'

2021-11-23 17:17:49 - [TEST_CASE][PASSED] - Test Cases/Tablo/TablodanVeriyeTiklanir: Test Cases/Tablo/TablodanVeriyeTiklanir

2021-11-23 17:17:49 - [TEST_STEP][PASSED] - Method.TextDegerineEsitElementeTikla(findTestObject("Tablo/Veriler"), VeriAdi): Method.TextDegerineEsitElementeTikla is PASSED

2021-11-23 17:17:49 - [MESSAGE][INFO] - Finding Test Object 'Object Repository/Tablo/Veriler'

2021-11-23 17:17:49 - [MESSAGE][INFO] - Checking timeout

2021-11-23 17:17:49 - [MESSAGE][INFO] - Finding web element with id: 'Object Repository/Tablo/Veriler' located by 'By.cssSelector: td.dxgv b ,td.dxgv' in '10' second(s)

2021-11-23 17:17:49 - [MESSAGE][INFO] - Smart Wait Function is triggered

2021-11-23 17:17:50 - [MESSAGE][INFO] - Found 8 web elements with id: 'Object Repository/Tablo/Veriler' located by 'By.cssSelector: td.dxgv b ,td.dxgv' in '10' second(s)

2021-11-23 17:17:50 - [MESSAGE][PASSED] - Method.TextDegerineEsitElementeTikla is PASSED

2021-11-23 17:17:50 - [MESSAGE][PASSED] - Call Test Case 'Test Cases/Tablo/TablodanVeriyeTiklanir' successfully

2021-11-23 17:17:50 - [MESSAGE][INFO] - Checking called Test Case

2021-11-23 17:17:50 - [MESSAGE][INFO] - Starting to call Test Case 'Test Cases/Butonlar/ButonaTikla'

2021-11-23 17:17:50 - [TEST_CASE][PASSED] - Test Cases/Butonlar/ButonaTikla: Test Cases/Butonlar/ButonaTikla

2021-11-23 17:17:50 - [TEST_STEP][PASSED] - Method.TextDegerineEsitElementeTiklaEquals(findTestObject("Butonlar/Butonlar"), Buton_Adi): Method.TextDegerineEsitElementeTiklaEquals is PASSED

2021-11-23 17:17:50 - [MESSAGE][INFO] - Finding Test Object 'Object Repository/Butonlar/Butonlar'

2021-11-23 17:17:50 - [MESSAGE][INFO] - Checking timeout

2021-11-23 17:17:50 - [MESSAGE][INFO] - Finding web element with id: 'Object Repository/Butonlar/Butonlar' located by 'By.cssSelector: .panel.panel-default.text-center.footerPanel .btn,.btn.btn-primary.btnControls' in '10' second(s)

2021-11-23 17:17:50 - [MESSAGE][INFO] - Smart Wait Function is triggered

2021-11-23 17:17:50 - [MESSAGE][INFO] - Found 7 web elements with id: 'Object Repository/Butonlar/Butonlar' located by 'By.cssSelector: .panel.panel-default.text-center.footerPanel .btn,.btn.btn-primary.btnControls' in '10' second(s)

2021-11-23 17:17:50 - [MESSAGE][PASSED] - Method.TextDegerineEsitElementeTiklaEquals is PASSED

2021-11-23 17:17:50 - [MESSAGE][PASSED] - Call Test Case 'Test Cases/Butonlar/ButonaTikla' successfully

2021-11-23 17:17:50 - [MESSAGE][INFO] - Checking called Test Case

2021-11-23 17:17:50 - [MESSAGE][INFO] - Starting to call Test Case 'Test Cases/Sayfalar/Ayarlar/Ayarlarim/AyarlarimBasliklarVarMi'

2021-11-23 17:17:50 - [TEST_CASE][PASSED] - Test Cases/Sayfalar/Ayarlar/Ayarlarim/AyarlarimBasliklarVarMi: Test Cases/Sayfalar/Ayarlar/Ayarlarim/AyarlarimBasliklarVarMi

2021-11-23 17:17:51 - [TEST_STEP][PASSED] - Method.TextDegerineEsitElementVarMi(findTestObject("Object Repository/Sayfalar/Ayarlar/Ayarlarim/AyarlarBasliklar"), Baslik): Method.TextDegerineEsitElementVarMi is PASSED

2021-11-23 17:17:51 - [MESSAGE][INFO] - Finding Test Object 'Object Repository/Sayfalar/Ayarlar/Ayarlarim/AyarlarBasliklar'

2021-11-23 17:17:51 - [MESSAGE][INFO] - Checking timeout

2021-11-23 17:17:51 - [MESSAGE][INFO] - Finding web element with id: 'Object Repository/Sayfalar/Ayarlar/Ayarlarim/AyarlarBasliklar' located by 'By.cssSelector: .dxnb-header>span' in '10' second(s)

2021-11-23 17:17:51 - [MESSAGE][INFO] - Smart Wait Function is triggered

2021-11-23 17:17:56 - [MESSAGE][INFO] - Found 5 web elements with id: 'Object Repository/Sayfalar/Ayarlar/Ayarlarim/AyarlarBasliklar' located by 'By.cssSelector: .dxnb-header>span' in '10' second(s)

2021-11-23 17:17:56 - [MESSAGE][PASSED] - Method.TextDegerineEsitElementVarMi is PASSED

2021-11-23 17:17:56 - [MESSAGE][PASSED] - Call Test Case 'Test Cases/Sayfalar/Ayarlar/Ayarlarim/AyarlarimBasliklarVarMi' successfully

2021-11-23 17:17:56 - [MESSAGE][INFO] - Checking called Test Case

2021-11-23 17:17:56 - [MESSAGE][INFO] - Starting to call Test Case 'Test Cases/Sayfalar/Ayarlar/Gorsel_Tasarim/GorselTasarimAciklamasiGirilir'

2021-11-23 17:17:56 - [TEST_CASE][PASSED] - Test Cases/Sayfalar/Ayarlar/Gorsel_Tasarim/GorselTasarimAciklamasiGirilir: Test Cases/Sayfalar/Ayarlar/Gorsel_Tasarim/GorselTasarimAciklamasiGirilir

2021-11-23 17:17:56 - [TEST_STEP][PASSED] - waitForElementPresent(findTestObject("Object Repository/Sayfalar/Ayarlar/Gorsel_Tasarim/GorselTasarimAciklamasi"), 10): Object 'Object Repository/Sayfalar/Ayarlar/Gorsel_Tasarim/GorselTasarimAciklamasi' is present

2021-11-23 17:17:56 - [MESSAGE][INFO] - Finding Test Object 'Object Repository/Sayfalar/Ayarlar/Gorsel_Tasarim/GorselTasarimAciklamasi'

2021-11-23 17:17:56 - [MESSAGE][INFO] - Checking object

2021-11-23 17:17:56 - [MESSAGE][INFO] - Finding web element from Test Object's properties

2021-11-23 17:17:56 - [MESSAGE][INFO] - Checking timeout

2021-11-23 17:17:56 - [MESSAGE][INFO] - Finding web element with id: 'Object Repository/Sayfalar/Ayarlar/Gorsel_Tasarim/GorselTasarimAciklamasi' located by 'By.xpath: //*[@id = 'Description_I']' in '10' second(s)

2021-11-23 17:17:56 - [MESSAGE][INFO] - Smart Wait Function is triggered

2021-11-23 17:17:57 - [MESSAGE][INFO] - Found 1 web elements with id: 'Object Repository/Sayfalar/Ayarlar/Gorsel_Tasarim/GorselTasarimAciklamasi' located by 'By.xpath: //*[@id = 'Description_I']' in '10' second(s)

2021-11-23 17:17:57 - [MESSAGE][PASSED] - Object 'Object Repository/Sayfalar/Ayarlar/Gorsel_Tasarim/GorselTasarimAciklamasi' is present

2021-11-23 17:17:57 - [TEST_STEP][PASSED] - clearText(findTestObject("Object Repository/Sayfalar/Ayarlar/Gorsel_Tasarim/GorselTasarimAciklamasi")): Text of object 'Object Repository/Sayfalar/Ayarlar/Gorsel_Tasarim/GorselTasarimAciklamasi' is cleared

2021-11-23 17:17:57 - [MESSAGE][INFO] - Finding Test Object 'Object Repository/Sayfalar/Ayarlar/Gorsel_Tasarim/GorselTasarimAciklamasi'

2021-11-23 17:17:57 - [MESSAGE][INFO] - Checking object

2021-11-23 17:17:57 - [MESSAGE][INFO] - Finding web element from Test Object's properties

2021-11-23 17:17:57 - [MESSAGE][INFO] - Checking timeout

2021-11-23 17:17:57 - [MESSAGE][INFO] - Finding web element with id: 'Object Repository/Sayfalar/Ayarlar/Gorsel_Tasarim/GorselTasarimAciklamasi' located by 'By.xpath: //*[@id = 'Description_I']' in '30' second(s)

2021-11-23 17:17:57 - [MESSAGE][INFO] - Smart Wait Function is triggered

2021-11-23 17:17:57 - [MESSAGE][INFO] - Found 1 web elements with id: 'Object Repository/Sayfalar/Ayarlar/Gorsel_Tasarim/GorselTasarimAciklamasi' located by 'By.xpath: //*[@id = 'Description_I']' in '30' second(s)

2021-11-23 17:17:57 - [MESSAGE][INFO] - Clearing text of object 'Object Repository/Sayfalar/Ayarlar/Gorsel_Tasarim/GorselTasarimAciklamasi'

2021-11-23 17:17:57 - [MESSAGE][PASSED] - Text of object 'Object Repository/Sayfalar/Ayarlar/Gorsel_Tasarim/GorselTasarimAciklamasi' is cleared

2021-11-23 17:17:57 - [TEST_STEP][PASSED] - sendKeys(findTestObject("Object Repository/Sayfalar/Ayarlar/Gorsel_Tasarim/GorselTasarimAciklamasi"), Aciklama): Keys 'VirgosolOtomasyon' sent to object: 'Object Repository/Sayfalar/Ayarlar/Gorsel_Tasarim/GorselTasarimAciklamasi'

2021-11-23 17:17:57 - [MESSAGE][INFO] - Finding Test Object 'Object Repository/Sayfalar/Ayarlar/Gorsel_Tasarim/GorselTasarimAciklamasi'

2021-11-23 17:17:57 - [MESSAGE][INFO] - Sending keys 'VirgosolOtomasyon' to object: 'Object Repository/Sayfalar/Ayarlar/Gorsel_Tasarim/GorselTasarimAciklamasi'

2021-11-23 17:17:57 - [MESSAGE][INFO] - Finding web element from Test Object's properties

2021-11-23 17:17:57 - [MESSAGE][INFO] - Checking timeout

2021-11-23 17:17:57 - [MESSAGE][INFO] - Finding web element with id: 'Object Repository/Sayfalar/Ayarlar/Gorsel_Tasarim/GorselTasarimAciklamasi' located by 'By.xpath: //*[@id = 'Description_I']' in '30' second(s)

2021-11-23 17:17:57 - [MESSAGE][INFO] - Smart Wait Function is triggered

2021-11-23 17:17:57 - [MESSAGE][INFO] - Found 1 web elements with id: 'Object Repository/Sayfalar/Ayarlar/Gorsel_Tasarim/GorselTasarimAciklamasi' located by 'By.xpath: //*[@id = 'Description_I']' in '30' second(s)

2021-11-23 17:17:58 - [MESSAGE][PASSED] - Keys 'VirgosolOtomasyon' sent to object: 'Object Repository/Sayfalar/Ayarlar/Gorsel_Tasarim/GorselTasarimAciklamasi'

2021-11-23 17:17:58 - [MESSAGE][PASSED] - Call Test Case 'Test Cases/Sayfalar/Ayarlar/Gorsel_Tasarim/GorselTasarimAciklamasiGirilir' successfully

2021-11-23 17:17:58 - [MESSAGE][INFO] - Checking called Test Case

2021-11-23 17:17:58 - [MESSAGE][INFO] - Starting to call Test Case 'Test Cases/Sekmeler/FaturaBaslıgıDogruMu'

2021-11-23 17:17:58 - [TEST_CASE][PASSED] - Test Cases/Sekmeler/FaturaBaslıgıDogruMu: Test Cases/Sekmeler/FaturaBaslıgıDogruMu

2021-11-23 17:17:58 - [TEST_STEP][PASSED] - switchToFrame(findTestObject("Object Repository/Sayfalar/Giris_Sayfasi/FrameFirmaSec"), 3): Switched to iframe: 'Object Repository/Sayfalar/Giris_Sayfasi/FrameFirmaSec'

2021-11-23 17:17:58 - [MESSAGE][INFO] - Finding Test Object 'Object Repository/Sayfalar/Giris_Sayfasi/FrameFirmaSec'

2021-11-23 17:17:58 - [MESSAGE][INFO] - Switching to iframe: 'Object Repository/Sayfalar/Giris_Sayfasi/FrameFirmaSec'

2021-11-23 17:17:58 - [MESSAGE][INFO] - Finding web element from Test Object's properties

2021-11-23 17:17:58 - [MESSAGE][INFO] - Checking timeout

2021-11-23 17:17:58 - [MESSAGE][INFO] - Finding web element with id: 'Object Repository/Sayfalar/Giris_Sayfasi/FrameFirmaSec' located by 'By.cssSelector: .cke_wysiwyg_frame.cke_reset' in '3' second(s)

2021-11-23 17:17:58 - [MESSAGE][INFO] - Smart Wait Function is triggered

2021-11-23 17:17:59 - [MESSAGE][INFO] - Found 3 web elements with id: 'Object Repository/Sayfalar/Giris_Sayfasi/FrameFirmaSec' located by 'By.cssSelector: .cke_wysiwyg_frame.cke_reset' in '3' second(s)

2021-11-23 17:17:59 - [MESSAGE][INFO] - Switched to iframe: 'Object Repository/Sayfalar/Giris_Sayfasi/FrameFirmaSec'

2021-11-23 17:17:59 - [TEST_STEP][PASSED] - verifyElementText(findTestObject("Object Repository/Sekmeler/Olusturma_Goster_Baslik"), Title): Actual text and expected text of test object 'Object Repository/Sekmeler/Olusturma_Goster_Baslik' are matched.

2021-11-23 17:17:59 - [MESSAGE][INFO] - Finding Test Object 'Object Repository/Sekmeler/Olusturma_Goster_Baslik'

2021-11-23 17:17:59 - [MESSAGE][INFO] - Checking object

2021-11-23 17:17:59 - [MESSAGE][INFO] - Finding web element from Test Object's properties

2021-11-23 17:17:59 - [MESSAGE][INFO] - Checking timeout

2021-11-23 17:17:59 - [MESSAGE][INFO] - Finding web element with id: 'Object Repository/Sekmeler/Olusturma_Goster_Baslik' located by 'By.cssSelector: h1>span,td>font,font' in '30' second(s)

2021-11-23 17:17:59 - [MESSAGE][INFO] - Smart Wait Function is triggered

2021-11-23 17:17:59 - [MESSAGE][INFO] - Found 1 web elements with id: 'Object Repository/Sekmeler/Olusturma_Goster_Baslik' located by 'By.cssSelector: h1>span,td>font,font' in '30' second(s)

2021-11-23 17:17:59 - [MESSAGE][PASSED] - Actual text and expected text of test object 'Object Repository/Sekmeler/Olusturma_Goster_Baslik' are matched.

2021-11-23 17:17:59 - [TEST_STEP][PASSED] - switchToDefaultContent(): Switching to default content

2021-11-23 17:17:59 - [MESSAGE][INFO] - Switching to default content

2021-11-23 17:17:59 - [MESSAGE][PASSED] - Call Test Case 'Test Cases/Sekmeler/FaturaBaslıgıDogruMu' successfully

2021-11-23 17:17:59 - [MESSAGE][INFO] - Checking called Test Case

2021-11-23 17:17:59 - [MESSAGE][INFO] - Starting to call Test Case 'Test Cases/Butonlar/ButonaTikla'

2021-11-23 17:17:59 - [TEST_CASE][PASSED] - Test Cases/Butonlar/ButonaTikla: Test Cases/Butonlar/ButonaTikla

2021-11-23 17:17:59 - [TEST_STEP][PASSED] - Method.TextDegerineEsitElementeTiklaEquals(findTestObject("Butonlar/Butonlar"), Buton_Adi): Method.TextDegerineEsitElementeTiklaEquals is PASSED

2021-11-23 17:17:59 - [MESSAGE][INFO] - Finding Test Object 'Object Repository/Butonlar/Butonlar'

2021-11-23 17:17:59 - [MESSAGE][INFO] - Checking timeout

2021-11-23 17:17:59 - [MESSAGE][INFO] - Finding web element with id: 'Object Repository/Butonlar/Butonlar' located by 'By.cssSelector: .panel.panel-default.text-center.footerPanel .btn,.btn.btn-primary.btnControls' in '10' second(s)

2021-11-23 17:17:59 - [MESSAGE][INFO] - Smart Wait Function is triggered

2021-11-23 17:17:59 - [MESSAGE][INFO] - Found 3 web elements with id: 'Object Repository/Butonlar/Butonlar' located by 'By.cssSelector: .panel.panel-default.text-center.footerPanel .btn,.btn.btn-primary.btnControls' in '10' second(s)

2021-11-23 17:18:13 - [MESSAGE][PASSED] - Method.TextDegerineEsitElementeTiklaEquals is PASSED

2021-11-23 17:18:13 - [MESSAGE][PASSED] - Call Test Case 'Test Cases/Butonlar/ButonaTikla' successfully

2021-11-23 17:18:13 - [MESSAGE][INFO] - Checking called Test Case

2021-11-23 17:18:13 - [MESSAGE][INFO] - Starting to call Test Case 'Test Cases/Tablo/TablodaUnvanliVeriOlusturulduMu'

2021-11-23 17:18:13 - [TEST_CASE][PASSED] - Test Cases/Tablo/TablodaUnvanliVeriOlusturulduMu: Test Cases/Tablo/TablodaUnvanliVeriOlusturulduMu

2021-11-23 17:18:13 - [TEST_STEP][PASSED] - waitForElementVisible(findTestObject("Tablo/OlusturulanVeri"), 10, STOP_ON_FAILURE): Object 'Object Repository/Tablo/OlusturulanVeri' is visible

2021-11-23 17:18:13 - [MESSAGE][INFO] - Finding Test Object 'Object Repository/Tablo/OlusturulanVeri'

2021-11-23 17:18:13 - [MESSAGE][INFO] - Checking object

2021-11-23 17:18:13 - [MESSAGE][INFO] - Checking timeout

2021-11-23 17:18:13 - [MESSAGE][INFO] - Finding web element from Test Object's properties

2021-11-23 17:18:13 - [MESSAGE][INFO] - Checking timeout

2021-11-23 17:18:13 - [MESSAGE][INFO] - Finding web element with id: 'Object Repository/Tablo/OlusturulanVeri' located by 'By.cssSelector: table.dxgvTable_LECustomTheme>tbody>tr:nth-child(3)>td.dxgv b,table.dxgvTable_LECustomTheme>tbody>tr:nth-child(3)>td.dxgv' in '10' second(s)

2021-11-23 17:18:13 - [MESSAGE][INFO] - Smart Wait Function is triggered

2021-11-23 17:18:14 - [MESSAGE][INFO] - Found 8 web elements with id: 'Object Repository/Tablo/OlusturulanVeri' located by 'By.cssSelector: table.dxgvTable_LECustomTheme>tbody>tr:nth-child(3)>td.dxgv b,table.dxgvTable_LECustomTheme>tbody>tr:nth-child(3)>td.dxgv' in '10' second(s)

2021-11-23 17:18:14 - [MESSAGE][PASSED] - Object 'Object Repository/Tablo/OlusturulanVeri' is visible

2021-11-23 17:18:14 - [TEST_STEP][PASSED] - Method.TextDegerineEsitElementVarMi(findTestObject("Tablo/OlusturulanVeri"), Unvan): Method.TextDegerineEsitElementVarMi is PASSED

2021-11-23 17:18:14 - [MESSAGE][INFO] - Finding Test Object 'Object Repository/Tablo/OlusturulanVeri'

2021-11-23 17:18:14 - [MESSAGE][INFO] - Checking timeout

2021-11-23 17:18:14 - [MESSAGE][INFO] - Finding web element with id: 'Object Repository/Tablo/OlusturulanVeri' located by 'By.cssSelector: table.dxgvTable_LECustomTheme>tbody>tr:nth-child(3)>td.dxgv b,table.dxgvTable_LECustomTheme>tbody>tr:nth-child(3)>td.dxgv' in '10' second(s)

2021-11-23 17:18:14 - [MESSAGE][INFO] - Smart Wait Function is triggered

2021-11-23 17:18:14 - [MESSAGE][INFO] - Found 8 web elements with id: 'Object Repository/Tablo/OlusturulanVeri' located by 'By.cssSelector: table.dxgvTable_LECustomTheme>tbody>tr:nth-child(3)>td.dxgv b,table.dxgvTable_LECustomTheme>tbody>tr:nth-child(3)>td.dxgv' in '10' second(s)

2021-11-23 17:18:14 - [MESSAGE][PASSED] - Method.TextDegerineEsitElementVarMi is PASSED

2021-11-23 17:18:14 - [MESSAGE][PASSED] - Call Test Case 'Test Cases/Tablo/TablodaUnvanliVeriOlusturulduMu' successfully

2021-11-23 17:18:14 - [MESSAGE][INFO] - Checking called Test Case

2021-11-23 17:18:14 - [MESSAGE][INFO] - Starting to call Test Case 'Test Cases/Kullanici_Islemleri/KullaniciIslemlerindenSecimYapilir'

2021-11-23 17:18:14 - [TEST_CASE][PASSED] - Test Cases/Kullanici_Islemleri/KullaniciIslemlerindenSecimYapilir: Test Cases/Kullanici_Islemleri/KullaniciIslemlerindenSecimYapilir

2021-11-23 17:18:14 - [TEST_STEP][PASSED] - waitForElementClickable(findTestObject("Object Repository/Kullanici_Islemleri/KullaniciIslemleri"), 10): Object 'Object Repository/Kullanici_Islemleri/KullaniciIslemleri' is clickable

2021-11-23 17:18:14 - [MESSAGE][INFO] - Finding Test Object 'Object Repository/Kullanici_Islemleri/KullaniciIslemleri'

2021-11-23 17:18:14 - [MESSAGE][INFO] - Checking object

2021-11-23 17:18:14 - [MESSAGE][INFO] - Checking timeout

2021-11-23 17:18:14 - [MESSAGE][INFO] - Finding web element from Test Object's properties

2021-11-23 17:18:14 - [MESSAGE][INFO] - Checking timeout

2021-11-23 17:18:14 - [MESSAGE][INFO] - Finding web element with id: 'Object Repository/Kullanici_Islemleri/KullaniciIslemleri' located by 'By.cssSelector: .dropdown>a>img' in '10' second(s)

2021-11-23 17:18:14 - [MESSAGE][INFO] - Smart Wait Function is triggered

2021-11-23 17:18:15 - [MESSAGE][INFO] - Found 1 web elements with id: 'Object Repository/Kullanici_Islemleri/KullaniciIslemleri' located by 'By.cssSelector: .dropdown>a>img' in '10' second(s)

2021-11-23 17:18:15 - [MESSAGE][PASSED] - Object 'Object Repository/Kullanici_Islemleri/KullaniciIslemleri' is clickable

2021-11-23 17:18:15 - [TEST_STEP][PASSED] - click(findTestObject("Object Repository/Kullanici_Islemleri/KullaniciIslemleri")): Object: 'Object Repository/Kullanici_Islemleri/KullaniciIslemleri' is clicked on

2021-11-23 17:18:15 - [MESSAGE][INFO] - Finding Test Object 'Object Repository/Kullanici_Islemleri/KullaniciIslemleri'

2021-11-23 17:18:15 - [MESSAGE][INFO] - Checking object

2021-11-23 17:18:15 - [MESSAGE][INFO] - Finding web element from Test Object's properties

2021-11-23 17:18:15 - [MESSAGE][INFO] - Checking timeout

2021-11-23 17:18:15 - [MESSAGE][INFO] - Finding web element with id: 'Object Repository/Kullanici_Islemleri/KullaniciIslemleri' located by 'By.cssSelector: .dropdown>a>img' in '30' second(s)

2021-11-23 17:18:15 - [MESSAGE][INFO] - Smart Wait Function is triggered

2021-11-23 17:18:15 - [MESSAGE][INFO] - Found 1 web elements with id: 'Object Repository/Kullanici_Islemleri/KullaniciIslemleri' located by 'By.cssSelector: .dropdown>a>img' in '30' second(s)

2021-11-23 17:18:15 - [MESSAGE][INFO] - Clicking on object: 'Object Repository/Kullanici_Islemleri/KullaniciIslemleri'

2021-11-23 17:18:15 - [MESSAGE][PASSED] - Object: 'Object Repository/Kullanici_Islemleri/KullaniciIslemleri' is clicked on

2021-11-23 17:18:15 - [TEST_STEP][PASSED] - Method.TextDegerineEsitElementeTikla(findTestObject("Object Repository/Kullanici_Islemleri/Secenekler"), Islem): Method.TextDegerineEsitElementeTikla is PASSED

2021-11-23 17:18:15 - [MESSAGE][INFO] - Finding Test Object 'Object Repository/Kullanici_Islemleri/Secenekler'

2021-11-23 17:18:15 - [MESSAGE][INFO] - Checking timeout

2021-11-23 17:18:15 - [MESSAGE][INFO] - Finding web element with id: 'Object Repository/Kullanici_Islemleri/Secenekler' located by 'By.cssSelector: .nav.navbar-nav.navbar-right li a' in '10' second(s)

2021-11-23 17:18:15 - [MESSAGE][INFO] - Smart Wait Function is triggered

2021-11-23 17:18:15 - [MESSAGE][INFO] - Found 22 web elements with id: 'Object Repository/Kullanici_Islemleri/Secenekler' located by 'By.cssSelector: .nav.navbar-nav.navbar-right li a' in '10' second(s)

2021-11-23 17:18:16 - [MESSAGE][PASSED] - Method.TextDegerineEsitElementeTikla is PASSED

2021-11-23 17:18:16 - [TEST_STEP][PASSED] - verifyElementNotPresent(findTestObject("Object Repository/Kullanici_Islemleri/Secenekler"), 10): Web element with id: 'Object Repository/Kullanici_Islemleri/Secenekler' located by 'By.cssSelector: .nav.navbar-nav.navbar-right li a' is not present after '10' second(s)

2021-11-23 17:18:16 - [MESSAGE][INFO] - Finding Test Object 'Object Repository/Kullanici_Islemleri/Secenekler'

2021-11-23 17:18:17 - [MESSAGE][INFO] - Checking object

2021-11-23 17:18:17 - [MESSAGE][INFO] - Checking timeout

2021-11-23 17:18:17 - [MESSAGE][INFO] - Finding web element with id: 'Object Repository/Kullanici_Islemleri/Secenekler' located by 'By.cssSelector: .nav.navbar-nav.navbar-right li a' in '10' second(s)

2021-11-23 17:18:17 - [MESSAGE][INFO] - Smart Wait Function is triggered

2021-11-23 17:18:17 - [MESSAGE][PASSED] - Web element with id: 'Object Repository/Kullanici_Islemleri/Secenekler' located by 'By.cssSelector: .nav.navbar-nav.navbar-right li a' is not present after '10' second(s)

2021-11-23 17:18:17 - [MESSAGE][PASSED] - Call Test Case 'Test Cases/Kullanici_Islemleri/KullaniciIslemlerindenSecimYapilir' successfully

2021-11-23 17:18:17 - [TEST_CASE][PASSED] - Start Test Case : SCENARIO Tasarim Araclari Guncelle: SCENARIO Tasarim Araclari Guncelle

2021-11-23 17:18:17 - [TEST_STEP][PASSED] - Kullanıcı adı ELOGO6 ve Şifre 123456 olarak giriş yapılır: Kullanıcı adı ELOGO6 ve Şifre 123456 olarak giriş yapılır

2021-11-23 17:18:17 - [MESSAGE][PASSED] - Kullanıcı adı ELOGO6 ve Şifre 123456 olarak giriş yapılır

2021-11-23 17:18:17 - [TEST_STEP][PASSED] - Ana menüden Ayarlar seçilir: Ana menüden Ayarlar seçilir

2021-11-23 17:18:17 - [MESSAGE][PASSED] - Ana menüden Ayarlar seçilir

2021-11-23 17:18:17 - [TEST_STEP][PASSED] - Alt menü Görsel Tasarımlar başlığı altındaki Tasarım Araçları seçilir: Alt menü Görsel Tasarımlar başlığı altındaki Tasarım Araçları seçilir

2021-11-23 17:18:17 - [MESSAGE][PASSED] - Alt menü Görsel Tasarımlar başlığı altındaki Tasarım Araçları seçilir

2021-11-23 17:18:17 - [TEST_STEP][PASSED] - Filtrelerden Oluşturma Zamanı filtresine 18.01.2018 baslangic degerini yaz: Filtrelerden Oluşturma Zamanı filtresine 18.01.2018 baslangic degerini yaz

2021-11-23 17:18:17 - [MESSAGE][PASSED] - Filtrelerden Oluşturma Zamanı filtresine 18.01.2018 baslangic degerini yaz

2021-11-23 17:18:17 - [TEST_STEP][PASSED] - Filtrelerden Oluşturma Zamanı filtresine 31.12.2018 bitis degerini yaz: Filtrelerden Oluşturma Zamanı filtresine 31.12.2018 bitis degerini yaz

2021-11-23 17:18:17 - [MESSAGE][PASSED] - Filtrelerden Oluşturma Zamanı filtresine 31.12.2018 bitis degerini yaz

2021-11-23 17:18:17 - [TEST_STEP][PASSED] - Filtre butonlarından Listele seçilir: Filtre butonlarından Listele seçilir

2021-11-23 17:18:17 - [MESSAGE][PASSED] - Filtre butonlarından Listele seçilir

2021-11-23 17:18:17 - [TEST_STEP][PASSED] - Tabloda veri var mı kontrol edilir: Tabloda veri var mı kontrol edilir

2021-11-23 17:18:17 - [MESSAGE][PASSED] - Tabloda veri var mı kontrol edilir

2021-11-23 17:18:17 - [TEST_STEP][PASSED] - Tablodaki TEST ünvanlı veriye tıklanır: Tablodaki TEST ünvanlı veriye tıklanır

2021-11-23 17:18:17 - [MESSAGE][PASSED] - Tablodaki TEST ünvanlı veriye tıklanır

2021-11-23 17:18:17 - [TEST_STEP][PASSED] - Butonlardan Güncelle isimli butona tıklanır: Butonlardan Güncelle isimli butona tıklanır

2021-11-23 17:18:17 - [MESSAGE][PASSED] - Butonlardan Güncelle isimli butona tıklanır

2021-11-23 17:18:17 - [TEST_STEP][PASSED] - Dinamik başlıklarda E-FATURA TASARIM AÇIKLAMASI var mı: Dinamik başlıklarda E-FATURA TASARIM AÇIKLAMASI var mı

2021-11-23 17:18:17 - [MESSAGE][PASSED] - Dinamik başlıklarda E-FATURA TASARIM AÇIKLAMASI var mı

2021-11-23 17:18:17 - [TEST_STEP][PASSED] - Tasarım açıklaması alanına VirgosolOtomasyon girilir: Tasarım açıklaması alanına VirgosolOtomasyon girilir

2021-11-23 17:18:17 - [MESSAGE][PASSED] - Tasarım açıklaması alanına VirgosolOtomasyon girilir

2021-11-23 17:18:17 - [TEST_STEP][PASSED] - Oluşturulan Fatura başlığında e-FATURA var mı: Oluşturulan Fatura başlığında e-FATURA var mı

2021-11-23 17:18:17 - [MESSAGE][PASSED] - Oluşturulan Fatura başlığında e-FATURA var mı

2021-11-23 17:18:17 - [TEST_STEP][PASSED] - Butonlardan Farklı Kaydet isimli butona tıklanır: Butonlardan Farklı Kaydet isimli butona tıklanır

2021-11-23 17:18:17 - [MESSAGE][PASSED] - Butonlardan Farklı Kaydet isimli butona tıklanır

2021-11-23 17:18:17 - [TEST_STEP][PASSED] - Tabloda VirgosolOtomasyon ünvanlı veri oluşturuldu mu: Tabloda VirgosolOtomasyon ünvanlı veri oluşturuldu mu

2021-11-23 17:18:17 - [MESSAGE][PASSED] - Tabloda VirgosolOtomasyon ünvanlı veri oluşturuldu mu

2021-11-23 17:18:17 - [TEST_STEP][PASSED] - Kullanıcı işlemlerinden Çıkış seçilir: Kullanıcı işlemlerinden Çıkış seçilir

2021-11-23 17:18:17 - [MESSAGE][PASSED] - Kullanıcı işlemlerinden Çıkış seçilir

2021-11-23 17:18:17 - [MESSAGE][PASSED] - Feature file: 'Include/features/Ayarlar/Gorsel Tasarimlar/Tasarim Araclari/Guncelle.feature' was passed

2021-11-23 17:18:17 - [TEST_STEP][PASSED] - Start listener action : sampleAfterTestSuite: Invoke 'com.kms.katalon.core.annotation.AfterTestCase' method: 'Listener.sampleAfterTestSuite(...)' completed.

2021-11-23 17:18:17 - [MESSAGE][INFO] - Starting invoke 'com.kms.katalon.core.annotation.AfterTestCase' method: 'Listener.sampleAfterTestSuite(...)'

2021-11-23 17:18:17 - [TEST_STEP][PASSED] - closeBrowser(): Invoke 'com.kms.katalon.core.annotation.AfterTestCase' method: 'Listener.sampleAfterTestSuite(...)' completed.

2021-11-23 17:18:17 - [MESSAGE][INFO] - Closing browser

2021-11-23 17:18:18 - [MESSAGE][PASSED] - Browser is closed

2021-11-23 17:18:18 - [MESSAGE][INFO] - Invoke 'com.kms.katalon.core.annotation.AfterTestCase' method: 'Listener.sampleAfterTestSuite(...)' completed.]]></system-out>
         <system-err><![CDATA[]]></system-err>
      </testcase>
      <testcase name="Test Cases/Case Repository/Ayarlar/Gorsel Tasarim/Tasarim Araclari/Indir" time="46.417" classname="Test Cases/Case Repository/Ayarlar/Gorsel Tasarim/Tasarim Araclari/Indir" status="PASSED">
         <system-out><![CDATA[2021-11-23 17:18:18 - [TEST_CASE][PASSED] - Test Cases/Case Repository/Ayarlar/Gorsel Tasarim/Tasarim Araclari/Indir: Test Cases/Case Repository/Ayarlar/Gorsel Tasarim/Tasarim Araclari/Indir

2021-11-23 17:18:18 - [TEST_STEP][PASSED] - Start listener action : sampleBeforeTestSuite: Invoke 'com.kms.katalon.core.annotation.BeforeTestCase' method: 'Listener.sampleBeforeTestSuite(...)' completed.

2021-11-23 17:18:18 - [MESSAGE][INFO] - Starting invoke 'com.kms.katalon.core.annotation.BeforeTestCase' method: 'Listener.sampleBeforeTestSuite(...)'

2021-11-23 17:18:18 - [TEST_STEP][PASSED] - openBrowser(baseUrl): Browser is opened with url: 'https://efatura-stage.elogo.com.tr/'

2021-11-23 17:18:18 - [MESSAGE][INFO] - Opening browser

2021-11-23 17:18:18 - [MESSAGE][INFO] - Starting 'Chrome' driver

2021-11-23 17:18:18 - [MESSAGE][INFO] - User set preference: ['prefs', '{download.default_directory=C:\otomasyondownfiles}']

2021-11-23 17:18:18 - [MESSAGE][INFO] - Action delay is set to 0 milliseconds

2021-11-23 17:18:19 - [MESSAGE][INFO] - Navigating browser to: 'https://efatura-stage.elogo.com.tr/'

2021-11-23 17:18:21 - [MESSAGE][PASSED] - Browser is opened with url: 'https://efatura-stage.elogo.com.tr/'

2021-11-23 17:18:21 - [TEST_STEP][PASSED] - maximizeWindow(): Invoke 'com.kms.katalon.core.annotation.BeforeTestCase' method: 'Listener.sampleBeforeTestSuite(...)' completed.

2021-11-23 17:18:21 - [MESSAGE][INFO] - Maximizing current window

2021-11-23 17:18:22 - [MESSAGE][PASSED] - Current window maximized

2021-11-23 17:18:22 - [MESSAGE][INFO] - Invoke 'com.kms.katalon.core.annotation.BeforeTestCase' method: 'Listener.sampleBeforeTestSuite(...)' completed.

2021-11-23 17:18:22 - [TEST_STEP][PASSED] - runFeatureFile("Include/features/Ayarlar/Gorsel Tasarimlar/Tasarim Araclari/Indir.feature"): Feature file: 'Include/features/Ayarlar/Gorsel Tasarimlar/Tasarim Araclari/Indir.feature' was passed

2021-11-23 17:18:22 - [MESSAGE][INFO] - Starting run keyword runFeatureFile: 'Include/features/Ayarlar/Gorsel Tasarimlar/Tasarim Araclari/Indir.feature' and extract report to folder: 'C:\Users\DELL\Documents\GitHub\EES_KatalonLogo\Reports\20211123_163326\Suite Repository\Ayarlar\20211123_163427/cucumber_report/1637677102686'...

2021-11-23 17:18:22 - [MESSAGE][INFO] - Glue: []

2021-11-23 17:18:25 - [MESSAGE][INFO] - Checking called Test Case

2021-11-23 17:18:25 - [MESSAGE][INFO] - Starting to call Test Case 'Test Cases/Sayfalar/Giris_Sayfasi/Login'

2021-11-23 17:18:25 - [TEST_CASE][PASSED] - Test Cases/Sayfalar/Giris_Sayfasi/Login: Test Cases/Sayfalar/Giris_Sayfasi/Login

2021-11-23 17:18:25 - [TEST_STEP][PASSED] - Sayfa_Basligi = getWindowTitle(): Current window's title is: 'LOGO e-Fatura'

2021-11-23 17:18:25 - [MESSAGE][INFO] - Getting current window's title

2021-11-23 17:18:25 - [MESSAGE][PASSED] - Current window's title is: 'LOGO e-Fatura'

2021-11-23 17:18:25 - [TEST_STEP][PASSED] - verifyMatch(Sayfa_Basligi, "LOGO e-Fatura", false): Actual text 'LOGO e-Fatura' and expected text 'LOGO e-Fatura' are matched 

2021-11-23 17:18:25 - [MESSAGE][INFO] - Matching actual text 'LOGO e-Fatura' with expected text 'LOGO e-Fatura'

2021-11-23 17:18:25 - [MESSAGE][PASSED] - Actual text 'LOGO e-Fatura' and expected text 'LOGO e-Fatura' are matched 

2021-11-23 17:18:25 - [TEST_STEP][PASSED] - sendKeys(findTestObject("Sayfalar/Giris_Sayfasi/Firma_Kodu"), KullaniciAdi): Keys 'ELOGO6' sent to object: 'Object Repository/Sayfalar/Giris_Sayfasi/Firma_Kodu'

2021-11-23 17:18:25 - [MESSAGE][INFO] - Finding Test Object 'Object Repository/Sayfalar/Giris_Sayfasi/Firma_Kodu'

2021-11-23 17:18:25 - [MESSAGE][INFO] - Sending keys 'ELOGO6' to object: 'Object Repository/Sayfalar/Giris_Sayfasi/Firma_Kodu'

2021-11-23 17:18:25 - [MESSAGE][INFO] - Finding web element from Test Object's properties

2021-11-23 17:18:25 - [MESSAGE][INFO] - Checking timeout

2021-11-23 17:18:25 - [MESSAGE][INFO] - Finding web element with id: 'Object Repository/Sayfalar/Giris_Sayfasi/Firma_Kodu' located by 'By.xpath: //*[@id = 'AccountName']' in '30' second(s)

2021-11-23 17:18:25 - [MESSAGE][INFO] - Smart Wait Function is triggered

2021-11-23 17:18:25 - [MESSAGE][INFO] - Found 1 web elements with id: 'Object Repository/Sayfalar/Giris_Sayfasi/Firma_Kodu' located by 'By.xpath: //*[@id = 'AccountName']' in '30' second(s)

2021-11-23 17:18:25 - [MESSAGE][PASSED] - Keys 'ELOGO6' sent to object: 'Object Repository/Sayfalar/Giris_Sayfasi/Firma_Kodu'

2021-11-23 17:18:25 - [TEST_STEP][PASSED] - sendKeys(findTestObject("Sayfalar/Giris_Sayfasi/Sifre"), Sifre): Keys '123456' sent to object: 'Object Repository/Sayfalar/Giris_Sayfasi/Sifre'

2021-11-23 17:18:25 - [MESSAGE][INFO] - Finding Test Object 'Object Repository/Sayfalar/Giris_Sayfasi/Sifre'

2021-11-23 17:18:26 - [MESSAGE][INFO] - Sending keys '123456' to object: 'Object Repository/Sayfalar/Giris_Sayfasi/Sifre'

2021-11-23 17:18:26 - [MESSAGE][INFO] - Finding web element from Test Object's properties

2021-11-23 17:18:26 - [MESSAGE][INFO] - Checking timeout

2021-11-23 17:18:26 - [MESSAGE][INFO] - Finding web element with id: 'Object Repository/Sayfalar/Giris_Sayfasi/Sifre' located by 'By.xpath: //*[@id = 'Password']' in '30' second(s)

2021-11-23 17:18:26 - [MESSAGE][INFO] - Smart Wait Function is triggered

2021-11-23 17:18:26 - [MESSAGE][INFO] - Found 1 web elements with id: 'Object Repository/Sayfalar/Giris_Sayfasi/Sifre' located by 'By.xpath: //*[@id = 'Password']' in '30' second(s)

2021-11-23 17:18:26 - [MESSAGE][PASSED] - Keys '123456' sent to object: 'Object Repository/Sayfalar/Giris_Sayfasi/Sifre'

2021-11-23 17:18:26 - [TEST_STEP][PASSED] - findWebElement(findTestObject("Sayfalar/Giris_Sayfasi/Giris_Butonu")).click(): Found 1 web elements with id: 'Object Repository/Sayfalar/Giris_Sayfasi/Giris_Butonu' located by 'By.cssSelector: #btnLogin' in '30' second(s)

2021-11-23 17:18:26 - [MESSAGE][INFO] - Finding Test Object 'Object Repository/Sayfalar/Giris_Sayfasi/Giris_Butonu'

2021-11-23 17:18:26 - [MESSAGE][INFO] - Finding web element from Test Object's properties

2021-11-23 17:18:26 - [MESSAGE][INFO] - Checking timeout

2021-11-23 17:18:26 - [MESSAGE][INFO] - Finding web element with id: 'Object Repository/Sayfalar/Giris_Sayfasi/Giris_Butonu' located by 'By.cssSelector: #btnLogin' in '30' second(s)

2021-11-23 17:18:26 - [MESSAGE][INFO] - Smart Wait Function is triggered

2021-11-23 17:18:27 - [MESSAGE][INFO] - Found 1 web elements with id: 'Object Repository/Sayfalar/Giris_Sayfasi/Giris_Butonu' located by 'By.cssSelector: #btnLogin' in '30' second(s)

2021-11-23 17:18:29 - [TEST_STEP][PASSED] - if (verifyElementPresent(findTestObject("Object Repository/Sayfalar/Giris_Sayfasi/RetveTamam_Butonu"), 5, OPTIONAL)): null

2021-11-23 17:18:29 - [MESSAGE][INFO] - Finding Test Object 'Object Repository/Sayfalar/Giris_Sayfasi/RetveTamam_Butonu'

2021-11-23 17:18:29 - [MESSAGE][INFO] - Checking object

2021-11-23 17:18:29 - [MESSAGE][INFO] - Finding web element from Test Object's properties

2021-11-23 17:18:29 - [MESSAGE][INFO] - Checking timeout

2021-11-23 17:18:29 - [MESSAGE][INFO] - Finding web element with id: 'Object Repository/Sayfalar/Giris_Sayfasi/RetveTamam_Butonu' located by 'By.xpath: //*[@class = 'btn btn-default']' in '5' second(s)

2021-11-23 17:18:29 - [MESSAGE][INFO] - Smart Wait Function is triggered

2021-11-23 17:18:30 - [MESSAGE][INFO] - Found 1 web elements with id: 'Object Repository/Sayfalar/Giris_Sayfasi/RetveTamam_Butonu' located by 'By.xpath: //*[@class = 'btn btn-default']' in '5' second(s)

2021-11-23 17:18:30 - [MESSAGE][PASSED] - Object 'Object Repository/Sayfalar/Giris_Sayfasi/RetveTamam_Butonu' is present

2021-11-23 17:18:30 - [TEST_STEP][PASSED] - click(findTestObject("Object Repository/Sayfalar/Giris_Sayfasi/RetveTamam_Butonu")): Object: 'Object Repository/Sayfalar/Giris_Sayfasi/RetveTamam_Butonu' is clicked on

2021-11-23 17:18:30 - [MESSAGE][INFO] - Finding Test Object 'Object Repository/Sayfalar/Giris_Sayfasi/RetveTamam_Butonu'

2021-11-23 17:18:30 - [MESSAGE][INFO] - Checking object

2021-11-23 17:18:30 - [MESSAGE][INFO] - Finding web element from Test Object's properties

2021-11-23 17:18:30 - [MESSAGE][INFO] - Checking timeout

2021-11-23 17:18:30 - [MESSAGE][INFO] - Finding web element with id: 'Object Repository/Sayfalar/Giris_Sayfasi/RetveTamam_Butonu' located by 'By.xpath: //*[@class = 'btn btn-default']' in '30' second(s)

2021-11-23 17:18:30 - [MESSAGE][INFO] - Smart Wait Function is triggered

2021-11-23 17:18:30 - [MESSAGE][INFO] - Found 1 web elements with id: 'Object Repository/Sayfalar/Giris_Sayfasi/RetveTamam_Butonu' located by 'By.xpath: //*[@class = 'btn btn-default']' in '30' second(s)

2021-11-23 17:18:30 - [MESSAGE][INFO] - Clicking on object: 'Object Repository/Sayfalar/Giris_Sayfasi/RetveTamam_Butonu'

2021-11-23 17:18:30 - [MESSAGE][PASSED] - Object: 'Object Repository/Sayfalar/Giris_Sayfasi/RetveTamam_Butonu' is clicked on

2021-11-23 17:18:30 - [TEST_STEP][PASSED] - click(findTestObject("Object Repository/Sayfalar/Giris_Sayfasi/RetveTamam_Butonu")): Object: 'Object Repository/Sayfalar/Giris_Sayfasi/RetveTamam_Butonu' is clicked on

2021-11-23 17:18:30 - [MESSAGE][INFO] - Finding Test Object 'Object Repository/Sayfalar/Giris_Sayfasi/RetveTamam_Butonu'

2021-11-23 17:18:30 - [MESSAGE][INFO] - Checking object

2021-11-23 17:18:30 - [MESSAGE][INFO] - Finding web element from Test Object's properties

2021-11-23 17:18:30 - [MESSAGE][INFO] - Checking timeout

2021-11-23 17:18:30 - [MESSAGE][INFO] - Finding web element with id: 'Object Repository/Sayfalar/Giris_Sayfasi/RetveTamam_Butonu' located by 'By.xpath: //*[@class = 'btn btn-default']' in '30' second(s)

2021-11-23 17:18:30 - [MESSAGE][INFO] - Smart Wait Function is triggered

2021-11-23 17:18:33 - [MESSAGE][INFO] - Found 1 web elements with id: 'Object Repository/Sayfalar/Giris_Sayfasi/RetveTamam_Butonu' located by 'By.xpath: //*[@class = 'btn btn-default']' in '30' second(s)

2021-11-23 17:18:33 - [MESSAGE][INFO] - Clicking on object: 'Object Repository/Sayfalar/Giris_Sayfasi/RetveTamam_Butonu'

2021-11-23 17:18:33 - [MESSAGE][PASSED] - Object: 'Object Repository/Sayfalar/Giris_Sayfasi/RetveTamam_Butonu' is clicked on

2021-11-23 17:18:33 - [TEST_STEP][PASSED] - if (verifyElementPresent(findTestObject("Sayfalar/Giris_Sayfasi/PopupOK"), 5, OPTIONAL)): null

2021-11-23 17:18:33 - [MESSAGE][INFO] - Finding Test Object 'Object Repository/Sayfalar/Giris_Sayfasi/PopupOK'

2021-11-23 17:18:33 - [MESSAGE][INFO] - Checking object

2021-11-23 17:18:33 - [MESSAGE][INFO] - Finding web element from Test Object's properties

2021-11-23 17:18:33 - [MESSAGE][INFO] - Checking timeout

2021-11-23 17:18:33 - [MESSAGE][INFO] - Finding web element with id: 'Object Repository/Sayfalar/Giris_Sayfasi/PopupOK' located by 'By.cssSelector: .btn.btn-success' in '5' second(s)

2021-11-23 17:18:33 - [MESSAGE][INFO] - Smart Wait Function is triggered

2021-11-23 17:18:34 - [MESSAGE][INFO] - Found 1 web elements with id: 'Object Repository/Sayfalar/Giris_Sayfasi/PopupOK' located by 'By.cssSelector: .btn.btn-success' in '5' second(s)

2021-11-23 17:18:34 - [MESSAGE][PASSED] - Object 'Object Repository/Sayfalar/Giris_Sayfasi/PopupOK' is present

2021-11-23 17:18:34 - [TEST_STEP][PASSED] - click(findTestObject("Object Repository/Sayfalar/Giris_Sayfasi/PopupCarpiGiris")): Object: 'Object Repository/Sayfalar/Giris_Sayfasi/PopupCarpiGiris' is clicked on

2021-11-23 17:18:34 - [MESSAGE][INFO] - Finding Test Object 'Object Repository/Sayfalar/Giris_Sayfasi/PopupCarpiGiris'

2021-11-23 17:18:34 - [MESSAGE][INFO] - Checking object

2021-11-23 17:18:34 - [MESSAGE][INFO] - Finding web element from Test Object's properties

2021-11-23 17:18:34 - [MESSAGE][INFO] - Checking timeout

2021-11-23 17:18:34 - [MESSAGE][INFO] - Finding web element with id: 'Object Repository/Sayfalar/Giris_Sayfasi/PopupCarpiGiris' located by 'By.cssSelector: .bootbox-close-button.close' in '30' second(s)

2021-11-23 17:18:34 - [MESSAGE][INFO] - Smart Wait Function is triggered

2021-11-23 17:18:34 - [MESSAGE][INFO] - Found 1 web elements with id: 'Object Repository/Sayfalar/Giris_Sayfasi/PopupCarpiGiris' located by 'By.cssSelector: .bootbox-close-button.close' in '30' second(s)

2021-11-23 17:18:34 - [MESSAGE][INFO] - Clicking on object: 'Object Repository/Sayfalar/Giris_Sayfasi/PopupCarpiGiris'

2021-11-23 17:18:35 - [MESSAGE][PASSED] - Object: 'Object Repository/Sayfalar/Giris_Sayfasi/PopupCarpiGiris' is clicked on

2021-11-23 17:18:35 - [TEST_STEP][PASSED] - verifyElementVisible(findTestObject("Object Repository/Kullanici_Islemleri/KullaniciIslemleri")): Object 'Object Repository/Kullanici_Islemleri/KullaniciIslemleri' is visible

2021-11-23 17:18:35 - [MESSAGE][INFO] - Finding Test Object 'Object Repository/Kullanici_Islemleri/KullaniciIslemleri'

2021-11-23 17:18:35 - [MESSAGE][INFO] - Checking object

2021-11-23 17:18:35 - [MESSAGE][INFO] - Finding web element from Test Object's properties

2021-11-23 17:18:35 - [MESSAGE][INFO] - Checking timeout

2021-11-23 17:18:35 - [MESSAGE][INFO] - Finding web element with id: 'Object Repository/Kullanici_Islemleri/KullaniciIslemleri' located by 'By.cssSelector: .dropdown>a>img' in '30' second(s)

2021-11-23 17:18:35 - [MESSAGE][INFO] - Smart Wait Function is triggered

2021-11-23 17:18:35 - [MESSAGE][INFO] - Found 1 web elements with id: 'Object Repository/Kullanici_Islemleri/KullaniciIslemleri' located by 'By.cssSelector: .dropdown>a>img' in '30' second(s)

2021-11-23 17:18:35 - [MESSAGE][PASSED] - Object 'Object Repository/Kullanici_Islemleri/KullaniciIslemleri' is visible

2021-11-23 17:18:35 - [MESSAGE][PASSED] - Call Test Case 'Test Cases/Sayfalar/Giris_Sayfasi/Login' successfully

2021-11-23 17:18:35 - [MESSAGE][INFO] - Checking called Test Case

2021-11-23 17:18:35 - [MESSAGE][INFO] - Starting to call Test Case 'Test Cases/Menu/AnaMenuSecimi'

2021-11-23 17:18:35 - [TEST_CASE][PASSED] - Test Cases/Menu/AnaMenuSecimi: Test Cases/Menu/AnaMenuSecimi

2021-11-23 17:18:35 - [TEST_STEP][PASSED] - Method.TextDegerineEsitElementeTikla(findTestObject("Menu/Ana_Menu"), Ana_Menu): Method.TextDegerineEsitElementeTikla is PASSED

2021-11-23 17:18:35 - [MESSAGE][INFO] - Finding Test Object 'Object Repository/Menu/Ana_Menu'

2021-11-23 17:18:36 - [MESSAGE][INFO] - Checking timeout

2021-11-23 17:18:36 - [MESSAGE][INFO] - Finding web element with id: 'Object Repository/Menu/Ana_Menu' located by 'By.xpath: //*[@class = 'dropdown-toggle']' in '10' second(s)

2021-11-23 17:18:36 - [MESSAGE][INFO] - Smart Wait Function is triggered

2021-11-23 17:18:36 - [MESSAGE][INFO] - Found 14 web elements with id: 'Object Repository/Menu/Ana_Menu' located by 'By.xpath: //*[@class = 'dropdown-toggle']' in '10' second(s)

2021-11-23 17:18:36 - [MESSAGE][PASSED] - Method.TextDegerineEsitElementeTikla is PASSED

2021-11-23 17:18:36 - [MESSAGE][PASSED] - Call Test Case 'Test Cases/Menu/AnaMenuSecimi' successfully

2021-11-23 17:18:36 - [MESSAGE][INFO] - Checking called Test Case

2021-11-23 17:18:36 - [MESSAGE][INFO] - Starting to call Test Case 'Test Cases/Menu/BasligaGoreAltMenuSecimi'

2021-11-23 17:18:36 - [TEST_CASE][PASSED] - Test Cases/Menu/BasligaGoreAltMenuSecimi: Test Cases/Menu/BasligaGoreAltMenuSecimi

2021-11-23 17:18:36 - [TEST_STEP][PASSED] - Method.TextDegerineEsitElementinAltindakiTextDegerineEsitOlanaTikla(findTestObject("Menu/Menu_Basligi"), findTestObject("Menu/Basliga_Gore_Alt_Menu"), Baslik, Alt_Menu): Method.TextDegerineEsitElementinAltindakiTextDegerineEsitOlanaTikla is PASSED

2021-11-23 17:18:36 - [MESSAGE][INFO] - Finding Test Object 'Object Repository/Menu/Menu_Basligi'

2021-11-23 17:18:36 - [MESSAGE][INFO] - Finding Test Object 'Object Repository/Menu/Basliga_Gore_Alt_Menu'

2021-11-23 17:18:37 - [MESSAGE][INFO] - Checking timeout

2021-11-23 17:18:37 - [MESSAGE][INFO] - Finding web element with id: 'Object Repository/Menu/Menu_Basligi' located by 'By.xpath: //li[@class='dropdown dropdown-large open']//li[@class='dropdown-header']' in '10' second(s)

2021-11-23 17:18:37 - [MESSAGE][INFO] - Smart Wait Function is triggered

2021-11-23 17:18:37 - [MESSAGE][INFO] - Found 2 web elements with id: 'Object Repository/Menu/Menu_Basligi' located by 'By.xpath: //li[@class='dropdown dropdown-large open']//li[@class='dropdown-header']' in '10' second(s)

2021-11-23 17:18:37 - [MESSAGE][INFO] - Smart Wait Function is triggered

2021-11-23 17:18:46 - [MESSAGE][PASSED] - Method.TextDegerineEsitElementinAltindakiTextDegerineEsitOlanaTikla is PASSED

2021-11-23 17:18:46 - [MESSAGE][PASSED] - Call Test Case 'Test Cases/Menu/BasligaGoreAltMenuSecimi' successfully

2021-11-23 17:18:46 - [MESSAGE][INFO] - Checking called Test Case

2021-11-23 17:18:46 - [MESSAGE][INFO] - Starting to call Test Case 'Test Cases/Filtreler/BaslangicYaz'

2021-11-23 17:18:46 - [TEST_CASE][PASSED] - Test Cases/Filtreler/BaslangicYaz: Test Cases/Filtreler/BaslangicYaz

2021-11-23 17:18:46 - [TEST_STEP][PASSED] - delay(3): Delayed 3 second(s)

2021-11-23 17:18:46 - [MESSAGE][INFO] - Delaying browser in 3 second(s)

2021-11-23 17:18:49 - [MESSAGE][PASSED] - Delayed 3 second(s)

2021-11-23 17:18:49 - [TEST_STEP][PASSED] - Method.TextDegerineEsitElementinAltindakineTikla(findTestObject("Filtreler/Basliklar"), findTestObject("Filtreler/Basliga_Gore_Baslangic_Image"), Filtre_Adi): Method.TextDegerineEsitElementinAltindakineTikla is PASSED

2021-11-23 17:18:49 - [MESSAGE][INFO] - Finding Test Object 'Object Repository/Filtreler/Basliklar'

2021-11-23 17:18:49 - [MESSAGE][INFO] - Finding Test Object 'Object Repository/Filtreler/Basliga_Gore_Baslangic_Image'

2021-11-23 17:18:49 - [MESSAGE][INFO] - Checking timeout

2021-11-23 17:18:49 - [MESSAGE][INFO] - Finding web element with id: 'Object Repository/Filtreler/Basliklar' located by 'By.cssSelector: .control-label.col-sm-4.paddingMarginRLC' in '10' second(s)

2021-11-23 17:18:49 - [MESSAGE][INFO] - Smart Wait Function is triggered

2021-11-23 17:18:49 - [MESSAGE][INFO] - Found 7 web elements with id: 'Object Repository/Filtreler/Basliklar' located by 'By.cssSelector: .control-label.col-sm-4.paddingMarginRLC' in '10' second(s)

2021-11-23 17:18:49 - [MESSAGE][INFO] - Smart Wait Function is triggered

2021-11-23 17:18:50 - [MESSAGE][PASSED] - Method.TextDegerineEsitElementinAltindakineTikla is PASSED

2021-11-23 17:18:50 - [TEST_STEP][PASSED] - Method.TextDegerineEsitElementinAltindakiTextboxtaYaz(findTestObject("Filtreler/Basliklar"), findTestObject("Filtreler/Basliga_Gore_Baslangic"), Filtre_Adi, Filtre_Degeri): Method.TextDegerineEsitElementinAltindakiTextboxtaYaz is PASSED

2021-11-23 17:18:50 - [MESSAGE][INFO] - Finding Test Object 'Object Repository/Filtreler/Basliklar'

2021-11-23 17:18:50 - [MESSAGE][INFO] - Finding Test Object 'Object Repository/Filtreler/Basliga_Gore_Baslangic'

2021-11-23 17:18:50 - [MESSAGE][INFO] - Checking timeout

2021-11-23 17:18:50 - [MESSAGE][INFO] - Finding web element with id: 'Object Repository/Filtreler/Basliklar' located by 'By.cssSelector: .control-label.col-sm-4.paddingMarginRLC' in '10' second(s)

2021-11-23 17:18:50 - [MESSAGE][INFO] - Smart Wait Function is triggered

2021-11-23 17:18:50 - [MESSAGE][INFO] - Found 7 web elements with id: 'Object Repository/Filtreler/Basliklar' located by 'By.cssSelector: .control-label.col-sm-4.paddingMarginRLC' in '10' second(s)

2021-11-23 17:18:50 - [MESSAGE][INFO] - Smart Wait Function is triggered

2021-11-23 17:18:51 - [MESSAGE][PASSED] - Method.TextDegerineEsitElementinAltindakiTextboxtaYaz is PASSED

2021-11-23 17:18:51 - [MESSAGE][PASSED] - Call Test Case 'Test Cases/Filtreler/BaslangicYaz' successfully

2021-11-23 17:18:51 - [MESSAGE][INFO] - Checking called Test Case

2021-11-23 17:18:51 - [MESSAGE][INFO] - Starting to call Test Case 'Test Cases/Filtreler/BitisYaz'

2021-11-23 17:18:51 - [TEST_CASE][PASSED] - Test Cases/Filtreler/BitisYaz: Test Cases/Filtreler/BitisYaz

2021-11-23 17:18:51 - [TEST_STEP][PASSED] - Method.TextDegerineEsitElementinAltindakineTikla(findTestObject("Filtreler/Basliklar"), findTestObject("Filtreler/Basliga_Gore_Bitis_Image"), Filtre_Adi): Method.TextDegerineEsitElementinAltindakineTikla is PASSED

2021-11-23 17:18:51 - [MESSAGE][INFO] - Finding Test Object 'Object Repository/Filtreler/Basliklar'

2021-11-23 17:18:51 - [MESSAGE][INFO] - Finding Test Object 'Object Repository/Filtreler/Basliga_Gore_Bitis_Image'

2021-11-23 17:18:52 - [MESSAGE][INFO] - Checking timeout

2021-11-23 17:18:52 - [MESSAGE][INFO] - Finding web element with id: 'Object Repository/Filtreler/Basliklar' located by 'By.cssSelector: .control-label.col-sm-4.paddingMarginRLC' in '10' second(s)

2021-11-23 17:18:52 - [MESSAGE][INFO] - Smart Wait Function is triggered

2021-11-23 17:18:52 - [MESSAGE][INFO] - Found 7 web elements with id: 'Object Repository/Filtreler/Basliklar' located by 'By.cssSelector: .control-label.col-sm-4.paddingMarginRLC' in '10' second(s)

2021-11-23 17:18:52 - [MESSAGE][INFO] - Smart Wait Function is triggered

2021-11-23 17:18:52 - [MESSAGE][PASSED] - Method.TextDegerineEsitElementinAltindakineTikla is PASSED

2021-11-23 17:18:52 - [TEST_STEP][PASSED] - Method.TextDegerineEsitElementinAltindakiTextboxtaYaz(findTestObject("Filtreler/Basliklar"), findTestObject("Object Repository/Filtreler/Basliga_Gore_Bitis"), Filtre_Adi, Filtre_Degeri): Method.TextDegerineEsitElementinAltindakiTextboxtaYaz is PASSED

2021-11-23 17:18:52 - [MESSAGE][INFO] - Finding Test Object 'Object Repository/Filtreler/Basliklar'

2021-11-23 17:18:52 - [MESSAGE][INFO] - Finding Test Object 'Object Repository/Filtreler/Basliga_Gore_Bitis'

2021-11-23 17:18:53 - [MESSAGE][INFO] - Checking timeout

2021-11-23 17:18:53 - [MESSAGE][INFO] - Finding web element with id: 'Object Repository/Filtreler/Basliklar' located by 'By.cssSelector: .control-label.col-sm-4.paddingMarginRLC' in '10' second(s)

2021-11-23 17:18:53 - [MESSAGE][INFO] - Smart Wait Function is triggered

2021-11-23 17:18:53 - [MESSAGE][INFO] - Found 7 web elements with id: 'Object Repository/Filtreler/Basliklar' located by 'By.cssSelector: .control-label.col-sm-4.paddingMarginRLC' in '10' second(s)

2021-11-23 17:18:53 - [MESSAGE][INFO] - Smart Wait Function is triggered

2021-11-23 17:18:54 - [MESSAGE][PASSED] - Method.TextDegerineEsitElementinAltindakiTextboxtaYaz is PASSED

2021-11-23 17:18:54 - [MESSAGE][PASSED] - Call Test Case 'Test Cases/Filtreler/BitisYaz' successfully

2021-11-23 17:18:54 - [MESSAGE][INFO] - Checking called Test Case

2021-11-23 17:18:54 - [MESSAGE][INFO] - Starting to call Test Case 'Test Cases/Filtreler/ButonaTikla'

2021-11-23 17:18:54 - [TEST_CASE][PASSED] - Test Cases/Filtreler/ButonaTikla: Test Cases/Filtreler/ButonaTikla

2021-11-23 17:18:54 - [TEST_STEP][PASSED] - Method.TextDegerineEsitElementeTikla(findTestObject("Filtreler/Butonlar"), Filtre_Buton): Method.TextDegerineEsitElementeTikla is PASSED

2021-11-23 17:18:54 - [MESSAGE][INFO] - Finding Test Object 'Object Repository/Filtreler/Butonlar'

2021-11-23 17:18:54 - [MESSAGE][INFO] - Checking timeout

2021-11-23 17:18:54 - [MESSAGE][INFO] - Finding web element with id: 'Object Repository/Filtreler/Butonlar' located by 'By.cssSelector: .dxb>span' in '10' second(s)

2021-11-23 17:18:54 - [MESSAGE][INFO] - Smart Wait Function is triggered

2021-11-23 17:18:54 - [MESSAGE][INFO] - Found 2 web elements with id: 'Object Repository/Filtreler/Butonlar' located by 'By.cssSelector: .dxb>span' in '10' second(s)

2021-11-23 17:18:55 - [MESSAGE][PASSED] - Method.TextDegerineEsitElementeTikla is PASSED

2021-11-23 17:18:55 - [MESSAGE][PASSED] - Call Test Case 'Test Cases/Filtreler/ButonaTikla' successfully

2021-11-23 17:18:55 - [MESSAGE][INFO] - Checking called Test Case

2021-11-23 17:18:55 - [MESSAGE][INFO] - Starting to call Test Case 'Test Cases/Tablo/TablodaVeriVarMi'

2021-11-23 17:18:55 - [TEST_CASE][PASSED] - Test Cases/Tablo/TablodaVeriVarMi: Test Cases/Tablo/TablodaVeriVarMi

2021-11-23 17:18:55 - [TEST_STEP][PASSED] - verifyTextNotPresent("Görüntülenecek veri yok", true): Text 'Görüntülenecek veri yok' is not present on page using regular expression

2021-11-23 17:18:55 - [MESSAGE][INFO] - Checking text present  using regular expression

2021-11-23 17:18:55 - [MESSAGE][INFO] - Smart Wait Function is triggered

2021-11-23 17:18:56 - [MESSAGE][INFO] - Finding text 'Görüntülenecek veri yok' on page  using regular expression

2021-11-23 17:18:56 - [MESSAGE][PASSED] - Text 'Görüntülenecek veri yok' is not present on page using regular expression

2021-11-23 17:18:56 - [MESSAGE][PASSED] - Call Test Case 'Test Cases/Tablo/TablodaVeriVarMi' successfully

2021-11-23 17:18:56 - [MESSAGE][INFO] - Checking called Test Case

2021-11-23 17:18:56 - [MESSAGE][INFO] - Starting to call Test Case 'Test Cases/Tablo/TablodanVeriyeTiklanir'

2021-11-23 17:18:56 - [TEST_CASE][PASSED] - Test Cases/Tablo/TablodanVeriyeTiklanir: Test Cases/Tablo/TablodanVeriyeTiklanir

2021-11-23 17:18:56 - [TEST_STEP][PASSED] - Method.TextDegerineEsitElementeTikla(findTestObject("Tablo/Veriler"), VeriAdi): Method.TextDegerineEsitElementeTikla is PASSED

2021-11-23 17:18:56 - [MESSAGE][INFO] - Finding Test Object 'Object Repository/Tablo/Veriler'

2021-11-23 17:18:56 - [MESSAGE][INFO] - Checking timeout

2021-11-23 17:18:56 - [MESSAGE][INFO] - Finding web element with id: 'Object Repository/Tablo/Veriler' located by 'By.cssSelector: td.dxgv b ,td.dxgv' in '10' second(s)

2021-11-23 17:18:56 - [MESSAGE][INFO] - Smart Wait Function is triggered

2021-11-23 17:18:56 - [MESSAGE][INFO] - Found 8 web elements with id: 'Object Repository/Tablo/Veriler' located by 'By.cssSelector: td.dxgv b ,td.dxgv' in '10' second(s)

2021-11-23 17:18:57 - [MESSAGE][PASSED] - Method.TextDegerineEsitElementeTikla is PASSED

2021-11-23 17:18:57 - [MESSAGE][PASSED] - Call Test Case 'Test Cases/Tablo/TablodanVeriyeTiklanir' successfully

2021-11-23 17:18:57 - [MESSAGE][INFO] - Checking called Test Case

2021-11-23 17:18:57 - [MESSAGE][INFO] - Starting to call Test Case 'Test Cases/Butonlar/ButonaTikla'

2021-11-23 17:18:57 - [TEST_CASE][PASSED] - Test Cases/Butonlar/ButonaTikla: Test Cases/Butonlar/ButonaTikla

2021-11-23 17:18:57 - [TEST_STEP][PASSED] - Method.TextDegerineEsitElementeTiklaEquals(findTestObject("Butonlar/Butonlar"), Buton_Adi): Method.TextDegerineEsitElementeTiklaEquals is PASSED

2021-11-23 17:18:57 - [MESSAGE][INFO] - Finding Test Object 'Object Repository/Butonlar/Butonlar'

2021-11-23 17:18:57 - [MESSAGE][INFO] - Checking timeout

2021-11-23 17:18:57 - [MESSAGE][INFO] - Finding web element with id: 'Object Repository/Butonlar/Butonlar' located by 'By.cssSelector: .panel.panel-default.text-center.footerPanel .btn,.btn.btn-primary.btnControls' in '10' second(s)

2021-11-23 17:18:57 - [MESSAGE][INFO] - Smart Wait Function is triggered

2021-11-23 17:18:57 - [MESSAGE][INFO] - Found 7 web elements with id: 'Object Repository/Butonlar/Butonlar' located by 'By.cssSelector: .panel.panel-default.text-center.footerPanel .btn,.btn.btn-primary.btnControls' in '10' second(s)

2021-11-23 17:18:58 - [MESSAGE][PASSED] - Method.TextDegerineEsitElementeTiklaEquals is PASSED

2021-11-23 17:18:58 - [MESSAGE][PASSED] - Call Test Case 'Test Cases/Butonlar/ButonaTikla' successfully

2021-11-23 17:18:58 - [MESSAGE][INFO] - Checking called Test Case

2021-11-23 17:18:58 - [MESSAGE][INFO] - Starting to call Test Case 'Test Cases/Butonlar/DosyaIndirildiMi'

2021-11-23 17:18:58 - [TEST_CASE][PASSED] - Test Cases/Butonlar/DosyaIndirildiMi: Test Cases/Butonlar/DosyaIndirildiMi

2021-11-23 17:18:58 - [TEST_STEP][PASSED] - Method.isimliDosyaIndirildiMi(DownloadFile, FileName): Method.isimliDosyaIndirildiMi is PASSED

2021-11-23 17:18:58 - [MESSAGE][INFO] - Delaying browser in 3 second(s)

2021-11-23 17:19:01 - [MESSAGE][PASSED] - Delayed 3 second(s)

2021-11-23 17:19:01 - [MESSAGE][PASSED] - Method.isimliDosyaIndirildiMi is PASSED

2021-11-23 17:19:01 - [MESSAGE][PASSED] - Call Test Case 'Test Cases/Butonlar/DosyaIndirildiMi' successfully

2021-11-23 17:19:01 - [MESSAGE][INFO] - Checking called Test Case

2021-11-23 17:19:01 - [MESSAGE][INFO] - Starting to call Test Case 'Test Cases/Kullanici_Islemleri/KullaniciIslemlerindenSecimYapilir'

2021-11-23 17:19:01 - [TEST_CASE][PASSED] - Test Cases/Kullanici_Islemleri/KullaniciIslemlerindenSecimYapilir: Test Cases/Kullanici_Islemleri/KullaniciIslemlerindenSecimYapilir

2021-11-23 17:19:01 - [TEST_STEP][PASSED] - waitForElementClickable(findTestObject("Object Repository/Kullanici_Islemleri/KullaniciIslemleri"), 10): Object 'Object Repository/Kullanici_Islemleri/KullaniciIslemleri' is clickable

2021-11-23 17:19:01 - [MESSAGE][INFO] - Finding Test Object 'Object Repository/Kullanici_Islemleri/KullaniciIslemleri'

2021-11-23 17:19:01 - [MESSAGE][INFO] - Checking object

2021-11-23 17:19:01 - [MESSAGE][INFO] - Checking timeout

2021-11-23 17:19:01 - [MESSAGE][INFO] - Finding web element from Test Object's properties

2021-11-23 17:19:01 - [MESSAGE][INFO] - Checking timeout

2021-11-23 17:19:01 - [MESSAGE][INFO] - Finding web element with id: 'Object Repository/Kullanici_Islemleri/KullaniciIslemleri' located by 'By.cssSelector: .dropdown>a>img' in '10' second(s)

2021-11-23 17:19:01 - [MESSAGE][INFO] - Smart Wait Function is triggered

2021-11-23 17:19:01 - [MESSAGE][INFO] - Found 1 web elements with id: 'Object Repository/Kullanici_Islemleri/KullaniciIslemleri' located by 'By.cssSelector: .dropdown>a>img' in '10' second(s)

2021-11-23 17:19:01 - [MESSAGE][PASSED] - Object 'Object Repository/Kullanici_Islemleri/KullaniciIslemleri' is clickable

2021-11-23 17:19:01 - [TEST_STEP][PASSED] - click(findTestObject("Object Repository/Kullanici_Islemleri/KullaniciIslemleri")): Object: 'Object Repository/Kullanici_Islemleri/KullaniciIslemleri' is clicked on

2021-11-23 17:19:01 - [MESSAGE][INFO] - Finding Test Object 'Object Repository/Kullanici_Islemleri/KullaniciIslemleri'

2021-11-23 17:19:01 - [MESSAGE][INFO] - Checking object

2021-11-23 17:19:01 - [MESSAGE][INFO] - Finding web element from Test Object's properties

2021-11-23 17:19:01 - [MESSAGE][INFO] - Checking timeout

2021-11-23 17:19:01 - [MESSAGE][INFO] - Finding web element with id: 'Object Repository/Kullanici_Islemleri/KullaniciIslemleri' located by 'By.cssSelector: .dropdown>a>img' in '30' second(s)

2021-11-23 17:19:01 - [MESSAGE][INFO] - Smart Wait Function is triggered

2021-11-23 17:19:01 - [MESSAGE][INFO] - Found 1 web elements with id: 'Object Repository/Kullanici_Islemleri/KullaniciIslemleri' located by 'By.cssSelector: .dropdown>a>img' in '30' second(s)

2021-11-23 17:19:01 - [MESSAGE][INFO] - Clicking on object: 'Object Repository/Kullanici_Islemleri/KullaniciIslemleri'

2021-11-23 17:19:02 - [MESSAGE][PASSED] - Object: 'Object Repository/Kullanici_Islemleri/KullaniciIslemleri' is clicked on

2021-11-23 17:19:02 - [TEST_STEP][PASSED] - Method.TextDegerineEsitElementeTikla(findTestObject("Object Repository/Kullanici_Islemleri/Secenekler"), Islem): Method.TextDegerineEsitElementeTikla is PASSED

2021-11-23 17:19:02 - [MESSAGE][INFO] - Finding Test Object 'Object Repository/Kullanici_Islemleri/Secenekler'

2021-11-23 17:19:02 - [MESSAGE][INFO] - Checking timeout

2021-11-23 17:19:02 - [MESSAGE][INFO] - Finding web element with id: 'Object Repository/Kullanici_Islemleri/Secenekler' located by 'By.cssSelector: .nav.navbar-nav.navbar-right li a' in '10' second(s)

2021-11-23 17:19:02 - [MESSAGE][INFO] - Smart Wait Function is triggered

2021-11-23 17:19:02 - [MESSAGE][INFO] - Found 22 web elements with id: 'Object Repository/Kullanici_Islemleri/Secenekler' located by 'By.cssSelector: .nav.navbar-nav.navbar-right li a' in '10' second(s)

2021-11-23 17:19:03 - [MESSAGE][PASSED] - Method.TextDegerineEsitElementeTikla is PASSED

2021-11-23 17:19:03 - [TEST_STEP][PASSED] - verifyElementNotPresent(findTestObject("Object Repository/Kullanici_Islemleri/Secenekler"), 10): Web element with id: 'Object Repository/Kullanici_Islemleri/Secenekler' located by 'By.cssSelector: .nav.navbar-nav.navbar-right li a' is not present after '10' second(s)

2021-11-23 17:19:03 - [MESSAGE][INFO] - Finding Test Object 'Object Repository/Kullanici_Islemleri/Secenekler'

2021-11-23 17:19:03 - [MESSAGE][INFO] - Checking object

2021-11-23 17:19:03 - [MESSAGE][INFO] - Checking timeout

2021-11-23 17:19:03 - [MESSAGE][INFO] - Finding web element with id: 'Object Repository/Kullanici_Islemleri/Secenekler' located by 'By.cssSelector: .nav.navbar-nav.navbar-right li a' in '10' second(s)

2021-11-23 17:19:03 - [MESSAGE][INFO] - Smart Wait Function is triggered

2021-11-23 17:19:03 - [MESSAGE][PASSED] - Web element with id: 'Object Repository/Kullanici_Islemleri/Secenekler' located by 'By.cssSelector: .nav.navbar-nav.navbar-right li a' is not present after '10' second(s)

2021-11-23 17:19:03 - [MESSAGE][PASSED] - Call Test Case 'Test Cases/Kullanici_Islemleri/KullaniciIslemlerindenSecimYapilir' successfully

2021-11-23 17:19:03 - [TEST_CASE][PASSED] - Start Test Case : SCENARIO Tasarim Araclari Indir: SCENARIO Tasarim Araclari Indir

2021-11-23 17:19:03 - [TEST_STEP][PASSED] - Kullanıcı adı ELOGO6 ve Şifre 123456 olarak giriş yapılır: Kullanıcı adı ELOGO6 ve Şifre 123456 olarak giriş yapılır

2021-11-23 17:19:03 - [MESSAGE][PASSED] - Kullanıcı adı ELOGO6 ve Şifre 123456 olarak giriş yapılır

2021-11-23 17:19:03 - [TEST_STEP][PASSED] - Ana menüden Ayarlar seçilir: Ana menüden Ayarlar seçilir

2021-11-23 17:19:03 - [MESSAGE][PASSED] - Ana menüden Ayarlar seçilir

2021-11-23 17:19:03 - [TEST_STEP][PASSED] - Alt menü Görsel Tasarımlar başlığı altındaki Tasarım Araçları seçilir: Alt menü Görsel Tasarımlar başlığı altındaki Tasarım Araçları seçilir

2021-11-23 17:19:03 - [MESSAGE][PASSED] - Alt menü Görsel Tasarımlar başlığı altındaki Tasarım Araçları seçilir

2021-11-23 17:19:03 - [TEST_STEP][PASSED] - Filtrelerden Oluşturma Zamanı filtresine 18.01.2018 baslangic degerini yaz: Filtrelerden Oluşturma Zamanı filtresine 18.01.2018 baslangic degerini yaz

2021-11-23 17:19:03 - [MESSAGE][PASSED] - Filtrelerden Oluşturma Zamanı filtresine 18.01.2018 baslangic degerini yaz

2021-11-23 17:19:03 - [TEST_STEP][PASSED] - Filtrelerden Oluşturma Zamanı filtresine 31.12.2018 bitis degerini yaz: Filtrelerden Oluşturma Zamanı filtresine 31.12.2018 bitis degerini yaz

2021-11-23 17:19:03 - [MESSAGE][PASSED] - Filtrelerden Oluşturma Zamanı filtresine 31.12.2018 bitis degerini yaz

2021-11-23 17:19:03 - [TEST_STEP][PASSED] - Filtre butonlarından Listele seçilir: Filtre butonlarından Listele seçilir

2021-11-23 17:19:03 - [MESSAGE][PASSED] - Filtre butonlarından Listele seçilir

2021-11-23 17:19:03 - [TEST_STEP][PASSED] - Tabloda veri var mı kontrol edilir: Tabloda veri var mı kontrol edilir

2021-11-23 17:19:03 - [MESSAGE][PASSED] - Tabloda veri var mı kontrol edilir

2021-11-23 17:19:03 - [TEST_STEP][PASSED] - Tablodaki TEST ünvanlı veriye tıklanır: Tablodaki TEST ünvanlı veriye tıklanır

2021-11-23 17:19:03 - [MESSAGE][PASSED] - Tablodaki TEST ünvanlı veriye tıklanır

2021-11-23 17:19:03 - [TEST_STEP][PASSED] - Butonlardan İndir isimli butona tıklanır: Butonlardan İndir isimli butona tıklanır

2021-11-23 17:19:03 - [MESSAGE][PASSED] - Butonlardan İndir isimli butona tıklanır

2021-11-23 17:19:03 - [TEST_STEP][PASSED] - Ön eki 8962 olan dosya indirildi mi: Ön eki 8962 olan dosya indirildi mi

2021-11-23 17:19:03 - [MESSAGE][PASSED] - Ön eki 8962 olan dosya indirildi mi

2021-11-23 17:19:03 - [TEST_STEP][PASSED] - Kullanıcı işlemlerinden Çıkış seçilir: Kullanıcı işlemlerinden Çıkış seçilir

2021-11-23 17:19:03 - [MESSAGE][PASSED] - Kullanıcı işlemlerinden Çıkış seçilir

2021-11-23 17:19:03 - [MESSAGE][PASSED] - Feature file: 'Include/features/Ayarlar/Gorsel Tasarimlar/Tasarim Araclari/Indir.feature' was passed

2021-11-23 17:19:03 - [TEST_STEP][PASSED] - Start listener action : sampleAfterTestSuite: Invoke 'com.kms.katalon.core.annotation.AfterTestCase' method: 'Listener.sampleAfterTestSuite(...)' completed.

2021-11-23 17:19:03 - [MESSAGE][INFO] - Starting invoke 'com.kms.katalon.core.annotation.AfterTestCase' method: 'Listener.sampleAfterTestSuite(...)'

2021-11-23 17:19:03 - [TEST_STEP][PASSED] - closeBrowser(): Invoke 'com.kms.katalon.core.annotation.AfterTestCase' method: 'Listener.sampleAfterTestSuite(...)' completed.

2021-11-23 17:19:03 - [MESSAGE][INFO] - Closing browser

2021-11-23 17:19:04 - [MESSAGE][PASSED] - Browser is closed

2021-11-23 17:19:04 - [MESSAGE][INFO] - Invoke 'com.kms.katalon.core.annotation.AfterTestCase' method: 'Listener.sampleAfterTestSuite(...)' completed.]]></system-out>
         <system-err><![CDATA[]]></system-err>
      </testcase>
      <testcase name="Test Cases/Case Repository/Ayarlar/Gorsel Tasarim/Tasarim Araclari/Kopyala" time="52.996" classname="Test Cases/Case Repository/Ayarlar/Gorsel Tasarim/Tasarim Araclari/Kopyala" status="PASSED">
         <system-out><![CDATA[2021-11-23 17:19:04 - [TEST_CASE][PASSED] - Test Cases/Case Repository/Ayarlar/Gorsel Tasarim/Tasarim Araclari/Kopyala: Test Cases/Case Repository/Ayarlar/Gorsel Tasarim/Tasarim Araclari/Kopyala

2021-11-23 17:19:04 - [TEST_STEP][PASSED] - Start listener action : sampleBeforeTestSuite: Invoke 'com.kms.katalon.core.annotation.BeforeTestCase' method: 'Listener.sampleBeforeTestSuite(...)' completed.

2021-11-23 17:19:04 - [MESSAGE][INFO] - Starting invoke 'com.kms.katalon.core.annotation.BeforeTestCase' method: 'Listener.sampleBeforeTestSuite(...)'

2021-11-23 17:19:04 - [TEST_STEP][PASSED] - openBrowser(baseUrl): Browser is opened with url: 'https://efatura-stage.elogo.com.tr/'

2021-11-23 17:19:04 - [MESSAGE][INFO] - Opening browser

2021-11-23 17:19:04 - [MESSAGE][INFO] - Starting 'Chrome' driver

2021-11-23 17:19:04 - [MESSAGE][INFO] - User set preference: ['prefs', '{download.default_directory=C:\otomasyondownfiles}']

2021-11-23 17:19:04 - [MESSAGE][INFO] - Action delay is set to 0 milliseconds

2021-11-23 17:19:06 - [MESSAGE][INFO] - Navigating browser to: 'https://efatura-stage.elogo.com.tr/'

2021-11-23 17:19:08 - [MESSAGE][PASSED] - Browser is opened with url: 'https://efatura-stage.elogo.com.tr/'

2021-11-23 17:19:08 - [TEST_STEP][PASSED] - maximizeWindow(): Invoke 'com.kms.katalon.core.annotation.BeforeTestCase' method: 'Listener.sampleBeforeTestSuite(...)' completed.

2021-11-23 17:19:08 - [MESSAGE][INFO] - Maximizing current window

2021-11-23 17:19:08 - [MESSAGE][PASSED] - Current window maximized

2021-11-23 17:19:08 - [MESSAGE][INFO] - Invoke 'com.kms.katalon.core.annotation.BeforeTestCase' method: 'Listener.sampleBeforeTestSuite(...)' completed.

2021-11-23 17:19:09 - [TEST_STEP][PASSED] - runFeatureFile("Include/features/Ayarlar/Gorsel Tasarimlar/Tasarim Araclari/Kopyala.feature"): Feature file: 'Include/features/Ayarlar/Gorsel Tasarimlar/Tasarim Araclari/Kopyala.feature' was passed

2021-11-23 17:19:09 - [MESSAGE][INFO] - Starting run keyword runFeatureFile: 'Include/features/Ayarlar/Gorsel Tasarimlar/Tasarim Araclari/Kopyala.feature' and extract report to folder: 'C:\Users\DELL\Documents\GitHub\EES_KatalonLogo\Reports\20211123_163326\Suite Repository\Ayarlar\20211123_163427/cucumber_report/1637677149083'...

2021-11-23 17:19:09 - [MESSAGE][INFO] - Glue: []

2021-11-23 17:19:11 - [MESSAGE][INFO] - Checking called Test Case

2021-11-23 17:19:11 - [MESSAGE][INFO] - Starting to call Test Case 'Test Cases/Sayfalar/Giris_Sayfasi/Login'

2021-11-23 17:19:12 - [TEST_CASE][PASSED] - Test Cases/Sayfalar/Giris_Sayfasi/Login: Test Cases/Sayfalar/Giris_Sayfasi/Login

2021-11-23 17:19:12 - [TEST_STEP][PASSED] - Sayfa_Basligi = getWindowTitle(): Current window's title is: 'LOGO e-Fatura'

2021-11-23 17:19:12 - [MESSAGE][INFO] - Getting current window's title

2021-11-23 17:19:12 - [MESSAGE][PASSED] - Current window's title is: 'LOGO e-Fatura'

2021-11-23 17:19:12 - [TEST_STEP][PASSED] - verifyMatch(Sayfa_Basligi, "LOGO e-Fatura", false): Actual text 'LOGO e-Fatura' and expected text 'LOGO e-Fatura' are matched 

2021-11-23 17:19:12 - [MESSAGE][INFO] - Matching actual text 'LOGO e-Fatura' with expected text 'LOGO e-Fatura'

2021-11-23 17:19:12 - [MESSAGE][PASSED] - Actual text 'LOGO e-Fatura' and expected text 'LOGO e-Fatura' are matched 

2021-11-23 17:19:12 - [TEST_STEP][PASSED] - sendKeys(findTestObject("Sayfalar/Giris_Sayfasi/Firma_Kodu"), KullaniciAdi): Keys 'ELOGO6' sent to object: 'Object Repository/Sayfalar/Giris_Sayfasi/Firma_Kodu'

2021-11-23 17:19:12 - [MESSAGE][INFO] - Finding Test Object 'Object Repository/Sayfalar/Giris_Sayfasi/Firma_Kodu'

2021-11-23 17:19:12 - [MESSAGE][INFO] - Sending keys 'ELOGO6' to object: 'Object Repository/Sayfalar/Giris_Sayfasi/Firma_Kodu'

2021-11-23 17:19:12 - [MESSAGE][INFO] - Finding web element from Test Object's properties

2021-11-23 17:19:12 - [MESSAGE][INFO] - Checking timeout

2021-11-23 17:19:12 - [MESSAGE][INFO] - Finding web element with id: 'Object Repository/Sayfalar/Giris_Sayfasi/Firma_Kodu' located by 'By.xpath: //*[@id = 'AccountName']' in '30' second(s)

2021-11-23 17:19:12 - [MESSAGE][INFO] - Smart Wait Function is triggered

2021-11-23 17:19:12 - [MESSAGE][INFO] - Found 1 web elements with id: 'Object Repository/Sayfalar/Giris_Sayfasi/Firma_Kodu' located by 'By.xpath: //*[@id = 'AccountName']' in '30' second(s)

2021-11-23 17:19:12 - [MESSAGE][PASSED] - Keys 'ELOGO6' sent to object: 'Object Repository/Sayfalar/Giris_Sayfasi/Firma_Kodu'

2021-11-23 17:19:12 - [TEST_STEP][PASSED] - sendKeys(findTestObject("Sayfalar/Giris_Sayfasi/Sifre"), Sifre): Keys '123456' sent to object: 'Object Repository/Sayfalar/Giris_Sayfasi/Sifre'

2021-11-23 17:19:12 - [MESSAGE][INFO] - Finding Test Object 'Object Repository/Sayfalar/Giris_Sayfasi/Sifre'

2021-11-23 17:19:12 - [MESSAGE][INFO] - Sending keys '123456' to object: 'Object Repository/Sayfalar/Giris_Sayfasi/Sifre'

2021-11-23 17:19:12 - [MESSAGE][INFO] - Finding web element from Test Object's properties

2021-11-23 17:19:12 - [MESSAGE][INFO] - Checking timeout

2021-11-23 17:19:12 - [MESSAGE][INFO] - Finding web element with id: 'Object Repository/Sayfalar/Giris_Sayfasi/Sifre' located by 'By.xpath: //*[@id = 'Password']' in '30' second(s)

2021-11-23 17:19:12 - [MESSAGE][INFO] - Smart Wait Function is triggered

2021-11-23 17:19:12 - [MESSAGE][INFO] - Found 1 web elements with id: 'Object Repository/Sayfalar/Giris_Sayfasi/Sifre' located by 'By.xpath: //*[@id = 'Password']' in '30' second(s)

2021-11-23 17:19:13 - [MESSAGE][PASSED] - Keys '123456' sent to object: 'Object Repository/Sayfalar/Giris_Sayfasi/Sifre'

2021-11-23 17:19:13 - [TEST_STEP][PASSED] - findWebElement(findTestObject("Sayfalar/Giris_Sayfasi/Giris_Butonu")).click(): Found 1 web elements with id: 'Object Repository/Sayfalar/Giris_Sayfasi/Giris_Butonu' located by 'By.cssSelector: #btnLogin' in '30' second(s)

2021-11-23 17:19:13 - [MESSAGE][INFO] - Finding Test Object 'Object Repository/Sayfalar/Giris_Sayfasi/Giris_Butonu'

2021-11-23 17:19:13 - [MESSAGE][INFO] - Finding web element from Test Object's properties

2021-11-23 17:19:13 - [MESSAGE][INFO] - Checking timeout

2021-11-23 17:19:13 - [MESSAGE][INFO] - Finding web element with id: 'Object Repository/Sayfalar/Giris_Sayfasi/Giris_Butonu' located by 'By.cssSelector: #btnLogin' in '30' second(s)

2021-11-23 17:19:13 - [MESSAGE][INFO] - Smart Wait Function is triggered

2021-11-23 17:19:13 - [MESSAGE][INFO] - Found 1 web elements with id: 'Object Repository/Sayfalar/Giris_Sayfasi/Giris_Butonu' located by 'By.cssSelector: #btnLogin' in '30' second(s)

2021-11-23 17:19:16 - [TEST_STEP][PASSED] - if (verifyElementPresent(findTestObject("Object Repository/Sayfalar/Giris_Sayfasi/RetveTamam_Butonu"), 5, OPTIONAL)): null

2021-11-23 17:19:16 - [MESSAGE][INFO] - Finding Test Object 'Object Repository/Sayfalar/Giris_Sayfasi/RetveTamam_Butonu'

2021-11-23 17:19:16 - [MESSAGE][INFO] - Checking object

2021-11-23 17:19:16 - [MESSAGE][INFO] - Finding web element from Test Object's properties

2021-11-23 17:19:16 - [MESSAGE][INFO] - Checking timeout

2021-11-23 17:19:16 - [MESSAGE][INFO] - Finding web element with id: 'Object Repository/Sayfalar/Giris_Sayfasi/RetveTamam_Butonu' located by 'By.xpath: //*[@class = 'btn btn-default']' in '5' second(s)

2021-11-23 17:19:16 - [MESSAGE][INFO] - Smart Wait Function is triggered

2021-11-23 17:19:17 - [MESSAGE][INFO] - Found 1 web elements with id: 'Object Repository/Sayfalar/Giris_Sayfasi/RetveTamam_Butonu' located by 'By.xpath: //*[@class = 'btn btn-default']' in '5' second(s)

2021-11-23 17:19:17 - [MESSAGE][PASSED] - Object 'Object Repository/Sayfalar/Giris_Sayfasi/RetveTamam_Butonu' is present

2021-11-23 17:19:17 - [TEST_STEP][PASSED] - click(findTestObject("Object Repository/Sayfalar/Giris_Sayfasi/RetveTamam_Butonu")): Object: 'Object Repository/Sayfalar/Giris_Sayfasi/RetveTamam_Butonu' is clicked on

2021-11-23 17:19:17 - [MESSAGE][INFO] - Finding Test Object 'Object Repository/Sayfalar/Giris_Sayfasi/RetveTamam_Butonu'

2021-11-23 17:19:17 - [MESSAGE][INFO] - Checking object

2021-11-23 17:19:17 - [MESSAGE][INFO] - Finding web element from Test Object's properties

2021-11-23 17:19:17 - [MESSAGE][INFO] - Checking timeout

2021-11-23 17:19:17 - [MESSAGE][INFO] - Finding web element with id: 'Object Repository/Sayfalar/Giris_Sayfasi/RetveTamam_Butonu' located by 'By.xpath: //*[@class = 'btn btn-default']' in '30' second(s)

2021-11-23 17:19:17 - [MESSAGE][INFO] - Smart Wait Function is triggered

2021-11-23 17:19:17 - [MESSAGE][INFO] - Found 1 web elements with id: 'Object Repository/Sayfalar/Giris_Sayfasi/RetveTamam_Butonu' located by 'By.xpath: //*[@class = 'btn btn-default']' in '30' second(s)

2021-11-23 17:19:17 - [MESSAGE][INFO] - Clicking on object: 'Object Repository/Sayfalar/Giris_Sayfasi/RetveTamam_Butonu'

2021-11-23 17:19:17 - [MESSAGE][PASSED] - Object: 'Object Repository/Sayfalar/Giris_Sayfasi/RetveTamam_Butonu' is clicked on

2021-11-23 17:19:17 - [TEST_STEP][PASSED] - click(findTestObject("Object Repository/Sayfalar/Giris_Sayfasi/RetveTamam_Butonu")): Object: 'Object Repository/Sayfalar/Giris_Sayfasi/RetveTamam_Butonu' is clicked on

2021-11-23 17:19:17 - [MESSAGE][INFO] - Finding Test Object 'Object Repository/Sayfalar/Giris_Sayfasi/RetveTamam_Butonu'

2021-11-23 17:19:18 - [MESSAGE][INFO] - Checking object

2021-11-23 17:19:18 - [MESSAGE][INFO] - Finding web element from Test Object's properties

2021-11-23 17:19:18 - [MESSAGE][INFO] - Checking timeout

2021-11-23 17:19:18 - [MESSAGE][INFO] - Finding web element with id: 'Object Repository/Sayfalar/Giris_Sayfasi/RetveTamam_Butonu' located by 'By.xpath: //*[@class = 'btn btn-default']' in '30' second(s)

2021-11-23 17:19:18 - [MESSAGE][INFO] - Smart Wait Function is triggered

2021-11-23 17:19:21 - [MESSAGE][INFO] - Found 1 web elements with id: 'Object Repository/Sayfalar/Giris_Sayfasi/RetveTamam_Butonu' located by 'By.xpath: //*[@class = 'btn btn-default']' in '30' second(s)

2021-11-23 17:19:21 - [MESSAGE][INFO] - Clicking on object: 'Object Repository/Sayfalar/Giris_Sayfasi/RetveTamam_Butonu'

2021-11-23 17:19:21 - [MESSAGE][PASSED] - Object: 'Object Repository/Sayfalar/Giris_Sayfasi/RetveTamam_Butonu' is clicked on

2021-11-23 17:19:21 - [TEST_STEP][PASSED] - if (verifyElementPresent(findTestObject("Sayfalar/Giris_Sayfasi/PopupOK"), 5, OPTIONAL)): null

2021-11-23 17:19:21 - [MESSAGE][INFO] - Finding Test Object 'Object Repository/Sayfalar/Giris_Sayfasi/PopupOK'

2021-11-23 17:19:21 - [MESSAGE][INFO] - Checking object

2021-11-23 17:19:21 - [MESSAGE][INFO] - Finding web element from Test Object's properties

2021-11-23 17:19:21 - [MESSAGE][INFO] - Checking timeout

2021-11-23 17:19:21 - [MESSAGE][INFO] - Finding web element with id: 'Object Repository/Sayfalar/Giris_Sayfasi/PopupOK' located by 'By.cssSelector: .btn.btn-success' in '5' second(s)

2021-11-23 17:19:21 - [MESSAGE][INFO] - Smart Wait Function is triggered

2021-11-23 17:19:22 - [MESSAGE][INFO] - Found 1 web elements with id: 'Object Repository/Sayfalar/Giris_Sayfasi/PopupOK' located by 'By.cssSelector: .btn.btn-success' in '5' second(s)

2021-11-23 17:19:22 - [MESSAGE][PASSED] - Object 'Object Repository/Sayfalar/Giris_Sayfasi/PopupOK' is present

2021-11-23 17:19:22 - [TEST_STEP][PASSED] - click(findTestObject("Object Repository/Sayfalar/Giris_Sayfasi/PopupCarpiGiris")): Object: 'Object Repository/Sayfalar/Giris_Sayfasi/PopupCarpiGiris' is clicked on

2021-11-23 17:19:22 - [MESSAGE][INFO] - Finding Test Object 'Object Repository/Sayfalar/Giris_Sayfasi/PopupCarpiGiris'

2021-11-23 17:19:22 - [MESSAGE][INFO] - Checking object

2021-11-23 17:19:22 - [MESSAGE][INFO] - Finding web element from Test Object's properties

2021-11-23 17:19:22 - [MESSAGE][INFO] - Checking timeout

2021-11-23 17:19:22 - [MESSAGE][INFO] - Finding web element with id: 'Object Repository/Sayfalar/Giris_Sayfasi/PopupCarpiGiris' located by 'By.cssSelector: .bootbox-close-button.close' in '30' second(s)

2021-11-23 17:19:22 - [MESSAGE][INFO] - Smart Wait Function is triggered

2021-11-23 17:19:22 - [MESSAGE][INFO] - Found 1 web elements with id: 'Object Repository/Sayfalar/Giris_Sayfasi/PopupCarpiGiris' located by 'By.cssSelector: .bootbox-close-button.close' in '30' second(s)

2021-11-23 17:19:22 - [MESSAGE][INFO] - Clicking on object: 'Object Repository/Sayfalar/Giris_Sayfasi/PopupCarpiGiris'

2021-11-23 17:19:22 - [MESSAGE][PASSED] - Object: 'Object Repository/Sayfalar/Giris_Sayfasi/PopupCarpiGiris' is clicked on

2021-11-23 17:19:22 - [TEST_STEP][PASSED] - verifyElementVisible(findTestObject("Object Repository/Kullanici_Islemleri/KullaniciIslemleri")): Object 'Object Repository/Kullanici_Islemleri/KullaniciIslemleri' is visible

2021-11-23 17:19:22 - [MESSAGE][INFO] - Finding Test Object 'Object Repository/Kullanici_Islemleri/KullaniciIslemleri'

2021-11-23 17:19:23 - [MESSAGE][INFO] - Checking object

2021-11-23 17:19:23 - [MESSAGE][INFO] - Finding web element from Test Object's properties

2021-11-23 17:19:23 - [MESSAGE][INFO] - Checking timeout

2021-11-23 17:19:23 - [MESSAGE][INFO] - Finding web element with id: 'Object Repository/Kullanici_Islemleri/KullaniciIslemleri' located by 'By.cssSelector: .dropdown>a>img' in '30' second(s)

2021-11-23 17:19:23 - [MESSAGE][INFO] - Smart Wait Function is triggered

2021-11-23 17:19:23 - [MESSAGE][INFO] - Found 1 web elements with id: 'Object Repository/Kullanici_Islemleri/KullaniciIslemleri' located by 'By.cssSelector: .dropdown>a>img' in '30' second(s)

2021-11-23 17:19:23 - [MESSAGE][PASSED] - Object 'Object Repository/Kullanici_Islemleri/KullaniciIslemleri' is visible

2021-11-23 17:19:23 - [MESSAGE][PASSED] - Call Test Case 'Test Cases/Sayfalar/Giris_Sayfasi/Login' successfully

2021-11-23 17:19:23 - [MESSAGE][INFO] - Checking called Test Case

2021-11-23 17:19:23 - [MESSAGE][INFO] - Starting to call Test Case 'Test Cases/Menu/AnaMenuSecimi'

2021-11-23 17:19:23 - [TEST_CASE][PASSED] - Test Cases/Menu/AnaMenuSecimi: Test Cases/Menu/AnaMenuSecimi

2021-11-23 17:19:23 - [TEST_STEP][PASSED] - Method.TextDegerineEsitElementeTikla(findTestObject("Menu/Ana_Menu"), Ana_Menu): Method.TextDegerineEsitElementeTikla is PASSED

2021-11-23 17:19:23 - [MESSAGE][INFO] - Finding Test Object 'Object Repository/Menu/Ana_Menu'

2021-11-23 17:19:23 - [MESSAGE][INFO] - Checking timeout

2021-11-23 17:19:23 - [MESSAGE][INFO] - Finding web element with id: 'Object Repository/Menu/Ana_Menu' located by 'By.xpath: //*[@class = 'dropdown-toggle']' in '10' second(s)

2021-11-23 17:19:23 - [MESSAGE][INFO] - Smart Wait Function is triggered

2021-11-23 17:19:24 - [MESSAGE][INFO] - Found 14 web elements with id: 'Object Repository/Menu/Ana_Menu' located by 'By.xpath: //*[@class = 'dropdown-toggle']' in '10' second(s)

2021-11-23 17:19:25 - [MESSAGE][PASSED] - Method.TextDegerineEsitElementeTikla is PASSED

2021-11-23 17:19:25 - [MESSAGE][PASSED] - Call Test Case 'Test Cases/Menu/AnaMenuSecimi' successfully

2021-11-23 17:19:25 - [MESSAGE][INFO] - Checking called Test Case

2021-11-23 17:19:25 - [MESSAGE][INFO] - Starting to call Test Case 'Test Cases/Menu/BasligaGoreAltMenuSecimi'

2021-11-23 17:19:25 - [TEST_CASE][PASSED] - Test Cases/Menu/BasligaGoreAltMenuSecimi: Test Cases/Menu/BasligaGoreAltMenuSecimi

2021-11-23 17:19:25 - [TEST_STEP][PASSED] - Method.TextDegerineEsitElementinAltindakiTextDegerineEsitOlanaTikla(findTestObject("Menu/Menu_Basligi"), findTestObject("Menu/Basliga_Gore_Alt_Menu"), Baslik, Alt_Menu): Method.TextDegerineEsitElementinAltindakiTextDegerineEsitOlanaTikla is PASSED

2021-11-23 17:19:25 - [MESSAGE][INFO] - Finding Test Object 'Object Repository/Menu/Menu_Basligi'

2021-11-23 17:19:25 - [MESSAGE][INFO] - Finding Test Object 'Object Repository/Menu/Basliga_Gore_Alt_Menu'

2021-11-23 17:19:25 - [MESSAGE][INFO] - Checking timeout

2021-11-23 17:19:25 - [MESSAGE][INFO] - Finding web element with id: 'Object Repository/Menu/Menu_Basligi' located by 'By.xpath: //li[@class='dropdown dropdown-large open']//li[@class='dropdown-header']' in '10' second(s)

2021-11-23 17:19:25 - [MESSAGE][INFO] - Smart Wait Function is triggered

2021-11-23 17:19:26 - [MESSAGE][INFO] - Found 2 web elements with id: 'Object Repository/Menu/Menu_Basligi' located by 'By.xpath: //li[@class='dropdown dropdown-large open']//li[@class='dropdown-header']' in '10' second(s)

2021-11-23 17:19:26 - [MESSAGE][INFO] - Smart Wait Function is triggered

2021-11-23 17:19:37 - [MESSAGE][PASSED] - Method.TextDegerineEsitElementinAltindakiTextDegerineEsitOlanaTikla is PASSED

2021-11-23 17:19:37 - [MESSAGE][PASSED] - Call Test Case 'Test Cases/Menu/BasligaGoreAltMenuSecimi' successfully

2021-11-23 17:19:37 - [MESSAGE][INFO] - Checking called Test Case

2021-11-23 17:19:37 - [MESSAGE][INFO] - Starting to call Test Case 'Test Cases/Filtreler/BaslangicYaz'

2021-11-23 17:19:37 - [TEST_CASE][PASSED] - Test Cases/Filtreler/BaslangicYaz: Test Cases/Filtreler/BaslangicYaz

2021-11-23 17:19:37 - [TEST_STEP][PASSED] - delay(3): Delayed 3 second(s)

2021-11-23 17:19:37 - [MESSAGE][INFO] - Delaying browser in 3 second(s)

2021-11-23 17:19:40 - [MESSAGE][PASSED] - Delayed 3 second(s)

2021-11-23 17:19:40 - [TEST_STEP][PASSED] - Method.TextDegerineEsitElementinAltindakineTikla(findTestObject("Filtreler/Basliklar"), findTestObject("Filtreler/Basliga_Gore_Baslangic_Image"), Filtre_Adi): Method.TextDegerineEsitElementinAltindakineTikla is PASSED

2021-11-23 17:19:40 - [MESSAGE][INFO] - Finding Test Object 'Object Repository/Filtreler/Basliklar'

2021-11-23 17:19:40 - [MESSAGE][INFO] - Finding Test Object 'Object Repository/Filtreler/Basliga_Gore_Baslangic_Image'

2021-11-23 17:19:40 - [MESSAGE][INFO] - Checking timeout

2021-11-23 17:19:40 - [MESSAGE][INFO] - Finding web element with id: 'Object Repository/Filtreler/Basliklar' located by 'By.cssSelector: .control-label.col-sm-4.paddingMarginRLC' in '10' second(s)

2021-11-23 17:19:40 - [MESSAGE][INFO] - Smart Wait Function is triggered

2021-11-23 17:19:41 - [MESSAGE][INFO] - Found 7 web elements with id: 'Object Repository/Filtreler/Basliklar' located by 'By.cssSelector: .control-label.col-sm-4.paddingMarginRLC' in '10' second(s)

2021-11-23 17:19:41 - [MESSAGE][INFO] - Smart Wait Function is triggered

2021-11-23 17:19:41 - [MESSAGE][PASSED] - Method.TextDegerineEsitElementinAltindakineTikla is PASSED

2021-11-23 17:19:41 - [TEST_STEP][PASSED] - Method.TextDegerineEsitElementinAltindakiTextboxtaYaz(findTestObject("Filtreler/Basliklar"), findTestObject("Filtreler/Basliga_Gore_Baslangic"), Filtre_Adi, Filtre_Degeri): Method.TextDegerineEsitElementinAltindakiTextboxtaYaz is PASSED

2021-11-23 17:19:41 - [MESSAGE][INFO] - Finding Test Object 'Object Repository/Filtreler/Basliklar'

2021-11-23 17:19:41 - [MESSAGE][INFO] - Finding Test Object 'Object Repository/Filtreler/Basliga_Gore_Baslangic'

2021-11-23 17:19:41 - [MESSAGE][INFO] - Checking timeout

2021-11-23 17:19:41 - [MESSAGE][INFO] - Finding web element with id: 'Object Repository/Filtreler/Basliklar' located by 'By.cssSelector: .control-label.col-sm-4.paddingMarginRLC' in '10' second(s)

2021-11-23 17:19:41 - [MESSAGE][INFO] - Smart Wait Function is triggered

2021-11-23 17:19:42 - [MESSAGE][INFO] - Found 7 web elements with id: 'Object Repository/Filtreler/Basliklar' located by 'By.cssSelector: .control-label.col-sm-4.paddingMarginRLC' in '10' second(s)

2021-11-23 17:19:42 - [MESSAGE][INFO] - Smart Wait Function is triggered

2021-11-23 17:19:42 - [MESSAGE][PASSED] - Method.TextDegerineEsitElementinAltindakiTextboxtaYaz is PASSED

2021-11-23 17:19:42 - [MESSAGE][PASSED] - Call Test Case 'Test Cases/Filtreler/BaslangicYaz' successfully

2021-11-23 17:19:42 - [MESSAGE][INFO] - Checking called Test Case

2021-11-23 17:19:42 - [MESSAGE][INFO] - Starting to call Test Case 'Test Cases/Filtreler/BitisYaz'

2021-11-23 17:19:42 - [TEST_CASE][PASSED] - Test Cases/Filtreler/BitisYaz: Test Cases/Filtreler/BitisYaz

2021-11-23 17:19:42 - [TEST_STEP][PASSED] - Method.TextDegerineEsitElementinAltindakineTikla(findTestObject("Filtreler/Basliklar"), findTestObject("Filtreler/Basliga_Gore_Bitis_Image"), Filtre_Adi): Method.TextDegerineEsitElementinAltindakineTikla is PASSED

2021-11-23 17:19:42 - [MESSAGE][INFO] - Finding Test Object 'Object Repository/Filtreler/Basliklar'

2021-11-23 17:19:42 - [MESSAGE][INFO] - Finding Test Object 'Object Repository/Filtreler/Basliga_Gore_Bitis_Image'

2021-11-23 17:19:42 - [MESSAGE][INFO] - Checking timeout

2021-11-23 17:19:42 - [MESSAGE][INFO] - Finding web element with id: 'Object Repository/Filtreler/Basliklar' located by 'By.cssSelector: .control-label.col-sm-4.paddingMarginRLC' in '10' second(s)

2021-11-23 17:19:42 - [MESSAGE][INFO] - Smart Wait Function is triggered

2021-11-23 17:19:43 - [MESSAGE][INFO] - Found 7 web elements with id: 'Object Repository/Filtreler/Basliklar' located by 'By.cssSelector: .control-label.col-sm-4.paddingMarginRLC' in '10' second(s)

2021-11-23 17:19:43 - [MESSAGE][INFO] - Smart Wait Function is triggered

2021-11-23 17:19:43 - [MESSAGE][PASSED] - Method.TextDegerineEsitElementinAltindakineTikla is PASSED

2021-11-23 17:19:43 - [TEST_STEP][PASSED] - Method.TextDegerineEsitElementinAltindakiTextboxtaYaz(findTestObject("Filtreler/Basliklar"), findTestObject("Object Repository/Filtreler/Basliga_Gore_Bitis"), Filtre_Adi, Filtre_Degeri): Method.TextDegerineEsitElementinAltindakiTextboxtaYaz is PASSED

2021-11-23 17:19:43 - [MESSAGE][INFO] - Finding Test Object 'Object Repository/Filtreler/Basliklar'

2021-11-23 17:19:43 - [MESSAGE][INFO] - Finding Test Object 'Object Repository/Filtreler/Basliga_Gore_Bitis'

2021-11-23 17:19:43 - [MESSAGE][INFO] - Checking timeout

2021-11-23 17:19:43 - [MESSAGE][INFO] - Finding web element with id: 'Object Repository/Filtreler/Basliklar' located by 'By.cssSelector: .control-label.col-sm-4.paddingMarginRLC' in '10' second(s)

2021-11-23 17:19:43 - [MESSAGE][INFO] - Smart Wait Function is triggered

2021-11-23 17:19:44 - [MESSAGE][INFO] - Found 7 web elements with id: 'Object Repository/Filtreler/Basliklar' located by 'By.cssSelector: .control-label.col-sm-4.paddingMarginRLC' in '10' second(s)

2021-11-23 17:19:44 - [MESSAGE][INFO] - Smart Wait Function is triggered

2021-11-23 17:19:44 - [MESSAGE][PASSED] - Method.TextDegerineEsitElementinAltindakiTextboxtaYaz is PASSED

2021-11-23 17:19:44 - [MESSAGE][PASSED] - Call Test Case 'Test Cases/Filtreler/BitisYaz' successfully

2021-11-23 17:19:44 - [MESSAGE][INFO] - Checking called Test Case

2021-11-23 17:19:44 - [MESSAGE][INFO] - Starting to call Test Case 'Test Cases/Filtreler/ButonaTikla'

2021-11-23 17:19:44 - [TEST_CASE][PASSED] - Test Cases/Filtreler/ButonaTikla: Test Cases/Filtreler/ButonaTikla

2021-11-23 17:19:44 - [TEST_STEP][PASSED] - Method.TextDegerineEsitElementeTikla(findTestObject("Filtreler/Butonlar"), Filtre_Buton): Method.TextDegerineEsitElementeTikla is PASSED

2021-11-23 17:19:44 - [MESSAGE][INFO] - Finding Test Object 'Object Repository/Filtreler/Butonlar'

2021-11-23 17:19:44 - [MESSAGE][INFO] - Checking timeout

2021-11-23 17:19:44 - [MESSAGE][INFO] - Finding web element with id: 'Object Repository/Filtreler/Butonlar' located by 'By.cssSelector: .dxb>span' in '10' second(s)

2021-11-23 17:19:44 - [MESSAGE][INFO] - Smart Wait Function is triggered

2021-11-23 17:19:45 - [MESSAGE][INFO] - Found 2 web elements with id: 'Object Repository/Filtreler/Butonlar' located by 'By.cssSelector: .dxb>span' in '10' second(s)

2021-11-23 17:19:45 - [MESSAGE][PASSED] - Method.TextDegerineEsitElementeTikla is PASSED

2021-11-23 17:19:45 - [MESSAGE][PASSED] - Call Test Case 'Test Cases/Filtreler/ButonaTikla' successfully

2021-11-23 17:19:45 - [MESSAGE][INFO] - Checking called Test Case

2021-11-23 17:19:45 - [MESSAGE][INFO] - Starting to call Test Case 'Test Cases/Tablo/TablodaVeriVarMi'

2021-11-23 17:19:45 - [TEST_CASE][PASSED] - Test Cases/Tablo/TablodaVeriVarMi: Test Cases/Tablo/TablodaVeriVarMi

2021-11-23 17:19:45 - [TEST_STEP][PASSED] - verifyTextNotPresent("Görüntülenecek veri yok", true): Text 'Görüntülenecek veri yok' is not present on page using regular expression

2021-11-23 17:19:45 - [MESSAGE][INFO] - Checking text present  using regular expression

2021-11-23 17:19:45 - [MESSAGE][INFO] - Smart Wait Function is triggered

2021-11-23 17:19:46 - [MESSAGE][INFO] - Finding text 'Görüntülenecek veri yok' on page  using regular expression

2021-11-23 17:19:46 - [MESSAGE][PASSED] - Text 'Görüntülenecek veri yok' is not present on page using regular expression

2021-11-23 17:19:46 - [MESSAGE][PASSED] - Call Test Case 'Test Cases/Tablo/TablodaVeriVarMi' successfully

2021-11-23 17:19:46 - [MESSAGE][INFO] - Checking called Test Case

2021-11-23 17:19:46 - [MESSAGE][INFO] - Starting to call Test Case 'Test Cases/Tablo/TablodanVeriyeTiklanir'

2021-11-23 17:19:46 - [TEST_CASE][PASSED] - Test Cases/Tablo/TablodanVeriyeTiklanir: Test Cases/Tablo/TablodanVeriyeTiklanir

2021-11-23 17:19:46 - [TEST_STEP][PASSED] - Method.TextDegerineEsitElementeTikla(findTestObject("Tablo/Veriler"), VeriAdi): Method.TextDegerineEsitElementeTikla is PASSED

2021-11-23 17:19:46 - [MESSAGE][INFO] - Finding Test Object 'Object Repository/Tablo/Veriler'

2021-11-23 17:19:46 - [MESSAGE][INFO] - Checking timeout

2021-11-23 17:19:46 - [MESSAGE][INFO] - Finding web element with id: 'Object Repository/Tablo/Veriler' located by 'By.cssSelector: td.dxgv b ,td.dxgv' in '10' second(s)

2021-11-23 17:19:46 - [MESSAGE][INFO] - Smart Wait Function is triggered

2021-11-23 17:19:46 - [MESSAGE][INFO] - Found 8 web elements with id: 'Object Repository/Tablo/Veriler' located by 'By.cssSelector: td.dxgv b ,td.dxgv' in '10' second(s)

2021-11-23 17:19:46 - [MESSAGE][PASSED] - Method.TextDegerineEsitElementeTikla is PASSED

2021-11-23 17:19:46 - [MESSAGE][PASSED] - Call Test Case 'Test Cases/Tablo/TablodanVeriyeTiklanir' successfully

2021-11-23 17:19:46 - [MESSAGE][INFO] - Checking called Test Case

2021-11-23 17:19:46 - [MESSAGE][INFO] - Starting to call Test Case 'Test Cases/Butonlar/ButonaTikla'

2021-11-23 17:19:46 - [TEST_CASE][PASSED] - Test Cases/Butonlar/ButonaTikla: Test Cases/Butonlar/ButonaTikla

2021-11-23 17:19:46 - [TEST_STEP][PASSED] - Method.TextDegerineEsitElementeTiklaEquals(findTestObject("Butonlar/Butonlar"), Buton_Adi): Method.TextDegerineEsitElementeTiklaEquals is PASSED

2021-11-23 17:19:46 - [MESSAGE][INFO] - Finding Test Object 'Object Repository/Butonlar/Butonlar'

2021-11-23 17:19:46 - [MESSAGE][INFO] - Checking timeout

2021-11-23 17:19:46 - [MESSAGE][INFO] - Finding web element with id: 'Object Repository/Butonlar/Butonlar' located by 'By.cssSelector: .panel.panel-default.text-center.footerPanel .btn,.btn.btn-primary.btnControls' in '10' second(s)

2021-11-23 17:19:46 - [MESSAGE][INFO] - Smart Wait Function is triggered

2021-11-23 17:19:47 - [MESSAGE][INFO] - Found 7 web elements with id: 'Object Repository/Butonlar/Butonlar' located by 'By.cssSelector: .panel.panel-default.text-center.footerPanel .btn,.btn.btn-primary.btnControls' in '10' second(s)

2021-11-23 17:19:47 - [MESSAGE][PASSED] - Method.TextDegerineEsitElementeTiklaEquals is PASSED

2021-11-23 17:19:47 - [MESSAGE][PASSED] - Call Test Case 'Test Cases/Butonlar/ButonaTikla' successfully

2021-11-23 17:19:47 - [MESSAGE][INFO] - Checking called Test Case

2021-11-23 17:19:47 - [MESSAGE][INFO] - Starting to call Test Case 'Test Cases/Tablo/TablodaUnvanliVeriOlusturulduMu'

2021-11-23 17:19:47 - [TEST_CASE][PASSED] - Test Cases/Tablo/TablodaUnvanliVeriOlusturulduMu: Test Cases/Tablo/TablodaUnvanliVeriOlusturulduMu

2021-11-23 17:19:47 - [TEST_STEP][PASSED] - waitForElementVisible(findTestObject("Tablo/OlusturulanVeri"), 10, STOP_ON_FAILURE): Object 'Object Repository/Tablo/OlusturulanVeri' is visible

2021-11-23 17:19:47 - [MESSAGE][INFO] - Finding Test Object 'Object Repository/Tablo/OlusturulanVeri'

2021-11-23 17:19:47 - [MESSAGE][INFO] - Checking object

2021-11-23 17:19:47 - [MESSAGE][INFO] - Checking timeout

2021-11-23 17:19:47 - [MESSAGE][INFO] - Finding web element from Test Object's properties

2021-11-23 17:19:47 - [MESSAGE][INFO] - Checking timeout

2021-11-23 17:19:47 - [MESSAGE][INFO] - Finding web element with id: 'Object Repository/Tablo/OlusturulanVeri' located by 'By.cssSelector: table.dxgvTable_LECustomTheme>tbody>tr:nth-child(3)>td.dxgv b,table.dxgvTable_LECustomTheme>tbody>tr:nth-child(3)>td.dxgv' in '10' second(s)

2021-11-23 17:19:47 - [MESSAGE][INFO] - Smart Wait Function is triggered

2021-11-23 17:19:52 - [MESSAGE][INFO] - Found 8 web elements with id: 'Object Repository/Tablo/OlusturulanVeri' located by 'By.cssSelector: table.dxgvTable_LECustomTheme>tbody>tr:nth-child(3)>td.dxgv b,table.dxgvTable_LECustomTheme>tbody>tr:nth-child(3)>td.dxgv' in '10' second(s)

2021-11-23 17:19:52 - [MESSAGE][PASSED] - Object 'Object Repository/Tablo/OlusturulanVeri' is visible

2021-11-23 17:19:52 - [TEST_STEP][PASSED] - Method.TextDegerineEsitElementVarMi(findTestObject("Tablo/OlusturulanVeri"), Unvan): Method.TextDegerineEsitElementVarMi is PASSED

2021-11-23 17:19:52 - [MESSAGE][INFO] - Finding Test Object 'Object Repository/Tablo/OlusturulanVeri'

2021-11-23 17:19:52 - [MESSAGE][INFO] - Checking timeout

2021-11-23 17:19:52 - [MESSAGE][INFO] - Finding web element with id: 'Object Repository/Tablo/OlusturulanVeri' located by 'By.cssSelector: table.dxgvTable_LECustomTheme>tbody>tr:nth-child(3)>td.dxgv b,table.dxgvTable_LECustomTheme>tbody>tr:nth-child(3)>td.dxgv' in '10' second(s)

2021-11-23 17:19:52 - [MESSAGE][INFO] - Smart Wait Function is triggered

2021-11-23 17:19:53 - [MESSAGE][INFO] - Found 8 web elements with id: 'Object Repository/Tablo/OlusturulanVeri' located by 'By.cssSelector: table.dxgvTable_LECustomTheme>tbody>tr:nth-child(3)>td.dxgv b,table.dxgvTable_LECustomTheme>tbody>tr:nth-child(3)>td.dxgv' in '10' second(s)

2021-11-23 17:19:53 - [MESSAGE][PASSED] - Method.TextDegerineEsitElementVarMi is PASSED

2021-11-23 17:19:53 - [MESSAGE][PASSED] - Call Test Case 'Test Cases/Tablo/TablodaUnvanliVeriOlusturulduMu' successfully

2021-11-23 17:19:53 - [MESSAGE][INFO] - Checking called Test Case

2021-11-23 17:19:53 - [MESSAGE][INFO] - Starting to call Test Case 'Test Cases/Kullanici_Islemleri/KullaniciIslemlerindenSecimYapilir'

2021-11-23 17:19:53 - [TEST_CASE][PASSED] - Test Cases/Kullanici_Islemleri/KullaniciIslemlerindenSecimYapilir: Test Cases/Kullanici_Islemleri/KullaniciIslemlerindenSecimYapilir

2021-11-23 17:19:53 - [TEST_STEP][PASSED] - waitForElementClickable(findTestObject("Object Repository/Kullanici_Islemleri/KullaniciIslemleri"), 10): Object 'Object Repository/Kullanici_Islemleri/KullaniciIslemleri' is clickable

2021-11-23 17:19:53 - [MESSAGE][INFO] - Finding Test Object 'Object Repository/Kullanici_Islemleri/KullaniciIslemleri'

2021-11-23 17:19:53 - [MESSAGE][INFO] - Checking object

2021-11-23 17:19:53 - [MESSAGE][INFO] - Checking timeout

2021-11-23 17:19:53 - [MESSAGE][INFO] - Finding web element from Test Object's properties

2021-11-23 17:19:53 - [MESSAGE][INFO] - Checking timeout

2021-11-23 17:19:53 - [MESSAGE][INFO] - Finding web element with id: 'Object Repository/Kullanici_Islemleri/KullaniciIslemleri' located by 'By.cssSelector: .dropdown>a>img' in '10' second(s)

2021-11-23 17:19:53 - [MESSAGE][INFO] - Smart Wait Function is triggered

2021-11-23 17:19:53 - [MESSAGE][INFO] - Found 1 web elements with id: 'Object Repository/Kullanici_Islemleri/KullaniciIslemleri' located by 'By.cssSelector: .dropdown>a>img' in '10' second(s)

2021-11-23 17:19:53 - [MESSAGE][PASSED] - Object 'Object Repository/Kullanici_Islemleri/KullaniciIslemleri' is clickable

2021-11-23 17:19:53 - [TEST_STEP][PASSED] - click(findTestObject("Object Repository/Kullanici_Islemleri/KullaniciIslemleri")): Object: 'Object Repository/Kullanici_Islemleri/KullaniciIslemleri' is clicked on

2021-11-23 17:19:53 - [MESSAGE][INFO] - Finding Test Object 'Object Repository/Kullanici_Islemleri/KullaniciIslemleri'

2021-11-23 17:19:53 - [MESSAGE][INFO] - Checking object

2021-11-23 17:19:53 - [MESSAGE][INFO] - Finding web element from Test Object's properties

2021-11-23 17:19:53 - [MESSAGE][INFO] - Checking timeout

2021-11-23 17:19:53 - [MESSAGE][INFO] - Finding web element with id: 'Object Repository/Kullanici_Islemleri/KullaniciIslemleri' located by 'By.cssSelector: .dropdown>a>img' in '30' second(s)

2021-11-23 17:19:53 - [MESSAGE][INFO] - Smart Wait Function is triggered

2021-11-23 17:19:53 - [MESSAGE][INFO] - Found 1 web elements with id: 'Object Repository/Kullanici_Islemleri/KullaniciIslemleri' located by 'By.cssSelector: .dropdown>a>img' in '30' second(s)

2021-11-23 17:19:53 - [MESSAGE][INFO] - Clicking on object: 'Object Repository/Kullanici_Islemleri/KullaniciIslemleri'

2021-11-23 17:19:53 - [MESSAGE][PASSED] - Object: 'Object Repository/Kullanici_Islemleri/KullaniciIslemleri' is clicked on

2021-11-23 17:19:53 - [TEST_STEP][PASSED] - Method.TextDegerineEsitElementeTikla(findTestObject("Object Repository/Kullanici_Islemleri/Secenekler"), Islem): Method.TextDegerineEsitElementeTikla is PASSED

2021-11-23 17:19:53 - [MESSAGE][INFO] - Finding Test Object 'Object Repository/Kullanici_Islemleri/Secenekler'

2021-11-23 17:19:54 - [MESSAGE][INFO] - Checking timeout

2021-11-23 17:19:54 - [MESSAGE][INFO] - Finding web element with id: 'Object Repository/Kullanici_Islemleri/Secenekler' located by 'By.cssSelector: .nav.navbar-nav.navbar-right li a' in '10' second(s)

2021-11-23 17:19:54 - [MESSAGE][INFO] - Smart Wait Function is triggered

2021-11-23 17:19:54 - [MESSAGE][INFO] - Found 22 web elements with id: 'Object Repository/Kullanici_Islemleri/Secenekler' located by 'By.cssSelector: .nav.navbar-nav.navbar-right li a' in '10' second(s)

2021-11-23 17:19:56 - [MESSAGE][PASSED] - Method.TextDegerineEsitElementeTikla is PASSED

2021-11-23 17:19:56 - [TEST_STEP][PASSED] - verifyElementNotPresent(findTestObject("Object Repository/Kullanici_Islemleri/Secenekler"), 10): Web element with id: 'Object Repository/Kullanici_Islemleri/Secenekler' located by 'By.cssSelector: .nav.navbar-nav.navbar-right li a' is not present after '10' second(s)

2021-11-23 17:19:56 - [MESSAGE][INFO] - Finding Test Object 'Object Repository/Kullanici_Islemleri/Secenekler'

2021-11-23 17:19:56 - [MESSAGE][INFO] - Checking object

2021-11-23 17:19:56 - [MESSAGE][INFO] - Checking timeout

2021-11-23 17:19:56 - [MESSAGE][INFO] - Finding web element with id: 'Object Repository/Kullanici_Islemleri/Secenekler' located by 'By.cssSelector: .nav.navbar-nav.navbar-right li a' in '10' second(s)

2021-11-23 17:19:56 - [MESSAGE][INFO] - Smart Wait Function is triggered

2021-11-23 17:19:56 - [MESSAGE][PASSED] - Web element with id: 'Object Repository/Kullanici_Islemleri/Secenekler' located by 'By.cssSelector: .nav.navbar-nav.navbar-right li a' is not present after '10' second(s)

2021-11-23 17:19:56 - [MESSAGE][PASSED] - Call Test Case 'Test Cases/Kullanici_Islemleri/KullaniciIslemlerindenSecimYapilir' successfully

2021-11-23 17:19:56 - [TEST_CASE][PASSED] - Start Test Case : SCENARIO Tasarim Araclari Kopyala: SCENARIO Tasarim Araclari Kopyala

2021-11-23 17:19:56 - [TEST_STEP][PASSED] - Kullanıcı adı ELOGO6 ve Şifre 123456 olarak giriş yapılır: Kullanıcı adı ELOGO6 ve Şifre 123456 olarak giriş yapılır

2021-11-23 17:19:56 - [MESSAGE][PASSED] - Kullanıcı adı ELOGO6 ve Şifre 123456 olarak giriş yapılır

2021-11-23 17:19:56 - [TEST_STEP][PASSED] - Ana menüden Ayarlar seçilir: Ana menüden Ayarlar seçilir

2021-11-23 17:19:56 - [MESSAGE][PASSED] - Ana menüden Ayarlar seçilir

2021-11-23 17:19:56 - [TEST_STEP][PASSED] - Alt menü Görsel Tasarımlar başlığı altındaki Tasarım Araçları seçilir: Alt menü Görsel Tasarımlar başlığı altındaki Tasarım Araçları seçilir

2021-11-23 17:19:56 - [MESSAGE][PASSED] - Alt menü Görsel Tasarımlar başlığı altındaki Tasarım Araçları seçilir

2021-11-23 17:19:56 - [TEST_STEP][PASSED] - Filtrelerden Oluşturma Zamanı filtresine 18.01.2018 baslangic degerini yaz: Filtrelerden Oluşturma Zamanı filtresine 18.01.2018 baslangic degerini yaz

2021-11-23 17:19:56 - [MESSAGE][PASSED] - Filtrelerden Oluşturma Zamanı filtresine 18.01.2018 baslangic degerini yaz

2021-11-23 17:19:56 - [TEST_STEP][PASSED] - Filtrelerden Oluşturma Zamanı filtresine 31.12.2018 bitis degerini yaz: Filtrelerden Oluşturma Zamanı filtresine 31.12.2018 bitis degerini yaz

2021-11-23 17:19:56 - [MESSAGE][PASSED] - Filtrelerden Oluşturma Zamanı filtresine 31.12.2018 bitis degerini yaz

2021-11-23 17:19:56 - [TEST_STEP][PASSED] - Filtre butonlarından Listele seçilir: Filtre butonlarından Listele seçilir

2021-11-23 17:19:56 - [MESSAGE][PASSED] - Filtre butonlarından Listele seçilir

2021-11-23 17:19:56 - [TEST_STEP][PASSED] - Tabloda veri var mı kontrol edilir: Tabloda veri var mı kontrol edilir

2021-11-23 17:19:56 - [MESSAGE][PASSED] - Tabloda veri var mı kontrol edilir

2021-11-23 17:19:56 - [TEST_STEP][PASSED] - Tablodaki TEST ünvanlı veriye tıklanır: Tablodaki TEST ünvanlı veriye tıklanır

2021-11-23 17:19:56 - [MESSAGE][PASSED] - Tablodaki TEST ünvanlı veriye tıklanır

2021-11-23 17:19:56 - [TEST_STEP][PASSED] - Butonlardan Kopyala isimli butona tıklanır: Butonlardan Kopyala isimli butona tıklanır

2021-11-23 17:19:56 - [MESSAGE][PASSED] - Butonlardan Kopyala isimli butona tıklanır

2021-11-23 17:19:56 - [TEST_STEP][PASSED] - Tabloda TEST ünvanlı veri oluşturuldu mu: Tabloda TEST ünvanlı veri oluşturuldu mu

2021-11-23 17:19:56 - [MESSAGE][PASSED] - Tabloda TEST ünvanlı veri oluşturuldu mu

2021-11-23 17:19:56 - [TEST_STEP][PASSED] - Kullanıcı işlemlerinden Çıkış seçilir: Kullanıcı işlemlerinden Çıkış seçilir

2021-11-23 17:19:56 - [MESSAGE][PASSED] - Kullanıcı işlemlerinden Çıkış seçilir

2021-11-23 17:19:56 - [MESSAGE][PASSED] - Feature file: 'Include/features/Ayarlar/Gorsel Tasarimlar/Tasarim Araclari/Kopyala.feature' was passed

2021-11-23 17:19:56 - [TEST_STEP][PASSED] - Start listener action : sampleAfterTestSuite: Invoke 'com.kms.katalon.core.annotation.AfterTestCase' method: 'Listener.sampleAfterTestSuite(...)' completed.

2021-11-23 17:19:56 - [MESSAGE][INFO] - Starting invoke 'com.kms.katalon.core.annotation.AfterTestCase' method: 'Listener.sampleAfterTestSuite(...)'

2021-11-23 17:19:56 - [TEST_STEP][PASSED] - closeBrowser(): Invoke 'com.kms.katalon.core.annotation.AfterTestCase' method: 'Listener.sampleAfterTestSuite(...)' completed.

2021-11-23 17:19:56 - [MESSAGE][INFO] - Closing browser

2021-11-23 17:19:57 - [MESSAGE][PASSED] - Browser is closed

2021-11-23 17:19:57 - [MESSAGE][INFO] - Invoke 'com.kms.katalon.core.annotation.AfterTestCase' method: 'Listener.sampleAfterTestSuite(...)' completed.]]></system-out>
         <system-err><![CDATA[]]></system-err>
      </testcase>
      <testcase name="Test Cases/Case Repository/Ayarlar/Gorsel Tasarim/Tasarim Araclari/On Deger Ata" time="49.379" classname="Test Cases/Case Repository/Ayarlar/Gorsel Tasarim/Tasarim Araclari/On Deger Ata" status="PASSED">
         <system-out><![CDATA[2021-11-23 17:19:57 - [TEST_CASE][PASSED] - Test Cases/Case Repository/Ayarlar/Gorsel Tasarim/Tasarim Araclari/On Deger Ata: Test Cases/Case Repository/Ayarlar/Gorsel Tasarim/Tasarim Araclari/On Deger Ata

2021-11-23 17:19:57 - [TEST_STEP][PASSED] - Start listener action : sampleBeforeTestSuite: Invoke 'com.kms.katalon.core.annotation.BeforeTestCase' method: 'Listener.sampleBeforeTestSuite(...)' completed.

2021-11-23 17:19:57 - [MESSAGE][INFO] - Starting invoke 'com.kms.katalon.core.annotation.BeforeTestCase' method: 'Listener.sampleBeforeTestSuite(...)'

2021-11-23 17:19:57 - [TEST_STEP][PASSED] - openBrowser(baseUrl): Browser is opened with url: 'https://efatura-stage.elogo.com.tr/'

2021-11-23 17:19:57 - [MESSAGE][INFO] - Opening browser

2021-11-23 17:19:57 - [MESSAGE][INFO] - Starting 'Chrome' driver

2021-11-23 17:19:57 - [MESSAGE][INFO] - User set preference: ['prefs', '{download.default_directory=C:\otomasyondownfiles}']

2021-11-23 17:19:57 - [MESSAGE][INFO] - Action delay is set to 0 milliseconds

2021-11-23 17:19:59 - [MESSAGE][INFO] - Navigating browser to: 'https://efatura-stage.elogo.com.tr/'

2021-11-23 17:20:01 - [MESSAGE][PASSED] - Browser is opened with url: 'https://efatura-stage.elogo.com.tr/'

2021-11-23 17:20:01 - [TEST_STEP][PASSED] - maximizeWindow(): Invoke 'com.kms.katalon.core.annotation.BeforeTestCase' method: 'Listener.sampleBeforeTestSuite(...)' completed.

2021-11-23 17:20:01 - [MESSAGE][INFO] - Maximizing current window

2021-11-23 17:20:01 - [MESSAGE][PASSED] - Current window maximized

2021-11-23 17:20:01 - [MESSAGE][INFO] - Invoke 'com.kms.katalon.core.annotation.BeforeTestCase' method: 'Listener.sampleBeforeTestSuite(...)' completed.

2021-11-23 17:20:02 - [TEST_STEP][PASSED] - runFeatureFile("Include/features/Ayarlar/Gorsel Tasarimlar/Tasarim Araclari/On Deger Ata.feature"): Feature file: 'Include/features/Ayarlar/Gorsel Tasarimlar/Tasarim Araclari/On Deger Ata.feature' was passed

2021-11-23 17:20:02 - [MESSAGE][INFO] - Starting run keyword runFeatureFile: 'Include/features/Ayarlar/Gorsel Tasarimlar/Tasarim Araclari/On Deger Ata.feature' and extract report to folder: 'C:\Users\DELL\Documents\GitHub\EES_KatalonLogo\Reports\20211123_163326\Suite Repository\Ayarlar\20211123_163427/cucumber_report/1637677202437'...

2021-11-23 17:20:02 - [MESSAGE][INFO] - Glue: []

2021-11-23 17:20:05 - [MESSAGE][INFO] - Checking called Test Case

2021-11-23 17:20:05 - [MESSAGE][INFO] - Starting to call Test Case 'Test Cases/Sayfalar/Giris_Sayfasi/Login'

2021-11-23 17:20:05 - [TEST_CASE][PASSED] - Test Cases/Sayfalar/Giris_Sayfasi/Login: Test Cases/Sayfalar/Giris_Sayfasi/Login

2021-11-23 17:20:05 - [TEST_STEP][PASSED] - Sayfa_Basligi = getWindowTitle(): Current window's title is: 'LOGO e-Fatura'

2021-11-23 17:20:05 - [MESSAGE][INFO] - Getting current window's title

2021-11-23 17:20:05 - [MESSAGE][PASSED] - Current window's title is: 'LOGO e-Fatura'

2021-11-23 17:20:05 - [TEST_STEP][PASSED] - verifyMatch(Sayfa_Basligi, "LOGO e-Fatura", false): Actual text 'LOGO e-Fatura' and expected text 'LOGO e-Fatura' are matched 

2021-11-23 17:20:05 - [MESSAGE][INFO] - Matching actual text 'LOGO e-Fatura' with expected text 'LOGO e-Fatura'

2021-11-23 17:20:05 - [MESSAGE][PASSED] - Actual text 'LOGO e-Fatura' and expected text 'LOGO e-Fatura' are matched 

2021-11-23 17:20:05 - [TEST_STEP][PASSED] - sendKeys(findTestObject("Sayfalar/Giris_Sayfasi/Firma_Kodu"), KullaniciAdi): Keys 'ELOGO6' sent to object: 'Object Repository/Sayfalar/Giris_Sayfasi/Firma_Kodu'

2021-11-23 17:20:05 - [MESSAGE][INFO] - Finding Test Object 'Object Repository/Sayfalar/Giris_Sayfasi/Firma_Kodu'

2021-11-23 17:20:05 - [MESSAGE][INFO] - Sending keys 'ELOGO6' to object: 'Object Repository/Sayfalar/Giris_Sayfasi/Firma_Kodu'

2021-11-23 17:20:05 - [MESSAGE][INFO] - Finding web element from Test Object's properties

2021-11-23 17:20:05 - [MESSAGE][INFO] - Checking timeout

2021-11-23 17:20:05 - [MESSAGE][INFO] - Finding web element with id: 'Object Repository/Sayfalar/Giris_Sayfasi/Firma_Kodu' located by 'By.xpath: //*[@id = 'AccountName']' in '30' second(s)

2021-11-23 17:20:05 - [MESSAGE][INFO] - Smart Wait Function is triggered

2021-11-23 17:20:05 - [MESSAGE][INFO] - Found 1 web elements with id: 'Object Repository/Sayfalar/Giris_Sayfasi/Firma_Kodu' located by 'By.xpath: //*[@id = 'AccountName']' in '30' second(s)

2021-11-23 17:20:05 - [MESSAGE][PASSED] - Keys 'ELOGO6' sent to object: 'Object Repository/Sayfalar/Giris_Sayfasi/Firma_Kodu'

2021-11-23 17:20:05 - [TEST_STEP][PASSED] - sendKeys(findTestObject("Sayfalar/Giris_Sayfasi/Sifre"), Sifre): Keys '123456' sent to object: 'Object Repository/Sayfalar/Giris_Sayfasi/Sifre'

2021-11-23 17:20:05 - [MESSAGE][INFO] - Finding Test Object 'Object Repository/Sayfalar/Giris_Sayfasi/Sifre'

2021-11-23 17:20:06 - [MESSAGE][INFO] - Sending keys '123456' to object: 'Object Repository/Sayfalar/Giris_Sayfasi/Sifre'

2021-11-23 17:20:06 - [MESSAGE][INFO] - Finding web element from Test Object's properties

2021-11-23 17:20:06 - [MESSAGE][INFO] - Checking timeout

2021-11-23 17:20:06 - [MESSAGE][INFO] - Finding web element with id: 'Object Repository/Sayfalar/Giris_Sayfasi/Sifre' located by 'By.xpath: //*[@id = 'Password']' in '30' second(s)

2021-11-23 17:20:06 - [MESSAGE][INFO] - Smart Wait Function is triggered

2021-11-23 17:20:06 - [MESSAGE][INFO] - Found 1 web elements with id: 'Object Repository/Sayfalar/Giris_Sayfasi/Sifre' located by 'By.xpath: //*[@id = 'Password']' in '30' second(s)

2021-11-23 17:20:06 - [MESSAGE][PASSED] - Keys '123456' sent to object: 'Object Repository/Sayfalar/Giris_Sayfasi/Sifre'

2021-11-23 17:20:06 - [TEST_STEP][PASSED] - findWebElement(findTestObject("Sayfalar/Giris_Sayfasi/Giris_Butonu")).click(): Found 1 web elements with id: 'Object Repository/Sayfalar/Giris_Sayfasi/Giris_Butonu' located by 'By.cssSelector: #btnLogin' in '30' second(s)

2021-11-23 17:20:06 - [MESSAGE][INFO] - Finding Test Object 'Object Repository/Sayfalar/Giris_Sayfasi/Giris_Butonu'

2021-11-23 17:20:06 - [MESSAGE][INFO] - Finding web element from Test Object's properties

2021-11-23 17:20:06 - [MESSAGE][INFO] - Checking timeout

2021-11-23 17:20:06 - [MESSAGE][INFO] - Finding web element with id: 'Object Repository/Sayfalar/Giris_Sayfasi/Giris_Butonu' located by 'By.cssSelector: #btnLogin' in '30' second(s)

2021-11-23 17:20:06 - [MESSAGE][INFO] - Smart Wait Function is triggered

2021-11-23 17:20:06 - [MESSAGE][INFO] - Found 1 web elements with id: 'Object Repository/Sayfalar/Giris_Sayfasi/Giris_Butonu' located by 'By.cssSelector: #btnLogin' in '30' second(s)

2021-11-23 17:20:10 - [TEST_STEP][PASSED] - if (verifyElementPresent(findTestObject("Object Repository/Sayfalar/Giris_Sayfasi/RetveTamam_Butonu"), 5, OPTIONAL)): null

2021-11-23 17:20:10 - [MESSAGE][INFO] - Finding Test Object 'Object Repository/Sayfalar/Giris_Sayfasi/RetveTamam_Butonu'

2021-11-23 17:20:10 - [MESSAGE][INFO] - Checking object

2021-11-23 17:20:10 - [MESSAGE][INFO] - Finding web element from Test Object's properties

2021-11-23 17:20:10 - [MESSAGE][INFO] - Checking timeout

2021-11-23 17:20:10 - [MESSAGE][INFO] - Finding web element with id: 'Object Repository/Sayfalar/Giris_Sayfasi/RetveTamam_Butonu' located by 'By.xpath: //*[@class = 'btn btn-default']' in '5' second(s)

2021-11-23 17:20:10 - [MESSAGE][INFO] - Smart Wait Function is triggered

2021-11-23 17:20:11 - [MESSAGE][INFO] - Found 1 web elements with id: 'Object Repository/Sayfalar/Giris_Sayfasi/RetveTamam_Butonu' located by 'By.xpath: //*[@class = 'btn btn-default']' in '5' second(s)

2021-11-23 17:20:11 - [MESSAGE][PASSED] - Object 'Object Repository/Sayfalar/Giris_Sayfasi/RetveTamam_Butonu' is present

2021-11-23 17:20:11 - [TEST_STEP][PASSED] - click(findTestObject("Object Repository/Sayfalar/Giris_Sayfasi/RetveTamam_Butonu")): Object: 'Object Repository/Sayfalar/Giris_Sayfasi/RetveTamam_Butonu' is clicked on

2021-11-23 17:20:11 - [MESSAGE][INFO] - Finding Test Object 'Object Repository/Sayfalar/Giris_Sayfasi/RetveTamam_Butonu'

2021-11-23 17:20:11 - [MESSAGE][INFO] - Checking object

2021-11-23 17:20:11 - [MESSAGE][INFO] - Finding web element from Test Object's properties

2021-11-23 17:20:11 - [MESSAGE][INFO] - Checking timeout

2021-11-23 17:20:11 - [MESSAGE][INFO] - Finding web element with id: 'Object Repository/Sayfalar/Giris_Sayfasi/RetveTamam_Butonu' located by 'By.xpath: //*[@class = 'btn btn-default']' in '30' second(s)

2021-11-23 17:20:11 - [MESSAGE][INFO] - Smart Wait Function is triggered

2021-11-23 17:20:11 - [MESSAGE][INFO] - Found 1 web elements with id: 'Object Repository/Sayfalar/Giris_Sayfasi/RetveTamam_Butonu' located by 'By.xpath: //*[@class = 'btn btn-default']' in '30' second(s)

2021-11-23 17:20:11 - [MESSAGE][INFO] - Clicking on object: 'Object Repository/Sayfalar/Giris_Sayfasi/RetveTamam_Butonu'

2021-11-23 17:20:11 - [MESSAGE][PASSED] - Object: 'Object Repository/Sayfalar/Giris_Sayfasi/RetveTamam_Butonu' is clicked on

2021-11-23 17:20:11 - [TEST_STEP][PASSED] - click(findTestObject("Object Repository/Sayfalar/Giris_Sayfasi/RetveTamam_Butonu")): Object: 'Object Repository/Sayfalar/Giris_Sayfasi/RetveTamam_Butonu' is clicked on

2021-11-23 17:20:11 - [MESSAGE][INFO] - Finding Test Object 'Object Repository/Sayfalar/Giris_Sayfasi/RetveTamam_Butonu'

2021-11-23 17:20:11 - [MESSAGE][INFO] - Checking object

2021-11-23 17:20:11 - [MESSAGE][INFO] - Finding web element from Test Object's properties

2021-11-23 17:20:11 - [MESSAGE][INFO] - Checking timeout

2021-11-23 17:20:11 - [MESSAGE][INFO] - Finding web element with id: 'Object Repository/Sayfalar/Giris_Sayfasi/RetveTamam_Butonu' located by 'By.xpath: //*[@class = 'btn btn-default']' in '30' second(s)

2021-11-23 17:20:11 - [MESSAGE][INFO] - Smart Wait Function is triggered

2021-11-23 17:20:15 - [MESSAGE][INFO] - Found 1 web elements with id: 'Object Repository/Sayfalar/Giris_Sayfasi/RetveTamam_Butonu' located by 'By.xpath: //*[@class = 'btn btn-default']' in '30' second(s)

2021-11-23 17:20:15 - [MESSAGE][INFO] - Clicking on object: 'Object Repository/Sayfalar/Giris_Sayfasi/RetveTamam_Butonu'

2021-11-23 17:20:15 - [MESSAGE][PASSED] - Object: 'Object Repository/Sayfalar/Giris_Sayfasi/RetveTamam_Butonu' is clicked on

2021-11-23 17:20:15 - [TEST_STEP][PASSED] - if (verifyElementPresent(findTestObject("Sayfalar/Giris_Sayfasi/PopupOK"), 5, OPTIONAL)): null

2021-11-23 17:20:15 - [MESSAGE][INFO] - Finding Test Object 'Object Repository/Sayfalar/Giris_Sayfasi/PopupOK'

2021-11-23 17:20:15 - [MESSAGE][INFO] - Checking object

2021-11-23 17:20:15 - [MESSAGE][INFO] - Finding web element from Test Object's properties

2021-11-23 17:20:15 - [MESSAGE][INFO] - Checking timeout

2021-11-23 17:20:15 - [MESSAGE][INFO] - Finding web element with id: 'Object Repository/Sayfalar/Giris_Sayfasi/PopupOK' located by 'By.cssSelector: .btn.btn-success' in '5' second(s)

2021-11-23 17:20:15 - [MESSAGE][INFO] - Smart Wait Function is triggered

2021-11-23 17:20:15 - [MESSAGE][INFO] - Found 1 web elements with id: 'Object Repository/Sayfalar/Giris_Sayfasi/PopupOK' located by 'By.cssSelector: .btn.btn-success' in '5' second(s)

2021-11-23 17:20:15 - [MESSAGE][PASSED] - Object 'Object Repository/Sayfalar/Giris_Sayfasi/PopupOK' is present

2021-11-23 17:20:15 - [TEST_STEP][PASSED] - click(findTestObject("Object Repository/Sayfalar/Giris_Sayfasi/PopupCarpiGiris")): Object: 'Object Repository/Sayfalar/Giris_Sayfasi/PopupCarpiGiris' is clicked on

2021-11-23 17:20:15 - [MESSAGE][INFO] - Finding Test Object 'Object Repository/Sayfalar/Giris_Sayfasi/PopupCarpiGiris'

2021-11-23 17:20:16 - [MESSAGE][INFO] - Checking object

2021-11-23 17:20:16 - [MESSAGE][INFO] - Finding web element from Test Object's properties

2021-11-23 17:20:16 - [MESSAGE][INFO] - Checking timeout

2021-11-23 17:20:16 - [MESSAGE][INFO] - Finding web element with id: 'Object Repository/Sayfalar/Giris_Sayfasi/PopupCarpiGiris' located by 'By.cssSelector: .bootbox-close-button.close' in '30' second(s)

2021-11-23 17:20:16 - [MESSAGE][INFO] - Smart Wait Function is triggered

2021-11-23 17:20:16 - [MESSAGE][INFO] - Found 1 web elements with id: 'Object Repository/Sayfalar/Giris_Sayfasi/PopupCarpiGiris' located by 'By.cssSelector: .bootbox-close-button.close' in '30' second(s)

2021-11-23 17:20:16 - [MESSAGE][INFO] - Clicking on object: 'Object Repository/Sayfalar/Giris_Sayfasi/PopupCarpiGiris'

2021-11-23 17:20:16 - [MESSAGE][PASSED] - Object: 'Object Repository/Sayfalar/Giris_Sayfasi/PopupCarpiGiris' is clicked on

2021-11-23 17:20:16 - [TEST_STEP][PASSED] - verifyElementVisible(findTestObject("Object Repository/Kullanici_Islemleri/KullaniciIslemleri")): Object 'Object Repository/Kullanici_Islemleri/KullaniciIslemleri' is visible

2021-11-23 17:20:16 - [MESSAGE][INFO] - Finding Test Object 'Object Repository/Kullanici_Islemleri/KullaniciIslemleri'

2021-11-23 17:20:16 - [MESSAGE][INFO] - Checking object

2021-11-23 17:20:16 - [MESSAGE][INFO] - Finding web element from Test Object's properties

2021-11-23 17:20:16 - [MESSAGE][INFO] - Checking timeout

2021-11-23 17:20:16 - [MESSAGE][INFO] - Finding web element with id: 'Object Repository/Kullanici_Islemleri/KullaniciIslemleri' located by 'By.cssSelector: .dropdown>a>img' in '30' second(s)

2021-11-23 17:20:16 - [MESSAGE][INFO] - Smart Wait Function is triggered

2021-11-23 17:20:17 - [MESSAGE][INFO] - Found 1 web elements with id: 'Object Repository/Kullanici_Islemleri/KullaniciIslemleri' located by 'By.cssSelector: .dropdown>a>img' in '30' second(s)

2021-11-23 17:20:17 - [MESSAGE][PASSED] - Object 'Object Repository/Kullanici_Islemleri/KullaniciIslemleri' is visible

2021-11-23 17:20:17 - [MESSAGE][PASSED] - Call Test Case 'Test Cases/Sayfalar/Giris_Sayfasi/Login' successfully

2021-11-23 17:20:17 - [MESSAGE][INFO] - Checking called Test Case

2021-11-23 17:20:17 - [MESSAGE][INFO] - Starting to call Test Case 'Test Cases/Menu/AnaMenuSecimi'

2021-11-23 17:20:17 - [TEST_CASE][PASSED] - Test Cases/Menu/AnaMenuSecimi: Test Cases/Menu/AnaMenuSecimi

2021-11-23 17:20:17 - [TEST_STEP][PASSED] - Method.TextDegerineEsitElementeTikla(findTestObject("Menu/Ana_Menu"), Ana_Menu): Method.TextDegerineEsitElementeTikla is PASSED

2021-11-23 17:20:17 - [MESSAGE][INFO] - Finding Test Object 'Object Repository/Menu/Ana_Menu'

2021-11-23 17:20:17 - [MESSAGE][INFO] - Checking timeout

2021-11-23 17:20:17 - [MESSAGE][INFO] - Finding web element with id: 'Object Repository/Menu/Ana_Menu' located by 'By.xpath: //*[@class = 'dropdown-toggle']' in '10' second(s)

2021-11-23 17:20:17 - [MESSAGE][INFO] - Smart Wait Function is triggered

2021-11-23 17:20:17 - [MESSAGE][INFO] - Found 14 web elements with id: 'Object Repository/Menu/Ana_Menu' located by 'By.xpath: //*[@class = 'dropdown-toggle']' in '10' second(s)

2021-11-23 17:20:17 - [MESSAGE][PASSED] - Method.TextDegerineEsitElementeTikla is PASSED

2021-11-23 17:20:17 - [MESSAGE][PASSED] - Call Test Case 'Test Cases/Menu/AnaMenuSecimi' successfully

2021-11-23 17:20:17 - [MESSAGE][INFO] - Checking called Test Case

2021-11-23 17:20:17 - [MESSAGE][INFO] - Starting to call Test Case 'Test Cases/Menu/BasligaGoreAltMenuSecimi'

2021-11-23 17:20:17 - [TEST_CASE][PASSED] - Test Cases/Menu/BasligaGoreAltMenuSecimi: Test Cases/Menu/BasligaGoreAltMenuSecimi

2021-11-23 17:20:17 - [TEST_STEP][PASSED] - Method.TextDegerineEsitElementinAltindakiTextDegerineEsitOlanaTikla(findTestObject("Menu/Menu_Basligi"), findTestObject("Menu/Basliga_Gore_Alt_Menu"), Baslik, Alt_Menu): Method.TextDegerineEsitElementinAltindakiTextDegerineEsitOlanaTikla is PASSED

2021-11-23 17:20:17 - [MESSAGE][INFO] - Finding Test Object 'Object Repository/Menu/Menu_Basligi'

2021-11-23 17:20:18 - [MESSAGE][INFO] - Finding Test Object 'Object Repository/Menu/Basliga_Gore_Alt_Menu'

2021-11-23 17:20:18 - [MESSAGE][INFO] - Checking timeout

2021-11-23 17:20:18 - [MESSAGE][INFO] - Finding web element with id: 'Object Repository/Menu/Menu_Basligi' located by 'By.xpath: //li[@class='dropdown dropdown-large open']//li[@class='dropdown-header']' in '10' second(s)

2021-11-23 17:20:18 - [MESSAGE][INFO] - Smart Wait Function is triggered

2021-11-23 17:20:18 - [MESSAGE][INFO] - Found 2 web elements with id: 'Object Repository/Menu/Menu_Basligi' located by 'By.xpath: //li[@class='dropdown dropdown-large open']//li[@class='dropdown-header']' in '10' second(s)

2021-11-23 17:20:18 - [MESSAGE][INFO] - Smart Wait Function is triggered

2021-11-23 17:20:28 - [MESSAGE][PASSED] - Method.TextDegerineEsitElementinAltindakiTextDegerineEsitOlanaTikla is PASSED

2021-11-23 17:20:28 - [MESSAGE][PASSED] - Call Test Case 'Test Cases/Menu/BasligaGoreAltMenuSecimi' successfully

2021-11-23 17:20:28 - [MESSAGE][INFO] - Checking called Test Case

2021-11-23 17:20:28 - [MESSAGE][INFO] - Starting to call Test Case 'Test Cases/Filtreler/BaslangicYaz'

2021-11-23 17:20:28 - [TEST_CASE][PASSED] - Test Cases/Filtreler/BaslangicYaz: Test Cases/Filtreler/BaslangicYaz

2021-11-23 17:20:28 - [TEST_STEP][PASSED] - delay(3): Delayed 3 second(s)

2021-11-23 17:20:28 - [MESSAGE][INFO] - Delaying browser in 3 second(s)

2021-11-23 17:20:31 - [MESSAGE][PASSED] - Delayed 3 second(s)

2021-11-23 17:20:31 - [TEST_STEP][PASSED] - Method.TextDegerineEsitElementinAltindakineTikla(findTestObject("Filtreler/Basliklar"), findTestObject("Filtreler/Basliga_Gore_Baslangic_Image"), Filtre_Adi): Method.TextDegerineEsitElementinAltindakineTikla is PASSED

2021-11-23 17:20:31 - [MESSAGE][INFO] - Finding Test Object 'Object Repository/Filtreler/Basliklar'

2021-11-23 17:20:31 - [MESSAGE][INFO] - Finding Test Object 'Object Repository/Filtreler/Basliga_Gore_Baslangic_Image'

2021-11-23 17:20:31 - [MESSAGE][INFO] - Checking timeout

2021-11-23 17:20:31 - [MESSAGE][INFO] - Finding web element with id: 'Object Repository/Filtreler/Basliklar' located by 'By.cssSelector: .control-label.col-sm-4.paddingMarginRLC' in '10' second(s)

2021-11-23 17:20:31 - [MESSAGE][INFO] - Smart Wait Function is triggered

2021-11-23 17:20:31 - [MESSAGE][INFO] - Found 7 web elements with id: 'Object Repository/Filtreler/Basliklar' located by 'By.cssSelector: .control-label.col-sm-4.paddingMarginRLC' in '10' second(s)

2021-11-23 17:20:31 - [MESSAGE][INFO] - Smart Wait Function is triggered

2021-11-23 17:20:32 - [MESSAGE][PASSED] - Method.TextDegerineEsitElementinAltindakineTikla is PASSED

2021-11-23 17:20:32 - [TEST_STEP][PASSED] - Method.TextDegerineEsitElementinAltindakiTextboxtaYaz(findTestObject("Filtreler/Basliklar"), findTestObject("Filtreler/Basliga_Gore_Baslangic"), Filtre_Adi, Filtre_Degeri): Method.TextDegerineEsitElementinAltindakiTextboxtaYaz is PASSED

2021-11-23 17:20:32 - [MESSAGE][INFO] - Finding Test Object 'Object Repository/Filtreler/Basliklar'

2021-11-23 17:20:32 - [MESSAGE][INFO] - Finding Test Object 'Object Repository/Filtreler/Basliga_Gore_Baslangic'

2021-11-23 17:20:32 - [MESSAGE][INFO] - Checking timeout

2021-11-23 17:20:32 - [MESSAGE][INFO] - Finding web element with id: 'Object Repository/Filtreler/Basliklar' located by 'By.cssSelector: .control-label.col-sm-4.paddingMarginRLC' in '10' second(s)

2021-11-23 17:20:32 - [MESSAGE][INFO] - Smart Wait Function is triggered

2021-11-23 17:20:32 - [MESSAGE][INFO] - Found 7 web elements with id: 'Object Repository/Filtreler/Basliklar' located by 'By.cssSelector: .control-label.col-sm-4.paddingMarginRLC' in '10' second(s)

2021-11-23 17:20:32 - [MESSAGE][INFO] - Smart Wait Function is triggered

2021-11-23 17:20:33 - [MESSAGE][PASSED] - Method.TextDegerineEsitElementinAltindakiTextboxtaYaz is PASSED

2021-11-23 17:20:33 - [MESSAGE][PASSED] - Call Test Case 'Test Cases/Filtreler/BaslangicYaz' successfully

2021-11-23 17:20:33 - [MESSAGE][INFO] - Checking called Test Case

2021-11-23 17:20:33 - [MESSAGE][INFO] - Starting to call Test Case 'Test Cases/Filtreler/BitisYaz'

2021-11-23 17:20:33 - [TEST_CASE][PASSED] - Test Cases/Filtreler/BitisYaz: Test Cases/Filtreler/BitisYaz

2021-11-23 17:20:33 - [TEST_STEP][PASSED] - Method.TextDegerineEsitElementinAltindakineTikla(findTestObject("Filtreler/Basliklar"), findTestObject("Filtreler/Basliga_Gore_Bitis_Image"), Filtre_Adi): Method.TextDegerineEsitElementinAltindakineTikla is PASSED

2021-11-23 17:20:33 - [MESSAGE][INFO] - Finding Test Object 'Object Repository/Filtreler/Basliklar'

2021-11-23 17:20:33 - [MESSAGE][INFO] - Finding Test Object 'Object Repository/Filtreler/Basliga_Gore_Bitis_Image'

2021-11-23 17:20:33 - [MESSAGE][INFO] - Checking timeout

2021-11-23 17:20:33 - [MESSAGE][INFO] - Finding web element with id: 'Object Repository/Filtreler/Basliklar' located by 'By.cssSelector: .control-label.col-sm-4.paddingMarginRLC' in '10' second(s)

2021-11-23 17:20:33 - [MESSAGE][INFO] - Smart Wait Function is triggered

2021-11-23 17:20:33 - [MESSAGE][INFO] - Found 7 web elements with id: 'Object Repository/Filtreler/Basliklar' located by 'By.cssSelector: .control-label.col-sm-4.paddingMarginRLC' in '10' second(s)

2021-11-23 17:20:33 - [MESSAGE][INFO] - Smart Wait Function is triggered

2021-11-23 17:20:34 - [MESSAGE][PASSED] - Method.TextDegerineEsitElementinAltindakineTikla is PASSED

2021-11-23 17:20:34 - [TEST_STEP][PASSED] - Method.TextDegerineEsitElementinAltindakiTextboxtaYaz(findTestObject("Filtreler/Basliklar"), findTestObject("Object Repository/Filtreler/Basliga_Gore_Bitis"), Filtre_Adi, Filtre_Degeri): Method.TextDegerineEsitElementinAltindakiTextboxtaYaz is PASSED

2021-11-23 17:20:34 - [MESSAGE][INFO] - Finding Test Object 'Object Repository/Filtreler/Basliklar'

2021-11-23 17:20:34 - [MESSAGE][INFO] - Finding Test Object 'Object Repository/Filtreler/Basliga_Gore_Bitis'

2021-11-23 17:20:34 - [MESSAGE][INFO] - Checking timeout

2021-11-23 17:20:34 - [MESSAGE][INFO] - Finding web element with id: 'Object Repository/Filtreler/Basliklar' located by 'By.cssSelector: .control-label.col-sm-4.paddingMarginRLC' in '10' second(s)

2021-11-23 17:20:34 - [MESSAGE][INFO] - Smart Wait Function is triggered

2021-11-23 17:20:34 - [MESSAGE][INFO] - Found 7 web elements with id: 'Object Repository/Filtreler/Basliklar' located by 'By.cssSelector: .control-label.col-sm-4.paddingMarginRLC' in '10' second(s)

2021-11-23 17:20:34 - [MESSAGE][INFO] - Smart Wait Function is triggered

2021-11-23 17:20:35 - [MESSAGE][PASSED] - Method.TextDegerineEsitElementinAltindakiTextboxtaYaz is PASSED

2021-11-23 17:20:35 - [MESSAGE][PASSED] - Call Test Case 'Test Cases/Filtreler/BitisYaz' successfully

2021-11-23 17:20:35 - [MESSAGE][INFO] - Checking called Test Case

2021-11-23 17:20:35 - [MESSAGE][INFO] - Starting to call Test Case 'Test Cases/Filtreler/ButonaTikla'

2021-11-23 17:20:35 - [TEST_CASE][PASSED] - Test Cases/Filtreler/ButonaTikla: Test Cases/Filtreler/ButonaTikla

2021-11-23 17:20:35 - [TEST_STEP][PASSED] - Method.TextDegerineEsitElementeTikla(findTestObject("Filtreler/Butonlar"), Filtre_Buton): Method.TextDegerineEsitElementeTikla is PASSED

2021-11-23 17:20:35 - [MESSAGE][INFO] - Finding Test Object 'Object Repository/Filtreler/Butonlar'

2021-11-23 17:20:35 - [MESSAGE][INFO] - Checking timeout

2021-11-23 17:20:35 - [MESSAGE][INFO] - Finding web element with id: 'Object Repository/Filtreler/Butonlar' located by 'By.cssSelector: .dxb>span' in '10' second(s)

2021-11-23 17:20:35 - [MESSAGE][INFO] - Smart Wait Function is triggered

2021-11-23 17:20:35 - [MESSAGE][INFO] - Found 2 web elements with id: 'Object Repository/Filtreler/Butonlar' located by 'By.cssSelector: .dxb>span' in '10' second(s)

2021-11-23 17:20:35 - [MESSAGE][PASSED] - Method.TextDegerineEsitElementeTikla is PASSED

2021-11-23 17:20:35 - [MESSAGE][PASSED] - Call Test Case 'Test Cases/Filtreler/ButonaTikla' successfully

2021-11-23 17:20:35 - [MESSAGE][INFO] - Checking called Test Case

2021-11-23 17:20:35 - [MESSAGE][INFO] - Starting to call Test Case 'Test Cases/Tablo/TablodaVeriVarMi'

2021-11-23 17:20:35 - [TEST_CASE][PASSED] - Test Cases/Tablo/TablodaVeriVarMi: Test Cases/Tablo/TablodaVeriVarMi

2021-11-23 17:20:35 - [TEST_STEP][PASSED] - verifyTextNotPresent("Görüntülenecek veri yok", true): Text 'Görüntülenecek veri yok' is not present on page using regular expression

2021-11-23 17:20:35 - [MESSAGE][INFO] - Checking text present  using regular expression

2021-11-23 17:20:35 - [MESSAGE][INFO] - Smart Wait Function is triggered

2021-11-23 17:20:36 - [MESSAGE][INFO] - Finding text 'Görüntülenecek veri yok' on page  using regular expression

2021-11-23 17:20:36 - [MESSAGE][PASSED] - Text 'Görüntülenecek veri yok' is not present on page using regular expression

2021-11-23 17:20:36 - [MESSAGE][PASSED] - Call Test Case 'Test Cases/Tablo/TablodaVeriVarMi' successfully

2021-11-23 17:20:36 - [MESSAGE][INFO] - Checking called Test Case

2021-11-23 17:20:36 - [MESSAGE][INFO] - Starting to call Test Case 'Test Cases/Tablo/TablodanVeriyeTiklanir'

2021-11-23 17:20:36 - [TEST_CASE][PASSED] - Test Cases/Tablo/TablodanVeriyeTiklanir: Test Cases/Tablo/TablodanVeriyeTiklanir

2021-11-23 17:20:36 - [TEST_STEP][PASSED] - Method.TextDegerineEsitElementeTikla(findTestObject("Tablo/Veriler"), VeriAdi): Method.TextDegerineEsitElementeTikla is PASSED

2021-11-23 17:20:36 - [MESSAGE][INFO] - Finding Test Object 'Object Repository/Tablo/Veriler'

2021-11-23 17:20:36 - [MESSAGE][INFO] - Checking timeout

2021-11-23 17:20:36 - [MESSAGE][INFO] - Finding web element with id: 'Object Repository/Tablo/Veriler' located by 'By.cssSelector: td.dxgv b ,td.dxgv' in '10' second(s)

2021-11-23 17:20:36 - [MESSAGE][INFO] - Smart Wait Function is triggered

2021-11-23 17:20:37 - [MESSAGE][INFO] - Found 8 web elements with id: 'Object Repository/Tablo/Veriler' located by 'By.cssSelector: td.dxgv b ,td.dxgv' in '10' second(s)

2021-11-23 17:20:37 - [MESSAGE][PASSED] - Method.TextDegerineEsitElementeTikla is PASSED

2021-11-23 17:20:37 - [MESSAGE][PASSED] - Call Test Case 'Test Cases/Tablo/TablodanVeriyeTiklanir' successfully

2021-11-23 17:20:37 - [MESSAGE][INFO] - Checking called Test Case

2021-11-23 17:20:37 - [MESSAGE][INFO] - Starting to call Test Case 'Test Cases/Butonlar/ButonaTikla'

2021-11-23 17:20:37 - [TEST_CASE][PASSED] - Test Cases/Butonlar/ButonaTikla: Test Cases/Butonlar/ButonaTikla

2021-11-23 17:20:37 - [TEST_STEP][PASSED] - Method.TextDegerineEsitElementeTiklaEquals(findTestObject("Butonlar/Butonlar"), Buton_Adi): Method.TextDegerineEsitElementeTiklaEquals is PASSED

2021-11-23 17:20:37 - [MESSAGE][INFO] - Finding Test Object 'Object Repository/Butonlar/Butonlar'

2021-11-23 17:20:37 - [MESSAGE][INFO] - Checking timeout

2021-11-23 17:20:37 - [MESSAGE][INFO] - Finding web element with id: 'Object Repository/Butonlar/Butonlar' located by 'By.cssSelector: .panel.panel-default.text-center.footerPanel .btn,.btn.btn-primary.btnControls' in '10' second(s)

2021-11-23 17:20:37 - [MESSAGE][INFO] - Smart Wait Function is triggered

2021-11-23 17:20:37 - [MESSAGE][INFO] - Found 7 web elements with id: 'Object Repository/Butonlar/Butonlar' located by 'By.cssSelector: .panel.panel-default.text-center.footerPanel .btn,.btn.btn-primary.btnControls' in '10' second(s)

2021-11-23 17:20:38 - [MESSAGE][PASSED] - Method.TextDegerineEsitElementeTiklaEquals is PASSED

2021-11-23 17:20:38 - [MESSAGE][PASSED] - Call Test Case 'Test Cases/Butonlar/ButonaTikla' successfully

2021-11-23 17:20:38 - [MESSAGE][INFO] - Checking called Test Case

2021-11-23 17:20:38 - [MESSAGE][INFO] - Starting to call Test Case 'Test Cases/Popup/PopupMesajiIceriyorMu'

2021-11-23 17:20:38 - [TEST_CASE][PASSED] - Test Cases/Popup/PopupMesajiIceriyorMu: Test Cases/Popup/PopupMesajiIceriyorMu

2021-11-23 17:20:38 - [TEST_STEP][PASSED] - waitForElementVisible(findTestObject("Popup/Popup"), 10): Object 'Object Repository/Popup/Popup' is visible

2021-11-23 17:20:38 - [MESSAGE][INFO] - Finding Test Object 'Object Repository/Popup/Popup'

2021-11-23 17:20:38 - [MESSAGE][INFO] - Checking object

2021-11-23 17:20:38 - [MESSAGE][INFO] - Checking timeout

2021-11-23 17:20:38 - [MESSAGE][INFO] - Finding web element from Test Object's properties

2021-11-23 17:20:38 - [MESSAGE][INFO] - Checking timeout

2021-11-23 17:20:38 - [MESSAGE][INFO] - Finding web element with id: 'Object Repository/Popup/Popup' located by 'By.cssSelector: .bootbox-body' in '10' second(s)

2021-11-23 17:20:38 - [MESSAGE][INFO] - Smart Wait Function is triggered

2021-11-23 17:20:39 - [MESSAGE][INFO] - Found 1 web elements with id: 'Object Repository/Popup/Popup' located by 'By.cssSelector: .bootbox-body' in '10' second(s)

2021-11-23 17:20:39 - [MESSAGE][PASSED] - Object 'Object Repository/Popup/Popup' is visible

2021-11-23 17:20:39 - [TEST_STEP][PASSED] - if (!(getText(findTestObject("Popup/Popup")).contains(Mesaj))): Text of object 'Object Repository/Popup/Popup' is: 'Seçilen tasarım öndeğer tasarım olarak tanımlanacaktır. Onaylıyor musunuz?'

2021-11-23 17:20:39 - [MESSAGE][INFO] - Finding Test Object 'Object Repository/Popup/Popup'

2021-11-23 17:20:39 - [MESSAGE][INFO] - Checking object

2021-11-23 17:20:39 - [MESSAGE][INFO] - Finding web element from Test Object's properties

2021-11-23 17:20:39 - [MESSAGE][INFO] - Checking timeout

2021-11-23 17:20:39 - [MESSAGE][INFO] - Finding web element with id: 'Object Repository/Popup/Popup' located by 'By.cssSelector: .bootbox-body' in '30' second(s)

2021-11-23 17:20:39 - [MESSAGE][INFO] - Smart Wait Function is triggered

2021-11-23 17:20:39 - [MESSAGE][INFO] - Found 1 web elements with id: 'Object Repository/Popup/Popup' located by 'By.cssSelector: .bootbox-body' in '30' second(s)

2021-11-23 17:20:39 - [MESSAGE][INFO] - Getting text of object 'Object Repository/Popup/Popup'

2021-11-23 17:20:39 - [MESSAGE][PASSED] - Text of object 'Object Repository/Popup/Popup' is: 'Seçilen tasarım öndeğer tasarım olarak tanımlanacaktır. Onaylıyor musunuz?'

2021-11-23 17:20:39 - [TEST_STEP][PASSED] - RaporNo = getText(findTestObject("Popup/Popup")).substring(0, 6): Text of object 'Object Repository/Popup/Popup' is: 'Seçilen tasarım öndeğer tasarım olarak tanımlanacaktır. Onaylıyor musunuz?'

2021-11-23 17:20:39 - [MESSAGE][INFO] - Finding Test Object 'Object Repository/Popup/Popup'

2021-11-23 17:20:39 - [MESSAGE][INFO] - Checking object

2021-11-23 17:20:39 - [MESSAGE][INFO] - Finding web element from Test Object's properties

2021-11-23 17:20:39 - [MESSAGE][INFO] - Checking timeout

2021-11-23 17:20:39 - [MESSAGE][INFO] - Finding web element with id: 'Object Repository/Popup/Popup' located by 'By.cssSelector: .bootbox-body' in '30' second(s)

2021-11-23 17:20:39 - [MESSAGE][INFO] - Smart Wait Function is triggered

2021-11-23 17:20:39 - [MESSAGE][INFO] - Found 1 web elements with id: 'Object Repository/Popup/Popup' located by 'By.cssSelector: .bootbox-body' in '30' second(s)

2021-11-23 17:20:39 - [MESSAGE][INFO] - Getting text of object 'Object Repository/Popup/Popup'

2021-11-23 17:20:39 - [MESSAGE][PASSED] - Text of object 'Object Repository/Popup/Popup' is: 'Seçilen tasarım öndeğer tasarım olarak tanımlanacaktır. Onaylıyor musunuz?'

2021-11-23 17:20:39 - [TEST_STEP][PASSED] - Console.println(RaporNo): null

2021-11-23 17:20:39 - [MESSAGE][PASSED] - Call Test Case 'Test Cases/Popup/PopupMesajiIceriyorMu' successfully

2021-11-23 17:20:39 - [MESSAGE][INFO] - Checking called Test Case

2021-11-23 17:20:39 - [MESSAGE][INFO] - Starting to call Test Case 'Test Cases/Popup/PopupButonSecilir'

2021-11-23 17:20:39 - [TEST_CASE][PASSED] - Test Cases/Popup/PopupButonSecilir: Test Cases/Popup/PopupButonSecilir

2021-11-23 17:20:39 - [TEST_STEP][PASSED] - Method.TextDegerineEsitElementeTikla(findTestObject("Popup/Popup_Butons"), Buton): Method.TextDegerineEsitElementeTikla is PASSED

2021-11-23 17:20:39 - [MESSAGE][INFO] - Finding Test Object 'Object Repository/Popup/Popup_Butons'

2021-11-23 17:20:39 - [MESSAGE][INFO] - Checking timeout

2021-11-23 17:20:39 - [MESSAGE][INFO] - Finding web element with id: 'Object Repository/Popup/Popup_Butons' located by 'By.cssSelector: .modal-footer>button' in '10' second(s)

2021-11-23 17:20:39 - [MESSAGE][INFO] - Smart Wait Function is triggered

2021-11-23 17:20:40 - [MESSAGE][INFO] - Found 2 web elements with id: 'Object Repository/Popup/Popup_Butons' located by 'By.cssSelector: .modal-footer>button' in '10' second(s)

2021-11-23 17:20:40 - [MESSAGE][PASSED] - Method.TextDegerineEsitElementeTikla is PASSED

2021-11-23 17:20:40 - [MESSAGE][PASSED] - Call Test Case 'Test Cases/Popup/PopupButonSecilir' successfully

2021-11-23 17:20:40 - [MESSAGE][INFO] - Checking called Test Case

2021-11-23 17:20:40 - [MESSAGE][INFO] - Starting to call Test Case 'Test Cases/Popup/PopupMesajiIceriyorMu'

2021-11-23 17:20:40 - [TEST_CASE][PASSED] - Test Cases/Popup/PopupMesajiIceriyorMu: Test Cases/Popup/PopupMesajiIceriyorMu

2021-11-23 17:20:40 - [TEST_STEP][PASSED] - waitForElementVisible(findTestObject("Popup/Popup"), 10): Object 'Object Repository/Popup/Popup' is visible

2021-11-23 17:20:40 - [MESSAGE][INFO] - Finding Test Object 'Object Repository/Popup/Popup'

2021-11-23 17:20:40 - [MESSAGE][INFO] - Checking object

2021-11-23 17:20:40 - [MESSAGE][INFO] - Checking timeout

2021-11-23 17:20:40 - [MESSAGE][INFO] - Finding web element from Test Object's properties

2021-11-23 17:20:40 - [MESSAGE][INFO] - Checking timeout

2021-11-23 17:20:40 - [MESSAGE][INFO] - Finding web element with id: 'Object Repository/Popup/Popup' located by 'By.cssSelector: .bootbox-body' in '10' second(s)

2021-11-23 17:20:40 - [MESSAGE][INFO] - Smart Wait Function is triggered

2021-11-23 17:20:42 - [MESSAGE][INFO] - Found 1 web elements with id: 'Object Repository/Popup/Popup' located by 'By.cssSelector: .bootbox-body' in '10' second(s)

2021-11-23 17:20:42 - [MESSAGE][PASSED] - Object 'Object Repository/Popup/Popup' is visible

2021-11-23 17:20:42 - [TEST_STEP][PASSED] - if (!(getText(findTestObject("Popup/Popup")).contains(Mesaj))): Text of object 'Object Repository/Popup/Popup' is: 'Seçilen tasarım öndeğer tasarım olarak tanımlanmıştır.'

2021-11-23 17:20:42 - [MESSAGE][INFO] - Finding Test Object 'Object Repository/Popup/Popup'

2021-11-23 17:20:42 - [MESSAGE][INFO] - Checking object

2021-11-23 17:20:42 - [MESSAGE][INFO] - Finding web element from Test Object's properties

2021-11-23 17:20:42 - [MESSAGE][INFO] - Checking timeout

2021-11-23 17:20:42 - [MESSAGE][INFO] - Finding web element with id: 'Object Repository/Popup/Popup' located by 'By.cssSelector: .bootbox-body' in '30' second(s)

2021-11-23 17:20:42 - [MESSAGE][INFO] - Smart Wait Function is triggered

2021-11-23 17:20:42 - [MESSAGE][INFO] - Found 1 web elements with id: 'Object Repository/Popup/Popup' located by 'By.cssSelector: .bootbox-body' in '30' second(s)

2021-11-23 17:20:42 - [MESSAGE][INFO] - Getting text of object 'Object Repository/Popup/Popup'

2021-11-23 17:20:42 - [MESSAGE][PASSED] - Text of object 'Object Repository/Popup/Popup' is: 'Seçilen tasarım öndeğer tasarım olarak tanımlanmıştır.'

2021-11-23 17:20:42 - [TEST_STEP][PASSED] - RaporNo = getText(findTestObject("Popup/Popup")).substring(0, 6): Text of object 'Object Repository/Popup/Popup' is: 'Seçilen tasarım öndeğer tasarım olarak tanımlanmıştır.'

2021-11-23 17:20:42 - [MESSAGE][INFO] - Finding Test Object 'Object Repository/Popup/Popup'

2021-11-23 17:20:42 - [MESSAGE][INFO] - Checking object

2021-11-23 17:20:42 - [MESSAGE][INFO] - Finding web element from Test Object's properties

2021-11-23 17:20:42 - [MESSAGE][INFO] - Checking timeout

2021-11-23 17:20:42 - [MESSAGE][INFO] - Finding web element with id: 'Object Repository/Popup/Popup' located by 'By.cssSelector: .bootbox-body' in '30' second(s)

2021-11-23 17:20:42 - [MESSAGE][INFO] - Smart Wait Function is triggered

2021-11-23 17:20:42 - [MESSAGE][INFO] - Found 1 web elements with id: 'Object Repository/Popup/Popup' located by 'By.cssSelector: .bootbox-body' in '30' second(s)

2021-11-23 17:20:42 - [MESSAGE][INFO] - Getting text of object 'Object Repository/Popup/Popup'

2021-11-23 17:20:42 - [MESSAGE][PASSED] - Text of object 'Object Repository/Popup/Popup' is: 'Seçilen tasarım öndeğer tasarım olarak tanımlanmıştır.'

2021-11-23 17:20:42 - [TEST_STEP][PASSED] - Console.println(RaporNo): null

2021-11-23 17:20:42 - [MESSAGE][PASSED] - Call Test Case 'Test Cases/Popup/PopupMesajiIceriyorMu' successfully

2021-11-23 17:20:42 - [MESSAGE][INFO] - Checking called Test Case

2021-11-23 17:20:42 - [MESSAGE][INFO] - Starting to call Test Case 'Test Cases/Popup/PopupButonSecilir'

2021-11-23 17:20:42 - [TEST_CASE][PASSED] - Test Cases/Popup/PopupButonSecilir: Test Cases/Popup/PopupButonSecilir

2021-11-23 17:20:42 - [TEST_STEP][PASSED] - Method.TextDegerineEsitElementeTikla(findTestObject("Popup/Popup_Butons"), Buton): Method.TextDegerineEsitElementeTikla is PASSED

2021-11-23 17:20:42 - [MESSAGE][INFO] - Finding Test Object 'Object Repository/Popup/Popup_Butons'

2021-11-23 17:20:42 - [MESSAGE][INFO] - Checking timeout

2021-11-23 17:20:42 - [MESSAGE][INFO] - Finding web element with id: 'Object Repository/Popup/Popup_Butons' located by 'By.cssSelector: .modal-footer>button' in '10' second(s)

2021-11-23 17:20:42 - [MESSAGE][INFO] - Smart Wait Function is triggered

2021-11-23 17:20:43 - [MESSAGE][INFO] - Found 1 web elements with id: 'Object Repository/Popup/Popup_Butons' located by 'By.cssSelector: .modal-footer>button' in '10' second(s)

2021-11-23 17:20:43 - [MESSAGE][PASSED] - Method.TextDegerineEsitElementeTikla is PASSED

2021-11-23 17:20:43 - [MESSAGE][PASSED] - Call Test Case 'Test Cases/Popup/PopupButonSecilir' successfully

2021-11-23 17:20:43 - [MESSAGE][INFO] - Checking called Test Case

2021-11-23 17:20:43 - [MESSAGE][INFO] - Starting to call Test Case 'Test Cases/Kullanici_Islemleri/KullaniciIslemlerindenSecimYapilir'

2021-11-23 17:20:43 - [TEST_CASE][PASSED] - Test Cases/Kullanici_Islemleri/KullaniciIslemlerindenSecimYapilir: Test Cases/Kullanici_Islemleri/KullaniciIslemlerindenSecimYapilir

2021-11-23 17:20:43 - [TEST_STEP][PASSED] - waitForElementClickable(findTestObject("Object Repository/Kullanici_Islemleri/KullaniciIslemleri"), 10): Object 'Object Repository/Kullanici_Islemleri/KullaniciIslemleri' is clickable

2021-11-23 17:20:43 - [MESSAGE][INFO] - Finding Test Object 'Object Repository/Kullanici_Islemleri/KullaniciIslemleri'

2021-11-23 17:20:43 - [MESSAGE][INFO] - Checking object

2021-11-23 17:20:43 - [MESSAGE][INFO] - Checking timeout

2021-11-23 17:20:43 - [MESSAGE][INFO] - Finding web element from Test Object's properties

2021-11-23 17:20:43 - [MESSAGE][INFO] - Checking timeout

2021-11-23 17:20:43 - [MESSAGE][INFO] - Finding web element with id: 'Object Repository/Kullanici_Islemleri/KullaniciIslemleri' located by 'By.cssSelector: .dropdown>a>img' in '10' second(s)

2021-11-23 17:20:43 - [MESSAGE][INFO] - Smart Wait Function is triggered

2021-11-23 17:20:44 - [MESSAGE][INFO] - Found 1 web elements with id: 'Object Repository/Kullanici_Islemleri/KullaniciIslemleri' located by 'By.cssSelector: .dropdown>a>img' in '10' second(s)

2021-11-23 17:20:44 - [MESSAGE][PASSED] - Object 'Object Repository/Kullanici_Islemleri/KullaniciIslemleri' is clickable

2021-11-23 17:20:44 - [TEST_STEP][PASSED] - click(findTestObject("Object Repository/Kullanici_Islemleri/KullaniciIslemleri")): Object: 'Object Repository/Kullanici_Islemleri/KullaniciIslemleri' is clicked on

2021-11-23 17:20:44 - [MESSAGE][INFO] - Finding Test Object 'Object Repository/Kullanici_Islemleri/KullaniciIslemleri'

2021-11-23 17:20:44 - [MESSAGE][INFO] - Checking object

2021-11-23 17:20:44 - [MESSAGE][INFO] - Finding web element from Test Object's properties

2021-11-23 17:20:44 - [MESSAGE][INFO] - Checking timeout

2021-11-23 17:20:44 - [MESSAGE][INFO] - Finding web element with id: 'Object Repository/Kullanici_Islemleri/KullaniciIslemleri' located by 'By.cssSelector: .dropdown>a>img' in '30' second(s)

2021-11-23 17:20:44 - [MESSAGE][INFO] - Smart Wait Function is triggered

2021-11-23 17:20:44 - [MESSAGE][INFO] - Found 1 web elements with id: 'Object Repository/Kullanici_Islemleri/KullaniciIslemleri' located by 'By.cssSelector: .dropdown>a>img' in '30' second(s)

2021-11-23 17:20:44 - [MESSAGE][INFO] - Clicking on object: 'Object Repository/Kullanici_Islemleri/KullaniciIslemleri'

2021-11-23 17:20:44 - [MESSAGE][PASSED] - Object: 'Object Repository/Kullanici_Islemleri/KullaniciIslemleri' is clicked on

2021-11-23 17:20:44 - [TEST_STEP][PASSED] - Method.TextDegerineEsitElementeTikla(findTestObject("Object Repository/Kullanici_Islemleri/Secenekler"), Islem): Method.TextDegerineEsitElementeTikla is PASSED

2021-11-23 17:20:44 - [MESSAGE][INFO] - Finding Test Object 'Object Repository/Kullanici_Islemleri/Secenekler'

2021-11-23 17:20:44 - [MESSAGE][INFO] - Checking timeout

2021-11-23 17:20:44 - [MESSAGE][INFO] - Finding web element with id: 'Object Repository/Kullanici_Islemleri/Secenekler' located by 'By.cssSelector: .nav.navbar-nav.navbar-right li a' in '10' second(s)

2021-11-23 17:20:44 - [MESSAGE][INFO] - Smart Wait Function is triggered

2021-11-23 17:20:44 - [MESSAGE][INFO] - Found 22 web elements with id: 'Object Repository/Kullanici_Islemleri/Secenekler' located by 'By.cssSelector: .nav.navbar-nav.navbar-right li a' in '10' second(s)

2021-11-23 17:20:45 - [MESSAGE][PASSED] - Method.TextDegerineEsitElementeTikla is PASSED

2021-11-23 17:20:45 - [TEST_STEP][PASSED] - verifyElementNotPresent(findTestObject("Object Repository/Kullanici_Islemleri/Secenekler"), 10): Web element with id: 'Object Repository/Kullanici_Islemleri/Secenekler' located by 'By.cssSelector: .nav.navbar-nav.navbar-right li a' is not present after '10' second(s)

2021-11-23 17:20:45 - [MESSAGE][INFO] - Finding Test Object 'Object Repository/Kullanici_Islemleri/Secenekler'

2021-11-23 17:20:45 - [MESSAGE][INFO] - Checking object

2021-11-23 17:20:45 - [MESSAGE][INFO] - Checking timeout

2021-11-23 17:20:45 - [MESSAGE][INFO] - Finding web element with id: 'Object Repository/Kullanici_Islemleri/Secenekler' located by 'By.cssSelector: .nav.navbar-nav.navbar-right li a' in '10' second(s)

2021-11-23 17:20:45 - [MESSAGE][INFO] - Smart Wait Function is triggered

2021-11-23 17:20:46 - [MESSAGE][PASSED] - Web element with id: 'Object Repository/Kullanici_Islemleri/Secenekler' located by 'By.cssSelector: .nav.navbar-nav.navbar-right li a' is not present after '10' second(s)

2021-11-23 17:20:46 - [MESSAGE][PASSED] - Call Test Case 'Test Cases/Kullanici_Islemleri/KullaniciIslemlerindenSecimYapilir' successfully

2021-11-23 17:20:46 - [TEST_CASE][PASSED] - Start Test Case : SCENARIO Tasarim Araclari On Deger Ata: SCENARIO Tasarim Araclari On Deger Ata

2021-11-23 17:20:46 - [TEST_STEP][PASSED] - Kullanıcı adı ELOGO6 ve Şifre 123456 olarak giriş yapılır: Kullanıcı adı ELOGO6 ve Şifre 123456 olarak giriş yapılır

2021-11-23 17:20:46 - [MESSAGE][PASSED] - Kullanıcı adı ELOGO6 ve Şifre 123456 olarak giriş yapılır

2021-11-23 17:20:46 - [TEST_STEP][PASSED] - Ana menüden Ayarlar seçilir: Ana menüden Ayarlar seçilir

2021-11-23 17:20:46 - [MESSAGE][PASSED] - Ana menüden Ayarlar seçilir

2021-11-23 17:20:46 - [TEST_STEP][PASSED] - Alt menü Görsel Tasarımlar başlığı altındaki Tasarım Araçları seçilir: Alt menü Görsel Tasarımlar başlığı altındaki Tasarım Araçları seçilir

2021-11-23 17:20:46 - [MESSAGE][PASSED] - Alt menü Görsel Tasarımlar başlığı altındaki Tasarım Araçları seçilir

2021-11-23 17:20:46 - [TEST_STEP][PASSED] - Filtrelerden Oluşturma Zamanı filtresine 18.01.2018 baslangic degerini yaz: Filtrelerden Oluşturma Zamanı filtresine 18.01.2018 baslangic degerini yaz

2021-11-23 17:20:46 - [MESSAGE][PASSED] - Filtrelerden Oluşturma Zamanı filtresine 18.01.2018 baslangic degerini yaz

2021-11-23 17:20:46 - [TEST_STEP][PASSED] - Filtrelerden Oluşturma Zamanı filtresine 31.12.2018 bitis degerini yaz: Filtrelerden Oluşturma Zamanı filtresine 31.12.2018 bitis degerini yaz

2021-11-23 17:20:46 - [MESSAGE][PASSED] - Filtrelerden Oluşturma Zamanı filtresine 31.12.2018 bitis degerini yaz

2021-11-23 17:20:46 - [TEST_STEP][PASSED] - Filtre butonlarından Listele seçilir: Filtre butonlarından Listele seçilir

2021-11-23 17:20:46 - [MESSAGE][PASSED] - Filtre butonlarından Listele seçilir

2021-11-23 17:20:46 - [TEST_STEP][PASSED] - Tabloda veri var mı kontrol edilir: Tabloda veri var mı kontrol edilir

2021-11-23 17:20:46 - [MESSAGE][PASSED] - Tabloda veri var mı kontrol edilir

2021-11-23 17:20:46 - [TEST_STEP][PASSED] - Tablodaki TEST ünvanlı veriye tıklanır: Tablodaki TEST ünvanlı veriye tıklanır

2021-11-23 17:20:46 - [MESSAGE][PASSED] - Tablodaki TEST ünvanlı veriye tıklanır

2021-11-23 17:20:46 - [TEST_STEP][PASSED] - Butonlardan Ön Değer Ata isimli butona tıklanır: Butonlardan Ön Değer Ata isimli butona tıklanır

2021-11-23 17:20:46 - [MESSAGE][PASSED] - Butonlardan Ön Değer Ata isimli butona tıklanır

2021-11-23 17:20:46 - [TEST_STEP][PASSED] - Popup mesajı Seçilen tasarım öndeğer tasarım olarak tanımlanacaktır. Onaylıyor musunuz? içeriyor mu: Popup mesajı Seçilen tasarım öndeğer tasarım olarak tanımlanacaktır. Onaylıyor musunuz? içeriyor mu

2021-11-23 17:20:46 - [MESSAGE][PASSED] - Popup mesajı Seçilen tasarım öndeğer tasarım olarak tanımlanacaktır. Onaylıyor musunuz? içeriyor mu

2021-11-23 17:20:46 - [TEST_STEP][PASSED] - Yönetim popupında Evet seçilir: Yönetim popupında Evet seçilir

2021-11-23 17:20:46 - [MESSAGE][PASSED] - Yönetim popupında Evet seçilir

2021-11-23 17:20:46 - [TEST_STEP][PASSED] - Popup mesajı Seçilen tasarım öndeğer tasarım olarak tanımlanmıştır. içeriyor mu: Popup mesajı Seçilen tasarım öndeğer tasarım olarak tanımlanmıştır. içeriyor mu

2021-11-23 17:20:46 - [MESSAGE][PASSED] - Popup mesajı Seçilen tasarım öndeğer tasarım olarak tanımlanmıştır. içeriyor mu

2021-11-23 17:20:46 - [TEST_STEP][PASSED] - Yönetim popupında Tamam seçilir: Yönetim popupında Tamam seçilir

2021-11-23 17:20:46 - [MESSAGE][PASSED] - Yönetim popupında Tamam seçilir

2021-11-23 17:20:46 - [TEST_STEP][PASSED] - Kullanıcı işlemlerinden Çıkış seçilir: Kullanıcı işlemlerinden Çıkış seçilir

2021-11-23 17:20:46 - [MESSAGE][PASSED] - Kullanıcı işlemlerinden Çıkış seçilir

2021-11-23 17:20:46 - [MESSAGE][PASSED] - Feature file: 'Include/features/Ayarlar/Gorsel Tasarimlar/Tasarim Araclari/On Deger Ata.feature' was passed

2021-11-23 17:20:46 - [TEST_STEP][PASSED] - Start listener action : sampleAfterTestSuite: Invoke 'com.kms.katalon.core.annotation.AfterTestCase' method: 'Listener.sampleAfterTestSuite(...)' completed.

2021-11-23 17:20:46 - [MESSAGE][INFO] - Starting invoke 'com.kms.katalon.core.annotation.AfterTestCase' method: 'Listener.sampleAfterTestSuite(...)'

2021-11-23 17:20:46 - [TEST_STEP][PASSED] - closeBrowser(): Invoke 'com.kms.katalon.core.annotation.AfterTestCase' method: 'Listener.sampleAfterTestSuite(...)' completed.

2021-11-23 17:20:46 - [MESSAGE][INFO] - Closing browser

2021-11-23 17:20:46 - [MESSAGE][PASSED] - Browser is closed

2021-11-23 17:20:46 - [MESSAGE][INFO] - Invoke 'com.kms.katalon.core.annotation.AfterTestCase' method: 'Listener.sampleAfterTestSuite(...)' completed.]]></system-out>
         <system-err><![CDATA[]]></system-err>
      </testcase>
      <testcase name="Test Cases/Case Repository/Ayarlar/Gorsel Tasarim/Tasarim Araclari/Tasarla e-Fatura" time="71.157" classname="Test Cases/Case Repository/Ayarlar/Gorsel Tasarim/Tasarim Araclari/Tasarla e-Fatura" status="PASSED">
         <system-out><![CDATA[2021-11-23 17:20:46 - [TEST_CASE][PASSED] - Test Cases/Case Repository/Ayarlar/Gorsel Tasarim/Tasarim Araclari/Tasarla e-Fatura: Test Cases/Case Repository/Ayarlar/Gorsel Tasarim/Tasarim Araclari/Tasarla e-Fatura

2021-11-23 17:20:46 - [TEST_STEP][PASSED] - Start listener action : sampleBeforeTestSuite: Invoke 'com.kms.katalon.core.annotation.BeforeTestCase' method: 'Listener.sampleBeforeTestSuite(...)' completed.

2021-11-23 17:20:46 - [MESSAGE][INFO] - Starting invoke 'com.kms.katalon.core.annotation.BeforeTestCase' method: 'Listener.sampleBeforeTestSuite(...)'

2021-11-23 17:20:46 - [TEST_STEP][PASSED] - openBrowser(baseUrl): Browser is opened with url: 'https://efatura-stage.elogo.com.tr/'

2021-11-23 17:20:47 - [MESSAGE][INFO] - Opening browser

2021-11-23 17:20:47 - [MESSAGE][INFO] - Starting 'Chrome' driver

2021-11-23 17:20:47 - [MESSAGE][INFO] - User set preference: ['prefs', '{download.default_directory=C:\otomasyondownfiles}']

2021-11-23 17:20:47 - [MESSAGE][INFO] - Action delay is set to 0 milliseconds

2021-11-23 17:20:48 - [MESSAGE][INFO] - Navigating browser to: 'https://efatura-stage.elogo.com.tr/'

2021-11-23 17:20:54 - [MESSAGE][PASSED] - Browser is opened with url: 'https://efatura-stage.elogo.com.tr/'

2021-11-23 17:20:54 - [TEST_STEP][PASSED] - maximizeWindow(): Invoke 'com.kms.katalon.core.annotation.BeforeTestCase' method: 'Listener.sampleBeforeTestSuite(...)' completed.

2021-11-23 17:20:54 - [MESSAGE][INFO] - Maximizing current window

2021-11-23 17:20:54 - [MESSAGE][PASSED] - Current window maximized

2021-11-23 17:20:54 - [MESSAGE][INFO] - Invoke 'com.kms.katalon.core.annotation.BeforeTestCase' method: 'Listener.sampleBeforeTestSuite(...)' completed.

2021-11-23 17:20:55 - [TEST_STEP][PASSED] - runFeatureFile("Include/features/Ayarlar/Gorsel Tasarimlar/Tasarim Araclari/Tasarla e-Fatura.feature"): Feature file: 'Include/features/Ayarlar/Gorsel Tasarimlar/Tasarim Araclari/Tasarla e-Fatura.feature' was passed

2021-11-23 17:20:55 - [MESSAGE][INFO] - Starting run keyword runFeatureFile: 'Include/features/Ayarlar/Gorsel Tasarimlar/Tasarim Araclari/Tasarla e-Fatura.feature' and extract report to folder: 'C:\Users\DELL\Documents\GitHub\EES_KatalonLogo\Reports\20211123_163326\Suite Repository\Ayarlar\20211123_163427/cucumber_report/1637677255463'...

2021-11-23 17:20:55 - [MESSAGE][INFO] - Glue: []

2021-11-23 17:20:58 - [MESSAGE][INFO] - Checking called Test Case

2021-11-23 17:20:58 - [MESSAGE][INFO] - Starting to call Test Case 'Test Cases/Sayfalar/Giris_Sayfasi/Login'

2021-11-23 17:20:58 - [TEST_CASE][PASSED] - Test Cases/Sayfalar/Giris_Sayfasi/Login: Test Cases/Sayfalar/Giris_Sayfasi/Login

2021-11-23 17:20:58 - [TEST_STEP][PASSED] - Sayfa_Basligi = getWindowTitle(): Current window's title is: 'LOGO e-Fatura'

2021-11-23 17:20:58 - [MESSAGE][INFO] - Getting current window's title

2021-11-23 17:20:58 - [MESSAGE][PASSED] - Current window's title is: 'LOGO e-Fatura'

2021-11-23 17:20:58 - [TEST_STEP][PASSED] - verifyMatch(Sayfa_Basligi, "LOGO e-Fatura", false): Actual text 'LOGO e-Fatura' and expected text 'LOGO e-Fatura' are matched 

2021-11-23 17:20:58 - [MESSAGE][INFO] - Matching actual text 'LOGO e-Fatura' with expected text 'LOGO e-Fatura'

2021-11-23 17:20:58 - [MESSAGE][PASSED] - Actual text 'LOGO e-Fatura' and expected text 'LOGO e-Fatura' are matched 

2021-11-23 17:20:58 - [TEST_STEP][PASSED] - sendKeys(findTestObject("Sayfalar/Giris_Sayfasi/Firma_Kodu"), KullaniciAdi): Keys 'ELOGO6' sent to object: 'Object Repository/Sayfalar/Giris_Sayfasi/Firma_Kodu'

2021-11-23 17:20:58 - [MESSAGE][INFO] - Finding Test Object 'Object Repository/Sayfalar/Giris_Sayfasi/Firma_Kodu'

2021-11-23 17:20:58 - [MESSAGE][INFO] - Sending keys 'ELOGO6' to object: 'Object Repository/Sayfalar/Giris_Sayfasi/Firma_Kodu'

2021-11-23 17:20:58 - [MESSAGE][INFO] - Finding web element from Test Object's properties

2021-11-23 17:20:58 - [MESSAGE][INFO] - Checking timeout

2021-11-23 17:20:58 - [MESSAGE][INFO] - Finding web element with id: 'Object Repository/Sayfalar/Giris_Sayfasi/Firma_Kodu' located by 'By.xpath: //*[@id = 'AccountName']' in '30' second(s)

2021-11-23 17:20:58 - [MESSAGE][INFO] - Smart Wait Function is triggered

2021-11-23 17:20:59 - [MESSAGE][INFO] - Found 1 web elements with id: 'Object Repository/Sayfalar/Giris_Sayfasi/Firma_Kodu' located by 'By.xpath: //*[@id = 'AccountName']' in '30' second(s)

2021-11-23 17:20:59 - [MESSAGE][PASSED] - Keys 'ELOGO6' sent to object: 'Object Repository/Sayfalar/Giris_Sayfasi/Firma_Kodu'

2021-11-23 17:20:59 - [TEST_STEP][PASSED] - sendKeys(findTestObject("Sayfalar/Giris_Sayfasi/Sifre"), Sifre): Keys '123456' sent to object: 'Object Repository/Sayfalar/Giris_Sayfasi/Sifre'

2021-11-23 17:20:59 - [MESSAGE][INFO] - Finding Test Object 'Object Repository/Sayfalar/Giris_Sayfasi/Sifre'

2021-11-23 17:20:59 - [MESSAGE][INFO] - Sending keys '123456' to object: 'Object Repository/Sayfalar/Giris_Sayfasi/Sifre'

2021-11-23 17:20:59 - [MESSAGE][INFO] - Finding web element from Test Object's properties

2021-11-23 17:20:59 - [MESSAGE][INFO] - Checking timeout

2021-11-23 17:20:59 - [MESSAGE][INFO] - Finding web element with id: 'Object Repository/Sayfalar/Giris_Sayfasi/Sifre' located by 'By.xpath: //*[@id = 'Password']' in '30' second(s)

2021-11-23 17:20:59 - [MESSAGE][INFO] - Smart Wait Function is triggered

2021-11-23 17:20:59 - [MESSAGE][INFO] - Found 1 web elements with id: 'Object Repository/Sayfalar/Giris_Sayfasi/Sifre' located by 'By.xpath: //*[@id = 'Password']' in '30' second(s)

2021-11-23 17:21:00 - [MESSAGE][PASSED] - Keys '123456' sent to object: 'Object Repository/Sayfalar/Giris_Sayfasi/Sifre'

2021-11-23 17:21:00 - [TEST_STEP][PASSED] - findWebElement(findTestObject("Sayfalar/Giris_Sayfasi/Giris_Butonu")).click(): Found 1 web elements with id: 'Object Repository/Sayfalar/Giris_Sayfasi/Giris_Butonu' located by 'By.cssSelector: #btnLogin' in '30' second(s)

2021-11-23 17:21:00 - [MESSAGE][INFO] - Finding Test Object 'Object Repository/Sayfalar/Giris_Sayfasi/Giris_Butonu'

2021-11-23 17:21:00 - [MESSAGE][INFO] - Finding web element from Test Object's properties

2021-11-23 17:21:00 - [MESSAGE][INFO] - Checking timeout

2021-11-23 17:21:00 - [MESSAGE][INFO] - Finding web element with id: 'Object Repository/Sayfalar/Giris_Sayfasi/Giris_Butonu' located by 'By.cssSelector: #btnLogin' in '30' second(s)

2021-11-23 17:21:00 - [MESSAGE][INFO] - Smart Wait Function is triggered

2021-11-23 17:21:00 - [MESSAGE][INFO] - Found 1 web elements with id: 'Object Repository/Sayfalar/Giris_Sayfasi/Giris_Butonu' located by 'By.cssSelector: #btnLogin' in '30' second(s)

2021-11-23 17:21:03 - [TEST_STEP][PASSED] - if (verifyElementPresent(findTestObject("Object Repository/Sayfalar/Giris_Sayfasi/RetveTamam_Butonu"), 5, OPTIONAL)): null

2021-11-23 17:21:03 - [MESSAGE][INFO] - Finding Test Object 'Object Repository/Sayfalar/Giris_Sayfasi/RetveTamam_Butonu'

2021-11-23 17:21:03 - [MESSAGE][INFO] - Checking object

2021-11-23 17:21:03 - [MESSAGE][INFO] - Finding web element from Test Object's properties

2021-11-23 17:21:03 - [MESSAGE][INFO] - Checking timeout

2021-11-23 17:21:03 - [MESSAGE][INFO] - Finding web element with id: 'Object Repository/Sayfalar/Giris_Sayfasi/RetveTamam_Butonu' located by 'By.xpath: //*[@class = 'btn btn-default']' in '5' second(s)

2021-11-23 17:21:03 - [MESSAGE][INFO] - Smart Wait Function is triggered

2021-11-23 17:21:03 - [MESSAGE][INFO] - Found 1 web elements with id: 'Object Repository/Sayfalar/Giris_Sayfasi/RetveTamam_Butonu' located by 'By.xpath: //*[@class = 'btn btn-default']' in '5' second(s)

2021-11-23 17:21:03 - [MESSAGE][PASSED] - Object 'Object Repository/Sayfalar/Giris_Sayfasi/RetveTamam_Butonu' is present

2021-11-23 17:21:03 - [TEST_STEP][PASSED] - click(findTestObject("Object Repository/Sayfalar/Giris_Sayfasi/RetveTamam_Butonu")): Object: 'Object Repository/Sayfalar/Giris_Sayfasi/RetveTamam_Butonu' is clicked on

2021-11-23 17:21:03 - [MESSAGE][INFO] - Finding Test Object 'Object Repository/Sayfalar/Giris_Sayfasi/RetveTamam_Butonu'

2021-11-23 17:21:03 - [MESSAGE][INFO] - Checking object

2021-11-23 17:21:03 - [MESSAGE][INFO] - Finding web element from Test Object's properties

2021-11-23 17:21:03 - [MESSAGE][INFO] - Checking timeout

2021-11-23 17:21:03 - [MESSAGE][INFO] - Finding web element with id: 'Object Repository/Sayfalar/Giris_Sayfasi/RetveTamam_Butonu' located by 'By.xpath: //*[@class = 'btn btn-default']' in '30' second(s)

2021-11-23 17:21:03 - [MESSAGE][INFO] - Smart Wait Function is triggered

2021-11-23 17:21:03 - [MESSAGE][INFO] - Found 1 web elements with id: 'Object Repository/Sayfalar/Giris_Sayfasi/RetveTamam_Butonu' located by 'By.xpath: //*[@class = 'btn btn-default']' in '30' second(s)

2021-11-23 17:21:03 - [MESSAGE][INFO] - Clicking on object: 'Object Repository/Sayfalar/Giris_Sayfasi/RetveTamam_Butonu'

2021-11-23 17:21:03 - [MESSAGE][PASSED] - Object: 'Object Repository/Sayfalar/Giris_Sayfasi/RetveTamam_Butonu' is clicked on

2021-11-23 17:21:03 - [TEST_STEP][PASSED] - click(findTestObject("Object Repository/Sayfalar/Giris_Sayfasi/RetveTamam_Butonu")): Object: 'Object Repository/Sayfalar/Giris_Sayfasi/RetveTamam_Butonu' is clicked on

2021-11-23 17:21:03 - [MESSAGE][INFO] - Finding Test Object 'Object Repository/Sayfalar/Giris_Sayfasi/RetveTamam_Butonu'

2021-11-23 17:21:04 - [MESSAGE][INFO] - Checking object

2021-11-23 17:21:04 - [MESSAGE][INFO] - Finding web element from Test Object's properties

2021-11-23 17:21:04 - [MESSAGE][INFO] - Checking timeout

2021-11-23 17:21:04 - [MESSAGE][INFO] - Finding web element with id: 'Object Repository/Sayfalar/Giris_Sayfasi/RetveTamam_Butonu' located by 'By.xpath: //*[@class = 'btn btn-default']' in '30' second(s)

2021-11-23 17:21:04 - [MESSAGE][INFO] - Smart Wait Function is triggered

2021-11-23 17:21:07 - [MESSAGE][INFO] - Found 1 web elements with id: 'Object Repository/Sayfalar/Giris_Sayfasi/RetveTamam_Butonu' located by 'By.xpath: //*[@class = 'btn btn-default']' in '30' second(s)

2021-11-23 17:21:07 - [MESSAGE][INFO] - Clicking on object: 'Object Repository/Sayfalar/Giris_Sayfasi/RetveTamam_Butonu'

2021-11-23 17:21:07 - [MESSAGE][PASSED] - Object: 'Object Repository/Sayfalar/Giris_Sayfasi/RetveTamam_Butonu' is clicked on

2021-11-23 17:21:07 - [TEST_STEP][PASSED] - if (verifyElementPresent(findTestObject("Sayfalar/Giris_Sayfasi/PopupOK"), 5, OPTIONAL)): null

2021-11-23 17:21:07 - [MESSAGE][INFO] - Finding Test Object 'Object Repository/Sayfalar/Giris_Sayfasi/PopupOK'

2021-11-23 17:21:07 - [MESSAGE][INFO] - Checking object

2021-11-23 17:21:07 - [MESSAGE][INFO] - Finding web element from Test Object's properties

2021-11-23 17:21:07 - [MESSAGE][INFO] - Checking timeout

2021-11-23 17:21:07 - [MESSAGE][INFO] - Finding web element with id: 'Object Repository/Sayfalar/Giris_Sayfasi/PopupOK' located by 'By.cssSelector: .btn.btn-success' in '5' second(s)

2021-11-23 17:21:07 - [MESSAGE][INFO] - Smart Wait Function is triggered

2021-11-23 17:21:07 - [MESSAGE][INFO] - Found 1 web elements with id: 'Object Repository/Sayfalar/Giris_Sayfasi/PopupOK' located by 'By.cssSelector: .btn.btn-success' in '5' second(s)

2021-11-23 17:21:07 - [MESSAGE][PASSED] - Object 'Object Repository/Sayfalar/Giris_Sayfasi/PopupOK' is present

2021-11-23 17:21:07 - [TEST_STEP][PASSED] - click(findTestObject("Object Repository/Sayfalar/Giris_Sayfasi/PopupCarpiGiris")): Object: 'Object Repository/Sayfalar/Giris_Sayfasi/PopupCarpiGiris' is clicked on

2021-11-23 17:21:07 - [MESSAGE][INFO] - Finding Test Object 'Object Repository/Sayfalar/Giris_Sayfasi/PopupCarpiGiris'

2021-11-23 17:21:07 - [MESSAGE][INFO] - Checking object

2021-11-23 17:21:07 - [MESSAGE][INFO] - Finding web element from Test Object's properties

2021-11-23 17:21:07 - [MESSAGE][INFO] - Checking timeout

2021-11-23 17:21:07 - [MESSAGE][INFO] - Finding web element with id: 'Object Repository/Sayfalar/Giris_Sayfasi/PopupCarpiGiris' located by 'By.cssSelector: .bootbox-close-button.close' in '30' second(s)

2021-11-23 17:21:07 - [MESSAGE][INFO] - Smart Wait Function is triggered

2021-11-23 17:21:08 - [MESSAGE][INFO] - Found 1 web elements with id: 'Object Repository/Sayfalar/Giris_Sayfasi/PopupCarpiGiris' located by 'By.cssSelector: .bootbox-close-button.close' in '30' second(s)

2021-11-23 17:21:08 - [MESSAGE][INFO] - Clicking on object: 'Object Repository/Sayfalar/Giris_Sayfasi/PopupCarpiGiris'

2021-11-23 17:21:08 - [MESSAGE][PASSED] - Object: 'Object Repository/Sayfalar/Giris_Sayfasi/PopupCarpiGiris' is clicked on

2021-11-23 17:21:08 - [TEST_STEP][PASSED] - verifyElementVisible(findTestObject("Object Repository/Kullanici_Islemleri/KullaniciIslemleri")): Object 'Object Repository/Kullanici_Islemleri/KullaniciIslemleri' is visible

2021-11-23 17:21:08 - [MESSAGE][INFO] - Finding Test Object 'Object Repository/Kullanici_Islemleri/KullaniciIslemleri'

2021-11-23 17:21:08 - [MESSAGE][INFO] - Checking object

2021-11-23 17:21:08 - [MESSAGE][INFO] - Finding web element from Test Object's properties

2021-11-23 17:21:08 - [MESSAGE][INFO] - Checking timeout

2021-11-23 17:21:08 - [MESSAGE][INFO] - Finding web element with id: 'Object Repository/Kullanici_Islemleri/KullaniciIslemleri' located by 'By.cssSelector: .dropdown>a>img' in '30' second(s)

2021-11-23 17:21:08 - [MESSAGE][INFO] - Smart Wait Function is triggered

2021-11-23 17:21:09 - [MESSAGE][INFO] - Found 1 web elements with id: 'Object Repository/Kullanici_Islemleri/KullaniciIslemleri' located by 'By.cssSelector: .dropdown>a>img' in '30' second(s)

2021-11-23 17:21:09 - [MESSAGE][PASSED] - Object 'Object Repository/Kullanici_Islemleri/KullaniciIslemleri' is visible

2021-11-23 17:21:09 - [MESSAGE][PASSED] - Call Test Case 'Test Cases/Sayfalar/Giris_Sayfasi/Login' successfully

2021-11-23 17:21:09 - [MESSAGE][INFO] - Checking called Test Case

2021-11-23 17:21:09 - [MESSAGE][INFO] - Starting to call Test Case 'Test Cases/Menu/AnaMenuSecimi'

2021-11-23 17:21:09 - [TEST_CASE][PASSED] - Test Cases/Menu/AnaMenuSecimi: Test Cases/Menu/AnaMenuSecimi

2021-11-23 17:21:09 - [TEST_STEP][PASSED] - Method.TextDegerineEsitElementeTikla(findTestObject("Menu/Ana_Menu"), Ana_Menu): Method.TextDegerineEsitElementeTikla is PASSED

2021-11-23 17:21:09 - [MESSAGE][INFO] - Finding Test Object 'Object Repository/Menu/Ana_Menu'

2021-11-23 17:21:09 - [MESSAGE][INFO] - Checking timeout

2021-11-23 17:21:09 - [MESSAGE][INFO] - Finding web element with id: 'Object Repository/Menu/Ana_Menu' located by 'By.xpath: //*[@class = 'dropdown-toggle']' in '10' second(s)

2021-11-23 17:21:09 - [MESSAGE][INFO] - Smart Wait Function is triggered

2021-11-23 17:21:09 - [MESSAGE][INFO] - Found 14 web elements with id: 'Object Repository/Menu/Ana_Menu' located by 'By.xpath: //*[@class = 'dropdown-toggle']' in '10' second(s)

2021-11-23 17:21:09 - [MESSAGE][PASSED] - Method.TextDegerineEsitElementeTikla is PASSED

2021-11-23 17:21:09 - [MESSAGE][PASSED] - Call Test Case 'Test Cases/Menu/AnaMenuSecimi' successfully

2021-11-23 17:21:09 - [MESSAGE][INFO] - Checking called Test Case

2021-11-23 17:21:09 - [MESSAGE][INFO] - Starting to call Test Case 'Test Cases/Menu/BasligaGoreAltMenuSecimi'

2021-11-23 17:21:09 - [TEST_CASE][PASSED] - Test Cases/Menu/BasligaGoreAltMenuSecimi: Test Cases/Menu/BasligaGoreAltMenuSecimi

2021-11-23 17:21:09 - [TEST_STEP][PASSED] - Method.TextDegerineEsitElementinAltindakiTextDegerineEsitOlanaTikla(findTestObject("Menu/Menu_Basligi"), findTestObject("Menu/Basliga_Gore_Alt_Menu"), Baslik, Alt_Menu): Method.TextDegerineEsitElementinAltindakiTextDegerineEsitOlanaTikla is PASSED

2021-11-23 17:21:09 - [MESSAGE][INFO] - Finding Test Object 'Object Repository/Menu/Menu_Basligi'

2021-11-23 17:21:10 - [MESSAGE][INFO] - Finding Test Object 'Object Repository/Menu/Basliga_Gore_Alt_Menu'

2021-11-23 17:21:10 - [MESSAGE][INFO] - Checking timeout

2021-11-23 17:21:10 - [MESSAGE][INFO] - Finding web element with id: 'Object Repository/Menu/Menu_Basligi' located by 'By.xpath: //li[@class='dropdown dropdown-large open']//li[@class='dropdown-header']' in '10' second(s)

2021-11-23 17:21:10 - [MESSAGE][INFO] - Smart Wait Function is triggered

2021-11-23 17:21:10 - [MESSAGE][INFO] - Found 2 web elements with id: 'Object Repository/Menu/Menu_Basligi' located by 'By.xpath: //li[@class='dropdown dropdown-large open']//li[@class='dropdown-header']' in '10' second(s)

2021-11-23 17:21:10 - [MESSAGE][INFO] - Smart Wait Function is triggered

2021-11-23 17:21:31 - [MESSAGE][PASSED] - Method.TextDegerineEsitElementinAltindakiTextDegerineEsitOlanaTikla is PASSED

2021-11-23 17:21:31 - [MESSAGE][PASSED] - Call Test Case 'Test Cases/Menu/BasligaGoreAltMenuSecimi' successfully

2021-11-23 17:21:31 - [MESSAGE][INFO] - Checking called Test Case

2021-11-23 17:21:31 - [MESSAGE][INFO] - Starting to call Test Case 'Test Cases/Butonlar/ButonaTikla'

2021-11-23 17:21:31 - [TEST_CASE][PASSED] - Test Cases/Butonlar/ButonaTikla: Test Cases/Butonlar/ButonaTikla

2021-11-23 17:21:31 - [TEST_STEP][PASSED] - Method.TextDegerineEsitElementeTiklaEquals(findTestObject("Butonlar/Butonlar"), Buton_Adi): Method.TextDegerineEsitElementeTiklaEquals is PASSED

2021-11-23 17:21:31 - [MESSAGE][INFO] - Finding Test Object 'Object Repository/Butonlar/Butonlar'

2021-11-23 17:21:31 - [MESSAGE][INFO] - Checking timeout

2021-11-23 17:21:31 - [MESSAGE][INFO] - Finding web element with id: 'Object Repository/Butonlar/Butonlar' located by 'By.cssSelector: .panel.panel-default.text-center.footerPanel .btn,.btn.btn-primary.btnControls' in '10' second(s)

2021-11-23 17:21:31 - [MESSAGE][INFO] - Smart Wait Function is triggered

2021-11-23 17:21:31 - [MESSAGE][INFO] - Found 7 web elements with id: 'Object Repository/Butonlar/Butonlar' located by 'By.cssSelector: .panel.panel-default.text-center.footerPanel .btn,.btn.btn-primary.btnControls' in '10' second(s)

2021-11-23 17:21:31 - [MESSAGE][PASSED] - Method.TextDegerineEsitElementeTiklaEquals is PASSED

2021-11-23 17:21:31 - [MESSAGE][PASSED] - Call Test Case 'Test Cases/Butonlar/ButonaTikla' successfully

2021-11-23 17:21:31 - [MESSAGE][INFO] - Checking called Test Case

2021-11-23 17:21:31 - [MESSAGE][INFO] - Starting to call Test Case 'Test Cases/Butonlar/AltButonaTikla'

2021-11-23 17:21:31 - [TEST_CASE][PASSED] - Test Cases/Butonlar/AltButonaTikla: Test Cases/Butonlar/AltButonaTikla

2021-11-23 17:21:32 - [TEST_STEP][PASSED] - Method.TextDegerineEsitElementeTikla(findTestObject("Butonlar/AltButonlar"), Alt_Buton): Method.TextDegerineEsitElementeTikla is PASSED

2021-11-23 17:21:32 - [MESSAGE][INFO] - Finding Test Object 'Object Repository/Butonlar/AltButonlar'

2021-11-23 17:21:32 - [MESSAGE][INFO] - Checking timeout

2021-11-23 17:21:32 - [MESSAGE][INFO] - Finding web element with id: 'Object Repository/Butonlar/AltButonlar' located by 'By.cssSelector: .btn-group.open li>a' in '10' second(s)

2021-11-23 17:21:32 - [MESSAGE][INFO] - Smart Wait Function is triggered

2021-11-23 17:21:32 - [MESSAGE][INFO] - Found 3 web elements with id: 'Object Repository/Butonlar/AltButonlar' located by 'By.cssSelector: .btn-group.open li>a' in '10' second(s)

2021-11-23 17:21:35 - [MESSAGE][PASSED] - Method.TextDegerineEsitElementeTikla is PASSED

2021-11-23 17:21:35 - [MESSAGE][PASSED] - Call Test Case 'Test Cases/Butonlar/AltButonaTikla' successfully

2021-11-23 17:21:35 - [MESSAGE][INFO] - Checking called Test Case

2021-11-23 17:21:35 - [MESSAGE][INFO] - Starting to call Test Case 'Test Cases/Sayfalar/Ayarlar/Ayarlarim/AyarlarimBasliklarVarMi'

2021-11-23 17:21:35 - [TEST_CASE][PASSED] - Test Cases/Sayfalar/Ayarlar/Ayarlarim/AyarlarimBasliklarVarMi: Test Cases/Sayfalar/Ayarlar/Ayarlarim/AyarlarimBasliklarVarMi

2021-11-23 17:21:35 - [TEST_STEP][PASSED] - Method.TextDegerineEsitElementVarMi(findTestObject("Object Repository/Sayfalar/Ayarlar/Ayarlarim/AyarlarBasliklar"), Baslik): Method.TextDegerineEsitElementVarMi is PASSED

2021-11-23 17:21:35 - [MESSAGE][INFO] - Finding Test Object 'Object Repository/Sayfalar/Ayarlar/Ayarlarim/AyarlarBasliklar'

2021-11-23 17:21:35 - [MESSAGE][INFO] - Checking timeout

2021-11-23 17:21:35 - [MESSAGE][INFO] - Finding web element with id: 'Object Repository/Sayfalar/Ayarlar/Ayarlarim/AyarlarBasliklar' located by 'By.cssSelector: .dxnb-header>span' in '10' second(s)

2021-11-23 17:21:35 - [MESSAGE][INFO] - Smart Wait Function is triggered

2021-11-23 17:21:36 - [MESSAGE][INFO] - Found 5 web elements with id: 'Object Repository/Sayfalar/Ayarlar/Ayarlarim/AyarlarBasliklar' located by 'By.cssSelector: .dxnb-header>span' in '10' second(s)

2021-11-23 17:21:36 - [MESSAGE][PASSED] - Method.TextDegerineEsitElementVarMi is PASSED

2021-11-23 17:21:36 - [MESSAGE][PASSED] - Call Test Case 'Test Cases/Sayfalar/Ayarlar/Ayarlarim/AyarlarimBasliklarVarMi' successfully

2021-11-23 17:21:36 - [MESSAGE][INFO] - Checking called Test Case

2021-11-23 17:21:36 - [MESSAGE][INFO] - Starting to call Test Case 'Test Cases/Sayfalar/Ayarlar/Gorsel_Tasarim/GorselTasarimAciklamasiGirilir'

2021-11-23 17:21:37 - [TEST_CASE][PASSED] - Test Cases/Sayfalar/Ayarlar/Gorsel_Tasarim/GorselTasarimAciklamasiGirilir: Test Cases/Sayfalar/Ayarlar/Gorsel_Tasarim/GorselTasarimAciklamasiGirilir

2021-11-23 17:21:37 - [TEST_STEP][PASSED] - waitForElementPresent(findTestObject("Object Repository/Sayfalar/Ayarlar/Gorsel_Tasarim/GorselTasarimAciklamasi"), 10): Object 'Object Repository/Sayfalar/Ayarlar/Gorsel_Tasarim/GorselTasarimAciklamasi' is present

2021-11-23 17:21:37 - [MESSAGE][INFO] - Finding Test Object 'Object Repository/Sayfalar/Ayarlar/Gorsel_Tasarim/GorselTasarimAciklamasi'

2021-11-23 17:21:37 - [MESSAGE][INFO] - Checking object

2021-11-23 17:21:37 - [MESSAGE][INFO] - Finding web element from Test Object's properties

2021-11-23 17:21:37 - [MESSAGE][INFO] - Checking timeout

2021-11-23 17:21:37 - [MESSAGE][INFO] - Finding web element with id: 'Object Repository/Sayfalar/Ayarlar/Gorsel_Tasarim/GorselTasarimAciklamasi' located by 'By.xpath: //*[@id = 'Description_I']' in '10' second(s)

2021-11-23 17:21:37 - [MESSAGE][INFO] - Smart Wait Function is triggered

2021-11-23 17:21:37 - [MESSAGE][INFO] - Found 1 web elements with id: 'Object Repository/Sayfalar/Ayarlar/Gorsel_Tasarim/GorselTasarimAciklamasi' located by 'By.xpath: //*[@id = 'Description_I']' in '10' second(s)

2021-11-23 17:21:37 - [MESSAGE][PASSED] - Object 'Object Repository/Sayfalar/Ayarlar/Gorsel_Tasarim/GorselTasarimAciklamasi' is present

2021-11-23 17:21:37 - [TEST_STEP][PASSED] - clearText(findTestObject("Object Repository/Sayfalar/Ayarlar/Gorsel_Tasarim/GorselTasarimAciklamasi")): Text of object 'Object Repository/Sayfalar/Ayarlar/Gorsel_Tasarim/GorselTasarimAciklamasi' is cleared

2021-11-23 17:21:37 - [MESSAGE][INFO] - Finding Test Object 'Object Repository/Sayfalar/Ayarlar/Gorsel_Tasarim/GorselTasarimAciklamasi'

2021-11-23 17:21:37 - [MESSAGE][INFO] - Checking object

2021-11-23 17:21:37 - [MESSAGE][INFO] - Finding web element from Test Object's properties

2021-11-23 17:21:37 - [MESSAGE][INFO] - Checking timeout

2021-11-23 17:21:37 - [MESSAGE][INFO] - Finding web element with id: 'Object Repository/Sayfalar/Ayarlar/Gorsel_Tasarim/GorselTasarimAciklamasi' located by 'By.xpath: //*[@id = 'Description_I']' in '30' second(s)

2021-11-23 17:21:37 - [MESSAGE][INFO] - Smart Wait Function is triggered

2021-11-23 17:21:37 - [MESSAGE][INFO] - Found 1 web elements with id: 'Object Repository/Sayfalar/Ayarlar/Gorsel_Tasarim/GorselTasarimAciklamasi' located by 'By.xpath: //*[@id = 'Description_I']' in '30' second(s)

2021-11-23 17:21:37 - [MESSAGE][INFO] - Clearing text of object 'Object Repository/Sayfalar/Ayarlar/Gorsel_Tasarim/GorselTasarimAciklamasi'

2021-11-23 17:21:37 - [MESSAGE][PASSED] - Text of object 'Object Repository/Sayfalar/Ayarlar/Gorsel_Tasarim/GorselTasarimAciklamasi' is cleared

2021-11-23 17:21:37 - [TEST_STEP][PASSED] - sendKeys(findTestObject("Object Repository/Sayfalar/Ayarlar/Gorsel_Tasarim/GorselTasarimAciklamasi"), Aciklama): Keys 'VirgosolOtomasyon' sent to object: 'Object Repository/Sayfalar/Ayarlar/Gorsel_Tasarim/GorselTasarimAciklamasi'

2021-11-23 17:21:37 - [MESSAGE][INFO] - Finding Test Object 'Object Repository/Sayfalar/Ayarlar/Gorsel_Tasarim/GorselTasarimAciklamasi'

2021-11-23 17:21:37 - [MESSAGE][INFO] - Sending keys 'VirgosolOtomasyon' to object: 'Object Repository/Sayfalar/Ayarlar/Gorsel_Tasarim/GorselTasarimAciklamasi'

2021-11-23 17:21:37 - [MESSAGE][INFO] - Finding web element from Test Object's properties

2021-11-23 17:21:37 - [MESSAGE][INFO] - Checking timeout

2021-11-23 17:21:37 - [MESSAGE][INFO] - Finding web element with id: 'Object Repository/Sayfalar/Ayarlar/Gorsel_Tasarim/GorselTasarimAciklamasi' located by 'By.xpath: //*[@id = 'Description_I']' in '30' second(s)

2021-11-23 17:21:37 - [MESSAGE][INFO] - Smart Wait Function is triggered

2021-11-23 17:21:38 - [MESSAGE][INFO] - Found 1 web elements with id: 'Object Repository/Sayfalar/Ayarlar/Gorsel_Tasarim/GorselTasarimAciklamasi' located by 'By.xpath: //*[@id = 'Description_I']' in '30' second(s)

2021-11-23 17:21:38 - [MESSAGE][PASSED] - Keys 'VirgosolOtomasyon' sent to object: 'Object Repository/Sayfalar/Ayarlar/Gorsel_Tasarim/GorselTasarimAciklamasi'

2021-11-23 17:21:38 - [MESSAGE][PASSED] - Call Test Case 'Test Cases/Sayfalar/Ayarlar/Gorsel_Tasarim/GorselTasarimAciklamasiGirilir' successfully

2021-11-23 17:21:38 - [MESSAGE][INFO] - Checking called Test Case

2021-11-23 17:21:38 - [MESSAGE][INFO] - Starting to call Test Case 'Test Cases/Sekmeler/FaturaBaslıgıDogruMu'

2021-11-23 17:21:38 - [TEST_CASE][PASSED] - Test Cases/Sekmeler/FaturaBaslıgıDogruMu: Test Cases/Sekmeler/FaturaBaslıgıDogruMu

2021-11-23 17:21:38 - [TEST_STEP][PASSED] - switchToFrame(findTestObject("Object Repository/Sayfalar/Giris_Sayfasi/FrameFirmaSec"), 3): Switched to iframe: 'Object Repository/Sayfalar/Giris_Sayfasi/FrameFirmaSec'

2021-11-23 17:21:38 - [MESSAGE][INFO] - Finding Test Object 'Object Repository/Sayfalar/Giris_Sayfasi/FrameFirmaSec'

2021-11-23 17:21:38 - [MESSAGE][INFO] - Switching to iframe: 'Object Repository/Sayfalar/Giris_Sayfasi/FrameFirmaSec'

2021-11-23 17:21:38 - [MESSAGE][INFO] - Finding web element from Test Object's properties

2021-11-23 17:21:38 - [MESSAGE][INFO] - Checking timeout

2021-11-23 17:21:38 - [MESSAGE][INFO] - Finding web element with id: 'Object Repository/Sayfalar/Giris_Sayfasi/FrameFirmaSec' located by 'By.cssSelector: .cke_wysiwyg_frame.cke_reset' in '3' second(s)

2021-11-23 17:21:38 - [MESSAGE][INFO] - Smart Wait Function is triggered

2021-11-23 17:21:38 - [MESSAGE][INFO] - Found 3 web elements with id: 'Object Repository/Sayfalar/Giris_Sayfasi/FrameFirmaSec' located by 'By.cssSelector: .cke_wysiwyg_frame.cke_reset' in '3' second(s)

2021-11-23 17:21:38 - [MESSAGE][INFO] - Switched to iframe: 'Object Repository/Sayfalar/Giris_Sayfasi/FrameFirmaSec'

2021-11-23 17:21:38 - [TEST_STEP][PASSED] - verifyElementText(findTestObject("Object Repository/Sekmeler/Olusturma_Goster_Baslik"), Title): Actual text and expected text of test object 'Object Repository/Sekmeler/Olusturma_Goster_Baslik' are matched.

2021-11-23 17:21:38 - [MESSAGE][INFO] - Finding Test Object 'Object Repository/Sekmeler/Olusturma_Goster_Baslik'

2021-11-23 17:21:38 - [MESSAGE][INFO] - Checking object

2021-11-23 17:21:38 - [MESSAGE][INFO] - Finding web element from Test Object's properties

2021-11-23 17:21:38 - [MESSAGE][INFO] - Checking timeout

2021-11-23 17:21:38 - [MESSAGE][INFO] - Finding web element with id: 'Object Repository/Sekmeler/Olusturma_Goster_Baslik' located by 'By.cssSelector: h1>span,td>font,font' in '30' second(s)

2021-11-23 17:21:38 - [MESSAGE][INFO] - Smart Wait Function is triggered

2021-11-23 17:21:38 - [MESSAGE][INFO] - Found 1 web elements with id: 'Object Repository/Sekmeler/Olusturma_Goster_Baslik' located by 'By.cssSelector: h1>span,td>font,font' in '30' second(s)

2021-11-23 17:21:38 - [MESSAGE][PASSED] - Actual text and expected text of test object 'Object Repository/Sekmeler/Olusturma_Goster_Baslik' are matched.

2021-11-23 17:21:38 - [TEST_STEP][PASSED] - switchToDefaultContent(): Switching to default content

2021-11-23 17:21:38 - [MESSAGE][INFO] - Switching to default content

2021-11-23 17:21:38 - [MESSAGE][PASSED] - Call Test Case 'Test Cases/Sekmeler/FaturaBaslıgıDogruMu' successfully

2021-11-23 17:21:38 - [MESSAGE][INFO] - Checking called Test Case

2021-11-23 17:21:38 - [MESSAGE][INFO] - Starting to call Test Case 'Test Cases/Butonlar/ButonaTikla'

2021-11-23 17:21:38 - [TEST_CASE][PASSED] - Test Cases/Butonlar/ButonaTikla: Test Cases/Butonlar/ButonaTikla

2021-11-23 17:21:38 - [TEST_STEP][PASSED] - Method.TextDegerineEsitElementeTiklaEquals(findTestObject("Butonlar/Butonlar"), Buton_Adi): Method.TextDegerineEsitElementeTiklaEquals is PASSED

2021-11-23 17:21:38 - [MESSAGE][INFO] - Finding Test Object 'Object Repository/Butonlar/Butonlar'

2021-11-23 17:21:38 - [MESSAGE][INFO] - Checking timeout

2021-11-23 17:21:38 - [MESSAGE][INFO] - Finding web element with id: 'Object Repository/Butonlar/Butonlar' located by 'By.cssSelector: .panel.panel-default.text-center.footerPanel .btn,.btn.btn-primary.btnControls' in '10' second(s)

2021-11-23 17:21:38 - [MESSAGE][INFO] - Smart Wait Function is triggered

2021-11-23 17:21:39 - [MESSAGE][INFO] - Found 3 web elements with id: 'Object Repository/Butonlar/Butonlar' located by 'By.cssSelector: .panel.panel-default.text-center.footerPanel .btn,.btn.btn-primary.btnControls' in '10' second(s)

2021-11-23 17:21:39 - [MESSAGE][PASSED] - Method.TextDegerineEsitElementeTiklaEquals is PASSED

2021-11-23 17:21:39 - [MESSAGE][PASSED] - Call Test Case 'Test Cases/Butonlar/ButonaTikla' successfully

2021-11-23 17:21:39 - [MESSAGE][INFO] - Checking called Test Case

2021-11-23 17:21:39 - [MESSAGE][INFO] - Starting to call Test Case 'Test Cases/Popup/PopupMesajiIceriyorMu'

2021-11-23 17:21:39 - [TEST_CASE][PASSED] - Test Cases/Popup/PopupMesajiIceriyorMu: Test Cases/Popup/PopupMesajiIceriyorMu

2021-11-23 17:21:39 - [TEST_STEP][PASSED] - waitForElementVisible(findTestObject("Popup/Popup"), 10): Object 'Object Repository/Popup/Popup' is visible

2021-11-23 17:21:39 - [MESSAGE][INFO] - Finding Test Object 'Object Repository/Popup/Popup'

2021-11-23 17:21:39 - [MESSAGE][INFO] - Checking object

2021-11-23 17:21:39 - [MESSAGE][INFO] - Checking timeout

2021-11-23 17:21:39 - [MESSAGE][INFO] - Finding web element from Test Object's properties

2021-11-23 17:21:39 - [MESSAGE][INFO] - Checking timeout

2021-11-23 17:21:39 - [MESSAGE][INFO] - Finding web element with id: 'Object Repository/Popup/Popup' located by 'By.cssSelector: .bootbox-body' in '10' second(s)

2021-11-23 17:21:39 - [MESSAGE][INFO] - Smart Wait Function is triggered

2021-11-23 17:21:40 - [MESSAGE][INFO] - Found 1 web elements with id: 'Object Repository/Popup/Popup' located by 'By.cssSelector: .bootbox-body' in '10' second(s)

2021-11-23 17:21:40 - [MESSAGE][PASSED] - Object 'Object Repository/Popup/Popup' is visible

2021-11-23 17:21:40 - [TEST_STEP][PASSED] - if (!(getText(findTestObject("Popup/Popup")).contains(Mesaj))): Text of object 'Object Repository/Popup/Popup' is: 'Tasarım ön değer tasarım olarak tanımlansın mı?'

2021-11-23 17:21:40 - [MESSAGE][INFO] - Finding Test Object 'Object Repository/Popup/Popup'

2021-11-23 17:21:40 - [MESSAGE][INFO] - Checking object

2021-11-23 17:21:40 - [MESSAGE][INFO] - Finding web element from Test Object's properties

2021-11-23 17:21:40 - [MESSAGE][INFO] - Checking timeout

2021-11-23 17:21:40 - [MESSAGE][INFO] - Finding web element with id: 'Object Repository/Popup/Popup' located by 'By.cssSelector: .bootbox-body' in '30' second(s)

2021-11-23 17:21:40 - [MESSAGE][INFO] - Smart Wait Function is triggered

2021-11-23 17:21:40 - [MESSAGE][INFO] - Found 1 web elements with id: 'Object Repository/Popup/Popup' located by 'By.cssSelector: .bootbox-body' in '30' second(s)

2021-11-23 17:21:40 - [MESSAGE][INFO] - Getting text of object 'Object Repository/Popup/Popup'

2021-11-23 17:21:40 - [MESSAGE][PASSED] - Text of object 'Object Repository/Popup/Popup' is: 'Tasarım ön değer tasarım olarak tanımlansın mı?'

2021-11-23 17:21:40 - [TEST_STEP][PASSED] - RaporNo = getText(findTestObject("Popup/Popup")).substring(0, 6): Text of object 'Object Repository/Popup/Popup' is: 'Tasarım ön değer tasarım olarak tanımlansın mı?'

2021-11-23 17:21:40 - [MESSAGE][INFO] - Finding Test Object 'Object Repository/Popup/Popup'

2021-11-23 17:21:41 - [MESSAGE][INFO] - Checking object

2021-11-23 17:21:41 - [MESSAGE][INFO] - Finding web element from Test Object's properties

2021-11-23 17:21:41 - [MESSAGE][INFO] - Checking timeout

2021-11-23 17:21:41 - [MESSAGE][INFO] - Finding web element with id: 'Object Repository/Popup/Popup' located by 'By.cssSelector: .bootbox-body' in '30' second(s)

2021-11-23 17:21:41 - [MESSAGE][INFO] - Smart Wait Function is triggered

2021-11-23 17:21:41 - [MESSAGE][INFO] - Found 1 web elements with id: 'Object Repository/Popup/Popup' located by 'By.cssSelector: .bootbox-body' in '30' second(s)

2021-11-23 17:21:41 - [MESSAGE][INFO] - Getting text of object 'Object Repository/Popup/Popup'

2021-11-23 17:21:41 - [MESSAGE][PASSED] - Text of object 'Object Repository/Popup/Popup' is: 'Tasarım ön değer tasarım olarak tanımlansın mı?'

2021-11-23 17:21:41 - [TEST_STEP][PASSED] - Console.println(RaporNo): null

2021-11-23 17:21:41 - [MESSAGE][PASSED] - Call Test Case 'Test Cases/Popup/PopupMesajiIceriyorMu' successfully

2021-11-23 17:21:41 - [MESSAGE][INFO] - Checking called Test Case

2021-11-23 17:21:41 - [MESSAGE][INFO] - Starting to call Test Case 'Test Cases/Popup/PopupButonSecilir'

2021-11-23 17:21:41 - [TEST_CASE][PASSED] - Test Cases/Popup/PopupButonSecilir: Test Cases/Popup/PopupButonSecilir

2021-11-23 17:21:41 - [TEST_STEP][PASSED] - Method.TextDegerineEsitElementeTikla(findTestObject("Popup/Popup_Butons"), Buton): Method.TextDegerineEsitElementeTikla is PASSED

2021-11-23 17:21:41 - [MESSAGE][INFO] - Finding Test Object 'Object Repository/Popup/Popup_Butons'

2021-11-23 17:21:41 - [MESSAGE][INFO] - Checking timeout

2021-11-23 17:21:41 - [MESSAGE][INFO] - Finding web element with id: 'Object Repository/Popup/Popup_Butons' located by 'By.cssSelector: .modal-footer>button' in '10' second(s)

2021-11-23 17:21:41 - [MESSAGE][INFO] - Smart Wait Function is triggered

2021-11-23 17:21:41 - [MESSAGE][INFO] - Found 2 web elements with id: 'Object Repository/Popup/Popup_Butons' located by 'By.cssSelector: .modal-footer>button' in '10' second(s)

2021-11-23 17:21:53 - [MESSAGE][PASSED] - Method.TextDegerineEsitElementeTikla is PASSED

2021-11-23 17:21:53 - [MESSAGE][PASSED] - Call Test Case 'Test Cases/Popup/PopupButonSecilir' successfully

2021-11-23 17:21:53 - [MESSAGE][INFO] - Checking called Test Case

2021-11-23 17:21:53 - [MESSAGE][INFO] - Starting to call Test Case 'Test Cases/Tablo/TablodaUnvanliVeriOlusturulduMu'

2021-11-23 17:21:53 - [TEST_CASE][PASSED] - Test Cases/Tablo/TablodaUnvanliVeriOlusturulduMu: Test Cases/Tablo/TablodaUnvanliVeriOlusturulduMu

2021-11-23 17:21:53 - [TEST_STEP][PASSED] - waitForElementVisible(findTestObject("Tablo/OlusturulanVeri"), 10, STOP_ON_FAILURE): Object 'Object Repository/Tablo/OlusturulanVeri' is visible

2021-11-23 17:21:53 - [MESSAGE][INFO] - Finding Test Object 'Object Repository/Tablo/OlusturulanVeri'

2021-11-23 17:21:53 - [MESSAGE][INFO] - Checking object

2021-11-23 17:21:53 - [MESSAGE][INFO] - Checking timeout

2021-11-23 17:21:53 - [MESSAGE][INFO] - Finding web element from Test Object's properties

2021-11-23 17:21:53 - [MESSAGE][INFO] - Checking timeout

2021-11-23 17:21:53 - [MESSAGE][INFO] - Finding web element with id: 'Object Repository/Tablo/OlusturulanVeri' located by 'By.cssSelector: table.dxgvTable_LECustomTheme>tbody>tr:nth-child(3)>td.dxgv b,table.dxgvTable_LECustomTheme>tbody>tr:nth-child(3)>td.dxgv' in '10' second(s)

2021-11-23 17:21:53 - [MESSAGE][INFO] - Smart Wait Function is triggered

2021-11-23 17:21:54 - [MESSAGE][INFO] - Found 8 web elements with id: 'Object Repository/Tablo/OlusturulanVeri' located by 'By.cssSelector: table.dxgvTable_LECustomTheme>tbody>tr:nth-child(3)>td.dxgv b,table.dxgvTable_LECustomTheme>tbody>tr:nth-child(3)>td.dxgv' in '10' second(s)

2021-11-23 17:21:54 - [MESSAGE][PASSED] - Object 'Object Repository/Tablo/OlusturulanVeri' is visible

2021-11-23 17:21:54 - [TEST_STEP][PASSED] - Method.TextDegerineEsitElementVarMi(findTestObject("Tablo/OlusturulanVeri"), Unvan): Method.TextDegerineEsitElementVarMi is PASSED

2021-11-23 17:21:54 - [MESSAGE][INFO] - Finding Test Object 'Object Repository/Tablo/OlusturulanVeri'

2021-11-23 17:21:54 - [MESSAGE][INFO] - Checking timeout

2021-11-23 17:21:54 - [MESSAGE][INFO] - Finding web element with id: 'Object Repository/Tablo/OlusturulanVeri' located by 'By.cssSelector: table.dxgvTable_LECustomTheme>tbody>tr:nth-child(3)>td.dxgv b,table.dxgvTable_LECustomTheme>tbody>tr:nth-child(3)>td.dxgv' in '10' second(s)

2021-11-23 17:21:54 - [MESSAGE][INFO] - Smart Wait Function is triggered

2021-11-23 17:21:54 - [MESSAGE][INFO] - Found 8 web elements with id: 'Object Repository/Tablo/OlusturulanVeri' located by 'By.cssSelector: table.dxgvTable_LECustomTheme>tbody>tr:nth-child(3)>td.dxgv b,table.dxgvTable_LECustomTheme>tbody>tr:nth-child(3)>td.dxgv' in '10' second(s)

2021-11-23 17:21:54 - [MESSAGE][PASSED] - Method.TextDegerineEsitElementVarMi is PASSED

2021-11-23 17:21:54 - [MESSAGE][PASSED] - Call Test Case 'Test Cases/Tablo/TablodaUnvanliVeriOlusturulduMu' successfully

2021-11-23 17:21:54 - [MESSAGE][INFO] - Checking called Test Case

2021-11-23 17:21:54 - [MESSAGE][INFO] - Starting to call Test Case 'Test Cases/Kullanici_Islemleri/KullaniciIslemlerindenSecimYapilir'

2021-11-23 17:21:54 - [TEST_CASE][PASSED] - Test Cases/Kullanici_Islemleri/KullaniciIslemlerindenSecimYapilir: Test Cases/Kullanici_Islemleri/KullaniciIslemlerindenSecimYapilir

2021-11-23 17:21:54 - [TEST_STEP][PASSED] - waitForElementClickable(findTestObject("Object Repository/Kullanici_Islemleri/KullaniciIslemleri"), 10): Object 'Object Repository/Kullanici_Islemleri/KullaniciIslemleri' is clickable

2021-11-23 17:21:54 - [MESSAGE][INFO] - Finding Test Object 'Object Repository/Kullanici_Islemleri/KullaniciIslemleri'

2021-11-23 17:21:54 - [MESSAGE][INFO] - Checking object

2021-11-23 17:21:54 - [MESSAGE][INFO] - Checking timeout

2021-11-23 17:21:54 - [MESSAGE][INFO] - Finding web element from Test Object's properties

2021-11-23 17:21:54 - [MESSAGE][INFO] - Checking timeout

2021-11-23 17:21:54 - [MESSAGE][INFO] - Finding web element with id: 'Object Repository/Kullanici_Islemleri/KullaniciIslemleri' located by 'By.cssSelector: .dropdown>a>img' in '10' second(s)

2021-11-23 17:21:54 - [MESSAGE][INFO] - Smart Wait Function is triggered

2021-11-23 17:21:55 - [MESSAGE][INFO] - Found 1 web elements with id: 'Object Repository/Kullanici_Islemleri/KullaniciIslemleri' located by 'By.cssSelector: .dropdown>a>img' in '10' second(s)

2021-11-23 17:21:55 - [MESSAGE][PASSED] - Object 'Object Repository/Kullanici_Islemleri/KullaniciIslemleri' is clickable

2021-11-23 17:21:55 - [TEST_STEP][PASSED] - click(findTestObject("Object Repository/Kullanici_Islemleri/KullaniciIslemleri")): Object: 'Object Repository/Kullanici_Islemleri/KullaniciIslemleri' is clicked on

2021-11-23 17:21:55 - [MESSAGE][INFO] - Finding Test Object 'Object Repository/Kullanici_Islemleri/KullaniciIslemleri'

2021-11-23 17:21:55 - [MESSAGE][INFO] - Checking object

2021-11-23 17:21:55 - [MESSAGE][INFO] - Finding web element from Test Object's properties

2021-11-23 17:21:55 - [MESSAGE][INFO] - Checking timeout

2021-11-23 17:21:55 - [MESSAGE][INFO] - Finding web element with id: 'Object Repository/Kullanici_Islemleri/KullaniciIslemleri' located by 'By.cssSelector: .dropdown>a>img' in '30' second(s)

2021-11-23 17:21:55 - [MESSAGE][INFO] - Smart Wait Function is triggered

2021-11-23 17:21:55 - [MESSAGE][INFO] - Found 1 web elements with id: 'Object Repository/Kullanici_Islemleri/KullaniciIslemleri' located by 'By.cssSelector: .dropdown>a>img' in '30' second(s)

2021-11-23 17:21:55 - [MESSAGE][INFO] - Clicking on object: 'Object Repository/Kullanici_Islemleri/KullaniciIslemleri'

2021-11-23 17:21:55 - [MESSAGE][PASSED] - Object: 'Object Repository/Kullanici_Islemleri/KullaniciIslemleri' is clicked on

2021-11-23 17:21:55 - [TEST_STEP][PASSED] - Method.TextDegerineEsitElementeTikla(findTestObject("Object Repository/Kullanici_Islemleri/Secenekler"), Islem): Method.TextDegerineEsitElementeTikla is PASSED

2021-11-23 17:21:55 - [MESSAGE][INFO] - Finding Test Object 'Object Repository/Kullanici_Islemleri/Secenekler'

2021-11-23 17:21:55 - [MESSAGE][INFO] - Checking timeout

2021-11-23 17:21:55 - [MESSAGE][INFO] - Finding web element with id: 'Object Repository/Kullanici_Islemleri/Secenekler' located by 'By.cssSelector: .nav.navbar-nav.navbar-right li a' in '10' second(s)

2021-11-23 17:21:55 - [MESSAGE][INFO] - Smart Wait Function is triggered

2021-11-23 17:21:55 - [MESSAGE][INFO] - Found 22 web elements with id: 'Object Repository/Kullanici_Islemleri/Secenekler' located by 'By.cssSelector: .nav.navbar-nav.navbar-right li a' in '10' second(s)

2021-11-23 17:21:56 - [MESSAGE][PASSED] - Method.TextDegerineEsitElementeTikla is PASSED

2021-11-23 17:21:56 - [TEST_STEP][PASSED] - verifyElementNotPresent(findTestObject("Object Repository/Kullanici_Islemleri/Secenekler"), 10): Web element with id: 'Object Repository/Kullanici_Islemleri/Secenekler' located by 'By.cssSelector: .nav.navbar-nav.navbar-right li a' is not present after '10' second(s)

2021-11-23 17:21:56 - [MESSAGE][INFO] - Finding Test Object 'Object Repository/Kullanici_Islemleri/Secenekler'

2021-11-23 17:21:57 - [MESSAGE][INFO] - Checking object

2021-11-23 17:21:57 - [MESSAGE][INFO] - Checking timeout

2021-11-23 17:21:57 - [MESSAGE][INFO] - Finding web element with id: 'Object Repository/Kullanici_Islemleri/Secenekler' located by 'By.cssSelector: .nav.navbar-nav.navbar-right li a' in '10' second(s)

2021-11-23 17:21:57 - [MESSAGE][INFO] - Smart Wait Function is triggered

2021-11-23 17:21:57 - [MESSAGE][PASSED] - Web element with id: 'Object Repository/Kullanici_Islemleri/Secenekler' located by 'By.cssSelector: .nav.navbar-nav.navbar-right li a' is not present after '10' second(s)

2021-11-23 17:21:57 - [MESSAGE][PASSED] - Call Test Case 'Test Cases/Kullanici_Islemleri/KullaniciIslemlerindenSecimYapilir' successfully

2021-11-23 17:21:57 - [TEST_CASE][PASSED] - Start Test Case : SCENARIO Tasarim Araclari Tasarla e-Fatura: SCENARIO Tasarim Araclari Tasarla e-Fatura

2021-11-23 17:21:57 - [TEST_STEP][PASSED] - Kullanıcı adı ELOGO6 ve Şifre 123456 olarak giriş yapılır: Kullanıcı adı ELOGO6 ve Şifre 123456 olarak giriş yapılır

2021-11-23 17:21:57 - [MESSAGE][PASSED] - Kullanıcı adı ELOGO6 ve Şifre 123456 olarak giriş yapılır

2021-11-23 17:21:57 - [TEST_STEP][PASSED] - Ana menüden Ayarlar seçilir: Ana menüden Ayarlar seçilir

2021-11-23 17:21:57 - [MESSAGE][PASSED] - Ana menüden Ayarlar seçilir

2021-11-23 17:21:57 - [TEST_STEP][PASSED] - Alt menü Görsel Tasarımlar başlığı altındaki Tasarım Araçları seçilir: Alt menü Görsel Tasarımlar başlığı altındaki Tasarım Araçları seçilir

2021-11-23 17:21:57 - [MESSAGE][PASSED] - Alt menü Görsel Tasarımlar başlığı altındaki Tasarım Araçları seçilir

2021-11-23 17:21:57 - [TEST_STEP][PASSED] - Butonlardan Tasarla isimli butona tıklanır: Butonlardan Tasarla isimli butona tıklanır

2021-11-23 17:21:57 - [MESSAGE][PASSED] - Butonlardan Tasarla isimli butona tıklanır

2021-11-23 17:21:57 - [TEST_STEP][PASSED] - Alt butonlardan e-Fatura butonuna tıklanır: Alt butonlardan e-Fatura butonuna tıklanır

2021-11-23 17:21:57 - [MESSAGE][PASSED] - Alt butonlardan e-Fatura butonuna tıklanır

2021-11-23 17:21:57 - [TEST_STEP][PASSED] - Dinamik başlıklarda E-FATURA TASARIM AÇIKLAMASI var mı: Dinamik başlıklarda E-FATURA TASARIM AÇIKLAMASI var mı

2021-11-23 17:21:57 - [MESSAGE][PASSED] - Dinamik başlıklarda E-FATURA TASARIM AÇIKLAMASI var mı

2021-11-23 17:21:57 - [TEST_STEP][PASSED] - Tasarım açıklaması alanına VirgosolOtomasyon girilir: Tasarım açıklaması alanına VirgosolOtomasyon girilir

2021-11-23 17:21:57 - [MESSAGE][PASSED] - Tasarım açıklaması alanına VirgosolOtomasyon girilir

2021-11-23 17:21:57 - [TEST_STEP][PASSED] - Oluşturulan Fatura başlığında e-FATURA var mı: Oluşturulan Fatura başlığında e-FATURA var mı

2021-11-23 17:21:57 - [MESSAGE][PASSED] - Oluşturulan Fatura başlığında e-FATURA var mı

2021-11-23 17:21:57 - [TEST_STEP][PASSED] - Butonlardan Kaydet isimli butona tıklanır: Butonlardan Kaydet isimli butona tıklanır

2021-11-23 17:21:57 - [MESSAGE][PASSED] - Butonlardan Kaydet isimli butona tıklanır

2021-11-23 17:21:57 - [TEST_STEP][PASSED] - Popup mesajı Tasarım ön değer tasarım olarak tanımlansın mı? içeriyor mu: Popup mesajı Tasarım ön değer tasarım olarak tanımlansın mı? içeriyor mu

2021-11-23 17:21:57 - [MESSAGE][PASSED] - Popup mesajı Tasarım ön değer tasarım olarak tanımlansın mı? içeriyor mu

2021-11-23 17:21:57 - [TEST_STEP][PASSED] - Yönetim popupında Evet seçilir: Yönetim popupında Evet seçilir

2021-11-23 17:21:57 - [MESSAGE][PASSED] - Yönetim popupında Evet seçilir

2021-11-23 17:21:57 - [TEST_STEP][PASSED] - Tabloda VirgosolOtomasyon ünvanlı veri oluşturuldu mu: Tabloda VirgosolOtomasyon ünvanlı veri oluşturuldu mu

2021-11-23 17:21:57 - [MESSAGE][PASSED] - Tabloda VirgosolOtomasyon ünvanlı veri oluşturuldu mu

2021-11-23 17:21:57 - [TEST_STEP][PASSED] - Kullanıcı işlemlerinden Çıkış seçilir: Kullanıcı işlemlerinden Çıkış seçilir

2021-11-23 17:21:57 - [MESSAGE][PASSED] - Kullanıcı işlemlerinden Çıkış seçilir

2021-11-23 17:21:57 - [MESSAGE][PASSED] - Feature file: 'Include/features/Ayarlar/Gorsel Tasarimlar/Tasarim Araclari/Tasarla e-Fatura.feature' was passed

2021-11-23 17:21:57 - [TEST_STEP][PASSED] - Start listener action : sampleAfterTestSuite: Invoke 'com.kms.katalon.core.annotation.AfterTestCase' method: 'Listener.sampleAfterTestSuite(...)' completed.

2021-11-23 17:21:57 - [MESSAGE][INFO] - Starting invoke 'com.kms.katalon.core.annotation.AfterTestCase' method: 'Listener.sampleAfterTestSuite(...)'

2021-11-23 17:21:57 - [TEST_STEP][PASSED] - closeBrowser(): Invoke 'com.kms.katalon.core.annotation.AfterTestCase' method: 'Listener.sampleAfterTestSuite(...)' completed.

2021-11-23 17:21:57 - [MESSAGE][INFO] - Closing browser

2021-11-23 17:21:58 - [MESSAGE][PASSED] - Browser is closed

2021-11-23 17:21:58 - [MESSAGE][INFO] - Invoke 'com.kms.katalon.core.annotation.AfterTestCase' method: 'Listener.sampleAfterTestSuite(...)' completed.]]></system-out>
         <system-err><![CDATA[]]></system-err>
      </testcase>
      <testcase name="Test Cases/Case Repository/Ayarlar/Gorsel Tasarim/Tasarim Araclari/Tasarla e-Arsiv" time="49.414" classname="Test Cases/Case Repository/Ayarlar/Gorsel Tasarim/Tasarim Araclari/Tasarla e-Arsiv" status="PASSED">
         <system-out><![CDATA[2021-11-23 17:21:58 - [TEST_CASE][PASSED] - Test Cases/Case Repository/Ayarlar/Gorsel Tasarim/Tasarim Araclari/Tasarla e-Arsiv: Test Cases/Case Repository/Ayarlar/Gorsel Tasarim/Tasarim Araclari/Tasarla e-Arsiv

2021-11-23 17:21:58 - [TEST_STEP][PASSED] - Start listener action : sampleBeforeTestSuite: Invoke 'com.kms.katalon.core.annotation.BeforeTestCase' method: 'Listener.sampleBeforeTestSuite(...)' completed.

2021-11-23 17:21:58 - [MESSAGE][INFO] - Starting invoke 'com.kms.katalon.core.annotation.BeforeTestCase' method: 'Listener.sampleBeforeTestSuite(...)'

2021-11-23 17:21:58 - [TEST_STEP][PASSED] - openBrowser(baseUrl): Browser is opened with url: 'https://efatura-stage.elogo.com.tr/'

2021-11-23 17:21:58 - [MESSAGE][INFO] - Opening browser

2021-11-23 17:21:58 - [MESSAGE][INFO] - Starting 'Chrome' driver

2021-11-23 17:21:58 - [MESSAGE][INFO] - User set preference: ['prefs', '{download.default_directory=C:\otomasyondownfiles}']

2021-11-23 17:21:58 - [MESSAGE][INFO] - Action delay is set to 0 milliseconds

2021-11-23 17:21:59 - [MESSAGE][INFO] - Navigating browser to: 'https://efatura-stage.elogo.com.tr/'

2021-11-23 17:22:01 - [MESSAGE][PASSED] - Browser is opened with url: 'https://efatura-stage.elogo.com.tr/'

2021-11-23 17:22:01 - [TEST_STEP][PASSED] - maximizeWindow(): Invoke 'com.kms.katalon.core.annotation.BeforeTestCase' method: 'Listener.sampleBeforeTestSuite(...)' completed.

2021-11-23 17:22:01 - [MESSAGE][INFO] - Maximizing current window

2021-11-23 17:22:01 - [MESSAGE][PASSED] - Current window maximized

2021-11-23 17:22:01 - [MESSAGE][INFO] - Invoke 'com.kms.katalon.core.annotation.BeforeTestCase' method: 'Listener.sampleBeforeTestSuite(...)' completed.

2021-11-23 17:22:02 - [TEST_STEP][PASSED] - runFeatureFile("Include/features/Ayarlar/Gorsel Tasarimlar/Tasarim Araclari/Tasarla e-Arsiv.feature"): Feature file: 'Include/features/Ayarlar/Gorsel Tasarimlar/Tasarim Araclari/Tasarla e-Arsiv.feature' was passed

2021-11-23 17:22:02 - [MESSAGE][INFO] - Starting run keyword runFeatureFile: 'Include/features/Ayarlar/Gorsel Tasarimlar/Tasarim Araclari/Tasarla e-Arsiv.feature' and extract report to folder: 'C:\Users\DELL\Documents\GitHub\EES_KatalonLogo\Reports\20211123_163326\Suite Repository\Ayarlar\20211123_163427/cucumber_report/1637677322278'...

2021-11-23 17:22:02 - [MESSAGE][INFO] - Glue: []

2021-11-23 17:22:03 - [MESSAGE][INFO] - Checking called Test Case

2021-11-23 17:22:03 - [MESSAGE][INFO] - Starting to call Test Case 'Test Cases/Sayfalar/Giris_Sayfasi/Login'

2021-11-23 17:22:03 - [TEST_CASE][PASSED] - Test Cases/Sayfalar/Giris_Sayfasi/Login: Test Cases/Sayfalar/Giris_Sayfasi/Login

2021-11-23 17:22:03 - [TEST_STEP][PASSED] - Sayfa_Basligi = getWindowTitle(): Current window's title is: 'LOGO e-Fatura'

2021-11-23 17:22:03 - [MESSAGE][INFO] - Getting current window's title

2021-11-23 17:22:03 - [MESSAGE][PASSED] - Current window's title is: 'LOGO e-Fatura'

2021-11-23 17:22:03 - [TEST_STEP][PASSED] - verifyMatch(Sayfa_Basligi, "LOGO e-Fatura", false): Actual text 'LOGO e-Fatura' and expected text 'LOGO e-Fatura' are matched 

2021-11-23 17:22:03 - [MESSAGE][INFO] - Matching actual text 'LOGO e-Fatura' with expected text 'LOGO e-Fatura'

2021-11-23 17:22:03 - [MESSAGE][PASSED] - Actual text 'LOGO e-Fatura' and expected text 'LOGO e-Fatura' are matched 

2021-11-23 17:22:03 - [TEST_STEP][PASSED] - sendKeys(findTestObject("Sayfalar/Giris_Sayfasi/Firma_Kodu"), KullaniciAdi): Keys 'ELOGO6' sent to object: 'Object Repository/Sayfalar/Giris_Sayfasi/Firma_Kodu'

2021-11-23 17:22:03 - [MESSAGE][INFO] - Finding Test Object 'Object Repository/Sayfalar/Giris_Sayfasi/Firma_Kodu'

2021-11-23 17:22:04 - [MESSAGE][INFO] - Sending keys 'ELOGO6' to object: 'Object Repository/Sayfalar/Giris_Sayfasi/Firma_Kodu'

2021-11-23 17:22:04 - [MESSAGE][INFO] - Finding web element from Test Object's properties

2021-11-23 17:22:04 - [MESSAGE][INFO] - Checking timeout

2021-11-23 17:22:04 - [MESSAGE][INFO] - Finding web element with id: 'Object Repository/Sayfalar/Giris_Sayfasi/Firma_Kodu' located by 'By.xpath: //*[@id = 'AccountName']' in '30' second(s)

2021-11-23 17:22:04 - [MESSAGE][INFO] - Smart Wait Function is triggered

2021-11-23 17:22:04 - [MESSAGE][INFO] - Found 1 web elements with id: 'Object Repository/Sayfalar/Giris_Sayfasi/Firma_Kodu' located by 'By.xpath: //*[@id = 'AccountName']' in '30' second(s)

2021-11-23 17:22:04 - [MESSAGE][PASSED] - Keys 'ELOGO6' sent to object: 'Object Repository/Sayfalar/Giris_Sayfasi/Firma_Kodu'

2021-11-23 17:22:04 - [TEST_STEP][PASSED] - sendKeys(findTestObject("Sayfalar/Giris_Sayfasi/Sifre"), Sifre): Keys '123456' sent to object: 'Object Repository/Sayfalar/Giris_Sayfasi/Sifre'

2021-11-23 17:22:04 - [MESSAGE][INFO] - Finding Test Object 'Object Repository/Sayfalar/Giris_Sayfasi/Sifre'

2021-11-23 17:22:04 - [MESSAGE][INFO] - Sending keys '123456' to object: 'Object Repository/Sayfalar/Giris_Sayfasi/Sifre'

2021-11-23 17:22:04 - [MESSAGE][INFO] - Finding web element from Test Object's properties

2021-11-23 17:22:04 - [MESSAGE][INFO] - Checking timeout

2021-11-23 17:22:04 - [MESSAGE][INFO] - Finding web element with id: 'Object Repository/Sayfalar/Giris_Sayfasi/Sifre' located by 'By.xpath: //*[@id = 'Password']' in '30' second(s)

2021-11-23 17:22:04 - [MESSAGE][INFO] - Smart Wait Function is triggered

2021-11-23 17:22:04 - [MESSAGE][INFO] - Found 1 web elements with id: 'Object Repository/Sayfalar/Giris_Sayfasi/Sifre' located by 'By.xpath: //*[@id = 'Password']' in '30' second(s)

2021-11-23 17:22:04 - [MESSAGE][PASSED] - Keys '123456' sent to object: 'Object Repository/Sayfalar/Giris_Sayfasi/Sifre'

2021-11-23 17:22:04 - [TEST_STEP][PASSED] - findWebElement(findTestObject("Sayfalar/Giris_Sayfasi/Giris_Butonu")).click(): Found 1 web elements with id: 'Object Repository/Sayfalar/Giris_Sayfasi/Giris_Butonu' located by 'By.cssSelector: #btnLogin' in '30' second(s)

2021-11-23 17:22:04 - [MESSAGE][INFO] - Finding Test Object 'Object Repository/Sayfalar/Giris_Sayfasi/Giris_Butonu'

2021-11-23 17:22:04 - [MESSAGE][INFO] - Finding web element from Test Object's properties

2021-11-23 17:22:04 - [MESSAGE][INFO] - Checking timeout

2021-11-23 17:22:04 - [MESSAGE][INFO] - Finding web element with id: 'Object Repository/Sayfalar/Giris_Sayfasi/Giris_Butonu' located by 'By.cssSelector: #btnLogin' in '30' second(s)

2021-11-23 17:22:04 - [MESSAGE][INFO] - Smart Wait Function is triggered

2021-11-23 17:22:05 - [MESSAGE][INFO] - Found 1 web elements with id: 'Object Repository/Sayfalar/Giris_Sayfasi/Giris_Butonu' located by 'By.cssSelector: #btnLogin' in '30' second(s)

2021-11-23 17:22:07 - [TEST_STEP][PASSED] - if (verifyElementPresent(findTestObject("Object Repository/Sayfalar/Giris_Sayfasi/RetveTamam_Butonu"), 5, OPTIONAL)): null

2021-11-23 17:22:07 - [MESSAGE][INFO] - Finding Test Object 'Object Repository/Sayfalar/Giris_Sayfasi/RetveTamam_Butonu'

2021-11-23 17:22:08 - [MESSAGE][INFO] - Checking object

2021-11-23 17:22:08 - [MESSAGE][INFO] - Finding web element from Test Object's properties

2021-11-23 17:22:08 - [MESSAGE][INFO] - Checking timeout

2021-11-23 17:22:08 - [MESSAGE][INFO] - Finding web element with id: 'Object Repository/Sayfalar/Giris_Sayfasi/RetveTamam_Butonu' located by 'By.xpath: //*[@class = 'btn btn-default']' in '5' second(s)

2021-11-23 17:22:08 - [MESSAGE][INFO] - Smart Wait Function is triggered

2021-11-23 17:22:08 - [MESSAGE][INFO] - Found 1 web elements with id: 'Object Repository/Sayfalar/Giris_Sayfasi/RetveTamam_Butonu' located by 'By.xpath: //*[@class = 'btn btn-default']' in '5' second(s)

2021-11-23 17:22:08 - [MESSAGE][PASSED] - Object 'Object Repository/Sayfalar/Giris_Sayfasi/RetveTamam_Butonu' is present

2021-11-23 17:22:08 - [TEST_STEP][PASSED] - click(findTestObject("Object Repository/Sayfalar/Giris_Sayfasi/RetveTamam_Butonu")): Object: 'Object Repository/Sayfalar/Giris_Sayfasi/RetveTamam_Butonu' is clicked on

2021-11-23 17:22:08 - [MESSAGE][INFO] - Finding Test Object 'Object Repository/Sayfalar/Giris_Sayfasi/RetveTamam_Butonu'

2021-11-23 17:22:08 - [MESSAGE][INFO] - Checking object

2021-11-23 17:22:08 - [MESSAGE][INFO] - Finding web element from Test Object's properties

2021-11-23 17:22:08 - [MESSAGE][INFO] - Checking timeout

2021-11-23 17:22:08 - [MESSAGE][INFO] - Finding web element with id: 'Object Repository/Sayfalar/Giris_Sayfasi/RetveTamam_Butonu' located by 'By.xpath: //*[@class = 'btn btn-default']' in '30' second(s)

2021-11-23 17:22:08 - [MESSAGE][INFO] - Smart Wait Function is triggered

2021-11-23 17:22:08 - [MESSAGE][INFO] - Found 1 web elements with id: 'Object Repository/Sayfalar/Giris_Sayfasi/RetveTamam_Butonu' located by 'By.xpath: //*[@class = 'btn btn-default']' in '30' second(s)

2021-11-23 17:22:08 - [MESSAGE][INFO] - Clicking on object: 'Object Repository/Sayfalar/Giris_Sayfasi/RetveTamam_Butonu'

2021-11-23 17:22:08 - [MESSAGE][PASSED] - Object: 'Object Repository/Sayfalar/Giris_Sayfasi/RetveTamam_Butonu' is clicked on

2021-11-23 17:22:08 - [TEST_STEP][PASSED] - click(findTestObject("Object Repository/Sayfalar/Giris_Sayfasi/RetveTamam_Butonu")): Object: 'Object Repository/Sayfalar/Giris_Sayfasi/RetveTamam_Butonu' is clicked on

2021-11-23 17:22:08 - [MESSAGE][INFO] - Finding Test Object 'Object Repository/Sayfalar/Giris_Sayfasi/RetveTamam_Butonu'

2021-11-23 17:22:08 - [MESSAGE][INFO] - Checking object

2021-11-23 17:22:08 - [MESSAGE][INFO] - Finding web element from Test Object's properties

2021-11-23 17:22:08 - [MESSAGE][INFO] - Checking timeout

2021-11-23 17:22:08 - [MESSAGE][INFO] - Finding web element with id: 'Object Repository/Sayfalar/Giris_Sayfasi/RetveTamam_Butonu' located by 'By.xpath: //*[@class = 'btn btn-default']' in '30' second(s)

2021-11-23 17:22:08 - [MESSAGE][INFO] - Smart Wait Function is triggered

2021-11-23 17:22:11 - [MESSAGE][INFO] - Found 1 web elements with id: 'Object Repository/Sayfalar/Giris_Sayfasi/RetveTamam_Butonu' located by 'By.xpath: //*[@class = 'btn btn-default']' in '30' second(s)

2021-11-23 17:22:11 - [MESSAGE][INFO] - Clicking on object: 'Object Repository/Sayfalar/Giris_Sayfasi/RetveTamam_Butonu'

2021-11-23 17:22:11 - [MESSAGE][PASSED] - Object: 'Object Repository/Sayfalar/Giris_Sayfasi/RetveTamam_Butonu' is clicked on

2021-11-23 17:22:11 - [TEST_STEP][PASSED] - if (verifyElementPresent(findTestObject("Sayfalar/Giris_Sayfasi/PopupOK"), 5, OPTIONAL)): null

2021-11-23 17:22:11 - [MESSAGE][INFO] - Finding Test Object 'Object Repository/Sayfalar/Giris_Sayfasi/PopupOK'

2021-11-23 17:22:12 - [MESSAGE][INFO] - Checking object

2021-11-23 17:22:12 - [MESSAGE][INFO] - Finding web element from Test Object's properties

2021-11-23 17:22:12 - [MESSAGE][INFO] - Checking timeout

2021-11-23 17:22:12 - [MESSAGE][INFO] - Finding web element with id: 'Object Repository/Sayfalar/Giris_Sayfasi/PopupOK' located by 'By.cssSelector: .btn.btn-success' in '5' second(s)

2021-11-23 17:22:12 - [MESSAGE][INFO] - Smart Wait Function is triggered

2021-11-23 17:22:12 - [MESSAGE][INFO] - Found 1 web elements with id: 'Object Repository/Sayfalar/Giris_Sayfasi/PopupOK' located by 'By.cssSelector: .btn.btn-success' in '5' second(s)

2021-11-23 17:22:12 - [MESSAGE][PASSED] - Object 'Object Repository/Sayfalar/Giris_Sayfasi/PopupOK' is present

2021-11-23 17:22:12 - [TEST_STEP][PASSED] - click(findTestObject("Object Repository/Sayfalar/Giris_Sayfasi/PopupCarpiGiris")): Object: 'Object Repository/Sayfalar/Giris_Sayfasi/PopupCarpiGiris' is clicked on

2021-11-23 17:22:12 - [MESSAGE][INFO] - Finding Test Object 'Object Repository/Sayfalar/Giris_Sayfasi/PopupCarpiGiris'

2021-11-23 17:22:12 - [MESSAGE][INFO] - Checking object

2021-11-23 17:22:12 - [MESSAGE][INFO] - Finding web element from Test Object's properties

2021-11-23 17:22:12 - [MESSAGE][INFO] - Checking timeout

2021-11-23 17:22:12 - [MESSAGE][INFO] - Finding web element with id: 'Object Repository/Sayfalar/Giris_Sayfasi/PopupCarpiGiris' located by 'By.cssSelector: .bootbox-close-button.close' in '30' second(s)

2021-11-23 17:22:12 - [MESSAGE][INFO] - Smart Wait Function is triggered

2021-11-23 17:22:13 - [MESSAGE][INFO] - Found 1 web elements with id: 'Object Repository/Sayfalar/Giris_Sayfasi/PopupCarpiGiris' located by 'By.cssSelector: .bootbox-close-button.close' in '30' second(s)

2021-11-23 17:22:13 - [MESSAGE][INFO] - Clicking on object: 'Object Repository/Sayfalar/Giris_Sayfasi/PopupCarpiGiris'

2021-11-23 17:22:13 - [MESSAGE][PASSED] - Object: 'Object Repository/Sayfalar/Giris_Sayfasi/PopupCarpiGiris' is clicked on

2021-11-23 17:22:13 - [TEST_STEP][PASSED] - verifyElementVisible(findTestObject("Object Repository/Kullanici_Islemleri/KullaniciIslemleri")): Object 'Object Repository/Kullanici_Islemleri/KullaniciIslemleri' is visible

2021-11-23 17:22:13 - [MESSAGE][INFO] - Finding Test Object 'Object Repository/Kullanici_Islemleri/KullaniciIslemleri'

2021-11-23 17:22:13 - [MESSAGE][INFO] - Checking object

2021-11-23 17:22:13 - [MESSAGE][INFO] - Finding web element from Test Object's properties

2021-11-23 17:22:13 - [MESSAGE][INFO] - Checking timeout

2021-11-23 17:22:13 - [MESSAGE][INFO] - Finding web element with id: 'Object Repository/Kullanici_Islemleri/KullaniciIslemleri' located by 'By.cssSelector: .dropdown>a>img' in '30' second(s)

2021-11-23 17:22:13 - [MESSAGE][INFO] - Smart Wait Function is triggered

2021-11-23 17:22:13 - [MESSAGE][INFO] - Found 1 web elements with id: 'Object Repository/Kullanici_Islemleri/KullaniciIslemleri' located by 'By.cssSelector: .dropdown>a>img' in '30' second(s)

2021-11-23 17:22:14 - [MESSAGE][PASSED] - Object 'Object Repository/Kullanici_Islemleri/KullaniciIslemleri' is visible

2021-11-23 17:22:14 - [MESSAGE][PASSED] - Call Test Case 'Test Cases/Sayfalar/Giris_Sayfasi/Login' successfully

2021-11-23 17:22:14 - [MESSAGE][INFO] - Checking called Test Case

2021-11-23 17:22:14 - [MESSAGE][INFO] - Starting to call Test Case 'Test Cases/Menu/AnaMenuSecimi'

2021-11-23 17:22:14 - [TEST_CASE][PASSED] - Test Cases/Menu/AnaMenuSecimi: Test Cases/Menu/AnaMenuSecimi

2021-11-23 17:22:14 - [TEST_STEP][PASSED] - Method.TextDegerineEsitElementeTikla(findTestObject("Menu/Ana_Menu"), Ana_Menu): Method.TextDegerineEsitElementeTikla is PASSED

2021-11-23 17:22:14 - [MESSAGE][INFO] - Finding Test Object 'Object Repository/Menu/Ana_Menu'

2021-11-23 17:22:14 - [MESSAGE][INFO] - Checking timeout

2021-11-23 17:22:14 - [MESSAGE][INFO] - Finding web element with id: 'Object Repository/Menu/Ana_Menu' located by 'By.xpath: //*[@class = 'dropdown-toggle']' in '10' second(s)

2021-11-23 17:22:14 - [MESSAGE][INFO] - Smart Wait Function is triggered

2021-11-23 17:22:14 - [MESSAGE][INFO] - Found 14 web elements with id: 'Object Repository/Menu/Ana_Menu' located by 'By.xpath: //*[@class = 'dropdown-toggle']' in '10' second(s)

2021-11-23 17:22:14 - [MESSAGE][PASSED] - Method.TextDegerineEsitElementeTikla is PASSED

2021-11-23 17:22:14 - [MESSAGE][PASSED] - Call Test Case 'Test Cases/Menu/AnaMenuSecimi' successfully

2021-11-23 17:22:14 - [MESSAGE][INFO] - Checking called Test Case

2021-11-23 17:22:14 - [MESSAGE][INFO] - Starting to call Test Case 'Test Cases/Menu/BasligaGoreAltMenuSecimi'

2021-11-23 17:22:14 - [TEST_CASE][PASSED] - Test Cases/Menu/BasligaGoreAltMenuSecimi: Test Cases/Menu/BasligaGoreAltMenuSecimi

2021-11-23 17:22:14 - [TEST_STEP][PASSED] - Method.TextDegerineEsitElementinAltindakiTextDegerineEsitOlanaTikla(findTestObject("Menu/Menu_Basligi"), findTestObject("Menu/Basliga_Gore_Alt_Menu"), Baslik, Alt_Menu): Method.TextDegerineEsitElementinAltindakiTextDegerineEsitOlanaTikla is PASSED

2021-11-23 17:22:14 - [MESSAGE][INFO] - Finding Test Object 'Object Repository/Menu/Menu_Basligi'

2021-11-23 17:22:14 - [MESSAGE][INFO] - Finding Test Object 'Object Repository/Menu/Basliga_Gore_Alt_Menu'

2021-11-23 17:22:15 - [MESSAGE][INFO] - Checking timeout

2021-11-23 17:22:15 - [MESSAGE][INFO] - Finding web element with id: 'Object Repository/Menu/Menu_Basligi' located by 'By.xpath: //li[@class='dropdown dropdown-large open']//li[@class='dropdown-header']' in '10' second(s)

2021-11-23 17:22:15 - [MESSAGE][INFO] - Smart Wait Function is triggered

2021-11-23 17:22:15 - [MESSAGE][INFO] - Found 2 web elements with id: 'Object Repository/Menu/Menu_Basligi' located by 'By.xpath: //li[@class='dropdown dropdown-large open']//li[@class='dropdown-header']' in '10' second(s)

2021-11-23 17:22:15 - [MESSAGE][INFO] - Smart Wait Function is triggered

2021-11-23 17:22:23 - [MESSAGE][PASSED] - Method.TextDegerineEsitElementinAltindakiTextDegerineEsitOlanaTikla is PASSED

2021-11-23 17:22:23 - [MESSAGE][PASSED] - Call Test Case 'Test Cases/Menu/BasligaGoreAltMenuSecimi' successfully

2021-11-23 17:22:23 - [MESSAGE][INFO] - Checking called Test Case

2021-11-23 17:22:23 - [MESSAGE][INFO] - Starting to call Test Case 'Test Cases/Butonlar/ButonaTikla'

2021-11-23 17:22:23 - [TEST_CASE][PASSED] - Test Cases/Butonlar/ButonaTikla: Test Cases/Butonlar/ButonaTikla

2021-11-23 17:22:23 - [TEST_STEP][PASSED] - Method.TextDegerineEsitElementeTiklaEquals(findTestObject("Butonlar/Butonlar"), Buton_Adi): Method.TextDegerineEsitElementeTiklaEquals is PASSED

2021-11-23 17:22:23 - [MESSAGE][INFO] - Finding Test Object 'Object Repository/Butonlar/Butonlar'

2021-11-23 17:22:23 - [MESSAGE][INFO] - Checking timeout

2021-11-23 17:22:23 - [MESSAGE][INFO] - Finding web element with id: 'Object Repository/Butonlar/Butonlar' located by 'By.cssSelector: .panel.panel-default.text-center.footerPanel .btn,.btn.btn-primary.btnControls' in '10' second(s)

2021-11-23 17:22:23 - [MESSAGE][INFO] - Smart Wait Function is triggered

2021-11-23 17:22:23 - [MESSAGE][INFO] - Found 7 web elements with id: 'Object Repository/Butonlar/Butonlar' located by 'By.cssSelector: .panel.panel-default.text-center.footerPanel .btn,.btn.btn-primary.btnControls' in '10' second(s)

2021-11-23 17:22:23 - [MESSAGE][PASSED] - Method.TextDegerineEsitElementeTiklaEquals is PASSED

2021-11-23 17:22:23 - [MESSAGE][PASSED] - Call Test Case 'Test Cases/Butonlar/ButonaTikla' successfully

2021-11-23 17:22:23 - [MESSAGE][INFO] - Checking called Test Case

2021-11-23 17:22:23 - [MESSAGE][INFO] - Starting to call Test Case 'Test Cases/Butonlar/AltButonaTikla'

2021-11-23 17:22:23 - [TEST_CASE][PASSED] - Test Cases/Butonlar/AltButonaTikla: Test Cases/Butonlar/AltButonaTikla

2021-11-23 17:22:23 - [TEST_STEP][PASSED] - Method.TextDegerineEsitElementeTikla(findTestObject("Butonlar/AltButonlar"), Alt_Buton): Method.TextDegerineEsitElementeTikla is PASSED

2021-11-23 17:22:23 - [MESSAGE][INFO] - Finding Test Object 'Object Repository/Butonlar/AltButonlar'

2021-11-23 17:22:23 - [MESSAGE][INFO] - Checking timeout

2021-11-23 17:22:23 - [MESSAGE][INFO] - Finding web element with id: 'Object Repository/Butonlar/AltButonlar' located by 'By.cssSelector: .btn-group.open li>a' in '10' second(s)

2021-11-23 17:22:23 - [MESSAGE][INFO] - Smart Wait Function is triggered

2021-11-23 17:22:24 - [MESSAGE][INFO] - Found 3 web elements with id: 'Object Repository/Butonlar/AltButonlar' located by 'By.cssSelector: .btn-group.open li>a' in '10' second(s)

2021-11-23 17:22:26 - [MESSAGE][PASSED] - Method.TextDegerineEsitElementeTikla is PASSED

2021-11-23 17:22:26 - [MESSAGE][PASSED] - Call Test Case 'Test Cases/Butonlar/AltButonaTikla' successfully

2021-11-23 17:22:26 - [MESSAGE][INFO] - Checking called Test Case

2021-11-23 17:22:26 - [MESSAGE][INFO] - Starting to call Test Case 'Test Cases/Sayfalar/Ayarlar/Ayarlarim/AyarlarimBasliklarVarMi'

2021-11-23 17:22:26 - [TEST_CASE][PASSED] - Test Cases/Sayfalar/Ayarlar/Ayarlarim/AyarlarimBasliklarVarMi: Test Cases/Sayfalar/Ayarlar/Ayarlarim/AyarlarimBasliklarVarMi

2021-11-23 17:22:26 - [TEST_STEP][PASSED] - Method.TextDegerineEsitElementVarMi(findTestObject("Object Repository/Sayfalar/Ayarlar/Ayarlarim/AyarlarBasliklar"), Baslik): Method.TextDegerineEsitElementVarMi is PASSED

2021-11-23 17:22:26 - [MESSAGE][INFO] - Finding Test Object 'Object Repository/Sayfalar/Ayarlar/Ayarlarim/AyarlarBasliklar'

2021-11-23 17:22:26 - [MESSAGE][INFO] - Checking timeout

2021-11-23 17:22:26 - [MESSAGE][INFO] - Finding web element with id: 'Object Repository/Sayfalar/Ayarlar/Ayarlarim/AyarlarBasliklar' located by 'By.cssSelector: .dxnb-header>span' in '10' second(s)

2021-11-23 17:22:26 - [MESSAGE][INFO] - Smart Wait Function is triggered

2021-11-23 17:22:27 - [MESSAGE][INFO] - Found 5 web elements with id: 'Object Repository/Sayfalar/Ayarlar/Ayarlarim/AyarlarBasliklar' located by 'By.cssSelector: .dxnb-header>span' in '10' second(s)

2021-11-23 17:22:27 - [MESSAGE][PASSED] - Method.TextDegerineEsitElementVarMi is PASSED

2021-11-23 17:22:27 - [MESSAGE][PASSED] - Call Test Case 'Test Cases/Sayfalar/Ayarlar/Ayarlarim/AyarlarimBasliklarVarMi' successfully

2021-11-23 17:22:27 - [MESSAGE][INFO] - Checking called Test Case

2021-11-23 17:22:27 - [MESSAGE][INFO] - Starting to call Test Case 'Test Cases/Sayfalar/Ayarlar/Gorsel_Tasarim/GorselTasarimAciklamasiGirilir'

2021-11-23 17:22:27 - [TEST_CASE][PASSED] - Test Cases/Sayfalar/Ayarlar/Gorsel_Tasarim/GorselTasarimAciklamasiGirilir: Test Cases/Sayfalar/Ayarlar/Gorsel_Tasarim/GorselTasarimAciklamasiGirilir

2021-11-23 17:22:27 - [TEST_STEP][PASSED] - waitForElementPresent(findTestObject("Object Repository/Sayfalar/Ayarlar/Gorsel_Tasarim/GorselTasarimAciklamasi"), 10): Object 'Object Repository/Sayfalar/Ayarlar/Gorsel_Tasarim/GorselTasarimAciklamasi' is present

2021-11-23 17:22:27 - [MESSAGE][INFO] - Finding Test Object 'Object Repository/Sayfalar/Ayarlar/Gorsel_Tasarim/GorselTasarimAciklamasi'

2021-11-23 17:22:27 - [MESSAGE][INFO] - Checking object

2021-11-23 17:22:27 - [MESSAGE][INFO] - Finding web element from Test Object's properties

2021-11-23 17:22:27 - [MESSAGE][INFO] - Checking timeout

2021-11-23 17:22:27 - [MESSAGE][INFO] - Finding web element with id: 'Object Repository/Sayfalar/Ayarlar/Gorsel_Tasarim/GorselTasarimAciklamasi' located by 'By.xpath: //*[@id = 'Description_I']' in '10' second(s)

2021-11-23 17:22:27 - [MESSAGE][INFO] - Smart Wait Function is triggered

2021-11-23 17:22:27 - [MESSAGE][INFO] - Found 1 web elements with id: 'Object Repository/Sayfalar/Ayarlar/Gorsel_Tasarim/GorselTasarimAciklamasi' located by 'By.xpath: //*[@id = 'Description_I']' in '10' second(s)

2021-11-23 17:22:27 - [MESSAGE][PASSED] - Object 'Object Repository/Sayfalar/Ayarlar/Gorsel_Tasarim/GorselTasarimAciklamasi' is present

2021-11-23 17:22:27 - [TEST_STEP][PASSED] - clearText(findTestObject("Object Repository/Sayfalar/Ayarlar/Gorsel_Tasarim/GorselTasarimAciklamasi")): Text of object 'Object Repository/Sayfalar/Ayarlar/Gorsel_Tasarim/GorselTasarimAciklamasi' is cleared

2021-11-23 17:22:27 - [MESSAGE][INFO] - Finding Test Object 'Object Repository/Sayfalar/Ayarlar/Gorsel_Tasarim/GorselTasarimAciklamasi'

2021-11-23 17:22:27 - [MESSAGE][INFO] - Checking object

2021-11-23 17:22:27 - [MESSAGE][INFO] - Finding web element from Test Object's properties

2021-11-23 17:22:27 - [MESSAGE][INFO] - Checking timeout

2021-11-23 17:22:27 - [MESSAGE][INFO] - Finding web element with id: 'Object Repository/Sayfalar/Ayarlar/Gorsel_Tasarim/GorselTasarimAciklamasi' located by 'By.xpath: //*[@id = 'Description_I']' in '30' second(s)

2021-11-23 17:22:27 - [MESSAGE][INFO] - Smart Wait Function is triggered

2021-11-23 17:22:28 - [MESSAGE][INFO] - Found 1 web elements with id: 'Object Repository/Sayfalar/Ayarlar/Gorsel_Tasarim/GorselTasarimAciklamasi' located by 'By.xpath: //*[@id = 'Description_I']' in '30' second(s)

2021-11-23 17:22:28 - [MESSAGE][INFO] - Clearing text of object 'Object Repository/Sayfalar/Ayarlar/Gorsel_Tasarim/GorselTasarimAciklamasi'

2021-11-23 17:22:28 - [MESSAGE][PASSED] - Text of object 'Object Repository/Sayfalar/Ayarlar/Gorsel_Tasarim/GorselTasarimAciklamasi' is cleared

2021-11-23 17:22:28 - [TEST_STEP][PASSED] - sendKeys(findTestObject("Object Repository/Sayfalar/Ayarlar/Gorsel_Tasarim/GorselTasarimAciklamasi"), Aciklama): Keys 'VirgosolOtomasyon' sent to object: 'Object Repository/Sayfalar/Ayarlar/Gorsel_Tasarim/GorselTasarimAciklamasi'

2021-11-23 17:22:28 - [MESSAGE][INFO] - Finding Test Object 'Object Repository/Sayfalar/Ayarlar/Gorsel_Tasarim/GorselTasarimAciklamasi'

2021-11-23 17:22:28 - [MESSAGE][INFO] - Sending keys 'VirgosolOtomasyon' to object: 'Object Repository/Sayfalar/Ayarlar/Gorsel_Tasarim/GorselTasarimAciklamasi'

2021-11-23 17:22:28 - [MESSAGE][INFO] - Finding web element from Test Object's properties

2021-11-23 17:22:28 - [MESSAGE][INFO] - Checking timeout

2021-11-23 17:22:28 - [MESSAGE][INFO] - Finding web element with id: 'Object Repository/Sayfalar/Ayarlar/Gorsel_Tasarim/GorselTasarimAciklamasi' located by 'By.xpath: //*[@id = 'Description_I']' in '30' second(s)

2021-11-23 17:22:28 - [MESSAGE][INFO] - Smart Wait Function is triggered

2021-11-23 17:22:28 - [MESSAGE][INFO] - Found 1 web elements with id: 'Object Repository/Sayfalar/Ayarlar/Gorsel_Tasarim/GorselTasarimAciklamasi' located by 'By.xpath: //*[@id = 'Description_I']' in '30' second(s)

2021-11-23 17:22:28 - [MESSAGE][PASSED] - Keys 'VirgosolOtomasyon' sent to object: 'Object Repository/Sayfalar/Ayarlar/Gorsel_Tasarim/GorselTasarimAciklamasi'

2021-11-23 17:22:28 - [MESSAGE][PASSED] - Call Test Case 'Test Cases/Sayfalar/Ayarlar/Gorsel_Tasarim/GorselTasarimAciklamasiGirilir' successfully

2021-11-23 17:22:28 - [MESSAGE][INFO] - Checking called Test Case

2021-11-23 17:22:28 - [MESSAGE][INFO] - Starting to call Test Case 'Test Cases/Sekmeler/FaturaBaslıgıDogruMu'

2021-11-23 17:22:28 - [TEST_CASE][PASSED] - Test Cases/Sekmeler/FaturaBaslıgıDogruMu: Test Cases/Sekmeler/FaturaBaslıgıDogruMu

2021-11-23 17:22:28 - [TEST_STEP][PASSED] - switchToFrame(findTestObject("Object Repository/Sayfalar/Giris_Sayfasi/FrameFirmaSec"), 3): Switched to iframe: 'Object Repository/Sayfalar/Giris_Sayfasi/FrameFirmaSec'

2021-11-23 17:22:28 - [MESSAGE][INFO] - Finding Test Object 'Object Repository/Sayfalar/Giris_Sayfasi/FrameFirmaSec'

2021-11-23 17:22:28 - [MESSAGE][INFO] - Switching to iframe: 'Object Repository/Sayfalar/Giris_Sayfasi/FrameFirmaSec'

2021-11-23 17:22:28 - [MESSAGE][INFO] - Finding web element from Test Object's properties

2021-11-23 17:22:28 - [MESSAGE][INFO] - Checking timeout

2021-11-23 17:22:28 - [MESSAGE][INFO] - Finding web element with id: 'Object Repository/Sayfalar/Giris_Sayfasi/FrameFirmaSec' located by 'By.cssSelector: .cke_wysiwyg_frame.cke_reset' in '3' second(s)

2021-11-23 17:22:28 - [MESSAGE][INFO] - Smart Wait Function is triggered

2021-11-23 17:22:29 - [MESSAGE][INFO] - Found 3 web elements with id: 'Object Repository/Sayfalar/Giris_Sayfasi/FrameFirmaSec' located by 'By.cssSelector: .cke_wysiwyg_frame.cke_reset' in '3' second(s)

2021-11-23 17:22:29 - [MESSAGE][INFO] - Switched to iframe: 'Object Repository/Sayfalar/Giris_Sayfasi/FrameFirmaSec'

2021-11-23 17:22:29 - [TEST_STEP][PASSED] - verifyElementText(findTestObject("Object Repository/Sekmeler/Olusturma_Goster_Baslik"), Title): Actual text and expected text of test object 'Object Repository/Sekmeler/Olusturma_Goster_Baslik' are matched.

2021-11-23 17:22:29 - [MESSAGE][INFO] - Finding Test Object 'Object Repository/Sekmeler/Olusturma_Goster_Baslik'

2021-11-23 17:22:29 - [MESSAGE][INFO] - Checking object

2021-11-23 17:22:29 - [MESSAGE][INFO] - Finding web element from Test Object's properties

2021-11-23 17:22:29 - [MESSAGE][INFO] - Checking timeout

2021-11-23 17:22:29 - [MESSAGE][INFO] - Finding web element with id: 'Object Repository/Sekmeler/Olusturma_Goster_Baslik' located by 'By.cssSelector: h1>span,td>font,font' in '30' second(s)

2021-11-23 17:22:29 - [MESSAGE][INFO] - Smart Wait Function is triggered

2021-11-23 17:22:29 - [MESSAGE][INFO] - Found 1 web elements with id: 'Object Repository/Sekmeler/Olusturma_Goster_Baslik' located by 'By.cssSelector: h1>span,td>font,font' in '30' second(s)

2021-11-23 17:22:29 - [MESSAGE][PASSED] - Actual text and expected text of test object 'Object Repository/Sekmeler/Olusturma_Goster_Baslik' are matched.

2021-11-23 17:22:29 - [TEST_STEP][PASSED] - switchToDefaultContent(): Switching to default content

2021-11-23 17:22:29 - [MESSAGE][INFO] - Switching to default content

2021-11-23 17:22:29 - [MESSAGE][PASSED] - Call Test Case 'Test Cases/Sekmeler/FaturaBaslıgıDogruMu' successfully

2021-11-23 17:22:29 - [MESSAGE][INFO] - Checking called Test Case

2021-11-23 17:22:29 - [MESSAGE][INFO] - Starting to call Test Case 'Test Cases/Butonlar/ButonaTikla'

2021-11-23 17:22:29 - [TEST_CASE][PASSED] - Test Cases/Butonlar/ButonaTikla: Test Cases/Butonlar/ButonaTikla

2021-11-23 17:22:29 - [TEST_STEP][PASSED] - Method.TextDegerineEsitElementeTiklaEquals(findTestObject("Butonlar/Butonlar"), Buton_Adi): Method.TextDegerineEsitElementeTiklaEquals is PASSED

2021-11-23 17:22:29 - [MESSAGE][INFO] - Finding Test Object 'Object Repository/Butonlar/Butonlar'

2021-11-23 17:22:29 - [MESSAGE][INFO] - Checking timeout

2021-11-23 17:22:29 - [MESSAGE][INFO] - Finding web element with id: 'Object Repository/Butonlar/Butonlar' located by 'By.cssSelector: .panel.panel-default.text-center.footerPanel .btn,.btn.btn-primary.btnControls' in '10' second(s)

2021-11-23 17:22:29 - [MESSAGE][INFO] - Smart Wait Function is triggered

2021-11-23 17:22:29 - [MESSAGE][INFO] - Found 3 web elements with id: 'Object Repository/Butonlar/Butonlar' located by 'By.cssSelector: .panel.panel-default.text-center.footerPanel .btn,.btn.btn-primary.btnControls' in '10' second(s)

2021-11-23 17:22:29 - [MESSAGE][PASSED] - Method.TextDegerineEsitElementeTiklaEquals is PASSED

2021-11-23 17:22:29 - [MESSAGE][PASSED] - Call Test Case 'Test Cases/Butonlar/ButonaTikla' successfully

2021-11-23 17:22:29 - [MESSAGE][INFO] - Checking called Test Case

2021-11-23 17:22:29 - [MESSAGE][INFO] - Starting to call Test Case 'Test Cases/Popup/PopupMesajiIceriyorMu'

2021-11-23 17:22:29 - [TEST_CASE][PASSED] - Test Cases/Popup/PopupMesajiIceriyorMu: Test Cases/Popup/PopupMesajiIceriyorMu

2021-11-23 17:22:29 - [TEST_STEP][PASSED] - waitForElementVisible(findTestObject("Popup/Popup"), 10): Object 'Object Repository/Popup/Popup' is visible

2021-11-23 17:22:29 - [MESSAGE][INFO] - Finding Test Object 'Object Repository/Popup/Popup'

2021-11-23 17:22:29 - [MESSAGE][INFO] - Checking object

2021-11-23 17:22:29 - [MESSAGE][INFO] - Checking timeout

2021-11-23 17:22:29 - [MESSAGE][INFO] - Finding web element from Test Object's properties

2021-11-23 17:22:29 - [MESSAGE][INFO] - Checking timeout

2021-11-23 17:22:29 - [MESSAGE][INFO] - Finding web element with id: 'Object Repository/Popup/Popup' located by 'By.cssSelector: .bootbox-body' in '10' second(s)

2021-11-23 17:22:29 - [MESSAGE][INFO] - Smart Wait Function is triggered

2021-11-23 17:22:30 - [MESSAGE][INFO] - Found 1 web elements with id: 'Object Repository/Popup/Popup' located by 'By.cssSelector: .bootbox-body' in '10' second(s)

2021-11-23 17:22:30 - [MESSAGE][PASSED] - Object 'Object Repository/Popup/Popup' is visible

2021-11-23 17:22:30 - [TEST_STEP][PASSED] - if (!(getText(findTestObject("Popup/Popup")).contains(Mesaj))): Text of object 'Object Repository/Popup/Popup' is: 'Tasarım ön değer tasarım olarak tanımlansın mı?'

2021-11-23 17:22:30 - [MESSAGE][INFO] - Finding Test Object 'Object Repository/Popup/Popup'

2021-11-23 17:22:30 - [MESSAGE][INFO] - Checking object

2021-11-23 17:22:30 - [MESSAGE][INFO] - Finding web element from Test Object's properties

2021-11-23 17:22:30 - [MESSAGE][INFO] - Checking timeout

2021-11-23 17:22:30 - [MESSAGE][INFO] - Finding web element with id: 'Object Repository/Popup/Popup' located by 'By.cssSelector: .bootbox-body' in '30' second(s)

2021-11-23 17:22:30 - [MESSAGE][INFO] - Smart Wait Function is triggered

2021-11-23 17:22:31 - [MESSAGE][INFO] - Found 1 web elements with id: 'Object Repository/Popup/Popup' located by 'By.cssSelector: .bootbox-body' in '30' second(s)

2021-11-23 17:22:31 - [MESSAGE][INFO] - Getting text of object 'Object Repository/Popup/Popup'

2021-11-23 17:22:31 - [MESSAGE][PASSED] - Text of object 'Object Repository/Popup/Popup' is: 'Tasarım ön değer tasarım olarak tanımlansın mı?'

2021-11-23 17:22:31 - [TEST_STEP][PASSED] - RaporNo = getText(findTestObject("Popup/Popup")).substring(0, 6): Text of object 'Object Repository/Popup/Popup' is: 'Tasarım ön değer tasarım olarak tanımlansın mı?'

2021-11-23 17:22:31 - [MESSAGE][INFO] - Finding Test Object 'Object Repository/Popup/Popup'

2021-11-23 17:22:31 - [MESSAGE][INFO] - Checking object

2021-11-23 17:22:31 - [MESSAGE][INFO] - Finding web element from Test Object's properties

2021-11-23 17:22:31 - [MESSAGE][INFO] - Checking timeout

2021-11-23 17:22:31 - [MESSAGE][INFO] - Finding web element with id: 'Object Repository/Popup/Popup' located by 'By.cssSelector: .bootbox-body' in '30' second(s)

2021-11-23 17:22:31 - [MESSAGE][INFO] - Smart Wait Function is triggered

2021-11-23 17:22:31 - [MESSAGE][INFO] - Found 1 web elements with id: 'Object Repository/Popup/Popup' located by 'By.cssSelector: .bootbox-body' in '30' second(s)

2021-11-23 17:22:31 - [MESSAGE][INFO] - Getting text of object 'Object Repository/Popup/Popup'

2021-11-23 17:22:31 - [MESSAGE][PASSED] - Text of object 'Object Repository/Popup/Popup' is: 'Tasarım ön değer tasarım olarak tanımlansın mı?'

2021-11-23 17:22:31 - [TEST_STEP][PASSED] - Console.println(RaporNo): null

2021-11-23 17:22:31 - [MESSAGE][PASSED] - Call Test Case 'Test Cases/Popup/PopupMesajiIceriyorMu' successfully

2021-11-23 17:22:31 - [MESSAGE][INFO] - Checking called Test Case

2021-11-23 17:22:31 - [MESSAGE][INFO] - Starting to call Test Case 'Test Cases/Popup/PopupButonSecilir'

2021-11-23 17:22:31 - [TEST_CASE][PASSED] - Test Cases/Popup/PopupButonSecilir: Test Cases/Popup/PopupButonSecilir

2021-11-23 17:22:31 - [TEST_STEP][PASSED] - Method.TextDegerineEsitElementeTikla(findTestObject("Popup/Popup_Butons"), Buton): Method.TextDegerineEsitElementeTikla is PASSED

2021-11-23 17:22:31 - [MESSAGE][INFO] - Finding Test Object 'Object Repository/Popup/Popup_Butons'

2021-11-23 17:22:31 - [MESSAGE][INFO] - Checking timeout

2021-11-23 17:22:31 - [MESSAGE][INFO] - Finding web element with id: 'Object Repository/Popup/Popup_Butons' located by 'By.cssSelector: .modal-footer>button' in '10' second(s)

2021-11-23 17:22:31 - [MESSAGE][INFO] - Smart Wait Function is triggered

2021-11-23 17:22:31 - [MESSAGE][INFO] - Found 2 web elements with id: 'Object Repository/Popup/Popup_Butons' located by 'By.cssSelector: .modal-footer>button' in '10' second(s)

2021-11-23 17:22:43 - [MESSAGE][PASSED] - Method.TextDegerineEsitElementeTikla is PASSED

2021-11-23 17:22:43 - [MESSAGE][PASSED] - Call Test Case 'Test Cases/Popup/PopupButonSecilir' successfully

2021-11-23 17:22:43 - [MESSAGE][INFO] - Checking called Test Case

2021-11-23 17:22:43 - [MESSAGE][INFO] - Starting to call Test Case 'Test Cases/Tablo/TablodaUnvanliVeriOlusturulduMu'

2021-11-23 17:22:43 - [TEST_CASE][PASSED] - Test Cases/Tablo/TablodaUnvanliVeriOlusturulduMu: Test Cases/Tablo/TablodaUnvanliVeriOlusturulduMu

2021-11-23 17:22:43 - [TEST_STEP][PASSED] - waitForElementVisible(findTestObject("Tablo/OlusturulanVeri"), 10, STOP_ON_FAILURE): Object 'Object Repository/Tablo/OlusturulanVeri' is visible

2021-11-23 17:22:43 - [MESSAGE][INFO] - Finding Test Object 'Object Repository/Tablo/OlusturulanVeri'

2021-11-23 17:22:43 - [MESSAGE][INFO] - Checking object

2021-11-23 17:22:43 - [MESSAGE][INFO] - Checking timeout

2021-11-23 17:22:43 - [MESSAGE][INFO] - Finding web element from Test Object's properties

2021-11-23 17:22:43 - [MESSAGE][INFO] - Checking timeout

2021-11-23 17:22:43 - [MESSAGE][INFO] - Finding web element with id: 'Object Repository/Tablo/OlusturulanVeri' located by 'By.cssSelector: table.dxgvTable_LECustomTheme>tbody>tr:nth-child(3)>td.dxgv b,table.dxgvTable_LECustomTheme>tbody>tr:nth-child(3)>td.dxgv' in '10' second(s)

2021-11-23 17:22:43 - [MESSAGE][INFO] - Smart Wait Function is triggered

2021-11-23 17:22:44 - [MESSAGE][INFO] - Found 8 web elements with id: 'Object Repository/Tablo/OlusturulanVeri' located by 'By.cssSelector: table.dxgvTable_LECustomTheme>tbody>tr:nth-child(3)>td.dxgv b,table.dxgvTable_LECustomTheme>tbody>tr:nth-child(3)>td.dxgv' in '10' second(s)

2021-11-23 17:22:44 - [MESSAGE][PASSED] - Object 'Object Repository/Tablo/OlusturulanVeri' is visible

2021-11-23 17:22:44 - [TEST_STEP][PASSED] - Method.TextDegerineEsitElementVarMi(findTestObject("Tablo/OlusturulanVeri"), Unvan): Method.TextDegerineEsitElementVarMi is PASSED

2021-11-23 17:22:44 - [MESSAGE][INFO] - Finding Test Object 'Object Repository/Tablo/OlusturulanVeri'

2021-11-23 17:22:44 - [MESSAGE][INFO] - Checking timeout

2021-11-23 17:22:44 - [MESSAGE][INFO] - Finding web element with id: 'Object Repository/Tablo/OlusturulanVeri' located by 'By.cssSelector: table.dxgvTable_LECustomTheme>tbody>tr:nth-child(3)>td.dxgv b,table.dxgvTable_LECustomTheme>tbody>tr:nth-child(3)>td.dxgv' in '10' second(s)

2021-11-23 17:22:44 - [MESSAGE][INFO] - Smart Wait Function is triggered

2021-11-23 17:22:44 - [MESSAGE][INFO] - Found 8 web elements with id: 'Object Repository/Tablo/OlusturulanVeri' located by 'By.cssSelector: table.dxgvTable_LECustomTheme>tbody>tr:nth-child(3)>td.dxgv b,table.dxgvTable_LECustomTheme>tbody>tr:nth-child(3)>td.dxgv' in '10' second(s)

2021-11-23 17:22:44 - [MESSAGE][PASSED] - Method.TextDegerineEsitElementVarMi is PASSED

2021-11-23 17:22:44 - [MESSAGE][PASSED] - Call Test Case 'Test Cases/Tablo/TablodaUnvanliVeriOlusturulduMu' successfully

2021-11-23 17:22:44 - [MESSAGE][INFO] - Checking called Test Case

2021-11-23 17:22:44 - [MESSAGE][INFO] - Starting to call Test Case 'Test Cases/Kullanici_Islemleri/KullaniciIslemlerindenSecimYapilir'

2021-11-23 17:22:44 - [TEST_CASE][PASSED] - Test Cases/Kullanici_Islemleri/KullaniciIslemlerindenSecimYapilir: Test Cases/Kullanici_Islemleri/KullaniciIslemlerindenSecimYapilir

2021-11-23 17:22:44 - [TEST_STEP][PASSED] - waitForElementClickable(findTestObject("Object Repository/Kullanici_Islemleri/KullaniciIslemleri"), 10): Object 'Object Repository/Kullanici_Islemleri/KullaniciIslemleri' is clickable

2021-11-23 17:22:44 - [MESSAGE][INFO] - Finding Test Object 'Object Repository/Kullanici_Islemleri/KullaniciIslemleri'

2021-11-23 17:22:44 - [MESSAGE][INFO] - Checking object

2021-11-23 17:22:44 - [MESSAGE][INFO] - Checking timeout

2021-11-23 17:22:44 - [MESSAGE][INFO] - Finding web element from Test Object's properties

2021-11-23 17:22:44 - [MESSAGE][INFO] - Checking timeout

2021-11-23 17:22:44 - [MESSAGE][INFO] - Finding web element with id: 'Object Repository/Kullanici_Islemleri/KullaniciIslemleri' located by 'By.cssSelector: .dropdown>a>img' in '10' second(s)

2021-11-23 17:22:44 - [MESSAGE][INFO] - Smart Wait Function is triggered

2021-11-23 17:22:44 - [MESSAGE][INFO] - Found 1 web elements with id: 'Object Repository/Kullanici_Islemleri/KullaniciIslemleri' located by 'By.cssSelector: .dropdown>a>img' in '10' second(s)

2021-11-23 17:22:44 - [MESSAGE][PASSED] - Object 'Object Repository/Kullanici_Islemleri/KullaniciIslemleri' is clickable

2021-11-23 17:22:44 - [TEST_STEP][PASSED] - click(findTestObject("Object Repository/Kullanici_Islemleri/KullaniciIslemleri")): Object: 'Object Repository/Kullanici_Islemleri/KullaniciIslemleri' is clicked on

2021-11-23 17:22:44 - [MESSAGE][INFO] - Finding Test Object 'Object Repository/Kullanici_Islemleri/KullaniciIslemleri'

2021-11-23 17:22:44 - [MESSAGE][INFO] - Checking object

2021-11-23 17:22:44 - [MESSAGE][INFO] - Finding web element from Test Object's properties

2021-11-23 17:22:44 - [MESSAGE][INFO] - Checking timeout

2021-11-23 17:22:44 - [MESSAGE][INFO] - Finding web element with id: 'Object Repository/Kullanici_Islemleri/KullaniciIslemleri' located by 'By.cssSelector: .dropdown>a>img' in '30' second(s)

2021-11-23 17:22:44 - [MESSAGE][INFO] - Smart Wait Function is triggered

2021-11-23 17:22:45 - [MESSAGE][INFO] - Found 1 web elements with id: 'Object Repository/Kullanici_Islemleri/KullaniciIslemleri' located by 'By.cssSelector: .dropdown>a>img' in '30' second(s)

2021-11-23 17:22:45 - [MESSAGE][INFO] - Clicking on object: 'Object Repository/Kullanici_Islemleri/KullaniciIslemleri'

2021-11-23 17:22:45 - [MESSAGE][PASSED] - Object: 'Object Repository/Kullanici_Islemleri/KullaniciIslemleri' is clicked on

2021-11-23 17:22:45 - [TEST_STEP][PASSED] - Method.TextDegerineEsitElementeTikla(findTestObject("Object Repository/Kullanici_Islemleri/Secenekler"), Islem): Method.TextDegerineEsitElementeTikla is PASSED

2021-11-23 17:22:45 - [MESSAGE][INFO] - Finding Test Object 'Object Repository/Kullanici_Islemleri/Secenekler'

2021-11-23 17:22:45 - [MESSAGE][INFO] - Checking timeout

2021-11-23 17:22:45 - [MESSAGE][INFO] - Finding web element with id: 'Object Repository/Kullanici_Islemleri/Secenekler' located by 'By.cssSelector: .nav.navbar-nav.navbar-right li a' in '10' second(s)

2021-11-23 17:22:45 - [MESSAGE][INFO] - Smart Wait Function is triggered

2021-11-23 17:22:45 - [MESSAGE][INFO] - Found 22 web elements with id: 'Object Repository/Kullanici_Islemleri/Secenekler' located by 'By.cssSelector: .nav.navbar-nav.navbar-right li a' in '10' second(s)

2021-11-23 17:22:46 - [MESSAGE][PASSED] - Method.TextDegerineEsitElementeTikla is PASSED

2021-11-23 17:22:46 - [TEST_STEP][PASSED] - verifyElementNotPresent(findTestObject("Object Repository/Kullanici_Islemleri/Secenekler"), 10): Web element with id: 'Object Repository/Kullanici_Islemleri/Secenekler' located by 'By.cssSelector: .nav.navbar-nav.navbar-right li a' is not present after '10' second(s)

2021-11-23 17:22:46 - [MESSAGE][INFO] - Finding Test Object 'Object Repository/Kullanici_Islemleri/Secenekler'

2021-11-23 17:22:46 - [MESSAGE][INFO] - Checking object

2021-11-23 17:22:46 - [MESSAGE][INFO] - Checking timeout

2021-11-23 17:22:46 - [MESSAGE][INFO] - Finding web element with id: 'Object Repository/Kullanici_Islemleri/Secenekler' located by 'By.cssSelector: .nav.navbar-nav.navbar-right li a' in '10' second(s)

2021-11-23 17:22:46 - [MESSAGE][INFO] - Smart Wait Function is triggered

2021-11-23 17:22:46 - [MESSAGE][PASSED] - Web element with id: 'Object Repository/Kullanici_Islemleri/Secenekler' located by 'By.cssSelector: .nav.navbar-nav.navbar-right li a' is not present after '10' second(s)

2021-11-23 17:22:46 - [MESSAGE][PASSED] - Call Test Case 'Test Cases/Kullanici_Islemleri/KullaniciIslemlerindenSecimYapilir' successfully

2021-11-23 17:22:46 - [TEST_CASE][PASSED] - Start Test Case : SCENARIO Tasarim Araclari Tasarla e-Arsiv: SCENARIO Tasarim Araclari Tasarla e-Arsiv

2021-11-23 17:22:46 - [TEST_STEP][PASSED] - Kullanıcı adı ELOGO6 ve Şifre 123456 olarak giriş yapılır: Kullanıcı adı ELOGO6 ve Şifre 123456 olarak giriş yapılır

2021-11-23 17:22:46 - [MESSAGE][PASSED] - Kullanıcı adı ELOGO6 ve Şifre 123456 olarak giriş yapılır

2021-11-23 17:22:46 - [TEST_STEP][PASSED] - Ana menüden Ayarlar seçilir: Ana menüden Ayarlar seçilir

2021-11-23 17:22:46 - [MESSAGE][PASSED] - Ana menüden Ayarlar seçilir

2021-11-23 17:22:46 - [TEST_STEP][PASSED] - Alt menü Görsel Tasarımlar başlığı altındaki Tasarım Araçları seçilir: Alt menü Görsel Tasarımlar başlığı altındaki Tasarım Araçları seçilir

2021-11-23 17:22:46 - [MESSAGE][PASSED] - Alt menü Görsel Tasarımlar başlığı altındaki Tasarım Araçları seçilir

2021-11-23 17:22:46 - [TEST_STEP][PASSED] - Butonlardan Tasarla isimli butona tıklanır: Butonlardan Tasarla isimli butona tıklanır

2021-11-23 17:22:46 - [MESSAGE][PASSED] - Butonlardan Tasarla isimli butona tıklanır

2021-11-23 17:22:46 - [TEST_STEP][PASSED] - Alt butonlardan e-Arşiv butonuna tıklanır: Alt butonlardan e-Arşiv butonuna tıklanır

2021-11-23 17:22:46 - [MESSAGE][PASSED] - Alt butonlardan e-Arşiv butonuna tıklanır

2021-11-23 17:22:46 - [TEST_STEP][PASSED] - Dinamik başlıklarda E-ARŞİV TASARIM AÇIKLAMASI var mı: Dinamik başlıklarda E-ARŞİV TASARIM AÇIKLAMASI var mı

2021-11-23 17:22:46 - [MESSAGE][PASSED] - Dinamik başlıklarda E-ARŞİV TASARIM AÇIKLAMASI var mı

2021-11-23 17:22:46 - [TEST_STEP][PASSED] - Tasarım açıklaması alanına VirgosolOtomasyon girilir: Tasarım açıklaması alanına VirgosolOtomasyon girilir

2021-11-23 17:22:46 - [MESSAGE][PASSED] - Tasarım açıklaması alanına VirgosolOtomasyon girilir

2021-11-23 17:22:46 - [TEST_STEP][PASSED] - Oluşturulan Fatura başlığında e-Arşiv Fatura var mı: Oluşturulan Fatura başlığında e-Arşiv Fatura var mı

2021-11-23 17:22:46 - [MESSAGE][PASSED] - Oluşturulan Fatura başlığında e-Arşiv Fatura var mı

2021-11-23 17:22:46 - [TEST_STEP][PASSED] - Butonlardan Kaydet isimli butona tıklanır: Butonlardan Kaydet isimli butona tıklanır

2021-11-23 17:22:46 - [MESSAGE][PASSED] - Butonlardan Kaydet isimli butona tıklanır

2021-11-23 17:22:46 - [TEST_STEP][PASSED] - Popup mesajı Tasarım ön değer tasarım olarak tanımlansın mı? içeriyor mu: Popup mesajı Tasarım ön değer tasarım olarak tanımlansın mı? içeriyor mu

2021-11-23 17:22:46 - [MESSAGE][PASSED] - Popup mesajı Tasarım ön değer tasarım olarak tanımlansın mı? içeriyor mu

2021-11-23 17:22:46 - [TEST_STEP][PASSED] - Yönetim popupında Evet seçilir: Yönetim popupında Evet seçilir

2021-11-23 17:22:46 - [MESSAGE][PASSED] - Yönetim popupında Evet seçilir

2021-11-23 17:22:46 - [TEST_STEP][PASSED] - Tabloda VirgosolOtomasyon ünvanlı veri oluşturuldu mu: Tabloda VirgosolOtomasyon ünvanlı veri oluşturuldu mu

2021-11-23 17:22:46 - [MESSAGE][PASSED] - Tabloda VirgosolOtomasyon ünvanlı veri oluşturuldu mu

2021-11-23 17:22:46 - [TEST_STEP][PASSED] - Kullanıcı işlemlerinden Çıkış seçilir: Kullanıcı işlemlerinden Çıkış seçilir

2021-11-23 17:22:46 - [MESSAGE][PASSED] - Kullanıcı işlemlerinden Çıkış seçilir

2021-11-23 17:22:46 - [MESSAGE][PASSED] - Feature file: 'Include/features/Ayarlar/Gorsel Tasarimlar/Tasarim Araclari/Tasarla e-Arsiv.feature' was passed

2021-11-23 17:22:46 - [TEST_STEP][PASSED] - Start listener action : sampleAfterTestSuite: Invoke 'com.kms.katalon.core.annotation.AfterTestCase' method: 'Listener.sampleAfterTestSuite(...)' completed.

2021-11-23 17:22:46 - [MESSAGE][INFO] - Starting invoke 'com.kms.katalon.core.annotation.AfterTestCase' method: 'Listener.sampleAfterTestSuite(...)'

2021-11-23 17:22:46 - [TEST_STEP][PASSED] - closeBrowser(): Invoke 'com.kms.katalon.core.annotation.AfterTestCase' method: 'Listener.sampleAfterTestSuite(...)' completed.

2021-11-23 17:22:46 - [MESSAGE][INFO] - Closing browser

2021-11-23 17:22:47 - [MESSAGE][PASSED] - Browser is closed

2021-11-23 17:22:47 - [MESSAGE][INFO] - Invoke 'com.kms.katalon.core.annotation.AfterTestCase' method: 'Listener.sampleAfterTestSuite(...)' completed.]]></system-out>
         <system-err><![CDATA[]]></system-err>
      </testcase>
      <testcase name="Test Cases/Case Repository/Ayarlar/Gorsel Tasarim/Tasarim Araclari/Tasarla e-Irsaliye" time="45.125" classname="Test Cases/Case Repository/Ayarlar/Gorsel Tasarim/Tasarim Araclari/Tasarla e-Irsaliye" status="PASSED">
         <system-out><![CDATA[2021-11-23 17:22:47 - [TEST_CASE][PASSED] - Test Cases/Case Repository/Ayarlar/Gorsel Tasarim/Tasarim Araclari/Tasarla e-Irsaliye: Test Cases/Case Repository/Ayarlar/Gorsel Tasarim/Tasarim Araclari/Tasarla e-Irsaliye

2021-11-23 17:22:47 - [TEST_STEP][PASSED] - Start listener action : sampleBeforeTestSuite: Invoke 'com.kms.katalon.core.annotation.BeforeTestCase' method: 'Listener.sampleBeforeTestSuite(...)' completed.

2021-11-23 17:22:47 - [MESSAGE][INFO] - Starting invoke 'com.kms.katalon.core.annotation.BeforeTestCase' method: 'Listener.sampleBeforeTestSuite(...)'

2021-11-23 17:22:47 - [TEST_STEP][PASSED] - openBrowser(baseUrl): Browser is opened with url: 'https://efatura-stage.elogo.com.tr/'

2021-11-23 17:22:47 - [MESSAGE][INFO] - Opening browser

2021-11-23 17:22:47 - [MESSAGE][INFO] - Starting 'Chrome' driver

2021-11-23 17:22:47 - [MESSAGE][INFO] - User set preference: ['prefs', '{download.default_directory=C:\otomasyondownfiles}']

2021-11-23 17:22:47 - [MESSAGE][INFO] - Action delay is set to 0 milliseconds

2021-11-23 17:22:48 - [MESSAGE][INFO] - Navigating browser to: 'https://efatura-stage.elogo.com.tr/'

2021-11-23 17:22:52 - [MESSAGE][PASSED] - Browser is opened with url: 'https://efatura-stage.elogo.com.tr/'

2021-11-23 17:22:52 - [TEST_STEP][PASSED] - maximizeWindow(): Invoke 'com.kms.katalon.core.annotation.BeforeTestCase' method: 'Listener.sampleBeforeTestSuite(...)' completed.

2021-11-23 17:22:52 - [MESSAGE][INFO] - Maximizing current window

2021-11-23 17:22:52 - [MESSAGE][PASSED] - Current window maximized

2021-11-23 17:22:52 - [MESSAGE][INFO] - Invoke 'com.kms.katalon.core.annotation.BeforeTestCase' method: 'Listener.sampleBeforeTestSuite(...)' completed.

2021-11-23 17:22:52 - [TEST_STEP][PASSED] - runFeatureFile("Include/features/Ayarlar/Gorsel Tasarimlar/Tasarim Araclari/Tasarla e-Irsaliye.feature"): Feature file: 'Include/features/Ayarlar/Gorsel Tasarimlar/Tasarim Araclari/Tasarla e-Irsaliye.feature' was passed

2021-11-23 17:22:52 - [MESSAGE][INFO] - Starting run keyword runFeatureFile: 'Include/features/Ayarlar/Gorsel Tasarimlar/Tasarim Araclari/Tasarla e-Irsaliye.feature' and extract report to folder: 'C:\Users\DELL\Documents\GitHub\EES_KatalonLogo\Reports\20211123_163326\Suite Repository\Ayarlar\20211123_163427/cucumber_report/1637677372581'...

2021-11-23 17:22:52 - [MESSAGE][INFO] - Glue: []

2021-11-23 17:22:54 - [MESSAGE][INFO] - Checking called Test Case

2021-11-23 17:22:54 - [MESSAGE][INFO] - Starting to call Test Case 'Test Cases/Sayfalar/Giris_Sayfasi/Login'

2021-11-23 17:22:54 - [TEST_CASE][PASSED] - Test Cases/Sayfalar/Giris_Sayfasi/Login: Test Cases/Sayfalar/Giris_Sayfasi/Login

2021-11-23 17:22:54 - [TEST_STEP][PASSED] - Sayfa_Basligi = getWindowTitle(): Current window's title is: 'LOGO e-Fatura'

2021-11-23 17:22:54 - [MESSAGE][INFO] - Getting current window's title

2021-11-23 17:22:54 - [MESSAGE][PASSED] - Current window's title is: 'LOGO e-Fatura'

2021-11-23 17:22:54 - [TEST_STEP][PASSED] - verifyMatch(Sayfa_Basligi, "LOGO e-Fatura", false): Actual text 'LOGO e-Fatura' and expected text 'LOGO e-Fatura' are matched 

2021-11-23 17:22:54 - [MESSAGE][INFO] - Matching actual text 'LOGO e-Fatura' with expected text 'LOGO e-Fatura'

2021-11-23 17:22:54 - [MESSAGE][PASSED] - Actual text 'LOGO e-Fatura' and expected text 'LOGO e-Fatura' are matched 

2021-11-23 17:22:54 - [TEST_STEP][PASSED] - sendKeys(findTestObject("Sayfalar/Giris_Sayfasi/Firma_Kodu"), KullaniciAdi): Keys 'ELOGO6' sent to object: 'Object Repository/Sayfalar/Giris_Sayfasi/Firma_Kodu'

2021-11-23 17:22:54 - [MESSAGE][INFO] - Finding Test Object 'Object Repository/Sayfalar/Giris_Sayfasi/Firma_Kodu'

2021-11-23 17:22:54 - [MESSAGE][INFO] - Sending keys 'ELOGO6' to object: 'Object Repository/Sayfalar/Giris_Sayfasi/Firma_Kodu'

2021-11-23 17:22:54 - [MESSAGE][INFO] - Finding web element from Test Object's properties

2021-11-23 17:22:54 - [MESSAGE][INFO] - Checking timeout

2021-11-23 17:22:54 - [MESSAGE][INFO] - Finding web element with id: 'Object Repository/Sayfalar/Giris_Sayfasi/Firma_Kodu' located by 'By.xpath: //*[@id = 'AccountName']' in '30' second(s)

2021-11-23 17:22:54 - [MESSAGE][INFO] - Smart Wait Function is triggered

2021-11-23 17:22:54 - [MESSAGE][INFO] - Found 1 web elements with id: 'Object Repository/Sayfalar/Giris_Sayfasi/Firma_Kodu' located by 'By.xpath: //*[@id = 'AccountName']' in '30' second(s)

2021-11-23 17:22:54 - [MESSAGE][PASSED] - Keys 'ELOGO6' sent to object: 'Object Repository/Sayfalar/Giris_Sayfasi/Firma_Kodu'

2021-11-23 17:22:54 - [TEST_STEP][PASSED] - sendKeys(findTestObject("Sayfalar/Giris_Sayfasi/Sifre"), Sifre): Keys '123456' sent to object: 'Object Repository/Sayfalar/Giris_Sayfasi/Sifre'

2021-11-23 17:22:54 - [MESSAGE][INFO] - Finding Test Object 'Object Repository/Sayfalar/Giris_Sayfasi/Sifre'

2021-11-23 17:22:54 - [MESSAGE][INFO] - Sending keys '123456' to object: 'Object Repository/Sayfalar/Giris_Sayfasi/Sifre'

2021-11-23 17:22:54 - [MESSAGE][INFO] - Finding web element from Test Object's properties

2021-11-23 17:22:54 - [MESSAGE][INFO] - Checking timeout

2021-11-23 17:22:54 - [MESSAGE][INFO] - Finding web element with id: 'Object Repository/Sayfalar/Giris_Sayfasi/Sifre' located by 'By.xpath: //*[@id = 'Password']' in '30' second(s)

2021-11-23 17:22:54 - [MESSAGE][INFO] - Smart Wait Function is triggered

2021-11-23 17:22:54 - [MESSAGE][INFO] - Found 1 web elements with id: 'Object Repository/Sayfalar/Giris_Sayfasi/Sifre' located by 'By.xpath: //*[@id = 'Password']' in '30' second(s)

2021-11-23 17:22:55 - [MESSAGE][PASSED] - Keys '123456' sent to object: 'Object Repository/Sayfalar/Giris_Sayfasi/Sifre'

2021-11-23 17:22:55 - [TEST_STEP][PASSED] - findWebElement(findTestObject("Sayfalar/Giris_Sayfasi/Giris_Butonu")).click(): Found 1 web elements with id: 'Object Repository/Sayfalar/Giris_Sayfasi/Giris_Butonu' located by 'By.cssSelector: #btnLogin' in '30' second(s)

2021-11-23 17:22:55 - [MESSAGE][INFO] - Finding Test Object 'Object Repository/Sayfalar/Giris_Sayfasi/Giris_Butonu'

2021-11-23 17:22:55 - [MESSAGE][INFO] - Finding web element from Test Object's properties

2021-11-23 17:22:55 - [MESSAGE][INFO] - Checking timeout

2021-11-23 17:22:55 - [MESSAGE][INFO] - Finding web element with id: 'Object Repository/Sayfalar/Giris_Sayfasi/Giris_Butonu' located by 'By.cssSelector: #btnLogin' in '30' second(s)

2021-11-23 17:22:55 - [MESSAGE][INFO] - Smart Wait Function is triggered

2021-11-23 17:22:55 - [MESSAGE][INFO] - Found 1 web elements with id: 'Object Repository/Sayfalar/Giris_Sayfasi/Giris_Butonu' located by 'By.cssSelector: #btnLogin' in '30' second(s)

2021-11-23 17:22:58 - [TEST_STEP][PASSED] - if (verifyElementPresent(findTestObject("Object Repository/Sayfalar/Giris_Sayfasi/RetveTamam_Butonu"), 5, OPTIONAL)): null

2021-11-23 17:22:58 - [MESSAGE][INFO] - Finding Test Object 'Object Repository/Sayfalar/Giris_Sayfasi/RetveTamam_Butonu'

2021-11-23 17:22:58 - [MESSAGE][INFO] - Checking object

2021-11-23 17:22:58 - [MESSAGE][INFO] - Finding web element from Test Object's properties

2021-11-23 17:22:58 - [MESSAGE][INFO] - Checking timeout

2021-11-23 17:22:58 - [MESSAGE][INFO] - Finding web element with id: 'Object Repository/Sayfalar/Giris_Sayfasi/RetveTamam_Butonu' located by 'By.xpath: //*[@class = 'btn btn-default']' in '5' second(s)

2021-11-23 17:22:58 - [MESSAGE][INFO] - Smart Wait Function is triggered

2021-11-23 17:22:58 - [MESSAGE][INFO] - Found 1 web elements with id: 'Object Repository/Sayfalar/Giris_Sayfasi/RetveTamam_Butonu' located by 'By.xpath: //*[@class = 'btn btn-default']' in '5' second(s)

2021-11-23 17:22:58 - [MESSAGE][PASSED] - Object 'Object Repository/Sayfalar/Giris_Sayfasi/RetveTamam_Butonu' is present

2021-11-23 17:22:58 - [TEST_STEP][PASSED] - click(findTestObject("Object Repository/Sayfalar/Giris_Sayfasi/RetveTamam_Butonu")): Object: 'Object Repository/Sayfalar/Giris_Sayfasi/RetveTamam_Butonu' is clicked on

2021-11-23 17:22:58 - [MESSAGE][INFO] - Finding Test Object 'Object Repository/Sayfalar/Giris_Sayfasi/RetveTamam_Butonu'

2021-11-23 17:22:58 - [MESSAGE][INFO] - Checking object

2021-11-23 17:22:58 - [MESSAGE][INFO] - Finding web element from Test Object's properties

2021-11-23 17:22:58 - [MESSAGE][INFO] - Checking timeout

2021-11-23 17:22:58 - [MESSAGE][INFO] - Finding web element with id: 'Object Repository/Sayfalar/Giris_Sayfasi/RetveTamam_Butonu' located by 'By.xpath: //*[@class = 'btn btn-default']' in '30' second(s)

2021-11-23 17:22:58 - [MESSAGE][INFO] - Smart Wait Function is triggered

2021-11-23 17:22:58 - [MESSAGE][INFO] - Found 1 web elements with id: 'Object Repository/Sayfalar/Giris_Sayfasi/RetveTamam_Butonu' located by 'By.xpath: //*[@class = 'btn btn-default']' in '30' second(s)

2021-11-23 17:22:58 - [MESSAGE][INFO] - Clicking on object: 'Object Repository/Sayfalar/Giris_Sayfasi/RetveTamam_Butonu'

2021-11-23 17:22:58 - [MESSAGE][PASSED] - Object: 'Object Repository/Sayfalar/Giris_Sayfasi/RetveTamam_Butonu' is clicked on

2021-11-23 17:22:58 - [TEST_STEP][PASSED] - click(findTestObject("Object Repository/Sayfalar/Giris_Sayfasi/RetveTamam_Butonu")): Object: 'Object Repository/Sayfalar/Giris_Sayfasi/RetveTamam_Butonu' is clicked on

2021-11-23 17:22:58 - [MESSAGE][INFO] - Finding Test Object 'Object Repository/Sayfalar/Giris_Sayfasi/RetveTamam_Butonu'

2021-11-23 17:22:58 - [MESSAGE][INFO] - Checking object

2021-11-23 17:22:58 - [MESSAGE][INFO] - Finding web element from Test Object's properties

2021-11-23 17:22:58 - [MESSAGE][INFO] - Checking timeout

2021-11-23 17:22:58 - [MESSAGE][INFO] - Finding web element with id: 'Object Repository/Sayfalar/Giris_Sayfasi/RetveTamam_Butonu' located by 'By.xpath: //*[@class = 'btn btn-default']' in '30' second(s)

2021-11-23 17:22:58 - [MESSAGE][INFO] - Smart Wait Function is triggered

2021-11-23 17:23:01 - [MESSAGE][INFO] - Found 1 web elements with id: 'Object Repository/Sayfalar/Giris_Sayfasi/RetveTamam_Butonu' located by 'By.xpath: //*[@class = 'btn btn-default']' in '30' second(s)

2021-11-23 17:23:01 - [MESSAGE][INFO] - Clicking on object: 'Object Repository/Sayfalar/Giris_Sayfasi/RetveTamam_Butonu'

2021-11-23 17:23:01 - [MESSAGE][PASSED] - Object: 'Object Repository/Sayfalar/Giris_Sayfasi/RetveTamam_Butonu' is clicked on

2021-11-23 17:23:01 - [TEST_STEP][PASSED] - if (verifyElementPresent(findTestObject("Sayfalar/Giris_Sayfasi/PopupOK"), 5, OPTIONAL)): null

2021-11-23 17:23:01 - [MESSAGE][INFO] - Finding Test Object 'Object Repository/Sayfalar/Giris_Sayfasi/PopupOK'

2021-11-23 17:23:01 - [MESSAGE][INFO] - Checking object

2021-11-23 17:23:01 - [MESSAGE][INFO] - Finding web element from Test Object's properties

2021-11-23 17:23:01 - [MESSAGE][INFO] - Checking timeout

2021-11-23 17:23:01 - [MESSAGE][INFO] - Finding web element with id: 'Object Repository/Sayfalar/Giris_Sayfasi/PopupOK' located by 'By.cssSelector: .btn.btn-success' in '5' second(s)

2021-11-23 17:23:01 - [MESSAGE][INFO] - Smart Wait Function is triggered

2021-11-23 17:23:02 - [MESSAGE][INFO] - Found 1 web elements with id: 'Object Repository/Sayfalar/Giris_Sayfasi/PopupOK' located by 'By.cssSelector: .btn.btn-success' in '5' second(s)

2021-11-23 17:23:02 - [MESSAGE][PASSED] - Object 'Object Repository/Sayfalar/Giris_Sayfasi/PopupOK' is present

2021-11-23 17:23:02 - [TEST_STEP][PASSED] - click(findTestObject("Object Repository/Sayfalar/Giris_Sayfasi/PopupCarpiGiris")): Object: 'Object Repository/Sayfalar/Giris_Sayfasi/PopupCarpiGiris' is clicked on

2021-11-23 17:23:02 - [MESSAGE][INFO] - Finding Test Object 'Object Repository/Sayfalar/Giris_Sayfasi/PopupCarpiGiris'

2021-11-23 17:23:02 - [MESSAGE][INFO] - Checking object

2021-11-23 17:23:02 - [MESSAGE][INFO] - Finding web element from Test Object's properties

2021-11-23 17:23:02 - [MESSAGE][INFO] - Checking timeout

2021-11-23 17:23:02 - [MESSAGE][INFO] - Finding web element with id: 'Object Repository/Sayfalar/Giris_Sayfasi/PopupCarpiGiris' located by 'By.cssSelector: .bootbox-close-button.close' in '30' second(s)

2021-11-23 17:23:02 - [MESSAGE][INFO] - Smart Wait Function is triggered

2021-11-23 17:23:02 - [MESSAGE][INFO] - Found 1 web elements with id: 'Object Repository/Sayfalar/Giris_Sayfasi/PopupCarpiGiris' located by 'By.cssSelector: .bootbox-close-button.close' in '30' second(s)

2021-11-23 17:23:02 - [MESSAGE][INFO] - Clicking on object: 'Object Repository/Sayfalar/Giris_Sayfasi/PopupCarpiGiris'

2021-11-23 17:23:02 - [MESSAGE][PASSED] - Object: 'Object Repository/Sayfalar/Giris_Sayfasi/PopupCarpiGiris' is clicked on

2021-11-23 17:23:02 - [TEST_STEP][PASSED] - verifyElementVisible(findTestObject("Object Repository/Kullanici_Islemleri/KullaniciIslemleri")): Object 'Object Repository/Kullanici_Islemleri/KullaniciIslemleri' is visible

2021-11-23 17:23:02 - [MESSAGE][INFO] - Finding Test Object 'Object Repository/Kullanici_Islemleri/KullaniciIslemleri'

2021-11-23 17:23:02 - [MESSAGE][INFO] - Checking object

2021-11-23 17:23:02 - [MESSAGE][INFO] - Finding web element from Test Object's properties

2021-11-23 17:23:02 - [MESSAGE][INFO] - Checking timeout

2021-11-23 17:23:02 - [MESSAGE][INFO] - Finding web element with id: 'Object Repository/Kullanici_Islemleri/KullaniciIslemleri' located by 'By.cssSelector: .dropdown>a>img' in '30' second(s)

2021-11-23 17:23:02 - [MESSAGE][INFO] - Smart Wait Function is triggered

2021-11-23 17:23:03 - [MESSAGE][INFO] - Found 1 web elements with id: 'Object Repository/Kullanici_Islemleri/KullaniciIslemleri' located by 'By.cssSelector: .dropdown>a>img' in '30' second(s)

2021-11-23 17:23:03 - [MESSAGE][PASSED] - Object 'Object Repository/Kullanici_Islemleri/KullaniciIslemleri' is visible

2021-11-23 17:23:03 - [MESSAGE][PASSED] - Call Test Case 'Test Cases/Sayfalar/Giris_Sayfasi/Login' successfully

2021-11-23 17:23:03 - [MESSAGE][INFO] - Checking called Test Case

2021-11-23 17:23:03 - [MESSAGE][INFO] - Starting to call Test Case 'Test Cases/Menu/AnaMenuSecimi'

2021-11-23 17:23:03 - [TEST_CASE][PASSED] - Test Cases/Menu/AnaMenuSecimi: Test Cases/Menu/AnaMenuSecimi

2021-11-23 17:23:03 - [TEST_STEP][PASSED] - Method.TextDegerineEsitElementeTikla(findTestObject("Menu/Ana_Menu"), Ana_Menu): Method.TextDegerineEsitElementeTikla is PASSED

2021-11-23 17:23:03 - [MESSAGE][INFO] - Finding Test Object 'Object Repository/Menu/Ana_Menu'

2021-11-23 17:23:03 - [MESSAGE][INFO] - Checking timeout

2021-11-23 17:23:03 - [MESSAGE][INFO] - Finding web element with id: 'Object Repository/Menu/Ana_Menu' located by 'By.xpath: //*[@class = 'dropdown-toggle']' in '10' second(s)

2021-11-23 17:23:03 - [MESSAGE][INFO] - Smart Wait Function is triggered

2021-11-23 17:23:03 - [MESSAGE][INFO] - Found 14 web elements with id: 'Object Repository/Menu/Ana_Menu' located by 'By.xpath: //*[@class = 'dropdown-toggle']' in '10' second(s)

2021-11-23 17:23:04 - [MESSAGE][PASSED] - Method.TextDegerineEsitElementeTikla is PASSED

2021-11-23 17:23:04 - [MESSAGE][PASSED] - Call Test Case 'Test Cases/Menu/AnaMenuSecimi' successfully

2021-11-23 17:23:04 - [MESSAGE][INFO] - Checking called Test Case

2021-11-23 17:23:04 - [MESSAGE][INFO] - Starting to call Test Case 'Test Cases/Menu/BasligaGoreAltMenuSecimi'

2021-11-23 17:23:04 - [TEST_CASE][PASSED] - Test Cases/Menu/BasligaGoreAltMenuSecimi: Test Cases/Menu/BasligaGoreAltMenuSecimi

2021-11-23 17:23:04 - [TEST_STEP][PASSED] - Method.TextDegerineEsitElementinAltindakiTextDegerineEsitOlanaTikla(findTestObject("Menu/Menu_Basligi"), findTestObject("Menu/Basliga_Gore_Alt_Menu"), Baslik, Alt_Menu): Method.TextDegerineEsitElementinAltindakiTextDegerineEsitOlanaTikla is PASSED

2021-11-23 17:23:04 - [MESSAGE][INFO] - Finding Test Object 'Object Repository/Menu/Menu_Basligi'

2021-11-23 17:23:04 - [MESSAGE][INFO] - Finding Test Object 'Object Repository/Menu/Basliga_Gore_Alt_Menu'

2021-11-23 17:23:04 - [MESSAGE][INFO] - Checking timeout

2021-11-23 17:23:04 - [MESSAGE][INFO] - Finding web element with id: 'Object Repository/Menu/Menu_Basligi' located by 'By.xpath: //li[@class='dropdown dropdown-large open']//li[@class='dropdown-header']' in '10' second(s)

2021-11-23 17:23:04 - [MESSAGE][INFO] - Smart Wait Function is triggered

2021-11-23 17:23:04 - [MESSAGE][INFO] - Found 2 web elements with id: 'Object Repository/Menu/Menu_Basligi' located by 'By.xpath: //li[@class='dropdown dropdown-large open']//li[@class='dropdown-header']' in '10' second(s)

2021-11-23 17:23:04 - [MESSAGE][INFO] - Smart Wait Function is triggered

2021-11-23 17:23:12 - [MESSAGE][PASSED] - Method.TextDegerineEsitElementinAltindakiTextDegerineEsitOlanaTikla is PASSED

2021-11-23 17:23:12 - [MESSAGE][PASSED] - Call Test Case 'Test Cases/Menu/BasligaGoreAltMenuSecimi' successfully

2021-11-23 17:23:12 - [MESSAGE][INFO] - Checking called Test Case

2021-11-23 17:23:12 - [MESSAGE][INFO] - Starting to call Test Case 'Test Cases/Butonlar/ButonaTikla'

2021-11-23 17:23:12 - [TEST_CASE][PASSED] - Test Cases/Butonlar/ButonaTikla: Test Cases/Butonlar/ButonaTikla

2021-11-23 17:23:12 - [TEST_STEP][PASSED] - Method.TextDegerineEsitElementeTiklaEquals(findTestObject("Butonlar/Butonlar"), Buton_Adi): Method.TextDegerineEsitElementeTiklaEquals is PASSED

2021-11-23 17:23:12 - [MESSAGE][INFO] - Finding Test Object 'Object Repository/Butonlar/Butonlar'

2021-11-23 17:23:12 - [MESSAGE][INFO] - Checking timeout

2021-11-23 17:23:12 - [MESSAGE][INFO] - Finding web element with id: 'Object Repository/Butonlar/Butonlar' located by 'By.cssSelector: .panel.panel-default.text-center.footerPanel .btn,.btn.btn-primary.btnControls' in '10' second(s)

2021-11-23 17:23:12 - [MESSAGE][INFO] - Smart Wait Function is triggered

2021-11-23 17:23:12 - [MESSAGE][INFO] - Found 7 web elements with id: 'Object Repository/Butonlar/Butonlar' located by 'By.cssSelector: .panel.panel-default.text-center.footerPanel .btn,.btn.btn-primary.btnControls' in '10' second(s)

2021-11-23 17:23:13 - [MESSAGE][PASSED] - Method.TextDegerineEsitElementeTiklaEquals is PASSED

2021-11-23 17:23:13 - [MESSAGE][PASSED] - Call Test Case 'Test Cases/Butonlar/ButonaTikla' successfully

2021-11-23 17:23:13 - [MESSAGE][INFO] - Checking called Test Case

2021-11-23 17:23:13 - [MESSAGE][INFO] - Starting to call Test Case 'Test Cases/Butonlar/AltButonaTikla'

2021-11-23 17:23:13 - [TEST_CASE][PASSED] - Test Cases/Butonlar/AltButonaTikla: Test Cases/Butonlar/AltButonaTikla

2021-11-23 17:23:13 - [TEST_STEP][PASSED] - Method.TextDegerineEsitElementeTikla(findTestObject("Butonlar/AltButonlar"), Alt_Buton): Method.TextDegerineEsitElementeTikla is PASSED

2021-11-23 17:23:13 - [MESSAGE][INFO] - Finding Test Object 'Object Repository/Butonlar/AltButonlar'

2021-11-23 17:23:13 - [MESSAGE][INFO] - Checking timeout

2021-11-23 17:23:13 - [MESSAGE][INFO] - Finding web element with id: 'Object Repository/Butonlar/AltButonlar' located by 'By.cssSelector: .btn-group.open li>a' in '10' second(s)

2021-11-23 17:23:13 - [MESSAGE][INFO] - Smart Wait Function is triggered

2021-11-23 17:23:13 - [MESSAGE][INFO] - Found 3 web elements with id: 'Object Repository/Butonlar/AltButonlar' located by 'By.cssSelector: .btn-group.open li>a' in '10' second(s)

2021-11-23 17:23:14 - [MESSAGE][PASSED] - Method.TextDegerineEsitElementeTikla is PASSED

2021-11-23 17:23:14 - [MESSAGE][PASSED] - Call Test Case 'Test Cases/Butonlar/AltButonaTikla' successfully

2021-11-23 17:23:14 - [MESSAGE][INFO] - Checking called Test Case

2021-11-23 17:23:14 - [MESSAGE][INFO] - Starting to call Test Case 'Test Cases/Sayfalar/Ayarlar/Ayarlarim/AyarlarimBasliklarVarMi'

2021-11-23 17:23:14 - [TEST_CASE][PASSED] - Test Cases/Sayfalar/Ayarlar/Ayarlarim/AyarlarimBasliklarVarMi: Test Cases/Sayfalar/Ayarlar/Ayarlarim/AyarlarimBasliklarVarMi

2021-11-23 17:23:14 - [TEST_STEP][PASSED] - Method.TextDegerineEsitElementVarMi(findTestObject("Object Repository/Sayfalar/Ayarlar/Ayarlarim/AyarlarBasliklar"), Baslik): Method.TextDegerineEsitElementVarMi is PASSED

2021-11-23 17:23:14 - [MESSAGE][INFO] - Finding Test Object 'Object Repository/Sayfalar/Ayarlar/Ayarlarim/AyarlarBasliklar'

2021-11-23 17:23:15 - [MESSAGE][INFO] - Checking timeout

2021-11-23 17:23:15 - [MESSAGE][INFO] - Finding web element with id: 'Object Repository/Sayfalar/Ayarlar/Ayarlarim/AyarlarBasliklar' located by 'By.cssSelector: .dxnb-header>span' in '10' second(s)

2021-11-23 17:23:15 - [MESSAGE][INFO] - Smart Wait Function is triggered

2021-11-23 17:23:16 - [MESSAGE][INFO] - Found 5 web elements with id: 'Object Repository/Sayfalar/Ayarlar/Ayarlarim/AyarlarBasliklar' located by 'By.cssSelector: .dxnb-header>span' in '10' second(s)

2021-11-23 17:23:16 - [MESSAGE][PASSED] - Method.TextDegerineEsitElementVarMi is PASSED

2021-11-23 17:23:16 - [MESSAGE][PASSED] - Call Test Case 'Test Cases/Sayfalar/Ayarlar/Ayarlarim/AyarlarimBasliklarVarMi' successfully

2021-11-23 17:23:16 - [MESSAGE][INFO] - Checking called Test Case

2021-11-23 17:23:16 - [MESSAGE][INFO] - Starting to call Test Case 'Test Cases/Sayfalar/Ayarlar/Gorsel_Tasarim/GorselTasarimAciklamasiGirilir'

2021-11-23 17:23:16 - [TEST_CASE][PASSED] - Test Cases/Sayfalar/Ayarlar/Gorsel_Tasarim/GorselTasarimAciklamasiGirilir: Test Cases/Sayfalar/Ayarlar/Gorsel_Tasarim/GorselTasarimAciklamasiGirilir

2021-11-23 17:23:16 - [TEST_STEP][PASSED] - waitForElementPresent(findTestObject("Object Repository/Sayfalar/Ayarlar/Gorsel_Tasarim/GorselTasarimAciklamasi"), 10): Object 'Object Repository/Sayfalar/Ayarlar/Gorsel_Tasarim/GorselTasarimAciklamasi' is present

2021-11-23 17:23:16 - [MESSAGE][INFO] - Finding Test Object 'Object Repository/Sayfalar/Ayarlar/Gorsel_Tasarim/GorselTasarimAciklamasi'

2021-11-23 17:23:16 - [MESSAGE][INFO] - Checking object

2021-11-23 17:23:16 - [MESSAGE][INFO] - Finding web element from Test Object's properties

2021-11-23 17:23:16 - [MESSAGE][INFO] - Checking timeout

2021-11-23 17:23:16 - [MESSAGE][INFO] - Finding web element with id: 'Object Repository/Sayfalar/Ayarlar/Gorsel_Tasarim/GorselTasarimAciklamasi' located by 'By.xpath: //*[@id = 'Description_I']' in '10' second(s)

2021-11-23 17:23:16 - [MESSAGE][INFO] - Smart Wait Function is triggered

2021-11-23 17:23:16 - [MESSAGE][INFO] - Found 1 web elements with id: 'Object Repository/Sayfalar/Ayarlar/Gorsel_Tasarim/GorselTasarimAciklamasi' located by 'By.xpath: //*[@id = 'Description_I']' in '10' second(s)

2021-11-23 17:23:16 - [MESSAGE][PASSED] - Object 'Object Repository/Sayfalar/Ayarlar/Gorsel_Tasarim/GorselTasarimAciklamasi' is present

2021-11-23 17:23:16 - [TEST_STEP][PASSED] - clearText(findTestObject("Object Repository/Sayfalar/Ayarlar/Gorsel_Tasarim/GorselTasarimAciklamasi")): Text of object 'Object Repository/Sayfalar/Ayarlar/Gorsel_Tasarim/GorselTasarimAciklamasi' is cleared

2021-11-23 17:23:16 - [MESSAGE][INFO] - Finding Test Object 'Object Repository/Sayfalar/Ayarlar/Gorsel_Tasarim/GorselTasarimAciklamasi'

2021-11-23 17:23:16 - [MESSAGE][INFO] - Checking object

2021-11-23 17:23:16 - [MESSAGE][INFO] - Finding web element from Test Object's properties

2021-11-23 17:23:16 - [MESSAGE][INFO] - Checking timeout

2021-11-23 17:23:16 - [MESSAGE][INFO] - Finding web element with id: 'Object Repository/Sayfalar/Ayarlar/Gorsel_Tasarim/GorselTasarimAciklamasi' located by 'By.xpath: //*[@id = 'Description_I']' in '30' second(s)

2021-11-23 17:23:16 - [MESSAGE][INFO] - Smart Wait Function is triggered

2021-11-23 17:23:16 - [MESSAGE][INFO] - Found 1 web elements with id: 'Object Repository/Sayfalar/Ayarlar/Gorsel_Tasarim/GorselTasarimAciklamasi' located by 'By.xpath: //*[@id = 'Description_I']' in '30' second(s)

2021-11-23 17:23:16 - [MESSAGE][INFO] - Clearing text of object 'Object Repository/Sayfalar/Ayarlar/Gorsel_Tasarim/GorselTasarimAciklamasi'

2021-11-23 17:23:16 - [MESSAGE][PASSED] - Text of object 'Object Repository/Sayfalar/Ayarlar/Gorsel_Tasarim/GorselTasarimAciklamasi' is cleared

2021-11-23 17:23:16 - [TEST_STEP][PASSED] - sendKeys(findTestObject("Object Repository/Sayfalar/Ayarlar/Gorsel_Tasarim/GorselTasarimAciklamasi"), Aciklama): Keys 'VirgosolOtomasyon' sent to object: 'Object Repository/Sayfalar/Ayarlar/Gorsel_Tasarim/GorselTasarimAciklamasi'

2021-11-23 17:23:16 - [MESSAGE][INFO] - Finding Test Object 'Object Repository/Sayfalar/Ayarlar/Gorsel_Tasarim/GorselTasarimAciklamasi'

2021-11-23 17:23:16 - [MESSAGE][INFO] - Sending keys 'VirgosolOtomasyon' to object: 'Object Repository/Sayfalar/Ayarlar/Gorsel_Tasarim/GorselTasarimAciklamasi'

2021-11-23 17:23:16 - [MESSAGE][INFO] - Finding web element from Test Object's properties

2021-11-23 17:23:16 - [MESSAGE][INFO] - Checking timeout

2021-11-23 17:23:16 - [MESSAGE][INFO] - Finding web element with id: 'Object Repository/Sayfalar/Ayarlar/Gorsel_Tasarim/GorselTasarimAciklamasi' located by 'By.xpath: //*[@id = 'Description_I']' in '30' second(s)

2021-11-23 17:23:16 - [MESSAGE][INFO] - Smart Wait Function is triggered

2021-11-23 17:23:17 - [MESSAGE][INFO] - Found 1 web elements with id: 'Object Repository/Sayfalar/Ayarlar/Gorsel_Tasarim/GorselTasarimAciklamasi' located by 'By.xpath: //*[@id = 'Description_I']' in '30' second(s)

2021-11-23 17:23:17 - [MESSAGE][PASSED] - Keys 'VirgosolOtomasyon' sent to object: 'Object Repository/Sayfalar/Ayarlar/Gorsel_Tasarim/GorselTasarimAciklamasi'

2021-11-23 17:23:17 - [MESSAGE][PASSED] - Call Test Case 'Test Cases/Sayfalar/Ayarlar/Gorsel_Tasarim/GorselTasarimAciklamasiGirilir' successfully

2021-11-23 17:23:17 - [MESSAGE][INFO] - Checking called Test Case

2021-11-23 17:23:17 - [MESSAGE][INFO] - Starting to call Test Case 'Test Cases/Sekmeler/FaturaBaslıgıDogruMu'

2021-11-23 17:23:17 - [TEST_CASE][PASSED] - Test Cases/Sekmeler/FaturaBaslıgıDogruMu: Test Cases/Sekmeler/FaturaBaslıgıDogruMu

2021-11-23 17:23:17 - [TEST_STEP][PASSED] - switchToFrame(findTestObject("Object Repository/Sayfalar/Giris_Sayfasi/FrameFirmaSec"), 3): Switched to iframe: 'Object Repository/Sayfalar/Giris_Sayfasi/FrameFirmaSec'

2021-11-23 17:23:17 - [MESSAGE][INFO] - Finding Test Object 'Object Repository/Sayfalar/Giris_Sayfasi/FrameFirmaSec'

2021-11-23 17:23:17 - [MESSAGE][INFO] - Switching to iframe: 'Object Repository/Sayfalar/Giris_Sayfasi/FrameFirmaSec'

2021-11-23 17:23:17 - [MESSAGE][INFO] - Finding web element from Test Object's properties

2021-11-23 17:23:17 - [MESSAGE][INFO] - Checking timeout

2021-11-23 17:23:17 - [MESSAGE][INFO] - Finding web element with id: 'Object Repository/Sayfalar/Giris_Sayfasi/FrameFirmaSec' located by 'By.cssSelector: .cke_wysiwyg_frame.cke_reset' in '3' second(s)

2021-11-23 17:23:17 - [MESSAGE][INFO] - Smart Wait Function is triggered

2021-11-23 17:23:17 - [MESSAGE][INFO] - Found 3 web elements with id: 'Object Repository/Sayfalar/Giris_Sayfasi/FrameFirmaSec' located by 'By.cssSelector: .cke_wysiwyg_frame.cke_reset' in '3' second(s)

2021-11-23 17:23:17 - [MESSAGE][INFO] - Switched to iframe: 'Object Repository/Sayfalar/Giris_Sayfasi/FrameFirmaSec'

2021-11-23 17:23:17 - [TEST_STEP][PASSED] - verifyElementText(findTestObject("Object Repository/Sekmeler/Olusturma_Goster_Baslik"), Title): Actual text and expected text of test object 'Object Repository/Sekmeler/Olusturma_Goster_Baslik' are matched.

2021-11-23 17:23:17 - [MESSAGE][INFO] - Finding Test Object 'Object Repository/Sekmeler/Olusturma_Goster_Baslik'

2021-11-23 17:23:17 - [MESSAGE][INFO] - Checking object

2021-11-23 17:23:17 - [MESSAGE][INFO] - Finding web element from Test Object's properties

2021-11-23 17:23:17 - [MESSAGE][INFO] - Checking timeout

2021-11-23 17:23:17 - [MESSAGE][INFO] - Finding web element with id: 'Object Repository/Sekmeler/Olusturma_Goster_Baslik' located by 'By.cssSelector: h1>span,td>font,font' in '30' second(s)

2021-11-23 17:23:17 - [MESSAGE][INFO] - Smart Wait Function is triggered

2021-11-23 17:23:18 - [MESSAGE][INFO] - Found 1 web elements with id: 'Object Repository/Sekmeler/Olusturma_Goster_Baslik' located by 'By.cssSelector: h1>span,td>font,font' in '30' second(s)

2021-11-23 17:23:18 - [MESSAGE][PASSED] - Actual text and expected text of test object 'Object Repository/Sekmeler/Olusturma_Goster_Baslik' are matched.

2021-11-23 17:23:18 - [TEST_STEP][PASSED] - switchToDefaultContent(): Switching to default content

2021-11-23 17:23:18 - [MESSAGE][INFO] - Switching to default content

2021-11-23 17:23:18 - [MESSAGE][PASSED] - Call Test Case 'Test Cases/Sekmeler/FaturaBaslıgıDogruMu' successfully

2021-11-23 17:23:18 - [MESSAGE][INFO] - Checking called Test Case

2021-11-23 17:23:18 - [MESSAGE][INFO] - Starting to call Test Case 'Test Cases/Butonlar/ButonaTikla'

2021-11-23 17:23:18 - [TEST_CASE][PASSED] - Test Cases/Butonlar/ButonaTikla: Test Cases/Butonlar/ButonaTikla

2021-11-23 17:23:18 - [TEST_STEP][PASSED] - Method.TextDegerineEsitElementeTiklaEquals(findTestObject("Butonlar/Butonlar"), Buton_Adi): Method.TextDegerineEsitElementeTiklaEquals is PASSED

2021-11-23 17:23:18 - [MESSAGE][INFO] - Finding Test Object 'Object Repository/Butonlar/Butonlar'

2021-11-23 17:23:18 - [MESSAGE][INFO] - Checking timeout

2021-11-23 17:23:18 - [MESSAGE][INFO] - Finding web element with id: 'Object Repository/Butonlar/Butonlar' located by 'By.cssSelector: .panel.panel-default.text-center.footerPanel .btn,.btn.btn-primary.btnControls' in '10' second(s)

2021-11-23 17:23:18 - [MESSAGE][INFO] - Smart Wait Function is triggered

2021-11-23 17:23:18 - [MESSAGE][INFO] - Found 3 web elements with id: 'Object Repository/Butonlar/Butonlar' located by 'By.cssSelector: .panel.panel-default.text-center.footerPanel .btn,.btn.btn-primary.btnControls' in '10' second(s)

2021-11-23 17:23:18 - [MESSAGE][PASSED] - Method.TextDegerineEsitElementeTiklaEquals is PASSED

2021-11-23 17:23:18 - [MESSAGE][PASSED] - Call Test Case 'Test Cases/Butonlar/ButonaTikla' successfully

2021-11-23 17:23:18 - [MESSAGE][INFO] - Checking called Test Case

2021-11-23 17:23:18 - [MESSAGE][INFO] - Starting to call Test Case 'Test Cases/Popup/PopupMesajiIceriyorMu'

2021-11-23 17:23:18 - [TEST_CASE][PASSED] - Test Cases/Popup/PopupMesajiIceriyorMu: Test Cases/Popup/PopupMesajiIceriyorMu

2021-11-23 17:23:18 - [TEST_STEP][PASSED] - waitForElementVisible(findTestObject("Popup/Popup"), 10): Object 'Object Repository/Popup/Popup' is visible

2021-11-23 17:23:18 - [MESSAGE][INFO] - Finding Test Object 'Object Repository/Popup/Popup'

2021-11-23 17:23:18 - [MESSAGE][INFO] - Checking object

2021-11-23 17:23:18 - [MESSAGE][INFO] - Checking timeout

2021-11-23 17:23:18 - [MESSAGE][INFO] - Finding web element from Test Object's properties

2021-11-23 17:23:18 - [MESSAGE][INFO] - Checking timeout

2021-11-23 17:23:18 - [MESSAGE][INFO] - Finding web element with id: 'Object Repository/Popup/Popup' located by 'By.cssSelector: .bootbox-body' in '10' second(s)

2021-11-23 17:23:18 - [MESSAGE][INFO] - Smart Wait Function is triggered

2021-11-23 17:23:19 - [MESSAGE][INFO] - Found 1 web elements with id: 'Object Repository/Popup/Popup' located by 'By.cssSelector: .bootbox-body' in '10' second(s)

2021-11-23 17:23:19 - [MESSAGE][PASSED] - Object 'Object Repository/Popup/Popup' is visible

2021-11-23 17:23:19 - [TEST_STEP][PASSED] - if (!(getText(findTestObject("Popup/Popup")).contains(Mesaj))): Text of object 'Object Repository/Popup/Popup' is: 'Tasarım ön değer tasarım olarak tanımlansın mı?'

2021-11-23 17:23:19 - [MESSAGE][INFO] - Finding Test Object 'Object Repository/Popup/Popup'

2021-11-23 17:23:19 - [MESSAGE][INFO] - Checking object

2021-11-23 17:23:19 - [MESSAGE][INFO] - Finding web element from Test Object's properties

2021-11-23 17:23:19 - [MESSAGE][INFO] - Checking timeout

2021-11-23 17:23:19 - [MESSAGE][INFO] - Finding web element with id: 'Object Repository/Popup/Popup' located by 'By.cssSelector: .bootbox-body' in '30' second(s)

2021-11-23 17:23:19 - [MESSAGE][INFO] - Smart Wait Function is triggered

2021-11-23 17:23:20 - [MESSAGE][INFO] - Found 1 web elements with id: 'Object Repository/Popup/Popup' located by 'By.cssSelector: .bootbox-body' in '30' second(s)

2021-11-23 17:23:20 - [MESSAGE][INFO] - Getting text of object 'Object Repository/Popup/Popup'

2021-11-23 17:23:20 - [MESSAGE][PASSED] - Text of object 'Object Repository/Popup/Popup' is: 'Tasarım ön değer tasarım olarak tanımlansın mı?'

2021-11-23 17:23:20 - [TEST_STEP][PASSED] - RaporNo = getText(findTestObject("Popup/Popup")).substring(0, 6): Text of object 'Object Repository/Popup/Popup' is: 'Tasarım ön değer tasarım olarak tanımlansın mı?'

2021-11-23 17:23:20 - [MESSAGE][INFO] - Finding Test Object 'Object Repository/Popup/Popup'

2021-11-23 17:23:20 - [MESSAGE][INFO] - Checking object

2021-11-23 17:23:20 - [MESSAGE][INFO] - Finding web element from Test Object's properties

2021-11-23 17:23:20 - [MESSAGE][INFO] - Checking timeout

2021-11-23 17:23:20 - [MESSAGE][INFO] - Finding web element with id: 'Object Repository/Popup/Popup' located by 'By.cssSelector: .bootbox-body' in '30' second(s)

2021-11-23 17:23:20 - [MESSAGE][INFO] - Smart Wait Function is triggered

2021-11-23 17:23:20 - [MESSAGE][INFO] - Found 1 web elements with id: 'Object Repository/Popup/Popup' located by 'By.cssSelector: .bootbox-body' in '30' second(s)

2021-11-23 17:23:20 - [MESSAGE][INFO] - Getting text of object 'Object Repository/Popup/Popup'

2021-11-23 17:23:20 - [MESSAGE][PASSED] - Text of object 'Object Repository/Popup/Popup' is: 'Tasarım ön değer tasarım olarak tanımlansın mı?'

2021-11-23 17:23:20 - [TEST_STEP][PASSED] - Console.println(RaporNo): null

2021-11-23 17:23:20 - [MESSAGE][PASSED] - Call Test Case 'Test Cases/Popup/PopupMesajiIceriyorMu' successfully

2021-11-23 17:23:20 - [MESSAGE][INFO] - Checking called Test Case

2021-11-23 17:23:20 - [MESSAGE][INFO] - Starting to call Test Case 'Test Cases/Popup/PopupButonSecilir'

2021-11-23 17:23:20 - [TEST_CASE][PASSED] - Test Cases/Popup/PopupButonSecilir: Test Cases/Popup/PopupButonSecilir

2021-11-23 17:23:20 - [TEST_STEP][PASSED] - Method.TextDegerineEsitElementeTikla(findTestObject("Popup/Popup_Butons"), Buton): Method.TextDegerineEsitElementeTikla is PASSED

2021-11-23 17:23:20 - [MESSAGE][INFO] - Finding Test Object 'Object Repository/Popup/Popup_Butons'

2021-11-23 17:23:20 - [MESSAGE][INFO] - Checking timeout

2021-11-23 17:23:20 - [MESSAGE][INFO] - Finding web element with id: 'Object Repository/Popup/Popup_Butons' located by 'By.cssSelector: .modal-footer>button' in '10' second(s)

2021-11-23 17:23:20 - [MESSAGE][INFO] - Smart Wait Function is triggered

2021-11-23 17:23:20 - [MESSAGE][INFO] - Found 2 web elements with id: 'Object Repository/Popup/Popup_Butons' located by 'By.cssSelector: .modal-footer>button' in '10' second(s)

2021-11-23 17:23:28 - [MESSAGE][PASSED] - Method.TextDegerineEsitElementeTikla is PASSED

2021-11-23 17:23:28 - [MESSAGE][PASSED] - Call Test Case 'Test Cases/Popup/PopupButonSecilir' successfully

2021-11-23 17:23:28 - [MESSAGE][INFO] - Checking called Test Case

2021-11-23 17:23:28 - [MESSAGE][INFO] - Starting to call Test Case 'Test Cases/Tablo/TablodaUnvanliVeriOlusturulduMu'

2021-11-23 17:23:28 - [TEST_CASE][PASSED] - Test Cases/Tablo/TablodaUnvanliVeriOlusturulduMu: Test Cases/Tablo/TablodaUnvanliVeriOlusturulduMu

2021-11-23 17:23:28 - [TEST_STEP][PASSED] - waitForElementVisible(findTestObject("Tablo/OlusturulanVeri"), 10, STOP_ON_FAILURE): Object 'Object Repository/Tablo/OlusturulanVeri' is visible

2021-11-23 17:23:28 - [MESSAGE][INFO] - Finding Test Object 'Object Repository/Tablo/OlusturulanVeri'

2021-11-23 17:23:28 - [MESSAGE][INFO] - Checking object

2021-11-23 17:23:28 - [MESSAGE][INFO] - Checking timeout

2021-11-23 17:23:28 - [MESSAGE][INFO] - Finding web element from Test Object's properties

2021-11-23 17:23:28 - [MESSAGE][INFO] - Checking timeout

2021-11-23 17:23:28 - [MESSAGE][INFO] - Finding web element with id: 'Object Repository/Tablo/OlusturulanVeri' located by 'By.cssSelector: table.dxgvTable_LECustomTheme>tbody>tr:nth-child(3)>td.dxgv b,table.dxgvTable_LECustomTheme>tbody>tr:nth-child(3)>td.dxgv' in '10' second(s)

2021-11-23 17:23:28 - [MESSAGE][INFO] - Smart Wait Function is triggered

2021-11-23 17:23:28 - [MESSAGE][INFO] - Found 8 web elements with id: 'Object Repository/Tablo/OlusturulanVeri' located by 'By.cssSelector: table.dxgvTable_LECustomTheme>tbody>tr:nth-child(3)>td.dxgv b,table.dxgvTable_LECustomTheme>tbody>tr:nth-child(3)>td.dxgv' in '10' second(s)

2021-11-23 17:23:28 - [MESSAGE][PASSED] - Object 'Object Repository/Tablo/OlusturulanVeri' is visible

2021-11-23 17:23:28 - [TEST_STEP][PASSED] - Method.TextDegerineEsitElementVarMi(findTestObject("Tablo/OlusturulanVeri"), Unvan): Method.TextDegerineEsitElementVarMi is PASSED

2021-11-23 17:23:28 - [MESSAGE][INFO] - Finding Test Object 'Object Repository/Tablo/OlusturulanVeri'

2021-11-23 17:23:29 - [MESSAGE][INFO] - Checking timeout

2021-11-23 17:23:29 - [MESSAGE][INFO] - Finding web element with id: 'Object Repository/Tablo/OlusturulanVeri' located by 'By.cssSelector: table.dxgvTable_LECustomTheme>tbody>tr:nth-child(3)>td.dxgv b,table.dxgvTable_LECustomTheme>tbody>tr:nth-child(3)>td.dxgv' in '10' second(s)

2021-11-23 17:23:29 - [MESSAGE][INFO] - Smart Wait Function is triggered

2021-11-23 17:23:29 - [MESSAGE][INFO] - Found 8 web elements with id: 'Object Repository/Tablo/OlusturulanVeri' located by 'By.cssSelector: table.dxgvTable_LECustomTheme>tbody>tr:nth-child(3)>td.dxgv b,table.dxgvTable_LECustomTheme>tbody>tr:nth-child(3)>td.dxgv' in '10' second(s)

2021-11-23 17:23:29 - [MESSAGE][PASSED] - Method.TextDegerineEsitElementVarMi is PASSED

2021-11-23 17:23:29 - [MESSAGE][PASSED] - Call Test Case 'Test Cases/Tablo/TablodaUnvanliVeriOlusturulduMu' successfully

2021-11-23 17:23:29 - [MESSAGE][INFO] - Checking called Test Case

2021-11-23 17:23:29 - [MESSAGE][INFO] - Starting to call Test Case 'Test Cases/Kullanici_Islemleri/KullaniciIslemlerindenSecimYapilir'

2021-11-23 17:23:29 - [TEST_CASE][PASSED] - Test Cases/Kullanici_Islemleri/KullaniciIslemlerindenSecimYapilir: Test Cases/Kullanici_Islemleri/KullaniciIslemlerindenSecimYapilir

2021-11-23 17:23:29 - [TEST_STEP][PASSED] - waitForElementClickable(findTestObject("Object Repository/Kullanici_Islemleri/KullaniciIslemleri"), 10): Object 'Object Repository/Kullanici_Islemleri/KullaniciIslemleri' is clickable

2021-11-23 17:23:29 - [MESSAGE][INFO] - Finding Test Object 'Object Repository/Kullanici_Islemleri/KullaniciIslemleri'

2021-11-23 17:23:29 - [MESSAGE][INFO] - Checking object

2021-11-23 17:23:29 - [MESSAGE][INFO] - Checking timeout

2021-11-23 17:23:29 - [MESSAGE][INFO] - Finding web element from Test Object's properties

2021-11-23 17:23:29 - [MESSAGE][INFO] - Checking timeout

2021-11-23 17:23:29 - [MESSAGE][INFO] - Finding web element with id: 'Object Repository/Kullanici_Islemleri/KullaniciIslemleri' located by 'By.cssSelector: .dropdown>a>img' in '10' second(s)

2021-11-23 17:23:29 - [MESSAGE][INFO] - Smart Wait Function is triggered

2021-11-23 17:23:29 - [MESSAGE][INFO] - Found 1 web elements with id: 'Object Repository/Kullanici_Islemleri/KullaniciIslemleri' located by 'By.cssSelector: .dropdown>a>img' in '10' second(s)

2021-11-23 17:23:29 - [MESSAGE][PASSED] - Object 'Object Repository/Kullanici_Islemleri/KullaniciIslemleri' is clickable

2021-11-23 17:23:29 - [TEST_STEP][PASSED] - click(findTestObject("Object Repository/Kullanici_Islemleri/KullaniciIslemleri")): Object: 'Object Repository/Kullanici_Islemleri/KullaniciIslemleri' is clicked on

2021-11-23 17:23:29 - [MESSAGE][INFO] - Finding Test Object 'Object Repository/Kullanici_Islemleri/KullaniciIslemleri'

2021-11-23 17:23:29 - [MESSAGE][INFO] - Checking object

2021-11-23 17:23:29 - [MESSAGE][INFO] - Finding web element from Test Object's properties

2021-11-23 17:23:29 - [MESSAGE][INFO] - Checking timeout

2021-11-23 17:23:29 - [MESSAGE][INFO] - Finding web element with id: 'Object Repository/Kullanici_Islemleri/KullaniciIslemleri' located by 'By.cssSelector: .dropdown>a>img' in '30' second(s)

2021-11-23 17:23:29 - [MESSAGE][INFO] - Smart Wait Function is triggered

2021-11-23 17:23:30 - [MESSAGE][INFO] - Found 1 web elements with id: 'Object Repository/Kullanici_Islemleri/KullaniciIslemleri' located by 'By.cssSelector: .dropdown>a>img' in '30' second(s)

2021-11-23 17:23:30 - [MESSAGE][INFO] - Clicking on object: 'Object Repository/Kullanici_Islemleri/KullaniciIslemleri'

2021-11-23 17:23:30 - [MESSAGE][PASSED] - Object: 'Object Repository/Kullanici_Islemleri/KullaniciIslemleri' is clicked on

2021-11-23 17:23:30 - [TEST_STEP][PASSED] - Method.TextDegerineEsitElementeTikla(findTestObject("Object Repository/Kullanici_Islemleri/Secenekler"), Islem): Method.TextDegerineEsitElementeTikla is PASSED

2021-11-23 17:23:30 - [MESSAGE][INFO] - Finding Test Object 'Object Repository/Kullanici_Islemleri/Secenekler'

2021-11-23 17:23:30 - [MESSAGE][INFO] - Checking timeout

2021-11-23 17:23:30 - [MESSAGE][INFO] - Finding web element with id: 'Object Repository/Kullanici_Islemleri/Secenekler' located by 'By.cssSelector: .nav.navbar-nav.navbar-right li a' in '10' second(s)

2021-11-23 17:23:30 - [MESSAGE][INFO] - Smart Wait Function is triggered

2021-11-23 17:23:30 - [MESSAGE][INFO] - Found 22 web elements with id: 'Object Repository/Kullanici_Islemleri/Secenekler' located by 'By.cssSelector: .nav.navbar-nav.navbar-right li a' in '10' second(s)

2021-11-23 17:23:31 - [MESSAGE][PASSED] - Method.TextDegerineEsitElementeTikla is PASSED

2021-11-23 17:23:31 - [TEST_STEP][PASSED] - verifyElementNotPresent(findTestObject("Object Repository/Kullanici_Islemleri/Secenekler"), 10): Web element with id: 'Object Repository/Kullanici_Islemleri/Secenekler' located by 'By.cssSelector: .nav.navbar-nav.navbar-right li a' is not present after '10' second(s)

2021-11-23 17:23:31 - [MESSAGE][INFO] - Finding Test Object 'Object Repository/Kullanici_Islemleri/Secenekler'

2021-11-23 17:23:31 - [MESSAGE][INFO] - Checking object

2021-11-23 17:23:31 - [MESSAGE][INFO] - Checking timeout

2021-11-23 17:23:31 - [MESSAGE][INFO] - Finding web element with id: 'Object Repository/Kullanici_Islemleri/Secenekler' located by 'By.cssSelector: .nav.navbar-nav.navbar-right li a' in '10' second(s)

2021-11-23 17:23:31 - [MESSAGE][INFO] - Smart Wait Function is triggered

2021-11-23 17:23:32 - [MESSAGE][PASSED] - Web element with id: 'Object Repository/Kullanici_Islemleri/Secenekler' located by 'By.cssSelector: .nav.navbar-nav.navbar-right li a' is not present after '10' second(s)

2021-11-23 17:23:32 - [MESSAGE][PASSED] - Call Test Case 'Test Cases/Kullanici_Islemleri/KullaniciIslemlerindenSecimYapilir' successfully

2021-11-23 17:23:32 - [TEST_CASE][PASSED] - Start Test Case : SCENARIO Tasarim Araclari Tasarla e-Irsaliye: SCENARIO Tasarim Araclari Tasarla e-Irsaliye

2021-11-23 17:23:32 - [TEST_STEP][PASSED] - Kullanıcı adı ELOGO6 ve Şifre 123456 olarak giriş yapılır: Kullanıcı adı ELOGO6 ve Şifre 123456 olarak giriş yapılır

2021-11-23 17:23:32 - [MESSAGE][PASSED] - Kullanıcı adı ELOGO6 ve Şifre 123456 olarak giriş yapılır

2021-11-23 17:23:32 - [TEST_STEP][PASSED] - Ana menüden Ayarlar seçilir: Ana menüden Ayarlar seçilir

2021-11-23 17:23:32 - [MESSAGE][PASSED] - Ana menüden Ayarlar seçilir

2021-11-23 17:23:32 - [TEST_STEP][PASSED] - Alt menü Görsel Tasarımlar başlığı altındaki Tasarım Araçları seçilir: Alt menü Görsel Tasarımlar başlığı altındaki Tasarım Araçları seçilir

2021-11-23 17:23:32 - [MESSAGE][PASSED] - Alt menü Görsel Tasarımlar başlığı altındaki Tasarım Araçları seçilir

2021-11-23 17:23:32 - [TEST_STEP][PASSED] - Butonlardan Tasarla isimli butona tıklanır: Butonlardan Tasarla isimli butona tıklanır

2021-11-23 17:23:32 - [MESSAGE][PASSED] - Butonlardan Tasarla isimli butona tıklanır

2021-11-23 17:23:32 - [TEST_STEP][PASSED] - Alt butonlardan e-İrsaliye butonuna tıklanır: Alt butonlardan e-İrsaliye butonuna tıklanır

2021-11-23 17:23:32 - [MESSAGE][PASSED] - Alt butonlardan e-İrsaliye butonuna tıklanır

2021-11-23 17:23:32 - [TEST_STEP][PASSED] - Dinamik başlıklarda E-İRSALİYE TASARIM AÇIKLAMASI var mı: Dinamik başlıklarda E-İRSALİYE TASARIM AÇIKLAMASI var mı

2021-11-23 17:23:32 - [MESSAGE][PASSED] - Dinamik başlıklarda E-İRSALİYE TASARIM AÇIKLAMASI var mı

2021-11-23 17:23:32 - [TEST_STEP][PASSED] - Tasarım açıklaması alanına VirgosolOtomasyon girilir: Tasarım açıklaması alanına VirgosolOtomasyon girilir

2021-11-23 17:23:32 - [MESSAGE][PASSED] - Tasarım açıklaması alanına VirgosolOtomasyon girilir

2021-11-23 17:23:32 - [TEST_STEP][PASSED] - Oluşturulan Fatura başlığında e-İRSALİYE var mı: Oluşturulan Fatura başlığında e-İRSALİYE var mı

2021-11-23 17:23:32 - [MESSAGE][PASSED] - Oluşturulan Fatura başlığında e-İRSALİYE var mı

2021-11-23 17:23:32 - [TEST_STEP][PASSED] - Butonlardan Kaydet isimli butona tıklanır: Butonlardan Kaydet isimli butona tıklanır

2021-11-23 17:23:32 - [MESSAGE][PASSED] - Butonlardan Kaydet isimli butona tıklanır

2021-11-23 17:23:32 - [TEST_STEP][PASSED] - Popup mesajı Tasarım ön değer tasarım olarak tanımlansın mı? içeriyor mu: Popup mesajı Tasarım ön değer tasarım olarak tanımlansın mı? içeriyor mu

2021-11-23 17:23:32 - [MESSAGE][PASSED] - Popup mesajı Tasarım ön değer tasarım olarak tanımlansın mı? içeriyor mu

2021-11-23 17:23:32 - [TEST_STEP][PASSED] - Yönetim popupında Evet seçilir: Yönetim popupında Evet seçilir

2021-11-23 17:23:32 - [MESSAGE][PASSED] - Yönetim popupında Evet seçilir

2021-11-23 17:23:32 - [TEST_STEP][PASSED] - Tabloda VirgosolOtomasyon ünvanlı veri oluşturuldu mu: Tabloda VirgosolOtomasyon ünvanlı veri oluşturuldu mu

2021-11-23 17:23:32 - [MESSAGE][PASSED] - Tabloda VirgosolOtomasyon ünvanlı veri oluşturuldu mu

2021-11-23 17:23:32 - [TEST_STEP][PASSED] - Kullanıcı işlemlerinden Çıkış seçilir: Kullanıcı işlemlerinden Çıkış seçilir

2021-11-23 17:23:32 - [MESSAGE][PASSED] - Kullanıcı işlemlerinden Çıkış seçilir

2021-11-23 17:23:32 - [MESSAGE][PASSED] - Feature file: 'Include/features/Ayarlar/Gorsel Tasarimlar/Tasarim Araclari/Tasarla e-Irsaliye.feature' was passed

2021-11-23 17:23:32 - [TEST_STEP][PASSED] - Start listener action : sampleAfterTestSuite: Invoke 'com.kms.katalon.core.annotation.AfterTestCase' method: 'Listener.sampleAfterTestSuite(...)' completed.

2021-11-23 17:23:32 - [MESSAGE][INFO] - Starting invoke 'com.kms.katalon.core.annotation.AfterTestCase' method: 'Listener.sampleAfterTestSuite(...)'

2021-11-23 17:23:32 - [TEST_STEP][PASSED] - closeBrowser(): Invoke 'com.kms.katalon.core.annotation.AfterTestCase' method: 'Listener.sampleAfterTestSuite(...)' completed.

2021-11-23 17:23:32 - [MESSAGE][INFO] - Closing browser

2021-11-23 17:23:32 - [MESSAGE][PASSED] - Browser is closed

2021-11-23 17:23:32 - [MESSAGE][INFO] - Invoke 'com.kms.katalon.core.annotation.AfterTestCase' method: 'Listener.sampleAfterTestSuite(...)' completed.]]></system-out>
         <system-err><![CDATA[]]></system-err>
      </testcase>
      <testcase name="Test Cases/Case Repository/Ayarlar/Gorsel Tasarim/Tasarim Araclari/Sil" time="45.375" classname="Test Cases/Case Repository/Ayarlar/Gorsel Tasarim/Tasarim Araclari/Sil" status="PASSED">
         <system-out><![CDATA[2021-11-23 17:23:32 - [TEST_CASE][PASSED] - Test Cases/Case Repository/Ayarlar/Gorsel Tasarim/Tasarim Araclari/Sil: Test Cases/Case Repository/Ayarlar/Gorsel Tasarim/Tasarim Araclari/Sil

2021-11-23 17:23:32 - [TEST_STEP][PASSED] - Start listener action : sampleBeforeTestSuite: Invoke 'com.kms.katalon.core.annotation.BeforeTestCase' method: 'Listener.sampleBeforeTestSuite(...)' completed.

2021-11-23 17:23:32 - [MESSAGE][INFO] - Starting invoke 'com.kms.katalon.core.annotation.BeforeTestCase' method: 'Listener.sampleBeforeTestSuite(...)'

2021-11-23 17:23:32 - [TEST_STEP][PASSED] - openBrowser(baseUrl): Browser is opened with url: 'https://efatura-stage.elogo.com.tr/'

2021-11-23 17:23:32 - [MESSAGE][INFO] - Opening browser

2021-11-23 17:23:32 - [MESSAGE][INFO] - Starting 'Chrome' driver

2021-11-23 17:23:32 - [MESSAGE][INFO] - User set preference: ['prefs', '{download.default_directory=C:\otomasyondownfiles}']

2021-11-23 17:23:32 - [MESSAGE][INFO] - Action delay is set to 0 milliseconds

2021-11-23 17:23:33 - [MESSAGE][INFO] - Navigating browser to: 'https://efatura-stage.elogo.com.tr/'

2021-11-23 17:23:38 - [MESSAGE][PASSED] - Browser is opened with url: 'https://efatura-stage.elogo.com.tr/'

2021-11-23 17:23:38 - [TEST_STEP][PASSED] - maximizeWindow(): Invoke 'com.kms.katalon.core.annotation.BeforeTestCase' method: 'Listener.sampleBeforeTestSuite(...)' completed.

2021-11-23 17:23:38 - [MESSAGE][INFO] - Maximizing current window

2021-11-23 17:23:38 - [MESSAGE][PASSED] - Current window maximized

2021-11-23 17:23:38 - [MESSAGE][INFO] - Invoke 'com.kms.katalon.core.annotation.BeforeTestCase' method: 'Listener.sampleBeforeTestSuite(...)' completed.

2021-11-23 17:23:38 - [TEST_STEP][PASSED] - runFeatureFile("Include/features/Ayarlar/Gorsel Tasarimlar/Tasarim Araclari/Sil.feature"): Feature file: 'Include/features/Ayarlar/Gorsel Tasarimlar/Tasarim Araclari/Sil.feature' was passed

2021-11-23 17:23:38 - [MESSAGE][INFO] - Starting run keyword runFeatureFile: 'Include/features/Ayarlar/Gorsel Tasarimlar/Tasarim Araclari/Sil.feature' and extract report to folder: 'C:\Users\DELL\Documents\GitHub\EES_KatalonLogo\Reports\20211123_163326\Suite Repository\Ayarlar\20211123_163427/cucumber_report/1637677418400'...

2021-11-23 17:23:38 - [MESSAGE][INFO] - Glue: []

2021-11-23 17:23:40 - [MESSAGE][INFO] - Checking called Test Case

2021-11-23 17:23:40 - [MESSAGE][INFO] - Starting to call Test Case 'Test Cases/Sayfalar/Giris_Sayfasi/Login'

2021-11-23 17:23:40 - [TEST_CASE][PASSED] - Test Cases/Sayfalar/Giris_Sayfasi/Login: Test Cases/Sayfalar/Giris_Sayfasi/Login

2021-11-23 17:23:40 - [TEST_STEP][PASSED] - Sayfa_Basligi = getWindowTitle(): Current window's title is: 'LOGO e-Fatura'

2021-11-23 17:23:40 - [MESSAGE][INFO] - Getting current window's title

2021-11-23 17:23:40 - [MESSAGE][PASSED] - Current window's title is: 'LOGO e-Fatura'

2021-11-23 17:23:40 - [TEST_STEP][PASSED] - verifyMatch(Sayfa_Basligi, "LOGO e-Fatura", false): Actual text 'LOGO e-Fatura' and expected text 'LOGO e-Fatura' are matched 

2021-11-23 17:23:40 - [MESSAGE][INFO] - Matching actual text 'LOGO e-Fatura' with expected text 'LOGO e-Fatura'

2021-11-23 17:23:40 - [MESSAGE][PASSED] - Actual text 'LOGO e-Fatura' and expected text 'LOGO e-Fatura' are matched 

2021-11-23 17:23:40 - [TEST_STEP][PASSED] - sendKeys(findTestObject("Sayfalar/Giris_Sayfasi/Firma_Kodu"), KullaniciAdi): Keys 'ELOGO6' sent to object: 'Object Repository/Sayfalar/Giris_Sayfasi/Firma_Kodu'

2021-11-23 17:23:40 - [MESSAGE][INFO] - Finding Test Object 'Object Repository/Sayfalar/Giris_Sayfasi/Firma_Kodu'

2021-11-23 17:23:40 - [MESSAGE][INFO] - Sending keys 'ELOGO6' to object: 'Object Repository/Sayfalar/Giris_Sayfasi/Firma_Kodu'

2021-11-23 17:23:40 - [MESSAGE][INFO] - Finding web element from Test Object's properties

2021-11-23 17:23:40 - [MESSAGE][INFO] - Checking timeout

2021-11-23 17:23:40 - [MESSAGE][INFO] - Finding web element with id: 'Object Repository/Sayfalar/Giris_Sayfasi/Firma_Kodu' located by 'By.xpath: //*[@id = 'AccountName']' in '30' second(s)

2021-11-23 17:23:40 - [MESSAGE][INFO] - Smart Wait Function is triggered

2021-11-23 17:23:40 - [MESSAGE][INFO] - Found 1 web elements with id: 'Object Repository/Sayfalar/Giris_Sayfasi/Firma_Kodu' located by 'By.xpath: //*[@id = 'AccountName']' in '30' second(s)

2021-11-23 17:23:40 - [MESSAGE][PASSED] - Keys 'ELOGO6' sent to object: 'Object Repository/Sayfalar/Giris_Sayfasi/Firma_Kodu'

2021-11-23 17:23:40 - [TEST_STEP][PASSED] - sendKeys(findTestObject("Sayfalar/Giris_Sayfasi/Sifre"), Sifre): Keys '123456' sent to object: 'Object Repository/Sayfalar/Giris_Sayfasi/Sifre'

2021-11-23 17:23:40 - [MESSAGE][INFO] - Finding Test Object 'Object Repository/Sayfalar/Giris_Sayfasi/Sifre'

2021-11-23 17:23:40 - [MESSAGE][INFO] - Sending keys '123456' to object: 'Object Repository/Sayfalar/Giris_Sayfasi/Sifre'

2021-11-23 17:23:40 - [MESSAGE][INFO] - Finding web element from Test Object's properties

2021-11-23 17:23:40 - [MESSAGE][INFO] - Checking timeout

2021-11-23 17:23:40 - [MESSAGE][INFO] - Finding web element with id: 'Object Repository/Sayfalar/Giris_Sayfasi/Sifre' located by 'By.xpath: //*[@id = 'Password']' in '30' second(s)

2021-11-23 17:23:40 - [MESSAGE][INFO] - Smart Wait Function is triggered

2021-11-23 17:23:40 - [MESSAGE][INFO] - Found 1 web elements with id: 'Object Repository/Sayfalar/Giris_Sayfasi/Sifre' located by 'By.xpath: //*[@id = 'Password']' in '30' second(s)

2021-11-23 17:23:41 - [MESSAGE][PASSED] - Keys '123456' sent to object: 'Object Repository/Sayfalar/Giris_Sayfasi/Sifre'

2021-11-23 17:23:41 - [TEST_STEP][PASSED] - findWebElement(findTestObject("Sayfalar/Giris_Sayfasi/Giris_Butonu")).click(): Found 1 web elements with id: 'Object Repository/Sayfalar/Giris_Sayfasi/Giris_Butonu' located by 'By.cssSelector: #btnLogin' in '30' second(s)

2021-11-23 17:23:41 - [MESSAGE][INFO] - Finding Test Object 'Object Repository/Sayfalar/Giris_Sayfasi/Giris_Butonu'

2021-11-23 17:23:41 - [MESSAGE][INFO] - Finding web element from Test Object's properties

2021-11-23 17:23:41 - [MESSAGE][INFO] - Checking timeout

2021-11-23 17:23:41 - [MESSAGE][INFO] - Finding web element with id: 'Object Repository/Sayfalar/Giris_Sayfasi/Giris_Butonu' located by 'By.cssSelector: #btnLogin' in '30' second(s)

2021-11-23 17:23:41 - [MESSAGE][INFO] - Smart Wait Function is triggered

2021-11-23 17:23:41 - [MESSAGE][INFO] - Found 1 web elements with id: 'Object Repository/Sayfalar/Giris_Sayfasi/Giris_Butonu' located by 'By.cssSelector: #btnLogin' in '30' second(s)

2021-11-23 17:23:44 - [TEST_STEP][PASSED] - if (verifyElementPresent(findTestObject("Object Repository/Sayfalar/Giris_Sayfasi/RetveTamam_Butonu"), 5, OPTIONAL)): null

2021-11-23 17:23:44 - [MESSAGE][INFO] - Finding Test Object 'Object Repository/Sayfalar/Giris_Sayfasi/RetveTamam_Butonu'

2021-11-23 17:23:44 - [MESSAGE][INFO] - Checking object

2021-11-23 17:23:44 - [MESSAGE][INFO] - Finding web element from Test Object's properties

2021-11-23 17:23:44 - [MESSAGE][INFO] - Checking timeout

2021-11-23 17:23:44 - [MESSAGE][INFO] - Finding web element with id: 'Object Repository/Sayfalar/Giris_Sayfasi/RetveTamam_Butonu' located by 'By.xpath: //*[@class = 'btn btn-default']' in '5' second(s)

2021-11-23 17:23:44 - [MESSAGE][INFO] - Smart Wait Function is triggered

2021-11-23 17:23:44 - [MESSAGE][INFO] - Found 1 web elements with id: 'Object Repository/Sayfalar/Giris_Sayfasi/RetveTamam_Butonu' located by 'By.xpath: //*[@class = 'btn btn-default']' in '5' second(s)

2021-11-23 17:23:44 - [MESSAGE][PASSED] - Object 'Object Repository/Sayfalar/Giris_Sayfasi/RetveTamam_Butonu' is present

2021-11-23 17:23:44 - [TEST_STEP][PASSED] - click(findTestObject("Object Repository/Sayfalar/Giris_Sayfasi/RetveTamam_Butonu")): Object: 'Object Repository/Sayfalar/Giris_Sayfasi/RetveTamam_Butonu' is clicked on

2021-11-23 17:23:44 - [MESSAGE][INFO] - Finding Test Object 'Object Repository/Sayfalar/Giris_Sayfasi/RetveTamam_Butonu'

2021-11-23 17:23:44 - [MESSAGE][INFO] - Checking object

2021-11-23 17:23:44 - [MESSAGE][INFO] - Finding web element from Test Object's properties

2021-11-23 17:23:44 - [MESSAGE][INFO] - Checking timeout

2021-11-23 17:23:44 - [MESSAGE][INFO] - Finding web element with id: 'Object Repository/Sayfalar/Giris_Sayfasi/RetveTamam_Butonu' located by 'By.xpath: //*[@class = 'btn btn-default']' in '30' second(s)

2021-11-23 17:23:44 - [MESSAGE][INFO] - Smart Wait Function is triggered

2021-11-23 17:23:45 - [MESSAGE][INFO] - Found 1 web elements with id: 'Object Repository/Sayfalar/Giris_Sayfasi/RetveTamam_Butonu' located by 'By.xpath: //*[@class = 'btn btn-default']' in '30' second(s)

2021-11-23 17:23:45 - [MESSAGE][INFO] - Clicking on object: 'Object Repository/Sayfalar/Giris_Sayfasi/RetveTamam_Butonu'

2021-11-23 17:23:45 - [MESSAGE][PASSED] - Object: 'Object Repository/Sayfalar/Giris_Sayfasi/RetveTamam_Butonu' is clicked on

2021-11-23 17:23:45 - [TEST_STEP][PASSED] - click(findTestObject("Object Repository/Sayfalar/Giris_Sayfasi/RetveTamam_Butonu")): Object: 'Object Repository/Sayfalar/Giris_Sayfasi/RetveTamam_Butonu' is clicked on

2021-11-23 17:23:45 - [MESSAGE][INFO] - Finding Test Object 'Object Repository/Sayfalar/Giris_Sayfasi/RetveTamam_Butonu'

2021-11-23 17:23:45 - [MESSAGE][INFO] - Checking object

2021-11-23 17:23:45 - [MESSAGE][INFO] - Finding web element from Test Object's properties

2021-11-23 17:23:45 - [MESSAGE][INFO] - Checking timeout

2021-11-23 17:23:45 - [MESSAGE][INFO] - Finding web element with id: 'Object Repository/Sayfalar/Giris_Sayfasi/RetveTamam_Butonu' located by 'By.xpath: //*[@class = 'btn btn-default']' in '30' second(s)

2021-11-23 17:23:45 - [MESSAGE][INFO] - Smart Wait Function is triggered

2021-11-23 17:23:48 - [MESSAGE][INFO] - Found 1 web elements with id: 'Object Repository/Sayfalar/Giris_Sayfasi/RetveTamam_Butonu' located by 'By.xpath: //*[@class = 'btn btn-default']' in '30' second(s)

2021-11-23 17:23:48 - [MESSAGE][INFO] - Clicking on object: 'Object Repository/Sayfalar/Giris_Sayfasi/RetveTamam_Butonu'

2021-11-23 17:23:48 - [MESSAGE][PASSED] - Object: 'Object Repository/Sayfalar/Giris_Sayfasi/RetveTamam_Butonu' is clicked on

2021-11-23 17:23:48 - [TEST_STEP][PASSED] - if (verifyElementPresent(findTestObject("Sayfalar/Giris_Sayfasi/PopupOK"), 5, OPTIONAL)): null

2021-11-23 17:23:48 - [MESSAGE][INFO] - Finding Test Object 'Object Repository/Sayfalar/Giris_Sayfasi/PopupOK'

2021-11-23 17:23:48 - [MESSAGE][INFO] - Checking object

2021-11-23 17:23:48 - [MESSAGE][INFO] - Finding web element from Test Object's properties

2021-11-23 17:23:48 - [MESSAGE][INFO] - Checking timeout

2021-11-23 17:23:48 - [MESSAGE][INFO] - Finding web element with id: 'Object Repository/Sayfalar/Giris_Sayfasi/PopupOK' located by 'By.cssSelector: .btn.btn-success' in '5' second(s)

2021-11-23 17:23:48 - [MESSAGE][INFO] - Smart Wait Function is triggered

2021-11-23 17:23:48 - [MESSAGE][INFO] - Found 1 web elements with id: 'Object Repository/Sayfalar/Giris_Sayfasi/PopupOK' located by 'By.cssSelector: .btn.btn-success' in '5' second(s)

2021-11-23 17:23:48 - [MESSAGE][PASSED] - Object 'Object Repository/Sayfalar/Giris_Sayfasi/PopupOK' is present

2021-11-23 17:23:48 - [TEST_STEP][PASSED] - click(findTestObject("Object Repository/Sayfalar/Giris_Sayfasi/PopupCarpiGiris")): Object: 'Object Repository/Sayfalar/Giris_Sayfasi/PopupCarpiGiris' is clicked on

2021-11-23 17:23:48 - [MESSAGE][INFO] - Finding Test Object 'Object Repository/Sayfalar/Giris_Sayfasi/PopupCarpiGiris'

2021-11-23 17:23:48 - [MESSAGE][INFO] - Checking object

2021-11-23 17:23:48 - [MESSAGE][INFO] - Finding web element from Test Object's properties

2021-11-23 17:23:48 - [MESSAGE][INFO] - Checking timeout

2021-11-23 17:23:48 - [MESSAGE][INFO] - Finding web element with id: 'Object Repository/Sayfalar/Giris_Sayfasi/PopupCarpiGiris' located by 'By.cssSelector: .bootbox-close-button.close' in '30' second(s)

2021-11-23 17:23:48 - [MESSAGE][INFO] - Smart Wait Function is triggered

2021-11-23 17:23:48 - [MESSAGE][INFO] - Found 1 web elements with id: 'Object Repository/Sayfalar/Giris_Sayfasi/PopupCarpiGiris' located by 'By.cssSelector: .bootbox-close-button.close' in '30' second(s)

2021-11-23 17:23:48 - [MESSAGE][INFO] - Clicking on object: 'Object Repository/Sayfalar/Giris_Sayfasi/PopupCarpiGiris'

2021-11-23 17:23:48 - [MESSAGE][PASSED] - Object: 'Object Repository/Sayfalar/Giris_Sayfasi/PopupCarpiGiris' is clicked on

2021-11-23 17:23:48 - [TEST_STEP][PASSED] - verifyElementVisible(findTestObject("Object Repository/Kullanici_Islemleri/KullaniciIslemleri")): Object 'Object Repository/Kullanici_Islemleri/KullaniciIslemleri' is visible

2021-11-23 17:23:48 - [MESSAGE][INFO] - Finding Test Object 'Object Repository/Kullanici_Islemleri/KullaniciIslemleri'

2021-11-23 17:23:49 - [MESSAGE][INFO] - Checking object

2021-11-23 17:23:49 - [MESSAGE][INFO] - Finding web element from Test Object's properties

2021-11-23 17:23:49 - [MESSAGE][INFO] - Checking timeout

2021-11-23 17:23:49 - [MESSAGE][INFO] - Finding web element with id: 'Object Repository/Kullanici_Islemleri/KullaniciIslemleri' located by 'By.cssSelector: .dropdown>a>img' in '30' second(s)

2021-11-23 17:23:49 - [MESSAGE][INFO] - Smart Wait Function is triggered

2021-11-23 17:23:49 - [MESSAGE][INFO] - Found 1 web elements with id: 'Object Repository/Kullanici_Islemleri/KullaniciIslemleri' located by 'By.cssSelector: .dropdown>a>img' in '30' second(s)

2021-11-23 17:23:49 - [MESSAGE][PASSED] - Object 'Object Repository/Kullanici_Islemleri/KullaniciIslemleri' is visible

2021-11-23 17:23:49 - [MESSAGE][PASSED] - Call Test Case 'Test Cases/Sayfalar/Giris_Sayfasi/Login' successfully

2021-11-23 17:23:49 - [MESSAGE][INFO] - Checking called Test Case

2021-11-23 17:23:49 - [MESSAGE][INFO] - Starting to call Test Case 'Test Cases/Menu/AnaMenuSecimi'

2021-11-23 17:23:49 - [TEST_CASE][PASSED] - Test Cases/Menu/AnaMenuSecimi: Test Cases/Menu/AnaMenuSecimi

2021-11-23 17:23:49 - [TEST_STEP][PASSED] - Method.TextDegerineEsitElementeTikla(findTestObject("Menu/Ana_Menu"), Ana_Menu): Method.TextDegerineEsitElementeTikla is PASSED

2021-11-23 17:23:49 - [MESSAGE][INFO] - Finding Test Object 'Object Repository/Menu/Ana_Menu'

2021-11-23 17:23:49 - [MESSAGE][INFO] - Checking timeout

2021-11-23 17:23:49 - [MESSAGE][INFO] - Finding web element with id: 'Object Repository/Menu/Ana_Menu' located by 'By.xpath: //*[@class = 'dropdown-toggle']' in '10' second(s)

2021-11-23 17:23:49 - [MESSAGE][INFO] - Smart Wait Function is triggered

2021-11-23 17:23:50 - [MESSAGE][INFO] - Found 14 web elements with id: 'Object Repository/Menu/Ana_Menu' located by 'By.xpath: //*[@class = 'dropdown-toggle']' in '10' second(s)

2021-11-23 17:23:50 - [MESSAGE][PASSED] - Method.TextDegerineEsitElementeTikla is PASSED

2021-11-23 17:23:50 - [MESSAGE][PASSED] - Call Test Case 'Test Cases/Menu/AnaMenuSecimi' successfully

2021-11-23 17:23:50 - [MESSAGE][INFO] - Checking called Test Case

2021-11-23 17:23:50 - [MESSAGE][INFO] - Starting to call Test Case 'Test Cases/Menu/BasligaGoreAltMenuSecimi'

2021-11-23 17:23:50 - [TEST_CASE][PASSED] - Test Cases/Menu/BasligaGoreAltMenuSecimi: Test Cases/Menu/BasligaGoreAltMenuSecimi

2021-11-23 17:23:50 - [TEST_STEP][PASSED] - Method.TextDegerineEsitElementinAltindakiTextDegerineEsitOlanaTikla(findTestObject("Menu/Menu_Basligi"), findTestObject("Menu/Basliga_Gore_Alt_Menu"), Baslik, Alt_Menu): Method.TextDegerineEsitElementinAltindakiTextDegerineEsitOlanaTikla is PASSED

2021-11-23 17:23:50 - [MESSAGE][INFO] - Finding Test Object 'Object Repository/Menu/Menu_Basligi'

2021-11-23 17:23:50 - [MESSAGE][INFO] - Finding Test Object 'Object Repository/Menu/Basliga_Gore_Alt_Menu'

2021-11-23 17:23:50 - [MESSAGE][INFO] - Checking timeout

2021-11-23 17:23:50 - [MESSAGE][INFO] - Finding web element with id: 'Object Repository/Menu/Menu_Basligi' located by 'By.xpath: //li[@class='dropdown dropdown-large open']//li[@class='dropdown-header']' in '10' second(s)

2021-11-23 17:23:50 - [MESSAGE][INFO] - Smart Wait Function is triggered

2021-11-23 17:23:50 - [MESSAGE][INFO] - Found 2 web elements with id: 'Object Repository/Menu/Menu_Basligi' located by 'By.xpath: //li[@class='dropdown dropdown-large open']//li[@class='dropdown-header']' in '10' second(s)

2021-11-23 17:23:50 - [MESSAGE][INFO] - Smart Wait Function is triggered

2021-11-23 17:24:03 - [MESSAGE][PASSED] - Method.TextDegerineEsitElementinAltindakiTextDegerineEsitOlanaTikla is PASSED

2021-11-23 17:24:03 - [MESSAGE][PASSED] - Call Test Case 'Test Cases/Menu/BasligaGoreAltMenuSecimi' successfully

2021-11-23 17:24:03 - [MESSAGE][INFO] - Checking called Test Case

2021-11-23 17:24:03 - [MESSAGE][INFO] - Starting to call Test Case 'Test Cases/Filtreler/BaslangicYaz'

2021-11-23 17:24:03 - [TEST_CASE][PASSED] - Test Cases/Filtreler/BaslangicYaz: Test Cases/Filtreler/BaslangicYaz

2021-11-23 17:24:03 - [TEST_STEP][PASSED] - delay(3): Delayed 3 second(s)

2021-11-23 17:24:03 - [MESSAGE][INFO] - Delaying browser in 3 second(s)

2021-11-23 17:24:06 - [MESSAGE][PASSED] - Delayed 3 second(s)

2021-11-23 17:24:06 - [TEST_STEP][PASSED] - Method.TextDegerineEsitElementinAltindakineTikla(findTestObject("Filtreler/Basliklar"), findTestObject("Filtreler/Basliga_Gore_Baslangic_Image"), Filtre_Adi): Method.TextDegerineEsitElementinAltindakineTikla is PASSED

2021-11-23 17:24:06 - [MESSAGE][INFO] - Finding Test Object 'Object Repository/Filtreler/Basliklar'

2021-11-23 17:24:06 - [MESSAGE][INFO] - Finding Test Object 'Object Repository/Filtreler/Basliga_Gore_Baslangic_Image'

2021-11-23 17:24:06 - [MESSAGE][INFO] - Checking timeout

2021-11-23 17:24:06 - [MESSAGE][INFO] - Finding web element with id: 'Object Repository/Filtreler/Basliklar' located by 'By.cssSelector: .control-label.col-sm-4.paddingMarginRLC' in '10' second(s)

2021-11-23 17:24:06 - [MESSAGE][INFO] - Smart Wait Function is triggered

2021-11-23 17:24:06 - [MESSAGE][INFO] - Found 7 web elements with id: 'Object Repository/Filtreler/Basliklar' located by 'By.cssSelector: .control-label.col-sm-4.paddingMarginRLC' in '10' second(s)

2021-11-23 17:24:06 - [MESSAGE][INFO] - Smart Wait Function is triggered

2021-11-23 17:24:07 - [MESSAGE][PASSED] - Method.TextDegerineEsitElementinAltindakineTikla is PASSED

2021-11-23 17:24:07 - [TEST_STEP][PASSED] - Method.TextDegerineEsitElementinAltindakiTextboxtaYaz(findTestObject("Filtreler/Basliklar"), findTestObject("Filtreler/Basliga_Gore_Baslangic"), Filtre_Adi, Filtre_Degeri): Method.TextDegerineEsitElementinAltindakiTextboxtaYaz is PASSED

2021-11-23 17:24:07 - [MESSAGE][INFO] - Finding Test Object 'Object Repository/Filtreler/Basliklar'

2021-11-23 17:24:07 - [MESSAGE][INFO] - Finding Test Object 'Object Repository/Filtreler/Basliga_Gore_Baslangic'

2021-11-23 17:24:07 - [MESSAGE][INFO] - Checking timeout

2021-11-23 17:24:07 - [MESSAGE][INFO] - Finding web element with id: 'Object Repository/Filtreler/Basliklar' located by 'By.cssSelector: .control-label.col-sm-4.paddingMarginRLC' in '10' second(s)

2021-11-23 17:24:07 - [MESSAGE][INFO] - Smart Wait Function is triggered

2021-11-23 17:24:07 - [MESSAGE][INFO] - Found 7 web elements with id: 'Object Repository/Filtreler/Basliklar' located by 'By.cssSelector: .control-label.col-sm-4.paddingMarginRLC' in '10' second(s)

2021-11-23 17:24:07 - [MESSAGE][INFO] - Smart Wait Function is triggered

2021-11-23 17:24:08 - [MESSAGE][PASSED] - Method.TextDegerineEsitElementinAltindakiTextboxtaYaz is PASSED

2021-11-23 17:24:08 - [MESSAGE][PASSED] - Call Test Case 'Test Cases/Filtreler/BaslangicYaz' successfully

2021-11-23 17:24:08 - [MESSAGE][INFO] - Checking called Test Case

2021-11-23 17:24:08 - [MESSAGE][INFO] - Starting to call Test Case 'Test Cases/Filtreler/BitisYaz'

2021-11-23 17:24:08 - [TEST_CASE][PASSED] - Test Cases/Filtreler/BitisYaz: Test Cases/Filtreler/BitisYaz

2021-11-23 17:24:08 - [TEST_STEP][PASSED] - Method.TextDegerineEsitElementinAltindakineTikla(findTestObject("Filtreler/Basliklar"), findTestObject("Filtreler/Basliga_Gore_Bitis_Image"), Filtre_Adi): Method.TextDegerineEsitElementinAltindakineTikla is PASSED

2021-11-23 17:24:08 - [MESSAGE][INFO] - Finding Test Object 'Object Repository/Filtreler/Basliklar'

2021-11-23 17:24:08 - [MESSAGE][INFO] - Finding Test Object 'Object Repository/Filtreler/Basliga_Gore_Bitis_Image'

2021-11-23 17:24:08 - [MESSAGE][INFO] - Checking timeout

2021-11-23 17:24:08 - [MESSAGE][INFO] - Finding web element with id: 'Object Repository/Filtreler/Basliklar' located by 'By.cssSelector: .control-label.col-sm-4.paddingMarginRLC' in '10' second(s)

2021-11-23 17:24:08 - [MESSAGE][INFO] - Smart Wait Function is triggered

2021-11-23 17:24:08 - [MESSAGE][INFO] - Found 7 web elements with id: 'Object Repository/Filtreler/Basliklar' located by 'By.cssSelector: .control-label.col-sm-4.paddingMarginRLC' in '10' second(s)

2021-11-23 17:24:08 - [MESSAGE][INFO] - Smart Wait Function is triggered

2021-11-23 17:24:08 - [MESSAGE][PASSED] - Method.TextDegerineEsitElementinAltindakineTikla is PASSED

2021-11-23 17:24:08 - [TEST_STEP][PASSED] - Method.TextDegerineEsitElementinAltindakiTextboxtaYaz(findTestObject("Filtreler/Basliklar"), findTestObject("Object Repository/Filtreler/Basliga_Gore_Bitis"), Filtre_Adi, Filtre_Degeri): Method.TextDegerineEsitElementinAltindakiTextboxtaYaz is PASSED

2021-11-23 17:24:08 - [MESSAGE][INFO] - Finding Test Object 'Object Repository/Filtreler/Basliklar'

2021-11-23 17:24:09 - [MESSAGE][INFO] - Finding Test Object 'Object Repository/Filtreler/Basliga_Gore_Bitis'

2021-11-23 17:24:09 - [MESSAGE][INFO] - Checking timeout

2021-11-23 17:24:09 - [MESSAGE][INFO] - Finding web element with id: 'Object Repository/Filtreler/Basliklar' located by 'By.cssSelector: .control-label.col-sm-4.paddingMarginRLC' in '10' second(s)

2021-11-23 17:24:09 - [MESSAGE][INFO] - Smart Wait Function is triggered

2021-11-23 17:24:09 - [MESSAGE][INFO] - Found 7 web elements with id: 'Object Repository/Filtreler/Basliklar' located by 'By.cssSelector: .control-label.col-sm-4.paddingMarginRLC' in '10' second(s)

2021-11-23 17:24:09 - [MESSAGE][INFO] - Smart Wait Function is triggered

2021-11-23 17:24:10 - [MESSAGE][PASSED] - Method.TextDegerineEsitElementinAltindakiTextboxtaYaz is PASSED

2021-11-23 17:24:10 - [MESSAGE][PASSED] - Call Test Case 'Test Cases/Filtreler/BitisYaz' successfully

2021-11-23 17:24:10 - [MESSAGE][INFO] - Checking called Test Case

2021-11-23 17:24:10 - [MESSAGE][INFO] - Starting to call Test Case 'Test Cases/Filtreler/ButonaTikla'

2021-11-23 17:24:10 - [TEST_CASE][PASSED] - Test Cases/Filtreler/ButonaTikla: Test Cases/Filtreler/ButonaTikla

2021-11-23 17:24:10 - [TEST_STEP][PASSED] - Method.TextDegerineEsitElementeTikla(findTestObject("Filtreler/Butonlar"), Filtre_Buton): Method.TextDegerineEsitElementeTikla is PASSED

2021-11-23 17:24:10 - [MESSAGE][INFO] - Finding Test Object 'Object Repository/Filtreler/Butonlar'

2021-11-23 17:24:10 - [MESSAGE][INFO] - Checking timeout

2021-11-23 17:24:10 - [MESSAGE][INFO] - Finding web element with id: 'Object Repository/Filtreler/Butonlar' located by 'By.cssSelector: .dxb>span' in '10' second(s)

2021-11-23 17:24:10 - [MESSAGE][INFO] - Smart Wait Function is triggered

2021-11-23 17:24:10 - [MESSAGE][INFO] - Found 2 web elements with id: 'Object Repository/Filtreler/Butonlar' located by 'By.cssSelector: .dxb>span' in '10' second(s)

2021-11-23 17:24:10 - [MESSAGE][PASSED] - Method.TextDegerineEsitElementeTikla is PASSED

2021-11-23 17:24:10 - [MESSAGE][PASSED] - Call Test Case 'Test Cases/Filtreler/ButonaTikla' successfully

2021-11-23 17:24:10 - [MESSAGE][INFO] - Checking called Test Case

2021-11-23 17:24:10 - [MESSAGE][INFO] - Starting to call Test Case 'Test Cases/Tablo/TablodaVeriVarMi'

2021-11-23 17:24:10 - [TEST_CASE][PASSED] - Test Cases/Tablo/TablodaVeriVarMi: Test Cases/Tablo/TablodaVeriVarMi

2021-11-23 17:24:10 - [TEST_STEP][PASSED] - verifyTextNotPresent("Görüntülenecek veri yok", true): Text 'Görüntülenecek veri yok' is not present on page using regular expression

2021-11-23 17:24:10 - [MESSAGE][INFO] - Checking text present  using regular expression

2021-11-23 17:24:10 - [MESSAGE][INFO] - Smart Wait Function is triggered

2021-11-23 17:24:11 - [MESSAGE][INFO] - Finding text 'Görüntülenecek veri yok' on page  using regular expression

2021-11-23 17:24:11 - [MESSAGE][PASSED] - Text 'Görüntülenecek veri yok' is not present on page using regular expression

2021-11-23 17:24:11 - [MESSAGE][PASSED] - Call Test Case 'Test Cases/Tablo/TablodaVeriVarMi' successfully

2021-11-23 17:24:11 - [MESSAGE][INFO] - Checking called Test Case

2021-11-23 17:24:11 - [MESSAGE][INFO] - Starting to call Test Case 'Test Cases/Tablo/TablodanVeriyeTiklanir'

2021-11-23 17:24:11 - [TEST_CASE][PASSED] - Test Cases/Tablo/TablodanVeriyeTiklanir: Test Cases/Tablo/TablodanVeriyeTiklanir

2021-11-23 17:24:11 - [TEST_STEP][PASSED] - Method.TextDegerineEsitElementeTikla(findTestObject("Tablo/Veriler"), VeriAdi): Method.TextDegerineEsitElementeTikla is PASSED

2021-11-23 17:24:11 - [MESSAGE][INFO] - Finding Test Object 'Object Repository/Tablo/Veriler'

2021-11-23 17:24:11 - [MESSAGE][INFO] - Checking timeout

2021-11-23 17:24:11 - [MESSAGE][INFO] - Finding web element with id: 'Object Repository/Tablo/Veriler' located by 'By.cssSelector: td.dxgv b ,td.dxgv' in '10' second(s)

2021-11-23 17:24:11 - [MESSAGE][INFO] - Smart Wait Function is triggered

2021-11-23 17:24:11 - [MESSAGE][INFO] - Found 8 web elements with id: 'Object Repository/Tablo/Veriler' located by 'By.cssSelector: td.dxgv b ,td.dxgv' in '10' second(s)

2021-11-23 17:24:11 - [MESSAGE][PASSED] - Method.TextDegerineEsitElementeTikla is PASSED

2021-11-23 17:24:11 - [MESSAGE][PASSED] - Call Test Case 'Test Cases/Tablo/TablodanVeriyeTiklanir' successfully

2021-11-23 17:24:11 - [MESSAGE][INFO] - Checking called Test Case

2021-11-23 17:24:11 - [MESSAGE][INFO] - Starting to call Test Case 'Test Cases/Butonlar/ButonaTikla'

2021-11-23 17:24:11 - [TEST_CASE][PASSED] - Test Cases/Butonlar/ButonaTikla: Test Cases/Butonlar/ButonaTikla

2021-11-23 17:24:11 - [TEST_STEP][PASSED] - Method.TextDegerineEsitElementeTiklaEquals(findTestObject("Butonlar/Butonlar"), Buton_Adi): Method.TextDegerineEsitElementeTiklaEquals is PASSED

2021-11-23 17:24:11 - [MESSAGE][INFO] - Finding Test Object 'Object Repository/Butonlar/Butonlar'

2021-11-23 17:24:11 - [MESSAGE][INFO] - Checking timeout

2021-11-23 17:24:11 - [MESSAGE][INFO] - Finding web element with id: 'Object Repository/Butonlar/Butonlar' located by 'By.cssSelector: .panel.panel-default.text-center.footerPanel .btn,.btn.btn-primary.btnControls' in '10' second(s)

2021-11-23 17:24:11 - [MESSAGE][INFO] - Smart Wait Function is triggered

2021-11-23 17:24:12 - [MESSAGE][INFO] - Found 7 web elements with id: 'Object Repository/Butonlar/Butonlar' located by 'By.cssSelector: .panel.panel-default.text-center.footerPanel .btn,.btn.btn-primary.btnControls' in '10' second(s)

2021-11-23 17:24:12 - [MESSAGE][PASSED] - Method.TextDegerineEsitElementeTiklaEquals is PASSED

2021-11-23 17:24:12 - [MESSAGE][PASSED] - Call Test Case 'Test Cases/Butonlar/ButonaTikla' successfully

2021-11-23 17:24:12 - [MESSAGE][INFO] - Checking called Test Case

2021-11-23 17:24:12 - [MESSAGE][INFO] - Starting to call Test Case 'Test Cases/Popup/PopupMesajiIceriyorMu'

2021-11-23 17:24:12 - [TEST_CASE][PASSED] - Test Cases/Popup/PopupMesajiIceriyorMu: Test Cases/Popup/PopupMesajiIceriyorMu

2021-11-23 17:24:12 - [TEST_STEP][PASSED] - waitForElementVisible(findTestObject("Popup/Popup"), 10): Object 'Object Repository/Popup/Popup' is visible

2021-11-23 17:24:12 - [MESSAGE][INFO] - Finding Test Object 'Object Repository/Popup/Popup'

2021-11-23 17:24:12 - [MESSAGE][INFO] - Checking object

2021-11-23 17:24:12 - [MESSAGE][INFO] - Checking timeout

2021-11-23 17:24:12 - [MESSAGE][INFO] - Finding web element from Test Object's properties

2021-11-23 17:24:12 - [MESSAGE][INFO] - Checking timeout

2021-11-23 17:24:12 - [MESSAGE][INFO] - Finding web element with id: 'Object Repository/Popup/Popup' located by 'By.cssSelector: .bootbox-body' in '10' second(s)

2021-11-23 17:24:12 - [MESSAGE][INFO] - Smart Wait Function is triggered

2021-11-23 17:24:13 - [MESSAGE][INFO] - Found 1 web elements with id: 'Object Repository/Popup/Popup' located by 'By.cssSelector: .bootbox-body' in '10' second(s)

2021-11-23 17:24:13 - [MESSAGE][PASSED] - Object 'Object Repository/Popup/Popup' is visible

2021-11-23 17:24:13 - [TEST_STEP][PASSED] - if (!(getText(findTestObject("Popup/Popup")).contains(Mesaj))): Text of object 'Object Repository/Popup/Popup' is: 'Seçilen tasarım silinecektir, Onaylıyor musunuz ?'

2021-11-23 17:24:13 - [MESSAGE][INFO] - Finding Test Object 'Object Repository/Popup/Popup'

2021-11-23 17:24:13 - [MESSAGE][INFO] - Checking object

2021-11-23 17:24:13 - [MESSAGE][INFO] - Finding web element from Test Object's properties

2021-11-23 17:24:13 - [MESSAGE][INFO] - Checking timeout

2021-11-23 17:24:13 - [MESSAGE][INFO] - Finding web element with id: 'Object Repository/Popup/Popup' located by 'By.cssSelector: .bootbox-body' in '30' second(s)

2021-11-23 17:24:13 - [MESSAGE][INFO] - Smart Wait Function is triggered

2021-11-23 17:24:13 - [MESSAGE][INFO] - Found 1 web elements with id: 'Object Repository/Popup/Popup' located by 'By.cssSelector: .bootbox-body' in '30' second(s)

2021-11-23 17:24:13 - [MESSAGE][INFO] - Getting text of object 'Object Repository/Popup/Popup'

2021-11-23 17:24:13 - [MESSAGE][PASSED] - Text of object 'Object Repository/Popup/Popup' is: 'Seçilen tasarım silinecektir, Onaylıyor musunuz ?'

2021-11-23 17:24:13 - [TEST_STEP][PASSED] - RaporNo = getText(findTestObject("Popup/Popup")).substring(0, 6): Text of object 'Object Repository/Popup/Popup' is: 'Seçilen tasarım silinecektir, Onaylıyor musunuz ?'

2021-11-23 17:24:13 - [MESSAGE][INFO] - Finding Test Object 'Object Repository/Popup/Popup'

2021-11-23 17:24:13 - [MESSAGE][INFO] - Checking object

2021-11-23 17:24:13 - [MESSAGE][INFO] - Finding web element from Test Object's properties

2021-11-23 17:24:13 - [MESSAGE][INFO] - Checking timeout

2021-11-23 17:24:13 - [MESSAGE][INFO] - Finding web element with id: 'Object Repository/Popup/Popup' located by 'By.cssSelector: .bootbox-body' in '30' second(s)

2021-11-23 17:24:13 - [MESSAGE][INFO] - Smart Wait Function is triggered

2021-11-23 17:24:13 - [MESSAGE][INFO] - Found 1 web elements with id: 'Object Repository/Popup/Popup' located by 'By.cssSelector: .bootbox-body' in '30' second(s)

2021-11-23 17:24:13 - [MESSAGE][INFO] - Getting text of object 'Object Repository/Popup/Popup'

2021-11-23 17:24:13 - [MESSAGE][PASSED] - Text of object 'Object Repository/Popup/Popup' is: 'Seçilen tasarım silinecektir, Onaylıyor musunuz ?'

2021-11-23 17:24:13 - [TEST_STEP][PASSED] - Console.println(RaporNo): null

2021-11-23 17:24:13 - [MESSAGE][PASSED] - Call Test Case 'Test Cases/Popup/PopupMesajiIceriyorMu' successfully

2021-11-23 17:24:13 - [MESSAGE][INFO] - Checking called Test Case

2021-11-23 17:24:13 - [MESSAGE][INFO] - Starting to call Test Case 'Test Cases/Popup/PopupButonSecilir'

2021-11-23 17:24:14 - [TEST_CASE][PASSED] - Test Cases/Popup/PopupButonSecilir: Test Cases/Popup/PopupButonSecilir

2021-11-23 17:24:14 - [TEST_STEP][PASSED] - Method.TextDegerineEsitElementeTikla(findTestObject("Popup/Popup_Butons"), Buton): Method.TextDegerineEsitElementeTikla is PASSED

2021-11-23 17:24:14 - [MESSAGE][INFO] - Finding Test Object 'Object Repository/Popup/Popup_Butons'

2021-11-23 17:24:14 - [MESSAGE][INFO] - Checking timeout

2021-11-23 17:24:14 - [MESSAGE][INFO] - Finding web element with id: 'Object Repository/Popup/Popup_Butons' located by 'By.cssSelector: .modal-footer>button' in '10' second(s)

2021-11-23 17:24:14 - [MESSAGE][INFO] - Smart Wait Function is triggered

2021-11-23 17:24:14 - [MESSAGE][INFO] - Found 2 web elements with id: 'Object Repository/Popup/Popup_Butons' located by 'By.cssSelector: .modal-footer>button' in '10' second(s)

2021-11-23 17:24:14 - [MESSAGE][PASSED] - Method.TextDegerineEsitElementeTikla is PASSED

2021-11-23 17:24:14 - [MESSAGE][PASSED] - Call Test Case 'Test Cases/Popup/PopupButonSecilir' successfully

2021-11-23 17:24:14 - [MESSAGE][INFO] - Checking called Test Case

2021-11-23 17:24:14 - [MESSAGE][INFO] - Starting to call Test Case 'Test Cases/Kullanici_Islemleri/KullaniciIslemlerindenSecimYapilir'

2021-11-23 17:24:14 - [TEST_CASE][PASSED] - Test Cases/Kullanici_Islemleri/KullaniciIslemlerindenSecimYapilir: Test Cases/Kullanici_Islemleri/KullaniciIslemlerindenSecimYapilir

2021-11-23 17:24:14 - [TEST_STEP][PASSED] - waitForElementClickable(findTestObject("Object Repository/Kullanici_Islemleri/KullaniciIslemleri"), 10): Object 'Object Repository/Kullanici_Islemleri/KullaniciIslemleri' is clickable

2021-11-23 17:24:14 - [MESSAGE][INFO] - Finding Test Object 'Object Repository/Kullanici_Islemleri/KullaniciIslemleri'

2021-11-23 17:24:14 - [MESSAGE][INFO] - Checking object

2021-11-23 17:24:14 - [MESSAGE][INFO] - Checking timeout

2021-11-23 17:24:14 - [MESSAGE][INFO] - Finding web element from Test Object's properties

2021-11-23 17:24:14 - [MESSAGE][INFO] - Checking timeout

2021-11-23 17:24:14 - [MESSAGE][INFO] - Finding web element with id: 'Object Repository/Kullanici_Islemleri/KullaniciIslemleri' located by 'By.cssSelector: .dropdown>a>img' in '10' second(s)

2021-11-23 17:24:14 - [MESSAGE][INFO] - Smart Wait Function is triggered

2021-11-23 17:24:15 - [MESSAGE][INFO] - Found 1 web elements with id: 'Object Repository/Kullanici_Islemleri/KullaniciIslemleri' located by 'By.cssSelector: .dropdown>a>img' in '10' second(s)

2021-11-23 17:24:15 - [MESSAGE][PASSED] - Object 'Object Repository/Kullanici_Islemleri/KullaniciIslemleri' is clickable

2021-11-23 17:24:15 - [TEST_STEP][PASSED] - click(findTestObject("Object Repository/Kullanici_Islemleri/KullaniciIslemleri")): Object: 'Object Repository/Kullanici_Islemleri/KullaniciIslemleri' is clicked on

2021-11-23 17:24:15 - [MESSAGE][INFO] - Finding Test Object 'Object Repository/Kullanici_Islemleri/KullaniciIslemleri'

2021-11-23 17:24:15 - [MESSAGE][INFO] - Checking object

2021-11-23 17:24:15 - [MESSAGE][INFO] - Finding web element from Test Object's properties

2021-11-23 17:24:15 - [MESSAGE][INFO] - Checking timeout

2021-11-23 17:24:15 - [MESSAGE][INFO] - Finding web element with id: 'Object Repository/Kullanici_Islemleri/KullaniciIslemleri' located by 'By.cssSelector: .dropdown>a>img' in '30' second(s)

2021-11-23 17:24:15 - [MESSAGE][INFO] - Smart Wait Function is triggered

2021-11-23 17:24:15 - [MESSAGE][INFO] - Found 1 web elements with id: 'Object Repository/Kullanici_Islemleri/KullaniciIslemleri' located by 'By.cssSelector: .dropdown>a>img' in '30' second(s)

2021-11-23 17:24:15 - [MESSAGE][INFO] - Clicking on object: 'Object Repository/Kullanici_Islemleri/KullaniciIslemleri'

2021-11-23 17:24:15 - [MESSAGE][PASSED] - Object: 'Object Repository/Kullanici_Islemleri/KullaniciIslemleri' is clicked on

2021-11-23 17:24:15 - [TEST_STEP][PASSED] - Method.TextDegerineEsitElementeTikla(findTestObject("Object Repository/Kullanici_Islemleri/Secenekler"), Islem): Method.TextDegerineEsitElementeTikla is PASSED

2021-11-23 17:24:15 - [MESSAGE][INFO] - Finding Test Object 'Object Repository/Kullanici_Islemleri/Secenekler'

2021-11-23 17:24:15 - [MESSAGE][INFO] - Checking timeout

2021-11-23 17:24:15 - [MESSAGE][INFO] - Finding web element with id: 'Object Repository/Kullanici_Islemleri/Secenekler' located by 'By.cssSelector: .nav.navbar-nav.navbar-right li a' in '10' second(s)

2021-11-23 17:24:15 - [MESSAGE][INFO] - Smart Wait Function is triggered

2021-11-23 17:24:15 - [MESSAGE][INFO] - Found 22 web elements with id: 'Object Repository/Kullanici_Islemleri/Secenekler' located by 'By.cssSelector: .nav.navbar-nav.navbar-right li a' in '10' second(s)

2021-11-23 17:24:16 - [MESSAGE][PASSED] - Method.TextDegerineEsitElementeTikla is PASSED

2021-11-23 17:24:16 - [TEST_STEP][PASSED] - verifyElementNotPresent(findTestObject("Object Repository/Kullanici_Islemleri/Secenekler"), 10): Web element with id: 'Object Repository/Kullanici_Islemleri/Secenekler' located by 'By.cssSelector: .nav.navbar-nav.navbar-right li a' is not present after '10' second(s)

2021-11-23 17:24:16 - [MESSAGE][INFO] - Finding Test Object 'Object Repository/Kullanici_Islemleri/Secenekler'

2021-11-23 17:24:17 - [MESSAGE][INFO] - Checking object

2021-11-23 17:24:17 - [MESSAGE][INFO] - Checking timeout

2021-11-23 17:24:17 - [MESSAGE][INFO] - Finding web element with id: 'Object Repository/Kullanici_Islemleri/Secenekler' located by 'By.cssSelector: .nav.navbar-nav.navbar-right li a' in '10' second(s)

2021-11-23 17:24:17 - [MESSAGE][INFO] - Smart Wait Function is triggered

2021-11-23 17:24:17 - [MESSAGE][PASSED] - Web element with id: 'Object Repository/Kullanici_Islemleri/Secenekler' located by 'By.cssSelector: .nav.navbar-nav.navbar-right li a' is not present after '10' second(s)

2021-11-23 17:24:17 - [MESSAGE][PASSED] - Call Test Case 'Test Cases/Kullanici_Islemleri/KullaniciIslemlerindenSecimYapilir' successfully

2021-11-23 17:24:17 - [TEST_CASE][PASSED] - Start Test Case : SCENARIO Tasarim Araclari Sil: SCENARIO Tasarim Araclari Sil

2021-11-23 17:24:17 - [TEST_STEP][PASSED] - Kullanıcı adı ELOGO6 ve Şifre 123456 olarak giriş yapılır: Kullanıcı adı ELOGO6 ve Şifre 123456 olarak giriş yapılır

2021-11-23 17:24:17 - [MESSAGE][PASSED] - Kullanıcı adı ELOGO6 ve Şifre 123456 olarak giriş yapılır

2021-11-23 17:24:17 - [TEST_STEP][PASSED] - Ana menüden Ayarlar seçilir: Ana menüden Ayarlar seçilir

2021-11-23 17:24:17 - [MESSAGE][PASSED] - Ana menüden Ayarlar seçilir

2021-11-23 17:24:17 - [TEST_STEP][PASSED] - Alt menü Görsel Tasarımlar başlığı altındaki Tasarım Araçları seçilir: Alt menü Görsel Tasarımlar başlığı altındaki Tasarım Araçları seçilir

2021-11-23 17:24:17 - [MESSAGE][PASSED] - Alt menü Görsel Tasarımlar başlığı altındaki Tasarım Araçları seçilir

2021-11-23 17:24:17 - [TEST_STEP][PASSED] - Filtrelerden Oluşturma Zamanı filtresine 01.08.2017 baslangic degerini yaz: Filtrelerden Oluşturma Zamanı filtresine 01.08.2017 baslangic degerini yaz

2021-11-23 17:24:17 - [MESSAGE][PASSED] - Filtrelerden Oluşturma Zamanı filtresine 01.08.2017 baslangic degerini yaz

2021-11-23 17:24:17 - [TEST_STEP][PASSED] - Filtrelerden Oluşturma Zamanı filtresine 31.08.2017 bitis degerini yaz: Filtrelerden Oluşturma Zamanı filtresine 31.08.2017 bitis degerini yaz

2021-11-23 17:24:17 - [MESSAGE][PASSED] - Filtrelerden Oluşturma Zamanı filtresine 31.08.2017 bitis degerini yaz

2021-11-23 17:24:17 - [TEST_STEP][PASSED] - Filtre butonlarından Listele seçilir: Filtre butonlarından Listele seçilir

2021-11-23 17:24:17 - [MESSAGE][PASSED] - Filtre butonlarından Listele seçilir

2021-11-23 17:24:17 - [TEST_STEP][PASSED] - Tabloda veri var mı kontrol edilir: Tabloda veri var mı kontrol edilir

2021-11-23 17:24:17 - [MESSAGE][PASSED] - Tabloda veri var mı kontrol edilir

2021-11-23 17:24:17 - [TEST_STEP][PASSED] - Tablodaki 8895 ünvanlı veriye tıklanır: Tablodaki 8895 ünvanlı veriye tıklanır

2021-11-23 17:24:17 - [MESSAGE][PASSED] - Tablodaki 8895 ünvanlı veriye tıklanır

2021-11-23 17:24:17 - [TEST_STEP][PASSED] - Butonlardan Sil isimli butona tıklanır: Butonlardan Sil isimli butona tıklanır

2021-11-23 17:24:17 - [MESSAGE][PASSED] - Butonlardan Sil isimli butona tıklanır

2021-11-23 17:24:17 - [TEST_STEP][PASSED] - Popup mesajı Seçilen tasarım silinecektir, Onaylıyor musunuz ? içeriyor mu: Popup mesajı Seçilen tasarım silinecektir, Onaylıyor musunuz ? içeriyor mu

2021-11-23 17:24:17 - [MESSAGE][PASSED] - Popup mesajı Seçilen tasarım silinecektir, Onaylıyor musunuz ? içeriyor mu

2021-11-23 17:24:17 - [TEST_STEP][PASSED] - Yönetim popupında Hayır seçilir: Yönetim popupında Hayır seçilir

2021-11-23 17:24:17 - [MESSAGE][PASSED] - Yönetim popupında Hayır seçilir

2021-11-23 17:24:17 - [TEST_STEP][PASSED] - Kullanıcı işlemlerinden Çıkış seçilir: Kullanıcı işlemlerinden Çıkış seçilir

2021-11-23 17:24:17 - [MESSAGE][PASSED] - Kullanıcı işlemlerinden Çıkış seçilir

2021-11-23 17:24:17 - [MESSAGE][PASSED] - Feature file: 'Include/features/Ayarlar/Gorsel Tasarimlar/Tasarim Araclari/Sil.feature' was passed

2021-11-23 17:24:17 - [TEST_STEP][PASSED] - Start listener action : sampleAfterTestSuite: Invoke 'com.kms.katalon.core.annotation.AfterTestCase' method: 'Listener.sampleAfterTestSuite(...)' completed.

2021-11-23 17:24:17 - [MESSAGE][INFO] - Starting invoke 'com.kms.katalon.core.annotation.AfterTestCase' method: 'Listener.sampleAfterTestSuite(...)'

2021-11-23 17:24:17 - [TEST_STEP][PASSED] - closeBrowser(): Invoke 'com.kms.katalon.core.annotation.AfterTestCase' method: 'Listener.sampleAfterTestSuite(...)' completed.

2021-11-23 17:24:17 - [MESSAGE][INFO] - Closing browser

2021-11-23 17:24:18 - [MESSAGE][PASSED] - Browser is closed

2021-11-23 17:24:18 - [MESSAGE][INFO] - Invoke 'com.kms.katalon.core.annotation.AfterTestCase' method: 'Listener.sampleAfterTestSuite(...)' completed.]]></system-out>
         <system-err><![CDATA[]]></system-err>
      </testcase>
      <testcase name="Test Cases/Case Repository/Ayarlar/Gorsel Tasarim/Tasarim Araclari/Yukle e-Fatura" time="49.637" classname="Test Cases/Case Repository/Ayarlar/Gorsel Tasarim/Tasarim Araclari/Yukle e-Fatura" status="FAILED">
         <failure type="FAILED" message="Test Cases/Case Repository/Ayarlar/Gorsel Tasarim/Tasarim Araclari/Yukle e-Fatura FAILED.
Reason:
com.kms.katalon.core.exception.StepFailedException: Feature file 'Include/features/Ayarlar/Gorsel Tasarimlar/Tasarim Araclari/Yukle e-Fatura.feature' was failed
	at com.kms.katalon.core.keyword.internal.KeywordMain.stepFailed(KeywordMain.groovy:50)
	at com.kms.katalon.core.keyword.internal.KeywordMain.stepFailed(KeywordMain.groovy)
	at com.kms.katalon.core.keyword.internal.KeywordMain.stepFailed(KeywordMain.groovy:23)
	at com.kms.katalon.core.keyword.internal.KeywordMain$stepFailed$0.call(Unknown Source)
	at com.kms.katalon.core.cucumber.keyword.CucumberBuiltinKeywords$_runFeatureFile_closure1.doCall(CucumberBuiltinKeywords.groovy:112)
	at com.kms.katalon.core.cucumber.keyword.CucumberBuiltinKeywords$_runFeatureFile_closure1.doCall(CucumberBuiltinKeywords.groovy)
	at com.kms.katalon.core.keyword.internal.KeywordMain.runKeyword(KeywordMain.groovy:68)
	at com.kms.katalon.core.keyword.internal.KeywordMain$runKeyword.call(Unknown Source)
	at com.kms.katalon.core.cucumber.keyword.CucumberBuiltinKeywords.runFeatureFile(CucumberBuiltinKeywords.groovy:73)
	at com.kms.katalon.core.cucumber.keyword.CucumberBuiltinKeywords$runFeatureFile$0.callStatic(Unknown Source)
	at com.kms.katalon.core.cucumber.keyword.CucumberBuiltinKeywords.runFeatureFile(CucumberBuiltinKeywords.groovy:246)
	at com.kms.katalon.core.cucumber.keyword.CucumberBuiltinKeywords$runFeatureFile.call(Unknown Source)
	at Yukle e-Fatura.run(Yukle e-Fatura:19)
	at com.kms.katalon.core.main.ScriptEngine.run(ScriptEngine.java:194)
	at com.kms.katalon.core.main.ScriptEngine.runScriptAsRawText(ScriptEngine.java:119)
	at com.kms.katalon.core.main.TestCaseExecutor.runScript(TestCaseExecutor.java:369)
	at com.kms.katalon.core.main.TestCaseExecutor.doExecute(TestCaseExecutor.java:360)
	at com.kms.katalon.core.main.TestCaseExecutor.processExecutionPhase(TestCaseExecutor.java:339)
	at com.kms.katalon.core.main.TestCaseExecutor.accessMainPhase(TestCaseExecutor.java:331)
	at com.kms.katalon.core.main.TestCaseExecutor.execute(TestCaseExecutor.java:248)
	at com.kms.katalon.core.main.TestSuiteExecutor.accessTestCaseMainPhase(TestSuiteExecutor.java:191)
	at com.kms.katalon.core.main.TestSuiteExecutor.accessTestSuiteMainPhase(TestSuiteExecutor.java:140)
	at com.kms.katalon.core.main.TestSuiteExecutor.execute(TestSuiteExecutor.java:89)
	at com.kms.katalon.core.main.TestCaseMain.startTestSuite(TestCaseMain.java:181)
	at com.kms.katalon.core.main.TestCaseMain$startTestSuite$0.call(Unknown Source)
	at TempTestSuite1637674467745.run(TempTestSuite1637674467745.groovy:39)
"/>
         <system-out><![CDATA[2021-11-23 17:24:18 - [TEST_CASE][FAILED] - Test Cases/Case Repository/Ayarlar/Gorsel Tasarim/Tasarim Araclari/Yukle e-Fatura: Test Cases/Case Repository/Ayarlar/Gorsel Tasarim/Tasarim Araclari/Yukle e-Fatura FAILED.
Reason:
com.kms.katalon.core.exception.StepFailedException: Feature file 'Include/features/Ayarlar/Gorsel Tasarimlar/Tasarim Araclari/Yukle e-Fatura.feature' was failed
	at com.kms.katalon.core.keyword.internal.KeywordMain.stepFailed(KeywordMain.groovy:50)
	at com.kms.katalon.core.keyword.internal.KeywordMain.stepFailed(KeywordMain.groovy)
	at com.kms.katalon.core.keyword.internal.KeywordMain.stepFailed(KeywordMain.groovy:23)
	at com.kms.katalon.core.keyword.internal.KeywordMain$stepFailed$0.call(Unknown Source)
	at com.kms.katalon.core.cucumber.keyword.CucumberBuiltinKeywords$_runFeatureFile_closure1.doCall(CucumberBuiltinKeywords.groovy:112)
	at com.kms.katalon.core.cucumber.keyword.CucumberBuiltinKeywords$_runFeatureFile_closure1.doCall(CucumberBuiltinKeywords.groovy)
	at com.kms.katalon.core.keyword.internal.KeywordMain.runKeyword(KeywordMain.groovy:68)
	at com.kms.katalon.core.keyword.internal.KeywordMain$runKeyword.call(Unknown Source)
	at com.kms.katalon.core.cucumber.keyword.CucumberBuiltinKeywords.runFeatureFile(CucumberBuiltinKeywords.groovy:73)
	at com.kms.katalon.core.cucumber.keyword.CucumberBuiltinKeywords$runFeatureFile$0.callStatic(Unknown Source)
	at com.kms.katalon.core.cucumber.keyword.CucumberBuiltinKeywords.runFeatureFile(CucumberBuiltinKeywords.groovy:246)
	at com.kms.katalon.core.cucumber.keyword.CucumberBuiltinKeywords$runFeatureFile.call(Unknown Source)
	at Yukle e-Fatura.run(Yukle e-Fatura:19)
	at com.kms.katalon.core.main.ScriptEngine.run(ScriptEngine.java:194)
	at com.kms.katalon.core.main.ScriptEngine.runScriptAsRawText(ScriptEngine.java:119)
	at com.kms.katalon.core.main.TestCaseExecutor.runScript(TestCaseExecutor.java:369)
	at com.kms.katalon.core.main.TestCaseExecutor.doExecute(TestCaseExecutor.java:360)
	at com.kms.katalon.core.main.TestCaseExecutor.processExecutionPhase(TestCaseExecutor.java:339)
	at com.kms.katalon.core.main.TestCaseExecutor.accessMainPhase(TestCaseExecutor.java:331)
	at com.kms.katalon.core.main.TestCaseExecutor.execute(TestCaseExecutor.java:248)
	at com.kms.katalon.core.main.TestSuiteExecutor.accessTestCaseMainPhase(TestSuiteExecutor.java:191)
	at com.kms.katalon.core.main.TestSuiteExecutor.accessTestSuiteMainPhase(TestSuiteExecutor.java:140)
	at com.kms.katalon.core.main.TestSuiteExecutor.execute(TestSuiteExecutor.java:89)
	at com.kms.katalon.core.main.TestCaseMain.startTestSuite(TestCaseMain.java:181)
	at com.kms.katalon.core.main.TestCaseMain$startTestSuite$0.call(Unknown Source)
	at TempTestSuite1637674467745.run(TempTestSuite1637674467745.groovy:39)


2021-11-23 17:24:18 - [TEST_STEP][PASSED] - Start listener action : sampleBeforeTestSuite: Invoke 'com.kms.katalon.core.annotation.BeforeTestCase' method: 'Listener.sampleBeforeTestSuite(...)' completed.

2021-11-23 17:24:18 - [MESSAGE][INFO] - Starting invoke 'com.kms.katalon.core.annotation.BeforeTestCase' method: 'Listener.sampleBeforeTestSuite(...)'

2021-11-23 17:24:18 - [TEST_STEP][PASSED] - openBrowser(baseUrl): Browser is opened with url: 'https://efatura-stage.elogo.com.tr/'

2021-11-23 17:24:18 - [MESSAGE][INFO] - Opening browser

2021-11-23 17:24:18 - [MESSAGE][INFO] - Starting 'Chrome' driver

2021-11-23 17:24:18 - [MESSAGE][INFO] - User set preference: ['prefs', '{download.default_directory=C:\otomasyondownfiles}']

2021-11-23 17:24:18 - [MESSAGE][INFO] - Action delay is set to 0 milliseconds

2021-11-23 17:24:19 - [MESSAGE][INFO] - Navigating browser to: 'https://efatura-stage.elogo.com.tr/'

2021-11-23 17:24:34 - [MESSAGE][PASSED] - Browser is opened with url: 'https://efatura-stage.elogo.com.tr/'

2021-11-23 17:24:34 - [TEST_STEP][PASSED] - maximizeWindow(): Invoke 'com.kms.katalon.core.annotation.BeforeTestCase' method: 'Listener.sampleBeforeTestSuite(...)' completed.

2021-11-23 17:24:34 - [MESSAGE][INFO] - Maximizing current window

2021-11-23 17:24:34 - [MESSAGE][PASSED] - Current window maximized

2021-11-23 17:24:34 - [MESSAGE][INFO] - Invoke 'com.kms.katalon.core.annotation.BeforeTestCase' method: 'Listener.sampleBeforeTestSuite(...)' completed.

2021-11-23 17:24:34 - [TEST_STEP][FAILED] - runFeatureFile("Include/features/Ayarlar/Gorsel Tasarimlar/Tasarim Araclari/Yukle e-Fatura.feature"): Keyword runFeatureFile was failed (Root cause: com.kms.katalon.core.exception.StepFailedException: Feature file 'Include/features/Ayarlar/Gorsel Tasarimlar/Tasarim Araclari/Yukle e-Fatura.feature' was failed
	at com.kms.katalon.core.keyword.internal.KeywordMain.stepFailed(KeywordMain.groovy:50)
	at com.kms.katalon.core.keyword.internal.KeywordMain.stepFailed(KeywordMain.groovy)
	at com.kms.katalon.core.keyword.internal.KeywordMain.stepFailed(KeywordMain.groovy:23)
	at com.kms.katalon.core.keyword.internal.KeywordMain$stepFailed$0.call(Unknown Source)
	at com.kms.katalon.core.cucumber.keyword.CucumberBuiltinKeywords$_runFeatureFile_closure1.doCall(CucumberBuiltinKeywords.groovy:112)
	at com.kms.katalon.core.cucumber.keyword.CucumberBuiltinKeywords$_runFeatureFile_closure1.doCall(CucumberBuiltinKeywords.groovy)
	at com.kms.katalon.core.keyword.internal.KeywordMain.runKeyword(KeywordMain.groovy:68)
	at com.kms.katalon.core.keyword.internal.KeywordMain$runKeyword.call(Unknown Source)
	at com.kms.katalon.core.cucumber.keyword.CucumberBuiltinKeywords.runFeatureFile(CucumberBuiltinKeywords.groovy:73)
	at com.kms.katalon.core.cucumber.keyword.CucumberBuiltinKeywords$runFeatureFile$0.callStatic(Unknown Source)
	at com.kms.katalon.core.cucumber.keyword.CucumberBuiltinKeywords.runFeatureFile(CucumberBuiltinKeywords.groovy:246)
	at com.kms.katalon.core.cucumber.keyword.CucumberBuiltinKeywords$runFeatureFile.call(Unknown Source)
	at Yukle e-Fatura.run(Yukle e-Fatura:19)
	at com.kms.katalon.core.main.ScriptEngine.run(ScriptEngine.java:194)
	at com.kms.katalon.core.main.ScriptEngine.runScriptAsRawText(ScriptEngine.java:119)
	at com.kms.katalon.core.main.TestCaseExecutor.runScript(TestCaseExecutor.java:369)
	at com.kms.katalon.core.main.TestCaseExecutor.doExecute(TestCaseExecutor.java:360)
	at com.kms.katalon.core.main.TestCaseExecutor.processExecutionPhase(TestCaseExecutor.java:339)
	at com.kms.katalon.core.main.TestCaseExecutor.accessMainPhase(TestCaseExecutor.java:331)
	at com.kms.katalon.core.main.TestCaseExecutor.execute(TestCaseExecutor.java:248)
	at com.kms.katalon.core.main.TestSuiteExecutor.accessTestCaseMainPhase(TestSuiteExecutor.java:191)
	at com.kms.katalon.core.main.TestSuiteExecutor.accessTestSuiteMainPhase(TestSuiteExecutor.java:140)
	at com.kms.katalon.core.main.TestSuiteExecutor.execute(TestSuiteExecutor.java:89)
	at com.kms.katalon.core.main.TestCaseMain.startTestSuite(TestCaseMain.java:181)
	at com.kms.katalon.core.main.TestCaseMain$startTestSuite$0.call(Unknown Source)
	at TempTestSuite1637674467745.run(TempTestSuite1637674467745.groovy:39)
)

2021-11-23 17:24:34 - [MESSAGE][INFO] - Starting run keyword runFeatureFile: 'Include/features/Ayarlar/Gorsel Tasarimlar/Tasarim Araclari/Yukle e-Fatura.feature' and extract report to folder: 'C:\Users\DELL\Documents\GitHub\EES_KatalonLogo\Reports\20211123_163326\Suite Repository\Ayarlar\20211123_163427/cucumber_report/1637677474705'...

2021-11-23 17:24:34 - [MESSAGE][INFO] - Glue: []

2021-11-23 17:24:36 - [MESSAGE][INFO] - Checking called Test Case

2021-11-23 17:24:36 - [MESSAGE][INFO] - Starting to call Test Case 'Test Cases/Sayfalar/Giris_Sayfasi/Login'

2021-11-23 17:24:36 - [TEST_CASE][PASSED] - Test Cases/Sayfalar/Giris_Sayfasi/Login: Test Cases/Sayfalar/Giris_Sayfasi/Login

2021-11-23 17:24:36 - [TEST_STEP][PASSED] - Sayfa_Basligi = getWindowTitle(): Current window's title is: 'LOGO e-Fatura'

2021-11-23 17:24:36 - [MESSAGE][INFO] - Getting current window's title

2021-11-23 17:24:36 - [MESSAGE][PASSED] - Current window's title is: 'LOGO e-Fatura'

2021-11-23 17:24:36 - [TEST_STEP][PASSED] - verifyMatch(Sayfa_Basligi, "LOGO e-Fatura", false): Actual text 'LOGO e-Fatura' and expected text 'LOGO e-Fatura' are matched 

2021-11-23 17:24:36 - [MESSAGE][INFO] - Matching actual text 'LOGO e-Fatura' with expected text 'LOGO e-Fatura'

2021-11-23 17:24:36 - [MESSAGE][PASSED] - Actual text 'LOGO e-Fatura' and expected text 'LOGO e-Fatura' are matched 

2021-11-23 17:24:36 - [TEST_STEP][PASSED] - sendKeys(findTestObject("Sayfalar/Giris_Sayfasi/Firma_Kodu"), KullaniciAdi): Keys 'ELOGO6' sent to object: 'Object Repository/Sayfalar/Giris_Sayfasi/Firma_Kodu'

2021-11-23 17:24:36 - [MESSAGE][INFO] - Finding Test Object 'Object Repository/Sayfalar/Giris_Sayfasi/Firma_Kodu'

2021-11-23 17:24:36 - [MESSAGE][INFO] - Sending keys 'ELOGO6' to object: 'Object Repository/Sayfalar/Giris_Sayfasi/Firma_Kodu'

2021-11-23 17:24:36 - [MESSAGE][INFO] - Finding web element from Test Object's properties

2021-11-23 17:24:36 - [MESSAGE][INFO] - Checking timeout

2021-11-23 17:24:36 - [MESSAGE][INFO] - Finding web element with id: 'Object Repository/Sayfalar/Giris_Sayfasi/Firma_Kodu' located by 'By.xpath: //*[@id = 'AccountName']' in '30' second(s)

2021-11-23 17:24:36 - [MESSAGE][INFO] - Smart Wait Function is triggered

2021-11-23 17:24:36 - [MESSAGE][INFO] - Found 1 web elements with id: 'Object Repository/Sayfalar/Giris_Sayfasi/Firma_Kodu' located by 'By.xpath: //*[@id = 'AccountName']' in '30' second(s)

2021-11-23 17:24:36 - [MESSAGE][PASSED] - Keys 'ELOGO6' sent to object: 'Object Repository/Sayfalar/Giris_Sayfasi/Firma_Kodu'

2021-11-23 17:24:36 - [TEST_STEP][PASSED] - sendKeys(findTestObject("Sayfalar/Giris_Sayfasi/Sifre"), Sifre): Keys '123456' sent to object: 'Object Repository/Sayfalar/Giris_Sayfasi/Sifre'

2021-11-23 17:24:36 - [MESSAGE][INFO] - Finding Test Object 'Object Repository/Sayfalar/Giris_Sayfasi/Sifre'

2021-11-23 17:24:36 - [MESSAGE][INFO] - Sending keys '123456' to object: 'Object Repository/Sayfalar/Giris_Sayfasi/Sifre'

2021-11-23 17:24:36 - [MESSAGE][INFO] - Finding web element from Test Object's properties

2021-11-23 17:24:36 - [MESSAGE][INFO] - Checking timeout

2021-11-23 17:24:36 - [MESSAGE][INFO] - Finding web element with id: 'Object Repository/Sayfalar/Giris_Sayfasi/Sifre' located by 'By.xpath: //*[@id = 'Password']' in '30' second(s)

2021-11-23 17:24:36 - [MESSAGE][INFO] - Smart Wait Function is triggered

2021-11-23 17:24:37 - [MESSAGE][INFO] - Found 1 web elements with id: 'Object Repository/Sayfalar/Giris_Sayfasi/Sifre' located by 'By.xpath: //*[@id = 'Password']' in '30' second(s)

2021-11-23 17:24:37 - [MESSAGE][PASSED] - Keys '123456' sent to object: 'Object Repository/Sayfalar/Giris_Sayfasi/Sifre'

2021-11-23 17:24:37 - [TEST_STEP][PASSED] - findWebElement(findTestObject("Sayfalar/Giris_Sayfasi/Giris_Butonu")).click(): Found 1 web elements with id: 'Object Repository/Sayfalar/Giris_Sayfasi/Giris_Butonu' located by 'By.cssSelector: #btnLogin' in '30' second(s)

2021-11-23 17:24:37 - [MESSAGE][INFO] - Finding Test Object 'Object Repository/Sayfalar/Giris_Sayfasi/Giris_Butonu'

2021-11-23 17:24:37 - [MESSAGE][INFO] - Finding web element from Test Object's properties

2021-11-23 17:24:37 - [MESSAGE][INFO] - Checking timeout

2021-11-23 17:24:37 - [MESSAGE][INFO] - Finding web element with id: 'Object Repository/Sayfalar/Giris_Sayfasi/Giris_Butonu' located by 'By.cssSelector: #btnLogin' in '30' second(s)

2021-11-23 17:24:37 - [MESSAGE][INFO] - Smart Wait Function is triggered

2021-11-23 17:24:37 - [MESSAGE][INFO] - Found 1 web elements with id: 'Object Repository/Sayfalar/Giris_Sayfasi/Giris_Butonu' located by 'By.cssSelector: #btnLogin' in '30' second(s)

2021-11-23 17:24:39 - [TEST_STEP][PASSED] - if (verifyElementPresent(findTestObject("Object Repository/Sayfalar/Giris_Sayfasi/RetveTamam_Butonu"), 5, OPTIONAL)): null

2021-11-23 17:24:39 - [MESSAGE][INFO] - Finding Test Object 'Object Repository/Sayfalar/Giris_Sayfasi/RetveTamam_Butonu'

2021-11-23 17:24:39 - [MESSAGE][INFO] - Checking object

2021-11-23 17:24:39 - [MESSAGE][INFO] - Finding web element from Test Object's properties

2021-11-23 17:24:39 - [MESSAGE][INFO] - Checking timeout

2021-11-23 17:24:39 - [MESSAGE][INFO] - Finding web element with id: 'Object Repository/Sayfalar/Giris_Sayfasi/RetveTamam_Butonu' located by 'By.xpath: //*[@class = 'btn btn-default']' in '5' second(s)

2021-11-23 17:24:39 - [MESSAGE][INFO] - Smart Wait Function is triggered

2021-11-23 17:24:40 - [MESSAGE][INFO] - Found 1 web elements with id: 'Object Repository/Sayfalar/Giris_Sayfasi/RetveTamam_Butonu' located by 'By.xpath: //*[@class = 'btn btn-default']' in '5' second(s)

2021-11-23 17:24:40 - [MESSAGE][PASSED] - Object 'Object Repository/Sayfalar/Giris_Sayfasi/RetveTamam_Butonu' is present

2021-11-23 17:24:40 - [TEST_STEP][PASSED] - click(findTestObject("Object Repository/Sayfalar/Giris_Sayfasi/RetveTamam_Butonu")): Object: 'Object Repository/Sayfalar/Giris_Sayfasi/RetveTamam_Butonu' is clicked on

2021-11-23 17:24:40 - [MESSAGE][INFO] - Finding Test Object 'Object Repository/Sayfalar/Giris_Sayfasi/RetveTamam_Butonu'

2021-11-23 17:24:40 - [MESSAGE][INFO] - Checking object

2021-11-23 17:24:40 - [MESSAGE][INFO] - Finding web element from Test Object's properties

2021-11-23 17:24:40 - [MESSAGE][INFO] - Checking timeout

2021-11-23 17:24:40 - [MESSAGE][INFO] - Finding web element with id: 'Object Repository/Sayfalar/Giris_Sayfasi/RetveTamam_Butonu' located by 'By.xpath: //*[@class = 'btn btn-default']' in '30' second(s)

2021-11-23 17:24:40 - [MESSAGE][INFO] - Smart Wait Function is triggered

2021-11-23 17:24:40 - [MESSAGE][INFO] - Found 1 web elements with id: 'Object Repository/Sayfalar/Giris_Sayfasi/RetveTamam_Butonu' located by 'By.xpath: //*[@class = 'btn btn-default']' in '30' second(s)

2021-11-23 17:24:40 - [MESSAGE][INFO] - Clicking on object: 'Object Repository/Sayfalar/Giris_Sayfasi/RetveTamam_Butonu'

2021-11-23 17:24:40 - [MESSAGE][PASSED] - Object: 'Object Repository/Sayfalar/Giris_Sayfasi/RetveTamam_Butonu' is clicked on

2021-11-23 17:24:40 - [TEST_STEP][PASSED] - click(findTestObject("Object Repository/Sayfalar/Giris_Sayfasi/RetveTamam_Butonu")): Object: 'Object Repository/Sayfalar/Giris_Sayfasi/RetveTamam_Butonu' is clicked on

2021-11-23 17:24:40 - [MESSAGE][INFO] - Finding Test Object 'Object Repository/Sayfalar/Giris_Sayfasi/RetveTamam_Butonu'

2021-11-23 17:24:40 - [MESSAGE][INFO] - Checking object

2021-11-23 17:24:40 - [MESSAGE][INFO] - Finding web element from Test Object's properties

2021-11-23 17:24:40 - [MESSAGE][INFO] - Checking timeout

2021-11-23 17:24:40 - [MESSAGE][INFO] - Finding web element with id: 'Object Repository/Sayfalar/Giris_Sayfasi/RetveTamam_Butonu' located by 'By.xpath: //*[@class = 'btn btn-default']' in '30' second(s)

2021-11-23 17:24:40 - [MESSAGE][INFO] - Smart Wait Function is triggered

2021-11-23 17:24:43 - [MESSAGE][INFO] - Found 1 web elements with id: 'Object Repository/Sayfalar/Giris_Sayfasi/RetveTamam_Butonu' located by 'By.xpath: //*[@class = 'btn btn-default']' in '30' second(s)

2021-11-23 17:24:43 - [MESSAGE][INFO] - Clicking on object: 'Object Repository/Sayfalar/Giris_Sayfasi/RetveTamam_Butonu'

2021-11-23 17:24:43 - [MESSAGE][PASSED] - Object: 'Object Repository/Sayfalar/Giris_Sayfasi/RetveTamam_Butonu' is clicked on

2021-11-23 17:24:43 - [TEST_STEP][PASSED] - if (verifyElementPresent(findTestObject("Sayfalar/Giris_Sayfasi/PopupOK"), 5, OPTIONAL)): null

2021-11-23 17:24:43 - [MESSAGE][INFO] - Finding Test Object 'Object Repository/Sayfalar/Giris_Sayfasi/PopupOK'

2021-11-23 17:24:43 - [MESSAGE][INFO] - Checking object

2021-11-23 17:24:43 - [MESSAGE][INFO] - Finding web element from Test Object's properties

2021-11-23 17:24:43 - [MESSAGE][INFO] - Checking timeout

2021-11-23 17:24:43 - [MESSAGE][INFO] - Finding web element with id: 'Object Repository/Sayfalar/Giris_Sayfasi/PopupOK' located by 'By.cssSelector: .btn.btn-success' in '5' second(s)

2021-11-23 17:24:43 - [MESSAGE][INFO] - Smart Wait Function is triggered

2021-11-23 17:24:44 - [MESSAGE][INFO] - Found 1 web elements with id: 'Object Repository/Sayfalar/Giris_Sayfasi/PopupOK' located by 'By.cssSelector: .btn.btn-success' in '5' second(s)

2021-11-23 17:24:44 - [MESSAGE][PASSED] - Object 'Object Repository/Sayfalar/Giris_Sayfasi/PopupOK' is present

2021-11-23 17:24:44 - [TEST_STEP][PASSED] - click(findTestObject("Object Repository/Sayfalar/Giris_Sayfasi/PopupCarpiGiris")): Object: 'Object Repository/Sayfalar/Giris_Sayfasi/PopupCarpiGiris' is clicked on

2021-11-23 17:24:44 - [MESSAGE][INFO] - Finding Test Object 'Object Repository/Sayfalar/Giris_Sayfasi/PopupCarpiGiris'

2021-11-23 17:24:44 - [MESSAGE][INFO] - Checking object

2021-11-23 17:24:44 - [MESSAGE][INFO] - Finding web element from Test Object's properties

2021-11-23 17:24:44 - [MESSAGE][INFO] - Checking timeout

2021-11-23 17:24:44 - [MESSAGE][INFO] - Finding web element with id: 'Object Repository/Sayfalar/Giris_Sayfasi/PopupCarpiGiris' located by 'By.cssSelector: .bootbox-close-button.close' in '30' second(s)

2021-11-23 17:24:44 - [MESSAGE][INFO] - Smart Wait Function is triggered

2021-11-23 17:24:44 - [MESSAGE][INFO] - Found 1 web elements with id: 'Object Repository/Sayfalar/Giris_Sayfasi/PopupCarpiGiris' located by 'By.cssSelector: .bootbox-close-button.close' in '30' second(s)

2021-11-23 17:24:44 - [MESSAGE][INFO] - Clicking on object: 'Object Repository/Sayfalar/Giris_Sayfasi/PopupCarpiGiris'

2021-11-23 17:24:44 - [MESSAGE][PASSED] - Object: 'Object Repository/Sayfalar/Giris_Sayfasi/PopupCarpiGiris' is clicked on

2021-11-23 17:24:44 - [TEST_STEP][PASSED] - verifyElementVisible(findTestObject("Object Repository/Kullanici_Islemleri/KullaniciIslemleri")): Object 'Object Repository/Kullanici_Islemleri/KullaniciIslemleri' is visible

2021-11-23 17:24:44 - [MESSAGE][INFO] - Finding Test Object 'Object Repository/Kullanici_Islemleri/KullaniciIslemleri'

2021-11-23 17:24:44 - [MESSAGE][INFO] - Checking object

2021-11-23 17:24:44 - [MESSAGE][INFO] - Finding web element from Test Object's properties

2021-11-23 17:24:44 - [MESSAGE][INFO] - Checking timeout

2021-11-23 17:24:44 - [MESSAGE][INFO] - Finding web element with id: 'Object Repository/Kullanici_Islemleri/KullaniciIslemleri' located by 'By.cssSelector: .dropdown>a>img' in '30' second(s)

2021-11-23 17:24:44 - [MESSAGE][INFO] - Smart Wait Function is triggered

2021-11-23 17:24:45 - [MESSAGE][INFO] - Found 1 web elements with id: 'Object Repository/Kullanici_Islemleri/KullaniciIslemleri' located by 'By.cssSelector: .dropdown>a>img' in '30' second(s)

2021-11-23 17:24:45 - [MESSAGE][PASSED] - Object 'Object Repository/Kullanici_Islemleri/KullaniciIslemleri' is visible

2021-11-23 17:24:45 - [MESSAGE][PASSED] - Call Test Case 'Test Cases/Sayfalar/Giris_Sayfasi/Login' successfully

2021-11-23 17:24:45 - [MESSAGE][INFO] - Checking called Test Case

2021-11-23 17:24:45 - [MESSAGE][INFO] - Starting to call Test Case 'Test Cases/Menu/AnaMenuSecimi'

2021-11-23 17:24:45 - [TEST_CASE][PASSED] - Test Cases/Menu/AnaMenuSecimi: Test Cases/Menu/AnaMenuSecimi

2021-11-23 17:24:45 - [TEST_STEP][PASSED] - Method.TextDegerineEsitElementeTikla(findTestObject("Menu/Ana_Menu"), Ana_Menu): Method.TextDegerineEsitElementeTikla is PASSED

2021-11-23 17:24:45 - [MESSAGE][INFO] - Finding Test Object 'Object Repository/Menu/Ana_Menu'

2021-11-23 17:24:45 - [MESSAGE][INFO] - Checking timeout

2021-11-23 17:24:45 - [MESSAGE][INFO] - Finding web element with id: 'Object Repository/Menu/Ana_Menu' located by 'By.xpath: //*[@class = 'dropdown-toggle']' in '10' second(s)

2021-11-23 17:24:45 - [MESSAGE][INFO] - Smart Wait Function is triggered

2021-11-23 17:24:46 - [MESSAGE][INFO] - Found 14 web elements with id: 'Object Repository/Menu/Ana_Menu' located by 'By.xpath: //*[@class = 'dropdown-toggle']' in '10' second(s)

2021-11-23 17:24:46 - [MESSAGE][PASSED] - Method.TextDegerineEsitElementeTikla is PASSED

2021-11-23 17:24:46 - [MESSAGE][PASSED] - Call Test Case 'Test Cases/Menu/AnaMenuSecimi' successfully

2021-11-23 17:24:46 - [MESSAGE][INFO] - Checking called Test Case

2021-11-23 17:24:46 - [MESSAGE][INFO] - Starting to call Test Case 'Test Cases/Menu/BasligaGoreAltMenuSecimi'

2021-11-23 17:24:46 - [TEST_CASE][PASSED] - Test Cases/Menu/BasligaGoreAltMenuSecimi: Test Cases/Menu/BasligaGoreAltMenuSecimi

2021-11-23 17:24:46 - [TEST_STEP][PASSED] - Method.TextDegerineEsitElementinAltindakiTextDegerineEsitOlanaTikla(findTestObject("Menu/Menu_Basligi"), findTestObject("Menu/Basliga_Gore_Alt_Menu"), Baslik, Alt_Menu): Method.TextDegerineEsitElementinAltindakiTextDegerineEsitOlanaTikla is PASSED

2021-11-23 17:24:46 - [MESSAGE][INFO] - Finding Test Object 'Object Repository/Menu/Menu_Basligi'

2021-11-23 17:24:46 - [MESSAGE][INFO] - Finding Test Object 'Object Repository/Menu/Basliga_Gore_Alt_Menu'

2021-11-23 17:24:46 - [MESSAGE][INFO] - Checking timeout

2021-11-23 17:24:46 - [MESSAGE][INFO] - Finding web element with id: 'Object Repository/Menu/Menu_Basligi' located by 'By.xpath: //li[@class='dropdown dropdown-large open']//li[@class='dropdown-header']' in '10' second(s)

2021-11-23 17:24:46 - [MESSAGE][INFO] - Smart Wait Function is triggered

2021-11-23 17:24:46 - [MESSAGE][INFO] - Found 2 web elements with id: 'Object Repository/Menu/Menu_Basligi' located by 'By.xpath: //li[@class='dropdown dropdown-large open']//li[@class='dropdown-header']' in '10' second(s)

2021-11-23 17:24:46 - [MESSAGE][INFO] - Smart Wait Function is triggered

2021-11-23 17:24:53 - [MESSAGE][PASSED] - Method.TextDegerineEsitElementinAltindakiTextDegerineEsitOlanaTikla is PASSED

2021-11-23 17:24:53 - [MESSAGE][PASSED] - Call Test Case 'Test Cases/Menu/BasligaGoreAltMenuSecimi' successfully

2021-11-23 17:24:53 - [MESSAGE][INFO] - Checking called Test Case

2021-11-23 17:24:53 - [MESSAGE][INFO] - Starting to call Test Case 'Test Cases/Tablo/TablodaVeriVarMi'

2021-11-23 17:24:53 - [TEST_CASE][PASSED] - Test Cases/Tablo/TablodaVeriVarMi: Test Cases/Tablo/TablodaVeriVarMi

2021-11-23 17:24:53 - [TEST_STEP][PASSED] - verifyTextNotPresent("Görüntülenecek veri yok", true): Text 'Görüntülenecek veri yok' is not present on page using regular expression

2021-11-23 17:24:53 - [MESSAGE][INFO] - Checking text present  using regular expression

2021-11-23 17:24:53 - [MESSAGE][INFO] - Smart Wait Function is triggered

2021-11-23 17:24:53 - [MESSAGE][INFO] - Finding text 'Görüntülenecek veri yok' on page  using regular expression

2021-11-23 17:24:53 - [MESSAGE][PASSED] - Text 'Görüntülenecek veri yok' is not present on page using regular expression

2021-11-23 17:24:53 - [MESSAGE][PASSED] - Call Test Case 'Test Cases/Tablo/TablodaVeriVarMi' successfully

2021-11-23 17:24:53 - [MESSAGE][INFO] - Checking called Test Case

2021-11-23 17:24:53 - [MESSAGE][INFO] - Starting to call Test Case 'Test Cases/Butonlar/ButonaTikla'

2021-11-23 17:24:53 - [TEST_CASE][PASSED] - Test Cases/Butonlar/ButonaTikla: Test Cases/Butonlar/ButonaTikla

2021-11-23 17:24:53 - [TEST_STEP][PASSED] - Method.TextDegerineEsitElementeTiklaEquals(findTestObject("Butonlar/Butonlar"), Buton_Adi): Method.TextDegerineEsitElementeTiklaEquals is PASSED

2021-11-23 17:24:53 - [MESSAGE][INFO] - Finding Test Object 'Object Repository/Butonlar/Butonlar'

2021-11-23 17:24:53 - [MESSAGE][INFO] - Checking timeout

2021-11-23 17:24:53 - [MESSAGE][INFO] - Finding web element with id: 'Object Repository/Butonlar/Butonlar' located by 'By.cssSelector: .panel.panel-default.text-center.footerPanel .btn,.btn.btn-primary.btnControls' in '10' second(s)

2021-11-23 17:24:53 - [MESSAGE][INFO] - Smart Wait Function is triggered

2021-11-23 17:24:54 - [MESSAGE][INFO] - Found 7 web elements with id: 'Object Repository/Butonlar/Butonlar' located by 'By.cssSelector: .panel.panel-default.text-center.footerPanel .btn,.btn.btn-primary.btnControls' in '10' second(s)

2021-11-23 17:24:54 - [MESSAGE][PASSED] - Method.TextDegerineEsitElementeTiklaEquals is PASSED

2021-11-23 17:24:54 - [MESSAGE][PASSED] - Call Test Case 'Test Cases/Butonlar/ButonaTikla' successfully

2021-11-23 17:24:54 - [MESSAGE][INFO] - Checking called Test Case

2021-11-23 17:24:54 - [MESSAGE][INFO] - Starting to call Test Case 'Test Cases/Butonlar/AltButonaTikla'

2021-11-23 17:24:54 - [TEST_CASE][PASSED] - Test Cases/Butonlar/AltButonaTikla: Test Cases/Butonlar/AltButonaTikla

2021-11-23 17:24:54 - [TEST_STEP][PASSED] - Method.TextDegerineEsitElementeTikla(findTestObject("Butonlar/AltButonlar"), Alt_Buton): Method.TextDegerineEsitElementeTikla is PASSED

2021-11-23 17:24:54 - [MESSAGE][INFO] - Finding Test Object 'Object Repository/Butonlar/AltButonlar'

2021-11-23 17:24:54 - [MESSAGE][INFO] - Checking timeout

2021-11-23 17:24:54 - [MESSAGE][INFO] - Finding web element with id: 'Object Repository/Butonlar/AltButonlar' located by 'By.cssSelector: .btn-group.open li>a' in '10' second(s)

2021-11-23 17:24:54 - [MESSAGE][INFO] - Smart Wait Function is triggered

2021-11-23 17:24:54 - [MESSAGE][INFO] - Found 5 web elements with id: 'Object Repository/Butonlar/AltButonlar' located by 'By.cssSelector: .btn-group.open li>a' in '10' second(s)

2021-11-23 17:24:55 - [MESSAGE][PASSED] - Method.TextDegerineEsitElementeTikla is PASSED

2021-11-23 17:24:55 - [MESSAGE][PASSED] - Call Test Case 'Test Cases/Butonlar/AltButonaTikla' successfully

2021-11-23 17:24:55 - [MESSAGE][INFO] - Checking called Test Case

2021-11-23 17:24:55 - [MESSAGE][INFO] - Starting to call Test Case 'Test Cases/Yukle/TasarimAraclariDosyaYukleme'

2021-11-23 17:24:55 - [TEST_CASE][PASSED] - Test Cases/Yukle/TasarimAraclariDosyaYukleme: Test Cases/Yukle/TasarimAraclariDosyaYukleme

2021-11-23 17:24:55 - [TEST_STEP][PASSED] - switchToFrame(findTestObject("Sayfalar/Giris_Sayfasi/FrameYuklemeEkrani"), 3): Switched to iframe: 'Object Repository/Sayfalar/Giris_Sayfasi/FrameYuklemeEkrani'

2021-11-23 17:24:55 - [MESSAGE][INFO] - Finding Test Object 'Object Repository/Sayfalar/Giris_Sayfasi/FrameYuklemeEkrani'

2021-11-23 17:24:56 - [MESSAGE][INFO] - Switching to iframe: 'Object Repository/Sayfalar/Giris_Sayfasi/FrameYuklemeEkrani'

2021-11-23 17:24:56 - [MESSAGE][INFO] - Finding web element from Test Object's properties

2021-11-23 17:24:56 - [MESSAGE][INFO] - Checking timeout

2021-11-23 17:24:56 - [MESSAGE][INFO] - Finding web element with id: 'Object Repository/Sayfalar/Giris_Sayfasi/FrameYuklemeEkrani' located by 'By.xpath: //*[@id = 'InvoiceDesignUploadPopUpFrame']' in '3' second(s)

2021-11-23 17:24:56 - [MESSAGE][INFO] - Smart Wait Function is triggered

2021-11-23 17:24:56 - [MESSAGE][INFO] - Found 1 web elements with id: 'Object Repository/Sayfalar/Giris_Sayfasi/FrameYuklemeEkrani' located by 'By.xpath: //*[@id = 'InvoiceDesignUploadPopUpFrame']' in '3' second(s)

2021-11-23 17:24:56 - [MESSAGE][INFO] - Switched to iframe: 'Object Repository/Sayfalar/Giris_Sayfasi/FrameYuklemeEkrani'

2021-11-23 17:24:56 - [TEST_STEP][PASSED] - waitForElementPresent(findTestObject("Object Repository/Yukle/DosyaYukle"), 10): Object 'Object Repository/Yukle/DosyaYukle' is present

2021-11-23 17:24:56 - [MESSAGE][INFO] - Finding Test Object 'Object Repository/Yukle/DosyaYukle'

2021-11-23 17:24:56 - [MESSAGE][INFO] - Checking object

2021-11-23 17:24:56 - [MESSAGE][INFO] - Finding web element from Test Object's properties

2021-11-23 17:24:56 - [MESSAGE][INFO] - Checking timeout

2021-11-23 17:24:56 - [MESSAGE][INFO] - Finding web element with id: 'Object Repository/Yukle/DosyaYukle' located by 'By.cssSelector: .dxucTextBox_LECustomTheme.dxucNullText_LECustomTheme>input' in '10' second(s)

2021-11-23 17:24:56 - [MESSAGE][INFO] - Smart Wait Function is triggered

2021-11-23 17:24:56 - [MESSAGE][INFO] - Found 2 web elements with id: 'Object Repository/Yukle/DosyaYukle' located by 'By.cssSelector: .dxucTextBox_LECustomTheme.dxucNullText_LECustomTheme>input' in '10' second(s)

2021-11-23 17:24:56 - [MESSAGE][PASSED] - Object 'Object Repository/Yukle/DosyaYukle' is present

2021-11-23 17:24:56 - [TEST_STEP][PASSED] - sendKeys(findTestObject("Object Repository/Yukle/DosyaYukle"), Dosya): Keys 'C:\otomasyonupfiles\Ayarlar\FCDD449F-F6B4-4D5F-B436-1E81B80A7193.xslt' sent to object: 'Object Repository/Yukle/DosyaYukle'

2021-11-23 17:24:56 - [MESSAGE][INFO] - Finding Test Object 'Object Repository/Yukle/DosyaYukle'

2021-11-23 17:24:56 - [MESSAGE][INFO] - Sending keys 'C:\otomasyonupfiles\Ayarlar\FCDD449F-F6B4-4D5F-B436-1E81B80A7193.xslt' to object: 'Object Repository/Yukle/DosyaYukle'

2021-11-23 17:24:56 - [MESSAGE][INFO] - Finding web element from Test Object's properties

2021-11-23 17:24:56 - [MESSAGE][INFO] - Checking timeout

2021-11-23 17:24:56 - [MESSAGE][INFO] - Finding web element with id: 'Object Repository/Yukle/DosyaYukle' located by 'By.cssSelector: .dxucTextBox_LECustomTheme.dxucNullText_LECustomTheme>input' in '30' second(s)

2021-11-23 17:24:56 - [MESSAGE][INFO] - Smart Wait Function is triggered

2021-11-23 17:24:56 - [MESSAGE][INFO] - Found 2 web elements with id: 'Object Repository/Yukle/DosyaYukle' located by 'By.cssSelector: .dxucTextBox_LECustomTheme.dxucNullText_LECustomTheme>input' in '30' second(s)

2021-11-23 17:24:56 - [MESSAGE][PASSED] - Keys 'C:\otomasyonupfiles\Ayarlar\FCDD449F-F6B4-4D5F-B436-1E81B80A7193.xslt' sent to object: 'Object Repository/Yukle/DosyaYukle'

2021-11-23 17:24:56 - [TEST_STEP][PASSED] - waitForElementClickable(findTestObject("Object Repository/Yukle/YuklemeyiBaslat"), 10): Object 'Object Repository/Yukle/YuklemeyiBaslat' is clickable

2021-11-23 17:24:56 - [MESSAGE][INFO] - Finding Test Object 'Object Repository/Yukle/YuklemeyiBaslat'

2021-11-23 17:24:56 - [MESSAGE][INFO] - Checking object

2021-11-23 17:24:56 - [MESSAGE][INFO] - Checking timeout

2021-11-23 17:24:56 - [MESSAGE][INFO] - Finding web element from Test Object's properties

2021-11-23 17:24:56 - [MESSAGE][INFO] - Checking timeout

2021-11-23 17:24:56 - [MESSAGE][INFO] - Finding web element with id: 'Object Repository/Yukle/YuklemeyiBaslat' located by 'By.cssSelector: .btn.btn-success.btn-sm' in '10' second(s)

2021-11-23 17:24:56 - [MESSAGE][INFO] - Smart Wait Function is triggered

2021-11-23 17:24:56 - [MESSAGE][INFO] - Found 1 web elements with id: 'Object Repository/Yukle/YuklemeyiBaslat' located by 'By.cssSelector: .btn.btn-success.btn-sm' in '10' second(s)

2021-11-23 17:24:56 - [MESSAGE][PASSED] - Object 'Object Repository/Yukle/YuklemeyiBaslat' is clickable

2021-11-23 17:24:56 - [TEST_STEP][PASSED] - click(findTestObject("Object Repository/Yukle/YuklemeyiBaslat")): Object: 'Object Repository/Yukle/YuklemeyiBaslat' is clicked on

2021-11-23 17:24:56 - [MESSAGE][INFO] - Finding Test Object 'Object Repository/Yukle/YuklemeyiBaslat'

2021-11-23 17:24:56 - [MESSAGE][INFO] - Checking object

2021-11-23 17:24:56 - [MESSAGE][INFO] - Finding web element from Test Object's properties

2021-11-23 17:24:56 - [MESSAGE][INFO] - Checking timeout

2021-11-23 17:24:56 - [MESSAGE][INFO] - Finding web element with id: 'Object Repository/Yukle/YuklemeyiBaslat' located by 'By.cssSelector: .btn.btn-success.btn-sm' in '30' second(s)

2021-11-23 17:24:56 - [MESSAGE][INFO] - Smart Wait Function is triggered

2021-11-23 17:24:56 - [MESSAGE][INFO] - Found 1 web elements with id: 'Object Repository/Yukle/YuklemeyiBaslat' located by 'By.cssSelector: .btn.btn-success.btn-sm' in '30' second(s)

2021-11-23 17:24:56 - [MESSAGE][INFO] - Clicking on object: 'Object Repository/Yukle/YuklemeyiBaslat'

2021-11-23 17:24:56 - [MESSAGE][PASSED] - Object: 'Object Repository/Yukle/YuklemeyiBaslat' is clicked on

2021-11-23 17:24:56 - [TEST_STEP][PASSED] - delay(3): Delayed 3 second(s)

2021-11-23 17:24:56 - [MESSAGE][INFO] - Delaying browser in 3 second(s)

2021-11-23 17:24:59 - [MESSAGE][PASSED] - Delayed 3 second(s)

2021-11-23 17:24:59 - [TEST_STEP][PASSED] - waitForElementVisible(findTestObject("Popup/Popup"), 10): Object 'Object Repository/Popup/Popup' is visible

2021-11-23 17:24:59 - [MESSAGE][INFO] - Finding Test Object 'Object Repository/Popup/Popup'

2021-11-23 17:24:59 - [MESSAGE][INFO] - Checking object

2021-11-23 17:24:59 - [MESSAGE][INFO] - Checking timeout

2021-11-23 17:24:59 - [MESSAGE][INFO] - Finding web element from Test Object's properties

2021-11-23 17:24:59 - [MESSAGE][INFO] - Checking timeout

2021-11-23 17:24:59 - [MESSAGE][INFO] - Finding web element with id: 'Object Repository/Popup/Popup' located by 'By.cssSelector: .bootbox-body' in '10' second(s)

2021-11-23 17:24:59 - [MESSAGE][INFO] - Smart Wait Function is triggered

2021-11-23 17:24:59 - [MESSAGE][INFO] - Found 1 web elements with id: 'Object Repository/Popup/Popup' located by 'By.cssSelector: .bootbox-body' in '10' second(s)

2021-11-23 17:24:59 - [MESSAGE][PASSED] - Object 'Object Repository/Popup/Popup' is visible

2021-11-23 17:24:59 - [TEST_STEP][PASSED] - if (!(getText(findTestObject("Popup/Popup")).contains("Tasarım ön değer tasarım olarak tanımlansın mı?"))): Text of object 'Object Repository/Popup/Popup' is: 'Tasarım ön değer tasarım olarak tanımlansın mı?'

2021-11-23 17:24:59 - [MESSAGE][INFO] - Finding Test Object 'Object Repository/Popup/Popup'

2021-11-23 17:25:00 - [MESSAGE][INFO] - Checking object

2021-11-23 17:25:00 - [MESSAGE][INFO] - Finding web element from Test Object's properties

2021-11-23 17:25:00 - [MESSAGE][INFO] - Checking timeout

2021-11-23 17:25:00 - [MESSAGE][INFO] - Finding web element with id: 'Object Repository/Popup/Popup' located by 'By.cssSelector: .bootbox-body' in '30' second(s)

2021-11-23 17:25:00 - [MESSAGE][INFO] - Smart Wait Function is triggered

2021-11-23 17:25:00 - [MESSAGE][INFO] - Found 1 web elements with id: 'Object Repository/Popup/Popup' located by 'By.cssSelector: .bootbox-body' in '30' second(s)

2021-11-23 17:25:00 - [MESSAGE][INFO] - Getting text of object 'Object Repository/Popup/Popup'

2021-11-23 17:25:00 - [MESSAGE][PASSED] - Text of object 'Object Repository/Popup/Popup' is: 'Tasarım ön değer tasarım olarak tanımlansın mı?'

2021-11-23 17:25:00 - [TEST_STEP][PASSED] - Method.TextDegerineEsitElementeTikla(findTestObject("Popup/Popup_Butons"), "Onayla"): Method.TextDegerineEsitElementeTikla is PASSED

2021-11-23 17:25:00 - [MESSAGE][INFO] - Finding Test Object 'Object Repository/Popup/Popup_Butons'

2021-11-23 17:25:00 - [MESSAGE][INFO] - Checking timeout

2021-11-23 17:25:00 - [MESSAGE][INFO] - Finding web element with id: 'Object Repository/Popup/Popup_Butons' located by 'By.cssSelector: .modal-footer>button' in '10' second(s)

2021-11-23 17:25:00 - [MESSAGE][INFO] - Smart Wait Function is triggered

2021-11-23 17:25:00 - [MESSAGE][INFO] - Found 2 web elements with id: 'Object Repository/Popup/Popup_Butons' located by 'By.cssSelector: .modal-footer>button' in '10' second(s)

2021-11-23 17:25:00 - [MESSAGE][PASSED] - Method.TextDegerineEsitElementeTikla is PASSED

2021-11-23 17:25:00 - [TEST_STEP][PASSED] - switchToDefaultContent(): Switching to default content

2021-11-23 17:25:00 - [MESSAGE][INFO] - Switching to default content

2021-11-23 17:25:00 - [TEST_STEP][PASSED] - waitForElementClickable(findTestObject("Yukle/Cikis"), 10): Object 'Object Repository/Yukle/Cikis' is clickable

2021-11-23 17:25:00 - [MESSAGE][INFO] - Finding Test Object 'Object Repository/Yukle/Cikis'

2021-11-23 17:25:00 - [MESSAGE][INFO] - Checking object

2021-11-23 17:25:00 - [MESSAGE][INFO] - Checking timeout

2021-11-23 17:25:00 - [MESSAGE][INFO] - Finding web element from Test Object's properties

2021-11-23 17:25:00 - [MESSAGE][INFO] - Checking timeout

2021-11-23 17:25:00 - [MESSAGE][INFO] - Finding web element with id: 'Object Repository/Yukle/Cikis' located by 'By.xpath: //*[@id = 'closeButton']' in '10' second(s)

2021-11-23 17:25:00 - [MESSAGE][INFO] - Smart Wait Function is triggered

2021-11-23 17:25:00 - [MESSAGE][INFO] - Found 1 web elements with id: 'Object Repository/Yukle/Cikis' located by 'By.xpath: //*[@id = 'closeButton']' in '10' second(s)

2021-11-23 17:25:00 - [MESSAGE][PASSED] - Object 'Object Repository/Yukle/Cikis' is clickable

2021-11-23 17:25:00 - [TEST_STEP][PASSED] - click(findTestObject("Yukle/Cikis")): Object: 'Object Repository/Yukle/Cikis' is clicked on

2021-11-23 17:25:00 - [MESSAGE][INFO] - Finding Test Object 'Object Repository/Yukle/Cikis'

2021-11-23 17:25:00 - [MESSAGE][INFO] - Checking object

2021-11-23 17:25:00 - [MESSAGE][INFO] - Finding web element from Test Object's properties

2021-11-23 17:25:00 - [MESSAGE][INFO] - Checking timeout

2021-11-23 17:25:00 - [MESSAGE][INFO] - Finding web element with id: 'Object Repository/Yukle/Cikis' located by 'By.xpath: //*[@id = 'closeButton']' in '30' second(s)

2021-11-23 17:25:00 - [MESSAGE][INFO] - Smart Wait Function is triggered

2021-11-23 17:25:01 - [MESSAGE][INFO] - Found 1 web elements with id: 'Object Repository/Yukle/Cikis' located by 'By.xpath: //*[@id = 'closeButton']' in '30' second(s)

2021-11-23 17:25:01 - [MESSAGE][INFO] - Clicking on object: 'Object Repository/Yukle/Cikis'

2021-11-23 17:25:01 - [MESSAGE][PASSED] - Object: 'Object Repository/Yukle/Cikis' is clicked on

2021-11-23 17:25:01 - [MESSAGE][PASSED] - Call Test Case 'Test Cases/Yukle/TasarimAraclariDosyaYukleme' successfully

2021-11-23 17:25:01 - [MESSAGE][INFO] - Checking called Test Case

2021-11-23 17:25:01 - [MESSAGE][INFO] - Starting to call Test Case 'Test Cases/Tablo/TablodaUnvanliVeriOlusturulduMu'

2021-11-23 17:25:01 - [TEST_CASE][ERROR] - Test Cases/Tablo/TablodaUnvanliVeriOlusturulduMu: Test Cases/Tablo/TablodaUnvanliVeriOlusturulduMu FAILED.
Reason:
org.codehaus.groovy.runtime.InvokerInvocationException: Assertion failed: 

assert a
       |
       false

	at Method.invokeMethod(Method.groovy)
	at com.kms.katalon.core.main.CustomKeywordDelegatingMetaClass.invokeStaticMethod(CustomKeywordDelegatingMetaClass.java:50)
	at TablodaUnvanliVeriOlusturulduMu.run(TablodaUnvanliVeriOlusturulduMu:22)
	at com.kms.katalon.core.main.ScriptEngine.run(ScriptEngine.java:194)
	at com.kms.katalon.core.main.ScriptEngine.runScriptAsRawText(ScriptEngine.java:119)
	at com.kms.katalon.core.main.TestCaseExecutor.runScript(TestCaseExecutor.java:369)
	at com.kms.katalon.core.main.TestCaseExecutor.doExecute(TestCaseExecutor.java:360)
	at com.kms.katalon.core.main.TestCaseExecutor.processExecutionPhase(TestCaseExecutor.java:339)
	at com.kms.katalon.core.main.TestCaseExecutor.accessMainPhase(TestCaseExecutor.java:331)
	at com.kms.katalon.core.main.TestCaseExecutor.execute(TestCaseExecutor.java:248)
	at com.kms.katalon.core.main.TestCaseMain.runTestCase(TestCaseMain.java:138)
	at com.kms.katalon.core.keyword.builtin.CallTestCaseKeyword$_callTestCase_closure1.doCall(CallTestCaseKeyword.groovy:59)
	at com.kms.katalon.core.keyword.builtin.CallTestCaseKeyword$_callTestCase_closure1.call(CallTestCaseKeyword.groovy)
	at com.kms.katalon.core.keyword.internal.KeywordMain.runKeyword(KeywordMain.groovy:68)
	at com.kms.katalon.core.keyword.builtin.CallTestCaseKeyword.callTestCase(CallTestCaseKeyword.groovy:81)
	at com.kms.katalon.core.keyword.builtin.CallTestCaseKeyword.execute(CallTestCaseKeyword.groovy:44)
	at com.kms.katalon.core.keyword.internal.KeywordExecutor.executeKeywordForPlatform(KeywordExecutor.groovy:73)
	at com.kms.katalon.core.keyword.BuiltinKeywords.callTestCase(BuiltinKeywords.groovy:334)
	at tablo.tablo.tablodaUnvanliVeriOlusturulduMu(tablo.groovy:115)
	at cucumber.runtime.Utils$1.call(Utils.java:26)
	at cucumber.runtime.Timeout.timeout(Timeout.java:16)
	at cucumber.runtime.Utils.invoke(Utils.java:20)
	at cucumber.runtime.java.JavaStepDefinition.execute(JavaStepDefinition.java:49)
	at cucumber.runner.PickleStepDefinitionMatch.runStep(PickleStepDefinitionMatch.java:50)
	at cucumber.runner.TestStep.executeStep(TestStep.java:63)
	at cucumber.runner.TestStep.run(TestStep.java:49)
	at cucumber.runner.PickleStepTestStep.run(PickleStepTestStep.java:43)
	at cucumber.runner.TestCase.run(TestCase.java:44)
	at cucumber.runner.Runner.runPickle(Runner.java:40)
	at cucumber.runtime.Runtime$1.run(Runtime.java:84)
	at cucumber.runtime.Runtime$SameThreadExecutorService.execute(Runtime.java:220)
	at cucumber.runtime.Runtime.run(Runtime.java:81)
	at cucumber.api.cli.Main.run(Main.java:26)
	at cucumber.api.cli.Main$run.call(Unknown Source)
	at com.kms.katalon.core.cucumber.keyword.CucumberBuiltinKeywords$_runFeatureFile_closure1.doCall(CucumberBuiltinKeywords.groovy:106)
	at com.kms.katalon.core.cucumber.keyword.CucumberBuiltinKeywords$_runFeatureFile_closure1.doCall(CucumberBuiltinKeywords.groovy)
	at com.kms.katalon.core.keyword.internal.KeywordMain.runKeyword(KeywordMain.groovy:68)
	at com.kms.katalon.core.keyword.internal.KeywordMain$runKeyword.call(Unknown Source)
	at com.kms.katalon.core.cucumber.keyword.CucumberBuiltinKeywords.runFeatureFile(CucumberBuiltinKeywords.groovy:73)
	at com.kms.katalon.core.cucumber.keyword.CucumberBuiltinKeywords$runFeatureFile$0.callStatic(Unknown Source)
	at com.kms.katalon.core.cucumber.keyword.CucumberBuiltinKeywords.runFeatureFile(CucumberBuiltinKeywords.groovy:246)
	at com.kms.katalon.core.cucumber.keyword.CucumberBuiltinKeywords$runFeatureFile.call(Unknown Source)
	at Yukle e-Fatura.run(Yukle e-Fatura:19)
	at com.kms.katalon.core.main.ScriptEngine.run(ScriptEngine.java:194)
	at com.kms.katalon.core.main.ScriptEngine.runScriptAsRawText(ScriptEngine.java:119)
	at com.kms.katalon.core.main.TestCaseExecutor.runScript(TestCaseExecutor.java:369)
	at com.kms.katalon.core.main.TestCaseExecutor.doExecute(TestCaseExecutor.java:360)
	at com.kms.katalon.core.main.TestCaseExecutor.processExecutionPhase(TestCaseExecutor.java:339)
	at com.kms.katalon.core.main.TestCaseExecutor.accessMainPhase(TestCaseExecutor.java:331)
	at com.kms.katalon.core.main.TestCaseExecutor.execute(TestCaseExecutor.java:248)
	at com.kms.katalon.core.main.TestSuiteExecutor.accessTestCaseMainPhase(TestSuiteExecutor.java:191)
	at com.kms.katalon.core.main.TestSuiteExecutor.accessTestSuiteMainPhase(TestSuiteExecutor.java:140)
	at com.kms.katalon.core.main.TestSuiteExecutor.execute(TestSuiteExecutor.java:89)
	at com.kms.katalon.core.main.TestCaseMain.startTestSuite(TestCaseMain.java:181)
	at com.kms.katalon.core.main.TestCaseMain$startTestSuite$0.call(Unknown Source)
	at TempTestSuite1637674467745.run(TempTestSuite1637674467745.groovy:39)
Caused by: Assertion failed: 

assert a
       |
       false

	at Method.TextDegerineEsitElementVarMi(Method.groovy:277)
	... 56 more


2021-11-23 17:25:01 - [TEST_STEP][PASSED] - waitForElementVisible(findTestObject("Tablo/OlusturulanVeri"), 10, STOP_ON_FAILURE): Object 'Object Repository/Tablo/OlusturulanVeri' is visible

2021-11-23 17:25:01 - [MESSAGE][INFO] - Finding Test Object 'Object Repository/Tablo/OlusturulanVeri'

2021-11-23 17:25:01 - [MESSAGE][INFO] - Checking object

2021-11-23 17:25:01 - [MESSAGE][INFO] - Checking timeout

2021-11-23 17:25:01 - [MESSAGE][INFO] - Finding web element from Test Object's properties

2021-11-23 17:25:01 - [MESSAGE][INFO] - Checking timeout

2021-11-23 17:25:01 - [MESSAGE][INFO] - Finding web element with id: 'Object Repository/Tablo/OlusturulanVeri' located by 'By.cssSelector: table.dxgvTable_LECustomTheme>tbody>tr:nth-child(3)>td.dxgv b,table.dxgvTable_LECustomTheme>tbody>tr:nth-child(3)>td.dxgv' in '10' second(s)

2021-11-23 17:25:01 - [MESSAGE][INFO] - Smart Wait Function is triggered

2021-11-23 17:25:06 - [MESSAGE][INFO] - Found 8 web elements with id: 'Object Repository/Tablo/OlusturulanVeri' located by 'By.cssSelector: table.dxgvTable_LECustomTheme>tbody>tr:nth-child(3)>td.dxgv b,table.dxgvTable_LECustomTheme>tbody>tr:nth-child(3)>td.dxgv' in '10' second(s)

2021-11-23 17:25:06 - [MESSAGE][PASSED] - Object 'Object Repository/Tablo/OlusturulanVeri' is visible

2021-11-23 17:25:06 - [TEST_STEP][FAILED] - Method.TextDegerineEsitElementVarMi(findTestObject("Tablo/OlusturulanVeri"), Unvan): Assertion failed: 

assert a
       |
       false


2021-11-23 17:25:06 - [MESSAGE][INFO] - Finding Test Object 'Object Repository/Tablo/OlusturulanVeri'

2021-11-23 17:25:06 - [MESSAGE][INFO] - Checking timeout

2021-11-23 17:25:06 - [MESSAGE][INFO] - Finding web element with id: 'Object Repository/Tablo/OlusturulanVeri' located by 'By.cssSelector: table.dxgvTable_LECustomTheme>tbody>tr:nth-child(3)>td.dxgv b,table.dxgvTable_LECustomTheme>tbody>tr:nth-child(3)>td.dxgv' in '10' second(s)

2021-11-23 17:25:06 - [MESSAGE][INFO] - Smart Wait Function is triggered

2021-11-23 17:25:06 - [MESSAGE][INFO] - Found 8 web elements with id: 'Object Repository/Tablo/OlusturulanVeri' located by 'By.cssSelector: table.dxgvTable_LECustomTheme>tbody>tr:nth-child(3)>td.dxgv b,table.dxgvTable_LECustomTheme>tbody>tr:nth-child(3)>td.dxgv' in '10' second(s)

2021-11-23 17:25:07 - [MESSAGE][FAILED] - Assertion failed: 

assert a
       |
       false


2021-11-23 17:25:07 - [MESSAGE][FAILED] - Unable to call Test Case 'Test Cases/Tablo/TablodaUnvanliVeriOlusturulduMu' (Root cause: com.kms.katalon.core.exception.StepErrorException: Call Test Case 'Test Cases/Tablo/TablodaUnvanliVeriOlusturulduMu' failed because of error(s)
	at com.kms.katalon.core.keyword.builtin.CallTestCaseKeyword$_callTestCase_closure1.doCall(CallTestCaseKeyword.groovy:66)
	at com.kms.katalon.core.keyword.builtin.CallTestCaseKeyword$_callTestCase_closure1.call(CallTestCaseKeyword.groovy)
	at com.kms.katalon.core.keyword.internal.KeywordMain.runKeyword(KeywordMain.groovy:68)
	at com.kms.katalon.core.keyword.builtin.CallTestCaseKeyword.callTestCase(CallTestCaseKeyword.groovy:81)
	at com.kms.katalon.core.keyword.builtin.CallTestCaseKeyword.execute(CallTestCaseKeyword.groovy:44)
	at com.kms.katalon.core.keyword.internal.KeywordExecutor.executeKeywordForPlatform(KeywordExecutor.groovy:73)
	at com.kms.katalon.core.keyword.BuiltinKeywords.callTestCase(BuiltinKeywords.groovy:334)
	at tablo.tablo.tablodaUnvanliVeriOlusturulduMu(tablo.groovy:115)
	at cucumber.runtime.Utils$1.call(Utils.java:26)
	at cucumber.runtime.Timeout.timeout(Timeout.java:16)
	at cucumber.runtime.Utils.invoke(Utils.java:20)
	at cucumber.runtime.java.JavaStepDefinition.execute(JavaStepDefinition.java:49)
	at cucumber.runner.PickleStepDefinitionMatch.runStep(PickleStepDefinitionMatch.java:50)
	at cucumber.runner.TestStep.executeStep(TestStep.java:63)
	at cucumber.runner.TestStep.run(TestStep.java:49)
	at cucumber.runner.PickleStepTestStep.run(PickleStepTestStep.java:43)
	at cucumber.runner.TestCase.run(TestCase.java:44)
	at cucumber.runner.Runner.runPickle(Runner.java:40)
	at cucumber.runtime.Runtime$1.run(Runtime.java:84)
	at cucumber.runtime.Runtime$SameThreadExecutorService.execute(Runtime.java:220)
	at cucumber.runtime.Runtime.run(Runtime.java:81)
	at cucumber.api.cli.Main.run(Main.java:26)
	at cucumber.api.cli.Main$run.call(Unknown Source)
	at com.kms.katalon.core.cucumber.keyword.CucumberBuiltinKeywords$_runFeatureFile_closure1.doCall(CucumberBuiltinKeywords.groovy:106)
	at com.kms.katalon.core.cucumber.keyword.CucumberBuiltinKeywords$_runFeatureFile_closure1.doCall(CucumberBuiltinKeywords.groovy)
	at com.kms.katalon.core.keyword.internal.KeywordMain.runKeyword(KeywordMain.groovy:68)
	at com.kms.katalon.core.keyword.internal.KeywordMain$runKeyword.call(Unknown Source)
	at com.kms.katalon.core.cucumber.keyword.CucumberBuiltinKeywords.runFeatureFile(CucumberBuiltinKeywords.groovy:73)
	at com.kms.katalon.core.cucumber.keyword.CucumberBuiltinKeywords$runFeatureFile$0.callStatic(Unknown Source)
	at com.kms.katalon.core.cucumber.keyword.CucumberBuiltinKeywords.runFeatureFile(CucumberBuiltinKeywords.groovy:246)
	at com.kms.katalon.core.cucumber.keyword.CucumberBuiltinKeywords$runFeatureFile.call(Unknown Source)
	at Yukle e-Fatura.run(Yukle e-Fatura:19)
	at com.kms.katalon.core.main.ScriptEngine.run(ScriptEngine.java:194)
	at com.kms.katalon.core.main.ScriptEngine.runScriptAsRawText(ScriptEngine.java:119)
	at com.kms.katalon.core.main.TestCaseExecutor.runScript(TestCaseExecutor.java:369)
	at com.kms.katalon.core.main.TestCaseExecutor.doExecute(TestCaseExecutor.java:360)
	at com.kms.katalon.core.main.TestCaseExecutor.processExecutionPhase(TestCaseExecutor.java:339)
	at com.kms.katalon.core.main.TestCaseExecutor.accessMainPhase(TestCaseExecutor.java:331)
	at com.kms.katalon.core.main.TestCaseExecutor.execute(TestCaseExecutor.java:248)
	at com.kms.katalon.core.main.TestSuiteExecutor.accessTestCaseMainPhase(TestSuiteExecutor.java:191)
	at com.kms.katalon.core.main.TestSuiteExecutor.accessTestSuiteMainPhase(TestSuiteExecutor.java:140)
	at com.kms.katalon.core.main.TestSuiteExecutor.execute(TestSuiteExecutor.java:89)
	at com.kms.katalon.core.main.TestCaseMain.startTestSuite(TestCaseMain.java:181)
	at com.kms.katalon.core.main.TestCaseMain$startTestSuite$0.call(Unknown Source)
	at TempTestSuite1637674467745.run(TempTestSuite1637674467745.groovy:39)
Caused by: org.codehaus.groovy.runtime.InvokerInvocationException: Assertion failed: 

assert a
       |
       false

	at Method.invokeMethod(Method.groovy)
	at com.kms.katalon.core.main.CustomKeywordDelegatingMetaClass.invokeStaticMethod(CustomKeywordDelegatingMetaClass.java:50)
	at TablodaUnvanliVeriOlusturulduMu.run(TablodaUnvanliVeriOlusturulduMu:22)
	at com.kms.katalon.core.main.ScriptEngine.run(ScriptEngine.java:194)
	at com.kms.katalon.core.main.ScriptEngine.runScriptAsRawText(ScriptEngine.java:119)
	at com.kms.katalon.core.main.TestCaseExecutor.runScript(TestCaseExecutor.java:369)
	at com.kms.katalon.core.main.TestCaseExecutor.doExecute(TestCaseExecutor.java:360)
	at com.kms.katalon.core.main.TestCaseExecutor.processExecutionPhase(TestCaseExecutor.java:339)
	at com.kms.katalon.core.main.TestCaseExecutor.accessMainPhase(TestCaseExecutor.java:331)
	at com.kms.katalon.core.main.TestCaseExecutor.execute(TestCaseExecutor.java:248)
	at com.kms.katalon.core.main.TestCaseMain.runTestCase(TestCaseMain.java:138)
	at com.kms.katalon.core.keyword.builtin.CallTestCaseKeyword$_callTestCase_closure1.doCall(CallTestCaseKeyword.groovy:59)
	... 44 more
Caused by: Assertion failed: 

assert a
       |
       false

	at Method.TextDegerineEsitElementVarMi(Method.groovy:277)
	... 56 more
)

2021-11-23 17:25:07 - [TEST_CASE][ERROR] - Start Test Case : SCENARIO Tasarim Araclari Yukle e-Fatura: SCENARIO Tasarim Araclari Yukle e-Fatura FAILED.
Reason:
com.kms.katalon.core.exception.StepErrorException: Call Test Case 'Test Cases/Tablo/TablodaUnvanliVeriOlusturulduMu' failed because of error(s)
	at com.kms.katalon.core.keyword.builtin.CallTestCaseKeyword$_callTestCase_closure1.doCall(CallTestCaseKeyword.groovy:66)
	at com.kms.katalon.core.keyword.builtin.CallTestCaseKeyword$_callTestCase_closure1.call(CallTestCaseKeyword.groovy)
	at com.kms.katalon.core.keyword.internal.KeywordMain.runKeyword(KeywordMain.groovy:68)
	at com.kms.katalon.core.keyword.builtin.CallTestCaseKeyword.callTestCase(CallTestCaseKeyword.groovy:81)
	at com.kms.katalon.core.keyword.builtin.CallTestCaseKeyword.execute(CallTestCaseKeyword.groovy:44)
	at com.kms.katalon.core.keyword.internal.KeywordExecutor.executeKeywordForPlatform(KeywordExecutor.groovy:73)
	at com.kms.katalon.core.keyword.BuiltinKeywords.callTestCase(BuiltinKeywords.groovy:334)
	at tablo.tablo.tablodaUnvanliVeriOlusturulduMu(tablo.groovy:115)
	at ✽.Tabloda FCDD449F-F6B4-4D5F-B436-1E81B80A7193.xslt- ünvanlı veri oluşturuldu mu(C:/Users/DELL/Documents/GitHub/EES_KatalonLogo/Include/features/Ayarlar/Gorsel Tasarimlar/Tasarim Araclari/Yukle e-Fatura.feature:15)
Caused by: org.codehaus.groovy.runtime.InvokerInvocationException: Assertion failed: 

assert a
       |
       false

	at Method.invokeMethod(Method.groovy)
	at com.kms.katalon.core.main.CustomKeywordDelegatingMetaClass.invokeStaticMethod(CustomKeywordDelegatingMetaClass.java:50)
	at TablodaUnvanliVeriOlusturulduMu.run(TablodaUnvanliVeriOlusturulduMu:22)
	at com.kms.katalon.core.main.ScriptEngine.run(ScriptEngine.java:194)
	at com.kms.katalon.core.main.ScriptEngine.runScriptAsRawText(ScriptEngine.java:119)
	at com.kms.katalon.core.main.TestCaseExecutor.runScript(TestCaseExecutor.java:369)
	at com.kms.katalon.core.main.TestCaseExecutor.doExecute(TestCaseExecutor.java:360)
	at com.kms.katalon.core.main.TestCaseExecutor.processExecutionPhase(TestCaseExecutor.java:339)
	at com.kms.katalon.core.main.TestCaseExecutor.accessMainPhase(TestCaseExecutor.java:331)
	at com.kms.katalon.core.main.TestCaseExecutor.execute(TestCaseExecutor.java:248)
	at com.kms.katalon.core.main.TestCaseMain.runTestCase(TestCaseMain.java:138)
	at com.kms.katalon.core.keyword.builtin.CallTestCaseKeyword$_callTestCase_closure1.doCall(CallTestCaseKeyword.groovy:59)
	at com.kms.katalon.core.keyword.builtin.CallTestCaseKeyword$_callTestCase_closure1.call(CallTestCaseKeyword.groovy)
	at com.kms.katalon.core.keyword.internal.KeywordMain.runKeyword(KeywordMain.groovy:68)
	at com.kms.katalon.core.keyword.builtin.CallTestCaseKeyword.callTestCase(CallTestCaseKeyword.groovy:81)
	at com.kms.katalon.core.keyword.builtin.CallTestCaseKeyword.execute(CallTestCaseKeyword.groovy:44)
	at com.kms.katalon.core.keyword.internal.KeywordExecutor.executeKeywordForPlatform(KeywordExecutor.groovy:73)
	at com.kms.katalon.core.keyword.BuiltinKeywords.callTestCase(BuiltinKeywords.groovy:334)
	at tablo.tablo.tablodaUnvanliVeriOlusturulduMu(tablo.groovy:115)
	at cucumber.runtime.Utils$1.call(Utils.java:26)
	at cucumber.runtime.Timeout.timeout(Timeout.java:16)
	at cucumber.runtime.Utils.invoke(Utils.java:20)
	at cucumber.runtime.java.JavaStepDefinition.execute(JavaStepDefinition.java:49)
	at cucumber.runner.PickleStepDefinitionMatch.runStep(PickleStepDefinitionMatch.java:50)
	at cucumber.runner.TestStep.executeStep(TestStep.java:63)
	at cucumber.runner.TestStep.run(TestStep.java:49)
	at cucumber.runner.PickleStepTestStep.run(PickleStepTestStep.java:43)
	at cucumber.runner.TestCase.run(TestCase.java:44)
	at cucumber.runner.Runner.runPickle(Runner.java:40)
	at cucumber.runtime.Runtime$1.run(Runtime.java:84)
	at cucumber.runtime.Runtime$SameThreadExecutorService.execute(Runtime.java:220)
	at cucumber.runtime.Runtime.run(Runtime.java:81)
	at cucumber.api.cli.Main.run(Main.java:26)
	at cucumber.api.cli.Main$run.call(Unknown Source)
	at com.kms.katalon.core.cucumber.keyword.CucumberBuiltinKeywords$_runFeatureFile_closure1.doCall(CucumberBuiltinKeywords.groovy:106)
	at com.kms.katalon.core.cucumber.keyword.CucumberBuiltinKeywords$_runFeatureFile_closure1.doCall(CucumberBuiltinKeywords.groovy)
	at com.kms.katalon.core.keyword.internal.KeywordMain.runKeyword(KeywordMain.groovy:68)
	at com.kms.katalon.core.keyword.internal.KeywordMain$runKeyword.call(Unknown Source)
	at com.kms.katalon.core.cucumber.keyword.CucumberBuiltinKeywords.runFeatureFile(CucumberBuiltinKeywords.groovy:73)
	at com.kms.katalon.core.cucumber.keyword.CucumberBuiltinKeywords$runFeatureFile$0.callStatic(Unknown Source)
	at com.kms.katalon.core.cucumber.keyword.CucumberBuiltinKeywords.runFeatureFile(CucumberBuiltinKeywords.groovy:246)
	at com.kms.katalon.core.cucumber.keyword.CucumberBuiltinKeywords$runFeatureFile.call(Unknown Source)
	at Yukle e-Fatura.run(Yukle e-Fatura:19)
	at com.kms.katalon.core.main.ScriptEngine.run(ScriptEngine.java:194)
	at com.kms.katalon.core.main.ScriptEngine.runScriptAsRawText(ScriptEngine.java:119)
	at com.kms.katalon.core.main.TestCaseExecutor.runScript(TestCaseExecutor.java:369)
	at com.kms.katalon.core.main.TestCaseExecutor.doExecute(TestCaseExecutor.java:360)
	at com.kms.katalon.core.main.TestCaseExecutor.processExecutionPhase(TestCaseExecutor.java:339)
	at com.kms.katalon.core.main.TestCaseExecutor.accessMainPhase(TestCaseExecutor.java:331)
	at com.kms.katalon.core.main.TestCaseExecutor.execute(TestCaseExecutor.java:248)
	at com.kms.katalon.core.main.TestSuiteExecutor.accessTestCaseMainPhase(TestSuiteExecutor.java:191)
	at com.kms.katalon.core.main.TestSuiteExecutor.accessTestSuiteMainPhase(TestSuiteExecutor.java:140)
	at com.kms.katalon.core.main.TestSuiteExecutor.execute(TestSuiteExecutor.java:89)
	at com.kms.katalon.core.main.TestCaseMain.startTestSuite(TestCaseMain.java:181)
	at com.kms.katalon.core.main.TestCaseMain$startTestSuite$0.call(Unknown Source)
	at TempTestSuite1637674467745.run(TempTestSuite1637674467745.groovy:39)
Caused by: Assertion failed: 

assert a
       |
       false

	at Method.TextDegerineEsitElementVarMi(Method.groovy:277)
	... 56 more


2021-11-23 17:25:07 - [TEST_STEP][PASSED] - Kullanıcı adı ELOGO6 ve Şifre 123456 olarak giriş yapılır: Kullanıcı adı ELOGO6 ve Şifre 123456 olarak giriş yapılır

2021-11-23 17:25:07 - [MESSAGE][PASSED] - Kullanıcı adı ELOGO6 ve Şifre 123456 olarak giriş yapılır

2021-11-23 17:25:07 - [TEST_STEP][PASSED] - Ana menüden Ayarlar seçilir: Ana menüden Ayarlar seçilir

2021-11-23 17:25:07 - [MESSAGE][PASSED] - Ana menüden Ayarlar seçilir

2021-11-23 17:25:07 - [TEST_STEP][PASSED] - Alt menü Görsel Tasarımlar başlığı altındaki Tasarım Araçları seçilir: Alt menü Görsel Tasarımlar başlığı altındaki Tasarım Araçları seçilir

2021-11-23 17:25:07 - [MESSAGE][PASSED] - Alt menü Görsel Tasarımlar başlığı altındaki Tasarım Araçları seçilir

2021-11-23 17:25:07 - [TEST_STEP][PASSED] - Tabloda veri var mı kontrol edilir: Tabloda veri var mı kontrol edilir

2021-11-23 17:25:07 - [MESSAGE][PASSED] - Tabloda veri var mı kontrol edilir

2021-11-23 17:25:07 - [TEST_STEP][PASSED] - Butonlardan Yukle isimli butona tıklanır: Butonlardan Yukle isimli butona tıklanır

2021-11-23 17:25:07 - [MESSAGE][PASSED] - Butonlardan Yukle isimli butona tıklanır

2021-11-23 17:25:07 - [TEST_STEP][PASSED] - Alt butonlardan e-Fatura butonuna tıklanır: Alt butonlardan e-Fatura butonuna tıklanır

2021-11-23 17:25:07 - [MESSAGE][PASSED] - Alt butonlardan e-Fatura butonuna tıklanır

2021-11-23 17:25:07 - [TEST_STEP][PASSED] - Tasarım Araçları Dosya Yükleme alanına C:\otomasyonupfiles\Ayarlar\FCDD449F-F6B4-4D5F-B436-1E81B80A7193.xslt dizinindeki dosya yüklenir: Tasarım Araçları Dosya Yükleme alanına C:\otomasyonupfiles\Ayarlar\FCDD449F-F6B4-4D5F-B436-1E81B80A7193.xslt dizinindeki dosya yüklenir

2021-11-23 17:25:07 - [MESSAGE][PASSED] - Tasarım Araçları Dosya Yükleme alanına C:\otomasyonupfiles\Ayarlar\FCDD449F-F6B4-4D5F-B436-1E81B80A7193.xslt dizinindeki dosya yüklenir

2021-11-23 17:25:07 - [TEST_STEP][ERROR] - Tabloda FCDD449F-F6B4-4D5F-B436-1E81B80A7193.xslt- ünvanlı veri oluşturuldu mu: Tabloda FCDD449F-F6B4-4D5F-B436-1E81B80A7193.xslt- ünvanlı veri oluşturuldu mu FAILED.
Reason:
com.kms.katalon.core.exception.StepErrorException: Call Test Case 'Test Cases/Tablo/TablodaUnvanliVeriOlusturulduMu' failed because of error(s)
	at com.kms.katalon.core.keyword.builtin.CallTestCaseKeyword$_callTestCase_closure1.doCall(CallTestCaseKeyword.groovy:66)
	at com.kms.katalon.core.keyword.builtin.CallTestCaseKeyword$_callTestCase_closure1.call(CallTestCaseKeyword.groovy)
	at com.kms.katalon.core.keyword.internal.KeywordMain.runKeyword(KeywordMain.groovy:68)
	at com.kms.katalon.core.keyword.builtin.CallTestCaseKeyword.callTestCase(CallTestCaseKeyword.groovy:81)
	at com.kms.katalon.core.keyword.builtin.CallTestCaseKeyword.execute(CallTestCaseKeyword.groovy:44)
	at com.kms.katalon.core.keyword.internal.KeywordExecutor.executeKeywordForPlatform(KeywordExecutor.groovy:73)
	at com.kms.katalon.core.keyword.BuiltinKeywords.callTestCase(BuiltinKeywords.groovy:334)
	at tablo.tablo.tablodaUnvanliVeriOlusturulduMu(tablo.groovy:115)
	at ✽.Tabloda FCDD449F-F6B4-4D5F-B436-1E81B80A7193.xslt- ünvanlı veri oluşturuldu mu(C:/Users/DELL/Documents/GitHub/EES_KatalonLogo/Include/features/Ayarlar/Gorsel Tasarimlar/Tasarim Araclari/Yukle e-Fatura.feature:15)
Caused by: org.codehaus.groovy.runtime.InvokerInvocationException: Assertion failed: 

assert a
       |
       false

	at Method.invokeMethod(Method.groovy)
	at com.kms.katalon.core.main.CustomKeywordDelegatingMetaClass.invokeStaticMethod(CustomKeywordDelegatingMetaClass.java:50)
	at TablodaUnvanliVeriOlusturulduMu.run(TablodaUnvanliVeriOlusturulduMu:22)
	at com.kms.katalon.core.main.ScriptEngine.run(ScriptEngine.java:194)
	at com.kms.katalon.core.main.ScriptEngine.runScriptAsRawText(ScriptEngine.java:119)
	at com.kms.katalon.core.main.TestCaseExecutor.runScript(TestCaseExecutor.java:369)
	at com.kms.katalon.core.main.TestCaseExecutor.doExecute(TestCaseExecutor.java:360)
	at com.kms.katalon.core.main.TestCaseExecutor.processExecutionPhase(TestCaseExecutor.java:339)
	at com.kms.katalon.core.main.TestCaseExecutor.accessMainPhase(TestCaseExecutor.java:331)
	at com.kms.katalon.core.main.TestCaseExecutor.execute(TestCaseExecutor.java:248)
	at com.kms.katalon.core.main.TestCaseMain.runTestCase(TestCaseMain.java:138)
	at com.kms.katalon.core.keyword.builtin.CallTestCaseKeyword$_callTestCase_closure1.doCall(CallTestCaseKeyword.groovy:59)
	at com.kms.katalon.core.keyword.builtin.CallTestCaseKeyword$_callTestCase_closure1.call(CallTestCaseKeyword.groovy)
	at com.kms.katalon.core.keyword.internal.KeywordMain.runKeyword(KeywordMain.groovy:68)
	at com.kms.katalon.core.keyword.builtin.CallTestCaseKeyword.callTestCase(CallTestCaseKeyword.groovy:81)
	at com.kms.katalon.core.keyword.builtin.CallTestCaseKeyword.execute(CallTestCaseKeyword.groovy:44)
	at com.kms.katalon.core.keyword.internal.KeywordExecutor.executeKeywordForPlatform(KeywordExecutor.groovy:73)
	at com.kms.katalon.core.keyword.BuiltinKeywords.callTestCase(BuiltinKeywords.groovy:334)
	at tablo.tablo.tablodaUnvanliVeriOlusturulduMu(tablo.groovy:115)
	at cucumber.runtime.Utils$1.call(Utils.java:26)
	at cucumber.runtime.Timeout.timeout(Timeout.java:16)
	at cucumber.runtime.Utils.invoke(Utils.java:20)
	at cucumber.runtime.java.JavaStepDefinition.execute(JavaStepDefinition.java:49)
	at cucumber.runner.PickleStepDefinitionMatch.runStep(PickleStepDefinitionMatch.java:50)
	at cucumber.runner.TestStep.executeStep(TestStep.java:63)
	at cucumber.runner.TestStep.run(TestStep.java:49)
	at cucumber.runner.PickleStepTestStep.run(PickleStepTestStep.java:43)
	at cucumber.runner.TestCase.run(TestCase.java:44)
	at cucumber.runner.Runner.runPickle(Runner.java:40)
	at cucumber.runtime.Runtime$1.run(Runtime.java:84)
	at cucumber.runtime.Runtime$SameThreadExecutorService.execute(Runtime.java:220)
	at cucumber.runtime.Runtime.run(Runtime.java:81)
	at cucumber.api.cli.Main.run(Main.java:26)
	at cucumber.api.cli.Main$run.call(Unknown Source)
	at com.kms.katalon.core.cucumber.keyword.CucumberBuiltinKeywords$_runFeatureFile_closure1.doCall(CucumberBuiltinKeywords.groovy:106)
	at com.kms.katalon.core.cucumber.keyword.CucumberBuiltinKeywords$_runFeatureFile_closure1.doCall(CucumberBuiltinKeywords.groovy)
	at com.kms.katalon.core.keyword.internal.KeywordMain.runKeyword(KeywordMain.groovy:68)
	at com.kms.katalon.core.keyword.internal.KeywordMain$runKeyword.call(Unknown Source)
	at com.kms.katalon.core.cucumber.keyword.CucumberBuiltinKeywords.runFeatureFile(CucumberBuiltinKeywords.groovy:73)
	at com.kms.katalon.core.cucumber.keyword.CucumberBuiltinKeywords$runFeatureFile$0.callStatic(Unknown Source)
	at com.kms.katalon.core.cucumber.keyword.CucumberBuiltinKeywords.runFeatureFile(CucumberBuiltinKeywords.groovy:246)
	at com.kms.katalon.core.cucumber.keyword.CucumberBuiltinKeywords$runFeatureFile.call(Unknown Source)
	at Yukle e-Fatura.run(Yukle e-Fatura:19)
	at com.kms.katalon.core.main.ScriptEngine.run(ScriptEngine.java:194)
	at com.kms.katalon.core.main.ScriptEngine.runScriptAsRawText(ScriptEngine.java:119)
	at com.kms.katalon.core.main.TestCaseExecutor.runScript(TestCaseExecutor.java:369)
	at com.kms.katalon.core.main.TestCaseExecutor.doExecute(TestCaseExecutor.java:360)
	at com.kms.katalon.core.main.TestCaseExecutor.processExecutionPhase(TestCaseExecutor.java:339)
	at com.kms.katalon.core.main.TestCaseExecutor.accessMainPhase(TestCaseExecutor.java:331)
	at com.kms.katalon.core.main.TestCaseExecutor.execute(TestCaseExecutor.java:248)
	at com.kms.katalon.core.main.TestSuiteExecutor.accessTestCaseMainPhase(TestSuiteExecutor.java:191)
	at com.kms.katalon.core.main.TestSuiteExecutor.accessTestSuiteMainPhase(TestSuiteExecutor.java:140)
	at com.kms.katalon.core.main.TestSuiteExecutor.execute(TestSuiteExecutor.java:89)
	at com.kms.katalon.core.main.TestCaseMain.startTestSuite(TestCaseMain.java:181)
	at com.kms.katalon.core.main.TestCaseMain$startTestSuite$0.call(Unknown Source)
	at TempTestSuite1637674467745.run(TempTestSuite1637674467745.groovy:39)
Caused by: Assertion failed: 

assert a
       |
       false

	at Method.TextDegerineEsitElementVarMi(Method.groovy:277)
	... 56 more


2021-11-23 17:25:07 - [MESSAGE][ERROR] - Tabloda FCDD449F-F6B4-4D5F-B436-1E81B80A7193.xslt- ünvanlı veri oluşturuldu mu FAILED.
Reason:
com.kms.katalon.core.exception.StepErrorException: Call Test Case 'Test Cases/Tablo/TablodaUnvanliVeriOlusturulduMu' failed because of error(s)
	at com.kms.katalon.core.keyword.builtin.CallTestCaseKeyword$_callTestCase_closure1.doCall(CallTestCaseKeyword.groovy:66)
	at com.kms.katalon.core.keyword.builtin.CallTestCaseKeyword$_callTestCase_closure1.call(CallTestCaseKeyword.groovy)
	at com.kms.katalon.core.keyword.internal.KeywordMain.runKeyword(KeywordMain.groovy:68)
	at com.kms.katalon.core.keyword.builtin.CallTestCaseKeyword.callTestCase(CallTestCaseKeyword.groovy:81)
	at com.kms.katalon.core.keyword.builtin.CallTestCaseKeyword.execute(CallTestCaseKeyword.groovy:44)
	at com.kms.katalon.core.keyword.internal.KeywordExecutor.executeKeywordForPlatform(KeywordExecutor.groovy:73)
	at com.kms.katalon.core.keyword.BuiltinKeywords.callTestCase(BuiltinKeywords.groovy:334)
	at tablo.tablo.tablodaUnvanliVeriOlusturulduMu(tablo.groovy:115)
	at ✽.Tabloda FCDD449F-F6B4-4D5F-B436-1E81B80A7193.xslt- ünvanlı veri oluşturuldu mu(C:/Users/DELL/Documents/GitHub/EES_KatalonLogo/Include/features/Ayarlar/Gorsel Tasarimlar/Tasarim Araclari/Yukle e-Fatura.feature:15)
Caused by: org.codehaus.groovy.runtime.InvokerInvocationException: Assertion failed: 

assert a
       |
       false

	at Method.invokeMethod(Method.groovy)
	at com.kms.katalon.core.main.CustomKeywordDelegatingMetaClass.invokeStaticMethod(CustomKeywordDelegatingMetaClass.java:50)
	at TablodaUnvanliVeriOlusturulduMu.run(TablodaUnvanliVeriOlusturulduMu:22)
	at com.kms.katalon.core.main.ScriptEngine.run(ScriptEngine.java:194)
	at com.kms.katalon.core.main.ScriptEngine.runScriptAsRawText(ScriptEngine.java:119)
	at com.kms.katalon.core.main.TestCaseExecutor.runScript(TestCaseExecutor.java:369)
	at com.kms.katalon.core.main.TestCaseExecutor.doExecute(TestCaseExecutor.java:360)
	at com.kms.katalon.core.main.TestCaseExecutor.processExecutionPhase(TestCaseExecutor.java:339)
	at com.kms.katalon.core.main.TestCaseExecutor.accessMainPhase(TestCaseExecutor.java:331)
	at com.kms.katalon.core.main.TestCaseExecutor.execute(TestCaseExecutor.java:248)
	at com.kms.katalon.core.main.TestCaseMain.runTestCase(TestCaseMain.java:138)
	at com.kms.katalon.core.keyword.builtin.CallTestCaseKeyword$_callTestCase_closure1.doCall(CallTestCaseKeyword.groovy:59)
	at com.kms.katalon.core.keyword.builtin.CallTestCaseKeyword$_callTestCase_closure1.call(CallTestCaseKeyword.groovy)
	at com.kms.katalon.core.keyword.internal.KeywordMain.runKeyword(KeywordMain.groovy:68)
	at com.kms.katalon.core.keyword.builtin.CallTestCaseKeyword.callTestCase(CallTestCaseKeyword.groovy:81)
	at com.kms.katalon.core.keyword.builtin.CallTestCaseKeyword.execute(CallTestCaseKeyword.groovy:44)
	at com.kms.katalon.core.keyword.internal.KeywordExecutor.executeKeywordForPlatform(KeywordExecutor.groovy:73)
	at com.kms.katalon.core.keyword.BuiltinKeywords.callTestCase(BuiltinKeywords.groovy:334)
	at tablo.tablo.tablodaUnvanliVeriOlusturulduMu(tablo.groovy:115)
	at cucumber.runtime.Utils$1.call(Utils.java:26)
	at cucumber.runtime.Timeout.timeout(Timeout.java:16)
	at cucumber.runtime.Utils.invoke(Utils.java:20)
	at cucumber.runtime.java.JavaStepDefinition.execute(JavaStepDefinition.java:49)
	at cucumber.runner.PickleStepDefinitionMatch.runStep(PickleStepDefinitionMatch.java:50)
	at cucumber.runner.TestStep.executeStep(TestStep.java:63)
	at cucumber.runner.TestStep.run(TestStep.java:49)
	at cucumber.runner.PickleStepTestStep.run(PickleStepTestStep.java:43)
	at cucumber.runner.TestCase.run(TestCase.java:44)
	at cucumber.runner.Runner.runPickle(Runner.java:40)
	at cucumber.runtime.Runtime$1.run(Runtime.java:84)
	at cucumber.runtime.Runtime$SameThreadExecutorService.execute(Runtime.java:220)
	at cucumber.runtime.Runtime.run(Runtime.java:81)
	at cucumber.api.cli.Main.run(Main.java:26)
	at cucumber.api.cli.Main$run.call(Unknown Source)
	at com.kms.katalon.core.cucumber.keyword.CucumberBuiltinKeywords$_runFeatureFile_closure1.doCall(CucumberBuiltinKeywords.groovy:106)
	at com.kms.katalon.core.cucumber.keyword.CucumberBuiltinKeywords$_runFeatureFile_closure1.doCall(CucumberBuiltinKeywords.groovy)
	at com.kms.katalon.core.keyword.internal.KeywordMain.runKeyword(KeywordMain.groovy:68)
	at com.kms.katalon.core.keyword.internal.KeywordMain$runKeyword.call(Unknown Source)
	at com.kms.katalon.core.cucumber.keyword.CucumberBuiltinKeywords.runFeatureFile(CucumberBuiltinKeywords.groovy:73)
	at com.kms.katalon.core.cucumber.keyword.CucumberBuiltinKeywords$runFeatureFile$0.callStatic(Unknown Source)
	at com.kms.katalon.core.cucumber.keyword.CucumberBuiltinKeywords.runFeatureFile(CucumberBuiltinKeywords.groovy:246)
	at com.kms.katalon.core.cucumber.keyword.CucumberBuiltinKeywords$runFeatureFile.call(Unknown Source)
	at Yukle e-Fatura.run(Yukle e-Fatura:19)
	at com.kms.katalon.core.main.ScriptEngine.run(ScriptEngine.java:194)
	at com.kms.katalon.core.main.ScriptEngine.runScriptAsRawText(ScriptEngine.java:119)
	at com.kms.katalon.core.main.TestCaseExecutor.runScript(TestCaseExecutor.java:369)
	at com.kms.katalon.core.main.TestCaseExecutor.doExecute(TestCaseExecutor.java:360)
	at com.kms.katalon.core.main.TestCaseExecutor.processExecutionPhase(TestCaseExecutor.java:339)
	at com.kms.katalon.core.main.TestCaseExecutor.accessMainPhase(TestCaseExecutor.java:331)
	at com.kms.katalon.core.main.TestCaseExecutor.execute(TestCaseExecutor.java:248)
	at com.kms.katalon.core.main.TestSuiteExecutor.accessTestCaseMainPhase(TestSuiteExecutor.java:191)
	at com.kms.katalon.core.main.TestSuiteExecutor.accessTestSuiteMainPhase(TestSuiteExecutor.java:140)
	at com.kms.katalon.core.main.TestSuiteExecutor.execute(TestSuiteExecutor.java:89)
	at com.kms.katalon.core.main.TestCaseMain.startTestSuite(TestCaseMain.java:181)
	at com.kms.katalon.core.main.TestCaseMain$startTestSuite$0.call(Unknown Source)
	at TempTestSuite1637674467745.run(TempTestSuite1637674467745.groovy:39)
Caused by: Assertion failed: 

assert a
       |
       false

	at Method.TextDegerineEsitElementVarMi(Method.groovy:277)
	... 56 more


2021-11-23 17:25:07 - [TEST_STEP][NOT_RUN] - Kullanıcı işlemlerinden Çıkış seçilir: Kullanıcı işlemlerinden Çıkış seçilir

2021-11-23 17:25:07 - [MESSAGE][NOT_RUN] - Kullanıcı işlemlerinden Çıkış seçilir

2021-11-23 17:25:07 - [MESSAGE][FAILED] - Feature file 'Include/features/Ayarlar/Gorsel Tasarimlar/Tasarim Araclari/Yukle e-Fatura.feature' was failed

2021-11-23 17:25:07 - [MESSAGE][FAILED] - Keyword runFeatureFile was failed (Root cause: com.kms.katalon.core.exception.StepFailedException: Feature file 'Include/features/Ayarlar/Gorsel Tasarimlar/Tasarim Araclari/Yukle e-Fatura.feature' was failed
	at com.kms.katalon.core.keyword.internal.KeywordMain.stepFailed(KeywordMain.groovy:50)
	at com.kms.katalon.core.keyword.internal.KeywordMain.stepFailed(KeywordMain.groovy)
	at com.kms.katalon.core.keyword.internal.KeywordMain.stepFailed(KeywordMain.groovy:23)
	at com.kms.katalon.core.keyword.internal.KeywordMain$stepFailed$0.call(Unknown Source)
	at com.kms.katalon.core.cucumber.keyword.CucumberBuiltinKeywords$_runFeatureFile_closure1.doCall(CucumberBuiltinKeywords.groovy:112)
	at com.kms.katalon.core.cucumber.keyword.CucumberBuiltinKeywords$_runFeatureFile_closure1.doCall(CucumberBuiltinKeywords.groovy)
	at com.kms.katalon.core.keyword.internal.KeywordMain.runKeyword(KeywordMain.groovy:68)
	at com.kms.katalon.core.keyword.internal.KeywordMain$runKeyword.call(Unknown Source)
	at com.kms.katalon.core.cucumber.keyword.CucumberBuiltinKeywords.runFeatureFile(CucumberBuiltinKeywords.groovy:73)
	at com.kms.katalon.core.cucumber.keyword.CucumberBuiltinKeywords$runFeatureFile$0.callStatic(Unknown Source)
	at com.kms.katalon.core.cucumber.keyword.CucumberBuiltinKeywords.runFeatureFile(CucumberBuiltinKeywords.groovy:246)
	at com.kms.katalon.core.cucumber.keyword.CucumberBuiltinKeywords$runFeatureFile.call(Unknown Source)
	at Yukle e-Fatura.run(Yukle e-Fatura:19)
	at com.kms.katalon.core.main.ScriptEngine.run(ScriptEngine.java:194)
	at com.kms.katalon.core.main.ScriptEngine.runScriptAsRawText(ScriptEngine.java:119)
	at com.kms.katalon.core.main.TestCaseExecutor.runScript(TestCaseExecutor.java:369)
	at com.kms.katalon.core.main.TestCaseExecutor.doExecute(TestCaseExecutor.java:360)
	at com.kms.katalon.core.main.TestCaseExecutor.processExecutionPhase(TestCaseExecutor.java:339)
	at com.kms.katalon.core.main.TestCaseExecutor.accessMainPhase(TestCaseExecutor.java:331)
	at com.kms.katalon.core.main.TestCaseExecutor.execute(TestCaseExecutor.java:248)
	at com.kms.katalon.core.main.TestSuiteExecutor.accessTestCaseMainPhase(TestSuiteExecutor.java:191)
	at com.kms.katalon.core.main.TestSuiteExecutor.accessTestSuiteMainPhase(TestSuiteExecutor.java:140)
	at com.kms.katalon.core.main.TestSuiteExecutor.execute(TestSuiteExecutor.java:89)
	at com.kms.katalon.core.main.TestCaseMain.startTestSuite(TestCaseMain.java:181)
	at com.kms.katalon.core.main.TestCaseMain$startTestSuite$0.call(Unknown Source)
	at TempTestSuite1637674467745.run(TempTestSuite1637674467745.groovy:39)
)

2021-11-23 17:25:07 - [TEST_STEP][PASSED] - Start listener action : sampleAfterTestSuite: Invoke 'com.kms.katalon.core.annotation.AfterTestCase' method: 'Listener.sampleAfterTestSuite(...)' completed.

2021-11-23 17:25:07 - [MESSAGE][INFO] - Starting invoke 'com.kms.katalon.core.annotation.AfterTestCase' method: 'Listener.sampleAfterTestSuite(...)'

2021-11-23 17:25:07 - [TEST_STEP][PASSED] - closeBrowser(): Invoke 'com.kms.katalon.core.annotation.AfterTestCase' method: 'Listener.sampleAfterTestSuite(...)' completed.

2021-11-23 17:25:07 - [MESSAGE][INFO] - Closing browser

2021-11-23 17:25:07 - [MESSAGE][PASSED] - Browser is closed

2021-11-23 17:25:07 - [MESSAGE][INFO] - Invoke 'com.kms.katalon.core.annotation.AfterTestCase' method: 'Listener.sampleAfterTestSuite(...)' completed.]]></system-out>
         <system-err><![CDATA[2021-11-23 17:24:18 - [TEST_CASE][FAILED] - Test Cases/Case Repository/Ayarlar/Gorsel Tasarim/Tasarim Araclari/Yukle e-Fatura: Test Cases/Case Repository/Ayarlar/Gorsel Tasarim/Tasarim Araclari/Yukle e-Fatura FAILED.
Reason:
com.kms.katalon.core.exception.StepFailedException: Feature file 'Include/features/Ayarlar/Gorsel Tasarimlar/Tasarim Araclari/Yukle e-Fatura.feature' was failed
	at com.kms.katalon.core.keyword.internal.KeywordMain.stepFailed(KeywordMain.groovy:50)
	at com.kms.katalon.core.keyword.internal.KeywordMain.stepFailed(KeywordMain.groovy)
	at com.kms.katalon.core.keyword.internal.KeywordMain.stepFailed(KeywordMain.groovy:23)
	at com.kms.katalon.core.keyword.internal.KeywordMain$stepFailed$0.call(Unknown Source)
	at com.kms.katalon.core.cucumber.keyword.CucumberBuiltinKeywords$_runFeatureFile_closure1.doCall(CucumberBuiltinKeywords.groovy:112)
	at com.kms.katalon.core.cucumber.keyword.CucumberBuiltinKeywords$_runFeatureFile_closure1.doCall(CucumberBuiltinKeywords.groovy)
	at com.kms.katalon.core.keyword.internal.KeywordMain.runKeyword(KeywordMain.groovy:68)
	at com.kms.katalon.core.keyword.internal.KeywordMain$runKeyword.call(Unknown Source)
	at com.kms.katalon.core.cucumber.keyword.CucumberBuiltinKeywords.runFeatureFile(CucumberBuiltinKeywords.groovy:73)
	at com.kms.katalon.core.cucumber.keyword.CucumberBuiltinKeywords$runFeatureFile$0.callStatic(Unknown Source)
	at com.kms.katalon.core.cucumber.keyword.CucumberBuiltinKeywords.runFeatureFile(CucumberBuiltinKeywords.groovy:246)
	at com.kms.katalon.core.cucumber.keyword.CucumberBuiltinKeywords$runFeatureFile.call(Unknown Source)
	at Yukle e-Fatura.run(Yukle e-Fatura:19)
	at com.kms.katalon.core.main.ScriptEngine.run(ScriptEngine.java:194)
	at com.kms.katalon.core.main.ScriptEngine.runScriptAsRawText(ScriptEngine.java:119)
	at com.kms.katalon.core.main.TestCaseExecutor.runScript(TestCaseExecutor.java:369)
	at com.kms.katalon.core.main.TestCaseExecutor.doExecute(TestCaseExecutor.java:360)
	at com.kms.katalon.core.main.TestCaseExecutor.processExecutionPhase(TestCaseExecutor.java:339)
	at com.kms.katalon.core.main.TestCaseExecutor.accessMainPhase(TestCaseExecutor.java:331)
	at com.kms.katalon.core.main.TestCaseExecutor.execute(TestCaseExecutor.java:248)
	at com.kms.katalon.core.main.TestSuiteExecutor.accessTestCaseMainPhase(TestSuiteExecutor.java:191)
	at com.kms.katalon.core.main.TestSuiteExecutor.accessTestSuiteMainPhase(TestSuiteExecutor.java:140)
	at com.kms.katalon.core.main.TestSuiteExecutor.execute(TestSuiteExecutor.java:89)
	at com.kms.katalon.core.main.TestCaseMain.startTestSuite(TestCaseMain.java:181)
	at com.kms.katalon.core.main.TestCaseMain$startTestSuite$0.call(Unknown Source)
	at TempTestSuite1637674467745.run(TempTestSuite1637674467745.groovy:39)]]></system-err>
      </testcase>
      <system-out><![CDATA[2021-11-23 17:09:27 - [TEST_SUITE][FAILED] - Ayarlar: Test Cases/Case Repository/Ayarlar/Gorsel Tasarim/Tasarim Araclari/Yukle e-Fatura FAILED.
Reason:
com.kms.katalon.core.exception.StepFailedException: Feature file 'Include/features/Ayarlar/Gorsel Tasarimlar/Tasarim Araclari/Yukle e-Fatura.feature' was failed
	at com.kms.katalon.core.keyword.internal.KeywordMain.stepFailed(KeywordMain.groovy:50)
	at com.kms.katalon.core.keyword.internal.KeywordMain.stepFailed(KeywordMain.groovy)
	at com.kms.katalon.core.keyword.internal.KeywordMain.stepFailed(KeywordMain.groovy:23)
	at com.kms.katalon.core.keyword.internal.KeywordMain$stepFailed$0.call(Unknown Source)
	at com.kms.katalon.core.cucumber.keyword.CucumberBuiltinKeywords$_runFeatureFile_closure1.doCall(CucumberBuiltinKeywords.groovy:112)
	at com.kms.katalon.core.cucumber.keyword.CucumberBuiltinKeywords$_runFeatureFile_closure1.doCall(CucumberBuiltinKeywords.groovy)
	at com.kms.katalon.core.keyword.internal.KeywordMain.runKeyword(KeywordMain.groovy:68)
	at com.kms.katalon.core.keyword.internal.KeywordMain$runKeyword.call(Unknown Source)
	at com.kms.katalon.core.cucumber.keyword.CucumberBuiltinKeywords.runFeatureFile(CucumberBuiltinKeywords.groovy:73)
	at com.kms.katalon.core.cucumber.keyword.CucumberBuiltinKeywords$runFeatureFile$0.callStatic(Unknown Source)
	at com.kms.katalon.core.cucumber.keyword.CucumberBuiltinKeywords.runFeatureFile(CucumberBuiltinKeywords.groovy:246)
	at com.kms.katalon.core.cucumber.keyword.CucumberBuiltinKeywords$runFeatureFile.call(Unknown Source)
	at Yukle e-Fatura.run(Yukle e-Fatura:19)
	at com.kms.katalon.core.main.ScriptEngine.run(ScriptEngine.java:194)
	at com.kms.katalon.core.main.ScriptEngine.runScriptAsRawText(ScriptEngine.java:119)
	at com.kms.katalon.core.main.TestCaseExecutor.runScript(TestCaseExecutor.java:369)
	at com.kms.katalon.core.main.TestCaseExecutor.doExecute(TestCaseExecutor.java:360)
	at com.kms.katalon.core.main.TestCaseExecutor.processExecutionPhase(TestCaseExecutor.java:339)
	at com.kms.katalon.core.main.TestCaseExecutor.accessMainPhase(TestCaseExecutor.java:331)
	at com.kms.katalon.core.main.TestCaseExecutor.execute(TestCaseExecutor.java:248)
	at com.kms.katalon.core.main.TestSuiteExecutor.accessTestCaseMainPhase(TestSuiteExecutor.java:191)
	at com.kms.katalon.core.main.TestSuiteExecutor.accessTestSuiteMainPhase(TestSuiteExecutor.java:140)
	at com.kms.katalon.core.main.TestSuiteExecutor.execute(TestSuiteExecutor.java:89)
	at com.kms.katalon.core.main.TestCaseMain.startTestSuite(TestCaseMain.java:181)
	at com.kms.katalon.core.main.TestCaseMain$startTestSuite$0.call(Unknown Source)
	at TempTestSuite1637674467745.run(TempTestSuite1637674467745.groovy:39)]]></system-out>
      <system-err><![CDATA[2021-11-23 17:09:27 - [TEST_SUITE][FAILED] - Ayarlar: Test Cases/Case Repository/Ayarlar/Gorsel Tasarim/Tasarim Araclari/Yukle e-Fatura FAILED.
Reason:
com.kms.katalon.core.exception.StepFailedException: Feature file 'Include/features/Ayarlar/Gorsel Tasarimlar/Tasarim Araclari/Yukle e-Fatura.feature' was failed
	at com.kms.katalon.core.keyword.internal.KeywordMain.stepFailed(KeywordMain.groovy:50)
	at com.kms.katalon.core.keyword.internal.KeywordMain.stepFailed(KeywordMain.groovy)
	at com.kms.katalon.core.keyword.internal.KeywordMain.stepFailed(KeywordMain.groovy:23)
	at com.kms.katalon.core.keyword.internal.KeywordMain$stepFailed$0.call(Unknown Source)
	at com.kms.katalon.core.cucumber.keyword.CucumberBuiltinKeywords$_runFeatureFile_closure1.doCall(CucumberBuiltinKeywords.groovy:112)
	at com.kms.katalon.core.cucumber.keyword.CucumberBuiltinKeywords$_runFeatureFile_closure1.doCall(CucumberBuiltinKeywords.groovy)
	at com.kms.katalon.core.keyword.internal.KeywordMain.runKeyword(KeywordMain.groovy:68)
	at com.kms.katalon.core.keyword.internal.KeywordMain$runKeyword.call(Unknown Source)
	at com.kms.katalon.core.cucumber.keyword.CucumberBuiltinKeywords.runFeatureFile(CucumberBuiltinKeywords.groovy:73)
	at com.kms.katalon.core.cucumber.keyword.CucumberBuiltinKeywords$runFeatureFile$0.callStatic(Unknown Source)
	at com.kms.katalon.core.cucumber.keyword.CucumberBuiltinKeywords.runFeatureFile(CucumberBuiltinKeywords.groovy:246)
	at com.kms.katalon.core.cucumber.keyword.CucumberBuiltinKeywords$runFeatureFile.call(Unknown Source)
	at Yukle e-Fatura.run(Yukle e-Fatura:19)
	at com.kms.katalon.core.main.ScriptEngine.run(ScriptEngine.java:194)
	at com.kms.katalon.core.main.ScriptEngine.runScriptAsRawText(ScriptEngine.java:119)
	at com.kms.katalon.core.main.TestCaseExecutor.runScript(TestCaseExecutor.java:369)
	at com.kms.katalon.core.main.TestCaseExecutor.doExecute(TestCaseExecutor.java:360)
	at com.kms.katalon.core.main.TestCaseExecutor.processExecutionPhase(TestCaseExecutor.java:339)
	at com.kms.katalon.core.main.TestCaseExecutor.accessMainPhase(TestCaseExecutor.java:331)
	at com.kms.katalon.core.main.TestCaseExecutor.execute(TestCaseExecutor.java:248)
	at com.kms.katalon.core.main.TestSuiteExecutor.accessTestCaseMainPhase(TestSuiteExecutor.java:191)
	at com.kms.katalon.core.main.TestSuiteExecutor.accessTestSuiteMainPhase(TestSuiteExecutor.java:140)
	at com.kms.katalon.core.main.TestSuiteExecutor.execute(TestSuiteExecutor.java:89)
	at com.kms.katalon.core.main.TestCaseMain.startTestSuite(TestCaseMain.java:181)
	at com.kms.katalon.core.main.TestCaseMain$startTestSuite$0.call(Unknown Source)
	at TempTestSuite1637674467745.run(TempTestSuite1637674467745.groovy:39)]]></system-err>
   </testsuite>
</testsuites>
