<?xml version="1.0" encoding="UTF-8"?>
<testsuites name="e-Makbuz" time="1472.533" tests="29" failures="0" errors="0">
   <testsuite name="e-Makbuz" tests="29" failures="0" errors="0" time="1472.533" skipped="0" timestamp="2021-11-23 16:34:57" hostname="DELL - DESKTOP-QBVMTUG" id="">
      <properties>
         <property name="deviceName" value=""/>
         <property name="devicePlatform" value=""/>
         <property name="logFolder" value="C:\\Users\\DELL\\Documents\\GitHub\\EES_KatalonLogo\\Reports\\20211123_163326\\Suite Repository\\e-Makbuz\\20211123_163348"/>
         <property name="logFiles" value="C:\\Users\\DELL\\Documents\\GitHub\\EES_KatalonLogo\\Reports\\20211123_163326\\Suite Repository\\e-Makbuz\\20211123_163348\\execution0.log, C:\\Users\\DELL\\Documents\\GitHub\\EES_KatalonLogo\\Reports\\20211123_163326\\Suite Repository\\e-Makbuz\\20211123_163348\\execution1.log"/>
         <property name="attachments" value=""/>
         <property name="hostName" value="DELL - DESKTOP-QBVMTUG"/>
         <property name="os" value="Windows 10 64bit"/>
         <property name="katalonVersion" value="8.0.5.208"/>
         <property name="browser" value="Chrome 96.0.4664.45"/>
         <property name="hostAddress" value="192.168.1.24"/>
         <property name="sessionId" value="c25cc60184cb06fcac4c1aa5fd83519f"/>
         <property name="seleniumVersion" value="3.141.59"/>
         <property name="proxyInformation" value="ProxyInformation { proxyOption=NO_PROXY, proxyServerType=HTTP, username=, password=********, proxyServerAddress=, proxyServerPort=0, executionList=&quot;&quot;, isApplyToDesiredCapabilities=true }"/>
         <property name="platform" value="Windows 10"/>
      </properties>
      <testcase name="Test Cases/Case Repository/e-Makbuz/e-Mustahsil Uygulamasi/e-Mustahsil Makbuzlari/Departman Ata-Geri Al" time="70.017" classname="Test Cases/Case Repository/e-Makbuz/e-Mustahsil Uygulamasi/e-Mustahsil Makbuzlari/Departman Ata-Geri Al" status="PASSED">
         <system-out><![CDATA[2021-11-23 16:34:58 - [TEST_CASE][PASSED] - Test Cases/Case Repository/e-Makbuz/e-Mustahsil Uygulamasi/e-Mustahsil Makbuzlari/Departman Ata-Geri Al: Test Cases/Case Repository/e-Makbuz/e-Mustahsil Uygulamasi/e-Mustahsil Makbuzlari/Departman Ata-Geri Al

2021-11-23 16:34:58 - [TEST_STEP][PASSED] - Start listener action : sampleBeforeTestSuite: Invoke 'com.kms.katalon.core.annotation.BeforeTestCase' method: 'Listener.sampleBeforeTestSuite(...)' completed.

2021-11-23 16:34:58 - [MESSAGE][INFO] - Starting invoke 'com.kms.katalon.core.annotation.BeforeTestCase' method: 'Listener.sampleBeforeTestSuite(...)'

2021-11-23 16:34:58 - [TEST_STEP][PASSED] - openBrowser(baseUrl): Browser is opened with url: 'https://efatura-stage.elogo.com.tr/'

2021-11-23 16:35:01 - [MESSAGE][INFO] - Opening browser

2021-11-23 16:35:01 - [MESSAGE][INFO] - Starting 'Chrome' driver

2021-11-23 16:35:01 - [MESSAGE][INFO] - User set preference: ['prefs', '{download.default_directory=C:\otomasyondownfiles}']

2021-11-23 16:35:01 - [MESSAGE][INFO] - Action delay is set to 0 milliseconds

2021-11-23 16:35:06 - [MESSAGE][INFO] - Navigating browser to: 'https://efatura-stage.elogo.com.tr/'

2021-11-23 16:35:09 - [MESSAGE][PASSED] - Browser is opened with url: 'https://efatura-stage.elogo.com.tr/'

2021-11-23 16:35:09 - [TEST_STEP][PASSED] - maximizeWindow(): Invoke 'com.kms.katalon.core.annotation.BeforeTestCase' method: 'Listener.sampleBeforeTestSuite(...)' completed.

2021-11-23 16:35:09 - [MESSAGE][INFO] - Maximizing current window

2021-11-23 16:35:09 - [MESSAGE][PASSED] - Current window maximized

2021-11-23 16:35:09 - [MESSAGE][INFO] - Invoke 'com.kms.katalon.core.annotation.BeforeTestCase' method: 'Listener.sampleBeforeTestSuite(...)' completed.

2021-11-23 16:35:10 - [TEST_STEP][PASSED] - runFeatureFile("Include/features/e-Makbuz/e-Mustahsil Uygulamasi/e-Mustahsil Makbuzlari/Departman Ata-Geri Al.feature"): Feature file: 'Include/features/e-Makbuz/e-Mustahsil Uygulamasi/e-Mustahsil Makbuzlari/Departman Ata-Geri Al.feature' was passed

2021-11-23 16:35:10 - [MESSAGE][INFO] - Starting run keyword runFeatureFile: 'Include/features/e-Makbuz/e-Mustahsil Uygulamasi/e-Mustahsil Makbuzlari/Departman Ata-Geri Al.feature' and extract report to folder: 'C:\Users\DELL\Documents\GitHub\EES_KatalonLogo\Reports\20211123_163326\Suite Repository\e-Makbuz\20211123_163348/cucumber_report/1637674510406'...

2021-11-23 16:35:10 - [MESSAGE][INFO] - Glue: []

2021-11-23 16:35:15 - [MESSAGE][INFO] - Checking called Test Case

2021-11-23 16:35:15 - [MESSAGE][INFO] - Starting to call Test Case 'Test Cases/Sayfalar/Giris_Sayfasi/Login'

2021-11-23 16:35:15 - [TEST_CASE][PASSED] - Test Cases/Sayfalar/Giris_Sayfasi/Login: Test Cases/Sayfalar/Giris_Sayfasi/Login

2021-11-23 16:35:16 - [TEST_STEP][PASSED] - Sayfa_Basligi = getWindowTitle(): Current window's title is: 'LOGO e-Fatura'

2021-11-23 16:35:16 - [MESSAGE][INFO] - Getting current window's title

2021-11-23 16:35:16 - [MESSAGE][PASSED] - Current window's title is: 'LOGO e-Fatura'

2021-11-23 16:35:16 - [TEST_STEP][PASSED] - verifyMatch(Sayfa_Basligi, "LOGO e-Fatura", false): Actual text 'LOGO e-Fatura' and expected text 'LOGO e-Fatura' are matched 

2021-11-23 16:35:16 - [MESSAGE][INFO] - Matching actual text 'LOGO e-Fatura' with expected text 'LOGO e-Fatura'

2021-11-23 16:35:16 - [MESSAGE][PASSED] - Actual text 'LOGO e-Fatura' and expected text 'LOGO e-Fatura' are matched 

2021-11-23 16:35:16 - [TEST_STEP][PASSED] - sendKeys(findTestObject("Sayfalar/Giris_Sayfasi/Firma_Kodu"), KullaniciAdi): Keys 'ELOGO6' sent to object: 'Object Repository/Sayfalar/Giris_Sayfasi/Firma_Kodu'

2021-11-23 16:35:16 - [MESSAGE][INFO] - Finding Test Object 'Object Repository/Sayfalar/Giris_Sayfasi/Firma_Kodu'

2021-11-23 16:35:17 - [MESSAGE][INFO] - Sending keys 'ELOGO6' to object: 'Object Repository/Sayfalar/Giris_Sayfasi/Firma_Kodu'

2021-11-23 16:35:17 - [MESSAGE][INFO] - Finding web element from Test Object's properties

2021-11-23 16:35:17 - [MESSAGE][INFO] - Checking timeout

2021-11-23 16:35:17 - [MESSAGE][INFO] - Finding web element with id: 'Object Repository/Sayfalar/Giris_Sayfasi/Firma_Kodu' located by 'By.xpath: //*[@id = 'AccountName']' in '30' second(s)

2021-11-23 16:35:17 - [MESSAGE][INFO] - Smart Wait Function is triggered

2021-11-23 16:35:17 - [MESSAGE][INFO] - Found 1 web elements with id: 'Object Repository/Sayfalar/Giris_Sayfasi/Firma_Kodu' located by 'By.xpath: //*[@id = 'AccountName']' in '30' second(s)

2021-11-23 16:35:17 - [MESSAGE][PASSED] - Keys 'ELOGO6' sent to object: 'Object Repository/Sayfalar/Giris_Sayfasi/Firma_Kodu'

2021-11-23 16:35:17 - [TEST_STEP][PASSED] - sendKeys(findTestObject("Sayfalar/Giris_Sayfasi/Sifre"), Sifre): Keys '123456' sent to object: 'Object Repository/Sayfalar/Giris_Sayfasi/Sifre'

2021-11-23 16:35:17 - [MESSAGE][INFO] - Finding Test Object 'Object Repository/Sayfalar/Giris_Sayfasi/Sifre'

2021-11-23 16:35:18 - [MESSAGE][INFO] - Sending keys '123456' to object: 'Object Repository/Sayfalar/Giris_Sayfasi/Sifre'

2021-11-23 16:35:18 - [MESSAGE][INFO] - Finding web element from Test Object's properties

2021-11-23 16:35:18 - [MESSAGE][INFO] - Checking timeout

2021-11-23 16:35:18 - [MESSAGE][INFO] - Finding web element with id: 'Object Repository/Sayfalar/Giris_Sayfasi/Sifre' located by 'By.xpath: //*[@id = 'Password']' in '30' second(s)

2021-11-23 16:35:18 - [MESSAGE][INFO] - Smart Wait Function is triggered

2021-11-23 16:35:18 - [MESSAGE][INFO] - Found 1 web elements with id: 'Object Repository/Sayfalar/Giris_Sayfasi/Sifre' located by 'By.xpath: //*[@id = 'Password']' in '30' second(s)

2021-11-23 16:35:18 - [MESSAGE][PASSED] - Keys '123456' sent to object: 'Object Repository/Sayfalar/Giris_Sayfasi/Sifre'

2021-11-23 16:35:18 - [TEST_STEP][PASSED] - findWebElement(findTestObject("Sayfalar/Giris_Sayfasi/Giris_Butonu")).click(): Found 1 web elements with id: 'Object Repository/Sayfalar/Giris_Sayfasi/Giris_Butonu' located by 'By.cssSelector: #btnLogin' in '30' second(s)

2021-11-23 16:35:18 - [MESSAGE][INFO] - Finding Test Object 'Object Repository/Sayfalar/Giris_Sayfasi/Giris_Butonu'

2021-11-23 16:35:18 - [MESSAGE][INFO] - Finding web element from Test Object's properties

2021-11-23 16:35:18 - [MESSAGE][INFO] - Checking timeout

2021-11-23 16:35:18 - [MESSAGE][INFO] - Finding web element with id: 'Object Repository/Sayfalar/Giris_Sayfasi/Giris_Butonu' located by 'By.cssSelector: #btnLogin' in '30' second(s)

2021-11-23 16:35:19 - [MESSAGE][INFO] - Smart Wait Function is triggered

2021-11-23 16:35:19 - [MESSAGE][INFO] - Found 1 web elements with id: 'Object Repository/Sayfalar/Giris_Sayfasi/Giris_Butonu' located by 'By.cssSelector: #btnLogin' in '30' second(s)

2021-11-23 16:35:23 - [TEST_STEP][PASSED] - if (verifyElementPresent(findTestObject("Object Repository/Sayfalar/Giris_Sayfasi/RetveTamam_Butonu"), 5, OPTIONAL)): null

2021-11-23 16:35:23 - [MESSAGE][INFO] - Finding Test Object 'Object Repository/Sayfalar/Giris_Sayfasi/RetveTamam_Butonu'

2021-11-23 16:35:23 - [MESSAGE][INFO] - Checking object

2021-11-23 16:35:23 - [MESSAGE][INFO] - Finding web element from Test Object's properties

2021-11-23 16:35:23 - [MESSAGE][INFO] - Checking timeout

2021-11-23 16:35:23 - [MESSAGE][INFO] - Finding web element with id: 'Object Repository/Sayfalar/Giris_Sayfasi/RetveTamam_Butonu' located by 'By.xpath: //*[@class = 'btn btn-default']' in '5' second(s)

2021-11-23 16:35:23 - [MESSAGE][INFO] - Smart Wait Function is triggered

2021-11-23 16:35:24 - [MESSAGE][INFO] - Found 1 web elements with id: 'Object Repository/Sayfalar/Giris_Sayfasi/RetveTamam_Butonu' located by 'By.xpath: //*[@class = 'btn btn-default']' in '5' second(s)

2021-11-23 16:35:24 - [MESSAGE][PASSED] - Object 'Object Repository/Sayfalar/Giris_Sayfasi/RetveTamam_Butonu' is present

2021-11-23 16:35:24 - [TEST_STEP][PASSED] - click(findTestObject("Object Repository/Sayfalar/Giris_Sayfasi/RetveTamam_Butonu")): Object: 'Object Repository/Sayfalar/Giris_Sayfasi/RetveTamam_Butonu' is clicked on

2021-11-23 16:35:24 - [MESSAGE][INFO] - Finding Test Object 'Object Repository/Sayfalar/Giris_Sayfasi/RetveTamam_Butonu'

2021-11-23 16:35:24 - [MESSAGE][INFO] - Checking object

2021-11-23 16:35:24 - [MESSAGE][INFO] - Finding web element from Test Object's properties

2021-11-23 16:35:24 - [MESSAGE][INFO] - Checking timeout

2021-11-23 16:35:24 - [MESSAGE][INFO] - Finding web element with id: 'Object Repository/Sayfalar/Giris_Sayfasi/RetveTamam_Butonu' located by 'By.xpath: //*[@class = 'btn btn-default']' in '30' second(s)

2021-11-23 16:35:24 - [MESSAGE][INFO] - Smart Wait Function is triggered

2021-11-23 16:35:24 - [MESSAGE][INFO] - Found 1 web elements with id: 'Object Repository/Sayfalar/Giris_Sayfasi/RetveTamam_Butonu' located by 'By.xpath: //*[@class = 'btn btn-default']' in '30' second(s)

2021-11-23 16:35:24 - [MESSAGE][INFO] - Clicking on object: 'Object Repository/Sayfalar/Giris_Sayfasi/RetveTamam_Butonu'

2021-11-23 16:35:24 - [MESSAGE][PASSED] - Object: 'Object Repository/Sayfalar/Giris_Sayfasi/RetveTamam_Butonu' is clicked on

2021-11-23 16:35:24 - [TEST_STEP][PASSED] - click(findTestObject("Object Repository/Sayfalar/Giris_Sayfasi/RetveTamam_Butonu")): Object: 'Object Repository/Sayfalar/Giris_Sayfasi/RetveTamam_Butonu' is clicked on

2021-11-23 16:35:24 - [MESSAGE][INFO] - Finding Test Object 'Object Repository/Sayfalar/Giris_Sayfasi/RetveTamam_Butonu'

2021-11-23 16:35:24 - [MESSAGE][INFO] - Checking object

2021-11-23 16:35:24 - [MESSAGE][INFO] - Finding web element from Test Object's properties

2021-11-23 16:35:24 - [MESSAGE][INFO] - Checking timeout

2021-11-23 16:35:24 - [MESSAGE][INFO] - Finding web element with id: 'Object Repository/Sayfalar/Giris_Sayfasi/RetveTamam_Butonu' located by 'By.xpath: //*[@class = 'btn btn-default']' in '30' second(s)

2021-11-23 16:35:24 - [MESSAGE][INFO] - Smart Wait Function is triggered

2021-11-23 16:35:27 - [MESSAGE][INFO] - Found 1 web elements with id: 'Object Repository/Sayfalar/Giris_Sayfasi/RetveTamam_Butonu' located by 'By.xpath: //*[@class = 'btn btn-default']' in '30' second(s)

2021-11-23 16:35:27 - [MESSAGE][INFO] - Clicking on object: 'Object Repository/Sayfalar/Giris_Sayfasi/RetveTamam_Butonu'

2021-11-23 16:35:27 - [MESSAGE][PASSED] - Object: 'Object Repository/Sayfalar/Giris_Sayfasi/RetveTamam_Butonu' is clicked on

2021-11-23 16:35:27 - [TEST_STEP][PASSED] - if (verifyElementPresent(findTestObject("Sayfalar/Giris_Sayfasi/PopupOK"), 5, OPTIONAL)): null

2021-11-23 16:35:27 - [MESSAGE][INFO] - Finding Test Object 'Object Repository/Sayfalar/Giris_Sayfasi/PopupOK'

2021-11-23 16:35:27 - [MESSAGE][INFO] - Checking object

2021-11-23 16:35:27 - [MESSAGE][INFO] - Finding web element from Test Object's properties

2021-11-23 16:35:27 - [MESSAGE][INFO] - Checking timeout

2021-11-23 16:35:27 - [MESSAGE][INFO] - Finding web element with id: 'Object Repository/Sayfalar/Giris_Sayfasi/PopupOK' located by 'By.cssSelector: .btn.btn-success' in '5' second(s)

2021-11-23 16:35:27 - [MESSAGE][INFO] - Smart Wait Function is triggered

2021-11-23 16:35:28 - [MESSAGE][INFO] - Found 1 web elements with id: 'Object Repository/Sayfalar/Giris_Sayfasi/PopupOK' located by 'By.cssSelector: .btn.btn-success' in '5' second(s)

2021-11-23 16:35:28 - [MESSAGE][PASSED] - Object 'Object Repository/Sayfalar/Giris_Sayfasi/PopupOK' is present

2021-11-23 16:35:28 - [TEST_STEP][PASSED] - click(findTestObject("Object Repository/Sayfalar/Giris_Sayfasi/PopupCarpiGiris")): Object: 'Object Repository/Sayfalar/Giris_Sayfasi/PopupCarpiGiris' is clicked on

2021-11-23 16:35:28 - [MESSAGE][INFO] - Finding Test Object 'Object Repository/Sayfalar/Giris_Sayfasi/PopupCarpiGiris'

2021-11-23 16:35:28 - [MESSAGE][INFO] - Checking object

2021-11-23 16:35:28 - [MESSAGE][INFO] - Finding web element from Test Object's properties

2021-11-23 16:35:28 - [MESSAGE][INFO] - Checking timeout

2021-11-23 16:35:28 - [MESSAGE][INFO] - Finding web element with id: 'Object Repository/Sayfalar/Giris_Sayfasi/PopupCarpiGiris' located by 'By.cssSelector: .bootbox-close-button.close' in '30' second(s)

2021-11-23 16:35:28 - [MESSAGE][INFO] - Smart Wait Function is triggered

2021-11-23 16:35:28 - [MESSAGE][INFO] - Found 1 web elements with id: 'Object Repository/Sayfalar/Giris_Sayfasi/PopupCarpiGiris' located by 'By.cssSelector: .bootbox-close-button.close' in '30' second(s)

2021-11-23 16:35:28 - [MESSAGE][INFO] - Clicking on object: 'Object Repository/Sayfalar/Giris_Sayfasi/PopupCarpiGiris'

2021-11-23 16:35:28 - [MESSAGE][PASSED] - Object: 'Object Repository/Sayfalar/Giris_Sayfasi/PopupCarpiGiris' is clicked on

2021-11-23 16:35:28 - [TEST_STEP][PASSED] - verifyElementVisible(findTestObject("Object Repository/Kullanici_Islemleri/KullaniciIslemleri")): Object 'Object Repository/Kullanici_Islemleri/KullaniciIslemleri' is visible

2021-11-23 16:35:28 - [MESSAGE][INFO] - Finding Test Object 'Object Repository/Kullanici_Islemleri/KullaniciIslemleri'

2021-11-23 16:35:28 - [MESSAGE][INFO] - Checking object

2021-11-23 16:35:28 - [MESSAGE][INFO] - Finding web element from Test Object's properties

2021-11-23 16:35:28 - [MESSAGE][INFO] - Checking timeout

2021-11-23 16:35:28 - [MESSAGE][INFO] - Finding web element with id: 'Object Repository/Kullanici_Islemleri/KullaniciIslemleri' located by 'By.cssSelector: .dropdown>a>img' in '30' second(s)

2021-11-23 16:35:28 - [MESSAGE][INFO] - Smart Wait Function is triggered

2021-11-23 16:35:29 - [MESSAGE][INFO] - Found 1 web elements with id: 'Object Repository/Kullanici_Islemleri/KullaniciIslemleri' located by 'By.cssSelector: .dropdown>a>img' in '30' second(s)

2021-11-23 16:35:29 - [MESSAGE][PASSED] - Object 'Object Repository/Kullanici_Islemleri/KullaniciIslemleri' is visible

2021-11-23 16:35:29 - [MESSAGE][PASSED] - Call Test Case 'Test Cases/Sayfalar/Giris_Sayfasi/Login' successfully

2021-11-23 16:35:29 - [MESSAGE][INFO] - Checking called Test Case

2021-11-23 16:35:29 - [MESSAGE][INFO] - Starting to call Test Case 'Test Cases/Menu/AnaMenuSecimi'

2021-11-23 16:35:29 - [TEST_CASE][PASSED] - Test Cases/Menu/AnaMenuSecimi: Test Cases/Menu/AnaMenuSecimi

2021-11-23 16:35:30 - [TEST_STEP][PASSED] - Method.TextDegerineEsitElementeTikla(findTestObject("Menu/Ana_Menu"), Ana_Menu): Method.TextDegerineEsitElementeTikla is PASSED

2021-11-23 16:35:30 - [MESSAGE][INFO] - Finding Test Object 'Object Repository/Menu/Ana_Menu'

2021-11-23 16:35:30 - [MESSAGE][INFO] - Checking timeout

2021-11-23 16:35:30 - [MESSAGE][INFO] - Finding web element with id: 'Object Repository/Menu/Ana_Menu' located by 'By.xpath: //*[@class = 'dropdown-toggle']' in '10' second(s)

2021-11-23 16:35:30 - [MESSAGE][INFO] - Smart Wait Function is triggered

2021-11-23 16:35:30 - [MESSAGE][INFO] - Found 14 web elements with id: 'Object Repository/Menu/Ana_Menu' located by 'By.xpath: //*[@class = 'dropdown-toggle']' in '10' second(s)

2021-11-23 16:35:30 - [MESSAGE][PASSED] - Method.TextDegerineEsitElementeTikla is PASSED

2021-11-23 16:35:30 - [MESSAGE][PASSED] - Call Test Case 'Test Cases/Menu/AnaMenuSecimi' successfully

2021-11-23 16:35:30 - [MESSAGE][INFO] - Checking called Test Case

2021-11-23 16:35:30 - [MESSAGE][INFO] - Starting to call Test Case 'Test Cases/Menu/BasligaGoreAltMenuSecimi'

2021-11-23 16:35:30 - [TEST_CASE][PASSED] - Test Cases/Menu/BasligaGoreAltMenuSecimi: Test Cases/Menu/BasligaGoreAltMenuSecimi

2021-11-23 16:35:31 - [TEST_STEP][PASSED] - Method.TextDegerineEsitElementinAltindakiTextDegerineEsitOlanaTikla(findTestObject("Menu/Menu_Basligi"), findTestObject("Menu/Basliga_Gore_Alt_Menu"), Baslik, Alt_Menu): Method.TextDegerineEsitElementinAltindakiTextDegerineEsitOlanaTikla is PASSED

2021-11-23 16:35:31 - [MESSAGE][INFO] - Finding Test Object 'Object Repository/Menu/Menu_Basligi'

2021-11-23 16:35:31 - [MESSAGE][INFO] - Finding Test Object 'Object Repository/Menu/Basliga_Gore_Alt_Menu'

2021-11-23 16:35:31 - [MESSAGE][INFO] - Checking timeout

2021-11-23 16:35:31 - [MESSAGE][INFO] - Finding web element with id: 'Object Repository/Menu/Menu_Basligi' located by 'By.xpath: //li[@class='dropdown dropdown-large open']//li[@class='dropdown-header']' in '10' second(s)

2021-11-23 16:35:31 - [MESSAGE][INFO] - Smart Wait Function is triggered

2021-11-23 16:35:31 - [MESSAGE][INFO] - Found 2 web elements with id: 'Object Repository/Menu/Menu_Basligi' located by 'By.xpath: //li[@class='dropdown dropdown-large open']//li[@class='dropdown-header']' in '10' second(s)

2021-11-23 16:35:31 - [MESSAGE][INFO] - Smart Wait Function is triggered

2021-11-23 16:35:36 - [MESSAGE][PASSED] - Method.TextDegerineEsitElementinAltindakiTextDegerineEsitOlanaTikla is PASSED

2021-11-23 16:35:36 - [MESSAGE][PASSED] - Call Test Case 'Test Cases/Menu/BasligaGoreAltMenuSecimi' successfully

2021-11-23 16:35:36 - [MESSAGE][INFO] - Checking called Test Case

2021-11-23 16:35:36 - [MESSAGE][INFO] - Starting to call Test Case 'Test Cases/Filtreler/BaslangicYaz'

2021-11-23 16:35:36 - [TEST_CASE][PASSED] - Test Cases/Filtreler/BaslangicYaz: Test Cases/Filtreler/BaslangicYaz

2021-11-23 16:35:36 - [TEST_STEP][PASSED] - delay(3): Delayed 3 second(s)

2021-11-23 16:35:36 - [MESSAGE][INFO] - Delaying browser in 3 second(s)

2021-11-23 16:35:39 - [MESSAGE][PASSED] - Delayed 3 second(s)

2021-11-23 16:35:39 - [TEST_STEP][PASSED] - Method.TextDegerineEsitElementinAltindakineTikla(findTestObject("Filtreler/Basliklar"), findTestObject("Filtreler/Basliga_Gore_Baslangic_Image"), Filtre_Adi): Method.TextDegerineEsitElementinAltindakineTikla is PASSED

2021-11-23 16:35:39 - [MESSAGE][INFO] - Finding Test Object 'Object Repository/Filtreler/Basliklar'

2021-11-23 16:35:40 - [MESSAGE][INFO] - Finding Test Object 'Object Repository/Filtreler/Basliga_Gore_Baslangic_Image'

2021-11-23 16:35:40 - [MESSAGE][INFO] - Checking timeout

2021-11-23 16:35:40 - [MESSAGE][INFO] - Finding web element with id: 'Object Repository/Filtreler/Basliklar' located by 'By.cssSelector: .control-label.col-sm-4.paddingMarginRLC' in '10' second(s)

2021-11-23 16:35:40 - [MESSAGE][INFO] - Smart Wait Function is triggered

2021-11-23 16:35:40 - [MESSAGE][INFO] - Found 14 web elements with id: 'Object Repository/Filtreler/Basliklar' located by 'By.cssSelector: .control-label.col-sm-4.paddingMarginRLC' in '10' second(s)

2021-11-23 16:35:40 - [MESSAGE][INFO] - Smart Wait Function is triggered

2021-11-23 16:35:41 - [MESSAGE][PASSED] - Method.TextDegerineEsitElementinAltindakineTikla is PASSED

2021-11-23 16:35:41 - [TEST_STEP][PASSED] - Method.TextDegerineEsitElementinAltindakiTextboxtaYaz(findTestObject("Filtreler/Basliklar"), findTestObject("Filtreler/Basliga_Gore_Baslangic"), Filtre_Adi, Filtre_Degeri): Method.TextDegerineEsitElementinAltindakiTextboxtaYaz is PASSED

2021-11-23 16:35:41 - [MESSAGE][INFO] - Finding Test Object 'Object Repository/Filtreler/Basliklar'

2021-11-23 16:35:41 - [MESSAGE][INFO] - Finding Test Object 'Object Repository/Filtreler/Basliga_Gore_Baslangic'

2021-11-23 16:35:41 - [MESSAGE][INFO] - Checking timeout

2021-11-23 16:35:41 - [MESSAGE][INFO] - Finding web element with id: 'Object Repository/Filtreler/Basliklar' located by 'By.cssSelector: .control-label.col-sm-4.paddingMarginRLC' in '10' second(s)

2021-11-23 16:35:41 - [MESSAGE][INFO] - Smart Wait Function is triggered

2021-11-23 16:35:41 - [MESSAGE][INFO] - Found 14 web elements with id: 'Object Repository/Filtreler/Basliklar' located by 'By.cssSelector: .control-label.col-sm-4.paddingMarginRLC' in '10' second(s)

2021-11-23 16:35:41 - [MESSAGE][INFO] - Smart Wait Function is triggered

2021-11-23 16:35:42 - [MESSAGE][PASSED] - Method.TextDegerineEsitElementinAltindakiTextboxtaYaz is PASSED

2021-11-23 16:35:42 - [MESSAGE][PASSED] - Call Test Case 'Test Cases/Filtreler/BaslangicYaz' successfully

2021-11-23 16:35:42 - [MESSAGE][INFO] - Checking called Test Case

2021-11-23 16:35:42 - [MESSAGE][INFO] - Starting to call Test Case 'Test Cases/Filtreler/BitisYaz'

2021-11-23 16:35:42 - [TEST_CASE][PASSED] - Test Cases/Filtreler/BitisYaz: Test Cases/Filtreler/BitisYaz

2021-11-23 16:35:42 - [TEST_STEP][PASSED] - Method.TextDegerineEsitElementinAltindakineTikla(findTestObject("Filtreler/Basliklar"), findTestObject("Filtreler/Basliga_Gore_Bitis_Image"), Filtre_Adi): Method.TextDegerineEsitElementinAltindakineTikla is PASSED

2021-11-23 16:35:42 - [MESSAGE][INFO] - Finding Test Object 'Object Repository/Filtreler/Basliklar'

2021-11-23 16:35:43 - [MESSAGE][INFO] - Finding Test Object 'Object Repository/Filtreler/Basliga_Gore_Bitis_Image'

2021-11-23 16:35:43 - [MESSAGE][INFO] - Checking timeout

2021-11-23 16:35:43 - [MESSAGE][INFO] - Finding web element with id: 'Object Repository/Filtreler/Basliklar' located by 'By.cssSelector: .control-label.col-sm-4.paddingMarginRLC' in '10' second(s)

2021-11-23 16:35:43 - [MESSAGE][INFO] - Smart Wait Function is triggered

2021-11-23 16:35:43 - [MESSAGE][INFO] - Found 14 web elements with id: 'Object Repository/Filtreler/Basliklar' located by 'By.cssSelector: .control-label.col-sm-4.paddingMarginRLC' in '10' second(s)

2021-11-23 16:35:43 - [MESSAGE][INFO] - Smart Wait Function is triggered

2021-11-23 16:35:43 - [MESSAGE][PASSED] - Method.TextDegerineEsitElementinAltindakineTikla is PASSED

2021-11-23 16:35:43 - [TEST_STEP][PASSED] - Method.TextDegerineEsitElementinAltindakiTextboxtaYaz(findTestObject("Filtreler/Basliklar"), findTestObject("Object Repository/Filtreler/Basliga_Gore_Bitis"), Filtre_Adi, Filtre_Degeri): Method.TextDegerineEsitElementinAltindakiTextboxtaYaz is PASSED

2021-11-23 16:35:43 - [MESSAGE][INFO] - Finding Test Object 'Object Repository/Filtreler/Basliklar'

2021-11-23 16:35:43 - [MESSAGE][INFO] - Finding Test Object 'Object Repository/Filtreler/Basliga_Gore_Bitis'

2021-11-23 16:35:44 - [MESSAGE][INFO] - Checking timeout

2021-11-23 16:35:44 - [MESSAGE][INFO] - Finding web element with id: 'Object Repository/Filtreler/Basliklar' located by 'By.cssSelector: .control-label.col-sm-4.paddingMarginRLC' in '10' second(s)

2021-11-23 16:35:44 - [MESSAGE][INFO] - Smart Wait Function is triggered

2021-11-23 16:35:44 - [MESSAGE][INFO] - Found 14 web elements with id: 'Object Repository/Filtreler/Basliklar' located by 'By.cssSelector: .control-label.col-sm-4.paddingMarginRLC' in '10' second(s)

2021-11-23 16:35:44 - [MESSAGE][INFO] - Smart Wait Function is triggered

2021-11-23 16:35:44 - [MESSAGE][PASSED] - Method.TextDegerineEsitElementinAltindakiTextboxtaYaz is PASSED

2021-11-23 16:35:44 - [MESSAGE][PASSED] - Call Test Case 'Test Cases/Filtreler/BitisYaz' successfully

2021-11-23 16:35:44 - [MESSAGE][INFO] - Checking called Test Case

2021-11-23 16:35:44 - [MESSAGE][INFO] - Starting to call Test Case 'Test Cases/Filtreler/ButonaTikla'

2021-11-23 16:35:45 - [TEST_CASE][PASSED] - Test Cases/Filtreler/ButonaTikla: Test Cases/Filtreler/ButonaTikla

2021-11-23 16:35:45 - [TEST_STEP][PASSED] - Method.TextDegerineEsitElementeTikla(findTestObject("Filtreler/Butonlar"), Filtre_Buton): Method.TextDegerineEsitElementeTikla is PASSED

2021-11-23 16:35:45 - [MESSAGE][INFO] - Finding Test Object 'Object Repository/Filtreler/Butonlar'

2021-11-23 16:35:45 - [MESSAGE][INFO] - Checking timeout

2021-11-23 16:35:45 - [MESSAGE][INFO] - Finding web element with id: 'Object Repository/Filtreler/Butonlar' located by 'By.cssSelector: .dxb>span' in '10' second(s)

2021-11-23 16:35:45 - [MESSAGE][INFO] - Smart Wait Function is triggered

2021-11-23 16:35:46 - [MESSAGE][INFO] - Found 3 web elements with id: 'Object Repository/Filtreler/Butonlar' located by 'By.cssSelector: .dxb>span' in '10' second(s)

2021-11-23 16:35:46 - [MESSAGE][PASSED] - Method.TextDegerineEsitElementeTikla is PASSED

2021-11-23 16:35:46 - [MESSAGE][PASSED] - Call Test Case 'Test Cases/Filtreler/ButonaTikla' successfully

2021-11-23 16:35:46 - [MESSAGE][INFO] - Checking called Test Case

2021-11-23 16:35:46 - [MESSAGE][INFO] - Starting to call Test Case 'Test Cases/Tablo/TablodaVeriVarMi'

2021-11-23 16:35:46 - [TEST_CASE][PASSED] - Test Cases/Tablo/TablodaVeriVarMi: Test Cases/Tablo/TablodaVeriVarMi

2021-11-23 16:35:46 - [TEST_STEP][PASSED] - verifyTextNotPresent("Görüntülenecek veri yok", true): Text 'Görüntülenecek veri yok' is not present on page using regular expression

2021-11-23 16:35:47 - [MESSAGE][INFO] - Checking text present  using regular expression

2021-11-23 16:35:47 - [MESSAGE][INFO] - Smart Wait Function is triggered

2021-11-23 16:35:47 - [MESSAGE][INFO] - Finding text 'Görüntülenecek veri yok' on page  using regular expression

2021-11-23 16:35:47 - [MESSAGE][PASSED] - Text 'Görüntülenecek veri yok' is not present on page using regular expression

2021-11-23 16:35:47 - [MESSAGE][PASSED] - Call Test Case 'Test Cases/Tablo/TablodaVeriVarMi' successfully

2021-11-23 16:35:47 - [MESSAGE][INFO] - Checking called Test Case

2021-11-23 16:35:47 - [MESSAGE][INFO] - Starting to call Test Case 'Test Cases/Tablo/TablodanVeriSec'

2021-11-23 16:35:47 - [TEST_CASE][PASSED] - Test Cases/Tablo/TablodanVeriSec: Test Cases/Tablo/TablodanVeriSec

2021-11-23 16:35:48 - [TEST_STEP][PASSED] - Method.TextDegerineEsitElementinAltindakineTikla(findTestObject("Tablo/Veriler"), findTestObject("Tablo/VerininCheckBoxi"), Veri_Adi): Method.TextDegerineEsitElementinAltindakineTikla is PASSED

2021-11-23 16:35:48 - [MESSAGE][INFO] - Finding Test Object 'Object Repository/Tablo/Veriler'

2021-11-23 16:35:48 - [MESSAGE][INFO] - Finding Test Object 'Object Repository/Tablo/VerininCheckBoxi'

2021-11-23 16:35:48 - [MESSAGE][INFO] - Checking timeout

2021-11-23 16:35:48 - [MESSAGE][INFO] - Finding web element with id: 'Object Repository/Tablo/Veriler' located by 'By.cssSelector: td.dxgv b ,td.dxgv' in '10' second(s)

2021-11-23 16:35:48 - [MESSAGE][INFO] - Smart Wait Function is triggered

2021-11-23 16:35:48 - [MESSAGE][INFO] - Found 13 web elements with id: 'Object Repository/Tablo/Veriler' located by 'By.cssSelector: td.dxgv b ,td.dxgv' in '10' second(s)

2021-11-23 16:35:48 - [MESSAGE][INFO] - Smart Wait Function is triggered

2021-11-23 16:35:49 - [MESSAGE][PASSED] - Method.TextDegerineEsitElementinAltindakineTikla is PASSED

2021-11-23 16:35:49 - [MESSAGE][PASSED] - Call Test Case 'Test Cases/Tablo/TablodanVeriSec' successfully

2021-11-23 16:35:49 - [MESSAGE][INFO] - Checking called Test Case

2021-11-23 16:35:49 - [MESSAGE][INFO] - Starting to call Test Case 'Test Cases/Butonlar/ButonaTikla'

2021-11-23 16:35:49 - [TEST_CASE][PASSED] - Test Cases/Butonlar/ButonaTikla: Test Cases/Butonlar/ButonaTikla

2021-11-23 16:35:49 - [TEST_STEP][PASSED] - Method.TextDegerineEsitElementeTiklaEquals(findTestObject("Butonlar/Butonlar"), Buton_Adi): Method.TextDegerineEsitElementeTiklaEquals is PASSED

2021-11-23 16:35:49 - [MESSAGE][INFO] - Finding Test Object 'Object Repository/Butonlar/Butonlar'

2021-11-23 16:35:49 - [MESSAGE][INFO] - Checking timeout

2021-11-23 16:35:49 - [MESSAGE][INFO] - Finding web element with id: 'Object Repository/Butonlar/Butonlar' located by 'By.cssSelector: .panel.panel-default.text-center.footerPanel .btn,.btn.btn-primary.btnControls' in '10' second(s)

2021-11-23 16:35:49 - [MESSAGE][INFO] - Smart Wait Function is triggered

2021-11-23 16:35:50 - [MESSAGE][INFO] - Found 13 web elements with id: 'Object Repository/Butonlar/Butonlar' located by 'By.cssSelector: .panel.panel-default.text-center.footerPanel .btn,.btn.btn-primary.btnControls' in '10' second(s)

2021-11-23 16:35:50 - [MESSAGE][PASSED] - Method.TextDegerineEsitElementeTiklaEquals is PASSED

2021-11-23 16:35:50 - [MESSAGE][PASSED] - Call Test Case 'Test Cases/Butonlar/ButonaTikla' successfully

2021-11-23 16:35:50 - [MESSAGE][INFO] - Checking called Test Case

2021-11-23 16:35:50 - [MESSAGE][INFO] - Starting to call Test Case 'Test Cases/Sekmeler/YeniSekmeyeGec'

2021-11-23 16:35:50 - [TEST_CASE][PASSED] - Test Cases/Sekmeler/YeniSekmeyeGec: Test Cases/Sekmeler/YeniSekmeyeGec

2021-11-23 16:35:51 - [TEST_STEP][PASSED] - switchToWindowIndex(1): Switched to window with index: '1'

2021-11-23 16:35:51 - [MESSAGE][INFO] - Checking index

2021-11-23 16:35:51 - [MESSAGE][INFO] - Switching window with index: '1'

2021-11-23 16:35:51 - [MESSAGE][PASSED] - Switched to window with index: '1'

2021-11-23 16:35:51 - [MESSAGE][PASSED] - Call Test Case 'Test Cases/Sekmeler/YeniSekmeyeGec' successfully

2021-11-23 16:35:51 - [MESSAGE][INFO] - Checking called Test Case

2021-11-23 16:35:51 - [MESSAGE][INFO] - Starting to call Test Case 'Test Cases/Sekmeler/DepartmanCheckboxiSecilir'

2021-11-23 16:35:51 - [TEST_CASE][PASSED] - Test Cases/Sekmeler/DepartmanCheckboxiSecilir: Test Cases/Sekmeler/DepartmanCheckboxiSecilir

2021-11-23 16:35:51 - [TEST_STEP][PASSED] - Method.TextDegerineEsitElementeTikla(findTestObject("Object Repository/Sekmeler/DepartmanCheckboxi"), Departman): Method.TextDegerineEsitElementeTikla is PASSED

2021-11-23 16:35:51 - [MESSAGE][INFO] - Finding Test Object 'Object Repository/Sekmeler/DepartmanCheckboxi'

2021-11-23 16:35:51 - [MESSAGE][INFO] - Checking timeout

2021-11-23 16:35:51 - [MESSAGE][INFO] - Finding web element with id: 'Object Repository/Sekmeler/DepartmanCheckboxi' located by 'By.cssSelector: .dx-wrap' in '10' second(s)

2021-11-23 16:35:51 - [MESSAGE][INFO] - Smart Wait Function is triggered

2021-11-23 16:35:52 - [MESSAGE][INFO] - Found 4 web elements with id: 'Object Repository/Sekmeler/DepartmanCheckboxi' located by 'By.cssSelector: .dx-wrap' in '10' second(s)

2021-11-23 16:35:52 - [MESSAGE][PASSED] - Method.TextDegerineEsitElementeTikla is PASSED

2021-11-23 16:35:52 - [MESSAGE][PASSED] - Call Test Case 'Test Cases/Sekmeler/DepartmanCheckboxiSecilir' successfully

2021-11-23 16:35:52 - [MESSAGE][INFO] - Checking called Test Case

2021-11-23 16:35:52 - [MESSAGE][INFO] - Starting to call Test Case 'Test Cases/Sekmeler/DepartmanKaydedilir'

2021-11-23 16:35:52 - [TEST_CASE][PASSED] - Test Cases/Sekmeler/DepartmanKaydedilir: Test Cases/Sekmeler/DepartmanKaydedilir

2021-11-23 16:35:52 - [TEST_STEP][PASSED] - waitForElementClickable(findTestObject("Object Repository/Sekmeler/DepartmanKaydetButoni"), 10): Object 'Object Repository/Sekmeler/DepartmanKaydetButoni' is clickable

2021-11-23 16:35:52 - [MESSAGE][INFO] - Finding Test Object 'Object Repository/Sekmeler/DepartmanKaydetButoni'

2021-11-23 16:35:53 - [MESSAGE][INFO] - Checking object

2021-11-23 16:35:53 - [MESSAGE][INFO] - Checking timeout

2021-11-23 16:35:53 - [MESSAGE][INFO] - Finding web element from Test Object's properties

2021-11-23 16:35:53 - [MESSAGE][INFO] - Checking timeout

2021-11-23 16:35:53 - [MESSAGE][INFO] - Finding web element with id: 'Object Repository/Sekmeler/DepartmanKaydetButoni' located by 'By.cssSelector: .dx-vam' in '10' second(s)

2021-11-23 16:35:53 - [MESSAGE][INFO] - Smart Wait Function is triggered

2021-11-23 16:35:53 - [MESSAGE][INFO] - Found 1 web elements with id: 'Object Repository/Sekmeler/DepartmanKaydetButoni' located by 'By.cssSelector: .dx-vam' in '10' second(s)

2021-11-23 16:35:53 - [MESSAGE][PASSED] - Object 'Object Repository/Sekmeler/DepartmanKaydetButoni' is clickable

2021-11-23 16:35:53 - [TEST_STEP][PASSED] - click(findTestObject("Object Repository/Sekmeler/DepartmanKaydetButoni")): Object: 'Object Repository/Sekmeler/DepartmanKaydetButoni' is clicked on

2021-11-23 16:35:53 - [MESSAGE][INFO] - Finding Test Object 'Object Repository/Sekmeler/DepartmanKaydetButoni'

2021-11-23 16:35:53 - [MESSAGE][INFO] - Checking object

2021-11-23 16:35:53 - [MESSAGE][INFO] - Finding web element from Test Object's properties

2021-11-23 16:35:53 - [MESSAGE][INFO] - Checking timeout

2021-11-23 16:35:53 - [MESSAGE][INFO] - Finding web element with id: 'Object Repository/Sekmeler/DepartmanKaydetButoni' located by 'By.cssSelector: .dx-vam' in '30' second(s)

2021-11-23 16:35:53 - [MESSAGE][INFO] - Smart Wait Function is triggered

2021-11-23 16:35:53 - [MESSAGE][INFO] - Found 1 web elements with id: 'Object Repository/Sekmeler/DepartmanKaydetButoni' located by 'By.cssSelector: .dx-vam' in '30' second(s)

2021-11-23 16:35:53 - [MESSAGE][INFO] - Clicking on object: 'Object Repository/Sekmeler/DepartmanKaydetButoni'

2021-11-23 16:35:53 - [MESSAGE][PASSED] - Object: 'Object Repository/Sekmeler/DepartmanKaydetButoni' is clicked on

2021-11-23 16:35:53 - [MESSAGE][PASSED] - Call Test Case 'Test Cases/Sekmeler/DepartmanKaydedilir' successfully

2021-11-23 16:35:53 - [MESSAGE][INFO] - Checking called Test Case

2021-11-23 16:35:53 - [MESSAGE][INFO] - Starting to call Test Case 'Test Cases/Popup/PopupMesajiIceriyorMu'

2021-11-23 16:35:53 - [TEST_CASE][PASSED] - Test Cases/Popup/PopupMesajiIceriyorMu: Test Cases/Popup/PopupMesajiIceriyorMu

2021-11-23 16:35:54 - [TEST_STEP][PASSED] - waitForElementVisible(findTestObject("Popup/Popup"), 10): Object 'Object Repository/Popup/Popup' is visible

2021-11-23 16:35:54 - [MESSAGE][INFO] - Finding Test Object 'Object Repository/Popup/Popup'

2021-11-23 16:35:54 - [MESSAGE][INFO] - Checking object

2021-11-23 16:35:54 - [MESSAGE][INFO] - Checking timeout

2021-11-23 16:35:54 - [MESSAGE][INFO] - Finding web element from Test Object's properties

2021-11-23 16:35:54 - [MESSAGE][INFO] - Checking timeout

2021-11-23 16:35:54 - [MESSAGE][INFO] - Finding web element with id: 'Object Repository/Popup/Popup' located by 'By.cssSelector: .bootbox-body' in '10' second(s)

2021-11-23 16:35:54 - [MESSAGE][INFO] - Smart Wait Function is triggered

2021-11-23 16:35:55 - [MESSAGE][INFO] - Found 1 web elements with id: 'Object Repository/Popup/Popup' located by 'By.cssSelector: .bootbox-body' in '10' second(s)

2021-11-23 16:35:55 - [MESSAGE][PASSED] - Object 'Object Repository/Popup/Popup' is visible

2021-11-23 16:35:55 - [TEST_STEP][PASSED] - if (!(getText(findTestObject("Popup/Popup")).contains(Mesaj))): Text of object 'Object Repository/Popup/Popup' is: 'Seçilen belgeler ilgili departmanlara aktarılmıştır.'

2021-11-23 16:35:55 - [MESSAGE][INFO] - Finding Test Object 'Object Repository/Popup/Popup'

2021-11-23 16:35:55 - [MESSAGE][INFO] - Checking object

2021-11-23 16:35:55 - [MESSAGE][INFO] - Finding web element from Test Object's properties

2021-11-23 16:35:55 - [MESSAGE][INFO] - Checking timeout

2021-11-23 16:35:55 - [MESSAGE][INFO] - Finding web element with id: 'Object Repository/Popup/Popup' located by 'By.cssSelector: .bootbox-body' in '30' second(s)

2021-11-23 16:35:55 - [MESSAGE][INFO] - Smart Wait Function is triggered

2021-11-23 16:35:55 - [MESSAGE][INFO] - Found 1 web elements with id: 'Object Repository/Popup/Popup' located by 'By.cssSelector: .bootbox-body' in '30' second(s)

2021-11-23 16:35:55 - [MESSAGE][INFO] - Getting text of object 'Object Repository/Popup/Popup'

2021-11-23 16:35:55 - [MESSAGE][PASSED] - Text of object 'Object Repository/Popup/Popup' is: 'Seçilen belgeler ilgili departmanlara aktarılmıştır.'

2021-11-23 16:35:55 - [TEST_STEP][PASSED] - RaporNo = getText(findTestObject("Popup/Popup")).substring(0, 6): Text of object 'Object Repository/Popup/Popup' is: 'Seçilen belgeler ilgili departmanlara aktarılmıştır.'

2021-11-23 16:35:55 - [MESSAGE][INFO] - Finding Test Object 'Object Repository/Popup/Popup'

2021-11-23 16:35:55 - [MESSAGE][INFO] - Checking object

2021-11-23 16:35:55 - [MESSAGE][INFO] - Finding web element from Test Object's properties

2021-11-23 16:35:55 - [MESSAGE][INFO] - Checking timeout

2021-11-23 16:35:55 - [MESSAGE][INFO] - Finding web element with id: 'Object Repository/Popup/Popup' located by 'By.cssSelector: .bootbox-body' in '30' second(s)

2021-11-23 16:35:55 - [MESSAGE][INFO] - Smart Wait Function is triggered

2021-11-23 16:35:55 - [MESSAGE][INFO] - Found 1 web elements with id: 'Object Repository/Popup/Popup' located by 'By.cssSelector: .bootbox-body' in '30' second(s)

2021-11-23 16:35:55 - [MESSAGE][INFO] - Getting text of object 'Object Repository/Popup/Popup'

2021-11-23 16:35:55 - [MESSAGE][PASSED] - Text of object 'Object Repository/Popup/Popup' is: 'Seçilen belgeler ilgili departmanlara aktarılmıştır.'

2021-11-23 16:35:55 - [TEST_STEP][PASSED] - Console.println(RaporNo): null

2021-11-23 16:35:55 - [MESSAGE][PASSED] - Call Test Case 'Test Cases/Popup/PopupMesajiIceriyorMu' successfully

2021-11-23 16:35:55 - [MESSAGE][INFO] - Checking called Test Case

2021-11-23 16:35:55 - [MESSAGE][INFO] - Starting to call Test Case 'Test Cases/Popup/PopupButonSecilir'

2021-11-23 16:35:56 - [TEST_CASE][PASSED] - Test Cases/Popup/PopupButonSecilir: Test Cases/Popup/PopupButonSecilir

2021-11-23 16:35:56 - [TEST_STEP][PASSED] - Method.TextDegerineEsitElementeTikla(findTestObject("Popup/Popup_Butons"), Buton): Method.TextDegerineEsitElementeTikla is PASSED

2021-11-23 16:35:56 - [MESSAGE][INFO] - Finding Test Object 'Object Repository/Popup/Popup_Butons'

2021-11-23 16:35:56 - [MESSAGE][INFO] - Checking timeout

2021-11-23 16:35:56 - [MESSAGE][INFO] - Finding web element with id: 'Object Repository/Popup/Popup_Butons' located by 'By.cssSelector: .modal-footer>button' in '10' second(s)

2021-11-23 16:35:56 - [MESSAGE][INFO] - Smart Wait Function is triggered

2021-11-23 16:35:57 - [MESSAGE][INFO] - Found 1 web elements with id: 'Object Repository/Popup/Popup_Butons' located by 'By.cssSelector: .modal-footer>button' in '10' second(s)

2021-11-23 16:35:57 - [MESSAGE][PASSED] - Method.TextDegerineEsitElementeTikla is PASSED

2021-11-23 16:35:57 - [MESSAGE][PASSED] - Call Test Case 'Test Cases/Popup/PopupButonSecilir' successfully

2021-11-23 16:35:57 - [MESSAGE][INFO] - Checking called Test Case

2021-11-23 16:35:57 - [MESSAGE][INFO] - Starting to call Test Case 'Test Cases/Sekmeler/Ana_Sekmeye_Gec'

2021-11-23 16:35:57 - [TEST_CASE][PASSED] - Test Cases/Sekmeler/Ana_Sekmeye_Gec: Test Cases/Sekmeler/Ana_Sekmeye_Gec

2021-11-23 16:35:57 - [TEST_STEP][FAILED] - try: Unable to get the index of the current window (Root cause: com.kms.katalon.core.exception.StepFailedException: Unable to get the index of the current window
	at com.kms.katalon.core.webui.keyword.internal.WebUIKeywordMain.stepFailed(WebUIKeywordMain.groovy:64)
	at com.kms.katalon.core.webui.keyword.internal.WebUIKeywordMain.runKeywordAndReturnInt(WebUIKeywordMain.groovy:56)
	at com.kms.katalon.core.webui.keyword.builtin.GetWindowIndexKeyword.getWindowIndex(GetWindowIndexKeyword.groovy:71)
	at com.kms.katalon.core.webui.keyword.builtin.GetWindowIndexKeyword.execute(GetWindowIndexKeyword.groovy:66)
	at com.kms.katalon.core.keyword.internal.KeywordExecutor.executeKeywordForPlatform(KeywordExecutor.groovy:73)
	at com.kms.katalon.core.webui.keyword.WebUiBuiltInKeywords.getWindowIndex(WebUiBuiltInKeywords.groovy:262)
	at com.kms.katalon.core.webui.keyword.WebUiBuiltInKeywords$getWindowIndex$13.call(Unknown Source)
	at Ana_Sekmeye_Gec.run(Ana_Sekmeye_Gec:18)
	at com.kms.katalon.core.main.ScriptEngine.run(ScriptEngine.java:194)
	at com.kms.katalon.core.main.ScriptEngine.runScriptAsRawText(ScriptEngine.java:119)
	at com.kms.katalon.core.main.TestCaseExecutor.runScript(TestCaseExecutor.java:369)
	at com.kms.katalon.core.main.TestCaseExecutor.doExecute(TestCaseExecutor.java:360)
	at com.kms.katalon.core.main.TestCaseExecutor.processExecutionPhase(TestCaseExecutor.java:339)
	at com.kms.katalon.core.main.TestCaseExecutor.accessMainPhase(TestCaseExecutor.java:331)
	at com.kms.katalon.core.main.TestCaseExecutor.execute(TestCaseExecutor.java:248)
	at com.kms.katalon.core.main.TestCaseMain.runTestCase(TestCaseMain.java:138)
	at com.kms.katalon.core.keyword.builtin.CallTestCaseKeyword$_callTestCase_closure1.doCall(CallTestCaseKeyword.groovy:59)
	at com.kms.katalon.core.keyword.builtin.CallTestCaseKeyword$_callTestCase_closure1.call(CallTestCaseKeyword.groovy)
	at com.kms.katalon.core.keyword.internal.KeywordMain.runKeyword(KeywordMain.groovy:68)
	at com.kms.katalon.core.keyword.builtin.CallTestCaseKeyword.callTestCase(CallTestCaseKeyword.groovy:81)
	at com.kms.katalon.core.keyword.builtin.CallTestCaseKeyword.execute(CallTestCaseKeyword.groovy:44)
	at com.kms.katalon.core.keyword.internal.KeywordExecutor.executeKeywordForPlatform(KeywordExecutor.groovy:73)
	at com.kms.katalon.core.keyword.BuiltinKeywords.callTestCase(BuiltinKeywords.groovy:334)
	at sekmeler.sekmeler.anaSekmeyeGecilir(sekmeler.groovy:55)
	at cucumber.runtime.Utils$1.call(Utils.java:26)
	at cucumber.runtime.Timeout.timeout(Timeout.java:16)
	at cucumber.runtime.Utils.invoke(Utils.java:20)
	at cucumber.runtime.java.JavaStepDefinition.execute(JavaStepDefinition.java:49)
	at cucumber.runner.PickleStepDefinitionMatch.runStep(PickleStepDefinitionMatch.java:50)
	at cucumber.runner.TestStep.executeStep(TestStep.java:63)
	at cucumber.runner.TestStep.run(TestStep.java:49)
	at cucumber.runner.PickleStepTestStep.run(PickleStepTestStep.java:43)
	at cucumber.runner.TestCase.run(TestCase.java:44)
	at cucumber.runner.Runner.runPickle(Runner.java:40)
	at cucumber.runtime.Runtime$1.run(Runtime.java:84)
	at cucumber.runtime.Runtime$SameThreadExecutorService.execute(Runtime.java:220)
	at cucumber.runtime.Runtime.run(Runtime.java:81)
	at cucumber.api.cli.Main.run(Main.java:26)
	at cucumber.api.cli.Main$run.call(Unknown Source)
	at com.kms.katalon.core.cucumber.keyword.CucumberBuiltinKeywords$_runFeatureFile_closure1.doCall(CucumberBuiltinKeywords.groovy:106)
	at com.kms.katalon.core.cucumber.keyword.CucumberBuiltinKeywords$_runFeatureFile_closure1.doCall(CucumberBuiltinKeywords.groovy)
	at com.kms.katalon.core.keyword.internal.KeywordMain.runKeyword(KeywordMain.groovy:68)
	at com.kms.katalon.core.keyword.internal.KeywordMain$runKeyword.call(Unknown Source)
	at com.kms.katalon.core.cucumber.keyword.CucumberBuiltinKeywords.runFeatureFile(CucumberBuiltinKeywords.groovy:73)
	at com.kms.katalon.core.cucumber.keyword.CucumberBuiltinKeywords$runFeatureFile$0.callStatic(Unknown Source)
	at com.kms.katalon.core.cucumber.keyword.CucumberBuiltinKeywords.runFeatureFile(CucumberBuiltinKeywords.groovy:246)
	at com.kms.katalon.core.cucumber.keyword.CucumberBuiltinKeywords$runFeatureFile.call(Unknown Source)
	at Departman Ata-Geri Al.run(Departman Ata-Geri Al:18)
	at com.kms.katalon.core.main.ScriptEngine.run(ScriptEngine.java:194)
	at com.kms.katalon.core.main.ScriptEngine.runScriptAsRawText(ScriptEngine.java:119)
	at com.kms.katalon.core.main.TestCaseExecutor.runScript(TestCaseExecutor.java:369)
	at com.kms.katalon.core.main.TestCaseExecutor.doExecute(TestCaseExecutor.java:360)
	at com.kms.katalon.core.main.TestCaseExecutor.processExecutionPhase(TestCaseExecutor.java:339)
	at com.kms.katalon.core.main.TestCaseExecutor.accessMainPhase(TestCaseExecutor.java:331)
	at com.kms.katalon.core.main.TestCaseExecutor.execute(TestCaseExecutor.java:248)
	at com.kms.katalon.core.main.TestSuiteExecutor.accessTestCaseMainPhase(TestSuiteExecutor.java:191)
	at com.kms.katalon.core.main.TestSuiteExecutor.accessTestSuiteMainPhase(TestSuiteExecutor.java:140)
	at com.kms.katalon.core.main.TestSuiteExecutor.execute(TestSuiteExecutor.java:89)
	at com.kms.katalon.core.main.TestCaseMain.startTestSuite(TestCaseMain.java:181)
	at com.kms.katalon.core.main.TestCaseMain$startTestSuite$0.call(Unknown Source)
	at TempTestSuite1637674428169.run(TempTestSuite1637674428169.groovy:39)
Caused by: org.openqa.selenium.NoSuchWindowException: no such window: window was already closed
  (Session info: chrome=96.0.4664.45)
Build info: version: '3.141.59', revision: 'e82be7d358', time: '2018-11-14T08:25:53'
System info: host: 'DESKTOP-QBVMTUG', ip: '192.168.1.24', os.name: 'Windows 10', os.arch: 'amd64', os.version: '10.0', java.version: '1.8.0_282'
Driver info: com.kms.katalon.selenium.driver.CChromeDriver
Capabilities {acceptInsecureCerts: false, browserName: chrome, browserVersion: 96.0.4664.45, chrome: {chromedriverVersion: 96.0.4664.45 (76e4c1bb2ab46..., userDataDir: C:\Users\DELL\AppData\Local...}, goog:chromeOptions: {debuggerAddress: localhost:62801}, javascriptEnabled: true, networkConnectionEnabled: false, pageLoadStrategy: normal, platform: WINDOWS, platformName: WINDOWS, proxy: Proxy(), setWindowRect: true, strictFileInteractability: false, timeouts: {implicit: 0, pageLoad: 300000, script: 30000}, unhandledPromptBehavior: dismiss and notify, webauthn:extension:credBlob: true, webauthn:extension:largeBlob: true, webauthn:virtualAuthenticators: true}
Session ID: 8f6c8f94397ce2134771b41349eaa615
	at org.openqa.selenium.remote.http.W3CHttpResponseCodec.createException(W3CHttpResponseCodec.java:187)
	at org.openqa.selenium.remote.http.W3CHttpResponseCodec.decode(W3CHttpResponseCodec.java:122)
	at org.openqa.selenium.remote.http.W3CHttpResponseCodec.decode(W3CHttpResponseCodec.java:49)
	at org.openqa.selenium.remote.HttpCommandExecutor.execute(HttpCommandExecutor.java:158)
	at org.openqa.selenium.remote.service.DriverCommandExecutor.execute(DriverCommandExecutor.java:83)
	at org.openqa.selenium.remote.RemoteWebDriver.execute(RemoteWebDriver.java:552)
	at com.kms.katalon.selenium.driver.CChromeDriver.execute(CChromeDriver.java:19)
	at org.openqa.selenium.remote.RemoteWebDriver.execute(RemoteWebDriver.java:609)
	at org.openqa.selenium.remote.RemoteWebDriver.getWindowHandle(RemoteWebDriver.java:472)
	at org.openqa.selenium.support.events.EventFiringWebDriver.lambda$new$1(EventFiringWebDriver.java:105)
	at com.sun.proxy.$Proxy12.getWindowHandle(Unknown Source)
	at org.openqa.selenium.support.events.EventFiringWebDriver.getWindowHandle(EventFiringWebDriver.java:221)
	at com.kms.katalon.core.webui.driver.DriverFactory.getCurrentWindowIndex(DriverFactory.java:1072)
	at com.kms.katalon.core.webui.keyword.builtin.GetWindowIndexKeyword$_getWindowIndex_closure1.doCall(GetWindowIndexKeyword.groovy:73)
	at com.kms.katalon.core.webui.keyword.builtin.GetWindowIndexKeyword$_getWindowIndex_closure1.call(GetWindowIndexKeyword.groovy)
	at com.kms.katalon.core.webui.keyword.internal.WebUIKeywordMain.runKeywordAndReturnInt(WebUIKeywordMain.groovy:50)
	at com.kms.katalon.core.webui.keyword.builtin.GetWindowIndexKeyword.getWindowIndex(GetWindowIndexKeyword.groovy:71)
	at com.kms.katalon.core.webui.keyword.builtin.GetWindowIndexKeyword.execute(GetWindowIndexKeyword.groovy:66)
	at com.kms.katalon.core.keyword.internal.KeywordExecutor.executeKeywordForPlatform(KeywordExecutor.groovy:73)
	at com.kms.katalon.core.webui.keyword.WebUiBuiltInKeywords.getWindowIndex(WebUiBuiltInKeywords.groovy:262)
	at com.kms.katalon.core.webui.keyword.WebUiBuiltInKeywords$getWindowIndex$13.call(Unknown Source)
	at Script1586261051750.run(Script1586261051750.groovy:18)
	at com.kms.katalon.core.main.ScriptEngine.run(ScriptEngine.java:194)
	at com.kms.katalon.core.main.ScriptEngine.runScriptAsRawText(ScriptEngine.java:119)
	at com.kms.katalon.core.main.TestCaseExecutor.runScript(TestCaseExecutor.java:369)
	at com.kms.katalon.core.main.TestCaseExecutor.doExecute(TestCaseExecutor.java:360)
	at com.kms.katalon.core.main.TestCaseExecutor.processExecutionPhase(TestCaseExecutor.java:339)
	at com.kms.katalon.core.main.TestCaseExecutor.accessMainPhase(TestCaseExecutor.java:331)
	at com.kms.katalon.core.main.TestCaseExecutor.execute(TestCaseExecutor.java:248)
	at com.kms.katalon.core.main.TestCaseMain.runTestCase(TestCaseMain.java:138)
	at com.kms.katalon.core.keyword.builtin.CallTestCaseKeyword$_callTestCase_closure1.doCall(CallTestCaseKeyword.groovy:59)
	at com.kms.katalon.core.keyword.builtin.CallTestCaseKeyword$_callTestCase_closure1.call(CallTestCaseKeyword.groovy)
	at com.kms.katalon.core.keyword.internal.KeywordMain.runKeyword(KeywordMain.groovy:68)
	at com.kms.katalon.core.keyword.builtin.CallTestCaseKeyword.callTestCase(CallTestCaseKeyword.groovy:81)
	at com.kms.katalon.core.keyword.builtin.CallTestCaseKeyword.execute(CallTestCaseKeyword.groovy:44)
	at com.kms.katalon.core.keyword.internal.KeywordExecutor.executeKeywordForPlatform(KeywordExecutor.groovy:73)
	at com.kms.katalon.core.keyword.BuiltinKeywords.callTestCase(BuiltinKeywords.groovy:334)
	at sekmeler.sekmeler.anaSekmeyeGecilir(sekmeler.groovy:55)
	at cucumber.runtime.Utils$1.call(Utils.java:26)
	at cucumber.runtime.Timeout.timeout(Timeout.java:16)
	at cucumber.runtime.Utils.invoke(Utils.java:20)
	at cucumber.runtime.java.JavaStepDefinition.execute(JavaStepDefinition.java:49)
	at cucumber.runner.PickleStepDefinitionMatch.runStep(PickleStepDefinitionMatch.java:50)
	at cucumber.runner.TestStep.executeStep(TestStep.java:63)
	at cucumber.runner.TestStep.run(TestStep.java:49)
	at cucumber.runner.PickleStepTestStep.run(PickleStepTestStep.java:43)
	at cucumber.runner.TestCase.run(TestCase.java:44)
	at cucumber.runner.Runner.runPickle(Runner.java:40)
	at cucumber.runtime.Runtime$1.run(Runtime.java:84)
	at cucumber.runtime.Runtime$SameThreadExecutorService.execute(Runtime.java:220)
	at cucumber.runtime.Runtime.run(Runtime.java:81)
	at cucumber.api.cli.Main.run(Main.java:26)
	at cucumber.api.cli.Main$run.call(Unknown Source)
	at com.kms.katalon.core.cucumber.keyword.CucumberBuiltinKeywords$_runFeatureFile_closure1.doCall(CucumberBuiltinKeywords.groovy:106)
	at com.kms.katalon.core.cucumber.keyword.CucumberBuiltinKeywords$_runFeatureFile_closure1.doCall(CucumberBuiltinKeywords.groovy)
	at com.kms.katalon.core.keyword.internal.KeywordMain.runKeyword(KeywordMain.groovy:68)
	at com.kms.katalon.core.keyword.internal.KeywordMain$runKeyword.call(Unknown Source)
	at com.kms.katalon.core.cucumber.keyword.CucumberBuiltinKeywords.runFeatureFile(CucumberBuiltinKeywords.groovy:73)
	at com.kms.katalon.core.cucumber.keyword.CucumberBuiltinKeywords$runFeatureFile$0.callStatic(Unknown Source)
	at com.kms.katalon.core.cucumber.keyword.CucumberBuiltinKeywords.runFeatureFile(CucumberBuiltinKeywords.groovy:246)
	at com.kms.katalon.core.cucumber.keyword.CucumberBuiltinKeywords$runFeatureFile.call(Unknown Source)
	at Script1602067995109.run(Script1602067995109.groovy:18)
	... 13 more
)

2021-11-23 16:35:57 - [TEST_STEP][FAILED] - index = getWindowIndex(): Unable to get the index of the current window (Root cause: com.kms.katalon.core.exception.StepFailedException: Unable to get the index of the current window
	at com.kms.katalon.core.webui.keyword.internal.WebUIKeywordMain.stepFailed(WebUIKeywordMain.groovy:64)
	at com.kms.katalon.core.webui.keyword.internal.WebUIKeywordMain.runKeywordAndReturnInt(WebUIKeywordMain.groovy:56)
	at com.kms.katalon.core.webui.keyword.builtin.GetWindowIndexKeyword.getWindowIndex(GetWindowIndexKeyword.groovy:71)
	at com.kms.katalon.core.webui.keyword.builtin.GetWindowIndexKeyword.execute(GetWindowIndexKeyword.groovy:66)
	at com.kms.katalon.core.keyword.internal.KeywordExecutor.executeKeywordForPlatform(KeywordExecutor.groovy:73)
	at com.kms.katalon.core.webui.keyword.WebUiBuiltInKeywords.getWindowIndex(WebUiBuiltInKeywords.groovy:262)
	at com.kms.katalon.core.webui.keyword.WebUiBuiltInKeywords$getWindowIndex$13.call(Unknown Source)
	at Ana_Sekmeye_Gec.run(Ana_Sekmeye_Gec:18)
	at com.kms.katalon.core.main.ScriptEngine.run(ScriptEngine.java:194)
	at com.kms.katalon.core.main.ScriptEngine.runScriptAsRawText(ScriptEngine.java:119)
	at com.kms.katalon.core.main.TestCaseExecutor.runScript(TestCaseExecutor.java:369)
	at com.kms.katalon.core.main.TestCaseExecutor.doExecute(TestCaseExecutor.java:360)
	at com.kms.katalon.core.main.TestCaseExecutor.processExecutionPhase(TestCaseExecutor.java:339)
	at com.kms.katalon.core.main.TestCaseExecutor.accessMainPhase(TestCaseExecutor.java:331)
	at com.kms.katalon.core.main.TestCaseExecutor.execute(TestCaseExecutor.java:248)
	at com.kms.katalon.core.main.TestCaseMain.runTestCase(TestCaseMain.java:138)
	at com.kms.katalon.core.keyword.builtin.CallTestCaseKeyword$_callTestCase_closure1.doCall(CallTestCaseKeyword.groovy:59)
	at com.kms.katalon.core.keyword.builtin.CallTestCaseKeyword$_callTestCase_closure1.call(CallTestCaseKeyword.groovy)
	at com.kms.katalon.core.keyword.internal.KeywordMain.runKeyword(KeywordMain.groovy:68)
	at com.kms.katalon.core.keyword.builtin.CallTestCaseKeyword.callTestCase(CallTestCaseKeyword.groovy:81)
	at com.kms.katalon.core.keyword.builtin.CallTestCaseKeyword.execute(CallTestCaseKeyword.groovy:44)
	at com.kms.katalon.core.keyword.internal.KeywordExecutor.executeKeywordForPlatform(KeywordExecutor.groovy:73)
	at com.kms.katalon.core.keyword.BuiltinKeywords.callTestCase(BuiltinKeywords.groovy:334)
	at sekmeler.sekmeler.anaSekmeyeGecilir(sekmeler.groovy:55)
	at cucumber.runtime.Utils$1.call(Utils.java:26)
	at cucumber.runtime.Timeout.timeout(Timeout.java:16)
	at cucumber.runtime.Utils.invoke(Utils.java:20)
	at cucumber.runtime.java.JavaStepDefinition.execute(JavaStepDefinition.java:49)
	at cucumber.runner.PickleStepDefinitionMatch.runStep(PickleStepDefinitionMatch.java:50)
	at cucumber.runner.TestStep.executeStep(TestStep.java:63)
	at cucumber.runner.TestStep.run(TestStep.java:49)
	at cucumber.runner.PickleStepTestStep.run(PickleStepTestStep.java:43)
	at cucumber.runner.TestCase.run(TestCase.java:44)
	at cucumber.runner.Runner.runPickle(Runner.java:40)
	at cucumber.runtime.Runtime$1.run(Runtime.java:84)
	at cucumber.runtime.Runtime$SameThreadExecutorService.execute(Runtime.java:220)
	at cucumber.runtime.Runtime.run(Runtime.java:81)
	at cucumber.api.cli.Main.run(Main.java:26)
	at cucumber.api.cli.Main$run.call(Unknown Source)
	at com.kms.katalon.core.cucumber.keyword.CucumberBuiltinKeywords$_runFeatureFile_closure1.doCall(CucumberBuiltinKeywords.groovy:106)
	at com.kms.katalon.core.cucumber.keyword.CucumberBuiltinKeywords$_runFeatureFile_closure1.doCall(CucumberBuiltinKeywords.groovy)
	at com.kms.katalon.core.keyword.internal.KeywordMain.runKeyword(KeywordMain.groovy:68)
	at com.kms.katalon.core.keyword.internal.KeywordMain$runKeyword.call(Unknown Source)
	at com.kms.katalon.core.cucumber.keyword.CucumberBuiltinKeywords.runFeatureFile(CucumberBuiltinKeywords.groovy:73)
	at com.kms.katalon.core.cucumber.keyword.CucumberBuiltinKeywords$runFeatureFile$0.callStatic(Unknown Source)
	at com.kms.katalon.core.cucumber.keyword.CucumberBuiltinKeywords.runFeatureFile(CucumberBuiltinKeywords.groovy:246)
	at com.kms.katalon.core.cucumber.keyword.CucumberBuiltinKeywords$runFeatureFile.call(Unknown Source)
	at Departman Ata-Geri Al.run(Departman Ata-Geri Al:18)
	at com.kms.katalon.core.main.ScriptEngine.run(ScriptEngine.java:194)
	at com.kms.katalon.core.main.ScriptEngine.runScriptAsRawText(ScriptEngine.java:119)
	at com.kms.katalon.core.main.TestCaseExecutor.runScript(TestCaseExecutor.java:369)
	at com.kms.katalon.core.main.TestCaseExecutor.doExecute(TestCaseExecutor.java:360)
	at com.kms.katalon.core.main.TestCaseExecutor.processExecutionPhase(TestCaseExecutor.java:339)
	at com.kms.katalon.core.main.TestCaseExecutor.accessMainPhase(TestCaseExecutor.java:331)
	at com.kms.katalon.core.main.TestCaseExecutor.execute(TestCaseExecutor.java:248)
	at com.kms.katalon.core.main.TestSuiteExecutor.accessTestCaseMainPhase(TestSuiteExecutor.java:191)
	at com.kms.katalon.core.main.TestSuiteExecutor.accessTestSuiteMainPhase(TestSuiteExecutor.java:140)
	at com.kms.katalon.core.main.TestSuiteExecutor.execute(TestSuiteExecutor.java:89)
	at com.kms.katalon.core.main.TestCaseMain.startTestSuite(TestCaseMain.java:181)
	at com.kms.katalon.core.main.TestCaseMain$startTestSuite$0.call(Unknown Source)
	at TempTestSuite1637674428169.run(TempTestSuite1637674428169.groovy:39)
Caused by: org.openqa.selenium.NoSuchWindowException: no such window: window was already closed
  (Session info: chrome=96.0.4664.45)
Build info: version: '3.141.59', revision: 'e82be7d358', time: '2018-11-14T08:25:53'
System info: host: 'DESKTOP-QBVMTUG', ip: '192.168.1.24', os.name: 'Windows 10', os.arch: 'amd64', os.version: '10.0', java.version: '1.8.0_282'
Driver info: com.kms.katalon.selenium.driver.CChromeDriver
Capabilities {acceptInsecureCerts: false, browserName: chrome, browserVersion: 96.0.4664.45, chrome: {chromedriverVersion: 96.0.4664.45 (76e4c1bb2ab46..., userDataDir: C:\Users\DELL\AppData\Local...}, goog:chromeOptions: {debuggerAddress: localhost:62801}, javascriptEnabled: true, networkConnectionEnabled: false, pageLoadStrategy: normal, platform: WINDOWS, platformName: WINDOWS, proxy: Proxy(), setWindowRect: true, strictFileInteractability: false, timeouts: {implicit: 0, pageLoad: 300000, script: 30000}, unhandledPromptBehavior: dismiss and notify, webauthn:extension:credBlob: true, webauthn:extension:largeBlob: true, webauthn:virtualAuthenticators: true}
Session ID: 8f6c8f94397ce2134771b41349eaa615
	at org.openqa.selenium.remote.http.W3CHttpResponseCodec.createException(W3CHttpResponseCodec.java:187)
	at org.openqa.selenium.remote.http.W3CHttpResponseCodec.decode(W3CHttpResponseCodec.java:122)
	at org.openqa.selenium.remote.http.W3CHttpResponseCodec.decode(W3CHttpResponseCodec.java:49)
	at org.openqa.selenium.remote.HttpCommandExecutor.execute(HttpCommandExecutor.java:158)
	at org.openqa.selenium.remote.service.DriverCommandExecutor.execute(DriverCommandExecutor.java:83)
	at org.openqa.selenium.remote.RemoteWebDriver.execute(RemoteWebDriver.java:552)
	at com.kms.katalon.selenium.driver.CChromeDriver.execute(CChromeDriver.java:19)
	at org.openqa.selenium.remote.RemoteWebDriver.execute(RemoteWebDriver.java:609)
	at org.openqa.selenium.remote.RemoteWebDriver.getWindowHandle(RemoteWebDriver.java:472)
	at org.openqa.selenium.support.events.EventFiringWebDriver.lambda$new$1(EventFiringWebDriver.java:105)
	at com.sun.proxy.$Proxy12.getWindowHandle(Unknown Source)
	at org.openqa.selenium.support.events.EventFiringWebDriver.getWindowHandle(EventFiringWebDriver.java:221)
	at com.kms.katalon.core.webui.driver.DriverFactory.getCurrentWindowIndex(DriverFactory.java:1072)
	at com.kms.katalon.core.webui.keyword.builtin.GetWindowIndexKeyword$_getWindowIndex_closure1.doCall(GetWindowIndexKeyword.groovy:73)
	at com.kms.katalon.core.webui.keyword.builtin.GetWindowIndexKeyword$_getWindowIndex_closure1.call(GetWindowIndexKeyword.groovy)
	at com.kms.katalon.core.webui.keyword.internal.WebUIKeywordMain.runKeywordAndReturnInt(WebUIKeywordMain.groovy:50)
	at com.kms.katalon.core.webui.keyword.builtin.GetWindowIndexKeyword.getWindowIndex(GetWindowIndexKeyword.groovy:71)
	at com.kms.katalon.core.webui.keyword.builtin.GetWindowIndexKeyword.execute(GetWindowIndexKeyword.groovy:66)
	at com.kms.katalon.core.keyword.internal.KeywordExecutor.executeKeywordForPlatform(KeywordExecutor.groovy:73)
	at com.kms.katalon.core.webui.keyword.WebUiBuiltInKeywords.getWindowIndex(WebUiBuiltInKeywords.groovy:262)
	at com.kms.katalon.core.webui.keyword.WebUiBuiltInKeywords$getWindowIndex$13.call(Unknown Source)
	at Script1586261051750.run(Script1586261051750.groovy:18)
	at com.kms.katalon.core.main.ScriptEngine.run(ScriptEngine.java:194)
	at com.kms.katalon.core.main.ScriptEngine.runScriptAsRawText(ScriptEngine.java:119)
	at com.kms.katalon.core.main.TestCaseExecutor.runScript(TestCaseExecutor.java:369)
	at com.kms.katalon.core.main.TestCaseExecutor.doExecute(TestCaseExecutor.java:360)
	at com.kms.katalon.core.main.TestCaseExecutor.processExecutionPhase(TestCaseExecutor.java:339)
	at com.kms.katalon.core.main.TestCaseExecutor.accessMainPhase(TestCaseExecutor.java:331)
	at com.kms.katalon.core.main.TestCaseExecutor.execute(TestCaseExecutor.java:248)
	at com.kms.katalon.core.main.TestCaseMain.runTestCase(TestCaseMain.java:138)
	at com.kms.katalon.core.keyword.builtin.CallTestCaseKeyword$_callTestCase_closure1.doCall(CallTestCaseKeyword.groovy:59)
	at com.kms.katalon.core.keyword.builtin.CallTestCaseKeyword$_callTestCase_closure1.call(CallTestCaseKeyword.groovy)
	at com.kms.katalon.core.keyword.internal.KeywordMain.runKeyword(KeywordMain.groovy:68)
	at com.kms.katalon.core.keyword.builtin.CallTestCaseKeyword.callTestCase(CallTestCaseKeyword.groovy:81)
	at com.kms.katalon.core.keyword.builtin.CallTestCaseKeyword.execute(CallTestCaseKeyword.groovy:44)
	at com.kms.katalon.core.keyword.internal.KeywordExecutor.executeKeywordForPlatform(KeywordExecutor.groovy:73)
	at com.kms.katalon.core.keyword.BuiltinKeywords.callTestCase(BuiltinKeywords.groovy:334)
	at sekmeler.sekmeler.anaSekmeyeGecilir(sekmeler.groovy:55)
	at cucumber.runtime.Utils$1.call(Utils.java:26)
	at cucumber.runtime.Timeout.timeout(Timeout.java:16)
	at cucumber.runtime.Utils.invoke(Utils.java:20)
	at cucumber.runtime.java.JavaStepDefinition.execute(JavaStepDefinition.java:49)
	at cucumber.runner.PickleStepDefinitionMatch.runStep(PickleStepDefinitionMatch.java:50)
	at cucumber.runner.TestStep.executeStep(TestStep.java:63)
	at cucumber.runner.TestStep.run(TestStep.java:49)
	at cucumber.runner.PickleStepTestStep.run(PickleStepTestStep.java:43)
	at cucumber.runner.TestCase.run(TestCase.java:44)
	at cucumber.runner.Runner.runPickle(Runner.java:40)
	at cucumber.runtime.Runtime$1.run(Runtime.java:84)
	at cucumber.runtime.Runtime$SameThreadExecutorService.execute(Runtime.java:220)
	at cucumber.runtime.Runtime.run(Runtime.java:81)
	at cucumber.api.cli.Main.run(Main.java:26)
	at cucumber.api.cli.Main$run.call(Unknown Source)
	at com.kms.katalon.core.cucumber.keyword.CucumberBuiltinKeywords$_runFeatureFile_closure1.doCall(CucumberBuiltinKeywords.groovy:106)
	at com.kms.katalon.core.cucumber.keyword.CucumberBuiltinKeywords$_runFeatureFile_closure1.doCall(CucumberBuiltinKeywords.groovy)
	at com.kms.katalon.core.keyword.internal.KeywordMain.runKeyword(KeywordMain.groovy:68)
	at com.kms.katalon.core.keyword.internal.KeywordMain$runKeyword.call(Unknown Source)
	at com.kms.katalon.core.cucumber.keyword.CucumberBuiltinKeywords.runFeatureFile(CucumberBuiltinKeywords.groovy:73)
	at com.kms.katalon.core.cucumber.keyword.CucumberBuiltinKeywords$runFeatureFile$0.callStatic(Unknown Source)
	at com.kms.katalon.core.cucumber.keyword.CucumberBuiltinKeywords.runFeatureFile(CucumberBuiltinKeywords.groovy:246)
	at com.kms.katalon.core.cucumber.keyword.CucumberBuiltinKeywords$runFeatureFile.call(Unknown Source)
	at Script1602067995109.run(Script1602067995109.groovy:18)
	... 13 more
)

2021-11-23 16:35:57 - [MESSAGE][INFO] - Getting current window's index

2021-11-23 16:35:58 - [MESSAGE][FAILED] - Unable to get the index of the current window (Root cause: com.kms.katalon.core.exception.StepFailedException: Unable to get the index of the current window
	at com.kms.katalon.core.webui.keyword.internal.WebUIKeywordMain.stepFailed(WebUIKeywordMain.groovy:64)
	at com.kms.katalon.core.webui.keyword.internal.WebUIKeywordMain.runKeywordAndReturnInt(WebUIKeywordMain.groovy:56)
	at com.kms.katalon.core.webui.keyword.builtin.GetWindowIndexKeyword.getWindowIndex(GetWindowIndexKeyword.groovy:71)
	at com.kms.katalon.core.webui.keyword.builtin.GetWindowIndexKeyword.execute(GetWindowIndexKeyword.groovy:66)
	at com.kms.katalon.core.keyword.internal.KeywordExecutor.executeKeywordForPlatform(KeywordExecutor.groovy:73)
	at com.kms.katalon.core.webui.keyword.WebUiBuiltInKeywords.getWindowIndex(WebUiBuiltInKeywords.groovy:262)
	at com.kms.katalon.core.webui.keyword.WebUiBuiltInKeywords$getWindowIndex$13.call(Unknown Source)
	at Ana_Sekmeye_Gec.run(Ana_Sekmeye_Gec:18)
	at com.kms.katalon.core.main.ScriptEngine.run(ScriptEngine.java:194)
	at com.kms.katalon.core.main.ScriptEngine.runScriptAsRawText(ScriptEngine.java:119)
	at com.kms.katalon.core.main.TestCaseExecutor.runScript(TestCaseExecutor.java:369)
	at com.kms.katalon.core.main.TestCaseExecutor.doExecute(TestCaseExecutor.java:360)
	at com.kms.katalon.core.main.TestCaseExecutor.processExecutionPhase(TestCaseExecutor.java:339)
	at com.kms.katalon.core.main.TestCaseExecutor.accessMainPhase(TestCaseExecutor.java:331)
	at com.kms.katalon.core.main.TestCaseExecutor.execute(TestCaseExecutor.java:248)
	at com.kms.katalon.core.main.TestCaseMain.runTestCase(TestCaseMain.java:138)
	at com.kms.katalon.core.keyword.builtin.CallTestCaseKeyword$_callTestCase_closure1.doCall(CallTestCaseKeyword.groovy:59)
	at com.kms.katalon.core.keyword.builtin.CallTestCaseKeyword$_callTestCase_closure1.call(CallTestCaseKeyword.groovy)
	at com.kms.katalon.core.keyword.internal.KeywordMain.runKeyword(KeywordMain.groovy:68)
	at com.kms.katalon.core.keyword.builtin.CallTestCaseKeyword.callTestCase(CallTestCaseKeyword.groovy:81)
	at com.kms.katalon.core.keyword.builtin.CallTestCaseKeyword.execute(CallTestCaseKeyword.groovy:44)
	at com.kms.katalon.core.keyword.internal.KeywordExecutor.executeKeywordForPlatform(KeywordExecutor.groovy:73)
	at com.kms.katalon.core.keyword.BuiltinKeywords.callTestCase(BuiltinKeywords.groovy:334)
	at sekmeler.sekmeler.anaSekmeyeGecilir(sekmeler.groovy:55)
	at cucumber.runtime.Utils$1.call(Utils.java:26)
	at cucumber.runtime.Timeout.timeout(Timeout.java:16)
	at cucumber.runtime.Utils.invoke(Utils.java:20)
	at cucumber.runtime.java.JavaStepDefinition.execute(JavaStepDefinition.java:49)
	at cucumber.runner.PickleStepDefinitionMatch.runStep(PickleStepDefinitionMatch.java:50)
	at cucumber.runner.TestStep.executeStep(TestStep.java:63)
	at cucumber.runner.TestStep.run(TestStep.java:49)
	at cucumber.runner.PickleStepTestStep.run(PickleStepTestStep.java:43)
	at cucumber.runner.TestCase.run(TestCase.java:44)
	at cucumber.runner.Runner.runPickle(Runner.java:40)
	at cucumber.runtime.Runtime$1.run(Runtime.java:84)
	at cucumber.runtime.Runtime$SameThreadExecutorService.execute(Runtime.java:220)
	at cucumber.runtime.Runtime.run(Runtime.java:81)
	at cucumber.api.cli.Main.run(Main.java:26)
	at cucumber.api.cli.Main$run.call(Unknown Source)
	at com.kms.katalon.core.cucumber.keyword.CucumberBuiltinKeywords$_runFeatureFile_closure1.doCall(CucumberBuiltinKeywords.groovy:106)
	at com.kms.katalon.core.cucumber.keyword.CucumberBuiltinKeywords$_runFeatureFile_closure1.doCall(CucumberBuiltinKeywords.groovy)
	at com.kms.katalon.core.keyword.internal.KeywordMain.runKeyword(KeywordMain.groovy:68)
	at com.kms.katalon.core.keyword.internal.KeywordMain$runKeyword.call(Unknown Source)
	at com.kms.katalon.core.cucumber.keyword.CucumberBuiltinKeywords.runFeatureFile(CucumberBuiltinKeywords.groovy:73)
	at com.kms.katalon.core.cucumber.keyword.CucumberBuiltinKeywords$runFeatureFile$0.callStatic(Unknown Source)
	at com.kms.katalon.core.cucumber.keyword.CucumberBuiltinKeywords.runFeatureFile(CucumberBuiltinKeywords.groovy:246)
	at com.kms.katalon.core.cucumber.keyword.CucumberBuiltinKeywords$runFeatureFile.call(Unknown Source)
	at Departman Ata-Geri Al.run(Departman Ata-Geri Al:18)
	at com.kms.katalon.core.main.ScriptEngine.run(ScriptEngine.java:194)
	at com.kms.katalon.core.main.ScriptEngine.runScriptAsRawText(ScriptEngine.java:119)
	at com.kms.katalon.core.main.TestCaseExecutor.runScript(TestCaseExecutor.java:369)
	at com.kms.katalon.core.main.TestCaseExecutor.doExecute(TestCaseExecutor.java:360)
	at com.kms.katalon.core.main.TestCaseExecutor.processExecutionPhase(TestCaseExecutor.java:339)
	at com.kms.katalon.core.main.TestCaseExecutor.accessMainPhase(TestCaseExecutor.java:331)
	at com.kms.katalon.core.main.TestCaseExecutor.execute(TestCaseExecutor.java:248)
	at com.kms.katalon.core.main.TestSuiteExecutor.accessTestCaseMainPhase(TestSuiteExecutor.java:191)
	at com.kms.katalon.core.main.TestSuiteExecutor.accessTestSuiteMainPhase(TestSuiteExecutor.java:140)
	at com.kms.katalon.core.main.TestSuiteExecutor.execute(TestSuiteExecutor.java:89)
	at com.kms.katalon.core.main.TestCaseMain.startTestSuite(TestCaseMain.java:181)
	at com.kms.katalon.core.main.TestCaseMain$startTestSuite$0.call(Unknown Source)
	at TempTestSuite1637674428169.run(TempTestSuite1637674428169.groovy:39)
Caused by: org.openqa.selenium.NoSuchWindowException: no such window: window was already closed
  (Session info: chrome=96.0.4664.45)
Build info: version: '3.141.59', revision: 'e82be7d358', time: '2018-11-14T08:25:53'
System info: host: 'DESKTOP-QBVMTUG', ip: '192.168.1.24', os.name: 'Windows 10', os.arch: 'amd64', os.version: '10.0', java.version: '1.8.0_282'
Driver info: com.kms.katalon.selenium.driver.CChromeDriver
Capabilities {acceptInsecureCerts: false, browserName: chrome, browserVersion: 96.0.4664.45, chrome: {chromedriverVersion: 96.0.4664.45 (76e4c1bb2ab46..., userDataDir: C:\Users\DELL\AppData\Local...}, goog:chromeOptions: {debuggerAddress: localhost:62801}, javascriptEnabled: true, networkConnectionEnabled: false, pageLoadStrategy: normal, platform: WINDOWS, platformName: WINDOWS, proxy: Proxy(), setWindowRect: true, strictFileInteractability: false, timeouts: {implicit: 0, pageLoad: 300000, script: 30000}, unhandledPromptBehavior: dismiss and notify, webauthn:extension:credBlob: true, webauthn:extension:largeBlob: true, webauthn:virtualAuthenticators: true}
Session ID: 8f6c8f94397ce2134771b41349eaa615
	at org.openqa.selenium.remote.http.W3CHttpResponseCodec.createException(W3CHttpResponseCodec.java:187)
	at org.openqa.selenium.remote.http.W3CHttpResponseCodec.decode(W3CHttpResponseCodec.java:122)
	at org.openqa.selenium.remote.http.W3CHttpResponseCodec.decode(W3CHttpResponseCodec.java:49)
	at org.openqa.selenium.remote.HttpCommandExecutor.execute(HttpCommandExecutor.java:158)
	at org.openqa.selenium.remote.service.DriverCommandExecutor.execute(DriverCommandExecutor.java:83)
	at org.openqa.selenium.remote.RemoteWebDriver.execute(RemoteWebDriver.java:552)
	at com.kms.katalon.selenium.driver.CChromeDriver.execute(CChromeDriver.java:19)
	at org.openqa.selenium.remote.RemoteWebDriver.execute(RemoteWebDriver.java:609)
	at org.openqa.selenium.remote.RemoteWebDriver.getWindowHandle(RemoteWebDriver.java:472)
	at org.openqa.selenium.support.events.EventFiringWebDriver.lambda$new$1(EventFiringWebDriver.java:105)
	at com.sun.proxy.$Proxy12.getWindowHandle(Unknown Source)
	at org.openqa.selenium.support.events.EventFiringWebDriver.getWindowHandle(EventFiringWebDriver.java:221)
	at com.kms.katalon.core.webui.driver.DriverFactory.getCurrentWindowIndex(DriverFactory.java:1072)
	at com.kms.katalon.core.webui.keyword.builtin.GetWindowIndexKeyword$_getWindowIndex_closure1.doCall(GetWindowIndexKeyword.groovy:73)
	at com.kms.katalon.core.webui.keyword.builtin.GetWindowIndexKeyword$_getWindowIndex_closure1.call(GetWindowIndexKeyword.groovy)
	at com.kms.katalon.core.webui.keyword.internal.WebUIKeywordMain.runKeywordAndReturnInt(WebUIKeywordMain.groovy:50)
	at com.kms.katalon.core.webui.keyword.builtin.GetWindowIndexKeyword.getWindowIndex(GetWindowIndexKeyword.groovy:71)
	at com.kms.katalon.core.webui.keyword.builtin.GetWindowIndexKeyword.execute(GetWindowIndexKeyword.groovy:66)
	at com.kms.katalon.core.keyword.internal.KeywordExecutor.executeKeywordForPlatform(KeywordExecutor.groovy:73)
	at com.kms.katalon.core.webui.keyword.WebUiBuiltInKeywords.getWindowIndex(WebUiBuiltInKeywords.groovy:262)
	at com.kms.katalon.core.webui.keyword.WebUiBuiltInKeywords$getWindowIndex$13.call(Unknown Source)
	at Script1586261051750.run(Script1586261051750.groovy:18)
	at com.kms.katalon.core.main.ScriptEngine.run(ScriptEngine.java:194)
	at com.kms.katalon.core.main.ScriptEngine.runScriptAsRawText(ScriptEngine.java:119)
	at com.kms.katalon.core.main.TestCaseExecutor.runScript(TestCaseExecutor.java:369)
	at com.kms.katalon.core.main.TestCaseExecutor.doExecute(TestCaseExecutor.java:360)
	at com.kms.katalon.core.main.TestCaseExecutor.processExecutionPhase(TestCaseExecutor.java:339)
	at com.kms.katalon.core.main.TestCaseExecutor.accessMainPhase(TestCaseExecutor.java:331)
	at com.kms.katalon.core.main.TestCaseExecutor.execute(TestCaseExecutor.java:248)
	at com.kms.katalon.core.main.TestCaseMain.runTestCase(TestCaseMain.java:138)
	at com.kms.katalon.core.keyword.builtin.CallTestCaseKeyword$_callTestCase_closure1.doCall(CallTestCaseKeyword.groovy:59)
	at com.kms.katalon.core.keyword.builtin.CallTestCaseKeyword$_callTestCase_closure1.call(CallTestCaseKeyword.groovy)
	at com.kms.katalon.core.keyword.internal.KeywordMain.runKeyword(KeywordMain.groovy:68)
	at com.kms.katalon.core.keyword.builtin.CallTestCaseKeyword.callTestCase(CallTestCaseKeyword.groovy:81)
	at com.kms.katalon.core.keyword.builtin.CallTestCaseKeyword.execute(CallTestCaseKeyword.groovy:44)
	at com.kms.katalon.core.keyword.internal.KeywordExecutor.executeKeywordForPlatform(KeywordExecutor.groovy:73)
	at com.kms.katalon.core.keyword.BuiltinKeywords.callTestCase(BuiltinKeywords.groovy:334)
	at sekmeler.sekmeler.anaSekmeyeGecilir(sekmeler.groovy:55)
	at cucumber.runtime.Utils$1.call(Utils.java:26)
	at cucumber.runtime.Timeout.timeout(Timeout.java:16)
	at cucumber.runtime.Utils.invoke(Utils.java:20)
	at cucumber.runtime.java.JavaStepDefinition.execute(JavaStepDefinition.java:49)
	at cucumber.runner.PickleStepDefinitionMatch.runStep(PickleStepDefinitionMatch.java:50)
	at cucumber.runner.TestStep.executeStep(TestStep.java:63)
	at cucumber.runner.TestStep.run(TestStep.java:49)
	at cucumber.runner.PickleStepTestStep.run(PickleStepTestStep.java:43)
	at cucumber.runner.TestCase.run(TestCase.java:44)
	at cucumber.runner.Runner.runPickle(Runner.java:40)
	at cucumber.runtime.Runtime$1.run(Runtime.java:84)
	at cucumber.runtime.Runtime$SameThreadExecutorService.execute(Runtime.java:220)
	at cucumber.runtime.Runtime.run(Runtime.java:81)
	at cucumber.api.cli.Main.run(Main.java:26)
	at cucumber.api.cli.Main$run.call(Unknown Source)
	at com.kms.katalon.core.cucumber.keyword.CucumberBuiltinKeywords$_runFeatureFile_closure1.doCall(CucumberBuiltinKeywords.groovy:106)
	at com.kms.katalon.core.cucumber.keyword.CucumberBuiltinKeywords$_runFeatureFile_closure1.doCall(CucumberBuiltinKeywords.groovy)
	at com.kms.katalon.core.keyword.internal.KeywordMain.runKeyword(KeywordMain.groovy:68)
	at com.kms.katalon.core.keyword.internal.KeywordMain$runKeyword.call(Unknown Source)
	at com.kms.katalon.core.cucumber.keyword.CucumberBuiltinKeywords.runFeatureFile(CucumberBuiltinKeywords.groovy:73)
	at com.kms.katalon.core.cucumber.keyword.CucumberBuiltinKeywords$runFeatureFile$0.callStatic(Unknown Source)
	at com.kms.katalon.core.cucumber.keyword.CucumberBuiltinKeywords.runFeatureFile(CucumberBuiltinKeywords.groovy:246)
	at com.kms.katalon.core.cucumber.keyword.CucumberBuiltinKeywords$runFeatureFile.call(Unknown Source)
	at Script1602067995109.run(Script1602067995109.groovy:18)
	... 13 more
)

2021-11-23 16:35:58 - [TEST_STEP][PASSED] - catch (Exception e): null

2021-11-23 16:35:58 - [TEST_STEP][PASSED] - switchToWindowIndex(0): Switched to window with index: '0'

2021-11-23 16:35:58 - [MESSAGE][INFO] - Checking index

2021-11-23 16:35:58 - [MESSAGE][INFO] - Switching window with index: '0'

2021-11-23 16:35:58 - [MESSAGE][PASSED] - Switched to window with index: '0'

2021-11-23 16:35:58 - [MESSAGE][PASSED] - Call Test Case 'Test Cases/Sekmeler/Ana_Sekmeye_Gec' successfully

2021-11-23 16:35:58 - [MESSAGE][INFO] - Checking called Test Case

2021-11-23 16:35:58 - [MESSAGE][INFO] - Starting to call Test Case 'Test Cases/Butonlar/ButonaTikla'

2021-11-23 16:35:58 - [TEST_CASE][PASSED] - Test Cases/Butonlar/ButonaTikla: Test Cases/Butonlar/ButonaTikla

2021-11-23 16:35:58 - [TEST_STEP][PASSED] - Method.TextDegerineEsitElementeTiklaEquals(findTestObject("Butonlar/Butonlar"), Buton_Adi): Method.TextDegerineEsitElementeTiklaEquals is PASSED

2021-11-23 16:35:58 - [MESSAGE][INFO] - Finding Test Object 'Object Repository/Butonlar/Butonlar'

2021-11-23 16:35:58 - [MESSAGE][INFO] - Checking timeout

2021-11-23 16:35:58 - [MESSAGE][INFO] - Finding web element with id: 'Object Repository/Butonlar/Butonlar' located by 'By.cssSelector: .panel.panel-default.text-center.footerPanel .btn,.btn.btn-primary.btnControls' in '10' second(s)

2021-11-23 16:35:58 - [MESSAGE][INFO] - Smart Wait Function is triggered

2021-11-23 16:35:58 - [MESSAGE][INFO] - Found 13 web elements with id: 'Object Repository/Butonlar/Butonlar' located by 'By.cssSelector: .panel.panel-default.text-center.footerPanel .btn,.btn.btn-primary.btnControls' in '10' second(s)

2021-11-23 16:35:58 - [MESSAGE][PASSED] - Method.TextDegerineEsitElementeTiklaEquals is PASSED

2021-11-23 16:35:58 - [MESSAGE][PASSED] - Call Test Case 'Test Cases/Butonlar/ButonaTikla' successfully

2021-11-23 16:35:58 - [MESSAGE][INFO] - Checking called Test Case

2021-11-23 16:35:58 - [MESSAGE][INFO] - Starting to call Test Case 'Test Cases/Sekmeler/YeniSekmeyeGec'

2021-11-23 16:35:58 - [TEST_CASE][PASSED] - Test Cases/Sekmeler/YeniSekmeyeGec: Test Cases/Sekmeler/YeniSekmeyeGec

2021-11-23 16:35:58 - [TEST_STEP][PASSED] - switchToWindowIndex(1): Switched to window with index: '1'

2021-11-23 16:35:58 - [MESSAGE][INFO] - Checking index

2021-11-23 16:35:58 - [MESSAGE][INFO] - Switching window with index: '1'

2021-11-23 16:35:59 - [MESSAGE][PASSED] - Switched to window with index: '1'

2021-11-23 16:35:59 - [MESSAGE][PASSED] - Call Test Case 'Test Cases/Sekmeler/YeniSekmeyeGec' successfully

2021-11-23 16:35:59 - [MESSAGE][INFO] - Checking called Test Case

2021-11-23 16:35:59 - [MESSAGE][INFO] - Starting to call Test Case 'Test Cases/Sekmeler/DepartmanCheckboxiSecilir'

2021-11-23 16:35:59 - [TEST_CASE][PASSED] - Test Cases/Sekmeler/DepartmanCheckboxiSecilir: Test Cases/Sekmeler/DepartmanCheckboxiSecilir

2021-11-23 16:35:59 - [TEST_STEP][PASSED] - Method.TextDegerineEsitElementeTikla(findTestObject("Object Repository/Sekmeler/DepartmanCheckboxi"), Departman): Method.TextDegerineEsitElementeTikla is PASSED

2021-11-23 16:35:59 - [MESSAGE][INFO] - Finding Test Object 'Object Repository/Sekmeler/DepartmanCheckboxi'

2021-11-23 16:35:59 - [MESSAGE][INFO] - Checking timeout

2021-11-23 16:35:59 - [MESSAGE][INFO] - Finding web element with id: 'Object Repository/Sekmeler/DepartmanCheckboxi' located by 'By.cssSelector: .dx-wrap' in '10' second(s)

2021-11-23 16:35:59 - [MESSAGE][INFO] - Smart Wait Function is triggered

2021-11-23 16:35:59 - [MESSAGE][INFO] - Found 4 web elements with id: 'Object Repository/Sekmeler/DepartmanCheckboxi' located by 'By.cssSelector: .dx-wrap' in '10' second(s)

2021-11-23 16:35:59 - [MESSAGE][PASSED] - Method.TextDegerineEsitElementeTikla is PASSED

2021-11-23 16:35:59 - [MESSAGE][PASSED] - Call Test Case 'Test Cases/Sekmeler/DepartmanCheckboxiSecilir' successfully

2021-11-23 16:35:59 - [MESSAGE][INFO] - Checking called Test Case

2021-11-23 16:35:59 - [MESSAGE][INFO] - Starting to call Test Case 'Test Cases/Sekmeler/DepartmanKaydedilir'

2021-11-23 16:35:59 - [TEST_CASE][PASSED] - Test Cases/Sekmeler/DepartmanKaydedilir: Test Cases/Sekmeler/DepartmanKaydedilir

2021-11-23 16:35:59 - [TEST_STEP][PASSED] - waitForElementClickable(findTestObject("Object Repository/Sekmeler/DepartmanKaydetButoni"), 10): Object 'Object Repository/Sekmeler/DepartmanKaydetButoni' is clickable

2021-11-23 16:35:59 - [MESSAGE][INFO] - Finding Test Object 'Object Repository/Sekmeler/DepartmanKaydetButoni'

2021-11-23 16:36:00 - [MESSAGE][INFO] - Checking object

2021-11-23 16:36:00 - [MESSAGE][INFO] - Checking timeout

2021-11-23 16:36:00 - [MESSAGE][INFO] - Finding web element from Test Object's properties

2021-11-23 16:36:00 - [MESSAGE][INFO] - Checking timeout

2021-11-23 16:36:00 - [MESSAGE][INFO] - Finding web element with id: 'Object Repository/Sekmeler/DepartmanKaydetButoni' located by 'By.cssSelector: .dx-vam' in '10' second(s)

2021-11-23 16:36:00 - [MESSAGE][INFO] - Smart Wait Function is triggered

2021-11-23 16:36:00 - [MESSAGE][INFO] - Found 1 web elements with id: 'Object Repository/Sekmeler/DepartmanKaydetButoni' located by 'By.cssSelector: .dx-vam' in '10' second(s)

2021-11-23 16:36:00 - [MESSAGE][PASSED] - Object 'Object Repository/Sekmeler/DepartmanKaydetButoni' is clickable

2021-11-23 16:36:00 - [TEST_STEP][PASSED] - click(findTestObject("Object Repository/Sekmeler/DepartmanKaydetButoni")): Object: 'Object Repository/Sekmeler/DepartmanKaydetButoni' is clicked on

2021-11-23 16:36:00 - [MESSAGE][INFO] - Finding Test Object 'Object Repository/Sekmeler/DepartmanKaydetButoni'

2021-11-23 16:36:00 - [MESSAGE][INFO] - Checking object

2021-11-23 16:36:00 - [MESSAGE][INFO] - Finding web element from Test Object's properties

2021-11-23 16:36:00 - [MESSAGE][INFO] - Checking timeout

2021-11-23 16:36:00 - [MESSAGE][INFO] - Finding web element with id: 'Object Repository/Sekmeler/DepartmanKaydetButoni' located by 'By.cssSelector: .dx-vam' in '30' second(s)

2021-11-23 16:36:00 - [MESSAGE][INFO] - Smart Wait Function is triggered

2021-11-23 16:36:00 - [MESSAGE][INFO] - Found 1 web elements with id: 'Object Repository/Sekmeler/DepartmanKaydetButoni' located by 'By.cssSelector: .dx-vam' in '30' second(s)

2021-11-23 16:36:00 - [MESSAGE][INFO] - Clicking on object: 'Object Repository/Sekmeler/DepartmanKaydetButoni'

2021-11-23 16:36:00 - [MESSAGE][PASSED] - Object: 'Object Repository/Sekmeler/DepartmanKaydetButoni' is clicked on

2021-11-23 16:36:00 - [MESSAGE][PASSED] - Call Test Case 'Test Cases/Sekmeler/DepartmanKaydedilir' successfully

2021-11-23 16:36:00 - [MESSAGE][INFO] - Checking called Test Case

2021-11-23 16:36:00 - [MESSAGE][INFO] - Starting to call Test Case 'Test Cases/Popup/PopupMesajiIceriyorMu'

2021-11-23 16:36:00 - [TEST_CASE][PASSED] - Test Cases/Popup/PopupMesajiIceriyorMu: Test Cases/Popup/PopupMesajiIceriyorMu

2021-11-23 16:36:00 - [TEST_STEP][PASSED] - waitForElementVisible(findTestObject("Popup/Popup"), 10): Object 'Object Repository/Popup/Popup' is visible

2021-11-23 16:36:00 - [MESSAGE][INFO] - Finding Test Object 'Object Repository/Popup/Popup'

2021-11-23 16:36:00 - [MESSAGE][INFO] - Checking object

2021-11-23 16:36:00 - [MESSAGE][INFO] - Checking timeout

2021-11-23 16:36:00 - [MESSAGE][INFO] - Finding web element from Test Object's properties

2021-11-23 16:36:00 - [MESSAGE][INFO] - Checking timeout

2021-11-23 16:36:00 - [MESSAGE][INFO] - Finding web element with id: 'Object Repository/Popup/Popup' located by 'By.cssSelector: .bootbox-body' in '10' second(s)

2021-11-23 16:36:00 - [MESSAGE][INFO] - Smart Wait Function is triggered

2021-11-23 16:36:01 - [MESSAGE][INFO] - Found 1 web elements with id: 'Object Repository/Popup/Popup' located by 'By.cssSelector: .bootbox-body' in '10' second(s)

2021-11-23 16:36:01 - [MESSAGE][PASSED] - Object 'Object Repository/Popup/Popup' is visible

2021-11-23 16:36:01 - [TEST_STEP][PASSED] - if (!(getText(findTestObject("Popup/Popup")).contains(Mesaj))): Text of object 'Object Repository/Popup/Popup' is: 'Seçilen belgelerin ilgili departmanlardaki yetkisi kaldırılmıştır.'

2021-11-23 16:36:01 - [MESSAGE][INFO] - Finding Test Object 'Object Repository/Popup/Popup'

2021-11-23 16:36:01 - [MESSAGE][INFO] - Checking object

2021-11-23 16:36:01 - [MESSAGE][INFO] - Finding web element from Test Object's properties

2021-11-23 16:36:01 - [MESSAGE][INFO] - Checking timeout

2021-11-23 16:36:01 - [MESSAGE][INFO] - Finding web element with id: 'Object Repository/Popup/Popup' located by 'By.cssSelector: .bootbox-body' in '30' second(s)

2021-11-23 16:36:01 - [MESSAGE][INFO] - Smart Wait Function is triggered

2021-11-23 16:36:02 - [MESSAGE][INFO] - Found 1 web elements with id: 'Object Repository/Popup/Popup' located by 'By.cssSelector: .bootbox-body' in '30' second(s)

2021-11-23 16:36:02 - [MESSAGE][INFO] - Getting text of object 'Object Repository/Popup/Popup'

2021-11-23 16:36:02 - [MESSAGE][PASSED] - Text of object 'Object Repository/Popup/Popup' is: 'Seçilen belgelerin ilgili departmanlardaki yetkisi kaldırılmıştır.'

2021-11-23 16:36:02 - [TEST_STEP][PASSED] - RaporNo = getText(findTestObject("Popup/Popup")).substring(0, 6): Text of object 'Object Repository/Popup/Popup' is: 'Seçilen belgelerin ilgili departmanlardaki yetkisi kaldırılmıştır.'

2021-11-23 16:36:02 - [MESSAGE][INFO] - Finding Test Object 'Object Repository/Popup/Popup'

2021-11-23 16:36:02 - [MESSAGE][INFO] - Checking object

2021-11-23 16:36:02 - [MESSAGE][INFO] - Finding web element from Test Object's properties

2021-11-23 16:36:02 - [MESSAGE][INFO] - Checking timeout

2021-11-23 16:36:02 - [MESSAGE][INFO] - Finding web element with id: 'Object Repository/Popup/Popup' located by 'By.cssSelector: .bootbox-body' in '30' second(s)

2021-11-23 16:36:02 - [MESSAGE][INFO] - Smart Wait Function is triggered

2021-11-23 16:36:02 - [MESSAGE][INFO] - Found 1 web elements with id: 'Object Repository/Popup/Popup' located by 'By.cssSelector: .bootbox-body' in '30' second(s)

2021-11-23 16:36:02 - [MESSAGE][INFO] - Getting text of object 'Object Repository/Popup/Popup'

2021-11-23 16:36:02 - [MESSAGE][PASSED] - Text of object 'Object Repository/Popup/Popup' is: 'Seçilen belgelerin ilgili departmanlardaki yetkisi kaldırılmıştır.'

2021-11-23 16:36:02 - [TEST_STEP][PASSED] - Console.println(RaporNo): null

2021-11-23 16:36:02 - [MESSAGE][PASSED] - Call Test Case 'Test Cases/Popup/PopupMesajiIceriyorMu' successfully

2021-11-23 16:36:02 - [MESSAGE][INFO] - Checking called Test Case

2021-11-23 16:36:02 - [MESSAGE][INFO] - Starting to call Test Case 'Test Cases/Popup/PopupButonSecilir'

2021-11-23 16:36:02 - [TEST_CASE][PASSED] - Test Cases/Popup/PopupButonSecilir: Test Cases/Popup/PopupButonSecilir

2021-11-23 16:36:02 - [TEST_STEP][PASSED] - Method.TextDegerineEsitElementeTikla(findTestObject("Popup/Popup_Butons"), Buton): Method.TextDegerineEsitElementeTikla is PASSED

2021-11-23 16:36:02 - [MESSAGE][INFO] - Finding Test Object 'Object Repository/Popup/Popup_Butons'

2021-11-23 16:36:02 - [MESSAGE][INFO] - Checking timeout

2021-11-23 16:36:02 - [MESSAGE][INFO] - Finding web element with id: 'Object Repository/Popup/Popup_Butons' located by 'By.cssSelector: .modal-footer>button' in '10' second(s)

2021-11-23 16:36:02 - [MESSAGE][INFO] - Smart Wait Function is triggered

2021-11-23 16:36:02 - [MESSAGE][INFO] - Found 1 web elements with id: 'Object Repository/Popup/Popup_Butons' located by 'By.cssSelector: .modal-footer>button' in '10' second(s)

2021-11-23 16:36:03 - [MESSAGE][PASSED] - Method.TextDegerineEsitElementeTikla is PASSED

2021-11-23 16:36:03 - [MESSAGE][PASSED] - Call Test Case 'Test Cases/Popup/PopupButonSecilir' successfully

2021-11-23 16:36:03 - [MESSAGE][INFO] - Checking called Test Case

2021-11-23 16:36:03 - [MESSAGE][INFO] - Starting to call Test Case 'Test Cases/Sekmeler/Ana_Sekmeye_Gec'

2021-11-23 16:36:03 - [TEST_CASE][PASSED] - Test Cases/Sekmeler/Ana_Sekmeye_Gec: Test Cases/Sekmeler/Ana_Sekmeye_Gec

2021-11-23 16:36:03 - [TEST_STEP][FAILED] - try: Unable to get the index of the current window (Root cause: com.kms.katalon.core.exception.StepFailedException: Unable to get the index of the current window
	at com.kms.katalon.core.webui.keyword.internal.WebUIKeywordMain.stepFailed(WebUIKeywordMain.groovy:64)
	at com.kms.katalon.core.webui.keyword.internal.WebUIKeywordMain.runKeywordAndReturnInt(WebUIKeywordMain.groovy:56)
	at com.kms.katalon.core.webui.keyword.builtin.GetWindowIndexKeyword.getWindowIndex(GetWindowIndexKeyword.groovy:71)
	at com.kms.katalon.core.webui.keyword.builtin.GetWindowIndexKeyword.execute(GetWindowIndexKeyword.groovy:66)
	at com.kms.katalon.core.keyword.internal.KeywordExecutor.executeKeywordForPlatform(KeywordExecutor.groovy:73)
	at com.kms.katalon.core.webui.keyword.WebUiBuiltInKeywords.getWindowIndex(WebUiBuiltInKeywords.groovy:262)
	at com.kms.katalon.core.webui.keyword.WebUiBuiltInKeywords$getWindowIndex$13.call(Unknown Source)
	at Ana_Sekmeye_Gec.run(Ana_Sekmeye_Gec:18)
	at com.kms.katalon.core.main.ScriptEngine.run(ScriptEngine.java:194)
	at com.kms.katalon.core.main.ScriptEngine.runScriptAsRawText(ScriptEngine.java:119)
	at com.kms.katalon.core.main.TestCaseExecutor.runScript(TestCaseExecutor.java:369)
	at com.kms.katalon.core.main.TestCaseExecutor.doExecute(TestCaseExecutor.java:360)
	at com.kms.katalon.core.main.TestCaseExecutor.processExecutionPhase(TestCaseExecutor.java:339)
	at com.kms.katalon.core.main.TestCaseExecutor.accessMainPhase(TestCaseExecutor.java:331)
	at com.kms.katalon.core.main.TestCaseExecutor.execute(TestCaseExecutor.java:248)
	at com.kms.katalon.core.main.TestCaseMain.runTestCase(TestCaseMain.java:138)
	at com.kms.katalon.core.keyword.builtin.CallTestCaseKeyword$_callTestCase_closure1.doCall(CallTestCaseKeyword.groovy:59)
	at com.kms.katalon.core.keyword.builtin.CallTestCaseKeyword$_callTestCase_closure1.call(CallTestCaseKeyword.groovy)
	at com.kms.katalon.core.keyword.internal.KeywordMain.runKeyword(KeywordMain.groovy:68)
	at com.kms.katalon.core.keyword.builtin.CallTestCaseKeyword.callTestCase(CallTestCaseKeyword.groovy:81)
	at com.kms.katalon.core.keyword.builtin.CallTestCaseKeyword.execute(CallTestCaseKeyword.groovy:44)
	at com.kms.katalon.core.keyword.internal.KeywordExecutor.executeKeywordForPlatform(KeywordExecutor.groovy:73)
	at com.kms.katalon.core.keyword.BuiltinKeywords.callTestCase(BuiltinKeywords.groovy:334)
	at sekmeler.sekmeler.anaSekmeyeGecilir(sekmeler.groovy:55)
	at cucumber.runtime.Utils$1.call(Utils.java:26)
	at cucumber.runtime.Timeout.timeout(Timeout.java:16)
	at cucumber.runtime.Utils.invoke(Utils.java:20)
	at cucumber.runtime.java.JavaStepDefinition.execute(JavaStepDefinition.java:49)
	at cucumber.runner.PickleStepDefinitionMatch.runStep(PickleStepDefinitionMatch.java:50)
	at cucumber.runner.TestStep.executeStep(TestStep.java:63)
	at cucumber.runner.TestStep.run(TestStep.java:49)
	at cucumber.runner.PickleStepTestStep.run(PickleStepTestStep.java:43)
	at cucumber.runner.TestCase.run(TestCase.java:44)
	at cucumber.runner.Runner.runPickle(Runner.java:40)
	at cucumber.runtime.Runtime$1.run(Runtime.java:84)
	at cucumber.runtime.Runtime$SameThreadExecutorService.execute(Runtime.java:220)
	at cucumber.runtime.Runtime.run(Runtime.java:81)
	at cucumber.api.cli.Main.run(Main.java:26)
	at cucumber.api.cli.Main$run.call(Unknown Source)
	at com.kms.katalon.core.cucumber.keyword.CucumberBuiltinKeywords$_runFeatureFile_closure1.doCall(CucumberBuiltinKeywords.groovy:106)
	at com.kms.katalon.core.cucumber.keyword.CucumberBuiltinKeywords$_runFeatureFile_closure1.doCall(CucumberBuiltinKeywords.groovy)
	at com.kms.katalon.core.keyword.internal.KeywordMain.runKeyword(KeywordMain.groovy:68)
	at com.kms.katalon.core.keyword.internal.KeywordMain$runKeyword.call(Unknown Source)
	at com.kms.katalon.core.cucumber.keyword.CucumberBuiltinKeywords.runFeatureFile(CucumberBuiltinKeywords.groovy:73)
	at com.kms.katalon.core.cucumber.keyword.CucumberBuiltinKeywords$runFeatureFile$0.callStatic(Unknown Source)
	at com.kms.katalon.core.cucumber.keyword.CucumberBuiltinKeywords.runFeatureFile(CucumberBuiltinKeywords.groovy:246)
	at com.kms.katalon.core.cucumber.keyword.CucumberBuiltinKeywords$runFeatureFile.call(Unknown Source)
	at Departman Ata-Geri Al.run(Departman Ata-Geri Al:18)
	at com.kms.katalon.core.main.ScriptEngine.run(ScriptEngine.java:194)
	at com.kms.katalon.core.main.ScriptEngine.runScriptAsRawText(ScriptEngine.java:119)
	at com.kms.katalon.core.main.TestCaseExecutor.runScript(TestCaseExecutor.java:369)
	at com.kms.katalon.core.main.TestCaseExecutor.doExecute(TestCaseExecutor.java:360)
	at com.kms.katalon.core.main.TestCaseExecutor.processExecutionPhase(TestCaseExecutor.java:339)
	at com.kms.katalon.core.main.TestCaseExecutor.accessMainPhase(TestCaseExecutor.java:331)
	at com.kms.katalon.core.main.TestCaseExecutor.execute(TestCaseExecutor.java:248)
	at com.kms.katalon.core.main.TestSuiteExecutor.accessTestCaseMainPhase(TestSuiteExecutor.java:191)
	at com.kms.katalon.core.main.TestSuiteExecutor.accessTestSuiteMainPhase(TestSuiteExecutor.java:140)
	at com.kms.katalon.core.main.TestSuiteExecutor.execute(TestSuiteExecutor.java:89)
	at com.kms.katalon.core.main.TestCaseMain.startTestSuite(TestCaseMain.java:181)
	at com.kms.katalon.core.main.TestCaseMain$startTestSuite$0.call(Unknown Source)
	at TempTestSuite1637674428169.run(TempTestSuite1637674428169.groovy:39)
Caused by: org.openqa.selenium.NoSuchWindowException: no such window: window was already closed
  (Session info: chrome=96.0.4664.45)
Build info: version: '3.141.59', revision: 'e82be7d358', time: '2018-11-14T08:25:53'
System info: host: 'DESKTOP-QBVMTUG', ip: '192.168.1.24', os.name: 'Windows 10', os.arch: 'amd64', os.version: '10.0', java.version: '1.8.0_282'
Driver info: com.kms.katalon.selenium.driver.CChromeDriver
Capabilities {acceptInsecureCerts: false, browserName: chrome, browserVersion: 96.0.4664.45, chrome: {chromedriverVersion: 96.0.4664.45 (76e4c1bb2ab46..., userDataDir: C:\Users\DELL\AppData\Local...}, goog:chromeOptions: {debuggerAddress: localhost:62801}, javascriptEnabled: true, networkConnectionEnabled: false, pageLoadStrategy: normal, platform: WINDOWS, platformName: WINDOWS, proxy: Proxy(), setWindowRect: true, strictFileInteractability: false, timeouts: {implicit: 0, pageLoad: 300000, script: 30000}, unhandledPromptBehavior: dismiss and notify, webauthn:extension:credBlob: true, webauthn:extension:largeBlob: true, webauthn:virtualAuthenticators: true}
Session ID: 8f6c8f94397ce2134771b41349eaa615
	at org.openqa.selenium.remote.http.W3CHttpResponseCodec.createException(W3CHttpResponseCodec.java:187)
	at org.openqa.selenium.remote.http.W3CHttpResponseCodec.decode(W3CHttpResponseCodec.java:122)
	at org.openqa.selenium.remote.http.W3CHttpResponseCodec.decode(W3CHttpResponseCodec.java:49)
	at org.openqa.selenium.remote.HttpCommandExecutor.execute(HttpCommandExecutor.java:158)
	at org.openqa.selenium.remote.service.DriverCommandExecutor.execute(DriverCommandExecutor.java:83)
	at org.openqa.selenium.remote.RemoteWebDriver.execute(RemoteWebDriver.java:552)
	at com.kms.katalon.selenium.driver.CChromeDriver.execute(CChromeDriver.java:19)
	at org.openqa.selenium.remote.RemoteWebDriver.execute(RemoteWebDriver.java:609)
	at org.openqa.selenium.remote.RemoteWebDriver.getWindowHandle(RemoteWebDriver.java:472)
	at org.openqa.selenium.support.events.EventFiringWebDriver.lambda$new$1(EventFiringWebDriver.java:105)
	at com.sun.proxy.$Proxy12.getWindowHandle(Unknown Source)
	at org.openqa.selenium.support.events.EventFiringWebDriver.getWindowHandle(EventFiringWebDriver.java:221)
	at com.kms.katalon.core.webui.driver.DriverFactory.getCurrentWindowIndex(DriverFactory.java:1072)
	at com.kms.katalon.core.webui.keyword.builtin.GetWindowIndexKeyword$_getWindowIndex_closure1.doCall(GetWindowIndexKeyword.groovy:73)
	at com.kms.katalon.core.webui.keyword.builtin.GetWindowIndexKeyword$_getWindowIndex_closure1.call(GetWindowIndexKeyword.groovy)
	at com.kms.katalon.core.webui.keyword.internal.WebUIKeywordMain.runKeywordAndReturnInt(WebUIKeywordMain.groovy:50)
	at com.kms.katalon.core.webui.keyword.builtin.GetWindowIndexKeyword.getWindowIndex(GetWindowIndexKeyword.groovy:71)
	at com.kms.katalon.core.webui.keyword.builtin.GetWindowIndexKeyword.execute(GetWindowIndexKeyword.groovy:66)
	at com.kms.katalon.core.keyword.internal.KeywordExecutor.executeKeywordForPlatform(KeywordExecutor.groovy:73)
	at com.kms.katalon.core.webui.keyword.WebUiBuiltInKeywords.getWindowIndex(WebUiBuiltInKeywords.groovy:262)
	at com.kms.katalon.core.webui.keyword.WebUiBuiltInKeywords$getWindowIndex$13.call(Unknown Source)
	at Script1586261051750.run(Script1586261051750.groovy:18)
	at com.kms.katalon.core.main.ScriptEngine.run(ScriptEngine.java:194)
	at com.kms.katalon.core.main.ScriptEngine.runScriptAsRawText(ScriptEngine.java:119)
	at com.kms.katalon.core.main.TestCaseExecutor.runScript(TestCaseExecutor.java:369)
	at com.kms.katalon.core.main.TestCaseExecutor.doExecute(TestCaseExecutor.java:360)
	at com.kms.katalon.core.main.TestCaseExecutor.processExecutionPhase(TestCaseExecutor.java:339)
	at com.kms.katalon.core.main.TestCaseExecutor.accessMainPhase(TestCaseExecutor.java:331)
	at com.kms.katalon.core.main.TestCaseExecutor.execute(TestCaseExecutor.java:248)
	at com.kms.katalon.core.main.TestCaseMain.runTestCase(TestCaseMain.java:138)
	at com.kms.katalon.core.keyword.builtin.CallTestCaseKeyword$_callTestCase_closure1.doCall(CallTestCaseKeyword.groovy:59)
	at com.kms.katalon.core.keyword.builtin.CallTestCaseKeyword$_callTestCase_closure1.call(CallTestCaseKeyword.groovy)
	at com.kms.katalon.core.keyword.internal.KeywordMain.runKeyword(KeywordMain.groovy:68)
	at com.kms.katalon.core.keyword.builtin.CallTestCaseKeyword.callTestCase(CallTestCaseKeyword.groovy:81)
	at com.kms.katalon.core.keyword.builtin.CallTestCaseKeyword.execute(CallTestCaseKeyword.groovy:44)
	at com.kms.katalon.core.keyword.internal.KeywordExecutor.executeKeywordForPlatform(KeywordExecutor.groovy:73)
	at com.kms.katalon.core.keyword.BuiltinKeywords.callTestCase(BuiltinKeywords.groovy:334)
	at sekmeler.sekmeler.anaSekmeyeGecilir(sekmeler.groovy:55)
	at cucumber.runtime.Utils$1.call(Utils.java:26)
	at cucumber.runtime.Timeout.timeout(Timeout.java:16)
	at cucumber.runtime.Utils.invoke(Utils.java:20)
	at cucumber.runtime.java.JavaStepDefinition.execute(JavaStepDefinition.java:49)
	at cucumber.runner.PickleStepDefinitionMatch.runStep(PickleStepDefinitionMatch.java:50)
	at cucumber.runner.TestStep.executeStep(TestStep.java:63)
	at cucumber.runner.TestStep.run(TestStep.java:49)
	at cucumber.runner.PickleStepTestStep.run(PickleStepTestStep.java:43)
	at cucumber.runner.TestCase.run(TestCase.java:44)
	at cucumber.runner.Runner.runPickle(Runner.java:40)
	at cucumber.runtime.Runtime$1.run(Runtime.java:84)
	at cucumber.runtime.Runtime$SameThreadExecutorService.execute(Runtime.java:220)
	at cucumber.runtime.Runtime.run(Runtime.java:81)
	at cucumber.api.cli.Main.run(Main.java:26)
	at cucumber.api.cli.Main$run.call(Unknown Source)
	at com.kms.katalon.core.cucumber.keyword.CucumberBuiltinKeywords$_runFeatureFile_closure1.doCall(CucumberBuiltinKeywords.groovy:106)
	at com.kms.katalon.core.cucumber.keyword.CucumberBuiltinKeywords$_runFeatureFile_closure1.doCall(CucumberBuiltinKeywords.groovy)
	at com.kms.katalon.core.keyword.internal.KeywordMain.runKeyword(KeywordMain.groovy:68)
	at com.kms.katalon.core.keyword.internal.KeywordMain$runKeyword.call(Unknown Source)
	at com.kms.katalon.core.cucumber.keyword.CucumberBuiltinKeywords.runFeatureFile(CucumberBuiltinKeywords.groovy:73)
	at com.kms.katalon.core.cucumber.keyword.CucumberBuiltinKeywords$runFeatureFile$0.callStatic(Unknown Source)
	at com.kms.katalon.core.cucumber.keyword.CucumberBuiltinKeywords.runFeatureFile(CucumberBuiltinKeywords.groovy:246)
	at com.kms.katalon.core.cucumber.keyword.CucumberBuiltinKeywords$runFeatureFile.call(Unknown Source)
	at Script1602067995109.run(Script1602067995109.groovy:18)
	... 13 more
)

2021-11-23 16:36:03 - [TEST_STEP][FAILED] - index = getWindowIndex(): Unable to get the index of the current window (Root cause: com.kms.katalon.core.exception.StepFailedException: Unable to get the index of the current window
	at com.kms.katalon.core.webui.keyword.internal.WebUIKeywordMain.stepFailed(WebUIKeywordMain.groovy:64)
	at com.kms.katalon.core.webui.keyword.internal.WebUIKeywordMain.runKeywordAndReturnInt(WebUIKeywordMain.groovy:56)
	at com.kms.katalon.core.webui.keyword.builtin.GetWindowIndexKeyword.getWindowIndex(GetWindowIndexKeyword.groovy:71)
	at com.kms.katalon.core.webui.keyword.builtin.GetWindowIndexKeyword.execute(GetWindowIndexKeyword.groovy:66)
	at com.kms.katalon.core.keyword.internal.KeywordExecutor.executeKeywordForPlatform(KeywordExecutor.groovy:73)
	at com.kms.katalon.core.webui.keyword.WebUiBuiltInKeywords.getWindowIndex(WebUiBuiltInKeywords.groovy:262)
	at com.kms.katalon.core.webui.keyword.WebUiBuiltInKeywords$getWindowIndex$13.call(Unknown Source)
	at Ana_Sekmeye_Gec.run(Ana_Sekmeye_Gec:18)
	at com.kms.katalon.core.main.ScriptEngine.run(ScriptEngine.java:194)
	at com.kms.katalon.core.main.ScriptEngine.runScriptAsRawText(ScriptEngine.java:119)
	at com.kms.katalon.core.main.TestCaseExecutor.runScript(TestCaseExecutor.java:369)
	at com.kms.katalon.core.main.TestCaseExecutor.doExecute(TestCaseExecutor.java:360)
	at com.kms.katalon.core.main.TestCaseExecutor.processExecutionPhase(TestCaseExecutor.java:339)
	at com.kms.katalon.core.main.TestCaseExecutor.accessMainPhase(TestCaseExecutor.java:331)
	at com.kms.katalon.core.main.TestCaseExecutor.execute(TestCaseExecutor.java:248)
	at com.kms.katalon.core.main.TestCaseMain.runTestCase(TestCaseMain.java:138)
	at com.kms.katalon.core.keyword.builtin.CallTestCaseKeyword$_callTestCase_closure1.doCall(CallTestCaseKeyword.groovy:59)
	at com.kms.katalon.core.keyword.builtin.CallTestCaseKeyword$_callTestCase_closure1.call(CallTestCaseKeyword.groovy)
	at com.kms.katalon.core.keyword.internal.KeywordMain.runKeyword(KeywordMain.groovy:68)
	at com.kms.katalon.core.keyword.builtin.CallTestCaseKeyword.callTestCase(CallTestCaseKeyword.groovy:81)
	at com.kms.katalon.core.keyword.builtin.CallTestCaseKeyword.execute(CallTestCaseKeyword.groovy:44)
	at com.kms.katalon.core.keyword.internal.KeywordExecutor.executeKeywordForPlatform(KeywordExecutor.groovy:73)
	at com.kms.katalon.core.keyword.BuiltinKeywords.callTestCase(BuiltinKeywords.groovy:334)
	at sekmeler.sekmeler.anaSekmeyeGecilir(sekmeler.groovy:55)
	at cucumber.runtime.Utils$1.call(Utils.java:26)
	at cucumber.runtime.Timeout.timeout(Timeout.java:16)
	at cucumber.runtime.Utils.invoke(Utils.java:20)
	at cucumber.runtime.java.JavaStepDefinition.execute(JavaStepDefinition.java:49)
	at cucumber.runner.PickleStepDefinitionMatch.runStep(PickleStepDefinitionMatch.java:50)
	at cucumber.runner.TestStep.executeStep(TestStep.java:63)
	at cucumber.runner.TestStep.run(TestStep.java:49)
	at cucumber.runner.PickleStepTestStep.run(PickleStepTestStep.java:43)
	at cucumber.runner.TestCase.run(TestCase.java:44)
	at cucumber.runner.Runner.runPickle(Runner.java:40)
	at cucumber.runtime.Runtime$1.run(Runtime.java:84)
	at cucumber.runtime.Runtime$SameThreadExecutorService.execute(Runtime.java:220)
	at cucumber.runtime.Runtime.run(Runtime.java:81)
	at cucumber.api.cli.Main.run(Main.java:26)
	at cucumber.api.cli.Main$run.call(Unknown Source)
	at com.kms.katalon.core.cucumber.keyword.CucumberBuiltinKeywords$_runFeatureFile_closure1.doCall(CucumberBuiltinKeywords.groovy:106)
	at com.kms.katalon.core.cucumber.keyword.CucumberBuiltinKeywords$_runFeatureFile_closure1.doCall(CucumberBuiltinKeywords.groovy)
	at com.kms.katalon.core.keyword.internal.KeywordMain.runKeyword(KeywordMain.groovy:68)
	at com.kms.katalon.core.keyword.internal.KeywordMain$runKeyword.call(Unknown Source)
	at com.kms.katalon.core.cucumber.keyword.CucumberBuiltinKeywords.runFeatureFile(CucumberBuiltinKeywords.groovy:73)
	at com.kms.katalon.core.cucumber.keyword.CucumberBuiltinKeywords$runFeatureFile$0.callStatic(Unknown Source)
	at com.kms.katalon.core.cucumber.keyword.CucumberBuiltinKeywords.runFeatureFile(CucumberBuiltinKeywords.groovy:246)
	at com.kms.katalon.core.cucumber.keyword.CucumberBuiltinKeywords$runFeatureFile.call(Unknown Source)
	at Departman Ata-Geri Al.run(Departman Ata-Geri Al:18)
	at com.kms.katalon.core.main.ScriptEngine.run(ScriptEngine.java:194)
	at com.kms.katalon.core.main.ScriptEngine.runScriptAsRawText(ScriptEngine.java:119)
	at com.kms.katalon.core.main.TestCaseExecutor.runScript(TestCaseExecutor.java:369)
	at com.kms.katalon.core.main.TestCaseExecutor.doExecute(TestCaseExecutor.java:360)
	at com.kms.katalon.core.main.TestCaseExecutor.processExecutionPhase(TestCaseExecutor.java:339)
	at com.kms.katalon.core.main.TestCaseExecutor.accessMainPhase(TestCaseExecutor.java:331)
	at com.kms.katalon.core.main.TestCaseExecutor.execute(TestCaseExecutor.java:248)
	at com.kms.katalon.core.main.TestSuiteExecutor.accessTestCaseMainPhase(TestSuiteExecutor.java:191)
	at com.kms.katalon.core.main.TestSuiteExecutor.accessTestSuiteMainPhase(TestSuiteExecutor.java:140)
	at com.kms.katalon.core.main.TestSuiteExecutor.execute(TestSuiteExecutor.java:89)
	at com.kms.katalon.core.main.TestCaseMain.startTestSuite(TestCaseMain.java:181)
	at com.kms.katalon.core.main.TestCaseMain$startTestSuite$0.call(Unknown Source)
	at TempTestSuite1637674428169.run(TempTestSuite1637674428169.groovy:39)
Caused by: org.openqa.selenium.NoSuchWindowException: no such window: window was already closed
  (Session info: chrome=96.0.4664.45)
Build info: version: '3.141.59', revision: 'e82be7d358', time: '2018-11-14T08:25:53'
System info: host: 'DESKTOP-QBVMTUG', ip: '192.168.1.24', os.name: 'Windows 10', os.arch: 'amd64', os.version: '10.0', java.version: '1.8.0_282'
Driver info: com.kms.katalon.selenium.driver.CChromeDriver
Capabilities {acceptInsecureCerts: false, browserName: chrome, browserVersion: 96.0.4664.45, chrome: {chromedriverVersion: 96.0.4664.45 (76e4c1bb2ab46..., userDataDir: C:\Users\DELL\AppData\Local...}, goog:chromeOptions: {debuggerAddress: localhost:62801}, javascriptEnabled: true, networkConnectionEnabled: false, pageLoadStrategy: normal, platform: WINDOWS, platformName: WINDOWS, proxy: Proxy(), setWindowRect: true, strictFileInteractability: false, timeouts: {implicit: 0, pageLoad: 300000, script: 30000}, unhandledPromptBehavior: dismiss and notify, webauthn:extension:credBlob: true, webauthn:extension:largeBlob: true, webauthn:virtualAuthenticators: true}
Session ID: 8f6c8f94397ce2134771b41349eaa615
	at org.openqa.selenium.remote.http.W3CHttpResponseCodec.createException(W3CHttpResponseCodec.java:187)
	at org.openqa.selenium.remote.http.W3CHttpResponseCodec.decode(W3CHttpResponseCodec.java:122)
	at org.openqa.selenium.remote.http.W3CHttpResponseCodec.decode(W3CHttpResponseCodec.java:49)
	at org.openqa.selenium.remote.HttpCommandExecutor.execute(HttpCommandExecutor.java:158)
	at org.openqa.selenium.remote.service.DriverCommandExecutor.execute(DriverCommandExecutor.java:83)
	at org.openqa.selenium.remote.RemoteWebDriver.execute(RemoteWebDriver.java:552)
	at com.kms.katalon.selenium.driver.CChromeDriver.execute(CChromeDriver.java:19)
	at org.openqa.selenium.remote.RemoteWebDriver.execute(RemoteWebDriver.java:609)
	at org.openqa.selenium.remote.RemoteWebDriver.getWindowHandle(RemoteWebDriver.java:472)
	at org.openqa.selenium.support.events.EventFiringWebDriver.lambda$new$1(EventFiringWebDriver.java:105)
	at com.sun.proxy.$Proxy12.getWindowHandle(Unknown Source)
	at org.openqa.selenium.support.events.EventFiringWebDriver.getWindowHandle(EventFiringWebDriver.java:221)
	at com.kms.katalon.core.webui.driver.DriverFactory.getCurrentWindowIndex(DriverFactory.java:1072)
	at com.kms.katalon.core.webui.keyword.builtin.GetWindowIndexKeyword$_getWindowIndex_closure1.doCall(GetWindowIndexKeyword.groovy:73)
	at com.kms.katalon.core.webui.keyword.builtin.GetWindowIndexKeyword$_getWindowIndex_closure1.call(GetWindowIndexKeyword.groovy)
	at com.kms.katalon.core.webui.keyword.internal.WebUIKeywordMain.runKeywordAndReturnInt(WebUIKeywordMain.groovy:50)
	at com.kms.katalon.core.webui.keyword.builtin.GetWindowIndexKeyword.getWindowIndex(GetWindowIndexKeyword.groovy:71)
	at com.kms.katalon.core.webui.keyword.builtin.GetWindowIndexKeyword.execute(GetWindowIndexKeyword.groovy:66)
	at com.kms.katalon.core.keyword.internal.KeywordExecutor.executeKeywordForPlatform(KeywordExecutor.groovy:73)
	at com.kms.katalon.core.webui.keyword.WebUiBuiltInKeywords.getWindowIndex(WebUiBuiltInKeywords.groovy:262)
	at com.kms.katalon.core.webui.keyword.WebUiBuiltInKeywords$getWindowIndex$13.call(Unknown Source)
	at Script1586261051750.run(Script1586261051750.groovy:18)
	at com.kms.katalon.core.main.ScriptEngine.run(ScriptEngine.java:194)
	at com.kms.katalon.core.main.ScriptEngine.runScriptAsRawText(ScriptEngine.java:119)
	at com.kms.katalon.core.main.TestCaseExecutor.runScript(TestCaseExecutor.java:369)
	at com.kms.katalon.core.main.TestCaseExecutor.doExecute(TestCaseExecutor.java:360)
	at com.kms.katalon.core.main.TestCaseExecutor.processExecutionPhase(TestCaseExecutor.java:339)
	at com.kms.katalon.core.main.TestCaseExecutor.accessMainPhase(TestCaseExecutor.java:331)
	at com.kms.katalon.core.main.TestCaseExecutor.execute(TestCaseExecutor.java:248)
	at com.kms.katalon.core.main.TestCaseMain.runTestCase(TestCaseMain.java:138)
	at com.kms.katalon.core.keyword.builtin.CallTestCaseKeyword$_callTestCase_closure1.doCall(CallTestCaseKeyword.groovy:59)
	at com.kms.katalon.core.keyword.builtin.CallTestCaseKeyword$_callTestCase_closure1.call(CallTestCaseKeyword.groovy)
	at com.kms.katalon.core.keyword.internal.KeywordMain.runKeyword(KeywordMain.groovy:68)
	at com.kms.katalon.core.keyword.builtin.CallTestCaseKeyword.callTestCase(CallTestCaseKeyword.groovy:81)
	at com.kms.katalon.core.keyword.builtin.CallTestCaseKeyword.execute(CallTestCaseKeyword.groovy:44)
	at com.kms.katalon.core.keyword.internal.KeywordExecutor.executeKeywordForPlatform(KeywordExecutor.groovy:73)
	at com.kms.katalon.core.keyword.BuiltinKeywords.callTestCase(BuiltinKeywords.groovy:334)
	at sekmeler.sekmeler.anaSekmeyeGecilir(sekmeler.groovy:55)
	at cucumber.runtime.Utils$1.call(Utils.java:26)
	at cucumber.runtime.Timeout.timeout(Timeout.java:16)
	at cucumber.runtime.Utils.invoke(Utils.java:20)
	at cucumber.runtime.java.JavaStepDefinition.execute(JavaStepDefinition.java:49)
	at cucumber.runner.PickleStepDefinitionMatch.runStep(PickleStepDefinitionMatch.java:50)
	at cucumber.runner.TestStep.executeStep(TestStep.java:63)
	at cucumber.runner.TestStep.run(TestStep.java:49)
	at cucumber.runner.PickleStepTestStep.run(PickleStepTestStep.java:43)
	at cucumber.runner.TestCase.run(TestCase.java:44)
	at cucumber.runner.Runner.runPickle(Runner.java:40)
	at cucumber.runtime.Runtime$1.run(Runtime.java:84)
	at cucumber.runtime.Runtime$SameThreadExecutorService.execute(Runtime.java:220)
	at cucumber.runtime.Runtime.run(Runtime.java:81)
	at cucumber.api.cli.Main.run(Main.java:26)
	at cucumber.api.cli.Main$run.call(Unknown Source)
	at com.kms.katalon.core.cucumber.keyword.CucumberBuiltinKeywords$_runFeatureFile_closure1.doCall(CucumberBuiltinKeywords.groovy:106)
	at com.kms.katalon.core.cucumber.keyword.CucumberBuiltinKeywords$_runFeatureFile_closure1.doCall(CucumberBuiltinKeywords.groovy)
	at com.kms.katalon.core.keyword.internal.KeywordMain.runKeyword(KeywordMain.groovy:68)
	at com.kms.katalon.core.keyword.internal.KeywordMain$runKeyword.call(Unknown Source)
	at com.kms.katalon.core.cucumber.keyword.CucumberBuiltinKeywords.runFeatureFile(CucumberBuiltinKeywords.groovy:73)
	at com.kms.katalon.core.cucumber.keyword.CucumberBuiltinKeywords$runFeatureFile$0.callStatic(Unknown Source)
	at com.kms.katalon.core.cucumber.keyword.CucumberBuiltinKeywords.runFeatureFile(CucumberBuiltinKeywords.groovy:246)
	at com.kms.katalon.core.cucumber.keyword.CucumberBuiltinKeywords$runFeatureFile.call(Unknown Source)
	at Script1602067995109.run(Script1602067995109.groovy:18)
	... 13 more
)

2021-11-23 16:36:03 - [MESSAGE][INFO] - Getting current window's index

2021-11-23 16:36:03 - [MESSAGE][FAILED] - Unable to get the index of the current window (Root cause: com.kms.katalon.core.exception.StepFailedException: Unable to get the index of the current window
	at com.kms.katalon.core.webui.keyword.internal.WebUIKeywordMain.stepFailed(WebUIKeywordMain.groovy:64)
	at com.kms.katalon.core.webui.keyword.internal.WebUIKeywordMain.runKeywordAndReturnInt(WebUIKeywordMain.groovy:56)
	at com.kms.katalon.core.webui.keyword.builtin.GetWindowIndexKeyword.getWindowIndex(GetWindowIndexKeyword.groovy:71)
	at com.kms.katalon.core.webui.keyword.builtin.GetWindowIndexKeyword.execute(GetWindowIndexKeyword.groovy:66)
	at com.kms.katalon.core.keyword.internal.KeywordExecutor.executeKeywordForPlatform(KeywordExecutor.groovy:73)
	at com.kms.katalon.core.webui.keyword.WebUiBuiltInKeywords.getWindowIndex(WebUiBuiltInKeywords.groovy:262)
	at com.kms.katalon.core.webui.keyword.WebUiBuiltInKeywords$getWindowIndex$13.call(Unknown Source)
	at Ana_Sekmeye_Gec.run(Ana_Sekmeye_Gec:18)
	at com.kms.katalon.core.main.ScriptEngine.run(ScriptEngine.java:194)
	at com.kms.katalon.core.main.ScriptEngine.runScriptAsRawText(ScriptEngine.java:119)
	at com.kms.katalon.core.main.TestCaseExecutor.runScript(TestCaseExecutor.java:369)
	at com.kms.katalon.core.main.TestCaseExecutor.doExecute(TestCaseExecutor.java:360)
	at com.kms.katalon.core.main.TestCaseExecutor.processExecutionPhase(TestCaseExecutor.java:339)
	at com.kms.katalon.core.main.TestCaseExecutor.accessMainPhase(TestCaseExecutor.java:331)
	at com.kms.katalon.core.main.TestCaseExecutor.execute(TestCaseExecutor.java:248)
	at com.kms.katalon.core.main.TestCaseMain.runTestCase(TestCaseMain.java:138)
	at com.kms.katalon.core.keyword.builtin.CallTestCaseKeyword$_callTestCase_closure1.doCall(CallTestCaseKeyword.groovy:59)
	at com.kms.katalon.core.keyword.builtin.CallTestCaseKeyword$_callTestCase_closure1.call(CallTestCaseKeyword.groovy)
	at com.kms.katalon.core.keyword.internal.KeywordMain.runKeyword(KeywordMain.groovy:68)
	at com.kms.katalon.core.keyword.builtin.CallTestCaseKeyword.callTestCase(CallTestCaseKeyword.groovy:81)
	at com.kms.katalon.core.keyword.builtin.CallTestCaseKeyword.execute(CallTestCaseKeyword.groovy:44)
	at com.kms.katalon.core.keyword.internal.KeywordExecutor.executeKeywordForPlatform(KeywordExecutor.groovy:73)
	at com.kms.katalon.core.keyword.BuiltinKeywords.callTestCase(BuiltinKeywords.groovy:334)
	at sekmeler.sekmeler.anaSekmeyeGecilir(sekmeler.groovy:55)
	at cucumber.runtime.Utils$1.call(Utils.java:26)
	at cucumber.runtime.Timeout.timeout(Timeout.java:16)
	at cucumber.runtime.Utils.invoke(Utils.java:20)
	at cucumber.runtime.java.JavaStepDefinition.execute(JavaStepDefinition.java:49)
	at cucumber.runner.PickleStepDefinitionMatch.runStep(PickleStepDefinitionMatch.java:50)
	at cucumber.runner.TestStep.executeStep(TestStep.java:63)
	at cucumber.runner.TestStep.run(TestStep.java:49)
	at cucumber.runner.PickleStepTestStep.run(PickleStepTestStep.java:43)
	at cucumber.runner.TestCase.run(TestCase.java:44)
	at cucumber.runner.Runner.runPickle(Runner.java:40)
	at cucumber.runtime.Runtime$1.run(Runtime.java:84)
	at cucumber.runtime.Runtime$SameThreadExecutorService.execute(Runtime.java:220)
	at cucumber.runtime.Runtime.run(Runtime.java:81)
	at cucumber.api.cli.Main.run(Main.java:26)
	at cucumber.api.cli.Main$run.call(Unknown Source)
	at com.kms.katalon.core.cucumber.keyword.CucumberBuiltinKeywords$_runFeatureFile_closure1.doCall(CucumberBuiltinKeywords.groovy:106)
	at com.kms.katalon.core.cucumber.keyword.CucumberBuiltinKeywords$_runFeatureFile_closure1.doCall(CucumberBuiltinKeywords.groovy)
	at com.kms.katalon.core.keyword.internal.KeywordMain.runKeyword(KeywordMain.groovy:68)
	at com.kms.katalon.core.keyword.internal.KeywordMain$runKeyword.call(Unknown Source)
	at com.kms.katalon.core.cucumber.keyword.CucumberBuiltinKeywords.runFeatureFile(CucumberBuiltinKeywords.groovy:73)
	at com.kms.katalon.core.cucumber.keyword.CucumberBuiltinKeywords$runFeatureFile$0.callStatic(Unknown Source)
	at com.kms.katalon.core.cucumber.keyword.CucumberBuiltinKeywords.runFeatureFile(CucumberBuiltinKeywords.groovy:246)
	at com.kms.katalon.core.cucumber.keyword.CucumberBuiltinKeywords$runFeatureFile.call(Unknown Source)
	at Departman Ata-Geri Al.run(Departman Ata-Geri Al:18)
	at com.kms.katalon.core.main.ScriptEngine.run(ScriptEngine.java:194)
	at com.kms.katalon.core.main.ScriptEngine.runScriptAsRawText(ScriptEngine.java:119)
	at com.kms.katalon.core.main.TestCaseExecutor.runScript(TestCaseExecutor.java:369)
	at com.kms.katalon.core.main.TestCaseExecutor.doExecute(TestCaseExecutor.java:360)
	at com.kms.katalon.core.main.TestCaseExecutor.processExecutionPhase(TestCaseExecutor.java:339)
	at com.kms.katalon.core.main.TestCaseExecutor.accessMainPhase(TestCaseExecutor.java:331)
	at com.kms.katalon.core.main.TestCaseExecutor.execute(TestCaseExecutor.java:248)
	at com.kms.katalon.core.main.TestSuiteExecutor.accessTestCaseMainPhase(TestSuiteExecutor.java:191)
	at com.kms.katalon.core.main.TestSuiteExecutor.accessTestSuiteMainPhase(TestSuiteExecutor.java:140)
	at com.kms.katalon.core.main.TestSuiteExecutor.execute(TestSuiteExecutor.java:89)
	at com.kms.katalon.core.main.TestCaseMain.startTestSuite(TestCaseMain.java:181)
	at com.kms.katalon.core.main.TestCaseMain$startTestSuite$0.call(Unknown Source)
	at TempTestSuite1637674428169.run(TempTestSuite1637674428169.groovy:39)
Caused by: org.openqa.selenium.NoSuchWindowException: no such window: window was already closed
  (Session info: chrome=96.0.4664.45)
Build info: version: '3.141.59', revision: 'e82be7d358', time: '2018-11-14T08:25:53'
System info: host: 'DESKTOP-QBVMTUG', ip: '192.168.1.24', os.name: 'Windows 10', os.arch: 'amd64', os.version: '10.0', java.version: '1.8.0_282'
Driver info: com.kms.katalon.selenium.driver.CChromeDriver
Capabilities {acceptInsecureCerts: false, browserName: chrome, browserVersion: 96.0.4664.45, chrome: {chromedriverVersion: 96.0.4664.45 (76e4c1bb2ab46..., userDataDir: C:\Users\DELL\AppData\Local...}, goog:chromeOptions: {debuggerAddress: localhost:62801}, javascriptEnabled: true, networkConnectionEnabled: false, pageLoadStrategy: normal, platform: WINDOWS, platformName: WINDOWS, proxy: Proxy(), setWindowRect: true, strictFileInteractability: false, timeouts: {implicit: 0, pageLoad: 300000, script: 30000}, unhandledPromptBehavior: dismiss and notify, webauthn:extension:credBlob: true, webauthn:extension:largeBlob: true, webauthn:virtualAuthenticators: true}
Session ID: 8f6c8f94397ce2134771b41349eaa615
	at org.openqa.selenium.remote.http.W3CHttpResponseCodec.createException(W3CHttpResponseCodec.java:187)
	at org.openqa.selenium.remote.http.W3CHttpResponseCodec.decode(W3CHttpResponseCodec.java:122)
	at org.openqa.selenium.remote.http.W3CHttpResponseCodec.decode(W3CHttpResponseCodec.java:49)
	at org.openqa.selenium.remote.HttpCommandExecutor.execute(HttpCommandExecutor.java:158)
	at org.openqa.selenium.remote.service.DriverCommandExecutor.execute(DriverCommandExecutor.java:83)
	at org.openqa.selenium.remote.RemoteWebDriver.execute(RemoteWebDriver.java:552)
	at com.kms.katalon.selenium.driver.CChromeDriver.execute(CChromeDriver.java:19)
	at org.openqa.selenium.remote.RemoteWebDriver.execute(RemoteWebDriver.java:609)
	at org.openqa.selenium.remote.RemoteWebDriver.getWindowHandle(RemoteWebDriver.java:472)
	at org.openqa.selenium.support.events.EventFiringWebDriver.lambda$new$1(EventFiringWebDriver.java:105)
	at com.sun.proxy.$Proxy12.getWindowHandle(Unknown Source)
	at org.openqa.selenium.support.events.EventFiringWebDriver.getWindowHandle(EventFiringWebDriver.java:221)
	at com.kms.katalon.core.webui.driver.DriverFactory.getCurrentWindowIndex(DriverFactory.java:1072)
	at com.kms.katalon.core.webui.keyword.builtin.GetWindowIndexKeyword$_getWindowIndex_closure1.doCall(GetWindowIndexKeyword.groovy:73)
	at com.kms.katalon.core.webui.keyword.builtin.GetWindowIndexKeyword$_getWindowIndex_closure1.call(GetWindowIndexKeyword.groovy)
	at com.kms.katalon.core.webui.keyword.internal.WebUIKeywordMain.runKeywordAndReturnInt(WebUIKeywordMain.groovy:50)
	at com.kms.katalon.core.webui.keyword.builtin.GetWindowIndexKeyword.getWindowIndex(GetWindowIndexKeyword.groovy:71)
	at com.kms.katalon.core.webui.keyword.builtin.GetWindowIndexKeyword.execute(GetWindowIndexKeyword.groovy:66)
	at com.kms.katalon.core.keyword.internal.KeywordExecutor.executeKeywordForPlatform(KeywordExecutor.groovy:73)
	at com.kms.katalon.core.webui.keyword.WebUiBuiltInKeywords.getWindowIndex(WebUiBuiltInKeywords.groovy:262)
	at com.kms.katalon.core.webui.keyword.WebUiBuiltInKeywords$getWindowIndex$13.call(Unknown Source)
	at Script1586261051750.run(Script1586261051750.groovy:18)
	at com.kms.katalon.core.main.ScriptEngine.run(ScriptEngine.java:194)
	at com.kms.katalon.core.main.ScriptEngine.runScriptAsRawText(ScriptEngine.java:119)
	at com.kms.katalon.core.main.TestCaseExecutor.runScript(TestCaseExecutor.java:369)
	at com.kms.katalon.core.main.TestCaseExecutor.doExecute(TestCaseExecutor.java:360)
	at com.kms.katalon.core.main.TestCaseExecutor.processExecutionPhase(TestCaseExecutor.java:339)
	at com.kms.katalon.core.main.TestCaseExecutor.accessMainPhase(TestCaseExecutor.java:331)
	at com.kms.katalon.core.main.TestCaseExecutor.execute(TestCaseExecutor.java:248)
	at com.kms.katalon.core.main.TestCaseMain.runTestCase(TestCaseMain.java:138)
	at com.kms.katalon.core.keyword.builtin.CallTestCaseKeyword$_callTestCase_closure1.doCall(CallTestCaseKeyword.groovy:59)
	at com.kms.katalon.core.keyword.builtin.CallTestCaseKeyword$_callTestCase_closure1.call(CallTestCaseKeyword.groovy)
	at com.kms.katalon.core.keyword.internal.KeywordMain.runKeyword(KeywordMain.groovy:68)
	at com.kms.katalon.core.keyword.builtin.CallTestCaseKeyword.callTestCase(CallTestCaseKeyword.groovy:81)
	at com.kms.katalon.core.keyword.builtin.CallTestCaseKeyword.execute(CallTestCaseKeyword.groovy:44)
	at com.kms.katalon.core.keyword.internal.KeywordExecutor.executeKeywordForPlatform(KeywordExecutor.groovy:73)
	at com.kms.katalon.core.keyword.BuiltinKeywords.callTestCase(BuiltinKeywords.groovy:334)
	at sekmeler.sekmeler.anaSekmeyeGecilir(sekmeler.groovy:55)
	at cucumber.runtime.Utils$1.call(Utils.java:26)
	at cucumber.runtime.Timeout.timeout(Timeout.java:16)
	at cucumber.runtime.Utils.invoke(Utils.java:20)
	at cucumber.runtime.java.JavaStepDefinition.execute(JavaStepDefinition.java:49)
	at cucumber.runner.PickleStepDefinitionMatch.runStep(PickleStepDefinitionMatch.java:50)
	at cucumber.runner.TestStep.executeStep(TestStep.java:63)
	at cucumber.runner.TestStep.run(TestStep.java:49)
	at cucumber.runner.PickleStepTestStep.run(PickleStepTestStep.java:43)
	at cucumber.runner.TestCase.run(TestCase.java:44)
	at cucumber.runner.Runner.runPickle(Runner.java:40)
	at cucumber.runtime.Runtime$1.run(Runtime.java:84)
	at cucumber.runtime.Runtime$SameThreadExecutorService.execute(Runtime.java:220)
	at cucumber.runtime.Runtime.run(Runtime.java:81)
	at cucumber.api.cli.Main.run(Main.java:26)
	at cucumber.api.cli.Main$run.call(Unknown Source)
	at com.kms.katalon.core.cucumber.keyword.CucumberBuiltinKeywords$_runFeatureFile_closure1.doCall(CucumberBuiltinKeywords.groovy:106)
	at com.kms.katalon.core.cucumber.keyword.CucumberBuiltinKeywords$_runFeatureFile_closure1.doCall(CucumberBuiltinKeywords.groovy)
	at com.kms.katalon.core.keyword.internal.KeywordMain.runKeyword(KeywordMain.groovy:68)
	at com.kms.katalon.core.keyword.internal.KeywordMain$runKeyword.call(Unknown Source)
	at com.kms.katalon.core.cucumber.keyword.CucumberBuiltinKeywords.runFeatureFile(CucumberBuiltinKeywords.groovy:73)
	at com.kms.katalon.core.cucumber.keyword.CucumberBuiltinKeywords$runFeatureFile$0.callStatic(Unknown Source)
	at com.kms.katalon.core.cucumber.keyword.CucumberBuiltinKeywords.runFeatureFile(CucumberBuiltinKeywords.groovy:246)
	at com.kms.katalon.core.cucumber.keyword.CucumberBuiltinKeywords$runFeatureFile.call(Unknown Source)
	at Script1602067995109.run(Script1602067995109.groovy:18)
	... 13 more
)

2021-11-23 16:36:03 - [TEST_STEP][PASSED] - catch (Exception e): null

2021-11-23 16:36:03 - [TEST_STEP][PASSED] - switchToWindowIndex(0): Switched to window with index: '0'

2021-11-23 16:36:03 - [MESSAGE][INFO] - Checking index

2021-11-23 16:36:03 - [MESSAGE][INFO] - Switching window with index: '0'

2021-11-23 16:36:03 - [MESSAGE][PASSED] - Switched to window with index: '0'

2021-11-23 16:36:03 - [MESSAGE][PASSED] - Call Test Case 'Test Cases/Sekmeler/Ana_Sekmeye_Gec' successfully

2021-11-23 16:36:03 - [MESSAGE][INFO] - Checking called Test Case

2021-11-23 16:36:03 - [MESSAGE][INFO] - Starting to call Test Case 'Test Cases/Kullanici_Islemleri/KullaniciIslemlerindenSecimYapilir'

2021-11-23 16:36:03 - [TEST_CASE][PASSED] - Test Cases/Kullanici_Islemleri/KullaniciIslemlerindenSecimYapilir: Test Cases/Kullanici_Islemleri/KullaniciIslemlerindenSecimYapilir

2021-11-23 16:36:03 - [TEST_STEP][PASSED] - waitForElementClickable(findTestObject("Object Repository/Kullanici_Islemleri/KullaniciIslemleri"), 10): Object 'Object Repository/Kullanici_Islemleri/KullaniciIslemleri' is clickable

2021-11-23 16:36:03 - [MESSAGE][INFO] - Finding Test Object 'Object Repository/Kullanici_Islemleri/KullaniciIslemleri'

2021-11-23 16:36:04 - [MESSAGE][INFO] - Checking object

2021-11-23 16:36:04 - [MESSAGE][INFO] - Checking timeout

2021-11-23 16:36:04 - [MESSAGE][INFO] - Finding web element from Test Object's properties

2021-11-23 16:36:04 - [MESSAGE][INFO] - Checking timeout

2021-11-23 16:36:04 - [MESSAGE][INFO] - Finding web element with id: 'Object Repository/Kullanici_Islemleri/KullaniciIslemleri' located by 'By.cssSelector: .dropdown>a>img' in '10' second(s)

2021-11-23 16:36:04 - [MESSAGE][INFO] - Smart Wait Function is triggered

2021-11-23 16:36:04 - [MESSAGE][INFO] - Found 1 web elements with id: 'Object Repository/Kullanici_Islemleri/KullaniciIslemleri' located by 'By.cssSelector: .dropdown>a>img' in '10' second(s)

2021-11-23 16:36:04 - [MESSAGE][PASSED] - Object 'Object Repository/Kullanici_Islemleri/KullaniciIslemleri' is clickable

2021-11-23 16:36:04 - [TEST_STEP][PASSED] - click(findTestObject("Object Repository/Kullanici_Islemleri/KullaniciIslemleri")): Object: 'Object Repository/Kullanici_Islemleri/KullaniciIslemleri' is clicked on

2021-11-23 16:36:04 - [MESSAGE][INFO] - Finding Test Object 'Object Repository/Kullanici_Islemleri/KullaniciIslemleri'

2021-11-23 16:36:04 - [MESSAGE][INFO] - Checking object

2021-11-23 16:36:04 - [MESSAGE][INFO] - Finding web element from Test Object's properties

2021-11-23 16:36:04 - [MESSAGE][INFO] - Checking timeout

2021-11-23 16:36:04 - [MESSAGE][INFO] - Finding web element with id: 'Object Repository/Kullanici_Islemleri/KullaniciIslemleri' located by 'By.cssSelector: .dropdown>a>img' in '30' second(s)

2021-11-23 16:36:04 - [MESSAGE][INFO] - Smart Wait Function is triggered

2021-11-23 16:36:04 - [MESSAGE][INFO] - Found 1 web elements with id: 'Object Repository/Kullanici_Islemleri/KullaniciIslemleri' located by 'By.cssSelector: .dropdown>a>img' in '30' second(s)

2021-11-23 16:36:04 - [MESSAGE][INFO] - Clicking on object: 'Object Repository/Kullanici_Islemleri/KullaniciIslemleri'

2021-11-23 16:36:04 - [MESSAGE][PASSED] - Object: 'Object Repository/Kullanici_Islemleri/KullaniciIslemleri' is clicked on

2021-11-23 16:36:04 - [TEST_STEP][PASSED] - Method.TextDegerineEsitElementeTikla(findTestObject("Object Repository/Kullanici_Islemleri/Secenekler"), Islem): Method.TextDegerineEsitElementeTikla is PASSED

2021-11-23 16:36:04 - [MESSAGE][INFO] - Finding Test Object 'Object Repository/Kullanici_Islemleri/Secenekler'

2021-11-23 16:36:04 - [MESSAGE][INFO] - Checking timeout

2021-11-23 16:36:04 - [MESSAGE][INFO] - Finding web element with id: 'Object Repository/Kullanici_Islemleri/Secenekler' located by 'By.cssSelector: .nav.navbar-nav.navbar-right li a' in '10' second(s)

2021-11-23 16:36:04 - [MESSAGE][INFO] - Smart Wait Function is triggered

2021-11-23 16:36:05 - [MESSAGE][INFO] - Found 22 web elements with id: 'Object Repository/Kullanici_Islemleri/Secenekler' located by 'By.cssSelector: .nav.navbar-nav.navbar-right li a' in '10' second(s)

2021-11-23 16:36:07 - [MESSAGE][PASSED] - Method.TextDegerineEsitElementeTikla is PASSED

2021-11-23 16:36:07 - [TEST_STEP][PASSED] - verifyElementNotPresent(findTestObject("Object Repository/Kullanici_Islemleri/Secenekler"), 10): Web element with id: 'Object Repository/Kullanici_Islemleri/Secenekler' located by 'By.cssSelector: .nav.navbar-nav.navbar-right li a' is not present after '10' second(s)

2021-11-23 16:36:07 - [MESSAGE][INFO] - Finding Test Object 'Object Repository/Kullanici_Islemleri/Secenekler'

2021-11-23 16:36:07 - [MESSAGE][INFO] - Checking object

2021-11-23 16:36:07 - [MESSAGE][INFO] - Checking timeout

2021-11-23 16:36:07 - [MESSAGE][INFO] - Finding web element with id: 'Object Repository/Kullanici_Islemleri/Secenekler' located by 'By.cssSelector: .nav.navbar-nav.navbar-right li a' in '10' second(s)

2021-11-23 16:36:07 - [MESSAGE][INFO] - Smart Wait Function is triggered

2021-11-23 16:36:07 - [MESSAGE][PASSED] - Web element with id: 'Object Repository/Kullanici_Islemleri/Secenekler' located by 'By.cssSelector: .nav.navbar-nav.navbar-right li a' is not present after '10' second(s)

2021-11-23 16:36:07 - [MESSAGE][PASSED] - Call Test Case 'Test Cases/Kullanici_Islemleri/KullaniciIslemlerindenSecimYapilir' successfully

2021-11-23 16:36:07 - [TEST_CASE][PASSED] - Start Test Case : SCENARIO e-Mustahsil Makbuzu Departman Ata: SCENARIO e-Mustahsil Makbuzu Departman Ata

2021-11-23 16:36:07 - [TEST_STEP][PASSED] - Kullanıcı adı ELOGO6 ve Şifre 123456 olarak giriş yapılır: Kullanıcı adı ELOGO6 ve Şifre 123456 olarak giriş yapılır

2021-11-23 16:36:07 - [MESSAGE][PASSED] - Kullanıcı adı ELOGO6 ve Şifre 123456 olarak giriş yapılır

2021-11-23 16:36:07 - [TEST_STEP][PASSED] - Ana menüden e-Makbuz seçilir: Ana menüden e-Makbuz seçilir

2021-11-23 16:36:07 - [MESSAGE][PASSED] - Ana menüden e-Makbuz seçilir

2021-11-23 16:36:07 - [TEST_STEP][PASSED] - Alt menü e-Müstahsil Uygulaması başlığı altındaki e-Müstahsil Makbuzları seçilir: Alt menü e-Müstahsil Uygulaması başlığı altındaki e-Müstahsil Makbuzları seçilir

2021-11-23 16:36:07 - [MESSAGE][PASSED] - Alt menü e-Müstahsil Uygulaması başlığı altındaki e-Müstahsil Makbuzları seçilir

2021-11-23 16:36:07 - [TEST_STEP][PASSED] - Filtrelerden Oluşturma Tarihi filtresine 01.12.2020 baslangic degerini yaz: Filtrelerden Oluşturma Tarihi filtresine 01.12.2020 baslangic degerini yaz

2021-11-23 16:36:07 - [MESSAGE][PASSED] - Filtrelerden Oluşturma Tarihi filtresine 01.12.2020 baslangic degerini yaz

2021-11-23 16:36:07 - [TEST_STEP][PASSED] - Filtrelerden Oluşturma Tarihi filtresine 31.12.2020 bitis degerini yaz: Filtrelerden Oluşturma Tarihi filtresine 31.12.2020 bitis degerini yaz

2021-11-23 16:36:07 - [MESSAGE][PASSED] - Filtrelerden Oluşturma Tarihi filtresine 31.12.2020 bitis degerini yaz

2021-11-23 16:36:07 - [TEST_STEP][PASSED] - Filtre butonlarından Listele seçilir: Filtre butonlarından Listele seçilir

2021-11-23 16:36:07 - [MESSAGE][PASSED] - Filtre butonlarından Listele seçilir

2021-11-23 16:36:07 - [TEST_STEP][PASSED] - Tabloda veri var mı kontrol edilir: Tabloda veri var mı kontrol edilir

2021-11-23 16:36:07 - [MESSAGE][PASSED] - Tabloda veri var mı kontrol edilir

2021-11-23 16:36:07 - [TEST_STEP][PASSED] - Tablodan ELOGO5 isimli veri seçilir: Tablodan ELOGO5 isimli veri seçilir

2021-11-23 16:36:07 - [MESSAGE][PASSED] - Tablodan ELOGO5 isimli veri seçilir

2021-11-23 16:36:07 - [TEST_STEP][PASSED] - Butonlardan Departman Ata isimli butona tıklanır: Butonlardan Departman Ata isimli butona tıklanır

2021-11-23 16:36:07 - [MESSAGE][PASSED] - Butonlardan Departman Ata isimli butona tıklanır

2021-11-23 16:36:07 - [TEST_STEP][PASSED] - Yeni açılan sekmeye geçilir: Yeni açılan sekmeye geçilir

2021-11-23 16:36:07 - [MESSAGE][PASSED] - Yeni açılan sekmeye geçilir

2021-11-23 16:36:07 - [TEST_STEP][PASSED] - otomasyon isimli departman checkboxı seçilir: otomasyon isimli departman checkboxı seçilir

2021-11-23 16:36:07 - [MESSAGE][PASSED] - otomasyon isimli departman checkboxı seçilir

2021-11-23 16:36:07 - [TEST_STEP][PASSED] - Departman kaydedilir: Departman kaydedilir

2021-11-23 16:36:07 - [MESSAGE][PASSED] - Departman kaydedilir

2021-11-23 16:36:07 - [TEST_STEP][PASSED] - Popup mesajı Seçilen belgeler ilgili departmanlara aktarılmıştır içeriyor mu: Popup mesajı Seçilen belgeler ilgili departmanlara aktarılmıştır içeriyor mu

2021-11-23 16:36:07 - [MESSAGE][PASSED] - Popup mesajı Seçilen belgeler ilgili departmanlara aktarılmıştır içeriyor mu

2021-11-23 16:36:07 - [TEST_STEP][PASSED] - Yönetim popupında Tamam seçilir: Yönetim popupında Tamam seçilir

2021-11-23 16:36:07 - [MESSAGE][PASSED] - Yönetim popupında Tamam seçilir

2021-11-23 16:36:07 - [TEST_STEP][PASSED] - Ana sekmeye geçilir: Ana sekmeye geçilir

2021-11-23 16:36:07 - [MESSAGE][PASSED] - Ana sekmeye geçilir

2021-11-23 16:36:07 - [TEST_STEP][PASSED] - Butonlardan Departman Geri Al isimli butona tıklanır: Butonlardan Departman Geri Al isimli butona tıklanır

2021-11-23 16:36:07 - [MESSAGE][PASSED] - Butonlardan Departman Geri Al isimli butona tıklanır

2021-11-23 16:36:07 - [TEST_STEP][PASSED] - Yeni açılan sekmeye geçilir: Yeni açılan sekmeye geçilir

2021-11-23 16:36:07 - [MESSAGE][PASSED] - Yeni açılan sekmeye geçilir

2021-11-23 16:36:07 - [TEST_STEP][PASSED] - otomasyon isimli departman checkboxı seçilir: otomasyon isimli departman checkboxı seçilir

2021-11-23 16:36:07 - [MESSAGE][PASSED] - otomasyon isimli departman checkboxı seçilir

2021-11-23 16:36:07 - [TEST_STEP][PASSED] - Departman kaydedilir: Departman kaydedilir

2021-11-23 16:36:07 - [MESSAGE][PASSED] - Departman kaydedilir

2021-11-23 16:36:07 - [TEST_STEP][PASSED] - Popup mesajı Seçilen belgelerin ilgili departmanlardaki yetkisi kaldırılmıştır içeriyor mu: Popup mesajı Seçilen belgelerin ilgili departmanlardaki yetkisi kaldırılmıştır içeriyor mu

2021-11-23 16:36:07 - [MESSAGE][PASSED] - Popup mesajı Seçilen belgelerin ilgili departmanlardaki yetkisi kaldırılmıştır içeriyor mu

2021-11-23 16:36:07 - [TEST_STEP][PASSED] - Yönetim popupında Tamam seçilir: Yönetim popupında Tamam seçilir

2021-11-23 16:36:07 - [MESSAGE][PASSED] - Yönetim popupında Tamam seçilir

2021-11-23 16:36:07 - [TEST_STEP][PASSED] - Ana sekmeye geçilir: Ana sekmeye geçilir

2021-11-23 16:36:07 - [MESSAGE][PASSED] - Ana sekmeye geçilir

2021-11-23 16:36:07 - [TEST_STEP][PASSED] - Kullanıcı işlemlerinden Çıkış seçilir: Kullanıcı işlemlerinden Çıkış seçilir

2021-11-23 16:36:07 - [MESSAGE][PASSED] - Kullanıcı işlemlerinden Çıkış seçilir

2021-11-23 16:36:07 - [MESSAGE][PASSED] - Feature file: 'Include/features/e-Makbuz/e-Mustahsil Uygulamasi/e-Mustahsil Makbuzlari/Departman Ata-Geri Al.feature' was passed

2021-11-23 16:36:07 - [TEST_STEP][PASSED] - Start listener action : sampleAfterTestSuite: Invoke 'com.kms.katalon.core.annotation.AfterTestCase' method: 'Listener.sampleAfterTestSuite(...)' completed.

2021-11-23 16:36:07 - [MESSAGE][INFO] - Starting invoke 'com.kms.katalon.core.annotation.AfterTestCase' method: 'Listener.sampleAfterTestSuite(...)'

2021-11-23 16:36:07 - [TEST_STEP][PASSED] - closeBrowser(): Invoke 'com.kms.katalon.core.annotation.AfterTestCase' method: 'Listener.sampleAfterTestSuite(...)' completed.

2021-11-23 16:36:07 - [MESSAGE][INFO] - Closing browser

2021-11-23 16:36:08 - [MESSAGE][PASSED] - Browser is closed

2021-11-23 16:36:08 - [MESSAGE][INFO] - Invoke 'com.kms.katalon.core.annotation.AfterTestCase' method: 'Listener.sampleAfterTestSuite(...)' completed.]]></system-out>
         <system-err><![CDATA[]]></system-err>
      </testcase>
      <testcase name="Test Cases/Case Repository/e-Makbuz/e-Mustahsil Uygulamasi/e-Mustahsil Makbuzlari/Ekran Kontrolu" time="84.071" classname="Test Cases/Case Repository/e-Makbuz/e-Mustahsil Uygulamasi/e-Mustahsil Makbuzlari/Ekran Kontrolu" status="PASSED">
         <system-out><![CDATA[2021-11-23 16:36:08 - [TEST_CASE][PASSED] - Test Cases/Case Repository/e-Makbuz/e-Mustahsil Uygulamasi/e-Mustahsil Makbuzlari/Ekran Kontrolu: Test Cases/Case Repository/e-Makbuz/e-Mustahsil Uygulamasi/e-Mustahsil Makbuzlari/Ekran Kontrolu

2021-11-23 16:36:08 - [TEST_STEP][PASSED] - Start listener action : sampleBeforeTestSuite: Invoke 'com.kms.katalon.core.annotation.BeforeTestCase' method: 'Listener.sampleBeforeTestSuite(...)' completed.

2021-11-23 16:36:08 - [MESSAGE][INFO] - Starting invoke 'com.kms.katalon.core.annotation.BeforeTestCase' method: 'Listener.sampleBeforeTestSuite(...)'

2021-11-23 16:36:08 - [TEST_STEP][PASSED] - openBrowser(baseUrl): Browser is opened with url: 'https://efatura-stage.elogo.com.tr/'

2021-11-23 16:36:08 - [MESSAGE][INFO] - Opening browser

2021-11-23 16:36:08 - [MESSAGE][INFO] - Starting 'Chrome' driver

2021-11-23 16:36:08 - [MESSAGE][INFO] - User set preference: ['prefs', '{download.default_directory=C:\otomasyondownfiles}']

2021-11-23 16:36:08 - [MESSAGE][INFO] - Action delay is set to 0 milliseconds

2021-11-23 16:36:10 - [MESSAGE][INFO] - Navigating browser to: 'https://efatura-stage.elogo.com.tr/'

2021-11-23 16:36:12 - [MESSAGE][PASSED] - Browser is opened with url: 'https://efatura-stage.elogo.com.tr/'

2021-11-23 16:36:12 - [TEST_STEP][PASSED] - maximizeWindow(): Invoke 'com.kms.katalon.core.annotation.BeforeTestCase' method: 'Listener.sampleBeforeTestSuite(...)' completed.

2021-11-23 16:36:12 - [MESSAGE][INFO] - Maximizing current window

2021-11-23 16:36:12 - [MESSAGE][PASSED] - Current window maximized

2021-11-23 16:36:12 - [MESSAGE][INFO] - Invoke 'com.kms.katalon.core.annotation.BeforeTestCase' method: 'Listener.sampleBeforeTestSuite(...)' completed.

2021-11-23 16:36:12 - [TEST_STEP][PASSED] - runFeatureFile("Include/features/e-Makbuz/e-Mustahsil Uygulamasi/e-Mustahsil Makbuzlari/Ekran Kontrolu.feature"): Feature file: 'Include/features/e-Makbuz/e-Mustahsil Uygulamasi/e-Mustahsil Makbuzlari/Ekran Kontrolu.feature' was passed

2021-11-23 16:36:12 - [MESSAGE][INFO] - Starting run keyword runFeatureFile: 'Include/features/e-Makbuz/e-Mustahsil Uygulamasi/e-Mustahsil Makbuzlari/Ekran Kontrolu.feature' and extract report to folder: 'C:\Users\DELL\Documents\GitHub\EES_KatalonLogo\Reports\20211123_163326\Suite Repository\e-Makbuz\20211123_163348/cucumber_report/1637674572871'...

2021-11-23 16:36:12 - [MESSAGE][INFO] - Glue: []

2021-11-23 16:36:15 - [MESSAGE][INFO] - Checking called Test Case

2021-11-23 16:36:15 - [MESSAGE][INFO] - Starting to call Test Case 'Test Cases/Sayfalar/Giris_Sayfasi/Login'

2021-11-23 16:36:15 - [TEST_CASE][PASSED] - Test Cases/Sayfalar/Giris_Sayfasi/Login: Test Cases/Sayfalar/Giris_Sayfasi/Login

2021-11-23 16:36:15 - [TEST_STEP][PASSED] - Sayfa_Basligi = getWindowTitle(): Current window's title is: 'LOGO e-Fatura'

2021-11-23 16:36:15 - [MESSAGE][INFO] - Getting current window's title

2021-11-23 16:36:15 - [MESSAGE][PASSED] - Current window's title is: 'LOGO e-Fatura'

2021-11-23 16:36:15 - [TEST_STEP][PASSED] - verifyMatch(Sayfa_Basligi, "LOGO e-Fatura", false): Actual text 'LOGO e-Fatura' and expected text 'LOGO e-Fatura' are matched 

2021-11-23 16:36:15 - [MESSAGE][INFO] - Matching actual text 'LOGO e-Fatura' with expected text 'LOGO e-Fatura'

2021-11-23 16:36:15 - [MESSAGE][PASSED] - Actual text 'LOGO e-Fatura' and expected text 'LOGO e-Fatura' are matched 

2021-11-23 16:36:15 - [TEST_STEP][PASSED] - sendKeys(findTestObject("Sayfalar/Giris_Sayfasi/Firma_Kodu"), KullaniciAdi): Keys 'ELOGO6' sent to object: 'Object Repository/Sayfalar/Giris_Sayfasi/Firma_Kodu'

2021-11-23 16:36:15 - [MESSAGE][INFO] - Finding Test Object 'Object Repository/Sayfalar/Giris_Sayfasi/Firma_Kodu'

2021-11-23 16:36:15 - [MESSAGE][INFO] - Sending keys 'ELOGO6' to object: 'Object Repository/Sayfalar/Giris_Sayfasi/Firma_Kodu'

2021-11-23 16:36:15 - [MESSAGE][INFO] - Finding web element from Test Object's properties

2021-11-23 16:36:15 - [MESSAGE][INFO] - Checking timeout

2021-11-23 16:36:15 - [MESSAGE][INFO] - Finding web element with id: 'Object Repository/Sayfalar/Giris_Sayfasi/Firma_Kodu' located by 'By.xpath: //*[@id = 'AccountName']' in '30' second(s)

2021-11-23 16:36:15 - [MESSAGE][INFO] - Smart Wait Function is triggered

2021-11-23 16:36:16 - [MESSAGE][INFO] - Found 1 web elements with id: 'Object Repository/Sayfalar/Giris_Sayfasi/Firma_Kodu' located by 'By.xpath: //*[@id = 'AccountName']' in '30' second(s)

2021-11-23 16:36:16 - [MESSAGE][PASSED] - Keys 'ELOGO6' sent to object: 'Object Repository/Sayfalar/Giris_Sayfasi/Firma_Kodu'

2021-11-23 16:36:16 - [TEST_STEP][PASSED] - sendKeys(findTestObject("Sayfalar/Giris_Sayfasi/Sifre"), Sifre): Keys '123456' sent to object: 'Object Repository/Sayfalar/Giris_Sayfasi/Sifre'

2021-11-23 16:36:16 - [MESSAGE][INFO] - Finding Test Object 'Object Repository/Sayfalar/Giris_Sayfasi/Sifre'

2021-11-23 16:36:16 - [MESSAGE][INFO] - Sending keys '123456' to object: 'Object Repository/Sayfalar/Giris_Sayfasi/Sifre'

2021-11-23 16:36:16 - [MESSAGE][INFO] - Finding web element from Test Object's properties

2021-11-23 16:36:16 - [MESSAGE][INFO] - Checking timeout

2021-11-23 16:36:16 - [MESSAGE][INFO] - Finding web element with id: 'Object Repository/Sayfalar/Giris_Sayfasi/Sifre' located by 'By.xpath: //*[@id = 'Password']' in '30' second(s)

2021-11-23 16:36:16 - [MESSAGE][INFO] - Smart Wait Function is triggered

2021-11-23 16:36:16 - [MESSAGE][INFO] - Found 1 web elements with id: 'Object Repository/Sayfalar/Giris_Sayfasi/Sifre' located by 'By.xpath: //*[@id = 'Password']' in '30' second(s)

2021-11-23 16:36:16 - [MESSAGE][PASSED] - Keys '123456' sent to object: 'Object Repository/Sayfalar/Giris_Sayfasi/Sifre'

2021-11-23 16:36:16 - [TEST_STEP][PASSED] - findWebElement(findTestObject("Sayfalar/Giris_Sayfasi/Giris_Butonu")).click(): Found 1 web elements with id: 'Object Repository/Sayfalar/Giris_Sayfasi/Giris_Butonu' located by 'By.cssSelector: #btnLogin' in '30' second(s)

2021-11-23 16:36:16 - [MESSAGE][INFO] - Finding Test Object 'Object Repository/Sayfalar/Giris_Sayfasi/Giris_Butonu'

2021-11-23 16:36:17 - [MESSAGE][INFO] - Finding web element from Test Object's properties

2021-11-23 16:36:17 - [MESSAGE][INFO] - Checking timeout

2021-11-23 16:36:17 - [MESSAGE][INFO] - Finding web element with id: 'Object Repository/Sayfalar/Giris_Sayfasi/Giris_Butonu' located by 'By.cssSelector: #btnLogin' in '30' second(s)

2021-11-23 16:36:17 - [MESSAGE][INFO] - Smart Wait Function is triggered

2021-11-23 16:36:17 - [MESSAGE][INFO] - Found 1 web elements with id: 'Object Repository/Sayfalar/Giris_Sayfasi/Giris_Butonu' located by 'By.cssSelector: #btnLogin' in '30' second(s)

2021-11-23 16:36:20 - [TEST_STEP][PASSED] - if (verifyElementPresent(findTestObject("Object Repository/Sayfalar/Giris_Sayfasi/RetveTamam_Butonu"), 5, OPTIONAL)): null

2021-11-23 16:36:20 - [MESSAGE][INFO] - Finding Test Object 'Object Repository/Sayfalar/Giris_Sayfasi/RetveTamam_Butonu'

2021-11-23 16:36:20 - [MESSAGE][INFO] - Checking object

2021-11-23 16:36:20 - [MESSAGE][INFO] - Finding web element from Test Object's properties

2021-11-23 16:36:20 - [MESSAGE][INFO] - Checking timeout

2021-11-23 16:36:20 - [MESSAGE][INFO] - Finding web element with id: 'Object Repository/Sayfalar/Giris_Sayfasi/RetveTamam_Butonu' located by 'By.xpath: //*[@class = 'btn btn-default']' in '5' second(s)

2021-11-23 16:36:20 - [MESSAGE][INFO] - Smart Wait Function is triggered

2021-11-23 16:36:20 - [MESSAGE][INFO] - Found 1 web elements with id: 'Object Repository/Sayfalar/Giris_Sayfasi/RetveTamam_Butonu' located by 'By.xpath: //*[@class = 'btn btn-default']' in '5' second(s)

2021-11-23 16:36:20 - [MESSAGE][PASSED] - Object 'Object Repository/Sayfalar/Giris_Sayfasi/RetveTamam_Butonu' is present

2021-11-23 16:36:20 - [TEST_STEP][PASSED] - click(findTestObject("Object Repository/Sayfalar/Giris_Sayfasi/RetveTamam_Butonu")): Object: 'Object Repository/Sayfalar/Giris_Sayfasi/RetveTamam_Butonu' is clicked on

2021-11-23 16:36:20 - [MESSAGE][INFO] - Finding Test Object 'Object Repository/Sayfalar/Giris_Sayfasi/RetveTamam_Butonu'

2021-11-23 16:36:20 - [MESSAGE][INFO] - Checking object

2021-11-23 16:36:20 - [MESSAGE][INFO] - Finding web element from Test Object's properties

2021-11-23 16:36:20 - [MESSAGE][INFO] - Checking timeout

2021-11-23 16:36:20 - [MESSAGE][INFO] - Finding web element with id: 'Object Repository/Sayfalar/Giris_Sayfasi/RetveTamam_Butonu' located by 'By.xpath: //*[@class = 'btn btn-default']' in '30' second(s)

2021-11-23 16:36:20 - [MESSAGE][INFO] - Smart Wait Function is triggered

2021-11-23 16:36:20 - [MESSAGE][INFO] - Found 1 web elements with id: 'Object Repository/Sayfalar/Giris_Sayfasi/RetveTamam_Butonu' located by 'By.xpath: //*[@class = 'btn btn-default']' in '30' second(s)

2021-11-23 16:36:20 - [MESSAGE][INFO] - Clicking on object: 'Object Repository/Sayfalar/Giris_Sayfasi/RetveTamam_Butonu'

2021-11-23 16:36:20 - [MESSAGE][PASSED] - Object: 'Object Repository/Sayfalar/Giris_Sayfasi/RetveTamam_Butonu' is clicked on

2021-11-23 16:36:20 - [TEST_STEP][PASSED] - click(findTestObject("Object Repository/Sayfalar/Giris_Sayfasi/RetveTamam_Butonu")): Object: 'Object Repository/Sayfalar/Giris_Sayfasi/RetveTamam_Butonu' is clicked on

2021-11-23 16:36:20 - [MESSAGE][INFO] - Finding Test Object 'Object Repository/Sayfalar/Giris_Sayfasi/RetveTamam_Butonu'

2021-11-23 16:36:20 - [MESSAGE][INFO] - Checking object

2021-11-23 16:36:20 - [MESSAGE][INFO] - Finding web element from Test Object's properties

2021-11-23 16:36:20 - [MESSAGE][INFO] - Checking timeout

2021-11-23 16:36:20 - [MESSAGE][INFO] - Finding web element with id: 'Object Repository/Sayfalar/Giris_Sayfasi/RetveTamam_Butonu' located by 'By.xpath: //*[@class = 'btn btn-default']' in '30' second(s)

2021-11-23 16:36:20 - [MESSAGE][INFO] - Smart Wait Function is triggered

2021-11-23 16:36:23 - [MESSAGE][INFO] - Found 1 web elements with id: 'Object Repository/Sayfalar/Giris_Sayfasi/RetveTamam_Butonu' located by 'By.xpath: //*[@class = 'btn btn-default']' in '30' second(s)

2021-11-23 16:36:23 - [MESSAGE][INFO] - Clicking on object: 'Object Repository/Sayfalar/Giris_Sayfasi/RetveTamam_Butonu'

2021-11-23 16:36:23 - [MESSAGE][PASSED] - Object: 'Object Repository/Sayfalar/Giris_Sayfasi/RetveTamam_Butonu' is clicked on

2021-11-23 16:36:23 - [TEST_STEP][PASSED] - if (verifyElementPresent(findTestObject("Sayfalar/Giris_Sayfasi/PopupOK"), 5, OPTIONAL)): null

2021-11-23 16:36:23 - [MESSAGE][INFO] - Finding Test Object 'Object Repository/Sayfalar/Giris_Sayfasi/PopupOK'

2021-11-23 16:36:24 - [MESSAGE][INFO] - Checking object

2021-11-23 16:36:24 - [MESSAGE][INFO] - Finding web element from Test Object's properties

2021-11-23 16:36:24 - [MESSAGE][INFO] - Checking timeout

2021-11-23 16:36:24 - [MESSAGE][INFO] - Finding web element with id: 'Object Repository/Sayfalar/Giris_Sayfasi/PopupOK' located by 'By.cssSelector: .btn.btn-success' in '5' second(s)

2021-11-23 16:36:24 - [MESSAGE][INFO] - Smart Wait Function is triggered

2021-11-23 16:36:24 - [MESSAGE][INFO] - Found 1 web elements with id: 'Object Repository/Sayfalar/Giris_Sayfasi/PopupOK' located by 'By.cssSelector: .btn.btn-success' in '5' second(s)

2021-11-23 16:36:24 - [MESSAGE][PASSED] - Object 'Object Repository/Sayfalar/Giris_Sayfasi/PopupOK' is present

2021-11-23 16:36:24 - [TEST_STEP][PASSED] - click(findTestObject("Object Repository/Sayfalar/Giris_Sayfasi/PopupCarpiGiris")): Object: 'Object Repository/Sayfalar/Giris_Sayfasi/PopupCarpiGiris' is clicked on

2021-11-23 16:36:24 - [MESSAGE][INFO] - Finding Test Object 'Object Repository/Sayfalar/Giris_Sayfasi/PopupCarpiGiris'

2021-11-23 16:36:24 - [MESSAGE][INFO] - Checking object

2021-11-23 16:36:24 - [MESSAGE][INFO] - Finding web element from Test Object's properties

2021-11-23 16:36:24 - [MESSAGE][INFO] - Checking timeout

2021-11-23 16:36:24 - [MESSAGE][INFO] - Finding web element with id: 'Object Repository/Sayfalar/Giris_Sayfasi/PopupCarpiGiris' located by 'By.cssSelector: .bootbox-close-button.close' in '30' second(s)

2021-11-23 16:36:24 - [MESSAGE][INFO] - Smart Wait Function is triggered

2021-11-23 16:36:25 - [MESSAGE][INFO] - Found 1 web elements with id: 'Object Repository/Sayfalar/Giris_Sayfasi/PopupCarpiGiris' located by 'By.cssSelector: .bootbox-close-button.close' in '30' second(s)

2021-11-23 16:36:25 - [MESSAGE][INFO] - Clicking on object: 'Object Repository/Sayfalar/Giris_Sayfasi/PopupCarpiGiris'

2021-11-23 16:36:25 - [MESSAGE][PASSED] - Object: 'Object Repository/Sayfalar/Giris_Sayfasi/PopupCarpiGiris' is clicked on

2021-11-23 16:36:25 - [TEST_STEP][PASSED] - verifyElementVisible(findTestObject("Object Repository/Kullanici_Islemleri/KullaniciIslemleri")): Object 'Object Repository/Kullanici_Islemleri/KullaniciIslemleri' is visible

2021-11-23 16:36:25 - [MESSAGE][INFO] - Finding Test Object 'Object Repository/Kullanici_Islemleri/KullaniciIslemleri'

2021-11-23 16:36:25 - [MESSAGE][INFO] - Checking object

2021-11-23 16:36:25 - [MESSAGE][INFO] - Finding web element from Test Object's properties

2021-11-23 16:36:25 - [MESSAGE][INFO] - Checking timeout

2021-11-23 16:36:25 - [MESSAGE][INFO] - Finding web element with id: 'Object Repository/Kullanici_Islemleri/KullaniciIslemleri' located by 'By.cssSelector: .dropdown>a>img' in '30' second(s)

2021-11-23 16:36:25 - [MESSAGE][INFO] - Smart Wait Function is triggered

2021-11-23 16:36:26 - [MESSAGE][INFO] - Found 1 web elements with id: 'Object Repository/Kullanici_Islemleri/KullaniciIslemleri' located by 'By.cssSelector: .dropdown>a>img' in '30' second(s)

2021-11-23 16:36:26 - [MESSAGE][PASSED] - Object 'Object Repository/Kullanici_Islemleri/KullaniciIslemleri' is visible

2021-11-23 16:36:26 - [MESSAGE][PASSED] - Call Test Case 'Test Cases/Sayfalar/Giris_Sayfasi/Login' successfully

2021-11-23 16:36:26 - [MESSAGE][INFO] - Checking called Test Case

2021-11-23 16:36:26 - [MESSAGE][INFO] - Starting to call Test Case 'Test Cases/Menu/AnaMenuSecimi'

2021-11-23 16:36:26 - [TEST_CASE][PASSED] - Test Cases/Menu/AnaMenuSecimi: Test Cases/Menu/AnaMenuSecimi

2021-11-23 16:36:26 - [TEST_STEP][PASSED] - Method.TextDegerineEsitElementeTikla(findTestObject("Menu/Ana_Menu"), Ana_Menu): Method.TextDegerineEsitElementeTikla is PASSED

2021-11-23 16:36:26 - [MESSAGE][INFO] - Finding Test Object 'Object Repository/Menu/Ana_Menu'

2021-11-23 16:36:26 - [MESSAGE][INFO] - Checking timeout

2021-11-23 16:36:26 - [MESSAGE][INFO] - Finding web element with id: 'Object Repository/Menu/Ana_Menu' located by 'By.xpath: //*[@class = 'dropdown-toggle']' in '10' second(s)

2021-11-23 16:36:26 - [MESSAGE][INFO] - Smart Wait Function is triggered

2021-11-23 16:36:26 - [MESSAGE][INFO] - Found 14 web elements with id: 'Object Repository/Menu/Ana_Menu' located by 'By.xpath: //*[@class = 'dropdown-toggle']' in '10' second(s)

2021-11-23 16:36:26 - [MESSAGE][PASSED] - Method.TextDegerineEsitElementeTikla is PASSED

2021-11-23 16:36:26 - [MESSAGE][PASSED] - Call Test Case 'Test Cases/Menu/AnaMenuSecimi' successfully

2021-11-23 16:36:26 - [MESSAGE][INFO] - Checking called Test Case

2021-11-23 16:36:26 - [MESSAGE][INFO] - Starting to call Test Case 'Test Cases/Menu/BasligaGoreAltMenuSecimi'

2021-11-23 16:36:26 - [TEST_CASE][PASSED] - Test Cases/Menu/BasligaGoreAltMenuSecimi: Test Cases/Menu/BasligaGoreAltMenuSecimi

2021-11-23 16:36:26 - [TEST_STEP][PASSED] - Method.TextDegerineEsitElementinAltindakiTextDegerineEsitOlanaTikla(findTestObject("Menu/Menu_Basligi"), findTestObject("Menu/Basliga_Gore_Alt_Menu"), Baslik, Alt_Menu): Method.TextDegerineEsitElementinAltindakiTextDegerineEsitOlanaTikla is PASSED

2021-11-23 16:36:26 - [MESSAGE][INFO] - Finding Test Object 'Object Repository/Menu/Menu_Basligi'

2021-11-23 16:36:27 - [MESSAGE][INFO] - Finding Test Object 'Object Repository/Menu/Basliga_Gore_Alt_Menu'

2021-11-23 16:36:27 - [MESSAGE][INFO] - Checking timeout

2021-11-23 16:36:27 - [MESSAGE][INFO] - Finding web element with id: 'Object Repository/Menu/Menu_Basligi' located by 'By.xpath: //li[@class='dropdown dropdown-large open']//li[@class='dropdown-header']' in '10' second(s)

2021-11-23 16:36:27 - [MESSAGE][INFO] - Smart Wait Function is triggered

2021-11-23 16:36:27 - [MESSAGE][INFO] - Found 2 web elements with id: 'Object Repository/Menu/Menu_Basligi' located by 'By.xpath: //li[@class='dropdown dropdown-large open']//li[@class='dropdown-header']' in '10' second(s)

2021-11-23 16:36:27 - [MESSAGE][INFO] - Smart Wait Function is triggered

2021-11-23 16:36:29 - [MESSAGE][PASSED] - Method.TextDegerineEsitElementinAltindakiTextDegerineEsitOlanaTikla is PASSED

2021-11-23 16:36:29 - [MESSAGE][PASSED] - Call Test Case 'Test Cases/Menu/BasligaGoreAltMenuSecimi' successfully

2021-11-23 16:36:29 - [MESSAGE][INFO] - Checking called Test Case

2021-11-23 16:36:29 - [MESSAGE][INFO] - Starting to call Test Case 'Test Cases/Filtreler/BaslangicYaz'

2021-11-23 16:36:29 - [TEST_CASE][PASSED] - Test Cases/Filtreler/BaslangicYaz: Test Cases/Filtreler/BaslangicYaz

2021-11-23 16:36:29 - [TEST_STEP][PASSED] - delay(3): Delayed 3 second(s)

2021-11-23 16:36:29 - [MESSAGE][INFO] - Delaying browser in 3 second(s)

2021-11-23 16:36:32 - [MESSAGE][PASSED] - Delayed 3 second(s)

2021-11-23 16:36:32 - [TEST_STEP][PASSED] - Method.TextDegerineEsitElementinAltindakineTikla(findTestObject("Filtreler/Basliklar"), findTestObject("Filtreler/Basliga_Gore_Baslangic_Image"), Filtre_Adi): Method.TextDegerineEsitElementinAltindakineTikla is PASSED

2021-11-23 16:36:32 - [MESSAGE][INFO] - Finding Test Object 'Object Repository/Filtreler/Basliklar'

2021-11-23 16:36:32 - [MESSAGE][INFO] - Finding Test Object 'Object Repository/Filtreler/Basliga_Gore_Baslangic_Image'

2021-11-23 16:36:32 - [MESSAGE][INFO] - Checking timeout

2021-11-23 16:36:32 - [MESSAGE][INFO] - Finding web element with id: 'Object Repository/Filtreler/Basliklar' located by 'By.cssSelector: .control-label.col-sm-4.paddingMarginRLC' in '10' second(s)

2021-11-23 16:36:32 - [MESSAGE][INFO] - Smart Wait Function is triggered

2021-11-23 16:36:33 - [MESSAGE][INFO] - Found 14 web elements with id: 'Object Repository/Filtreler/Basliklar' located by 'By.cssSelector: .control-label.col-sm-4.paddingMarginRLC' in '10' second(s)

2021-11-23 16:36:33 - [MESSAGE][INFO] - Smart Wait Function is triggered

2021-11-23 16:36:33 - [MESSAGE][PASSED] - Method.TextDegerineEsitElementinAltindakineTikla is PASSED

2021-11-23 16:36:33 - [TEST_STEP][PASSED] - Method.TextDegerineEsitElementinAltindakiTextboxtaYaz(findTestObject("Filtreler/Basliklar"), findTestObject("Filtreler/Basliga_Gore_Baslangic"), Filtre_Adi, Filtre_Degeri): Method.TextDegerineEsitElementinAltindakiTextboxtaYaz is PASSED

2021-11-23 16:36:33 - [MESSAGE][INFO] - Finding Test Object 'Object Repository/Filtreler/Basliklar'

2021-11-23 16:36:33 - [MESSAGE][INFO] - Finding Test Object 'Object Repository/Filtreler/Basliga_Gore_Baslangic'

2021-11-23 16:36:33 - [MESSAGE][INFO] - Checking timeout

2021-11-23 16:36:33 - [MESSAGE][INFO] - Finding web element with id: 'Object Repository/Filtreler/Basliklar' located by 'By.cssSelector: .control-label.col-sm-4.paddingMarginRLC' in '10' second(s)

2021-11-23 16:36:33 - [MESSAGE][INFO] - Smart Wait Function is triggered

2021-11-23 16:36:33 - [MESSAGE][INFO] - Found 14 web elements with id: 'Object Repository/Filtreler/Basliklar' located by 'By.cssSelector: .control-label.col-sm-4.paddingMarginRLC' in '10' second(s)

2021-11-23 16:36:33 - [MESSAGE][INFO] - Smart Wait Function is triggered

2021-11-23 16:36:34 - [MESSAGE][PASSED] - Method.TextDegerineEsitElementinAltindakiTextboxtaYaz is PASSED

2021-11-23 16:36:34 - [MESSAGE][PASSED] - Call Test Case 'Test Cases/Filtreler/BaslangicYaz' successfully

2021-11-23 16:36:34 - [MESSAGE][INFO] - Checking called Test Case

2021-11-23 16:36:34 - [MESSAGE][INFO] - Starting to call Test Case 'Test Cases/Filtreler/BitisYaz'

2021-11-23 16:36:34 - [TEST_CASE][PASSED] - Test Cases/Filtreler/BitisYaz: Test Cases/Filtreler/BitisYaz

2021-11-23 16:36:34 - [TEST_STEP][PASSED] - Method.TextDegerineEsitElementinAltindakineTikla(findTestObject("Filtreler/Basliklar"), findTestObject("Filtreler/Basliga_Gore_Bitis_Image"), Filtre_Adi): Method.TextDegerineEsitElementinAltindakineTikla is PASSED

2021-11-23 16:36:34 - [MESSAGE][INFO] - Finding Test Object 'Object Repository/Filtreler/Basliklar'

2021-11-23 16:36:34 - [MESSAGE][INFO] - Finding Test Object 'Object Repository/Filtreler/Basliga_Gore_Bitis_Image'

2021-11-23 16:36:34 - [MESSAGE][INFO] - Checking timeout

2021-11-23 16:36:34 - [MESSAGE][INFO] - Finding web element with id: 'Object Repository/Filtreler/Basliklar' located by 'By.cssSelector: .control-label.col-sm-4.paddingMarginRLC' in '10' second(s)

2021-11-23 16:36:34 - [MESSAGE][INFO] - Smart Wait Function is triggered

2021-11-23 16:36:34 - [MESSAGE][INFO] - Found 14 web elements with id: 'Object Repository/Filtreler/Basliklar' located by 'By.cssSelector: .control-label.col-sm-4.paddingMarginRLC' in '10' second(s)

2021-11-23 16:36:34 - [MESSAGE][INFO] - Smart Wait Function is triggered

2021-11-23 16:36:35 - [MESSAGE][PASSED] - Method.TextDegerineEsitElementinAltindakineTikla is PASSED

2021-11-23 16:36:35 - [TEST_STEP][PASSED] - Method.TextDegerineEsitElementinAltindakiTextboxtaYaz(findTestObject("Filtreler/Basliklar"), findTestObject("Object Repository/Filtreler/Basliga_Gore_Bitis"), Filtre_Adi, Filtre_Degeri): Method.TextDegerineEsitElementinAltindakiTextboxtaYaz is PASSED

2021-11-23 16:36:35 - [MESSAGE][INFO] - Finding Test Object 'Object Repository/Filtreler/Basliklar'

2021-11-23 16:36:35 - [MESSAGE][INFO] - Finding Test Object 'Object Repository/Filtreler/Basliga_Gore_Bitis'

2021-11-23 16:36:35 - [MESSAGE][INFO] - Checking timeout

2021-11-23 16:36:35 - [MESSAGE][INFO] - Finding web element with id: 'Object Repository/Filtreler/Basliklar' located by 'By.cssSelector: .control-label.col-sm-4.paddingMarginRLC' in '10' second(s)

2021-11-23 16:36:35 - [MESSAGE][INFO] - Smart Wait Function is triggered

2021-11-23 16:36:35 - [MESSAGE][INFO] - Found 14 web elements with id: 'Object Repository/Filtreler/Basliklar' located by 'By.cssSelector: .control-label.col-sm-4.paddingMarginRLC' in '10' second(s)

2021-11-23 16:36:35 - [MESSAGE][INFO] - Smart Wait Function is triggered

2021-11-23 16:36:36 - [MESSAGE][PASSED] - Method.TextDegerineEsitElementinAltindakiTextboxtaYaz is PASSED

2021-11-23 16:36:36 - [MESSAGE][PASSED] - Call Test Case 'Test Cases/Filtreler/BitisYaz' successfully

2021-11-23 16:36:36 - [MESSAGE][INFO] - Checking called Test Case

2021-11-23 16:36:36 - [MESSAGE][INFO] - Starting to call Test Case 'Test Cases/Filtreler/ButonaTikla'

2021-11-23 16:36:36 - [TEST_CASE][PASSED] - Test Cases/Filtreler/ButonaTikla: Test Cases/Filtreler/ButonaTikla

2021-11-23 16:36:36 - [TEST_STEP][PASSED] - Method.TextDegerineEsitElementeTikla(findTestObject("Filtreler/Butonlar"), Filtre_Buton): Method.TextDegerineEsitElementeTikla is PASSED

2021-11-23 16:36:36 - [MESSAGE][INFO] - Finding Test Object 'Object Repository/Filtreler/Butonlar'

2021-11-23 16:36:36 - [MESSAGE][INFO] - Checking timeout

2021-11-23 16:36:36 - [MESSAGE][INFO] - Finding web element with id: 'Object Repository/Filtreler/Butonlar' located by 'By.cssSelector: .dxb>span' in '10' second(s)

2021-11-23 16:36:36 - [MESSAGE][INFO] - Smart Wait Function is triggered

2021-11-23 16:36:36 - [MESSAGE][INFO] - Found 3 web elements with id: 'Object Repository/Filtreler/Butonlar' located by 'By.cssSelector: .dxb>span' in '10' second(s)

2021-11-23 16:36:36 - [MESSAGE][PASSED] - Method.TextDegerineEsitElementeTikla is PASSED

2021-11-23 16:36:36 - [MESSAGE][PASSED] - Call Test Case 'Test Cases/Filtreler/ButonaTikla' successfully

2021-11-23 16:36:36 - [MESSAGE][INFO] - Checking called Test Case

2021-11-23 16:36:36 - [MESSAGE][INFO] - Starting to call Test Case 'Test Cases/Tablo/TablodakiVeriDetayi'

2021-11-23 16:36:36 - [TEST_CASE][PASSED] - Test Cases/Tablo/TablodakiVeriDetayi: Test Cases/Tablo/TablodakiVeriDetayi

2021-11-23 16:36:37 - [TEST_STEP][PASSED] - Method.TextDegerineEsitElementinAltindakineTikla(findTestObject("Tablo/Veriler"), findTestObject("Object Repository/Tablo/VerininArtiButonu"), Veri_Adi): Method.TextDegerineEsitElementinAltindakineTikla is PASSED

2021-11-23 16:36:37 - [MESSAGE][INFO] - Finding Test Object 'Object Repository/Tablo/Veriler'

2021-11-23 16:36:37 - [MESSAGE][INFO] - Finding Test Object 'Object Repository/Tablo/VerininArtiButonu'

2021-11-23 16:36:37 - [MESSAGE][INFO] - Checking timeout

2021-11-23 16:36:37 - [MESSAGE][INFO] - Finding web element with id: 'Object Repository/Tablo/Veriler' located by 'By.cssSelector: td.dxgv b ,td.dxgv' in '10' second(s)

2021-11-23 16:36:37 - [MESSAGE][INFO] - Smart Wait Function is triggered

2021-11-23 16:36:38 - [MESSAGE][INFO] - Found 26 web elements with id: 'Object Repository/Tablo/Veriler' located by 'By.cssSelector: td.dxgv b ,td.dxgv' in '10' second(s)

2021-11-23 16:36:38 - [MESSAGE][INFO] - Smart Wait Function is triggered

2021-11-23 16:36:38 - [MESSAGE][PASSED] - Method.TextDegerineEsitElementinAltindakineTikla is PASSED

2021-11-23 16:36:38 - [MESSAGE][PASSED] - Call Test Case 'Test Cases/Tablo/TablodakiVeriDetayi' successfully

2021-11-23 16:36:38 - [MESSAGE][INFO] - Checking called Test Case

2021-11-23 16:36:38 - [MESSAGE][INFO] - Starting to call Test Case 'Test Cases/Tablo/TablodakiVeriDetayi'

2021-11-23 16:36:38 - [TEST_CASE][PASSED] - Test Cases/Tablo/TablodakiVeriDetayi: Test Cases/Tablo/TablodakiVeriDetayi

2021-11-23 16:36:38 - [TEST_STEP][PASSED] - Method.TextDegerineEsitElementinAltindakineTikla(findTestObject("Tablo/Veriler"), findTestObject("Object Repository/Tablo/VerininArtiButonu"), Veri_Adi): Method.TextDegerineEsitElementinAltindakineTikla is PASSED

2021-11-23 16:36:38 - [MESSAGE][INFO] - Finding Test Object 'Object Repository/Tablo/Veriler'

2021-11-23 16:36:38 - [MESSAGE][INFO] - Finding Test Object 'Object Repository/Tablo/VerininArtiButonu'

2021-11-23 16:36:38 - [MESSAGE][INFO] - Checking timeout

2021-11-23 16:36:38 - [MESSAGE][INFO] - Finding web element with id: 'Object Repository/Tablo/Veriler' located by 'By.cssSelector: td.dxgv b ,td.dxgv' in '10' second(s)

2021-11-23 16:36:38 - [MESSAGE][INFO] - Smart Wait Function is triggered

2021-11-23 16:36:39 - [MESSAGE][INFO] - Found 28 web elements with id: 'Object Repository/Tablo/Veriler' located by 'By.cssSelector: td.dxgv b ,td.dxgv' in '10' second(s)

2021-11-23 16:36:39 - [MESSAGE][INFO] - Smart Wait Function is triggered

2021-11-23 16:36:39 - [MESSAGE][PASSED] - Method.TextDegerineEsitElementinAltindakineTikla is PASSED

2021-11-23 16:36:39 - [MESSAGE][PASSED] - Call Test Case 'Test Cases/Tablo/TablodakiVeriDetayi' successfully

2021-11-23 16:36:39 - [MESSAGE][INFO] - Checking called Test Case

2021-11-23 16:36:39 - [MESSAGE][INFO] - Starting to call Test Case 'Test Cases/Filtreler/ListelenenOgeSayisi'

2021-11-23 16:36:39 - [TEST_CASE][PASSED] - Test Cases/Filtreler/ListelenenOgeSayisi: Test Cases/Filtreler/ListelenenOgeSayisi

2021-11-23 16:36:40 - [TEST_STEP][PASSED] - waitForElementPresent(findTestObject("Filtreler/OgeSayisi"), 10): Object 'Object Repository/Filtreler/OgeSayisi' is present

2021-11-23 16:36:40 - [MESSAGE][INFO] - Finding Test Object 'Object Repository/Filtreler/OgeSayisi'

2021-11-23 16:36:40 - [MESSAGE][INFO] - Checking object

2021-11-23 16:36:40 - [MESSAGE][INFO] - Finding web element from Test Object's properties

2021-11-23 16:36:40 - [MESSAGE][INFO] - Checking timeout

2021-11-23 16:36:40 - [MESSAGE][INFO] - Finding web element with id: 'Object Repository/Filtreler/OgeSayisi' located by 'By.cssSelector: .dxp-lead.dxp-summary' in '10' second(s)

2021-11-23 16:36:40 - [MESSAGE][INFO] - Smart Wait Function is triggered

2021-11-23 16:36:40 - [MESSAGE][INFO] - Found 1 web elements with id: 'Object Repository/Filtreler/OgeSayisi' located by 'By.cssSelector: .dxp-lead.dxp-summary' in '10' second(s)

2021-11-23 16:36:40 - [MESSAGE][PASSED] - Object 'Object Repository/Filtreler/OgeSayisi' is present

2021-11-23 16:36:40 - [TEST_STEP][PASSED] - verifyElementText(findTestObject("Filtreler/OgeSayisi"), OgeSayisi): Actual text and expected text of test object 'Object Repository/Filtreler/OgeSayisi' are matched.

2021-11-23 16:36:40 - [MESSAGE][INFO] - Finding Test Object 'Object Repository/Filtreler/OgeSayisi'

2021-11-23 16:36:40 - [MESSAGE][INFO] - Checking object

2021-11-23 16:36:40 - [MESSAGE][INFO] - Finding web element from Test Object's properties

2021-11-23 16:36:40 - [MESSAGE][INFO] - Checking timeout

2021-11-23 16:36:40 - [MESSAGE][INFO] - Finding web element with id: 'Object Repository/Filtreler/OgeSayisi' located by 'By.cssSelector: .dxp-lead.dxp-summary' in '30' second(s)

2021-11-23 16:36:40 - [MESSAGE][INFO] - Smart Wait Function is triggered

2021-11-23 16:36:41 - [MESSAGE][INFO] - Found 1 web elements with id: 'Object Repository/Filtreler/OgeSayisi' located by 'By.cssSelector: .dxp-lead.dxp-summary' in '30' second(s)

2021-11-23 16:36:41 - [MESSAGE][PASSED] - Actual text and expected text of test object 'Object Repository/Filtreler/OgeSayisi' are matched.

2021-11-23 16:36:41 - [MESSAGE][PASSED] - Call Test Case 'Test Cases/Filtreler/ListelenenOgeSayisi' successfully

2021-11-23 16:36:41 - [MESSAGE][INFO] - Checking called Test Case

2021-11-23 16:36:41 - [MESSAGE][INFO] - Starting to call Test Case 'Test Cases/Sayfalar/AnaSayfa/AnaSayfayaDonulur'

2021-11-23 16:36:41 - [TEST_CASE][PASSED] - Test Cases/Sayfalar/AnaSayfa/AnaSayfayaDonulur: Test Cases/Sayfalar/AnaSayfa/AnaSayfayaDonulur

2021-11-23 16:36:41 - [TEST_STEP][PASSED] - click(findTestObject("Sayfalar/AnaSayfa/AnaSayfa")): Object: 'Object Repository/Sayfalar/AnaSayfa/AnaSayfa' is clicked on

2021-11-23 16:36:41 - [MESSAGE][INFO] - Finding Test Object 'Object Repository/Sayfalar/AnaSayfa/AnaSayfa'

2021-11-23 16:36:41 - [MESSAGE][INFO] - Checking object

2021-11-23 16:36:41 - [MESSAGE][INFO] - Finding web element from Test Object's properties

2021-11-23 16:36:41 - [MESSAGE][INFO] - Checking timeout

2021-11-23 16:36:41 - [MESSAGE][INFO] - Finding web element with id: 'Object Repository/Sayfalar/AnaSayfa/AnaSayfa' located by 'By.cssSelector: div.navbar-header > a > img' in '30' second(s)

2021-11-23 16:36:41 - [MESSAGE][INFO] - Smart Wait Function is triggered

2021-11-23 16:36:42 - [MESSAGE][INFO] - Found 1 web elements with id: 'Object Repository/Sayfalar/AnaSayfa/AnaSayfa' located by 'By.cssSelector: div.navbar-header > a > img' in '30' second(s)

2021-11-23 16:36:42 - [MESSAGE][INFO] - Clicking on object: 'Object Repository/Sayfalar/AnaSayfa/AnaSayfa'

2021-11-23 16:36:44 - [MESSAGE][PASSED] - Object: 'Object Repository/Sayfalar/AnaSayfa/AnaSayfa' is clicked on

2021-11-23 16:36:44 - [TEST_STEP][PASSED] - if (verifyElementPresent(findTestObject("Sayfalar/Giris_Sayfasi/PopupOK"), 5, OPTIONAL)): null

2021-11-23 16:36:44 - [MESSAGE][INFO] - Finding Test Object 'Object Repository/Sayfalar/Giris_Sayfasi/PopupOK'

2021-11-23 16:36:44 - [MESSAGE][INFO] - Checking object

2021-11-23 16:36:44 - [MESSAGE][INFO] - Finding web element from Test Object's properties

2021-11-23 16:36:44 - [MESSAGE][INFO] - Checking timeout

2021-11-23 16:36:44 - [MESSAGE][INFO] - Finding web element with id: 'Object Repository/Sayfalar/Giris_Sayfasi/PopupOK' located by 'By.cssSelector: .btn.btn-success' in '5' second(s)

2021-11-23 16:36:44 - [MESSAGE][INFO] - Smart Wait Function is triggered

2021-11-23 16:36:44 - [MESSAGE][INFO] - Found 1 web elements with id: 'Object Repository/Sayfalar/Giris_Sayfasi/PopupOK' located by 'By.cssSelector: .btn.btn-success' in '5' second(s)

2021-11-23 16:36:44 - [MESSAGE][PASSED] - Object 'Object Repository/Sayfalar/Giris_Sayfasi/PopupOK' is present

2021-11-23 16:36:44 - [TEST_STEP][PASSED] - click(findTestObject("Sayfalar/Giris_Sayfasi/PopupOK")): Object: 'Object Repository/Sayfalar/Giris_Sayfasi/PopupOK' is clicked on

2021-11-23 16:36:44 - [MESSAGE][INFO] - Finding Test Object 'Object Repository/Sayfalar/Giris_Sayfasi/PopupOK'

2021-11-23 16:36:44 - [MESSAGE][INFO] - Checking object

2021-11-23 16:36:44 - [MESSAGE][INFO] - Finding web element from Test Object's properties

2021-11-23 16:36:44 - [MESSAGE][INFO] - Checking timeout

2021-11-23 16:36:44 - [MESSAGE][INFO] - Finding web element with id: 'Object Repository/Sayfalar/Giris_Sayfasi/PopupOK' located by 'By.cssSelector: .btn.btn-success' in '30' second(s)

2021-11-23 16:36:44 - [MESSAGE][INFO] - Smart Wait Function is triggered

2021-11-23 16:36:44 - [MESSAGE][INFO] - Found 1 web elements with id: 'Object Repository/Sayfalar/Giris_Sayfasi/PopupOK' located by 'By.cssSelector: .btn.btn-success' in '30' second(s)

2021-11-23 16:36:44 - [MESSAGE][INFO] - Clicking on object: 'Object Repository/Sayfalar/Giris_Sayfasi/PopupOK'

2021-11-23 16:36:45 - [MESSAGE][PASSED] - Object: 'Object Repository/Sayfalar/Giris_Sayfasi/PopupOK' is clicked on

2021-11-23 16:36:45 - [TEST_STEP][PASSED] - verifyElementVisible(findTestObject("Object Repository/Kullanici_Islemleri/KullaniciIslemleri")): Object 'Object Repository/Kullanici_Islemleri/KullaniciIslemleri' is visible

2021-11-23 16:36:45 - [MESSAGE][INFO] - Finding Test Object 'Object Repository/Kullanici_Islemleri/KullaniciIslemleri'

2021-11-23 16:36:45 - [MESSAGE][INFO] - Checking object

2021-11-23 16:36:45 - [MESSAGE][INFO] - Finding web element from Test Object's properties

2021-11-23 16:36:45 - [MESSAGE][INFO] - Checking timeout

2021-11-23 16:36:45 - [MESSAGE][INFO] - Finding web element with id: 'Object Repository/Kullanici_Islemleri/KullaniciIslemleri' located by 'By.cssSelector: .dropdown>a>img' in '30' second(s)

2021-11-23 16:36:45 - [MESSAGE][INFO] - Smart Wait Function is triggered

2021-11-23 16:36:45 - [MESSAGE][INFO] - Found 1 web elements with id: 'Object Repository/Kullanici_Islemleri/KullaniciIslemleri' located by 'By.cssSelector: .dropdown>a>img' in '30' second(s)

2021-11-23 16:36:45 - [MESSAGE][PASSED] - Object 'Object Repository/Kullanici_Islemleri/KullaniciIslemleri' is visible

2021-11-23 16:36:45 - [MESSAGE][PASSED] - Call Test Case 'Test Cases/Sayfalar/AnaSayfa/AnaSayfayaDonulur' successfully

2021-11-23 16:36:45 - [MESSAGE][INFO] - Checking called Test Case

2021-11-23 16:36:45 - [MESSAGE][INFO] - Starting to call Test Case 'Test Cases/Menu/AnaMenuSecimi'

2021-11-23 16:36:45 - [TEST_CASE][PASSED] - Test Cases/Menu/AnaMenuSecimi: Test Cases/Menu/AnaMenuSecimi

2021-11-23 16:36:45 - [TEST_STEP][PASSED] - Method.TextDegerineEsitElementeTikla(findTestObject("Menu/Ana_Menu"), Ana_Menu): Method.TextDegerineEsitElementeTikla is PASSED

2021-11-23 16:36:45 - [MESSAGE][INFO] - Finding Test Object 'Object Repository/Menu/Ana_Menu'

2021-11-23 16:36:46 - [MESSAGE][INFO] - Checking timeout

2021-11-23 16:36:46 - [MESSAGE][INFO] - Finding web element with id: 'Object Repository/Menu/Ana_Menu' located by 'By.xpath: //*[@class = 'dropdown-toggle']' in '10' second(s)

2021-11-23 16:36:46 - [MESSAGE][INFO] - Smart Wait Function is triggered

2021-11-23 16:36:46 - [MESSAGE][INFO] - Found 14 web elements with id: 'Object Repository/Menu/Ana_Menu' located by 'By.xpath: //*[@class = 'dropdown-toggle']' in '10' second(s)

2021-11-23 16:36:46 - [MESSAGE][PASSED] - Method.TextDegerineEsitElementeTikla is PASSED

2021-11-23 16:36:46 - [MESSAGE][PASSED] - Call Test Case 'Test Cases/Menu/AnaMenuSecimi' successfully

2021-11-23 16:36:46 - [MESSAGE][INFO] - Checking called Test Case

2021-11-23 16:36:46 - [MESSAGE][INFO] - Starting to call Test Case 'Test Cases/Menu/BasligaGoreAltMenuSecimi'

2021-11-23 16:36:46 - [TEST_CASE][PASSED] - Test Cases/Menu/BasligaGoreAltMenuSecimi: Test Cases/Menu/BasligaGoreAltMenuSecimi

2021-11-23 16:36:46 - [TEST_STEP][PASSED] - Method.TextDegerineEsitElementinAltindakiTextDegerineEsitOlanaTikla(findTestObject("Menu/Menu_Basligi"), findTestObject("Menu/Basliga_Gore_Alt_Menu"), Baslik, Alt_Menu): Method.TextDegerineEsitElementinAltindakiTextDegerineEsitOlanaTikla is PASSED

2021-11-23 16:36:46 - [MESSAGE][INFO] - Finding Test Object 'Object Repository/Menu/Menu_Basligi'

2021-11-23 16:36:46 - [MESSAGE][INFO] - Finding Test Object 'Object Repository/Menu/Basliga_Gore_Alt_Menu'

2021-11-23 16:36:46 - [MESSAGE][INFO] - Checking timeout

2021-11-23 16:36:46 - [MESSAGE][INFO] - Finding web element with id: 'Object Repository/Menu/Menu_Basligi' located by 'By.xpath: //li[@class='dropdown dropdown-large open']//li[@class='dropdown-header']' in '10' second(s)

2021-11-23 16:36:46 - [MESSAGE][INFO] - Smart Wait Function is triggered

2021-11-23 16:36:47 - [MESSAGE][INFO] - Found 2 web elements with id: 'Object Repository/Menu/Menu_Basligi' located by 'By.xpath: //li[@class='dropdown dropdown-large open']//li[@class='dropdown-header']' in '10' second(s)

2021-11-23 16:36:47 - [MESSAGE][INFO] - Smart Wait Function is triggered

2021-11-23 16:36:48 - [MESSAGE][PASSED] - Method.TextDegerineEsitElementinAltindakiTextDegerineEsitOlanaTikla is PASSED

2021-11-23 16:36:48 - [MESSAGE][PASSED] - Call Test Case 'Test Cases/Menu/BasligaGoreAltMenuSecimi' successfully

2021-11-23 16:36:48 - [MESSAGE][INFO] - Checking called Test Case

2021-11-23 16:36:48 - [MESSAGE][INFO] - Starting to call Test Case 'Test Cases/Filtreler/BaslangicYaz'

2021-11-23 16:36:48 - [TEST_CASE][PASSED] - Test Cases/Filtreler/BaslangicYaz: Test Cases/Filtreler/BaslangicYaz

2021-11-23 16:36:48 - [TEST_STEP][PASSED] - delay(3): Delayed 3 second(s)

2021-11-23 16:36:48 - [MESSAGE][INFO] - Delaying browser in 3 second(s)

2021-11-23 16:36:51 - [MESSAGE][PASSED] - Delayed 3 second(s)

2021-11-23 16:36:51 - [TEST_STEP][PASSED] - Method.TextDegerineEsitElementinAltindakineTikla(findTestObject("Filtreler/Basliklar"), findTestObject("Filtreler/Basliga_Gore_Baslangic_Image"), Filtre_Adi): Method.TextDegerineEsitElementinAltindakineTikla is PASSED

2021-11-23 16:36:51 - [MESSAGE][INFO] - Finding Test Object 'Object Repository/Filtreler/Basliklar'

2021-11-23 16:36:51 - [MESSAGE][INFO] - Finding Test Object 'Object Repository/Filtreler/Basliga_Gore_Baslangic_Image'

2021-11-23 16:36:51 - [MESSAGE][INFO] - Checking timeout

2021-11-23 16:36:51 - [MESSAGE][INFO] - Finding web element with id: 'Object Repository/Filtreler/Basliklar' located by 'By.cssSelector: .control-label.col-sm-4.paddingMarginRLC' in '10' second(s)

2021-11-23 16:36:51 - [MESSAGE][INFO] - Smart Wait Function is triggered

2021-11-23 16:36:52 - [MESSAGE][INFO] - Found 14 web elements with id: 'Object Repository/Filtreler/Basliklar' located by 'By.cssSelector: .control-label.col-sm-4.paddingMarginRLC' in '10' second(s)

2021-11-23 16:36:52 - [MESSAGE][INFO] - Smart Wait Function is triggered

2021-11-23 16:36:52 - [MESSAGE][PASSED] - Method.TextDegerineEsitElementinAltindakineTikla is PASSED

2021-11-23 16:36:52 - [TEST_STEP][PASSED] - Method.TextDegerineEsitElementinAltindakiTextboxtaYaz(findTestObject("Filtreler/Basliklar"), findTestObject("Filtreler/Basliga_Gore_Baslangic"), Filtre_Adi, Filtre_Degeri): Method.TextDegerineEsitElementinAltindakiTextboxtaYaz is PASSED

2021-11-23 16:36:52 - [MESSAGE][INFO] - Finding Test Object 'Object Repository/Filtreler/Basliklar'

2021-11-23 16:36:52 - [MESSAGE][INFO] - Finding Test Object 'Object Repository/Filtreler/Basliga_Gore_Baslangic'

2021-11-23 16:36:52 - [MESSAGE][INFO] - Checking timeout

2021-11-23 16:36:52 - [MESSAGE][INFO] - Finding web element with id: 'Object Repository/Filtreler/Basliklar' located by 'By.cssSelector: .control-label.col-sm-4.paddingMarginRLC' in '10' second(s)

2021-11-23 16:36:52 - [MESSAGE][INFO] - Smart Wait Function is triggered

2021-11-23 16:36:52 - [MESSAGE][INFO] - Found 14 web elements with id: 'Object Repository/Filtreler/Basliklar' located by 'By.cssSelector: .control-label.col-sm-4.paddingMarginRLC' in '10' second(s)

2021-11-23 16:36:52 - [MESSAGE][INFO] - Smart Wait Function is triggered

2021-11-23 16:36:53 - [MESSAGE][PASSED] - Method.TextDegerineEsitElementinAltindakiTextboxtaYaz is PASSED

2021-11-23 16:36:53 - [MESSAGE][PASSED] - Call Test Case 'Test Cases/Filtreler/BaslangicYaz' successfully

2021-11-23 16:36:53 - [MESSAGE][INFO] - Checking called Test Case

2021-11-23 16:36:53 - [MESSAGE][INFO] - Starting to call Test Case 'Test Cases/Filtreler/BitisYaz'

2021-11-23 16:36:53 - [TEST_CASE][PASSED] - Test Cases/Filtreler/BitisYaz: Test Cases/Filtreler/BitisYaz

2021-11-23 16:36:53 - [TEST_STEP][PASSED] - Method.TextDegerineEsitElementinAltindakineTikla(findTestObject("Filtreler/Basliklar"), findTestObject("Filtreler/Basliga_Gore_Bitis_Image"), Filtre_Adi): Method.TextDegerineEsitElementinAltindakineTikla is PASSED

2021-11-23 16:36:53 - [MESSAGE][INFO] - Finding Test Object 'Object Repository/Filtreler/Basliklar'

2021-11-23 16:36:53 - [MESSAGE][INFO] - Finding Test Object 'Object Repository/Filtreler/Basliga_Gore_Bitis_Image'

2021-11-23 16:36:53 - [MESSAGE][INFO] - Checking timeout

2021-11-23 16:36:53 - [MESSAGE][INFO] - Finding web element with id: 'Object Repository/Filtreler/Basliklar' located by 'By.cssSelector: .control-label.col-sm-4.paddingMarginRLC' in '10' second(s)

2021-11-23 16:36:53 - [MESSAGE][INFO] - Smart Wait Function is triggered

2021-11-23 16:36:53 - [MESSAGE][INFO] - Found 14 web elements with id: 'Object Repository/Filtreler/Basliklar' located by 'By.cssSelector: .control-label.col-sm-4.paddingMarginRLC' in '10' second(s)

2021-11-23 16:36:53 - [MESSAGE][INFO] - Smart Wait Function is triggered

2021-11-23 16:36:54 - [MESSAGE][PASSED] - Method.TextDegerineEsitElementinAltindakineTikla is PASSED

2021-11-23 16:36:54 - [TEST_STEP][PASSED] - Method.TextDegerineEsitElementinAltindakiTextboxtaYaz(findTestObject("Filtreler/Basliklar"), findTestObject("Object Repository/Filtreler/Basliga_Gore_Bitis"), Filtre_Adi, Filtre_Degeri): Method.TextDegerineEsitElementinAltindakiTextboxtaYaz is PASSED

2021-11-23 16:36:54 - [MESSAGE][INFO] - Finding Test Object 'Object Repository/Filtreler/Basliklar'

2021-11-23 16:36:54 - [MESSAGE][INFO] - Finding Test Object 'Object Repository/Filtreler/Basliga_Gore_Bitis'

2021-11-23 16:36:54 - [MESSAGE][INFO] - Checking timeout

2021-11-23 16:36:54 - [MESSAGE][INFO] - Finding web element with id: 'Object Repository/Filtreler/Basliklar' located by 'By.cssSelector: .control-label.col-sm-4.paddingMarginRLC' in '10' second(s)

2021-11-23 16:36:54 - [MESSAGE][INFO] - Smart Wait Function is triggered

2021-11-23 16:36:54 - [MESSAGE][INFO] - Found 14 web elements with id: 'Object Repository/Filtreler/Basliklar' located by 'By.cssSelector: .control-label.col-sm-4.paddingMarginRLC' in '10' second(s)

2021-11-23 16:36:54 - [MESSAGE][INFO] - Smart Wait Function is triggered

2021-11-23 16:36:55 - [MESSAGE][PASSED] - Method.TextDegerineEsitElementinAltindakiTextboxtaYaz is PASSED

2021-11-23 16:36:55 - [MESSAGE][PASSED] - Call Test Case 'Test Cases/Filtreler/BitisYaz' successfully

2021-11-23 16:36:55 - [MESSAGE][INFO] - Checking called Test Case

2021-11-23 16:36:55 - [MESSAGE][INFO] - Starting to call Test Case 'Test Cases/Filtreler/BaslangicYaz'

2021-11-23 16:36:55 - [TEST_CASE][PASSED] - Test Cases/Filtreler/BaslangicYaz: Test Cases/Filtreler/BaslangicYaz

2021-11-23 16:36:55 - [TEST_STEP][PASSED] - delay(3): Delayed 3 second(s)

2021-11-23 16:36:55 - [MESSAGE][INFO] - Delaying browser in 3 second(s)

2021-11-23 16:36:58 - [MESSAGE][PASSED] - Delayed 3 second(s)

2021-11-23 16:36:58 - [TEST_STEP][PASSED] - Method.TextDegerineEsitElementinAltindakineTikla(findTestObject("Filtreler/Basliklar"), findTestObject("Filtreler/Basliga_Gore_Baslangic_Image"), Filtre_Adi): Method.TextDegerineEsitElementinAltindakineTikla is PASSED

2021-11-23 16:36:58 - [MESSAGE][INFO] - Finding Test Object 'Object Repository/Filtreler/Basliklar'

2021-11-23 16:36:58 - [MESSAGE][INFO] - Finding Test Object 'Object Repository/Filtreler/Basliga_Gore_Baslangic_Image'

2021-11-23 16:36:58 - [MESSAGE][INFO] - Checking timeout

2021-11-23 16:36:58 - [MESSAGE][INFO] - Finding web element with id: 'Object Repository/Filtreler/Basliklar' located by 'By.cssSelector: .control-label.col-sm-4.paddingMarginRLC' in '10' second(s)

2021-11-23 16:36:58 - [MESSAGE][INFO] - Smart Wait Function is triggered

2021-11-23 16:36:58 - [MESSAGE][INFO] - Found 14 web elements with id: 'Object Repository/Filtreler/Basliklar' located by 'By.cssSelector: .control-label.col-sm-4.paddingMarginRLC' in '10' second(s)

2021-11-23 16:36:58 - [MESSAGE][INFO] - Smart Wait Function is triggered

2021-11-23 16:36:59 - [MESSAGE][PASSED] - Method.TextDegerineEsitElementinAltindakineTikla is PASSED

2021-11-23 16:36:59 - [TEST_STEP][PASSED] - Method.TextDegerineEsitElementinAltindakiTextboxtaYaz(findTestObject("Filtreler/Basliklar"), findTestObject("Filtreler/Basliga_Gore_Baslangic"), Filtre_Adi, Filtre_Degeri): Method.TextDegerineEsitElementinAltindakiTextboxtaYaz is PASSED

2021-11-23 16:36:59 - [MESSAGE][INFO] - Finding Test Object 'Object Repository/Filtreler/Basliklar'

2021-11-23 16:36:59 - [MESSAGE][INFO] - Finding Test Object 'Object Repository/Filtreler/Basliga_Gore_Baslangic'

2021-11-23 16:36:59 - [MESSAGE][INFO] - Checking timeout

2021-11-23 16:36:59 - [MESSAGE][INFO] - Finding web element with id: 'Object Repository/Filtreler/Basliklar' located by 'By.cssSelector: .control-label.col-sm-4.paddingMarginRLC' in '10' second(s)

2021-11-23 16:36:59 - [MESSAGE][INFO] - Smart Wait Function is triggered

2021-11-23 16:36:59 - [MESSAGE][INFO] - Found 14 web elements with id: 'Object Repository/Filtreler/Basliklar' located by 'By.cssSelector: .control-label.col-sm-4.paddingMarginRLC' in '10' second(s)

2021-11-23 16:36:59 - [MESSAGE][INFO] - Smart Wait Function is triggered

2021-11-23 16:37:00 - [MESSAGE][PASSED] - Method.TextDegerineEsitElementinAltindakiTextboxtaYaz is PASSED

2021-11-23 16:37:00 - [MESSAGE][PASSED] - Call Test Case 'Test Cases/Filtreler/BaslangicYaz' successfully

2021-11-23 16:37:00 - [MESSAGE][INFO] - Checking called Test Case

2021-11-23 16:37:00 - [MESSAGE][INFO] - Starting to call Test Case 'Test Cases/Filtreler/BitisYaz'

2021-11-23 16:37:00 - [TEST_CASE][PASSED] - Test Cases/Filtreler/BitisYaz: Test Cases/Filtreler/BitisYaz

2021-11-23 16:37:00 - [TEST_STEP][PASSED] - Method.TextDegerineEsitElementinAltindakineTikla(findTestObject("Filtreler/Basliklar"), findTestObject("Filtreler/Basliga_Gore_Bitis_Image"), Filtre_Adi): Method.TextDegerineEsitElementinAltindakineTikla is PASSED

2021-11-23 16:37:00 - [MESSAGE][INFO] - Finding Test Object 'Object Repository/Filtreler/Basliklar'

2021-11-23 16:37:00 - [MESSAGE][INFO] - Finding Test Object 'Object Repository/Filtreler/Basliga_Gore_Bitis_Image'

2021-11-23 16:37:00 - [MESSAGE][INFO] - Checking timeout

2021-11-23 16:37:00 - [MESSAGE][INFO] - Finding web element with id: 'Object Repository/Filtreler/Basliklar' located by 'By.cssSelector: .control-label.col-sm-4.paddingMarginRLC' in '10' second(s)

2021-11-23 16:37:00 - [MESSAGE][INFO] - Smart Wait Function is triggered

2021-11-23 16:37:00 - [MESSAGE][INFO] - Found 14 web elements with id: 'Object Repository/Filtreler/Basliklar' located by 'By.cssSelector: .control-label.col-sm-4.paddingMarginRLC' in '10' second(s)

2021-11-23 16:37:00 - [MESSAGE][INFO] - Smart Wait Function is triggered

2021-11-23 16:37:01 - [MESSAGE][PASSED] - Method.TextDegerineEsitElementinAltindakineTikla is PASSED

2021-11-23 16:37:01 - [TEST_STEP][PASSED] - Method.TextDegerineEsitElementinAltindakiTextboxtaYaz(findTestObject("Filtreler/Basliklar"), findTestObject("Object Repository/Filtreler/Basliga_Gore_Bitis"), Filtre_Adi, Filtre_Degeri): Method.TextDegerineEsitElementinAltindakiTextboxtaYaz is PASSED

2021-11-23 16:37:01 - [MESSAGE][INFO] - Finding Test Object 'Object Repository/Filtreler/Basliklar'

2021-11-23 16:37:01 - [MESSAGE][INFO] - Finding Test Object 'Object Repository/Filtreler/Basliga_Gore_Bitis'

2021-11-23 16:37:01 - [MESSAGE][INFO] - Checking timeout

2021-11-23 16:37:01 - [MESSAGE][INFO] - Finding web element with id: 'Object Repository/Filtreler/Basliklar' located by 'By.cssSelector: .control-label.col-sm-4.paddingMarginRLC' in '10' second(s)

2021-11-23 16:37:01 - [MESSAGE][INFO] - Smart Wait Function is triggered

2021-11-23 16:37:01 - [MESSAGE][INFO] - Found 14 web elements with id: 'Object Repository/Filtreler/Basliklar' located by 'By.cssSelector: .control-label.col-sm-4.paddingMarginRLC' in '10' second(s)

2021-11-23 16:37:01 - [MESSAGE][INFO] - Smart Wait Function is triggered

2021-11-23 16:37:02 - [MESSAGE][PASSED] - Method.TextDegerineEsitElementinAltindakiTextboxtaYaz is PASSED

2021-11-23 16:37:02 - [MESSAGE][PASSED] - Call Test Case 'Test Cases/Filtreler/BitisYaz' successfully

2021-11-23 16:37:02 - [MESSAGE][INFO] - Checking called Test Case

2021-11-23 16:37:02 - [MESSAGE][INFO] - Starting to call Test Case 'Test Cases/Filtreler/ButonaTikla'

2021-11-23 16:37:02 - [TEST_CASE][PASSED] - Test Cases/Filtreler/ButonaTikla: Test Cases/Filtreler/ButonaTikla

2021-11-23 16:37:02 - [TEST_STEP][PASSED] - Method.TextDegerineEsitElementeTikla(findTestObject("Filtreler/Butonlar"), Filtre_Buton): Method.TextDegerineEsitElementeTikla is PASSED

2021-11-23 16:37:02 - [MESSAGE][INFO] - Finding Test Object 'Object Repository/Filtreler/Butonlar'

2021-11-23 16:37:02 - [MESSAGE][INFO] - Checking timeout

2021-11-23 16:37:02 - [MESSAGE][INFO] - Finding web element with id: 'Object Repository/Filtreler/Butonlar' located by 'By.cssSelector: .dxb>span' in '10' second(s)

2021-11-23 16:37:02 - [MESSAGE][INFO] - Smart Wait Function is triggered

2021-11-23 16:37:02 - [MESSAGE][INFO] - Found 3 web elements with id: 'Object Repository/Filtreler/Butonlar' located by 'By.cssSelector: .dxb>span' in '10' second(s)

2021-11-23 16:37:02 - [MESSAGE][PASSED] - Method.TextDegerineEsitElementeTikla is PASSED

2021-11-23 16:37:02 - [MESSAGE][PASSED] - Call Test Case 'Test Cases/Filtreler/ButonaTikla' successfully

2021-11-23 16:37:02 - [MESSAGE][INFO] - Checking called Test Case

2021-11-23 16:37:02 - [MESSAGE][INFO] - Starting to call Test Case 'Test Cases/Filtreler/ListelenenOgeSayisi'

2021-11-23 16:37:02 - [TEST_CASE][PASSED] - Test Cases/Filtreler/ListelenenOgeSayisi: Test Cases/Filtreler/ListelenenOgeSayisi

2021-11-23 16:37:02 - [TEST_STEP][PASSED] - waitForElementPresent(findTestObject("Filtreler/OgeSayisi"), 10): Object 'Object Repository/Filtreler/OgeSayisi' is present

2021-11-23 16:37:02 - [MESSAGE][INFO] - Finding Test Object 'Object Repository/Filtreler/OgeSayisi'

2021-11-23 16:37:02 - [MESSAGE][INFO] - Checking object

2021-11-23 16:37:02 - [MESSAGE][INFO] - Finding web element from Test Object's properties

2021-11-23 16:37:02 - [MESSAGE][INFO] - Checking timeout

2021-11-23 16:37:02 - [MESSAGE][INFO] - Finding web element with id: 'Object Repository/Filtreler/OgeSayisi' located by 'By.cssSelector: .dxp-lead.dxp-summary' in '10' second(s)

2021-11-23 16:37:02 - [MESSAGE][INFO] - Smart Wait Function is triggered

2021-11-23 16:37:03 - [MESSAGE][INFO] - Found 1 web elements with id: 'Object Repository/Filtreler/OgeSayisi' located by 'By.cssSelector: .dxp-lead.dxp-summary' in '10' second(s)

2021-11-23 16:37:03 - [MESSAGE][PASSED] - Object 'Object Repository/Filtreler/OgeSayisi' is present

2021-11-23 16:37:03 - [TEST_STEP][PASSED] - verifyElementText(findTestObject("Filtreler/OgeSayisi"), OgeSayisi): Actual text and expected text of test object 'Object Repository/Filtreler/OgeSayisi' are matched.

2021-11-23 16:37:03 - [MESSAGE][INFO] - Finding Test Object 'Object Repository/Filtreler/OgeSayisi'

2021-11-23 16:37:03 - [MESSAGE][INFO] - Checking object

2021-11-23 16:37:03 - [MESSAGE][INFO] - Finding web element from Test Object's properties

2021-11-23 16:37:03 - [MESSAGE][INFO] - Checking timeout

2021-11-23 16:37:03 - [MESSAGE][INFO] - Finding web element with id: 'Object Repository/Filtreler/OgeSayisi' located by 'By.cssSelector: .dxp-lead.dxp-summary' in '30' second(s)

2021-11-23 16:37:03 - [MESSAGE][INFO] - Smart Wait Function is triggered

2021-11-23 16:37:03 - [MESSAGE][INFO] - Found 1 web elements with id: 'Object Repository/Filtreler/OgeSayisi' located by 'By.cssSelector: .dxp-lead.dxp-summary' in '30' second(s)

2021-11-23 16:37:03 - [MESSAGE][PASSED] - Actual text and expected text of test object 'Object Repository/Filtreler/OgeSayisi' are matched.

2021-11-23 16:37:03 - [MESSAGE][PASSED] - Call Test Case 'Test Cases/Filtreler/ListelenenOgeSayisi' successfully

2021-11-23 16:37:03 - [MESSAGE][INFO] - Checking called Test Case

2021-11-23 16:37:03 - [MESSAGE][INFO] - Starting to call Test Case 'Test Cases/Filtreler/FiltreVarMi'

2021-11-23 16:37:03 - [TEST_CASE][PASSED] - Test Cases/Filtreler/FiltreVarMi: Test Cases/Filtreler/FiltreVarMi

2021-11-23 16:37:04 - [TEST_STEP][PASSED] - Method.TextDegerineEsitElementVarMi(findTestObject("Filtreler/Basliklar"), Filtre_alan): Method.TextDegerineEsitElementVarMi is PASSED

2021-11-23 16:37:04 - [MESSAGE][INFO] - Finding Test Object 'Object Repository/Filtreler/Basliklar'

2021-11-23 16:37:04 - [MESSAGE][INFO] - Checking timeout

2021-11-23 16:37:04 - [MESSAGE][INFO] - Finding web element with id: 'Object Repository/Filtreler/Basliklar' located by 'By.cssSelector: .control-label.col-sm-4.paddingMarginRLC' in '10' second(s)

2021-11-23 16:37:04 - [MESSAGE][INFO] - Smart Wait Function is triggered

2021-11-23 16:37:04 - [MESSAGE][INFO] - Found 14 web elements with id: 'Object Repository/Filtreler/Basliklar' located by 'By.cssSelector: .control-label.col-sm-4.paddingMarginRLC' in '10' second(s)

2021-11-23 16:37:04 - [MESSAGE][PASSED] - Method.TextDegerineEsitElementVarMi is PASSED

2021-11-23 16:37:04 - [MESSAGE][PASSED] - Call Test Case 'Test Cases/Filtreler/FiltreVarMi' successfully

2021-11-23 16:37:04 - [MESSAGE][INFO] - Checking called Test Case

2021-11-23 16:37:04 - [MESSAGE][INFO] - Starting to call Test Case 'Test Cases/Filtreler/FiltreVarMi'

2021-11-23 16:37:04 - [TEST_CASE][PASSED] - Test Cases/Filtreler/FiltreVarMi: Test Cases/Filtreler/FiltreVarMi

2021-11-23 16:37:04 - [TEST_STEP][PASSED] - Method.TextDegerineEsitElementVarMi(findTestObject("Filtreler/Basliklar"), Filtre_alan): Method.TextDegerineEsitElementVarMi is PASSED

2021-11-23 16:37:04 - [MESSAGE][INFO] - Finding Test Object 'Object Repository/Filtreler/Basliklar'

2021-11-23 16:37:04 - [MESSAGE][INFO] - Checking timeout

2021-11-23 16:37:04 - [MESSAGE][INFO] - Finding web element with id: 'Object Repository/Filtreler/Basliklar' located by 'By.cssSelector: .control-label.col-sm-4.paddingMarginRLC' in '10' second(s)

2021-11-23 16:37:04 - [MESSAGE][INFO] - Smart Wait Function is triggered

2021-11-23 16:37:05 - [MESSAGE][INFO] - Found 14 web elements with id: 'Object Repository/Filtreler/Basliklar' located by 'By.cssSelector: .control-label.col-sm-4.paddingMarginRLC' in '10' second(s)

2021-11-23 16:37:05 - [MESSAGE][PASSED] - Method.TextDegerineEsitElementVarMi is PASSED

2021-11-23 16:37:05 - [MESSAGE][PASSED] - Call Test Case 'Test Cases/Filtreler/FiltreVarMi' successfully

2021-11-23 16:37:05 - [MESSAGE][INFO] - Checking called Test Case

2021-11-23 16:37:05 - [MESSAGE][INFO] - Starting to call Test Case 'Test Cases/Filtreler/FiltreVarMi'

2021-11-23 16:37:05 - [TEST_CASE][PASSED] - Test Cases/Filtreler/FiltreVarMi: Test Cases/Filtreler/FiltreVarMi

2021-11-23 16:37:05 - [TEST_STEP][PASSED] - Method.TextDegerineEsitElementVarMi(findTestObject("Filtreler/Basliklar"), Filtre_alan): Method.TextDegerineEsitElementVarMi is PASSED

2021-11-23 16:37:05 - [MESSAGE][INFO] - Finding Test Object 'Object Repository/Filtreler/Basliklar'

2021-11-23 16:37:05 - [MESSAGE][INFO] - Checking timeout

2021-11-23 16:37:05 - [MESSAGE][INFO] - Finding web element with id: 'Object Repository/Filtreler/Basliklar' located by 'By.cssSelector: .control-label.col-sm-4.paddingMarginRLC' in '10' second(s)

2021-11-23 16:37:05 - [MESSAGE][INFO] - Smart Wait Function is triggered

2021-11-23 16:37:05 - [MESSAGE][INFO] - Found 14 web elements with id: 'Object Repository/Filtreler/Basliklar' located by 'By.cssSelector: .control-label.col-sm-4.paddingMarginRLC' in '10' second(s)

2021-11-23 16:37:05 - [MESSAGE][PASSED] - Method.TextDegerineEsitElementVarMi is PASSED

2021-11-23 16:37:05 - [MESSAGE][PASSED] - Call Test Case 'Test Cases/Filtreler/FiltreVarMi' successfully

2021-11-23 16:37:05 - [MESSAGE][INFO] - Checking called Test Case

2021-11-23 16:37:05 - [MESSAGE][INFO] - Starting to call Test Case 'Test Cases/Filtreler/FiltreVarMi'

2021-11-23 16:37:05 - [TEST_CASE][PASSED] - Test Cases/Filtreler/FiltreVarMi: Test Cases/Filtreler/FiltreVarMi

2021-11-23 16:37:05 - [TEST_STEP][PASSED] - Method.TextDegerineEsitElementVarMi(findTestObject("Filtreler/Basliklar"), Filtre_alan): Method.TextDegerineEsitElementVarMi is PASSED

2021-11-23 16:37:05 - [MESSAGE][INFO] - Finding Test Object 'Object Repository/Filtreler/Basliklar'

2021-11-23 16:37:05 - [MESSAGE][INFO] - Checking timeout

2021-11-23 16:37:05 - [MESSAGE][INFO] - Finding web element with id: 'Object Repository/Filtreler/Basliklar' located by 'By.cssSelector: .control-label.col-sm-4.paddingMarginRLC' in '10' second(s)

2021-11-23 16:37:05 - [MESSAGE][INFO] - Smart Wait Function is triggered

2021-11-23 16:37:06 - [MESSAGE][INFO] - Found 14 web elements with id: 'Object Repository/Filtreler/Basliklar' located by 'By.cssSelector: .control-label.col-sm-4.paddingMarginRLC' in '10' second(s)

2021-11-23 16:37:06 - [MESSAGE][PASSED] - Method.TextDegerineEsitElementVarMi is PASSED

2021-11-23 16:37:06 - [MESSAGE][PASSED] - Call Test Case 'Test Cases/Filtreler/FiltreVarMi' successfully

2021-11-23 16:37:06 - [MESSAGE][INFO] - Checking called Test Case

2021-11-23 16:37:06 - [MESSAGE][INFO] - Starting to call Test Case 'Test Cases/Filtreler/FiltreVarMi'

2021-11-23 16:37:06 - [TEST_CASE][PASSED] - Test Cases/Filtreler/FiltreVarMi: Test Cases/Filtreler/FiltreVarMi

2021-11-23 16:37:06 - [TEST_STEP][PASSED] - Method.TextDegerineEsitElementVarMi(findTestObject("Filtreler/Basliklar"), Filtre_alan): Method.TextDegerineEsitElementVarMi is PASSED

2021-11-23 16:37:06 - [MESSAGE][INFO] - Finding Test Object 'Object Repository/Filtreler/Basliklar'

2021-11-23 16:37:06 - [MESSAGE][INFO] - Checking timeout

2021-11-23 16:37:06 - [MESSAGE][INFO] - Finding web element with id: 'Object Repository/Filtreler/Basliklar' located by 'By.cssSelector: .control-label.col-sm-4.paddingMarginRLC' in '10' second(s)

2021-11-23 16:37:06 - [MESSAGE][INFO] - Smart Wait Function is triggered

2021-11-23 16:37:06 - [MESSAGE][INFO] - Found 14 web elements with id: 'Object Repository/Filtreler/Basliklar' located by 'By.cssSelector: .control-label.col-sm-4.paddingMarginRLC' in '10' second(s)

2021-11-23 16:37:06 - [MESSAGE][PASSED] - Method.TextDegerineEsitElementVarMi is PASSED

2021-11-23 16:37:06 - [MESSAGE][PASSED] - Call Test Case 'Test Cases/Filtreler/FiltreVarMi' successfully

2021-11-23 16:37:06 - [MESSAGE][INFO] - Checking called Test Case

2021-11-23 16:37:06 - [MESSAGE][INFO] - Starting to call Test Case 'Test Cases/Filtreler/FiltreVarMi'

2021-11-23 16:37:06 - [TEST_CASE][PASSED] - Test Cases/Filtreler/FiltreVarMi: Test Cases/Filtreler/FiltreVarMi

2021-11-23 16:37:06 - [TEST_STEP][PASSED] - Method.TextDegerineEsitElementVarMi(findTestObject("Filtreler/Basliklar"), Filtre_alan): Method.TextDegerineEsitElementVarMi is PASSED

2021-11-23 16:37:06 - [MESSAGE][INFO] - Finding Test Object 'Object Repository/Filtreler/Basliklar'

2021-11-23 16:37:06 - [MESSAGE][INFO] - Checking timeout

2021-11-23 16:37:06 - [MESSAGE][INFO] - Finding web element with id: 'Object Repository/Filtreler/Basliklar' located by 'By.cssSelector: .control-label.col-sm-4.paddingMarginRLC' in '10' second(s)

2021-11-23 16:37:06 - [MESSAGE][INFO] - Smart Wait Function is triggered

2021-11-23 16:37:07 - [MESSAGE][INFO] - Found 14 web elements with id: 'Object Repository/Filtreler/Basliklar' located by 'By.cssSelector: .control-label.col-sm-4.paddingMarginRLC' in '10' second(s)

2021-11-23 16:37:07 - [MESSAGE][PASSED] - Method.TextDegerineEsitElementVarMi is PASSED

2021-11-23 16:37:07 - [MESSAGE][PASSED] - Call Test Case 'Test Cases/Filtreler/FiltreVarMi' successfully

2021-11-23 16:37:07 - [MESSAGE][INFO] - Checking called Test Case

2021-11-23 16:37:07 - [MESSAGE][INFO] - Starting to call Test Case 'Test Cases/Filtreler/FiltreVarMi'

2021-11-23 16:37:07 - [TEST_CASE][PASSED] - Test Cases/Filtreler/FiltreVarMi: Test Cases/Filtreler/FiltreVarMi

2021-11-23 16:37:07 - [TEST_STEP][PASSED] - Method.TextDegerineEsitElementVarMi(findTestObject("Filtreler/Basliklar"), Filtre_alan): Method.TextDegerineEsitElementVarMi is PASSED

2021-11-23 16:37:07 - [MESSAGE][INFO] - Finding Test Object 'Object Repository/Filtreler/Basliklar'

2021-11-23 16:37:07 - [MESSAGE][INFO] - Checking timeout

2021-11-23 16:37:07 - [MESSAGE][INFO] - Finding web element with id: 'Object Repository/Filtreler/Basliklar' located by 'By.cssSelector: .control-label.col-sm-4.paddingMarginRLC' in '10' second(s)

2021-11-23 16:37:07 - [MESSAGE][INFO] - Smart Wait Function is triggered

2021-11-23 16:37:07 - [MESSAGE][INFO] - Found 14 web elements with id: 'Object Repository/Filtreler/Basliklar' located by 'By.cssSelector: .control-label.col-sm-4.paddingMarginRLC' in '10' second(s)

2021-11-23 16:37:07 - [MESSAGE][PASSED] - Method.TextDegerineEsitElementVarMi is PASSED

2021-11-23 16:37:07 - [MESSAGE][PASSED] - Call Test Case 'Test Cases/Filtreler/FiltreVarMi' successfully

2021-11-23 16:37:07 - [MESSAGE][INFO] - Checking called Test Case

2021-11-23 16:37:07 - [MESSAGE][INFO] - Starting to call Test Case 'Test Cases/Filtreler/FiltreVarMi'

2021-11-23 16:37:07 - [TEST_CASE][PASSED] - Test Cases/Filtreler/FiltreVarMi: Test Cases/Filtreler/FiltreVarMi

2021-11-23 16:37:07 - [TEST_STEP][PASSED] - Method.TextDegerineEsitElementVarMi(findTestObject("Filtreler/Basliklar"), Filtre_alan): Method.TextDegerineEsitElementVarMi is PASSED

2021-11-23 16:37:07 - [MESSAGE][INFO] - Finding Test Object 'Object Repository/Filtreler/Basliklar'

2021-11-23 16:37:07 - [MESSAGE][INFO] - Checking timeout

2021-11-23 16:37:07 - [MESSAGE][INFO] - Finding web element with id: 'Object Repository/Filtreler/Basliklar' located by 'By.cssSelector: .control-label.col-sm-4.paddingMarginRLC' in '10' second(s)

2021-11-23 16:37:07 - [MESSAGE][INFO] - Smart Wait Function is triggered

2021-11-23 16:37:08 - [MESSAGE][INFO] - Found 14 web elements with id: 'Object Repository/Filtreler/Basliklar' located by 'By.cssSelector: .control-label.col-sm-4.paddingMarginRLC' in '10' second(s)

2021-11-23 16:37:08 - [MESSAGE][PASSED] - Method.TextDegerineEsitElementVarMi is PASSED

2021-11-23 16:37:08 - [MESSAGE][PASSED] - Call Test Case 'Test Cases/Filtreler/FiltreVarMi' successfully

2021-11-23 16:37:08 - [MESSAGE][INFO] - Checking called Test Case

2021-11-23 16:37:08 - [MESSAGE][INFO] - Starting to call Test Case 'Test Cases/Filtreler/FiltreVarMi'

2021-11-23 16:37:08 - [TEST_CASE][PASSED] - Test Cases/Filtreler/FiltreVarMi: Test Cases/Filtreler/FiltreVarMi

2021-11-23 16:37:08 - [TEST_STEP][PASSED] - Method.TextDegerineEsitElementVarMi(findTestObject("Filtreler/Basliklar"), Filtre_alan): Method.TextDegerineEsitElementVarMi is PASSED

2021-11-23 16:37:08 - [MESSAGE][INFO] - Finding Test Object 'Object Repository/Filtreler/Basliklar'

2021-11-23 16:37:08 - [MESSAGE][INFO] - Checking timeout

2021-11-23 16:37:08 - [MESSAGE][INFO] - Finding web element with id: 'Object Repository/Filtreler/Basliklar' located by 'By.cssSelector: .control-label.col-sm-4.paddingMarginRLC' in '10' second(s)

2021-11-23 16:37:08 - [MESSAGE][INFO] - Smart Wait Function is triggered

2021-11-23 16:37:08 - [MESSAGE][INFO] - Found 14 web elements with id: 'Object Repository/Filtreler/Basliklar' located by 'By.cssSelector: .control-label.col-sm-4.paddingMarginRLC' in '10' second(s)

2021-11-23 16:37:08 - [MESSAGE][PASSED] - Method.TextDegerineEsitElementVarMi is PASSED

2021-11-23 16:37:08 - [MESSAGE][PASSED] - Call Test Case 'Test Cases/Filtreler/FiltreVarMi' successfully

2021-11-23 16:37:08 - [MESSAGE][INFO] - Checking called Test Case

2021-11-23 16:37:08 - [MESSAGE][INFO] - Starting to call Test Case 'Test Cases/Filtreler/FiltreVarMi'

2021-11-23 16:37:08 - [TEST_CASE][PASSED] - Test Cases/Filtreler/FiltreVarMi: Test Cases/Filtreler/FiltreVarMi

2021-11-23 16:37:08 - [TEST_STEP][PASSED] - Method.TextDegerineEsitElementVarMi(findTestObject("Filtreler/Basliklar"), Filtre_alan): Method.TextDegerineEsitElementVarMi is PASSED

2021-11-23 16:37:08 - [MESSAGE][INFO] - Finding Test Object 'Object Repository/Filtreler/Basliklar'

2021-11-23 16:37:08 - [MESSAGE][INFO] - Checking timeout

2021-11-23 16:37:08 - [MESSAGE][INFO] - Finding web element with id: 'Object Repository/Filtreler/Basliklar' located by 'By.cssSelector: .control-label.col-sm-4.paddingMarginRLC' in '10' second(s)

2021-11-23 16:37:08 - [MESSAGE][INFO] - Smart Wait Function is triggered

2021-11-23 16:37:09 - [MESSAGE][INFO] - Found 14 web elements with id: 'Object Repository/Filtreler/Basliklar' located by 'By.cssSelector: .control-label.col-sm-4.paddingMarginRLC' in '10' second(s)

2021-11-23 16:37:09 - [MESSAGE][PASSED] - Method.TextDegerineEsitElementVarMi is PASSED

2021-11-23 16:37:09 - [MESSAGE][PASSED] - Call Test Case 'Test Cases/Filtreler/FiltreVarMi' successfully

2021-11-23 16:37:09 - [MESSAGE][INFO] - Checking called Test Case

2021-11-23 16:37:09 - [MESSAGE][INFO] - Starting to call Test Case 'Test Cases/Filtreler/FiltreVarMi'

2021-11-23 16:37:09 - [TEST_CASE][PASSED] - Test Cases/Filtreler/FiltreVarMi: Test Cases/Filtreler/FiltreVarMi

2021-11-23 16:37:09 - [TEST_STEP][PASSED] - Method.TextDegerineEsitElementVarMi(findTestObject("Filtreler/Basliklar"), Filtre_alan): Method.TextDegerineEsitElementVarMi is PASSED

2021-11-23 16:37:09 - [MESSAGE][INFO] - Finding Test Object 'Object Repository/Filtreler/Basliklar'

2021-11-23 16:37:09 - [MESSAGE][INFO] - Checking timeout

2021-11-23 16:37:09 - [MESSAGE][INFO] - Finding web element with id: 'Object Repository/Filtreler/Basliklar' located by 'By.cssSelector: .control-label.col-sm-4.paddingMarginRLC' in '10' second(s)

2021-11-23 16:37:09 - [MESSAGE][INFO] - Smart Wait Function is triggered

2021-11-23 16:37:09 - [MESSAGE][INFO] - Found 14 web elements with id: 'Object Repository/Filtreler/Basliklar' located by 'By.cssSelector: .control-label.col-sm-4.paddingMarginRLC' in '10' second(s)

2021-11-23 16:37:09 - [MESSAGE][PASSED] - Method.TextDegerineEsitElementVarMi is PASSED

2021-11-23 16:37:09 - [MESSAGE][PASSED] - Call Test Case 'Test Cases/Filtreler/FiltreVarMi' successfully

2021-11-23 16:37:09 - [MESSAGE][INFO] - Checking called Test Case

2021-11-23 16:37:09 - [MESSAGE][INFO] - Starting to call Test Case 'Test Cases/Filtreler/FiltreVarMi'

2021-11-23 16:37:10 - [TEST_CASE][PASSED] - Test Cases/Filtreler/FiltreVarMi: Test Cases/Filtreler/FiltreVarMi

2021-11-23 16:37:10 - [TEST_STEP][PASSED] - Method.TextDegerineEsitElementVarMi(findTestObject("Filtreler/Basliklar"), Filtre_alan): Method.TextDegerineEsitElementVarMi is PASSED

2021-11-23 16:37:10 - [MESSAGE][INFO] - Finding Test Object 'Object Repository/Filtreler/Basliklar'

2021-11-23 16:37:10 - [MESSAGE][INFO] - Checking timeout

2021-11-23 16:37:10 - [MESSAGE][INFO] - Finding web element with id: 'Object Repository/Filtreler/Basliklar' located by 'By.cssSelector: .control-label.col-sm-4.paddingMarginRLC' in '10' second(s)

2021-11-23 16:37:10 - [MESSAGE][INFO] - Smart Wait Function is triggered

2021-11-23 16:37:10 - [MESSAGE][INFO] - Found 14 web elements with id: 'Object Repository/Filtreler/Basliklar' located by 'By.cssSelector: .control-label.col-sm-4.paddingMarginRLC' in '10' second(s)

2021-11-23 16:37:10 - [MESSAGE][PASSED] - Method.TextDegerineEsitElementVarMi is PASSED

2021-11-23 16:37:10 - [MESSAGE][PASSED] - Call Test Case 'Test Cases/Filtreler/FiltreVarMi' successfully

2021-11-23 16:37:10 - [MESSAGE][INFO] - Checking called Test Case

2021-11-23 16:37:10 - [MESSAGE][INFO] - Starting to call Test Case 'Test Cases/Filtreler/FiltreVarMi'

2021-11-23 16:37:10 - [TEST_CASE][PASSED] - Test Cases/Filtreler/FiltreVarMi: Test Cases/Filtreler/FiltreVarMi

2021-11-23 16:37:10 - [TEST_STEP][PASSED] - Method.TextDegerineEsitElementVarMi(findTestObject("Filtreler/Basliklar"), Filtre_alan): Method.TextDegerineEsitElementVarMi is PASSED

2021-11-23 16:37:10 - [MESSAGE][INFO] - Finding Test Object 'Object Repository/Filtreler/Basliklar'

2021-11-23 16:37:10 - [MESSAGE][INFO] - Checking timeout

2021-11-23 16:37:10 - [MESSAGE][INFO] - Finding web element with id: 'Object Repository/Filtreler/Basliklar' located by 'By.cssSelector: .control-label.col-sm-4.paddingMarginRLC' in '10' second(s)

2021-11-23 16:37:10 - [MESSAGE][INFO] - Smart Wait Function is triggered

2021-11-23 16:37:10 - [MESSAGE][INFO] - Found 14 web elements with id: 'Object Repository/Filtreler/Basliklar' located by 'By.cssSelector: .control-label.col-sm-4.paddingMarginRLC' in '10' second(s)

2021-11-23 16:37:10 - [MESSAGE][PASSED] - Method.TextDegerineEsitElementVarMi is PASSED

2021-11-23 16:37:10 - [MESSAGE][PASSED] - Call Test Case 'Test Cases/Filtreler/FiltreVarMi' successfully

2021-11-23 16:37:10 - [MESSAGE][INFO] - Checking called Test Case

2021-11-23 16:37:10 - [MESSAGE][INFO] - Starting to call Test Case 'Test Cases/Filtreler/FiltreVarMi'

2021-11-23 16:37:10 - [TEST_CASE][PASSED] - Test Cases/Filtreler/FiltreVarMi: Test Cases/Filtreler/FiltreVarMi

2021-11-23 16:37:10 - [TEST_STEP][PASSED] - Method.TextDegerineEsitElementVarMi(findTestObject("Filtreler/Basliklar"), Filtre_alan): Method.TextDegerineEsitElementVarMi is PASSED

2021-11-23 16:37:10 - [MESSAGE][INFO] - Finding Test Object 'Object Repository/Filtreler/Basliklar'

2021-11-23 16:37:11 - [MESSAGE][INFO] - Checking timeout

2021-11-23 16:37:11 - [MESSAGE][INFO] - Finding web element with id: 'Object Repository/Filtreler/Basliklar' located by 'By.cssSelector: .control-label.col-sm-4.paddingMarginRLC' in '10' second(s)

2021-11-23 16:37:11 - [MESSAGE][INFO] - Smart Wait Function is triggered

2021-11-23 16:37:11 - [MESSAGE][INFO] - Found 14 web elements with id: 'Object Repository/Filtreler/Basliklar' located by 'By.cssSelector: .control-label.col-sm-4.paddingMarginRLC' in '10' second(s)

2021-11-23 16:37:11 - [MESSAGE][PASSED] - Method.TextDegerineEsitElementVarMi is PASSED

2021-11-23 16:37:11 - [MESSAGE][PASSED] - Call Test Case 'Test Cases/Filtreler/FiltreVarMi' successfully

2021-11-23 16:37:11 - [MESSAGE][INFO] - Checking called Test Case

2021-11-23 16:37:11 - [MESSAGE][INFO] - Starting to call Test Case 'Test Cases/Filtreler/ButonVarMi'

2021-11-23 16:37:11 - [TEST_CASE][PASSED] - Test Cases/Filtreler/ButonVarMi: Test Cases/Filtreler/ButonVarMi

2021-11-23 16:37:12 - [TEST_STEP][PASSED] - Method.TextDegerineEsitElementVarMi(findTestObject("Filtreler/Butonlar"), Filtre_Buton): Method.TextDegerineEsitElementVarMi is PASSED

2021-11-23 16:37:12 - [MESSAGE][INFO] - Finding Test Object 'Object Repository/Filtreler/Butonlar'

2021-11-23 16:37:12 - [MESSAGE][INFO] - Checking timeout

2021-11-23 16:37:12 - [MESSAGE][INFO] - Finding web element with id: 'Object Repository/Filtreler/Butonlar' located by 'By.cssSelector: .dxb>span' in '10' second(s)

2021-11-23 16:37:12 - [MESSAGE][INFO] - Smart Wait Function is triggered

2021-11-23 16:37:12 - [MESSAGE][INFO] - Found 3 web elements with id: 'Object Repository/Filtreler/Butonlar' located by 'By.cssSelector: .dxb>span' in '10' second(s)

2021-11-23 16:37:12 - [MESSAGE][PASSED] - Method.TextDegerineEsitElementVarMi is PASSED

2021-11-23 16:37:12 - [MESSAGE][PASSED] - Call Test Case 'Test Cases/Filtreler/ButonVarMi' successfully

2021-11-23 16:37:12 - [MESSAGE][INFO] - Checking called Test Case

2021-11-23 16:37:12 - [MESSAGE][INFO] - Starting to call Test Case 'Test Cases/Filtreler/ButonVarMi'

2021-11-23 16:37:12 - [TEST_CASE][PASSED] - Test Cases/Filtreler/ButonVarMi: Test Cases/Filtreler/ButonVarMi

2021-11-23 16:37:12 - [TEST_STEP][PASSED] - Method.TextDegerineEsitElementVarMi(findTestObject("Filtreler/Butonlar"), Filtre_Buton): Method.TextDegerineEsitElementVarMi is PASSED

2021-11-23 16:37:12 - [MESSAGE][INFO] - Finding Test Object 'Object Repository/Filtreler/Butonlar'

2021-11-23 16:37:12 - [MESSAGE][INFO] - Checking timeout

2021-11-23 16:37:12 - [MESSAGE][INFO] - Finding web element with id: 'Object Repository/Filtreler/Butonlar' located by 'By.cssSelector: .dxb>span' in '10' second(s)

2021-11-23 16:37:12 - [MESSAGE][INFO] - Smart Wait Function is triggered

2021-11-23 16:37:12 - [MESSAGE][INFO] - Found 3 web elements with id: 'Object Repository/Filtreler/Butonlar' located by 'By.cssSelector: .dxb>span' in '10' second(s)

2021-11-23 16:37:12 - [MESSAGE][PASSED] - Method.TextDegerineEsitElementVarMi is PASSED

2021-11-23 16:37:12 - [MESSAGE][PASSED] - Call Test Case 'Test Cases/Filtreler/ButonVarMi' successfully

2021-11-23 16:37:12 - [MESSAGE][INFO] - Checking called Test Case

2021-11-23 16:37:12 - [MESSAGE][INFO] - Starting to call Test Case 'Test Cases/Filtreler/ButonVarMi'

2021-11-23 16:37:12 - [TEST_CASE][PASSED] - Test Cases/Filtreler/ButonVarMi: Test Cases/Filtreler/ButonVarMi

2021-11-23 16:37:12 - [TEST_STEP][PASSED] - Method.TextDegerineEsitElementVarMi(findTestObject("Filtreler/Butonlar"), Filtre_Buton): Method.TextDegerineEsitElementVarMi is PASSED

2021-11-23 16:37:12 - [MESSAGE][INFO] - Finding Test Object 'Object Repository/Filtreler/Butonlar'

2021-11-23 16:37:13 - [MESSAGE][INFO] - Checking timeout

2021-11-23 16:37:13 - [MESSAGE][INFO] - Finding web element with id: 'Object Repository/Filtreler/Butonlar' located by 'By.cssSelector: .dxb>span' in '10' second(s)

2021-11-23 16:37:13 - [MESSAGE][INFO] - Smart Wait Function is triggered

2021-11-23 16:37:13 - [MESSAGE][INFO] - Found 3 web elements with id: 'Object Repository/Filtreler/Butonlar' located by 'By.cssSelector: .dxb>span' in '10' second(s)

2021-11-23 16:37:13 - [MESSAGE][PASSED] - Method.TextDegerineEsitElementVarMi is PASSED

2021-11-23 16:37:13 - [MESSAGE][PASSED] - Call Test Case 'Test Cases/Filtreler/ButonVarMi' successfully

2021-11-23 16:37:13 - [MESSAGE][INFO] - Checking called Test Case

2021-11-23 16:37:13 - [MESSAGE][INFO] - Starting to call Test Case 'Test Cases/Butonlar/ButonVarMi'

2021-11-23 16:37:13 - [TEST_CASE][PASSED] - Test Cases/Butonlar/ButonVarMi: Test Cases/Butonlar/ButonVarMi

2021-11-23 16:37:14 - [TEST_STEP][PASSED] - Method.TextDegerineEsitElementVarMi(findTestObject("Butonlar/Butonlar"), Buton): Method.TextDegerineEsitElementVarMi is PASSED

2021-11-23 16:37:14 - [MESSAGE][INFO] - Finding Test Object 'Object Repository/Butonlar/Butonlar'

2021-11-23 16:37:14 - [MESSAGE][INFO] - Checking timeout

2021-11-23 16:37:14 - [MESSAGE][INFO] - Finding web element with id: 'Object Repository/Butonlar/Butonlar' located by 'By.cssSelector: .panel.panel-default.text-center.footerPanel .btn,.btn.btn-primary.btnControls' in '10' second(s)

2021-11-23 16:37:14 - [MESSAGE][INFO] - Smart Wait Function is triggered

2021-11-23 16:37:14 - [MESSAGE][INFO] - Found 13 web elements with id: 'Object Repository/Butonlar/Butonlar' located by 'By.cssSelector: .panel.panel-default.text-center.footerPanel .btn,.btn.btn-primary.btnControls' in '10' second(s)

2021-11-23 16:37:14 - [MESSAGE][PASSED] - Method.TextDegerineEsitElementVarMi is PASSED

2021-11-23 16:37:14 - [MESSAGE][PASSED] - Call Test Case 'Test Cases/Butonlar/ButonVarMi' successfully

2021-11-23 16:37:14 - [MESSAGE][INFO] - Checking called Test Case

2021-11-23 16:37:14 - [MESSAGE][INFO] - Starting to call Test Case 'Test Cases/Butonlar/ButonVarMi'

2021-11-23 16:37:14 - [TEST_CASE][PASSED] - Test Cases/Butonlar/ButonVarMi: Test Cases/Butonlar/ButonVarMi

2021-11-23 16:37:14 - [TEST_STEP][PASSED] - Method.TextDegerineEsitElementVarMi(findTestObject("Butonlar/Butonlar"), Buton): Method.TextDegerineEsitElementVarMi is PASSED

2021-11-23 16:37:14 - [MESSAGE][INFO] - Finding Test Object 'Object Repository/Butonlar/Butonlar'

2021-11-23 16:37:14 - [MESSAGE][INFO] - Checking timeout

2021-11-23 16:37:14 - [MESSAGE][INFO] - Finding web element with id: 'Object Repository/Butonlar/Butonlar' located by 'By.cssSelector: .panel.panel-default.text-center.footerPanel .btn,.btn.btn-primary.btnControls' in '10' second(s)

2021-11-23 16:37:14 - [MESSAGE][INFO] - Smart Wait Function is triggered

2021-11-23 16:37:15 - [MESSAGE][INFO] - Found 13 web elements with id: 'Object Repository/Butonlar/Butonlar' located by 'By.cssSelector: .panel.panel-default.text-center.footerPanel .btn,.btn.btn-primary.btnControls' in '10' second(s)

2021-11-23 16:37:15 - [MESSAGE][PASSED] - Method.TextDegerineEsitElementVarMi is PASSED

2021-11-23 16:37:15 - [MESSAGE][PASSED] - Call Test Case 'Test Cases/Butonlar/ButonVarMi' successfully

2021-11-23 16:37:15 - [MESSAGE][INFO] - Checking called Test Case

2021-11-23 16:37:15 - [MESSAGE][INFO] - Starting to call Test Case 'Test Cases/Butonlar/ButonVarMi'

2021-11-23 16:37:15 - [TEST_CASE][PASSED] - Test Cases/Butonlar/ButonVarMi: Test Cases/Butonlar/ButonVarMi

2021-11-23 16:37:15 - [TEST_STEP][PASSED] - Method.TextDegerineEsitElementVarMi(findTestObject("Butonlar/Butonlar"), Buton): Method.TextDegerineEsitElementVarMi is PASSED

2021-11-23 16:37:15 - [MESSAGE][INFO] - Finding Test Object 'Object Repository/Butonlar/Butonlar'

2021-11-23 16:37:15 - [MESSAGE][INFO] - Checking timeout

2021-11-23 16:37:15 - [MESSAGE][INFO] - Finding web element with id: 'Object Repository/Butonlar/Butonlar' located by 'By.cssSelector: .panel.panel-default.text-center.footerPanel .btn,.btn.btn-primary.btnControls' in '10' second(s)

2021-11-23 16:37:15 - [MESSAGE][INFO] - Smart Wait Function is triggered

2021-11-23 16:37:15 - [MESSAGE][INFO] - Found 13 web elements with id: 'Object Repository/Butonlar/Butonlar' located by 'By.cssSelector: .panel.panel-default.text-center.footerPanel .btn,.btn.btn-primary.btnControls' in '10' second(s)

2021-11-23 16:37:15 - [MESSAGE][PASSED] - Method.TextDegerineEsitElementVarMi is PASSED

2021-11-23 16:37:15 - [MESSAGE][PASSED] - Call Test Case 'Test Cases/Butonlar/ButonVarMi' successfully

2021-11-23 16:37:15 - [MESSAGE][INFO] - Checking called Test Case

2021-11-23 16:37:15 - [MESSAGE][INFO] - Starting to call Test Case 'Test Cases/Butonlar/ButonVarMi'

2021-11-23 16:37:15 - [TEST_CASE][PASSED] - Test Cases/Butonlar/ButonVarMi: Test Cases/Butonlar/ButonVarMi

2021-11-23 16:37:15 - [TEST_STEP][PASSED] - Method.TextDegerineEsitElementVarMi(findTestObject("Butonlar/Butonlar"), Buton): Method.TextDegerineEsitElementVarMi is PASSED

2021-11-23 16:37:15 - [MESSAGE][INFO] - Finding Test Object 'Object Repository/Butonlar/Butonlar'

2021-11-23 16:37:15 - [MESSAGE][INFO] - Checking timeout

2021-11-23 16:37:15 - [MESSAGE][INFO] - Finding web element with id: 'Object Repository/Butonlar/Butonlar' located by 'By.cssSelector: .panel.panel-default.text-center.footerPanel .btn,.btn.btn-primary.btnControls' in '10' second(s)

2021-11-23 16:37:15 - [MESSAGE][INFO] - Smart Wait Function is triggered

2021-11-23 16:37:16 - [MESSAGE][INFO] - Found 13 web elements with id: 'Object Repository/Butonlar/Butonlar' located by 'By.cssSelector: .panel.panel-default.text-center.footerPanel .btn,.btn.btn-primary.btnControls' in '10' second(s)

2021-11-23 16:37:16 - [MESSAGE][PASSED] - Method.TextDegerineEsitElementVarMi is PASSED

2021-11-23 16:37:16 - [MESSAGE][PASSED] - Call Test Case 'Test Cases/Butonlar/ButonVarMi' successfully

2021-11-23 16:37:16 - [MESSAGE][INFO] - Checking called Test Case

2021-11-23 16:37:16 - [MESSAGE][INFO] - Starting to call Test Case 'Test Cases/Butonlar/ButonVarMi'

2021-11-23 16:37:16 - [TEST_CASE][PASSED] - Test Cases/Butonlar/ButonVarMi: Test Cases/Butonlar/ButonVarMi

2021-11-23 16:37:16 - [TEST_STEP][PASSED] - Method.TextDegerineEsitElementVarMi(findTestObject("Butonlar/Butonlar"), Buton): Method.TextDegerineEsitElementVarMi is PASSED

2021-11-23 16:37:16 - [MESSAGE][INFO] - Finding Test Object 'Object Repository/Butonlar/Butonlar'

2021-11-23 16:37:16 - [MESSAGE][INFO] - Checking timeout

2021-11-23 16:37:16 - [MESSAGE][INFO] - Finding web element with id: 'Object Repository/Butonlar/Butonlar' located by 'By.cssSelector: .panel.panel-default.text-center.footerPanel .btn,.btn.btn-primary.btnControls' in '10' second(s)

2021-11-23 16:37:16 - [MESSAGE][INFO] - Smart Wait Function is triggered

2021-11-23 16:37:16 - [MESSAGE][INFO] - Found 13 web elements with id: 'Object Repository/Butonlar/Butonlar' located by 'By.cssSelector: .panel.panel-default.text-center.footerPanel .btn,.btn.btn-primary.btnControls' in '10' second(s)

2021-11-23 16:37:16 - [MESSAGE][PASSED] - Method.TextDegerineEsitElementVarMi is PASSED

2021-11-23 16:37:16 - [MESSAGE][PASSED] - Call Test Case 'Test Cases/Butonlar/ButonVarMi' successfully

2021-11-23 16:37:16 - [MESSAGE][INFO] - Checking called Test Case

2021-11-23 16:37:16 - [MESSAGE][INFO] - Starting to call Test Case 'Test Cases/Butonlar/ButonVarMi'

2021-11-23 16:37:16 - [TEST_CASE][PASSED] - Test Cases/Butonlar/ButonVarMi: Test Cases/Butonlar/ButonVarMi

2021-11-23 16:37:16 - [TEST_STEP][PASSED] - Method.TextDegerineEsitElementVarMi(findTestObject("Butonlar/Butonlar"), Buton): Method.TextDegerineEsitElementVarMi is PASSED

2021-11-23 16:37:16 - [MESSAGE][INFO] - Finding Test Object 'Object Repository/Butonlar/Butonlar'

2021-11-23 16:37:17 - [MESSAGE][INFO] - Checking timeout

2021-11-23 16:37:17 - [MESSAGE][INFO] - Finding web element with id: 'Object Repository/Butonlar/Butonlar' located by 'By.cssSelector: .panel.panel-default.text-center.footerPanel .btn,.btn.btn-primary.btnControls' in '10' second(s)

2021-11-23 16:37:17 - [MESSAGE][INFO] - Smart Wait Function is triggered

2021-11-23 16:37:17 - [MESSAGE][INFO] - Found 13 web elements with id: 'Object Repository/Butonlar/Butonlar' located by 'By.cssSelector: .panel.panel-default.text-center.footerPanel .btn,.btn.btn-primary.btnControls' in '10' second(s)

2021-11-23 16:37:17 - [MESSAGE][PASSED] - Method.TextDegerineEsitElementVarMi is PASSED

2021-11-23 16:37:17 - [MESSAGE][PASSED] - Call Test Case 'Test Cases/Butonlar/ButonVarMi' successfully

2021-11-23 16:37:17 - [MESSAGE][INFO] - Checking called Test Case

2021-11-23 16:37:17 - [MESSAGE][INFO] - Starting to call Test Case 'Test Cases/Butonlar/ButonVarMi'

2021-11-23 16:37:17 - [TEST_CASE][PASSED] - Test Cases/Butonlar/ButonVarMi: Test Cases/Butonlar/ButonVarMi

2021-11-23 16:37:17 - [TEST_STEP][PASSED] - Method.TextDegerineEsitElementVarMi(findTestObject("Butonlar/Butonlar"), Buton): Method.TextDegerineEsitElementVarMi is PASSED

2021-11-23 16:37:17 - [MESSAGE][INFO] - Finding Test Object 'Object Repository/Butonlar/Butonlar'

2021-11-23 16:37:17 - [MESSAGE][INFO] - Checking timeout

2021-11-23 16:37:17 - [MESSAGE][INFO] - Finding web element with id: 'Object Repository/Butonlar/Butonlar' located by 'By.cssSelector: .panel.panel-default.text-center.footerPanel .btn,.btn.btn-primary.btnControls' in '10' second(s)

2021-11-23 16:37:17 - [MESSAGE][INFO] - Smart Wait Function is triggered

2021-11-23 16:37:17 - [MESSAGE][INFO] - Found 13 web elements with id: 'Object Repository/Butonlar/Butonlar' located by 'By.cssSelector: .panel.panel-default.text-center.footerPanel .btn,.btn.btn-primary.btnControls' in '10' second(s)

2021-11-23 16:37:18 - [MESSAGE][PASSED] - Method.TextDegerineEsitElementVarMi is PASSED

2021-11-23 16:37:18 - [MESSAGE][PASSED] - Call Test Case 'Test Cases/Butonlar/ButonVarMi' successfully

2021-11-23 16:37:18 - [MESSAGE][INFO] - Checking called Test Case

2021-11-23 16:37:18 - [MESSAGE][INFO] - Starting to call Test Case 'Test Cases/Butonlar/ButonVarMi'

2021-11-23 16:37:18 - [TEST_CASE][PASSED] - Test Cases/Butonlar/ButonVarMi: Test Cases/Butonlar/ButonVarMi

2021-11-23 16:37:18 - [TEST_STEP][PASSED] - Method.TextDegerineEsitElementVarMi(findTestObject("Butonlar/Butonlar"), Buton): Method.TextDegerineEsitElementVarMi is PASSED

2021-11-23 16:37:18 - [MESSAGE][INFO] - Finding Test Object 'Object Repository/Butonlar/Butonlar'

2021-11-23 16:37:18 - [MESSAGE][INFO] - Checking timeout

2021-11-23 16:37:18 - [MESSAGE][INFO] - Finding web element with id: 'Object Repository/Butonlar/Butonlar' located by 'By.cssSelector: .panel.panel-default.text-center.footerPanel .btn,.btn.btn-primary.btnControls' in '10' second(s)

2021-11-23 16:37:18 - [MESSAGE][INFO] - Smart Wait Function is triggered

2021-11-23 16:37:18 - [MESSAGE][INFO] - Found 13 web elements with id: 'Object Repository/Butonlar/Butonlar' located by 'By.cssSelector: .panel.panel-default.text-center.footerPanel .btn,.btn.btn-primary.btnControls' in '10' second(s)

2021-11-23 16:37:18 - [MESSAGE][PASSED] - Method.TextDegerineEsitElementVarMi is PASSED

2021-11-23 16:37:18 - [MESSAGE][PASSED] - Call Test Case 'Test Cases/Butonlar/ButonVarMi' successfully

2021-11-23 16:37:18 - [MESSAGE][INFO] - Checking called Test Case

2021-11-23 16:37:18 - [MESSAGE][INFO] - Starting to call Test Case 'Test Cases/Butonlar/ButonVarMi'

2021-11-23 16:37:18 - [TEST_CASE][PASSED] - Test Cases/Butonlar/ButonVarMi: Test Cases/Butonlar/ButonVarMi

2021-11-23 16:37:18 - [TEST_STEP][PASSED] - Method.TextDegerineEsitElementVarMi(findTestObject("Butonlar/Butonlar"), Buton): Method.TextDegerineEsitElementVarMi is PASSED

2021-11-23 16:37:18 - [MESSAGE][INFO] - Finding Test Object 'Object Repository/Butonlar/Butonlar'

2021-11-23 16:37:19 - [MESSAGE][INFO] - Checking timeout

2021-11-23 16:37:19 - [MESSAGE][INFO] - Finding web element with id: 'Object Repository/Butonlar/Butonlar' located by 'By.cssSelector: .panel.panel-default.text-center.footerPanel .btn,.btn.btn-primary.btnControls' in '10' second(s)

2021-11-23 16:37:19 - [MESSAGE][INFO] - Smart Wait Function is triggered

2021-11-23 16:37:19 - [MESSAGE][INFO] - Found 13 web elements with id: 'Object Repository/Butonlar/Butonlar' located by 'By.cssSelector: .panel.panel-default.text-center.footerPanel .btn,.btn.btn-primary.btnControls' in '10' second(s)

2021-11-23 16:37:19 - [MESSAGE][PASSED] - Method.TextDegerineEsitElementVarMi is PASSED

2021-11-23 16:37:19 - [MESSAGE][PASSED] - Call Test Case 'Test Cases/Butonlar/ButonVarMi' successfully

2021-11-23 16:37:19 - [MESSAGE][INFO] - Checking called Test Case

2021-11-23 16:37:19 - [MESSAGE][INFO] - Starting to call Test Case 'Test Cases/Butonlar/ButonVarMi'

2021-11-23 16:37:19 - [TEST_CASE][PASSED] - Test Cases/Butonlar/ButonVarMi: Test Cases/Butonlar/ButonVarMi

2021-11-23 16:37:19 - [TEST_STEP][PASSED] - Method.TextDegerineEsitElementVarMi(findTestObject("Butonlar/Butonlar"), Buton): Method.TextDegerineEsitElementVarMi is PASSED

2021-11-23 16:37:19 - [MESSAGE][INFO] - Finding Test Object 'Object Repository/Butonlar/Butonlar'

2021-11-23 16:37:19 - [MESSAGE][INFO] - Checking timeout

2021-11-23 16:37:19 - [MESSAGE][INFO] - Finding web element with id: 'Object Repository/Butonlar/Butonlar' located by 'By.cssSelector: .panel.panel-default.text-center.footerPanel .btn,.btn.btn-primary.btnControls' in '10' second(s)

2021-11-23 16:37:19 - [MESSAGE][INFO] - Smart Wait Function is triggered

2021-11-23 16:37:19 - [MESSAGE][INFO] - Found 13 web elements with id: 'Object Repository/Butonlar/Butonlar' located by 'By.cssSelector: .panel.panel-default.text-center.footerPanel .btn,.btn.btn-primary.btnControls' in '10' second(s)

2021-11-23 16:37:20 - [MESSAGE][PASSED] - Method.TextDegerineEsitElementVarMi is PASSED

2021-11-23 16:37:20 - [MESSAGE][PASSED] - Call Test Case 'Test Cases/Butonlar/ButonVarMi' successfully

2021-11-23 16:37:20 - [MESSAGE][INFO] - Checking called Test Case

2021-11-23 16:37:20 - [MESSAGE][INFO] - Starting to call Test Case 'Test Cases/Butonlar/ButonVarMi'

2021-11-23 16:37:20 - [TEST_CASE][PASSED] - Test Cases/Butonlar/ButonVarMi: Test Cases/Butonlar/ButonVarMi

2021-11-23 16:37:20 - [TEST_STEP][PASSED] - Method.TextDegerineEsitElementVarMi(findTestObject("Butonlar/Butonlar"), Buton): Method.TextDegerineEsitElementVarMi is PASSED

2021-11-23 16:37:20 - [MESSAGE][INFO] - Finding Test Object 'Object Repository/Butonlar/Butonlar'

2021-11-23 16:37:20 - [MESSAGE][INFO] - Checking timeout

2021-11-23 16:37:20 - [MESSAGE][INFO] - Finding web element with id: 'Object Repository/Butonlar/Butonlar' located by 'By.cssSelector: .panel.panel-default.text-center.footerPanel .btn,.btn.btn-primary.btnControls' in '10' second(s)

2021-11-23 16:37:20 - [MESSAGE][INFO] - Smart Wait Function is triggered

2021-11-23 16:37:20 - [MESSAGE][INFO] - Found 13 web elements with id: 'Object Repository/Butonlar/Butonlar' located by 'By.cssSelector: .panel.panel-default.text-center.footerPanel .btn,.btn.btn-primary.btnControls' in '10' second(s)

2021-11-23 16:37:20 - [MESSAGE][PASSED] - Method.TextDegerineEsitElementVarMi is PASSED

2021-11-23 16:37:20 - [MESSAGE][PASSED] - Call Test Case 'Test Cases/Butonlar/ButonVarMi' successfully

2021-11-23 16:37:20 - [MESSAGE][INFO] - Checking called Test Case

2021-11-23 16:37:20 - [MESSAGE][INFO] - Starting to call Test Case 'Test Cases/Butonlar/ButonaTikla'

2021-11-23 16:37:20 - [TEST_CASE][PASSED] - Test Cases/Butonlar/ButonaTikla: Test Cases/Butonlar/ButonaTikla

2021-11-23 16:37:20 - [TEST_STEP][PASSED] - Method.TextDegerineEsitElementeTiklaEquals(findTestObject("Butonlar/Butonlar"), Buton_Adi): Method.TextDegerineEsitElementeTiklaEquals is PASSED

2021-11-23 16:37:20 - [MESSAGE][INFO] - Finding Test Object 'Object Repository/Butonlar/Butonlar'

2021-11-23 16:37:21 - [MESSAGE][INFO] - Checking timeout

2021-11-23 16:37:21 - [MESSAGE][INFO] - Finding web element with id: 'Object Repository/Butonlar/Butonlar' located by 'By.cssSelector: .panel.panel-default.text-center.footerPanel .btn,.btn.btn-primary.btnControls' in '10' second(s)

2021-11-23 16:37:21 - [MESSAGE][INFO] - Smart Wait Function is triggered

2021-11-23 16:37:21 - [MESSAGE][INFO] - Found 13 web elements with id: 'Object Repository/Butonlar/Butonlar' located by 'By.cssSelector: .panel.panel-default.text-center.footerPanel .btn,.btn.btn-primary.btnControls' in '10' second(s)

2021-11-23 16:37:21 - [MESSAGE][PASSED] - Method.TextDegerineEsitElementeTiklaEquals is PASSED

2021-11-23 16:37:21 - [MESSAGE][PASSED] - Call Test Case 'Test Cases/Butonlar/ButonaTikla' successfully

2021-11-23 16:37:21 - [MESSAGE][INFO] - Checking called Test Case

2021-11-23 16:37:21 - [MESSAGE][INFO] - Starting to call Test Case 'Test Cases/Butonlar/AltButonVarMi'

2021-11-23 16:37:21 - [TEST_CASE][PASSED] - Test Cases/Butonlar/AltButonVarMi: Test Cases/Butonlar/AltButonVarMi

2021-11-23 16:37:22 - [TEST_STEP][PASSED] - Method.TextDegerineEsitElementVarMi(findTestObject("Butonlar/AltButonlar"), AltButon): Method.TextDegerineEsitElementVarMi is PASSED

2021-11-23 16:37:22 - [MESSAGE][INFO] - Finding Test Object 'Object Repository/Butonlar/AltButonlar'

2021-11-23 16:37:22 - [MESSAGE][INFO] - Checking timeout

2021-11-23 16:37:22 - [MESSAGE][INFO] - Finding web element with id: 'Object Repository/Butonlar/AltButonlar' located by 'By.cssSelector: .btn-group.open li>a' in '10' second(s)

2021-11-23 16:37:22 - [MESSAGE][INFO] - Smart Wait Function is triggered

2021-11-23 16:37:22 - [MESSAGE][INFO] - Found 2 web elements with id: 'Object Repository/Butonlar/AltButonlar' located by 'By.cssSelector: .btn-group.open li>a' in '10' second(s)

2021-11-23 16:37:22 - [MESSAGE][PASSED] - Method.TextDegerineEsitElementVarMi is PASSED

2021-11-23 16:37:22 - [MESSAGE][PASSED] - Call Test Case 'Test Cases/Butonlar/AltButonVarMi' successfully

2021-11-23 16:37:22 - [MESSAGE][INFO] - Checking called Test Case

2021-11-23 16:37:22 - [MESSAGE][INFO] - Starting to call Test Case 'Test Cases/Butonlar/AltButonVarMi'

2021-11-23 16:37:23 - [TEST_CASE][PASSED] - Test Cases/Butonlar/AltButonVarMi: Test Cases/Butonlar/AltButonVarMi

2021-11-23 16:37:23 - [TEST_STEP][PASSED] - Method.TextDegerineEsitElementVarMi(findTestObject("Butonlar/AltButonlar"), AltButon): Method.TextDegerineEsitElementVarMi is PASSED

2021-11-23 16:37:23 - [MESSAGE][INFO] - Finding Test Object 'Object Repository/Butonlar/AltButonlar'

2021-11-23 16:37:23 - [MESSAGE][INFO] - Checking timeout

2021-11-23 16:37:23 - [MESSAGE][INFO] - Finding web element with id: 'Object Repository/Butonlar/AltButonlar' located by 'By.cssSelector: .btn-group.open li>a' in '10' second(s)

2021-11-23 16:37:23 - [MESSAGE][INFO] - Smart Wait Function is triggered

2021-11-23 16:37:23 - [MESSAGE][INFO] - Found 2 web elements with id: 'Object Repository/Butonlar/AltButonlar' located by 'By.cssSelector: .btn-group.open li>a' in '10' second(s)

2021-11-23 16:37:23 - [MESSAGE][PASSED] - Method.TextDegerineEsitElementVarMi is PASSED

2021-11-23 16:37:23 - [MESSAGE][PASSED] - Call Test Case 'Test Cases/Butonlar/AltButonVarMi' successfully

2021-11-23 16:37:23 - [MESSAGE][INFO] - Checking called Test Case

2021-11-23 16:37:23 - [MESSAGE][INFO] - Starting to call Test Case 'Test Cases/Butonlar/ButonaTikla'

2021-11-23 16:37:23 - [TEST_CASE][PASSED] - Test Cases/Butonlar/ButonaTikla: Test Cases/Butonlar/ButonaTikla

2021-11-23 16:37:23 - [TEST_STEP][PASSED] - Method.TextDegerineEsitElementeTiklaEquals(findTestObject("Butonlar/Butonlar"), Buton_Adi): Method.TextDegerineEsitElementeTiklaEquals is PASSED

2021-11-23 16:37:23 - [MESSAGE][INFO] - Finding Test Object 'Object Repository/Butonlar/Butonlar'

2021-11-23 16:37:23 - [MESSAGE][INFO] - Checking timeout

2021-11-23 16:37:23 - [MESSAGE][INFO] - Finding web element with id: 'Object Repository/Butonlar/Butonlar' located by 'By.cssSelector: .panel.panel-default.text-center.footerPanel .btn,.btn.btn-primary.btnControls' in '10' second(s)

2021-11-23 16:37:23 - [MESSAGE][INFO] - Smart Wait Function is triggered

2021-11-23 16:37:23 - [MESSAGE][INFO] - Found 13 web elements with id: 'Object Repository/Butonlar/Butonlar' located by 'By.cssSelector: .panel.panel-default.text-center.footerPanel .btn,.btn.btn-primary.btnControls' in '10' second(s)

2021-11-23 16:37:24 - [MESSAGE][PASSED] - Method.TextDegerineEsitElementeTiklaEquals is PASSED

2021-11-23 16:37:24 - [MESSAGE][PASSED] - Call Test Case 'Test Cases/Butonlar/ButonaTikla' successfully

2021-11-23 16:37:24 - [MESSAGE][INFO] - Checking called Test Case

2021-11-23 16:37:24 - [MESSAGE][INFO] - Starting to call Test Case 'Test Cases/Butonlar/AltButonVarMi'

2021-11-23 16:37:24 - [TEST_CASE][PASSED] - Test Cases/Butonlar/AltButonVarMi: Test Cases/Butonlar/AltButonVarMi

2021-11-23 16:37:24 - [TEST_STEP][PASSED] - Method.TextDegerineEsitElementVarMi(findTestObject("Butonlar/AltButonlar"), AltButon): Method.TextDegerineEsitElementVarMi is PASSED

2021-11-23 16:37:24 - [MESSAGE][INFO] - Finding Test Object 'Object Repository/Butonlar/AltButonlar'

2021-11-23 16:37:24 - [MESSAGE][INFO] - Checking timeout

2021-11-23 16:37:24 - [MESSAGE][INFO] - Finding web element with id: 'Object Repository/Butonlar/AltButonlar' located by 'By.cssSelector: .btn-group.open li>a' in '10' second(s)

2021-11-23 16:37:24 - [MESSAGE][INFO] - Smart Wait Function is triggered

2021-11-23 16:37:24 - [MESSAGE][INFO] - Found 4 web elements with id: 'Object Repository/Butonlar/AltButonlar' located by 'By.cssSelector: .btn-group.open li>a' in '10' second(s)

2021-11-23 16:37:24 - [MESSAGE][PASSED] - Method.TextDegerineEsitElementVarMi is PASSED

2021-11-23 16:37:24 - [MESSAGE][PASSED] - Call Test Case 'Test Cases/Butonlar/AltButonVarMi' successfully

2021-11-23 16:37:24 - [MESSAGE][INFO] - Checking called Test Case

2021-11-23 16:37:24 - [MESSAGE][INFO] - Starting to call Test Case 'Test Cases/Butonlar/AltButonVarMi'

2021-11-23 16:37:24 - [TEST_CASE][PASSED] - Test Cases/Butonlar/AltButonVarMi: Test Cases/Butonlar/AltButonVarMi

2021-11-23 16:37:24 - [TEST_STEP][PASSED] - Method.TextDegerineEsitElementVarMi(findTestObject("Butonlar/AltButonlar"), AltButon): Method.TextDegerineEsitElementVarMi is PASSED

2021-11-23 16:37:24 - [MESSAGE][INFO] - Finding Test Object 'Object Repository/Butonlar/AltButonlar'

2021-11-23 16:37:24 - [MESSAGE][INFO] - Checking timeout

2021-11-23 16:37:24 - [MESSAGE][INFO] - Finding web element with id: 'Object Repository/Butonlar/AltButonlar' located by 'By.cssSelector: .btn-group.open li>a' in '10' second(s)

2021-11-23 16:37:24 - [MESSAGE][INFO] - Smart Wait Function is triggered

2021-11-23 16:37:25 - [MESSAGE][INFO] - Found 4 web elements with id: 'Object Repository/Butonlar/AltButonlar' located by 'By.cssSelector: .btn-group.open li>a' in '10' second(s)

2021-11-23 16:37:25 - [MESSAGE][PASSED] - Method.TextDegerineEsitElementVarMi is PASSED

2021-11-23 16:37:25 - [MESSAGE][PASSED] - Call Test Case 'Test Cases/Butonlar/AltButonVarMi' successfully

2021-11-23 16:37:25 - [MESSAGE][INFO] - Checking called Test Case

2021-11-23 16:37:25 - [MESSAGE][INFO] - Starting to call Test Case 'Test Cases/Butonlar/ButonaTikla'

2021-11-23 16:37:25 - [TEST_CASE][PASSED] - Test Cases/Butonlar/ButonaTikla: Test Cases/Butonlar/ButonaTikla

2021-11-23 16:37:25 - [TEST_STEP][PASSED] - Method.TextDegerineEsitElementeTiklaEquals(findTestObject("Butonlar/Butonlar"), Buton_Adi): Method.TextDegerineEsitElementeTiklaEquals is PASSED

2021-11-23 16:37:25 - [MESSAGE][INFO] - Finding Test Object 'Object Repository/Butonlar/Butonlar'

2021-11-23 16:37:25 - [MESSAGE][INFO] - Checking timeout

2021-11-23 16:37:25 - [MESSAGE][INFO] - Finding web element with id: 'Object Repository/Butonlar/Butonlar' located by 'By.cssSelector: .panel.panel-default.text-center.footerPanel .btn,.btn.btn-primary.btnControls' in '10' second(s)

2021-11-23 16:37:25 - [MESSAGE][INFO] - Smart Wait Function is triggered

2021-11-23 16:37:25 - [MESSAGE][INFO] - Found 13 web elements with id: 'Object Repository/Butonlar/Butonlar' located by 'By.cssSelector: .panel.panel-default.text-center.footerPanel .btn,.btn.btn-primary.btnControls' in '10' second(s)

2021-11-23 16:37:25 - [MESSAGE][PASSED] - Method.TextDegerineEsitElementeTiklaEquals is PASSED

2021-11-23 16:37:25 - [MESSAGE][PASSED] - Call Test Case 'Test Cases/Butonlar/ButonaTikla' successfully

2021-11-23 16:37:25 - [MESSAGE][INFO] - Checking called Test Case

2021-11-23 16:37:25 - [MESSAGE][INFO] - Starting to call Test Case 'Test Cases/Butonlar/AltButonVarMi'

2021-11-23 16:37:25 - [TEST_CASE][PASSED] - Test Cases/Butonlar/AltButonVarMi: Test Cases/Butonlar/AltButonVarMi

2021-11-23 16:37:25 - [TEST_STEP][PASSED] - Method.TextDegerineEsitElementVarMi(findTestObject("Butonlar/AltButonlar"), AltButon): Method.TextDegerineEsitElementVarMi is PASSED

2021-11-23 16:37:25 - [MESSAGE][INFO] - Finding Test Object 'Object Repository/Butonlar/AltButonlar'

2021-11-23 16:37:25 - [MESSAGE][INFO] - Checking timeout

2021-11-23 16:37:25 - [MESSAGE][INFO] - Finding web element with id: 'Object Repository/Butonlar/AltButonlar' located by 'By.cssSelector: .btn-group.open li>a' in '10' second(s)

2021-11-23 16:37:25 - [MESSAGE][INFO] - Smart Wait Function is triggered

2021-11-23 16:37:26 - [MESSAGE][INFO] - Found 2 web elements with id: 'Object Repository/Butonlar/AltButonlar' located by 'By.cssSelector: .btn-group.open li>a' in '10' second(s)

2021-11-23 16:37:26 - [MESSAGE][PASSED] - Method.TextDegerineEsitElementVarMi is PASSED

2021-11-23 16:37:26 - [MESSAGE][PASSED] - Call Test Case 'Test Cases/Butonlar/AltButonVarMi' successfully

2021-11-23 16:37:26 - [MESSAGE][INFO] - Checking called Test Case

2021-11-23 16:37:26 - [MESSAGE][INFO] - Starting to call Test Case 'Test Cases/Butonlar/AltButonVarMi'

2021-11-23 16:37:26 - [TEST_CASE][PASSED] - Test Cases/Butonlar/AltButonVarMi: Test Cases/Butonlar/AltButonVarMi

2021-11-23 16:37:26 - [TEST_STEP][PASSED] - Method.TextDegerineEsitElementVarMi(findTestObject("Butonlar/AltButonlar"), AltButon): Method.TextDegerineEsitElementVarMi is PASSED

2021-11-23 16:37:26 - [MESSAGE][INFO] - Finding Test Object 'Object Repository/Butonlar/AltButonlar'

2021-11-23 16:37:26 - [MESSAGE][INFO] - Checking timeout

2021-11-23 16:37:26 - [MESSAGE][INFO] - Finding web element with id: 'Object Repository/Butonlar/AltButonlar' located by 'By.cssSelector: .btn-group.open li>a' in '10' second(s)

2021-11-23 16:37:26 - [MESSAGE][INFO] - Smart Wait Function is triggered

2021-11-23 16:37:26 - [MESSAGE][INFO] - Found 2 web elements with id: 'Object Repository/Butonlar/AltButonlar' located by 'By.cssSelector: .btn-group.open li>a' in '10' second(s)

2021-11-23 16:37:26 - [MESSAGE][PASSED] - Method.TextDegerineEsitElementVarMi is PASSED

2021-11-23 16:37:26 - [MESSAGE][PASSED] - Call Test Case 'Test Cases/Butonlar/AltButonVarMi' successfully

2021-11-23 16:37:26 - [MESSAGE][INFO] - Checking called Test Case

2021-11-23 16:37:26 - [MESSAGE][INFO] - Starting to call Test Case 'Test Cases/Butonlar/ButonaTikla'

2021-11-23 16:37:26 - [TEST_CASE][PASSED] - Test Cases/Butonlar/ButonaTikla: Test Cases/Butonlar/ButonaTikla

2021-11-23 16:37:26 - [TEST_STEP][PASSED] - Method.TextDegerineEsitElementeTiklaEquals(findTestObject("Butonlar/Butonlar"), Buton_Adi): Method.TextDegerineEsitElementeTiklaEquals is PASSED

2021-11-23 16:37:26 - [MESSAGE][INFO] - Finding Test Object 'Object Repository/Butonlar/Butonlar'

2021-11-23 16:37:26 - [MESSAGE][INFO] - Checking timeout

2021-11-23 16:37:26 - [MESSAGE][INFO] - Finding web element with id: 'Object Repository/Butonlar/Butonlar' located by 'By.cssSelector: .panel.panel-default.text-center.footerPanel .btn,.btn.btn-primary.btnControls' in '10' second(s)

2021-11-23 16:37:26 - [MESSAGE][INFO] - Smart Wait Function is triggered

2021-11-23 16:37:27 - [MESSAGE][INFO] - Found 13 web elements with id: 'Object Repository/Butonlar/Butonlar' located by 'By.cssSelector: .panel.panel-default.text-center.footerPanel .btn,.btn.btn-primary.btnControls' in '10' second(s)

2021-11-23 16:37:27 - [MESSAGE][PASSED] - Method.TextDegerineEsitElementeTiklaEquals is PASSED

2021-11-23 16:37:27 - [MESSAGE][PASSED] - Call Test Case 'Test Cases/Butonlar/ButonaTikla' successfully

2021-11-23 16:37:27 - [MESSAGE][INFO] - Checking called Test Case

2021-11-23 16:37:27 - [MESSAGE][INFO] - Starting to call Test Case 'Test Cases/Butonlar/AltButonVarMi'

2021-11-23 16:37:27 - [TEST_CASE][PASSED] - Test Cases/Butonlar/AltButonVarMi: Test Cases/Butonlar/AltButonVarMi

2021-11-23 16:37:27 - [TEST_STEP][PASSED] - Method.TextDegerineEsitElementVarMi(findTestObject("Butonlar/AltButonlar"), AltButon): Method.TextDegerineEsitElementVarMi is PASSED

2021-11-23 16:37:27 - [MESSAGE][INFO] - Finding Test Object 'Object Repository/Butonlar/AltButonlar'

2021-11-23 16:37:27 - [MESSAGE][INFO] - Checking timeout

2021-11-23 16:37:27 - [MESSAGE][INFO] - Finding web element with id: 'Object Repository/Butonlar/AltButonlar' located by 'By.cssSelector: .btn-group.open li>a' in '10' second(s)

2021-11-23 16:37:27 - [MESSAGE][INFO] - Smart Wait Function is triggered

2021-11-23 16:37:28 - [MESSAGE][INFO] - Found 2 web elements with id: 'Object Repository/Butonlar/AltButonlar' located by 'By.cssSelector: .btn-group.open li>a' in '10' second(s)

2021-11-23 16:37:28 - [MESSAGE][PASSED] - Method.TextDegerineEsitElementVarMi is PASSED

2021-11-23 16:37:28 - [MESSAGE][PASSED] - Call Test Case 'Test Cases/Butonlar/AltButonVarMi' successfully

2021-11-23 16:37:28 - [MESSAGE][INFO] - Checking called Test Case

2021-11-23 16:37:28 - [MESSAGE][INFO] - Starting to call Test Case 'Test Cases/Kullanici_Islemleri/KullaniciIslemlerindenSecimYapilir'

2021-11-23 16:37:28 - [TEST_CASE][PASSED] - Test Cases/Kullanici_Islemleri/KullaniciIslemlerindenSecimYapilir: Test Cases/Kullanici_Islemleri/KullaniciIslemlerindenSecimYapilir

2021-11-23 16:37:28 - [TEST_STEP][PASSED] - waitForElementClickable(findTestObject("Object Repository/Kullanici_Islemleri/KullaniciIslemleri"), 10): Object 'Object Repository/Kullanici_Islemleri/KullaniciIslemleri' is clickable

2021-11-23 16:37:28 - [MESSAGE][INFO] - Finding Test Object 'Object Repository/Kullanici_Islemleri/KullaniciIslemleri'

2021-11-23 16:37:28 - [MESSAGE][INFO] - Checking object

2021-11-23 16:37:28 - [MESSAGE][INFO] - Checking timeout

2021-11-23 16:37:28 - [MESSAGE][INFO] - Finding web element from Test Object's properties

2021-11-23 16:37:28 - [MESSAGE][INFO] - Checking timeout

2021-11-23 16:37:28 - [MESSAGE][INFO] - Finding web element with id: 'Object Repository/Kullanici_Islemleri/KullaniciIslemleri' located by 'By.cssSelector: .dropdown>a>img' in '10' second(s)

2021-11-23 16:37:28 - [MESSAGE][INFO] - Smart Wait Function is triggered

2021-11-23 16:37:28 - [MESSAGE][INFO] - Found 1 web elements with id: 'Object Repository/Kullanici_Islemleri/KullaniciIslemleri' located by 'By.cssSelector: .dropdown>a>img' in '10' second(s)

2021-11-23 16:37:28 - [MESSAGE][PASSED] - Object 'Object Repository/Kullanici_Islemleri/KullaniciIslemleri' is clickable

2021-11-23 16:37:28 - [TEST_STEP][PASSED] - click(findTestObject("Object Repository/Kullanici_Islemleri/KullaniciIslemleri")): Object: 'Object Repository/Kullanici_Islemleri/KullaniciIslemleri' is clicked on

2021-11-23 16:37:28 - [MESSAGE][INFO] - Finding Test Object 'Object Repository/Kullanici_Islemleri/KullaniciIslemleri'

2021-11-23 16:37:28 - [MESSAGE][INFO] - Checking object

2021-11-23 16:37:28 - [MESSAGE][INFO] - Finding web element from Test Object's properties

2021-11-23 16:37:28 - [MESSAGE][INFO] - Checking timeout

2021-11-23 16:37:28 - [MESSAGE][INFO] - Finding web element with id: 'Object Repository/Kullanici_Islemleri/KullaniciIslemleri' located by 'By.cssSelector: .dropdown>a>img' in '30' second(s)

2021-11-23 16:37:28 - [MESSAGE][INFO] - Smart Wait Function is triggered

2021-11-23 16:37:28 - [MESSAGE][INFO] - Found 1 web elements with id: 'Object Repository/Kullanici_Islemleri/KullaniciIslemleri' located by 'By.cssSelector: .dropdown>a>img' in '30' second(s)

2021-11-23 16:37:28 - [MESSAGE][INFO] - Clicking on object: 'Object Repository/Kullanici_Islemleri/KullaniciIslemleri'

2021-11-23 16:37:28 - [MESSAGE][PASSED] - Object: 'Object Repository/Kullanici_Islemleri/KullaniciIslemleri' is clicked on

2021-11-23 16:37:29 - [TEST_STEP][PASSED] - Method.TextDegerineEsitElementeTikla(findTestObject("Object Repository/Kullanici_Islemleri/Secenekler"), Islem): Method.TextDegerineEsitElementeTikla is PASSED

2021-11-23 16:37:29 - [MESSAGE][INFO] - Finding Test Object 'Object Repository/Kullanici_Islemleri/Secenekler'

2021-11-23 16:37:29 - [MESSAGE][INFO] - Checking timeout

2021-11-23 16:37:29 - [MESSAGE][INFO] - Finding web element with id: 'Object Repository/Kullanici_Islemleri/Secenekler' located by 'By.cssSelector: .nav.navbar-nav.navbar-right li a' in '10' second(s)

2021-11-23 16:37:29 - [MESSAGE][INFO] - Smart Wait Function is triggered

2021-11-23 16:37:29 - [MESSAGE][INFO] - Found 22 web elements with id: 'Object Repository/Kullanici_Islemleri/Secenekler' located by 'By.cssSelector: .nav.navbar-nav.navbar-right li a' in '10' second(s)

2021-11-23 16:37:31 - [MESSAGE][PASSED] - Method.TextDegerineEsitElementeTikla is PASSED

2021-11-23 16:37:31 - [TEST_STEP][PASSED] - verifyElementNotPresent(findTestObject("Object Repository/Kullanici_Islemleri/Secenekler"), 10): Web element with id: 'Object Repository/Kullanici_Islemleri/Secenekler' located by 'By.cssSelector: .nav.navbar-nav.navbar-right li a' is not present after '10' second(s)

2021-11-23 16:37:31 - [MESSAGE][INFO] - Finding Test Object 'Object Repository/Kullanici_Islemleri/Secenekler'

2021-11-23 16:37:31 - [MESSAGE][INFO] - Checking object

2021-11-23 16:37:31 - [MESSAGE][INFO] - Checking timeout

2021-11-23 16:37:31 - [MESSAGE][INFO] - Finding web element with id: 'Object Repository/Kullanici_Islemleri/Secenekler' located by 'By.cssSelector: .nav.navbar-nav.navbar-right li a' in '10' second(s)

2021-11-23 16:37:31 - [MESSAGE][INFO] - Smart Wait Function is triggered

2021-11-23 16:37:31 - [MESSAGE][PASSED] - Web element with id: 'Object Repository/Kullanici_Islemleri/Secenekler' located by 'By.cssSelector: .nav.navbar-nav.navbar-right li a' is not present after '10' second(s)

2021-11-23 16:37:31 - [MESSAGE][PASSED] - Call Test Case 'Test Cases/Kullanici_Islemleri/KullaniciIslemlerindenSecimYapilir' successfully

2021-11-23 16:37:31 - [TEST_CASE][PASSED] - Start Test Case : SCENARIO e-Mustahsil Makbuzlari Buton Kontrolu: SCENARIO e-Mustahsil Makbuzlari Buton Kontrolu

2021-11-23 16:37:31 - [TEST_STEP][PASSED] - Kullanıcı adı ELOGO6 ve Şifre 123456 olarak giriş yapılır: Kullanıcı adı ELOGO6 ve Şifre 123456 olarak giriş yapılır

2021-11-23 16:37:31 - [MESSAGE][PASSED] - Kullanıcı adı ELOGO6 ve Şifre 123456 olarak giriş yapılır

2021-11-23 16:37:31 - [TEST_STEP][PASSED] - Ana menüden e-Makbuz seçilir: Ana menüden e-Makbuz seçilir

2021-11-23 16:37:31 - [MESSAGE][PASSED] - Ana menüden e-Makbuz seçilir

2021-11-23 16:37:31 - [TEST_STEP][PASSED] - Alt menü e-Müstahsil Uygulaması başlığı altındaki e-Müstahsil Makbuzları seçilir: Alt menü e-Müstahsil Uygulaması başlığı altındaki e-Müstahsil Makbuzları seçilir

2021-11-23 16:37:31 - [MESSAGE][PASSED] - Alt menü e-Müstahsil Uygulaması başlığı altındaki e-Müstahsil Makbuzları seçilir

2021-11-23 16:37:31 - [TEST_STEP][PASSED] - Filtrelerden Oluşturma Tarihi filtresine 01.01.2020 baslangic degerini yaz: Filtrelerden Oluşturma Tarihi filtresine 01.01.2020 baslangic degerini yaz

2021-11-23 16:37:31 - [MESSAGE][PASSED] - Filtrelerden Oluşturma Tarihi filtresine 01.01.2020 baslangic degerini yaz

2021-11-23 16:37:31 - [TEST_STEP][PASSED] - Filtrelerden Oluşturma Tarihi filtresine 31.12.2020 bitis degerini yaz: Filtrelerden Oluşturma Tarihi filtresine 31.12.2020 bitis degerini yaz

2021-11-23 16:37:31 - [MESSAGE][PASSED] - Filtrelerden Oluşturma Tarihi filtresine 31.12.2020 bitis degerini yaz

2021-11-23 16:37:31 - [TEST_STEP][PASSED] - Filtre butonlarından Listele seçilir: Filtre butonlarından Listele seçilir

2021-11-23 16:37:31 - [MESSAGE][PASSED] - Filtre butonlarından Listele seçilir

2021-11-23 16:37:31 - [TEST_STEP][PASSED] - Tablodan ELOGO5 isimli verinin detayı tıklanır: Tablodan ELOGO5 isimli verinin detayı tıklanır

2021-11-23 16:37:31 - [MESSAGE][PASSED] - Tablodan ELOGO5 isimli verinin detayı tıklanır

2021-11-23 16:37:31 - [TEST_STEP][PASSED] - Tablodan ELOGO5 isimli verinin detayı tıklanır: Tablodan ELOGO5 isimli verinin detayı tıklanır

2021-11-23 16:37:31 - [MESSAGE][PASSED] - Tablodan ELOGO5 isimli verinin detayı tıklanır

2021-11-23 16:37:31 - [TEST_STEP][PASSED] - Listelenen öğe sayısı Sayfa 1 / 1 (2 öğe) mi: Listelenen öğe sayısı Sayfa 1 / 1 (2 öğe) mi

2021-11-23 16:37:31 - [MESSAGE][PASSED] - Listelenen öğe sayısı Sayfa 1 / 1 (2 öğe) mi

2021-11-23 16:37:31 - [TEST_STEP][PASSED] - Anasayfaya geri dönülür: Anasayfaya geri dönülür

2021-11-23 16:37:31 - [MESSAGE][PASSED] - Anasayfaya geri dönülür

2021-11-23 16:37:31 - [TEST_STEP][PASSED] - Ana menüden e-Makbuz seçilir: Ana menüden e-Makbuz seçilir

2021-11-23 16:37:31 - [MESSAGE][PASSED] - Ana menüden e-Makbuz seçilir

2021-11-23 16:37:31 - [TEST_STEP][PASSED] - Alt menü e-Müstahsil Uygulaması başlığı altındaki e-Müstahsil Makbuzları seçilir: Alt menü e-Müstahsil Uygulaması başlığı altındaki e-Müstahsil Makbuzları seçilir

2021-11-23 16:37:31 - [MESSAGE][PASSED] - Alt menü e-Müstahsil Uygulaması başlığı altındaki e-Müstahsil Makbuzları seçilir

2021-11-23 16:37:31 - [TEST_STEP][PASSED] - Filtrelerden Oluşturma Tarihi filtresine 01.01.2020 baslangic degerini yaz: Filtrelerden Oluşturma Tarihi filtresine 01.01.2020 baslangic degerini yaz

2021-11-23 16:37:31 - [MESSAGE][PASSED] - Filtrelerden Oluşturma Tarihi filtresine 01.01.2020 baslangic degerini yaz

2021-11-23 16:37:31 - [TEST_STEP][PASSED] - Filtrelerden Oluşturma Tarihi filtresine 31.12.2020 bitis degerini yaz: Filtrelerden Oluşturma Tarihi filtresine 31.12.2020 bitis degerini yaz

2021-11-23 16:37:31 - [MESSAGE][PASSED] - Filtrelerden Oluşturma Tarihi filtresine 31.12.2020 bitis degerini yaz

2021-11-23 16:37:31 - [TEST_STEP][PASSED] - Filtrelerden Makbuz Tarihi filtresine 01.11.2020 baslangic degerini yaz: Filtrelerden Makbuz Tarihi filtresine 01.11.2020 baslangic degerini yaz

2021-11-23 16:37:31 - [MESSAGE][PASSED] - Filtrelerden Makbuz Tarihi filtresine 01.11.2020 baslangic degerini yaz

2021-11-23 16:37:31 - [TEST_STEP][PASSED] - Filtrelerden Makbuz Tarihi filtresine 27.11.2020 bitis degerini yaz: Filtrelerden Makbuz Tarihi filtresine 27.11.2020 bitis degerini yaz

2021-11-23 16:37:31 - [MESSAGE][PASSED] - Filtrelerden Makbuz Tarihi filtresine 27.11.2020 bitis degerini yaz

2021-11-23 16:37:31 - [TEST_STEP][PASSED] - Filtre butonlarından Listele seçilir: Filtre butonlarından Listele seçilir

2021-11-23 16:37:31 - [MESSAGE][PASSED] - Filtre butonlarından Listele seçilir

2021-11-23 16:37:31 - [TEST_STEP][PASSED] - Listelenen öğe sayısı Sayfa 1 / 1 (1 öğe) mi: Listelenen öğe sayısı Sayfa 1 / 1 (1 öğe) mi

2021-11-23 16:37:31 - [MESSAGE][PASSED] - Listelenen öğe sayısı Sayfa 1 / 1 (1 öğe) mi

2021-11-23 16:37:31 - [TEST_STEP][PASSED] - Filtre alanlarında Oluşturma Tarihi var mı: Filtre alanlarında Oluşturma Tarihi var mı

2021-11-23 16:37:31 - [MESSAGE][PASSED] - Filtre alanlarında Oluşturma Tarihi var mı

2021-11-23 16:37:31 - [TEST_STEP][PASSED] - Filtre alanlarında Müstahsil Ad Soyad var mı: Filtre alanlarında Müstahsil Ad Soyad var mı

2021-11-23 16:37:31 - [MESSAGE][PASSED] - Filtre alanlarında Müstahsil Ad Soyad var mı

2021-11-23 16:37:31 - [TEST_STEP][PASSED] - Filtre alanlarında Müstahsil TCKN var mı: Filtre alanlarında Müstahsil TCKN var mı

2021-11-23 16:37:31 - [MESSAGE][PASSED] - Filtre alanlarında Müstahsil TCKN var mı

2021-11-23 16:37:31 - [TEST_STEP][PASSED] - Filtre alanlarında ETTN var mı: Filtre alanlarında ETTN var mı

2021-11-23 16:37:31 - [MESSAGE][PASSED] - Filtre alanlarında ETTN var mı

2021-11-23 16:37:31 - [TEST_STEP][PASSED] - Filtre alanlarında Makbuz No var mı: Filtre alanlarında Makbuz No var mı

2021-11-23 16:37:31 - [MESSAGE][PASSED] - Filtre alanlarında Makbuz No var mı

2021-11-23 16:37:31 - [TEST_STEP][PASSED] - Filtre alanlarında Atanan Departman var mı: Filtre alanlarında Atanan Departman var mı

2021-11-23 16:37:31 - [MESSAGE][PASSED] - Filtre alanlarında Atanan Departman var mı

2021-11-23 16:37:31 - [TEST_STEP][PASSED] - Filtre alanlarında Makbuz Tarihi var mı: Filtre alanlarında Makbuz Tarihi var mı

2021-11-23 16:37:31 - [MESSAGE][PASSED] - Filtre alanlarında Makbuz Tarihi var mı

2021-11-23 16:37:31 - [TEST_STEP][PASSED] - Filtre alanlarında Toplam Tutar var mı: Filtre alanlarında Toplam Tutar var mı

2021-11-23 16:37:31 - [MESSAGE][PASSED] - Filtre alanlarında Toplam Tutar var mı

2021-11-23 16:37:31 - [TEST_STEP][PASSED] - Filtre alanlarında Vergi Kesintisi Toplamı var mı: Filtre alanlarında Vergi Kesintisi Toplamı var mı

2021-11-23 16:37:31 - [MESSAGE][PASSED] - Filtre alanlarında Vergi Kesintisi Toplamı var mı

2021-11-23 16:37:31 - [TEST_STEP][PASSED] - Filtre alanlarında Ödenecek Tutar var mı: Filtre alanlarında Ödenecek Tutar var mı

2021-11-23 16:37:31 - [MESSAGE][PASSED] - Filtre alanlarında Ödenecek Tutar var mı

2021-11-23 16:37:31 - [TEST_STEP][PASSED] - Filtre alanlarında İptal Tarihi var mı: Filtre alanlarında İptal Tarihi var mı

2021-11-23 16:37:31 - [MESSAGE][PASSED] - Filtre alanlarında İptal Tarihi var mı

2021-11-23 16:37:31 - [TEST_STEP][PASSED] - Filtre alanlarında Durum var mı: Filtre alanlarında Durum var mı

2021-11-23 16:37:31 - [MESSAGE][PASSED] - Filtre alanlarında Durum var mı

2021-11-23 16:37:31 - [TEST_STEP][PASSED] - Filtre alanlarında Rapor Bilgisi var mı: Filtre alanlarında Rapor Bilgisi var mı

2021-11-23 16:37:31 - [MESSAGE][PASSED] - Filtre alanlarında Rapor Bilgisi var mı

2021-11-23 16:37:31 - [TEST_STEP][PASSED] - Filtre alanlarında Belge Statüsü var mı: Filtre alanlarında Belge Statüsü var mı

2021-11-23 16:37:31 - [MESSAGE][PASSED] - Filtre alanlarında Belge Statüsü var mı

2021-11-23 16:37:31 - [TEST_STEP][PASSED] - Filtre butonlarında Filtreleri Kaydet var mı: Filtre butonlarında Filtreleri Kaydet var mı

2021-11-23 16:37:31 - [MESSAGE][PASSED] - Filtre butonlarında Filtreleri Kaydet var mı

2021-11-23 16:37:31 - [TEST_STEP][PASSED] - Filtre butonlarında Listele var mı: Filtre butonlarında Listele var mı

2021-11-23 16:37:31 - [MESSAGE][PASSED] - Filtre butonlarında Listele var mı

2021-11-23 16:37:31 - [TEST_STEP][PASSED] - Filtre butonlarında Temizle var mı: Filtre butonlarında Temizle var mı

2021-11-23 16:37:31 - [MESSAGE][PASSED] - Filtre butonlarında Temizle var mı

2021-11-23 16:37:31 - [TEST_STEP][PASSED] - Butonlardan Excel var mı: Butonlardan Excel var mı

2021-11-23 16:37:31 - [MESSAGE][PASSED] - Butonlardan Excel var mı

2021-11-23 16:37:31 - [TEST_STEP][PASSED] - Butonlardan Toplu İndirme var mı: Butonlardan Toplu İndirme var mı

2021-11-23 16:37:31 - [MESSAGE][PASSED] - Butonlardan Toplu İndirme var mı

2021-11-23 16:37:31 - [TEST_STEP][PASSED] - Butonlardan Yazdır var mı: Butonlardan Yazdır var mı

2021-11-23 16:37:31 - [MESSAGE][PASSED] - Butonlardan Yazdır var mı

2021-11-23 16:37:31 - [TEST_STEP][PASSED] - Butonlardan UBL var mı: Butonlardan UBL var mı

2021-11-23 16:37:31 - [MESSAGE][PASSED] - Butonlardan UBL var mı

2021-11-23 16:37:31 - [TEST_STEP][PASSED] - Butonlardan PDF var mı: Butonlardan PDF var mı

2021-11-23 16:37:31 - [MESSAGE][PASSED] - Butonlardan PDF var mı

2021-11-23 16:37:31 - [TEST_STEP][PASSED] - Butonlardan İptal Et var mı: Butonlardan İptal Et var mı

2021-11-23 16:37:31 - [MESSAGE][PASSED] - Butonlardan İptal Et var mı

2021-11-23 16:37:31 - [TEST_STEP][PASSED] - Butonlardan İptal Geri Al var mı: Butonlardan İptal Geri Al var mı

2021-11-23 16:37:31 - [MESSAGE][PASSED] - Butonlardan İptal Geri Al var mı

2021-11-23 16:37:31 - [TEST_STEP][PASSED] - Butonlardan İzleme Kayıtları var mı: Butonlardan İzleme Kayıtları var mı

2021-11-23 16:37:31 - [MESSAGE][PASSED] - Butonlardan İzleme Kayıtları var mı

2021-11-23 16:37:31 - [TEST_STEP][PASSED] - Butonlardan Departman Ata var mı: Butonlardan Departman Ata var mı

2021-11-23 16:37:31 - [MESSAGE][PASSED] - Butonlardan Departman Ata var mı

2021-11-23 16:37:31 - [TEST_STEP][PASSED] - Butonlardan Departman Geri Al var mı: Butonlardan Departman Geri Al var mı

2021-11-23 16:37:31 - [MESSAGE][PASSED] - Butonlardan Departman Geri Al var mı

2021-11-23 16:37:31 - [TEST_STEP][PASSED] - Butonlardan Statü Ata var mı: Butonlardan Statü Ata var mı

2021-11-23 16:37:31 - [MESSAGE][PASSED] - Butonlardan Statü Ata var mı

2021-11-23 16:37:31 - [TEST_STEP][PASSED] - Butonlardan Excel isimli butona tıklanır: Butonlardan Excel isimli butona tıklanır

2021-11-23 16:37:31 - [MESSAGE][PASSED] - Butonlardan Excel isimli butona tıklanır

2021-11-23 16:37:31 - [TEST_STEP][PASSED] - Alt butonlardan Excel 'e Aktar var mı: Alt butonlardan Excel 'e Aktar var mı

2021-11-23 16:37:31 - [MESSAGE][PASSED] - Alt butonlardan Excel 'e Aktar var mı

2021-11-23 16:37:31 - [TEST_STEP][PASSED] - Alt butonlardan Tümünü Excel 'e Aktar var mı: Alt butonlardan Tümünü Excel 'e Aktar var mı

2021-11-23 16:37:31 - [MESSAGE][PASSED] - Alt butonlardan Tümünü Excel 'e Aktar var mı

2021-11-23 16:37:31 - [TEST_STEP][PASSED] - Butonlardan Toplu İndirme isimli butona tıklanır: Butonlardan Toplu İndirme isimli butona tıklanır

2021-11-23 16:37:31 - [MESSAGE][PASSED] - Butonlardan Toplu İndirme isimli butona tıklanır

2021-11-23 16:37:31 - [TEST_STEP][PASSED] - Alt butonlardan PDF Seçilenleri İndir var mı: Alt butonlardan PDF Seçilenleri İndir var mı

2021-11-23 16:37:31 - [MESSAGE][PASSED] - Alt butonlardan PDF Seçilenleri İndir var mı

2021-11-23 16:37:31 - [TEST_STEP][PASSED] - Alt butonlardan PDF Tümünü İndir var mı: Alt butonlardan PDF Tümünü İndir var mı

2021-11-23 16:37:31 - [MESSAGE][PASSED] - Alt butonlardan PDF Tümünü İndir var mı

2021-11-23 16:37:31 - [TEST_STEP][PASSED] - Butonlardan PDF isimli butona tıklanır: Butonlardan PDF isimli butona tıklanır

2021-11-23 16:37:31 - [MESSAGE][PASSED] - Butonlardan PDF isimli butona tıklanır

2021-11-23 16:37:31 - [TEST_STEP][PASSED] - Alt butonlardan Göster var mı: Alt butonlardan Göster var mı

2021-11-23 16:37:31 - [MESSAGE][PASSED] - Alt butonlardan Göster var mı

2021-11-23 16:37:31 - [TEST_STEP][PASSED] - Alt butonlardan İndir var mı: Alt butonlardan İndir var mı

2021-11-23 16:37:31 - [MESSAGE][PASSED] - Alt butonlardan İndir var mı

2021-11-23 16:37:31 - [TEST_STEP][PASSED] - Butonlardan Statü Ata isimli butona tıklanır: Butonlardan Statü Ata isimli butona tıklanır

2021-11-23 16:37:31 - [MESSAGE][PASSED] - Butonlardan Statü Ata isimli butona tıklanır

2021-11-23 16:37:31 - [TEST_STEP][PASSED] - Alt butonlardan Öndeğer var mı: Alt butonlardan Öndeğer var mı

2021-11-23 16:37:31 - [MESSAGE][PASSED] - Alt butonlardan Öndeğer var mı

2021-11-23 16:37:31 - [TEST_STEP][PASSED] - Kullanıcı işlemlerinden Çıkış seçilir: Kullanıcı işlemlerinden Çıkış seçilir

2021-11-23 16:37:31 - [MESSAGE][PASSED] - Kullanıcı işlemlerinden Çıkış seçilir

2021-11-23 16:37:31 - [MESSAGE][PASSED] - Feature file: 'Include/features/e-Makbuz/e-Mustahsil Uygulamasi/e-Mustahsil Makbuzlari/Ekran Kontrolu.feature' was passed

2021-11-23 16:37:31 - [TEST_STEP][PASSED] - Start listener action : sampleAfterTestSuite: Invoke 'com.kms.katalon.core.annotation.AfterTestCase' method: 'Listener.sampleAfterTestSuite(...)' completed.

2021-11-23 16:37:31 - [MESSAGE][INFO] - Starting invoke 'com.kms.katalon.core.annotation.AfterTestCase' method: 'Listener.sampleAfterTestSuite(...)'

2021-11-23 16:37:31 - [TEST_STEP][PASSED] - closeBrowser(): Invoke 'com.kms.katalon.core.annotation.AfterTestCase' method: 'Listener.sampleAfterTestSuite(...)' completed.

2021-11-23 16:37:31 - [MESSAGE][INFO] - Closing browser

2021-11-23 16:37:32 - [MESSAGE][PASSED] - Browser is closed

2021-11-23 16:37:32 - [MESSAGE][INFO] - Invoke 'com.kms.katalon.core.annotation.AfterTestCase' method: 'Listener.sampleAfterTestSuite(...)' completed.]]></system-out>
         <system-err><![CDATA[]]></system-err>
      </testcase>
      <testcase name="Test Cases/Case Repository/e-Makbuz/e-Mustahsil Uygulamasi/e-Mustahsil Makbuzlari/Goruntule" time="38.483" classname="Test Cases/Case Repository/e-Makbuz/e-Mustahsil Uygulamasi/e-Mustahsil Makbuzlari/Goruntule" status="PASSED">
         <system-out><![CDATA[2021-11-23 16:37:32 - [TEST_CASE][PASSED] - Test Cases/Case Repository/e-Makbuz/e-Mustahsil Uygulamasi/e-Mustahsil Makbuzlari/Goruntule: Test Cases/Case Repository/e-Makbuz/e-Mustahsil Uygulamasi/e-Mustahsil Makbuzlari/Goruntule

2021-11-23 16:37:32 - [TEST_STEP][PASSED] - Start listener action : sampleBeforeTestSuite: Invoke 'com.kms.katalon.core.annotation.BeforeTestCase' method: 'Listener.sampleBeforeTestSuite(...)' completed.

2021-11-23 16:37:32 - [MESSAGE][INFO] - Starting invoke 'com.kms.katalon.core.annotation.BeforeTestCase' method: 'Listener.sampleBeforeTestSuite(...)'

2021-11-23 16:37:32 - [TEST_STEP][PASSED] - openBrowser(baseUrl): Browser is opened with url: 'https://efatura-stage.elogo.com.tr/'

2021-11-23 16:37:32 - [MESSAGE][INFO] - Opening browser

2021-11-23 16:37:32 - [MESSAGE][INFO] - Starting 'Chrome' driver

2021-11-23 16:37:32 - [MESSAGE][INFO] - User set preference: ['prefs', '{download.default_directory=C:\otomasyondownfiles}']

2021-11-23 16:37:32 - [MESSAGE][INFO] - Action delay is set to 0 milliseconds

2021-11-23 16:37:34 - [MESSAGE][INFO] - Navigating browser to: 'https://efatura-stage.elogo.com.tr/'

2021-11-23 16:37:36 - [MESSAGE][PASSED] - Browser is opened with url: 'https://efatura-stage.elogo.com.tr/'

2021-11-23 16:37:36 - [TEST_STEP][PASSED] - maximizeWindow(): Invoke 'com.kms.katalon.core.annotation.BeforeTestCase' method: 'Listener.sampleBeforeTestSuite(...)' completed.

2021-11-23 16:37:36 - [MESSAGE][INFO] - Maximizing current window

2021-11-23 16:37:36 - [MESSAGE][PASSED] - Current window maximized

2021-11-23 16:37:36 - [MESSAGE][INFO] - Invoke 'com.kms.katalon.core.annotation.BeforeTestCase' method: 'Listener.sampleBeforeTestSuite(...)' completed.

2021-11-23 16:37:37 - [TEST_STEP][PASSED] - runFeatureFile("Include/features/e-Makbuz/e-Mustahsil Uygulamasi/e-Mustahsil Makbuzlari/Goruntule.feature"): Feature file: 'Include/features/e-Makbuz/e-Mustahsil Uygulamasi/e-Mustahsil Makbuzlari/Goruntule.feature' was passed

2021-11-23 16:37:37 - [MESSAGE][INFO] - Starting run keyword runFeatureFile: 'Include/features/e-Makbuz/e-Mustahsil Uygulamasi/e-Mustahsil Makbuzlari/Goruntule.feature' and extract report to folder: 'C:\Users\DELL\Documents\GitHub\EES_KatalonLogo\Reports\20211123_163326\Suite Repository\e-Makbuz\20211123_163348/cucumber_report/1637674657145'...

2021-11-23 16:37:37 - [MESSAGE][INFO] - Glue: []

2021-11-23 16:37:40 - [MESSAGE][INFO] - Checking called Test Case

2021-11-23 16:37:40 - [MESSAGE][INFO] - Starting to call Test Case 'Test Cases/Sayfalar/Giris_Sayfasi/Login'

2021-11-23 16:37:40 - [TEST_CASE][PASSED] - Test Cases/Sayfalar/Giris_Sayfasi/Login: Test Cases/Sayfalar/Giris_Sayfasi/Login

2021-11-23 16:37:40 - [TEST_STEP][PASSED] - Sayfa_Basligi = getWindowTitle(): Current window's title is: 'LOGO e-Fatura'

2021-11-23 16:37:40 - [MESSAGE][INFO] - Getting current window's title

2021-11-23 16:37:40 - [MESSAGE][PASSED] - Current window's title is: 'LOGO e-Fatura'

2021-11-23 16:37:40 - [TEST_STEP][PASSED] - verifyMatch(Sayfa_Basligi, "LOGO e-Fatura", false): Actual text 'LOGO e-Fatura' and expected text 'LOGO e-Fatura' are matched 

2021-11-23 16:37:40 - [MESSAGE][INFO] - Matching actual text 'LOGO e-Fatura' with expected text 'LOGO e-Fatura'

2021-11-23 16:37:40 - [MESSAGE][PASSED] - Actual text 'LOGO e-Fatura' and expected text 'LOGO e-Fatura' are matched 

2021-11-23 16:37:40 - [TEST_STEP][PASSED] - sendKeys(findTestObject("Sayfalar/Giris_Sayfasi/Firma_Kodu"), KullaniciAdi): Keys 'ELOGO6' sent to object: 'Object Repository/Sayfalar/Giris_Sayfasi/Firma_Kodu'

2021-11-23 16:37:40 - [MESSAGE][INFO] - Finding Test Object 'Object Repository/Sayfalar/Giris_Sayfasi/Firma_Kodu'

2021-11-23 16:37:40 - [MESSAGE][INFO] - Sending keys 'ELOGO6' to object: 'Object Repository/Sayfalar/Giris_Sayfasi/Firma_Kodu'

2021-11-23 16:37:40 - [MESSAGE][INFO] - Finding web element from Test Object's properties

2021-11-23 16:37:40 - [MESSAGE][INFO] - Checking timeout

2021-11-23 16:37:40 - [MESSAGE][INFO] - Finding web element with id: 'Object Repository/Sayfalar/Giris_Sayfasi/Firma_Kodu' located by 'By.xpath: //*[@id = 'AccountName']' in '30' second(s)

2021-11-23 16:37:40 - [MESSAGE][INFO] - Smart Wait Function is triggered

2021-11-23 16:37:41 - [MESSAGE][INFO] - Found 1 web elements with id: 'Object Repository/Sayfalar/Giris_Sayfasi/Firma_Kodu' located by 'By.xpath: //*[@id = 'AccountName']' in '30' second(s)

2021-11-23 16:37:41 - [MESSAGE][PASSED] - Keys 'ELOGO6' sent to object: 'Object Repository/Sayfalar/Giris_Sayfasi/Firma_Kodu'

2021-11-23 16:37:41 - [TEST_STEP][PASSED] - sendKeys(findTestObject("Sayfalar/Giris_Sayfasi/Sifre"), Sifre): Keys '123456' sent to object: 'Object Repository/Sayfalar/Giris_Sayfasi/Sifre'

2021-11-23 16:37:41 - [MESSAGE][INFO] - Finding Test Object 'Object Repository/Sayfalar/Giris_Sayfasi/Sifre'

2021-11-23 16:37:41 - [MESSAGE][INFO] - Sending keys '123456' to object: 'Object Repository/Sayfalar/Giris_Sayfasi/Sifre'

2021-11-23 16:37:41 - [MESSAGE][INFO] - Finding web element from Test Object's properties

2021-11-23 16:37:41 - [MESSAGE][INFO] - Checking timeout

2021-11-23 16:37:41 - [MESSAGE][INFO] - Finding web element with id: 'Object Repository/Sayfalar/Giris_Sayfasi/Sifre' located by 'By.xpath: //*[@id = 'Password']' in '30' second(s)

2021-11-23 16:37:41 - [MESSAGE][INFO] - Smart Wait Function is triggered

2021-11-23 16:37:41 - [MESSAGE][INFO] - Found 1 web elements with id: 'Object Repository/Sayfalar/Giris_Sayfasi/Sifre' located by 'By.xpath: //*[@id = 'Password']' in '30' second(s)

2021-11-23 16:37:41 - [MESSAGE][PASSED] - Keys '123456' sent to object: 'Object Repository/Sayfalar/Giris_Sayfasi/Sifre'

2021-11-23 16:37:41 - [TEST_STEP][PASSED] - findWebElement(findTestObject("Sayfalar/Giris_Sayfasi/Giris_Butonu")).click(): Found 1 web elements with id: 'Object Repository/Sayfalar/Giris_Sayfasi/Giris_Butonu' located by 'By.cssSelector: #btnLogin' in '30' second(s)

2021-11-23 16:37:41 - [MESSAGE][INFO] - Finding Test Object 'Object Repository/Sayfalar/Giris_Sayfasi/Giris_Butonu'

2021-11-23 16:37:41 - [MESSAGE][INFO] - Finding web element from Test Object's properties

2021-11-23 16:37:41 - [MESSAGE][INFO] - Checking timeout

2021-11-23 16:37:41 - [MESSAGE][INFO] - Finding web element with id: 'Object Repository/Sayfalar/Giris_Sayfasi/Giris_Butonu' located by 'By.cssSelector: #btnLogin' in '30' second(s)

2021-11-23 16:37:41 - [MESSAGE][INFO] - Smart Wait Function is triggered

2021-11-23 16:37:42 - [MESSAGE][INFO] - Found 1 web elements with id: 'Object Repository/Sayfalar/Giris_Sayfasi/Giris_Butonu' located by 'By.cssSelector: #btnLogin' in '30' second(s)

2021-11-23 16:37:44 - [TEST_STEP][PASSED] - if (verifyElementPresent(findTestObject("Object Repository/Sayfalar/Giris_Sayfasi/RetveTamam_Butonu"), 5, OPTIONAL)): null

2021-11-23 16:37:44 - [MESSAGE][INFO] - Finding Test Object 'Object Repository/Sayfalar/Giris_Sayfasi/RetveTamam_Butonu'

2021-11-23 16:37:44 - [MESSAGE][INFO] - Checking object

2021-11-23 16:37:44 - [MESSAGE][INFO] - Finding web element from Test Object's properties

2021-11-23 16:37:44 - [MESSAGE][INFO] - Checking timeout

2021-11-23 16:37:44 - [MESSAGE][INFO] - Finding web element with id: 'Object Repository/Sayfalar/Giris_Sayfasi/RetveTamam_Butonu' located by 'By.xpath: //*[@class = 'btn btn-default']' in '5' second(s)

2021-11-23 16:37:44 - [MESSAGE][INFO] - Smart Wait Function is triggered

2021-11-23 16:37:45 - [MESSAGE][INFO] - Found 1 web elements with id: 'Object Repository/Sayfalar/Giris_Sayfasi/RetveTamam_Butonu' located by 'By.xpath: //*[@class = 'btn btn-default']' in '5' second(s)

2021-11-23 16:37:45 - [MESSAGE][PASSED] - Object 'Object Repository/Sayfalar/Giris_Sayfasi/RetveTamam_Butonu' is present

2021-11-23 16:37:45 - [TEST_STEP][PASSED] - click(findTestObject("Object Repository/Sayfalar/Giris_Sayfasi/RetveTamam_Butonu")): Object: 'Object Repository/Sayfalar/Giris_Sayfasi/RetveTamam_Butonu' is clicked on

2021-11-23 16:37:45 - [MESSAGE][INFO] - Finding Test Object 'Object Repository/Sayfalar/Giris_Sayfasi/RetveTamam_Butonu'

2021-11-23 16:37:45 - [MESSAGE][INFO] - Checking object

2021-11-23 16:37:45 - [MESSAGE][INFO] - Finding web element from Test Object's properties

2021-11-23 16:37:45 - [MESSAGE][INFO] - Checking timeout

2021-11-23 16:37:45 - [MESSAGE][INFO] - Finding web element with id: 'Object Repository/Sayfalar/Giris_Sayfasi/RetveTamam_Butonu' located by 'By.xpath: //*[@class = 'btn btn-default']' in '30' second(s)

2021-11-23 16:37:45 - [MESSAGE][INFO] - Smart Wait Function is triggered

2021-11-23 16:37:45 - [MESSAGE][INFO] - Found 1 web elements with id: 'Object Repository/Sayfalar/Giris_Sayfasi/RetveTamam_Butonu' located by 'By.xpath: //*[@class = 'btn btn-default']' in '30' second(s)

2021-11-23 16:37:45 - [MESSAGE][INFO] - Clicking on object: 'Object Repository/Sayfalar/Giris_Sayfasi/RetveTamam_Butonu'

2021-11-23 16:37:45 - [MESSAGE][PASSED] - Object: 'Object Repository/Sayfalar/Giris_Sayfasi/RetveTamam_Butonu' is clicked on

2021-11-23 16:37:45 - [TEST_STEP][PASSED] - click(findTestObject("Object Repository/Sayfalar/Giris_Sayfasi/RetveTamam_Butonu")): Object: 'Object Repository/Sayfalar/Giris_Sayfasi/RetveTamam_Butonu' is clicked on

2021-11-23 16:37:45 - [MESSAGE][INFO] - Finding Test Object 'Object Repository/Sayfalar/Giris_Sayfasi/RetveTamam_Butonu'

2021-11-23 16:37:45 - [MESSAGE][INFO] - Checking object

2021-11-23 16:37:45 - [MESSAGE][INFO] - Finding web element from Test Object's properties

2021-11-23 16:37:45 - [MESSAGE][INFO] - Checking timeout

2021-11-23 16:37:45 - [MESSAGE][INFO] - Finding web element with id: 'Object Repository/Sayfalar/Giris_Sayfasi/RetveTamam_Butonu' located by 'By.xpath: //*[@class = 'btn btn-default']' in '30' second(s)

2021-11-23 16:37:45 - [MESSAGE][INFO] - Smart Wait Function is triggered

2021-11-23 16:37:48 - [MESSAGE][INFO] - Found 1 web elements with id: 'Object Repository/Sayfalar/Giris_Sayfasi/RetveTamam_Butonu' located by 'By.xpath: //*[@class = 'btn btn-default']' in '30' second(s)

2021-11-23 16:37:48 - [MESSAGE][INFO] - Clicking on object: 'Object Repository/Sayfalar/Giris_Sayfasi/RetveTamam_Butonu'

2021-11-23 16:37:48 - [MESSAGE][PASSED] - Object: 'Object Repository/Sayfalar/Giris_Sayfasi/RetveTamam_Butonu' is clicked on

2021-11-23 16:37:48 - [TEST_STEP][PASSED] - if (verifyElementPresent(findTestObject("Sayfalar/Giris_Sayfasi/PopupOK"), 5, OPTIONAL)): null

2021-11-23 16:37:48 - [MESSAGE][INFO] - Finding Test Object 'Object Repository/Sayfalar/Giris_Sayfasi/PopupOK'

2021-11-23 16:37:48 - [MESSAGE][INFO] - Checking object

2021-11-23 16:37:48 - [MESSAGE][INFO] - Finding web element from Test Object's properties

2021-11-23 16:37:48 - [MESSAGE][INFO] - Checking timeout

2021-11-23 16:37:48 - [MESSAGE][INFO] - Finding web element with id: 'Object Repository/Sayfalar/Giris_Sayfasi/PopupOK' located by 'By.cssSelector: .btn.btn-success' in '5' second(s)

2021-11-23 16:37:48 - [MESSAGE][INFO] - Smart Wait Function is triggered

2021-11-23 16:37:49 - [MESSAGE][INFO] - Found 1 web elements with id: 'Object Repository/Sayfalar/Giris_Sayfasi/PopupOK' located by 'By.cssSelector: .btn.btn-success' in '5' second(s)

2021-11-23 16:37:49 - [MESSAGE][PASSED] - Object 'Object Repository/Sayfalar/Giris_Sayfasi/PopupOK' is present

2021-11-23 16:37:49 - [TEST_STEP][PASSED] - click(findTestObject("Object Repository/Sayfalar/Giris_Sayfasi/PopupCarpiGiris")): Object: 'Object Repository/Sayfalar/Giris_Sayfasi/PopupCarpiGiris' is clicked on

2021-11-23 16:37:49 - [MESSAGE][INFO] - Finding Test Object 'Object Repository/Sayfalar/Giris_Sayfasi/PopupCarpiGiris'

2021-11-23 16:37:49 - [MESSAGE][INFO] - Checking object

2021-11-23 16:37:49 - [MESSAGE][INFO] - Finding web element from Test Object's properties

2021-11-23 16:37:49 - [MESSAGE][INFO] - Checking timeout

2021-11-23 16:37:49 - [MESSAGE][INFO] - Finding web element with id: 'Object Repository/Sayfalar/Giris_Sayfasi/PopupCarpiGiris' located by 'By.cssSelector: .bootbox-close-button.close' in '30' second(s)

2021-11-23 16:37:49 - [MESSAGE][INFO] - Smart Wait Function is triggered

2021-11-23 16:37:49 - [MESSAGE][INFO] - Found 1 web elements with id: 'Object Repository/Sayfalar/Giris_Sayfasi/PopupCarpiGiris' located by 'By.cssSelector: .bootbox-close-button.close' in '30' second(s)

2021-11-23 16:37:49 - [MESSAGE][INFO] - Clicking on object: 'Object Repository/Sayfalar/Giris_Sayfasi/PopupCarpiGiris'

2021-11-23 16:37:50 - [MESSAGE][PASSED] - Object: 'Object Repository/Sayfalar/Giris_Sayfasi/PopupCarpiGiris' is clicked on

2021-11-23 16:37:50 - [TEST_STEP][PASSED] - verifyElementVisible(findTestObject("Object Repository/Kullanici_Islemleri/KullaniciIslemleri")): Object 'Object Repository/Kullanici_Islemleri/KullaniciIslemleri' is visible

2021-11-23 16:37:50 - [MESSAGE][INFO] - Finding Test Object 'Object Repository/Kullanici_Islemleri/KullaniciIslemleri'

2021-11-23 16:37:50 - [MESSAGE][INFO] - Checking object

2021-11-23 16:37:50 - [MESSAGE][INFO] - Finding web element from Test Object's properties

2021-11-23 16:37:50 - [MESSAGE][INFO] - Checking timeout

2021-11-23 16:37:50 - [MESSAGE][INFO] - Finding web element with id: 'Object Repository/Kullanici_Islemleri/KullaniciIslemleri' located by 'By.cssSelector: .dropdown>a>img' in '30' second(s)

2021-11-23 16:37:50 - [MESSAGE][INFO] - Smart Wait Function is triggered

2021-11-23 16:37:50 - [MESSAGE][INFO] - Found 1 web elements with id: 'Object Repository/Kullanici_Islemleri/KullaniciIslemleri' located by 'By.cssSelector: .dropdown>a>img' in '30' second(s)

2021-11-23 16:37:50 - [MESSAGE][PASSED] - Object 'Object Repository/Kullanici_Islemleri/KullaniciIslemleri' is visible

2021-11-23 16:37:50 - [MESSAGE][PASSED] - Call Test Case 'Test Cases/Sayfalar/Giris_Sayfasi/Login' successfully

2021-11-23 16:37:50 - [MESSAGE][INFO] - Checking called Test Case

2021-11-23 16:37:50 - [MESSAGE][INFO] - Starting to call Test Case 'Test Cases/Menu/AnaMenuSecimi'

2021-11-23 16:37:50 - [TEST_CASE][PASSED] - Test Cases/Menu/AnaMenuSecimi: Test Cases/Menu/AnaMenuSecimi

2021-11-23 16:37:50 - [TEST_STEP][PASSED] - Method.TextDegerineEsitElementeTikla(findTestObject("Menu/Ana_Menu"), Ana_Menu): Method.TextDegerineEsitElementeTikla is PASSED

2021-11-23 16:37:50 - [MESSAGE][INFO] - Finding Test Object 'Object Repository/Menu/Ana_Menu'

2021-11-23 16:37:51 - [MESSAGE][INFO] - Checking timeout

2021-11-23 16:37:51 - [MESSAGE][INFO] - Finding web element with id: 'Object Repository/Menu/Ana_Menu' located by 'By.xpath: //*[@class = 'dropdown-toggle']' in '10' second(s)

2021-11-23 16:37:51 - [MESSAGE][INFO] - Smart Wait Function is triggered

2021-11-23 16:37:51 - [MESSAGE][INFO] - Found 14 web elements with id: 'Object Repository/Menu/Ana_Menu' located by 'By.xpath: //*[@class = 'dropdown-toggle']' in '10' second(s)

2021-11-23 16:37:51 - [MESSAGE][PASSED] - Method.TextDegerineEsitElementeTikla is PASSED

2021-11-23 16:37:51 - [MESSAGE][PASSED] - Call Test Case 'Test Cases/Menu/AnaMenuSecimi' successfully

2021-11-23 16:37:51 - [MESSAGE][INFO] - Checking called Test Case

2021-11-23 16:37:51 - [MESSAGE][INFO] - Starting to call Test Case 'Test Cases/Menu/BasligaGoreAltMenuSecimi'

2021-11-23 16:37:51 - [TEST_CASE][PASSED] - Test Cases/Menu/BasligaGoreAltMenuSecimi: Test Cases/Menu/BasligaGoreAltMenuSecimi

2021-11-23 16:37:51 - [TEST_STEP][PASSED] - Method.TextDegerineEsitElementinAltindakiTextDegerineEsitOlanaTikla(findTestObject("Menu/Menu_Basligi"), findTestObject("Menu/Basliga_Gore_Alt_Menu"), Baslik, Alt_Menu): Method.TextDegerineEsitElementinAltindakiTextDegerineEsitOlanaTikla is PASSED

2021-11-23 16:37:51 - [MESSAGE][INFO] - Finding Test Object 'Object Repository/Menu/Menu_Basligi'

2021-11-23 16:37:51 - [MESSAGE][INFO] - Finding Test Object 'Object Repository/Menu/Basliga_Gore_Alt_Menu'

2021-11-23 16:37:51 - [MESSAGE][INFO] - Checking timeout

2021-11-23 16:37:51 - [MESSAGE][INFO] - Finding web element with id: 'Object Repository/Menu/Menu_Basligi' located by 'By.xpath: //li[@class='dropdown dropdown-large open']//li[@class='dropdown-header']' in '10' second(s)

2021-11-23 16:37:51 - [MESSAGE][INFO] - Smart Wait Function is triggered

2021-11-23 16:37:52 - [MESSAGE][INFO] - Found 2 web elements with id: 'Object Repository/Menu/Menu_Basligi' located by 'By.xpath: //li[@class='dropdown dropdown-large open']//li[@class='dropdown-header']' in '10' second(s)

2021-11-23 16:37:52 - [MESSAGE][INFO] - Smart Wait Function is triggered

2021-11-23 16:37:54 - [MESSAGE][PASSED] - Method.TextDegerineEsitElementinAltindakiTextDegerineEsitOlanaTikla is PASSED

2021-11-23 16:37:54 - [MESSAGE][PASSED] - Call Test Case 'Test Cases/Menu/BasligaGoreAltMenuSecimi' successfully

2021-11-23 16:37:54 - [MESSAGE][INFO] - Checking called Test Case

2021-11-23 16:37:54 - [MESSAGE][INFO] - Starting to call Test Case 'Test Cases/Filtreler/BaslangicYaz'

2021-11-23 16:37:54 - [TEST_CASE][PASSED] - Test Cases/Filtreler/BaslangicYaz: Test Cases/Filtreler/BaslangicYaz

2021-11-23 16:37:54 - [TEST_STEP][PASSED] - delay(3): Delayed 3 second(s)

2021-11-23 16:37:54 - [MESSAGE][INFO] - Delaying browser in 3 second(s)

2021-11-23 16:37:57 - [MESSAGE][PASSED] - Delayed 3 second(s)

2021-11-23 16:37:57 - [TEST_STEP][PASSED] - Method.TextDegerineEsitElementinAltindakineTikla(findTestObject("Filtreler/Basliklar"), findTestObject("Filtreler/Basliga_Gore_Baslangic_Image"), Filtre_Adi): Method.TextDegerineEsitElementinAltindakineTikla is PASSED

2021-11-23 16:37:57 - [MESSAGE][INFO] - Finding Test Object 'Object Repository/Filtreler/Basliklar'

2021-11-23 16:37:57 - [MESSAGE][INFO] - Finding Test Object 'Object Repository/Filtreler/Basliga_Gore_Baslangic_Image'

2021-11-23 16:37:57 - [MESSAGE][INFO] - Checking timeout

2021-11-23 16:37:57 - [MESSAGE][INFO] - Finding web element with id: 'Object Repository/Filtreler/Basliklar' located by 'By.cssSelector: .control-label.col-sm-4.paddingMarginRLC' in '10' second(s)

2021-11-23 16:37:57 - [MESSAGE][INFO] - Smart Wait Function is triggered

2021-11-23 16:37:58 - [MESSAGE][INFO] - Found 14 web elements with id: 'Object Repository/Filtreler/Basliklar' located by 'By.cssSelector: .control-label.col-sm-4.paddingMarginRLC' in '10' second(s)

2021-11-23 16:37:58 - [MESSAGE][INFO] - Smart Wait Function is triggered

2021-11-23 16:37:58 - [MESSAGE][PASSED] - Method.TextDegerineEsitElementinAltindakineTikla is PASSED

2021-11-23 16:37:58 - [TEST_STEP][PASSED] - Method.TextDegerineEsitElementinAltindakiTextboxtaYaz(findTestObject("Filtreler/Basliklar"), findTestObject("Filtreler/Basliga_Gore_Baslangic"), Filtre_Adi, Filtre_Degeri): Method.TextDegerineEsitElementinAltindakiTextboxtaYaz is PASSED

2021-11-23 16:37:58 - [MESSAGE][INFO] - Finding Test Object 'Object Repository/Filtreler/Basliklar'

2021-11-23 16:37:58 - [MESSAGE][INFO] - Finding Test Object 'Object Repository/Filtreler/Basliga_Gore_Baslangic'

2021-11-23 16:37:59 - [MESSAGE][INFO] - Checking timeout

2021-11-23 16:37:59 - [MESSAGE][INFO] - Finding web element with id: 'Object Repository/Filtreler/Basliklar' located by 'By.cssSelector: .control-label.col-sm-4.paddingMarginRLC' in '10' second(s)

2021-11-23 16:37:59 - [MESSAGE][INFO] - Smart Wait Function is triggered

2021-11-23 16:37:59 - [MESSAGE][INFO] - Found 14 web elements with id: 'Object Repository/Filtreler/Basliklar' located by 'By.cssSelector: .control-label.col-sm-4.paddingMarginRLC' in '10' second(s)

2021-11-23 16:37:59 - [MESSAGE][INFO] - Smart Wait Function is triggered

2021-11-23 16:37:59 - [MESSAGE][PASSED] - Method.TextDegerineEsitElementinAltindakiTextboxtaYaz is PASSED

2021-11-23 16:37:59 - [MESSAGE][PASSED] - Call Test Case 'Test Cases/Filtreler/BaslangicYaz' successfully

2021-11-23 16:37:59 - [MESSAGE][INFO] - Checking called Test Case

2021-11-23 16:37:59 - [MESSAGE][INFO] - Starting to call Test Case 'Test Cases/Filtreler/BitisYaz'

2021-11-23 16:38:00 - [TEST_CASE][PASSED] - Test Cases/Filtreler/BitisYaz: Test Cases/Filtreler/BitisYaz

2021-11-23 16:38:00 - [TEST_STEP][PASSED] - Method.TextDegerineEsitElementinAltindakineTikla(findTestObject("Filtreler/Basliklar"), findTestObject("Filtreler/Basliga_Gore_Bitis_Image"), Filtre_Adi): Method.TextDegerineEsitElementinAltindakineTikla is PASSED

2021-11-23 16:38:00 - [MESSAGE][INFO] - Finding Test Object 'Object Repository/Filtreler/Basliklar'

2021-11-23 16:38:00 - [MESSAGE][INFO] - Finding Test Object 'Object Repository/Filtreler/Basliga_Gore_Bitis_Image'

2021-11-23 16:38:00 - [MESSAGE][INFO] - Checking timeout

2021-11-23 16:38:00 - [MESSAGE][INFO] - Finding web element with id: 'Object Repository/Filtreler/Basliklar' located by 'By.cssSelector: .control-label.col-sm-4.paddingMarginRLC' in '10' second(s)

2021-11-23 16:38:00 - [MESSAGE][INFO] - Smart Wait Function is triggered

2021-11-23 16:38:00 - [MESSAGE][INFO] - Found 14 web elements with id: 'Object Repository/Filtreler/Basliklar' located by 'By.cssSelector: .control-label.col-sm-4.paddingMarginRLC' in '10' second(s)

2021-11-23 16:38:00 - [MESSAGE][INFO] - Smart Wait Function is triggered

2021-11-23 16:38:00 - [MESSAGE][PASSED] - Method.TextDegerineEsitElementinAltindakineTikla is PASSED

2021-11-23 16:38:00 - [TEST_STEP][PASSED] - Method.TextDegerineEsitElementinAltindakiTextboxtaYaz(findTestObject("Filtreler/Basliklar"), findTestObject("Object Repository/Filtreler/Basliga_Gore_Bitis"), Filtre_Adi, Filtre_Degeri): Method.TextDegerineEsitElementinAltindakiTextboxtaYaz is PASSED

2021-11-23 16:38:00 - [MESSAGE][INFO] - Finding Test Object 'Object Repository/Filtreler/Basliklar'

2021-11-23 16:38:01 - [MESSAGE][INFO] - Finding Test Object 'Object Repository/Filtreler/Basliga_Gore_Bitis'

2021-11-23 16:38:01 - [MESSAGE][INFO] - Checking timeout

2021-11-23 16:38:01 - [MESSAGE][INFO] - Finding web element with id: 'Object Repository/Filtreler/Basliklar' located by 'By.cssSelector: .control-label.col-sm-4.paddingMarginRLC' in '10' second(s)

2021-11-23 16:38:01 - [MESSAGE][INFO] - Smart Wait Function is triggered

2021-11-23 16:38:01 - [MESSAGE][INFO] - Found 14 web elements with id: 'Object Repository/Filtreler/Basliklar' located by 'By.cssSelector: .control-label.col-sm-4.paddingMarginRLC' in '10' second(s)

2021-11-23 16:38:01 - [MESSAGE][INFO] - Smart Wait Function is triggered

2021-11-23 16:38:01 - [MESSAGE][PASSED] - Method.TextDegerineEsitElementinAltindakiTextboxtaYaz is PASSED

2021-11-23 16:38:01 - [MESSAGE][PASSED] - Call Test Case 'Test Cases/Filtreler/BitisYaz' successfully

2021-11-23 16:38:01 - [MESSAGE][INFO] - Checking called Test Case

2021-11-23 16:38:01 - [MESSAGE][INFO] - Starting to call Test Case 'Test Cases/Filtreler/ButonaTikla'

2021-11-23 16:38:02 - [TEST_CASE][PASSED] - Test Cases/Filtreler/ButonaTikla: Test Cases/Filtreler/ButonaTikla

2021-11-23 16:38:02 - [TEST_STEP][PASSED] - Method.TextDegerineEsitElementeTikla(findTestObject("Filtreler/Butonlar"), Filtre_Buton): Method.TextDegerineEsitElementeTikla is PASSED

2021-11-23 16:38:02 - [MESSAGE][INFO] - Finding Test Object 'Object Repository/Filtreler/Butonlar'

2021-11-23 16:38:02 - [MESSAGE][INFO] - Checking timeout

2021-11-23 16:38:02 - [MESSAGE][INFO] - Finding web element with id: 'Object Repository/Filtreler/Butonlar' located by 'By.cssSelector: .dxb>span' in '10' second(s)

2021-11-23 16:38:02 - [MESSAGE][INFO] - Smart Wait Function is triggered

2021-11-23 16:38:02 - [MESSAGE][INFO] - Found 3 web elements with id: 'Object Repository/Filtreler/Butonlar' located by 'By.cssSelector: .dxb>span' in '10' second(s)

2021-11-23 16:38:02 - [MESSAGE][PASSED] - Method.TextDegerineEsitElementeTikla is PASSED

2021-11-23 16:38:02 - [MESSAGE][PASSED] - Call Test Case 'Test Cases/Filtreler/ButonaTikla' successfully

2021-11-23 16:38:02 - [MESSAGE][INFO] - Checking called Test Case

2021-11-23 16:38:02 - [MESSAGE][INFO] - Starting to call Test Case 'Test Cases/Tablo/TablodaVeriVarMi'

2021-11-23 16:38:02 - [TEST_CASE][PASSED] - Test Cases/Tablo/TablodaVeriVarMi: Test Cases/Tablo/TablodaVeriVarMi

2021-11-23 16:38:02 - [TEST_STEP][PASSED] - verifyTextNotPresent("Görüntülenecek veri yok", true): Text 'Görüntülenecek veri yok' is not present on page using regular expression

2021-11-23 16:38:02 - [MESSAGE][INFO] - Checking text present  using regular expression

2021-11-23 16:38:02 - [MESSAGE][INFO] - Smart Wait Function is triggered

2021-11-23 16:38:03 - [MESSAGE][INFO] - Finding text 'Görüntülenecek veri yok' on page  using regular expression

2021-11-23 16:38:03 - [MESSAGE][PASSED] - Text 'Görüntülenecek veri yok' is not present on page using regular expression

2021-11-23 16:38:03 - [MESSAGE][PASSED] - Call Test Case 'Test Cases/Tablo/TablodaVeriVarMi' successfully

2021-11-23 16:38:03 - [MESSAGE][INFO] - Checking called Test Case

2021-11-23 16:38:03 - [MESSAGE][INFO] - Starting to call Test Case 'Test Cases/Tablo/TablonunButonunaTikla'

2021-11-23 16:38:03 - [TEST_CASE][PASSED] - Test Cases/Tablo/TablonunButonunaTikla: Test Cases/Tablo/TablonunButonunaTikla

2021-11-23 16:38:04 - [TEST_STEP][PASSED] - Method.TextDegerineEsitElementinAltindakiTextDegerineEsitOlanaTikla(findTestObject("Tablo/Veriler"), findTestObject("Tablo/VerininButonu"), Veri, Buton_Adi): Method.TextDegerineEsitElementinAltindakiTextDegerineEsitOlanaTikla is PASSED

2021-11-23 16:38:04 - [MESSAGE][INFO] - Finding Test Object 'Object Repository/Tablo/Veriler'

2021-11-23 16:38:04 - [MESSAGE][INFO] - Finding Test Object 'Object Repository/Tablo/VerininButonu'

2021-11-23 16:38:04 - [MESSAGE][INFO] - Checking timeout

2021-11-23 16:38:04 - [MESSAGE][INFO] - Finding web element with id: 'Object Repository/Tablo/Veriler' located by 'By.cssSelector: td.dxgv b ,td.dxgv' in '10' second(s)

2021-11-23 16:38:04 - [MESSAGE][INFO] - Smart Wait Function is triggered

2021-11-23 16:38:04 - [MESSAGE][INFO] - Found 13 web elements with id: 'Object Repository/Tablo/Veriler' located by 'By.cssSelector: td.dxgv b ,td.dxgv' in '10' second(s)

2021-11-23 16:38:04 - [MESSAGE][INFO] - Smart Wait Function is triggered

2021-11-23 16:38:05 - [MESSAGE][PASSED] - Method.TextDegerineEsitElementinAltindakiTextDegerineEsitOlanaTikla is PASSED

2021-11-23 16:38:05 - [MESSAGE][PASSED] - Call Test Case 'Test Cases/Tablo/TablonunButonunaTikla' successfully

2021-11-23 16:38:05 - [MESSAGE][INFO] - Checking called Test Case

2021-11-23 16:38:05 - [MESSAGE][INFO] - Starting to call Test Case 'Test Cases/Sekmeler/YeniSekmeyeGec'

2021-11-23 16:38:05 - [TEST_CASE][PASSED] - Test Cases/Sekmeler/YeniSekmeyeGec: Test Cases/Sekmeler/YeniSekmeyeGec

2021-11-23 16:38:05 - [TEST_STEP][PASSED] - switchToWindowIndex(1): Switched to window with index: '1'

2021-11-23 16:38:05 - [MESSAGE][INFO] - Checking index

2021-11-23 16:38:05 - [MESSAGE][INFO] - Switching window with index: '1'

2021-11-23 16:38:05 - [MESSAGE][PASSED] - Switched to window with index: '1'

2021-11-23 16:38:05 - [MESSAGE][PASSED] - Call Test Case 'Test Cases/Sekmeler/YeniSekmeyeGec' successfully

2021-11-23 16:38:05 - [MESSAGE][INFO] - Checking called Test Case

2021-11-23 16:38:05 - [MESSAGE][INFO] - Starting to call Test Case 'Test Cases/Sekmeler/YeniSekmeBasligindaVarMi'

2021-11-23 16:38:05 - [TEST_CASE][PASSED] - Test Cases/Sekmeler/YeniSekmeBasligindaVarMi: Test Cases/Sekmeler/YeniSekmeBasligindaVarMi

2021-11-23 16:38:06 - [TEST_STEP][PASSED] - verifyElementText(findTestObject("Object Repository/Sekmeler/Olusturma_Goster_Baslik"), Title): Actual text and expected text of test object 'Object Repository/Sekmeler/Olusturma_Goster_Baslik' are matched.

2021-11-23 16:38:06 - [MESSAGE][INFO] - Finding Test Object 'Object Repository/Sekmeler/Olusturma_Goster_Baslik'

2021-11-23 16:38:06 - [MESSAGE][INFO] - Checking object

2021-11-23 16:38:06 - [MESSAGE][INFO] - Finding web element from Test Object's properties

2021-11-23 16:38:06 - [MESSAGE][INFO] - Checking timeout

2021-11-23 16:38:06 - [MESSAGE][INFO] - Finding web element with id: 'Object Repository/Sekmeler/Olusturma_Goster_Baslik' located by 'By.cssSelector: h1>span,td>font,font' in '30' second(s)

2021-11-23 16:38:06 - [MESSAGE][INFO] - Smart Wait Function is triggered

2021-11-23 16:38:06 - [MESSAGE][INFO] - Found 1 web elements with id: 'Object Repository/Sekmeler/Olusturma_Goster_Baslik' located by 'By.cssSelector: h1>span,td>font,font' in '30' second(s)

2021-11-23 16:38:06 - [MESSAGE][PASSED] - Actual text and expected text of test object 'Object Repository/Sekmeler/Olusturma_Goster_Baslik' are matched.

2021-11-23 16:38:06 - [MESSAGE][PASSED] - Call Test Case 'Test Cases/Sekmeler/YeniSekmeBasligindaVarMi' successfully

2021-11-23 16:38:06 - [MESSAGE][INFO] - Checking called Test Case

2021-11-23 16:38:06 - [MESSAGE][INFO] - Starting to call Test Case 'Test Cases/Sekmeler/Ana_Sekmeye_Gec'

2021-11-23 16:38:06 - [TEST_CASE][PASSED] - Test Cases/Sekmeler/Ana_Sekmeye_Gec: Test Cases/Sekmeler/Ana_Sekmeye_Gec

2021-11-23 16:38:06 - [TEST_STEP][PASSED] - try: Window with index 1 is closed

2021-11-23 16:38:06 - [TEST_STEP][PASSED] - index = getWindowIndex(): Current window's index is: 1

2021-11-23 16:38:06 - [MESSAGE][INFO] - Getting current window's index

2021-11-23 16:38:06 - [MESSAGE][PASSED] - Current window's index is: 1

2021-11-23 16:38:06 - [TEST_STEP][PASSED] - closeWindowIndex(index): Window with index 1 is closed

2021-11-23 16:38:06 - [MESSAGE][INFO] - Checking index

2021-11-23 16:38:06 - [MESSAGE][INFO] - Closing window with index 1

2021-11-23 16:38:06 - [MESSAGE][PASSED] - Window with index 1 is closed

2021-11-23 16:38:06 - [TEST_STEP][PASSED] - switchToWindowIndex(0): Switched to window with index: '0'

2021-11-23 16:38:07 - [MESSAGE][INFO] - Checking index

2021-11-23 16:38:07 - [MESSAGE][INFO] - Switching window with index: '0'

2021-11-23 16:38:07 - [MESSAGE][PASSED] - Switched to window with index: '0'

2021-11-23 16:38:07 - [MESSAGE][PASSED] - Call Test Case 'Test Cases/Sekmeler/Ana_Sekmeye_Gec' successfully

2021-11-23 16:38:07 - [MESSAGE][INFO] - Checking called Test Case

2021-11-23 16:38:07 - [MESSAGE][INFO] - Starting to call Test Case 'Test Cases/Kullanici_Islemleri/KullaniciIslemlerindenSecimYapilir'

2021-11-23 16:38:07 - [TEST_CASE][PASSED] - Test Cases/Kullanici_Islemleri/KullaniciIslemlerindenSecimYapilir: Test Cases/Kullanici_Islemleri/KullaniciIslemlerindenSecimYapilir

2021-11-23 16:38:07 - [TEST_STEP][PASSED] - waitForElementClickable(findTestObject("Object Repository/Kullanici_Islemleri/KullaniciIslemleri"), 10): Object 'Object Repository/Kullanici_Islemleri/KullaniciIslemleri' is clickable

2021-11-23 16:38:07 - [MESSAGE][INFO] - Finding Test Object 'Object Repository/Kullanici_Islemleri/KullaniciIslemleri'

2021-11-23 16:38:07 - [MESSAGE][INFO] - Checking object

2021-11-23 16:38:07 - [MESSAGE][INFO] - Checking timeout

2021-11-23 16:38:07 - [MESSAGE][INFO] - Finding web element from Test Object's properties

2021-11-23 16:38:07 - [MESSAGE][INFO] - Checking timeout

2021-11-23 16:38:07 - [MESSAGE][INFO] - Finding web element with id: 'Object Repository/Kullanici_Islemleri/KullaniciIslemleri' located by 'By.cssSelector: .dropdown>a>img' in '10' second(s)

2021-11-23 16:38:07 - [MESSAGE][INFO] - Smart Wait Function is triggered

2021-11-23 16:38:07 - [MESSAGE][INFO] - Found 1 web elements with id: 'Object Repository/Kullanici_Islemleri/KullaniciIslemleri' located by 'By.cssSelector: .dropdown>a>img' in '10' second(s)

2021-11-23 16:38:07 - [MESSAGE][PASSED] - Object 'Object Repository/Kullanici_Islemleri/KullaniciIslemleri' is clickable

2021-11-23 16:38:07 - [TEST_STEP][PASSED] - click(findTestObject("Object Repository/Kullanici_Islemleri/KullaniciIslemleri")): Object: 'Object Repository/Kullanici_Islemleri/KullaniciIslemleri' is clicked on

2021-11-23 16:38:07 - [MESSAGE][INFO] - Finding Test Object 'Object Repository/Kullanici_Islemleri/KullaniciIslemleri'

2021-11-23 16:38:07 - [MESSAGE][INFO] - Checking object

2021-11-23 16:38:07 - [MESSAGE][INFO] - Finding web element from Test Object's properties

2021-11-23 16:38:07 - [MESSAGE][INFO] - Checking timeout

2021-11-23 16:38:07 - [MESSAGE][INFO] - Finding web element with id: 'Object Repository/Kullanici_Islemleri/KullaniciIslemleri' located by 'By.cssSelector: .dropdown>a>img' in '30' second(s)

2021-11-23 16:38:07 - [MESSAGE][INFO] - Smart Wait Function is triggered

2021-11-23 16:38:07 - [MESSAGE][INFO] - Found 1 web elements with id: 'Object Repository/Kullanici_Islemleri/KullaniciIslemleri' located by 'By.cssSelector: .dropdown>a>img' in '30' second(s)

2021-11-23 16:38:07 - [MESSAGE][INFO] - Clicking on object: 'Object Repository/Kullanici_Islemleri/KullaniciIslemleri'

2021-11-23 16:38:07 - [MESSAGE][PASSED] - Object: 'Object Repository/Kullanici_Islemleri/KullaniciIslemleri' is clicked on

2021-11-23 16:38:07 - [TEST_STEP][PASSED] - Method.TextDegerineEsitElementeTikla(findTestObject("Object Repository/Kullanici_Islemleri/Secenekler"), Islem): Method.TextDegerineEsitElementeTikla is PASSED

2021-11-23 16:38:07 - [MESSAGE][INFO] - Finding Test Object 'Object Repository/Kullanici_Islemleri/Secenekler'

2021-11-23 16:38:08 - [MESSAGE][INFO] - Checking timeout

2021-11-23 16:38:08 - [MESSAGE][INFO] - Finding web element with id: 'Object Repository/Kullanici_Islemleri/Secenekler' located by 'By.cssSelector: .nav.navbar-nav.navbar-right li a' in '10' second(s)

2021-11-23 16:38:08 - [MESSAGE][INFO] - Smart Wait Function is triggered

2021-11-23 16:38:08 - [MESSAGE][INFO] - Found 22 web elements with id: 'Object Repository/Kullanici_Islemleri/Secenekler' located by 'By.cssSelector: .nav.navbar-nav.navbar-right li a' in '10' second(s)

2021-11-23 16:38:09 - [MESSAGE][PASSED] - Method.TextDegerineEsitElementeTikla is PASSED

2021-11-23 16:38:09 - [TEST_STEP][PASSED] - verifyElementNotPresent(findTestObject("Object Repository/Kullanici_Islemleri/Secenekler"), 10): Web element with id: 'Object Repository/Kullanici_Islemleri/Secenekler' located by 'By.cssSelector: .nav.navbar-nav.navbar-right li a' is not present after '10' second(s)

2021-11-23 16:38:09 - [MESSAGE][INFO] - Finding Test Object 'Object Repository/Kullanici_Islemleri/Secenekler'

2021-11-23 16:38:09 - [MESSAGE][INFO] - Checking object

2021-11-23 16:38:09 - [MESSAGE][INFO] - Checking timeout

2021-11-23 16:38:09 - [MESSAGE][INFO] - Finding web element with id: 'Object Repository/Kullanici_Islemleri/Secenekler' located by 'By.cssSelector: .nav.navbar-nav.navbar-right li a' in '10' second(s)

2021-11-23 16:38:09 - [MESSAGE][INFO] - Smart Wait Function is triggered

2021-11-23 16:38:10 - [MESSAGE][PASSED] - Web element with id: 'Object Repository/Kullanici_Islemleri/Secenekler' located by 'By.cssSelector: .nav.navbar-nav.navbar-right li a' is not present after '10' second(s)

2021-11-23 16:38:10 - [MESSAGE][PASSED] - Call Test Case 'Test Cases/Kullanici_Islemleri/KullaniciIslemlerindenSecimYapilir' successfully

2021-11-23 16:38:10 - [TEST_CASE][PASSED] - Start Test Case : SCENARIO e-Mustahsil Makbuzu Goruntule: SCENARIO e-Mustahsil Makbuzu Goruntule

2021-11-23 16:38:10 - [TEST_STEP][PASSED] - Kullanıcı adı ELOGO6 ve Şifre 123456 olarak giriş yapılır: Kullanıcı adı ELOGO6 ve Şifre 123456 olarak giriş yapılır

2021-11-23 16:38:10 - [MESSAGE][PASSED] - Kullanıcı adı ELOGO6 ve Şifre 123456 olarak giriş yapılır

2021-11-23 16:38:10 - [TEST_STEP][PASSED] - Ana menüden e-Makbuz seçilir: Ana menüden e-Makbuz seçilir

2021-11-23 16:38:10 - [MESSAGE][PASSED] - Ana menüden e-Makbuz seçilir

2021-11-23 16:38:10 - [TEST_STEP][PASSED] - Alt menü e-Müstahsil Uygulaması başlığı altındaki e-Müstahsil Makbuzları seçilir: Alt menü e-Müstahsil Uygulaması başlığı altındaki e-Müstahsil Makbuzları seçilir

2021-11-23 16:38:10 - [MESSAGE][PASSED] - Alt menü e-Müstahsil Uygulaması başlığı altındaki e-Müstahsil Makbuzları seçilir

2021-11-23 16:38:10 - [TEST_STEP][PASSED] - Filtrelerden Oluşturma Tarihi filtresine 01.12.2020 baslangic degerini yaz: Filtrelerden Oluşturma Tarihi filtresine 01.12.2020 baslangic degerini yaz

2021-11-23 16:38:10 - [MESSAGE][PASSED] - Filtrelerden Oluşturma Tarihi filtresine 01.12.2020 baslangic degerini yaz

2021-11-23 16:38:10 - [TEST_STEP][PASSED] - Filtrelerden Oluşturma Tarihi filtresine 31.12.2020 bitis degerini yaz: Filtrelerden Oluşturma Tarihi filtresine 31.12.2020 bitis degerini yaz

2021-11-23 16:38:10 - [MESSAGE][PASSED] - Filtrelerden Oluşturma Tarihi filtresine 31.12.2020 bitis degerini yaz

2021-11-23 16:38:10 - [TEST_STEP][PASSED] - Filtre butonlarından Listele seçilir: Filtre butonlarından Listele seçilir

2021-11-23 16:38:10 - [MESSAGE][PASSED] - Filtre butonlarından Listele seçilir

2021-11-23 16:38:10 - [TEST_STEP][PASSED] - Tabloda veri var mı kontrol edilir: Tabloda veri var mı kontrol edilir

2021-11-23 16:38:10 - [MESSAGE][PASSED] - Tabloda veri var mı kontrol edilir

2021-11-23 16:38:10 - [TEST_STEP][PASSED] - Tablodaki ELOGO5 isimli verinin Görüntüle adlı butonuna tıklanır: Tablodaki ELOGO5 isimli verinin Görüntüle adlı butonuna tıklanır

2021-11-23 16:38:10 - [MESSAGE][PASSED] - Tablodaki ELOGO5 isimli verinin Görüntüle adlı butonuna tıklanır

2021-11-23 16:38:10 - [TEST_STEP][PASSED] - Yeni açılan sekmeye geçilir: Yeni açılan sekmeye geçilir

2021-11-23 16:38:10 - [MESSAGE][PASSED] - Yeni açılan sekmeye geçilir

2021-11-23 16:38:10 - [TEST_STEP][PASSED] - Yeni sekme başlığında e-Müstahsil Makbuzu var mı kontrol edilir: Yeni sekme başlığında e-Müstahsil Makbuzu var mı kontrol edilir

2021-11-23 16:38:10 - [MESSAGE][PASSED] - Yeni sekme başlığında e-Müstahsil Makbuzu var mı kontrol edilir

2021-11-23 16:38:10 - [TEST_STEP][PASSED] - Ana sekmeye geçilir: Ana sekmeye geçilir

2021-11-23 16:38:10 - [MESSAGE][PASSED] - Ana sekmeye geçilir

2021-11-23 16:38:10 - [TEST_STEP][PASSED] - Kullanıcı işlemlerinden Çıkış seçilir: Kullanıcı işlemlerinden Çıkış seçilir

2021-11-23 16:38:10 - [MESSAGE][PASSED] - Kullanıcı işlemlerinden Çıkış seçilir

2021-11-23 16:38:10 - [MESSAGE][PASSED] - Feature file: 'Include/features/e-Makbuz/e-Mustahsil Uygulamasi/e-Mustahsil Makbuzlari/Goruntule.feature' was passed

2021-11-23 16:38:10 - [TEST_STEP][PASSED] - Start listener action : sampleAfterTestSuite: Invoke 'com.kms.katalon.core.annotation.AfterTestCase' method: 'Listener.sampleAfterTestSuite(...)' completed.

2021-11-23 16:38:10 - [MESSAGE][INFO] - Starting invoke 'com.kms.katalon.core.annotation.AfterTestCase' method: 'Listener.sampleAfterTestSuite(...)'

2021-11-23 16:38:10 - [TEST_STEP][PASSED] - closeBrowser(): Invoke 'com.kms.katalon.core.annotation.AfterTestCase' method: 'Listener.sampleAfterTestSuite(...)' completed.

2021-11-23 16:38:10 - [MESSAGE][INFO] - Closing browser

2021-11-23 16:38:11 - [MESSAGE][PASSED] - Browser is closed

2021-11-23 16:38:11 - [MESSAGE][INFO] - Invoke 'com.kms.katalon.core.annotation.AfterTestCase' method: 'Listener.sampleAfterTestSuite(...)' completed.]]></system-out>
         <system-err><![CDATA[]]></system-err>
      </testcase>
      <testcase name="Test Cases/Case Repository/e-Makbuz/e-Mustahsil Uygulamasi/e-Mustahsil Makbuzlari/Iptal Et-Geri Al" time="46.371" classname="Test Cases/Case Repository/e-Makbuz/e-Mustahsil Uygulamasi/e-Mustahsil Makbuzlari/Iptal Et-Geri Al" status="PASSED">
         <system-out><![CDATA[2021-11-23 16:38:11 - [TEST_CASE][PASSED] - Test Cases/Case Repository/e-Makbuz/e-Mustahsil Uygulamasi/e-Mustahsil Makbuzlari/Iptal Et-Geri Al: Test Cases/Case Repository/e-Makbuz/e-Mustahsil Uygulamasi/e-Mustahsil Makbuzlari/Iptal Et-Geri Al

2021-11-23 16:38:11 - [TEST_STEP][PASSED] - Start listener action : sampleBeforeTestSuite: Invoke 'com.kms.katalon.core.annotation.BeforeTestCase' method: 'Listener.sampleBeforeTestSuite(...)' completed.

2021-11-23 16:38:11 - [MESSAGE][INFO] - Starting invoke 'com.kms.katalon.core.annotation.BeforeTestCase' method: 'Listener.sampleBeforeTestSuite(...)'

2021-11-23 16:38:11 - [TEST_STEP][PASSED] - openBrowser(baseUrl): Browser is opened with url: 'https://efatura-stage.elogo.com.tr/'

2021-11-23 16:38:11 - [MESSAGE][INFO] - Opening browser

2021-11-23 16:38:11 - [MESSAGE][INFO] - Starting 'Chrome' driver

2021-11-23 16:38:11 - [MESSAGE][INFO] - User set preference: ['prefs', '{download.default_directory=C:\otomasyondownfiles}']

2021-11-23 16:38:11 - [MESSAGE][INFO] - Action delay is set to 0 milliseconds

2021-11-23 16:38:12 - [MESSAGE][INFO] - Navigating browser to: 'https://efatura-stage.elogo.com.tr/'

2021-11-23 16:38:14 - [MESSAGE][PASSED] - Browser is opened with url: 'https://efatura-stage.elogo.com.tr/'

2021-11-23 16:38:14 - [TEST_STEP][PASSED] - maximizeWindow(): Invoke 'com.kms.katalon.core.annotation.BeforeTestCase' method: 'Listener.sampleBeforeTestSuite(...)' completed.

2021-11-23 16:38:14 - [MESSAGE][INFO] - Maximizing current window

2021-11-23 16:38:14 - [MESSAGE][PASSED] - Current window maximized

2021-11-23 16:38:14 - [MESSAGE][INFO] - Invoke 'com.kms.katalon.core.annotation.BeforeTestCase' method: 'Listener.sampleBeforeTestSuite(...)' completed.

2021-11-23 16:38:15 - [TEST_STEP][PASSED] - runFeatureFile("Include/features/e-Makbuz/e-Mustahsil Uygulamasi/e-Mustahsil Makbuzlari/Iptal Et-Geri Al.feature"): Feature file: 'Include/features/e-Makbuz/e-Mustahsil Uygulamasi/e-Mustahsil Makbuzlari/Iptal Et-Geri Al.feature' was passed

2021-11-23 16:38:15 - [MESSAGE][INFO] - Starting run keyword runFeatureFile: 'Include/features/e-Makbuz/e-Mustahsil Uygulamasi/e-Mustahsil Makbuzlari/Iptal Et-Geri Al.feature' and extract report to folder: 'C:\Users\DELL\Documents\GitHub\EES_KatalonLogo\Reports\20211123_163326\Suite Repository\e-Makbuz\20211123_163348/cucumber_report/1637674695475'...

2021-11-23 16:38:15 - [MESSAGE][INFO] - Glue: []

2021-11-23 16:38:18 - [MESSAGE][INFO] - Checking called Test Case

2021-11-23 16:38:18 - [MESSAGE][INFO] - Starting to call Test Case 'Test Cases/Sayfalar/Giris_Sayfasi/Login'

2021-11-23 16:38:18 - [TEST_CASE][PASSED] - Test Cases/Sayfalar/Giris_Sayfasi/Login: Test Cases/Sayfalar/Giris_Sayfasi/Login

2021-11-23 16:38:18 - [TEST_STEP][PASSED] - Sayfa_Basligi = getWindowTitle(): Current window's title is: 'LOGO e-Fatura'

2021-11-23 16:38:18 - [MESSAGE][INFO] - Getting current window's title

2021-11-23 16:38:18 - [MESSAGE][PASSED] - Current window's title is: 'LOGO e-Fatura'

2021-11-23 16:38:18 - [TEST_STEP][PASSED] - verifyMatch(Sayfa_Basligi, "LOGO e-Fatura", false): Actual text 'LOGO e-Fatura' and expected text 'LOGO e-Fatura' are matched 

2021-11-23 16:38:18 - [MESSAGE][INFO] - Matching actual text 'LOGO e-Fatura' with expected text 'LOGO e-Fatura'

2021-11-23 16:38:18 - [MESSAGE][PASSED] - Actual text 'LOGO e-Fatura' and expected text 'LOGO e-Fatura' are matched 

2021-11-23 16:38:18 - [TEST_STEP][PASSED] - sendKeys(findTestObject("Sayfalar/Giris_Sayfasi/Firma_Kodu"), KullaniciAdi): Keys 'ELOGO6' sent to object: 'Object Repository/Sayfalar/Giris_Sayfasi/Firma_Kodu'

2021-11-23 16:38:18 - [MESSAGE][INFO] - Finding Test Object 'Object Repository/Sayfalar/Giris_Sayfasi/Firma_Kodu'

2021-11-23 16:38:18 - [MESSAGE][INFO] - Sending keys 'ELOGO6' to object: 'Object Repository/Sayfalar/Giris_Sayfasi/Firma_Kodu'

2021-11-23 16:38:18 - [MESSAGE][INFO] - Finding web element from Test Object's properties

2021-11-23 16:38:18 - [MESSAGE][INFO] - Checking timeout

2021-11-23 16:38:18 - [MESSAGE][INFO] - Finding web element with id: 'Object Repository/Sayfalar/Giris_Sayfasi/Firma_Kodu' located by 'By.xpath: //*[@id = 'AccountName']' in '30' second(s)

2021-11-23 16:38:18 - [MESSAGE][INFO] - Smart Wait Function is triggered

2021-11-23 16:38:18 - [MESSAGE][INFO] - Found 1 web elements with id: 'Object Repository/Sayfalar/Giris_Sayfasi/Firma_Kodu' located by 'By.xpath: //*[@id = 'AccountName']' in '30' second(s)

2021-11-23 16:38:18 - [MESSAGE][PASSED] - Keys 'ELOGO6' sent to object: 'Object Repository/Sayfalar/Giris_Sayfasi/Firma_Kodu'

2021-11-23 16:38:18 - [TEST_STEP][PASSED] - sendKeys(findTestObject("Sayfalar/Giris_Sayfasi/Sifre"), Sifre): Keys '123456' sent to object: 'Object Repository/Sayfalar/Giris_Sayfasi/Sifre'

2021-11-23 16:38:18 - [MESSAGE][INFO] - Finding Test Object 'Object Repository/Sayfalar/Giris_Sayfasi/Sifre'

2021-11-23 16:38:19 - [MESSAGE][INFO] - Sending keys '123456' to object: 'Object Repository/Sayfalar/Giris_Sayfasi/Sifre'

2021-11-23 16:38:19 - [MESSAGE][INFO] - Finding web element from Test Object's properties

2021-11-23 16:38:19 - [MESSAGE][INFO] - Checking timeout

2021-11-23 16:38:19 - [MESSAGE][INFO] - Finding web element with id: 'Object Repository/Sayfalar/Giris_Sayfasi/Sifre' located by 'By.xpath: //*[@id = 'Password']' in '30' second(s)

2021-11-23 16:38:19 - [MESSAGE][INFO] - Smart Wait Function is triggered

2021-11-23 16:38:19 - [MESSAGE][INFO] - Found 1 web elements with id: 'Object Repository/Sayfalar/Giris_Sayfasi/Sifre' located by 'By.xpath: //*[@id = 'Password']' in '30' second(s)

2021-11-23 16:38:19 - [MESSAGE][PASSED] - Keys '123456' sent to object: 'Object Repository/Sayfalar/Giris_Sayfasi/Sifre'

2021-11-23 16:38:19 - [TEST_STEP][PASSED] - findWebElement(findTestObject("Sayfalar/Giris_Sayfasi/Giris_Butonu")).click(): Found 1 web elements with id: 'Object Repository/Sayfalar/Giris_Sayfasi/Giris_Butonu' located by 'By.cssSelector: #btnLogin' in '30' second(s)

2021-11-23 16:38:19 - [MESSAGE][INFO] - Finding Test Object 'Object Repository/Sayfalar/Giris_Sayfasi/Giris_Butonu'

2021-11-23 16:38:20 - [MESSAGE][INFO] - Finding web element from Test Object's properties

2021-11-23 16:38:20 - [MESSAGE][INFO] - Checking timeout

2021-11-23 16:38:20 - [MESSAGE][INFO] - Finding web element with id: 'Object Repository/Sayfalar/Giris_Sayfasi/Giris_Butonu' located by 'By.cssSelector: #btnLogin' in '30' second(s)

2021-11-23 16:38:20 - [MESSAGE][INFO] - Smart Wait Function is triggered

2021-11-23 16:38:20 - [MESSAGE][INFO] - Found 1 web elements with id: 'Object Repository/Sayfalar/Giris_Sayfasi/Giris_Butonu' located by 'By.cssSelector: #btnLogin' in '30' second(s)

2021-11-23 16:38:23 - [TEST_STEP][PASSED] - if (verifyElementPresent(findTestObject("Object Repository/Sayfalar/Giris_Sayfasi/RetveTamam_Butonu"), 5, OPTIONAL)): null

2021-11-23 16:38:23 - [MESSAGE][INFO] - Finding Test Object 'Object Repository/Sayfalar/Giris_Sayfasi/RetveTamam_Butonu'

2021-11-23 16:38:23 - [MESSAGE][INFO] - Checking object

2021-11-23 16:38:23 - [MESSAGE][INFO] - Finding web element from Test Object's properties

2021-11-23 16:38:23 - [MESSAGE][INFO] - Checking timeout

2021-11-23 16:38:23 - [MESSAGE][INFO] - Finding web element with id: 'Object Repository/Sayfalar/Giris_Sayfasi/RetveTamam_Butonu' located by 'By.xpath: //*[@class = 'btn btn-default']' in '5' second(s)

2021-11-23 16:38:23 - [MESSAGE][INFO] - Smart Wait Function is triggered

2021-11-23 16:38:23 - [MESSAGE][INFO] - Found 1 web elements with id: 'Object Repository/Sayfalar/Giris_Sayfasi/RetveTamam_Butonu' located by 'By.xpath: //*[@class = 'btn btn-default']' in '5' second(s)

2021-11-23 16:38:23 - [MESSAGE][PASSED] - Object 'Object Repository/Sayfalar/Giris_Sayfasi/RetveTamam_Butonu' is present

2021-11-23 16:38:23 - [TEST_STEP][PASSED] - click(findTestObject("Object Repository/Sayfalar/Giris_Sayfasi/RetveTamam_Butonu")): Object: 'Object Repository/Sayfalar/Giris_Sayfasi/RetveTamam_Butonu' is clicked on

2021-11-23 16:38:23 - [MESSAGE][INFO] - Finding Test Object 'Object Repository/Sayfalar/Giris_Sayfasi/RetveTamam_Butonu'

2021-11-23 16:38:23 - [MESSAGE][INFO] - Checking object

2021-11-23 16:38:23 - [MESSAGE][INFO] - Finding web element from Test Object's properties

2021-11-23 16:38:23 - [MESSAGE][INFO] - Checking timeout

2021-11-23 16:38:23 - [MESSAGE][INFO] - Finding web element with id: 'Object Repository/Sayfalar/Giris_Sayfasi/RetveTamam_Butonu' located by 'By.xpath: //*[@class = 'btn btn-default']' in '30' second(s)

2021-11-23 16:38:23 - [MESSAGE][INFO] - Smart Wait Function is triggered

2021-11-23 16:38:23 - [MESSAGE][INFO] - Found 1 web elements with id: 'Object Repository/Sayfalar/Giris_Sayfasi/RetveTamam_Butonu' located by 'By.xpath: //*[@class = 'btn btn-default']' in '30' second(s)

2021-11-23 16:38:23 - [MESSAGE][INFO] - Clicking on object: 'Object Repository/Sayfalar/Giris_Sayfasi/RetveTamam_Butonu'

2021-11-23 16:38:23 - [MESSAGE][PASSED] - Object: 'Object Repository/Sayfalar/Giris_Sayfasi/RetveTamam_Butonu' is clicked on

2021-11-23 16:38:23 - [TEST_STEP][PASSED] - click(findTestObject("Object Repository/Sayfalar/Giris_Sayfasi/RetveTamam_Butonu")): Object: 'Object Repository/Sayfalar/Giris_Sayfasi/RetveTamam_Butonu' is clicked on

2021-11-23 16:38:23 - [MESSAGE][INFO] - Finding Test Object 'Object Repository/Sayfalar/Giris_Sayfasi/RetveTamam_Butonu'

2021-11-23 16:38:24 - [MESSAGE][INFO] - Checking object

2021-11-23 16:38:24 - [MESSAGE][INFO] - Finding web element from Test Object's properties

2021-11-23 16:38:24 - [MESSAGE][INFO] - Checking timeout

2021-11-23 16:38:24 - [MESSAGE][INFO] - Finding web element with id: 'Object Repository/Sayfalar/Giris_Sayfasi/RetveTamam_Butonu' located by 'By.xpath: //*[@class = 'btn btn-default']' in '30' second(s)

2021-11-23 16:38:24 - [MESSAGE][INFO] - Smart Wait Function is triggered

2021-11-23 16:38:26 - [MESSAGE][INFO] - Found 1 web elements with id: 'Object Repository/Sayfalar/Giris_Sayfasi/RetveTamam_Butonu' located by 'By.xpath: //*[@class = 'btn btn-default']' in '30' second(s)

2021-11-23 16:38:26 - [MESSAGE][INFO] - Clicking on object: 'Object Repository/Sayfalar/Giris_Sayfasi/RetveTamam_Butonu'

2021-11-23 16:38:26 - [MESSAGE][PASSED] - Object: 'Object Repository/Sayfalar/Giris_Sayfasi/RetveTamam_Butonu' is clicked on

2021-11-23 16:38:26 - [TEST_STEP][PASSED] - if (verifyElementPresent(findTestObject("Sayfalar/Giris_Sayfasi/PopupOK"), 5, OPTIONAL)): null

2021-11-23 16:38:26 - [MESSAGE][INFO] - Finding Test Object 'Object Repository/Sayfalar/Giris_Sayfasi/PopupOK'

2021-11-23 16:38:27 - [MESSAGE][INFO] - Checking object

2021-11-23 16:38:27 - [MESSAGE][INFO] - Finding web element from Test Object's properties

2021-11-23 16:38:27 - [MESSAGE][INFO] - Checking timeout

2021-11-23 16:38:27 - [MESSAGE][INFO] - Finding web element with id: 'Object Repository/Sayfalar/Giris_Sayfasi/PopupOK' located by 'By.cssSelector: .btn.btn-success' in '5' second(s)

2021-11-23 16:38:27 - [MESSAGE][INFO] - Smart Wait Function is triggered

2021-11-23 16:38:28 - [MESSAGE][INFO] - Found 1 web elements with id: 'Object Repository/Sayfalar/Giris_Sayfasi/PopupOK' located by 'By.cssSelector: .btn.btn-success' in '5' second(s)

2021-11-23 16:38:28 - [MESSAGE][PASSED] - Object 'Object Repository/Sayfalar/Giris_Sayfasi/PopupOK' is present

2021-11-23 16:38:28 - [TEST_STEP][PASSED] - click(findTestObject("Object Repository/Sayfalar/Giris_Sayfasi/PopupCarpiGiris")): Object: 'Object Repository/Sayfalar/Giris_Sayfasi/PopupCarpiGiris' is clicked on

2021-11-23 16:38:28 - [MESSAGE][INFO] - Finding Test Object 'Object Repository/Sayfalar/Giris_Sayfasi/PopupCarpiGiris'

2021-11-23 16:38:28 - [MESSAGE][INFO] - Checking object

2021-11-23 16:38:28 - [MESSAGE][INFO] - Finding web element from Test Object's properties

2021-11-23 16:38:28 - [MESSAGE][INFO] - Checking timeout

2021-11-23 16:38:28 - [MESSAGE][INFO] - Finding web element with id: 'Object Repository/Sayfalar/Giris_Sayfasi/PopupCarpiGiris' located by 'By.cssSelector: .bootbox-close-button.close' in '30' second(s)

2021-11-23 16:38:28 - [MESSAGE][INFO] - Smart Wait Function is triggered

2021-11-23 16:38:28 - [MESSAGE][INFO] - Found 1 web elements with id: 'Object Repository/Sayfalar/Giris_Sayfasi/PopupCarpiGiris' located by 'By.cssSelector: .bootbox-close-button.close' in '30' second(s)

2021-11-23 16:38:28 - [MESSAGE][INFO] - Clicking on object: 'Object Repository/Sayfalar/Giris_Sayfasi/PopupCarpiGiris'

2021-11-23 16:38:28 - [MESSAGE][PASSED] - Object: 'Object Repository/Sayfalar/Giris_Sayfasi/PopupCarpiGiris' is clicked on

2021-11-23 16:38:28 - [TEST_STEP][PASSED] - verifyElementVisible(findTestObject("Object Repository/Kullanici_Islemleri/KullaniciIslemleri")): Object 'Object Repository/Kullanici_Islemleri/KullaniciIslemleri' is visible

2021-11-23 16:38:28 - [MESSAGE][INFO] - Finding Test Object 'Object Repository/Kullanici_Islemleri/KullaniciIslemleri'

2021-11-23 16:38:28 - [MESSAGE][INFO] - Checking object

2021-11-23 16:38:28 - [MESSAGE][INFO] - Finding web element from Test Object's properties

2021-11-23 16:38:28 - [MESSAGE][INFO] - Checking timeout

2021-11-23 16:38:28 - [MESSAGE][INFO] - Finding web element with id: 'Object Repository/Kullanici_Islemleri/KullaniciIslemleri' located by 'By.cssSelector: .dropdown>a>img' in '30' second(s)

2021-11-23 16:38:28 - [MESSAGE][INFO] - Smart Wait Function is triggered

2021-11-23 16:38:29 - [MESSAGE][INFO] - Found 1 web elements with id: 'Object Repository/Kullanici_Islemleri/KullaniciIslemleri' located by 'By.cssSelector: .dropdown>a>img' in '30' second(s)

2021-11-23 16:38:29 - [MESSAGE][PASSED] - Object 'Object Repository/Kullanici_Islemleri/KullaniciIslemleri' is visible

2021-11-23 16:38:29 - [MESSAGE][PASSED] - Call Test Case 'Test Cases/Sayfalar/Giris_Sayfasi/Login' successfully

2021-11-23 16:38:29 - [MESSAGE][INFO] - Checking called Test Case

2021-11-23 16:38:29 - [MESSAGE][INFO] - Starting to call Test Case 'Test Cases/Menu/AnaMenuSecimi'

2021-11-23 16:38:29 - [TEST_CASE][PASSED] - Test Cases/Menu/AnaMenuSecimi: Test Cases/Menu/AnaMenuSecimi

2021-11-23 16:38:29 - [TEST_STEP][PASSED] - Method.TextDegerineEsitElementeTikla(findTestObject("Menu/Ana_Menu"), Ana_Menu): Method.TextDegerineEsitElementeTikla is PASSED

2021-11-23 16:38:29 - [MESSAGE][INFO] - Finding Test Object 'Object Repository/Menu/Ana_Menu'

2021-11-23 16:38:29 - [MESSAGE][INFO] - Checking timeout

2021-11-23 16:38:29 - [MESSAGE][INFO] - Finding web element with id: 'Object Repository/Menu/Ana_Menu' located by 'By.xpath: //*[@class = 'dropdown-toggle']' in '10' second(s)

2021-11-23 16:38:29 - [MESSAGE][INFO] - Smart Wait Function is triggered

2021-11-23 16:38:29 - [MESSAGE][INFO] - Found 14 web elements with id: 'Object Repository/Menu/Ana_Menu' located by 'By.xpath: //*[@class = 'dropdown-toggle']' in '10' second(s)

2021-11-23 16:38:30 - [MESSAGE][PASSED] - Method.TextDegerineEsitElementeTikla is PASSED

2021-11-23 16:38:30 - [MESSAGE][PASSED] - Call Test Case 'Test Cases/Menu/AnaMenuSecimi' successfully

2021-11-23 16:38:30 - [MESSAGE][INFO] - Checking called Test Case

2021-11-23 16:38:30 - [MESSAGE][INFO] - Starting to call Test Case 'Test Cases/Menu/BasligaGoreAltMenuSecimi'

2021-11-23 16:38:30 - [TEST_CASE][PASSED] - Test Cases/Menu/BasligaGoreAltMenuSecimi: Test Cases/Menu/BasligaGoreAltMenuSecimi

2021-11-23 16:38:30 - [TEST_STEP][PASSED] - Method.TextDegerineEsitElementinAltindakiTextDegerineEsitOlanaTikla(findTestObject("Menu/Menu_Basligi"), findTestObject("Menu/Basliga_Gore_Alt_Menu"), Baslik, Alt_Menu): Method.TextDegerineEsitElementinAltindakiTextDegerineEsitOlanaTikla is PASSED

2021-11-23 16:38:30 - [MESSAGE][INFO] - Finding Test Object 'Object Repository/Menu/Menu_Basligi'

2021-11-23 16:38:30 - [MESSAGE][INFO] - Finding Test Object 'Object Repository/Menu/Basliga_Gore_Alt_Menu'

2021-11-23 16:38:30 - [MESSAGE][INFO] - Checking timeout

2021-11-23 16:38:30 - [MESSAGE][INFO] - Finding web element with id: 'Object Repository/Menu/Menu_Basligi' located by 'By.xpath: //li[@class='dropdown dropdown-large open']//li[@class='dropdown-header']' in '10' second(s)

2021-11-23 16:38:30 - [MESSAGE][INFO] - Smart Wait Function is triggered

2021-11-23 16:38:30 - [MESSAGE][INFO] - Found 2 web elements with id: 'Object Repository/Menu/Menu_Basligi' located by 'By.xpath: //li[@class='dropdown dropdown-large open']//li[@class='dropdown-header']' in '10' second(s)

2021-11-23 16:38:30 - [MESSAGE][INFO] - Smart Wait Function is triggered

2021-11-23 16:38:33 - [MESSAGE][PASSED] - Method.TextDegerineEsitElementinAltindakiTextDegerineEsitOlanaTikla is PASSED

2021-11-23 16:38:33 - [MESSAGE][PASSED] - Call Test Case 'Test Cases/Menu/BasligaGoreAltMenuSecimi' successfully

2021-11-23 16:38:33 - [MESSAGE][INFO] - Checking called Test Case

2021-11-23 16:38:33 - [MESSAGE][INFO] - Starting to call Test Case 'Test Cases/Filtreler/BaslangicYaz'

2021-11-23 16:38:33 - [TEST_CASE][PASSED] - Test Cases/Filtreler/BaslangicYaz: Test Cases/Filtreler/BaslangicYaz

2021-11-23 16:38:33 - [TEST_STEP][PASSED] - delay(3): Delayed 3 second(s)

2021-11-23 16:38:33 - [MESSAGE][INFO] - Delaying browser in 3 second(s)

2021-11-23 16:38:36 - [MESSAGE][PASSED] - Delayed 3 second(s)

2021-11-23 16:38:36 - [TEST_STEP][PASSED] - Method.TextDegerineEsitElementinAltindakineTikla(findTestObject("Filtreler/Basliklar"), findTestObject("Filtreler/Basliga_Gore_Baslangic_Image"), Filtre_Adi): Method.TextDegerineEsitElementinAltindakineTikla is PASSED

2021-11-23 16:38:36 - [MESSAGE][INFO] - Finding Test Object 'Object Repository/Filtreler/Basliklar'

2021-11-23 16:38:36 - [MESSAGE][INFO] - Finding Test Object 'Object Repository/Filtreler/Basliga_Gore_Baslangic_Image'

2021-11-23 16:38:36 - [MESSAGE][INFO] - Checking timeout

2021-11-23 16:38:36 - [MESSAGE][INFO] - Finding web element with id: 'Object Repository/Filtreler/Basliklar' located by 'By.cssSelector: .control-label.col-sm-4.paddingMarginRLC' in '10' second(s)

2021-11-23 16:38:36 - [MESSAGE][INFO] - Smart Wait Function is triggered

2021-11-23 16:38:37 - [MESSAGE][INFO] - Found 14 web elements with id: 'Object Repository/Filtreler/Basliklar' located by 'By.cssSelector: .control-label.col-sm-4.paddingMarginRLC' in '10' second(s)

2021-11-23 16:38:37 - [MESSAGE][INFO] - Smart Wait Function is triggered

2021-11-23 16:38:37 - [MESSAGE][PASSED] - Method.TextDegerineEsitElementinAltindakineTikla is PASSED

2021-11-23 16:38:37 - [TEST_STEP][PASSED] - Method.TextDegerineEsitElementinAltindakiTextboxtaYaz(findTestObject("Filtreler/Basliklar"), findTestObject("Filtreler/Basliga_Gore_Baslangic"), Filtre_Adi, Filtre_Degeri): Method.TextDegerineEsitElementinAltindakiTextboxtaYaz is PASSED

2021-11-23 16:38:37 - [MESSAGE][INFO] - Finding Test Object 'Object Repository/Filtreler/Basliklar'

2021-11-23 16:38:37 - [MESSAGE][INFO] - Finding Test Object 'Object Repository/Filtreler/Basliga_Gore_Baslangic'

2021-11-23 16:38:37 - [MESSAGE][INFO] - Checking timeout

2021-11-23 16:38:37 - [MESSAGE][INFO] - Finding web element with id: 'Object Repository/Filtreler/Basliklar' located by 'By.cssSelector: .control-label.col-sm-4.paddingMarginRLC' in '10' second(s)

2021-11-23 16:38:37 - [MESSAGE][INFO] - Smart Wait Function is triggered

2021-11-23 16:38:38 - [MESSAGE][INFO] - Found 14 web elements with id: 'Object Repository/Filtreler/Basliklar' located by 'By.cssSelector: .control-label.col-sm-4.paddingMarginRLC' in '10' second(s)

2021-11-23 16:38:38 - [MESSAGE][INFO] - Smart Wait Function is triggered

2021-11-23 16:38:38 - [MESSAGE][PASSED] - Method.TextDegerineEsitElementinAltindakiTextboxtaYaz is PASSED

2021-11-23 16:38:38 - [MESSAGE][PASSED] - Call Test Case 'Test Cases/Filtreler/BaslangicYaz' successfully

2021-11-23 16:38:38 - [MESSAGE][INFO] - Checking called Test Case

2021-11-23 16:38:38 - [MESSAGE][INFO] - Starting to call Test Case 'Test Cases/Filtreler/BitisYaz'

2021-11-23 16:38:38 - [TEST_CASE][PASSED] - Test Cases/Filtreler/BitisYaz: Test Cases/Filtreler/BitisYaz

2021-11-23 16:38:38 - [TEST_STEP][PASSED] - Method.TextDegerineEsitElementinAltindakineTikla(findTestObject("Filtreler/Basliklar"), findTestObject("Filtreler/Basliga_Gore_Bitis_Image"), Filtre_Adi): Method.TextDegerineEsitElementinAltindakineTikla is PASSED

2021-11-23 16:38:38 - [MESSAGE][INFO] - Finding Test Object 'Object Repository/Filtreler/Basliklar'

2021-11-23 16:38:38 - [MESSAGE][INFO] - Finding Test Object 'Object Repository/Filtreler/Basliga_Gore_Bitis_Image'

2021-11-23 16:38:38 - [MESSAGE][INFO] - Checking timeout

2021-11-23 16:38:38 - [MESSAGE][INFO] - Finding web element with id: 'Object Repository/Filtreler/Basliklar' located by 'By.cssSelector: .control-label.col-sm-4.paddingMarginRLC' in '10' second(s)

2021-11-23 16:38:38 - [MESSAGE][INFO] - Smart Wait Function is triggered

2021-11-23 16:38:39 - [MESSAGE][INFO] - Found 14 web elements with id: 'Object Repository/Filtreler/Basliklar' located by 'By.cssSelector: .control-label.col-sm-4.paddingMarginRLC' in '10' second(s)

2021-11-23 16:38:39 - [MESSAGE][INFO] - Smart Wait Function is triggered

2021-11-23 16:38:39 - [MESSAGE][PASSED] - Method.TextDegerineEsitElementinAltindakineTikla is PASSED

2021-11-23 16:38:39 - [TEST_STEP][PASSED] - Method.TextDegerineEsitElementinAltindakiTextboxtaYaz(findTestObject("Filtreler/Basliklar"), findTestObject("Object Repository/Filtreler/Basliga_Gore_Bitis"), Filtre_Adi, Filtre_Degeri): Method.TextDegerineEsitElementinAltindakiTextboxtaYaz is PASSED

2021-11-23 16:38:39 - [MESSAGE][INFO] - Finding Test Object 'Object Repository/Filtreler/Basliklar'

2021-11-23 16:38:39 - [MESSAGE][INFO] - Finding Test Object 'Object Repository/Filtreler/Basliga_Gore_Bitis'

2021-11-23 16:38:39 - [MESSAGE][INFO] - Checking timeout

2021-11-23 16:38:39 - [MESSAGE][INFO] - Finding web element with id: 'Object Repository/Filtreler/Basliklar' located by 'By.cssSelector: .control-label.col-sm-4.paddingMarginRLC' in '10' second(s)

2021-11-23 16:38:39 - [MESSAGE][INFO] - Smart Wait Function is triggered

2021-11-23 16:38:40 - [MESSAGE][INFO] - Found 14 web elements with id: 'Object Repository/Filtreler/Basliklar' located by 'By.cssSelector: .control-label.col-sm-4.paddingMarginRLC' in '10' second(s)

2021-11-23 16:38:40 - [MESSAGE][INFO] - Smart Wait Function is triggered

2021-11-23 16:38:40 - [MESSAGE][PASSED] - Method.TextDegerineEsitElementinAltindakiTextboxtaYaz is PASSED

2021-11-23 16:38:40 - [MESSAGE][PASSED] - Call Test Case 'Test Cases/Filtreler/BitisYaz' successfully

2021-11-23 16:38:40 - [MESSAGE][INFO] - Checking called Test Case

2021-11-23 16:38:40 - [MESSAGE][INFO] - Starting to call Test Case 'Test Cases/Filtreler/ButonaTikla'

2021-11-23 16:38:40 - [TEST_CASE][PASSED] - Test Cases/Filtreler/ButonaTikla: Test Cases/Filtreler/ButonaTikla

2021-11-23 16:38:40 - [TEST_STEP][PASSED] - Method.TextDegerineEsitElementeTikla(findTestObject("Filtreler/Butonlar"), Filtre_Buton): Method.TextDegerineEsitElementeTikla is PASSED

2021-11-23 16:38:40 - [MESSAGE][INFO] - Finding Test Object 'Object Repository/Filtreler/Butonlar'

2021-11-23 16:38:40 - [MESSAGE][INFO] - Checking timeout

2021-11-23 16:38:40 - [MESSAGE][INFO] - Finding web element with id: 'Object Repository/Filtreler/Butonlar' located by 'By.cssSelector: .dxb>span' in '10' second(s)

2021-11-23 16:38:40 - [MESSAGE][INFO] - Smart Wait Function is triggered

2021-11-23 16:38:41 - [MESSAGE][INFO] - Found 3 web elements with id: 'Object Repository/Filtreler/Butonlar' located by 'By.cssSelector: .dxb>span' in '10' second(s)

2021-11-23 16:38:41 - [MESSAGE][PASSED] - Method.TextDegerineEsitElementeTikla is PASSED

2021-11-23 16:38:41 - [MESSAGE][PASSED] - Call Test Case 'Test Cases/Filtreler/ButonaTikla' successfully

2021-11-23 16:38:41 - [MESSAGE][INFO] - Checking called Test Case

2021-11-23 16:38:41 - [MESSAGE][INFO] - Starting to call Test Case 'Test Cases/Tablo/TablodaVeriVarMi'

2021-11-23 16:38:41 - [TEST_CASE][PASSED] - Test Cases/Tablo/TablodaVeriVarMi: Test Cases/Tablo/TablodaVeriVarMi

2021-11-23 16:38:41 - [TEST_STEP][PASSED] - verifyTextNotPresent("Görüntülenecek veri yok", true): Text 'Görüntülenecek veri yok' is not present on page using regular expression

2021-11-23 16:38:41 - [MESSAGE][INFO] - Checking text present  using regular expression

2021-11-23 16:38:41 - [MESSAGE][INFO] - Smart Wait Function is triggered

2021-11-23 16:38:42 - [MESSAGE][INFO] - Finding text 'Görüntülenecek veri yok' on page  using regular expression

2021-11-23 16:38:42 - [MESSAGE][PASSED] - Text 'Görüntülenecek veri yok' is not present on page using regular expression

2021-11-23 16:38:42 - [MESSAGE][PASSED] - Call Test Case 'Test Cases/Tablo/TablodaVeriVarMi' successfully

2021-11-23 16:38:42 - [MESSAGE][INFO] - Checking called Test Case

2021-11-23 16:38:42 - [MESSAGE][INFO] - Starting to call Test Case 'Test Cases/Tablo/TablodanVeriSec'

2021-11-23 16:38:42 - [TEST_CASE][PASSED] - Test Cases/Tablo/TablodanVeriSec: Test Cases/Tablo/TablodanVeriSec

2021-11-23 16:38:42 - [TEST_STEP][PASSED] - Method.TextDegerineEsitElementinAltindakineTikla(findTestObject("Tablo/Veriler"), findTestObject("Tablo/VerininCheckBoxi"), Veri_Adi): Method.TextDegerineEsitElementinAltindakineTikla is PASSED

2021-11-23 16:38:42 - [MESSAGE][INFO] - Finding Test Object 'Object Repository/Tablo/Veriler'

2021-11-23 16:38:42 - [MESSAGE][INFO] - Finding Test Object 'Object Repository/Tablo/VerininCheckBoxi'

2021-11-23 16:38:42 - [MESSAGE][INFO] - Checking timeout

2021-11-23 16:38:42 - [MESSAGE][INFO] - Finding web element with id: 'Object Repository/Tablo/Veriler' located by 'By.cssSelector: td.dxgv b ,td.dxgv' in '10' second(s)

2021-11-23 16:38:42 - [MESSAGE][INFO] - Smart Wait Function is triggered

2021-11-23 16:38:43 - [MESSAGE][INFO] - Found 130 web elements with id: 'Object Repository/Tablo/Veriler' located by 'By.cssSelector: td.dxgv b ,td.dxgv' in '10' second(s)

2021-11-23 16:38:43 - [MESSAGE][INFO] - Smart Wait Function is triggered

2021-11-23 16:38:43 - [MESSAGE][PASSED] - Method.TextDegerineEsitElementinAltindakineTikla is PASSED

2021-11-23 16:38:43 - [MESSAGE][PASSED] - Call Test Case 'Test Cases/Tablo/TablodanVeriSec' successfully

2021-11-23 16:38:43 - [MESSAGE][INFO] - Checking called Test Case

2021-11-23 16:38:43 - [MESSAGE][INFO] - Starting to call Test Case 'Test Cases/Butonlar/ButonaTikla'

2021-11-23 16:38:43 - [TEST_CASE][PASSED] - Test Cases/Butonlar/ButonaTikla: Test Cases/Butonlar/ButonaTikla

2021-11-23 16:38:43 - [TEST_STEP][PASSED] - Method.TextDegerineEsitElementeTiklaEquals(findTestObject("Butonlar/Butonlar"), Buton_Adi): Method.TextDegerineEsitElementeTiklaEquals is PASSED

2021-11-23 16:38:43 - [MESSAGE][INFO] - Finding Test Object 'Object Repository/Butonlar/Butonlar'

2021-11-23 16:38:43 - [MESSAGE][INFO] - Checking timeout

2021-11-23 16:38:43 - [MESSAGE][INFO] - Finding web element with id: 'Object Repository/Butonlar/Butonlar' located by 'By.cssSelector: .panel.panel-default.text-center.footerPanel .btn,.btn.btn-primary.btnControls' in '10' second(s)

2021-11-23 16:38:43 - [MESSAGE][INFO] - Smart Wait Function is triggered

2021-11-23 16:38:44 - [MESSAGE][INFO] - Found 13 web elements with id: 'Object Repository/Butonlar/Butonlar' located by 'By.cssSelector: .panel.panel-default.text-center.footerPanel .btn,.btn.btn-primary.btnControls' in '10' second(s)

2021-11-23 16:38:44 - [MESSAGE][PASSED] - Method.TextDegerineEsitElementeTiklaEquals is PASSED

2021-11-23 16:38:44 - [MESSAGE][PASSED] - Call Test Case 'Test Cases/Butonlar/ButonaTikla' successfully

2021-11-23 16:38:44 - [MESSAGE][INFO] - Checking called Test Case

2021-11-23 16:38:44 - [MESSAGE][INFO] - Starting to call Test Case 'Test Cases/Popup/PopupMesajiIceriyorMu'

2021-11-23 16:38:44 - [TEST_CASE][PASSED] - Test Cases/Popup/PopupMesajiIceriyorMu: Test Cases/Popup/PopupMesajiIceriyorMu

2021-11-23 16:38:44 - [TEST_STEP][PASSED] - waitForElementVisible(findTestObject("Popup/Popup"), 10): Object 'Object Repository/Popup/Popup' is visible

2021-11-23 16:38:44 - [MESSAGE][INFO] - Finding Test Object 'Object Repository/Popup/Popup'

2021-11-23 16:38:44 - [MESSAGE][INFO] - Checking object

2021-11-23 16:38:44 - [MESSAGE][INFO] - Checking timeout

2021-11-23 16:38:44 - [MESSAGE][INFO] - Finding web element from Test Object's properties

2021-11-23 16:38:44 - [MESSAGE][INFO] - Checking timeout

2021-11-23 16:38:44 - [MESSAGE][INFO] - Finding web element with id: 'Object Repository/Popup/Popup' located by 'By.cssSelector: .bootbox-body' in '10' second(s)

2021-11-23 16:38:44 - [MESSAGE][INFO] - Smart Wait Function is triggered

2021-11-23 16:38:45 - [MESSAGE][INFO] - Found 1 web elements with id: 'Object Repository/Popup/Popup' located by 'By.cssSelector: .bootbox-body' in '10' second(s)

2021-11-23 16:38:45 - [MESSAGE][PASSED] - Object 'Object Repository/Popup/Popup' is visible

2021-11-23 16:38:45 - [TEST_STEP][PASSED] - if (!(getText(findTestObject("Popup/Popup")).contains(Mesaj))): Text of object 'Object Repository/Popup/Popup' is: 'Seçilen makbuzlardan başarılı durumunda olanlar iptal edilecektir onaylıyor musunuz?'

2021-11-23 16:38:45 - [MESSAGE][INFO] - Finding Test Object 'Object Repository/Popup/Popup'

2021-11-23 16:38:45 - [MESSAGE][INFO] - Checking object

2021-11-23 16:38:45 - [MESSAGE][INFO] - Finding web element from Test Object's properties

2021-11-23 16:38:45 - [MESSAGE][INFO] - Checking timeout

2021-11-23 16:38:45 - [MESSAGE][INFO] - Finding web element with id: 'Object Repository/Popup/Popup' located by 'By.cssSelector: .bootbox-body' in '30' second(s)

2021-11-23 16:38:45 - [MESSAGE][INFO] - Smart Wait Function is triggered

2021-11-23 16:38:45 - [MESSAGE][INFO] - Found 1 web elements with id: 'Object Repository/Popup/Popup' located by 'By.cssSelector: .bootbox-body' in '30' second(s)

2021-11-23 16:38:45 - [MESSAGE][INFO] - Getting text of object 'Object Repository/Popup/Popup'

2021-11-23 16:38:45 - [MESSAGE][PASSED] - Text of object 'Object Repository/Popup/Popup' is: 'Seçilen makbuzlardan başarılı durumunda olanlar iptal edilecektir onaylıyor musunuz?'

2021-11-23 16:38:45 - [TEST_STEP][PASSED] - RaporNo = getText(findTestObject("Popup/Popup")).substring(0, 6): Text of object 'Object Repository/Popup/Popup' is: 'Seçilen makbuzlardan başarılı durumunda olanlar iptal edilecektir onaylıyor musunuz?'

2021-11-23 16:38:45 - [MESSAGE][INFO] - Finding Test Object 'Object Repository/Popup/Popup'

2021-11-23 16:38:45 - [MESSAGE][INFO] - Checking object

2021-11-23 16:38:45 - [MESSAGE][INFO] - Finding web element from Test Object's properties

2021-11-23 16:38:45 - [MESSAGE][INFO] - Checking timeout

2021-11-23 16:38:45 - [MESSAGE][INFO] - Finding web element with id: 'Object Repository/Popup/Popup' located by 'By.cssSelector: .bootbox-body' in '30' second(s)

2021-11-23 16:38:45 - [MESSAGE][INFO] - Smart Wait Function is triggered

2021-11-23 16:38:46 - [MESSAGE][INFO] - Found 1 web elements with id: 'Object Repository/Popup/Popup' located by 'By.cssSelector: .bootbox-body' in '30' second(s)

2021-11-23 16:38:46 - [MESSAGE][INFO] - Getting text of object 'Object Repository/Popup/Popup'

2021-11-23 16:38:46 - [MESSAGE][PASSED] - Text of object 'Object Repository/Popup/Popup' is: 'Seçilen makbuzlardan başarılı durumunda olanlar iptal edilecektir onaylıyor musunuz?'

2021-11-23 16:38:46 - [TEST_STEP][PASSED] - Console.println(RaporNo): null

2021-11-23 16:38:46 - [MESSAGE][PASSED] - Call Test Case 'Test Cases/Popup/PopupMesajiIceriyorMu' successfully

2021-11-23 16:38:46 - [MESSAGE][INFO] - Checking called Test Case

2021-11-23 16:38:46 - [MESSAGE][INFO] - Starting to call Test Case 'Test Cases/Popup/PopupButonSecilir'

2021-11-23 16:38:46 - [TEST_CASE][PASSED] - Test Cases/Popup/PopupButonSecilir: Test Cases/Popup/PopupButonSecilir

2021-11-23 16:38:46 - [TEST_STEP][PASSED] - Method.TextDegerineEsitElementeTikla(findTestObject("Popup/Popup_Butons"), Buton): Method.TextDegerineEsitElementeTikla is PASSED

2021-11-23 16:38:46 - [MESSAGE][INFO] - Finding Test Object 'Object Repository/Popup/Popup_Butons'

2021-11-23 16:38:46 - [MESSAGE][INFO] - Checking timeout

2021-11-23 16:38:46 - [MESSAGE][INFO] - Finding web element with id: 'Object Repository/Popup/Popup_Butons' located by 'By.cssSelector: .modal-footer>button' in '10' second(s)

2021-11-23 16:38:46 - [MESSAGE][INFO] - Smart Wait Function is triggered

2021-11-23 16:38:46 - [MESSAGE][INFO] - Found 2 web elements with id: 'Object Repository/Popup/Popup_Butons' located by 'By.cssSelector: .modal-footer>button' in '10' second(s)

2021-11-23 16:38:46 - [MESSAGE][PASSED] - Method.TextDegerineEsitElementeTikla is PASSED

2021-11-23 16:38:46 - [MESSAGE][PASSED] - Call Test Case 'Test Cases/Popup/PopupButonSecilir' successfully

2021-11-23 16:38:46 - [MESSAGE][INFO] - Checking called Test Case

2021-11-23 16:38:46 - [MESSAGE][INFO] - Starting to call Test Case 'Test Cases/Popup/PopupMesajiIceriyorMu'

2021-11-23 16:38:46 - [TEST_CASE][PASSED] - Test Cases/Popup/PopupMesajiIceriyorMu: Test Cases/Popup/PopupMesajiIceriyorMu

2021-11-23 16:38:46 - [TEST_STEP][PASSED] - waitForElementVisible(findTestObject("Popup/Popup"), 10): Object 'Object Repository/Popup/Popup' is visible

2021-11-23 16:38:46 - [MESSAGE][INFO] - Finding Test Object 'Object Repository/Popup/Popup'

2021-11-23 16:38:46 - [MESSAGE][INFO] - Checking object

2021-11-23 16:38:46 - [MESSAGE][INFO] - Checking timeout

2021-11-23 16:38:46 - [MESSAGE][INFO] - Finding web element from Test Object's properties

2021-11-23 16:38:46 - [MESSAGE][INFO] - Checking timeout

2021-11-23 16:38:46 - [MESSAGE][INFO] - Finding web element with id: 'Object Repository/Popup/Popup' located by 'By.cssSelector: .bootbox-body' in '10' second(s)

2021-11-23 16:38:46 - [MESSAGE][INFO] - Smart Wait Function is triggered

2021-11-23 16:38:47 - [MESSAGE][INFO] - Found 1 web elements with id: 'Object Repository/Popup/Popup' located by 'By.cssSelector: .bootbox-body' in '10' second(s)

2021-11-23 16:38:47 - [MESSAGE][PASSED] - Object 'Object Repository/Popup/Popup' is visible

2021-11-23 16:38:47 - [TEST_STEP][PASSED] - if (!(getText(findTestObject("Popup/Popup")).contains(Mesaj))): Text of object 'Object Repository/Popup/Popup' is: 'Başarılı durumdaki belgeler iptal edilmiştir.'

2021-11-23 16:38:47 - [MESSAGE][INFO] - Finding Test Object 'Object Repository/Popup/Popup'

2021-11-23 16:38:47 - [MESSAGE][INFO] - Checking object

2021-11-23 16:38:47 - [MESSAGE][INFO] - Finding web element from Test Object's properties

2021-11-23 16:38:47 - [MESSAGE][INFO] - Checking timeout

2021-11-23 16:38:47 - [MESSAGE][INFO] - Finding web element with id: 'Object Repository/Popup/Popup' located by 'By.cssSelector: .bootbox-body' in '30' second(s)

2021-11-23 16:38:47 - [MESSAGE][INFO] - Smart Wait Function is triggered

2021-11-23 16:38:47 - [MESSAGE][INFO] - Found 1 web elements with id: 'Object Repository/Popup/Popup' located by 'By.cssSelector: .bootbox-body' in '30' second(s)

2021-11-23 16:38:47 - [MESSAGE][INFO] - Getting text of object 'Object Repository/Popup/Popup'

2021-11-23 16:38:47 - [MESSAGE][PASSED] - Text of object 'Object Repository/Popup/Popup' is: 'Başarılı durumdaki belgeler iptal edilmiştir.'

2021-11-23 16:38:47 - [TEST_STEP][PASSED] - RaporNo = getText(findTestObject("Popup/Popup")).substring(0, 6): Text of object 'Object Repository/Popup/Popup' is: 'Başarılı durumdaki belgeler iptal edilmiştir.'

2021-11-23 16:38:47 - [MESSAGE][INFO] - Finding Test Object 'Object Repository/Popup/Popup'

2021-11-23 16:38:47 - [MESSAGE][INFO] - Checking object

2021-11-23 16:38:47 - [MESSAGE][INFO] - Finding web element from Test Object's properties

2021-11-23 16:38:47 - [MESSAGE][INFO] - Checking timeout

2021-11-23 16:38:47 - [MESSAGE][INFO] - Finding web element with id: 'Object Repository/Popup/Popup' located by 'By.cssSelector: .bootbox-body' in '30' second(s)

2021-11-23 16:38:47 - [MESSAGE][INFO] - Smart Wait Function is triggered

2021-11-23 16:38:48 - [MESSAGE][INFO] - Found 1 web elements with id: 'Object Repository/Popup/Popup' located by 'By.cssSelector: .bootbox-body' in '30' second(s)

2021-11-23 16:38:48 - [MESSAGE][INFO] - Getting text of object 'Object Repository/Popup/Popup'

2021-11-23 16:38:48 - [MESSAGE][PASSED] - Text of object 'Object Repository/Popup/Popup' is: 'Başarılı durumdaki belgeler iptal edilmiştir.'

2021-11-23 16:38:48 - [TEST_STEP][PASSED] - Console.println(RaporNo): null

2021-11-23 16:38:48 - [MESSAGE][PASSED] - Call Test Case 'Test Cases/Popup/PopupMesajiIceriyorMu' successfully

2021-11-23 16:38:48 - [MESSAGE][INFO] - Checking called Test Case

2021-11-23 16:38:48 - [MESSAGE][INFO] - Starting to call Test Case 'Test Cases/Popup/PopupButonSecilir'

2021-11-23 16:38:48 - [TEST_CASE][PASSED] - Test Cases/Popup/PopupButonSecilir: Test Cases/Popup/PopupButonSecilir

2021-11-23 16:38:48 - [TEST_STEP][PASSED] - Method.TextDegerineEsitElementeTikla(findTestObject("Popup/Popup_Butons"), Buton): Method.TextDegerineEsitElementeTikla is PASSED

2021-11-23 16:38:48 - [MESSAGE][INFO] - Finding Test Object 'Object Repository/Popup/Popup_Butons'

2021-11-23 16:38:48 - [MESSAGE][INFO] - Checking timeout

2021-11-23 16:38:48 - [MESSAGE][INFO] - Finding web element with id: 'Object Repository/Popup/Popup_Butons' located by 'By.cssSelector: .modal-footer>button' in '10' second(s)

2021-11-23 16:38:48 - [MESSAGE][INFO] - Smart Wait Function is triggered

2021-11-23 16:38:48 - [MESSAGE][INFO] - Found 1 web elements with id: 'Object Repository/Popup/Popup_Butons' located by 'By.cssSelector: .modal-footer>button' in '10' second(s)

2021-11-23 16:38:48 - [MESSAGE][PASSED] - Method.TextDegerineEsitElementeTikla is PASSED

2021-11-23 16:38:48 - [MESSAGE][PASSED] - Call Test Case 'Test Cases/Popup/PopupButonSecilir' successfully

2021-11-23 16:38:48 - [MESSAGE][INFO] - Checking called Test Case

2021-11-23 16:38:48 - [MESSAGE][INFO] - Starting to call Test Case 'Test Cases/Butonlar/ButonaTikla'

2021-11-23 16:38:48 - [TEST_CASE][PASSED] - Test Cases/Butonlar/ButonaTikla: Test Cases/Butonlar/ButonaTikla

2021-11-23 16:38:48 - [TEST_STEP][PASSED] - Method.TextDegerineEsitElementeTiklaEquals(findTestObject("Butonlar/Butonlar"), Buton_Adi): Method.TextDegerineEsitElementeTiklaEquals is PASSED

2021-11-23 16:38:48 - [MESSAGE][INFO] - Finding Test Object 'Object Repository/Butonlar/Butonlar'

2021-11-23 16:38:48 - [MESSAGE][INFO] - Checking timeout

2021-11-23 16:38:48 - [MESSAGE][INFO] - Finding web element with id: 'Object Repository/Butonlar/Butonlar' located by 'By.cssSelector: .panel.panel-default.text-center.footerPanel .btn,.btn.btn-primary.btnControls' in '10' second(s)

2021-11-23 16:38:48 - [MESSAGE][INFO] - Smart Wait Function is triggered

2021-11-23 16:38:49 - [MESSAGE][INFO] - Found 13 web elements with id: 'Object Repository/Butonlar/Butonlar' located by 'By.cssSelector: .panel.panel-default.text-center.footerPanel .btn,.btn.btn-primary.btnControls' in '10' second(s)

2021-11-23 16:38:49 - [MESSAGE][PASSED] - Method.TextDegerineEsitElementeTiklaEquals is PASSED

2021-11-23 16:38:49 - [MESSAGE][PASSED] - Call Test Case 'Test Cases/Butonlar/ButonaTikla' successfully

2021-11-23 16:38:49 - [MESSAGE][INFO] - Checking called Test Case

2021-11-23 16:38:49 - [MESSAGE][INFO] - Starting to call Test Case 'Test Cases/Popup/PopupMesajiIceriyorMu'

2021-11-23 16:38:49 - [TEST_CASE][PASSED] - Test Cases/Popup/PopupMesajiIceriyorMu: Test Cases/Popup/PopupMesajiIceriyorMu

2021-11-23 16:38:49 - [TEST_STEP][PASSED] - waitForElementVisible(findTestObject("Popup/Popup"), 10): Object 'Object Repository/Popup/Popup' is visible

2021-11-23 16:38:49 - [MESSAGE][INFO] - Finding Test Object 'Object Repository/Popup/Popup'

2021-11-23 16:38:49 - [MESSAGE][INFO] - Checking object

2021-11-23 16:38:49 - [MESSAGE][INFO] - Checking timeout

2021-11-23 16:38:49 - [MESSAGE][INFO] - Finding web element from Test Object's properties

2021-11-23 16:38:49 - [MESSAGE][INFO] - Checking timeout

2021-11-23 16:38:49 - [MESSAGE][INFO] - Finding web element with id: 'Object Repository/Popup/Popup' located by 'By.cssSelector: .bootbox-body' in '10' second(s)

2021-11-23 16:38:49 - [MESSAGE][INFO] - Smart Wait Function is triggered

2021-11-23 16:38:50 - [MESSAGE][INFO] - Found 1 web elements with id: 'Object Repository/Popup/Popup' located by 'By.cssSelector: .bootbox-body' in '10' second(s)

2021-11-23 16:38:50 - [MESSAGE][PASSED] - Object 'Object Repository/Popup/Popup' is visible

2021-11-23 16:38:50 - [TEST_STEP][PASSED] - if (!(getText(findTestObject("Popup/Popup")).contains(Mesaj))): Text of object 'Object Repository/Popup/Popup' is: 'Seçilen makbuzlar için iptal işlemi geri alınacaktır onaylıyor musunuz?'

2021-11-23 16:38:50 - [MESSAGE][INFO] - Finding Test Object 'Object Repository/Popup/Popup'

2021-11-23 16:38:50 - [MESSAGE][INFO] - Checking object

2021-11-23 16:38:50 - [MESSAGE][INFO] - Finding web element from Test Object's properties

2021-11-23 16:38:50 - [MESSAGE][INFO] - Checking timeout

2021-11-23 16:38:50 - [MESSAGE][INFO] - Finding web element with id: 'Object Repository/Popup/Popup' located by 'By.cssSelector: .bootbox-body' in '30' second(s)

2021-11-23 16:38:50 - [MESSAGE][INFO] - Smart Wait Function is triggered

2021-11-23 16:38:50 - [MESSAGE][INFO] - Found 1 web elements with id: 'Object Repository/Popup/Popup' located by 'By.cssSelector: .bootbox-body' in '30' second(s)

2021-11-23 16:38:50 - [MESSAGE][INFO] - Getting text of object 'Object Repository/Popup/Popup'

2021-11-23 16:38:50 - [MESSAGE][PASSED] - Text of object 'Object Repository/Popup/Popup' is: 'Seçilen makbuzlar için iptal işlemi geri alınacaktır onaylıyor musunuz?'

2021-11-23 16:38:50 - [TEST_STEP][PASSED] - RaporNo = getText(findTestObject("Popup/Popup")).substring(0, 6): Text of object 'Object Repository/Popup/Popup' is: 'Seçilen makbuzlar için iptal işlemi geri alınacaktır onaylıyor musunuz?'

2021-11-23 16:38:50 - [MESSAGE][INFO] - Finding Test Object 'Object Repository/Popup/Popup'

2021-11-23 16:38:50 - [MESSAGE][INFO] - Checking object

2021-11-23 16:38:50 - [MESSAGE][INFO] - Finding web element from Test Object's properties

2021-11-23 16:38:50 - [MESSAGE][INFO] - Checking timeout

2021-11-23 16:38:50 - [MESSAGE][INFO] - Finding web element with id: 'Object Repository/Popup/Popup' located by 'By.cssSelector: .bootbox-body' in '30' second(s)

2021-11-23 16:38:50 - [MESSAGE][INFO] - Smart Wait Function is triggered

2021-11-23 16:38:50 - [MESSAGE][INFO] - Found 1 web elements with id: 'Object Repository/Popup/Popup' located by 'By.cssSelector: .bootbox-body' in '30' second(s)

2021-11-23 16:38:50 - [MESSAGE][INFO] - Getting text of object 'Object Repository/Popup/Popup'

2021-11-23 16:38:50 - [MESSAGE][PASSED] - Text of object 'Object Repository/Popup/Popup' is: 'Seçilen makbuzlar için iptal işlemi geri alınacaktır onaylıyor musunuz?'

2021-11-23 16:38:50 - [TEST_STEP][PASSED] - Console.println(RaporNo): null

2021-11-23 16:38:50 - [MESSAGE][PASSED] - Call Test Case 'Test Cases/Popup/PopupMesajiIceriyorMu' successfully

2021-11-23 16:38:50 - [MESSAGE][INFO] - Checking called Test Case

2021-11-23 16:38:50 - [MESSAGE][INFO] - Starting to call Test Case 'Test Cases/Popup/PopupButonSecilir'

2021-11-23 16:38:50 - [TEST_CASE][PASSED] - Test Cases/Popup/PopupButonSecilir: Test Cases/Popup/PopupButonSecilir

2021-11-23 16:38:50 - [TEST_STEP][PASSED] - Method.TextDegerineEsitElementeTikla(findTestObject("Popup/Popup_Butons"), Buton): Method.TextDegerineEsitElementeTikla is PASSED

2021-11-23 16:38:50 - [MESSAGE][INFO] - Finding Test Object 'Object Repository/Popup/Popup_Butons'

2021-11-23 16:38:50 - [MESSAGE][INFO] - Checking timeout

2021-11-23 16:38:50 - [MESSAGE][INFO] - Finding web element with id: 'Object Repository/Popup/Popup_Butons' located by 'By.cssSelector: .modal-footer>button' in '10' second(s)

2021-11-23 16:38:50 - [MESSAGE][INFO] - Smart Wait Function is triggered

2021-11-23 16:38:51 - [MESSAGE][INFO] - Found 2 web elements with id: 'Object Repository/Popup/Popup_Butons' located by 'By.cssSelector: .modal-footer>button' in '10' second(s)

2021-11-23 16:38:51 - [MESSAGE][PASSED] - Method.TextDegerineEsitElementeTikla is PASSED

2021-11-23 16:38:51 - [MESSAGE][PASSED] - Call Test Case 'Test Cases/Popup/PopupButonSecilir' successfully

2021-11-23 16:38:51 - [MESSAGE][INFO] - Checking called Test Case

2021-11-23 16:38:51 - [MESSAGE][INFO] - Starting to call Test Case 'Test Cases/Popup/PopupMesajiIceriyorMu'

2021-11-23 16:38:51 - [TEST_CASE][PASSED] - Test Cases/Popup/PopupMesajiIceriyorMu: Test Cases/Popup/PopupMesajiIceriyorMu

2021-11-23 16:38:51 - [TEST_STEP][PASSED] - waitForElementVisible(findTestObject("Popup/Popup"), 10): Object 'Object Repository/Popup/Popup' is visible

2021-11-23 16:38:51 - [MESSAGE][INFO] - Finding Test Object 'Object Repository/Popup/Popup'

2021-11-23 16:38:51 - [MESSAGE][INFO] - Checking object

2021-11-23 16:38:51 - [MESSAGE][INFO] - Checking timeout

2021-11-23 16:38:51 - [MESSAGE][INFO] - Finding web element from Test Object's properties

2021-11-23 16:38:51 - [MESSAGE][INFO] - Checking timeout

2021-11-23 16:38:51 - [MESSAGE][INFO] - Finding web element with id: 'Object Repository/Popup/Popup' located by 'By.cssSelector: .bootbox-body' in '10' second(s)

2021-11-23 16:38:51 - [MESSAGE][INFO] - Smart Wait Function is triggered

2021-11-23 16:38:52 - [MESSAGE][INFO] - Found 1 web elements with id: 'Object Repository/Popup/Popup' located by 'By.cssSelector: .bootbox-body' in '10' second(s)

2021-11-23 16:38:52 - [MESSAGE][PASSED] - Object 'Object Repository/Popup/Popup' is visible

2021-11-23 16:38:52 - [TEST_STEP][PASSED] - if (!(getText(findTestObject("Popup/Popup")).contains(Mesaj))): Text of object 'Object Repository/Popup/Popup' is: 'İptal Edildi durumunda olan ve raporlanmayan 1 adet belge için iptal işlemi geri alınmıştır.'

2021-11-23 16:38:52 - [MESSAGE][INFO] - Finding Test Object 'Object Repository/Popup/Popup'

2021-11-23 16:38:52 - [MESSAGE][INFO] - Checking object

2021-11-23 16:38:52 - [MESSAGE][INFO] - Finding web element from Test Object's properties

2021-11-23 16:38:52 - [MESSAGE][INFO] - Checking timeout

2021-11-23 16:38:52 - [MESSAGE][INFO] - Finding web element with id: 'Object Repository/Popup/Popup' located by 'By.cssSelector: .bootbox-body' in '30' second(s)

2021-11-23 16:38:52 - [MESSAGE][INFO] - Smart Wait Function is triggered

2021-11-23 16:38:52 - [MESSAGE][INFO] - Found 1 web elements with id: 'Object Repository/Popup/Popup' located by 'By.cssSelector: .bootbox-body' in '30' second(s)

2021-11-23 16:38:52 - [MESSAGE][INFO] - Getting text of object 'Object Repository/Popup/Popup'

2021-11-23 16:38:52 - [MESSAGE][PASSED] - Text of object 'Object Repository/Popup/Popup' is: 'İptal Edildi durumunda olan ve raporlanmayan 1 adet belge için iptal işlemi geri alınmıştır.'

2021-11-23 16:38:52 - [TEST_STEP][PASSED] - RaporNo = getText(findTestObject("Popup/Popup")).substring(0, 6): Text of object 'Object Repository/Popup/Popup' is: 'İptal Edildi durumunda olan ve raporlanmayan 1 adet belge için iptal işlemi geri alınmıştır.'

2021-11-23 16:38:52 - [MESSAGE][INFO] - Finding Test Object 'Object Repository/Popup/Popup'

2021-11-23 16:38:52 - [MESSAGE][INFO] - Checking object

2021-11-23 16:38:52 - [MESSAGE][INFO] - Finding web element from Test Object's properties

2021-11-23 16:38:52 - [MESSAGE][INFO] - Checking timeout

2021-11-23 16:38:52 - [MESSAGE][INFO] - Finding web element with id: 'Object Repository/Popup/Popup' located by 'By.cssSelector: .bootbox-body' in '30' second(s)

2021-11-23 16:38:52 - [MESSAGE][INFO] - Smart Wait Function is triggered

2021-11-23 16:38:52 - [MESSAGE][INFO] - Found 1 web elements with id: 'Object Repository/Popup/Popup' located by 'By.cssSelector: .bootbox-body' in '30' second(s)

2021-11-23 16:38:52 - [MESSAGE][INFO] - Getting text of object 'Object Repository/Popup/Popup'

2021-11-23 16:38:52 - [MESSAGE][PASSED] - Text of object 'Object Repository/Popup/Popup' is: 'İptal Edildi durumunda olan ve raporlanmayan 1 adet belge için iptal işlemi geri alınmıştır.'

2021-11-23 16:38:52 - [TEST_STEP][PASSED] - Console.println(RaporNo): null

2021-11-23 16:38:52 - [MESSAGE][PASSED] - Call Test Case 'Test Cases/Popup/PopupMesajiIceriyorMu' successfully

2021-11-23 16:38:52 - [MESSAGE][INFO] - Checking called Test Case

2021-11-23 16:38:52 - [MESSAGE][INFO] - Starting to call Test Case 'Test Cases/Popup/PopupButonSecilir'

2021-11-23 16:38:52 - [TEST_CASE][PASSED] - Test Cases/Popup/PopupButonSecilir: Test Cases/Popup/PopupButonSecilir

2021-11-23 16:38:52 - [TEST_STEP][PASSED] - Method.TextDegerineEsitElementeTikla(findTestObject("Popup/Popup_Butons"), Buton): Method.TextDegerineEsitElementeTikla is PASSED

2021-11-23 16:38:52 - [MESSAGE][INFO] - Finding Test Object 'Object Repository/Popup/Popup_Butons'

2021-11-23 16:38:52 - [MESSAGE][INFO] - Checking timeout

2021-11-23 16:38:52 - [MESSAGE][INFO] - Finding web element with id: 'Object Repository/Popup/Popup_Butons' located by 'By.cssSelector: .modal-footer>button' in '10' second(s)

2021-11-23 16:38:52 - [MESSAGE][INFO] - Smart Wait Function is triggered

2021-11-23 16:38:53 - [MESSAGE][INFO] - Found 1 web elements with id: 'Object Repository/Popup/Popup_Butons' located by 'By.cssSelector: .modal-footer>button' in '10' second(s)

2021-11-23 16:38:53 - [MESSAGE][PASSED] - Method.TextDegerineEsitElementeTikla is PASSED

2021-11-23 16:38:53 - [MESSAGE][PASSED] - Call Test Case 'Test Cases/Popup/PopupButonSecilir' successfully

2021-11-23 16:38:53 - [MESSAGE][INFO] - Checking called Test Case

2021-11-23 16:38:53 - [MESSAGE][INFO] - Starting to call Test Case 'Test Cases/Kullanici_Islemleri/KullaniciIslemlerindenSecimYapilir'

2021-11-23 16:38:53 - [TEST_CASE][PASSED] - Test Cases/Kullanici_Islemleri/KullaniciIslemlerindenSecimYapilir: Test Cases/Kullanici_Islemleri/KullaniciIslemlerindenSecimYapilir

2021-11-23 16:38:53 - [TEST_STEP][PASSED] - waitForElementClickable(findTestObject("Object Repository/Kullanici_Islemleri/KullaniciIslemleri"), 10): Object 'Object Repository/Kullanici_Islemleri/KullaniciIslemleri' is clickable

2021-11-23 16:38:53 - [MESSAGE][INFO] - Finding Test Object 'Object Repository/Kullanici_Islemleri/KullaniciIslemleri'

2021-11-23 16:38:53 - [MESSAGE][INFO] - Checking object

2021-11-23 16:38:53 - [MESSAGE][INFO] - Checking timeout

2021-11-23 16:38:53 - [MESSAGE][INFO] - Finding web element from Test Object's properties

2021-11-23 16:38:53 - [MESSAGE][INFO] - Checking timeout

2021-11-23 16:38:53 - [MESSAGE][INFO] - Finding web element with id: 'Object Repository/Kullanici_Islemleri/KullaniciIslemleri' located by 'By.cssSelector: .dropdown>a>img' in '10' second(s)

2021-11-23 16:38:53 - [MESSAGE][INFO] - Smart Wait Function is triggered

2021-11-23 16:38:54 - [MESSAGE][INFO] - Found 1 web elements with id: 'Object Repository/Kullanici_Islemleri/KullaniciIslemleri' located by 'By.cssSelector: .dropdown>a>img' in '10' second(s)

2021-11-23 16:38:54 - [MESSAGE][PASSED] - Object 'Object Repository/Kullanici_Islemleri/KullaniciIslemleri' is clickable

2021-11-23 16:38:54 - [TEST_STEP][PASSED] - click(findTestObject("Object Repository/Kullanici_Islemleri/KullaniciIslemleri")): Object: 'Object Repository/Kullanici_Islemleri/KullaniciIslemleri' is clicked on

2021-11-23 16:38:54 - [MESSAGE][INFO] - Finding Test Object 'Object Repository/Kullanici_Islemleri/KullaniciIslemleri'

2021-11-23 16:38:54 - [MESSAGE][INFO] - Checking object

2021-11-23 16:38:54 - [MESSAGE][INFO] - Finding web element from Test Object's properties

2021-11-23 16:38:54 - [MESSAGE][INFO] - Checking timeout

2021-11-23 16:38:54 - [MESSAGE][INFO] - Finding web element with id: 'Object Repository/Kullanici_Islemleri/KullaniciIslemleri' located by 'By.cssSelector: .dropdown>a>img' in '30' second(s)

2021-11-23 16:38:54 - [MESSAGE][INFO] - Smart Wait Function is triggered

2021-11-23 16:38:54 - [MESSAGE][INFO] - Found 1 web elements with id: 'Object Repository/Kullanici_Islemleri/KullaniciIslemleri' located by 'By.cssSelector: .dropdown>a>img' in '30' second(s)

2021-11-23 16:38:54 - [MESSAGE][INFO] - Clicking on object: 'Object Repository/Kullanici_Islemleri/KullaniciIslemleri'

2021-11-23 16:38:54 - [MESSAGE][PASSED] - Object: 'Object Repository/Kullanici_Islemleri/KullaniciIslemleri' is clicked on

2021-11-23 16:38:54 - [TEST_STEP][PASSED] - Method.TextDegerineEsitElementeTikla(findTestObject("Object Repository/Kullanici_Islemleri/Secenekler"), Islem): Method.TextDegerineEsitElementeTikla is PASSED

2021-11-23 16:38:54 - [MESSAGE][INFO] - Finding Test Object 'Object Repository/Kullanici_Islemleri/Secenekler'

2021-11-23 16:38:54 - [MESSAGE][INFO] - Checking timeout

2021-11-23 16:38:54 - [MESSAGE][INFO] - Finding web element with id: 'Object Repository/Kullanici_Islemleri/Secenekler' located by 'By.cssSelector: .nav.navbar-nav.navbar-right li a' in '10' second(s)

2021-11-23 16:38:54 - [MESSAGE][INFO] - Smart Wait Function is triggered

2021-11-23 16:38:54 - [MESSAGE][INFO] - Found 22 web elements with id: 'Object Repository/Kullanici_Islemleri/Secenekler' located by 'By.cssSelector: .nav.navbar-nav.navbar-right li a' in '10' second(s)

2021-11-23 16:38:56 - [MESSAGE][PASSED] - Method.TextDegerineEsitElementeTikla is PASSED

2021-11-23 16:38:56 - [TEST_STEP][PASSED] - verifyElementNotPresent(findTestObject("Object Repository/Kullanici_Islemleri/Secenekler"), 10): Web element with id: 'Object Repository/Kullanici_Islemleri/Secenekler' located by 'By.cssSelector: .nav.navbar-nav.navbar-right li a' is not present after '10' second(s)

2021-11-23 16:38:56 - [MESSAGE][INFO] - Finding Test Object 'Object Repository/Kullanici_Islemleri/Secenekler'

2021-11-23 16:38:56 - [MESSAGE][INFO] - Checking object

2021-11-23 16:38:56 - [MESSAGE][INFO] - Checking timeout

2021-11-23 16:38:56 - [MESSAGE][INFO] - Finding web element with id: 'Object Repository/Kullanici_Islemleri/Secenekler' located by 'By.cssSelector: .nav.navbar-nav.navbar-right li a' in '10' second(s)

2021-11-23 16:38:56 - [MESSAGE][INFO] - Smart Wait Function is triggered

2021-11-23 16:38:56 - [MESSAGE][PASSED] - Web element with id: 'Object Repository/Kullanici_Islemleri/Secenekler' located by 'By.cssSelector: .nav.navbar-nav.navbar-right li a' is not present after '10' second(s)

2021-11-23 16:38:56 - [MESSAGE][PASSED] - Call Test Case 'Test Cases/Kullanici_Islemleri/KullaniciIslemlerindenSecimYapilir' successfully

2021-11-23 16:38:56 - [TEST_CASE][PASSED] - Start Test Case : SCENARIO e-Mustahsil Makbuzu Iptal Et: SCENARIO e-Mustahsil Makbuzu Iptal Et

2021-11-23 16:38:56 - [TEST_STEP][PASSED] - Kullanıcı adı ELOGO6 ve Şifre 123456 olarak giriş yapılır: Kullanıcı adı ELOGO6 ve Şifre 123456 olarak giriş yapılır

2021-11-23 16:38:56 - [MESSAGE][PASSED] - Kullanıcı adı ELOGO6 ve Şifre 123456 olarak giriş yapılır

2021-11-23 16:38:56 - [TEST_STEP][PASSED] - Ana menüden e-Makbuz seçilir: Ana menüden e-Makbuz seçilir

2021-11-23 16:38:56 - [MESSAGE][PASSED] - Ana menüden e-Makbuz seçilir

2021-11-23 16:38:56 - [TEST_STEP][PASSED] - Alt menü e-Müstahsil Uygulaması başlığı altındaki e-Müstahsil Makbuzları seçilir: Alt menü e-Müstahsil Uygulaması başlığı altındaki e-Müstahsil Makbuzları seçilir

2021-11-23 16:38:56 - [MESSAGE][PASSED] - Alt menü e-Müstahsil Uygulaması başlığı altındaki e-Müstahsil Makbuzları seçilir

2021-11-23 16:38:56 - [TEST_STEP][PASSED] - Filtrelerden Oluşturma Tarihi filtresine 31.08.2021 baslangic degerini yaz: Filtrelerden Oluşturma Tarihi filtresine 31.08.2021 baslangic degerini yaz

2021-11-23 16:38:56 - [MESSAGE][PASSED] - Filtrelerden Oluşturma Tarihi filtresine 31.08.2021 baslangic degerini yaz

2021-11-23 16:38:56 - [TEST_STEP][PASSED] - Filtrelerden Oluşturma Tarihi filtresine 31.08.2021 bitis degerini yaz: Filtrelerden Oluşturma Tarihi filtresine 31.08.2021 bitis degerini yaz

2021-11-23 16:38:56 - [MESSAGE][PASSED] - Filtrelerden Oluşturma Tarihi filtresine 31.08.2021 bitis degerini yaz

2021-11-23 16:38:56 - [TEST_STEP][PASSED] - Filtre butonlarından Listele seçilir: Filtre butonlarından Listele seçilir

2021-11-23 16:38:56 - [MESSAGE][PASSED] - Filtre butonlarından Listele seçilir

2021-11-23 16:38:56 - [TEST_STEP][PASSED] - Tabloda veri var mı kontrol edilir: Tabloda veri var mı kontrol edilir

2021-11-23 16:38:56 - [MESSAGE][PASSED] - Tabloda veri var mı kontrol edilir

2021-11-23 16:38:56 - [TEST_STEP][PASSED] - Tablodan Test Kurum Üç isimli veri seçilir: Tablodan Test Kurum Üç isimli veri seçilir

2021-11-23 16:38:56 - [MESSAGE][PASSED] - Tablodan Test Kurum Üç isimli veri seçilir

2021-11-23 16:38:56 - [TEST_STEP][PASSED] - Butonlardan İptal Et isimli butona tıklanır: Butonlardan İptal Et isimli butona tıklanır

2021-11-23 16:38:56 - [MESSAGE][PASSED] - Butonlardan İptal Et isimli butona tıklanır

2021-11-23 16:38:56 - [TEST_STEP][PASSED] - Popup mesajı Seçilen makbuzlardan başarılı durumunda olanlar iptal edilecektir onaylıyor musunuz içeriyor mu: Popup mesajı Seçilen makbuzlardan başarılı durumunda olanlar iptal edilecektir onaylıyor musunuz içeriyor mu

2021-11-23 16:38:56 - [MESSAGE][PASSED] - Popup mesajı Seçilen makbuzlardan başarılı durumunda olanlar iptal edilecektir onaylıyor musunuz içeriyor mu

2021-11-23 16:38:56 - [TEST_STEP][PASSED] - Yönetim popupında Evet seçilir: Yönetim popupında Evet seçilir

2021-11-23 16:38:56 - [MESSAGE][PASSED] - Yönetim popupında Evet seçilir

2021-11-23 16:38:56 - [TEST_STEP][PASSED] - Popup mesajı Başarılı durumdaki belgeler iptal edilmiştir içeriyor mu: Popup mesajı Başarılı durumdaki belgeler iptal edilmiştir içeriyor mu

2021-11-23 16:38:56 - [MESSAGE][PASSED] - Popup mesajı Başarılı durumdaki belgeler iptal edilmiştir içeriyor mu

2021-11-23 16:38:56 - [TEST_STEP][PASSED] - Yönetim popupında Tamam seçilir: Yönetim popupında Tamam seçilir

2021-11-23 16:38:56 - [MESSAGE][PASSED] - Yönetim popupında Tamam seçilir

2021-11-23 16:38:56 - [TEST_STEP][PASSED] - Butonlardan İptal Geri Al isimli butona tıklanır: Butonlardan İptal Geri Al isimli butona tıklanır

2021-11-23 16:38:56 - [MESSAGE][PASSED] - Butonlardan İptal Geri Al isimli butona tıklanır

2021-11-23 16:38:56 - [TEST_STEP][PASSED] - Popup mesajı Seçilen makbuzlar için iptal işlemi geri alınacaktır onaylıyor musunuz? içeriyor mu: Popup mesajı Seçilen makbuzlar için iptal işlemi geri alınacaktır onaylıyor musunuz? içeriyor mu

2021-11-23 16:38:56 - [MESSAGE][PASSED] - Popup mesajı Seçilen makbuzlar için iptal işlemi geri alınacaktır onaylıyor musunuz? içeriyor mu

2021-11-23 16:38:56 - [TEST_STEP][PASSED] - Yönetim popupında Onayla seçilir: Yönetim popupında Onayla seçilir

2021-11-23 16:38:56 - [MESSAGE][PASSED] - Yönetim popupında Onayla seçilir

2021-11-23 16:38:56 - [TEST_STEP][PASSED] - Popup mesajı İptal Edildi durumunda olan ve raporlanmayan 1 adet belge için iptal işlemi geri alınmıştır. içeriyor mu: Popup mesajı İptal Edildi durumunda olan ve raporlanmayan 1 adet belge için iptal işlemi geri alınmıştır. içeriyor mu

2021-11-23 16:38:56 - [MESSAGE][PASSED] - Popup mesajı İptal Edildi durumunda olan ve raporlanmayan 1 adet belge için iptal işlemi geri alınmıştır. içeriyor mu

2021-11-23 16:38:56 - [TEST_STEP][PASSED] - Yönetim popupında Tamam seçilir: Yönetim popupında Tamam seçilir

2021-11-23 16:38:56 - [MESSAGE][PASSED] - Yönetim popupında Tamam seçilir

2021-11-23 16:38:56 - [TEST_STEP][PASSED] - Kullanıcı işlemlerinden Çıkış seçilir: Kullanıcı işlemlerinden Çıkış seçilir

2021-11-23 16:38:56 - [MESSAGE][PASSED] - Kullanıcı işlemlerinden Çıkış seçilir

2021-11-23 16:38:56 - [MESSAGE][PASSED] - Feature file: 'Include/features/e-Makbuz/e-Mustahsil Uygulamasi/e-Mustahsil Makbuzlari/Iptal Et-Geri Al.feature' was passed

2021-11-23 16:38:56 - [TEST_STEP][PASSED] - Start listener action : sampleAfterTestSuite: Invoke 'com.kms.katalon.core.annotation.AfterTestCase' method: 'Listener.sampleAfterTestSuite(...)' completed.

2021-11-23 16:38:56 - [MESSAGE][INFO] - Starting invoke 'com.kms.katalon.core.annotation.AfterTestCase' method: 'Listener.sampleAfterTestSuite(...)'

2021-11-23 16:38:56 - [TEST_STEP][PASSED] - closeBrowser(): Invoke 'com.kms.katalon.core.annotation.AfterTestCase' method: 'Listener.sampleAfterTestSuite(...)' completed.

2021-11-23 16:38:56 - [MESSAGE][INFO] - Closing browser

2021-11-23 16:38:57 - [MESSAGE][PASSED] - Browser is closed

2021-11-23 16:38:57 - [MESSAGE][INFO] - Invoke 'com.kms.katalon.core.annotation.AfterTestCase' method: 'Listener.sampleAfterTestSuite(...)' completed.]]></system-out>
         <system-err><![CDATA[]]></system-err>
      </testcase>
      <testcase name="Test Cases/Case Repository/e-Makbuz/e-Mustahsil Uygulamasi/e-Mustahsil Makbuzlari/Izleme Kayitlari" time="48.973" classname="Test Cases/Case Repository/e-Makbuz/e-Mustahsil Uygulamasi/e-Mustahsil Makbuzlari/Izleme Kayitlari" status="PASSED">
         <system-out><![CDATA[2021-11-23 16:38:57 - [TEST_CASE][PASSED] - Test Cases/Case Repository/e-Makbuz/e-Mustahsil Uygulamasi/e-Mustahsil Makbuzlari/Izleme Kayitlari: Test Cases/Case Repository/e-Makbuz/e-Mustahsil Uygulamasi/e-Mustahsil Makbuzlari/Izleme Kayitlari

2021-11-23 16:38:57 - [TEST_STEP][PASSED] - Start listener action : sampleBeforeTestSuite: Invoke 'com.kms.katalon.core.annotation.BeforeTestCase' method: 'Listener.sampleBeforeTestSuite(...)' completed.

2021-11-23 16:38:57 - [MESSAGE][INFO] - Starting invoke 'com.kms.katalon.core.annotation.BeforeTestCase' method: 'Listener.sampleBeforeTestSuite(...)'

2021-11-23 16:38:57 - [TEST_STEP][PASSED] - openBrowser(baseUrl): Browser is opened with url: 'https://efatura-stage.elogo.com.tr/'

2021-11-23 16:38:57 - [MESSAGE][INFO] - Opening browser

2021-11-23 16:38:57 - [MESSAGE][INFO] - Starting 'Chrome' driver

2021-11-23 16:38:57 - [MESSAGE][INFO] - User set preference: ['prefs', '{download.default_directory=C:\otomasyondownfiles}']

2021-11-23 16:38:57 - [MESSAGE][INFO] - Action delay is set to 0 milliseconds

2021-11-23 16:38:58 - [MESSAGE][INFO] - Navigating browser to: 'https://efatura-stage.elogo.com.tr/'

2021-11-23 16:39:00 - [MESSAGE][PASSED] - Browser is opened with url: 'https://efatura-stage.elogo.com.tr/'

2021-11-23 16:39:00 - [TEST_STEP][PASSED] - maximizeWindow(): Invoke 'com.kms.katalon.core.annotation.BeforeTestCase' method: 'Listener.sampleBeforeTestSuite(...)' completed.

2021-11-23 16:39:00 - [MESSAGE][INFO] - Maximizing current window

2021-11-23 16:39:00 - [MESSAGE][PASSED] - Current window maximized

2021-11-23 16:39:00 - [MESSAGE][INFO] - Invoke 'com.kms.katalon.core.annotation.BeforeTestCase' method: 'Listener.sampleBeforeTestSuite(...)' completed.

2021-11-23 16:39:01 - [TEST_STEP][PASSED] - runFeatureFile("Include/features/e-Makbuz/e-Mustahsil Uygulamasi/e-Mustahsil Makbuzlari/Izleme Kayitlari.feature"): Feature file: 'Include/features/e-Makbuz/e-Mustahsil Uygulamasi/e-Mustahsil Makbuzlari/Izleme Kayitlari.feature' was passed

2021-11-23 16:39:01 - [MESSAGE][INFO] - Starting run keyword runFeatureFile: 'Include/features/e-Makbuz/e-Mustahsil Uygulamasi/e-Mustahsil Makbuzlari/Izleme Kayitlari.feature' and extract report to folder: 'C:\Users\DELL\Documents\GitHub\EES_KatalonLogo\Reports\20211123_163326\Suite Repository\e-Makbuz\20211123_163348/cucumber_report/1637674741526'...

2021-11-23 16:39:01 - [MESSAGE][INFO] - Glue: []

2021-11-23 16:39:04 - [MESSAGE][INFO] - Checking called Test Case

2021-11-23 16:39:04 - [MESSAGE][INFO] - Starting to call Test Case 'Test Cases/Sayfalar/Giris_Sayfasi/Login'

2021-11-23 16:39:04 - [TEST_CASE][PASSED] - Test Cases/Sayfalar/Giris_Sayfasi/Login: Test Cases/Sayfalar/Giris_Sayfasi/Login

2021-11-23 16:39:04 - [TEST_STEP][PASSED] - Sayfa_Basligi = getWindowTitle(): Current window's title is: 'LOGO e-Fatura'

2021-11-23 16:39:04 - [MESSAGE][INFO] - Getting current window's title

2021-11-23 16:39:04 - [MESSAGE][PASSED] - Current window's title is: 'LOGO e-Fatura'

2021-11-23 16:39:04 - [TEST_STEP][PASSED] - verifyMatch(Sayfa_Basligi, "LOGO e-Fatura", false): Actual text 'LOGO e-Fatura' and expected text 'LOGO e-Fatura' are matched 

2021-11-23 16:39:04 - [MESSAGE][INFO] - Matching actual text 'LOGO e-Fatura' with expected text 'LOGO e-Fatura'

2021-11-23 16:39:04 - [MESSAGE][PASSED] - Actual text 'LOGO e-Fatura' and expected text 'LOGO e-Fatura' are matched 

2021-11-23 16:39:04 - [TEST_STEP][PASSED] - sendKeys(findTestObject("Sayfalar/Giris_Sayfasi/Firma_Kodu"), KullaniciAdi): Keys 'ELOGO6' sent to object: 'Object Repository/Sayfalar/Giris_Sayfasi/Firma_Kodu'

2021-11-23 16:39:04 - [MESSAGE][INFO] - Finding Test Object 'Object Repository/Sayfalar/Giris_Sayfasi/Firma_Kodu'

2021-11-23 16:39:04 - [MESSAGE][INFO] - Sending keys 'ELOGO6' to object: 'Object Repository/Sayfalar/Giris_Sayfasi/Firma_Kodu'

2021-11-23 16:39:04 - [MESSAGE][INFO] - Finding web element from Test Object's properties

2021-11-23 16:39:04 - [MESSAGE][INFO] - Checking timeout

2021-11-23 16:39:04 - [MESSAGE][INFO] - Finding web element with id: 'Object Repository/Sayfalar/Giris_Sayfasi/Firma_Kodu' located by 'By.xpath: //*[@id = 'AccountName']' in '30' second(s)

2021-11-23 16:39:04 - [MESSAGE][INFO] - Smart Wait Function is triggered

2021-11-23 16:39:04 - [MESSAGE][INFO] - Found 1 web elements with id: 'Object Repository/Sayfalar/Giris_Sayfasi/Firma_Kodu' located by 'By.xpath: //*[@id = 'AccountName']' in '30' second(s)

2021-11-23 16:39:04 - [MESSAGE][PASSED] - Keys 'ELOGO6' sent to object: 'Object Repository/Sayfalar/Giris_Sayfasi/Firma_Kodu'

2021-11-23 16:39:04 - [TEST_STEP][PASSED] - sendKeys(findTestObject("Sayfalar/Giris_Sayfasi/Sifre"), Sifre): Keys '123456' sent to object: 'Object Repository/Sayfalar/Giris_Sayfasi/Sifre'

2021-11-23 16:39:04 - [MESSAGE][INFO] - Finding Test Object 'Object Repository/Sayfalar/Giris_Sayfasi/Sifre'

2021-11-23 16:39:04 - [MESSAGE][INFO] - Sending keys '123456' to object: 'Object Repository/Sayfalar/Giris_Sayfasi/Sifre'

2021-11-23 16:39:04 - [MESSAGE][INFO] - Finding web element from Test Object's properties

2021-11-23 16:39:04 - [MESSAGE][INFO] - Checking timeout

2021-11-23 16:39:04 - [MESSAGE][INFO] - Finding web element with id: 'Object Repository/Sayfalar/Giris_Sayfasi/Sifre' located by 'By.xpath: //*[@id = 'Password']' in '30' second(s)

2021-11-23 16:39:04 - [MESSAGE][INFO] - Smart Wait Function is triggered

2021-11-23 16:39:05 - [MESSAGE][INFO] - Found 1 web elements with id: 'Object Repository/Sayfalar/Giris_Sayfasi/Sifre' located by 'By.xpath: //*[@id = 'Password']' in '30' second(s)

2021-11-23 16:39:05 - [MESSAGE][PASSED] - Keys '123456' sent to object: 'Object Repository/Sayfalar/Giris_Sayfasi/Sifre'

2021-11-23 16:39:05 - [TEST_STEP][PASSED] - findWebElement(findTestObject("Sayfalar/Giris_Sayfasi/Giris_Butonu")).click(): Found 1 web elements with id: 'Object Repository/Sayfalar/Giris_Sayfasi/Giris_Butonu' located by 'By.cssSelector: #btnLogin' in '30' second(s)

2021-11-23 16:39:05 - [MESSAGE][INFO] - Finding Test Object 'Object Repository/Sayfalar/Giris_Sayfasi/Giris_Butonu'

2021-11-23 16:39:05 - [MESSAGE][INFO] - Finding web element from Test Object's properties

2021-11-23 16:39:05 - [MESSAGE][INFO] - Checking timeout

2021-11-23 16:39:05 - [MESSAGE][INFO] - Finding web element with id: 'Object Repository/Sayfalar/Giris_Sayfasi/Giris_Butonu' located by 'By.cssSelector: #btnLogin' in '30' second(s)

2021-11-23 16:39:05 - [MESSAGE][INFO] - Smart Wait Function is triggered

2021-11-23 16:39:05 - [MESSAGE][INFO] - Found 1 web elements with id: 'Object Repository/Sayfalar/Giris_Sayfasi/Giris_Butonu' located by 'By.cssSelector: #btnLogin' in '30' second(s)

2021-11-23 16:39:08 - [TEST_STEP][PASSED] - if (verifyElementPresent(findTestObject("Object Repository/Sayfalar/Giris_Sayfasi/RetveTamam_Butonu"), 5, OPTIONAL)): null

2021-11-23 16:39:08 - [MESSAGE][INFO] - Finding Test Object 'Object Repository/Sayfalar/Giris_Sayfasi/RetveTamam_Butonu'

2021-11-23 16:39:09 - [MESSAGE][INFO] - Checking object

2021-11-23 16:39:09 - [MESSAGE][INFO] - Finding web element from Test Object's properties

2021-11-23 16:39:09 - [MESSAGE][INFO] - Checking timeout

2021-11-23 16:39:09 - [MESSAGE][INFO] - Finding web element with id: 'Object Repository/Sayfalar/Giris_Sayfasi/RetveTamam_Butonu' located by 'By.xpath: //*[@class = 'btn btn-default']' in '5' second(s)

2021-11-23 16:39:09 - [MESSAGE][INFO] - Smart Wait Function is triggered

2021-11-23 16:39:09 - [MESSAGE][INFO] - Found 1 web elements with id: 'Object Repository/Sayfalar/Giris_Sayfasi/RetveTamam_Butonu' located by 'By.xpath: //*[@class = 'btn btn-default']' in '5' second(s)

2021-11-23 16:39:09 - [MESSAGE][PASSED] - Object 'Object Repository/Sayfalar/Giris_Sayfasi/RetveTamam_Butonu' is present

2021-11-23 16:39:09 - [TEST_STEP][PASSED] - click(findTestObject("Object Repository/Sayfalar/Giris_Sayfasi/RetveTamam_Butonu")): Object: 'Object Repository/Sayfalar/Giris_Sayfasi/RetveTamam_Butonu' is clicked on

2021-11-23 16:39:09 - [MESSAGE][INFO] - Finding Test Object 'Object Repository/Sayfalar/Giris_Sayfasi/RetveTamam_Butonu'

2021-11-23 16:39:09 - [MESSAGE][INFO] - Checking object

2021-11-23 16:39:09 - [MESSAGE][INFO] - Finding web element from Test Object's properties

2021-11-23 16:39:09 - [MESSAGE][INFO] - Checking timeout

2021-11-23 16:39:09 - [MESSAGE][INFO] - Finding web element with id: 'Object Repository/Sayfalar/Giris_Sayfasi/RetveTamam_Butonu' located by 'By.xpath: //*[@class = 'btn btn-default']' in '30' second(s)

2021-11-23 16:39:09 - [MESSAGE][INFO] - Smart Wait Function is triggered

2021-11-23 16:39:09 - [MESSAGE][INFO] - Found 1 web elements with id: 'Object Repository/Sayfalar/Giris_Sayfasi/RetveTamam_Butonu' located by 'By.xpath: //*[@class = 'btn btn-default']' in '30' second(s)

2021-11-23 16:39:09 - [MESSAGE][INFO] - Clicking on object: 'Object Repository/Sayfalar/Giris_Sayfasi/RetveTamam_Butonu'

2021-11-23 16:39:09 - [MESSAGE][PASSED] - Object: 'Object Repository/Sayfalar/Giris_Sayfasi/RetveTamam_Butonu' is clicked on

2021-11-23 16:39:09 - [TEST_STEP][PASSED] - click(findTestObject("Object Repository/Sayfalar/Giris_Sayfasi/RetveTamam_Butonu")): Object: 'Object Repository/Sayfalar/Giris_Sayfasi/RetveTamam_Butonu' is clicked on

2021-11-23 16:39:09 - [MESSAGE][INFO] - Finding Test Object 'Object Repository/Sayfalar/Giris_Sayfasi/RetveTamam_Butonu'

2021-11-23 16:39:09 - [MESSAGE][INFO] - Checking object

2021-11-23 16:39:09 - [MESSAGE][INFO] - Finding web element from Test Object's properties

2021-11-23 16:39:09 - [MESSAGE][INFO] - Checking timeout

2021-11-23 16:39:09 - [MESSAGE][INFO] - Finding web element with id: 'Object Repository/Sayfalar/Giris_Sayfasi/RetveTamam_Butonu' located by 'By.xpath: //*[@class = 'btn btn-default']' in '30' second(s)

2021-11-23 16:39:09 - [MESSAGE][INFO] - Smart Wait Function is triggered

2021-11-23 16:39:12 - [MESSAGE][INFO] - Found 1 web elements with id: 'Object Repository/Sayfalar/Giris_Sayfasi/RetveTamam_Butonu' located by 'By.xpath: //*[@class = 'btn btn-default']' in '30' second(s)

2021-11-23 16:39:12 - [MESSAGE][INFO] - Clicking on object: 'Object Repository/Sayfalar/Giris_Sayfasi/RetveTamam_Butonu'

2021-11-23 16:39:12 - [MESSAGE][PASSED] - Object: 'Object Repository/Sayfalar/Giris_Sayfasi/RetveTamam_Butonu' is clicked on

2021-11-23 16:39:12 - [TEST_STEP][PASSED] - if (verifyElementPresent(findTestObject("Sayfalar/Giris_Sayfasi/PopupOK"), 5, OPTIONAL)): null

2021-11-23 16:39:12 - [MESSAGE][INFO] - Finding Test Object 'Object Repository/Sayfalar/Giris_Sayfasi/PopupOK'

2021-11-23 16:39:12 - [MESSAGE][INFO] - Checking object

2021-11-23 16:39:12 - [MESSAGE][INFO] - Finding web element from Test Object's properties

2021-11-23 16:39:12 - [MESSAGE][INFO] - Checking timeout

2021-11-23 16:39:12 - [MESSAGE][INFO] - Finding web element with id: 'Object Repository/Sayfalar/Giris_Sayfasi/PopupOK' located by 'By.cssSelector: .btn.btn-success' in '5' second(s)

2021-11-23 16:39:12 - [MESSAGE][INFO] - Smart Wait Function is triggered

2021-11-23 16:39:13 - [MESSAGE][INFO] - Found 1 web elements with id: 'Object Repository/Sayfalar/Giris_Sayfasi/PopupOK' located by 'By.cssSelector: .btn.btn-success' in '5' second(s)

2021-11-23 16:39:13 - [MESSAGE][PASSED] - Object 'Object Repository/Sayfalar/Giris_Sayfasi/PopupOK' is present

2021-11-23 16:39:13 - [TEST_STEP][PASSED] - click(findTestObject("Object Repository/Sayfalar/Giris_Sayfasi/PopupCarpiGiris")): Object: 'Object Repository/Sayfalar/Giris_Sayfasi/PopupCarpiGiris' is clicked on

2021-11-23 16:39:13 - [MESSAGE][INFO] - Finding Test Object 'Object Repository/Sayfalar/Giris_Sayfasi/PopupCarpiGiris'

2021-11-23 16:39:13 - [MESSAGE][INFO] - Checking object

2021-11-23 16:39:13 - [MESSAGE][INFO] - Finding web element from Test Object's properties

2021-11-23 16:39:13 - [MESSAGE][INFO] - Checking timeout

2021-11-23 16:39:13 - [MESSAGE][INFO] - Finding web element with id: 'Object Repository/Sayfalar/Giris_Sayfasi/PopupCarpiGiris' located by 'By.cssSelector: .bootbox-close-button.close' in '30' second(s)

2021-11-23 16:39:13 - [MESSAGE][INFO] - Smart Wait Function is triggered

2021-11-23 16:39:14 - [MESSAGE][INFO] - Found 1 web elements with id: 'Object Repository/Sayfalar/Giris_Sayfasi/PopupCarpiGiris' located by 'By.cssSelector: .bootbox-close-button.close' in '30' second(s)

2021-11-23 16:39:14 - [MESSAGE][INFO] - Clicking on object: 'Object Repository/Sayfalar/Giris_Sayfasi/PopupCarpiGiris'

2021-11-23 16:39:14 - [MESSAGE][PASSED] - Object: 'Object Repository/Sayfalar/Giris_Sayfasi/PopupCarpiGiris' is clicked on

2021-11-23 16:39:14 - [TEST_STEP][PASSED] - verifyElementVisible(findTestObject("Object Repository/Kullanici_Islemleri/KullaniciIslemleri")): Object 'Object Repository/Kullanici_Islemleri/KullaniciIslemleri' is visible

2021-11-23 16:39:14 - [MESSAGE][INFO] - Finding Test Object 'Object Repository/Kullanici_Islemleri/KullaniciIslemleri'

2021-11-23 16:39:14 - [MESSAGE][INFO] - Checking object

2021-11-23 16:39:14 - [MESSAGE][INFO] - Finding web element from Test Object's properties

2021-11-23 16:39:14 - [MESSAGE][INFO] - Checking timeout

2021-11-23 16:39:14 - [MESSAGE][INFO] - Finding web element with id: 'Object Repository/Kullanici_Islemleri/KullaniciIslemleri' located by 'By.cssSelector: .dropdown>a>img' in '30' second(s)

2021-11-23 16:39:14 - [MESSAGE][INFO] - Smart Wait Function is triggered

2021-11-23 16:39:15 - [MESSAGE][INFO] - Found 1 web elements with id: 'Object Repository/Kullanici_Islemleri/KullaniciIslemleri' located by 'By.cssSelector: .dropdown>a>img' in '30' second(s)

2021-11-23 16:39:15 - [MESSAGE][PASSED] - Object 'Object Repository/Kullanici_Islemleri/KullaniciIslemleri' is visible

2021-11-23 16:39:15 - [MESSAGE][PASSED] - Call Test Case 'Test Cases/Sayfalar/Giris_Sayfasi/Login' successfully

2021-11-23 16:39:15 - [MESSAGE][INFO] - Checking called Test Case

2021-11-23 16:39:15 - [MESSAGE][INFO] - Starting to call Test Case 'Test Cases/Menu/AnaMenuSecimi'

2021-11-23 16:39:15 - [TEST_CASE][PASSED] - Test Cases/Menu/AnaMenuSecimi: Test Cases/Menu/AnaMenuSecimi

2021-11-23 16:39:15 - [TEST_STEP][PASSED] - Method.TextDegerineEsitElementeTikla(findTestObject("Menu/Ana_Menu"), Ana_Menu): Method.TextDegerineEsitElementeTikla is PASSED

2021-11-23 16:39:15 - [MESSAGE][INFO] - Finding Test Object 'Object Repository/Menu/Ana_Menu'

2021-11-23 16:39:15 - [MESSAGE][INFO] - Checking timeout

2021-11-23 16:39:15 - [MESSAGE][INFO] - Finding web element with id: 'Object Repository/Menu/Ana_Menu' located by 'By.xpath: //*[@class = 'dropdown-toggle']' in '10' second(s)

2021-11-23 16:39:15 - [MESSAGE][INFO] - Smart Wait Function is triggered

2021-11-23 16:39:15 - [MESSAGE][INFO] - Found 14 web elements with id: 'Object Repository/Menu/Ana_Menu' located by 'By.xpath: //*[@class = 'dropdown-toggle']' in '10' second(s)

2021-11-23 16:39:15 - [MESSAGE][PASSED] - Method.TextDegerineEsitElementeTikla is PASSED

2021-11-23 16:39:15 - [MESSAGE][PASSED] - Call Test Case 'Test Cases/Menu/AnaMenuSecimi' successfully

2021-11-23 16:39:15 - [MESSAGE][INFO] - Checking called Test Case

2021-11-23 16:39:15 - [MESSAGE][INFO] - Starting to call Test Case 'Test Cases/Menu/BasligaGoreAltMenuSecimi'

2021-11-23 16:39:15 - [TEST_CASE][PASSED] - Test Cases/Menu/BasligaGoreAltMenuSecimi: Test Cases/Menu/BasligaGoreAltMenuSecimi

2021-11-23 16:39:15 - [TEST_STEP][PASSED] - Method.TextDegerineEsitElementinAltindakiTextDegerineEsitOlanaTikla(findTestObject("Menu/Menu_Basligi"), findTestObject("Menu/Basliga_Gore_Alt_Menu"), Baslik, Alt_Menu): Method.TextDegerineEsitElementinAltindakiTextDegerineEsitOlanaTikla is PASSED

2021-11-23 16:39:15 - [MESSAGE][INFO] - Finding Test Object 'Object Repository/Menu/Menu_Basligi'

2021-11-23 16:39:15 - [MESSAGE][INFO] - Finding Test Object 'Object Repository/Menu/Basliga_Gore_Alt_Menu'

2021-11-23 16:39:16 - [MESSAGE][INFO] - Checking timeout

2021-11-23 16:39:16 - [MESSAGE][INFO] - Finding web element with id: 'Object Repository/Menu/Menu_Basligi' located by 'By.xpath: //li[@class='dropdown dropdown-large open']//li[@class='dropdown-header']' in '10' second(s)

2021-11-23 16:39:16 - [MESSAGE][INFO] - Smart Wait Function is triggered

2021-11-23 16:39:16 - [MESSAGE][INFO] - Found 2 web elements with id: 'Object Repository/Menu/Menu_Basligi' located by 'By.xpath: //li[@class='dropdown dropdown-large open']//li[@class='dropdown-header']' in '10' second(s)

2021-11-23 16:39:16 - [MESSAGE][INFO] - Smart Wait Function is triggered

2021-11-23 16:39:23 - [MESSAGE][PASSED] - Method.TextDegerineEsitElementinAltindakiTextDegerineEsitOlanaTikla is PASSED

2021-11-23 16:39:23 - [MESSAGE][PASSED] - Call Test Case 'Test Cases/Menu/BasligaGoreAltMenuSecimi' successfully

2021-11-23 16:39:23 - [MESSAGE][INFO] - Checking called Test Case

2021-11-23 16:39:23 - [MESSAGE][INFO] - Starting to call Test Case 'Test Cases/Filtreler/BaslangicYaz'

2021-11-23 16:39:23 - [TEST_CASE][PASSED] - Test Cases/Filtreler/BaslangicYaz: Test Cases/Filtreler/BaslangicYaz

2021-11-23 16:39:23 - [TEST_STEP][PASSED] - delay(3): Delayed 3 second(s)

2021-11-23 16:39:23 - [MESSAGE][INFO] - Delaying browser in 3 second(s)

2021-11-23 16:39:26 - [MESSAGE][PASSED] - Delayed 3 second(s)

2021-11-23 16:39:26 - [TEST_STEP][PASSED] - Method.TextDegerineEsitElementinAltindakineTikla(findTestObject("Filtreler/Basliklar"), findTestObject("Filtreler/Basliga_Gore_Baslangic_Image"), Filtre_Adi): Method.TextDegerineEsitElementinAltindakineTikla is PASSED

2021-11-23 16:39:26 - [MESSAGE][INFO] - Finding Test Object 'Object Repository/Filtreler/Basliklar'

2021-11-23 16:39:26 - [MESSAGE][INFO] - Finding Test Object 'Object Repository/Filtreler/Basliga_Gore_Baslangic_Image'

2021-11-23 16:39:26 - [MESSAGE][INFO] - Checking timeout

2021-11-23 16:39:26 - [MESSAGE][INFO] - Finding web element with id: 'Object Repository/Filtreler/Basliklar' located by 'By.cssSelector: .control-label.col-sm-4.paddingMarginRLC' in '10' second(s)

2021-11-23 16:39:26 - [MESSAGE][INFO] - Smart Wait Function is triggered

2021-11-23 16:39:27 - [MESSAGE][INFO] - Found 14 web elements with id: 'Object Repository/Filtreler/Basliklar' located by 'By.cssSelector: .control-label.col-sm-4.paddingMarginRLC' in '10' second(s)

2021-11-23 16:39:27 - [MESSAGE][INFO] - Smart Wait Function is triggered

2021-11-23 16:39:27 - [MESSAGE][PASSED] - Method.TextDegerineEsitElementinAltindakineTikla is PASSED

2021-11-23 16:39:27 - [TEST_STEP][PASSED] - Method.TextDegerineEsitElementinAltindakiTextboxtaYaz(findTestObject("Filtreler/Basliklar"), findTestObject("Filtreler/Basliga_Gore_Baslangic"), Filtre_Adi, Filtre_Degeri): Method.TextDegerineEsitElementinAltindakiTextboxtaYaz is PASSED

2021-11-23 16:39:27 - [MESSAGE][INFO] - Finding Test Object 'Object Repository/Filtreler/Basliklar'

2021-11-23 16:39:27 - [MESSAGE][INFO] - Finding Test Object 'Object Repository/Filtreler/Basliga_Gore_Baslangic'

2021-11-23 16:39:27 - [MESSAGE][INFO] - Checking timeout

2021-11-23 16:39:27 - [MESSAGE][INFO] - Finding web element with id: 'Object Repository/Filtreler/Basliklar' located by 'By.cssSelector: .control-label.col-sm-4.paddingMarginRLC' in '10' second(s)

2021-11-23 16:39:27 - [MESSAGE][INFO] - Smart Wait Function is triggered

2021-11-23 16:39:27 - [MESSAGE][INFO] - Found 14 web elements with id: 'Object Repository/Filtreler/Basliklar' located by 'By.cssSelector: .control-label.col-sm-4.paddingMarginRLC' in '10' second(s)

2021-11-23 16:39:27 - [MESSAGE][INFO] - Smart Wait Function is triggered

2021-11-23 16:39:28 - [MESSAGE][PASSED] - Method.TextDegerineEsitElementinAltindakiTextboxtaYaz is PASSED

2021-11-23 16:39:28 - [MESSAGE][PASSED] - Call Test Case 'Test Cases/Filtreler/BaslangicYaz' successfully

2021-11-23 16:39:28 - [MESSAGE][INFO] - Checking called Test Case

2021-11-23 16:39:28 - [MESSAGE][INFO] - Starting to call Test Case 'Test Cases/Filtreler/BitisYaz'

2021-11-23 16:39:28 - [TEST_CASE][PASSED] - Test Cases/Filtreler/BitisYaz: Test Cases/Filtreler/BitisYaz

2021-11-23 16:39:28 - [TEST_STEP][PASSED] - Method.TextDegerineEsitElementinAltindakineTikla(findTestObject("Filtreler/Basliklar"), findTestObject("Filtreler/Basliga_Gore_Bitis_Image"), Filtre_Adi): Method.TextDegerineEsitElementinAltindakineTikla is PASSED

2021-11-23 16:39:28 - [MESSAGE][INFO] - Finding Test Object 'Object Repository/Filtreler/Basliklar'

2021-11-23 16:39:28 - [MESSAGE][INFO] - Finding Test Object 'Object Repository/Filtreler/Basliga_Gore_Bitis_Image'

2021-11-23 16:39:28 - [MESSAGE][INFO] - Checking timeout

2021-11-23 16:39:28 - [MESSAGE][INFO] - Finding web element with id: 'Object Repository/Filtreler/Basliklar' located by 'By.cssSelector: .control-label.col-sm-4.paddingMarginRLC' in '10' second(s)

2021-11-23 16:39:28 - [MESSAGE][INFO] - Smart Wait Function is triggered

2021-11-23 16:39:28 - [MESSAGE][INFO] - Found 14 web elements with id: 'Object Repository/Filtreler/Basliklar' located by 'By.cssSelector: .control-label.col-sm-4.paddingMarginRLC' in '10' second(s)

2021-11-23 16:39:28 - [MESSAGE][INFO] - Smart Wait Function is triggered

2021-11-23 16:39:29 - [MESSAGE][PASSED] - Method.TextDegerineEsitElementinAltindakineTikla is PASSED

2021-11-23 16:39:29 - [TEST_STEP][PASSED] - Method.TextDegerineEsitElementinAltindakiTextboxtaYaz(findTestObject("Filtreler/Basliklar"), findTestObject("Object Repository/Filtreler/Basliga_Gore_Bitis"), Filtre_Adi, Filtre_Degeri): Method.TextDegerineEsitElementinAltindakiTextboxtaYaz is PASSED

2021-11-23 16:39:29 - [MESSAGE][INFO] - Finding Test Object 'Object Repository/Filtreler/Basliklar'

2021-11-23 16:39:29 - [MESSAGE][INFO] - Finding Test Object 'Object Repository/Filtreler/Basliga_Gore_Bitis'

2021-11-23 16:39:29 - [MESSAGE][INFO] - Checking timeout

2021-11-23 16:39:29 - [MESSAGE][INFO] - Finding web element with id: 'Object Repository/Filtreler/Basliklar' located by 'By.cssSelector: .control-label.col-sm-4.paddingMarginRLC' in '10' second(s)

2021-11-23 16:39:29 - [MESSAGE][INFO] - Smart Wait Function is triggered

2021-11-23 16:39:29 - [MESSAGE][INFO] - Found 14 web elements with id: 'Object Repository/Filtreler/Basliklar' located by 'By.cssSelector: .control-label.col-sm-4.paddingMarginRLC' in '10' second(s)

2021-11-23 16:39:29 - [MESSAGE][INFO] - Smart Wait Function is triggered

2021-11-23 16:39:30 - [MESSAGE][PASSED] - Method.TextDegerineEsitElementinAltindakiTextboxtaYaz is PASSED

2021-11-23 16:39:30 - [MESSAGE][PASSED] - Call Test Case 'Test Cases/Filtreler/BitisYaz' successfully

2021-11-23 16:39:30 - [MESSAGE][INFO] - Checking called Test Case

2021-11-23 16:39:30 - [MESSAGE][INFO] - Starting to call Test Case 'Test Cases/Filtreler/ButonaTikla'

2021-11-23 16:39:30 - [TEST_CASE][PASSED] - Test Cases/Filtreler/ButonaTikla: Test Cases/Filtreler/ButonaTikla

2021-11-23 16:39:30 - [TEST_STEP][PASSED] - Method.TextDegerineEsitElementeTikla(findTestObject("Filtreler/Butonlar"), Filtre_Buton): Method.TextDegerineEsitElementeTikla is PASSED

2021-11-23 16:39:30 - [MESSAGE][INFO] - Finding Test Object 'Object Repository/Filtreler/Butonlar'

2021-11-23 16:39:30 - [MESSAGE][INFO] - Checking timeout

2021-11-23 16:39:30 - [MESSAGE][INFO] - Finding web element with id: 'Object Repository/Filtreler/Butonlar' located by 'By.cssSelector: .dxb>span' in '10' second(s)

2021-11-23 16:39:30 - [MESSAGE][INFO] - Smart Wait Function is triggered

2021-11-23 16:39:30 - [MESSAGE][INFO] - Found 3 web elements with id: 'Object Repository/Filtreler/Butonlar' located by 'By.cssSelector: .dxb>span' in '10' second(s)

2021-11-23 16:39:30 - [MESSAGE][PASSED] - Method.TextDegerineEsitElementeTikla is PASSED

2021-11-23 16:39:30 - [MESSAGE][PASSED] - Call Test Case 'Test Cases/Filtreler/ButonaTikla' successfully

2021-11-23 16:39:30 - [MESSAGE][INFO] - Checking called Test Case

2021-11-23 16:39:30 - [MESSAGE][INFO] - Starting to call Test Case 'Test Cases/Tablo/TablodaVeriVarMi'

2021-11-23 16:39:30 - [TEST_CASE][PASSED] - Test Cases/Tablo/TablodaVeriVarMi: Test Cases/Tablo/TablodaVeriVarMi

2021-11-23 16:39:30 - [TEST_STEP][PASSED] - verifyTextNotPresent("Görüntülenecek veri yok", true): Text 'Görüntülenecek veri yok' is not present on page using regular expression

2021-11-23 16:39:30 - [MESSAGE][INFO] - Checking text present  using regular expression

2021-11-23 16:39:30 - [MESSAGE][INFO] - Smart Wait Function is triggered

2021-11-23 16:39:31 - [MESSAGE][INFO] - Finding text 'Görüntülenecek veri yok' on page  using regular expression

2021-11-23 16:39:31 - [MESSAGE][PASSED] - Text 'Görüntülenecek veri yok' is not present on page using regular expression

2021-11-23 16:39:31 - [MESSAGE][PASSED] - Call Test Case 'Test Cases/Tablo/TablodaVeriVarMi' successfully

2021-11-23 16:39:31 - [MESSAGE][INFO] - Checking called Test Case

2021-11-23 16:39:31 - [MESSAGE][INFO] - Starting to call Test Case 'Test Cases/Tablo/TablodanVeriSec'

2021-11-23 16:39:31 - [TEST_CASE][PASSED] - Test Cases/Tablo/TablodanVeriSec: Test Cases/Tablo/TablodanVeriSec

2021-11-23 16:39:31 - [TEST_STEP][PASSED] - Method.TextDegerineEsitElementinAltindakineTikla(findTestObject("Tablo/Veriler"), findTestObject("Tablo/VerininCheckBoxi"), Veri_Adi): Method.TextDegerineEsitElementinAltindakineTikla is PASSED

2021-11-23 16:39:31 - [MESSAGE][INFO] - Finding Test Object 'Object Repository/Tablo/Veriler'

2021-11-23 16:39:32 - [MESSAGE][INFO] - Finding Test Object 'Object Repository/Tablo/VerininCheckBoxi'

2021-11-23 16:39:32 - [MESSAGE][INFO] - Checking timeout

2021-11-23 16:39:32 - [MESSAGE][INFO] - Finding web element with id: 'Object Repository/Tablo/Veriler' located by 'By.cssSelector: td.dxgv b ,td.dxgv' in '10' second(s)

2021-11-23 16:39:32 - [MESSAGE][INFO] - Smart Wait Function is triggered

2021-11-23 16:39:32 - [MESSAGE][INFO] - Found 13 web elements with id: 'Object Repository/Tablo/Veriler' located by 'By.cssSelector: td.dxgv b ,td.dxgv' in '10' second(s)

2021-11-23 16:39:32 - [MESSAGE][INFO] - Smart Wait Function is triggered

2021-11-23 16:39:32 - [MESSAGE][PASSED] - Method.TextDegerineEsitElementinAltindakineTikla is PASSED

2021-11-23 16:39:32 - [MESSAGE][PASSED] - Call Test Case 'Test Cases/Tablo/TablodanVeriSec' successfully

2021-11-23 16:39:32 - [MESSAGE][INFO] - Checking called Test Case

2021-11-23 16:39:32 - [MESSAGE][INFO] - Starting to call Test Case 'Test Cases/Butonlar/ButonaTikla'

2021-11-23 16:39:32 - [TEST_CASE][PASSED] - Test Cases/Butonlar/ButonaTikla: Test Cases/Butonlar/ButonaTikla

2021-11-23 16:39:32 - [TEST_STEP][PASSED] - Method.TextDegerineEsitElementeTiklaEquals(findTestObject("Butonlar/Butonlar"), Buton_Adi): Method.TextDegerineEsitElementeTiklaEquals is PASSED

2021-11-23 16:39:32 - [MESSAGE][INFO] - Finding Test Object 'Object Repository/Butonlar/Butonlar'

2021-11-23 16:39:32 - [MESSAGE][INFO] - Checking timeout

2021-11-23 16:39:32 - [MESSAGE][INFO] - Finding web element with id: 'Object Repository/Butonlar/Butonlar' located by 'By.cssSelector: .panel.panel-default.text-center.footerPanel .btn,.btn.btn-primary.btnControls' in '10' second(s)

2021-11-23 16:39:32 - [MESSAGE][INFO] - Smart Wait Function is triggered

2021-11-23 16:39:33 - [MESSAGE][INFO] - Found 13 web elements with id: 'Object Repository/Butonlar/Butonlar' located by 'By.cssSelector: .panel.panel-default.text-center.footerPanel .btn,.btn.btn-primary.btnControls' in '10' second(s)

2021-11-23 16:39:33 - [MESSAGE][PASSED] - Method.TextDegerineEsitElementeTiklaEquals is PASSED

2021-11-23 16:39:33 - [MESSAGE][PASSED] - Call Test Case 'Test Cases/Butonlar/ButonaTikla' successfully

2021-11-23 16:39:33 - [MESSAGE][INFO] - Checking called Test Case

2021-11-23 16:39:33 - [MESSAGE][INFO] - Starting to call Test Case 'Test Cases/Sekmeler/YeniSekmeyeGec'

2021-11-23 16:39:33 - [TEST_CASE][PASSED] - Test Cases/Sekmeler/YeniSekmeyeGec: Test Cases/Sekmeler/YeniSekmeyeGec

2021-11-23 16:39:33 - [TEST_STEP][PASSED] - switchToWindowIndex(1): Switched to window with index: '1'

2021-11-23 16:39:33 - [MESSAGE][INFO] - Checking index

2021-11-23 16:39:33 - [MESSAGE][INFO] - Switching window with index: '1'

2021-11-23 16:39:33 - [MESSAGE][PASSED] - Switched to window with index: '1'

2021-11-23 16:39:33 - [MESSAGE][PASSED] - Call Test Case 'Test Cases/Sekmeler/YeniSekmeyeGec' successfully

2021-11-23 16:39:33 - [MESSAGE][INFO] - Checking called Test Case

2021-11-23 16:39:33 - [MESSAGE][INFO] - Starting to call Test Case 'Test Cases/Sekmeler/GecmisGeldiMi'

2021-11-23 16:39:33 - [TEST_CASE][PASSED] - Test Cases/Sekmeler/GecmisGeldiMi: Test Cases/Sekmeler/GecmisGeldiMi

2021-11-23 16:39:34 - [TEST_STEP][PASSED] - waitForElementVisible(findTestObject("Object Repository/Sekmeler/GecmisBaslik"), 10): Object 'Object Repository/Sekmeler/GecmisBaslik' is visible

2021-11-23 16:39:34 - [MESSAGE][INFO] - Finding Test Object 'Object Repository/Sekmeler/GecmisBaslik'

2021-11-23 16:39:34 - [MESSAGE][INFO] - Checking object

2021-11-23 16:39:34 - [MESSAGE][INFO] - Checking timeout

2021-11-23 16:39:34 - [MESSAGE][INFO] - Finding web element from Test Object's properties

2021-11-23 16:39:34 - [MESSAGE][INFO] - Checking timeout

2021-11-23 16:39:34 - [MESSAGE][INFO] - Finding web element with id: 'Object Repository/Sekmeler/GecmisBaslik' located by 'By.cssSelector: .dxnb-ghtext.dx-vam' in '10' second(s)

2021-11-23 16:39:34 - [MESSAGE][INFO] - Smart Wait Function is triggered

2021-11-23 16:39:40 - [MESSAGE][INFO] - Found 1 web elements with id: 'Object Repository/Sekmeler/GecmisBaslik' located by 'By.cssSelector: .dxnb-ghtext.dx-vam' in '10' second(s)

2021-11-23 16:39:41 - [MESSAGE][PASSED] - Object 'Object Repository/Sekmeler/GecmisBaslik' is visible

2021-11-23 16:39:41 - [TEST_STEP][PASSED] - if (!(getText(findTestObject("Object Repository/Sekmeler/GecmisBaslik")).contains(Baslik))): Text of object 'Object Repository/Sekmeler/GecmisBaslik' is: 'Müstahsil Makbuzu İzleme Kayıtları - 1551'

2021-11-23 16:39:41 - [MESSAGE][INFO] - Finding Test Object 'Object Repository/Sekmeler/GecmisBaslik'

2021-11-23 16:39:41 - [MESSAGE][INFO] - Checking object

2021-11-23 16:39:41 - [MESSAGE][INFO] - Finding web element from Test Object's properties

2021-11-23 16:39:41 - [MESSAGE][INFO] - Checking timeout

2021-11-23 16:39:41 - [MESSAGE][INFO] - Finding web element with id: 'Object Repository/Sekmeler/GecmisBaslik' located by 'By.cssSelector: .dxnb-ghtext.dx-vam' in '30' second(s)

2021-11-23 16:39:41 - [MESSAGE][INFO] - Smart Wait Function is triggered

2021-11-23 16:39:41 - [MESSAGE][INFO] - Found 1 web elements with id: 'Object Repository/Sekmeler/GecmisBaslik' located by 'By.cssSelector: .dxnb-ghtext.dx-vam' in '30' second(s)

2021-11-23 16:39:41 - [MESSAGE][INFO] - Getting text of object 'Object Repository/Sekmeler/GecmisBaslik'

2021-11-23 16:39:41 - [MESSAGE][PASSED] - Text of object 'Object Repository/Sekmeler/GecmisBaslik' is: 'Müstahsil Makbuzu İzleme Kayıtları - 1551'

2021-11-23 16:39:41 - [MESSAGE][PASSED] - Call Test Case 'Test Cases/Sekmeler/GecmisGeldiMi' successfully

2021-11-23 16:39:41 - [MESSAGE][INFO] - Checking called Test Case

2021-11-23 16:39:41 - [MESSAGE][INFO] - Starting to call Test Case 'Test Cases/Sekmeler/Ana_Sekmeye_Gec'

2021-11-23 16:39:41 - [TEST_CASE][PASSED] - Test Cases/Sekmeler/Ana_Sekmeye_Gec: Test Cases/Sekmeler/Ana_Sekmeye_Gec

2021-11-23 16:39:41 - [TEST_STEP][PASSED] - try: Window with index 1 is closed

2021-11-23 16:39:41 - [TEST_STEP][PASSED] - index = getWindowIndex(): Current window's index is: 1

2021-11-23 16:39:41 - [MESSAGE][INFO] - Getting current window's index

2021-11-23 16:39:41 - [MESSAGE][PASSED] - Current window's index is: 1

2021-11-23 16:39:41 - [TEST_STEP][PASSED] - closeWindowIndex(index): Window with index 1 is closed

2021-11-23 16:39:41 - [MESSAGE][INFO] - Checking index

2021-11-23 16:39:41 - [MESSAGE][INFO] - Closing window with index 1

2021-11-23 16:39:41 - [MESSAGE][PASSED] - Window with index 1 is closed

2021-11-23 16:39:41 - [TEST_STEP][PASSED] - switchToWindowIndex(0): Switched to window with index: '0'

2021-11-23 16:39:41 - [MESSAGE][INFO] - Checking index

2021-11-23 16:39:41 - [MESSAGE][INFO] - Switching window with index: '0'

2021-11-23 16:39:41 - [MESSAGE][PASSED] - Switched to window with index: '0'

2021-11-23 16:39:41 - [MESSAGE][PASSED] - Call Test Case 'Test Cases/Sekmeler/Ana_Sekmeye_Gec' successfully

2021-11-23 16:39:41 - [MESSAGE][INFO] - Checking called Test Case

2021-11-23 16:39:41 - [MESSAGE][INFO] - Starting to call Test Case 'Test Cases/Kullanici_Islemleri/KullaniciIslemlerindenSecimYapilir'

2021-11-23 16:39:41 - [TEST_CASE][PASSED] - Test Cases/Kullanici_Islemleri/KullaniciIslemlerindenSecimYapilir: Test Cases/Kullanici_Islemleri/KullaniciIslemlerindenSecimYapilir

2021-11-23 16:39:41 - [TEST_STEP][PASSED] - waitForElementClickable(findTestObject("Object Repository/Kullanici_Islemleri/KullaniciIslemleri"), 10): Object 'Object Repository/Kullanici_Islemleri/KullaniciIslemleri' is clickable

2021-11-23 16:39:41 - [MESSAGE][INFO] - Finding Test Object 'Object Repository/Kullanici_Islemleri/KullaniciIslemleri'

2021-11-23 16:39:41 - [MESSAGE][INFO] - Checking object

2021-11-23 16:39:41 - [MESSAGE][INFO] - Checking timeout

2021-11-23 16:39:41 - [MESSAGE][INFO] - Finding web element from Test Object's properties

2021-11-23 16:39:41 - [MESSAGE][INFO] - Checking timeout

2021-11-23 16:39:41 - [MESSAGE][INFO] - Finding web element with id: 'Object Repository/Kullanici_Islemleri/KullaniciIslemleri' located by 'By.cssSelector: .dropdown>a>img' in '10' second(s)

2021-11-23 16:39:41 - [MESSAGE][INFO] - Smart Wait Function is triggered

2021-11-23 16:39:42 - [MESSAGE][INFO] - Found 1 web elements with id: 'Object Repository/Kullanici_Islemleri/KullaniciIslemleri' located by 'By.cssSelector: .dropdown>a>img' in '10' second(s)

2021-11-23 16:39:42 - [MESSAGE][PASSED] - Object 'Object Repository/Kullanici_Islemleri/KullaniciIslemleri' is clickable

2021-11-23 16:39:42 - [TEST_STEP][PASSED] - click(findTestObject("Object Repository/Kullanici_Islemleri/KullaniciIslemleri")): Object: 'Object Repository/Kullanici_Islemleri/KullaniciIslemleri' is clicked on

2021-11-23 16:39:42 - [MESSAGE][INFO] - Finding Test Object 'Object Repository/Kullanici_Islemleri/KullaniciIslemleri'

2021-11-23 16:39:42 - [MESSAGE][INFO] - Checking object

2021-11-23 16:39:42 - [MESSAGE][INFO] - Finding web element from Test Object's properties

2021-11-23 16:39:42 - [MESSAGE][INFO] - Checking timeout

2021-11-23 16:39:42 - [MESSAGE][INFO] - Finding web element with id: 'Object Repository/Kullanici_Islemleri/KullaniciIslemleri' located by 'By.cssSelector: .dropdown>a>img' in '30' second(s)

2021-11-23 16:39:42 - [MESSAGE][INFO] - Smart Wait Function is triggered

2021-11-23 16:39:42 - [MESSAGE][INFO] - Found 1 web elements with id: 'Object Repository/Kullanici_Islemleri/KullaniciIslemleri' located by 'By.cssSelector: .dropdown>a>img' in '30' second(s)

2021-11-23 16:39:42 - [MESSAGE][INFO] - Clicking on object: 'Object Repository/Kullanici_Islemleri/KullaniciIslemleri'

2021-11-23 16:39:42 - [MESSAGE][PASSED] - Object: 'Object Repository/Kullanici_Islemleri/KullaniciIslemleri' is clicked on

2021-11-23 16:39:42 - [TEST_STEP][PASSED] - Method.TextDegerineEsitElementeTikla(findTestObject("Object Repository/Kullanici_Islemleri/Secenekler"), Islem): Method.TextDegerineEsitElementeTikla is PASSED

2021-11-23 16:39:42 - [MESSAGE][INFO] - Finding Test Object 'Object Repository/Kullanici_Islemleri/Secenekler'

2021-11-23 16:39:42 - [MESSAGE][INFO] - Checking timeout

2021-11-23 16:39:42 - [MESSAGE][INFO] - Finding web element with id: 'Object Repository/Kullanici_Islemleri/Secenekler' located by 'By.cssSelector: .nav.navbar-nav.navbar-right li a' in '10' second(s)

2021-11-23 16:39:42 - [MESSAGE][INFO] - Smart Wait Function is triggered

2021-11-23 16:39:42 - [MESSAGE][INFO] - Found 22 web elements with id: 'Object Repository/Kullanici_Islemleri/Secenekler' located by 'By.cssSelector: .nav.navbar-nav.navbar-right li a' in '10' second(s)

2021-11-23 16:39:45 - [MESSAGE][PASSED] - Method.TextDegerineEsitElementeTikla is PASSED

2021-11-23 16:39:45 - [TEST_STEP][PASSED] - verifyElementNotPresent(findTestObject("Object Repository/Kullanici_Islemleri/Secenekler"), 10): Web element with id: 'Object Repository/Kullanici_Islemleri/Secenekler' located by 'By.cssSelector: .nav.navbar-nav.navbar-right li a' is not present after '10' second(s)

2021-11-23 16:39:45 - [MESSAGE][INFO] - Finding Test Object 'Object Repository/Kullanici_Islemleri/Secenekler'

2021-11-23 16:39:45 - [MESSAGE][INFO] - Checking object

2021-11-23 16:39:45 - [MESSAGE][INFO] - Checking timeout

2021-11-23 16:39:45 - [MESSAGE][INFO] - Finding web element with id: 'Object Repository/Kullanici_Islemleri/Secenekler' located by 'By.cssSelector: .nav.navbar-nav.navbar-right li a' in '10' second(s)

2021-11-23 16:39:45 - [MESSAGE][INFO] - Smart Wait Function is triggered

2021-11-23 16:39:45 - [MESSAGE][PASSED] - Web element with id: 'Object Repository/Kullanici_Islemleri/Secenekler' located by 'By.cssSelector: .nav.navbar-nav.navbar-right li a' is not present after '10' second(s)

2021-11-23 16:39:45 - [MESSAGE][PASSED] - Call Test Case 'Test Cases/Kullanici_Islemleri/KullaniciIslemlerindenSecimYapilir' successfully

2021-11-23 16:39:45 - [TEST_CASE][PASSED] - Start Test Case : SCENARIO e-Mustahsil Makbuzu Gecmis: SCENARIO e-Mustahsil Makbuzu Gecmis

2021-11-23 16:39:45 - [TEST_STEP][PASSED] - Kullanıcı adı ELOGO6 ve Şifre 123456 olarak giriş yapılır: Kullanıcı adı ELOGO6 ve Şifre 123456 olarak giriş yapılır

2021-11-23 16:39:45 - [MESSAGE][PASSED] - Kullanıcı adı ELOGO6 ve Şifre 123456 olarak giriş yapılır

2021-11-23 16:39:45 - [TEST_STEP][PASSED] - Ana menüden e-Makbuz seçilir: Ana menüden e-Makbuz seçilir

2021-11-23 16:39:45 - [MESSAGE][PASSED] - Ana menüden e-Makbuz seçilir

2021-11-23 16:39:45 - [TEST_STEP][PASSED] - Alt menü e-Müstahsil Uygulaması başlığı altındaki e-Müstahsil Makbuzları seçilir: Alt menü e-Müstahsil Uygulaması başlığı altındaki e-Müstahsil Makbuzları seçilir

2021-11-23 16:39:45 - [MESSAGE][PASSED] - Alt menü e-Müstahsil Uygulaması başlığı altındaki e-Müstahsil Makbuzları seçilir

2021-11-23 16:39:45 - [TEST_STEP][PASSED] - Filtrelerden Oluşturma Tarihi filtresine 01.12.2020 baslangic degerini yaz: Filtrelerden Oluşturma Tarihi filtresine 01.12.2020 baslangic degerini yaz

2021-11-23 16:39:45 - [MESSAGE][PASSED] - Filtrelerden Oluşturma Tarihi filtresine 01.12.2020 baslangic degerini yaz

2021-11-23 16:39:45 - [TEST_STEP][PASSED] - Filtrelerden Oluşturma Tarihi filtresine 31.12.2020 bitis degerini yaz: Filtrelerden Oluşturma Tarihi filtresine 31.12.2020 bitis degerini yaz

2021-11-23 16:39:45 - [MESSAGE][PASSED] - Filtrelerden Oluşturma Tarihi filtresine 31.12.2020 bitis degerini yaz

2021-11-23 16:39:45 - [TEST_STEP][PASSED] - Filtre butonlarından Listele seçilir: Filtre butonlarından Listele seçilir

2021-11-23 16:39:45 - [MESSAGE][PASSED] - Filtre butonlarından Listele seçilir

2021-11-23 16:39:45 - [TEST_STEP][PASSED] - Tabloda veri var mı kontrol edilir: Tabloda veri var mı kontrol edilir

2021-11-23 16:39:45 - [MESSAGE][PASSED] - Tabloda veri var mı kontrol edilir

2021-11-23 16:39:45 - [TEST_STEP][PASSED] - Tablodan ELOGO5 isimli veri seçilir: Tablodan ELOGO5 isimli veri seçilir

2021-11-23 16:39:45 - [MESSAGE][PASSED] - Tablodan ELOGO5 isimli veri seçilir

2021-11-23 16:39:45 - [TEST_STEP][PASSED] - Butonlardan İzleme Kayıtları isimli butona tıklanır: Butonlardan İzleme Kayıtları isimli butona tıklanır

2021-11-23 16:39:45 - [MESSAGE][PASSED] - Butonlardan İzleme Kayıtları isimli butona tıklanır

2021-11-23 16:39:45 - [TEST_STEP][PASSED] - Yeni açılan sekmeye geçilir: Yeni açılan sekmeye geçilir

2021-11-23 16:39:45 - [MESSAGE][PASSED] - Yeni açılan sekmeye geçilir

2021-11-23 16:39:45 - [TEST_STEP][PASSED] - Müstahsil Makbuzu baslikli gecmis sayfasi geldi mi: Müstahsil Makbuzu baslikli gecmis sayfasi geldi mi

2021-11-23 16:39:45 - [MESSAGE][PASSED] - Müstahsil Makbuzu baslikli gecmis sayfasi geldi mi

2021-11-23 16:39:45 - [TEST_STEP][PASSED] - Ana sekmeye geçilir: Ana sekmeye geçilir

2021-11-23 16:39:45 - [MESSAGE][PASSED] - Ana sekmeye geçilir

2021-11-23 16:39:45 - [TEST_STEP][PASSED] - Kullanıcı işlemlerinden Çıkış seçilir: Kullanıcı işlemlerinden Çıkış seçilir

2021-11-23 16:39:45 - [MESSAGE][PASSED] - Kullanıcı işlemlerinden Çıkış seçilir

2021-11-23 16:39:45 - [MESSAGE][PASSED] - Feature file: 'Include/features/e-Makbuz/e-Mustahsil Uygulamasi/e-Mustahsil Makbuzlari/Izleme Kayitlari.feature' was passed

2021-11-23 16:39:45 - [TEST_STEP][PASSED] - Start listener action : sampleAfterTestSuite: Invoke 'com.kms.katalon.core.annotation.AfterTestCase' method: 'Listener.sampleAfterTestSuite(...)' completed.

2021-11-23 16:39:45 - [MESSAGE][INFO] - Starting invoke 'com.kms.katalon.core.annotation.AfterTestCase' method: 'Listener.sampleAfterTestSuite(...)'

2021-11-23 16:39:45 - [TEST_STEP][PASSED] - closeBrowser(): Invoke 'com.kms.katalon.core.annotation.AfterTestCase' method: 'Listener.sampleAfterTestSuite(...)' completed.

2021-11-23 16:39:45 - [MESSAGE][INFO] - Closing browser

2021-11-23 16:39:46 - [MESSAGE][PASSED] - Browser is closed

2021-11-23 16:39:46 - [MESSAGE][INFO] - Invoke 'com.kms.katalon.core.annotation.AfterTestCase' method: 'Listener.sampleAfterTestSuite(...)' completed.]]></system-out>
         <system-err><![CDATA[]]></system-err>
      </testcase>
      <testcase name="Test Cases/Case Repository/e-Makbuz/e-Mustahsil Uygulamasi/e-Mustahsil Makbuzlari/Statu Ata" time="43.218" classname="Test Cases/Case Repository/e-Makbuz/e-Mustahsil Uygulamasi/e-Mustahsil Makbuzlari/Statu Ata" status="PASSED">
         <system-out><![CDATA[2021-11-23 16:39:46 - [TEST_CASE][PASSED] - Test Cases/Case Repository/e-Makbuz/e-Mustahsil Uygulamasi/e-Mustahsil Makbuzlari/Statu Ata: Test Cases/Case Repository/e-Makbuz/e-Mustahsil Uygulamasi/e-Mustahsil Makbuzlari/Statu Ata

2021-11-23 16:39:46 - [TEST_STEP][PASSED] - Start listener action : sampleBeforeTestSuite: Invoke 'com.kms.katalon.core.annotation.BeforeTestCase' method: 'Listener.sampleBeforeTestSuite(...)' completed.

2021-11-23 16:39:46 - [MESSAGE][INFO] - Starting invoke 'com.kms.katalon.core.annotation.BeforeTestCase' method: 'Listener.sampleBeforeTestSuite(...)'

2021-11-23 16:39:46 - [TEST_STEP][PASSED] - openBrowser(baseUrl): Browser is opened with url: 'https://efatura-stage.elogo.com.tr/'

2021-11-23 16:39:46 - [MESSAGE][INFO] - Opening browser

2021-11-23 16:39:46 - [MESSAGE][INFO] - Starting 'Chrome' driver

2021-11-23 16:39:46 - [MESSAGE][INFO] - User set preference: ['prefs', '{download.default_directory=C:\otomasyondownfiles}']

2021-11-23 16:39:46 - [MESSAGE][INFO] - Action delay is set to 0 milliseconds

2021-11-23 16:39:48 - [MESSAGE][INFO] - Navigating browser to: 'https://efatura-stage.elogo.com.tr/'

2021-11-23 16:39:53 - [MESSAGE][PASSED] - Browser is opened with url: 'https://efatura-stage.elogo.com.tr/'

2021-11-23 16:39:53 - [TEST_STEP][PASSED] - maximizeWindow(): Invoke 'com.kms.katalon.core.annotation.BeforeTestCase' method: 'Listener.sampleBeforeTestSuite(...)' completed.

2021-11-23 16:39:53 - [MESSAGE][INFO] - Maximizing current window

2021-11-23 16:39:53 - [MESSAGE][PASSED] - Current window maximized

2021-11-23 16:39:53 - [MESSAGE][INFO] - Invoke 'com.kms.katalon.core.annotation.BeforeTestCase' method: 'Listener.sampleBeforeTestSuite(...)' completed.

2021-11-23 16:39:54 - [TEST_STEP][PASSED] - runFeatureFile("Include/features/e-Makbuz/e-Mustahsil Uygulamasi/e-Mustahsil Makbuzlari/Statu Ata.feature"): Feature file: 'Include/features/e-Makbuz/e-Mustahsil Uygulamasi/e-Mustahsil Makbuzlari/Statu Ata.feature' was passed

2021-11-23 16:39:54 - [MESSAGE][INFO] - Starting run keyword runFeatureFile: 'Include/features/e-Makbuz/e-Mustahsil Uygulamasi/e-Mustahsil Makbuzlari/Statu Ata.feature' and extract report to folder: 'C:\Users\DELL\Documents\GitHub\EES_KatalonLogo\Reports\20211123_163326\Suite Repository\e-Makbuz\20211123_163348/cucumber_report/1637674794111'...

2021-11-23 16:39:54 - [MESSAGE][INFO] - Glue: []

2021-11-23 16:39:57 - [MESSAGE][INFO] - Checking called Test Case

2021-11-23 16:39:57 - [MESSAGE][INFO] - Starting to call Test Case 'Test Cases/Sayfalar/Giris_Sayfasi/Login'

2021-11-23 16:39:57 - [TEST_CASE][PASSED] - Test Cases/Sayfalar/Giris_Sayfasi/Login: Test Cases/Sayfalar/Giris_Sayfasi/Login

2021-11-23 16:39:57 - [TEST_STEP][PASSED] - Sayfa_Basligi = getWindowTitle(): Current window's title is: 'LOGO e-Fatura'

2021-11-23 16:39:57 - [MESSAGE][INFO] - Getting current window's title

2021-11-23 16:39:57 - [MESSAGE][PASSED] - Current window's title is: 'LOGO e-Fatura'

2021-11-23 16:39:57 - [TEST_STEP][PASSED] - verifyMatch(Sayfa_Basligi, "LOGO e-Fatura", false): Actual text 'LOGO e-Fatura' and expected text 'LOGO e-Fatura' are matched 

2021-11-23 16:39:57 - [MESSAGE][INFO] - Matching actual text 'LOGO e-Fatura' with expected text 'LOGO e-Fatura'

2021-11-23 16:39:57 - [MESSAGE][PASSED] - Actual text 'LOGO e-Fatura' and expected text 'LOGO e-Fatura' are matched 

2021-11-23 16:39:57 - [TEST_STEP][PASSED] - sendKeys(findTestObject("Sayfalar/Giris_Sayfasi/Firma_Kodu"), KullaniciAdi): Keys 'ELOGO6' sent to object: 'Object Repository/Sayfalar/Giris_Sayfasi/Firma_Kodu'

2021-11-23 16:39:57 - [MESSAGE][INFO] - Finding Test Object 'Object Repository/Sayfalar/Giris_Sayfasi/Firma_Kodu'

2021-11-23 16:39:57 - [MESSAGE][INFO] - Sending keys 'ELOGO6' to object: 'Object Repository/Sayfalar/Giris_Sayfasi/Firma_Kodu'

2021-11-23 16:39:57 - [MESSAGE][INFO] - Finding web element from Test Object's properties

2021-11-23 16:39:57 - [MESSAGE][INFO] - Checking timeout

2021-11-23 16:39:57 - [MESSAGE][INFO] - Finding web element with id: 'Object Repository/Sayfalar/Giris_Sayfasi/Firma_Kodu' located by 'By.xpath: //*[@id = 'AccountName']' in '30' second(s)

2021-11-23 16:39:57 - [MESSAGE][INFO] - Smart Wait Function is triggered

2021-11-23 16:39:57 - [MESSAGE][INFO] - Found 1 web elements with id: 'Object Repository/Sayfalar/Giris_Sayfasi/Firma_Kodu' located by 'By.xpath: //*[@id = 'AccountName']' in '30' second(s)

2021-11-23 16:39:58 - [MESSAGE][PASSED] - Keys 'ELOGO6' sent to object: 'Object Repository/Sayfalar/Giris_Sayfasi/Firma_Kodu'

2021-11-23 16:39:58 - [TEST_STEP][PASSED] - sendKeys(findTestObject("Sayfalar/Giris_Sayfasi/Sifre"), Sifre): Keys '123456' sent to object: 'Object Repository/Sayfalar/Giris_Sayfasi/Sifre'

2021-11-23 16:39:58 - [MESSAGE][INFO] - Finding Test Object 'Object Repository/Sayfalar/Giris_Sayfasi/Sifre'

2021-11-23 16:39:58 - [MESSAGE][INFO] - Sending keys '123456' to object: 'Object Repository/Sayfalar/Giris_Sayfasi/Sifre'

2021-11-23 16:39:58 - [MESSAGE][INFO] - Finding web element from Test Object's properties

2021-11-23 16:39:58 - [MESSAGE][INFO] - Checking timeout

2021-11-23 16:39:58 - [MESSAGE][INFO] - Finding web element with id: 'Object Repository/Sayfalar/Giris_Sayfasi/Sifre' located by 'By.xpath: //*[@id = 'Password']' in '30' second(s)

2021-11-23 16:39:58 - [MESSAGE][INFO] - Smart Wait Function is triggered

2021-11-23 16:39:58 - [MESSAGE][INFO] - Found 1 web elements with id: 'Object Repository/Sayfalar/Giris_Sayfasi/Sifre' located by 'By.xpath: //*[@id = 'Password']' in '30' second(s)

2021-11-23 16:39:58 - [MESSAGE][PASSED] - Keys '123456' sent to object: 'Object Repository/Sayfalar/Giris_Sayfasi/Sifre'

2021-11-23 16:39:58 - [TEST_STEP][PASSED] - findWebElement(findTestObject("Sayfalar/Giris_Sayfasi/Giris_Butonu")).click(): Found 1 web elements with id: 'Object Repository/Sayfalar/Giris_Sayfasi/Giris_Butonu' located by 'By.cssSelector: #btnLogin' in '30' second(s)

2021-11-23 16:39:58 - [MESSAGE][INFO] - Finding Test Object 'Object Repository/Sayfalar/Giris_Sayfasi/Giris_Butonu'

2021-11-23 16:39:58 - [MESSAGE][INFO] - Finding web element from Test Object's properties

2021-11-23 16:39:58 - [MESSAGE][INFO] - Checking timeout

2021-11-23 16:39:58 - [MESSAGE][INFO] - Finding web element with id: 'Object Repository/Sayfalar/Giris_Sayfasi/Giris_Butonu' located by 'By.cssSelector: #btnLogin' in '30' second(s)

2021-11-23 16:39:58 - [MESSAGE][INFO] - Smart Wait Function is triggered

2021-11-23 16:39:59 - [MESSAGE][INFO] - Found 1 web elements with id: 'Object Repository/Sayfalar/Giris_Sayfasi/Giris_Butonu' located by 'By.cssSelector: #btnLogin' in '30' second(s)

2021-11-23 16:40:01 - [TEST_STEP][PASSED] - if (verifyElementPresent(findTestObject("Object Repository/Sayfalar/Giris_Sayfasi/RetveTamam_Butonu"), 5, OPTIONAL)): null

2021-11-23 16:40:01 - [MESSAGE][INFO] - Finding Test Object 'Object Repository/Sayfalar/Giris_Sayfasi/RetveTamam_Butonu'

2021-11-23 16:40:02 - [MESSAGE][INFO] - Checking object

2021-11-23 16:40:02 - [MESSAGE][INFO] - Finding web element from Test Object's properties

2021-11-23 16:40:02 - [MESSAGE][INFO] - Checking timeout

2021-11-23 16:40:02 - [MESSAGE][INFO] - Finding web element with id: 'Object Repository/Sayfalar/Giris_Sayfasi/RetveTamam_Butonu' located by 'By.xpath: //*[@class = 'btn btn-default']' in '5' second(s)

2021-11-23 16:40:02 - [MESSAGE][INFO] - Smart Wait Function is triggered

2021-11-23 16:40:02 - [MESSAGE][INFO] - Found 1 web elements with id: 'Object Repository/Sayfalar/Giris_Sayfasi/RetveTamam_Butonu' located by 'By.xpath: //*[@class = 'btn btn-default']' in '5' second(s)

2021-11-23 16:40:02 - [MESSAGE][PASSED] - Object 'Object Repository/Sayfalar/Giris_Sayfasi/RetveTamam_Butonu' is present

2021-11-23 16:40:02 - [TEST_STEP][PASSED] - click(findTestObject("Object Repository/Sayfalar/Giris_Sayfasi/RetveTamam_Butonu")): Object: 'Object Repository/Sayfalar/Giris_Sayfasi/RetveTamam_Butonu' is clicked on

2021-11-23 16:40:02 - [MESSAGE][INFO] - Finding Test Object 'Object Repository/Sayfalar/Giris_Sayfasi/RetveTamam_Butonu'

2021-11-23 16:40:02 - [MESSAGE][INFO] - Checking object

2021-11-23 16:40:02 - [MESSAGE][INFO] - Finding web element from Test Object's properties

2021-11-23 16:40:02 - [MESSAGE][INFO] - Checking timeout

2021-11-23 16:40:02 - [MESSAGE][INFO] - Finding web element with id: 'Object Repository/Sayfalar/Giris_Sayfasi/RetveTamam_Butonu' located by 'By.xpath: //*[@class = 'btn btn-default']' in '30' second(s)

2021-11-23 16:40:02 - [MESSAGE][INFO] - Smart Wait Function is triggered

2021-11-23 16:40:02 - [MESSAGE][INFO] - Found 1 web elements with id: 'Object Repository/Sayfalar/Giris_Sayfasi/RetveTamam_Butonu' located by 'By.xpath: //*[@class = 'btn btn-default']' in '30' second(s)

2021-11-23 16:40:02 - [MESSAGE][INFO] - Clicking on object: 'Object Repository/Sayfalar/Giris_Sayfasi/RetveTamam_Butonu'

2021-11-23 16:40:03 - [MESSAGE][PASSED] - Object: 'Object Repository/Sayfalar/Giris_Sayfasi/RetveTamam_Butonu' is clicked on

2021-11-23 16:40:03 - [TEST_STEP][PASSED] - click(findTestObject("Object Repository/Sayfalar/Giris_Sayfasi/RetveTamam_Butonu")): Object: 'Object Repository/Sayfalar/Giris_Sayfasi/RetveTamam_Butonu' is clicked on

2021-11-23 16:40:03 - [MESSAGE][INFO] - Finding Test Object 'Object Repository/Sayfalar/Giris_Sayfasi/RetveTamam_Butonu'

2021-11-23 16:40:03 - [MESSAGE][INFO] - Checking object

2021-11-23 16:40:03 - [MESSAGE][INFO] - Finding web element from Test Object's properties

2021-11-23 16:40:03 - [MESSAGE][INFO] - Checking timeout

2021-11-23 16:40:03 - [MESSAGE][INFO] - Finding web element with id: 'Object Repository/Sayfalar/Giris_Sayfasi/RetveTamam_Butonu' located by 'By.xpath: //*[@class = 'btn btn-default']' in '30' second(s)

2021-11-23 16:40:03 - [MESSAGE][INFO] - Smart Wait Function is triggered

2021-11-23 16:40:06 - [MESSAGE][INFO] - Found 1 web elements with id: 'Object Repository/Sayfalar/Giris_Sayfasi/RetveTamam_Butonu' located by 'By.xpath: //*[@class = 'btn btn-default']' in '30' second(s)

2021-11-23 16:40:06 - [MESSAGE][INFO] - Clicking on object: 'Object Repository/Sayfalar/Giris_Sayfasi/RetveTamam_Butonu'

2021-11-23 16:40:06 - [MESSAGE][PASSED] - Object: 'Object Repository/Sayfalar/Giris_Sayfasi/RetveTamam_Butonu' is clicked on

2021-11-23 16:40:06 - [TEST_STEP][PASSED] - if (verifyElementPresent(findTestObject("Sayfalar/Giris_Sayfasi/PopupOK"), 5, OPTIONAL)): null

2021-11-23 16:40:06 - [MESSAGE][INFO] - Finding Test Object 'Object Repository/Sayfalar/Giris_Sayfasi/PopupOK'

2021-11-23 16:40:06 - [MESSAGE][INFO] - Checking object

2021-11-23 16:40:06 - [MESSAGE][INFO] - Finding web element from Test Object's properties

2021-11-23 16:40:06 - [MESSAGE][INFO] - Checking timeout

2021-11-23 16:40:06 - [MESSAGE][INFO] - Finding web element with id: 'Object Repository/Sayfalar/Giris_Sayfasi/PopupOK' located by 'By.cssSelector: .btn.btn-success' in '5' second(s)

2021-11-23 16:40:06 - [MESSAGE][INFO] - Smart Wait Function is triggered

2021-11-23 16:40:07 - [MESSAGE][INFO] - Found 1 web elements with id: 'Object Repository/Sayfalar/Giris_Sayfasi/PopupOK' located by 'By.cssSelector: .btn.btn-success' in '5' second(s)

2021-11-23 16:40:07 - [MESSAGE][PASSED] - Object 'Object Repository/Sayfalar/Giris_Sayfasi/PopupOK' is present

2021-11-23 16:40:07 - [TEST_STEP][PASSED] - click(findTestObject("Object Repository/Sayfalar/Giris_Sayfasi/PopupCarpiGiris")): Object: 'Object Repository/Sayfalar/Giris_Sayfasi/PopupCarpiGiris' is clicked on

2021-11-23 16:40:07 - [MESSAGE][INFO] - Finding Test Object 'Object Repository/Sayfalar/Giris_Sayfasi/PopupCarpiGiris'

2021-11-23 16:40:07 - [MESSAGE][INFO] - Checking object

2021-11-23 16:40:07 - [MESSAGE][INFO] - Finding web element from Test Object's properties

2021-11-23 16:40:07 - [MESSAGE][INFO] - Checking timeout

2021-11-23 16:40:07 - [MESSAGE][INFO] - Finding web element with id: 'Object Repository/Sayfalar/Giris_Sayfasi/PopupCarpiGiris' located by 'By.cssSelector: .bootbox-close-button.close' in '30' second(s)

2021-11-23 16:40:07 - [MESSAGE][INFO] - Smart Wait Function is triggered

2021-11-23 16:40:07 - [MESSAGE][INFO] - Found 1 web elements with id: 'Object Repository/Sayfalar/Giris_Sayfasi/PopupCarpiGiris' located by 'By.cssSelector: .bootbox-close-button.close' in '30' second(s)

2021-11-23 16:40:07 - [MESSAGE][INFO] - Clicking on object: 'Object Repository/Sayfalar/Giris_Sayfasi/PopupCarpiGiris'

2021-11-23 16:40:07 - [MESSAGE][PASSED] - Object: 'Object Repository/Sayfalar/Giris_Sayfasi/PopupCarpiGiris' is clicked on

2021-11-23 16:40:07 - [TEST_STEP][PASSED] - verifyElementVisible(findTestObject("Object Repository/Kullanici_Islemleri/KullaniciIslemleri")): Object 'Object Repository/Kullanici_Islemleri/KullaniciIslemleri' is visible

2021-11-23 16:40:07 - [MESSAGE][INFO] - Finding Test Object 'Object Repository/Kullanici_Islemleri/KullaniciIslemleri'

2021-11-23 16:40:07 - [MESSAGE][INFO] - Checking object

2021-11-23 16:40:07 - [MESSAGE][INFO] - Finding web element from Test Object's properties

2021-11-23 16:40:07 - [MESSAGE][INFO] - Checking timeout

2021-11-23 16:40:07 - [MESSAGE][INFO] - Finding web element with id: 'Object Repository/Kullanici_Islemleri/KullaniciIslemleri' located by 'By.cssSelector: .dropdown>a>img' in '30' second(s)

2021-11-23 16:40:07 - [MESSAGE][INFO] - Smart Wait Function is triggered

2021-11-23 16:40:08 - [MESSAGE][INFO] - Found 1 web elements with id: 'Object Repository/Kullanici_Islemleri/KullaniciIslemleri' located by 'By.cssSelector: .dropdown>a>img' in '30' second(s)

2021-11-23 16:40:08 - [MESSAGE][PASSED] - Object 'Object Repository/Kullanici_Islemleri/KullaniciIslemleri' is visible

2021-11-23 16:40:08 - [MESSAGE][PASSED] - Call Test Case 'Test Cases/Sayfalar/Giris_Sayfasi/Login' successfully

2021-11-23 16:40:08 - [MESSAGE][INFO] - Checking called Test Case

2021-11-23 16:40:08 - [MESSAGE][INFO] - Starting to call Test Case 'Test Cases/Menu/AnaMenuSecimi'

2021-11-23 16:40:08 - [TEST_CASE][PASSED] - Test Cases/Menu/AnaMenuSecimi: Test Cases/Menu/AnaMenuSecimi

2021-11-23 16:40:08 - [TEST_STEP][PASSED] - Method.TextDegerineEsitElementeTikla(findTestObject("Menu/Ana_Menu"), Ana_Menu): Method.TextDegerineEsitElementeTikla is PASSED

2021-11-23 16:40:08 - [MESSAGE][INFO] - Finding Test Object 'Object Repository/Menu/Ana_Menu'

2021-11-23 16:40:08 - [MESSAGE][INFO] - Checking timeout

2021-11-23 16:40:08 - [MESSAGE][INFO] - Finding web element with id: 'Object Repository/Menu/Ana_Menu' located by 'By.xpath: //*[@class = 'dropdown-toggle']' in '10' second(s)

2021-11-23 16:40:08 - [MESSAGE][INFO] - Smart Wait Function is triggered

2021-11-23 16:40:09 - [MESSAGE][INFO] - Found 14 web elements with id: 'Object Repository/Menu/Ana_Menu' located by 'By.xpath: //*[@class = 'dropdown-toggle']' in '10' second(s)

2021-11-23 16:40:09 - [MESSAGE][PASSED] - Method.TextDegerineEsitElementeTikla is PASSED

2021-11-23 16:40:09 - [MESSAGE][PASSED] - Call Test Case 'Test Cases/Menu/AnaMenuSecimi' successfully

2021-11-23 16:40:09 - [MESSAGE][INFO] - Checking called Test Case

2021-11-23 16:40:09 - [MESSAGE][INFO] - Starting to call Test Case 'Test Cases/Menu/BasligaGoreAltMenuSecimi'

2021-11-23 16:40:09 - [TEST_CASE][PASSED] - Test Cases/Menu/BasligaGoreAltMenuSecimi: Test Cases/Menu/BasligaGoreAltMenuSecimi

2021-11-23 16:40:09 - [TEST_STEP][PASSED] - Method.TextDegerineEsitElementinAltindakiTextDegerineEsitOlanaTikla(findTestObject("Menu/Menu_Basligi"), findTestObject("Menu/Basliga_Gore_Alt_Menu"), Baslik, Alt_Menu): Method.TextDegerineEsitElementinAltindakiTextDegerineEsitOlanaTikla is PASSED

2021-11-23 16:40:09 - [MESSAGE][INFO] - Finding Test Object 'Object Repository/Menu/Menu_Basligi'

2021-11-23 16:40:09 - [MESSAGE][INFO] - Finding Test Object 'Object Repository/Menu/Basliga_Gore_Alt_Menu'

2021-11-23 16:40:09 - [MESSAGE][INFO] - Checking timeout

2021-11-23 16:40:09 - [MESSAGE][INFO] - Finding web element with id: 'Object Repository/Menu/Menu_Basligi' located by 'By.xpath: //li[@class='dropdown dropdown-large open']//li[@class='dropdown-header']' in '10' second(s)

2021-11-23 16:40:09 - [MESSAGE][INFO] - Smart Wait Function is triggered

2021-11-23 16:40:10 - [MESSAGE][INFO] - Found 2 web elements with id: 'Object Repository/Menu/Menu_Basligi' located by 'By.xpath: //li[@class='dropdown dropdown-large open']//li[@class='dropdown-header']' in '10' second(s)

2021-11-23 16:40:10 - [MESSAGE][INFO] - Smart Wait Function is triggered

2021-11-23 16:40:12 - [MESSAGE][PASSED] - Method.TextDegerineEsitElementinAltindakiTextDegerineEsitOlanaTikla is PASSED

2021-11-23 16:40:12 - [MESSAGE][PASSED] - Call Test Case 'Test Cases/Menu/BasligaGoreAltMenuSecimi' successfully

2021-11-23 16:40:12 - [MESSAGE][INFO] - Checking called Test Case

2021-11-23 16:40:12 - [MESSAGE][INFO] - Starting to call Test Case 'Test Cases/Filtreler/BaslangicYaz'

2021-11-23 16:40:12 - [TEST_CASE][PASSED] - Test Cases/Filtreler/BaslangicYaz: Test Cases/Filtreler/BaslangicYaz

2021-11-23 16:40:12 - [TEST_STEP][PASSED] - delay(3): Delayed 3 second(s)

2021-11-23 16:40:12 - [MESSAGE][INFO] - Delaying browser in 3 second(s)

2021-11-23 16:40:15 - [MESSAGE][PASSED] - Delayed 3 second(s)

2021-11-23 16:40:15 - [TEST_STEP][PASSED] - Method.TextDegerineEsitElementinAltindakineTikla(findTestObject("Filtreler/Basliklar"), findTestObject("Filtreler/Basliga_Gore_Baslangic_Image"), Filtre_Adi): Method.TextDegerineEsitElementinAltindakineTikla is PASSED

2021-11-23 16:40:15 - [MESSAGE][INFO] - Finding Test Object 'Object Repository/Filtreler/Basliklar'

2021-11-23 16:40:15 - [MESSAGE][INFO] - Finding Test Object 'Object Repository/Filtreler/Basliga_Gore_Baslangic_Image'

2021-11-23 16:40:15 - [MESSAGE][INFO] - Checking timeout

2021-11-23 16:40:15 - [MESSAGE][INFO] - Finding web element with id: 'Object Repository/Filtreler/Basliklar' located by 'By.cssSelector: .control-label.col-sm-4.paddingMarginRLC' in '10' second(s)

2021-11-23 16:40:15 - [MESSAGE][INFO] - Smart Wait Function is triggered

2021-11-23 16:40:15 - [MESSAGE][INFO] - Found 14 web elements with id: 'Object Repository/Filtreler/Basliklar' located by 'By.cssSelector: .control-label.col-sm-4.paddingMarginRLC' in '10' second(s)

2021-11-23 16:40:15 - [MESSAGE][INFO] - Smart Wait Function is triggered

2021-11-23 16:40:16 - [MESSAGE][PASSED] - Method.TextDegerineEsitElementinAltindakineTikla is PASSED

2021-11-23 16:40:16 - [TEST_STEP][PASSED] - Method.TextDegerineEsitElementinAltindakiTextboxtaYaz(findTestObject("Filtreler/Basliklar"), findTestObject("Filtreler/Basliga_Gore_Baslangic"), Filtre_Adi, Filtre_Degeri): Method.TextDegerineEsitElementinAltindakiTextboxtaYaz is PASSED

2021-11-23 16:40:16 - [MESSAGE][INFO] - Finding Test Object 'Object Repository/Filtreler/Basliklar'

2021-11-23 16:40:16 - [MESSAGE][INFO] - Finding Test Object 'Object Repository/Filtreler/Basliga_Gore_Baslangic'

2021-11-23 16:40:16 - [MESSAGE][INFO] - Checking timeout

2021-11-23 16:40:16 - [MESSAGE][INFO] - Finding web element with id: 'Object Repository/Filtreler/Basliklar' located by 'By.cssSelector: .control-label.col-sm-4.paddingMarginRLC' in '10' second(s)

2021-11-23 16:40:16 - [MESSAGE][INFO] - Smart Wait Function is triggered

2021-11-23 16:40:16 - [MESSAGE][INFO] - Found 14 web elements with id: 'Object Repository/Filtreler/Basliklar' located by 'By.cssSelector: .control-label.col-sm-4.paddingMarginRLC' in '10' second(s)

2021-11-23 16:40:16 - [MESSAGE][INFO] - Smart Wait Function is triggered

2021-11-23 16:40:17 - [MESSAGE][PASSED] - Method.TextDegerineEsitElementinAltindakiTextboxtaYaz is PASSED

2021-11-23 16:40:17 - [MESSAGE][PASSED] - Call Test Case 'Test Cases/Filtreler/BaslangicYaz' successfully

2021-11-23 16:40:17 - [MESSAGE][INFO] - Checking called Test Case

2021-11-23 16:40:17 - [MESSAGE][INFO] - Starting to call Test Case 'Test Cases/Filtreler/BitisYaz'

2021-11-23 16:40:17 - [TEST_CASE][PASSED] - Test Cases/Filtreler/BitisYaz: Test Cases/Filtreler/BitisYaz

2021-11-23 16:40:17 - [TEST_STEP][PASSED] - Method.TextDegerineEsitElementinAltindakineTikla(findTestObject("Filtreler/Basliklar"), findTestObject("Filtreler/Basliga_Gore_Bitis_Image"), Filtre_Adi): Method.TextDegerineEsitElementinAltindakineTikla is PASSED

2021-11-23 16:40:17 - [MESSAGE][INFO] - Finding Test Object 'Object Repository/Filtreler/Basliklar'

2021-11-23 16:40:17 - [MESSAGE][INFO] - Finding Test Object 'Object Repository/Filtreler/Basliga_Gore_Bitis_Image'

2021-11-23 16:40:17 - [MESSAGE][INFO] - Checking timeout

2021-11-23 16:40:17 - [MESSAGE][INFO] - Finding web element with id: 'Object Repository/Filtreler/Basliklar' located by 'By.cssSelector: .control-label.col-sm-4.paddingMarginRLC' in '10' second(s)

2021-11-23 16:40:17 - [MESSAGE][INFO] - Smart Wait Function is triggered

2021-11-23 16:40:17 - [MESSAGE][INFO] - Found 14 web elements with id: 'Object Repository/Filtreler/Basliklar' located by 'By.cssSelector: .control-label.col-sm-4.paddingMarginRLC' in '10' second(s)

2021-11-23 16:40:17 - [MESSAGE][INFO] - Smart Wait Function is triggered

2021-11-23 16:40:18 - [MESSAGE][PASSED] - Method.TextDegerineEsitElementinAltindakineTikla is PASSED

2021-11-23 16:40:18 - [TEST_STEP][PASSED] - Method.TextDegerineEsitElementinAltindakiTextboxtaYaz(findTestObject("Filtreler/Basliklar"), findTestObject("Object Repository/Filtreler/Basliga_Gore_Bitis"), Filtre_Adi, Filtre_Degeri): Method.TextDegerineEsitElementinAltindakiTextboxtaYaz is PASSED

2021-11-23 16:40:18 - [MESSAGE][INFO] - Finding Test Object 'Object Repository/Filtreler/Basliklar'

2021-11-23 16:40:18 - [MESSAGE][INFO] - Finding Test Object 'Object Repository/Filtreler/Basliga_Gore_Bitis'

2021-11-23 16:40:18 - [MESSAGE][INFO] - Checking timeout

2021-11-23 16:40:18 - [MESSAGE][INFO] - Finding web element with id: 'Object Repository/Filtreler/Basliklar' located by 'By.cssSelector: .control-label.col-sm-4.paddingMarginRLC' in '10' second(s)

2021-11-23 16:40:18 - [MESSAGE][INFO] - Smart Wait Function is triggered

2021-11-23 16:40:18 - [MESSAGE][INFO] - Found 14 web elements with id: 'Object Repository/Filtreler/Basliklar' located by 'By.cssSelector: .control-label.col-sm-4.paddingMarginRLC' in '10' second(s)

2021-11-23 16:40:18 - [MESSAGE][INFO] - Smart Wait Function is triggered

2021-11-23 16:40:18 - [MESSAGE][PASSED] - Method.TextDegerineEsitElementinAltindakiTextboxtaYaz is PASSED

2021-11-23 16:40:18 - [MESSAGE][PASSED] - Call Test Case 'Test Cases/Filtreler/BitisYaz' successfully

2021-11-23 16:40:18 - [MESSAGE][INFO] - Checking called Test Case

2021-11-23 16:40:18 - [MESSAGE][INFO] - Starting to call Test Case 'Test Cases/Filtreler/ButonaTikla'

2021-11-23 16:40:19 - [TEST_CASE][PASSED] - Test Cases/Filtreler/ButonaTikla: Test Cases/Filtreler/ButonaTikla

2021-11-23 16:40:19 - [TEST_STEP][PASSED] - Method.TextDegerineEsitElementeTikla(findTestObject("Filtreler/Butonlar"), Filtre_Buton): Method.TextDegerineEsitElementeTikla is PASSED

2021-11-23 16:40:19 - [MESSAGE][INFO] - Finding Test Object 'Object Repository/Filtreler/Butonlar'

2021-11-23 16:40:19 - [MESSAGE][INFO] - Checking timeout

2021-11-23 16:40:19 - [MESSAGE][INFO] - Finding web element with id: 'Object Repository/Filtreler/Butonlar' located by 'By.cssSelector: .dxb>span' in '10' second(s)

2021-11-23 16:40:19 - [MESSAGE][INFO] - Smart Wait Function is triggered

2021-11-23 16:40:19 - [MESSAGE][INFO] - Found 3 web elements with id: 'Object Repository/Filtreler/Butonlar' located by 'By.cssSelector: .dxb>span' in '10' second(s)

2021-11-23 16:40:19 - [MESSAGE][PASSED] - Method.TextDegerineEsitElementeTikla is PASSED

2021-11-23 16:40:19 - [MESSAGE][PASSED] - Call Test Case 'Test Cases/Filtreler/ButonaTikla' successfully

2021-11-23 16:40:19 - [MESSAGE][INFO] - Checking called Test Case

2021-11-23 16:40:19 - [MESSAGE][INFO] - Starting to call Test Case 'Test Cases/Tablo/TablodaVeriVarMi'

2021-11-23 16:40:19 - [TEST_CASE][PASSED] - Test Cases/Tablo/TablodaVeriVarMi: Test Cases/Tablo/TablodaVeriVarMi

2021-11-23 16:40:19 - [TEST_STEP][PASSED] - verifyTextNotPresent("Görüntülenecek veri yok", true): Text 'Görüntülenecek veri yok' is not present on page using regular expression

2021-11-23 16:40:19 - [MESSAGE][INFO] - Checking text present  using regular expression

2021-11-23 16:40:19 - [MESSAGE][INFO] - Smart Wait Function is triggered

2021-11-23 16:40:20 - [MESSAGE][INFO] - Finding text 'Görüntülenecek veri yok' on page  using regular expression

2021-11-23 16:40:20 - [MESSAGE][PASSED] - Text 'Görüntülenecek veri yok' is not present on page using regular expression

2021-11-23 16:40:20 - [MESSAGE][PASSED] - Call Test Case 'Test Cases/Tablo/TablodaVeriVarMi' successfully

2021-11-23 16:40:20 - [MESSAGE][INFO] - Checking called Test Case

2021-11-23 16:40:20 - [MESSAGE][INFO] - Starting to call Test Case 'Test Cases/Tablo/TablodanVeriSec'

2021-11-23 16:40:20 - [TEST_CASE][PASSED] - Test Cases/Tablo/TablodanVeriSec: Test Cases/Tablo/TablodanVeriSec

2021-11-23 16:40:20 - [TEST_STEP][PASSED] - Method.TextDegerineEsitElementinAltindakineTikla(findTestObject("Tablo/Veriler"), findTestObject("Tablo/VerininCheckBoxi"), Veri_Adi): Method.TextDegerineEsitElementinAltindakineTikla is PASSED

2021-11-23 16:40:20 - [MESSAGE][INFO] - Finding Test Object 'Object Repository/Tablo/Veriler'

2021-11-23 16:40:20 - [MESSAGE][INFO] - Finding Test Object 'Object Repository/Tablo/VerininCheckBoxi'

2021-11-23 16:40:20 - [MESSAGE][INFO] - Checking timeout

2021-11-23 16:40:20 - [MESSAGE][INFO] - Finding web element with id: 'Object Repository/Tablo/Veriler' located by 'By.cssSelector: td.dxgv b ,td.dxgv' in '10' second(s)

2021-11-23 16:40:20 - [MESSAGE][INFO] - Smart Wait Function is triggered

2021-11-23 16:40:20 - [MESSAGE][INFO] - Found 13 web elements with id: 'Object Repository/Tablo/Veriler' located by 'By.cssSelector: td.dxgv b ,td.dxgv' in '10' second(s)

2021-11-23 16:40:21 - [MESSAGE][INFO] - Smart Wait Function is triggered

2021-11-23 16:40:21 - [MESSAGE][PASSED] - Method.TextDegerineEsitElementinAltindakineTikla is PASSED

2021-11-23 16:40:21 - [MESSAGE][PASSED] - Call Test Case 'Test Cases/Tablo/TablodanVeriSec' successfully

2021-11-23 16:40:21 - [MESSAGE][INFO] - Checking called Test Case

2021-11-23 16:40:21 - [MESSAGE][INFO] - Starting to call Test Case 'Test Cases/Butonlar/ButonaTikla'

2021-11-23 16:40:21 - [TEST_CASE][PASSED] - Test Cases/Butonlar/ButonaTikla: Test Cases/Butonlar/ButonaTikla

2021-11-23 16:40:21 - [TEST_STEP][PASSED] - Method.TextDegerineEsitElementeTiklaEquals(findTestObject("Butonlar/Butonlar"), Buton_Adi): Method.TextDegerineEsitElementeTiklaEquals is PASSED

2021-11-23 16:40:21 - [MESSAGE][INFO] - Finding Test Object 'Object Repository/Butonlar/Butonlar'

2021-11-23 16:40:21 - [MESSAGE][INFO] - Checking timeout

2021-11-23 16:40:21 - [MESSAGE][INFO] - Finding web element with id: 'Object Repository/Butonlar/Butonlar' located by 'By.cssSelector: .panel.panel-default.text-center.footerPanel .btn,.btn.btn-primary.btnControls' in '10' second(s)

2021-11-23 16:40:21 - [MESSAGE][INFO] - Smart Wait Function is triggered

2021-11-23 16:40:21 - [MESSAGE][INFO] - Found 13 web elements with id: 'Object Repository/Butonlar/Butonlar' located by 'By.cssSelector: .panel.panel-default.text-center.footerPanel .btn,.btn.btn-primary.btnControls' in '10' second(s)

2021-11-23 16:40:22 - [MESSAGE][PASSED] - Method.TextDegerineEsitElementeTiklaEquals is PASSED

2021-11-23 16:40:22 - [MESSAGE][PASSED] - Call Test Case 'Test Cases/Butonlar/ButonaTikla' successfully

2021-11-23 16:40:22 - [MESSAGE][INFO] - Checking called Test Case

2021-11-23 16:40:22 - [MESSAGE][INFO] - Starting to call Test Case 'Test Cases/Butonlar/AltButonaTikla'

2021-11-23 16:40:22 - [TEST_CASE][PASSED] - Test Cases/Butonlar/AltButonaTikla: Test Cases/Butonlar/AltButonaTikla

2021-11-23 16:40:22 - [TEST_STEP][PASSED] - Method.TextDegerineEsitElementeTikla(findTestObject("Butonlar/AltButonlar"), Alt_Buton): Method.TextDegerineEsitElementeTikla is PASSED

2021-11-23 16:40:22 - [MESSAGE][INFO] - Finding Test Object 'Object Repository/Butonlar/AltButonlar'

2021-11-23 16:40:22 - [MESSAGE][INFO] - Checking timeout

2021-11-23 16:40:22 - [MESSAGE][INFO] - Finding web element with id: 'Object Repository/Butonlar/AltButonlar' located by 'By.cssSelector: .btn-group.open li>a' in '10' second(s)

2021-11-23 16:40:22 - [MESSAGE][INFO] - Smart Wait Function is triggered

2021-11-23 16:40:22 - [MESSAGE][INFO] - Found 2 web elements with id: 'Object Repository/Butonlar/AltButonlar' located by 'By.cssSelector: .btn-group.open li>a' in '10' second(s)

2021-11-23 16:40:23 - [MESSAGE][PASSED] - Method.TextDegerineEsitElementeTikla is PASSED

2021-11-23 16:40:23 - [MESSAGE][PASSED] - Call Test Case 'Test Cases/Butonlar/AltButonaTikla' successfully

2021-11-23 16:40:23 - [MESSAGE][INFO] - Checking called Test Case

2021-11-23 16:40:23 - [MESSAGE][INFO] - Starting to call Test Case 'Test Cases/Popup/PopupMesajiIceriyorMu'

2021-11-23 16:40:23 - [TEST_CASE][PASSED] - Test Cases/Popup/PopupMesajiIceriyorMu: Test Cases/Popup/PopupMesajiIceriyorMu

2021-11-23 16:40:23 - [TEST_STEP][PASSED] - waitForElementVisible(findTestObject("Popup/Popup"), 10): Object 'Object Repository/Popup/Popup' is visible

2021-11-23 16:40:23 - [MESSAGE][INFO] - Finding Test Object 'Object Repository/Popup/Popup'

2021-11-23 16:40:23 - [MESSAGE][INFO] - Checking object

2021-11-23 16:40:23 - [MESSAGE][INFO] - Checking timeout

2021-11-23 16:40:23 - [MESSAGE][INFO] - Finding web element from Test Object's properties

2021-11-23 16:40:23 - [MESSAGE][INFO] - Checking timeout

2021-11-23 16:40:23 - [MESSAGE][INFO] - Finding web element with id: 'Object Repository/Popup/Popup' located by 'By.cssSelector: .bootbox-body' in '10' second(s)

2021-11-23 16:40:23 - [MESSAGE][INFO] - Smart Wait Function is triggered

2021-11-23 16:40:24 - [MESSAGE][INFO] - Found 1 web elements with id: 'Object Repository/Popup/Popup' located by 'By.cssSelector: .bootbox-body' in '10' second(s)

2021-11-23 16:40:24 - [MESSAGE][PASSED] - Object 'Object Repository/Popup/Popup' is visible

2021-11-23 16:40:24 - [TEST_STEP][PASSED] - if (!(getText(findTestObject("Popup/Popup")).contains(Mesaj))): Text of object 'Object Repository/Popup/Popup' is: 'Statü Başarılı Olarak Güncellendi'

2021-11-23 16:40:24 - [MESSAGE][INFO] - Finding Test Object 'Object Repository/Popup/Popup'

2021-11-23 16:40:24 - [MESSAGE][INFO] - Checking object

2021-11-23 16:40:24 - [MESSAGE][INFO] - Finding web element from Test Object's properties

2021-11-23 16:40:24 - [MESSAGE][INFO] - Checking timeout

2021-11-23 16:40:24 - [MESSAGE][INFO] - Finding web element with id: 'Object Repository/Popup/Popup' located by 'By.cssSelector: .bootbox-body' in '30' second(s)

2021-11-23 16:40:24 - [MESSAGE][INFO] - Smart Wait Function is triggered

2021-11-23 16:40:24 - [MESSAGE][INFO] - Found 1 web elements with id: 'Object Repository/Popup/Popup' located by 'By.cssSelector: .bootbox-body' in '30' second(s)

2021-11-23 16:40:24 - [MESSAGE][INFO] - Getting text of object 'Object Repository/Popup/Popup'

2021-11-23 16:40:24 - [MESSAGE][PASSED] - Text of object 'Object Repository/Popup/Popup' is: 'Statü Başarılı Olarak Güncellendi'

2021-11-23 16:40:24 - [TEST_STEP][PASSED] - RaporNo = getText(findTestObject("Popup/Popup")).substring(0, 6): Text of object 'Object Repository/Popup/Popup' is: 'Statü Başarılı Olarak Güncellendi'

2021-11-23 16:40:24 - [MESSAGE][INFO] - Finding Test Object 'Object Repository/Popup/Popup'

2021-11-23 16:40:24 - [MESSAGE][INFO] - Checking object

2021-11-23 16:40:24 - [MESSAGE][INFO] - Finding web element from Test Object's properties

2021-11-23 16:40:24 - [MESSAGE][INFO] - Checking timeout

2021-11-23 16:40:24 - [MESSAGE][INFO] - Finding web element with id: 'Object Repository/Popup/Popup' located by 'By.cssSelector: .bootbox-body' in '30' second(s)

2021-11-23 16:40:24 - [MESSAGE][INFO] - Smart Wait Function is triggered

2021-11-23 16:40:24 - [MESSAGE][INFO] - Found 1 web elements with id: 'Object Repository/Popup/Popup' located by 'By.cssSelector: .bootbox-body' in '30' second(s)

2021-11-23 16:40:24 - [MESSAGE][INFO] - Getting text of object 'Object Repository/Popup/Popup'

2021-11-23 16:40:24 - [MESSAGE][PASSED] - Text of object 'Object Repository/Popup/Popup' is: 'Statü Başarılı Olarak Güncellendi'

2021-11-23 16:40:24 - [TEST_STEP][PASSED] - Console.println(RaporNo): null

2021-11-23 16:40:24 - [MESSAGE][PASSED] - Call Test Case 'Test Cases/Popup/PopupMesajiIceriyorMu' successfully

2021-11-23 16:40:24 - [MESSAGE][INFO] - Checking called Test Case

2021-11-23 16:40:24 - [MESSAGE][INFO] - Starting to call Test Case 'Test Cases/Popup/PopupButonSecilir'

2021-11-23 16:40:24 - [TEST_CASE][PASSED] - Test Cases/Popup/PopupButonSecilir: Test Cases/Popup/PopupButonSecilir

2021-11-23 16:40:24 - [TEST_STEP][PASSED] - Method.TextDegerineEsitElementeTikla(findTestObject("Popup/Popup_Butons"), Buton): Method.TextDegerineEsitElementeTikla is PASSED

2021-11-23 16:40:24 - [MESSAGE][INFO] - Finding Test Object 'Object Repository/Popup/Popup_Butons'

2021-11-23 16:40:24 - [MESSAGE][INFO] - Checking timeout

2021-11-23 16:40:24 - [MESSAGE][INFO] - Finding web element with id: 'Object Repository/Popup/Popup_Butons' located by 'By.cssSelector: .modal-footer>button' in '10' second(s)

2021-11-23 16:40:24 - [MESSAGE][INFO] - Smart Wait Function is triggered

2021-11-23 16:40:25 - [MESSAGE][INFO] - Found 1 web elements with id: 'Object Repository/Popup/Popup_Butons' located by 'By.cssSelector: .modal-footer>button' in '10' second(s)

2021-11-23 16:40:25 - [MESSAGE][PASSED] - Method.TextDegerineEsitElementeTikla is PASSED

2021-11-23 16:40:25 - [MESSAGE][PASSED] - Call Test Case 'Test Cases/Popup/PopupButonSecilir' successfully

2021-11-23 16:40:25 - [MESSAGE][INFO] - Checking called Test Case

2021-11-23 16:40:25 - [MESSAGE][INFO] - Starting to call Test Case 'Test Cases/Kullanici_Islemleri/KullaniciIslemlerindenSecimYapilir'

2021-11-23 16:40:25 - [TEST_CASE][PASSED] - Test Cases/Kullanici_Islemleri/KullaniciIslemlerindenSecimYapilir: Test Cases/Kullanici_Islemleri/KullaniciIslemlerindenSecimYapilir

2021-11-23 16:40:25 - [TEST_STEP][PASSED] - waitForElementClickable(findTestObject("Object Repository/Kullanici_Islemleri/KullaniciIslemleri"), 10): Object 'Object Repository/Kullanici_Islemleri/KullaniciIslemleri' is clickable

2021-11-23 16:40:25 - [MESSAGE][INFO] - Finding Test Object 'Object Repository/Kullanici_Islemleri/KullaniciIslemleri'

2021-11-23 16:40:25 - [MESSAGE][INFO] - Checking object

2021-11-23 16:40:25 - [MESSAGE][INFO] - Checking timeout

2021-11-23 16:40:25 - [MESSAGE][INFO] - Finding web element from Test Object's properties

2021-11-23 16:40:25 - [MESSAGE][INFO] - Checking timeout

2021-11-23 16:40:25 - [MESSAGE][INFO] - Finding web element with id: 'Object Repository/Kullanici_Islemleri/KullaniciIslemleri' located by 'By.cssSelector: .dropdown>a>img' in '10' second(s)

2021-11-23 16:40:25 - [MESSAGE][INFO] - Smart Wait Function is triggered

2021-11-23 16:40:26 - [MESSAGE][INFO] - Found 1 web elements with id: 'Object Repository/Kullanici_Islemleri/KullaniciIslemleri' located by 'By.cssSelector: .dropdown>a>img' in '10' second(s)

2021-11-23 16:40:26 - [MESSAGE][PASSED] - Object 'Object Repository/Kullanici_Islemleri/KullaniciIslemleri' is clickable

2021-11-23 16:40:26 - [TEST_STEP][PASSED] - click(findTestObject("Object Repository/Kullanici_Islemleri/KullaniciIslemleri")): Object: 'Object Repository/Kullanici_Islemleri/KullaniciIslemleri' is clicked on

2021-11-23 16:40:26 - [MESSAGE][INFO] - Finding Test Object 'Object Repository/Kullanici_Islemleri/KullaniciIslemleri'

2021-11-23 16:40:26 - [MESSAGE][INFO] - Checking object

2021-11-23 16:40:26 - [MESSAGE][INFO] - Finding web element from Test Object's properties

2021-11-23 16:40:26 - [MESSAGE][INFO] - Checking timeout

2021-11-23 16:40:26 - [MESSAGE][INFO] - Finding web element with id: 'Object Repository/Kullanici_Islemleri/KullaniciIslemleri' located by 'By.cssSelector: .dropdown>a>img' in '30' second(s)

2021-11-23 16:40:26 - [MESSAGE][INFO] - Smart Wait Function is triggered

2021-11-23 16:40:26 - [MESSAGE][INFO] - Found 1 web elements with id: 'Object Repository/Kullanici_Islemleri/KullaniciIslemleri' located by 'By.cssSelector: .dropdown>a>img' in '30' second(s)

2021-11-23 16:40:26 - [MESSAGE][INFO] - Clicking on object: 'Object Repository/Kullanici_Islemleri/KullaniciIslemleri'

2021-11-23 16:40:26 - [MESSAGE][PASSED] - Object: 'Object Repository/Kullanici_Islemleri/KullaniciIslemleri' is clicked on

2021-11-23 16:40:26 - [TEST_STEP][PASSED] - Method.TextDegerineEsitElementeTikla(findTestObject("Object Repository/Kullanici_Islemleri/Secenekler"), Islem): Method.TextDegerineEsitElementeTikla is PASSED

2021-11-23 16:40:26 - [MESSAGE][INFO] - Finding Test Object 'Object Repository/Kullanici_Islemleri/Secenekler'

2021-11-23 16:40:26 - [MESSAGE][INFO] - Checking timeout

2021-11-23 16:40:26 - [MESSAGE][INFO] - Finding web element with id: 'Object Repository/Kullanici_Islemleri/Secenekler' located by 'By.cssSelector: .nav.navbar-nav.navbar-right li a' in '10' second(s)

2021-11-23 16:40:26 - [MESSAGE][INFO] - Smart Wait Function is triggered

2021-11-23 16:40:26 - [MESSAGE][INFO] - Found 22 web elements with id: 'Object Repository/Kullanici_Islemleri/Secenekler' located by 'By.cssSelector: .nav.navbar-nav.navbar-right li a' in '10' second(s)

2021-11-23 16:40:28 - [MESSAGE][PASSED] - Method.TextDegerineEsitElementeTikla is PASSED

2021-11-23 16:40:28 - [TEST_STEP][PASSED] - verifyElementNotPresent(findTestObject("Object Repository/Kullanici_Islemleri/Secenekler"), 10): Web element with id: 'Object Repository/Kullanici_Islemleri/Secenekler' located by 'By.cssSelector: .nav.navbar-nav.navbar-right li a' is not present after '10' second(s)

2021-11-23 16:40:28 - [MESSAGE][INFO] - Finding Test Object 'Object Repository/Kullanici_Islemleri/Secenekler'

2021-11-23 16:40:28 - [MESSAGE][INFO] - Checking object

2021-11-23 16:40:28 - [MESSAGE][INFO] - Checking timeout

2021-11-23 16:40:28 - [MESSAGE][INFO] - Finding web element with id: 'Object Repository/Kullanici_Islemleri/Secenekler' located by 'By.cssSelector: .nav.navbar-nav.navbar-right li a' in '10' second(s)

2021-11-23 16:40:28 - [MESSAGE][INFO] - Smart Wait Function is triggered

2021-11-23 16:40:28 - [MESSAGE][PASSED] - Web element with id: 'Object Repository/Kullanici_Islemleri/Secenekler' located by 'By.cssSelector: .nav.navbar-nav.navbar-right li a' is not present after '10' second(s)

2021-11-23 16:40:28 - [MESSAGE][PASSED] - Call Test Case 'Test Cases/Kullanici_Islemleri/KullaniciIslemlerindenSecimYapilir' successfully

2021-11-23 16:40:28 - [TEST_CASE][PASSED] - Start Test Case : SCENARIO e-Mustahsil Makbuzu Statu Ata: SCENARIO e-Mustahsil Makbuzu Statu Ata

2021-11-23 16:40:28 - [TEST_STEP][PASSED] - Kullanıcı adı ELOGO6 ve Şifre 123456 olarak giriş yapılır: Kullanıcı adı ELOGO6 ve Şifre 123456 olarak giriş yapılır

2021-11-23 16:40:28 - [MESSAGE][PASSED] - Kullanıcı adı ELOGO6 ve Şifre 123456 olarak giriş yapılır

2021-11-23 16:40:28 - [TEST_STEP][PASSED] - Ana menüden e-Makbuz seçilir: Ana menüden e-Makbuz seçilir

2021-11-23 16:40:28 - [MESSAGE][PASSED] - Ana menüden e-Makbuz seçilir

2021-11-23 16:40:28 - [TEST_STEP][PASSED] - Alt menü e-Müstahsil Uygulaması başlığı altındaki e-Müstahsil Makbuzları seçilir: Alt menü e-Müstahsil Uygulaması başlığı altındaki e-Müstahsil Makbuzları seçilir

2021-11-23 16:40:28 - [MESSAGE][PASSED] - Alt menü e-Müstahsil Uygulaması başlığı altındaki e-Müstahsil Makbuzları seçilir

2021-11-23 16:40:28 - [TEST_STEP][PASSED] - Filtrelerden Oluşturma Tarihi filtresine 01.12.2020 baslangic degerini yaz: Filtrelerden Oluşturma Tarihi filtresine 01.12.2020 baslangic degerini yaz

2021-11-23 16:40:28 - [MESSAGE][PASSED] - Filtrelerden Oluşturma Tarihi filtresine 01.12.2020 baslangic degerini yaz

2021-11-23 16:40:28 - [TEST_STEP][PASSED] - Filtrelerden Oluşturma Tarihi filtresine 31.12.2020 bitis degerini yaz: Filtrelerden Oluşturma Tarihi filtresine 31.12.2020 bitis degerini yaz

2021-11-23 16:40:28 - [MESSAGE][PASSED] - Filtrelerden Oluşturma Tarihi filtresine 31.12.2020 bitis degerini yaz

2021-11-23 16:40:28 - [TEST_STEP][PASSED] - Filtre butonlarından Listele seçilir: Filtre butonlarından Listele seçilir

2021-11-23 16:40:28 - [MESSAGE][PASSED] - Filtre butonlarından Listele seçilir

2021-11-23 16:40:28 - [TEST_STEP][PASSED] - Tabloda veri var mı kontrol edilir: Tabloda veri var mı kontrol edilir

2021-11-23 16:40:28 - [MESSAGE][PASSED] - Tabloda veri var mı kontrol edilir

2021-11-23 16:40:28 - [TEST_STEP][PASSED] - Tablodan ELOGO5 isimli veri seçilir: Tablodan ELOGO5 isimli veri seçilir

2021-11-23 16:40:28 - [MESSAGE][PASSED] - Tablodan ELOGO5 isimli veri seçilir

2021-11-23 16:40:28 - [TEST_STEP][PASSED] - Butonlardan Statü Ata isimli butona tıklanır: Butonlardan Statü Ata isimli butona tıklanır

2021-11-23 16:40:28 - [MESSAGE][PASSED] - Butonlardan Statü Ata isimli butona tıklanır

2021-11-23 16:40:28 - [TEST_STEP][PASSED] - Alt butonlardan Öndeğer butonuna tıklanır: Alt butonlardan Öndeğer butonuna tıklanır

2021-11-23 16:40:28 - [MESSAGE][PASSED] - Alt butonlardan Öndeğer butonuna tıklanır

2021-11-23 16:40:28 - [TEST_STEP][PASSED] - Popup mesajı Statü Başarılı Olarak Güncellendi içeriyor mu: Popup mesajı Statü Başarılı Olarak Güncellendi içeriyor mu

2021-11-23 16:40:28 - [MESSAGE][PASSED] - Popup mesajı Statü Başarılı Olarak Güncellendi içeriyor mu

2021-11-23 16:40:28 - [TEST_STEP][PASSED] - Yönetim popupında Tamam seçilir: Yönetim popupında Tamam seçilir

2021-11-23 16:40:28 - [MESSAGE][PASSED] - Yönetim popupında Tamam seçilir

2021-11-23 16:40:28 - [TEST_STEP][PASSED] - Kullanıcı işlemlerinden Çıkış seçilir: Kullanıcı işlemlerinden Çıkış seçilir

2021-11-23 16:40:28 - [MESSAGE][PASSED] - Kullanıcı işlemlerinden Çıkış seçilir

2021-11-23 16:40:29 - [MESSAGE][PASSED] - Feature file: 'Include/features/e-Makbuz/e-Mustahsil Uygulamasi/e-Mustahsil Makbuzlari/Statu Ata.feature' was passed

2021-11-23 16:40:29 - [TEST_STEP][PASSED] - Start listener action : sampleAfterTestSuite: Invoke 'com.kms.katalon.core.annotation.AfterTestCase' method: 'Listener.sampleAfterTestSuite(...)' completed.

2021-11-23 16:40:29 - [MESSAGE][INFO] - Starting invoke 'com.kms.katalon.core.annotation.AfterTestCase' method: 'Listener.sampleAfterTestSuite(...)'

2021-11-23 16:40:29 - [TEST_STEP][PASSED] - closeBrowser(): Invoke 'com.kms.katalon.core.annotation.AfterTestCase' method: 'Listener.sampleAfterTestSuite(...)' completed.

2021-11-23 16:40:29 - [MESSAGE][INFO] - Closing browser

2021-11-23 16:40:29 - [MESSAGE][PASSED] - Browser is closed

2021-11-23 16:40:29 - [MESSAGE][INFO] - Invoke 'com.kms.katalon.core.annotation.AfterTestCase' method: 'Listener.sampleAfterTestSuite(...)' completed.]]></system-out>
         <system-err><![CDATA[]]></system-err>
      </testcase>
      <testcase name="Test Cases/Case Repository/e-Makbuz/e-Mustahsil Uygulamasi/e-Mustahsil Makbuzlari/UBL" time="36.375" classname="Test Cases/Case Repository/e-Makbuz/e-Mustahsil Uygulamasi/e-Mustahsil Makbuzlari/UBL" status="PASSED">
         <system-out><![CDATA[2021-11-23 16:40:29 - [TEST_CASE][PASSED] - Test Cases/Case Repository/e-Makbuz/e-Mustahsil Uygulamasi/e-Mustahsil Makbuzlari/UBL: Test Cases/Case Repository/e-Makbuz/e-Mustahsil Uygulamasi/e-Mustahsil Makbuzlari/UBL

2021-11-23 16:40:29 - [TEST_STEP][PASSED] - Start listener action : sampleBeforeTestSuite: Invoke 'com.kms.katalon.core.annotation.BeforeTestCase' method: 'Listener.sampleBeforeTestSuite(...)' completed.

2021-11-23 16:40:29 - [MESSAGE][INFO] - Starting invoke 'com.kms.katalon.core.annotation.BeforeTestCase' method: 'Listener.sampleBeforeTestSuite(...)'

2021-11-23 16:40:29 - [TEST_STEP][PASSED] - openBrowser(baseUrl): Browser is opened with url: 'https://efatura-stage.elogo.com.tr/'

2021-11-23 16:40:29 - [MESSAGE][INFO] - Opening browser

2021-11-23 16:40:29 - [MESSAGE][INFO] - Starting 'Chrome' driver

2021-11-23 16:40:29 - [MESSAGE][INFO] - User set preference: ['prefs', '{download.default_directory=C:\otomasyondownfiles}']

2021-11-23 16:40:29 - [MESSAGE][INFO] - Action delay is set to 0 milliseconds

2021-11-23 16:40:31 - [MESSAGE][INFO] - Navigating browser to: 'https://efatura-stage.elogo.com.tr/'

2021-11-23 16:40:33 - [MESSAGE][PASSED] - Browser is opened with url: 'https://efatura-stage.elogo.com.tr/'

2021-11-23 16:40:33 - [TEST_STEP][PASSED] - maximizeWindow(): Invoke 'com.kms.katalon.core.annotation.BeforeTestCase' method: 'Listener.sampleBeforeTestSuite(...)' completed.

2021-11-23 16:40:33 - [MESSAGE][INFO] - Maximizing current window

2021-11-23 16:40:33 - [MESSAGE][PASSED] - Current window maximized

2021-11-23 16:40:33 - [MESSAGE][INFO] - Invoke 'com.kms.katalon.core.annotation.BeforeTestCase' method: 'Listener.sampleBeforeTestSuite(...)' completed.

2021-11-23 16:40:33 - [TEST_STEP][PASSED] - runFeatureFile("Include/features/e-Makbuz/e-Mustahsil Uygulamasi/e-Mustahsil Makbuzlari/UBL.feature"): Feature file: 'Include/features/e-Makbuz/e-Mustahsil Uygulamasi/e-Mustahsil Makbuzlari/UBL.feature' was passed

2021-11-23 16:40:33 - [MESSAGE][INFO] - Starting run keyword runFeatureFile: 'Include/features/e-Makbuz/e-Mustahsil Uygulamasi/e-Mustahsil Makbuzlari/UBL.feature' and extract report to folder: 'C:\Users\DELL\Documents\GitHub\EES_KatalonLogo\Reports\20211123_163326\Suite Repository\e-Makbuz\20211123_163348/cucumber_report/1637674833956'...

2021-11-23 16:40:33 - [MESSAGE][INFO] - Glue: []

2021-11-23 16:40:37 - [MESSAGE][INFO] - Checking called Test Case

2021-11-23 16:40:37 - [MESSAGE][INFO] - Starting to call Test Case 'Test Cases/Sayfalar/Giris_Sayfasi/Login'

2021-11-23 16:40:37 - [TEST_CASE][PASSED] - Test Cases/Sayfalar/Giris_Sayfasi/Login: Test Cases/Sayfalar/Giris_Sayfasi/Login

2021-11-23 16:40:37 - [TEST_STEP][PASSED] - Sayfa_Basligi = getWindowTitle(): Current window's title is: 'LOGO e-Fatura'

2021-11-23 16:40:37 - [MESSAGE][INFO] - Getting current window's title

2021-11-23 16:40:37 - [MESSAGE][PASSED] - Current window's title is: 'LOGO e-Fatura'

2021-11-23 16:40:37 - [TEST_STEP][PASSED] - verifyMatch(Sayfa_Basligi, "LOGO e-Fatura", false): Actual text 'LOGO e-Fatura' and expected text 'LOGO e-Fatura' are matched 

2021-11-23 16:40:37 - [MESSAGE][INFO] - Matching actual text 'LOGO e-Fatura' with expected text 'LOGO e-Fatura'

2021-11-23 16:40:37 - [MESSAGE][PASSED] - Actual text 'LOGO e-Fatura' and expected text 'LOGO e-Fatura' are matched 

2021-11-23 16:40:37 - [TEST_STEP][PASSED] - sendKeys(findTestObject("Sayfalar/Giris_Sayfasi/Firma_Kodu"), KullaniciAdi): Keys 'ELOGO6' sent to object: 'Object Repository/Sayfalar/Giris_Sayfasi/Firma_Kodu'

2021-11-23 16:40:37 - [MESSAGE][INFO] - Finding Test Object 'Object Repository/Sayfalar/Giris_Sayfasi/Firma_Kodu'

2021-11-23 16:40:37 - [MESSAGE][INFO] - Sending keys 'ELOGO6' to object: 'Object Repository/Sayfalar/Giris_Sayfasi/Firma_Kodu'

2021-11-23 16:40:37 - [MESSAGE][INFO] - Finding web element from Test Object's properties

2021-11-23 16:40:37 - [MESSAGE][INFO] - Checking timeout

2021-11-23 16:40:37 - [MESSAGE][INFO] - Finding web element with id: 'Object Repository/Sayfalar/Giris_Sayfasi/Firma_Kodu' located by 'By.xpath: //*[@id = 'AccountName']' in '30' second(s)

2021-11-23 16:40:37 - [MESSAGE][INFO] - Smart Wait Function is triggered

2021-11-23 16:40:37 - [MESSAGE][INFO] - Found 1 web elements with id: 'Object Repository/Sayfalar/Giris_Sayfasi/Firma_Kodu' located by 'By.xpath: //*[@id = 'AccountName']' in '30' second(s)

2021-11-23 16:40:37 - [MESSAGE][PASSED] - Keys 'ELOGO6' sent to object: 'Object Repository/Sayfalar/Giris_Sayfasi/Firma_Kodu'

2021-11-23 16:40:37 - [TEST_STEP][PASSED] - sendKeys(findTestObject("Sayfalar/Giris_Sayfasi/Sifre"), Sifre): Keys '123456' sent to object: 'Object Repository/Sayfalar/Giris_Sayfasi/Sifre'

2021-11-23 16:40:37 - [MESSAGE][INFO] - Finding Test Object 'Object Repository/Sayfalar/Giris_Sayfasi/Sifre'

2021-11-23 16:40:37 - [MESSAGE][INFO] - Sending keys '123456' to object: 'Object Repository/Sayfalar/Giris_Sayfasi/Sifre'

2021-11-23 16:40:37 - [MESSAGE][INFO] - Finding web element from Test Object's properties

2021-11-23 16:40:37 - [MESSAGE][INFO] - Checking timeout

2021-11-23 16:40:37 - [MESSAGE][INFO] - Finding web element with id: 'Object Repository/Sayfalar/Giris_Sayfasi/Sifre' located by 'By.xpath: //*[@id = 'Password']' in '30' second(s)

2021-11-23 16:40:37 - [MESSAGE][INFO] - Smart Wait Function is triggered

2021-11-23 16:40:38 - [MESSAGE][INFO] - Found 1 web elements with id: 'Object Repository/Sayfalar/Giris_Sayfasi/Sifre' located by 'By.xpath: //*[@id = 'Password']' in '30' second(s)

2021-11-23 16:40:38 - [MESSAGE][PASSED] - Keys '123456' sent to object: 'Object Repository/Sayfalar/Giris_Sayfasi/Sifre'

2021-11-23 16:40:38 - [TEST_STEP][PASSED] - findWebElement(findTestObject("Sayfalar/Giris_Sayfasi/Giris_Butonu")).click(): Found 1 web elements with id: 'Object Repository/Sayfalar/Giris_Sayfasi/Giris_Butonu' located by 'By.cssSelector: #btnLogin' in '30' second(s)

2021-11-23 16:40:38 - [MESSAGE][INFO] - Finding Test Object 'Object Repository/Sayfalar/Giris_Sayfasi/Giris_Butonu'

2021-11-23 16:40:38 - [MESSAGE][INFO] - Finding web element from Test Object's properties

2021-11-23 16:40:38 - [MESSAGE][INFO] - Checking timeout

2021-11-23 16:40:38 - [MESSAGE][INFO] - Finding web element with id: 'Object Repository/Sayfalar/Giris_Sayfasi/Giris_Butonu' located by 'By.cssSelector: #btnLogin' in '30' second(s)

2021-11-23 16:40:38 - [MESSAGE][INFO] - Smart Wait Function is triggered

2021-11-23 16:40:38 - [MESSAGE][INFO] - Found 1 web elements with id: 'Object Repository/Sayfalar/Giris_Sayfasi/Giris_Butonu' located by 'By.cssSelector: #btnLogin' in '30' second(s)

2021-11-23 16:40:41 - [TEST_STEP][PASSED] - if (verifyElementPresent(findTestObject("Object Repository/Sayfalar/Giris_Sayfasi/RetveTamam_Butonu"), 5, OPTIONAL)): null

2021-11-23 16:40:41 - [MESSAGE][INFO] - Finding Test Object 'Object Repository/Sayfalar/Giris_Sayfasi/RetveTamam_Butonu'

2021-11-23 16:40:41 - [MESSAGE][INFO] - Checking object

2021-11-23 16:40:41 - [MESSAGE][INFO] - Finding web element from Test Object's properties

2021-11-23 16:40:41 - [MESSAGE][INFO] - Checking timeout

2021-11-23 16:40:41 - [MESSAGE][INFO] - Finding web element with id: 'Object Repository/Sayfalar/Giris_Sayfasi/RetveTamam_Butonu' located by 'By.xpath: //*[@class = 'btn btn-default']' in '5' second(s)

2021-11-23 16:40:41 - [MESSAGE][INFO] - Smart Wait Function is triggered

2021-11-23 16:40:41 - [MESSAGE][INFO] - Found 1 web elements with id: 'Object Repository/Sayfalar/Giris_Sayfasi/RetveTamam_Butonu' located by 'By.xpath: //*[@class = 'btn btn-default']' in '5' second(s)

2021-11-23 16:40:41 - [MESSAGE][PASSED] - Object 'Object Repository/Sayfalar/Giris_Sayfasi/RetveTamam_Butonu' is present

2021-11-23 16:40:41 - [TEST_STEP][PASSED] - click(findTestObject("Object Repository/Sayfalar/Giris_Sayfasi/RetveTamam_Butonu")): Object: 'Object Repository/Sayfalar/Giris_Sayfasi/RetveTamam_Butonu' is clicked on

2021-11-23 16:40:41 - [MESSAGE][INFO] - Finding Test Object 'Object Repository/Sayfalar/Giris_Sayfasi/RetveTamam_Butonu'

2021-11-23 16:40:41 - [MESSAGE][INFO] - Checking object

2021-11-23 16:40:41 - [MESSAGE][INFO] - Finding web element from Test Object's properties

2021-11-23 16:40:41 - [MESSAGE][INFO] - Checking timeout

2021-11-23 16:40:41 - [MESSAGE][INFO] - Finding web element with id: 'Object Repository/Sayfalar/Giris_Sayfasi/RetveTamam_Butonu' located by 'By.xpath: //*[@class = 'btn btn-default']' in '30' second(s)

2021-11-23 16:40:41 - [MESSAGE][INFO] - Smart Wait Function is triggered

2021-11-23 16:40:42 - [MESSAGE][INFO] - Found 1 web elements with id: 'Object Repository/Sayfalar/Giris_Sayfasi/RetveTamam_Butonu' located by 'By.xpath: //*[@class = 'btn btn-default']' in '30' second(s)

2021-11-23 16:40:42 - [MESSAGE][INFO] - Clicking on object: 'Object Repository/Sayfalar/Giris_Sayfasi/RetveTamam_Butonu'

2021-11-23 16:40:42 - [MESSAGE][PASSED] - Object: 'Object Repository/Sayfalar/Giris_Sayfasi/RetveTamam_Butonu' is clicked on

2021-11-23 16:40:42 - [TEST_STEP][PASSED] - click(findTestObject("Object Repository/Sayfalar/Giris_Sayfasi/RetveTamam_Butonu")): Object: 'Object Repository/Sayfalar/Giris_Sayfasi/RetveTamam_Butonu' is clicked on

2021-11-23 16:40:42 - [MESSAGE][INFO] - Finding Test Object 'Object Repository/Sayfalar/Giris_Sayfasi/RetveTamam_Butonu'

2021-11-23 16:40:42 - [MESSAGE][INFO] - Checking object

2021-11-23 16:40:42 - [MESSAGE][INFO] - Finding web element from Test Object's properties

2021-11-23 16:40:42 - [MESSAGE][INFO] - Checking timeout

2021-11-23 16:40:42 - [MESSAGE][INFO] - Finding web element with id: 'Object Repository/Sayfalar/Giris_Sayfasi/RetveTamam_Butonu' located by 'By.xpath: //*[@class = 'btn btn-default']' in '30' second(s)

2021-11-23 16:40:42 - [MESSAGE][INFO] - Smart Wait Function is triggered

2021-11-23 16:40:45 - [MESSAGE][INFO] - Found 1 web elements with id: 'Object Repository/Sayfalar/Giris_Sayfasi/RetveTamam_Butonu' located by 'By.xpath: //*[@class = 'btn btn-default']' in '30' second(s)

2021-11-23 16:40:45 - [MESSAGE][INFO] - Clicking on object: 'Object Repository/Sayfalar/Giris_Sayfasi/RetveTamam_Butonu'

2021-11-23 16:40:45 - [MESSAGE][PASSED] - Object: 'Object Repository/Sayfalar/Giris_Sayfasi/RetveTamam_Butonu' is clicked on

2021-11-23 16:40:45 - [TEST_STEP][PASSED] - if (verifyElementPresent(findTestObject("Sayfalar/Giris_Sayfasi/PopupOK"), 5, OPTIONAL)): null

2021-11-23 16:40:45 - [MESSAGE][INFO] - Finding Test Object 'Object Repository/Sayfalar/Giris_Sayfasi/PopupOK'

2021-11-23 16:40:45 - [MESSAGE][INFO] - Checking object

2021-11-23 16:40:45 - [MESSAGE][INFO] - Finding web element from Test Object's properties

2021-11-23 16:40:45 - [MESSAGE][INFO] - Checking timeout

2021-11-23 16:40:45 - [MESSAGE][INFO] - Finding web element with id: 'Object Repository/Sayfalar/Giris_Sayfasi/PopupOK' located by 'By.cssSelector: .btn.btn-success' in '5' second(s)

2021-11-23 16:40:45 - [MESSAGE][INFO] - Smart Wait Function is triggered

2021-11-23 16:40:46 - [MESSAGE][INFO] - Found 1 web elements with id: 'Object Repository/Sayfalar/Giris_Sayfasi/PopupOK' located by 'By.cssSelector: .btn.btn-success' in '5' second(s)

2021-11-23 16:40:46 - [MESSAGE][PASSED] - Object 'Object Repository/Sayfalar/Giris_Sayfasi/PopupOK' is present

2021-11-23 16:40:46 - [TEST_STEP][PASSED] - click(findTestObject("Object Repository/Sayfalar/Giris_Sayfasi/PopupCarpiGiris")): Object: 'Object Repository/Sayfalar/Giris_Sayfasi/PopupCarpiGiris' is clicked on

2021-11-23 16:40:46 - [MESSAGE][INFO] - Finding Test Object 'Object Repository/Sayfalar/Giris_Sayfasi/PopupCarpiGiris'

2021-11-23 16:40:46 - [MESSAGE][INFO] - Checking object

2021-11-23 16:40:46 - [MESSAGE][INFO] - Finding web element from Test Object's properties

2021-11-23 16:40:46 - [MESSAGE][INFO] - Checking timeout

2021-11-23 16:40:46 - [MESSAGE][INFO] - Finding web element with id: 'Object Repository/Sayfalar/Giris_Sayfasi/PopupCarpiGiris' located by 'By.cssSelector: .bootbox-close-button.close' in '30' second(s)

2021-11-23 16:40:46 - [MESSAGE][INFO] - Smart Wait Function is triggered

2021-11-23 16:40:46 - [MESSAGE][INFO] - Found 1 web elements with id: 'Object Repository/Sayfalar/Giris_Sayfasi/PopupCarpiGiris' located by 'By.cssSelector: .bootbox-close-button.close' in '30' second(s)

2021-11-23 16:40:46 - [MESSAGE][INFO] - Clicking on object: 'Object Repository/Sayfalar/Giris_Sayfasi/PopupCarpiGiris'

2021-11-23 16:40:46 - [MESSAGE][PASSED] - Object: 'Object Repository/Sayfalar/Giris_Sayfasi/PopupCarpiGiris' is clicked on

2021-11-23 16:40:46 - [TEST_STEP][PASSED] - verifyElementVisible(findTestObject("Object Repository/Kullanici_Islemleri/KullaniciIslemleri")): Object 'Object Repository/Kullanici_Islemleri/KullaniciIslemleri' is visible

2021-11-23 16:40:46 - [MESSAGE][INFO] - Finding Test Object 'Object Repository/Kullanici_Islemleri/KullaniciIslemleri'

2021-11-23 16:40:46 - [MESSAGE][INFO] - Checking object

2021-11-23 16:40:46 - [MESSAGE][INFO] - Finding web element from Test Object's properties

2021-11-23 16:40:46 - [MESSAGE][INFO] - Checking timeout

2021-11-23 16:40:46 - [MESSAGE][INFO] - Finding web element with id: 'Object Repository/Kullanici_Islemleri/KullaniciIslemleri' located by 'By.cssSelector: .dropdown>a>img' in '30' second(s)

2021-11-23 16:40:46 - [MESSAGE][INFO] - Smart Wait Function is triggered

2021-11-23 16:40:47 - [MESSAGE][INFO] - Found 1 web elements with id: 'Object Repository/Kullanici_Islemleri/KullaniciIslemleri' located by 'By.cssSelector: .dropdown>a>img' in '30' second(s)

2021-11-23 16:40:47 - [MESSAGE][PASSED] - Object 'Object Repository/Kullanici_Islemleri/KullaniciIslemleri' is visible

2021-11-23 16:40:47 - [MESSAGE][PASSED] - Call Test Case 'Test Cases/Sayfalar/Giris_Sayfasi/Login' successfully

2021-11-23 16:40:47 - [MESSAGE][INFO] - Checking called Test Case

2021-11-23 16:40:47 - [MESSAGE][INFO] - Starting to call Test Case 'Test Cases/Menu/AnaMenuSecimi'

2021-11-23 16:40:47 - [TEST_CASE][PASSED] - Test Cases/Menu/AnaMenuSecimi: Test Cases/Menu/AnaMenuSecimi

2021-11-23 16:40:47 - [TEST_STEP][PASSED] - Method.TextDegerineEsitElementeTikla(findTestObject("Menu/Ana_Menu"), Ana_Menu): Method.TextDegerineEsitElementeTikla is PASSED

2021-11-23 16:40:47 - [MESSAGE][INFO] - Finding Test Object 'Object Repository/Menu/Ana_Menu'

2021-11-23 16:40:47 - [MESSAGE][INFO] - Checking timeout

2021-11-23 16:40:47 - [MESSAGE][INFO] - Finding web element with id: 'Object Repository/Menu/Ana_Menu' located by 'By.xpath: //*[@class = 'dropdown-toggle']' in '10' second(s)

2021-11-23 16:40:47 - [MESSAGE][INFO] - Smart Wait Function is triggered

2021-11-23 16:40:47 - [MESSAGE][INFO] - Found 14 web elements with id: 'Object Repository/Menu/Ana_Menu' located by 'By.xpath: //*[@class = 'dropdown-toggle']' in '10' second(s)

2021-11-23 16:40:48 - [MESSAGE][PASSED] - Method.TextDegerineEsitElementeTikla is PASSED

2021-11-23 16:40:48 - [MESSAGE][PASSED] - Call Test Case 'Test Cases/Menu/AnaMenuSecimi' successfully

2021-11-23 16:40:48 - [MESSAGE][INFO] - Checking called Test Case

2021-11-23 16:40:48 - [MESSAGE][INFO] - Starting to call Test Case 'Test Cases/Menu/BasligaGoreAltMenuSecimi'

2021-11-23 16:40:48 - [TEST_CASE][PASSED] - Test Cases/Menu/BasligaGoreAltMenuSecimi: Test Cases/Menu/BasligaGoreAltMenuSecimi

2021-11-23 16:40:48 - [TEST_STEP][PASSED] - Method.TextDegerineEsitElementinAltindakiTextDegerineEsitOlanaTikla(findTestObject("Menu/Menu_Basligi"), findTestObject("Menu/Basliga_Gore_Alt_Menu"), Baslik, Alt_Menu): Method.TextDegerineEsitElementinAltindakiTextDegerineEsitOlanaTikla is PASSED

2021-11-23 16:40:48 - [MESSAGE][INFO] - Finding Test Object 'Object Repository/Menu/Menu_Basligi'

2021-11-23 16:40:48 - [MESSAGE][INFO] - Finding Test Object 'Object Repository/Menu/Basliga_Gore_Alt_Menu'

2021-11-23 16:40:48 - [MESSAGE][INFO] - Checking timeout

2021-11-23 16:40:48 - [MESSAGE][INFO] - Finding web element with id: 'Object Repository/Menu/Menu_Basligi' located by 'By.xpath: //li[@class='dropdown dropdown-large open']//li[@class='dropdown-header']' in '10' second(s)

2021-11-23 16:40:48 - [MESSAGE][INFO] - Smart Wait Function is triggered

2021-11-23 16:40:48 - [MESSAGE][INFO] - Found 2 web elements with id: 'Object Repository/Menu/Menu_Basligi' located by 'By.xpath: //li[@class='dropdown dropdown-large open']//li[@class='dropdown-header']' in '10' second(s)

2021-11-23 16:40:48 - [MESSAGE][INFO] - Smart Wait Function is triggered

2021-11-23 16:40:51 - [MESSAGE][PASSED] - Method.TextDegerineEsitElementinAltindakiTextDegerineEsitOlanaTikla is PASSED

2021-11-23 16:40:51 - [MESSAGE][PASSED] - Call Test Case 'Test Cases/Menu/BasligaGoreAltMenuSecimi' successfully

2021-11-23 16:40:51 - [MESSAGE][INFO] - Checking called Test Case

2021-11-23 16:40:51 - [MESSAGE][INFO] - Starting to call Test Case 'Test Cases/Filtreler/BaslangicYaz'

2021-11-23 16:40:51 - [TEST_CASE][PASSED] - Test Cases/Filtreler/BaslangicYaz: Test Cases/Filtreler/BaslangicYaz

2021-11-23 16:40:51 - [TEST_STEP][PASSED] - delay(3): Delayed 3 second(s)

2021-11-23 16:40:51 - [MESSAGE][INFO] - Delaying browser in 3 second(s)

2021-11-23 16:40:54 - [MESSAGE][PASSED] - Delayed 3 second(s)

2021-11-23 16:40:54 - [TEST_STEP][PASSED] - Method.TextDegerineEsitElementinAltindakineTikla(findTestObject("Filtreler/Basliklar"), findTestObject("Filtreler/Basliga_Gore_Baslangic_Image"), Filtre_Adi): Method.TextDegerineEsitElementinAltindakineTikla is PASSED

2021-11-23 16:40:54 - [MESSAGE][INFO] - Finding Test Object 'Object Repository/Filtreler/Basliklar'

2021-11-23 16:40:54 - [MESSAGE][INFO] - Finding Test Object 'Object Repository/Filtreler/Basliga_Gore_Baslangic_Image'

2021-11-23 16:40:54 - [MESSAGE][INFO] - Checking timeout

2021-11-23 16:40:54 - [MESSAGE][INFO] - Finding web element with id: 'Object Repository/Filtreler/Basliklar' located by 'By.cssSelector: .control-label.col-sm-4.paddingMarginRLC' in '10' second(s)

2021-11-23 16:40:54 - [MESSAGE][INFO] - Smart Wait Function is triggered

2021-11-23 16:40:54 - [MESSAGE][INFO] - Found 14 web elements with id: 'Object Repository/Filtreler/Basliklar' located by 'By.cssSelector: .control-label.col-sm-4.paddingMarginRLC' in '10' second(s)

2021-11-23 16:40:54 - [MESSAGE][INFO] - Smart Wait Function is triggered

2021-11-23 16:40:55 - [MESSAGE][PASSED] - Method.TextDegerineEsitElementinAltindakineTikla is PASSED

2021-11-23 16:40:55 - [TEST_STEP][PASSED] - Method.TextDegerineEsitElementinAltindakiTextboxtaYaz(findTestObject("Filtreler/Basliklar"), findTestObject("Filtreler/Basliga_Gore_Baslangic"), Filtre_Adi, Filtre_Degeri): Method.TextDegerineEsitElementinAltindakiTextboxtaYaz is PASSED

2021-11-23 16:40:55 - [MESSAGE][INFO] - Finding Test Object 'Object Repository/Filtreler/Basliklar'

2021-11-23 16:40:55 - [MESSAGE][INFO] - Finding Test Object 'Object Repository/Filtreler/Basliga_Gore_Baslangic'

2021-11-23 16:40:55 - [MESSAGE][INFO] - Checking timeout

2021-11-23 16:40:55 - [MESSAGE][INFO] - Finding web element with id: 'Object Repository/Filtreler/Basliklar' located by 'By.cssSelector: .control-label.col-sm-4.paddingMarginRLC' in '10' second(s)

2021-11-23 16:40:55 - [MESSAGE][INFO] - Smart Wait Function is triggered

2021-11-23 16:40:55 - [MESSAGE][INFO] - Found 14 web elements with id: 'Object Repository/Filtreler/Basliklar' located by 'By.cssSelector: .control-label.col-sm-4.paddingMarginRLC' in '10' second(s)

2021-11-23 16:40:55 - [MESSAGE][INFO] - Smart Wait Function is triggered

2021-11-23 16:40:56 - [MESSAGE][PASSED] - Method.TextDegerineEsitElementinAltindakiTextboxtaYaz is PASSED

2021-11-23 16:40:56 - [MESSAGE][PASSED] - Call Test Case 'Test Cases/Filtreler/BaslangicYaz' successfully

2021-11-23 16:40:56 - [MESSAGE][INFO] - Checking called Test Case

2021-11-23 16:40:56 - [MESSAGE][INFO] - Starting to call Test Case 'Test Cases/Filtreler/BitisYaz'

2021-11-23 16:40:56 - [TEST_CASE][PASSED] - Test Cases/Filtreler/BitisYaz: Test Cases/Filtreler/BitisYaz

2021-11-23 16:40:56 - [TEST_STEP][PASSED] - Method.TextDegerineEsitElementinAltindakineTikla(findTestObject("Filtreler/Basliklar"), findTestObject("Filtreler/Basliga_Gore_Bitis_Image"), Filtre_Adi): Method.TextDegerineEsitElementinAltindakineTikla is PASSED

2021-11-23 16:40:56 - [MESSAGE][INFO] - Finding Test Object 'Object Repository/Filtreler/Basliklar'

2021-11-23 16:40:56 - [MESSAGE][INFO] - Finding Test Object 'Object Repository/Filtreler/Basliga_Gore_Bitis_Image'

2021-11-23 16:40:56 - [MESSAGE][INFO] - Checking timeout

2021-11-23 16:40:56 - [MESSAGE][INFO] - Finding web element with id: 'Object Repository/Filtreler/Basliklar' located by 'By.cssSelector: .control-label.col-sm-4.paddingMarginRLC' in '10' second(s)

2021-11-23 16:40:56 - [MESSAGE][INFO] - Smart Wait Function is triggered

2021-11-23 16:40:56 - [MESSAGE][INFO] - Found 14 web elements with id: 'Object Repository/Filtreler/Basliklar' located by 'By.cssSelector: .control-label.col-sm-4.paddingMarginRLC' in '10' second(s)

2021-11-23 16:40:56 - [MESSAGE][INFO] - Smart Wait Function is triggered

2021-11-23 16:40:56 - [MESSAGE][PASSED] - Method.TextDegerineEsitElementinAltindakineTikla is PASSED

2021-11-23 16:40:56 - [TEST_STEP][PASSED] - Method.TextDegerineEsitElementinAltindakiTextboxtaYaz(findTestObject("Filtreler/Basliklar"), findTestObject("Object Repository/Filtreler/Basliga_Gore_Bitis"), Filtre_Adi, Filtre_Degeri): Method.TextDegerineEsitElementinAltindakiTextboxtaYaz is PASSED

2021-11-23 16:40:56 - [MESSAGE][INFO] - Finding Test Object 'Object Repository/Filtreler/Basliklar'

2021-11-23 16:40:56 - [MESSAGE][INFO] - Finding Test Object 'Object Repository/Filtreler/Basliga_Gore_Bitis'

2021-11-23 16:40:57 - [MESSAGE][INFO] - Checking timeout

2021-11-23 16:40:57 - [MESSAGE][INFO] - Finding web element with id: 'Object Repository/Filtreler/Basliklar' located by 'By.cssSelector: .control-label.col-sm-4.paddingMarginRLC' in '10' second(s)

2021-11-23 16:40:57 - [MESSAGE][INFO] - Smart Wait Function is triggered

2021-11-23 16:40:57 - [MESSAGE][INFO] - Found 14 web elements with id: 'Object Repository/Filtreler/Basliklar' located by 'By.cssSelector: .control-label.col-sm-4.paddingMarginRLC' in '10' second(s)

2021-11-23 16:40:57 - [MESSAGE][INFO] - Smart Wait Function is triggered

2021-11-23 16:40:57 - [MESSAGE][PASSED] - Method.TextDegerineEsitElementinAltindakiTextboxtaYaz is PASSED

2021-11-23 16:40:57 - [MESSAGE][PASSED] - Call Test Case 'Test Cases/Filtreler/BitisYaz' successfully

2021-11-23 16:40:57 - [MESSAGE][INFO] - Checking called Test Case

2021-11-23 16:40:57 - [MESSAGE][INFO] - Starting to call Test Case 'Test Cases/Filtreler/ButonaTikla'

2021-11-23 16:40:57 - [TEST_CASE][PASSED] - Test Cases/Filtreler/ButonaTikla: Test Cases/Filtreler/ButonaTikla

2021-11-23 16:40:57 - [TEST_STEP][PASSED] - Method.TextDegerineEsitElementeTikla(findTestObject("Filtreler/Butonlar"), Filtre_Buton): Method.TextDegerineEsitElementeTikla is PASSED

2021-11-23 16:40:57 - [MESSAGE][INFO] - Finding Test Object 'Object Repository/Filtreler/Butonlar'

2021-11-23 16:40:57 - [MESSAGE][INFO] - Checking timeout

2021-11-23 16:40:57 - [MESSAGE][INFO] - Finding web element with id: 'Object Repository/Filtreler/Butonlar' located by 'By.cssSelector: .dxb>span' in '10' second(s)

2021-11-23 16:40:57 - [MESSAGE][INFO] - Smart Wait Function is triggered

2021-11-23 16:40:58 - [MESSAGE][INFO] - Found 3 web elements with id: 'Object Repository/Filtreler/Butonlar' located by 'By.cssSelector: .dxb>span' in '10' second(s)

2021-11-23 16:40:58 - [MESSAGE][PASSED] - Method.TextDegerineEsitElementeTikla is PASSED

2021-11-23 16:40:58 - [MESSAGE][PASSED] - Call Test Case 'Test Cases/Filtreler/ButonaTikla' successfully

2021-11-23 16:40:58 - [MESSAGE][INFO] - Checking called Test Case

2021-11-23 16:40:58 - [MESSAGE][INFO] - Starting to call Test Case 'Test Cases/Tablo/TablodaVeriVarMi'

2021-11-23 16:40:58 - [TEST_CASE][PASSED] - Test Cases/Tablo/TablodaVeriVarMi: Test Cases/Tablo/TablodaVeriVarMi

2021-11-23 16:40:58 - [TEST_STEP][PASSED] - verifyTextNotPresent("Görüntülenecek veri yok", true): Text 'Görüntülenecek veri yok' is not present on page using regular expression

2021-11-23 16:40:58 - [MESSAGE][INFO] - Checking text present  using regular expression

2021-11-23 16:40:58 - [MESSAGE][INFO] - Smart Wait Function is triggered

2021-11-23 16:40:59 - [MESSAGE][INFO] - Finding text 'Görüntülenecek veri yok' on page  using regular expression

2021-11-23 16:40:59 - [MESSAGE][PASSED] - Text 'Görüntülenecek veri yok' is not present on page using regular expression

2021-11-23 16:40:59 - [MESSAGE][PASSED] - Call Test Case 'Test Cases/Tablo/TablodaVeriVarMi' successfully

2021-11-23 16:40:59 - [MESSAGE][INFO] - Checking called Test Case

2021-11-23 16:40:59 - [MESSAGE][INFO] - Starting to call Test Case 'Test Cases/Tablo/TablodanVeriSec'

2021-11-23 16:40:59 - [TEST_CASE][PASSED] - Test Cases/Tablo/TablodanVeriSec: Test Cases/Tablo/TablodanVeriSec

2021-11-23 16:40:59 - [TEST_STEP][PASSED] - Method.TextDegerineEsitElementinAltindakineTikla(findTestObject("Tablo/Veriler"), findTestObject("Tablo/VerininCheckBoxi"), Veri_Adi): Method.TextDegerineEsitElementinAltindakineTikla is PASSED

2021-11-23 16:40:59 - [MESSAGE][INFO] - Finding Test Object 'Object Repository/Tablo/Veriler'

2021-11-23 16:40:59 - [MESSAGE][INFO] - Finding Test Object 'Object Repository/Tablo/VerininCheckBoxi'

2021-11-23 16:40:59 - [MESSAGE][INFO] - Checking timeout

2021-11-23 16:40:59 - [MESSAGE][INFO] - Finding web element with id: 'Object Repository/Tablo/Veriler' located by 'By.cssSelector: td.dxgv b ,td.dxgv' in '10' second(s)

2021-11-23 16:40:59 - [MESSAGE][INFO] - Smart Wait Function is triggered

2021-11-23 16:40:59 - [MESSAGE][INFO] - Found 13 web elements with id: 'Object Repository/Tablo/Veriler' located by 'By.cssSelector: td.dxgv b ,td.dxgv' in '10' second(s)

2021-11-23 16:40:59 - [MESSAGE][INFO] - Smart Wait Function is triggered

2021-11-23 16:41:00 - [MESSAGE][PASSED] - Method.TextDegerineEsitElementinAltindakineTikla is PASSED

2021-11-23 16:41:00 - [MESSAGE][PASSED] - Call Test Case 'Test Cases/Tablo/TablodanVeriSec' successfully

2021-11-23 16:41:00 - [MESSAGE][INFO] - Checking called Test Case

2021-11-23 16:41:00 - [MESSAGE][INFO] - Starting to call Test Case 'Test Cases/Butonlar/ButonaTikla'

2021-11-23 16:41:00 - [TEST_CASE][PASSED] - Test Cases/Butonlar/ButonaTikla: Test Cases/Butonlar/ButonaTikla

2021-11-23 16:41:00 - [TEST_STEP][PASSED] - Method.TextDegerineEsitElementeTiklaEquals(findTestObject("Butonlar/Butonlar"), Buton_Adi): Method.TextDegerineEsitElementeTiklaEquals is PASSED

2021-11-23 16:41:00 - [MESSAGE][INFO] - Finding Test Object 'Object Repository/Butonlar/Butonlar'

2021-11-23 16:41:00 - [MESSAGE][INFO] - Checking timeout

2021-11-23 16:41:00 - [MESSAGE][INFO] - Finding web element with id: 'Object Repository/Butonlar/Butonlar' located by 'By.cssSelector: .panel.panel-default.text-center.footerPanel .btn,.btn.btn-primary.btnControls' in '10' second(s)

2021-11-23 16:41:00 - [MESSAGE][INFO] - Smart Wait Function is triggered

2021-11-23 16:41:00 - [MESSAGE][INFO] - Found 13 web elements with id: 'Object Repository/Butonlar/Butonlar' located by 'By.cssSelector: .panel.panel-default.text-center.footerPanel .btn,.btn.btn-primary.btnControls' in '10' second(s)

2021-11-23 16:41:00 - [MESSAGE][PASSED] - Method.TextDegerineEsitElementeTiklaEquals is PASSED

2021-11-23 16:41:00 - [MESSAGE][PASSED] - Call Test Case 'Test Cases/Butonlar/ButonaTikla' successfully

2021-11-23 16:41:00 - [MESSAGE][INFO] - Checking called Test Case

2021-11-23 16:41:00 - [MESSAGE][INFO] - Starting to call Test Case 'Test Cases/Sekmeler/YeniSekmeyeGec'

2021-11-23 16:41:01 - [TEST_CASE][PASSED] - Test Cases/Sekmeler/YeniSekmeyeGec: Test Cases/Sekmeler/YeniSekmeyeGec

2021-11-23 16:41:01 - [TEST_STEP][PASSED] - switchToWindowIndex(1): Switched to window with index: '1'

2021-11-23 16:41:01 - [MESSAGE][INFO] - Checking index

2021-11-23 16:41:01 - [MESSAGE][INFO] - Switching window with index: '1'

2021-11-23 16:41:01 - [MESSAGE][PASSED] - Switched to window with index: '1'

2021-11-23 16:41:01 - [MESSAGE][PASSED] - Call Test Case 'Test Cases/Sekmeler/YeniSekmeyeGec' successfully

2021-11-23 16:41:01 - [MESSAGE][INFO] - Checking called Test Case

2021-11-23 16:41:01 - [MESSAGE][INFO] - Starting to call Test Case 'Test Cases/Sekmeler/TagGeldiMi'

2021-11-23 16:41:01 - [TEST_CASE][PASSED] - Test Cases/Sekmeler/TagGeldiMi: Test Cases/Sekmeler/TagGeldiMi

2021-11-23 16:41:01 - [TEST_STEP][PASSED] - waitForElementPresent(findTestObject("Object Repository/Sekmeler/UBLTag"), 10): Object 'Object Repository/Sekmeler/UBLTag' is present

2021-11-23 16:41:01 - [MESSAGE][INFO] - Finding Test Object 'Object Repository/Sekmeler/UBLTag'

2021-11-23 16:41:01 - [MESSAGE][INFO] - Checking object

2021-11-23 16:41:01 - [MESSAGE][INFO] - Finding web element from Test Object's properties

2021-11-23 16:41:01 - [MESSAGE][INFO] - Checking timeout

2021-11-23 16:41:01 - [MESSAGE][INFO] - Finding web element with id: 'Object Repository/Sekmeler/UBLTag' located by 'By.cssSelector: #webkit-xml-viewer-source-xml>:first-child' in '10' second(s)

2021-11-23 16:41:01 - [MESSAGE][INFO] - Smart Wait Function is triggered

2021-11-23 16:41:01 - [MESSAGE][INFO] - Found 1 web elements with id: 'Object Repository/Sekmeler/UBLTag' located by 'By.cssSelector: #webkit-xml-viewer-source-xml>:first-child' in '10' second(s)

2021-11-23 16:41:01 - [MESSAGE][PASSED] - Object 'Object Repository/Sekmeler/UBLTag' is present

2021-11-23 16:41:01 - [TEST_STEP][PASSED] - println(toLowerCase().toString()): Found 1 web elements with id: 'Object Repository/Sekmeler/UBLTag' located by 'By.cssSelector: #webkit-xml-viewer-source-xml>:first-child' in '10' second(s)

2021-11-23 16:41:01 - [MESSAGE][INFO] - Finding Test Object 'Object Repository/Sekmeler/UBLTag'

2021-11-23 16:41:01 - [MESSAGE][INFO] - Finding web element from Test Object's properties

2021-11-23 16:41:01 - [MESSAGE][INFO] - Checking timeout

2021-11-23 16:41:01 - [MESSAGE][INFO] - Finding web element with id: 'Object Repository/Sekmeler/UBLTag' located by 'By.cssSelector: #webkit-xml-viewer-source-xml>:first-child' in '10' second(s)

2021-11-23 16:41:01 - [MESSAGE][INFO] - Smart Wait Function is triggered

2021-11-23 16:41:01 - [MESSAGE][INFO] - Found 1 web elements with id: 'Object Repository/Sekmeler/UBLTag' located by 'By.cssSelector: #webkit-xml-viewer-source-xml>:first-child' in '10' second(s)

2021-11-23 16:41:01 - [TEST_STEP][PASSED] - if (!(toString().contains(toString().toLowerCase()))): Found 1 web elements with id: 'Object Repository/Sekmeler/UBLTag' located by 'By.cssSelector: #webkit-xml-viewer-source-xml>:first-child' in '10' second(s)

2021-11-23 16:41:01 - [MESSAGE][INFO] - Finding Test Object 'Object Repository/Sekmeler/UBLTag'

2021-11-23 16:41:02 - [MESSAGE][INFO] - Finding web element from Test Object's properties

2021-11-23 16:41:02 - [MESSAGE][INFO] - Checking timeout

2021-11-23 16:41:02 - [MESSAGE][INFO] - Finding web element with id: 'Object Repository/Sekmeler/UBLTag' located by 'By.cssSelector: #webkit-xml-viewer-source-xml>:first-child' in '10' second(s)

2021-11-23 16:41:02 - [MESSAGE][INFO] - Smart Wait Function is triggered

2021-11-23 16:41:02 - [MESSAGE][INFO] - Found 1 web elements with id: 'Object Repository/Sekmeler/UBLTag' located by 'By.cssSelector: #webkit-xml-viewer-source-xml>:first-child' in '10' second(s)

2021-11-23 16:41:02 - [MESSAGE][PASSED] - Call Test Case 'Test Cases/Sekmeler/TagGeldiMi' successfully

2021-11-23 16:41:02 - [MESSAGE][INFO] - Checking called Test Case

2021-11-23 16:41:02 - [MESSAGE][INFO] - Starting to call Test Case 'Test Cases/Sekmeler/Ana_Sekmeye_Gec'

2021-11-23 16:41:02 - [TEST_CASE][PASSED] - Test Cases/Sekmeler/Ana_Sekmeye_Gec: Test Cases/Sekmeler/Ana_Sekmeye_Gec

2021-11-23 16:41:02 - [TEST_STEP][PASSED] - try: Window with index 1 is closed

2021-11-23 16:41:02 - [TEST_STEP][PASSED] - index = getWindowIndex(): Current window's index is: 1

2021-11-23 16:41:02 - [MESSAGE][INFO] - Getting current window's index

2021-11-23 16:41:02 - [MESSAGE][PASSED] - Current window's index is: 1

2021-11-23 16:41:02 - [TEST_STEP][PASSED] - closeWindowIndex(index): Window with index 1 is closed

2021-11-23 16:41:02 - [MESSAGE][INFO] - Checking index

2021-11-23 16:41:02 - [MESSAGE][INFO] - Closing window with index 1

2021-11-23 16:41:02 - [MESSAGE][PASSED] - Window with index 1 is closed

2021-11-23 16:41:02 - [TEST_STEP][PASSED] - switchToWindowIndex(0): Switched to window with index: '0'

2021-11-23 16:41:02 - [MESSAGE][INFO] - Checking index

2021-11-23 16:41:02 - [MESSAGE][INFO] - Switching window with index: '0'

2021-11-23 16:41:02 - [MESSAGE][PASSED] - Switched to window with index: '0'

2021-11-23 16:41:02 - [MESSAGE][PASSED] - Call Test Case 'Test Cases/Sekmeler/Ana_Sekmeye_Gec' successfully

2021-11-23 16:41:02 - [MESSAGE][INFO] - Checking called Test Case

2021-11-23 16:41:02 - [MESSAGE][INFO] - Starting to call Test Case 'Test Cases/Kullanici_Islemleri/KullaniciIslemlerindenSecimYapilir'

2021-11-23 16:41:02 - [TEST_CASE][PASSED] - Test Cases/Kullanici_Islemleri/KullaniciIslemlerindenSecimYapilir: Test Cases/Kullanici_Islemleri/KullaniciIslemlerindenSecimYapilir

2021-11-23 16:41:02 - [TEST_STEP][PASSED] - waitForElementClickable(findTestObject("Object Repository/Kullanici_Islemleri/KullaniciIslemleri"), 10): Object 'Object Repository/Kullanici_Islemleri/KullaniciIslemleri' is clickable

2021-11-23 16:41:02 - [MESSAGE][INFO] - Finding Test Object 'Object Repository/Kullanici_Islemleri/KullaniciIslemleri'

2021-11-23 16:41:02 - [MESSAGE][INFO] - Checking object

2021-11-23 16:41:02 - [MESSAGE][INFO] - Checking timeout

2021-11-23 16:41:02 - [MESSAGE][INFO] - Finding web element from Test Object's properties

2021-11-23 16:41:02 - [MESSAGE][INFO] - Checking timeout

2021-11-23 16:41:02 - [MESSAGE][INFO] - Finding web element with id: 'Object Repository/Kullanici_Islemleri/KullaniciIslemleri' located by 'By.cssSelector: .dropdown>a>img' in '10' second(s)

2021-11-23 16:41:02 - [MESSAGE][INFO] - Smart Wait Function is triggered

2021-11-23 16:41:02 - [MESSAGE][INFO] - Found 1 web elements with id: 'Object Repository/Kullanici_Islemleri/KullaniciIslemleri' located by 'By.cssSelector: .dropdown>a>img' in '10' second(s)

2021-11-23 16:41:02 - [MESSAGE][PASSED] - Object 'Object Repository/Kullanici_Islemleri/KullaniciIslemleri' is clickable

2021-11-23 16:41:02 - [TEST_STEP][PASSED] - click(findTestObject("Object Repository/Kullanici_Islemleri/KullaniciIslemleri")): Object: 'Object Repository/Kullanici_Islemleri/KullaniciIslemleri' is clicked on

2021-11-23 16:41:02 - [MESSAGE][INFO] - Finding Test Object 'Object Repository/Kullanici_Islemleri/KullaniciIslemleri'

2021-11-23 16:41:02 - [MESSAGE][INFO] - Checking object

2021-11-23 16:41:02 - [MESSAGE][INFO] - Finding web element from Test Object's properties

2021-11-23 16:41:02 - [MESSAGE][INFO] - Checking timeout

2021-11-23 16:41:02 - [MESSAGE][INFO] - Finding web element with id: 'Object Repository/Kullanici_Islemleri/KullaniciIslemleri' located by 'By.cssSelector: .dropdown>a>img' in '30' second(s)

2021-11-23 16:41:02 - [MESSAGE][INFO] - Smart Wait Function is triggered

2021-11-23 16:41:03 - [MESSAGE][INFO] - Found 1 web elements with id: 'Object Repository/Kullanici_Islemleri/KullaniciIslemleri' located by 'By.cssSelector: .dropdown>a>img' in '30' second(s)

2021-11-23 16:41:03 - [MESSAGE][INFO] - Clicking on object: 'Object Repository/Kullanici_Islemleri/KullaniciIslemleri'

2021-11-23 16:41:03 - [MESSAGE][PASSED] - Object: 'Object Repository/Kullanici_Islemleri/KullaniciIslemleri' is clicked on

2021-11-23 16:41:03 - [TEST_STEP][PASSED] - Method.TextDegerineEsitElementeTikla(findTestObject("Object Repository/Kullanici_Islemleri/Secenekler"), Islem): Method.TextDegerineEsitElementeTikla is PASSED

2021-11-23 16:41:03 - [MESSAGE][INFO] - Finding Test Object 'Object Repository/Kullanici_Islemleri/Secenekler'

2021-11-23 16:41:03 - [MESSAGE][INFO] - Checking timeout

2021-11-23 16:41:03 - [MESSAGE][INFO] - Finding web element with id: 'Object Repository/Kullanici_Islemleri/Secenekler' located by 'By.cssSelector: .nav.navbar-nav.navbar-right li a' in '10' second(s)

2021-11-23 16:41:03 - [MESSAGE][INFO] - Smart Wait Function is triggered

2021-11-23 16:41:03 - [MESSAGE][INFO] - Found 22 web elements with id: 'Object Repository/Kullanici_Islemleri/Secenekler' located by 'By.cssSelector: .nav.navbar-nav.navbar-right li a' in '10' second(s)

2021-11-23 16:41:04 - [MESSAGE][PASSED] - Method.TextDegerineEsitElementeTikla is PASSED

2021-11-23 16:41:04 - [TEST_STEP][PASSED] - verifyElementNotPresent(findTestObject("Object Repository/Kullanici_Islemleri/Secenekler"), 10): Web element with id: 'Object Repository/Kullanici_Islemleri/Secenekler' located by 'By.cssSelector: .nav.navbar-nav.navbar-right li a' is not present after '10' second(s)

2021-11-23 16:41:04 - [MESSAGE][INFO] - Finding Test Object 'Object Repository/Kullanici_Islemleri/Secenekler'

2021-11-23 16:41:04 - [MESSAGE][INFO] - Checking object

2021-11-23 16:41:04 - [MESSAGE][INFO] - Checking timeout

2021-11-23 16:41:04 - [MESSAGE][INFO] - Finding web element with id: 'Object Repository/Kullanici_Islemleri/Secenekler' located by 'By.cssSelector: .nav.navbar-nav.navbar-right li a' in '10' second(s)

2021-11-23 16:41:04 - [MESSAGE][INFO] - Smart Wait Function is triggered

2021-11-23 16:41:05 - [MESSAGE][PASSED] - Web element with id: 'Object Repository/Kullanici_Islemleri/Secenekler' located by 'By.cssSelector: .nav.navbar-nav.navbar-right li a' is not present after '10' second(s)

2021-11-23 16:41:05 - [MESSAGE][PASSED] - Call Test Case 'Test Cases/Kullanici_Islemleri/KullaniciIslemlerindenSecimYapilir' successfully

2021-11-23 16:41:05 - [TEST_CASE][PASSED] - Start Test Case : SCENARIO e-Mustahsil Makbuzu UBL: SCENARIO e-Mustahsil Makbuzu UBL

2021-11-23 16:41:05 - [TEST_STEP][PASSED] - Kullanıcı adı ELOGO6 ve Şifre 123456 olarak giriş yapılır: Kullanıcı adı ELOGO6 ve Şifre 123456 olarak giriş yapılır

2021-11-23 16:41:05 - [MESSAGE][PASSED] - Kullanıcı adı ELOGO6 ve Şifre 123456 olarak giriş yapılır

2021-11-23 16:41:05 - [TEST_STEP][PASSED] - Ana menüden e-Makbuz seçilir: Ana menüden e-Makbuz seçilir

2021-11-23 16:41:05 - [MESSAGE][PASSED] - Ana menüden e-Makbuz seçilir

2021-11-23 16:41:05 - [TEST_STEP][PASSED] - Alt menü e-Müstahsil Uygulaması başlığı altındaki e-Müstahsil Makbuzları seçilir: Alt menü e-Müstahsil Uygulaması başlığı altındaki e-Müstahsil Makbuzları seçilir

2021-11-23 16:41:05 - [MESSAGE][PASSED] - Alt menü e-Müstahsil Uygulaması başlığı altındaki e-Müstahsil Makbuzları seçilir

2021-11-23 16:41:05 - [TEST_STEP][PASSED] - Filtrelerden Oluşturma Tarihi filtresine 01.12.2020 baslangic degerini yaz: Filtrelerden Oluşturma Tarihi filtresine 01.12.2020 baslangic degerini yaz

2021-11-23 16:41:05 - [MESSAGE][PASSED] - Filtrelerden Oluşturma Tarihi filtresine 01.12.2020 baslangic degerini yaz

2021-11-23 16:41:05 - [TEST_STEP][PASSED] - Filtrelerden Oluşturma Tarihi filtresine 31.12.2020 bitis degerini yaz: Filtrelerden Oluşturma Tarihi filtresine 31.12.2020 bitis degerini yaz

2021-11-23 16:41:05 - [MESSAGE][PASSED] - Filtrelerden Oluşturma Tarihi filtresine 31.12.2020 bitis degerini yaz

2021-11-23 16:41:05 - [TEST_STEP][PASSED] - Filtre butonlarından Listele seçilir: Filtre butonlarından Listele seçilir

2021-11-23 16:41:05 - [MESSAGE][PASSED] - Filtre butonlarından Listele seçilir

2021-11-23 16:41:05 - [TEST_STEP][PASSED] - Tabloda veri var mı kontrol edilir: Tabloda veri var mı kontrol edilir

2021-11-23 16:41:05 - [MESSAGE][PASSED] - Tabloda veri var mı kontrol edilir

2021-11-23 16:41:05 - [TEST_STEP][PASSED] - Tablodan ELOGO5 isimli veri seçilir: Tablodan ELOGO5 isimli veri seçilir

2021-11-23 16:41:05 - [MESSAGE][PASSED] - Tablodan ELOGO5 isimli veri seçilir

2021-11-23 16:41:05 - [TEST_STEP][PASSED] - Butonlardan UBL isimli butona tıklanır: Butonlardan UBL isimli butona tıklanır

2021-11-23 16:41:05 - [MESSAGE][PASSED] - Butonlardan UBL isimli butona tıklanır

2021-11-23 16:41:05 - [TEST_STEP][PASSED] - Yeni açılan sekmeye geçilir: Yeni açılan sekmeye geçilir

2021-11-23 16:41:05 - [MESSAGE][PASSED] - Yeni açılan sekmeye geçilir

2021-11-23 16:41:05 - [TEST_STEP][PASSED] - CreditNote tagli ubl geldi mi: CreditNote tagli ubl geldi mi

2021-11-23 16:41:05 - [MESSAGE][PASSED] - CreditNote tagli ubl geldi mi

2021-11-23 16:41:05 - [TEST_STEP][PASSED] - Ana sekmeye geçilir: Ana sekmeye geçilir

2021-11-23 16:41:05 - [MESSAGE][PASSED] - Ana sekmeye geçilir

2021-11-23 16:41:05 - [TEST_STEP][PASSED] - Kullanıcı işlemlerinden Çıkış seçilir: Kullanıcı işlemlerinden Çıkış seçilir

2021-11-23 16:41:05 - [MESSAGE][PASSED] - Kullanıcı işlemlerinden Çıkış seçilir

2021-11-23 16:41:05 - [MESSAGE][PASSED] - Feature file: 'Include/features/e-Makbuz/e-Mustahsil Uygulamasi/e-Mustahsil Makbuzlari/UBL.feature' was passed

2021-11-23 16:41:05 - [TEST_STEP][PASSED] - Start listener action : sampleAfterTestSuite: Invoke 'com.kms.katalon.core.annotation.AfterTestCase' method: 'Listener.sampleAfterTestSuite(...)' completed.

2021-11-23 16:41:05 - [MESSAGE][INFO] - Starting invoke 'com.kms.katalon.core.annotation.AfterTestCase' method: 'Listener.sampleAfterTestSuite(...)'

2021-11-23 16:41:05 - [TEST_STEP][PASSED] - closeBrowser(): Invoke 'com.kms.katalon.core.annotation.AfterTestCase' method: 'Listener.sampleAfterTestSuite(...)' completed.

2021-11-23 16:41:05 - [MESSAGE][INFO] - Closing browser

2021-11-23 16:41:06 - [MESSAGE][PASSED] - Browser is closed

2021-11-23 16:41:06 - [MESSAGE][INFO] - Invoke 'com.kms.katalon.core.annotation.AfterTestCase' method: 'Listener.sampleAfterTestSuite(...)' completed.]]></system-out>
         <system-err><![CDATA[]]></system-err>
      </testcase>
      <testcase name="Test Cases/Case Repository/e-Makbuz/e-Mustahsil Uygulamasi/e-Mustahsil Makbuzu Olusturma/Ekle" time="94.85" classname="Test Cases/Case Repository/e-Makbuz/e-Mustahsil Uygulamasi/e-Mustahsil Makbuzu Olusturma/Ekle" status="PASSED">
         <system-out><![CDATA[2021-11-23 16:41:06 - [TEST_CASE][PASSED] - Test Cases/Case Repository/e-Makbuz/e-Mustahsil Uygulamasi/e-Mustahsil Makbuzu Olusturma/Ekle: Test Cases/Case Repository/e-Makbuz/e-Mustahsil Uygulamasi/e-Mustahsil Makbuzu Olusturma/Ekle

2021-11-23 16:41:06 - [TEST_STEP][PASSED] - Start listener action : sampleBeforeTestSuite: Invoke 'com.kms.katalon.core.annotation.BeforeTestCase' method: 'Listener.sampleBeforeTestSuite(...)' completed.

2021-11-23 16:41:06 - [MESSAGE][INFO] - Starting invoke 'com.kms.katalon.core.annotation.BeforeTestCase' method: 'Listener.sampleBeforeTestSuite(...)'

2021-11-23 16:41:06 - [TEST_STEP][PASSED] - openBrowser(baseUrl): Browser is opened with url: 'https://efatura-stage.elogo.com.tr/'

2021-11-23 16:41:06 - [MESSAGE][INFO] - Opening browser

2021-11-23 16:41:06 - [MESSAGE][INFO] - Starting 'Chrome' driver

2021-11-23 16:41:06 - [MESSAGE][INFO] - User set preference: ['prefs', '{download.default_directory=C:\otomasyondownfiles}']

2021-11-23 16:41:06 - [MESSAGE][INFO] - Action delay is set to 0 milliseconds

2021-11-23 16:41:07 - [MESSAGE][INFO] - Navigating browser to: 'https://efatura-stage.elogo.com.tr/'

2021-11-23 16:41:09 - [MESSAGE][PASSED] - Browser is opened with url: 'https://efatura-stage.elogo.com.tr/'

2021-11-23 16:41:09 - [TEST_STEP][PASSED] - maximizeWindow(): Invoke 'com.kms.katalon.core.annotation.BeforeTestCase' method: 'Listener.sampleBeforeTestSuite(...)' completed.

2021-11-23 16:41:09 - [MESSAGE][INFO] - Maximizing current window

2021-11-23 16:41:09 - [MESSAGE][PASSED] - Current window maximized

2021-11-23 16:41:09 - [MESSAGE][INFO] - Invoke 'com.kms.katalon.core.annotation.BeforeTestCase' method: 'Listener.sampleBeforeTestSuite(...)' completed.

2021-11-23 16:41:10 - [TEST_STEP][PASSED] - runFeatureFile("Include/features/e-Makbuz/e-Mustahsil Uygulamasi/e-Mustahsil Makbuzu Olusturma/Ekle.feature"): Feature file: 'Include/features/e-Makbuz/e-Mustahsil Uygulamasi/e-Mustahsil Makbuzu Olusturma/Ekle.feature' was passed

2021-11-23 16:41:10 - [MESSAGE][INFO] - Starting run keyword runFeatureFile: 'Include/features/e-Makbuz/e-Mustahsil Uygulamasi/e-Mustahsil Makbuzu Olusturma/Ekle.feature' and extract report to folder: 'C:\Users\DELL\Documents\GitHub\EES_KatalonLogo\Reports\20211123_163326\Suite Repository\e-Makbuz\20211123_163348/cucumber_report/1637674870131'...

2021-11-23 16:41:10 - [MESSAGE][INFO] - Glue: []

2021-11-23 16:41:12 - [MESSAGE][INFO] - Checking called Test Case

2021-11-23 16:41:12 - [MESSAGE][INFO] - Starting to call Test Case 'Test Cases/Sayfalar/Giris_Sayfasi/Login'

2021-11-23 16:41:12 - [TEST_CASE][PASSED] - Test Cases/Sayfalar/Giris_Sayfasi/Login: Test Cases/Sayfalar/Giris_Sayfasi/Login

2021-11-23 16:41:12 - [TEST_STEP][PASSED] - Sayfa_Basligi = getWindowTitle(): Current window's title is: 'LOGO e-Fatura'

2021-11-23 16:41:12 - [MESSAGE][INFO] - Getting current window's title

2021-11-23 16:41:12 - [MESSAGE][PASSED] - Current window's title is: 'LOGO e-Fatura'

2021-11-23 16:41:12 - [TEST_STEP][PASSED] - verifyMatch(Sayfa_Basligi, "LOGO e-Fatura", false): Actual text 'LOGO e-Fatura' and expected text 'LOGO e-Fatura' are matched 

2021-11-23 16:41:12 - [MESSAGE][INFO] - Matching actual text 'LOGO e-Fatura' with expected text 'LOGO e-Fatura'

2021-11-23 16:41:12 - [MESSAGE][PASSED] - Actual text 'LOGO e-Fatura' and expected text 'LOGO e-Fatura' are matched 

2021-11-23 16:41:12 - [TEST_STEP][PASSED] - sendKeys(findTestObject("Sayfalar/Giris_Sayfasi/Firma_Kodu"), KullaniciAdi): Keys 'ELOGO6' sent to object: 'Object Repository/Sayfalar/Giris_Sayfasi/Firma_Kodu'

2021-11-23 16:41:12 - [MESSAGE][INFO] - Finding Test Object 'Object Repository/Sayfalar/Giris_Sayfasi/Firma_Kodu'

2021-11-23 16:41:12 - [MESSAGE][INFO] - Sending keys 'ELOGO6' to object: 'Object Repository/Sayfalar/Giris_Sayfasi/Firma_Kodu'

2021-11-23 16:41:12 - [MESSAGE][INFO] - Finding web element from Test Object's properties

2021-11-23 16:41:12 - [MESSAGE][INFO] - Checking timeout

2021-11-23 16:41:12 - [MESSAGE][INFO] - Finding web element with id: 'Object Repository/Sayfalar/Giris_Sayfasi/Firma_Kodu' located by 'By.xpath: //*[@id = 'AccountName']' in '30' second(s)

2021-11-23 16:41:12 - [MESSAGE][INFO] - Smart Wait Function is triggered

2021-11-23 16:41:12 - [MESSAGE][INFO] - Found 1 web elements with id: 'Object Repository/Sayfalar/Giris_Sayfasi/Firma_Kodu' located by 'By.xpath: //*[@id = 'AccountName']' in '30' second(s)

2021-11-23 16:41:12 - [MESSAGE][PASSED] - Keys 'ELOGO6' sent to object: 'Object Repository/Sayfalar/Giris_Sayfasi/Firma_Kodu'

2021-11-23 16:41:12 - [TEST_STEP][PASSED] - sendKeys(findTestObject("Sayfalar/Giris_Sayfasi/Sifre"), Sifre): Keys '123456' sent to object: 'Object Repository/Sayfalar/Giris_Sayfasi/Sifre'

2021-11-23 16:41:12 - [MESSAGE][INFO] - Finding Test Object 'Object Repository/Sayfalar/Giris_Sayfasi/Sifre'

2021-11-23 16:41:12 - [MESSAGE][INFO] - Sending keys '123456' to object: 'Object Repository/Sayfalar/Giris_Sayfasi/Sifre'

2021-11-23 16:41:12 - [MESSAGE][INFO] - Finding web element from Test Object's properties

2021-11-23 16:41:12 - [MESSAGE][INFO] - Checking timeout

2021-11-23 16:41:12 - [MESSAGE][INFO] - Finding web element with id: 'Object Repository/Sayfalar/Giris_Sayfasi/Sifre' located by 'By.xpath: //*[@id = 'Password']' in '30' second(s)

2021-11-23 16:41:12 - [MESSAGE][INFO] - Smart Wait Function is triggered

2021-11-23 16:41:13 - [MESSAGE][INFO] - Found 1 web elements with id: 'Object Repository/Sayfalar/Giris_Sayfasi/Sifre' located by 'By.xpath: //*[@id = 'Password']' in '30' second(s)

2021-11-23 16:41:13 - [MESSAGE][PASSED] - Keys '123456' sent to object: 'Object Repository/Sayfalar/Giris_Sayfasi/Sifre'

2021-11-23 16:41:13 - [TEST_STEP][PASSED] - findWebElement(findTestObject("Sayfalar/Giris_Sayfasi/Giris_Butonu")).click(): Found 1 web elements with id: 'Object Repository/Sayfalar/Giris_Sayfasi/Giris_Butonu' located by 'By.cssSelector: #btnLogin' in '30' second(s)

2021-11-23 16:41:13 - [MESSAGE][INFO] - Finding Test Object 'Object Repository/Sayfalar/Giris_Sayfasi/Giris_Butonu'

2021-11-23 16:41:13 - [MESSAGE][INFO] - Finding web element from Test Object's properties

2021-11-23 16:41:13 - [MESSAGE][INFO] - Checking timeout

2021-11-23 16:41:13 - [MESSAGE][INFO] - Finding web element with id: 'Object Repository/Sayfalar/Giris_Sayfasi/Giris_Butonu' located by 'By.cssSelector: #btnLogin' in '30' second(s)

2021-11-23 16:41:13 - [MESSAGE][INFO] - Smart Wait Function is triggered

2021-11-23 16:41:13 - [MESSAGE][INFO] - Found 1 web elements with id: 'Object Repository/Sayfalar/Giris_Sayfasi/Giris_Butonu' located by 'By.cssSelector: #btnLogin' in '30' second(s)

2021-11-23 16:41:16 - [TEST_STEP][PASSED] - if (verifyElementPresent(findTestObject("Object Repository/Sayfalar/Giris_Sayfasi/RetveTamam_Butonu"), 5, OPTIONAL)): null

2021-11-23 16:41:16 - [MESSAGE][INFO] - Finding Test Object 'Object Repository/Sayfalar/Giris_Sayfasi/RetveTamam_Butonu'

2021-11-23 16:41:16 - [MESSAGE][INFO] - Checking object

2021-11-23 16:41:16 - [MESSAGE][INFO] - Finding web element from Test Object's properties

2021-11-23 16:41:16 - [MESSAGE][INFO] - Checking timeout

2021-11-23 16:41:16 - [MESSAGE][INFO] - Finding web element with id: 'Object Repository/Sayfalar/Giris_Sayfasi/RetveTamam_Butonu' located by 'By.xpath: //*[@class = 'btn btn-default']' in '5' second(s)

2021-11-23 16:41:16 - [MESSAGE][INFO] - Smart Wait Function is triggered

2021-11-23 16:41:16 - [MESSAGE][INFO] - Found 1 web elements with id: 'Object Repository/Sayfalar/Giris_Sayfasi/RetveTamam_Butonu' located by 'By.xpath: //*[@class = 'btn btn-default']' in '5' second(s)

2021-11-23 16:41:16 - [MESSAGE][PASSED] - Object 'Object Repository/Sayfalar/Giris_Sayfasi/RetveTamam_Butonu' is present

2021-11-23 16:41:16 - [TEST_STEP][PASSED] - click(findTestObject("Object Repository/Sayfalar/Giris_Sayfasi/RetveTamam_Butonu")): Object: 'Object Repository/Sayfalar/Giris_Sayfasi/RetveTamam_Butonu' is clicked on

2021-11-23 16:41:16 - [MESSAGE][INFO] - Finding Test Object 'Object Repository/Sayfalar/Giris_Sayfasi/RetveTamam_Butonu'

2021-11-23 16:41:16 - [MESSAGE][INFO] - Checking object

2021-11-23 16:41:16 - [MESSAGE][INFO] - Finding web element from Test Object's properties

2021-11-23 16:41:16 - [MESSAGE][INFO] - Checking timeout

2021-11-23 16:41:16 - [MESSAGE][INFO] - Finding web element with id: 'Object Repository/Sayfalar/Giris_Sayfasi/RetveTamam_Butonu' located by 'By.xpath: //*[@class = 'btn btn-default']' in '30' second(s)

2021-11-23 16:41:16 - [MESSAGE][INFO] - Smart Wait Function is triggered

2021-11-23 16:41:16 - [MESSAGE][INFO] - Found 1 web elements with id: 'Object Repository/Sayfalar/Giris_Sayfasi/RetveTamam_Butonu' located by 'By.xpath: //*[@class = 'btn btn-default']' in '30' second(s)

2021-11-23 16:41:16 - [MESSAGE][INFO] - Clicking on object: 'Object Repository/Sayfalar/Giris_Sayfasi/RetveTamam_Butonu'

2021-11-23 16:41:16 - [MESSAGE][PASSED] - Object: 'Object Repository/Sayfalar/Giris_Sayfasi/RetveTamam_Butonu' is clicked on

2021-11-23 16:41:16 - [TEST_STEP][PASSED] - click(findTestObject("Object Repository/Sayfalar/Giris_Sayfasi/RetveTamam_Butonu")): Object: 'Object Repository/Sayfalar/Giris_Sayfasi/RetveTamam_Butonu' is clicked on

2021-11-23 16:41:16 - [MESSAGE][INFO] - Finding Test Object 'Object Repository/Sayfalar/Giris_Sayfasi/RetveTamam_Butonu'

2021-11-23 16:41:17 - [MESSAGE][INFO] - Checking object

2021-11-23 16:41:17 - [MESSAGE][INFO] - Finding web element from Test Object's properties

2021-11-23 16:41:17 - [MESSAGE][INFO] - Checking timeout

2021-11-23 16:41:17 - [MESSAGE][INFO] - Finding web element with id: 'Object Repository/Sayfalar/Giris_Sayfasi/RetveTamam_Butonu' located by 'By.xpath: //*[@class = 'btn btn-default']' in '30' second(s)

2021-11-23 16:41:17 - [MESSAGE][INFO] - Smart Wait Function is triggered

2021-11-23 16:41:19 - [MESSAGE][INFO] - Found 1 web elements with id: 'Object Repository/Sayfalar/Giris_Sayfasi/RetveTamam_Butonu' located by 'By.xpath: //*[@class = 'btn btn-default']' in '30' second(s)

2021-11-23 16:41:19 - [MESSAGE][INFO] - Clicking on object: 'Object Repository/Sayfalar/Giris_Sayfasi/RetveTamam_Butonu'

2021-11-23 16:41:20 - [MESSAGE][PASSED] - Object: 'Object Repository/Sayfalar/Giris_Sayfasi/RetveTamam_Butonu' is clicked on

2021-11-23 16:41:20 - [TEST_STEP][PASSED] - if (verifyElementPresent(findTestObject("Sayfalar/Giris_Sayfasi/PopupOK"), 5, OPTIONAL)): null

2021-11-23 16:41:20 - [MESSAGE][INFO] - Finding Test Object 'Object Repository/Sayfalar/Giris_Sayfasi/PopupOK'

2021-11-23 16:41:20 - [MESSAGE][INFO] - Checking object

2021-11-23 16:41:20 - [MESSAGE][INFO] - Finding web element from Test Object's properties

2021-11-23 16:41:20 - [MESSAGE][INFO] - Checking timeout

2021-11-23 16:41:20 - [MESSAGE][INFO] - Finding web element with id: 'Object Repository/Sayfalar/Giris_Sayfasi/PopupOK' located by 'By.cssSelector: .btn.btn-success' in '5' second(s)

2021-11-23 16:41:20 - [MESSAGE][INFO] - Smart Wait Function is triggered

2021-11-23 16:41:20 - [MESSAGE][INFO] - Found 1 web elements with id: 'Object Repository/Sayfalar/Giris_Sayfasi/PopupOK' located by 'By.cssSelector: .btn.btn-success' in '5' second(s)

2021-11-23 16:41:20 - [MESSAGE][PASSED] - Object 'Object Repository/Sayfalar/Giris_Sayfasi/PopupOK' is present

2021-11-23 16:41:20 - [TEST_STEP][PASSED] - click(findTestObject("Object Repository/Sayfalar/Giris_Sayfasi/PopupCarpiGiris")): Object: 'Object Repository/Sayfalar/Giris_Sayfasi/PopupCarpiGiris' is clicked on

2021-11-23 16:41:20 - [MESSAGE][INFO] - Finding Test Object 'Object Repository/Sayfalar/Giris_Sayfasi/PopupCarpiGiris'

2021-11-23 16:41:20 - [MESSAGE][INFO] - Checking object

2021-11-23 16:41:20 - [MESSAGE][INFO] - Finding web element from Test Object's properties

2021-11-23 16:41:20 - [MESSAGE][INFO] - Checking timeout

2021-11-23 16:41:20 - [MESSAGE][INFO] - Finding web element with id: 'Object Repository/Sayfalar/Giris_Sayfasi/PopupCarpiGiris' located by 'By.cssSelector: .bootbox-close-button.close' in '30' second(s)

2021-11-23 16:41:20 - [MESSAGE][INFO] - Smart Wait Function is triggered

2021-11-23 16:41:21 - [MESSAGE][INFO] - Found 1 web elements with id: 'Object Repository/Sayfalar/Giris_Sayfasi/PopupCarpiGiris' located by 'By.cssSelector: .bootbox-close-button.close' in '30' second(s)

2021-11-23 16:41:21 - [MESSAGE][INFO] - Clicking on object: 'Object Repository/Sayfalar/Giris_Sayfasi/PopupCarpiGiris'

2021-11-23 16:41:21 - [MESSAGE][PASSED] - Object: 'Object Repository/Sayfalar/Giris_Sayfasi/PopupCarpiGiris' is clicked on

2021-11-23 16:41:21 - [TEST_STEP][PASSED] - verifyElementVisible(findTestObject("Object Repository/Kullanici_Islemleri/KullaniciIslemleri")): Object 'Object Repository/Kullanici_Islemleri/KullaniciIslemleri' is visible

2021-11-23 16:41:21 - [MESSAGE][INFO] - Finding Test Object 'Object Repository/Kullanici_Islemleri/KullaniciIslemleri'

2021-11-23 16:41:21 - [MESSAGE][INFO] - Checking object

2021-11-23 16:41:21 - [MESSAGE][INFO] - Finding web element from Test Object's properties

2021-11-23 16:41:21 - [MESSAGE][INFO] - Checking timeout

2021-11-23 16:41:21 - [MESSAGE][INFO] - Finding web element with id: 'Object Repository/Kullanici_Islemleri/KullaniciIslemleri' located by 'By.cssSelector: .dropdown>a>img' in '30' second(s)

2021-11-23 16:41:21 - [MESSAGE][INFO] - Smart Wait Function is triggered

2021-11-23 16:41:22 - [MESSAGE][INFO] - Found 1 web elements with id: 'Object Repository/Kullanici_Islemleri/KullaniciIslemleri' located by 'By.cssSelector: .dropdown>a>img' in '30' second(s)

2021-11-23 16:41:22 - [MESSAGE][PASSED] - Object 'Object Repository/Kullanici_Islemleri/KullaniciIslemleri' is visible

2021-11-23 16:41:22 - [MESSAGE][PASSED] - Call Test Case 'Test Cases/Sayfalar/Giris_Sayfasi/Login' successfully

2021-11-23 16:41:22 - [MESSAGE][INFO] - Checking called Test Case

2021-11-23 16:41:22 - [MESSAGE][INFO] - Starting to call Test Case 'Test Cases/Menu/AnaMenuSecimi'

2021-11-23 16:41:22 - [TEST_CASE][PASSED] - Test Cases/Menu/AnaMenuSecimi: Test Cases/Menu/AnaMenuSecimi

2021-11-23 16:41:22 - [TEST_STEP][PASSED] - Method.TextDegerineEsitElementeTikla(findTestObject("Menu/Ana_Menu"), Ana_Menu): Method.TextDegerineEsitElementeTikla is PASSED

2021-11-23 16:41:22 - [MESSAGE][INFO] - Finding Test Object 'Object Repository/Menu/Ana_Menu'

2021-11-23 16:41:22 - [MESSAGE][INFO] - Checking timeout

2021-11-23 16:41:22 - [MESSAGE][INFO] - Finding web element with id: 'Object Repository/Menu/Ana_Menu' located by 'By.xpath: //*[@class = 'dropdown-toggle']' in '10' second(s)

2021-11-23 16:41:22 - [MESSAGE][INFO] - Smart Wait Function is triggered

2021-11-23 16:41:22 - [MESSAGE][INFO] - Found 14 web elements with id: 'Object Repository/Menu/Ana_Menu' located by 'By.xpath: //*[@class = 'dropdown-toggle']' in '10' second(s)

2021-11-23 16:41:22 - [MESSAGE][PASSED] - Method.TextDegerineEsitElementeTikla is PASSED

2021-11-23 16:41:22 - [MESSAGE][PASSED] - Call Test Case 'Test Cases/Menu/AnaMenuSecimi' successfully

2021-11-23 16:41:22 - [MESSAGE][INFO] - Checking called Test Case

2021-11-23 16:41:22 - [MESSAGE][INFO] - Starting to call Test Case 'Test Cases/Menu/BasligaGoreAltMenuSecimi'

2021-11-23 16:41:22 - [TEST_CASE][PASSED] - Test Cases/Menu/BasligaGoreAltMenuSecimi: Test Cases/Menu/BasligaGoreAltMenuSecimi

2021-11-23 16:41:22 - [TEST_STEP][PASSED] - Method.TextDegerineEsitElementinAltindakiTextDegerineEsitOlanaTikla(findTestObject("Menu/Menu_Basligi"), findTestObject("Menu/Basliga_Gore_Alt_Menu"), Baslik, Alt_Menu): Method.TextDegerineEsitElementinAltindakiTextDegerineEsitOlanaTikla is PASSED

2021-11-23 16:41:22 - [MESSAGE][INFO] - Finding Test Object 'Object Repository/Menu/Menu_Basligi'

2021-11-23 16:41:22 - [MESSAGE][INFO] - Finding Test Object 'Object Repository/Menu/Basliga_Gore_Alt_Menu'

2021-11-23 16:41:23 - [MESSAGE][INFO] - Checking timeout

2021-11-23 16:41:23 - [MESSAGE][INFO] - Finding web element with id: 'Object Repository/Menu/Menu_Basligi' located by 'By.xpath: //li[@class='dropdown dropdown-large open']//li[@class='dropdown-header']' in '10' second(s)

2021-11-23 16:41:23 - [MESSAGE][INFO] - Smart Wait Function is triggered

2021-11-23 16:41:23 - [MESSAGE][INFO] - Found 2 web elements with id: 'Object Repository/Menu/Menu_Basligi' located by 'By.xpath: //li[@class='dropdown dropdown-large open']//li[@class='dropdown-header']' in '10' second(s)

2021-11-23 16:41:23 - [MESSAGE][INFO] - Smart Wait Function is triggered

2021-11-23 16:41:25 - [MESSAGE][PASSED] - Method.TextDegerineEsitElementinAltindakiTextDegerineEsitOlanaTikla is PASSED

2021-11-23 16:41:25 - [MESSAGE][PASSED] - Call Test Case 'Test Cases/Menu/BasligaGoreAltMenuSecimi' successfully

2021-11-23 16:41:25 - [MESSAGE][INFO] - Checking called Test Case

2021-11-23 16:41:25 - [MESSAGE][INFO] - Starting to call Test Case 'Test Cases/Tablo/Olusturma Tarihi'

2021-11-23 16:41:25 - [TEST_CASE][PASSED] - Test Cases/Tablo/Olusturma Tarihi: Test Cases/Tablo/Olusturma Tarihi

2021-11-23 16:41:25 - [TEST_STEP][PASSED] - if (verifyTextNotPresent("Görüntülenecek veri yok", true, OPTIONAL)): null

2021-11-23 16:41:25 - [MESSAGE][INFO] - Checking text present  using regular expression

2021-11-23 16:41:25 - [MESSAGE][INFO] - Smart Wait Function is triggered

2021-11-23 16:41:26 - [MESSAGE][INFO] - Finding text 'Görüntülenecek veri yok' on page  using regular expression

2021-11-23 16:41:26 - [MESSAGE][PASSED] - Text 'Görüntülenecek veri yok' is not present on page using regular expression

2021-11-23 16:41:26 - [TEST_STEP][PASSED] - click(findTestObject("Temizle/Olusturma_Tarihi_CheckBox")): Object: 'Object Repository/Temizle/Olusturma_Tarihi_CheckBox' is clicked on

2021-11-23 16:41:26 - [MESSAGE][INFO] - Finding Test Object 'Object Repository/Temizle/Olusturma_Tarihi_CheckBox'

2021-11-23 16:41:26 - [MESSAGE][INFO] - Checking object

2021-11-23 16:41:26 - [MESSAGE][INFO] - Finding web element from Test Object's properties

2021-11-23 16:41:26 - [MESSAGE][INFO] - Checking timeout

2021-11-23 16:41:26 - [MESSAGE][INFO] - Finding web element with id: 'Object Repository/Temizle/Olusturma_Tarihi_CheckBox' located by 'By.xpath: //*[@title = 'Bu sayfadaki tüm satırları Seç']' in '30' second(s)

2021-11-23 16:41:26 - [MESSAGE][INFO] - Smart Wait Function is triggered

2021-11-23 16:41:26 - [MESSAGE][INFO] - Found 1 web elements with id: 'Object Repository/Temizle/Olusturma_Tarihi_CheckBox' located by 'By.xpath: //*[@title = 'Bu sayfadaki tüm satırları Seç']' in '30' second(s)

2021-11-23 16:41:26 - [MESSAGE][INFO] - Clicking on object: 'Object Repository/Temizle/Olusturma_Tarihi_CheckBox'

2021-11-23 16:41:26 - [MESSAGE][PASSED] - Object: 'Object Repository/Temizle/Olusturma_Tarihi_CheckBox' is clicked on

2021-11-23 16:41:26 - [TEST_STEP][PASSED] - Method.TextDegerineEsitElementeTiklaEquals(findTestObject("Butonlar/Butonlar"), "Sil"): Method.TextDegerineEsitElementeTiklaEquals is PASSED

2021-11-23 16:41:26 - [MESSAGE][INFO] - Finding Test Object 'Object Repository/Butonlar/Butonlar'

2021-11-23 16:41:26 - [MESSAGE][INFO] - Checking timeout

2021-11-23 16:41:26 - [MESSAGE][INFO] - Finding web element with id: 'Object Repository/Butonlar/Butonlar' located by 'By.cssSelector: .panel.panel-default.text-center.footerPanel .btn,.btn.btn-primary.btnControls' in '10' second(s)

2021-11-23 16:41:26 - [MESSAGE][INFO] - Smart Wait Function is triggered

2021-11-23 16:41:27 - [MESSAGE][INFO] - Found 7 web elements with id: 'Object Repository/Butonlar/Butonlar' located by 'By.cssSelector: .panel.panel-default.text-center.footerPanel .btn,.btn.btn-primary.btnControls' in '10' second(s)

2021-11-23 16:41:27 - [MESSAGE][PASSED] - Method.TextDegerineEsitElementeTiklaEquals is PASSED

2021-11-23 16:41:27 - [TEST_STEP][PASSED] - Method.TextDegerineEsitElementeTikla(findTestObject("Popup/Popup_Butons"), "Evet"): Method.TextDegerineEsitElementeTikla is PASSED

2021-11-23 16:41:27 - [MESSAGE][INFO] - Finding Test Object 'Object Repository/Popup/Popup_Butons'

2021-11-23 16:41:27 - [MESSAGE][INFO] - Checking timeout

2021-11-23 16:41:27 - [MESSAGE][INFO] - Finding web element with id: 'Object Repository/Popup/Popup_Butons' located by 'By.cssSelector: .modal-footer>button' in '10' second(s)

2021-11-23 16:41:27 - [MESSAGE][INFO] - Smart Wait Function is triggered

2021-11-23 16:41:28 - [MESSAGE][INFO] - Found 2 web elements with id: 'Object Repository/Popup/Popup_Butons' located by 'By.cssSelector: .modal-footer>button' in '10' second(s)

2021-11-23 16:41:28 - [MESSAGE][PASSED] - Method.TextDegerineEsitElementeTikla is PASSED

2021-11-23 16:41:28 - [TEST_STEP][PASSED] - Method.TextDegerineEsitElementeTikla(findTestObject("Popup/Popup_Butons"), "Tamam"): Method.TextDegerineEsitElementeTikla is PASSED

2021-11-23 16:41:28 - [MESSAGE][INFO] - Finding Test Object 'Object Repository/Popup/Popup_Butons'

2021-11-23 16:41:28 - [MESSAGE][INFO] - Checking timeout

2021-11-23 16:41:28 - [MESSAGE][INFO] - Finding web element with id: 'Object Repository/Popup/Popup_Butons' located by 'By.cssSelector: .modal-footer>button' in '10' second(s)

2021-11-23 16:41:28 - [MESSAGE][INFO] - Smart Wait Function is triggered

2021-11-23 16:41:29 - [MESSAGE][INFO] - Found 1 web elements with id: 'Object Repository/Popup/Popup_Butons' located by 'By.cssSelector: .modal-footer>button' in '10' second(s)

2021-11-23 16:41:29 - [MESSAGE][PASSED] - Method.TextDegerineEsitElementeTikla is PASSED

2021-11-23 16:41:29 - [MESSAGE][PASSED] - Call Test Case 'Test Cases/Tablo/Olusturma Tarihi' successfully

2021-11-23 16:41:29 - [MESSAGE][INFO] - Checking called Test Case

2021-11-23 16:41:29 - [MESSAGE][INFO] - Starting to call Test Case 'Test Cases/Butonlar/ButonaTikla'

2021-11-23 16:41:29 - [TEST_CASE][PASSED] - Test Cases/Butonlar/ButonaTikla: Test Cases/Butonlar/ButonaTikla

2021-11-23 16:41:29 - [TEST_STEP][PASSED] - Method.TextDegerineEsitElementeTiklaEquals(findTestObject("Butonlar/Butonlar"), Buton_Adi): Method.TextDegerineEsitElementeTiklaEquals is PASSED

2021-11-23 16:41:29 - [MESSAGE][INFO] - Finding Test Object 'Object Repository/Butonlar/Butonlar'

2021-11-23 16:41:29 - [MESSAGE][INFO] - Checking timeout

2021-11-23 16:41:29 - [MESSAGE][INFO] - Finding web element with id: 'Object Repository/Butonlar/Butonlar' located by 'By.cssSelector: .panel.panel-default.text-center.footerPanel .btn,.btn.btn-primary.btnControls' in '10' second(s)

2021-11-23 16:41:29 - [MESSAGE][INFO] - Smart Wait Function is triggered

2021-11-23 16:41:29 - [MESSAGE][INFO] - Found 7 web elements with id: 'Object Repository/Butonlar/Butonlar' located by 'By.cssSelector: .panel.panel-default.text-center.footerPanel .btn,.btn.btn-primary.btnControls' in '10' second(s)

2021-11-23 16:41:30 - [MESSAGE][PASSED] - Method.TextDegerineEsitElementeTiklaEquals is PASSED

2021-11-23 16:41:30 - [MESSAGE][PASSED] - Call Test Case 'Test Cases/Butonlar/ButonaTikla' successfully

2021-11-23 16:41:30 - [MESSAGE][INFO] - Checking called Test Case

2021-11-23 16:41:30 - [MESSAGE][INFO] - Starting to call Test Case 'Test Cases/Olusturma/Genel/GorselTasarimSayfasıBasligiIceriyorMu'

2021-11-23 16:41:30 - [TEST_CASE][PASSED] - Test Cases/Olusturma/Genel/GorselTasarimSayfasıBasligiIceriyorMu: Test Cases/Olusturma/Genel/GorselTasarimSayfasıBasligiIceriyorMu

2021-11-23 16:41:30 - [TEST_STEP][PASSED] - verifyElementText(findTestObject("Object Repository/Olusturma/Genel/GorselTasarimBaslik"), Baslik): Actual text and expected text of test object 'Object Repository/Olusturma/Genel/GorselTasarimBaslik' are matched.

2021-11-23 16:41:30 - [MESSAGE][INFO] - Finding Test Object 'Object Repository/Olusturma/Genel/GorselTasarimBaslik'

2021-11-23 16:41:30 - [MESSAGE][INFO] - Checking object

2021-11-23 16:41:30 - [MESSAGE][INFO] - Finding web element from Test Object's properties

2021-11-23 16:41:30 - [MESSAGE][INFO] - Checking timeout

2021-11-23 16:41:30 - [MESSAGE][INFO] - Finding web element with id: 'Object Repository/Olusturma/Genel/GorselTasarimBaslik' located by 'By.cssSelector: #flAlici_0>div>span' in '30' second(s)

2021-11-23 16:41:30 - [MESSAGE][INFO] - Smart Wait Function is triggered

2021-11-23 16:41:32 - [MESSAGE][INFO] - Found 1 web elements with id: 'Object Repository/Olusturma/Genel/GorselTasarimBaslik' located by 'By.cssSelector: #flAlici_0>div>span' in '30' second(s)

2021-11-23 16:41:32 - [MESSAGE][PASSED] - Actual text and expected text of test object 'Object Repository/Olusturma/Genel/GorselTasarimBaslik' are matched.

2021-11-23 16:41:32 - [MESSAGE][PASSED] - Call Test Case 'Test Cases/Olusturma/Genel/GorselTasarimSayfasıBasligiIceriyorMu' successfully

2021-11-23 16:41:32 - [MESSAGE][INFO] - Checking called Test Case

2021-11-23 16:41:32 - [MESSAGE][INFO] - Starting to call Test Case 'Test Cases/Olusturma/Genel/AliciSecilir'

2021-11-23 16:41:32 - [TEST_CASE][PASSED] - Test Cases/Olusturma/Genel/AliciSecilir: Test Cases/Olusturma/Genel/AliciSecilir

2021-11-23 16:41:32 - [TEST_STEP][PASSED] - click(findTestObject("Olusturma/Genel/AliciBilgisi/Alici_Ara")): Object: 'Object Repository/Olusturma/Genel/AliciBilgisi/Alici_Ara' is clicked on

2021-11-23 16:41:32 - [MESSAGE][INFO] - Finding Test Object 'Object Repository/Olusturma/Genel/AliciBilgisi/Alici_Ara'

2021-11-23 16:41:32 - [MESSAGE][INFO] - Checking object

2021-11-23 16:41:32 - [MESSAGE][INFO] - Finding web element from Test Object's properties

2021-11-23 16:41:32 - [MESSAGE][INFO] - Checking timeout

2021-11-23 16:41:32 - [MESSAGE][INFO] - Finding web element with id: 'Object Repository/Olusturma/Genel/AliciBilgisi/Alici_Ara' located by 'By.xpath: //td[@id='txtCustomerText_B-1']' in '30' second(s)

2021-11-23 16:41:32 - [MESSAGE][INFO] - Smart Wait Function is triggered

2021-11-23 16:41:33 - [MESSAGE][INFO] - Found 1 web elements with id: 'Object Repository/Olusturma/Genel/AliciBilgisi/Alici_Ara' located by 'By.xpath: //td[@id='txtCustomerText_B-1']' in '30' second(s)

2021-11-23 16:41:33 - [MESSAGE][INFO] - Clicking on object: 'Object Repository/Olusturma/Genel/AliciBilgisi/Alici_Ara'

2021-11-23 16:41:33 - [MESSAGE][PASSED] - Object: 'Object Repository/Olusturma/Genel/AliciBilgisi/Alici_Ara' is clicked on

2021-11-23 16:41:33 - [TEST_STEP][PASSED] - click(findTestObject("Olusturma/Genel/AliciBilgisi/Alici_Bilgisi")): Object: 'Object Repository/Olusturma/Genel/AliciBilgisi/Alici_Bilgisi' is clicked on

2021-11-23 16:41:33 - [MESSAGE][INFO] - Finding Test Object 'Object Repository/Olusturma/Genel/AliciBilgisi/Alici_Bilgisi'

2021-11-23 16:41:33 - [MESSAGE][INFO] - Checking object

2021-11-23 16:41:33 - [MESSAGE][INFO] - Finding web element from Test Object's properties

2021-11-23 16:41:33 - [MESSAGE][INFO] - Checking timeout

2021-11-23 16:41:33 - [MESSAGE][INFO] - Finding web element with id: 'Object Repository/Olusturma/Genel/AliciBilgisi/Alici_Bilgisi' located by 'By.xpath: //iframe[@id='customerselectiframe']' in '30' second(s)

2021-11-23 16:41:33 - [MESSAGE][INFO] - Smart Wait Function is triggered

2021-11-23 16:41:33 - [MESSAGE][INFO] - Found 1 web elements with id: 'Object Repository/Olusturma/Genel/AliciBilgisi/Alici_Bilgisi' located by 'By.xpath: //iframe[@id='customerselectiframe']' in '30' second(s)

2021-11-23 16:41:33 - [MESSAGE][INFO] - Clicking on object: 'Object Repository/Olusturma/Genel/AliciBilgisi/Alici_Bilgisi'

2021-11-23 16:41:33 - [MESSAGE][PASSED] - Object: 'Object Repository/Olusturma/Genel/AliciBilgisi/Alici_Bilgisi' is clicked on

2021-11-23 16:41:33 - [TEST_STEP][PASSED] - setText(findTestObject("Olusturma/Genel/AliciBilgisi/Alici_Gir"), Alici_Adi): Switching to default content

2021-11-23 16:41:33 - [MESSAGE][INFO] - Finding Test Object 'Object Repository/Olusturma/Genel/AliciBilgisi/Alici_Gir'

2021-11-23 16:41:33 - [MESSAGE][INFO] - Finding Test Object 'Object Repository/Olusturma/Genel/AliciBilgisi/Alici_Bilgisi'

2021-11-23 16:41:33 - [MESSAGE][INFO] - Checking object

2021-11-23 16:41:33 - [MESSAGE][INFO] - Checking text

2021-11-23 16:41:33 - [MESSAGE][INFO] - Object: 'Object Repository/Olusturma/Genel/AliciBilgisi/Alici_Gir' has parent object(s)

2021-11-23 16:41:33 - [MESSAGE][INFO] - Switching to iframe: 'Object Repository/Olusturma/Genel/AliciBilgisi/Alici_Bilgisi'

2021-11-23 16:41:33 - [MESSAGE][INFO] - Finding web element from Test Object's properties

2021-11-23 16:41:33 - [MESSAGE][INFO] - Checking timeout

2021-11-23 16:41:33 - [MESSAGE][INFO] - Finding web element with id: 'Object Repository/Olusturma/Genel/AliciBilgisi/Alici_Bilgisi' located by 'By.xpath: //iframe[@id='customerselectiframe']' in '30' second(s)

2021-11-23 16:41:33 - [MESSAGE][INFO] - Smart Wait Function is triggered

2021-11-23 16:41:34 - [MESSAGE][INFO] - Found 1 web elements with id: 'Object Repository/Olusturma/Genel/AliciBilgisi/Alici_Bilgisi' located by 'By.xpath: //iframe[@id='customerselectiframe']' in '30' second(s)

2021-11-23 16:41:34 - [MESSAGE][INFO] - Switched to iframe: 'Object Repository/Olusturma/Genel/AliciBilgisi/Alici_Bilgisi'

2021-11-23 16:41:34 - [MESSAGE][INFO] - Finding web element from Test Object's properties

2021-11-23 16:41:34 - [MESSAGE][INFO] - Checking timeout

2021-11-23 16:41:34 - [MESSAGE][INFO] - Finding web element with id: 'Object Repository/Olusturma/Genel/AliciBilgisi/Alici_Gir' located by 'By.xpath: //input[@id='GridViewCustomer_DXFREditorcol1_I']' in '30' second(s)

2021-11-23 16:41:34 - [MESSAGE][INFO] - Smart Wait Function is triggered

2021-11-23 16:41:34 - [MESSAGE][INFO] - Found 1 web elements with id: 'Object Repository/Olusturma/Genel/AliciBilgisi/Alici_Gir' located by 'By.xpath: //input[@id='GridViewCustomer_DXFREditorcol1_I']' in '30' second(s)

2021-11-23 16:41:34 - [MESSAGE][INFO] - Clearing text of object 'Object Repository/Olusturma/Genel/AliciBilgisi/Alici_Gir'

2021-11-23 16:41:34 - [MESSAGE][INFO] - Finding web element from Test Object's properties

2021-11-23 16:41:34 - [MESSAGE][INFO] - Checking timeout

2021-11-23 16:41:34 - [MESSAGE][INFO] - Finding web element with id: 'Object Repository/Olusturma/Genel/AliciBilgisi/Alici_Gir' located by 'By.xpath: //input[@id='GridViewCustomer_DXFREditorcol1_I']' in '30' second(s)

2021-11-23 16:41:34 - [MESSAGE][INFO] - Smart Wait Function is triggered

2021-11-23 16:41:34 - [MESSAGE][INFO] - Found 1 web elements with id: 'Object Repository/Olusturma/Genel/AliciBilgisi/Alici_Gir' located by 'By.xpath: //input[@id='GridViewCustomer_DXFREditorcol1_I']' in '30' second(s)

2021-11-23 16:41:34 - [MESSAGE][INFO] - Setting text of object 'Object Repository/Olusturma/Genel/AliciBilgisi/Alici_Gir' to value 'UC0045'

2021-11-23 16:41:34 - [MESSAGE][PASSED] - Text 'UC0045' is set on object 'Object Repository/Olusturma/Genel/AliciBilgisi/Alici_Gir'

2021-11-23 16:41:34 - [MESSAGE][INFO] - Switching to default content

2021-11-23 16:41:34 - [TEST_STEP][PASSED] - waitForElementClickable(findTestObject("Olusturma/Genel/AliciBilgisi/Alici_Adi"), 10): Switching to default content

2021-11-23 16:41:34 - [MESSAGE][INFO] - Finding Test Object 'Object Repository/Olusturma/Genel/AliciBilgisi/Alici_Adi'

2021-11-23 16:41:34 - [MESSAGE][INFO] - Finding Test Object 'Object Repository/Olusturma/Genel/AliciBilgisi/iframe_Alc Bilgisi_customerselectiframe'

2021-11-23 16:41:34 - [MESSAGE][INFO] - Checking object

2021-11-23 16:41:34 - [MESSAGE][INFO] - Checking timeout

2021-11-23 16:41:34 - [MESSAGE][INFO] - Object: 'Object Repository/Olusturma/Genel/AliciBilgisi/Alici_Adi' has parent object(s)

2021-11-23 16:41:34 - [MESSAGE][INFO] - Switching to iframe: 'Object Repository/Olusturma/Genel/AliciBilgisi/iframe_Alc Bilgisi_customerselectiframe'

2021-11-23 16:41:34 - [MESSAGE][INFO] - Finding web element from Test Object's properties

2021-11-23 16:41:34 - [MESSAGE][INFO] - Checking timeout

2021-11-23 16:41:34 - [MESSAGE][INFO] - Finding web element with id: 'Object Repository/Olusturma/Genel/AliciBilgisi/iframe_Alc Bilgisi_customerselectiframe' located by 'By.xpath: //iframe[@id='customerselectiframe']' in '10' second(s)

2021-11-23 16:41:34 - [MESSAGE][INFO] - Smart Wait Function is triggered

2021-11-23 16:41:34 - [MESSAGE][INFO] - Found 1 web elements with id: 'Object Repository/Olusturma/Genel/AliciBilgisi/iframe_Alc Bilgisi_customerselectiframe' located by 'By.xpath: //iframe[@id='customerselectiframe']' in '10' second(s)

2021-11-23 16:41:34 - [MESSAGE][INFO] - Switched to iframe: 'Object Repository/Olusturma/Genel/AliciBilgisi/iframe_Alc Bilgisi_customerselectiframe'

2021-11-23 16:41:34 - [MESSAGE][INFO] - Finding web element from Test Object's properties

2021-11-23 16:41:34 - [MESSAGE][INFO] - Checking timeout

2021-11-23 16:41:34 - [MESSAGE][INFO] - Finding web element with id: 'Object Repository/Olusturma/Genel/AliciBilgisi/Alici_Adi' located by 'By.xpath: //tr[@id='GridViewCustomer_DXDataRow0']/td[2]' in '10' second(s)

2021-11-23 16:41:34 - [MESSAGE][INFO] - Smart Wait Function is triggered

2021-11-23 16:41:35 - [MESSAGE][INFO] - Found 1 web elements with id: 'Object Repository/Olusturma/Genel/AliciBilgisi/Alici_Adi' located by 'By.xpath: //tr[@id='GridViewCustomer_DXDataRow0']/td[2]' in '10' second(s)

2021-11-23 16:41:35 - [MESSAGE][PASSED] - Object 'Object Repository/Olusturma/Genel/AliciBilgisi/Alici_Adi' is clickable

2021-11-23 16:41:35 - [MESSAGE][INFO] - Switching to default content

2021-11-23 16:41:35 - [TEST_STEP][PASSED] - click(findTestObject("Olusturma/Genel/AliciBilgisi/frame")): Switching to default content

2021-11-23 16:41:35 - [MESSAGE][INFO] - Finding Test Object 'Object Repository/Olusturma/Genel/AliciBilgisi/frame'

2021-11-23 16:41:35 - [MESSAGE][INFO] - Finding Test Object 'Object Repository/Olusturma/Genel/AliciBilgisi/iframe_Alc Bilgisi_customerselectiframe'

2021-11-23 16:41:35 - [MESSAGE][INFO] - Checking object

2021-11-23 16:41:35 - [MESSAGE][INFO] - Object: 'Object Repository/Olusturma/Genel/AliciBilgisi/frame' has parent object(s)

2021-11-23 16:41:35 - [MESSAGE][INFO] - Switching to iframe: 'Object Repository/Olusturma/Genel/AliciBilgisi/iframe_Alc Bilgisi_customerselectiframe'

2021-11-23 16:41:35 - [MESSAGE][INFO] - Finding web element from Test Object's properties

2021-11-23 16:41:35 - [MESSAGE][INFO] - Checking timeout

2021-11-23 16:41:35 - [MESSAGE][INFO] - Finding web element with id: 'Object Repository/Olusturma/Genel/AliciBilgisi/iframe_Alc Bilgisi_customerselectiframe' located by 'By.xpath: //iframe[@id='customerselectiframe']' in '30' second(s)

2021-11-23 16:41:35 - [MESSAGE][INFO] - Smart Wait Function is triggered

2021-11-23 16:41:35 - [MESSAGE][INFO] - Found 1 web elements with id: 'Object Repository/Olusturma/Genel/AliciBilgisi/iframe_Alc Bilgisi_customerselectiframe' located by 'By.xpath: //iframe[@id='customerselectiframe']' in '30' second(s)

2021-11-23 16:41:35 - [MESSAGE][INFO] - Switched to iframe: 'Object Repository/Olusturma/Genel/AliciBilgisi/iframe_Alc Bilgisi_customerselectiframe'

2021-11-23 16:41:35 - [MESSAGE][INFO] - Finding web element from Test Object's properties

2021-11-23 16:41:35 - [MESSAGE][INFO] - Checking timeout

2021-11-23 16:41:35 - [MESSAGE][INFO] - Finding web element with id: 'Object Repository/Olusturma/Genel/AliciBilgisi/frame' located by 'By.xpath: //*/text()[normalize-space(.)='']/parent::*' in '30' second(s)

2021-11-23 16:41:35 - [MESSAGE][INFO] - Smart Wait Function is triggered

2021-11-23 16:41:35 - [MESSAGE][INFO] - Found 73 web elements with id: 'Object Repository/Olusturma/Genel/AliciBilgisi/frame' located by 'By.xpath: //*/text()[normalize-space(.)='']/parent::*' in '30' second(s)

2021-11-23 16:41:35 - [MESSAGE][INFO] - Clicking on object: 'Object Repository/Olusturma/Genel/AliciBilgisi/frame'

2021-11-23 16:41:35 - [MESSAGE][PASSED] - Object: 'Object Repository/Olusturma/Genel/AliciBilgisi/frame' is clicked on

2021-11-23 16:41:35 - [MESSAGE][INFO] - Switching to default content

2021-11-23 16:41:35 - [TEST_STEP][PASSED] - click(findTestObject("Olusturma/Genel/AliciBilgisi/Alici_Adi")): Switching to default content

2021-11-23 16:41:35 - [MESSAGE][INFO] - Finding Test Object 'Object Repository/Olusturma/Genel/AliciBilgisi/Alici_Adi'

2021-11-23 16:41:35 - [MESSAGE][INFO] - Finding Test Object 'Object Repository/Olusturma/Genel/AliciBilgisi/iframe_Alc Bilgisi_customerselectiframe'

2021-11-23 16:41:35 - [MESSAGE][INFO] - Checking object

2021-11-23 16:41:35 - [MESSAGE][INFO] - Object: 'Object Repository/Olusturma/Genel/AliciBilgisi/Alici_Adi' has parent object(s)

2021-11-23 16:41:35 - [MESSAGE][INFO] - Switching to iframe: 'Object Repository/Olusturma/Genel/AliciBilgisi/iframe_Alc Bilgisi_customerselectiframe'

2021-11-23 16:41:35 - [MESSAGE][INFO] - Finding web element from Test Object's properties

2021-11-23 16:41:35 - [MESSAGE][INFO] - Checking timeout

2021-11-23 16:41:35 - [MESSAGE][INFO] - Finding web element with id: 'Object Repository/Olusturma/Genel/AliciBilgisi/iframe_Alc Bilgisi_customerselectiframe' located by 'By.xpath: //iframe[@id='customerselectiframe']' in '30' second(s)

2021-11-23 16:41:35 - [MESSAGE][INFO] - Smart Wait Function is triggered

2021-11-23 16:41:36 - [MESSAGE][INFO] - Found 1 web elements with id: 'Object Repository/Olusturma/Genel/AliciBilgisi/iframe_Alc Bilgisi_customerselectiframe' located by 'By.xpath: //iframe[@id='customerselectiframe']' in '30' second(s)

2021-11-23 16:41:36 - [MESSAGE][INFO] - Switched to iframe: 'Object Repository/Olusturma/Genel/AliciBilgisi/iframe_Alc Bilgisi_customerselectiframe'

2021-11-23 16:41:36 - [MESSAGE][INFO] - Finding web element from Test Object's properties

2021-11-23 16:41:36 - [MESSAGE][INFO] - Checking timeout

2021-11-23 16:41:36 - [MESSAGE][INFO] - Finding web element with id: 'Object Repository/Olusturma/Genel/AliciBilgisi/Alici_Adi' located by 'By.xpath: //tr[@id='GridViewCustomer_DXDataRow0']/td[2]' in '30' second(s)

2021-11-23 16:41:36 - [MESSAGE][INFO] - Smart Wait Function is triggered

2021-11-23 16:41:36 - [MESSAGE][INFO] - Found 1 web elements with id: 'Object Repository/Olusturma/Genel/AliciBilgisi/Alici_Adi' located by 'By.xpath: //tr[@id='GridViewCustomer_DXDataRow0']/td[2]' in '30' second(s)

2021-11-23 16:41:36 - [MESSAGE][INFO] - Clicking on object: 'Object Repository/Olusturma/Genel/AliciBilgisi/Alici_Adi'

2021-11-23 16:41:36 - [MESSAGE][PASSED] - Object: 'Object Repository/Olusturma/Genel/AliciBilgisi/Alici_Adi' is clicked on

2021-11-23 16:41:36 - [MESSAGE][INFO] - Switching to default content

2021-11-23 16:41:36 - [TEST_STEP][PASSED] - click(findTestObject("Olusturma/Genel/AliciBilgisi/Tamam_Bosluk")): Switching to default content

2021-11-23 16:41:36 - [MESSAGE][INFO] - Finding Test Object 'Object Repository/Olusturma/Genel/AliciBilgisi/Tamam_Bosluk'

2021-11-23 16:41:36 - [MESSAGE][INFO] - Finding Test Object 'Object Repository/Olusturma/Genel/AliciBilgisi/Alici_Bilgisi'

2021-11-23 16:41:36 - [MESSAGE][INFO] - Checking object

2021-11-23 16:41:36 - [MESSAGE][INFO] - Object: 'Object Repository/Olusturma/Genel/AliciBilgisi/Tamam_Bosluk' has parent object(s)

2021-11-23 16:41:36 - [MESSAGE][INFO] - Switching to iframe: 'Object Repository/Olusturma/Genel/AliciBilgisi/Alici_Bilgisi'

2021-11-23 16:41:36 - [MESSAGE][INFO] - Finding web element from Test Object's properties

2021-11-23 16:41:36 - [MESSAGE][INFO] - Checking timeout

2021-11-23 16:41:36 - [MESSAGE][INFO] - Finding web element with id: 'Object Repository/Olusturma/Genel/AliciBilgisi/Alici_Bilgisi' located by 'By.xpath: //iframe[@id='customerselectiframe']' in '30' second(s)

2021-11-23 16:41:36 - [MESSAGE][INFO] - Smart Wait Function is triggered

2021-11-23 16:41:36 - [MESSAGE][INFO] - Found 1 web elements with id: 'Object Repository/Olusturma/Genel/AliciBilgisi/Alici_Bilgisi' located by 'By.xpath: //iframe[@id='customerselectiframe']' in '30' second(s)

2021-11-23 16:41:36 - [MESSAGE][INFO] - Switched to iframe: 'Object Repository/Olusturma/Genel/AliciBilgisi/Alici_Bilgisi'

2021-11-23 16:41:36 - [MESSAGE][INFO] - Finding web element from Test Object's properties

2021-11-23 16:41:36 - [MESSAGE][INFO] - Checking timeout

2021-11-23 16:41:36 - [MESSAGE][INFO] - Finding web element with id: 'Object Repository/Olusturma/Genel/AliciBilgisi/Tamam_Bosluk' located by 'By.xpath: (.//*[normalize-space(text()) and normalize-space(.)='Sayfa Boyutu:'])[1]/following::div[7]' in '30' second(s)

2021-11-23 16:41:36 - [MESSAGE][INFO] - Smart Wait Function is triggered

2021-11-23 16:41:36 - [MESSAGE][INFO] - Found 1 web elements with id: 'Object Repository/Olusturma/Genel/AliciBilgisi/Tamam_Bosluk' located by 'By.xpath: (.//*[normalize-space(text()) and normalize-space(.)='Sayfa Boyutu:'])[1]/following::div[7]' in '30' second(s)

2021-11-23 16:41:36 - [MESSAGE][INFO] - Clicking on object: 'Object Repository/Olusturma/Genel/AliciBilgisi/Tamam_Bosluk'

2021-11-23 16:41:36 - [MESSAGE][PASSED] - Object: 'Object Repository/Olusturma/Genel/AliciBilgisi/Tamam_Bosluk' is clicked on

2021-11-23 16:41:36 - [MESSAGE][INFO] - Switching to default content

2021-11-23 16:41:36 - [TEST_STEP][PASSED] - waitForElementClickable(findTestObject("Olusturma/Genel/AliciBilgisi/Tamam_Butonu"), 10): Switching to default content

2021-11-23 16:41:36 - [MESSAGE][INFO] - Finding Test Object 'Object Repository/Olusturma/Genel/AliciBilgisi/Tamam_Butonu'

2021-11-23 16:41:36 - [MESSAGE][INFO] - Finding Test Object 'Object Repository/Olusturma/Genel/AliciBilgisi/Alici_Bilgisi'

2021-11-23 16:41:37 - [MESSAGE][INFO] - Checking object

2021-11-23 16:41:37 - [MESSAGE][INFO] - Checking timeout

2021-11-23 16:41:37 - [MESSAGE][INFO] - Object: 'Object Repository/Olusturma/Genel/AliciBilgisi/Tamam_Butonu' has parent object(s)

2021-11-23 16:41:37 - [MESSAGE][INFO] - Switching to iframe: 'Object Repository/Olusturma/Genel/AliciBilgisi/Alici_Bilgisi'

2021-11-23 16:41:37 - [MESSAGE][INFO] - Finding web element from Test Object's properties

2021-11-23 16:41:37 - [MESSAGE][INFO] - Checking timeout

2021-11-23 16:41:37 - [MESSAGE][INFO] - Finding web element with id: 'Object Repository/Olusturma/Genel/AliciBilgisi/Alici_Bilgisi' located by 'By.xpath: //iframe[@id='customerselectiframe']' in '10' second(s)

2021-11-23 16:41:37 - [MESSAGE][INFO] - Smart Wait Function is triggered

2021-11-23 16:41:37 - [MESSAGE][INFO] - Found 1 web elements with id: 'Object Repository/Olusturma/Genel/AliciBilgisi/Alici_Bilgisi' located by 'By.xpath: //iframe[@id='customerselectiframe']' in '10' second(s)

2021-11-23 16:41:37 - [MESSAGE][INFO] - Switched to iframe: 'Object Repository/Olusturma/Genel/AliciBilgisi/Alici_Bilgisi'

2021-11-23 16:41:37 - [MESSAGE][INFO] - Finding web element from Test Object's properties

2021-11-23 16:41:37 - [MESSAGE][INFO] - Checking timeout

2021-11-23 16:41:37 - [MESSAGE][INFO] - Finding web element with id: 'Object Repository/Olusturma/Genel/AliciBilgisi/Tamam_Butonu' located by 'By.xpath: //div[@id='btnSelectCustomer_CD']/span' in '10' second(s)

2021-11-23 16:41:37 - [MESSAGE][INFO] - Smart Wait Function is triggered

2021-11-23 16:41:37 - [MESSAGE][INFO] - Found 1 web elements with id: 'Object Repository/Olusturma/Genel/AliciBilgisi/Tamam_Butonu' located by 'By.xpath: //div[@id='btnSelectCustomer_CD']/span' in '10' second(s)

2021-11-23 16:41:37 - [MESSAGE][PASSED] - Object 'Object Repository/Olusturma/Genel/AliciBilgisi/Tamam_Butonu' is clickable

2021-11-23 16:41:37 - [MESSAGE][INFO] - Switching to default content

2021-11-23 16:41:37 - [TEST_STEP][PASSED] - click(findTestObject("Olusturma/Genel/AliciBilgisi/Tamam_Butonu")): Switching to default content

2021-11-23 16:41:37 - [MESSAGE][INFO] - Finding Test Object 'Object Repository/Olusturma/Genel/AliciBilgisi/Tamam_Butonu'

2021-11-23 16:41:37 - [MESSAGE][INFO] - Finding Test Object 'Object Repository/Olusturma/Genel/AliciBilgisi/Alici_Bilgisi'

2021-11-23 16:41:37 - [MESSAGE][INFO] - Checking object

2021-11-23 16:41:37 - [MESSAGE][INFO] - Object: 'Object Repository/Olusturma/Genel/AliciBilgisi/Tamam_Butonu' has parent object(s)

2021-11-23 16:41:37 - [MESSAGE][INFO] - Switching to iframe: 'Object Repository/Olusturma/Genel/AliciBilgisi/Alici_Bilgisi'

2021-11-23 16:41:37 - [MESSAGE][INFO] - Finding web element from Test Object's properties

2021-11-23 16:41:37 - [MESSAGE][INFO] - Checking timeout

2021-11-23 16:41:37 - [MESSAGE][INFO] - Finding web element with id: 'Object Repository/Olusturma/Genel/AliciBilgisi/Alici_Bilgisi' located by 'By.xpath: //iframe[@id='customerselectiframe']' in '30' second(s)

2021-11-23 16:41:37 - [MESSAGE][INFO] - Smart Wait Function is triggered

2021-11-23 16:41:37 - [MESSAGE][INFO] - Found 1 web elements with id: 'Object Repository/Olusturma/Genel/AliciBilgisi/Alici_Bilgisi' located by 'By.xpath: //iframe[@id='customerselectiframe']' in '30' second(s)

2021-11-23 16:41:37 - [MESSAGE][INFO] - Switched to iframe: 'Object Repository/Olusturma/Genel/AliciBilgisi/Alici_Bilgisi'

2021-11-23 16:41:37 - [MESSAGE][INFO] - Finding web element from Test Object's properties

2021-11-23 16:41:37 - [MESSAGE][INFO] - Checking timeout

2021-11-23 16:41:37 - [MESSAGE][INFO] - Finding web element with id: 'Object Repository/Olusturma/Genel/AliciBilgisi/Tamam_Butonu' located by 'By.xpath: //div[@id='btnSelectCustomer_CD']/span' in '30' second(s)

2021-11-23 16:41:37 - [MESSAGE][INFO] - Smart Wait Function is triggered

2021-11-23 16:41:37 - [MESSAGE][INFO] - Found 1 web elements with id: 'Object Repository/Olusturma/Genel/AliciBilgisi/Tamam_Butonu' located by 'By.xpath: //div[@id='btnSelectCustomer_CD']/span' in '30' second(s)

2021-11-23 16:41:37 - [MESSAGE][INFO] - Clicking on object: 'Object Repository/Olusturma/Genel/AliciBilgisi/Tamam_Butonu'

2021-11-23 16:41:38 - [MESSAGE][PASSED] - Object: 'Object Repository/Olusturma/Genel/AliciBilgisi/Tamam_Butonu' is clicked on

2021-11-23 16:41:38 - [MESSAGE][INFO] - Switching to default content

2021-11-23 16:41:38 - [TEST_STEP][PASSED] - waitForElementPresent(findTestObject("Olusturma/Genel/AliciBilgisi/VKN-TCKN"), 10): Object 'Object Repository/Olusturma/Genel/AliciBilgisi/VKN-TCKN' is present

2021-11-23 16:41:38 - [MESSAGE][INFO] - Finding Test Object 'Object Repository/Olusturma/Genel/AliciBilgisi/VKN-TCKN'

2021-11-23 16:41:38 - [MESSAGE][INFO] - Checking object

2021-11-23 16:41:38 - [MESSAGE][INFO] - Finding web element from Test Object's properties

2021-11-23 16:41:38 - [MESSAGE][INFO] - Checking timeout

2021-11-23 16:41:38 - [MESSAGE][INFO] - Finding web element with id: 'Object Repository/Olusturma/Genel/AliciBilgisi/VKN-TCKN' located by 'By.xpath: //*[@id = 'txtVknTckn_I']' in '10' second(s)

2021-11-23 16:41:38 - [MESSAGE][INFO] - Smart Wait Function is triggered

2021-11-23 16:41:38 - [MESSAGE][INFO] - Found 1 web elements with id: 'Object Repository/Olusturma/Genel/AliciBilgisi/VKN-TCKN' located by 'By.xpath: //*[@id = 'txtVknTckn_I']' in '10' second(s)

2021-11-23 16:41:38 - [MESSAGE][PASSED] - Object 'Object Repository/Olusturma/Genel/AliciBilgisi/VKN-TCKN' is present

2021-11-23 16:41:38 - [TEST_STEP][PASSED] - text = getAttribute(findTestObject("Olusturma/Genel/AliciBilgisi/VKN-TCKN"), "value"): Attribute 'value' of object 'Object Repository/Olusturma/Genel/AliciBilgisi/VKN-TCKN' is: '0748742193'

2021-11-23 16:41:38 - [MESSAGE][INFO] - Finding Test Object 'Object Repository/Olusturma/Genel/AliciBilgisi/VKN-TCKN'

2021-11-23 16:41:38 - [MESSAGE][INFO] - Checking object

2021-11-23 16:41:38 - [MESSAGE][INFO] - Checking attribute

2021-11-23 16:41:38 - [MESSAGE][INFO] - Finding web element from Test Object's properties

2021-11-23 16:41:38 - [MESSAGE][INFO] - Checking timeout

2021-11-23 16:41:38 - [MESSAGE][INFO] - Finding web element with id: 'Object Repository/Olusturma/Genel/AliciBilgisi/VKN-TCKN' located by 'By.xpath: //*[@id = 'txtVknTckn_I']' in '30' second(s)

2021-11-23 16:41:38 - [MESSAGE][INFO] - Smart Wait Function is triggered

2021-11-23 16:41:38 - [MESSAGE][INFO] - Found 1 web elements with id: 'Object Repository/Olusturma/Genel/AliciBilgisi/VKN-TCKN' located by 'By.xpath: //*[@id = 'txtVknTckn_I']' in '30' second(s)

2021-11-23 16:41:38 - [MESSAGE][INFO] - Getting attribute 'value' of object 'Object Repository/Olusturma/Genel/AliciBilgisi/VKN-TCKN'

2021-11-23 16:41:38 - [MESSAGE][PASSED] - Attribute 'value' of object 'Object Repository/Olusturma/Genel/AliciBilgisi/VKN-TCKN' is: '0748742193'

2021-11-23 16:41:38 - [TEST_STEP][PASSED] - if (text.equals("")): null

2021-11-23 16:41:38 - [MESSAGE][PASSED] - Call Test Case 'Test Cases/Olusturma/Genel/AliciSecilir' successfully

2021-11-23 16:41:38 - [MESSAGE][INFO] - Checking called Test Case

2021-11-23 16:41:38 - [MESSAGE][INFO] - Starting to call Test Case 'Test Cases/Olusturma/Genel/EkleButonunaBasilir'

2021-11-23 16:41:39 - [TEST_CASE][PASSED] - Test Cases/Olusturma/Genel/EkleButonunaBasilir: Test Cases/Olusturma/Genel/EkleButonunaBasilir

2021-11-23 16:41:39 - [TEST_STEP][PASSED] - waitForElementClickable(findTestObject("Object Repository/Olusturma/Genel/Olusturma/Ekle"), 10): Object 'Object Repository/Olusturma/Genel/Olusturma/Ekle' is clickable

2021-11-23 16:41:39 - [MESSAGE][INFO] - Finding Test Object 'Object Repository/Olusturma/Genel/Olusturma/Ekle'

2021-11-23 16:41:39 - [MESSAGE][INFO] - Checking object

2021-11-23 16:41:39 - [MESSAGE][INFO] - Checking timeout

2021-11-23 16:41:39 - [MESSAGE][INFO] - Finding web element from Test Object's properties

2021-11-23 16:41:39 - [MESSAGE][INFO] - Checking timeout

2021-11-23 16:41:39 - [MESSAGE][INFO] - Finding web element with id: 'Object Repository/Olusturma/Genel/Olusturma/Ekle' located by 'By.cssSelector: #divmalhizmet i.fa.fa-plus.fa-lg.text-muted' in '10' second(s)

2021-11-23 16:41:39 - [MESSAGE][INFO] - Smart Wait Function is triggered

2021-11-23 16:41:40 - [MESSAGE][INFO] - Found 1 web elements with id: 'Object Repository/Olusturma/Genel/Olusturma/Ekle' located by 'By.cssSelector: #divmalhizmet i.fa.fa-plus.fa-lg.text-muted' in '10' second(s)

2021-11-23 16:41:40 - [MESSAGE][PASSED] - Object 'Object Repository/Olusturma/Genel/Olusturma/Ekle' is clickable

2021-11-23 16:41:40 - [TEST_STEP][PASSED] - click(findTestObject("Object Repository/Olusturma/Genel/Olusturma/Ekle")): Object: 'Object Repository/Olusturma/Genel/Olusturma/Ekle' is clicked on

2021-11-23 16:41:40 - [MESSAGE][INFO] - Finding Test Object 'Object Repository/Olusturma/Genel/Olusturma/Ekle'

2021-11-23 16:41:40 - [MESSAGE][INFO] - Checking object

2021-11-23 16:41:40 - [MESSAGE][INFO] - Finding web element from Test Object's properties

2021-11-23 16:41:40 - [MESSAGE][INFO] - Checking timeout

2021-11-23 16:41:40 - [MESSAGE][INFO] - Finding web element with id: 'Object Repository/Olusturma/Genel/Olusturma/Ekle' located by 'By.cssSelector: #divmalhizmet i.fa.fa-plus.fa-lg.text-muted' in '30' second(s)

2021-11-23 16:41:40 - [MESSAGE][INFO] - Smart Wait Function is triggered

2021-11-23 16:41:40 - [MESSAGE][INFO] - Found 1 web elements with id: 'Object Repository/Olusturma/Genel/Olusturma/Ekle' located by 'By.cssSelector: #divmalhizmet i.fa.fa-plus.fa-lg.text-muted' in '30' second(s)

2021-11-23 16:41:40 - [MESSAGE][INFO] - Clicking on object: 'Object Repository/Olusturma/Genel/Olusturma/Ekle'

2021-11-23 16:41:40 - [MESSAGE][PASSED] - Object: 'Object Repository/Olusturma/Genel/Olusturma/Ekle' is clicked on

2021-11-23 16:41:40 - [TEST_STEP][PASSED] - waitForElementClickable(findTestObject("Olusturma/Genel/Olusturma/EklenenSatirCarpiImage"), 10): Object 'Object Repository/Olusturma/Genel/Olusturma/EklenenSatirCarpiImage' is clickable

2021-11-23 16:41:40 - [MESSAGE][INFO] - Finding Test Object 'Object Repository/Olusturma/Genel/Olusturma/EklenenSatirCarpiImage'

2021-11-23 16:41:40 - [MESSAGE][INFO] - Checking object

2021-11-23 16:41:40 - [MESSAGE][INFO] - Checking timeout

2021-11-23 16:41:40 - [MESSAGE][INFO] - Finding web element from Test Object's properties

2021-11-23 16:41:40 - [MESSAGE][INFO] - Checking timeout

2021-11-23 16:41:40 - [MESSAGE][INFO] - Finding web element with id: 'Object Repository/Olusturma/Genel/Olusturma/EklenenSatirCarpiImage' located by 'By.cssSelector: .fa.fa-times.fa-lg.text-primary' in '10' second(s)

2021-11-23 16:41:40 - [MESSAGE][INFO] - Smart Wait Function is triggered

2021-11-23 16:41:40 - [MESSAGE][INFO] - Smart Wait Function is triggered

2021-11-23 16:41:42 - [MESSAGE][INFO] - Found 1 web elements with id: 'Object Repository/Olusturma/Genel/Olusturma/EklenenSatirCarpiImage' located by 'By.cssSelector: .fa.fa-times.fa-lg.text-primary' in '10' second(s)

2021-11-23 16:41:42 - [MESSAGE][PASSED] - Object 'Object Repository/Olusturma/Genel/Olusturma/EklenenSatirCarpiImage' is clickable

2021-11-23 16:41:42 - [MESSAGE][PASSED] - Call Test Case 'Test Cases/Olusturma/Genel/EkleButonunaBasilir' successfully

2021-11-23 16:41:42 - [MESSAGE][INFO] - Checking called Test Case

2021-11-23 16:41:42 - [MESSAGE][INFO] - Starting to call Test Case 'Test Cases/Olusturma/Genel/Olusturma'

2021-11-23 16:41:42 - [TEST_CASE][PASSED] - Test Cases/Olusturma/Genel/Olusturma: Test Cases/Olusturma/Genel/Olusturma

2021-11-23 16:41:43 - [TEST_STEP][PASSED] - driver = getWebDriver(): null

2021-11-23 16:41:43 - [TEST_STEP][PASSED] - action = new org.openqa.selenium.interactions.Actions(driver): null

2021-11-23 16:41:43 - [TEST_STEP][PASSED] - baslikElement = <not implemented yet for class: org.codehaus.groovy.ast.expr.EmptyExpression>: null

2021-11-23 16:41:43 - [TEST_STEP][PASSED] - sonElement = <not implemented yet for class: org.codehaus.groovy.ast.expr.EmptyExpression>: null

2021-11-23 16:41:43 - [TEST_STEP][PASSED] - attr = <not implemented yet for class: org.codehaus.groovy.ast.expr.EmptyExpression>: null

2021-11-23 16:41:43 - [TEST_STEP][PASSED] - a = 0: null

2021-11-23 16:41:43 - [TEST_STEP][PASSED] - elements = findWebElements(findTestObject("Object Repository/Olusturma/Genel/Olusturma/TabloBasliklari"), 10): Found 7 web elements with id: 'Object Repository/Olusturma/Genel/Olusturma/TabloBasliklari' located by 'By.cssSelector: div#divmalhizmet .dxgvTable_LECustomTheme td.dxgvHeader_LECustomTheme tr>td:nth-child(1)' in '10' second(s)

2021-11-23 16:41:43 - [MESSAGE][INFO] - Finding Test Object 'Object Repository/Olusturma/Genel/Olusturma/TabloBasliklari'

2021-11-23 16:41:43 - [MESSAGE][INFO] - Checking timeout

2021-11-23 16:41:43 - [MESSAGE][INFO] - Finding web element with id: 'Object Repository/Olusturma/Genel/Olusturma/TabloBasliklari' located by 'By.cssSelector: div#divmalhizmet .dxgvTable_LECustomTheme td.dxgvHeader_LECustomTheme tr>td:nth-child(1)' in '10' second(s)

2021-11-23 16:41:43 - [MESSAGE][INFO] - Smart Wait Function is triggered

2021-11-23 16:41:43 - [MESSAGE][INFO] - Found 7 web elements with id: 'Object Repository/Olusturma/Genel/Olusturma/TabloBasliklari' located by 'By.cssSelector: div#divmalhizmet .dxgvTable_LECustomTheme td.dxgvHeader_LECustomTheme tr>td:nth-child(1)' in '10' second(s)

2021-11-23 16:41:43 - [TEST_STEP][PASSED] - for (def element : elements): null

2021-11-23 16:41:43 - [TEST_STEP][PASSED] - build().perform(): null

2021-11-23 16:41:43 - [TEST_STEP][PASSED] - if (getText().equals(Baslik)): null

2021-11-23 16:41:43 - [TEST_STEP][PASSED] - baslikElement = element.findElement(By.xpath("../../../..")): Smart Wait Function is triggered

2021-11-23 16:41:43 - [MESSAGE][INFO] - Smart Wait Function is triggered

2021-11-23 16:41:44 - [TEST_STEP][PASSED] - attr = baslikElement.getAttribute("id"): null

2021-11-23 16:41:44 - [TEST_STEP][PASSED] - println("girdi ve idsini aldı = " + attr): null

2021-11-23 16:41:44 - [TEST_STEP][PASSED] - break: null

2021-11-23 16:41:44 - [TEST_STEP][PASSED] - countElement = baslikElement.findElements(By.xpath("../td")): Smart Wait Function is triggered

2021-11-23 16:41:44 - [MESSAGE][INFO] - Smart Wait Function is triggered

2021-11-23 16:41:44 - [TEST_STEP][PASSED] - for (def element : countElement): null

2021-11-23 16:41:44 - [TEST_STEP][PASSED] - if (toString().equals(attr.toString())): null

2021-11-23 16:41:44 - [TEST_STEP][PASSED] - (a++): null

2021-11-23 16:41:44 - [TEST_STEP][PASSED] - if (toString().equals(attr.toString())): null

2021-11-23 16:41:44 - [TEST_STEP][PASSED] - break: null

2021-11-23 16:41:44 - [TEST_STEP][PASSED] - son = findWebElement(findTestObject("Object Repository/Olusturma/Genel/Olusturma/EklenenSatir")).findElement(By.xpath("td[@class='dxgvInlineEditCell_LECustomTheme dxgv'][" + a + "]//td[@class='dxic']/input")): Smart Wait Function is triggered

2021-11-23 16:41:44 - [MESSAGE][INFO] - Finding Test Object 'Object Repository/Olusturma/Genel/Olusturma/EklenenSatir'

2021-11-23 16:41:44 - [MESSAGE][INFO] - Finding web element from Test Object's properties

2021-11-23 16:41:44 - [MESSAGE][INFO] - Checking timeout

2021-11-23 16:41:44 - [MESSAGE][INFO] - Finding web element with id: 'Object Repository/Olusturma/Genel/Olusturma/EklenenSatir' located by 'By.cssSelector: #divmalhizmet .dxgvInlineEditRow_LECustomTheme' in '30' second(s)

2021-11-23 16:41:44 - [MESSAGE][INFO] - Smart Wait Function is triggered

2021-11-23 16:41:44 - [MESSAGE][INFO] - Found 1 web elements with id: 'Object Repository/Olusturma/Genel/Olusturma/EklenenSatir' located by 'By.cssSelector: #divmalhizmet .dxgvInlineEditRow_LECustomTheme' in '30' second(s)

2021-11-23 16:41:44 - [MESSAGE][INFO] - Smart Wait Function is triggered

2021-11-23 16:41:45 - [TEST_STEP][PASSED] - if (!(getAttribute("value").contains("Vkn"))): null

2021-11-23 16:41:45 - [TEST_STEP][PASSED] - son.clear(): null

2021-11-23 16:41:45 - [TEST_STEP][PASSED] - son.sendKeys(Deger): null

2021-11-23 16:41:45 - [MESSAGE][PASSED] - Call Test Case 'Test Cases/Olusturma/Genel/Olusturma' successfully

2021-11-23 16:41:45 - [MESSAGE][INFO] - Checking called Test Case

2021-11-23 16:41:45 - [MESSAGE][INFO] - Starting to call Test Case 'Test Cases/Olusturma/Genel/Olusturma'

2021-11-23 16:41:45 - [TEST_CASE][PASSED] - Test Cases/Olusturma/Genel/Olusturma: Test Cases/Olusturma/Genel/Olusturma

2021-11-23 16:41:45 - [TEST_STEP][PASSED] - driver = getWebDriver(): null

2021-11-23 16:41:45 - [TEST_STEP][PASSED] - action = new org.openqa.selenium.interactions.Actions(driver): null

2021-11-23 16:41:45 - [TEST_STEP][PASSED] - baslikElement = <not implemented yet for class: org.codehaus.groovy.ast.expr.EmptyExpression>: null

2021-11-23 16:41:45 - [TEST_STEP][PASSED] - sonElement = <not implemented yet for class: org.codehaus.groovy.ast.expr.EmptyExpression>: null

2021-11-23 16:41:45 - [TEST_STEP][PASSED] - attr = <not implemented yet for class: org.codehaus.groovy.ast.expr.EmptyExpression>: null

2021-11-23 16:41:45 - [TEST_STEP][PASSED] - a = 0: null

2021-11-23 16:41:45 - [TEST_STEP][PASSED] - elements = findWebElements(findTestObject("Object Repository/Olusturma/Genel/Olusturma/TabloBasliklari"), 10): Found 7 web elements with id: 'Object Repository/Olusturma/Genel/Olusturma/TabloBasliklari' located by 'By.cssSelector: div#divmalhizmet .dxgvTable_LECustomTheme td.dxgvHeader_LECustomTheme tr>td:nth-child(1)' in '10' second(s)

2021-11-23 16:41:45 - [MESSAGE][INFO] - Finding Test Object 'Object Repository/Olusturma/Genel/Olusturma/TabloBasliklari'

2021-11-23 16:41:45 - [MESSAGE][INFO] - Checking timeout

2021-11-23 16:41:45 - [MESSAGE][INFO] - Finding web element with id: 'Object Repository/Olusturma/Genel/Olusturma/TabloBasliklari' located by 'By.cssSelector: div#divmalhizmet .dxgvTable_LECustomTheme td.dxgvHeader_LECustomTheme tr>td:nth-child(1)' in '10' second(s)

2021-11-23 16:41:45 - [MESSAGE][INFO] - Smart Wait Function is triggered

2021-11-23 16:41:45 - [MESSAGE][INFO] - Found 7 web elements with id: 'Object Repository/Olusturma/Genel/Olusturma/TabloBasliklari' located by 'By.cssSelector: div#divmalhizmet .dxgvTable_LECustomTheme td.dxgvHeader_LECustomTheme tr>td:nth-child(1)' in '10' second(s)

2021-11-23 16:41:45 - [TEST_STEP][PASSED] - for (def element : elements): null

2021-11-23 16:41:45 - [TEST_STEP][PASSED] - build().perform(): null

2021-11-23 16:41:45 - [TEST_STEP][PASSED] - if (getText().equals(Baslik)): null

2021-11-23 16:41:46 - [TEST_STEP][PASSED] - build().perform(): null

2021-11-23 16:41:46 - [TEST_STEP][PASSED] - if (getText().equals(Baslik)): null

2021-11-23 16:41:46 - [TEST_STEP][PASSED] - baslikElement = element.findElement(By.xpath("../../../..")): Smart Wait Function is triggered

2021-11-23 16:41:46 - [MESSAGE][INFO] - Smart Wait Function is triggered

2021-11-23 16:41:46 - [TEST_STEP][PASSED] - attr = baslikElement.getAttribute("id"): null

2021-11-23 16:41:46 - [TEST_STEP][PASSED] - println("girdi ve idsini aldı = " + attr): null

2021-11-23 16:41:46 - [TEST_STEP][PASSED] - break: null

2021-11-23 16:41:46 - [TEST_STEP][PASSED] - countElement = baslikElement.findElements(By.xpath("../td")): Smart Wait Function is triggered

2021-11-23 16:41:46 - [MESSAGE][INFO] - Smart Wait Function is triggered

2021-11-23 16:41:46 - [TEST_STEP][PASSED] - for (def element : countElement): null

2021-11-23 16:41:46 - [TEST_STEP][PASSED] - if (toString().equals(attr.toString())): null

2021-11-23 16:41:46 - [TEST_STEP][PASSED] - (a++): null

2021-11-23 16:41:46 - [TEST_STEP][PASSED] - if (toString().equals(attr.toString())): null

2021-11-23 16:41:46 - [TEST_STEP][PASSED] - (a++): null

2021-11-23 16:41:46 - [TEST_STEP][PASSED] - if (toString().equals(attr.toString())): null

2021-11-23 16:41:46 - [TEST_STEP][PASSED] - break: null

2021-11-23 16:41:46 - [TEST_STEP][PASSED] - son = findWebElement(findTestObject("Object Repository/Olusturma/Genel/Olusturma/EklenenSatir")).findElement(By.xpath("td[@class='dxgvInlineEditCell_LECustomTheme dxgv'][" + a + "]//td[@class='dxic']/input")): Smart Wait Function is triggered

2021-11-23 16:41:46 - [MESSAGE][INFO] - Finding Test Object 'Object Repository/Olusturma/Genel/Olusturma/EklenenSatir'

2021-11-23 16:41:46 - [MESSAGE][INFO] - Finding web element from Test Object's properties

2021-11-23 16:41:46 - [MESSAGE][INFO] - Checking timeout

2021-11-23 16:41:46 - [MESSAGE][INFO] - Finding web element with id: 'Object Repository/Olusturma/Genel/Olusturma/EklenenSatir' located by 'By.cssSelector: #divmalhizmet .dxgvInlineEditRow_LECustomTheme' in '30' second(s)

2021-11-23 16:41:46 - [MESSAGE][INFO] - Smart Wait Function is triggered

2021-11-23 16:41:47 - [MESSAGE][INFO] - Found 1 web elements with id: 'Object Repository/Olusturma/Genel/Olusturma/EklenenSatir' located by 'By.cssSelector: #divmalhizmet .dxgvInlineEditRow_LECustomTheme' in '30' second(s)

2021-11-23 16:41:47 - [MESSAGE][INFO] - Smart Wait Function is triggered

2021-11-23 16:41:47 - [TEST_STEP][PASSED] - if (!(getAttribute("value").contains("Vkn"))): null

2021-11-23 16:41:47 - [TEST_STEP][PASSED] - son.clear(): null

2021-11-23 16:41:47 - [TEST_STEP][PASSED] - son.sendKeys(Deger): null

2021-11-23 16:41:47 - [MESSAGE][PASSED] - Call Test Case 'Test Cases/Olusturma/Genel/Olusturma' successfully

2021-11-23 16:41:47 - [MESSAGE][INFO] - Checking called Test Case

2021-11-23 16:41:47 - [MESSAGE][INFO] - Starting to call Test Case 'Test Cases/Olusturma/Genel/Olusturma'

2021-11-23 16:41:47 - [TEST_CASE][PASSED] - Test Cases/Olusturma/Genel/Olusturma: Test Cases/Olusturma/Genel/Olusturma

2021-11-23 16:41:47 - [TEST_STEP][PASSED] - driver = getWebDriver(): null

2021-11-23 16:41:47 - [TEST_STEP][PASSED] - action = new org.openqa.selenium.interactions.Actions(driver): null

2021-11-23 16:41:47 - [TEST_STEP][PASSED] - baslikElement = <not implemented yet for class: org.codehaus.groovy.ast.expr.EmptyExpression>: null

2021-11-23 16:41:47 - [TEST_STEP][PASSED] - sonElement = <not implemented yet for class: org.codehaus.groovy.ast.expr.EmptyExpression>: null

2021-11-23 16:41:47 - [TEST_STEP][PASSED] - attr = <not implemented yet for class: org.codehaus.groovy.ast.expr.EmptyExpression>: null

2021-11-23 16:41:47 - [TEST_STEP][PASSED] - a = 0: null

2021-11-23 16:41:47 - [TEST_STEP][PASSED] - elements = findWebElements(findTestObject("Object Repository/Olusturma/Genel/Olusturma/TabloBasliklari"), 10): Found 7 web elements with id: 'Object Repository/Olusturma/Genel/Olusturma/TabloBasliklari' located by 'By.cssSelector: div#divmalhizmet .dxgvTable_LECustomTheme td.dxgvHeader_LECustomTheme tr>td:nth-child(1)' in '10' second(s)

2021-11-23 16:41:47 - [MESSAGE][INFO] - Finding Test Object 'Object Repository/Olusturma/Genel/Olusturma/TabloBasliklari'

2021-11-23 16:41:47 - [MESSAGE][INFO] - Checking timeout

2021-11-23 16:41:47 - [MESSAGE][INFO] - Finding web element with id: 'Object Repository/Olusturma/Genel/Olusturma/TabloBasliklari' located by 'By.cssSelector: div#divmalhizmet .dxgvTable_LECustomTheme td.dxgvHeader_LECustomTheme tr>td:nth-child(1)' in '10' second(s)

2021-11-23 16:41:47 - [MESSAGE][INFO] - Smart Wait Function is triggered

2021-11-23 16:41:48 - [MESSAGE][INFO] - Found 7 web elements with id: 'Object Repository/Olusturma/Genel/Olusturma/TabloBasliklari' located by 'By.cssSelector: div#divmalhizmet .dxgvTable_LECustomTheme td.dxgvHeader_LECustomTheme tr>td:nth-child(1)' in '10' second(s)

2021-11-23 16:41:48 - [TEST_STEP][PASSED] - for (def element : elements): null

2021-11-23 16:41:48 - [TEST_STEP][PASSED] - build().perform(): null

2021-11-23 16:41:48 - [TEST_STEP][PASSED] - if (getText().equals(Baslik)): null

2021-11-23 16:41:48 - [TEST_STEP][PASSED] - build().perform(): null

2021-11-23 16:41:48 - [TEST_STEP][PASSED] - if (getText().equals(Baslik)): null

2021-11-23 16:41:48 - [TEST_STEP][PASSED] - build().perform(): null

2021-11-23 16:41:48 - [TEST_STEP][PASSED] - if (getText().equals(Baslik)): null

2021-11-23 16:41:48 - [TEST_STEP][PASSED] - build().perform(): null

2021-11-23 16:41:48 - [TEST_STEP][PASSED] - if (getText().equals(Baslik)): null

2021-11-23 16:41:48 - [TEST_STEP][PASSED] - build().perform(): null

2021-11-23 16:41:48 - [TEST_STEP][PASSED] - if (getText().equals(Baslik)): null

2021-11-23 16:41:48 - [TEST_STEP][PASSED] - build().perform(): null

2021-11-23 16:41:48 - [TEST_STEP][PASSED] - if (getText().equals(Baslik)): null

2021-11-23 16:41:48 - [TEST_STEP][PASSED] - baslikElement = element.findElement(By.xpath("../../../..")): Smart Wait Function is triggered

2021-11-23 16:41:48 - [MESSAGE][INFO] - Smart Wait Function is triggered

2021-11-23 16:41:49 - [TEST_STEP][PASSED] - attr = baslikElement.getAttribute("id"): null

2021-11-23 16:41:49 - [TEST_STEP][PASSED] - println("girdi ve idsini aldı = " + attr): null

2021-11-23 16:41:49 - [TEST_STEP][PASSED] - break: null

2021-11-23 16:41:49 - [TEST_STEP][PASSED] - countElement = baslikElement.findElements(By.xpath("../td")): Smart Wait Function is triggered

2021-11-23 16:41:49 - [MESSAGE][INFO] - Smart Wait Function is triggered

2021-11-23 16:41:49 - [TEST_STEP][PASSED] - for (def element : countElement): null

2021-11-23 16:41:49 - [TEST_STEP][PASSED] - if (toString().equals(attr.toString())): null

2021-11-23 16:41:49 - [TEST_STEP][PASSED] - (a++): null

2021-11-23 16:41:49 - [TEST_STEP][PASSED] - if (toString().equals(attr.toString())): null

2021-11-23 16:41:49 - [TEST_STEP][PASSED] - (a++): null

2021-11-23 16:41:49 - [TEST_STEP][PASSED] - if (toString().equals(attr.toString())): null

2021-11-23 16:41:49 - [TEST_STEP][PASSED] - (a++): null

2021-11-23 16:41:49 - [TEST_STEP][PASSED] - if (toString().equals(attr.toString())): null

2021-11-23 16:41:49 - [TEST_STEP][PASSED] - (a++): null

2021-11-23 16:41:49 - [TEST_STEP][PASSED] - if (toString().equals(attr.toString())): null

2021-11-23 16:41:49 - [TEST_STEP][PASSED] - (a++): null

2021-11-23 16:41:49 - [TEST_STEP][PASSED] - if (toString().equals(attr.toString())): null

2021-11-23 16:41:49 - [TEST_STEP][PASSED] - (a++): null

2021-11-23 16:41:49 - [TEST_STEP][PASSED] - if (toString().equals(attr.toString())): null

2021-11-23 16:41:49 - [TEST_STEP][PASSED] - break: null

2021-11-23 16:41:49 - [TEST_STEP][PASSED] - son = findWebElement(findTestObject("Object Repository/Olusturma/Genel/Olusturma/EklenenSatir")).findElement(By.xpath("td[@class='dxgvInlineEditCell_LECustomTheme dxgv'][" + a + "]//td[@class='dxic']/input")): Smart Wait Function is triggered

2021-11-23 16:41:49 - [MESSAGE][INFO] - Finding Test Object 'Object Repository/Olusturma/Genel/Olusturma/EklenenSatir'

2021-11-23 16:41:49 - [MESSAGE][INFO] - Finding web element from Test Object's properties

2021-11-23 16:41:49 - [MESSAGE][INFO] - Checking timeout

2021-11-23 16:41:49 - [MESSAGE][INFO] - Finding web element with id: 'Object Repository/Olusturma/Genel/Olusturma/EklenenSatir' located by 'By.cssSelector: #divmalhizmet .dxgvInlineEditRow_LECustomTheme' in '30' second(s)

2021-11-23 16:41:49 - [MESSAGE][INFO] - Smart Wait Function is triggered

2021-11-23 16:41:49 - [MESSAGE][INFO] - Found 1 web elements with id: 'Object Repository/Olusturma/Genel/Olusturma/EklenenSatir' located by 'By.cssSelector: #divmalhizmet .dxgvInlineEditRow_LECustomTheme' in '30' second(s)

2021-11-23 16:41:49 - [MESSAGE][INFO] - Smart Wait Function is triggered

2021-11-23 16:41:50 - [TEST_STEP][PASSED] - if (!(getAttribute("value").contains("Vkn"))): null

2021-11-23 16:41:50 - [TEST_STEP][PASSED] - son.clear(): null

2021-11-23 16:41:50 - [TEST_STEP][PASSED] - son.sendKeys(Deger): null

2021-11-23 16:41:50 - [MESSAGE][PASSED] - Call Test Case 'Test Cases/Olusturma/Genel/Olusturma' successfully

2021-11-23 16:41:50 - [MESSAGE][INFO] - Checking called Test Case

2021-11-23 16:41:50 - [MESSAGE][INFO] - Starting to call Test Case 'Test Cases/Olusturma/Genel/NotGirilir'

2021-11-23 16:41:50 - [TEST_CASE][PASSED] - Test Cases/Olusturma/Genel/NotGirilir: Test Cases/Olusturma/Genel/NotGirilir

2021-11-23 16:41:50 - [TEST_STEP][PASSED] - i = 0: null

2021-11-23 16:41:50 - [TEST_STEP][PASSED] - waitForElementClickable(findTestObject("Olusturma/Genel/Not/Notlar"), 10): Object 'Object Repository/Olusturma/Genel/Not/Notlar' is clickable

2021-11-23 16:41:50 - [MESSAGE][INFO] - Finding Test Object 'Object Repository/Olusturma/Genel/Not/Notlar'

2021-11-23 16:41:51 - [MESSAGE][INFO] - Checking object

2021-11-23 16:41:51 - [MESSAGE][INFO] - Checking timeout

2021-11-23 16:41:51 - [MESSAGE][INFO] - Finding web element from Test Object's properties

2021-11-23 16:41:51 - [MESSAGE][INFO] - Checking timeout

2021-11-23 16:41:51 - [MESSAGE][INFO] - Finding web element with id: 'Object Repository/Olusturma/Genel/Not/Notlar' located by 'By.xpath: //*[@id = 'txtNote_I']' in '10' second(s)

2021-11-23 16:41:51 - [MESSAGE][INFO] - Smart Wait Function is triggered

2021-11-23 16:41:51 - [MESSAGE][INFO] - Found 1 web elements with id: 'Object Repository/Olusturma/Genel/Not/Notlar' located by 'By.xpath: //*[@id = 'txtNote_I']' in '10' second(s)

2021-11-23 16:41:51 - [MESSAGE][PASSED] - Object 'Object Repository/Olusturma/Genel/Not/Notlar' is clickable

2021-11-23 16:41:51 - [TEST_STEP][PASSED] - clearText(findTestObject("Olusturma/Genel/Not/Notlar")): Text of object 'Object Repository/Olusturma/Genel/Not/Notlar' is cleared

2021-11-23 16:41:51 - [MESSAGE][INFO] - Finding Test Object 'Object Repository/Olusturma/Genel/Not/Notlar'

2021-11-23 16:41:51 - [MESSAGE][INFO] - Checking object

2021-11-23 16:41:51 - [MESSAGE][INFO] - Finding web element from Test Object's properties

2021-11-23 16:41:51 - [MESSAGE][INFO] - Checking timeout

2021-11-23 16:41:51 - [MESSAGE][INFO] - Finding web element with id: 'Object Repository/Olusturma/Genel/Not/Notlar' located by 'By.xpath: //*[@id = 'txtNote_I']' in '30' second(s)

2021-11-23 16:41:51 - [MESSAGE][INFO] - Smart Wait Function is triggered

2021-11-23 16:41:51 - [MESSAGE][INFO] - Found 1 web elements with id: 'Object Repository/Olusturma/Genel/Not/Notlar' located by 'By.xpath: //*[@id = 'txtNote_I']' in '30' second(s)

2021-11-23 16:41:51 - [MESSAGE][INFO] - Clearing text of object 'Object Repository/Olusturma/Genel/Not/Notlar'

2021-11-23 16:41:51 - [MESSAGE][PASSED] - Text of object 'Object Repository/Olusturma/Genel/Not/Notlar' is cleared

2021-11-23 16:41:51 - [TEST_STEP][PASSED] - click(findTestObject("Olusturma/Genel/Not/Notlar")): Object: 'Object Repository/Olusturma/Genel/Not/Notlar' is clicked on

2021-11-23 16:41:51 - [MESSAGE][INFO] - Finding Test Object 'Object Repository/Olusturma/Genel/Not/Notlar'

2021-11-23 16:41:51 - [MESSAGE][INFO] - Checking object

2021-11-23 16:41:51 - [MESSAGE][INFO] - Finding web element from Test Object's properties

2021-11-23 16:41:51 - [MESSAGE][INFO] - Checking timeout

2021-11-23 16:41:51 - [MESSAGE][INFO] - Finding web element with id: 'Object Repository/Olusturma/Genel/Not/Notlar' located by 'By.xpath: //*[@id = 'txtNote_I']' in '30' second(s)

2021-11-23 16:41:51 - [MESSAGE][INFO] - Smart Wait Function is triggered

2021-11-23 16:41:52 - [MESSAGE][INFO] - Found 1 web elements with id: 'Object Repository/Olusturma/Genel/Not/Notlar' located by 'By.xpath: //*[@id = 'txtNote_I']' in '30' second(s)

2021-11-23 16:41:52 - [MESSAGE][INFO] - Clicking on object: 'Object Repository/Olusturma/Genel/Not/Notlar'

2021-11-23 16:41:52 - [MESSAGE][PASSED] - Object: 'Object Repository/Olusturma/Genel/Not/Notlar' is clicked on

2021-11-23 16:41:52 - [TEST_STEP][PASSED] - while (true): null

2021-11-23 16:41:52 - [TEST_STEP][PASSED] - delay(1): Delayed 1 second(s)

2021-11-23 16:41:52 - [MESSAGE][INFO] - Delaying browser in 1 second(s)

2021-11-23 16:41:53 - [MESSAGE][PASSED] - Delayed 1 second(s)

2021-11-23 16:41:53 - [TEST_STEP][PASSED] - ajaxIsComplete = executeJavaScript("return jQuery.active == 0", null): Execute JavaScript 'return jQuery.active == 0' successfully

2021-11-23 16:41:53 - [MESSAGE][PASSED] - Execute JavaScript 'return jQuery.active == 0' successfully

2021-11-23 16:41:53 - [TEST_STEP][PASSED] - if (ajaxIsComplete): null

2021-11-23 16:41:53 - [TEST_STEP][PASSED] - break: null

2021-11-23 16:41:53 - [TEST_STEP][PASSED] - sendKeys(findTestObject("Olusturma/Genel/Not/Notlar"), Not): Keys 'Otomasyon Not' sent to object: 'Object Repository/Olusturma/Genel/Not/Notlar'

2021-11-23 16:41:53 - [MESSAGE][INFO] - Finding Test Object 'Object Repository/Olusturma/Genel/Not/Notlar'

2021-11-23 16:41:53 - [MESSAGE][INFO] - Sending keys 'Otomasyon Not' to object: 'Object Repository/Olusturma/Genel/Not/Notlar'

2021-11-23 16:41:53 - [MESSAGE][INFO] - Finding web element from Test Object's properties

2021-11-23 16:41:53 - [MESSAGE][INFO] - Checking timeout

2021-11-23 16:41:53 - [MESSAGE][INFO] - Finding web element with id: 'Object Repository/Olusturma/Genel/Not/Notlar' located by 'By.xpath: //*[@id = 'txtNote_I']' in '30' second(s)

2021-11-23 16:41:53 - [MESSAGE][INFO] - Smart Wait Function is triggered

2021-11-23 16:41:53 - [MESSAGE][INFO] - Found 1 web elements with id: 'Object Repository/Olusturma/Genel/Not/Notlar' located by 'By.xpath: //*[@id = 'txtNote_I']' in '30' second(s)

2021-11-23 16:41:53 - [MESSAGE][PASSED] - Keys 'Otomasyon Not' sent to object: 'Object Repository/Olusturma/Genel/Not/Notlar'

2021-11-23 16:41:53 - [MESSAGE][PASSED] - Call Test Case 'Test Cases/Olusturma/Genel/NotGirilir' successfully

2021-11-23 16:41:53 - [MESSAGE][INFO] - Checking called Test Case

2021-11-23 16:41:53 - [MESSAGE][INFO] - Starting to call Test Case 'Test Cases/Olusturma/Genel/EttnBilgisiKayitEdilir'

2021-11-23 16:41:53 - [TEST_CASE][PASSED] - Test Cases/Olusturma/Genel/EttnBilgisiKayitEdilir: Test Cases/Olusturma/Genel/EttnBilgisiKayitEdilir

2021-11-23 16:41:54 - [TEST_STEP][PASSED] - verifyElementPresent(findTestObject("Object Repository/Olusturma/Genel/Olusturma/eArsivEttnBilgisi"), 7): Object 'Object Repository/Olusturma/Genel/Olusturma/eArsivEttnBilgisi' is present

2021-11-23 16:41:54 - [MESSAGE][INFO] - Finding Test Object 'Object Repository/Olusturma/Genel/Olusturma/eArsivEttnBilgisi'

2021-11-23 16:41:54 - [MESSAGE][INFO] - Checking object

2021-11-23 16:41:54 - [MESSAGE][INFO] - Finding web element from Test Object's properties

2021-11-23 16:41:54 - [MESSAGE][INFO] - Checking timeout

2021-11-23 16:41:54 - [MESSAGE][INFO] - Finding web element with id: 'Object Repository/Olusturma/Genel/Olusturma/eArsivEttnBilgisi' located by 'By.xpath: //*[@id = 'Uuid_I']' in '7' second(s)

2021-11-23 16:41:54 - [MESSAGE][INFO] - Smart Wait Function is triggered

2021-11-23 16:41:55 - [MESSAGE][INFO] - Found 1 web elements with id: 'Object Repository/Olusturma/Genel/Olusturma/eArsivEttnBilgisi' located by 'By.xpath: //*[@id = 'Uuid_I']' in '7' second(s)

2021-11-23 16:41:55 - [MESSAGE][PASSED] - Object 'Object Repository/Olusturma/Genel/Olusturma/eArsivEttnBilgisi' is present

2021-11-23 16:41:55 - [TEST_STEP][PASSED] - ettn = getAttribute(findTestObject("Object Repository/Olusturma/Genel/Olusturma/eArsivEttnBilgisi"), "value"): Attribute 'value' of object 'Object Repository/Olusturma/Genel/Olusturma/eArsivEttnBilgisi' is: '767b52a5-3696-4446-af62-8b131ccbec43'

2021-11-23 16:41:55 - [MESSAGE][INFO] - Finding Test Object 'Object Repository/Olusturma/Genel/Olusturma/eArsivEttnBilgisi'

2021-11-23 16:41:55 - [MESSAGE][INFO] - Checking object

2021-11-23 16:41:55 - [MESSAGE][INFO] - Checking attribute

2021-11-23 16:41:55 - [MESSAGE][INFO] - Finding web element from Test Object's properties

2021-11-23 16:41:55 - [MESSAGE][INFO] - Checking timeout

2021-11-23 16:41:55 - [MESSAGE][INFO] - Finding web element with id: 'Object Repository/Olusturma/Genel/Olusturma/eArsivEttnBilgisi' located by 'By.xpath: //*[@id = 'Uuid_I']' in '30' second(s)

2021-11-23 16:41:55 - [MESSAGE][INFO] - Smart Wait Function is triggered

2021-11-23 16:41:55 - [MESSAGE][INFO] - Found 1 web elements with id: 'Object Repository/Olusturma/Genel/Olusturma/eArsivEttnBilgisi' located by 'By.xpath: //*[@id = 'Uuid_I']' in '30' second(s)

2021-11-23 16:41:55 - [MESSAGE][INFO] - Getting attribute 'value' of object 'Object Repository/Olusturma/Genel/Olusturma/eArsivEttnBilgisi'

2021-11-23 16:41:55 - [MESSAGE][PASSED] - Attribute 'value' of object 'Object Repository/Olusturma/Genel/Olusturma/eArsivEttnBilgisi' is: '767b52a5-3696-4446-af62-8b131ccbec43'

2021-11-23 16:41:55 - [MESSAGE][PASSED] - Call Test Case 'Test Cases/Olusturma/Genel/EttnBilgisiKayitEdilir' successfully

2021-11-23 16:41:55 - [MESSAGE][INFO] - Checking called Test Case

2021-11-23 16:41:55 - [MESSAGE][INFO] - Starting to call Test Case 'Test Cases/Olusturma/Genel/KaydetButonunaTiklanir'

2021-11-23 16:41:55 - [TEST_CASE][PASSED] - Test Cases/Olusturma/Genel/KaydetButonunaTiklanir: Test Cases/Olusturma/Genel/KaydetButonunaTiklanir

2021-11-23 16:41:56 - [TEST_STEP][PASSED] - i = 0: null

2021-11-23 16:41:56 - [TEST_STEP][PASSED] - waitForElementPresent(findTestObject("Olusturma/Genel/Not/Notlar"), 10): Object 'Object Repository/Olusturma/Genel/Not/Notlar' is present

2021-11-23 16:41:56 - [MESSAGE][INFO] - Finding Test Object 'Object Repository/Olusturma/Genel/Not/Notlar'

2021-11-23 16:41:56 - [MESSAGE][INFO] - Checking object

2021-11-23 16:41:56 - [MESSAGE][INFO] - Finding web element from Test Object's properties

2021-11-23 16:41:56 - [MESSAGE][INFO] - Checking timeout

2021-11-23 16:41:56 - [MESSAGE][INFO] - Finding web element with id: 'Object Repository/Olusturma/Genel/Not/Notlar' located by 'By.xpath: //*[@id = 'txtNote_I']' in '10' second(s)

2021-11-23 16:41:56 - [MESSAGE][INFO] - Smart Wait Function is triggered

2021-11-23 16:41:56 - [MESSAGE][INFO] - Found 1 web elements with id: 'Object Repository/Olusturma/Genel/Not/Notlar' located by 'By.xpath: //*[@id = 'txtNote_I']' in '10' second(s)

2021-11-23 16:41:56 - [MESSAGE][PASSED] - Object 'Object Repository/Olusturma/Genel/Not/Notlar' is present

2021-11-23 16:41:56 - [TEST_STEP][PASSED] - click(findTestObject("Olusturma/Genel/Not/Notlar")): Object: 'Object Repository/Olusturma/Genel/Not/Notlar' is clicked on

2021-11-23 16:41:56 - [MESSAGE][INFO] - Finding Test Object 'Object Repository/Olusturma/Genel/Not/Notlar'

2021-11-23 16:41:56 - [MESSAGE][INFO] - Checking object

2021-11-23 16:41:56 - [MESSAGE][INFO] - Finding web element from Test Object's properties

2021-11-23 16:41:56 - [MESSAGE][INFO] - Checking timeout

2021-11-23 16:41:56 - [MESSAGE][INFO] - Finding web element with id: 'Object Repository/Olusturma/Genel/Not/Notlar' located by 'By.xpath: //*[@id = 'txtNote_I']' in '30' second(s)

2021-11-23 16:41:56 - [MESSAGE][INFO] - Smart Wait Function is triggered

2021-11-23 16:41:57 - [MESSAGE][INFO] - Found 1 web elements with id: 'Object Repository/Olusturma/Genel/Not/Notlar' located by 'By.xpath: //*[@id = 'txtNote_I']' in '30' second(s)

2021-11-23 16:41:57 - [MESSAGE][INFO] - Clicking on object: 'Object Repository/Olusturma/Genel/Not/Notlar'

2021-11-23 16:41:57 - [MESSAGE][PASSED] - Object: 'Object Repository/Olusturma/Genel/Not/Notlar' is clicked on

2021-11-23 16:41:57 - [TEST_STEP][PASSED] - while (true): null

2021-11-23 16:41:57 - [TEST_STEP][PASSED] - delay(1): Delayed 1 second(s)

2021-11-23 16:41:57 - [MESSAGE][INFO] - Delaying browser in 1 second(s)

2021-11-23 16:41:58 - [MESSAGE][PASSED] - Delayed 1 second(s)

2021-11-23 16:41:58 - [TEST_STEP][PASSED] - ajaxIsComplete = executeJavaScript("return jQuery.active == 0", null): Execute JavaScript 'return jQuery.active == 0' successfully

2021-11-23 16:41:58 - [MESSAGE][PASSED] - Execute JavaScript 'return jQuery.active == 0' successfully

2021-11-23 16:41:58 - [TEST_STEP][PASSED] - if (ajaxIsComplete): null

2021-11-23 16:41:58 - [TEST_STEP][PASSED] - break: null

2021-11-23 16:41:58 - [TEST_STEP][PASSED] - waitForElementClickable(findTestObject("Object Repository/Olusturma/Genel/Buton"), 10): Object 'Object Repository/Olusturma/Genel/Buton' is clickable

2021-11-23 16:41:58 - [MESSAGE][INFO] - Finding Test Object 'Object Repository/Olusturma/Genel/Buton'

2021-11-23 16:41:58 - [MESSAGE][INFO] - Checking object

2021-11-23 16:41:58 - [MESSAGE][INFO] - Checking timeout

2021-11-23 16:41:58 - [MESSAGE][INFO] - Finding web element from Test Object's properties

2021-11-23 16:41:58 - [MESSAGE][INFO] - Checking timeout

2021-11-23 16:41:58 - [MESSAGE][INFO] - Finding web element with id: 'Object Repository/Olusturma/Genel/Buton' located by 'By.xpath: //*[@id = 'btnKaydet']' in '10' second(s)

2021-11-23 16:41:58 - [MESSAGE][INFO] - Smart Wait Function is triggered

2021-11-23 16:41:58 - [MESSAGE][INFO] - Found 1 web elements with id: 'Object Repository/Olusturma/Genel/Buton' located by 'By.xpath: //*[@id = 'btnKaydet']' in '10' second(s)

2021-11-23 16:41:58 - [MESSAGE][PASSED] - Object 'Object Repository/Olusturma/Genel/Buton' is clickable

2021-11-23 16:41:58 - [TEST_STEP][PASSED] - click(findTestObject("Object Repository/Olusturma/Genel/Buton")): Object: 'Object Repository/Olusturma/Genel/Buton' is clicked on

2021-11-23 16:41:58 - [MESSAGE][INFO] - Finding Test Object 'Object Repository/Olusturma/Genel/Buton'

2021-11-23 16:41:58 - [MESSAGE][INFO] - Checking object

2021-11-23 16:41:58 - [MESSAGE][INFO] - Finding web element from Test Object's properties

2021-11-23 16:41:58 - [MESSAGE][INFO] - Checking timeout

2021-11-23 16:41:58 - [MESSAGE][INFO] - Finding web element with id: 'Object Repository/Olusturma/Genel/Buton' located by 'By.xpath: //*[@id = 'btnKaydet']' in '30' second(s)

2021-11-23 16:41:58 - [MESSAGE][INFO] - Smart Wait Function is triggered

2021-11-23 16:41:59 - [MESSAGE][INFO] - Found 1 web elements with id: 'Object Repository/Olusturma/Genel/Buton' located by 'By.xpath: //*[@id = 'btnKaydet']' in '30' second(s)

2021-11-23 16:41:59 - [MESSAGE][INFO] - Clicking on object: 'Object Repository/Olusturma/Genel/Buton'

2021-11-23 16:42:00 - [MESSAGE][PASSED] - Object: 'Object Repository/Olusturma/Genel/Buton' is clicked on

2021-11-23 16:42:00 - [MESSAGE][PASSED] - Call Test Case 'Test Cases/Olusturma/Genel/KaydetButonunaTiklanir' successfully

2021-11-23 16:42:00 - [MESSAGE][INFO] - Checking called Test Case

2021-11-23 16:42:00 - [MESSAGE][INFO] - Starting to call Test Case 'Test Cases/Tablo/TablodaUnvanliVeriOlusturulduMu'

2021-11-23 16:42:00 - [TEST_CASE][PASSED] - Test Cases/Tablo/TablodaUnvanliVeriOlusturulduMu: Test Cases/Tablo/TablodaUnvanliVeriOlusturulduMu

2021-11-23 16:42:01 - [TEST_STEP][PASSED] - waitForElementVisible(findTestObject("Tablo/OlusturulanVeri"), 10, STOP_ON_FAILURE): Object 'Object Repository/Tablo/OlusturulanVeri' is visible

2021-11-23 16:42:01 - [MESSAGE][INFO] - Finding Test Object 'Object Repository/Tablo/OlusturulanVeri'

2021-11-23 16:42:01 - [MESSAGE][INFO] - Checking object

2021-11-23 16:42:01 - [MESSAGE][INFO] - Checking timeout

2021-11-23 16:42:01 - [MESSAGE][INFO] - Finding web element from Test Object's properties

2021-11-23 16:42:01 - [MESSAGE][INFO] - Checking timeout

2021-11-23 16:42:01 - [MESSAGE][INFO] - Finding web element with id: 'Object Repository/Tablo/OlusturulanVeri' located by 'By.cssSelector: table.dxgvTable_LECustomTheme>tbody>tr:nth-child(3)>td.dxgv b,table.dxgvTable_LECustomTheme>tbody>tr:nth-child(3)>td.dxgv' in '10' second(s)

2021-11-23 16:42:01 - [MESSAGE][INFO] - Smart Wait Function is triggered

2021-11-23 16:42:01 - [MESSAGE][INFO] - Found 10 web elements with id: 'Object Repository/Tablo/OlusturulanVeri' located by 'By.cssSelector: table.dxgvTable_LECustomTheme>tbody>tr:nth-child(3)>td.dxgv b,table.dxgvTable_LECustomTheme>tbody>tr:nth-child(3)>td.dxgv' in '10' second(s)

2021-11-23 16:42:01 - [MESSAGE][PASSED] - Object 'Object Repository/Tablo/OlusturulanVeri' is visible

2021-11-23 16:42:01 - [TEST_STEP][PASSED] - Method.TextDegerineEsitElementVarMi(findTestObject("Tablo/OlusturulanVeri"), Unvan): Method.TextDegerineEsitElementVarMi is PASSED

2021-11-23 16:42:01 - [MESSAGE][INFO] - Finding Test Object 'Object Repository/Tablo/OlusturulanVeri'

2021-11-23 16:42:01 - [MESSAGE][INFO] - Checking timeout

2021-11-23 16:42:01 - [MESSAGE][INFO] - Finding web element with id: 'Object Repository/Tablo/OlusturulanVeri' located by 'By.cssSelector: table.dxgvTable_LECustomTheme>tbody>tr:nth-child(3)>td.dxgv b,table.dxgvTable_LECustomTheme>tbody>tr:nth-child(3)>td.dxgv' in '10' second(s)

2021-11-23 16:42:01 - [MESSAGE][INFO] - Smart Wait Function is triggered

2021-11-23 16:42:01 - [MESSAGE][INFO] - Found 10 web elements with id: 'Object Repository/Tablo/OlusturulanVeri' located by 'By.cssSelector: table.dxgvTable_LECustomTheme>tbody>tr:nth-child(3)>td.dxgv b,table.dxgvTable_LECustomTheme>tbody>tr:nth-child(3)>td.dxgv' in '10' second(s)

2021-11-23 16:42:02 - [MESSAGE][PASSED] - Method.TextDegerineEsitElementVarMi is PASSED

2021-11-23 16:42:02 - [MESSAGE][PASSED] - Call Test Case 'Test Cases/Tablo/TablodaUnvanliVeriOlusturulduMu' successfully

2021-11-23 16:42:02 - [MESSAGE][INFO] - Checking called Test Case

2021-11-23 16:42:02 - [MESSAGE][INFO] - Starting to call Test Case 'Test Cases/Tablo/TablodanVeriSec'

2021-11-23 16:42:02 - [TEST_CASE][PASSED] - Test Cases/Tablo/TablodanVeriSec: Test Cases/Tablo/TablodanVeriSec

2021-11-23 16:42:02 - [TEST_STEP][PASSED] - Method.TextDegerineEsitElementinAltindakineTikla(findTestObject("Tablo/Veriler"), findTestObject("Tablo/VerininCheckBoxi"), Veri_Adi): Method.TextDegerineEsitElementinAltindakineTikla is PASSED

2021-11-23 16:42:02 - [MESSAGE][INFO] - Finding Test Object 'Object Repository/Tablo/Veriler'

2021-11-23 16:42:02 - [MESSAGE][INFO] - Finding Test Object 'Object Repository/Tablo/VerininCheckBoxi'

2021-11-23 16:42:02 - [MESSAGE][INFO] - Checking timeout

2021-11-23 16:42:02 - [MESSAGE][INFO] - Finding web element with id: 'Object Repository/Tablo/Veriler' located by 'By.cssSelector: td.dxgv b ,td.dxgv' in '10' second(s)

2021-11-23 16:42:02 - [MESSAGE][INFO] - Smart Wait Function is triggered

2021-11-23 16:42:02 - [MESSAGE][INFO] - Found 30 web elements with id: 'Object Repository/Tablo/Veriler' located by 'By.cssSelector: td.dxgv b ,td.dxgv' in '10' second(s)

2021-11-23 16:42:02 - [MESSAGE][INFO] - Smart Wait Function is triggered

2021-11-23 16:42:03 - [MESSAGE][PASSED] - Method.TextDegerineEsitElementinAltindakineTikla is PASSED

2021-11-23 16:42:03 - [MESSAGE][PASSED] - Call Test Case 'Test Cases/Tablo/TablodanVeriSec' successfully

2021-11-23 16:42:03 - [MESSAGE][INFO] - Checking called Test Case

2021-11-23 16:42:03 - [MESSAGE][INFO] - Starting to call Test Case 'Test Cases/Butonlar/ButonaTikla'

2021-11-23 16:42:03 - [TEST_CASE][PASSED] - Test Cases/Butonlar/ButonaTikla: Test Cases/Butonlar/ButonaTikla

2021-11-23 16:42:03 - [TEST_STEP][PASSED] - Method.TextDegerineEsitElementeTiklaEquals(findTestObject("Butonlar/Butonlar"), Buton_Adi): Method.TextDegerineEsitElementeTiklaEquals is PASSED

2021-11-23 16:42:03 - [MESSAGE][INFO] - Finding Test Object 'Object Repository/Butonlar/Butonlar'

2021-11-23 16:42:03 - [MESSAGE][INFO] - Checking timeout

2021-11-23 16:42:03 - [MESSAGE][INFO] - Finding web element with id: 'Object Repository/Butonlar/Butonlar' located by 'By.cssSelector: .panel.panel-default.text-center.footerPanel .btn,.btn.btn-primary.btnControls' in '10' second(s)

2021-11-23 16:42:03 - [MESSAGE][INFO] - Smart Wait Function is triggered

2021-11-23 16:42:03 - [MESSAGE][INFO] - Found 7 web elements with id: 'Object Repository/Butonlar/Butonlar' located by 'By.cssSelector: .panel.panel-default.text-center.footerPanel .btn,.btn.btn-primary.btnControls' in '10' second(s)

2021-11-23 16:42:05 - [MESSAGE][PASSED] - Method.TextDegerineEsitElementeTiklaEquals is PASSED

2021-11-23 16:42:05 - [MESSAGE][PASSED] - Call Test Case 'Test Cases/Butonlar/ButonaTikla' successfully

2021-11-23 16:42:05 - [MESSAGE][INFO] - Checking called Test Case

2021-11-23 16:42:05 - [MESSAGE][INFO] - Starting to call Test Case 'Test Cases/Olusturma/Genel/GorselTasarimSayfasıBasligiIceriyorMu'

2021-11-23 16:42:05 - [TEST_CASE][PASSED] - Test Cases/Olusturma/Genel/GorselTasarimSayfasıBasligiIceriyorMu: Test Cases/Olusturma/Genel/GorselTasarimSayfasıBasligiIceriyorMu

2021-11-23 16:42:05 - [TEST_STEP][PASSED] - verifyElementText(findTestObject("Object Repository/Olusturma/Genel/GorselTasarimBaslik"), Baslik): Actual text and expected text of test object 'Object Repository/Olusturma/Genel/GorselTasarimBaslik' are matched.

2021-11-23 16:42:05 - [MESSAGE][INFO] - Finding Test Object 'Object Repository/Olusturma/Genel/GorselTasarimBaslik'

2021-11-23 16:42:05 - [MESSAGE][INFO] - Checking object

2021-11-23 16:42:05 - [MESSAGE][INFO] - Finding web element from Test Object's properties

2021-11-23 16:42:05 - [MESSAGE][INFO] - Checking timeout

2021-11-23 16:42:05 - [MESSAGE][INFO] - Finding web element with id: 'Object Repository/Olusturma/Genel/GorselTasarimBaslik' located by 'By.cssSelector: #flAlici_0>div>span' in '30' second(s)

2021-11-23 16:42:05 - [MESSAGE][INFO] - Smart Wait Function is triggered

2021-11-23 16:42:06 - [MESSAGE][INFO] - Found 1 web elements with id: 'Object Repository/Olusturma/Genel/GorselTasarimBaslik' located by 'By.cssSelector: #flAlici_0>div>span' in '30' second(s)

2021-11-23 16:42:06 - [MESSAGE][PASSED] - Actual text and expected text of test object 'Object Repository/Olusturma/Genel/GorselTasarimBaslik' are matched.

2021-11-23 16:42:06 - [MESSAGE][PASSED] - Call Test Case 'Test Cases/Olusturma/Genel/GorselTasarimSayfasıBasligiIceriyorMu' successfully

2021-11-23 16:42:06 - [MESSAGE][INFO] - Checking called Test Case

2021-11-23 16:42:06 - [MESSAGE][INFO] - Starting to call Test Case 'Test Cases/Olusturma/Genel/NotGirilir'

2021-11-23 16:42:06 - [TEST_CASE][PASSED] - Test Cases/Olusturma/Genel/NotGirilir: Test Cases/Olusturma/Genel/NotGirilir

2021-11-23 16:42:06 - [TEST_STEP][PASSED] - i = 0: null

2021-11-23 16:42:06 - [TEST_STEP][PASSED] - waitForElementClickable(findTestObject("Olusturma/Genel/Not/Notlar"), 10): Object 'Object Repository/Olusturma/Genel/Not/Notlar' is clickable

2021-11-23 16:42:06 - [MESSAGE][INFO] - Finding Test Object 'Object Repository/Olusturma/Genel/Not/Notlar'

2021-11-23 16:42:06 - [MESSAGE][INFO] - Checking object

2021-11-23 16:42:06 - [MESSAGE][INFO] - Checking timeout

2021-11-23 16:42:06 - [MESSAGE][INFO] - Finding web element from Test Object's properties

2021-11-23 16:42:06 - [MESSAGE][INFO] - Checking timeout

2021-11-23 16:42:06 - [MESSAGE][INFO] - Finding web element with id: 'Object Repository/Olusturma/Genel/Not/Notlar' located by 'By.xpath: //*[@id = 'txtNote_I']' in '10' second(s)

2021-11-23 16:42:06 - [MESSAGE][INFO] - Smart Wait Function is triggered

2021-11-23 16:42:06 - [MESSAGE][INFO] - Found 1 web elements with id: 'Object Repository/Olusturma/Genel/Not/Notlar' located by 'By.xpath: //*[@id = 'txtNote_I']' in '10' second(s)

2021-11-23 16:42:06 - [MESSAGE][PASSED] - Object 'Object Repository/Olusturma/Genel/Not/Notlar' is clickable

2021-11-23 16:42:06 - [TEST_STEP][PASSED] - clearText(findTestObject("Olusturma/Genel/Not/Notlar")): Text of object 'Object Repository/Olusturma/Genel/Not/Notlar' is cleared

2021-11-23 16:42:06 - [MESSAGE][INFO] - Finding Test Object 'Object Repository/Olusturma/Genel/Not/Notlar'

2021-11-23 16:42:06 - [MESSAGE][INFO] - Checking object

2021-11-23 16:42:06 - [MESSAGE][INFO] - Finding web element from Test Object's properties

2021-11-23 16:42:06 - [MESSAGE][INFO] - Checking timeout

2021-11-23 16:42:06 - [MESSAGE][INFO] - Finding web element with id: 'Object Repository/Olusturma/Genel/Not/Notlar' located by 'By.xpath: //*[@id = 'txtNote_I']' in '30' second(s)

2021-11-23 16:42:06 - [MESSAGE][INFO] - Smart Wait Function is triggered

2021-11-23 16:42:07 - [MESSAGE][INFO] - Found 1 web elements with id: 'Object Repository/Olusturma/Genel/Not/Notlar' located by 'By.xpath: //*[@id = 'txtNote_I']' in '30' second(s)

2021-11-23 16:42:07 - [MESSAGE][INFO] - Clearing text of object 'Object Repository/Olusturma/Genel/Not/Notlar'

2021-11-23 16:42:07 - [MESSAGE][PASSED] - Text of object 'Object Repository/Olusturma/Genel/Not/Notlar' is cleared

2021-11-23 16:42:07 - [TEST_STEP][PASSED] - click(findTestObject("Olusturma/Genel/Not/Notlar")): Object: 'Object Repository/Olusturma/Genel/Not/Notlar' is clicked on

2021-11-23 16:42:07 - [MESSAGE][INFO] - Finding Test Object 'Object Repository/Olusturma/Genel/Not/Notlar'

2021-11-23 16:42:07 - [MESSAGE][INFO] - Checking object

2021-11-23 16:42:07 - [MESSAGE][INFO] - Finding web element from Test Object's properties

2021-11-23 16:42:07 - [MESSAGE][INFO] - Checking timeout

2021-11-23 16:42:07 - [MESSAGE][INFO] - Finding web element with id: 'Object Repository/Olusturma/Genel/Not/Notlar' located by 'By.xpath: //*[@id = 'txtNote_I']' in '30' second(s)

2021-11-23 16:42:07 - [MESSAGE][INFO] - Smart Wait Function is triggered

2021-11-23 16:42:07 - [MESSAGE][INFO] - Found 1 web elements with id: 'Object Repository/Olusturma/Genel/Not/Notlar' located by 'By.xpath: //*[@id = 'txtNote_I']' in '30' second(s)

2021-11-23 16:42:07 - [MESSAGE][INFO] - Clicking on object: 'Object Repository/Olusturma/Genel/Not/Notlar'

2021-11-23 16:42:07 - [MESSAGE][PASSED] - Object: 'Object Repository/Olusturma/Genel/Not/Notlar' is clicked on

2021-11-23 16:42:07 - [TEST_STEP][PASSED] - while (true): null

2021-11-23 16:42:07 - [TEST_STEP][PASSED] - delay(1): Delayed 1 second(s)

2021-11-23 16:42:07 - [MESSAGE][INFO] - Delaying browser in 1 second(s)

2021-11-23 16:42:08 - [MESSAGE][PASSED] - Delayed 1 second(s)

2021-11-23 16:42:08 - [TEST_STEP][PASSED] - ajaxIsComplete = executeJavaScript("return jQuery.active == 0", null): Execute JavaScript 'return jQuery.active == 0' successfully

2021-11-23 16:42:08 - [MESSAGE][PASSED] - Execute JavaScript 'return jQuery.active == 0' successfully

2021-11-23 16:42:08 - [TEST_STEP][PASSED] - if (ajaxIsComplete): null

2021-11-23 16:42:08 - [TEST_STEP][PASSED] - break: null

2021-11-23 16:42:08 - [TEST_STEP][PASSED] - sendKeys(findTestObject("Olusturma/Genel/Not/Notlar"), Not): Keys 'Otomasyon Not Değiştir' sent to object: 'Object Repository/Olusturma/Genel/Not/Notlar'

2021-11-23 16:42:08 - [MESSAGE][INFO] - Finding Test Object 'Object Repository/Olusturma/Genel/Not/Notlar'

2021-11-23 16:42:08 - [MESSAGE][INFO] - Sending keys 'Otomasyon Not Değiştir' to object: 'Object Repository/Olusturma/Genel/Not/Notlar'

2021-11-23 16:42:08 - [MESSAGE][INFO] - Finding web element from Test Object's properties

2021-11-23 16:42:08 - [MESSAGE][INFO] - Checking timeout

2021-11-23 16:42:08 - [MESSAGE][INFO] - Finding web element with id: 'Object Repository/Olusturma/Genel/Not/Notlar' located by 'By.xpath: //*[@id = 'txtNote_I']' in '30' second(s)

2021-11-23 16:42:08 - [MESSAGE][INFO] - Smart Wait Function is triggered

2021-11-23 16:42:09 - [MESSAGE][INFO] - Found 1 web elements with id: 'Object Repository/Olusturma/Genel/Not/Notlar' located by 'By.xpath: //*[@id = 'txtNote_I']' in '30' second(s)

2021-11-23 16:42:09 - [MESSAGE][PASSED] - Keys 'Otomasyon Not Değiştir' sent to object: 'Object Repository/Olusturma/Genel/Not/Notlar'

2021-11-23 16:42:09 - [MESSAGE][PASSED] - Call Test Case 'Test Cases/Olusturma/Genel/NotGirilir' successfully

2021-11-23 16:42:09 - [MESSAGE][INFO] - Checking called Test Case

2021-11-23 16:42:09 - [MESSAGE][INFO] - Starting to call Test Case 'Test Cases/Olusturma/Genel/KaydetButonunaTiklanir'

2021-11-23 16:42:09 - [TEST_CASE][PASSED] - Test Cases/Olusturma/Genel/KaydetButonunaTiklanir: Test Cases/Olusturma/Genel/KaydetButonunaTiklanir

2021-11-23 16:42:09 - [TEST_STEP][PASSED] - i = 0: null

2021-11-23 16:42:09 - [TEST_STEP][PASSED] - waitForElementPresent(findTestObject("Olusturma/Genel/Not/Notlar"), 10): Object 'Object Repository/Olusturma/Genel/Not/Notlar' is present

2021-11-23 16:42:09 - [MESSAGE][INFO] - Finding Test Object 'Object Repository/Olusturma/Genel/Not/Notlar'

2021-11-23 16:42:09 - [MESSAGE][INFO] - Checking object

2021-11-23 16:42:09 - [MESSAGE][INFO] - Finding web element from Test Object's properties

2021-11-23 16:42:09 - [MESSAGE][INFO] - Checking timeout

2021-11-23 16:42:09 - [MESSAGE][INFO] - Finding web element with id: 'Object Repository/Olusturma/Genel/Not/Notlar' located by 'By.xpath: //*[@id = 'txtNote_I']' in '10' second(s)

2021-11-23 16:42:09 - [MESSAGE][INFO] - Smart Wait Function is triggered

2021-11-23 16:42:09 - [MESSAGE][INFO] - Found 1 web elements with id: 'Object Repository/Olusturma/Genel/Not/Notlar' located by 'By.xpath: //*[@id = 'txtNote_I']' in '10' second(s)

2021-11-23 16:42:09 - [MESSAGE][PASSED] - Object 'Object Repository/Olusturma/Genel/Not/Notlar' is present

2021-11-23 16:42:09 - [TEST_STEP][PASSED] - click(findTestObject("Olusturma/Genel/Not/Notlar")): Object: 'Object Repository/Olusturma/Genel/Not/Notlar' is clicked on

2021-11-23 16:42:09 - [MESSAGE][INFO] - Finding Test Object 'Object Repository/Olusturma/Genel/Not/Notlar'

2021-11-23 16:42:09 - [MESSAGE][INFO] - Checking object

2021-11-23 16:42:09 - [MESSAGE][INFO] - Finding web element from Test Object's properties

2021-11-23 16:42:09 - [MESSAGE][INFO] - Checking timeout

2021-11-23 16:42:09 - [MESSAGE][INFO] - Finding web element with id: 'Object Repository/Olusturma/Genel/Not/Notlar' located by 'By.xpath: //*[@id = 'txtNote_I']' in '30' second(s)

2021-11-23 16:42:09 - [MESSAGE][INFO] - Smart Wait Function is triggered

2021-11-23 16:42:10 - [MESSAGE][INFO] - Found 1 web elements with id: 'Object Repository/Olusturma/Genel/Not/Notlar' located by 'By.xpath: //*[@id = 'txtNote_I']' in '30' second(s)

2021-11-23 16:42:10 - [MESSAGE][INFO] - Clicking on object: 'Object Repository/Olusturma/Genel/Not/Notlar'

2021-11-23 16:42:10 - [MESSAGE][PASSED] - Object: 'Object Repository/Olusturma/Genel/Not/Notlar' is clicked on

2021-11-23 16:42:10 - [TEST_STEP][PASSED] - while (true): null

2021-11-23 16:42:10 - [TEST_STEP][PASSED] - delay(1): Delayed 1 second(s)

2021-11-23 16:42:10 - [MESSAGE][INFO] - Delaying browser in 1 second(s)

2021-11-23 16:42:11 - [MESSAGE][PASSED] - Delayed 1 second(s)

2021-11-23 16:42:11 - [TEST_STEP][PASSED] - ajaxIsComplete = executeJavaScript("return jQuery.active == 0", null): Execute JavaScript 'return jQuery.active == 0' successfully

2021-11-23 16:42:11 - [MESSAGE][PASSED] - Execute JavaScript 'return jQuery.active == 0' successfully

2021-11-23 16:42:11 - [TEST_STEP][PASSED] - if (ajaxIsComplete): null

2021-11-23 16:42:11 - [TEST_STEP][PASSED] - break: null

2021-11-23 16:42:11 - [TEST_STEP][PASSED] - waitForElementClickable(findTestObject("Object Repository/Olusturma/Genel/Buton"), 10): Object 'Object Repository/Olusturma/Genel/Buton' is clickable

2021-11-23 16:42:11 - [MESSAGE][INFO] - Finding Test Object 'Object Repository/Olusturma/Genel/Buton'

2021-11-23 16:42:11 - [MESSAGE][INFO] - Checking object

2021-11-23 16:42:11 - [MESSAGE][INFO] - Checking timeout

2021-11-23 16:42:11 - [MESSAGE][INFO] - Finding web element from Test Object's properties

2021-11-23 16:42:11 - [MESSAGE][INFO] - Checking timeout

2021-11-23 16:42:11 - [MESSAGE][INFO] - Finding web element with id: 'Object Repository/Olusturma/Genel/Buton' located by 'By.xpath: //*[@id = 'btnKaydet']' in '10' second(s)

2021-11-23 16:42:11 - [MESSAGE][INFO] - Smart Wait Function is triggered

2021-11-23 16:42:11 - [MESSAGE][INFO] - Found 1 web elements with id: 'Object Repository/Olusturma/Genel/Buton' located by 'By.xpath: //*[@id = 'btnKaydet']' in '10' second(s)

2021-11-23 16:42:11 - [MESSAGE][PASSED] - Object 'Object Repository/Olusturma/Genel/Buton' is clickable

2021-11-23 16:42:11 - [TEST_STEP][PASSED] - click(findTestObject("Object Repository/Olusturma/Genel/Buton")): Object: 'Object Repository/Olusturma/Genel/Buton' is clicked on

2021-11-23 16:42:11 - [MESSAGE][INFO] - Finding Test Object 'Object Repository/Olusturma/Genel/Buton'

2021-11-23 16:42:11 - [MESSAGE][INFO] - Checking object

2021-11-23 16:42:11 - [MESSAGE][INFO] - Finding web element from Test Object's properties

2021-11-23 16:42:11 - [MESSAGE][INFO] - Checking timeout

2021-11-23 16:42:11 - [MESSAGE][INFO] - Finding web element with id: 'Object Repository/Olusturma/Genel/Buton' located by 'By.xpath: //*[@id = 'btnKaydet']' in '30' second(s)

2021-11-23 16:42:11 - [MESSAGE][INFO] - Smart Wait Function is triggered

2021-11-23 16:42:12 - [MESSAGE][INFO] - Found 1 web elements with id: 'Object Repository/Olusturma/Genel/Buton' located by 'By.xpath: //*[@id = 'btnKaydet']' in '30' second(s)

2021-11-23 16:42:12 - [MESSAGE][INFO] - Clicking on object: 'Object Repository/Olusturma/Genel/Buton'

2021-11-23 16:42:13 - [MESSAGE][PASSED] - Object: 'Object Repository/Olusturma/Genel/Buton' is clicked on

2021-11-23 16:42:13 - [MESSAGE][PASSED] - Call Test Case 'Test Cases/Olusturma/Genel/KaydetButonunaTiklanir' successfully

2021-11-23 16:42:13 - [MESSAGE][INFO] - Checking called Test Case

2021-11-23 16:42:13 - [MESSAGE][INFO] - Starting to call Test Case 'Test Cases/Tablo/TablodaUnvanliVeriOlusturulduMu'

2021-11-23 16:42:13 - [TEST_CASE][PASSED] - Test Cases/Tablo/TablodaUnvanliVeriOlusturulduMu: Test Cases/Tablo/TablodaUnvanliVeriOlusturulduMu

2021-11-23 16:42:13 - [TEST_STEP][PASSED] - waitForElementVisible(findTestObject("Tablo/OlusturulanVeri"), 10, STOP_ON_FAILURE): Object 'Object Repository/Tablo/OlusturulanVeri' is visible

2021-11-23 16:42:13 - [MESSAGE][INFO] - Finding Test Object 'Object Repository/Tablo/OlusturulanVeri'

2021-11-23 16:42:13 - [MESSAGE][INFO] - Checking object

2021-11-23 16:42:13 - [MESSAGE][INFO] - Checking timeout

2021-11-23 16:42:13 - [MESSAGE][INFO] - Finding web element from Test Object's properties

2021-11-23 16:42:13 - [MESSAGE][INFO] - Checking timeout

2021-11-23 16:42:13 - [MESSAGE][INFO] - Finding web element with id: 'Object Repository/Tablo/OlusturulanVeri' located by 'By.cssSelector: table.dxgvTable_LECustomTheme>tbody>tr:nth-child(3)>td.dxgv b,table.dxgvTable_LECustomTheme>tbody>tr:nth-child(3)>td.dxgv' in '10' second(s)

2021-11-23 16:42:13 - [MESSAGE][INFO] - Smart Wait Function is triggered

2021-11-23 16:42:13 - [MESSAGE][INFO] - Found 10 web elements with id: 'Object Repository/Tablo/OlusturulanVeri' located by 'By.cssSelector: table.dxgvTable_LECustomTheme>tbody>tr:nth-child(3)>td.dxgv b,table.dxgvTable_LECustomTheme>tbody>tr:nth-child(3)>td.dxgv' in '10' second(s)

2021-11-23 16:42:13 - [MESSAGE][PASSED] - Object 'Object Repository/Tablo/OlusturulanVeri' is visible

2021-11-23 16:42:13 - [TEST_STEP][PASSED] - Method.TextDegerineEsitElementVarMi(findTestObject("Tablo/OlusturulanVeri"), Unvan): Method.TextDegerineEsitElementVarMi is PASSED

2021-11-23 16:42:13 - [MESSAGE][INFO] - Finding Test Object 'Object Repository/Tablo/OlusturulanVeri'

2021-11-23 16:42:14 - [MESSAGE][INFO] - Checking timeout

2021-11-23 16:42:14 - [MESSAGE][INFO] - Finding web element with id: 'Object Repository/Tablo/OlusturulanVeri' located by 'By.cssSelector: table.dxgvTable_LECustomTheme>tbody>tr:nth-child(3)>td.dxgv b,table.dxgvTable_LECustomTheme>tbody>tr:nth-child(3)>td.dxgv' in '10' second(s)

2021-11-23 16:42:14 - [MESSAGE][INFO] - Smart Wait Function is triggered

2021-11-23 16:42:14 - [MESSAGE][INFO] - Found 10 web elements with id: 'Object Repository/Tablo/OlusturulanVeri' located by 'By.cssSelector: table.dxgvTable_LECustomTheme>tbody>tr:nth-child(3)>td.dxgv b,table.dxgvTable_LECustomTheme>tbody>tr:nth-child(3)>td.dxgv' in '10' second(s)

2021-11-23 16:42:14 - [MESSAGE][PASSED] - Method.TextDegerineEsitElementVarMi is PASSED

2021-11-23 16:42:14 - [MESSAGE][PASSED] - Call Test Case 'Test Cases/Tablo/TablodaUnvanliVeriOlusturulduMu' successfully

2021-11-23 16:42:14 - [MESSAGE][INFO] - Checking called Test Case

2021-11-23 16:42:14 - [MESSAGE][INFO] - Starting to call Test Case 'Test Cases/Tablo/TablodanVeriSec'

2021-11-23 16:42:14 - [TEST_CASE][PASSED] - Test Cases/Tablo/TablodanVeriSec: Test Cases/Tablo/TablodanVeriSec

2021-11-23 16:42:14 - [TEST_STEP][PASSED] - Method.TextDegerineEsitElementinAltindakineTikla(findTestObject("Tablo/Veriler"), findTestObject("Tablo/VerininCheckBoxi"), Veri_Adi): Method.TextDegerineEsitElementinAltindakineTikla is PASSED

2021-11-23 16:42:14 - [MESSAGE][INFO] - Finding Test Object 'Object Repository/Tablo/Veriler'

2021-11-23 16:42:14 - [MESSAGE][INFO] - Finding Test Object 'Object Repository/Tablo/VerininCheckBoxi'

2021-11-23 16:42:14 - [MESSAGE][INFO] - Checking timeout

2021-11-23 16:42:14 - [MESSAGE][INFO] - Finding web element with id: 'Object Repository/Tablo/Veriler' located by 'By.cssSelector: td.dxgv b ,td.dxgv' in '10' second(s)

2021-11-23 16:42:14 - [MESSAGE][INFO] - Smart Wait Function is triggered

2021-11-23 16:42:15 - [MESSAGE][INFO] - Found 30 web elements with id: 'Object Repository/Tablo/Veriler' located by 'By.cssSelector: td.dxgv b ,td.dxgv' in '10' second(s)

2021-11-23 16:42:15 - [MESSAGE][INFO] - Smart Wait Function is triggered

2021-11-23 16:42:15 - [MESSAGE][PASSED] - Method.TextDegerineEsitElementinAltindakineTikla is PASSED

2021-11-23 16:42:15 - [MESSAGE][PASSED] - Call Test Case 'Test Cases/Tablo/TablodanVeriSec' successfully

2021-11-23 16:42:15 - [MESSAGE][INFO] - Checking called Test Case

2021-11-23 16:42:15 - [MESSAGE][INFO] - Starting to call Test Case 'Test Cases/Butonlar/ButonaTikla'

2021-11-23 16:42:15 - [TEST_CASE][PASSED] - Test Cases/Butonlar/ButonaTikla: Test Cases/Butonlar/ButonaTikla

2021-11-23 16:42:15 - [TEST_STEP][PASSED] - Method.TextDegerineEsitElementeTiklaEquals(findTestObject("Butonlar/Butonlar"), Buton_Adi): Method.TextDegerineEsitElementeTiklaEquals is PASSED

2021-11-23 16:42:15 - [MESSAGE][INFO] - Finding Test Object 'Object Repository/Butonlar/Butonlar'

2021-11-23 16:42:16 - [MESSAGE][INFO] - Checking timeout

2021-11-23 16:42:16 - [MESSAGE][INFO] - Finding web element with id: 'Object Repository/Butonlar/Butonlar' located by 'By.cssSelector: .panel.panel-default.text-center.footerPanel .btn,.btn.btn-primary.btnControls' in '10' second(s)

2021-11-23 16:42:16 - [MESSAGE][INFO] - Smart Wait Function is triggered

2021-11-23 16:42:16 - [MESSAGE][INFO] - Found 7 web elements with id: 'Object Repository/Butonlar/Butonlar' located by 'By.cssSelector: .panel.panel-default.text-center.footerPanel .btn,.btn.btn-primary.btnControls' in '10' second(s)

2021-11-23 16:42:16 - [MESSAGE][PASSED] - Method.TextDegerineEsitElementeTiklaEquals is PASSED

2021-11-23 16:42:16 - [MESSAGE][PASSED] - Call Test Case 'Test Cases/Butonlar/ButonaTikla' successfully

2021-11-23 16:42:16 - [MESSAGE][INFO] - Checking called Test Case

2021-11-23 16:42:16 - [MESSAGE][INFO] - Starting to call Test Case 'Test Cases/Popup/PopupMesajiIceriyorMu'

2021-11-23 16:42:16 - [TEST_CASE][PASSED] - Test Cases/Popup/PopupMesajiIceriyorMu: Test Cases/Popup/PopupMesajiIceriyorMu

2021-11-23 16:42:16 - [TEST_STEP][PASSED] - waitForElementVisible(findTestObject("Popup/Popup"), 10): Object 'Object Repository/Popup/Popup' is visible

2021-11-23 16:42:16 - [MESSAGE][INFO] - Finding Test Object 'Object Repository/Popup/Popup'

2021-11-23 16:42:16 - [MESSAGE][INFO] - Checking object

2021-11-23 16:42:16 - [MESSAGE][INFO] - Checking timeout

2021-11-23 16:42:16 - [MESSAGE][INFO] - Finding web element from Test Object's properties

2021-11-23 16:42:16 - [MESSAGE][INFO] - Checking timeout

2021-11-23 16:42:16 - [MESSAGE][INFO] - Finding web element with id: 'Object Repository/Popup/Popup' located by 'By.cssSelector: .bootbox-body' in '10' second(s)

2021-11-23 16:42:16 - [MESSAGE][INFO] - Smart Wait Function is triggered

2021-11-23 16:42:17 - [MESSAGE][INFO] - Found 1 web elements with id: 'Object Repository/Popup/Popup' located by 'By.cssSelector: .bootbox-body' in '10' second(s)

2021-11-23 16:42:17 - [MESSAGE][PASSED] - Object 'Object Repository/Popup/Popup' is visible

2021-11-23 16:42:17 - [TEST_STEP][PASSED] - if (!(getText(findTestObject("Popup/Popup")).contains(Mesaj))): Text of object 'Object Repository/Popup/Popup' is: 'Oluşturulacak makbuz numarası : EMM2021000000475 Makbuz numarası oluşturulduktan sonra makbuz silinemez. Makbuz numarası, tarihi ve ön eki değiştirilemez. Devam etmek istiyor musunuz?'

2021-11-23 16:42:17 - [MESSAGE][INFO] - Finding Test Object 'Object Repository/Popup/Popup'

2021-11-23 16:42:17 - [MESSAGE][INFO] - Checking object

2021-11-23 16:42:17 - [MESSAGE][INFO] - Finding web element from Test Object's properties

2021-11-23 16:42:17 - [MESSAGE][INFO] - Checking timeout

2021-11-23 16:42:17 - [MESSAGE][INFO] - Finding web element with id: 'Object Repository/Popup/Popup' located by 'By.cssSelector: .bootbox-body' in '30' second(s)

2021-11-23 16:42:17 - [MESSAGE][INFO] - Smart Wait Function is triggered

2021-11-23 16:42:17 - [MESSAGE][INFO] - Found 1 web elements with id: 'Object Repository/Popup/Popup' located by 'By.cssSelector: .bootbox-body' in '30' second(s)

2021-11-23 16:42:17 - [MESSAGE][INFO] - Getting text of object 'Object Repository/Popup/Popup'

2021-11-23 16:42:17 - [MESSAGE][PASSED] - Text of object 'Object Repository/Popup/Popup' is: 'Oluşturulacak makbuz numarası : EMM2021000000475 Makbuz numarası oluşturulduktan sonra makbuz silinemez. Makbuz numarası, tarihi ve ön eki değiştirilemez. Devam etmek istiyor musunuz?'

2021-11-23 16:42:17 - [TEST_STEP][PASSED] - RaporNo = getText(findTestObject("Popup/Popup")).substring(0, 6): Text of object 'Object Repository/Popup/Popup' is: 'Oluşturulacak makbuz numarası : EMM2021000000475 Makbuz numarası oluşturulduktan sonra makbuz silinemez. Makbuz numarası, tarihi ve ön eki değiştirilemez. Devam etmek istiyor musunuz?'

2021-11-23 16:42:17 - [MESSAGE][INFO] - Finding Test Object 'Object Repository/Popup/Popup'

2021-11-23 16:42:18 - [MESSAGE][INFO] - Checking object

2021-11-23 16:42:18 - [MESSAGE][INFO] - Finding web element from Test Object's properties

2021-11-23 16:42:18 - [MESSAGE][INFO] - Checking timeout

2021-11-23 16:42:18 - [MESSAGE][INFO] - Finding web element with id: 'Object Repository/Popup/Popup' located by 'By.cssSelector: .bootbox-body' in '30' second(s)

2021-11-23 16:42:18 - [MESSAGE][INFO] - Smart Wait Function is triggered

2021-11-23 16:42:18 - [MESSAGE][INFO] - Found 1 web elements with id: 'Object Repository/Popup/Popup' located by 'By.cssSelector: .bootbox-body' in '30' second(s)

2021-11-23 16:42:18 - [MESSAGE][INFO] - Getting text of object 'Object Repository/Popup/Popup'

2021-11-23 16:42:18 - [MESSAGE][PASSED] - Text of object 'Object Repository/Popup/Popup' is: 'Oluşturulacak makbuz numarası : EMM2021000000475 Makbuz numarası oluşturulduktan sonra makbuz silinemez. Makbuz numarası, tarihi ve ön eki değiştirilemez. Devam etmek istiyor musunuz?'

2021-11-23 16:42:18 - [TEST_STEP][PASSED] - Console.println(RaporNo): null

2021-11-23 16:42:18 - [MESSAGE][PASSED] - Call Test Case 'Test Cases/Popup/PopupMesajiIceriyorMu' successfully

2021-11-23 16:42:18 - [MESSAGE][INFO] - Checking called Test Case

2021-11-23 16:42:18 - [MESSAGE][INFO] - Starting to call Test Case 'Test Cases/Popup/PopupButonSecilir'

2021-11-23 16:42:18 - [TEST_CASE][PASSED] - Test Cases/Popup/PopupButonSecilir: Test Cases/Popup/PopupButonSecilir

2021-11-23 16:42:18 - [TEST_STEP][PASSED] - Method.TextDegerineEsitElementeTikla(findTestObject("Popup/Popup_Butons"), Buton): Method.TextDegerineEsitElementeTikla is PASSED

2021-11-23 16:42:18 - [MESSAGE][INFO] - Finding Test Object 'Object Repository/Popup/Popup_Butons'

2021-11-23 16:42:18 - [MESSAGE][INFO] - Checking timeout

2021-11-23 16:42:18 - [MESSAGE][INFO] - Finding web element with id: 'Object Repository/Popup/Popup_Butons' located by 'By.cssSelector: .modal-footer>button' in '10' second(s)

2021-11-23 16:42:18 - [MESSAGE][INFO] - Smart Wait Function is triggered

2021-11-23 16:42:18 - [MESSAGE][INFO] - Found 2 web elements with id: 'Object Repository/Popup/Popup_Butons' located by 'By.cssSelector: .modal-footer>button' in '10' second(s)

2021-11-23 16:42:19 - [MESSAGE][PASSED] - Method.TextDegerineEsitElementeTikla is PASSED

2021-11-23 16:42:19 - [MESSAGE][PASSED] - Call Test Case 'Test Cases/Popup/PopupButonSecilir' successfully

2021-11-23 16:42:19 - [MESSAGE][INFO] - Checking called Test Case

2021-11-23 16:42:19 - [MESSAGE][INFO] - Starting to call Test Case 'Test Cases/Popup/PopupMesajiIceriyorMu'

2021-11-23 16:42:19 - [TEST_CASE][PASSED] - Test Cases/Popup/PopupMesajiIceriyorMu: Test Cases/Popup/PopupMesajiIceriyorMu

2021-11-23 16:42:19 - [TEST_STEP][PASSED] - waitForElementVisible(findTestObject("Popup/Popup"), 10): Object 'Object Repository/Popup/Popup' is visible

2021-11-23 16:42:19 - [MESSAGE][INFO] - Finding Test Object 'Object Repository/Popup/Popup'

2021-11-23 16:42:19 - [MESSAGE][INFO] - Checking object

2021-11-23 16:42:19 - [MESSAGE][INFO] - Checking timeout

2021-11-23 16:42:19 - [MESSAGE][INFO] - Finding web element from Test Object's properties

2021-11-23 16:42:19 - [MESSAGE][INFO] - Checking timeout

2021-11-23 16:42:19 - [MESSAGE][INFO] - Finding web element with id: 'Object Repository/Popup/Popup' located by 'By.cssSelector: .bootbox-body' in '10' second(s)

2021-11-23 16:42:19 - [MESSAGE][INFO] - Smart Wait Function is triggered

2021-11-23 16:42:19 - [MESSAGE][INFO] - Found 1 web elements with id: 'Object Repository/Popup/Popup' located by 'By.cssSelector: .bootbox-body' in '10' second(s)

2021-11-23 16:42:19 - [MESSAGE][PASSED] - Object 'Object Repository/Popup/Popup' is visible

2021-11-23 16:42:19 - [TEST_STEP][PASSED] - if (!(getText(findTestObject("Popup/Popup")).contains(Mesaj))): Text of object 'Object Repository/Popup/Popup' is: 'Makbuz numaranız EMM2021000000475 olarak oluşmuştur.'

2021-11-23 16:42:19 - [MESSAGE][INFO] - Finding Test Object 'Object Repository/Popup/Popup'

2021-11-23 16:42:20 - [MESSAGE][INFO] - Checking object

2021-11-23 16:42:20 - [MESSAGE][INFO] - Finding web element from Test Object's properties

2021-11-23 16:42:20 - [MESSAGE][INFO] - Checking timeout

2021-11-23 16:42:20 - [MESSAGE][INFO] - Finding web element with id: 'Object Repository/Popup/Popup' located by 'By.cssSelector: .bootbox-body' in '30' second(s)

2021-11-23 16:42:20 - [MESSAGE][INFO] - Smart Wait Function is triggered

2021-11-23 16:42:20 - [MESSAGE][INFO] - Found 1 web elements with id: 'Object Repository/Popup/Popup' located by 'By.cssSelector: .bootbox-body' in '30' second(s)

2021-11-23 16:42:20 - [MESSAGE][INFO] - Getting text of object 'Object Repository/Popup/Popup'

2021-11-23 16:42:20 - [MESSAGE][PASSED] - Text of object 'Object Repository/Popup/Popup' is: 'Makbuz numaranız EMM2021000000475 olarak oluşmuştur.'

2021-11-23 16:42:20 - [TEST_STEP][PASSED] - RaporNo = getText(findTestObject("Popup/Popup")).substring(0, 6): Text of object 'Object Repository/Popup/Popup' is: 'Makbuz numaranız EMM2021000000475 olarak oluşmuştur.'

2021-11-23 16:42:20 - [MESSAGE][INFO] - Finding Test Object 'Object Repository/Popup/Popup'

2021-11-23 16:42:20 - [MESSAGE][INFO] - Checking object

2021-11-23 16:42:20 - [MESSAGE][INFO] - Finding web element from Test Object's properties

2021-11-23 16:42:20 - [MESSAGE][INFO] - Checking timeout

2021-11-23 16:42:20 - [MESSAGE][INFO] - Finding web element with id: 'Object Repository/Popup/Popup' located by 'By.cssSelector: .bootbox-body' in '30' second(s)

2021-11-23 16:42:20 - [MESSAGE][INFO] - Smart Wait Function is triggered

2021-11-23 16:42:20 - [MESSAGE][INFO] - Found 1 web elements with id: 'Object Repository/Popup/Popup' located by 'By.cssSelector: .bootbox-body' in '30' second(s)

2021-11-23 16:42:20 - [MESSAGE][INFO] - Getting text of object 'Object Repository/Popup/Popup'

2021-11-23 16:42:20 - [MESSAGE][PASSED] - Text of object 'Object Repository/Popup/Popup' is: 'Makbuz numaranız EMM2021000000475 olarak oluşmuştur.'

2021-11-23 16:42:20 - [TEST_STEP][PASSED] - Console.println(RaporNo): null

2021-11-23 16:42:20 - [MESSAGE][PASSED] - Call Test Case 'Test Cases/Popup/PopupMesajiIceriyorMu' successfully

2021-11-23 16:42:20 - [MESSAGE][INFO] - Checking called Test Case

2021-11-23 16:42:20 - [MESSAGE][INFO] - Starting to call Test Case 'Test Cases/Popup/PopupButonSecilir'

2021-11-23 16:42:20 - [TEST_CASE][PASSED] - Test Cases/Popup/PopupButonSecilir: Test Cases/Popup/PopupButonSecilir

2021-11-23 16:42:20 - [TEST_STEP][PASSED] - Method.TextDegerineEsitElementeTikla(findTestObject("Popup/Popup_Butons"), Buton): Method.TextDegerineEsitElementeTikla is PASSED

2021-11-23 16:42:20 - [MESSAGE][INFO] - Finding Test Object 'Object Repository/Popup/Popup_Butons'

2021-11-23 16:42:20 - [MESSAGE][INFO] - Checking timeout

2021-11-23 16:42:20 - [MESSAGE][INFO] - Finding web element with id: 'Object Repository/Popup/Popup_Butons' located by 'By.cssSelector: .modal-footer>button' in '10' second(s)

2021-11-23 16:42:20 - [MESSAGE][INFO] - Smart Wait Function is triggered

2021-11-23 16:42:21 - [MESSAGE][INFO] - Found 1 web elements with id: 'Object Repository/Popup/Popup_Butons' located by 'By.cssSelector: .modal-footer>button' in '10' second(s)

2021-11-23 16:42:21 - [MESSAGE][PASSED] - Method.TextDegerineEsitElementeTikla is PASSED

2021-11-23 16:42:21 - [MESSAGE][PASSED] - Call Test Case 'Test Cases/Popup/PopupButonSecilir' successfully

2021-11-23 16:42:21 - [MESSAGE][INFO] - Checking called Test Case

2021-11-23 16:42:21 - [MESSAGE][INFO] - Starting to call Test Case 'Test Cases/Tablo/TablodanVeriSec'

2021-11-23 16:42:21 - [TEST_CASE][PASSED] - Test Cases/Tablo/TablodanVeriSec: Test Cases/Tablo/TablodanVeriSec

2021-11-23 16:42:21 - [TEST_STEP][PASSED] - Method.TextDegerineEsitElementinAltindakineTikla(findTestObject("Tablo/Veriler"), findTestObject("Tablo/VerininCheckBoxi"), Veri_Adi): Method.TextDegerineEsitElementinAltindakineTikla is PASSED

2021-11-23 16:42:21 - [MESSAGE][INFO] - Finding Test Object 'Object Repository/Tablo/Veriler'

2021-11-23 16:42:21 - [MESSAGE][INFO] - Finding Test Object 'Object Repository/Tablo/VerininCheckBoxi'

2021-11-23 16:42:21 - [MESSAGE][INFO] - Checking timeout

2021-11-23 16:42:21 - [MESSAGE][INFO] - Finding web element with id: 'Object Repository/Tablo/Veriler' located by 'By.cssSelector: td.dxgv b ,td.dxgv' in '10' second(s)

2021-11-23 16:42:21 - [MESSAGE][INFO] - Smart Wait Function is triggered

2021-11-23 16:42:22 - [MESSAGE][INFO] - Found 30 web elements with id: 'Object Repository/Tablo/Veriler' located by 'By.cssSelector: td.dxgv b ,td.dxgv' in '10' second(s)

2021-11-23 16:42:22 - [MESSAGE][INFO] - Smart Wait Function is triggered

2021-11-23 16:42:22 - [MESSAGE][PASSED] - Method.TextDegerineEsitElementinAltindakineTikla is PASSED

2021-11-23 16:42:22 - [MESSAGE][PASSED] - Call Test Case 'Test Cases/Tablo/TablodanVeriSec' successfully

2021-11-23 16:42:22 - [MESSAGE][INFO] - Checking called Test Case

2021-11-23 16:42:22 - [MESSAGE][INFO] - Starting to call Test Case 'Test Cases/Butonlar/ButonaTikla'

2021-11-23 16:42:22 - [TEST_CASE][PASSED] - Test Cases/Butonlar/ButonaTikla: Test Cases/Butonlar/ButonaTikla

2021-11-23 16:42:22 - [TEST_STEP][PASSED] - Method.TextDegerineEsitElementeTiklaEquals(findTestObject("Butonlar/Butonlar"), Buton_Adi): Method.TextDegerineEsitElementeTiklaEquals is PASSED

2021-11-23 16:42:22 - [MESSAGE][INFO] - Finding Test Object 'Object Repository/Butonlar/Butonlar'

2021-11-23 16:42:23 - [MESSAGE][INFO] - Checking timeout

2021-11-23 16:42:23 - [MESSAGE][INFO] - Finding web element with id: 'Object Repository/Butonlar/Butonlar' located by 'By.cssSelector: .panel.panel-default.text-center.footerPanel .btn,.btn.btn-primary.btnControls' in '10' second(s)

2021-11-23 16:42:23 - [MESSAGE][INFO] - Smart Wait Function is triggered

2021-11-23 16:42:23 - [MESSAGE][INFO] - Found 7 web elements with id: 'Object Repository/Butonlar/Butonlar' located by 'By.cssSelector: .panel.panel-default.text-center.footerPanel .btn,.btn.btn-primary.btnControls' in '10' second(s)

2021-11-23 16:42:24 - [MESSAGE][PASSED] - Method.TextDegerineEsitElementeTiklaEquals is PASSED

2021-11-23 16:42:24 - [MESSAGE][PASSED] - Call Test Case 'Test Cases/Butonlar/ButonaTikla' successfully

2021-11-23 16:42:24 - [MESSAGE][INFO] - Checking called Test Case

2021-11-23 16:42:24 - [MESSAGE][INFO] - Starting to call Test Case 'Test Cases/Sekmeler/YeniSekmeyeGec'

2021-11-23 16:42:24 - [TEST_CASE][PASSED] - Test Cases/Sekmeler/YeniSekmeyeGec: Test Cases/Sekmeler/YeniSekmeyeGec

2021-11-23 16:42:24 - [TEST_STEP][PASSED] - switchToWindowIndex(1): Switched to window with index: '1'

2021-11-23 16:42:24 - [MESSAGE][INFO] - Checking index

2021-11-23 16:42:24 - [MESSAGE][INFO] - Switching window with index: '1'

2021-11-23 16:42:24 - [MESSAGE][PASSED] - Switched to window with index: '1'

2021-11-23 16:42:24 - [MESSAGE][PASSED] - Call Test Case 'Test Cases/Sekmeler/YeniSekmeyeGec' successfully

2021-11-23 16:42:24 - [MESSAGE][INFO] - Checking called Test Case

2021-11-23 16:42:24 - [MESSAGE][INFO] - Starting to call Test Case 'Test Cases/Sekmeler/YeniSekmeBasligindaVarMi'

2021-11-23 16:42:24 - [TEST_CASE][PASSED] - Test Cases/Sekmeler/YeniSekmeBasligindaVarMi: Test Cases/Sekmeler/YeniSekmeBasligindaVarMi

2021-11-23 16:42:24 - [TEST_STEP][PASSED] - verifyElementText(findTestObject("Object Repository/Sekmeler/Olusturma_Goster_Baslik"), Title): Actual text and expected text of test object 'Object Repository/Sekmeler/Olusturma_Goster_Baslik' are matched.

2021-11-23 16:42:24 - [MESSAGE][INFO] - Finding Test Object 'Object Repository/Sekmeler/Olusturma_Goster_Baslik'

2021-11-23 16:42:24 - [MESSAGE][INFO] - Checking object

2021-11-23 16:42:24 - [MESSAGE][INFO] - Finding web element from Test Object's properties

2021-11-23 16:42:24 - [MESSAGE][INFO] - Checking timeout

2021-11-23 16:42:24 - [MESSAGE][INFO] - Finding web element with id: 'Object Repository/Sekmeler/Olusturma_Goster_Baslik' located by 'By.cssSelector: h1>span,td>font,font' in '30' second(s)

2021-11-23 16:42:24 - [MESSAGE][INFO] - Smart Wait Function is triggered

2021-11-23 16:42:24 - [MESSAGE][INFO] - Found 1 web elements with id: 'Object Repository/Sekmeler/Olusturma_Goster_Baslik' located by 'By.cssSelector: h1>span,td>font,font' in '30' second(s)

2021-11-23 16:42:24 - [MESSAGE][PASSED] - Actual text and expected text of test object 'Object Repository/Sekmeler/Olusturma_Goster_Baslik' are matched.

2021-11-23 16:42:24 - [MESSAGE][PASSED] - Call Test Case 'Test Cases/Sekmeler/YeniSekmeBasligindaVarMi' successfully

2021-11-23 16:42:24 - [MESSAGE][INFO] - Checking called Test Case

2021-11-23 16:42:24 - [MESSAGE][INFO] - Starting to call Test Case 'Test Cases/Sekmeler/Ana_Sekmeye_Gec'

2021-11-23 16:42:24 - [TEST_CASE][PASSED] - Test Cases/Sekmeler/Ana_Sekmeye_Gec: Test Cases/Sekmeler/Ana_Sekmeye_Gec

2021-11-23 16:42:24 - [TEST_STEP][PASSED] - try: Window with index 1 is closed

2021-11-23 16:42:24 - [TEST_STEP][PASSED] - index = getWindowIndex(): Current window's index is: 1

2021-11-23 16:42:25 - [MESSAGE][INFO] - Getting current window's index

2021-11-23 16:42:25 - [MESSAGE][PASSED] - Current window's index is: 1

2021-11-23 16:42:25 - [TEST_STEP][PASSED] - closeWindowIndex(index): Window with index 1 is closed

2021-11-23 16:42:25 - [MESSAGE][INFO] - Checking index

2021-11-23 16:42:25 - [MESSAGE][INFO] - Closing window with index 1

2021-11-23 16:42:25 - [MESSAGE][PASSED] - Window with index 1 is closed

2021-11-23 16:42:25 - [TEST_STEP][PASSED] - switchToWindowIndex(0): Switched to window with index: '0'

2021-11-23 16:42:25 - [MESSAGE][INFO] - Checking index

2021-11-23 16:42:25 - [MESSAGE][INFO] - Switching window with index: '0'

2021-11-23 16:42:25 - [MESSAGE][PASSED] - Switched to window with index: '0'

2021-11-23 16:42:25 - [MESSAGE][PASSED] - Call Test Case 'Test Cases/Sekmeler/Ana_Sekmeye_Gec' successfully

2021-11-23 16:42:25 - [MESSAGE][INFO] - Checking called Test Case

2021-11-23 16:42:25 - [MESSAGE][INFO] - Starting to call Test Case 'Test Cases/Butonlar/ButonaTikla'

2021-11-23 16:42:25 - [TEST_CASE][PASSED] - Test Cases/Butonlar/ButonaTikla: Test Cases/Butonlar/ButonaTikla

2021-11-23 16:42:25 - [TEST_STEP][PASSED] - Method.TextDegerineEsitElementeTiklaEquals(findTestObject("Butonlar/Butonlar"), Buton_Adi): Method.TextDegerineEsitElementeTiklaEquals is PASSED

2021-11-23 16:42:25 - [MESSAGE][INFO] - Finding Test Object 'Object Repository/Butonlar/Butonlar'

2021-11-23 16:42:25 - [MESSAGE][INFO] - Checking timeout

2021-11-23 16:42:25 - [MESSAGE][INFO] - Finding web element with id: 'Object Repository/Butonlar/Butonlar' located by 'By.cssSelector: .panel.panel-default.text-center.footerPanel .btn,.btn.btn-primary.btnControls' in '10' second(s)

2021-11-23 16:42:25 - [MESSAGE][INFO] - Smart Wait Function is triggered

2021-11-23 16:42:25 - [MESSAGE][INFO] - Found 7 web elements with id: 'Object Repository/Butonlar/Butonlar' located by 'By.cssSelector: .panel.panel-default.text-center.footerPanel .btn,.btn.btn-primary.btnControls' in '10' second(s)

2021-11-23 16:42:25 - [MESSAGE][PASSED] - Method.TextDegerineEsitElementeTiklaEquals is PASSED

2021-11-23 16:42:25 - [MESSAGE][PASSED] - Call Test Case 'Test Cases/Butonlar/ButonaTikla' successfully

2021-11-23 16:42:25 - [MESSAGE][INFO] - Checking called Test Case

2021-11-23 16:42:25 - [MESSAGE][INFO] - Starting to call Test Case 'Test Cases/Sekmeler/YeniSekmeyeGec'

2021-11-23 16:42:26 - [TEST_CASE][PASSED] - Test Cases/Sekmeler/YeniSekmeyeGec: Test Cases/Sekmeler/YeniSekmeyeGec

2021-11-23 16:42:26 - [TEST_STEP][PASSED] - switchToWindowIndex(1): Switched to window with index: '1'

2021-11-23 16:42:26 - [MESSAGE][INFO] - Checking index

2021-11-23 16:42:26 - [MESSAGE][INFO] - Switching window with index: '1'

2021-11-23 16:42:26 - [MESSAGE][PASSED] - Switched to window with index: '1'

2021-11-23 16:42:26 - [MESSAGE][PASSED] - Call Test Case 'Test Cases/Sekmeler/YeniSekmeyeGec' successfully

2021-11-23 16:42:26 - [MESSAGE][INFO] - Checking called Test Case

2021-11-23 16:42:26 - [MESSAGE][INFO] - Starting to call Test Case 'Test Cases/Sekmeler/TagGeldiMi'

2021-11-23 16:42:26 - [TEST_CASE][PASSED] - Test Cases/Sekmeler/TagGeldiMi: Test Cases/Sekmeler/TagGeldiMi

2021-11-23 16:42:26 - [TEST_STEP][PASSED] - waitForElementPresent(findTestObject("Object Repository/Sekmeler/UBLTag"), 10): Object 'Object Repository/Sekmeler/UBLTag' is present

2021-11-23 16:42:26 - [MESSAGE][INFO] - Finding Test Object 'Object Repository/Sekmeler/UBLTag'

2021-11-23 16:42:26 - [MESSAGE][INFO] - Checking object

2021-11-23 16:42:26 - [MESSAGE][INFO] - Finding web element from Test Object's properties

2021-11-23 16:42:26 - [MESSAGE][INFO] - Checking timeout

2021-11-23 16:42:26 - [MESSAGE][INFO] - Finding web element with id: 'Object Repository/Sekmeler/UBLTag' located by 'By.cssSelector: #webkit-xml-viewer-source-xml>:first-child' in '10' second(s)

2021-11-23 16:42:26 - [MESSAGE][INFO] - Smart Wait Function is triggered

2021-11-23 16:42:26 - [MESSAGE][INFO] - Found 1 web elements with id: 'Object Repository/Sekmeler/UBLTag' located by 'By.cssSelector: #webkit-xml-viewer-source-xml>:first-child' in '10' second(s)

2021-11-23 16:42:26 - [MESSAGE][PASSED] - Object 'Object Repository/Sekmeler/UBLTag' is present

2021-11-23 16:42:26 - [TEST_STEP][PASSED] - println(toLowerCase().toString()): Found 1 web elements with id: 'Object Repository/Sekmeler/UBLTag' located by 'By.cssSelector: #webkit-xml-viewer-source-xml>:first-child' in '10' second(s)

2021-11-23 16:42:26 - [MESSAGE][INFO] - Finding Test Object 'Object Repository/Sekmeler/UBLTag'

2021-11-23 16:42:26 - [MESSAGE][INFO] - Finding web element from Test Object's properties

2021-11-23 16:42:26 - [MESSAGE][INFO] - Checking timeout

2021-11-23 16:42:26 - [MESSAGE][INFO] - Finding web element with id: 'Object Repository/Sekmeler/UBLTag' located by 'By.cssSelector: #webkit-xml-viewer-source-xml>:first-child' in '10' second(s)

2021-11-23 16:42:26 - [MESSAGE][INFO] - Smart Wait Function is triggered

2021-11-23 16:42:26 - [MESSAGE][INFO] - Found 1 web elements with id: 'Object Repository/Sekmeler/UBLTag' located by 'By.cssSelector: #webkit-xml-viewer-source-xml>:first-child' in '10' second(s)

2021-11-23 16:42:26 - [TEST_STEP][PASSED] - if (!(toString().contains(toString().toLowerCase()))): Found 1 web elements with id: 'Object Repository/Sekmeler/UBLTag' located by 'By.cssSelector: #webkit-xml-viewer-source-xml>:first-child' in '10' second(s)

2021-11-23 16:42:26 - [MESSAGE][INFO] - Finding Test Object 'Object Repository/Sekmeler/UBLTag'

2021-11-23 16:42:26 - [MESSAGE][INFO] - Finding web element from Test Object's properties

2021-11-23 16:42:26 - [MESSAGE][INFO] - Checking timeout

2021-11-23 16:42:26 - [MESSAGE][INFO] - Finding web element with id: 'Object Repository/Sekmeler/UBLTag' located by 'By.cssSelector: #webkit-xml-viewer-source-xml>:first-child' in '10' second(s)

2021-11-23 16:42:26 - [MESSAGE][INFO] - Smart Wait Function is triggered

2021-11-23 16:42:26 - [MESSAGE][INFO] - Found 1 web elements with id: 'Object Repository/Sekmeler/UBLTag' located by 'By.cssSelector: #webkit-xml-viewer-source-xml>:first-child' in '10' second(s)

2021-11-23 16:42:26 - [MESSAGE][PASSED] - Call Test Case 'Test Cases/Sekmeler/TagGeldiMi' successfully

2021-11-23 16:42:26 - [MESSAGE][INFO] - Checking called Test Case

2021-11-23 16:42:26 - [MESSAGE][INFO] - Starting to call Test Case 'Test Cases/Sekmeler/Ana_Sekmeye_Gec'

2021-11-23 16:42:26 - [TEST_CASE][PASSED] - Test Cases/Sekmeler/Ana_Sekmeye_Gec: Test Cases/Sekmeler/Ana_Sekmeye_Gec

2021-11-23 16:42:26 - [TEST_STEP][PASSED] - try: Window with index 1 is closed

2021-11-23 16:42:26 - [TEST_STEP][PASSED] - index = getWindowIndex(): Current window's index is: 1

2021-11-23 16:42:26 - [MESSAGE][INFO] - Getting current window's index

2021-11-23 16:42:26 - [MESSAGE][PASSED] - Current window's index is: 1

2021-11-23 16:42:26 - [TEST_STEP][PASSED] - closeWindowIndex(index): Window with index 1 is closed

2021-11-23 16:42:26 - [MESSAGE][INFO] - Checking index

2021-11-23 16:42:26 - [MESSAGE][INFO] - Closing window with index 1

2021-11-23 16:42:26 - [MESSAGE][PASSED] - Window with index 1 is closed

2021-11-23 16:42:26 - [TEST_STEP][PASSED] - switchToWindowIndex(0): Switched to window with index: '0'

2021-11-23 16:42:26 - [MESSAGE][INFO] - Checking index

2021-11-23 16:42:26 - [MESSAGE][INFO] - Switching window with index: '0'

2021-11-23 16:42:26 - [MESSAGE][PASSED] - Switched to window with index: '0'

2021-11-23 16:42:26 - [MESSAGE][PASSED] - Call Test Case 'Test Cases/Sekmeler/Ana_Sekmeye_Gec' successfully

2021-11-23 16:42:26 - [MESSAGE][INFO] - Checking called Test Case

2021-11-23 16:42:26 - [MESSAGE][INFO] - Starting to call Test Case 'Test Cases/Butonlar/ButonaTikla'

2021-11-23 16:42:27 - [TEST_CASE][PASSED] - Test Cases/Butonlar/ButonaTikla: Test Cases/Butonlar/ButonaTikla

2021-11-23 16:42:27 - [TEST_STEP][PASSED] - Method.TextDegerineEsitElementeTiklaEquals(findTestObject("Butonlar/Butonlar"), Buton_Adi): Method.TextDegerineEsitElementeTiklaEquals is PASSED

2021-11-23 16:42:27 - [MESSAGE][INFO] - Finding Test Object 'Object Repository/Butonlar/Butonlar'

2021-11-23 16:42:27 - [MESSAGE][INFO] - Checking timeout

2021-11-23 16:42:27 - [MESSAGE][INFO] - Finding web element with id: 'Object Repository/Butonlar/Butonlar' located by 'By.cssSelector: .panel.panel-default.text-center.footerPanel .btn,.btn.btn-primary.btnControls' in '10' second(s)

2021-11-23 16:42:27 - [MESSAGE][INFO] - Smart Wait Function is triggered

2021-11-23 16:42:27 - [MESSAGE][INFO] - Found 7 web elements with id: 'Object Repository/Butonlar/Butonlar' located by 'By.cssSelector: .panel.panel-default.text-center.footerPanel .btn,.btn.btn-primary.btnControls' in '10' second(s)

2021-11-23 16:42:27 - [MESSAGE][PASSED] - Method.TextDegerineEsitElementeTiklaEquals is PASSED

2021-11-23 16:42:27 - [MESSAGE][PASSED] - Call Test Case 'Test Cases/Butonlar/ButonaTikla' successfully

2021-11-23 16:42:27 - [MESSAGE][INFO] - Checking called Test Case

2021-11-23 16:42:27 - [MESSAGE][INFO] - Starting to call Test Case 'Test Cases/Popup/PopupMesajiIceriyorMu'

2021-11-23 16:42:27 - [TEST_CASE][PASSED] - Test Cases/Popup/PopupMesajiIceriyorMu: Test Cases/Popup/PopupMesajiIceriyorMu

2021-11-23 16:42:27 - [TEST_STEP][PASSED] - waitForElementVisible(findTestObject("Popup/Popup"), 10): Object 'Object Repository/Popup/Popup' is visible

2021-11-23 16:42:27 - [MESSAGE][INFO] - Finding Test Object 'Object Repository/Popup/Popup'

2021-11-23 16:42:27 - [MESSAGE][INFO] - Checking object

2021-11-23 16:42:27 - [MESSAGE][INFO] - Checking timeout

2021-11-23 16:42:27 - [MESSAGE][INFO] - Finding web element from Test Object's properties

2021-11-23 16:42:27 - [MESSAGE][INFO] - Checking timeout

2021-11-23 16:42:27 - [MESSAGE][INFO] - Finding web element with id: 'Object Repository/Popup/Popup' located by 'By.cssSelector: .bootbox-body' in '10' second(s)

2021-11-23 16:42:27 - [MESSAGE][INFO] - Smart Wait Function is triggered

2021-11-23 16:42:28 - [MESSAGE][INFO] - Found 1 web elements with id: 'Object Repository/Popup/Popup' located by 'By.cssSelector: .bootbox-body' in '10' second(s)

2021-11-23 16:42:28 - [MESSAGE][PASSED] - Object 'Object Repository/Popup/Popup' is visible

2021-11-23 16:42:28 - [TEST_STEP][PASSED] - if (!(getText(findTestObject("Popup/Popup")).contains(Mesaj))): Text of object 'Object Repository/Popup/Popup' is: 'EMM serisi için onaylanmamış belge(leri)niz bulunmaktadır.
Devam etmek istiyor musunuz?'

2021-11-23 16:42:28 - [MESSAGE][INFO] - Finding Test Object 'Object Repository/Popup/Popup'

2021-11-23 16:42:28 - [MESSAGE][INFO] - Checking object

2021-11-23 16:42:28 - [MESSAGE][INFO] - Finding web element from Test Object's properties

2021-11-23 16:42:28 - [MESSAGE][INFO] - Checking timeout

2021-11-23 16:42:28 - [MESSAGE][INFO] - Finding web element with id: 'Object Repository/Popup/Popup' located by 'By.cssSelector: .bootbox-body' in '30' second(s)

2021-11-23 16:42:28 - [MESSAGE][INFO] - Smart Wait Function is triggered

2021-11-23 16:42:28 - [MESSAGE][INFO] - Found 1 web elements with id: 'Object Repository/Popup/Popup' located by 'By.cssSelector: .bootbox-body' in '30' second(s)

2021-11-23 16:42:28 - [MESSAGE][INFO] - Getting text of object 'Object Repository/Popup/Popup'

2021-11-23 16:42:28 - [MESSAGE][PASSED] - Text of object 'Object Repository/Popup/Popup' is: 'EMM serisi için onaylanmamış belge(leri)niz bulunmaktadır.
Devam etmek istiyor musunuz?'

2021-11-23 16:42:28 - [TEST_STEP][PASSED] - RaporNo = getText(findTestObject("Popup/Popup")).substring(0, 6): Text of object 'Object Repository/Popup/Popup' is: 'EMM serisi için onaylanmamış belge(leri)niz bulunmaktadır.
Devam etmek istiyor musunuz?'

2021-11-23 16:42:28 - [MESSAGE][INFO] - Finding Test Object 'Object Repository/Popup/Popup'

2021-11-23 16:42:28 - [MESSAGE][INFO] - Checking object

2021-11-23 16:42:28 - [MESSAGE][INFO] - Finding web element from Test Object's properties

2021-11-23 16:42:28 - [MESSAGE][INFO] - Checking timeout

2021-11-23 16:42:28 - [MESSAGE][INFO] - Finding web element with id: 'Object Repository/Popup/Popup' located by 'By.cssSelector: .bootbox-body' in '30' second(s)

2021-11-23 16:42:28 - [MESSAGE][INFO] - Smart Wait Function is triggered

2021-11-23 16:42:29 - [MESSAGE][INFO] - Found 1 web elements with id: 'Object Repository/Popup/Popup' located by 'By.cssSelector: .bootbox-body' in '30' second(s)

2021-11-23 16:42:29 - [MESSAGE][INFO] - Getting text of object 'Object Repository/Popup/Popup'

2021-11-23 16:42:29 - [MESSAGE][PASSED] - Text of object 'Object Repository/Popup/Popup' is: 'EMM serisi için onaylanmamış belge(leri)niz bulunmaktadır.
Devam etmek istiyor musunuz?'

2021-11-23 16:42:29 - [TEST_STEP][PASSED] - Console.println(RaporNo): null

2021-11-23 16:42:29 - [MESSAGE][PASSED] - Call Test Case 'Test Cases/Popup/PopupMesajiIceriyorMu' successfully

2021-11-23 16:42:29 - [MESSAGE][INFO] - Checking called Test Case

2021-11-23 16:42:29 - [MESSAGE][INFO] - Starting to call Test Case 'Test Cases/Popup/PopupButonSecilir'

2021-11-23 16:42:29 - [TEST_CASE][PASSED] - Test Cases/Popup/PopupButonSecilir: Test Cases/Popup/PopupButonSecilir

2021-11-23 16:42:29 - [TEST_STEP][PASSED] - Method.TextDegerineEsitElementeTikla(findTestObject("Popup/Popup_Butons"), Buton): Method.TextDegerineEsitElementeTikla is PASSED

2021-11-23 16:42:29 - [MESSAGE][INFO] - Finding Test Object 'Object Repository/Popup/Popup_Butons'

2021-11-23 16:42:29 - [MESSAGE][INFO] - Checking timeout

2021-11-23 16:42:29 - [MESSAGE][INFO] - Finding web element with id: 'Object Repository/Popup/Popup_Butons' located by 'By.cssSelector: .modal-footer>button' in '10' second(s)

2021-11-23 16:42:29 - [MESSAGE][INFO] - Smart Wait Function is triggered

2021-11-23 16:42:29 - [MESSAGE][INFO] - Found 2 web elements with id: 'Object Repository/Popup/Popup_Butons' located by 'By.cssSelector: .modal-footer>button' in '10' second(s)

2021-11-23 16:42:29 - [MESSAGE][PASSED] - Method.TextDegerineEsitElementeTikla is PASSED

2021-11-23 16:42:29 - [MESSAGE][PASSED] - Call Test Case 'Test Cases/Popup/PopupButonSecilir' successfully

2021-11-23 16:42:29 - [MESSAGE][INFO] - Checking called Test Case

2021-11-23 16:42:29 - [MESSAGE][INFO] - Starting to call Test Case 'Test Cases/Menu/AnaMenuSecimi'

2021-11-23 16:42:29 - [TEST_CASE][PASSED] - Test Cases/Menu/AnaMenuSecimi: Test Cases/Menu/AnaMenuSecimi

2021-11-23 16:42:29 - [TEST_STEP][PASSED] - Method.TextDegerineEsitElementeTikla(findTestObject("Menu/Ana_Menu"), Ana_Menu): Method.TextDegerineEsitElementeTikla is PASSED

2021-11-23 16:42:29 - [MESSAGE][INFO] - Finding Test Object 'Object Repository/Menu/Ana_Menu'

2021-11-23 16:42:29 - [MESSAGE][INFO] - Checking timeout

2021-11-23 16:42:29 - [MESSAGE][INFO] - Finding web element with id: 'Object Repository/Menu/Ana_Menu' located by 'By.xpath: //*[@class = 'dropdown-toggle']' in '10' second(s)

2021-11-23 16:42:29 - [MESSAGE][INFO] - Smart Wait Function is triggered

2021-11-23 16:42:30 - [MESSAGE][INFO] - Found 14 web elements with id: 'Object Repository/Menu/Ana_Menu' located by 'By.xpath: //*[@class = 'dropdown-toggle']' in '10' second(s)

2021-11-23 16:42:30 - [MESSAGE][PASSED] - Method.TextDegerineEsitElementeTikla is PASSED

2021-11-23 16:42:30 - [MESSAGE][PASSED] - Call Test Case 'Test Cases/Menu/AnaMenuSecimi' successfully

2021-11-23 16:42:30 - [MESSAGE][INFO] - Checking called Test Case

2021-11-23 16:42:30 - [MESSAGE][INFO] - Starting to call Test Case 'Test Cases/Menu/BasligaGoreAltMenuSecimi'

2021-11-23 16:42:30 - [TEST_CASE][PASSED] - Test Cases/Menu/BasligaGoreAltMenuSecimi: Test Cases/Menu/BasligaGoreAltMenuSecimi

2021-11-23 16:42:30 - [TEST_STEP][PASSED] - Method.TextDegerineEsitElementinAltindakiTextDegerineEsitOlanaTikla(findTestObject("Menu/Menu_Basligi"), findTestObject("Menu/Basliga_Gore_Alt_Menu"), Baslik, Alt_Menu): Method.TextDegerineEsitElementinAltindakiTextDegerineEsitOlanaTikla is PASSED

2021-11-23 16:42:30 - [MESSAGE][INFO] - Finding Test Object 'Object Repository/Menu/Menu_Basligi'

2021-11-23 16:42:30 - [MESSAGE][INFO] - Finding Test Object 'Object Repository/Menu/Basliga_Gore_Alt_Menu'

2021-11-23 16:42:30 - [MESSAGE][INFO] - Checking timeout

2021-11-23 16:42:30 - [MESSAGE][INFO] - Finding web element with id: 'Object Repository/Menu/Menu_Basligi' located by 'By.xpath: //li[@class='dropdown dropdown-large open']//li[@class='dropdown-header']' in '10' second(s)

2021-11-23 16:42:30 - [MESSAGE][INFO] - Smart Wait Function is triggered

2021-11-23 16:42:31 - [MESSAGE][INFO] - Found 2 web elements with id: 'Object Repository/Menu/Menu_Basligi' located by 'By.xpath: //li[@class='dropdown dropdown-large open']//li[@class='dropdown-header']' in '10' second(s)

2021-11-23 16:42:31 - [MESSAGE][INFO] - Smart Wait Function is triggered

2021-11-23 16:42:32 - [MESSAGE][PASSED] - Method.TextDegerineEsitElementinAltindakiTextDegerineEsitOlanaTikla is PASSED

2021-11-23 16:42:32 - [MESSAGE][PASSED] - Call Test Case 'Test Cases/Menu/BasligaGoreAltMenuSecimi' successfully

2021-11-23 16:42:32 - [MESSAGE][INFO] - Checking called Test Case

2021-11-23 16:42:32 - [MESSAGE][INFO] - Starting to call Test Case 'Test Cases/Filtreler/EttnYaz'

2021-11-23 16:42:32 - [TEST_CASE][PASSED] - Test Cases/Filtreler/EttnYaz: Test Cases/Filtreler/EttnYaz

2021-11-23 16:42:33 - [TEST_STEP][PASSED] - Method.TextDegerineEsitElementinAltindakiTextboxtaYaz(findTestObject("Filtreler/Basliklar"), findTestObject("Filtreler/Basliga_Gore_Textbox"), "ETTN", ettn): Method.TextDegerineEsitElementinAltindakiTextboxtaYaz is PASSED

2021-11-23 16:42:33 - [MESSAGE][INFO] - Finding Test Object 'Object Repository/Filtreler/Basliklar'

2021-11-23 16:42:33 - [MESSAGE][INFO] - Finding Test Object 'Object Repository/Filtreler/Basliga_Gore_Textbox'

2021-11-23 16:42:33 - [MESSAGE][INFO] - Checking timeout

2021-11-23 16:42:33 - [MESSAGE][INFO] - Finding web element with id: 'Object Repository/Filtreler/Basliklar' located by 'By.cssSelector: .control-label.col-sm-4.paddingMarginRLC' in '10' second(s)

2021-11-23 16:42:33 - [MESSAGE][INFO] - Smart Wait Function is triggered

2021-11-23 16:42:33 - [MESSAGE][INFO] - Found 14 web elements with id: 'Object Repository/Filtreler/Basliklar' located by 'By.cssSelector: .control-label.col-sm-4.paddingMarginRLC' in '10' second(s)

2021-11-23 16:42:33 - [MESSAGE][INFO] - Smart Wait Function is triggered

2021-11-23 16:42:34 - [MESSAGE][PASSED] - Method.TextDegerineEsitElementinAltindakiTextboxtaYaz is PASSED

2021-11-23 16:42:34 - [MESSAGE][PASSED] - Call Test Case 'Test Cases/Filtreler/EttnYaz' successfully

2021-11-23 16:42:34 - [MESSAGE][INFO] - Checking called Test Case

2021-11-23 16:42:34 - [MESSAGE][INFO] - Starting to call Test Case 'Test Cases/Filtreler/ButonaTikla'

2021-11-23 16:42:34 - [TEST_CASE][PASSED] - Test Cases/Filtreler/ButonaTikla: Test Cases/Filtreler/ButonaTikla

2021-11-23 16:42:34 - [TEST_STEP][PASSED] - Method.TextDegerineEsitElementeTikla(findTestObject("Filtreler/Butonlar"), Filtre_Buton): Method.TextDegerineEsitElementeTikla is PASSED

2021-11-23 16:42:34 - [MESSAGE][INFO] - Finding Test Object 'Object Repository/Filtreler/Butonlar'

2021-11-23 16:42:34 - [MESSAGE][INFO] - Checking timeout

2021-11-23 16:42:34 - [MESSAGE][INFO] - Finding web element with id: 'Object Repository/Filtreler/Butonlar' located by 'By.cssSelector: .dxb>span' in '10' second(s)

2021-11-23 16:42:34 - [MESSAGE][INFO] - Smart Wait Function is triggered

2021-11-23 16:42:34 - [MESSAGE][INFO] - Found 3 web elements with id: 'Object Repository/Filtreler/Butonlar' located by 'By.cssSelector: .dxb>span' in '10' second(s)

2021-11-23 16:42:34 - [MESSAGE][PASSED] - Method.TextDegerineEsitElementeTikla is PASSED

2021-11-23 16:42:34 - [MESSAGE][PASSED] - Call Test Case 'Test Cases/Filtreler/ButonaTikla' successfully

2021-11-23 16:42:34 - [MESSAGE][INFO] - Checking called Test Case

2021-11-23 16:42:34 - [MESSAGE][INFO] - Starting to call Test Case 'Test Cases/Tablo/TablodaVeriVarMi'

2021-11-23 16:42:34 - [TEST_CASE][PASSED] - Test Cases/Tablo/TablodaVeriVarMi: Test Cases/Tablo/TablodaVeriVarMi

2021-11-23 16:42:34 - [TEST_STEP][PASSED] - verifyTextNotPresent("Görüntülenecek veri yok", true): Text 'Görüntülenecek veri yok' is not present on page using regular expression

2021-11-23 16:42:34 - [MESSAGE][INFO] - Checking text present  using regular expression

2021-11-23 16:42:34 - [MESSAGE][INFO] - Smart Wait Function is triggered

2021-11-23 16:42:35 - [MESSAGE][INFO] - Finding text 'Görüntülenecek veri yok' on page  using regular expression

2021-11-23 16:42:35 - [MESSAGE][PASSED] - Text 'Görüntülenecek veri yok' is not present on page using regular expression

2021-11-23 16:42:35 - [MESSAGE][PASSED] - Call Test Case 'Test Cases/Tablo/TablodaVeriVarMi' successfully

2021-11-23 16:42:35 - [MESSAGE][INFO] - Checking called Test Case

2021-11-23 16:42:35 - [MESSAGE][INFO] - Starting to call Test Case 'Test Cases/Tablo/TablodaVeriBasariliMiEmm'

2021-11-23 16:42:35 - [TEST_CASE][PASSED] - Test Cases/Tablo/TablodaVeriBasariliMiEmm: Test Cases/Tablo/TablodaVeriBasariliMiEmm

2021-11-23 16:42:36 - [TEST_STEP][PASSED] - sayac = 80: null

2021-11-23 16:42:36 - [TEST_STEP][PASSED] - while (verifyElementText(findTestObject("Object Repository/Tablo/DurumBilgisiEmm"), "Henüz Sonuçlanmadı", OPTIONAL)): Actual text 'Başarılı' and expected text 'Henüz Sonuçlanmadı' of test object 'Object Repository/Tablo/DurumBilgisiEmm' are NOT matched. (Root cause: com.kms.katalon.core.exception.StepFailedException: Actual text 'Başarılı' and expected text 'Henüz Sonuçlanmadı' of test object 'Object Repository/Tablo/DurumBilgisiEmm' are NOT matched.
	at com.kms.katalon.core.webui.keyword.internal.WebUIKeywordMain.stepFailed(WebUIKeywordMain.groovy:64)
	at com.kms.katalon.core.webui.keyword.builtin.VerifyElementTextKeyword$_verifyElementText_closure1.doCall(VerifyElementTextKeyword.groovy:57)
	at com.kms.katalon.core.webui.keyword.builtin.VerifyElementTextKeyword$_verifyElementText_closure1.call(VerifyElementTextKeyword.groovy)
	at com.kms.katalon.core.webui.keyword.internal.WebUIKeywordMain.runKeyword(WebUIKeywordMain.groovy:20)
	at com.kms.katalon.core.webui.keyword.builtin.VerifyElementTextKeyword.verifyElementText(VerifyElementTextKeyword.groovy:72)
	at com.kms.katalon.core.webui.keyword.builtin.VerifyElementTextKeyword.execute(VerifyElementTextKeyword.groovy:40)
	at com.kms.katalon.core.keyword.internal.KeywordExecutor.executeKeywordForPlatform(KeywordExecutor.groovy:73)
	at com.kms.katalon.core.webui.keyword.WebUiBuiltInKeywords.verifyElementText(WebUiBuiltInKeywords.groovy:4733)
	at com.kms.katalon.core.webui.keyword.WebUiBuiltInKeywords$verifyElementText$27.call(Unknown Source)
	at TablodaVeriBasariliMiEmm.run(TablodaVeriBasariliMiEmm:22)
	at com.kms.katalon.core.main.ScriptEngine.run(ScriptEngine.java:194)
	at com.kms.katalon.core.main.ScriptEngine.runScriptAsRawText(ScriptEngine.java:119)
	at com.kms.katalon.core.main.TestCaseExecutor.runScript(TestCaseExecutor.java:369)
	at com.kms.katalon.core.main.TestCaseExecutor.doExecute(TestCaseExecutor.java:360)
	at com.kms.katalon.core.main.TestCaseExecutor.processExecutionPhase(TestCaseExecutor.java:339)
	at com.kms.katalon.core.main.TestCaseExecutor.accessMainPhase(TestCaseExecutor.java:331)
	at com.kms.katalon.core.main.TestCaseExecutor.execute(TestCaseExecutor.java:248)
	at com.kms.katalon.core.main.TestCaseMain.runTestCase(TestCaseMain.java:138)
	at com.kms.katalon.core.keyword.builtin.CallTestCaseKeyword$_callTestCase_closure1.doCall(CallTestCaseKeyword.groovy:59)
	at com.kms.katalon.core.keyword.builtin.CallTestCaseKeyword$_callTestCase_closure1.call(CallTestCaseKeyword.groovy)
	at com.kms.katalon.core.keyword.internal.KeywordMain.runKeyword(KeywordMain.groovy:68)
	at com.kms.katalon.core.keyword.builtin.CallTestCaseKeyword.callTestCase(CallTestCaseKeyword.groovy:81)
	at com.kms.katalon.core.keyword.builtin.CallTestCaseKeyword.execute(CallTestCaseKeyword.groovy:44)
	at com.kms.katalon.core.keyword.internal.KeywordExecutor.executeKeywordForPlatform(KeywordExecutor.groovy:73)
	at com.kms.katalon.core.keyword.BuiltinKeywords.callTestCase(BuiltinKeywords.groovy:334)
	at tablo.tablo.tablodaVeriBasariliMiEmm(tablo.groovy:100)
	at cucumber.runtime.Utils$1.call(Utils.java:26)
	at cucumber.runtime.Timeout.timeout(Timeout.java:16)
	at cucumber.runtime.Utils.invoke(Utils.java:20)
	at cucumber.runtime.java.JavaStepDefinition.execute(JavaStepDefinition.java:49)
	at cucumber.runner.PickleStepDefinitionMatch.runStep(PickleStepDefinitionMatch.java:50)
	at cucumber.runner.TestStep.executeStep(TestStep.java:63)
	at cucumber.runner.TestStep.run(TestStep.java:49)
	at cucumber.runner.PickleStepTestStep.run(PickleStepTestStep.java:43)
	at cucumber.runner.TestCase.run(TestCase.java:44)
	at cucumber.runner.Runner.runPickle(Runner.java:40)
	at cucumber.runtime.Runtime$1.run(Runtime.java:84)
	at cucumber.runtime.Runtime$SameThreadExecutorService.execute(Runtime.java:220)
	at cucumber.runtime.Runtime.run(Runtime.java:81)
	at cucumber.api.cli.Main.run(Main.java:26)
	at cucumber.api.cli.Main$run.call(Unknown Source)
	at com.kms.katalon.core.cucumber.keyword.CucumberBuiltinKeywords$_runFeatureFile_closure1.doCall(CucumberBuiltinKeywords.groovy:106)
	at com.kms.katalon.core.cucumber.keyword.CucumberBuiltinKeywords$_runFeatureFile_closure1.doCall(CucumberBuiltinKeywords.groovy)
	at com.kms.katalon.core.keyword.internal.KeywordMain.runKeyword(KeywordMain.groovy:68)
	at com.kms.katalon.core.keyword.internal.KeywordMain$runKeyword.call(Unknown Source)
	at com.kms.katalon.core.cucumber.keyword.CucumberBuiltinKeywords.runFeatureFile(CucumberBuiltinKeywords.groovy:73)
	at com.kms.katalon.core.cucumber.keyword.CucumberBuiltinKeywords$runFeatureFile$0.callStatic(Unknown Source)
	at com.kms.katalon.core.cucumber.keyword.CucumberBuiltinKeywords.runFeatureFile(CucumberBuiltinKeywords.groovy:246)
	at com.kms.katalon.core.cucumber.keyword.CucumberBuiltinKeywords$runFeatureFile.call(Unknown Source)
	at Ekle.run(Ekle:17)
	at com.kms.katalon.core.main.ScriptEngine.run(ScriptEngine.java:194)
	at com.kms.katalon.core.main.ScriptEngine.runScriptAsRawText(ScriptEngine.java:119)
	at com.kms.katalon.core.main.TestCaseExecutor.runScript(TestCaseExecutor.java:369)
	at com.kms.katalon.core.main.TestCaseExecutor.doExecute(TestCaseExecutor.java:360)
	at com.kms.katalon.core.main.TestCaseExecutor.processExecutionPhase(TestCaseExecutor.java:339)
	at com.kms.katalon.core.main.TestCaseExecutor.accessMainPhase(TestCaseExecutor.java:331)
	at com.kms.katalon.core.main.TestCaseExecutor.execute(TestCaseExecutor.java:248)
	at com.kms.katalon.core.main.TestSuiteExecutor.accessTestCaseMainPhase(TestSuiteExecutor.java:191)
	at com.kms.katalon.core.main.TestSuiteExecutor.accessTestSuiteMainPhase(TestSuiteExecutor.java:140)
	at com.kms.katalon.core.main.TestSuiteExecutor.execute(TestSuiteExecutor.java:89)
	at com.kms.katalon.core.main.TestCaseMain.startTestSuite(TestCaseMain.java:181)
	at com.kms.katalon.core.main.TestCaseMain$startTestSuite$0.call(Unknown Source)
	at TempTestSuite1637674428169.run(TempTestSuite1637674428169.groovy:39)
)

2021-11-23 16:42:36 - [MESSAGE][INFO] - Finding Test Object 'Object Repository/Tablo/DurumBilgisiEmm'

2021-11-23 16:42:36 - [MESSAGE][INFO] - Checking object

2021-11-23 16:42:36 - [MESSAGE][INFO] - Finding web element from Test Object's properties

2021-11-23 16:42:36 - [MESSAGE][INFO] - Checking timeout

2021-11-23 16:42:36 - [MESSAGE][INFO] - Finding web element with id: 'Object Repository/Tablo/DurumBilgisiEmm' located by 'By.xpath: //*[@id = 'GridViewEPReceipt_tccell0_10']' in '30' second(s)

2021-11-23 16:42:36 - [MESSAGE][INFO] - Smart Wait Function is triggered

2021-11-23 16:42:36 - [MESSAGE][INFO] - Found 1 web elements with id: 'Object Repository/Tablo/DurumBilgisiEmm' located by 'By.xpath: //*[@id = 'GridViewEPReceipt_tccell0_10']' in '30' second(s)

2021-11-23 16:42:36 - [MESSAGE][WARNING] - Actual text 'Başarılı' and expected text 'Henüz Sonuçlanmadı' of test object 'Object Repository/Tablo/DurumBilgisiEmm' are NOT matched. (Root cause: com.kms.katalon.core.exception.StepFailedException: Actual text 'Başarılı' and expected text 'Henüz Sonuçlanmadı' of test object 'Object Repository/Tablo/DurumBilgisiEmm' are NOT matched.
	at com.kms.katalon.core.webui.keyword.internal.WebUIKeywordMain.stepFailed(WebUIKeywordMain.groovy:64)
	at com.kms.katalon.core.webui.keyword.builtin.VerifyElementTextKeyword$_verifyElementText_closure1.doCall(VerifyElementTextKeyword.groovy:57)
	at com.kms.katalon.core.webui.keyword.builtin.VerifyElementTextKeyword$_verifyElementText_closure1.call(VerifyElementTextKeyword.groovy)
	at com.kms.katalon.core.webui.keyword.internal.WebUIKeywordMain.runKeyword(WebUIKeywordMain.groovy:20)
	at com.kms.katalon.core.webui.keyword.builtin.VerifyElementTextKeyword.verifyElementText(VerifyElementTextKeyword.groovy:72)
	at com.kms.katalon.core.webui.keyword.builtin.VerifyElementTextKeyword.execute(VerifyElementTextKeyword.groovy:40)
	at com.kms.katalon.core.keyword.internal.KeywordExecutor.executeKeywordForPlatform(KeywordExecutor.groovy:73)
	at com.kms.katalon.core.webui.keyword.WebUiBuiltInKeywords.verifyElementText(WebUiBuiltInKeywords.groovy:4733)
	at com.kms.katalon.core.webui.keyword.WebUiBuiltInKeywords$verifyElementText$27.call(Unknown Source)
	at TablodaVeriBasariliMiEmm.run(TablodaVeriBasariliMiEmm:22)
	at com.kms.katalon.core.main.ScriptEngine.run(ScriptEngine.java:194)
	at com.kms.katalon.core.main.ScriptEngine.runScriptAsRawText(ScriptEngine.java:119)
	at com.kms.katalon.core.main.TestCaseExecutor.runScript(TestCaseExecutor.java:369)
	at com.kms.katalon.core.main.TestCaseExecutor.doExecute(TestCaseExecutor.java:360)
	at com.kms.katalon.core.main.TestCaseExecutor.processExecutionPhase(TestCaseExecutor.java:339)
	at com.kms.katalon.core.main.TestCaseExecutor.accessMainPhase(TestCaseExecutor.java:331)
	at com.kms.katalon.core.main.TestCaseExecutor.execute(TestCaseExecutor.java:248)
	at com.kms.katalon.core.main.TestCaseMain.runTestCase(TestCaseMain.java:138)
	at com.kms.katalon.core.keyword.builtin.CallTestCaseKeyword$_callTestCase_closure1.doCall(CallTestCaseKeyword.groovy:59)
	at com.kms.katalon.core.keyword.builtin.CallTestCaseKeyword$_callTestCase_closure1.call(CallTestCaseKeyword.groovy)
	at com.kms.katalon.core.keyword.internal.KeywordMain.runKeyword(KeywordMain.groovy:68)
	at com.kms.katalon.core.keyword.builtin.CallTestCaseKeyword.callTestCase(CallTestCaseKeyword.groovy:81)
	at com.kms.katalon.core.keyword.builtin.CallTestCaseKeyword.execute(CallTestCaseKeyword.groovy:44)
	at com.kms.katalon.core.keyword.internal.KeywordExecutor.executeKeywordForPlatform(KeywordExecutor.groovy:73)
	at com.kms.katalon.core.keyword.BuiltinKeywords.callTestCase(BuiltinKeywords.groovy:334)
	at tablo.tablo.tablodaVeriBasariliMiEmm(tablo.groovy:100)
	at cucumber.runtime.Utils$1.call(Utils.java:26)
	at cucumber.runtime.Timeout.timeout(Timeout.java:16)
	at cucumber.runtime.Utils.invoke(Utils.java:20)
	at cucumber.runtime.java.JavaStepDefinition.execute(JavaStepDefinition.java:49)
	at cucumber.runner.PickleStepDefinitionMatch.runStep(PickleStepDefinitionMatch.java:50)
	at cucumber.runner.TestStep.executeStep(TestStep.java:63)
	at cucumber.runner.TestStep.run(TestStep.java:49)
	at cucumber.runner.PickleStepTestStep.run(PickleStepTestStep.java:43)
	at cucumber.runner.TestCase.run(TestCase.java:44)
	at cucumber.runner.Runner.runPickle(Runner.java:40)
	at cucumber.runtime.Runtime$1.run(Runtime.java:84)
	at cucumber.runtime.Runtime$SameThreadExecutorService.execute(Runtime.java:220)
	at cucumber.runtime.Runtime.run(Runtime.java:81)
	at cucumber.api.cli.Main.run(Main.java:26)
	at cucumber.api.cli.Main$run.call(Unknown Source)
	at com.kms.katalon.core.cucumber.keyword.CucumberBuiltinKeywords$_runFeatureFile_closure1.doCall(CucumberBuiltinKeywords.groovy:106)
	at com.kms.katalon.core.cucumber.keyword.CucumberBuiltinKeywords$_runFeatureFile_closure1.doCall(CucumberBuiltinKeywords.groovy)
	at com.kms.katalon.core.keyword.internal.KeywordMain.runKeyword(KeywordMain.groovy:68)
	at com.kms.katalon.core.keyword.internal.KeywordMain$runKeyword.call(Unknown Source)
	at com.kms.katalon.core.cucumber.keyword.CucumberBuiltinKeywords.runFeatureFile(CucumberBuiltinKeywords.groovy:73)
	at com.kms.katalon.core.cucumber.keyword.CucumberBuiltinKeywords$runFeatureFile$0.callStatic(Unknown Source)
	at com.kms.katalon.core.cucumber.keyword.CucumberBuiltinKeywords.runFeatureFile(CucumberBuiltinKeywords.groovy:246)
	at com.kms.katalon.core.cucumber.keyword.CucumberBuiltinKeywords$runFeatureFile.call(Unknown Source)
	at Ekle.run(Ekle:17)
	at com.kms.katalon.core.main.ScriptEngine.run(ScriptEngine.java:194)
	at com.kms.katalon.core.main.ScriptEngine.runScriptAsRawText(ScriptEngine.java:119)
	at com.kms.katalon.core.main.TestCaseExecutor.runScript(TestCaseExecutor.java:369)
	at com.kms.katalon.core.main.TestCaseExecutor.doExecute(TestCaseExecutor.java:360)
	at com.kms.katalon.core.main.TestCaseExecutor.processExecutionPhase(TestCaseExecutor.java:339)
	at com.kms.katalon.core.main.TestCaseExecutor.accessMainPhase(TestCaseExecutor.java:331)
	at com.kms.katalon.core.main.TestCaseExecutor.execute(TestCaseExecutor.java:248)
	at com.kms.katalon.core.main.TestSuiteExecutor.accessTestCaseMainPhase(TestSuiteExecutor.java:191)
	at com.kms.katalon.core.main.TestSuiteExecutor.accessTestSuiteMainPhase(TestSuiteExecutor.java:140)
	at com.kms.katalon.core.main.TestSuiteExecutor.execute(TestSuiteExecutor.java:89)
	at com.kms.katalon.core.main.TestCaseMain.startTestSuite(TestCaseMain.java:181)
	at com.kms.katalon.core.main.TestCaseMain$startTestSuite$0.call(Unknown Source)
	at TempTestSuite1637674428169.run(TempTestSuite1637674428169.groovy:39)
)

2021-11-23 16:42:36 - [TEST_STEP][PASSED] - Method.TextDegerineEsitElementVarMi(findTestObject("Object Repository/Tablo/DurumBilgisiEmm"), "Başarılı"): Method.TextDegerineEsitElementVarMi is PASSED

2021-11-23 16:42:36 - [MESSAGE][INFO] - Finding Test Object 'Object Repository/Tablo/DurumBilgisiEmm'

2021-11-23 16:42:36 - [MESSAGE][INFO] - Checking timeout

2021-11-23 16:42:36 - [MESSAGE][INFO] - Finding web element with id: 'Object Repository/Tablo/DurumBilgisiEmm' located by 'By.xpath: //*[@id = 'GridViewEPReceipt_tccell0_10']' in '10' second(s)

2021-11-23 16:42:36 - [MESSAGE][INFO] - Smart Wait Function is triggered

2021-11-23 16:42:37 - [MESSAGE][INFO] - Found 1 web elements with id: 'Object Repository/Tablo/DurumBilgisiEmm' located by 'By.xpath: //*[@id = 'GridViewEPReceipt_tccell0_10']' in '10' second(s)

2021-11-23 16:42:37 - [MESSAGE][PASSED] - Method.TextDegerineEsitElementVarMi is PASSED

2021-11-23 16:42:37 - [MESSAGE][PASSED] - Call Test Case 'Test Cases/Tablo/TablodaVeriBasariliMiEmm' successfully

2021-11-23 16:42:37 - [MESSAGE][INFO] - Checking called Test Case

2021-11-23 16:42:37 - [MESSAGE][INFO] - Starting to call Test Case 'Test Cases/Kullanici_Islemleri/KullaniciIslemlerindenSecimYapilir'

2021-11-23 16:42:37 - [TEST_CASE][PASSED] - Test Cases/Kullanici_Islemleri/KullaniciIslemlerindenSecimYapilir: Test Cases/Kullanici_Islemleri/KullaniciIslemlerindenSecimYapilir

2021-11-23 16:42:37 - [TEST_STEP][PASSED] - waitForElementClickable(findTestObject("Object Repository/Kullanici_Islemleri/KullaniciIslemleri"), 10): Object 'Object Repository/Kullanici_Islemleri/KullaniciIslemleri' is clickable

2021-11-23 16:42:37 - [MESSAGE][INFO] - Finding Test Object 'Object Repository/Kullanici_Islemleri/KullaniciIslemleri'

2021-11-23 16:42:37 - [MESSAGE][INFO] - Checking object

2021-11-23 16:42:37 - [MESSAGE][INFO] - Checking timeout

2021-11-23 16:42:37 - [MESSAGE][INFO] - Finding web element from Test Object's properties

2021-11-23 16:42:37 - [MESSAGE][INFO] - Checking timeout

2021-11-23 16:42:37 - [MESSAGE][INFO] - Finding web element with id: 'Object Repository/Kullanici_Islemleri/KullaniciIslemleri' located by 'By.cssSelector: .dropdown>a>img' in '10' second(s)

2021-11-23 16:42:37 - [MESSAGE][INFO] - Smart Wait Function is triggered

2021-11-23 16:42:37 - [MESSAGE][INFO] - Found 1 web elements with id: 'Object Repository/Kullanici_Islemleri/KullaniciIslemleri' located by 'By.cssSelector: .dropdown>a>img' in '10' second(s)

2021-11-23 16:42:37 - [MESSAGE][PASSED] - Object 'Object Repository/Kullanici_Islemleri/KullaniciIslemleri' is clickable

2021-11-23 16:42:37 - [TEST_STEP][PASSED] - click(findTestObject("Object Repository/Kullanici_Islemleri/KullaniciIslemleri")): Object: 'Object Repository/Kullanici_Islemleri/KullaniciIslemleri' is clicked on

2021-11-23 16:42:37 - [MESSAGE][INFO] - Finding Test Object 'Object Repository/Kullanici_Islemleri/KullaniciIslemleri'

2021-11-23 16:42:37 - [MESSAGE][INFO] - Checking object

2021-11-23 16:42:37 - [MESSAGE][INFO] - Finding web element from Test Object's properties

2021-11-23 16:42:37 - [MESSAGE][INFO] - Checking timeout

2021-11-23 16:42:37 - [MESSAGE][INFO] - Finding web element with id: 'Object Repository/Kullanici_Islemleri/KullaniciIslemleri' located by 'By.cssSelector: .dropdown>a>img' in '30' second(s)

2021-11-23 16:42:37 - [MESSAGE][INFO] - Smart Wait Function is triggered

2021-11-23 16:42:37 - [MESSAGE][INFO] - Found 1 web elements with id: 'Object Repository/Kullanici_Islemleri/KullaniciIslemleri' located by 'By.cssSelector: .dropdown>a>img' in '30' second(s)

2021-11-23 16:42:37 - [MESSAGE][INFO] - Clicking on object: 'Object Repository/Kullanici_Islemleri/KullaniciIslemleri'

2021-11-23 16:42:38 - [MESSAGE][PASSED] - Object: 'Object Repository/Kullanici_Islemleri/KullaniciIslemleri' is clicked on

2021-11-23 16:42:38 - [TEST_STEP][PASSED] - Method.TextDegerineEsitElementeTikla(findTestObject("Object Repository/Kullanici_Islemleri/Secenekler"), Islem): Method.TextDegerineEsitElementeTikla is PASSED

2021-11-23 16:42:38 - [MESSAGE][INFO] - Finding Test Object 'Object Repository/Kullanici_Islemleri/Secenekler'

2021-11-23 16:42:38 - [MESSAGE][INFO] - Checking timeout

2021-11-23 16:42:38 - [MESSAGE][INFO] - Finding web element with id: 'Object Repository/Kullanici_Islemleri/Secenekler' located by 'By.cssSelector: .nav.navbar-nav.navbar-right li a' in '10' second(s)

2021-11-23 16:42:38 - [MESSAGE][INFO] - Smart Wait Function is triggered

2021-11-23 16:42:38 - [MESSAGE][INFO] - Found 22 web elements with id: 'Object Repository/Kullanici_Islemleri/Secenekler' located by 'By.cssSelector: .nav.navbar-nav.navbar-right li a' in '10' second(s)

2021-11-23 16:42:39 - [MESSAGE][PASSED] - Method.TextDegerineEsitElementeTikla is PASSED

2021-11-23 16:42:39 - [TEST_STEP][PASSED] - verifyElementNotPresent(findTestObject("Object Repository/Kullanici_Islemleri/Secenekler"), 10): Web element with id: 'Object Repository/Kullanici_Islemleri/Secenekler' located by 'By.cssSelector: .nav.navbar-nav.navbar-right li a' is not present after '10' second(s)

2021-11-23 16:42:39 - [MESSAGE][INFO] - Finding Test Object 'Object Repository/Kullanici_Islemleri/Secenekler'

2021-11-23 16:42:39 - [MESSAGE][INFO] - Checking object

2021-11-23 16:42:39 - [MESSAGE][INFO] - Checking timeout

2021-11-23 16:42:39 - [MESSAGE][INFO] - Finding web element with id: 'Object Repository/Kullanici_Islemleri/Secenekler' located by 'By.cssSelector: .nav.navbar-nav.navbar-right li a' in '10' second(s)

2021-11-23 16:42:39 - [MESSAGE][INFO] - Smart Wait Function is triggered

2021-11-23 16:42:40 - [MESSAGE][PASSED] - Web element with id: 'Object Repository/Kullanici_Islemleri/Secenekler' located by 'By.cssSelector: .nav.navbar-nav.navbar-right li a' is not present after '10' second(s)

2021-11-23 16:42:40 - [MESSAGE][PASSED] - Call Test Case 'Test Cases/Kullanici_Islemleri/KullaniciIslemlerindenSecimYapilir' successfully

2021-11-23 16:42:40 - [TEST_CASE][PASSED] - Start Test Case : SCENARIO e-Mustahsil Makbuzu Olusturma: SCENARIO e-Mustahsil Makbuzu Olusturma

2021-11-23 16:42:40 - [TEST_STEP][PASSED] - Kullanıcı adı ELOGO6 ve Şifre 123456 olarak giriş yapılır: Kullanıcı adı ELOGO6 ve Şifre 123456 olarak giriş yapılır

2021-11-23 16:42:40 - [MESSAGE][PASSED] - Kullanıcı adı ELOGO6 ve Şifre 123456 olarak giriş yapılır

2021-11-23 16:42:40 - [TEST_STEP][PASSED] - Ana menüden e-Makbuz seçilir: Ana menüden e-Makbuz seçilir

2021-11-23 16:42:40 - [MESSAGE][PASSED] - Ana menüden e-Makbuz seçilir

2021-11-23 16:42:40 - [TEST_STEP][PASSED] - Alt menü e-Müstahsil Uygulaması başlığı altındaki e-Müstahsil Makbuzu Oluşturma seçilir: Alt menü e-Müstahsil Uygulaması başlığı altındaki e-Müstahsil Makbuzu Oluşturma seçilir

2021-11-23 16:42:40 - [MESSAGE][PASSED] - Alt menü e-Müstahsil Uygulaması başlığı altındaki e-Müstahsil Makbuzu Oluşturma seçilir

2021-11-23 16:42:40 - [TEST_STEP][PASSED] - Tablodaki tüm veriler silinir: Tablodaki tüm veriler silinir

2021-11-23 16:42:40 - [MESSAGE][PASSED] - Tablodaki tüm veriler silinir

2021-11-23 16:42:40 - [TEST_STEP][PASSED] - Butonlardan Ekle isimli butona tıklanır: Butonlardan Ekle isimli butona tıklanır

2021-11-23 16:42:40 - [MESSAGE][PASSED] - Butonlardan Ekle isimli butona tıklanır

2021-11-23 16:42:40 - [TEST_STEP][PASSED] - Görsel tasarım sayfasının Makbuz Bilgileri başlığını içerdiği kontrol edilir: Görsel tasarım sayfasının Makbuz Bilgileri başlığını içerdiği kontrol edilir

2021-11-23 16:42:40 - [MESSAGE][PASSED] - Görsel tasarım sayfasının Makbuz Bilgileri başlığını içerdiği kontrol edilir

2021-11-23 16:42:40 - [TEST_STEP][PASSED] - Alıcı adı alanına UC0045 girilir: Alıcı adı alanına UC0045 girilir

2021-11-23 16:42:40 - [MESSAGE][PASSED] - Alıcı adı alanına UC0045 girilir

2021-11-23 16:42:40 - [TEST_STEP][PASSED] - Ekle butonuna basılır: Ekle butonuna basılır

2021-11-23 16:42:40 - [MESSAGE][PASSED] - Ekle butonuna basılır

2021-11-23 16:42:40 - [TEST_STEP][PASSED] - Ürün ekleme alanında Mal/Hizmet başlığına Otomasyon girilir: Ürün ekleme alanında Mal/Hizmet başlığına Otomasyon girilir

2021-11-23 16:42:40 - [MESSAGE][PASSED] - Ürün ekleme alanında Mal/Hizmet başlığına Otomasyon girilir

2021-11-23 16:42:40 - [TEST_STEP][PASSED] - Ürün ekleme alanında Miktarı başlığına 400 girilir: Ürün ekleme alanında Miktarı başlığına 400 girilir

2021-11-23 16:42:40 - [MESSAGE][PASSED] - Ürün ekleme alanında Miktarı başlığına 400 girilir

2021-11-23 16:42:40 - [TEST_STEP][PASSED] - Ürün ekleme alanında G.V Stopaj Oranı% başlığına 10 girilir: Ürün ekleme alanında G.V Stopaj Oranı% başlığına 10 girilir

2021-11-23 16:42:40 - [MESSAGE][PASSED] - Ürün ekleme alanında G.V Stopaj Oranı% başlığına 10 girilir

2021-11-23 16:42:40 - [TEST_STEP][PASSED] - Notlar alanına Otomasyon Not girilir: Notlar alanına Otomasyon Not girilir

2021-11-23 16:42:40 - [MESSAGE][PASSED] - Notlar alanına Otomasyon Not girilir

2021-11-23 16:42:40 - [TEST_STEP][PASSED] - Ettn bilgisi kayıt edilir: Ettn bilgisi kayıt edilir

2021-11-23 16:42:40 - [MESSAGE][PASSED] - Ettn bilgisi kayıt edilir

2021-11-23 16:42:40 - [TEST_STEP][PASSED] - Kaydet butonu seçilir: Kaydet butonu seçilir

2021-11-23 16:42:40 - [MESSAGE][PASSED] - Kaydet butonu seçilir

2021-11-23 16:42:40 - [TEST_STEP][PASSED] - Tabloda VirgosolOtomasyonTEST ünvanlı veri oluşturuldu mu: Tabloda VirgosolOtomasyonTEST ünvanlı veri oluşturuldu mu

2021-11-23 16:42:40 - [MESSAGE][PASSED] - Tabloda VirgosolOtomasyonTEST ünvanlı veri oluşturuldu mu

2021-11-23 16:42:40 - [TEST_STEP][PASSED] - Tablodan VirgosolOtomasyonTEST isimli veri seçilir: Tablodan VirgosolOtomasyonTEST isimli veri seçilir

2021-11-23 16:42:40 - [MESSAGE][PASSED] - Tablodan VirgosolOtomasyonTEST isimli veri seçilir

2021-11-23 16:42:40 - [TEST_STEP][PASSED] - Butonlardan Değiştir isimli butona tıklanır: Butonlardan Değiştir isimli butona tıklanır

2021-11-23 16:42:40 - [MESSAGE][PASSED] - Butonlardan Değiştir isimli butona tıklanır

2021-11-23 16:42:40 - [TEST_STEP][PASSED] - Görsel tasarım sayfasının Makbuz Bilgileri başlığını içerdiği kontrol edilir: Görsel tasarım sayfasının Makbuz Bilgileri başlığını içerdiği kontrol edilir

2021-11-23 16:42:40 - [MESSAGE][PASSED] - Görsel tasarım sayfasının Makbuz Bilgileri başlığını içerdiği kontrol edilir

2021-11-23 16:42:40 - [TEST_STEP][PASSED] - Notlar alanına Otomasyon Not Değiştir girilir: Notlar alanına Otomasyon Not Değiştir girilir

2021-11-23 16:42:40 - [MESSAGE][PASSED] - Notlar alanına Otomasyon Not Değiştir girilir

2021-11-23 16:42:40 - [TEST_STEP][PASSED] - Kaydet butonu seçilir: Kaydet butonu seçilir

2021-11-23 16:42:40 - [MESSAGE][PASSED] - Kaydet butonu seçilir

2021-11-23 16:42:40 - [TEST_STEP][PASSED] - Tabloda VirgosolOtomasyonTEST ünvanlı veri oluşturuldu mu: Tabloda VirgosolOtomasyonTEST ünvanlı veri oluşturuldu mu

2021-11-23 16:42:40 - [MESSAGE][PASSED] - Tabloda VirgosolOtomasyonTEST ünvanlı veri oluşturuldu mu

2021-11-23 16:42:40 - [TEST_STEP][PASSED] - Tablodan VirgosolOtomasyonTEST isimli veri seçilir: Tablodan VirgosolOtomasyonTEST isimli veri seçilir

2021-11-23 16:42:40 - [MESSAGE][PASSED] - Tablodan VirgosolOtomasyonTEST isimli veri seçilir

2021-11-23 16:42:40 - [TEST_STEP][PASSED] - Butonlardan Numara Oluştur isimli butona tıklanır: Butonlardan Numara Oluştur isimli butona tıklanır

2021-11-23 16:42:40 - [MESSAGE][PASSED] - Butonlardan Numara Oluştur isimli butona tıklanır

2021-11-23 16:42:40 - [TEST_STEP][PASSED] - Popup mesajı Devam etmek istiyor musunuz içeriyor mu: Popup mesajı Devam etmek istiyor musunuz içeriyor mu

2021-11-23 16:42:40 - [MESSAGE][PASSED] - Popup mesajı Devam etmek istiyor musunuz içeriyor mu

2021-11-23 16:42:40 - [TEST_STEP][PASSED] - Yönetim popupında Evet seçilir: Yönetim popupında Evet seçilir

2021-11-23 16:42:40 - [MESSAGE][PASSED] - Yönetim popupında Evet seçilir

2021-11-23 16:42:40 - [TEST_STEP][PASSED] - Popup mesajı oluşmuştur içeriyor mu: Popup mesajı oluşmuştur içeriyor mu

2021-11-23 16:42:40 - [MESSAGE][PASSED] - Popup mesajı oluşmuştur içeriyor mu

2021-11-23 16:42:40 - [TEST_STEP][PASSED] - Yönetim popupında Tamam seçilir: Yönetim popupında Tamam seçilir

2021-11-23 16:42:40 - [MESSAGE][PASSED] - Yönetim popupında Tamam seçilir

2021-11-23 16:42:40 - [TEST_STEP][PASSED] - Tablodan VirgosolOtomasyonTEST isimli veri seçilir: Tablodan VirgosolOtomasyonTEST isimli veri seçilir

2021-11-23 16:42:40 - [MESSAGE][PASSED] - Tablodan VirgosolOtomasyonTEST isimli veri seçilir

2021-11-23 16:42:40 - [TEST_STEP][PASSED] - Butonlardan Göster isimli butona tıklanır: Butonlardan Göster isimli butona tıklanır

2021-11-23 16:42:40 - [MESSAGE][PASSED] - Butonlardan Göster isimli butona tıklanır

2021-11-23 16:42:40 - [TEST_STEP][PASSED] - Yeni açılan sekmeye geçilir: Yeni açılan sekmeye geçilir

2021-11-23 16:42:40 - [MESSAGE][PASSED] - Yeni açılan sekmeye geçilir

2021-11-23 16:42:40 - [TEST_STEP][PASSED] - Yeni sekme başlığında e-Müstahsil Makbuzu var mı kontrol edilir: Yeni sekme başlığında e-Müstahsil Makbuzu var mı kontrol edilir

2021-11-23 16:42:40 - [MESSAGE][PASSED] - Yeni sekme başlığında e-Müstahsil Makbuzu var mı kontrol edilir

2021-11-23 16:42:40 - [TEST_STEP][PASSED] - Ana sekmeye geçilir: Ana sekmeye geçilir

2021-11-23 16:42:40 - [MESSAGE][PASSED] - Ana sekmeye geçilir

2021-11-23 16:42:40 - [TEST_STEP][PASSED] - Butonlardan UBL isimli butona tıklanır: Butonlardan UBL isimli butona tıklanır

2021-11-23 16:42:40 - [MESSAGE][PASSED] - Butonlardan UBL isimli butona tıklanır

2021-11-23 16:42:40 - [TEST_STEP][PASSED] - Yeni açılan sekmeye geçilir: Yeni açılan sekmeye geçilir

2021-11-23 16:42:40 - [MESSAGE][PASSED] - Yeni açılan sekmeye geçilir

2021-11-23 16:42:40 - [TEST_STEP][PASSED] - CreditNote tagli ubl geldi mi: CreditNote tagli ubl geldi mi

2021-11-23 16:42:40 - [MESSAGE][PASSED] - CreditNote tagli ubl geldi mi

2021-11-23 16:42:40 - [TEST_STEP][PASSED] - Ana sekmeye geçilir: Ana sekmeye geçilir

2021-11-23 16:42:40 - [MESSAGE][PASSED] - Ana sekmeye geçilir

2021-11-23 16:42:40 - [TEST_STEP][PASSED] - Butonlardan Gönder isimli butona tıklanır: Butonlardan Gönder isimli butona tıklanır

2021-11-23 16:42:40 - [MESSAGE][PASSED] - Butonlardan Gönder isimli butona tıklanır

2021-11-23 16:42:40 - [TEST_STEP][PASSED] - Popup mesajı Devam etmek istiyor musunuz içeriyor mu: Popup mesajı Devam etmek istiyor musunuz içeriyor mu

2021-11-23 16:42:40 - [MESSAGE][PASSED] - Popup mesajı Devam etmek istiyor musunuz içeriyor mu

2021-11-23 16:42:40 - [TEST_STEP][PASSED] - Yönetim popupında Evet seçilir: Yönetim popupında Evet seçilir

2021-11-23 16:42:40 - [MESSAGE][PASSED] - Yönetim popupında Evet seçilir

2021-11-23 16:42:40 - [TEST_STEP][PASSED] - Ana menüden e-Makbuz seçilir: Ana menüden e-Makbuz seçilir

2021-11-23 16:42:40 - [MESSAGE][PASSED] - Ana menüden e-Makbuz seçilir

2021-11-23 16:42:40 - [TEST_STEP][PASSED] - Alt menü e-Müstahsil Uygulaması başlığı altındaki e-Müstahsil Makbuzları seçilir: Alt menü e-Müstahsil Uygulaması başlığı altındaki e-Müstahsil Makbuzları seçilir

2021-11-23 16:42:40 - [MESSAGE][PASSED] - Alt menü e-Müstahsil Uygulaması başlığı altındaki e-Müstahsil Makbuzları seçilir

2021-11-23 16:42:40 - [TEST_STEP][PASSED] - Filtrelerden Ettn filtresine Ettn bilgisi yaz: Filtrelerden Ettn filtresine Ettn bilgisi yaz

2021-11-23 16:42:40 - [MESSAGE][PASSED] - Filtrelerden Ettn filtresine Ettn bilgisi yaz

2021-11-23 16:42:40 - [TEST_STEP][PASSED] - Filtre butonlarından Listele seçilir: Filtre butonlarından Listele seçilir

2021-11-23 16:42:40 - [MESSAGE][PASSED] - Filtre butonlarından Listele seçilir

2021-11-23 16:42:40 - [TEST_STEP][PASSED] - Tabloda veri var mı kontrol edilir: Tabloda veri var mı kontrol edilir

2021-11-23 16:42:40 - [MESSAGE][PASSED] - Tabloda veri var mı kontrol edilir

2021-11-23 16:42:40 - [TEST_STEP][PASSED] - Tabloda yeni oluşturulan emm verisi başarılı mı: Tabloda yeni oluşturulan emm verisi başarılı mı

2021-11-23 16:42:40 - [MESSAGE][PASSED] - Tabloda yeni oluşturulan emm verisi başarılı mı

2021-11-23 16:42:40 - [TEST_STEP][PASSED] - Kullanıcı işlemlerinden Çıkış seçilir: Kullanıcı işlemlerinden Çıkış seçilir

2021-11-23 16:42:40 - [MESSAGE][PASSED] - Kullanıcı işlemlerinden Çıkış seçilir

2021-11-23 16:42:40 - [MESSAGE][PASSED] - Feature file: 'Include/features/e-Makbuz/e-Mustahsil Uygulamasi/e-Mustahsil Makbuzu Olusturma/Ekle.feature' was passed

2021-11-23 16:42:40 - [TEST_STEP][PASSED] - Start listener action : sampleAfterTestSuite: Invoke 'com.kms.katalon.core.annotation.AfterTestCase' method: 'Listener.sampleAfterTestSuite(...)' completed.

2021-11-23 16:42:40 - [MESSAGE][INFO] - Starting invoke 'com.kms.katalon.core.annotation.AfterTestCase' method: 'Listener.sampleAfterTestSuite(...)'

2021-11-23 16:42:40 - [TEST_STEP][PASSED] - closeBrowser(): Invoke 'com.kms.katalon.core.annotation.AfterTestCase' method: 'Listener.sampleAfterTestSuite(...)' completed.

2021-11-23 16:42:40 - [MESSAGE][INFO] - Closing browser

2021-11-23 16:42:40 - [MESSAGE][PASSED] - Browser is closed

2021-11-23 16:42:40 - [MESSAGE][INFO] - Invoke 'com.kms.katalon.core.annotation.AfterTestCase' method: 'Listener.sampleAfterTestSuite(...)' completed.]]></system-out>
         <system-err><![CDATA[]]></system-err>
      </testcase>
      <testcase name="Test Cases/Case Repository/e-Makbuz/e-Mustahsil Uygulamasi/e-Mustahsil Makbuzu Olusturma/Ekran Kontrolu" time="33.594" classname="Test Cases/Case Repository/e-Makbuz/e-Mustahsil Uygulamasi/e-Mustahsil Makbuzu Olusturma/Ekran Kontrolu" status="PASSED">
         <system-out><![CDATA[2021-11-23 16:42:40 - [TEST_CASE][PASSED] - Test Cases/Case Repository/e-Makbuz/e-Mustahsil Uygulamasi/e-Mustahsil Makbuzu Olusturma/Ekran Kontrolu: Test Cases/Case Repository/e-Makbuz/e-Mustahsil Uygulamasi/e-Mustahsil Makbuzu Olusturma/Ekran Kontrolu

2021-11-23 16:42:40 - [TEST_STEP][PASSED] - Start listener action : sampleBeforeTestSuite: Invoke 'com.kms.katalon.core.annotation.BeforeTestCase' method: 'Listener.sampleBeforeTestSuite(...)' completed.

2021-11-23 16:42:40 - [MESSAGE][INFO] - Starting invoke 'com.kms.katalon.core.annotation.BeforeTestCase' method: 'Listener.sampleBeforeTestSuite(...)'

2021-11-23 16:42:40 - [TEST_STEP][PASSED] - openBrowser(baseUrl): Browser is opened with url: 'https://efatura-stage.elogo.com.tr/'

2021-11-23 16:42:40 - [MESSAGE][INFO] - Opening browser

2021-11-23 16:42:40 - [MESSAGE][INFO] - Starting 'Chrome' driver

2021-11-23 16:42:40 - [MESSAGE][INFO] - User set preference: ['prefs', '{download.default_directory=C:\otomasyondownfiles}']

2021-11-23 16:42:40 - [MESSAGE][INFO] - Action delay is set to 0 milliseconds

2021-11-23 16:42:42 - [MESSAGE][INFO] - Navigating browser to: 'https://efatura-stage.elogo.com.tr/'

2021-11-23 16:42:45 - [MESSAGE][PASSED] - Browser is opened with url: 'https://efatura-stage.elogo.com.tr/'

2021-11-23 16:42:45 - [TEST_STEP][PASSED] - maximizeWindow(): Invoke 'com.kms.katalon.core.annotation.BeforeTestCase' method: 'Listener.sampleBeforeTestSuite(...)' completed.

2021-11-23 16:42:45 - [MESSAGE][INFO] - Maximizing current window

2021-11-23 16:42:45 - [MESSAGE][PASSED] - Current window maximized

2021-11-23 16:42:45 - [MESSAGE][INFO] - Invoke 'com.kms.katalon.core.annotation.BeforeTestCase' method: 'Listener.sampleBeforeTestSuite(...)' completed.

2021-11-23 16:42:46 - [TEST_STEP][PASSED] - runFeatureFile("Include/features/e-Makbuz/e-Mustahsil Uygulamasi/e-Mustahsil Makbuzu Olusturma/Ekran Kontrolu.feature"): Feature file: 'Include/features/e-Makbuz/e-Mustahsil Uygulamasi/e-Mustahsil Makbuzu Olusturma/Ekran Kontrolu.feature' was passed

2021-11-23 16:42:46 - [MESSAGE][INFO] - Starting run keyword runFeatureFile: 'Include/features/e-Makbuz/e-Mustahsil Uygulamasi/e-Mustahsil Makbuzu Olusturma/Ekran Kontrolu.feature' and extract report to folder: 'C:\Users\DELL\Documents\GitHub\EES_KatalonLogo\Reports\20211123_163326\Suite Repository\e-Makbuz\20211123_163348/cucumber_report/1637674966176'...

2021-11-23 16:42:46 - [MESSAGE][INFO] - Glue: []

2021-11-23 16:42:49 - [MESSAGE][INFO] - Checking called Test Case

2021-11-23 16:42:49 - [MESSAGE][INFO] - Starting to call Test Case 'Test Cases/Sayfalar/Giris_Sayfasi/Login'

2021-11-23 16:42:49 - [TEST_CASE][PASSED] - Test Cases/Sayfalar/Giris_Sayfasi/Login: Test Cases/Sayfalar/Giris_Sayfasi/Login

2021-11-23 16:42:49 - [TEST_STEP][PASSED] - Sayfa_Basligi = getWindowTitle(): Current window's title is: 'LOGO e-Fatura'

2021-11-23 16:42:49 - [MESSAGE][INFO] - Getting current window's title

2021-11-23 16:42:49 - [MESSAGE][PASSED] - Current window's title is: 'LOGO e-Fatura'

2021-11-23 16:42:49 - [TEST_STEP][PASSED] - verifyMatch(Sayfa_Basligi, "LOGO e-Fatura", false): Actual text 'LOGO e-Fatura' and expected text 'LOGO e-Fatura' are matched 

2021-11-23 16:42:49 - [MESSAGE][INFO] - Matching actual text 'LOGO e-Fatura' with expected text 'LOGO e-Fatura'

2021-11-23 16:42:49 - [MESSAGE][PASSED] - Actual text 'LOGO e-Fatura' and expected text 'LOGO e-Fatura' are matched 

2021-11-23 16:42:49 - [TEST_STEP][PASSED] - sendKeys(findTestObject("Sayfalar/Giris_Sayfasi/Firma_Kodu"), KullaniciAdi): Keys 'ELOGO6' sent to object: 'Object Repository/Sayfalar/Giris_Sayfasi/Firma_Kodu'

2021-11-23 16:42:49 - [MESSAGE][INFO] - Finding Test Object 'Object Repository/Sayfalar/Giris_Sayfasi/Firma_Kodu'

2021-11-23 16:42:49 - [MESSAGE][INFO] - Sending keys 'ELOGO6' to object: 'Object Repository/Sayfalar/Giris_Sayfasi/Firma_Kodu'

2021-11-23 16:42:49 - [MESSAGE][INFO] - Finding web element from Test Object's properties

2021-11-23 16:42:49 - [MESSAGE][INFO] - Checking timeout

2021-11-23 16:42:49 - [MESSAGE][INFO] - Finding web element with id: 'Object Repository/Sayfalar/Giris_Sayfasi/Firma_Kodu' located by 'By.xpath: //*[@id = 'AccountName']' in '30' second(s)

2021-11-23 16:42:49 - [MESSAGE][INFO] - Smart Wait Function is triggered

2021-11-23 16:42:49 - [MESSAGE][INFO] - Found 1 web elements with id: 'Object Repository/Sayfalar/Giris_Sayfasi/Firma_Kodu' located by 'By.xpath: //*[@id = 'AccountName']' in '30' second(s)

2021-11-23 16:42:49 - [MESSAGE][PASSED] - Keys 'ELOGO6' sent to object: 'Object Repository/Sayfalar/Giris_Sayfasi/Firma_Kodu'

2021-11-23 16:42:49 - [TEST_STEP][PASSED] - sendKeys(findTestObject("Sayfalar/Giris_Sayfasi/Sifre"), Sifre): Keys '123456' sent to object: 'Object Repository/Sayfalar/Giris_Sayfasi/Sifre'

2021-11-23 16:42:49 - [MESSAGE][INFO] - Finding Test Object 'Object Repository/Sayfalar/Giris_Sayfasi/Sifre'

2021-11-23 16:42:49 - [MESSAGE][INFO] - Sending keys '123456' to object: 'Object Repository/Sayfalar/Giris_Sayfasi/Sifre'

2021-11-23 16:42:49 - [MESSAGE][INFO] - Finding web element from Test Object's properties

2021-11-23 16:42:49 - [MESSAGE][INFO] - Checking timeout

2021-11-23 16:42:49 - [MESSAGE][INFO] - Finding web element with id: 'Object Repository/Sayfalar/Giris_Sayfasi/Sifre' located by 'By.xpath: //*[@id = 'Password']' in '30' second(s)

2021-11-23 16:42:49 - [MESSAGE][INFO] - Smart Wait Function is triggered

2021-11-23 16:42:50 - [MESSAGE][INFO] - Found 1 web elements with id: 'Object Repository/Sayfalar/Giris_Sayfasi/Sifre' located by 'By.xpath: //*[@id = 'Password']' in '30' second(s)

2021-11-23 16:42:50 - [MESSAGE][PASSED] - Keys '123456' sent to object: 'Object Repository/Sayfalar/Giris_Sayfasi/Sifre'

2021-11-23 16:42:50 - [TEST_STEP][PASSED] - findWebElement(findTestObject("Sayfalar/Giris_Sayfasi/Giris_Butonu")).click(): Found 1 web elements with id: 'Object Repository/Sayfalar/Giris_Sayfasi/Giris_Butonu' located by 'By.cssSelector: #btnLogin' in '30' second(s)

2021-11-23 16:42:50 - [MESSAGE][INFO] - Finding Test Object 'Object Repository/Sayfalar/Giris_Sayfasi/Giris_Butonu'

2021-11-23 16:42:50 - [MESSAGE][INFO] - Finding web element from Test Object's properties

2021-11-23 16:42:50 - [MESSAGE][INFO] - Checking timeout

2021-11-23 16:42:50 - [MESSAGE][INFO] - Finding web element with id: 'Object Repository/Sayfalar/Giris_Sayfasi/Giris_Butonu' located by 'By.cssSelector: #btnLogin' in '30' second(s)

2021-11-23 16:42:50 - [MESSAGE][INFO] - Smart Wait Function is triggered

2021-11-23 16:42:50 - [MESSAGE][INFO] - Found 1 web elements with id: 'Object Repository/Sayfalar/Giris_Sayfasi/Giris_Butonu' located by 'By.cssSelector: #btnLogin' in '30' second(s)

2021-11-23 16:42:53 - [TEST_STEP][PASSED] - if (verifyElementPresent(findTestObject("Object Repository/Sayfalar/Giris_Sayfasi/RetveTamam_Butonu"), 5, OPTIONAL)): null

2021-11-23 16:42:53 - [MESSAGE][INFO] - Finding Test Object 'Object Repository/Sayfalar/Giris_Sayfasi/RetveTamam_Butonu'

2021-11-23 16:42:53 - [MESSAGE][INFO] - Checking object

2021-11-23 16:42:53 - [MESSAGE][INFO] - Finding web element from Test Object's properties

2021-11-23 16:42:53 - [MESSAGE][INFO] - Checking timeout

2021-11-23 16:42:53 - [MESSAGE][INFO] - Finding web element with id: 'Object Repository/Sayfalar/Giris_Sayfasi/RetveTamam_Butonu' located by 'By.xpath: //*[@class = 'btn btn-default']' in '5' second(s)

2021-11-23 16:42:53 - [MESSAGE][INFO] - Smart Wait Function is triggered

2021-11-23 16:42:53 - [MESSAGE][INFO] - Found 1 web elements with id: 'Object Repository/Sayfalar/Giris_Sayfasi/RetveTamam_Butonu' located by 'By.xpath: //*[@class = 'btn btn-default']' in '5' second(s)

2021-11-23 16:42:53 - [MESSAGE][PASSED] - Object 'Object Repository/Sayfalar/Giris_Sayfasi/RetveTamam_Butonu' is present

2021-11-23 16:42:53 - [TEST_STEP][PASSED] - click(findTestObject("Object Repository/Sayfalar/Giris_Sayfasi/RetveTamam_Butonu")): Object: 'Object Repository/Sayfalar/Giris_Sayfasi/RetveTamam_Butonu' is clicked on

2021-11-23 16:42:53 - [MESSAGE][INFO] - Finding Test Object 'Object Repository/Sayfalar/Giris_Sayfasi/RetveTamam_Butonu'

2021-11-23 16:42:53 - [MESSAGE][INFO] - Checking object

2021-11-23 16:42:53 - [MESSAGE][INFO] - Finding web element from Test Object's properties

2021-11-23 16:42:53 - [MESSAGE][INFO] - Checking timeout

2021-11-23 16:42:53 - [MESSAGE][INFO] - Finding web element with id: 'Object Repository/Sayfalar/Giris_Sayfasi/RetveTamam_Butonu' located by 'By.xpath: //*[@class = 'btn btn-default']' in '30' second(s)

2021-11-23 16:42:53 - [MESSAGE][INFO] - Smart Wait Function is triggered

2021-11-23 16:42:54 - [MESSAGE][INFO] - Found 1 web elements with id: 'Object Repository/Sayfalar/Giris_Sayfasi/RetveTamam_Butonu' located by 'By.xpath: //*[@class = 'btn btn-default']' in '30' second(s)

2021-11-23 16:42:54 - [MESSAGE][INFO] - Clicking on object: 'Object Repository/Sayfalar/Giris_Sayfasi/RetveTamam_Butonu'

2021-11-23 16:42:54 - [MESSAGE][PASSED] - Object: 'Object Repository/Sayfalar/Giris_Sayfasi/RetveTamam_Butonu' is clicked on

2021-11-23 16:42:54 - [TEST_STEP][PASSED] - click(findTestObject("Object Repository/Sayfalar/Giris_Sayfasi/RetveTamam_Butonu")): Object: 'Object Repository/Sayfalar/Giris_Sayfasi/RetveTamam_Butonu' is clicked on

2021-11-23 16:42:54 - [MESSAGE][INFO] - Finding Test Object 'Object Repository/Sayfalar/Giris_Sayfasi/RetveTamam_Butonu'

2021-11-23 16:42:54 - [MESSAGE][INFO] - Checking object

2021-11-23 16:42:54 - [MESSAGE][INFO] - Finding web element from Test Object's properties

2021-11-23 16:42:54 - [MESSAGE][INFO] - Checking timeout

2021-11-23 16:42:54 - [MESSAGE][INFO] - Finding web element with id: 'Object Repository/Sayfalar/Giris_Sayfasi/RetveTamam_Butonu' located by 'By.xpath: //*[@class = 'btn btn-default']' in '30' second(s)

2021-11-23 16:42:54 - [MESSAGE][INFO] - Smart Wait Function is triggered

2021-11-23 16:42:57 - [MESSAGE][INFO] - Found 1 web elements with id: 'Object Repository/Sayfalar/Giris_Sayfasi/RetveTamam_Butonu' located by 'By.xpath: //*[@class = 'btn btn-default']' in '30' second(s)

2021-11-23 16:42:57 - [MESSAGE][INFO] - Clicking on object: 'Object Repository/Sayfalar/Giris_Sayfasi/RetveTamam_Butonu'

2021-11-23 16:42:57 - [MESSAGE][PASSED] - Object: 'Object Repository/Sayfalar/Giris_Sayfasi/RetveTamam_Butonu' is clicked on

2021-11-23 16:42:57 - [TEST_STEP][PASSED] - if (verifyElementPresent(findTestObject("Sayfalar/Giris_Sayfasi/PopupOK"), 5, OPTIONAL)): null

2021-11-23 16:42:57 - [MESSAGE][INFO] - Finding Test Object 'Object Repository/Sayfalar/Giris_Sayfasi/PopupOK'

2021-11-23 16:42:57 - [MESSAGE][INFO] - Checking object

2021-11-23 16:42:57 - [MESSAGE][INFO] - Finding web element from Test Object's properties

2021-11-23 16:42:57 - [MESSAGE][INFO] - Checking timeout

2021-11-23 16:42:57 - [MESSAGE][INFO] - Finding web element with id: 'Object Repository/Sayfalar/Giris_Sayfasi/PopupOK' located by 'By.cssSelector: .btn.btn-success' in '5' second(s)

2021-11-23 16:42:57 - [MESSAGE][INFO] - Smart Wait Function is triggered

2021-11-23 16:42:57 - [MESSAGE][INFO] - Found 1 web elements with id: 'Object Repository/Sayfalar/Giris_Sayfasi/PopupOK' located by 'By.cssSelector: .btn.btn-success' in '5' second(s)

2021-11-23 16:42:57 - [MESSAGE][PASSED] - Object 'Object Repository/Sayfalar/Giris_Sayfasi/PopupOK' is present

2021-11-23 16:42:57 - [TEST_STEP][PASSED] - click(findTestObject("Object Repository/Sayfalar/Giris_Sayfasi/PopupCarpiGiris")): Object: 'Object Repository/Sayfalar/Giris_Sayfasi/PopupCarpiGiris' is clicked on

2021-11-23 16:42:57 - [MESSAGE][INFO] - Finding Test Object 'Object Repository/Sayfalar/Giris_Sayfasi/PopupCarpiGiris'

2021-11-23 16:42:58 - [MESSAGE][INFO] - Checking object

2021-11-23 16:42:58 - [MESSAGE][INFO] - Finding web element from Test Object's properties

2021-11-23 16:42:58 - [MESSAGE][INFO] - Checking timeout

2021-11-23 16:42:58 - [MESSAGE][INFO] - Finding web element with id: 'Object Repository/Sayfalar/Giris_Sayfasi/PopupCarpiGiris' located by 'By.cssSelector: .bootbox-close-button.close' in '30' second(s)

2021-11-23 16:42:58 - [MESSAGE][INFO] - Smart Wait Function is triggered

2021-11-23 16:42:58 - [MESSAGE][INFO] - Found 1 web elements with id: 'Object Repository/Sayfalar/Giris_Sayfasi/PopupCarpiGiris' located by 'By.cssSelector: .bootbox-close-button.close' in '30' second(s)

2021-11-23 16:42:58 - [MESSAGE][INFO] - Clicking on object: 'Object Repository/Sayfalar/Giris_Sayfasi/PopupCarpiGiris'

2021-11-23 16:42:58 - [MESSAGE][PASSED] - Object: 'Object Repository/Sayfalar/Giris_Sayfasi/PopupCarpiGiris' is clicked on

2021-11-23 16:42:58 - [TEST_STEP][PASSED] - verifyElementVisible(findTestObject("Object Repository/Kullanici_Islemleri/KullaniciIslemleri")): Object 'Object Repository/Kullanici_Islemleri/KullaniciIslemleri' is visible

2021-11-23 16:42:58 - [MESSAGE][INFO] - Finding Test Object 'Object Repository/Kullanici_Islemleri/KullaniciIslemleri'

2021-11-23 16:42:58 - [MESSAGE][INFO] - Checking object

2021-11-23 16:42:58 - [MESSAGE][INFO] - Finding web element from Test Object's properties

2021-11-23 16:42:58 - [MESSAGE][INFO] - Checking timeout

2021-11-23 16:42:58 - [MESSAGE][INFO] - Finding web element with id: 'Object Repository/Kullanici_Islemleri/KullaniciIslemleri' located by 'By.cssSelector: .dropdown>a>img' in '30' second(s)

2021-11-23 16:42:58 - [MESSAGE][INFO] - Smart Wait Function is triggered

2021-11-23 16:42:59 - [MESSAGE][INFO] - Found 1 web elements with id: 'Object Repository/Kullanici_Islemleri/KullaniciIslemleri' located by 'By.cssSelector: .dropdown>a>img' in '30' second(s)

2021-11-23 16:42:59 - [MESSAGE][PASSED] - Object 'Object Repository/Kullanici_Islemleri/KullaniciIslemleri' is visible

2021-11-23 16:42:59 - [MESSAGE][PASSED] - Call Test Case 'Test Cases/Sayfalar/Giris_Sayfasi/Login' successfully

2021-11-23 16:42:59 - [MESSAGE][INFO] - Checking called Test Case

2021-11-23 16:42:59 - [MESSAGE][INFO] - Starting to call Test Case 'Test Cases/Menu/AnaMenuSecimi'

2021-11-23 16:42:59 - [TEST_CASE][PASSED] - Test Cases/Menu/AnaMenuSecimi: Test Cases/Menu/AnaMenuSecimi

2021-11-23 16:42:59 - [TEST_STEP][PASSED] - Method.TextDegerineEsitElementeTikla(findTestObject("Menu/Ana_Menu"), Ana_Menu): Method.TextDegerineEsitElementeTikla is PASSED

2021-11-23 16:42:59 - [MESSAGE][INFO] - Finding Test Object 'Object Repository/Menu/Ana_Menu'

2021-11-23 16:42:59 - [MESSAGE][INFO] - Checking timeout

2021-11-23 16:42:59 - [MESSAGE][INFO] - Finding web element with id: 'Object Repository/Menu/Ana_Menu' located by 'By.xpath: //*[@class = 'dropdown-toggle']' in '10' second(s)

2021-11-23 16:42:59 - [MESSAGE][INFO] - Smart Wait Function is triggered

2021-11-23 16:42:59 - [MESSAGE][INFO] - Found 14 web elements with id: 'Object Repository/Menu/Ana_Menu' located by 'By.xpath: //*[@class = 'dropdown-toggle']' in '10' second(s)

2021-11-23 16:42:59 - [MESSAGE][PASSED] - Method.TextDegerineEsitElementeTikla is PASSED

2021-11-23 16:42:59 - [MESSAGE][PASSED] - Call Test Case 'Test Cases/Menu/AnaMenuSecimi' successfully

2021-11-23 16:42:59 - [MESSAGE][INFO] - Checking called Test Case

2021-11-23 16:42:59 - [MESSAGE][INFO] - Starting to call Test Case 'Test Cases/Menu/BasligaGoreAltMenuSecimi'

2021-11-23 16:42:59 - [TEST_CASE][PASSED] - Test Cases/Menu/BasligaGoreAltMenuSecimi: Test Cases/Menu/BasligaGoreAltMenuSecimi

2021-11-23 16:42:59 - [TEST_STEP][PASSED] - Method.TextDegerineEsitElementinAltindakiTextDegerineEsitOlanaTikla(findTestObject("Menu/Menu_Basligi"), findTestObject("Menu/Basliga_Gore_Alt_Menu"), Baslik, Alt_Menu): Method.TextDegerineEsitElementinAltindakiTextDegerineEsitOlanaTikla is PASSED

2021-11-23 16:42:59 - [MESSAGE][INFO] - Finding Test Object 'Object Repository/Menu/Menu_Basligi'

2021-11-23 16:43:00 - [MESSAGE][INFO] - Finding Test Object 'Object Repository/Menu/Basliga_Gore_Alt_Menu'

2021-11-23 16:43:00 - [MESSAGE][INFO] - Checking timeout

2021-11-23 16:43:00 - [MESSAGE][INFO] - Finding web element with id: 'Object Repository/Menu/Menu_Basligi' located by 'By.xpath: //li[@class='dropdown dropdown-large open']//li[@class='dropdown-header']' in '10' second(s)

2021-11-23 16:43:00 - [MESSAGE][INFO] - Smart Wait Function is triggered

2021-11-23 16:43:00 - [MESSAGE][INFO] - Found 2 web elements with id: 'Object Repository/Menu/Menu_Basligi' located by 'By.xpath: //li[@class='dropdown dropdown-large open']//li[@class='dropdown-header']' in '10' second(s)

2021-11-23 16:43:00 - [MESSAGE][INFO] - Smart Wait Function is triggered

2021-11-23 16:43:02 - [MESSAGE][PASSED] - Method.TextDegerineEsitElementinAltindakiTextDegerineEsitOlanaTikla is PASSED

2021-11-23 16:43:02 - [MESSAGE][PASSED] - Call Test Case 'Test Cases/Menu/BasligaGoreAltMenuSecimi' successfully

2021-11-23 16:43:02 - [MESSAGE][INFO] - Checking called Test Case

2021-11-23 16:43:02 - [MESSAGE][INFO] - Starting to call Test Case 'Test Cases/Filtreler/FiltreVarMi'

2021-11-23 16:43:03 - [TEST_CASE][PASSED] - Test Cases/Filtreler/FiltreVarMi: Test Cases/Filtreler/FiltreVarMi

2021-11-23 16:43:03 - [TEST_STEP][PASSED] - Method.TextDegerineEsitElementVarMi(findTestObject("Filtreler/Basliklar"), Filtre_alan): Method.TextDegerineEsitElementVarMi is PASSED

2021-11-23 16:43:03 - [MESSAGE][INFO] - Finding Test Object 'Object Repository/Filtreler/Basliklar'

2021-11-23 16:43:03 - [MESSAGE][INFO] - Checking timeout

2021-11-23 16:43:03 - [MESSAGE][INFO] - Finding web element with id: 'Object Repository/Filtreler/Basliklar' located by 'By.cssSelector: .control-label.col-sm-4.paddingMarginRLC' in '10' second(s)

2021-11-23 16:43:03 - [MESSAGE][INFO] - Smart Wait Function is triggered

2021-11-23 16:43:03 - [MESSAGE][INFO] - Found 7 web elements with id: 'Object Repository/Filtreler/Basliklar' located by 'By.cssSelector: .control-label.col-sm-4.paddingMarginRLC' in '10' second(s)

2021-11-23 16:43:03 - [MESSAGE][PASSED] - Method.TextDegerineEsitElementVarMi is PASSED

2021-11-23 16:43:03 - [MESSAGE][PASSED] - Call Test Case 'Test Cases/Filtreler/FiltreVarMi' successfully

2021-11-23 16:43:03 - [MESSAGE][INFO] - Checking called Test Case

2021-11-23 16:43:03 - [MESSAGE][INFO] - Starting to call Test Case 'Test Cases/Filtreler/FiltreVarMi'

2021-11-23 16:43:03 - [TEST_CASE][PASSED] - Test Cases/Filtreler/FiltreVarMi: Test Cases/Filtreler/FiltreVarMi

2021-11-23 16:43:03 - [TEST_STEP][PASSED] - Method.TextDegerineEsitElementVarMi(findTestObject("Filtreler/Basliklar"), Filtre_alan): Method.TextDegerineEsitElementVarMi is PASSED

2021-11-23 16:43:03 - [MESSAGE][INFO] - Finding Test Object 'Object Repository/Filtreler/Basliklar'

2021-11-23 16:43:03 - [MESSAGE][INFO] - Checking timeout

2021-11-23 16:43:03 - [MESSAGE][INFO] - Finding web element with id: 'Object Repository/Filtreler/Basliklar' located by 'By.cssSelector: .control-label.col-sm-4.paddingMarginRLC' in '10' second(s)

2021-11-23 16:43:03 - [MESSAGE][INFO] - Smart Wait Function is triggered

2021-11-23 16:43:04 - [MESSAGE][INFO] - Found 7 web elements with id: 'Object Repository/Filtreler/Basliklar' located by 'By.cssSelector: .control-label.col-sm-4.paddingMarginRLC' in '10' second(s)

2021-11-23 16:43:04 - [MESSAGE][PASSED] - Method.TextDegerineEsitElementVarMi is PASSED

2021-11-23 16:43:04 - [MESSAGE][PASSED] - Call Test Case 'Test Cases/Filtreler/FiltreVarMi' successfully

2021-11-23 16:43:04 - [MESSAGE][INFO] - Checking called Test Case

2021-11-23 16:43:04 - [MESSAGE][INFO] - Starting to call Test Case 'Test Cases/Filtreler/FiltreVarMi'

2021-11-23 16:43:04 - [TEST_CASE][PASSED] - Test Cases/Filtreler/FiltreVarMi: Test Cases/Filtreler/FiltreVarMi

2021-11-23 16:43:04 - [TEST_STEP][PASSED] - Method.TextDegerineEsitElementVarMi(findTestObject("Filtreler/Basliklar"), Filtre_alan): Method.TextDegerineEsitElementVarMi is PASSED

2021-11-23 16:43:04 - [MESSAGE][INFO] - Finding Test Object 'Object Repository/Filtreler/Basliklar'

2021-11-23 16:43:04 - [MESSAGE][INFO] - Checking timeout

2021-11-23 16:43:04 - [MESSAGE][INFO] - Finding web element with id: 'Object Repository/Filtreler/Basliklar' located by 'By.cssSelector: .control-label.col-sm-4.paddingMarginRLC' in '10' second(s)

2021-11-23 16:43:04 - [MESSAGE][INFO] - Smart Wait Function is triggered

2021-11-23 16:43:04 - [MESSAGE][INFO] - Found 7 web elements with id: 'Object Repository/Filtreler/Basliklar' located by 'By.cssSelector: .control-label.col-sm-4.paddingMarginRLC' in '10' second(s)

2021-11-23 16:43:04 - [MESSAGE][PASSED] - Method.TextDegerineEsitElementVarMi is PASSED

2021-11-23 16:43:04 - [MESSAGE][PASSED] - Call Test Case 'Test Cases/Filtreler/FiltreVarMi' successfully

2021-11-23 16:43:04 - [MESSAGE][INFO] - Checking called Test Case

2021-11-23 16:43:04 - [MESSAGE][INFO] - Starting to call Test Case 'Test Cases/Filtreler/FiltreVarMi'

2021-11-23 16:43:04 - [TEST_CASE][PASSED] - Test Cases/Filtreler/FiltreVarMi: Test Cases/Filtreler/FiltreVarMi

2021-11-23 16:43:04 - [TEST_STEP][PASSED] - Method.TextDegerineEsitElementVarMi(findTestObject("Filtreler/Basliklar"), Filtre_alan): Method.TextDegerineEsitElementVarMi is PASSED

2021-11-23 16:43:04 - [MESSAGE][INFO] - Finding Test Object 'Object Repository/Filtreler/Basliklar'

2021-11-23 16:43:04 - [MESSAGE][INFO] - Checking timeout

2021-11-23 16:43:04 - [MESSAGE][INFO] - Finding web element with id: 'Object Repository/Filtreler/Basliklar' located by 'By.cssSelector: .control-label.col-sm-4.paddingMarginRLC' in '10' second(s)

2021-11-23 16:43:04 - [MESSAGE][INFO] - Smart Wait Function is triggered

2021-11-23 16:43:04 - [MESSAGE][INFO] - Found 7 web elements with id: 'Object Repository/Filtreler/Basliklar' located by 'By.cssSelector: .control-label.col-sm-4.paddingMarginRLC' in '10' second(s)

2021-11-23 16:43:04 - [MESSAGE][PASSED] - Method.TextDegerineEsitElementVarMi is PASSED

2021-11-23 16:43:04 - [MESSAGE][PASSED] - Call Test Case 'Test Cases/Filtreler/FiltreVarMi' successfully

2021-11-23 16:43:04 - [MESSAGE][INFO] - Checking called Test Case

2021-11-23 16:43:04 - [MESSAGE][INFO] - Starting to call Test Case 'Test Cases/Filtreler/FiltreVarMi'

2021-11-23 16:43:05 - [TEST_CASE][PASSED] - Test Cases/Filtreler/FiltreVarMi: Test Cases/Filtreler/FiltreVarMi

2021-11-23 16:43:05 - [TEST_STEP][PASSED] - Method.TextDegerineEsitElementVarMi(findTestObject("Filtreler/Basliklar"), Filtre_alan): Method.TextDegerineEsitElementVarMi is PASSED

2021-11-23 16:43:05 - [MESSAGE][INFO] - Finding Test Object 'Object Repository/Filtreler/Basliklar'

2021-11-23 16:43:05 - [MESSAGE][INFO] - Checking timeout

2021-11-23 16:43:05 - [MESSAGE][INFO] - Finding web element with id: 'Object Repository/Filtreler/Basliklar' located by 'By.cssSelector: .control-label.col-sm-4.paddingMarginRLC' in '10' second(s)

2021-11-23 16:43:05 - [MESSAGE][INFO] - Smart Wait Function is triggered

2021-11-23 16:43:05 - [MESSAGE][INFO] - Found 7 web elements with id: 'Object Repository/Filtreler/Basliklar' located by 'By.cssSelector: .control-label.col-sm-4.paddingMarginRLC' in '10' second(s)

2021-11-23 16:43:05 - [MESSAGE][PASSED] - Method.TextDegerineEsitElementVarMi is PASSED

2021-11-23 16:43:05 - [MESSAGE][PASSED] - Call Test Case 'Test Cases/Filtreler/FiltreVarMi' successfully

2021-11-23 16:43:05 - [MESSAGE][INFO] - Checking called Test Case

2021-11-23 16:43:05 - [MESSAGE][INFO] - Starting to call Test Case 'Test Cases/Filtreler/FiltreVarMi'

2021-11-23 16:43:05 - [TEST_CASE][PASSED] - Test Cases/Filtreler/FiltreVarMi: Test Cases/Filtreler/FiltreVarMi

2021-11-23 16:43:05 - [TEST_STEP][PASSED] - Method.TextDegerineEsitElementVarMi(findTestObject("Filtreler/Basliklar"), Filtre_alan): Method.TextDegerineEsitElementVarMi is PASSED

2021-11-23 16:43:05 - [MESSAGE][INFO] - Finding Test Object 'Object Repository/Filtreler/Basliklar'

2021-11-23 16:43:05 - [MESSAGE][INFO] - Checking timeout

2021-11-23 16:43:05 - [MESSAGE][INFO] - Finding web element with id: 'Object Repository/Filtreler/Basliklar' located by 'By.cssSelector: .control-label.col-sm-4.paddingMarginRLC' in '10' second(s)

2021-11-23 16:43:05 - [MESSAGE][INFO] - Smart Wait Function is triggered

2021-11-23 16:43:05 - [MESSAGE][INFO] - Found 7 web elements with id: 'Object Repository/Filtreler/Basliklar' located by 'By.cssSelector: .control-label.col-sm-4.paddingMarginRLC' in '10' second(s)

2021-11-23 16:43:05 - [MESSAGE][PASSED] - Method.TextDegerineEsitElementVarMi is PASSED

2021-11-23 16:43:05 - [MESSAGE][PASSED] - Call Test Case 'Test Cases/Filtreler/FiltreVarMi' successfully

2021-11-23 16:43:05 - [MESSAGE][INFO] - Checking called Test Case

2021-11-23 16:43:05 - [MESSAGE][INFO] - Starting to call Test Case 'Test Cases/Filtreler/FiltreVarMi'

2021-11-23 16:43:06 - [TEST_CASE][PASSED] - Test Cases/Filtreler/FiltreVarMi: Test Cases/Filtreler/FiltreVarMi

2021-11-23 16:43:06 - [TEST_STEP][PASSED] - Method.TextDegerineEsitElementVarMi(findTestObject("Filtreler/Basliklar"), Filtre_alan): Method.TextDegerineEsitElementVarMi is PASSED

2021-11-23 16:43:06 - [MESSAGE][INFO] - Finding Test Object 'Object Repository/Filtreler/Basliklar'

2021-11-23 16:43:06 - [MESSAGE][INFO] - Checking timeout

2021-11-23 16:43:06 - [MESSAGE][INFO] - Finding web element with id: 'Object Repository/Filtreler/Basliklar' located by 'By.cssSelector: .control-label.col-sm-4.paddingMarginRLC' in '10' second(s)

2021-11-23 16:43:06 - [MESSAGE][INFO] - Smart Wait Function is triggered

2021-11-23 16:43:06 - [MESSAGE][INFO] - Found 7 web elements with id: 'Object Repository/Filtreler/Basliklar' located by 'By.cssSelector: .control-label.col-sm-4.paddingMarginRLC' in '10' second(s)

2021-11-23 16:43:06 - [MESSAGE][PASSED] - Method.TextDegerineEsitElementVarMi is PASSED

2021-11-23 16:43:06 - [MESSAGE][PASSED] - Call Test Case 'Test Cases/Filtreler/FiltreVarMi' successfully

2021-11-23 16:43:06 - [MESSAGE][INFO] - Checking called Test Case

2021-11-23 16:43:06 - [MESSAGE][INFO] - Starting to call Test Case 'Test Cases/Filtreler/ButonVarMi'

2021-11-23 16:43:06 - [TEST_CASE][PASSED] - Test Cases/Filtreler/ButonVarMi: Test Cases/Filtreler/ButonVarMi

2021-11-23 16:43:06 - [TEST_STEP][PASSED] - Method.TextDegerineEsitElementVarMi(findTestObject("Filtreler/Butonlar"), Filtre_Buton): Method.TextDegerineEsitElementVarMi is PASSED

2021-11-23 16:43:06 - [MESSAGE][INFO] - Finding Test Object 'Object Repository/Filtreler/Butonlar'

2021-11-23 16:43:06 - [MESSAGE][INFO] - Checking timeout

2021-11-23 16:43:06 - [MESSAGE][INFO] - Finding web element with id: 'Object Repository/Filtreler/Butonlar' located by 'By.cssSelector: .dxb>span' in '10' second(s)

2021-11-23 16:43:06 - [MESSAGE][INFO] - Smart Wait Function is triggered

2021-11-23 16:43:06 - [MESSAGE][INFO] - Found 2 web elements with id: 'Object Repository/Filtreler/Butonlar' located by 'By.cssSelector: .dxb>span' in '10' second(s)

2021-11-23 16:43:06 - [MESSAGE][PASSED] - Method.TextDegerineEsitElementVarMi is PASSED

2021-11-23 16:43:06 - [MESSAGE][PASSED] - Call Test Case 'Test Cases/Filtreler/ButonVarMi' successfully

2021-11-23 16:43:06 - [MESSAGE][INFO] - Checking called Test Case

2021-11-23 16:43:06 - [MESSAGE][INFO] - Starting to call Test Case 'Test Cases/Filtreler/ButonVarMi'

2021-11-23 16:43:06 - [TEST_CASE][PASSED] - Test Cases/Filtreler/ButonVarMi: Test Cases/Filtreler/ButonVarMi

2021-11-23 16:43:06 - [TEST_STEP][PASSED] - Method.TextDegerineEsitElementVarMi(findTestObject("Filtreler/Butonlar"), Filtre_Buton): Method.TextDegerineEsitElementVarMi is PASSED

2021-11-23 16:43:06 - [MESSAGE][INFO] - Finding Test Object 'Object Repository/Filtreler/Butonlar'

2021-11-23 16:43:06 - [MESSAGE][INFO] - Checking timeout

2021-11-23 16:43:06 - [MESSAGE][INFO] - Finding web element with id: 'Object Repository/Filtreler/Butonlar' located by 'By.cssSelector: .dxb>span' in '10' second(s)

2021-11-23 16:43:06 - [MESSAGE][INFO] - Smart Wait Function is triggered

2021-11-23 16:43:07 - [MESSAGE][INFO] - Found 2 web elements with id: 'Object Repository/Filtreler/Butonlar' located by 'By.cssSelector: .dxb>span' in '10' second(s)

2021-11-23 16:43:07 - [MESSAGE][PASSED] - Method.TextDegerineEsitElementVarMi is PASSED

2021-11-23 16:43:07 - [MESSAGE][PASSED] - Call Test Case 'Test Cases/Filtreler/ButonVarMi' successfully

2021-11-23 16:43:07 - [MESSAGE][INFO] - Checking called Test Case

2021-11-23 16:43:07 - [MESSAGE][INFO] - Starting to call Test Case 'Test Cases/Butonlar/ButonVarMi'

2021-11-23 16:43:07 - [TEST_CASE][PASSED] - Test Cases/Butonlar/ButonVarMi: Test Cases/Butonlar/ButonVarMi

2021-11-23 16:43:07 - [TEST_STEP][PASSED] - Method.TextDegerineEsitElementVarMi(findTestObject("Butonlar/Butonlar"), Buton): Method.TextDegerineEsitElementVarMi is PASSED

2021-11-23 16:43:07 - [MESSAGE][INFO] - Finding Test Object 'Object Repository/Butonlar/Butonlar'

2021-11-23 16:43:07 - [MESSAGE][INFO] - Checking timeout

2021-11-23 16:43:07 - [MESSAGE][INFO] - Finding web element with id: 'Object Repository/Butonlar/Butonlar' located by 'By.cssSelector: .panel.panel-default.text-center.footerPanel .btn,.btn.btn-primary.btnControls' in '10' second(s)

2021-11-23 16:43:07 - [MESSAGE][INFO] - Smart Wait Function is triggered

2021-11-23 16:43:07 - [MESSAGE][INFO] - Found 7 web elements with id: 'Object Repository/Butonlar/Butonlar' located by 'By.cssSelector: .panel.panel-default.text-center.footerPanel .btn,.btn.btn-primary.btnControls' in '10' second(s)

2021-11-23 16:43:07 - [MESSAGE][PASSED] - Method.TextDegerineEsitElementVarMi is PASSED

2021-11-23 16:43:07 - [MESSAGE][PASSED] - Call Test Case 'Test Cases/Butonlar/ButonVarMi' successfully

2021-11-23 16:43:07 - [MESSAGE][INFO] - Checking called Test Case

2021-11-23 16:43:07 - [MESSAGE][INFO] - Starting to call Test Case 'Test Cases/Butonlar/ButonVarMi'

2021-11-23 16:43:07 - [TEST_CASE][PASSED] - Test Cases/Butonlar/ButonVarMi: Test Cases/Butonlar/ButonVarMi

2021-11-23 16:43:07 - [TEST_STEP][PASSED] - Method.TextDegerineEsitElementVarMi(findTestObject("Butonlar/Butonlar"), Buton): Method.TextDegerineEsitElementVarMi is PASSED

2021-11-23 16:43:07 - [MESSAGE][INFO] - Finding Test Object 'Object Repository/Butonlar/Butonlar'

2021-11-23 16:43:07 - [MESSAGE][INFO] - Checking timeout

2021-11-23 16:43:07 - [MESSAGE][INFO] - Finding web element with id: 'Object Repository/Butonlar/Butonlar' located by 'By.cssSelector: .panel.panel-default.text-center.footerPanel .btn,.btn.btn-primary.btnControls' in '10' second(s)

2021-11-23 16:43:07 - [MESSAGE][INFO] - Smart Wait Function is triggered

2021-11-23 16:43:08 - [MESSAGE][INFO] - Found 7 web elements with id: 'Object Repository/Butonlar/Butonlar' located by 'By.cssSelector: .panel.panel-default.text-center.footerPanel .btn,.btn.btn-primary.btnControls' in '10' second(s)

2021-11-23 16:43:08 - [MESSAGE][PASSED] - Method.TextDegerineEsitElementVarMi is PASSED

2021-11-23 16:43:08 - [MESSAGE][PASSED] - Call Test Case 'Test Cases/Butonlar/ButonVarMi' successfully

2021-11-23 16:43:08 - [MESSAGE][INFO] - Checking called Test Case

2021-11-23 16:43:08 - [MESSAGE][INFO] - Starting to call Test Case 'Test Cases/Butonlar/ButonVarMi'

2021-11-23 16:43:08 - [TEST_CASE][PASSED] - Test Cases/Butonlar/ButonVarMi: Test Cases/Butonlar/ButonVarMi

2021-11-23 16:43:08 - [TEST_STEP][PASSED] - Method.TextDegerineEsitElementVarMi(findTestObject("Butonlar/Butonlar"), Buton): Method.TextDegerineEsitElementVarMi is PASSED

2021-11-23 16:43:08 - [MESSAGE][INFO] - Finding Test Object 'Object Repository/Butonlar/Butonlar'

2021-11-23 16:43:08 - [MESSAGE][INFO] - Checking timeout

2021-11-23 16:43:08 - [MESSAGE][INFO] - Finding web element with id: 'Object Repository/Butonlar/Butonlar' located by 'By.cssSelector: .panel.panel-default.text-center.footerPanel .btn,.btn.btn-primary.btnControls' in '10' second(s)

2021-11-23 16:43:08 - [MESSAGE][INFO] - Smart Wait Function is triggered

2021-11-23 16:43:08 - [MESSAGE][INFO] - Found 7 web elements with id: 'Object Repository/Butonlar/Butonlar' located by 'By.cssSelector: .panel.panel-default.text-center.footerPanel .btn,.btn.btn-primary.btnControls' in '10' second(s)

2021-11-23 16:43:08 - [MESSAGE][PASSED] - Method.TextDegerineEsitElementVarMi is PASSED

2021-11-23 16:43:08 - [MESSAGE][PASSED] - Call Test Case 'Test Cases/Butonlar/ButonVarMi' successfully

2021-11-23 16:43:08 - [MESSAGE][INFO] - Checking called Test Case

2021-11-23 16:43:08 - [MESSAGE][INFO] - Starting to call Test Case 'Test Cases/Butonlar/ButonVarMi'

2021-11-23 16:43:08 - [TEST_CASE][PASSED] - Test Cases/Butonlar/ButonVarMi: Test Cases/Butonlar/ButonVarMi

2021-11-23 16:43:08 - [TEST_STEP][PASSED] - Method.TextDegerineEsitElementVarMi(findTestObject("Butonlar/Butonlar"), Buton): Method.TextDegerineEsitElementVarMi is PASSED

2021-11-23 16:43:08 - [MESSAGE][INFO] - Finding Test Object 'Object Repository/Butonlar/Butonlar'

2021-11-23 16:43:08 - [MESSAGE][INFO] - Checking timeout

2021-11-23 16:43:08 - [MESSAGE][INFO] - Finding web element with id: 'Object Repository/Butonlar/Butonlar' located by 'By.cssSelector: .panel.panel-default.text-center.footerPanel .btn,.btn.btn-primary.btnControls' in '10' second(s)

2021-11-23 16:43:08 - [MESSAGE][INFO] - Smart Wait Function is triggered

2021-11-23 16:43:09 - [MESSAGE][INFO] - Found 7 web elements with id: 'Object Repository/Butonlar/Butonlar' located by 'By.cssSelector: .panel.panel-default.text-center.footerPanel .btn,.btn.btn-primary.btnControls' in '10' second(s)

2021-11-23 16:43:09 - [MESSAGE][PASSED] - Method.TextDegerineEsitElementVarMi is PASSED

2021-11-23 16:43:09 - [MESSAGE][PASSED] - Call Test Case 'Test Cases/Butonlar/ButonVarMi' successfully

2021-11-23 16:43:09 - [MESSAGE][INFO] - Checking called Test Case

2021-11-23 16:43:09 - [MESSAGE][INFO] - Starting to call Test Case 'Test Cases/Butonlar/ButonVarMi'

2021-11-23 16:43:09 - [TEST_CASE][PASSED] - Test Cases/Butonlar/ButonVarMi: Test Cases/Butonlar/ButonVarMi

2021-11-23 16:43:09 - [TEST_STEP][PASSED] - Method.TextDegerineEsitElementVarMi(findTestObject("Butonlar/Butonlar"), Buton): Method.TextDegerineEsitElementVarMi is PASSED

2021-11-23 16:43:09 - [MESSAGE][INFO] - Finding Test Object 'Object Repository/Butonlar/Butonlar'

2021-11-23 16:43:09 - [MESSAGE][INFO] - Checking timeout

2021-11-23 16:43:09 - [MESSAGE][INFO] - Finding web element with id: 'Object Repository/Butonlar/Butonlar' located by 'By.cssSelector: .panel.panel-default.text-center.footerPanel .btn,.btn.btn-primary.btnControls' in '10' second(s)

2021-11-23 16:43:09 - [MESSAGE][INFO] - Smart Wait Function is triggered

2021-11-23 16:43:09 - [MESSAGE][INFO] - Found 7 web elements with id: 'Object Repository/Butonlar/Butonlar' located by 'By.cssSelector: .panel.panel-default.text-center.footerPanel .btn,.btn.btn-primary.btnControls' in '10' second(s)

2021-11-23 16:43:09 - [MESSAGE][PASSED] - Method.TextDegerineEsitElementVarMi is PASSED

2021-11-23 16:43:09 - [MESSAGE][PASSED] - Call Test Case 'Test Cases/Butonlar/ButonVarMi' successfully

2021-11-23 16:43:09 - [MESSAGE][INFO] - Checking called Test Case

2021-11-23 16:43:09 - [MESSAGE][INFO] - Starting to call Test Case 'Test Cases/Butonlar/ButonVarMi'

2021-11-23 16:43:09 - [TEST_CASE][PASSED] - Test Cases/Butonlar/ButonVarMi: Test Cases/Butonlar/ButonVarMi

2021-11-23 16:43:09 - [TEST_STEP][PASSED] - Method.TextDegerineEsitElementVarMi(findTestObject("Butonlar/Butonlar"), Buton): Method.TextDegerineEsitElementVarMi is PASSED

2021-11-23 16:43:09 - [MESSAGE][INFO] - Finding Test Object 'Object Repository/Butonlar/Butonlar'

2021-11-23 16:43:09 - [MESSAGE][INFO] - Checking timeout

2021-11-23 16:43:09 - [MESSAGE][INFO] - Finding web element with id: 'Object Repository/Butonlar/Butonlar' located by 'By.cssSelector: .panel.panel-default.text-center.footerPanel .btn,.btn.btn-primary.btnControls' in '10' second(s)

2021-11-23 16:43:09 - [MESSAGE][INFO] - Smart Wait Function is triggered

2021-11-23 16:43:09 - [MESSAGE][INFO] - Found 7 web elements with id: 'Object Repository/Butonlar/Butonlar' located by 'By.cssSelector: .panel.panel-default.text-center.footerPanel .btn,.btn.btn-primary.btnControls' in '10' second(s)

2021-11-23 16:43:10 - [MESSAGE][PASSED] - Method.TextDegerineEsitElementVarMi is PASSED

2021-11-23 16:43:10 - [MESSAGE][PASSED] - Call Test Case 'Test Cases/Butonlar/ButonVarMi' successfully

2021-11-23 16:43:10 - [MESSAGE][INFO] - Checking called Test Case

2021-11-23 16:43:10 - [MESSAGE][INFO] - Starting to call Test Case 'Test Cases/Butonlar/ButonVarMi'

2021-11-23 16:43:10 - [TEST_CASE][PASSED] - Test Cases/Butonlar/ButonVarMi: Test Cases/Butonlar/ButonVarMi

2021-11-23 16:43:10 - [TEST_STEP][PASSED] - Method.TextDegerineEsitElementVarMi(findTestObject("Butonlar/Butonlar"), Buton): Method.TextDegerineEsitElementVarMi is PASSED

2021-11-23 16:43:10 - [MESSAGE][INFO] - Finding Test Object 'Object Repository/Butonlar/Butonlar'

2021-11-23 16:43:10 - [MESSAGE][INFO] - Checking timeout

2021-11-23 16:43:10 - [MESSAGE][INFO] - Finding web element with id: 'Object Repository/Butonlar/Butonlar' located by 'By.cssSelector: .panel.panel-default.text-center.footerPanel .btn,.btn.btn-primary.btnControls' in '10' second(s)

2021-11-23 16:43:10 - [MESSAGE][INFO] - Smart Wait Function is triggered

2021-11-23 16:43:10 - [MESSAGE][INFO] - Found 7 web elements with id: 'Object Repository/Butonlar/Butonlar' located by 'By.cssSelector: .panel.panel-default.text-center.footerPanel .btn,.btn.btn-primary.btnControls' in '10' second(s)

2021-11-23 16:43:10 - [MESSAGE][PASSED] - Method.TextDegerineEsitElementVarMi is PASSED

2021-11-23 16:43:10 - [MESSAGE][PASSED] - Call Test Case 'Test Cases/Butonlar/ButonVarMi' successfully

2021-11-23 16:43:10 - [MESSAGE][INFO] - Checking called Test Case

2021-11-23 16:43:10 - [MESSAGE][INFO] - Starting to call Test Case 'Test Cases/Kullanici_Islemleri/KullaniciIslemlerindenSecimYapilir'

2021-11-23 16:43:10 - [TEST_CASE][PASSED] - Test Cases/Kullanici_Islemleri/KullaniciIslemlerindenSecimYapilir: Test Cases/Kullanici_Islemleri/KullaniciIslemlerindenSecimYapilir

2021-11-23 16:43:10 - [TEST_STEP][PASSED] - waitForElementClickable(findTestObject("Object Repository/Kullanici_Islemleri/KullaniciIslemleri"), 10): Object 'Object Repository/Kullanici_Islemleri/KullaniciIslemleri' is clickable

2021-11-23 16:43:10 - [MESSAGE][INFO] - Finding Test Object 'Object Repository/Kullanici_Islemleri/KullaniciIslemleri'

2021-11-23 16:43:10 - [MESSAGE][INFO] - Checking object

2021-11-23 16:43:10 - [MESSAGE][INFO] - Checking timeout

2021-11-23 16:43:10 - [MESSAGE][INFO] - Finding web element from Test Object's properties

2021-11-23 16:43:10 - [MESSAGE][INFO] - Checking timeout

2021-11-23 16:43:10 - [MESSAGE][INFO] - Finding web element with id: 'Object Repository/Kullanici_Islemleri/KullaniciIslemleri' located by 'By.cssSelector: .dropdown>a>img' in '10' second(s)

2021-11-23 16:43:10 - [MESSAGE][INFO] - Smart Wait Function is triggered

2021-11-23 16:43:10 - [MESSAGE][INFO] - Found 1 web elements with id: 'Object Repository/Kullanici_Islemleri/KullaniciIslemleri' located by 'By.cssSelector: .dropdown>a>img' in '10' second(s)

2021-11-23 16:43:10 - [MESSAGE][PASSED] - Object 'Object Repository/Kullanici_Islemleri/KullaniciIslemleri' is clickable

2021-11-23 16:43:10 - [TEST_STEP][PASSED] - click(findTestObject("Object Repository/Kullanici_Islemleri/KullaniciIslemleri")): Object: 'Object Repository/Kullanici_Islemleri/KullaniciIslemleri' is clicked on

2021-11-23 16:43:10 - [MESSAGE][INFO] - Finding Test Object 'Object Repository/Kullanici_Islemleri/KullaniciIslemleri'

2021-11-23 16:43:11 - [MESSAGE][INFO] - Checking object

2021-11-23 16:43:11 - [MESSAGE][INFO] - Finding web element from Test Object's properties

2021-11-23 16:43:11 - [MESSAGE][INFO] - Checking timeout

2021-11-23 16:43:11 - [MESSAGE][INFO] - Finding web element with id: 'Object Repository/Kullanici_Islemleri/KullaniciIslemleri' located by 'By.cssSelector: .dropdown>a>img' in '30' second(s)

2021-11-23 16:43:11 - [MESSAGE][INFO] - Smart Wait Function is triggered

2021-11-23 16:43:11 - [MESSAGE][INFO] - Found 1 web elements with id: 'Object Repository/Kullanici_Islemleri/KullaniciIslemleri' located by 'By.cssSelector: .dropdown>a>img' in '30' second(s)

2021-11-23 16:43:11 - [MESSAGE][INFO] - Clicking on object: 'Object Repository/Kullanici_Islemleri/KullaniciIslemleri'

2021-11-23 16:43:11 - [MESSAGE][PASSED] - Object: 'Object Repository/Kullanici_Islemleri/KullaniciIslemleri' is clicked on

2021-11-23 16:43:11 - [TEST_STEP][PASSED] - Method.TextDegerineEsitElementeTikla(findTestObject("Object Repository/Kullanici_Islemleri/Secenekler"), Islem): Method.TextDegerineEsitElementeTikla is PASSED

2021-11-23 16:43:11 - [MESSAGE][INFO] - Finding Test Object 'Object Repository/Kullanici_Islemleri/Secenekler'

2021-11-23 16:43:11 - [MESSAGE][INFO] - Checking timeout

2021-11-23 16:43:11 - [MESSAGE][INFO] - Finding web element with id: 'Object Repository/Kullanici_Islemleri/Secenekler' located by 'By.cssSelector: .nav.navbar-nav.navbar-right li a' in '10' second(s)

2021-11-23 16:43:11 - [MESSAGE][INFO] - Smart Wait Function is triggered

2021-11-23 16:43:11 - [MESSAGE][INFO] - Found 22 web elements with id: 'Object Repository/Kullanici_Islemleri/Secenekler' located by 'By.cssSelector: .nav.navbar-nav.navbar-right li a' in '10' second(s)

2021-11-23 16:43:13 - [MESSAGE][PASSED] - Method.TextDegerineEsitElementeTikla is PASSED

2021-11-23 16:43:13 - [TEST_STEP][PASSED] - verifyElementNotPresent(findTestObject("Object Repository/Kullanici_Islemleri/Secenekler"), 10): Web element with id: 'Object Repository/Kullanici_Islemleri/Secenekler' located by 'By.cssSelector: .nav.navbar-nav.navbar-right li a' is not present after '10' second(s)

2021-11-23 16:43:13 - [MESSAGE][INFO] - Finding Test Object 'Object Repository/Kullanici_Islemleri/Secenekler'

2021-11-23 16:43:13 - [MESSAGE][INFO] - Checking object

2021-11-23 16:43:13 - [MESSAGE][INFO] - Checking timeout

2021-11-23 16:43:13 - [MESSAGE][INFO] - Finding web element with id: 'Object Repository/Kullanici_Islemleri/Secenekler' located by 'By.cssSelector: .nav.navbar-nav.navbar-right li a' in '10' second(s)

2021-11-23 16:43:13 - [MESSAGE][INFO] - Smart Wait Function is triggered

2021-11-23 16:43:13 - [MESSAGE][PASSED] - Web element with id: 'Object Repository/Kullanici_Islemleri/Secenekler' located by 'By.cssSelector: .nav.navbar-nav.navbar-right li a' is not present after '10' second(s)

2021-11-23 16:43:13 - [MESSAGE][PASSED] - Call Test Case 'Test Cases/Kullanici_Islemleri/KullaniciIslemlerindenSecimYapilir' successfully

2021-11-23 16:43:13 - [TEST_CASE][PASSED] - Start Test Case : SCENARIO e-Mustahsil Makbuzu Olusturma Buton Kontrolu: SCENARIO e-Mustahsil Makbuzu Olusturma Buton Kontrolu

2021-11-23 16:43:13 - [TEST_STEP][PASSED] - Kullanıcı adı ELOGO6 ve Şifre 123456 olarak giriş yapılır: Kullanıcı adı ELOGO6 ve Şifre 123456 olarak giriş yapılır

2021-11-23 16:43:13 - [MESSAGE][PASSED] - Kullanıcı adı ELOGO6 ve Şifre 123456 olarak giriş yapılır

2021-11-23 16:43:13 - [TEST_STEP][PASSED] - Ana menüden e-Makbuz seçilir: Ana menüden e-Makbuz seçilir

2021-11-23 16:43:13 - [MESSAGE][PASSED] - Ana menüden e-Makbuz seçilir

2021-11-23 16:43:13 - [TEST_STEP][PASSED] - Alt menü e-Müstahsil Uygulaması başlığı altındaki e-Müstahsil Makbuzu Oluşturma seçilir: Alt menü e-Müstahsil Uygulaması başlığı altındaki e-Müstahsil Makbuzu Oluşturma seçilir

2021-11-23 16:43:13 - [MESSAGE][PASSED] - Alt menü e-Müstahsil Uygulaması başlığı altındaki e-Müstahsil Makbuzu Oluşturma seçilir

2021-11-23 16:43:13 - [TEST_STEP][PASSED] - Filtre alanlarında Durumu var mı: Filtre alanlarında Durumu var mı

2021-11-23 16:43:13 - [MESSAGE][PASSED] - Filtre alanlarında Durumu var mı

2021-11-23 16:43:13 - [TEST_STEP][PASSED] - Filtre alanlarında Oluşturma Tarihi var mı: Filtre alanlarında Oluşturma Tarihi var mı

2021-11-23 16:43:13 - [MESSAGE][PASSED] - Filtre alanlarında Oluşturma Tarihi var mı

2021-11-23 16:43:13 - [TEST_STEP][PASSED] - Filtre alanlarında Toplam Tutar var mı: Filtre alanlarında Toplam Tutar var mı

2021-11-23 16:43:13 - [MESSAGE][PASSED] - Filtre alanlarında Toplam Tutar var mı

2021-11-23 16:43:13 - [TEST_STEP][PASSED] - Filtre alanlarında Alıcı Unvan var mı: Filtre alanlarında Alıcı Unvan var mı

2021-11-23 16:43:13 - [MESSAGE][PASSED] - Filtre alanlarında Alıcı Unvan var mı

2021-11-23 16:43:13 - [TEST_STEP][PASSED] - Filtre alanlarında Makbuz Tarihi var mı: Filtre alanlarında Makbuz Tarihi var mı

2021-11-23 16:43:13 - [MESSAGE][PASSED] - Filtre alanlarında Makbuz Tarihi var mı

2021-11-23 16:43:13 - [TEST_STEP][PASSED] - Filtre alanlarında Makbuz No var mı: Filtre alanlarında Makbuz No var mı

2021-11-23 16:43:13 - [MESSAGE][PASSED] - Filtre alanlarında Makbuz No var mı

2021-11-23 16:43:13 - [TEST_STEP][PASSED] - Filtre alanlarında Makbuz ETTN var mı: Filtre alanlarında Makbuz ETTN var mı

2021-11-23 16:43:13 - [MESSAGE][PASSED] - Filtre alanlarında Makbuz ETTN var mı

2021-11-23 16:43:13 - [TEST_STEP][PASSED] - Filtre butonlarında Listele var mı: Filtre butonlarında Listele var mı

2021-11-23 16:43:13 - [MESSAGE][PASSED] - Filtre butonlarında Listele var mı

2021-11-23 16:43:13 - [TEST_STEP][PASSED] - Filtre butonlarında Temizle var mı: Filtre butonlarında Temizle var mı

2021-11-23 16:43:13 - [MESSAGE][PASSED] - Filtre butonlarında Temizle var mı

2021-11-23 16:43:13 - [TEST_STEP][PASSED] - Butonlardan Ekle var mı: Butonlardan Ekle var mı

2021-11-23 16:43:13 - [MESSAGE][PASSED] - Butonlardan Ekle var mı

2021-11-23 16:43:13 - [TEST_STEP][PASSED] - Butonlardan Numara Oluştur var mı: Butonlardan Numara Oluştur var mı

2021-11-23 16:43:13 - [MESSAGE][PASSED] - Butonlardan Numara Oluştur var mı

2021-11-23 16:43:13 - [TEST_STEP][PASSED] - Butonlardan Gönder var mı: Butonlardan Gönder var mı

2021-11-23 16:43:13 - [MESSAGE][PASSED] - Butonlardan Gönder var mı

2021-11-23 16:43:13 - [TEST_STEP][PASSED] - Butonlardan Değiştir var mı: Butonlardan Değiştir var mı

2021-11-23 16:43:13 - [MESSAGE][PASSED] - Butonlardan Değiştir var mı

2021-11-23 16:43:13 - [TEST_STEP][PASSED] - Butonlardan Göster var mı: Butonlardan Göster var mı

2021-11-23 16:43:13 - [MESSAGE][PASSED] - Butonlardan Göster var mı

2021-11-23 16:43:13 - [TEST_STEP][PASSED] - Butonlardan UBL var mı: Butonlardan UBL var mı

2021-11-23 16:43:13 - [MESSAGE][PASSED] - Butonlardan UBL var mı

2021-11-23 16:43:13 - [TEST_STEP][PASSED] - Butonlardan Sil var mı: Butonlardan Sil var mı

2021-11-23 16:43:13 - [MESSAGE][PASSED] - Butonlardan Sil var mı

2021-11-23 16:43:13 - [TEST_STEP][PASSED] - Kullanıcı işlemlerinden Çıkış seçilir: Kullanıcı işlemlerinden Çıkış seçilir

2021-11-23 16:43:13 - [MESSAGE][PASSED] - Kullanıcı işlemlerinden Çıkış seçilir

2021-11-23 16:43:13 - [MESSAGE][PASSED] - Feature file: 'Include/features/e-Makbuz/e-Mustahsil Uygulamasi/e-Mustahsil Makbuzu Olusturma/Ekran Kontrolu.feature' was passed

2021-11-23 16:43:13 - [TEST_STEP][PASSED] - Start listener action : sampleAfterTestSuite: Invoke 'com.kms.katalon.core.annotation.AfterTestCase' method: 'Listener.sampleAfterTestSuite(...)' completed.

2021-11-23 16:43:13 - [MESSAGE][INFO] - Starting invoke 'com.kms.katalon.core.annotation.AfterTestCase' method: 'Listener.sampleAfterTestSuite(...)'

2021-11-23 16:43:13 - [TEST_STEP][PASSED] - closeBrowser(): Invoke 'com.kms.katalon.core.annotation.AfterTestCase' method: 'Listener.sampleAfterTestSuite(...)' completed.

2021-11-23 16:43:13 - [MESSAGE][INFO] - Closing browser

2021-11-23 16:43:14 - [MESSAGE][PASSED] - Browser is closed

2021-11-23 16:43:14 - [MESSAGE][INFO] - Invoke 'com.kms.katalon.core.annotation.AfterTestCase' method: 'Listener.sampleAfterTestSuite(...)' completed.]]></system-out>
         <system-err><![CDATA[]]></system-err>
      </testcase>
      <testcase name="Test Cases/Case Repository/e-Makbuz/e-Mustahsil Uygulamasi/e-Mustahsil Makbuzu Raporlari/Ekran Kontrolu" time="46.236" classname="Test Cases/Case Repository/e-Makbuz/e-Mustahsil Uygulamasi/e-Mustahsil Makbuzu Raporlari/Ekran Kontrolu" status="PASSED">
         <system-out><![CDATA[2021-11-23 16:43:14 - [TEST_CASE][PASSED] - Test Cases/Case Repository/e-Makbuz/e-Mustahsil Uygulamasi/e-Mustahsil Makbuzu Raporlari/Ekran Kontrolu: Test Cases/Case Repository/e-Makbuz/e-Mustahsil Uygulamasi/e-Mustahsil Makbuzu Raporlari/Ekran Kontrolu

2021-11-23 16:43:14 - [TEST_STEP][PASSED] - Start listener action : sampleBeforeTestSuite: Invoke 'com.kms.katalon.core.annotation.BeforeTestCase' method: 'Listener.sampleBeforeTestSuite(...)' completed.

2021-11-23 16:43:14 - [MESSAGE][INFO] - Starting invoke 'com.kms.katalon.core.annotation.BeforeTestCase' method: 'Listener.sampleBeforeTestSuite(...)'

2021-11-23 16:43:14 - [TEST_STEP][PASSED] - openBrowser(baseUrl): Browser is opened with url: 'https://efatura-stage.elogo.com.tr/'

2021-11-23 16:43:14 - [MESSAGE][INFO] - Opening browser

2021-11-23 16:43:14 - [MESSAGE][INFO] - Starting 'Chrome' driver

2021-11-23 16:43:14 - [MESSAGE][INFO] - User set preference: ['prefs', '{download.default_directory=C:\otomasyondownfiles}']

2021-11-23 16:43:14 - [MESSAGE][INFO] - Action delay is set to 0 milliseconds

2021-11-23 16:43:16 - [MESSAGE][INFO] - Navigating browser to: 'https://efatura-stage.elogo.com.tr/'

2021-11-23 16:43:18 - [MESSAGE][PASSED] - Browser is opened with url: 'https://efatura-stage.elogo.com.tr/'

2021-11-23 16:43:18 - [TEST_STEP][PASSED] - maximizeWindow(): Invoke 'com.kms.katalon.core.annotation.BeforeTestCase' method: 'Listener.sampleBeforeTestSuite(...)' completed.

2021-11-23 16:43:18 - [MESSAGE][INFO] - Maximizing current window

2021-11-23 16:43:18 - [MESSAGE][PASSED] - Current window maximized

2021-11-23 16:43:18 - [MESSAGE][INFO] - Invoke 'com.kms.katalon.core.annotation.BeforeTestCase' method: 'Listener.sampleBeforeTestSuite(...)' completed.

2021-11-23 16:43:19 - [TEST_STEP][PASSED] - runFeatureFile("Include/features/e-Makbuz/e-Mustahsil Uygulamasi/e-Mustahsil Makbuzu Raporlari/Ekran Kontrolu.feature"): Feature file: 'Include/features/e-Makbuz/e-Mustahsil Uygulamasi/e-Mustahsil Makbuzu Raporlari/Ekran Kontrolu.feature' was passed

2021-11-23 16:43:19 - [MESSAGE][INFO] - Starting run keyword runFeatureFile: 'Include/features/e-Makbuz/e-Mustahsil Uygulamasi/e-Mustahsil Makbuzu Raporlari/Ekran Kontrolu.feature' and extract report to folder: 'C:\Users\DELL\Documents\GitHub\EES_KatalonLogo\Reports\20211123_163326\Suite Repository\e-Makbuz\20211123_163348/cucumber_report/1637674999346'...

2021-11-23 16:43:19 - [MESSAGE][INFO] - Glue: []

2021-11-23 16:43:22 - [MESSAGE][INFO] - Checking called Test Case

2021-11-23 16:43:22 - [MESSAGE][INFO] - Starting to call Test Case 'Test Cases/Sayfalar/Giris_Sayfasi/Login'

2021-11-23 16:43:22 - [TEST_CASE][PASSED] - Test Cases/Sayfalar/Giris_Sayfasi/Login: Test Cases/Sayfalar/Giris_Sayfasi/Login

2021-11-23 16:43:22 - [TEST_STEP][PASSED] - Sayfa_Basligi = getWindowTitle(): Current window's title is: 'LOGO e-Fatura'

2021-11-23 16:43:22 - [MESSAGE][INFO] - Getting current window's title

2021-11-23 16:43:22 - [MESSAGE][PASSED] - Current window's title is: 'LOGO e-Fatura'

2021-11-23 16:43:22 - [TEST_STEP][PASSED] - verifyMatch(Sayfa_Basligi, "LOGO e-Fatura", false): Actual text 'LOGO e-Fatura' and expected text 'LOGO e-Fatura' are matched 

2021-11-23 16:43:22 - [MESSAGE][INFO] - Matching actual text 'LOGO e-Fatura' with expected text 'LOGO e-Fatura'

2021-11-23 16:43:22 - [MESSAGE][PASSED] - Actual text 'LOGO e-Fatura' and expected text 'LOGO e-Fatura' are matched 

2021-11-23 16:43:22 - [TEST_STEP][PASSED] - sendKeys(findTestObject("Sayfalar/Giris_Sayfasi/Firma_Kodu"), KullaniciAdi): Keys 'ELOGO6' sent to object: 'Object Repository/Sayfalar/Giris_Sayfasi/Firma_Kodu'

2021-11-23 16:43:22 - [MESSAGE][INFO] - Finding Test Object 'Object Repository/Sayfalar/Giris_Sayfasi/Firma_Kodu'

2021-11-23 16:43:22 - [MESSAGE][INFO] - Sending keys 'ELOGO6' to object: 'Object Repository/Sayfalar/Giris_Sayfasi/Firma_Kodu'

2021-11-23 16:43:22 - [MESSAGE][INFO] - Finding web element from Test Object's properties

2021-11-23 16:43:22 - [MESSAGE][INFO] - Checking timeout

2021-11-23 16:43:22 - [MESSAGE][INFO] - Finding web element with id: 'Object Repository/Sayfalar/Giris_Sayfasi/Firma_Kodu' located by 'By.xpath: //*[@id = 'AccountName']' in '30' second(s)

2021-11-23 16:43:22 - [MESSAGE][INFO] - Smart Wait Function is triggered

2021-11-23 16:43:22 - [MESSAGE][INFO] - Found 1 web elements with id: 'Object Repository/Sayfalar/Giris_Sayfasi/Firma_Kodu' located by 'By.xpath: //*[@id = 'AccountName']' in '30' second(s)

2021-11-23 16:43:22 - [MESSAGE][PASSED] - Keys 'ELOGO6' sent to object: 'Object Repository/Sayfalar/Giris_Sayfasi/Firma_Kodu'

2021-11-23 16:43:22 - [TEST_STEP][PASSED] - sendKeys(findTestObject("Sayfalar/Giris_Sayfasi/Sifre"), Sifre): Keys '123456' sent to object: 'Object Repository/Sayfalar/Giris_Sayfasi/Sifre'

2021-11-23 16:43:22 - [MESSAGE][INFO] - Finding Test Object 'Object Repository/Sayfalar/Giris_Sayfasi/Sifre'

2021-11-23 16:43:22 - [MESSAGE][INFO] - Sending keys '123456' to object: 'Object Repository/Sayfalar/Giris_Sayfasi/Sifre'

2021-11-23 16:43:22 - [MESSAGE][INFO] - Finding web element from Test Object's properties

2021-11-23 16:43:22 - [MESSAGE][INFO] - Checking timeout

2021-11-23 16:43:22 - [MESSAGE][INFO] - Finding web element with id: 'Object Repository/Sayfalar/Giris_Sayfasi/Sifre' located by 'By.xpath: //*[@id = 'Password']' in '30' second(s)

2021-11-23 16:43:22 - [MESSAGE][INFO] - Smart Wait Function is triggered

2021-11-23 16:43:23 - [MESSAGE][INFO] - Found 1 web elements with id: 'Object Repository/Sayfalar/Giris_Sayfasi/Sifre' located by 'By.xpath: //*[@id = 'Password']' in '30' second(s)

2021-11-23 16:43:23 - [MESSAGE][PASSED] - Keys '123456' sent to object: 'Object Repository/Sayfalar/Giris_Sayfasi/Sifre'

2021-11-23 16:43:23 - [TEST_STEP][PASSED] - findWebElement(findTestObject("Sayfalar/Giris_Sayfasi/Giris_Butonu")).click(): Found 1 web elements with id: 'Object Repository/Sayfalar/Giris_Sayfasi/Giris_Butonu' located by 'By.cssSelector: #btnLogin' in '30' second(s)

2021-11-23 16:43:23 - [MESSAGE][INFO] - Finding Test Object 'Object Repository/Sayfalar/Giris_Sayfasi/Giris_Butonu'

2021-11-23 16:43:23 - [MESSAGE][INFO] - Finding web element from Test Object's properties

2021-11-23 16:43:23 - [MESSAGE][INFO] - Checking timeout

2021-11-23 16:43:23 - [MESSAGE][INFO] - Finding web element with id: 'Object Repository/Sayfalar/Giris_Sayfasi/Giris_Butonu' located by 'By.cssSelector: #btnLogin' in '30' second(s)

2021-11-23 16:43:23 - [MESSAGE][INFO] - Smart Wait Function is triggered

2021-11-23 16:43:23 - [MESSAGE][INFO] - Found 1 web elements with id: 'Object Repository/Sayfalar/Giris_Sayfasi/Giris_Butonu' located by 'By.cssSelector: #btnLogin' in '30' second(s)

2021-11-23 16:43:27 - [TEST_STEP][PASSED] - if (verifyElementPresent(findTestObject("Object Repository/Sayfalar/Giris_Sayfasi/RetveTamam_Butonu"), 5, OPTIONAL)): null

2021-11-23 16:43:27 - [MESSAGE][INFO] - Finding Test Object 'Object Repository/Sayfalar/Giris_Sayfasi/RetveTamam_Butonu'

2021-11-23 16:43:27 - [MESSAGE][INFO] - Checking object

2021-11-23 16:43:27 - [MESSAGE][INFO] - Finding web element from Test Object's properties

2021-11-23 16:43:27 - [MESSAGE][INFO] - Checking timeout

2021-11-23 16:43:27 - [MESSAGE][INFO] - Finding web element with id: 'Object Repository/Sayfalar/Giris_Sayfasi/RetveTamam_Butonu' located by 'By.xpath: //*[@class = 'btn btn-default']' in '5' second(s)

2021-11-23 16:43:27 - [MESSAGE][INFO] - Smart Wait Function is triggered

2021-11-23 16:43:27 - [MESSAGE][INFO] - Found 1 web elements with id: 'Object Repository/Sayfalar/Giris_Sayfasi/RetveTamam_Butonu' located by 'By.xpath: //*[@class = 'btn btn-default']' in '5' second(s)

2021-11-23 16:43:27 - [MESSAGE][PASSED] - Object 'Object Repository/Sayfalar/Giris_Sayfasi/RetveTamam_Butonu' is present

2021-11-23 16:43:27 - [TEST_STEP][PASSED] - click(findTestObject("Object Repository/Sayfalar/Giris_Sayfasi/RetveTamam_Butonu")): Object: 'Object Repository/Sayfalar/Giris_Sayfasi/RetveTamam_Butonu' is clicked on

2021-11-23 16:43:27 - [MESSAGE][INFO] - Finding Test Object 'Object Repository/Sayfalar/Giris_Sayfasi/RetveTamam_Butonu'

2021-11-23 16:43:27 - [MESSAGE][INFO] - Checking object

2021-11-23 16:43:27 - [MESSAGE][INFO] - Finding web element from Test Object's properties

2021-11-23 16:43:27 - [MESSAGE][INFO] - Checking timeout

2021-11-23 16:43:27 - [MESSAGE][INFO] - Finding web element with id: 'Object Repository/Sayfalar/Giris_Sayfasi/RetveTamam_Butonu' located by 'By.xpath: //*[@class = 'btn btn-default']' in '30' second(s)

2021-11-23 16:43:27 - [MESSAGE][INFO] - Smart Wait Function is triggered

2021-11-23 16:43:27 - [MESSAGE][INFO] - Found 1 web elements with id: 'Object Repository/Sayfalar/Giris_Sayfasi/RetveTamam_Butonu' located by 'By.xpath: //*[@class = 'btn btn-default']' in '30' second(s)

2021-11-23 16:43:27 - [MESSAGE][INFO] - Clicking on object: 'Object Repository/Sayfalar/Giris_Sayfasi/RetveTamam_Butonu'

2021-11-23 16:43:27 - [MESSAGE][PASSED] - Object: 'Object Repository/Sayfalar/Giris_Sayfasi/RetveTamam_Butonu' is clicked on

2021-11-23 16:43:27 - [TEST_STEP][PASSED] - click(findTestObject("Object Repository/Sayfalar/Giris_Sayfasi/RetveTamam_Butonu")): Object: 'Object Repository/Sayfalar/Giris_Sayfasi/RetveTamam_Butonu' is clicked on

2021-11-23 16:43:27 - [MESSAGE][INFO] - Finding Test Object 'Object Repository/Sayfalar/Giris_Sayfasi/RetveTamam_Butonu'

2021-11-23 16:43:27 - [MESSAGE][INFO] - Checking object

2021-11-23 16:43:27 - [MESSAGE][INFO] - Finding web element from Test Object's properties

2021-11-23 16:43:27 - [MESSAGE][INFO] - Checking timeout

2021-11-23 16:43:27 - [MESSAGE][INFO] - Finding web element with id: 'Object Repository/Sayfalar/Giris_Sayfasi/RetveTamam_Butonu' located by 'By.xpath: //*[@class = 'btn btn-default']' in '30' second(s)

2021-11-23 16:43:27 - [MESSAGE][INFO] - Smart Wait Function is triggered

2021-11-23 16:43:30 - [MESSAGE][INFO] - Found 1 web elements with id: 'Object Repository/Sayfalar/Giris_Sayfasi/RetveTamam_Butonu' located by 'By.xpath: //*[@class = 'btn btn-default']' in '30' second(s)

2021-11-23 16:43:30 - [MESSAGE][INFO] - Clicking on object: 'Object Repository/Sayfalar/Giris_Sayfasi/RetveTamam_Butonu'

2021-11-23 16:43:30 - [MESSAGE][PASSED] - Object: 'Object Repository/Sayfalar/Giris_Sayfasi/RetveTamam_Butonu' is clicked on

2021-11-23 16:43:30 - [TEST_STEP][PASSED] - if (verifyElementPresent(findTestObject("Sayfalar/Giris_Sayfasi/PopupOK"), 5, OPTIONAL)): null

2021-11-23 16:43:30 - [MESSAGE][INFO] - Finding Test Object 'Object Repository/Sayfalar/Giris_Sayfasi/PopupOK'

2021-11-23 16:43:30 - [MESSAGE][INFO] - Checking object

2021-11-23 16:43:30 - [MESSAGE][INFO] - Finding web element from Test Object's properties

2021-11-23 16:43:30 - [MESSAGE][INFO] - Checking timeout

2021-11-23 16:43:30 - [MESSAGE][INFO] - Finding web element with id: 'Object Repository/Sayfalar/Giris_Sayfasi/PopupOK' located by 'By.cssSelector: .btn.btn-success' in '5' second(s)

2021-11-23 16:43:30 - [MESSAGE][INFO] - Smart Wait Function is triggered

2021-11-23 16:43:31 - [MESSAGE][INFO] - Found 1 web elements with id: 'Object Repository/Sayfalar/Giris_Sayfasi/PopupOK' located by 'By.cssSelector: .btn.btn-success' in '5' second(s)

2021-11-23 16:43:31 - [MESSAGE][PASSED] - Object 'Object Repository/Sayfalar/Giris_Sayfasi/PopupOK' is present

2021-11-23 16:43:31 - [TEST_STEP][PASSED] - click(findTestObject("Object Repository/Sayfalar/Giris_Sayfasi/PopupCarpiGiris")): Object: 'Object Repository/Sayfalar/Giris_Sayfasi/PopupCarpiGiris' is clicked on

2021-11-23 16:43:31 - [MESSAGE][INFO] - Finding Test Object 'Object Repository/Sayfalar/Giris_Sayfasi/PopupCarpiGiris'

2021-11-23 16:43:31 - [MESSAGE][INFO] - Checking object

2021-11-23 16:43:31 - [MESSAGE][INFO] - Finding web element from Test Object's properties

2021-11-23 16:43:31 - [MESSAGE][INFO] - Checking timeout

2021-11-23 16:43:31 - [MESSAGE][INFO] - Finding web element with id: 'Object Repository/Sayfalar/Giris_Sayfasi/PopupCarpiGiris' located by 'By.cssSelector: .bootbox-close-button.close' in '30' second(s)

2021-11-23 16:43:31 - [MESSAGE][INFO] - Smart Wait Function is triggered

2021-11-23 16:43:32 - [MESSAGE][INFO] - Found 1 web elements with id: 'Object Repository/Sayfalar/Giris_Sayfasi/PopupCarpiGiris' located by 'By.cssSelector: .bootbox-close-button.close' in '30' second(s)

2021-11-23 16:43:32 - [MESSAGE][INFO] - Clicking on object: 'Object Repository/Sayfalar/Giris_Sayfasi/PopupCarpiGiris'

2021-11-23 16:43:32 - [MESSAGE][PASSED] - Object: 'Object Repository/Sayfalar/Giris_Sayfasi/PopupCarpiGiris' is clicked on

2021-11-23 16:43:32 - [TEST_STEP][PASSED] - verifyElementVisible(findTestObject("Object Repository/Kullanici_Islemleri/KullaniciIslemleri")): Object 'Object Repository/Kullanici_Islemleri/KullaniciIslemleri' is visible

2021-11-23 16:43:32 - [MESSAGE][INFO] - Finding Test Object 'Object Repository/Kullanici_Islemleri/KullaniciIslemleri'

2021-11-23 16:43:32 - [MESSAGE][INFO] - Checking object

2021-11-23 16:43:32 - [MESSAGE][INFO] - Finding web element from Test Object's properties

2021-11-23 16:43:32 - [MESSAGE][INFO] - Checking timeout

2021-11-23 16:43:32 - [MESSAGE][INFO] - Finding web element with id: 'Object Repository/Kullanici_Islemleri/KullaniciIslemleri' located by 'By.cssSelector: .dropdown>a>img' in '30' second(s)

2021-11-23 16:43:32 - [MESSAGE][INFO] - Smart Wait Function is triggered

2021-11-23 16:43:32 - [MESSAGE][INFO] - Found 1 web elements with id: 'Object Repository/Kullanici_Islemleri/KullaniciIslemleri' located by 'By.cssSelector: .dropdown>a>img' in '30' second(s)

2021-11-23 16:43:32 - [MESSAGE][PASSED] - Object 'Object Repository/Kullanici_Islemleri/KullaniciIslemleri' is visible

2021-11-23 16:43:32 - [MESSAGE][PASSED] - Call Test Case 'Test Cases/Sayfalar/Giris_Sayfasi/Login' successfully

2021-11-23 16:43:33 - [MESSAGE][INFO] - Checking called Test Case

2021-11-23 16:43:33 - [MESSAGE][INFO] - Starting to call Test Case 'Test Cases/Menu/AnaMenuSecimi'

2021-11-23 16:43:33 - [TEST_CASE][PASSED] - Test Cases/Menu/AnaMenuSecimi: Test Cases/Menu/AnaMenuSecimi

2021-11-23 16:43:33 - [TEST_STEP][PASSED] - Method.TextDegerineEsitElementeTikla(findTestObject("Menu/Ana_Menu"), Ana_Menu): Method.TextDegerineEsitElementeTikla is PASSED

2021-11-23 16:43:33 - [MESSAGE][INFO] - Finding Test Object 'Object Repository/Menu/Ana_Menu'

2021-11-23 16:43:33 - [MESSAGE][INFO] - Checking timeout

2021-11-23 16:43:33 - [MESSAGE][INFO] - Finding web element with id: 'Object Repository/Menu/Ana_Menu' located by 'By.xpath: //*[@class = 'dropdown-toggle']' in '10' second(s)

2021-11-23 16:43:33 - [MESSAGE][INFO] - Smart Wait Function is triggered

2021-11-23 16:43:33 - [MESSAGE][INFO] - Found 14 web elements with id: 'Object Repository/Menu/Ana_Menu' located by 'By.xpath: //*[@class = 'dropdown-toggle']' in '10' second(s)

2021-11-23 16:43:33 - [MESSAGE][PASSED] - Method.TextDegerineEsitElementeTikla is PASSED

2021-11-23 16:43:33 - [MESSAGE][PASSED] - Call Test Case 'Test Cases/Menu/AnaMenuSecimi' successfully

2021-11-23 16:43:33 - [MESSAGE][INFO] - Checking called Test Case

2021-11-23 16:43:33 - [MESSAGE][INFO] - Starting to call Test Case 'Test Cases/Menu/BasligaGoreAltMenuSecimi'

2021-11-23 16:43:33 - [TEST_CASE][PASSED] - Test Cases/Menu/BasligaGoreAltMenuSecimi: Test Cases/Menu/BasligaGoreAltMenuSecimi

2021-11-23 16:43:33 - [TEST_STEP][PASSED] - Method.TextDegerineEsitElementinAltindakiTextDegerineEsitOlanaTikla(findTestObject("Menu/Menu_Basligi"), findTestObject("Menu/Basliga_Gore_Alt_Menu"), Baslik, Alt_Menu): Method.TextDegerineEsitElementinAltindakiTextDegerineEsitOlanaTikla is PASSED

2021-11-23 16:43:33 - [MESSAGE][INFO] - Finding Test Object 'Object Repository/Menu/Menu_Basligi'

2021-11-23 16:43:33 - [MESSAGE][INFO] - Finding Test Object 'Object Repository/Menu/Basliga_Gore_Alt_Menu'

2021-11-23 16:43:33 - [MESSAGE][INFO] - Checking timeout

2021-11-23 16:43:33 - [MESSAGE][INFO] - Finding web element with id: 'Object Repository/Menu/Menu_Basligi' located by 'By.xpath: //li[@class='dropdown dropdown-large open']//li[@class='dropdown-header']' in '10' second(s)

2021-11-23 16:43:33 - [MESSAGE][INFO] - Smart Wait Function is triggered

2021-11-23 16:43:34 - [MESSAGE][INFO] - Found 2 web elements with id: 'Object Repository/Menu/Menu_Basligi' located by 'By.xpath: //li[@class='dropdown dropdown-large open']//li[@class='dropdown-header']' in '10' second(s)

2021-11-23 16:43:34 - [MESSAGE][INFO] - Smart Wait Function is triggered

2021-11-23 16:43:36 - [MESSAGE][PASSED] - Method.TextDegerineEsitElementinAltindakiTextDegerineEsitOlanaTikla is PASSED

2021-11-23 16:43:36 - [MESSAGE][PASSED] - Call Test Case 'Test Cases/Menu/BasligaGoreAltMenuSecimi' successfully

2021-11-23 16:43:36 - [MESSAGE][INFO] - Checking called Test Case

2021-11-23 16:43:36 - [MESSAGE][INFO] - Starting to call Test Case 'Test Cases/Filtreler/DropdownSec'

2021-11-23 16:43:36 - [TEST_CASE][PASSED] - Test Cases/Filtreler/DropdownSec: Test Cases/Filtreler/DropdownSec

2021-11-23 16:43:36 - [TEST_STEP][PASSED] - Method.TextDegerineEsitElementinAltindakineTikla(findTestObject("Filtreler/Basliklar"), findTestObject("Filtreler/Basliga_Gore_Baslangic_Image"), Filtre_Adi): Method.TextDegerineEsitElementinAltindakineTikla is PASSED

2021-11-23 16:43:36 - [MESSAGE][INFO] - Finding Test Object 'Object Repository/Filtreler/Basliklar'

2021-11-23 16:43:36 - [MESSAGE][INFO] - Finding Test Object 'Object Repository/Filtreler/Basliga_Gore_Baslangic_Image'

2021-11-23 16:43:37 - [MESSAGE][INFO] - Checking timeout

2021-11-23 16:43:37 - [MESSAGE][INFO] - Finding web element with id: 'Object Repository/Filtreler/Basliklar' located by 'By.cssSelector: .control-label.col-sm-4.paddingMarginRLC' in '10' second(s)

2021-11-23 16:43:37 - [MESSAGE][INFO] - Smart Wait Function is triggered

2021-11-23 16:43:37 - [MESSAGE][INFO] - Found 5 web elements with id: 'Object Repository/Filtreler/Basliklar' located by 'By.cssSelector: .control-label.col-sm-4.paddingMarginRLC' in '10' second(s)

2021-11-23 16:43:37 - [MESSAGE][INFO] - Smart Wait Function is triggered

2021-11-23 16:43:37 - [MESSAGE][PASSED] - Method.TextDegerineEsitElementinAltindakineTikla is PASSED

2021-11-23 16:43:37 - [TEST_STEP][PASSED] - Method.TextDegerineEsitElementeTikla(findTestObject("Object Repository/Filtreler/Basliga_Gore_Dropdown"), Filtre_Degeri): Method.TextDegerineEsitElementeTikla is PASSED

2021-11-23 16:43:37 - [MESSAGE][INFO] - Finding Test Object 'Object Repository/Filtreler/Basliga_Gore_Dropdown'

2021-11-23 16:43:37 - [MESSAGE][INFO] - Checking timeout

2021-11-23 16:43:37 - [MESSAGE][INFO] - Finding web element with id: 'Object Repository/Filtreler/Basliga_Gore_Dropdown' located by 'By.xpath: //*[@class = 'dxeListBoxItemRow_LECustomTheme']' in '10' second(s)

2021-11-23 16:43:37 - [MESSAGE][INFO] - Smart Wait Function is triggered

2021-11-23 16:43:38 - [MESSAGE][INFO] - Found 59 web elements with id: 'Object Repository/Filtreler/Basliga_Gore_Dropdown' located by 'By.xpath: //*[@class = 'dxeListBoxItemRow_LECustomTheme']' in '10' second(s)

2021-11-23 16:43:38 - [MESSAGE][PASSED] - Method.TextDegerineEsitElementeTikla is PASSED

2021-11-23 16:43:38 - [MESSAGE][PASSED] - Call Test Case 'Test Cases/Filtreler/DropdownSec' successfully

2021-11-23 16:43:38 - [MESSAGE][INFO] - Checking called Test Case

2021-11-23 16:43:38 - [MESSAGE][INFO] - Starting to call Test Case 'Test Cases/Filtreler/BaslangicYaz'

2021-11-23 16:43:38 - [TEST_CASE][PASSED] - Test Cases/Filtreler/BaslangicYaz: Test Cases/Filtreler/BaslangicYaz

2021-11-23 16:43:38 - [TEST_STEP][PASSED] - delay(3): Delayed 3 second(s)

2021-11-23 16:43:38 - [MESSAGE][INFO] - Delaying browser in 3 second(s)

2021-11-23 16:43:41 - [MESSAGE][PASSED] - Delayed 3 second(s)

2021-11-23 16:43:41 - [TEST_STEP][PASSED] - Method.TextDegerineEsitElementinAltindakineTikla(findTestObject("Filtreler/Basliklar"), findTestObject("Filtreler/Basliga_Gore_Baslangic_Image"), Filtre_Adi): Method.TextDegerineEsitElementinAltindakineTikla is PASSED

2021-11-23 16:43:41 - [MESSAGE][INFO] - Finding Test Object 'Object Repository/Filtreler/Basliklar'

2021-11-23 16:43:41 - [MESSAGE][INFO] - Finding Test Object 'Object Repository/Filtreler/Basliga_Gore_Baslangic_Image'

2021-11-23 16:43:41 - [MESSAGE][INFO] - Checking timeout

2021-11-23 16:43:41 - [MESSAGE][INFO] - Finding web element with id: 'Object Repository/Filtreler/Basliklar' located by 'By.cssSelector: .control-label.col-sm-4.paddingMarginRLC' in '10' second(s)

2021-11-23 16:43:41 - [MESSAGE][INFO] - Smart Wait Function is triggered

2021-11-23 16:43:42 - [MESSAGE][INFO] - Found 5 web elements with id: 'Object Repository/Filtreler/Basliklar' located by 'By.cssSelector: .control-label.col-sm-4.paddingMarginRLC' in '10' second(s)

2021-11-23 16:43:42 - [MESSAGE][INFO] - Smart Wait Function is triggered

2021-11-23 16:43:42 - [MESSAGE][PASSED] - Method.TextDegerineEsitElementinAltindakineTikla is PASSED

2021-11-23 16:43:42 - [TEST_STEP][PASSED] - Method.TextDegerineEsitElementinAltindakiTextboxtaYaz(findTestObject("Filtreler/Basliklar"), findTestObject("Filtreler/Basliga_Gore_Baslangic"), Filtre_Adi, Filtre_Degeri): Method.TextDegerineEsitElementinAltindakiTextboxtaYaz is PASSED

2021-11-23 16:43:42 - [MESSAGE][INFO] - Finding Test Object 'Object Repository/Filtreler/Basliklar'

2021-11-23 16:43:42 - [MESSAGE][INFO] - Finding Test Object 'Object Repository/Filtreler/Basliga_Gore_Baslangic'

2021-11-23 16:43:42 - [MESSAGE][INFO] - Checking timeout

2021-11-23 16:43:42 - [MESSAGE][INFO] - Finding web element with id: 'Object Repository/Filtreler/Basliklar' located by 'By.cssSelector: .control-label.col-sm-4.paddingMarginRLC' in '10' second(s)

2021-11-23 16:43:42 - [MESSAGE][INFO] - Smart Wait Function is triggered

2021-11-23 16:43:43 - [MESSAGE][INFO] - Found 5 web elements with id: 'Object Repository/Filtreler/Basliklar' located by 'By.cssSelector: .control-label.col-sm-4.paddingMarginRLC' in '10' second(s)

2021-11-23 16:43:43 - [MESSAGE][INFO] - Smart Wait Function is triggered

2021-11-23 16:43:44 - [MESSAGE][PASSED] - Method.TextDegerineEsitElementinAltindakiTextboxtaYaz is PASSED

2021-11-23 16:43:44 - [MESSAGE][PASSED] - Call Test Case 'Test Cases/Filtreler/BaslangicYaz' successfully

2021-11-23 16:43:44 - [MESSAGE][INFO] - Checking called Test Case

2021-11-23 16:43:44 - [MESSAGE][INFO] - Starting to call Test Case 'Test Cases/Filtreler/BitisYaz'

2021-11-23 16:43:44 - [TEST_CASE][PASSED] - Test Cases/Filtreler/BitisYaz: Test Cases/Filtreler/BitisYaz

2021-11-23 16:43:44 - [TEST_STEP][PASSED] - Method.TextDegerineEsitElementinAltindakineTikla(findTestObject("Filtreler/Basliklar"), findTestObject("Filtreler/Basliga_Gore_Bitis_Image"), Filtre_Adi): Method.TextDegerineEsitElementinAltindakineTikla is PASSED

2021-11-23 16:43:44 - [MESSAGE][INFO] - Finding Test Object 'Object Repository/Filtreler/Basliklar'

2021-11-23 16:43:44 - [MESSAGE][INFO] - Finding Test Object 'Object Repository/Filtreler/Basliga_Gore_Bitis_Image'

2021-11-23 16:43:44 - [MESSAGE][INFO] - Checking timeout

2021-11-23 16:43:44 - [MESSAGE][INFO] - Finding web element with id: 'Object Repository/Filtreler/Basliklar' located by 'By.cssSelector: .control-label.col-sm-4.paddingMarginRLC' in '10' second(s)

2021-11-23 16:43:44 - [MESSAGE][INFO] - Smart Wait Function is triggered

2021-11-23 16:43:44 - [MESSAGE][INFO] - Found 5 web elements with id: 'Object Repository/Filtreler/Basliklar' located by 'By.cssSelector: .control-label.col-sm-4.paddingMarginRLC' in '10' second(s)

2021-11-23 16:43:44 - [MESSAGE][INFO] - Smart Wait Function is triggered

2021-11-23 16:43:44 - [MESSAGE][PASSED] - Method.TextDegerineEsitElementinAltindakineTikla is PASSED

2021-11-23 16:43:44 - [TEST_STEP][PASSED] - Method.TextDegerineEsitElementinAltindakiTextboxtaYaz(findTestObject("Filtreler/Basliklar"), findTestObject("Object Repository/Filtreler/Basliga_Gore_Bitis"), Filtre_Adi, Filtre_Degeri): Method.TextDegerineEsitElementinAltindakiTextboxtaYaz is PASSED

2021-11-23 16:43:44 - [MESSAGE][INFO] - Finding Test Object 'Object Repository/Filtreler/Basliklar'

2021-11-23 16:43:45 - [MESSAGE][INFO] - Finding Test Object 'Object Repository/Filtreler/Basliga_Gore_Bitis'

2021-11-23 16:43:45 - [MESSAGE][INFO] - Checking timeout

2021-11-23 16:43:45 - [MESSAGE][INFO] - Finding web element with id: 'Object Repository/Filtreler/Basliklar' located by 'By.cssSelector: .control-label.col-sm-4.paddingMarginRLC' in '10' second(s)

2021-11-23 16:43:45 - [MESSAGE][INFO] - Smart Wait Function is triggered

2021-11-23 16:43:45 - [MESSAGE][INFO] - Found 5 web elements with id: 'Object Repository/Filtreler/Basliklar' located by 'By.cssSelector: .control-label.col-sm-4.paddingMarginRLC' in '10' second(s)

2021-11-23 16:43:45 - [MESSAGE][INFO] - Smart Wait Function is triggered

2021-11-23 16:43:46 - [MESSAGE][PASSED] - Method.TextDegerineEsitElementinAltindakiTextboxtaYaz is PASSED

2021-11-23 16:43:46 - [MESSAGE][PASSED] - Call Test Case 'Test Cases/Filtreler/BitisYaz' successfully

2021-11-23 16:43:46 - [MESSAGE][INFO] - Checking called Test Case

2021-11-23 16:43:46 - [MESSAGE][INFO] - Starting to call Test Case 'Test Cases/Filtreler/ButonaTikla'

2021-11-23 16:43:46 - [TEST_CASE][PASSED] - Test Cases/Filtreler/ButonaTikla: Test Cases/Filtreler/ButonaTikla

2021-11-23 16:43:46 - [TEST_STEP][PASSED] - Method.TextDegerineEsitElementeTikla(findTestObject("Filtreler/Butonlar"), Filtre_Buton): Method.TextDegerineEsitElementeTikla is PASSED

2021-11-23 16:43:46 - [MESSAGE][INFO] - Finding Test Object 'Object Repository/Filtreler/Butonlar'

2021-11-23 16:43:46 - [MESSAGE][INFO] - Checking timeout

2021-11-23 16:43:46 - [MESSAGE][INFO] - Finding web element with id: 'Object Repository/Filtreler/Butonlar' located by 'By.cssSelector: .dxb>span' in '10' second(s)

2021-11-23 16:43:46 - [MESSAGE][INFO] - Smart Wait Function is triggered

2021-11-23 16:43:46 - [MESSAGE][INFO] - Found 3 web elements with id: 'Object Repository/Filtreler/Butonlar' located by 'By.cssSelector: .dxb>span' in '10' second(s)

2021-11-23 16:43:46 - [MESSAGE][PASSED] - Method.TextDegerineEsitElementeTikla is PASSED

2021-11-23 16:43:46 - [MESSAGE][PASSED] - Call Test Case 'Test Cases/Filtreler/ButonaTikla' successfully

2021-11-23 16:43:46 - [MESSAGE][INFO] - Checking called Test Case

2021-11-23 16:43:46 - [MESSAGE][INFO] - Starting to call Test Case 'Test Cases/Tablo/TablodakiVeriDetayi'

2021-11-23 16:43:46 - [TEST_CASE][PASSED] - Test Cases/Tablo/TablodakiVeriDetayi: Test Cases/Tablo/TablodakiVeriDetayi

2021-11-23 16:43:46 - [TEST_STEP][PASSED] - Method.TextDegerineEsitElementinAltindakineTikla(findTestObject("Tablo/Veriler"), findTestObject("Object Repository/Tablo/VerininArtiButonu"), Veri_Adi): Method.TextDegerineEsitElementinAltindakineTikla is PASSED

2021-11-23 16:43:46 - [MESSAGE][INFO] - Finding Test Object 'Object Repository/Tablo/Veriler'

2021-11-23 16:43:47 - [MESSAGE][INFO] - Finding Test Object 'Object Repository/Tablo/VerininArtiButonu'

2021-11-23 16:43:47 - [MESSAGE][INFO] - Checking timeout

2021-11-23 16:43:47 - [MESSAGE][INFO] - Finding web element with id: 'Object Repository/Tablo/Veriler' located by 'By.cssSelector: td.dxgv b ,td.dxgv' in '10' second(s)

2021-11-23 16:43:47 - [MESSAGE][INFO] - Smart Wait Function is triggered

2021-11-23 16:43:47 - [MESSAGE][INFO] - Found 130 web elements with id: 'Object Repository/Tablo/Veriler' located by 'By.cssSelector: td.dxgv b ,td.dxgv' in '10' second(s)

2021-11-23 16:43:47 - [MESSAGE][INFO] - Smart Wait Function is triggered

2021-11-23 16:43:48 - [MESSAGE][PASSED] - Method.TextDegerineEsitElementinAltindakineTikla is PASSED

2021-11-23 16:43:48 - [MESSAGE][PASSED] - Call Test Case 'Test Cases/Tablo/TablodakiVeriDetayi' successfully

2021-11-23 16:43:48 - [MESSAGE][INFO] - Checking called Test Case

2021-11-23 16:43:48 - [MESSAGE][INFO] - Starting to call Test Case 'Test Cases/Tablo/TablodakiVeriDetayi'

2021-11-23 16:43:48 - [TEST_CASE][PASSED] - Test Cases/Tablo/TablodakiVeriDetayi: Test Cases/Tablo/TablodakiVeriDetayi

2021-11-23 16:43:48 - [TEST_STEP][PASSED] - Method.TextDegerineEsitElementinAltindakineTikla(findTestObject("Tablo/Veriler"), findTestObject("Object Repository/Tablo/VerininArtiButonu"), Veri_Adi): Method.TextDegerineEsitElementinAltindakineTikla is PASSED

2021-11-23 16:43:48 - [MESSAGE][INFO] - Finding Test Object 'Object Repository/Tablo/Veriler'

2021-11-23 16:43:48 - [MESSAGE][INFO] - Finding Test Object 'Object Repository/Tablo/VerininArtiButonu'

2021-11-23 16:43:48 - [MESSAGE][INFO] - Checking timeout

2021-11-23 16:43:48 - [MESSAGE][INFO] - Finding web element with id: 'Object Repository/Tablo/Veriler' located by 'By.cssSelector: td.dxgv b ,td.dxgv' in '10' second(s)

2021-11-23 16:43:48 - [MESSAGE][INFO] - Smart Wait Function is triggered

2021-11-23 16:43:48 - [MESSAGE][INFO] - Found 132 web elements with id: 'Object Repository/Tablo/Veriler' located by 'By.cssSelector: td.dxgv b ,td.dxgv' in '10' second(s)

2021-11-23 16:43:48 - [MESSAGE][INFO] - Smart Wait Function is triggered

2021-11-23 16:43:49 - [MESSAGE][PASSED] - Method.TextDegerineEsitElementinAltindakineTikla is PASSED

2021-11-23 16:43:49 - [MESSAGE][PASSED] - Call Test Case 'Test Cases/Tablo/TablodakiVeriDetayi' successfully

2021-11-23 16:43:49 - [MESSAGE][INFO] - Checking called Test Case

2021-11-23 16:43:49 - [MESSAGE][INFO] - Starting to call Test Case 'Test Cases/Filtreler/FiltreVarMi'

2021-11-23 16:43:49 - [TEST_CASE][PASSED] - Test Cases/Filtreler/FiltreVarMi: Test Cases/Filtreler/FiltreVarMi

2021-11-23 16:43:49 - [TEST_STEP][PASSED] - Method.TextDegerineEsitElementVarMi(findTestObject("Filtreler/Basliklar"), Filtre_alan): Method.TextDegerineEsitElementVarMi is PASSED

2021-11-23 16:43:49 - [MESSAGE][INFO] - Finding Test Object 'Object Repository/Filtreler/Basliklar'

2021-11-23 16:43:49 - [MESSAGE][INFO] - Checking timeout

2021-11-23 16:43:49 - [MESSAGE][INFO] - Finding web element with id: 'Object Repository/Filtreler/Basliklar' located by 'By.cssSelector: .control-label.col-sm-4.paddingMarginRLC' in '10' second(s)

2021-11-23 16:43:49 - [MESSAGE][INFO] - Smart Wait Function is triggered

2021-11-23 16:43:49 - [MESSAGE][INFO] - Found 5 web elements with id: 'Object Repository/Filtreler/Basliklar' located by 'By.cssSelector: .control-label.col-sm-4.paddingMarginRLC' in '10' second(s)

2021-11-23 16:43:49 - [MESSAGE][PASSED] - Method.TextDegerineEsitElementVarMi is PASSED

2021-11-23 16:43:49 - [MESSAGE][PASSED] - Call Test Case 'Test Cases/Filtreler/FiltreVarMi' successfully

2021-11-23 16:43:50 - [MESSAGE][INFO] - Checking called Test Case

2021-11-23 16:43:50 - [MESSAGE][INFO] - Starting to call Test Case 'Test Cases/Filtreler/FiltreVarMi'

2021-11-23 16:43:50 - [TEST_CASE][PASSED] - Test Cases/Filtreler/FiltreVarMi: Test Cases/Filtreler/FiltreVarMi

2021-11-23 16:43:50 - [TEST_STEP][PASSED] - Method.TextDegerineEsitElementVarMi(findTestObject("Filtreler/Basliklar"), Filtre_alan): Method.TextDegerineEsitElementVarMi is PASSED

2021-11-23 16:43:50 - [MESSAGE][INFO] - Finding Test Object 'Object Repository/Filtreler/Basliklar'

2021-11-23 16:43:50 - [MESSAGE][INFO] - Checking timeout

2021-11-23 16:43:50 - [MESSAGE][INFO] - Finding web element with id: 'Object Repository/Filtreler/Basliklar' located by 'By.cssSelector: .control-label.col-sm-4.paddingMarginRLC' in '10' second(s)

2021-11-23 16:43:50 - [MESSAGE][INFO] - Smart Wait Function is triggered

2021-11-23 16:43:50 - [MESSAGE][INFO] - Found 5 web elements with id: 'Object Repository/Filtreler/Basliklar' located by 'By.cssSelector: .control-label.col-sm-4.paddingMarginRLC' in '10' second(s)

2021-11-23 16:43:50 - [MESSAGE][PASSED] - Method.TextDegerineEsitElementVarMi is PASSED

2021-11-23 16:43:50 - [MESSAGE][PASSED] - Call Test Case 'Test Cases/Filtreler/FiltreVarMi' successfully

2021-11-23 16:43:50 - [MESSAGE][INFO] - Checking called Test Case

2021-11-23 16:43:50 - [MESSAGE][INFO] - Starting to call Test Case 'Test Cases/Filtreler/FiltreVarMi'

2021-11-23 16:43:50 - [TEST_CASE][PASSED] - Test Cases/Filtreler/FiltreVarMi: Test Cases/Filtreler/FiltreVarMi

2021-11-23 16:43:50 - [TEST_STEP][PASSED] - Method.TextDegerineEsitElementVarMi(findTestObject("Filtreler/Basliklar"), Filtre_alan): Method.TextDegerineEsitElementVarMi is PASSED

2021-11-23 16:43:50 - [MESSAGE][INFO] - Finding Test Object 'Object Repository/Filtreler/Basliklar'

2021-11-23 16:43:50 - [MESSAGE][INFO] - Checking timeout

2021-11-23 16:43:50 - [MESSAGE][INFO] - Finding web element with id: 'Object Repository/Filtreler/Basliklar' located by 'By.cssSelector: .control-label.col-sm-4.paddingMarginRLC' in '10' second(s)

2021-11-23 16:43:50 - [MESSAGE][INFO] - Smart Wait Function is triggered

2021-11-23 16:43:50 - [MESSAGE][INFO] - Found 5 web elements with id: 'Object Repository/Filtreler/Basliklar' located by 'By.cssSelector: .control-label.col-sm-4.paddingMarginRLC' in '10' second(s)

2021-11-23 16:43:50 - [MESSAGE][PASSED] - Method.TextDegerineEsitElementVarMi is PASSED

2021-11-23 16:43:50 - [MESSAGE][PASSED] - Call Test Case 'Test Cases/Filtreler/FiltreVarMi' successfully

2021-11-23 16:43:51 - [MESSAGE][INFO] - Checking called Test Case

2021-11-23 16:43:51 - [MESSAGE][INFO] - Starting to call Test Case 'Test Cases/Filtreler/FiltreVarMi'

2021-11-23 16:43:51 - [TEST_CASE][PASSED] - Test Cases/Filtreler/FiltreVarMi: Test Cases/Filtreler/FiltreVarMi

2021-11-23 16:43:51 - [TEST_STEP][PASSED] - Method.TextDegerineEsitElementVarMi(findTestObject("Filtreler/Basliklar"), Filtre_alan): Method.TextDegerineEsitElementVarMi is PASSED

2021-11-23 16:43:51 - [MESSAGE][INFO] - Finding Test Object 'Object Repository/Filtreler/Basliklar'

2021-11-23 16:43:51 - [MESSAGE][INFO] - Checking timeout

2021-11-23 16:43:51 - [MESSAGE][INFO] - Finding web element with id: 'Object Repository/Filtreler/Basliklar' located by 'By.cssSelector: .control-label.col-sm-4.paddingMarginRLC' in '10' second(s)

2021-11-23 16:43:51 - [MESSAGE][INFO] - Smart Wait Function is triggered

2021-11-23 16:43:51 - [MESSAGE][INFO] - Found 5 web elements with id: 'Object Repository/Filtreler/Basliklar' located by 'By.cssSelector: .control-label.col-sm-4.paddingMarginRLC' in '10' second(s)

2021-11-23 16:43:51 - [MESSAGE][PASSED] - Method.TextDegerineEsitElementVarMi is PASSED

2021-11-23 16:43:51 - [MESSAGE][PASSED] - Call Test Case 'Test Cases/Filtreler/FiltreVarMi' successfully

2021-11-23 16:43:51 - [MESSAGE][INFO] - Checking called Test Case

2021-11-23 16:43:51 - [MESSAGE][INFO] - Starting to call Test Case 'Test Cases/Filtreler/FiltreVarMi'

2021-11-23 16:43:51 - [TEST_CASE][PASSED] - Test Cases/Filtreler/FiltreVarMi: Test Cases/Filtreler/FiltreVarMi

2021-11-23 16:43:51 - [TEST_STEP][PASSED] - Method.TextDegerineEsitElementVarMi(findTestObject("Filtreler/Basliklar"), Filtre_alan): Method.TextDegerineEsitElementVarMi is PASSED

2021-11-23 16:43:51 - [MESSAGE][INFO] - Finding Test Object 'Object Repository/Filtreler/Basliklar'

2021-11-23 16:43:51 - [MESSAGE][INFO] - Checking timeout

2021-11-23 16:43:51 - [MESSAGE][INFO] - Finding web element with id: 'Object Repository/Filtreler/Basliklar' located by 'By.cssSelector: .control-label.col-sm-4.paddingMarginRLC' in '10' second(s)

2021-11-23 16:43:51 - [MESSAGE][INFO] - Smart Wait Function is triggered

2021-11-23 16:43:51 - [MESSAGE][INFO] - Found 5 web elements with id: 'Object Repository/Filtreler/Basliklar' located by 'By.cssSelector: .control-label.col-sm-4.paddingMarginRLC' in '10' second(s)

2021-11-23 16:43:51 - [MESSAGE][PASSED] - Method.TextDegerineEsitElementVarMi is PASSED

2021-11-23 16:43:51 - [MESSAGE][PASSED] - Call Test Case 'Test Cases/Filtreler/FiltreVarMi' successfully

2021-11-23 16:43:51 - [MESSAGE][INFO] - Checking called Test Case

2021-11-23 16:43:51 - [MESSAGE][INFO] - Starting to call Test Case 'Test Cases/Filtreler/ButonVarMi'

2021-11-23 16:43:52 - [TEST_CASE][PASSED] - Test Cases/Filtreler/ButonVarMi: Test Cases/Filtreler/ButonVarMi

2021-11-23 16:43:52 - [TEST_STEP][PASSED] - Method.TextDegerineEsitElementVarMi(findTestObject("Filtreler/Butonlar"), Filtre_Buton): Method.TextDegerineEsitElementVarMi is PASSED

2021-11-23 16:43:52 - [MESSAGE][INFO] - Finding Test Object 'Object Repository/Filtreler/Butonlar'

2021-11-23 16:43:52 - [MESSAGE][INFO] - Checking timeout

2021-11-23 16:43:52 - [MESSAGE][INFO] - Finding web element with id: 'Object Repository/Filtreler/Butonlar' located by 'By.cssSelector: .dxb>span' in '10' second(s)

2021-11-23 16:43:52 - [MESSAGE][INFO] - Smart Wait Function is triggered

2021-11-23 16:43:52 - [MESSAGE][INFO] - Found 3 web elements with id: 'Object Repository/Filtreler/Butonlar' located by 'By.cssSelector: .dxb>span' in '10' second(s)

2021-11-23 16:43:52 - [MESSAGE][PASSED] - Method.TextDegerineEsitElementVarMi is PASSED

2021-11-23 16:43:52 - [MESSAGE][PASSED] - Call Test Case 'Test Cases/Filtreler/ButonVarMi' successfully

2021-11-23 16:43:52 - [MESSAGE][INFO] - Checking called Test Case

2021-11-23 16:43:52 - [MESSAGE][INFO] - Starting to call Test Case 'Test Cases/Filtreler/ButonVarMi'

2021-11-23 16:43:52 - [TEST_CASE][PASSED] - Test Cases/Filtreler/ButonVarMi: Test Cases/Filtreler/ButonVarMi

2021-11-23 16:43:52 - [TEST_STEP][PASSED] - Method.TextDegerineEsitElementVarMi(findTestObject("Filtreler/Butonlar"), Filtre_Buton): Method.TextDegerineEsitElementVarMi is PASSED

2021-11-23 16:43:52 - [MESSAGE][INFO] - Finding Test Object 'Object Repository/Filtreler/Butonlar'

2021-11-23 16:43:52 - [MESSAGE][INFO] - Checking timeout

2021-11-23 16:43:52 - [MESSAGE][INFO] - Finding web element with id: 'Object Repository/Filtreler/Butonlar' located by 'By.cssSelector: .dxb>span' in '10' second(s)

2021-11-23 16:43:52 - [MESSAGE][INFO] - Smart Wait Function is triggered

2021-11-23 16:43:52 - [MESSAGE][INFO] - Found 3 web elements with id: 'Object Repository/Filtreler/Butonlar' located by 'By.cssSelector: .dxb>span' in '10' second(s)

2021-11-23 16:43:52 - [MESSAGE][PASSED] - Method.TextDegerineEsitElementVarMi is PASSED

2021-11-23 16:43:52 - [MESSAGE][PASSED] - Call Test Case 'Test Cases/Filtreler/ButonVarMi' successfully

2021-11-23 16:43:52 - [MESSAGE][INFO] - Checking called Test Case

2021-11-23 16:43:52 - [MESSAGE][INFO] - Starting to call Test Case 'Test Cases/Filtreler/ButonVarMi'

2021-11-23 16:43:53 - [TEST_CASE][PASSED] - Test Cases/Filtreler/ButonVarMi: Test Cases/Filtreler/ButonVarMi

2021-11-23 16:43:53 - [TEST_STEP][PASSED] - Method.TextDegerineEsitElementVarMi(findTestObject("Filtreler/Butonlar"), Filtre_Buton): Method.TextDegerineEsitElementVarMi is PASSED

2021-11-23 16:43:53 - [MESSAGE][INFO] - Finding Test Object 'Object Repository/Filtreler/Butonlar'

2021-11-23 16:43:53 - [MESSAGE][INFO] - Checking timeout

2021-11-23 16:43:53 - [MESSAGE][INFO] - Finding web element with id: 'Object Repository/Filtreler/Butonlar' located by 'By.cssSelector: .dxb>span' in '10' second(s)

2021-11-23 16:43:53 - [MESSAGE][INFO] - Smart Wait Function is triggered

2021-11-23 16:43:53 - [MESSAGE][INFO] - Found 3 web elements with id: 'Object Repository/Filtreler/Butonlar' located by 'By.cssSelector: .dxb>span' in '10' second(s)

2021-11-23 16:43:53 - [MESSAGE][PASSED] - Method.TextDegerineEsitElementVarMi is PASSED

2021-11-23 16:43:53 - [MESSAGE][PASSED] - Call Test Case 'Test Cases/Filtreler/ButonVarMi' successfully

2021-11-23 16:43:53 - [MESSAGE][INFO] - Checking called Test Case

2021-11-23 16:43:53 - [MESSAGE][INFO] - Starting to call Test Case 'Test Cases/Butonlar/ButonVarMi'

2021-11-23 16:43:53 - [TEST_CASE][PASSED] - Test Cases/Butonlar/ButonVarMi: Test Cases/Butonlar/ButonVarMi

2021-11-23 16:43:53 - [TEST_STEP][PASSED] - Method.TextDegerineEsitElementVarMi(findTestObject("Butonlar/Butonlar"), Buton): Method.TextDegerineEsitElementVarMi is PASSED

2021-11-23 16:43:53 - [MESSAGE][INFO] - Finding Test Object 'Object Repository/Butonlar/Butonlar'

2021-11-23 16:43:53 - [MESSAGE][INFO] - Checking timeout

2021-11-23 16:43:53 - [MESSAGE][INFO] - Finding web element with id: 'Object Repository/Butonlar/Butonlar' located by 'By.cssSelector: .panel.panel-default.text-center.footerPanel .btn,.btn.btn-primary.btnControls' in '10' second(s)

2021-11-23 16:43:53 - [MESSAGE][INFO] - Smart Wait Function is triggered

2021-11-23 16:43:53 - [MESSAGE][INFO] - Found 6 web elements with id: 'Object Repository/Butonlar/Butonlar' located by 'By.cssSelector: .panel.panel-default.text-center.footerPanel .btn,.btn.btn-primary.btnControls' in '10' second(s)

2021-11-23 16:43:54 - [MESSAGE][PASSED] - Method.TextDegerineEsitElementVarMi is PASSED

2021-11-23 16:43:54 - [MESSAGE][PASSED] - Call Test Case 'Test Cases/Butonlar/ButonVarMi' successfully

2021-11-23 16:43:54 - [MESSAGE][INFO] - Checking called Test Case

2021-11-23 16:43:54 - [MESSAGE][INFO] - Starting to call Test Case 'Test Cases/Butonlar/ButonVarMi'

2021-11-23 16:43:54 - [TEST_CASE][PASSED] - Test Cases/Butonlar/ButonVarMi: Test Cases/Butonlar/ButonVarMi

2021-11-23 16:43:54 - [TEST_STEP][PASSED] - Method.TextDegerineEsitElementVarMi(findTestObject("Butonlar/Butonlar"), Buton): Method.TextDegerineEsitElementVarMi is PASSED

2021-11-23 16:43:54 - [MESSAGE][INFO] - Finding Test Object 'Object Repository/Butonlar/Butonlar'

2021-11-23 16:43:54 - [MESSAGE][INFO] - Checking timeout

2021-11-23 16:43:54 - [MESSAGE][INFO] - Finding web element with id: 'Object Repository/Butonlar/Butonlar' located by 'By.cssSelector: .panel.panel-default.text-center.footerPanel .btn,.btn.btn-primary.btnControls' in '10' second(s)

2021-11-23 16:43:54 - [MESSAGE][INFO] - Smart Wait Function is triggered

2021-11-23 16:43:54 - [MESSAGE][INFO] - Found 6 web elements with id: 'Object Repository/Butonlar/Butonlar' located by 'By.cssSelector: .panel.panel-default.text-center.footerPanel .btn,.btn.btn-primary.btnControls' in '10' second(s)

2021-11-23 16:43:54 - [MESSAGE][PASSED] - Method.TextDegerineEsitElementVarMi is PASSED

2021-11-23 16:43:54 - [MESSAGE][PASSED] - Call Test Case 'Test Cases/Butonlar/ButonVarMi' successfully

2021-11-23 16:43:54 - [MESSAGE][INFO] - Checking called Test Case

2021-11-23 16:43:54 - [MESSAGE][INFO] - Starting to call Test Case 'Test Cases/Butonlar/ButonVarMi'

2021-11-23 16:43:54 - [TEST_CASE][PASSED] - Test Cases/Butonlar/ButonVarMi: Test Cases/Butonlar/ButonVarMi

2021-11-23 16:43:54 - [TEST_STEP][PASSED] - Method.TextDegerineEsitElementVarMi(findTestObject("Butonlar/Butonlar"), Buton): Method.TextDegerineEsitElementVarMi is PASSED

2021-11-23 16:43:54 - [MESSAGE][INFO] - Finding Test Object 'Object Repository/Butonlar/Butonlar'

2021-11-23 16:43:54 - [MESSAGE][INFO] - Checking timeout

2021-11-23 16:43:54 - [MESSAGE][INFO] - Finding web element with id: 'Object Repository/Butonlar/Butonlar' located by 'By.cssSelector: .panel.panel-default.text-center.footerPanel .btn,.btn.btn-primary.btnControls' in '10' second(s)

2021-11-23 16:43:54 - [MESSAGE][INFO] - Smart Wait Function is triggered

2021-11-23 16:43:54 - [MESSAGE][INFO] - Found 6 web elements with id: 'Object Repository/Butonlar/Butonlar' located by 'By.cssSelector: .panel.panel-default.text-center.footerPanel .btn,.btn.btn-primary.btnControls' in '10' second(s)

2021-11-23 16:43:54 - [MESSAGE][PASSED] - Method.TextDegerineEsitElementVarMi is PASSED

2021-11-23 16:43:54 - [MESSAGE][PASSED] - Call Test Case 'Test Cases/Butonlar/ButonVarMi' successfully

2021-11-23 16:43:55 - [MESSAGE][INFO] - Checking called Test Case

2021-11-23 16:43:55 - [MESSAGE][INFO] - Starting to call Test Case 'Test Cases/Butonlar/ButonVarMi'

2021-11-23 16:43:55 - [TEST_CASE][PASSED] - Test Cases/Butonlar/ButonVarMi: Test Cases/Butonlar/ButonVarMi

2021-11-23 16:43:55 - [TEST_STEP][PASSED] - Method.TextDegerineEsitElementVarMi(findTestObject("Butonlar/Butonlar"), Buton): Method.TextDegerineEsitElementVarMi is PASSED

2021-11-23 16:43:55 - [MESSAGE][INFO] - Finding Test Object 'Object Repository/Butonlar/Butonlar'

2021-11-23 16:43:55 - [MESSAGE][INFO] - Checking timeout

2021-11-23 16:43:55 - [MESSAGE][INFO] - Finding web element with id: 'Object Repository/Butonlar/Butonlar' located by 'By.cssSelector: .panel.panel-default.text-center.footerPanel .btn,.btn.btn-primary.btnControls' in '10' second(s)

2021-11-23 16:43:55 - [MESSAGE][INFO] - Smart Wait Function is triggered

2021-11-23 16:43:55 - [MESSAGE][INFO] - Found 6 web elements with id: 'Object Repository/Butonlar/Butonlar' located by 'By.cssSelector: .panel.panel-default.text-center.footerPanel .btn,.btn.btn-primary.btnControls' in '10' second(s)

2021-11-23 16:43:55 - [MESSAGE][PASSED] - Method.TextDegerineEsitElementVarMi is PASSED

2021-11-23 16:43:55 - [MESSAGE][PASSED] - Call Test Case 'Test Cases/Butonlar/ButonVarMi' successfully

2021-11-23 16:43:55 - [MESSAGE][INFO] - Checking called Test Case

2021-11-23 16:43:55 - [MESSAGE][INFO] - Starting to call Test Case 'Test Cases/Butonlar/ButonaTikla'

2021-11-23 16:43:55 - [TEST_CASE][PASSED] - Test Cases/Butonlar/ButonaTikla: Test Cases/Butonlar/ButonaTikla

2021-11-23 16:43:55 - [TEST_STEP][PASSED] - Method.TextDegerineEsitElementeTiklaEquals(findTestObject("Butonlar/Butonlar"), Buton_Adi): Method.TextDegerineEsitElementeTiklaEquals is PASSED

2021-11-23 16:43:55 - [MESSAGE][INFO] - Finding Test Object 'Object Repository/Butonlar/Butonlar'

2021-11-23 16:43:55 - [MESSAGE][INFO] - Checking timeout

2021-11-23 16:43:55 - [MESSAGE][INFO] - Finding web element with id: 'Object Repository/Butonlar/Butonlar' located by 'By.cssSelector: .panel.panel-default.text-center.footerPanel .btn,.btn.btn-primary.btnControls' in '10' second(s)

2021-11-23 16:43:55 - [MESSAGE][INFO] - Smart Wait Function is triggered

2021-11-23 16:43:55 - [MESSAGE][INFO] - Found 6 web elements with id: 'Object Repository/Butonlar/Butonlar' located by 'By.cssSelector: .panel.panel-default.text-center.footerPanel .btn,.btn.btn-primary.btnControls' in '10' second(s)

2021-11-23 16:43:56 - [MESSAGE][PASSED] - Method.TextDegerineEsitElementeTiklaEquals is PASSED

2021-11-23 16:43:56 - [MESSAGE][PASSED] - Call Test Case 'Test Cases/Butonlar/ButonaTikla' successfully

2021-11-23 16:43:56 - [MESSAGE][INFO] - Checking called Test Case

2021-11-23 16:43:56 - [MESSAGE][INFO] - Starting to call Test Case 'Test Cases/Butonlar/AltButonVarMi'

2021-11-23 16:43:56 - [TEST_CASE][PASSED] - Test Cases/Butonlar/AltButonVarMi: Test Cases/Butonlar/AltButonVarMi

2021-11-23 16:43:56 - [TEST_STEP][PASSED] - Method.TextDegerineEsitElementVarMi(findTestObject("Butonlar/AltButonlar"), AltButon): Method.TextDegerineEsitElementVarMi is PASSED

2021-11-23 16:43:56 - [MESSAGE][INFO] - Finding Test Object 'Object Repository/Butonlar/AltButonlar'

2021-11-23 16:43:56 - [MESSAGE][INFO] - Checking timeout

2021-11-23 16:43:56 - [MESSAGE][INFO] - Finding web element with id: 'Object Repository/Butonlar/AltButonlar' located by 'By.cssSelector: .btn-group.open li>a' in '10' second(s)

2021-11-23 16:43:56 - [MESSAGE][INFO] - Smart Wait Function is triggered

2021-11-23 16:43:56 - [MESSAGE][INFO] - Found 2 web elements with id: 'Object Repository/Butonlar/AltButonlar' located by 'By.cssSelector: .btn-group.open li>a' in '10' second(s)

2021-11-23 16:43:56 - [MESSAGE][PASSED] - Method.TextDegerineEsitElementVarMi is PASSED

2021-11-23 16:43:56 - [MESSAGE][PASSED] - Call Test Case 'Test Cases/Butonlar/AltButonVarMi' successfully

2021-11-23 16:43:56 - [MESSAGE][INFO] - Checking called Test Case

2021-11-23 16:43:56 - [MESSAGE][INFO] - Starting to call Test Case 'Test Cases/Butonlar/AltButonVarMi'

2021-11-23 16:43:56 - [TEST_CASE][PASSED] - Test Cases/Butonlar/AltButonVarMi: Test Cases/Butonlar/AltButonVarMi

2021-11-23 16:43:56 - [TEST_STEP][PASSED] - Method.TextDegerineEsitElementVarMi(findTestObject("Butonlar/AltButonlar"), AltButon): Method.TextDegerineEsitElementVarMi is PASSED

2021-11-23 16:43:56 - [MESSAGE][INFO] - Finding Test Object 'Object Repository/Butonlar/AltButonlar'

2021-11-23 16:43:56 - [MESSAGE][INFO] - Checking timeout

2021-11-23 16:43:56 - [MESSAGE][INFO] - Finding web element with id: 'Object Repository/Butonlar/AltButonlar' located by 'By.cssSelector: .btn-group.open li>a' in '10' second(s)

2021-11-23 16:43:56 - [MESSAGE][INFO] - Smart Wait Function is triggered

2021-11-23 16:43:57 - [MESSAGE][INFO] - Found 2 web elements with id: 'Object Repository/Butonlar/AltButonlar' located by 'By.cssSelector: .btn-group.open li>a' in '10' second(s)

2021-11-23 16:43:57 - [MESSAGE][PASSED] - Method.TextDegerineEsitElementVarMi is PASSED

2021-11-23 16:43:57 - [MESSAGE][PASSED] - Call Test Case 'Test Cases/Butonlar/AltButonVarMi' successfully

2021-11-23 16:43:57 - [MESSAGE][INFO] - Checking called Test Case

2021-11-23 16:43:57 - [MESSAGE][INFO] - Starting to call Test Case 'Test Cases/Kullanici_Islemleri/KullaniciIslemlerindenSecimYapilir'

2021-11-23 16:43:57 - [TEST_CASE][PASSED] - Test Cases/Kullanici_Islemleri/KullaniciIslemlerindenSecimYapilir: Test Cases/Kullanici_Islemleri/KullaniciIslemlerindenSecimYapilir

2021-11-23 16:43:57 - [TEST_STEP][PASSED] - waitForElementClickable(findTestObject("Object Repository/Kullanici_Islemleri/KullaniciIslemleri"), 10): Object 'Object Repository/Kullanici_Islemleri/KullaniciIslemleri' is clickable

2021-11-23 16:43:57 - [MESSAGE][INFO] - Finding Test Object 'Object Repository/Kullanici_Islemleri/KullaniciIslemleri'

2021-11-23 16:43:57 - [MESSAGE][INFO] - Checking object

2021-11-23 16:43:57 - [MESSAGE][INFO] - Checking timeout

2021-11-23 16:43:57 - [MESSAGE][INFO] - Finding web element from Test Object's properties

2021-11-23 16:43:57 - [MESSAGE][INFO] - Checking timeout

2021-11-23 16:43:57 - [MESSAGE][INFO] - Finding web element with id: 'Object Repository/Kullanici_Islemleri/KullaniciIslemleri' located by 'By.cssSelector: .dropdown>a>img' in '10' second(s)

2021-11-23 16:43:57 - [MESSAGE][INFO] - Smart Wait Function is triggered

2021-11-23 16:43:57 - [MESSAGE][INFO] - Found 1 web elements with id: 'Object Repository/Kullanici_Islemleri/KullaniciIslemleri' located by 'By.cssSelector: .dropdown>a>img' in '10' second(s)

2021-11-23 16:43:57 - [MESSAGE][PASSED] - Object 'Object Repository/Kullanici_Islemleri/KullaniciIslemleri' is clickable

2021-11-23 16:43:57 - [TEST_STEP][PASSED] - click(findTestObject("Object Repository/Kullanici_Islemleri/KullaniciIslemleri")): Object: 'Object Repository/Kullanici_Islemleri/KullaniciIslemleri' is clicked on

2021-11-23 16:43:57 - [MESSAGE][INFO] - Finding Test Object 'Object Repository/Kullanici_Islemleri/KullaniciIslemleri'

2021-11-23 16:43:57 - [MESSAGE][INFO] - Checking object

2021-11-23 16:43:57 - [MESSAGE][INFO] - Finding web element from Test Object's properties

2021-11-23 16:43:57 - [MESSAGE][INFO] - Checking timeout

2021-11-23 16:43:57 - [MESSAGE][INFO] - Finding web element with id: 'Object Repository/Kullanici_Islemleri/KullaniciIslemleri' located by 'By.cssSelector: .dropdown>a>img' in '30' second(s)

2021-11-23 16:43:57 - [MESSAGE][INFO] - Smart Wait Function is triggered

2021-11-23 16:43:57 - [MESSAGE][INFO] - Found 1 web elements with id: 'Object Repository/Kullanici_Islemleri/KullaniciIslemleri' located by 'By.cssSelector: .dropdown>a>img' in '30' second(s)

2021-11-23 16:43:57 - [MESSAGE][INFO] - Clicking on object: 'Object Repository/Kullanici_Islemleri/KullaniciIslemleri'

2021-11-23 16:43:57 - [MESSAGE][PASSED] - Object: 'Object Repository/Kullanici_Islemleri/KullaniciIslemleri' is clicked on

2021-11-23 16:43:57 - [TEST_STEP][PASSED] - Method.TextDegerineEsitElementeTikla(findTestObject("Object Repository/Kullanici_Islemleri/Secenekler"), Islem): Method.TextDegerineEsitElementeTikla is PASSED

2021-11-23 16:43:57 - [MESSAGE][INFO] - Finding Test Object 'Object Repository/Kullanici_Islemleri/Secenekler'

2021-11-23 16:43:57 - [MESSAGE][INFO] - Checking timeout

2021-11-23 16:43:57 - [MESSAGE][INFO] - Finding web element with id: 'Object Repository/Kullanici_Islemleri/Secenekler' located by 'By.cssSelector: .nav.navbar-nav.navbar-right li a' in '10' second(s)

2021-11-23 16:43:57 - [MESSAGE][INFO] - Smart Wait Function is triggered

2021-11-23 16:43:58 - [MESSAGE][INFO] - Found 22 web elements with id: 'Object Repository/Kullanici_Islemleri/Secenekler' located by 'By.cssSelector: .nav.navbar-nav.navbar-right li a' in '10' second(s)

2021-11-23 16:43:59 - [MESSAGE][PASSED] - Method.TextDegerineEsitElementeTikla is PASSED

2021-11-23 16:43:59 - [TEST_STEP][PASSED] - verifyElementNotPresent(findTestObject("Object Repository/Kullanici_Islemleri/Secenekler"), 10): Web element with id: 'Object Repository/Kullanici_Islemleri/Secenekler' located by 'By.cssSelector: .nav.navbar-nav.navbar-right li a' is not present after '10' second(s)

2021-11-23 16:43:59 - [MESSAGE][INFO] - Finding Test Object 'Object Repository/Kullanici_Islemleri/Secenekler'

2021-11-23 16:43:59 - [MESSAGE][INFO] - Checking object

2021-11-23 16:43:59 - [MESSAGE][INFO] - Checking timeout

2021-11-23 16:43:59 - [MESSAGE][INFO] - Finding web element with id: 'Object Repository/Kullanici_Islemleri/Secenekler' located by 'By.cssSelector: .nav.navbar-nav.navbar-right li a' in '10' second(s)

2021-11-23 16:43:59 - [MESSAGE][INFO] - Smart Wait Function is triggered

2021-11-23 16:44:00 - [MESSAGE][PASSED] - Web element with id: 'Object Repository/Kullanici_Islemleri/Secenekler' located by 'By.cssSelector: .nav.navbar-nav.navbar-right li a' is not present after '10' second(s)

2021-11-23 16:44:00 - [MESSAGE][PASSED] - Call Test Case 'Test Cases/Kullanici_Islemleri/KullaniciIslemlerindenSecimYapilir' successfully

2021-11-23 16:44:00 - [TEST_CASE][PASSED] - Start Test Case : SCENARIO e-Mustahsil Makbuzu Raporlari Buton Kontrolu: SCENARIO e-Mustahsil Makbuzu Raporlari Buton Kontrolu

2021-11-23 16:44:00 - [TEST_STEP][PASSED] - Kullanıcı adı ELOGO6 ve Şifre 123456 olarak giriş yapılır: Kullanıcı adı ELOGO6 ve Şifre 123456 olarak giriş yapılır

2021-11-23 16:44:00 - [MESSAGE][PASSED] - Kullanıcı adı ELOGO6 ve Şifre 123456 olarak giriş yapılır

2021-11-23 16:44:00 - [TEST_STEP][PASSED] - Ana menüden e-Makbuz seçilir: Ana menüden e-Makbuz seçilir

2021-11-23 16:44:00 - [MESSAGE][PASSED] - Ana menüden e-Makbuz seçilir

2021-11-23 16:44:00 - [TEST_STEP][PASSED] - Alt menü e-Müstahsil Uygulaması başlığı altındaki e-Müstahsil Makbuzu Raporları seçilir: Alt menü e-Müstahsil Uygulaması başlığı altındaki e-Müstahsil Makbuzu Raporları seçilir

2021-11-23 16:44:00 - [MESSAGE][PASSED] - Alt menü e-Müstahsil Uygulaması başlığı altındaki e-Müstahsil Makbuzu Raporları seçilir

2021-11-23 16:44:00 - [TEST_STEP][PASSED] - Filtrelerden Dönem Tarihi filtresine 2021 Ocak dropdowndan degeri seçilir: Filtrelerden Dönem Tarihi filtresine 2021 Ocak dropdowndan degeri seçilir

2021-11-23 16:44:00 - [MESSAGE][PASSED] - Filtrelerden Dönem Tarihi filtresine 2021 Ocak dropdowndan degeri seçilir

2021-11-23 16:44:00 - [TEST_STEP][PASSED] - Filtrelerden Bölüm Tarihi filtresine 09.01.2021 baslangic degerini yaz: Filtrelerden Bölüm Tarihi filtresine 09.01.2021 baslangic degerini yaz

2021-11-23 16:44:00 - [MESSAGE][PASSED] - Filtrelerden Bölüm Tarihi filtresine 09.01.2021 baslangic degerini yaz

2021-11-23 16:44:00 - [TEST_STEP][PASSED] - Filtrelerden Bölüm Tarihi filtresine 09.01.2021 bitis degerini yaz: Filtrelerden Bölüm Tarihi filtresine 09.01.2021 bitis degerini yaz

2021-11-23 16:44:00 - [MESSAGE][PASSED] - Filtrelerden Bölüm Tarihi filtresine 09.01.2021 bitis degerini yaz

2021-11-23 16:44:00 - [TEST_STEP][PASSED] - Filtre butonlarından Listele seçilir: Filtre butonlarından Listele seçilir

2021-11-23 16:44:00 - [MESSAGE][PASSED] - Filtre butonlarından Listele seçilir

2021-11-23 16:44:00 - [TEST_STEP][PASSED] - Tablodan 2902 isimli verinin detayı tıklanır: Tablodan 2902 isimli verinin detayı tıklanır

2021-11-23 16:44:00 - [MESSAGE][PASSED] - Tablodan 2902 isimli verinin detayı tıklanır

2021-11-23 16:44:00 - [TEST_STEP][PASSED] - Tablodan 2902 isimli verinin detayı tıklanır: Tablodan 2902 isimli verinin detayı tıklanır

2021-11-23 16:44:00 - [MESSAGE][PASSED] - Tablodan 2902 isimli verinin detayı tıklanır

2021-11-23 16:44:00 - [TEST_STEP][PASSED] - Filtre alanlarında Dönem Tarihi var mı: Filtre alanlarında Dönem Tarihi var mı

2021-11-23 16:44:00 - [MESSAGE][PASSED] - Filtre alanlarında Dönem Tarihi var mı

2021-11-23 16:44:00 - [TEST_STEP][PASSED] - Filtre alanlarında Bölüm Tarihi var mı: Filtre alanlarında Bölüm Tarihi var mı

2021-11-23 16:44:00 - [MESSAGE][PASSED] - Filtre alanlarında Bölüm Tarihi var mı

2021-11-23 16:44:00 - [TEST_STEP][PASSED] - Filtre alanlarında ETTN var mı: Filtre alanlarında ETTN var mı

2021-11-23 16:44:00 - [MESSAGE][PASSED] - Filtre alanlarında ETTN var mı

2021-11-23 16:44:00 - [TEST_STEP][PASSED] - Filtre alanlarında Rapor No var mı: Filtre alanlarında Rapor No var mı

2021-11-23 16:44:00 - [MESSAGE][PASSED] - Filtre alanlarında Rapor No var mı

2021-11-23 16:44:00 - [TEST_STEP][PASSED] - Filtre alanlarında Durum var mı: Filtre alanlarında Durum var mı

2021-11-23 16:44:00 - [MESSAGE][PASSED] - Filtre alanlarında Durum var mı

2021-11-23 16:44:00 - [TEST_STEP][PASSED] - Filtre butonlarında Filtreleri Kaydet var mı: Filtre butonlarında Filtreleri Kaydet var mı

2021-11-23 16:44:00 - [MESSAGE][PASSED] - Filtre butonlarında Filtreleri Kaydet var mı

2021-11-23 16:44:00 - [TEST_STEP][PASSED] - Filtre butonlarında Listele var mı: Filtre butonlarında Listele var mı

2021-11-23 16:44:00 - [MESSAGE][PASSED] - Filtre butonlarında Listele var mı

2021-11-23 16:44:00 - [TEST_STEP][PASSED] - Filtre butonlarında Temizle var mı: Filtre butonlarında Temizle var mı

2021-11-23 16:44:00 - [MESSAGE][PASSED] - Filtre butonlarında Temizle var mı

2021-11-23 16:44:00 - [TEST_STEP][PASSED] - Butonlardan Excel var mı: Butonlardan Excel var mı

2021-11-23 16:44:00 - [MESSAGE][PASSED] - Butonlardan Excel var mı

2021-11-23 16:44:00 - [TEST_STEP][PASSED] - Butonlardan XML var mı: Butonlardan XML var mı

2021-11-23 16:44:00 - [MESSAGE][PASSED] - Butonlardan XML var mı

2021-11-23 16:44:00 - [TEST_STEP][PASSED] - Butonlardan Rapor var mı: Butonlardan Rapor var mı

2021-11-23 16:44:00 - [MESSAGE][PASSED] - Butonlardan Rapor var mı

2021-11-23 16:44:00 - [TEST_STEP][PASSED] - Butonlardan İzleme Kayıtları var mı: Butonlardan İzleme Kayıtları var mı

2021-11-23 16:44:00 - [MESSAGE][PASSED] - Butonlardan İzleme Kayıtları var mı

2021-11-23 16:44:00 - [TEST_STEP][PASSED] - Butonlardan Excel isimli butona tıklanır: Butonlardan Excel isimli butona tıklanır

2021-11-23 16:44:00 - [MESSAGE][PASSED] - Butonlardan Excel isimli butona tıklanır

2021-11-23 16:44:00 - [TEST_STEP][PASSED] - Alt butonlardan Excel 'e Aktar var mı: Alt butonlardan Excel 'e Aktar var mı

2021-11-23 16:44:00 - [MESSAGE][PASSED] - Alt butonlardan Excel 'e Aktar var mı

2021-11-23 16:44:00 - [TEST_STEP][PASSED] - Alt butonlardan Tümünü Excel 'e Aktar var mı: Alt butonlardan Tümünü Excel 'e Aktar var mı

2021-11-23 16:44:00 - [MESSAGE][PASSED] - Alt butonlardan Tümünü Excel 'e Aktar var mı

2021-11-23 16:44:00 - [TEST_STEP][PASSED] - Kullanıcı işlemlerinden Çıkış seçilir: Kullanıcı işlemlerinden Çıkış seçilir

2021-11-23 16:44:00 - [MESSAGE][PASSED] - Kullanıcı işlemlerinden Çıkış seçilir

2021-11-23 16:44:00 - [MESSAGE][PASSED] - Feature file: 'Include/features/e-Makbuz/e-Mustahsil Uygulamasi/e-Mustahsil Makbuzu Raporlari/Ekran Kontrolu.feature' was passed

2021-11-23 16:44:00 - [TEST_STEP][PASSED] - Start listener action : sampleAfterTestSuite: Invoke 'com.kms.katalon.core.annotation.AfterTestCase' method: 'Listener.sampleAfterTestSuite(...)' completed.

2021-11-23 16:44:00 - [MESSAGE][INFO] - Starting invoke 'com.kms.katalon.core.annotation.AfterTestCase' method: 'Listener.sampleAfterTestSuite(...)'

2021-11-23 16:44:00 - [TEST_STEP][PASSED] - closeBrowser(): Invoke 'com.kms.katalon.core.annotation.AfterTestCase' method: 'Listener.sampleAfterTestSuite(...)' completed.

2021-11-23 16:44:00 - [MESSAGE][INFO] - Closing browser

2021-11-23 16:44:00 - [MESSAGE][PASSED] - Browser is closed

2021-11-23 16:44:00 - [MESSAGE][INFO] - Invoke 'com.kms.katalon.core.annotation.AfterTestCase' method: 'Listener.sampleAfterTestSuite(...)' completed.]]></system-out>
         <system-err><![CDATA[]]></system-err>
      </testcase>
      <testcase name="Test Cases/Case Repository/e-Makbuz/e-Mustahsil Uygulamasi/e-Mustahsil Makbuzu Raporlari/GIBe Gonder" time="44.289" classname="Test Cases/Case Repository/e-Makbuz/e-Mustahsil Uygulamasi/e-Mustahsil Makbuzu Raporlari/GIBe Gonder" status="PASSED">
         <system-out><![CDATA[2021-11-23 16:44:00 - [TEST_CASE][PASSED] - Test Cases/Case Repository/e-Makbuz/e-Mustahsil Uygulamasi/e-Mustahsil Makbuzu Raporlari/GIBe Gonder: Test Cases/Case Repository/e-Makbuz/e-Mustahsil Uygulamasi/e-Mustahsil Makbuzu Raporlari/GIBe Gonder

2021-11-23 16:44:00 - [TEST_STEP][PASSED] - Start listener action : sampleBeforeTestSuite: Invoke 'com.kms.katalon.core.annotation.BeforeTestCase' method: 'Listener.sampleBeforeTestSuite(...)' completed.

2021-11-23 16:44:00 - [MESSAGE][INFO] - Starting invoke 'com.kms.katalon.core.annotation.BeforeTestCase' method: 'Listener.sampleBeforeTestSuite(...)'

2021-11-23 16:44:00 - [TEST_STEP][PASSED] - openBrowser(baseUrl): Browser is opened with url: 'https://efatura-stage.elogo.com.tr/'

2021-11-23 16:44:00 - [MESSAGE][INFO] - Opening browser

2021-11-23 16:44:00 - [MESSAGE][INFO] - Starting 'Chrome' driver

2021-11-23 16:44:00 - [MESSAGE][INFO] - User set preference: ['prefs', '{download.default_directory=C:\otomasyondownfiles}']

2021-11-23 16:44:00 - [MESSAGE][INFO] - Action delay is set to 0 milliseconds

2021-11-23 16:44:02 - [MESSAGE][INFO] - Navigating browser to: 'https://efatura-stage.elogo.com.tr/'

2021-11-23 16:44:07 - [MESSAGE][PASSED] - Browser is opened with url: 'https://efatura-stage.elogo.com.tr/'

2021-11-23 16:44:07 - [TEST_STEP][PASSED] - maximizeWindow(): Invoke 'com.kms.katalon.core.annotation.BeforeTestCase' method: 'Listener.sampleBeforeTestSuite(...)' completed.

2021-11-23 16:44:07 - [MESSAGE][INFO] - Maximizing current window

2021-11-23 16:44:07 - [MESSAGE][PASSED] - Current window maximized

2021-11-23 16:44:07 - [MESSAGE][INFO] - Invoke 'com.kms.katalon.core.annotation.BeforeTestCase' method: 'Listener.sampleBeforeTestSuite(...)' completed.

2021-11-23 16:44:07 - [TEST_STEP][PASSED] - runFeatureFile("Include/features/e-Makbuz/e-Mustahsil Uygulamasi/e-Mustahsil Makbuzu Raporlari/GIBe Gonder.feature"): Feature file: 'Include/features/e-Makbuz/e-Mustahsil Uygulamasi/e-Mustahsil Makbuzu Raporlari/GIBe Gonder.feature' was passed

2021-11-23 16:44:07 - [MESSAGE][INFO] - Starting run keyword runFeatureFile: 'Include/features/e-Makbuz/e-Mustahsil Uygulamasi/e-Mustahsil Makbuzu Raporlari/GIBe Gonder.feature' and extract report to folder: 'C:\Users\DELL\Documents\GitHub\EES_KatalonLogo\Reports\20211123_163326\Suite Repository\e-Makbuz\20211123_163348/cucumber_report/1637675047696'...

2021-11-23 16:44:07 - [MESSAGE][INFO] - Glue: []

2021-11-23 16:44:10 - [MESSAGE][INFO] - Checking called Test Case

2021-11-23 16:44:10 - [MESSAGE][INFO] - Starting to call Test Case 'Test Cases/Sayfalar/Giris_Sayfasi/Login'

2021-11-23 16:44:10 - [TEST_CASE][PASSED] - Test Cases/Sayfalar/Giris_Sayfasi/Login: Test Cases/Sayfalar/Giris_Sayfasi/Login

2021-11-23 16:44:10 - [TEST_STEP][PASSED] - Sayfa_Basligi = getWindowTitle(): Current window's title is: 'LOGO e-Fatura'

2021-11-23 16:44:10 - [MESSAGE][INFO] - Getting current window's title

2021-11-23 16:44:10 - [MESSAGE][PASSED] - Current window's title is: 'LOGO e-Fatura'

2021-11-23 16:44:10 - [TEST_STEP][PASSED] - verifyMatch(Sayfa_Basligi, "LOGO e-Fatura", false): Actual text 'LOGO e-Fatura' and expected text 'LOGO e-Fatura' are matched 

2021-11-23 16:44:10 - [MESSAGE][INFO] - Matching actual text 'LOGO e-Fatura' with expected text 'LOGO e-Fatura'

2021-11-23 16:44:10 - [MESSAGE][PASSED] - Actual text 'LOGO e-Fatura' and expected text 'LOGO e-Fatura' are matched 

2021-11-23 16:44:10 - [TEST_STEP][PASSED] - sendKeys(findTestObject("Sayfalar/Giris_Sayfasi/Firma_Kodu"), KullaniciAdi): Keys 'ELOGO6' sent to object: 'Object Repository/Sayfalar/Giris_Sayfasi/Firma_Kodu'

2021-11-23 16:44:10 - [MESSAGE][INFO] - Finding Test Object 'Object Repository/Sayfalar/Giris_Sayfasi/Firma_Kodu'

2021-11-23 16:44:10 - [MESSAGE][INFO] - Sending keys 'ELOGO6' to object: 'Object Repository/Sayfalar/Giris_Sayfasi/Firma_Kodu'

2021-11-23 16:44:10 - [MESSAGE][INFO] - Finding web element from Test Object's properties

2021-11-23 16:44:10 - [MESSAGE][INFO] - Checking timeout

2021-11-23 16:44:10 - [MESSAGE][INFO] - Finding web element with id: 'Object Repository/Sayfalar/Giris_Sayfasi/Firma_Kodu' located by 'By.xpath: //*[@id = 'AccountName']' in '30' second(s)

2021-11-23 16:44:10 - [MESSAGE][INFO] - Smart Wait Function is triggered

2021-11-23 16:44:11 - [MESSAGE][INFO] - Found 1 web elements with id: 'Object Repository/Sayfalar/Giris_Sayfasi/Firma_Kodu' located by 'By.xpath: //*[@id = 'AccountName']' in '30' second(s)

2021-11-23 16:44:11 - [MESSAGE][PASSED] - Keys 'ELOGO6' sent to object: 'Object Repository/Sayfalar/Giris_Sayfasi/Firma_Kodu'

2021-11-23 16:44:11 - [TEST_STEP][PASSED] - sendKeys(findTestObject("Sayfalar/Giris_Sayfasi/Sifre"), Sifre): Keys '123456' sent to object: 'Object Repository/Sayfalar/Giris_Sayfasi/Sifre'

2021-11-23 16:44:11 - [MESSAGE][INFO] - Finding Test Object 'Object Repository/Sayfalar/Giris_Sayfasi/Sifre'

2021-11-23 16:44:11 - [MESSAGE][INFO] - Sending keys '123456' to object: 'Object Repository/Sayfalar/Giris_Sayfasi/Sifre'

2021-11-23 16:44:11 - [MESSAGE][INFO] - Finding web element from Test Object's properties

2021-11-23 16:44:11 - [MESSAGE][INFO] - Checking timeout

2021-11-23 16:44:11 - [MESSAGE][INFO] - Finding web element with id: 'Object Repository/Sayfalar/Giris_Sayfasi/Sifre' located by 'By.xpath: //*[@id = 'Password']' in '30' second(s)

2021-11-23 16:44:11 - [MESSAGE][INFO] - Smart Wait Function is triggered

2021-11-23 16:44:11 - [MESSAGE][INFO] - Found 1 web elements with id: 'Object Repository/Sayfalar/Giris_Sayfasi/Sifre' located by 'By.xpath: //*[@id = 'Password']' in '30' second(s)

2021-11-23 16:44:11 - [MESSAGE][PASSED] - Keys '123456' sent to object: 'Object Repository/Sayfalar/Giris_Sayfasi/Sifre'

2021-11-23 16:44:11 - [TEST_STEP][PASSED] - findWebElement(findTestObject("Sayfalar/Giris_Sayfasi/Giris_Butonu")).click(): Found 1 web elements with id: 'Object Repository/Sayfalar/Giris_Sayfasi/Giris_Butonu' located by 'By.cssSelector: #btnLogin' in '30' second(s)

2021-11-23 16:44:11 - [MESSAGE][INFO] - Finding Test Object 'Object Repository/Sayfalar/Giris_Sayfasi/Giris_Butonu'

2021-11-23 16:44:11 - [MESSAGE][INFO] - Finding web element from Test Object's properties

2021-11-23 16:44:11 - [MESSAGE][INFO] - Checking timeout

2021-11-23 16:44:11 - [MESSAGE][INFO] - Finding web element with id: 'Object Repository/Sayfalar/Giris_Sayfasi/Giris_Butonu' located by 'By.cssSelector: #btnLogin' in '30' second(s)

2021-11-23 16:44:11 - [MESSAGE][INFO] - Smart Wait Function is triggered

2021-11-23 16:44:12 - [MESSAGE][INFO] - Found 1 web elements with id: 'Object Repository/Sayfalar/Giris_Sayfasi/Giris_Butonu' located by 'By.cssSelector: #btnLogin' in '30' second(s)

2021-11-23 16:44:15 - [TEST_STEP][PASSED] - if (verifyElementPresent(findTestObject("Object Repository/Sayfalar/Giris_Sayfasi/RetveTamam_Butonu"), 5, OPTIONAL)): null

2021-11-23 16:44:15 - [MESSAGE][INFO] - Finding Test Object 'Object Repository/Sayfalar/Giris_Sayfasi/RetveTamam_Butonu'

2021-11-23 16:44:15 - [MESSAGE][INFO] - Checking object

2021-11-23 16:44:15 - [MESSAGE][INFO] - Finding web element from Test Object's properties

2021-11-23 16:44:15 - [MESSAGE][INFO] - Checking timeout

2021-11-23 16:44:15 - [MESSAGE][INFO] - Finding web element with id: 'Object Repository/Sayfalar/Giris_Sayfasi/RetveTamam_Butonu' located by 'By.xpath: //*[@class = 'btn btn-default']' in '5' second(s)

2021-11-23 16:44:15 - [MESSAGE][INFO] - Smart Wait Function is triggered

2021-11-23 16:44:15 - [MESSAGE][INFO] - Found 1 web elements with id: 'Object Repository/Sayfalar/Giris_Sayfasi/RetveTamam_Butonu' located by 'By.xpath: //*[@class = 'btn btn-default']' in '5' second(s)

2021-11-23 16:44:15 - [MESSAGE][PASSED] - Object 'Object Repository/Sayfalar/Giris_Sayfasi/RetveTamam_Butonu' is present

2021-11-23 16:44:15 - [TEST_STEP][PASSED] - click(findTestObject("Object Repository/Sayfalar/Giris_Sayfasi/RetveTamam_Butonu")): Object: 'Object Repository/Sayfalar/Giris_Sayfasi/RetveTamam_Butonu' is clicked on

2021-11-23 16:44:15 - [MESSAGE][INFO] - Finding Test Object 'Object Repository/Sayfalar/Giris_Sayfasi/RetveTamam_Butonu'

2021-11-23 16:44:15 - [MESSAGE][INFO] - Checking object

2021-11-23 16:44:15 - [MESSAGE][INFO] - Finding web element from Test Object's properties

2021-11-23 16:44:15 - [MESSAGE][INFO] - Checking timeout

2021-11-23 16:44:15 - [MESSAGE][INFO] - Finding web element with id: 'Object Repository/Sayfalar/Giris_Sayfasi/RetveTamam_Butonu' located by 'By.xpath: //*[@class = 'btn btn-default']' in '30' second(s)

2021-11-23 16:44:15 - [MESSAGE][INFO] - Smart Wait Function is triggered

2021-11-23 16:44:15 - [MESSAGE][INFO] - Found 1 web elements with id: 'Object Repository/Sayfalar/Giris_Sayfasi/RetveTamam_Butonu' located by 'By.xpath: //*[@class = 'btn btn-default']' in '30' second(s)

2021-11-23 16:44:15 - [MESSAGE][INFO] - Clicking on object: 'Object Repository/Sayfalar/Giris_Sayfasi/RetveTamam_Butonu'

2021-11-23 16:44:15 - [MESSAGE][PASSED] - Object: 'Object Repository/Sayfalar/Giris_Sayfasi/RetveTamam_Butonu' is clicked on

2021-11-23 16:44:15 - [TEST_STEP][PASSED] - click(findTestObject("Object Repository/Sayfalar/Giris_Sayfasi/RetveTamam_Butonu")): Object: 'Object Repository/Sayfalar/Giris_Sayfasi/RetveTamam_Butonu' is clicked on

2021-11-23 16:44:15 - [MESSAGE][INFO] - Finding Test Object 'Object Repository/Sayfalar/Giris_Sayfasi/RetveTamam_Butonu'

2021-11-23 16:44:16 - [MESSAGE][INFO] - Checking object

2021-11-23 16:44:16 - [MESSAGE][INFO] - Finding web element from Test Object's properties

2021-11-23 16:44:16 - [MESSAGE][INFO] - Checking timeout

2021-11-23 16:44:16 - [MESSAGE][INFO] - Finding web element with id: 'Object Repository/Sayfalar/Giris_Sayfasi/RetveTamam_Butonu' located by 'By.xpath: //*[@class = 'btn btn-default']' in '30' second(s)

2021-11-23 16:44:16 - [MESSAGE][INFO] - Smart Wait Function is triggered

2021-11-23 16:44:19 - [MESSAGE][INFO] - Found 1 web elements with id: 'Object Repository/Sayfalar/Giris_Sayfasi/RetveTamam_Butonu' located by 'By.xpath: //*[@class = 'btn btn-default']' in '30' second(s)

2021-11-23 16:44:19 - [MESSAGE][INFO] - Clicking on object: 'Object Repository/Sayfalar/Giris_Sayfasi/RetveTamam_Butonu'

2021-11-23 16:44:19 - [MESSAGE][PASSED] - Object: 'Object Repository/Sayfalar/Giris_Sayfasi/RetveTamam_Butonu' is clicked on

2021-11-23 16:44:19 - [TEST_STEP][PASSED] - if (verifyElementPresent(findTestObject("Sayfalar/Giris_Sayfasi/PopupOK"), 5, OPTIONAL)): null

2021-11-23 16:44:19 - [MESSAGE][INFO] - Finding Test Object 'Object Repository/Sayfalar/Giris_Sayfasi/PopupOK'

2021-11-23 16:44:19 - [MESSAGE][INFO] - Checking object

2021-11-23 16:44:19 - [MESSAGE][INFO] - Finding web element from Test Object's properties

2021-11-23 16:44:19 - [MESSAGE][INFO] - Checking timeout

2021-11-23 16:44:19 - [MESSAGE][INFO] - Finding web element with id: 'Object Repository/Sayfalar/Giris_Sayfasi/PopupOK' located by 'By.cssSelector: .btn.btn-success' in '5' second(s)

2021-11-23 16:44:19 - [MESSAGE][INFO] - Smart Wait Function is triggered

2021-11-23 16:44:19 - [MESSAGE][INFO] - Found 1 web elements with id: 'Object Repository/Sayfalar/Giris_Sayfasi/PopupOK' located by 'By.cssSelector: .btn.btn-success' in '5' second(s)

2021-11-23 16:44:19 - [MESSAGE][PASSED] - Object 'Object Repository/Sayfalar/Giris_Sayfasi/PopupOK' is present

2021-11-23 16:44:19 - [TEST_STEP][PASSED] - click(findTestObject("Object Repository/Sayfalar/Giris_Sayfasi/PopupCarpiGiris")): Object: 'Object Repository/Sayfalar/Giris_Sayfasi/PopupCarpiGiris' is clicked on

2021-11-23 16:44:19 - [MESSAGE][INFO] - Finding Test Object 'Object Repository/Sayfalar/Giris_Sayfasi/PopupCarpiGiris'

2021-11-23 16:44:19 - [MESSAGE][INFO] - Checking object

2021-11-23 16:44:19 - [MESSAGE][INFO] - Finding web element from Test Object's properties

2021-11-23 16:44:19 - [MESSAGE][INFO] - Checking timeout

2021-11-23 16:44:19 - [MESSAGE][INFO] - Finding web element with id: 'Object Repository/Sayfalar/Giris_Sayfasi/PopupCarpiGiris' located by 'By.cssSelector: .bootbox-close-button.close' in '30' second(s)

2021-11-23 16:44:19 - [MESSAGE][INFO] - Smart Wait Function is triggered

2021-11-23 16:44:20 - [MESSAGE][INFO] - Found 1 web elements with id: 'Object Repository/Sayfalar/Giris_Sayfasi/PopupCarpiGiris' located by 'By.cssSelector: .bootbox-close-button.close' in '30' second(s)

2021-11-23 16:44:20 - [MESSAGE][INFO] - Clicking on object: 'Object Repository/Sayfalar/Giris_Sayfasi/PopupCarpiGiris'

2021-11-23 16:44:20 - [MESSAGE][PASSED] - Object: 'Object Repository/Sayfalar/Giris_Sayfasi/PopupCarpiGiris' is clicked on

2021-11-23 16:44:20 - [TEST_STEP][PASSED] - verifyElementVisible(findTestObject("Object Repository/Kullanici_Islemleri/KullaniciIslemleri")): Object 'Object Repository/Kullanici_Islemleri/KullaniciIslemleri' is visible

2021-11-23 16:44:20 - [MESSAGE][INFO] - Finding Test Object 'Object Repository/Kullanici_Islemleri/KullaniciIslemleri'

2021-11-23 16:44:20 - [MESSAGE][INFO] - Checking object

2021-11-23 16:44:20 - [MESSAGE][INFO] - Finding web element from Test Object's properties

2021-11-23 16:44:20 - [MESSAGE][INFO] - Checking timeout

2021-11-23 16:44:20 - [MESSAGE][INFO] - Finding web element with id: 'Object Repository/Kullanici_Islemleri/KullaniciIslemleri' located by 'By.cssSelector: .dropdown>a>img' in '30' second(s)

2021-11-23 16:44:20 - [MESSAGE][INFO] - Smart Wait Function is triggered

2021-11-23 16:44:21 - [MESSAGE][INFO] - Found 1 web elements with id: 'Object Repository/Kullanici_Islemleri/KullaniciIslemleri' located by 'By.cssSelector: .dropdown>a>img' in '30' second(s)

2021-11-23 16:44:21 - [MESSAGE][PASSED] - Object 'Object Repository/Kullanici_Islemleri/KullaniciIslemleri' is visible

2021-11-23 16:44:21 - [MESSAGE][PASSED] - Call Test Case 'Test Cases/Sayfalar/Giris_Sayfasi/Login' successfully

2021-11-23 16:44:21 - [MESSAGE][INFO] - Checking called Test Case

2021-11-23 16:44:21 - [MESSAGE][INFO] - Starting to call Test Case 'Test Cases/Menu/AnaMenuSecimi'

2021-11-23 16:44:21 - [TEST_CASE][PASSED] - Test Cases/Menu/AnaMenuSecimi: Test Cases/Menu/AnaMenuSecimi

2021-11-23 16:44:21 - [TEST_STEP][PASSED] - Method.TextDegerineEsitElementeTikla(findTestObject("Menu/Ana_Menu"), Ana_Menu): Method.TextDegerineEsitElementeTikla is PASSED

2021-11-23 16:44:21 - [MESSAGE][INFO] - Finding Test Object 'Object Repository/Menu/Ana_Menu'

2021-11-23 16:44:21 - [MESSAGE][INFO] - Checking timeout

2021-11-23 16:44:21 - [MESSAGE][INFO] - Finding web element with id: 'Object Repository/Menu/Ana_Menu' located by 'By.xpath: //*[@class = 'dropdown-toggle']' in '10' second(s)

2021-11-23 16:44:21 - [MESSAGE][INFO] - Smart Wait Function is triggered

2021-11-23 16:44:21 - [MESSAGE][INFO] - Found 14 web elements with id: 'Object Repository/Menu/Ana_Menu' located by 'By.xpath: //*[@class = 'dropdown-toggle']' in '10' second(s)

2021-11-23 16:44:21 - [MESSAGE][PASSED] - Method.TextDegerineEsitElementeTikla is PASSED

2021-11-23 16:44:21 - [MESSAGE][PASSED] - Call Test Case 'Test Cases/Menu/AnaMenuSecimi' successfully

2021-11-23 16:44:21 - [MESSAGE][INFO] - Checking called Test Case

2021-11-23 16:44:21 - [MESSAGE][INFO] - Starting to call Test Case 'Test Cases/Menu/BasligaGoreAltMenuSecimi'

2021-11-23 16:44:21 - [TEST_CASE][PASSED] - Test Cases/Menu/BasligaGoreAltMenuSecimi: Test Cases/Menu/BasligaGoreAltMenuSecimi

2021-11-23 16:44:21 - [TEST_STEP][PASSED] - Method.TextDegerineEsitElementinAltindakiTextDegerineEsitOlanaTikla(findTestObject("Menu/Menu_Basligi"), findTestObject("Menu/Basliga_Gore_Alt_Menu"), Baslik, Alt_Menu): Method.TextDegerineEsitElementinAltindakiTextDegerineEsitOlanaTikla is PASSED

2021-11-23 16:44:21 - [MESSAGE][INFO] - Finding Test Object 'Object Repository/Menu/Menu_Basligi'

2021-11-23 16:44:21 - [MESSAGE][INFO] - Finding Test Object 'Object Repository/Menu/Basliga_Gore_Alt_Menu'

2021-11-23 16:44:22 - [MESSAGE][INFO] - Checking timeout

2021-11-23 16:44:22 - [MESSAGE][INFO] - Finding web element with id: 'Object Repository/Menu/Menu_Basligi' located by 'By.xpath: //li[@class='dropdown dropdown-large open']//li[@class='dropdown-header']' in '10' second(s)

2021-11-23 16:44:22 - [MESSAGE][INFO] - Smart Wait Function is triggered

2021-11-23 16:44:22 - [MESSAGE][INFO] - Found 2 web elements with id: 'Object Repository/Menu/Menu_Basligi' located by 'By.xpath: //li[@class='dropdown dropdown-large open']//li[@class='dropdown-header']' in '10' second(s)

2021-11-23 16:44:22 - [MESSAGE][INFO] - Smart Wait Function is triggered

2021-11-23 16:44:24 - [MESSAGE][PASSED] - Method.TextDegerineEsitElementinAltindakiTextDegerineEsitOlanaTikla is PASSED

2021-11-23 16:44:24 - [MESSAGE][PASSED] - Call Test Case 'Test Cases/Menu/BasligaGoreAltMenuSecimi' successfully

2021-11-23 16:44:24 - [MESSAGE][INFO] - Checking called Test Case

2021-11-23 16:44:24 - [MESSAGE][INFO] - Starting to call Test Case 'Test Cases/Filtreler/DropdownSec'

2021-11-23 16:44:24 - [TEST_CASE][PASSED] - Test Cases/Filtreler/DropdownSec: Test Cases/Filtreler/DropdownSec

2021-11-23 16:44:24 - [TEST_STEP][PASSED] - Method.TextDegerineEsitElementinAltindakineTikla(findTestObject("Filtreler/Basliklar"), findTestObject("Filtreler/Basliga_Gore_Baslangic_Image"), Filtre_Adi): Method.TextDegerineEsitElementinAltindakineTikla is PASSED

2021-11-23 16:44:24 - [MESSAGE][INFO] - Finding Test Object 'Object Repository/Filtreler/Basliklar'

2021-11-23 16:44:24 - [MESSAGE][INFO] - Finding Test Object 'Object Repository/Filtreler/Basliga_Gore_Baslangic_Image'

2021-11-23 16:44:24 - [MESSAGE][INFO] - Checking timeout

2021-11-23 16:44:24 - [MESSAGE][INFO] - Finding web element with id: 'Object Repository/Filtreler/Basliklar' located by 'By.cssSelector: .control-label.col-sm-4.paddingMarginRLC' in '10' second(s)

2021-11-23 16:44:24 - [MESSAGE][INFO] - Smart Wait Function is triggered

2021-11-23 16:44:25 - [MESSAGE][INFO] - Found 5 web elements with id: 'Object Repository/Filtreler/Basliklar' located by 'By.cssSelector: .control-label.col-sm-4.paddingMarginRLC' in '10' second(s)

2021-11-23 16:44:25 - [MESSAGE][INFO] - Smart Wait Function is triggered

2021-11-23 16:44:25 - [MESSAGE][PASSED] - Method.TextDegerineEsitElementinAltindakineTikla is PASSED

2021-11-23 16:44:25 - [TEST_STEP][PASSED] - Method.TextDegerineEsitElementeTikla(findTestObject("Object Repository/Filtreler/Basliga_Gore_Dropdown"), Filtre_Degeri): Method.TextDegerineEsitElementeTikla is PASSED

2021-11-23 16:44:25 - [MESSAGE][INFO] - Finding Test Object 'Object Repository/Filtreler/Basliga_Gore_Dropdown'

2021-11-23 16:44:25 - [MESSAGE][INFO] - Checking timeout

2021-11-23 16:44:25 - [MESSAGE][INFO] - Finding web element with id: 'Object Repository/Filtreler/Basliga_Gore_Dropdown' located by 'By.xpath: //*[@class = 'dxeListBoxItemRow_LECustomTheme']' in '10' second(s)

2021-11-23 16:44:25 - [MESSAGE][INFO] - Smart Wait Function is triggered

2021-11-23 16:44:26 - [MESSAGE][INFO] - Found 59 web elements with id: 'Object Repository/Filtreler/Basliga_Gore_Dropdown' located by 'By.xpath: //*[@class = 'dxeListBoxItemRow_LECustomTheme']' in '10' second(s)

2021-11-23 16:44:26 - [MESSAGE][PASSED] - Method.TextDegerineEsitElementeTikla is PASSED

2021-11-23 16:44:26 - [MESSAGE][PASSED] - Call Test Case 'Test Cases/Filtreler/DropdownSec' successfully

2021-11-23 16:44:26 - [MESSAGE][INFO] - Checking called Test Case

2021-11-23 16:44:26 - [MESSAGE][INFO] - Starting to call Test Case 'Test Cases/Filtreler/BaslangicYaz'

2021-11-23 16:44:26 - [TEST_CASE][PASSED] - Test Cases/Filtreler/BaslangicYaz: Test Cases/Filtreler/BaslangicYaz

2021-11-23 16:44:26 - [TEST_STEP][PASSED] - delay(3): Delayed 3 second(s)

2021-11-23 16:44:26 - [MESSAGE][INFO] - Delaying browser in 3 second(s)

2021-11-23 16:44:29 - [MESSAGE][PASSED] - Delayed 3 second(s)

2021-11-23 16:44:29 - [TEST_STEP][PASSED] - Method.TextDegerineEsitElementinAltindakineTikla(findTestObject("Filtreler/Basliklar"), findTestObject("Filtreler/Basliga_Gore_Baslangic_Image"), Filtre_Adi): Method.TextDegerineEsitElementinAltindakineTikla is PASSED

2021-11-23 16:44:29 - [MESSAGE][INFO] - Finding Test Object 'Object Repository/Filtreler/Basliklar'

2021-11-23 16:44:29 - [MESSAGE][INFO] - Finding Test Object 'Object Repository/Filtreler/Basliga_Gore_Baslangic_Image'

2021-11-23 16:44:29 - [MESSAGE][INFO] - Checking timeout

2021-11-23 16:44:29 - [MESSAGE][INFO] - Finding web element with id: 'Object Repository/Filtreler/Basliklar' located by 'By.cssSelector: .control-label.col-sm-4.paddingMarginRLC' in '10' second(s)

2021-11-23 16:44:29 - [MESSAGE][INFO] - Smart Wait Function is triggered

2021-11-23 16:44:30 - [MESSAGE][INFO] - Found 5 web elements with id: 'Object Repository/Filtreler/Basliklar' located by 'By.cssSelector: .control-label.col-sm-4.paddingMarginRLC' in '10' second(s)

2021-11-23 16:44:30 - [MESSAGE][INFO] - Smart Wait Function is triggered

2021-11-23 16:44:30 - [MESSAGE][PASSED] - Method.TextDegerineEsitElementinAltindakineTikla is PASSED

2021-11-23 16:44:30 - [TEST_STEP][PASSED] - Method.TextDegerineEsitElementinAltindakiTextboxtaYaz(findTestObject("Filtreler/Basliklar"), findTestObject("Filtreler/Basliga_Gore_Baslangic"), Filtre_Adi, Filtre_Degeri): Method.TextDegerineEsitElementinAltindakiTextboxtaYaz is PASSED

2021-11-23 16:44:30 - [MESSAGE][INFO] - Finding Test Object 'Object Repository/Filtreler/Basliklar'

2021-11-23 16:44:30 - [MESSAGE][INFO] - Finding Test Object 'Object Repository/Filtreler/Basliga_Gore_Baslangic'

2021-11-23 16:44:30 - [MESSAGE][INFO] - Checking timeout

2021-11-23 16:44:30 - [MESSAGE][INFO] - Finding web element with id: 'Object Repository/Filtreler/Basliklar' located by 'By.cssSelector: .control-label.col-sm-4.paddingMarginRLC' in '10' second(s)

2021-11-23 16:44:30 - [MESSAGE][INFO] - Smart Wait Function is triggered

2021-11-23 16:44:30 - [MESSAGE][INFO] - Found 5 web elements with id: 'Object Repository/Filtreler/Basliklar' located by 'By.cssSelector: .control-label.col-sm-4.paddingMarginRLC' in '10' second(s)

2021-11-23 16:44:31 - [MESSAGE][INFO] - Smart Wait Function is triggered

2021-11-23 16:44:31 - [MESSAGE][PASSED] - Method.TextDegerineEsitElementinAltindakiTextboxtaYaz is PASSED

2021-11-23 16:44:31 - [MESSAGE][PASSED] - Call Test Case 'Test Cases/Filtreler/BaslangicYaz' successfully

2021-11-23 16:44:31 - [MESSAGE][INFO] - Checking called Test Case

2021-11-23 16:44:31 - [MESSAGE][INFO] - Starting to call Test Case 'Test Cases/Filtreler/BitisYaz'

2021-11-23 16:44:31 - [TEST_CASE][PASSED] - Test Cases/Filtreler/BitisYaz: Test Cases/Filtreler/BitisYaz

2021-11-23 16:44:31 - [TEST_STEP][PASSED] - Method.TextDegerineEsitElementinAltindakineTikla(findTestObject("Filtreler/Basliklar"), findTestObject("Filtreler/Basliga_Gore_Bitis_Image"), Filtre_Adi): Method.TextDegerineEsitElementinAltindakineTikla is PASSED

2021-11-23 16:44:31 - [MESSAGE][INFO] - Finding Test Object 'Object Repository/Filtreler/Basliklar'

2021-11-23 16:44:31 - [MESSAGE][INFO] - Finding Test Object 'Object Repository/Filtreler/Basliga_Gore_Bitis_Image'

2021-11-23 16:44:31 - [MESSAGE][INFO] - Checking timeout

2021-11-23 16:44:31 - [MESSAGE][INFO] - Finding web element with id: 'Object Repository/Filtreler/Basliklar' located by 'By.cssSelector: .control-label.col-sm-4.paddingMarginRLC' in '10' second(s)

2021-11-23 16:44:31 - [MESSAGE][INFO] - Smart Wait Function is triggered

2021-11-23 16:44:32 - [MESSAGE][INFO] - Found 5 web elements with id: 'Object Repository/Filtreler/Basliklar' located by 'By.cssSelector: .control-label.col-sm-4.paddingMarginRLC' in '10' second(s)

2021-11-23 16:44:32 - [MESSAGE][INFO] - Smart Wait Function is triggered

2021-11-23 16:44:32 - [MESSAGE][PASSED] - Method.TextDegerineEsitElementinAltindakineTikla is PASSED

2021-11-23 16:44:32 - [TEST_STEP][PASSED] - Method.TextDegerineEsitElementinAltindakiTextboxtaYaz(findTestObject("Filtreler/Basliklar"), findTestObject("Object Repository/Filtreler/Basliga_Gore_Bitis"), Filtre_Adi, Filtre_Degeri): Method.TextDegerineEsitElementinAltindakiTextboxtaYaz is PASSED

2021-11-23 16:44:32 - [MESSAGE][INFO] - Finding Test Object 'Object Repository/Filtreler/Basliklar'

2021-11-23 16:44:32 - [MESSAGE][INFO] - Finding Test Object 'Object Repository/Filtreler/Basliga_Gore_Bitis'

2021-11-23 16:44:32 - [MESSAGE][INFO] - Checking timeout

2021-11-23 16:44:32 - [MESSAGE][INFO] - Finding web element with id: 'Object Repository/Filtreler/Basliklar' located by 'By.cssSelector: .control-label.col-sm-4.paddingMarginRLC' in '10' second(s)

2021-11-23 16:44:32 - [MESSAGE][INFO] - Smart Wait Function is triggered

2021-11-23 16:44:33 - [MESSAGE][INFO] - Found 5 web elements with id: 'Object Repository/Filtreler/Basliklar' located by 'By.cssSelector: .control-label.col-sm-4.paddingMarginRLC' in '10' second(s)

2021-11-23 16:44:33 - [MESSAGE][INFO] - Smart Wait Function is triggered

2021-11-23 16:44:33 - [MESSAGE][PASSED] - Method.TextDegerineEsitElementinAltindakiTextboxtaYaz is PASSED

2021-11-23 16:44:33 - [MESSAGE][PASSED] - Call Test Case 'Test Cases/Filtreler/BitisYaz' successfully

2021-11-23 16:44:33 - [MESSAGE][INFO] - Checking called Test Case

2021-11-23 16:44:33 - [MESSAGE][INFO] - Starting to call Test Case 'Test Cases/Filtreler/ButonaTikla'

2021-11-23 16:44:33 - [TEST_CASE][PASSED] - Test Cases/Filtreler/ButonaTikla: Test Cases/Filtreler/ButonaTikla

2021-11-23 16:44:33 - [TEST_STEP][PASSED] - Method.TextDegerineEsitElementeTikla(findTestObject("Filtreler/Butonlar"), Filtre_Buton): Method.TextDegerineEsitElementeTikla is PASSED

2021-11-23 16:44:33 - [MESSAGE][INFO] - Finding Test Object 'Object Repository/Filtreler/Butonlar'

2021-11-23 16:44:33 - [MESSAGE][INFO] - Checking timeout

2021-11-23 16:44:33 - [MESSAGE][INFO] - Finding web element with id: 'Object Repository/Filtreler/Butonlar' located by 'By.cssSelector: .dxb>span' in '10' second(s)

2021-11-23 16:44:33 - [MESSAGE][INFO] - Smart Wait Function is triggered

2021-11-23 16:44:33 - [MESSAGE][INFO] - Found 3 web elements with id: 'Object Repository/Filtreler/Butonlar' located by 'By.cssSelector: .dxb>span' in '10' second(s)

2021-11-23 16:44:34 - [MESSAGE][PASSED] - Method.TextDegerineEsitElementeTikla is PASSED

2021-11-23 16:44:34 - [MESSAGE][PASSED] - Call Test Case 'Test Cases/Filtreler/ButonaTikla' successfully

2021-11-23 16:44:34 - [MESSAGE][INFO] - Checking called Test Case

2021-11-23 16:44:34 - [MESSAGE][INFO] - Starting to call Test Case 'Test Cases/Tablo/TablodaVeriVarMi'

2021-11-23 16:44:34 - [TEST_CASE][PASSED] - Test Cases/Tablo/TablodaVeriVarMi: Test Cases/Tablo/TablodaVeriVarMi

2021-11-23 16:44:34 - [TEST_STEP][PASSED] - verifyTextNotPresent("Görüntülenecek veri yok", true): Text 'Görüntülenecek veri yok' is not present on page using regular expression

2021-11-23 16:44:34 - [MESSAGE][INFO] - Checking text present  using regular expression

2021-11-23 16:44:34 - [MESSAGE][INFO] - Smart Wait Function is triggered

2021-11-23 16:44:35 - [MESSAGE][INFO] - Finding text 'Görüntülenecek veri yok' on page  using regular expression

2021-11-23 16:44:35 - [MESSAGE][PASSED] - Text 'Görüntülenecek veri yok' is not present on page using regular expression

2021-11-23 16:44:35 - [MESSAGE][PASSED] - Call Test Case 'Test Cases/Tablo/TablodaVeriVarMi' successfully

2021-11-23 16:44:35 - [MESSAGE][INFO] - Checking called Test Case

2021-11-23 16:44:35 - [MESSAGE][INFO] - Starting to call Test Case 'Test Cases/Tablo/TablodanVeriSec'

2021-11-23 16:44:35 - [TEST_CASE][PASSED] - Test Cases/Tablo/TablodanVeriSec: Test Cases/Tablo/TablodanVeriSec

2021-11-23 16:44:35 - [TEST_STEP][PASSED] - Method.TextDegerineEsitElementinAltindakineTikla(findTestObject("Tablo/Veriler"), findTestObject("Tablo/VerininCheckBoxi"), Veri_Adi): Method.TextDegerineEsitElementinAltindakineTikla is PASSED

2021-11-23 16:44:35 - [MESSAGE][INFO] - Finding Test Object 'Object Repository/Tablo/Veriler'

2021-11-23 16:44:35 - [MESSAGE][INFO] - Finding Test Object 'Object Repository/Tablo/VerininCheckBoxi'

2021-11-23 16:44:35 - [MESSAGE][INFO] - Checking timeout

2021-11-23 16:44:35 - [MESSAGE][INFO] - Finding web element with id: 'Object Repository/Tablo/Veriler' located by 'By.cssSelector: td.dxgv b ,td.dxgv' in '10' second(s)

2021-11-23 16:44:35 - [MESSAGE][INFO] - Smart Wait Function is triggered

2021-11-23 16:44:35 - [MESSAGE][INFO] - Found 130 web elements with id: 'Object Repository/Tablo/Veriler' located by 'By.cssSelector: td.dxgv b ,td.dxgv' in '10' second(s)

2021-11-23 16:44:36 - [MESSAGE][INFO] - Smart Wait Function is triggered

2021-11-23 16:44:37 - [MESSAGE][PASSED] - Method.TextDegerineEsitElementinAltindakineTikla is PASSED

2021-11-23 16:44:37 - [MESSAGE][PASSED] - Call Test Case 'Test Cases/Tablo/TablodanVeriSec' successfully

2021-11-23 16:44:37 - [MESSAGE][INFO] - Checking called Test Case

2021-11-23 16:44:37 - [MESSAGE][INFO] - Starting to call Test Case 'Test Cases/Butonlar/ButonaTikla'

2021-11-23 16:44:37 - [TEST_CASE][PASSED] - Test Cases/Butonlar/ButonaTikla: Test Cases/Butonlar/ButonaTikla

2021-11-23 16:44:37 - [TEST_STEP][PASSED] - Method.TextDegerineEsitElementeTiklaEquals(findTestObject("Butonlar/Butonlar"), Buton_Adi): Method.TextDegerineEsitElementeTiklaEquals is PASSED

2021-11-23 16:44:37 - [MESSAGE][INFO] - Finding Test Object 'Object Repository/Butonlar/Butonlar'

2021-11-23 16:44:37 - [MESSAGE][INFO] - Checking timeout

2021-11-23 16:44:37 - [MESSAGE][INFO] - Finding web element with id: 'Object Repository/Butonlar/Butonlar' located by 'By.cssSelector: .panel.panel-default.text-center.footerPanel .btn,.btn.btn-primary.btnControls' in '10' second(s)

2021-11-23 16:44:37 - [MESSAGE][INFO] - Smart Wait Function is triggered

2021-11-23 16:44:37 - [MESSAGE][INFO] - Found 6 web elements with id: 'Object Repository/Butonlar/Butonlar' located by 'By.cssSelector: .panel.panel-default.text-center.footerPanel .btn,.btn.btn-primary.btnControls' in '10' second(s)

2021-11-23 16:44:37 - [MESSAGE][PASSED] - Method.TextDegerineEsitElementeTiklaEquals is PASSED

2021-11-23 16:44:37 - [MESSAGE][PASSED] - Call Test Case 'Test Cases/Butonlar/ButonaTikla' successfully

2021-11-23 16:44:37 - [MESSAGE][INFO] - Checking called Test Case

2021-11-23 16:44:37 - [MESSAGE][INFO] - Starting to call Test Case 'Test Cases/Popup/PopupMesajiIceriyorMu'

2021-11-23 16:44:38 - [TEST_CASE][PASSED] - Test Cases/Popup/PopupMesajiIceriyorMu: Test Cases/Popup/PopupMesajiIceriyorMu

2021-11-23 16:44:38 - [TEST_STEP][PASSED] - waitForElementVisible(findTestObject("Popup/Popup"), 10): Object 'Object Repository/Popup/Popup' is visible

2021-11-23 16:44:38 - [MESSAGE][INFO] - Finding Test Object 'Object Repository/Popup/Popup'

2021-11-23 16:44:38 - [MESSAGE][INFO] - Checking object

2021-11-23 16:44:38 - [MESSAGE][INFO] - Checking timeout

2021-11-23 16:44:38 - [MESSAGE][INFO] - Finding web element from Test Object's properties

2021-11-23 16:44:38 - [MESSAGE][INFO] - Checking timeout

2021-11-23 16:44:38 - [MESSAGE][INFO] - Finding web element with id: 'Object Repository/Popup/Popup' located by 'By.cssSelector: .bootbox-body' in '10' second(s)

2021-11-23 16:44:38 - [MESSAGE][INFO] - Smart Wait Function is triggered

2021-11-23 16:44:39 - [MESSAGE][INFO] - Found 1 web elements with id: 'Object Repository/Popup/Popup' located by 'By.cssSelector: .bootbox-body' in '10' second(s)

2021-11-23 16:44:39 - [MESSAGE][PASSED] - Object 'Object Repository/Popup/Popup' is visible

2021-11-23 16:44:39 - [TEST_STEP][PASSED] - if (!(getText(findTestObject("Popup/Popup")).contains(Mesaj))): Text of object 'Object Repository/Popup/Popup' is: 'Seçtiğiniz kayıtlardan 1 adedi GİB'e göndermek için uygun değildir.'

2021-11-23 16:44:39 - [MESSAGE][INFO] - Finding Test Object 'Object Repository/Popup/Popup'

2021-11-23 16:44:39 - [MESSAGE][INFO] - Checking object

2021-11-23 16:44:39 - [MESSAGE][INFO] - Finding web element from Test Object's properties

2021-11-23 16:44:39 - [MESSAGE][INFO] - Checking timeout

2021-11-23 16:44:39 - [MESSAGE][INFO] - Finding web element with id: 'Object Repository/Popup/Popup' located by 'By.cssSelector: .bootbox-body' in '30' second(s)

2021-11-23 16:44:39 - [MESSAGE][INFO] - Smart Wait Function is triggered

2021-11-23 16:44:39 - [MESSAGE][INFO] - Found 1 web elements with id: 'Object Repository/Popup/Popup' located by 'By.cssSelector: .bootbox-body' in '30' second(s)

2021-11-23 16:44:39 - [MESSAGE][INFO] - Getting text of object 'Object Repository/Popup/Popup'

2021-11-23 16:44:39 - [MESSAGE][PASSED] - Text of object 'Object Repository/Popup/Popup' is: 'Seçtiğiniz kayıtlardan 1 adedi GİB'e göndermek için uygun değildir.'

2021-11-23 16:44:39 - [TEST_STEP][PASSED] - RaporNo = getText(findTestObject("Popup/Popup")).substring(0, 6): Text of object 'Object Repository/Popup/Popup' is: 'Seçtiğiniz kayıtlardan 1 adedi GİB'e göndermek için uygun değildir.'

2021-11-23 16:44:39 - [MESSAGE][INFO] - Finding Test Object 'Object Repository/Popup/Popup'

2021-11-23 16:44:39 - [MESSAGE][INFO] - Checking object

2021-11-23 16:44:39 - [MESSAGE][INFO] - Finding web element from Test Object's properties

2021-11-23 16:44:39 - [MESSAGE][INFO] - Checking timeout

2021-11-23 16:44:39 - [MESSAGE][INFO] - Finding web element with id: 'Object Repository/Popup/Popup' located by 'By.cssSelector: .bootbox-body' in '30' second(s)

2021-11-23 16:44:39 - [MESSAGE][INFO] - Smart Wait Function is triggered

2021-11-23 16:44:39 - [MESSAGE][INFO] - Found 1 web elements with id: 'Object Repository/Popup/Popup' located by 'By.cssSelector: .bootbox-body' in '30' second(s)

2021-11-23 16:44:39 - [MESSAGE][INFO] - Getting text of object 'Object Repository/Popup/Popup'

2021-11-23 16:44:39 - [MESSAGE][PASSED] - Text of object 'Object Repository/Popup/Popup' is: 'Seçtiğiniz kayıtlardan 1 adedi GİB'e göndermek için uygun değildir.'

2021-11-23 16:44:39 - [TEST_STEP][PASSED] - Console.println(RaporNo): null

2021-11-23 16:44:39 - [MESSAGE][PASSED] - Call Test Case 'Test Cases/Popup/PopupMesajiIceriyorMu' successfully

2021-11-23 16:44:39 - [MESSAGE][INFO] - Checking called Test Case

2021-11-23 16:44:39 - [MESSAGE][INFO] - Starting to call Test Case 'Test Cases/Popup/PopupButonSecilir'

2021-11-23 16:44:40 - [TEST_CASE][PASSED] - Test Cases/Popup/PopupButonSecilir: Test Cases/Popup/PopupButonSecilir

2021-11-23 16:44:40 - [TEST_STEP][PASSED] - Method.TextDegerineEsitElementeTikla(findTestObject("Popup/Popup_Butons"), Buton): Method.TextDegerineEsitElementeTikla is PASSED

2021-11-23 16:44:40 - [MESSAGE][INFO] - Finding Test Object 'Object Repository/Popup/Popup_Butons'

2021-11-23 16:44:40 - [MESSAGE][INFO] - Checking timeout

2021-11-23 16:44:40 - [MESSAGE][INFO] - Finding web element with id: 'Object Repository/Popup/Popup_Butons' located by 'By.cssSelector: .modal-footer>button' in '10' second(s)

2021-11-23 16:44:40 - [MESSAGE][INFO] - Smart Wait Function is triggered

2021-11-23 16:44:40 - [MESSAGE][INFO] - Found 1 web elements with id: 'Object Repository/Popup/Popup_Butons' located by 'By.cssSelector: .modal-footer>button' in '10' second(s)

2021-11-23 16:44:40 - [MESSAGE][PASSED] - Method.TextDegerineEsitElementeTikla is PASSED

2021-11-23 16:44:40 - [MESSAGE][PASSED] - Call Test Case 'Test Cases/Popup/PopupButonSecilir' successfully

2021-11-23 16:44:40 - [MESSAGE][INFO] - Checking called Test Case

2021-11-23 16:44:40 - [MESSAGE][INFO] - Starting to call Test Case 'Test Cases/Kullanici_Islemleri/KullaniciIslemlerindenSecimYapilir'

2021-11-23 16:44:40 - [TEST_CASE][PASSED] - Test Cases/Kullanici_Islemleri/KullaniciIslemlerindenSecimYapilir: Test Cases/Kullanici_Islemleri/KullaniciIslemlerindenSecimYapilir

2021-11-23 16:44:40 - [TEST_STEP][PASSED] - waitForElementClickable(findTestObject("Object Repository/Kullanici_Islemleri/KullaniciIslemleri"), 10): Object 'Object Repository/Kullanici_Islemleri/KullaniciIslemleri' is clickable

2021-11-23 16:44:40 - [MESSAGE][INFO] - Finding Test Object 'Object Repository/Kullanici_Islemleri/KullaniciIslemleri'

2021-11-23 16:44:40 - [MESSAGE][INFO] - Checking object

2021-11-23 16:44:40 - [MESSAGE][INFO] - Checking timeout

2021-11-23 16:44:40 - [MESSAGE][INFO] - Finding web element from Test Object's properties

2021-11-23 16:44:40 - [MESSAGE][INFO] - Checking timeout

2021-11-23 16:44:40 - [MESSAGE][INFO] - Finding web element with id: 'Object Repository/Kullanici_Islemleri/KullaniciIslemleri' located by 'By.cssSelector: .dropdown>a>img' in '10' second(s)

2021-11-23 16:44:40 - [MESSAGE][INFO] - Smart Wait Function is triggered

2021-11-23 16:44:41 - [MESSAGE][INFO] - Found 1 web elements with id: 'Object Repository/Kullanici_Islemleri/KullaniciIslemleri' located by 'By.cssSelector: .dropdown>a>img' in '10' second(s)

2021-11-23 16:44:41 - [MESSAGE][PASSED] - Object 'Object Repository/Kullanici_Islemleri/KullaniciIslemleri' is clickable

2021-11-23 16:44:41 - [TEST_STEP][PASSED] - click(findTestObject("Object Repository/Kullanici_Islemleri/KullaniciIslemleri")): Object: 'Object Repository/Kullanici_Islemleri/KullaniciIslemleri' is clicked on

2021-11-23 16:44:41 - [MESSAGE][INFO] - Finding Test Object 'Object Repository/Kullanici_Islemleri/KullaniciIslemleri'

2021-11-23 16:44:41 - [MESSAGE][INFO] - Checking object

2021-11-23 16:44:41 - [MESSAGE][INFO] - Finding web element from Test Object's properties

2021-11-23 16:44:41 - [MESSAGE][INFO] - Checking timeout

2021-11-23 16:44:41 - [MESSAGE][INFO] - Finding web element with id: 'Object Repository/Kullanici_Islemleri/KullaniciIslemleri' located by 'By.cssSelector: .dropdown>a>img' in '30' second(s)

2021-11-23 16:44:41 - [MESSAGE][INFO] - Smart Wait Function is triggered

2021-11-23 16:44:41 - [MESSAGE][INFO] - Found 1 web elements with id: 'Object Repository/Kullanici_Islemleri/KullaniciIslemleri' located by 'By.cssSelector: .dropdown>a>img' in '30' second(s)

2021-11-23 16:44:41 - [MESSAGE][INFO] - Clicking on object: 'Object Repository/Kullanici_Islemleri/KullaniciIslemleri'

2021-11-23 16:44:41 - [MESSAGE][PASSED] - Object: 'Object Repository/Kullanici_Islemleri/KullaniciIslemleri' is clicked on

2021-11-23 16:44:41 - [TEST_STEP][PASSED] - Method.TextDegerineEsitElementeTikla(findTestObject("Object Repository/Kullanici_Islemleri/Secenekler"), Islem): Method.TextDegerineEsitElementeTikla is PASSED

2021-11-23 16:44:41 - [MESSAGE][INFO] - Finding Test Object 'Object Repository/Kullanici_Islemleri/Secenekler'

2021-11-23 16:44:41 - [MESSAGE][INFO] - Checking timeout

2021-11-23 16:44:41 - [MESSAGE][INFO] - Finding web element with id: 'Object Repository/Kullanici_Islemleri/Secenekler' located by 'By.cssSelector: .nav.navbar-nav.navbar-right li a' in '10' second(s)

2021-11-23 16:44:41 - [MESSAGE][INFO] - Smart Wait Function is triggered

2021-11-23 16:44:42 - [MESSAGE][INFO] - Found 22 web elements with id: 'Object Repository/Kullanici_Islemleri/Secenekler' located by 'By.cssSelector: .nav.navbar-nav.navbar-right li a' in '10' second(s)

2021-11-23 16:44:43 - [MESSAGE][PASSED] - Method.TextDegerineEsitElementeTikla is PASSED

2021-11-23 16:44:43 - [TEST_STEP][PASSED] - verifyElementNotPresent(findTestObject("Object Repository/Kullanici_Islemleri/Secenekler"), 10): Web element with id: 'Object Repository/Kullanici_Islemleri/Secenekler' located by 'By.cssSelector: .nav.navbar-nav.navbar-right li a' is not present after '10' second(s)

2021-11-23 16:44:43 - [MESSAGE][INFO] - Finding Test Object 'Object Repository/Kullanici_Islemleri/Secenekler'

2021-11-23 16:44:43 - [MESSAGE][INFO] - Checking object

2021-11-23 16:44:43 - [MESSAGE][INFO] - Checking timeout

2021-11-23 16:44:43 - [MESSAGE][INFO] - Finding web element with id: 'Object Repository/Kullanici_Islemleri/Secenekler' located by 'By.cssSelector: .nav.navbar-nav.navbar-right li a' in '10' second(s)

2021-11-23 16:44:43 - [MESSAGE][INFO] - Smart Wait Function is triggered

2021-11-23 16:44:44 - [MESSAGE][PASSED] - Web element with id: 'Object Repository/Kullanici_Islemleri/Secenekler' located by 'By.cssSelector: .nav.navbar-nav.navbar-right li a' is not present after '10' second(s)

2021-11-23 16:44:44 - [MESSAGE][PASSED] - Call Test Case 'Test Cases/Kullanici_Islemleri/KullaniciIslemlerindenSecimYapilir' successfully

2021-11-23 16:44:44 - [TEST_CASE][PASSED] - Start Test Case : SCENARIO e-Mustahsil Makbuzu Raporlari GIBe Gonder: SCENARIO e-Mustahsil Makbuzu Raporlari GIBe Gonder

2021-11-23 16:44:44 - [TEST_STEP][PASSED] - Kullanıcı adı ELOGO6 ve Şifre 123456 olarak giriş yapılır: Kullanıcı adı ELOGO6 ve Şifre 123456 olarak giriş yapılır

2021-11-23 16:44:44 - [MESSAGE][PASSED] - Kullanıcı adı ELOGO6 ve Şifre 123456 olarak giriş yapılır

2021-11-23 16:44:44 - [TEST_STEP][PASSED] - Ana menüden e-Makbuz seçilir: Ana menüden e-Makbuz seçilir

2021-11-23 16:44:44 - [MESSAGE][PASSED] - Ana menüden e-Makbuz seçilir

2021-11-23 16:44:44 - [TEST_STEP][PASSED] - Alt menü e-Müstahsil Uygulaması başlığı altındaki e-Müstahsil Makbuzu Raporları seçilir: Alt menü e-Müstahsil Uygulaması başlığı altındaki e-Müstahsil Makbuzu Raporları seçilir

2021-11-23 16:44:44 - [MESSAGE][PASSED] - Alt menü e-Müstahsil Uygulaması başlığı altındaki e-Müstahsil Makbuzu Raporları seçilir

2021-11-23 16:44:44 - [TEST_STEP][PASSED] - Filtrelerden Dönem Tarihi filtresine 2021 Ocak dropdowndan degeri seçilir: Filtrelerden Dönem Tarihi filtresine 2021 Ocak dropdowndan degeri seçilir

2021-11-23 16:44:44 - [MESSAGE][PASSED] - Filtrelerden Dönem Tarihi filtresine 2021 Ocak dropdowndan degeri seçilir

2021-11-23 16:44:44 - [TEST_STEP][PASSED] - Filtrelerden Bölüm Tarihi filtresine 09.01.2021 baslangic degerini yaz: Filtrelerden Bölüm Tarihi filtresine 09.01.2021 baslangic degerini yaz

2021-11-23 16:44:44 - [MESSAGE][PASSED] - Filtrelerden Bölüm Tarihi filtresine 09.01.2021 baslangic degerini yaz

2021-11-23 16:44:44 - [TEST_STEP][PASSED] - Filtrelerden Bölüm Tarihi filtresine 09.01.2021 bitis degerini yaz: Filtrelerden Bölüm Tarihi filtresine 09.01.2021 bitis degerini yaz

2021-11-23 16:44:44 - [MESSAGE][PASSED] - Filtrelerden Bölüm Tarihi filtresine 09.01.2021 bitis degerini yaz

2021-11-23 16:44:44 - [TEST_STEP][PASSED] - Filtre butonlarından Listele seçilir: Filtre butonlarından Listele seçilir

2021-11-23 16:44:44 - [MESSAGE][PASSED] - Filtre butonlarından Listele seçilir

2021-11-23 16:44:44 - [TEST_STEP][PASSED] - Tabloda veri var mı kontrol edilir: Tabloda veri var mı kontrol edilir

2021-11-23 16:44:44 - [MESSAGE][PASSED] - Tabloda veri var mı kontrol edilir

2021-11-23 16:44:44 - [TEST_STEP][PASSED] - Tablodan 2891 isimli veri seçilir: Tablodan 2891 isimli veri seçilir

2021-11-23 16:44:44 - [MESSAGE][PASSED] - Tablodan 2891 isimli veri seçilir

2021-11-23 16:44:44 - [TEST_STEP][PASSED] - Butonlardan GİB'e Gönder isimli butona tıklanır: Butonlardan GİB'e Gönder isimli butona tıklanır

2021-11-23 16:44:44 - [MESSAGE][PASSED] - Butonlardan GİB'e Gönder isimli butona tıklanır

2021-11-23 16:44:44 - [TEST_STEP][PASSED] - Popup mesajı Seçtiğiniz kayıtlardan 1 adedi GİB'e göndermek için uygun değildir. içeriyor mu: Popup mesajı Seçtiğiniz kayıtlardan 1 adedi GİB'e göndermek için uygun değildir. içeriyor mu

2021-11-23 16:44:44 - [MESSAGE][PASSED] - Popup mesajı Seçtiğiniz kayıtlardan 1 adedi GİB'e göndermek için uygun değildir. içeriyor mu

2021-11-23 16:44:44 - [TEST_STEP][PASSED] - Yönetim popupında Tamam seçilir: Yönetim popupında Tamam seçilir

2021-11-23 16:44:44 - [MESSAGE][PASSED] - Yönetim popupında Tamam seçilir

2021-11-23 16:44:44 - [TEST_STEP][PASSED] - Kullanıcı işlemlerinden Çıkış seçilir: Kullanıcı işlemlerinden Çıkış seçilir

2021-11-23 16:44:44 - [MESSAGE][PASSED] - Kullanıcı işlemlerinden Çıkış seçilir

2021-11-23 16:44:44 - [MESSAGE][PASSED] - Feature file: 'Include/features/e-Makbuz/e-Mustahsil Uygulamasi/e-Mustahsil Makbuzu Raporlari/GIBe Gonder.feature' was passed

2021-11-23 16:44:44 - [TEST_STEP][PASSED] - Start listener action : sampleAfterTestSuite: Invoke 'com.kms.katalon.core.annotation.AfterTestCase' method: 'Listener.sampleAfterTestSuite(...)' completed.

2021-11-23 16:44:44 - [MESSAGE][INFO] - Starting invoke 'com.kms.katalon.core.annotation.AfterTestCase' method: 'Listener.sampleAfterTestSuite(...)'

2021-11-23 16:44:44 - [TEST_STEP][PASSED] - closeBrowser(): Invoke 'com.kms.katalon.core.annotation.AfterTestCase' method: 'Listener.sampleAfterTestSuite(...)' completed.

2021-11-23 16:44:44 - [MESSAGE][INFO] - Closing browser

2021-11-23 16:44:45 - [MESSAGE][PASSED] - Browser is closed

2021-11-23 16:44:45 - [MESSAGE][INFO] - Invoke 'com.kms.katalon.core.annotation.AfterTestCase' method: 'Listener.sampleAfterTestSuite(...)' completed.]]></system-out>
         <system-err><![CDATA[]]></system-err>
      </testcase>
      <testcase name="Test Cases/Case Repository/e-Makbuz/e-Mustahsil Uygulamasi/e-Mustahsil Makbuzu Raporlari/Izleme Kayitlari" time="47.126" classname="Test Cases/Case Repository/e-Makbuz/e-Mustahsil Uygulamasi/e-Mustahsil Makbuzu Raporlari/Izleme Kayitlari" status="PASSED">
         <system-out><![CDATA[2021-11-23 16:44:45 - [TEST_CASE][PASSED] - Test Cases/Case Repository/e-Makbuz/e-Mustahsil Uygulamasi/e-Mustahsil Makbuzu Raporlari/Izleme Kayitlari: Test Cases/Case Repository/e-Makbuz/e-Mustahsil Uygulamasi/e-Mustahsil Makbuzu Raporlari/Izleme Kayitlari

2021-11-23 16:44:45 - [TEST_STEP][PASSED] - Start listener action : sampleBeforeTestSuite: Invoke 'com.kms.katalon.core.annotation.BeforeTestCase' method: 'Listener.sampleBeforeTestSuite(...)' completed.

2021-11-23 16:44:45 - [MESSAGE][INFO] - Starting invoke 'com.kms.katalon.core.annotation.BeforeTestCase' method: 'Listener.sampleBeforeTestSuite(...)'

2021-11-23 16:44:45 - [TEST_STEP][PASSED] - openBrowser(baseUrl): Browser is opened with url: 'https://efatura-stage.elogo.com.tr/'

2021-11-23 16:44:45 - [MESSAGE][INFO] - Opening browser

2021-11-23 16:44:45 - [MESSAGE][INFO] - Starting 'Chrome' driver

2021-11-23 16:44:45 - [MESSAGE][INFO] - User set preference: ['prefs', '{download.default_directory=C:\otomasyondownfiles}']

2021-11-23 16:44:45 - [MESSAGE][INFO] - Action delay is set to 0 milliseconds

2021-11-23 16:44:46 - [MESSAGE][INFO] - Navigating browser to: 'https://efatura-stage.elogo.com.tr/'

2021-11-23 16:44:48 - [MESSAGE][PASSED] - Browser is opened with url: 'https://efatura-stage.elogo.com.tr/'

2021-11-23 16:44:48 - [TEST_STEP][PASSED] - maximizeWindow(): Invoke 'com.kms.katalon.core.annotation.BeforeTestCase' method: 'Listener.sampleBeforeTestSuite(...)' completed.

2021-11-23 16:44:48 - [MESSAGE][INFO] - Maximizing current window

2021-11-23 16:44:49 - [MESSAGE][PASSED] - Current window maximized

2021-11-23 16:44:49 - [MESSAGE][INFO] - Invoke 'com.kms.katalon.core.annotation.BeforeTestCase' method: 'Listener.sampleBeforeTestSuite(...)' completed.

2021-11-23 16:44:49 - [TEST_STEP][PASSED] - runFeatureFile("Include/features/e-Makbuz/e-Mustahsil Uygulamasi/e-Mustahsil Makbuzu Raporlari/Izleme Kayitlari.feature"): Feature file: 'Include/features/e-Makbuz/e-Mustahsil Uygulamasi/e-Mustahsil Makbuzu Raporlari/Izleme Kayitlari.feature' was passed

2021-11-23 16:44:49 - [MESSAGE][INFO] - Starting run keyword runFeatureFile: 'Include/features/e-Makbuz/e-Mustahsil Uygulamasi/e-Mustahsil Makbuzu Raporlari/Izleme Kayitlari.feature' and extract report to folder: 'C:\Users\DELL\Documents\GitHub\EES_KatalonLogo\Reports\20211123_163326\Suite Repository\e-Makbuz\20211123_163348/cucumber_report/1637675089555'...

2021-11-23 16:44:49 - [MESSAGE][INFO] - Glue: []

2021-11-23 16:44:52 - [MESSAGE][INFO] - Checking called Test Case

2021-11-23 16:44:52 - [MESSAGE][INFO] - Starting to call Test Case 'Test Cases/Sayfalar/Giris_Sayfasi/Login'

2021-11-23 16:44:52 - [TEST_CASE][PASSED] - Test Cases/Sayfalar/Giris_Sayfasi/Login: Test Cases/Sayfalar/Giris_Sayfasi/Login

2021-11-23 16:44:52 - [TEST_STEP][PASSED] - Sayfa_Basligi = getWindowTitle(): Current window's title is: 'LOGO e-Fatura'

2021-11-23 16:44:52 - [MESSAGE][INFO] - Getting current window's title

2021-11-23 16:44:52 - [MESSAGE][PASSED] - Current window's title is: 'LOGO e-Fatura'

2021-11-23 16:44:52 - [TEST_STEP][PASSED] - verifyMatch(Sayfa_Basligi, "LOGO e-Fatura", false): Actual text 'LOGO e-Fatura' and expected text 'LOGO e-Fatura' are matched 

2021-11-23 16:44:52 - [MESSAGE][INFO] - Matching actual text 'LOGO e-Fatura' with expected text 'LOGO e-Fatura'

2021-11-23 16:44:52 - [MESSAGE][PASSED] - Actual text 'LOGO e-Fatura' and expected text 'LOGO e-Fatura' are matched 

2021-11-23 16:44:52 - [TEST_STEP][PASSED] - sendKeys(findTestObject("Sayfalar/Giris_Sayfasi/Firma_Kodu"), KullaniciAdi): Keys 'ELOGO6' sent to object: 'Object Repository/Sayfalar/Giris_Sayfasi/Firma_Kodu'

2021-11-23 16:44:52 - [MESSAGE][INFO] - Finding Test Object 'Object Repository/Sayfalar/Giris_Sayfasi/Firma_Kodu'

2021-11-23 16:44:52 - [MESSAGE][INFO] - Sending keys 'ELOGO6' to object: 'Object Repository/Sayfalar/Giris_Sayfasi/Firma_Kodu'

2021-11-23 16:44:52 - [MESSAGE][INFO] - Finding web element from Test Object's properties

2021-11-23 16:44:52 - [MESSAGE][INFO] - Checking timeout

2021-11-23 16:44:52 - [MESSAGE][INFO] - Finding web element with id: 'Object Repository/Sayfalar/Giris_Sayfasi/Firma_Kodu' located by 'By.xpath: //*[@id = 'AccountName']' in '30' second(s)

2021-11-23 16:44:52 - [MESSAGE][INFO] - Smart Wait Function is triggered

2021-11-23 16:44:52 - [MESSAGE][INFO] - Found 1 web elements with id: 'Object Repository/Sayfalar/Giris_Sayfasi/Firma_Kodu' located by 'By.xpath: //*[@id = 'AccountName']' in '30' second(s)

2021-11-23 16:44:52 - [MESSAGE][PASSED] - Keys 'ELOGO6' sent to object: 'Object Repository/Sayfalar/Giris_Sayfasi/Firma_Kodu'

2021-11-23 16:44:52 - [TEST_STEP][PASSED] - sendKeys(findTestObject("Sayfalar/Giris_Sayfasi/Sifre"), Sifre): Keys '123456' sent to object: 'Object Repository/Sayfalar/Giris_Sayfasi/Sifre'

2021-11-23 16:44:52 - [MESSAGE][INFO] - Finding Test Object 'Object Repository/Sayfalar/Giris_Sayfasi/Sifre'

2021-11-23 16:44:53 - [MESSAGE][INFO] - Sending keys '123456' to object: 'Object Repository/Sayfalar/Giris_Sayfasi/Sifre'

2021-11-23 16:44:53 - [MESSAGE][INFO] - Finding web element from Test Object's properties

2021-11-23 16:44:53 - [MESSAGE][INFO] - Checking timeout

2021-11-23 16:44:53 - [MESSAGE][INFO] - Finding web element with id: 'Object Repository/Sayfalar/Giris_Sayfasi/Sifre' located by 'By.xpath: //*[@id = 'Password']' in '30' second(s)

2021-11-23 16:44:53 - [MESSAGE][INFO] - Smart Wait Function is triggered

2021-11-23 16:44:53 - [MESSAGE][INFO] - Found 1 web elements with id: 'Object Repository/Sayfalar/Giris_Sayfasi/Sifre' located by 'By.xpath: //*[@id = 'Password']' in '30' second(s)

2021-11-23 16:44:53 - [MESSAGE][PASSED] - Keys '123456' sent to object: 'Object Repository/Sayfalar/Giris_Sayfasi/Sifre'

2021-11-23 16:44:53 - [TEST_STEP][PASSED] - findWebElement(findTestObject("Sayfalar/Giris_Sayfasi/Giris_Butonu")).click(): Found 1 web elements with id: 'Object Repository/Sayfalar/Giris_Sayfasi/Giris_Butonu' located by 'By.cssSelector: #btnLogin' in '30' second(s)

2021-11-23 16:44:53 - [MESSAGE][INFO] - Finding Test Object 'Object Repository/Sayfalar/Giris_Sayfasi/Giris_Butonu'

2021-11-23 16:44:53 - [MESSAGE][INFO] - Finding web element from Test Object's properties

2021-11-23 16:44:53 - [MESSAGE][INFO] - Checking timeout

2021-11-23 16:44:53 - [MESSAGE][INFO] - Finding web element with id: 'Object Repository/Sayfalar/Giris_Sayfasi/Giris_Butonu' located by 'By.cssSelector: #btnLogin' in '30' second(s)

2021-11-23 16:44:53 - [MESSAGE][INFO] - Smart Wait Function is triggered

2021-11-23 16:44:53 - [MESSAGE][INFO] - Found 1 web elements with id: 'Object Repository/Sayfalar/Giris_Sayfasi/Giris_Butonu' located by 'By.cssSelector: #btnLogin' in '30' second(s)

2021-11-23 16:44:56 - [TEST_STEP][PASSED] - if (verifyElementPresent(findTestObject("Object Repository/Sayfalar/Giris_Sayfasi/RetveTamam_Butonu"), 5, OPTIONAL)): null

2021-11-23 16:44:56 - [MESSAGE][INFO] - Finding Test Object 'Object Repository/Sayfalar/Giris_Sayfasi/RetveTamam_Butonu'

2021-11-23 16:44:56 - [MESSAGE][INFO] - Checking object

2021-11-23 16:44:56 - [MESSAGE][INFO] - Finding web element from Test Object's properties

2021-11-23 16:44:56 - [MESSAGE][INFO] - Checking timeout

2021-11-23 16:44:56 - [MESSAGE][INFO] - Finding web element with id: 'Object Repository/Sayfalar/Giris_Sayfasi/RetveTamam_Butonu' located by 'By.xpath: //*[@class = 'btn btn-default']' in '5' second(s)

2021-11-23 16:44:56 - [MESSAGE][INFO] - Smart Wait Function is triggered

2021-11-23 16:44:56 - [MESSAGE][INFO] - Found 1 web elements with id: 'Object Repository/Sayfalar/Giris_Sayfasi/RetveTamam_Butonu' located by 'By.xpath: //*[@class = 'btn btn-default']' in '5' second(s)

2021-11-23 16:44:56 - [MESSAGE][PASSED] - Object 'Object Repository/Sayfalar/Giris_Sayfasi/RetveTamam_Butonu' is present

2021-11-23 16:44:56 - [TEST_STEP][PASSED] - click(findTestObject("Object Repository/Sayfalar/Giris_Sayfasi/RetveTamam_Butonu")): Object: 'Object Repository/Sayfalar/Giris_Sayfasi/RetveTamam_Butonu' is clicked on

2021-11-23 16:44:56 - [MESSAGE][INFO] - Finding Test Object 'Object Repository/Sayfalar/Giris_Sayfasi/RetveTamam_Butonu'

2021-11-23 16:44:57 - [MESSAGE][INFO] - Checking object

2021-11-23 16:44:57 - [MESSAGE][INFO] - Finding web element from Test Object's properties

2021-11-23 16:44:57 - [MESSAGE][INFO] - Checking timeout

2021-11-23 16:44:57 - [MESSAGE][INFO] - Finding web element with id: 'Object Repository/Sayfalar/Giris_Sayfasi/RetveTamam_Butonu' located by 'By.xpath: //*[@class = 'btn btn-default']' in '30' second(s)

2021-11-23 16:44:57 - [MESSAGE][INFO] - Smart Wait Function is triggered

2021-11-23 16:44:57 - [MESSAGE][INFO] - Found 1 web elements with id: 'Object Repository/Sayfalar/Giris_Sayfasi/RetveTamam_Butonu' located by 'By.xpath: //*[@class = 'btn btn-default']' in '30' second(s)

2021-11-23 16:44:57 - [MESSAGE][INFO] - Clicking on object: 'Object Repository/Sayfalar/Giris_Sayfasi/RetveTamam_Butonu'

2021-11-23 16:44:57 - [MESSAGE][PASSED] - Object: 'Object Repository/Sayfalar/Giris_Sayfasi/RetveTamam_Butonu' is clicked on

2021-11-23 16:44:57 - [TEST_STEP][PASSED] - click(findTestObject("Object Repository/Sayfalar/Giris_Sayfasi/RetveTamam_Butonu")): Object: 'Object Repository/Sayfalar/Giris_Sayfasi/RetveTamam_Butonu' is clicked on

2021-11-23 16:44:57 - [MESSAGE][INFO] - Finding Test Object 'Object Repository/Sayfalar/Giris_Sayfasi/RetveTamam_Butonu'

2021-11-23 16:44:57 - [MESSAGE][INFO] - Checking object

2021-11-23 16:44:57 - [MESSAGE][INFO] - Finding web element from Test Object's properties

2021-11-23 16:44:57 - [MESSAGE][INFO] - Checking timeout

2021-11-23 16:44:57 - [MESSAGE][INFO] - Finding web element with id: 'Object Repository/Sayfalar/Giris_Sayfasi/RetveTamam_Butonu' located by 'By.xpath: //*[@class = 'btn btn-default']' in '30' second(s)

2021-11-23 16:44:57 - [MESSAGE][INFO] - Smart Wait Function is triggered

2021-11-23 16:45:00 - [MESSAGE][INFO] - Found 1 web elements with id: 'Object Repository/Sayfalar/Giris_Sayfasi/RetveTamam_Butonu' located by 'By.xpath: //*[@class = 'btn btn-default']' in '30' second(s)

2021-11-23 16:45:00 - [MESSAGE][INFO] - Clicking on object: 'Object Repository/Sayfalar/Giris_Sayfasi/RetveTamam_Butonu'

2021-11-23 16:45:00 - [MESSAGE][PASSED] - Object: 'Object Repository/Sayfalar/Giris_Sayfasi/RetveTamam_Butonu' is clicked on

2021-11-23 16:45:00 - [TEST_STEP][PASSED] - if (verifyElementPresent(findTestObject("Sayfalar/Giris_Sayfasi/PopupOK"), 5, OPTIONAL)): null

2021-11-23 16:45:00 - [MESSAGE][INFO] - Finding Test Object 'Object Repository/Sayfalar/Giris_Sayfasi/PopupOK'

2021-11-23 16:45:00 - [MESSAGE][INFO] - Checking object

2021-11-23 16:45:00 - [MESSAGE][INFO] - Finding web element from Test Object's properties

2021-11-23 16:45:00 - [MESSAGE][INFO] - Checking timeout

2021-11-23 16:45:00 - [MESSAGE][INFO] - Finding web element with id: 'Object Repository/Sayfalar/Giris_Sayfasi/PopupOK' located by 'By.cssSelector: .btn.btn-success' in '5' second(s)

2021-11-23 16:45:00 - [MESSAGE][INFO] - Smart Wait Function is triggered

2021-11-23 16:45:01 - [MESSAGE][INFO] - Found 1 web elements with id: 'Object Repository/Sayfalar/Giris_Sayfasi/PopupOK' located by 'By.cssSelector: .btn.btn-success' in '5' second(s)

2021-11-23 16:45:01 - [MESSAGE][PASSED] - Object 'Object Repository/Sayfalar/Giris_Sayfasi/PopupOK' is present

2021-11-23 16:45:01 - [TEST_STEP][PASSED] - click(findTestObject("Object Repository/Sayfalar/Giris_Sayfasi/PopupCarpiGiris")): Object: 'Object Repository/Sayfalar/Giris_Sayfasi/PopupCarpiGiris' is clicked on

2021-11-23 16:45:01 - [MESSAGE][INFO] - Finding Test Object 'Object Repository/Sayfalar/Giris_Sayfasi/PopupCarpiGiris'

2021-11-23 16:45:01 - [MESSAGE][INFO] - Checking object

2021-11-23 16:45:01 - [MESSAGE][INFO] - Finding web element from Test Object's properties

2021-11-23 16:45:01 - [MESSAGE][INFO] - Checking timeout

2021-11-23 16:45:01 - [MESSAGE][INFO] - Finding web element with id: 'Object Repository/Sayfalar/Giris_Sayfasi/PopupCarpiGiris' located by 'By.cssSelector: .bootbox-close-button.close' in '30' second(s)

2021-11-23 16:45:01 - [MESSAGE][INFO] - Smart Wait Function is triggered

2021-11-23 16:45:01 - [MESSAGE][INFO] - Found 1 web elements with id: 'Object Repository/Sayfalar/Giris_Sayfasi/PopupCarpiGiris' located by 'By.cssSelector: .bootbox-close-button.close' in '30' second(s)

2021-11-23 16:45:01 - [MESSAGE][INFO] - Clicking on object: 'Object Repository/Sayfalar/Giris_Sayfasi/PopupCarpiGiris'

2021-11-23 16:45:01 - [MESSAGE][PASSED] - Object: 'Object Repository/Sayfalar/Giris_Sayfasi/PopupCarpiGiris' is clicked on

2021-11-23 16:45:01 - [TEST_STEP][PASSED] - verifyElementVisible(findTestObject("Object Repository/Kullanici_Islemleri/KullaniciIslemleri")): Object 'Object Repository/Kullanici_Islemleri/KullaniciIslemleri' is visible

2021-11-23 16:45:01 - [MESSAGE][INFO] - Finding Test Object 'Object Repository/Kullanici_Islemleri/KullaniciIslemleri'

2021-11-23 16:45:02 - [MESSAGE][INFO] - Checking object

2021-11-23 16:45:02 - [MESSAGE][INFO] - Finding web element from Test Object's properties

2021-11-23 16:45:02 - [MESSAGE][INFO] - Checking timeout

2021-11-23 16:45:02 - [MESSAGE][INFO] - Finding web element with id: 'Object Repository/Kullanici_Islemleri/KullaniciIslemleri' located by 'By.cssSelector: .dropdown>a>img' in '30' second(s)

2021-11-23 16:45:02 - [MESSAGE][INFO] - Smart Wait Function is triggered

2021-11-23 16:45:02 - [MESSAGE][INFO] - Found 1 web elements with id: 'Object Repository/Kullanici_Islemleri/KullaniciIslemleri' located by 'By.cssSelector: .dropdown>a>img' in '30' second(s)

2021-11-23 16:45:02 - [MESSAGE][PASSED] - Object 'Object Repository/Kullanici_Islemleri/KullaniciIslemleri' is visible

2021-11-23 16:45:02 - [MESSAGE][PASSED] - Call Test Case 'Test Cases/Sayfalar/Giris_Sayfasi/Login' successfully

2021-11-23 16:45:02 - [MESSAGE][INFO] - Checking called Test Case

2021-11-23 16:45:02 - [MESSAGE][INFO] - Starting to call Test Case 'Test Cases/Menu/AnaMenuSecimi'

2021-11-23 16:45:02 - [TEST_CASE][PASSED] - Test Cases/Menu/AnaMenuSecimi: Test Cases/Menu/AnaMenuSecimi

2021-11-23 16:45:02 - [TEST_STEP][PASSED] - Method.TextDegerineEsitElementeTikla(findTestObject("Menu/Ana_Menu"), Ana_Menu): Method.TextDegerineEsitElementeTikla is PASSED

2021-11-23 16:45:02 - [MESSAGE][INFO] - Finding Test Object 'Object Repository/Menu/Ana_Menu'

2021-11-23 16:45:02 - [MESSAGE][INFO] - Checking timeout

2021-11-23 16:45:02 - [MESSAGE][INFO] - Finding web element with id: 'Object Repository/Menu/Ana_Menu' located by 'By.xpath: //*[@class = 'dropdown-toggle']' in '10' second(s)

2021-11-23 16:45:02 - [MESSAGE][INFO] - Smart Wait Function is triggered

2021-11-23 16:45:03 - [MESSAGE][INFO] - Found 14 web elements with id: 'Object Repository/Menu/Ana_Menu' located by 'By.xpath: //*[@class = 'dropdown-toggle']' in '10' second(s)

2021-11-23 16:45:03 - [MESSAGE][PASSED] - Method.TextDegerineEsitElementeTikla is PASSED

2021-11-23 16:45:03 - [MESSAGE][PASSED] - Call Test Case 'Test Cases/Menu/AnaMenuSecimi' successfully

2021-11-23 16:45:03 - [MESSAGE][INFO] - Checking called Test Case

2021-11-23 16:45:03 - [MESSAGE][INFO] - Starting to call Test Case 'Test Cases/Menu/BasligaGoreAltMenuSecimi'

2021-11-23 16:45:03 - [TEST_CASE][PASSED] - Test Cases/Menu/BasligaGoreAltMenuSecimi: Test Cases/Menu/BasligaGoreAltMenuSecimi

2021-11-23 16:45:03 - [TEST_STEP][PASSED] - Method.TextDegerineEsitElementinAltindakiTextDegerineEsitOlanaTikla(findTestObject("Menu/Menu_Basligi"), findTestObject("Menu/Basliga_Gore_Alt_Menu"), Baslik, Alt_Menu): Method.TextDegerineEsitElementinAltindakiTextDegerineEsitOlanaTikla is PASSED

2021-11-23 16:45:03 - [MESSAGE][INFO] - Finding Test Object 'Object Repository/Menu/Menu_Basligi'

2021-11-23 16:45:03 - [MESSAGE][INFO] - Finding Test Object 'Object Repository/Menu/Basliga_Gore_Alt_Menu'

2021-11-23 16:45:03 - [MESSAGE][INFO] - Checking timeout

2021-11-23 16:45:03 - [MESSAGE][INFO] - Finding web element with id: 'Object Repository/Menu/Menu_Basligi' located by 'By.xpath: //li[@class='dropdown dropdown-large open']//li[@class='dropdown-header']' in '10' second(s)

2021-11-23 16:45:03 - [MESSAGE][INFO] - Smart Wait Function is triggered

2021-11-23 16:45:04 - [MESSAGE][INFO] - Found 2 web elements with id: 'Object Repository/Menu/Menu_Basligi' located by 'By.xpath: //li[@class='dropdown dropdown-large open']//li[@class='dropdown-header']' in '10' second(s)

2021-11-23 16:45:04 - [MESSAGE][INFO] - Smart Wait Function is triggered

2021-11-23 16:45:06 - [MESSAGE][PASSED] - Method.TextDegerineEsitElementinAltindakiTextDegerineEsitOlanaTikla is PASSED

2021-11-23 16:45:06 - [MESSAGE][PASSED] - Call Test Case 'Test Cases/Menu/BasligaGoreAltMenuSecimi' successfully

2021-11-23 16:45:06 - [MESSAGE][INFO] - Checking called Test Case

2021-11-23 16:45:06 - [MESSAGE][INFO] - Starting to call Test Case 'Test Cases/Filtreler/DropdownSec'

2021-11-23 16:45:06 - [TEST_CASE][PASSED] - Test Cases/Filtreler/DropdownSec: Test Cases/Filtreler/DropdownSec

2021-11-23 16:45:06 - [TEST_STEP][PASSED] - Method.TextDegerineEsitElementinAltindakineTikla(findTestObject("Filtreler/Basliklar"), findTestObject("Filtreler/Basliga_Gore_Baslangic_Image"), Filtre_Adi): Method.TextDegerineEsitElementinAltindakineTikla is PASSED

2021-11-23 16:45:06 - [MESSAGE][INFO] - Finding Test Object 'Object Repository/Filtreler/Basliklar'

2021-11-23 16:45:06 - [MESSAGE][INFO] - Finding Test Object 'Object Repository/Filtreler/Basliga_Gore_Baslangic_Image'

2021-11-23 16:45:07 - [MESSAGE][INFO] - Checking timeout

2021-11-23 16:45:07 - [MESSAGE][INFO] - Finding web element with id: 'Object Repository/Filtreler/Basliklar' located by 'By.cssSelector: .control-label.col-sm-4.paddingMarginRLC' in '10' second(s)

2021-11-23 16:45:07 - [MESSAGE][INFO] - Smart Wait Function is triggered

2021-11-23 16:45:07 - [MESSAGE][INFO] - Found 5 web elements with id: 'Object Repository/Filtreler/Basliklar' located by 'By.cssSelector: .control-label.col-sm-4.paddingMarginRLC' in '10' second(s)

2021-11-23 16:45:07 - [MESSAGE][INFO] - Smart Wait Function is triggered

2021-11-23 16:45:07 - [MESSAGE][PASSED] - Method.TextDegerineEsitElementinAltindakineTikla is PASSED

2021-11-23 16:45:07 - [TEST_STEP][PASSED] - Method.TextDegerineEsitElementeTikla(findTestObject("Object Repository/Filtreler/Basliga_Gore_Dropdown"), Filtre_Degeri): Method.TextDegerineEsitElementeTikla is PASSED

2021-11-23 16:45:07 - [MESSAGE][INFO] - Finding Test Object 'Object Repository/Filtreler/Basliga_Gore_Dropdown'

2021-11-23 16:45:07 - [MESSAGE][INFO] - Checking timeout

2021-11-23 16:45:07 - [MESSAGE][INFO] - Finding web element with id: 'Object Repository/Filtreler/Basliga_Gore_Dropdown' located by 'By.xpath: //*[@class = 'dxeListBoxItemRow_LECustomTheme']' in '10' second(s)

2021-11-23 16:45:07 - [MESSAGE][INFO] - Smart Wait Function is triggered

2021-11-23 16:45:08 - [MESSAGE][INFO] - Found 59 web elements with id: 'Object Repository/Filtreler/Basliga_Gore_Dropdown' located by 'By.xpath: //*[@class = 'dxeListBoxItemRow_LECustomTheme']' in '10' second(s)

2021-11-23 16:45:08 - [MESSAGE][PASSED] - Method.TextDegerineEsitElementeTikla is PASSED

2021-11-23 16:45:08 - [MESSAGE][PASSED] - Call Test Case 'Test Cases/Filtreler/DropdownSec' successfully

2021-11-23 16:45:08 - [MESSAGE][INFO] - Checking called Test Case

2021-11-23 16:45:08 - [MESSAGE][INFO] - Starting to call Test Case 'Test Cases/Filtreler/BaslangicYaz'

2021-11-23 16:45:08 - [TEST_CASE][PASSED] - Test Cases/Filtreler/BaslangicYaz: Test Cases/Filtreler/BaslangicYaz

2021-11-23 16:45:08 - [TEST_STEP][PASSED] - delay(3): Delayed 3 second(s)

2021-11-23 16:45:08 - [MESSAGE][INFO] - Delaying browser in 3 second(s)

2021-11-23 16:45:11 - [MESSAGE][PASSED] - Delayed 3 second(s)

2021-11-23 16:45:11 - [TEST_STEP][PASSED] - Method.TextDegerineEsitElementinAltindakineTikla(findTestObject("Filtreler/Basliklar"), findTestObject("Filtreler/Basliga_Gore_Baslangic_Image"), Filtre_Adi): Method.TextDegerineEsitElementinAltindakineTikla is PASSED

2021-11-23 16:45:11 - [MESSAGE][INFO] - Finding Test Object 'Object Repository/Filtreler/Basliklar'

2021-11-23 16:45:11 - [MESSAGE][INFO] - Finding Test Object 'Object Repository/Filtreler/Basliga_Gore_Baslangic_Image'

2021-11-23 16:45:11 - [MESSAGE][INFO] - Checking timeout

2021-11-23 16:45:11 - [MESSAGE][INFO] - Finding web element with id: 'Object Repository/Filtreler/Basliklar' located by 'By.cssSelector: .control-label.col-sm-4.paddingMarginRLC' in '10' second(s)

2021-11-23 16:45:11 - [MESSAGE][INFO] - Smart Wait Function is triggered

2021-11-23 16:45:12 - [MESSAGE][INFO] - Found 5 web elements with id: 'Object Repository/Filtreler/Basliklar' located by 'By.cssSelector: .control-label.col-sm-4.paddingMarginRLC' in '10' second(s)

2021-11-23 16:45:12 - [MESSAGE][INFO] - Smart Wait Function is triggered

2021-11-23 16:45:12 - [MESSAGE][PASSED] - Method.TextDegerineEsitElementinAltindakineTikla is PASSED

2021-11-23 16:45:12 - [TEST_STEP][PASSED] - Method.TextDegerineEsitElementinAltindakiTextboxtaYaz(findTestObject("Filtreler/Basliklar"), findTestObject("Filtreler/Basliga_Gore_Baslangic"), Filtre_Adi, Filtre_Degeri): Method.TextDegerineEsitElementinAltindakiTextboxtaYaz is PASSED

2021-11-23 16:45:12 - [MESSAGE][INFO] - Finding Test Object 'Object Repository/Filtreler/Basliklar'

2021-11-23 16:45:12 - [MESSAGE][INFO] - Finding Test Object 'Object Repository/Filtreler/Basliga_Gore_Baslangic'

2021-11-23 16:45:12 - [MESSAGE][INFO] - Checking timeout

2021-11-23 16:45:12 - [MESSAGE][INFO] - Finding web element with id: 'Object Repository/Filtreler/Basliklar' located by 'By.cssSelector: .control-label.col-sm-4.paddingMarginRLC' in '10' second(s)

2021-11-23 16:45:12 - [MESSAGE][INFO] - Smart Wait Function is triggered

2021-11-23 16:45:12 - [MESSAGE][INFO] - Found 5 web elements with id: 'Object Repository/Filtreler/Basliklar' located by 'By.cssSelector: .control-label.col-sm-4.paddingMarginRLC' in '10' second(s)

2021-11-23 16:45:12 - [MESSAGE][INFO] - Smart Wait Function is triggered

2021-11-23 16:45:13 - [MESSAGE][PASSED] - Method.TextDegerineEsitElementinAltindakiTextboxtaYaz is PASSED

2021-11-23 16:45:13 - [MESSAGE][PASSED] - Call Test Case 'Test Cases/Filtreler/BaslangicYaz' successfully

2021-11-23 16:45:13 - [MESSAGE][INFO] - Checking called Test Case

2021-11-23 16:45:13 - [MESSAGE][INFO] - Starting to call Test Case 'Test Cases/Filtreler/BitisYaz'

2021-11-23 16:45:13 - [TEST_CASE][PASSED] - Test Cases/Filtreler/BitisYaz: Test Cases/Filtreler/BitisYaz

2021-11-23 16:45:13 - [TEST_STEP][PASSED] - Method.TextDegerineEsitElementinAltindakineTikla(findTestObject("Filtreler/Basliklar"), findTestObject("Filtreler/Basliga_Gore_Bitis_Image"), Filtre_Adi): Method.TextDegerineEsitElementinAltindakineTikla is PASSED

2021-11-23 16:45:13 - [MESSAGE][INFO] - Finding Test Object 'Object Repository/Filtreler/Basliklar'

2021-11-23 16:45:13 - [MESSAGE][INFO] - Finding Test Object 'Object Repository/Filtreler/Basliga_Gore_Bitis_Image'

2021-11-23 16:45:13 - [MESSAGE][INFO] - Checking timeout

2021-11-23 16:45:13 - [MESSAGE][INFO] - Finding web element with id: 'Object Repository/Filtreler/Basliklar' located by 'By.cssSelector: .control-label.col-sm-4.paddingMarginRLC' in '10' second(s)

2021-11-23 16:45:13 - [MESSAGE][INFO] - Smart Wait Function is triggered

2021-11-23 16:45:14 - [MESSAGE][INFO] - Found 5 web elements with id: 'Object Repository/Filtreler/Basliklar' located by 'By.cssSelector: .control-label.col-sm-4.paddingMarginRLC' in '10' second(s)

2021-11-23 16:45:14 - [MESSAGE][INFO] - Smart Wait Function is triggered

2021-11-23 16:45:14 - [MESSAGE][PASSED] - Method.TextDegerineEsitElementinAltindakineTikla is PASSED

2021-11-23 16:45:14 - [TEST_STEP][PASSED] - Method.TextDegerineEsitElementinAltindakiTextboxtaYaz(findTestObject("Filtreler/Basliklar"), findTestObject("Object Repository/Filtreler/Basliga_Gore_Bitis"), Filtre_Adi, Filtre_Degeri): Method.TextDegerineEsitElementinAltindakiTextboxtaYaz is PASSED

2021-11-23 16:45:14 - [MESSAGE][INFO] - Finding Test Object 'Object Repository/Filtreler/Basliklar'

2021-11-23 16:45:14 - [MESSAGE][INFO] - Finding Test Object 'Object Repository/Filtreler/Basliga_Gore_Bitis'

2021-11-23 16:45:14 - [MESSAGE][INFO] - Checking timeout

2021-11-23 16:45:14 - [MESSAGE][INFO] - Finding web element with id: 'Object Repository/Filtreler/Basliklar' located by 'By.cssSelector: .control-label.col-sm-4.paddingMarginRLC' in '10' second(s)

2021-11-23 16:45:14 - [MESSAGE][INFO] - Smart Wait Function is triggered

2021-11-23 16:45:14 - [MESSAGE][INFO] - Found 5 web elements with id: 'Object Repository/Filtreler/Basliklar' located by 'By.cssSelector: .control-label.col-sm-4.paddingMarginRLC' in '10' second(s)

2021-11-23 16:45:14 - [MESSAGE][INFO] - Smart Wait Function is triggered

2021-11-23 16:45:15 - [MESSAGE][PASSED] - Method.TextDegerineEsitElementinAltindakiTextboxtaYaz is PASSED

2021-11-23 16:45:15 - [MESSAGE][PASSED] - Call Test Case 'Test Cases/Filtreler/BitisYaz' successfully

2021-11-23 16:45:15 - [MESSAGE][INFO] - Checking called Test Case

2021-11-23 16:45:15 - [MESSAGE][INFO] - Starting to call Test Case 'Test Cases/Filtreler/ButonaTikla'

2021-11-23 16:45:15 - [TEST_CASE][PASSED] - Test Cases/Filtreler/ButonaTikla: Test Cases/Filtreler/ButonaTikla

2021-11-23 16:45:15 - [TEST_STEP][PASSED] - Method.TextDegerineEsitElementeTikla(findTestObject("Filtreler/Butonlar"), Filtre_Buton): Method.TextDegerineEsitElementeTikla is PASSED

2021-11-23 16:45:15 - [MESSAGE][INFO] - Finding Test Object 'Object Repository/Filtreler/Butonlar'

2021-11-23 16:45:15 - [MESSAGE][INFO] - Checking timeout

2021-11-23 16:45:15 - [MESSAGE][INFO] - Finding web element with id: 'Object Repository/Filtreler/Butonlar' located by 'By.cssSelector: .dxb>span' in '10' second(s)

2021-11-23 16:45:15 - [MESSAGE][INFO] - Smart Wait Function is triggered

2021-11-23 16:45:15 - [MESSAGE][INFO] - Found 3 web elements with id: 'Object Repository/Filtreler/Butonlar' located by 'By.cssSelector: .dxb>span' in '10' second(s)

2021-11-23 16:45:16 - [MESSAGE][PASSED] - Method.TextDegerineEsitElementeTikla is PASSED

2021-11-23 16:45:16 - [MESSAGE][PASSED] - Call Test Case 'Test Cases/Filtreler/ButonaTikla' successfully

2021-11-23 16:45:16 - [MESSAGE][INFO] - Checking called Test Case

2021-11-23 16:45:16 - [MESSAGE][INFO] - Starting to call Test Case 'Test Cases/Tablo/TablodaVeriVarMi'

2021-11-23 16:45:16 - [TEST_CASE][PASSED] - Test Cases/Tablo/TablodaVeriVarMi: Test Cases/Tablo/TablodaVeriVarMi

2021-11-23 16:45:16 - [TEST_STEP][PASSED] - verifyTextNotPresent("Görüntülenecek veri yok", true): Text 'Görüntülenecek veri yok' is not present on page using regular expression

2021-11-23 16:45:16 - [MESSAGE][INFO] - Checking text present  using regular expression

2021-11-23 16:45:16 - [MESSAGE][INFO] - Smart Wait Function is triggered

2021-11-23 16:45:16 - [MESSAGE][INFO] - Finding text 'Görüntülenecek veri yok' on page  using regular expression

2021-11-23 16:45:16 - [MESSAGE][PASSED] - Text 'Görüntülenecek veri yok' is not present on page using regular expression

2021-11-23 16:45:16 - [MESSAGE][PASSED] - Call Test Case 'Test Cases/Tablo/TablodaVeriVarMi' successfully

2021-11-23 16:45:16 - [MESSAGE][INFO] - Checking called Test Case

2021-11-23 16:45:16 - [MESSAGE][INFO] - Starting to call Test Case 'Test Cases/Tablo/TablodanVeriSec'

2021-11-23 16:45:17 - [TEST_CASE][PASSED] - Test Cases/Tablo/TablodanVeriSec: Test Cases/Tablo/TablodanVeriSec

2021-11-23 16:45:17 - [TEST_STEP][PASSED] - Method.TextDegerineEsitElementinAltindakineTikla(findTestObject("Tablo/Veriler"), findTestObject("Tablo/VerininCheckBoxi"), Veri_Adi): Method.TextDegerineEsitElementinAltindakineTikla is PASSED

2021-11-23 16:45:17 - [MESSAGE][INFO] - Finding Test Object 'Object Repository/Tablo/Veriler'

2021-11-23 16:45:17 - [MESSAGE][INFO] - Finding Test Object 'Object Repository/Tablo/VerininCheckBoxi'

2021-11-23 16:45:17 - [MESSAGE][INFO] - Checking timeout

2021-11-23 16:45:17 - [MESSAGE][INFO] - Finding web element with id: 'Object Repository/Tablo/Veriler' located by 'By.cssSelector: td.dxgv b ,td.dxgv' in '10' second(s)

2021-11-23 16:45:17 - [MESSAGE][INFO] - Smart Wait Function is triggered

2021-11-23 16:45:17 - [MESSAGE][INFO] - Found 130 web elements with id: 'Object Repository/Tablo/Veriler' located by 'By.cssSelector: td.dxgv b ,td.dxgv' in '10' second(s)

2021-11-23 16:45:18 - [MESSAGE][INFO] - Smart Wait Function is triggered

2021-11-23 16:45:19 - [MESSAGE][PASSED] - Method.TextDegerineEsitElementinAltindakineTikla is PASSED

2021-11-23 16:45:19 - [MESSAGE][PASSED] - Call Test Case 'Test Cases/Tablo/TablodanVeriSec' successfully

2021-11-23 16:45:19 - [MESSAGE][INFO] - Checking called Test Case

2021-11-23 16:45:19 - [MESSAGE][INFO] - Starting to call Test Case 'Test Cases/Butonlar/ButonaTikla'

2021-11-23 16:45:19 - [TEST_CASE][PASSED] - Test Cases/Butonlar/ButonaTikla: Test Cases/Butonlar/ButonaTikla

2021-11-23 16:45:19 - [TEST_STEP][PASSED] - Method.TextDegerineEsitElementeTiklaEquals(findTestObject("Butonlar/Butonlar"), Buton_Adi): Method.TextDegerineEsitElementeTiklaEquals is PASSED

2021-11-23 16:45:19 - [MESSAGE][INFO] - Finding Test Object 'Object Repository/Butonlar/Butonlar'

2021-11-23 16:45:19 - [MESSAGE][INFO] - Checking timeout

2021-11-23 16:45:19 - [MESSAGE][INFO] - Finding web element with id: 'Object Repository/Butonlar/Butonlar' located by 'By.cssSelector: .panel.panel-default.text-center.footerPanel .btn,.btn.btn-primary.btnControls' in '10' second(s)

2021-11-23 16:45:19 - [MESSAGE][INFO] - Smart Wait Function is triggered

2021-11-23 16:45:19 - [MESSAGE][INFO] - Found 6 web elements with id: 'Object Repository/Butonlar/Butonlar' located by 'By.cssSelector: .panel.panel-default.text-center.footerPanel .btn,.btn.btn-primary.btnControls' in '10' second(s)

2021-11-23 16:45:19 - [MESSAGE][PASSED] - Method.TextDegerineEsitElementeTiklaEquals is PASSED

2021-11-23 16:45:19 - [MESSAGE][PASSED] - Call Test Case 'Test Cases/Butonlar/ButonaTikla' successfully

2021-11-23 16:45:19 - [MESSAGE][INFO] - Checking called Test Case

2021-11-23 16:45:19 - [MESSAGE][INFO] - Starting to call Test Case 'Test Cases/Sekmeler/YeniSekmeyeGec'

2021-11-23 16:45:19 - [TEST_CASE][PASSED] - Test Cases/Sekmeler/YeniSekmeyeGec: Test Cases/Sekmeler/YeniSekmeyeGec

2021-11-23 16:45:19 - [TEST_STEP][PASSED] - switchToWindowIndex(1): Switched to window with index: '1'

2021-11-23 16:45:19 - [MESSAGE][INFO] - Checking index

2021-11-23 16:45:19 - [MESSAGE][INFO] - Switching window with index: '1'

2021-11-23 16:45:19 - [MESSAGE][PASSED] - Switched to window with index: '1'

2021-11-23 16:45:19 - [MESSAGE][PASSED] - Call Test Case 'Test Cases/Sekmeler/YeniSekmeyeGec' successfully

2021-11-23 16:45:19 - [MESSAGE][INFO] - Checking called Test Case

2021-11-23 16:45:19 - [MESSAGE][INFO] - Starting to call Test Case 'Test Cases/Sekmeler/GecmisGeldiMi'

2021-11-23 16:45:20 - [TEST_CASE][PASSED] - Test Cases/Sekmeler/GecmisGeldiMi: Test Cases/Sekmeler/GecmisGeldiMi

2021-11-23 16:45:20 - [TEST_STEP][PASSED] - waitForElementVisible(findTestObject("Object Repository/Sekmeler/GecmisBaslik"), 10): Object 'Object Repository/Sekmeler/GecmisBaslik' is visible

2021-11-23 16:45:20 - [MESSAGE][INFO] - Finding Test Object 'Object Repository/Sekmeler/GecmisBaslik'

2021-11-23 16:45:20 - [MESSAGE][INFO] - Checking object

2021-11-23 16:45:20 - [MESSAGE][INFO] - Checking timeout

2021-11-23 16:45:20 - [MESSAGE][INFO] - Finding web element from Test Object's properties

2021-11-23 16:45:20 - [MESSAGE][INFO] - Checking timeout

2021-11-23 16:45:20 - [MESSAGE][INFO] - Finding web element with id: 'Object Repository/Sekmeler/GecmisBaslik' located by 'By.cssSelector: .dxnb-ghtext.dx-vam' in '10' second(s)

2021-11-23 16:45:20 - [MESSAGE][INFO] - Smart Wait Function is triggered

2021-11-23 16:45:26 - [MESSAGE][INFO] - Found 1 web elements with id: 'Object Repository/Sekmeler/GecmisBaslik' located by 'By.cssSelector: .dxnb-ghtext.dx-vam' in '10' second(s)

2021-11-23 16:45:26 - [MESSAGE][PASSED] - Object 'Object Repository/Sekmeler/GecmisBaslik' is visible

2021-11-23 16:45:26 - [TEST_STEP][PASSED] - if (!(getText(findTestObject("Object Repository/Sekmeler/GecmisBaslik")).contains(Baslik))): Text of object 'Object Repository/Sekmeler/GecmisBaslik' is: 'Müstahsil Makbuzu Rapor İzleme Kayıtları - 2891'

2021-11-23 16:45:26 - [MESSAGE][INFO] - Finding Test Object 'Object Repository/Sekmeler/GecmisBaslik'

2021-11-23 16:45:26 - [MESSAGE][INFO] - Checking object

2021-11-23 16:45:26 - [MESSAGE][INFO] - Finding web element from Test Object's properties

2021-11-23 16:45:26 - [MESSAGE][INFO] - Checking timeout

2021-11-23 16:45:26 - [MESSAGE][INFO] - Finding web element with id: 'Object Repository/Sekmeler/GecmisBaslik' located by 'By.cssSelector: .dxnb-ghtext.dx-vam' in '30' second(s)

2021-11-23 16:45:26 - [MESSAGE][INFO] - Smart Wait Function is triggered

2021-11-23 16:45:27 - [MESSAGE][INFO] - Found 1 web elements with id: 'Object Repository/Sekmeler/GecmisBaslik' located by 'By.cssSelector: .dxnb-ghtext.dx-vam' in '30' second(s)

2021-11-23 16:45:27 - [MESSAGE][INFO] - Getting text of object 'Object Repository/Sekmeler/GecmisBaslik'

2021-11-23 16:45:27 - [MESSAGE][PASSED] - Text of object 'Object Repository/Sekmeler/GecmisBaslik' is: 'Müstahsil Makbuzu Rapor İzleme Kayıtları - 2891'

2021-11-23 16:45:27 - [MESSAGE][PASSED] - Call Test Case 'Test Cases/Sekmeler/GecmisGeldiMi' successfully

2021-11-23 16:45:27 - [MESSAGE][INFO] - Checking called Test Case

2021-11-23 16:45:27 - [MESSAGE][INFO] - Starting to call Test Case 'Test Cases/Sekmeler/Ana_Sekmeye_Gec'

2021-11-23 16:45:27 - [TEST_CASE][PASSED] - Test Cases/Sekmeler/Ana_Sekmeye_Gec: Test Cases/Sekmeler/Ana_Sekmeye_Gec

2021-11-23 16:45:27 - [TEST_STEP][PASSED] - try: Window with index 1 is closed

2021-11-23 16:45:27 - [TEST_STEP][PASSED] - index = getWindowIndex(): Current window's index is: 1

2021-11-23 16:45:27 - [MESSAGE][INFO] - Getting current window's index

2021-11-23 16:45:27 - [MESSAGE][PASSED] - Current window's index is: 1

2021-11-23 16:45:27 - [TEST_STEP][PASSED] - closeWindowIndex(index): Window with index 1 is closed

2021-11-23 16:45:27 - [MESSAGE][INFO] - Checking index

2021-11-23 16:45:27 - [MESSAGE][INFO] - Closing window with index 1

2021-11-23 16:45:27 - [MESSAGE][PASSED] - Window with index 1 is closed

2021-11-23 16:45:27 - [TEST_STEP][PASSED] - switchToWindowIndex(0): Switched to window with index: '0'

2021-11-23 16:45:27 - [MESSAGE][INFO] - Checking index

2021-11-23 16:45:27 - [MESSAGE][INFO] - Switching window with index: '0'

2021-11-23 16:45:27 - [MESSAGE][PASSED] - Switched to window with index: '0'

2021-11-23 16:45:27 - [MESSAGE][PASSED] - Call Test Case 'Test Cases/Sekmeler/Ana_Sekmeye_Gec' successfully

2021-11-23 16:45:27 - [MESSAGE][INFO] - Checking called Test Case

2021-11-23 16:45:27 - [MESSAGE][INFO] - Starting to call Test Case 'Test Cases/Kullanici_Islemleri/KullaniciIslemlerindenSecimYapilir'

2021-11-23 16:45:27 - [TEST_CASE][PASSED] - Test Cases/Kullanici_Islemleri/KullaniciIslemlerindenSecimYapilir: Test Cases/Kullanici_Islemleri/KullaniciIslemlerindenSecimYapilir

2021-11-23 16:45:27 - [TEST_STEP][PASSED] - waitForElementClickable(findTestObject("Object Repository/Kullanici_Islemleri/KullaniciIslemleri"), 10): Object 'Object Repository/Kullanici_Islemleri/KullaniciIslemleri' is clickable

2021-11-23 16:45:27 - [MESSAGE][INFO] - Finding Test Object 'Object Repository/Kullanici_Islemleri/KullaniciIslemleri'

2021-11-23 16:45:27 - [MESSAGE][INFO] - Checking object

2021-11-23 16:45:27 - [MESSAGE][INFO] - Checking timeout

2021-11-23 16:45:27 - [MESSAGE][INFO] - Finding web element from Test Object's properties

2021-11-23 16:45:27 - [MESSAGE][INFO] - Checking timeout

2021-11-23 16:45:27 - [MESSAGE][INFO] - Finding web element with id: 'Object Repository/Kullanici_Islemleri/KullaniciIslemleri' located by 'By.cssSelector: .dropdown>a>img' in '10' second(s)

2021-11-23 16:45:27 - [MESSAGE][INFO] - Smart Wait Function is triggered

2021-11-23 16:45:27 - [MESSAGE][INFO] - Found 1 web elements with id: 'Object Repository/Kullanici_Islemleri/KullaniciIslemleri' located by 'By.cssSelector: .dropdown>a>img' in '10' second(s)

2021-11-23 16:45:27 - [MESSAGE][PASSED] - Object 'Object Repository/Kullanici_Islemleri/KullaniciIslemleri' is clickable

2021-11-23 16:45:27 - [TEST_STEP][PASSED] - click(findTestObject("Object Repository/Kullanici_Islemleri/KullaniciIslemleri")): Object: 'Object Repository/Kullanici_Islemleri/KullaniciIslemleri' is clicked on

2021-11-23 16:45:27 - [MESSAGE][INFO] - Finding Test Object 'Object Repository/Kullanici_Islemleri/KullaniciIslemleri'

2021-11-23 16:45:27 - [MESSAGE][INFO] - Checking object

2021-11-23 16:45:27 - [MESSAGE][INFO] - Finding web element from Test Object's properties

2021-11-23 16:45:27 - [MESSAGE][INFO] - Checking timeout

2021-11-23 16:45:27 - [MESSAGE][INFO] - Finding web element with id: 'Object Repository/Kullanici_Islemleri/KullaniciIslemleri' located by 'By.cssSelector: .dropdown>a>img' in '30' second(s)

2021-11-23 16:45:27 - [MESSAGE][INFO] - Smart Wait Function is triggered

2021-11-23 16:45:28 - [MESSAGE][INFO] - Found 1 web elements with id: 'Object Repository/Kullanici_Islemleri/KullaniciIslemleri' located by 'By.cssSelector: .dropdown>a>img' in '30' second(s)

2021-11-23 16:45:28 - [MESSAGE][INFO] - Clicking on object: 'Object Repository/Kullanici_Islemleri/KullaniciIslemleri'

2021-11-23 16:45:28 - [MESSAGE][PASSED] - Object: 'Object Repository/Kullanici_Islemleri/KullaniciIslemleri' is clicked on

2021-11-23 16:45:28 - [TEST_STEP][PASSED] - Method.TextDegerineEsitElementeTikla(findTestObject("Object Repository/Kullanici_Islemleri/Secenekler"), Islem): Method.TextDegerineEsitElementeTikla is PASSED

2021-11-23 16:45:28 - [MESSAGE][INFO] - Finding Test Object 'Object Repository/Kullanici_Islemleri/Secenekler'

2021-11-23 16:45:28 - [MESSAGE][INFO] - Checking timeout

2021-11-23 16:45:28 - [MESSAGE][INFO] - Finding web element with id: 'Object Repository/Kullanici_Islemleri/Secenekler' located by 'By.cssSelector: .nav.navbar-nav.navbar-right li a' in '10' second(s)

2021-11-23 16:45:28 - [MESSAGE][INFO] - Smart Wait Function is triggered

2021-11-23 16:45:28 - [MESSAGE][INFO] - Found 22 web elements with id: 'Object Repository/Kullanici_Islemleri/Secenekler' located by 'By.cssSelector: .nav.navbar-nav.navbar-right li a' in '10' second(s)

2021-11-23 16:45:30 - [MESSAGE][PASSED] - Method.TextDegerineEsitElementeTikla is PASSED

2021-11-23 16:45:30 - [TEST_STEP][PASSED] - verifyElementNotPresent(findTestObject("Object Repository/Kullanici_Islemleri/Secenekler"), 10): Web element with id: 'Object Repository/Kullanici_Islemleri/Secenekler' located by 'By.cssSelector: .nav.navbar-nav.navbar-right li a' is not present after '10' second(s)

2021-11-23 16:45:30 - [MESSAGE][INFO] - Finding Test Object 'Object Repository/Kullanici_Islemleri/Secenekler'

2021-11-23 16:45:31 - [MESSAGE][INFO] - Checking object

2021-11-23 16:45:31 - [MESSAGE][INFO] - Checking timeout

2021-11-23 16:45:31 - [MESSAGE][INFO] - Finding web element with id: 'Object Repository/Kullanici_Islemleri/Secenekler' located by 'By.cssSelector: .nav.navbar-nav.navbar-right li a' in '10' second(s)

2021-11-23 16:45:31 - [MESSAGE][INFO] - Smart Wait Function is triggered

2021-11-23 16:45:31 - [MESSAGE][PASSED] - Web element with id: 'Object Repository/Kullanici_Islemleri/Secenekler' located by 'By.cssSelector: .nav.navbar-nav.navbar-right li a' is not present after '10' second(s)

2021-11-23 16:45:31 - [MESSAGE][PASSED] - Call Test Case 'Test Cases/Kullanici_Islemleri/KullaniciIslemlerindenSecimYapilir' successfully

2021-11-23 16:45:31 - [TEST_CASE][PASSED] - Start Test Case : SCENARIO e-Mustahsil Makbuzu Raporlari gecmisi: SCENARIO e-Mustahsil Makbuzu Raporlari gecmisi

2021-11-23 16:45:31 - [TEST_STEP][PASSED] - Kullanıcı adı ELOGO6 ve Şifre 123456 olarak giriş yapılır: Kullanıcı adı ELOGO6 ve Şifre 123456 olarak giriş yapılır

2021-11-23 16:45:31 - [MESSAGE][PASSED] - Kullanıcı adı ELOGO6 ve Şifre 123456 olarak giriş yapılır

2021-11-23 16:45:31 - [TEST_STEP][PASSED] - Ana menüden e-Makbuz seçilir: Ana menüden e-Makbuz seçilir

2021-11-23 16:45:31 - [MESSAGE][PASSED] - Ana menüden e-Makbuz seçilir

2021-11-23 16:45:31 - [TEST_STEP][PASSED] - Alt menü e-Müstahsil Uygulaması başlığı altındaki e-Müstahsil Makbuzu Raporları seçilir: Alt menü e-Müstahsil Uygulaması başlığı altındaki e-Müstahsil Makbuzu Raporları seçilir

2021-11-23 16:45:31 - [MESSAGE][PASSED] - Alt menü e-Müstahsil Uygulaması başlığı altındaki e-Müstahsil Makbuzu Raporları seçilir

2021-11-23 16:45:31 - [TEST_STEP][PASSED] - Filtrelerden Dönem Tarihi filtresine 2021 Ocak dropdowndan degeri seçilir: Filtrelerden Dönem Tarihi filtresine 2021 Ocak dropdowndan degeri seçilir

2021-11-23 16:45:31 - [MESSAGE][PASSED] - Filtrelerden Dönem Tarihi filtresine 2021 Ocak dropdowndan degeri seçilir

2021-11-23 16:45:31 - [TEST_STEP][PASSED] - Filtrelerden Bölüm Tarihi filtresine 09.01.2021 baslangic degerini yaz: Filtrelerden Bölüm Tarihi filtresine 09.01.2021 baslangic degerini yaz

2021-11-23 16:45:31 - [MESSAGE][PASSED] - Filtrelerden Bölüm Tarihi filtresine 09.01.2021 baslangic degerini yaz

2021-11-23 16:45:31 - [TEST_STEP][PASSED] - Filtrelerden Bölüm Tarihi filtresine 09.01.2021 bitis degerini yaz: Filtrelerden Bölüm Tarihi filtresine 09.01.2021 bitis degerini yaz

2021-11-23 16:45:31 - [MESSAGE][PASSED] - Filtrelerden Bölüm Tarihi filtresine 09.01.2021 bitis degerini yaz

2021-11-23 16:45:31 - [TEST_STEP][PASSED] - Filtre butonlarından Listele seçilir: Filtre butonlarından Listele seçilir

2021-11-23 16:45:31 - [MESSAGE][PASSED] - Filtre butonlarından Listele seçilir

2021-11-23 16:45:31 - [TEST_STEP][PASSED] - Tabloda veri var mı kontrol edilir: Tabloda veri var mı kontrol edilir

2021-11-23 16:45:31 - [MESSAGE][PASSED] - Tabloda veri var mı kontrol edilir

2021-11-23 16:45:31 - [TEST_STEP][PASSED] - Tablodan 2891 isimli veri seçilir: Tablodan 2891 isimli veri seçilir

2021-11-23 16:45:31 - [MESSAGE][PASSED] - Tablodan 2891 isimli veri seçilir

2021-11-23 16:45:31 - [TEST_STEP][PASSED] - Butonlardan İzleme Kayıtları isimli butona tıklanır: Butonlardan İzleme Kayıtları isimli butona tıklanır

2021-11-23 16:45:31 - [MESSAGE][PASSED] - Butonlardan İzleme Kayıtları isimli butona tıklanır

2021-11-23 16:45:31 - [TEST_STEP][PASSED] - Yeni açılan sekmeye geçilir: Yeni açılan sekmeye geçilir

2021-11-23 16:45:31 - [MESSAGE][PASSED] - Yeni açılan sekmeye geçilir

2021-11-23 16:45:31 - [TEST_STEP][PASSED] - Müstahsil Makbuzu Rapor İzleme Kayıtları baslikli gecmis sayfasi geldi mi: Müstahsil Makbuzu Rapor İzleme Kayıtları baslikli gecmis sayfasi geldi mi

2021-11-23 16:45:31 - [MESSAGE][PASSED] - Müstahsil Makbuzu Rapor İzleme Kayıtları baslikli gecmis sayfasi geldi mi

2021-11-23 16:45:31 - [TEST_STEP][PASSED] - Ana sekmeye geçilir: Ana sekmeye geçilir

2021-11-23 16:45:31 - [MESSAGE][PASSED] - Ana sekmeye geçilir

2021-11-23 16:45:31 - [TEST_STEP][PASSED] - Kullanıcı işlemlerinden Çıkış seçilir: Kullanıcı işlemlerinden Çıkış seçilir

2021-11-23 16:45:31 - [MESSAGE][PASSED] - Kullanıcı işlemlerinden Çıkış seçilir

2021-11-23 16:45:31 - [MESSAGE][PASSED] - Feature file: 'Include/features/e-Makbuz/e-Mustahsil Uygulamasi/e-Mustahsil Makbuzu Raporlari/Izleme Kayitlari.feature' was passed

2021-11-23 16:45:31 - [TEST_STEP][PASSED] - Start listener action : sampleAfterTestSuite: Invoke 'com.kms.katalon.core.annotation.AfterTestCase' method: 'Listener.sampleAfterTestSuite(...)' completed.

2021-11-23 16:45:31 - [MESSAGE][INFO] - Starting invoke 'com.kms.katalon.core.annotation.AfterTestCase' method: 'Listener.sampleAfterTestSuite(...)'

2021-11-23 16:45:31 - [TEST_STEP][PASSED] - closeBrowser(): Invoke 'com.kms.katalon.core.annotation.AfterTestCase' method: 'Listener.sampleAfterTestSuite(...)' completed.

2021-11-23 16:45:31 - [MESSAGE][INFO] - Closing browser

2021-11-23 16:45:32 - [MESSAGE][PASSED] - Browser is closed

2021-11-23 16:45:32 - [MESSAGE][INFO] - Invoke 'com.kms.katalon.core.annotation.AfterTestCase' method: 'Listener.sampleAfterTestSuite(...)' completed.]]></system-out>
         <system-err><![CDATA[]]></system-err>
      </testcase>
      <testcase name="Test Cases/Case Repository/e-Makbuz/e-Mustahsil Uygulamasi/e-Mustahsil Makbuzu Raporlari/Rapor" time="44.782" classname="Test Cases/Case Repository/e-Makbuz/e-Mustahsil Uygulamasi/e-Mustahsil Makbuzu Raporlari/Rapor" status="PASSED">
         <system-out><![CDATA[2021-11-23 16:45:32 - [TEST_CASE][PASSED] - Test Cases/Case Repository/e-Makbuz/e-Mustahsil Uygulamasi/e-Mustahsil Makbuzu Raporlari/Rapor: Test Cases/Case Repository/e-Makbuz/e-Mustahsil Uygulamasi/e-Mustahsil Makbuzu Raporlari/Rapor

2021-11-23 16:45:32 - [TEST_STEP][PASSED] - Start listener action : sampleBeforeTestSuite: Invoke 'com.kms.katalon.core.annotation.BeforeTestCase' method: 'Listener.sampleBeforeTestSuite(...)' completed.

2021-11-23 16:45:32 - [MESSAGE][INFO] - Starting invoke 'com.kms.katalon.core.annotation.BeforeTestCase' method: 'Listener.sampleBeforeTestSuite(...)'

2021-11-23 16:45:32 - [TEST_STEP][PASSED] - openBrowser(baseUrl): Browser is opened with url: 'https://efatura-stage.elogo.com.tr/'

2021-11-23 16:45:32 - [MESSAGE][INFO] - Opening browser

2021-11-23 16:45:32 - [MESSAGE][INFO] - Starting 'Chrome' driver

2021-11-23 16:45:32 - [MESSAGE][INFO] - User set preference: ['prefs', '{download.default_directory=C:\otomasyondownfiles}']

2021-11-23 16:45:32 - [MESSAGE][INFO] - Action delay is set to 0 milliseconds

2021-11-23 16:45:33 - [MESSAGE][INFO] - Navigating browser to: 'https://efatura-stage.elogo.com.tr/'

2021-11-23 16:45:40 - [MESSAGE][PASSED] - Browser is opened with url: 'https://efatura-stage.elogo.com.tr/'

2021-11-23 16:45:40 - [TEST_STEP][PASSED] - maximizeWindow(): Invoke 'com.kms.katalon.core.annotation.BeforeTestCase' method: 'Listener.sampleBeforeTestSuite(...)' completed.

2021-11-23 16:45:40 - [MESSAGE][INFO] - Maximizing current window

2021-11-23 16:45:40 - [MESSAGE][PASSED] - Current window maximized

2021-11-23 16:45:40 - [MESSAGE][INFO] - Invoke 'com.kms.katalon.core.annotation.BeforeTestCase' method: 'Listener.sampleBeforeTestSuite(...)' completed.

2021-11-23 16:45:41 - [TEST_STEP][PASSED] - runFeatureFile("Include/features/e-Makbuz/e-Mustahsil Uygulamasi/e-Mustahsil Makbuzu Raporlari/Rapor.feature"): Feature file: 'Include/features/e-Makbuz/e-Mustahsil Uygulamasi/e-Mustahsil Makbuzu Raporlari/Rapor.feature' was passed

2021-11-23 16:45:41 - [MESSAGE][INFO] - Starting run keyword runFeatureFile: 'Include/features/e-Makbuz/e-Mustahsil Uygulamasi/e-Mustahsil Makbuzu Raporlari/Rapor.feature' and extract report to folder: 'C:\Users\DELL\Documents\GitHub\EES_KatalonLogo\Reports\20211123_163326\Suite Repository\e-Makbuz\20211123_163348/cucumber_report/1637675141139'...

2021-11-23 16:45:41 - [MESSAGE][INFO] - Glue: []

2021-11-23 16:45:44 - [MESSAGE][INFO] - Checking called Test Case

2021-11-23 16:45:44 - [MESSAGE][INFO] - Starting to call Test Case 'Test Cases/Sayfalar/Giris_Sayfasi/Login'

2021-11-23 16:45:44 - [TEST_CASE][PASSED] - Test Cases/Sayfalar/Giris_Sayfasi/Login: Test Cases/Sayfalar/Giris_Sayfasi/Login

2021-11-23 16:45:44 - [TEST_STEP][PASSED] - Sayfa_Basligi = getWindowTitle(): Current window's title is: 'LOGO e-Fatura'

2021-11-23 16:45:44 - [MESSAGE][INFO] - Getting current window's title

2021-11-23 16:45:44 - [MESSAGE][PASSED] - Current window's title is: 'LOGO e-Fatura'

2021-11-23 16:45:44 - [TEST_STEP][PASSED] - verifyMatch(Sayfa_Basligi, "LOGO e-Fatura", false): Actual text 'LOGO e-Fatura' and expected text 'LOGO e-Fatura' are matched 

2021-11-23 16:45:44 - [MESSAGE][INFO] - Matching actual text 'LOGO e-Fatura' with expected text 'LOGO e-Fatura'

2021-11-23 16:45:44 - [MESSAGE][PASSED] - Actual text 'LOGO e-Fatura' and expected text 'LOGO e-Fatura' are matched 

2021-11-23 16:45:44 - [TEST_STEP][PASSED] - sendKeys(findTestObject("Sayfalar/Giris_Sayfasi/Firma_Kodu"), KullaniciAdi): Keys 'ELOGO6' sent to object: 'Object Repository/Sayfalar/Giris_Sayfasi/Firma_Kodu'

2021-11-23 16:45:44 - [MESSAGE][INFO] - Finding Test Object 'Object Repository/Sayfalar/Giris_Sayfasi/Firma_Kodu'

2021-11-23 16:45:44 - [MESSAGE][INFO] - Sending keys 'ELOGO6' to object: 'Object Repository/Sayfalar/Giris_Sayfasi/Firma_Kodu'

2021-11-23 16:45:44 - [MESSAGE][INFO] - Finding web element from Test Object's properties

2021-11-23 16:45:44 - [MESSAGE][INFO] - Checking timeout

2021-11-23 16:45:44 - [MESSAGE][INFO] - Finding web element with id: 'Object Repository/Sayfalar/Giris_Sayfasi/Firma_Kodu' located by 'By.xpath: //*[@id = 'AccountName']' in '30' second(s)

2021-11-23 16:45:44 - [MESSAGE][INFO] - Smart Wait Function is triggered

2021-11-23 16:45:44 - [MESSAGE][INFO] - Found 1 web elements with id: 'Object Repository/Sayfalar/Giris_Sayfasi/Firma_Kodu' located by 'By.xpath: //*[@id = 'AccountName']' in '30' second(s)

2021-11-23 16:45:44 - [MESSAGE][PASSED] - Keys 'ELOGO6' sent to object: 'Object Repository/Sayfalar/Giris_Sayfasi/Firma_Kodu'

2021-11-23 16:45:44 - [TEST_STEP][PASSED] - sendKeys(findTestObject("Sayfalar/Giris_Sayfasi/Sifre"), Sifre): Keys '123456' sent to object: 'Object Repository/Sayfalar/Giris_Sayfasi/Sifre'

2021-11-23 16:45:44 - [MESSAGE][INFO] - Finding Test Object 'Object Repository/Sayfalar/Giris_Sayfasi/Sifre'

2021-11-23 16:45:44 - [MESSAGE][INFO] - Sending keys '123456' to object: 'Object Repository/Sayfalar/Giris_Sayfasi/Sifre'

2021-11-23 16:45:44 - [MESSAGE][INFO] - Finding web element from Test Object's properties

2021-11-23 16:45:44 - [MESSAGE][INFO] - Checking timeout

2021-11-23 16:45:44 - [MESSAGE][INFO] - Finding web element with id: 'Object Repository/Sayfalar/Giris_Sayfasi/Sifre' located by 'By.xpath: //*[@id = 'Password']' in '30' second(s)

2021-11-23 16:45:44 - [MESSAGE][INFO] - Smart Wait Function is triggered

2021-11-23 16:45:45 - [MESSAGE][INFO] - Found 1 web elements with id: 'Object Repository/Sayfalar/Giris_Sayfasi/Sifre' located by 'By.xpath: //*[@id = 'Password']' in '30' second(s)

2021-11-23 16:45:45 - [MESSAGE][PASSED] - Keys '123456' sent to object: 'Object Repository/Sayfalar/Giris_Sayfasi/Sifre'

2021-11-23 16:45:45 - [TEST_STEP][PASSED] - findWebElement(findTestObject("Sayfalar/Giris_Sayfasi/Giris_Butonu")).click(): Found 1 web elements with id: 'Object Repository/Sayfalar/Giris_Sayfasi/Giris_Butonu' located by 'By.cssSelector: #btnLogin' in '30' second(s)

2021-11-23 16:45:45 - [MESSAGE][INFO] - Finding Test Object 'Object Repository/Sayfalar/Giris_Sayfasi/Giris_Butonu'

2021-11-23 16:45:45 - [MESSAGE][INFO] - Finding web element from Test Object's properties

2021-11-23 16:45:45 - [MESSAGE][INFO] - Checking timeout

2021-11-23 16:45:45 - [MESSAGE][INFO] - Finding web element with id: 'Object Repository/Sayfalar/Giris_Sayfasi/Giris_Butonu' located by 'By.cssSelector: #btnLogin' in '30' second(s)

2021-11-23 16:45:45 - [MESSAGE][INFO] - Smart Wait Function is triggered

2021-11-23 16:45:45 - [MESSAGE][INFO] - Found 1 web elements with id: 'Object Repository/Sayfalar/Giris_Sayfasi/Giris_Butonu' located by 'By.cssSelector: #btnLogin' in '30' second(s)

2021-11-23 16:45:48 - [TEST_STEP][PASSED] - if (verifyElementPresent(findTestObject("Object Repository/Sayfalar/Giris_Sayfasi/RetveTamam_Butonu"), 5, OPTIONAL)): null

2021-11-23 16:45:48 - [MESSAGE][INFO] - Finding Test Object 'Object Repository/Sayfalar/Giris_Sayfasi/RetveTamam_Butonu'

2021-11-23 16:45:48 - [MESSAGE][INFO] - Checking object

2021-11-23 16:45:48 - [MESSAGE][INFO] - Finding web element from Test Object's properties

2021-11-23 16:45:48 - [MESSAGE][INFO] - Checking timeout

2021-11-23 16:45:48 - [MESSAGE][INFO] - Finding web element with id: 'Object Repository/Sayfalar/Giris_Sayfasi/RetveTamam_Butonu' located by 'By.xpath: //*[@class = 'btn btn-default']' in '5' second(s)

2021-11-23 16:45:48 - [MESSAGE][INFO] - Smart Wait Function is triggered

2021-11-23 16:45:48 - [MESSAGE][INFO] - Found 1 web elements with id: 'Object Repository/Sayfalar/Giris_Sayfasi/RetveTamam_Butonu' located by 'By.xpath: //*[@class = 'btn btn-default']' in '5' second(s)

2021-11-23 16:45:48 - [MESSAGE][PASSED] - Object 'Object Repository/Sayfalar/Giris_Sayfasi/RetveTamam_Butonu' is present

2021-11-23 16:45:48 - [TEST_STEP][PASSED] - click(findTestObject("Object Repository/Sayfalar/Giris_Sayfasi/RetveTamam_Butonu")): Object: 'Object Repository/Sayfalar/Giris_Sayfasi/RetveTamam_Butonu' is clicked on

2021-11-23 16:45:48 - [MESSAGE][INFO] - Finding Test Object 'Object Repository/Sayfalar/Giris_Sayfasi/RetveTamam_Butonu'

2021-11-23 16:45:48 - [MESSAGE][INFO] - Checking object

2021-11-23 16:45:48 - [MESSAGE][INFO] - Finding web element from Test Object's properties

2021-11-23 16:45:48 - [MESSAGE][INFO] - Checking timeout

2021-11-23 16:45:48 - [MESSAGE][INFO] - Finding web element with id: 'Object Repository/Sayfalar/Giris_Sayfasi/RetveTamam_Butonu' located by 'By.xpath: //*[@class = 'btn btn-default']' in '30' second(s)

2021-11-23 16:45:48 - [MESSAGE][INFO] - Smart Wait Function is triggered

2021-11-23 16:45:48 - [MESSAGE][INFO] - Found 1 web elements with id: 'Object Repository/Sayfalar/Giris_Sayfasi/RetveTamam_Butonu' located by 'By.xpath: //*[@class = 'btn btn-default']' in '30' second(s)

2021-11-23 16:45:48 - [MESSAGE][INFO] - Clicking on object: 'Object Repository/Sayfalar/Giris_Sayfasi/RetveTamam_Butonu'

2021-11-23 16:45:48 - [MESSAGE][PASSED] - Object: 'Object Repository/Sayfalar/Giris_Sayfasi/RetveTamam_Butonu' is clicked on

2021-11-23 16:45:48 - [TEST_STEP][PASSED] - click(findTestObject("Object Repository/Sayfalar/Giris_Sayfasi/RetveTamam_Butonu")): Object: 'Object Repository/Sayfalar/Giris_Sayfasi/RetveTamam_Butonu' is clicked on

2021-11-23 16:45:48 - [MESSAGE][INFO] - Finding Test Object 'Object Repository/Sayfalar/Giris_Sayfasi/RetveTamam_Butonu'

2021-11-23 16:45:49 - [MESSAGE][INFO] - Checking object

2021-11-23 16:45:49 - [MESSAGE][INFO] - Finding web element from Test Object's properties

2021-11-23 16:45:49 - [MESSAGE][INFO] - Checking timeout

2021-11-23 16:45:49 - [MESSAGE][INFO] - Finding web element with id: 'Object Repository/Sayfalar/Giris_Sayfasi/RetveTamam_Butonu' located by 'By.xpath: //*[@class = 'btn btn-default']' in '30' second(s)

2021-11-23 16:45:49 - [MESSAGE][INFO] - Smart Wait Function is triggered

2021-11-23 16:45:52 - [MESSAGE][INFO] - Found 1 web elements with id: 'Object Repository/Sayfalar/Giris_Sayfasi/RetveTamam_Butonu' located by 'By.xpath: //*[@class = 'btn btn-default']' in '30' second(s)

2021-11-23 16:45:52 - [MESSAGE][INFO] - Clicking on object: 'Object Repository/Sayfalar/Giris_Sayfasi/RetveTamam_Butonu'

2021-11-23 16:45:52 - [MESSAGE][PASSED] - Object: 'Object Repository/Sayfalar/Giris_Sayfasi/RetveTamam_Butonu' is clicked on

2021-11-23 16:45:52 - [TEST_STEP][PASSED] - if (verifyElementPresent(findTestObject("Sayfalar/Giris_Sayfasi/PopupOK"), 5, OPTIONAL)): null

2021-11-23 16:45:52 - [MESSAGE][INFO] - Finding Test Object 'Object Repository/Sayfalar/Giris_Sayfasi/PopupOK'

2021-11-23 16:45:52 - [MESSAGE][INFO] - Checking object

2021-11-23 16:45:52 - [MESSAGE][INFO] - Finding web element from Test Object's properties

2021-11-23 16:45:52 - [MESSAGE][INFO] - Checking timeout

2021-11-23 16:45:52 - [MESSAGE][INFO] - Finding web element with id: 'Object Repository/Sayfalar/Giris_Sayfasi/PopupOK' located by 'By.cssSelector: .btn.btn-success' in '5' second(s)

2021-11-23 16:45:52 - [MESSAGE][INFO] - Smart Wait Function is triggered

2021-11-23 16:45:52 - [MESSAGE][INFO] - Found 1 web elements with id: 'Object Repository/Sayfalar/Giris_Sayfasi/PopupOK' located by 'By.cssSelector: .btn.btn-success' in '5' second(s)

2021-11-23 16:45:52 - [MESSAGE][PASSED] - Object 'Object Repository/Sayfalar/Giris_Sayfasi/PopupOK' is present

2021-11-23 16:45:52 - [TEST_STEP][PASSED] - click(findTestObject("Object Repository/Sayfalar/Giris_Sayfasi/PopupCarpiGiris")): Object: 'Object Repository/Sayfalar/Giris_Sayfasi/PopupCarpiGiris' is clicked on

2021-11-23 16:45:52 - [MESSAGE][INFO] - Finding Test Object 'Object Repository/Sayfalar/Giris_Sayfasi/PopupCarpiGiris'

2021-11-23 16:45:53 - [MESSAGE][INFO] - Checking object

2021-11-23 16:45:53 - [MESSAGE][INFO] - Finding web element from Test Object's properties

2021-11-23 16:45:53 - [MESSAGE][INFO] - Checking timeout

2021-11-23 16:45:53 - [MESSAGE][INFO] - Finding web element with id: 'Object Repository/Sayfalar/Giris_Sayfasi/PopupCarpiGiris' located by 'By.cssSelector: .bootbox-close-button.close' in '30' second(s)

2021-11-23 16:45:53 - [MESSAGE][INFO] - Smart Wait Function is triggered

2021-11-23 16:45:53 - [MESSAGE][INFO] - Found 1 web elements with id: 'Object Repository/Sayfalar/Giris_Sayfasi/PopupCarpiGiris' located by 'By.cssSelector: .bootbox-close-button.close' in '30' second(s)

2021-11-23 16:45:53 - [MESSAGE][INFO] - Clicking on object: 'Object Repository/Sayfalar/Giris_Sayfasi/PopupCarpiGiris'

2021-11-23 16:45:53 - [MESSAGE][PASSED] - Object: 'Object Repository/Sayfalar/Giris_Sayfasi/PopupCarpiGiris' is clicked on

2021-11-23 16:45:53 - [TEST_STEP][PASSED] - verifyElementVisible(findTestObject("Object Repository/Kullanici_Islemleri/KullaniciIslemleri")): Object 'Object Repository/Kullanici_Islemleri/KullaniciIslemleri' is visible

2021-11-23 16:45:53 - [MESSAGE][INFO] - Finding Test Object 'Object Repository/Kullanici_Islemleri/KullaniciIslemleri'

2021-11-23 16:45:53 - [MESSAGE][INFO] - Checking object

2021-11-23 16:45:53 - [MESSAGE][INFO] - Finding web element from Test Object's properties

2021-11-23 16:45:53 - [MESSAGE][INFO] - Checking timeout

2021-11-23 16:45:53 - [MESSAGE][INFO] - Finding web element with id: 'Object Repository/Kullanici_Islemleri/KullaniciIslemleri' located by 'By.cssSelector: .dropdown>a>img' in '30' second(s)

2021-11-23 16:45:53 - [MESSAGE][INFO] - Smart Wait Function is triggered

2021-11-23 16:45:54 - [MESSAGE][INFO] - Found 1 web elements with id: 'Object Repository/Kullanici_Islemleri/KullaniciIslemleri' located by 'By.cssSelector: .dropdown>a>img' in '30' second(s)

2021-11-23 16:45:54 - [MESSAGE][PASSED] - Object 'Object Repository/Kullanici_Islemleri/KullaniciIslemleri' is visible

2021-11-23 16:45:54 - [MESSAGE][PASSED] - Call Test Case 'Test Cases/Sayfalar/Giris_Sayfasi/Login' successfully

2021-11-23 16:45:54 - [MESSAGE][INFO] - Checking called Test Case

2021-11-23 16:45:54 - [MESSAGE][INFO] - Starting to call Test Case 'Test Cases/Menu/AnaMenuSecimi'

2021-11-23 16:45:54 - [TEST_CASE][PASSED] - Test Cases/Menu/AnaMenuSecimi: Test Cases/Menu/AnaMenuSecimi

2021-11-23 16:45:54 - [TEST_STEP][PASSED] - Method.TextDegerineEsitElementeTikla(findTestObject("Menu/Ana_Menu"), Ana_Menu): Method.TextDegerineEsitElementeTikla is PASSED

2021-11-23 16:45:54 - [MESSAGE][INFO] - Finding Test Object 'Object Repository/Menu/Ana_Menu'

2021-11-23 16:45:54 - [MESSAGE][INFO] - Checking timeout

2021-11-23 16:45:54 - [MESSAGE][INFO] - Finding web element with id: 'Object Repository/Menu/Ana_Menu' located by 'By.xpath: //*[@class = 'dropdown-toggle']' in '10' second(s)

2021-11-23 16:45:54 - [MESSAGE][INFO] - Smart Wait Function is triggered

2021-11-23 16:45:54 - [MESSAGE][INFO] - Found 14 web elements with id: 'Object Repository/Menu/Ana_Menu' located by 'By.xpath: //*[@class = 'dropdown-toggle']' in '10' second(s)

2021-11-23 16:45:54 - [MESSAGE][PASSED] - Method.TextDegerineEsitElementeTikla is PASSED

2021-11-23 16:45:54 - [MESSAGE][PASSED] - Call Test Case 'Test Cases/Menu/AnaMenuSecimi' successfully

2021-11-23 16:45:54 - [MESSAGE][INFO] - Checking called Test Case

2021-11-23 16:45:54 - [MESSAGE][INFO] - Starting to call Test Case 'Test Cases/Menu/BasligaGoreAltMenuSecimi'

2021-11-23 16:45:54 - [TEST_CASE][PASSED] - Test Cases/Menu/BasligaGoreAltMenuSecimi: Test Cases/Menu/BasligaGoreAltMenuSecimi

2021-11-23 16:45:54 - [TEST_STEP][PASSED] - Method.TextDegerineEsitElementinAltindakiTextDegerineEsitOlanaTikla(findTestObject("Menu/Menu_Basligi"), findTestObject("Menu/Basliga_Gore_Alt_Menu"), Baslik, Alt_Menu): Method.TextDegerineEsitElementinAltindakiTextDegerineEsitOlanaTikla is PASSED

2021-11-23 16:45:54 - [MESSAGE][INFO] - Finding Test Object 'Object Repository/Menu/Menu_Basligi'

2021-11-23 16:45:55 - [MESSAGE][INFO] - Finding Test Object 'Object Repository/Menu/Basliga_Gore_Alt_Menu'

2021-11-23 16:45:55 - [MESSAGE][INFO] - Checking timeout

2021-11-23 16:45:55 - [MESSAGE][INFO] - Finding web element with id: 'Object Repository/Menu/Menu_Basligi' located by 'By.xpath: //li[@class='dropdown dropdown-large open']//li[@class='dropdown-header']' in '10' second(s)

2021-11-23 16:45:55 - [MESSAGE][INFO] - Smart Wait Function is triggered

2021-11-23 16:45:55 - [MESSAGE][INFO] - Found 2 web elements with id: 'Object Repository/Menu/Menu_Basligi' located by 'By.xpath: //li[@class='dropdown dropdown-large open']//li[@class='dropdown-header']' in '10' second(s)

2021-11-23 16:45:55 - [MESSAGE][INFO] - Smart Wait Function is triggered

2021-11-23 16:45:58 - [MESSAGE][PASSED] - Method.TextDegerineEsitElementinAltindakiTextDegerineEsitOlanaTikla is PASSED

2021-11-23 16:45:58 - [MESSAGE][PASSED] - Call Test Case 'Test Cases/Menu/BasligaGoreAltMenuSecimi' successfully

2021-11-23 16:45:58 - [MESSAGE][INFO] - Checking called Test Case

2021-11-23 16:45:58 - [MESSAGE][INFO] - Starting to call Test Case 'Test Cases/Filtreler/DropdownSec'

2021-11-23 16:45:58 - [TEST_CASE][PASSED] - Test Cases/Filtreler/DropdownSec: Test Cases/Filtreler/DropdownSec

2021-11-23 16:45:58 - [TEST_STEP][PASSED] - Method.TextDegerineEsitElementinAltindakineTikla(findTestObject("Filtreler/Basliklar"), findTestObject("Filtreler/Basliga_Gore_Baslangic_Image"), Filtre_Adi): Method.TextDegerineEsitElementinAltindakineTikla is PASSED

2021-11-23 16:45:58 - [MESSAGE][INFO] - Finding Test Object 'Object Repository/Filtreler/Basliklar'

2021-11-23 16:45:58 - [MESSAGE][INFO] - Finding Test Object 'Object Repository/Filtreler/Basliga_Gore_Baslangic_Image'

2021-11-23 16:45:58 - [MESSAGE][INFO] - Checking timeout

2021-11-23 16:45:58 - [MESSAGE][INFO] - Finding web element with id: 'Object Repository/Filtreler/Basliklar' located by 'By.cssSelector: .control-label.col-sm-4.paddingMarginRLC' in '10' second(s)

2021-11-23 16:45:58 - [MESSAGE][INFO] - Smart Wait Function is triggered

2021-11-23 16:45:59 - [MESSAGE][INFO] - Found 5 web elements with id: 'Object Repository/Filtreler/Basliklar' located by 'By.cssSelector: .control-label.col-sm-4.paddingMarginRLC' in '10' second(s)

2021-11-23 16:45:59 - [MESSAGE][INFO] - Smart Wait Function is triggered

2021-11-23 16:45:59 - [MESSAGE][PASSED] - Method.TextDegerineEsitElementinAltindakineTikla is PASSED

2021-11-23 16:45:59 - [TEST_STEP][PASSED] - Method.TextDegerineEsitElementeTikla(findTestObject("Object Repository/Filtreler/Basliga_Gore_Dropdown"), Filtre_Degeri): Method.TextDegerineEsitElementeTikla is PASSED

2021-11-23 16:45:59 - [MESSAGE][INFO] - Finding Test Object 'Object Repository/Filtreler/Basliga_Gore_Dropdown'

2021-11-23 16:45:59 - [MESSAGE][INFO] - Checking timeout

2021-11-23 16:45:59 - [MESSAGE][INFO] - Finding web element with id: 'Object Repository/Filtreler/Basliga_Gore_Dropdown' located by 'By.xpath: //*[@class = 'dxeListBoxItemRow_LECustomTheme']' in '10' second(s)

2021-11-23 16:45:59 - [MESSAGE][INFO] - Smart Wait Function is triggered

2021-11-23 16:45:59 - [MESSAGE][INFO] - Found 59 web elements with id: 'Object Repository/Filtreler/Basliga_Gore_Dropdown' located by 'By.xpath: //*[@class = 'dxeListBoxItemRow_LECustomTheme']' in '10' second(s)

2021-11-23 16:46:00 - [MESSAGE][PASSED] - Method.TextDegerineEsitElementeTikla is PASSED

2021-11-23 16:46:00 - [MESSAGE][PASSED] - Call Test Case 'Test Cases/Filtreler/DropdownSec' successfully

2021-11-23 16:46:00 - [MESSAGE][INFO] - Checking called Test Case

2021-11-23 16:46:00 - [MESSAGE][INFO] - Starting to call Test Case 'Test Cases/Filtreler/BaslangicYaz'

2021-11-23 16:46:00 - [TEST_CASE][PASSED] - Test Cases/Filtreler/BaslangicYaz: Test Cases/Filtreler/BaslangicYaz

2021-11-23 16:46:00 - [TEST_STEP][PASSED] - delay(3): Delayed 3 second(s)

2021-11-23 16:46:00 - [MESSAGE][INFO] - Delaying browser in 3 second(s)

2021-11-23 16:46:03 - [MESSAGE][PASSED] - Delayed 3 second(s)

2021-11-23 16:46:03 - [TEST_STEP][PASSED] - Method.TextDegerineEsitElementinAltindakineTikla(findTestObject("Filtreler/Basliklar"), findTestObject("Filtreler/Basliga_Gore_Baslangic_Image"), Filtre_Adi): Method.TextDegerineEsitElementinAltindakineTikla is PASSED

2021-11-23 16:46:03 - [MESSAGE][INFO] - Finding Test Object 'Object Repository/Filtreler/Basliklar'

2021-11-23 16:46:03 - [MESSAGE][INFO] - Finding Test Object 'Object Repository/Filtreler/Basliga_Gore_Baslangic_Image'

2021-11-23 16:46:03 - [MESSAGE][INFO] - Checking timeout

2021-11-23 16:46:03 - [MESSAGE][INFO] - Finding web element with id: 'Object Repository/Filtreler/Basliklar' located by 'By.cssSelector: .control-label.col-sm-4.paddingMarginRLC' in '10' second(s)

2021-11-23 16:46:03 - [MESSAGE][INFO] - Smart Wait Function is triggered

2021-11-23 16:46:03 - [MESSAGE][INFO] - Found 5 web elements with id: 'Object Repository/Filtreler/Basliklar' located by 'By.cssSelector: .control-label.col-sm-4.paddingMarginRLC' in '10' second(s)

2021-11-23 16:46:04 - [MESSAGE][INFO] - Smart Wait Function is triggered

2021-11-23 16:46:04 - [MESSAGE][PASSED] - Method.TextDegerineEsitElementinAltindakineTikla is PASSED

2021-11-23 16:46:04 - [TEST_STEP][PASSED] - Method.TextDegerineEsitElementinAltindakiTextboxtaYaz(findTestObject("Filtreler/Basliklar"), findTestObject("Filtreler/Basliga_Gore_Baslangic"), Filtre_Adi, Filtre_Degeri): Method.TextDegerineEsitElementinAltindakiTextboxtaYaz is PASSED

2021-11-23 16:46:04 - [MESSAGE][INFO] - Finding Test Object 'Object Repository/Filtreler/Basliklar'

2021-11-23 16:46:04 - [MESSAGE][INFO] - Finding Test Object 'Object Repository/Filtreler/Basliga_Gore_Baslangic'

2021-11-23 16:46:04 - [MESSAGE][INFO] - Checking timeout

2021-11-23 16:46:04 - [MESSAGE][INFO] - Finding web element with id: 'Object Repository/Filtreler/Basliklar' located by 'By.cssSelector: .control-label.col-sm-4.paddingMarginRLC' in '10' second(s)

2021-11-23 16:46:04 - [MESSAGE][INFO] - Smart Wait Function is triggered

2021-11-23 16:46:04 - [MESSAGE][INFO] - Found 5 web elements with id: 'Object Repository/Filtreler/Basliklar' located by 'By.cssSelector: .control-label.col-sm-4.paddingMarginRLC' in '10' second(s)

2021-11-23 16:46:04 - [MESSAGE][INFO] - Smart Wait Function is triggered

2021-11-23 16:46:05 - [MESSAGE][PASSED] - Method.TextDegerineEsitElementinAltindakiTextboxtaYaz is PASSED

2021-11-23 16:46:05 - [MESSAGE][PASSED] - Call Test Case 'Test Cases/Filtreler/BaslangicYaz' successfully

2021-11-23 16:46:05 - [MESSAGE][INFO] - Checking called Test Case

2021-11-23 16:46:05 - [MESSAGE][INFO] - Starting to call Test Case 'Test Cases/Filtreler/BitisYaz'

2021-11-23 16:46:05 - [TEST_CASE][PASSED] - Test Cases/Filtreler/BitisYaz: Test Cases/Filtreler/BitisYaz

2021-11-23 16:46:05 - [TEST_STEP][PASSED] - Method.TextDegerineEsitElementinAltindakineTikla(findTestObject("Filtreler/Basliklar"), findTestObject("Filtreler/Basliga_Gore_Bitis_Image"), Filtre_Adi): Method.TextDegerineEsitElementinAltindakineTikla is PASSED

2021-11-23 16:46:05 - [MESSAGE][INFO] - Finding Test Object 'Object Repository/Filtreler/Basliklar'

2021-11-23 16:46:05 - [MESSAGE][INFO] - Finding Test Object 'Object Repository/Filtreler/Basliga_Gore_Bitis_Image'

2021-11-23 16:46:05 - [MESSAGE][INFO] - Checking timeout

2021-11-23 16:46:05 - [MESSAGE][INFO] - Finding web element with id: 'Object Repository/Filtreler/Basliklar' located by 'By.cssSelector: .control-label.col-sm-4.paddingMarginRLC' in '10' second(s)

2021-11-23 16:46:05 - [MESSAGE][INFO] - Smart Wait Function is triggered

2021-11-23 16:46:06 - [MESSAGE][INFO] - Found 5 web elements with id: 'Object Repository/Filtreler/Basliklar' located by 'By.cssSelector: .control-label.col-sm-4.paddingMarginRLC' in '10' second(s)

2021-11-23 16:46:06 - [MESSAGE][INFO] - Smart Wait Function is triggered

2021-11-23 16:46:06 - [MESSAGE][PASSED] - Method.TextDegerineEsitElementinAltindakineTikla is PASSED

2021-11-23 16:46:06 - [TEST_STEP][PASSED] - Method.TextDegerineEsitElementinAltindakiTextboxtaYaz(findTestObject("Filtreler/Basliklar"), findTestObject("Object Repository/Filtreler/Basliga_Gore_Bitis"), Filtre_Adi, Filtre_Degeri): Method.TextDegerineEsitElementinAltindakiTextboxtaYaz is PASSED

2021-11-23 16:46:06 - [MESSAGE][INFO] - Finding Test Object 'Object Repository/Filtreler/Basliklar'

2021-11-23 16:46:06 - [MESSAGE][INFO] - Finding Test Object 'Object Repository/Filtreler/Basliga_Gore_Bitis'

2021-11-23 16:46:06 - [MESSAGE][INFO] - Checking timeout

2021-11-23 16:46:06 - [MESSAGE][INFO] - Finding web element with id: 'Object Repository/Filtreler/Basliklar' located by 'By.cssSelector: .control-label.col-sm-4.paddingMarginRLC' in '10' second(s)

2021-11-23 16:46:06 - [MESSAGE][INFO] - Smart Wait Function is triggered

2021-11-23 16:46:06 - [MESSAGE][INFO] - Found 5 web elements with id: 'Object Repository/Filtreler/Basliklar' located by 'By.cssSelector: .control-label.col-sm-4.paddingMarginRLC' in '10' second(s)

2021-11-23 16:46:07 - [MESSAGE][INFO] - Smart Wait Function is triggered

2021-11-23 16:46:07 - [MESSAGE][PASSED] - Method.TextDegerineEsitElementinAltindakiTextboxtaYaz is PASSED

2021-11-23 16:46:07 - [MESSAGE][PASSED] - Call Test Case 'Test Cases/Filtreler/BitisYaz' successfully

2021-11-23 16:46:07 - [MESSAGE][INFO] - Checking called Test Case

2021-11-23 16:46:07 - [MESSAGE][INFO] - Starting to call Test Case 'Test Cases/Filtreler/ButonaTikla'

2021-11-23 16:46:07 - [TEST_CASE][PASSED] - Test Cases/Filtreler/ButonaTikla: Test Cases/Filtreler/ButonaTikla

2021-11-23 16:46:07 - [TEST_STEP][PASSED] - Method.TextDegerineEsitElementeTikla(findTestObject("Filtreler/Butonlar"), Filtre_Buton): Method.TextDegerineEsitElementeTikla is PASSED

2021-11-23 16:46:07 - [MESSAGE][INFO] - Finding Test Object 'Object Repository/Filtreler/Butonlar'

2021-11-23 16:46:07 - [MESSAGE][INFO] - Checking timeout

2021-11-23 16:46:07 - [MESSAGE][INFO] - Finding web element with id: 'Object Repository/Filtreler/Butonlar' located by 'By.cssSelector: .dxb>span' in '10' second(s)

2021-11-23 16:46:07 - [MESSAGE][INFO] - Smart Wait Function is triggered

2021-11-23 16:46:07 - [MESSAGE][INFO] - Found 3 web elements with id: 'Object Repository/Filtreler/Butonlar' located by 'By.cssSelector: .dxb>span' in '10' second(s)

2021-11-23 16:46:08 - [MESSAGE][PASSED] - Method.TextDegerineEsitElementeTikla is PASSED

2021-11-23 16:46:08 - [MESSAGE][PASSED] - Call Test Case 'Test Cases/Filtreler/ButonaTikla' successfully

2021-11-23 16:46:08 - [MESSAGE][INFO] - Checking called Test Case

2021-11-23 16:46:08 - [MESSAGE][INFO] - Starting to call Test Case 'Test Cases/Tablo/TablodaVeriVarMi'

2021-11-23 16:46:08 - [TEST_CASE][PASSED] - Test Cases/Tablo/TablodaVeriVarMi: Test Cases/Tablo/TablodaVeriVarMi

2021-11-23 16:46:08 - [TEST_STEP][PASSED] - verifyTextNotPresent("Görüntülenecek veri yok", true): Text 'Görüntülenecek veri yok' is not present on page using regular expression

2021-11-23 16:46:08 - [MESSAGE][INFO] - Checking text present  using regular expression

2021-11-23 16:46:08 - [MESSAGE][INFO] - Smart Wait Function is triggered

2021-11-23 16:46:09 - [MESSAGE][INFO] - Finding text 'Görüntülenecek veri yok' on page  using regular expression

2021-11-23 16:46:09 - [MESSAGE][PASSED] - Text 'Görüntülenecek veri yok' is not present on page using regular expression

2021-11-23 16:46:09 - [MESSAGE][PASSED] - Call Test Case 'Test Cases/Tablo/TablodaVeriVarMi' successfully

2021-11-23 16:46:09 - [MESSAGE][INFO] - Checking called Test Case

2021-11-23 16:46:09 - [MESSAGE][INFO] - Starting to call Test Case 'Test Cases/Tablo/TablodanVeriSec'

2021-11-23 16:46:09 - [TEST_CASE][PASSED] - Test Cases/Tablo/TablodanVeriSec: Test Cases/Tablo/TablodanVeriSec

2021-11-23 16:46:09 - [TEST_STEP][PASSED] - Method.TextDegerineEsitElementinAltindakineTikla(findTestObject("Tablo/Veriler"), findTestObject("Tablo/VerininCheckBoxi"), Veri_Adi): Method.TextDegerineEsitElementinAltindakineTikla is PASSED

2021-11-23 16:46:09 - [MESSAGE][INFO] - Finding Test Object 'Object Repository/Tablo/Veriler'

2021-11-23 16:46:09 - [MESSAGE][INFO] - Finding Test Object 'Object Repository/Tablo/VerininCheckBoxi'

2021-11-23 16:46:09 - [MESSAGE][INFO] - Checking timeout

2021-11-23 16:46:09 - [MESSAGE][INFO] - Finding web element with id: 'Object Repository/Tablo/Veriler' located by 'By.cssSelector: td.dxgv b ,td.dxgv' in '10' second(s)

2021-11-23 16:46:09 - [MESSAGE][INFO] - Smart Wait Function is triggered

2021-11-23 16:46:09 - [MESSAGE][INFO] - Found 130 web elements with id: 'Object Repository/Tablo/Veriler' located by 'By.cssSelector: td.dxgv b ,td.dxgv' in '10' second(s)

2021-11-23 16:46:10 - [MESSAGE][INFO] - Smart Wait Function is triggered

2021-11-23 16:46:10 - [MESSAGE][PASSED] - Method.TextDegerineEsitElementinAltindakineTikla is PASSED

2021-11-23 16:46:10 - [MESSAGE][PASSED] - Call Test Case 'Test Cases/Tablo/TablodanVeriSec' successfully

2021-11-23 16:46:10 - [MESSAGE][INFO] - Checking called Test Case

2021-11-23 16:46:10 - [MESSAGE][INFO] - Starting to call Test Case 'Test Cases/Butonlar/ButonaTikla'

2021-11-23 16:46:10 - [TEST_CASE][PASSED] - Test Cases/Butonlar/ButonaTikla: Test Cases/Butonlar/ButonaTikla

2021-11-23 16:46:10 - [TEST_STEP][PASSED] - Method.TextDegerineEsitElementeTiklaEquals(findTestObject("Butonlar/Butonlar"), Buton_Adi): Method.TextDegerineEsitElementeTiklaEquals is PASSED

2021-11-23 16:46:10 - [MESSAGE][INFO] - Finding Test Object 'Object Repository/Butonlar/Butonlar'

2021-11-23 16:46:10 - [MESSAGE][INFO] - Checking timeout

2021-11-23 16:46:10 - [MESSAGE][INFO] - Finding web element with id: 'Object Repository/Butonlar/Butonlar' located by 'By.cssSelector: .panel.panel-default.text-center.footerPanel .btn,.btn.btn-primary.btnControls' in '10' second(s)

2021-11-23 16:46:10 - [MESSAGE][INFO] - Smart Wait Function is triggered

2021-11-23 16:46:11 - [MESSAGE][INFO] - Found 6 web elements with id: 'Object Repository/Butonlar/Butonlar' located by 'By.cssSelector: .panel.panel-default.text-center.footerPanel .btn,.btn.btn-primary.btnControls' in '10' second(s)

2021-11-23 16:46:11 - [MESSAGE][PASSED] - Method.TextDegerineEsitElementeTiklaEquals is PASSED

2021-11-23 16:46:11 - [MESSAGE][PASSED] - Call Test Case 'Test Cases/Butonlar/ButonaTikla' successfully

2021-11-23 16:46:11 - [MESSAGE][INFO] - Checking called Test Case

2021-11-23 16:46:11 - [MESSAGE][INFO] - Starting to call Test Case 'Test Cases/Sekmeler/YeniSekmeyeGec'

2021-11-23 16:46:11 - [TEST_CASE][PASSED] - Test Cases/Sekmeler/YeniSekmeyeGec: Test Cases/Sekmeler/YeniSekmeyeGec

2021-11-23 16:46:11 - [TEST_STEP][PASSED] - switchToWindowIndex(1): Switched to window with index: '1'

2021-11-23 16:46:11 - [MESSAGE][INFO] - Checking index

2021-11-23 16:46:11 - [MESSAGE][INFO] - Switching window with index: '1'

2021-11-23 16:46:11 - [MESSAGE][PASSED] - Switched to window with index: '1'

2021-11-23 16:46:11 - [MESSAGE][PASSED] - Call Test Case 'Test Cases/Sekmeler/YeniSekmeyeGec' successfully

2021-11-23 16:46:11 - [MESSAGE][INFO] - Checking called Test Case

2021-11-23 16:46:11 - [MESSAGE][INFO] - Starting to call Test Case 'Test Cases/Popup/PopupAcildimi'

2021-11-23 16:46:11 - [TEST_CASE][PASSED] - Test Cases/Popup/PopupAcildimi: Test Cases/Popup/PopupAcildimi

2021-11-23 16:46:12 - [TEST_STEP][PASSED] - verifyElementText(findTestObject("Object Repository/Popup/PopupBaslik"), Name): Actual text and expected text of test object 'Object Repository/Popup/PopupBaslik' are matched.

2021-11-23 16:46:12 - [MESSAGE][INFO] - Finding Test Object 'Object Repository/Popup/PopupBaslik'

2021-11-23 16:46:12 - [MESSAGE][INFO] - Checking object

2021-11-23 16:46:12 - [MESSAGE][INFO] - Finding web element from Test Object's properties

2021-11-23 16:46:12 - [MESSAGE][INFO] - Checking timeout

2021-11-23 16:46:12 - [MESSAGE][INFO] - Finding web element with id: 'Object Repository/Popup/PopupBaslik' located by 'By.cssSelector: body h4' in '30' second(s)

2021-11-23 16:46:12 - [MESSAGE][INFO] - Smart Wait Function is triggered

2021-11-23 16:46:12 - [MESSAGE][INFO] - Found 1 web elements with id: 'Object Repository/Popup/PopupBaslik' located by 'By.cssSelector: body h4' in '30' second(s)

2021-11-23 16:46:12 - [MESSAGE][PASSED] - Actual text and expected text of test object 'Object Repository/Popup/PopupBaslik' are matched.

2021-11-23 16:46:12 - [MESSAGE][PASSED] - Call Test Case 'Test Cases/Popup/PopupAcildimi' successfully

2021-11-23 16:46:12 - [MESSAGE][INFO] - Checking called Test Case

2021-11-23 16:46:12 - [MESSAGE][INFO] - Starting to call Test Case 'Test Cases/Sekmeler/Ana_Sekmeye_Gec'

2021-11-23 16:46:12 - [TEST_CASE][PASSED] - Test Cases/Sekmeler/Ana_Sekmeye_Gec: Test Cases/Sekmeler/Ana_Sekmeye_Gec

2021-11-23 16:46:12 - [TEST_STEP][PASSED] - try: Window with index 1 is closed

2021-11-23 16:46:12 - [TEST_STEP][PASSED] - index = getWindowIndex(): Current window's index is: 1

2021-11-23 16:46:12 - [MESSAGE][INFO] - Getting current window's index

2021-11-23 16:46:12 - [MESSAGE][PASSED] - Current window's index is: 1

2021-11-23 16:46:12 - [TEST_STEP][PASSED] - closeWindowIndex(index): Window with index 1 is closed

2021-11-23 16:46:12 - [MESSAGE][INFO] - Checking index

2021-11-23 16:46:12 - [MESSAGE][INFO] - Closing window with index 1

2021-11-23 16:46:12 - [MESSAGE][PASSED] - Window with index 1 is closed

2021-11-23 16:46:12 - [TEST_STEP][PASSED] - switchToWindowIndex(0): Switched to window with index: '0'

2021-11-23 16:46:12 - [MESSAGE][INFO] - Checking index

2021-11-23 16:46:12 - [MESSAGE][INFO] - Switching window with index: '0'

2021-11-23 16:46:12 - [MESSAGE][PASSED] - Switched to window with index: '0'

2021-11-23 16:46:12 - [MESSAGE][PASSED] - Call Test Case 'Test Cases/Sekmeler/Ana_Sekmeye_Gec' successfully

2021-11-23 16:46:12 - [MESSAGE][INFO] - Checking called Test Case

2021-11-23 16:46:12 - [MESSAGE][INFO] - Starting to call Test Case 'Test Cases/Kullanici_Islemleri/KullaniciIslemlerindenSecimYapilir'

2021-11-23 16:46:12 - [TEST_CASE][PASSED] - Test Cases/Kullanici_Islemleri/KullaniciIslemlerindenSecimYapilir: Test Cases/Kullanici_Islemleri/KullaniciIslemlerindenSecimYapilir

2021-11-23 16:46:12 - [TEST_STEP][PASSED] - waitForElementClickable(findTestObject("Object Repository/Kullanici_Islemleri/KullaniciIslemleri"), 10): Object 'Object Repository/Kullanici_Islemleri/KullaniciIslemleri' is clickable

2021-11-23 16:46:12 - [MESSAGE][INFO] - Finding Test Object 'Object Repository/Kullanici_Islemleri/KullaniciIslemleri'

2021-11-23 16:46:12 - [MESSAGE][INFO] - Checking object

2021-11-23 16:46:12 - [MESSAGE][INFO] - Checking timeout

2021-11-23 16:46:12 - [MESSAGE][INFO] - Finding web element from Test Object's properties

2021-11-23 16:46:12 - [MESSAGE][INFO] - Checking timeout

2021-11-23 16:46:12 - [MESSAGE][INFO] - Finding web element with id: 'Object Repository/Kullanici_Islemleri/KullaniciIslemleri' located by 'By.cssSelector: .dropdown>a>img' in '10' second(s)

2021-11-23 16:46:12 - [MESSAGE][INFO] - Smart Wait Function is triggered

2021-11-23 16:46:13 - [MESSAGE][INFO] - Found 1 web elements with id: 'Object Repository/Kullanici_Islemleri/KullaniciIslemleri' located by 'By.cssSelector: .dropdown>a>img' in '10' second(s)

2021-11-23 16:46:13 - [MESSAGE][PASSED] - Object 'Object Repository/Kullanici_Islemleri/KullaniciIslemleri' is clickable

2021-11-23 16:46:13 - [TEST_STEP][PASSED] - click(findTestObject("Object Repository/Kullanici_Islemleri/KullaniciIslemleri")): Object: 'Object Repository/Kullanici_Islemleri/KullaniciIslemleri' is clicked on

2021-11-23 16:46:13 - [MESSAGE][INFO] - Finding Test Object 'Object Repository/Kullanici_Islemleri/KullaniciIslemleri'

2021-11-23 16:46:13 - [MESSAGE][INFO] - Checking object

2021-11-23 16:46:13 - [MESSAGE][INFO] - Finding web element from Test Object's properties

2021-11-23 16:46:13 - [MESSAGE][INFO] - Checking timeout

2021-11-23 16:46:13 - [MESSAGE][INFO] - Finding web element with id: 'Object Repository/Kullanici_Islemleri/KullaniciIslemleri' located by 'By.cssSelector: .dropdown>a>img' in '30' second(s)

2021-11-23 16:46:13 - [MESSAGE][INFO] - Smart Wait Function is triggered

2021-11-23 16:46:13 - [MESSAGE][INFO] - Found 1 web elements with id: 'Object Repository/Kullanici_Islemleri/KullaniciIslemleri' located by 'By.cssSelector: .dropdown>a>img' in '30' second(s)

2021-11-23 16:46:13 - [MESSAGE][INFO] - Clicking on object: 'Object Repository/Kullanici_Islemleri/KullaniciIslemleri'

2021-11-23 16:46:13 - [MESSAGE][PASSED] - Object: 'Object Repository/Kullanici_Islemleri/KullaniciIslemleri' is clicked on

2021-11-23 16:46:13 - [TEST_STEP][PASSED] - Method.TextDegerineEsitElementeTikla(findTestObject("Object Repository/Kullanici_Islemleri/Secenekler"), Islem): Method.TextDegerineEsitElementeTikla is PASSED

2021-11-23 16:46:13 - [MESSAGE][INFO] - Finding Test Object 'Object Repository/Kullanici_Islemleri/Secenekler'

2021-11-23 16:46:13 - [MESSAGE][INFO] - Checking timeout

2021-11-23 16:46:13 - [MESSAGE][INFO] - Finding web element with id: 'Object Repository/Kullanici_Islemleri/Secenekler' located by 'By.cssSelector: .nav.navbar-nav.navbar-right li a' in '10' second(s)

2021-11-23 16:46:13 - [MESSAGE][INFO] - Smart Wait Function is triggered

2021-11-23 16:46:13 - [MESSAGE][INFO] - Found 22 web elements with id: 'Object Repository/Kullanici_Islemleri/Secenekler' located by 'By.cssSelector: .nav.navbar-nav.navbar-right li a' in '10' second(s)

2021-11-23 16:46:15 - [MESSAGE][PASSED] - Method.TextDegerineEsitElementeTikla is PASSED

2021-11-23 16:46:15 - [TEST_STEP][PASSED] - verifyElementNotPresent(findTestObject("Object Repository/Kullanici_Islemleri/Secenekler"), 10): Web element with id: 'Object Repository/Kullanici_Islemleri/Secenekler' located by 'By.cssSelector: .nav.navbar-nav.navbar-right li a' is not present after '10' second(s)

2021-11-23 16:46:15 - [MESSAGE][INFO] - Finding Test Object 'Object Repository/Kullanici_Islemleri/Secenekler'

2021-11-23 16:46:15 - [MESSAGE][INFO] - Checking object

2021-11-23 16:46:15 - [MESSAGE][INFO] - Checking timeout

2021-11-23 16:46:15 - [MESSAGE][INFO] - Finding web element with id: 'Object Repository/Kullanici_Islemleri/Secenekler' located by 'By.cssSelector: .nav.navbar-nav.navbar-right li a' in '10' second(s)

2021-11-23 16:46:15 - [MESSAGE][INFO] - Smart Wait Function is triggered

2021-11-23 16:46:16 - [MESSAGE][PASSED] - Web element with id: 'Object Repository/Kullanici_Islemleri/Secenekler' located by 'By.cssSelector: .nav.navbar-nav.navbar-right li a' is not present after '10' second(s)

2021-11-23 16:46:16 - [MESSAGE][PASSED] - Call Test Case 'Test Cases/Kullanici_Islemleri/KullaniciIslemlerindenSecimYapilir' successfully

2021-11-23 16:46:16 - [TEST_CASE][PASSED] - Start Test Case : SCENARIO e-Mustahsil Makbuzu Raporlari Rapor: SCENARIO e-Mustahsil Makbuzu Raporlari Rapor

2021-11-23 16:46:16 - [TEST_STEP][PASSED] - Kullanıcı adı ELOGO6 ve Şifre 123456 olarak giriş yapılır: Kullanıcı adı ELOGO6 ve Şifre 123456 olarak giriş yapılır

2021-11-23 16:46:16 - [MESSAGE][PASSED] - Kullanıcı adı ELOGO6 ve Şifre 123456 olarak giriş yapılır

2021-11-23 16:46:16 - [TEST_STEP][PASSED] - Ana menüden e-Makbuz seçilir: Ana menüden e-Makbuz seçilir

2021-11-23 16:46:16 - [MESSAGE][PASSED] - Ana menüden e-Makbuz seçilir

2021-11-23 16:46:16 - [TEST_STEP][PASSED] - Alt menü e-Müstahsil Uygulaması başlığı altındaki e-Müstahsil Makbuzu Raporları seçilir: Alt menü e-Müstahsil Uygulaması başlığı altındaki e-Müstahsil Makbuzu Raporları seçilir

2021-11-23 16:46:16 - [MESSAGE][PASSED] - Alt menü e-Müstahsil Uygulaması başlığı altındaki e-Müstahsil Makbuzu Raporları seçilir

2021-11-23 16:46:16 - [TEST_STEP][PASSED] - Filtrelerden Dönem Tarihi filtresine 2021 Ocak dropdowndan degeri seçilir: Filtrelerden Dönem Tarihi filtresine 2021 Ocak dropdowndan degeri seçilir

2021-11-23 16:46:16 - [MESSAGE][PASSED] - Filtrelerden Dönem Tarihi filtresine 2021 Ocak dropdowndan degeri seçilir

2021-11-23 16:46:16 - [TEST_STEP][PASSED] - Filtrelerden Bölüm Tarihi filtresine 09.01.2021 baslangic degerini yaz: Filtrelerden Bölüm Tarihi filtresine 09.01.2021 baslangic degerini yaz

2021-11-23 16:46:16 - [MESSAGE][PASSED] - Filtrelerden Bölüm Tarihi filtresine 09.01.2021 baslangic degerini yaz

2021-11-23 16:46:16 - [TEST_STEP][PASSED] - Filtrelerden Bölüm Tarihi filtresine 09.01.2021 bitis degerini yaz: Filtrelerden Bölüm Tarihi filtresine 09.01.2021 bitis degerini yaz

2021-11-23 16:46:16 - [MESSAGE][PASSED] - Filtrelerden Bölüm Tarihi filtresine 09.01.2021 bitis degerini yaz

2021-11-23 16:46:16 - [TEST_STEP][PASSED] - Filtre butonlarından Listele seçilir: Filtre butonlarından Listele seçilir

2021-11-23 16:46:16 - [MESSAGE][PASSED] - Filtre butonlarından Listele seçilir

2021-11-23 16:46:16 - [TEST_STEP][PASSED] - Tabloda veri var mı kontrol edilir: Tabloda veri var mı kontrol edilir

2021-11-23 16:46:16 - [MESSAGE][PASSED] - Tabloda veri var mı kontrol edilir

2021-11-23 16:46:16 - [TEST_STEP][PASSED] - Tablodan 2891 isimli veri seçilir: Tablodan 2891 isimli veri seçilir

2021-11-23 16:46:16 - [MESSAGE][PASSED] - Tablodan 2891 isimli veri seçilir

2021-11-23 16:46:16 - [TEST_STEP][PASSED] - Butonlardan Rapor isimli butona tıklanır: Butonlardan Rapor isimli butona tıklanır

2021-11-23 16:46:16 - [MESSAGE][PASSED] - Butonlardan Rapor isimli butona tıklanır

2021-11-23 16:46:16 - [TEST_STEP][PASSED] - Yeni açılan sekmeye geçilir: Yeni açılan sekmeye geçilir

2021-11-23 16:46:16 - [MESSAGE][PASSED] - Yeni açılan sekmeye geçilir

2021-11-23 16:46:16 - [TEST_STEP][PASSED] - e-Müstahsil Makbuzu Raporu popupı açıldı mı: e-Müstahsil Makbuzu Raporu popupı açıldı mı

2021-11-23 16:46:16 - [MESSAGE][PASSED] - e-Müstahsil Makbuzu Raporu popupı açıldı mı

2021-11-23 16:46:16 - [TEST_STEP][PASSED] - Ana sekmeye geçilir: Ana sekmeye geçilir

2021-11-23 16:46:16 - [MESSAGE][PASSED] - Ana sekmeye geçilir

2021-11-23 16:46:16 - [TEST_STEP][PASSED] - Kullanıcı işlemlerinden Çıkış seçilir: Kullanıcı işlemlerinden Çıkış seçilir

2021-11-23 16:46:16 - [MESSAGE][PASSED] - Kullanıcı işlemlerinden Çıkış seçilir

2021-11-23 16:46:16 - [MESSAGE][PASSED] - Feature file: 'Include/features/e-Makbuz/e-Mustahsil Uygulamasi/e-Mustahsil Makbuzu Raporlari/Rapor.feature' was passed

2021-11-23 16:46:16 - [TEST_STEP][PASSED] - Start listener action : sampleAfterTestSuite: Invoke 'com.kms.katalon.core.annotation.AfterTestCase' method: 'Listener.sampleAfterTestSuite(...)' completed.

2021-11-23 16:46:16 - [MESSAGE][INFO] - Starting invoke 'com.kms.katalon.core.annotation.AfterTestCase' method: 'Listener.sampleAfterTestSuite(...)'

2021-11-23 16:46:16 - [TEST_STEP][PASSED] - closeBrowser(): Invoke 'com.kms.katalon.core.annotation.AfterTestCase' method: 'Listener.sampleAfterTestSuite(...)' completed.

2021-11-23 16:46:16 - [MESSAGE][INFO] - Closing browser

2021-11-23 16:46:16 - [MESSAGE][PASSED] - Browser is closed

2021-11-23 16:46:16 - [MESSAGE][INFO] - Invoke 'com.kms.katalon.core.annotation.AfterTestCase' method: 'Listener.sampleAfterTestSuite(...)' completed.]]></system-out>
         <system-err><![CDATA[]]></system-err>
      </testcase>
      <testcase name="Test Cases/Case Repository/e-Makbuz/e-Mustahsil Uygulamasi/e-Mustahsil Makbuzu Raporlari/XML" time="38.233" classname="Test Cases/Case Repository/e-Makbuz/e-Mustahsil Uygulamasi/e-Mustahsil Makbuzu Raporlari/XML" status="PASSED">
         <system-out><![CDATA[2021-11-23 16:46:16 - [TEST_CASE][PASSED] - Test Cases/Case Repository/e-Makbuz/e-Mustahsil Uygulamasi/e-Mustahsil Makbuzu Raporlari/XML: Test Cases/Case Repository/e-Makbuz/e-Mustahsil Uygulamasi/e-Mustahsil Makbuzu Raporlari/XML

2021-11-23 16:46:16 - [TEST_STEP][PASSED] - Start listener action : sampleBeforeTestSuite: Invoke 'com.kms.katalon.core.annotation.BeforeTestCase' method: 'Listener.sampleBeforeTestSuite(...)' completed.

2021-11-23 16:46:16 - [MESSAGE][INFO] - Starting invoke 'com.kms.katalon.core.annotation.BeforeTestCase' method: 'Listener.sampleBeforeTestSuite(...)'

2021-11-23 16:46:16 - [TEST_STEP][PASSED] - openBrowser(baseUrl): Browser is opened with url: 'https://efatura-stage.elogo.com.tr/'

2021-11-23 16:46:16 - [MESSAGE][INFO] - Opening browser

2021-11-23 16:46:16 - [MESSAGE][INFO] - Starting 'Chrome' driver

2021-11-23 16:46:16 - [MESSAGE][INFO] - User set preference: ['prefs', '{download.default_directory=C:\otomasyondownfiles}']

2021-11-23 16:46:16 - [MESSAGE][INFO] - Action delay is set to 0 milliseconds

2021-11-23 16:46:18 - [MESSAGE][INFO] - Navigating browser to: 'https://efatura-stage.elogo.com.tr/'

2021-11-23 16:46:21 - [MESSAGE][PASSED] - Browser is opened with url: 'https://efatura-stage.elogo.com.tr/'

2021-11-23 16:46:21 - [TEST_STEP][PASSED] - maximizeWindow(): Invoke 'com.kms.katalon.core.annotation.BeforeTestCase' method: 'Listener.sampleBeforeTestSuite(...)' completed.

2021-11-23 16:46:21 - [MESSAGE][INFO] - Maximizing current window

2021-11-23 16:46:21 - [MESSAGE][PASSED] - Current window maximized

2021-11-23 16:46:21 - [MESSAGE][INFO] - Invoke 'com.kms.katalon.core.annotation.BeforeTestCase' method: 'Listener.sampleBeforeTestSuite(...)' completed.

2021-11-23 16:46:22 - [TEST_STEP][PASSED] - runFeatureFile("Include/features/e-Makbuz/e-Mustahsil Uygulamasi/e-Mustahsil Makbuzu Raporlari/XML.feature"): Feature file: 'Include/features/e-Makbuz/e-Mustahsil Uygulamasi/e-Mustahsil Makbuzu Raporlari/XML.feature' was passed

2021-11-23 16:46:22 - [MESSAGE][INFO] - Starting run keyword runFeatureFile: 'Include/features/e-Makbuz/e-Mustahsil Uygulamasi/e-Mustahsil Makbuzu Raporlari/XML.feature' and extract report to folder: 'C:\Users\DELL\Documents\GitHub\EES_KatalonLogo\Reports\20211123_163326\Suite Repository\e-Makbuz\20211123_163348/cucumber_report/1637675182408'...

2021-11-23 16:46:22 - [MESSAGE][INFO] - Glue: []

2021-11-23 16:46:25 - [MESSAGE][INFO] - Checking called Test Case

2021-11-23 16:46:25 - [MESSAGE][INFO] - Starting to call Test Case 'Test Cases/Sayfalar/Giris_Sayfasi/Login'

2021-11-23 16:46:25 - [TEST_CASE][PASSED] - Test Cases/Sayfalar/Giris_Sayfasi/Login: Test Cases/Sayfalar/Giris_Sayfasi/Login

2021-11-23 16:46:25 - [TEST_STEP][PASSED] - Sayfa_Basligi = getWindowTitle(): Current window's title is: 'LOGO e-Fatura'

2021-11-23 16:46:25 - [MESSAGE][INFO] - Getting current window's title

2021-11-23 16:46:25 - [MESSAGE][PASSED] - Current window's title is: 'LOGO e-Fatura'

2021-11-23 16:46:25 - [TEST_STEP][PASSED] - verifyMatch(Sayfa_Basligi, "LOGO e-Fatura", false): Actual text 'LOGO e-Fatura' and expected text 'LOGO e-Fatura' are matched 

2021-11-23 16:46:25 - [MESSAGE][INFO] - Matching actual text 'LOGO e-Fatura' with expected text 'LOGO e-Fatura'

2021-11-23 16:46:25 - [MESSAGE][PASSED] - Actual text 'LOGO e-Fatura' and expected text 'LOGO e-Fatura' are matched 

2021-11-23 16:46:25 - [TEST_STEP][PASSED] - sendKeys(findTestObject("Sayfalar/Giris_Sayfasi/Firma_Kodu"), KullaniciAdi): Keys 'ELOGO6' sent to object: 'Object Repository/Sayfalar/Giris_Sayfasi/Firma_Kodu'

2021-11-23 16:46:25 - [MESSAGE][INFO] - Finding Test Object 'Object Repository/Sayfalar/Giris_Sayfasi/Firma_Kodu'

2021-11-23 16:46:25 - [MESSAGE][INFO] - Sending keys 'ELOGO6' to object: 'Object Repository/Sayfalar/Giris_Sayfasi/Firma_Kodu'

2021-11-23 16:46:25 - [MESSAGE][INFO] - Finding web element from Test Object's properties

2021-11-23 16:46:25 - [MESSAGE][INFO] - Checking timeout

2021-11-23 16:46:25 - [MESSAGE][INFO] - Finding web element with id: 'Object Repository/Sayfalar/Giris_Sayfasi/Firma_Kodu' located by 'By.xpath: //*[@id = 'AccountName']' in '30' second(s)

2021-11-23 16:46:25 - [MESSAGE][INFO] - Smart Wait Function is triggered

2021-11-23 16:46:25 - [MESSAGE][INFO] - Found 1 web elements with id: 'Object Repository/Sayfalar/Giris_Sayfasi/Firma_Kodu' located by 'By.xpath: //*[@id = 'AccountName']' in '30' second(s)

2021-11-23 16:46:25 - [MESSAGE][PASSED] - Keys 'ELOGO6' sent to object: 'Object Repository/Sayfalar/Giris_Sayfasi/Firma_Kodu'

2021-11-23 16:46:25 - [TEST_STEP][PASSED] - sendKeys(findTestObject("Sayfalar/Giris_Sayfasi/Sifre"), Sifre): Keys '123456' sent to object: 'Object Repository/Sayfalar/Giris_Sayfasi/Sifre'

2021-11-23 16:46:25 - [MESSAGE][INFO] - Finding Test Object 'Object Repository/Sayfalar/Giris_Sayfasi/Sifre'

2021-11-23 16:46:25 - [MESSAGE][INFO] - Sending keys '123456' to object: 'Object Repository/Sayfalar/Giris_Sayfasi/Sifre'

2021-11-23 16:46:25 - [MESSAGE][INFO] - Finding web element from Test Object's properties

2021-11-23 16:46:25 - [MESSAGE][INFO] - Checking timeout

2021-11-23 16:46:25 - [MESSAGE][INFO] - Finding web element with id: 'Object Repository/Sayfalar/Giris_Sayfasi/Sifre' located by 'By.xpath: //*[@id = 'Password']' in '30' second(s)

2021-11-23 16:46:25 - [MESSAGE][INFO] - Smart Wait Function is triggered

2021-11-23 16:46:26 - [MESSAGE][INFO] - Found 1 web elements with id: 'Object Repository/Sayfalar/Giris_Sayfasi/Sifre' located by 'By.xpath: //*[@id = 'Password']' in '30' second(s)

2021-11-23 16:46:26 - [MESSAGE][PASSED] - Keys '123456' sent to object: 'Object Repository/Sayfalar/Giris_Sayfasi/Sifre'

2021-11-23 16:46:26 - [TEST_STEP][PASSED] - findWebElement(findTestObject("Sayfalar/Giris_Sayfasi/Giris_Butonu")).click(): Found 1 web elements with id: 'Object Repository/Sayfalar/Giris_Sayfasi/Giris_Butonu' located by 'By.cssSelector: #btnLogin' in '30' second(s)

2021-11-23 16:46:26 - [MESSAGE][INFO] - Finding Test Object 'Object Repository/Sayfalar/Giris_Sayfasi/Giris_Butonu'

2021-11-23 16:46:26 - [MESSAGE][INFO] - Finding web element from Test Object's properties

2021-11-23 16:46:26 - [MESSAGE][INFO] - Checking timeout

2021-11-23 16:46:26 - [MESSAGE][INFO] - Finding web element with id: 'Object Repository/Sayfalar/Giris_Sayfasi/Giris_Butonu' located by 'By.cssSelector: #btnLogin' in '30' second(s)

2021-11-23 16:46:26 - [MESSAGE][INFO] - Smart Wait Function is triggered

2021-11-23 16:46:26 - [MESSAGE][INFO] - Found 1 web elements with id: 'Object Repository/Sayfalar/Giris_Sayfasi/Giris_Butonu' located by 'By.cssSelector: #btnLogin' in '30' second(s)

2021-11-23 16:46:29 - [TEST_STEP][PASSED] - if (verifyElementPresent(findTestObject("Object Repository/Sayfalar/Giris_Sayfasi/RetveTamam_Butonu"), 5, OPTIONAL)): null

2021-11-23 16:46:29 - [MESSAGE][INFO] - Finding Test Object 'Object Repository/Sayfalar/Giris_Sayfasi/RetveTamam_Butonu'

2021-11-23 16:46:29 - [MESSAGE][INFO] - Checking object

2021-11-23 16:46:29 - [MESSAGE][INFO] - Finding web element from Test Object's properties

2021-11-23 16:46:29 - [MESSAGE][INFO] - Checking timeout

2021-11-23 16:46:29 - [MESSAGE][INFO] - Finding web element with id: 'Object Repository/Sayfalar/Giris_Sayfasi/RetveTamam_Butonu' located by 'By.xpath: //*[@class = 'btn btn-default']' in '5' second(s)

2021-11-23 16:46:29 - [MESSAGE][INFO] - Smart Wait Function is triggered

2021-11-23 16:46:29 - [MESSAGE][INFO] - Found 1 web elements with id: 'Object Repository/Sayfalar/Giris_Sayfasi/RetveTamam_Butonu' located by 'By.xpath: //*[@class = 'btn btn-default']' in '5' second(s)

2021-11-23 16:46:29 - [MESSAGE][PASSED] - Object 'Object Repository/Sayfalar/Giris_Sayfasi/RetveTamam_Butonu' is present

2021-11-23 16:46:29 - [TEST_STEP][PASSED] - click(findTestObject("Object Repository/Sayfalar/Giris_Sayfasi/RetveTamam_Butonu")): Object: 'Object Repository/Sayfalar/Giris_Sayfasi/RetveTamam_Butonu' is clicked on

2021-11-23 16:46:29 - [MESSAGE][INFO] - Finding Test Object 'Object Repository/Sayfalar/Giris_Sayfasi/RetveTamam_Butonu'

2021-11-23 16:46:29 - [MESSAGE][INFO] - Checking object

2021-11-23 16:46:29 - [MESSAGE][INFO] - Finding web element from Test Object's properties

2021-11-23 16:46:29 - [MESSAGE][INFO] - Checking timeout

2021-11-23 16:46:29 - [MESSAGE][INFO] - Finding web element with id: 'Object Repository/Sayfalar/Giris_Sayfasi/RetveTamam_Butonu' located by 'By.xpath: //*[@class = 'btn btn-default']' in '30' second(s)

2021-11-23 16:46:29 - [MESSAGE][INFO] - Smart Wait Function is triggered

2021-11-23 16:46:29 - [MESSAGE][INFO] - Found 1 web elements with id: 'Object Repository/Sayfalar/Giris_Sayfasi/RetveTamam_Butonu' located by 'By.xpath: //*[@class = 'btn btn-default']' in '30' second(s)

2021-11-23 16:46:29 - [MESSAGE][INFO] - Clicking on object: 'Object Repository/Sayfalar/Giris_Sayfasi/RetveTamam_Butonu'

2021-11-23 16:46:29 - [MESSAGE][PASSED] - Object: 'Object Repository/Sayfalar/Giris_Sayfasi/RetveTamam_Butonu' is clicked on

2021-11-23 16:46:29 - [TEST_STEP][PASSED] - click(findTestObject("Object Repository/Sayfalar/Giris_Sayfasi/RetveTamam_Butonu")): Object: 'Object Repository/Sayfalar/Giris_Sayfasi/RetveTamam_Butonu' is clicked on

2021-11-23 16:46:29 - [MESSAGE][INFO] - Finding Test Object 'Object Repository/Sayfalar/Giris_Sayfasi/RetveTamam_Butonu'

2021-11-23 16:46:30 - [MESSAGE][INFO] - Checking object

2021-11-23 16:46:30 - [MESSAGE][INFO] - Finding web element from Test Object's properties

2021-11-23 16:46:30 - [MESSAGE][INFO] - Checking timeout

2021-11-23 16:46:30 - [MESSAGE][INFO] - Finding web element with id: 'Object Repository/Sayfalar/Giris_Sayfasi/RetveTamam_Butonu' located by 'By.xpath: //*[@class = 'btn btn-default']' in '30' second(s)

2021-11-23 16:46:30 - [MESSAGE][INFO] - Smart Wait Function is triggered

2021-11-23 16:46:32 - [MESSAGE][INFO] - Found 1 web elements with id: 'Object Repository/Sayfalar/Giris_Sayfasi/RetveTamam_Butonu' located by 'By.xpath: //*[@class = 'btn btn-default']' in '30' second(s)

2021-11-23 16:46:32 - [MESSAGE][INFO] - Clicking on object: 'Object Repository/Sayfalar/Giris_Sayfasi/RetveTamam_Butonu'

2021-11-23 16:46:33 - [MESSAGE][PASSED] - Object: 'Object Repository/Sayfalar/Giris_Sayfasi/RetveTamam_Butonu' is clicked on

2021-11-23 16:46:33 - [TEST_STEP][PASSED] - if (verifyElementPresent(findTestObject("Sayfalar/Giris_Sayfasi/PopupOK"), 5, OPTIONAL)): null

2021-11-23 16:46:33 - [MESSAGE][INFO] - Finding Test Object 'Object Repository/Sayfalar/Giris_Sayfasi/PopupOK'

2021-11-23 16:46:33 - [MESSAGE][INFO] - Checking object

2021-11-23 16:46:33 - [MESSAGE][INFO] - Finding web element from Test Object's properties

2021-11-23 16:46:33 - [MESSAGE][INFO] - Checking timeout

2021-11-23 16:46:33 - [MESSAGE][INFO] - Finding web element with id: 'Object Repository/Sayfalar/Giris_Sayfasi/PopupOK' located by 'By.cssSelector: .btn.btn-success' in '5' second(s)

2021-11-23 16:46:33 - [MESSAGE][INFO] - Smart Wait Function is triggered

2021-11-23 16:46:33 - [MESSAGE][INFO] - Found 1 web elements with id: 'Object Repository/Sayfalar/Giris_Sayfasi/PopupOK' located by 'By.cssSelector: .btn.btn-success' in '5' second(s)

2021-11-23 16:46:33 - [MESSAGE][PASSED] - Object 'Object Repository/Sayfalar/Giris_Sayfasi/PopupOK' is present

2021-11-23 16:46:33 - [TEST_STEP][PASSED] - click(findTestObject("Object Repository/Sayfalar/Giris_Sayfasi/PopupCarpiGiris")): Object: 'Object Repository/Sayfalar/Giris_Sayfasi/PopupCarpiGiris' is clicked on

2021-11-23 16:46:33 - [MESSAGE][INFO] - Finding Test Object 'Object Repository/Sayfalar/Giris_Sayfasi/PopupCarpiGiris'

2021-11-23 16:46:33 - [MESSAGE][INFO] - Checking object

2021-11-23 16:46:33 - [MESSAGE][INFO] - Finding web element from Test Object's properties

2021-11-23 16:46:33 - [MESSAGE][INFO] - Checking timeout

2021-11-23 16:46:33 - [MESSAGE][INFO] - Finding web element with id: 'Object Repository/Sayfalar/Giris_Sayfasi/PopupCarpiGiris' located by 'By.cssSelector: .bootbox-close-button.close' in '30' second(s)

2021-11-23 16:46:33 - [MESSAGE][INFO] - Smart Wait Function is triggered

2021-11-23 16:46:34 - [MESSAGE][INFO] - Found 1 web elements with id: 'Object Repository/Sayfalar/Giris_Sayfasi/PopupCarpiGiris' located by 'By.cssSelector: .bootbox-close-button.close' in '30' second(s)

2021-11-23 16:46:34 - [MESSAGE][INFO] - Clicking on object: 'Object Repository/Sayfalar/Giris_Sayfasi/PopupCarpiGiris'

2021-11-23 16:46:34 - [MESSAGE][PASSED] - Object: 'Object Repository/Sayfalar/Giris_Sayfasi/PopupCarpiGiris' is clicked on

2021-11-23 16:46:34 - [TEST_STEP][PASSED] - verifyElementVisible(findTestObject("Object Repository/Kullanici_Islemleri/KullaniciIslemleri")): Object 'Object Repository/Kullanici_Islemleri/KullaniciIslemleri' is visible

2021-11-23 16:46:34 - [MESSAGE][INFO] - Finding Test Object 'Object Repository/Kullanici_Islemleri/KullaniciIslemleri'

2021-11-23 16:46:34 - [MESSAGE][INFO] - Checking object

2021-11-23 16:46:34 - [MESSAGE][INFO] - Finding web element from Test Object's properties

2021-11-23 16:46:34 - [MESSAGE][INFO] - Checking timeout

2021-11-23 16:46:34 - [MESSAGE][INFO] - Finding web element with id: 'Object Repository/Kullanici_Islemleri/KullaniciIslemleri' located by 'By.cssSelector: .dropdown>a>img' in '30' second(s)

2021-11-23 16:46:34 - [MESSAGE][INFO] - Smart Wait Function is triggered

2021-11-23 16:46:35 - [MESSAGE][INFO] - Found 1 web elements with id: 'Object Repository/Kullanici_Islemleri/KullaniciIslemleri' located by 'By.cssSelector: .dropdown>a>img' in '30' second(s)

2021-11-23 16:46:35 - [MESSAGE][PASSED] - Object 'Object Repository/Kullanici_Islemleri/KullaniciIslemleri' is visible

2021-11-23 16:46:35 - [MESSAGE][PASSED] - Call Test Case 'Test Cases/Sayfalar/Giris_Sayfasi/Login' successfully

2021-11-23 16:46:35 - [MESSAGE][INFO] - Checking called Test Case

2021-11-23 16:46:35 - [MESSAGE][INFO] - Starting to call Test Case 'Test Cases/Menu/AnaMenuSecimi'

2021-11-23 16:46:35 - [TEST_CASE][PASSED] - Test Cases/Menu/AnaMenuSecimi: Test Cases/Menu/AnaMenuSecimi

2021-11-23 16:46:35 - [TEST_STEP][PASSED] - Method.TextDegerineEsitElementeTikla(findTestObject("Menu/Ana_Menu"), Ana_Menu): Method.TextDegerineEsitElementeTikla is PASSED

2021-11-23 16:46:35 - [MESSAGE][INFO] - Finding Test Object 'Object Repository/Menu/Ana_Menu'

2021-11-23 16:46:35 - [MESSAGE][INFO] - Checking timeout

2021-11-23 16:46:35 - [MESSAGE][INFO] - Finding web element with id: 'Object Repository/Menu/Ana_Menu' located by 'By.xpath: //*[@class = 'dropdown-toggle']' in '10' second(s)

2021-11-23 16:46:35 - [MESSAGE][INFO] - Smart Wait Function is triggered

2021-11-23 16:46:35 - [MESSAGE][INFO] - Found 14 web elements with id: 'Object Repository/Menu/Ana_Menu' located by 'By.xpath: //*[@class = 'dropdown-toggle']' in '10' second(s)

2021-11-23 16:46:35 - [MESSAGE][PASSED] - Method.TextDegerineEsitElementeTikla is PASSED

2021-11-23 16:46:35 - [MESSAGE][PASSED] - Call Test Case 'Test Cases/Menu/AnaMenuSecimi' successfully

2021-11-23 16:46:35 - [MESSAGE][INFO] - Checking called Test Case

2021-11-23 16:46:35 - [MESSAGE][INFO] - Starting to call Test Case 'Test Cases/Menu/BasligaGoreAltMenuSecimi'

2021-11-23 16:46:35 - [TEST_CASE][PASSED] - Test Cases/Menu/BasligaGoreAltMenuSecimi: Test Cases/Menu/BasligaGoreAltMenuSecimi

2021-11-23 16:46:35 - [TEST_STEP][PASSED] - Method.TextDegerineEsitElementinAltindakiTextDegerineEsitOlanaTikla(findTestObject("Menu/Menu_Basligi"), findTestObject("Menu/Basliga_Gore_Alt_Menu"), Baslik, Alt_Menu): Method.TextDegerineEsitElementinAltindakiTextDegerineEsitOlanaTikla is PASSED

2021-11-23 16:46:35 - [MESSAGE][INFO] - Finding Test Object 'Object Repository/Menu/Menu_Basligi'

2021-11-23 16:46:35 - [MESSAGE][INFO] - Finding Test Object 'Object Repository/Menu/Basliga_Gore_Alt_Menu'

2021-11-23 16:46:36 - [MESSAGE][INFO] - Checking timeout

2021-11-23 16:46:36 - [MESSAGE][INFO] - Finding web element with id: 'Object Repository/Menu/Menu_Basligi' located by 'By.xpath: //li[@class='dropdown dropdown-large open']//li[@class='dropdown-header']' in '10' second(s)

2021-11-23 16:46:36 - [MESSAGE][INFO] - Smart Wait Function is triggered

2021-11-23 16:46:36 - [MESSAGE][INFO] - Found 2 web elements with id: 'Object Repository/Menu/Menu_Basligi' located by 'By.xpath: //li[@class='dropdown dropdown-large open']//li[@class='dropdown-header']' in '10' second(s)

2021-11-23 16:46:36 - [MESSAGE][INFO] - Smart Wait Function is triggered

2021-11-23 16:46:38 - [MESSAGE][PASSED] - Method.TextDegerineEsitElementinAltindakiTextDegerineEsitOlanaTikla is PASSED

2021-11-23 16:46:38 - [MESSAGE][PASSED] - Call Test Case 'Test Cases/Menu/BasligaGoreAltMenuSecimi' successfully

2021-11-23 16:46:38 - [MESSAGE][INFO] - Checking called Test Case

2021-11-23 16:46:38 - [MESSAGE][INFO] - Starting to call Test Case 'Test Cases/Filtreler/DropdownSec'

2021-11-23 16:46:38 - [TEST_CASE][PASSED] - Test Cases/Filtreler/DropdownSec: Test Cases/Filtreler/DropdownSec

2021-11-23 16:46:38 - [TEST_STEP][PASSED] - Method.TextDegerineEsitElementinAltindakineTikla(findTestObject("Filtreler/Basliklar"), findTestObject("Filtreler/Basliga_Gore_Baslangic_Image"), Filtre_Adi): Method.TextDegerineEsitElementinAltindakineTikla is PASSED

2021-11-23 16:46:38 - [MESSAGE][INFO] - Finding Test Object 'Object Repository/Filtreler/Basliklar'

2021-11-23 16:46:38 - [MESSAGE][INFO] - Finding Test Object 'Object Repository/Filtreler/Basliga_Gore_Baslangic_Image'

2021-11-23 16:46:38 - [MESSAGE][INFO] - Checking timeout

2021-11-23 16:46:38 - [MESSAGE][INFO] - Finding web element with id: 'Object Repository/Filtreler/Basliklar' located by 'By.cssSelector: .control-label.col-sm-4.paddingMarginRLC' in '10' second(s)

2021-11-23 16:46:38 - [MESSAGE][INFO] - Smart Wait Function is triggered

2021-11-23 16:46:38 - [MESSAGE][INFO] - Found 5 web elements with id: 'Object Repository/Filtreler/Basliklar' located by 'By.cssSelector: .control-label.col-sm-4.paddingMarginRLC' in '10' second(s)

2021-11-23 16:46:38 - [MESSAGE][INFO] - Smart Wait Function is triggered

2021-11-23 16:46:39 - [MESSAGE][PASSED] - Method.TextDegerineEsitElementinAltindakineTikla is PASSED

2021-11-23 16:46:39 - [TEST_STEP][PASSED] - Method.TextDegerineEsitElementeTikla(findTestObject("Object Repository/Filtreler/Basliga_Gore_Dropdown"), Filtre_Degeri): Method.TextDegerineEsitElementeTikla is PASSED

2021-11-23 16:46:39 - [MESSAGE][INFO] - Finding Test Object 'Object Repository/Filtreler/Basliga_Gore_Dropdown'

2021-11-23 16:46:39 - [MESSAGE][INFO] - Checking timeout

2021-11-23 16:46:39 - [MESSAGE][INFO] - Finding web element with id: 'Object Repository/Filtreler/Basliga_Gore_Dropdown' located by 'By.xpath: //*[@class = 'dxeListBoxItemRow_LECustomTheme']' in '10' second(s)

2021-11-23 16:46:39 - [MESSAGE][INFO] - Smart Wait Function is triggered

2021-11-23 16:46:39 - [MESSAGE][INFO] - Found 59 web elements with id: 'Object Repository/Filtreler/Basliga_Gore_Dropdown' located by 'By.xpath: //*[@class = 'dxeListBoxItemRow_LECustomTheme']' in '10' second(s)

2021-11-23 16:46:39 - [MESSAGE][PASSED] - Method.TextDegerineEsitElementeTikla is PASSED

2021-11-23 16:46:39 - [MESSAGE][PASSED] - Call Test Case 'Test Cases/Filtreler/DropdownSec' successfully

2021-11-23 16:46:39 - [MESSAGE][INFO] - Checking called Test Case

2021-11-23 16:46:39 - [MESSAGE][INFO] - Starting to call Test Case 'Test Cases/Filtreler/BaslangicYaz'

2021-11-23 16:46:39 - [TEST_CASE][PASSED] - Test Cases/Filtreler/BaslangicYaz: Test Cases/Filtreler/BaslangicYaz

2021-11-23 16:46:39 - [TEST_STEP][PASSED] - delay(3): Delayed 3 second(s)

2021-11-23 16:46:39 - [MESSAGE][INFO] - Delaying browser in 3 second(s)

2021-11-23 16:46:42 - [MESSAGE][PASSED] - Delayed 3 second(s)

2021-11-23 16:46:42 - [TEST_STEP][PASSED] - Method.TextDegerineEsitElementinAltindakineTikla(findTestObject("Filtreler/Basliklar"), findTestObject("Filtreler/Basliga_Gore_Baslangic_Image"), Filtre_Adi): Method.TextDegerineEsitElementinAltindakineTikla is PASSED

2021-11-23 16:46:42 - [MESSAGE][INFO] - Finding Test Object 'Object Repository/Filtreler/Basliklar'

2021-11-23 16:46:42 - [MESSAGE][INFO] - Finding Test Object 'Object Repository/Filtreler/Basliga_Gore_Baslangic_Image'

2021-11-23 16:46:42 - [MESSAGE][INFO] - Checking timeout

2021-11-23 16:46:42 - [MESSAGE][INFO] - Finding web element with id: 'Object Repository/Filtreler/Basliklar' located by 'By.cssSelector: .control-label.col-sm-4.paddingMarginRLC' in '10' second(s)

2021-11-23 16:46:42 - [MESSAGE][INFO] - Smart Wait Function is triggered

2021-11-23 16:46:43 - [MESSAGE][INFO] - Found 5 web elements with id: 'Object Repository/Filtreler/Basliklar' located by 'By.cssSelector: .control-label.col-sm-4.paddingMarginRLC' in '10' second(s)

2021-11-23 16:46:43 - [MESSAGE][INFO] - Smart Wait Function is triggered

2021-11-23 16:46:43 - [MESSAGE][PASSED] - Method.TextDegerineEsitElementinAltindakineTikla is PASSED

2021-11-23 16:46:43 - [TEST_STEP][PASSED] - Method.TextDegerineEsitElementinAltindakiTextboxtaYaz(findTestObject("Filtreler/Basliklar"), findTestObject("Filtreler/Basliga_Gore_Baslangic"), Filtre_Adi, Filtre_Degeri): Method.TextDegerineEsitElementinAltindakiTextboxtaYaz is PASSED

2021-11-23 16:46:43 - [MESSAGE][INFO] - Finding Test Object 'Object Repository/Filtreler/Basliklar'

2021-11-23 16:46:43 - [MESSAGE][INFO] - Finding Test Object 'Object Repository/Filtreler/Basliga_Gore_Baslangic'

2021-11-23 16:46:43 - [MESSAGE][INFO] - Checking timeout

2021-11-23 16:46:43 - [MESSAGE][INFO] - Finding web element with id: 'Object Repository/Filtreler/Basliklar' located by 'By.cssSelector: .control-label.col-sm-4.paddingMarginRLC' in '10' second(s)

2021-11-23 16:46:43 - [MESSAGE][INFO] - Smart Wait Function is triggered

2021-11-23 16:46:44 - [MESSAGE][INFO] - Found 5 web elements with id: 'Object Repository/Filtreler/Basliklar' located by 'By.cssSelector: .control-label.col-sm-4.paddingMarginRLC' in '10' second(s)

2021-11-23 16:46:44 - [MESSAGE][INFO] - Smart Wait Function is triggered

2021-11-23 16:46:44 - [MESSAGE][PASSED] - Method.TextDegerineEsitElementinAltindakiTextboxtaYaz is PASSED

2021-11-23 16:46:44 - [MESSAGE][PASSED] - Call Test Case 'Test Cases/Filtreler/BaslangicYaz' successfully

2021-11-23 16:46:44 - [MESSAGE][INFO] - Checking called Test Case

2021-11-23 16:46:44 - [MESSAGE][INFO] - Starting to call Test Case 'Test Cases/Filtreler/BitisYaz'

2021-11-23 16:46:44 - [TEST_CASE][PASSED] - Test Cases/Filtreler/BitisYaz: Test Cases/Filtreler/BitisYaz

2021-11-23 16:46:44 - [TEST_STEP][PASSED] - Method.TextDegerineEsitElementinAltindakineTikla(findTestObject("Filtreler/Basliklar"), findTestObject("Filtreler/Basliga_Gore_Bitis_Image"), Filtre_Adi): Method.TextDegerineEsitElementinAltindakineTikla is PASSED

2021-11-23 16:46:44 - [MESSAGE][INFO] - Finding Test Object 'Object Repository/Filtreler/Basliklar'

2021-11-23 16:46:44 - [MESSAGE][INFO] - Finding Test Object 'Object Repository/Filtreler/Basliga_Gore_Bitis_Image'

2021-11-23 16:46:45 - [MESSAGE][INFO] - Checking timeout

2021-11-23 16:46:45 - [MESSAGE][INFO] - Finding web element with id: 'Object Repository/Filtreler/Basliklar' located by 'By.cssSelector: .control-label.col-sm-4.paddingMarginRLC' in '10' second(s)

2021-11-23 16:46:45 - [MESSAGE][INFO] - Smart Wait Function is triggered

2021-11-23 16:46:45 - [MESSAGE][INFO] - Found 5 web elements with id: 'Object Repository/Filtreler/Basliklar' located by 'By.cssSelector: .control-label.col-sm-4.paddingMarginRLC' in '10' second(s)

2021-11-23 16:46:45 - [MESSAGE][INFO] - Smart Wait Function is triggered

2021-11-23 16:46:45 - [MESSAGE][PASSED] - Method.TextDegerineEsitElementinAltindakineTikla is PASSED

2021-11-23 16:46:45 - [TEST_STEP][PASSED] - Method.TextDegerineEsitElementinAltindakiTextboxtaYaz(findTestObject("Filtreler/Basliklar"), findTestObject("Object Repository/Filtreler/Basliga_Gore_Bitis"), Filtre_Adi, Filtre_Degeri): Method.TextDegerineEsitElementinAltindakiTextboxtaYaz is PASSED

2021-11-23 16:46:45 - [MESSAGE][INFO] - Finding Test Object 'Object Repository/Filtreler/Basliklar'

2021-11-23 16:46:45 - [MESSAGE][INFO] - Finding Test Object 'Object Repository/Filtreler/Basliga_Gore_Bitis'

2021-11-23 16:46:45 - [MESSAGE][INFO] - Checking timeout

2021-11-23 16:46:45 - [MESSAGE][INFO] - Finding web element with id: 'Object Repository/Filtreler/Basliklar' located by 'By.cssSelector: .control-label.col-sm-4.paddingMarginRLC' in '10' second(s)

2021-11-23 16:46:45 - [MESSAGE][INFO] - Smart Wait Function is triggered

2021-11-23 16:46:46 - [MESSAGE][INFO] - Found 5 web elements with id: 'Object Repository/Filtreler/Basliklar' located by 'By.cssSelector: .control-label.col-sm-4.paddingMarginRLC' in '10' second(s)

2021-11-23 16:46:46 - [MESSAGE][INFO] - Smart Wait Function is triggered

2021-11-23 16:46:46 - [MESSAGE][PASSED] - Method.TextDegerineEsitElementinAltindakiTextboxtaYaz is PASSED

2021-11-23 16:46:46 - [MESSAGE][PASSED] - Call Test Case 'Test Cases/Filtreler/BitisYaz' successfully

2021-11-23 16:46:46 - [MESSAGE][INFO] - Checking called Test Case

2021-11-23 16:46:46 - [MESSAGE][INFO] - Starting to call Test Case 'Test Cases/Filtreler/ButonaTikla'

2021-11-23 16:46:46 - [TEST_CASE][PASSED] - Test Cases/Filtreler/ButonaTikla: Test Cases/Filtreler/ButonaTikla

2021-11-23 16:46:46 - [TEST_STEP][PASSED] - Method.TextDegerineEsitElementeTikla(findTestObject("Filtreler/Butonlar"), Filtre_Buton): Method.TextDegerineEsitElementeTikla is PASSED

2021-11-23 16:46:46 - [MESSAGE][INFO] - Finding Test Object 'Object Repository/Filtreler/Butonlar'

2021-11-23 16:46:46 - [MESSAGE][INFO] - Checking timeout

2021-11-23 16:46:46 - [MESSAGE][INFO] - Finding web element with id: 'Object Repository/Filtreler/Butonlar' located by 'By.cssSelector: .dxb>span' in '10' second(s)

2021-11-23 16:46:46 - [MESSAGE][INFO] - Smart Wait Function is triggered

2021-11-23 16:46:46 - [MESSAGE][INFO] - Found 3 web elements with id: 'Object Repository/Filtreler/Butonlar' located by 'By.cssSelector: .dxb>span' in '10' second(s)

2021-11-23 16:46:47 - [MESSAGE][PASSED] - Method.TextDegerineEsitElementeTikla is PASSED

2021-11-23 16:46:47 - [MESSAGE][PASSED] - Call Test Case 'Test Cases/Filtreler/ButonaTikla' successfully

2021-11-23 16:46:47 - [MESSAGE][INFO] - Checking called Test Case

2021-11-23 16:46:47 - [MESSAGE][INFO] - Starting to call Test Case 'Test Cases/Tablo/TablodaVeriVarMi'

2021-11-23 16:46:47 - [TEST_CASE][PASSED] - Test Cases/Tablo/TablodaVeriVarMi: Test Cases/Tablo/TablodaVeriVarMi

2021-11-23 16:46:47 - [TEST_STEP][PASSED] - verifyTextNotPresent("Görüntülenecek veri yok", true): Text 'Görüntülenecek veri yok' is not present on page using regular expression

2021-11-23 16:46:47 - [MESSAGE][INFO] - Checking text present  using regular expression

2021-11-23 16:46:47 - [MESSAGE][INFO] - Smart Wait Function is triggered

2021-11-23 16:46:47 - [MESSAGE][INFO] - Finding text 'Görüntülenecek veri yok' on page  using regular expression

2021-11-23 16:46:47 - [MESSAGE][PASSED] - Text 'Görüntülenecek veri yok' is not present on page using regular expression

2021-11-23 16:46:47 - [MESSAGE][PASSED] - Call Test Case 'Test Cases/Tablo/TablodaVeriVarMi' successfully

2021-11-23 16:46:47 - [MESSAGE][INFO] - Checking called Test Case

2021-11-23 16:46:47 - [MESSAGE][INFO] - Starting to call Test Case 'Test Cases/Tablo/TablodanVeriSec'

2021-11-23 16:46:48 - [TEST_CASE][PASSED] - Test Cases/Tablo/TablodanVeriSec: Test Cases/Tablo/TablodanVeriSec

2021-11-23 16:46:48 - [TEST_STEP][PASSED] - Method.TextDegerineEsitElementinAltindakineTikla(findTestObject("Tablo/Veriler"), findTestObject("Tablo/VerininCheckBoxi"), Veri_Adi): Method.TextDegerineEsitElementinAltindakineTikla is PASSED

2021-11-23 16:46:48 - [MESSAGE][INFO] - Finding Test Object 'Object Repository/Tablo/Veriler'

2021-11-23 16:46:48 - [MESSAGE][INFO] - Finding Test Object 'Object Repository/Tablo/VerininCheckBoxi'

2021-11-23 16:46:48 - [MESSAGE][INFO] - Checking timeout

2021-11-23 16:46:48 - [MESSAGE][INFO] - Finding web element with id: 'Object Repository/Tablo/Veriler' located by 'By.cssSelector: td.dxgv b ,td.dxgv' in '10' second(s)

2021-11-23 16:46:48 - [MESSAGE][INFO] - Smart Wait Function is triggered

2021-11-23 16:46:48 - [MESSAGE][INFO] - Found 130 web elements with id: 'Object Repository/Tablo/Veriler' located by 'By.cssSelector: td.dxgv b ,td.dxgv' in '10' second(s)

2021-11-23 16:46:49 - [MESSAGE][INFO] - Smart Wait Function is triggered

2021-11-23 16:46:49 - [MESSAGE][PASSED] - Method.TextDegerineEsitElementinAltindakineTikla is PASSED

2021-11-23 16:46:49 - [MESSAGE][PASSED] - Call Test Case 'Test Cases/Tablo/TablodanVeriSec' successfully

2021-11-23 16:46:49 - [MESSAGE][INFO] - Checking called Test Case

2021-11-23 16:46:49 - [MESSAGE][INFO] - Starting to call Test Case 'Test Cases/Butonlar/ButonaTikla'

2021-11-23 16:46:49 - [TEST_CASE][PASSED] - Test Cases/Butonlar/ButonaTikla: Test Cases/Butonlar/ButonaTikla

2021-11-23 16:46:49 - [TEST_STEP][PASSED] - Method.TextDegerineEsitElementeTiklaEquals(findTestObject("Butonlar/Butonlar"), Buton_Adi): Method.TextDegerineEsitElementeTiklaEquals is PASSED

2021-11-23 16:46:49 - [MESSAGE][INFO] - Finding Test Object 'Object Repository/Butonlar/Butonlar'

2021-11-23 16:46:49 - [MESSAGE][INFO] - Checking timeout

2021-11-23 16:46:49 - [MESSAGE][INFO] - Finding web element with id: 'Object Repository/Butonlar/Butonlar' located by 'By.cssSelector: .panel.panel-default.text-center.footerPanel .btn,.btn.btn-primary.btnControls' in '10' second(s)

2021-11-23 16:46:49 - [MESSAGE][INFO] - Smart Wait Function is triggered

2021-11-23 16:46:49 - [MESSAGE][INFO] - Found 6 web elements with id: 'Object Repository/Butonlar/Butonlar' located by 'By.cssSelector: .panel.panel-default.text-center.footerPanel .btn,.btn.btn-primary.btnControls' in '10' second(s)

2021-11-23 16:46:50 - [MESSAGE][PASSED] - Method.TextDegerineEsitElementeTiklaEquals is PASSED

2021-11-23 16:46:50 - [MESSAGE][PASSED] - Call Test Case 'Test Cases/Butonlar/ButonaTikla' successfully

2021-11-23 16:46:50 - [MESSAGE][INFO] - Checking called Test Case

2021-11-23 16:46:50 - [MESSAGE][INFO] - Starting to call Test Case 'Test Cases/Sekmeler/YeniSekmeyeGec'

2021-11-23 16:46:50 - [TEST_CASE][PASSED] - Test Cases/Sekmeler/YeniSekmeyeGec: Test Cases/Sekmeler/YeniSekmeyeGec

2021-11-23 16:46:50 - [TEST_STEP][PASSED] - switchToWindowIndex(1): Switched to window with index: '1'

2021-11-23 16:46:50 - [MESSAGE][INFO] - Checking index

2021-11-23 16:46:50 - [MESSAGE][INFO] - Switching window with index: '1'

2021-11-23 16:46:50 - [MESSAGE][PASSED] - Switched to window with index: '1'

2021-11-23 16:46:50 - [MESSAGE][PASSED] - Call Test Case 'Test Cases/Sekmeler/YeniSekmeyeGec' successfully

2021-11-23 16:46:50 - [MESSAGE][INFO] - Checking called Test Case

2021-11-23 16:46:50 - [MESSAGE][INFO] - Starting to call Test Case 'Test Cases/Sekmeler/TagGeldiMi'

2021-11-23 16:46:50 - [TEST_CASE][PASSED] - Test Cases/Sekmeler/TagGeldiMi: Test Cases/Sekmeler/TagGeldiMi

2021-11-23 16:46:50 - [TEST_STEP][PASSED] - waitForElementPresent(findTestObject("Object Repository/Sekmeler/UBLTag"), 10): Object 'Object Repository/Sekmeler/UBLTag' is present

2021-11-23 16:46:50 - [MESSAGE][INFO] - Finding Test Object 'Object Repository/Sekmeler/UBLTag'

2021-11-23 16:46:50 - [MESSAGE][INFO] - Checking object

2021-11-23 16:46:50 - [MESSAGE][INFO] - Finding web element from Test Object's properties

2021-11-23 16:46:50 - [MESSAGE][INFO] - Checking timeout

2021-11-23 16:46:50 - [MESSAGE][INFO] - Finding web element with id: 'Object Repository/Sekmeler/UBLTag' located by 'By.cssSelector: #webkit-xml-viewer-source-xml>:first-child' in '10' second(s)

2021-11-23 16:46:50 - [MESSAGE][INFO] - Smart Wait Function is triggered

2021-11-23 16:46:50 - [MESSAGE][INFO] - Found 1 web elements with id: 'Object Repository/Sekmeler/UBLTag' located by 'By.cssSelector: #webkit-xml-viewer-source-xml>:first-child' in '10' second(s)

2021-11-23 16:46:50 - [MESSAGE][PASSED] - Object 'Object Repository/Sekmeler/UBLTag' is present

2021-11-23 16:46:50 - [TEST_STEP][PASSED] - println(toLowerCase().toString()): Found 1 web elements with id: 'Object Repository/Sekmeler/UBLTag' located by 'By.cssSelector: #webkit-xml-viewer-source-xml>:first-child' in '10' second(s)

2021-11-23 16:46:50 - [MESSAGE][INFO] - Finding Test Object 'Object Repository/Sekmeler/UBLTag'

2021-11-23 16:46:50 - [MESSAGE][INFO] - Finding web element from Test Object's properties

2021-11-23 16:46:50 - [MESSAGE][INFO] - Checking timeout

2021-11-23 16:46:50 - [MESSAGE][INFO] - Finding web element with id: 'Object Repository/Sekmeler/UBLTag' located by 'By.cssSelector: #webkit-xml-viewer-source-xml>:first-child' in '10' second(s)

2021-11-23 16:46:50 - [MESSAGE][INFO] - Smart Wait Function is triggered

2021-11-23 16:46:50 - [MESSAGE][INFO] - Found 1 web elements with id: 'Object Repository/Sekmeler/UBLTag' located by 'By.cssSelector: #webkit-xml-viewer-source-xml>:first-child' in '10' second(s)

2021-11-23 16:46:50 - [TEST_STEP][PASSED] - if (!(toString().contains(toString().toLowerCase()))): Found 1 web elements with id: 'Object Repository/Sekmeler/UBLTag' located by 'By.cssSelector: #webkit-xml-viewer-source-xml>:first-child' in '10' second(s)

2021-11-23 16:46:50 - [MESSAGE][INFO] - Finding Test Object 'Object Repository/Sekmeler/UBLTag'

2021-11-23 16:46:50 - [MESSAGE][INFO] - Finding web element from Test Object's properties

2021-11-23 16:46:50 - [MESSAGE][INFO] - Checking timeout

2021-11-23 16:46:50 - [MESSAGE][INFO] - Finding web element with id: 'Object Repository/Sekmeler/UBLTag' located by 'By.cssSelector: #webkit-xml-viewer-source-xml>:first-child' in '10' second(s)

2021-11-23 16:46:50 - [MESSAGE][INFO] - Smart Wait Function is triggered

2021-11-23 16:46:50 - [MESSAGE][INFO] - Found 1 web elements with id: 'Object Repository/Sekmeler/UBLTag' located by 'By.cssSelector: #webkit-xml-viewer-source-xml>:first-child' in '10' second(s)

2021-11-23 16:46:50 - [MESSAGE][PASSED] - Call Test Case 'Test Cases/Sekmeler/TagGeldiMi' successfully

2021-11-23 16:46:50 - [MESSAGE][INFO] - Checking called Test Case

2021-11-23 16:46:50 - [MESSAGE][INFO] - Starting to call Test Case 'Test Cases/Sekmeler/Ana_Sekmeye_Gec'

2021-11-23 16:46:50 - [TEST_CASE][PASSED] - Test Cases/Sekmeler/Ana_Sekmeye_Gec: Test Cases/Sekmeler/Ana_Sekmeye_Gec

2021-11-23 16:46:50 - [TEST_STEP][PASSED] - try: Window with index 1 is closed

2021-11-23 16:46:50 - [TEST_STEP][PASSED] - index = getWindowIndex(): Current window's index is: 1

2021-11-23 16:46:50 - [MESSAGE][INFO] - Getting current window's index

2021-11-23 16:46:50 - [MESSAGE][PASSED] - Current window's index is: 1

2021-11-23 16:46:50 - [TEST_STEP][PASSED] - closeWindowIndex(index): Window with index 1 is closed

2021-11-23 16:46:50 - [MESSAGE][INFO] - Checking index

2021-11-23 16:46:50 - [MESSAGE][INFO] - Closing window with index 1

2021-11-23 16:46:50 - [MESSAGE][PASSED] - Window with index 1 is closed

2021-11-23 16:46:50 - [TEST_STEP][PASSED] - switchToWindowIndex(0): Switched to window with index: '0'

2021-11-23 16:46:50 - [MESSAGE][INFO] - Checking index

2021-11-23 16:46:50 - [MESSAGE][INFO] - Switching window with index: '0'

2021-11-23 16:46:50 - [MESSAGE][PASSED] - Switched to window with index: '0'

2021-11-23 16:46:50 - [MESSAGE][PASSED] - Call Test Case 'Test Cases/Sekmeler/Ana_Sekmeye_Gec' successfully

2021-11-23 16:46:50 - [MESSAGE][INFO] - Checking called Test Case

2021-11-23 16:46:50 - [MESSAGE][INFO] - Starting to call Test Case 'Test Cases/Kullanici_Islemleri/KullaniciIslemlerindenSecimYapilir'

2021-11-23 16:46:50 - [TEST_CASE][PASSED] - Test Cases/Kullanici_Islemleri/KullaniciIslemlerindenSecimYapilir: Test Cases/Kullanici_Islemleri/KullaniciIslemlerindenSecimYapilir

2021-11-23 16:46:50 - [TEST_STEP][PASSED] - waitForElementClickable(findTestObject("Object Repository/Kullanici_Islemleri/KullaniciIslemleri"), 10): Object 'Object Repository/Kullanici_Islemleri/KullaniciIslemleri' is clickable

2021-11-23 16:46:50 - [MESSAGE][INFO] - Finding Test Object 'Object Repository/Kullanici_Islemleri/KullaniciIslemleri'

2021-11-23 16:46:51 - [MESSAGE][INFO] - Checking object

2021-11-23 16:46:51 - [MESSAGE][INFO] - Checking timeout

2021-11-23 16:46:51 - [MESSAGE][INFO] - Finding web element from Test Object's properties

2021-11-23 16:46:51 - [MESSAGE][INFO] - Checking timeout

2021-11-23 16:46:51 - [MESSAGE][INFO] - Finding web element with id: 'Object Repository/Kullanici_Islemleri/KullaniciIslemleri' located by 'By.cssSelector: .dropdown>a>img' in '10' second(s)

2021-11-23 16:46:51 - [MESSAGE][INFO] - Smart Wait Function is triggered

2021-11-23 16:46:51 - [MESSAGE][INFO] - Found 1 web elements with id: 'Object Repository/Kullanici_Islemleri/KullaniciIslemleri' located by 'By.cssSelector: .dropdown>a>img' in '10' second(s)

2021-11-23 16:46:51 - [MESSAGE][PASSED] - Object 'Object Repository/Kullanici_Islemleri/KullaniciIslemleri' is clickable

2021-11-23 16:46:51 - [TEST_STEP][PASSED] - click(findTestObject("Object Repository/Kullanici_Islemleri/KullaniciIslemleri")): Object: 'Object Repository/Kullanici_Islemleri/KullaniciIslemleri' is clicked on

2021-11-23 16:46:51 - [MESSAGE][INFO] - Finding Test Object 'Object Repository/Kullanici_Islemleri/KullaniciIslemleri'

2021-11-23 16:46:51 - [MESSAGE][INFO] - Checking object

2021-11-23 16:46:51 - [MESSAGE][INFO] - Finding web element from Test Object's properties

2021-11-23 16:46:51 - [MESSAGE][INFO] - Checking timeout

2021-11-23 16:46:51 - [MESSAGE][INFO] - Finding web element with id: 'Object Repository/Kullanici_Islemleri/KullaniciIslemleri' located by 'By.cssSelector: .dropdown>a>img' in '30' second(s)

2021-11-23 16:46:51 - [MESSAGE][INFO] - Smart Wait Function is triggered

2021-11-23 16:46:51 - [MESSAGE][INFO] - Found 1 web elements with id: 'Object Repository/Kullanici_Islemleri/KullaniciIslemleri' located by 'By.cssSelector: .dropdown>a>img' in '30' second(s)

2021-11-23 16:46:51 - [MESSAGE][INFO] - Clicking on object: 'Object Repository/Kullanici_Islemleri/KullaniciIslemleri'

2021-11-23 16:46:51 - [MESSAGE][PASSED] - Object: 'Object Repository/Kullanici_Islemleri/KullaniciIslemleri' is clicked on

2021-11-23 16:46:51 - [TEST_STEP][PASSED] - Method.TextDegerineEsitElementeTikla(findTestObject("Object Repository/Kullanici_Islemleri/Secenekler"), Islem): Method.TextDegerineEsitElementeTikla is PASSED

2021-11-23 16:46:51 - [MESSAGE][INFO] - Finding Test Object 'Object Repository/Kullanici_Islemleri/Secenekler'

2021-11-23 16:46:51 - [MESSAGE][INFO] - Checking timeout

2021-11-23 16:46:51 - [MESSAGE][INFO] - Finding web element with id: 'Object Repository/Kullanici_Islemleri/Secenekler' located by 'By.cssSelector: .nav.navbar-nav.navbar-right li a' in '10' second(s)

2021-11-23 16:46:51 - [MESSAGE][INFO] - Smart Wait Function is triggered

2021-11-23 16:46:52 - [MESSAGE][INFO] - Found 22 web elements with id: 'Object Repository/Kullanici_Islemleri/Secenekler' located by 'By.cssSelector: .nav.navbar-nav.navbar-right li a' in '10' second(s)

2021-11-23 16:46:53 - [MESSAGE][PASSED] - Method.TextDegerineEsitElementeTikla is PASSED

2021-11-23 16:46:53 - [TEST_STEP][PASSED] - verifyElementNotPresent(findTestObject("Object Repository/Kullanici_Islemleri/Secenekler"), 10): Web element with id: 'Object Repository/Kullanici_Islemleri/Secenekler' located by 'By.cssSelector: .nav.navbar-nav.navbar-right li a' is not present after '10' second(s)

2021-11-23 16:46:53 - [MESSAGE][INFO] - Finding Test Object 'Object Repository/Kullanici_Islemleri/Secenekler'

2021-11-23 16:46:53 - [MESSAGE][INFO] - Checking object

2021-11-23 16:46:53 - [MESSAGE][INFO] - Checking timeout

2021-11-23 16:46:53 - [MESSAGE][INFO] - Finding web element with id: 'Object Repository/Kullanici_Islemleri/Secenekler' located by 'By.cssSelector: .nav.navbar-nav.navbar-right li a' in '10' second(s)

2021-11-23 16:46:53 - [MESSAGE][INFO] - Smart Wait Function is triggered

2021-11-23 16:46:54 - [MESSAGE][PASSED] - Web element with id: 'Object Repository/Kullanici_Islemleri/Secenekler' located by 'By.cssSelector: .nav.navbar-nav.navbar-right li a' is not present after '10' second(s)

2021-11-23 16:46:54 - [MESSAGE][PASSED] - Call Test Case 'Test Cases/Kullanici_Islemleri/KullaniciIslemlerindenSecimYapilir' successfully

2021-11-23 16:46:54 - [TEST_CASE][PASSED] - Start Test Case : SCENARIO e-Mustahsil Makbuzu Raporlari XML: SCENARIO e-Mustahsil Makbuzu Raporlari XML

2021-11-23 16:46:54 - [TEST_STEP][PASSED] - Kullanıcı adı ELOGO6 ve Şifre 123456 olarak giriş yapılır: Kullanıcı adı ELOGO6 ve Şifre 123456 olarak giriş yapılır

2021-11-23 16:46:54 - [MESSAGE][PASSED] - Kullanıcı adı ELOGO6 ve Şifre 123456 olarak giriş yapılır

2021-11-23 16:46:54 - [TEST_STEP][PASSED] - Ana menüden e-Makbuz seçilir: Ana menüden e-Makbuz seçilir

2021-11-23 16:46:54 - [MESSAGE][PASSED] - Ana menüden e-Makbuz seçilir

2021-11-23 16:46:54 - [TEST_STEP][PASSED] - Alt menü e-Müstahsil Uygulaması başlığı altındaki e-Müstahsil Makbuzu Raporları seçilir: Alt menü e-Müstahsil Uygulaması başlığı altındaki e-Müstahsil Makbuzu Raporları seçilir

2021-11-23 16:46:54 - [MESSAGE][PASSED] - Alt menü e-Müstahsil Uygulaması başlığı altındaki e-Müstahsil Makbuzu Raporları seçilir

2021-11-23 16:46:54 - [TEST_STEP][PASSED] - Filtrelerden Dönem Tarihi filtresine 2021 Ocak dropdowndan degeri seçilir: Filtrelerden Dönem Tarihi filtresine 2021 Ocak dropdowndan degeri seçilir

2021-11-23 16:46:54 - [MESSAGE][PASSED] - Filtrelerden Dönem Tarihi filtresine 2021 Ocak dropdowndan degeri seçilir

2021-11-23 16:46:54 - [TEST_STEP][PASSED] - Filtrelerden Bölüm Tarihi filtresine 09.01.2021 baslangic degerini yaz: Filtrelerden Bölüm Tarihi filtresine 09.01.2021 baslangic degerini yaz

2021-11-23 16:46:54 - [MESSAGE][PASSED] - Filtrelerden Bölüm Tarihi filtresine 09.01.2021 baslangic degerini yaz

2021-11-23 16:46:54 - [TEST_STEP][PASSED] - Filtrelerden Bölüm Tarihi filtresine 09.01.2021 bitis degerini yaz: Filtrelerden Bölüm Tarihi filtresine 09.01.2021 bitis degerini yaz

2021-11-23 16:46:54 - [MESSAGE][PASSED] - Filtrelerden Bölüm Tarihi filtresine 09.01.2021 bitis degerini yaz

2021-11-23 16:46:54 - [TEST_STEP][PASSED] - Filtre butonlarından Listele seçilir: Filtre butonlarından Listele seçilir

2021-11-23 16:46:54 - [MESSAGE][PASSED] - Filtre butonlarından Listele seçilir

2021-11-23 16:46:54 - [TEST_STEP][PASSED] - Tabloda veri var mı kontrol edilir: Tabloda veri var mı kontrol edilir

2021-11-23 16:46:54 - [MESSAGE][PASSED] - Tabloda veri var mı kontrol edilir

2021-11-23 16:46:54 - [TEST_STEP][PASSED] - Tablodan 2891 isimli veri seçilir: Tablodan 2891 isimli veri seçilir

2021-11-23 16:46:54 - [MESSAGE][PASSED] - Tablodan 2891 isimli veri seçilir

2021-11-23 16:46:54 - [TEST_STEP][PASSED] - Butonlardan XML isimli butona tıklanır: Butonlardan XML isimli butona tıklanır

2021-11-23 16:46:54 - [MESSAGE][PASSED] - Butonlardan XML isimli butona tıklanır

2021-11-23 16:46:54 - [TEST_STEP][PASSED] - Yeni açılan sekmeye geçilir: Yeni açılan sekmeye geçilir

2021-11-23 16:46:54 - [MESSAGE][PASSED] - Yeni açılan sekmeye geçilir

2021-11-23 16:46:54 - [TEST_STEP][PASSED] - earsiv:eArsivRaporu tagli ubl geldi mi: earsiv:eArsivRaporu tagli ubl geldi mi

2021-11-23 16:46:54 - [MESSAGE][PASSED] - earsiv:eArsivRaporu tagli ubl geldi mi

2021-11-23 16:46:54 - [TEST_STEP][PASSED] - Ana sekmeye geçilir: Ana sekmeye geçilir

2021-11-23 16:46:54 - [MESSAGE][PASSED] - Ana sekmeye geçilir

2021-11-23 16:46:54 - [TEST_STEP][PASSED] - Kullanıcı işlemlerinden Çıkış seçilir: Kullanıcı işlemlerinden Çıkış seçilir

2021-11-23 16:46:54 - [MESSAGE][PASSED] - Kullanıcı işlemlerinden Çıkış seçilir

2021-11-23 16:46:54 - [MESSAGE][PASSED] - Feature file: 'Include/features/e-Makbuz/e-Mustahsil Uygulamasi/e-Mustahsil Makbuzu Raporlari/XML.feature' was passed

2021-11-23 16:46:54 - [TEST_STEP][PASSED] - Start listener action : sampleAfterTestSuite: Invoke 'com.kms.katalon.core.annotation.AfterTestCase' method: 'Listener.sampleAfterTestSuite(...)' completed.

2021-11-23 16:46:54 - [MESSAGE][INFO] - Starting invoke 'com.kms.katalon.core.annotation.AfterTestCase' method: 'Listener.sampleAfterTestSuite(...)'

2021-11-23 16:46:54 - [TEST_STEP][PASSED] - closeBrowser(): Invoke 'com.kms.katalon.core.annotation.AfterTestCase' method: 'Listener.sampleAfterTestSuite(...)' completed.

2021-11-23 16:46:54 - [MESSAGE][INFO] - Closing browser

2021-11-23 16:46:55 - [MESSAGE][PASSED] - Browser is closed

2021-11-23 16:46:55 - [MESSAGE][INFO] - Invoke 'com.kms.katalon.core.annotation.AfterTestCase' method: 'Listener.sampleAfterTestSuite(...)' completed.]]></system-out>
         <system-err><![CDATA[]]></system-err>
      </testcase>
      <testcase name="Test Cases/Case Repository/e-Makbuz/e-Mustahsil Uygulamasi/e-Mustahsil Makbuzu Raporlari/Yeniden Olustur" time="45.674" classname="Test Cases/Case Repository/e-Makbuz/e-Mustahsil Uygulamasi/e-Mustahsil Makbuzu Raporlari/Yeniden Olustur" status="PASSED">
         <system-out><![CDATA[2021-11-23 16:46:55 - [TEST_CASE][PASSED] - Test Cases/Case Repository/e-Makbuz/e-Mustahsil Uygulamasi/e-Mustahsil Makbuzu Raporlari/Yeniden Olustur: Test Cases/Case Repository/e-Makbuz/e-Mustahsil Uygulamasi/e-Mustahsil Makbuzu Raporlari/Yeniden Olustur

2021-11-23 16:46:55 - [TEST_STEP][PASSED] - Start listener action : sampleBeforeTestSuite: Invoke 'com.kms.katalon.core.annotation.BeforeTestCase' method: 'Listener.sampleBeforeTestSuite(...)' completed.

2021-11-23 16:46:55 - [MESSAGE][INFO] - Starting invoke 'com.kms.katalon.core.annotation.BeforeTestCase' method: 'Listener.sampleBeforeTestSuite(...)'

2021-11-23 16:46:55 - [TEST_STEP][PASSED] - openBrowser(baseUrl): Browser is opened with url: 'https://efatura-stage.elogo.com.tr/'

2021-11-23 16:46:55 - [MESSAGE][INFO] - Opening browser

2021-11-23 16:46:55 - [MESSAGE][INFO] - Starting 'Chrome' driver

2021-11-23 16:46:55 - [MESSAGE][INFO] - User set preference: ['prefs', '{download.default_directory=C:\otomasyondownfiles}']

2021-11-23 16:46:55 - [MESSAGE][INFO] - Action delay is set to 0 milliseconds

2021-11-23 16:46:56 - [MESSAGE][INFO] - Navigating browser to: 'https://efatura-stage.elogo.com.tr/'

2021-11-23 16:46:58 - [MESSAGE][PASSED] - Browser is opened with url: 'https://efatura-stage.elogo.com.tr/'

2021-11-23 16:46:58 - [TEST_STEP][PASSED] - maximizeWindow(): Invoke 'com.kms.katalon.core.annotation.BeforeTestCase' method: 'Listener.sampleBeforeTestSuite(...)' completed.

2021-11-23 16:46:58 - [MESSAGE][INFO] - Maximizing current window

2021-11-23 16:46:58 - [MESSAGE][PASSED] - Current window maximized

2021-11-23 16:46:58 - [MESSAGE][INFO] - Invoke 'com.kms.katalon.core.annotation.BeforeTestCase' method: 'Listener.sampleBeforeTestSuite(...)' completed.

2021-11-23 16:46:59 - [TEST_STEP][PASSED] - runFeatureFile("Include/features/e-Makbuz/e-Mustahsil Uygulamasi/e-Mustahsil Makbuzu Raporlari/Yeniden Olustur.feature"): Feature file: 'Include/features/e-Makbuz/e-Mustahsil Uygulamasi/e-Mustahsil Makbuzu Raporlari/Yeniden Olustur.feature' was passed

2021-11-23 16:46:59 - [MESSAGE][INFO] - Starting run keyword runFeatureFile: 'Include/features/e-Makbuz/e-Mustahsil Uygulamasi/e-Mustahsil Makbuzu Raporlari/Yeniden Olustur.feature' and extract report to folder: 'C:\Users\DELL\Documents\GitHub\EES_KatalonLogo\Reports\20211123_163326\Suite Repository\e-Makbuz\20211123_163348/cucumber_report/1637675219487'...

2021-11-23 16:46:59 - [MESSAGE][INFO] - Glue: []

2021-11-23 16:47:02 - [MESSAGE][INFO] - Checking called Test Case

2021-11-23 16:47:02 - [MESSAGE][INFO] - Starting to call Test Case 'Test Cases/Sayfalar/Giris_Sayfasi/Login'

2021-11-23 16:47:02 - [TEST_CASE][PASSED] - Test Cases/Sayfalar/Giris_Sayfasi/Login: Test Cases/Sayfalar/Giris_Sayfasi/Login

2021-11-23 16:47:02 - [TEST_STEP][PASSED] - Sayfa_Basligi = getWindowTitle(): Current window's title is: 'LOGO e-Fatura'

2021-11-23 16:47:02 - [MESSAGE][INFO] - Getting current window's title

2021-11-23 16:47:02 - [MESSAGE][PASSED] - Current window's title is: 'LOGO e-Fatura'

2021-11-23 16:47:02 - [TEST_STEP][PASSED] - verifyMatch(Sayfa_Basligi, "LOGO e-Fatura", false): Actual text 'LOGO e-Fatura' and expected text 'LOGO e-Fatura' are matched 

2021-11-23 16:47:02 - [MESSAGE][INFO] - Matching actual text 'LOGO e-Fatura' with expected text 'LOGO e-Fatura'

2021-11-23 16:47:02 - [MESSAGE][PASSED] - Actual text 'LOGO e-Fatura' and expected text 'LOGO e-Fatura' are matched 

2021-11-23 16:47:02 - [TEST_STEP][PASSED] - sendKeys(findTestObject("Sayfalar/Giris_Sayfasi/Firma_Kodu"), KullaniciAdi): Keys 'ELOGO6' sent to object: 'Object Repository/Sayfalar/Giris_Sayfasi/Firma_Kodu'

2021-11-23 16:47:02 - [MESSAGE][INFO] - Finding Test Object 'Object Repository/Sayfalar/Giris_Sayfasi/Firma_Kodu'

2021-11-23 16:47:02 - [MESSAGE][INFO] - Sending keys 'ELOGO6' to object: 'Object Repository/Sayfalar/Giris_Sayfasi/Firma_Kodu'

2021-11-23 16:47:02 - [MESSAGE][INFO] - Finding web element from Test Object's properties

2021-11-23 16:47:02 - [MESSAGE][INFO] - Checking timeout

2021-11-23 16:47:02 - [MESSAGE][INFO] - Finding web element with id: 'Object Repository/Sayfalar/Giris_Sayfasi/Firma_Kodu' located by 'By.xpath: //*[@id = 'AccountName']' in '30' second(s)

2021-11-23 16:47:02 - [MESSAGE][INFO] - Smart Wait Function is triggered

2021-11-23 16:47:02 - [MESSAGE][INFO] - Found 1 web elements with id: 'Object Repository/Sayfalar/Giris_Sayfasi/Firma_Kodu' located by 'By.xpath: //*[@id = 'AccountName']' in '30' second(s)

2021-11-23 16:47:02 - [MESSAGE][PASSED] - Keys 'ELOGO6' sent to object: 'Object Repository/Sayfalar/Giris_Sayfasi/Firma_Kodu'

2021-11-23 16:47:02 - [TEST_STEP][PASSED] - sendKeys(findTestObject("Sayfalar/Giris_Sayfasi/Sifre"), Sifre): Keys '123456' sent to object: 'Object Repository/Sayfalar/Giris_Sayfasi/Sifre'

2021-11-23 16:47:02 - [MESSAGE][INFO] - Finding Test Object 'Object Repository/Sayfalar/Giris_Sayfasi/Sifre'

2021-11-23 16:47:02 - [MESSAGE][INFO] - Sending keys '123456' to object: 'Object Repository/Sayfalar/Giris_Sayfasi/Sifre'

2021-11-23 16:47:02 - [MESSAGE][INFO] - Finding web element from Test Object's properties

2021-11-23 16:47:02 - [MESSAGE][INFO] - Checking timeout

2021-11-23 16:47:02 - [MESSAGE][INFO] - Finding web element with id: 'Object Repository/Sayfalar/Giris_Sayfasi/Sifre' located by 'By.xpath: //*[@id = 'Password']' in '30' second(s)

2021-11-23 16:47:02 - [MESSAGE][INFO] - Smart Wait Function is triggered

2021-11-23 16:47:03 - [MESSAGE][INFO] - Found 1 web elements with id: 'Object Repository/Sayfalar/Giris_Sayfasi/Sifre' located by 'By.xpath: //*[@id = 'Password']' in '30' second(s)

2021-11-23 16:47:03 - [MESSAGE][PASSED] - Keys '123456' sent to object: 'Object Repository/Sayfalar/Giris_Sayfasi/Sifre'

2021-11-23 16:47:03 - [TEST_STEP][PASSED] - findWebElement(findTestObject("Sayfalar/Giris_Sayfasi/Giris_Butonu")).click(): Found 1 web elements with id: 'Object Repository/Sayfalar/Giris_Sayfasi/Giris_Butonu' located by 'By.cssSelector: #btnLogin' in '30' second(s)

2021-11-23 16:47:03 - [MESSAGE][INFO] - Finding Test Object 'Object Repository/Sayfalar/Giris_Sayfasi/Giris_Butonu'

2021-11-23 16:47:03 - [MESSAGE][INFO] - Finding web element from Test Object's properties

2021-11-23 16:47:03 - [MESSAGE][INFO] - Checking timeout

2021-11-23 16:47:03 - [MESSAGE][INFO] - Finding web element with id: 'Object Repository/Sayfalar/Giris_Sayfasi/Giris_Butonu' located by 'By.cssSelector: #btnLogin' in '30' second(s)

2021-11-23 16:47:03 - [MESSAGE][INFO] - Smart Wait Function is triggered

2021-11-23 16:47:03 - [MESSAGE][INFO] - Found 1 web elements with id: 'Object Repository/Sayfalar/Giris_Sayfasi/Giris_Butonu' located by 'By.cssSelector: #btnLogin' in '30' second(s)

2021-11-23 16:47:06 - [TEST_STEP][PASSED] - if (verifyElementPresent(findTestObject("Object Repository/Sayfalar/Giris_Sayfasi/RetveTamam_Butonu"), 5, OPTIONAL)): null

2021-11-23 16:47:06 - [MESSAGE][INFO] - Finding Test Object 'Object Repository/Sayfalar/Giris_Sayfasi/RetveTamam_Butonu'

2021-11-23 16:47:06 - [MESSAGE][INFO] - Checking object

2021-11-23 16:47:06 - [MESSAGE][INFO] - Finding web element from Test Object's properties

2021-11-23 16:47:06 - [MESSAGE][INFO] - Checking timeout

2021-11-23 16:47:06 - [MESSAGE][INFO] - Finding web element with id: 'Object Repository/Sayfalar/Giris_Sayfasi/RetveTamam_Butonu' located by 'By.xpath: //*[@class = 'btn btn-default']' in '5' second(s)

2021-11-23 16:47:06 - [MESSAGE][INFO] - Smart Wait Function is triggered

2021-11-23 16:47:07 - [MESSAGE][INFO] - Found 1 web elements with id: 'Object Repository/Sayfalar/Giris_Sayfasi/RetveTamam_Butonu' located by 'By.xpath: //*[@class = 'btn btn-default']' in '5' second(s)

2021-11-23 16:47:07 - [MESSAGE][PASSED] - Object 'Object Repository/Sayfalar/Giris_Sayfasi/RetveTamam_Butonu' is present

2021-11-23 16:47:07 - [TEST_STEP][PASSED] - click(findTestObject("Object Repository/Sayfalar/Giris_Sayfasi/RetveTamam_Butonu")): Object: 'Object Repository/Sayfalar/Giris_Sayfasi/RetveTamam_Butonu' is clicked on

2021-11-23 16:47:07 - [MESSAGE][INFO] - Finding Test Object 'Object Repository/Sayfalar/Giris_Sayfasi/RetveTamam_Butonu'

2021-11-23 16:47:07 - [MESSAGE][INFO] - Checking object

2021-11-23 16:47:07 - [MESSAGE][INFO] - Finding web element from Test Object's properties

2021-11-23 16:47:07 - [MESSAGE][INFO] - Checking timeout

2021-11-23 16:47:07 - [MESSAGE][INFO] - Finding web element with id: 'Object Repository/Sayfalar/Giris_Sayfasi/RetveTamam_Butonu' located by 'By.xpath: //*[@class = 'btn btn-default']' in '30' second(s)

2021-11-23 16:47:07 - [MESSAGE][INFO] - Smart Wait Function is triggered

2021-11-23 16:47:07 - [MESSAGE][INFO] - Found 1 web elements with id: 'Object Repository/Sayfalar/Giris_Sayfasi/RetveTamam_Butonu' located by 'By.xpath: //*[@class = 'btn btn-default']' in '30' second(s)

2021-11-23 16:47:07 - [MESSAGE][INFO] - Clicking on object: 'Object Repository/Sayfalar/Giris_Sayfasi/RetveTamam_Butonu'

2021-11-23 16:47:07 - [MESSAGE][PASSED] - Object: 'Object Repository/Sayfalar/Giris_Sayfasi/RetveTamam_Butonu' is clicked on

2021-11-23 16:47:07 - [TEST_STEP][PASSED] - click(findTestObject("Object Repository/Sayfalar/Giris_Sayfasi/RetveTamam_Butonu")): Object: 'Object Repository/Sayfalar/Giris_Sayfasi/RetveTamam_Butonu' is clicked on

2021-11-23 16:47:07 - [MESSAGE][INFO] - Finding Test Object 'Object Repository/Sayfalar/Giris_Sayfasi/RetveTamam_Butonu'

2021-11-23 16:47:07 - [MESSAGE][INFO] - Checking object

2021-11-23 16:47:07 - [MESSAGE][INFO] - Finding web element from Test Object's properties

2021-11-23 16:47:07 - [MESSAGE][INFO] - Checking timeout

2021-11-23 16:47:07 - [MESSAGE][INFO] - Finding web element with id: 'Object Repository/Sayfalar/Giris_Sayfasi/RetveTamam_Butonu' located by 'By.xpath: //*[@class = 'btn btn-default']' in '30' second(s)

2021-11-23 16:47:07 - [MESSAGE][INFO] - Smart Wait Function is triggered

2021-11-23 16:47:10 - [MESSAGE][INFO] - Found 1 web elements with id: 'Object Repository/Sayfalar/Giris_Sayfasi/RetveTamam_Butonu' located by 'By.xpath: //*[@class = 'btn btn-default']' in '30' second(s)

2021-11-23 16:47:10 - [MESSAGE][INFO] - Clicking on object: 'Object Repository/Sayfalar/Giris_Sayfasi/RetveTamam_Butonu'

2021-11-23 16:47:10 - [MESSAGE][PASSED] - Object: 'Object Repository/Sayfalar/Giris_Sayfasi/RetveTamam_Butonu' is clicked on

2021-11-23 16:47:10 - [TEST_STEP][PASSED] - if (verifyElementPresent(findTestObject("Sayfalar/Giris_Sayfasi/PopupOK"), 5, OPTIONAL)): null

2021-11-23 16:47:10 - [MESSAGE][INFO] - Finding Test Object 'Object Repository/Sayfalar/Giris_Sayfasi/PopupOK'

2021-11-23 16:47:10 - [MESSAGE][INFO] - Checking object

2021-11-23 16:47:10 - [MESSAGE][INFO] - Finding web element from Test Object's properties

2021-11-23 16:47:10 - [MESSAGE][INFO] - Checking timeout

2021-11-23 16:47:10 - [MESSAGE][INFO] - Finding web element with id: 'Object Repository/Sayfalar/Giris_Sayfasi/PopupOK' located by 'By.cssSelector: .btn.btn-success' in '5' second(s)

2021-11-23 16:47:10 - [MESSAGE][INFO] - Smart Wait Function is triggered

2021-11-23 16:47:11 - [MESSAGE][INFO] - Found 1 web elements with id: 'Object Repository/Sayfalar/Giris_Sayfasi/PopupOK' located by 'By.cssSelector: .btn.btn-success' in '5' second(s)

2021-11-23 16:47:11 - [MESSAGE][PASSED] - Object 'Object Repository/Sayfalar/Giris_Sayfasi/PopupOK' is present

2021-11-23 16:47:11 - [TEST_STEP][PASSED] - click(findTestObject("Object Repository/Sayfalar/Giris_Sayfasi/PopupCarpiGiris")): Object: 'Object Repository/Sayfalar/Giris_Sayfasi/PopupCarpiGiris' is clicked on

2021-11-23 16:47:11 - [MESSAGE][INFO] - Finding Test Object 'Object Repository/Sayfalar/Giris_Sayfasi/PopupCarpiGiris'

2021-11-23 16:47:11 - [MESSAGE][INFO] - Checking object

2021-11-23 16:47:11 - [MESSAGE][INFO] - Finding web element from Test Object's properties

2021-11-23 16:47:11 - [MESSAGE][INFO] - Checking timeout

2021-11-23 16:47:11 - [MESSAGE][INFO] - Finding web element with id: 'Object Repository/Sayfalar/Giris_Sayfasi/PopupCarpiGiris' located by 'By.cssSelector: .bootbox-close-button.close' in '30' second(s)

2021-11-23 16:47:11 - [MESSAGE][INFO] - Smart Wait Function is triggered

2021-11-23 16:47:11 - [MESSAGE][INFO] - Found 1 web elements with id: 'Object Repository/Sayfalar/Giris_Sayfasi/PopupCarpiGiris' located by 'By.cssSelector: .bootbox-close-button.close' in '30' second(s)

2021-11-23 16:47:11 - [MESSAGE][INFO] - Clicking on object: 'Object Repository/Sayfalar/Giris_Sayfasi/PopupCarpiGiris'

2021-11-23 16:47:12 - [MESSAGE][PASSED] - Object: 'Object Repository/Sayfalar/Giris_Sayfasi/PopupCarpiGiris' is clicked on

2021-11-23 16:47:12 - [TEST_STEP][PASSED] - verifyElementVisible(findTestObject("Object Repository/Kullanici_Islemleri/KullaniciIslemleri")): Object 'Object Repository/Kullanici_Islemleri/KullaniciIslemleri' is visible

2021-11-23 16:47:12 - [MESSAGE][INFO] - Finding Test Object 'Object Repository/Kullanici_Islemleri/KullaniciIslemleri'

2021-11-23 16:47:12 - [MESSAGE][INFO] - Checking object

2021-11-23 16:47:12 - [MESSAGE][INFO] - Finding web element from Test Object's properties

2021-11-23 16:47:12 - [MESSAGE][INFO] - Checking timeout

2021-11-23 16:47:12 - [MESSAGE][INFO] - Finding web element with id: 'Object Repository/Kullanici_Islemleri/KullaniciIslemleri' located by 'By.cssSelector: .dropdown>a>img' in '30' second(s)

2021-11-23 16:47:12 - [MESSAGE][INFO] - Smart Wait Function is triggered

2021-11-23 16:47:12 - [MESSAGE][INFO] - Found 1 web elements with id: 'Object Repository/Kullanici_Islemleri/KullaniciIslemleri' located by 'By.cssSelector: .dropdown>a>img' in '30' second(s)

2021-11-23 16:47:12 - [MESSAGE][PASSED] - Object 'Object Repository/Kullanici_Islemleri/KullaniciIslemleri' is visible

2021-11-23 16:47:12 - [MESSAGE][PASSED] - Call Test Case 'Test Cases/Sayfalar/Giris_Sayfasi/Login' successfully

2021-11-23 16:47:12 - [MESSAGE][INFO] - Checking called Test Case

2021-11-23 16:47:12 - [MESSAGE][INFO] - Starting to call Test Case 'Test Cases/Menu/AnaMenuSecimi'

2021-11-23 16:47:12 - [TEST_CASE][PASSED] - Test Cases/Menu/AnaMenuSecimi: Test Cases/Menu/AnaMenuSecimi

2021-11-23 16:47:12 - [TEST_STEP][PASSED] - Method.TextDegerineEsitElementeTikla(findTestObject("Menu/Ana_Menu"), Ana_Menu): Method.TextDegerineEsitElementeTikla is PASSED

2021-11-23 16:47:12 - [MESSAGE][INFO] - Finding Test Object 'Object Repository/Menu/Ana_Menu'

2021-11-23 16:47:13 - [MESSAGE][INFO] - Checking timeout

2021-11-23 16:47:13 - [MESSAGE][INFO] - Finding web element with id: 'Object Repository/Menu/Ana_Menu' located by 'By.xpath: //*[@class = 'dropdown-toggle']' in '10' second(s)

2021-11-23 16:47:13 - [MESSAGE][INFO] - Smart Wait Function is triggered

2021-11-23 16:47:13 - [MESSAGE][INFO] - Found 14 web elements with id: 'Object Repository/Menu/Ana_Menu' located by 'By.xpath: //*[@class = 'dropdown-toggle']' in '10' second(s)

2021-11-23 16:47:13 - [MESSAGE][PASSED] - Method.TextDegerineEsitElementeTikla is PASSED

2021-11-23 16:47:13 - [MESSAGE][PASSED] - Call Test Case 'Test Cases/Menu/AnaMenuSecimi' successfully

2021-11-23 16:47:13 - [MESSAGE][INFO] - Checking called Test Case

2021-11-23 16:47:13 - [MESSAGE][INFO] - Starting to call Test Case 'Test Cases/Menu/BasligaGoreAltMenuSecimi'

2021-11-23 16:47:13 - [TEST_CASE][PASSED] - Test Cases/Menu/BasligaGoreAltMenuSecimi: Test Cases/Menu/BasligaGoreAltMenuSecimi

2021-11-23 16:47:13 - [TEST_STEP][PASSED] - Method.TextDegerineEsitElementinAltindakiTextDegerineEsitOlanaTikla(findTestObject("Menu/Menu_Basligi"), findTestObject("Menu/Basliga_Gore_Alt_Menu"), Baslik, Alt_Menu): Method.TextDegerineEsitElementinAltindakiTextDegerineEsitOlanaTikla is PASSED

2021-11-23 16:47:13 - [MESSAGE][INFO] - Finding Test Object 'Object Repository/Menu/Menu_Basligi'

2021-11-23 16:47:13 - [MESSAGE][INFO] - Finding Test Object 'Object Repository/Menu/Basliga_Gore_Alt_Menu'

2021-11-23 16:47:13 - [MESSAGE][INFO] - Checking timeout

2021-11-23 16:47:13 - [MESSAGE][INFO] - Finding web element with id: 'Object Repository/Menu/Menu_Basligi' located by 'By.xpath: //li[@class='dropdown dropdown-large open']//li[@class='dropdown-header']' in '10' second(s)

2021-11-23 16:47:13 - [MESSAGE][INFO] - Smart Wait Function is triggered

2021-11-23 16:47:14 - [MESSAGE][INFO] - Found 2 web elements with id: 'Object Repository/Menu/Menu_Basligi' located by 'By.xpath: //li[@class='dropdown dropdown-large open']//li[@class='dropdown-header']' in '10' second(s)

2021-11-23 16:47:14 - [MESSAGE][INFO] - Smart Wait Function is triggered

2021-11-23 16:47:17 - [MESSAGE][PASSED] - Method.TextDegerineEsitElementinAltindakiTextDegerineEsitOlanaTikla is PASSED

2021-11-23 16:47:17 - [MESSAGE][PASSED] - Call Test Case 'Test Cases/Menu/BasligaGoreAltMenuSecimi' successfully

2021-11-23 16:47:17 - [MESSAGE][INFO] - Checking called Test Case

2021-11-23 16:47:17 - [MESSAGE][INFO] - Starting to call Test Case 'Test Cases/Filtreler/DropdownSec'

2021-11-23 16:47:17 - [TEST_CASE][PASSED] - Test Cases/Filtreler/DropdownSec: Test Cases/Filtreler/DropdownSec

2021-11-23 16:47:17 - [TEST_STEP][PASSED] - Method.TextDegerineEsitElementinAltindakineTikla(findTestObject("Filtreler/Basliklar"), findTestObject("Filtreler/Basliga_Gore_Baslangic_Image"), Filtre_Adi): Method.TextDegerineEsitElementinAltindakineTikla is PASSED

2021-11-23 16:47:17 - [MESSAGE][INFO] - Finding Test Object 'Object Repository/Filtreler/Basliklar'

2021-11-23 16:47:17 - [MESSAGE][INFO] - Finding Test Object 'Object Repository/Filtreler/Basliga_Gore_Baslangic_Image'

2021-11-23 16:47:17 - [MESSAGE][INFO] - Checking timeout

2021-11-23 16:47:17 - [MESSAGE][INFO] - Finding web element with id: 'Object Repository/Filtreler/Basliklar' located by 'By.cssSelector: .control-label.col-sm-4.paddingMarginRLC' in '10' second(s)

2021-11-23 16:47:17 - [MESSAGE][INFO] - Smart Wait Function is triggered

2021-11-23 16:47:17 - [MESSAGE][INFO] - Found 5 web elements with id: 'Object Repository/Filtreler/Basliklar' located by 'By.cssSelector: .control-label.col-sm-4.paddingMarginRLC' in '10' second(s)

2021-11-23 16:47:17 - [MESSAGE][INFO] - Smart Wait Function is triggered

2021-11-23 16:47:18 - [MESSAGE][PASSED] - Method.TextDegerineEsitElementinAltindakineTikla is PASSED

2021-11-23 16:47:18 - [TEST_STEP][PASSED] - Method.TextDegerineEsitElementeTikla(findTestObject("Object Repository/Filtreler/Basliga_Gore_Dropdown"), Filtre_Degeri): Method.TextDegerineEsitElementeTikla is PASSED

2021-11-23 16:47:18 - [MESSAGE][INFO] - Finding Test Object 'Object Repository/Filtreler/Basliga_Gore_Dropdown'

2021-11-23 16:47:18 - [MESSAGE][INFO] - Checking timeout

2021-11-23 16:47:18 - [MESSAGE][INFO] - Finding web element with id: 'Object Repository/Filtreler/Basliga_Gore_Dropdown' located by 'By.xpath: //*[@class = 'dxeListBoxItemRow_LECustomTheme']' in '10' second(s)

2021-11-23 16:47:18 - [MESSAGE][INFO] - Smart Wait Function is triggered

2021-11-23 16:47:18 - [MESSAGE][INFO] - Found 59 web elements with id: 'Object Repository/Filtreler/Basliga_Gore_Dropdown' located by 'By.xpath: //*[@class = 'dxeListBoxItemRow_LECustomTheme']' in '10' second(s)

2021-11-23 16:47:18 - [MESSAGE][PASSED] - Method.TextDegerineEsitElementeTikla is PASSED

2021-11-23 16:47:18 - [MESSAGE][PASSED] - Call Test Case 'Test Cases/Filtreler/DropdownSec' successfully

2021-11-23 16:47:18 - [MESSAGE][INFO] - Checking called Test Case

2021-11-23 16:47:18 - [MESSAGE][INFO] - Starting to call Test Case 'Test Cases/Filtreler/BaslangicYaz'

2021-11-23 16:47:19 - [TEST_CASE][PASSED] - Test Cases/Filtreler/BaslangicYaz: Test Cases/Filtreler/BaslangicYaz

2021-11-23 16:47:19 - [TEST_STEP][PASSED] - delay(3): Delayed 3 second(s)

2021-11-23 16:47:19 - [MESSAGE][INFO] - Delaying browser in 3 second(s)

2021-11-23 16:47:22 - [MESSAGE][PASSED] - Delayed 3 second(s)

2021-11-23 16:47:22 - [TEST_STEP][PASSED] - Method.TextDegerineEsitElementinAltindakineTikla(findTestObject("Filtreler/Basliklar"), findTestObject("Filtreler/Basliga_Gore_Baslangic_Image"), Filtre_Adi): Method.TextDegerineEsitElementinAltindakineTikla is PASSED

2021-11-23 16:47:22 - [MESSAGE][INFO] - Finding Test Object 'Object Repository/Filtreler/Basliklar'

2021-11-23 16:47:22 - [MESSAGE][INFO] - Finding Test Object 'Object Repository/Filtreler/Basliga_Gore_Baslangic_Image'

2021-11-23 16:47:22 - [MESSAGE][INFO] - Checking timeout

2021-11-23 16:47:22 - [MESSAGE][INFO] - Finding web element with id: 'Object Repository/Filtreler/Basliklar' located by 'By.cssSelector: .control-label.col-sm-4.paddingMarginRLC' in '10' second(s)

2021-11-23 16:47:22 - [MESSAGE][INFO] - Smart Wait Function is triggered

2021-11-23 16:47:22 - [MESSAGE][INFO] - Found 5 web elements with id: 'Object Repository/Filtreler/Basliklar' located by 'By.cssSelector: .control-label.col-sm-4.paddingMarginRLC' in '10' second(s)

2021-11-23 16:47:22 - [MESSAGE][INFO] - Smart Wait Function is triggered

2021-11-23 16:47:22 - [MESSAGE][PASSED] - Method.TextDegerineEsitElementinAltindakineTikla is PASSED

2021-11-23 16:47:22 - [TEST_STEP][PASSED] - Method.TextDegerineEsitElementinAltindakiTextboxtaYaz(findTestObject("Filtreler/Basliklar"), findTestObject("Filtreler/Basliga_Gore_Baslangic"), Filtre_Adi, Filtre_Degeri): Method.TextDegerineEsitElementinAltindakiTextboxtaYaz is PASSED

2021-11-23 16:47:22 - [MESSAGE][INFO] - Finding Test Object 'Object Repository/Filtreler/Basliklar'

2021-11-23 16:47:22 - [MESSAGE][INFO] - Finding Test Object 'Object Repository/Filtreler/Basliga_Gore_Baslangic'

2021-11-23 16:47:23 - [MESSAGE][INFO] - Checking timeout

2021-11-23 16:47:23 - [MESSAGE][INFO] - Finding web element with id: 'Object Repository/Filtreler/Basliklar' located by 'By.cssSelector: .control-label.col-sm-4.paddingMarginRLC' in '10' second(s)

2021-11-23 16:47:23 - [MESSAGE][INFO] - Smart Wait Function is triggered

2021-11-23 16:47:23 - [MESSAGE][INFO] - Found 5 web elements with id: 'Object Repository/Filtreler/Basliklar' located by 'By.cssSelector: .control-label.col-sm-4.paddingMarginRLC' in '10' second(s)

2021-11-23 16:47:23 - [MESSAGE][INFO] - Smart Wait Function is triggered

2021-11-23 16:47:23 - [MESSAGE][PASSED] - Method.TextDegerineEsitElementinAltindakiTextboxtaYaz is PASSED

2021-11-23 16:47:23 - [MESSAGE][PASSED] - Call Test Case 'Test Cases/Filtreler/BaslangicYaz' successfully

2021-11-23 16:47:23 - [MESSAGE][INFO] - Checking called Test Case

2021-11-23 16:47:23 - [MESSAGE][INFO] - Starting to call Test Case 'Test Cases/Filtreler/BitisYaz'

2021-11-23 16:47:23 - [TEST_CASE][PASSED] - Test Cases/Filtreler/BitisYaz: Test Cases/Filtreler/BitisYaz

2021-11-23 16:47:23 - [TEST_STEP][PASSED] - Method.TextDegerineEsitElementinAltindakineTikla(findTestObject("Filtreler/Basliklar"), findTestObject("Filtreler/Basliga_Gore_Bitis_Image"), Filtre_Adi): Method.TextDegerineEsitElementinAltindakineTikla is PASSED

2021-11-23 16:47:23 - [MESSAGE][INFO] - Finding Test Object 'Object Repository/Filtreler/Basliklar'

2021-11-23 16:47:24 - [MESSAGE][INFO] - Finding Test Object 'Object Repository/Filtreler/Basliga_Gore_Bitis_Image'

2021-11-23 16:47:24 - [MESSAGE][INFO] - Checking timeout

2021-11-23 16:47:24 - [MESSAGE][INFO] - Finding web element with id: 'Object Repository/Filtreler/Basliklar' located by 'By.cssSelector: .control-label.col-sm-4.paddingMarginRLC' in '10' second(s)

2021-11-23 16:47:24 - [MESSAGE][INFO] - Smart Wait Function is triggered

2021-11-23 16:47:24 - [MESSAGE][INFO] - Found 5 web elements with id: 'Object Repository/Filtreler/Basliklar' located by 'By.cssSelector: .control-label.col-sm-4.paddingMarginRLC' in '10' second(s)

2021-11-23 16:47:24 - [MESSAGE][INFO] - Smart Wait Function is triggered

2021-11-23 16:47:24 - [MESSAGE][PASSED] - Method.TextDegerineEsitElementinAltindakineTikla is PASSED

2021-11-23 16:47:24 - [TEST_STEP][PASSED] - Method.TextDegerineEsitElementinAltindakiTextboxtaYaz(findTestObject("Filtreler/Basliklar"), findTestObject("Object Repository/Filtreler/Basliga_Gore_Bitis"), Filtre_Adi, Filtre_Degeri): Method.TextDegerineEsitElementinAltindakiTextboxtaYaz is PASSED

2021-11-23 16:47:24 - [MESSAGE][INFO] - Finding Test Object 'Object Repository/Filtreler/Basliklar'

2021-11-23 16:47:24 - [MESSAGE][INFO] - Finding Test Object 'Object Repository/Filtreler/Basliga_Gore_Bitis'

2021-11-23 16:47:25 - [MESSAGE][INFO] - Checking timeout

2021-11-23 16:47:25 - [MESSAGE][INFO] - Finding web element with id: 'Object Repository/Filtreler/Basliklar' located by 'By.cssSelector: .control-label.col-sm-4.paddingMarginRLC' in '10' second(s)

2021-11-23 16:47:25 - [MESSAGE][INFO] - Smart Wait Function is triggered

2021-11-23 16:47:25 - [MESSAGE][INFO] - Found 5 web elements with id: 'Object Repository/Filtreler/Basliklar' located by 'By.cssSelector: .control-label.col-sm-4.paddingMarginRLC' in '10' second(s)

2021-11-23 16:47:25 - [MESSAGE][INFO] - Smart Wait Function is triggered

2021-11-23 16:47:25 - [MESSAGE][PASSED] - Method.TextDegerineEsitElementinAltindakiTextboxtaYaz is PASSED

2021-11-23 16:47:25 - [MESSAGE][PASSED] - Call Test Case 'Test Cases/Filtreler/BitisYaz' successfully

2021-11-23 16:47:25 - [MESSAGE][INFO] - Checking called Test Case

2021-11-23 16:47:25 - [MESSAGE][INFO] - Starting to call Test Case 'Test Cases/Filtreler/ButonaTikla'

2021-11-23 16:47:25 - [TEST_CASE][PASSED] - Test Cases/Filtreler/ButonaTikla: Test Cases/Filtreler/ButonaTikla

2021-11-23 16:47:25 - [TEST_STEP][PASSED] - Method.TextDegerineEsitElementeTikla(findTestObject("Filtreler/Butonlar"), Filtre_Buton): Method.TextDegerineEsitElementeTikla is PASSED

2021-11-23 16:47:25 - [MESSAGE][INFO] - Finding Test Object 'Object Repository/Filtreler/Butonlar'

2021-11-23 16:47:25 - [MESSAGE][INFO] - Checking timeout

2021-11-23 16:47:25 - [MESSAGE][INFO] - Finding web element with id: 'Object Repository/Filtreler/Butonlar' located by 'By.cssSelector: .dxb>span' in '10' second(s)

2021-11-23 16:47:25 - [MESSAGE][INFO] - Smart Wait Function is triggered

2021-11-23 16:47:26 - [MESSAGE][INFO] - Found 3 web elements with id: 'Object Repository/Filtreler/Butonlar' located by 'By.cssSelector: .dxb>span' in '10' second(s)

2021-11-23 16:47:26 - [MESSAGE][PASSED] - Method.TextDegerineEsitElementeTikla is PASSED

2021-11-23 16:47:26 - [MESSAGE][PASSED] - Call Test Case 'Test Cases/Filtreler/ButonaTikla' successfully

2021-11-23 16:47:26 - [MESSAGE][INFO] - Checking called Test Case

2021-11-23 16:47:26 - [MESSAGE][INFO] - Starting to call Test Case 'Test Cases/Tablo/TablodaVeriVarMi'

2021-11-23 16:47:26 - [TEST_CASE][PASSED] - Test Cases/Tablo/TablodaVeriVarMi: Test Cases/Tablo/TablodaVeriVarMi

2021-11-23 16:47:26 - [TEST_STEP][PASSED] - verifyTextNotPresent("Görüntülenecek veri yok", true): Text 'Görüntülenecek veri yok' is not present on page using regular expression

2021-11-23 16:47:26 - [MESSAGE][INFO] - Checking text present  using regular expression

2021-11-23 16:47:26 - [MESSAGE][INFO] - Smart Wait Function is triggered

2021-11-23 16:47:27 - [MESSAGE][INFO] - Finding text 'Görüntülenecek veri yok' on page  using regular expression

2021-11-23 16:47:27 - [MESSAGE][PASSED] - Text 'Görüntülenecek veri yok' is not present on page using regular expression

2021-11-23 16:47:27 - [MESSAGE][PASSED] - Call Test Case 'Test Cases/Tablo/TablodaVeriVarMi' successfully

2021-11-23 16:47:27 - [MESSAGE][INFO] - Checking called Test Case

2021-11-23 16:47:27 - [MESSAGE][INFO] - Starting to call Test Case 'Test Cases/Tablo/TablodanVeriSec'

2021-11-23 16:47:27 - [TEST_CASE][PASSED] - Test Cases/Tablo/TablodanVeriSec: Test Cases/Tablo/TablodanVeriSec

2021-11-23 16:47:27 - [TEST_STEP][PASSED] - Method.TextDegerineEsitElementinAltindakineTikla(findTestObject("Tablo/Veriler"), findTestObject("Tablo/VerininCheckBoxi"), Veri_Adi): Method.TextDegerineEsitElementinAltindakineTikla is PASSED

2021-11-23 16:47:27 - [MESSAGE][INFO] - Finding Test Object 'Object Repository/Tablo/Veriler'

2021-11-23 16:47:27 - [MESSAGE][INFO] - Finding Test Object 'Object Repository/Tablo/VerininCheckBoxi'

2021-11-23 16:47:27 - [MESSAGE][INFO] - Checking timeout

2021-11-23 16:47:27 - [MESSAGE][INFO] - Finding web element with id: 'Object Repository/Tablo/Veriler' located by 'By.cssSelector: td.dxgv b ,td.dxgv' in '10' second(s)

2021-11-23 16:47:27 - [MESSAGE][INFO] - Smart Wait Function is triggered

2021-11-23 16:47:27 - [MESSAGE][INFO] - Found 39 web elements with id: 'Object Repository/Tablo/Veriler' located by 'By.cssSelector: td.dxgv b ,td.dxgv' in '10' second(s)

2021-11-23 16:47:28 - [MESSAGE][INFO] - Smart Wait Function is triggered

2021-11-23 16:47:28 - [MESSAGE][PASSED] - Method.TextDegerineEsitElementinAltindakineTikla is PASSED

2021-11-23 16:47:28 - [MESSAGE][PASSED] - Call Test Case 'Test Cases/Tablo/TablodanVeriSec' successfully

2021-11-23 16:47:28 - [MESSAGE][INFO] - Checking called Test Case

2021-11-23 16:47:28 - [MESSAGE][INFO] - Starting to call Test Case 'Test Cases/Butonlar/ButonaTikla'

2021-11-23 16:47:28 - [TEST_CASE][PASSED] - Test Cases/Butonlar/ButonaTikla: Test Cases/Butonlar/ButonaTikla

2021-11-23 16:47:28 - [TEST_STEP][PASSED] - Method.TextDegerineEsitElementeTiklaEquals(findTestObject("Butonlar/Butonlar"), Buton_Adi): Method.TextDegerineEsitElementeTiklaEquals is PASSED

2021-11-23 16:47:28 - [MESSAGE][INFO] - Finding Test Object 'Object Repository/Butonlar/Butonlar'

2021-11-23 16:47:28 - [MESSAGE][INFO] - Checking timeout

2021-11-23 16:47:28 - [MESSAGE][INFO] - Finding web element with id: 'Object Repository/Butonlar/Butonlar' located by 'By.cssSelector: .panel.panel-default.text-center.footerPanel .btn,.btn.btn-primary.btnControls' in '10' second(s)

2021-11-23 16:47:28 - [MESSAGE][INFO] - Smart Wait Function is triggered

2021-11-23 16:47:28 - [MESSAGE][INFO] - Found 6 web elements with id: 'Object Repository/Butonlar/Butonlar' located by 'By.cssSelector: .panel.panel-default.text-center.footerPanel .btn,.btn.btn-primary.btnControls' in '10' second(s)

2021-11-23 16:47:29 - [MESSAGE][PASSED] - Method.TextDegerineEsitElementeTiklaEquals is PASSED

2021-11-23 16:47:29 - [MESSAGE][PASSED] - Call Test Case 'Test Cases/Butonlar/ButonaTikla' successfully

2021-11-23 16:47:29 - [MESSAGE][INFO] - Checking called Test Case

2021-11-23 16:47:29 - [MESSAGE][INFO] - Starting to call Test Case 'Test Cases/Popup/PopupMesajiIceriyorMu'

2021-11-23 16:47:29 - [TEST_CASE][PASSED] - Test Cases/Popup/PopupMesajiIceriyorMu: Test Cases/Popup/PopupMesajiIceriyorMu

2021-11-23 16:47:29 - [TEST_STEP][PASSED] - waitForElementVisible(findTestObject("Popup/Popup"), 10): Object 'Object Repository/Popup/Popup' is visible

2021-11-23 16:47:29 - [MESSAGE][INFO] - Finding Test Object 'Object Repository/Popup/Popup'

2021-11-23 16:47:29 - [MESSAGE][INFO] - Checking object

2021-11-23 16:47:29 - [MESSAGE][INFO] - Checking timeout

2021-11-23 16:47:29 - [MESSAGE][INFO] - Finding web element from Test Object's properties

2021-11-23 16:47:29 - [MESSAGE][INFO] - Checking timeout

2021-11-23 16:47:29 - [MESSAGE][INFO] - Finding web element with id: 'Object Repository/Popup/Popup' located by 'By.cssSelector: .bootbox-body' in '10' second(s)

2021-11-23 16:47:29 - [MESSAGE][INFO] - Smart Wait Function is triggered

2021-11-23 16:47:30 - [MESSAGE][INFO] - Found 1 web elements with id: 'Object Repository/Popup/Popup' located by 'By.cssSelector: .bootbox-body' in '10' second(s)

2021-11-23 16:47:30 - [MESSAGE][PASSED] - Object 'Object Repository/Popup/Popup' is visible

2021-11-23 16:47:30 - [TEST_STEP][PASSED] - if (!(getText(findTestObject("Popup/Popup")).contains(Mesaj))): Text of object 'Object Repository/Popup/Popup' is: 'Seçtiğiniz e-Belge raporları yeniden oluşturulacaktır. Devam etmek istiyor musunuz?'

2021-11-23 16:47:30 - [MESSAGE][INFO] - Finding Test Object 'Object Repository/Popup/Popup'

2021-11-23 16:47:30 - [MESSAGE][INFO] - Checking object

2021-11-23 16:47:30 - [MESSAGE][INFO] - Finding web element from Test Object's properties

2021-11-23 16:47:30 - [MESSAGE][INFO] - Checking timeout

2021-11-23 16:47:30 - [MESSAGE][INFO] - Finding web element with id: 'Object Repository/Popup/Popup' located by 'By.cssSelector: .bootbox-body' in '30' second(s)

2021-11-23 16:47:30 - [MESSAGE][INFO] - Smart Wait Function is triggered

2021-11-23 16:47:30 - [MESSAGE][INFO] - Found 1 web elements with id: 'Object Repository/Popup/Popup' located by 'By.cssSelector: .bootbox-body' in '30' second(s)

2021-11-23 16:47:30 - [MESSAGE][INFO] - Getting text of object 'Object Repository/Popup/Popup'

2021-11-23 16:47:30 - [MESSAGE][PASSED] - Text of object 'Object Repository/Popup/Popup' is: 'Seçtiğiniz e-Belge raporları yeniden oluşturulacaktır. Devam etmek istiyor musunuz?'

2021-11-23 16:47:30 - [TEST_STEP][PASSED] - RaporNo = getText(findTestObject("Popup/Popup")).substring(0, 6): Text of object 'Object Repository/Popup/Popup' is: 'Seçtiğiniz e-Belge raporları yeniden oluşturulacaktır. Devam etmek istiyor musunuz?'

2021-11-23 16:47:30 - [MESSAGE][INFO] - Finding Test Object 'Object Repository/Popup/Popup'

2021-11-23 16:47:30 - [MESSAGE][INFO] - Checking object

2021-11-23 16:47:30 - [MESSAGE][INFO] - Finding web element from Test Object's properties

2021-11-23 16:47:30 - [MESSAGE][INFO] - Checking timeout

2021-11-23 16:47:30 - [MESSAGE][INFO] - Finding web element with id: 'Object Repository/Popup/Popup' located by 'By.cssSelector: .bootbox-body' in '30' second(s)

2021-11-23 16:47:30 - [MESSAGE][INFO] - Smart Wait Function is triggered

2021-11-23 16:47:30 - [MESSAGE][INFO] - Found 1 web elements with id: 'Object Repository/Popup/Popup' located by 'By.cssSelector: .bootbox-body' in '30' second(s)

2021-11-23 16:47:30 - [MESSAGE][INFO] - Getting text of object 'Object Repository/Popup/Popup'

2021-11-23 16:47:30 - [MESSAGE][PASSED] - Text of object 'Object Repository/Popup/Popup' is: 'Seçtiğiniz e-Belge raporları yeniden oluşturulacaktır. Devam etmek istiyor musunuz?'

2021-11-23 16:47:30 - [TEST_STEP][PASSED] - Console.println(RaporNo): null

2021-11-23 16:47:30 - [MESSAGE][PASSED] - Call Test Case 'Test Cases/Popup/PopupMesajiIceriyorMu' successfully

2021-11-23 16:47:30 - [MESSAGE][INFO] - Checking called Test Case

2021-11-23 16:47:30 - [MESSAGE][INFO] - Starting to call Test Case 'Test Cases/Popup/PopupButonSecilir'

2021-11-23 16:47:30 - [TEST_CASE][PASSED] - Test Cases/Popup/PopupButonSecilir: Test Cases/Popup/PopupButonSecilir

2021-11-23 16:47:30 - [TEST_STEP][PASSED] - Method.TextDegerineEsitElementeTikla(findTestObject("Popup/Popup_Butons"), Buton): Method.TextDegerineEsitElementeTikla is PASSED

2021-11-23 16:47:30 - [MESSAGE][INFO] - Finding Test Object 'Object Repository/Popup/Popup_Butons'

2021-11-23 16:47:30 - [MESSAGE][INFO] - Checking timeout

2021-11-23 16:47:30 - [MESSAGE][INFO] - Finding web element with id: 'Object Repository/Popup/Popup_Butons' located by 'By.cssSelector: .modal-footer>button' in '10' second(s)

2021-11-23 16:47:30 - [MESSAGE][INFO] - Smart Wait Function is triggered

2021-11-23 16:47:31 - [MESSAGE][INFO] - Found 2 web elements with id: 'Object Repository/Popup/Popup_Butons' located by 'By.cssSelector: .modal-footer>button' in '10' second(s)

2021-11-23 16:47:31 - [MESSAGE][PASSED] - Method.TextDegerineEsitElementeTikla is PASSED

2021-11-23 16:47:31 - [MESSAGE][PASSED] - Call Test Case 'Test Cases/Popup/PopupButonSecilir' successfully

2021-11-23 16:47:31 - [MESSAGE][INFO] - Checking called Test Case

2021-11-23 16:47:31 - [MESSAGE][INFO] - Starting to call Test Case 'Test Cases/Popup/PopupMesajiIceriyorMu'

2021-11-23 16:47:31 - [TEST_CASE][PASSED] - Test Cases/Popup/PopupMesajiIceriyorMu: Test Cases/Popup/PopupMesajiIceriyorMu

2021-11-23 16:47:31 - [TEST_STEP][PASSED] - waitForElementVisible(findTestObject("Popup/Popup"), 10): Object 'Object Repository/Popup/Popup' is visible

2021-11-23 16:47:31 - [MESSAGE][INFO] - Finding Test Object 'Object Repository/Popup/Popup'

2021-11-23 16:47:31 - [MESSAGE][INFO] - Checking object

2021-11-23 16:47:31 - [MESSAGE][INFO] - Checking timeout

2021-11-23 16:47:31 - [MESSAGE][INFO] - Finding web element from Test Object's properties

2021-11-23 16:47:31 - [MESSAGE][INFO] - Checking timeout

2021-11-23 16:47:31 - [MESSAGE][INFO] - Finding web element with id: 'Object Repository/Popup/Popup' located by 'By.cssSelector: .bootbox-body' in '10' second(s)

2021-11-23 16:47:31 - [MESSAGE][INFO] - Smart Wait Function is triggered

2021-11-23 16:47:32 - [MESSAGE][INFO] - Found 1 web elements with id: 'Object Repository/Popup/Popup' located by 'By.cssSelector: .bootbox-body' in '10' second(s)

2021-11-23 16:47:32 - [MESSAGE][PASSED] - Object 'Object Repository/Popup/Popup' is visible

2021-11-23 16:47:32 - [TEST_STEP][PASSED] - if (!(getText(findTestObject("Popup/Popup")).contains(Mesaj))): Text of object 'Object Repository/Popup/Popup' is: 'Seçilen raporlar yeniden oluşturulacaktır. Devam etmek istiyor musunuz?'

2021-11-23 16:47:32 - [MESSAGE][INFO] - Finding Test Object 'Object Repository/Popup/Popup'

2021-11-23 16:47:32 - [MESSAGE][INFO] - Checking object

2021-11-23 16:47:32 - [MESSAGE][INFO] - Finding web element from Test Object's properties

2021-11-23 16:47:32 - [MESSAGE][INFO] - Checking timeout

2021-11-23 16:47:32 - [MESSAGE][INFO] - Finding web element with id: 'Object Repository/Popup/Popup' located by 'By.cssSelector: .bootbox-body' in '30' second(s)

2021-11-23 16:47:32 - [MESSAGE][INFO] - Smart Wait Function is triggered

2021-11-23 16:47:32 - [MESSAGE][INFO] - Found 1 web elements with id: 'Object Repository/Popup/Popup' located by 'By.cssSelector: .bootbox-body' in '30' second(s)

2021-11-23 16:47:32 - [MESSAGE][INFO] - Getting text of object 'Object Repository/Popup/Popup'

2021-11-23 16:47:32 - [MESSAGE][PASSED] - Text of object 'Object Repository/Popup/Popup' is: 'Seçilen raporlar yeniden oluşturulacaktır. Devam etmek istiyor musunuz?'

2021-11-23 16:47:32 - [TEST_STEP][PASSED] - RaporNo = getText(findTestObject("Popup/Popup")).substring(0, 6): Text of object 'Object Repository/Popup/Popup' is: 'Seçilen raporlar yeniden oluşturulacaktır. Devam etmek istiyor musunuz?'

2021-11-23 16:47:32 - [MESSAGE][INFO] - Finding Test Object 'Object Repository/Popup/Popup'

2021-11-23 16:47:32 - [MESSAGE][INFO] - Checking object

2021-11-23 16:47:32 - [MESSAGE][INFO] - Finding web element from Test Object's properties

2021-11-23 16:47:32 - [MESSAGE][INFO] - Checking timeout

2021-11-23 16:47:32 - [MESSAGE][INFO] - Finding web element with id: 'Object Repository/Popup/Popup' located by 'By.cssSelector: .bootbox-body' in '30' second(s)

2021-11-23 16:47:32 - [MESSAGE][INFO] - Smart Wait Function is triggered

2021-11-23 16:47:33 - [MESSAGE][INFO] - Found 1 web elements with id: 'Object Repository/Popup/Popup' located by 'By.cssSelector: .bootbox-body' in '30' second(s)

2021-11-23 16:47:33 - [MESSAGE][INFO] - Getting text of object 'Object Repository/Popup/Popup'

2021-11-23 16:47:33 - [MESSAGE][PASSED] - Text of object 'Object Repository/Popup/Popup' is: 'Seçilen raporlar yeniden oluşturulacaktır. Devam etmek istiyor musunuz?'

2021-11-23 16:47:33 - [TEST_STEP][PASSED] - Console.println(RaporNo): null

2021-11-23 16:47:33 - [MESSAGE][PASSED] - Call Test Case 'Test Cases/Popup/PopupMesajiIceriyorMu' successfully

2021-11-23 16:47:33 - [MESSAGE][INFO] - Checking called Test Case

2021-11-23 16:47:33 - [MESSAGE][INFO] - Starting to call Test Case 'Test Cases/Popup/PopupButonSecilir'

2021-11-23 16:47:33 - [TEST_CASE][PASSED] - Test Cases/Popup/PopupButonSecilir: Test Cases/Popup/PopupButonSecilir

2021-11-23 16:47:33 - [TEST_STEP][PASSED] - Method.TextDegerineEsitElementeTikla(findTestObject("Popup/Popup_Butons"), Buton): Method.TextDegerineEsitElementeTikla is PASSED

2021-11-23 16:47:33 - [MESSAGE][INFO] - Finding Test Object 'Object Repository/Popup/Popup_Butons'

2021-11-23 16:47:33 - [MESSAGE][INFO] - Checking timeout

2021-11-23 16:47:33 - [MESSAGE][INFO] - Finding web element with id: 'Object Repository/Popup/Popup_Butons' located by 'By.cssSelector: .modal-footer>button' in '10' second(s)

2021-11-23 16:47:33 - [MESSAGE][INFO] - Smart Wait Function is triggered

2021-11-23 16:47:33 - [MESSAGE][INFO] - Found 2 web elements with id: 'Object Repository/Popup/Popup_Butons' located by 'By.cssSelector: .modal-footer>button' in '10' second(s)

2021-11-23 16:47:33 - [MESSAGE][PASSED] - Method.TextDegerineEsitElementeTikla is PASSED

2021-11-23 16:47:33 - [MESSAGE][PASSED] - Call Test Case 'Test Cases/Popup/PopupButonSecilir' successfully

2021-11-23 16:47:33 - [MESSAGE][INFO] - Checking called Test Case

2021-11-23 16:47:33 - [MESSAGE][INFO] - Starting to call Test Case 'Test Cases/Popup/PopupMesajiIceriyorMu'

2021-11-23 16:47:33 - [TEST_CASE][PASSED] - Test Cases/Popup/PopupMesajiIceriyorMu: Test Cases/Popup/PopupMesajiIceriyorMu

2021-11-23 16:47:33 - [TEST_STEP][PASSED] - waitForElementVisible(findTestObject("Popup/Popup"), 10): Object 'Object Repository/Popup/Popup' is visible

2021-11-23 16:47:33 - [MESSAGE][INFO] - Finding Test Object 'Object Repository/Popup/Popup'

2021-11-23 16:47:33 - [MESSAGE][INFO] - Checking object

2021-11-23 16:47:33 - [MESSAGE][INFO] - Checking timeout

2021-11-23 16:47:33 - [MESSAGE][INFO] - Finding web element from Test Object's properties

2021-11-23 16:47:33 - [MESSAGE][INFO] - Checking timeout

2021-11-23 16:47:33 - [MESSAGE][INFO] - Finding web element with id: 'Object Repository/Popup/Popup' located by 'By.cssSelector: .bootbox-body' in '10' second(s)

2021-11-23 16:47:33 - [MESSAGE][INFO] - Smart Wait Function is triggered

2021-11-23 16:47:34 - [MESSAGE][INFO] - Found 1 web elements with id: 'Object Repository/Popup/Popup' located by 'By.cssSelector: .bootbox-body' in '10' second(s)

2021-11-23 16:47:34 - [MESSAGE][PASSED] - Object 'Object Repository/Popup/Popup' is visible

2021-11-23 16:47:34 - [TEST_STEP][PASSED] - if (!(getText(findTestObject("Popup/Popup")).contains(Mesaj))): Text of object 'Object Repository/Popup/Popup' is: 'Seçtiğiniz kayıtlardan 1 adedi tekrar oluşturmak üzere kuyruğa kaydedildi.'

2021-11-23 16:47:34 - [MESSAGE][INFO] - Finding Test Object 'Object Repository/Popup/Popup'

2021-11-23 16:47:34 - [MESSAGE][INFO] - Checking object

2021-11-23 16:47:34 - [MESSAGE][INFO] - Finding web element from Test Object's properties

2021-11-23 16:47:34 - [MESSAGE][INFO] - Checking timeout

2021-11-23 16:47:34 - [MESSAGE][INFO] - Finding web element with id: 'Object Repository/Popup/Popup' located by 'By.cssSelector: .bootbox-body' in '30' second(s)

2021-11-23 16:47:34 - [MESSAGE][INFO] - Smart Wait Function is triggered

2021-11-23 16:47:35 - [MESSAGE][INFO] - Found 1 web elements with id: 'Object Repository/Popup/Popup' located by 'By.cssSelector: .bootbox-body' in '30' second(s)

2021-11-23 16:47:35 - [MESSAGE][INFO] - Getting text of object 'Object Repository/Popup/Popup'

2021-11-23 16:47:35 - [MESSAGE][PASSED] - Text of object 'Object Repository/Popup/Popup' is: 'Seçtiğiniz kayıtlardan 1 adedi tekrar oluşturmak üzere kuyruğa kaydedildi.'

2021-11-23 16:47:35 - [TEST_STEP][PASSED] - RaporNo = getText(findTestObject("Popup/Popup")).substring(0, 6): Text of object 'Object Repository/Popup/Popup' is: 'Seçtiğiniz kayıtlardan 1 adedi tekrar oluşturmak üzere kuyruğa kaydedildi.'

2021-11-23 16:47:35 - [MESSAGE][INFO] - Finding Test Object 'Object Repository/Popup/Popup'

2021-11-23 16:47:35 - [MESSAGE][INFO] - Checking object

2021-11-23 16:47:35 - [MESSAGE][INFO] - Finding web element from Test Object's properties

2021-11-23 16:47:35 - [MESSAGE][INFO] - Checking timeout

2021-11-23 16:47:35 - [MESSAGE][INFO] - Finding web element with id: 'Object Repository/Popup/Popup' located by 'By.cssSelector: .bootbox-body' in '30' second(s)

2021-11-23 16:47:35 - [MESSAGE][INFO] - Smart Wait Function is triggered

2021-11-23 16:47:35 - [MESSAGE][INFO] - Found 1 web elements with id: 'Object Repository/Popup/Popup' located by 'By.cssSelector: .bootbox-body' in '30' second(s)

2021-11-23 16:47:35 - [MESSAGE][INFO] - Getting text of object 'Object Repository/Popup/Popup'

2021-11-23 16:47:35 - [MESSAGE][PASSED] - Text of object 'Object Repository/Popup/Popup' is: 'Seçtiğiniz kayıtlardan 1 adedi tekrar oluşturmak üzere kuyruğa kaydedildi.'

2021-11-23 16:47:35 - [TEST_STEP][PASSED] - Console.println(RaporNo): null

2021-11-23 16:47:35 - [MESSAGE][PASSED] - Call Test Case 'Test Cases/Popup/PopupMesajiIceriyorMu' successfully

2021-11-23 16:47:35 - [MESSAGE][INFO] - Checking called Test Case

2021-11-23 16:47:35 - [MESSAGE][INFO] - Starting to call Test Case 'Test Cases/Popup/PopupButonSecilir'

2021-11-23 16:47:35 - [TEST_CASE][PASSED] - Test Cases/Popup/PopupButonSecilir: Test Cases/Popup/PopupButonSecilir

2021-11-23 16:47:35 - [TEST_STEP][PASSED] - Method.TextDegerineEsitElementeTikla(findTestObject("Popup/Popup_Butons"), Buton): Method.TextDegerineEsitElementeTikla is PASSED

2021-11-23 16:47:35 - [MESSAGE][INFO] - Finding Test Object 'Object Repository/Popup/Popup_Butons'

2021-11-23 16:47:35 - [MESSAGE][INFO] - Checking timeout

2021-11-23 16:47:35 - [MESSAGE][INFO] - Finding web element with id: 'Object Repository/Popup/Popup_Butons' located by 'By.cssSelector: .modal-footer>button' in '10' second(s)

2021-11-23 16:47:35 - [MESSAGE][INFO] - Smart Wait Function is triggered

2021-11-23 16:47:35 - [MESSAGE][INFO] - Found 1 web elements with id: 'Object Repository/Popup/Popup_Butons' located by 'By.cssSelector: .modal-footer>button' in '10' second(s)

2021-11-23 16:47:36 - [MESSAGE][PASSED] - Method.TextDegerineEsitElementeTikla is PASSED

2021-11-23 16:47:36 - [MESSAGE][PASSED] - Call Test Case 'Test Cases/Popup/PopupButonSecilir' successfully

2021-11-23 16:47:36 - [MESSAGE][INFO] - Checking called Test Case

2021-11-23 16:47:36 - [MESSAGE][INFO] - Starting to call Test Case 'Test Cases/Kullanici_Islemleri/KullaniciIslemlerindenSecimYapilir'

2021-11-23 16:47:36 - [TEST_CASE][PASSED] - Test Cases/Kullanici_Islemleri/KullaniciIslemlerindenSecimYapilir: Test Cases/Kullanici_Islemleri/KullaniciIslemlerindenSecimYapilir

2021-11-23 16:47:36 - [TEST_STEP][PASSED] - waitForElementClickable(findTestObject("Object Repository/Kullanici_Islemleri/KullaniciIslemleri"), 10): Object 'Object Repository/Kullanici_Islemleri/KullaniciIslemleri' is clickable

2021-11-23 16:47:36 - [MESSAGE][INFO] - Finding Test Object 'Object Repository/Kullanici_Islemleri/KullaniciIslemleri'

2021-11-23 16:47:36 - [MESSAGE][INFO] - Checking object

2021-11-23 16:47:36 - [MESSAGE][INFO] - Checking timeout

2021-11-23 16:47:36 - [MESSAGE][INFO] - Finding web element from Test Object's properties

2021-11-23 16:47:36 - [MESSAGE][INFO] - Checking timeout

2021-11-23 16:47:36 - [MESSAGE][INFO] - Finding web element with id: 'Object Repository/Kullanici_Islemleri/KullaniciIslemleri' located by 'By.cssSelector: .dropdown>a>img' in '10' second(s)

2021-11-23 16:47:36 - [MESSAGE][INFO] - Smart Wait Function is triggered

2021-11-23 16:47:36 - [MESSAGE][INFO] - Found 1 web elements with id: 'Object Repository/Kullanici_Islemleri/KullaniciIslemleri' located by 'By.cssSelector: .dropdown>a>img' in '10' second(s)

2021-11-23 16:47:36 - [MESSAGE][PASSED] - Object 'Object Repository/Kullanici_Islemleri/KullaniciIslemleri' is clickable

2021-11-23 16:47:36 - [TEST_STEP][PASSED] - click(findTestObject("Object Repository/Kullanici_Islemleri/KullaniciIslemleri")): Object: 'Object Repository/Kullanici_Islemleri/KullaniciIslemleri' is clicked on

2021-11-23 16:47:36 - [MESSAGE][INFO] - Finding Test Object 'Object Repository/Kullanici_Islemleri/KullaniciIslemleri'

2021-11-23 16:47:37 - [MESSAGE][INFO] - Checking object

2021-11-23 16:47:37 - [MESSAGE][INFO] - Finding web element from Test Object's properties

2021-11-23 16:47:37 - [MESSAGE][INFO] - Checking timeout

2021-11-23 16:47:37 - [MESSAGE][INFO] - Finding web element with id: 'Object Repository/Kullanici_Islemleri/KullaniciIslemleri' located by 'By.cssSelector: .dropdown>a>img' in '30' second(s)

2021-11-23 16:47:37 - [MESSAGE][INFO] - Smart Wait Function is triggered

2021-11-23 16:47:37 - [MESSAGE][INFO] - Found 1 web elements with id: 'Object Repository/Kullanici_Islemleri/KullaniciIslemleri' located by 'By.cssSelector: .dropdown>a>img' in '30' second(s)

2021-11-23 16:47:37 - [MESSAGE][INFO] - Clicking on object: 'Object Repository/Kullanici_Islemleri/KullaniciIslemleri'

2021-11-23 16:47:37 - [MESSAGE][PASSED] - Object: 'Object Repository/Kullanici_Islemleri/KullaniciIslemleri' is clicked on

2021-11-23 16:47:37 - [TEST_STEP][PASSED] - Method.TextDegerineEsitElementeTikla(findTestObject("Object Repository/Kullanici_Islemleri/Secenekler"), Islem): Method.TextDegerineEsitElementeTikla is PASSED

2021-11-23 16:47:37 - [MESSAGE][INFO] - Finding Test Object 'Object Repository/Kullanici_Islemleri/Secenekler'

2021-11-23 16:47:37 - [MESSAGE][INFO] - Checking timeout

2021-11-23 16:47:37 - [MESSAGE][INFO] - Finding web element with id: 'Object Repository/Kullanici_Islemleri/Secenekler' located by 'By.cssSelector: .nav.navbar-nav.navbar-right li a' in '10' second(s)

2021-11-23 16:47:37 - [MESSAGE][INFO] - Smart Wait Function is triggered

2021-11-23 16:47:37 - [MESSAGE][INFO] - Found 22 web elements with id: 'Object Repository/Kullanici_Islemleri/Secenekler' located by 'By.cssSelector: .nav.navbar-nav.navbar-right li a' in '10' second(s)

2021-11-23 16:47:39 - [MESSAGE][PASSED] - Method.TextDegerineEsitElementeTikla is PASSED

2021-11-23 16:47:39 - [TEST_STEP][PASSED] - verifyElementNotPresent(findTestObject("Object Repository/Kullanici_Islemleri/Secenekler"), 10): Web element with id: 'Object Repository/Kullanici_Islemleri/Secenekler' located by 'By.cssSelector: .nav.navbar-nav.navbar-right li a' is not present after '10' second(s)

2021-11-23 16:47:39 - [MESSAGE][INFO] - Finding Test Object 'Object Repository/Kullanici_Islemleri/Secenekler'

2021-11-23 16:47:39 - [MESSAGE][INFO] - Checking object

2021-11-23 16:47:39 - [MESSAGE][INFO] - Checking timeout

2021-11-23 16:47:39 - [MESSAGE][INFO] - Finding web element with id: 'Object Repository/Kullanici_Islemleri/Secenekler' located by 'By.cssSelector: .nav.navbar-nav.navbar-right li a' in '10' second(s)

2021-11-23 16:47:39 - [MESSAGE][INFO] - Smart Wait Function is triggered

2021-11-23 16:47:39 - [MESSAGE][PASSED] - Web element with id: 'Object Repository/Kullanici_Islemleri/Secenekler' located by 'By.cssSelector: .nav.navbar-nav.navbar-right li a' is not present after '10' second(s)

2021-11-23 16:47:39 - [MESSAGE][PASSED] - Call Test Case 'Test Cases/Kullanici_Islemleri/KullaniciIslemlerindenSecimYapilir' successfully

2021-11-23 16:47:39 - [TEST_CASE][PASSED] - Start Test Case : SCENARIO e-Mustahsil Makbuzu Raporlari Yeniden Olustur: SCENARIO e-Mustahsil Makbuzu Raporlari Yeniden Olustur

2021-11-23 16:47:39 - [TEST_STEP][PASSED] - Kullanıcı adı ELOGO6 ve Şifre 123456 olarak giriş yapılır: Kullanıcı adı ELOGO6 ve Şifre 123456 olarak giriş yapılır

2021-11-23 16:47:40 - [MESSAGE][PASSED] - Kullanıcı adı ELOGO6 ve Şifre 123456 olarak giriş yapılır

2021-11-23 16:47:40 - [TEST_STEP][PASSED] - Ana menüden e-Makbuz seçilir: Ana menüden e-Makbuz seçilir

2021-11-23 16:47:40 - [MESSAGE][PASSED] - Ana menüden e-Makbuz seçilir

2021-11-23 16:47:40 - [TEST_STEP][PASSED] - Alt menü e-Müstahsil Uygulaması başlığı altındaki e-Müstahsil Makbuzu Raporları seçilir: Alt menü e-Müstahsil Uygulaması başlığı altındaki e-Müstahsil Makbuzu Raporları seçilir

2021-11-23 16:47:40 - [MESSAGE][PASSED] - Alt menü e-Müstahsil Uygulaması başlığı altındaki e-Müstahsil Makbuzu Raporları seçilir

2021-11-23 16:47:40 - [TEST_STEP][PASSED] - Filtrelerden Dönem Tarihi filtresine 2021 Ocak dropdowndan degeri seçilir: Filtrelerden Dönem Tarihi filtresine 2021 Ocak dropdowndan degeri seçilir

2021-11-23 16:47:40 - [MESSAGE][PASSED] - Filtrelerden Dönem Tarihi filtresine 2021 Ocak dropdowndan degeri seçilir

2021-11-23 16:47:40 - [TEST_STEP][PASSED] - Filtrelerden Bölüm Tarihi filtresine 01.01.2021 baslangic degerini yaz: Filtrelerden Bölüm Tarihi filtresine 01.01.2021 baslangic degerini yaz

2021-11-23 16:47:40 - [MESSAGE][PASSED] - Filtrelerden Bölüm Tarihi filtresine 01.01.2021 baslangic degerini yaz

2021-11-23 16:47:40 - [TEST_STEP][PASSED] - Filtrelerden Bölüm Tarihi filtresine 03.01.2021 bitis degerini yaz: Filtrelerden Bölüm Tarihi filtresine 03.01.2021 bitis degerini yaz

2021-11-23 16:47:40 - [MESSAGE][PASSED] - Filtrelerden Bölüm Tarihi filtresine 03.01.2021 bitis degerini yaz

2021-11-23 16:47:40 - [TEST_STEP][PASSED] - Filtre butonlarından Listele seçilir: Filtre butonlarından Listele seçilir

2021-11-23 16:47:40 - [MESSAGE][PASSED] - Filtre butonlarından Listele seçilir

2021-11-23 16:47:40 - [TEST_STEP][PASSED] - Tabloda veri var mı kontrol edilir: Tabloda veri var mı kontrol edilir

2021-11-23 16:47:40 - [MESSAGE][PASSED] - Tabloda veri var mı kontrol edilir

2021-11-23 16:47:40 - [TEST_STEP][PASSED] - Tablodan 2856 isimli veri seçilir: Tablodan 2856 isimli veri seçilir

2021-11-23 16:47:40 - [MESSAGE][PASSED] - Tablodan 2856 isimli veri seçilir

2021-11-23 16:47:40 - [TEST_STEP][PASSED] - Butonlardan Yeniden Oluştur isimli butona tıklanır: Butonlardan Yeniden Oluştur isimli butona tıklanır

2021-11-23 16:47:40 - [MESSAGE][PASSED] - Butonlardan Yeniden Oluştur isimli butona tıklanır

2021-11-23 16:47:40 - [TEST_STEP][PASSED] - Popup mesajı Seçtiğiniz e-Belge raporları yeniden oluşturulacaktır. Devam etmek istiyor musunuz? içeriyor mu: Popup mesajı Seçtiğiniz e-Belge raporları yeniden oluşturulacaktır. Devam etmek istiyor musunuz? içeriyor mu

2021-11-23 16:47:40 - [MESSAGE][PASSED] - Popup mesajı Seçtiğiniz e-Belge raporları yeniden oluşturulacaktır. Devam etmek istiyor musunuz? içeriyor mu

2021-11-23 16:47:40 - [TEST_STEP][PASSED] - Yönetim popupında Evet seçilir: Yönetim popupında Evet seçilir

2021-11-23 16:47:40 - [MESSAGE][PASSED] - Yönetim popupında Evet seçilir

2021-11-23 16:47:40 - [TEST_STEP][PASSED] - Popup mesajı Seçilen raporlar yeniden oluşturulacaktır. Devam etmek istiyor musunuz? içeriyor mu: Popup mesajı Seçilen raporlar yeniden oluşturulacaktır. Devam etmek istiyor musunuz? içeriyor mu

2021-11-23 16:47:40 - [MESSAGE][PASSED] - Popup mesajı Seçilen raporlar yeniden oluşturulacaktır. Devam etmek istiyor musunuz? içeriyor mu

2021-11-23 16:47:40 - [TEST_STEP][PASSED] - Yönetim popupında Evet seçilir: Yönetim popupında Evet seçilir

2021-11-23 16:47:40 - [MESSAGE][PASSED] - Yönetim popupında Evet seçilir

2021-11-23 16:47:40 - [TEST_STEP][PASSED] - Popup mesajı Seçtiğiniz kayıtlardan 1 adedi tekrar oluşturmak üzere kuyruğa kaydedildi. içeriyor mu: Popup mesajı Seçtiğiniz kayıtlardan 1 adedi tekrar oluşturmak üzere kuyruğa kaydedildi. içeriyor mu

2021-11-23 16:47:40 - [MESSAGE][PASSED] - Popup mesajı Seçtiğiniz kayıtlardan 1 adedi tekrar oluşturmak üzere kuyruğa kaydedildi. içeriyor mu

2021-11-23 16:47:40 - [TEST_STEP][PASSED] - Yönetim popupında Tamam seçilir: Yönetim popupında Tamam seçilir

2021-11-23 16:47:40 - [MESSAGE][PASSED] - Yönetim popupında Tamam seçilir

2021-11-23 16:47:40 - [TEST_STEP][PASSED] - Kullanıcı işlemlerinden Çıkış seçilir: Kullanıcı işlemlerinden Çıkış seçilir

2021-11-23 16:47:40 - [MESSAGE][PASSED] - Kullanıcı işlemlerinden Çıkış seçilir

2021-11-23 16:47:40 - [MESSAGE][PASSED] - Feature file: 'Include/features/e-Makbuz/e-Mustahsil Uygulamasi/e-Mustahsil Makbuzu Raporlari/Yeniden Olustur.feature' was passed

2021-11-23 16:47:40 - [TEST_STEP][PASSED] - Start listener action : sampleAfterTestSuite: Invoke 'com.kms.katalon.core.annotation.AfterTestCase' method: 'Listener.sampleAfterTestSuite(...)' completed.

2021-11-23 16:47:40 - [MESSAGE][INFO] - Starting invoke 'com.kms.katalon.core.annotation.AfterTestCase' method: 'Listener.sampleAfterTestSuite(...)'

2021-11-23 16:47:40 - [TEST_STEP][PASSED] - closeBrowser(): Invoke 'com.kms.katalon.core.annotation.AfterTestCase' method: 'Listener.sampleAfterTestSuite(...)' completed.

2021-11-23 16:47:40 - [MESSAGE][INFO] - Closing browser

2021-11-23 16:47:40 - [MESSAGE][PASSED] - Browser is closed

2021-11-23 16:47:40 - [MESSAGE][INFO] - Invoke 'com.kms.katalon.core.annotation.AfterTestCase' method: 'Listener.sampleAfterTestSuite(...)' completed.]]></system-out>
         <system-err><![CDATA[]]></system-err>
      </testcase>
      <testcase name="Test Cases/Case Repository/e-Makbuz/e-Serbest Meslek Uygulamasi/e-Serbest Meslek Makbuz Raporlari/Ekran Kontrolu" time="45.117" classname="Test Cases/Case Repository/e-Makbuz/e-Serbest Meslek Uygulamasi/e-Serbest Meslek Makbuz Raporlari/Ekran Kontrolu" status="PASSED">
         <system-out><![CDATA[2021-11-23 16:47:40 - [TEST_CASE][PASSED] - Test Cases/Case Repository/e-Makbuz/e-Serbest Meslek Uygulamasi/e-Serbest Meslek Makbuz Raporlari/Ekran Kontrolu: Test Cases/Case Repository/e-Makbuz/e-Serbest Meslek Uygulamasi/e-Serbest Meslek Makbuz Raporlari/Ekran Kontrolu

2021-11-23 16:47:40 - [TEST_STEP][PASSED] - Start listener action : sampleBeforeTestSuite: Invoke 'com.kms.katalon.core.annotation.BeforeTestCase' method: 'Listener.sampleBeforeTestSuite(...)' completed.

2021-11-23 16:47:40 - [MESSAGE][INFO] - Starting invoke 'com.kms.katalon.core.annotation.BeforeTestCase' method: 'Listener.sampleBeforeTestSuite(...)'

2021-11-23 16:47:40 - [TEST_STEP][PASSED] - openBrowser(baseUrl): Browser is opened with url: 'https://efatura-stage.elogo.com.tr/'

2021-11-23 16:47:40 - [MESSAGE][INFO] - Opening browser

2021-11-23 16:47:40 - [MESSAGE][INFO] - Starting 'Chrome' driver

2021-11-23 16:47:40 - [MESSAGE][INFO] - User set preference: ['prefs', '{download.default_directory=C:\otomasyondownfiles}']

2021-11-23 16:47:40 - [MESSAGE][INFO] - Action delay is set to 0 milliseconds

2021-11-23 16:47:42 - [MESSAGE][INFO] - Navigating browser to: 'https://efatura-stage.elogo.com.tr/'

2021-11-23 16:47:45 - [MESSAGE][PASSED] - Browser is opened with url: 'https://efatura-stage.elogo.com.tr/'

2021-11-23 16:47:45 - [TEST_STEP][PASSED] - maximizeWindow(): Invoke 'com.kms.katalon.core.annotation.BeforeTestCase' method: 'Listener.sampleBeforeTestSuite(...)' completed.

2021-11-23 16:47:45 - [MESSAGE][INFO] - Maximizing current window

2021-11-23 16:47:45 - [MESSAGE][PASSED] - Current window maximized

2021-11-23 16:47:45 - [MESSAGE][INFO] - Invoke 'com.kms.katalon.core.annotation.BeforeTestCase' method: 'Listener.sampleBeforeTestSuite(...)' completed.

2021-11-23 16:47:46 - [TEST_STEP][PASSED] - runFeatureFile("Include/features/e-Makbuz/e-Serbest Meslek Uygulaması/e-Serbest Meslek Makbuz Raporlari/Ekran Kontrolu.feature"): Feature file: 'Include/features/e-Makbuz/e-Serbest Meslek Uygulaması/e-Serbest Meslek Makbuz Raporlari/Ekran Kontrolu.feature' was passed

2021-11-23 16:47:46 - [MESSAGE][INFO] - Starting run keyword runFeatureFile: 'Include/features/e-Makbuz/e-Serbest Meslek Uygulaması/e-Serbest Meslek Makbuz Raporlari/Ekran Kontrolu.feature' and extract report to folder: 'C:\Users\DELL\Documents\GitHub\EES_KatalonLogo\Reports\20211123_163326\Suite Repository\e-Makbuz\20211123_163348/cucumber_report/1637675266266'...

2021-11-23 16:47:46 - [MESSAGE][INFO] - Glue: []

2021-11-23 16:47:49 - [MESSAGE][INFO] - Checking called Test Case

2021-11-23 16:47:49 - [MESSAGE][INFO] - Starting to call Test Case 'Test Cases/Sayfalar/Giris_Sayfasi/Login'

2021-11-23 16:47:49 - [TEST_CASE][PASSED] - Test Cases/Sayfalar/Giris_Sayfasi/Login: Test Cases/Sayfalar/Giris_Sayfasi/Login

2021-11-23 16:47:49 - [TEST_STEP][PASSED] - Sayfa_Basligi = getWindowTitle(): Current window's title is: 'LOGO e-Fatura'

2021-11-23 16:47:49 - [MESSAGE][INFO] - Getting current window's title

2021-11-23 16:47:49 - [MESSAGE][PASSED] - Current window's title is: 'LOGO e-Fatura'

2021-11-23 16:47:49 - [TEST_STEP][PASSED] - verifyMatch(Sayfa_Basligi, "LOGO e-Fatura", false): Actual text 'LOGO e-Fatura' and expected text 'LOGO e-Fatura' are matched 

2021-11-23 16:47:49 - [MESSAGE][INFO] - Matching actual text 'LOGO e-Fatura' with expected text 'LOGO e-Fatura'

2021-11-23 16:47:49 - [MESSAGE][PASSED] - Actual text 'LOGO e-Fatura' and expected text 'LOGO e-Fatura' are matched 

2021-11-23 16:47:49 - [TEST_STEP][PASSED] - sendKeys(findTestObject("Sayfalar/Giris_Sayfasi/Firma_Kodu"), KullaniciAdi): Keys 'ELOGO6' sent to object: 'Object Repository/Sayfalar/Giris_Sayfasi/Firma_Kodu'

2021-11-23 16:47:49 - [MESSAGE][INFO] - Finding Test Object 'Object Repository/Sayfalar/Giris_Sayfasi/Firma_Kodu'

2021-11-23 16:47:49 - [MESSAGE][INFO] - Sending keys 'ELOGO6' to object: 'Object Repository/Sayfalar/Giris_Sayfasi/Firma_Kodu'

2021-11-23 16:47:49 - [MESSAGE][INFO] - Finding web element from Test Object's properties

2021-11-23 16:47:49 - [MESSAGE][INFO] - Checking timeout

2021-11-23 16:47:49 - [MESSAGE][INFO] - Finding web element with id: 'Object Repository/Sayfalar/Giris_Sayfasi/Firma_Kodu' located by 'By.xpath: //*[@id = 'AccountName']' in '30' second(s)

2021-11-23 16:47:49 - [MESSAGE][INFO] - Smart Wait Function is triggered

2021-11-23 16:47:50 - [MESSAGE][INFO] - Found 1 web elements with id: 'Object Repository/Sayfalar/Giris_Sayfasi/Firma_Kodu' located by 'By.xpath: //*[@id = 'AccountName']' in '30' second(s)

2021-11-23 16:47:50 - [MESSAGE][PASSED] - Keys 'ELOGO6' sent to object: 'Object Repository/Sayfalar/Giris_Sayfasi/Firma_Kodu'

2021-11-23 16:47:50 - [TEST_STEP][PASSED] - sendKeys(findTestObject("Sayfalar/Giris_Sayfasi/Sifre"), Sifre): Keys '123456' sent to object: 'Object Repository/Sayfalar/Giris_Sayfasi/Sifre'

2021-11-23 16:47:50 - [MESSAGE][INFO] - Finding Test Object 'Object Repository/Sayfalar/Giris_Sayfasi/Sifre'

2021-11-23 16:47:50 - [MESSAGE][INFO] - Sending keys '123456' to object: 'Object Repository/Sayfalar/Giris_Sayfasi/Sifre'

2021-11-23 16:47:50 - [MESSAGE][INFO] - Finding web element from Test Object's properties

2021-11-23 16:47:50 - [MESSAGE][INFO] - Checking timeout

2021-11-23 16:47:50 - [MESSAGE][INFO] - Finding web element with id: 'Object Repository/Sayfalar/Giris_Sayfasi/Sifre' located by 'By.xpath: //*[@id = 'Password']' in '30' second(s)

2021-11-23 16:47:50 - [MESSAGE][INFO] - Smart Wait Function is triggered

2021-11-23 16:47:50 - [MESSAGE][INFO] - Found 1 web elements with id: 'Object Repository/Sayfalar/Giris_Sayfasi/Sifre' located by 'By.xpath: //*[@id = 'Password']' in '30' second(s)

2021-11-23 16:47:50 - [MESSAGE][PASSED] - Keys '123456' sent to object: 'Object Repository/Sayfalar/Giris_Sayfasi/Sifre'

2021-11-23 16:47:50 - [TEST_STEP][PASSED] - findWebElement(findTestObject("Sayfalar/Giris_Sayfasi/Giris_Butonu")).click(): Found 1 web elements with id: 'Object Repository/Sayfalar/Giris_Sayfasi/Giris_Butonu' located by 'By.cssSelector: #btnLogin' in '30' second(s)

2021-11-23 16:47:50 - [MESSAGE][INFO] - Finding Test Object 'Object Repository/Sayfalar/Giris_Sayfasi/Giris_Butonu'

2021-11-23 16:47:51 - [MESSAGE][INFO] - Finding web element from Test Object's properties

2021-11-23 16:47:51 - [MESSAGE][INFO] - Checking timeout

2021-11-23 16:47:51 - [MESSAGE][INFO] - Finding web element with id: 'Object Repository/Sayfalar/Giris_Sayfasi/Giris_Butonu' located by 'By.cssSelector: #btnLogin' in '30' second(s)

2021-11-23 16:47:51 - [MESSAGE][INFO] - Smart Wait Function is triggered

2021-11-23 16:47:51 - [MESSAGE][INFO] - Found 1 web elements with id: 'Object Repository/Sayfalar/Giris_Sayfasi/Giris_Butonu' located by 'By.cssSelector: #btnLogin' in '30' second(s)

2021-11-23 16:47:54 - [TEST_STEP][PASSED] - if (verifyElementPresent(findTestObject("Object Repository/Sayfalar/Giris_Sayfasi/RetveTamam_Butonu"), 5, OPTIONAL)): null

2021-11-23 16:47:54 - [MESSAGE][INFO] - Finding Test Object 'Object Repository/Sayfalar/Giris_Sayfasi/RetveTamam_Butonu'

2021-11-23 16:47:54 - [MESSAGE][INFO] - Checking object

2021-11-23 16:47:54 - [MESSAGE][INFO] - Finding web element from Test Object's properties

2021-11-23 16:47:54 - [MESSAGE][INFO] - Checking timeout

2021-11-23 16:47:54 - [MESSAGE][INFO] - Finding web element with id: 'Object Repository/Sayfalar/Giris_Sayfasi/RetveTamam_Butonu' located by 'By.xpath: //*[@class = 'btn btn-default']' in '5' second(s)

2021-11-23 16:47:54 - [MESSAGE][INFO] - Smart Wait Function is triggered

2021-11-23 16:47:54 - [MESSAGE][INFO] - Found 1 web elements with id: 'Object Repository/Sayfalar/Giris_Sayfasi/RetveTamam_Butonu' located by 'By.xpath: //*[@class = 'btn btn-default']' in '5' second(s)

2021-11-23 16:47:54 - [MESSAGE][PASSED] - Object 'Object Repository/Sayfalar/Giris_Sayfasi/RetveTamam_Butonu' is present

2021-11-23 16:47:54 - [TEST_STEP][PASSED] - click(findTestObject("Object Repository/Sayfalar/Giris_Sayfasi/RetveTamam_Butonu")): Object: 'Object Repository/Sayfalar/Giris_Sayfasi/RetveTamam_Butonu' is clicked on

2021-11-23 16:47:54 - [MESSAGE][INFO] - Finding Test Object 'Object Repository/Sayfalar/Giris_Sayfasi/RetveTamam_Butonu'

2021-11-23 16:47:55 - [MESSAGE][INFO] - Checking object

2021-11-23 16:47:55 - [MESSAGE][INFO] - Finding web element from Test Object's properties

2021-11-23 16:47:55 - [MESSAGE][INFO] - Checking timeout

2021-11-23 16:47:55 - [MESSAGE][INFO] - Finding web element with id: 'Object Repository/Sayfalar/Giris_Sayfasi/RetveTamam_Butonu' located by 'By.xpath: //*[@class = 'btn btn-default']' in '30' second(s)

2021-11-23 16:47:55 - [MESSAGE][INFO] - Smart Wait Function is triggered

2021-11-23 16:47:55 - [MESSAGE][INFO] - Found 1 web elements with id: 'Object Repository/Sayfalar/Giris_Sayfasi/RetveTamam_Butonu' located by 'By.xpath: //*[@class = 'btn btn-default']' in '30' second(s)

2021-11-23 16:47:55 - [MESSAGE][INFO] - Clicking on object: 'Object Repository/Sayfalar/Giris_Sayfasi/RetveTamam_Butonu'

2021-11-23 16:47:55 - [MESSAGE][PASSED] - Object: 'Object Repository/Sayfalar/Giris_Sayfasi/RetveTamam_Butonu' is clicked on

2021-11-23 16:47:55 - [TEST_STEP][PASSED] - click(findTestObject("Object Repository/Sayfalar/Giris_Sayfasi/RetveTamam_Butonu")): Object: 'Object Repository/Sayfalar/Giris_Sayfasi/RetveTamam_Butonu' is clicked on

2021-11-23 16:47:55 - [MESSAGE][INFO] - Finding Test Object 'Object Repository/Sayfalar/Giris_Sayfasi/RetveTamam_Butonu'

2021-11-23 16:47:55 - [MESSAGE][INFO] - Checking object

2021-11-23 16:47:55 - [MESSAGE][INFO] - Finding web element from Test Object's properties

2021-11-23 16:47:55 - [MESSAGE][INFO] - Checking timeout

2021-11-23 16:47:55 - [MESSAGE][INFO] - Finding web element with id: 'Object Repository/Sayfalar/Giris_Sayfasi/RetveTamam_Butonu' located by 'By.xpath: //*[@class = 'btn btn-default']' in '30' second(s)

2021-11-23 16:47:55 - [MESSAGE][INFO] - Smart Wait Function is triggered

2021-11-23 16:47:58 - [MESSAGE][INFO] - Found 1 web elements with id: 'Object Repository/Sayfalar/Giris_Sayfasi/RetveTamam_Butonu' located by 'By.xpath: //*[@class = 'btn btn-default']' in '30' second(s)

2021-11-23 16:47:58 - [MESSAGE][INFO] - Clicking on object: 'Object Repository/Sayfalar/Giris_Sayfasi/RetveTamam_Butonu'

2021-11-23 16:47:58 - [MESSAGE][PASSED] - Object: 'Object Repository/Sayfalar/Giris_Sayfasi/RetveTamam_Butonu' is clicked on

2021-11-23 16:47:58 - [TEST_STEP][PASSED] - if (verifyElementPresent(findTestObject("Sayfalar/Giris_Sayfasi/PopupOK"), 5, OPTIONAL)): null

2021-11-23 16:47:58 - [MESSAGE][INFO] - Finding Test Object 'Object Repository/Sayfalar/Giris_Sayfasi/PopupOK'

2021-11-23 16:47:58 - [MESSAGE][INFO] - Checking object

2021-11-23 16:47:58 - [MESSAGE][INFO] - Finding web element from Test Object's properties

2021-11-23 16:47:58 - [MESSAGE][INFO] - Checking timeout

2021-11-23 16:47:58 - [MESSAGE][INFO] - Finding web element with id: 'Object Repository/Sayfalar/Giris_Sayfasi/PopupOK' located by 'By.cssSelector: .btn.btn-success' in '5' second(s)

2021-11-23 16:47:58 - [MESSAGE][INFO] - Smart Wait Function is triggered

2021-11-23 16:47:59 - [MESSAGE][INFO] - Found 1 web elements with id: 'Object Repository/Sayfalar/Giris_Sayfasi/PopupOK' located by 'By.cssSelector: .btn.btn-success' in '5' second(s)

2021-11-23 16:47:59 - [MESSAGE][PASSED] - Object 'Object Repository/Sayfalar/Giris_Sayfasi/PopupOK' is present

2021-11-23 16:47:59 - [TEST_STEP][PASSED] - click(findTestObject("Object Repository/Sayfalar/Giris_Sayfasi/PopupCarpiGiris")): Object: 'Object Repository/Sayfalar/Giris_Sayfasi/PopupCarpiGiris' is clicked on

2021-11-23 16:47:59 - [MESSAGE][INFO] - Finding Test Object 'Object Repository/Sayfalar/Giris_Sayfasi/PopupCarpiGiris'

2021-11-23 16:47:59 - [MESSAGE][INFO] - Checking object

2021-11-23 16:47:59 - [MESSAGE][INFO] - Finding web element from Test Object's properties

2021-11-23 16:47:59 - [MESSAGE][INFO] - Checking timeout

2021-11-23 16:47:59 - [MESSAGE][INFO] - Finding web element with id: 'Object Repository/Sayfalar/Giris_Sayfasi/PopupCarpiGiris' located by 'By.cssSelector: .bootbox-close-button.close' in '30' second(s)

2021-11-23 16:47:59 - [MESSAGE][INFO] - Smart Wait Function is triggered

2021-11-23 16:47:59 - [MESSAGE][INFO] - Found 1 web elements with id: 'Object Repository/Sayfalar/Giris_Sayfasi/PopupCarpiGiris' located by 'By.cssSelector: .bootbox-close-button.close' in '30' second(s)

2021-11-23 16:47:59 - [MESSAGE][INFO] - Clicking on object: 'Object Repository/Sayfalar/Giris_Sayfasi/PopupCarpiGiris'

2021-11-23 16:47:59 - [MESSAGE][PASSED] - Object: 'Object Repository/Sayfalar/Giris_Sayfasi/PopupCarpiGiris' is clicked on

2021-11-23 16:47:59 - [TEST_STEP][PASSED] - verifyElementVisible(findTestObject("Object Repository/Kullanici_Islemleri/KullaniciIslemleri")): Object 'Object Repository/Kullanici_Islemleri/KullaniciIslemleri' is visible

2021-11-23 16:47:59 - [MESSAGE][INFO] - Finding Test Object 'Object Repository/Kullanici_Islemleri/KullaniciIslemleri'

2021-11-23 16:47:59 - [MESSAGE][INFO] - Checking object

2021-11-23 16:47:59 - [MESSAGE][INFO] - Finding web element from Test Object's properties

2021-11-23 16:47:59 - [MESSAGE][INFO] - Checking timeout

2021-11-23 16:47:59 - [MESSAGE][INFO] - Finding web element with id: 'Object Repository/Kullanici_Islemleri/KullaniciIslemleri' located by 'By.cssSelector: .dropdown>a>img' in '30' second(s)

2021-11-23 16:47:59 - [MESSAGE][INFO] - Smart Wait Function is triggered

2021-11-23 16:48:00 - [MESSAGE][INFO] - Found 1 web elements with id: 'Object Repository/Kullanici_Islemleri/KullaniciIslemleri' located by 'By.cssSelector: .dropdown>a>img' in '30' second(s)

2021-11-23 16:48:00 - [MESSAGE][PASSED] - Object 'Object Repository/Kullanici_Islemleri/KullaniciIslemleri' is visible

2021-11-23 16:48:00 - [MESSAGE][PASSED] - Call Test Case 'Test Cases/Sayfalar/Giris_Sayfasi/Login' successfully

2021-11-23 16:48:00 - [MESSAGE][INFO] - Checking called Test Case

2021-11-23 16:48:00 - [MESSAGE][INFO] - Starting to call Test Case 'Test Cases/Menu/AnaMenuSecimi'

2021-11-23 16:48:00 - [TEST_CASE][PASSED] - Test Cases/Menu/AnaMenuSecimi: Test Cases/Menu/AnaMenuSecimi

2021-11-23 16:48:00 - [TEST_STEP][PASSED] - Method.TextDegerineEsitElementeTikla(findTestObject("Menu/Ana_Menu"), Ana_Menu): Method.TextDegerineEsitElementeTikla is PASSED

2021-11-23 16:48:00 - [MESSAGE][INFO] - Finding Test Object 'Object Repository/Menu/Ana_Menu'

2021-11-23 16:48:00 - [MESSAGE][INFO] - Checking timeout

2021-11-23 16:48:00 - [MESSAGE][INFO] - Finding web element with id: 'Object Repository/Menu/Ana_Menu' located by 'By.xpath: //*[@class = 'dropdown-toggle']' in '10' second(s)

2021-11-23 16:48:00 - [MESSAGE][INFO] - Smart Wait Function is triggered

2021-11-23 16:48:00 - [MESSAGE][INFO] - Found 14 web elements with id: 'Object Repository/Menu/Ana_Menu' located by 'By.xpath: //*[@class = 'dropdown-toggle']' in '10' second(s)

2021-11-23 16:48:01 - [MESSAGE][PASSED] - Method.TextDegerineEsitElementeTikla is PASSED

2021-11-23 16:48:01 - [MESSAGE][PASSED] - Call Test Case 'Test Cases/Menu/AnaMenuSecimi' successfully

2021-11-23 16:48:01 - [MESSAGE][INFO] - Checking called Test Case

2021-11-23 16:48:01 - [MESSAGE][INFO] - Starting to call Test Case 'Test Cases/Menu/BasligaGoreAltMenuSecimi'

2021-11-23 16:48:01 - [TEST_CASE][PASSED] - Test Cases/Menu/BasligaGoreAltMenuSecimi: Test Cases/Menu/BasligaGoreAltMenuSecimi

2021-11-23 16:48:01 - [TEST_STEP][PASSED] - Method.TextDegerineEsitElementinAltindakiTextDegerineEsitOlanaTikla(findTestObject("Menu/Menu_Basligi"), findTestObject("Menu/Basliga_Gore_Alt_Menu"), Baslik, Alt_Menu): Method.TextDegerineEsitElementinAltindakiTextDegerineEsitOlanaTikla is PASSED

2021-11-23 16:48:01 - [MESSAGE][INFO] - Finding Test Object 'Object Repository/Menu/Menu_Basligi'

2021-11-23 16:48:01 - [MESSAGE][INFO] - Finding Test Object 'Object Repository/Menu/Basliga_Gore_Alt_Menu'

2021-11-23 16:48:01 - [MESSAGE][INFO] - Checking timeout

2021-11-23 16:48:01 - [MESSAGE][INFO] - Finding web element with id: 'Object Repository/Menu/Menu_Basligi' located by 'By.xpath: //li[@class='dropdown dropdown-large open']//li[@class='dropdown-header']' in '10' second(s)

2021-11-23 16:48:01 - [MESSAGE][INFO] - Smart Wait Function is triggered

2021-11-23 16:48:01 - [MESSAGE][INFO] - Found 2 web elements with id: 'Object Repository/Menu/Menu_Basligi' located by 'By.xpath: //li[@class='dropdown dropdown-large open']//li[@class='dropdown-header']' in '10' second(s)

2021-11-23 16:48:01 - [MESSAGE][INFO] - Smart Wait Function is triggered

2021-11-23 16:48:03 - [MESSAGE][PASSED] - Method.TextDegerineEsitElementinAltindakiTextDegerineEsitOlanaTikla is PASSED

2021-11-23 16:48:03 - [MESSAGE][PASSED] - Call Test Case 'Test Cases/Menu/BasligaGoreAltMenuSecimi' successfully

2021-11-23 16:48:03 - [MESSAGE][INFO] - Checking called Test Case

2021-11-23 16:48:03 - [MESSAGE][INFO] - Starting to call Test Case 'Test Cases/Filtreler/DropdownSec'

2021-11-23 16:48:03 - [TEST_CASE][PASSED] - Test Cases/Filtreler/DropdownSec: Test Cases/Filtreler/DropdownSec

2021-11-23 16:48:03 - [TEST_STEP][PASSED] - Method.TextDegerineEsitElementinAltindakineTikla(findTestObject("Filtreler/Basliklar"), findTestObject("Filtreler/Basliga_Gore_Baslangic_Image"), Filtre_Adi): Method.TextDegerineEsitElementinAltindakineTikla is PASSED

2021-11-23 16:48:03 - [MESSAGE][INFO] - Finding Test Object 'Object Repository/Filtreler/Basliklar'

2021-11-23 16:48:03 - [MESSAGE][INFO] - Finding Test Object 'Object Repository/Filtreler/Basliga_Gore_Baslangic_Image'

2021-11-23 16:48:04 - [MESSAGE][INFO] - Checking timeout

2021-11-23 16:48:04 - [MESSAGE][INFO] - Finding web element with id: 'Object Repository/Filtreler/Basliklar' located by 'By.cssSelector: .control-label.col-sm-4.paddingMarginRLC' in '10' second(s)

2021-11-23 16:48:04 - [MESSAGE][INFO] - Smart Wait Function is triggered

2021-11-23 16:48:04 - [MESSAGE][INFO] - Found 5 web elements with id: 'Object Repository/Filtreler/Basliklar' located by 'By.cssSelector: .control-label.col-sm-4.paddingMarginRLC' in '10' second(s)

2021-11-23 16:48:04 - [MESSAGE][INFO] - Smart Wait Function is triggered

2021-11-23 16:48:04 - [MESSAGE][PASSED] - Method.TextDegerineEsitElementinAltindakineTikla is PASSED

2021-11-23 16:48:04 - [TEST_STEP][PASSED] - Method.TextDegerineEsitElementeTikla(findTestObject("Object Repository/Filtreler/Basliga_Gore_Dropdown"), Filtre_Degeri): Method.TextDegerineEsitElementeTikla is PASSED

2021-11-23 16:48:04 - [MESSAGE][INFO] - Finding Test Object 'Object Repository/Filtreler/Basliga_Gore_Dropdown'

2021-11-23 16:48:04 - [MESSAGE][INFO] - Checking timeout

2021-11-23 16:48:04 - [MESSAGE][INFO] - Finding web element with id: 'Object Repository/Filtreler/Basliga_Gore_Dropdown' located by 'By.xpath: //*[@class = 'dxeListBoxItemRow_LECustomTheme']' in '10' second(s)

2021-11-23 16:48:04 - [MESSAGE][INFO] - Smart Wait Function is triggered

2021-11-23 16:48:05 - [MESSAGE][INFO] - Found 59 web elements with id: 'Object Repository/Filtreler/Basliga_Gore_Dropdown' located by 'By.xpath: //*[@class = 'dxeListBoxItemRow_LECustomTheme']' in '10' second(s)

2021-11-23 16:48:05 - [MESSAGE][PASSED] - Method.TextDegerineEsitElementeTikla is PASSED

2021-11-23 16:48:05 - [MESSAGE][PASSED] - Call Test Case 'Test Cases/Filtreler/DropdownSec' successfully

2021-11-23 16:48:05 - [MESSAGE][INFO] - Checking called Test Case

2021-11-23 16:48:05 - [MESSAGE][INFO] - Starting to call Test Case 'Test Cases/Filtreler/BaslangicYaz'

2021-11-23 16:48:05 - [TEST_CASE][PASSED] - Test Cases/Filtreler/BaslangicYaz: Test Cases/Filtreler/BaslangicYaz

2021-11-23 16:48:05 - [TEST_STEP][PASSED] - delay(3): Delayed 3 second(s)

2021-11-23 16:48:05 - [MESSAGE][INFO] - Delaying browser in 3 second(s)

2021-11-23 16:48:08 - [MESSAGE][PASSED] - Delayed 3 second(s)

2021-11-23 16:48:08 - [TEST_STEP][PASSED] - Method.TextDegerineEsitElementinAltindakineTikla(findTestObject("Filtreler/Basliklar"), findTestObject("Filtreler/Basliga_Gore_Baslangic_Image"), Filtre_Adi): Method.TextDegerineEsitElementinAltindakineTikla is PASSED

2021-11-23 16:48:08 - [MESSAGE][INFO] - Finding Test Object 'Object Repository/Filtreler/Basliklar'

2021-11-23 16:48:08 - [MESSAGE][INFO] - Finding Test Object 'Object Repository/Filtreler/Basliga_Gore_Baslangic_Image'

2021-11-23 16:48:08 - [MESSAGE][INFO] - Checking timeout

2021-11-23 16:48:08 - [MESSAGE][INFO] - Finding web element with id: 'Object Repository/Filtreler/Basliklar' located by 'By.cssSelector: .control-label.col-sm-4.paddingMarginRLC' in '10' second(s)

2021-11-23 16:48:08 - [MESSAGE][INFO] - Smart Wait Function is triggered

2021-11-23 16:48:09 - [MESSAGE][INFO] - Found 5 web elements with id: 'Object Repository/Filtreler/Basliklar' located by 'By.cssSelector: .control-label.col-sm-4.paddingMarginRLC' in '10' second(s)

2021-11-23 16:48:09 - [MESSAGE][INFO] - Smart Wait Function is triggered

2021-11-23 16:48:09 - [MESSAGE][PASSED] - Method.TextDegerineEsitElementinAltindakineTikla is PASSED

2021-11-23 16:48:09 - [TEST_STEP][PASSED] - Method.TextDegerineEsitElementinAltindakiTextboxtaYaz(findTestObject("Filtreler/Basliklar"), findTestObject("Filtreler/Basliga_Gore_Baslangic"), Filtre_Adi, Filtre_Degeri): Method.TextDegerineEsitElementinAltindakiTextboxtaYaz is PASSED

2021-11-23 16:48:09 - [MESSAGE][INFO] - Finding Test Object 'Object Repository/Filtreler/Basliklar'

2021-11-23 16:48:09 - [MESSAGE][INFO] - Finding Test Object 'Object Repository/Filtreler/Basliga_Gore_Baslangic'

2021-11-23 16:48:09 - [MESSAGE][INFO] - Checking timeout

2021-11-23 16:48:09 - [MESSAGE][INFO] - Finding web element with id: 'Object Repository/Filtreler/Basliklar' located by 'By.cssSelector: .control-label.col-sm-4.paddingMarginRLC' in '10' second(s)

2021-11-23 16:48:09 - [MESSAGE][INFO] - Smart Wait Function is triggered

2021-11-23 16:48:09 - [MESSAGE][INFO] - Found 5 web elements with id: 'Object Repository/Filtreler/Basliklar' located by 'By.cssSelector: .control-label.col-sm-4.paddingMarginRLC' in '10' second(s)

2021-11-23 16:48:09 - [MESSAGE][INFO] - Smart Wait Function is triggered

2021-11-23 16:48:10 - [MESSAGE][PASSED] - Method.TextDegerineEsitElementinAltindakiTextboxtaYaz is PASSED

2021-11-23 16:48:10 - [MESSAGE][PASSED] - Call Test Case 'Test Cases/Filtreler/BaslangicYaz' successfully

2021-11-23 16:48:10 - [MESSAGE][INFO] - Checking called Test Case

2021-11-23 16:48:10 - [MESSAGE][INFO] - Starting to call Test Case 'Test Cases/Filtreler/BitisYaz'

2021-11-23 16:48:10 - [TEST_CASE][PASSED] - Test Cases/Filtreler/BitisYaz: Test Cases/Filtreler/BitisYaz

2021-11-23 16:48:10 - [TEST_STEP][PASSED] - Method.TextDegerineEsitElementinAltindakineTikla(findTestObject("Filtreler/Basliklar"), findTestObject("Filtreler/Basliga_Gore_Bitis_Image"), Filtre_Adi): Method.TextDegerineEsitElementinAltindakineTikla is PASSED

2021-11-23 16:48:10 - [MESSAGE][INFO] - Finding Test Object 'Object Repository/Filtreler/Basliklar'

2021-11-23 16:48:10 - [MESSAGE][INFO] - Finding Test Object 'Object Repository/Filtreler/Basliga_Gore_Bitis_Image'

2021-11-23 16:48:10 - [MESSAGE][INFO] - Checking timeout

2021-11-23 16:48:10 - [MESSAGE][INFO] - Finding web element with id: 'Object Repository/Filtreler/Basliklar' located by 'By.cssSelector: .control-label.col-sm-4.paddingMarginRLC' in '10' second(s)

2021-11-23 16:48:10 - [MESSAGE][INFO] - Smart Wait Function is triggered

2021-11-23 16:48:10 - [MESSAGE][INFO] - Found 5 web elements with id: 'Object Repository/Filtreler/Basliklar' located by 'By.cssSelector: .control-label.col-sm-4.paddingMarginRLC' in '10' second(s)

2021-11-23 16:48:10 - [MESSAGE][INFO] - Smart Wait Function is triggered

2021-11-23 16:48:11 - [MESSAGE][PASSED] - Method.TextDegerineEsitElementinAltindakineTikla is PASSED

2021-11-23 16:48:11 - [TEST_STEP][PASSED] - Method.TextDegerineEsitElementinAltindakiTextboxtaYaz(findTestObject("Filtreler/Basliklar"), findTestObject("Object Repository/Filtreler/Basliga_Gore_Bitis"), Filtre_Adi, Filtre_Degeri): Method.TextDegerineEsitElementinAltindakiTextboxtaYaz is PASSED

2021-11-23 16:48:11 - [MESSAGE][INFO] - Finding Test Object 'Object Repository/Filtreler/Basliklar'

2021-11-23 16:48:11 - [MESSAGE][INFO] - Finding Test Object 'Object Repository/Filtreler/Basliga_Gore_Bitis'

2021-11-23 16:48:11 - [MESSAGE][INFO] - Checking timeout

2021-11-23 16:48:11 - [MESSAGE][INFO] - Finding web element with id: 'Object Repository/Filtreler/Basliklar' located by 'By.cssSelector: .control-label.col-sm-4.paddingMarginRLC' in '10' second(s)

2021-11-23 16:48:11 - [MESSAGE][INFO] - Smart Wait Function is triggered

2021-11-23 16:48:11 - [MESSAGE][INFO] - Found 5 web elements with id: 'Object Repository/Filtreler/Basliklar' located by 'By.cssSelector: .control-label.col-sm-4.paddingMarginRLC' in '10' second(s)

2021-11-23 16:48:11 - [MESSAGE][INFO] - Smart Wait Function is triggered

2021-11-23 16:48:12 - [MESSAGE][PASSED] - Method.TextDegerineEsitElementinAltindakiTextboxtaYaz is PASSED

2021-11-23 16:48:12 - [MESSAGE][PASSED] - Call Test Case 'Test Cases/Filtreler/BitisYaz' successfully

2021-11-23 16:48:12 - [MESSAGE][INFO] - Checking called Test Case

2021-11-23 16:48:12 - [MESSAGE][INFO] - Starting to call Test Case 'Test Cases/Filtreler/ButonaTikla'

2021-11-23 16:48:12 - [TEST_CASE][PASSED] - Test Cases/Filtreler/ButonaTikla: Test Cases/Filtreler/ButonaTikla

2021-11-23 16:48:12 - [TEST_STEP][PASSED] - Method.TextDegerineEsitElementeTikla(findTestObject("Filtreler/Butonlar"), Filtre_Buton): Method.TextDegerineEsitElementeTikla is PASSED

2021-11-23 16:48:12 - [MESSAGE][INFO] - Finding Test Object 'Object Repository/Filtreler/Butonlar'

2021-11-23 16:48:12 - [MESSAGE][INFO] - Checking timeout

2021-11-23 16:48:12 - [MESSAGE][INFO] - Finding web element with id: 'Object Repository/Filtreler/Butonlar' located by 'By.cssSelector: .dxb>span' in '10' second(s)

2021-11-23 16:48:12 - [MESSAGE][INFO] - Smart Wait Function is triggered

2021-11-23 16:48:12 - [MESSAGE][INFO] - Found 3 web elements with id: 'Object Repository/Filtreler/Butonlar' located by 'By.cssSelector: .dxb>span' in '10' second(s)

2021-11-23 16:48:12 - [MESSAGE][PASSED] - Method.TextDegerineEsitElementeTikla is PASSED

2021-11-23 16:48:12 - [MESSAGE][PASSED] - Call Test Case 'Test Cases/Filtreler/ButonaTikla' successfully

2021-11-23 16:48:12 - [MESSAGE][INFO] - Checking called Test Case

2021-11-23 16:48:12 - [MESSAGE][INFO] - Starting to call Test Case 'Test Cases/Tablo/TablodakiVeriDetayi'

2021-11-23 16:48:12 - [TEST_CASE][PASSED] - Test Cases/Tablo/TablodakiVeriDetayi: Test Cases/Tablo/TablodakiVeriDetayi

2021-11-23 16:48:12 - [TEST_STEP][PASSED] - Method.TextDegerineEsitElementinAltindakineTikla(findTestObject("Tablo/Veriler"), findTestObject("Object Repository/Tablo/VerininArtiButonu"), Veri_Adi): Method.TextDegerineEsitElementinAltindakineTikla is PASSED

2021-11-23 16:48:12 - [MESSAGE][INFO] - Finding Test Object 'Object Repository/Tablo/Veriler'

2021-11-23 16:48:12 - [MESSAGE][INFO] - Finding Test Object 'Object Repository/Tablo/VerininArtiButonu'

2021-11-23 16:48:12 - [MESSAGE][INFO] - Checking timeout

2021-11-23 16:48:12 - [MESSAGE][INFO] - Finding web element with id: 'Object Repository/Tablo/Veriler' located by 'By.cssSelector: td.dxgv b ,td.dxgv' in '10' second(s)

2021-11-23 16:48:12 - [MESSAGE][INFO] - Smart Wait Function is triggered

2021-11-23 16:48:13 - [MESSAGE][INFO] - Found 120 web elements with id: 'Object Repository/Tablo/Veriler' located by 'By.cssSelector: td.dxgv b ,td.dxgv' in '10' second(s)

2021-11-23 16:48:13 - [MESSAGE][INFO] - Smart Wait Function is triggered

2021-11-23 16:48:13 - [MESSAGE][PASSED] - Method.TextDegerineEsitElementinAltindakineTikla is PASSED

2021-11-23 16:48:13 - [MESSAGE][PASSED] - Call Test Case 'Test Cases/Tablo/TablodakiVeriDetayi' successfully

2021-11-23 16:48:13 - [MESSAGE][INFO] - Checking called Test Case

2021-11-23 16:48:13 - [MESSAGE][INFO] - Starting to call Test Case 'Test Cases/Tablo/TablodakiVeriDetayi'

2021-11-23 16:48:13 - [TEST_CASE][PASSED] - Test Cases/Tablo/TablodakiVeriDetayi: Test Cases/Tablo/TablodakiVeriDetayi

2021-11-23 16:48:13 - [TEST_STEP][PASSED] - Method.TextDegerineEsitElementinAltindakineTikla(findTestObject("Tablo/Veriler"), findTestObject("Object Repository/Tablo/VerininArtiButonu"), Veri_Adi): Method.TextDegerineEsitElementinAltindakineTikla is PASSED

2021-11-23 16:48:13 - [MESSAGE][INFO] - Finding Test Object 'Object Repository/Tablo/Veriler'

2021-11-23 16:48:13 - [MESSAGE][INFO] - Finding Test Object 'Object Repository/Tablo/VerininArtiButonu'

2021-11-23 16:48:13 - [MESSAGE][INFO] - Checking timeout

2021-11-23 16:48:13 - [MESSAGE][INFO] - Finding web element with id: 'Object Repository/Tablo/Veriler' located by 'By.cssSelector: td.dxgv b ,td.dxgv' in '10' second(s)

2021-11-23 16:48:13 - [MESSAGE][INFO] - Smart Wait Function is triggered

2021-11-23 16:48:14 - [MESSAGE][INFO] - Found 122 web elements with id: 'Object Repository/Tablo/Veriler' located by 'By.cssSelector: td.dxgv b ,td.dxgv' in '10' second(s)

2021-11-23 16:48:14 - [MESSAGE][INFO] - Smart Wait Function is triggered

2021-11-23 16:48:14 - [MESSAGE][PASSED] - Method.TextDegerineEsitElementinAltindakineTikla is PASSED

2021-11-23 16:48:14 - [MESSAGE][PASSED] - Call Test Case 'Test Cases/Tablo/TablodakiVeriDetayi' successfully

2021-11-23 16:48:14 - [MESSAGE][INFO] - Checking called Test Case

2021-11-23 16:48:14 - [MESSAGE][INFO] - Starting to call Test Case 'Test Cases/Filtreler/FiltreVarMi'

2021-11-23 16:48:14 - [TEST_CASE][PASSED] - Test Cases/Filtreler/FiltreVarMi: Test Cases/Filtreler/FiltreVarMi

2021-11-23 16:48:14 - [TEST_STEP][PASSED] - Method.TextDegerineEsitElementVarMi(findTestObject("Filtreler/Basliklar"), Filtre_alan): Method.TextDegerineEsitElementVarMi is PASSED

2021-11-23 16:48:14 - [MESSAGE][INFO] - Finding Test Object 'Object Repository/Filtreler/Basliklar'

2021-11-23 16:48:14 - [MESSAGE][INFO] - Checking timeout

2021-11-23 16:48:14 - [MESSAGE][INFO] - Finding web element with id: 'Object Repository/Filtreler/Basliklar' located by 'By.cssSelector: .control-label.col-sm-4.paddingMarginRLC' in '10' second(s)

2021-11-23 16:48:14 - [MESSAGE][INFO] - Smart Wait Function is triggered

2021-11-23 16:48:15 - [MESSAGE][INFO] - Found 5 web elements with id: 'Object Repository/Filtreler/Basliklar' located by 'By.cssSelector: .control-label.col-sm-4.paddingMarginRLC' in '10' second(s)

2021-11-23 16:48:15 - [MESSAGE][PASSED] - Method.TextDegerineEsitElementVarMi is PASSED

2021-11-23 16:48:15 - [MESSAGE][PASSED] - Call Test Case 'Test Cases/Filtreler/FiltreVarMi' successfully

2021-11-23 16:48:15 - [MESSAGE][INFO] - Checking called Test Case

2021-11-23 16:48:15 - [MESSAGE][INFO] - Starting to call Test Case 'Test Cases/Filtreler/FiltreVarMi'

2021-11-23 16:48:15 - [TEST_CASE][PASSED] - Test Cases/Filtreler/FiltreVarMi: Test Cases/Filtreler/FiltreVarMi

2021-11-23 16:48:15 - [TEST_STEP][PASSED] - Method.TextDegerineEsitElementVarMi(findTestObject("Filtreler/Basliklar"), Filtre_alan): Method.TextDegerineEsitElementVarMi is PASSED

2021-11-23 16:48:15 - [MESSAGE][INFO] - Finding Test Object 'Object Repository/Filtreler/Basliklar'

2021-11-23 16:48:15 - [MESSAGE][INFO] - Checking timeout

2021-11-23 16:48:15 - [MESSAGE][INFO] - Finding web element with id: 'Object Repository/Filtreler/Basliklar' located by 'By.cssSelector: .control-label.col-sm-4.paddingMarginRLC' in '10' second(s)

2021-11-23 16:48:15 - [MESSAGE][INFO] - Smart Wait Function is triggered

2021-11-23 16:48:15 - [MESSAGE][INFO] - Found 5 web elements with id: 'Object Repository/Filtreler/Basliklar' located by 'By.cssSelector: .control-label.col-sm-4.paddingMarginRLC' in '10' second(s)

2021-11-23 16:48:15 - [MESSAGE][PASSED] - Method.TextDegerineEsitElementVarMi is PASSED

2021-11-23 16:48:15 - [MESSAGE][PASSED] - Call Test Case 'Test Cases/Filtreler/FiltreVarMi' successfully

2021-11-23 16:48:15 - [MESSAGE][INFO] - Checking called Test Case

2021-11-23 16:48:15 - [MESSAGE][INFO] - Starting to call Test Case 'Test Cases/Filtreler/FiltreVarMi'

2021-11-23 16:48:15 - [TEST_CASE][PASSED] - Test Cases/Filtreler/FiltreVarMi: Test Cases/Filtreler/FiltreVarMi

2021-11-23 16:48:15 - [TEST_STEP][PASSED] - Method.TextDegerineEsitElementVarMi(findTestObject("Filtreler/Basliklar"), Filtre_alan): Method.TextDegerineEsitElementVarMi is PASSED

2021-11-23 16:48:15 - [MESSAGE][INFO] - Finding Test Object 'Object Repository/Filtreler/Basliklar'

2021-11-23 16:48:16 - [MESSAGE][INFO] - Checking timeout

2021-11-23 16:48:16 - [MESSAGE][INFO] - Finding web element with id: 'Object Repository/Filtreler/Basliklar' located by 'By.cssSelector: .control-label.col-sm-4.paddingMarginRLC' in '10' second(s)

2021-11-23 16:48:16 - [MESSAGE][INFO] - Smart Wait Function is triggered

2021-11-23 16:48:16 - [MESSAGE][INFO] - Found 5 web elements with id: 'Object Repository/Filtreler/Basliklar' located by 'By.cssSelector: .control-label.col-sm-4.paddingMarginRLC' in '10' second(s)

2021-11-23 16:48:16 - [MESSAGE][PASSED] - Method.TextDegerineEsitElementVarMi is PASSED

2021-11-23 16:48:16 - [MESSAGE][PASSED] - Call Test Case 'Test Cases/Filtreler/FiltreVarMi' successfully

2021-11-23 16:48:16 - [MESSAGE][INFO] - Checking called Test Case

2021-11-23 16:48:16 - [MESSAGE][INFO] - Starting to call Test Case 'Test Cases/Filtreler/FiltreVarMi'

2021-11-23 16:48:16 - [TEST_CASE][PASSED] - Test Cases/Filtreler/FiltreVarMi: Test Cases/Filtreler/FiltreVarMi

2021-11-23 16:48:16 - [TEST_STEP][PASSED] - Method.TextDegerineEsitElementVarMi(findTestObject("Filtreler/Basliklar"), Filtre_alan): Method.TextDegerineEsitElementVarMi is PASSED

2021-11-23 16:48:16 - [MESSAGE][INFO] - Finding Test Object 'Object Repository/Filtreler/Basliklar'

2021-11-23 16:48:16 - [MESSAGE][INFO] - Checking timeout

2021-11-23 16:48:16 - [MESSAGE][INFO] - Finding web element with id: 'Object Repository/Filtreler/Basliklar' located by 'By.cssSelector: .control-label.col-sm-4.paddingMarginRLC' in '10' second(s)

2021-11-23 16:48:16 - [MESSAGE][INFO] - Smart Wait Function is triggered

2021-11-23 16:48:16 - [MESSAGE][INFO] - Found 5 web elements with id: 'Object Repository/Filtreler/Basliklar' located by 'By.cssSelector: .control-label.col-sm-4.paddingMarginRLC' in '10' second(s)

2021-11-23 16:48:16 - [MESSAGE][PASSED] - Method.TextDegerineEsitElementVarMi is PASSED

2021-11-23 16:48:16 - [MESSAGE][PASSED] - Call Test Case 'Test Cases/Filtreler/FiltreVarMi' successfully

2021-11-23 16:48:16 - [MESSAGE][INFO] - Checking called Test Case

2021-11-23 16:48:16 - [MESSAGE][INFO] - Starting to call Test Case 'Test Cases/Filtreler/FiltreVarMi'

2021-11-23 16:48:16 - [TEST_CASE][PASSED] - Test Cases/Filtreler/FiltreVarMi: Test Cases/Filtreler/FiltreVarMi

2021-11-23 16:48:16 - [TEST_STEP][PASSED] - Method.TextDegerineEsitElementVarMi(findTestObject("Filtreler/Basliklar"), Filtre_alan): Method.TextDegerineEsitElementVarMi is PASSED

2021-11-23 16:48:16 - [MESSAGE][INFO] - Finding Test Object 'Object Repository/Filtreler/Basliklar'

2021-11-23 16:48:17 - [MESSAGE][INFO] - Checking timeout

2021-11-23 16:48:17 - [MESSAGE][INFO] - Finding web element with id: 'Object Repository/Filtreler/Basliklar' located by 'By.cssSelector: .control-label.col-sm-4.paddingMarginRLC' in '10' second(s)

2021-11-23 16:48:17 - [MESSAGE][INFO] - Smart Wait Function is triggered

2021-11-23 16:48:17 - [MESSAGE][INFO] - Found 5 web elements with id: 'Object Repository/Filtreler/Basliklar' located by 'By.cssSelector: .control-label.col-sm-4.paddingMarginRLC' in '10' second(s)

2021-11-23 16:48:17 - [MESSAGE][PASSED] - Method.TextDegerineEsitElementVarMi is PASSED

2021-11-23 16:48:17 - [MESSAGE][PASSED] - Call Test Case 'Test Cases/Filtreler/FiltreVarMi' successfully

2021-11-23 16:48:17 - [MESSAGE][INFO] - Checking called Test Case

2021-11-23 16:48:17 - [MESSAGE][INFO] - Starting to call Test Case 'Test Cases/Filtreler/ButonVarMi'

2021-11-23 16:48:17 - [TEST_CASE][PASSED] - Test Cases/Filtreler/ButonVarMi: Test Cases/Filtreler/ButonVarMi

2021-11-23 16:48:17 - [TEST_STEP][PASSED] - Method.TextDegerineEsitElementVarMi(findTestObject("Filtreler/Butonlar"), Filtre_Buton): Method.TextDegerineEsitElementVarMi is PASSED

2021-11-23 16:48:17 - [MESSAGE][INFO] - Finding Test Object 'Object Repository/Filtreler/Butonlar'

2021-11-23 16:48:17 - [MESSAGE][INFO] - Checking timeout

2021-11-23 16:48:17 - [MESSAGE][INFO] - Finding web element with id: 'Object Repository/Filtreler/Butonlar' located by 'By.cssSelector: .dxb>span' in '10' second(s)

2021-11-23 16:48:17 - [MESSAGE][INFO] - Smart Wait Function is triggered

2021-11-23 16:48:17 - [MESSAGE][INFO] - Found 3 web elements with id: 'Object Repository/Filtreler/Butonlar' located by 'By.cssSelector: .dxb>span' in '10' second(s)

2021-11-23 16:48:17 - [MESSAGE][PASSED] - Method.TextDegerineEsitElementVarMi is PASSED

2021-11-23 16:48:17 - [MESSAGE][PASSED] - Call Test Case 'Test Cases/Filtreler/ButonVarMi' successfully

2021-11-23 16:48:17 - [MESSAGE][INFO] - Checking called Test Case

2021-11-23 16:48:17 - [MESSAGE][INFO] - Starting to call Test Case 'Test Cases/Filtreler/ButonVarMi'

2021-11-23 16:48:17 - [TEST_CASE][PASSED] - Test Cases/Filtreler/ButonVarMi: Test Cases/Filtreler/ButonVarMi

2021-11-23 16:48:17 - [TEST_STEP][PASSED] - Method.TextDegerineEsitElementVarMi(findTestObject("Filtreler/Butonlar"), Filtre_Buton): Method.TextDegerineEsitElementVarMi is PASSED

2021-11-23 16:48:17 - [MESSAGE][INFO] - Finding Test Object 'Object Repository/Filtreler/Butonlar'

2021-11-23 16:48:17 - [MESSAGE][INFO] - Checking timeout

2021-11-23 16:48:17 - [MESSAGE][INFO] - Finding web element with id: 'Object Repository/Filtreler/Butonlar' located by 'By.cssSelector: .dxb>span' in '10' second(s)

2021-11-23 16:48:17 - [MESSAGE][INFO] - Smart Wait Function is triggered

2021-11-23 16:48:18 - [MESSAGE][INFO] - Found 3 web elements with id: 'Object Repository/Filtreler/Butonlar' located by 'By.cssSelector: .dxb>span' in '10' second(s)

2021-11-23 16:48:18 - [MESSAGE][PASSED] - Method.TextDegerineEsitElementVarMi is PASSED

2021-11-23 16:48:18 - [MESSAGE][PASSED] - Call Test Case 'Test Cases/Filtreler/ButonVarMi' successfully

2021-11-23 16:48:18 - [MESSAGE][INFO] - Checking called Test Case

2021-11-23 16:48:18 - [MESSAGE][INFO] - Starting to call Test Case 'Test Cases/Filtreler/ButonVarMi'

2021-11-23 16:48:18 - [TEST_CASE][PASSED] - Test Cases/Filtreler/ButonVarMi: Test Cases/Filtreler/ButonVarMi

2021-11-23 16:48:18 - [TEST_STEP][PASSED] - Method.TextDegerineEsitElementVarMi(findTestObject("Filtreler/Butonlar"), Filtre_Buton): Method.TextDegerineEsitElementVarMi is PASSED

2021-11-23 16:48:18 - [MESSAGE][INFO] - Finding Test Object 'Object Repository/Filtreler/Butonlar'

2021-11-23 16:48:18 - [MESSAGE][INFO] - Checking timeout

2021-11-23 16:48:18 - [MESSAGE][INFO] - Finding web element with id: 'Object Repository/Filtreler/Butonlar' located by 'By.cssSelector: .dxb>span' in '10' second(s)

2021-11-23 16:48:18 - [MESSAGE][INFO] - Smart Wait Function is triggered

2021-11-23 16:48:18 - [MESSAGE][INFO] - Found 3 web elements with id: 'Object Repository/Filtreler/Butonlar' located by 'By.cssSelector: .dxb>span' in '10' second(s)

2021-11-23 16:48:18 - [MESSAGE][PASSED] - Method.TextDegerineEsitElementVarMi is PASSED

2021-11-23 16:48:18 - [MESSAGE][PASSED] - Call Test Case 'Test Cases/Filtreler/ButonVarMi' successfully

2021-11-23 16:48:18 - [MESSAGE][INFO] - Checking called Test Case

2021-11-23 16:48:18 - [MESSAGE][INFO] - Starting to call Test Case 'Test Cases/Butonlar/ButonVarMi'

2021-11-23 16:48:18 - [TEST_CASE][PASSED] - Test Cases/Butonlar/ButonVarMi: Test Cases/Butonlar/ButonVarMi

2021-11-23 16:48:18 - [TEST_STEP][PASSED] - Method.TextDegerineEsitElementVarMi(findTestObject("Butonlar/Butonlar"), Buton): Method.TextDegerineEsitElementVarMi is PASSED

2021-11-23 16:48:18 - [MESSAGE][INFO] - Finding Test Object 'Object Repository/Butonlar/Butonlar'

2021-11-23 16:48:18 - [MESSAGE][INFO] - Checking timeout

2021-11-23 16:48:18 - [MESSAGE][INFO] - Finding web element with id: 'Object Repository/Butonlar/Butonlar' located by 'By.cssSelector: .panel.panel-default.text-center.footerPanel .btn,.btn.btn-primary.btnControls' in '10' second(s)

2021-11-23 16:48:18 - [MESSAGE][INFO] - Smart Wait Function is triggered

2021-11-23 16:48:19 - [MESSAGE][INFO] - Found 6 web elements with id: 'Object Repository/Butonlar/Butonlar' located by 'By.cssSelector: .panel.panel-default.text-center.footerPanel .btn,.btn.btn-primary.btnControls' in '10' second(s)

2021-11-23 16:48:19 - [MESSAGE][PASSED] - Method.TextDegerineEsitElementVarMi is PASSED

2021-11-23 16:48:19 - [MESSAGE][PASSED] - Call Test Case 'Test Cases/Butonlar/ButonVarMi' successfully

2021-11-23 16:48:19 - [MESSAGE][INFO] - Checking called Test Case

2021-11-23 16:48:19 - [MESSAGE][INFO] - Starting to call Test Case 'Test Cases/Butonlar/ButonVarMi'

2021-11-23 16:48:19 - [TEST_CASE][PASSED] - Test Cases/Butonlar/ButonVarMi: Test Cases/Butonlar/ButonVarMi

2021-11-23 16:48:19 - [TEST_STEP][PASSED] - Method.TextDegerineEsitElementVarMi(findTestObject("Butonlar/Butonlar"), Buton): Method.TextDegerineEsitElementVarMi is PASSED

2021-11-23 16:48:19 - [MESSAGE][INFO] - Finding Test Object 'Object Repository/Butonlar/Butonlar'

2021-11-23 16:48:19 - [MESSAGE][INFO] - Checking timeout

2021-11-23 16:48:19 - [MESSAGE][INFO] - Finding web element with id: 'Object Repository/Butonlar/Butonlar' located by 'By.cssSelector: .panel.panel-default.text-center.footerPanel .btn,.btn.btn-primary.btnControls' in '10' second(s)

2021-11-23 16:48:19 - [MESSAGE][INFO] - Smart Wait Function is triggered

2021-11-23 16:48:19 - [MESSAGE][INFO] - Found 6 web elements with id: 'Object Repository/Butonlar/Butonlar' located by 'By.cssSelector: .panel.panel-default.text-center.footerPanel .btn,.btn.btn-primary.btnControls' in '10' second(s)

2021-11-23 16:48:19 - [MESSAGE][PASSED] - Method.TextDegerineEsitElementVarMi is PASSED

2021-11-23 16:48:19 - [MESSAGE][PASSED] - Call Test Case 'Test Cases/Butonlar/ButonVarMi' successfully

2021-11-23 16:48:19 - [MESSAGE][INFO] - Checking called Test Case

2021-11-23 16:48:19 - [MESSAGE][INFO] - Starting to call Test Case 'Test Cases/Butonlar/ButonVarMi'

2021-11-23 16:48:19 - [TEST_CASE][PASSED] - Test Cases/Butonlar/ButonVarMi: Test Cases/Butonlar/ButonVarMi

2021-11-23 16:48:19 - [TEST_STEP][PASSED] - Method.TextDegerineEsitElementVarMi(findTestObject("Butonlar/Butonlar"), Buton): Method.TextDegerineEsitElementVarMi is PASSED

2021-11-23 16:48:19 - [MESSAGE][INFO] - Finding Test Object 'Object Repository/Butonlar/Butonlar'

2021-11-23 16:48:19 - [MESSAGE][INFO] - Checking timeout

2021-11-23 16:48:19 - [MESSAGE][INFO] - Finding web element with id: 'Object Repository/Butonlar/Butonlar' located by 'By.cssSelector: .panel.panel-default.text-center.footerPanel .btn,.btn.btn-primary.btnControls' in '10' second(s)

2021-11-23 16:48:19 - [MESSAGE][INFO] - Smart Wait Function is triggered

2021-11-23 16:48:19 - [MESSAGE][INFO] - Found 6 web elements with id: 'Object Repository/Butonlar/Butonlar' located by 'By.cssSelector: .panel.panel-default.text-center.footerPanel .btn,.btn.btn-primary.btnControls' in '10' second(s)

2021-11-23 16:48:20 - [MESSAGE][PASSED] - Method.TextDegerineEsitElementVarMi is PASSED

2021-11-23 16:48:20 - [MESSAGE][PASSED] - Call Test Case 'Test Cases/Butonlar/ButonVarMi' successfully

2021-11-23 16:48:20 - [MESSAGE][INFO] - Checking called Test Case

2021-11-23 16:48:20 - [MESSAGE][INFO] - Starting to call Test Case 'Test Cases/Butonlar/ButonVarMi'

2021-11-23 16:48:20 - [TEST_CASE][PASSED] - Test Cases/Butonlar/ButonVarMi: Test Cases/Butonlar/ButonVarMi

2021-11-23 16:48:20 - [TEST_STEP][PASSED] - Method.TextDegerineEsitElementVarMi(findTestObject("Butonlar/Butonlar"), Buton): Method.TextDegerineEsitElementVarMi is PASSED

2021-11-23 16:48:20 - [MESSAGE][INFO] - Finding Test Object 'Object Repository/Butonlar/Butonlar'

2021-11-23 16:48:20 - [MESSAGE][INFO] - Checking timeout

2021-11-23 16:48:20 - [MESSAGE][INFO] - Finding web element with id: 'Object Repository/Butonlar/Butonlar' located by 'By.cssSelector: .panel.panel-default.text-center.footerPanel .btn,.btn.btn-primary.btnControls' in '10' second(s)

2021-11-23 16:48:20 - [MESSAGE][INFO] - Smart Wait Function is triggered

2021-11-23 16:48:20 - [MESSAGE][INFO] - Found 6 web elements with id: 'Object Repository/Butonlar/Butonlar' located by 'By.cssSelector: .panel.panel-default.text-center.footerPanel .btn,.btn.btn-primary.btnControls' in '10' second(s)

2021-11-23 16:48:20 - [MESSAGE][PASSED] - Method.TextDegerineEsitElementVarMi is PASSED

2021-11-23 16:48:20 - [MESSAGE][PASSED] - Call Test Case 'Test Cases/Butonlar/ButonVarMi' successfully

2021-11-23 16:48:20 - [MESSAGE][INFO] - Checking called Test Case

2021-11-23 16:48:20 - [MESSAGE][INFO] - Starting to call Test Case 'Test Cases/Butonlar/ButonaTikla'

2021-11-23 16:48:20 - [TEST_CASE][PASSED] - Test Cases/Butonlar/ButonaTikla: Test Cases/Butonlar/ButonaTikla

2021-11-23 16:48:20 - [TEST_STEP][PASSED] - Method.TextDegerineEsitElementeTiklaEquals(findTestObject("Butonlar/Butonlar"), Buton_Adi): Method.TextDegerineEsitElementeTiklaEquals is PASSED

2021-11-23 16:48:20 - [MESSAGE][INFO] - Finding Test Object 'Object Repository/Butonlar/Butonlar'

2021-11-23 16:48:20 - [MESSAGE][INFO] - Checking timeout

2021-11-23 16:48:20 - [MESSAGE][INFO] - Finding web element with id: 'Object Repository/Butonlar/Butonlar' located by 'By.cssSelector: .panel.panel-default.text-center.footerPanel .btn,.btn.btn-primary.btnControls' in '10' second(s)

2021-11-23 16:48:20 - [MESSAGE][INFO] - Smart Wait Function is triggered

2021-11-23 16:48:20 - [MESSAGE][INFO] - Found 6 web elements with id: 'Object Repository/Butonlar/Butonlar' located by 'By.cssSelector: .panel.panel-default.text-center.footerPanel .btn,.btn.btn-primary.btnControls' in '10' second(s)

2021-11-23 16:48:21 - [MESSAGE][PASSED] - Method.TextDegerineEsitElementeTiklaEquals is PASSED

2021-11-23 16:48:21 - [MESSAGE][PASSED] - Call Test Case 'Test Cases/Butonlar/ButonaTikla' successfully

2021-11-23 16:48:21 - [MESSAGE][INFO] - Checking called Test Case

2021-11-23 16:48:21 - [MESSAGE][INFO] - Starting to call Test Case 'Test Cases/Butonlar/AltButonVarMi'

2021-11-23 16:48:21 - [TEST_CASE][PASSED] - Test Cases/Butonlar/AltButonVarMi: Test Cases/Butonlar/AltButonVarMi

2021-11-23 16:48:21 - [TEST_STEP][PASSED] - Method.TextDegerineEsitElementVarMi(findTestObject("Butonlar/AltButonlar"), AltButon): Method.TextDegerineEsitElementVarMi is PASSED

2021-11-23 16:48:21 - [MESSAGE][INFO] - Finding Test Object 'Object Repository/Butonlar/AltButonlar'

2021-11-23 16:48:21 - [MESSAGE][INFO] - Checking timeout

2021-11-23 16:48:21 - [MESSAGE][INFO] - Finding web element with id: 'Object Repository/Butonlar/AltButonlar' located by 'By.cssSelector: .btn-group.open li>a' in '10' second(s)

2021-11-23 16:48:21 - [MESSAGE][INFO] - Smart Wait Function is triggered

2021-11-23 16:48:21 - [MESSAGE][INFO] - Found 2 web elements with id: 'Object Repository/Butonlar/AltButonlar' located by 'By.cssSelector: .btn-group.open li>a' in '10' second(s)

2021-11-23 16:48:21 - [MESSAGE][PASSED] - Method.TextDegerineEsitElementVarMi is PASSED

2021-11-23 16:48:21 - [MESSAGE][PASSED] - Call Test Case 'Test Cases/Butonlar/AltButonVarMi' successfully

2021-11-23 16:48:21 - [MESSAGE][INFO] - Checking called Test Case

2021-11-23 16:48:21 - [MESSAGE][INFO] - Starting to call Test Case 'Test Cases/Butonlar/AltButonVarMi'

2021-11-23 16:48:21 - [TEST_CASE][PASSED] - Test Cases/Butonlar/AltButonVarMi: Test Cases/Butonlar/AltButonVarMi

2021-11-23 16:48:21 - [TEST_STEP][PASSED] - Method.TextDegerineEsitElementVarMi(findTestObject("Butonlar/AltButonlar"), AltButon): Method.TextDegerineEsitElementVarMi is PASSED

2021-11-23 16:48:21 - [MESSAGE][INFO] - Finding Test Object 'Object Repository/Butonlar/AltButonlar'

2021-11-23 16:48:21 - [MESSAGE][INFO] - Checking timeout

2021-11-23 16:48:21 - [MESSAGE][INFO] - Finding web element with id: 'Object Repository/Butonlar/AltButonlar' located by 'By.cssSelector: .btn-group.open li>a' in '10' second(s)

2021-11-23 16:48:21 - [MESSAGE][INFO] - Smart Wait Function is triggered

2021-11-23 16:48:21 - [MESSAGE][INFO] - Found 2 web elements with id: 'Object Repository/Butonlar/AltButonlar' located by 'By.cssSelector: .btn-group.open li>a' in '10' second(s)

2021-11-23 16:48:21 - [MESSAGE][PASSED] - Method.TextDegerineEsitElementVarMi is PASSED

2021-11-23 16:48:21 - [MESSAGE][PASSED] - Call Test Case 'Test Cases/Butonlar/AltButonVarMi' successfully

2021-11-23 16:48:21 - [MESSAGE][INFO] - Checking called Test Case

2021-11-23 16:48:21 - [MESSAGE][INFO] - Starting to call Test Case 'Test Cases/Kullanici_Islemleri/KullaniciIslemlerindenSecimYapilir'

2021-11-23 16:48:21 - [TEST_CASE][PASSED] - Test Cases/Kullanici_Islemleri/KullaniciIslemlerindenSecimYapilir: Test Cases/Kullanici_Islemleri/KullaniciIslemlerindenSecimYapilir

2021-11-23 16:48:21 - [TEST_STEP][PASSED] - waitForElementClickable(findTestObject("Object Repository/Kullanici_Islemleri/KullaniciIslemleri"), 10): Object 'Object Repository/Kullanici_Islemleri/KullaniciIslemleri' is clickable

2021-11-23 16:48:21 - [MESSAGE][INFO] - Finding Test Object 'Object Repository/Kullanici_Islemleri/KullaniciIslemleri'

2021-11-23 16:48:22 - [MESSAGE][INFO] - Checking object

2021-11-23 16:48:22 - [MESSAGE][INFO] - Checking timeout

2021-11-23 16:48:22 - [MESSAGE][INFO] - Finding web element from Test Object's properties

2021-11-23 16:48:22 - [MESSAGE][INFO] - Checking timeout

2021-11-23 16:48:22 - [MESSAGE][INFO] - Finding web element with id: 'Object Repository/Kullanici_Islemleri/KullaniciIslemleri' located by 'By.cssSelector: .dropdown>a>img' in '10' second(s)

2021-11-23 16:48:22 - [MESSAGE][INFO] - Smart Wait Function is triggered

2021-11-23 16:48:22 - [MESSAGE][INFO] - Found 1 web elements with id: 'Object Repository/Kullanici_Islemleri/KullaniciIslemleri' located by 'By.cssSelector: .dropdown>a>img' in '10' second(s)

2021-11-23 16:48:22 - [MESSAGE][PASSED] - Object 'Object Repository/Kullanici_Islemleri/KullaniciIslemleri' is clickable

2021-11-23 16:48:22 - [TEST_STEP][PASSED] - click(findTestObject("Object Repository/Kullanici_Islemleri/KullaniciIslemleri")): Object: 'Object Repository/Kullanici_Islemleri/KullaniciIslemleri' is clicked on

2021-11-23 16:48:22 - [MESSAGE][INFO] - Finding Test Object 'Object Repository/Kullanici_Islemleri/KullaniciIslemleri'

2021-11-23 16:48:22 - [MESSAGE][INFO] - Checking object

2021-11-23 16:48:22 - [MESSAGE][INFO] - Finding web element from Test Object's properties

2021-11-23 16:48:22 - [MESSAGE][INFO] - Checking timeout

2021-11-23 16:48:22 - [MESSAGE][INFO] - Finding web element with id: 'Object Repository/Kullanici_Islemleri/KullaniciIslemleri' located by 'By.cssSelector: .dropdown>a>img' in '30' second(s)

2021-11-23 16:48:22 - [MESSAGE][INFO] - Smart Wait Function is triggered

2021-11-23 16:48:22 - [MESSAGE][INFO] - Found 1 web elements with id: 'Object Repository/Kullanici_Islemleri/KullaniciIslemleri' located by 'By.cssSelector: .dropdown>a>img' in '30' second(s)

2021-11-23 16:48:22 - [MESSAGE][INFO] - Clicking on object: 'Object Repository/Kullanici_Islemleri/KullaniciIslemleri'

2021-11-23 16:48:22 - [MESSAGE][PASSED] - Object: 'Object Repository/Kullanici_Islemleri/KullaniciIslemleri' is clicked on

2021-11-23 16:48:22 - [TEST_STEP][PASSED] - Method.TextDegerineEsitElementeTikla(findTestObject("Object Repository/Kullanici_Islemleri/Secenekler"), Islem): Method.TextDegerineEsitElementeTikla is PASSED

2021-11-23 16:48:22 - [MESSAGE][INFO] - Finding Test Object 'Object Repository/Kullanici_Islemleri/Secenekler'

2021-11-23 16:48:22 - [MESSAGE][INFO] - Checking timeout

2021-11-23 16:48:22 - [MESSAGE][INFO] - Finding web element with id: 'Object Repository/Kullanici_Islemleri/Secenekler' located by 'By.cssSelector: .nav.navbar-nav.navbar-right li a' in '10' second(s)

2021-11-23 16:48:22 - [MESSAGE][INFO] - Smart Wait Function is triggered

2021-11-23 16:48:23 - [MESSAGE][INFO] - Found 22 web elements with id: 'Object Repository/Kullanici_Islemleri/Secenekler' located by 'By.cssSelector: .nav.navbar-nav.navbar-right li a' in '10' second(s)

2021-11-23 16:48:24 - [MESSAGE][PASSED] - Method.TextDegerineEsitElementeTikla is PASSED

2021-11-23 16:48:24 - [TEST_STEP][PASSED] - verifyElementNotPresent(findTestObject("Object Repository/Kullanici_Islemleri/Secenekler"), 10): Web element with id: 'Object Repository/Kullanici_Islemleri/Secenekler' located by 'By.cssSelector: .nav.navbar-nav.navbar-right li a' is not present after '10' second(s)

2021-11-23 16:48:24 - [MESSAGE][INFO] - Finding Test Object 'Object Repository/Kullanici_Islemleri/Secenekler'

2021-11-23 16:48:24 - [MESSAGE][INFO] - Checking object

2021-11-23 16:48:24 - [MESSAGE][INFO] - Checking timeout

2021-11-23 16:48:24 - [MESSAGE][INFO] - Finding web element with id: 'Object Repository/Kullanici_Islemleri/Secenekler' located by 'By.cssSelector: .nav.navbar-nav.navbar-right li a' in '10' second(s)

2021-11-23 16:48:24 - [MESSAGE][INFO] - Smart Wait Function is triggered

2021-11-23 16:48:25 - [MESSAGE][PASSED] - Web element with id: 'Object Repository/Kullanici_Islemleri/Secenekler' located by 'By.cssSelector: .nav.navbar-nav.navbar-right li a' is not present after '10' second(s)

2021-11-23 16:48:25 - [MESSAGE][PASSED] - Call Test Case 'Test Cases/Kullanici_Islemleri/KullaniciIslemlerindenSecimYapilir' successfully

2021-11-23 16:48:25 - [TEST_CASE][PASSED] - Start Test Case : SCENARIO e-Serbest Meslek Makbuz Raporlari Buton Kontrolu: SCENARIO e-Serbest Meslek Makbuz Raporlari Buton Kontrolu

2021-11-23 16:48:25 - [TEST_STEP][PASSED] - Kullanıcı adı ELOGO6 ve Şifre 123456 olarak giriş yapılır: Kullanıcı adı ELOGO6 ve Şifre 123456 olarak giriş yapılır

2021-11-23 16:48:25 - [MESSAGE][PASSED] - Kullanıcı adı ELOGO6 ve Şifre 123456 olarak giriş yapılır

2021-11-23 16:48:25 - [TEST_STEP][PASSED] - Ana menüden e-Makbuz seçilir: Ana menüden e-Makbuz seçilir

2021-11-23 16:48:25 - [MESSAGE][PASSED] - Ana menüden e-Makbuz seçilir

2021-11-23 16:48:25 - [TEST_STEP][PASSED] - Alt menü e-Serbest Meslek Uygulaması başlığı altındaki e-Serbest Meslek Makbuz Raporları seçilir: Alt menü e-Serbest Meslek Uygulaması başlığı altındaki e-Serbest Meslek Makbuz Raporları seçilir

2021-11-23 16:48:25 - [MESSAGE][PASSED] - Alt menü e-Serbest Meslek Uygulaması başlığı altındaki e-Serbest Meslek Makbuz Raporları seçilir

2021-11-23 16:48:25 - [TEST_STEP][PASSED] - Filtrelerden Dönem Tarihi filtresine 2021 Ocak dropdowndan degeri seçilir: Filtrelerden Dönem Tarihi filtresine 2021 Ocak dropdowndan degeri seçilir

2021-11-23 16:48:25 - [MESSAGE][PASSED] - Filtrelerden Dönem Tarihi filtresine 2021 Ocak dropdowndan degeri seçilir

2021-11-23 16:48:25 - [TEST_STEP][PASSED] - Filtrelerden Bölüm Tarihi filtresine 11.01.2021 baslangic degerini yaz: Filtrelerden Bölüm Tarihi filtresine 11.01.2021 baslangic degerini yaz

2021-11-23 16:48:25 - [MESSAGE][PASSED] - Filtrelerden Bölüm Tarihi filtresine 11.01.2021 baslangic degerini yaz

2021-11-23 16:48:25 - [TEST_STEP][PASSED] - Filtrelerden Bölüm Tarihi filtresine 11.01.2021 bitis degerini yaz: Filtrelerden Bölüm Tarihi filtresine 11.01.2021 bitis degerini yaz

2021-11-23 16:48:25 - [MESSAGE][PASSED] - Filtrelerden Bölüm Tarihi filtresine 11.01.2021 bitis degerini yaz

2021-11-23 16:48:25 - [TEST_STEP][PASSED] - Filtre butonlarından Listele seçilir: Filtre butonlarından Listele seçilir

2021-11-23 16:48:25 - [MESSAGE][PASSED] - Filtre butonlarından Listele seçilir

2021-11-23 16:48:25 - [TEST_STEP][PASSED] - Tablodan 1659 isimli verinin detayı tıklanır: Tablodan 1659 isimli verinin detayı tıklanır

2021-11-23 16:48:25 - [MESSAGE][PASSED] - Tablodan 1659 isimli verinin detayı tıklanır

2021-11-23 16:48:25 - [TEST_STEP][PASSED] - Tablodan 1659 isimli verinin detayı tıklanır: Tablodan 1659 isimli verinin detayı tıklanır

2021-11-23 16:48:25 - [MESSAGE][PASSED] - Tablodan 1659 isimli verinin detayı tıklanır

2021-11-23 16:48:25 - [TEST_STEP][PASSED] - Filtre alanlarında Dönem Tarihi var mı: Filtre alanlarında Dönem Tarihi var mı

2021-11-23 16:48:25 - [MESSAGE][PASSED] - Filtre alanlarında Dönem Tarihi var mı

2021-11-23 16:48:25 - [TEST_STEP][PASSED] - Filtre alanlarında Bölüm Tarihi var mı: Filtre alanlarında Bölüm Tarihi var mı

2021-11-23 16:48:25 - [MESSAGE][PASSED] - Filtre alanlarında Bölüm Tarihi var mı

2021-11-23 16:48:25 - [TEST_STEP][PASSED] - Filtre alanlarında ETTN var mı: Filtre alanlarında ETTN var mı

2021-11-23 16:48:25 - [MESSAGE][PASSED] - Filtre alanlarında ETTN var mı

2021-11-23 16:48:25 - [TEST_STEP][PASSED] - Filtre alanlarında Rapor No var mı: Filtre alanlarında Rapor No var mı

2021-11-23 16:48:25 - [MESSAGE][PASSED] - Filtre alanlarında Rapor No var mı

2021-11-23 16:48:25 - [TEST_STEP][PASSED] - Filtre alanlarında Durum var mı: Filtre alanlarında Durum var mı

2021-11-23 16:48:25 - [MESSAGE][PASSED] - Filtre alanlarında Durum var mı

2021-11-23 16:48:25 - [TEST_STEP][PASSED] - Filtre butonlarında Filtreleri Kaydet var mı: Filtre butonlarında Filtreleri Kaydet var mı

2021-11-23 16:48:25 - [MESSAGE][PASSED] - Filtre butonlarında Filtreleri Kaydet var mı

2021-11-23 16:48:25 - [TEST_STEP][PASSED] - Filtre butonlarında Listele var mı: Filtre butonlarında Listele var mı

2021-11-23 16:48:25 - [MESSAGE][PASSED] - Filtre butonlarında Listele var mı

2021-11-23 16:48:25 - [TEST_STEP][PASSED] - Filtre butonlarında Temizle var mı: Filtre butonlarında Temizle var mı

2021-11-23 16:48:25 - [MESSAGE][PASSED] - Filtre butonlarında Temizle var mı

2021-11-23 16:48:25 - [TEST_STEP][PASSED] - Butonlardan Excel var mı: Butonlardan Excel var mı

2021-11-23 16:48:25 - [MESSAGE][PASSED] - Butonlardan Excel var mı

2021-11-23 16:48:25 - [TEST_STEP][PASSED] - Butonlardan XML var mı: Butonlardan XML var mı

2021-11-23 16:48:25 - [MESSAGE][PASSED] - Butonlardan XML var mı

2021-11-23 16:48:25 - [TEST_STEP][PASSED] - Butonlardan Rapor var mı: Butonlardan Rapor var mı

2021-11-23 16:48:25 - [MESSAGE][PASSED] - Butonlardan Rapor var mı

2021-11-23 16:48:25 - [TEST_STEP][PASSED] - Butonlardan İzleme Kayıtları var mı: Butonlardan İzleme Kayıtları var mı

2021-11-23 16:48:25 - [MESSAGE][PASSED] - Butonlardan İzleme Kayıtları var mı

2021-11-23 16:48:25 - [TEST_STEP][PASSED] - Butonlardan Excel isimli butona tıklanır: Butonlardan Excel isimli butona tıklanır

2021-11-23 16:48:25 - [MESSAGE][PASSED] - Butonlardan Excel isimli butona tıklanır

2021-11-23 16:48:25 - [TEST_STEP][PASSED] - Alt butonlardan Excel 'e Aktar var mı: Alt butonlardan Excel 'e Aktar var mı

2021-11-23 16:48:25 - [MESSAGE][PASSED] - Alt butonlardan Excel 'e Aktar var mı

2021-11-23 16:48:25 - [TEST_STEP][PASSED] - Alt butonlardan Tümünü Excel 'e Aktar var mı: Alt butonlardan Tümünü Excel 'e Aktar var mı

2021-11-23 16:48:25 - [MESSAGE][PASSED] - Alt butonlardan Tümünü Excel 'e Aktar var mı

2021-11-23 16:48:25 - [TEST_STEP][PASSED] - Kullanıcı işlemlerinden Çıkış seçilir: Kullanıcı işlemlerinden Çıkış seçilir

2021-11-23 16:48:25 - [MESSAGE][PASSED] - Kullanıcı işlemlerinden Çıkış seçilir

2021-11-23 16:48:25 - [MESSAGE][PASSED] - Feature file: 'Include/features/e-Makbuz/e-Serbest Meslek Uygulaması/e-Serbest Meslek Makbuz Raporlari/Ekran Kontrolu.feature' was passed

2021-11-23 16:48:25 - [TEST_STEP][PASSED] - Start listener action : sampleAfterTestSuite: Invoke 'com.kms.katalon.core.annotation.AfterTestCase' method: 'Listener.sampleAfterTestSuite(...)' completed.

2021-11-23 16:48:25 - [MESSAGE][INFO] - Starting invoke 'com.kms.katalon.core.annotation.AfterTestCase' method: 'Listener.sampleAfterTestSuite(...)'

2021-11-23 16:48:25 - [TEST_STEP][PASSED] - closeBrowser(): Invoke 'com.kms.katalon.core.annotation.AfterTestCase' method: 'Listener.sampleAfterTestSuite(...)' completed.

2021-11-23 16:48:25 - [MESSAGE][INFO] - Closing browser

2021-11-23 16:48:25 - [MESSAGE][PASSED] - Browser is closed

2021-11-23 16:48:25 - [MESSAGE][INFO] - Invoke 'com.kms.katalon.core.annotation.AfterTestCase' method: 'Listener.sampleAfterTestSuite(...)' completed.]]></system-out>
         <system-err><![CDATA[]]></system-err>
      </testcase>
      <testcase name="Test Cases/Case Repository/e-Makbuz/e-Serbest Meslek Uygulamasi/e-Serbest Meslek Makbuz Raporlari/GIBe Gonder" time="42.716" classname="Test Cases/Case Repository/e-Makbuz/e-Serbest Meslek Uygulamasi/e-Serbest Meslek Makbuz Raporlari/GIBe Gonder" status="PASSED">
         <system-out><![CDATA[2021-11-23 16:48:25 - [TEST_CASE][PASSED] - Test Cases/Case Repository/e-Makbuz/e-Serbest Meslek Uygulamasi/e-Serbest Meslek Makbuz Raporlari/GIBe Gonder: Test Cases/Case Repository/e-Makbuz/e-Serbest Meslek Uygulamasi/e-Serbest Meslek Makbuz Raporlari/GIBe Gonder

2021-11-23 16:48:25 - [TEST_STEP][PASSED] - Start listener action : sampleBeforeTestSuite: Invoke 'com.kms.katalon.core.annotation.BeforeTestCase' method: 'Listener.sampleBeforeTestSuite(...)' completed.

2021-11-23 16:48:25 - [MESSAGE][INFO] - Starting invoke 'com.kms.katalon.core.annotation.BeforeTestCase' method: 'Listener.sampleBeforeTestSuite(...)'

2021-11-23 16:48:25 - [TEST_STEP][PASSED] - openBrowser(baseUrl): Browser is opened with url: 'https://efatura-stage.elogo.com.tr/'

2021-11-23 16:48:25 - [MESSAGE][INFO] - Opening browser

2021-11-23 16:48:25 - [MESSAGE][INFO] - Starting 'Chrome' driver

2021-11-23 16:48:25 - [MESSAGE][INFO] - User set preference: ['prefs', '{download.default_directory=C:\otomasyondownfiles}']

2021-11-23 16:48:25 - [MESSAGE][INFO] - Action delay is set to 0 milliseconds

2021-11-23 16:48:27 - [MESSAGE][INFO] - Navigating browser to: 'https://efatura-stage.elogo.com.tr/'

2021-11-23 16:48:31 - [MESSAGE][PASSED] - Browser is opened with url: 'https://efatura-stage.elogo.com.tr/'

2021-11-23 16:48:31 - [TEST_STEP][PASSED] - maximizeWindow(): Invoke 'com.kms.katalon.core.annotation.BeforeTestCase' method: 'Listener.sampleBeforeTestSuite(...)' completed.

2021-11-23 16:48:31 - [MESSAGE][INFO] - Maximizing current window

2021-11-23 16:48:31 - [MESSAGE][PASSED] - Current window maximized

2021-11-23 16:48:31 - [MESSAGE][INFO] - Invoke 'com.kms.katalon.core.annotation.BeforeTestCase' method: 'Listener.sampleBeforeTestSuite(...)' completed.

2021-11-23 16:48:31 - [TEST_STEP][PASSED] - runFeatureFile("Include/features/e-Makbuz/e-Serbest Meslek Uygulaması/e-Serbest Meslek Makbuz Raporlari/GIBe Gonder.feature"): Feature file: 'Include/features/e-Makbuz/e-Serbest Meslek Uygulaması/e-Serbest Meslek Makbuz Raporlari/GIBe Gonder.feature' was passed

2021-11-23 16:48:31 - [MESSAGE][INFO] - Starting run keyword runFeatureFile: 'Include/features/e-Makbuz/e-Serbest Meslek Uygulaması/e-Serbest Meslek Makbuz Raporlari/GIBe Gonder.feature' and extract report to folder: 'C:\Users\DELL\Documents\GitHub\EES_KatalonLogo\Reports\20211123_163326\Suite Repository\e-Makbuz\20211123_163348/cucumber_report/1637675311998'...

2021-11-23 16:48:31 - [MESSAGE][INFO] - Glue: []

2021-11-23 16:48:35 - [MESSAGE][INFO] - Checking called Test Case

2021-11-23 16:48:35 - [MESSAGE][INFO] - Starting to call Test Case 'Test Cases/Sayfalar/Giris_Sayfasi/Login'

2021-11-23 16:48:35 - [TEST_CASE][PASSED] - Test Cases/Sayfalar/Giris_Sayfasi/Login: Test Cases/Sayfalar/Giris_Sayfasi/Login

2021-11-23 16:48:35 - [TEST_STEP][PASSED] - Sayfa_Basligi = getWindowTitle(): Current window's title is: 'LOGO e-Fatura'

2021-11-23 16:48:35 - [MESSAGE][INFO] - Getting current window's title

2021-11-23 16:48:35 - [MESSAGE][PASSED] - Current window's title is: 'LOGO e-Fatura'

2021-11-23 16:48:35 - [TEST_STEP][PASSED] - verifyMatch(Sayfa_Basligi, "LOGO e-Fatura", false): Actual text 'LOGO e-Fatura' and expected text 'LOGO e-Fatura' are matched 

2021-11-23 16:48:35 - [MESSAGE][INFO] - Matching actual text 'LOGO e-Fatura' with expected text 'LOGO e-Fatura'

2021-11-23 16:48:35 - [MESSAGE][PASSED] - Actual text 'LOGO e-Fatura' and expected text 'LOGO e-Fatura' are matched 

2021-11-23 16:48:35 - [TEST_STEP][PASSED] - sendKeys(findTestObject("Sayfalar/Giris_Sayfasi/Firma_Kodu"), KullaniciAdi): Keys 'ELOGO6' sent to object: 'Object Repository/Sayfalar/Giris_Sayfasi/Firma_Kodu'

2021-11-23 16:48:35 - [MESSAGE][INFO] - Finding Test Object 'Object Repository/Sayfalar/Giris_Sayfasi/Firma_Kodu'

2021-11-23 16:48:35 - [MESSAGE][INFO] - Sending keys 'ELOGO6' to object: 'Object Repository/Sayfalar/Giris_Sayfasi/Firma_Kodu'

2021-11-23 16:48:35 - [MESSAGE][INFO] - Finding web element from Test Object's properties

2021-11-23 16:48:35 - [MESSAGE][INFO] - Checking timeout

2021-11-23 16:48:35 - [MESSAGE][INFO] - Finding web element with id: 'Object Repository/Sayfalar/Giris_Sayfasi/Firma_Kodu' located by 'By.xpath: //*[@id = 'AccountName']' in '30' second(s)

2021-11-23 16:48:35 - [MESSAGE][INFO] - Smart Wait Function is triggered

2021-11-23 16:48:35 - [MESSAGE][INFO] - Found 1 web elements with id: 'Object Repository/Sayfalar/Giris_Sayfasi/Firma_Kodu' located by 'By.xpath: //*[@id = 'AccountName']' in '30' second(s)

2021-11-23 16:48:36 - [MESSAGE][PASSED] - Keys 'ELOGO6' sent to object: 'Object Repository/Sayfalar/Giris_Sayfasi/Firma_Kodu'

2021-11-23 16:48:36 - [TEST_STEP][PASSED] - sendKeys(findTestObject("Sayfalar/Giris_Sayfasi/Sifre"), Sifre): Keys '123456' sent to object: 'Object Repository/Sayfalar/Giris_Sayfasi/Sifre'

2021-11-23 16:48:36 - [MESSAGE][INFO] - Finding Test Object 'Object Repository/Sayfalar/Giris_Sayfasi/Sifre'

2021-11-23 16:48:36 - [MESSAGE][INFO] - Sending keys '123456' to object: 'Object Repository/Sayfalar/Giris_Sayfasi/Sifre'

2021-11-23 16:48:36 - [MESSAGE][INFO] - Finding web element from Test Object's properties

2021-11-23 16:48:36 - [MESSAGE][INFO] - Checking timeout

2021-11-23 16:48:36 - [MESSAGE][INFO] - Finding web element with id: 'Object Repository/Sayfalar/Giris_Sayfasi/Sifre' located by 'By.xpath: //*[@id = 'Password']' in '30' second(s)

2021-11-23 16:48:36 - [MESSAGE][INFO] - Smart Wait Function is triggered

2021-11-23 16:48:36 - [MESSAGE][INFO] - Found 1 web elements with id: 'Object Repository/Sayfalar/Giris_Sayfasi/Sifre' located by 'By.xpath: //*[@id = 'Password']' in '30' second(s)

2021-11-23 16:48:36 - [MESSAGE][PASSED] - Keys '123456' sent to object: 'Object Repository/Sayfalar/Giris_Sayfasi/Sifre'

2021-11-23 16:48:36 - [TEST_STEP][PASSED] - findWebElement(findTestObject("Sayfalar/Giris_Sayfasi/Giris_Butonu")).click(): Found 1 web elements with id: 'Object Repository/Sayfalar/Giris_Sayfasi/Giris_Butonu' located by 'By.cssSelector: #btnLogin' in '30' second(s)

2021-11-23 16:48:36 - [MESSAGE][INFO] - Finding Test Object 'Object Repository/Sayfalar/Giris_Sayfasi/Giris_Butonu'

2021-11-23 16:48:36 - [MESSAGE][INFO] - Finding web element from Test Object's properties

2021-11-23 16:48:36 - [MESSAGE][INFO] - Checking timeout

2021-11-23 16:48:36 - [MESSAGE][INFO] - Finding web element with id: 'Object Repository/Sayfalar/Giris_Sayfasi/Giris_Butonu' located by 'By.cssSelector: #btnLogin' in '30' second(s)

2021-11-23 16:48:36 - [MESSAGE][INFO] - Smart Wait Function is triggered

2021-11-23 16:48:37 - [MESSAGE][INFO] - Found 1 web elements with id: 'Object Repository/Sayfalar/Giris_Sayfasi/Giris_Butonu' located by 'By.cssSelector: #btnLogin' in '30' second(s)

2021-11-23 16:48:40 - [TEST_STEP][PASSED] - if (verifyElementPresent(findTestObject("Object Repository/Sayfalar/Giris_Sayfasi/RetveTamam_Butonu"), 5, OPTIONAL)): null

2021-11-23 16:48:40 - [MESSAGE][INFO] - Finding Test Object 'Object Repository/Sayfalar/Giris_Sayfasi/RetveTamam_Butonu'

2021-11-23 16:48:40 - [MESSAGE][INFO] - Checking object

2021-11-23 16:48:40 - [MESSAGE][INFO] - Finding web element from Test Object's properties

2021-11-23 16:48:40 - [MESSAGE][INFO] - Checking timeout

2021-11-23 16:48:40 - [MESSAGE][INFO] - Finding web element with id: 'Object Repository/Sayfalar/Giris_Sayfasi/RetveTamam_Butonu' located by 'By.xpath: //*[@class = 'btn btn-default']' in '5' second(s)

2021-11-23 16:48:40 - [MESSAGE][INFO] - Smart Wait Function is triggered

2021-11-23 16:48:40 - [MESSAGE][INFO] - Found 1 web elements with id: 'Object Repository/Sayfalar/Giris_Sayfasi/RetveTamam_Butonu' located by 'By.xpath: //*[@class = 'btn btn-default']' in '5' second(s)

2021-11-23 16:48:40 - [MESSAGE][PASSED] - Object 'Object Repository/Sayfalar/Giris_Sayfasi/RetveTamam_Butonu' is present

2021-11-23 16:48:40 - [TEST_STEP][PASSED] - click(findTestObject("Object Repository/Sayfalar/Giris_Sayfasi/RetveTamam_Butonu")): Object: 'Object Repository/Sayfalar/Giris_Sayfasi/RetveTamam_Butonu' is clicked on

2021-11-23 16:48:40 - [MESSAGE][INFO] - Finding Test Object 'Object Repository/Sayfalar/Giris_Sayfasi/RetveTamam_Butonu'

2021-11-23 16:48:40 - [MESSAGE][INFO] - Checking object

2021-11-23 16:48:40 - [MESSAGE][INFO] - Finding web element from Test Object's properties

2021-11-23 16:48:40 - [MESSAGE][INFO] - Checking timeout

2021-11-23 16:48:40 - [MESSAGE][INFO] - Finding web element with id: 'Object Repository/Sayfalar/Giris_Sayfasi/RetveTamam_Butonu' located by 'By.xpath: //*[@class = 'btn btn-default']' in '30' second(s)

2021-11-23 16:48:40 - [MESSAGE][INFO] - Smart Wait Function is triggered

2021-11-23 16:48:41 - [MESSAGE][INFO] - Found 1 web elements with id: 'Object Repository/Sayfalar/Giris_Sayfasi/RetveTamam_Butonu' located by 'By.xpath: //*[@class = 'btn btn-default']' in '30' second(s)

2021-11-23 16:48:41 - [MESSAGE][INFO] - Clicking on object: 'Object Repository/Sayfalar/Giris_Sayfasi/RetveTamam_Butonu'

2021-11-23 16:48:41 - [MESSAGE][PASSED] - Object: 'Object Repository/Sayfalar/Giris_Sayfasi/RetveTamam_Butonu' is clicked on

2021-11-23 16:48:41 - [TEST_STEP][PASSED] - click(findTestObject("Object Repository/Sayfalar/Giris_Sayfasi/RetveTamam_Butonu")): Object: 'Object Repository/Sayfalar/Giris_Sayfasi/RetveTamam_Butonu' is clicked on

2021-11-23 16:48:41 - [MESSAGE][INFO] - Finding Test Object 'Object Repository/Sayfalar/Giris_Sayfasi/RetveTamam_Butonu'

2021-11-23 16:48:41 - [MESSAGE][INFO] - Checking object

2021-11-23 16:48:41 - [MESSAGE][INFO] - Finding web element from Test Object's properties

2021-11-23 16:48:41 - [MESSAGE][INFO] - Checking timeout

2021-11-23 16:48:41 - [MESSAGE][INFO] - Finding web element with id: 'Object Repository/Sayfalar/Giris_Sayfasi/RetveTamam_Butonu' located by 'By.xpath: //*[@class = 'btn btn-default']' in '30' second(s)

2021-11-23 16:48:41 - [MESSAGE][INFO] - Smart Wait Function is triggered

2021-11-23 16:48:44 - [MESSAGE][INFO] - Found 1 web elements with id: 'Object Repository/Sayfalar/Giris_Sayfasi/RetveTamam_Butonu' located by 'By.xpath: //*[@class = 'btn btn-default']' in '30' second(s)

2021-11-23 16:48:44 - [MESSAGE][INFO] - Clicking on object: 'Object Repository/Sayfalar/Giris_Sayfasi/RetveTamam_Butonu'

2021-11-23 16:48:44 - [MESSAGE][PASSED] - Object: 'Object Repository/Sayfalar/Giris_Sayfasi/RetveTamam_Butonu' is clicked on

2021-11-23 16:48:44 - [TEST_STEP][PASSED] - if (verifyElementPresent(findTestObject("Sayfalar/Giris_Sayfasi/PopupOK"), 5, OPTIONAL)): null

2021-11-23 16:48:44 - [MESSAGE][INFO] - Finding Test Object 'Object Repository/Sayfalar/Giris_Sayfasi/PopupOK'

2021-11-23 16:48:44 - [MESSAGE][INFO] - Checking object

2021-11-23 16:48:44 - [MESSAGE][INFO] - Finding web element from Test Object's properties

2021-11-23 16:48:44 - [MESSAGE][INFO] - Checking timeout

2021-11-23 16:48:44 - [MESSAGE][INFO] - Finding web element with id: 'Object Repository/Sayfalar/Giris_Sayfasi/PopupOK' located by 'By.cssSelector: .btn.btn-success' in '5' second(s)

2021-11-23 16:48:44 - [MESSAGE][INFO] - Smart Wait Function is triggered

2021-11-23 16:48:45 - [MESSAGE][INFO] - Found 1 web elements with id: 'Object Repository/Sayfalar/Giris_Sayfasi/PopupOK' located by 'By.cssSelector: .btn.btn-success' in '5' second(s)

2021-11-23 16:48:45 - [MESSAGE][PASSED] - Object 'Object Repository/Sayfalar/Giris_Sayfasi/PopupOK' is present

2021-11-23 16:48:45 - [TEST_STEP][PASSED] - click(findTestObject("Object Repository/Sayfalar/Giris_Sayfasi/PopupCarpiGiris")): Object: 'Object Repository/Sayfalar/Giris_Sayfasi/PopupCarpiGiris' is clicked on

2021-11-23 16:48:45 - [MESSAGE][INFO] - Finding Test Object 'Object Repository/Sayfalar/Giris_Sayfasi/PopupCarpiGiris'

2021-11-23 16:48:45 - [MESSAGE][INFO] - Checking object

2021-11-23 16:48:45 - [MESSAGE][INFO] - Finding web element from Test Object's properties

2021-11-23 16:48:45 - [MESSAGE][INFO] - Checking timeout

2021-11-23 16:48:45 - [MESSAGE][INFO] - Finding web element with id: 'Object Repository/Sayfalar/Giris_Sayfasi/PopupCarpiGiris' located by 'By.cssSelector: .bootbox-close-button.close' in '30' second(s)

2021-11-23 16:48:45 - [MESSAGE][INFO] - Smart Wait Function is triggered

2021-11-23 16:48:45 - [MESSAGE][INFO] - Found 1 web elements with id: 'Object Repository/Sayfalar/Giris_Sayfasi/PopupCarpiGiris' located by 'By.cssSelector: .bootbox-close-button.close' in '30' second(s)

2021-11-23 16:48:45 - [MESSAGE][INFO] - Clicking on object: 'Object Repository/Sayfalar/Giris_Sayfasi/PopupCarpiGiris'

2021-11-23 16:48:45 - [MESSAGE][PASSED] - Object: 'Object Repository/Sayfalar/Giris_Sayfasi/PopupCarpiGiris' is clicked on

2021-11-23 16:48:45 - [TEST_STEP][PASSED] - verifyElementVisible(findTestObject("Object Repository/Kullanici_Islemleri/KullaniciIslemleri")): Object 'Object Repository/Kullanici_Islemleri/KullaniciIslemleri' is visible

2021-11-23 16:48:45 - [MESSAGE][INFO] - Finding Test Object 'Object Repository/Kullanici_Islemleri/KullaniciIslemleri'

2021-11-23 16:48:45 - [MESSAGE][INFO] - Checking object

2021-11-23 16:48:45 - [MESSAGE][INFO] - Finding web element from Test Object's properties

2021-11-23 16:48:45 - [MESSAGE][INFO] - Checking timeout

2021-11-23 16:48:45 - [MESSAGE][INFO] - Finding web element with id: 'Object Repository/Kullanici_Islemleri/KullaniciIslemleri' located by 'By.cssSelector: .dropdown>a>img' in '30' second(s)

2021-11-23 16:48:45 - [MESSAGE][INFO] - Smart Wait Function is triggered

2021-11-23 16:48:46 - [MESSAGE][INFO] - Found 1 web elements with id: 'Object Repository/Kullanici_Islemleri/KullaniciIslemleri' located by 'By.cssSelector: .dropdown>a>img' in '30' second(s)

2021-11-23 16:48:46 - [MESSAGE][PASSED] - Object 'Object Repository/Kullanici_Islemleri/KullaniciIslemleri' is visible

2021-11-23 16:48:46 - [MESSAGE][PASSED] - Call Test Case 'Test Cases/Sayfalar/Giris_Sayfasi/Login' successfully

2021-11-23 16:48:46 - [MESSAGE][INFO] - Checking called Test Case

2021-11-23 16:48:46 - [MESSAGE][INFO] - Starting to call Test Case 'Test Cases/Menu/AnaMenuSecimi'

2021-11-23 16:48:46 - [TEST_CASE][PASSED] - Test Cases/Menu/AnaMenuSecimi: Test Cases/Menu/AnaMenuSecimi

2021-11-23 16:48:46 - [TEST_STEP][PASSED] - Method.TextDegerineEsitElementeTikla(findTestObject("Menu/Ana_Menu"), Ana_Menu): Method.TextDegerineEsitElementeTikla is PASSED

2021-11-23 16:48:46 - [MESSAGE][INFO] - Finding Test Object 'Object Repository/Menu/Ana_Menu'

2021-11-23 16:48:46 - [MESSAGE][INFO] - Checking timeout

2021-11-23 16:48:46 - [MESSAGE][INFO] - Finding web element with id: 'Object Repository/Menu/Ana_Menu' located by 'By.xpath: //*[@class = 'dropdown-toggle']' in '10' second(s)

2021-11-23 16:48:46 - [MESSAGE][INFO] - Smart Wait Function is triggered

2021-11-23 16:48:46 - [MESSAGE][INFO] - Found 14 web elements with id: 'Object Repository/Menu/Ana_Menu' located by 'By.xpath: //*[@class = 'dropdown-toggle']' in '10' second(s)

2021-11-23 16:48:47 - [MESSAGE][PASSED] - Method.TextDegerineEsitElementeTikla is PASSED

2021-11-23 16:48:47 - [MESSAGE][PASSED] - Call Test Case 'Test Cases/Menu/AnaMenuSecimi' successfully

2021-11-23 16:48:47 - [MESSAGE][INFO] - Checking called Test Case

2021-11-23 16:48:47 - [MESSAGE][INFO] - Starting to call Test Case 'Test Cases/Menu/BasligaGoreAltMenuSecimi'

2021-11-23 16:48:47 - [TEST_CASE][PASSED] - Test Cases/Menu/BasligaGoreAltMenuSecimi: Test Cases/Menu/BasligaGoreAltMenuSecimi

2021-11-23 16:48:47 - [TEST_STEP][PASSED] - Method.TextDegerineEsitElementinAltindakiTextDegerineEsitOlanaTikla(findTestObject("Menu/Menu_Basligi"), findTestObject("Menu/Basliga_Gore_Alt_Menu"), Baslik, Alt_Menu): Method.TextDegerineEsitElementinAltindakiTextDegerineEsitOlanaTikla is PASSED

2021-11-23 16:48:47 - [MESSAGE][INFO] - Finding Test Object 'Object Repository/Menu/Menu_Basligi'

2021-11-23 16:48:47 - [MESSAGE][INFO] - Finding Test Object 'Object Repository/Menu/Basliga_Gore_Alt_Menu'

2021-11-23 16:48:47 - [MESSAGE][INFO] - Checking timeout

2021-11-23 16:48:47 - [MESSAGE][INFO] - Finding web element with id: 'Object Repository/Menu/Menu_Basligi' located by 'By.xpath: //li[@class='dropdown dropdown-large open']//li[@class='dropdown-header']' in '10' second(s)

2021-11-23 16:48:47 - [MESSAGE][INFO] - Smart Wait Function is triggered

2021-11-23 16:48:47 - [MESSAGE][INFO] - Found 2 web elements with id: 'Object Repository/Menu/Menu_Basligi' located by 'By.xpath: //li[@class='dropdown dropdown-large open']//li[@class='dropdown-header']' in '10' second(s)

2021-11-23 16:48:47 - [MESSAGE][INFO] - Smart Wait Function is triggered

2021-11-23 16:48:49 - [MESSAGE][PASSED] - Method.TextDegerineEsitElementinAltindakiTextDegerineEsitOlanaTikla is PASSED

2021-11-23 16:48:49 - [MESSAGE][PASSED] - Call Test Case 'Test Cases/Menu/BasligaGoreAltMenuSecimi' successfully

2021-11-23 16:48:49 - [MESSAGE][INFO] - Checking called Test Case

2021-11-23 16:48:49 - [MESSAGE][INFO] - Starting to call Test Case 'Test Cases/Filtreler/DropdownSec'

2021-11-23 16:48:49 - [TEST_CASE][PASSED] - Test Cases/Filtreler/DropdownSec: Test Cases/Filtreler/DropdownSec

2021-11-23 16:48:49 - [TEST_STEP][PASSED] - Method.TextDegerineEsitElementinAltindakineTikla(findTestObject("Filtreler/Basliklar"), findTestObject("Filtreler/Basliga_Gore_Baslangic_Image"), Filtre_Adi): Method.TextDegerineEsitElementinAltindakineTikla is PASSED

2021-11-23 16:48:49 - [MESSAGE][INFO] - Finding Test Object 'Object Repository/Filtreler/Basliklar'

2021-11-23 16:48:49 - [MESSAGE][INFO] - Finding Test Object 'Object Repository/Filtreler/Basliga_Gore_Baslangic_Image'

2021-11-23 16:48:50 - [MESSAGE][INFO] - Checking timeout

2021-11-23 16:48:50 - [MESSAGE][INFO] - Finding web element with id: 'Object Repository/Filtreler/Basliklar' located by 'By.cssSelector: .control-label.col-sm-4.paddingMarginRLC' in '10' second(s)

2021-11-23 16:48:50 - [MESSAGE][INFO] - Smart Wait Function is triggered

2021-11-23 16:48:50 - [MESSAGE][INFO] - Found 5 web elements with id: 'Object Repository/Filtreler/Basliklar' located by 'By.cssSelector: .control-label.col-sm-4.paddingMarginRLC' in '10' second(s)

2021-11-23 16:48:50 - [MESSAGE][INFO] - Smart Wait Function is triggered

2021-11-23 16:48:50 - [MESSAGE][PASSED] - Method.TextDegerineEsitElementinAltindakineTikla is PASSED

2021-11-23 16:48:50 - [TEST_STEP][PASSED] - Method.TextDegerineEsitElementeTikla(findTestObject("Object Repository/Filtreler/Basliga_Gore_Dropdown"), Filtre_Degeri): Method.TextDegerineEsitElementeTikla is PASSED

2021-11-23 16:48:50 - [MESSAGE][INFO] - Finding Test Object 'Object Repository/Filtreler/Basliga_Gore_Dropdown'

2021-11-23 16:48:50 - [MESSAGE][INFO] - Checking timeout

2021-11-23 16:48:50 - [MESSAGE][INFO] - Finding web element with id: 'Object Repository/Filtreler/Basliga_Gore_Dropdown' located by 'By.xpath: //*[@class = 'dxeListBoxItemRow_LECustomTheme']' in '10' second(s)

2021-11-23 16:48:50 - [MESSAGE][INFO] - Smart Wait Function is triggered

2021-11-23 16:48:51 - [MESSAGE][INFO] - Found 59 web elements with id: 'Object Repository/Filtreler/Basliga_Gore_Dropdown' located by 'By.xpath: //*[@class = 'dxeListBoxItemRow_LECustomTheme']' in '10' second(s)

2021-11-23 16:48:51 - [MESSAGE][PASSED] - Method.TextDegerineEsitElementeTikla is PASSED

2021-11-23 16:48:51 - [MESSAGE][PASSED] - Call Test Case 'Test Cases/Filtreler/DropdownSec' successfully

2021-11-23 16:48:51 - [MESSAGE][INFO] - Checking called Test Case

2021-11-23 16:48:51 - [MESSAGE][INFO] - Starting to call Test Case 'Test Cases/Filtreler/BaslangicYaz'

2021-11-23 16:48:51 - [TEST_CASE][PASSED] - Test Cases/Filtreler/BaslangicYaz: Test Cases/Filtreler/BaslangicYaz

2021-11-23 16:48:51 - [TEST_STEP][PASSED] - delay(3): Delayed 3 second(s)

2021-11-23 16:48:51 - [MESSAGE][INFO] - Delaying browser in 3 second(s)

2021-11-23 16:48:54 - [MESSAGE][PASSED] - Delayed 3 second(s)

2021-11-23 16:48:54 - [TEST_STEP][PASSED] - Method.TextDegerineEsitElementinAltindakineTikla(findTestObject("Filtreler/Basliklar"), findTestObject("Filtreler/Basliga_Gore_Baslangic_Image"), Filtre_Adi): Method.TextDegerineEsitElementinAltindakineTikla is PASSED

2021-11-23 16:48:54 - [MESSAGE][INFO] - Finding Test Object 'Object Repository/Filtreler/Basliklar'

2021-11-23 16:48:54 - [MESSAGE][INFO] - Finding Test Object 'Object Repository/Filtreler/Basliga_Gore_Baslangic_Image'

2021-11-23 16:48:54 - [MESSAGE][INFO] - Checking timeout

2021-11-23 16:48:54 - [MESSAGE][INFO] - Finding web element with id: 'Object Repository/Filtreler/Basliklar' located by 'By.cssSelector: .control-label.col-sm-4.paddingMarginRLC' in '10' second(s)

2021-11-23 16:48:54 - [MESSAGE][INFO] - Smart Wait Function is triggered

2021-11-23 16:48:54 - [MESSAGE][INFO] - Found 5 web elements with id: 'Object Repository/Filtreler/Basliklar' located by 'By.cssSelector: .control-label.col-sm-4.paddingMarginRLC' in '10' second(s)

2021-11-23 16:48:54 - [MESSAGE][INFO] - Smart Wait Function is triggered

2021-11-23 16:48:55 - [MESSAGE][PASSED] - Method.TextDegerineEsitElementinAltindakineTikla is PASSED

2021-11-23 16:48:55 - [TEST_STEP][PASSED] - Method.TextDegerineEsitElementinAltindakiTextboxtaYaz(findTestObject("Filtreler/Basliklar"), findTestObject("Filtreler/Basliga_Gore_Baslangic"), Filtre_Adi, Filtre_Degeri): Method.TextDegerineEsitElementinAltindakiTextboxtaYaz is PASSED

2021-11-23 16:48:55 - [MESSAGE][INFO] - Finding Test Object 'Object Repository/Filtreler/Basliklar'

2021-11-23 16:48:55 - [MESSAGE][INFO] - Finding Test Object 'Object Repository/Filtreler/Basliga_Gore_Baslangic'

2021-11-23 16:48:55 - [MESSAGE][INFO] - Checking timeout

2021-11-23 16:48:55 - [MESSAGE][INFO] - Finding web element with id: 'Object Repository/Filtreler/Basliklar' located by 'By.cssSelector: .control-label.col-sm-4.paddingMarginRLC' in '10' second(s)

2021-11-23 16:48:55 - [MESSAGE][INFO] - Smart Wait Function is triggered

2021-11-23 16:48:55 - [MESSAGE][INFO] - Found 5 web elements with id: 'Object Repository/Filtreler/Basliklar' located by 'By.cssSelector: .control-label.col-sm-4.paddingMarginRLC' in '10' second(s)

2021-11-23 16:48:55 - [MESSAGE][INFO] - Smart Wait Function is triggered

2021-11-23 16:48:56 - [MESSAGE][PASSED] - Method.TextDegerineEsitElementinAltindakiTextboxtaYaz is PASSED

2021-11-23 16:48:56 - [MESSAGE][PASSED] - Call Test Case 'Test Cases/Filtreler/BaslangicYaz' successfully

2021-11-23 16:48:56 - [MESSAGE][INFO] - Checking called Test Case

2021-11-23 16:48:56 - [MESSAGE][INFO] - Starting to call Test Case 'Test Cases/Filtreler/BitisYaz'

2021-11-23 16:48:56 - [TEST_CASE][PASSED] - Test Cases/Filtreler/BitisYaz: Test Cases/Filtreler/BitisYaz

2021-11-23 16:48:56 - [TEST_STEP][PASSED] - Method.TextDegerineEsitElementinAltindakineTikla(findTestObject("Filtreler/Basliklar"), findTestObject("Filtreler/Basliga_Gore_Bitis_Image"), Filtre_Adi): Method.TextDegerineEsitElementinAltindakineTikla is PASSED

2021-11-23 16:48:56 - [MESSAGE][INFO] - Finding Test Object 'Object Repository/Filtreler/Basliklar'

2021-11-23 16:48:56 - [MESSAGE][INFO] - Finding Test Object 'Object Repository/Filtreler/Basliga_Gore_Bitis_Image'

2021-11-23 16:48:56 - [MESSAGE][INFO] - Checking timeout

2021-11-23 16:48:56 - [MESSAGE][INFO] - Finding web element with id: 'Object Repository/Filtreler/Basliklar' located by 'By.cssSelector: .control-label.col-sm-4.paddingMarginRLC' in '10' second(s)

2021-11-23 16:48:56 - [MESSAGE][INFO] - Smart Wait Function is triggered

2021-11-23 16:48:56 - [MESSAGE][INFO] - Found 5 web elements with id: 'Object Repository/Filtreler/Basliklar' located by 'By.cssSelector: .control-label.col-sm-4.paddingMarginRLC' in '10' second(s)

2021-11-23 16:48:56 - [MESSAGE][INFO] - Smart Wait Function is triggered

2021-11-23 16:48:57 - [MESSAGE][PASSED] - Method.TextDegerineEsitElementinAltindakineTikla is PASSED

2021-11-23 16:48:57 - [TEST_STEP][PASSED] - Method.TextDegerineEsitElementinAltindakiTextboxtaYaz(findTestObject("Filtreler/Basliklar"), findTestObject("Object Repository/Filtreler/Basliga_Gore_Bitis"), Filtre_Adi, Filtre_Degeri): Method.TextDegerineEsitElementinAltindakiTextboxtaYaz is PASSED

2021-11-23 16:48:57 - [MESSAGE][INFO] - Finding Test Object 'Object Repository/Filtreler/Basliklar'

2021-11-23 16:48:57 - [MESSAGE][INFO] - Finding Test Object 'Object Repository/Filtreler/Basliga_Gore_Bitis'

2021-11-23 16:48:57 - [MESSAGE][INFO] - Checking timeout

2021-11-23 16:48:57 - [MESSAGE][INFO] - Finding web element with id: 'Object Repository/Filtreler/Basliklar' located by 'By.cssSelector: .control-label.col-sm-4.paddingMarginRLC' in '10' second(s)

2021-11-23 16:48:57 - [MESSAGE][INFO] - Smart Wait Function is triggered

2021-11-23 16:48:57 - [MESSAGE][INFO] - Found 5 web elements with id: 'Object Repository/Filtreler/Basliklar' located by 'By.cssSelector: .control-label.col-sm-4.paddingMarginRLC' in '10' second(s)

2021-11-23 16:48:57 - [MESSAGE][INFO] - Smart Wait Function is triggered

2021-11-23 16:48:57 - [MESSAGE][PASSED] - Method.TextDegerineEsitElementinAltindakiTextboxtaYaz is PASSED

2021-11-23 16:48:57 - [MESSAGE][PASSED] - Call Test Case 'Test Cases/Filtreler/BitisYaz' successfully

2021-11-23 16:48:57 - [MESSAGE][INFO] - Checking called Test Case

2021-11-23 16:48:57 - [MESSAGE][INFO] - Starting to call Test Case 'Test Cases/Filtreler/ButonaTikla'

2021-11-23 16:48:58 - [TEST_CASE][PASSED] - Test Cases/Filtreler/ButonaTikla: Test Cases/Filtreler/ButonaTikla

2021-11-23 16:48:58 - [TEST_STEP][PASSED] - Method.TextDegerineEsitElementeTikla(findTestObject("Filtreler/Butonlar"), Filtre_Buton): Method.TextDegerineEsitElementeTikla is PASSED

2021-11-23 16:48:58 - [MESSAGE][INFO] - Finding Test Object 'Object Repository/Filtreler/Butonlar'

2021-11-23 16:48:58 - [MESSAGE][INFO] - Checking timeout

2021-11-23 16:48:58 - [MESSAGE][INFO] - Finding web element with id: 'Object Repository/Filtreler/Butonlar' located by 'By.cssSelector: .dxb>span' in '10' second(s)

2021-11-23 16:48:58 - [MESSAGE][INFO] - Smart Wait Function is triggered

2021-11-23 16:48:58 - [MESSAGE][INFO] - Found 3 web elements with id: 'Object Repository/Filtreler/Butonlar' located by 'By.cssSelector: .dxb>span' in '10' second(s)

2021-11-23 16:48:58 - [MESSAGE][PASSED] - Method.TextDegerineEsitElementeTikla is PASSED

2021-11-23 16:48:58 - [MESSAGE][PASSED] - Call Test Case 'Test Cases/Filtreler/ButonaTikla' successfully

2021-11-23 16:48:58 - [MESSAGE][INFO] - Checking called Test Case

2021-11-23 16:48:58 - [MESSAGE][INFO] - Starting to call Test Case 'Test Cases/Filtreler/ButonaTikla'

2021-11-23 16:48:58 - [TEST_CASE][PASSED] - Test Cases/Filtreler/ButonaTikla: Test Cases/Filtreler/ButonaTikla

2021-11-23 16:48:58 - [TEST_STEP][PASSED] - Method.TextDegerineEsitElementeTikla(findTestObject("Filtreler/Butonlar"), Filtre_Buton): Method.TextDegerineEsitElementeTikla is PASSED

2021-11-23 16:48:58 - [MESSAGE][INFO] - Finding Test Object 'Object Repository/Filtreler/Butonlar'

2021-11-23 16:48:58 - [MESSAGE][INFO] - Checking timeout

2021-11-23 16:48:58 - [MESSAGE][INFO] - Finding web element with id: 'Object Repository/Filtreler/Butonlar' located by 'By.cssSelector: .dxb>span' in '10' second(s)

2021-11-23 16:48:58 - [MESSAGE][INFO] - Smart Wait Function is triggered

2021-11-23 16:48:59 - [MESSAGE][INFO] - Found 3 web elements with id: 'Object Repository/Filtreler/Butonlar' located by 'By.cssSelector: .dxb>span' in '10' second(s)

2021-11-23 16:48:59 - [MESSAGE][PASSED] - Method.TextDegerineEsitElementeTikla is PASSED

2021-11-23 16:48:59 - [MESSAGE][PASSED] - Call Test Case 'Test Cases/Filtreler/ButonaTikla' successfully

2021-11-23 16:48:59 - [MESSAGE][INFO] - Checking called Test Case

2021-11-23 16:48:59 - [MESSAGE][INFO] - Starting to call Test Case 'Test Cases/Tablo/TablodaVeriVarMi'

2021-11-23 16:48:59 - [TEST_CASE][PASSED] - Test Cases/Tablo/TablodaVeriVarMi: Test Cases/Tablo/TablodaVeriVarMi

2021-11-23 16:48:59 - [TEST_STEP][PASSED] - verifyTextNotPresent("Görüntülenecek veri yok", true): Text 'Görüntülenecek veri yok' is not present on page using regular expression

2021-11-23 16:48:59 - [MESSAGE][INFO] - Checking text present  using regular expression

2021-11-23 16:48:59 - [MESSAGE][INFO] - Smart Wait Function is triggered

2021-11-23 16:49:00 - [MESSAGE][INFO] - Finding text 'Görüntülenecek veri yok' on page  using regular expression

2021-11-23 16:49:00 - [MESSAGE][PASSED] - Text 'Görüntülenecek veri yok' is not present on page using regular expression

2021-11-23 16:49:00 - [MESSAGE][PASSED] - Call Test Case 'Test Cases/Tablo/TablodaVeriVarMi' successfully

2021-11-23 16:49:00 - [MESSAGE][INFO] - Checking called Test Case

2021-11-23 16:49:00 - [MESSAGE][INFO] - Starting to call Test Case 'Test Cases/Tablo/TablodanVeriSec'

2021-11-23 16:49:00 - [TEST_CASE][PASSED] - Test Cases/Tablo/TablodanVeriSec: Test Cases/Tablo/TablodanVeriSec

2021-11-23 16:49:00 - [TEST_STEP][PASSED] - Method.TextDegerineEsitElementinAltindakineTikla(findTestObject("Tablo/Veriler"), findTestObject("Tablo/VerininCheckBoxi"), Veri_Adi): Method.TextDegerineEsitElementinAltindakineTikla is PASSED

2021-11-23 16:49:00 - [MESSAGE][INFO] - Finding Test Object 'Object Repository/Tablo/Veriler'

2021-11-23 16:49:00 - [MESSAGE][INFO] - Finding Test Object 'Object Repository/Tablo/VerininCheckBoxi'

2021-11-23 16:49:00 - [MESSAGE][INFO] - Checking timeout

2021-11-23 16:49:00 - [MESSAGE][INFO] - Finding web element with id: 'Object Repository/Tablo/Veriler' located by 'By.cssSelector: td.dxgv b ,td.dxgv' in '10' second(s)

2021-11-23 16:49:00 - [MESSAGE][INFO] - Smart Wait Function is triggered

2021-11-23 16:49:00 - [MESSAGE][INFO] - Found 120 web elements with id: 'Object Repository/Tablo/Veriler' located by 'By.cssSelector: td.dxgv b ,td.dxgv' in '10' second(s)

2021-11-23 16:49:00 - [MESSAGE][INFO] - Smart Wait Function is triggered

2021-11-23 16:49:01 - [MESSAGE][PASSED] - Method.TextDegerineEsitElementinAltindakineTikla is PASSED

2021-11-23 16:49:01 - [MESSAGE][PASSED] - Call Test Case 'Test Cases/Tablo/TablodanVeriSec' successfully

2021-11-23 16:49:01 - [MESSAGE][INFO] - Checking called Test Case

2021-11-23 16:49:01 - [MESSAGE][INFO] - Starting to call Test Case 'Test Cases/Butonlar/ButonaTikla'

2021-11-23 16:49:01 - [TEST_CASE][PASSED] - Test Cases/Butonlar/ButonaTikla: Test Cases/Butonlar/ButonaTikla

2021-11-23 16:49:01 - [TEST_STEP][PASSED] - Method.TextDegerineEsitElementeTiklaEquals(findTestObject("Butonlar/Butonlar"), Buton_Adi): Method.TextDegerineEsitElementeTiklaEquals is PASSED

2021-11-23 16:49:01 - [MESSAGE][INFO] - Finding Test Object 'Object Repository/Butonlar/Butonlar'

2021-11-23 16:49:01 - [MESSAGE][INFO] - Checking timeout

2021-11-23 16:49:01 - [MESSAGE][INFO] - Finding web element with id: 'Object Repository/Butonlar/Butonlar' located by 'By.cssSelector: .panel.panel-default.text-center.footerPanel .btn,.btn.btn-primary.btnControls' in '10' second(s)

2021-11-23 16:49:01 - [MESSAGE][INFO] - Smart Wait Function is triggered

2021-11-23 16:49:01 - [MESSAGE][INFO] - Found 6 web elements with id: 'Object Repository/Butonlar/Butonlar' located by 'By.cssSelector: .panel.panel-default.text-center.footerPanel .btn,.btn.btn-primary.btnControls' in '10' second(s)

2021-11-23 16:49:01 - [MESSAGE][PASSED] - Method.TextDegerineEsitElementeTiklaEquals is PASSED

2021-11-23 16:49:01 - [MESSAGE][PASSED] - Call Test Case 'Test Cases/Butonlar/ButonaTikla' successfully

2021-11-23 16:49:01 - [MESSAGE][INFO] - Checking called Test Case

2021-11-23 16:49:01 - [MESSAGE][INFO] - Starting to call Test Case 'Test Cases/Popup/PopupMesajiIceriyorMu'

2021-11-23 16:49:01 - [TEST_CASE][PASSED] - Test Cases/Popup/PopupMesajiIceriyorMu: Test Cases/Popup/PopupMesajiIceriyorMu

2021-11-23 16:49:01 - [TEST_STEP][PASSED] - waitForElementVisible(findTestObject("Popup/Popup"), 10): Object 'Object Repository/Popup/Popup' is visible

2021-11-23 16:49:01 - [MESSAGE][INFO] - Finding Test Object 'Object Repository/Popup/Popup'

2021-11-23 16:49:01 - [MESSAGE][INFO] - Checking object

2021-11-23 16:49:01 - [MESSAGE][INFO] - Checking timeout

2021-11-23 16:49:01 - [MESSAGE][INFO] - Finding web element from Test Object's properties

2021-11-23 16:49:01 - [MESSAGE][INFO] - Checking timeout

2021-11-23 16:49:01 - [MESSAGE][INFO] - Finding web element with id: 'Object Repository/Popup/Popup' located by 'By.cssSelector: .bootbox-body' in '10' second(s)

2021-11-23 16:49:01 - [MESSAGE][INFO] - Smart Wait Function is triggered

2021-11-23 16:49:02 - [MESSAGE][INFO] - Found 1 web elements with id: 'Object Repository/Popup/Popup' located by 'By.cssSelector: .bootbox-body' in '10' second(s)

2021-11-23 16:49:02 - [MESSAGE][PASSED] - Object 'Object Repository/Popup/Popup' is visible

2021-11-23 16:49:02 - [TEST_STEP][PASSED] - if (!(getText(findTestObject("Popup/Popup")).contains(Mesaj))): Text of object 'Object Repository/Popup/Popup' is: 'Seçtiğiniz kayıtlardan 1 adedinde e-SMM makbuz sayısı ve e-SMM iptal makbuz sayısı 0 olduğu için GİB'e gönderilemez.

Aşağıda listelenen e-SMM makbuzlarınız rapora dahil edilmemiş veya raporun yanıt kodu Paket Başarıyla İşlendi durumunda değildir. Öncelikle bu faturaların rapora dahil edilmesini ve GİB'den başarılı yanıt kodunu almasını sağlayınız.
Makbuz No: SMM2021000000001 Makbuz Tarihi: 09.01.2021'

2021-11-23 16:49:02 - [MESSAGE][INFO] - Finding Test Object 'Object Repository/Popup/Popup'

2021-11-23 16:49:03 - [MESSAGE][INFO] - Checking object

2021-11-23 16:49:03 - [MESSAGE][INFO] - Finding web element from Test Object's properties

2021-11-23 16:49:03 - [MESSAGE][INFO] - Checking timeout

2021-11-23 16:49:03 - [MESSAGE][INFO] - Finding web element with id: 'Object Repository/Popup/Popup' located by 'By.cssSelector: .bootbox-body' in '30' second(s)

2021-11-23 16:49:03 - [MESSAGE][INFO] - Smart Wait Function is triggered

2021-11-23 16:49:03 - [MESSAGE][INFO] - Found 1 web elements with id: 'Object Repository/Popup/Popup' located by 'By.cssSelector: .bootbox-body' in '30' second(s)

2021-11-23 16:49:03 - [MESSAGE][INFO] - Getting text of object 'Object Repository/Popup/Popup'

2021-11-23 16:49:03 - [MESSAGE][PASSED] - Text of object 'Object Repository/Popup/Popup' is: 'Seçtiğiniz kayıtlardan 1 adedinde e-SMM makbuz sayısı ve e-SMM iptal makbuz sayısı 0 olduğu için GİB'e gönderilemez.

Aşağıda listelenen e-SMM makbuzlarınız rapora dahil edilmemiş veya raporun yanıt kodu Paket Başarıyla İşlendi durumunda değildir. Öncelikle bu faturaların rapora dahil edilmesini ve GİB'den başarılı yanıt kodunu almasını sağlayınız.
Makbuz No: SMM2021000000001 Makbuz Tarihi: 09.01.2021'

2021-11-23 16:49:03 - [TEST_STEP][PASSED] - RaporNo = getText(findTestObject("Popup/Popup")).substring(0, 6): Text of object 'Object Repository/Popup/Popup' is: 'Seçtiğiniz kayıtlardan 1 adedinde e-SMM makbuz sayısı ve e-SMM iptal makbuz sayısı 0 olduğu için GİB'e gönderilemez.

Aşağıda listelenen e-SMM makbuzlarınız rapora dahil edilmemiş veya raporun yanıt kodu Paket Başarıyla İşlendi durumunda değildir. Öncelikle bu faturaların rapora dahil edilmesini ve GİB'den başarılı yanıt kodunu almasını sağlayınız.
Makbuz No: SMM2021000000001 Makbuz Tarihi: 09.01.2021'

2021-11-23 16:49:03 - [MESSAGE][INFO] - Finding Test Object 'Object Repository/Popup/Popup'

2021-11-23 16:49:03 - [MESSAGE][INFO] - Checking object

2021-11-23 16:49:03 - [MESSAGE][INFO] - Finding web element from Test Object's properties

2021-11-23 16:49:03 - [MESSAGE][INFO] - Checking timeout

2021-11-23 16:49:03 - [MESSAGE][INFO] - Finding web element with id: 'Object Repository/Popup/Popup' located by 'By.cssSelector: .bootbox-body' in '30' second(s)

2021-11-23 16:49:03 - [MESSAGE][INFO] - Smart Wait Function is triggered

2021-11-23 16:49:03 - [MESSAGE][INFO] - Found 1 web elements with id: 'Object Repository/Popup/Popup' located by 'By.cssSelector: .bootbox-body' in '30' second(s)

2021-11-23 16:49:03 - [MESSAGE][INFO] - Getting text of object 'Object Repository/Popup/Popup'

2021-11-23 16:49:03 - [MESSAGE][PASSED] - Text of object 'Object Repository/Popup/Popup' is: 'Seçtiğiniz kayıtlardan 1 adedinde e-SMM makbuz sayısı ve e-SMM iptal makbuz sayısı 0 olduğu için GİB'e gönderilemez.

Aşağıda listelenen e-SMM makbuzlarınız rapora dahil edilmemiş veya raporun yanıt kodu Paket Başarıyla İşlendi durumunda değildir. Öncelikle bu faturaların rapora dahil edilmesini ve GİB'den başarılı yanıt kodunu almasını sağlayınız.
Makbuz No: SMM2021000000001 Makbuz Tarihi: 09.01.2021'

2021-11-23 16:49:03 - [TEST_STEP][PASSED] - Console.println(RaporNo): null

2021-11-23 16:49:03 - [MESSAGE][PASSED] - Call Test Case 'Test Cases/Popup/PopupMesajiIceriyorMu' successfully

2021-11-23 16:49:03 - [MESSAGE][INFO] - Checking called Test Case

2021-11-23 16:49:03 - [MESSAGE][INFO] - Starting to call Test Case 'Test Cases/Popup/PopupButonSecilir'

2021-11-23 16:49:03 - [TEST_CASE][PASSED] - Test Cases/Popup/PopupButonSecilir: Test Cases/Popup/PopupButonSecilir

2021-11-23 16:49:03 - [TEST_STEP][PASSED] - Method.TextDegerineEsitElementeTikla(findTestObject("Popup/Popup_Butons"), Buton): Method.TextDegerineEsitElementeTikla is PASSED

2021-11-23 16:49:03 - [MESSAGE][INFO] - Finding Test Object 'Object Repository/Popup/Popup_Butons'

2021-11-23 16:49:03 - [MESSAGE][INFO] - Checking timeout

2021-11-23 16:49:03 - [MESSAGE][INFO] - Finding web element with id: 'Object Repository/Popup/Popup_Butons' located by 'By.cssSelector: .modal-footer>button' in '10' second(s)

2021-11-23 16:49:03 - [MESSAGE][INFO] - Smart Wait Function is triggered

2021-11-23 16:49:04 - [MESSAGE][INFO] - Found 1 web elements with id: 'Object Repository/Popup/Popup_Butons' located by 'By.cssSelector: .modal-footer>button' in '10' second(s)

2021-11-23 16:49:04 - [MESSAGE][PASSED] - Method.TextDegerineEsitElementeTikla is PASSED

2021-11-23 16:49:04 - [MESSAGE][PASSED] - Call Test Case 'Test Cases/Popup/PopupButonSecilir' successfully

2021-11-23 16:49:04 - [MESSAGE][INFO] - Checking called Test Case

2021-11-23 16:49:04 - [MESSAGE][INFO] - Starting to call Test Case 'Test Cases/Kullanici_Islemleri/KullaniciIslemlerindenSecimYapilir'

2021-11-23 16:49:04 - [TEST_CASE][PASSED] - Test Cases/Kullanici_Islemleri/KullaniciIslemlerindenSecimYapilir: Test Cases/Kullanici_Islemleri/KullaniciIslemlerindenSecimYapilir

2021-11-23 16:49:04 - [TEST_STEP][PASSED] - waitForElementClickable(findTestObject("Object Repository/Kullanici_Islemleri/KullaniciIslemleri"), 10): Object 'Object Repository/Kullanici_Islemleri/KullaniciIslemleri' is clickable

2021-11-23 16:49:04 - [MESSAGE][INFO] - Finding Test Object 'Object Repository/Kullanici_Islemleri/KullaniciIslemleri'

2021-11-23 16:49:04 - [MESSAGE][INFO] - Checking object

2021-11-23 16:49:04 - [MESSAGE][INFO] - Checking timeout

2021-11-23 16:49:04 - [MESSAGE][INFO] - Finding web element from Test Object's properties

2021-11-23 16:49:04 - [MESSAGE][INFO] - Checking timeout

2021-11-23 16:49:04 - [MESSAGE][INFO] - Finding web element with id: 'Object Repository/Kullanici_Islemleri/KullaniciIslemleri' located by 'By.cssSelector: .dropdown>a>img' in '10' second(s)

2021-11-23 16:49:04 - [MESSAGE][INFO] - Smart Wait Function is triggered

2021-11-23 16:49:04 - [MESSAGE][INFO] - Found 1 web elements with id: 'Object Repository/Kullanici_Islemleri/KullaniciIslemleri' located by 'By.cssSelector: .dropdown>a>img' in '10' second(s)

2021-11-23 16:49:04 - [MESSAGE][PASSED] - Object 'Object Repository/Kullanici_Islemleri/KullaniciIslemleri' is clickable

2021-11-23 16:49:04 - [TEST_STEP][PASSED] - click(findTestObject("Object Repository/Kullanici_Islemleri/KullaniciIslemleri")): Object: 'Object Repository/Kullanici_Islemleri/KullaniciIslemleri' is clicked on

2021-11-23 16:49:04 - [MESSAGE][INFO] - Finding Test Object 'Object Repository/Kullanici_Islemleri/KullaniciIslemleri'

2021-11-23 16:49:05 - [MESSAGE][INFO] - Checking object

2021-11-23 16:49:05 - [MESSAGE][INFO] - Finding web element from Test Object's properties

2021-11-23 16:49:05 - [MESSAGE][INFO] - Checking timeout

2021-11-23 16:49:05 - [MESSAGE][INFO] - Finding web element with id: 'Object Repository/Kullanici_Islemleri/KullaniciIslemleri' located by 'By.cssSelector: .dropdown>a>img' in '30' second(s)

2021-11-23 16:49:05 - [MESSAGE][INFO] - Smart Wait Function is triggered

2021-11-23 16:49:05 - [MESSAGE][INFO] - Found 1 web elements with id: 'Object Repository/Kullanici_Islemleri/KullaniciIslemleri' located by 'By.cssSelector: .dropdown>a>img' in '30' second(s)

2021-11-23 16:49:05 - [MESSAGE][INFO] - Clicking on object: 'Object Repository/Kullanici_Islemleri/KullaniciIslemleri'

2021-11-23 16:49:05 - [MESSAGE][PASSED] - Object: 'Object Repository/Kullanici_Islemleri/KullaniciIslemleri' is clicked on

2021-11-23 16:49:05 - [TEST_STEP][PASSED] - Method.TextDegerineEsitElementeTikla(findTestObject("Object Repository/Kullanici_Islemleri/Secenekler"), Islem): Method.TextDegerineEsitElementeTikla is PASSED

2021-11-23 16:49:05 - [MESSAGE][INFO] - Finding Test Object 'Object Repository/Kullanici_Islemleri/Secenekler'

2021-11-23 16:49:05 - [MESSAGE][INFO] - Checking timeout

2021-11-23 16:49:05 - [MESSAGE][INFO] - Finding web element with id: 'Object Repository/Kullanici_Islemleri/Secenekler' located by 'By.cssSelector: .nav.navbar-nav.navbar-right li a' in '10' second(s)

2021-11-23 16:49:05 - [MESSAGE][INFO] - Smart Wait Function is triggered

2021-11-23 16:49:05 - [MESSAGE][INFO] - Found 22 web elements with id: 'Object Repository/Kullanici_Islemleri/Secenekler' located by 'By.cssSelector: .nav.navbar-nav.navbar-right li a' in '10' second(s)

2021-11-23 16:49:07 - [MESSAGE][PASSED] - Method.TextDegerineEsitElementeTikla is PASSED

2021-11-23 16:49:07 - [TEST_STEP][PASSED] - verifyElementNotPresent(findTestObject("Object Repository/Kullanici_Islemleri/Secenekler"), 10): Web element with id: 'Object Repository/Kullanici_Islemleri/Secenekler' located by 'By.cssSelector: .nav.navbar-nav.navbar-right li a' is not present after '10' second(s)

2021-11-23 16:49:07 - [MESSAGE][INFO] - Finding Test Object 'Object Repository/Kullanici_Islemleri/Secenekler'

2021-11-23 16:49:07 - [MESSAGE][INFO] - Checking object

2021-11-23 16:49:07 - [MESSAGE][INFO] - Checking timeout

2021-11-23 16:49:07 - [MESSAGE][INFO] - Finding web element with id: 'Object Repository/Kullanici_Islemleri/Secenekler' located by 'By.cssSelector: .nav.navbar-nav.navbar-right li a' in '10' second(s)

2021-11-23 16:49:07 - [MESSAGE][INFO] - Smart Wait Function is triggered

2021-11-23 16:49:07 - [MESSAGE][PASSED] - Web element with id: 'Object Repository/Kullanici_Islemleri/Secenekler' located by 'By.cssSelector: .nav.navbar-nav.navbar-right li a' is not present after '10' second(s)

2021-11-23 16:49:07 - [MESSAGE][PASSED] - Call Test Case 'Test Cases/Kullanici_Islemleri/KullaniciIslemlerindenSecimYapilir' successfully

2021-11-23 16:49:07 - [TEST_CASE][PASSED] - Start Test Case : SCENARIO e-Serbest Makbuzu Raporlari GIBe Gonder: SCENARIO e-Serbest Makbuzu Raporlari GIBe Gonder

2021-11-23 16:49:07 - [TEST_STEP][PASSED] - Kullanıcı adı ELOGO6 ve Şifre 123456 olarak giriş yapılır: Kullanıcı adı ELOGO6 ve Şifre 123456 olarak giriş yapılır

2021-11-23 16:49:07 - [MESSAGE][PASSED] - Kullanıcı adı ELOGO6 ve Şifre 123456 olarak giriş yapılır

2021-11-23 16:49:07 - [TEST_STEP][PASSED] - Ana menüden e-Makbuz seçilir: Ana menüden e-Makbuz seçilir

2021-11-23 16:49:07 - [MESSAGE][PASSED] - Ana menüden e-Makbuz seçilir

2021-11-23 16:49:07 - [TEST_STEP][PASSED] - Alt menü e-Serbest Meslek Uygulaması başlığı altındaki e-Serbest Meslek Makbuz Raporları seçilir: Alt menü e-Serbest Meslek Uygulaması başlığı altındaki e-Serbest Meslek Makbuz Raporları seçilir

2021-11-23 16:49:07 - [MESSAGE][PASSED] - Alt menü e-Serbest Meslek Uygulaması başlığı altındaki e-Serbest Meslek Makbuz Raporları seçilir

2021-11-23 16:49:07 - [TEST_STEP][PASSED] - Filtrelerden Dönem Tarihi filtresine 2021 Ocak dropdowndan degeri seçilir: Filtrelerden Dönem Tarihi filtresine 2021 Ocak dropdowndan degeri seçilir

2021-11-23 16:49:07 - [MESSAGE][PASSED] - Filtrelerden Dönem Tarihi filtresine 2021 Ocak dropdowndan degeri seçilir

2021-11-23 16:49:07 - [TEST_STEP][PASSED] - Filtrelerden Bölüm Tarihi filtresine 09.01.2021 baslangic degerini yaz: Filtrelerden Bölüm Tarihi filtresine 09.01.2021 baslangic degerini yaz

2021-11-23 16:49:07 - [MESSAGE][PASSED] - Filtrelerden Bölüm Tarihi filtresine 09.01.2021 baslangic degerini yaz

2021-11-23 16:49:07 - [TEST_STEP][PASSED] - Filtrelerden Bölüm Tarihi filtresine 09.01.2021 bitis degerini yaz: Filtrelerden Bölüm Tarihi filtresine 09.01.2021 bitis degerini yaz

2021-11-23 16:49:07 - [MESSAGE][PASSED] - Filtrelerden Bölüm Tarihi filtresine 09.01.2021 bitis degerini yaz

2021-11-23 16:49:07 - [TEST_STEP][PASSED] - Filtre butonlarından Listele seçilir: Filtre butonlarından Listele seçilir

2021-11-23 16:49:07 - [MESSAGE][PASSED] - Filtre butonlarından Listele seçilir

2021-11-23 16:49:07 - [TEST_STEP][PASSED] - Filtre butonlarından Listele seçilir: Filtre butonlarından Listele seçilir

2021-11-23 16:49:07 - [MESSAGE][PASSED] - Filtre butonlarından Listele seçilir

2021-11-23 16:49:07 - [TEST_STEP][PASSED] - Tabloda veri var mı kontrol edilir: Tabloda veri var mı kontrol edilir

2021-11-23 16:49:07 - [MESSAGE][PASSED] - Tabloda veri var mı kontrol edilir

2021-11-23 16:49:07 - [TEST_STEP][PASSED] - Tablodan 1637 isimli veri seçilir: Tablodan 1637 isimli veri seçilir

2021-11-23 16:49:07 - [MESSAGE][PASSED] - Tablodan 1637 isimli veri seçilir

2021-11-23 16:49:07 - [TEST_STEP][PASSED] - Butonlardan GİB'e Gönder isimli butona tıklanır: Butonlardan GİB'e Gönder isimli butona tıklanır

2021-11-23 16:49:07 - [MESSAGE][PASSED] - Butonlardan GİB'e Gönder isimli butona tıklanır

2021-11-23 16:49:07 - [TEST_STEP][PASSED] - Popup mesajı makbuz sayısı 0 olduğu için GİB'e gönderilemez içeriyor mu: Popup mesajı makbuz sayısı 0 olduğu için GİB'e gönderilemez içeriyor mu

2021-11-23 16:49:07 - [MESSAGE][PASSED] - Popup mesajı makbuz sayısı 0 olduğu için GİB'e gönderilemez içeriyor mu

2021-11-23 16:49:07 - [TEST_STEP][PASSED] - Yönetim popupında Tamam seçilir: Yönetim popupında Tamam seçilir

2021-11-23 16:49:07 - [MESSAGE][PASSED] - Yönetim popupında Tamam seçilir

2021-11-23 16:49:07 - [TEST_STEP][PASSED] - Kullanıcı işlemlerinden Çıkış seçilir: Kullanıcı işlemlerinden Çıkış seçilir

2021-11-23 16:49:07 - [MESSAGE][PASSED] - Kullanıcı işlemlerinden Çıkış seçilir

2021-11-23 16:49:07 - [MESSAGE][PASSED] - Feature file: 'Include/features/e-Makbuz/e-Serbest Meslek Uygulaması/e-Serbest Meslek Makbuz Raporlari/GIBe Gonder.feature' was passed

2021-11-23 16:49:07 - [TEST_STEP][PASSED] - Start listener action : sampleAfterTestSuite: Invoke 'com.kms.katalon.core.annotation.AfterTestCase' method: 'Listener.sampleAfterTestSuite(...)' completed.

2021-11-23 16:49:07 - [MESSAGE][INFO] - Starting invoke 'com.kms.katalon.core.annotation.AfterTestCase' method: 'Listener.sampleAfterTestSuite(...)'

2021-11-23 16:49:07 - [TEST_STEP][PASSED] - closeBrowser(): Invoke 'com.kms.katalon.core.annotation.AfterTestCase' method: 'Listener.sampleAfterTestSuite(...)' completed.

2021-11-23 16:49:07 - [MESSAGE][INFO] - Closing browser

2021-11-23 16:49:08 - [MESSAGE][PASSED] - Browser is closed

2021-11-23 16:49:08 - [MESSAGE][INFO] - Invoke 'com.kms.katalon.core.annotation.AfterTestCase' method: 'Listener.sampleAfterTestSuite(...)' completed.]]></system-out>
         <system-err><![CDATA[]]></system-err>
      </testcase>
      <testcase name="Test Cases/Case Repository/e-Makbuz/e-Serbest Meslek Uygulamasi/e-Serbest Meslek Makbuz Raporlari/Izleme Kayitlari" time="50.131" classname="Test Cases/Case Repository/e-Makbuz/e-Serbest Meslek Uygulamasi/e-Serbest Meslek Makbuz Raporlari/Izleme Kayitlari" status="PASSED">
         <system-out><![CDATA[2021-11-23 16:49:08 - [TEST_CASE][PASSED] - Test Cases/Case Repository/e-Makbuz/e-Serbest Meslek Uygulamasi/e-Serbest Meslek Makbuz Raporlari/Izleme Kayitlari: Test Cases/Case Repository/e-Makbuz/e-Serbest Meslek Uygulamasi/e-Serbest Meslek Makbuz Raporlari/Izleme Kayitlari

2021-11-23 16:49:08 - [TEST_STEP][PASSED] - Start listener action : sampleBeforeTestSuite: Invoke 'com.kms.katalon.core.annotation.BeforeTestCase' method: 'Listener.sampleBeforeTestSuite(...)' completed.

2021-11-23 16:49:08 - [MESSAGE][INFO] - Starting invoke 'com.kms.katalon.core.annotation.BeforeTestCase' method: 'Listener.sampleBeforeTestSuite(...)'

2021-11-23 16:49:08 - [TEST_STEP][PASSED] - openBrowser(baseUrl): Browser is opened with url: 'https://efatura-stage.elogo.com.tr/'

2021-11-23 16:49:08 - [MESSAGE][INFO] - Opening browser

2021-11-23 16:49:08 - [MESSAGE][INFO] - Starting 'Chrome' driver

2021-11-23 16:49:08 - [MESSAGE][INFO] - User set preference: ['prefs', '{download.default_directory=C:\otomasyondownfiles}']

2021-11-23 16:49:08 - [MESSAGE][INFO] - Action delay is set to 0 milliseconds

2021-11-23 16:49:10 - [MESSAGE][INFO] - Navigating browser to: 'https://efatura-stage.elogo.com.tr/'

2021-11-23 16:49:12 - [MESSAGE][PASSED] - Browser is opened with url: 'https://efatura-stage.elogo.com.tr/'

2021-11-23 16:49:12 - [TEST_STEP][PASSED] - maximizeWindow(): Invoke 'com.kms.katalon.core.annotation.BeforeTestCase' method: 'Listener.sampleBeforeTestSuite(...)' completed.

2021-11-23 16:49:12 - [MESSAGE][INFO] - Maximizing current window

2021-11-23 16:49:12 - [MESSAGE][PASSED] - Current window maximized

2021-11-23 16:49:12 - [MESSAGE][INFO] - Invoke 'com.kms.katalon.core.annotation.BeforeTestCase' method: 'Listener.sampleBeforeTestSuite(...)' completed.

2021-11-23 16:49:13 - [TEST_STEP][PASSED] - runFeatureFile("Include/features/e-Makbuz/e-Serbest Meslek Uygulaması/e-Serbest Meslek Makbuz Raporlari/Izleme Kayitlari.feature"): Feature file: 'Include/features/e-Makbuz/e-Serbest Meslek Uygulaması/e-Serbest Meslek Makbuz Raporlari/Izleme Kayitlari.feature' was passed

2021-11-23 16:49:13 - [MESSAGE][INFO] - Starting run keyword runFeatureFile: 'Include/features/e-Makbuz/e-Serbest Meslek Uygulaması/e-Serbest Meslek Makbuz Raporlari/Izleme Kayitlari.feature' and extract report to folder: 'C:\Users\DELL\Documents\GitHub\EES_KatalonLogo\Reports\20211123_163326\Suite Repository\e-Makbuz\20211123_163348/cucumber_report/1637675353373'...

2021-11-23 16:49:13 - [MESSAGE][INFO] - Glue: []

2021-11-23 16:49:16 - [MESSAGE][INFO] - Checking called Test Case

2021-11-23 16:49:16 - [MESSAGE][INFO] - Starting to call Test Case 'Test Cases/Sayfalar/Giris_Sayfasi/Login'

2021-11-23 16:49:16 - [TEST_CASE][PASSED] - Test Cases/Sayfalar/Giris_Sayfasi/Login: Test Cases/Sayfalar/Giris_Sayfasi/Login

2021-11-23 16:49:16 - [TEST_STEP][PASSED] - Sayfa_Basligi = getWindowTitle(): Current window's title is: 'LOGO e-Fatura'

2021-11-23 16:49:16 - [MESSAGE][INFO] - Getting current window's title

2021-11-23 16:49:16 - [MESSAGE][PASSED] - Current window's title is: 'LOGO e-Fatura'

2021-11-23 16:49:16 - [TEST_STEP][PASSED] - verifyMatch(Sayfa_Basligi, "LOGO e-Fatura", false): Actual text 'LOGO e-Fatura' and expected text 'LOGO e-Fatura' are matched 

2021-11-23 16:49:16 - [MESSAGE][INFO] - Matching actual text 'LOGO e-Fatura' with expected text 'LOGO e-Fatura'

2021-11-23 16:49:16 - [MESSAGE][PASSED] - Actual text 'LOGO e-Fatura' and expected text 'LOGO e-Fatura' are matched 

2021-11-23 16:49:16 - [TEST_STEP][PASSED] - sendKeys(findTestObject("Sayfalar/Giris_Sayfasi/Firma_Kodu"), KullaniciAdi): Keys 'ELOGO6' sent to object: 'Object Repository/Sayfalar/Giris_Sayfasi/Firma_Kodu'

2021-11-23 16:49:16 - [MESSAGE][INFO] - Finding Test Object 'Object Repository/Sayfalar/Giris_Sayfasi/Firma_Kodu'

2021-11-23 16:49:16 - [MESSAGE][INFO] - Sending keys 'ELOGO6' to object: 'Object Repository/Sayfalar/Giris_Sayfasi/Firma_Kodu'

2021-11-23 16:49:16 - [MESSAGE][INFO] - Finding web element from Test Object's properties

2021-11-23 16:49:16 - [MESSAGE][INFO] - Checking timeout

2021-11-23 16:49:16 - [MESSAGE][INFO] - Finding web element with id: 'Object Repository/Sayfalar/Giris_Sayfasi/Firma_Kodu' located by 'By.xpath: //*[@id = 'AccountName']' in '30' second(s)

2021-11-23 16:49:16 - [MESSAGE][INFO] - Smart Wait Function is triggered

2021-11-23 16:49:17 - [MESSAGE][INFO] - Found 1 web elements with id: 'Object Repository/Sayfalar/Giris_Sayfasi/Firma_Kodu' located by 'By.xpath: //*[@id = 'AccountName']' in '30' second(s)

2021-11-23 16:49:17 - [MESSAGE][PASSED] - Keys 'ELOGO6' sent to object: 'Object Repository/Sayfalar/Giris_Sayfasi/Firma_Kodu'

2021-11-23 16:49:17 - [TEST_STEP][PASSED] - sendKeys(findTestObject("Sayfalar/Giris_Sayfasi/Sifre"), Sifre): Keys '123456' sent to object: 'Object Repository/Sayfalar/Giris_Sayfasi/Sifre'

2021-11-23 16:49:17 - [MESSAGE][INFO] - Finding Test Object 'Object Repository/Sayfalar/Giris_Sayfasi/Sifre'

2021-11-23 16:49:17 - [MESSAGE][INFO] - Sending keys '123456' to object: 'Object Repository/Sayfalar/Giris_Sayfasi/Sifre'

2021-11-23 16:49:17 - [MESSAGE][INFO] - Finding web element from Test Object's properties

2021-11-23 16:49:17 - [MESSAGE][INFO] - Checking timeout

2021-11-23 16:49:17 - [MESSAGE][INFO] - Finding web element with id: 'Object Repository/Sayfalar/Giris_Sayfasi/Sifre' located by 'By.xpath: //*[@id = 'Password']' in '30' second(s)

2021-11-23 16:49:17 - [MESSAGE][INFO] - Smart Wait Function is triggered

2021-11-23 16:49:17 - [MESSAGE][INFO] - Found 1 web elements with id: 'Object Repository/Sayfalar/Giris_Sayfasi/Sifre' located by 'By.xpath: //*[@id = 'Password']' in '30' second(s)

2021-11-23 16:49:17 - [MESSAGE][PASSED] - Keys '123456' sent to object: 'Object Repository/Sayfalar/Giris_Sayfasi/Sifre'

2021-11-23 16:49:17 - [TEST_STEP][PASSED] - findWebElement(findTestObject("Sayfalar/Giris_Sayfasi/Giris_Butonu")).click(): Found 1 web elements with id: 'Object Repository/Sayfalar/Giris_Sayfasi/Giris_Butonu' located by 'By.cssSelector: #btnLogin' in '30' second(s)

2021-11-23 16:49:17 - [MESSAGE][INFO] - Finding Test Object 'Object Repository/Sayfalar/Giris_Sayfasi/Giris_Butonu'

2021-11-23 16:49:17 - [MESSAGE][INFO] - Finding web element from Test Object's properties

2021-11-23 16:49:17 - [MESSAGE][INFO] - Checking timeout

2021-11-23 16:49:17 - [MESSAGE][INFO] - Finding web element with id: 'Object Repository/Sayfalar/Giris_Sayfasi/Giris_Butonu' located by 'By.cssSelector: #btnLogin' in '30' second(s)

2021-11-23 16:49:17 - [MESSAGE][INFO] - Smart Wait Function is triggered

2021-11-23 16:49:18 - [MESSAGE][INFO] - Found 1 web elements with id: 'Object Repository/Sayfalar/Giris_Sayfasi/Giris_Butonu' located by 'By.cssSelector: #btnLogin' in '30' second(s)

2021-11-23 16:49:21 - [TEST_STEP][PASSED] - if (verifyElementPresent(findTestObject("Object Repository/Sayfalar/Giris_Sayfasi/RetveTamam_Butonu"), 5, OPTIONAL)): null

2021-11-23 16:49:21 - [MESSAGE][INFO] - Finding Test Object 'Object Repository/Sayfalar/Giris_Sayfasi/RetveTamam_Butonu'

2021-11-23 16:49:21 - [MESSAGE][INFO] - Checking object

2021-11-23 16:49:21 - [MESSAGE][INFO] - Finding web element from Test Object's properties

2021-11-23 16:49:21 - [MESSAGE][INFO] - Checking timeout

2021-11-23 16:49:21 - [MESSAGE][INFO] - Finding web element with id: 'Object Repository/Sayfalar/Giris_Sayfasi/RetveTamam_Butonu' located by 'By.xpath: //*[@class = 'btn btn-default']' in '5' second(s)

2021-11-23 16:49:21 - [MESSAGE][INFO] - Smart Wait Function is triggered

2021-11-23 16:49:21 - [MESSAGE][INFO] - Found 1 web elements with id: 'Object Repository/Sayfalar/Giris_Sayfasi/RetveTamam_Butonu' located by 'By.xpath: //*[@class = 'btn btn-default']' in '5' second(s)

2021-11-23 16:49:21 - [MESSAGE][PASSED] - Object 'Object Repository/Sayfalar/Giris_Sayfasi/RetveTamam_Butonu' is present

2021-11-23 16:49:21 - [TEST_STEP][PASSED] - click(findTestObject("Object Repository/Sayfalar/Giris_Sayfasi/RetveTamam_Butonu")): Object: 'Object Repository/Sayfalar/Giris_Sayfasi/RetveTamam_Butonu' is clicked on

2021-11-23 16:49:21 - [MESSAGE][INFO] - Finding Test Object 'Object Repository/Sayfalar/Giris_Sayfasi/RetveTamam_Butonu'

2021-11-23 16:49:21 - [MESSAGE][INFO] - Checking object

2021-11-23 16:49:21 - [MESSAGE][INFO] - Finding web element from Test Object's properties

2021-11-23 16:49:21 - [MESSAGE][INFO] - Checking timeout

2021-11-23 16:49:21 - [MESSAGE][INFO] - Finding web element with id: 'Object Repository/Sayfalar/Giris_Sayfasi/RetveTamam_Butonu' located by 'By.xpath: //*[@class = 'btn btn-default']' in '30' second(s)

2021-11-23 16:49:21 - [MESSAGE][INFO] - Smart Wait Function is triggered

2021-11-23 16:49:21 - [MESSAGE][INFO] - Found 1 web elements with id: 'Object Repository/Sayfalar/Giris_Sayfasi/RetveTamam_Butonu' located by 'By.xpath: //*[@class = 'btn btn-default']' in '30' second(s)

2021-11-23 16:49:21 - [MESSAGE][INFO] - Clicking on object: 'Object Repository/Sayfalar/Giris_Sayfasi/RetveTamam_Butonu'

2021-11-23 16:49:21 - [MESSAGE][PASSED] - Object: 'Object Repository/Sayfalar/Giris_Sayfasi/RetveTamam_Butonu' is clicked on

2021-11-23 16:49:21 - [TEST_STEP][PASSED] - click(findTestObject("Object Repository/Sayfalar/Giris_Sayfasi/RetveTamam_Butonu")): Object: 'Object Repository/Sayfalar/Giris_Sayfasi/RetveTamam_Butonu' is clicked on

2021-11-23 16:49:21 - [MESSAGE][INFO] - Finding Test Object 'Object Repository/Sayfalar/Giris_Sayfasi/RetveTamam_Butonu'

2021-11-23 16:49:22 - [MESSAGE][INFO] - Checking object

2021-11-23 16:49:22 - [MESSAGE][INFO] - Finding web element from Test Object's properties

2021-11-23 16:49:22 - [MESSAGE][INFO] - Checking timeout

2021-11-23 16:49:22 - [MESSAGE][INFO] - Finding web element with id: 'Object Repository/Sayfalar/Giris_Sayfasi/RetveTamam_Butonu' located by 'By.xpath: //*[@class = 'btn btn-default']' in '30' second(s)

2021-11-23 16:49:22 - [MESSAGE][INFO] - Smart Wait Function is triggered

2021-11-23 16:49:25 - [MESSAGE][INFO] - Found 1 web elements with id: 'Object Repository/Sayfalar/Giris_Sayfasi/RetveTamam_Butonu' located by 'By.xpath: //*[@class = 'btn btn-default']' in '30' second(s)

2021-11-23 16:49:25 - [MESSAGE][INFO] - Clicking on object: 'Object Repository/Sayfalar/Giris_Sayfasi/RetveTamam_Butonu'

2021-11-23 16:49:25 - [MESSAGE][PASSED] - Object: 'Object Repository/Sayfalar/Giris_Sayfasi/RetveTamam_Butonu' is clicked on

2021-11-23 16:49:25 - [TEST_STEP][PASSED] - if (verifyElementPresent(findTestObject("Sayfalar/Giris_Sayfasi/PopupOK"), 5, OPTIONAL)): null

2021-11-23 16:49:25 - [MESSAGE][INFO] - Finding Test Object 'Object Repository/Sayfalar/Giris_Sayfasi/PopupOK'

2021-11-23 16:49:25 - [MESSAGE][INFO] - Checking object

2021-11-23 16:49:25 - [MESSAGE][INFO] - Finding web element from Test Object's properties

2021-11-23 16:49:25 - [MESSAGE][INFO] - Checking timeout

2021-11-23 16:49:25 - [MESSAGE][INFO] - Finding web element with id: 'Object Repository/Sayfalar/Giris_Sayfasi/PopupOK' located by 'By.cssSelector: .btn.btn-success' in '5' second(s)

2021-11-23 16:49:25 - [MESSAGE][INFO] - Smart Wait Function is triggered

2021-11-23 16:49:25 - [MESSAGE][INFO] - Found 1 web elements with id: 'Object Repository/Sayfalar/Giris_Sayfasi/PopupOK' located by 'By.cssSelector: .btn.btn-success' in '5' second(s)

2021-11-23 16:49:25 - [MESSAGE][PASSED] - Object 'Object Repository/Sayfalar/Giris_Sayfasi/PopupOK' is present

2021-11-23 16:49:25 - [TEST_STEP][PASSED] - click(findTestObject("Object Repository/Sayfalar/Giris_Sayfasi/PopupCarpiGiris")): Object: 'Object Repository/Sayfalar/Giris_Sayfasi/PopupCarpiGiris' is clicked on

2021-11-23 16:49:25 - [MESSAGE][INFO] - Finding Test Object 'Object Repository/Sayfalar/Giris_Sayfasi/PopupCarpiGiris'

2021-11-23 16:49:26 - [MESSAGE][INFO] - Checking object

2021-11-23 16:49:26 - [MESSAGE][INFO] - Finding web element from Test Object's properties

2021-11-23 16:49:26 - [MESSAGE][INFO] - Checking timeout

2021-11-23 16:49:26 - [MESSAGE][INFO] - Finding web element with id: 'Object Repository/Sayfalar/Giris_Sayfasi/PopupCarpiGiris' located by 'By.cssSelector: .bootbox-close-button.close' in '30' second(s)

2021-11-23 16:49:26 - [MESSAGE][INFO] - Smart Wait Function is triggered

2021-11-23 16:49:26 - [MESSAGE][INFO] - Found 1 web elements with id: 'Object Repository/Sayfalar/Giris_Sayfasi/PopupCarpiGiris' located by 'By.cssSelector: .bootbox-close-button.close' in '30' second(s)

2021-11-23 16:49:26 - [MESSAGE][INFO] - Clicking on object: 'Object Repository/Sayfalar/Giris_Sayfasi/PopupCarpiGiris'

2021-11-23 16:49:26 - [MESSAGE][PASSED] - Object: 'Object Repository/Sayfalar/Giris_Sayfasi/PopupCarpiGiris' is clicked on

2021-11-23 16:49:26 - [TEST_STEP][PASSED] - verifyElementVisible(findTestObject("Object Repository/Kullanici_Islemleri/KullaniciIslemleri")): Object 'Object Repository/Kullanici_Islemleri/KullaniciIslemleri' is visible

2021-11-23 16:49:26 - [MESSAGE][INFO] - Finding Test Object 'Object Repository/Kullanici_Islemleri/KullaniciIslemleri'

2021-11-23 16:49:26 - [MESSAGE][INFO] - Checking object

2021-11-23 16:49:26 - [MESSAGE][INFO] - Finding web element from Test Object's properties

2021-11-23 16:49:26 - [MESSAGE][INFO] - Checking timeout

2021-11-23 16:49:26 - [MESSAGE][INFO] - Finding web element with id: 'Object Repository/Kullanici_Islemleri/KullaniciIslemleri' located by 'By.cssSelector: .dropdown>a>img' in '30' second(s)

2021-11-23 16:49:26 - [MESSAGE][INFO] - Smart Wait Function is triggered

2021-11-23 16:49:27 - [MESSAGE][INFO] - Found 1 web elements with id: 'Object Repository/Kullanici_Islemleri/KullaniciIslemleri' located by 'By.cssSelector: .dropdown>a>img' in '30' second(s)

2021-11-23 16:49:27 - [MESSAGE][PASSED] - Object 'Object Repository/Kullanici_Islemleri/KullaniciIslemleri' is visible

2021-11-23 16:49:27 - [MESSAGE][PASSED] - Call Test Case 'Test Cases/Sayfalar/Giris_Sayfasi/Login' successfully

2021-11-23 16:49:27 - [MESSAGE][INFO] - Checking called Test Case

2021-11-23 16:49:27 - [MESSAGE][INFO] - Starting to call Test Case 'Test Cases/Menu/AnaMenuSecimi'

2021-11-23 16:49:27 - [TEST_CASE][PASSED] - Test Cases/Menu/AnaMenuSecimi: Test Cases/Menu/AnaMenuSecimi

2021-11-23 16:49:27 - [TEST_STEP][PASSED] - Method.TextDegerineEsitElementeTikla(findTestObject("Menu/Ana_Menu"), Ana_Menu): Method.TextDegerineEsitElementeTikla is PASSED

2021-11-23 16:49:27 - [MESSAGE][INFO] - Finding Test Object 'Object Repository/Menu/Ana_Menu'

2021-11-23 16:49:27 - [MESSAGE][INFO] - Checking timeout

2021-11-23 16:49:27 - [MESSAGE][INFO] - Finding web element with id: 'Object Repository/Menu/Ana_Menu' located by 'By.xpath: //*[@class = 'dropdown-toggle']' in '10' second(s)

2021-11-23 16:49:27 - [MESSAGE][INFO] - Smart Wait Function is triggered

2021-11-23 16:49:27 - [MESSAGE][INFO] - Found 14 web elements with id: 'Object Repository/Menu/Ana_Menu' located by 'By.xpath: //*[@class = 'dropdown-toggle']' in '10' second(s)

2021-11-23 16:49:27 - [MESSAGE][PASSED] - Method.TextDegerineEsitElementeTikla is PASSED

2021-11-23 16:49:27 - [MESSAGE][PASSED] - Call Test Case 'Test Cases/Menu/AnaMenuSecimi' successfully

2021-11-23 16:49:27 - [MESSAGE][INFO] - Checking called Test Case

2021-11-23 16:49:27 - [MESSAGE][INFO] - Starting to call Test Case 'Test Cases/Menu/BasligaGoreAltMenuSecimi'

2021-11-23 16:49:27 - [TEST_CASE][PASSED] - Test Cases/Menu/BasligaGoreAltMenuSecimi: Test Cases/Menu/BasligaGoreAltMenuSecimi

2021-11-23 16:49:27 - [TEST_STEP][PASSED] - Method.TextDegerineEsitElementinAltindakiTextDegerineEsitOlanaTikla(findTestObject("Menu/Menu_Basligi"), findTestObject("Menu/Basliga_Gore_Alt_Menu"), Baslik, Alt_Menu): Method.TextDegerineEsitElementinAltindakiTextDegerineEsitOlanaTikla is PASSED

2021-11-23 16:49:27 - [MESSAGE][INFO] - Finding Test Object 'Object Repository/Menu/Menu_Basligi'

2021-11-23 16:49:28 - [MESSAGE][INFO] - Finding Test Object 'Object Repository/Menu/Basliga_Gore_Alt_Menu'

2021-11-23 16:49:28 - [MESSAGE][INFO] - Checking timeout

2021-11-23 16:49:28 - [MESSAGE][INFO] - Finding web element with id: 'Object Repository/Menu/Menu_Basligi' located by 'By.xpath: //li[@class='dropdown dropdown-large open']//li[@class='dropdown-header']' in '10' second(s)

2021-11-23 16:49:28 - [MESSAGE][INFO] - Smart Wait Function is triggered

2021-11-23 16:49:28 - [MESSAGE][INFO] - Found 2 web elements with id: 'Object Repository/Menu/Menu_Basligi' located by 'By.xpath: //li[@class='dropdown dropdown-large open']//li[@class='dropdown-header']' in '10' second(s)

2021-11-23 16:49:28 - [MESSAGE][INFO] - Smart Wait Function is triggered

2021-11-23 16:49:32 - [MESSAGE][PASSED] - Method.TextDegerineEsitElementinAltindakiTextDegerineEsitOlanaTikla is PASSED

2021-11-23 16:49:32 - [MESSAGE][PASSED] - Call Test Case 'Test Cases/Menu/BasligaGoreAltMenuSecimi' successfully

2021-11-23 16:49:32 - [MESSAGE][INFO] - Checking called Test Case

2021-11-23 16:49:32 - [MESSAGE][INFO] - Starting to call Test Case 'Test Cases/Filtreler/DropdownSec'

2021-11-23 16:49:32 - [TEST_CASE][PASSED] - Test Cases/Filtreler/DropdownSec: Test Cases/Filtreler/DropdownSec

2021-11-23 16:49:32 - [TEST_STEP][PASSED] - Method.TextDegerineEsitElementinAltindakineTikla(findTestObject("Filtreler/Basliklar"), findTestObject("Filtreler/Basliga_Gore_Baslangic_Image"), Filtre_Adi): Method.TextDegerineEsitElementinAltindakineTikla is PASSED

2021-11-23 16:49:32 - [MESSAGE][INFO] - Finding Test Object 'Object Repository/Filtreler/Basliklar'

2021-11-23 16:49:32 - [MESSAGE][INFO] - Finding Test Object 'Object Repository/Filtreler/Basliga_Gore_Baslangic_Image'

2021-11-23 16:49:32 - [MESSAGE][INFO] - Checking timeout

2021-11-23 16:49:32 - [MESSAGE][INFO] - Finding web element with id: 'Object Repository/Filtreler/Basliklar' located by 'By.cssSelector: .control-label.col-sm-4.paddingMarginRLC' in '10' second(s)

2021-11-23 16:49:32 - [MESSAGE][INFO] - Smart Wait Function is triggered

2021-11-23 16:49:33 - [MESSAGE][INFO] - Found 5 web elements with id: 'Object Repository/Filtreler/Basliklar' located by 'By.cssSelector: .control-label.col-sm-4.paddingMarginRLC' in '10' second(s)

2021-11-23 16:49:33 - [MESSAGE][INFO] - Smart Wait Function is triggered

2021-11-23 16:49:33 - [MESSAGE][PASSED] - Method.TextDegerineEsitElementinAltindakineTikla is PASSED

2021-11-23 16:49:33 - [TEST_STEP][PASSED] - Method.TextDegerineEsitElementeTikla(findTestObject("Object Repository/Filtreler/Basliga_Gore_Dropdown"), Filtre_Degeri): Method.TextDegerineEsitElementeTikla is PASSED

2021-11-23 16:49:33 - [MESSAGE][INFO] - Finding Test Object 'Object Repository/Filtreler/Basliga_Gore_Dropdown'

2021-11-23 16:49:33 - [MESSAGE][INFO] - Checking timeout

2021-11-23 16:49:33 - [MESSAGE][INFO] - Finding web element with id: 'Object Repository/Filtreler/Basliga_Gore_Dropdown' located by 'By.xpath: //*[@class = 'dxeListBoxItemRow_LECustomTheme']' in '10' second(s)

2021-11-23 16:49:33 - [MESSAGE][INFO] - Smart Wait Function is triggered

2021-11-23 16:49:33 - [MESSAGE][INFO] - Found 59 web elements with id: 'Object Repository/Filtreler/Basliga_Gore_Dropdown' located by 'By.xpath: //*[@class = 'dxeListBoxItemRow_LECustomTheme']' in '10' second(s)

2021-11-23 16:49:34 - [MESSAGE][PASSED] - Method.TextDegerineEsitElementeTikla is PASSED

2021-11-23 16:49:34 - [MESSAGE][PASSED] - Call Test Case 'Test Cases/Filtreler/DropdownSec' successfully

2021-11-23 16:49:34 - [MESSAGE][INFO] - Checking called Test Case

2021-11-23 16:49:34 - [MESSAGE][INFO] - Starting to call Test Case 'Test Cases/Filtreler/BaslangicYaz'

2021-11-23 16:49:34 - [TEST_CASE][PASSED] - Test Cases/Filtreler/BaslangicYaz: Test Cases/Filtreler/BaslangicYaz

2021-11-23 16:49:34 - [TEST_STEP][PASSED] - delay(3): Delayed 3 second(s)

2021-11-23 16:49:34 - [MESSAGE][INFO] - Delaying browser in 3 second(s)

2021-11-23 16:49:37 - [MESSAGE][PASSED] - Delayed 3 second(s)

2021-11-23 16:49:37 - [TEST_STEP][PASSED] - Method.TextDegerineEsitElementinAltindakineTikla(findTestObject("Filtreler/Basliklar"), findTestObject("Filtreler/Basliga_Gore_Baslangic_Image"), Filtre_Adi): Method.TextDegerineEsitElementinAltindakineTikla is PASSED

2021-11-23 16:49:37 - [MESSAGE][INFO] - Finding Test Object 'Object Repository/Filtreler/Basliklar'

2021-11-23 16:49:37 - [MESSAGE][INFO] - Finding Test Object 'Object Repository/Filtreler/Basliga_Gore_Baslangic_Image'

2021-11-23 16:49:37 - [MESSAGE][INFO] - Checking timeout

2021-11-23 16:49:37 - [MESSAGE][INFO] - Finding web element with id: 'Object Repository/Filtreler/Basliklar' located by 'By.cssSelector: .control-label.col-sm-4.paddingMarginRLC' in '10' second(s)

2021-11-23 16:49:37 - [MESSAGE][INFO] - Smart Wait Function is triggered

2021-11-23 16:49:38 - [MESSAGE][INFO] - Found 5 web elements with id: 'Object Repository/Filtreler/Basliklar' located by 'By.cssSelector: .control-label.col-sm-4.paddingMarginRLC' in '10' second(s)

2021-11-23 16:49:38 - [MESSAGE][INFO] - Smart Wait Function is triggered

2021-11-23 16:49:38 - [MESSAGE][PASSED] - Method.TextDegerineEsitElementinAltindakineTikla is PASSED

2021-11-23 16:49:38 - [TEST_STEP][PASSED] - Method.TextDegerineEsitElementinAltindakiTextboxtaYaz(findTestObject("Filtreler/Basliklar"), findTestObject("Filtreler/Basliga_Gore_Baslangic"), Filtre_Adi, Filtre_Degeri): Method.TextDegerineEsitElementinAltindakiTextboxtaYaz is PASSED

2021-11-23 16:49:38 - [MESSAGE][INFO] - Finding Test Object 'Object Repository/Filtreler/Basliklar'

2021-11-23 16:49:38 - [MESSAGE][INFO] - Finding Test Object 'Object Repository/Filtreler/Basliga_Gore_Baslangic'

2021-11-23 16:49:38 - [MESSAGE][INFO] - Checking timeout

2021-11-23 16:49:38 - [MESSAGE][INFO] - Finding web element with id: 'Object Repository/Filtreler/Basliklar' located by 'By.cssSelector: .control-label.col-sm-4.paddingMarginRLC' in '10' second(s)

2021-11-23 16:49:38 - [MESSAGE][INFO] - Smart Wait Function is triggered

2021-11-23 16:49:39 - [MESSAGE][INFO] - Found 5 web elements with id: 'Object Repository/Filtreler/Basliklar' located by 'By.cssSelector: .control-label.col-sm-4.paddingMarginRLC' in '10' second(s)

2021-11-23 16:49:39 - [MESSAGE][INFO] - Smart Wait Function is triggered

2021-11-23 16:49:39 - [MESSAGE][PASSED] - Method.TextDegerineEsitElementinAltindakiTextboxtaYaz is PASSED

2021-11-23 16:49:39 - [MESSAGE][PASSED] - Call Test Case 'Test Cases/Filtreler/BaslangicYaz' successfully

2021-11-23 16:49:39 - [MESSAGE][INFO] - Checking called Test Case

2021-11-23 16:49:39 - [MESSAGE][INFO] - Starting to call Test Case 'Test Cases/Filtreler/BitisYaz'

2021-11-23 16:49:40 - [TEST_CASE][PASSED] - Test Cases/Filtreler/BitisYaz: Test Cases/Filtreler/BitisYaz

2021-11-23 16:49:40 - [TEST_STEP][PASSED] - Method.TextDegerineEsitElementinAltindakineTikla(findTestObject("Filtreler/Basliklar"), findTestObject("Filtreler/Basliga_Gore_Bitis_Image"), Filtre_Adi): Method.TextDegerineEsitElementinAltindakineTikla is PASSED

2021-11-23 16:49:40 - [MESSAGE][INFO] - Finding Test Object 'Object Repository/Filtreler/Basliklar'

2021-11-23 16:49:40 - [MESSAGE][INFO] - Finding Test Object 'Object Repository/Filtreler/Basliga_Gore_Bitis_Image'

2021-11-23 16:49:40 - [MESSAGE][INFO] - Checking timeout

2021-11-23 16:49:40 - [MESSAGE][INFO] - Finding web element with id: 'Object Repository/Filtreler/Basliklar' located by 'By.cssSelector: .control-label.col-sm-4.paddingMarginRLC' in '10' second(s)

2021-11-23 16:49:40 - [MESSAGE][INFO] - Smart Wait Function is triggered

2021-11-23 16:49:40 - [MESSAGE][INFO] - Found 5 web elements with id: 'Object Repository/Filtreler/Basliklar' located by 'By.cssSelector: .control-label.col-sm-4.paddingMarginRLC' in '10' second(s)

2021-11-23 16:49:40 - [MESSAGE][INFO] - Smart Wait Function is triggered

2021-11-23 16:49:41 - [MESSAGE][PASSED] - Method.TextDegerineEsitElementinAltindakineTikla is PASSED

2021-11-23 16:49:41 - [TEST_STEP][PASSED] - Method.TextDegerineEsitElementinAltindakiTextboxtaYaz(findTestObject("Filtreler/Basliklar"), findTestObject("Object Repository/Filtreler/Basliga_Gore_Bitis"), Filtre_Adi, Filtre_Degeri): Method.TextDegerineEsitElementinAltindakiTextboxtaYaz is PASSED

2021-11-23 16:49:41 - [MESSAGE][INFO] - Finding Test Object 'Object Repository/Filtreler/Basliklar'

2021-11-23 16:49:41 - [MESSAGE][INFO] - Finding Test Object 'Object Repository/Filtreler/Basliga_Gore_Bitis'

2021-11-23 16:49:41 - [MESSAGE][INFO] - Checking timeout

2021-11-23 16:49:41 - [MESSAGE][INFO] - Finding web element with id: 'Object Repository/Filtreler/Basliklar' located by 'By.cssSelector: .control-label.col-sm-4.paddingMarginRLC' in '10' second(s)

2021-11-23 16:49:41 - [MESSAGE][INFO] - Smart Wait Function is triggered

2021-11-23 16:49:41 - [MESSAGE][INFO] - Found 5 web elements with id: 'Object Repository/Filtreler/Basliklar' located by 'By.cssSelector: .control-label.col-sm-4.paddingMarginRLC' in '10' second(s)

2021-11-23 16:49:41 - [MESSAGE][INFO] - Smart Wait Function is triggered

2021-11-23 16:49:42 - [MESSAGE][PASSED] - Method.TextDegerineEsitElementinAltindakiTextboxtaYaz is PASSED

2021-11-23 16:49:42 - [MESSAGE][PASSED] - Call Test Case 'Test Cases/Filtreler/BitisYaz' successfully

2021-11-23 16:49:42 - [MESSAGE][INFO] - Checking called Test Case

2021-11-23 16:49:42 - [MESSAGE][INFO] - Starting to call Test Case 'Test Cases/Filtreler/ButonaTikla'

2021-11-23 16:49:42 - [TEST_CASE][PASSED] - Test Cases/Filtreler/ButonaTikla: Test Cases/Filtreler/ButonaTikla

2021-11-23 16:49:42 - [TEST_STEP][PASSED] - Method.TextDegerineEsitElementeTikla(findTestObject("Filtreler/Butonlar"), Filtre_Buton): Method.TextDegerineEsitElementeTikla is PASSED

2021-11-23 16:49:42 - [MESSAGE][INFO] - Finding Test Object 'Object Repository/Filtreler/Butonlar'

2021-11-23 16:49:42 - [MESSAGE][INFO] - Checking timeout

2021-11-23 16:49:42 - [MESSAGE][INFO] - Finding web element with id: 'Object Repository/Filtreler/Butonlar' located by 'By.cssSelector: .dxb>span' in '10' second(s)

2021-11-23 16:49:42 - [MESSAGE][INFO] - Smart Wait Function is triggered

2021-11-23 16:49:42 - [MESSAGE][INFO] - Found 3 web elements with id: 'Object Repository/Filtreler/Butonlar' located by 'By.cssSelector: .dxb>span' in '10' second(s)

2021-11-23 16:49:43 - [MESSAGE][PASSED] - Method.TextDegerineEsitElementeTikla is PASSED

2021-11-23 16:49:43 - [MESSAGE][PASSED] - Call Test Case 'Test Cases/Filtreler/ButonaTikla' successfully

2021-11-23 16:49:43 - [MESSAGE][INFO] - Checking called Test Case

2021-11-23 16:49:43 - [MESSAGE][INFO] - Starting to call Test Case 'Test Cases/Tablo/TablodaVeriVarMi'

2021-11-23 16:49:43 - [TEST_CASE][PASSED] - Test Cases/Tablo/TablodaVeriVarMi: Test Cases/Tablo/TablodaVeriVarMi

2021-11-23 16:49:43 - [TEST_STEP][PASSED] - verifyTextNotPresent("Görüntülenecek veri yok", true): Text 'Görüntülenecek veri yok' is not present on page using regular expression

2021-11-23 16:49:43 - [MESSAGE][INFO] - Checking text present  using regular expression

2021-11-23 16:49:43 - [MESSAGE][INFO] - Smart Wait Function is triggered

2021-11-23 16:49:44 - [MESSAGE][INFO] - Finding text 'Görüntülenecek veri yok' on page  using regular expression

2021-11-23 16:49:44 - [MESSAGE][PASSED] - Text 'Görüntülenecek veri yok' is not present on page using regular expression

2021-11-23 16:49:44 - [MESSAGE][PASSED] - Call Test Case 'Test Cases/Tablo/TablodaVeriVarMi' successfully

2021-11-23 16:49:44 - [MESSAGE][INFO] - Checking called Test Case

2021-11-23 16:49:44 - [MESSAGE][INFO] - Starting to call Test Case 'Test Cases/Tablo/TablodanVeriSec'

2021-11-23 16:49:44 - [TEST_CASE][PASSED] - Test Cases/Tablo/TablodanVeriSec: Test Cases/Tablo/TablodanVeriSec

2021-11-23 16:49:44 - [TEST_STEP][PASSED] - Method.TextDegerineEsitElementinAltindakineTikla(findTestObject("Tablo/Veriler"), findTestObject("Tablo/VerininCheckBoxi"), Veri_Adi): Method.TextDegerineEsitElementinAltindakineTikla is PASSED

2021-11-23 16:49:44 - [MESSAGE][INFO] - Finding Test Object 'Object Repository/Tablo/Veriler'

2021-11-23 16:49:44 - [MESSAGE][INFO] - Finding Test Object 'Object Repository/Tablo/VerininCheckBoxi'

2021-11-23 16:49:44 - [MESSAGE][INFO] - Checking timeout

2021-11-23 16:49:44 - [MESSAGE][INFO] - Finding web element with id: 'Object Repository/Tablo/Veriler' located by 'By.cssSelector: td.dxgv b ,td.dxgv' in '10' second(s)

2021-11-23 16:49:44 - [MESSAGE][INFO] - Smart Wait Function is triggered

2021-11-23 16:49:44 - [MESSAGE][INFO] - Found 120 web elements with id: 'Object Repository/Tablo/Veriler' located by 'By.cssSelector: td.dxgv b ,td.dxgv' in '10' second(s)

2021-11-23 16:49:45 - [MESSAGE][INFO] - Smart Wait Function is triggered

2021-11-23 16:49:46 - [MESSAGE][PASSED] - Method.TextDegerineEsitElementinAltindakineTikla is PASSED

2021-11-23 16:49:46 - [MESSAGE][PASSED] - Call Test Case 'Test Cases/Tablo/TablodanVeriSec' successfully

2021-11-23 16:49:46 - [MESSAGE][INFO] - Checking called Test Case

2021-11-23 16:49:46 - [MESSAGE][INFO] - Starting to call Test Case 'Test Cases/Butonlar/ButonaTikla'

2021-11-23 16:49:46 - [TEST_CASE][PASSED] - Test Cases/Butonlar/ButonaTikla: Test Cases/Butonlar/ButonaTikla

2021-11-23 16:49:46 - [TEST_STEP][PASSED] - Method.TextDegerineEsitElementeTiklaEquals(findTestObject("Butonlar/Butonlar"), Buton_Adi): Method.TextDegerineEsitElementeTiklaEquals is PASSED

2021-11-23 16:49:46 - [MESSAGE][INFO] - Finding Test Object 'Object Repository/Butonlar/Butonlar'

2021-11-23 16:49:46 - [MESSAGE][INFO] - Checking timeout

2021-11-23 16:49:46 - [MESSAGE][INFO] - Finding web element with id: 'Object Repository/Butonlar/Butonlar' located by 'By.cssSelector: .panel.panel-default.text-center.footerPanel .btn,.btn.btn-primary.btnControls' in '10' second(s)

2021-11-23 16:49:46 - [MESSAGE][INFO] - Smart Wait Function is triggered

2021-11-23 16:49:46 - [MESSAGE][INFO] - Found 6 web elements with id: 'Object Repository/Butonlar/Butonlar' located by 'By.cssSelector: .panel.panel-default.text-center.footerPanel .btn,.btn.btn-primary.btnControls' in '10' second(s)

2021-11-23 16:49:46 - [MESSAGE][PASSED] - Method.TextDegerineEsitElementeTiklaEquals is PASSED

2021-11-23 16:49:46 - [MESSAGE][PASSED] - Call Test Case 'Test Cases/Butonlar/ButonaTikla' successfully

2021-11-23 16:49:46 - [MESSAGE][INFO] - Checking called Test Case

2021-11-23 16:49:46 - [MESSAGE][INFO] - Starting to call Test Case 'Test Cases/Sekmeler/YeniSekmeyeGec'

2021-11-23 16:49:46 - [TEST_CASE][PASSED] - Test Cases/Sekmeler/YeniSekmeyeGec: Test Cases/Sekmeler/YeniSekmeyeGec

2021-11-23 16:49:46 - [TEST_STEP][PASSED] - switchToWindowIndex(1): Switched to window with index: '1'

2021-11-23 16:49:46 - [MESSAGE][INFO] - Checking index

2021-11-23 16:49:46 - [MESSAGE][INFO] - Switching window with index: '1'

2021-11-23 16:49:46 - [MESSAGE][PASSED] - Switched to window with index: '1'

2021-11-23 16:49:46 - [MESSAGE][PASSED] - Call Test Case 'Test Cases/Sekmeler/YeniSekmeyeGec' successfully

2021-11-23 16:49:46 - [MESSAGE][INFO] - Checking called Test Case

2021-11-23 16:49:46 - [MESSAGE][INFO] - Starting to call Test Case 'Test Cases/Sekmeler/GecmisGeldiMi'

2021-11-23 16:49:46 - [TEST_CASE][PASSED] - Test Cases/Sekmeler/GecmisGeldiMi: Test Cases/Sekmeler/GecmisGeldiMi

2021-11-23 16:49:47 - [TEST_STEP][PASSED] - waitForElementVisible(findTestObject("Object Repository/Sekmeler/GecmisBaslik"), 10): Object 'Object Repository/Sekmeler/GecmisBaslik' is visible

2021-11-23 16:49:47 - [MESSAGE][INFO] - Finding Test Object 'Object Repository/Sekmeler/GecmisBaslik'

2021-11-23 16:49:47 - [MESSAGE][INFO] - Checking object

2021-11-23 16:49:47 - [MESSAGE][INFO] - Checking timeout

2021-11-23 16:49:47 - [MESSAGE][INFO] - Finding web element from Test Object's properties

2021-11-23 16:49:47 - [MESSAGE][INFO] - Checking timeout

2021-11-23 16:49:47 - [MESSAGE][INFO] - Finding web element with id: 'Object Repository/Sekmeler/GecmisBaslik' located by 'By.cssSelector: .dxnb-ghtext.dx-vam' in '10' second(s)

2021-11-23 16:49:47 - [MESSAGE][INFO] - Smart Wait Function is triggered

2021-11-23 16:49:54 - [MESSAGE][INFO] - Found 1 web elements with id: 'Object Repository/Sekmeler/GecmisBaslik' located by 'By.cssSelector: .dxnb-ghtext.dx-vam' in '10' second(s)

2021-11-23 16:49:54 - [MESSAGE][PASSED] - Object 'Object Repository/Sekmeler/GecmisBaslik' is visible

2021-11-23 16:49:54 - [TEST_STEP][PASSED] - if (!(getText(findTestObject("Object Repository/Sekmeler/GecmisBaslik")).contains(Baslik))): Text of object 'Object Repository/Sekmeler/GecmisBaslik' is: 'Serbest Meslek Makbuzu Rapor İzleme Kayıtları - 1641'

2021-11-23 16:49:54 - [MESSAGE][INFO] - Finding Test Object 'Object Repository/Sekmeler/GecmisBaslik'

2021-11-23 16:49:54 - [MESSAGE][INFO] - Checking object

2021-11-23 16:49:54 - [MESSAGE][INFO] - Finding web element from Test Object's properties

2021-11-23 16:49:54 - [MESSAGE][INFO] - Checking timeout

2021-11-23 16:49:54 - [MESSAGE][INFO] - Finding web element with id: 'Object Repository/Sekmeler/GecmisBaslik' located by 'By.cssSelector: .dxnb-ghtext.dx-vam' in '30' second(s)

2021-11-23 16:49:54 - [MESSAGE][INFO] - Smart Wait Function is triggered

2021-11-23 16:49:54 - [MESSAGE][INFO] - Found 1 web elements with id: 'Object Repository/Sekmeler/GecmisBaslik' located by 'By.cssSelector: .dxnb-ghtext.dx-vam' in '30' second(s)

2021-11-23 16:49:54 - [MESSAGE][INFO] - Getting text of object 'Object Repository/Sekmeler/GecmisBaslik'

2021-11-23 16:49:54 - [MESSAGE][PASSED] - Text of object 'Object Repository/Sekmeler/GecmisBaslik' is: 'Serbest Meslek Makbuzu Rapor İzleme Kayıtları - 1641'

2021-11-23 16:49:54 - [MESSAGE][PASSED] - Call Test Case 'Test Cases/Sekmeler/GecmisGeldiMi' successfully

2021-11-23 16:49:54 - [MESSAGE][INFO] - Checking called Test Case

2021-11-23 16:49:54 - [MESSAGE][INFO] - Starting to call Test Case 'Test Cases/Sekmeler/Ana_Sekmeye_Gec'

2021-11-23 16:49:54 - [TEST_CASE][PASSED] - Test Cases/Sekmeler/Ana_Sekmeye_Gec: Test Cases/Sekmeler/Ana_Sekmeye_Gec

2021-11-23 16:49:54 - [TEST_STEP][PASSED] - try: Window with index 1 is closed

2021-11-23 16:49:54 - [TEST_STEP][PASSED] - index = getWindowIndex(): Current window's index is: 1

2021-11-23 16:49:54 - [MESSAGE][INFO] - Getting current window's index

2021-11-23 16:49:54 - [MESSAGE][PASSED] - Current window's index is: 1

2021-11-23 16:49:54 - [TEST_STEP][PASSED] - closeWindowIndex(index): Window with index 1 is closed

2021-11-23 16:49:54 - [MESSAGE][INFO] - Checking index

2021-11-23 16:49:54 - [MESSAGE][INFO] - Closing window with index 1

2021-11-23 16:49:54 - [MESSAGE][PASSED] - Window with index 1 is closed

2021-11-23 16:49:54 - [TEST_STEP][PASSED] - switchToWindowIndex(0): Switched to window with index: '0'

2021-11-23 16:49:54 - [MESSAGE][INFO] - Checking index

2021-11-23 16:49:54 - [MESSAGE][INFO] - Switching window with index: '0'

2021-11-23 16:49:54 - [MESSAGE][PASSED] - Switched to window with index: '0'

2021-11-23 16:49:54 - [MESSAGE][PASSED] - Call Test Case 'Test Cases/Sekmeler/Ana_Sekmeye_Gec' successfully

2021-11-23 16:49:54 - [MESSAGE][INFO] - Checking called Test Case

2021-11-23 16:49:54 - [MESSAGE][INFO] - Starting to call Test Case 'Test Cases/Kullanici_Islemleri/KullaniciIslemlerindenSecimYapilir'

2021-11-23 16:49:54 - [TEST_CASE][PASSED] - Test Cases/Kullanici_Islemleri/KullaniciIslemlerindenSecimYapilir: Test Cases/Kullanici_Islemleri/KullaniciIslemlerindenSecimYapilir

2021-11-23 16:49:54 - [TEST_STEP][PASSED] - waitForElementClickable(findTestObject("Object Repository/Kullanici_Islemleri/KullaniciIslemleri"), 10): Object 'Object Repository/Kullanici_Islemleri/KullaniciIslemleri' is clickable

2021-11-23 16:49:54 - [MESSAGE][INFO] - Finding Test Object 'Object Repository/Kullanici_Islemleri/KullaniciIslemleri'

2021-11-23 16:49:55 - [MESSAGE][INFO] - Checking object

2021-11-23 16:49:55 - [MESSAGE][INFO] - Checking timeout

2021-11-23 16:49:55 - [MESSAGE][INFO] - Finding web element from Test Object's properties

2021-11-23 16:49:55 - [MESSAGE][INFO] - Checking timeout

2021-11-23 16:49:55 - [MESSAGE][INFO] - Finding web element with id: 'Object Repository/Kullanici_Islemleri/KullaniciIslemleri' located by 'By.cssSelector: .dropdown>a>img' in '10' second(s)

2021-11-23 16:49:55 - [MESSAGE][INFO] - Smart Wait Function is triggered

2021-11-23 16:49:55 - [MESSAGE][INFO] - Found 1 web elements with id: 'Object Repository/Kullanici_Islemleri/KullaniciIslemleri' located by 'By.cssSelector: .dropdown>a>img' in '10' second(s)

2021-11-23 16:49:55 - [MESSAGE][PASSED] - Object 'Object Repository/Kullanici_Islemleri/KullaniciIslemleri' is clickable

2021-11-23 16:49:55 - [TEST_STEP][PASSED] - click(findTestObject("Object Repository/Kullanici_Islemleri/KullaniciIslemleri")): Object: 'Object Repository/Kullanici_Islemleri/KullaniciIslemleri' is clicked on

2021-11-23 16:49:55 - [MESSAGE][INFO] - Finding Test Object 'Object Repository/Kullanici_Islemleri/KullaniciIslemleri'

2021-11-23 16:49:55 - [MESSAGE][INFO] - Checking object

2021-11-23 16:49:55 - [MESSAGE][INFO] - Finding web element from Test Object's properties

2021-11-23 16:49:55 - [MESSAGE][INFO] - Checking timeout

2021-11-23 16:49:55 - [MESSAGE][INFO] - Finding web element with id: 'Object Repository/Kullanici_Islemleri/KullaniciIslemleri' located by 'By.cssSelector: .dropdown>a>img' in '30' second(s)

2021-11-23 16:49:55 - [MESSAGE][INFO] - Smart Wait Function is triggered

2021-11-23 16:49:55 - [MESSAGE][INFO] - Found 1 web elements with id: 'Object Repository/Kullanici_Islemleri/KullaniciIslemleri' located by 'By.cssSelector: .dropdown>a>img' in '30' second(s)

2021-11-23 16:49:55 - [MESSAGE][INFO] - Clicking on object: 'Object Repository/Kullanici_Islemleri/KullaniciIslemleri'

2021-11-23 16:49:55 - [MESSAGE][PASSED] - Object: 'Object Repository/Kullanici_Islemleri/KullaniciIslemleri' is clicked on

2021-11-23 16:49:55 - [TEST_STEP][PASSED] - Method.TextDegerineEsitElementeTikla(findTestObject("Object Repository/Kullanici_Islemleri/Secenekler"), Islem): Method.TextDegerineEsitElementeTikla is PASSED

2021-11-23 16:49:55 - [MESSAGE][INFO] - Finding Test Object 'Object Repository/Kullanici_Islemleri/Secenekler'

2021-11-23 16:49:55 - [MESSAGE][INFO] - Checking timeout

2021-11-23 16:49:55 - [MESSAGE][INFO] - Finding web element with id: 'Object Repository/Kullanici_Islemleri/Secenekler' located by 'By.cssSelector: .nav.navbar-nav.navbar-right li a' in '10' second(s)

2021-11-23 16:49:55 - [MESSAGE][INFO] - Smart Wait Function is triggered

2021-11-23 16:49:56 - [MESSAGE][INFO] - Found 22 web elements with id: 'Object Repository/Kullanici_Islemleri/Secenekler' located by 'By.cssSelector: .nav.navbar-nav.navbar-right li a' in '10' second(s)

2021-11-23 16:49:57 - [MESSAGE][PASSED] - Method.TextDegerineEsitElementeTikla is PASSED

2021-11-23 16:49:57 - [TEST_STEP][PASSED] - verifyElementNotPresent(findTestObject("Object Repository/Kullanici_Islemleri/Secenekler"), 10): Web element with id: 'Object Repository/Kullanici_Islemleri/Secenekler' located by 'By.cssSelector: .nav.navbar-nav.navbar-right li a' is not present after '10' second(s)

2021-11-23 16:49:57 - [MESSAGE][INFO] - Finding Test Object 'Object Repository/Kullanici_Islemleri/Secenekler'

2021-11-23 16:49:57 - [MESSAGE][INFO] - Checking object

2021-11-23 16:49:57 - [MESSAGE][INFO] - Checking timeout

2021-11-23 16:49:57 - [MESSAGE][INFO] - Finding web element with id: 'Object Repository/Kullanici_Islemleri/Secenekler' located by 'By.cssSelector: .nav.navbar-nav.navbar-right li a' in '10' second(s)

2021-11-23 16:49:57 - [MESSAGE][INFO] - Smart Wait Function is triggered

2021-11-23 16:49:58 - [MESSAGE][PASSED] - Web element with id: 'Object Repository/Kullanici_Islemleri/Secenekler' located by 'By.cssSelector: .nav.navbar-nav.navbar-right li a' is not present after '10' second(s)

2021-11-23 16:49:58 - [MESSAGE][PASSED] - Call Test Case 'Test Cases/Kullanici_Islemleri/KullaniciIslemlerindenSecimYapilir' successfully

2021-11-23 16:49:58 - [TEST_CASE][PASSED] - Start Test Case : SCENARIO e-Serbest Meslek Makbuz Raporlari: SCENARIO e-Serbest Meslek Makbuz Raporlari

2021-11-23 16:49:58 - [TEST_STEP][PASSED] - Kullanıcı adı ELOGO6 ve Şifre 123456 olarak giriş yapılır: Kullanıcı adı ELOGO6 ve Şifre 123456 olarak giriş yapılır

2021-11-23 16:49:58 - [MESSAGE][PASSED] - Kullanıcı adı ELOGO6 ve Şifre 123456 olarak giriş yapılır

2021-11-23 16:49:58 - [TEST_STEP][PASSED] - Ana menüden e-Makbuz seçilir: Ana menüden e-Makbuz seçilir

2021-11-23 16:49:58 - [MESSAGE][PASSED] - Ana menüden e-Makbuz seçilir

2021-11-23 16:49:58 - [TEST_STEP][PASSED] - Alt menü e-Serbest Meslek Uygulaması başlığı altındaki e-Serbest Meslek Makbuz Raporları seçilir: Alt menü e-Serbest Meslek Uygulaması başlığı altındaki e-Serbest Meslek Makbuz Raporları seçilir

2021-11-23 16:49:58 - [MESSAGE][PASSED] - Alt menü e-Serbest Meslek Uygulaması başlığı altındaki e-Serbest Meslek Makbuz Raporları seçilir

2021-11-23 16:49:58 - [TEST_STEP][PASSED] - Filtrelerden Dönem Tarihi filtresine 2021 Ocak dropdowndan degeri seçilir: Filtrelerden Dönem Tarihi filtresine 2021 Ocak dropdowndan degeri seçilir

2021-11-23 16:49:58 - [MESSAGE][PASSED] - Filtrelerden Dönem Tarihi filtresine 2021 Ocak dropdowndan degeri seçilir

2021-11-23 16:49:58 - [TEST_STEP][PASSED] - Filtrelerden Bölüm Tarihi filtresine 11.01.2021 baslangic degerini yaz: Filtrelerden Bölüm Tarihi filtresine 11.01.2021 baslangic degerini yaz

2021-11-23 16:49:58 - [MESSAGE][PASSED] - Filtrelerden Bölüm Tarihi filtresine 11.01.2021 baslangic degerini yaz

2021-11-23 16:49:58 - [TEST_STEP][PASSED] - Filtrelerden Bölüm Tarihi filtresine 11.01.2021 bitis degerini yaz: Filtrelerden Bölüm Tarihi filtresine 11.01.2021 bitis degerini yaz

2021-11-23 16:49:58 - [MESSAGE][PASSED] - Filtrelerden Bölüm Tarihi filtresine 11.01.2021 bitis degerini yaz

2021-11-23 16:49:58 - [TEST_STEP][PASSED] - Filtre butonlarından Listele seçilir: Filtre butonlarından Listele seçilir

2021-11-23 16:49:58 - [MESSAGE][PASSED] - Filtre butonlarından Listele seçilir

2021-11-23 16:49:58 - [TEST_STEP][PASSED] - Tabloda veri var mı kontrol edilir: Tabloda veri var mı kontrol edilir

2021-11-23 16:49:58 - [MESSAGE][PASSED] - Tabloda veri var mı kontrol edilir

2021-11-23 16:49:58 - [TEST_STEP][PASSED] - Tablodan 1641 isimli veri seçilir: Tablodan 1641 isimli veri seçilir

2021-11-23 16:49:58 - [MESSAGE][PASSED] - Tablodan 1641 isimli veri seçilir

2021-11-23 16:49:58 - [TEST_STEP][PASSED] - Butonlardan İzleme Kayıtları isimli butona tıklanır: Butonlardan İzleme Kayıtları isimli butona tıklanır

2021-11-23 16:49:58 - [MESSAGE][PASSED] - Butonlardan İzleme Kayıtları isimli butona tıklanır

2021-11-23 16:49:58 - [TEST_STEP][PASSED] - Yeni açılan sekmeye geçilir: Yeni açılan sekmeye geçilir

2021-11-23 16:49:58 - [MESSAGE][PASSED] - Yeni açılan sekmeye geçilir

2021-11-23 16:49:58 - [TEST_STEP][PASSED] - Serbest Meslek Makbuzu Rapor İzleme Kayıtları baslikli gecmis sayfasi geldi mi: Serbest Meslek Makbuzu Rapor İzleme Kayıtları baslikli gecmis sayfasi geldi mi

2021-11-23 16:49:58 - [MESSAGE][PASSED] - Serbest Meslek Makbuzu Rapor İzleme Kayıtları baslikli gecmis sayfasi geldi mi

2021-11-23 16:49:58 - [TEST_STEP][PASSED] - Ana sekmeye geçilir: Ana sekmeye geçilir

2021-11-23 16:49:58 - [MESSAGE][PASSED] - Ana sekmeye geçilir

2021-11-23 16:49:58 - [TEST_STEP][PASSED] - Kullanıcı işlemlerinden Çıkış seçilir: Kullanıcı işlemlerinden Çıkış seçilir

2021-11-23 16:49:58 - [MESSAGE][PASSED] - Kullanıcı işlemlerinden Çıkış seçilir

2021-11-23 16:49:58 - [MESSAGE][PASSED] - Feature file: 'Include/features/e-Makbuz/e-Serbest Meslek Uygulaması/e-Serbest Meslek Makbuz Raporlari/Izleme Kayitlari.feature' was passed

2021-11-23 16:49:58 - [TEST_STEP][PASSED] - Start listener action : sampleAfterTestSuite: Invoke 'com.kms.katalon.core.annotation.AfterTestCase' method: 'Listener.sampleAfterTestSuite(...)' completed.

2021-11-23 16:49:58 - [MESSAGE][INFO] - Starting invoke 'com.kms.katalon.core.annotation.AfterTestCase' method: 'Listener.sampleAfterTestSuite(...)'

2021-11-23 16:49:58 - [TEST_STEP][PASSED] - closeBrowser(): Invoke 'com.kms.katalon.core.annotation.AfterTestCase' method: 'Listener.sampleAfterTestSuite(...)' completed.

2021-11-23 16:49:58 - [MESSAGE][INFO] - Closing browser

2021-11-23 16:49:58 - [MESSAGE][PASSED] - Browser is closed

2021-11-23 16:49:58 - [MESSAGE][INFO] - Invoke 'com.kms.katalon.core.annotation.AfterTestCase' method: 'Listener.sampleAfterTestSuite(...)' completed.]]></system-out>
         <system-err><![CDATA[]]></system-err>
      </testcase>
      <testcase name="Test Cases/Case Repository/e-Makbuz/e-Serbest Meslek Uygulamasi/e-Serbest Meslek Makbuz Raporlari/Rapor" time="42.088" classname="Test Cases/Case Repository/e-Makbuz/e-Serbest Meslek Uygulamasi/e-Serbest Meslek Makbuz Raporlari/Rapor" status="PASSED">
         <system-out><![CDATA[2021-11-23 16:49:58 - [TEST_CASE][PASSED] - Test Cases/Case Repository/e-Makbuz/e-Serbest Meslek Uygulamasi/e-Serbest Meslek Makbuz Raporlari/Rapor: Test Cases/Case Repository/e-Makbuz/e-Serbest Meslek Uygulamasi/e-Serbest Meslek Makbuz Raporlari/Rapor

2021-11-23 16:49:58 - [TEST_STEP][PASSED] - Start listener action : sampleBeforeTestSuite: Invoke 'com.kms.katalon.core.annotation.BeforeTestCase' method: 'Listener.sampleBeforeTestSuite(...)' completed.

2021-11-23 16:49:58 - [MESSAGE][INFO] - Starting invoke 'com.kms.katalon.core.annotation.BeforeTestCase' method: 'Listener.sampleBeforeTestSuite(...)'

2021-11-23 16:49:58 - [TEST_STEP][PASSED] - openBrowser(baseUrl): Browser is opened with url: 'https://efatura-stage.elogo.com.tr/'

2021-11-23 16:49:58 - [MESSAGE][INFO] - Opening browser

2021-11-23 16:49:58 - [MESSAGE][INFO] - Starting 'Chrome' driver

2021-11-23 16:49:58 - [MESSAGE][INFO] - User set preference: ['prefs', '{download.default_directory=C:\otomasyondownfiles}']

2021-11-23 16:49:58 - [MESSAGE][INFO] - Action delay is set to 0 milliseconds

2021-11-23 16:50:00 - [MESSAGE][INFO] - Navigating browser to: 'https://efatura-stage.elogo.com.tr/'

2021-11-23 16:50:03 - [MESSAGE][PASSED] - Browser is opened with url: 'https://efatura-stage.elogo.com.tr/'

2021-11-23 16:50:03 - [TEST_STEP][PASSED] - maximizeWindow(): Invoke 'com.kms.katalon.core.annotation.BeforeTestCase' method: 'Listener.sampleBeforeTestSuite(...)' completed.

2021-11-23 16:50:03 - [MESSAGE][INFO] - Maximizing current window

2021-11-23 16:50:04 - [MESSAGE][PASSED] - Current window maximized

2021-11-23 16:50:04 - [MESSAGE][INFO] - Invoke 'com.kms.katalon.core.annotation.BeforeTestCase' method: 'Listener.sampleBeforeTestSuite(...)' completed.

2021-11-23 16:50:04 - [TEST_STEP][PASSED] - runFeatureFile("Include/features/e-Makbuz/e-Serbest Meslek Uygulaması/e-Serbest Meslek Makbuz Raporlari/Rapor.feature"): Feature file: 'Include/features/e-Makbuz/e-Serbest Meslek Uygulaması/e-Serbest Meslek Makbuz Raporlari/Rapor.feature' was passed

2021-11-23 16:50:04 - [MESSAGE][INFO] - Starting run keyword runFeatureFile: 'Include/features/e-Makbuz/e-Serbest Meslek Uygulaması/e-Serbest Meslek Makbuz Raporlari/Rapor.feature' and extract report to folder: 'C:\Users\DELL\Documents\GitHub\EES_KatalonLogo\Reports\20211123_163326\Suite Repository\e-Makbuz\20211123_163348/cucumber_report/1637675404797'...

2021-11-23 16:50:04 - [MESSAGE][INFO] - Glue: []

2021-11-23 16:50:07 - [MESSAGE][INFO] - Checking called Test Case

2021-11-23 16:50:07 - [MESSAGE][INFO] - Starting to call Test Case 'Test Cases/Sayfalar/Giris_Sayfasi/Login'

2021-11-23 16:50:07 - [TEST_CASE][PASSED] - Test Cases/Sayfalar/Giris_Sayfasi/Login: Test Cases/Sayfalar/Giris_Sayfasi/Login

2021-11-23 16:50:07 - [TEST_STEP][PASSED] - Sayfa_Basligi = getWindowTitle(): Current window's title is: 'LOGO e-Fatura'

2021-11-23 16:50:07 - [MESSAGE][INFO] - Getting current window's title

2021-11-23 16:50:07 - [MESSAGE][PASSED] - Current window's title is: 'LOGO e-Fatura'

2021-11-23 16:50:07 - [TEST_STEP][PASSED] - verifyMatch(Sayfa_Basligi, "LOGO e-Fatura", false): Actual text 'LOGO e-Fatura' and expected text 'LOGO e-Fatura' are matched 

2021-11-23 16:50:07 - [MESSAGE][INFO] - Matching actual text 'LOGO e-Fatura' with expected text 'LOGO e-Fatura'

2021-11-23 16:50:07 - [MESSAGE][PASSED] - Actual text 'LOGO e-Fatura' and expected text 'LOGO e-Fatura' are matched 

2021-11-23 16:50:07 - [TEST_STEP][PASSED] - sendKeys(findTestObject("Sayfalar/Giris_Sayfasi/Firma_Kodu"), KullaniciAdi): Keys 'ELOGO6' sent to object: 'Object Repository/Sayfalar/Giris_Sayfasi/Firma_Kodu'

2021-11-23 16:50:07 - [MESSAGE][INFO] - Finding Test Object 'Object Repository/Sayfalar/Giris_Sayfasi/Firma_Kodu'

2021-11-23 16:50:08 - [MESSAGE][INFO] - Sending keys 'ELOGO6' to object: 'Object Repository/Sayfalar/Giris_Sayfasi/Firma_Kodu'

2021-11-23 16:50:08 - [MESSAGE][INFO] - Finding web element from Test Object's properties

2021-11-23 16:50:08 - [MESSAGE][INFO] - Checking timeout

2021-11-23 16:50:08 - [MESSAGE][INFO] - Finding web element with id: 'Object Repository/Sayfalar/Giris_Sayfasi/Firma_Kodu' located by 'By.xpath: //*[@id = 'AccountName']' in '30' second(s)

2021-11-23 16:50:08 - [MESSAGE][INFO] - Smart Wait Function is triggered

2021-11-23 16:50:08 - [MESSAGE][INFO] - Found 1 web elements with id: 'Object Repository/Sayfalar/Giris_Sayfasi/Firma_Kodu' located by 'By.xpath: //*[@id = 'AccountName']' in '30' second(s)

2021-11-23 16:50:08 - [MESSAGE][PASSED] - Keys 'ELOGO6' sent to object: 'Object Repository/Sayfalar/Giris_Sayfasi/Firma_Kodu'

2021-11-23 16:50:08 - [TEST_STEP][PASSED] - sendKeys(findTestObject("Sayfalar/Giris_Sayfasi/Sifre"), Sifre): Keys '123456' sent to object: 'Object Repository/Sayfalar/Giris_Sayfasi/Sifre'

2021-11-23 16:50:08 - [MESSAGE][INFO] - Finding Test Object 'Object Repository/Sayfalar/Giris_Sayfasi/Sifre'

2021-11-23 16:50:08 - [MESSAGE][INFO] - Sending keys '123456' to object: 'Object Repository/Sayfalar/Giris_Sayfasi/Sifre'

2021-11-23 16:50:08 - [MESSAGE][INFO] - Finding web element from Test Object's properties

2021-11-23 16:50:08 - [MESSAGE][INFO] - Checking timeout

2021-11-23 16:50:08 - [MESSAGE][INFO] - Finding web element with id: 'Object Repository/Sayfalar/Giris_Sayfasi/Sifre' located by 'By.xpath: //*[@id = 'Password']' in '30' second(s)

2021-11-23 16:50:08 - [MESSAGE][INFO] - Smart Wait Function is triggered

2021-11-23 16:50:08 - [MESSAGE][INFO] - Found 1 web elements with id: 'Object Repository/Sayfalar/Giris_Sayfasi/Sifre' located by 'By.xpath: //*[@id = 'Password']' in '30' second(s)

2021-11-23 16:50:09 - [MESSAGE][PASSED] - Keys '123456' sent to object: 'Object Repository/Sayfalar/Giris_Sayfasi/Sifre'

2021-11-23 16:50:09 - [TEST_STEP][PASSED] - findWebElement(findTestObject("Sayfalar/Giris_Sayfasi/Giris_Butonu")).click(): Found 1 web elements with id: 'Object Repository/Sayfalar/Giris_Sayfasi/Giris_Butonu' located by 'By.cssSelector: #btnLogin' in '30' second(s)

2021-11-23 16:50:09 - [MESSAGE][INFO] - Finding Test Object 'Object Repository/Sayfalar/Giris_Sayfasi/Giris_Butonu'

2021-11-23 16:50:09 - [MESSAGE][INFO] - Finding web element from Test Object's properties

2021-11-23 16:50:09 - [MESSAGE][INFO] - Checking timeout

2021-11-23 16:50:09 - [MESSAGE][INFO] - Finding web element with id: 'Object Repository/Sayfalar/Giris_Sayfasi/Giris_Butonu' located by 'By.cssSelector: #btnLogin' in '30' second(s)

2021-11-23 16:50:09 - [MESSAGE][INFO] - Smart Wait Function is triggered

2021-11-23 16:50:09 - [MESSAGE][INFO] - Found 1 web elements with id: 'Object Repository/Sayfalar/Giris_Sayfasi/Giris_Butonu' located by 'By.cssSelector: #btnLogin' in '30' second(s)

2021-11-23 16:50:12 - [TEST_STEP][PASSED] - if (verifyElementPresent(findTestObject("Object Repository/Sayfalar/Giris_Sayfasi/RetveTamam_Butonu"), 5, OPTIONAL)): null

2021-11-23 16:50:12 - [MESSAGE][INFO] - Finding Test Object 'Object Repository/Sayfalar/Giris_Sayfasi/RetveTamam_Butonu'

2021-11-23 16:50:12 - [MESSAGE][INFO] - Checking object

2021-11-23 16:50:12 - [MESSAGE][INFO] - Finding web element from Test Object's properties

2021-11-23 16:50:12 - [MESSAGE][INFO] - Checking timeout

2021-11-23 16:50:12 - [MESSAGE][INFO] - Finding web element with id: 'Object Repository/Sayfalar/Giris_Sayfasi/RetveTamam_Butonu' located by 'By.xpath: //*[@class = 'btn btn-default']' in '5' second(s)

2021-11-23 16:50:12 - [MESSAGE][INFO] - Smart Wait Function is triggered

2021-11-23 16:50:12 - [MESSAGE][INFO] - Found 1 web elements with id: 'Object Repository/Sayfalar/Giris_Sayfasi/RetveTamam_Butonu' located by 'By.xpath: //*[@class = 'btn btn-default']' in '5' second(s)

2021-11-23 16:50:12 - [MESSAGE][PASSED] - Object 'Object Repository/Sayfalar/Giris_Sayfasi/RetveTamam_Butonu' is present

2021-11-23 16:50:12 - [TEST_STEP][PASSED] - click(findTestObject("Object Repository/Sayfalar/Giris_Sayfasi/RetveTamam_Butonu")): Object: 'Object Repository/Sayfalar/Giris_Sayfasi/RetveTamam_Butonu' is clicked on

2021-11-23 16:50:12 - [MESSAGE][INFO] - Finding Test Object 'Object Repository/Sayfalar/Giris_Sayfasi/RetveTamam_Butonu'

2021-11-23 16:50:12 - [MESSAGE][INFO] - Checking object

2021-11-23 16:50:12 - [MESSAGE][INFO] - Finding web element from Test Object's properties

2021-11-23 16:50:12 - [MESSAGE][INFO] - Checking timeout

2021-11-23 16:50:12 - [MESSAGE][INFO] - Finding web element with id: 'Object Repository/Sayfalar/Giris_Sayfasi/RetveTamam_Butonu' located by 'By.xpath: //*[@class = 'btn btn-default']' in '30' second(s)

2021-11-23 16:50:12 - [MESSAGE][INFO] - Smart Wait Function is triggered

2021-11-23 16:50:13 - [MESSAGE][INFO] - Found 1 web elements with id: 'Object Repository/Sayfalar/Giris_Sayfasi/RetveTamam_Butonu' located by 'By.xpath: //*[@class = 'btn btn-default']' in '30' second(s)

2021-11-23 16:50:13 - [MESSAGE][INFO] - Clicking on object: 'Object Repository/Sayfalar/Giris_Sayfasi/RetveTamam_Butonu'

2021-11-23 16:50:13 - [MESSAGE][PASSED] - Object: 'Object Repository/Sayfalar/Giris_Sayfasi/RetveTamam_Butonu' is clicked on

2021-11-23 16:50:13 - [TEST_STEP][PASSED] - click(findTestObject("Object Repository/Sayfalar/Giris_Sayfasi/RetveTamam_Butonu")): Object: 'Object Repository/Sayfalar/Giris_Sayfasi/RetveTamam_Butonu' is clicked on

2021-11-23 16:50:13 - [MESSAGE][INFO] - Finding Test Object 'Object Repository/Sayfalar/Giris_Sayfasi/RetveTamam_Butonu'

2021-11-23 16:50:13 - [MESSAGE][INFO] - Checking object

2021-11-23 16:50:13 - [MESSAGE][INFO] - Finding web element from Test Object's properties

2021-11-23 16:50:13 - [MESSAGE][INFO] - Checking timeout

2021-11-23 16:50:13 - [MESSAGE][INFO] - Finding web element with id: 'Object Repository/Sayfalar/Giris_Sayfasi/RetveTamam_Butonu' located by 'By.xpath: //*[@class = 'btn btn-default']' in '30' second(s)

2021-11-23 16:50:13 - [MESSAGE][INFO] - Smart Wait Function is triggered

2021-11-23 16:50:16 - [MESSAGE][INFO] - Found 1 web elements with id: 'Object Repository/Sayfalar/Giris_Sayfasi/RetveTamam_Butonu' located by 'By.xpath: //*[@class = 'btn btn-default']' in '30' second(s)

2021-11-23 16:50:16 - [MESSAGE][INFO] - Clicking on object: 'Object Repository/Sayfalar/Giris_Sayfasi/RetveTamam_Butonu'

2021-11-23 16:50:16 - [MESSAGE][PASSED] - Object: 'Object Repository/Sayfalar/Giris_Sayfasi/RetveTamam_Butonu' is clicked on

2021-11-23 16:50:16 - [TEST_STEP][PASSED] - if (verifyElementPresent(findTestObject("Sayfalar/Giris_Sayfasi/PopupOK"), 5, OPTIONAL)): null

2021-11-23 16:50:16 - [MESSAGE][INFO] - Finding Test Object 'Object Repository/Sayfalar/Giris_Sayfasi/PopupOK'

2021-11-23 16:50:16 - [MESSAGE][INFO] - Checking object

2021-11-23 16:50:16 - [MESSAGE][INFO] - Finding web element from Test Object's properties

2021-11-23 16:50:16 - [MESSAGE][INFO] - Checking timeout

2021-11-23 16:50:16 - [MESSAGE][INFO] - Finding web element with id: 'Object Repository/Sayfalar/Giris_Sayfasi/PopupOK' located by 'By.cssSelector: .btn.btn-success' in '5' second(s)

2021-11-23 16:50:16 - [MESSAGE][INFO] - Smart Wait Function is triggered

2021-11-23 16:50:17 - [MESSAGE][INFO] - Found 1 web elements with id: 'Object Repository/Sayfalar/Giris_Sayfasi/PopupOK' located by 'By.cssSelector: .btn.btn-success' in '5' second(s)

2021-11-23 16:50:17 - [MESSAGE][PASSED] - Object 'Object Repository/Sayfalar/Giris_Sayfasi/PopupOK' is present

2021-11-23 16:50:17 - [TEST_STEP][PASSED] - click(findTestObject("Object Repository/Sayfalar/Giris_Sayfasi/PopupCarpiGiris")): Object: 'Object Repository/Sayfalar/Giris_Sayfasi/PopupCarpiGiris' is clicked on

2021-11-23 16:50:17 - [MESSAGE][INFO] - Finding Test Object 'Object Repository/Sayfalar/Giris_Sayfasi/PopupCarpiGiris'

2021-11-23 16:50:17 - [MESSAGE][INFO] - Checking object

2021-11-23 16:50:17 - [MESSAGE][INFO] - Finding web element from Test Object's properties

2021-11-23 16:50:17 - [MESSAGE][INFO] - Checking timeout

2021-11-23 16:50:17 - [MESSAGE][INFO] - Finding web element with id: 'Object Repository/Sayfalar/Giris_Sayfasi/PopupCarpiGiris' located by 'By.cssSelector: .bootbox-close-button.close' in '30' second(s)

2021-11-23 16:50:17 - [MESSAGE][INFO] - Smart Wait Function is triggered

2021-11-23 16:50:17 - [MESSAGE][INFO] - Found 1 web elements with id: 'Object Repository/Sayfalar/Giris_Sayfasi/PopupCarpiGiris' located by 'By.cssSelector: .bootbox-close-button.close' in '30' second(s)

2021-11-23 16:50:17 - [MESSAGE][INFO] - Clicking on object: 'Object Repository/Sayfalar/Giris_Sayfasi/PopupCarpiGiris'

2021-11-23 16:50:17 - [MESSAGE][PASSED] - Object: 'Object Repository/Sayfalar/Giris_Sayfasi/PopupCarpiGiris' is clicked on

2021-11-23 16:50:17 - [TEST_STEP][PASSED] - verifyElementVisible(findTestObject("Object Repository/Kullanici_Islemleri/KullaniciIslemleri")): Object 'Object Repository/Kullanici_Islemleri/KullaniciIslemleri' is visible

2021-11-23 16:50:17 - [MESSAGE][INFO] - Finding Test Object 'Object Repository/Kullanici_Islemleri/KullaniciIslemleri'

2021-11-23 16:50:17 - [MESSAGE][INFO] - Checking object

2021-11-23 16:50:17 - [MESSAGE][INFO] - Finding web element from Test Object's properties

2021-11-23 16:50:17 - [MESSAGE][INFO] - Checking timeout

2021-11-23 16:50:17 - [MESSAGE][INFO] - Finding web element with id: 'Object Repository/Kullanici_Islemleri/KullaniciIslemleri' located by 'By.cssSelector: .dropdown>a>img' in '30' second(s)

2021-11-23 16:50:17 - [MESSAGE][INFO] - Smart Wait Function is triggered

2021-11-23 16:50:18 - [MESSAGE][INFO] - Found 1 web elements with id: 'Object Repository/Kullanici_Islemleri/KullaniciIslemleri' located by 'By.cssSelector: .dropdown>a>img' in '30' second(s)

2021-11-23 16:50:18 - [MESSAGE][PASSED] - Object 'Object Repository/Kullanici_Islemleri/KullaniciIslemleri' is visible

2021-11-23 16:50:18 - [MESSAGE][PASSED] - Call Test Case 'Test Cases/Sayfalar/Giris_Sayfasi/Login' successfully

2021-11-23 16:50:18 - [MESSAGE][INFO] - Checking called Test Case

2021-11-23 16:50:18 - [MESSAGE][INFO] - Starting to call Test Case 'Test Cases/Menu/AnaMenuSecimi'

2021-11-23 16:50:18 - [TEST_CASE][PASSED] - Test Cases/Menu/AnaMenuSecimi: Test Cases/Menu/AnaMenuSecimi

2021-11-23 16:50:18 - [TEST_STEP][PASSED] - Method.TextDegerineEsitElementeTikla(findTestObject("Menu/Ana_Menu"), Ana_Menu): Method.TextDegerineEsitElementeTikla is PASSED

2021-11-23 16:50:18 - [MESSAGE][INFO] - Finding Test Object 'Object Repository/Menu/Ana_Menu'

2021-11-23 16:50:18 - [MESSAGE][INFO] - Checking timeout

2021-11-23 16:50:18 - [MESSAGE][INFO] - Finding web element with id: 'Object Repository/Menu/Ana_Menu' located by 'By.xpath: //*[@class = 'dropdown-toggle']' in '10' second(s)

2021-11-23 16:50:18 - [MESSAGE][INFO] - Smart Wait Function is triggered

2021-11-23 16:50:18 - [MESSAGE][INFO] - Found 14 web elements with id: 'Object Repository/Menu/Ana_Menu' located by 'By.xpath: //*[@class = 'dropdown-toggle']' in '10' second(s)

2021-11-23 16:50:18 - [MESSAGE][PASSED] - Method.TextDegerineEsitElementeTikla is PASSED

2021-11-23 16:50:18 - [MESSAGE][PASSED] - Call Test Case 'Test Cases/Menu/AnaMenuSecimi' successfully

2021-11-23 16:50:19 - [MESSAGE][INFO] - Checking called Test Case

2021-11-23 16:50:19 - [MESSAGE][INFO] - Starting to call Test Case 'Test Cases/Menu/BasligaGoreAltMenuSecimi'

2021-11-23 16:50:19 - [TEST_CASE][PASSED] - Test Cases/Menu/BasligaGoreAltMenuSecimi: Test Cases/Menu/BasligaGoreAltMenuSecimi

2021-11-23 16:50:19 - [TEST_STEP][PASSED] - Method.TextDegerineEsitElementinAltindakiTextDegerineEsitOlanaTikla(findTestObject("Menu/Menu_Basligi"), findTestObject("Menu/Basliga_Gore_Alt_Menu"), Baslik, Alt_Menu): Method.TextDegerineEsitElementinAltindakiTextDegerineEsitOlanaTikla is PASSED

2021-11-23 16:50:19 - [MESSAGE][INFO] - Finding Test Object 'Object Repository/Menu/Menu_Basligi'

2021-11-23 16:50:19 - [MESSAGE][INFO] - Finding Test Object 'Object Repository/Menu/Basliga_Gore_Alt_Menu'

2021-11-23 16:50:19 - [MESSAGE][INFO] - Checking timeout

2021-11-23 16:50:19 - [MESSAGE][INFO] - Finding web element with id: 'Object Repository/Menu/Menu_Basligi' located by 'By.xpath: //li[@class='dropdown dropdown-large open']//li[@class='dropdown-header']' in '10' second(s)

2021-11-23 16:50:19 - [MESSAGE][INFO] - Smart Wait Function is triggered

2021-11-23 16:50:19 - [MESSAGE][INFO] - Found 2 web elements with id: 'Object Repository/Menu/Menu_Basligi' located by 'By.xpath: //li[@class='dropdown dropdown-large open']//li[@class='dropdown-header']' in '10' second(s)

2021-11-23 16:50:19 - [MESSAGE][INFO] - Smart Wait Function is triggered

2021-11-23 16:50:22 - [MESSAGE][PASSED] - Method.TextDegerineEsitElementinAltindakiTextDegerineEsitOlanaTikla is PASSED

2021-11-23 16:50:22 - [MESSAGE][PASSED] - Call Test Case 'Test Cases/Menu/BasligaGoreAltMenuSecimi' successfully

2021-11-23 16:50:22 - [MESSAGE][INFO] - Checking called Test Case

2021-11-23 16:50:22 - [MESSAGE][INFO] - Starting to call Test Case 'Test Cases/Filtreler/DropdownSec'

2021-11-23 16:50:22 - [TEST_CASE][PASSED] - Test Cases/Filtreler/DropdownSec: Test Cases/Filtreler/DropdownSec

2021-11-23 16:50:22 - [TEST_STEP][PASSED] - Method.TextDegerineEsitElementinAltindakineTikla(findTestObject("Filtreler/Basliklar"), findTestObject("Filtreler/Basliga_Gore_Baslangic_Image"), Filtre_Adi): Method.TextDegerineEsitElementinAltindakineTikla is PASSED

2021-11-23 16:50:22 - [MESSAGE][INFO] - Finding Test Object 'Object Repository/Filtreler/Basliklar'

2021-11-23 16:50:22 - [MESSAGE][INFO] - Finding Test Object 'Object Repository/Filtreler/Basliga_Gore_Baslangic_Image'

2021-11-23 16:50:22 - [MESSAGE][INFO] - Checking timeout

2021-11-23 16:50:22 - [MESSAGE][INFO] - Finding web element with id: 'Object Repository/Filtreler/Basliklar' located by 'By.cssSelector: .control-label.col-sm-4.paddingMarginRLC' in '10' second(s)

2021-11-23 16:50:22 - [MESSAGE][INFO] - Smart Wait Function is triggered

2021-11-23 16:50:22 - [MESSAGE][INFO] - Found 5 web elements with id: 'Object Repository/Filtreler/Basliklar' located by 'By.cssSelector: .control-label.col-sm-4.paddingMarginRLC' in '10' second(s)

2021-11-23 16:50:22 - [MESSAGE][INFO] - Smart Wait Function is triggered

2021-11-23 16:50:23 - [MESSAGE][PASSED] - Method.TextDegerineEsitElementinAltindakineTikla is PASSED

2021-11-23 16:50:23 - [TEST_STEP][PASSED] - Method.TextDegerineEsitElementeTikla(findTestObject("Object Repository/Filtreler/Basliga_Gore_Dropdown"), Filtre_Degeri): Method.TextDegerineEsitElementeTikla is PASSED

2021-11-23 16:50:23 - [MESSAGE][INFO] - Finding Test Object 'Object Repository/Filtreler/Basliga_Gore_Dropdown'

2021-11-23 16:50:23 - [MESSAGE][INFO] - Checking timeout

2021-11-23 16:50:23 - [MESSAGE][INFO] - Finding web element with id: 'Object Repository/Filtreler/Basliga_Gore_Dropdown' located by 'By.xpath: //*[@class = 'dxeListBoxItemRow_LECustomTheme']' in '10' second(s)

2021-11-23 16:50:23 - [MESSAGE][INFO] - Smart Wait Function is triggered

2021-11-23 16:50:23 - [MESSAGE][INFO] - Found 59 web elements with id: 'Object Repository/Filtreler/Basliga_Gore_Dropdown' located by 'By.xpath: //*[@class = 'dxeListBoxItemRow_LECustomTheme']' in '10' second(s)

2021-11-23 16:50:23 - [MESSAGE][PASSED] - Method.TextDegerineEsitElementeTikla is PASSED

2021-11-23 16:50:23 - [MESSAGE][PASSED] - Call Test Case 'Test Cases/Filtreler/DropdownSec' successfully

2021-11-23 16:50:23 - [MESSAGE][INFO] - Checking called Test Case

2021-11-23 16:50:23 - [MESSAGE][INFO] - Starting to call Test Case 'Test Cases/Filtreler/BaslangicYaz'

2021-11-23 16:50:23 - [TEST_CASE][PASSED] - Test Cases/Filtreler/BaslangicYaz: Test Cases/Filtreler/BaslangicYaz

2021-11-23 16:50:23 - [TEST_STEP][PASSED] - delay(3): Delayed 3 second(s)

2021-11-23 16:50:23 - [MESSAGE][INFO] - Delaying browser in 3 second(s)

2021-11-23 16:50:26 - [MESSAGE][PASSED] - Delayed 3 second(s)

2021-11-23 16:50:26 - [TEST_STEP][PASSED] - Method.TextDegerineEsitElementinAltindakineTikla(findTestObject("Filtreler/Basliklar"), findTestObject("Filtreler/Basliga_Gore_Baslangic_Image"), Filtre_Adi): Method.TextDegerineEsitElementinAltindakineTikla is PASSED

2021-11-23 16:50:26 - [MESSAGE][INFO] - Finding Test Object 'Object Repository/Filtreler/Basliklar'

2021-11-23 16:50:26 - [MESSAGE][INFO] - Finding Test Object 'Object Repository/Filtreler/Basliga_Gore_Baslangic_Image'

2021-11-23 16:50:27 - [MESSAGE][INFO] - Checking timeout

2021-11-23 16:50:27 - [MESSAGE][INFO] - Finding web element with id: 'Object Repository/Filtreler/Basliklar' located by 'By.cssSelector: .control-label.col-sm-4.paddingMarginRLC' in '10' second(s)

2021-11-23 16:50:27 - [MESSAGE][INFO] - Smart Wait Function is triggered

2021-11-23 16:50:27 - [MESSAGE][INFO] - Found 5 web elements with id: 'Object Repository/Filtreler/Basliklar' located by 'By.cssSelector: .control-label.col-sm-4.paddingMarginRLC' in '10' second(s)

2021-11-23 16:50:27 - [MESSAGE][INFO] - Smart Wait Function is triggered

2021-11-23 16:50:27 - [MESSAGE][PASSED] - Method.TextDegerineEsitElementinAltindakineTikla is PASSED

2021-11-23 16:50:27 - [TEST_STEP][PASSED] - Method.TextDegerineEsitElementinAltindakiTextboxtaYaz(findTestObject("Filtreler/Basliklar"), findTestObject("Filtreler/Basliga_Gore_Baslangic"), Filtre_Adi, Filtre_Degeri): Method.TextDegerineEsitElementinAltindakiTextboxtaYaz is PASSED

2021-11-23 16:50:27 - [MESSAGE][INFO] - Finding Test Object 'Object Repository/Filtreler/Basliklar'

2021-11-23 16:50:27 - [MESSAGE][INFO] - Finding Test Object 'Object Repository/Filtreler/Basliga_Gore_Baslangic'

2021-11-23 16:50:27 - [MESSAGE][INFO] - Checking timeout

2021-11-23 16:50:27 - [MESSAGE][INFO] - Finding web element with id: 'Object Repository/Filtreler/Basliklar' located by 'By.cssSelector: .control-label.col-sm-4.paddingMarginRLC' in '10' second(s)

2021-11-23 16:50:27 - [MESSAGE][INFO] - Smart Wait Function is triggered

2021-11-23 16:50:28 - [MESSAGE][INFO] - Found 5 web elements with id: 'Object Repository/Filtreler/Basliklar' located by 'By.cssSelector: .control-label.col-sm-4.paddingMarginRLC' in '10' second(s)

2021-11-23 16:50:28 - [MESSAGE][INFO] - Smart Wait Function is triggered

2021-11-23 16:50:28 - [MESSAGE][PASSED] - Method.TextDegerineEsitElementinAltindakiTextboxtaYaz is PASSED

2021-11-23 16:50:28 - [MESSAGE][PASSED] - Call Test Case 'Test Cases/Filtreler/BaslangicYaz' successfully

2021-11-23 16:50:28 - [MESSAGE][INFO] - Checking called Test Case

2021-11-23 16:50:28 - [MESSAGE][INFO] - Starting to call Test Case 'Test Cases/Filtreler/BitisYaz'

2021-11-23 16:50:28 - [TEST_CASE][PASSED] - Test Cases/Filtreler/BitisYaz: Test Cases/Filtreler/BitisYaz

2021-11-23 16:50:28 - [TEST_STEP][PASSED] - Method.TextDegerineEsitElementinAltindakineTikla(findTestObject("Filtreler/Basliklar"), findTestObject("Filtreler/Basliga_Gore_Bitis_Image"), Filtre_Adi): Method.TextDegerineEsitElementinAltindakineTikla is PASSED

2021-11-23 16:50:28 - [MESSAGE][INFO] - Finding Test Object 'Object Repository/Filtreler/Basliklar'

2021-11-23 16:50:28 - [MESSAGE][INFO] - Finding Test Object 'Object Repository/Filtreler/Basliga_Gore_Bitis_Image'

2021-11-23 16:50:29 - [MESSAGE][INFO] - Checking timeout

2021-11-23 16:50:29 - [MESSAGE][INFO] - Finding web element with id: 'Object Repository/Filtreler/Basliklar' located by 'By.cssSelector: .control-label.col-sm-4.paddingMarginRLC' in '10' second(s)

2021-11-23 16:50:29 - [MESSAGE][INFO] - Smart Wait Function is triggered

2021-11-23 16:50:29 - [MESSAGE][INFO] - Found 5 web elements with id: 'Object Repository/Filtreler/Basliklar' located by 'By.cssSelector: .control-label.col-sm-4.paddingMarginRLC' in '10' second(s)

2021-11-23 16:50:29 - [MESSAGE][INFO] - Smart Wait Function is triggered

2021-11-23 16:50:29 - [MESSAGE][PASSED] - Method.TextDegerineEsitElementinAltindakineTikla is PASSED

2021-11-23 16:50:29 - [TEST_STEP][PASSED] - Method.TextDegerineEsitElementinAltindakiTextboxtaYaz(findTestObject("Filtreler/Basliklar"), findTestObject("Object Repository/Filtreler/Basliga_Gore_Bitis"), Filtre_Adi, Filtre_Degeri): Method.TextDegerineEsitElementinAltindakiTextboxtaYaz is PASSED

2021-11-23 16:50:29 - [MESSAGE][INFO] - Finding Test Object 'Object Repository/Filtreler/Basliklar'

2021-11-23 16:50:29 - [MESSAGE][INFO] - Finding Test Object 'Object Repository/Filtreler/Basliga_Gore_Bitis'

2021-11-23 16:50:29 - [MESSAGE][INFO] - Checking timeout

2021-11-23 16:50:29 - [MESSAGE][INFO] - Finding web element with id: 'Object Repository/Filtreler/Basliklar' located by 'By.cssSelector: .control-label.col-sm-4.paddingMarginRLC' in '10' second(s)

2021-11-23 16:50:29 - [MESSAGE][INFO] - Smart Wait Function is triggered

2021-11-23 16:50:30 - [MESSAGE][INFO] - Found 5 web elements with id: 'Object Repository/Filtreler/Basliklar' located by 'By.cssSelector: .control-label.col-sm-4.paddingMarginRLC' in '10' second(s)

2021-11-23 16:50:30 - [MESSAGE][INFO] - Smart Wait Function is triggered

2021-11-23 16:50:30 - [MESSAGE][PASSED] - Method.TextDegerineEsitElementinAltindakiTextboxtaYaz is PASSED

2021-11-23 16:50:30 - [MESSAGE][PASSED] - Call Test Case 'Test Cases/Filtreler/BitisYaz' successfully

2021-11-23 16:50:30 - [MESSAGE][INFO] - Checking called Test Case

2021-11-23 16:50:30 - [MESSAGE][INFO] - Starting to call Test Case 'Test Cases/Filtreler/ButonaTikla'

2021-11-23 16:50:30 - [TEST_CASE][PASSED] - Test Cases/Filtreler/ButonaTikla: Test Cases/Filtreler/ButonaTikla

2021-11-23 16:50:30 - [TEST_STEP][PASSED] - Method.TextDegerineEsitElementeTikla(findTestObject("Filtreler/Butonlar"), Filtre_Buton): Method.TextDegerineEsitElementeTikla is PASSED

2021-11-23 16:50:30 - [MESSAGE][INFO] - Finding Test Object 'Object Repository/Filtreler/Butonlar'

2021-11-23 16:50:30 - [MESSAGE][INFO] - Checking timeout

2021-11-23 16:50:30 - [MESSAGE][INFO] - Finding web element with id: 'Object Repository/Filtreler/Butonlar' located by 'By.cssSelector: .dxb>span' in '10' second(s)

2021-11-23 16:50:30 - [MESSAGE][INFO] - Smart Wait Function is triggered

2021-11-23 16:50:31 - [MESSAGE][INFO] - Found 3 web elements with id: 'Object Repository/Filtreler/Butonlar' located by 'By.cssSelector: .dxb>span' in '10' second(s)

2021-11-23 16:50:31 - [MESSAGE][PASSED] - Method.TextDegerineEsitElementeTikla is PASSED

2021-11-23 16:50:31 - [MESSAGE][PASSED] - Call Test Case 'Test Cases/Filtreler/ButonaTikla' successfully

2021-11-23 16:50:31 - [MESSAGE][INFO] - Checking called Test Case

2021-11-23 16:50:31 - [MESSAGE][INFO] - Starting to call Test Case 'Test Cases/Tablo/TablodaVeriVarMi'

2021-11-23 16:50:31 - [TEST_CASE][PASSED] - Test Cases/Tablo/TablodaVeriVarMi: Test Cases/Tablo/TablodaVeriVarMi

2021-11-23 16:50:31 - [TEST_STEP][PASSED] - verifyTextNotPresent("Görüntülenecek veri yok", true): Text 'Görüntülenecek veri yok' is not present on page using regular expression

2021-11-23 16:50:31 - [MESSAGE][INFO] - Checking text present  using regular expression

2021-11-23 16:50:31 - [MESSAGE][INFO] - Smart Wait Function is triggered

2021-11-23 16:50:32 - [MESSAGE][INFO] - Finding text 'Görüntülenecek veri yok' on page  using regular expression

2021-11-23 16:50:32 - [MESSAGE][PASSED] - Text 'Görüntülenecek veri yok' is not present on page using regular expression

2021-11-23 16:50:32 - [MESSAGE][PASSED] - Call Test Case 'Test Cases/Tablo/TablodaVeriVarMi' successfully

2021-11-23 16:50:32 - [MESSAGE][INFO] - Checking called Test Case

2021-11-23 16:50:32 - [MESSAGE][INFO] - Starting to call Test Case 'Test Cases/Tablo/TablodanVeriSec'

2021-11-23 16:50:32 - [TEST_CASE][PASSED] - Test Cases/Tablo/TablodanVeriSec: Test Cases/Tablo/TablodanVeriSec

2021-11-23 16:50:32 - [TEST_STEP][PASSED] - Method.TextDegerineEsitElementinAltindakineTikla(findTestObject("Tablo/Veriler"), findTestObject("Tablo/VerininCheckBoxi"), Veri_Adi): Method.TextDegerineEsitElementinAltindakineTikla is PASSED

2021-11-23 16:50:32 - [MESSAGE][INFO] - Finding Test Object 'Object Repository/Tablo/Veriler'

2021-11-23 16:50:32 - [MESSAGE][INFO] - Finding Test Object 'Object Repository/Tablo/VerininCheckBoxi'

2021-11-23 16:50:32 - [MESSAGE][INFO] - Checking timeout

2021-11-23 16:50:32 - [MESSAGE][INFO] - Finding web element with id: 'Object Repository/Tablo/Veriler' located by 'By.cssSelector: td.dxgv b ,td.dxgv' in '10' second(s)

2021-11-23 16:50:32 - [MESSAGE][INFO] - Smart Wait Function is triggered

2021-11-23 16:50:33 - [MESSAGE][INFO] - Found 120 web elements with id: 'Object Repository/Tablo/Veriler' located by 'By.cssSelector: td.dxgv b ,td.dxgv' in '10' second(s)

2021-11-23 16:50:34 - [MESSAGE][INFO] - Smart Wait Function is triggered

2021-11-23 16:50:34 - [MESSAGE][PASSED] - Method.TextDegerineEsitElementinAltindakineTikla is PASSED

2021-11-23 16:50:34 - [MESSAGE][PASSED] - Call Test Case 'Test Cases/Tablo/TablodanVeriSec' successfully

2021-11-23 16:50:34 - [MESSAGE][INFO] - Checking called Test Case

2021-11-23 16:50:34 - [MESSAGE][INFO] - Starting to call Test Case 'Test Cases/Butonlar/ButonaTikla'

2021-11-23 16:50:34 - [TEST_CASE][PASSED] - Test Cases/Butonlar/ButonaTikla: Test Cases/Butonlar/ButonaTikla

2021-11-23 16:50:34 - [TEST_STEP][PASSED] - Method.TextDegerineEsitElementeTiklaEquals(findTestObject("Butonlar/Butonlar"), Buton_Adi): Method.TextDegerineEsitElementeTiklaEquals is PASSED

2021-11-23 16:50:34 - [MESSAGE][INFO] - Finding Test Object 'Object Repository/Butonlar/Butonlar'

2021-11-23 16:50:34 - [MESSAGE][INFO] - Checking timeout

2021-11-23 16:50:34 - [MESSAGE][INFO] - Finding web element with id: 'Object Repository/Butonlar/Butonlar' located by 'By.cssSelector: .panel.panel-default.text-center.footerPanel .btn,.btn.btn-primary.btnControls' in '10' second(s)

2021-11-23 16:50:34 - [MESSAGE][INFO] - Smart Wait Function is triggered

2021-11-23 16:50:35 - [MESSAGE][INFO] - Found 6 web elements with id: 'Object Repository/Butonlar/Butonlar' located by 'By.cssSelector: .panel.panel-default.text-center.footerPanel .btn,.btn.btn-primary.btnControls' in '10' second(s)

2021-11-23 16:50:35 - [MESSAGE][PASSED] - Method.TextDegerineEsitElementeTiklaEquals is PASSED

2021-11-23 16:50:35 - [MESSAGE][PASSED] - Call Test Case 'Test Cases/Butonlar/ButonaTikla' successfully

2021-11-23 16:50:35 - [MESSAGE][INFO] - Checking called Test Case

2021-11-23 16:50:35 - [MESSAGE][INFO] - Starting to call Test Case 'Test Cases/Sekmeler/YeniSekmeyeGec'

2021-11-23 16:50:35 - [TEST_CASE][PASSED] - Test Cases/Sekmeler/YeniSekmeyeGec: Test Cases/Sekmeler/YeniSekmeyeGec

2021-11-23 16:50:35 - [TEST_STEP][PASSED] - switchToWindowIndex(1): Switched to window with index: '1'

2021-11-23 16:50:35 - [MESSAGE][INFO] - Checking index

2021-11-23 16:50:35 - [MESSAGE][INFO] - Switching window with index: '1'

2021-11-23 16:50:35 - [MESSAGE][PASSED] - Switched to window with index: '1'

2021-11-23 16:50:35 - [MESSAGE][PASSED] - Call Test Case 'Test Cases/Sekmeler/YeniSekmeyeGec' successfully

2021-11-23 16:50:35 - [MESSAGE][INFO] - Checking called Test Case

2021-11-23 16:50:35 - [MESSAGE][INFO] - Starting to call Test Case 'Test Cases/Popup/PopupAcildimi'

2021-11-23 16:50:35 - [TEST_CASE][PASSED] - Test Cases/Popup/PopupAcildimi: Test Cases/Popup/PopupAcildimi

2021-11-23 16:50:35 - [TEST_STEP][PASSED] - verifyElementText(findTestObject("Object Repository/Popup/PopupBaslik"), Name): Actual text and expected text of test object 'Object Repository/Popup/PopupBaslik' are matched.

2021-11-23 16:50:35 - [MESSAGE][INFO] - Finding Test Object 'Object Repository/Popup/PopupBaslik'

2021-11-23 16:50:35 - [MESSAGE][INFO] - Checking object

2021-11-23 16:50:35 - [MESSAGE][INFO] - Finding web element from Test Object's properties

2021-11-23 16:50:35 - [MESSAGE][INFO] - Checking timeout

2021-11-23 16:50:35 - [MESSAGE][INFO] - Finding web element with id: 'Object Repository/Popup/PopupBaslik' located by 'By.cssSelector: body h4' in '30' second(s)

2021-11-23 16:50:35 - [MESSAGE][INFO] - Smart Wait Function is triggered

2021-11-23 16:50:35 - [MESSAGE][INFO] - Found 1 web elements with id: 'Object Repository/Popup/PopupBaslik' located by 'By.cssSelector: body h4' in '30' second(s)

2021-11-23 16:50:35 - [MESSAGE][PASSED] - Actual text and expected text of test object 'Object Repository/Popup/PopupBaslik' are matched.

2021-11-23 16:50:35 - [MESSAGE][PASSED] - Call Test Case 'Test Cases/Popup/PopupAcildimi' successfully

2021-11-23 16:50:35 - [MESSAGE][INFO] - Checking called Test Case

2021-11-23 16:50:35 - [MESSAGE][INFO] - Starting to call Test Case 'Test Cases/Sekmeler/Ana_Sekmeye_Gec'

2021-11-23 16:50:35 - [TEST_CASE][PASSED] - Test Cases/Sekmeler/Ana_Sekmeye_Gec: Test Cases/Sekmeler/Ana_Sekmeye_Gec

2021-11-23 16:50:35 - [TEST_STEP][PASSED] - try: Window with index 1 is closed

2021-11-23 16:50:35 - [TEST_STEP][PASSED] - index = getWindowIndex(): Current window's index is: 1

2021-11-23 16:50:36 - [MESSAGE][INFO] - Getting current window's index

2021-11-23 16:50:36 - [MESSAGE][PASSED] - Current window's index is: 1

2021-11-23 16:50:36 - [TEST_STEP][PASSED] - closeWindowIndex(index): Window with index 1 is closed

2021-11-23 16:50:36 - [MESSAGE][INFO] - Checking index

2021-11-23 16:50:36 - [MESSAGE][INFO] - Closing window with index 1

2021-11-23 16:50:36 - [MESSAGE][PASSED] - Window with index 1 is closed

2021-11-23 16:50:36 - [TEST_STEP][PASSED] - switchToWindowIndex(0): Switched to window with index: '0'

2021-11-23 16:50:36 - [MESSAGE][INFO] - Checking index

2021-11-23 16:50:36 - [MESSAGE][INFO] - Switching window with index: '0'

2021-11-23 16:50:36 - [MESSAGE][PASSED] - Switched to window with index: '0'

2021-11-23 16:50:36 - [MESSAGE][PASSED] - Call Test Case 'Test Cases/Sekmeler/Ana_Sekmeye_Gec' successfully

2021-11-23 16:50:36 - [MESSAGE][INFO] - Checking called Test Case

2021-11-23 16:50:36 - [MESSAGE][INFO] - Starting to call Test Case 'Test Cases/Kullanici_Islemleri/KullaniciIslemlerindenSecimYapilir'

2021-11-23 16:50:36 - [TEST_CASE][PASSED] - Test Cases/Kullanici_Islemleri/KullaniciIslemlerindenSecimYapilir: Test Cases/Kullanici_Islemleri/KullaniciIslemlerindenSecimYapilir

2021-11-23 16:50:36 - [TEST_STEP][PASSED] - waitForElementClickable(findTestObject("Object Repository/Kullanici_Islemleri/KullaniciIslemleri"), 10): Object 'Object Repository/Kullanici_Islemleri/KullaniciIslemleri' is clickable

2021-11-23 16:50:36 - [MESSAGE][INFO] - Finding Test Object 'Object Repository/Kullanici_Islemleri/KullaniciIslemleri'

2021-11-23 16:50:36 - [MESSAGE][INFO] - Checking object

2021-11-23 16:50:36 - [MESSAGE][INFO] - Checking timeout

2021-11-23 16:50:36 - [MESSAGE][INFO] - Finding web element from Test Object's properties

2021-11-23 16:50:36 - [MESSAGE][INFO] - Checking timeout

2021-11-23 16:50:36 - [MESSAGE][INFO] - Finding web element with id: 'Object Repository/Kullanici_Islemleri/KullaniciIslemleri' located by 'By.cssSelector: .dropdown>a>img' in '10' second(s)

2021-11-23 16:50:36 - [MESSAGE][INFO] - Smart Wait Function is triggered

2021-11-23 16:50:36 - [MESSAGE][INFO] - Found 1 web elements with id: 'Object Repository/Kullanici_Islemleri/KullaniciIslemleri' located by 'By.cssSelector: .dropdown>a>img' in '10' second(s)

2021-11-23 16:50:36 - [MESSAGE][PASSED] - Object 'Object Repository/Kullanici_Islemleri/KullaniciIslemleri' is clickable

2021-11-23 16:50:36 - [TEST_STEP][PASSED] - click(findTestObject("Object Repository/Kullanici_Islemleri/KullaniciIslemleri")): Object: 'Object Repository/Kullanici_Islemleri/KullaniciIslemleri' is clicked on

2021-11-23 16:50:36 - [MESSAGE][INFO] - Finding Test Object 'Object Repository/Kullanici_Islemleri/KullaniciIslemleri'

2021-11-23 16:50:36 - [MESSAGE][INFO] - Checking object

2021-11-23 16:50:36 - [MESSAGE][INFO] - Finding web element from Test Object's properties

2021-11-23 16:50:36 - [MESSAGE][INFO] - Checking timeout

2021-11-23 16:50:36 - [MESSAGE][INFO] - Finding web element with id: 'Object Repository/Kullanici_Islemleri/KullaniciIslemleri' located by 'By.cssSelector: .dropdown>a>img' in '30' second(s)

2021-11-23 16:50:36 - [MESSAGE][INFO] - Smart Wait Function is triggered

2021-11-23 16:50:37 - [MESSAGE][INFO] - Found 1 web elements with id: 'Object Repository/Kullanici_Islemleri/KullaniciIslemleri' located by 'By.cssSelector: .dropdown>a>img' in '30' second(s)

2021-11-23 16:50:37 - [MESSAGE][INFO] - Clicking on object: 'Object Repository/Kullanici_Islemleri/KullaniciIslemleri'

2021-11-23 16:50:37 - [MESSAGE][PASSED] - Object: 'Object Repository/Kullanici_Islemleri/KullaniciIslemleri' is clicked on

2021-11-23 16:50:37 - [TEST_STEP][PASSED] - Method.TextDegerineEsitElementeTikla(findTestObject("Object Repository/Kullanici_Islemleri/Secenekler"), Islem): Method.TextDegerineEsitElementeTikla is PASSED

2021-11-23 16:50:37 - [MESSAGE][INFO] - Finding Test Object 'Object Repository/Kullanici_Islemleri/Secenekler'

2021-11-23 16:50:37 - [MESSAGE][INFO] - Checking timeout

2021-11-23 16:50:37 - [MESSAGE][INFO] - Finding web element with id: 'Object Repository/Kullanici_Islemleri/Secenekler' located by 'By.cssSelector: .nav.navbar-nav.navbar-right li a' in '10' second(s)

2021-11-23 16:50:37 - [MESSAGE][INFO] - Smart Wait Function is triggered

2021-11-23 16:50:37 - [MESSAGE][INFO] - Found 22 web elements with id: 'Object Repository/Kullanici_Islemleri/Secenekler' located by 'By.cssSelector: .nav.navbar-nav.navbar-right li a' in '10' second(s)

2021-11-23 16:50:39 - [MESSAGE][PASSED] - Method.TextDegerineEsitElementeTikla is PASSED

2021-11-23 16:50:39 - [TEST_STEP][PASSED] - verifyElementNotPresent(findTestObject("Object Repository/Kullanici_Islemleri/Secenekler"), 10): Web element with id: 'Object Repository/Kullanici_Islemleri/Secenekler' located by 'By.cssSelector: .nav.navbar-nav.navbar-right li a' is not present after '10' second(s)

2021-11-23 16:50:39 - [MESSAGE][INFO] - Finding Test Object 'Object Repository/Kullanici_Islemleri/Secenekler'

2021-11-23 16:50:39 - [MESSAGE][INFO] - Checking object

2021-11-23 16:50:39 - [MESSAGE][INFO] - Checking timeout

2021-11-23 16:50:39 - [MESSAGE][INFO] - Finding web element with id: 'Object Repository/Kullanici_Islemleri/Secenekler' located by 'By.cssSelector: .nav.navbar-nav.navbar-right li a' in '10' second(s)

2021-11-23 16:50:39 - [MESSAGE][INFO] - Smart Wait Function is triggered

2021-11-23 16:50:40 - [MESSAGE][PASSED] - Web element with id: 'Object Repository/Kullanici_Islemleri/Secenekler' located by 'By.cssSelector: .nav.navbar-nav.navbar-right li a' is not present after '10' second(s)

2021-11-23 16:50:40 - [MESSAGE][PASSED] - Call Test Case 'Test Cases/Kullanici_Islemleri/KullaniciIslemlerindenSecimYapilir' successfully

2021-11-23 16:50:40 - [TEST_CASE][PASSED] - Start Test Case : SCENARIO e-Serbest Meslek Makbuz Raporlari Rapor: SCENARIO e-Serbest Meslek Makbuz Raporlari Rapor

2021-11-23 16:50:40 - [TEST_STEP][PASSED] - Kullanıcı adı ELOGO6 ve Şifre 123456 olarak giriş yapılır: Kullanıcı adı ELOGO6 ve Şifre 123456 olarak giriş yapılır

2021-11-23 16:50:40 - [MESSAGE][PASSED] - Kullanıcı adı ELOGO6 ve Şifre 123456 olarak giriş yapılır

2021-11-23 16:50:40 - [TEST_STEP][PASSED] - Ana menüden e-Makbuz seçilir: Ana menüden e-Makbuz seçilir

2021-11-23 16:50:40 - [MESSAGE][PASSED] - Ana menüden e-Makbuz seçilir

2021-11-23 16:50:40 - [TEST_STEP][PASSED] - Alt menü e-Serbest Meslek Uygulaması başlığı altındaki e-Serbest Meslek Makbuz Raporları seçilir: Alt menü e-Serbest Meslek Uygulaması başlığı altındaki e-Serbest Meslek Makbuz Raporları seçilir

2021-11-23 16:50:40 - [MESSAGE][PASSED] - Alt menü e-Serbest Meslek Uygulaması başlığı altındaki e-Serbest Meslek Makbuz Raporları seçilir

2021-11-23 16:50:40 - [TEST_STEP][PASSED] - Filtrelerden Dönem Tarihi filtresine 2021 Ocak dropdowndan degeri seçilir: Filtrelerden Dönem Tarihi filtresine 2021 Ocak dropdowndan degeri seçilir

2021-11-23 16:50:40 - [MESSAGE][PASSED] - Filtrelerden Dönem Tarihi filtresine 2021 Ocak dropdowndan degeri seçilir

2021-11-23 16:50:40 - [TEST_STEP][PASSED] - Filtrelerden Bölüm Tarihi filtresine 11.01.2021 baslangic degerini yaz: Filtrelerden Bölüm Tarihi filtresine 11.01.2021 baslangic degerini yaz

2021-11-23 16:50:40 - [MESSAGE][PASSED] - Filtrelerden Bölüm Tarihi filtresine 11.01.2021 baslangic degerini yaz

2021-11-23 16:50:40 - [TEST_STEP][PASSED] - Filtrelerden Bölüm Tarihi filtresine 11.01.2021 bitis degerini yaz: Filtrelerden Bölüm Tarihi filtresine 11.01.2021 bitis degerini yaz

2021-11-23 16:50:40 - [MESSAGE][PASSED] - Filtrelerden Bölüm Tarihi filtresine 11.01.2021 bitis degerini yaz

2021-11-23 16:50:40 - [TEST_STEP][PASSED] - Filtre butonlarından Listele seçilir: Filtre butonlarından Listele seçilir

2021-11-23 16:50:40 - [MESSAGE][PASSED] - Filtre butonlarından Listele seçilir

2021-11-23 16:50:40 - [TEST_STEP][PASSED] - Tabloda veri var mı kontrol edilir: Tabloda veri var mı kontrol edilir

2021-11-23 16:50:40 - [MESSAGE][PASSED] - Tabloda veri var mı kontrol edilir

2021-11-23 16:50:40 - [TEST_STEP][PASSED] - Tablodan 1641 isimli veri seçilir: Tablodan 1641 isimli veri seçilir

2021-11-23 16:50:40 - [MESSAGE][PASSED] - Tablodan 1641 isimli veri seçilir

2021-11-23 16:50:40 - [TEST_STEP][PASSED] - Butonlardan Rapor isimli butona tıklanır: Butonlardan Rapor isimli butona tıklanır

2021-11-23 16:50:40 - [MESSAGE][PASSED] - Butonlardan Rapor isimli butona tıklanır

2021-11-23 16:50:40 - [TEST_STEP][PASSED] - Yeni açılan sekmeye geçilir: Yeni açılan sekmeye geçilir

2021-11-23 16:50:40 - [MESSAGE][PASSED] - Yeni açılan sekmeye geçilir

2021-11-23 16:50:40 - [TEST_STEP][PASSED] - e-Serbest Meslek Makbuzu Raporu popupı açıldı mı: e-Serbest Meslek Makbuzu Raporu popupı açıldı mı

2021-11-23 16:50:40 - [MESSAGE][PASSED] - e-Serbest Meslek Makbuzu Raporu popupı açıldı mı

2021-11-23 16:50:40 - [TEST_STEP][PASSED] - Ana sekmeye geçilir: Ana sekmeye geçilir

2021-11-23 16:50:40 - [MESSAGE][PASSED] - Ana sekmeye geçilir

2021-11-23 16:50:40 - [TEST_STEP][PASSED] - Kullanıcı işlemlerinden Çıkış seçilir: Kullanıcı işlemlerinden Çıkış seçilir

2021-11-23 16:50:40 - [MESSAGE][PASSED] - Kullanıcı işlemlerinden Çıkış seçilir

2021-11-23 16:50:40 - [MESSAGE][PASSED] - Feature file: 'Include/features/e-Makbuz/e-Serbest Meslek Uygulaması/e-Serbest Meslek Makbuz Raporlari/Rapor.feature' was passed

2021-11-23 16:50:40 - [TEST_STEP][PASSED] - Start listener action : sampleAfterTestSuite: Invoke 'com.kms.katalon.core.annotation.AfterTestCase' method: 'Listener.sampleAfterTestSuite(...)' completed.

2021-11-23 16:50:40 - [MESSAGE][INFO] - Starting invoke 'com.kms.katalon.core.annotation.AfterTestCase' method: 'Listener.sampleAfterTestSuite(...)'

2021-11-23 16:50:40 - [TEST_STEP][PASSED] - closeBrowser(): Invoke 'com.kms.katalon.core.annotation.AfterTestCase' method: 'Listener.sampleAfterTestSuite(...)' completed.

2021-11-23 16:50:40 - [MESSAGE][INFO] - Closing browser

2021-11-23 16:50:40 - [MESSAGE][PASSED] - Browser is closed

2021-11-23 16:50:40 - [MESSAGE][INFO] - Invoke 'com.kms.katalon.core.annotation.AfterTestCase' method: 'Listener.sampleAfterTestSuite(...)' completed.]]></system-out>
         <system-err><![CDATA[]]></system-err>
      </testcase>
      <testcase name="Test Cases/Case Repository/e-Makbuz/e-Serbest Meslek Uygulamasi/e-Serbest Meslek Makbuz Raporlari/XML" time="41.183" classname="Test Cases/Case Repository/e-Makbuz/e-Serbest Meslek Uygulamasi/e-Serbest Meslek Makbuz Raporlari/XML" status="PASSED">
         <system-out><![CDATA[2021-11-23 16:50:40 - [TEST_CASE][PASSED] - Test Cases/Case Repository/e-Makbuz/e-Serbest Meslek Uygulamasi/e-Serbest Meslek Makbuz Raporlari/XML: Test Cases/Case Repository/e-Makbuz/e-Serbest Meslek Uygulamasi/e-Serbest Meslek Makbuz Raporlari/XML

2021-11-23 16:50:40 - [TEST_STEP][PASSED] - Start listener action : sampleBeforeTestSuite: Invoke 'com.kms.katalon.core.annotation.BeforeTestCase' method: 'Listener.sampleBeforeTestSuite(...)' completed.

2021-11-23 16:50:40 - [MESSAGE][INFO] - Starting invoke 'com.kms.katalon.core.annotation.BeforeTestCase' method: 'Listener.sampleBeforeTestSuite(...)'

2021-11-23 16:50:40 - [TEST_STEP][PASSED] - openBrowser(baseUrl): Browser is opened with url: 'https://efatura-stage.elogo.com.tr/'

2021-11-23 16:50:40 - [MESSAGE][INFO] - Opening browser

2021-11-23 16:50:40 - [MESSAGE][INFO] - Starting 'Chrome' driver

2021-11-23 16:50:40 - [MESSAGE][INFO] - User set preference: ['prefs', '{download.default_directory=C:\otomasyondownfiles}']

2021-11-23 16:50:40 - [MESSAGE][INFO] - Action delay is set to 0 milliseconds

2021-11-23 16:50:42 - [MESSAGE][INFO] - Navigating browser to: 'https://efatura-stage.elogo.com.tr/'

2021-11-23 16:50:44 - [MESSAGE][PASSED] - Browser is opened with url: 'https://efatura-stage.elogo.com.tr/'

2021-11-23 16:50:44 - [TEST_STEP][PASSED] - maximizeWindow(): Invoke 'com.kms.katalon.core.annotation.BeforeTestCase' method: 'Listener.sampleBeforeTestSuite(...)' completed.

2021-11-23 16:50:44 - [MESSAGE][INFO] - Maximizing current window

2021-11-23 16:50:44 - [MESSAGE][PASSED] - Current window maximized

2021-11-23 16:50:44 - [MESSAGE][INFO] - Invoke 'com.kms.katalon.core.annotation.BeforeTestCase' method: 'Listener.sampleBeforeTestSuite(...)' completed.

2021-11-23 16:50:45 - [TEST_STEP][PASSED] - runFeatureFile("Include/features/e-Makbuz/e-Serbest Meslek Uygulaması/e-Serbest Meslek Makbuz Raporlari/XML.feature"): Feature file: 'Include/features/e-Makbuz/e-Serbest Meslek Uygulaması/e-Serbest Meslek Makbuz Raporlari/XML.feature' was passed

2021-11-23 16:50:45 - [MESSAGE][INFO] - Starting run keyword runFeatureFile: 'Include/features/e-Makbuz/e-Serbest Meslek Uygulaması/e-Serbest Meslek Makbuz Raporlari/XML.feature' and extract report to folder: 'C:\Users\DELL\Documents\GitHub\EES_KatalonLogo\Reports\20211123_163326\Suite Repository\e-Makbuz\20211123_163348/cucumber_report/1637675445272'...

2021-11-23 16:50:45 - [MESSAGE][INFO] - Glue: []

2021-11-23 16:50:48 - [MESSAGE][INFO] - Checking called Test Case

2021-11-23 16:50:48 - [MESSAGE][INFO] - Starting to call Test Case 'Test Cases/Sayfalar/Giris_Sayfasi/Login'

2021-11-23 16:50:48 - [TEST_CASE][PASSED] - Test Cases/Sayfalar/Giris_Sayfasi/Login: Test Cases/Sayfalar/Giris_Sayfasi/Login

2021-11-23 16:50:48 - [TEST_STEP][PASSED] - Sayfa_Basligi = getWindowTitle(): Current window's title is: 'LOGO e-Fatura'

2021-11-23 16:50:48 - [MESSAGE][INFO] - Getting current window's title

2021-11-23 16:50:48 - [MESSAGE][PASSED] - Current window's title is: 'LOGO e-Fatura'

2021-11-23 16:50:48 - [TEST_STEP][PASSED] - verifyMatch(Sayfa_Basligi, "LOGO e-Fatura", false): Actual text 'LOGO e-Fatura' and expected text 'LOGO e-Fatura' are matched 

2021-11-23 16:50:48 - [MESSAGE][INFO] - Matching actual text 'LOGO e-Fatura' with expected text 'LOGO e-Fatura'

2021-11-23 16:50:48 - [MESSAGE][PASSED] - Actual text 'LOGO e-Fatura' and expected text 'LOGO e-Fatura' are matched 

2021-11-23 16:50:48 - [TEST_STEP][PASSED] - sendKeys(findTestObject("Sayfalar/Giris_Sayfasi/Firma_Kodu"), KullaniciAdi): Keys 'ELOGO6' sent to object: 'Object Repository/Sayfalar/Giris_Sayfasi/Firma_Kodu'

2021-11-23 16:50:48 - [MESSAGE][INFO] - Finding Test Object 'Object Repository/Sayfalar/Giris_Sayfasi/Firma_Kodu'

2021-11-23 16:50:48 - [MESSAGE][INFO] - Sending keys 'ELOGO6' to object: 'Object Repository/Sayfalar/Giris_Sayfasi/Firma_Kodu'

2021-11-23 16:50:48 - [MESSAGE][INFO] - Finding web element from Test Object's properties

2021-11-23 16:50:48 - [MESSAGE][INFO] - Checking timeout

2021-11-23 16:50:48 - [MESSAGE][INFO] - Finding web element with id: 'Object Repository/Sayfalar/Giris_Sayfasi/Firma_Kodu' located by 'By.xpath: //*[@id = 'AccountName']' in '30' second(s)

2021-11-23 16:50:48 - [MESSAGE][INFO] - Smart Wait Function is triggered

2021-11-23 16:50:48 - [MESSAGE][INFO] - Found 1 web elements with id: 'Object Repository/Sayfalar/Giris_Sayfasi/Firma_Kodu' located by 'By.xpath: //*[@id = 'AccountName']' in '30' second(s)

2021-11-23 16:50:48 - [MESSAGE][PASSED] - Keys 'ELOGO6' sent to object: 'Object Repository/Sayfalar/Giris_Sayfasi/Firma_Kodu'

2021-11-23 16:50:48 - [TEST_STEP][PASSED] - sendKeys(findTestObject("Sayfalar/Giris_Sayfasi/Sifre"), Sifre): Keys '123456' sent to object: 'Object Repository/Sayfalar/Giris_Sayfasi/Sifre'

2021-11-23 16:50:48 - [MESSAGE][INFO] - Finding Test Object 'Object Repository/Sayfalar/Giris_Sayfasi/Sifre'

2021-11-23 16:50:48 - [MESSAGE][INFO] - Sending keys '123456' to object: 'Object Repository/Sayfalar/Giris_Sayfasi/Sifre'

2021-11-23 16:50:48 - [MESSAGE][INFO] - Finding web element from Test Object's properties

2021-11-23 16:50:48 - [MESSAGE][INFO] - Checking timeout

2021-11-23 16:50:48 - [MESSAGE][INFO] - Finding web element with id: 'Object Repository/Sayfalar/Giris_Sayfasi/Sifre' located by 'By.xpath: //*[@id = 'Password']' in '30' second(s)

2021-11-23 16:50:48 - [MESSAGE][INFO] - Smart Wait Function is triggered

2021-11-23 16:50:49 - [MESSAGE][INFO] - Found 1 web elements with id: 'Object Repository/Sayfalar/Giris_Sayfasi/Sifre' located by 'By.xpath: //*[@id = 'Password']' in '30' second(s)

2021-11-23 16:50:49 - [MESSAGE][PASSED] - Keys '123456' sent to object: 'Object Repository/Sayfalar/Giris_Sayfasi/Sifre'

2021-11-23 16:50:49 - [TEST_STEP][PASSED] - findWebElement(findTestObject("Sayfalar/Giris_Sayfasi/Giris_Butonu")).click(): Found 1 web elements with id: 'Object Repository/Sayfalar/Giris_Sayfasi/Giris_Butonu' located by 'By.cssSelector: #btnLogin' in '30' second(s)

2021-11-23 16:50:49 - [MESSAGE][INFO] - Finding Test Object 'Object Repository/Sayfalar/Giris_Sayfasi/Giris_Butonu'

2021-11-23 16:50:49 - [MESSAGE][INFO] - Finding web element from Test Object's properties

2021-11-23 16:50:49 - [MESSAGE][INFO] - Checking timeout

2021-11-23 16:50:49 - [MESSAGE][INFO] - Finding web element with id: 'Object Repository/Sayfalar/Giris_Sayfasi/Giris_Butonu' located by 'By.cssSelector: #btnLogin' in '30' second(s)

2021-11-23 16:50:49 - [MESSAGE][INFO] - Smart Wait Function is triggered

2021-11-23 16:50:49 - [MESSAGE][INFO] - Found 1 web elements with id: 'Object Repository/Sayfalar/Giris_Sayfasi/Giris_Butonu' located by 'By.cssSelector: #btnLogin' in '30' second(s)

2021-11-23 16:50:51 - [TEST_STEP][PASSED] - if (verifyElementPresent(findTestObject("Object Repository/Sayfalar/Giris_Sayfasi/RetveTamam_Butonu"), 5, OPTIONAL)): null

2021-11-23 16:50:51 - [MESSAGE][INFO] - Finding Test Object 'Object Repository/Sayfalar/Giris_Sayfasi/RetveTamam_Butonu'

2021-11-23 16:50:52 - [MESSAGE][INFO] - Checking object

2021-11-23 16:50:52 - [MESSAGE][INFO] - Finding web element from Test Object's properties

2021-11-23 16:50:52 - [MESSAGE][INFO] - Checking timeout

2021-11-23 16:50:52 - [MESSAGE][INFO] - Finding web element with id: 'Object Repository/Sayfalar/Giris_Sayfasi/RetveTamam_Butonu' located by 'By.xpath: //*[@class = 'btn btn-default']' in '5' second(s)

2021-11-23 16:50:52 - [MESSAGE][INFO] - Smart Wait Function is triggered

2021-11-23 16:50:52 - [MESSAGE][INFO] - Found 1 web elements with id: 'Object Repository/Sayfalar/Giris_Sayfasi/RetveTamam_Butonu' located by 'By.xpath: //*[@class = 'btn btn-default']' in '5' second(s)

2021-11-23 16:50:52 - [MESSAGE][PASSED] - Object 'Object Repository/Sayfalar/Giris_Sayfasi/RetveTamam_Butonu' is present

2021-11-23 16:50:52 - [TEST_STEP][PASSED] - click(findTestObject("Object Repository/Sayfalar/Giris_Sayfasi/RetveTamam_Butonu")): Object: 'Object Repository/Sayfalar/Giris_Sayfasi/RetveTamam_Butonu' is clicked on

2021-11-23 16:50:52 - [MESSAGE][INFO] - Finding Test Object 'Object Repository/Sayfalar/Giris_Sayfasi/RetveTamam_Butonu'

2021-11-23 16:50:52 - [MESSAGE][INFO] - Checking object

2021-11-23 16:50:52 - [MESSAGE][INFO] - Finding web element from Test Object's properties

2021-11-23 16:50:52 - [MESSAGE][INFO] - Checking timeout

2021-11-23 16:50:52 - [MESSAGE][INFO] - Finding web element with id: 'Object Repository/Sayfalar/Giris_Sayfasi/RetveTamam_Butonu' located by 'By.xpath: //*[@class = 'btn btn-default']' in '30' second(s)

2021-11-23 16:50:52 - [MESSAGE][INFO] - Smart Wait Function is triggered

2021-11-23 16:50:52 - [MESSAGE][INFO] - Found 1 web elements with id: 'Object Repository/Sayfalar/Giris_Sayfasi/RetveTamam_Butonu' located by 'By.xpath: //*[@class = 'btn btn-default']' in '30' second(s)

2021-11-23 16:50:52 - [MESSAGE][INFO] - Clicking on object: 'Object Repository/Sayfalar/Giris_Sayfasi/RetveTamam_Butonu'

2021-11-23 16:50:52 - [MESSAGE][PASSED] - Object: 'Object Repository/Sayfalar/Giris_Sayfasi/RetveTamam_Butonu' is clicked on

2021-11-23 16:50:52 - [TEST_STEP][PASSED] - click(findTestObject("Object Repository/Sayfalar/Giris_Sayfasi/RetveTamam_Butonu")): Object: 'Object Repository/Sayfalar/Giris_Sayfasi/RetveTamam_Butonu' is clicked on

2021-11-23 16:50:52 - [MESSAGE][INFO] - Finding Test Object 'Object Repository/Sayfalar/Giris_Sayfasi/RetveTamam_Butonu'

2021-11-23 16:50:52 - [MESSAGE][INFO] - Checking object

2021-11-23 16:50:52 - [MESSAGE][INFO] - Finding web element from Test Object's properties

2021-11-23 16:50:52 - [MESSAGE][INFO] - Checking timeout

2021-11-23 16:50:52 - [MESSAGE][INFO] - Finding web element with id: 'Object Repository/Sayfalar/Giris_Sayfasi/RetveTamam_Butonu' located by 'By.xpath: //*[@class = 'btn btn-default']' in '30' second(s)

2021-11-23 16:50:52 - [MESSAGE][INFO] - Smart Wait Function is triggered

2021-11-23 16:50:55 - [MESSAGE][INFO] - Found 1 web elements with id: 'Object Repository/Sayfalar/Giris_Sayfasi/RetveTamam_Butonu' located by 'By.xpath: //*[@class = 'btn btn-default']' in '30' second(s)

2021-11-23 16:50:55 - [MESSAGE][INFO] - Clicking on object: 'Object Repository/Sayfalar/Giris_Sayfasi/RetveTamam_Butonu'

2021-11-23 16:50:55 - [MESSAGE][PASSED] - Object: 'Object Repository/Sayfalar/Giris_Sayfasi/RetveTamam_Butonu' is clicked on

2021-11-23 16:50:55 - [TEST_STEP][PASSED] - if (verifyElementPresent(findTestObject("Sayfalar/Giris_Sayfasi/PopupOK"), 5, OPTIONAL)): null

2021-11-23 16:50:55 - [MESSAGE][INFO] - Finding Test Object 'Object Repository/Sayfalar/Giris_Sayfasi/PopupOK'

2021-11-23 16:50:55 - [MESSAGE][INFO] - Checking object

2021-11-23 16:50:55 - [MESSAGE][INFO] - Finding web element from Test Object's properties

2021-11-23 16:50:55 - [MESSAGE][INFO] - Checking timeout

2021-11-23 16:50:55 - [MESSAGE][INFO] - Finding web element with id: 'Object Repository/Sayfalar/Giris_Sayfasi/PopupOK' located by 'By.cssSelector: .btn.btn-success' in '5' second(s)

2021-11-23 16:50:55 - [MESSAGE][INFO] - Smart Wait Function is triggered

2021-11-23 16:50:56 - [MESSAGE][INFO] - Found 1 web elements with id: 'Object Repository/Sayfalar/Giris_Sayfasi/PopupOK' located by 'By.cssSelector: .btn.btn-success' in '5' second(s)

2021-11-23 16:50:56 - [MESSAGE][PASSED] - Object 'Object Repository/Sayfalar/Giris_Sayfasi/PopupOK' is present

2021-11-23 16:50:56 - [TEST_STEP][PASSED] - click(findTestObject("Object Repository/Sayfalar/Giris_Sayfasi/PopupCarpiGiris")): Object: 'Object Repository/Sayfalar/Giris_Sayfasi/PopupCarpiGiris' is clicked on

2021-11-23 16:50:56 - [MESSAGE][INFO] - Finding Test Object 'Object Repository/Sayfalar/Giris_Sayfasi/PopupCarpiGiris'

2021-11-23 16:50:56 - [MESSAGE][INFO] - Checking object

2021-11-23 16:50:56 - [MESSAGE][INFO] - Finding web element from Test Object's properties

2021-11-23 16:50:56 - [MESSAGE][INFO] - Checking timeout

2021-11-23 16:50:56 - [MESSAGE][INFO] - Finding web element with id: 'Object Repository/Sayfalar/Giris_Sayfasi/PopupCarpiGiris' located by 'By.cssSelector: .bootbox-close-button.close' in '30' second(s)

2021-11-23 16:50:56 - [MESSAGE][INFO] - Smart Wait Function is triggered

2021-11-23 16:50:57 - [MESSAGE][INFO] - Found 1 web elements with id: 'Object Repository/Sayfalar/Giris_Sayfasi/PopupCarpiGiris' located by 'By.cssSelector: .bootbox-close-button.close' in '30' second(s)

2021-11-23 16:50:57 - [MESSAGE][INFO] - Clicking on object: 'Object Repository/Sayfalar/Giris_Sayfasi/PopupCarpiGiris'

2021-11-23 16:50:57 - [MESSAGE][PASSED] - Object: 'Object Repository/Sayfalar/Giris_Sayfasi/PopupCarpiGiris' is clicked on

2021-11-23 16:50:57 - [TEST_STEP][PASSED] - verifyElementVisible(findTestObject("Object Repository/Kullanici_Islemleri/KullaniciIslemleri")): Object 'Object Repository/Kullanici_Islemleri/KullaniciIslemleri' is visible

2021-11-23 16:50:57 - [MESSAGE][INFO] - Finding Test Object 'Object Repository/Kullanici_Islemleri/KullaniciIslemleri'

2021-11-23 16:50:57 - [MESSAGE][INFO] - Checking object

2021-11-23 16:50:57 - [MESSAGE][INFO] - Finding web element from Test Object's properties

2021-11-23 16:50:57 - [MESSAGE][INFO] - Checking timeout

2021-11-23 16:50:57 - [MESSAGE][INFO] - Finding web element with id: 'Object Repository/Kullanici_Islemleri/KullaniciIslemleri' located by 'By.cssSelector: .dropdown>a>img' in '30' second(s)

2021-11-23 16:50:57 - [MESSAGE][INFO] - Smart Wait Function is triggered

2021-11-23 16:50:57 - [MESSAGE][INFO] - Found 1 web elements with id: 'Object Repository/Kullanici_Islemleri/KullaniciIslemleri' located by 'By.cssSelector: .dropdown>a>img' in '30' second(s)

2021-11-23 16:50:57 - [MESSAGE][PASSED] - Object 'Object Repository/Kullanici_Islemleri/KullaniciIslemleri' is visible

2021-11-23 16:50:57 - [MESSAGE][PASSED] - Call Test Case 'Test Cases/Sayfalar/Giris_Sayfasi/Login' successfully

2021-11-23 16:50:57 - [MESSAGE][INFO] - Checking called Test Case

2021-11-23 16:50:57 - [MESSAGE][INFO] - Starting to call Test Case 'Test Cases/Menu/AnaMenuSecimi'

2021-11-23 16:50:57 - [TEST_CASE][PASSED] - Test Cases/Menu/AnaMenuSecimi: Test Cases/Menu/AnaMenuSecimi

2021-11-23 16:50:57 - [TEST_STEP][PASSED] - Method.TextDegerineEsitElementeTikla(findTestObject("Menu/Ana_Menu"), Ana_Menu): Method.TextDegerineEsitElementeTikla is PASSED

2021-11-23 16:50:57 - [MESSAGE][INFO] - Finding Test Object 'Object Repository/Menu/Ana_Menu'

2021-11-23 16:50:58 - [MESSAGE][INFO] - Checking timeout

2021-11-23 16:50:58 - [MESSAGE][INFO] - Finding web element with id: 'Object Repository/Menu/Ana_Menu' located by 'By.xpath: //*[@class = 'dropdown-toggle']' in '10' second(s)

2021-11-23 16:50:58 - [MESSAGE][INFO] - Smart Wait Function is triggered

2021-11-23 16:50:58 - [MESSAGE][INFO] - Found 14 web elements with id: 'Object Repository/Menu/Ana_Menu' located by 'By.xpath: //*[@class = 'dropdown-toggle']' in '10' second(s)

2021-11-23 16:50:58 - [MESSAGE][PASSED] - Method.TextDegerineEsitElementeTikla is PASSED

2021-11-23 16:50:58 - [MESSAGE][PASSED] - Call Test Case 'Test Cases/Menu/AnaMenuSecimi' successfully

2021-11-23 16:50:58 - [MESSAGE][INFO] - Checking called Test Case

2021-11-23 16:50:58 - [MESSAGE][INFO] - Starting to call Test Case 'Test Cases/Menu/BasligaGoreAltMenuSecimi'

2021-11-23 16:50:58 - [TEST_CASE][PASSED] - Test Cases/Menu/BasligaGoreAltMenuSecimi: Test Cases/Menu/BasligaGoreAltMenuSecimi

2021-11-23 16:50:58 - [TEST_STEP][PASSED] - Method.TextDegerineEsitElementinAltindakiTextDegerineEsitOlanaTikla(findTestObject("Menu/Menu_Basligi"), findTestObject("Menu/Basliga_Gore_Alt_Menu"), Baslik, Alt_Menu): Method.TextDegerineEsitElementinAltindakiTextDegerineEsitOlanaTikla is PASSED

2021-11-23 16:50:58 - [MESSAGE][INFO] - Finding Test Object 'Object Repository/Menu/Menu_Basligi'

2021-11-23 16:50:58 - [MESSAGE][INFO] - Finding Test Object 'Object Repository/Menu/Basliga_Gore_Alt_Menu'

2021-11-23 16:50:58 - [MESSAGE][INFO] - Checking timeout

2021-11-23 16:50:58 - [MESSAGE][INFO] - Finding web element with id: 'Object Repository/Menu/Menu_Basligi' located by 'By.xpath: //li[@class='dropdown dropdown-large open']//li[@class='dropdown-header']' in '10' second(s)

2021-11-23 16:50:58 - [MESSAGE][INFO] - Smart Wait Function is triggered

2021-11-23 16:50:58 - [MESSAGE][INFO] - Found 2 web elements with id: 'Object Repository/Menu/Menu_Basligi' located by 'By.xpath: //li[@class='dropdown dropdown-large open']//li[@class='dropdown-header']' in '10' second(s)

2021-11-23 16:50:59 - [MESSAGE][INFO] - Smart Wait Function is triggered

2021-11-23 16:51:01 - [MESSAGE][PASSED] - Method.TextDegerineEsitElementinAltindakiTextDegerineEsitOlanaTikla is PASSED

2021-11-23 16:51:01 - [MESSAGE][PASSED] - Call Test Case 'Test Cases/Menu/BasligaGoreAltMenuSecimi' successfully

2021-11-23 16:51:01 - [MESSAGE][INFO] - Checking called Test Case

2021-11-23 16:51:01 - [MESSAGE][INFO] - Starting to call Test Case 'Test Cases/Filtreler/DropdownSec'

2021-11-23 16:51:01 - [TEST_CASE][PASSED] - Test Cases/Filtreler/DropdownSec: Test Cases/Filtreler/DropdownSec

2021-11-23 16:51:01 - [TEST_STEP][PASSED] - Method.TextDegerineEsitElementinAltindakineTikla(findTestObject("Filtreler/Basliklar"), findTestObject("Filtreler/Basliga_Gore_Baslangic_Image"), Filtre_Adi): Method.TextDegerineEsitElementinAltindakineTikla is PASSED

2021-11-23 16:51:01 - [MESSAGE][INFO] - Finding Test Object 'Object Repository/Filtreler/Basliklar'

2021-11-23 16:51:01 - [MESSAGE][INFO] - Finding Test Object 'Object Repository/Filtreler/Basliga_Gore_Baslangic_Image'

2021-11-23 16:51:01 - [MESSAGE][INFO] - Checking timeout

2021-11-23 16:51:01 - [MESSAGE][INFO] - Finding web element with id: 'Object Repository/Filtreler/Basliklar' located by 'By.cssSelector: .control-label.col-sm-4.paddingMarginRLC' in '10' second(s)

2021-11-23 16:51:01 - [MESSAGE][INFO] - Smart Wait Function is triggered

2021-11-23 16:51:01 - [MESSAGE][INFO] - Found 5 web elements with id: 'Object Repository/Filtreler/Basliklar' located by 'By.cssSelector: .control-label.col-sm-4.paddingMarginRLC' in '10' second(s)

2021-11-23 16:51:01 - [MESSAGE][INFO] - Smart Wait Function is triggered

2021-11-23 16:51:02 - [MESSAGE][PASSED] - Method.TextDegerineEsitElementinAltindakineTikla is PASSED

2021-11-23 16:51:02 - [TEST_STEP][PASSED] - Method.TextDegerineEsitElementeTikla(findTestObject("Object Repository/Filtreler/Basliga_Gore_Dropdown"), Filtre_Degeri): Method.TextDegerineEsitElementeTikla is PASSED

2021-11-23 16:51:02 - [MESSAGE][INFO] - Finding Test Object 'Object Repository/Filtreler/Basliga_Gore_Dropdown'

2021-11-23 16:51:02 - [MESSAGE][INFO] - Checking timeout

2021-11-23 16:51:02 - [MESSAGE][INFO] - Finding web element with id: 'Object Repository/Filtreler/Basliga_Gore_Dropdown' located by 'By.xpath: //*[@class = 'dxeListBoxItemRow_LECustomTheme']' in '10' second(s)

2021-11-23 16:51:02 - [MESSAGE][INFO] - Smart Wait Function is triggered

2021-11-23 16:51:02 - [MESSAGE][INFO] - Found 59 web elements with id: 'Object Repository/Filtreler/Basliga_Gore_Dropdown' located by 'By.xpath: //*[@class = 'dxeListBoxItemRow_LECustomTheme']' in '10' second(s)

2021-11-23 16:51:03 - [MESSAGE][PASSED] - Method.TextDegerineEsitElementeTikla is PASSED

2021-11-23 16:51:03 - [MESSAGE][PASSED] - Call Test Case 'Test Cases/Filtreler/DropdownSec' successfully

2021-11-23 16:51:03 - [MESSAGE][INFO] - Checking called Test Case

2021-11-23 16:51:03 - [MESSAGE][INFO] - Starting to call Test Case 'Test Cases/Filtreler/BaslangicYaz'

2021-11-23 16:51:03 - [TEST_CASE][PASSED] - Test Cases/Filtreler/BaslangicYaz: Test Cases/Filtreler/BaslangicYaz

2021-11-23 16:51:03 - [TEST_STEP][PASSED] - delay(3): Delayed 3 second(s)

2021-11-23 16:51:03 - [MESSAGE][INFO] - Delaying browser in 3 second(s)

2021-11-23 16:51:06 - [MESSAGE][PASSED] - Delayed 3 second(s)

2021-11-23 16:51:06 - [TEST_STEP][PASSED] - Method.TextDegerineEsitElementinAltindakineTikla(findTestObject("Filtreler/Basliklar"), findTestObject("Filtreler/Basliga_Gore_Baslangic_Image"), Filtre_Adi): Method.TextDegerineEsitElementinAltindakineTikla is PASSED

2021-11-23 16:51:06 - [MESSAGE][INFO] - Finding Test Object 'Object Repository/Filtreler/Basliklar'

2021-11-23 16:51:06 - [MESSAGE][INFO] - Finding Test Object 'Object Repository/Filtreler/Basliga_Gore_Baslangic_Image'

2021-11-23 16:51:06 - [MESSAGE][INFO] - Checking timeout

2021-11-23 16:51:06 - [MESSAGE][INFO] - Finding web element with id: 'Object Repository/Filtreler/Basliklar' located by 'By.cssSelector: .control-label.col-sm-4.paddingMarginRLC' in '10' second(s)

2021-11-23 16:51:06 - [MESSAGE][INFO] - Smart Wait Function is triggered

2021-11-23 16:51:06 - [MESSAGE][INFO] - Found 5 web elements with id: 'Object Repository/Filtreler/Basliklar' located by 'By.cssSelector: .control-label.col-sm-4.paddingMarginRLC' in '10' second(s)

2021-11-23 16:51:06 - [MESSAGE][INFO] - Smart Wait Function is triggered

2021-11-23 16:51:07 - [MESSAGE][PASSED] - Method.TextDegerineEsitElementinAltindakineTikla is PASSED

2021-11-23 16:51:07 - [TEST_STEP][PASSED] - Method.TextDegerineEsitElementinAltindakiTextboxtaYaz(findTestObject("Filtreler/Basliklar"), findTestObject("Filtreler/Basliga_Gore_Baslangic"), Filtre_Adi, Filtre_Degeri): Method.TextDegerineEsitElementinAltindakiTextboxtaYaz is PASSED

2021-11-23 16:51:07 - [MESSAGE][INFO] - Finding Test Object 'Object Repository/Filtreler/Basliklar'

2021-11-23 16:51:07 - [MESSAGE][INFO] - Finding Test Object 'Object Repository/Filtreler/Basliga_Gore_Baslangic'

2021-11-23 16:51:07 - [MESSAGE][INFO] - Checking timeout

2021-11-23 16:51:07 - [MESSAGE][INFO] - Finding web element with id: 'Object Repository/Filtreler/Basliklar' located by 'By.cssSelector: .control-label.col-sm-4.paddingMarginRLC' in '10' second(s)

2021-11-23 16:51:07 - [MESSAGE][INFO] - Smart Wait Function is triggered

2021-11-23 16:51:07 - [MESSAGE][INFO] - Found 5 web elements with id: 'Object Repository/Filtreler/Basliklar' located by 'By.cssSelector: .control-label.col-sm-4.paddingMarginRLC' in '10' second(s)

2021-11-23 16:51:07 - [MESSAGE][INFO] - Smart Wait Function is triggered

2021-11-23 16:51:08 - [MESSAGE][PASSED] - Method.TextDegerineEsitElementinAltindakiTextboxtaYaz is PASSED

2021-11-23 16:51:08 - [MESSAGE][PASSED] - Call Test Case 'Test Cases/Filtreler/BaslangicYaz' successfully

2021-11-23 16:51:08 - [MESSAGE][INFO] - Checking called Test Case

2021-11-23 16:51:08 - [MESSAGE][INFO] - Starting to call Test Case 'Test Cases/Filtreler/BitisYaz'

2021-11-23 16:51:08 - [TEST_CASE][PASSED] - Test Cases/Filtreler/BitisYaz: Test Cases/Filtreler/BitisYaz

2021-11-23 16:51:08 - [TEST_STEP][PASSED] - Method.TextDegerineEsitElementinAltindakineTikla(findTestObject("Filtreler/Basliklar"), findTestObject("Filtreler/Basliga_Gore_Bitis_Image"), Filtre_Adi): Method.TextDegerineEsitElementinAltindakineTikla is PASSED

2021-11-23 16:51:08 - [MESSAGE][INFO] - Finding Test Object 'Object Repository/Filtreler/Basliklar'

2021-11-23 16:51:08 - [MESSAGE][INFO] - Finding Test Object 'Object Repository/Filtreler/Basliga_Gore_Bitis_Image'

2021-11-23 16:51:08 - [MESSAGE][INFO] - Checking timeout

2021-11-23 16:51:08 - [MESSAGE][INFO] - Finding web element with id: 'Object Repository/Filtreler/Basliklar' located by 'By.cssSelector: .control-label.col-sm-4.paddingMarginRLC' in '10' second(s)

2021-11-23 16:51:08 - [MESSAGE][INFO] - Smart Wait Function is triggered

2021-11-23 16:51:08 - [MESSAGE][INFO] - Found 5 web elements with id: 'Object Repository/Filtreler/Basliklar' located by 'By.cssSelector: .control-label.col-sm-4.paddingMarginRLC' in '10' second(s)

2021-11-23 16:51:08 - [MESSAGE][INFO] - Smart Wait Function is triggered

2021-11-23 16:51:09 - [MESSAGE][PASSED] - Method.TextDegerineEsitElementinAltindakineTikla is PASSED

2021-11-23 16:51:09 - [TEST_STEP][PASSED] - Method.TextDegerineEsitElementinAltindakiTextboxtaYaz(findTestObject("Filtreler/Basliklar"), findTestObject("Object Repository/Filtreler/Basliga_Gore_Bitis"), Filtre_Adi, Filtre_Degeri): Method.TextDegerineEsitElementinAltindakiTextboxtaYaz is PASSED

2021-11-23 16:51:09 - [MESSAGE][INFO] - Finding Test Object 'Object Repository/Filtreler/Basliklar'

2021-11-23 16:51:09 - [MESSAGE][INFO] - Finding Test Object 'Object Repository/Filtreler/Basliga_Gore_Bitis'

2021-11-23 16:51:09 - [MESSAGE][INFO] - Checking timeout

2021-11-23 16:51:09 - [MESSAGE][INFO] - Finding web element with id: 'Object Repository/Filtreler/Basliklar' located by 'By.cssSelector: .control-label.col-sm-4.paddingMarginRLC' in '10' second(s)

2021-11-23 16:51:09 - [MESSAGE][INFO] - Smart Wait Function is triggered

2021-11-23 16:51:09 - [MESSAGE][INFO] - Found 5 web elements with id: 'Object Repository/Filtreler/Basliklar' located by 'By.cssSelector: .control-label.col-sm-4.paddingMarginRLC' in '10' second(s)

2021-11-23 16:51:09 - [MESSAGE][INFO] - Smart Wait Function is triggered

2021-11-23 16:51:10 - [MESSAGE][PASSED] - Method.TextDegerineEsitElementinAltindakiTextboxtaYaz is PASSED

2021-11-23 16:51:10 - [MESSAGE][PASSED] - Call Test Case 'Test Cases/Filtreler/BitisYaz' successfully

2021-11-23 16:51:10 - [MESSAGE][INFO] - Checking called Test Case

2021-11-23 16:51:10 - [MESSAGE][INFO] - Starting to call Test Case 'Test Cases/Filtreler/ButonaTikla'

2021-11-23 16:51:11 - [TEST_CASE][PASSED] - Test Cases/Filtreler/ButonaTikla: Test Cases/Filtreler/ButonaTikla

2021-11-23 16:51:11 - [TEST_STEP][PASSED] - Method.TextDegerineEsitElementeTikla(findTestObject("Filtreler/Butonlar"), Filtre_Buton): Method.TextDegerineEsitElementeTikla is PASSED

2021-11-23 16:51:11 - [MESSAGE][INFO] - Finding Test Object 'Object Repository/Filtreler/Butonlar'

2021-11-23 16:51:11 - [MESSAGE][INFO] - Checking timeout

2021-11-23 16:51:11 - [MESSAGE][INFO] - Finding web element with id: 'Object Repository/Filtreler/Butonlar' located by 'By.cssSelector: .dxb>span' in '10' second(s)

2021-11-23 16:51:11 - [MESSAGE][INFO] - Smart Wait Function is triggered

2021-11-23 16:51:11 - [MESSAGE][INFO] - Found 3 web elements with id: 'Object Repository/Filtreler/Butonlar' located by 'By.cssSelector: .dxb>span' in '10' second(s)

2021-11-23 16:51:11 - [MESSAGE][PASSED] - Method.TextDegerineEsitElementeTikla is PASSED

2021-11-23 16:51:11 - [MESSAGE][PASSED] - Call Test Case 'Test Cases/Filtreler/ButonaTikla' successfully

2021-11-23 16:51:11 - [MESSAGE][INFO] - Checking called Test Case

2021-11-23 16:51:11 - [MESSAGE][INFO] - Starting to call Test Case 'Test Cases/Tablo/TablodaVeriVarMi'

2021-11-23 16:51:11 - [TEST_CASE][PASSED] - Test Cases/Tablo/TablodaVeriVarMi: Test Cases/Tablo/TablodaVeriVarMi

2021-11-23 16:51:11 - [TEST_STEP][PASSED] - verifyTextNotPresent("Görüntülenecek veri yok", true): Text 'Görüntülenecek veri yok' is not present on page using regular expression

2021-11-23 16:51:11 - [MESSAGE][INFO] - Checking text present  using regular expression

2021-11-23 16:51:11 - [MESSAGE][INFO] - Smart Wait Function is triggered

2021-11-23 16:51:13 - [MESSAGE][INFO] - Finding text 'Görüntülenecek veri yok' on page  using regular expression

2021-11-23 16:51:13 - [MESSAGE][PASSED] - Text 'Görüntülenecek veri yok' is not present on page using regular expression

2021-11-23 16:51:13 - [MESSAGE][PASSED] - Call Test Case 'Test Cases/Tablo/TablodaVeriVarMi' successfully

2021-11-23 16:51:14 - [MESSAGE][INFO] - Checking called Test Case

2021-11-23 16:51:14 - [MESSAGE][INFO] - Starting to call Test Case 'Test Cases/Tablo/TablodanVeriSec'

2021-11-23 16:51:14 - [TEST_CASE][PASSED] - Test Cases/Tablo/TablodanVeriSec: Test Cases/Tablo/TablodanVeriSec

2021-11-23 16:51:14 - [TEST_STEP][PASSED] - Method.TextDegerineEsitElementinAltindakineTikla(findTestObject("Tablo/Veriler"), findTestObject("Tablo/VerininCheckBoxi"), Veri_Adi): Method.TextDegerineEsitElementinAltindakineTikla is PASSED

2021-11-23 16:51:14 - [MESSAGE][INFO] - Finding Test Object 'Object Repository/Tablo/Veriler'

2021-11-23 16:51:14 - [MESSAGE][INFO] - Finding Test Object 'Object Repository/Tablo/VerininCheckBoxi'

2021-11-23 16:51:14 - [MESSAGE][INFO] - Checking timeout

2021-11-23 16:51:14 - [MESSAGE][INFO] - Finding web element with id: 'Object Repository/Tablo/Veriler' located by 'By.cssSelector: td.dxgv b ,td.dxgv' in '10' second(s)

2021-11-23 16:51:14 - [MESSAGE][INFO] - Smart Wait Function is triggered

2021-11-23 16:51:14 - [MESSAGE][INFO] - Found 120 web elements with id: 'Object Repository/Tablo/Veriler' located by 'By.cssSelector: td.dxgv b ,td.dxgv' in '10' second(s)

2021-11-23 16:51:15 - [MESSAGE][INFO] - Smart Wait Function is triggered

2021-11-23 16:51:15 - [MESSAGE][PASSED] - Method.TextDegerineEsitElementinAltindakineTikla is PASSED

2021-11-23 16:51:15 - [MESSAGE][PASSED] - Call Test Case 'Test Cases/Tablo/TablodanVeriSec' successfully

2021-11-23 16:51:15 - [MESSAGE][INFO] - Checking called Test Case

2021-11-23 16:51:15 - [MESSAGE][INFO] - Starting to call Test Case 'Test Cases/Butonlar/ButonaTikla'

2021-11-23 16:51:15 - [TEST_CASE][PASSED] - Test Cases/Butonlar/ButonaTikla: Test Cases/Butonlar/ButonaTikla

2021-11-23 16:51:15 - [TEST_STEP][PASSED] - Method.TextDegerineEsitElementeTiklaEquals(findTestObject("Butonlar/Butonlar"), Buton_Adi): Method.TextDegerineEsitElementeTiklaEquals is PASSED

2021-11-23 16:51:15 - [MESSAGE][INFO] - Finding Test Object 'Object Repository/Butonlar/Butonlar'

2021-11-23 16:51:15 - [MESSAGE][INFO] - Checking timeout

2021-11-23 16:51:15 - [MESSAGE][INFO] - Finding web element with id: 'Object Repository/Butonlar/Butonlar' located by 'By.cssSelector: .panel.panel-default.text-center.footerPanel .btn,.btn.btn-primary.btnControls' in '10' second(s)

2021-11-23 16:51:15 - [MESSAGE][INFO] - Smart Wait Function is triggered

2021-11-23 16:51:15 - [MESSAGE][INFO] - Found 6 web elements with id: 'Object Repository/Butonlar/Butonlar' located by 'By.cssSelector: .panel.panel-default.text-center.footerPanel .btn,.btn.btn-primary.btnControls' in '10' second(s)

2021-11-23 16:51:16 - [MESSAGE][PASSED] - Method.TextDegerineEsitElementeTiklaEquals is PASSED

2021-11-23 16:51:16 - [MESSAGE][PASSED] - Call Test Case 'Test Cases/Butonlar/ButonaTikla' successfully

2021-11-23 16:51:16 - [MESSAGE][INFO] - Checking called Test Case

2021-11-23 16:51:16 - [MESSAGE][INFO] - Starting to call Test Case 'Test Cases/Sekmeler/YeniSekmeyeGec'

2021-11-23 16:51:16 - [TEST_CASE][PASSED] - Test Cases/Sekmeler/YeniSekmeyeGec: Test Cases/Sekmeler/YeniSekmeyeGec

2021-11-23 16:51:16 - [TEST_STEP][PASSED] - switchToWindowIndex(1): Switched to window with index: '1'

2021-11-23 16:51:16 - [MESSAGE][INFO] - Checking index

2021-11-23 16:51:16 - [MESSAGE][INFO] - Switching window with index: '1'

2021-11-23 16:51:16 - [MESSAGE][PASSED] - Switched to window with index: '1'

2021-11-23 16:51:16 - [MESSAGE][PASSED] - Call Test Case 'Test Cases/Sekmeler/YeniSekmeyeGec' successfully

2021-11-23 16:51:16 - [MESSAGE][INFO] - Checking called Test Case

2021-11-23 16:51:16 - [MESSAGE][INFO] - Starting to call Test Case 'Test Cases/Sekmeler/TagGeldiMi'

2021-11-23 16:51:16 - [TEST_CASE][PASSED] - Test Cases/Sekmeler/TagGeldiMi: Test Cases/Sekmeler/TagGeldiMi

2021-11-23 16:51:16 - [TEST_STEP][PASSED] - waitForElementPresent(findTestObject("Object Repository/Sekmeler/UBLTag"), 10): Object 'Object Repository/Sekmeler/UBLTag' is present

2021-11-23 16:51:16 - [MESSAGE][INFO] - Finding Test Object 'Object Repository/Sekmeler/UBLTag'

2021-11-23 16:51:16 - [MESSAGE][INFO] - Checking object

2021-11-23 16:51:16 - [MESSAGE][INFO] - Finding web element from Test Object's properties

2021-11-23 16:51:16 - [MESSAGE][INFO] - Checking timeout

2021-11-23 16:51:16 - [MESSAGE][INFO] - Finding web element with id: 'Object Repository/Sekmeler/UBLTag' located by 'By.cssSelector: #webkit-xml-viewer-source-xml>:first-child' in '10' second(s)

2021-11-23 16:51:16 - [MESSAGE][INFO] - Smart Wait Function is triggered

2021-11-23 16:51:17 - [MESSAGE][INFO] - Found 1 web elements with id: 'Object Repository/Sekmeler/UBLTag' located by 'By.cssSelector: #webkit-xml-viewer-source-xml>:first-child' in '10' second(s)

2021-11-23 16:51:17 - [MESSAGE][PASSED] - Object 'Object Repository/Sekmeler/UBLTag' is present

2021-11-23 16:51:17 - [TEST_STEP][PASSED] - println(toLowerCase().toString()): Found 1 web elements with id: 'Object Repository/Sekmeler/UBLTag' located by 'By.cssSelector: #webkit-xml-viewer-source-xml>:first-child' in '10' second(s)

2021-11-23 16:51:17 - [MESSAGE][INFO] - Finding Test Object 'Object Repository/Sekmeler/UBLTag'

2021-11-23 16:51:17 - [MESSAGE][INFO] - Finding web element from Test Object's properties

2021-11-23 16:51:17 - [MESSAGE][INFO] - Checking timeout

2021-11-23 16:51:17 - [MESSAGE][INFO] - Finding web element with id: 'Object Repository/Sekmeler/UBLTag' located by 'By.cssSelector: #webkit-xml-viewer-source-xml>:first-child' in '10' second(s)

2021-11-23 16:51:17 - [MESSAGE][INFO] - Smart Wait Function is triggered

2021-11-23 16:51:17 - [MESSAGE][INFO] - Found 1 web elements with id: 'Object Repository/Sekmeler/UBLTag' located by 'By.cssSelector: #webkit-xml-viewer-source-xml>:first-child' in '10' second(s)

2021-11-23 16:51:17 - [TEST_STEP][PASSED] - if (!(toString().contains(toString().toLowerCase()))): Found 1 web elements with id: 'Object Repository/Sekmeler/UBLTag' located by 'By.cssSelector: #webkit-xml-viewer-source-xml>:first-child' in '10' second(s)

2021-11-23 16:51:17 - [MESSAGE][INFO] - Finding Test Object 'Object Repository/Sekmeler/UBLTag'

2021-11-23 16:51:17 - [MESSAGE][INFO] - Finding web element from Test Object's properties

2021-11-23 16:51:17 - [MESSAGE][INFO] - Checking timeout

2021-11-23 16:51:17 - [MESSAGE][INFO] - Finding web element with id: 'Object Repository/Sekmeler/UBLTag' located by 'By.cssSelector: #webkit-xml-viewer-source-xml>:first-child' in '10' second(s)

2021-11-23 16:51:17 - [MESSAGE][INFO] - Smart Wait Function is triggered

2021-11-23 16:51:17 - [MESSAGE][INFO] - Found 1 web elements with id: 'Object Repository/Sekmeler/UBLTag' located by 'By.cssSelector: #webkit-xml-viewer-source-xml>:first-child' in '10' second(s)

2021-11-23 16:51:17 - [MESSAGE][PASSED] - Call Test Case 'Test Cases/Sekmeler/TagGeldiMi' successfully

2021-11-23 16:51:17 - [MESSAGE][INFO] - Checking called Test Case

2021-11-23 16:51:17 - [MESSAGE][INFO] - Starting to call Test Case 'Test Cases/Sekmeler/Ana_Sekmeye_Gec'

2021-11-23 16:51:17 - [TEST_CASE][PASSED] - Test Cases/Sekmeler/Ana_Sekmeye_Gec: Test Cases/Sekmeler/Ana_Sekmeye_Gec

2021-11-23 16:51:17 - [TEST_STEP][PASSED] - try: Window with index 1 is closed

2021-11-23 16:51:17 - [TEST_STEP][PASSED] - index = getWindowIndex(): Current window's index is: 1

2021-11-23 16:51:17 - [MESSAGE][INFO] - Getting current window's index

2021-11-23 16:51:17 - [MESSAGE][PASSED] - Current window's index is: 1

2021-11-23 16:51:17 - [TEST_STEP][PASSED] - closeWindowIndex(index): Window with index 1 is closed

2021-11-23 16:51:17 - [MESSAGE][INFO] - Checking index

2021-11-23 16:51:17 - [MESSAGE][INFO] - Closing window with index 1

2021-11-23 16:51:18 - [MESSAGE][PASSED] - Window with index 1 is closed

2021-11-23 16:51:18 - [TEST_STEP][PASSED] - switchToWindowIndex(0): Switched to window with index: '0'

2021-11-23 16:51:18 - [MESSAGE][INFO] - Checking index

2021-11-23 16:51:18 - [MESSAGE][INFO] - Switching window with index: '0'

2021-11-23 16:51:18 - [MESSAGE][PASSED] - Switched to window with index: '0'

2021-11-23 16:51:18 - [MESSAGE][PASSED] - Call Test Case 'Test Cases/Sekmeler/Ana_Sekmeye_Gec' successfully

2021-11-23 16:51:18 - [MESSAGE][INFO] - Checking called Test Case

2021-11-23 16:51:18 - [MESSAGE][INFO] - Starting to call Test Case 'Test Cases/Kullanici_Islemleri/KullaniciIslemlerindenSecimYapilir'

2021-11-23 16:51:18 - [TEST_CASE][PASSED] - Test Cases/Kullanici_Islemleri/KullaniciIslemlerindenSecimYapilir: Test Cases/Kullanici_Islemleri/KullaniciIslemlerindenSecimYapilir

2021-11-23 16:51:18 - [TEST_STEP][PASSED] - waitForElementClickable(findTestObject("Object Repository/Kullanici_Islemleri/KullaniciIslemleri"), 10): Object 'Object Repository/Kullanici_Islemleri/KullaniciIslemleri' is clickable

2021-11-23 16:51:18 - [MESSAGE][INFO] - Finding Test Object 'Object Repository/Kullanici_Islemleri/KullaniciIslemleri'

2021-11-23 16:51:18 - [MESSAGE][INFO] - Checking object

2021-11-23 16:51:18 - [MESSAGE][INFO] - Checking timeout

2021-11-23 16:51:18 - [MESSAGE][INFO] - Finding web element from Test Object's properties

2021-11-23 16:51:18 - [MESSAGE][INFO] - Checking timeout

2021-11-23 16:51:18 - [MESSAGE][INFO] - Finding web element with id: 'Object Repository/Kullanici_Islemleri/KullaniciIslemleri' located by 'By.cssSelector: .dropdown>a>img' in '10' second(s)

2021-11-23 16:51:18 - [MESSAGE][INFO] - Smart Wait Function is triggered

2021-11-23 16:51:18 - [MESSAGE][INFO] - Found 1 web elements with id: 'Object Repository/Kullanici_Islemleri/KullaniciIslemleri' located by 'By.cssSelector: .dropdown>a>img' in '10' second(s)

2021-11-23 16:51:18 - [MESSAGE][PASSED] - Object 'Object Repository/Kullanici_Islemleri/KullaniciIslemleri' is clickable

2021-11-23 16:51:18 - [TEST_STEP][PASSED] - click(findTestObject("Object Repository/Kullanici_Islemleri/KullaniciIslemleri")): Object: 'Object Repository/Kullanici_Islemleri/KullaniciIslemleri' is clicked on

2021-11-23 16:51:18 - [MESSAGE][INFO] - Finding Test Object 'Object Repository/Kullanici_Islemleri/KullaniciIslemleri'

2021-11-23 16:51:18 - [MESSAGE][INFO] - Checking object

2021-11-23 16:51:18 - [MESSAGE][INFO] - Finding web element from Test Object's properties

2021-11-23 16:51:18 - [MESSAGE][INFO] - Checking timeout

2021-11-23 16:51:18 - [MESSAGE][INFO] - Finding web element with id: 'Object Repository/Kullanici_Islemleri/KullaniciIslemleri' located by 'By.cssSelector: .dropdown>a>img' in '30' second(s)

2021-11-23 16:51:18 - [MESSAGE][INFO] - Smart Wait Function is triggered

2021-11-23 16:51:18 - [MESSAGE][INFO] - Found 1 web elements with id: 'Object Repository/Kullanici_Islemleri/KullaniciIslemleri' located by 'By.cssSelector: .dropdown>a>img' in '30' second(s)

2021-11-23 16:51:18 - [MESSAGE][INFO] - Clicking on object: 'Object Repository/Kullanici_Islemleri/KullaniciIslemleri'

2021-11-23 16:51:18 - [MESSAGE][PASSED] - Object: 'Object Repository/Kullanici_Islemleri/KullaniciIslemleri' is clicked on

2021-11-23 16:51:18 - [TEST_STEP][PASSED] - Method.TextDegerineEsitElementeTikla(findTestObject("Object Repository/Kullanici_Islemleri/Secenekler"), Islem): Method.TextDegerineEsitElementeTikla is PASSED

2021-11-23 16:51:18 - [MESSAGE][INFO] - Finding Test Object 'Object Repository/Kullanici_Islemleri/Secenekler'

2021-11-23 16:51:19 - [MESSAGE][INFO] - Checking timeout

2021-11-23 16:51:19 - [MESSAGE][INFO] - Finding web element with id: 'Object Repository/Kullanici_Islemleri/Secenekler' located by 'By.cssSelector: .nav.navbar-nav.navbar-right li a' in '10' second(s)

2021-11-23 16:51:19 - [MESSAGE][INFO] - Smart Wait Function is triggered

2021-11-23 16:51:19 - [MESSAGE][INFO] - Found 22 web elements with id: 'Object Repository/Kullanici_Islemleri/Secenekler' located by 'By.cssSelector: .nav.navbar-nav.navbar-right li a' in '10' second(s)

2021-11-23 16:51:20 - [MESSAGE][PASSED] - Method.TextDegerineEsitElementeTikla is PASSED

2021-11-23 16:51:20 - [TEST_STEP][PASSED] - verifyElementNotPresent(findTestObject("Object Repository/Kullanici_Islemleri/Secenekler"), 10): Web element with id: 'Object Repository/Kullanici_Islemleri/Secenekler' located by 'By.cssSelector: .nav.navbar-nav.navbar-right li a' is not present after '10' second(s)

2021-11-23 16:51:20 - [MESSAGE][INFO] - Finding Test Object 'Object Repository/Kullanici_Islemleri/Secenekler'

2021-11-23 16:51:21 - [MESSAGE][INFO] - Checking object

2021-11-23 16:51:21 - [MESSAGE][INFO] - Checking timeout

2021-11-23 16:51:21 - [MESSAGE][INFO] - Finding web element with id: 'Object Repository/Kullanici_Islemleri/Secenekler' located by 'By.cssSelector: .nav.navbar-nav.navbar-right li a' in '10' second(s)

2021-11-23 16:51:21 - [MESSAGE][INFO] - Smart Wait Function is triggered

2021-11-23 16:51:21 - [MESSAGE][PASSED] - Web element with id: 'Object Repository/Kullanici_Islemleri/Secenekler' located by 'By.cssSelector: .nav.navbar-nav.navbar-right li a' is not present after '10' second(s)

2021-11-23 16:51:21 - [MESSAGE][PASSED] - Call Test Case 'Test Cases/Kullanici_Islemleri/KullaniciIslemlerindenSecimYapilir' successfully

2021-11-23 16:51:21 - [TEST_CASE][PASSED] - Start Test Case : SCENARIO e-Serbest Meslek Makbuz Raporlari XML: SCENARIO e-Serbest Meslek Makbuz Raporlari XML

2021-11-23 16:51:21 - [TEST_STEP][PASSED] - Kullanıcı adı ELOGO6 ve Şifre 123456 olarak giriş yapılır: Kullanıcı adı ELOGO6 ve Şifre 123456 olarak giriş yapılır

2021-11-23 16:51:21 - [MESSAGE][PASSED] - Kullanıcı adı ELOGO6 ve Şifre 123456 olarak giriş yapılır

2021-11-23 16:51:21 - [TEST_STEP][PASSED] - Ana menüden e-Makbuz seçilir: Ana menüden e-Makbuz seçilir

2021-11-23 16:51:21 - [MESSAGE][PASSED] - Ana menüden e-Makbuz seçilir

2021-11-23 16:51:21 - [TEST_STEP][PASSED] - Alt menü e-Serbest Meslek Uygulaması başlığı altındaki e-Serbest Meslek Makbuz Raporları seçilir: Alt menü e-Serbest Meslek Uygulaması başlığı altındaki e-Serbest Meslek Makbuz Raporları seçilir

2021-11-23 16:51:21 - [MESSAGE][PASSED] - Alt menü e-Serbest Meslek Uygulaması başlığı altındaki e-Serbest Meslek Makbuz Raporları seçilir

2021-11-23 16:51:21 - [TEST_STEP][PASSED] - Filtrelerden Dönem Tarihi filtresine 2021 Ocak dropdowndan degeri seçilir: Filtrelerden Dönem Tarihi filtresine 2021 Ocak dropdowndan degeri seçilir

2021-11-23 16:51:21 - [MESSAGE][PASSED] - Filtrelerden Dönem Tarihi filtresine 2021 Ocak dropdowndan degeri seçilir

2021-11-23 16:51:21 - [TEST_STEP][PASSED] - Filtrelerden Bölüm Tarihi filtresine 11.01.2021 baslangic degerini yaz: Filtrelerden Bölüm Tarihi filtresine 11.01.2021 baslangic degerini yaz

2021-11-23 16:51:21 - [MESSAGE][PASSED] - Filtrelerden Bölüm Tarihi filtresine 11.01.2021 baslangic degerini yaz

2021-11-23 16:51:21 - [TEST_STEP][PASSED] - Filtrelerden Bölüm Tarihi filtresine 11.01.2021 bitis degerini yaz: Filtrelerden Bölüm Tarihi filtresine 11.01.2021 bitis degerini yaz

2021-11-23 16:51:21 - [MESSAGE][PASSED] - Filtrelerden Bölüm Tarihi filtresine 11.01.2021 bitis degerini yaz

2021-11-23 16:51:21 - [TEST_STEP][PASSED] - Filtre butonlarından Listele seçilir: Filtre butonlarından Listele seçilir

2021-11-23 16:51:21 - [MESSAGE][PASSED] - Filtre butonlarından Listele seçilir

2021-11-23 16:51:21 - [TEST_STEP][PASSED] - Tabloda veri var mı kontrol edilir: Tabloda veri var mı kontrol edilir

2021-11-23 16:51:21 - [MESSAGE][PASSED] - Tabloda veri var mı kontrol edilir

2021-11-23 16:51:21 - [TEST_STEP][PASSED] - Tablodan 1641 isimli veri seçilir: Tablodan 1641 isimli veri seçilir

2021-11-23 16:51:21 - [MESSAGE][PASSED] - Tablodan 1641 isimli veri seçilir

2021-11-23 16:51:21 - [TEST_STEP][PASSED] - Butonlardan XML isimli butona tıklanır: Butonlardan XML isimli butona tıklanır

2021-11-23 16:51:21 - [MESSAGE][PASSED] - Butonlardan XML isimli butona tıklanır

2021-11-23 16:51:21 - [TEST_STEP][PASSED] - Yeni açılan sekmeye geçilir: Yeni açılan sekmeye geçilir

2021-11-23 16:51:21 - [MESSAGE][PASSED] - Yeni açılan sekmeye geçilir

2021-11-23 16:51:21 - [TEST_STEP][PASSED] - earsiv:eArsivRaporu tagli ubl geldi mi: earsiv:eArsivRaporu tagli ubl geldi mi

2021-11-23 16:51:21 - [MESSAGE][PASSED] - earsiv:eArsivRaporu tagli ubl geldi mi

2021-11-23 16:51:21 - [TEST_STEP][PASSED] - Ana sekmeye geçilir: Ana sekmeye geçilir

2021-11-23 16:51:21 - [MESSAGE][PASSED] - Ana sekmeye geçilir

2021-11-23 16:51:21 - [TEST_STEP][PASSED] - Kullanıcı işlemlerinden Çıkış seçilir: Kullanıcı işlemlerinden Çıkış seçilir

2021-11-23 16:51:21 - [MESSAGE][PASSED] - Kullanıcı işlemlerinden Çıkış seçilir

2021-11-23 16:51:21 - [MESSAGE][PASSED] - Feature file: 'Include/features/e-Makbuz/e-Serbest Meslek Uygulaması/e-Serbest Meslek Makbuz Raporlari/XML.feature' was passed

2021-11-23 16:51:21 - [TEST_STEP][PASSED] - Start listener action : sampleAfterTestSuite: Invoke 'com.kms.katalon.core.annotation.AfterTestCase' method: 'Listener.sampleAfterTestSuite(...)' completed.

2021-11-23 16:51:21 - [MESSAGE][INFO] - Starting invoke 'com.kms.katalon.core.annotation.AfterTestCase' method: 'Listener.sampleAfterTestSuite(...)'

2021-11-23 16:51:21 - [TEST_STEP][PASSED] - closeBrowser(): Invoke 'com.kms.katalon.core.annotation.AfterTestCase' method: 'Listener.sampleAfterTestSuite(...)' completed.

2021-11-23 16:51:21 - [MESSAGE][INFO] - Closing browser

2021-11-23 16:51:22 - [MESSAGE][PASSED] - Browser is closed

2021-11-23 16:51:22 - [MESSAGE][INFO] - Invoke 'com.kms.katalon.core.annotation.AfterTestCase' method: 'Listener.sampleAfterTestSuite(...)' completed.]]></system-out>
         <system-err><![CDATA[]]></system-err>
      </testcase>
      <testcase name="Test Cases/Case Repository/e-Makbuz/e-Serbest Meslek Uygulamasi/e-Serbest Meslek Makbuz Raporlari/Yeniden Olustur" time="51.026" classname="Test Cases/Case Repository/e-Makbuz/e-Serbest Meslek Uygulamasi/e-Serbest Meslek Makbuz Raporlari/Yeniden Olustur" status="PASSED">
         <system-out><![CDATA[2021-11-23 16:51:22 - [TEST_CASE][PASSED] - Test Cases/Case Repository/e-Makbuz/e-Serbest Meslek Uygulamasi/e-Serbest Meslek Makbuz Raporlari/Yeniden Olustur: Test Cases/Case Repository/e-Makbuz/e-Serbest Meslek Uygulamasi/e-Serbest Meslek Makbuz Raporlari/Yeniden Olustur

2021-11-23 16:51:22 - [TEST_STEP][PASSED] - Start listener action : sampleBeforeTestSuite: Invoke 'com.kms.katalon.core.annotation.BeforeTestCase' method: 'Listener.sampleBeforeTestSuite(...)' completed.

2021-11-23 16:51:22 - [MESSAGE][INFO] - Starting invoke 'com.kms.katalon.core.annotation.BeforeTestCase' method: 'Listener.sampleBeforeTestSuite(...)'

2021-11-23 16:51:22 - [TEST_STEP][PASSED] - openBrowser(baseUrl): Browser is opened with url: 'https://efatura-stage.elogo.com.tr/'

2021-11-23 16:51:22 - [MESSAGE][INFO] - Opening browser

2021-11-23 16:51:22 - [MESSAGE][INFO] - Starting 'Chrome' driver

2021-11-23 16:51:22 - [MESSAGE][INFO] - User set preference: ['prefs', '{download.default_directory=C:\otomasyondownfiles}']

2021-11-23 16:51:22 - [MESSAGE][INFO] - Action delay is set to 0 milliseconds

2021-11-23 16:51:23 - [MESSAGE][INFO] - Navigating browser to: 'https://efatura-stage.elogo.com.tr/'

2021-11-23 16:51:28 - [MESSAGE][PASSED] - Browser is opened with url: 'https://efatura-stage.elogo.com.tr/'

2021-11-23 16:51:28 - [TEST_STEP][PASSED] - maximizeWindow(): Invoke 'com.kms.katalon.core.annotation.BeforeTestCase' method: 'Listener.sampleBeforeTestSuite(...)' completed.

2021-11-23 16:51:28 - [MESSAGE][INFO] - Maximizing current window

2021-11-23 16:51:28 - [MESSAGE][PASSED] - Current window maximized

2021-11-23 16:51:28 - [MESSAGE][INFO] - Invoke 'com.kms.katalon.core.annotation.BeforeTestCase' method: 'Listener.sampleBeforeTestSuite(...)' completed.

2021-11-23 16:51:29 - [TEST_STEP][PASSED] - runFeatureFile("Include/features/e-Makbuz/e-Serbest Meslek Uygulaması/e-Serbest Meslek Makbuz Raporlari/Yeniden Olustur.feature"): Feature file: 'Include/features/e-Makbuz/e-Serbest Meslek Uygulaması/e-Serbest Meslek Makbuz Raporlari/Yeniden Olustur.feature' was passed

2021-11-23 16:51:29 - [MESSAGE][INFO] - Starting run keyword runFeatureFile: 'Include/features/e-Makbuz/e-Serbest Meslek Uygulaması/e-Serbest Meslek Makbuz Raporlari/Yeniden Olustur.feature' and extract report to folder: 'C:\Users\DELL\Documents\GitHub\EES_KatalonLogo\Reports\20211123_163326\Suite Repository\e-Makbuz\20211123_163348/cucumber_report/1637675489049'...

2021-11-23 16:51:29 - [MESSAGE][INFO] - Glue: []

2021-11-23 16:51:32 - [MESSAGE][INFO] - Checking called Test Case

2021-11-23 16:51:32 - [MESSAGE][INFO] - Starting to call Test Case 'Test Cases/Sayfalar/Giris_Sayfasi/Login'

2021-11-23 16:51:32 - [TEST_CASE][PASSED] - Test Cases/Sayfalar/Giris_Sayfasi/Login: Test Cases/Sayfalar/Giris_Sayfasi/Login

2021-11-23 16:51:32 - [TEST_STEP][PASSED] - Sayfa_Basligi = getWindowTitle(): Current window's title is: 'LOGO e-Fatura'

2021-11-23 16:51:32 - [MESSAGE][INFO] - Getting current window's title

2021-11-23 16:51:32 - [MESSAGE][PASSED] - Current window's title is: 'LOGO e-Fatura'

2021-11-23 16:51:32 - [TEST_STEP][PASSED] - verifyMatch(Sayfa_Basligi, "LOGO e-Fatura", false): Actual text 'LOGO e-Fatura' and expected text 'LOGO e-Fatura' are matched 

2021-11-23 16:51:32 - [MESSAGE][INFO] - Matching actual text 'LOGO e-Fatura' with expected text 'LOGO e-Fatura'

2021-11-23 16:51:32 - [MESSAGE][PASSED] - Actual text 'LOGO e-Fatura' and expected text 'LOGO e-Fatura' are matched 

2021-11-23 16:51:32 - [TEST_STEP][PASSED] - sendKeys(findTestObject("Sayfalar/Giris_Sayfasi/Firma_Kodu"), KullaniciAdi): Keys 'ELOGO6' sent to object: 'Object Repository/Sayfalar/Giris_Sayfasi/Firma_Kodu'

2021-11-23 16:51:32 - [MESSAGE][INFO] - Finding Test Object 'Object Repository/Sayfalar/Giris_Sayfasi/Firma_Kodu'

2021-11-23 16:51:32 - [MESSAGE][INFO] - Sending keys 'ELOGO6' to object: 'Object Repository/Sayfalar/Giris_Sayfasi/Firma_Kodu'

2021-11-23 16:51:32 - [MESSAGE][INFO] - Finding web element from Test Object's properties

2021-11-23 16:51:32 - [MESSAGE][INFO] - Checking timeout

2021-11-23 16:51:32 - [MESSAGE][INFO] - Finding web element with id: 'Object Repository/Sayfalar/Giris_Sayfasi/Firma_Kodu' located by 'By.xpath: //*[@id = 'AccountName']' in '30' second(s)

2021-11-23 16:51:32 - [MESSAGE][INFO] - Smart Wait Function is triggered

2021-11-23 16:51:32 - [MESSAGE][INFO] - Found 1 web elements with id: 'Object Repository/Sayfalar/Giris_Sayfasi/Firma_Kodu' located by 'By.xpath: //*[@id = 'AccountName']' in '30' second(s)

2021-11-23 16:51:32 - [MESSAGE][PASSED] - Keys 'ELOGO6' sent to object: 'Object Repository/Sayfalar/Giris_Sayfasi/Firma_Kodu'

2021-11-23 16:51:32 - [TEST_STEP][PASSED] - sendKeys(findTestObject("Sayfalar/Giris_Sayfasi/Sifre"), Sifre): Keys '123456' sent to object: 'Object Repository/Sayfalar/Giris_Sayfasi/Sifre'

2021-11-23 16:51:32 - [MESSAGE][INFO] - Finding Test Object 'Object Repository/Sayfalar/Giris_Sayfasi/Sifre'

2021-11-23 16:51:32 - [MESSAGE][INFO] - Sending keys '123456' to object: 'Object Repository/Sayfalar/Giris_Sayfasi/Sifre'

2021-11-23 16:51:32 - [MESSAGE][INFO] - Finding web element from Test Object's properties

2021-11-23 16:51:32 - [MESSAGE][INFO] - Checking timeout

2021-11-23 16:51:32 - [MESSAGE][INFO] - Finding web element with id: 'Object Repository/Sayfalar/Giris_Sayfasi/Sifre' located by 'By.xpath: //*[@id = 'Password']' in '30' second(s)

2021-11-23 16:51:32 - [MESSAGE][INFO] - Smart Wait Function is triggered

2021-11-23 16:51:33 - [MESSAGE][INFO] - Found 1 web elements with id: 'Object Repository/Sayfalar/Giris_Sayfasi/Sifre' located by 'By.xpath: //*[@id = 'Password']' in '30' second(s)

2021-11-23 16:51:33 - [MESSAGE][PASSED] - Keys '123456' sent to object: 'Object Repository/Sayfalar/Giris_Sayfasi/Sifre'

2021-11-23 16:51:33 - [TEST_STEP][PASSED] - findWebElement(findTestObject("Sayfalar/Giris_Sayfasi/Giris_Butonu")).click(): Found 1 web elements with id: 'Object Repository/Sayfalar/Giris_Sayfasi/Giris_Butonu' located by 'By.cssSelector: #btnLogin' in '30' second(s)

2021-11-23 16:51:33 - [MESSAGE][INFO] - Finding Test Object 'Object Repository/Sayfalar/Giris_Sayfasi/Giris_Butonu'

2021-11-23 16:51:33 - [MESSAGE][INFO] - Finding web element from Test Object's properties

2021-11-23 16:51:33 - [MESSAGE][INFO] - Checking timeout

2021-11-23 16:51:33 - [MESSAGE][INFO] - Finding web element with id: 'Object Repository/Sayfalar/Giris_Sayfasi/Giris_Butonu' located by 'By.cssSelector: #btnLogin' in '30' second(s)

2021-11-23 16:51:33 - [MESSAGE][INFO] - Smart Wait Function is triggered

2021-11-23 16:51:33 - [MESSAGE][INFO] - Found 1 web elements with id: 'Object Repository/Sayfalar/Giris_Sayfasi/Giris_Butonu' located by 'By.cssSelector: #btnLogin' in '30' second(s)

2021-11-23 16:51:36 - [TEST_STEP][PASSED] - if (verifyElementPresent(findTestObject("Object Repository/Sayfalar/Giris_Sayfasi/RetveTamam_Butonu"), 5, OPTIONAL)): null

2021-11-23 16:51:36 - [MESSAGE][INFO] - Finding Test Object 'Object Repository/Sayfalar/Giris_Sayfasi/RetveTamam_Butonu'

2021-11-23 16:51:36 - [MESSAGE][INFO] - Checking object

2021-11-23 16:51:36 - [MESSAGE][INFO] - Finding web element from Test Object's properties

2021-11-23 16:51:36 - [MESSAGE][INFO] - Checking timeout

2021-11-23 16:51:36 - [MESSAGE][INFO] - Finding web element with id: 'Object Repository/Sayfalar/Giris_Sayfasi/RetveTamam_Butonu' located by 'By.xpath: //*[@class = 'btn btn-default']' in '5' second(s)

2021-11-23 16:51:36 - [MESSAGE][INFO] - Smart Wait Function is triggered

2021-11-23 16:51:37 - [MESSAGE][INFO] - Found 1 web elements with id: 'Object Repository/Sayfalar/Giris_Sayfasi/RetveTamam_Butonu' located by 'By.xpath: //*[@class = 'btn btn-default']' in '5' second(s)

2021-11-23 16:51:37 - [MESSAGE][PASSED] - Object 'Object Repository/Sayfalar/Giris_Sayfasi/RetveTamam_Butonu' is present

2021-11-23 16:51:37 - [TEST_STEP][PASSED] - click(findTestObject("Object Repository/Sayfalar/Giris_Sayfasi/RetveTamam_Butonu")): Object: 'Object Repository/Sayfalar/Giris_Sayfasi/RetveTamam_Butonu' is clicked on

2021-11-23 16:51:37 - [MESSAGE][INFO] - Finding Test Object 'Object Repository/Sayfalar/Giris_Sayfasi/RetveTamam_Butonu'

2021-11-23 16:51:37 - [MESSAGE][INFO] - Checking object

2021-11-23 16:51:37 - [MESSAGE][INFO] - Finding web element from Test Object's properties

2021-11-23 16:51:37 - [MESSAGE][INFO] - Checking timeout

2021-11-23 16:51:37 - [MESSAGE][INFO] - Finding web element with id: 'Object Repository/Sayfalar/Giris_Sayfasi/RetveTamam_Butonu' located by 'By.xpath: //*[@class = 'btn btn-default']' in '30' second(s)

2021-11-23 16:51:37 - [MESSAGE][INFO] - Smart Wait Function is triggered

2021-11-23 16:51:37 - [MESSAGE][INFO] - Found 1 web elements with id: 'Object Repository/Sayfalar/Giris_Sayfasi/RetveTamam_Butonu' located by 'By.xpath: //*[@class = 'btn btn-default']' in '30' second(s)

2021-11-23 16:51:37 - [MESSAGE][INFO] - Clicking on object: 'Object Repository/Sayfalar/Giris_Sayfasi/RetveTamam_Butonu'

2021-11-23 16:51:37 - [MESSAGE][PASSED] - Object: 'Object Repository/Sayfalar/Giris_Sayfasi/RetveTamam_Butonu' is clicked on

2021-11-23 16:51:37 - [TEST_STEP][PASSED] - click(findTestObject("Object Repository/Sayfalar/Giris_Sayfasi/RetveTamam_Butonu")): Object: 'Object Repository/Sayfalar/Giris_Sayfasi/RetveTamam_Butonu' is clicked on

2021-11-23 16:51:37 - [MESSAGE][INFO] - Finding Test Object 'Object Repository/Sayfalar/Giris_Sayfasi/RetveTamam_Butonu'

2021-11-23 16:51:37 - [MESSAGE][INFO] - Checking object

2021-11-23 16:51:37 - [MESSAGE][INFO] - Finding web element from Test Object's properties

2021-11-23 16:51:37 - [MESSAGE][INFO] - Checking timeout

2021-11-23 16:51:37 - [MESSAGE][INFO] - Finding web element with id: 'Object Repository/Sayfalar/Giris_Sayfasi/RetveTamam_Butonu' located by 'By.xpath: //*[@class = 'btn btn-default']' in '30' second(s)

2021-11-23 16:51:37 - [MESSAGE][INFO] - Smart Wait Function is triggered

2021-11-23 16:51:40 - [MESSAGE][INFO] - Found 1 web elements with id: 'Object Repository/Sayfalar/Giris_Sayfasi/RetveTamam_Butonu' located by 'By.xpath: //*[@class = 'btn btn-default']' in '30' second(s)

2021-11-23 16:51:40 - [MESSAGE][INFO] - Clicking on object: 'Object Repository/Sayfalar/Giris_Sayfasi/RetveTamam_Butonu'

2021-11-23 16:51:40 - [MESSAGE][PASSED] - Object: 'Object Repository/Sayfalar/Giris_Sayfasi/RetveTamam_Butonu' is clicked on

2021-11-23 16:51:40 - [TEST_STEP][PASSED] - if (verifyElementPresent(findTestObject("Sayfalar/Giris_Sayfasi/PopupOK"), 5, OPTIONAL)): null

2021-11-23 16:51:40 - [MESSAGE][INFO] - Finding Test Object 'Object Repository/Sayfalar/Giris_Sayfasi/PopupOK'

2021-11-23 16:51:40 - [MESSAGE][INFO] - Checking object

2021-11-23 16:51:40 - [MESSAGE][INFO] - Finding web element from Test Object's properties

2021-11-23 16:51:40 - [MESSAGE][INFO] - Checking timeout

2021-11-23 16:51:40 - [MESSAGE][INFO] - Finding web element with id: 'Object Repository/Sayfalar/Giris_Sayfasi/PopupOK' located by 'By.cssSelector: .btn.btn-success' in '5' second(s)

2021-11-23 16:51:40 - [MESSAGE][INFO] - Smart Wait Function is triggered

2021-11-23 16:51:41 - [MESSAGE][INFO] - Found 1 web elements with id: 'Object Repository/Sayfalar/Giris_Sayfasi/PopupOK' located by 'By.cssSelector: .btn.btn-success' in '5' second(s)

2021-11-23 16:51:41 - [MESSAGE][PASSED] - Object 'Object Repository/Sayfalar/Giris_Sayfasi/PopupOK' is present

2021-11-23 16:51:41 - [TEST_STEP][PASSED] - click(findTestObject("Object Repository/Sayfalar/Giris_Sayfasi/PopupCarpiGiris")): Object: 'Object Repository/Sayfalar/Giris_Sayfasi/PopupCarpiGiris' is clicked on

2021-11-23 16:51:41 - [MESSAGE][INFO] - Finding Test Object 'Object Repository/Sayfalar/Giris_Sayfasi/PopupCarpiGiris'

2021-11-23 16:51:41 - [MESSAGE][INFO] - Checking object

2021-11-23 16:51:41 - [MESSAGE][INFO] - Finding web element from Test Object's properties

2021-11-23 16:51:41 - [MESSAGE][INFO] - Checking timeout

2021-11-23 16:51:41 - [MESSAGE][INFO] - Finding web element with id: 'Object Repository/Sayfalar/Giris_Sayfasi/PopupCarpiGiris' located by 'By.cssSelector: .bootbox-close-button.close' in '30' second(s)

2021-11-23 16:51:41 - [MESSAGE][INFO] - Smart Wait Function is triggered

2021-11-23 16:51:42 - [MESSAGE][INFO] - Found 1 web elements with id: 'Object Repository/Sayfalar/Giris_Sayfasi/PopupCarpiGiris' located by 'By.cssSelector: .bootbox-close-button.close' in '30' second(s)

2021-11-23 16:51:42 - [MESSAGE][INFO] - Clicking on object: 'Object Repository/Sayfalar/Giris_Sayfasi/PopupCarpiGiris'

2021-11-23 16:51:42 - [MESSAGE][PASSED] - Object: 'Object Repository/Sayfalar/Giris_Sayfasi/PopupCarpiGiris' is clicked on

2021-11-23 16:51:42 - [TEST_STEP][PASSED] - verifyElementVisible(findTestObject("Object Repository/Kullanici_Islemleri/KullaniciIslemleri")): Object 'Object Repository/Kullanici_Islemleri/KullaniciIslemleri' is visible

2021-11-23 16:51:42 - [MESSAGE][INFO] - Finding Test Object 'Object Repository/Kullanici_Islemleri/KullaniciIslemleri'

2021-11-23 16:51:42 - [MESSAGE][INFO] - Checking object

2021-11-23 16:51:42 - [MESSAGE][INFO] - Finding web element from Test Object's properties

2021-11-23 16:51:42 - [MESSAGE][INFO] - Checking timeout

2021-11-23 16:51:42 - [MESSAGE][INFO] - Finding web element with id: 'Object Repository/Kullanici_Islemleri/KullaniciIslemleri' located by 'By.cssSelector: .dropdown>a>img' in '30' second(s)

2021-11-23 16:51:42 - [MESSAGE][INFO] - Smart Wait Function is triggered

2021-11-23 16:51:42 - [MESSAGE][INFO] - Found 1 web elements with id: 'Object Repository/Kullanici_Islemleri/KullaniciIslemleri' located by 'By.cssSelector: .dropdown>a>img' in '30' second(s)

2021-11-23 16:51:43 - [MESSAGE][PASSED] - Object 'Object Repository/Kullanici_Islemleri/KullaniciIslemleri' is visible

2021-11-23 16:51:43 - [MESSAGE][PASSED] - Call Test Case 'Test Cases/Sayfalar/Giris_Sayfasi/Login' successfully

2021-11-23 16:51:43 - [MESSAGE][INFO] - Checking called Test Case

2021-11-23 16:51:43 - [MESSAGE][INFO] - Starting to call Test Case 'Test Cases/Menu/AnaMenuSecimi'

2021-11-23 16:51:43 - [TEST_CASE][PASSED] - Test Cases/Menu/AnaMenuSecimi: Test Cases/Menu/AnaMenuSecimi

2021-11-23 16:51:43 - [TEST_STEP][PASSED] - Method.TextDegerineEsitElementeTikla(findTestObject("Menu/Ana_Menu"), Ana_Menu): Method.TextDegerineEsitElementeTikla is PASSED

2021-11-23 16:51:43 - [MESSAGE][INFO] - Finding Test Object 'Object Repository/Menu/Ana_Menu'

2021-11-23 16:51:43 - [MESSAGE][INFO] - Checking timeout

2021-11-23 16:51:43 - [MESSAGE][INFO] - Finding web element with id: 'Object Repository/Menu/Ana_Menu' located by 'By.xpath: //*[@class = 'dropdown-toggle']' in '10' second(s)

2021-11-23 16:51:43 - [MESSAGE][INFO] - Smart Wait Function is triggered

2021-11-23 16:51:43 - [MESSAGE][INFO] - Found 14 web elements with id: 'Object Repository/Menu/Ana_Menu' located by 'By.xpath: //*[@class = 'dropdown-toggle']' in '10' second(s)

2021-11-23 16:51:43 - [MESSAGE][PASSED] - Method.TextDegerineEsitElementeTikla is PASSED

2021-11-23 16:51:43 - [MESSAGE][PASSED] - Call Test Case 'Test Cases/Menu/AnaMenuSecimi' successfully

2021-11-23 16:51:43 - [MESSAGE][INFO] - Checking called Test Case

2021-11-23 16:51:43 - [MESSAGE][INFO] - Starting to call Test Case 'Test Cases/Menu/BasligaGoreAltMenuSecimi'

2021-11-23 16:51:43 - [TEST_CASE][PASSED] - Test Cases/Menu/BasligaGoreAltMenuSecimi: Test Cases/Menu/BasligaGoreAltMenuSecimi

2021-11-23 16:51:43 - [TEST_STEP][PASSED] - Method.TextDegerineEsitElementinAltindakiTextDegerineEsitOlanaTikla(findTestObject("Menu/Menu_Basligi"), findTestObject("Menu/Basliga_Gore_Alt_Menu"), Baslik, Alt_Menu): Method.TextDegerineEsitElementinAltindakiTextDegerineEsitOlanaTikla is PASSED

2021-11-23 16:51:43 - [MESSAGE][INFO] - Finding Test Object 'Object Repository/Menu/Menu_Basligi'

2021-11-23 16:51:43 - [MESSAGE][INFO] - Finding Test Object 'Object Repository/Menu/Basliga_Gore_Alt_Menu'

2021-11-23 16:51:44 - [MESSAGE][INFO] - Checking timeout

2021-11-23 16:51:44 - [MESSAGE][INFO] - Finding web element with id: 'Object Repository/Menu/Menu_Basligi' located by 'By.xpath: //li[@class='dropdown dropdown-large open']//li[@class='dropdown-header']' in '10' second(s)

2021-11-23 16:51:44 - [MESSAGE][INFO] - Smart Wait Function is triggered

2021-11-23 16:51:44 - [MESSAGE][INFO] - Found 2 web elements with id: 'Object Repository/Menu/Menu_Basligi' located by 'By.xpath: //li[@class='dropdown dropdown-large open']//li[@class='dropdown-header']' in '10' second(s)

2021-11-23 16:51:44 - [MESSAGE][INFO] - Smart Wait Function is triggered

2021-11-23 16:51:50 - [MESSAGE][PASSED] - Method.TextDegerineEsitElementinAltindakiTextDegerineEsitOlanaTikla is PASSED

2021-11-23 16:51:50 - [MESSAGE][PASSED] - Call Test Case 'Test Cases/Menu/BasligaGoreAltMenuSecimi' successfully

2021-11-23 16:51:50 - [MESSAGE][INFO] - Checking called Test Case

2021-11-23 16:51:50 - [MESSAGE][INFO] - Starting to call Test Case 'Test Cases/Filtreler/DropdownSec'

2021-11-23 16:51:50 - [TEST_CASE][PASSED] - Test Cases/Filtreler/DropdownSec: Test Cases/Filtreler/DropdownSec

2021-11-23 16:51:50 - [TEST_STEP][PASSED] - Method.TextDegerineEsitElementinAltindakineTikla(findTestObject("Filtreler/Basliklar"), findTestObject("Filtreler/Basliga_Gore_Baslangic_Image"), Filtre_Adi): Method.TextDegerineEsitElementinAltindakineTikla is PASSED

2021-11-23 16:51:50 - [MESSAGE][INFO] - Finding Test Object 'Object Repository/Filtreler/Basliklar'

2021-11-23 16:51:50 - [MESSAGE][INFO] - Finding Test Object 'Object Repository/Filtreler/Basliga_Gore_Baslangic_Image'

2021-11-23 16:51:50 - [MESSAGE][INFO] - Checking timeout

2021-11-23 16:51:50 - [MESSAGE][INFO] - Finding web element with id: 'Object Repository/Filtreler/Basliklar' located by 'By.cssSelector: .control-label.col-sm-4.paddingMarginRLC' in '10' second(s)

2021-11-23 16:51:50 - [MESSAGE][INFO] - Smart Wait Function is triggered

2021-11-23 16:51:50 - [MESSAGE][INFO] - Found 5 web elements with id: 'Object Repository/Filtreler/Basliklar' located by 'By.cssSelector: .control-label.col-sm-4.paddingMarginRLC' in '10' second(s)

2021-11-23 16:51:50 - [MESSAGE][INFO] - Smart Wait Function is triggered

2021-11-23 16:51:51 - [MESSAGE][PASSED] - Method.TextDegerineEsitElementinAltindakineTikla is PASSED

2021-11-23 16:51:51 - [TEST_STEP][PASSED] - Method.TextDegerineEsitElementeTikla(findTestObject("Object Repository/Filtreler/Basliga_Gore_Dropdown"), Filtre_Degeri): Method.TextDegerineEsitElementeTikla is PASSED

2021-11-23 16:51:51 - [MESSAGE][INFO] - Finding Test Object 'Object Repository/Filtreler/Basliga_Gore_Dropdown'

2021-11-23 16:51:51 - [MESSAGE][INFO] - Checking timeout

2021-11-23 16:51:51 - [MESSAGE][INFO] - Finding web element with id: 'Object Repository/Filtreler/Basliga_Gore_Dropdown' located by 'By.xpath: //*[@class = 'dxeListBoxItemRow_LECustomTheme']' in '10' second(s)

2021-11-23 16:51:51 - [MESSAGE][INFO] - Smart Wait Function is triggered

2021-11-23 16:51:51 - [MESSAGE][INFO] - Found 59 web elements with id: 'Object Repository/Filtreler/Basliga_Gore_Dropdown' located by 'By.xpath: //*[@class = 'dxeListBoxItemRow_LECustomTheme']' in '10' second(s)

2021-11-23 16:51:52 - [MESSAGE][PASSED] - Method.TextDegerineEsitElementeTikla is PASSED

2021-11-23 16:51:52 - [MESSAGE][PASSED] - Call Test Case 'Test Cases/Filtreler/DropdownSec' successfully

2021-11-23 16:51:52 - [MESSAGE][INFO] - Checking called Test Case

2021-11-23 16:51:52 - [MESSAGE][INFO] - Starting to call Test Case 'Test Cases/Filtreler/BaslangicYaz'

2021-11-23 16:51:52 - [TEST_CASE][PASSED] - Test Cases/Filtreler/BaslangicYaz: Test Cases/Filtreler/BaslangicYaz

2021-11-23 16:51:52 - [TEST_STEP][PASSED] - delay(3): Delayed 3 second(s)

2021-11-23 16:51:52 - [MESSAGE][INFO] - Delaying browser in 3 second(s)

2021-11-23 16:51:55 - [MESSAGE][PASSED] - Delayed 3 second(s)

2021-11-23 16:51:55 - [TEST_STEP][PASSED] - Method.TextDegerineEsitElementinAltindakineTikla(findTestObject("Filtreler/Basliklar"), findTestObject("Filtreler/Basliga_Gore_Baslangic_Image"), Filtre_Adi): Method.TextDegerineEsitElementinAltindakineTikla is PASSED

2021-11-23 16:51:55 - [MESSAGE][INFO] - Finding Test Object 'Object Repository/Filtreler/Basliklar'

2021-11-23 16:51:55 - [MESSAGE][INFO] - Finding Test Object 'Object Repository/Filtreler/Basliga_Gore_Baslangic_Image'

2021-11-23 16:51:55 - [MESSAGE][INFO] - Checking timeout

2021-11-23 16:51:55 - [MESSAGE][INFO] - Finding web element with id: 'Object Repository/Filtreler/Basliklar' located by 'By.cssSelector: .control-label.col-sm-4.paddingMarginRLC' in '10' second(s)

2021-11-23 16:51:55 - [MESSAGE][INFO] - Smart Wait Function is triggered

2021-11-23 16:51:55 - [MESSAGE][INFO] - Found 5 web elements with id: 'Object Repository/Filtreler/Basliklar' located by 'By.cssSelector: .control-label.col-sm-4.paddingMarginRLC' in '10' second(s)

2021-11-23 16:51:55 - [MESSAGE][INFO] - Smart Wait Function is triggered

2021-11-23 16:51:56 - [MESSAGE][PASSED] - Method.TextDegerineEsitElementinAltindakineTikla is PASSED

2021-11-23 16:51:56 - [TEST_STEP][PASSED] - Method.TextDegerineEsitElementinAltindakiTextboxtaYaz(findTestObject("Filtreler/Basliklar"), findTestObject("Filtreler/Basliga_Gore_Baslangic"), Filtre_Adi, Filtre_Degeri): Method.TextDegerineEsitElementinAltindakiTextboxtaYaz is PASSED

2021-11-23 16:51:56 - [MESSAGE][INFO] - Finding Test Object 'Object Repository/Filtreler/Basliklar'

2021-11-23 16:51:56 - [MESSAGE][INFO] - Finding Test Object 'Object Repository/Filtreler/Basliga_Gore_Baslangic'

2021-11-23 16:51:56 - [MESSAGE][INFO] - Checking timeout

2021-11-23 16:51:56 - [MESSAGE][INFO] - Finding web element with id: 'Object Repository/Filtreler/Basliklar' located by 'By.cssSelector: .control-label.col-sm-4.paddingMarginRLC' in '10' second(s)

2021-11-23 16:51:56 - [MESSAGE][INFO] - Smart Wait Function is triggered

2021-11-23 16:51:56 - [MESSAGE][INFO] - Found 5 web elements with id: 'Object Repository/Filtreler/Basliklar' located by 'By.cssSelector: .control-label.col-sm-4.paddingMarginRLC' in '10' second(s)

2021-11-23 16:51:56 - [MESSAGE][INFO] - Smart Wait Function is triggered

2021-11-23 16:51:57 - [MESSAGE][PASSED] - Method.TextDegerineEsitElementinAltindakiTextboxtaYaz is PASSED

2021-11-23 16:51:57 - [MESSAGE][PASSED] - Call Test Case 'Test Cases/Filtreler/BaslangicYaz' successfully

2021-11-23 16:51:57 - [MESSAGE][INFO] - Checking called Test Case

2021-11-23 16:51:57 - [MESSAGE][INFO] - Starting to call Test Case 'Test Cases/Filtreler/BitisYaz'

2021-11-23 16:51:57 - [TEST_CASE][PASSED] - Test Cases/Filtreler/BitisYaz: Test Cases/Filtreler/BitisYaz

2021-11-23 16:51:57 - [TEST_STEP][PASSED] - Method.TextDegerineEsitElementinAltindakineTikla(findTestObject("Filtreler/Basliklar"), findTestObject("Filtreler/Basliga_Gore_Bitis_Image"), Filtre_Adi): Method.TextDegerineEsitElementinAltindakineTikla is PASSED

2021-11-23 16:51:57 - [MESSAGE][INFO] - Finding Test Object 'Object Repository/Filtreler/Basliklar'

2021-11-23 16:51:57 - [MESSAGE][INFO] - Finding Test Object 'Object Repository/Filtreler/Basliga_Gore_Bitis_Image'

2021-11-23 16:51:57 - [MESSAGE][INFO] - Checking timeout

2021-11-23 16:51:57 - [MESSAGE][INFO] - Finding web element with id: 'Object Repository/Filtreler/Basliklar' located by 'By.cssSelector: .control-label.col-sm-4.paddingMarginRLC' in '10' second(s)

2021-11-23 16:51:57 - [MESSAGE][INFO] - Smart Wait Function is triggered

2021-11-23 16:51:57 - [MESSAGE][INFO] - Found 5 web elements with id: 'Object Repository/Filtreler/Basliklar' located by 'By.cssSelector: .control-label.col-sm-4.paddingMarginRLC' in '10' second(s)

2021-11-23 16:51:57 - [MESSAGE][INFO] - Smart Wait Function is triggered

2021-11-23 16:51:58 - [MESSAGE][PASSED] - Method.TextDegerineEsitElementinAltindakineTikla is PASSED

2021-11-23 16:51:58 - [TEST_STEP][PASSED] - Method.TextDegerineEsitElementinAltindakiTextboxtaYaz(findTestObject("Filtreler/Basliklar"), findTestObject("Object Repository/Filtreler/Basliga_Gore_Bitis"), Filtre_Adi, Filtre_Degeri): Method.TextDegerineEsitElementinAltindakiTextboxtaYaz is PASSED

2021-11-23 16:51:58 - [MESSAGE][INFO] - Finding Test Object 'Object Repository/Filtreler/Basliklar'

2021-11-23 16:51:58 - [MESSAGE][INFO] - Finding Test Object 'Object Repository/Filtreler/Basliga_Gore_Bitis'

2021-11-23 16:51:58 - [MESSAGE][INFO] - Checking timeout

2021-11-23 16:51:58 - [MESSAGE][INFO] - Finding web element with id: 'Object Repository/Filtreler/Basliklar' located by 'By.cssSelector: .control-label.col-sm-4.paddingMarginRLC' in '10' second(s)

2021-11-23 16:51:58 - [MESSAGE][INFO] - Smart Wait Function is triggered

2021-11-23 16:51:58 - [MESSAGE][INFO] - Found 5 web elements with id: 'Object Repository/Filtreler/Basliklar' located by 'By.cssSelector: .control-label.col-sm-4.paddingMarginRLC' in '10' second(s)

2021-11-23 16:51:58 - [MESSAGE][INFO] - Smart Wait Function is triggered

2021-11-23 16:51:59 - [MESSAGE][PASSED] - Method.TextDegerineEsitElementinAltindakiTextboxtaYaz is PASSED

2021-11-23 16:51:59 - [MESSAGE][PASSED] - Call Test Case 'Test Cases/Filtreler/BitisYaz' successfully

2021-11-23 16:51:59 - [MESSAGE][INFO] - Checking called Test Case

2021-11-23 16:51:59 - [MESSAGE][INFO] - Starting to call Test Case 'Test Cases/Filtreler/ButonaTikla'

2021-11-23 16:51:59 - [TEST_CASE][PASSED] - Test Cases/Filtreler/ButonaTikla: Test Cases/Filtreler/ButonaTikla

2021-11-23 16:51:59 - [TEST_STEP][PASSED] - Method.TextDegerineEsitElementeTikla(findTestObject("Filtreler/Butonlar"), Filtre_Buton): Method.TextDegerineEsitElementeTikla is PASSED

2021-11-23 16:51:59 - [MESSAGE][INFO] - Finding Test Object 'Object Repository/Filtreler/Butonlar'

2021-11-23 16:51:59 - [MESSAGE][INFO] - Checking timeout

2021-11-23 16:51:59 - [MESSAGE][INFO] - Finding web element with id: 'Object Repository/Filtreler/Butonlar' located by 'By.cssSelector: .dxb>span' in '10' second(s)

2021-11-23 16:51:59 - [MESSAGE][INFO] - Smart Wait Function is triggered

2021-11-23 16:51:59 - [MESSAGE][INFO] - Found 3 web elements with id: 'Object Repository/Filtreler/Butonlar' located by 'By.cssSelector: .dxb>span' in '10' second(s)

2021-11-23 16:51:59 - [MESSAGE][PASSED] - Method.TextDegerineEsitElementeTikla is PASSED

2021-11-23 16:51:59 - [MESSAGE][PASSED] - Call Test Case 'Test Cases/Filtreler/ButonaTikla' successfully

2021-11-23 16:51:59 - [MESSAGE][INFO] - Checking called Test Case

2021-11-23 16:51:59 - [MESSAGE][INFO] - Starting to call Test Case 'Test Cases/Tablo/TablodaVeriVarMi'

2021-11-23 16:51:59 - [TEST_CASE][PASSED] - Test Cases/Tablo/TablodaVeriVarMi: Test Cases/Tablo/TablodaVeriVarMi

2021-11-23 16:51:59 - [TEST_STEP][PASSED] - verifyTextNotPresent("Görüntülenecek veri yok", true): Text 'Görüntülenecek veri yok' is not present on page using regular expression

2021-11-23 16:51:59 - [MESSAGE][INFO] - Checking text present  using regular expression

2021-11-23 16:51:59 - [MESSAGE][INFO] - Smart Wait Function is triggered

2021-11-23 16:52:00 - [MESSAGE][INFO] - Finding text 'Görüntülenecek veri yok' on page  using regular expression

2021-11-23 16:52:00 - [MESSAGE][PASSED] - Text 'Görüntülenecek veri yok' is not present on page using regular expression

2021-11-23 16:52:00 - [MESSAGE][PASSED] - Call Test Case 'Test Cases/Tablo/TablodaVeriVarMi' successfully

2021-11-23 16:52:00 - [MESSAGE][INFO] - Checking called Test Case

2021-11-23 16:52:00 - [MESSAGE][INFO] - Starting to call Test Case 'Test Cases/Tablo/TablodanVeriSec'

2021-11-23 16:52:00 - [TEST_CASE][PASSED] - Test Cases/Tablo/TablodanVeriSec: Test Cases/Tablo/TablodanVeriSec

2021-11-23 16:52:00 - [TEST_STEP][PASSED] - Method.TextDegerineEsitElementinAltindakineTikla(findTestObject("Tablo/Veriler"), findTestObject("Tablo/VerininCheckBoxi"), Veri_Adi): Method.TextDegerineEsitElementinAltindakineTikla is PASSED

2021-11-23 16:52:00 - [MESSAGE][INFO] - Finding Test Object 'Object Repository/Tablo/Veriler'

2021-11-23 16:52:00 - [MESSAGE][INFO] - Finding Test Object 'Object Repository/Tablo/VerininCheckBoxi'

2021-11-23 16:52:00 - [MESSAGE][INFO] - Checking timeout

2021-11-23 16:52:00 - [MESSAGE][INFO] - Finding web element with id: 'Object Repository/Tablo/Veriler' located by 'By.cssSelector: td.dxgv b ,td.dxgv' in '10' second(s)

2021-11-23 16:52:00 - [MESSAGE][INFO] - Smart Wait Function is triggered

2021-11-23 16:52:01 - [MESSAGE][INFO] - Found 36 web elements with id: 'Object Repository/Tablo/Veriler' located by 'By.cssSelector: td.dxgv b ,td.dxgv' in '10' second(s)

2021-11-23 16:52:01 - [MESSAGE][INFO] - Smart Wait Function is triggered

2021-11-23 16:52:01 - [MESSAGE][PASSED] - Method.TextDegerineEsitElementinAltindakineTikla is PASSED

2021-11-23 16:52:01 - [MESSAGE][PASSED] - Call Test Case 'Test Cases/Tablo/TablodanVeriSec' successfully

2021-11-23 16:52:01 - [MESSAGE][INFO] - Checking called Test Case

2021-11-23 16:52:01 - [MESSAGE][INFO] - Starting to call Test Case 'Test Cases/Butonlar/ButonaTikla'

2021-11-23 16:52:01 - [TEST_CASE][PASSED] - Test Cases/Butonlar/ButonaTikla: Test Cases/Butonlar/ButonaTikla

2021-11-23 16:52:01 - [TEST_STEP][PASSED] - Method.TextDegerineEsitElementeTiklaEquals(findTestObject("Butonlar/Butonlar"), Buton_Adi): Method.TextDegerineEsitElementeTiklaEquals is PASSED

2021-11-23 16:52:01 - [MESSAGE][INFO] - Finding Test Object 'Object Repository/Butonlar/Butonlar'

2021-11-23 16:52:01 - [MESSAGE][INFO] - Checking timeout

2021-11-23 16:52:01 - [MESSAGE][INFO] - Finding web element with id: 'Object Repository/Butonlar/Butonlar' located by 'By.cssSelector: .panel.panel-default.text-center.footerPanel .btn,.btn.btn-primary.btnControls' in '10' second(s)

2021-11-23 16:52:01 - [MESSAGE][INFO] - Smart Wait Function is triggered

2021-11-23 16:52:01 - [MESSAGE][INFO] - Found 6 web elements with id: 'Object Repository/Butonlar/Butonlar' located by 'By.cssSelector: .panel.panel-default.text-center.footerPanel .btn,.btn.btn-primary.btnControls' in '10' second(s)

2021-11-23 16:52:01 - [MESSAGE][PASSED] - Method.TextDegerineEsitElementeTiklaEquals is PASSED

2021-11-23 16:52:01 - [MESSAGE][PASSED] - Call Test Case 'Test Cases/Butonlar/ButonaTikla' successfully

2021-11-23 16:52:02 - [MESSAGE][INFO] - Checking called Test Case

2021-11-23 16:52:02 - [MESSAGE][INFO] - Starting to call Test Case 'Test Cases/Popup/PopupMesajiIceriyorMu'

2021-11-23 16:52:02 - [TEST_CASE][PASSED] - Test Cases/Popup/PopupMesajiIceriyorMu: Test Cases/Popup/PopupMesajiIceriyorMu

2021-11-23 16:52:02 - [TEST_STEP][PASSED] - waitForElementVisible(findTestObject("Popup/Popup"), 10): Object 'Object Repository/Popup/Popup' is visible

2021-11-23 16:52:02 - [MESSAGE][INFO] - Finding Test Object 'Object Repository/Popup/Popup'

2021-11-23 16:52:02 - [MESSAGE][INFO] - Checking object

2021-11-23 16:52:02 - [MESSAGE][INFO] - Checking timeout

2021-11-23 16:52:02 - [MESSAGE][INFO] - Finding web element from Test Object's properties

2021-11-23 16:52:02 - [MESSAGE][INFO] - Checking timeout

2021-11-23 16:52:02 - [MESSAGE][INFO] - Finding web element with id: 'Object Repository/Popup/Popup' located by 'By.cssSelector: .bootbox-body' in '10' second(s)

2021-11-23 16:52:02 - [MESSAGE][INFO] - Smart Wait Function is triggered

2021-11-23 16:52:02 - [MESSAGE][INFO] - Found 1 web elements with id: 'Object Repository/Popup/Popup' located by 'By.cssSelector: .bootbox-body' in '10' second(s)

2021-11-23 16:52:03 - [MESSAGE][PASSED] - Object 'Object Repository/Popup/Popup' is visible

2021-11-23 16:52:03 - [TEST_STEP][PASSED] - if (!(getText(findTestObject("Popup/Popup")).contains(Mesaj))): Text of object 'Object Repository/Popup/Popup' is: 'Seçtiğiniz e-Belge raporları yeniden oluşturulacaktır. Devam etmek istiyor musunuz?'

2021-11-23 16:52:03 - [MESSAGE][INFO] - Finding Test Object 'Object Repository/Popup/Popup'

2021-11-23 16:52:03 - [MESSAGE][INFO] - Checking object

2021-11-23 16:52:03 - [MESSAGE][INFO] - Finding web element from Test Object's properties

2021-11-23 16:52:03 - [MESSAGE][INFO] - Checking timeout

2021-11-23 16:52:03 - [MESSAGE][INFO] - Finding web element with id: 'Object Repository/Popup/Popup' located by 'By.cssSelector: .bootbox-body' in '30' second(s)

2021-11-23 16:52:03 - [MESSAGE][INFO] - Smart Wait Function is triggered

2021-11-23 16:52:03 - [MESSAGE][INFO] - Found 1 web elements with id: 'Object Repository/Popup/Popup' located by 'By.cssSelector: .bootbox-body' in '30' second(s)

2021-11-23 16:52:03 - [MESSAGE][INFO] - Getting text of object 'Object Repository/Popup/Popup'

2021-11-23 16:52:03 - [MESSAGE][PASSED] - Text of object 'Object Repository/Popup/Popup' is: 'Seçtiğiniz e-Belge raporları yeniden oluşturulacaktır. Devam etmek istiyor musunuz?'

2021-11-23 16:52:03 - [TEST_STEP][PASSED] - RaporNo = getText(findTestObject("Popup/Popup")).substring(0, 6): Text of object 'Object Repository/Popup/Popup' is: 'Seçtiğiniz e-Belge raporları yeniden oluşturulacaktır. Devam etmek istiyor musunuz?'

2021-11-23 16:52:03 - [MESSAGE][INFO] - Finding Test Object 'Object Repository/Popup/Popup'

2021-11-23 16:52:03 - [MESSAGE][INFO] - Checking object

2021-11-23 16:52:03 - [MESSAGE][INFO] - Finding web element from Test Object's properties

2021-11-23 16:52:03 - [MESSAGE][INFO] - Checking timeout

2021-11-23 16:52:03 - [MESSAGE][INFO] - Finding web element with id: 'Object Repository/Popup/Popup' located by 'By.cssSelector: .bootbox-body' in '30' second(s)

2021-11-23 16:52:03 - [MESSAGE][INFO] - Smart Wait Function is triggered

2021-11-23 16:52:03 - [MESSAGE][INFO] - Found 1 web elements with id: 'Object Repository/Popup/Popup' located by 'By.cssSelector: .bootbox-body' in '30' second(s)

2021-11-23 16:52:03 - [MESSAGE][INFO] - Getting text of object 'Object Repository/Popup/Popup'

2021-11-23 16:52:03 - [MESSAGE][PASSED] - Text of object 'Object Repository/Popup/Popup' is: 'Seçtiğiniz e-Belge raporları yeniden oluşturulacaktır. Devam etmek istiyor musunuz?'

2021-11-23 16:52:03 - [TEST_STEP][PASSED] - Console.println(RaporNo): null

2021-11-23 16:52:03 - [MESSAGE][PASSED] - Call Test Case 'Test Cases/Popup/PopupMesajiIceriyorMu' successfully

2021-11-23 16:52:03 - [MESSAGE][INFO] - Checking called Test Case

2021-11-23 16:52:03 - [MESSAGE][INFO] - Starting to call Test Case 'Test Cases/Popup/PopupButonSecilir'

2021-11-23 16:52:03 - [TEST_CASE][PASSED] - Test Cases/Popup/PopupButonSecilir: Test Cases/Popup/PopupButonSecilir

2021-11-23 16:52:03 - [TEST_STEP][PASSED] - Method.TextDegerineEsitElementeTikla(findTestObject("Popup/Popup_Butons"), Buton): Method.TextDegerineEsitElementeTikla is PASSED

2021-11-23 16:52:03 - [MESSAGE][INFO] - Finding Test Object 'Object Repository/Popup/Popup_Butons'

2021-11-23 16:52:03 - [MESSAGE][INFO] - Checking timeout

2021-11-23 16:52:03 - [MESSAGE][INFO] - Finding web element with id: 'Object Repository/Popup/Popup_Butons' located by 'By.cssSelector: .modal-footer>button' in '10' second(s)

2021-11-23 16:52:03 - [MESSAGE][INFO] - Smart Wait Function is triggered

2021-11-23 16:52:04 - [MESSAGE][INFO] - Found 2 web elements with id: 'Object Repository/Popup/Popup_Butons' located by 'By.cssSelector: .modal-footer>button' in '10' second(s)

2021-11-23 16:52:04 - [MESSAGE][PASSED] - Method.TextDegerineEsitElementeTikla is PASSED

2021-11-23 16:52:04 - [MESSAGE][PASSED] - Call Test Case 'Test Cases/Popup/PopupButonSecilir' successfully

2021-11-23 16:52:04 - [MESSAGE][INFO] - Checking called Test Case

2021-11-23 16:52:04 - [MESSAGE][INFO] - Starting to call Test Case 'Test Cases/Popup/PopupMesajiIceriyorMu'

2021-11-23 16:52:04 - [TEST_CASE][PASSED] - Test Cases/Popup/PopupMesajiIceriyorMu: Test Cases/Popup/PopupMesajiIceriyorMu

2021-11-23 16:52:04 - [TEST_STEP][PASSED] - waitForElementVisible(findTestObject("Popup/Popup"), 10): Object 'Object Repository/Popup/Popup' is visible

2021-11-23 16:52:04 - [MESSAGE][INFO] - Finding Test Object 'Object Repository/Popup/Popup'

2021-11-23 16:52:04 - [MESSAGE][INFO] - Checking object

2021-11-23 16:52:04 - [MESSAGE][INFO] - Checking timeout

2021-11-23 16:52:04 - [MESSAGE][INFO] - Finding web element from Test Object's properties

2021-11-23 16:52:04 - [MESSAGE][INFO] - Checking timeout

2021-11-23 16:52:04 - [MESSAGE][INFO] - Finding web element with id: 'Object Repository/Popup/Popup' located by 'By.cssSelector: .bootbox-body' in '10' second(s)

2021-11-23 16:52:04 - [MESSAGE][INFO] - Smart Wait Function is triggered

2021-11-23 16:52:05 - [MESSAGE][INFO] - Found 1 web elements with id: 'Object Repository/Popup/Popup' located by 'By.cssSelector: .bootbox-body' in '10' second(s)

2021-11-23 16:52:05 - [MESSAGE][PASSED] - Object 'Object Repository/Popup/Popup' is visible

2021-11-23 16:52:05 - [TEST_STEP][PASSED] - if (!(getText(findTestObject("Popup/Popup")).contains(Mesaj))): Text of object 'Object Repository/Popup/Popup' is: 'Seçilen raporlar yeniden oluşturulacaktır. Devam etmek istiyor musunuz?'

2021-11-23 16:52:05 - [MESSAGE][INFO] - Finding Test Object 'Object Repository/Popup/Popup'

2021-11-23 16:52:05 - [MESSAGE][INFO] - Checking object

2021-11-23 16:52:05 - [MESSAGE][INFO] - Finding web element from Test Object's properties

2021-11-23 16:52:05 - [MESSAGE][INFO] - Checking timeout

2021-11-23 16:52:05 - [MESSAGE][INFO] - Finding web element with id: 'Object Repository/Popup/Popup' located by 'By.cssSelector: .bootbox-body' in '30' second(s)

2021-11-23 16:52:05 - [MESSAGE][INFO] - Smart Wait Function is triggered

2021-11-23 16:52:05 - [MESSAGE][INFO] - Found 1 web elements with id: 'Object Repository/Popup/Popup' located by 'By.cssSelector: .bootbox-body' in '30' second(s)

2021-11-23 16:52:05 - [MESSAGE][INFO] - Getting text of object 'Object Repository/Popup/Popup'

2021-11-23 16:52:05 - [MESSAGE][PASSED] - Text of object 'Object Repository/Popup/Popup' is: 'Seçilen raporlar yeniden oluşturulacaktır. Devam etmek istiyor musunuz?'

2021-11-23 16:52:05 - [TEST_STEP][PASSED] - RaporNo = getText(findTestObject("Popup/Popup")).substring(0, 6): Text of object 'Object Repository/Popup/Popup' is: 'Seçilen raporlar yeniden oluşturulacaktır. Devam etmek istiyor musunuz?'

2021-11-23 16:52:05 - [MESSAGE][INFO] - Finding Test Object 'Object Repository/Popup/Popup'

2021-11-23 16:52:05 - [MESSAGE][INFO] - Checking object

2021-11-23 16:52:05 - [MESSAGE][INFO] - Finding web element from Test Object's properties

2021-11-23 16:52:05 - [MESSAGE][INFO] - Checking timeout

2021-11-23 16:52:05 - [MESSAGE][INFO] - Finding web element with id: 'Object Repository/Popup/Popup' located by 'By.cssSelector: .bootbox-body' in '30' second(s)

2021-11-23 16:52:05 - [MESSAGE][INFO] - Smart Wait Function is triggered

2021-11-23 16:52:05 - [MESSAGE][INFO] - Found 1 web elements with id: 'Object Repository/Popup/Popup' located by 'By.cssSelector: .bootbox-body' in '30' second(s)

2021-11-23 16:52:05 - [MESSAGE][INFO] - Getting text of object 'Object Repository/Popup/Popup'

2021-11-23 16:52:05 - [MESSAGE][PASSED] - Text of object 'Object Repository/Popup/Popup' is: 'Seçilen raporlar yeniden oluşturulacaktır. Devam etmek istiyor musunuz?'

2021-11-23 16:52:05 - [TEST_STEP][PASSED] - Console.println(RaporNo): null

2021-11-23 16:52:05 - [MESSAGE][PASSED] - Call Test Case 'Test Cases/Popup/PopupMesajiIceriyorMu' successfully

2021-11-23 16:52:05 - [MESSAGE][INFO] - Checking called Test Case

2021-11-23 16:52:05 - [MESSAGE][INFO] - Starting to call Test Case 'Test Cases/Popup/PopupButonSecilir'

2021-11-23 16:52:05 - [TEST_CASE][PASSED] - Test Cases/Popup/PopupButonSecilir: Test Cases/Popup/PopupButonSecilir

2021-11-23 16:52:05 - [TEST_STEP][PASSED] - Method.TextDegerineEsitElementeTikla(findTestObject("Popup/Popup_Butons"), Buton): Method.TextDegerineEsitElementeTikla is PASSED

2021-11-23 16:52:05 - [MESSAGE][INFO] - Finding Test Object 'Object Repository/Popup/Popup_Butons'

2021-11-23 16:52:06 - [MESSAGE][INFO] - Checking timeout

2021-11-23 16:52:06 - [MESSAGE][INFO] - Finding web element with id: 'Object Repository/Popup/Popup_Butons' located by 'By.cssSelector: .modal-footer>button' in '10' second(s)

2021-11-23 16:52:06 - [MESSAGE][INFO] - Smart Wait Function is triggered

2021-11-23 16:52:06 - [MESSAGE][INFO] - Found 2 web elements with id: 'Object Repository/Popup/Popup_Butons' located by 'By.cssSelector: .modal-footer>button' in '10' second(s)

2021-11-23 16:52:06 - [MESSAGE][PASSED] - Method.TextDegerineEsitElementeTikla is PASSED

2021-11-23 16:52:06 - [MESSAGE][PASSED] - Call Test Case 'Test Cases/Popup/PopupButonSecilir' successfully

2021-11-23 16:52:06 - [MESSAGE][INFO] - Checking called Test Case

2021-11-23 16:52:06 - [MESSAGE][INFO] - Starting to call Test Case 'Test Cases/Popup/PopupMesajiIceriyorMu'

2021-11-23 16:52:06 - [TEST_CASE][PASSED] - Test Cases/Popup/PopupMesajiIceriyorMu: Test Cases/Popup/PopupMesajiIceriyorMu

2021-11-23 16:52:06 - [TEST_STEP][PASSED] - waitForElementVisible(findTestObject("Popup/Popup"), 10): Object 'Object Repository/Popup/Popup' is visible

2021-11-23 16:52:06 - [MESSAGE][INFO] - Finding Test Object 'Object Repository/Popup/Popup'

2021-11-23 16:52:06 - [MESSAGE][INFO] - Checking object

2021-11-23 16:52:06 - [MESSAGE][INFO] - Checking timeout

2021-11-23 16:52:06 - [MESSAGE][INFO] - Finding web element from Test Object's properties

2021-11-23 16:52:06 - [MESSAGE][INFO] - Checking timeout

2021-11-23 16:52:06 - [MESSAGE][INFO] - Finding web element with id: 'Object Repository/Popup/Popup' located by 'By.cssSelector: .bootbox-body' in '10' second(s)

2021-11-23 16:52:06 - [MESSAGE][INFO] - Smart Wait Function is triggered

2021-11-23 16:52:07 - [MESSAGE][INFO] - Found 1 web elements with id: 'Object Repository/Popup/Popup' located by 'By.cssSelector: .bootbox-body' in '10' second(s)

2021-11-23 16:52:07 - [MESSAGE][PASSED] - Object 'Object Repository/Popup/Popup' is visible

2021-11-23 16:52:07 - [TEST_STEP][PASSED] - if (!(getText(findTestObject("Popup/Popup")).contains(Mesaj))): Text of object 'Object Repository/Popup/Popup' is: 'Seçtiğiniz kayıtlardan 1 adedi tekrar oluşturmak üzere kuyruğa kaydedildi.'

2021-11-23 16:52:07 - [MESSAGE][INFO] - Finding Test Object 'Object Repository/Popup/Popup'

2021-11-23 16:52:07 - [MESSAGE][INFO] - Checking object

2021-11-23 16:52:07 - [MESSAGE][INFO] - Finding web element from Test Object's properties

2021-11-23 16:52:07 - [MESSAGE][INFO] - Checking timeout

2021-11-23 16:52:07 - [MESSAGE][INFO] - Finding web element with id: 'Object Repository/Popup/Popup' located by 'By.cssSelector: .bootbox-body' in '30' second(s)

2021-11-23 16:52:07 - [MESSAGE][INFO] - Smart Wait Function is triggered

2021-11-23 16:52:07 - [MESSAGE][INFO] - Found 1 web elements with id: 'Object Repository/Popup/Popup' located by 'By.cssSelector: .bootbox-body' in '30' second(s)

2021-11-23 16:52:07 - [MESSAGE][INFO] - Getting text of object 'Object Repository/Popup/Popup'

2021-11-23 16:52:07 - [MESSAGE][PASSED] - Text of object 'Object Repository/Popup/Popup' is: 'Seçtiğiniz kayıtlardan 1 adedi tekrar oluşturmak üzere kuyruğa kaydedildi.'

2021-11-23 16:52:07 - [TEST_STEP][PASSED] - RaporNo = getText(findTestObject("Popup/Popup")).substring(0, 6): Text of object 'Object Repository/Popup/Popup' is: 'Seçtiğiniz kayıtlardan 1 adedi tekrar oluşturmak üzere kuyruğa kaydedildi.'

2021-11-23 16:52:07 - [MESSAGE][INFO] - Finding Test Object 'Object Repository/Popup/Popup'

2021-11-23 16:52:07 - [MESSAGE][INFO] - Checking object

2021-11-23 16:52:07 - [MESSAGE][INFO] - Finding web element from Test Object's properties

2021-11-23 16:52:07 - [MESSAGE][INFO] - Checking timeout

2021-11-23 16:52:07 - [MESSAGE][INFO] - Finding web element with id: 'Object Repository/Popup/Popup' located by 'By.cssSelector: .bootbox-body' in '30' second(s)

2021-11-23 16:52:07 - [MESSAGE][INFO] - Smart Wait Function is triggered

2021-11-23 16:52:08 - [MESSAGE][INFO] - Found 1 web elements with id: 'Object Repository/Popup/Popup' located by 'By.cssSelector: .bootbox-body' in '30' second(s)

2021-11-23 16:52:08 - [MESSAGE][INFO] - Getting text of object 'Object Repository/Popup/Popup'

2021-11-23 16:52:08 - [MESSAGE][PASSED] - Text of object 'Object Repository/Popup/Popup' is: 'Seçtiğiniz kayıtlardan 1 adedi tekrar oluşturmak üzere kuyruğa kaydedildi.'

2021-11-23 16:52:08 - [TEST_STEP][PASSED] - Console.println(RaporNo): null

2021-11-23 16:52:08 - [MESSAGE][PASSED] - Call Test Case 'Test Cases/Popup/PopupMesajiIceriyorMu' successfully

2021-11-23 16:52:08 - [MESSAGE][INFO] - Checking called Test Case

2021-11-23 16:52:08 - [MESSAGE][INFO] - Starting to call Test Case 'Test Cases/Popup/PopupButonSecilir'

2021-11-23 16:52:08 - [TEST_CASE][PASSED] - Test Cases/Popup/PopupButonSecilir: Test Cases/Popup/PopupButonSecilir

2021-11-23 16:52:08 - [TEST_STEP][PASSED] - Method.TextDegerineEsitElementeTikla(findTestObject("Popup/Popup_Butons"), Buton): Method.TextDegerineEsitElementeTikla is PASSED

2021-11-23 16:52:08 - [MESSAGE][INFO] - Finding Test Object 'Object Repository/Popup/Popup_Butons'

2021-11-23 16:52:08 - [MESSAGE][INFO] - Checking timeout

2021-11-23 16:52:08 - [MESSAGE][INFO] - Finding web element with id: 'Object Repository/Popup/Popup_Butons' located by 'By.cssSelector: .modal-footer>button' in '10' second(s)

2021-11-23 16:52:08 - [MESSAGE][INFO] - Smart Wait Function is triggered

2021-11-23 16:52:08 - [MESSAGE][INFO] - Found 1 web elements with id: 'Object Repository/Popup/Popup_Butons' located by 'By.cssSelector: .modal-footer>button' in '10' second(s)

2021-11-23 16:52:08 - [MESSAGE][PASSED] - Method.TextDegerineEsitElementeTikla is PASSED

2021-11-23 16:52:08 - [MESSAGE][PASSED] - Call Test Case 'Test Cases/Popup/PopupButonSecilir' successfully

2021-11-23 16:52:08 - [MESSAGE][INFO] - Checking called Test Case

2021-11-23 16:52:08 - [MESSAGE][INFO] - Starting to call Test Case 'Test Cases/Kullanici_Islemleri/KullaniciIslemlerindenSecimYapilir'

2021-11-23 16:52:08 - [TEST_CASE][PASSED] - Test Cases/Kullanici_Islemleri/KullaniciIslemlerindenSecimYapilir: Test Cases/Kullanici_Islemleri/KullaniciIslemlerindenSecimYapilir

2021-11-23 16:52:08 - [TEST_STEP][PASSED] - waitForElementClickable(findTestObject("Object Repository/Kullanici_Islemleri/KullaniciIslemleri"), 10): Object 'Object Repository/Kullanici_Islemleri/KullaniciIslemleri' is clickable

2021-11-23 16:52:08 - [MESSAGE][INFO] - Finding Test Object 'Object Repository/Kullanici_Islemleri/KullaniciIslemleri'

2021-11-23 16:52:08 - [MESSAGE][INFO] - Checking object

2021-11-23 16:52:08 - [MESSAGE][INFO] - Checking timeout

2021-11-23 16:52:08 - [MESSAGE][INFO] - Finding web element from Test Object's properties

2021-11-23 16:52:08 - [MESSAGE][INFO] - Checking timeout

2021-11-23 16:52:08 - [MESSAGE][INFO] - Finding web element with id: 'Object Repository/Kullanici_Islemleri/KullaniciIslemleri' located by 'By.cssSelector: .dropdown>a>img' in '10' second(s)

2021-11-23 16:52:08 - [MESSAGE][INFO] - Smart Wait Function is triggered

2021-11-23 16:52:09 - [MESSAGE][INFO] - Found 1 web elements with id: 'Object Repository/Kullanici_Islemleri/KullaniciIslemleri' located by 'By.cssSelector: .dropdown>a>img' in '10' second(s)

2021-11-23 16:52:09 - [MESSAGE][PASSED] - Object 'Object Repository/Kullanici_Islemleri/KullaniciIslemleri' is clickable

2021-11-23 16:52:09 - [TEST_STEP][PASSED] - click(findTestObject("Object Repository/Kullanici_Islemleri/KullaniciIslemleri")): Object: 'Object Repository/Kullanici_Islemleri/KullaniciIslemleri' is clicked on

2021-11-23 16:52:09 - [MESSAGE][INFO] - Finding Test Object 'Object Repository/Kullanici_Islemleri/KullaniciIslemleri'

2021-11-23 16:52:09 - [MESSAGE][INFO] - Checking object

2021-11-23 16:52:09 - [MESSAGE][INFO] - Finding web element from Test Object's properties

2021-11-23 16:52:09 - [MESSAGE][INFO] - Checking timeout

2021-11-23 16:52:09 - [MESSAGE][INFO] - Finding web element with id: 'Object Repository/Kullanici_Islemleri/KullaniciIslemleri' located by 'By.cssSelector: .dropdown>a>img' in '30' second(s)

2021-11-23 16:52:09 - [MESSAGE][INFO] - Smart Wait Function is triggered

2021-11-23 16:52:09 - [MESSAGE][INFO] - Found 1 web elements with id: 'Object Repository/Kullanici_Islemleri/KullaniciIslemleri' located by 'By.cssSelector: .dropdown>a>img' in '30' second(s)

2021-11-23 16:52:09 - [MESSAGE][INFO] - Clicking on object: 'Object Repository/Kullanici_Islemleri/KullaniciIslemleri'

2021-11-23 16:52:09 - [MESSAGE][PASSED] - Object: 'Object Repository/Kullanici_Islemleri/KullaniciIslemleri' is clicked on

2021-11-23 16:52:09 - [TEST_STEP][PASSED] - Method.TextDegerineEsitElementeTikla(findTestObject("Object Repository/Kullanici_Islemleri/Secenekler"), Islem): Method.TextDegerineEsitElementeTikla is PASSED

2021-11-23 16:52:09 - [MESSAGE][INFO] - Finding Test Object 'Object Repository/Kullanici_Islemleri/Secenekler'

2021-11-23 16:52:09 - [MESSAGE][INFO] - Checking timeout

2021-11-23 16:52:09 - [MESSAGE][INFO] - Finding web element with id: 'Object Repository/Kullanici_Islemleri/Secenekler' located by 'By.cssSelector: .nav.navbar-nav.navbar-right li a' in '10' second(s)

2021-11-23 16:52:09 - [MESSAGE][INFO] - Smart Wait Function is triggered

2021-11-23 16:52:10 - [MESSAGE][INFO] - Found 22 web elements with id: 'Object Repository/Kullanici_Islemleri/Secenekler' located by 'By.cssSelector: .nav.navbar-nav.navbar-right li a' in '10' second(s)

2021-11-23 16:52:11 - [MESSAGE][PASSED] - Method.TextDegerineEsitElementeTikla is PASSED

2021-11-23 16:52:11 - [TEST_STEP][PASSED] - verifyElementNotPresent(findTestObject("Object Repository/Kullanici_Islemleri/Secenekler"), 10): Web element with id: 'Object Repository/Kullanici_Islemleri/Secenekler' located by 'By.cssSelector: .nav.navbar-nav.navbar-right li a' is not present after '10' second(s)

2021-11-23 16:52:11 - [MESSAGE][INFO] - Finding Test Object 'Object Repository/Kullanici_Islemleri/Secenekler'

2021-11-23 16:52:12 - [MESSAGE][INFO] - Checking object

2021-11-23 16:52:12 - [MESSAGE][INFO] - Checking timeout

2021-11-23 16:52:12 - [MESSAGE][INFO] - Finding web element with id: 'Object Repository/Kullanici_Islemleri/Secenekler' located by 'By.cssSelector: .nav.navbar-nav.navbar-right li a' in '10' second(s)

2021-11-23 16:52:12 - [MESSAGE][INFO] - Smart Wait Function is triggered

2021-11-23 16:52:12 - [MESSAGE][PASSED] - Web element with id: 'Object Repository/Kullanici_Islemleri/Secenekler' located by 'By.cssSelector: .nav.navbar-nav.navbar-right li a' is not present after '10' second(s)

2021-11-23 16:52:12 - [MESSAGE][PASSED] - Call Test Case 'Test Cases/Kullanici_Islemleri/KullaniciIslemlerindenSecimYapilir' successfully

2021-11-23 16:52:12 - [TEST_CASE][PASSED] - Start Test Case : SCENARIO e-Serbest Makbuzu Raporlari Yeniden Olustur: SCENARIO e-Serbest Makbuzu Raporlari Yeniden Olustur

2021-11-23 16:52:12 - [TEST_STEP][PASSED] - Kullanıcı adı ELOGO6 ve Şifre 123456 olarak giriş yapılır: Kullanıcı adı ELOGO6 ve Şifre 123456 olarak giriş yapılır

2021-11-23 16:52:12 - [MESSAGE][PASSED] - Kullanıcı adı ELOGO6 ve Şifre 123456 olarak giriş yapılır

2021-11-23 16:52:12 - [TEST_STEP][PASSED] - Ana menüden e-Makbuz seçilir: Ana menüden e-Makbuz seçilir

2021-11-23 16:52:12 - [MESSAGE][PASSED] - Ana menüden e-Makbuz seçilir

2021-11-23 16:52:12 - [TEST_STEP][PASSED] - Alt menü e-Serbest Meslek Uygulaması başlığı altındaki e-Serbest Meslek Makbuz Raporları seçilir: Alt menü e-Serbest Meslek Uygulaması başlığı altındaki e-Serbest Meslek Makbuz Raporları seçilir

2021-11-23 16:52:12 - [MESSAGE][PASSED] - Alt menü e-Serbest Meslek Uygulaması başlığı altındaki e-Serbest Meslek Makbuz Raporları seçilir

2021-11-23 16:52:12 - [TEST_STEP][PASSED] - Filtrelerden Dönem Tarihi filtresine 2021 Ocak dropdowndan degeri seçilir: Filtrelerden Dönem Tarihi filtresine 2021 Ocak dropdowndan degeri seçilir

2021-11-23 16:52:12 - [MESSAGE][PASSED] - Filtrelerden Dönem Tarihi filtresine 2021 Ocak dropdowndan degeri seçilir

2021-11-23 16:52:12 - [TEST_STEP][PASSED] - Filtrelerden Bölüm Tarihi filtresine 01.01.2021 baslangic degerini yaz: Filtrelerden Bölüm Tarihi filtresine 01.01.2021 baslangic degerini yaz

2021-11-23 16:52:12 - [MESSAGE][PASSED] - Filtrelerden Bölüm Tarihi filtresine 01.01.2021 baslangic degerini yaz

2021-11-23 16:52:12 - [TEST_STEP][PASSED] - Filtrelerden Bölüm Tarihi filtresine 03.01.2021 bitis degerini yaz: Filtrelerden Bölüm Tarihi filtresine 03.01.2021 bitis degerini yaz

2021-11-23 16:52:12 - [MESSAGE][PASSED] - Filtrelerden Bölüm Tarihi filtresine 03.01.2021 bitis degerini yaz

2021-11-23 16:52:12 - [TEST_STEP][PASSED] - Filtre butonlarından Listele seçilir: Filtre butonlarından Listele seçilir

2021-11-23 16:52:12 - [MESSAGE][PASSED] - Filtre butonlarından Listele seçilir

2021-11-23 16:52:12 - [TEST_STEP][PASSED] - Tabloda veri var mı kontrol edilir: Tabloda veri var mı kontrol edilir

2021-11-23 16:52:12 - [MESSAGE][PASSED] - Tabloda veri var mı kontrol edilir

2021-11-23 16:52:12 - [TEST_STEP][PASSED] - Tablodan 1565 isimli veri seçilir: Tablodan 1565 isimli veri seçilir

2021-11-23 16:52:12 - [MESSAGE][PASSED] - Tablodan 1565 isimli veri seçilir

2021-11-23 16:52:12 - [TEST_STEP][PASSED] - Butonlardan Yeniden Oluştur isimli butona tıklanır: Butonlardan Yeniden Oluştur isimli butona tıklanır

2021-11-23 16:52:12 - [MESSAGE][PASSED] - Butonlardan Yeniden Oluştur isimli butona tıklanır

2021-11-23 16:52:12 - [TEST_STEP][PASSED] - Popup mesajı Seçtiğiniz e-Belge raporları yeniden oluşturulacaktır. Devam etmek istiyor musunuz? içeriyor mu: Popup mesajı Seçtiğiniz e-Belge raporları yeniden oluşturulacaktır. Devam etmek istiyor musunuz? içeriyor mu

2021-11-23 16:52:12 - [MESSAGE][PASSED] - Popup mesajı Seçtiğiniz e-Belge raporları yeniden oluşturulacaktır. Devam etmek istiyor musunuz? içeriyor mu

2021-11-23 16:52:12 - [TEST_STEP][PASSED] - Yönetim popupında Evet seçilir: Yönetim popupında Evet seçilir

2021-11-23 16:52:12 - [MESSAGE][PASSED] - Yönetim popupında Evet seçilir

2021-11-23 16:52:12 - [TEST_STEP][PASSED] - Popup mesajı Seçilen raporlar yeniden oluşturulacaktır. Devam etmek istiyor musunuz? içeriyor mu: Popup mesajı Seçilen raporlar yeniden oluşturulacaktır. Devam etmek istiyor musunuz? içeriyor mu

2021-11-23 16:52:12 - [MESSAGE][PASSED] - Popup mesajı Seçilen raporlar yeniden oluşturulacaktır. Devam etmek istiyor musunuz? içeriyor mu

2021-11-23 16:52:12 - [TEST_STEP][PASSED] - Yönetim popupında Evet seçilir: Yönetim popupında Evet seçilir

2021-11-23 16:52:12 - [MESSAGE][PASSED] - Yönetim popupında Evet seçilir

2021-11-23 16:52:12 - [TEST_STEP][PASSED] - Popup mesajı Seçtiğiniz kayıtlardan 1 adedi tekrar oluşturmak üzere kuyruğa kaydedildi. içeriyor mu: Popup mesajı Seçtiğiniz kayıtlardan 1 adedi tekrar oluşturmak üzere kuyruğa kaydedildi. içeriyor mu

2021-11-23 16:52:12 - [MESSAGE][PASSED] - Popup mesajı Seçtiğiniz kayıtlardan 1 adedi tekrar oluşturmak üzere kuyruğa kaydedildi. içeriyor mu

2021-11-23 16:52:12 - [TEST_STEP][PASSED] - Yönetim popupında Tamam seçilir: Yönetim popupında Tamam seçilir

2021-11-23 16:52:12 - [MESSAGE][PASSED] - Yönetim popupında Tamam seçilir

2021-11-23 16:52:12 - [TEST_STEP][PASSED] - Kullanıcı işlemlerinden Çıkış seçilir: Kullanıcı işlemlerinden Çıkış seçilir

2021-11-23 16:52:12 - [MESSAGE][PASSED] - Kullanıcı işlemlerinden Çıkış seçilir

2021-11-23 16:52:12 - [MESSAGE][PASSED] - Feature file: 'Include/features/e-Makbuz/e-Serbest Meslek Uygulaması/e-Serbest Meslek Makbuz Raporlari/Yeniden Olustur.feature' was passed

2021-11-23 16:52:12 - [TEST_STEP][PASSED] - Start listener action : sampleAfterTestSuite: Invoke 'com.kms.katalon.core.annotation.AfterTestCase' method: 'Listener.sampleAfterTestSuite(...)' completed.

2021-11-23 16:52:12 - [MESSAGE][INFO] - Starting invoke 'com.kms.katalon.core.annotation.AfterTestCase' method: 'Listener.sampleAfterTestSuite(...)'

2021-11-23 16:52:12 - [TEST_STEP][PASSED] - closeBrowser(): Invoke 'com.kms.katalon.core.annotation.AfterTestCase' method: 'Listener.sampleAfterTestSuite(...)' completed.

2021-11-23 16:52:12 - [MESSAGE][INFO] - Closing browser

2021-11-23 16:52:13 - [MESSAGE][PASSED] - Browser is closed

2021-11-23 16:52:13 - [MESSAGE][INFO] - Invoke 'com.kms.katalon.core.annotation.AfterTestCase' method: 'Listener.sampleAfterTestSuite(...)' completed.]]></system-out>
         <system-err><![CDATA[]]></system-err>
      </testcase>
      <testcase name="Test Cases/Case Repository/e-Makbuz/e-Serbest Meslek Uygulamasi/e-Serbest Meslek Makbuzlari/Ekran Kontrolu" time="70.136" classname="Test Cases/Case Repository/e-Makbuz/e-Serbest Meslek Uygulamasi/e-Serbest Meslek Makbuzlari/Ekran Kontrolu" status="PASSED">
         <system-out><![CDATA[2021-11-23 16:52:13 - [TEST_CASE][PASSED] - Test Cases/Case Repository/e-Makbuz/e-Serbest Meslek Uygulamasi/e-Serbest Meslek Makbuzlari/Ekran Kontrolu: Test Cases/Case Repository/e-Makbuz/e-Serbest Meslek Uygulamasi/e-Serbest Meslek Makbuzlari/Ekran Kontrolu

2021-11-23 16:52:13 - [TEST_STEP][PASSED] - Start listener action : sampleBeforeTestSuite: Invoke 'com.kms.katalon.core.annotation.BeforeTestCase' method: 'Listener.sampleBeforeTestSuite(...)' completed.

2021-11-23 16:52:13 - [MESSAGE][INFO] - Starting invoke 'com.kms.katalon.core.annotation.BeforeTestCase' method: 'Listener.sampleBeforeTestSuite(...)'

2021-11-23 16:52:13 - [TEST_STEP][PASSED] - openBrowser(baseUrl): Browser is opened with url: 'https://efatura-stage.elogo.com.tr/'

2021-11-23 16:52:13 - [MESSAGE][INFO] - Opening browser

2021-11-23 16:52:13 - [MESSAGE][INFO] - Starting 'Chrome' driver

2021-11-23 16:52:13 - [MESSAGE][INFO] - User set preference: ['prefs', '{download.default_directory=C:\otomasyondownfiles}']

2021-11-23 16:52:13 - [MESSAGE][INFO] - Action delay is set to 0 milliseconds

2021-11-23 16:52:14 - [MESSAGE][INFO] - Navigating browser to: 'https://efatura-stage.elogo.com.tr/'

2021-11-23 16:52:16 - [MESSAGE][PASSED] - Browser is opened with url: 'https://efatura-stage.elogo.com.tr/'

2021-11-23 16:52:16 - [TEST_STEP][PASSED] - maximizeWindow(): Invoke 'com.kms.katalon.core.annotation.BeforeTestCase' method: 'Listener.sampleBeforeTestSuite(...)' completed.

2021-11-23 16:52:16 - [MESSAGE][INFO] - Maximizing current window

2021-11-23 16:52:17 - [MESSAGE][PASSED] - Current window maximized

2021-11-23 16:52:17 - [MESSAGE][INFO] - Invoke 'com.kms.katalon.core.annotation.BeforeTestCase' method: 'Listener.sampleBeforeTestSuite(...)' completed.

2021-11-23 16:52:17 - [TEST_STEP][PASSED] - runFeatureFile("Include/features/e-Makbuz/e-Serbest Meslek Uygulaması/e-Serbest Meslek Makbuzlari/Ekran Kontrolu.feature"): Feature file: 'Include/features/e-Makbuz/e-Serbest Meslek Uygulaması/e-Serbest Meslek Makbuzlari/Ekran Kontrolu.feature' was passed

2021-11-23 16:52:17 - [MESSAGE][INFO] - Starting run keyword runFeatureFile: 'Include/features/e-Makbuz/e-Serbest Meslek Uygulaması/e-Serbest Meslek Makbuzlari/Ekran Kontrolu.feature' and extract report to folder: 'C:\Users\DELL\Documents\GitHub\EES_KatalonLogo\Reports\20211123_163326\Suite Repository\e-Makbuz\20211123_163348/cucumber_report/1637675537733'...

2021-11-23 16:52:17 - [MESSAGE][INFO] - Glue: []

2021-11-23 16:52:20 - [MESSAGE][INFO] - Checking called Test Case

2021-11-23 16:52:20 - [MESSAGE][INFO] - Starting to call Test Case 'Test Cases/Sayfalar/Giris_Sayfasi/Login'

2021-11-23 16:52:20 - [TEST_CASE][PASSED] - Test Cases/Sayfalar/Giris_Sayfasi/Login: Test Cases/Sayfalar/Giris_Sayfasi/Login

2021-11-23 16:52:20 - [TEST_STEP][PASSED] - Sayfa_Basligi = getWindowTitle(): Current window's title is: 'LOGO e-Fatura'

2021-11-23 16:52:20 - [MESSAGE][INFO] - Getting current window's title

2021-11-23 16:52:20 - [MESSAGE][PASSED] - Current window's title is: 'LOGO e-Fatura'

2021-11-23 16:52:20 - [TEST_STEP][PASSED] - verifyMatch(Sayfa_Basligi, "LOGO e-Fatura", false): Actual text 'LOGO e-Fatura' and expected text 'LOGO e-Fatura' are matched 

2021-11-23 16:52:20 - [MESSAGE][INFO] - Matching actual text 'LOGO e-Fatura' with expected text 'LOGO e-Fatura'

2021-11-23 16:52:20 - [MESSAGE][PASSED] - Actual text 'LOGO e-Fatura' and expected text 'LOGO e-Fatura' are matched 

2021-11-23 16:52:20 - [TEST_STEP][PASSED] - sendKeys(findTestObject("Sayfalar/Giris_Sayfasi/Firma_Kodu"), KullaniciAdi): Keys 'ELOGO6' sent to object: 'Object Repository/Sayfalar/Giris_Sayfasi/Firma_Kodu'

2021-11-23 16:52:20 - [MESSAGE][INFO] - Finding Test Object 'Object Repository/Sayfalar/Giris_Sayfasi/Firma_Kodu'

2021-11-23 16:52:20 - [MESSAGE][INFO] - Sending keys 'ELOGO6' to object: 'Object Repository/Sayfalar/Giris_Sayfasi/Firma_Kodu'

2021-11-23 16:52:20 - [MESSAGE][INFO] - Finding web element from Test Object's properties

2021-11-23 16:52:20 - [MESSAGE][INFO] - Checking timeout

2021-11-23 16:52:20 - [MESSAGE][INFO] - Finding web element with id: 'Object Repository/Sayfalar/Giris_Sayfasi/Firma_Kodu' located by 'By.xpath: //*[@id = 'AccountName']' in '30' second(s)

2021-11-23 16:52:20 - [MESSAGE][INFO] - Smart Wait Function is triggered

2021-11-23 16:52:21 - [MESSAGE][INFO] - Found 1 web elements with id: 'Object Repository/Sayfalar/Giris_Sayfasi/Firma_Kodu' located by 'By.xpath: //*[@id = 'AccountName']' in '30' second(s)

2021-11-23 16:52:21 - [MESSAGE][PASSED] - Keys 'ELOGO6' sent to object: 'Object Repository/Sayfalar/Giris_Sayfasi/Firma_Kodu'

2021-11-23 16:52:21 - [TEST_STEP][PASSED] - sendKeys(findTestObject("Sayfalar/Giris_Sayfasi/Sifre"), Sifre): Keys '123456' sent to object: 'Object Repository/Sayfalar/Giris_Sayfasi/Sifre'

2021-11-23 16:52:21 - [MESSAGE][INFO] - Finding Test Object 'Object Repository/Sayfalar/Giris_Sayfasi/Sifre'

2021-11-23 16:52:21 - [MESSAGE][INFO] - Sending keys '123456' to object: 'Object Repository/Sayfalar/Giris_Sayfasi/Sifre'

2021-11-23 16:52:21 - [MESSAGE][INFO] - Finding web element from Test Object's properties

2021-11-23 16:52:21 - [MESSAGE][INFO] - Checking timeout

2021-11-23 16:52:21 - [MESSAGE][INFO] - Finding web element with id: 'Object Repository/Sayfalar/Giris_Sayfasi/Sifre' located by 'By.xpath: //*[@id = 'Password']' in '30' second(s)

2021-11-23 16:52:21 - [MESSAGE][INFO] - Smart Wait Function is triggered

2021-11-23 16:52:21 - [MESSAGE][INFO] - Found 1 web elements with id: 'Object Repository/Sayfalar/Giris_Sayfasi/Sifre' located by 'By.xpath: //*[@id = 'Password']' in '30' second(s)

2021-11-23 16:52:21 - [MESSAGE][PASSED] - Keys '123456' sent to object: 'Object Repository/Sayfalar/Giris_Sayfasi/Sifre'

2021-11-23 16:52:21 - [TEST_STEP][PASSED] - findWebElement(findTestObject("Sayfalar/Giris_Sayfasi/Giris_Butonu")).click(): Found 1 web elements with id: 'Object Repository/Sayfalar/Giris_Sayfasi/Giris_Butonu' located by 'By.cssSelector: #btnLogin' in '30' second(s)

2021-11-23 16:52:21 - [MESSAGE][INFO] - Finding Test Object 'Object Repository/Sayfalar/Giris_Sayfasi/Giris_Butonu'

2021-11-23 16:52:21 - [MESSAGE][INFO] - Finding web element from Test Object's properties

2021-11-23 16:52:21 - [MESSAGE][INFO] - Checking timeout

2021-11-23 16:52:21 - [MESSAGE][INFO] - Finding web element with id: 'Object Repository/Sayfalar/Giris_Sayfasi/Giris_Butonu' located by 'By.cssSelector: #btnLogin' in '30' second(s)

2021-11-23 16:52:21 - [MESSAGE][INFO] - Smart Wait Function is triggered

2021-11-23 16:52:21 - [MESSAGE][INFO] - Found 1 web elements with id: 'Object Repository/Sayfalar/Giris_Sayfasi/Giris_Butonu' located by 'By.cssSelector: #btnLogin' in '30' second(s)

2021-11-23 16:52:24 - [TEST_STEP][PASSED] - if (verifyElementPresent(findTestObject("Object Repository/Sayfalar/Giris_Sayfasi/RetveTamam_Butonu"), 5, OPTIONAL)): null

2021-11-23 16:52:24 - [MESSAGE][INFO] - Finding Test Object 'Object Repository/Sayfalar/Giris_Sayfasi/RetveTamam_Butonu'

2021-11-23 16:52:24 - [MESSAGE][INFO] - Checking object

2021-11-23 16:52:24 - [MESSAGE][INFO] - Finding web element from Test Object's properties

2021-11-23 16:52:24 - [MESSAGE][INFO] - Checking timeout

2021-11-23 16:52:24 - [MESSAGE][INFO] - Finding web element with id: 'Object Repository/Sayfalar/Giris_Sayfasi/RetveTamam_Butonu' located by 'By.xpath: //*[@class = 'btn btn-default']' in '5' second(s)

2021-11-23 16:52:24 - [MESSAGE][INFO] - Smart Wait Function is triggered

2021-11-23 16:52:25 - [MESSAGE][INFO] - Found 1 web elements with id: 'Object Repository/Sayfalar/Giris_Sayfasi/RetveTamam_Butonu' located by 'By.xpath: //*[@class = 'btn btn-default']' in '5' second(s)

2021-11-23 16:52:25 - [MESSAGE][PASSED] - Object 'Object Repository/Sayfalar/Giris_Sayfasi/RetveTamam_Butonu' is present

2021-11-23 16:52:25 - [TEST_STEP][PASSED] - click(findTestObject("Object Repository/Sayfalar/Giris_Sayfasi/RetveTamam_Butonu")): Object: 'Object Repository/Sayfalar/Giris_Sayfasi/RetveTamam_Butonu' is clicked on

2021-11-23 16:52:25 - [MESSAGE][INFO] - Finding Test Object 'Object Repository/Sayfalar/Giris_Sayfasi/RetveTamam_Butonu'

2021-11-23 16:52:25 - [MESSAGE][INFO] - Checking object

2021-11-23 16:52:25 - [MESSAGE][INFO] - Finding web element from Test Object's properties

2021-11-23 16:52:25 - [MESSAGE][INFO] - Checking timeout

2021-11-23 16:52:25 - [MESSAGE][INFO] - Finding web element with id: 'Object Repository/Sayfalar/Giris_Sayfasi/RetveTamam_Butonu' located by 'By.xpath: //*[@class = 'btn btn-default']' in '30' second(s)

2021-11-23 16:52:25 - [MESSAGE][INFO] - Smart Wait Function is triggered

2021-11-23 16:52:25 - [MESSAGE][INFO] - Found 1 web elements with id: 'Object Repository/Sayfalar/Giris_Sayfasi/RetveTamam_Butonu' located by 'By.xpath: //*[@class = 'btn btn-default']' in '30' second(s)

2021-11-23 16:52:25 - [MESSAGE][INFO] - Clicking on object: 'Object Repository/Sayfalar/Giris_Sayfasi/RetveTamam_Butonu'

2021-11-23 16:52:25 - [MESSAGE][PASSED] - Object: 'Object Repository/Sayfalar/Giris_Sayfasi/RetveTamam_Butonu' is clicked on

2021-11-23 16:52:25 - [TEST_STEP][PASSED] - click(findTestObject("Object Repository/Sayfalar/Giris_Sayfasi/RetveTamam_Butonu")): Object: 'Object Repository/Sayfalar/Giris_Sayfasi/RetveTamam_Butonu' is clicked on

2021-11-23 16:52:25 - [MESSAGE][INFO] - Finding Test Object 'Object Repository/Sayfalar/Giris_Sayfasi/RetveTamam_Butonu'

2021-11-23 16:52:25 - [MESSAGE][INFO] - Checking object

2021-11-23 16:52:25 - [MESSAGE][INFO] - Finding web element from Test Object's properties

2021-11-23 16:52:25 - [MESSAGE][INFO] - Checking timeout

2021-11-23 16:52:25 - [MESSAGE][INFO] - Finding web element with id: 'Object Repository/Sayfalar/Giris_Sayfasi/RetveTamam_Butonu' located by 'By.xpath: //*[@class = 'btn btn-default']' in '30' second(s)

2021-11-23 16:52:25 - [MESSAGE][INFO] - Smart Wait Function is triggered

2021-11-23 16:52:28 - [MESSAGE][INFO] - Found 1 web elements with id: 'Object Repository/Sayfalar/Giris_Sayfasi/RetveTamam_Butonu' located by 'By.xpath: //*[@class = 'btn btn-default']' in '30' second(s)

2021-11-23 16:52:28 - [MESSAGE][INFO] - Clicking on object: 'Object Repository/Sayfalar/Giris_Sayfasi/RetveTamam_Butonu'

2021-11-23 16:52:28 - [MESSAGE][PASSED] - Object: 'Object Repository/Sayfalar/Giris_Sayfasi/RetveTamam_Butonu' is clicked on

2021-11-23 16:52:28 - [TEST_STEP][PASSED] - if (verifyElementPresent(findTestObject("Sayfalar/Giris_Sayfasi/PopupOK"), 5, OPTIONAL)): null

2021-11-23 16:52:28 - [MESSAGE][INFO] - Finding Test Object 'Object Repository/Sayfalar/Giris_Sayfasi/PopupOK'

2021-11-23 16:52:28 - [MESSAGE][INFO] - Checking object

2021-11-23 16:52:28 - [MESSAGE][INFO] - Finding web element from Test Object's properties

2021-11-23 16:52:28 - [MESSAGE][INFO] - Checking timeout

2021-11-23 16:52:28 - [MESSAGE][INFO] - Finding web element with id: 'Object Repository/Sayfalar/Giris_Sayfasi/PopupOK' located by 'By.cssSelector: .btn.btn-success' in '5' second(s)

2021-11-23 16:52:28 - [MESSAGE][INFO] - Smart Wait Function is triggered

2021-11-23 16:52:29 - [MESSAGE][INFO] - Found 1 web elements with id: 'Object Repository/Sayfalar/Giris_Sayfasi/PopupOK' located by 'By.cssSelector: .btn.btn-success' in '5' second(s)

2021-11-23 16:52:29 - [MESSAGE][PASSED] - Object 'Object Repository/Sayfalar/Giris_Sayfasi/PopupOK' is present

2021-11-23 16:52:29 - [TEST_STEP][PASSED] - click(findTestObject("Object Repository/Sayfalar/Giris_Sayfasi/PopupCarpiGiris")): Object: 'Object Repository/Sayfalar/Giris_Sayfasi/PopupCarpiGiris' is clicked on

2021-11-23 16:52:29 - [MESSAGE][INFO] - Finding Test Object 'Object Repository/Sayfalar/Giris_Sayfasi/PopupCarpiGiris'

2021-11-23 16:52:29 - [MESSAGE][INFO] - Checking object

2021-11-23 16:52:29 - [MESSAGE][INFO] - Finding web element from Test Object's properties

2021-11-23 16:52:29 - [MESSAGE][INFO] - Checking timeout

2021-11-23 16:52:29 - [MESSAGE][INFO] - Finding web element with id: 'Object Repository/Sayfalar/Giris_Sayfasi/PopupCarpiGiris' located by 'By.cssSelector: .bootbox-close-button.close' in '30' second(s)

2021-11-23 16:52:29 - [MESSAGE][INFO] - Smart Wait Function is triggered

2021-11-23 16:52:29 - [MESSAGE][INFO] - Found 1 web elements with id: 'Object Repository/Sayfalar/Giris_Sayfasi/PopupCarpiGiris' located by 'By.cssSelector: .bootbox-close-button.close' in '30' second(s)

2021-11-23 16:52:29 - [MESSAGE][INFO] - Clicking on object: 'Object Repository/Sayfalar/Giris_Sayfasi/PopupCarpiGiris'

2021-11-23 16:52:29 - [MESSAGE][PASSED] - Object: 'Object Repository/Sayfalar/Giris_Sayfasi/PopupCarpiGiris' is clicked on

2021-11-23 16:52:29 - [TEST_STEP][PASSED] - verifyElementVisible(findTestObject("Object Repository/Kullanici_Islemleri/KullaniciIslemleri")): Object 'Object Repository/Kullanici_Islemleri/KullaniciIslemleri' is visible

2021-11-23 16:52:29 - [MESSAGE][INFO] - Finding Test Object 'Object Repository/Kullanici_Islemleri/KullaniciIslemleri'

2021-11-23 16:52:29 - [MESSAGE][INFO] - Checking object

2021-11-23 16:52:29 - [MESSAGE][INFO] - Finding web element from Test Object's properties

2021-11-23 16:52:29 - [MESSAGE][INFO] - Checking timeout

2021-11-23 16:52:29 - [MESSAGE][INFO] - Finding web element with id: 'Object Repository/Kullanici_Islemleri/KullaniciIslemleri' located by 'By.cssSelector: .dropdown>a>img' in '30' second(s)

2021-11-23 16:52:29 - [MESSAGE][INFO] - Smart Wait Function is triggered

2021-11-23 16:52:30 - [MESSAGE][INFO] - Found 1 web elements with id: 'Object Repository/Kullanici_Islemleri/KullaniciIslemleri' located by 'By.cssSelector: .dropdown>a>img' in '30' second(s)

2021-11-23 16:52:30 - [MESSAGE][PASSED] - Object 'Object Repository/Kullanici_Islemleri/KullaniciIslemleri' is visible

2021-11-23 16:52:30 - [MESSAGE][PASSED] - Call Test Case 'Test Cases/Sayfalar/Giris_Sayfasi/Login' successfully

2021-11-23 16:52:30 - [MESSAGE][INFO] - Checking called Test Case

2021-11-23 16:52:30 - [MESSAGE][INFO] - Starting to call Test Case 'Test Cases/Menu/AnaMenuSecimi'

2021-11-23 16:52:30 - [TEST_CASE][PASSED] - Test Cases/Menu/AnaMenuSecimi: Test Cases/Menu/AnaMenuSecimi

2021-11-23 16:52:30 - [TEST_STEP][PASSED] - Method.TextDegerineEsitElementeTikla(findTestObject("Menu/Ana_Menu"), Ana_Menu): Method.TextDegerineEsitElementeTikla is PASSED

2021-11-23 16:52:30 - [MESSAGE][INFO] - Finding Test Object 'Object Repository/Menu/Ana_Menu'

2021-11-23 16:52:30 - [MESSAGE][INFO] - Checking timeout

2021-11-23 16:52:30 - [MESSAGE][INFO] - Finding web element with id: 'Object Repository/Menu/Ana_Menu' located by 'By.xpath: //*[@class = 'dropdown-toggle']' in '10' second(s)

2021-11-23 16:52:30 - [MESSAGE][INFO] - Smart Wait Function is triggered

2021-11-23 16:52:31 - [MESSAGE][INFO] - Found 14 web elements with id: 'Object Repository/Menu/Ana_Menu' located by 'By.xpath: //*[@class = 'dropdown-toggle']' in '10' second(s)

2021-11-23 16:52:31 - [MESSAGE][PASSED] - Method.TextDegerineEsitElementeTikla is PASSED

2021-11-23 16:52:31 - [MESSAGE][PASSED] - Call Test Case 'Test Cases/Menu/AnaMenuSecimi' successfully

2021-11-23 16:52:31 - [MESSAGE][INFO] - Checking called Test Case

2021-11-23 16:52:31 - [MESSAGE][INFO] - Starting to call Test Case 'Test Cases/Menu/BasligaGoreAltMenuSecimi'

2021-11-23 16:52:31 - [TEST_CASE][PASSED] - Test Cases/Menu/BasligaGoreAltMenuSecimi: Test Cases/Menu/BasligaGoreAltMenuSecimi

2021-11-23 16:52:31 - [TEST_STEP][PASSED] - Method.TextDegerineEsitElementinAltindakiTextDegerineEsitOlanaTikla(findTestObject("Menu/Menu_Basligi"), findTestObject("Menu/Basliga_Gore_Alt_Menu"), Baslik, Alt_Menu): Method.TextDegerineEsitElementinAltindakiTextDegerineEsitOlanaTikla is PASSED

2021-11-23 16:52:31 - [MESSAGE][INFO] - Finding Test Object 'Object Repository/Menu/Menu_Basligi'

2021-11-23 16:52:31 - [MESSAGE][INFO] - Finding Test Object 'Object Repository/Menu/Basliga_Gore_Alt_Menu'

2021-11-23 16:52:31 - [MESSAGE][INFO] - Checking timeout

2021-11-23 16:52:31 - [MESSAGE][INFO] - Finding web element with id: 'Object Repository/Menu/Menu_Basligi' located by 'By.xpath: //li[@class='dropdown dropdown-large open']//li[@class='dropdown-header']' in '10' second(s)

2021-11-23 16:52:31 - [MESSAGE][INFO] - Smart Wait Function is triggered

2021-11-23 16:52:32 - [MESSAGE][INFO] - Found 2 web elements with id: 'Object Repository/Menu/Menu_Basligi' located by 'By.xpath: //li[@class='dropdown dropdown-large open']//li[@class='dropdown-header']' in '10' second(s)

2021-11-23 16:52:32 - [MESSAGE][INFO] - Smart Wait Function is triggered

2021-11-23 16:52:34 - [MESSAGE][PASSED] - Method.TextDegerineEsitElementinAltindakiTextDegerineEsitOlanaTikla is PASSED

2021-11-23 16:52:34 - [MESSAGE][PASSED] - Call Test Case 'Test Cases/Menu/BasligaGoreAltMenuSecimi' successfully

2021-11-23 16:52:34 - [MESSAGE][INFO] - Checking called Test Case

2021-11-23 16:52:34 - [MESSAGE][INFO] - Starting to call Test Case 'Test Cases/Filtreler/BaslangicYaz'

2021-11-23 16:52:34 - [TEST_CASE][PASSED] - Test Cases/Filtreler/BaslangicYaz: Test Cases/Filtreler/BaslangicYaz

2021-11-23 16:52:34 - [TEST_STEP][PASSED] - delay(3): Delayed 3 second(s)

2021-11-23 16:52:34 - [MESSAGE][INFO] - Delaying browser in 3 second(s)

2021-11-23 16:52:37 - [MESSAGE][PASSED] - Delayed 3 second(s)

2021-11-23 16:52:37 - [TEST_STEP][PASSED] - Method.TextDegerineEsitElementinAltindakineTikla(findTestObject("Filtreler/Basliklar"), findTestObject("Filtreler/Basliga_Gore_Baslangic_Image"), Filtre_Adi): Method.TextDegerineEsitElementinAltindakineTikla is PASSED

2021-11-23 16:52:37 - [MESSAGE][INFO] - Finding Test Object 'Object Repository/Filtreler/Basliklar'

2021-11-23 16:52:37 - [MESSAGE][INFO] - Finding Test Object 'Object Repository/Filtreler/Basliga_Gore_Baslangic_Image'

2021-11-23 16:52:37 - [MESSAGE][INFO] - Checking timeout

2021-11-23 16:52:37 - [MESSAGE][INFO] - Finding web element with id: 'Object Repository/Filtreler/Basliklar' located by 'By.cssSelector: .control-label.col-sm-4.paddingMarginRLC' in '10' second(s)

2021-11-23 16:52:37 - [MESSAGE][INFO] - Smart Wait Function is triggered

2021-11-23 16:52:37 - [MESSAGE][INFO] - Found 13 web elements with id: 'Object Repository/Filtreler/Basliklar' located by 'By.cssSelector: .control-label.col-sm-4.paddingMarginRLC' in '10' second(s)

2021-11-23 16:52:37 - [MESSAGE][INFO] - Smart Wait Function is triggered

2021-11-23 16:52:38 - [MESSAGE][PASSED] - Method.TextDegerineEsitElementinAltindakineTikla is PASSED

2021-11-23 16:52:38 - [TEST_STEP][PASSED] - Method.TextDegerineEsitElementinAltindakiTextboxtaYaz(findTestObject("Filtreler/Basliklar"), findTestObject("Filtreler/Basliga_Gore_Baslangic"), Filtre_Adi, Filtre_Degeri): Method.TextDegerineEsitElementinAltindakiTextboxtaYaz is PASSED

2021-11-23 16:52:38 - [MESSAGE][INFO] - Finding Test Object 'Object Repository/Filtreler/Basliklar'

2021-11-23 16:52:38 - [MESSAGE][INFO] - Finding Test Object 'Object Repository/Filtreler/Basliga_Gore_Baslangic'

2021-11-23 16:52:38 - [MESSAGE][INFO] - Checking timeout

2021-11-23 16:52:38 - [MESSAGE][INFO] - Finding web element with id: 'Object Repository/Filtreler/Basliklar' located by 'By.cssSelector: .control-label.col-sm-4.paddingMarginRLC' in '10' second(s)

2021-11-23 16:52:38 - [MESSAGE][INFO] - Smart Wait Function is triggered

2021-11-23 16:52:38 - [MESSAGE][INFO] - Found 13 web elements with id: 'Object Repository/Filtreler/Basliklar' located by 'By.cssSelector: .control-label.col-sm-4.paddingMarginRLC' in '10' second(s)

2021-11-23 16:52:38 - [MESSAGE][INFO] - Smart Wait Function is triggered

2021-11-23 16:52:39 - [MESSAGE][PASSED] - Method.TextDegerineEsitElementinAltindakiTextboxtaYaz is PASSED

2021-11-23 16:52:39 - [MESSAGE][PASSED] - Call Test Case 'Test Cases/Filtreler/BaslangicYaz' successfully

2021-11-23 16:52:39 - [MESSAGE][INFO] - Checking called Test Case

2021-11-23 16:52:39 - [MESSAGE][INFO] - Starting to call Test Case 'Test Cases/Filtreler/BitisYaz'

2021-11-23 16:52:39 - [TEST_CASE][PASSED] - Test Cases/Filtreler/BitisYaz: Test Cases/Filtreler/BitisYaz

2021-11-23 16:52:39 - [TEST_STEP][PASSED] - Method.TextDegerineEsitElementinAltindakineTikla(findTestObject("Filtreler/Basliklar"), findTestObject("Filtreler/Basliga_Gore_Bitis_Image"), Filtre_Adi): Method.TextDegerineEsitElementinAltindakineTikla is PASSED

2021-11-23 16:52:39 - [MESSAGE][INFO] - Finding Test Object 'Object Repository/Filtreler/Basliklar'

2021-11-23 16:52:39 - [MESSAGE][INFO] - Finding Test Object 'Object Repository/Filtreler/Basliga_Gore_Bitis_Image'

2021-11-23 16:52:39 - [MESSAGE][INFO] - Checking timeout

2021-11-23 16:52:39 - [MESSAGE][INFO] - Finding web element with id: 'Object Repository/Filtreler/Basliklar' located by 'By.cssSelector: .control-label.col-sm-4.paddingMarginRLC' in '10' second(s)

2021-11-23 16:52:39 - [MESSAGE][INFO] - Smart Wait Function is triggered

2021-11-23 16:52:39 - [MESSAGE][INFO] - Found 13 web elements with id: 'Object Repository/Filtreler/Basliklar' located by 'By.cssSelector: .control-label.col-sm-4.paddingMarginRLC' in '10' second(s)

2021-11-23 16:52:39 - [MESSAGE][INFO] - Smart Wait Function is triggered

2021-11-23 16:52:40 - [MESSAGE][PASSED] - Method.TextDegerineEsitElementinAltindakineTikla is PASSED

2021-11-23 16:52:40 - [TEST_STEP][PASSED] - Method.TextDegerineEsitElementinAltindakiTextboxtaYaz(findTestObject("Filtreler/Basliklar"), findTestObject("Object Repository/Filtreler/Basliga_Gore_Bitis"), Filtre_Adi, Filtre_Degeri): Method.TextDegerineEsitElementinAltindakiTextboxtaYaz is PASSED

2021-11-23 16:52:40 - [MESSAGE][INFO] - Finding Test Object 'Object Repository/Filtreler/Basliklar'

2021-11-23 16:52:40 - [MESSAGE][INFO] - Finding Test Object 'Object Repository/Filtreler/Basliga_Gore_Bitis'

2021-11-23 16:52:40 - [MESSAGE][INFO] - Checking timeout

2021-11-23 16:52:40 - [MESSAGE][INFO] - Finding web element with id: 'Object Repository/Filtreler/Basliklar' located by 'By.cssSelector: .control-label.col-sm-4.paddingMarginRLC' in '10' second(s)

2021-11-23 16:52:40 - [MESSAGE][INFO] - Smart Wait Function is triggered

2021-11-23 16:52:40 - [MESSAGE][INFO] - Found 13 web elements with id: 'Object Repository/Filtreler/Basliklar' located by 'By.cssSelector: .control-label.col-sm-4.paddingMarginRLC' in '10' second(s)

2021-11-23 16:52:40 - [MESSAGE][INFO] - Smart Wait Function is triggered

2021-11-23 16:52:41 - [MESSAGE][PASSED] - Method.TextDegerineEsitElementinAltindakiTextboxtaYaz is PASSED

2021-11-23 16:52:41 - [MESSAGE][PASSED] - Call Test Case 'Test Cases/Filtreler/BitisYaz' successfully

2021-11-23 16:52:41 - [MESSAGE][INFO] - Checking called Test Case

2021-11-23 16:52:41 - [MESSAGE][INFO] - Starting to call Test Case 'Test Cases/Filtreler/ButonaTikla'

2021-11-23 16:52:41 - [TEST_CASE][PASSED] - Test Cases/Filtreler/ButonaTikla: Test Cases/Filtreler/ButonaTikla

2021-11-23 16:52:41 - [TEST_STEP][PASSED] - Method.TextDegerineEsitElementeTikla(findTestObject("Filtreler/Butonlar"), Filtre_Buton): Method.TextDegerineEsitElementeTikla is PASSED

2021-11-23 16:52:41 - [MESSAGE][INFO] - Finding Test Object 'Object Repository/Filtreler/Butonlar'

2021-11-23 16:52:41 - [MESSAGE][INFO] - Checking timeout

2021-11-23 16:52:41 - [MESSAGE][INFO] - Finding web element with id: 'Object Repository/Filtreler/Butonlar' located by 'By.cssSelector: .dxb>span' in '10' second(s)

2021-11-23 16:52:41 - [MESSAGE][INFO] - Smart Wait Function is triggered

2021-11-23 16:52:41 - [MESSAGE][INFO] - Found 3 web elements with id: 'Object Repository/Filtreler/Butonlar' located by 'By.cssSelector: .dxb>span' in '10' second(s)

2021-11-23 16:52:41 - [MESSAGE][PASSED] - Method.TextDegerineEsitElementeTikla is PASSED

2021-11-23 16:52:41 - [MESSAGE][PASSED] - Call Test Case 'Test Cases/Filtreler/ButonaTikla' successfully

2021-11-23 16:52:41 - [MESSAGE][INFO] - Checking called Test Case

2021-11-23 16:52:41 - [MESSAGE][INFO] - Starting to call Test Case 'Test Cases/Tablo/TablodakiVeriDetayi'

2021-11-23 16:52:42 - [TEST_CASE][PASSED] - Test Cases/Tablo/TablodakiVeriDetayi: Test Cases/Tablo/TablodakiVeriDetayi

2021-11-23 16:52:42 - [TEST_STEP][PASSED] - Method.TextDegerineEsitElementinAltindakineTikla(findTestObject("Tablo/Veriler"), findTestObject("Object Repository/Tablo/VerininArtiButonu"), Veri_Adi): Method.TextDegerineEsitElementinAltindakineTikla is PASSED

2021-11-23 16:52:42 - [MESSAGE][INFO] - Finding Test Object 'Object Repository/Tablo/Veriler'

2021-11-23 16:52:42 - [MESSAGE][INFO] - Finding Test Object 'Object Repository/Tablo/VerininArtiButonu'

2021-11-23 16:52:42 - [MESSAGE][INFO] - Checking timeout

2021-11-23 16:52:42 - [MESSAGE][INFO] - Finding web element with id: 'Object Repository/Tablo/Veriler' located by 'By.cssSelector: td.dxgv b ,td.dxgv' in '10' second(s)

2021-11-23 16:52:42 - [MESSAGE][INFO] - Smart Wait Function is triggered

2021-11-23 16:52:42 - [MESSAGE][INFO] - Found 52 web elements with id: 'Object Repository/Tablo/Veriler' located by 'By.cssSelector: td.dxgv b ,td.dxgv' in '10' second(s)

2021-11-23 16:52:42 - [MESSAGE][INFO] - Smart Wait Function is triggered

2021-11-23 16:52:43 - [MESSAGE][PASSED] - Method.TextDegerineEsitElementinAltindakineTikla is PASSED

2021-11-23 16:52:43 - [MESSAGE][PASSED] - Call Test Case 'Test Cases/Tablo/TablodakiVeriDetayi' successfully

2021-11-23 16:52:43 - [MESSAGE][INFO] - Checking called Test Case

2021-11-23 16:52:43 - [MESSAGE][INFO] - Starting to call Test Case 'Test Cases/Tablo/TablodakiVeriDetayi'

2021-11-23 16:52:43 - [TEST_CASE][PASSED] - Test Cases/Tablo/TablodakiVeriDetayi: Test Cases/Tablo/TablodakiVeriDetayi

2021-11-23 16:52:43 - [TEST_STEP][PASSED] - Method.TextDegerineEsitElementinAltindakineTikla(findTestObject("Tablo/Veriler"), findTestObject("Object Repository/Tablo/VerininArtiButonu"), Veri_Adi): Method.TextDegerineEsitElementinAltindakineTikla is PASSED

2021-11-23 16:52:43 - [MESSAGE][INFO] - Finding Test Object 'Object Repository/Tablo/Veriler'

2021-11-23 16:52:43 - [MESSAGE][INFO] - Finding Test Object 'Object Repository/Tablo/VerininArtiButonu'

2021-11-23 16:52:43 - [MESSAGE][INFO] - Checking timeout

2021-11-23 16:52:43 - [MESSAGE][INFO] - Finding web element with id: 'Object Repository/Tablo/Veriler' located by 'By.cssSelector: td.dxgv b ,td.dxgv' in '10' second(s)

2021-11-23 16:52:43 - [MESSAGE][INFO] - Smart Wait Function is triggered

2021-11-23 16:52:43 - [MESSAGE][INFO] - Found 54 web elements with id: 'Object Repository/Tablo/Veriler' located by 'By.cssSelector: td.dxgv b ,td.dxgv' in '10' second(s)

2021-11-23 16:52:43 - [MESSAGE][INFO] - Smart Wait Function is triggered

2021-11-23 16:52:44 - [MESSAGE][PASSED] - Method.TextDegerineEsitElementinAltindakineTikla is PASSED

2021-11-23 16:52:44 - [MESSAGE][PASSED] - Call Test Case 'Test Cases/Tablo/TablodakiVeriDetayi' successfully

2021-11-23 16:52:44 - [MESSAGE][INFO] - Checking called Test Case

2021-11-23 16:52:44 - [MESSAGE][INFO] - Starting to call Test Case 'Test Cases/Filtreler/ListelenenOgeSayisi'

2021-11-23 16:52:44 - [TEST_CASE][PASSED] - Test Cases/Filtreler/ListelenenOgeSayisi: Test Cases/Filtreler/ListelenenOgeSayisi

2021-11-23 16:52:44 - [TEST_STEP][PASSED] - waitForElementPresent(findTestObject("Filtreler/OgeSayisi"), 10): Object 'Object Repository/Filtreler/OgeSayisi' is present

2021-11-23 16:52:44 - [MESSAGE][INFO] - Finding Test Object 'Object Repository/Filtreler/OgeSayisi'

2021-11-23 16:52:44 - [MESSAGE][INFO] - Checking object

2021-11-23 16:52:44 - [MESSAGE][INFO] - Finding web element from Test Object's properties

2021-11-23 16:52:44 - [MESSAGE][INFO] - Checking timeout

2021-11-23 16:52:44 - [MESSAGE][INFO] - Finding web element with id: 'Object Repository/Filtreler/OgeSayisi' located by 'By.cssSelector: .dxp-lead.dxp-summary' in '10' second(s)

2021-11-23 16:52:44 - [MESSAGE][INFO] - Smart Wait Function is triggered

2021-11-23 16:52:44 - [MESSAGE][INFO] - Found 1 web elements with id: 'Object Repository/Filtreler/OgeSayisi' located by 'By.cssSelector: .dxp-lead.dxp-summary' in '10' second(s)

2021-11-23 16:52:44 - [MESSAGE][PASSED] - Object 'Object Repository/Filtreler/OgeSayisi' is present

2021-11-23 16:52:44 - [TEST_STEP][PASSED] - verifyElementText(findTestObject("Filtreler/OgeSayisi"), OgeSayisi): Actual text and expected text of test object 'Object Repository/Filtreler/OgeSayisi' are matched.

2021-11-23 16:52:44 - [MESSAGE][INFO] - Finding Test Object 'Object Repository/Filtreler/OgeSayisi'

2021-11-23 16:52:44 - [MESSAGE][INFO] - Checking object

2021-11-23 16:52:44 - [MESSAGE][INFO] - Finding web element from Test Object's properties

2021-11-23 16:52:44 - [MESSAGE][INFO] - Checking timeout

2021-11-23 16:52:44 - [MESSAGE][INFO] - Finding web element with id: 'Object Repository/Filtreler/OgeSayisi' located by 'By.cssSelector: .dxp-lead.dxp-summary' in '30' second(s)

2021-11-23 16:52:44 - [MESSAGE][INFO] - Smart Wait Function is triggered

2021-11-23 16:52:45 - [MESSAGE][INFO] - Found 1 web elements with id: 'Object Repository/Filtreler/OgeSayisi' located by 'By.cssSelector: .dxp-lead.dxp-summary' in '30' second(s)

2021-11-23 16:52:45 - [MESSAGE][PASSED] - Actual text and expected text of test object 'Object Repository/Filtreler/OgeSayisi' are matched.

2021-11-23 16:52:45 - [MESSAGE][PASSED] - Call Test Case 'Test Cases/Filtreler/ListelenenOgeSayisi' successfully

2021-11-23 16:52:45 - [MESSAGE][INFO] - Checking called Test Case

2021-11-23 16:52:45 - [MESSAGE][INFO] - Starting to call Test Case 'Test Cases/Sayfalar/AnaSayfa/AnaSayfayaDonulur'

2021-11-23 16:52:45 - [TEST_CASE][PASSED] - Test Cases/Sayfalar/AnaSayfa/AnaSayfayaDonulur: Test Cases/Sayfalar/AnaSayfa/AnaSayfayaDonulur

2021-11-23 16:52:45 - [TEST_STEP][PASSED] - click(findTestObject("Sayfalar/AnaSayfa/AnaSayfa")): Object: 'Object Repository/Sayfalar/AnaSayfa/AnaSayfa' is clicked on

2021-11-23 16:52:45 - [MESSAGE][INFO] - Finding Test Object 'Object Repository/Sayfalar/AnaSayfa/AnaSayfa'

2021-11-23 16:52:45 - [MESSAGE][INFO] - Checking object

2021-11-23 16:52:45 - [MESSAGE][INFO] - Finding web element from Test Object's properties

2021-11-23 16:52:45 - [MESSAGE][INFO] - Checking timeout

2021-11-23 16:52:45 - [MESSAGE][INFO] - Finding web element with id: 'Object Repository/Sayfalar/AnaSayfa/AnaSayfa' located by 'By.cssSelector: div.navbar-header > a > img' in '30' second(s)

2021-11-23 16:52:45 - [MESSAGE][INFO] - Smart Wait Function is triggered

2021-11-23 16:52:45 - [MESSAGE][INFO] - Found 1 web elements with id: 'Object Repository/Sayfalar/AnaSayfa/AnaSayfa' located by 'By.cssSelector: div.navbar-header > a > img' in '30' second(s)

2021-11-23 16:52:45 - [MESSAGE][INFO] - Clicking on object: 'Object Repository/Sayfalar/AnaSayfa/AnaSayfa'

2021-11-23 16:52:47 - [MESSAGE][PASSED] - Object: 'Object Repository/Sayfalar/AnaSayfa/AnaSayfa' is clicked on

2021-11-23 16:52:47 - [TEST_STEP][PASSED] - if (verifyElementPresent(findTestObject("Sayfalar/Giris_Sayfasi/PopupOK"), 5, OPTIONAL)): null

2021-11-23 16:52:47 - [MESSAGE][INFO] - Finding Test Object 'Object Repository/Sayfalar/Giris_Sayfasi/PopupOK'

2021-11-23 16:52:47 - [MESSAGE][INFO] - Checking object

2021-11-23 16:52:47 - [MESSAGE][INFO] - Finding web element from Test Object's properties

2021-11-23 16:52:47 - [MESSAGE][INFO] - Checking timeout

2021-11-23 16:52:47 - [MESSAGE][INFO] - Finding web element with id: 'Object Repository/Sayfalar/Giris_Sayfasi/PopupOK' located by 'By.cssSelector: .btn.btn-success' in '5' second(s)

2021-11-23 16:52:47 - [MESSAGE][INFO] - Smart Wait Function is triggered

2021-11-23 16:52:47 - [MESSAGE][INFO] - Found 1 web elements with id: 'Object Repository/Sayfalar/Giris_Sayfasi/PopupOK' located by 'By.cssSelector: .btn.btn-success' in '5' second(s)

2021-11-23 16:52:47 - [MESSAGE][PASSED] - Object 'Object Repository/Sayfalar/Giris_Sayfasi/PopupOK' is present

2021-11-23 16:52:47 - [TEST_STEP][PASSED] - click(findTestObject("Sayfalar/Giris_Sayfasi/PopupOK")): Object: 'Object Repository/Sayfalar/Giris_Sayfasi/PopupOK' is clicked on

2021-11-23 16:52:47 - [MESSAGE][INFO] - Finding Test Object 'Object Repository/Sayfalar/Giris_Sayfasi/PopupOK'

2021-11-23 16:52:47 - [MESSAGE][INFO] - Checking object

2021-11-23 16:52:47 - [MESSAGE][INFO] - Finding web element from Test Object's properties

2021-11-23 16:52:47 - [MESSAGE][INFO] - Checking timeout

2021-11-23 16:52:47 - [MESSAGE][INFO] - Finding web element with id: 'Object Repository/Sayfalar/Giris_Sayfasi/PopupOK' located by 'By.cssSelector: .btn.btn-success' in '30' second(s)

2021-11-23 16:52:47 - [MESSAGE][INFO] - Smart Wait Function is triggered

2021-11-23 16:52:48 - [MESSAGE][INFO] - Found 1 web elements with id: 'Object Repository/Sayfalar/Giris_Sayfasi/PopupOK' located by 'By.cssSelector: .btn.btn-success' in '30' second(s)

2021-11-23 16:52:48 - [MESSAGE][INFO] - Clicking on object: 'Object Repository/Sayfalar/Giris_Sayfasi/PopupOK'

2021-11-23 16:52:48 - [MESSAGE][PASSED] - Object: 'Object Repository/Sayfalar/Giris_Sayfasi/PopupOK' is clicked on

2021-11-23 16:52:48 - [TEST_STEP][PASSED] - verifyElementVisible(findTestObject("Object Repository/Kullanici_Islemleri/KullaniciIslemleri")): Object 'Object Repository/Kullanici_Islemleri/KullaniciIslemleri' is visible

2021-11-23 16:52:48 - [MESSAGE][INFO] - Finding Test Object 'Object Repository/Kullanici_Islemleri/KullaniciIslemleri'

2021-11-23 16:52:48 - [MESSAGE][INFO] - Checking object

2021-11-23 16:52:48 - [MESSAGE][INFO] - Finding web element from Test Object's properties

2021-11-23 16:52:48 - [MESSAGE][INFO] - Checking timeout

2021-11-23 16:52:48 - [MESSAGE][INFO] - Finding web element with id: 'Object Repository/Kullanici_Islemleri/KullaniciIslemleri' located by 'By.cssSelector: .dropdown>a>img' in '30' second(s)

2021-11-23 16:52:48 - [MESSAGE][INFO] - Smart Wait Function is triggered

2021-11-23 16:52:49 - [MESSAGE][INFO] - Found 1 web elements with id: 'Object Repository/Kullanici_Islemleri/KullaniciIslemleri' located by 'By.cssSelector: .dropdown>a>img' in '30' second(s)

2021-11-23 16:52:49 - [MESSAGE][PASSED] - Object 'Object Repository/Kullanici_Islemleri/KullaniciIslemleri' is visible

2021-11-23 16:52:49 - [MESSAGE][PASSED] - Call Test Case 'Test Cases/Sayfalar/AnaSayfa/AnaSayfayaDonulur' successfully

2021-11-23 16:52:49 - [MESSAGE][INFO] - Checking called Test Case

2021-11-23 16:52:49 - [MESSAGE][INFO] - Starting to call Test Case 'Test Cases/Menu/AnaMenuSecimi'

2021-11-23 16:52:49 - [TEST_CASE][PASSED] - Test Cases/Menu/AnaMenuSecimi: Test Cases/Menu/AnaMenuSecimi

2021-11-23 16:52:49 - [TEST_STEP][PASSED] - Method.TextDegerineEsitElementeTikla(findTestObject("Menu/Ana_Menu"), Ana_Menu): Method.TextDegerineEsitElementeTikla is PASSED

2021-11-23 16:52:49 - [MESSAGE][INFO] - Finding Test Object 'Object Repository/Menu/Ana_Menu'

2021-11-23 16:52:49 - [MESSAGE][INFO] - Checking timeout

2021-11-23 16:52:49 - [MESSAGE][INFO] - Finding web element with id: 'Object Repository/Menu/Ana_Menu' located by 'By.xpath: //*[@class = 'dropdown-toggle']' in '10' second(s)

2021-11-23 16:52:49 - [MESSAGE][INFO] - Smart Wait Function is triggered

2021-11-23 16:52:49 - [MESSAGE][INFO] - Found 14 web elements with id: 'Object Repository/Menu/Ana_Menu' located by 'By.xpath: //*[@class = 'dropdown-toggle']' in '10' second(s)

2021-11-23 16:52:49 - [MESSAGE][PASSED] - Method.TextDegerineEsitElementeTikla is PASSED

2021-11-23 16:52:49 - [MESSAGE][PASSED] - Call Test Case 'Test Cases/Menu/AnaMenuSecimi' successfully

2021-11-23 16:52:49 - [MESSAGE][INFO] - Checking called Test Case

2021-11-23 16:52:49 - [MESSAGE][INFO] - Starting to call Test Case 'Test Cases/Menu/BasligaGoreAltMenuSecimi'

2021-11-23 16:52:49 - [TEST_CASE][PASSED] - Test Cases/Menu/BasligaGoreAltMenuSecimi: Test Cases/Menu/BasligaGoreAltMenuSecimi

2021-11-23 16:52:49 - [TEST_STEP][PASSED] - Method.TextDegerineEsitElementinAltindakiTextDegerineEsitOlanaTikla(findTestObject("Menu/Menu_Basligi"), findTestObject("Menu/Basliga_Gore_Alt_Menu"), Baslik, Alt_Menu): Method.TextDegerineEsitElementinAltindakiTextDegerineEsitOlanaTikla is PASSED

2021-11-23 16:52:49 - [MESSAGE][INFO] - Finding Test Object 'Object Repository/Menu/Menu_Basligi'

2021-11-23 16:52:49 - [MESSAGE][INFO] - Finding Test Object 'Object Repository/Menu/Basliga_Gore_Alt_Menu'

2021-11-23 16:52:49 - [MESSAGE][INFO] - Checking timeout

2021-11-23 16:52:49 - [MESSAGE][INFO] - Finding web element with id: 'Object Repository/Menu/Menu_Basligi' located by 'By.xpath: //li[@class='dropdown dropdown-large open']//li[@class='dropdown-header']' in '10' second(s)

2021-11-23 16:52:49 - [MESSAGE][INFO] - Smart Wait Function is triggered

2021-11-23 16:52:50 - [MESSAGE][INFO] - Found 2 web elements with id: 'Object Repository/Menu/Menu_Basligi' located by 'By.xpath: //li[@class='dropdown dropdown-large open']//li[@class='dropdown-header']' in '10' second(s)

2021-11-23 16:52:50 - [MESSAGE][INFO] - Smart Wait Function is triggered

2021-11-23 16:52:51 - [MESSAGE][PASSED] - Method.TextDegerineEsitElementinAltindakiTextDegerineEsitOlanaTikla is PASSED

2021-11-23 16:52:51 - [MESSAGE][PASSED] - Call Test Case 'Test Cases/Menu/BasligaGoreAltMenuSecimi' successfully

2021-11-23 16:52:51 - [MESSAGE][INFO] - Checking called Test Case

2021-11-23 16:52:51 - [MESSAGE][INFO] - Starting to call Test Case 'Test Cases/Filtreler/BaslangicYaz'

2021-11-23 16:52:51 - [TEST_CASE][PASSED] - Test Cases/Filtreler/BaslangicYaz: Test Cases/Filtreler/BaslangicYaz

2021-11-23 16:52:51 - [TEST_STEP][PASSED] - delay(3): Delayed 3 second(s)

2021-11-23 16:52:51 - [MESSAGE][INFO] - Delaying browser in 3 second(s)

2021-11-23 16:52:54 - [MESSAGE][PASSED] - Delayed 3 second(s)

2021-11-23 16:52:54 - [TEST_STEP][PASSED] - Method.TextDegerineEsitElementinAltindakineTikla(findTestObject("Filtreler/Basliklar"), findTestObject("Filtreler/Basliga_Gore_Baslangic_Image"), Filtre_Adi): Method.TextDegerineEsitElementinAltindakineTikla is PASSED

2021-11-23 16:52:54 - [MESSAGE][INFO] - Finding Test Object 'Object Repository/Filtreler/Basliklar'

2021-11-23 16:52:54 - [MESSAGE][INFO] - Finding Test Object 'Object Repository/Filtreler/Basliga_Gore_Baslangic_Image'

2021-11-23 16:52:54 - [MESSAGE][INFO] - Checking timeout

2021-11-23 16:52:54 - [MESSAGE][INFO] - Finding web element with id: 'Object Repository/Filtreler/Basliklar' located by 'By.cssSelector: .control-label.col-sm-4.paddingMarginRLC' in '10' second(s)

2021-11-23 16:52:54 - [MESSAGE][INFO] - Smart Wait Function is triggered

2021-11-23 16:52:55 - [MESSAGE][INFO] - Found 13 web elements with id: 'Object Repository/Filtreler/Basliklar' located by 'By.cssSelector: .control-label.col-sm-4.paddingMarginRLC' in '10' second(s)

2021-11-23 16:52:55 - [MESSAGE][INFO] - Smart Wait Function is triggered

2021-11-23 16:52:55 - [MESSAGE][PASSED] - Method.TextDegerineEsitElementinAltindakineTikla is PASSED

2021-11-23 16:52:55 - [TEST_STEP][PASSED] - Method.TextDegerineEsitElementinAltindakiTextboxtaYaz(findTestObject("Filtreler/Basliklar"), findTestObject("Filtreler/Basliga_Gore_Baslangic"), Filtre_Adi, Filtre_Degeri): Method.TextDegerineEsitElementinAltindakiTextboxtaYaz is PASSED

2021-11-23 16:52:55 - [MESSAGE][INFO] - Finding Test Object 'Object Repository/Filtreler/Basliklar'

2021-11-23 16:52:55 - [MESSAGE][INFO] - Finding Test Object 'Object Repository/Filtreler/Basliga_Gore_Baslangic'

2021-11-23 16:52:55 - [MESSAGE][INFO] - Checking timeout

2021-11-23 16:52:55 - [MESSAGE][INFO] - Finding web element with id: 'Object Repository/Filtreler/Basliklar' located by 'By.cssSelector: .control-label.col-sm-4.paddingMarginRLC' in '10' second(s)

2021-11-23 16:52:55 - [MESSAGE][INFO] - Smart Wait Function is triggered

2021-11-23 16:52:56 - [MESSAGE][INFO] - Found 13 web elements with id: 'Object Repository/Filtreler/Basliklar' located by 'By.cssSelector: .control-label.col-sm-4.paddingMarginRLC' in '10' second(s)

2021-11-23 16:52:56 - [MESSAGE][INFO] - Smart Wait Function is triggered

2021-11-23 16:52:56 - [MESSAGE][PASSED] - Method.TextDegerineEsitElementinAltindakiTextboxtaYaz is PASSED

2021-11-23 16:52:56 - [MESSAGE][PASSED] - Call Test Case 'Test Cases/Filtreler/BaslangicYaz' successfully

2021-11-23 16:52:56 - [MESSAGE][INFO] - Checking called Test Case

2021-11-23 16:52:56 - [MESSAGE][INFO] - Starting to call Test Case 'Test Cases/Filtreler/BitisYaz'

2021-11-23 16:52:56 - [TEST_CASE][PASSED] - Test Cases/Filtreler/BitisYaz: Test Cases/Filtreler/BitisYaz

2021-11-23 16:52:56 - [TEST_STEP][PASSED] - Method.TextDegerineEsitElementinAltindakineTikla(findTestObject("Filtreler/Basliklar"), findTestObject("Filtreler/Basliga_Gore_Bitis_Image"), Filtre_Adi): Method.TextDegerineEsitElementinAltindakineTikla is PASSED

2021-11-23 16:52:56 - [MESSAGE][INFO] - Finding Test Object 'Object Repository/Filtreler/Basliklar'

2021-11-23 16:52:56 - [MESSAGE][INFO] - Finding Test Object 'Object Repository/Filtreler/Basliga_Gore_Bitis_Image'

2021-11-23 16:52:56 - [MESSAGE][INFO] - Checking timeout

2021-11-23 16:52:56 - [MESSAGE][INFO] - Finding web element with id: 'Object Repository/Filtreler/Basliklar' located by 'By.cssSelector: .control-label.col-sm-4.paddingMarginRLC' in '10' second(s)

2021-11-23 16:52:56 - [MESSAGE][INFO] - Smart Wait Function is triggered

2021-11-23 16:52:57 - [MESSAGE][INFO] - Found 13 web elements with id: 'Object Repository/Filtreler/Basliklar' located by 'By.cssSelector: .control-label.col-sm-4.paddingMarginRLC' in '10' second(s)

2021-11-23 16:52:57 - [MESSAGE][INFO] - Smart Wait Function is triggered

2021-11-23 16:52:57 - [MESSAGE][PASSED] - Method.TextDegerineEsitElementinAltindakineTikla is PASSED

2021-11-23 16:52:57 - [TEST_STEP][PASSED] - Method.TextDegerineEsitElementinAltindakiTextboxtaYaz(findTestObject("Filtreler/Basliklar"), findTestObject("Object Repository/Filtreler/Basliga_Gore_Bitis"), Filtre_Adi, Filtre_Degeri): Method.TextDegerineEsitElementinAltindakiTextboxtaYaz is PASSED

2021-11-23 16:52:57 - [MESSAGE][INFO] - Finding Test Object 'Object Repository/Filtreler/Basliklar'

2021-11-23 16:52:57 - [MESSAGE][INFO] - Finding Test Object 'Object Repository/Filtreler/Basliga_Gore_Bitis'

2021-11-23 16:52:57 - [MESSAGE][INFO] - Checking timeout

2021-11-23 16:52:57 - [MESSAGE][INFO] - Finding web element with id: 'Object Repository/Filtreler/Basliklar' located by 'By.cssSelector: .control-label.col-sm-4.paddingMarginRLC' in '10' second(s)

2021-11-23 16:52:57 - [MESSAGE][INFO] - Smart Wait Function is triggered

2021-11-23 16:52:57 - [MESSAGE][INFO] - Found 13 web elements with id: 'Object Repository/Filtreler/Basliklar' located by 'By.cssSelector: .control-label.col-sm-4.paddingMarginRLC' in '10' second(s)

2021-11-23 16:52:57 - [MESSAGE][INFO] - Smart Wait Function is triggered

2021-11-23 16:52:58 - [MESSAGE][PASSED] - Method.TextDegerineEsitElementinAltindakiTextboxtaYaz is PASSED

2021-11-23 16:52:58 - [MESSAGE][PASSED] - Call Test Case 'Test Cases/Filtreler/BitisYaz' successfully

2021-11-23 16:52:58 - [MESSAGE][INFO] - Checking called Test Case

2021-11-23 16:52:58 - [MESSAGE][INFO] - Starting to call Test Case 'Test Cases/Filtreler/TexboxaYaz'

2021-11-23 16:52:58 - [TEST_CASE][PASSED] - Test Cases/Filtreler/TexboxaYaz: Test Cases/Filtreler/TexboxaYaz

2021-11-23 16:52:59 - [TEST_STEP][PASSED] - Method.TextDegerineEsitElementinAltindakiTextboxtaYaz(findTestObject("Filtreler/Basliklar"), findTestObject("Filtreler/Basliga_Gore_Textbox"), Filtre_Adi, Filtre_Degeri): Method.TextDegerineEsitElementinAltindakiTextboxtaYaz is PASSED

2021-11-23 16:52:59 - [MESSAGE][INFO] - Finding Test Object 'Object Repository/Filtreler/Basliklar'

2021-11-23 16:52:59 - [MESSAGE][INFO] - Finding Test Object 'Object Repository/Filtreler/Basliga_Gore_Textbox'

2021-11-23 16:52:59 - [MESSAGE][INFO] - Checking timeout

2021-11-23 16:52:59 - [MESSAGE][INFO] - Finding web element with id: 'Object Repository/Filtreler/Basliklar' located by 'By.cssSelector: .control-label.col-sm-4.paddingMarginRLC' in '10' second(s)

2021-11-23 16:52:59 - [MESSAGE][INFO] - Smart Wait Function is triggered

2021-11-23 16:52:59 - [MESSAGE][INFO] - Found 13 web elements with id: 'Object Repository/Filtreler/Basliklar' located by 'By.cssSelector: .control-label.col-sm-4.paddingMarginRLC' in '10' second(s)

2021-11-23 16:52:59 - [MESSAGE][INFO] - Smart Wait Function is triggered

2021-11-23 16:52:59 - [MESSAGE][PASSED] - Method.TextDegerineEsitElementinAltindakiTextboxtaYaz is PASSED

2021-11-23 16:52:59 - [MESSAGE][PASSED] - Call Test Case 'Test Cases/Filtreler/TexboxaYaz' successfully

2021-11-23 16:52:59 - [MESSAGE][INFO] - Checking called Test Case

2021-11-23 16:52:59 - [MESSAGE][INFO] - Starting to call Test Case 'Test Cases/Filtreler/ButonaTikla'

2021-11-23 16:53:00 - [TEST_CASE][PASSED] - Test Cases/Filtreler/ButonaTikla: Test Cases/Filtreler/ButonaTikla

2021-11-23 16:53:00 - [TEST_STEP][PASSED] - Method.TextDegerineEsitElementeTikla(findTestObject("Filtreler/Butonlar"), Filtre_Buton): Method.TextDegerineEsitElementeTikla is PASSED

2021-11-23 16:53:00 - [MESSAGE][INFO] - Finding Test Object 'Object Repository/Filtreler/Butonlar'

2021-11-23 16:53:00 - [MESSAGE][INFO] - Checking timeout

2021-11-23 16:53:00 - [MESSAGE][INFO] - Finding web element with id: 'Object Repository/Filtreler/Butonlar' located by 'By.cssSelector: .dxb>span' in '10' second(s)

2021-11-23 16:53:00 - [MESSAGE][INFO] - Smart Wait Function is triggered

2021-11-23 16:53:00 - [MESSAGE][INFO] - Found 3 web elements with id: 'Object Repository/Filtreler/Butonlar' located by 'By.cssSelector: .dxb>span' in '10' second(s)

2021-11-23 16:53:00 - [MESSAGE][PASSED] - Method.TextDegerineEsitElementeTikla is PASSED

2021-11-23 16:53:00 - [MESSAGE][PASSED] - Call Test Case 'Test Cases/Filtreler/ButonaTikla' successfully

2021-11-23 16:53:00 - [MESSAGE][INFO] - Checking called Test Case

2021-11-23 16:53:00 - [MESSAGE][INFO] - Starting to call Test Case 'Test Cases/Filtreler/ListelenenOgeSayisi'

2021-11-23 16:53:00 - [TEST_CASE][PASSED] - Test Cases/Filtreler/ListelenenOgeSayisi: Test Cases/Filtreler/ListelenenOgeSayisi

2021-11-23 16:53:00 - [TEST_STEP][PASSED] - waitForElementPresent(findTestObject("Filtreler/OgeSayisi"), 10): Object 'Object Repository/Filtreler/OgeSayisi' is present

2021-11-23 16:53:00 - [MESSAGE][INFO] - Finding Test Object 'Object Repository/Filtreler/OgeSayisi'

2021-11-23 16:53:00 - [MESSAGE][INFO] - Checking object

2021-11-23 16:53:00 - [MESSAGE][INFO] - Finding web element from Test Object's properties

2021-11-23 16:53:00 - [MESSAGE][INFO] - Checking timeout

2021-11-23 16:53:00 - [MESSAGE][INFO] - Finding web element with id: 'Object Repository/Filtreler/OgeSayisi' located by 'By.cssSelector: .dxp-lead.dxp-summary' in '10' second(s)

2021-11-23 16:53:00 - [MESSAGE][INFO] - Smart Wait Function is triggered

2021-11-23 16:53:01 - [MESSAGE][INFO] - Found 1 web elements with id: 'Object Repository/Filtreler/OgeSayisi' located by 'By.cssSelector: .dxp-lead.dxp-summary' in '10' second(s)

2021-11-23 16:53:01 - [MESSAGE][PASSED] - Object 'Object Repository/Filtreler/OgeSayisi' is present

2021-11-23 16:53:01 - [TEST_STEP][PASSED] - verifyElementText(findTestObject("Filtreler/OgeSayisi"), OgeSayisi): Actual text and expected text of test object 'Object Repository/Filtreler/OgeSayisi' are matched.

2021-11-23 16:53:01 - [MESSAGE][INFO] - Finding Test Object 'Object Repository/Filtreler/OgeSayisi'

2021-11-23 16:53:01 - [MESSAGE][INFO] - Checking object

2021-11-23 16:53:01 - [MESSAGE][INFO] - Finding web element from Test Object's properties

2021-11-23 16:53:01 - [MESSAGE][INFO] - Checking timeout

2021-11-23 16:53:01 - [MESSAGE][INFO] - Finding web element with id: 'Object Repository/Filtreler/OgeSayisi' located by 'By.cssSelector: .dxp-lead.dxp-summary' in '30' second(s)

2021-11-23 16:53:01 - [MESSAGE][INFO] - Smart Wait Function is triggered

2021-11-23 16:53:01 - [MESSAGE][INFO] - Found 1 web elements with id: 'Object Repository/Filtreler/OgeSayisi' located by 'By.cssSelector: .dxp-lead.dxp-summary' in '30' second(s)

2021-11-23 16:53:01 - [MESSAGE][PASSED] - Actual text and expected text of test object 'Object Repository/Filtreler/OgeSayisi' are matched.

2021-11-23 16:53:01 - [MESSAGE][PASSED] - Call Test Case 'Test Cases/Filtreler/ListelenenOgeSayisi' successfully

2021-11-23 16:53:01 - [MESSAGE][INFO] - Checking called Test Case

2021-11-23 16:53:01 - [MESSAGE][INFO] - Starting to call Test Case 'Test Cases/Filtreler/FiltreVarMi'

2021-11-23 16:53:01 - [TEST_CASE][PASSED] - Test Cases/Filtreler/FiltreVarMi: Test Cases/Filtreler/FiltreVarMi

2021-11-23 16:53:01 - [TEST_STEP][PASSED] - Method.TextDegerineEsitElementVarMi(findTestObject("Filtreler/Basliklar"), Filtre_alan): Method.TextDegerineEsitElementVarMi is PASSED

2021-11-23 16:53:01 - [MESSAGE][INFO] - Finding Test Object 'Object Repository/Filtreler/Basliklar'

2021-11-23 16:53:01 - [MESSAGE][INFO] - Checking timeout

2021-11-23 16:53:01 - [MESSAGE][INFO] - Finding web element with id: 'Object Repository/Filtreler/Basliklar' located by 'By.cssSelector: .control-label.col-sm-4.paddingMarginRLC' in '10' second(s)

2021-11-23 16:53:01 - [MESSAGE][INFO] - Smart Wait Function is triggered

2021-11-23 16:53:02 - [MESSAGE][INFO] - Found 13 web elements with id: 'Object Repository/Filtreler/Basliklar' located by 'By.cssSelector: .control-label.col-sm-4.paddingMarginRLC' in '10' second(s)

2021-11-23 16:53:02 - [MESSAGE][PASSED] - Method.TextDegerineEsitElementVarMi is PASSED

2021-11-23 16:53:02 - [MESSAGE][PASSED] - Call Test Case 'Test Cases/Filtreler/FiltreVarMi' successfully

2021-11-23 16:53:02 - [MESSAGE][INFO] - Checking called Test Case

2021-11-23 16:53:02 - [MESSAGE][INFO] - Starting to call Test Case 'Test Cases/Filtreler/FiltreVarMi'

2021-11-23 16:53:02 - [TEST_CASE][PASSED] - Test Cases/Filtreler/FiltreVarMi: Test Cases/Filtreler/FiltreVarMi

2021-11-23 16:53:02 - [TEST_STEP][PASSED] - Method.TextDegerineEsitElementVarMi(findTestObject("Filtreler/Basliklar"), Filtre_alan): Method.TextDegerineEsitElementVarMi is PASSED

2021-11-23 16:53:02 - [MESSAGE][INFO] - Finding Test Object 'Object Repository/Filtreler/Basliklar'

2021-11-23 16:53:02 - [MESSAGE][INFO] - Checking timeout

2021-11-23 16:53:02 - [MESSAGE][INFO] - Finding web element with id: 'Object Repository/Filtreler/Basliklar' located by 'By.cssSelector: .control-label.col-sm-4.paddingMarginRLC' in '10' second(s)

2021-11-23 16:53:02 - [MESSAGE][INFO] - Smart Wait Function is triggered

2021-11-23 16:53:02 - [MESSAGE][INFO] - Found 13 web elements with id: 'Object Repository/Filtreler/Basliklar' located by 'By.cssSelector: .control-label.col-sm-4.paddingMarginRLC' in '10' second(s)

2021-11-23 16:53:02 - [MESSAGE][PASSED] - Method.TextDegerineEsitElementVarMi is PASSED

2021-11-23 16:53:02 - [MESSAGE][PASSED] - Call Test Case 'Test Cases/Filtreler/FiltreVarMi' successfully

2021-11-23 16:53:02 - [MESSAGE][INFO] - Checking called Test Case

2021-11-23 16:53:02 - [MESSAGE][INFO] - Starting to call Test Case 'Test Cases/Filtreler/FiltreVarMi'

2021-11-23 16:53:02 - [TEST_CASE][PASSED] - Test Cases/Filtreler/FiltreVarMi: Test Cases/Filtreler/FiltreVarMi

2021-11-23 16:53:02 - [TEST_STEP][PASSED] - Method.TextDegerineEsitElementVarMi(findTestObject("Filtreler/Basliklar"), Filtre_alan): Method.TextDegerineEsitElementVarMi is PASSED

2021-11-23 16:53:02 - [MESSAGE][INFO] - Finding Test Object 'Object Repository/Filtreler/Basliklar'

2021-11-23 16:53:02 - [MESSAGE][INFO] - Checking timeout

2021-11-23 16:53:02 - [MESSAGE][INFO] - Finding web element with id: 'Object Repository/Filtreler/Basliklar' located by 'By.cssSelector: .control-label.col-sm-4.paddingMarginRLC' in '10' second(s)

2021-11-23 16:53:02 - [MESSAGE][INFO] - Smart Wait Function is triggered

2021-11-23 16:53:03 - [MESSAGE][INFO] - Found 13 web elements with id: 'Object Repository/Filtreler/Basliklar' located by 'By.cssSelector: .control-label.col-sm-4.paddingMarginRLC' in '10' second(s)

2021-11-23 16:53:03 - [MESSAGE][PASSED] - Method.TextDegerineEsitElementVarMi is PASSED

2021-11-23 16:53:03 - [MESSAGE][PASSED] - Call Test Case 'Test Cases/Filtreler/FiltreVarMi' successfully

2021-11-23 16:53:03 - [MESSAGE][INFO] - Checking called Test Case

2021-11-23 16:53:03 - [MESSAGE][INFO] - Starting to call Test Case 'Test Cases/Filtreler/FiltreVarMi'

2021-11-23 16:53:03 - [TEST_CASE][PASSED] - Test Cases/Filtreler/FiltreVarMi: Test Cases/Filtreler/FiltreVarMi

2021-11-23 16:53:03 - [TEST_STEP][PASSED] - Method.TextDegerineEsitElementVarMi(findTestObject("Filtreler/Basliklar"), Filtre_alan): Method.TextDegerineEsitElementVarMi is PASSED

2021-11-23 16:53:03 - [MESSAGE][INFO] - Finding Test Object 'Object Repository/Filtreler/Basliklar'

2021-11-23 16:53:03 - [MESSAGE][INFO] - Checking timeout

2021-11-23 16:53:03 - [MESSAGE][INFO] - Finding web element with id: 'Object Repository/Filtreler/Basliklar' located by 'By.cssSelector: .control-label.col-sm-4.paddingMarginRLC' in '10' second(s)

2021-11-23 16:53:03 - [MESSAGE][INFO] - Smart Wait Function is triggered

2021-11-23 16:53:03 - [MESSAGE][INFO] - Found 13 web elements with id: 'Object Repository/Filtreler/Basliklar' located by 'By.cssSelector: .control-label.col-sm-4.paddingMarginRLC' in '10' second(s)

2021-11-23 16:53:03 - [MESSAGE][PASSED] - Method.TextDegerineEsitElementVarMi is PASSED

2021-11-23 16:53:03 - [MESSAGE][PASSED] - Call Test Case 'Test Cases/Filtreler/FiltreVarMi' successfully

2021-11-23 16:53:03 - [MESSAGE][INFO] - Checking called Test Case

2021-11-23 16:53:03 - [MESSAGE][INFO] - Starting to call Test Case 'Test Cases/Filtreler/FiltreVarMi'

2021-11-23 16:53:03 - [TEST_CASE][PASSED] - Test Cases/Filtreler/FiltreVarMi: Test Cases/Filtreler/FiltreVarMi

2021-11-23 16:53:03 - [TEST_STEP][PASSED] - Method.TextDegerineEsitElementVarMi(findTestObject("Filtreler/Basliklar"), Filtre_alan): Method.TextDegerineEsitElementVarMi is PASSED

2021-11-23 16:53:03 - [MESSAGE][INFO] - Finding Test Object 'Object Repository/Filtreler/Basliklar'

2021-11-23 16:53:03 - [MESSAGE][INFO] - Checking timeout

2021-11-23 16:53:03 - [MESSAGE][INFO] - Finding web element with id: 'Object Repository/Filtreler/Basliklar' located by 'By.cssSelector: .control-label.col-sm-4.paddingMarginRLC' in '10' second(s)

2021-11-23 16:53:03 - [MESSAGE][INFO] - Smart Wait Function is triggered

2021-11-23 16:53:04 - [MESSAGE][INFO] - Found 13 web elements with id: 'Object Repository/Filtreler/Basliklar' located by 'By.cssSelector: .control-label.col-sm-4.paddingMarginRLC' in '10' second(s)

2021-11-23 16:53:04 - [MESSAGE][PASSED] - Method.TextDegerineEsitElementVarMi is PASSED

2021-11-23 16:53:04 - [MESSAGE][PASSED] - Call Test Case 'Test Cases/Filtreler/FiltreVarMi' successfully

2021-11-23 16:53:04 - [MESSAGE][INFO] - Checking called Test Case

2021-11-23 16:53:04 - [MESSAGE][INFO] - Starting to call Test Case 'Test Cases/Filtreler/FiltreVarMi'

2021-11-23 16:53:04 - [TEST_CASE][PASSED] - Test Cases/Filtreler/FiltreVarMi: Test Cases/Filtreler/FiltreVarMi

2021-11-23 16:53:04 - [TEST_STEP][PASSED] - Method.TextDegerineEsitElementVarMi(findTestObject("Filtreler/Basliklar"), Filtre_alan): Method.TextDegerineEsitElementVarMi is PASSED

2021-11-23 16:53:04 - [MESSAGE][INFO] - Finding Test Object 'Object Repository/Filtreler/Basliklar'

2021-11-23 16:53:04 - [MESSAGE][INFO] - Checking timeout

2021-11-23 16:53:04 - [MESSAGE][INFO] - Finding web element with id: 'Object Repository/Filtreler/Basliklar' located by 'By.cssSelector: .control-label.col-sm-4.paddingMarginRLC' in '10' second(s)

2021-11-23 16:53:04 - [MESSAGE][INFO] - Smart Wait Function is triggered

2021-11-23 16:53:04 - [MESSAGE][INFO] - Found 13 web elements with id: 'Object Repository/Filtreler/Basliklar' located by 'By.cssSelector: .control-label.col-sm-4.paddingMarginRLC' in '10' second(s)

2021-11-23 16:53:04 - [MESSAGE][PASSED] - Method.TextDegerineEsitElementVarMi is PASSED

2021-11-23 16:53:04 - [MESSAGE][PASSED] - Call Test Case 'Test Cases/Filtreler/FiltreVarMi' successfully

2021-11-23 16:53:04 - [MESSAGE][INFO] - Checking called Test Case

2021-11-23 16:53:04 - [MESSAGE][INFO] - Starting to call Test Case 'Test Cases/Filtreler/FiltreVarMi'

2021-11-23 16:53:04 - [TEST_CASE][PASSED] - Test Cases/Filtreler/FiltreVarMi: Test Cases/Filtreler/FiltreVarMi

2021-11-23 16:53:04 - [TEST_STEP][PASSED] - Method.TextDegerineEsitElementVarMi(findTestObject("Filtreler/Basliklar"), Filtre_alan): Method.TextDegerineEsitElementVarMi is PASSED

2021-11-23 16:53:04 - [MESSAGE][INFO] - Finding Test Object 'Object Repository/Filtreler/Basliklar'

2021-11-23 16:53:04 - [MESSAGE][INFO] - Checking timeout

2021-11-23 16:53:04 - [MESSAGE][INFO] - Finding web element with id: 'Object Repository/Filtreler/Basliklar' located by 'By.cssSelector: .control-label.col-sm-4.paddingMarginRLC' in '10' second(s)

2021-11-23 16:53:04 - [MESSAGE][INFO] - Smart Wait Function is triggered

2021-11-23 16:53:05 - [MESSAGE][INFO] - Found 13 web elements with id: 'Object Repository/Filtreler/Basliklar' located by 'By.cssSelector: .control-label.col-sm-4.paddingMarginRLC' in '10' second(s)

2021-11-23 16:53:05 - [MESSAGE][PASSED] - Method.TextDegerineEsitElementVarMi is PASSED

2021-11-23 16:53:05 - [MESSAGE][PASSED] - Call Test Case 'Test Cases/Filtreler/FiltreVarMi' successfully

2021-11-23 16:53:05 - [MESSAGE][INFO] - Checking called Test Case

2021-11-23 16:53:05 - [MESSAGE][INFO] - Starting to call Test Case 'Test Cases/Filtreler/FiltreVarMi'

2021-11-23 16:53:05 - [TEST_CASE][PASSED] - Test Cases/Filtreler/FiltreVarMi: Test Cases/Filtreler/FiltreVarMi

2021-11-23 16:53:05 - [TEST_STEP][PASSED] - Method.TextDegerineEsitElementVarMi(findTestObject("Filtreler/Basliklar"), Filtre_alan): Method.TextDegerineEsitElementVarMi is PASSED

2021-11-23 16:53:05 - [MESSAGE][INFO] - Finding Test Object 'Object Repository/Filtreler/Basliklar'

2021-11-23 16:53:05 - [MESSAGE][INFO] - Checking timeout

2021-11-23 16:53:05 - [MESSAGE][INFO] - Finding web element with id: 'Object Repository/Filtreler/Basliklar' located by 'By.cssSelector: .control-label.col-sm-4.paddingMarginRLC' in '10' second(s)

2021-11-23 16:53:05 - [MESSAGE][INFO] - Smart Wait Function is triggered

2021-11-23 16:53:05 - [MESSAGE][INFO] - Found 13 web elements with id: 'Object Repository/Filtreler/Basliklar' located by 'By.cssSelector: .control-label.col-sm-4.paddingMarginRLC' in '10' second(s)

2021-11-23 16:53:05 - [MESSAGE][PASSED] - Method.TextDegerineEsitElementVarMi is PASSED

2021-11-23 16:53:05 - [MESSAGE][PASSED] - Call Test Case 'Test Cases/Filtreler/FiltreVarMi' successfully

2021-11-23 16:53:05 - [MESSAGE][INFO] - Checking called Test Case

2021-11-23 16:53:05 - [MESSAGE][INFO] - Starting to call Test Case 'Test Cases/Filtreler/FiltreVarMi'

2021-11-23 16:53:05 - [TEST_CASE][PASSED] - Test Cases/Filtreler/FiltreVarMi: Test Cases/Filtreler/FiltreVarMi

2021-11-23 16:53:05 - [TEST_STEP][PASSED] - Method.TextDegerineEsitElementVarMi(findTestObject("Filtreler/Basliklar"), Filtre_alan): Method.TextDegerineEsitElementVarMi is PASSED

2021-11-23 16:53:05 - [MESSAGE][INFO] - Finding Test Object 'Object Repository/Filtreler/Basliklar'

2021-11-23 16:53:05 - [MESSAGE][INFO] - Checking timeout

2021-11-23 16:53:05 - [MESSAGE][INFO] - Finding web element with id: 'Object Repository/Filtreler/Basliklar' located by 'By.cssSelector: .control-label.col-sm-4.paddingMarginRLC' in '10' second(s)

2021-11-23 16:53:05 - [MESSAGE][INFO] - Smart Wait Function is triggered

2021-11-23 16:53:06 - [MESSAGE][INFO] - Found 13 web elements with id: 'Object Repository/Filtreler/Basliklar' located by 'By.cssSelector: .control-label.col-sm-4.paddingMarginRLC' in '10' second(s)

2021-11-23 16:53:06 - [MESSAGE][PASSED] - Method.TextDegerineEsitElementVarMi is PASSED

2021-11-23 16:53:06 - [MESSAGE][PASSED] - Call Test Case 'Test Cases/Filtreler/FiltreVarMi' successfully

2021-11-23 16:53:06 - [MESSAGE][INFO] - Checking called Test Case

2021-11-23 16:53:06 - [MESSAGE][INFO] - Starting to call Test Case 'Test Cases/Filtreler/FiltreVarMi'

2021-11-23 16:53:06 - [TEST_CASE][PASSED] - Test Cases/Filtreler/FiltreVarMi: Test Cases/Filtreler/FiltreVarMi

2021-11-23 16:53:06 - [TEST_STEP][PASSED] - Method.TextDegerineEsitElementVarMi(findTestObject("Filtreler/Basliklar"), Filtre_alan): Method.TextDegerineEsitElementVarMi is PASSED

2021-11-23 16:53:06 - [MESSAGE][INFO] - Finding Test Object 'Object Repository/Filtreler/Basliklar'

2021-11-23 16:53:06 - [MESSAGE][INFO] - Checking timeout

2021-11-23 16:53:06 - [MESSAGE][INFO] - Finding web element with id: 'Object Repository/Filtreler/Basliklar' located by 'By.cssSelector: .control-label.col-sm-4.paddingMarginRLC' in '10' second(s)

2021-11-23 16:53:06 - [MESSAGE][INFO] - Smart Wait Function is triggered

2021-11-23 16:53:06 - [MESSAGE][INFO] - Found 13 web elements with id: 'Object Repository/Filtreler/Basliklar' located by 'By.cssSelector: .control-label.col-sm-4.paddingMarginRLC' in '10' second(s)

2021-11-23 16:53:06 - [MESSAGE][PASSED] - Method.TextDegerineEsitElementVarMi is PASSED

2021-11-23 16:53:06 - [MESSAGE][PASSED] - Call Test Case 'Test Cases/Filtreler/FiltreVarMi' successfully

2021-11-23 16:53:06 - [MESSAGE][INFO] - Checking called Test Case

2021-11-23 16:53:06 - [MESSAGE][INFO] - Starting to call Test Case 'Test Cases/Filtreler/FiltreVarMi'

2021-11-23 16:53:06 - [TEST_CASE][PASSED] - Test Cases/Filtreler/FiltreVarMi: Test Cases/Filtreler/FiltreVarMi

2021-11-23 16:53:06 - [TEST_STEP][PASSED] - Method.TextDegerineEsitElementVarMi(findTestObject("Filtreler/Basliklar"), Filtre_alan): Method.TextDegerineEsitElementVarMi is PASSED

2021-11-23 16:53:06 - [MESSAGE][INFO] - Finding Test Object 'Object Repository/Filtreler/Basliklar'

2021-11-23 16:53:06 - [MESSAGE][INFO] - Checking timeout

2021-11-23 16:53:06 - [MESSAGE][INFO] - Finding web element with id: 'Object Repository/Filtreler/Basliklar' located by 'By.cssSelector: .control-label.col-sm-4.paddingMarginRLC' in '10' second(s)

2021-11-23 16:53:06 - [MESSAGE][INFO] - Smart Wait Function is triggered

2021-11-23 16:53:07 - [MESSAGE][INFO] - Found 13 web elements with id: 'Object Repository/Filtreler/Basliklar' located by 'By.cssSelector: .control-label.col-sm-4.paddingMarginRLC' in '10' second(s)

2021-11-23 16:53:07 - [MESSAGE][PASSED] - Method.TextDegerineEsitElementVarMi is PASSED

2021-11-23 16:53:07 - [MESSAGE][PASSED] - Call Test Case 'Test Cases/Filtreler/FiltreVarMi' successfully

2021-11-23 16:53:07 - [MESSAGE][INFO] - Checking called Test Case

2021-11-23 16:53:07 - [MESSAGE][INFO] - Starting to call Test Case 'Test Cases/Filtreler/FiltreVarMi'

2021-11-23 16:53:07 - [TEST_CASE][PASSED] - Test Cases/Filtreler/FiltreVarMi: Test Cases/Filtreler/FiltreVarMi

2021-11-23 16:53:07 - [TEST_STEP][PASSED] - Method.TextDegerineEsitElementVarMi(findTestObject("Filtreler/Basliklar"), Filtre_alan): Method.TextDegerineEsitElementVarMi is PASSED

2021-11-23 16:53:07 - [MESSAGE][INFO] - Finding Test Object 'Object Repository/Filtreler/Basliklar'

2021-11-23 16:53:07 - [MESSAGE][INFO] - Checking timeout

2021-11-23 16:53:07 - [MESSAGE][INFO] - Finding web element with id: 'Object Repository/Filtreler/Basliklar' located by 'By.cssSelector: .control-label.col-sm-4.paddingMarginRLC' in '10' second(s)

2021-11-23 16:53:07 - [MESSAGE][INFO] - Smart Wait Function is triggered

2021-11-23 16:53:07 - [MESSAGE][INFO] - Found 13 web elements with id: 'Object Repository/Filtreler/Basliklar' located by 'By.cssSelector: .control-label.col-sm-4.paddingMarginRLC' in '10' second(s)

2021-11-23 16:53:07 - [MESSAGE][PASSED] - Method.TextDegerineEsitElementVarMi is PASSED

2021-11-23 16:53:07 - [MESSAGE][PASSED] - Call Test Case 'Test Cases/Filtreler/FiltreVarMi' successfully

2021-11-23 16:53:07 - [MESSAGE][INFO] - Checking called Test Case

2021-11-23 16:53:07 - [MESSAGE][INFO] - Starting to call Test Case 'Test Cases/Filtreler/FiltreVarMi'

2021-11-23 16:53:07 - [TEST_CASE][PASSED] - Test Cases/Filtreler/FiltreVarMi: Test Cases/Filtreler/FiltreVarMi

2021-11-23 16:53:07 - [TEST_STEP][PASSED] - Method.TextDegerineEsitElementVarMi(findTestObject("Filtreler/Basliklar"), Filtre_alan): Method.TextDegerineEsitElementVarMi is PASSED

2021-11-23 16:53:07 - [MESSAGE][INFO] - Finding Test Object 'Object Repository/Filtreler/Basliklar'

2021-11-23 16:53:07 - [MESSAGE][INFO] - Checking timeout

2021-11-23 16:53:07 - [MESSAGE][INFO] - Finding web element with id: 'Object Repository/Filtreler/Basliklar' located by 'By.cssSelector: .control-label.col-sm-4.paddingMarginRLC' in '10' second(s)

2021-11-23 16:53:07 - [MESSAGE][INFO] - Smart Wait Function is triggered

2021-11-23 16:53:07 - [MESSAGE][INFO] - Found 13 web elements with id: 'Object Repository/Filtreler/Basliklar' located by 'By.cssSelector: .control-label.col-sm-4.paddingMarginRLC' in '10' second(s)

2021-11-23 16:53:08 - [MESSAGE][PASSED] - Method.TextDegerineEsitElementVarMi is PASSED

2021-11-23 16:53:08 - [MESSAGE][PASSED] - Call Test Case 'Test Cases/Filtreler/FiltreVarMi' successfully

2021-11-23 16:53:08 - [MESSAGE][INFO] - Checking called Test Case

2021-11-23 16:53:08 - [MESSAGE][INFO] - Starting to call Test Case 'Test Cases/Filtreler/ButonVarMi'

2021-11-23 16:53:08 - [TEST_CASE][PASSED] - Test Cases/Filtreler/ButonVarMi: Test Cases/Filtreler/ButonVarMi

2021-11-23 16:53:08 - [TEST_STEP][PASSED] - Method.TextDegerineEsitElementVarMi(findTestObject("Filtreler/Butonlar"), Filtre_Buton): Method.TextDegerineEsitElementVarMi is PASSED

2021-11-23 16:53:08 - [MESSAGE][INFO] - Finding Test Object 'Object Repository/Filtreler/Butonlar'

2021-11-23 16:53:08 - [MESSAGE][INFO] - Checking timeout

2021-11-23 16:53:08 - [MESSAGE][INFO] - Finding web element with id: 'Object Repository/Filtreler/Butonlar' located by 'By.cssSelector: .dxb>span' in '10' second(s)

2021-11-23 16:53:08 - [MESSAGE][INFO] - Smart Wait Function is triggered

2021-11-23 16:53:08 - [MESSAGE][INFO] - Found 3 web elements with id: 'Object Repository/Filtreler/Butonlar' located by 'By.cssSelector: .dxb>span' in '10' second(s)

2021-11-23 16:53:08 - [MESSAGE][PASSED] - Method.TextDegerineEsitElementVarMi is PASSED

2021-11-23 16:53:08 - [MESSAGE][PASSED] - Call Test Case 'Test Cases/Filtreler/ButonVarMi' successfully

2021-11-23 16:53:08 - [MESSAGE][INFO] - Checking called Test Case

2021-11-23 16:53:08 - [MESSAGE][INFO] - Starting to call Test Case 'Test Cases/Filtreler/ButonVarMi'

2021-11-23 16:53:08 - [TEST_CASE][PASSED] - Test Cases/Filtreler/ButonVarMi: Test Cases/Filtreler/ButonVarMi

2021-11-23 16:53:08 - [TEST_STEP][PASSED] - Method.TextDegerineEsitElementVarMi(findTestObject("Filtreler/Butonlar"), Filtre_Buton): Method.TextDegerineEsitElementVarMi is PASSED

2021-11-23 16:53:08 - [MESSAGE][INFO] - Finding Test Object 'Object Repository/Filtreler/Butonlar'

2021-11-23 16:53:08 - [MESSAGE][INFO] - Checking timeout

2021-11-23 16:53:08 - [MESSAGE][INFO] - Finding web element with id: 'Object Repository/Filtreler/Butonlar' located by 'By.cssSelector: .dxb>span' in '10' second(s)

2021-11-23 16:53:08 - [MESSAGE][INFO] - Smart Wait Function is triggered

2021-11-23 16:53:08 - [MESSAGE][INFO] - Found 3 web elements with id: 'Object Repository/Filtreler/Butonlar' located by 'By.cssSelector: .dxb>span' in '10' second(s)

2021-11-23 16:53:08 - [MESSAGE][PASSED] - Method.TextDegerineEsitElementVarMi is PASSED

2021-11-23 16:53:08 - [MESSAGE][PASSED] - Call Test Case 'Test Cases/Filtreler/ButonVarMi' successfully

2021-11-23 16:53:08 - [MESSAGE][INFO] - Checking called Test Case

2021-11-23 16:53:08 - [MESSAGE][INFO] - Starting to call Test Case 'Test Cases/Filtreler/ButonVarMi'

2021-11-23 16:53:08 - [TEST_CASE][PASSED] - Test Cases/Filtreler/ButonVarMi: Test Cases/Filtreler/ButonVarMi

2021-11-23 16:53:08 - [TEST_STEP][PASSED] - Method.TextDegerineEsitElementVarMi(findTestObject("Filtreler/Butonlar"), Filtre_Buton): Method.TextDegerineEsitElementVarMi is PASSED

2021-11-23 16:53:08 - [MESSAGE][INFO] - Finding Test Object 'Object Repository/Filtreler/Butonlar'

2021-11-23 16:53:09 - [MESSAGE][INFO] - Checking timeout

2021-11-23 16:53:09 - [MESSAGE][INFO] - Finding web element with id: 'Object Repository/Filtreler/Butonlar' located by 'By.cssSelector: .dxb>span' in '10' second(s)

2021-11-23 16:53:09 - [MESSAGE][INFO] - Smart Wait Function is triggered

2021-11-23 16:53:09 - [MESSAGE][INFO] - Found 3 web elements with id: 'Object Repository/Filtreler/Butonlar' located by 'By.cssSelector: .dxb>span' in '10' second(s)

2021-11-23 16:53:09 - [MESSAGE][PASSED] - Method.TextDegerineEsitElementVarMi is PASSED

2021-11-23 16:53:09 - [MESSAGE][PASSED] - Call Test Case 'Test Cases/Filtreler/ButonVarMi' successfully

2021-11-23 16:53:09 - [MESSAGE][INFO] - Checking called Test Case

2021-11-23 16:53:09 - [MESSAGE][INFO] - Starting to call Test Case 'Test Cases/Butonlar/ButonVarMi'

2021-11-23 16:53:09 - [TEST_CASE][PASSED] - Test Cases/Butonlar/ButonVarMi: Test Cases/Butonlar/ButonVarMi

2021-11-23 16:53:09 - [TEST_STEP][PASSED] - Method.TextDegerineEsitElementVarMi(findTestObject("Butonlar/Butonlar"), Buton): Method.TextDegerineEsitElementVarMi is PASSED

2021-11-23 16:53:09 - [MESSAGE][INFO] - Finding Test Object 'Object Repository/Butonlar/Butonlar'

2021-11-23 16:53:09 - [MESSAGE][INFO] - Checking timeout

2021-11-23 16:53:09 - [MESSAGE][INFO] - Finding web element with id: 'Object Repository/Butonlar/Butonlar' located by 'By.cssSelector: .panel.panel-default.text-center.footerPanel .btn,.btn.btn-primary.btnControls' in '10' second(s)

2021-11-23 16:53:09 - [MESSAGE][INFO] - Smart Wait Function is triggered

2021-11-23 16:53:09 - [MESSAGE][INFO] - Found 11 web elements with id: 'Object Repository/Butonlar/Butonlar' located by 'By.cssSelector: .panel.panel-default.text-center.footerPanel .btn,.btn.btn-primary.btnControls' in '10' second(s)

2021-11-23 16:53:09 - [MESSAGE][PASSED] - Method.TextDegerineEsitElementVarMi is PASSED

2021-11-23 16:53:09 - [MESSAGE][PASSED] - Call Test Case 'Test Cases/Butonlar/ButonVarMi' successfully

2021-11-23 16:53:09 - [MESSAGE][INFO] - Checking called Test Case

2021-11-23 16:53:09 - [MESSAGE][INFO] - Starting to call Test Case 'Test Cases/Butonlar/ButonVarMi'

2021-11-23 16:53:09 - [TEST_CASE][PASSED] - Test Cases/Butonlar/ButonVarMi: Test Cases/Butonlar/ButonVarMi

2021-11-23 16:53:09 - [TEST_STEP][PASSED] - Method.TextDegerineEsitElementVarMi(findTestObject("Butonlar/Butonlar"), Buton): Method.TextDegerineEsitElementVarMi is PASSED

2021-11-23 16:53:09 - [MESSAGE][INFO] - Finding Test Object 'Object Repository/Butonlar/Butonlar'

2021-11-23 16:53:09 - [MESSAGE][INFO] - Checking timeout

2021-11-23 16:53:09 - [MESSAGE][INFO] - Finding web element with id: 'Object Repository/Butonlar/Butonlar' located by 'By.cssSelector: .panel.panel-default.text-center.footerPanel .btn,.btn.btn-primary.btnControls' in '10' second(s)

2021-11-23 16:53:09 - [MESSAGE][INFO] - Smart Wait Function is triggered

2021-11-23 16:53:10 - [MESSAGE][INFO] - Found 11 web elements with id: 'Object Repository/Butonlar/Butonlar' located by 'By.cssSelector: .panel.panel-default.text-center.footerPanel .btn,.btn.btn-primary.btnControls' in '10' second(s)

2021-11-23 16:53:10 - [MESSAGE][PASSED] - Method.TextDegerineEsitElementVarMi is PASSED

2021-11-23 16:53:10 - [MESSAGE][PASSED] - Call Test Case 'Test Cases/Butonlar/ButonVarMi' successfully

2021-11-23 16:53:10 - [MESSAGE][INFO] - Checking called Test Case

2021-11-23 16:53:10 - [MESSAGE][INFO] - Starting to call Test Case 'Test Cases/Butonlar/ButonVarMi'

2021-11-23 16:53:10 - [TEST_CASE][PASSED] - Test Cases/Butonlar/ButonVarMi: Test Cases/Butonlar/ButonVarMi

2021-11-23 16:53:10 - [TEST_STEP][PASSED] - Method.TextDegerineEsitElementVarMi(findTestObject("Butonlar/Butonlar"), Buton): Method.TextDegerineEsitElementVarMi is PASSED

2021-11-23 16:53:10 - [MESSAGE][INFO] - Finding Test Object 'Object Repository/Butonlar/Butonlar'

2021-11-23 16:53:10 - [MESSAGE][INFO] - Checking timeout

2021-11-23 16:53:10 - [MESSAGE][INFO] - Finding web element with id: 'Object Repository/Butonlar/Butonlar' located by 'By.cssSelector: .panel.panel-default.text-center.footerPanel .btn,.btn.btn-primary.btnControls' in '10' second(s)

2021-11-23 16:53:10 - [MESSAGE][INFO] - Smart Wait Function is triggered

2021-11-23 16:53:10 - [MESSAGE][INFO] - Found 11 web elements with id: 'Object Repository/Butonlar/Butonlar' located by 'By.cssSelector: .panel.panel-default.text-center.footerPanel .btn,.btn.btn-primary.btnControls' in '10' second(s)

2021-11-23 16:53:10 - [MESSAGE][PASSED] - Method.TextDegerineEsitElementVarMi is PASSED

2021-11-23 16:53:10 - [MESSAGE][PASSED] - Call Test Case 'Test Cases/Butonlar/ButonVarMi' successfully

2021-11-23 16:53:10 - [MESSAGE][INFO] - Checking called Test Case

2021-11-23 16:53:10 - [MESSAGE][INFO] - Starting to call Test Case 'Test Cases/Butonlar/ButonVarMi'

2021-11-23 16:53:10 - [TEST_CASE][PASSED] - Test Cases/Butonlar/ButonVarMi: Test Cases/Butonlar/ButonVarMi

2021-11-23 16:53:10 - [TEST_STEP][PASSED] - Method.TextDegerineEsitElementVarMi(findTestObject("Butonlar/Butonlar"), Buton): Method.TextDegerineEsitElementVarMi is PASSED

2021-11-23 16:53:10 - [MESSAGE][INFO] - Finding Test Object 'Object Repository/Butonlar/Butonlar'

2021-11-23 16:53:10 - [MESSAGE][INFO] - Checking timeout

2021-11-23 16:53:10 - [MESSAGE][INFO] - Finding web element with id: 'Object Repository/Butonlar/Butonlar' located by 'By.cssSelector: .panel.panel-default.text-center.footerPanel .btn,.btn.btn-primary.btnControls' in '10' second(s)

2021-11-23 16:53:10 - [MESSAGE][INFO] - Smart Wait Function is triggered

2021-11-23 16:53:11 - [MESSAGE][INFO] - Found 11 web elements with id: 'Object Repository/Butonlar/Butonlar' located by 'By.cssSelector: .panel.panel-default.text-center.footerPanel .btn,.btn.btn-primary.btnControls' in '10' second(s)

2021-11-23 16:53:11 - [MESSAGE][PASSED] - Method.TextDegerineEsitElementVarMi is PASSED

2021-11-23 16:53:11 - [MESSAGE][PASSED] - Call Test Case 'Test Cases/Butonlar/ButonVarMi' successfully

2021-11-23 16:53:11 - [MESSAGE][INFO] - Checking called Test Case

2021-11-23 16:53:11 - [MESSAGE][INFO] - Starting to call Test Case 'Test Cases/Butonlar/ButonVarMi'

2021-11-23 16:53:11 - [TEST_CASE][PASSED] - Test Cases/Butonlar/ButonVarMi: Test Cases/Butonlar/ButonVarMi

2021-11-23 16:53:11 - [TEST_STEP][PASSED] - Method.TextDegerineEsitElementVarMi(findTestObject("Butonlar/Butonlar"), Buton): Method.TextDegerineEsitElementVarMi is PASSED

2021-11-23 16:53:11 - [MESSAGE][INFO] - Finding Test Object 'Object Repository/Butonlar/Butonlar'

2021-11-23 16:53:11 - [MESSAGE][INFO] - Checking timeout

2021-11-23 16:53:11 - [MESSAGE][INFO] - Finding web element with id: 'Object Repository/Butonlar/Butonlar' located by 'By.cssSelector: .panel.panel-default.text-center.footerPanel .btn,.btn.btn-primary.btnControls' in '10' second(s)

2021-11-23 16:53:11 - [MESSAGE][INFO] - Smart Wait Function is triggered

2021-11-23 16:53:11 - [MESSAGE][INFO] - Found 11 web elements with id: 'Object Repository/Butonlar/Butonlar' located by 'By.cssSelector: .panel.panel-default.text-center.footerPanel .btn,.btn.btn-primary.btnControls' in '10' second(s)

2021-11-23 16:53:11 - [MESSAGE][PASSED] - Method.TextDegerineEsitElementVarMi is PASSED

2021-11-23 16:53:11 - [MESSAGE][PASSED] - Call Test Case 'Test Cases/Butonlar/ButonVarMi' successfully

2021-11-23 16:53:11 - [MESSAGE][INFO] - Checking called Test Case

2021-11-23 16:53:11 - [MESSAGE][INFO] - Starting to call Test Case 'Test Cases/Butonlar/ButonVarMi'

2021-11-23 16:53:11 - [TEST_CASE][PASSED] - Test Cases/Butonlar/ButonVarMi: Test Cases/Butonlar/ButonVarMi

2021-11-23 16:53:11 - [TEST_STEP][PASSED] - Method.TextDegerineEsitElementVarMi(findTestObject("Butonlar/Butonlar"), Buton): Method.TextDegerineEsitElementVarMi is PASSED

2021-11-23 16:53:11 - [MESSAGE][INFO] - Finding Test Object 'Object Repository/Butonlar/Butonlar'

2021-11-23 16:53:11 - [MESSAGE][INFO] - Checking timeout

2021-11-23 16:53:11 - [MESSAGE][INFO] - Finding web element with id: 'Object Repository/Butonlar/Butonlar' located by 'By.cssSelector: .panel.panel-default.text-center.footerPanel .btn,.btn.btn-primary.btnControls' in '10' second(s)

2021-11-23 16:53:11 - [MESSAGE][INFO] - Smart Wait Function is triggered

2021-11-23 16:53:11 - [MESSAGE][INFO] - Found 11 web elements with id: 'Object Repository/Butonlar/Butonlar' located by 'By.cssSelector: .panel.panel-default.text-center.footerPanel .btn,.btn.btn-primary.btnControls' in '10' second(s)

2021-11-23 16:53:11 - [MESSAGE][PASSED] - Method.TextDegerineEsitElementVarMi is PASSED

2021-11-23 16:53:11 - [MESSAGE][PASSED] - Call Test Case 'Test Cases/Butonlar/ButonVarMi' successfully

2021-11-23 16:53:11 - [MESSAGE][INFO] - Checking called Test Case

2021-11-23 16:53:11 - [MESSAGE][INFO] - Starting to call Test Case 'Test Cases/Butonlar/ButonVarMi'

2021-11-23 16:53:11 - [TEST_CASE][PASSED] - Test Cases/Butonlar/ButonVarMi: Test Cases/Butonlar/ButonVarMi

2021-11-23 16:53:11 - [TEST_STEP][PASSED] - Method.TextDegerineEsitElementVarMi(findTestObject("Butonlar/Butonlar"), Buton): Method.TextDegerineEsitElementVarMi is PASSED

2021-11-23 16:53:11 - [MESSAGE][INFO] - Finding Test Object 'Object Repository/Butonlar/Butonlar'

2021-11-23 16:53:12 - [MESSAGE][INFO] - Checking timeout

2021-11-23 16:53:12 - [MESSAGE][INFO] - Finding web element with id: 'Object Repository/Butonlar/Butonlar' located by 'By.cssSelector: .panel.panel-default.text-center.footerPanel .btn,.btn.btn-primary.btnControls' in '10' second(s)

2021-11-23 16:53:12 - [MESSAGE][INFO] - Smart Wait Function is triggered

2021-11-23 16:53:12 - [MESSAGE][INFO] - Found 11 web elements with id: 'Object Repository/Butonlar/Butonlar' located by 'By.cssSelector: .panel.panel-default.text-center.footerPanel .btn,.btn.btn-primary.btnControls' in '10' second(s)

2021-11-23 16:53:12 - [MESSAGE][PASSED] - Method.TextDegerineEsitElementVarMi is PASSED

2021-11-23 16:53:12 - [MESSAGE][PASSED] - Call Test Case 'Test Cases/Butonlar/ButonVarMi' successfully

2021-11-23 16:53:12 - [MESSAGE][INFO] - Checking called Test Case

2021-11-23 16:53:12 - [MESSAGE][INFO] - Starting to call Test Case 'Test Cases/Butonlar/ButonVarMi'

2021-11-23 16:53:12 - [TEST_CASE][PASSED] - Test Cases/Butonlar/ButonVarMi: Test Cases/Butonlar/ButonVarMi

2021-11-23 16:53:12 - [TEST_STEP][PASSED] - Method.TextDegerineEsitElementVarMi(findTestObject("Butonlar/Butonlar"), Buton): Method.TextDegerineEsitElementVarMi is PASSED

2021-11-23 16:53:12 - [MESSAGE][INFO] - Finding Test Object 'Object Repository/Butonlar/Butonlar'

2021-11-23 16:53:12 - [MESSAGE][INFO] - Checking timeout

2021-11-23 16:53:12 - [MESSAGE][INFO] - Finding web element with id: 'Object Repository/Butonlar/Butonlar' located by 'By.cssSelector: .panel.panel-default.text-center.footerPanel .btn,.btn.btn-primary.btnControls' in '10' second(s)

2021-11-23 16:53:12 - [MESSAGE][INFO] - Smart Wait Function is triggered

2021-11-23 16:53:12 - [MESSAGE][INFO] - Found 11 web elements with id: 'Object Repository/Butonlar/Butonlar' located by 'By.cssSelector: .panel.panel-default.text-center.footerPanel .btn,.btn.btn-primary.btnControls' in '10' second(s)

2021-11-23 16:53:13 - [MESSAGE][PASSED] - Method.TextDegerineEsitElementVarMi is PASSED

2021-11-23 16:53:13 - [MESSAGE][PASSED] - Call Test Case 'Test Cases/Butonlar/ButonVarMi' successfully

2021-11-23 16:53:13 - [MESSAGE][INFO] - Checking called Test Case

2021-11-23 16:53:13 - [MESSAGE][INFO] - Starting to call Test Case 'Test Cases/Butonlar/ButonVarMi'

2021-11-23 16:53:13 - [TEST_CASE][PASSED] - Test Cases/Butonlar/ButonVarMi: Test Cases/Butonlar/ButonVarMi

2021-11-23 16:53:13 - [TEST_STEP][PASSED] - Method.TextDegerineEsitElementVarMi(findTestObject("Butonlar/Butonlar"), Buton): Method.TextDegerineEsitElementVarMi is PASSED

2021-11-23 16:53:13 - [MESSAGE][INFO] - Finding Test Object 'Object Repository/Butonlar/Butonlar'

2021-11-23 16:53:13 - [MESSAGE][INFO] - Checking timeout

2021-11-23 16:53:13 - [MESSAGE][INFO] - Finding web element with id: 'Object Repository/Butonlar/Butonlar' located by 'By.cssSelector: .panel.panel-default.text-center.footerPanel .btn,.btn.btn-primary.btnControls' in '10' second(s)

2021-11-23 16:53:13 - [MESSAGE][INFO] - Smart Wait Function is triggered

2021-11-23 16:53:13 - [MESSAGE][INFO] - Found 11 web elements with id: 'Object Repository/Butonlar/Butonlar' located by 'By.cssSelector: .panel.panel-default.text-center.footerPanel .btn,.btn.btn-primary.btnControls' in '10' second(s)

2021-11-23 16:53:13 - [MESSAGE][PASSED] - Method.TextDegerineEsitElementVarMi is PASSED

2021-11-23 16:53:13 - [MESSAGE][PASSED] - Call Test Case 'Test Cases/Butonlar/ButonVarMi' successfully

2021-11-23 16:53:13 - [MESSAGE][INFO] - Checking called Test Case

2021-11-23 16:53:13 - [MESSAGE][INFO] - Starting to call Test Case 'Test Cases/Butonlar/ButonaTikla'

2021-11-23 16:53:13 - [TEST_CASE][PASSED] - Test Cases/Butonlar/ButonaTikla: Test Cases/Butonlar/ButonaTikla

2021-11-23 16:53:13 - [TEST_STEP][PASSED] - Method.TextDegerineEsitElementeTiklaEquals(findTestObject("Butonlar/Butonlar"), Buton_Adi): Method.TextDegerineEsitElementeTiklaEquals is PASSED

2021-11-23 16:53:13 - [MESSAGE][INFO] - Finding Test Object 'Object Repository/Butonlar/Butonlar'

2021-11-23 16:53:13 - [MESSAGE][INFO] - Checking timeout

2021-11-23 16:53:13 - [MESSAGE][INFO] - Finding web element with id: 'Object Repository/Butonlar/Butonlar' located by 'By.cssSelector: .panel.panel-default.text-center.footerPanel .btn,.btn.btn-primary.btnControls' in '10' second(s)

2021-11-23 16:53:13 - [MESSAGE][INFO] - Smart Wait Function is triggered

2021-11-23 16:53:14 - [MESSAGE][INFO] - Found 11 web elements with id: 'Object Repository/Butonlar/Butonlar' located by 'By.cssSelector: .panel.panel-default.text-center.footerPanel .btn,.btn.btn-primary.btnControls' in '10' second(s)

2021-11-23 16:53:14 - [MESSAGE][PASSED] - Method.TextDegerineEsitElementeTiklaEquals is PASSED

2021-11-23 16:53:14 - [MESSAGE][PASSED] - Call Test Case 'Test Cases/Butonlar/ButonaTikla' successfully

2021-11-23 16:53:14 - [MESSAGE][INFO] - Checking called Test Case

2021-11-23 16:53:14 - [MESSAGE][INFO] - Starting to call Test Case 'Test Cases/Butonlar/AltButonVarMi'

2021-11-23 16:53:14 - [TEST_CASE][PASSED] - Test Cases/Butonlar/AltButonVarMi: Test Cases/Butonlar/AltButonVarMi

2021-11-23 16:53:14 - [TEST_STEP][PASSED] - Method.TextDegerineEsitElementVarMi(findTestObject("Butonlar/AltButonlar"), AltButon): Method.TextDegerineEsitElementVarMi is PASSED

2021-11-23 16:53:14 - [MESSAGE][INFO] - Finding Test Object 'Object Repository/Butonlar/AltButonlar'

2021-11-23 16:53:14 - [MESSAGE][INFO] - Checking timeout

2021-11-23 16:53:14 - [MESSAGE][INFO] - Finding web element with id: 'Object Repository/Butonlar/AltButonlar' located by 'By.cssSelector: .btn-group.open li>a' in '10' second(s)

2021-11-23 16:53:14 - [MESSAGE][INFO] - Smart Wait Function is triggered

2021-11-23 16:53:14 - [MESSAGE][INFO] - Found 2 web elements with id: 'Object Repository/Butonlar/AltButonlar' located by 'By.cssSelector: .btn-group.open li>a' in '10' second(s)

2021-11-23 16:53:14 - [MESSAGE][PASSED] - Method.TextDegerineEsitElementVarMi is PASSED

2021-11-23 16:53:14 - [MESSAGE][PASSED] - Call Test Case 'Test Cases/Butonlar/AltButonVarMi' successfully

2021-11-23 16:53:14 - [MESSAGE][INFO] - Checking called Test Case

2021-11-23 16:53:14 - [MESSAGE][INFO] - Starting to call Test Case 'Test Cases/Butonlar/AltButonVarMi'

2021-11-23 16:53:14 - [TEST_CASE][PASSED] - Test Cases/Butonlar/AltButonVarMi: Test Cases/Butonlar/AltButonVarMi

2021-11-23 16:53:14 - [TEST_STEP][PASSED] - Method.TextDegerineEsitElementVarMi(findTestObject("Butonlar/AltButonlar"), AltButon): Method.TextDegerineEsitElementVarMi is PASSED

2021-11-23 16:53:14 - [MESSAGE][INFO] - Finding Test Object 'Object Repository/Butonlar/AltButonlar'

2021-11-23 16:53:15 - [MESSAGE][INFO] - Checking timeout

2021-11-23 16:53:15 - [MESSAGE][INFO] - Finding web element with id: 'Object Repository/Butonlar/AltButonlar' located by 'By.cssSelector: .btn-group.open li>a' in '10' second(s)

2021-11-23 16:53:15 - [MESSAGE][INFO] - Smart Wait Function is triggered

2021-11-23 16:53:15 - [MESSAGE][INFO] - Found 2 web elements with id: 'Object Repository/Butonlar/AltButonlar' located by 'By.cssSelector: .btn-group.open li>a' in '10' second(s)

2021-11-23 16:53:15 - [MESSAGE][PASSED] - Method.TextDegerineEsitElementVarMi is PASSED

2021-11-23 16:53:15 - [MESSAGE][PASSED] - Call Test Case 'Test Cases/Butonlar/AltButonVarMi' successfully

2021-11-23 16:53:15 - [MESSAGE][INFO] - Checking called Test Case

2021-11-23 16:53:15 - [MESSAGE][INFO] - Starting to call Test Case 'Test Cases/Butonlar/ButonaTikla'

2021-11-23 16:53:15 - [TEST_CASE][PASSED] - Test Cases/Butonlar/ButonaTikla: Test Cases/Butonlar/ButonaTikla

2021-11-23 16:53:15 - [TEST_STEP][PASSED] - Method.TextDegerineEsitElementeTiklaEquals(findTestObject("Butonlar/Butonlar"), Buton_Adi): Method.TextDegerineEsitElementeTiklaEquals is PASSED

2021-11-23 16:53:15 - [MESSAGE][INFO] - Finding Test Object 'Object Repository/Butonlar/Butonlar'

2021-11-23 16:53:15 - [MESSAGE][INFO] - Checking timeout

2021-11-23 16:53:15 - [MESSAGE][INFO] - Finding web element with id: 'Object Repository/Butonlar/Butonlar' located by 'By.cssSelector: .panel.panel-default.text-center.footerPanel .btn,.btn.btn-primary.btnControls' in '10' second(s)

2021-11-23 16:53:15 - [MESSAGE][INFO] - Smart Wait Function is triggered

2021-11-23 16:53:15 - [MESSAGE][INFO] - Found 11 web elements with id: 'Object Repository/Butonlar/Butonlar' located by 'By.cssSelector: .panel.panel-default.text-center.footerPanel .btn,.btn.btn-primary.btnControls' in '10' second(s)

2021-11-23 16:53:15 - [MESSAGE][PASSED] - Method.TextDegerineEsitElementeTiklaEquals is PASSED

2021-11-23 16:53:15 - [MESSAGE][PASSED] - Call Test Case 'Test Cases/Butonlar/ButonaTikla' successfully

2021-11-23 16:53:15 - [MESSAGE][INFO] - Checking called Test Case

2021-11-23 16:53:15 - [MESSAGE][INFO] - Starting to call Test Case 'Test Cases/Butonlar/AltButonVarMi'

2021-11-23 16:53:15 - [TEST_CASE][PASSED] - Test Cases/Butonlar/AltButonVarMi: Test Cases/Butonlar/AltButonVarMi

2021-11-23 16:53:15 - [TEST_STEP][PASSED] - Method.TextDegerineEsitElementVarMi(findTestObject("Butonlar/AltButonlar"), AltButon): Method.TextDegerineEsitElementVarMi is PASSED

2021-11-23 16:53:15 - [MESSAGE][INFO] - Finding Test Object 'Object Repository/Butonlar/AltButonlar'

2021-11-23 16:53:16 - [MESSAGE][INFO] - Checking timeout

2021-11-23 16:53:16 - [MESSAGE][INFO] - Finding web element with id: 'Object Repository/Butonlar/AltButonlar' located by 'By.cssSelector: .btn-group.open li>a' in '10' second(s)

2021-11-23 16:53:16 - [MESSAGE][INFO] - Smart Wait Function is triggered

2021-11-23 16:53:16 - [MESSAGE][INFO] - Found 4 web elements with id: 'Object Repository/Butonlar/AltButonlar' located by 'By.cssSelector: .btn-group.open li>a' in '10' second(s)

2021-11-23 16:53:16 - [MESSAGE][PASSED] - Method.TextDegerineEsitElementVarMi is PASSED

2021-11-23 16:53:16 - [MESSAGE][PASSED] - Call Test Case 'Test Cases/Butonlar/AltButonVarMi' successfully

2021-11-23 16:53:16 - [MESSAGE][INFO] - Checking called Test Case

2021-11-23 16:53:16 - [MESSAGE][INFO] - Starting to call Test Case 'Test Cases/Butonlar/AltButonVarMi'

2021-11-23 16:53:16 - [TEST_CASE][PASSED] - Test Cases/Butonlar/AltButonVarMi: Test Cases/Butonlar/AltButonVarMi

2021-11-23 16:53:16 - [TEST_STEP][PASSED] - Method.TextDegerineEsitElementVarMi(findTestObject("Butonlar/AltButonlar"), AltButon): Method.TextDegerineEsitElementVarMi is PASSED

2021-11-23 16:53:16 - [MESSAGE][INFO] - Finding Test Object 'Object Repository/Butonlar/AltButonlar'

2021-11-23 16:53:16 - [MESSAGE][INFO] - Checking timeout

2021-11-23 16:53:16 - [MESSAGE][INFO] - Finding web element with id: 'Object Repository/Butonlar/AltButonlar' located by 'By.cssSelector: .btn-group.open li>a' in '10' second(s)

2021-11-23 16:53:16 - [MESSAGE][INFO] - Smart Wait Function is triggered

2021-11-23 16:53:16 - [MESSAGE][INFO] - Found 4 web elements with id: 'Object Repository/Butonlar/AltButonlar' located by 'By.cssSelector: .btn-group.open li>a' in '10' second(s)

2021-11-23 16:53:16 - [MESSAGE][PASSED] - Method.TextDegerineEsitElementVarMi is PASSED

2021-11-23 16:53:16 - [MESSAGE][PASSED] - Call Test Case 'Test Cases/Butonlar/AltButonVarMi' successfully

2021-11-23 16:53:16 - [MESSAGE][INFO] - Checking called Test Case

2021-11-23 16:53:16 - [MESSAGE][INFO] - Starting to call Test Case 'Test Cases/Butonlar/ButonaTikla'

2021-11-23 16:53:16 - [TEST_CASE][PASSED] - Test Cases/Butonlar/ButonaTikla: Test Cases/Butonlar/ButonaTikla

2021-11-23 16:53:16 - [TEST_STEP][PASSED] - Method.TextDegerineEsitElementeTiklaEquals(findTestObject("Butonlar/Butonlar"), Buton_Adi): Method.TextDegerineEsitElementeTiklaEquals is PASSED

2021-11-23 16:53:16 - [MESSAGE][INFO] - Finding Test Object 'Object Repository/Butonlar/Butonlar'

2021-11-23 16:53:16 - [MESSAGE][INFO] - Checking timeout

2021-11-23 16:53:16 - [MESSAGE][INFO] - Finding web element with id: 'Object Repository/Butonlar/Butonlar' located by 'By.cssSelector: .panel.panel-default.text-center.footerPanel .btn,.btn.btn-primary.btnControls' in '10' second(s)

2021-11-23 16:53:16 - [MESSAGE][INFO] - Smart Wait Function is triggered

2021-11-23 16:53:17 - [MESSAGE][INFO] - Found 11 web elements with id: 'Object Repository/Butonlar/Butonlar' located by 'By.cssSelector: .panel.panel-default.text-center.footerPanel .btn,.btn.btn-primary.btnControls' in '10' second(s)

2021-11-23 16:53:17 - [MESSAGE][PASSED] - Method.TextDegerineEsitElementeTiklaEquals is PASSED

2021-11-23 16:53:17 - [MESSAGE][PASSED] - Call Test Case 'Test Cases/Butonlar/ButonaTikla' successfully

2021-11-23 16:53:17 - [MESSAGE][INFO] - Checking called Test Case

2021-11-23 16:53:17 - [MESSAGE][INFO] - Starting to call Test Case 'Test Cases/Butonlar/AltButonVarMi'

2021-11-23 16:53:17 - [TEST_CASE][PASSED] - Test Cases/Butonlar/AltButonVarMi: Test Cases/Butonlar/AltButonVarMi

2021-11-23 16:53:17 - [TEST_STEP][PASSED] - Method.TextDegerineEsitElementVarMi(findTestObject("Butonlar/AltButonlar"), AltButon): Method.TextDegerineEsitElementVarMi is PASSED

2021-11-23 16:53:17 - [MESSAGE][INFO] - Finding Test Object 'Object Repository/Butonlar/AltButonlar'

2021-11-23 16:53:17 - [MESSAGE][INFO] - Checking timeout

2021-11-23 16:53:17 - [MESSAGE][INFO] - Finding web element with id: 'Object Repository/Butonlar/AltButonlar' located by 'By.cssSelector: .btn-group.open li>a' in '10' second(s)

2021-11-23 16:53:17 - [MESSAGE][INFO] - Smart Wait Function is triggered

2021-11-23 16:53:17 - [MESSAGE][INFO] - Found 2 web elements with id: 'Object Repository/Butonlar/AltButonlar' located by 'By.cssSelector: .btn-group.open li>a' in '10' second(s)

2021-11-23 16:53:17 - [MESSAGE][PASSED] - Method.TextDegerineEsitElementVarMi is PASSED

2021-11-23 16:53:17 - [MESSAGE][PASSED] - Call Test Case 'Test Cases/Butonlar/AltButonVarMi' successfully

2021-11-23 16:53:17 - [MESSAGE][INFO] - Checking called Test Case

2021-11-23 16:53:17 - [MESSAGE][INFO] - Starting to call Test Case 'Test Cases/Butonlar/AltButonVarMi'

2021-11-23 16:53:17 - [TEST_CASE][PASSED] - Test Cases/Butonlar/AltButonVarMi: Test Cases/Butonlar/AltButonVarMi

2021-11-23 16:53:17 - [TEST_STEP][PASSED] - Method.TextDegerineEsitElementVarMi(findTestObject("Butonlar/AltButonlar"), AltButon): Method.TextDegerineEsitElementVarMi is PASSED

2021-11-23 16:53:17 - [MESSAGE][INFO] - Finding Test Object 'Object Repository/Butonlar/AltButonlar'

2021-11-23 16:53:17 - [MESSAGE][INFO] - Checking timeout

2021-11-23 16:53:17 - [MESSAGE][INFO] - Finding web element with id: 'Object Repository/Butonlar/AltButonlar' located by 'By.cssSelector: .btn-group.open li>a' in '10' second(s)

2021-11-23 16:53:17 - [MESSAGE][INFO] - Smart Wait Function is triggered

2021-11-23 16:53:18 - [MESSAGE][INFO] - Found 2 web elements with id: 'Object Repository/Butonlar/AltButonlar' located by 'By.cssSelector: .btn-group.open li>a' in '10' second(s)

2021-11-23 16:53:18 - [MESSAGE][PASSED] - Method.TextDegerineEsitElementVarMi is PASSED

2021-11-23 16:53:18 - [MESSAGE][PASSED] - Call Test Case 'Test Cases/Butonlar/AltButonVarMi' successfully

2021-11-23 16:53:18 - [MESSAGE][INFO] - Checking called Test Case

2021-11-23 16:53:18 - [MESSAGE][INFO] - Starting to call Test Case 'Test Cases/Butonlar/ButonaTikla'

2021-11-23 16:53:18 - [TEST_CASE][PASSED] - Test Cases/Butonlar/ButonaTikla: Test Cases/Butonlar/ButonaTikla

2021-11-23 16:53:18 - [TEST_STEP][PASSED] - Method.TextDegerineEsitElementeTiklaEquals(findTestObject("Butonlar/Butonlar"), Buton_Adi): Method.TextDegerineEsitElementeTiklaEquals is PASSED

2021-11-23 16:53:18 - [MESSAGE][INFO] - Finding Test Object 'Object Repository/Butonlar/Butonlar'

2021-11-23 16:53:18 - [MESSAGE][INFO] - Checking timeout

2021-11-23 16:53:18 - [MESSAGE][INFO] - Finding web element with id: 'Object Repository/Butonlar/Butonlar' located by 'By.cssSelector: .panel.panel-default.text-center.footerPanel .btn,.btn.btn-primary.btnControls' in '10' second(s)

2021-11-23 16:53:18 - [MESSAGE][INFO] - Smart Wait Function is triggered

2021-11-23 16:53:18 - [MESSAGE][INFO] - Found 11 web elements with id: 'Object Repository/Butonlar/Butonlar' located by 'By.cssSelector: .panel.panel-default.text-center.footerPanel .btn,.btn.btn-primary.btnControls' in '10' second(s)

2021-11-23 16:53:18 - [MESSAGE][PASSED] - Method.TextDegerineEsitElementeTiklaEquals is PASSED

2021-11-23 16:53:18 - [MESSAGE][PASSED] - Call Test Case 'Test Cases/Butonlar/ButonaTikla' successfully

2021-11-23 16:53:18 - [MESSAGE][INFO] - Checking called Test Case

2021-11-23 16:53:18 - [MESSAGE][INFO] - Starting to call Test Case 'Test Cases/Butonlar/AltButonVarMi'

2021-11-23 16:53:18 - [TEST_CASE][PASSED] - Test Cases/Butonlar/AltButonVarMi: Test Cases/Butonlar/AltButonVarMi

2021-11-23 16:53:18 - [TEST_STEP][PASSED] - Method.TextDegerineEsitElementVarMi(findTestObject("Butonlar/AltButonlar"), AltButon): Method.TextDegerineEsitElementVarMi is PASSED

2021-11-23 16:53:18 - [MESSAGE][INFO] - Finding Test Object 'Object Repository/Butonlar/AltButonlar'

2021-11-23 16:53:18 - [MESSAGE][INFO] - Checking timeout

2021-11-23 16:53:18 - [MESSAGE][INFO] - Finding web element with id: 'Object Repository/Butonlar/AltButonlar' located by 'By.cssSelector: .btn-group.open li>a' in '10' second(s)

2021-11-23 16:53:18 - [MESSAGE][INFO] - Smart Wait Function is triggered

2021-11-23 16:53:19 - [MESSAGE][INFO] - Found 2 web elements with id: 'Object Repository/Butonlar/AltButonlar' located by 'By.cssSelector: .btn-group.open li>a' in '10' second(s)

2021-11-23 16:53:19 - [MESSAGE][PASSED] - Method.TextDegerineEsitElementVarMi is PASSED

2021-11-23 16:53:19 - [MESSAGE][PASSED] - Call Test Case 'Test Cases/Butonlar/AltButonVarMi' successfully

2021-11-23 16:53:19 - [MESSAGE][INFO] - Checking called Test Case

2021-11-23 16:53:19 - [MESSAGE][INFO] - Starting to call Test Case 'Test Cases/Kullanici_Islemleri/KullaniciIslemlerindenSecimYapilir'

2021-11-23 16:53:19 - [TEST_CASE][PASSED] - Test Cases/Kullanici_Islemleri/KullaniciIslemlerindenSecimYapilir: Test Cases/Kullanici_Islemleri/KullaniciIslemlerindenSecimYapilir

2021-11-23 16:53:19 - [TEST_STEP][PASSED] - waitForElementClickable(findTestObject("Object Repository/Kullanici_Islemleri/KullaniciIslemleri"), 10): Object 'Object Repository/Kullanici_Islemleri/KullaniciIslemleri' is clickable

2021-11-23 16:53:19 - [MESSAGE][INFO] - Finding Test Object 'Object Repository/Kullanici_Islemleri/KullaniciIslemleri'

2021-11-23 16:53:19 - [MESSAGE][INFO] - Checking object

2021-11-23 16:53:19 - [MESSAGE][INFO] - Checking timeout

2021-11-23 16:53:19 - [MESSAGE][INFO] - Finding web element from Test Object's properties

2021-11-23 16:53:19 - [MESSAGE][INFO] - Checking timeout

2021-11-23 16:53:19 - [MESSAGE][INFO] - Finding web element with id: 'Object Repository/Kullanici_Islemleri/KullaniciIslemleri' located by 'By.cssSelector: .dropdown>a>img' in '10' second(s)

2021-11-23 16:53:19 - [MESSAGE][INFO] - Smart Wait Function is triggered

2021-11-23 16:53:19 - [MESSAGE][INFO] - Found 1 web elements with id: 'Object Repository/Kullanici_Islemleri/KullaniciIslemleri' located by 'By.cssSelector: .dropdown>a>img' in '10' second(s)

2021-11-23 16:53:19 - [MESSAGE][PASSED] - Object 'Object Repository/Kullanici_Islemleri/KullaniciIslemleri' is clickable

2021-11-23 16:53:19 - [TEST_STEP][PASSED] - click(findTestObject("Object Repository/Kullanici_Islemleri/KullaniciIslemleri")): Object: 'Object Repository/Kullanici_Islemleri/KullaniciIslemleri' is clicked on

2021-11-23 16:53:19 - [MESSAGE][INFO] - Finding Test Object 'Object Repository/Kullanici_Islemleri/KullaniciIslemleri'

2021-11-23 16:53:19 - [MESSAGE][INFO] - Checking object

2021-11-23 16:53:19 - [MESSAGE][INFO] - Finding web element from Test Object's properties

2021-11-23 16:53:19 - [MESSAGE][INFO] - Checking timeout

2021-11-23 16:53:19 - [MESSAGE][INFO] - Finding web element with id: 'Object Repository/Kullanici_Islemleri/KullaniciIslemleri' located by 'By.cssSelector: .dropdown>a>img' in '30' second(s)

2021-11-23 16:53:19 - [MESSAGE][INFO] - Smart Wait Function is triggered

2021-11-23 16:53:20 - [MESSAGE][INFO] - Found 1 web elements with id: 'Object Repository/Kullanici_Islemleri/KullaniciIslemleri' located by 'By.cssSelector: .dropdown>a>img' in '30' second(s)

2021-11-23 16:53:20 - [MESSAGE][INFO] - Clicking on object: 'Object Repository/Kullanici_Islemleri/KullaniciIslemleri'

2021-11-23 16:53:20 - [MESSAGE][PASSED] - Object: 'Object Repository/Kullanici_Islemleri/KullaniciIslemleri' is clicked on

2021-11-23 16:53:20 - [TEST_STEP][PASSED] - Method.TextDegerineEsitElementeTikla(findTestObject("Object Repository/Kullanici_Islemleri/Secenekler"), Islem): Method.TextDegerineEsitElementeTikla is PASSED

2021-11-23 16:53:20 - [MESSAGE][INFO] - Finding Test Object 'Object Repository/Kullanici_Islemleri/Secenekler'

2021-11-23 16:53:20 - [MESSAGE][INFO] - Checking timeout

2021-11-23 16:53:20 - [MESSAGE][INFO] - Finding web element with id: 'Object Repository/Kullanici_Islemleri/Secenekler' located by 'By.cssSelector: .nav.navbar-nav.navbar-right li a' in '10' second(s)

2021-11-23 16:53:20 - [MESSAGE][INFO] - Smart Wait Function is triggered

2021-11-23 16:53:20 - [MESSAGE][INFO] - Found 22 web elements with id: 'Object Repository/Kullanici_Islemleri/Secenekler' located by 'By.cssSelector: .nav.navbar-nav.navbar-right li a' in '10' second(s)

2021-11-23 16:53:21 - [MESSAGE][PASSED] - Method.TextDegerineEsitElementeTikla is PASSED

2021-11-23 16:53:21 - [TEST_STEP][PASSED] - verifyElementNotPresent(findTestObject("Object Repository/Kullanici_Islemleri/Secenekler"), 10): Web element with id: 'Object Repository/Kullanici_Islemleri/Secenekler' located by 'By.cssSelector: .nav.navbar-nav.navbar-right li a' is not present after '10' second(s)

2021-11-23 16:53:21 - [MESSAGE][INFO] - Finding Test Object 'Object Repository/Kullanici_Islemleri/Secenekler'

2021-11-23 16:53:22 - [MESSAGE][INFO] - Checking object

2021-11-23 16:53:22 - [MESSAGE][INFO] - Checking timeout

2021-11-23 16:53:22 - [MESSAGE][INFO] - Finding web element with id: 'Object Repository/Kullanici_Islemleri/Secenekler' located by 'By.cssSelector: .nav.navbar-nav.navbar-right li a' in '10' second(s)

2021-11-23 16:53:22 - [MESSAGE][INFO] - Smart Wait Function is triggered

2021-11-23 16:53:22 - [MESSAGE][PASSED] - Web element with id: 'Object Repository/Kullanici_Islemleri/Secenekler' located by 'By.cssSelector: .nav.navbar-nav.navbar-right li a' is not present after '10' second(s)

2021-11-23 16:53:22 - [MESSAGE][PASSED] - Call Test Case 'Test Cases/Kullanici_Islemleri/KullaniciIslemlerindenSecimYapilir' successfully

2021-11-23 16:53:22 - [TEST_CASE][PASSED] - Start Test Case : SCENARIO e-Serbest Meslek Makbuzlari Buton Kontrolu: SCENARIO e-Serbest Meslek Makbuzlari Buton Kontrolu

2021-11-23 16:53:22 - [TEST_STEP][PASSED] - Kullanıcı adı ELOGO6 ve Şifre 123456 olarak giriş yapılır: Kullanıcı adı ELOGO6 ve Şifre 123456 olarak giriş yapılır

2021-11-23 16:53:22 - [MESSAGE][PASSED] - Kullanıcı adı ELOGO6 ve Şifre 123456 olarak giriş yapılır

2021-11-23 16:53:22 - [TEST_STEP][PASSED] - Ana menüden e-Makbuz seçilir: Ana menüden e-Makbuz seçilir

2021-11-23 16:53:22 - [MESSAGE][PASSED] - Ana menüden e-Makbuz seçilir

2021-11-23 16:53:22 - [TEST_STEP][PASSED] - Alt menü e-Serbest Meslek Uygulaması başlığı altındaki e-Serbest Meslek Makbuzları seçilir: Alt menü e-Serbest Meslek Uygulaması başlığı altındaki e-Serbest Meslek Makbuzları seçilir

2021-11-23 16:53:22 - [MESSAGE][PASSED] - Alt menü e-Serbest Meslek Uygulaması başlığı altındaki e-Serbest Meslek Makbuzları seçilir

2021-11-23 16:53:22 - [TEST_STEP][PASSED] - Filtrelerden Oluşturma Tarihi filtresine 01.01.2020 baslangic degerini yaz: Filtrelerden Oluşturma Tarihi filtresine 01.01.2020 baslangic degerini yaz

2021-11-23 16:53:22 - [MESSAGE][PASSED] - Filtrelerden Oluşturma Tarihi filtresine 01.01.2020 baslangic degerini yaz

2021-11-23 16:53:22 - [TEST_STEP][PASSED] - Filtrelerden Oluşturma Tarihi filtresine 31.12.2020 bitis degerini yaz: Filtrelerden Oluşturma Tarihi filtresine 31.12.2020 bitis degerini yaz

2021-11-23 16:53:22 - [MESSAGE][PASSED] - Filtrelerden Oluşturma Tarihi filtresine 31.12.2020 bitis degerini yaz

2021-11-23 16:53:22 - [TEST_STEP][PASSED] - Filtre butonlarından Listele seçilir: Filtre butonlarından Listele seçilir

2021-11-23 16:53:22 - [MESSAGE][PASSED] - Filtre butonlarından Listele seçilir

2021-11-23 16:53:22 - [TEST_STEP][PASSED] - Tablodan TEST isimli verinin detayı tıklanır: Tablodan TEST isimli verinin detayı tıklanır

2021-11-23 16:53:22 - [MESSAGE][PASSED] - Tablodan TEST isimli verinin detayı tıklanır

2021-11-23 16:53:22 - [TEST_STEP][PASSED] - Tablodan TEST isimli verinin detayı tıklanır: Tablodan TEST isimli verinin detayı tıklanır

2021-11-23 16:53:22 - [MESSAGE][PASSED] - Tablodan TEST isimli verinin detayı tıklanır

2021-11-23 16:53:22 - [TEST_STEP][PASSED] - Listelenen öğe sayısı Sayfa 1 / 1 (4 öğe) mi: Listelenen öğe sayısı Sayfa 1 / 1 (4 öğe) mi

2021-11-23 16:53:22 - [MESSAGE][PASSED] - Listelenen öğe sayısı Sayfa 1 / 1 (4 öğe) mi

2021-11-23 16:53:22 - [TEST_STEP][PASSED] - Anasayfaya geri dönülür: Anasayfaya geri dönülür

2021-11-23 16:53:22 - [MESSAGE][PASSED] - Anasayfaya geri dönülür

2021-11-23 16:53:22 - [TEST_STEP][PASSED] - Ana menüden e-Makbuz seçilir: Ana menüden e-Makbuz seçilir

2021-11-23 16:53:22 - [MESSAGE][PASSED] - Ana menüden e-Makbuz seçilir

2021-11-23 16:53:22 - [TEST_STEP][PASSED] - Alt menü e-Serbest Meslek Uygulaması başlığı altındaki e-Serbest Meslek Makbuzları seçilir: Alt menü e-Serbest Meslek Uygulaması başlığı altındaki e-Serbest Meslek Makbuzları seçilir

2021-11-23 16:53:22 - [MESSAGE][PASSED] - Alt menü e-Serbest Meslek Uygulaması başlığı altındaki e-Serbest Meslek Makbuzları seçilir

2021-11-23 16:53:22 - [TEST_STEP][PASSED] - Filtrelerden Oluşturma Tarihi filtresine 01.01.2020 baslangic degerini yaz: Filtrelerden Oluşturma Tarihi filtresine 01.01.2020 baslangic degerini yaz

2021-11-23 16:53:22 - [MESSAGE][PASSED] - Filtrelerden Oluşturma Tarihi filtresine 01.01.2020 baslangic degerini yaz

2021-11-23 16:53:22 - [TEST_STEP][PASSED] - Filtrelerden Oluşturma Tarihi filtresine 31.12.2020 bitis degerini yaz: Filtrelerden Oluşturma Tarihi filtresine 31.12.2020 bitis degerini yaz

2021-11-23 16:53:22 - [MESSAGE][PASSED] - Filtrelerden Oluşturma Tarihi filtresine 31.12.2020 bitis degerini yaz

2021-11-23 16:53:22 - [TEST_STEP][PASSED] - Filtrelerden Makbuz Tarihi filtresine 02.11.2020 textini yaz: Filtrelerden Makbuz Tarihi filtresine 02.11.2020 textini yaz

2021-11-23 16:53:22 - [MESSAGE][PASSED] - Filtrelerden Makbuz Tarihi filtresine 02.11.2020 textini yaz

2021-11-23 16:53:22 - [TEST_STEP][PASSED] - Filtre butonlarından Listele seçilir: Filtre butonlarından Listele seçilir

2021-11-23 16:53:22 - [MESSAGE][PASSED] - Filtre butonlarından Listele seçilir

2021-11-23 16:53:22 - [TEST_STEP][PASSED] - Listelenen öğe sayısı Sayfa 1 / 1 (1 öğe) mi: Listelenen öğe sayısı Sayfa 1 / 1 (1 öğe) mi

2021-11-23 16:53:22 - [MESSAGE][PASSED] - Listelenen öğe sayısı Sayfa 1 / 1 (1 öğe) mi

2021-11-23 16:53:22 - [TEST_STEP][PASSED] - Filtre alanlarında Oluşturma Tarihi var mı: Filtre alanlarında Oluşturma Tarihi var mı

2021-11-23 16:53:22 - [MESSAGE][PASSED] - Filtre alanlarında Oluşturma Tarihi var mı

2021-11-23 16:53:22 - [TEST_STEP][PASSED] - Filtre alanlarında Alıcı Unvan var mı: Filtre alanlarında Alıcı Unvan var mı

2021-11-23 16:53:22 - [MESSAGE][PASSED] - Filtre alanlarında Alıcı Unvan var mı

2021-11-23 16:53:22 - [TEST_STEP][PASSED] - Filtre alanlarında Alıcı TCKN var mı: Filtre alanlarında Alıcı TCKN var mı

2021-11-23 16:53:22 - [MESSAGE][PASSED] - Filtre alanlarında Alıcı TCKN var mı

2021-11-23 16:53:22 - [TEST_STEP][PASSED] - Filtre alanlarında ETTN var mı: Filtre alanlarında ETTN var mı

2021-11-23 16:53:22 - [MESSAGE][PASSED] - Filtre alanlarında ETTN var mı

2021-11-23 16:53:22 - [TEST_STEP][PASSED] - Filtre alanlarında Makbuz No var mı: Filtre alanlarında Makbuz No var mı

2021-11-23 16:53:22 - [MESSAGE][PASSED] - Filtre alanlarında Makbuz No var mı

2021-11-23 16:53:22 - [TEST_STEP][PASSED] - Filtre alanlarında Makbuz Tarihi var mı: Filtre alanlarında Makbuz Tarihi var mı

2021-11-23 16:53:22 - [MESSAGE][PASSED] - Filtre alanlarında Makbuz Tarihi var mı

2021-11-23 16:53:22 - [TEST_STEP][PASSED] - Filtre alanlarında Net Ücret var mı: Filtre alanlarında Net Ücret var mı

2021-11-23 16:53:22 - [MESSAGE][PASSED] - Filtre alanlarında Net Ücret var mı

2021-11-23 16:53:22 - [TEST_STEP][PASSED] - Filtre alanlarında KDV Tutarı var mı: Filtre alanlarında KDV Tutarı var mı

2021-11-23 16:53:22 - [MESSAGE][PASSED] - Filtre alanlarında KDV Tutarı var mı

2021-11-23 16:53:22 - [TEST_STEP][PASSED] - Filtre alanlarında Net Alınan Toplam var mı: Filtre alanlarında Net Alınan Toplam var mı

2021-11-23 16:53:22 - [MESSAGE][PASSED] - Filtre alanlarında Net Alınan Toplam var mı

2021-11-23 16:53:22 - [TEST_STEP][PASSED] - Filtre alanlarında İptal / İtiraz Tarihi var mı: Filtre alanlarında İptal / İtiraz Tarihi var mı

2021-11-23 16:53:22 - [MESSAGE][PASSED] - Filtre alanlarında İptal / İtiraz Tarihi var mı

2021-11-23 16:53:22 - [TEST_STEP][PASSED] - Filtre alanlarında Durum var mı: Filtre alanlarında Durum var mı

2021-11-23 16:53:22 - [MESSAGE][PASSED] - Filtre alanlarında Durum var mı

2021-11-23 16:53:22 - [TEST_STEP][PASSED] - Filtre alanlarında Rapor Bilgisi var mı: Filtre alanlarında Rapor Bilgisi var mı

2021-11-23 16:53:22 - [MESSAGE][PASSED] - Filtre alanlarında Rapor Bilgisi var mı

2021-11-23 16:53:22 - [TEST_STEP][PASSED] - Filtre alanlarında Belge Statüsü var mı: Filtre alanlarında Belge Statüsü var mı

2021-11-23 16:53:22 - [MESSAGE][PASSED] - Filtre alanlarında Belge Statüsü var mı

2021-11-23 16:53:22 - [TEST_STEP][PASSED] - Filtre butonlarında Filtreleri Kaydet var mı: Filtre butonlarında Filtreleri Kaydet var mı

2021-11-23 16:53:22 - [MESSAGE][PASSED] - Filtre butonlarında Filtreleri Kaydet var mı

2021-11-23 16:53:22 - [TEST_STEP][PASSED] - Filtre butonlarında Listele var mı: Filtre butonlarında Listele var mı

2021-11-23 16:53:22 - [MESSAGE][PASSED] - Filtre butonlarında Listele var mı

2021-11-23 16:53:22 - [TEST_STEP][PASSED] - Filtre butonlarında Temizle var mı: Filtre butonlarında Temizle var mı

2021-11-23 16:53:22 - [MESSAGE][PASSED] - Filtre butonlarında Temizle var mı

2021-11-23 16:53:22 - [TEST_STEP][PASSED] - Butonlardan Excel var mı: Butonlardan Excel var mı

2021-11-23 16:53:22 - [MESSAGE][PASSED] - Butonlardan Excel var mı

2021-11-23 16:53:22 - [TEST_STEP][PASSED] - Butonlardan Toplu İndirme var mı: Butonlardan Toplu İndirme var mı

2021-11-23 16:53:22 - [MESSAGE][PASSED] - Butonlardan Toplu İndirme var mı

2021-11-23 16:53:22 - [TEST_STEP][PASSED] - Butonlardan Yazdır var mı: Butonlardan Yazdır var mı

2021-11-23 16:53:22 - [MESSAGE][PASSED] - Butonlardan Yazdır var mı

2021-11-23 16:53:22 - [TEST_STEP][PASSED] - Butonlardan UBL var mı: Butonlardan UBL var mı

2021-11-23 16:53:22 - [MESSAGE][PASSED] - Butonlardan UBL var mı

2021-11-23 16:53:22 - [TEST_STEP][PASSED] - Butonlardan PDF var mı: Butonlardan PDF var mı

2021-11-23 16:53:22 - [MESSAGE][PASSED] - Butonlardan PDF var mı

2021-11-23 16:53:22 - [TEST_STEP][PASSED] - Butonlardan İptal Et / İtiraz Bildir var mı: Butonlardan İptal Et / İtiraz Bildir var mı

2021-11-23 16:53:22 - [MESSAGE][PASSED] - Butonlardan İptal Et / İtiraz Bildir var mı

2021-11-23 16:53:22 - [TEST_STEP][PASSED] - Butonlardan İptal Geri Al var mı: Butonlardan İptal Geri Al var mı

2021-11-23 16:53:22 - [MESSAGE][PASSED] - Butonlardan İptal Geri Al var mı

2021-11-23 16:53:22 - [TEST_STEP][PASSED] - Butonlardan İzleme Kayıtları var mı: Butonlardan İzleme Kayıtları var mı

2021-11-23 16:53:22 - [MESSAGE][PASSED] - Butonlardan İzleme Kayıtları var mı

2021-11-23 16:53:22 - [TEST_STEP][PASSED] - Butonlardan Statü Ata var mı: Butonlardan Statü Ata var mı

2021-11-23 16:53:22 - [MESSAGE][PASSED] - Butonlardan Statü Ata var mı

2021-11-23 16:53:22 - [TEST_STEP][PASSED] - Butonlardan Excel isimli butona tıklanır: Butonlardan Excel isimli butona tıklanır

2021-11-23 16:53:22 - [MESSAGE][PASSED] - Butonlardan Excel isimli butona tıklanır

2021-11-23 16:53:22 - [TEST_STEP][PASSED] - Alt butonlardan Excel 'e Aktar var mı: Alt butonlardan Excel 'e Aktar var mı

2021-11-23 16:53:22 - [MESSAGE][PASSED] - Alt butonlardan Excel 'e Aktar var mı

2021-11-23 16:53:22 - [TEST_STEP][PASSED] - Alt butonlardan Tümünü Excel 'e Aktar var mı: Alt butonlardan Tümünü Excel 'e Aktar var mı

2021-11-23 16:53:22 - [MESSAGE][PASSED] - Alt butonlardan Tümünü Excel 'e Aktar var mı

2021-11-23 16:53:22 - [TEST_STEP][PASSED] - Butonlardan Toplu İndirme isimli butona tıklanır: Butonlardan Toplu İndirme isimli butona tıklanır

2021-11-23 16:53:22 - [MESSAGE][PASSED] - Butonlardan Toplu İndirme isimli butona tıklanır

2021-11-23 16:53:22 - [TEST_STEP][PASSED] - Alt butonlardan PDF Seçilenleri İndir var mı: Alt butonlardan PDF Seçilenleri İndir var mı

2021-11-23 16:53:22 - [MESSAGE][PASSED] - Alt butonlardan PDF Seçilenleri İndir var mı

2021-11-23 16:53:22 - [TEST_STEP][PASSED] - Alt butonlardan PDF Tümünü İndir var mı: Alt butonlardan PDF Tümünü İndir var mı

2021-11-23 16:53:22 - [MESSAGE][PASSED] - Alt butonlardan PDF Tümünü İndir var mı

2021-11-23 16:53:22 - [TEST_STEP][PASSED] - Butonlardan PDF isimli butona tıklanır: Butonlardan PDF isimli butona tıklanır

2021-11-23 16:53:22 - [MESSAGE][PASSED] - Butonlardan PDF isimli butona tıklanır

2021-11-23 16:53:22 - [TEST_STEP][PASSED] - Alt butonlardan Göster var mı: Alt butonlardan Göster var mı

2021-11-23 16:53:22 - [MESSAGE][PASSED] - Alt butonlardan Göster var mı

2021-11-23 16:53:22 - [TEST_STEP][PASSED] - Alt butonlardan İndir var mı: Alt butonlardan İndir var mı

2021-11-23 16:53:22 - [MESSAGE][PASSED] - Alt butonlardan İndir var mı

2021-11-23 16:53:22 - [TEST_STEP][PASSED] - Butonlardan Statü Ata isimli butona tıklanır: Butonlardan Statü Ata isimli butona tıklanır

2021-11-23 16:53:22 - [MESSAGE][PASSED] - Butonlardan Statü Ata isimli butona tıklanır

2021-11-23 16:53:22 - [TEST_STEP][PASSED] - Alt butonlardan Öndeğer var mı: Alt butonlardan Öndeğer var mı

2021-11-23 16:53:22 - [MESSAGE][PASSED] - Alt butonlardan Öndeğer var mı

2021-11-23 16:53:22 - [TEST_STEP][PASSED] - Kullanıcı işlemlerinden Çıkış seçilir: Kullanıcı işlemlerinden Çıkış seçilir

2021-11-23 16:53:22 - [MESSAGE][PASSED] - Kullanıcı işlemlerinden Çıkış seçilir

2021-11-23 16:53:22 - [MESSAGE][PASSED] - Feature file: 'Include/features/e-Makbuz/e-Serbest Meslek Uygulaması/e-Serbest Meslek Makbuzlari/Ekran Kontrolu.feature' was passed

2021-11-23 16:53:22 - [TEST_STEP][PASSED] - Start listener action : sampleAfterTestSuite: Invoke 'com.kms.katalon.core.annotation.AfterTestCase' method: 'Listener.sampleAfterTestSuite(...)' completed.

2021-11-23 16:53:22 - [MESSAGE][INFO] - Starting invoke 'com.kms.katalon.core.annotation.AfterTestCase' method: 'Listener.sampleAfterTestSuite(...)'

2021-11-23 16:53:22 - [TEST_STEP][PASSED] - closeBrowser(): Invoke 'com.kms.katalon.core.annotation.AfterTestCase' method: 'Listener.sampleAfterTestSuite(...)' completed.

2021-11-23 16:53:22 - [MESSAGE][INFO] - Closing browser

2021-11-23 16:53:23 - [MESSAGE][PASSED] - Browser is closed

2021-11-23 16:53:23 - [MESSAGE][INFO] - Invoke 'com.kms.katalon.core.annotation.AfterTestCase' method: 'Listener.sampleAfterTestSuite(...)' completed.]]></system-out>
         <system-err><![CDATA[]]></system-err>
      </testcase>
      <testcase name="Test Cases/Case Repository/e-Makbuz/e-Serbest Meslek Uygulamasi/e-Serbest Meslek Makbuzlari/Goruntule" time="38.695" classname="Test Cases/Case Repository/e-Makbuz/e-Serbest Meslek Uygulamasi/e-Serbest Meslek Makbuzlari/Goruntule" status="PASSED">
         <system-out><![CDATA[2021-11-23 16:53:23 - [TEST_CASE][PASSED] - Test Cases/Case Repository/e-Makbuz/e-Serbest Meslek Uygulamasi/e-Serbest Meslek Makbuzlari/Goruntule: Test Cases/Case Repository/e-Makbuz/e-Serbest Meslek Uygulamasi/e-Serbest Meslek Makbuzlari/Goruntule

2021-11-23 16:53:23 - [TEST_STEP][PASSED] - Start listener action : sampleBeforeTestSuite: Invoke 'com.kms.katalon.core.annotation.BeforeTestCase' method: 'Listener.sampleBeforeTestSuite(...)' completed.

2021-11-23 16:53:23 - [MESSAGE][INFO] - Starting invoke 'com.kms.katalon.core.annotation.BeforeTestCase' method: 'Listener.sampleBeforeTestSuite(...)'

2021-11-23 16:53:23 - [TEST_STEP][PASSED] - openBrowser(baseUrl): Browser is opened with url: 'https://efatura-stage.elogo.com.tr/'

2021-11-23 16:53:23 - [MESSAGE][INFO] - Opening browser

2021-11-23 16:53:23 - [MESSAGE][INFO] - Starting 'Chrome' driver

2021-11-23 16:53:23 - [MESSAGE][INFO] - User set preference: ['prefs', '{download.default_directory=C:\otomasyondownfiles}']

2021-11-23 16:53:23 - [MESSAGE][INFO] - Action delay is set to 0 milliseconds

2021-11-23 16:53:25 - [MESSAGE][INFO] - Navigating browser to: 'https://efatura-stage.elogo.com.tr/'

2021-11-23 16:53:27 - [MESSAGE][PASSED] - Browser is opened with url: 'https://efatura-stage.elogo.com.tr/'

2021-11-23 16:53:27 - [TEST_STEP][PASSED] - maximizeWindow(): Invoke 'com.kms.katalon.core.annotation.BeforeTestCase' method: 'Listener.sampleBeforeTestSuite(...)' completed.

2021-11-23 16:53:27 - [MESSAGE][INFO] - Maximizing current window

2021-11-23 16:53:27 - [MESSAGE][PASSED] - Current window maximized

2021-11-23 16:53:27 - [MESSAGE][INFO] - Invoke 'com.kms.katalon.core.annotation.BeforeTestCase' method: 'Listener.sampleBeforeTestSuite(...)' completed.

2021-11-23 16:53:27 - [TEST_STEP][PASSED] - runFeatureFile("Include/features/e-Makbuz/e-Serbest Meslek Uygulaması/e-Serbest Meslek Makbuzlari/Goruntule.feature"): Feature file: 'Include/features/e-Makbuz/e-Serbest Meslek Uygulaması/e-Serbest Meslek Makbuzlari/Goruntule.feature' was passed

2021-11-23 16:53:27 - [MESSAGE][INFO] - Starting run keyword runFeatureFile: 'Include/features/e-Makbuz/e-Serbest Meslek Uygulaması/e-Serbest Meslek Makbuzlari/Goruntule.feature' and extract report to folder: 'C:\Users\DELL\Documents\GitHub\EES_KatalonLogo\Reports\20211123_163326\Suite Repository\e-Makbuz\20211123_163348/cucumber_report/1637675607931'...

2021-11-23 16:53:27 - [MESSAGE][INFO] - Glue: []

2021-11-23 16:53:31 - [MESSAGE][INFO] - Checking called Test Case

2021-11-23 16:53:31 - [MESSAGE][INFO] - Starting to call Test Case 'Test Cases/Sayfalar/Giris_Sayfasi/Login'

2021-11-23 16:53:31 - [TEST_CASE][PASSED] - Test Cases/Sayfalar/Giris_Sayfasi/Login: Test Cases/Sayfalar/Giris_Sayfasi/Login

2021-11-23 16:53:31 - [TEST_STEP][PASSED] - Sayfa_Basligi = getWindowTitle(): Current window's title is: 'LOGO e-Fatura'

2021-11-23 16:53:31 - [MESSAGE][INFO] - Getting current window's title

2021-11-23 16:53:31 - [MESSAGE][PASSED] - Current window's title is: 'LOGO e-Fatura'

2021-11-23 16:53:31 - [TEST_STEP][PASSED] - verifyMatch(Sayfa_Basligi, "LOGO e-Fatura", false): Actual text 'LOGO e-Fatura' and expected text 'LOGO e-Fatura' are matched 

2021-11-23 16:53:31 - [MESSAGE][INFO] - Matching actual text 'LOGO e-Fatura' with expected text 'LOGO e-Fatura'

2021-11-23 16:53:31 - [MESSAGE][PASSED] - Actual text 'LOGO e-Fatura' and expected text 'LOGO e-Fatura' are matched 

2021-11-23 16:53:31 - [TEST_STEP][PASSED] - sendKeys(findTestObject("Sayfalar/Giris_Sayfasi/Firma_Kodu"), KullaniciAdi): Keys 'ELOGO6' sent to object: 'Object Repository/Sayfalar/Giris_Sayfasi/Firma_Kodu'

2021-11-23 16:53:31 - [MESSAGE][INFO] - Finding Test Object 'Object Repository/Sayfalar/Giris_Sayfasi/Firma_Kodu'

2021-11-23 16:53:31 - [MESSAGE][INFO] - Sending keys 'ELOGO6' to object: 'Object Repository/Sayfalar/Giris_Sayfasi/Firma_Kodu'

2021-11-23 16:53:31 - [MESSAGE][INFO] - Finding web element from Test Object's properties

2021-11-23 16:53:31 - [MESSAGE][INFO] - Checking timeout

2021-11-23 16:53:31 - [MESSAGE][INFO] - Finding web element with id: 'Object Repository/Sayfalar/Giris_Sayfasi/Firma_Kodu' located by 'By.xpath: //*[@id = 'AccountName']' in '30' second(s)

2021-11-23 16:53:31 - [MESSAGE][INFO] - Smart Wait Function is triggered

2021-11-23 16:53:31 - [MESSAGE][INFO] - Found 1 web elements with id: 'Object Repository/Sayfalar/Giris_Sayfasi/Firma_Kodu' located by 'By.xpath: //*[@id = 'AccountName']' in '30' second(s)

2021-11-23 16:53:31 - [MESSAGE][PASSED] - Keys 'ELOGO6' sent to object: 'Object Repository/Sayfalar/Giris_Sayfasi/Firma_Kodu'

2021-11-23 16:53:31 - [TEST_STEP][PASSED] - sendKeys(findTestObject("Sayfalar/Giris_Sayfasi/Sifre"), Sifre): Keys '123456' sent to object: 'Object Repository/Sayfalar/Giris_Sayfasi/Sifre'

2021-11-23 16:53:31 - [MESSAGE][INFO] - Finding Test Object 'Object Repository/Sayfalar/Giris_Sayfasi/Sifre'

2021-11-23 16:53:31 - [MESSAGE][INFO] - Sending keys '123456' to object: 'Object Repository/Sayfalar/Giris_Sayfasi/Sifre'

2021-11-23 16:53:31 - [MESSAGE][INFO] - Finding web element from Test Object's properties

2021-11-23 16:53:31 - [MESSAGE][INFO] - Checking timeout

2021-11-23 16:53:31 - [MESSAGE][INFO] - Finding web element with id: 'Object Repository/Sayfalar/Giris_Sayfasi/Sifre' located by 'By.xpath: //*[@id = 'Password']' in '30' second(s)

2021-11-23 16:53:31 - [MESSAGE][INFO] - Smart Wait Function is triggered

2021-11-23 16:53:32 - [MESSAGE][INFO] - Found 1 web elements with id: 'Object Repository/Sayfalar/Giris_Sayfasi/Sifre' located by 'By.xpath: //*[@id = 'Password']' in '30' second(s)

2021-11-23 16:53:32 - [MESSAGE][PASSED] - Keys '123456' sent to object: 'Object Repository/Sayfalar/Giris_Sayfasi/Sifre'

2021-11-23 16:53:32 - [TEST_STEP][PASSED] - findWebElement(findTestObject("Sayfalar/Giris_Sayfasi/Giris_Butonu")).click(): Found 1 web elements with id: 'Object Repository/Sayfalar/Giris_Sayfasi/Giris_Butonu' located by 'By.cssSelector: #btnLogin' in '30' second(s)

2021-11-23 16:53:32 - [MESSAGE][INFO] - Finding Test Object 'Object Repository/Sayfalar/Giris_Sayfasi/Giris_Butonu'

2021-11-23 16:53:32 - [MESSAGE][INFO] - Finding web element from Test Object's properties

2021-11-23 16:53:32 - [MESSAGE][INFO] - Checking timeout

2021-11-23 16:53:32 - [MESSAGE][INFO] - Finding web element with id: 'Object Repository/Sayfalar/Giris_Sayfasi/Giris_Butonu' located by 'By.cssSelector: #btnLogin' in '30' second(s)

2021-11-23 16:53:32 - [MESSAGE][INFO] - Smart Wait Function is triggered

2021-11-23 16:53:32 - [MESSAGE][INFO] - Found 1 web elements with id: 'Object Repository/Sayfalar/Giris_Sayfasi/Giris_Butonu' located by 'By.cssSelector: #btnLogin' in '30' second(s)

2021-11-23 16:53:35 - [TEST_STEP][PASSED] - if (verifyElementPresent(findTestObject("Object Repository/Sayfalar/Giris_Sayfasi/RetveTamam_Butonu"), 5, OPTIONAL)): null

2021-11-23 16:53:35 - [MESSAGE][INFO] - Finding Test Object 'Object Repository/Sayfalar/Giris_Sayfasi/RetveTamam_Butonu'

2021-11-23 16:53:35 - [MESSAGE][INFO] - Checking object

2021-11-23 16:53:35 - [MESSAGE][INFO] - Finding web element from Test Object's properties

2021-11-23 16:53:35 - [MESSAGE][INFO] - Checking timeout

2021-11-23 16:53:35 - [MESSAGE][INFO] - Finding web element with id: 'Object Repository/Sayfalar/Giris_Sayfasi/RetveTamam_Butonu' located by 'By.xpath: //*[@class = 'btn btn-default']' in '5' second(s)

2021-11-23 16:53:35 - [MESSAGE][INFO] - Smart Wait Function is triggered

2021-11-23 16:53:35 - [MESSAGE][INFO] - Found 1 web elements with id: 'Object Repository/Sayfalar/Giris_Sayfasi/RetveTamam_Butonu' located by 'By.xpath: //*[@class = 'btn btn-default']' in '5' second(s)

2021-11-23 16:53:35 - [MESSAGE][PASSED] - Object 'Object Repository/Sayfalar/Giris_Sayfasi/RetveTamam_Butonu' is present

2021-11-23 16:53:35 - [TEST_STEP][PASSED] - click(findTestObject("Object Repository/Sayfalar/Giris_Sayfasi/RetveTamam_Butonu")): Object: 'Object Repository/Sayfalar/Giris_Sayfasi/RetveTamam_Butonu' is clicked on

2021-11-23 16:53:35 - [MESSAGE][INFO] - Finding Test Object 'Object Repository/Sayfalar/Giris_Sayfasi/RetveTamam_Butonu'

2021-11-23 16:53:35 - [MESSAGE][INFO] - Checking object

2021-11-23 16:53:35 - [MESSAGE][INFO] - Finding web element from Test Object's properties

2021-11-23 16:53:35 - [MESSAGE][INFO] - Checking timeout

2021-11-23 16:53:35 - [MESSAGE][INFO] - Finding web element with id: 'Object Repository/Sayfalar/Giris_Sayfasi/RetveTamam_Butonu' located by 'By.xpath: //*[@class = 'btn btn-default']' in '30' second(s)

2021-11-23 16:53:35 - [MESSAGE][INFO] - Smart Wait Function is triggered

2021-11-23 16:53:35 - [MESSAGE][INFO] - Found 1 web elements with id: 'Object Repository/Sayfalar/Giris_Sayfasi/RetveTamam_Butonu' located by 'By.xpath: //*[@class = 'btn btn-default']' in '30' second(s)

2021-11-23 16:53:35 - [MESSAGE][INFO] - Clicking on object: 'Object Repository/Sayfalar/Giris_Sayfasi/RetveTamam_Butonu'

2021-11-23 16:53:35 - [MESSAGE][PASSED] - Object: 'Object Repository/Sayfalar/Giris_Sayfasi/RetveTamam_Butonu' is clicked on

2021-11-23 16:53:35 - [TEST_STEP][PASSED] - click(findTestObject("Object Repository/Sayfalar/Giris_Sayfasi/RetveTamam_Butonu")): Object: 'Object Repository/Sayfalar/Giris_Sayfasi/RetveTamam_Butonu' is clicked on

2021-11-23 16:53:35 - [MESSAGE][INFO] - Finding Test Object 'Object Repository/Sayfalar/Giris_Sayfasi/RetveTamam_Butonu'

2021-11-23 16:53:36 - [MESSAGE][INFO] - Checking object

2021-11-23 16:53:36 - [MESSAGE][INFO] - Finding web element from Test Object's properties

2021-11-23 16:53:36 - [MESSAGE][INFO] - Checking timeout

2021-11-23 16:53:36 - [MESSAGE][INFO] - Finding web element with id: 'Object Repository/Sayfalar/Giris_Sayfasi/RetveTamam_Butonu' located by 'By.xpath: //*[@class = 'btn btn-default']' in '30' second(s)

2021-11-23 16:53:36 - [MESSAGE][INFO] - Smart Wait Function is triggered

2021-11-23 16:53:38 - [MESSAGE][INFO] - Found 1 web elements with id: 'Object Repository/Sayfalar/Giris_Sayfasi/RetveTamam_Butonu' located by 'By.xpath: //*[@class = 'btn btn-default']' in '30' second(s)

2021-11-23 16:53:38 - [MESSAGE][INFO] - Clicking on object: 'Object Repository/Sayfalar/Giris_Sayfasi/RetveTamam_Butonu'

2021-11-23 16:53:39 - [MESSAGE][PASSED] - Object: 'Object Repository/Sayfalar/Giris_Sayfasi/RetveTamam_Butonu' is clicked on

2021-11-23 16:53:39 - [TEST_STEP][PASSED] - if (verifyElementPresent(findTestObject("Sayfalar/Giris_Sayfasi/PopupOK"), 5, OPTIONAL)): null

2021-11-23 16:53:39 - [MESSAGE][INFO] - Finding Test Object 'Object Repository/Sayfalar/Giris_Sayfasi/PopupOK'

2021-11-23 16:53:39 - [MESSAGE][INFO] - Checking object

2021-11-23 16:53:39 - [MESSAGE][INFO] - Finding web element from Test Object's properties

2021-11-23 16:53:39 - [MESSAGE][INFO] - Checking timeout

2021-11-23 16:53:39 - [MESSAGE][INFO] - Finding web element with id: 'Object Repository/Sayfalar/Giris_Sayfasi/PopupOK' located by 'By.cssSelector: .btn.btn-success' in '5' second(s)

2021-11-23 16:53:39 - [MESSAGE][INFO] - Smart Wait Function is triggered

2021-11-23 16:53:39 - [MESSAGE][INFO] - Found 1 web elements with id: 'Object Repository/Sayfalar/Giris_Sayfasi/PopupOK' located by 'By.cssSelector: .btn.btn-success' in '5' second(s)

2021-11-23 16:53:39 - [MESSAGE][PASSED] - Object 'Object Repository/Sayfalar/Giris_Sayfasi/PopupOK' is present

2021-11-23 16:53:39 - [TEST_STEP][PASSED] - click(findTestObject("Object Repository/Sayfalar/Giris_Sayfasi/PopupCarpiGiris")): Object: 'Object Repository/Sayfalar/Giris_Sayfasi/PopupCarpiGiris' is clicked on

2021-11-23 16:53:39 - [MESSAGE][INFO] - Finding Test Object 'Object Repository/Sayfalar/Giris_Sayfasi/PopupCarpiGiris'

2021-11-23 16:53:39 - [MESSAGE][INFO] - Checking object

2021-11-23 16:53:39 - [MESSAGE][INFO] - Finding web element from Test Object's properties

2021-11-23 16:53:39 - [MESSAGE][INFO] - Checking timeout

2021-11-23 16:53:39 - [MESSAGE][INFO] - Finding web element with id: 'Object Repository/Sayfalar/Giris_Sayfasi/PopupCarpiGiris' located by 'By.cssSelector: .bootbox-close-button.close' in '30' second(s)

2021-11-23 16:53:39 - [MESSAGE][INFO] - Smart Wait Function is triggered

2021-11-23 16:53:40 - [MESSAGE][INFO] - Found 1 web elements with id: 'Object Repository/Sayfalar/Giris_Sayfasi/PopupCarpiGiris' located by 'By.cssSelector: .bootbox-close-button.close' in '30' second(s)

2021-11-23 16:53:40 - [MESSAGE][INFO] - Clicking on object: 'Object Repository/Sayfalar/Giris_Sayfasi/PopupCarpiGiris'

2021-11-23 16:53:40 - [MESSAGE][PASSED] - Object: 'Object Repository/Sayfalar/Giris_Sayfasi/PopupCarpiGiris' is clicked on

2021-11-23 16:53:40 - [TEST_STEP][PASSED] - verifyElementVisible(findTestObject("Object Repository/Kullanici_Islemleri/KullaniciIslemleri")): Object 'Object Repository/Kullanici_Islemleri/KullaniciIslemleri' is visible

2021-11-23 16:53:40 - [MESSAGE][INFO] - Finding Test Object 'Object Repository/Kullanici_Islemleri/KullaniciIslemleri'

2021-11-23 16:53:40 - [MESSAGE][INFO] - Checking object

2021-11-23 16:53:40 - [MESSAGE][INFO] - Finding web element from Test Object's properties

2021-11-23 16:53:40 - [MESSAGE][INFO] - Checking timeout

2021-11-23 16:53:40 - [MESSAGE][INFO] - Finding web element with id: 'Object Repository/Kullanici_Islemleri/KullaniciIslemleri' located by 'By.cssSelector: .dropdown>a>img' in '30' second(s)

2021-11-23 16:53:40 - [MESSAGE][INFO] - Smart Wait Function is triggered

2021-11-23 16:53:41 - [MESSAGE][INFO] - Found 1 web elements with id: 'Object Repository/Kullanici_Islemleri/KullaniciIslemleri' located by 'By.cssSelector: .dropdown>a>img' in '30' second(s)

2021-11-23 16:53:41 - [MESSAGE][PASSED] - Object 'Object Repository/Kullanici_Islemleri/KullaniciIslemleri' is visible

2021-11-23 16:53:41 - [MESSAGE][PASSED] - Call Test Case 'Test Cases/Sayfalar/Giris_Sayfasi/Login' successfully

2021-11-23 16:53:41 - [MESSAGE][INFO] - Checking called Test Case

2021-11-23 16:53:41 - [MESSAGE][INFO] - Starting to call Test Case 'Test Cases/Menu/AnaMenuSecimi'

2021-11-23 16:53:41 - [TEST_CASE][PASSED] - Test Cases/Menu/AnaMenuSecimi: Test Cases/Menu/AnaMenuSecimi

2021-11-23 16:53:41 - [TEST_STEP][PASSED] - Method.TextDegerineEsitElementeTikla(findTestObject("Menu/Ana_Menu"), Ana_Menu): Method.TextDegerineEsitElementeTikla is PASSED

2021-11-23 16:53:41 - [MESSAGE][INFO] - Finding Test Object 'Object Repository/Menu/Ana_Menu'

2021-11-23 16:53:41 - [MESSAGE][INFO] - Checking timeout

2021-11-23 16:53:41 - [MESSAGE][INFO] - Finding web element with id: 'Object Repository/Menu/Ana_Menu' located by 'By.xpath: //*[@class = 'dropdown-toggle']' in '10' second(s)

2021-11-23 16:53:41 - [MESSAGE][INFO] - Smart Wait Function is triggered

2021-11-23 16:53:41 - [MESSAGE][INFO] - Found 14 web elements with id: 'Object Repository/Menu/Ana_Menu' located by 'By.xpath: //*[@class = 'dropdown-toggle']' in '10' second(s)

2021-11-23 16:53:41 - [MESSAGE][PASSED] - Method.TextDegerineEsitElementeTikla is PASSED

2021-11-23 16:53:41 - [MESSAGE][PASSED] - Call Test Case 'Test Cases/Menu/AnaMenuSecimi' successfully

2021-11-23 16:53:41 - [MESSAGE][INFO] - Checking called Test Case

2021-11-23 16:53:41 - [MESSAGE][INFO] - Starting to call Test Case 'Test Cases/Menu/BasligaGoreAltMenuSecimi'

2021-11-23 16:53:41 - [TEST_CASE][PASSED] - Test Cases/Menu/BasligaGoreAltMenuSecimi: Test Cases/Menu/BasligaGoreAltMenuSecimi

2021-11-23 16:53:41 - [TEST_STEP][PASSED] - Method.TextDegerineEsitElementinAltindakiTextDegerineEsitOlanaTikla(findTestObject("Menu/Menu_Basligi"), findTestObject("Menu/Basliga_Gore_Alt_Menu"), Baslik, Alt_Menu): Method.TextDegerineEsitElementinAltindakiTextDegerineEsitOlanaTikla is PASSED

2021-11-23 16:53:41 - [MESSAGE][INFO] - Finding Test Object 'Object Repository/Menu/Menu_Basligi'

2021-11-23 16:53:41 - [MESSAGE][INFO] - Finding Test Object 'Object Repository/Menu/Basliga_Gore_Alt_Menu'

2021-11-23 16:53:41 - [MESSAGE][INFO] - Checking timeout

2021-11-23 16:53:41 - [MESSAGE][INFO] - Finding web element with id: 'Object Repository/Menu/Menu_Basligi' located by 'By.xpath: //li[@class='dropdown dropdown-large open']//li[@class='dropdown-header']' in '10' second(s)

2021-11-23 16:53:41 - [MESSAGE][INFO] - Smart Wait Function is triggered

2021-11-23 16:53:42 - [MESSAGE][INFO] - Found 2 web elements with id: 'Object Repository/Menu/Menu_Basligi' located by 'By.xpath: //li[@class='dropdown dropdown-large open']//li[@class='dropdown-header']' in '10' second(s)

2021-11-23 16:53:42 - [MESSAGE][INFO] - Smart Wait Function is triggered

2021-11-23 16:53:44 - [MESSAGE][PASSED] - Method.TextDegerineEsitElementinAltindakiTextDegerineEsitOlanaTikla is PASSED

2021-11-23 16:53:44 - [MESSAGE][PASSED] - Call Test Case 'Test Cases/Menu/BasligaGoreAltMenuSecimi' successfully

2021-11-23 16:53:44 - [MESSAGE][INFO] - Checking called Test Case

2021-11-23 16:53:44 - [MESSAGE][INFO] - Starting to call Test Case 'Test Cases/Filtreler/BaslangicYaz'

2021-11-23 16:53:44 - [TEST_CASE][PASSED] - Test Cases/Filtreler/BaslangicYaz: Test Cases/Filtreler/BaslangicYaz

2021-11-23 16:53:44 - [TEST_STEP][PASSED] - delay(3): Delayed 3 second(s)

2021-11-23 16:53:44 - [MESSAGE][INFO] - Delaying browser in 3 second(s)

2021-11-23 16:53:47 - [MESSAGE][PASSED] - Delayed 3 second(s)

2021-11-23 16:53:47 - [TEST_STEP][PASSED] - Method.TextDegerineEsitElementinAltindakineTikla(findTestObject("Filtreler/Basliklar"), findTestObject("Filtreler/Basliga_Gore_Baslangic_Image"), Filtre_Adi): Method.TextDegerineEsitElementinAltindakineTikla is PASSED

2021-11-23 16:53:47 - [MESSAGE][INFO] - Finding Test Object 'Object Repository/Filtreler/Basliklar'

2021-11-23 16:53:48 - [MESSAGE][INFO] - Finding Test Object 'Object Repository/Filtreler/Basliga_Gore_Baslangic_Image'

2021-11-23 16:53:48 - [MESSAGE][INFO] - Checking timeout

2021-11-23 16:53:48 - [MESSAGE][INFO] - Finding web element with id: 'Object Repository/Filtreler/Basliklar' located by 'By.cssSelector: .control-label.col-sm-4.paddingMarginRLC' in '10' second(s)

2021-11-23 16:53:48 - [MESSAGE][INFO] - Smart Wait Function is triggered

2021-11-23 16:53:48 - [MESSAGE][INFO] - Found 13 web elements with id: 'Object Repository/Filtreler/Basliklar' located by 'By.cssSelector: .control-label.col-sm-4.paddingMarginRLC' in '10' second(s)

2021-11-23 16:53:48 - [MESSAGE][INFO] - Smart Wait Function is triggered

2021-11-23 16:53:48 - [MESSAGE][PASSED] - Method.TextDegerineEsitElementinAltindakineTikla is PASSED

2021-11-23 16:53:48 - [TEST_STEP][PASSED] - Method.TextDegerineEsitElementinAltindakiTextboxtaYaz(findTestObject("Filtreler/Basliklar"), findTestObject("Filtreler/Basliga_Gore_Baslangic"), Filtre_Adi, Filtre_Degeri): Method.TextDegerineEsitElementinAltindakiTextboxtaYaz is PASSED

2021-11-23 16:53:48 - [MESSAGE][INFO] - Finding Test Object 'Object Repository/Filtreler/Basliklar'

2021-11-23 16:53:49 - [MESSAGE][INFO] - Finding Test Object 'Object Repository/Filtreler/Basliga_Gore_Baslangic'

2021-11-23 16:53:49 - [MESSAGE][INFO] - Checking timeout

2021-11-23 16:53:49 - [MESSAGE][INFO] - Finding web element with id: 'Object Repository/Filtreler/Basliklar' located by 'By.cssSelector: .control-label.col-sm-4.paddingMarginRLC' in '10' second(s)

2021-11-23 16:53:49 - [MESSAGE][INFO] - Smart Wait Function is triggered

2021-11-23 16:53:49 - [MESSAGE][INFO] - Found 13 web elements with id: 'Object Repository/Filtreler/Basliklar' located by 'By.cssSelector: .control-label.col-sm-4.paddingMarginRLC' in '10' second(s)

2021-11-23 16:53:49 - [MESSAGE][INFO] - Smart Wait Function is triggered

2021-11-23 16:53:49 - [MESSAGE][PASSED] - Method.TextDegerineEsitElementinAltindakiTextboxtaYaz is PASSED

2021-11-23 16:53:49 - [MESSAGE][PASSED] - Call Test Case 'Test Cases/Filtreler/BaslangicYaz' successfully

2021-11-23 16:53:49 - [MESSAGE][INFO] - Checking called Test Case

2021-11-23 16:53:49 - [MESSAGE][INFO] - Starting to call Test Case 'Test Cases/Filtreler/BitisYaz'

2021-11-23 16:53:50 - [TEST_CASE][PASSED] - Test Cases/Filtreler/BitisYaz: Test Cases/Filtreler/BitisYaz

2021-11-23 16:53:50 - [TEST_STEP][PASSED] - Method.TextDegerineEsitElementinAltindakineTikla(findTestObject("Filtreler/Basliklar"), findTestObject("Filtreler/Basliga_Gore_Bitis_Image"), Filtre_Adi): Method.TextDegerineEsitElementinAltindakineTikla is PASSED

2021-11-23 16:53:50 - [MESSAGE][INFO] - Finding Test Object 'Object Repository/Filtreler/Basliklar'

2021-11-23 16:53:50 - [MESSAGE][INFO] - Finding Test Object 'Object Repository/Filtreler/Basliga_Gore_Bitis_Image'

2021-11-23 16:53:50 - [MESSAGE][INFO] - Checking timeout

2021-11-23 16:53:50 - [MESSAGE][INFO] - Finding web element with id: 'Object Repository/Filtreler/Basliklar' located by 'By.cssSelector: .control-label.col-sm-4.paddingMarginRLC' in '10' second(s)

2021-11-23 16:53:50 - [MESSAGE][INFO] - Smart Wait Function is triggered

2021-11-23 16:53:50 - [MESSAGE][INFO] - Found 13 web elements with id: 'Object Repository/Filtreler/Basliklar' located by 'By.cssSelector: .control-label.col-sm-4.paddingMarginRLC' in '10' second(s)

2021-11-23 16:53:50 - [MESSAGE][INFO] - Smart Wait Function is triggered

2021-11-23 16:53:50 - [MESSAGE][PASSED] - Method.TextDegerineEsitElementinAltindakineTikla is PASSED

2021-11-23 16:53:50 - [TEST_STEP][PASSED] - Method.TextDegerineEsitElementinAltindakiTextboxtaYaz(findTestObject("Filtreler/Basliklar"), findTestObject("Object Repository/Filtreler/Basliga_Gore_Bitis"), Filtre_Adi, Filtre_Degeri): Method.TextDegerineEsitElementinAltindakiTextboxtaYaz is PASSED

2021-11-23 16:53:50 - [MESSAGE][INFO] - Finding Test Object 'Object Repository/Filtreler/Basliklar'

2021-11-23 16:53:51 - [MESSAGE][INFO] - Finding Test Object 'Object Repository/Filtreler/Basliga_Gore_Bitis'

2021-11-23 16:53:51 - [MESSAGE][INFO] - Checking timeout

2021-11-23 16:53:51 - [MESSAGE][INFO] - Finding web element with id: 'Object Repository/Filtreler/Basliklar' located by 'By.cssSelector: .control-label.col-sm-4.paddingMarginRLC' in '10' second(s)

2021-11-23 16:53:51 - [MESSAGE][INFO] - Smart Wait Function is triggered

2021-11-23 16:53:51 - [MESSAGE][INFO] - Found 13 web elements with id: 'Object Repository/Filtreler/Basliklar' located by 'By.cssSelector: .control-label.col-sm-4.paddingMarginRLC' in '10' second(s)

2021-11-23 16:53:51 - [MESSAGE][INFO] - Smart Wait Function is triggered

2021-11-23 16:53:51 - [MESSAGE][PASSED] - Method.TextDegerineEsitElementinAltindakiTextboxtaYaz is PASSED

2021-11-23 16:53:51 - [MESSAGE][PASSED] - Call Test Case 'Test Cases/Filtreler/BitisYaz' successfully

2021-11-23 16:53:51 - [MESSAGE][INFO] - Checking called Test Case

2021-11-23 16:53:51 - [MESSAGE][INFO] - Starting to call Test Case 'Test Cases/Filtreler/ButonaTikla'

2021-11-23 16:53:51 - [TEST_CASE][PASSED] - Test Cases/Filtreler/ButonaTikla: Test Cases/Filtreler/ButonaTikla

2021-11-23 16:53:51 - [TEST_STEP][PASSED] - Method.TextDegerineEsitElementeTikla(findTestObject("Filtreler/Butonlar"), Filtre_Buton): Method.TextDegerineEsitElementeTikla is PASSED

2021-11-23 16:53:51 - [MESSAGE][INFO] - Finding Test Object 'Object Repository/Filtreler/Butonlar'

2021-11-23 16:53:52 - [MESSAGE][INFO] - Checking timeout

2021-11-23 16:53:52 - [MESSAGE][INFO] - Finding web element with id: 'Object Repository/Filtreler/Butonlar' located by 'By.cssSelector: .dxb>span' in '10' second(s)

2021-11-23 16:53:52 - [MESSAGE][INFO] - Smart Wait Function is triggered

2021-11-23 16:53:52 - [MESSAGE][INFO] - Found 3 web elements with id: 'Object Repository/Filtreler/Butonlar' located by 'By.cssSelector: .dxb>span' in '10' second(s)

2021-11-23 16:53:52 - [MESSAGE][PASSED] - Method.TextDegerineEsitElementeTikla is PASSED

2021-11-23 16:53:52 - [MESSAGE][PASSED] - Call Test Case 'Test Cases/Filtreler/ButonaTikla' successfully

2021-11-23 16:53:52 - [MESSAGE][INFO] - Checking called Test Case

2021-11-23 16:53:52 - [MESSAGE][INFO] - Starting to call Test Case 'Test Cases/Tablo/TablodaVeriVarMi'

2021-11-23 16:53:52 - [TEST_CASE][PASSED] - Test Cases/Tablo/TablodaVeriVarMi: Test Cases/Tablo/TablodaVeriVarMi

2021-11-23 16:53:52 - [TEST_STEP][PASSED] - verifyTextNotPresent("Görüntülenecek veri yok", true): Text 'Görüntülenecek veri yok' is not present on page using regular expression

2021-11-23 16:53:52 - [MESSAGE][INFO] - Checking text present  using regular expression

2021-11-23 16:53:52 - [MESSAGE][INFO] - Smart Wait Function is triggered

2021-11-23 16:53:53 - [MESSAGE][INFO] - Finding text 'Görüntülenecek veri yok' on page  using regular expression

2021-11-23 16:53:53 - [MESSAGE][PASSED] - Text 'Görüntülenecek veri yok' is not present on page using regular expression

2021-11-23 16:53:53 - [MESSAGE][PASSED] - Call Test Case 'Test Cases/Tablo/TablodaVeriVarMi' successfully

2021-11-23 16:53:53 - [MESSAGE][INFO] - Checking called Test Case

2021-11-23 16:53:53 - [MESSAGE][INFO] - Starting to call Test Case 'Test Cases/Tablo/TablonunButonunaTikla'

2021-11-23 16:53:53 - [TEST_CASE][PASSED] - Test Cases/Tablo/TablonunButonunaTikla: Test Cases/Tablo/TablonunButonunaTikla

2021-11-23 16:53:53 - [TEST_STEP][PASSED] - Method.TextDegerineEsitElementinAltindakiTextDegerineEsitOlanaTikla(findTestObject("Tablo/Veriler"), findTestObject("Tablo/VerininButonu"), Veri, Buton_Adi): Method.TextDegerineEsitElementinAltindakiTextDegerineEsitOlanaTikla is PASSED

2021-11-23 16:53:53 - [MESSAGE][INFO] - Finding Test Object 'Object Repository/Tablo/Veriler'

2021-11-23 16:53:53 - [MESSAGE][INFO] - Finding Test Object 'Object Repository/Tablo/VerininButonu'

2021-11-23 16:53:54 - [MESSAGE][INFO] - Checking timeout

2021-11-23 16:53:54 - [MESSAGE][INFO] - Finding web element with id: 'Object Repository/Tablo/Veriler' located by 'By.cssSelector: td.dxgv b ,td.dxgv' in '10' second(s)

2021-11-23 16:53:54 - [MESSAGE][INFO] - Smart Wait Function is triggered

2021-11-23 16:53:54 - [MESSAGE][INFO] - Found 52 web elements with id: 'Object Repository/Tablo/Veriler' located by 'By.cssSelector: td.dxgv b ,td.dxgv' in '10' second(s)

2021-11-23 16:53:54 - [MESSAGE][INFO] - Smart Wait Function is triggered

2021-11-23 16:53:54 - [MESSAGE][PASSED] - Method.TextDegerineEsitElementinAltindakiTextDegerineEsitOlanaTikla is PASSED

2021-11-23 16:53:54 - [MESSAGE][PASSED] - Call Test Case 'Test Cases/Tablo/TablonunButonunaTikla' successfully

2021-11-23 16:53:54 - [MESSAGE][INFO] - Checking called Test Case

2021-11-23 16:53:54 - [MESSAGE][INFO] - Starting to call Test Case 'Test Cases/Sekmeler/YeniSekmeyeGec'

2021-11-23 16:53:54 - [TEST_CASE][PASSED] - Test Cases/Sekmeler/YeniSekmeyeGec: Test Cases/Sekmeler/YeniSekmeyeGec

2021-11-23 16:53:54 - [TEST_STEP][PASSED] - switchToWindowIndex(1): Switched to window with index: '1'

2021-11-23 16:53:54 - [MESSAGE][INFO] - Checking index

2021-11-23 16:53:54 - [MESSAGE][INFO] - Switching window with index: '1'

2021-11-23 16:53:54 - [MESSAGE][PASSED] - Switched to window with index: '1'

2021-11-23 16:53:54 - [MESSAGE][PASSED] - Call Test Case 'Test Cases/Sekmeler/YeniSekmeyeGec' successfully

2021-11-23 16:53:54 - [MESSAGE][INFO] - Checking called Test Case

2021-11-23 16:53:54 - [MESSAGE][INFO] - Starting to call Test Case 'Test Cases/Sekmeler/YeniSekmeBasligindaVarMi'

2021-11-23 16:53:55 - [TEST_CASE][PASSED] - Test Cases/Sekmeler/YeniSekmeBasligindaVarMi: Test Cases/Sekmeler/YeniSekmeBasligindaVarMi

2021-11-23 16:53:55 - [TEST_STEP][PASSED] - verifyElementText(findTestObject("Object Repository/Sekmeler/Olusturma_Goster_Baslik"), Title): Actual text and expected text of test object 'Object Repository/Sekmeler/Olusturma_Goster_Baslik' are matched.

2021-11-23 16:53:55 - [MESSAGE][INFO] - Finding Test Object 'Object Repository/Sekmeler/Olusturma_Goster_Baslik'

2021-11-23 16:53:55 - [MESSAGE][INFO] - Checking object

2021-11-23 16:53:55 - [MESSAGE][INFO] - Finding web element from Test Object's properties

2021-11-23 16:53:55 - [MESSAGE][INFO] - Checking timeout

2021-11-23 16:53:55 - [MESSAGE][INFO] - Finding web element with id: 'Object Repository/Sekmeler/Olusturma_Goster_Baslik' located by 'By.cssSelector: h1>span,td>font,font' in '30' second(s)

2021-11-23 16:53:55 - [MESSAGE][INFO] - Smart Wait Function is triggered

2021-11-23 16:53:56 - [MESSAGE][INFO] - Found 1 web elements with id: 'Object Repository/Sekmeler/Olusturma_Goster_Baslik' located by 'By.cssSelector: h1>span,td>font,font' in '30' second(s)

2021-11-23 16:53:56 - [MESSAGE][PASSED] - Actual text and expected text of test object 'Object Repository/Sekmeler/Olusturma_Goster_Baslik' are matched.

2021-11-23 16:53:56 - [MESSAGE][PASSED] - Call Test Case 'Test Cases/Sekmeler/YeniSekmeBasligindaVarMi' successfully

2021-11-23 16:53:56 - [MESSAGE][INFO] - Checking called Test Case

2021-11-23 16:53:56 - [MESSAGE][INFO] - Starting to call Test Case 'Test Cases/Sekmeler/Ana_Sekmeye_Gec'

2021-11-23 16:53:56 - [TEST_CASE][PASSED] - Test Cases/Sekmeler/Ana_Sekmeye_Gec: Test Cases/Sekmeler/Ana_Sekmeye_Gec

2021-11-23 16:53:56 - [TEST_STEP][PASSED] - try: Window with index 1 is closed

2021-11-23 16:53:56 - [TEST_STEP][PASSED] - index = getWindowIndex(): Current window's index is: 1

2021-11-23 16:53:56 - [MESSAGE][INFO] - Getting current window's index

2021-11-23 16:53:56 - [MESSAGE][PASSED] - Current window's index is: 1

2021-11-23 16:53:56 - [TEST_STEP][PASSED] - closeWindowIndex(index): Window with index 1 is closed

2021-11-23 16:53:56 - [MESSAGE][INFO] - Checking index

2021-11-23 16:53:56 - [MESSAGE][INFO] - Closing window with index 1

2021-11-23 16:53:56 - [MESSAGE][PASSED] - Window with index 1 is closed

2021-11-23 16:53:56 - [TEST_STEP][PASSED] - switchToWindowIndex(0): Switched to window with index: '0'

2021-11-23 16:53:56 - [MESSAGE][INFO] - Checking index

2021-11-23 16:53:56 - [MESSAGE][INFO] - Switching window with index: '0'

2021-11-23 16:53:56 - [MESSAGE][PASSED] - Switched to window with index: '0'

2021-11-23 16:53:56 - [MESSAGE][PASSED] - Call Test Case 'Test Cases/Sekmeler/Ana_Sekmeye_Gec' successfully

2021-11-23 16:53:56 - [MESSAGE][INFO] - Checking called Test Case

2021-11-23 16:53:56 - [MESSAGE][INFO] - Starting to call Test Case 'Test Cases/Kullanici_Islemleri/KullaniciIslemlerindenSecimYapilir'

2021-11-23 16:53:56 - [TEST_CASE][PASSED] - Test Cases/Kullanici_Islemleri/KullaniciIslemlerindenSecimYapilir: Test Cases/Kullanici_Islemleri/KullaniciIslemlerindenSecimYapilir

2021-11-23 16:53:56 - [TEST_STEP][PASSED] - waitForElementClickable(findTestObject("Object Repository/Kullanici_Islemleri/KullaniciIslemleri"), 10): Object 'Object Repository/Kullanici_Islemleri/KullaniciIslemleri' is clickable

2021-11-23 16:53:56 - [MESSAGE][INFO] - Finding Test Object 'Object Repository/Kullanici_Islemleri/KullaniciIslemleri'

2021-11-23 16:53:56 - [MESSAGE][INFO] - Checking object

2021-11-23 16:53:56 - [MESSAGE][INFO] - Checking timeout

2021-11-23 16:53:56 - [MESSAGE][INFO] - Finding web element from Test Object's properties

2021-11-23 16:53:56 - [MESSAGE][INFO] - Checking timeout

2021-11-23 16:53:56 - [MESSAGE][INFO] - Finding web element with id: 'Object Repository/Kullanici_Islemleri/KullaniciIslemleri' located by 'By.cssSelector: .dropdown>a>img' in '10' second(s)

2021-11-23 16:53:56 - [MESSAGE][INFO] - Smart Wait Function is triggered

2021-11-23 16:53:57 - [MESSAGE][INFO] - Found 1 web elements with id: 'Object Repository/Kullanici_Islemleri/KullaniciIslemleri' located by 'By.cssSelector: .dropdown>a>img' in '10' second(s)

2021-11-23 16:53:57 - [MESSAGE][PASSED] - Object 'Object Repository/Kullanici_Islemleri/KullaniciIslemleri' is clickable

2021-11-23 16:53:57 - [TEST_STEP][PASSED] - click(findTestObject("Object Repository/Kullanici_Islemleri/KullaniciIslemleri")): Object: 'Object Repository/Kullanici_Islemleri/KullaniciIslemleri' is clicked on

2021-11-23 16:53:57 - [MESSAGE][INFO] - Finding Test Object 'Object Repository/Kullanici_Islemleri/KullaniciIslemleri'

2021-11-23 16:53:57 - [MESSAGE][INFO] - Checking object

2021-11-23 16:53:57 - [MESSAGE][INFO] - Finding web element from Test Object's properties

2021-11-23 16:53:57 - [MESSAGE][INFO] - Checking timeout

2021-11-23 16:53:57 - [MESSAGE][INFO] - Finding web element with id: 'Object Repository/Kullanici_Islemleri/KullaniciIslemleri' located by 'By.cssSelector: .dropdown>a>img' in '30' second(s)

2021-11-23 16:53:57 - [MESSAGE][INFO] - Smart Wait Function is triggered

2021-11-23 16:53:57 - [MESSAGE][INFO] - Found 1 web elements with id: 'Object Repository/Kullanici_Islemleri/KullaniciIslemleri' located by 'By.cssSelector: .dropdown>a>img' in '30' second(s)

2021-11-23 16:53:57 - [MESSAGE][INFO] - Clicking on object: 'Object Repository/Kullanici_Islemleri/KullaniciIslemleri'

2021-11-23 16:53:57 - [MESSAGE][PASSED] - Object: 'Object Repository/Kullanici_Islemleri/KullaniciIslemleri' is clicked on

2021-11-23 16:53:57 - [TEST_STEP][PASSED] - Method.TextDegerineEsitElementeTikla(findTestObject("Object Repository/Kullanici_Islemleri/Secenekler"), Islem): Method.TextDegerineEsitElementeTikla is PASSED

2021-11-23 16:53:57 - [MESSAGE][INFO] - Finding Test Object 'Object Repository/Kullanici_Islemleri/Secenekler'

2021-11-23 16:53:57 - [MESSAGE][INFO] - Checking timeout

2021-11-23 16:53:57 - [MESSAGE][INFO] - Finding web element with id: 'Object Repository/Kullanici_Islemleri/Secenekler' located by 'By.cssSelector: .nav.navbar-nav.navbar-right li a' in '10' second(s)

2021-11-23 16:53:57 - [MESSAGE][INFO] - Smart Wait Function is triggered

2021-11-23 16:53:57 - [MESSAGE][INFO] - Found 22 web elements with id: 'Object Repository/Kullanici_Islemleri/Secenekler' located by 'By.cssSelector: .nav.navbar-nav.navbar-right li a' in '10' second(s)

2021-11-23 16:54:00 - [MESSAGE][PASSED] - Method.TextDegerineEsitElementeTikla is PASSED

2021-11-23 16:54:00 - [TEST_STEP][PASSED] - verifyElementNotPresent(findTestObject("Object Repository/Kullanici_Islemleri/Secenekler"), 10): Web element with id: 'Object Repository/Kullanici_Islemleri/Secenekler' located by 'By.cssSelector: .nav.navbar-nav.navbar-right li a' is not present after '10' second(s)

2021-11-23 16:54:00 - [MESSAGE][INFO] - Finding Test Object 'Object Repository/Kullanici_Islemleri/Secenekler'

2021-11-23 16:54:00 - [MESSAGE][INFO] - Checking object

2021-11-23 16:54:00 - [MESSAGE][INFO] - Checking timeout

2021-11-23 16:54:00 - [MESSAGE][INFO] - Finding web element with id: 'Object Repository/Kullanici_Islemleri/Secenekler' located by 'By.cssSelector: .nav.navbar-nav.navbar-right li a' in '10' second(s)

2021-11-23 16:54:00 - [MESSAGE][INFO] - Smart Wait Function is triggered

2021-11-23 16:54:01 - [MESSAGE][PASSED] - Web element with id: 'Object Repository/Kullanici_Islemleri/Secenekler' located by 'By.cssSelector: .nav.navbar-nav.navbar-right li a' is not present after '10' second(s)

2021-11-23 16:54:01 - [MESSAGE][PASSED] - Call Test Case 'Test Cases/Kullanici_Islemleri/KullaniciIslemlerindenSecimYapilir' successfully

2021-11-23 16:54:01 - [TEST_CASE][PASSED] - Start Test Case : SCENARIO e-Serbest Meslek Makbuzlari Goruntule: SCENARIO e-Serbest Meslek Makbuzlari Goruntule

2021-11-23 16:54:01 - [TEST_STEP][PASSED] - Kullanıcı adı ELOGO6 ve Şifre 123456 olarak giriş yapılır: Kullanıcı adı ELOGO6 ve Şifre 123456 olarak giriş yapılır

2021-11-23 16:54:01 - [MESSAGE][PASSED] - Kullanıcı adı ELOGO6 ve Şifre 123456 olarak giriş yapılır

2021-11-23 16:54:01 - [TEST_STEP][PASSED] - Ana menüden e-Makbuz seçilir: Ana menüden e-Makbuz seçilir

2021-11-23 16:54:01 - [MESSAGE][PASSED] - Ana menüden e-Makbuz seçilir

2021-11-23 16:54:01 - [TEST_STEP][PASSED] - Alt menü e-Serbest Meslek Uygulaması başlığı altındaki e-Serbest Meslek Makbuzları seçilir: Alt menü e-Serbest Meslek Uygulaması başlığı altındaki e-Serbest Meslek Makbuzları seçilir

2021-11-23 16:54:01 - [MESSAGE][PASSED] - Alt menü e-Serbest Meslek Uygulaması başlığı altındaki e-Serbest Meslek Makbuzları seçilir

2021-11-23 16:54:01 - [TEST_STEP][PASSED] - Filtrelerden Oluşturma Tarihi filtresine 01.12.2020 baslangic degerini yaz: Filtrelerden Oluşturma Tarihi filtresine 01.12.2020 baslangic degerini yaz

2021-11-23 16:54:01 - [MESSAGE][PASSED] - Filtrelerden Oluşturma Tarihi filtresine 01.12.2020 baslangic degerini yaz

2021-11-23 16:54:01 - [TEST_STEP][PASSED] - Filtrelerden Oluşturma Tarihi filtresine 31.12.2020 bitis degerini yaz: Filtrelerden Oluşturma Tarihi filtresine 31.12.2020 bitis degerini yaz

2021-11-23 16:54:01 - [MESSAGE][PASSED] - Filtrelerden Oluşturma Tarihi filtresine 31.12.2020 bitis degerini yaz

2021-11-23 16:54:01 - [TEST_STEP][PASSED] - Filtre butonlarından Listele seçilir: Filtre butonlarından Listele seçilir

2021-11-23 16:54:01 - [MESSAGE][PASSED] - Filtre butonlarından Listele seçilir

2021-11-23 16:54:01 - [TEST_STEP][PASSED] - Tabloda veri var mı kontrol edilir: Tabloda veri var mı kontrol edilir

2021-11-23 16:54:01 - [MESSAGE][PASSED] - Tabloda veri var mı kontrol edilir

2021-11-23 16:54:01 - [TEST_STEP][PASSED] - Tablodaki TEST isimli verinin Görüntüle adlı butonuna tıklanır: Tablodaki TEST isimli verinin Görüntüle adlı butonuna tıklanır

2021-11-23 16:54:01 - [MESSAGE][PASSED] - Tablodaki TEST isimli verinin Görüntüle adlı butonuna tıklanır

2021-11-23 16:54:01 - [TEST_STEP][PASSED] - Yeni açılan sekmeye geçilir: Yeni açılan sekmeye geçilir

2021-11-23 16:54:01 - [MESSAGE][PASSED] - Yeni açılan sekmeye geçilir

2021-11-23 16:54:01 - [TEST_STEP][PASSED] - Yeni sekme başlığında e-Serbest Meslek Makbuzu var mı kontrol edilir: Yeni sekme başlığında e-Serbest Meslek Makbuzu var mı kontrol edilir

2021-11-23 16:54:01 - [MESSAGE][PASSED] - Yeni sekme başlığında e-Serbest Meslek Makbuzu var mı kontrol edilir

2021-11-23 16:54:01 - [TEST_STEP][PASSED] - Ana sekmeye geçilir: Ana sekmeye geçilir

2021-11-23 16:54:01 - [MESSAGE][PASSED] - Ana sekmeye geçilir

2021-11-23 16:54:01 - [TEST_STEP][PASSED] - Kullanıcı işlemlerinden Çıkış seçilir: Kullanıcı işlemlerinden Çıkış seçilir

2021-11-23 16:54:01 - [MESSAGE][PASSED] - Kullanıcı işlemlerinden Çıkış seçilir

2021-11-23 16:54:01 - [MESSAGE][PASSED] - Feature file: 'Include/features/e-Makbuz/e-Serbest Meslek Uygulaması/e-Serbest Meslek Makbuzlari/Goruntule.feature' was passed

2021-11-23 16:54:01 - [TEST_STEP][PASSED] - Start listener action : sampleAfterTestSuite: Invoke 'com.kms.katalon.core.annotation.AfterTestCase' method: 'Listener.sampleAfterTestSuite(...)' completed.

2021-11-23 16:54:01 - [MESSAGE][INFO] - Starting invoke 'com.kms.katalon.core.annotation.AfterTestCase' method: 'Listener.sampleAfterTestSuite(...)'

2021-11-23 16:54:01 - [TEST_STEP][PASSED] - closeBrowser(): Invoke 'com.kms.katalon.core.annotation.AfterTestCase' method: 'Listener.sampleAfterTestSuite(...)' completed.

2021-11-23 16:54:01 - [MESSAGE][INFO] - Closing browser

2021-11-23 16:54:01 - [MESSAGE][PASSED] - Browser is closed

2021-11-23 16:54:01 - [MESSAGE][INFO] - Invoke 'com.kms.katalon.core.annotation.AfterTestCase' method: 'Listener.sampleAfterTestSuite(...)' completed.]]></system-out>
         <system-err><![CDATA[]]></system-err>
      </testcase>
      <testcase name="Test Cases/Case Repository/e-Makbuz/e-Serbest Meslek Uygulamasi/e-Serbest Meslek Makbuzlari/Iptal Et-Geri Al" time="44.132" classname="Test Cases/Case Repository/e-Makbuz/e-Serbest Meslek Uygulamasi/e-Serbest Meslek Makbuzlari/Iptal Et-Geri Al" status="PASSED">
         <system-out><![CDATA[2021-11-23 16:54:01 - [TEST_CASE][PASSED] - Test Cases/Case Repository/e-Makbuz/e-Serbest Meslek Uygulamasi/e-Serbest Meslek Makbuzlari/Iptal Et-Geri Al: Test Cases/Case Repository/e-Makbuz/e-Serbest Meslek Uygulamasi/e-Serbest Meslek Makbuzlari/Iptal Et-Geri Al

2021-11-23 16:54:02 - [TEST_STEP][PASSED] - Start listener action : sampleBeforeTestSuite: Invoke 'com.kms.katalon.core.annotation.BeforeTestCase' method: 'Listener.sampleBeforeTestSuite(...)' completed.

2021-11-23 16:54:02 - [MESSAGE][INFO] - Starting invoke 'com.kms.katalon.core.annotation.BeforeTestCase' method: 'Listener.sampleBeforeTestSuite(...)'

2021-11-23 16:54:02 - [TEST_STEP][PASSED] - openBrowser(baseUrl): Browser is opened with url: 'https://efatura-stage.elogo.com.tr/'

2021-11-23 16:54:02 - [MESSAGE][INFO] - Opening browser

2021-11-23 16:54:02 - [MESSAGE][INFO] - Starting 'Chrome' driver

2021-11-23 16:54:02 - [MESSAGE][INFO] - User set preference: ['prefs', '{download.default_directory=C:\otomasyondownfiles}']

2021-11-23 16:54:02 - [MESSAGE][INFO] - Action delay is set to 0 milliseconds

2021-11-23 16:54:03 - [MESSAGE][INFO] - Navigating browser to: 'https://efatura-stage.elogo.com.tr/'

2021-11-23 16:54:06 - [MESSAGE][PASSED] - Browser is opened with url: 'https://efatura-stage.elogo.com.tr/'

2021-11-23 16:54:06 - [TEST_STEP][PASSED] - maximizeWindow(): Invoke 'com.kms.katalon.core.annotation.BeforeTestCase' method: 'Listener.sampleBeforeTestSuite(...)' completed.

2021-11-23 16:54:06 - [MESSAGE][INFO] - Maximizing current window

2021-11-23 16:54:06 - [MESSAGE][PASSED] - Current window maximized

2021-11-23 16:54:06 - [MESSAGE][INFO] - Invoke 'com.kms.katalon.core.annotation.BeforeTestCase' method: 'Listener.sampleBeforeTestSuite(...)' completed.

2021-11-23 16:54:07 - [TEST_STEP][PASSED] - runFeatureFile("Include/features/e-Makbuz/e-Serbest Meslek Uygulaması/e-Serbest Meslek Makbuzlari/Iptal Et-Geri Al.feature"): Feature file: 'Include/features/e-Makbuz/e-Serbest Meslek Uygulaması/e-Serbest Meslek Makbuzlari/Iptal Et-Geri Al.feature' was passed

2021-11-23 16:54:07 - [MESSAGE][INFO] - Starting run keyword runFeatureFile: 'Include/features/e-Makbuz/e-Serbest Meslek Uygulaması/e-Serbest Meslek Makbuzlari/Iptal Et-Geri Al.feature' and extract report to folder: 'C:\Users\DELL\Documents\GitHub\EES_KatalonLogo\Reports\20211123_163326\Suite Repository\e-Makbuz\20211123_163348/cucumber_report/1637675647178'...

2021-11-23 16:54:07 - [MESSAGE][INFO] - Glue: []

2021-11-23 16:54:09 - [MESSAGE][INFO] - Checking called Test Case

2021-11-23 16:54:09 - [MESSAGE][INFO] - Starting to call Test Case 'Test Cases/Sayfalar/Giris_Sayfasi/Login'

2021-11-23 16:54:09 - [TEST_CASE][PASSED] - Test Cases/Sayfalar/Giris_Sayfasi/Login: Test Cases/Sayfalar/Giris_Sayfasi/Login

2021-11-23 16:54:10 - [TEST_STEP][PASSED] - Sayfa_Basligi = getWindowTitle(): Current window's title is: 'LOGO e-Fatura'

2021-11-23 16:54:10 - [MESSAGE][INFO] - Getting current window's title

2021-11-23 16:54:10 - [MESSAGE][PASSED] - Current window's title is: 'LOGO e-Fatura'

2021-11-23 16:54:10 - [TEST_STEP][PASSED] - verifyMatch(Sayfa_Basligi, "LOGO e-Fatura", false): Actual text 'LOGO e-Fatura' and expected text 'LOGO e-Fatura' are matched 

2021-11-23 16:54:10 - [MESSAGE][INFO] - Matching actual text 'LOGO e-Fatura' with expected text 'LOGO e-Fatura'

2021-11-23 16:54:10 - [MESSAGE][PASSED] - Actual text 'LOGO e-Fatura' and expected text 'LOGO e-Fatura' are matched 

2021-11-23 16:54:10 - [TEST_STEP][PASSED] - sendKeys(findTestObject("Sayfalar/Giris_Sayfasi/Firma_Kodu"), KullaniciAdi): Keys 'ELOGO6' sent to object: 'Object Repository/Sayfalar/Giris_Sayfasi/Firma_Kodu'

2021-11-23 16:54:10 - [MESSAGE][INFO] - Finding Test Object 'Object Repository/Sayfalar/Giris_Sayfasi/Firma_Kodu'

2021-11-23 16:54:10 - [MESSAGE][INFO] - Sending keys 'ELOGO6' to object: 'Object Repository/Sayfalar/Giris_Sayfasi/Firma_Kodu'

2021-11-23 16:54:10 - [MESSAGE][INFO] - Finding web element from Test Object's properties

2021-11-23 16:54:10 - [MESSAGE][INFO] - Checking timeout

2021-11-23 16:54:10 - [MESSAGE][INFO] - Finding web element with id: 'Object Repository/Sayfalar/Giris_Sayfasi/Firma_Kodu' located by 'By.xpath: //*[@id = 'AccountName']' in '30' second(s)

2021-11-23 16:54:10 - [MESSAGE][INFO] - Smart Wait Function is triggered

2021-11-23 16:54:10 - [MESSAGE][INFO] - Found 1 web elements with id: 'Object Repository/Sayfalar/Giris_Sayfasi/Firma_Kodu' located by 'By.xpath: //*[@id = 'AccountName']' in '30' second(s)

2021-11-23 16:54:10 - [MESSAGE][PASSED] - Keys 'ELOGO6' sent to object: 'Object Repository/Sayfalar/Giris_Sayfasi/Firma_Kodu'

2021-11-23 16:54:10 - [TEST_STEP][PASSED] - sendKeys(findTestObject("Sayfalar/Giris_Sayfasi/Sifre"), Sifre): Keys '123456' sent to object: 'Object Repository/Sayfalar/Giris_Sayfasi/Sifre'

2021-11-23 16:54:10 - [MESSAGE][INFO] - Finding Test Object 'Object Repository/Sayfalar/Giris_Sayfasi/Sifre'

2021-11-23 16:54:10 - [MESSAGE][INFO] - Sending keys '123456' to object: 'Object Repository/Sayfalar/Giris_Sayfasi/Sifre'

2021-11-23 16:54:10 - [MESSAGE][INFO] - Finding web element from Test Object's properties

2021-11-23 16:54:10 - [MESSAGE][INFO] - Checking timeout

2021-11-23 16:54:10 - [MESSAGE][INFO] - Finding web element with id: 'Object Repository/Sayfalar/Giris_Sayfasi/Sifre' located by 'By.xpath: //*[@id = 'Password']' in '30' second(s)

2021-11-23 16:54:10 - [MESSAGE][INFO] - Smart Wait Function is triggered

2021-11-23 16:54:10 - [MESSAGE][INFO] - Found 1 web elements with id: 'Object Repository/Sayfalar/Giris_Sayfasi/Sifre' located by 'By.xpath: //*[@id = 'Password']' in '30' second(s)

2021-11-23 16:54:10 - [MESSAGE][PASSED] - Keys '123456' sent to object: 'Object Repository/Sayfalar/Giris_Sayfasi/Sifre'

2021-11-23 16:54:10 - [TEST_STEP][PASSED] - findWebElement(findTestObject("Sayfalar/Giris_Sayfasi/Giris_Butonu")).click(): Found 1 web elements with id: 'Object Repository/Sayfalar/Giris_Sayfasi/Giris_Butonu' located by 'By.cssSelector: #btnLogin' in '30' second(s)

2021-11-23 16:54:10 - [MESSAGE][INFO] - Finding Test Object 'Object Repository/Sayfalar/Giris_Sayfasi/Giris_Butonu'

2021-11-23 16:54:11 - [MESSAGE][INFO] - Finding web element from Test Object's properties

2021-11-23 16:54:11 - [MESSAGE][INFO] - Checking timeout

2021-11-23 16:54:11 - [MESSAGE][INFO] - Finding web element with id: 'Object Repository/Sayfalar/Giris_Sayfasi/Giris_Butonu' located by 'By.cssSelector: #btnLogin' in '30' second(s)

2021-11-23 16:54:11 - [MESSAGE][INFO] - Smart Wait Function is triggered

2021-11-23 16:54:11 - [MESSAGE][INFO] - Found 1 web elements with id: 'Object Repository/Sayfalar/Giris_Sayfasi/Giris_Butonu' located by 'By.cssSelector: #btnLogin' in '30' second(s)

2021-11-23 16:54:13 - [TEST_STEP][PASSED] - if (verifyElementPresent(findTestObject("Object Repository/Sayfalar/Giris_Sayfasi/RetveTamam_Butonu"), 5, OPTIONAL)): null

2021-11-23 16:54:13 - [MESSAGE][INFO] - Finding Test Object 'Object Repository/Sayfalar/Giris_Sayfasi/RetveTamam_Butonu'

2021-11-23 16:54:13 - [MESSAGE][INFO] - Checking object

2021-11-23 16:54:13 - [MESSAGE][INFO] - Finding web element from Test Object's properties

2021-11-23 16:54:13 - [MESSAGE][INFO] - Checking timeout

2021-11-23 16:54:13 - [MESSAGE][INFO] - Finding web element with id: 'Object Repository/Sayfalar/Giris_Sayfasi/RetveTamam_Butonu' located by 'By.xpath: //*[@class = 'btn btn-default']' in '5' second(s)

2021-11-23 16:54:13 - [MESSAGE][INFO] - Smart Wait Function is triggered

2021-11-23 16:54:14 - [MESSAGE][INFO] - Found 1 web elements with id: 'Object Repository/Sayfalar/Giris_Sayfasi/RetveTamam_Butonu' located by 'By.xpath: //*[@class = 'btn btn-default']' in '5' second(s)

2021-11-23 16:54:14 - [MESSAGE][PASSED] - Object 'Object Repository/Sayfalar/Giris_Sayfasi/RetveTamam_Butonu' is present

2021-11-23 16:54:14 - [TEST_STEP][PASSED] - click(findTestObject("Object Repository/Sayfalar/Giris_Sayfasi/RetveTamam_Butonu")): Object: 'Object Repository/Sayfalar/Giris_Sayfasi/RetveTamam_Butonu' is clicked on

2021-11-23 16:54:14 - [MESSAGE][INFO] - Finding Test Object 'Object Repository/Sayfalar/Giris_Sayfasi/RetveTamam_Butonu'

2021-11-23 16:54:14 - [MESSAGE][INFO] - Checking object

2021-11-23 16:54:14 - [MESSAGE][INFO] - Finding web element from Test Object's properties

2021-11-23 16:54:14 - [MESSAGE][INFO] - Checking timeout

2021-11-23 16:54:14 - [MESSAGE][INFO] - Finding web element with id: 'Object Repository/Sayfalar/Giris_Sayfasi/RetveTamam_Butonu' located by 'By.xpath: //*[@class = 'btn btn-default']' in '30' second(s)

2021-11-23 16:54:14 - [MESSAGE][INFO] - Smart Wait Function is triggered

2021-11-23 16:54:14 - [MESSAGE][INFO] - Found 1 web elements with id: 'Object Repository/Sayfalar/Giris_Sayfasi/RetveTamam_Butonu' located by 'By.xpath: //*[@class = 'btn btn-default']' in '30' second(s)

2021-11-23 16:54:14 - [MESSAGE][INFO] - Clicking on object: 'Object Repository/Sayfalar/Giris_Sayfasi/RetveTamam_Butonu'

2021-11-23 16:54:14 - [MESSAGE][PASSED] - Object: 'Object Repository/Sayfalar/Giris_Sayfasi/RetveTamam_Butonu' is clicked on

2021-11-23 16:54:14 - [TEST_STEP][PASSED] - click(findTestObject("Object Repository/Sayfalar/Giris_Sayfasi/RetveTamam_Butonu")): Object: 'Object Repository/Sayfalar/Giris_Sayfasi/RetveTamam_Butonu' is clicked on

2021-11-23 16:54:14 - [MESSAGE][INFO] - Finding Test Object 'Object Repository/Sayfalar/Giris_Sayfasi/RetveTamam_Butonu'

2021-11-23 16:54:14 - [MESSAGE][INFO] - Checking object

2021-11-23 16:54:14 - [MESSAGE][INFO] - Finding web element from Test Object's properties

2021-11-23 16:54:14 - [MESSAGE][INFO] - Checking timeout

2021-11-23 16:54:14 - [MESSAGE][INFO] - Finding web element with id: 'Object Repository/Sayfalar/Giris_Sayfasi/RetveTamam_Butonu' located by 'By.xpath: //*[@class = 'btn btn-default']' in '30' second(s)

2021-11-23 16:54:14 - [MESSAGE][INFO] - Smart Wait Function is triggered

2021-11-23 16:54:17 - [MESSAGE][INFO] - Found 1 web elements with id: 'Object Repository/Sayfalar/Giris_Sayfasi/RetveTamam_Butonu' located by 'By.xpath: //*[@class = 'btn btn-default']' in '30' second(s)

2021-11-23 16:54:17 - [MESSAGE][INFO] - Clicking on object: 'Object Repository/Sayfalar/Giris_Sayfasi/RetveTamam_Butonu'

2021-11-23 16:54:17 - [MESSAGE][PASSED] - Object: 'Object Repository/Sayfalar/Giris_Sayfasi/RetveTamam_Butonu' is clicked on

2021-11-23 16:54:17 - [TEST_STEP][PASSED] - if (verifyElementPresent(findTestObject("Sayfalar/Giris_Sayfasi/PopupOK"), 5, OPTIONAL)): null

2021-11-23 16:54:17 - [MESSAGE][INFO] - Finding Test Object 'Object Repository/Sayfalar/Giris_Sayfasi/PopupOK'

2021-11-23 16:54:17 - [MESSAGE][INFO] - Checking object

2021-11-23 16:54:17 - [MESSAGE][INFO] - Finding web element from Test Object's properties

2021-11-23 16:54:17 - [MESSAGE][INFO] - Checking timeout

2021-11-23 16:54:17 - [MESSAGE][INFO] - Finding web element with id: 'Object Repository/Sayfalar/Giris_Sayfasi/PopupOK' located by 'By.cssSelector: .btn.btn-success' in '5' second(s)

2021-11-23 16:54:17 - [MESSAGE][INFO] - Smart Wait Function is triggered

2021-11-23 16:54:18 - [MESSAGE][INFO] - Found 1 web elements with id: 'Object Repository/Sayfalar/Giris_Sayfasi/PopupOK' located by 'By.cssSelector: .btn.btn-success' in '5' second(s)

2021-11-23 16:54:18 - [MESSAGE][PASSED] - Object 'Object Repository/Sayfalar/Giris_Sayfasi/PopupOK' is present

2021-11-23 16:54:18 - [TEST_STEP][PASSED] - click(findTestObject("Object Repository/Sayfalar/Giris_Sayfasi/PopupCarpiGiris")): Object: 'Object Repository/Sayfalar/Giris_Sayfasi/PopupCarpiGiris' is clicked on

2021-11-23 16:54:18 - [MESSAGE][INFO] - Finding Test Object 'Object Repository/Sayfalar/Giris_Sayfasi/PopupCarpiGiris'

2021-11-23 16:54:18 - [MESSAGE][INFO] - Checking object

2021-11-23 16:54:18 - [MESSAGE][INFO] - Finding web element from Test Object's properties

2021-11-23 16:54:18 - [MESSAGE][INFO] - Checking timeout

2021-11-23 16:54:18 - [MESSAGE][INFO] - Finding web element with id: 'Object Repository/Sayfalar/Giris_Sayfasi/PopupCarpiGiris' located by 'By.cssSelector: .bootbox-close-button.close' in '30' second(s)

2021-11-23 16:54:18 - [MESSAGE][INFO] - Smart Wait Function is triggered

2021-11-23 16:54:18 - [MESSAGE][INFO] - Found 1 web elements with id: 'Object Repository/Sayfalar/Giris_Sayfasi/PopupCarpiGiris' located by 'By.cssSelector: .bootbox-close-button.close' in '30' second(s)

2021-11-23 16:54:18 - [MESSAGE][INFO] - Clicking on object: 'Object Repository/Sayfalar/Giris_Sayfasi/PopupCarpiGiris'

2021-11-23 16:54:18 - [MESSAGE][PASSED] - Object: 'Object Repository/Sayfalar/Giris_Sayfasi/PopupCarpiGiris' is clicked on

2021-11-23 16:54:18 - [TEST_STEP][PASSED] - verifyElementVisible(findTestObject("Object Repository/Kullanici_Islemleri/KullaniciIslemleri")): Object 'Object Repository/Kullanici_Islemleri/KullaniciIslemleri' is visible

2021-11-23 16:54:18 - [MESSAGE][INFO] - Finding Test Object 'Object Repository/Kullanici_Islemleri/KullaniciIslemleri'

2021-11-23 16:54:19 - [MESSAGE][INFO] - Checking object

2021-11-23 16:54:19 - [MESSAGE][INFO] - Finding web element from Test Object's properties

2021-11-23 16:54:19 - [MESSAGE][INFO] - Checking timeout

2021-11-23 16:54:19 - [MESSAGE][INFO] - Finding web element with id: 'Object Repository/Kullanici_Islemleri/KullaniciIslemleri' located by 'By.cssSelector: .dropdown>a>img' in '30' second(s)

2021-11-23 16:54:19 - [MESSAGE][INFO] - Smart Wait Function is triggered

2021-11-23 16:54:19 - [MESSAGE][INFO] - Found 1 web elements with id: 'Object Repository/Kullanici_Islemleri/KullaniciIslemleri' located by 'By.cssSelector: .dropdown>a>img' in '30' second(s)

2021-11-23 16:54:19 - [MESSAGE][PASSED] - Object 'Object Repository/Kullanici_Islemleri/KullaniciIslemleri' is visible

2021-11-23 16:54:19 - [MESSAGE][PASSED] - Call Test Case 'Test Cases/Sayfalar/Giris_Sayfasi/Login' successfully

2021-11-23 16:54:19 - [MESSAGE][INFO] - Checking called Test Case

2021-11-23 16:54:19 - [MESSAGE][INFO] - Starting to call Test Case 'Test Cases/Menu/AnaMenuSecimi'

2021-11-23 16:54:19 - [TEST_CASE][PASSED] - Test Cases/Menu/AnaMenuSecimi: Test Cases/Menu/AnaMenuSecimi

2021-11-23 16:54:19 - [TEST_STEP][PASSED] - Method.TextDegerineEsitElementeTikla(findTestObject("Menu/Ana_Menu"), Ana_Menu): Method.TextDegerineEsitElementeTikla is PASSED

2021-11-23 16:54:19 - [MESSAGE][INFO] - Finding Test Object 'Object Repository/Menu/Ana_Menu'

2021-11-23 16:54:19 - [MESSAGE][INFO] - Checking timeout

2021-11-23 16:54:19 - [MESSAGE][INFO] - Finding web element with id: 'Object Repository/Menu/Ana_Menu' located by 'By.xpath: //*[@class = 'dropdown-toggle']' in '10' second(s)

2021-11-23 16:54:19 - [MESSAGE][INFO] - Smart Wait Function is triggered

2021-11-23 16:54:20 - [MESSAGE][INFO] - Found 14 web elements with id: 'Object Repository/Menu/Ana_Menu' located by 'By.xpath: //*[@class = 'dropdown-toggle']' in '10' second(s)

2021-11-23 16:54:20 - [MESSAGE][PASSED] - Method.TextDegerineEsitElementeTikla is PASSED

2021-11-23 16:54:20 - [MESSAGE][PASSED] - Call Test Case 'Test Cases/Menu/AnaMenuSecimi' successfully

2021-11-23 16:54:20 - [MESSAGE][INFO] - Checking called Test Case

2021-11-23 16:54:20 - [MESSAGE][INFO] - Starting to call Test Case 'Test Cases/Menu/BasligaGoreAltMenuSecimi'

2021-11-23 16:54:20 - [TEST_CASE][PASSED] - Test Cases/Menu/BasligaGoreAltMenuSecimi: Test Cases/Menu/BasligaGoreAltMenuSecimi

2021-11-23 16:54:20 - [TEST_STEP][PASSED] - Method.TextDegerineEsitElementinAltindakiTextDegerineEsitOlanaTikla(findTestObject("Menu/Menu_Basligi"), findTestObject("Menu/Basliga_Gore_Alt_Menu"), Baslik, Alt_Menu): Method.TextDegerineEsitElementinAltindakiTextDegerineEsitOlanaTikla is PASSED

2021-11-23 16:54:20 - [MESSAGE][INFO] - Finding Test Object 'Object Repository/Menu/Menu_Basligi'

2021-11-23 16:54:20 - [MESSAGE][INFO] - Finding Test Object 'Object Repository/Menu/Basliga_Gore_Alt_Menu'

2021-11-23 16:54:20 - [MESSAGE][INFO] - Checking timeout

2021-11-23 16:54:20 - [MESSAGE][INFO] - Finding web element with id: 'Object Repository/Menu/Menu_Basligi' located by 'By.xpath: //li[@class='dropdown dropdown-large open']//li[@class='dropdown-header']' in '10' second(s)

2021-11-23 16:54:20 - [MESSAGE][INFO] - Smart Wait Function is triggered

2021-11-23 16:54:20 - [MESSAGE][INFO] - Found 2 web elements with id: 'Object Repository/Menu/Menu_Basligi' located by 'By.xpath: //li[@class='dropdown dropdown-large open']//li[@class='dropdown-header']' in '10' second(s)

2021-11-23 16:54:20 - [MESSAGE][INFO] - Smart Wait Function is triggered

2021-11-23 16:54:22 - [MESSAGE][PASSED] - Method.TextDegerineEsitElementinAltindakiTextDegerineEsitOlanaTikla is PASSED

2021-11-23 16:54:22 - [MESSAGE][PASSED] - Call Test Case 'Test Cases/Menu/BasligaGoreAltMenuSecimi' successfully

2021-11-23 16:54:22 - [MESSAGE][INFO] - Checking called Test Case

2021-11-23 16:54:22 - [MESSAGE][INFO] - Starting to call Test Case 'Test Cases/Filtreler/BaslangicYaz'

2021-11-23 16:54:22 - [TEST_CASE][PASSED] - Test Cases/Filtreler/BaslangicYaz: Test Cases/Filtreler/BaslangicYaz

2021-11-23 16:54:22 - [TEST_STEP][PASSED] - delay(3): Delayed 3 second(s)

2021-11-23 16:54:22 - [MESSAGE][INFO] - Delaying browser in 3 second(s)

2021-11-23 16:54:26 - [MESSAGE][PASSED] - Delayed 3 second(s)

2021-11-23 16:54:26 - [TEST_STEP][PASSED] - Method.TextDegerineEsitElementinAltindakineTikla(findTestObject("Filtreler/Basliklar"), findTestObject("Filtreler/Basliga_Gore_Baslangic_Image"), Filtre_Adi): Method.TextDegerineEsitElementinAltindakineTikla is PASSED

2021-11-23 16:54:26 - [MESSAGE][INFO] - Finding Test Object 'Object Repository/Filtreler/Basliklar'

2021-11-23 16:54:26 - [MESSAGE][INFO] - Finding Test Object 'Object Repository/Filtreler/Basliga_Gore_Baslangic_Image'

2021-11-23 16:54:26 - [MESSAGE][INFO] - Checking timeout

2021-11-23 16:54:26 - [MESSAGE][INFO] - Finding web element with id: 'Object Repository/Filtreler/Basliklar' located by 'By.cssSelector: .control-label.col-sm-4.paddingMarginRLC' in '10' second(s)

2021-11-23 16:54:26 - [MESSAGE][INFO] - Smart Wait Function is triggered

2021-11-23 16:54:26 - [MESSAGE][INFO] - Found 13 web elements with id: 'Object Repository/Filtreler/Basliklar' located by 'By.cssSelector: .control-label.col-sm-4.paddingMarginRLC' in '10' second(s)

2021-11-23 16:54:26 - [MESSAGE][INFO] - Smart Wait Function is triggered

2021-11-23 16:54:26 - [MESSAGE][PASSED] - Method.TextDegerineEsitElementinAltindakineTikla is PASSED

2021-11-23 16:54:26 - [TEST_STEP][PASSED] - Method.TextDegerineEsitElementinAltindakiTextboxtaYaz(findTestObject("Filtreler/Basliklar"), findTestObject("Filtreler/Basliga_Gore_Baslangic"), Filtre_Adi, Filtre_Degeri): Method.TextDegerineEsitElementinAltindakiTextboxtaYaz is PASSED

2021-11-23 16:54:26 - [MESSAGE][INFO] - Finding Test Object 'Object Repository/Filtreler/Basliklar'

2021-11-23 16:54:26 - [MESSAGE][INFO] - Finding Test Object 'Object Repository/Filtreler/Basliga_Gore_Baslangic'

2021-11-23 16:54:26 - [MESSAGE][INFO] - Checking timeout

2021-11-23 16:54:26 - [MESSAGE][INFO] - Finding web element with id: 'Object Repository/Filtreler/Basliklar' located by 'By.cssSelector: .control-label.col-sm-4.paddingMarginRLC' in '10' second(s)

2021-11-23 16:54:26 - [MESSAGE][INFO] - Smart Wait Function is triggered

2021-11-23 16:54:27 - [MESSAGE][INFO] - Found 13 web elements with id: 'Object Repository/Filtreler/Basliklar' located by 'By.cssSelector: .control-label.col-sm-4.paddingMarginRLC' in '10' second(s)

2021-11-23 16:54:27 - [MESSAGE][INFO] - Smart Wait Function is triggered

2021-11-23 16:54:27 - [MESSAGE][PASSED] - Method.TextDegerineEsitElementinAltindakiTextboxtaYaz is PASSED

2021-11-23 16:54:27 - [MESSAGE][PASSED] - Call Test Case 'Test Cases/Filtreler/BaslangicYaz' successfully

2021-11-23 16:54:27 - [MESSAGE][INFO] - Checking called Test Case

2021-11-23 16:54:27 - [MESSAGE][INFO] - Starting to call Test Case 'Test Cases/Filtreler/BitisYaz'

2021-11-23 16:54:27 - [TEST_CASE][PASSED] - Test Cases/Filtreler/BitisYaz: Test Cases/Filtreler/BitisYaz

2021-11-23 16:54:27 - [TEST_STEP][PASSED] - Method.TextDegerineEsitElementinAltindakineTikla(findTestObject("Filtreler/Basliklar"), findTestObject("Filtreler/Basliga_Gore_Bitis_Image"), Filtre_Adi): Method.TextDegerineEsitElementinAltindakineTikla is PASSED

2021-11-23 16:54:27 - [MESSAGE][INFO] - Finding Test Object 'Object Repository/Filtreler/Basliklar'

2021-11-23 16:54:27 - [MESSAGE][INFO] - Finding Test Object 'Object Repository/Filtreler/Basliga_Gore_Bitis_Image'

2021-11-23 16:54:27 - [MESSAGE][INFO] - Checking timeout

2021-11-23 16:54:27 - [MESSAGE][INFO] - Finding web element with id: 'Object Repository/Filtreler/Basliklar' located by 'By.cssSelector: .control-label.col-sm-4.paddingMarginRLC' in '10' second(s)

2021-11-23 16:54:27 - [MESSAGE][INFO] - Smart Wait Function is triggered

2021-11-23 16:54:28 - [MESSAGE][INFO] - Found 13 web elements with id: 'Object Repository/Filtreler/Basliklar' located by 'By.cssSelector: .control-label.col-sm-4.paddingMarginRLC' in '10' second(s)

2021-11-23 16:54:28 - [MESSAGE][INFO] - Smart Wait Function is triggered

2021-11-23 16:54:28 - [MESSAGE][PASSED] - Method.TextDegerineEsitElementinAltindakineTikla is PASSED

2021-11-23 16:54:28 - [TEST_STEP][PASSED] - Method.TextDegerineEsitElementinAltindakiTextboxtaYaz(findTestObject("Filtreler/Basliklar"), findTestObject("Object Repository/Filtreler/Basliga_Gore_Bitis"), Filtre_Adi, Filtre_Degeri): Method.TextDegerineEsitElementinAltindakiTextboxtaYaz is PASSED

2021-11-23 16:54:28 - [MESSAGE][INFO] - Finding Test Object 'Object Repository/Filtreler/Basliklar'

2021-11-23 16:54:28 - [MESSAGE][INFO] - Finding Test Object 'Object Repository/Filtreler/Basliga_Gore_Bitis'

2021-11-23 16:54:28 - [MESSAGE][INFO] - Checking timeout

2021-11-23 16:54:28 - [MESSAGE][INFO] - Finding web element with id: 'Object Repository/Filtreler/Basliklar' located by 'By.cssSelector: .control-label.col-sm-4.paddingMarginRLC' in '10' second(s)

2021-11-23 16:54:28 - [MESSAGE][INFO] - Smart Wait Function is triggered

2021-11-23 16:54:28 - [MESSAGE][INFO] - Found 13 web elements with id: 'Object Repository/Filtreler/Basliklar' located by 'By.cssSelector: .control-label.col-sm-4.paddingMarginRLC' in '10' second(s)

2021-11-23 16:54:28 - [MESSAGE][INFO] - Smart Wait Function is triggered

2021-11-23 16:54:29 - [MESSAGE][PASSED] - Method.TextDegerineEsitElementinAltindakiTextboxtaYaz is PASSED

2021-11-23 16:54:29 - [MESSAGE][PASSED] - Call Test Case 'Test Cases/Filtreler/BitisYaz' successfully

2021-11-23 16:54:29 - [MESSAGE][INFO] - Checking called Test Case

2021-11-23 16:54:29 - [MESSAGE][INFO] - Starting to call Test Case 'Test Cases/Filtreler/ButonaTikla'

2021-11-23 16:54:29 - [TEST_CASE][PASSED] - Test Cases/Filtreler/ButonaTikla: Test Cases/Filtreler/ButonaTikla

2021-11-23 16:54:29 - [TEST_STEP][PASSED] - Method.TextDegerineEsitElementeTikla(findTestObject("Filtreler/Butonlar"), Filtre_Buton): Method.TextDegerineEsitElementeTikla is PASSED

2021-11-23 16:54:29 - [MESSAGE][INFO] - Finding Test Object 'Object Repository/Filtreler/Butonlar'

2021-11-23 16:54:29 - [MESSAGE][INFO] - Checking timeout

2021-11-23 16:54:29 - [MESSAGE][INFO] - Finding web element with id: 'Object Repository/Filtreler/Butonlar' located by 'By.cssSelector: .dxb>span' in '10' second(s)

2021-11-23 16:54:29 - [MESSAGE][INFO] - Smart Wait Function is triggered

2021-11-23 16:54:29 - [MESSAGE][INFO] - Found 3 web elements with id: 'Object Repository/Filtreler/Butonlar' located by 'By.cssSelector: .dxb>span' in '10' second(s)

2021-11-23 16:54:29 - [MESSAGE][PASSED] - Method.TextDegerineEsitElementeTikla is PASSED

2021-11-23 16:54:29 - [MESSAGE][PASSED] - Call Test Case 'Test Cases/Filtreler/ButonaTikla' successfully

2021-11-23 16:54:29 - [MESSAGE][INFO] - Checking called Test Case

2021-11-23 16:54:29 - [MESSAGE][INFO] - Starting to call Test Case 'Test Cases/Tablo/TablodaVeriVarMi'

2021-11-23 16:54:29 - [TEST_CASE][PASSED] - Test Cases/Tablo/TablodaVeriVarMi: Test Cases/Tablo/TablodaVeriVarMi

2021-11-23 16:54:29 - [TEST_STEP][PASSED] - verifyTextNotPresent("Görüntülenecek veri yok", true): Text 'Görüntülenecek veri yok' is not present on page using regular expression

2021-11-23 16:54:29 - [MESSAGE][INFO] - Checking text present  using regular expression

2021-11-23 16:54:29 - [MESSAGE][INFO] - Smart Wait Function is triggered

2021-11-23 16:54:30 - [MESSAGE][INFO] - Finding text 'Görüntülenecek veri yok' on page  using regular expression

2021-11-23 16:54:30 - [MESSAGE][PASSED] - Text 'Görüntülenecek veri yok' is not present on page using regular expression

2021-11-23 16:54:30 - [MESSAGE][PASSED] - Call Test Case 'Test Cases/Tablo/TablodaVeriVarMi' successfully

2021-11-23 16:54:30 - [MESSAGE][INFO] - Checking called Test Case

2021-11-23 16:54:30 - [MESSAGE][INFO] - Starting to call Test Case 'Test Cases/Tablo/TablodanVeriSec'

2021-11-23 16:54:30 - [TEST_CASE][PASSED] - Test Cases/Tablo/TablodanVeriSec: Test Cases/Tablo/TablodanVeriSec

2021-11-23 16:54:30 - [TEST_STEP][PASSED] - Method.TextDegerineEsitElementinAltindakineTikla(findTestObject("Tablo/Veriler"), findTestObject("Tablo/VerininCheckBoxi"), Veri_Adi): Method.TextDegerineEsitElementinAltindakineTikla is PASSED

2021-11-23 16:54:30 - [MESSAGE][INFO] - Finding Test Object 'Object Repository/Tablo/Veriler'

2021-11-23 16:54:30 - [MESSAGE][INFO] - Finding Test Object 'Object Repository/Tablo/VerininCheckBoxi'

2021-11-23 16:54:30 - [MESSAGE][INFO] - Checking timeout

2021-11-23 16:54:30 - [MESSAGE][INFO] - Finding web element with id: 'Object Repository/Tablo/Veriler' located by 'By.cssSelector: td.dxgv b ,td.dxgv' in '10' second(s)

2021-11-23 16:54:30 - [MESSAGE][INFO] - Smart Wait Function is triggered

2021-11-23 16:54:31 - [MESSAGE][INFO] - Found 52 web elements with id: 'Object Repository/Tablo/Veriler' located by 'By.cssSelector: td.dxgv b ,td.dxgv' in '10' second(s)

2021-11-23 16:54:31 - [MESSAGE][INFO] - Smart Wait Function is triggered

2021-11-23 16:54:31 - [MESSAGE][PASSED] - Method.TextDegerineEsitElementinAltindakineTikla is PASSED

2021-11-23 16:54:31 - [MESSAGE][PASSED] - Call Test Case 'Test Cases/Tablo/TablodanVeriSec' successfully

2021-11-23 16:54:31 - [MESSAGE][INFO] - Checking called Test Case

2021-11-23 16:54:31 - [MESSAGE][INFO] - Starting to call Test Case 'Test Cases/Butonlar/ButonaTikla'

2021-11-23 16:54:31 - [TEST_CASE][PASSED] - Test Cases/Butonlar/ButonaTikla: Test Cases/Butonlar/ButonaTikla

2021-11-23 16:54:31 - [TEST_STEP][PASSED] - Method.TextDegerineEsitElementeTiklaEquals(findTestObject("Butonlar/Butonlar"), Buton_Adi): Method.TextDegerineEsitElementeTiklaEquals is PASSED

2021-11-23 16:54:31 - [MESSAGE][INFO] - Finding Test Object 'Object Repository/Butonlar/Butonlar'

2021-11-23 16:54:31 - [MESSAGE][INFO] - Checking timeout

2021-11-23 16:54:31 - [MESSAGE][INFO] - Finding web element with id: 'Object Repository/Butonlar/Butonlar' located by 'By.cssSelector: .panel.panel-default.text-center.footerPanel .btn,.btn.btn-primary.btnControls' in '10' second(s)

2021-11-23 16:54:31 - [MESSAGE][INFO] - Smart Wait Function is triggered

2021-11-23 16:54:32 - [MESSAGE][INFO] - Found 11 web elements with id: 'Object Repository/Butonlar/Butonlar' located by 'By.cssSelector: .panel.panel-default.text-center.footerPanel .btn,.btn.btn-primary.btnControls' in '10' second(s)

2021-11-23 16:54:32 - [MESSAGE][PASSED] - Method.TextDegerineEsitElementeTiklaEquals is PASSED

2021-11-23 16:54:32 - [MESSAGE][PASSED] - Call Test Case 'Test Cases/Butonlar/ButonaTikla' successfully

2021-11-23 16:54:32 - [MESSAGE][INFO] - Checking called Test Case

2021-11-23 16:54:32 - [MESSAGE][INFO] - Starting to call Test Case 'Test Cases/Butonlar/AltButonaTikla'

2021-11-23 16:54:32 - [TEST_CASE][PASSED] - Test Cases/Butonlar/AltButonaTikla: Test Cases/Butonlar/AltButonaTikla

2021-11-23 16:54:32 - [TEST_STEP][PASSED] - Method.TextDegerineEsitElementeTikla(findTestObject("Butonlar/AltButonlar"), Alt_Buton): Method.TextDegerineEsitElementeTikla is PASSED

2021-11-23 16:54:32 - [MESSAGE][INFO] - Finding Test Object 'Object Repository/Butonlar/AltButonlar'

2021-11-23 16:54:32 - [MESSAGE][INFO] - Checking timeout

2021-11-23 16:54:32 - [MESSAGE][INFO] - Finding web element with id: 'Object Repository/Butonlar/AltButonlar' located by 'By.cssSelector: .btn-group.open li>a' in '10' second(s)

2021-11-23 16:54:32 - [MESSAGE][INFO] - Smart Wait Function is triggered

2021-11-23 16:54:32 - [MESSAGE][INFO] - Found 2 web elements with id: 'Object Repository/Butonlar/AltButonlar' located by 'By.cssSelector: .btn-group.open li>a' in '10' second(s)

2021-11-23 16:54:32 - [MESSAGE][PASSED] - Method.TextDegerineEsitElementeTikla is PASSED

2021-11-23 16:54:32 - [MESSAGE][PASSED] - Call Test Case 'Test Cases/Butonlar/AltButonaTikla' successfully

2021-11-23 16:54:32 - [MESSAGE][INFO] - Checking called Test Case

2021-11-23 16:54:32 - [MESSAGE][INFO] - Starting to call Test Case 'Test Cases/Popup/PopupMesajiIceriyorMu'

2021-11-23 16:54:32 - [TEST_CASE][PASSED] - Test Cases/Popup/PopupMesajiIceriyorMu: Test Cases/Popup/PopupMesajiIceriyorMu

2021-11-23 16:54:32 - [TEST_STEP][PASSED] - waitForElementVisible(findTestObject("Popup/Popup"), 10): Object 'Object Repository/Popup/Popup' is visible

2021-11-23 16:54:32 - [MESSAGE][INFO] - Finding Test Object 'Object Repository/Popup/Popup'

2021-11-23 16:54:32 - [MESSAGE][INFO] - Checking object

2021-11-23 16:54:32 - [MESSAGE][INFO] - Checking timeout

2021-11-23 16:54:32 - [MESSAGE][INFO] - Finding web element from Test Object's properties

2021-11-23 16:54:32 - [MESSAGE][INFO] - Checking timeout

2021-11-23 16:54:32 - [MESSAGE][INFO] - Finding web element with id: 'Object Repository/Popup/Popup' located by 'By.cssSelector: .bootbox-body' in '10' second(s)

2021-11-23 16:54:32 - [MESSAGE][INFO] - Smart Wait Function is triggered

2021-11-23 16:54:33 - [MESSAGE][INFO] - Found 1 web elements with id: 'Object Repository/Popup/Popup' located by 'By.cssSelector: .bootbox-body' in '10' second(s)

2021-11-23 16:54:33 - [MESSAGE][PASSED] - Object 'Object Repository/Popup/Popup' is visible

2021-11-23 16:54:33 - [TEST_STEP][PASSED] - if (!(getText(findTestObject("Popup/Popup")).contains(Mesaj))): Text of object 'Object Repository/Popup/Popup' is: 'Seçilen makbuzlardan başarılı durumunda olanlar iptal edilecektir onaylıyor musunuz?'

2021-11-23 16:54:33 - [MESSAGE][INFO] - Finding Test Object 'Object Repository/Popup/Popup'

2021-11-23 16:54:33 - [MESSAGE][INFO] - Checking object

2021-11-23 16:54:33 - [MESSAGE][INFO] - Finding web element from Test Object's properties

2021-11-23 16:54:33 - [MESSAGE][INFO] - Checking timeout

2021-11-23 16:54:33 - [MESSAGE][INFO] - Finding web element with id: 'Object Repository/Popup/Popup' located by 'By.cssSelector: .bootbox-body' in '30' second(s)

2021-11-23 16:54:33 - [MESSAGE][INFO] - Smart Wait Function is triggered

2021-11-23 16:54:34 - [MESSAGE][INFO] - Found 1 web elements with id: 'Object Repository/Popup/Popup' located by 'By.cssSelector: .bootbox-body' in '30' second(s)

2021-11-23 16:54:34 - [MESSAGE][INFO] - Getting text of object 'Object Repository/Popup/Popup'

2021-11-23 16:54:34 - [MESSAGE][PASSED] - Text of object 'Object Repository/Popup/Popup' is: 'Seçilen makbuzlardan başarılı durumunda olanlar iptal edilecektir onaylıyor musunuz?'

2021-11-23 16:54:34 - [TEST_STEP][PASSED] - RaporNo = getText(findTestObject("Popup/Popup")).substring(0, 6): Text of object 'Object Repository/Popup/Popup' is: 'Seçilen makbuzlardan başarılı durumunda olanlar iptal edilecektir onaylıyor musunuz?'

2021-11-23 16:54:34 - [MESSAGE][INFO] - Finding Test Object 'Object Repository/Popup/Popup'

2021-11-23 16:54:34 - [MESSAGE][INFO] - Checking object

2021-11-23 16:54:34 - [MESSAGE][INFO] - Finding web element from Test Object's properties

2021-11-23 16:54:34 - [MESSAGE][INFO] - Checking timeout

2021-11-23 16:54:34 - [MESSAGE][INFO] - Finding web element with id: 'Object Repository/Popup/Popup' located by 'By.cssSelector: .bootbox-body' in '30' second(s)

2021-11-23 16:54:34 - [MESSAGE][INFO] - Smart Wait Function is triggered

2021-11-23 16:54:34 - [MESSAGE][INFO] - Found 1 web elements with id: 'Object Repository/Popup/Popup' located by 'By.cssSelector: .bootbox-body' in '30' second(s)

2021-11-23 16:54:34 - [MESSAGE][INFO] - Getting text of object 'Object Repository/Popup/Popup'

2021-11-23 16:54:34 - [MESSAGE][PASSED] - Text of object 'Object Repository/Popup/Popup' is: 'Seçilen makbuzlardan başarılı durumunda olanlar iptal edilecektir onaylıyor musunuz?'

2021-11-23 16:54:34 - [TEST_STEP][PASSED] - Console.println(RaporNo): null

2021-11-23 16:54:34 - [MESSAGE][PASSED] - Call Test Case 'Test Cases/Popup/PopupMesajiIceriyorMu' successfully

2021-11-23 16:54:34 - [MESSAGE][INFO] - Checking called Test Case

2021-11-23 16:54:34 - [MESSAGE][INFO] - Starting to call Test Case 'Test Cases/Popup/PopupButonSecilir'

2021-11-23 16:54:34 - [TEST_CASE][PASSED] - Test Cases/Popup/PopupButonSecilir: Test Cases/Popup/PopupButonSecilir

2021-11-23 16:54:34 - [TEST_STEP][PASSED] - Method.TextDegerineEsitElementeTikla(findTestObject("Popup/Popup_Butons"), Buton): Method.TextDegerineEsitElementeTikla is PASSED

2021-11-23 16:54:34 - [MESSAGE][INFO] - Finding Test Object 'Object Repository/Popup/Popup_Butons'

2021-11-23 16:54:34 - [MESSAGE][INFO] - Checking timeout

2021-11-23 16:54:34 - [MESSAGE][INFO] - Finding web element with id: 'Object Repository/Popup/Popup_Butons' located by 'By.cssSelector: .modal-footer>button' in '10' second(s)

2021-11-23 16:54:34 - [MESSAGE][INFO] - Smart Wait Function is triggered

2021-11-23 16:54:34 - [MESSAGE][INFO] - Found 2 web elements with id: 'Object Repository/Popup/Popup_Butons' located by 'By.cssSelector: .modal-footer>button' in '10' second(s)

2021-11-23 16:54:35 - [MESSAGE][PASSED] - Method.TextDegerineEsitElementeTikla is PASSED

2021-11-23 16:54:35 - [MESSAGE][PASSED] - Call Test Case 'Test Cases/Popup/PopupButonSecilir' successfully

2021-11-23 16:54:35 - [MESSAGE][INFO] - Checking called Test Case

2021-11-23 16:54:35 - [MESSAGE][INFO] - Starting to call Test Case 'Test Cases/Popup/PopupMesajiIceriyorMu'

2021-11-23 16:54:35 - [TEST_CASE][PASSED] - Test Cases/Popup/PopupMesajiIceriyorMu: Test Cases/Popup/PopupMesajiIceriyorMu

2021-11-23 16:54:35 - [TEST_STEP][PASSED] - waitForElementVisible(findTestObject("Popup/Popup"), 10): Object 'Object Repository/Popup/Popup' is visible

2021-11-23 16:54:35 - [MESSAGE][INFO] - Finding Test Object 'Object Repository/Popup/Popup'

2021-11-23 16:54:35 - [MESSAGE][INFO] - Checking object

2021-11-23 16:54:35 - [MESSAGE][INFO] - Checking timeout

2021-11-23 16:54:35 - [MESSAGE][INFO] - Finding web element from Test Object's properties

2021-11-23 16:54:35 - [MESSAGE][INFO] - Checking timeout

2021-11-23 16:54:35 - [MESSAGE][INFO] - Finding web element with id: 'Object Repository/Popup/Popup' located by 'By.cssSelector: .bootbox-body' in '10' second(s)

2021-11-23 16:54:35 - [MESSAGE][INFO] - Smart Wait Function is triggered

2021-11-23 16:54:35 - [MESSAGE][INFO] - Found 1 web elements with id: 'Object Repository/Popup/Popup' located by 'By.cssSelector: .bootbox-body' in '10' second(s)

2021-11-23 16:54:35 - [MESSAGE][PASSED] - Object 'Object Repository/Popup/Popup' is visible

2021-11-23 16:54:35 - [TEST_STEP][PASSED] - if (!(getText(findTestObject("Popup/Popup")).contains(Mesaj))): Text of object 'Object Repository/Popup/Popup' is: 'Başarılı durumdaki 1 adet belge iptal edilmiştir.'

2021-11-23 16:54:35 - [MESSAGE][INFO] - Finding Test Object 'Object Repository/Popup/Popup'

2021-11-23 16:54:35 - [MESSAGE][INFO] - Checking object

2021-11-23 16:54:35 - [MESSAGE][INFO] - Finding web element from Test Object's properties

2021-11-23 16:54:35 - [MESSAGE][INFO] - Checking timeout

2021-11-23 16:54:35 - [MESSAGE][INFO] - Finding web element with id: 'Object Repository/Popup/Popup' located by 'By.cssSelector: .bootbox-body' in '30' second(s)

2021-11-23 16:54:35 - [MESSAGE][INFO] - Smart Wait Function is triggered

2021-11-23 16:54:36 - [MESSAGE][INFO] - Found 1 web elements with id: 'Object Repository/Popup/Popup' located by 'By.cssSelector: .bootbox-body' in '30' second(s)

2021-11-23 16:54:36 - [MESSAGE][INFO] - Getting text of object 'Object Repository/Popup/Popup'

2021-11-23 16:54:36 - [MESSAGE][PASSED] - Text of object 'Object Repository/Popup/Popup' is: 'Başarılı durumdaki 1 adet belge iptal edilmiştir.'

2021-11-23 16:54:36 - [TEST_STEP][PASSED] - RaporNo = getText(findTestObject("Popup/Popup")).substring(0, 6): Text of object 'Object Repository/Popup/Popup' is: 'Başarılı durumdaki 1 adet belge iptal edilmiştir.'

2021-11-23 16:54:36 - [MESSAGE][INFO] - Finding Test Object 'Object Repository/Popup/Popup'

2021-11-23 16:54:36 - [MESSAGE][INFO] - Checking object

2021-11-23 16:54:36 - [MESSAGE][INFO] - Finding web element from Test Object's properties

2021-11-23 16:54:36 - [MESSAGE][INFO] - Checking timeout

2021-11-23 16:54:36 - [MESSAGE][INFO] - Finding web element with id: 'Object Repository/Popup/Popup' located by 'By.cssSelector: .bootbox-body' in '30' second(s)

2021-11-23 16:54:36 - [MESSAGE][INFO] - Smart Wait Function is triggered

2021-11-23 16:54:36 - [MESSAGE][INFO] - Found 1 web elements with id: 'Object Repository/Popup/Popup' located by 'By.cssSelector: .bootbox-body' in '30' second(s)

2021-11-23 16:54:36 - [MESSAGE][INFO] - Getting text of object 'Object Repository/Popup/Popup'

2021-11-23 16:54:36 - [MESSAGE][PASSED] - Text of object 'Object Repository/Popup/Popup' is: 'Başarılı durumdaki 1 adet belge iptal edilmiştir.'

2021-11-23 16:54:36 - [TEST_STEP][PASSED] - Console.println(RaporNo): null

2021-11-23 16:54:36 - [MESSAGE][PASSED] - Call Test Case 'Test Cases/Popup/PopupMesajiIceriyorMu' successfully

2021-11-23 16:54:36 - [MESSAGE][INFO] - Checking called Test Case

2021-11-23 16:54:36 - [MESSAGE][INFO] - Starting to call Test Case 'Test Cases/Popup/PopupButonSecilir'

2021-11-23 16:54:36 - [TEST_CASE][PASSED] - Test Cases/Popup/PopupButonSecilir: Test Cases/Popup/PopupButonSecilir

2021-11-23 16:54:36 - [TEST_STEP][PASSED] - Method.TextDegerineEsitElementeTikla(findTestObject("Popup/Popup_Butons"), Buton): Method.TextDegerineEsitElementeTikla is PASSED

2021-11-23 16:54:36 - [MESSAGE][INFO] - Finding Test Object 'Object Repository/Popup/Popup_Butons'

2021-11-23 16:54:36 - [MESSAGE][INFO] - Checking timeout

2021-11-23 16:54:36 - [MESSAGE][INFO] - Finding web element with id: 'Object Repository/Popup/Popup_Butons' located by 'By.cssSelector: .modal-footer>button' in '10' second(s)

2021-11-23 16:54:36 - [MESSAGE][INFO] - Smart Wait Function is triggered

2021-11-23 16:54:36 - [MESSAGE][INFO] - Found 1 web elements with id: 'Object Repository/Popup/Popup_Butons' located by 'By.cssSelector: .modal-footer>button' in '10' second(s)

2021-11-23 16:54:37 - [MESSAGE][PASSED] - Method.TextDegerineEsitElementeTikla is PASSED

2021-11-23 16:54:37 - [MESSAGE][PASSED] - Call Test Case 'Test Cases/Popup/PopupButonSecilir' successfully

2021-11-23 16:54:37 - [MESSAGE][INFO] - Checking called Test Case

2021-11-23 16:54:37 - [MESSAGE][INFO] - Starting to call Test Case 'Test Cases/Butonlar/ButonaTikla'

2021-11-23 16:54:37 - [TEST_CASE][PASSED] - Test Cases/Butonlar/ButonaTikla: Test Cases/Butonlar/ButonaTikla

2021-11-23 16:54:37 - [TEST_STEP][PASSED] - Method.TextDegerineEsitElementeTiklaEquals(findTestObject("Butonlar/Butonlar"), Buton_Adi): Method.TextDegerineEsitElementeTiklaEquals is PASSED

2021-11-23 16:54:37 - [MESSAGE][INFO] - Finding Test Object 'Object Repository/Butonlar/Butonlar'

2021-11-23 16:54:37 - [MESSAGE][INFO] - Checking timeout

2021-11-23 16:54:37 - [MESSAGE][INFO] - Finding web element with id: 'Object Repository/Butonlar/Butonlar' located by 'By.cssSelector: .panel.panel-default.text-center.footerPanel .btn,.btn.btn-primary.btnControls' in '10' second(s)

2021-11-23 16:54:37 - [MESSAGE][INFO] - Smart Wait Function is triggered

2021-11-23 16:54:37 - [MESSAGE][INFO] - Found 11 web elements with id: 'Object Repository/Butonlar/Butonlar' located by 'By.cssSelector: .panel.panel-default.text-center.footerPanel .btn,.btn.btn-primary.btnControls' in '10' second(s)

2021-11-23 16:54:38 - [MESSAGE][PASSED] - Method.TextDegerineEsitElementeTiklaEquals is PASSED

2021-11-23 16:54:38 - [MESSAGE][PASSED] - Call Test Case 'Test Cases/Butonlar/ButonaTikla' successfully

2021-11-23 16:54:38 - [MESSAGE][INFO] - Checking called Test Case

2021-11-23 16:54:38 - [MESSAGE][INFO] - Starting to call Test Case 'Test Cases/Popup/PopupMesajiIceriyorMu'

2021-11-23 16:54:38 - [TEST_CASE][PASSED] - Test Cases/Popup/PopupMesajiIceriyorMu: Test Cases/Popup/PopupMesajiIceriyorMu

2021-11-23 16:54:38 - [TEST_STEP][PASSED] - waitForElementVisible(findTestObject("Popup/Popup"), 10): Object 'Object Repository/Popup/Popup' is visible

2021-11-23 16:54:38 - [MESSAGE][INFO] - Finding Test Object 'Object Repository/Popup/Popup'

2021-11-23 16:54:38 - [MESSAGE][INFO] - Checking object

2021-11-23 16:54:38 - [MESSAGE][INFO] - Checking timeout

2021-11-23 16:54:38 - [MESSAGE][INFO] - Finding web element from Test Object's properties

2021-11-23 16:54:38 - [MESSAGE][INFO] - Checking timeout

2021-11-23 16:54:38 - [MESSAGE][INFO] - Finding web element with id: 'Object Repository/Popup/Popup' located by 'By.cssSelector: .bootbox-body' in '10' second(s)

2021-11-23 16:54:38 - [MESSAGE][INFO] - Smart Wait Function is triggered

2021-11-23 16:54:38 - [MESSAGE][INFO] - Found 1 web elements with id: 'Object Repository/Popup/Popup' located by 'By.cssSelector: .bootbox-body' in '10' second(s)

2021-11-23 16:54:38 - [MESSAGE][PASSED] - Object 'Object Repository/Popup/Popup' is visible

2021-11-23 16:54:38 - [TEST_STEP][PASSED] - if (!(getText(findTestObject("Popup/Popup")).contains(Mesaj))): Text of object 'Object Repository/Popup/Popup' is: 'Seçilen makbuzlar için iptal işlemi geri alınacaktır onaylıyor musunuz?'

2021-11-23 16:54:38 - [MESSAGE][INFO] - Finding Test Object 'Object Repository/Popup/Popup'

2021-11-23 16:54:38 - [MESSAGE][INFO] - Checking object

2021-11-23 16:54:38 - [MESSAGE][INFO] - Finding web element from Test Object's properties

2021-11-23 16:54:38 - [MESSAGE][INFO] - Checking timeout

2021-11-23 16:54:38 - [MESSAGE][INFO] - Finding web element with id: 'Object Repository/Popup/Popup' located by 'By.cssSelector: .bootbox-body' in '30' second(s)

2021-11-23 16:54:38 - [MESSAGE][INFO] - Smart Wait Function is triggered

2021-11-23 16:54:38 - [MESSAGE][INFO] - Found 1 web elements with id: 'Object Repository/Popup/Popup' located by 'By.cssSelector: .bootbox-body' in '30' second(s)

2021-11-23 16:54:38 - [MESSAGE][INFO] - Getting text of object 'Object Repository/Popup/Popup'

2021-11-23 16:54:38 - [MESSAGE][PASSED] - Text of object 'Object Repository/Popup/Popup' is: 'Seçilen makbuzlar için iptal işlemi geri alınacaktır onaylıyor musunuz?'

2021-11-23 16:54:38 - [TEST_STEP][PASSED] - RaporNo = getText(findTestObject("Popup/Popup")).substring(0, 6): Text of object 'Object Repository/Popup/Popup' is: 'Seçilen makbuzlar için iptal işlemi geri alınacaktır onaylıyor musunuz?'

2021-11-23 16:54:38 - [MESSAGE][INFO] - Finding Test Object 'Object Repository/Popup/Popup'

2021-11-23 16:54:38 - [MESSAGE][INFO] - Checking object

2021-11-23 16:54:38 - [MESSAGE][INFO] - Finding web element from Test Object's properties

2021-11-23 16:54:38 - [MESSAGE][INFO] - Checking timeout

2021-11-23 16:54:38 - [MESSAGE][INFO] - Finding web element with id: 'Object Repository/Popup/Popup' located by 'By.cssSelector: .bootbox-body' in '30' second(s)

2021-11-23 16:54:38 - [MESSAGE][INFO] - Smart Wait Function is triggered

2021-11-23 16:54:39 - [MESSAGE][INFO] - Found 1 web elements with id: 'Object Repository/Popup/Popup' located by 'By.cssSelector: .bootbox-body' in '30' second(s)

2021-11-23 16:54:39 - [MESSAGE][INFO] - Getting text of object 'Object Repository/Popup/Popup'

2021-11-23 16:54:39 - [MESSAGE][PASSED] - Text of object 'Object Repository/Popup/Popup' is: 'Seçilen makbuzlar için iptal işlemi geri alınacaktır onaylıyor musunuz?'

2021-11-23 16:54:39 - [TEST_STEP][PASSED] - Console.println(RaporNo): null

2021-11-23 16:54:39 - [MESSAGE][PASSED] - Call Test Case 'Test Cases/Popup/PopupMesajiIceriyorMu' successfully

2021-11-23 16:54:39 - [MESSAGE][INFO] - Checking called Test Case

2021-11-23 16:54:39 - [MESSAGE][INFO] - Starting to call Test Case 'Test Cases/Popup/PopupButonSecilir'

2021-11-23 16:54:39 - [TEST_CASE][PASSED] - Test Cases/Popup/PopupButonSecilir: Test Cases/Popup/PopupButonSecilir

2021-11-23 16:54:39 - [TEST_STEP][PASSED] - Method.TextDegerineEsitElementeTikla(findTestObject("Popup/Popup_Butons"), Buton): Method.TextDegerineEsitElementeTikla is PASSED

2021-11-23 16:54:39 - [MESSAGE][INFO] - Finding Test Object 'Object Repository/Popup/Popup_Butons'

2021-11-23 16:54:39 - [MESSAGE][INFO] - Checking timeout

2021-11-23 16:54:39 - [MESSAGE][INFO] - Finding web element with id: 'Object Repository/Popup/Popup_Butons' located by 'By.cssSelector: .modal-footer>button' in '10' second(s)

2021-11-23 16:54:39 - [MESSAGE][INFO] - Smart Wait Function is triggered

2021-11-23 16:54:39 - [MESSAGE][INFO] - Found 2 web elements with id: 'Object Repository/Popup/Popup_Butons' located by 'By.cssSelector: .modal-footer>button' in '10' second(s)

2021-11-23 16:54:39 - [MESSAGE][PASSED] - Method.TextDegerineEsitElementeTikla is PASSED

2021-11-23 16:54:39 - [MESSAGE][PASSED] - Call Test Case 'Test Cases/Popup/PopupButonSecilir' successfully

2021-11-23 16:54:39 - [MESSAGE][INFO] - Checking called Test Case

2021-11-23 16:54:39 - [MESSAGE][INFO] - Starting to call Test Case 'Test Cases/Popup/PopupMesajiIceriyorMu'

2021-11-23 16:54:39 - [TEST_CASE][PASSED] - Test Cases/Popup/PopupMesajiIceriyorMu: Test Cases/Popup/PopupMesajiIceriyorMu

2021-11-23 16:54:39 - [TEST_STEP][PASSED] - waitForElementVisible(findTestObject("Popup/Popup"), 10): Object 'Object Repository/Popup/Popup' is visible

2021-11-23 16:54:39 - [MESSAGE][INFO] - Finding Test Object 'Object Repository/Popup/Popup'

2021-11-23 16:54:39 - [MESSAGE][INFO] - Checking object

2021-11-23 16:54:39 - [MESSAGE][INFO] - Checking timeout

2021-11-23 16:54:39 - [MESSAGE][INFO] - Finding web element from Test Object's properties

2021-11-23 16:54:39 - [MESSAGE][INFO] - Checking timeout

2021-11-23 16:54:39 - [MESSAGE][INFO] - Finding web element with id: 'Object Repository/Popup/Popup' located by 'By.cssSelector: .bootbox-body' in '10' second(s)

2021-11-23 16:54:39 - [MESSAGE][INFO] - Smart Wait Function is triggered

2021-11-23 16:54:40 - [MESSAGE][INFO] - Found 1 web elements with id: 'Object Repository/Popup/Popup' located by 'By.cssSelector: .bootbox-body' in '10' second(s)

2021-11-23 16:54:40 - [MESSAGE][PASSED] - Object 'Object Repository/Popup/Popup' is visible

2021-11-23 16:54:40 - [TEST_STEP][PASSED] - if (!(getText(findTestObject("Popup/Popup")).contains(Mesaj))): Text of object 'Object Repository/Popup/Popup' is: 'İptal Edildi durumunda olan ve raporlanmayan 1 adet belge için iptal işlemi geri alınmıştır.'

2021-11-23 16:54:40 - [MESSAGE][INFO] - Finding Test Object 'Object Repository/Popup/Popup'

2021-11-23 16:54:40 - [MESSAGE][INFO] - Checking object

2021-11-23 16:54:40 - [MESSAGE][INFO] - Finding web element from Test Object's properties

2021-11-23 16:54:40 - [MESSAGE][INFO] - Checking timeout

2021-11-23 16:54:40 - [MESSAGE][INFO] - Finding web element with id: 'Object Repository/Popup/Popup' located by 'By.cssSelector: .bootbox-body' in '30' second(s)

2021-11-23 16:54:40 - [MESSAGE][INFO] - Smart Wait Function is triggered

2021-11-23 16:54:40 - [MESSAGE][INFO] - Found 1 web elements with id: 'Object Repository/Popup/Popup' located by 'By.cssSelector: .bootbox-body' in '30' second(s)

2021-11-23 16:54:40 - [MESSAGE][INFO] - Getting text of object 'Object Repository/Popup/Popup'

2021-11-23 16:54:41 - [MESSAGE][PASSED] - Text of object 'Object Repository/Popup/Popup' is: 'İptal Edildi durumunda olan ve raporlanmayan 1 adet belge için iptal işlemi geri alınmıştır.'

2021-11-23 16:54:41 - [TEST_STEP][PASSED] - RaporNo = getText(findTestObject("Popup/Popup")).substring(0, 6): Text of object 'Object Repository/Popup/Popup' is: 'İptal Edildi durumunda olan ve raporlanmayan 1 adet belge için iptal işlemi geri alınmıştır.'

2021-11-23 16:54:41 - [MESSAGE][INFO] - Finding Test Object 'Object Repository/Popup/Popup'

2021-11-23 16:54:41 - [MESSAGE][INFO] - Checking object

2021-11-23 16:54:41 - [MESSAGE][INFO] - Finding web element from Test Object's properties

2021-11-23 16:54:41 - [MESSAGE][INFO] - Checking timeout

2021-11-23 16:54:41 - [MESSAGE][INFO] - Finding web element with id: 'Object Repository/Popup/Popup' located by 'By.cssSelector: .bootbox-body' in '30' second(s)

2021-11-23 16:54:41 - [MESSAGE][INFO] - Smart Wait Function is triggered

2021-11-23 16:54:41 - [MESSAGE][INFO] - Found 1 web elements with id: 'Object Repository/Popup/Popup' located by 'By.cssSelector: .bootbox-body' in '30' second(s)

2021-11-23 16:54:41 - [MESSAGE][INFO] - Getting text of object 'Object Repository/Popup/Popup'

2021-11-23 16:54:41 - [MESSAGE][PASSED] - Text of object 'Object Repository/Popup/Popup' is: 'İptal Edildi durumunda olan ve raporlanmayan 1 adet belge için iptal işlemi geri alınmıştır.'

2021-11-23 16:54:41 - [TEST_STEP][PASSED] - Console.println(RaporNo): null

2021-11-23 16:54:41 - [MESSAGE][PASSED] - Call Test Case 'Test Cases/Popup/PopupMesajiIceriyorMu' successfully

2021-11-23 16:54:41 - [MESSAGE][INFO] - Checking called Test Case

2021-11-23 16:54:41 - [MESSAGE][INFO] - Starting to call Test Case 'Test Cases/Popup/PopupButonSecilir'

2021-11-23 16:54:41 - [TEST_CASE][PASSED] - Test Cases/Popup/PopupButonSecilir: Test Cases/Popup/PopupButonSecilir

2021-11-23 16:54:41 - [TEST_STEP][PASSED] - Method.TextDegerineEsitElementeTikla(findTestObject("Popup/Popup_Butons"), Buton): Method.TextDegerineEsitElementeTikla is PASSED

2021-11-23 16:54:41 - [MESSAGE][INFO] - Finding Test Object 'Object Repository/Popup/Popup_Butons'

2021-11-23 16:54:41 - [MESSAGE][INFO] - Checking timeout

2021-11-23 16:54:41 - [MESSAGE][INFO] - Finding web element with id: 'Object Repository/Popup/Popup_Butons' located by 'By.cssSelector: .modal-footer>button' in '10' second(s)

2021-11-23 16:54:41 - [MESSAGE][INFO] - Smart Wait Function is triggered

2021-11-23 16:54:41 - [MESSAGE][INFO] - Found 1 web elements with id: 'Object Repository/Popup/Popup_Butons' located by 'By.cssSelector: .modal-footer>button' in '10' second(s)

2021-11-23 16:54:41 - [MESSAGE][PASSED] - Method.TextDegerineEsitElementeTikla is PASSED

2021-11-23 16:54:41 - [MESSAGE][PASSED] - Call Test Case 'Test Cases/Popup/PopupButonSecilir' successfully

2021-11-23 16:54:41 - [MESSAGE][INFO] - Checking called Test Case

2021-11-23 16:54:41 - [MESSAGE][INFO] - Starting to call Test Case 'Test Cases/Kullanici_Islemleri/KullaniciIslemlerindenSecimYapilir'

2021-11-23 16:54:41 - [TEST_CASE][PASSED] - Test Cases/Kullanici_Islemleri/KullaniciIslemlerindenSecimYapilir: Test Cases/Kullanici_Islemleri/KullaniciIslemlerindenSecimYapilir

2021-11-23 16:54:41 - [TEST_STEP][PASSED] - waitForElementClickable(findTestObject("Object Repository/Kullanici_Islemleri/KullaniciIslemleri"), 10): Object 'Object Repository/Kullanici_Islemleri/KullaniciIslemleri' is clickable

2021-11-23 16:54:41 - [MESSAGE][INFO] - Finding Test Object 'Object Repository/Kullanici_Islemleri/KullaniciIslemleri'

2021-11-23 16:54:42 - [MESSAGE][INFO] - Checking object

2021-11-23 16:54:42 - [MESSAGE][INFO] - Checking timeout

2021-11-23 16:54:42 - [MESSAGE][INFO] - Finding web element from Test Object's properties

2021-11-23 16:54:42 - [MESSAGE][INFO] - Checking timeout

2021-11-23 16:54:42 - [MESSAGE][INFO] - Finding web element with id: 'Object Repository/Kullanici_Islemleri/KullaniciIslemleri' located by 'By.cssSelector: .dropdown>a>img' in '10' second(s)

2021-11-23 16:54:42 - [MESSAGE][INFO] - Smart Wait Function is triggered

2021-11-23 16:54:42 - [MESSAGE][INFO] - Found 1 web elements with id: 'Object Repository/Kullanici_Islemleri/KullaniciIslemleri' located by 'By.cssSelector: .dropdown>a>img' in '10' second(s)

2021-11-23 16:54:42 - [MESSAGE][PASSED] - Object 'Object Repository/Kullanici_Islemleri/KullaniciIslemleri' is clickable

2021-11-23 16:54:42 - [TEST_STEP][PASSED] - click(findTestObject("Object Repository/Kullanici_Islemleri/KullaniciIslemleri")): Object: 'Object Repository/Kullanici_Islemleri/KullaniciIslemleri' is clicked on

2021-11-23 16:54:42 - [MESSAGE][INFO] - Finding Test Object 'Object Repository/Kullanici_Islemleri/KullaniciIslemleri'

2021-11-23 16:54:42 - [MESSAGE][INFO] - Checking object

2021-11-23 16:54:42 - [MESSAGE][INFO] - Finding web element from Test Object's properties

2021-11-23 16:54:42 - [MESSAGE][INFO] - Checking timeout

2021-11-23 16:54:42 - [MESSAGE][INFO] - Finding web element with id: 'Object Repository/Kullanici_Islemleri/KullaniciIslemleri' located by 'By.cssSelector: .dropdown>a>img' in '30' second(s)

2021-11-23 16:54:42 - [MESSAGE][INFO] - Smart Wait Function is triggered

2021-11-23 16:54:42 - [MESSAGE][INFO] - Found 1 web elements with id: 'Object Repository/Kullanici_Islemleri/KullaniciIslemleri' located by 'By.cssSelector: .dropdown>a>img' in '30' second(s)

2021-11-23 16:54:42 - [MESSAGE][INFO] - Clicking on object: 'Object Repository/Kullanici_Islemleri/KullaniciIslemleri'

2021-11-23 16:54:43 - [MESSAGE][PASSED] - Object: 'Object Repository/Kullanici_Islemleri/KullaniciIslemleri' is clicked on

2021-11-23 16:54:43 - [TEST_STEP][PASSED] - Method.TextDegerineEsitElementeTikla(findTestObject("Object Repository/Kullanici_Islemleri/Secenekler"), Islem): Method.TextDegerineEsitElementeTikla is PASSED

2021-11-23 16:54:43 - [MESSAGE][INFO] - Finding Test Object 'Object Repository/Kullanici_Islemleri/Secenekler'

2021-11-23 16:54:43 - [MESSAGE][INFO] - Checking timeout

2021-11-23 16:54:43 - [MESSAGE][INFO] - Finding web element with id: 'Object Repository/Kullanici_Islemleri/Secenekler' located by 'By.cssSelector: .nav.navbar-nav.navbar-right li a' in '10' second(s)

2021-11-23 16:54:43 - [MESSAGE][INFO] - Smart Wait Function is triggered

2021-11-23 16:54:43 - [MESSAGE][INFO] - Found 22 web elements with id: 'Object Repository/Kullanici_Islemleri/Secenekler' located by 'By.cssSelector: .nav.navbar-nav.navbar-right li a' in '10' second(s)

2021-11-23 16:54:44 - [MESSAGE][PASSED] - Method.TextDegerineEsitElementeTikla is PASSED

2021-11-23 16:54:44 - [TEST_STEP][PASSED] - verifyElementNotPresent(findTestObject("Object Repository/Kullanici_Islemleri/Secenekler"), 10): Web element with id: 'Object Repository/Kullanici_Islemleri/Secenekler' located by 'By.cssSelector: .nav.navbar-nav.navbar-right li a' is not present after '10' second(s)

2021-11-23 16:54:44 - [MESSAGE][INFO] - Finding Test Object 'Object Repository/Kullanici_Islemleri/Secenekler'

2021-11-23 16:54:45 - [MESSAGE][INFO] - Checking object

2021-11-23 16:54:45 - [MESSAGE][INFO] - Checking timeout

2021-11-23 16:54:45 - [MESSAGE][INFO] - Finding web element with id: 'Object Repository/Kullanici_Islemleri/Secenekler' located by 'By.cssSelector: .nav.navbar-nav.navbar-right li a' in '10' second(s)

2021-11-23 16:54:45 - [MESSAGE][INFO] - Smart Wait Function is triggered

2021-11-23 16:54:45 - [MESSAGE][PASSED] - Web element with id: 'Object Repository/Kullanici_Islemleri/Secenekler' located by 'By.cssSelector: .nav.navbar-nav.navbar-right li a' is not present after '10' second(s)

2021-11-23 16:54:45 - [MESSAGE][PASSED] - Call Test Case 'Test Cases/Kullanici_Islemleri/KullaniciIslemlerindenSecimYapilir' successfully

2021-11-23 16:54:45 - [TEST_CASE][PASSED] - Start Test Case : SCENARIO e-Serbest Meslek Makbuzlari Iptal Et: SCENARIO e-Serbest Meslek Makbuzlari Iptal Et

2021-11-23 16:54:45 - [TEST_STEP][PASSED] - Kullanıcı adı ELOGO6 ve Şifre 123456 olarak giriş yapılır: Kullanıcı adı ELOGO6 ve Şifre 123456 olarak giriş yapılır

2021-11-23 16:54:45 - [MESSAGE][PASSED] - Kullanıcı adı ELOGO6 ve Şifre 123456 olarak giriş yapılır

2021-11-23 16:54:45 - [TEST_STEP][PASSED] - Ana menüden e-Makbuz seçilir: Ana menüden e-Makbuz seçilir

2021-11-23 16:54:45 - [MESSAGE][PASSED] - Ana menüden e-Makbuz seçilir

2021-11-23 16:54:45 - [TEST_STEP][PASSED] - Alt menü e-Serbest Meslek Uygulaması başlığı altındaki e-Serbest Meslek Makbuzları seçilir: Alt menü e-Serbest Meslek Uygulaması başlığı altındaki e-Serbest Meslek Makbuzları seçilir

2021-11-23 16:54:45 - [MESSAGE][PASSED] - Alt menü e-Serbest Meslek Uygulaması başlığı altındaki e-Serbest Meslek Makbuzları seçilir

2021-11-23 16:54:45 - [TEST_STEP][PASSED] - Filtrelerden Oluşturma Tarihi filtresine 01.12.2020 baslangic degerini yaz: Filtrelerden Oluşturma Tarihi filtresine 01.12.2020 baslangic degerini yaz

2021-11-23 16:54:45 - [MESSAGE][PASSED] - Filtrelerden Oluşturma Tarihi filtresine 01.12.2020 baslangic degerini yaz

2021-11-23 16:54:45 - [TEST_STEP][PASSED] - Filtrelerden Oluşturma Tarihi filtresine 31.12.2020 bitis degerini yaz: Filtrelerden Oluşturma Tarihi filtresine 31.12.2020 bitis degerini yaz

2021-11-23 16:54:45 - [MESSAGE][PASSED] - Filtrelerden Oluşturma Tarihi filtresine 31.12.2020 bitis degerini yaz

2021-11-23 16:54:45 - [TEST_STEP][PASSED] - Filtre butonlarından Listele seçilir: Filtre butonlarından Listele seçilir

2021-11-23 16:54:45 - [MESSAGE][PASSED] - Filtre butonlarından Listele seçilir

2021-11-23 16:54:45 - [TEST_STEP][PASSED] - Tabloda veri var mı kontrol edilir: Tabloda veri var mı kontrol edilir

2021-11-23 16:54:45 - [MESSAGE][PASSED] - Tabloda veri var mı kontrol edilir

2021-11-23 16:54:45 - [TEST_STEP][PASSED] - Tablodan TEST isimli veri seçilir: Tablodan TEST isimli veri seçilir

2021-11-23 16:54:45 - [MESSAGE][PASSED] - Tablodan TEST isimli veri seçilir

2021-11-23 16:54:45 - [TEST_STEP][PASSED] - Butonlardan İptal Et / İtiraz Bildir isimli butona tıklanır: Butonlardan İptal Et / İtiraz Bildir isimli butona tıklanır

2021-11-23 16:54:45 - [MESSAGE][PASSED] - Butonlardan İptal Et / İtiraz Bildir isimli butona tıklanır

2021-11-23 16:54:45 - [TEST_STEP][PASSED] - Alt butonlardan İptal Et butonuna tıklanır: Alt butonlardan İptal Et butonuna tıklanır

2021-11-23 16:54:45 - [MESSAGE][PASSED] - Alt butonlardan İptal Et butonuna tıklanır

2021-11-23 16:54:45 - [TEST_STEP][PASSED] - Popup mesajı Seçilen makbuzlardan başarılı durumunda olanlar iptal edilecektir onaylıyor musunuz içeriyor mu: Popup mesajı Seçilen makbuzlardan başarılı durumunda olanlar iptal edilecektir onaylıyor musunuz içeriyor mu

2021-11-23 16:54:45 - [MESSAGE][PASSED] - Popup mesajı Seçilen makbuzlardan başarılı durumunda olanlar iptal edilecektir onaylıyor musunuz içeriyor mu

2021-11-23 16:54:45 - [TEST_STEP][PASSED] - Yönetim popupında Evet seçilir: Yönetim popupında Evet seçilir

2021-11-23 16:54:45 - [MESSAGE][PASSED] - Yönetim popupında Evet seçilir

2021-11-23 16:54:45 - [TEST_STEP][PASSED] - Popup mesajı belge iptal edilmiştir içeriyor mu: Popup mesajı belge iptal edilmiştir içeriyor mu

2021-11-23 16:54:45 - [MESSAGE][PASSED] - Popup mesajı belge iptal edilmiştir içeriyor mu

2021-11-23 16:54:45 - [TEST_STEP][PASSED] - Yönetim popupında Tamam seçilir: Yönetim popupında Tamam seçilir

2021-11-23 16:54:45 - [MESSAGE][PASSED] - Yönetim popupında Tamam seçilir

2021-11-23 16:54:45 - [TEST_STEP][PASSED] - Butonlardan İptal Geri Al isimli butona tıklanır: Butonlardan İptal Geri Al isimli butona tıklanır

2021-11-23 16:54:45 - [MESSAGE][PASSED] - Butonlardan İptal Geri Al isimli butona tıklanır

2021-11-23 16:54:45 - [TEST_STEP][PASSED] - Popup mesajı Seçilen makbuzlar için iptal işlemi geri alınacaktır onaylıyor musunuz içeriyor mu: Popup mesajı Seçilen makbuzlar için iptal işlemi geri alınacaktır onaylıyor musunuz içeriyor mu

2021-11-23 16:54:45 - [MESSAGE][PASSED] - Popup mesajı Seçilen makbuzlar için iptal işlemi geri alınacaktır onaylıyor musunuz içeriyor mu

2021-11-23 16:54:45 - [TEST_STEP][PASSED] - Yönetim popupında Onayla seçilir: Yönetim popupında Onayla seçilir

2021-11-23 16:54:45 - [MESSAGE][PASSED] - Yönetim popupında Onayla seçilir

2021-11-23 16:54:45 - [TEST_STEP][PASSED] - Popup mesajı İptal Edildi durumunda olan ve raporlanmayan 1 adet belge için iptal işlemi geri alınmıştır içeriyor mu: Popup mesajı İptal Edildi durumunda olan ve raporlanmayan 1 adet belge için iptal işlemi geri alınmıştır içeriyor mu

2021-11-23 16:54:45 - [MESSAGE][PASSED] - Popup mesajı İptal Edildi durumunda olan ve raporlanmayan 1 adet belge için iptal işlemi geri alınmıştır içeriyor mu

2021-11-23 16:54:45 - [TEST_STEP][PASSED] - Yönetim popupında Tamam seçilir: Yönetim popupında Tamam seçilir

2021-11-23 16:54:45 - [MESSAGE][PASSED] - Yönetim popupında Tamam seçilir

2021-11-23 16:54:45 - [TEST_STEP][PASSED] - Kullanıcı işlemlerinden Çıkış seçilir: Kullanıcı işlemlerinden Çıkış seçilir

2021-11-23 16:54:45 - [MESSAGE][PASSED] - Kullanıcı işlemlerinden Çıkış seçilir

2021-11-23 16:54:45 - [MESSAGE][PASSED] - Feature file: 'Include/features/e-Makbuz/e-Serbest Meslek Uygulaması/e-Serbest Meslek Makbuzlari/Iptal Et-Geri Al.feature' was passed

2021-11-23 16:54:45 - [TEST_STEP][PASSED] - Start listener action : sampleAfterTestSuite: Invoke 'com.kms.katalon.core.annotation.AfterTestCase' method: 'Listener.sampleAfterTestSuite(...)' completed.

2021-11-23 16:54:45 - [MESSAGE][INFO] - Starting invoke 'com.kms.katalon.core.annotation.AfterTestCase' method: 'Listener.sampleAfterTestSuite(...)'

2021-11-23 16:54:45 - [TEST_STEP][PASSED] - closeBrowser(): Invoke 'com.kms.katalon.core.annotation.AfterTestCase' method: 'Listener.sampleAfterTestSuite(...)' completed.

2021-11-23 16:54:45 - [MESSAGE][INFO] - Closing browser

2021-11-23 16:54:46 - [MESSAGE][PASSED] - Browser is closed

2021-11-23 16:54:46 - [MESSAGE][INFO] - Invoke 'com.kms.katalon.core.annotation.AfterTestCase' method: 'Listener.sampleAfterTestSuite(...)' completed.]]></system-out>
         <system-err><![CDATA[]]></system-err>
      </testcase>
      <testcase name="Test Cases/Case Repository/e-Makbuz/e-Serbest Meslek Uygulamasi/e-Serbest Meslek Makbuzlari/Izleme Kayitlari" time="51.674" classname="Test Cases/Case Repository/e-Makbuz/e-Serbest Meslek Uygulamasi/e-Serbest Meslek Makbuzlari/Izleme Kayitlari" status="PASSED">
         <system-out><![CDATA[2021-11-23 16:54:46 - [TEST_CASE][PASSED] - Test Cases/Case Repository/e-Makbuz/e-Serbest Meslek Uygulamasi/e-Serbest Meslek Makbuzlari/Izleme Kayitlari: Test Cases/Case Repository/e-Makbuz/e-Serbest Meslek Uygulamasi/e-Serbest Meslek Makbuzlari/Izleme Kayitlari

2021-11-23 16:54:46 - [TEST_STEP][PASSED] - Start listener action : sampleBeforeTestSuite: Invoke 'com.kms.katalon.core.annotation.BeforeTestCase' method: 'Listener.sampleBeforeTestSuite(...)' completed.

2021-11-23 16:54:46 - [MESSAGE][INFO] - Starting invoke 'com.kms.katalon.core.annotation.BeforeTestCase' method: 'Listener.sampleBeforeTestSuite(...)'

2021-11-23 16:54:46 - [TEST_STEP][PASSED] - openBrowser(baseUrl): Browser is opened with url: 'https://efatura-stage.elogo.com.tr/'

2021-11-23 16:54:46 - [MESSAGE][INFO] - Opening browser

2021-11-23 16:54:46 - [MESSAGE][INFO] - Starting 'Chrome' driver

2021-11-23 16:54:46 - [MESSAGE][INFO] - User set preference: ['prefs', '{download.default_directory=C:\otomasyondownfiles}']

2021-11-23 16:54:46 - [MESSAGE][INFO] - Action delay is set to 0 milliseconds

2021-11-23 16:54:47 - [MESSAGE][INFO] - Navigating browser to: 'https://efatura-stage.elogo.com.tr/'

2021-11-23 16:54:49 - [MESSAGE][PASSED] - Browser is opened with url: 'https://efatura-stage.elogo.com.tr/'

2021-11-23 16:54:49 - [TEST_STEP][PASSED] - maximizeWindow(): Invoke 'com.kms.katalon.core.annotation.BeforeTestCase' method: 'Listener.sampleBeforeTestSuite(...)' completed.

2021-11-23 16:54:49 - [MESSAGE][INFO] - Maximizing current window

2021-11-23 16:54:49 - [MESSAGE][PASSED] - Current window maximized

2021-11-23 16:54:49 - [MESSAGE][INFO] - Invoke 'com.kms.katalon.core.annotation.BeforeTestCase' method: 'Listener.sampleBeforeTestSuite(...)' completed.

2021-11-23 16:54:50 - [TEST_STEP][PASSED] - runFeatureFile("Include/features/e-Makbuz/e-Serbest Meslek Uygulaması/e-Serbest Meslek Makbuzlari/Izleme Kayitlari.feature"): Feature file: 'Include/features/e-Makbuz/e-Serbest Meslek Uygulaması/e-Serbest Meslek Makbuzlari/Izleme Kayitlari.feature' was passed

2021-11-23 16:54:50 - [MESSAGE][INFO] - Starting run keyword runFeatureFile: 'Include/features/e-Makbuz/e-Serbest Meslek Uygulaması/e-Serbest Meslek Makbuzlari/Izleme Kayitlari.feature' and extract report to folder: 'C:\Users\DELL\Documents\GitHub\EES_KatalonLogo\Reports\20211123_163326\Suite Repository\e-Makbuz\20211123_163348/cucumber_report/1637675690828'...

2021-11-23 16:54:50 - [MESSAGE][INFO] - Glue: []

2021-11-23 16:54:53 - [MESSAGE][INFO] - Checking called Test Case

2021-11-23 16:54:53 - [MESSAGE][INFO] - Starting to call Test Case 'Test Cases/Sayfalar/Giris_Sayfasi/Login'

2021-11-23 16:54:53 - [TEST_CASE][PASSED] - Test Cases/Sayfalar/Giris_Sayfasi/Login: Test Cases/Sayfalar/Giris_Sayfasi/Login

2021-11-23 16:54:53 - [TEST_STEP][PASSED] - Sayfa_Basligi = getWindowTitle(): Current window's title is: 'LOGO e-Fatura'

2021-11-23 16:54:53 - [MESSAGE][INFO] - Getting current window's title

2021-11-23 16:54:53 - [MESSAGE][PASSED] - Current window's title is: 'LOGO e-Fatura'

2021-11-23 16:54:53 - [TEST_STEP][PASSED] - verifyMatch(Sayfa_Basligi, "LOGO e-Fatura", false): Actual text 'LOGO e-Fatura' and expected text 'LOGO e-Fatura' are matched 

2021-11-23 16:54:53 - [MESSAGE][INFO] - Matching actual text 'LOGO e-Fatura' with expected text 'LOGO e-Fatura'

2021-11-23 16:54:53 - [MESSAGE][PASSED] - Actual text 'LOGO e-Fatura' and expected text 'LOGO e-Fatura' are matched 

2021-11-23 16:54:53 - [TEST_STEP][PASSED] - sendKeys(findTestObject("Sayfalar/Giris_Sayfasi/Firma_Kodu"), KullaniciAdi): Keys 'ELOGO6' sent to object: 'Object Repository/Sayfalar/Giris_Sayfasi/Firma_Kodu'

2021-11-23 16:54:53 - [MESSAGE][INFO] - Finding Test Object 'Object Repository/Sayfalar/Giris_Sayfasi/Firma_Kodu'

2021-11-23 16:54:53 - [MESSAGE][INFO] - Sending keys 'ELOGO6' to object: 'Object Repository/Sayfalar/Giris_Sayfasi/Firma_Kodu'

2021-11-23 16:54:53 - [MESSAGE][INFO] - Finding web element from Test Object's properties

2021-11-23 16:54:53 - [MESSAGE][INFO] - Checking timeout

2021-11-23 16:54:53 - [MESSAGE][INFO] - Finding web element with id: 'Object Repository/Sayfalar/Giris_Sayfasi/Firma_Kodu' located by 'By.xpath: //*[@id = 'AccountName']' in '30' second(s)

2021-11-23 16:54:53 - [MESSAGE][INFO] - Smart Wait Function is triggered

2021-11-23 16:54:53 - [MESSAGE][INFO] - Found 1 web elements with id: 'Object Repository/Sayfalar/Giris_Sayfasi/Firma_Kodu' located by 'By.xpath: //*[@id = 'AccountName']' in '30' second(s)

2021-11-23 16:54:54 - [MESSAGE][PASSED] - Keys 'ELOGO6' sent to object: 'Object Repository/Sayfalar/Giris_Sayfasi/Firma_Kodu'

2021-11-23 16:54:54 - [TEST_STEP][PASSED] - sendKeys(findTestObject("Sayfalar/Giris_Sayfasi/Sifre"), Sifre): Keys '123456' sent to object: 'Object Repository/Sayfalar/Giris_Sayfasi/Sifre'

2021-11-23 16:54:54 - [MESSAGE][INFO] - Finding Test Object 'Object Repository/Sayfalar/Giris_Sayfasi/Sifre'

2021-11-23 16:54:54 - [MESSAGE][INFO] - Sending keys '123456' to object: 'Object Repository/Sayfalar/Giris_Sayfasi/Sifre'

2021-11-23 16:54:54 - [MESSAGE][INFO] - Finding web element from Test Object's properties

2021-11-23 16:54:54 - [MESSAGE][INFO] - Checking timeout

2021-11-23 16:54:54 - [MESSAGE][INFO] - Finding web element with id: 'Object Repository/Sayfalar/Giris_Sayfasi/Sifre' located by 'By.xpath: //*[@id = 'Password']' in '30' second(s)

2021-11-23 16:54:54 - [MESSAGE][INFO] - Smart Wait Function is triggered

2021-11-23 16:54:54 - [MESSAGE][INFO] - Found 1 web elements with id: 'Object Repository/Sayfalar/Giris_Sayfasi/Sifre' located by 'By.xpath: //*[@id = 'Password']' in '30' second(s)

2021-11-23 16:54:54 - [MESSAGE][PASSED] - Keys '123456' sent to object: 'Object Repository/Sayfalar/Giris_Sayfasi/Sifre'

2021-11-23 16:54:54 - [TEST_STEP][PASSED] - findWebElement(findTestObject("Sayfalar/Giris_Sayfasi/Giris_Butonu")).click(): Found 1 web elements with id: 'Object Repository/Sayfalar/Giris_Sayfasi/Giris_Butonu' located by 'By.cssSelector: #btnLogin' in '30' second(s)

2021-11-23 16:54:54 - [MESSAGE][INFO] - Finding Test Object 'Object Repository/Sayfalar/Giris_Sayfasi/Giris_Butonu'

2021-11-23 16:54:54 - [MESSAGE][INFO] - Finding web element from Test Object's properties

2021-11-23 16:54:54 - [MESSAGE][INFO] - Checking timeout

2021-11-23 16:54:54 - [MESSAGE][INFO] - Finding web element with id: 'Object Repository/Sayfalar/Giris_Sayfasi/Giris_Butonu' located by 'By.cssSelector: #btnLogin' in '30' second(s)

2021-11-23 16:54:54 - [MESSAGE][INFO] - Smart Wait Function is triggered

2021-11-23 16:54:54 - [MESSAGE][INFO] - Found 1 web elements with id: 'Object Repository/Sayfalar/Giris_Sayfasi/Giris_Butonu' located by 'By.cssSelector: #btnLogin' in '30' second(s)

2021-11-23 16:54:57 - [TEST_STEP][PASSED] - if (verifyElementPresent(findTestObject("Object Repository/Sayfalar/Giris_Sayfasi/RetveTamam_Butonu"), 5, OPTIONAL)): null

2021-11-23 16:54:57 - [MESSAGE][INFO] - Finding Test Object 'Object Repository/Sayfalar/Giris_Sayfasi/RetveTamam_Butonu'

2021-11-23 16:54:57 - [MESSAGE][INFO] - Checking object

2021-11-23 16:54:57 - [MESSAGE][INFO] - Finding web element from Test Object's properties

2021-11-23 16:54:57 - [MESSAGE][INFO] - Checking timeout

2021-11-23 16:54:57 - [MESSAGE][INFO] - Finding web element with id: 'Object Repository/Sayfalar/Giris_Sayfasi/RetveTamam_Butonu' located by 'By.xpath: //*[@class = 'btn btn-default']' in '5' second(s)

2021-11-23 16:54:57 - [MESSAGE][INFO] - Smart Wait Function is triggered

2021-11-23 16:54:57 - [MESSAGE][INFO] - Found 1 web elements with id: 'Object Repository/Sayfalar/Giris_Sayfasi/RetveTamam_Butonu' located by 'By.xpath: //*[@class = 'btn btn-default']' in '5' second(s)

2021-11-23 16:54:57 - [MESSAGE][PASSED] - Object 'Object Repository/Sayfalar/Giris_Sayfasi/RetveTamam_Butonu' is present

2021-11-23 16:54:57 - [TEST_STEP][PASSED] - click(findTestObject("Object Repository/Sayfalar/Giris_Sayfasi/RetveTamam_Butonu")): Object: 'Object Repository/Sayfalar/Giris_Sayfasi/RetveTamam_Butonu' is clicked on

2021-11-23 16:54:57 - [MESSAGE][INFO] - Finding Test Object 'Object Repository/Sayfalar/Giris_Sayfasi/RetveTamam_Butonu'

2021-11-23 16:54:57 - [MESSAGE][INFO] - Checking object

2021-11-23 16:54:57 - [MESSAGE][INFO] - Finding web element from Test Object's properties

2021-11-23 16:54:57 - [MESSAGE][INFO] - Checking timeout

2021-11-23 16:54:57 - [MESSAGE][INFO] - Finding web element with id: 'Object Repository/Sayfalar/Giris_Sayfasi/RetveTamam_Butonu' located by 'By.xpath: //*[@class = 'btn btn-default']' in '30' second(s)

2021-11-23 16:54:57 - [MESSAGE][INFO] - Smart Wait Function is triggered

2021-11-23 16:54:58 - [MESSAGE][INFO] - Found 1 web elements with id: 'Object Repository/Sayfalar/Giris_Sayfasi/RetveTamam_Butonu' located by 'By.xpath: //*[@class = 'btn btn-default']' in '30' second(s)

2021-11-23 16:54:58 - [MESSAGE][INFO] - Clicking on object: 'Object Repository/Sayfalar/Giris_Sayfasi/RetveTamam_Butonu'

2021-11-23 16:54:58 - [MESSAGE][PASSED] - Object: 'Object Repository/Sayfalar/Giris_Sayfasi/RetveTamam_Butonu' is clicked on

2021-11-23 16:54:58 - [TEST_STEP][PASSED] - click(findTestObject("Object Repository/Sayfalar/Giris_Sayfasi/RetveTamam_Butonu")): Object: 'Object Repository/Sayfalar/Giris_Sayfasi/RetveTamam_Butonu' is clicked on

2021-11-23 16:54:58 - [MESSAGE][INFO] - Finding Test Object 'Object Repository/Sayfalar/Giris_Sayfasi/RetveTamam_Butonu'

2021-11-23 16:54:58 - [MESSAGE][INFO] - Checking object

2021-11-23 16:54:58 - [MESSAGE][INFO] - Finding web element from Test Object's properties

2021-11-23 16:54:58 - [MESSAGE][INFO] - Checking timeout

2021-11-23 16:54:58 - [MESSAGE][INFO] - Finding web element with id: 'Object Repository/Sayfalar/Giris_Sayfasi/RetveTamam_Butonu' located by 'By.xpath: //*[@class = 'btn btn-default']' in '30' second(s)

2021-11-23 16:54:58 - [MESSAGE][INFO] - Smart Wait Function is triggered

2021-11-23 16:55:01 - [MESSAGE][INFO] - Found 1 web elements with id: 'Object Repository/Sayfalar/Giris_Sayfasi/RetveTamam_Butonu' located by 'By.xpath: //*[@class = 'btn btn-default']' in '30' second(s)

2021-11-23 16:55:01 - [MESSAGE][INFO] - Clicking on object: 'Object Repository/Sayfalar/Giris_Sayfasi/RetveTamam_Butonu'

2021-11-23 16:55:01 - [MESSAGE][PASSED] - Object: 'Object Repository/Sayfalar/Giris_Sayfasi/RetveTamam_Butonu' is clicked on

2021-11-23 16:55:01 - [TEST_STEP][PASSED] - if (verifyElementPresent(findTestObject("Sayfalar/Giris_Sayfasi/PopupOK"), 5, OPTIONAL)): null

2021-11-23 16:55:01 - [MESSAGE][INFO] - Finding Test Object 'Object Repository/Sayfalar/Giris_Sayfasi/PopupOK'

2021-11-23 16:55:01 - [MESSAGE][INFO] - Checking object

2021-11-23 16:55:01 - [MESSAGE][INFO] - Finding web element from Test Object's properties

2021-11-23 16:55:01 - [MESSAGE][INFO] - Checking timeout

2021-11-23 16:55:01 - [MESSAGE][INFO] - Finding web element with id: 'Object Repository/Sayfalar/Giris_Sayfasi/PopupOK' located by 'By.cssSelector: .btn.btn-success' in '5' second(s)

2021-11-23 16:55:01 - [MESSAGE][INFO] - Smart Wait Function is triggered

2021-11-23 16:55:02 - [MESSAGE][INFO] - Found 1 web elements with id: 'Object Repository/Sayfalar/Giris_Sayfasi/PopupOK' located by 'By.cssSelector: .btn.btn-success' in '5' second(s)

2021-11-23 16:55:02 - [MESSAGE][PASSED] - Object 'Object Repository/Sayfalar/Giris_Sayfasi/PopupOK' is present

2021-11-23 16:55:02 - [TEST_STEP][PASSED] - click(findTestObject("Object Repository/Sayfalar/Giris_Sayfasi/PopupCarpiGiris")): Object: 'Object Repository/Sayfalar/Giris_Sayfasi/PopupCarpiGiris' is clicked on

2021-11-23 16:55:02 - [MESSAGE][INFO] - Finding Test Object 'Object Repository/Sayfalar/Giris_Sayfasi/PopupCarpiGiris'

2021-11-23 16:55:02 - [MESSAGE][INFO] - Checking object

2021-11-23 16:55:02 - [MESSAGE][INFO] - Finding web element from Test Object's properties

2021-11-23 16:55:02 - [MESSAGE][INFO] - Checking timeout

2021-11-23 16:55:02 - [MESSAGE][INFO] - Finding web element with id: 'Object Repository/Sayfalar/Giris_Sayfasi/PopupCarpiGiris' located by 'By.cssSelector: .bootbox-close-button.close' in '30' second(s)

2021-11-23 16:55:02 - [MESSAGE][INFO] - Smart Wait Function is triggered

2021-11-23 16:55:02 - [MESSAGE][INFO] - Found 1 web elements with id: 'Object Repository/Sayfalar/Giris_Sayfasi/PopupCarpiGiris' located by 'By.cssSelector: .bootbox-close-button.close' in '30' second(s)

2021-11-23 16:55:02 - [MESSAGE][INFO] - Clicking on object: 'Object Repository/Sayfalar/Giris_Sayfasi/PopupCarpiGiris'

2021-11-23 16:55:02 - [MESSAGE][PASSED] - Object: 'Object Repository/Sayfalar/Giris_Sayfasi/PopupCarpiGiris' is clicked on

2021-11-23 16:55:02 - [TEST_STEP][PASSED] - verifyElementVisible(findTestObject("Object Repository/Kullanici_Islemleri/KullaniciIslemleri")): Object 'Object Repository/Kullanici_Islemleri/KullaniciIslemleri' is visible

2021-11-23 16:55:02 - [MESSAGE][INFO] - Finding Test Object 'Object Repository/Kullanici_Islemleri/KullaniciIslemleri'

2021-11-23 16:55:02 - [MESSAGE][INFO] - Checking object

2021-11-23 16:55:02 - [MESSAGE][INFO] - Finding web element from Test Object's properties

2021-11-23 16:55:02 - [MESSAGE][INFO] - Checking timeout

2021-11-23 16:55:02 - [MESSAGE][INFO] - Finding web element with id: 'Object Repository/Kullanici_Islemleri/KullaniciIslemleri' located by 'By.cssSelector: .dropdown>a>img' in '30' second(s)

2021-11-23 16:55:02 - [MESSAGE][INFO] - Smart Wait Function is triggered

2021-11-23 16:55:03 - [MESSAGE][INFO] - Found 1 web elements with id: 'Object Repository/Kullanici_Islemleri/KullaniciIslemleri' located by 'By.cssSelector: .dropdown>a>img' in '30' second(s)

2021-11-23 16:55:03 - [MESSAGE][PASSED] - Object 'Object Repository/Kullanici_Islemleri/KullaniciIslemleri' is visible

2021-11-23 16:55:03 - [MESSAGE][PASSED] - Call Test Case 'Test Cases/Sayfalar/Giris_Sayfasi/Login' successfully

2021-11-23 16:55:03 - [MESSAGE][INFO] - Checking called Test Case

2021-11-23 16:55:03 - [MESSAGE][INFO] - Starting to call Test Case 'Test Cases/Menu/AnaMenuSecimi'

2021-11-23 16:55:03 - [TEST_CASE][PASSED] - Test Cases/Menu/AnaMenuSecimi: Test Cases/Menu/AnaMenuSecimi

2021-11-23 16:55:03 - [TEST_STEP][PASSED] - Method.TextDegerineEsitElementeTikla(findTestObject("Menu/Ana_Menu"), Ana_Menu): Method.TextDegerineEsitElementeTikla is PASSED

2021-11-23 16:55:03 - [MESSAGE][INFO] - Finding Test Object 'Object Repository/Menu/Ana_Menu'

2021-11-23 16:55:03 - [MESSAGE][INFO] - Checking timeout

2021-11-23 16:55:03 - [MESSAGE][INFO] - Finding web element with id: 'Object Repository/Menu/Ana_Menu' located by 'By.xpath: //*[@class = 'dropdown-toggle']' in '10' second(s)

2021-11-23 16:55:03 - [MESSAGE][INFO] - Smart Wait Function is triggered

2021-11-23 16:55:03 - [MESSAGE][INFO] - Found 14 web elements with id: 'Object Repository/Menu/Ana_Menu' located by 'By.xpath: //*[@class = 'dropdown-toggle']' in '10' second(s)

2021-11-23 16:55:03 - [MESSAGE][PASSED] - Method.TextDegerineEsitElementeTikla is PASSED

2021-11-23 16:55:03 - [MESSAGE][PASSED] - Call Test Case 'Test Cases/Menu/AnaMenuSecimi' successfully

2021-11-23 16:55:03 - [MESSAGE][INFO] - Checking called Test Case

2021-11-23 16:55:03 - [MESSAGE][INFO] - Starting to call Test Case 'Test Cases/Menu/BasligaGoreAltMenuSecimi'

2021-11-23 16:55:04 - [TEST_CASE][PASSED] - Test Cases/Menu/BasligaGoreAltMenuSecimi: Test Cases/Menu/BasligaGoreAltMenuSecimi

2021-11-23 16:55:04 - [TEST_STEP][PASSED] - Method.TextDegerineEsitElementinAltindakiTextDegerineEsitOlanaTikla(findTestObject("Menu/Menu_Basligi"), findTestObject("Menu/Basliga_Gore_Alt_Menu"), Baslik, Alt_Menu): Method.TextDegerineEsitElementinAltindakiTextDegerineEsitOlanaTikla is PASSED

2021-11-23 16:55:04 - [MESSAGE][INFO] - Finding Test Object 'Object Repository/Menu/Menu_Basligi'

2021-11-23 16:55:04 - [MESSAGE][INFO] - Finding Test Object 'Object Repository/Menu/Basliga_Gore_Alt_Menu'

2021-11-23 16:55:04 - [MESSAGE][INFO] - Checking timeout

2021-11-23 16:55:04 - [MESSAGE][INFO] - Finding web element with id: 'Object Repository/Menu/Menu_Basligi' located by 'By.xpath: //li[@class='dropdown dropdown-large open']//li[@class='dropdown-header']' in '10' second(s)

2021-11-23 16:55:04 - [MESSAGE][INFO] - Smart Wait Function is triggered

2021-11-23 16:55:04 - [MESSAGE][INFO] - Found 2 web elements with id: 'Object Repository/Menu/Menu_Basligi' located by 'By.xpath: //li[@class='dropdown dropdown-large open']//li[@class='dropdown-header']' in '10' second(s)

2021-11-23 16:55:04 - [MESSAGE][INFO] - Smart Wait Function is triggered

2021-11-23 16:55:06 - [MESSAGE][PASSED] - Method.TextDegerineEsitElementinAltindakiTextDegerineEsitOlanaTikla is PASSED

2021-11-23 16:55:06 - [MESSAGE][PASSED] - Call Test Case 'Test Cases/Menu/BasligaGoreAltMenuSecimi' successfully

2021-11-23 16:55:06 - [MESSAGE][INFO] - Checking called Test Case

2021-11-23 16:55:06 - [MESSAGE][INFO] - Starting to call Test Case 'Test Cases/Filtreler/BaslangicYaz'

2021-11-23 16:55:06 - [TEST_CASE][PASSED] - Test Cases/Filtreler/BaslangicYaz: Test Cases/Filtreler/BaslangicYaz

2021-11-23 16:55:06 - [TEST_STEP][PASSED] - delay(3): Delayed 3 second(s)

2021-11-23 16:55:06 - [MESSAGE][INFO] - Delaying browser in 3 second(s)

2021-11-23 16:55:09 - [MESSAGE][PASSED] - Delayed 3 second(s)

2021-11-23 16:55:09 - [TEST_STEP][PASSED] - Method.TextDegerineEsitElementinAltindakineTikla(findTestObject("Filtreler/Basliklar"), findTestObject("Filtreler/Basliga_Gore_Baslangic_Image"), Filtre_Adi): Method.TextDegerineEsitElementinAltindakineTikla is PASSED

2021-11-23 16:55:09 - [MESSAGE][INFO] - Finding Test Object 'Object Repository/Filtreler/Basliklar'

2021-11-23 16:55:09 - [MESSAGE][INFO] - Finding Test Object 'Object Repository/Filtreler/Basliga_Gore_Baslangic_Image'

2021-11-23 16:55:09 - [MESSAGE][INFO] - Checking timeout

2021-11-23 16:55:09 - [MESSAGE][INFO] - Finding web element with id: 'Object Repository/Filtreler/Basliklar' located by 'By.cssSelector: .control-label.col-sm-4.paddingMarginRLC' in '10' second(s)

2021-11-23 16:55:09 - [MESSAGE][INFO] - Smart Wait Function is triggered

2021-11-23 16:55:09 - [MESSAGE][INFO] - Found 13 web elements with id: 'Object Repository/Filtreler/Basliklar' located by 'By.cssSelector: .control-label.col-sm-4.paddingMarginRLC' in '10' second(s)

2021-11-23 16:55:09 - [MESSAGE][INFO] - Smart Wait Function is triggered

2021-11-23 16:55:10 - [MESSAGE][PASSED] - Method.TextDegerineEsitElementinAltindakineTikla is PASSED

2021-11-23 16:55:10 - [TEST_STEP][PASSED] - Method.TextDegerineEsitElementinAltindakiTextboxtaYaz(findTestObject("Filtreler/Basliklar"), findTestObject("Filtreler/Basliga_Gore_Baslangic"), Filtre_Adi, Filtre_Degeri): Method.TextDegerineEsitElementinAltindakiTextboxtaYaz is PASSED

2021-11-23 16:55:10 - [MESSAGE][INFO] - Finding Test Object 'Object Repository/Filtreler/Basliklar'

2021-11-23 16:55:10 - [MESSAGE][INFO] - Finding Test Object 'Object Repository/Filtreler/Basliga_Gore_Baslangic'

2021-11-23 16:55:10 - [MESSAGE][INFO] - Checking timeout

2021-11-23 16:55:10 - [MESSAGE][INFO] - Finding web element with id: 'Object Repository/Filtreler/Basliklar' located by 'By.cssSelector: .control-label.col-sm-4.paddingMarginRLC' in '10' second(s)

2021-11-23 16:55:10 - [MESSAGE][INFO] - Smart Wait Function is triggered

2021-11-23 16:55:10 - [MESSAGE][INFO] - Found 13 web elements with id: 'Object Repository/Filtreler/Basliklar' located by 'By.cssSelector: .control-label.col-sm-4.paddingMarginRLC' in '10' second(s)

2021-11-23 16:55:10 - [MESSAGE][INFO] - Smart Wait Function is triggered

2021-11-23 16:55:11 - [MESSAGE][PASSED] - Method.TextDegerineEsitElementinAltindakiTextboxtaYaz is PASSED

2021-11-23 16:55:11 - [MESSAGE][PASSED] - Call Test Case 'Test Cases/Filtreler/BaslangicYaz' successfully

2021-11-23 16:55:11 - [MESSAGE][INFO] - Checking called Test Case

2021-11-23 16:55:11 - [MESSAGE][INFO] - Starting to call Test Case 'Test Cases/Filtreler/BitisYaz'

2021-11-23 16:55:11 - [TEST_CASE][PASSED] - Test Cases/Filtreler/BitisYaz: Test Cases/Filtreler/BitisYaz

2021-11-23 16:55:11 - [TEST_STEP][PASSED] - Method.TextDegerineEsitElementinAltindakineTikla(findTestObject("Filtreler/Basliklar"), findTestObject("Filtreler/Basliga_Gore_Bitis_Image"), Filtre_Adi): Method.TextDegerineEsitElementinAltindakineTikla is PASSED

2021-11-23 16:55:11 - [MESSAGE][INFO] - Finding Test Object 'Object Repository/Filtreler/Basliklar'

2021-11-23 16:55:11 - [MESSAGE][INFO] - Finding Test Object 'Object Repository/Filtreler/Basliga_Gore_Bitis_Image'

2021-11-23 16:55:11 - [MESSAGE][INFO] - Checking timeout

2021-11-23 16:55:11 - [MESSAGE][INFO] - Finding web element with id: 'Object Repository/Filtreler/Basliklar' located by 'By.cssSelector: .control-label.col-sm-4.paddingMarginRLC' in '10' second(s)

2021-11-23 16:55:11 - [MESSAGE][INFO] - Smart Wait Function is triggered

2021-11-23 16:55:11 - [MESSAGE][INFO] - Found 13 web elements with id: 'Object Repository/Filtreler/Basliklar' located by 'By.cssSelector: .control-label.col-sm-4.paddingMarginRLC' in '10' second(s)

2021-11-23 16:55:11 - [MESSAGE][INFO] - Smart Wait Function is triggered

2021-11-23 16:55:12 - [MESSAGE][PASSED] - Method.TextDegerineEsitElementinAltindakineTikla is PASSED

2021-11-23 16:55:12 - [TEST_STEP][PASSED] - Method.TextDegerineEsitElementinAltindakiTextboxtaYaz(findTestObject("Filtreler/Basliklar"), findTestObject("Object Repository/Filtreler/Basliga_Gore_Bitis"), Filtre_Adi, Filtre_Degeri): Method.TextDegerineEsitElementinAltindakiTextboxtaYaz is PASSED

2021-11-23 16:55:12 - [MESSAGE][INFO] - Finding Test Object 'Object Repository/Filtreler/Basliklar'

2021-11-23 16:55:12 - [MESSAGE][INFO] - Finding Test Object 'Object Repository/Filtreler/Basliga_Gore_Bitis'

2021-11-23 16:55:12 - [MESSAGE][INFO] - Checking timeout

2021-11-23 16:55:12 - [MESSAGE][INFO] - Finding web element with id: 'Object Repository/Filtreler/Basliklar' located by 'By.cssSelector: .control-label.col-sm-4.paddingMarginRLC' in '10' second(s)

2021-11-23 16:55:12 - [MESSAGE][INFO] - Smart Wait Function is triggered

2021-11-23 16:55:12 - [MESSAGE][INFO] - Found 13 web elements with id: 'Object Repository/Filtreler/Basliklar' located by 'By.cssSelector: .control-label.col-sm-4.paddingMarginRLC' in '10' second(s)

2021-11-23 16:55:12 - [MESSAGE][INFO] - Smart Wait Function is triggered

2021-11-23 16:55:12 - [MESSAGE][PASSED] - Method.TextDegerineEsitElementinAltindakiTextboxtaYaz is PASSED

2021-11-23 16:55:12 - [MESSAGE][PASSED] - Call Test Case 'Test Cases/Filtreler/BitisYaz' successfully

2021-11-23 16:55:12 - [MESSAGE][INFO] - Checking called Test Case

2021-11-23 16:55:12 - [MESSAGE][INFO] - Starting to call Test Case 'Test Cases/Filtreler/ButonaTikla'

2021-11-23 16:55:12 - [TEST_CASE][PASSED] - Test Cases/Filtreler/ButonaTikla: Test Cases/Filtreler/ButonaTikla

2021-11-23 16:55:12 - [TEST_STEP][PASSED] - Method.TextDegerineEsitElementeTikla(findTestObject("Filtreler/Butonlar"), Filtre_Buton): Method.TextDegerineEsitElementeTikla is PASSED

2021-11-23 16:55:12 - [MESSAGE][INFO] - Finding Test Object 'Object Repository/Filtreler/Butonlar'

2021-11-23 16:55:13 - [MESSAGE][INFO] - Checking timeout

2021-11-23 16:55:13 - [MESSAGE][INFO] - Finding web element with id: 'Object Repository/Filtreler/Butonlar' located by 'By.cssSelector: .dxb>span' in '10' second(s)

2021-11-23 16:55:13 - [MESSAGE][INFO] - Smart Wait Function is triggered

2021-11-23 16:55:13 - [MESSAGE][INFO] - Found 3 web elements with id: 'Object Repository/Filtreler/Butonlar' located by 'By.cssSelector: .dxb>span' in '10' second(s)

2021-11-23 16:55:13 - [MESSAGE][PASSED] - Method.TextDegerineEsitElementeTikla is PASSED

2021-11-23 16:55:13 - [MESSAGE][PASSED] - Call Test Case 'Test Cases/Filtreler/ButonaTikla' successfully

2021-11-23 16:55:13 - [MESSAGE][INFO] - Checking called Test Case

2021-11-23 16:55:13 - [MESSAGE][INFO] - Starting to call Test Case 'Test Cases/Tablo/TablodaVeriVarMi'

2021-11-23 16:55:13 - [TEST_CASE][PASSED] - Test Cases/Tablo/TablodaVeriVarMi: Test Cases/Tablo/TablodaVeriVarMi

2021-11-23 16:55:13 - [TEST_STEP][PASSED] - verifyTextNotPresent("Görüntülenecek veri yok", true): Text 'Görüntülenecek veri yok' is not present on page using regular expression

2021-11-23 16:55:13 - [MESSAGE][INFO] - Checking text present  using regular expression

2021-11-23 16:55:13 - [MESSAGE][INFO] - Smart Wait Function is triggered

2021-11-23 16:55:14 - [MESSAGE][INFO] - Finding text 'Görüntülenecek veri yok' on page  using regular expression

2021-11-23 16:55:14 - [MESSAGE][PASSED] - Text 'Görüntülenecek veri yok' is not present on page using regular expression

2021-11-23 16:55:14 - [MESSAGE][PASSED] - Call Test Case 'Test Cases/Tablo/TablodaVeriVarMi' successfully

2021-11-23 16:55:14 - [MESSAGE][INFO] - Checking called Test Case

2021-11-23 16:55:14 - [MESSAGE][INFO] - Starting to call Test Case 'Test Cases/Tablo/TablodanVeriSec'

2021-11-23 16:55:14 - [TEST_CASE][PASSED] - Test Cases/Tablo/TablodanVeriSec: Test Cases/Tablo/TablodanVeriSec

2021-11-23 16:55:14 - [TEST_STEP][PASSED] - Method.TextDegerineEsitElementinAltindakineTikla(findTestObject("Tablo/Veriler"), findTestObject("Tablo/VerininCheckBoxi"), Veri_Adi): Method.TextDegerineEsitElementinAltindakineTikla is PASSED

2021-11-23 16:55:14 - [MESSAGE][INFO] - Finding Test Object 'Object Repository/Tablo/Veriler'

2021-11-23 16:55:14 - [MESSAGE][INFO] - Finding Test Object 'Object Repository/Tablo/VerininCheckBoxi'

2021-11-23 16:55:14 - [MESSAGE][INFO] - Checking timeout

2021-11-23 16:55:14 - [MESSAGE][INFO] - Finding web element with id: 'Object Repository/Tablo/Veriler' located by 'By.cssSelector: td.dxgv b ,td.dxgv' in '10' second(s)

2021-11-23 16:55:14 - [MESSAGE][INFO] - Smart Wait Function is triggered

2021-11-23 16:55:14 - [MESSAGE][INFO] - Found 52 web elements with id: 'Object Repository/Tablo/Veriler' located by 'By.cssSelector: td.dxgv b ,td.dxgv' in '10' second(s)

2021-11-23 16:55:14 - [MESSAGE][INFO] - Smart Wait Function is triggered

2021-11-23 16:55:15 - [MESSAGE][PASSED] - Method.TextDegerineEsitElementinAltindakineTikla is PASSED

2021-11-23 16:55:15 - [MESSAGE][PASSED] - Call Test Case 'Test Cases/Tablo/TablodanVeriSec' successfully

2021-11-23 16:55:15 - [MESSAGE][INFO] - Checking called Test Case

2021-11-23 16:55:15 - [MESSAGE][INFO] - Starting to call Test Case 'Test Cases/Butonlar/ButonaTikla'

2021-11-23 16:55:15 - [TEST_CASE][PASSED] - Test Cases/Butonlar/ButonaTikla: Test Cases/Butonlar/ButonaTikla

2021-11-23 16:55:15 - [TEST_STEP][PASSED] - Method.TextDegerineEsitElementeTiklaEquals(findTestObject("Butonlar/Butonlar"), Buton_Adi): Method.TextDegerineEsitElementeTiklaEquals is PASSED

2021-11-23 16:55:15 - [MESSAGE][INFO] - Finding Test Object 'Object Repository/Butonlar/Butonlar'

2021-11-23 16:55:15 - [MESSAGE][INFO] - Checking timeout

2021-11-23 16:55:15 - [MESSAGE][INFO] - Finding web element with id: 'Object Repository/Butonlar/Butonlar' located by 'By.cssSelector: .panel.panel-default.text-center.footerPanel .btn,.btn.btn-primary.btnControls' in '10' second(s)

2021-11-23 16:55:15 - [MESSAGE][INFO] - Smart Wait Function is triggered

2021-11-23 16:55:15 - [MESSAGE][INFO] - Found 11 web elements with id: 'Object Repository/Butonlar/Butonlar' located by 'By.cssSelector: .panel.panel-default.text-center.footerPanel .btn,.btn.btn-primary.btnControls' in '10' second(s)

2021-11-23 16:55:16 - [MESSAGE][PASSED] - Method.TextDegerineEsitElementeTiklaEquals is PASSED

2021-11-23 16:55:16 - [MESSAGE][PASSED] - Call Test Case 'Test Cases/Butonlar/ButonaTikla' successfully

2021-11-23 16:55:16 - [MESSAGE][INFO] - Checking called Test Case

2021-11-23 16:55:16 - [MESSAGE][INFO] - Starting to call Test Case 'Test Cases/Sekmeler/YeniSekmeyeGec'

2021-11-23 16:55:16 - [TEST_CASE][PASSED] - Test Cases/Sekmeler/YeniSekmeyeGec: Test Cases/Sekmeler/YeniSekmeyeGec

2021-11-23 16:55:16 - [TEST_STEP][PASSED] - switchToWindowIndex(1): Switched to window with index: '1'

2021-11-23 16:55:16 - [MESSAGE][INFO] - Checking index

2021-11-23 16:55:16 - [MESSAGE][INFO] - Switching window with index: '1'

2021-11-23 16:55:16 - [MESSAGE][PASSED] - Switched to window with index: '1'

2021-11-23 16:55:16 - [MESSAGE][PASSED] - Call Test Case 'Test Cases/Sekmeler/YeniSekmeyeGec' successfully

2021-11-23 16:55:16 - [MESSAGE][INFO] - Checking called Test Case

2021-11-23 16:55:16 - [MESSAGE][INFO] - Starting to call Test Case 'Test Cases/Sekmeler/GecmisGeldiMi'

2021-11-23 16:55:16 - [TEST_CASE][PASSED] - Test Cases/Sekmeler/GecmisGeldiMi: Test Cases/Sekmeler/GecmisGeldiMi

2021-11-23 16:55:16 - [TEST_STEP][PASSED] - waitForElementVisible(findTestObject("Object Repository/Sekmeler/GecmisBaslik"), 10): Object 'Object Repository/Sekmeler/GecmisBaslik' is visible

2021-11-23 16:55:16 - [MESSAGE][INFO] - Finding Test Object 'Object Repository/Sekmeler/GecmisBaslik'

2021-11-23 16:55:16 - [MESSAGE][INFO] - Checking object

2021-11-23 16:55:16 - [MESSAGE][INFO] - Checking timeout

2021-11-23 16:55:16 - [MESSAGE][INFO] - Finding web element from Test Object's properties

2021-11-23 16:55:16 - [MESSAGE][INFO] - Checking timeout

2021-11-23 16:55:16 - [MESSAGE][INFO] - Finding web element with id: 'Object Repository/Sekmeler/GecmisBaslik' located by 'By.cssSelector: .dxnb-ghtext.dx-vam' in '10' second(s)

2021-11-23 16:55:16 - [MESSAGE][INFO] - Smart Wait Function is triggered

2021-11-23 16:55:33 - [MESSAGE][INFO] - Found 1 web elements with id: 'Object Repository/Sekmeler/GecmisBaslik' located by 'By.cssSelector: .dxnb-ghtext.dx-vam' in '10' second(s)

2021-11-23 16:55:33 - [MESSAGE][PASSED] - Object 'Object Repository/Sekmeler/GecmisBaslik' is visible

2021-11-23 16:55:33 - [TEST_STEP][PASSED] - if (!(getText(findTestObject("Object Repository/Sekmeler/GecmisBaslik")).contains(Baslik))): Text of object 'Object Repository/Sekmeler/GecmisBaslik' is: 'Serbest Meslek Makbuzu İzleme Kayıtları - 2533'

2021-11-23 16:55:33 - [MESSAGE][INFO] - Finding Test Object 'Object Repository/Sekmeler/GecmisBaslik'

2021-11-23 16:55:33 - [MESSAGE][INFO] - Checking object

2021-11-23 16:55:33 - [MESSAGE][INFO] - Finding web element from Test Object's properties

2021-11-23 16:55:33 - [MESSAGE][INFO] - Checking timeout

2021-11-23 16:55:33 - [MESSAGE][INFO] - Finding web element with id: 'Object Repository/Sekmeler/GecmisBaslik' located by 'By.cssSelector: .dxnb-ghtext.dx-vam' in '30' second(s)

2021-11-23 16:55:33 - [MESSAGE][INFO] - Smart Wait Function is triggered

2021-11-23 16:55:33 - [MESSAGE][INFO] - Found 1 web elements with id: 'Object Repository/Sekmeler/GecmisBaslik' located by 'By.cssSelector: .dxnb-ghtext.dx-vam' in '30' second(s)

2021-11-23 16:55:33 - [MESSAGE][INFO] - Getting text of object 'Object Repository/Sekmeler/GecmisBaslik'

2021-11-23 16:55:33 - [MESSAGE][PASSED] - Text of object 'Object Repository/Sekmeler/GecmisBaslik' is: 'Serbest Meslek Makbuzu İzleme Kayıtları - 2533'

2021-11-23 16:55:33 - [MESSAGE][PASSED] - Call Test Case 'Test Cases/Sekmeler/GecmisGeldiMi' successfully

2021-11-23 16:55:33 - [MESSAGE][INFO] - Checking called Test Case

2021-11-23 16:55:33 - [MESSAGE][INFO] - Starting to call Test Case 'Test Cases/Sekmeler/Ana_Sekmeye_Gec'

2021-11-23 16:55:33 - [TEST_CASE][PASSED] - Test Cases/Sekmeler/Ana_Sekmeye_Gec: Test Cases/Sekmeler/Ana_Sekmeye_Gec

2021-11-23 16:55:33 - [TEST_STEP][PASSED] - try: Window with index 1 is closed

2021-11-23 16:55:33 - [TEST_STEP][PASSED] - index = getWindowIndex(): Current window's index is: 1

2021-11-23 16:55:33 - [MESSAGE][INFO] - Getting current window's index

2021-11-23 16:55:33 - [MESSAGE][PASSED] - Current window's index is: 1

2021-11-23 16:55:33 - [TEST_STEP][PASSED] - closeWindowIndex(index): Window with index 1 is closed

2021-11-23 16:55:33 - [MESSAGE][INFO] - Checking index

2021-11-23 16:55:33 - [MESSAGE][INFO] - Closing window with index 1

2021-11-23 16:55:33 - [MESSAGE][PASSED] - Window with index 1 is closed

2021-11-23 16:55:33 - [TEST_STEP][PASSED] - switchToWindowIndex(0): Switched to window with index: '0'

2021-11-23 16:55:33 - [MESSAGE][INFO] - Checking index

2021-11-23 16:55:33 - [MESSAGE][INFO] - Switching window with index: '0'

2021-11-23 16:55:33 - [MESSAGE][PASSED] - Switched to window with index: '0'

2021-11-23 16:55:33 - [MESSAGE][PASSED] - Call Test Case 'Test Cases/Sekmeler/Ana_Sekmeye_Gec' successfully

2021-11-23 16:55:33 - [MESSAGE][INFO] - Checking called Test Case

2021-11-23 16:55:33 - [MESSAGE][INFO] - Starting to call Test Case 'Test Cases/Kullanici_Islemleri/KullaniciIslemlerindenSecimYapilir'

2021-11-23 16:55:33 - [TEST_CASE][PASSED] - Test Cases/Kullanici_Islemleri/KullaniciIslemlerindenSecimYapilir: Test Cases/Kullanici_Islemleri/KullaniciIslemlerindenSecimYapilir

2021-11-23 16:55:33 - [TEST_STEP][PASSED] - waitForElementClickable(findTestObject("Object Repository/Kullanici_Islemleri/KullaniciIslemleri"), 10): Object 'Object Repository/Kullanici_Islemleri/KullaniciIslemleri' is clickable

2021-11-23 16:55:33 - [MESSAGE][INFO] - Finding Test Object 'Object Repository/Kullanici_Islemleri/KullaniciIslemleri'

2021-11-23 16:55:33 - [MESSAGE][INFO] - Checking object

2021-11-23 16:55:33 - [MESSAGE][INFO] - Checking timeout

2021-11-23 16:55:33 - [MESSAGE][INFO] - Finding web element from Test Object's properties

2021-11-23 16:55:33 - [MESSAGE][INFO] - Checking timeout

2021-11-23 16:55:33 - [MESSAGE][INFO] - Finding web element with id: 'Object Repository/Kullanici_Islemleri/KullaniciIslemleri' located by 'By.cssSelector: .dropdown>a>img' in '10' second(s)

2021-11-23 16:55:33 - [MESSAGE][INFO] - Smart Wait Function is triggered

2021-11-23 16:55:34 - [MESSAGE][INFO] - Found 1 web elements with id: 'Object Repository/Kullanici_Islemleri/KullaniciIslemleri' located by 'By.cssSelector: .dropdown>a>img' in '10' second(s)

2021-11-23 16:55:34 - [MESSAGE][PASSED] - Object 'Object Repository/Kullanici_Islemleri/KullaniciIslemleri' is clickable

2021-11-23 16:55:34 - [TEST_STEP][PASSED] - click(findTestObject("Object Repository/Kullanici_Islemleri/KullaniciIslemleri")): Object: 'Object Repository/Kullanici_Islemleri/KullaniciIslemleri' is clicked on

2021-11-23 16:55:34 - [MESSAGE][INFO] - Finding Test Object 'Object Repository/Kullanici_Islemleri/KullaniciIslemleri'

2021-11-23 16:55:34 - [MESSAGE][INFO] - Checking object

2021-11-23 16:55:34 - [MESSAGE][INFO] - Finding web element from Test Object's properties

2021-11-23 16:55:34 - [MESSAGE][INFO] - Checking timeout

2021-11-23 16:55:34 - [MESSAGE][INFO] - Finding web element with id: 'Object Repository/Kullanici_Islemleri/KullaniciIslemleri' located by 'By.cssSelector: .dropdown>a>img' in '30' second(s)

2021-11-23 16:55:34 - [MESSAGE][INFO] - Smart Wait Function is triggered

2021-11-23 16:55:34 - [MESSAGE][INFO] - Found 1 web elements with id: 'Object Repository/Kullanici_Islemleri/KullaniciIslemleri' located by 'By.cssSelector: .dropdown>a>img' in '30' second(s)

2021-11-23 16:55:34 - [MESSAGE][INFO] - Clicking on object: 'Object Repository/Kullanici_Islemleri/KullaniciIslemleri'

2021-11-23 16:55:34 - [MESSAGE][PASSED] - Object: 'Object Repository/Kullanici_Islemleri/KullaniciIslemleri' is clicked on

2021-11-23 16:55:34 - [TEST_STEP][PASSED] - Method.TextDegerineEsitElementeTikla(findTestObject("Object Repository/Kullanici_Islemleri/Secenekler"), Islem): Method.TextDegerineEsitElementeTikla is PASSED

2021-11-23 16:55:34 - [MESSAGE][INFO] - Finding Test Object 'Object Repository/Kullanici_Islemleri/Secenekler'

2021-11-23 16:55:34 - [MESSAGE][INFO] - Checking timeout

2021-11-23 16:55:34 - [MESSAGE][INFO] - Finding web element with id: 'Object Repository/Kullanici_Islemleri/Secenekler' located by 'By.cssSelector: .nav.navbar-nav.navbar-right li a' in '10' second(s)

2021-11-23 16:55:34 - [MESSAGE][INFO] - Smart Wait Function is triggered

2021-11-23 16:55:35 - [MESSAGE][INFO] - Found 22 web elements with id: 'Object Repository/Kullanici_Islemleri/Secenekler' located by 'By.cssSelector: .nav.navbar-nav.navbar-right li a' in '10' second(s)

2021-11-23 16:55:36 - [MESSAGE][PASSED] - Method.TextDegerineEsitElementeTikla is PASSED

2021-11-23 16:55:36 - [TEST_STEP][PASSED] - verifyElementNotPresent(findTestObject("Object Repository/Kullanici_Islemleri/Secenekler"), 10): Web element with id: 'Object Repository/Kullanici_Islemleri/Secenekler' located by 'By.cssSelector: .nav.navbar-nav.navbar-right li a' is not present after '10' second(s)

2021-11-23 16:55:36 - [MESSAGE][INFO] - Finding Test Object 'Object Repository/Kullanici_Islemleri/Secenekler'

2021-11-23 16:55:36 - [MESSAGE][INFO] - Checking object

2021-11-23 16:55:36 - [MESSAGE][INFO] - Checking timeout

2021-11-23 16:55:36 - [MESSAGE][INFO] - Finding web element with id: 'Object Repository/Kullanici_Islemleri/Secenekler' located by 'By.cssSelector: .nav.navbar-nav.navbar-right li a' in '10' second(s)

2021-11-23 16:55:36 - [MESSAGE][INFO] - Smart Wait Function is triggered

2021-11-23 16:55:37 - [MESSAGE][PASSED] - Web element with id: 'Object Repository/Kullanici_Islemleri/Secenekler' located by 'By.cssSelector: .nav.navbar-nav.navbar-right li a' is not present after '10' second(s)

2021-11-23 16:55:37 - [MESSAGE][PASSED] - Call Test Case 'Test Cases/Kullanici_Islemleri/KullaniciIslemlerindenSecimYapilir' successfully

2021-11-23 16:55:37 - [TEST_CASE][PASSED] - Start Test Case : SCENARIO e-Serbest Meslek Makbuzlari Gecmisi: SCENARIO e-Serbest Meslek Makbuzlari Gecmisi

2021-11-23 16:55:37 - [TEST_STEP][PASSED] - Kullanıcı adı ELOGO6 ve Şifre 123456 olarak giriş yapılır: Kullanıcı adı ELOGO6 ve Şifre 123456 olarak giriş yapılır

2021-11-23 16:55:37 - [MESSAGE][PASSED] - Kullanıcı adı ELOGO6 ve Şifre 123456 olarak giriş yapılır

2021-11-23 16:55:37 - [TEST_STEP][PASSED] - Ana menüden e-Makbuz seçilir: Ana menüden e-Makbuz seçilir

2021-11-23 16:55:37 - [MESSAGE][PASSED] - Ana menüden e-Makbuz seçilir

2021-11-23 16:55:37 - [TEST_STEP][PASSED] - Alt menü e-Serbest Meslek Uygulaması başlığı altındaki e-Serbest Meslek Makbuzları seçilir: Alt menü e-Serbest Meslek Uygulaması başlığı altındaki e-Serbest Meslek Makbuzları seçilir

2021-11-23 16:55:37 - [MESSAGE][PASSED] - Alt menü e-Serbest Meslek Uygulaması başlığı altındaki e-Serbest Meslek Makbuzları seçilir

2021-11-23 16:55:37 - [TEST_STEP][PASSED] - Filtrelerden Oluşturma Tarihi filtresine 01.12.2020 baslangic degerini yaz: Filtrelerden Oluşturma Tarihi filtresine 01.12.2020 baslangic degerini yaz

2021-11-23 16:55:37 - [MESSAGE][PASSED] - Filtrelerden Oluşturma Tarihi filtresine 01.12.2020 baslangic degerini yaz

2021-11-23 16:55:37 - [TEST_STEP][PASSED] - Filtrelerden Oluşturma Tarihi filtresine 31.12.2020 bitis degerini yaz: Filtrelerden Oluşturma Tarihi filtresine 31.12.2020 bitis degerini yaz

2021-11-23 16:55:37 - [MESSAGE][PASSED] - Filtrelerden Oluşturma Tarihi filtresine 31.12.2020 bitis degerini yaz

2021-11-23 16:55:37 - [TEST_STEP][PASSED] - Filtre butonlarından Listele seçilir: Filtre butonlarından Listele seçilir

2021-11-23 16:55:37 - [MESSAGE][PASSED] - Filtre butonlarından Listele seçilir

2021-11-23 16:55:37 - [TEST_STEP][PASSED] - Tabloda veri var mı kontrol edilir: Tabloda veri var mı kontrol edilir

2021-11-23 16:55:37 - [MESSAGE][PASSED] - Tabloda veri var mı kontrol edilir

2021-11-23 16:55:37 - [TEST_STEP][PASSED] - Tablodan TEST isimli veri seçilir: Tablodan TEST isimli veri seçilir

2021-11-23 16:55:37 - [MESSAGE][PASSED] - Tablodan TEST isimli veri seçilir

2021-11-23 16:55:37 - [TEST_STEP][PASSED] - Butonlardan İzleme Kayıtları isimli butona tıklanır: Butonlardan İzleme Kayıtları isimli butona tıklanır

2021-11-23 16:55:37 - [MESSAGE][PASSED] - Butonlardan İzleme Kayıtları isimli butona tıklanır

2021-11-23 16:55:37 - [TEST_STEP][PASSED] - Yeni açılan sekmeye geçilir: Yeni açılan sekmeye geçilir

2021-11-23 16:55:37 - [MESSAGE][PASSED] - Yeni açılan sekmeye geçilir

2021-11-23 16:55:37 - [TEST_STEP][PASSED] - Serbest Meslek Makbuzu İzleme Kayıtları baslikli gecmis sayfasi geldi mi: Serbest Meslek Makbuzu İzleme Kayıtları baslikli gecmis sayfasi geldi mi

2021-11-23 16:55:37 - [MESSAGE][PASSED] - Serbest Meslek Makbuzu İzleme Kayıtları baslikli gecmis sayfasi geldi mi

2021-11-23 16:55:37 - [TEST_STEP][PASSED] - Ana sekmeye geçilir: Ana sekmeye geçilir

2021-11-23 16:55:37 - [MESSAGE][PASSED] - Ana sekmeye geçilir

2021-11-23 16:55:37 - [TEST_STEP][PASSED] - Kullanıcı işlemlerinden Çıkış seçilir: Kullanıcı işlemlerinden Çıkış seçilir

2021-11-23 16:55:37 - [MESSAGE][PASSED] - Kullanıcı işlemlerinden Çıkış seçilir

2021-11-23 16:55:37 - [MESSAGE][PASSED] - Feature file: 'Include/features/e-Makbuz/e-Serbest Meslek Uygulaması/e-Serbest Meslek Makbuzlari/Izleme Kayitlari.feature' was passed

2021-11-23 16:55:37 - [TEST_STEP][PASSED] - Start listener action : sampleAfterTestSuite: Invoke 'com.kms.katalon.core.annotation.AfterTestCase' method: 'Listener.sampleAfterTestSuite(...)' completed.

2021-11-23 16:55:37 - [MESSAGE][INFO] - Starting invoke 'com.kms.katalon.core.annotation.AfterTestCase' method: 'Listener.sampleAfterTestSuite(...)'

2021-11-23 16:55:37 - [TEST_STEP][PASSED] - closeBrowser(): Invoke 'com.kms.katalon.core.annotation.AfterTestCase' method: 'Listener.sampleAfterTestSuite(...)' completed.

2021-11-23 16:55:37 - [MESSAGE][INFO] - Closing browser

2021-11-23 16:55:37 - [MESSAGE][PASSED] - Browser is closed

2021-11-23 16:55:37 - [MESSAGE][INFO] - Invoke 'com.kms.katalon.core.annotation.AfterTestCase' method: 'Listener.sampleAfterTestSuite(...)' completed.]]></system-out>
         <system-err><![CDATA[]]></system-err>
      </testcase>
      <testcase name="Test Cases/Case Repository/e-Makbuz/e-Serbest Meslek Uygulamasi/e-Serbest Meslek Makbuzlari/Statu Ata" time="42.522" classname="Test Cases/Case Repository/e-Makbuz/e-Serbest Meslek Uygulamasi/e-Serbest Meslek Makbuzlari/Statu Ata" status="PASSED">
         <system-out><![CDATA[2021-11-23 16:55:37 - [TEST_CASE][PASSED] - Test Cases/Case Repository/e-Makbuz/e-Serbest Meslek Uygulamasi/e-Serbest Meslek Makbuzlari/Statu Ata: Test Cases/Case Repository/e-Makbuz/e-Serbest Meslek Uygulamasi/e-Serbest Meslek Makbuzlari/Statu Ata

2021-11-23 16:55:37 - [TEST_STEP][PASSED] - Start listener action : sampleBeforeTestSuite: Invoke 'com.kms.katalon.core.annotation.BeforeTestCase' method: 'Listener.sampleBeforeTestSuite(...)' completed.

2021-11-23 16:55:37 - [MESSAGE][INFO] - Starting invoke 'com.kms.katalon.core.annotation.BeforeTestCase' method: 'Listener.sampleBeforeTestSuite(...)'

2021-11-23 16:55:37 - [TEST_STEP][PASSED] - openBrowser(baseUrl): Browser is opened with url: 'https://efatura-stage.elogo.com.tr/'

2021-11-23 16:55:37 - [MESSAGE][INFO] - Opening browser

2021-11-23 16:55:37 - [MESSAGE][INFO] - Starting 'Chrome' driver

2021-11-23 16:55:37 - [MESSAGE][INFO] - User set preference: ['prefs', '{download.default_directory=C:\otomasyondownfiles}']

2021-11-23 16:55:37 - [MESSAGE][INFO] - Action delay is set to 0 milliseconds

2021-11-23 16:55:39 - [MESSAGE][INFO] - Navigating browser to: 'https://efatura-stage.elogo.com.tr/'

2021-11-23 16:55:43 - [MESSAGE][PASSED] - Browser is opened with url: 'https://efatura-stage.elogo.com.tr/'

2021-11-23 16:55:43 - [TEST_STEP][PASSED] - maximizeWindow(): Invoke 'com.kms.katalon.core.annotation.BeforeTestCase' method: 'Listener.sampleBeforeTestSuite(...)' completed.

2021-11-23 16:55:43 - [MESSAGE][INFO] - Maximizing current window

2021-11-23 16:55:43 - [MESSAGE][PASSED] - Current window maximized

2021-11-23 16:55:43 - [MESSAGE][INFO] - Invoke 'com.kms.katalon.core.annotation.BeforeTestCase' method: 'Listener.sampleBeforeTestSuite(...)' completed.

2021-11-23 16:55:44 - [TEST_STEP][PASSED] - runFeatureFile("Include/features/e-Makbuz/e-Serbest Meslek Uygulaması/e-Serbest Meslek Makbuzlari/Statu Ata.feature"): Feature file: 'Include/features/e-Makbuz/e-Serbest Meslek Uygulaması/e-Serbest Meslek Makbuzlari/Statu Ata.feature' was passed

2021-11-23 16:55:44 - [MESSAGE][INFO] - Starting run keyword runFeatureFile: 'Include/features/e-Makbuz/e-Serbest Meslek Uygulaması/e-Serbest Meslek Makbuzlari/Statu Ata.feature' and extract report to folder: 'C:\Users\DELL\Documents\GitHub\EES_KatalonLogo\Reports\20211123_163326\Suite Repository\e-Makbuz\20211123_163348/cucumber_report/1637675744612'...

2021-11-23 16:55:44 - [MESSAGE][INFO] - Glue: []

2021-11-23 16:55:47 - [MESSAGE][INFO] - Checking called Test Case

2021-11-23 16:55:47 - [MESSAGE][INFO] - Starting to call Test Case 'Test Cases/Sayfalar/Giris_Sayfasi/Login'

2021-11-23 16:55:47 - [TEST_CASE][PASSED] - Test Cases/Sayfalar/Giris_Sayfasi/Login: Test Cases/Sayfalar/Giris_Sayfasi/Login

2021-11-23 16:55:47 - [TEST_STEP][PASSED] - Sayfa_Basligi = getWindowTitle(): Current window's title is: 'LOGO e-Fatura'

2021-11-23 16:55:47 - [MESSAGE][INFO] - Getting current window's title

2021-11-23 16:55:47 - [MESSAGE][PASSED] - Current window's title is: 'LOGO e-Fatura'

2021-11-23 16:55:47 - [TEST_STEP][PASSED] - verifyMatch(Sayfa_Basligi, "LOGO e-Fatura", false): Actual text 'LOGO e-Fatura' and expected text 'LOGO e-Fatura' are matched 

2021-11-23 16:55:47 - [MESSAGE][INFO] - Matching actual text 'LOGO e-Fatura' with expected text 'LOGO e-Fatura'

2021-11-23 16:55:47 - [MESSAGE][PASSED] - Actual text 'LOGO e-Fatura' and expected text 'LOGO e-Fatura' are matched 

2021-11-23 16:55:47 - [TEST_STEP][PASSED] - sendKeys(findTestObject("Sayfalar/Giris_Sayfasi/Firma_Kodu"), KullaniciAdi): Keys 'ELOGO6' sent to object: 'Object Repository/Sayfalar/Giris_Sayfasi/Firma_Kodu'

2021-11-23 16:55:47 - [MESSAGE][INFO] - Finding Test Object 'Object Repository/Sayfalar/Giris_Sayfasi/Firma_Kodu'

2021-11-23 16:55:47 - [MESSAGE][INFO] - Sending keys 'ELOGO6' to object: 'Object Repository/Sayfalar/Giris_Sayfasi/Firma_Kodu'

2021-11-23 16:55:47 - [MESSAGE][INFO] - Finding web element from Test Object's properties

2021-11-23 16:55:47 - [MESSAGE][INFO] - Checking timeout

2021-11-23 16:55:47 - [MESSAGE][INFO] - Finding web element with id: 'Object Repository/Sayfalar/Giris_Sayfasi/Firma_Kodu' located by 'By.xpath: //*[@id = 'AccountName']' in '30' second(s)

2021-11-23 16:55:47 - [MESSAGE][INFO] - Smart Wait Function is triggered

2021-11-23 16:55:48 - [MESSAGE][INFO] - Found 1 web elements with id: 'Object Repository/Sayfalar/Giris_Sayfasi/Firma_Kodu' located by 'By.xpath: //*[@id = 'AccountName']' in '30' second(s)

2021-11-23 16:55:48 - [MESSAGE][PASSED] - Keys 'ELOGO6' sent to object: 'Object Repository/Sayfalar/Giris_Sayfasi/Firma_Kodu'

2021-11-23 16:55:48 - [TEST_STEP][PASSED] - sendKeys(findTestObject("Sayfalar/Giris_Sayfasi/Sifre"), Sifre): Keys '123456' sent to object: 'Object Repository/Sayfalar/Giris_Sayfasi/Sifre'

2021-11-23 16:55:48 - [MESSAGE][INFO] - Finding Test Object 'Object Repository/Sayfalar/Giris_Sayfasi/Sifre'

2021-11-23 16:55:48 - [MESSAGE][INFO] - Sending keys '123456' to object: 'Object Repository/Sayfalar/Giris_Sayfasi/Sifre'

2021-11-23 16:55:48 - [MESSAGE][INFO] - Finding web element from Test Object's properties

2021-11-23 16:55:48 - [MESSAGE][INFO] - Checking timeout

2021-11-23 16:55:48 - [MESSAGE][INFO] - Finding web element with id: 'Object Repository/Sayfalar/Giris_Sayfasi/Sifre' located by 'By.xpath: //*[@id = 'Password']' in '30' second(s)

2021-11-23 16:55:48 - [MESSAGE][INFO] - Smart Wait Function is triggered

2021-11-23 16:55:48 - [MESSAGE][INFO] - Found 1 web elements with id: 'Object Repository/Sayfalar/Giris_Sayfasi/Sifre' located by 'By.xpath: //*[@id = 'Password']' in '30' second(s)

2021-11-23 16:55:48 - [MESSAGE][PASSED] - Keys '123456' sent to object: 'Object Repository/Sayfalar/Giris_Sayfasi/Sifre'

2021-11-23 16:55:48 - [TEST_STEP][PASSED] - findWebElement(findTestObject("Sayfalar/Giris_Sayfasi/Giris_Butonu")).click(): Found 1 web elements with id: 'Object Repository/Sayfalar/Giris_Sayfasi/Giris_Butonu' located by 'By.cssSelector: #btnLogin' in '30' second(s)

2021-11-23 16:55:48 - [MESSAGE][INFO] - Finding Test Object 'Object Repository/Sayfalar/Giris_Sayfasi/Giris_Butonu'

2021-11-23 16:55:48 - [MESSAGE][INFO] - Finding web element from Test Object's properties

2021-11-23 16:55:48 - [MESSAGE][INFO] - Checking timeout

2021-11-23 16:55:48 - [MESSAGE][INFO] - Finding web element with id: 'Object Repository/Sayfalar/Giris_Sayfasi/Giris_Butonu' located by 'By.cssSelector: #btnLogin' in '30' second(s)

2021-11-23 16:55:48 - [MESSAGE][INFO] - Smart Wait Function is triggered

2021-11-23 16:55:49 - [MESSAGE][INFO] - Found 1 web elements with id: 'Object Repository/Sayfalar/Giris_Sayfasi/Giris_Butonu' located by 'By.cssSelector: #btnLogin' in '30' second(s)

2021-11-23 16:55:51 - [TEST_STEP][PASSED] - if (verifyElementPresent(findTestObject("Object Repository/Sayfalar/Giris_Sayfasi/RetveTamam_Butonu"), 5, OPTIONAL)): null

2021-11-23 16:55:51 - [MESSAGE][INFO] - Finding Test Object 'Object Repository/Sayfalar/Giris_Sayfasi/RetveTamam_Butonu'

2021-11-23 16:55:51 - [MESSAGE][INFO] - Checking object

2021-11-23 16:55:51 - [MESSAGE][INFO] - Finding web element from Test Object's properties

2021-11-23 16:55:51 - [MESSAGE][INFO] - Checking timeout

2021-11-23 16:55:51 - [MESSAGE][INFO] - Finding web element with id: 'Object Repository/Sayfalar/Giris_Sayfasi/RetveTamam_Butonu' located by 'By.xpath: //*[@class = 'btn btn-default']' in '5' second(s)

2021-11-23 16:55:51 - [MESSAGE][INFO] - Smart Wait Function is triggered

2021-11-23 16:55:52 - [MESSAGE][INFO] - Found 1 web elements with id: 'Object Repository/Sayfalar/Giris_Sayfasi/RetveTamam_Butonu' located by 'By.xpath: //*[@class = 'btn btn-default']' in '5' second(s)

2021-11-23 16:55:52 - [MESSAGE][PASSED] - Object 'Object Repository/Sayfalar/Giris_Sayfasi/RetveTamam_Butonu' is present

2021-11-23 16:55:52 - [TEST_STEP][PASSED] - click(findTestObject("Object Repository/Sayfalar/Giris_Sayfasi/RetveTamam_Butonu")): Object: 'Object Repository/Sayfalar/Giris_Sayfasi/RetveTamam_Butonu' is clicked on

2021-11-23 16:55:52 - [MESSAGE][INFO] - Finding Test Object 'Object Repository/Sayfalar/Giris_Sayfasi/RetveTamam_Butonu'

2021-11-23 16:55:52 - [MESSAGE][INFO] - Checking object

2021-11-23 16:55:52 - [MESSAGE][INFO] - Finding web element from Test Object's properties

2021-11-23 16:55:52 - [MESSAGE][INFO] - Checking timeout

2021-11-23 16:55:52 - [MESSAGE][INFO] - Finding web element with id: 'Object Repository/Sayfalar/Giris_Sayfasi/RetveTamam_Butonu' located by 'By.xpath: //*[@class = 'btn btn-default']' in '30' second(s)

2021-11-23 16:55:52 - [MESSAGE][INFO] - Smart Wait Function is triggered

2021-11-23 16:55:52 - [MESSAGE][INFO] - Found 1 web elements with id: 'Object Repository/Sayfalar/Giris_Sayfasi/RetveTamam_Butonu' located by 'By.xpath: //*[@class = 'btn btn-default']' in '30' second(s)

2021-11-23 16:55:52 - [MESSAGE][INFO] - Clicking on object: 'Object Repository/Sayfalar/Giris_Sayfasi/RetveTamam_Butonu'

2021-11-23 16:55:52 - [MESSAGE][PASSED] - Object: 'Object Repository/Sayfalar/Giris_Sayfasi/RetveTamam_Butonu' is clicked on

2021-11-23 16:55:52 - [TEST_STEP][PASSED] - click(findTestObject("Object Repository/Sayfalar/Giris_Sayfasi/RetveTamam_Butonu")): Object: 'Object Repository/Sayfalar/Giris_Sayfasi/RetveTamam_Butonu' is clicked on

2021-11-23 16:55:52 - [MESSAGE][INFO] - Finding Test Object 'Object Repository/Sayfalar/Giris_Sayfasi/RetveTamam_Butonu'

2021-11-23 16:55:52 - [MESSAGE][INFO] - Checking object

2021-11-23 16:55:52 - [MESSAGE][INFO] - Finding web element from Test Object's properties

2021-11-23 16:55:52 - [MESSAGE][INFO] - Checking timeout

2021-11-23 16:55:52 - [MESSAGE][INFO] - Finding web element with id: 'Object Repository/Sayfalar/Giris_Sayfasi/RetveTamam_Butonu' located by 'By.xpath: //*[@class = 'btn btn-default']' in '30' second(s)

2021-11-23 16:55:52 - [MESSAGE][INFO] - Smart Wait Function is triggered

2021-11-23 16:55:55 - [MESSAGE][INFO] - Found 1 web elements with id: 'Object Repository/Sayfalar/Giris_Sayfasi/RetveTamam_Butonu' located by 'By.xpath: //*[@class = 'btn btn-default']' in '30' second(s)

2021-11-23 16:55:55 - [MESSAGE][INFO] - Clicking on object: 'Object Repository/Sayfalar/Giris_Sayfasi/RetveTamam_Butonu'

2021-11-23 16:55:55 - [MESSAGE][PASSED] - Object: 'Object Repository/Sayfalar/Giris_Sayfasi/RetveTamam_Butonu' is clicked on

2021-11-23 16:55:55 - [TEST_STEP][PASSED] - if (verifyElementPresent(findTestObject("Sayfalar/Giris_Sayfasi/PopupOK"), 5, OPTIONAL)): null

2021-11-23 16:55:55 - [MESSAGE][INFO] - Finding Test Object 'Object Repository/Sayfalar/Giris_Sayfasi/PopupOK'

2021-11-23 16:55:55 - [MESSAGE][INFO] - Checking object

2021-11-23 16:55:55 - [MESSAGE][INFO] - Finding web element from Test Object's properties

2021-11-23 16:55:55 - [MESSAGE][INFO] - Checking timeout

2021-11-23 16:55:55 - [MESSAGE][INFO] - Finding web element with id: 'Object Repository/Sayfalar/Giris_Sayfasi/PopupOK' located by 'By.cssSelector: .btn.btn-success' in '5' second(s)

2021-11-23 16:55:55 - [MESSAGE][INFO] - Smart Wait Function is triggered

2021-11-23 16:55:56 - [MESSAGE][INFO] - Found 1 web elements with id: 'Object Repository/Sayfalar/Giris_Sayfasi/PopupOK' located by 'By.cssSelector: .btn.btn-success' in '5' second(s)

2021-11-23 16:55:56 - [MESSAGE][PASSED] - Object 'Object Repository/Sayfalar/Giris_Sayfasi/PopupOK' is present

2021-11-23 16:55:56 - [TEST_STEP][PASSED] - click(findTestObject("Object Repository/Sayfalar/Giris_Sayfasi/PopupCarpiGiris")): Object: 'Object Repository/Sayfalar/Giris_Sayfasi/PopupCarpiGiris' is clicked on

2021-11-23 16:55:56 - [MESSAGE][INFO] - Finding Test Object 'Object Repository/Sayfalar/Giris_Sayfasi/PopupCarpiGiris'

2021-11-23 16:55:56 - [MESSAGE][INFO] - Checking object

2021-11-23 16:55:56 - [MESSAGE][INFO] - Finding web element from Test Object's properties

2021-11-23 16:55:56 - [MESSAGE][INFO] - Checking timeout

2021-11-23 16:55:56 - [MESSAGE][INFO] - Finding web element with id: 'Object Repository/Sayfalar/Giris_Sayfasi/PopupCarpiGiris' located by 'By.cssSelector: .bootbox-close-button.close' in '30' second(s)

2021-11-23 16:55:56 - [MESSAGE][INFO] - Smart Wait Function is triggered

2021-11-23 16:55:57 - [MESSAGE][INFO] - Found 1 web elements with id: 'Object Repository/Sayfalar/Giris_Sayfasi/PopupCarpiGiris' located by 'By.cssSelector: .bootbox-close-button.close' in '30' second(s)

2021-11-23 16:55:57 - [MESSAGE][INFO] - Clicking on object: 'Object Repository/Sayfalar/Giris_Sayfasi/PopupCarpiGiris'

2021-11-23 16:55:57 - [MESSAGE][PASSED] - Object: 'Object Repository/Sayfalar/Giris_Sayfasi/PopupCarpiGiris' is clicked on

2021-11-23 16:55:57 - [TEST_STEP][PASSED] - verifyElementVisible(findTestObject("Object Repository/Kullanici_Islemleri/KullaniciIslemleri")): Object 'Object Repository/Kullanici_Islemleri/KullaniciIslemleri' is visible

2021-11-23 16:55:57 - [MESSAGE][INFO] - Finding Test Object 'Object Repository/Kullanici_Islemleri/KullaniciIslemleri'

2021-11-23 16:55:57 - [MESSAGE][INFO] - Checking object

2021-11-23 16:55:57 - [MESSAGE][INFO] - Finding web element from Test Object's properties

2021-11-23 16:55:57 - [MESSAGE][INFO] - Checking timeout

2021-11-23 16:55:57 - [MESSAGE][INFO] - Finding web element with id: 'Object Repository/Kullanici_Islemleri/KullaniciIslemleri' located by 'By.cssSelector: .dropdown>a>img' in '30' second(s)

2021-11-23 16:55:57 - [MESSAGE][INFO] - Smart Wait Function is triggered

2021-11-23 16:55:58 - [MESSAGE][INFO] - Found 1 web elements with id: 'Object Repository/Kullanici_Islemleri/KullaniciIslemleri' located by 'By.cssSelector: .dropdown>a>img' in '30' second(s)

2021-11-23 16:55:58 - [MESSAGE][PASSED] - Object 'Object Repository/Kullanici_Islemleri/KullaniciIslemleri' is visible

2021-11-23 16:55:58 - [MESSAGE][PASSED] - Call Test Case 'Test Cases/Sayfalar/Giris_Sayfasi/Login' successfully

2021-11-23 16:55:58 - [MESSAGE][INFO] - Checking called Test Case

2021-11-23 16:55:58 - [MESSAGE][INFO] - Starting to call Test Case 'Test Cases/Menu/AnaMenuSecimi'

2021-11-23 16:55:58 - [TEST_CASE][PASSED] - Test Cases/Menu/AnaMenuSecimi: Test Cases/Menu/AnaMenuSecimi

2021-11-23 16:55:58 - [TEST_STEP][PASSED] - Method.TextDegerineEsitElementeTikla(findTestObject("Menu/Ana_Menu"), Ana_Menu): Method.TextDegerineEsitElementeTikla is PASSED

2021-11-23 16:55:58 - [MESSAGE][INFO] - Finding Test Object 'Object Repository/Menu/Ana_Menu'

2021-11-23 16:55:58 - [MESSAGE][INFO] - Checking timeout

2021-11-23 16:55:58 - [MESSAGE][INFO] - Finding web element with id: 'Object Repository/Menu/Ana_Menu' located by 'By.xpath: //*[@class = 'dropdown-toggle']' in '10' second(s)

2021-11-23 16:55:58 - [MESSAGE][INFO] - Smart Wait Function is triggered

2021-11-23 16:55:58 - [MESSAGE][INFO] - Found 14 web elements with id: 'Object Repository/Menu/Ana_Menu' located by 'By.xpath: //*[@class = 'dropdown-toggle']' in '10' second(s)

2021-11-23 16:55:58 - [MESSAGE][PASSED] - Method.TextDegerineEsitElementeTikla is PASSED

2021-11-23 16:55:58 - [MESSAGE][PASSED] - Call Test Case 'Test Cases/Menu/AnaMenuSecimi' successfully

2021-11-23 16:55:58 - [MESSAGE][INFO] - Checking called Test Case

2021-11-23 16:55:58 - [MESSAGE][INFO] - Starting to call Test Case 'Test Cases/Menu/BasligaGoreAltMenuSecimi'

2021-11-23 16:55:58 - [TEST_CASE][PASSED] - Test Cases/Menu/BasligaGoreAltMenuSecimi: Test Cases/Menu/BasligaGoreAltMenuSecimi

2021-11-23 16:55:58 - [TEST_STEP][PASSED] - Method.TextDegerineEsitElementinAltindakiTextDegerineEsitOlanaTikla(findTestObject("Menu/Menu_Basligi"), findTestObject("Menu/Basliga_Gore_Alt_Menu"), Baslik, Alt_Menu): Method.TextDegerineEsitElementinAltindakiTextDegerineEsitOlanaTikla is PASSED

2021-11-23 16:55:58 - [MESSAGE][INFO] - Finding Test Object 'Object Repository/Menu/Menu_Basligi'

2021-11-23 16:55:58 - [MESSAGE][INFO] - Finding Test Object 'Object Repository/Menu/Basliga_Gore_Alt_Menu'

2021-11-23 16:55:59 - [MESSAGE][INFO] - Checking timeout

2021-11-23 16:55:59 - [MESSAGE][INFO] - Finding web element with id: 'Object Repository/Menu/Menu_Basligi' located by 'By.xpath: //li[@class='dropdown dropdown-large open']//li[@class='dropdown-header']' in '10' second(s)

2021-11-23 16:55:59 - [MESSAGE][INFO] - Smart Wait Function is triggered

2021-11-23 16:55:59 - [MESSAGE][INFO] - Found 2 web elements with id: 'Object Repository/Menu/Menu_Basligi' located by 'By.xpath: //li[@class='dropdown dropdown-large open']//li[@class='dropdown-header']' in '10' second(s)

2021-11-23 16:55:59 - [MESSAGE][INFO] - Smart Wait Function is triggered

2021-11-23 16:56:03 - [MESSAGE][PASSED] - Method.TextDegerineEsitElementinAltindakiTextDegerineEsitOlanaTikla is PASSED

2021-11-23 16:56:03 - [MESSAGE][PASSED] - Call Test Case 'Test Cases/Menu/BasligaGoreAltMenuSecimi' successfully

2021-11-23 16:56:03 - [MESSAGE][INFO] - Checking called Test Case

2021-11-23 16:56:03 - [MESSAGE][INFO] - Starting to call Test Case 'Test Cases/Filtreler/BaslangicYaz'

2021-11-23 16:56:03 - [TEST_CASE][PASSED] - Test Cases/Filtreler/BaslangicYaz: Test Cases/Filtreler/BaslangicYaz

2021-11-23 16:56:03 - [TEST_STEP][PASSED] - delay(3): Delayed 3 second(s)

2021-11-23 16:56:03 - [MESSAGE][INFO] - Delaying browser in 3 second(s)

2021-11-23 16:56:06 - [MESSAGE][PASSED] - Delayed 3 second(s)

2021-11-23 16:56:06 - [TEST_STEP][PASSED] - Method.TextDegerineEsitElementinAltindakineTikla(findTestObject("Filtreler/Basliklar"), findTestObject("Filtreler/Basliga_Gore_Baslangic_Image"), Filtre_Adi): Method.TextDegerineEsitElementinAltindakineTikla is PASSED

2021-11-23 16:56:06 - [MESSAGE][INFO] - Finding Test Object 'Object Repository/Filtreler/Basliklar'

2021-11-23 16:56:06 - [MESSAGE][INFO] - Finding Test Object 'Object Repository/Filtreler/Basliga_Gore_Baslangic_Image'

2021-11-23 16:56:06 - [MESSAGE][INFO] - Checking timeout

2021-11-23 16:56:06 - [MESSAGE][INFO] - Finding web element with id: 'Object Repository/Filtreler/Basliklar' located by 'By.cssSelector: .control-label.col-sm-4.paddingMarginRLC' in '10' second(s)

2021-11-23 16:56:06 - [MESSAGE][INFO] - Smart Wait Function is triggered

2021-11-23 16:56:06 - [MESSAGE][INFO] - Found 13 web elements with id: 'Object Repository/Filtreler/Basliklar' located by 'By.cssSelector: .control-label.col-sm-4.paddingMarginRLC' in '10' second(s)

2021-11-23 16:56:06 - [MESSAGE][INFO] - Smart Wait Function is triggered

2021-11-23 16:56:07 - [MESSAGE][PASSED] - Method.TextDegerineEsitElementinAltindakineTikla is PASSED

2021-11-23 16:56:07 - [TEST_STEP][PASSED] - Method.TextDegerineEsitElementinAltindakiTextboxtaYaz(findTestObject("Filtreler/Basliklar"), findTestObject("Filtreler/Basliga_Gore_Baslangic"), Filtre_Adi, Filtre_Degeri): Method.TextDegerineEsitElementinAltindakiTextboxtaYaz is PASSED

2021-11-23 16:56:07 - [MESSAGE][INFO] - Finding Test Object 'Object Repository/Filtreler/Basliklar'

2021-11-23 16:56:07 - [MESSAGE][INFO] - Finding Test Object 'Object Repository/Filtreler/Basliga_Gore_Baslangic'

2021-11-23 16:56:07 - [MESSAGE][INFO] - Checking timeout

2021-11-23 16:56:07 - [MESSAGE][INFO] - Finding web element with id: 'Object Repository/Filtreler/Basliklar' located by 'By.cssSelector: .control-label.col-sm-4.paddingMarginRLC' in '10' second(s)

2021-11-23 16:56:07 - [MESSAGE][INFO] - Smart Wait Function is triggered

2021-11-23 16:56:07 - [MESSAGE][INFO] - Found 13 web elements with id: 'Object Repository/Filtreler/Basliklar' located by 'By.cssSelector: .control-label.col-sm-4.paddingMarginRLC' in '10' second(s)

2021-11-23 16:56:07 - [MESSAGE][INFO] - Smart Wait Function is triggered

2021-11-23 16:56:08 - [MESSAGE][PASSED] - Method.TextDegerineEsitElementinAltindakiTextboxtaYaz is PASSED

2021-11-23 16:56:08 - [MESSAGE][PASSED] - Call Test Case 'Test Cases/Filtreler/BaslangicYaz' successfully

2021-11-23 16:56:08 - [MESSAGE][INFO] - Checking called Test Case

2021-11-23 16:56:08 - [MESSAGE][INFO] - Starting to call Test Case 'Test Cases/Filtreler/BitisYaz'

2021-11-23 16:56:08 - [TEST_CASE][PASSED] - Test Cases/Filtreler/BitisYaz: Test Cases/Filtreler/BitisYaz

2021-11-23 16:56:08 - [TEST_STEP][PASSED] - Method.TextDegerineEsitElementinAltindakineTikla(findTestObject("Filtreler/Basliklar"), findTestObject("Filtreler/Basliga_Gore_Bitis_Image"), Filtre_Adi): Method.TextDegerineEsitElementinAltindakineTikla is PASSED

2021-11-23 16:56:08 - [MESSAGE][INFO] - Finding Test Object 'Object Repository/Filtreler/Basliklar'

2021-11-23 16:56:08 - [MESSAGE][INFO] - Finding Test Object 'Object Repository/Filtreler/Basliga_Gore_Bitis_Image'

2021-11-23 16:56:08 - [MESSAGE][INFO] - Checking timeout

2021-11-23 16:56:08 - [MESSAGE][INFO] - Finding web element with id: 'Object Repository/Filtreler/Basliklar' located by 'By.cssSelector: .control-label.col-sm-4.paddingMarginRLC' in '10' second(s)

2021-11-23 16:56:08 - [MESSAGE][INFO] - Smart Wait Function is triggered

2021-11-23 16:56:08 - [MESSAGE][INFO] - Found 13 web elements with id: 'Object Repository/Filtreler/Basliklar' located by 'By.cssSelector: .control-label.col-sm-4.paddingMarginRLC' in '10' second(s)

2021-11-23 16:56:08 - [MESSAGE][INFO] - Smart Wait Function is triggered

2021-11-23 16:56:09 - [MESSAGE][PASSED] - Method.TextDegerineEsitElementinAltindakineTikla is PASSED

2021-11-23 16:56:09 - [TEST_STEP][PASSED] - Method.TextDegerineEsitElementinAltindakiTextboxtaYaz(findTestObject("Filtreler/Basliklar"), findTestObject("Object Repository/Filtreler/Basliga_Gore_Bitis"), Filtre_Adi, Filtre_Degeri): Method.TextDegerineEsitElementinAltindakiTextboxtaYaz is PASSED

2021-11-23 16:56:09 - [MESSAGE][INFO] - Finding Test Object 'Object Repository/Filtreler/Basliklar'

2021-11-23 16:56:09 - [MESSAGE][INFO] - Finding Test Object 'Object Repository/Filtreler/Basliga_Gore_Bitis'

2021-11-23 16:56:09 - [MESSAGE][INFO] - Checking timeout

2021-11-23 16:56:09 - [MESSAGE][INFO] - Finding web element with id: 'Object Repository/Filtreler/Basliklar' located by 'By.cssSelector: .control-label.col-sm-4.paddingMarginRLC' in '10' second(s)

2021-11-23 16:56:09 - [MESSAGE][INFO] - Smart Wait Function is triggered

2021-11-23 16:56:09 - [MESSAGE][INFO] - Found 13 web elements with id: 'Object Repository/Filtreler/Basliklar' located by 'By.cssSelector: .control-label.col-sm-4.paddingMarginRLC' in '10' second(s)

2021-11-23 16:56:09 - [MESSAGE][INFO] - Smart Wait Function is triggered

2021-11-23 16:56:10 - [MESSAGE][PASSED] - Method.TextDegerineEsitElementinAltindakiTextboxtaYaz is PASSED

2021-11-23 16:56:10 - [MESSAGE][PASSED] - Call Test Case 'Test Cases/Filtreler/BitisYaz' successfully

2021-11-23 16:56:10 - [MESSAGE][INFO] - Checking called Test Case

2021-11-23 16:56:10 - [MESSAGE][INFO] - Starting to call Test Case 'Test Cases/Filtreler/ButonaTikla'

2021-11-23 16:56:10 - [TEST_CASE][PASSED] - Test Cases/Filtreler/ButonaTikla: Test Cases/Filtreler/ButonaTikla

2021-11-23 16:56:10 - [TEST_STEP][PASSED] - Method.TextDegerineEsitElementeTikla(findTestObject("Filtreler/Butonlar"), Filtre_Buton): Method.TextDegerineEsitElementeTikla is PASSED

2021-11-23 16:56:10 - [MESSAGE][INFO] - Finding Test Object 'Object Repository/Filtreler/Butonlar'

2021-11-23 16:56:10 - [MESSAGE][INFO] - Checking timeout

2021-11-23 16:56:10 - [MESSAGE][INFO] - Finding web element with id: 'Object Repository/Filtreler/Butonlar' located by 'By.cssSelector: .dxb>span' in '10' second(s)

2021-11-23 16:56:10 - [MESSAGE][INFO] - Smart Wait Function is triggered

2021-11-23 16:56:10 - [MESSAGE][INFO] - Found 3 web elements with id: 'Object Repository/Filtreler/Butonlar' located by 'By.cssSelector: .dxb>span' in '10' second(s)

2021-11-23 16:56:10 - [MESSAGE][PASSED] - Method.TextDegerineEsitElementeTikla is PASSED

2021-11-23 16:56:10 - [MESSAGE][PASSED] - Call Test Case 'Test Cases/Filtreler/ButonaTikla' successfully

2021-11-23 16:56:10 - [MESSAGE][INFO] - Checking called Test Case

2021-11-23 16:56:10 - [MESSAGE][INFO] - Starting to call Test Case 'Test Cases/Tablo/TablodaVeriVarMi'

2021-11-23 16:56:10 - [TEST_CASE][PASSED] - Test Cases/Tablo/TablodaVeriVarMi: Test Cases/Tablo/TablodaVeriVarMi

2021-11-23 16:56:10 - [TEST_STEP][PASSED] - verifyTextNotPresent("Görüntülenecek veri yok", true): Text 'Görüntülenecek veri yok' is not present on page using regular expression

2021-11-23 16:56:10 - [MESSAGE][INFO] - Checking text present  using regular expression

2021-11-23 16:56:10 - [MESSAGE][INFO] - Smart Wait Function is triggered

2021-11-23 16:56:11 - [MESSAGE][INFO] - Finding text 'Görüntülenecek veri yok' on page  using regular expression

2021-11-23 16:56:11 - [MESSAGE][PASSED] - Text 'Görüntülenecek veri yok' is not present on page using regular expression

2021-11-23 16:56:11 - [MESSAGE][PASSED] - Call Test Case 'Test Cases/Tablo/TablodaVeriVarMi' successfully

2021-11-23 16:56:11 - [MESSAGE][INFO] - Checking called Test Case

2021-11-23 16:56:11 - [MESSAGE][INFO] - Starting to call Test Case 'Test Cases/Tablo/TablodanVeriSec'

2021-11-23 16:56:11 - [TEST_CASE][PASSED] - Test Cases/Tablo/TablodanVeriSec: Test Cases/Tablo/TablodanVeriSec

2021-11-23 16:56:11 - [TEST_STEP][PASSED] - Method.TextDegerineEsitElementinAltindakineTikla(findTestObject("Tablo/Veriler"), findTestObject("Tablo/VerininCheckBoxi"), Veri_Adi): Method.TextDegerineEsitElementinAltindakineTikla is PASSED

2021-11-23 16:56:11 - [MESSAGE][INFO] - Finding Test Object 'Object Repository/Tablo/Veriler'

2021-11-23 16:56:11 - [MESSAGE][INFO] - Finding Test Object 'Object Repository/Tablo/VerininCheckBoxi'

2021-11-23 16:56:11 - [MESSAGE][INFO] - Checking timeout

2021-11-23 16:56:11 - [MESSAGE][INFO] - Finding web element with id: 'Object Repository/Tablo/Veriler' located by 'By.cssSelector: td.dxgv b ,td.dxgv' in '10' second(s)

2021-11-23 16:56:11 - [MESSAGE][INFO] - Smart Wait Function is triggered

2021-11-23 16:56:12 - [MESSAGE][INFO] - Found 52 web elements with id: 'Object Repository/Tablo/Veriler' located by 'By.cssSelector: td.dxgv b ,td.dxgv' in '10' second(s)

2021-11-23 16:56:12 - [MESSAGE][INFO] - Smart Wait Function is triggered

2021-11-23 16:56:12 - [MESSAGE][PASSED] - Method.TextDegerineEsitElementinAltindakineTikla is PASSED

2021-11-23 16:56:12 - [MESSAGE][PASSED] - Call Test Case 'Test Cases/Tablo/TablodanVeriSec' successfully

2021-11-23 16:56:12 - [MESSAGE][INFO] - Checking called Test Case

2021-11-23 16:56:12 - [MESSAGE][INFO] - Starting to call Test Case 'Test Cases/Butonlar/ButonaTikla'

2021-11-23 16:56:12 - [TEST_CASE][PASSED] - Test Cases/Butonlar/ButonaTikla: Test Cases/Butonlar/ButonaTikla

2021-11-23 16:56:12 - [TEST_STEP][PASSED] - Method.TextDegerineEsitElementeTiklaEquals(findTestObject("Butonlar/Butonlar"), Buton_Adi): Method.TextDegerineEsitElementeTiklaEquals is PASSED

2021-11-23 16:56:12 - [MESSAGE][INFO] - Finding Test Object 'Object Repository/Butonlar/Butonlar'

2021-11-23 16:56:12 - [MESSAGE][INFO] - Checking timeout

2021-11-23 16:56:12 - [MESSAGE][INFO] - Finding web element with id: 'Object Repository/Butonlar/Butonlar' located by 'By.cssSelector: .panel.panel-default.text-center.footerPanel .btn,.btn.btn-primary.btnControls' in '10' second(s)

2021-11-23 16:56:12 - [MESSAGE][INFO] - Smart Wait Function is triggered

2021-11-23 16:56:12 - [MESSAGE][INFO] - Found 11 web elements with id: 'Object Repository/Butonlar/Butonlar' located by 'By.cssSelector: .panel.panel-default.text-center.footerPanel .btn,.btn.btn-primary.btnControls' in '10' second(s)

2021-11-23 16:56:13 - [MESSAGE][PASSED] - Method.TextDegerineEsitElementeTiklaEquals is PASSED

2021-11-23 16:56:13 - [MESSAGE][PASSED] - Call Test Case 'Test Cases/Butonlar/ButonaTikla' successfully

2021-11-23 16:56:13 - [MESSAGE][INFO] - Checking called Test Case

2021-11-23 16:56:13 - [MESSAGE][INFO] - Starting to call Test Case 'Test Cases/Butonlar/AltButonaTikla'

2021-11-23 16:56:13 - [TEST_CASE][PASSED] - Test Cases/Butonlar/AltButonaTikla: Test Cases/Butonlar/AltButonaTikla

2021-11-23 16:56:13 - [TEST_STEP][PASSED] - Method.TextDegerineEsitElementeTikla(findTestObject("Butonlar/AltButonlar"), Alt_Buton): Method.TextDegerineEsitElementeTikla is PASSED

2021-11-23 16:56:13 - [MESSAGE][INFO] - Finding Test Object 'Object Repository/Butonlar/AltButonlar'

2021-11-23 16:56:13 - [MESSAGE][INFO] - Checking timeout

2021-11-23 16:56:13 - [MESSAGE][INFO] - Finding web element with id: 'Object Repository/Butonlar/AltButonlar' located by 'By.cssSelector: .btn-group.open li>a' in '10' second(s)

2021-11-23 16:56:13 - [MESSAGE][INFO] - Smart Wait Function is triggered

2021-11-23 16:56:13 - [MESSAGE][INFO] - Found 2 web elements with id: 'Object Repository/Butonlar/AltButonlar' located by 'By.cssSelector: .btn-group.open li>a' in '10' second(s)

2021-11-23 16:56:13 - [MESSAGE][PASSED] - Method.TextDegerineEsitElementeTikla is PASSED

2021-11-23 16:56:13 - [MESSAGE][PASSED] - Call Test Case 'Test Cases/Butonlar/AltButonaTikla' successfully

2021-11-23 16:56:13 - [MESSAGE][INFO] - Checking called Test Case

2021-11-23 16:56:14 - [MESSAGE][INFO] - Starting to call Test Case 'Test Cases/Popup/PopupMesajiIceriyorMu'

2021-11-23 16:56:14 - [TEST_CASE][PASSED] - Test Cases/Popup/PopupMesajiIceriyorMu: Test Cases/Popup/PopupMesajiIceriyorMu

2021-11-23 16:56:14 - [TEST_STEP][PASSED] - waitForElementVisible(findTestObject("Popup/Popup"), 10): Object 'Object Repository/Popup/Popup' is visible

2021-11-23 16:56:14 - [MESSAGE][INFO] - Finding Test Object 'Object Repository/Popup/Popup'

2021-11-23 16:56:14 - [MESSAGE][INFO] - Checking object

2021-11-23 16:56:14 - [MESSAGE][INFO] - Checking timeout

2021-11-23 16:56:14 - [MESSAGE][INFO] - Finding web element from Test Object's properties

2021-11-23 16:56:14 - [MESSAGE][INFO] - Checking timeout

2021-11-23 16:56:14 - [MESSAGE][INFO] - Finding web element with id: 'Object Repository/Popup/Popup' located by 'By.cssSelector: .bootbox-body' in '10' second(s)

2021-11-23 16:56:14 - [MESSAGE][INFO] - Smart Wait Function is triggered

2021-11-23 16:56:15 - [MESSAGE][INFO] - Found 1 web elements with id: 'Object Repository/Popup/Popup' located by 'By.cssSelector: .bootbox-body' in '10' second(s)

2021-11-23 16:56:15 - [MESSAGE][PASSED] - Object 'Object Repository/Popup/Popup' is visible

2021-11-23 16:56:15 - [TEST_STEP][PASSED] - if (!(getText(findTestObject("Popup/Popup")).contains(Mesaj))): Text of object 'Object Repository/Popup/Popup' is: 'Statü Başarılı Olarak Güncellendi'

2021-11-23 16:56:15 - [MESSAGE][INFO] - Finding Test Object 'Object Repository/Popup/Popup'

2021-11-23 16:56:15 - [MESSAGE][INFO] - Checking object

2021-11-23 16:56:15 - [MESSAGE][INFO] - Finding web element from Test Object's properties

2021-11-23 16:56:15 - [MESSAGE][INFO] - Checking timeout

2021-11-23 16:56:15 - [MESSAGE][INFO] - Finding web element with id: 'Object Repository/Popup/Popup' located by 'By.cssSelector: .bootbox-body' in '30' second(s)

2021-11-23 16:56:15 - [MESSAGE][INFO] - Smart Wait Function is triggered

2021-11-23 16:56:15 - [MESSAGE][INFO] - Found 1 web elements with id: 'Object Repository/Popup/Popup' located by 'By.cssSelector: .bootbox-body' in '30' second(s)

2021-11-23 16:56:15 - [MESSAGE][INFO] - Getting text of object 'Object Repository/Popup/Popup'

2021-11-23 16:56:15 - [MESSAGE][PASSED] - Text of object 'Object Repository/Popup/Popup' is: 'Statü Başarılı Olarak Güncellendi'

2021-11-23 16:56:15 - [TEST_STEP][PASSED] - RaporNo = getText(findTestObject("Popup/Popup")).substring(0, 6): Text of object 'Object Repository/Popup/Popup' is: 'Statü Başarılı Olarak Güncellendi'

2021-11-23 16:56:15 - [MESSAGE][INFO] - Finding Test Object 'Object Repository/Popup/Popup'

2021-11-23 16:56:15 - [MESSAGE][INFO] - Checking object

2021-11-23 16:56:15 - [MESSAGE][INFO] - Finding web element from Test Object's properties

2021-11-23 16:56:15 - [MESSAGE][INFO] - Checking timeout

2021-11-23 16:56:15 - [MESSAGE][INFO] - Finding web element with id: 'Object Repository/Popup/Popup' located by 'By.cssSelector: .bootbox-body' in '30' second(s)

2021-11-23 16:56:15 - [MESSAGE][INFO] - Smart Wait Function is triggered

2021-11-23 16:56:15 - [MESSAGE][INFO] - Found 1 web elements with id: 'Object Repository/Popup/Popup' located by 'By.cssSelector: .bootbox-body' in '30' second(s)

2021-11-23 16:56:15 - [MESSAGE][INFO] - Getting text of object 'Object Repository/Popup/Popup'

2021-11-23 16:56:15 - [MESSAGE][PASSED] - Text of object 'Object Repository/Popup/Popup' is: 'Statü Başarılı Olarak Güncellendi'

2021-11-23 16:56:15 - [TEST_STEP][PASSED] - Console.println(RaporNo): null

2021-11-23 16:56:15 - [MESSAGE][PASSED] - Call Test Case 'Test Cases/Popup/PopupMesajiIceriyorMu' successfully

2021-11-23 16:56:15 - [MESSAGE][INFO] - Checking called Test Case

2021-11-23 16:56:15 - [MESSAGE][INFO] - Starting to call Test Case 'Test Cases/Popup/PopupButonSecilir'

2021-11-23 16:56:15 - [TEST_CASE][PASSED] - Test Cases/Popup/PopupButonSecilir: Test Cases/Popup/PopupButonSecilir

2021-11-23 16:56:15 - [TEST_STEP][PASSED] - Method.TextDegerineEsitElementeTikla(findTestObject("Popup/Popup_Butons"), Buton): Method.TextDegerineEsitElementeTikla is PASSED

2021-11-23 16:56:15 - [MESSAGE][INFO] - Finding Test Object 'Object Repository/Popup/Popup_Butons'

2021-11-23 16:56:15 - [MESSAGE][INFO] - Checking timeout

2021-11-23 16:56:15 - [MESSAGE][INFO] - Finding web element with id: 'Object Repository/Popup/Popup_Butons' located by 'By.cssSelector: .modal-footer>button' in '10' second(s)

2021-11-23 16:56:15 - [MESSAGE][INFO] - Smart Wait Function is triggered

2021-11-23 16:56:16 - [MESSAGE][INFO] - Found 1 web elements with id: 'Object Repository/Popup/Popup_Butons' located by 'By.cssSelector: .modal-footer>button' in '10' second(s)

2021-11-23 16:56:16 - [MESSAGE][PASSED] - Method.TextDegerineEsitElementeTikla is PASSED

2021-11-23 16:56:16 - [MESSAGE][PASSED] - Call Test Case 'Test Cases/Popup/PopupButonSecilir' successfully

2021-11-23 16:56:16 - [MESSAGE][INFO] - Checking called Test Case

2021-11-23 16:56:16 - [MESSAGE][INFO] - Starting to call Test Case 'Test Cases/Kullanici_Islemleri/KullaniciIslemlerindenSecimYapilir'

2021-11-23 16:56:16 - [TEST_CASE][PASSED] - Test Cases/Kullanici_Islemleri/KullaniciIslemlerindenSecimYapilir: Test Cases/Kullanici_Islemleri/KullaniciIslemlerindenSecimYapilir

2021-11-23 16:56:16 - [TEST_STEP][PASSED] - waitForElementClickable(findTestObject("Object Repository/Kullanici_Islemleri/KullaniciIslemleri"), 10): Object 'Object Repository/Kullanici_Islemleri/KullaniciIslemleri' is clickable

2021-11-23 16:56:16 - [MESSAGE][INFO] - Finding Test Object 'Object Repository/Kullanici_Islemleri/KullaniciIslemleri'

2021-11-23 16:56:16 - [MESSAGE][INFO] - Checking object

2021-11-23 16:56:16 - [MESSAGE][INFO] - Checking timeout

2021-11-23 16:56:16 - [MESSAGE][INFO] - Finding web element from Test Object's properties

2021-11-23 16:56:16 - [MESSAGE][INFO] - Checking timeout

2021-11-23 16:56:16 - [MESSAGE][INFO] - Finding web element with id: 'Object Repository/Kullanici_Islemleri/KullaniciIslemleri' located by 'By.cssSelector: .dropdown>a>img' in '10' second(s)

2021-11-23 16:56:16 - [MESSAGE][INFO] - Smart Wait Function is triggered

2021-11-23 16:56:17 - [MESSAGE][INFO] - Found 1 web elements with id: 'Object Repository/Kullanici_Islemleri/KullaniciIslemleri' located by 'By.cssSelector: .dropdown>a>img' in '10' second(s)

2021-11-23 16:56:17 - [MESSAGE][PASSED] - Object 'Object Repository/Kullanici_Islemleri/KullaniciIslemleri' is clickable

2021-11-23 16:56:17 - [TEST_STEP][PASSED] - click(findTestObject("Object Repository/Kullanici_Islemleri/KullaniciIslemleri")): Object: 'Object Repository/Kullanici_Islemleri/KullaniciIslemleri' is clicked on

2021-11-23 16:56:17 - [MESSAGE][INFO] - Finding Test Object 'Object Repository/Kullanici_Islemleri/KullaniciIslemleri'

2021-11-23 16:56:17 - [MESSAGE][INFO] - Checking object

2021-11-23 16:56:17 - [MESSAGE][INFO] - Finding web element from Test Object's properties

2021-11-23 16:56:17 - [MESSAGE][INFO] - Checking timeout

2021-11-23 16:56:17 - [MESSAGE][INFO] - Finding web element with id: 'Object Repository/Kullanici_Islemleri/KullaniciIslemleri' located by 'By.cssSelector: .dropdown>a>img' in '30' second(s)

2021-11-23 16:56:17 - [MESSAGE][INFO] - Smart Wait Function is triggered

2021-11-23 16:56:17 - [MESSAGE][INFO] - Found 1 web elements with id: 'Object Repository/Kullanici_Islemleri/KullaniciIslemleri' located by 'By.cssSelector: .dropdown>a>img' in '30' second(s)

2021-11-23 16:56:17 - [MESSAGE][INFO] - Clicking on object: 'Object Repository/Kullanici_Islemleri/KullaniciIslemleri'

2021-11-23 16:56:17 - [MESSAGE][PASSED] - Object: 'Object Repository/Kullanici_Islemleri/KullaniciIslemleri' is clicked on

2021-11-23 16:56:17 - [TEST_STEP][PASSED] - Method.TextDegerineEsitElementeTikla(findTestObject("Object Repository/Kullanici_Islemleri/Secenekler"), Islem): Method.TextDegerineEsitElementeTikla is PASSED

2021-11-23 16:56:17 - [MESSAGE][INFO] - Finding Test Object 'Object Repository/Kullanici_Islemleri/Secenekler'

2021-11-23 16:56:17 - [MESSAGE][INFO] - Checking timeout

2021-11-23 16:56:17 - [MESSAGE][INFO] - Finding web element with id: 'Object Repository/Kullanici_Islemleri/Secenekler' located by 'By.cssSelector: .nav.navbar-nav.navbar-right li a' in '10' second(s)

2021-11-23 16:56:17 - [MESSAGE][INFO] - Smart Wait Function is triggered

2021-11-23 16:56:17 - [MESSAGE][INFO] - Found 22 web elements with id: 'Object Repository/Kullanici_Islemleri/Secenekler' located by 'By.cssSelector: .nav.navbar-nav.navbar-right li a' in '10' second(s)

2021-11-23 16:56:19 - [MESSAGE][PASSED] - Method.TextDegerineEsitElementeTikla is PASSED

2021-11-23 16:56:19 - [TEST_STEP][PASSED] - verifyElementNotPresent(findTestObject("Object Repository/Kullanici_Islemleri/Secenekler"), 10): Web element with id: 'Object Repository/Kullanici_Islemleri/Secenekler' located by 'By.cssSelector: .nav.navbar-nav.navbar-right li a' is not present after '10' second(s)

2021-11-23 16:56:19 - [MESSAGE][INFO] - Finding Test Object 'Object Repository/Kullanici_Islemleri/Secenekler'

2021-11-23 16:56:19 - [MESSAGE][INFO] - Checking object

2021-11-23 16:56:19 - [MESSAGE][INFO] - Checking timeout

2021-11-23 16:56:19 - [MESSAGE][INFO] - Finding web element with id: 'Object Repository/Kullanici_Islemleri/Secenekler' located by 'By.cssSelector: .nav.navbar-nav.navbar-right li a' in '10' second(s)

2021-11-23 16:56:19 - [MESSAGE][INFO] - Smart Wait Function is triggered

2021-11-23 16:56:19 - [MESSAGE][PASSED] - Web element with id: 'Object Repository/Kullanici_Islemleri/Secenekler' located by 'By.cssSelector: .nav.navbar-nav.navbar-right li a' is not present after '10' second(s)

2021-11-23 16:56:19 - [MESSAGE][PASSED] - Call Test Case 'Test Cases/Kullanici_Islemleri/KullaniciIslemlerindenSecimYapilir' successfully

2021-11-23 16:56:19 - [TEST_CASE][PASSED] - Start Test Case : SCENARIO e-Serbest Meslek Makbuzlari Statu Ata: SCENARIO e-Serbest Meslek Makbuzlari Statu Ata

2021-11-23 16:56:19 - [TEST_STEP][PASSED] - Kullanıcı adı ELOGO6 ve Şifre 123456 olarak giriş yapılır: Kullanıcı adı ELOGO6 ve Şifre 123456 olarak giriş yapılır

2021-11-23 16:56:19 - [MESSAGE][PASSED] - Kullanıcı adı ELOGO6 ve Şifre 123456 olarak giriş yapılır

2021-11-23 16:56:19 - [TEST_STEP][PASSED] - Ana menüden e-Makbuz seçilir: Ana menüden e-Makbuz seçilir

2021-11-23 16:56:19 - [MESSAGE][PASSED] - Ana menüden e-Makbuz seçilir

2021-11-23 16:56:19 - [TEST_STEP][PASSED] - Alt menü e-Serbest Meslek Uygulaması başlığı altındaki e-Serbest Meslek Makbuzları seçilir: Alt menü e-Serbest Meslek Uygulaması başlığı altındaki e-Serbest Meslek Makbuzları seçilir

2021-11-23 16:56:19 - [MESSAGE][PASSED] - Alt menü e-Serbest Meslek Uygulaması başlığı altındaki e-Serbest Meslek Makbuzları seçilir

2021-11-23 16:56:19 - [TEST_STEP][PASSED] - Filtrelerden Oluşturma Tarihi filtresine 08.04.2021 baslangic degerini yaz: Filtrelerden Oluşturma Tarihi filtresine 08.04.2021 baslangic degerini yaz

2021-11-23 16:56:19 - [MESSAGE][PASSED] - Filtrelerden Oluşturma Tarihi filtresine 08.04.2021 baslangic degerini yaz

2021-11-23 16:56:19 - [TEST_STEP][PASSED] - Filtrelerden Oluşturma Tarihi filtresine 08.04.2021 bitis degerini yaz: Filtrelerden Oluşturma Tarihi filtresine 08.04.2021 bitis degerini yaz

2021-11-23 16:56:19 - [MESSAGE][PASSED] - Filtrelerden Oluşturma Tarihi filtresine 08.04.2021 bitis degerini yaz

2021-11-23 16:56:19 - [TEST_STEP][PASSED] - Filtre butonlarından Listele seçilir: Filtre butonlarından Listele seçilir

2021-11-23 16:56:19 - [MESSAGE][PASSED] - Filtre butonlarından Listele seçilir

2021-11-23 16:56:19 - [TEST_STEP][PASSED] - Tabloda veri var mı kontrol edilir: Tabloda veri var mı kontrol edilir

2021-11-23 16:56:19 - [MESSAGE][PASSED] - Tabloda veri var mı kontrol edilir

2021-11-23 16:56:19 - [TEST_STEP][PASSED] - Tablodan VirgosolOtomasyonTEST isimli veri seçilir: Tablodan VirgosolOtomasyonTEST isimli veri seçilir

2021-11-23 16:56:19 - [MESSAGE][PASSED] - Tablodan VirgosolOtomasyonTEST isimli veri seçilir

2021-11-23 16:56:19 - [TEST_STEP][PASSED] - Butonlardan Statü Ata isimli butona tıklanır: Butonlardan Statü Ata isimli butona tıklanır

2021-11-23 16:56:19 - [MESSAGE][PASSED] - Butonlardan Statü Ata isimli butona tıklanır

2021-11-23 16:56:19 - [TEST_STEP][PASSED] - Alt butonlardan Öndeğer butonuna tıklanır: Alt butonlardan Öndeğer butonuna tıklanır

2021-11-23 16:56:19 - [MESSAGE][PASSED] - Alt butonlardan Öndeğer butonuna tıklanır

2021-11-23 16:56:19 - [TEST_STEP][PASSED] - Popup mesajı Statü Başarılı Olarak Güncellendi içeriyor mu: Popup mesajı Statü Başarılı Olarak Güncellendi içeriyor mu

2021-11-23 16:56:19 - [MESSAGE][PASSED] - Popup mesajı Statü Başarılı Olarak Güncellendi içeriyor mu

2021-11-23 16:56:19 - [TEST_STEP][PASSED] - Yönetim popupında Tamam seçilir: Yönetim popupında Tamam seçilir

2021-11-23 16:56:19 - [MESSAGE][PASSED] - Yönetim popupında Tamam seçilir

2021-11-23 16:56:19 - [TEST_STEP][PASSED] - Kullanıcı işlemlerinden Çıkış seçilir: Kullanıcı işlemlerinden Çıkış seçilir

2021-11-23 16:56:19 - [MESSAGE][PASSED] - Kullanıcı işlemlerinden Çıkış seçilir

2021-11-23 16:56:19 - [MESSAGE][PASSED] - Feature file: 'Include/features/e-Makbuz/e-Serbest Meslek Uygulaması/e-Serbest Meslek Makbuzlari/Statu Ata.feature' was passed

2021-11-23 16:56:19 - [TEST_STEP][PASSED] - Start listener action : sampleAfterTestSuite: Invoke 'com.kms.katalon.core.annotation.AfterTestCase' method: 'Listener.sampleAfterTestSuite(...)' completed.

2021-11-23 16:56:19 - [MESSAGE][INFO] - Starting invoke 'com.kms.katalon.core.annotation.AfterTestCase' method: 'Listener.sampleAfterTestSuite(...)'

2021-11-23 16:56:19 - [TEST_STEP][PASSED] - closeBrowser(): Invoke 'com.kms.katalon.core.annotation.AfterTestCase' method: 'Listener.sampleAfterTestSuite(...)' completed.

2021-11-23 16:56:19 - [MESSAGE][INFO] - Closing browser

2021-11-23 16:56:20 - [MESSAGE][PASSED] - Browser is closed

2021-11-23 16:56:20 - [MESSAGE][INFO] - Invoke 'com.kms.katalon.core.annotation.AfterTestCase' method: 'Listener.sampleAfterTestSuite(...)' completed.]]></system-out>
         <system-err><![CDATA[]]></system-err>
      </testcase>
      <testcase name="Test Cases/Case Repository/e-Makbuz/e-Serbest Meslek Uygulamasi/e-Serbest Meslek Makbuzlari/UBL" time="35.129" classname="Test Cases/Case Repository/e-Makbuz/e-Serbest Meslek Uygulamasi/e-Serbest Meslek Makbuzlari/UBL" status="PASSED">
         <system-out><![CDATA[2021-11-23 16:56:20 - [TEST_CASE][PASSED] - Test Cases/Case Repository/e-Makbuz/e-Serbest Meslek Uygulamasi/e-Serbest Meslek Makbuzlari/UBL: Test Cases/Case Repository/e-Makbuz/e-Serbest Meslek Uygulamasi/e-Serbest Meslek Makbuzlari/UBL

2021-11-23 16:56:20 - [TEST_STEP][PASSED] - Start listener action : sampleBeforeTestSuite: Invoke 'com.kms.katalon.core.annotation.BeforeTestCase' method: 'Listener.sampleBeforeTestSuite(...)' completed.

2021-11-23 16:56:20 - [MESSAGE][INFO] - Starting invoke 'com.kms.katalon.core.annotation.BeforeTestCase' method: 'Listener.sampleBeforeTestSuite(...)'

2021-11-23 16:56:20 - [TEST_STEP][PASSED] - openBrowser(baseUrl): Browser is opened with url: 'https://efatura-stage.elogo.com.tr/'

2021-11-23 16:56:20 - [MESSAGE][INFO] - Opening browser

2021-11-23 16:56:20 - [MESSAGE][INFO] - Starting 'Chrome' driver

2021-11-23 16:56:20 - [MESSAGE][INFO] - User set preference: ['prefs', '{download.default_directory=C:\otomasyondownfiles}']

2021-11-23 16:56:20 - [MESSAGE][INFO] - Action delay is set to 0 milliseconds

2021-11-23 16:56:21 - [MESSAGE][INFO] - Navigating browser to: 'https://efatura-stage.elogo.com.tr/'

2021-11-23 16:56:24 - [MESSAGE][PASSED] - Browser is opened with url: 'https://efatura-stage.elogo.com.tr/'

2021-11-23 16:56:24 - [TEST_STEP][PASSED] - maximizeWindow(): Invoke 'com.kms.katalon.core.annotation.BeforeTestCase' method: 'Listener.sampleBeforeTestSuite(...)' completed.

2021-11-23 16:56:24 - [MESSAGE][INFO] - Maximizing current window

2021-11-23 16:56:24 - [MESSAGE][PASSED] - Current window maximized

2021-11-23 16:56:24 - [MESSAGE][INFO] - Invoke 'com.kms.katalon.core.annotation.BeforeTestCase' method: 'Listener.sampleBeforeTestSuite(...)' completed.

2021-11-23 16:56:25 - [TEST_STEP][PASSED] - runFeatureFile("Include/features/e-Makbuz/e-Serbest Meslek Uygulaması/e-Serbest Meslek Makbuzlari/UBL.feature"): Feature file: 'Include/features/e-Makbuz/e-Serbest Meslek Uygulaması/e-Serbest Meslek Makbuzlari/UBL.feature' was passed

2021-11-23 16:56:25 - [MESSAGE][INFO] - Starting run keyword runFeatureFile: 'Include/features/e-Makbuz/e-Serbest Meslek Uygulaması/e-Serbest Meslek Makbuzlari/UBL.feature' and extract report to folder: 'C:\Users\DELL\Documents\GitHub\EES_KatalonLogo\Reports\20211123_163326\Suite Repository\e-Makbuz\20211123_163348/cucumber_report/1637675785169'...

2021-11-23 16:56:25 - [MESSAGE][INFO] - Glue: []

2021-11-23 16:56:27 - [MESSAGE][INFO] - Checking called Test Case

2021-11-23 16:56:27 - [MESSAGE][INFO] - Starting to call Test Case 'Test Cases/Sayfalar/Giris_Sayfasi/Login'

2021-11-23 16:56:27 - [TEST_CASE][PASSED] - Test Cases/Sayfalar/Giris_Sayfasi/Login: Test Cases/Sayfalar/Giris_Sayfasi/Login

2021-11-23 16:56:27 - [TEST_STEP][PASSED] - Sayfa_Basligi = getWindowTitle(): Current window's title is: 'LOGO e-Fatura'

2021-11-23 16:56:27 - [MESSAGE][INFO] - Getting current window's title

2021-11-23 16:56:27 - [MESSAGE][PASSED] - Current window's title is: 'LOGO e-Fatura'

2021-11-23 16:56:27 - [TEST_STEP][PASSED] - verifyMatch(Sayfa_Basligi, "LOGO e-Fatura", false): Actual text 'LOGO e-Fatura' and expected text 'LOGO e-Fatura' are matched 

2021-11-23 16:56:27 - [MESSAGE][INFO] - Matching actual text 'LOGO e-Fatura' with expected text 'LOGO e-Fatura'

2021-11-23 16:56:27 - [MESSAGE][PASSED] - Actual text 'LOGO e-Fatura' and expected text 'LOGO e-Fatura' are matched 

2021-11-23 16:56:27 - [TEST_STEP][PASSED] - sendKeys(findTestObject("Sayfalar/Giris_Sayfasi/Firma_Kodu"), KullaniciAdi): Keys 'ELOGO6' sent to object: 'Object Repository/Sayfalar/Giris_Sayfasi/Firma_Kodu'

2021-11-23 16:56:27 - [MESSAGE][INFO] - Finding Test Object 'Object Repository/Sayfalar/Giris_Sayfasi/Firma_Kodu'

2021-11-23 16:56:27 - [MESSAGE][INFO] - Sending keys 'ELOGO6' to object: 'Object Repository/Sayfalar/Giris_Sayfasi/Firma_Kodu'

2021-11-23 16:56:27 - [MESSAGE][INFO] - Finding web element from Test Object's properties

2021-11-23 16:56:27 - [MESSAGE][INFO] - Checking timeout

2021-11-23 16:56:27 - [MESSAGE][INFO] - Finding web element with id: 'Object Repository/Sayfalar/Giris_Sayfasi/Firma_Kodu' located by 'By.xpath: //*[@id = 'AccountName']' in '30' second(s)

2021-11-23 16:56:27 - [MESSAGE][INFO] - Smart Wait Function is triggered

2021-11-23 16:56:27 - [MESSAGE][INFO] - Found 1 web elements with id: 'Object Repository/Sayfalar/Giris_Sayfasi/Firma_Kodu' located by 'By.xpath: //*[@id = 'AccountName']' in '30' second(s)

2021-11-23 16:56:27 - [MESSAGE][PASSED] - Keys 'ELOGO6' sent to object: 'Object Repository/Sayfalar/Giris_Sayfasi/Firma_Kodu'

2021-11-23 16:56:27 - [TEST_STEP][PASSED] - sendKeys(findTestObject("Sayfalar/Giris_Sayfasi/Sifre"), Sifre): Keys '123456' sent to object: 'Object Repository/Sayfalar/Giris_Sayfasi/Sifre'

2021-11-23 16:56:27 - [MESSAGE][INFO] - Finding Test Object 'Object Repository/Sayfalar/Giris_Sayfasi/Sifre'

2021-11-23 16:56:28 - [MESSAGE][INFO] - Sending keys '123456' to object: 'Object Repository/Sayfalar/Giris_Sayfasi/Sifre'

2021-11-23 16:56:28 - [MESSAGE][INFO] - Finding web element from Test Object's properties

2021-11-23 16:56:28 - [MESSAGE][INFO] - Checking timeout

2021-11-23 16:56:28 - [MESSAGE][INFO] - Finding web element with id: 'Object Repository/Sayfalar/Giris_Sayfasi/Sifre' located by 'By.xpath: //*[@id = 'Password']' in '30' second(s)

2021-11-23 16:56:28 - [MESSAGE][INFO] - Smart Wait Function is triggered

2021-11-23 16:56:28 - [MESSAGE][INFO] - Found 1 web elements with id: 'Object Repository/Sayfalar/Giris_Sayfasi/Sifre' located by 'By.xpath: //*[@id = 'Password']' in '30' second(s)

2021-11-23 16:56:28 - [MESSAGE][PASSED] - Keys '123456' sent to object: 'Object Repository/Sayfalar/Giris_Sayfasi/Sifre'

2021-11-23 16:56:28 - [TEST_STEP][PASSED] - findWebElement(findTestObject("Sayfalar/Giris_Sayfasi/Giris_Butonu")).click(): Found 1 web elements with id: 'Object Repository/Sayfalar/Giris_Sayfasi/Giris_Butonu' located by 'By.cssSelector: #btnLogin' in '30' second(s)

2021-11-23 16:56:28 - [MESSAGE][INFO] - Finding Test Object 'Object Repository/Sayfalar/Giris_Sayfasi/Giris_Butonu'

2021-11-23 16:56:28 - [MESSAGE][INFO] - Finding web element from Test Object's properties

2021-11-23 16:56:28 - [MESSAGE][INFO] - Checking timeout

2021-11-23 16:56:28 - [MESSAGE][INFO] - Finding web element with id: 'Object Repository/Sayfalar/Giris_Sayfasi/Giris_Butonu' located by 'By.cssSelector: #btnLogin' in '30' second(s)

2021-11-23 16:56:28 - [MESSAGE][INFO] - Smart Wait Function is triggered

2021-11-23 16:56:28 - [MESSAGE][INFO] - Found 1 web elements with id: 'Object Repository/Sayfalar/Giris_Sayfasi/Giris_Butonu' located by 'By.cssSelector: #btnLogin' in '30' second(s)

2021-11-23 16:56:31 - [TEST_STEP][PASSED] - if (verifyElementPresent(findTestObject("Object Repository/Sayfalar/Giris_Sayfasi/RetveTamam_Butonu"), 5, OPTIONAL)): null

2021-11-23 16:56:31 - [MESSAGE][INFO] - Finding Test Object 'Object Repository/Sayfalar/Giris_Sayfasi/RetveTamam_Butonu'

2021-11-23 16:56:31 - [MESSAGE][INFO] - Checking object

2021-11-23 16:56:31 - [MESSAGE][INFO] - Finding web element from Test Object's properties

2021-11-23 16:56:31 - [MESSAGE][INFO] - Checking timeout

2021-11-23 16:56:31 - [MESSAGE][INFO] - Finding web element with id: 'Object Repository/Sayfalar/Giris_Sayfasi/RetveTamam_Butonu' located by 'By.xpath: //*[@class = 'btn btn-default']' in '5' second(s)

2021-11-23 16:56:31 - [MESSAGE][INFO] - Smart Wait Function is triggered

2021-11-23 16:56:31 - [MESSAGE][INFO] - Found 1 web elements with id: 'Object Repository/Sayfalar/Giris_Sayfasi/RetveTamam_Butonu' located by 'By.xpath: //*[@class = 'btn btn-default']' in '5' second(s)

2021-11-23 16:56:31 - [MESSAGE][PASSED] - Object 'Object Repository/Sayfalar/Giris_Sayfasi/RetveTamam_Butonu' is present

2021-11-23 16:56:31 - [TEST_STEP][PASSED] - click(findTestObject("Object Repository/Sayfalar/Giris_Sayfasi/RetveTamam_Butonu")): Object: 'Object Repository/Sayfalar/Giris_Sayfasi/RetveTamam_Butonu' is clicked on

2021-11-23 16:56:31 - [MESSAGE][INFO] - Finding Test Object 'Object Repository/Sayfalar/Giris_Sayfasi/RetveTamam_Butonu'

2021-11-23 16:56:32 - [MESSAGE][INFO] - Checking object

2021-11-23 16:56:32 - [MESSAGE][INFO] - Finding web element from Test Object's properties

2021-11-23 16:56:32 - [MESSAGE][INFO] - Checking timeout

2021-11-23 16:56:32 - [MESSAGE][INFO] - Finding web element with id: 'Object Repository/Sayfalar/Giris_Sayfasi/RetveTamam_Butonu' located by 'By.xpath: //*[@class = 'btn btn-default']' in '30' second(s)

2021-11-23 16:56:32 - [MESSAGE][INFO] - Smart Wait Function is triggered

2021-11-23 16:56:32 - [MESSAGE][INFO] - Found 1 web elements with id: 'Object Repository/Sayfalar/Giris_Sayfasi/RetveTamam_Butonu' located by 'By.xpath: //*[@class = 'btn btn-default']' in '30' second(s)

2021-11-23 16:56:32 - [MESSAGE][INFO] - Clicking on object: 'Object Repository/Sayfalar/Giris_Sayfasi/RetveTamam_Butonu'

2021-11-23 16:56:32 - [MESSAGE][PASSED] - Object: 'Object Repository/Sayfalar/Giris_Sayfasi/RetveTamam_Butonu' is clicked on

2021-11-23 16:56:32 - [TEST_STEP][PASSED] - click(findTestObject("Object Repository/Sayfalar/Giris_Sayfasi/RetveTamam_Butonu")): Object: 'Object Repository/Sayfalar/Giris_Sayfasi/RetveTamam_Butonu' is clicked on

2021-11-23 16:56:32 - [MESSAGE][INFO] - Finding Test Object 'Object Repository/Sayfalar/Giris_Sayfasi/RetveTamam_Butonu'

2021-11-23 16:56:32 - [MESSAGE][INFO] - Checking object

2021-11-23 16:56:32 - [MESSAGE][INFO] - Finding web element from Test Object's properties

2021-11-23 16:56:32 - [MESSAGE][INFO] - Checking timeout

2021-11-23 16:56:32 - [MESSAGE][INFO] - Finding web element with id: 'Object Repository/Sayfalar/Giris_Sayfasi/RetveTamam_Butonu' located by 'By.xpath: //*[@class = 'btn btn-default']' in '30' second(s)

2021-11-23 16:56:32 - [MESSAGE][INFO] - Smart Wait Function is triggered

2021-11-23 16:56:35 - [MESSAGE][INFO] - Found 1 web elements with id: 'Object Repository/Sayfalar/Giris_Sayfasi/RetveTamam_Butonu' located by 'By.xpath: //*[@class = 'btn btn-default']' in '30' second(s)

2021-11-23 16:56:35 - [MESSAGE][INFO] - Clicking on object: 'Object Repository/Sayfalar/Giris_Sayfasi/RetveTamam_Butonu'

2021-11-23 16:56:35 - [MESSAGE][PASSED] - Object: 'Object Repository/Sayfalar/Giris_Sayfasi/RetveTamam_Butonu' is clicked on

2021-11-23 16:56:35 - [TEST_STEP][PASSED] - if (verifyElementPresent(findTestObject("Sayfalar/Giris_Sayfasi/PopupOK"), 5, OPTIONAL)): null

2021-11-23 16:56:35 - [MESSAGE][INFO] - Finding Test Object 'Object Repository/Sayfalar/Giris_Sayfasi/PopupOK'

2021-11-23 16:56:35 - [MESSAGE][INFO] - Checking object

2021-11-23 16:56:35 - [MESSAGE][INFO] - Finding web element from Test Object's properties

2021-11-23 16:56:35 - [MESSAGE][INFO] - Checking timeout

2021-11-23 16:56:35 - [MESSAGE][INFO] - Finding web element with id: 'Object Repository/Sayfalar/Giris_Sayfasi/PopupOK' located by 'By.cssSelector: .btn.btn-success' in '5' second(s)

2021-11-23 16:56:35 - [MESSAGE][INFO] - Smart Wait Function is triggered

2021-11-23 16:56:36 - [MESSAGE][INFO] - Found 1 web elements with id: 'Object Repository/Sayfalar/Giris_Sayfasi/PopupOK' located by 'By.cssSelector: .btn.btn-success' in '5' second(s)

2021-11-23 16:56:36 - [MESSAGE][PASSED] - Object 'Object Repository/Sayfalar/Giris_Sayfasi/PopupOK' is present

2021-11-23 16:56:36 - [TEST_STEP][PASSED] - click(findTestObject("Object Repository/Sayfalar/Giris_Sayfasi/PopupCarpiGiris")): Object: 'Object Repository/Sayfalar/Giris_Sayfasi/PopupCarpiGiris' is clicked on

2021-11-23 16:56:36 - [MESSAGE][INFO] - Finding Test Object 'Object Repository/Sayfalar/Giris_Sayfasi/PopupCarpiGiris'

2021-11-23 16:56:36 - [MESSAGE][INFO] - Checking object

2021-11-23 16:56:36 - [MESSAGE][INFO] - Finding web element from Test Object's properties

2021-11-23 16:56:36 - [MESSAGE][INFO] - Checking timeout

2021-11-23 16:56:36 - [MESSAGE][INFO] - Finding web element with id: 'Object Repository/Sayfalar/Giris_Sayfasi/PopupCarpiGiris' located by 'By.cssSelector: .bootbox-close-button.close' in '30' second(s)

2021-11-23 16:56:36 - [MESSAGE][INFO] - Smart Wait Function is triggered

2021-11-23 16:56:36 - [MESSAGE][INFO] - Found 1 web elements with id: 'Object Repository/Sayfalar/Giris_Sayfasi/PopupCarpiGiris' located by 'By.cssSelector: .bootbox-close-button.close' in '30' second(s)

2021-11-23 16:56:36 - [MESSAGE][INFO] - Clicking on object: 'Object Repository/Sayfalar/Giris_Sayfasi/PopupCarpiGiris'

2021-11-23 16:56:36 - [MESSAGE][PASSED] - Object: 'Object Repository/Sayfalar/Giris_Sayfasi/PopupCarpiGiris' is clicked on

2021-11-23 16:56:36 - [TEST_STEP][PASSED] - verifyElementVisible(findTestObject("Object Repository/Kullanici_Islemleri/KullaniciIslemleri")): Object 'Object Repository/Kullanici_Islemleri/KullaniciIslemleri' is visible

2021-11-23 16:56:36 - [MESSAGE][INFO] - Finding Test Object 'Object Repository/Kullanici_Islemleri/KullaniciIslemleri'

2021-11-23 16:56:36 - [MESSAGE][INFO] - Checking object

2021-11-23 16:56:36 - [MESSAGE][INFO] - Finding web element from Test Object's properties

2021-11-23 16:56:36 - [MESSAGE][INFO] - Checking timeout

2021-11-23 16:56:36 - [MESSAGE][INFO] - Finding web element with id: 'Object Repository/Kullanici_Islemleri/KullaniciIslemleri' located by 'By.cssSelector: .dropdown>a>img' in '30' second(s)

2021-11-23 16:56:36 - [MESSAGE][INFO] - Smart Wait Function is triggered

2021-11-23 16:56:37 - [MESSAGE][INFO] - Found 1 web elements with id: 'Object Repository/Kullanici_Islemleri/KullaniciIslemleri' located by 'By.cssSelector: .dropdown>a>img' in '30' second(s)

2021-11-23 16:56:37 - [MESSAGE][PASSED] - Object 'Object Repository/Kullanici_Islemleri/KullaniciIslemleri' is visible

2021-11-23 16:56:37 - [MESSAGE][PASSED] - Call Test Case 'Test Cases/Sayfalar/Giris_Sayfasi/Login' successfully

2021-11-23 16:56:37 - [MESSAGE][INFO] - Checking called Test Case

2021-11-23 16:56:37 - [MESSAGE][INFO] - Starting to call Test Case 'Test Cases/Menu/AnaMenuSecimi'

2021-11-23 16:56:37 - [TEST_CASE][PASSED] - Test Cases/Menu/AnaMenuSecimi: Test Cases/Menu/AnaMenuSecimi

2021-11-23 16:56:37 - [TEST_STEP][PASSED] - Method.TextDegerineEsitElementeTikla(findTestObject("Menu/Ana_Menu"), Ana_Menu): Method.TextDegerineEsitElementeTikla is PASSED

2021-11-23 16:56:37 - [MESSAGE][INFO] - Finding Test Object 'Object Repository/Menu/Ana_Menu'

2021-11-23 16:56:37 - [MESSAGE][INFO] - Checking timeout

2021-11-23 16:56:37 - [MESSAGE][INFO] - Finding web element with id: 'Object Repository/Menu/Ana_Menu' located by 'By.xpath: //*[@class = 'dropdown-toggle']' in '10' second(s)

2021-11-23 16:56:37 - [MESSAGE][INFO] - Smart Wait Function is triggered

2021-11-23 16:56:37 - [MESSAGE][INFO] - Found 14 web elements with id: 'Object Repository/Menu/Ana_Menu' located by 'By.xpath: //*[@class = 'dropdown-toggle']' in '10' second(s)

2021-11-23 16:56:38 - [MESSAGE][PASSED] - Method.TextDegerineEsitElementeTikla is PASSED

2021-11-23 16:56:38 - [MESSAGE][PASSED] - Call Test Case 'Test Cases/Menu/AnaMenuSecimi' successfully

2021-11-23 16:56:38 - [MESSAGE][INFO] - Checking called Test Case

2021-11-23 16:56:38 - [MESSAGE][INFO] - Starting to call Test Case 'Test Cases/Menu/BasligaGoreAltMenuSecimi'

2021-11-23 16:56:38 - [TEST_CASE][PASSED] - Test Cases/Menu/BasligaGoreAltMenuSecimi: Test Cases/Menu/BasligaGoreAltMenuSecimi

2021-11-23 16:56:38 - [TEST_STEP][PASSED] - Method.TextDegerineEsitElementinAltindakiTextDegerineEsitOlanaTikla(findTestObject("Menu/Menu_Basligi"), findTestObject("Menu/Basliga_Gore_Alt_Menu"), Baslik, Alt_Menu): Method.TextDegerineEsitElementinAltindakiTextDegerineEsitOlanaTikla is PASSED

2021-11-23 16:56:38 - [MESSAGE][INFO] - Finding Test Object 'Object Repository/Menu/Menu_Basligi'

2021-11-23 16:56:38 - [MESSAGE][INFO] - Finding Test Object 'Object Repository/Menu/Basliga_Gore_Alt_Menu'

2021-11-23 16:56:38 - [MESSAGE][INFO] - Checking timeout

2021-11-23 16:56:38 - [MESSAGE][INFO] - Finding web element with id: 'Object Repository/Menu/Menu_Basligi' located by 'By.xpath: //li[@class='dropdown dropdown-large open']//li[@class='dropdown-header']' in '10' second(s)

2021-11-23 16:56:38 - [MESSAGE][INFO] - Smart Wait Function is triggered

2021-11-23 16:56:38 - [MESSAGE][INFO] - Found 2 web elements with id: 'Object Repository/Menu/Menu_Basligi' located by 'By.xpath: //li[@class='dropdown dropdown-large open']//li[@class='dropdown-header']' in '10' second(s)

2021-11-23 16:56:38 - [MESSAGE][INFO] - Smart Wait Function is triggered

2021-11-23 16:56:40 - [MESSAGE][PASSED] - Method.TextDegerineEsitElementinAltindakiTextDegerineEsitOlanaTikla is PASSED

2021-11-23 16:56:40 - [MESSAGE][PASSED] - Call Test Case 'Test Cases/Menu/BasligaGoreAltMenuSecimi' successfully

2021-11-23 16:56:40 - [MESSAGE][INFO] - Checking called Test Case

2021-11-23 16:56:40 - [MESSAGE][INFO] - Starting to call Test Case 'Test Cases/Filtreler/BaslangicYaz'

2021-11-23 16:56:41 - [TEST_CASE][PASSED] - Test Cases/Filtreler/BaslangicYaz: Test Cases/Filtreler/BaslangicYaz

2021-11-23 16:56:41 - [TEST_STEP][PASSED] - delay(3): Delayed 3 second(s)

2021-11-23 16:56:41 - [MESSAGE][INFO] - Delaying browser in 3 second(s)

2021-11-23 16:56:44 - [MESSAGE][PASSED] - Delayed 3 second(s)

2021-11-23 16:56:44 - [TEST_STEP][PASSED] - Method.TextDegerineEsitElementinAltindakineTikla(findTestObject("Filtreler/Basliklar"), findTestObject("Filtreler/Basliga_Gore_Baslangic_Image"), Filtre_Adi): Method.TextDegerineEsitElementinAltindakineTikla is PASSED

2021-11-23 16:56:44 - [MESSAGE][INFO] - Finding Test Object 'Object Repository/Filtreler/Basliklar'

2021-11-23 16:56:44 - [MESSAGE][INFO] - Finding Test Object 'Object Repository/Filtreler/Basliga_Gore_Baslangic_Image'

2021-11-23 16:56:44 - [MESSAGE][INFO] - Checking timeout

2021-11-23 16:56:44 - [MESSAGE][INFO] - Finding web element with id: 'Object Repository/Filtreler/Basliklar' located by 'By.cssSelector: .control-label.col-sm-4.paddingMarginRLC' in '10' second(s)

2021-11-23 16:56:44 - [MESSAGE][INFO] - Smart Wait Function is triggered

2021-11-23 16:56:44 - [MESSAGE][INFO] - Found 13 web elements with id: 'Object Repository/Filtreler/Basliklar' located by 'By.cssSelector: .control-label.col-sm-4.paddingMarginRLC' in '10' second(s)

2021-11-23 16:56:44 - [MESSAGE][INFO] - Smart Wait Function is triggered

2021-11-23 16:56:44 - [MESSAGE][PASSED] - Method.TextDegerineEsitElementinAltindakineTikla is PASSED

2021-11-23 16:56:44 - [TEST_STEP][PASSED] - Method.TextDegerineEsitElementinAltindakiTextboxtaYaz(findTestObject("Filtreler/Basliklar"), findTestObject("Filtreler/Basliga_Gore_Baslangic"), Filtre_Adi, Filtre_Degeri): Method.TextDegerineEsitElementinAltindakiTextboxtaYaz is PASSED

2021-11-23 16:56:44 - [MESSAGE][INFO] - Finding Test Object 'Object Repository/Filtreler/Basliklar'

2021-11-23 16:56:44 - [MESSAGE][INFO] - Finding Test Object 'Object Repository/Filtreler/Basliga_Gore_Baslangic'

2021-11-23 16:56:45 - [MESSAGE][INFO] - Checking timeout

2021-11-23 16:56:45 - [MESSAGE][INFO] - Finding web element with id: 'Object Repository/Filtreler/Basliklar' located by 'By.cssSelector: .control-label.col-sm-4.paddingMarginRLC' in '10' second(s)

2021-11-23 16:56:45 - [MESSAGE][INFO] - Smart Wait Function is triggered

2021-11-23 16:56:45 - [MESSAGE][INFO] - Found 13 web elements with id: 'Object Repository/Filtreler/Basliklar' located by 'By.cssSelector: .control-label.col-sm-4.paddingMarginRLC' in '10' second(s)

2021-11-23 16:56:45 - [MESSAGE][INFO] - Smart Wait Function is triggered

2021-11-23 16:56:45 - [MESSAGE][PASSED] - Method.TextDegerineEsitElementinAltindakiTextboxtaYaz is PASSED

2021-11-23 16:56:45 - [MESSAGE][PASSED] - Call Test Case 'Test Cases/Filtreler/BaslangicYaz' successfully

2021-11-23 16:56:45 - [MESSAGE][INFO] - Checking called Test Case

2021-11-23 16:56:45 - [MESSAGE][INFO] - Starting to call Test Case 'Test Cases/Filtreler/BitisYaz'

2021-11-23 16:56:45 - [TEST_CASE][PASSED] - Test Cases/Filtreler/BitisYaz: Test Cases/Filtreler/BitisYaz

2021-11-23 16:56:45 - [TEST_STEP][PASSED] - Method.TextDegerineEsitElementinAltindakineTikla(findTestObject("Filtreler/Basliklar"), findTestObject("Filtreler/Basliga_Gore_Bitis_Image"), Filtre_Adi): Method.TextDegerineEsitElementinAltindakineTikla is PASSED

2021-11-23 16:56:45 - [MESSAGE][INFO] - Finding Test Object 'Object Repository/Filtreler/Basliklar'

2021-11-23 16:56:45 - [MESSAGE][INFO] - Finding Test Object 'Object Repository/Filtreler/Basliga_Gore_Bitis_Image'

2021-11-23 16:56:45 - [MESSAGE][INFO] - Checking timeout

2021-11-23 16:56:45 - [MESSAGE][INFO] - Finding web element with id: 'Object Repository/Filtreler/Basliklar' located by 'By.cssSelector: .control-label.col-sm-4.paddingMarginRLC' in '10' second(s)

2021-11-23 16:56:45 - [MESSAGE][INFO] - Smart Wait Function is triggered

2021-11-23 16:56:46 - [MESSAGE][INFO] - Found 13 web elements with id: 'Object Repository/Filtreler/Basliklar' located by 'By.cssSelector: .control-label.col-sm-4.paddingMarginRLC' in '10' second(s)

2021-11-23 16:56:46 - [MESSAGE][INFO] - Smart Wait Function is triggered

2021-11-23 16:56:46 - [MESSAGE][PASSED] - Method.TextDegerineEsitElementinAltindakineTikla is PASSED

2021-11-23 16:56:46 - [TEST_STEP][PASSED] - Method.TextDegerineEsitElementinAltindakiTextboxtaYaz(findTestObject("Filtreler/Basliklar"), findTestObject("Object Repository/Filtreler/Basliga_Gore_Bitis"), Filtre_Adi, Filtre_Degeri): Method.TextDegerineEsitElementinAltindakiTextboxtaYaz is PASSED

2021-11-23 16:56:46 - [MESSAGE][INFO] - Finding Test Object 'Object Repository/Filtreler/Basliklar'

2021-11-23 16:56:46 - [MESSAGE][INFO] - Finding Test Object 'Object Repository/Filtreler/Basliga_Gore_Bitis'

2021-11-23 16:56:46 - [MESSAGE][INFO] - Checking timeout

2021-11-23 16:56:46 - [MESSAGE][INFO] - Finding web element with id: 'Object Repository/Filtreler/Basliklar' located by 'By.cssSelector: .control-label.col-sm-4.paddingMarginRLC' in '10' second(s)

2021-11-23 16:56:46 - [MESSAGE][INFO] - Smart Wait Function is triggered

2021-11-23 16:56:46 - [MESSAGE][INFO] - Found 13 web elements with id: 'Object Repository/Filtreler/Basliklar' located by 'By.cssSelector: .control-label.col-sm-4.paddingMarginRLC' in '10' second(s)

2021-11-23 16:56:46 - [MESSAGE][INFO] - Smart Wait Function is triggered

2021-11-23 16:56:47 - [MESSAGE][PASSED] - Method.TextDegerineEsitElementinAltindakiTextboxtaYaz is PASSED

2021-11-23 16:56:47 - [MESSAGE][PASSED] - Call Test Case 'Test Cases/Filtreler/BitisYaz' successfully

2021-11-23 16:56:47 - [MESSAGE][INFO] - Checking called Test Case

2021-11-23 16:56:47 - [MESSAGE][INFO] - Starting to call Test Case 'Test Cases/Filtreler/ButonaTikla'

2021-11-23 16:56:47 - [TEST_CASE][PASSED] - Test Cases/Filtreler/ButonaTikla: Test Cases/Filtreler/ButonaTikla

2021-11-23 16:56:47 - [TEST_STEP][PASSED] - Method.TextDegerineEsitElementeTikla(findTestObject("Filtreler/Butonlar"), Filtre_Buton): Method.TextDegerineEsitElementeTikla is PASSED

2021-11-23 16:56:47 - [MESSAGE][INFO] - Finding Test Object 'Object Repository/Filtreler/Butonlar'

2021-11-23 16:56:47 - [MESSAGE][INFO] - Checking timeout

2021-11-23 16:56:47 - [MESSAGE][INFO] - Finding web element with id: 'Object Repository/Filtreler/Butonlar' located by 'By.cssSelector: .dxb>span' in '10' second(s)

2021-11-23 16:56:47 - [MESSAGE][INFO] - Smart Wait Function is triggered

2021-11-23 16:56:47 - [MESSAGE][INFO] - Found 3 web elements with id: 'Object Repository/Filtreler/Butonlar' located by 'By.cssSelector: .dxb>span' in '10' second(s)

2021-11-23 16:56:47 - [MESSAGE][PASSED] - Method.TextDegerineEsitElementeTikla is PASSED

2021-11-23 16:56:47 - [MESSAGE][PASSED] - Call Test Case 'Test Cases/Filtreler/ButonaTikla' successfully

2021-11-23 16:56:47 - [MESSAGE][INFO] - Checking called Test Case

2021-11-23 16:56:47 - [MESSAGE][INFO] - Starting to call Test Case 'Test Cases/Tablo/TablodaVeriVarMi'

2021-11-23 16:56:47 - [TEST_CASE][PASSED] - Test Cases/Tablo/TablodaVeriVarMi: Test Cases/Tablo/TablodaVeriVarMi

2021-11-23 16:56:48 - [TEST_STEP][PASSED] - verifyTextNotPresent("Görüntülenecek veri yok", true): Text 'Görüntülenecek veri yok' is not present on page using regular expression

2021-11-23 16:56:48 - [MESSAGE][INFO] - Checking text present  using regular expression

2021-11-23 16:56:48 - [MESSAGE][INFO] - Smart Wait Function is triggered

2021-11-23 16:56:48 - [MESSAGE][INFO] - Finding text 'Görüntülenecek veri yok' on page  using regular expression

2021-11-23 16:56:48 - [MESSAGE][PASSED] - Text 'Görüntülenecek veri yok' is not present on page using regular expression

2021-11-23 16:56:48 - [MESSAGE][PASSED] - Call Test Case 'Test Cases/Tablo/TablodaVeriVarMi' successfully

2021-11-23 16:56:48 - [MESSAGE][INFO] - Checking called Test Case

2021-11-23 16:56:48 - [MESSAGE][INFO] - Starting to call Test Case 'Test Cases/Tablo/TablodanVeriSec'

2021-11-23 16:56:48 - [TEST_CASE][PASSED] - Test Cases/Tablo/TablodanVeriSec: Test Cases/Tablo/TablodanVeriSec

2021-11-23 16:56:48 - [TEST_STEP][PASSED] - Method.TextDegerineEsitElementinAltindakineTikla(findTestObject("Tablo/Veriler"), findTestObject("Tablo/VerininCheckBoxi"), Veri_Adi): Method.TextDegerineEsitElementinAltindakineTikla is PASSED

2021-11-23 16:56:48 - [MESSAGE][INFO] - Finding Test Object 'Object Repository/Tablo/Veriler'

2021-11-23 16:56:49 - [MESSAGE][INFO] - Finding Test Object 'Object Repository/Tablo/VerininCheckBoxi'

2021-11-23 16:56:49 - [MESSAGE][INFO] - Checking timeout

2021-11-23 16:56:49 - [MESSAGE][INFO] - Finding web element with id: 'Object Repository/Tablo/Veriler' located by 'By.cssSelector: td.dxgv b ,td.dxgv' in '10' second(s)

2021-11-23 16:56:49 - [MESSAGE][INFO] - Smart Wait Function is triggered

2021-11-23 16:56:49 - [MESSAGE][INFO] - Found 52 web elements with id: 'Object Repository/Tablo/Veriler' located by 'By.cssSelector: td.dxgv b ,td.dxgv' in '10' second(s)

2021-11-23 16:56:49 - [MESSAGE][INFO] - Smart Wait Function is triggered

2021-11-23 16:56:49 - [MESSAGE][PASSED] - Method.TextDegerineEsitElementinAltindakineTikla is PASSED

2021-11-23 16:56:49 - [MESSAGE][PASSED] - Call Test Case 'Test Cases/Tablo/TablodanVeriSec' successfully

2021-11-23 16:56:49 - [MESSAGE][INFO] - Checking called Test Case

2021-11-23 16:56:49 - [MESSAGE][INFO] - Starting to call Test Case 'Test Cases/Butonlar/ButonaTikla'

2021-11-23 16:56:49 - [TEST_CASE][PASSED] - Test Cases/Butonlar/ButonaTikla: Test Cases/Butonlar/ButonaTikla

2021-11-23 16:56:49 - [TEST_STEP][PASSED] - Method.TextDegerineEsitElementeTiklaEquals(findTestObject("Butonlar/Butonlar"), Buton_Adi): Method.TextDegerineEsitElementeTiklaEquals is PASSED

2021-11-23 16:56:49 - [MESSAGE][INFO] - Finding Test Object 'Object Repository/Butonlar/Butonlar'

2021-11-23 16:56:50 - [MESSAGE][INFO] - Checking timeout

2021-11-23 16:56:50 - [MESSAGE][INFO] - Finding web element with id: 'Object Repository/Butonlar/Butonlar' located by 'By.cssSelector: .panel.panel-default.text-center.footerPanel .btn,.btn.btn-primary.btnControls' in '10' second(s)

2021-11-23 16:56:50 - [MESSAGE][INFO] - Smart Wait Function is triggered

2021-11-23 16:56:50 - [MESSAGE][INFO] - Found 11 web elements with id: 'Object Repository/Butonlar/Butonlar' located by 'By.cssSelector: .panel.panel-default.text-center.footerPanel .btn,.btn.btn-primary.btnControls' in '10' second(s)

2021-11-23 16:56:50 - [MESSAGE][PASSED] - Method.TextDegerineEsitElementeTiklaEquals is PASSED

2021-11-23 16:56:50 - [MESSAGE][PASSED] - Call Test Case 'Test Cases/Butonlar/ButonaTikla' successfully

2021-11-23 16:56:50 - [MESSAGE][INFO] - Checking called Test Case

2021-11-23 16:56:50 - [MESSAGE][INFO] - Starting to call Test Case 'Test Cases/Sekmeler/YeniSekmeyeGec'

2021-11-23 16:56:50 - [TEST_CASE][PASSED] - Test Cases/Sekmeler/YeniSekmeyeGec: Test Cases/Sekmeler/YeniSekmeyeGec

2021-11-23 16:56:50 - [TEST_STEP][PASSED] - switchToWindowIndex(1): Switched to window with index: '1'

2021-11-23 16:56:50 - [MESSAGE][INFO] - Checking index

2021-11-23 16:56:50 - [MESSAGE][INFO] - Switching window with index: '1'

2021-11-23 16:56:50 - [MESSAGE][PASSED] - Switched to window with index: '1'

2021-11-23 16:56:50 - [MESSAGE][PASSED] - Call Test Case 'Test Cases/Sekmeler/YeniSekmeyeGec' successfully

2021-11-23 16:56:50 - [MESSAGE][INFO] - Checking called Test Case

2021-11-23 16:56:50 - [MESSAGE][INFO] - Starting to call Test Case 'Test Cases/Sekmeler/TagGeldiMi'

2021-11-23 16:56:50 - [TEST_CASE][PASSED] - Test Cases/Sekmeler/TagGeldiMi: Test Cases/Sekmeler/TagGeldiMi

2021-11-23 16:56:50 - [TEST_STEP][PASSED] - waitForElementPresent(findTestObject("Object Repository/Sekmeler/UBLTag"), 10): Object 'Object Repository/Sekmeler/UBLTag' is present

2021-11-23 16:56:50 - [MESSAGE][INFO] - Finding Test Object 'Object Repository/Sekmeler/UBLTag'

2021-11-23 16:56:50 - [MESSAGE][INFO] - Checking object

2021-11-23 16:56:50 - [MESSAGE][INFO] - Finding web element from Test Object's properties

2021-11-23 16:56:50 - [MESSAGE][INFO] - Checking timeout

2021-11-23 16:56:50 - [MESSAGE][INFO] - Finding web element with id: 'Object Repository/Sekmeler/UBLTag' located by 'By.cssSelector: #webkit-xml-viewer-source-xml>:first-child' in '10' second(s)

2021-11-23 16:56:50 - [MESSAGE][INFO] - Smart Wait Function is triggered

2021-11-23 16:56:51 - [MESSAGE][INFO] - Found 1 web elements with id: 'Object Repository/Sekmeler/UBLTag' located by 'By.cssSelector: #webkit-xml-viewer-source-xml>:first-child' in '10' second(s)

2021-11-23 16:56:51 - [MESSAGE][PASSED] - Object 'Object Repository/Sekmeler/UBLTag' is present

2021-11-23 16:56:51 - [TEST_STEP][PASSED] - println(toLowerCase().toString()): Found 1 web elements with id: 'Object Repository/Sekmeler/UBLTag' located by 'By.cssSelector: #webkit-xml-viewer-source-xml>:first-child' in '10' second(s)

2021-11-23 16:56:51 - [MESSAGE][INFO] - Finding Test Object 'Object Repository/Sekmeler/UBLTag'

2021-11-23 16:56:51 - [MESSAGE][INFO] - Finding web element from Test Object's properties

2021-11-23 16:56:51 - [MESSAGE][INFO] - Checking timeout

2021-11-23 16:56:51 - [MESSAGE][INFO] - Finding web element with id: 'Object Repository/Sekmeler/UBLTag' located by 'By.cssSelector: #webkit-xml-viewer-source-xml>:first-child' in '10' second(s)

2021-11-23 16:56:51 - [MESSAGE][INFO] - Smart Wait Function is triggered

2021-11-23 16:56:51 - [MESSAGE][INFO] - Found 1 web elements with id: 'Object Repository/Sekmeler/UBLTag' located by 'By.cssSelector: #webkit-xml-viewer-source-xml>:first-child' in '10' second(s)

2021-11-23 16:56:51 - [TEST_STEP][PASSED] - if (!(toString().contains(toString().toLowerCase()))): Found 1 web elements with id: 'Object Repository/Sekmeler/UBLTag' located by 'By.cssSelector: #webkit-xml-viewer-source-xml>:first-child' in '10' second(s)

2021-11-23 16:56:51 - [MESSAGE][INFO] - Finding Test Object 'Object Repository/Sekmeler/UBLTag'

2021-11-23 16:56:51 - [MESSAGE][INFO] - Finding web element from Test Object's properties

2021-11-23 16:56:51 - [MESSAGE][INFO] - Checking timeout

2021-11-23 16:56:51 - [MESSAGE][INFO] - Finding web element with id: 'Object Repository/Sekmeler/UBLTag' located by 'By.cssSelector: #webkit-xml-viewer-source-xml>:first-child' in '10' second(s)

2021-11-23 16:56:51 - [MESSAGE][INFO] - Smart Wait Function is triggered

2021-11-23 16:56:51 - [MESSAGE][INFO] - Found 1 web elements with id: 'Object Repository/Sekmeler/UBLTag' located by 'By.cssSelector: #webkit-xml-viewer-source-xml>:first-child' in '10' second(s)

2021-11-23 16:56:51 - [MESSAGE][PASSED] - Call Test Case 'Test Cases/Sekmeler/TagGeldiMi' successfully

2021-11-23 16:56:51 - [MESSAGE][INFO] - Checking called Test Case

2021-11-23 16:56:51 - [MESSAGE][INFO] - Starting to call Test Case 'Test Cases/Sekmeler/Ana_Sekmeye_Gec'

2021-11-23 16:56:51 - [TEST_CASE][PASSED] - Test Cases/Sekmeler/Ana_Sekmeye_Gec: Test Cases/Sekmeler/Ana_Sekmeye_Gec

2021-11-23 16:56:51 - [TEST_STEP][PASSED] - try: Window with index 1 is closed

2021-11-23 16:56:51 - [TEST_STEP][PASSED] - index = getWindowIndex(): Current window's index is: 1

2021-11-23 16:56:51 - [MESSAGE][INFO] - Getting current window's index

2021-11-23 16:56:51 - [MESSAGE][PASSED] - Current window's index is: 1

2021-11-23 16:56:51 - [TEST_STEP][PASSED] - closeWindowIndex(index): Window with index 1 is closed

2021-11-23 16:56:51 - [MESSAGE][INFO] - Checking index

2021-11-23 16:56:51 - [MESSAGE][INFO] - Closing window with index 1

2021-11-23 16:56:51 - [MESSAGE][PASSED] - Window with index 1 is closed

2021-11-23 16:56:51 - [TEST_STEP][PASSED] - switchToWindowIndex(0): Switched to window with index: '0'

2021-11-23 16:56:51 - [MESSAGE][INFO] - Checking index

2021-11-23 16:56:51 - [MESSAGE][INFO] - Switching window with index: '0'

2021-11-23 16:56:51 - [MESSAGE][PASSED] - Switched to window with index: '0'

2021-11-23 16:56:51 - [MESSAGE][PASSED] - Call Test Case 'Test Cases/Sekmeler/Ana_Sekmeye_Gec' successfully

2021-11-23 16:56:51 - [MESSAGE][INFO] - Checking called Test Case

2021-11-23 16:56:51 - [MESSAGE][INFO] - Starting to call Test Case 'Test Cases/Kullanici_Islemleri/KullaniciIslemlerindenSecimYapilir'

2021-11-23 16:56:51 - [TEST_CASE][PASSED] - Test Cases/Kullanici_Islemleri/KullaniciIslemlerindenSecimYapilir: Test Cases/Kullanici_Islemleri/KullaniciIslemlerindenSecimYapilir

2021-11-23 16:56:51 - [TEST_STEP][PASSED] - waitForElementClickable(findTestObject("Object Repository/Kullanici_Islemleri/KullaniciIslemleri"), 10): Object 'Object Repository/Kullanici_Islemleri/KullaniciIslemleri' is clickable

2021-11-23 16:56:51 - [MESSAGE][INFO] - Finding Test Object 'Object Repository/Kullanici_Islemleri/KullaniciIslemleri'

2021-11-23 16:56:51 - [MESSAGE][INFO] - Checking object

2021-11-23 16:56:51 - [MESSAGE][INFO] - Checking timeout

2021-11-23 16:56:51 - [MESSAGE][INFO] - Finding web element from Test Object's properties

2021-11-23 16:56:51 - [MESSAGE][INFO] - Checking timeout

2021-11-23 16:56:51 - [MESSAGE][INFO] - Finding web element with id: 'Object Repository/Kullanici_Islemleri/KullaniciIslemleri' located by 'By.cssSelector: .dropdown>a>img' in '10' second(s)

2021-11-23 16:56:51 - [MESSAGE][INFO] - Smart Wait Function is triggered

2021-11-23 16:56:52 - [MESSAGE][INFO] - Found 1 web elements with id: 'Object Repository/Kullanici_Islemleri/KullaniciIslemleri' located by 'By.cssSelector: .dropdown>a>img' in '10' second(s)

2021-11-23 16:56:52 - [MESSAGE][PASSED] - Object 'Object Repository/Kullanici_Islemleri/KullaniciIslemleri' is clickable

2021-11-23 16:56:52 - [TEST_STEP][PASSED] - click(findTestObject("Object Repository/Kullanici_Islemleri/KullaniciIslemleri")): Object: 'Object Repository/Kullanici_Islemleri/KullaniciIslemleri' is clicked on

2021-11-23 16:56:52 - [MESSAGE][INFO] - Finding Test Object 'Object Repository/Kullanici_Islemleri/KullaniciIslemleri'

2021-11-23 16:56:52 - [MESSAGE][INFO] - Checking object

2021-11-23 16:56:52 - [MESSAGE][INFO] - Finding web element from Test Object's properties

2021-11-23 16:56:52 - [MESSAGE][INFO] - Checking timeout

2021-11-23 16:56:52 - [MESSAGE][INFO] - Finding web element with id: 'Object Repository/Kullanici_Islemleri/KullaniciIslemleri' located by 'By.cssSelector: .dropdown>a>img' in '30' second(s)

2021-11-23 16:56:52 - [MESSAGE][INFO] - Smart Wait Function is triggered

2021-11-23 16:56:52 - [MESSAGE][INFO] - Found 1 web elements with id: 'Object Repository/Kullanici_Islemleri/KullaniciIslemleri' located by 'By.cssSelector: .dropdown>a>img' in '30' second(s)

2021-11-23 16:56:52 - [MESSAGE][INFO] - Clicking on object: 'Object Repository/Kullanici_Islemleri/KullaniciIslemleri'

2021-11-23 16:56:52 - [MESSAGE][PASSED] - Object: 'Object Repository/Kullanici_Islemleri/KullaniciIslemleri' is clicked on

2021-11-23 16:56:52 - [TEST_STEP][PASSED] - Method.TextDegerineEsitElementeTikla(findTestObject("Object Repository/Kullanici_Islemleri/Secenekler"), Islem): Method.TextDegerineEsitElementeTikla is PASSED

2021-11-23 16:56:52 - [MESSAGE][INFO] - Finding Test Object 'Object Repository/Kullanici_Islemleri/Secenekler'

2021-11-23 16:56:52 - [MESSAGE][INFO] - Checking timeout

2021-11-23 16:56:52 - [MESSAGE][INFO] - Finding web element with id: 'Object Repository/Kullanici_Islemleri/Secenekler' located by 'By.cssSelector: .nav.navbar-nav.navbar-right li a' in '10' second(s)

2021-11-23 16:56:52 - [MESSAGE][INFO] - Smart Wait Function is triggered

2021-11-23 16:56:52 - [MESSAGE][INFO] - Found 22 web elements with id: 'Object Repository/Kullanici_Islemleri/Secenekler' located by 'By.cssSelector: .nav.navbar-nav.navbar-right li a' in '10' second(s)

2021-11-23 16:56:54 - [MESSAGE][PASSED] - Method.TextDegerineEsitElementeTikla is PASSED

2021-11-23 16:56:54 - [TEST_STEP][PASSED] - verifyElementNotPresent(findTestObject("Object Repository/Kullanici_Islemleri/Secenekler"), 10): Web element with id: 'Object Repository/Kullanici_Islemleri/Secenekler' located by 'By.cssSelector: .nav.navbar-nav.navbar-right li a' is not present after '10' second(s)

2021-11-23 16:56:54 - [MESSAGE][INFO] - Finding Test Object 'Object Repository/Kullanici_Islemleri/Secenekler'

2021-11-23 16:56:54 - [MESSAGE][INFO] - Checking object

2021-11-23 16:56:54 - [MESSAGE][INFO] - Checking timeout

2021-11-23 16:56:54 - [MESSAGE][INFO] - Finding web element with id: 'Object Repository/Kullanici_Islemleri/Secenekler' located by 'By.cssSelector: .nav.navbar-nav.navbar-right li a' in '10' second(s)

2021-11-23 16:56:54 - [MESSAGE][INFO] - Smart Wait Function is triggered

2021-11-23 16:56:54 - [MESSAGE][PASSED] - Web element with id: 'Object Repository/Kullanici_Islemleri/Secenekler' located by 'By.cssSelector: .nav.navbar-nav.navbar-right li a' is not present after '10' second(s)

2021-11-23 16:56:54 - [MESSAGE][PASSED] - Call Test Case 'Test Cases/Kullanici_Islemleri/KullaniciIslemlerindenSecimYapilir' successfully

2021-11-23 16:56:54 - [TEST_CASE][PASSED] - Start Test Case : SCENARIO e-Serbest Meslek Makbuzlari UBL: SCENARIO e-Serbest Meslek Makbuzlari UBL

2021-11-23 16:56:54 - [TEST_STEP][PASSED] - Kullanıcı adı ELOGO6 ve Şifre 123456 olarak giriş yapılır: Kullanıcı adı ELOGO6 ve Şifre 123456 olarak giriş yapılır

2021-11-23 16:56:54 - [MESSAGE][PASSED] - Kullanıcı adı ELOGO6 ve Şifre 123456 olarak giriş yapılır

2021-11-23 16:56:54 - [TEST_STEP][PASSED] - Ana menüden e-Makbuz seçilir: Ana menüden e-Makbuz seçilir

2021-11-23 16:56:54 - [MESSAGE][PASSED] - Ana menüden e-Makbuz seçilir

2021-11-23 16:56:54 - [TEST_STEP][PASSED] - Alt menü e-Serbest Meslek Uygulaması başlığı altındaki e-Serbest Meslek Makbuzları seçilir: Alt menü e-Serbest Meslek Uygulaması başlığı altındaki e-Serbest Meslek Makbuzları seçilir

2021-11-23 16:56:54 - [MESSAGE][PASSED] - Alt menü e-Serbest Meslek Uygulaması başlığı altındaki e-Serbest Meslek Makbuzları seçilir

2021-11-23 16:56:54 - [TEST_STEP][PASSED] - Filtrelerden Oluşturma Tarihi filtresine 01.12.2020 baslangic degerini yaz: Filtrelerden Oluşturma Tarihi filtresine 01.12.2020 baslangic degerini yaz

2021-11-23 16:56:54 - [MESSAGE][PASSED] - Filtrelerden Oluşturma Tarihi filtresine 01.12.2020 baslangic degerini yaz

2021-11-23 16:56:54 - [TEST_STEP][PASSED] - Filtrelerden Oluşturma Tarihi filtresine 31.12.2020 bitis degerini yaz: Filtrelerden Oluşturma Tarihi filtresine 31.12.2020 bitis degerini yaz

2021-11-23 16:56:54 - [MESSAGE][PASSED] - Filtrelerden Oluşturma Tarihi filtresine 31.12.2020 bitis degerini yaz

2021-11-23 16:56:54 - [TEST_STEP][PASSED] - Filtre butonlarından Listele seçilir: Filtre butonlarından Listele seçilir

2021-11-23 16:56:54 - [MESSAGE][PASSED] - Filtre butonlarından Listele seçilir

2021-11-23 16:56:54 - [TEST_STEP][PASSED] - Tabloda veri var mı kontrol edilir: Tabloda veri var mı kontrol edilir

2021-11-23 16:56:54 - [MESSAGE][PASSED] - Tabloda veri var mı kontrol edilir

2021-11-23 16:56:54 - [TEST_STEP][PASSED] - Tablodan TEST isimli veri seçilir: Tablodan TEST isimli veri seçilir

2021-11-23 16:56:54 - [MESSAGE][PASSED] - Tablodan TEST isimli veri seçilir

2021-11-23 16:56:54 - [TEST_STEP][PASSED] - Butonlardan UBL isimli butona tıklanır: Butonlardan UBL isimli butona tıklanır

2021-11-23 16:56:54 - [MESSAGE][PASSED] - Butonlardan UBL isimli butona tıklanır

2021-11-23 16:56:54 - [TEST_STEP][PASSED] - Yeni açılan sekmeye geçilir: Yeni açılan sekmeye geçilir

2021-11-23 16:56:54 - [MESSAGE][PASSED] - Yeni açılan sekmeye geçilir

2021-11-23 16:56:54 - [TEST_STEP][PASSED] - CreditNote tagli ubl geldi mi: CreditNote tagli ubl geldi mi

2021-11-23 16:56:54 - [MESSAGE][PASSED] - CreditNote tagli ubl geldi mi

2021-11-23 16:56:54 - [TEST_STEP][PASSED] - Ana sekmeye geçilir: Ana sekmeye geçilir

2021-11-23 16:56:54 - [MESSAGE][PASSED] - Ana sekmeye geçilir

2021-11-23 16:56:54 - [TEST_STEP][PASSED] - Kullanıcı işlemlerinden Çıkış seçilir: Kullanıcı işlemlerinden Çıkış seçilir

2021-11-23 16:56:54 - [MESSAGE][PASSED] - Kullanıcı işlemlerinden Çıkış seçilir

2021-11-23 16:56:54 - [MESSAGE][PASSED] - Feature file: 'Include/features/e-Makbuz/e-Serbest Meslek Uygulaması/e-Serbest Meslek Makbuzlari/UBL.feature' was passed

2021-11-23 16:56:54 - [TEST_STEP][PASSED] - Start listener action : sampleAfterTestSuite: Invoke 'com.kms.katalon.core.annotation.AfterTestCase' method: 'Listener.sampleAfterTestSuite(...)' completed.

2021-11-23 16:56:54 - [MESSAGE][INFO] - Starting invoke 'com.kms.katalon.core.annotation.AfterTestCase' method: 'Listener.sampleAfterTestSuite(...)'

2021-11-23 16:56:54 - [TEST_STEP][PASSED] - closeBrowser(): Invoke 'com.kms.katalon.core.annotation.AfterTestCase' method: 'Listener.sampleAfterTestSuite(...)' completed.

2021-11-23 16:56:54 - [MESSAGE][INFO] - Closing browser

2021-11-23 16:56:55 - [MESSAGE][PASSED] - Browser is closed

2021-11-23 16:56:55 - [MESSAGE][INFO] - Invoke 'com.kms.katalon.core.annotation.AfterTestCase' method: 'Listener.sampleAfterTestSuite(...)' completed.]]></system-out>
         <system-err><![CDATA[]]></system-err>
      </testcase>
      <testcase name="Test Cases/Case Repository/e-Makbuz/e-Serbest Meslek Uygulamasi/e-Serbest Meslek Makbuzu Olusturma/Ekle/Elektronik Tipinde" time="96.402" classname="Test Cases/Case Repository/e-Makbuz/e-Serbest Meslek Uygulamasi/e-Serbest Meslek Makbuzu Olusturma/Ekle/Elektronik Tipinde" status="PASSED">
         <system-out><![CDATA[2021-11-23 16:56:55 - [TEST_CASE][PASSED] - Test Cases/Case Repository/e-Makbuz/e-Serbest Meslek Uygulamasi/e-Serbest Meslek Makbuzu Olusturma/Ekle/Elektronik Tipinde: Test Cases/Case Repository/e-Makbuz/e-Serbest Meslek Uygulamasi/e-Serbest Meslek Makbuzu Olusturma/Ekle/Elektronik Tipinde

2021-11-23 16:56:55 - [TEST_STEP][PASSED] - Start listener action : sampleBeforeTestSuite: Invoke 'com.kms.katalon.core.annotation.BeforeTestCase' method: 'Listener.sampleBeforeTestSuite(...)' completed.

2021-11-23 16:56:55 - [MESSAGE][INFO] - Starting invoke 'com.kms.katalon.core.annotation.BeforeTestCase' method: 'Listener.sampleBeforeTestSuite(...)'

2021-11-23 16:56:55 - [TEST_STEP][PASSED] - openBrowser(baseUrl): Browser is opened with url: 'https://efatura-stage.elogo.com.tr/'

2021-11-23 16:56:55 - [MESSAGE][INFO] - Opening browser

2021-11-23 16:56:55 - [MESSAGE][INFO] - Starting 'Chrome' driver

2021-11-23 16:56:55 - [MESSAGE][INFO] - User set preference: ['prefs', '{download.default_directory=C:\otomasyondownfiles}']

2021-11-23 16:56:55 - [MESSAGE][INFO] - Action delay is set to 0 milliseconds

2021-11-23 16:56:56 - [MESSAGE][INFO] - Navigating browser to: 'https://efatura-stage.elogo.com.tr/'

2021-11-23 16:57:05 - [MESSAGE][PASSED] - Browser is opened with url: 'https://efatura-stage.elogo.com.tr/'

2021-11-23 16:57:05 - [TEST_STEP][PASSED] - maximizeWindow(): Invoke 'com.kms.katalon.core.annotation.BeforeTestCase' method: 'Listener.sampleBeforeTestSuite(...)' completed.

2021-11-23 16:57:05 - [MESSAGE][INFO] - Maximizing current window

2021-11-23 16:57:05 - [MESSAGE][PASSED] - Current window maximized

2021-11-23 16:57:05 - [MESSAGE][INFO] - Invoke 'com.kms.katalon.core.annotation.BeforeTestCase' method: 'Listener.sampleBeforeTestSuite(...)' completed.

2021-11-23 16:57:06 - [TEST_STEP][PASSED] - runFeatureFile("Include/features/e-Makbuz/e-Serbest Meslek Uygulaması/e-Serbest Meslek Makbuzu Olusturma/Ekle/Elektronik Tipinde.feature"): Feature file: 'Include/features/e-Makbuz/e-Serbest Meslek Uygulaması/e-Serbest Meslek Makbuzu Olusturma/Ekle/Elektronik Tipinde.feature' was passed

2021-11-23 16:57:06 - [MESSAGE][INFO] - Starting run keyword runFeatureFile: 'Include/features/e-Makbuz/e-Serbest Meslek Uygulaması/e-Serbest Meslek Makbuzu Olusturma/Ekle/Elektronik Tipinde.feature' and extract report to folder: 'C:\Users\DELL\Documents\GitHub\EES_KatalonLogo\Reports\20211123_163326\Suite Repository\e-Makbuz\20211123_163348/cucumber_report/1637675826268'...

2021-11-23 16:57:06 - [MESSAGE][INFO] - Glue: []

2021-11-23 16:57:08 - [MESSAGE][INFO] - Checking called Test Case

2021-11-23 16:57:08 - [MESSAGE][INFO] - Starting to call Test Case 'Test Cases/Sayfalar/Giris_Sayfasi/Login'

2021-11-23 16:57:08 - [TEST_CASE][PASSED] - Test Cases/Sayfalar/Giris_Sayfasi/Login: Test Cases/Sayfalar/Giris_Sayfasi/Login

2021-11-23 16:57:08 - [TEST_STEP][PASSED] - Sayfa_Basligi = getWindowTitle(): Current window's title is: 'LOGO e-Fatura'

2021-11-23 16:57:08 - [MESSAGE][INFO] - Getting current window's title

2021-11-23 16:57:08 - [MESSAGE][PASSED] - Current window's title is: 'LOGO e-Fatura'

2021-11-23 16:57:08 - [TEST_STEP][PASSED] - verifyMatch(Sayfa_Basligi, "LOGO e-Fatura", false): Actual text 'LOGO e-Fatura' and expected text 'LOGO e-Fatura' are matched 

2021-11-23 16:57:08 - [MESSAGE][INFO] - Matching actual text 'LOGO e-Fatura' with expected text 'LOGO e-Fatura'

2021-11-23 16:57:08 - [MESSAGE][PASSED] - Actual text 'LOGO e-Fatura' and expected text 'LOGO e-Fatura' are matched 

2021-11-23 16:57:08 - [TEST_STEP][PASSED] - sendKeys(findTestObject("Sayfalar/Giris_Sayfasi/Firma_Kodu"), KullaniciAdi): Keys 'ELOGO6' sent to object: 'Object Repository/Sayfalar/Giris_Sayfasi/Firma_Kodu'

2021-11-23 16:57:08 - [MESSAGE][INFO] - Finding Test Object 'Object Repository/Sayfalar/Giris_Sayfasi/Firma_Kodu'

2021-11-23 16:57:08 - [MESSAGE][INFO] - Sending keys 'ELOGO6' to object: 'Object Repository/Sayfalar/Giris_Sayfasi/Firma_Kodu'

2021-11-23 16:57:08 - [MESSAGE][INFO] - Finding web element from Test Object's properties

2021-11-23 16:57:08 - [MESSAGE][INFO] - Checking timeout

2021-11-23 16:57:08 - [MESSAGE][INFO] - Finding web element with id: 'Object Repository/Sayfalar/Giris_Sayfasi/Firma_Kodu' located by 'By.xpath: //*[@id = 'AccountName']' in '30' second(s)

2021-11-23 16:57:08 - [MESSAGE][INFO] - Smart Wait Function is triggered

2021-11-23 16:57:08 - [MESSAGE][INFO] - Found 1 web elements with id: 'Object Repository/Sayfalar/Giris_Sayfasi/Firma_Kodu' located by 'By.xpath: //*[@id = 'AccountName']' in '30' second(s)

2021-11-23 16:57:08 - [MESSAGE][PASSED] - Keys 'ELOGO6' sent to object: 'Object Repository/Sayfalar/Giris_Sayfasi/Firma_Kodu'

2021-11-23 16:57:08 - [TEST_STEP][PASSED] - sendKeys(findTestObject("Sayfalar/Giris_Sayfasi/Sifre"), Sifre): Keys '123456' sent to object: 'Object Repository/Sayfalar/Giris_Sayfasi/Sifre'

2021-11-23 16:57:08 - [MESSAGE][INFO] - Finding Test Object 'Object Repository/Sayfalar/Giris_Sayfasi/Sifre'

2021-11-23 16:57:08 - [MESSAGE][INFO] - Sending keys '123456' to object: 'Object Repository/Sayfalar/Giris_Sayfasi/Sifre'

2021-11-23 16:57:08 - [MESSAGE][INFO] - Finding web element from Test Object's properties

2021-11-23 16:57:08 - [MESSAGE][INFO] - Checking timeout

2021-11-23 16:57:08 - [MESSAGE][INFO] - Finding web element with id: 'Object Repository/Sayfalar/Giris_Sayfasi/Sifre' located by 'By.xpath: //*[@id = 'Password']' in '30' second(s)

2021-11-23 16:57:08 - [MESSAGE][INFO] - Smart Wait Function is triggered

2021-11-23 16:57:08 - [MESSAGE][INFO] - Found 1 web elements with id: 'Object Repository/Sayfalar/Giris_Sayfasi/Sifre' located by 'By.xpath: //*[@id = 'Password']' in '30' second(s)

2021-11-23 16:57:08 - [MESSAGE][PASSED] - Keys '123456' sent to object: 'Object Repository/Sayfalar/Giris_Sayfasi/Sifre'

2021-11-23 16:57:08 - [TEST_STEP][PASSED] - findWebElement(findTestObject("Sayfalar/Giris_Sayfasi/Giris_Butonu")).click(): Found 1 web elements with id: 'Object Repository/Sayfalar/Giris_Sayfasi/Giris_Butonu' located by 'By.cssSelector: #btnLogin' in '30' second(s)

2021-11-23 16:57:08 - [MESSAGE][INFO] - Finding Test Object 'Object Repository/Sayfalar/Giris_Sayfasi/Giris_Butonu'

2021-11-23 16:57:09 - [MESSAGE][INFO] - Finding web element from Test Object's properties

2021-11-23 16:57:09 - [MESSAGE][INFO] - Checking timeout

2021-11-23 16:57:09 - [MESSAGE][INFO] - Finding web element with id: 'Object Repository/Sayfalar/Giris_Sayfasi/Giris_Butonu' located by 'By.cssSelector: #btnLogin' in '30' second(s)

2021-11-23 16:57:09 - [MESSAGE][INFO] - Smart Wait Function is triggered

2021-11-23 16:57:09 - [MESSAGE][INFO] - Found 1 web elements with id: 'Object Repository/Sayfalar/Giris_Sayfasi/Giris_Butonu' located by 'By.cssSelector: #btnLogin' in '30' second(s)

2021-11-23 16:57:11 - [TEST_STEP][PASSED] - if (verifyElementPresent(findTestObject("Object Repository/Sayfalar/Giris_Sayfasi/RetveTamam_Butonu"), 5, OPTIONAL)): null

2021-11-23 16:57:11 - [MESSAGE][INFO] - Finding Test Object 'Object Repository/Sayfalar/Giris_Sayfasi/RetveTamam_Butonu'

2021-11-23 16:57:11 - [MESSAGE][INFO] - Checking object

2021-11-23 16:57:11 - [MESSAGE][INFO] - Finding web element from Test Object's properties

2021-11-23 16:57:11 - [MESSAGE][INFO] - Checking timeout

2021-11-23 16:57:11 - [MESSAGE][INFO] - Finding web element with id: 'Object Repository/Sayfalar/Giris_Sayfasi/RetveTamam_Butonu' located by 'By.xpath: //*[@class = 'btn btn-default']' in '5' second(s)

2021-11-23 16:57:11 - [MESSAGE][INFO] - Smart Wait Function is triggered

2021-11-23 16:57:12 - [MESSAGE][INFO] - Found 1 web elements with id: 'Object Repository/Sayfalar/Giris_Sayfasi/RetveTamam_Butonu' located by 'By.xpath: //*[@class = 'btn btn-default']' in '5' second(s)

2021-11-23 16:57:12 - [MESSAGE][PASSED] - Object 'Object Repository/Sayfalar/Giris_Sayfasi/RetveTamam_Butonu' is present

2021-11-23 16:57:12 - [TEST_STEP][PASSED] - click(findTestObject("Object Repository/Sayfalar/Giris_Sayfasi/RetveTamam_Butonu")): Object: 'Object Repository/Sayfalar/Giris_Sayfasi/RetveTamam_Butonu' is clicked on

2021-11-23 16:57:12 - [MESSAGE][INFO] - Finding Test Object 'Object Repository/Sayfalar/Giris_Sayfasi/RetveTamam_Butonu'

2021-11-23 16:57:12 - [MESSAGE][INFO] - Checking object

2021-11-23 16:57:12 - [MESSAGE][INFO] - Finding web element from Test Object's properties

2021-11-23 16:57:12 - [MESSAGE][INFO] - Checking timeout

2021-11-23 16:57:12 - [MESSAGE][INFO] - Finding web element with id: 'Object Repository/Sayfalar/Giris_Sayfasi/RetveTamam_Butonu' located by 'By.xpath: //*[@class = 'btn btn-default']' in '30' second(s)

2021-11-23 16:57:12 - [MESSAGE][INFO] - Smart Wait Function is triggered

2021-11-23 16:57:12 - [MESSAGE][INFO] - Found 1 web elements with id: 'Object Repository/Sayfalar/Giris_Sayfasi/RetveTamam_Butonu' located by 'By.xpath: //*[@class = 'btn btn-default']' in '30' second(s)

2021-11-23 16:57:12 - [MESSAGE][INFO] - Clicking on object: 'Object Repository/Sayfalar/Giris_Sayfasi/RetveTamam_Butonu'

2021-11-23 16:57:12 - [MESSAGE][PASSED] - Object: 'Object Repository/Sayfalar/Giris_Sayfasi/RetveTamam_Butonu' is clicked on

2021-11-23 16:57:12 - [TEST_STEP][PASSED] - click(findTestObject("Object Repository/Sayfalar/Giris_Sayfasi/RetveTamam_Butonu")): Object: 'Object Repository/Sayfalar/Giris_Sayfasi/RetveTamam_Butonu' is clicked on

2021-11-23 16:57:12 - [MESSAGE][INFO] - Finding Test Object 'Object Repository/Sayfalar/Giris_Sayfasi/RetveTamam_Butonu'

2021-11-23 16:57:12 - [MESSAGE][INFO] - Checking object

2021-11-23 16:57:12 - [MESSAGE][INFO] - Finding web element from Test Object's properties

2021-11-23 16:57:12 - [MESSAGE][INFO] - Checking timeout

2021-11-23 16:57:12 - [MESSAGE][INFO] - Finding web element with id: 'Object Repository/Sayfalar/Giris_Sayfasi/RetveTamam_Butonu' located by 'By.xpath: //*[@class = 'btn btn-default']' in '30' second(s)

2021-11-23 16:57:12 - [MESSAGE][INFO] - Smart Wait Function is triggered

2021-11-23 16:57:15 - [MESSAGE][INFO] - Found 1 web elements with id: 'Object Repository/Sayfalar/Giris_Sayfasi/RetveTamam_Butonu' located by 'By.xpath: //*[@class = 'btn btn-default']' in '30' second(s)

2021-11-23 16:57:15 - [MESSAGE][INFO] - Clicking on object: 'Object Repository/Sayfalar/Giris_Sayfasi/RetveTamam_Butonu'

2021-11-23 16:57:15 - [MESSAGE][PASSED] - Object: 'Object Repository/Sayfalar/Giris_Sayfasi/RetveTamam_Butonu' is clicked on

2021-11-23 16:57:15 - [TEST_STEP][PASSED] - if (verifyElementPresent(findTestObject("Sayfalar/Giris_Sayfasi/PopupOK"), 5, OPTIONAL)): null

2021-11-23 16:57:15 - [MESSAGE][INFO] - Finding Test Object 'Object Repository/Sayfalar/Giris_Sayfasi/PopupOK'

2021-11-23 16:57:15 - [MESSAGE][INFO] - Checking object

2021-11-23 16:57:15 - [MESSAGE][INFO] - Finding web element from Test Object's properties

2021-11-23 16:57:15 - [MESSAGE][INFO] - Checking timeout

2021-11-23 16:57:15 - [MESSAGE][INFO] - Finding web element with id: 'Object Repository/Sayfalar/Giris_Sayfasi/PopupOK' located by 'By.cssSelector: .btn.btn-success' in '5' second(s)

2021-11-23 16:57:15 - [MESSAGE][INFO] - Smart Wait Function is triggered

2021-11-23 16:57:16 - [MESSAGE][INFO] - Found 1 web elements with id: 'Object Repository/Sayfalar/Giris_Sayfasi/PopupOK' located by 'By.cssSelector: .btn.btn-success' in '5' second(s)

2021-11-23 16:57:16 - [MESSAGE][PASSED] - Object 'Object Repository/Sayfalar/Giris_Sayfasi/PopupOK' is present

2021-11-23 16:57:16 - [TEST_STEP][PASSED] - click(findTestObject("Object Repository/Sayfalar/Giris_Sayfasi/PopupCarpiGiris")): Object: 'Object Repository/Sayfalar/Giris_Sayfasi/PopupCarpiGiris' is clicked on

2021-11-23 16:57:16 - [MESSAGE][INFO] - Finding Test Object 'Object Repository/Sayfalar/Giris_Sayfasi/PopupCarpiGiris'

2021-11-23 16:57:16 - [MESSAGE][INFO] - Checking object

2021-11-23 16:57:16 - [MESSAGE][INFO] - Finding web element from Test Object's properties

2021-11-23 16:57:16 - [MESSAGE][INFO] - Checking timeout

2021-11-23 16:57:16 - [MESSAGE][INFO] - Finding web element with id: 'Object Repository/Sayfalar/Giris_Sayfasi/PopupCarpiGiris' located by 'By.cssSelector: .bootbox-close-button.close' in '30' second(s)

2021-11-23 16:57:16 - [MESSAGE][INFO] - Smart Wait Function is triggered

2021-11-23 16:57:16 - [MESSAGE][INFO] - Found 1 web elements with id: 'Object Repository/Sayfalar/Giris_Sayfasi/PopupCarpiGiris' located by 'By.cssSelector: .bootbox-close-button.close' in '30' second(s)

2021-11-23 16:57:16 - [MESSAGE][INFO] - Clicking on object: 'Object Repository/Sayfalar/Giris_Sayfasi/PopupCarpiGiris'

2021-11-23 16:57:16 - [MESSAGE][PASSED] - Object: 'Object Repository/Sayfalar/Giris_Sayfasi/PopupCarpiGiris' is clicked on

2021-11-23 16:57:16 - [TEST_STEP][PASSED] - verifyElementVisible(findTestObject("Object Repository/Kullanici_Islemleri/KullaniciIslemleri")): Object 'Object Repository/Kullanici_Islemleri/KullaniciIslemleri' is visible

2021-11-23 16:57:16 - [MESSAGE][INFO] - Finding Test Object 'Object Repository/Kullanici_Islemleri/KullaniciIslemleri'

2021-11-23 16:57:17 - [MESSAGE][INFO] - Checking object

2021-11-23 16:57:17 - [MESSAGE][INFO] - Finding web element from Test Object's properties

2021-11-23 16:57:17 - [MESSAGE][INFO] - Checking timeout

2021-11-23 16:57:17 - [MESSAGE][INFO] - Finding web element with id: 'Object Repository/Kullanici_Islemleri/KullaniciIslemleri' located by 'By.cssSelector: .dropdown>a>img' in '30' second(s)

2021-11-23 16:57:17 - [MESSAGE][INFO] - Smart Wait Function is triggered

2021-11-23 16:57:17 - [MESSAGE][INFO] - Found 1 web elements with id: 'Object Repository/Kullanici_Islemleri/KullaniciIslemleri' located by 'By.cssSelector: .dropdown>a>img' in '30' second(s)

2021-11-23 16:57:17 - [MESSAGE][PASSED] - Object 'Object Repository/Kullanici_Islemleri/KullaniciIslemleri' is visible

2021-11-23 16:57:17 - [MESSAGE][PASSED] - Call Test Case 'Test Cases/Sayfalar/Giris_Sayfasi/Login' successfully

2021-11-23 16:57:17 - [MESSAGE][INFO] - Checking called Test Case

2021-11-23 16:57:17 - [MESSAGE][INFO] - Starting to call Test Case 'Test Cases/Menu/AnaMenuSecimi'

2021-11-23 16:57:17 - [TEST_CASE][PASSED] - Test Cases/Menu/AnaMenuSecimi: Test Cases/Menu/AnaMenuSecimi

2021-11-23 16:57:17 - [TEST_STEP][PASSED] - Method.TextDegerineEsitElementeTikla(findTestObject("Menu/Ana_Menu"), Ana_Menu): Method.TextDegerineEsitElementeTikla is PASSED

2021-11-23 16:57:17 - [MESSAGE][INFO] - Finding Test Object 'Object Repository/Menu/Ana_Menu'

2021-11-23 16:57:17 - [MESSAGE][INFO] - Checking timeout

2021-11-23 16:57:17 - [MESSAGE][INFO] - Finding web element with id: 'Object Repository/Menu/Ana_Menu' located by 'By.xpath: //*[@class = 'dropdown-toggle']' in '10' second(s)

2021-11-23 16:57:17 - [MESSAGE][INFO] - Smart Wait Function is triggered

2021-11-23 16:57:18 - [MESSAGE][INFO] - Found 14 web elements with id: 'Object Repository/Menu/Ana_Menu' located by 'By.xpath: //*[@class = 'dropdown-toggle']' in '10' second(s)

2021-11-23 16:57:18 - [MESSAGE][PASSED] - Method.TextDegerineEsitElementeTikla is PASSED

2021-11-23 16:57:18 - [MESSAGE][PASSED] - Call Test Case 'Test Cases/Menu/AnaMenuSecimi' successfully

2021-11-23 16:57:18 - [MESSAGE][INFO] - Checking called Test Case

2021-11-23 16:57:18 - [MESSAGE][INFO] - Starting to call Test Case 'Test Cases/Menu/BasligaGoreAltMenuSecimi'

2021-11-23 16:57:18 - [TEST_CASE][PASSED] - Test Cases/Menu/BasligaGoreAltMenuSecimi: Test Cases/Menu/BasligaGoreAltMenuSecimi

2021-11-23 16:57:18 - [TEST_STEP][PASSED] - Method.TextDegerineEsitElementinAltindakiTextDegerineEsitOlanaTikla(findTestObject("Menu/Menu_Basligi"), findTestObject("Menu/Basliga_Gore_Alt_Menu"), Baslik, Alt_Menu): Method.TextDegerineEsitElementinAltindakiTextDegerineEsitOlanaTikla is PASSED

2021-11-23 16:57:18 - [MESSAGE][INFO] - Finding Test Object 'Object Repository/Menu/Menu_Basligi'

2021-11-23 16:57:18 - [MESSAGE][INFO] - Finding Test Object 'Object Repository/Menu/Basliga_Gore_Alt_Menu'

2021-11-23 16:57:18 - [MESSAGE][INFO] - Checking timeout

2021-11-23 16:57:18 - [MESSAGE][INFO] - Finding web element with id: 'Object Repository/Menu/Menu_Basligi' located by 'By.xpath: //li[@class='dropdown dropdown-large open']//li[@class='dropdown-header']' in '10' second(s)

2021-11-23 16:57:18 - [MESSAGE][INFO] - Smart Wait Function is triggered

2021-11-23 16:57:18 - [MESSAGE][INFO] - Found 2 web elements with id: 'Object Repository/Menu/Menu_Basligi' located by 'By.xpath: //li[@class='dropdown dropdown-large open']//li[@class='dropdown-header']' in '10' second(s)

2021-11-23 16:57:18 - [MESSAGE][INFO] - Smart Wait Function is triggered

2021-11-23 16:57:21 - [MESSAGE][PASSED] - Method.TextDegerineEsitElementinAltindakiTextDegerineEsitOlanaTikla is PASSED

2021-11-23 16:57:21 - [MESSAGE][PASSED] - Call Test Case 'Test Cases/Menu/BasligaGoreAltMenuSecimi' successfully

2021-11-23 16:57:21 - [MESSAGE][INFO] - Checking called Test Case

2021-11-23 16:57:21 - [MESSAGE][INFO] - Starting to call Test Case 'Test Cases/Tablo/Olusturma Tarihi'

2021-11-23 16:57:21 - [TEST_CASE][PASSED] - Test Cases/Tablo/Olusturma Tarihi: Test Cases/Tablo/Olusturma Tarihi

2021-11-23 16:57:21 - [TEST_STEP][PASSED] - if (verifyTextNotPresent("Görüntülenecek veri yok", true, OPTIONAL)): null

2021-11-23 16:57:21 - [MESSAGE][INFO] - Checking text present  using regular expression

2021-11-23 16:57:21 - [MESSAGE][INFO] - Smart Wait Function is triggered

2021-11-23 16:57:22 - [MESSAGE][INFO] - Finding text 'Görüntülenecek veri yok' on page  using regular expression

2021-11-23 16:57:22 - [MESSAGE][PASSED] - Text 'Görüntülenecek veri yok' is not present on page using regular expression

2021-11-23 16:57:22 - [TEST_STEP][PASSED] - click(findTestObject("Temizle/Olusturma_Tarihi_CheckBox")): Object: 'Object Repository/Temizle/Olusturma_Tarihi_CheckBox' is clicked on

2021-11-23 16:57:22 - [MESSAGE][INFO] - Finding Test Object 'Object Repository/Temizle/Olusturma_Tarihi_CheckBox'

2021-11-23 16:57:22 - [MESSAGE][INFO] - Checking object

2021-11-23 16:57:22 - [MESSAGE][INFO] - Finding web element from Test Object's properties

2021-11-23 16:57:22 - [MESSAGE][INFO] - Checking timeout

2021-11-23 16:57:22 - [MESSAGE][INFO] - Finding web element with id: 'Object Repository/Temizle/Olusturma_Tarihi_CheckBox' located by 'By.xpath: //*[@title = 'Bu sayfadaki tüm satırları Seç']' in '30' second(s)

2021-11-23 16:57:22 - [MESSAGE][INFO] - Smart Wait Function is triggered

2021-11-23 16:57:22 - [MESSAGE][INFO] - Found 1 web elements with id: 'Object Repository/Temizle/Olusturma_Tarihi_CheckBox' located by 'By.xpath: //*[@title = 'Bu sayfadaki tüm satırları Seç']' in '30' second(s)

2021-11-23 16:57:22 - [MESSAGE][INFO] - Clicking on object: 'Object Repository/Temizle/Olusturma_Tarihi_CheckBox'

2021-11-23 16:57:22 - [MESSAGE][PASSED] - Object: 'Object Repository/Temizle/Olusturma_Tarihi_CheckBox' is clicked on

2021-11-23 16:57:22 - [TEST_STEP][PASSED] - Method.TextDegerineEsitElementeTiklaEquals(findTestObject("Butonlar/Butonlar"), "Sil"): Method.TextDegerineEsitElementeTiklaEquals is PASSED

2021-11-23 16:57:22 - [MESSAGE][INFO] - Finding Test Object 'Object Repository/Butonlar/Butonlar'

2021-11-23 16:57:22 - [MESSAGE][INFO] - Checking timeout

2021-11-23 16:57:22 - [MESSAGE][INFO] - Finding web element with id: 'Object Repository/Butonlar/Butonlar' located by 'By.cssSelector: .panel.panel-default.text-center.footerPanel .btn,.btn.btn-primary.btnControls' in '10' second(s)

2021-11-23 16:57:22 - [MESSAGE][INFO] - Smart Wait Function is triggered

2021-11-23 16:57:23 - [MESSAGE][INFO] - Found 7 web elements with id: 'Object Repository/Butonlar/Butonlar' located by 'By.cssSelector: .panel.panel-default.text-center.footerPanel .btn,.btn.btn-primary.btnControls' in '10' second(s)

2021-11-23 16:57:23 - [MESSAGE][PASSED] - Method.TextDegerineEsitElementeTiklaEquals is PASSED

2021-11-23 16:57:23 - [TEST_STEP][PASSED] - Method.TextDegerineEsitElementeTikla(findTestObject("Popup/Popup_Butons"), "Evet"): Method.TextDegerineEsitElementeTikla is PASSED

2021-11-23 16:57:23 - [MESSAGE][INFO] - Finding Test Object 'Object Repository/Popup/Popup_Butons'

2021-11-23 16:57:23 - [MESSAGE][INFO] - Checking timeout

2021-11-23 16:57:23 - [MESSAGE][INFO] - Finding web element with id: 'Object Repository/Popup/Popup_Butons' located by 'By.cssSelector: .modal-footer>button' in '10' second(s)

2021-11-23 16:57:23 - [MESSAGE][INFO] - Smart Wait Function is triggered

2021-11-23 16:57:24 - [MESSAGE][INFO] - Found 2 web elements with id: 'Object Repository/Popup/Popup_Butons' located by 'By.cssSelector: .modal-footer>button' in '10' second(s)

2021-11-23 16:57:24 - [MESSAGE][PASSED] - Method.TextDegerineEsitElementeTikla is PASSED

2021-11-23 16:57:24 - [TEST_STEP][PASSED] - Method.TextDegerineEsitElementeTikla(findTestObject("Popup/Popup_Butons"), "Tamam"): Method.TextDegerineEsitElementeTikla is PASSED

2021-11-23 16:57:24 - [MESSAGE][INFO] - Finding Test Object 'Object Repository/Popup/Popup_Butons'

2021-11-23 16:57:24 - [MESSAGE][INFO] - Checking timeout

2021-11-23 16:57:24 - [MESSAGE][INFO] - Finding web element with id: 'Object Repository/Popup/Popup_Butons' located by 'By.cssSelector: .modal-footer>button' in '10' second(s)

2021-11-23 16:57:24 - [MESSAGE][INFO] - Smart Wait Function is triggered

2021-11-23 16:57:25 - [MESSAGE][INFO] - Found 1 web elements with id: 'Object Repository/Popup/Popup_Butons' located by 'By.cssSelector: .modal-footer>button' in '10' second(s)

2021-11-23 16:57:25 - [MESSAGE][PASSED] - Method.TextDegerineEsitElementeTikla is PASSED

2021-11-23 16:57:25 - [MESSAGE][PASSED] - Call Test Case 'Test Cases/Tablo/Olusturma Tarihi' successfully

2021-11-23 16:57:25 - [MESSAGE][INFO] - Checking called Test Case

2021-11-23 16:57:25 - [MESSAGE][INFO] - Starting to call Test Case 'Test Cases/Butonlar/ButonaTikla'

2021-11-23 16:57:25 - [TEST_CASE][PASSED] - Test Cases/Butonlar/ButonaTikla: Test Cases/Butonlar/ButonaTikla

2021-11-23 16:57:25 - [TEST_STEP][PASSED] - Method.TextDegerineEsitElementeTiklaEquals(findTestObject("Butonlar/Butonlar"), Buton_Adi): Method.TextDegerineEsitElementeTiklaEquals is PASSED

2021-11-23 16:57:25 - [MESSAGE][INFO] - Finding Test Object 'Object Repository/Butonlar/Butonlar'

2021-11-23 16:57:25 - [MESSAGE][INFO] - Checking timeout

2021-11-23 16:57:25 - [MESSAGE][INFO] - Finding web element with id: 'Object Repository/Butonlar/Butonlar' located by 'By.cssSelector: .panel.panel-default.text-center.footerPanel .btn,.btn.btn-primary.btnControls' in '10' second(s)

2021-11-23 16:57:25 - [MESSAGE][INFO] - Smart Wait Function is triggered

2021-11-23 16:57:25 - [MESSAGE][INFO] - Found 7 web elements with id: 'Object Repository/Butonlar/Butonlar' located by 'By.cssSelector: .panel.panel-default.text-center.footerPanel .btn,.btn.btn-primary.btnControls' in '10' second(s)

2021-11-23 16:57:26 - [MESSAGE][PASSED] - Method.TextDegerineEsitElementeTiklaEquals is PASSED

2021-11-23 16:57:26 - [MESSAGE][PASSED] - Call Test Case 'Test Cases/Butonlar/ButonaTikla' successfully

2021-11-23 16:57:26 - [MESSAGE][INFO] - Checking called Test Case

2021-11-23 16:57:26 - [MESSAGE][INFO] - Starting to call Test Case 'Test Cases/Olusturma/Genel/GorselTasarimSayfasıBasligiIceriyorMu'

2021-11-23 16:57:26 - [TEST_CASE][PASSED] - Test Cases/Olusturma/Genel/GorselTasarimSayfasıBasligiIceriyorMu: Test Cases/Olusturma/Genel/GorselTasarimSayfasıBasligiIceriyorMu

2021-11-23 16:57:26 - [TEST_STEP][PASSED] - verifyElementText(findTestObject("Object Repository/Olusturma/Genel/GorselTasarimBaslik"), Baslik): Actual text and expected text of test object 'Object Repository/Olusturma/Genel/GorselTasarimBaslik' are matched.

2021-11-23 16:57:26 - [MESSAGE][INFO] - Finding Test Object 'Object Repository/Olusturma/Genel/GorselTasarimBaslik'

2021-11-23 16:57:26 - [MESSAGE][INFO] - Checking object

2021-11-23 16:57:26 - [MESSAGE][INFO] - Finding web element from Test Object's properties

2021-11-23 16:57:26 - [MESSAGE][INFO] - Checking timeout

2021-11-23 16:57:26 - [MESSAGE][INFO] - Finding web element with id: 'Object Repository/Olusturma/Genel/GorselTasarimBaslik' located by 'By.cssSelector: #flAlici_0>div>span' in '30' second(s)

2021-11-23 16:57:26 - [MESSAGE][INFO] - Smart Wait Function is triggered

2021-11-23 16:57:28 - [MESSAGE][INFO] - Found 1 web elements with id: 'Object Repository/Olusturma/Genel/GorselTasarimBaslik' located by 'By.cssSelector: #flAlici_0>div>span' in '30' second(s)

2021-11-23 16:57:28 - [MESSAGE][PASSED] - Actual text and expected text of test object 'Object Repository/Olusturma/Genel/GorselTasarimBaslik' are matched.

2021-11-23 16:57:28 - [MESSAGE][PASSED] - Call Test Case 'Test Cases/Olusturma/Genel/GorselTasarimSayfasıBasligiIceriyorMu' successfully

2021-11-23 16:57:28 - [MESSAGE][INFO] - Checking called Test Case

2021-11-23 16:57:28 - [MESSAGE][INFO] - Starting to call Test Case 'Test Cases/Olusturma/Genel/AliciSecilir'

2021-11-23 16:57:28 - [TEST_CASE][PASSED] - Test Cases/Olusturma/Genel/AliciSecilir: Test Cases/Olusturma/Genel/AliciSecilir

2021-11-23 16:57:28 - [TEST_STEP][PASSED] - click(findTestObject("Olusturma/Genel/AliciBilgisi/Alici_Ara")): Object: 'Object Repository/Olusturma/Genel/AliciBilgisi/Alici_Ara' is clicked on

2021-11-23 16:57:28 - [MESSAGE][INFO] - Finding Test Object 'Object Repository/Olusturma/Genel/AliciBilgisi/Alici_Ara'

2021-11-23 16:57:28 - [MESSAGE][INFO] - Checking object

2021-11-23 16:57:28 - [MESSAGE][INFO] - Finding web element from Test Object's properties

2021-11-23 16:57:28 - [MESSAGE][INFO] - Checking timeout

2021-11-23 16:57:28 - [MESSAGE][INFO] - Finding web element with id: 'Object Repository/Olusturma/Genel/AliciBilgisi/Alici_Ara' located by 'By.xpath: //td[@id='txtCustomerText_B-1']' in '30' second(s)

2021-11-23 16:57:28 - [MESSAGE][INFO] - Smart Wait Function is triggered

2021-11-23 16:57:28 - [MESSAGE][INFO] - Found 1 web elements with id: 'Object Repository/Olusturma/Genel/AliciBilgisi/Alici_Ara' located by 'By.xpath: //td[@id='txtCustomerText_B-1']' in '30' second(s)

2021-11-23 16:57:28 - [MESSAGE][INFO] - Clicking on object: 'Object Repository/Olusturma/Genel/AliciBilgisi/Alici_Ara'

2021-11-23 16:57:28 - [MESSAGE][PASSED] - Object: 'Object Repository/Olusturma/Genel/AliciBilgisi/Alici_Ara' is clicked on

2021-11-23 16:57:28 - [TEST_STEP][PASSED] - click(findTestObject("Olusturma/Genel/AliciBilgisi/Alici_Bilgisi")): Object: 'Object Repository/Olusturma/Genel/AliciBilgisi/Alici_Bilgisi' is clicked on

2021-11-23 16:57:28 - [MESSAGE][INFO] - Finding Test Object 'Object Repository/Olusturma/Genel/AliciBilgisi/Alici_Bilgisi'

2021-11-23 16:57:28 - [MESSAGE][INFO] - Checking object

2021-11-23 16:57:28 - [MESSAGE][INFO] - Finding web element from Test Object's properties

2021-11-23 16:57:28 - [MESSAGE][INFO] - Checking timeout

2021-11-23 16:57:28 - [MESSAGE][INFO] - Finding web element with id: 'Object Repository/Olusturma/Genel/AliciBilgisi/Alici_Bilgisi' located by 'By.xpath: //iframe[@id='customerselectiframe']' in '30' second(s)

2021-11-23 16:57:28 - [MESSAGE][INFO] - Smart Wait Function is triggered

2021-11-23 16:57:29 - [MESSAGE][INFO] - Found 1 web elements with id: 'Object Repository/Olusturma/Genel/AliciBilgisi/Alici_Bilgisi' located by 'By.xpath: //iframe[@id='customerselectiframe']' in '30' second(s)

2021-11-23 16:57:29 - [MESSAGE][INFO] - Clicking on object: 'Object Repository/Olusturma/Genel/AliciBilgisi/Alici_Bilgisi'

2021-11-23 16:57:29 - [MESSAGE][PASSED] - Object: 'Object Repository/Olusturma/Genel/AliciBilgisi/Alici_Bilgisi' is clicked on

2021-11-23 16:57:29 - [TEST_STEP][PASSED] - setText(findTestObject("Olusturma/Genel/AliciBilgisi/Alici_Gir"), Alici_Adi): Switching to default content

2021-11-23 16:57:29 - [MESSAGE][INFO] - Finding Test Object 'Object Repository/Olusturma/Genel/AliciBilgisi/Alici_Gir'

2021-11-23 16:57:29 - [MESSAGE][INFO] - Finding Test Object 'Object Repository/Olusturma/Genel/AliciBilgisi/Alici_Bilgisi'

2021-11-23 16:57:29 - [MESSAGE][INFO] - Checking object

2021-11-23 16:57:29 - [MESSAGE][INFO] - Checking text

2021-11-23 16:57:29 - [MESSAGE][INFO] - Object: 'Object Repository/Olusturma/Genel/AliciBilgisi/Alici_Gir' has parent object(s)

2021-11-23 16:57:29 - [MESSAGE][INFO] - Switching to iframe: 'Object Repository/Olusturma/Genel/AliciBilgisi/Alici_Bilgisi'

2021-11-23 16:57:29 - [MESSAGE][INFO] - Finding web element from Test Object's properties

2021-11-23 16:57:29 - [MESSAGE][INFO] - Checking timeout

2021-11-23 16:57:29 - [MESSAGE][INFO] - Finding web element with id: 'Object Repository/Olusturma/Genel/AliciBilgisi/Alici_Bilgisi' located by 'By.xpath: //iframe[@id='customerselectiframe']' in '30' second(s)

2021-11-23 16:57:29 - [MESSAGE][INFO] - Smart Wait Function is triggered

2021-11-23 16:57:29 - [MESSAGE][INFO] - Found 1 web elements with id: 'Object Repository/Olusturma/Genel/AliciBilgisi/Alici_Bilgisi' located by 'By.xpath: //iframe[@id='customerselectiframe']' in '30' second(s)

2021-11-23 16:57:29 - [MESSAGE][INFO] - Switched to iframe: 'Object Repository/Olusturma/Genel/AliciBilgisi/Alici_Bilgisi'

2021-11-23 16:57:29 - [MESSAGE][INFO] - Finding web element from Test Object's properties

2021-11-23 16:57:29 - [MESSAGE][INFO] - Checking timeout

2021-11-23 16:57:29 - [MESSAGE][INFO] - Finding web element with id: 'Object Repository/Olusturma/Genel/AliciBilgisi/Alici_Gir' located by 'By.xpath: //input[@id='GridViewCustomer_DXFREditorcol1_I']' in '30' second(s)

2021-11-23 16:57:29 - [MESSAGE][INFO] - Smart Wait Function is triggered

2021-11-23 16:57:29 - [MESSAGE][INFO] - Found 1 web elements with id: 'Object Repository/Olusturma/Genel/AliciBilgisi/Alici_Gir' located by 'By.xpath: //input[@id='GridViewCustomer_DXFREditorcol1_I']' in '30' second(s)

2021-11-23 16:57:29 - [MESSAGE][INFO] - Clearing text of object 'Object Repository/Olusturma/Genel/AliciBilgisi/Alici_Gir'

2021-11-23 16:57:29 - [MESSAGE][INFO] - Finding web element from Test Object's properties

2021-11-23 16:57:29 - [MESSAGE][INFO] - Checking timeout

2021-11-23 16:57:29 - [MESSAGE][INFO] - Finding web element with id: 'Object Repository/Olusturma/Genel/AliciBilgisi/Alici_Gir' located by 'By.xpath: //input[@id='GridViewCustomer_DXFREditorcol1_I']' in '30' second(s)

2021-11-23 16:57:29 - [MESSAGE][INFO] - Smart Wait Function is triggered

2021-11-23 16:57:29 - [MESSAGE][INFO] - Found 1 web elements with id: 'Object Repository/Olusturma/Genel/AliciBilgisi/Alici_Gir' located by 'By.xpath: //input[@id='GridViewCustomer_DXFREditorcol1_I']' in '30' second(s)

2021-11-23 16:57:29 - [MESSAGE][INFO] - Setting text of object 'Object Repository/Olusturma/Genel/AliciBilgisi/Alici_Gir' to value 'UC0038'

2021-11-23 16:57:29 - [MESSAGE][PASSED] - Text 'UC0038' is set on object 'Object Repository/Olusturma/Genel/AliciBilgisi/Alici_Gir'

2021-11-23 16:57:29 - [MESSAGE][INFO] - Switching to default content

2021-11-23 16:57:29 - [TEST_STEP][PASSED] - waitForElementClickable(findTestObject("Olusturma/Genel/AliciBilgisi/Alici_Adi"), 10): Switching to default content

2021-11-23 16:57:29 - [MESSAGE][INFO] - Finding Test Object 'Object Repository/Olusturma/Genel/AliciBilgisi/Alici_Adi'

2021-11-23 16:57:30 - [MESSAGE][INFO] - Finding Test Object 'Object Repository/Olusturma/Genel/AliciBilgisi/iframe_Alc Bilgisi_customerselectiframe'

2021-11-23 16:57:30 - [MESSAGE][INFO] - Checking object

2021-11-23 16:57:30 - [MESSAGE][INFO] - Checking timeout

2021-11-23 16:57:30 - [MESSAGE][INFO] - Object: 'Object Repository/Olusturma/Genel/AliciBilgisi/Alici_Adi' has parent object(s)

2021-11-23 16:57:30 - [MESSAGE][INFO] - Switching to iframe: 'Object Repository/Olusturma/Genel/AliciBilgisi/iframe_Alc Bilgisi_customerselectiframe'

2021-11-23 16:57:30 - [MESSAGE][INFO] - Finding web element from Test Object's properties

2021-11-23 16:57:30 - [MESSAGE][INFO] - Checking timeout

2021-11-23 16:57:30 - [MESSAGE][INFO] - Finding web element with id: 'Object Repository/Olusturma/Genel/AliciBilgisi/iframe_Alc Bilgisi_customerselectiframe' located by 'By.xpath: //iframe[@id='customerselectiframe']' in '10' second(s)

2021-11-23 16:57:30 - [MESSAGE][INFO] - Smart Wait Function is triggered

2021-11-23 16:57:30 - [MESSAGE][INFO] - Found 1 web elements with id: 'Object Repository/Olusturma/Genel/AliciBilgisi/iframe_Alc Bilgisi_customerselectiframe' located by 'By.xpath: //iframe[@id='customerselectiframe']' in '10' second(s)

2021-11-23 16:57:30 - [MESSAGE][INFO] - Switched to iframe: 'Object Repository/Olusturma/Genel/AliciBilgisi/iframe_Alc Bilgisi_customerselectiframe'

2021-11-23 16:57:30 - [MESSAGE][INFO] - Finding web element from Test Object's properties

2021-11-23 16:57:30 - [MESSAGE][INFO] - Checking timeout

2021-11-23 16:57:30 - [MESSAGE][INFO] - Finding web element with id: 'Object Repository/Olusturma/Genel/AliciBilgisi/Alici_Adi' located by 'By.xpath: //tr[@id='GridViewCustomer_DXDataRow0']/td[2]' in '10' second(s)

2021-11-23 16:57:30 - [MESSAGE][INFO] - Smart Wait Function is triggered

2021-11-23 16:57:30 - [MESSAGE][INFO] - Found 1 web elements with id: 'Object Repository/Olusturma/Genel/AliciBilgisi/Alici_Adi' located by 'By.xpath: //tr[@id='GridViewCustomer_DXDataRow0']/td[2]' in '10' second(s)

2021-11-23 16:57:30 - [MESSAGE][PASSED] - Object 'Object Repository/Olusturma/Genel/AliciBilgisi/Alici_Adi' is clickable

2021-11-23 16:57:30 - [MESSAGE][INFO] - Switching to default content

2021-11-23 16:57:30 - [TEST_STEP][PASSED] - click(findTestObject("Olusturma/Genel/AliciBilgisi/frame")): Switching to default content

2021-11-23 16:57:30 - [MESSAGE][INFO] - Finding Test Object 'Object Repository/Olusturma/Genel/AliciBilgisi/frame'

2021-11-23 16:57:30 - [MESSAGE][INFO] - Finding Test Object 'Object Repository/Olusturma/Genel/AliciBilgisi/iframe_Alc Bilgisi_customerselectiframe'

2021-11-23 16:57:30 - [MESSAGE][INFO] - Checking object

2021-11-23 16:57:30 - [MESSAGE][INFO] - Object: 'Object Repository/Olusturma/Genel/AliciBilgisi/frame' has parent object(s)

2021-11-23 16:57:30 - [MESSAGE][INFO] - Switching to iframe: 'Object Repository/Olusturma/Genel/AliciBilgisi/iframe_Alc Bilgisi_customerselectiframe'

2021-11-23 16:57:30 - [MESSAGE][INFO] - Finding web element from Test Object's properties

2021-11-23 16:57:30 - [MESSAGE][INFO] - Checking timeout

2021-11-23 16:57:30 - [MESSAGE][INFO] - Finding web element with id: 'Object Repository/Olusturma/Genel/AliciBilgisi/iframe_Alc Bilgisi_customerselectiframe' located by 'By.xpath: //iframe[@id='customerselectiframe']' in '30' second(s)

2021-11-23 16:57:30 - [MESSAGE][INFO] - Smart Wait Function is triggered

2021-11-23 16:57:30 - [MESSAGE][INFO] - Found 1 web elements with id: 'Object Repository/Olusturma/Genel/AliciBilgisi/iframe_Alc Bilgisi_customerselectiframe' located by 'By.xpath: //iframe[@id='customerselectiframe']' in '30' second(s)

2021-11-23 16:57:30 - [MESSAGE][INFO] - Switched to iframe: 'Object Repository/Olusturma/Genel/AliciBilgisi/iframe_Alc Bilgisi_customerselectiframe'

2021-11-23 16:57:30 - [MESSAGE][INFO] - Finding web element from Test Object's properties

2021-11-23 16:57:30 - [MESSAGE][INFO] - Checking timeout

2021-11-23 16:57:30 - [MESSAGE][INFO] - Finding web element with id: 'Object Repository/Olusturma/Genel/AliciBilgisi/frame' located by 'By.xpath: //*/text()[normalize-space(.)='']/parent::*' in '30' second(s)

2021-11-23 16:57:30 - [MESSAGE][INFO] - Smart Wait Function is triggered

2021-11-23 16:57:30 - [MESSAGE][INFO] - Found 73 web elements with id: 'Object Repository/Olusturma/Genel/AliciBilgisi/frame' located by 'By.xpath: //*/text()[normalize-space(.)='']/parent::*' in '30' second(s)

2021-11-23 16:57:30 - [MESSAGE][INFO] - Clicking on object: 'Object Repository/Olusturma/Genel/AliciBilgisi/frame'

2021-11-23 16:57:31 - [MESSAGE][PASSED] - Object: 'Object Repository/Olusturma/Genel/AliciBilgisi/frame' is clicked on

2021-11-23 16:57:31 - [MESSAGE][INFO] - Switching to default content

2021-11-23 16:57:31 - [TEST_STEP][PASSED] - click(findTestObject("Olusturma/Genel/AliciBilgisi/Alici_Adi")): Switching to default content

2021-11-23 16:57:31 - [MESSAGE][INFO] - Finding Test Object 'Object Repository/Olusturma/Genel/AliciBilgisi/Alici_Adi'

2021-11-23 16:57:31 - [MESSAGE][INFO] - Finding Test Object 'Object Repository/Olusturma/Genel/AliciBilgisi/iframe_Alc Bilgisi_customerselectiframe'

2021-11-23 16:57:31 - [MESSAGE][INFO] - Checking object

2021-11-23 16:57:31 - [MESSAGE][INFO] - Object: 'Object Repository/Olusturma/Genel/AliciBilgisi/Alici_Adi' has parent object(s)

2021-11-23 16:57:31 - [MESSAGE][INFO] - Switching to iframe: 'Object Repository/Olusturma/Genel/AliciBilgisi/iframe_Alc Bilgisi_customerselectiframe'

2021-11-23 16:57:31 - [MESSAGE][INFO] - Finding web element from Test Object's properties

2021-11-23 16:57:31 - [MESSAGE][INFO] - Checking timeout

2021-11-23 16:57:31 - [MESSAGE][INFO] - Finding web element with id: 'Object Repository/Olusturma/Genel/AliciBilgisi/iframe_Alc Bilgisi_customerselectiframe' located by 'By.xpath: //iframe[@id='customerselectiframe']' in '30' second(s)

2021-11-23 16:57:31 - [MESSAGE][INFO] - Smart Wait Function is triggered

2021-11-23 16:57:31 - [MESSAGE][INFO] - Found 1 web elements with id: 'Object Repository/Olusturma/Genel/AliciBilgisi/iframe_Alc Bilgisi_customerselectiframe' located by 'By.xpath: //iframe[@id='customerselectiframe']' in '30' second(s)

2021-11-23 16:57:31 - [MESSAGE][INFO] - Switched to iframe: 'Object Repository/Olusturma/Genel/AliciBilgisi/iframe_Alc Bilgisi_customerselectiframe'

2021-11-23 16:57:31 - [MESSAGE][INFO] - Finding web element from Test Object's properties

2021-11-23 16:57:31 - [MESSAGE][INFO] - Checking timeout

2021-11-23 16:57:31 - [MESSAGE][INFO] - Finding web element with id: 'Object Repository/Olusturma/Genel/AliciBilgisi/Alici_Adi' located by 'By.xpath: //tr[@id='GridViewCustomer_DXDataRow0']/td[2]' in '30' second(s)

2021-11-23 16:57:31 - [MESSAGE][INFO] - Smart Wait Function is triggered

2021-11-23 16:57:31 - [MESSAGE][INFO] - Found 1 web elements with id: 'Object Repository/Olusturma/Genel/AliciBilgisi/Alici_Adi' located by 'By.xpath: //tr[@id='GridViewCustomer_DXDataRow0']/td[2]' in '30' second(s)

2021-11-23 16:57:31 - [MESSAGE][INFO] - Clicking on object: 'Object Repository/Olusturma/Genel/AliciBilgisi/Alici_Adi'

2021-11-23 16:57:31 - [MESSAGE][PASSED] - Object: 'Object Repository/Olusturma/Genel/AliciBilgisi/Alici_Adi' is clicked on

2021-11-23 16:57:31 - [MESSAGE][INFO] - Switching to default content

2021-11-23 16:57:31 - [TEST_STEP][PASSED] - click(findTestObject("Olusturma/Genel/AliciBilgisi/Tamam_Bosluk")): Switching to default content

2021-11-23 16:57:31 - [MESSAGE][INFO] - Finding Test Object 'Object Repository/Olusturma/Genel/AliciBilgisi/Tamam_Bosluk'

2021-11-23 16:57:31 - [MESSAGE][INFO] - Finding Test Object 'Object Repository/Olusturma/Genel/AliciBilgisi/Alici_Bilgisi'

2021-11-23 16:57:31 - [MESSAGE][INFO] - Checking object

2021-11-23 16:57:31 - [MESSAGE][INFO] - Object: 'Object Repository/Olusturma/Genel/AliciBilgisi/Tamam_Bosluk' has parent object(s)

2021-11-23 16:57:31 - [MESSAGE][INFO] - Switching to iframe: 'Object Repository/Olusturma/Genel/AliciBilgisi/Alici_Bilgisi'

2021-11-23 16:57:31 - [MESSAGE][INFO] - Finding web element from Test Object's properties

2021-11-23 16:57:31 - [MESSAGE][INFO] - Checking timeout

2021-11-23 16:57:31 - [MESSAGE][INFO] - Finding web element with id: 'Object Repository/Olusturma/Genel/AliciBilgisi/Alici_Bilgisi' located by 'By.xpath: //iframe[@id='customerselectiframe']' in '30' second(s)

2021-11-23 16:57:31 - [MESSAGE][INFO] - Smart Wait Function is triggered

2021-11-23 16:57:32 - [MESSAGE][INFO] - Found 1 web elements with id: 'Object Repository/Olusturma/Genel/AliciBilgisi/Alici_Bilgisi' located by 'By.xpath: //iframe[@id='customerselectiframe']' in '30' second(s)

2021-11-23 16:57:32 - [MESSAGE][INFO] - Switched to iframe: 'Object Repository/Olusturma/Genel/AliciBilgisi/Alici_Bilgisi'

2021-11-23 16:57:32 - [MESSAGE][INFO] - Finding web element from Test Object's properties

2021-11-23 16:57:32 - [MESSAGE][INFO] - Checking timeout

2021-11-23 16:57:32 - [MESSAGE][INFO] - Finding web element with id: 'Object Repository/Olusturma/Genel/AliciBilgisi/Tamam_Bosluk' located by 'By.xpath: (.//*[normalize-space(text()) and normalize-space(.)='Sayfa Boyutu:'])[1]/following::div[7]' in '30' second(s)

2021-11-23 16:57:32 - [MESSAGE][INFO] - Smart Wait Function is triggered

2021-11-23 16:57:32 - [MESSAGE][INFO] - Found 1 web elements with id: 'Object Repository/Olusturma/Genel/AliciBilgisi/Tamam_Bosluk' located by 'By.xpath: (.//*[normalize-space(text()) and normalize-space(.)='Sayfa Boyutu:'])[1]/following::div[7]' in '30' second(s)

2021-11-23 16:57:32 - [MESSAGE][INFO] - Clicking on object: 'Object Repository/Olusturma/Genel/AliciBilgisi/Tamam_Bosluk'

2021-11-23 16:57:32 - [MESSAGE][PASSED] - Object: 'Object Repository/Olusturma/Genel/AliciBilgisi/Tamam_Bosluk' is clicked on

2021-11-23 16:57:32 - [MESSAGE][INFO] - Switching to default content

2021-11-23 16:57:32 - [TEST_STEP][PASSED] - waitForElementClickable(findTestObject("Olusturma/Genel/AliciBilgisi/Tamam_Butonu"), 10): Switching to default content

2021-11-23 16:57:32 - [MESSAGE][INFO] - Finding Test Object 'Object Repository/Olusturma/Genel/AliciBilgisi/Tamam_Butonu'

2021-11-23 16:57:32 - [MESSAGE][INFO] - Finding Test Object 'Object Repository/Olusturma/Genel/AliciBilgisi/Alici_Bilgisi'

2021-11-23 16:57:32 - [MESSAGE][INFO] - Checking object

2021-11-23 16:57:32 - [MESSAGE][INFO] - Checking timeout

2021-11-23 16:57:32 - [MESSAGE][INFO] - Object: 'Object Repository/Olusturma/Genel/AliciBilgisi/Tamam_Butonu' has parent object(s)

2021-11-23 16:57:32 - [MESSAGE][INFO] - Switching to iframe: 'Object Repository/Olusturma/Genel/AliciBilgisi/Alici_Bilgisi'

2021-11-23 16:57:32 - [MESSAGE][INFO] - Finding web element from Test Object's properties

2021-11-23 16:57:32 - [MESSAGE][INFO] - Checking timeout

2021-11-23 16:57:32 - [MESSAGE][INFO] - Finding web element with id: 'Object Repository/Olusturma/Genel/AliciBilgisi/Alici_Bilgisi' located by 'By.xpath: //iframe[@id='customerselectiframe']' in '10' second(s)

2021-11-23 16:57:32 - [MESSAGE][INFO] - Smart Wait Function is triggered

2021-11-23 16:57:32 - [MESSAGE][INFO] - Found 1 web elements with id: 'Object Repository/Olusturma/Genel/AliciBilgisi/Alici_Bilgisi' located by 'By.xpath: //iframe[@id='customerselectiframe']' in '10' second(s)

2021-11-23 16:57:32 - [MESSAGE][INFO] - Switched to iframe: 'Object Repository/Olusturma/Genel/AliciBilgisi/Alici_Bilgisi'

2021-11-23 16:57:32 - [MESSAGE][INFO] - Finding web element from Test Object's properties

2021-11-23 16:57:32 - [MESSAGE][INFO] - Checking timeout

2021-11-23 16:57:32 - [MESSAGE][INFO] - Finding web element with id: 'Object Repository/Olusturma/Genel/AliciBilgisi/Tamam_Butonu' located by 'By.xpath: //div[@id='btnSelectCustomer_CD']/span' in '10' second(s)

2021-11-23 16:57:32 - [MESSAGE][INFO] - Smart Wait Function is triggered

2021-11-23 16:57:32 - [MESSAGE][INFO] - Found 1 web elements with id: 'Object Repository/Olusturma/Genel/AliciBilgisi/Tamam_Butonu' located by 'By.xpath: //div[@id='btnSelectCustomer_CD']/span' in '10' second(s)

2021-11-23 16:57:32 - [MESSAGE][PASSED] - Object 'Object Repository/Olusturma/Genel/AliciBilgisi/Tamam_Butonu' is clickable

2021-11-23 16:57:32 - [MESSAGE][INFO] - Switching to default content

2021-11-23 16:57:32 - [TEST_STEP][PASSED] - click(findTestObject("Olusturma/Genel/AliciBilgisi/Tamam_Butonu")): Switching to default content

2021-11-23 16:57:32 - [MESSAGE][INFO] - Finding Test Object 'Object Repository/Olusturma/Genel/AliciBilgisi/Tamam_Butonu'

2021-11-23 16:57:32 - [MESSAGE][INFO] - Finding Test Object 'Object Repository/Olusturma/Genel/AliciBilgisi/Alici_Bilgisi'

2021-11-23 16:57:32 - [MESSAGE][INFO] - Checking object

2021-11-23 16:57:32 - [MESSAGE][INFO] - Object: 'Object Repository/Olusturma/Genel/AliciBilgisi/Tamam_Butonu' has parent object(s)

2021-11-23 16:57:32 - [MESSAGE][INFO] - Switching to iframe: 'Object Repository/Olusturma/Genel/AliciBilgisi/Alici_Bilgisi'

2021-11-23 16:57:32 - [MESSAGE][INFO] - Finding web element from Test Object's properties

2021-11-23 16:57:32 - [MESSAGE][INFO] - Checking timeout

2021-11-23 16:57:32 - [MESSAGE][INFO] - Finding web element with id: 'Object Repository/Olusturma/Genel/AliciBilgisi/Alici_Bilgisi' located by 'By.xpath: //iframe[@id='customerselectiframe']' in '30' second(s)

2021-11-23 16:57:32 - [MESSAGE][INFO] - Smart Wait Function is triggered

2021-11-23 16:57:33 - [MESSAGE][INFO] - Found 1 web elements with id: 'Object Repository/Olusturma/Genel/AliciBilgisi/Alici_Bilgisi' located by 'By.xpath: //iframe[@id='customerselectiframe']' in '30' second(s)

2021-11-23 16:57:33 - [MESSAGE][INFO] - Switched to iframe: 'Object Repository/Olusturma/Genel/AliciBilgisi/Alici_Bilgisi'

2021-11-23 16:57:33 - [MESSAGE][INFO] - Finding web element from Test Object's properties

2021-11-23 16:57:33 - [MESSAGE][INFO] - Checking timeout

2021-11-23 16:57:33 - [MESSAGE][INFO] - Finding web element with id: 'Object Repository/Olusturma/Genel/AliciBilgisi/Tamam_Butonu' located by 'By.xpath: //div[@id='btnSelectCustomer_CD']/span' in '30' second(s)

2021-11-23 16:57:33 - [MESSAGE][INFO] - Smart Wait Function is triggered

2021-11-23 16:57:33 - [MESSAGE][INFO] - Found 1 web elements with id: 'Object Repository/Olusturma/Genel/AliciBilgisi/Tamam_Butonu' located by 'By.xpath: //div[@id='btnSelectCustomer_CD']/span' in '30' second(s)

2021-11-23 16:57:33 - [MESSAGE][INFO] - Clicking on object: 'Object Repository/Olusturma/Genel/AliciBilgisi/Tamam_Butonu'

2021-11-23 16:57:33 - [MESSAGE][PASSED] - Object: 'Object Repository/Olusturma/Genel/AliciBilgisi/Tamam_Butonu' is clicked on

2021-11-23 16:57:33 - [MESSAGE][INFO] - Switching to default content

2021-11-23 16:57:33 - [TEST_STEP][PASSED] - waitForElementPresent(findTestObject("Olusturma/Genel/AliciBilgisi/VKN-TCKN"), 10): Object 'Object Repository/Olusturma/Genel/AliciBilgisi/VKN-TCKN' is present

2021-11-23 16:57:33 - [MESSAGE][INFO] - Finding Test Object 'Object Repository/Olusturma/Genel/AliciBilgisi/VKN-TCKN'

2021-11-23 16:57:33 - [MESSAGE][INFO] - Checking object

2021-11-23 16:57:33 - [MESSAGE][INFO] - Finding web element from Test Object's properties

2021-11-23 16:57:33 - [MESSAGE][INFO] - Checking timeout

2021-11-23 16:57:33 - [MESSAGE][INFO] - Finding web element with id: 'Object Repository/Olusturma/Genel/AliciBilgisi/VKN-TCKN' located by 'By.xpath: //*[@id = 'txtVknTckn_I']' in '10' second(s)

2021-11-23 16:57:33 - [MESSAGE][INFO] - Smart Wait Function is triggered

2021-11-23 16:57:33 - [MESSAGE][INFO] - Found 1 web elements with id: 'Object Repository/Olusturma/Genel/AliciBilgisi/VKN-TCKN' located by 'By.xpath: //*[@id = 'txtVknTckn_I']' in '10' second(s)

2021-11-23 16:57:33 - [MESSAGE][PASSED] - Object 'Object Repository/Olusturma/Genel/AliciBilgisi/VKN-TCKN' is present

2021-11-23 16:57:33 - [TEST_STEP][PASSED] - text = getAttribute(findTestObject("Olusturma/Genel/AliciBilgisi/VKN-TCKN"), "value"): Attribute 'value' of object 'Object Repository/Olusturma/Genel/AliciBilgisi/VKN-TCKN' is: '5324269312'

2021-11-23 16:57:33 - [MESSAGE][INFO] - Finding Test Object 'Object Repository/Olusturma/Genel/AliciBilgisi/VKN-TCKN'

2021-11-23 16:57:33 - [MESSAGE][INFO] - Checking object

2021-11-23 16:57:33 - [MESSAGE][INFO] - Checking attribute

2021-11-23 16:57:33 - [MESSAGE][INFO] - Finding web element from Test Object's properties

2021-11-23 16:57:33 - [MESSAGE][INFO] - Checking timeout

2021-11-23 16:57:33 - [MESSAGE][INFO] - Finding web element with id: 'Object Repository/Olusturma/Genel/AliciBilgisi/VKN-TCKN' located by 'By.xpath: //*[@id = 'txtVknTckn_I']' in '30' second(s)

2021-11-23 16:57:33 - [MESSAGE][INFO] - Smart Wait Function is triggered

2021-11-23 16:57:34 - [MESSAGE][INFO] - Found 1 web elements with id: 'Object Repository/Olusturma/Genel/AliciBilgisi/VKN-TCKN' located by 'By.xpath: //*[@id = 'txtVknTckn_I']' in '30' second(s)

2021-11-23 16:57:34 - [MESSAGE][INFO] - Getting attribute 'value' of object 'Object Repository/Olusturma/Genel/AliciBilgisi/VKN-TCKN'

2021-11-23 16:57:34 - [MESSAGE][PASSED] - Attribute 'value' of object 'Object Repository/Olusturma/Genel/AliciBilgisi/VKN-TCKN' is: '5324269312'

2021-11-23 16:57:34 - [TEST_STEP][PASSED] - if (text.equals("")): null

2021-11-23 16:57:34 - [MESSAGE][PASSED] - Call Test Case 'Test Cases/Olusturma/Genel/AliciSecilir' successfully

2021-11-23 16:57:34 - [MESSAGE][INFO] - Checking called Test Case

2021-11-23 16:57:34 - [MESSAGE][INFO] - Starting to call Test Case 'Test Cases/Olusturma/Genel/GonderimSekliSecilir'

2021-11-23 16:57:34 - [TEST_CASE][PASSED] - Test Cases/Olusturma/Genel/GonderimSekliSecilir: Test Cases/Olusturma/Genel/GonderimSekliSecilir

2021-11-23 16:57:34 - [TEST_STEP][PASSED] - waitForElementClickable(findTestObject("Object Repository/Olusturma/Genel/GonderimSekli/GonderimSekli"), 10): Object 'Object Repository/Olusturma/Genel/GonderimSekli/GonderimSekli' is clickable

2021-11-23 16:57:34 - [MESSAGE][INFO] - Finding Test Object 'Object Repository/Olusturma/Genel/GonderimSekli/GonderimSekli'

2021-11-23 16:57:34 - [MESSAGE][INFO] - Checking object

2021-11-23 16:57:34 - [MESSAGE][INFO] - Checking timeout

2021-11-23 16:57:34 - [MESSAGE][INFO] - Finding web element from Test Object's properties

2021-11-23 16:57:34 - [MESSAGE][INFO] - Checking timeout

2021-11-23 16:57:34 - [MESSAGE][INFO] - Finding web element with id: 'Object Repository/Olusturma/Genel/GonderimSekli/GonderimSekli' located by 'By.xpath: //*[@id = 'txtGonderimSekil_I']' in '10' second(s)

2021-11-23 16:57:34 - [MESSAGE][INFO] - Smart Wait Function is triggered

2021-11-23 16:57:35 - [MESSAGE][INFO] - Found 1 web elements with id: 'Object Repository/Olusturma/Genel/GonderimSekli/GonderimSekli' located by 'By.xpath: //*[@id = 'txtGonderimSekil_I']' in '10' second(s)

2021-11-23 16:57:35 - [MESSAGE][PASSED] - Object 'Object Repository/Olusturma/Genel/GonderimSekli/GonderimSekli' is clickable

2021-11-23 16:57:35 - [TEST_STEP][PASSED] - click(findTestObject("Object Repository/Olusturma/Genel/GonderimSekli/GonderimSekli")): Object: 'Object Repository/Olusturma/Genel/GonderimSekli/GonderimSekli' is clicked on

2021-11-23 16:57:35 - [MESSAGE][INFO] - Finding Test Object 'Object Repository/Olusturma/Genel/GonderimSekli/GonderimSekli'

2021-11-23 16:57:35 - [MESSAGE][INFO] - Checking object

2021-11-23 16:57:35 - [MESSAGE][INFO] - Finding web element from Test Object's properties

2021-11-23 16:57:35 - [MESSAGE][INFO] - Checking timeout

2021-11-23 16:57:35 - [MESSAGE][INFO] - Finding web element with id: 'Object Repository/Olusturma/Genel/GonderimSekli/GonderimSekli' located by 'By.xpath: //*[@id = 'txtGonderimSekil_I']' in '30' second(s)

2021-11-23 16:57:35 - [MESSAGE][INFO] - Smart Wait Function is triggered

2021-11-23 16:57:35 - [MESSAGE][INFO] - Found 1 web elements with id: 'Object Repository/Olusturma/Genel/GonderimSekli/GonderimSekli' located by 'By.xpath: //*[@id = 'txtGonderimSekil_I']' in '30' second(s)

2021-11-23 16:57:35 - [MESSAGE][INFO] - Clicking on object: 'Object Repository/Olusturma/Genel/GonderimSekli/GonderimSekli'

2021-11-23 16:57:35 - [MESSAGE][PASSED] - Object: 'Object Repository/Olusturma/Genel/GonderimSekli/GonderimSekli' is clicked on

2021-11-23 16:57:35 - [TEST_STEP][PASSED] - Method.TextDegerineEsitElementeTikla(findTestObject("Object Repository/Olusturma/Genel/GonderimSekli/GonderimSekliAdi"), GonderimSekli): Method.TextDegerineEsitElementeTikla is PASSED

2021-11-23 16:57:35 - [MESSAGE][INFO] - Finding Test Object 'Object Repository/Olusturma/Genel/GonderimSekli/GonderimSekliAdi'

2021-11-23 16:57:35 - [MESSAGE][INFO] - Checking timeout

2021-11-23 16:57:35 - [MESSAGE][INFO] - Finding web element with id: 'Object Repository/Olusturma/Genel/GonderimSekli/GonderimSekliAdi' located by 'By.cssSelector: #txtGonderimSekil_DDD_L_LBT td' in '10' second(s)

2021-11-23 16:57:35 - [MESSAGE][INFO] - Smart Wait Function is triggered

2021-11-23 16:57:36 - [MESSAGE][INFO] - Found 2 web elements with id: 'Object Repository/Olusturma/Genel/GonderimSekli/GonderimSekliAdi' located by 'By.cssSelector: #txtGonderimSekil_DDD_L_LBT td' in '10' second(s)

2021-11-23 16:57:36 - [MESSAGE][PASSED] - Method.TextDegerineEsitElementeTikla is PASSED

2021-11-23 16:57:36 - [MESSAGE][PASSED] - Call Test Case 'Test Cases/Olusturma/Genel/GonderimSekliSecilir' successfully

2021-11-23 16:57:36 - [MESSAGE][INFO] - Checking called Test Case

2021-11-23 16:57:36 - [MESSAGE][INFO] - Starting to call Test Case 'Test Cases/Olusturma/Genel/EkleButonunaBasilir'

2021-11-23 16:57:36 - [TEST_CASE][PASSED] - Test Cases/Olusturma/Genel/EkleButonunaBasilir: Test Cases/Olusturma/Genel/EkleButonunaBasilir

2021-11-23 16:57:36 - [TEST_STEP][PASSED] - waitForElementClickable(findTestObject("Object Repository/Olusturma/Genel/Olusturma/Ekle"), 10): Object 'Object Repository/Olusturma/Genel/Olusturma/Ekle' is clickable

2021-11-23 16:57:36 - [MESSAGE][INFO] - Finding Test Object 'Object Repository/Olusturma/Genel/Olusturma/Ekle'

2021-11-23 16:57:36 - [MESSAGE][INFO] - Checking object

2021-11-23 16:57:36 - [MESSAGE][INFO] - Checking timeout

2021-11-23 16:57:36 - [MESSAGE][INFO] - Finding web element from Test Object's properties

2021-11-23 16:57:36 - [MESSAGE][INFO] - Checking timeout

2021-11-23 16:57:36 - [MESSAGE][INFO] - Finding web element with id: 'Object Repository/Olusturma/Genel/Olusturma/Ekle' located by 'By.cssSelector: #divmalhizmet i.fa.fa-plus.fa-lg.text-muted' in '10' second(s)

2021-11-23 16:57:36 - [MESSAGE][INFO] - Smart Wait Function is triggered

2021-11-23 16:57:36 - [MESSAGE][INFO] - Found 1 web elements with id: 'Object Repository/Olusturma/Genel/Olusturma/Ekle' located by 'By.cssSelector: #divmalhizmet i.fa.fa-plus.fa-lg.text-muted' in '10' second(s)

2021-11-23 16:57:36 - [MESSAGE][PASSED] - Object 'Object Repository/Olusturma/Genel/Olusturma/Ekle' is clickable

2021-11-23 16:57:36 - [TEST_STEP][PASSED] - click(findTestObject("Object Repository/Olusturma/Genel/Olusturma/Ekle")): Object: 'Object Repository/Olusturma/Genel/Olusturma/Ekle' is clicked on

2021-11-23 16:57:36 - [MESSAGE][INFO] - Finding Test Object 'Object Repository/Olusturma/Genel/Olusturma/Ekle'

2021-11-23 16:57:36 - [MESSAGE][INFO] - Checking object

2021-11-23 16:57:36 - [MESSAGE][INFO] - Finding web element from Test Object's properties

2021-11-23 16:57:36 - [MESSAGE][INFO] - Checking timeout

2021-11-23 16:57:36 - [MESSAGE][INFO] - Finding web element with id: 'Object Repository/Olusturma/Genel/Olusturma/Ekle' located by 'By.cssSelector: #divmalhizmet i.fa.fa-plus.fa-lg.text-muted' in '30' second(s)

2021-11-23 16:57:36 - [MESSAGE][INFO] - Smart Wait Function is triggered

2021-11-23 16:57:37 - [MESSAGE][INFO] - Found 1 web elements with id: 'Object Repository/Olusturma/Genel/Olusturma/Ekle' located by 'By.cssSelector: #divmalhizmet i.fa.fa-plus.fa-lg.text-muted' in '30' second(s)

2021-11-23 16:57:37 - [MESSAGE][INFO] - Clicking on object: 'Object Repository/Olusturma/Genel/Olusturma/Ekle'

2021-11-23 16:57:37 - [MESSAGE][PASSED] - Object: 'Object Repository/Olusturma/Genel/Olusturma/Ekle' is clicked on

2021-11-23 16:57:37 - [TEST_STEP][PASSED] - waitForElementClickable(findTestObject("Olusturma/Genel/Olusturma/EklenenSatirCarpiImage"), 10): Object 'Object Repository/Olusturma/Genel/Olusturma/EklenenSatirCarpiImage' is clickable

2021-11-23 16:57:37 - [MESSAGE][INFO] - Finding Test Object 'Object Repository/Olusturma/Genel/Olusturma/EklenenSatirCarpiImage'

2021-11-23 16:57:37 - [MESSAGE][INFO] - Checking object

2021-11-23 16:57:37 - [MESSAGE][INFO] - Checking timeout

2021-11-23 16:57:37 - [MESSAGE][INFO] - Finding web element from Test Object's properties

2021-11-23 16:57:37 - [MESSAGE][INFO] - Checking timeout

2021-11-23 16:57:37 - [MESSAGE][INFO] - Finding web element with id: 'Object Repository/Olusturma/Genel/Olusturma/EklenenSatirCarpiImage' located by 'By.cssSelector: .fa.fa-times.fa-lg.text-primary' in '10' second(s)

2021-11-23 16:57:37 - [MESSAGE][INFO] - Smart Wait Function is triggered

2021-11-23 16:57:37 - [MESSAGE][INFO] - Smart Wait Function is triggered

2021-11-23 16:57:38 - [MESSAGE][INFO] - Found 1 web elements with id: 'Object Repository/Olusturma/Genel/Olusturma/EklenenSatirCarpiImage' located by 'By.cssSelector: .fa.fa-times.fa-lg.text-primary' in '10' second(s)

2021-11-23 16:57:38 - [MESSAGE][PASSED] - Object 'Object Repository/Olusturma/Genel/Olusturma/EklenenSatirCarpiImage' is clickable

2021-11-23 16:57:38 - [MESSAGE][PASSED] - Call Test Case 'Test Cases/Olusturma/Genel/EkleButonunaBasilir' successfully

2021-11-23 16:57:38 - [MESSAGE][INFO] - Checking called Test Case

2021-11-23 16:57:38 - [MESSAGE][INFO] - Starting to call Test Case 'Test Cases/Olusturma/Genel/Olusturma'

2021-11-23 16:57:38 - [TEST_CASE][PASSED] - Test Cases/Olusturma/Genel/Olusturma: Test Cases/Olusturma/Genel/Olusturma

2021-11-23 16:57:38 - [TEST_STEP][PASSED] - driver = getWebDriver(): null

2021-11-23 16:57:38 - [TEST_STEP][PASSED] - action = new org.openqa.selenium.interactions.Actions(driver): null

2021-11-23 16:57:38 - [TEST_STEP][PASSED] - baslikElement = <not implemented yet for class: org.codehaus.groovy.ast.expr.EmptyExpression>: null

2021-11-23 16:57:38 - [TEST_STEP][PASSED] - sonElement = <not implemented yet for class: org.codehaus.groovy.ast.expr.EmptyExpression>: null

2021-11-23 16:57:38 - [TEST_STEP][PASSED] - attr = <not implemented yet for class: org.codehaus.groovy.ast.expr.EmptyExpression>: null

2021-11-23 16:57:38 - [TEST_STEP][PASSED] - a = 0: null

2021-11-23 16:57:38 - [TEST_STEP][PASSED] - elements = findWebElements(findTestObject("Object Repository/Olusturma/Genel/Olusturma/TabloBasliklari"), 10): Found 12 web elements with id: 'Object Repository/Olusturma/Genel/Olusturma/TabloBasliklari' located by 'By.cssSelector: div#divmalhizmet .dxgvTable_LECustomTheme td.dxgvHeader_LECustomTheme tr>td:nth-child(1)' in '10' second(s)

2021-11-23 16:57:38 - [MESSAGE][INFO] - Finding Test Object 'Object Repository/Olusturma/Genel/Olusturma/TabloBasliklari'

2021-11-23 16:57:38 - [MESSAGE][INFO] - Checking timeout

2021-11-23 16:57:38 - [MESSAGE][INFO] - Finding web element with id: 'Object Repository/Olusturma/Genel/Olusturma/TabloBasliklari' located by 'By.cssSelector: div#divmalhizmet .dxgvTable_LECustomTheme td.dxgvHeader_LECustomTheme tr>td:nth-child(1)' in '10' second(s)

2021-11-23 16:57:38 - [MESSAGE][INFO] - Smart Wait Function is triggered

2021-11-23 16:57:39 - [MESSAGE][INFO] - Found 12 web elements with id: 'Object Repository/Olusturma/Genel/Olusturma/TabloBasliklari' located by 'By.cssSelector: div#divmalhizmet .dxgvTable_LECustomTheme td.dxgvHeader_LECustomTheme tr>td:nth-child(1)' in '10' second(s)

2021-11-23 16:57:39 - [TEST_STEP][PASSED] - for (def element : elements): null

2021-11-23 16:57:39 - [TEST_STEP][PASSED] - build().perform(): null

2021-11-23 16:57:39 - [TEST_STEP][PASSED] - if (getText().equals(Baslik)): null

2021-11-23 16:57:39 - [TEST_STEP][PASSED] - baslikElement = element.findElement(By.xpath("../../../..")): Smart Wait Function is triggered

2021-11-23 16:57:39 - [MESSAGE][INFO] - Smart Wait Function is triggered

2021-11-23 16:57:39 - [TEST_STEP][PASSED] - attr = baslikElement.getAttribute("id"): null

2021-11-23 16:57:39 - [TEST_STEP][PASSED] - println("girdi ve idsini aldı = " + attr): null

2021-11-23 16:57:39 - [TEST_STEP][PASSED] - break: null

2021-11-23 16:57:39 - [TEST_STEP][PASSED] - countElement = baslikElement.findElements(By.xpath("../td")): Smart Wait Function is triggered

2021-11-23 16:57:39 - [MESSAGE][INFO] - Smart Wait Function is triggered

2021-11-23 16:57:39 - [TEST_STEP][PASSED] - for (def element : countElement): null

2021-11-23 16:57:39 - [TEST_STEP][PASSED] - if (toString().equals(attr.toString())): null

2021-11-23 16:57:39 - [TEST_STEP][PASSED] - (a++): null

2021-11-23 16:57:39 - [TEST_STEP][PASSED] - if (toString().equals(attr.toString())): null

2021-11-23 16:57:39 - [TEST_STEP][PASSED] - break: null

2021-11-23 16:57:39 - [TEST_STEP][PASSED] - son = findWebElement(findTestObject("Object Repository/Olusturma/Genel/Olusturma/EklenenSatir")).findElement(By.xpath("td[@class='dxgvInlineEditCell_LECustomTheme dxgv'][" + a + "]//td[@class='dxic']/input")): Smart Wait Function is triggered

2021-11-23 16:57:39 - [MESSAGE][INFO] - Finding Test Object 'Object Repository/Olusturma/Genel/Olusturma/EklenenSatir'

2021-11-23 16:57:39 - [MESSAGE][INFO] - Finding web element from Test Object's properties

2021-11-23 16:57:39 - [MESSAGE][INFO] - Checking timeout

2021-11-23 16:57:39 - [MESSAGE][INFO] - Finding web element with id: 'Object Repository/Olusturma/Genel/Olusturma/EklenenSatir' located by 'By.cssSelector: #divmalhizmet .dxgvInlineEditRow_LECustomTheme' in '30' second(s)

2021-11-23 16:57:39 - [MESSAGE][INFO] - Smart Wait Function is triggered

2021-11-23 16:57:40 - [MESSAGE][INFO] - Found 1 web elements with id: 'Object Repository/Olusturma/Genel/Olusturma/EklenenSatir' located by 'By.cssSelector: #divmalhizmet .dxgvInlineEditRow_LECustomTheme' in '30' second(s)

2021-11-23 16:57:40 - [MESSAGE][INFO] - Smart Wait Function is triggered

2021-11-23 16:57:40 - [TEST_STEP][PASSED] - if (!(getAttribute("value").contains("Vkn"))): null

2021-11-23 16:57:40 - [TEST_STEP][PASSED] - son.clear(): null

2021-11-23 16:57:40 - [TEST_STEP][PASSED] - son.sendKeys(Deger): null

2021-11-23 16:57:40 - [MESSAGE][PASSED] - Call Test Case 'Test Cases/Olusturma/Genel/Olusturma' successfully

2021-11-23 16:57:40 - [MESSAGE][INFO] - Checking called Test Case

2021-11-23 16:57:40 - [MESSAGE][INFO] - Starting to call Test Case 'Test Cases/Olusturma/Genel/Olusturma'

2021-11-23 16:57:40 - [TEST_CASE][PASSED] - Test Cases/Olusturma/Genel/Olusturma: Test Cases/Olusturma/Genel/Olusturma

2021-11-23 16:57:40 - [TEST_STEP][PASSED] - driver = getWebDriver(): null

2021-11-23 16:57:40 - [TEST_STEP][PASSED] - action = new org.openqa.selenium.interactions.Actions(driver): null

2021-11-23 16:57:40 - [TEST_STEP][PASSED] - baslikElement = <not implemented yet for class: org.codehaus.groovy.ast.expr.EmptyExpression>: null

2021-11-23 16:57:40 - [TEST_STEP][PASSED] - sonElement = <not implemented yet for class: org.codehaus.groovy.ast.expr.EmptyExpression>: null

2021-11-23 16:57:40 - [TEST_STEP][PASSED] - attr = <not implemented yet for class: org.codehaus.groovy.ast.expr.EmptyExpression>: null

2021-11-23 16:57:40 - [TEST_STEP][PASSED] - a = 0: null

2021-11-23 16:57:40 - [TEST_STEP][PASSED] - elements = findWebElements(findTestObject("Object Repository/Olusturma/Genel/Olusturma/TabloBasliklari"), 10): Found 12 web elements with id: 'Object Repository/Olusturma/Genel/Olusturma/TabloBasliklari' located by 'By.cssSelector: div#divmalhizmet .dxgvTable_LECustomTheme td.dxgvHeader_LECustomTheme tr>td:nth-child(1)' in '10' second(s)

2021-11-23 16:57:40 - [MESSAGE][INFO] - Finding Test Object 'Object Repository/Olusturma/Genel/Olusturma/TabloBasliklari'

2021-11-23 16:57:40 - [MESSAGE][INFO] - Checking timeout

2021-11-23 16:57:40 - [MESSAGE][INFO] - Finding web element with id: 'Object Repository/Olusturma/Genel/Olusturma/TabloBasliklari' located by 'By.cssSelector: div#divmalhizmet .dxgvTable_LECustomTheme td.dxgvHeader_LECustomTheme tr>td:nth-child(1)' in '10' second(s)

2021-11-23 16:57:40 - [MESSAGE][INFO] - Smart Wait Function is triggered

2021-11-23 16:57:41 - [MESSAGE][INFO] - Found 12 web elements with id: 'Object Repository/Olusturma/Genel/Olusturma/TabloBasliklari' located by 'By.cssSelector: div#divmalhizmet .dxgvTable_LECustomTheme td.dxgvHeader_LECustomTheme tr>td:nth-child(1)' in '10' second(s)

2021-11-23 16:57:41 - [TEST_STEP][PASSED] - for (def element : elements): null

2021-11-23 16:57:41 - [TEST_STEP][PASSED] - build().perform(): null

2021-11-23 16:57:41 - [TEST_STEP][PASSED] - if (getText().equals(Baslik)): null

2021-11-23 16:57:41 - [TEST_STEP][PASSED] - build().perform(): null

2021-11-23 16:57:41 - [TEST_STEP][PASSED] - if (getText().equals(Baslik)): null

2021-11-23 16:57:41 - [TEST_STEP][PASSED] - baslikElement = element.findElement(By.xpath("../../../..")): Smart Wait Function is triggered

2021-11-23 16:57:41 - [MESSAGE][INFO] - Smart Wait Function is triggered

2021-11-23 16:57:41 - [TEST_STEP][PASSED] - attr = baslikElement.getAttribute("id"): null

2021-11-23 16:57:41 - [TEST_STEP][PASSED] - println("girdi ve idsini aldı = " + attr): null

2021-11-23 16:57:41 - [TEST_STEP][PASSED] - break: null

2021-11-23 16:57:41 - [TEST_STEP][PASSED] - countElement = baslikElement.findElements(By.xpath("../td")): Smart Wait Function is triggered

2021-11-23 16:57:41 - [MESSAGE][INFO] - Smart Wait Function is triggered

2021-11-23 16:57:41 - [TEST_STEP][PASSED] - for (def element : countElement): null

2021-11-23 16:57:41 - [TEST_STEP][PASSED] - if (toString().equals(attr.toString())): null

2021-11-23 16:57:41 - [TEST_STEP][PASSED] - (a++): null

2021-11-23 16:57:41 - [TEST_STEP][PASSED] - if (toString().equals(attr.toString())): null

2021-11-23 16:57:41 - [TEST_STEP][PASSED] - (a++): null

2021-11-23 16:57:41 - [TEST_STEP][PASSED] - if (toString().equals(attr.toString())): null

2021-11-23 16:57:42 - [TEST_STEP][PASSED] - break: null

2021-11-23 16:57:42 - [TEST_STEP][PASSED] - son = findWebElement(findTestObject("Object Repository/Olusturma/Genel/Olusturma/EklenenSatir")).findElement(By.xpath("td[@class='dxgvInlineEditCell_LECustomTheme dxgv'][" + a + "]//td[@class='dxic']/input")): Smart Wait Function is triggered

2021-11-23 16:57:42 - [MESSAGE][INFO] - Finding Test Object 'Object Repository/Olusturma/Genel/Olusturma/EklenenSatir'

2021-11-23 16:57:42 - [MESSAGE][INFO] - Finding web element from Test Object's properties

2021-11-23 16:57:42 - [MESSAGE][INFO] - Checking timeout

2021-11-23 16:57:42 - [MESSAGE][INFO] - Finding web element with id: 'Object Repository/Olusturma/Genel/Olusturma/EklenenSatir' located by 'By.cssSelector: #divmalhizmet .dxgvInlineEditRow_LECustomTheme' in '30' second(s)

2021-11-23 16:57:42 - [MESSAGE][INFO] - Smart Wait Function is triggered

2021-11-23 16:57:42 - [MESSAGE][INFO] - Found 1 web elements with id: 'Object Repository/Olusturma/Genel/Olusturma/EklenenSatir' located by 'By.cssSelector: #divmalhizmet .dxgvInlineEditRow_LECustomTheme' in '30' second(s)

2021-11-23 16:57:42 - [MESSAGE][INFO] - Smart Wait Function is triggered

2021-11-23 16:57:42 - [TEST_STEP][PASSED] - if (!(getAttribute("value").contains("Vkn"))): null

2021-11-23 16:57:42 - [TEST_STEP][PASSED] - son.clear(): null

2021-11-23 16:57:42 - [TEST_STEP][PASSED] - son.sendKeys(Deger): null

2021-11-23 16:57:42 - [MESSAGE][PASSED] - Call Test Case 'Test Cases/Olusturma/Genel/Olusturma' successfully

2021-11-23 16:57:42 - [MESSAGE][INFO] - Checking called Test Case

2021-11-23 16:57:42 - [MESSAGE][INFO] - Starting to call Test Case 'Test Cases/Olusturma/Genel/Olusturma'

2021-11-23 16:57:42 - [TEST_CASE][PASSED] - Test Cases/Olusturma/Genel/Olusturma: Test Cases/Olusturma/Genel/Olusturma

2021-11-23 16:57:42 - [TEST_STEP][PASSED] - driver = getWebDriver(): null

2021-11-23 16:57:42 - [TEST_STEP][PASSED] - action = new org.openqa.selenium.interactions.Actions(driver): null

2021-11-23 16:57:42 - [TEST_STEP][PASSED] - baslikElement = <not implemented yet for class: org.codehaus.groovy.ast.expr.EmptyExpression>: null

2021-11-23 16:57:42 - [TEST_STEP][PASSED] - sonElement = <not implemented yet for class: org.codehaus.groovy.ast.expr.EmptyExpression>: null

2021-11-23 16:57:42 - [TEST_STEP][PASSED] - attr = <not implemented yet for class: org.codehaus.groovy.ast.expr.EmptyExpression>: null

2021-11-23 16:57:42 - [TEST_STEP][PASSED] - a = 0: null

2021-11-23 16:57:42 - [TEST_STEP][PASSED] - elements = findWebElements(findTestObject("Object Repository/Olusturma/Genel/Olusturma/TabloBasliklari"), 10): Found 12 web elements with id: 'Object Repository/Olusturma/Genel/Olusturma/TabloBasliklari' located by 'By.cssSelector: div#divmalhizmet .dxgvTable_LECustomTheme td.dxgvHeader_LECustomTheme tr>td:nth-child(1)' in '10' second(s)

2021-11-23 16:57:42 - [MESSAGE][INFO] - Finding Test Object 'Object Repository/Olusturma/Genel/Olusturma/TabloBasliklari'

2021-11-23 16:57:42 - [MESSAGE][INFO] - Checking timeout

2021-11-23 16:57:42 - [MESSAGE][INFO] - Finding web element with id: 'Object Repository/Olusturma/Genel/Olusturma/TabloBasliklari' located by 'By.cssSelector: div#divmalhizmet .dxgvTable_LECustomTheme td.dxgvHeader_LECustomTheme tr>td:nth-child(1)' in '10' second(s)

2021-11-23 16:57:42 - [MESSAGE][INFO] - Smart Wait Function is triggered

2021-11-23 16:57:43 - [MESSAGE][INFO] - Found 12 web elements with id: 'Object Repository/Olusturma/Genel/Olusturma/TabloBasliklari' located by 'By.cssSelector: div#divmalhizmet .dxgvTable_LECustomTheme td.dxgvHeader_LECustomTheme tr>td:nth-child(1)' in '10' second(s)

2021-11-23 16:57:43 - [TEST_STEP][PASSED] - for (def element : elements): null

2021-11-23 16:57:43 - [TEST_STEP][PASSED] - build().perform(): null

2021-11-23 16:57:43 - [TEST_STEP][PASSED] - if (getText().equals(Baslik)): null

2021-11-23 16:57:43 - [TEST_STEP][PASSED] - build().perform(): null

2021-11-23 16:57:43 - [TEST_STEP][PASSED] - if (getText().equals(Baslik)): null

2021-11-23 16:57:43 - [TEST_STEP][PASSED] - build().perform(): null

2021-11-23 16:57:43 - [TEST_STEP][PASSED] - if (getText().equals(Baslik)): null

2021-11-23 16:57:43 - [TEST_STEP][PASSED] - baslikElement = element.findElement(By.xpath("../../../..")): Smart Wait Function is triggered

2021-11-23 16:57:43 - [MESSAGE][INFO] - Smart Wait Function is triggered

2021-11-23 16:57:43 - [TEST_STEP][PASSED] - attr = baslikElement.getAttribute("id"): null

2021-11-23 16:57:43 - [TEST_STEP][PASSED] - println("girdi ve idsini aldı = " + attr): null

2021-11-23 16:57:43 - [TEST_STEP][PASSED] - break: null

2021-11-23 16:57:43 - [TEST_STEP][PASSED] - countElement = baslikElement.findElements(By.xpath("../td")): Smart Wait Function is triggered

2021-11-23 16:57:43 - [MESSAGE][INFO] - Smart Wait Function is triggered

2021-11-23 16:57:44 - [TEST_STEP][PASSED] - for (def element : countElement): null

2021-11-23 16:57:44 - [TEST_STEP][PASSED] - if (toString().equals(attr.toString())): null

2021-11-23 16:57:44 - [TEST_STEP][PASSED] - (a++): null

2021-11-23 16:57:44 - [TEST_STEP][PASSED] - if (toString().equals(attr.toString())): null

2021-11-23 16:57:44 - [TEST_STEP][PASSED] - (a++): null

2021-11-23 16:57:44 - [TEST_STEP][PASSED] - if (toString().equals(attr.toString())): null

2021-11-23 16:57:44 - [TEST_STEP][PASSED] - (a++): null

2021-11-23 16:57:44 - [TEST_STEP][PASSED] - if (toString().equals(attr.toString())): null

2021-11-23 16:57:44 - [TEST_STEP][PASSED] - break: null

2021-11-23 16:57:44 - [TEST_STEP][PASSED] - son = findWebElement(findTestObject("Object Repository/Olusturma/Genel/Olusturma/EklenenSatir")).findElement(By.xpath("td[@class='dxgvInlineEditCell_LECustomTheme dxgv'][" + a + "]//td[@class='dxic']/input")): Smart Wait Function is triggered

2021-11-23 16:57:44 - [MESSAGE][INFO] - Finding Test Object 'Object Repository/Olusturma/Genel/Olusturma/EklenenSatir'

2021-11-23 16:57:44 - [MESSAGE][INFO] - Finding web element from Test Object's properties

2021-11-23 16:57:44 - [MESSAGE][INFO] - Checking timeout

2021-11-23 16:57:44 - [MESSAGE][INFO] - Finding web element with id: 'Object Repository/Olusturma/Genel/Olusturma/EklenenSatir' located by 'By.cssSelector: #divmalhizmet .dxgvInlineEditRow_LECustomTheme' in '30' second(s)

2021-11-23 16:57:44 - [MESSAGE][INFO] - Smart Wait Function is triggered

2021-11-23 16:57:44 - [MESSAGE][INFO] - Found 1 web elements with id: 'Object Repository/Olusturma/Genel/Olusturma/EklenenSatir' located by 'By.cssSelector: #divmalhizmet .dxgvInlineEditRow_LECustomTheme' in '30' second(s)

2021-11-23 16:57:44 - [MESSAGE][INFO] - Smart Wait Function is triggered

2021-11-23 16:57:44 - [TEST_STEP][PASSED] - if (!(getAttribute("value").contains("Vkn"))): null

2021-11-23 16:57:44 - [TEST_STEP][PASSED] - son.clear(): null

2021-11-23 16:57:45 - [TEST_STEP][PASSED] - son.sendKeys(Deger): null

2021-11-23 16:57:45 - [MESSAGE][PASSED] - Call Test Case 'Test Cases/Olusturma/Genel/Olusturma' successfully

2021-11-23 16:57:45 - [MESSAGE][INFO] - Checking called Test Case

2021-11-23 16:57:45 - [MESSAGE][INFO] - Starting to call Test Case 'Test Cases/Olusturma/Genel/NotGirilir'

2021-11-23 16:57:45 - [TEST_CASE][PASSED] - Test Cases/Olusturma/Genel/NotGirilir: Test Cases/Olusturma/Genel/NotGirilir

2021-11-23 16:57:45 - [TEST_STEP][PASSED] - i = 0: null

2021-11-23 16:57:45 - [TEST_STEP][PASSED] - waitForElementClickable(findTestObject("Olusturma/Genel/Not/Notlar"), 10): Object 'Object Repository/Olusturma/Genel/Not/Notlar' is clickable

2021-11-23 16:57:45 - [MESSAGE][INFO] - Finding Test Object 'Object Repository/Olusturma/Genel/Not/Notlar'

2021-11-23 16:57:45 - [MESSAGE][INFO] - Checking object

2021-11-23 16:57:45 - [MESSAGE][INFO] - Checking timeout

2021-11-23 16:57:45 - [MESSAGE][INFO] - Finding web element from Test Object's properties

2021-11-23 16:57:45 - [MESSAGE][INFO] - Checking timeout

2021-11-23 16:57:45 - [MESSAGE][INFO] - Finding web element with id: 'Object Repository/Olusturma/Genel/Not/Notlar' located by 'By.xpath: //*[@id = 'txtNote_I']' in '10' second(s)

2021-11-23 16:57:45 - [MESSAGE][INFO] - Smart Wait Function is triggered

2021-11-23 16:57:45 - [MESSAGE][INFO] - Found 1 web elements with id: 'Object Repository/Olusturma/Genel/Not/Notlar' located by 'By.xpath: //*[@id = 'txtNote_I']' in '10' second(s)

2021-11-23 16:57:45 - [MESSAGE][PASSED] - Object 'Object Repository/Olusturma/Genel/Not/Notlar' is clickable

2021-11-23 16:57:45 - [TEST_STEP][PASSED] - clearText(findTestObject("Olusturma/Genel/Not/Notlar")): Text of object 'Object Repository/Olusturma/Genel/Not/Notlar' is cleared

2021-11-23 16:57:45 - [MESSAGE][INFO] - Finding Test Object 'Object Repository/Olusturma/Genel/Not/Notlar'

2021-11-23 16:57:45 - [MESSAGE][INFO] - Checking object

2021-11-23 16:57:45 - [MESSAGE][INFO] - Finding web element from Test Object's properties

2021-11-23 16:57:45 - [MESSAGE][INFO] - Checking timeout

2021-11-23 16:57:45 - [MESSAGE][INFO] - Finding web element with id: 'Object Repository/Olusturma/Genel/Not/Notlar' located by 'By.xpath: //*[@id = 'txtNote_I']' in '30' second(s)

2021-11-23 16:57:45 - [MESSAGE][INFO] - Smart Wait Function is triggered

2021-11-23 16:57:45 - [MESSAGE][INFO] - Found 1 web elements with id: 'Object Repository/Olusturma/Genel/Not/Notlar' located by 'By.xpath: //*[@id = 'txtNote_I']' in '30' second(s)

2021-11-23 16:57:45 - [MESSAGE][INFO] - Clearing text of object 'Object Repository/Olusturma/Genel/Not/Notlar'

2021-11-23 16:57:46 - [MESSAGE][PASSED] - Text of object 'Object Repository/Olusturma/Genel/Not/Notlar' is cleared

2021-11-23 16:57:46 - [TEST_STEP][PASSED] - click(findTestObject("Olusturma/Genel/Not/Notlar")): Object: 'Object Repository/Olusturma/Genel/Not/Notlar' is clicked on

2021-11-23 16:57:46 - [MESSAGE][INFO] - Finding Test Object 'Object Repository/Olusturma/Genel/Not/Notlar'

2021-11-23 16:57:46 - [MESSAGE][INFO] - Checking object

2021-11-23 16:57:46 - [MESSAGE][INFO] - Finding web element from Test Object's properties

2021-11-23 16:57:46 - [MESSAGE][INFO] - Checking timeout

2021-11-23 16:57:46 - [MESSAGE][INFO] - Finding web element with id: 'Object Repository/Olusturma/Genel/Not/Notlar' located by 'By.xpath: //*[@id = 'txtNote_I']' in '30' second(s)

2021-11-23 16:57:46 - [MESSAGE][INFO] - Smart Wait Function is triggered

2021-11-23 16:57:46 - [MESSAGE][INFO] - Found 1 web elements with id: 'Object Repository/Olusturma/Genel/Not/Notlar' located by 'By.xpath: //*[@id = 'txtNote_I']' in '30' second(s)

2021-11-23 16:57:46 - [MESSAGE][INFO] - Clicking on object: 'Object Repository/Olusturma/Genel/Not/Notlar'

2021-11-23 16:57:46 - [MESSAGE][PASSED] - Object: 'Object Repository/Olusturma/Genel/Not/Notlar' is clicked on

2021-11-23 16:57:46 - [TEST_STEP][PASSED] - while (true): null

2021-11-23 16:57:46 - [TEST_STEP][PASSED] - delay(1): Delayed 1 second(s)

2021-11-23 16:57:46 - [MESSAGE][INFO] - Delaying browser in 1 second(s)

2021-11-23 16:57:47 - [MESSAGE][PASSED] - Delayed 1 second(s)

2021-11-23 16:57:47 - [TEST_STEP][PASSED] - ajaxIsComplete = executeJavaScript("return jQuery.active == 0", null): Execute JavaScript 'return jQuery.active == 0' successfully

2021-11-23 16:57:47 - [MESSAGE][PASSED] - Execute JavaScript 'return jQuery.active == 0' successfully

2021-11-23 16:57:47 - [TEST_STEP][PASSED] - if (ajaxIsComplete): null

2021-11-23 16:57:47 - [TEST_STEP][PASSED] - break: null

2021-11-23 16:57:47 - [TEST_STEP][PASSED] - sendKeys(findTestObject("Olusturma/Genel/Not/Notlar"), Not): Keys 'Otomasyon Not' sent to object: 'Object Repository/Olusturma/Genel/Not/Notlar'

2021-11-23 16:57:47 - [MESSAGE][INFO] - Finding Test Object 'Object Repository/Olusturma/Genel/Not/Notlar'

2021-11-23 16:57:47 - [MESSAGE][INFO] - Sending keys 'Otomasyon Not' to object: 'Object Repository/Olusturma/Genel/Not/Notlar'

2021-11-23 16:57:47 - [MESSAGE][INFO] - Finding web element from Test Object's properties

2021-11-23 16:57:47 - [MESSAGE][INFO] - Checking timeout

2021-11-23 16:57:47 - [MESSAGE][INFO] - Finding web element with id: 'Object Repository/Olusturma/Genel/Not/Notlar' located by 'By.xpath: //*[@id = 'txtNote_I']' in '30' second(s)

2021-11-23 16:57:47 - [MESSAGE][INFO] - Smart Wait Function is triggered

2021-11-23 16:57:47 - [MESSAGE][INFO] - Found 1 web elements with id: 'Object Repository/Olusturma/Genel/Not/Notlar' located by 'By.xpath: //*[@id = 'txtNote_I']' in '30' second(s)

2021-11-23 16:57:47 - [MESSAGE][PASSED] - Keys 'Otomasyon Not' sent to object: 'Object Repository/Olusturma/Genel/Not/Notlar'

2021-11-23 16:57:47 - [MESSAGE][PASSED] - Call Test Case 'Test Cases/Olusturma/Genel/NotGirilir' successfully

2021-11-23 16:57:47 - [MESSAGE][INFO] - Checking called Test Case

2021-11-23 16:57:47 - [MESSAGE][INFO] - Starting to call Test Case 'Test Cases/Olusturma/Genel/EttnBilgisiKayitEdilir'

2021-11-23 16:57:48 - [TEST_CASE][PASSED] - Test Cases/Olusturma/Genel/EttnBilgisiKayitEdilir: Test Cases/Olusturma/Genel/EttnBilgisiKayitEdilir

2021-11-23 16:57:48 - [TEST_STEP][PASSED] - verifyElementPresent(findTestObject("Object Repository/Olusturma/Genel/Olusturma/eArsivEttnBilgisi"), 7): Object 'Object Repository/Olusturma/Genel/Olusturma/eArsivEttnBilgisi' is present

2021-11-23 16:57:48 - [MESSAGE][INFO] - Finding Test Object 'Object Repository/Olusturma/Genel/Olusturma/eArsivEttnBilgisi'

2021-11-23 16:57:48 - [MESSAGE][INFO] - Checking object

2021-11-23 16:57:48 - [MESSAGE][INFO] - Finding web element from Test Object's properties

2021-11-23 16:57:48 - [MESSAGE][INFO] - Checking timeout

2021-11-23 16:57:48 - [MESSAGE][INFO] - Finding web element with id: 'Object Repository/Olusturma/Genel/Olusturma/eArsivEttnBilgisi' located by 'By.xpath: //*[@id = 'Uuid_I']' in '7' second(s)

2021-11-23 16:57:48 - [MESSAGE][INFO] - Smart Wait Function is triggered

2021-11-23 16:57:48 - [MESSAGE][INFO] - Found 1 web elements with id: 'Object Repository/Olusturma/Genel/Olusturma/eArsivEttnBilgisi' located by 'By.xpath: //*[@id = 'Uuid_I']' in '7' second(s)

2021-11-23 16:57:48 - [MESSAGE][PASSED] - Object 'Object Repository/Olusturma/Genel/Olusturma/eArsivEttnBilgisi' is present

2021-11-23 16:57:48 - [TEST_STEP][PASSED] - ettn = getAttribute(findTestObject("Object Repository/Olusturma/Genel/Olusturma/eArsivEttnBilgisi"), "value"): Attribute 'value' of object 'Object Repository/Olusturma/Genel/Olusturma/eArsivEttnBilgisi' is: 'c4683bf9-31c1-4ba6-be1a-9c62a46c7936'

2021-11-23 16:57:48 - [MESSAGE][INFO] - Finding Test Object 'Object Repository/Olusturma/Genel/Olusturma/eArsivEttnBilgisi'

2021-11-23 16:57:48 - [MESSAGE][INFO] - Checking object

2021-11-23 16:57:48 - [MESSAGE][INFO] - Checking attribute

2021-11-23 16:57:48 - [MESSAGE][INFO] - Finding web element from Test Object's properties

2021-11-23 16:57:48 - [MESSAGE][INFO] - Checking timeout

2021-11-23 16:57:48 - [MESSAGE][INFO] - Finding web element with id: 'Object Repository/Olusturma/Genel/Olusturma/eArsivEttnBilgisi' located by 'By.xpath: //*[@id = 'Uuid_I']' in '30' second(s)

2021-11-23 16:57:48 - [MESSAGE][INFO] - Smart Wait Function is triggered

2021-11-23 16:57:48 - [MESSAGE][INFO] - Found 1 web elements with id: 'Object Repository/Olusturma/Genel/Olusturma/eArsivEttnBilgisi' located by 'By.xpath: //*[@id = 'Uuid_I']' in '30' second(s)

2021-11-23 16:57:48 - [MESSAGE][INFO] - Getting attribute 'value' of object 'Object Repository/Olusturma/Genel/Olusturma/eArsivEttnBilgisi'

2021-11-23 16:57:48 - [MESSAGE][PASSED] - Attribute 'value' of object 'Object Repository/Olusturma/Genel/Olusturma/eArsivEttnBilgisi' is: 'c4683bf9-31c1-4ba6-be1a-9c62a46c7936'

2021-11-23 16:57:48 - [MESSAGE][PASSED] - Call Test Case 'Test Cases/Olusturma/Genel/EttnBilgisiKayitEdilir' successfully

2021-11-23 16:57:49 - [MESSAGE][INFO] - Checking called Test Case

2021-11-23 16:57:49 - [MESSAGE][INFO] - Starting to call Test Case 'Test Cases/Olusturma/Genel/KaydetButonunaTiklanir'

2021-11-23 16:57:49 - [TEST_CASE][PASSED] - Test Cases/Olusturma/Genel/KaydetButonunaTiklanir: Test Cases/Olusturma/Genel/KaydetButonunaTiklanir

2021-11-23 16:57:49 - [TEST_STEP][PASSED] - i = 0: null

2021-11-23 16:57:49 - [TEST_STEP][PASSED] - waitForElementPresent(findTestObject("Olusturma/Genel/Not/Notlar"), 10): Object 'Object Repository/Olusturma/Genel/Not/Notlar' is present

2021-11-23 16:57:49 - [MESSAGE][INFO] - Finding Test Object 'Object Repository/Olusturma/Genel/Not/Notlar'

2021-11-23 16:57:49 - [MESSAGE][INFO] - Checking object

2021-11-23 16:57:49 - [MESSAGE][INFO] - Finding web element from Test Object's properties

2021-11-23 16:57:49 - [MESSAGE][INFO] - Checking timeout

2021-11-23 16:57:49 - [MESSAGE][INFO] - Finding web element with id: 'Object Repository/Olusturma/Genel/Not/Notlar' located by 'By.xpath: //*[@id = 'txtNote_I']' in '10' second(s)

2021-11-23 16:57:49 - [MESSAGE][INFO] - Smart Wait Function is triggered

2021-11-23 16:57:49 - [MESSAGE][INFO] - Found 1 web elements with id: 'Object Repository/Olusturma/Genel/Not/Notlar' located by 'By.xpath: //*[@id = 'txtNote_I']' in '10' second(s)

2021-11-23 16:57:49 - [MESSAGE][PASSED] - Object 'Object Repository/Olusturma/Genel/Not/Notlar' is present

2021-11-23 16:57:49 - [TEST_STEP][PASSED] - click(findTestObject("Olusturma/Genel/Not/Notlar")): Object: 'Object Repository/Olusturma/Genel/Not/Notlar' is clicked on

2021-11-23 16:57:49 - [MESSAGE][INFO] - Finding Test Object 'Object Repository/Olusturma/Genel/Not/Notlar'

2021-11-23 16:57:49 - [MESSAGE][INFO] - Checking object

2021-11-23 16:57:49 - [MESSAGE][INFO] - Finding web element from Test Object's properties

2021-11-23 16:57:49 - [MESSAGE][INFO] - Checking timeout

2021-11-23 16:57:49 - [MESSAGE][INFO] - Finding web element with id: 'Object Repository/Olusturma/Genel/Not/Notlar' located by 'By.xpath: //*[@id = 'txtNote_I']' in '30' second(s)

2021-11-23 16:57:49 - [MESSAGE][INFO] - Smart Wait Function is triggered

2021-11-23 16:57:49 - [MESSAGE][INFO] - Found 1 web elements with id: 'Object Repository/Olusturma/Genel/Not/Notlar' located by 'By.xpath: //*[@id = 'txtNote_I']' in '30' second(s)

2021-11-23 16:57:49 - [MESSAGE][INFO] - Clicking on object: 'Object Repository/Olusturma/Genel/Not/Notlar'

2021-11-23 16:57:49 - [MESSAGE][PASSED] - Object: 'Object Repository/Olusturma/Genel/Not/Notlar' is clicked on

2021-11-23 16:57:49 - [TEST_STEP][PASSED] - while (true): null

2021-11-23 16:57:49 - [TEST_STEP][PASSED] - delay(1): Delayed 1 second(s)

2021-11-23 16:57:49 - [MESSAGE][INFO] - Delaying browser in 1 second(s)

2021-11-23 16:57:50 - [MESSAGE][PASSED] - Delayed 1 second(s)

2021-11-23 16:57:50 - [TEST_STEP][PASSED] - ajaxIsComplete = executeJavaScript("return jQuery.active == 0", null): Execute JavaScript 'return jQuery.active == 0' successfully

2021-11-23 16:57:50 - [MESSAGE][PASSED] - Execute JavaScript 'return jQuery.active == 0' successfully

2021-11-23 16:57:50 - [TEST_STEP][PASSED] - if (ajaxIsComplete): null

2021-11-23 16:57:50 - [TEST_STEP][PASSED] - break: null

2021-11-23 16:57:50 - [TEST_STEP][PASSED] - waitForElementClickable(findTestObject("Object Repository/Olusturma/Genel/Buton"), 10): Object 'Object Repository/Olusturma/Genel/Buton' is clickable

2021-11-23 16:57:50 - [MESSAGE][INFO] - Finding Test Object 'Object Repository/Olusturma/Genel/Buton'

2021-11-23 16:57:51 - [MESSAGE][INFO] - Checking object

2021-11-23 16:57:51 - [MESSAGE][INFO] - Checking timeout

2021-11-23 16:57:51 - [MESSAGE][INFO] - Finding web element from Test Object's properties

2021-11-23 16:57:51 - [MESSAGE][INFO] - Checking timeout

2021-11-23 16:57:51 - [MESSAGE][INFO] - Finding web element with id: 'Object Repository/Olusturma/Genel/Buton' located by 'By.xpath: //*[@id = 'btnKaydet']' in '10' second(s)

2021-11-23 16:57:51 - [MESSAGE][INFO] - Smart Wait Function is triggered

2021-11-23 16:57:51 - [MESSAGE][INFO] - Found 1 web elements with id: 'Object Repository/Olusturma/Genel/Buton' located by 'By.xpath: //*[@id = 'btnKaydet']' in '10' second(s)

2021-11-23 16:57:51 - [MESSAGE][PASSED] - Object 'Object Repository/Olusturma/Genel/Buton' is clickable

2021-11-23 16:57:51 - [TEST_STEP][PASSED] - click(findTestObject("Object Repository/Olusturma/Genel/Buton")): Object: 'Object Repository/Olusturma/Genel/Buton' is clicked on

2021-11-23 16:57:51 - [MESSAGE][INFO] - Finding Test Object 'Object Repository/Olusturma/Genel/Buton'

2021-11-23 16:57:51 - [MESSAGE][INFO] - Checking object

2021-11-23 16:57:51 - [MESSAGE][INFO] - Finding web element from Test Object's properties

2021-11-23 16:57:51 - [MESSAGE][INFO] - Checking timeout

2021-11-23 16:57:51 - [MESSAGE][INFO] - Finding web element with id: 'Object Repository/Olusturma/Genel/Buton' located by 'By.xpath: //*[@id = 'btnKaydet']' in '30' second(s)

2021-11-23 16:57:51 - [MESSAGE][INFO] - Smart Wait Function is triggered

2021-11-23 16:57:51 - [MESSAGE][INFO] - Found 1 web elements with id: 'Object Repository/Olusturma/Genel/Buton' located by 'By.xpath: //*[@id = 'btnKaydet']' in '30' second(s)

2021-11-23 16:57:51 - [MESSAGE][INFO] - Clicking on object: 'Object Repository/Olusturma/Genel/Buton'

2021-11-23 16:57:52 - [MESSAGE][PASSED] - Object: 'Object Repository/Olusturma/Genel/Buton' is clicked on

2021-11-23 16:57:52 - [MESSAGE][PASSED] - Call Test Case 'Test Cases/Olusturma/Genel/KaydetButonunaTiklanir' successfully

2021-11-23 16:57:52 - [MESSAGE][INFO] - Checking called Test Case

2021-11-23 16:57:52 - [MESSAGE][INFO] - Starting to call Test Case 'Test Cases/Tablo/TablodaUnvanliVeriOlusturulduMu'

2021-11-23 16:57:52 - [TEST_CASE][PASSED] - Test Cases/Tablo/TablodaUnvanliVeriOlusturulduMu: Test Cases/Tablo/TablodaUnvanliVeriOlusturulduMu

2021-11-23 16:57:52 - [TEST_STEP][PASSED] - waitForElementVisible(findTestObject("Tablo/OlusturulanVeri"), 10, STOP_ON_FAILURE): Object 'Object Repository/Tablo/OlusturulanVeri' is visible

2021-11-23 16:57:52 - [MESSAGE][INFO] - Finding Test Object 'Object Repository/Tablo/OlusturulanVeri'

2021-11-23 16:57:52 - [MESSAGE][INFO] - Checking object

2021-11-23 16:57:52 - [MESSAGE][INFO] - Checking timeout

2021-11-23 16:57:52 - [MESSAGE][INFO] - Finding web element from Test Object's properties

2021-11-23 16:57:52 - [MESSAGE][INFO] - Checking timeout

2021-11-23 16:57:52 - [MESSAGE][INFO] - Finding web element with id: 'Object Repository/Tablo/OlusturulanVeri' located by 'By.cssSelector: table.dxgvTable_LECustomTheme>tbody>tr:nth-child(3)>td.dxgv b,table.dxgvTable_LECustomTheme>tbody>tr:nth-child(3)>td.dxgv' in '10' second(s)

2021-11-23 16:57:52 - [MESSAGE][INFO] - Smart Wait Function is triggered

2021-11-23 16:57:53 - [MESSAGE][INFO] - Found 11 web elements with id: 'Object Repository/Tablo/OlusturulanVeri' located by 'By.cssSelector: table.dxgvTable_LECustomTheme>tbody>tr:nth-child(3)>td.dxgv b,table.dxgvTable_LECustomTheme>tbody>tr:nth-child(3)>td.dxgv' in '10' second(s)

2021-11-23 16:57:53 - [MESSAGE][PASSED] - Object 'Object Repository/Tablo/OlusturulanVeri' is visible

2021-11-23 16:57:53 - [TEST_STEP][PASSED] - Method.TextDegerineEsitElementVarMi(findTestObject("Tablo/OlusturulanVeri"), Unvan): Method.TextDegerineEsitElementVarMi is PASSED

2021-11-23 16:57:53 - [MESSAGE][INFO] - Finding Test Object 'Object Repository/Tablo/OlusturulanVeri'

2021-11-23 16:57:53 - [MESSAGE][INFO] - Checking timeout

2021-11-23 16:57:53 - [MESSAGE][INFO] - Finding web element with id: 'Object Repository/Tablo/OlusturulanVeri' located by 'By.cssSelector: table.dxgvTable_LECustomTheme>tbody>tr:nth-child(3)>td.dxgv b,table.dxgvTable_LECustomTheme>tbody>tr:nth-child(3)>td.dxgv' in '10' second(s)

2021-11-23 16:57:53 - [MESSAGE][INFO] - Smart Wait Function is triggered

2021-11-23 16:57:53 - [MESSAGE][INFO] - Found 11 web elements with id: 'Object Repository/Tablo/OlusturulanVeri' located by 'By.cssSelector: table.dxgvTable_LECustomTheme>tbody>tr:nth-child(3)>td.dxgv b,table.dxgvTable_LECustomTheme>tbody>tr:nth-child(3)>td.dxgv' in '10' second(s)

2021-11-23 16:57:53 - [MESSAGE][PASSED] - Method.TextDegerineEsitElementVarMi is PASSED

2021-11-23 16:57:53 - [MESSAGE][PASSED] - Call Test Case 'Test Cases/Tablo/TablodaUnvanliVeriOlusturulduMu' successfully

2021-11-23 16:57:53 - [MESSAGE][INFO] - Checking called Test Case

2021-11-23 16:57:53 - [MESSAGE][INFO] - Starting to call Test Case 'Test Cases/Tablo/TablodanVeriSec'

2021-11-23 16:57:53 - [TEST_CASE][PASSED] - Test Cases/Tablo/TablodanVeriSec: Test Cases/Tablo/TablodanVeriSec

2021-11-23 16:57:53 - [TEST_STEP][PASSED] - Method.TextDegerineEsitElementinAltindakineTikla(findTestObject("Tablo/Veriler"), findTestObject("Tablo/VerininCheckBoxi"), Veri_Adi): Method.TextDegerineEsitElementinAltindakineTikla is PASSED

2021-11-23 16:57:53 - [MESSAGE][INFO] - Finding Test Object 'Object Repository/Tablo/Veriler'

2021-11-23 16:57:53 - [MESSAGE][INFO] - Finding Test Object 'Object Repository/Tablo/VerininCheckBoxi'

2021-11-23 16:57:54 - [MESSAGE][INFO] - Checking timeout

2021-11-23 16:57:54 - [MESSAGE][INFO] - Finding web element with id: 'Object Repository/Tablo/Veriler' located by 'By.cssSelector: td.dxgv b ,td.dxgv' in '10' second(s)

2021-11-23 16:57:54 - [MESSAGE][INFO] - Smart Wait Function is triggered

2021-11-23 16:57:54 - [MESSAGE][INFO] - Found 88 web elements with id: 'Object Repository/Tablo/Veriler' located by 'By.cssSelector: td.dxgv b ,td.dxgv' in '10' second(s)

2021-11-23 16:57:54 - [MESSAGE][INFO] - Smart Wait Function is triggered

2021-11-23 16:57:54 - [MESSAGE][PASSED] - Method.TextDegerineEsitElementinAltindakineTikla is PASSED

2021-11-23 16:57:54 - [MESSAGE][PASSED] - Call Test Case 'Test Cases/Tablo/TablodanVeriSec' successfully

2021-11-23 16:57:54 - [MESSAGE][INFO] - Checking called Test Case

2021-11-23 16:57:54 - [MESSAGE][INFO] - Starting to call Test Case 'Test Cases/Butonlar/ButonaTikla'

2021-11-23 16:57:54 - [TEST_CASE][PASSED] - Test Cases/Butonlar/ButonaTikla: Test Cases/Butonlar/ButonaTikla

2021-11-23 16:57:54 - [TEST_STEP][PASSED] - Method.TextDegerineEsitElementeTiklaEquals(findTestObject("Butonlar/Butonlar"), Buton_Adi): Method.TextDegerineEsitElementeTiklaEquals is PASSED

2021-11-23 16:57:54 - [MESSAGE][INFO] - Finding Test Object 'Object Repository/Butonlar/Butonlar'

2021-11-23 16:57:54 - [MESSAGE][INFO] - Checking timeout

2021-11-23 16:57:54 - [MESSAGE][INFO] - Finding web element with id: 'Object Repository/Butonlar/Butonlar' located by 'By.cssSelector: .panel.panel-default.text-center.footerPanel .btn,.btn.btn-primary.btnControls' in '10' second(s)

2021-11-23 16:57:54 - [MESSAGE][INFO] - Smart Wait Function is triggered

2021-11-23 16:57:55 - [MESSAGE][INFO] - Found 7 web elements with id: 'Object Repository/Butonlar/Butonlar' located by 'By.cssSelector: .panel.panel-default.text-center.footerPanel .btn,.btn.btn-primary.btnControls' in '10' second(s)

2021-11-23 16:57:57 - [MESSAGE][PASSED] - Method.TextDegerineEsitElementeTiklaEquals is PASSED

2021-11-23 16:57:57 - [MESSAGE][PASSED] - Call Test Case 'Test Cases/Butonlar/ButonaTikla' successfully

2021-11-23 16:57:57 - [MESSAGE][INFO] - Checking called Test Case

2021-11-23 16:57:57 - [MESSAGE][INFO] - Starting to call Test Case 'Test Cases/Olusturma/Genel/GorselTasarimSayfasıBasligiIceriyorMu'

2021-11-23 16:57:57 - [TEST_CASE][PASSED] - Test Cases/Olusturma/Genel/GorselTasarimSayfasıBasligiIceriyorMu: Test Cases/Olusturma/Genel/GorselTasarimSayfasıBasligiIceriyorMu

2021-11-23 16:57:57 - [TEST_STEP][PASSED] - verifyElementText(findTestObject("Object Repository/Olusturma/Genel/GorselTasarimBaslik"), Baslik): Actual text and expected text of test object 'Object Repository/Olusturma/Genel/GorselTasarimBaslik' are matched.

2021-11-23 16:57:57 - [MESSAGE][INFO] - Finding Test Object 'Object Repository/Olusturma/Genel/GorselTasarimBaslik'

2021-11-23 16:57:57 - [MESSAGE][INFO] - Checking object

2021-11-23 16:57:57 - [MESSAGE][INFO] - Finding web element from Test Object's properties

2021-11-23 16:57:57 - [MESSAGE][INFO] - Checking timeout

2021-11-23 16:57:57 - [MESSAGE][INFO] - Finding web element with id: 'Object Repository/Olusturma/Genel/GorselTasarimBaslik' located by 'By.cssSelector: #flAlici_0>div>span' in '30' second(s)

2021-11-23 16:57:57 - [MESSAGE][INFO] - Smart Wait Function is triggered

2021-11-23 16:57:57 - [MESSAGE][INFO] - Found 1 web elements with id: 'Object Repository/Olusturma/Genel/GorselTasarimBaslik' located by 'By.cssSelector: #flAlici_0>div>span' in '30' second(s)

2021-11-23 16:57:57 - [MESSAGE][PASSED] - Actual text and expected text of test object 'Object Repository/Olusturma/Genel/GorselTasarimBaslik' are matched.

2021-11-23 16:57:57 - [MESSAGE][PASSED] - Call Test Case 'Test Cases/Olusturma/Genel/GorselTasarimSayfasıBasligiIceriyorMu' successfully

2021-11-23 16:57:57 - [MESSAGE][INFO] - Checking called Test Case

2021-11-23 16:57:57 - [MESSAGE][INFO] - Starting to call Test Case 'Test Cases/Olusturma/Genel/NotGirilir'

2021-11-23 16:57:58 - [TEST_CASE][PASSED] - Test Cases/Olusturma/Genel/NotGirilir: Test Cases/Olusturma/Genel/NotGirilir

2021-11-23 16:57:58 - [TEST_STEP][PASSED] - i = 0: null

2021-11-23 16:57:58 - [TEST_STEP][PASSED] - waitForElementClickable(findTestObject("Olusturma/Genel/Not/Notlar"), 10): Object 'Object Repository/Olusturma/Genel/Not/Notlar' is clickable

2021-11-23 16:57:58 - [MESSAGE][INFO] - Finding Test Object 'Object Repository/Olusturma/Genel/Not/Notlar'

2021-11-23 16:57:58 - [MESSAGE][INFO] - Checking object

2021-11-23 16:57:58 - [MESSAGE][INFO] - Checking timeout

2021-11-23 16:57:58 - [MESSAGE][INFO] - Finding web element from Test Object's properties

2021-11-23 16:57:58 - [MESSAGE][INFO] - Checking timeout

2021-11-23 16:57:58 - [MESSAGE][INFO] - Finding web element with id: 'Object Repository/Olusturma/Genel/Not/Notlar' located by 'By.xpath: //*[@id = 'txtNote_I']' in '10' second(s)

2021-11-23 16:57:58 - [MESSAGE][INFO] - Smart Wait Function is triggered

2021-11-23 16:57:58 - [MESSAGE][INFO] - Found 1 web elements with id: 'Object Repository/Olusturma/Genel/Not/Notlar' located by 'By.xpath: //*[@id = 'txtNote_I']' in '10' second(s)

2021-11-23 16:57:58 - [MESSAGE][PASSED] - Object 'Object Repository/Olusturma/Genel/Not/Notlar' is clickable

2021-11-23 16:57:58 - [TEST_STEP][PASSED] - clearText(findTestObject("Olusturma/Genel/Not/Notlar")): Text of object 'Object Repository/Olusturma/Genel/Not/Notlar' is cleared

2021-11-23 16:57:58 - [MESSAGE][INFO] - Finding Test Object 'Object Repository/Olusturma/Genel/Not/Notlar'

2021-11-23 16:57:58 - [MESSAGE][INFO] - Checking object

2021-11-23 16:57:58 - [MESSAGE][INFO] - Finding web element from Test Object's properties

2021-11-23 16:57:58 - [MESSAGE][INFO] - Checking timeout

2021-11-23 16:57:58 - [MESSAGE][INFO] - Finding web element with id: 'Object Repository/Olusturma/Genel/Not/Notlar' located by 'By.xpath: //*[@id = 'txtNote_I']' in '30' second(s)

2021-11-23 16:57:58 - [MESSAGE][INFO] - Smart Wait Function is triggered

2021-11-23 16:57:58 - [MESSAGE][INFO] - Found 1 web elements with id: 'Object Repository/Olusturma/Genel/Not/Notlar' located by 'By.xpath: //*[@id = 'txtNote_I']' in '30' second(s)

2021-11-23 16:57:58 - [MESSAGE][INFO] - Clearing text of object 'Object Repository/Olusturma/Genel/Not/Notlar'

2021-11-23 16:57:58 - [MESSAGE][PASSED] - Text of object 'Object Repository/Olusturma/Genel/Not/Notlar' is cleared

2021-11-23 16:57:58 - [TEST_STEP][PASSED] - click(findTestObject("Olusturma/Genel/Not/Notlar")): Object: 'Object Repository/Olusturma/Genel/Not/Notlar' is clicked on

2021-11-23 16:57:58 - [MESSAGE][INFO] - Finding Test Object 'Object Repository/Olusturma/Genel/Not/Notlar'

2021-11-23 16:57:58 - [MESSAGE][INFO] - Checking object

2021-11-23 16:57:58 - [MESSAGE][INFO] - Finding web element from Test Object's properties

2021-11-23 16:57:58 - [MESSAGE][INFO] - Checking timeout

2021-11-23 16:57:58 - [MESSAGE][INFO] - Finding web element with id: 'Object Repository/Olusturma/Genel/Not/Notlar' located by 'By.xpath: //*[@id = 'txtNote_I']' in '30' second(s)

2021-11-23 16:57:58 - [MESSAGE][INFO] - Smart Wait Function is triggered

2021-11-23 16:57:59 - [MESSAGE][INFO] - Found 1 web elements with id: 'Object Repository/Olusturma/Genel/Not/Notlar' located by 'By.xpath: //*[@id = 'txtNote_I']' in '30' second(s)

2021-11-23 16:57:59 - [MESSAGE][INFO] - Clicking on object: 'Object Repository/Olusturma/Genel/Not/Notlar'

2021-11-23 16:57:59 - [MESSAGE][PASSED] - Object: 'Object Repository/Olusturma/Genel/Not/Notlar' is clicked on

2021-11-23 16:57:59 - [TEST_STEP][PASSED] - while (true): null

2021-11-23 16:57:59 - [TEST_STEP][PASSED] - delay(1): Delayed 1 second(s)

2021-11-23 16:57:59 - [MESSAGE][INFO] - Delaying browser in 1 second(s)

2021-11-23 16:58:00 - [MESSAGE][PASSED] - Delayed 1 second(s)

2021-11-23 16:58:00 - [TEST_STEP][PASSED] - ajaxIsComplete = executeJavaScript("return jQuery.active == 0", null): Execute JavaScript 'return jQuery.active == 0' successfully

2021-11-23 16:58:00 - [MESSAGE][PASSED] - Execute JavaScript 'return jQuery.active == 0' successfully

2021-11-23 16:58:00 - [TEST_STEP][PASSED] - if (ajaxIsComplete): null

2021-11-23 16:58:00 - [TEST_STEP][PASSED] - break: null

2021-11-23 16:58:00 - [TEST_STEP][PASSED] - sendKeys(findTestObject("Olusturma/Genel/Not/Notlar"), Not): Keys 'Otomasyon Not Değiştir' sent to object: 'Object Repository/Olusturma/Genel/Not/Notlar'

2021-11-23 16:58:00 - [MESSAGE][INFO] - Finding Test Object 'Object Repository/Olusturma/Genel/Not/Notlar'

2021-11-23 16:58:00 - [MESSAGE][INFO] - Sending keys 'Otomasyon Not Değiştir' to object: 'Object Repository/Olusturma/Genel/Not/Notlar'

2021-11-23 16:58:00 - [MESSAGE][INFO] - Finding web element from Test Object's properties

2021-11-23 16:58:00 - [MESSAGE][INFO] - Checking timeout

2021-11-23 16:58:00 - [MESSAGE][INFO] - Finding web element with id: 'Object Repository/Olusturma/Genel/Not/Notlar' located by 'By.xpath: //*[@id = 'txtNote_I']' in '30' second(s)

2021-11-23 16:58:00 - [MESSAGE][INFO] - Smart Wait Function is triggered

2021-11-23 16:58:00 - [MESSAGE][INFO] - Found 1 web elements with id: 'Object Repository/Olusturma/Genel/Not/Notlar' located by 'By.xpath: //*[@id = 'txtNote_I']' in '30' second(s)

2021-11-23 16:58:00 - [MESSAGE][PASSED] - Keys 'Otomasyon Not Değiştir' sent to object: 'Object Repository/Olusturma/Genel/Not/Notlar'

2021-11-23 16:58:00 - [MESSAGE][PASSED] - Call Test Case 'Test Cases/Olusturma/Genel/NotGirilir' successfully

2021-11-23 16:58:00 - [MESSAGE][INFO] - Checking called Test Case

2021-11-23 16:58:00 - [MESSAGE][INFO] - Starting to call Test Case 'Test Cases/Olusturma/Genel/KaydetButonunaTiklanir'

2021-11-23 16:58:00 - [TEST_CASE][PASSED] - Test Cases/Olusturma/Genel/KaydetButonunaTiklanir: Test Cases/Olusturma/Genel/KaydetButonunaTiklanir

2021-11-23 16:58:00 - [TEST_STEP][PASSED] - i = 0: null

2021-11-23 16:58:00 - [TEST_STEP][PASSED] - waitForElementPresent(findTestObject("Olusturma/Genel/Not/Notlar"), 10): Object 'Object Repository/Olusturma/Genel/Not/Notlar' is present

2021-11-23 16:58:00 - [MESSAGE][INFO] - Finding Test Object 'Object Repository/Olusturma/Genel/Not/Notlar'

2021-11-23 16:58:01 - [MESSAGE][INFO] - Checking object

2021-11-23 16:58:01 - [MESSAGE][INFO] - Finding web element from Test Object's properties

2021-11-23 16:58:01 - [MESSAGE][INFO] - Checking timeout

2021-11-23 16:58:01 - [MESSAGE][INFO] - Finding web element with id: 'Object Repository/Olusturma/Genel/Not/Notlar' located by 'By.xpath: //*[@id = 'txtNote_I']' in '10' second(s)

2021-11-23 16:58:01 - [MESSAGE][INFO] - Smart Wait Function is triggered

2021-11-23 16:58:01 - [MESSAGE][INFO] - Found 1 web elements with id: 'Object Repository/Olusturma/Genel/Not/Notlar' located by 'By.xpath: //*[@id = 'txtNote_I']' in '10' second(s)

2021-11-23 16:58:01 - [MESSAGE][PASSED] - Object 'Object Repository/Olusturma/Genel/Not/Notlar' is present

2021-11-23 16:58:01 - [TEST_STEP][PASSED] - click(findTestObject("Olusturma/Genel/Not/Notlar")): Object: 'Object Repository/Olusturma/Genel/Not/Notlar' is clicked on

2021-11-23 16:58:01 - [MESSAGE][INFO] - Finding Test Object 'Object Repository/Olusturma/Genel/Not/Notlar'

2021-11-23 16:58:01 - [MESSAGE][INFO] - Checking object

2021-11-23 16:58:01 - [MESSAGE][INFO] - Finding web element from Test Object's properties

2021-11-23 16:58:01 - [MESSAGE][INFO] - Checking timeout

2021-11-23 16:58:01 - [MESSAGE][INFO] - Finding web element with id: 'Object Repository/Olusturma/Genel/Not/Notlar' located by 'By.xpath: //*[@id = 'txtNote_I']' in '30' second(s)

2021-11-23 16:58:01 - [MESSAGE][INFO] - Smart Wait Function is triggered

2021-11-23 16:58:01 - [MESSAGE][INFO] - Found 1 web elements with id: 'Object Repository/Olusturma/Genel/Not/Notlar' located by 'By.xpath: //*[@id = 'txtNote_I']' in '30' second(s)

2021-11-23 16:58:01 - [MESSAGE][INFO] - Clicking on object: 'Object Repository/Olusturma/Genel/Not/Notlar'

2021-11-23 16:58:01 - [MESSAGE][PASSED] - Object: 'Object Repository/Olusturma/Genel/Not/Notlar' is clicked on

2021-11-23 16:58:01 - [TEST_STEP][PASSED] - while (true): null

2021-11-23 16:58:01 - [TEST_STEP][PASSED] - delay(1): Delayed 1 second(s)

2021-11-23 16:58:01 - [MESSAGE][INFO] - Delaying browser in 1 second(s)

2021-11-23 16:58:02 - [MESSAGE][PASSED] - Delayed 1 second(s)

2021-11-23 16:58:02 - [TEST_STEP][PASSED] - ajaxIsComplete = executeJavaScript("return jQuery.active == 0", null): Execute JavaScript 'return jQuery.active == 0' successfully

2021-11-23 16:58:02 - [MESSAGE][PASSED] - Execute JavaScript 'return jQuery.active == 0' successfully

2021-11-23 16:58:02 - [TEST_STEP][PASSED] - if (ajaxIsComplete): null

2021-11-23 16:58:02 - [TEST_STEP][PASSED] - break: null

2021-11-23 16:58:02 - [TEST_STEP][PASSED] - waitForElementClickable(findTestObject("Object Repository/Olusturma/Genel/Buton"), 10): Object 'Object Repository/Olusturma/Genel/Buton' is clickable

2021-11-23 16:58:02 - [MESSAGE][INFO] - Finding Test Object 'Object Repository/Olusturma/Genel/Buton'

2021-11-23 16:58:03 - [MESSAGE][INFO] - Checking object

2021-11-23 16:58:03 - [MESSAGE][INFO] - Checking timeout

2021-11-23 16:58:03 - [MESSAGE][INFO] - Finding web element from Test Object's properties

2021-11-23 16:58:03 - [MESSAGE][INFO] - Checking timeout

2021-11-23 16:58:03 - [MESSAGE][INFO] - Finding web element with id: 'Object Repository/Olusturma/Genel/Buton' located by 'By.xpath: //*[@id = 'btnKaydet']' in '10' second(s)

2021-11-23 16:58:03 - [MESSAGE][INFO] - Smart Wait Function is triggered

2021-11-23 16:58:03 - [MESSAGE][INFO] - Found 1 web elements with id: 'Object Repository/Olusturma/Genel/Buton' located by 'By.xpath: //*[@id = 'btnKaydet']' in '10' second(s)

2021-11-23 16:58:03 - [MESSAGE][PASSED] - Object 'Object Repository/Olusturma/Genel/Buton' is clickable

2021-11-23 16:58:03 - [TEST_STEP][PASSED] - click(findTestObject("Object Repository/Olusturma/Genel/Buton")): Object: 'Object Repository/Olusturma/Genel/Buton' is clicked on

2021-11-23 16:58:03 - [MESSAGE][INFO] - Finding Test Object 'Object Repository/Olusturma/Genel/Buton'

2021-11-23 16:58:03 - [MESSAGE][INFO] - Checking object

2021-11-23 16:58:03 - [MESSAGE][INFO] - Finding web element from Test Object's properties

2021-11-23 16:58:03 - [MESSAGE][INFO] - Checking timeout

2021-11-23 16:58:03 - [MESSAGE][INFO] - Finding web element with id: 'Object Repository/Olusturma/Genel/Buton' located by 'By.xpath: //*[@id = 'btnKaydet']' in '30' second(s)

2021-11-23 16:58:03 - [MESSAGE][INFO] - Smart Wait Function is triggered

2021-11-23 16:58:03 - [MESSAGE][INFO] - Found 1 web elements with id: 'Object Repository/Olusturma/Genel/Buton' located by 'By.xpath: //*[@id = 'btnKaydet']' in '30' second(s)

2021-11-23 16:58:03 - [MESSAGE][INFO] - Clicking on object: 'Object Repository/Olusturma/Genel/Buton'

2021-11-23 16:58:05 - [MESSAGE][PASSED] - Object: 'Object Repository/Olusturma/Genel/Buton' is clicked on

2021-11-23 16:58:05 - [MESSAGE][PASSED] - Call Test Case 'Test Cases/Olusturma/Genel/KaydetButonunaTiklanir' successfully

2021-11-23 16:58:05 - [MESSAGE][INFO] - Checking called Test Case

2021-11-23 16:58:05 - [MESSAGE][INFO] - Starting to call Test Case 'Test Cases/Tablo/TablodaUnvanliVeriOlusturulduMu'

2021-11-23 16:58:05 - [TEST_CASE][PASSED] - Test Cases/Tablo/TablodaUnvanliVeriOlusturulduMu: Test Cases/Tablo/TablodaUnvanliVeriOlusturulduMu

2021-11-23 16:58:05 - [TEST_STEP][PASSED] - waitForElementVisible(findTestObject("Tablo/OlusturulanVeri"), 10, STOP_ON_FAILURE): Object 'Object Repository/Tablo/OlusturulanVeri' is visible

2021-11-23 16:58:05 - [MESSAGE][INFO] - Finding Test Object 'Object Repository/Tablo/OlusturulanVeri'

2021-11-23 16:58:05 - [MESSAGE][INFO] - Checking object

2021-11-23 16:58:05 - [MESSAGE][INFO] - Checking timeout

2021-11-23 16:58:05 - [MESSAGE][INFO] - Finding web element from Test Object's properties

2021-11-23 16:58:05 - [MESSAGE][INFO] - Checking timeout

2021-11-23 16:58:05 - [MESSAGE][INFO] - Finding web element with id: 'Object Repository/Tablo/OlusturulanVeri' located by 'By.cssSelector: table.dxgvTable_LECustomTheme>tbody>tr:nth-child(3)>td.dxgv b,table.dxgvTable_LECustomTheme>tbody>tr:nth-child(3)>td.dxgv' in '10' second(s)

2021-11-23 16:58:05 - [MESSAGE][INFO] - Smart Wait Function is triggered

2021-11-23 16:58:06 - [MESSAGE][INFO] - Found 11 web elements with id: 'Object Repository/Tablo/OlusturulanVeri' located by 'By.cssSelector: table.dxgvTable_LECustomTheme>tbody>tr:nth-child(3)>td.dxgv b,table.dxgvTable_LECustomTheme>tbody>tr:nth-child(3)>td.dxgv' in '10' second(s)

2021-11-23 16:58:06 - [MESSAGE][PASSED] - Object 'Object Repository/Tablo/OlusturulanVeri' is visible

2021-11-23 16:58:06 - [TEST_STEP][PASSED] - Method.TextDegerineEsitElementVarMi(findTestObject("Tablo/OlusturulanVeri"), Unvan): Method.TextDegerineEsitElementVarMi is PASSED

2021-11-23 16:58:06 - [MESSAGE][INFO] - Finding Test Object 'Object Repository/Tablo/OlusturulanVeri'

2021-11-23 16:58:06 - [MESSAGE][INFO] - Checking timeout

2021-11-23 16:58:06 - [MESSAGE][INFO] - Finding web element with id: 'Object Repository/Tablo/OlusturulanVeri' located by 'By.cssSelector: table.dxgvTable_LECustomTheme>tbody>tr:nth-child(3)>td.dxgv b,table.dxgvTable_LECustomTheme>tbody>tr:nth-child(3)>td.dxgv' in '10' second(s)

2021-11-23 16:58:06 - [MESSAGE][INFO] - Smart Wait Function is triggered

2021-11-23 16:58:06 - [MESSAGE][INFO] - Found 11 web elements with id: 'Object Repository/Tablo/OlusturulanVeri' located by 'By.cssSelector: table.dxgvTable_LECustomTheme>tbody>tr:nth-child(3)>td.dxgv b,table.dxgvTable_LECustomTheme>tbody>tr:nth-child(3)>td.dxgv' in '10' second(s)

2021-11-23 16:58:06 - [MESSAGE][PASSED] - Method.TextDegerineEsitElementVarMi is PASSED

2021-11-23 16:58:06 - [MESSAGE][PASSED] - Call Test Case 'Test Cases/Tablo/TablodaUnvanliVeriOlusturulduMu' successfully

2021-11-23 16:58:06 - [MESSAGE][INFO] - Checking called Test Case

2021-11-23 16:58:06 - [MESSAGE][INFO] - Starting to call Test Case 'Test Cases/Tablo/TablodanVeriSec'

2021-11-23 16:58:06 - [TEST_CASE][PASSED] - Test Cases/Tablo/TablodanVeriSec: Test Cases/Tablo/TablodanVeriSec

2021-11-23 16:58:06 - [TEST_STEP][PASSED] - Method.TextDegerineEsitElementinAltindakineTikla(findTestObject("Tablo/Veriler"), findTestObject("Tablo/VerininCheckBoxi"), Veri_Adi): Method.TextDegerineEsitElementinAltindakineTikla is PASSED

2021-11-23 16:58:06 - [MESSAGE][INFO] - Finding Test Object 'Object Repository/Tablo/Veriler'

2021-11-23 16:58:06 - [MESSAGE][INFO] - Finding Test Object 'Object Repository/Tablo/VerininCheckBoxi'

2021-11-23 16:58:07 - [MESSAGE][INFO] - Checking timeout

2021-11-23 16:58:07 - [MESSAGE][INFO] - Finding web element with id: 'Object Repository/Tablo/Veriler' located by 'By.cssSelector: td.dxgv b ,td.dxgv' in '10' second(s)

2021-11-23 16:58:07 - [MESSAGE][INFO] - Smart Wait Function is triggered

2021-11-23 16:58:07 - [MESSAGE][INFO] - Found 88 web elements with id: 'Object Repository/Tablo/Veriler' located by 'By.cssSelector: td.dxgv b ,td.dxgv' in '10' second(s)

2021-11-23 16:58:07 - [MESSAGE][INFO] - Smart Wait Function is triggered

2021-11-23 16:58:07 - [MESSAGE][PASSED] - Method.TextDegerineEsitElementinAltindakineTikla is PASSED

2021-11-23 16:58:07 - [MESSAGE][PASSED] - Call Test Case 'Test Cases/Tablo/TablodanVeriSec' successfully

2021-11-23 16:58:07 - [MESSAGE][INFO] - Checking called Test Case

2021-11-23 16:58:07 - [MESSAGE][INFO] - Starting to call Test Case 'Test Cases/Butonlar/ButonaTikla'

2021-11-23 16:58:07 - [TEST_CASE][PASSED] - Test Cases/Butonlar/ButonaTikla: Test Cases/Butonlar/ButonaTikla

2021-11-23 16:58:07 - [TEST_STEP][PASSED] - Method.TextDegerineEsitElementeTiklaEquals(findTestObject("Butonlar/Butonlar"), Buton_Adi): Method.TextDegerineEsitElementeTiklaEquals is PASSED

2021-11-23 16:58:07 - [MESSAGE][INFO] - Finding Test Object 'Object Repository/Butonlar/Butonlar'

2021-11-23 16:58:07 - [MESSAGE][INFO] - Checking timeout

2021-11-23 16:58:07 - [MESSAGE][INFO] - Finding web element with id: 'Object Repository/Butonlar/Butonlar' located by 'By.cssSelector: .panel.panel-default.text-center.footerPanel .btn,.btn.btn-primary.btnControls' in '10' second(s)

2021-11-23 16:58:07 - [MESSAGE][INFO] - Smart Wait Function is triggered

2021-11-23 16:58:08 - [MESSAGE][INFO] - Found 7 web elements with id: 'Object Repository/Butonlar/Butonlar' located by 'By.cssSelector: .panel.panel-default.text-center.footerPanel .btn,.btn.btn-primary.btnControls' in '10' second(s)

2021-11-23 16:58:08 - [MESSAGE][PASSED] - Method.TextDegerineEsitElementeTiklaEquals is PASSED

2021-11-23 16:58:08 - [MESSAGE][PASSED] - Call Test Case 'Test Cases/Butonlar/ButonaTikla' successfully

2021-11-23 16:58:08 - [MESSAGE][INFO] - Checking called Test Case

2021-11-23 16:58:08 - [MESSAGE][INFO] - Starting to call Test Case 'Test Cases/Popup/PopupMesajiIceriyorMu'

2021-11-23 16:58:08 - [TEST_CASE][PASSED] - Test Cases/Popup/PopupMesajiIceriyorMu: Test Cases/Popup/PopupMesajiIceriyorMu

2021-11-23 16:58:08 - [TEST_STEP][PASSED] - waitForElementVisible(findTestObject("Popup/Popup"), 10): Object 'Object Repository/Popup/Popup' is visible

2021-11-23 16:58:08 - [MESSAGE][INFO] - Finding Test Object 'Object Repository/Popup/Popup'

2021-11-23 16:58:08 - [MESSAGE][INFO] - Checking object

2021-11-23 16:58:08 - [MESSAGE][INFO] - Checking timeout

2021-11-23 16:58:08 - [MESSAGE][INFO] - Finding web element from Test Object's properties

2021-11-23 16:58:08 - [MESSAGE][INFO] - Checking timeout

2021-11-23 16:58:08 - [MESSAGE][INFO] - Finding web element with id: 'Object Repository/Popup/Popup' located by 'By.cssSelector: .bootbox-body' in '10' second(s)

2021-11-23 16:58:08 - [MESSAGE][INFO] - Smart Wait Function is triggered

2021-11-23 16:58:09 - [MESSAGE][INFO] - Found 1 web elements with id: 'Object Repository/Popup/Popup' located by 'By.cssSelector: .bootbox-body' in '10' second(s)

2021-11-23 16:58:09 - [MESSAGE][PASSED] - Object 'Object Repository/Popup/Popup' is visible

2021-11-23 16:58:09 - [TEST_STEP][PASSED] - if (!(getText(findTestObject("Popup/Popup")).contains(Mesaj))): Text of object 'Object Repository/Popup/Popup' is: 'Oluşturulacak makbuz numarası : SMM2021000000246 Makbuz numarası oluşturulduktan sonra makbuz silinemez. Makbuz numarası, tarihi ve ön eki değiştirilemez. Devam etmek istiyor musunuz?'

2021-11-23 16:58:09 - [MESSAGE][INFO] - Finding Test Object 'Object Repository/Popup/Popup'

2021-11-23 16:58:09 - [MESSAGE][INFO] - Checking object

2021-11-23 16:58:09 - [MESSAGE][INFO] - Finding web element from Test Object's properties

2021-11-23 16:58:09 - [MESSAGE][INFO] - Checking timeout

2021-11-23 16:58:09 - [MESSAGE][INFO] - Finding web element with id: 'Object Repository/Popup/Popup' located by 'By.cssSelector: .bootbox-body' in '30' second(s)

2021-11-23 16:58:09 - [MESSAGE][INFO] - Smart Wait Function is triggered

2021-11-23 16:58:09 - [MESSAGE][INFO] - Found 1 web elements with id: 'Object Repository/Popup/Popup' located by 'By.cssSelector: .bootbox-body' in '30' second(s)

2021-11-23 16:58:09 - [MESSAGE][INFO] - Getting text of object 'Object Repository/Popup/Popup'

2021-11-23 16:58:09 - [MESSAGE][PASSED] - Text of object 'Object Repository/Popup/Popup' is: 'Oluşturulacak makbuz numarası : SMM2021000000246 Makbuz numarası oluşturulduktan sonra makbuz silinemez. Makbuz numarası, tarihi ve ön eki değiştirilemez. Devam etmek istiyor musunuz?'

2021-11-23 16:58:09 - [TEST_STEP][PASSED] - RaporNo = getText(findTestObject("Popup/Popup")).substring(0, 6): Text of object 'Object Repository/Popup/Popup' is: 'Oluşturulacak makbuz numarası : SMM2021000000246 Makbuz numarası oluşturulduktan sonra makbuz silinemez. Makbuz numarası, tarihi ve ön eki değiştirilemez. Devam etmek istiyor musunuz?'

2021-11-23 16:58:09 - [MESSAGE][INFO] - Finding Test Object 'Object Repository/Popup/Popup'

2021-11-23 16:58:09 - [MESSAGE][INFO] - Checking object

2021-11-23 16:58:09 - [MESSAGE][INFO] - Finding web element from Test Object's properties

2021-11-23 16:58:09 - [MESSAGE][INFO] - Checking timeout

2021-11-23 16:58:09 - [MESSAGE][INFO] - Finding web element with id: 'Object Repository/Popup/Popup' located by 'By.cssSelector: .bootbox-body' in '30' second(s)

2021-11-23 16:58:09 - [MESSAGE][INFO] - Smart Wait Function is triggered

2021-11-23 16:58:10 - [MESSAGE][INFO] - Found 1 web elements with id: 'Object Repository/Popup/Popup' located by 'By.cssSelector: .bootbox-body' in '30' second(s)

2021-11-23 16:58:10 - [MESSAGE][INFO] - Getting text of object 'Object Repository/Popup/Popup'

2021-11-23 16:58:10 - [MESSAGE][PASSED] - Text of object 'Object Repository/Popup/Popup' is: 'Oluşturulacak makbuz numarası : SMM2021000000246 Makbuz numarası oluşturulduktan sonra makbuz silinemez. Makbuz numarası, tarihi ve ön eki değiştirilemez. Devam etmek istiyor musunuz?'

2021-11-23 16:58:10 - [TEST_STEP][PASSED] - Console.println(RaporNo): null

2021-11-23 16:58:10 - [MESSAGE][PASSED] - Call Test Case 'Test Cases/Popup/PopupMesajiIceriyorMu' successfully

2021-11-23 16:58:10 - [MESSAGE][INFO] - Checking called Test Case

2021-11-23 16:58:10 - [MESSAGE][INFO] - Starting to call Test Case 'Test Cases/Popup/PopupButonSecilir'

2021-11-23 16:58:10 - [TEST_CASE][PASSED] - Test Cases/Popup/PopupButonSecilir: Test Cases/Popup/PopupButonSecilir

2021-11-23 16:58:10 - [TEST_STEP][PASSED] - Method.TextDegerineEsitElementeTikla(findTestObject("Popup/Popup_Butons"), Buton): Method.TextDegerineEsitElementeTikla is PASSED

2021-11-23 16:58:10 - [MESSAGE][INFO] - Finding Test Object 'Object Repository/Popup/Popup_Butons'

2021-11-23 16:58:10 - [MESSAGE][INFO] - Checking timeout

2021-11-23 16:58:10 - [MESSAGE][INFO] - Finding web element with id: 'Object Repository/Popup/Popup_Butons' located by 'By.cssSelector: .modal-footer>button' in '10' second(s)

2021-11-23 16:58:10 - [MESSAGE][INFO] - Smart Wait Function is triggered

2021-11-23 16:58:10 - [MESSAGE][INFO] - Found 2 web elements with id: 'Object Repository/Popup/Popup_Butons' located by 'By.cssSelector: .modal-footer>button' in '10' second(s)

2021-11-23 16:58:10 - [MESSAGE][PASSED] - Method.TextDegerineEsitElementeTikla is PASSED

2021-11-23 16:58:10 - [MESSAGE][PASSED] - Call Test Case 'Test Cases/Popup/PopupButonSecilir' successfully

2021-11-23 16:58:10 - [MESSAGE][INFO] - Checking called Test Case

2021-11-23 16:58:10 - [MESSAGE][INFO] - Starting to call Test Case 'Test Cases/Popup/PopupMesajiIceriyorMu'

2021-11-23 16:58:10 - [TEST_CASE][PASSED] - Test Cases/Popup/PopupMesajiIceriyorMu: Test Cases/Popup/PopupMesajiIceriyorMu

2021-11-23 16:58:10 - [TEST_STEP][PASSED] - waitForElementVisible(findTestObject("Popup/Popup"), 10): Object 'Object Repository/Popup/Popup' is visible

2021-11-23 16:58:10 - [MESSAGE][INFO] - Finding Test Object 'Object Repository/Popup/Popup'

2021-11-23 16:58:11 - [MESSAGE][INFO] - Checking object

2021-11-23 16:58:11 - [MESSAGE][INFO] - Checking timeout

2021-11-23 16:58:11 - [MESSAGE][INFO] - Finding web element from Test Object's properties

2021-11-23 16:58:11 - [MESSAGE][INFO] - Checking timeout

2021-11-23 16:58:11 - [MESSAGE][INFO] - Finding web element with id: 'Object Repository/Popup/Popup' located by 'By.cssSelector: .bootbox-body' in '10' second(s)

2021-11-23 16:58:11 - [MESSAGE][INFO] - Smart Wait Function is triggered

2021-11-23 16:58:11 - [MESSAGE][INFO] - Found 1 web elements with id: 'Object Repository/Popup/Popup' located by 'By.cssSelector: .bootbox-body' in '10' second(s)

2021-11-23 16:58:11 - [MESSAGE][PASSED] - Object 'Object Repository/Popup/Popup' is visible

2021-11-23 16:58:11 - [TEST_STEP][PASSED] - if (!(getText(findTestObject("Popup/Popup")).contains(Mesaj))): Text of object 'Object Repository/Popup/Popup' is: 'Makbuz numaranız SMM2021000000246 olarak oluşmuştur.'

2021-11-23 16:58:11 - [MESSAGE][INFO] - Finding Test Object 'Object Repository/Popup/Popup'

2021-11-23 16:58:11 - [MESSAGE][INFO] - Checking object

2021-11-23 16:58:11 - [MESSAGE][INFO] - Finding web element from Test Object's properties

2021-11-23 16:58:11 - [MESSAGE][INFO] - Checking timeout

2021-11-23 16:58:11 - [MESSAGE][INFO] - Finding web element with id: 'Object Repository/Popup/Popup' located by 'By.cssSelector: .bootbox-body' in '30' second(s)

2021-11-23 16:58:11 - [MESSAGE][INFO] - Smart Wait Function is triggered

2021-11-23 16:58:12 - [MESSAGE][INFO] - Found 1 web elements with id: 'Object Repository/Popup/Popup' located by 'By.cssSelector: .bootbox-body' in '30' second(s)

2021-11-23 16:58:12 - [MESSAGE][INFO] - Getting text of object 'Object Repository/Popup/Popup'

2021-11-23 16:58:12 - [MESSAGE][PASSED] - Text of object 'Object Repository/Popup/Popup' is: 'Makbuz numaranız SMM2021000000246 olarak oluşmuştur.'

2021-11-23 16:58:12 - [TEST_STEP][PASSED] - RaporNo = getText(findTestObject("Popup/Popup")).substring(0, 6): Text of object 'Object Repository/Popup/Popup' is: 'Makbuz numaranız SMM2021000000246 olarak oluşmuştur.'

2021-11-23 16:58:12 - [MESSAGE][INFO] - Finding Test Object 'Object Repository/Popup/Popup'

2021-11-23 16:58:12 - [MESSAGE][INFO] - Checking object

2021-11-23 16:58:12 - [MESSAGE][INFO] - Finding web element from Test Object's properties

2021-11-23 16:58:12 - [MESSAGE][INFO] - Checking timeout

2021-11-23 16:58:12 - [MESSAGE][INFO] - Finding web element with id: 'Object Repository/Popup/Popup' located by 'By.cssSelector: .bootbox-body' in '30' second(s)

2021-11-23 16:58:12 - [MESSAGE][INFO] - Smart Wait Function is triggered

2021-11-23 16:58:12 - [MESSAGE][INFO] - Found 1 web elements with id: 'Object Repository/Popup/Popup' located by 'By.cssSelector: .bootbox-body' in '30' second(s)

2021-11-23 16:58:12 - [MESSAGE][INFO] - Getting text of object 'Object Repository/Popup/Popup'

2021-11-23 16:58:12 - [MESSAGE][PASSED] - Text of object 'Object Repository/Popup/Popup' is: 'Makbuz numaranız SMM2021000000246 olarak oluşmuştur.'

2021-11-23 16:58:12 - [TEST_STEP][PASSED] - Console.println(RaporNo): null

2021-11-23 16:58:12 - [MESSAGE][PASSED] - Call Test Case 'Test Cases/Popup/PopupMesajiIceriyorMu' successfully

2021-11-23 16:58:12 - [MESSAGE][INFO] - Checking called Test Case

2021-11-23 16:58:12 - [MESSAGE][INFO] - Starting to call Test Case 'Test Cases/Popup/PopupButonSecilir'

2021-11-23 16:58:12 - [TEST_CASE][PASSED] - Test Cases/Popup/PopupButonSecilir: Test Cases/Popup/PopupButonSecilir

2021-11-23 16:58:12 - [TEST_STEP][PASSED] - Method.TextDegerineEsitElementeTikla(findTestObject("Popup/Popup_Butons"), Buton): Method.TextDegerineEsitElementeTikla is PASSED

2021-11-23 16:58:12 - [MESSAGE][INFO] - Finding Test Object 'Object Repository/Popup/Popup_Butons'

2021-11-23 16:58:12 - [MESSAGE][INFO] - Checking timeout

2021-11-23 16:58:12 - [MESSAGE][INFO] - Finding web element with id: 'Object Repository/Popup/Popup_Butons' located by 'By.cssSelector: .modal-footer>button' in '10' second(s)

2021-11-23 16:58:12 - [MESSAGE][INFO] - Smart Wait Function is triggered

2021-11-23 16:58:12 - [MESSAGE][INFO] - Found 1 web elements with id: 'Object Repository/Popup/Popup_Butons' located by 'By.cssSelector: .modal-footer>button' in '10' second(s)

2021-11-23 16:58:12 - [MESSAGE][PASSED] - Method.TextDegerineEsitElementeTikla is PASSED

2021-11-23 16:58:12 - [MESSAGE][PASSED] - Call Test Case 'Test Cases/Popup/PopupButonSecilir' successfully

2021-11-23 16:58:12 - [MESSAGE][INFO] - Checking called Test Case

2021-11-23 16:58:12 - [MESSAGE][INFO] - Starting to call Test Case 'Test Cases/Tablo/TablodanVeriSec'

2021-11-23 16:58:13 - [TEST_CASE][PASSED] - Test Cases/Tablo/TablodanVeriSec: Test Cases/Tablo/TablodanVeriSec

2021-11-23 16:58:13 - [TEST_STEP][PASSED] - Method.TextDegerineEsitElementinAltindakineTikla(findTestObject("Tablo/Veriler"), findTestObject("Tablo/VerininCheckBoxi"), Veri_Adi): Method.TextDegerineEsitElementinAltindakineTikla is PASSED

2021-11-23 16:58:13 - [MESSAGE][INFO] - Finding Test Object 'Object Repository/Tablo/Veriler'

2021-11-23 16:58:13 - [MESSAGE][INFO] - Finding Test Object 'Object Repository/Tablo/VerininCheckBoxi'

2021-11-23 16:58:13 - [MESSAGE][INFO] - Checking timeout

2021-11-23 16:58:13 - [MESSAGE][INFO] - Finding web element with id: 'Object Repository/Tablo/Veriler' located by 'By.cssSelector: td.dxgv b ,td.dxgv' in '10' second(s)

2021-11-23 16:58:13 - [MESSAGE][INFO] - Smart Wait Function is triggered

2021-11-23 16:58:13 - [MESSAGE][INFO] - Found 88 web elements with id: 'Object Repository/Tablo/Veriler' located by 'By.cssSelector: td.dxgv b ,td.dxgv' in '10' second(s)

2021-11-23 16:58:13 - [MESSAGE][INFO] - Smart Wait Function is triggered

2021-11-23 16:58:14 - [MESSAGE][PASSED] - Method.TextDegerineEsitElementinAltindakineTikla is PASSED

2021-11-23 16:58:14 - [MESSAGE][PASSED] - Call Test Case 'Test Cases/Tablo/TablodanVeriSec' successfully

2021-11-23 16:58:14 - [MESSAGE][INFO] - Checking called Test Case

2021-11-23 16:58:14 - [MESSAGE][INFO] - Starting to call Test Case 'Test Cases/Butonlar/ButonaTikla'

2021-11-23 16:58:14 - [TEST_CASE][PASSED] - Test Cases/Butonlar/ButonaTikla: Test Cases/Butonlar/ButonaTikla

2021-11-23 16:58:14 - [TEST_STEP][PASSED] - Method.TextDegerineEsitElementeTiklaEquals(findTestObject("Butonlar/Butonlar"), Buton_Adi): Method.TextDegerineEsitElementeTiklaEquals is PASSED

2021-11-23 16:58:14 - [MESSAGE][INFO] - Finding Test Object 'Object Repository/Butonlar/Butonlar'

2021-11-23 16:58:14 - [MESSAGE][INFO] - Checking timeout

2021-11-23 16:58:14 - [MESSAGE][INFO] - Finding web element with id: 'Object Repository/Butonlar/Butonlar' located by 'By.cssSelector: .panel.panel-default.text-center.footerPanel .btn,.btn.btn-primary.btnControls' in '10' second(s)

2021-11-23 16:58:14 - [MESSAGE][INFO] - Smart Wait Function is triggered

2021-11-23 16:58:14 - [MESSAGE][INFO] - Found 7 web elements with id: 'Object Repository/Butonlar/Butonlar' located by 'By.cssSelector: .panel.panel-default.text-center.footerPanel .btn,.btn.btn-primary.btnControls' in '10' second(s)

2021-11-23 16:58:14 - [MESSAGE][PASSED] - Method.TextDegerineEsitElementeTiklaEquals is PASSED

2021-11-23 16:58:14 - [MESSAGE][PASSED] - Call Test Case 'Test Cases/Butonlar/ButonaTikla' successfully

2021-11-23 16:58:14 - [MESSAGE][INFO] - Checking called Test Case

2021-11-23 16:58:14 - [MESSAGE][INFO] - Starting to call Test Case 'Test Cases/Sekmeler/YeniSekmeyeGec'

2021-11-23 16:58:14 - [TEST_CASE][PASSED] - Test Cases/Sekmeler/YeniSekmeyeGec: Test Cases/Sekmeler/YeniSekmeyeGec

2021-11-23 16:58:14 - [TEST_STEP][PASSED] - switchToWindowIndex(1): Switched to window with index: '1'

2021-11-23 16:58:14 - [MESSAGE][INFO] - Checking index

2021-11-23 16:58:14 - [MESSAGE][INFO] - Switching window with index: '1'

2021-11-23 16:58:14 - [MESSAGE][PASSED] - Switched to window with index: '1'

2021-11-23 16:58:14 - [MESSAGE][PASSED] - Call Test Case 'Test Cases/Sekmeler/YeniSekmeyeGec' successfully

2021-11-23 16:58:14 - [MESSAGE][INFO] - Checking called Test Case

2021-11-23 16:58:14 - [MESSAGE][INFO] - Starting to call Test Case 'Test Cases/Sekmeler/YeniSekmeBasligindaVarMi'

2021-11-23 16:58:14 - [TEST_CASE][PASSED] - Test Cases/Sekmeler/YeniSekmeBasligindaVarMi: Test Cases/Sekmeler/YeniSekmeBasligindaVarMi

2021-11-23 16:58:14 - [TEST_STEP][PASSED] - verifyElementText(findTestObject("Object Repository/Sekmeler/Olusturma_Goster_Baslik"), Title): Actual text and expected text of test object 'Object Repository/Sekmeler/Olusturma_Goster_Baslik' are matched.

2021-11-23 16:58:14 - [MESSAGE][INFO] - Finding Test Object 'Object Repository/Sekmeler/Olusturma_Goster_Baslik'

2021-11-23 16:58:15 - [MESSAGE][INFO] - Checking object

2021-11-23 16:58:15 - [MESSAGE][INFO] - Finding web element from Test Object's properties

2021-11-23 16:58:15 - [MESSAGE][INFO] - Checking timeout

2021-11-23 16:58:15 - [MESSAGE][INFO] - Finding web element with id: 'Object Repository/Sekmeler/Olusturma_Goster_Baslik' located by 'By.cssSelector: h1>span,td>font,font' in '30' second(s)

2021-11-23 16:58:15 - [MESSAGE][INFO] - Smart Wait Function is triggered

2021-11-23 16:58:15 - [MESSAGE][INFO] - Found 1 web elements with id: 'Object Repository/Sekmeler/Olusturma_Goster_Baslik' located by 'By.cssSelector: h1>span,td>font,font' in '30' second(s)

2021-11-23 16:58:15 - [MESSAGE][PASSED] - Actual text and expected text of test object 'Object Repository/Sekmeler/Olusturma_Goster_Baslik' are matched.

2021-11-23 16:58:15 - [MESSAGE][PASSED] - Call Test Case 'Test Cases/Sekmeler/YeniSekmeBasligindaVarMi' successfully

2021-11-23 16:58:15 - [MESSAGE][INFO] - Checking called Test Case

2021-11-23 16:58:15 - [MESSAGE][INFO] - Starting to call Test Case 'Test Cases/Sekmeler/Ana_Sekmeye_Gec'

2021-11-23 16:58:15 - [TEST_CASE][PASSED] - Test Cases/Sekmeler/Ana_Sekmeye_Gec: Test Cases/Sekmeler/Ana_Sekmeye_Gec

2021-11-23 16:58:15 - [TEST_STEP][PASSED] - try: Window with index 1 is closed

2021-11-23 16:58:15 - [TEST_STEP][PASSED] - index = getWindowIndex(): Current window's index is: 1

2021-11-23 16:58:15 - [MESSAGE][INFO] - Getting current window's index

2021-11-23 16:58:15 - [MESSAGE][PASSED] - Current window's index is: 1

2021-11-23 16:58:15 - [TEST_STEP][PASSED] - closeWindowIndex(index): Window with index 1 is closed

2021-11-23 16:58:15 - [MESSAGE][INFO] - Checking index

2021-11-23 16:58:15 - [MESSAGE][INFO] - Closing window with index 1

2021-11-23 16:58:15 - [MESSAGE][PASSED] - Window with index 1 is closed

2021-11-23 16:58:15 - [TEST_STEP][PASSED] - switchToWindowIndex(0): Switched to window with index: '0'

2021-11-23 16:58:16 - [MESSAGE][INFO] - Checking index

2021-11-23 16:58:16 - [MESSAGE][INFO] - Switching window with index: '0'

2021-11-23 16:58:16 - [MESSAGE][PASSED] - Switched to window with index: '0'

2021-11-23 16:58:16 - [MESSAGE][PASSED] - Call Test Case 'Test Cases/Sekmeler/Ana_Sekmeye_Gec' successfully

2021-11-23 16:58:16 - [MESSAGE][INFO] - Checking called Test Case

2021-11-23 16:58:16 - [MESSAGE][INFO] - Starting to call Test Case 'Test Cases/Butonlar/ButonaTikla'

2021-11-23 16:58:16 - [TEST_CASE][PASSED] - Test Cases/Butonlar/ButonaTikla: Test Cases/Butonlar/ButonaTikla

2021-11-23 16:58:16 - [TEST_STEP][PASSED] - Method.TextDegerineEsitElementeTiklaEquals(findTestObject("Butonlar/Butonlar"), Buton_Adi): Method.TextDegerineEsitElementeTiklaEquals is PASSED

2021-11-23 16:58:16 - [MESSAGE][INFO] - Finding Test Object 'Object Repository/Butonlar/Butonlar'

2021-11-23 16:58:16 - [MESSAGE][INFO] - Checking timeout

2021-11-23 16:58:16 - [MESSAGE][INFO] - Finding web element with id: 'Object Repository/Butonlar/Butonlar' located by 'By.cssSelector: .panel.panel-default.text-center.footerPanel .btn,.btn.btn-primary.btnControls' in '10' second(s)

2021-11-23 16:58:16 - [MESSAGE][INFO] - Smart Wait Function is triggered

2021-11-23 16:58:16 - [MESSAGE][INFO] - Found 7 web elements with id: 'Object Repository/Butonlar/Butonlar' located by 'By.cssSelector: .panel.panel-default.text-center.footerPanel .btn,.btn.btn-primary.btnControls' in '10' second(s)

2021-11-23 16:58:16 - [MESSAGE][PASSED] - Method.TextDegerineEsitElementeTiklaEquals is PASSED

2021-11-23 16:58:16 - [MESSAGE][PASSED] - Call Test Case 'Test Cases/Butonlar/ButonaTikla' successfully

2021-11-23 16:58:16 - [MESSAGE][INFO] - Checking called Test Case

2021-11-23 16:58:16 - [MESSAGE][INFO] - Starting to call Test Case 'Test Cases/Sekmeler/YeniSekmeyeGec'

2021-11-23 16:58:16 - [TEST_CASE][PASSED] - Test Cases/Sekmeler/YeniSekmeyeGec: Test Cases/Sekmeler/YeniSekmeyeGec

2021-11-23 16:58:16 - [TEST_STEP][PASSED] - switchToWindowIndex(1): Switched to window with index: '1'

2021-11-23 16:58:16 - [MESSAGE][INFO] - Checking index

2021-11-23 16:58:16 - [MESSAGE][INFO] - Switching window with index: '1'

2021-11-23 16:58:16 - [MESSAGE][PASSED] - Switched to window with index: '1'

2021-11-23 16:58:16 - [MESSAGE][PASSED] - Call Test Case 'Test Cases/Sekmeler/YeniSekmeyeGec' successfully

2021-11-23 16:58:16 - [MESSAGE][INFO] - Checking called Test Case

2021-11-23 16:58:16 - [MESSAGE][INFO] - Starting to call Test Case 'Test Cases/Sekmeler/TagGeldiMi'

2021-11-23 16:58:16 - [TEST_CASE][PASSED] - Test Cases/Sekmeler/TagGeldiMi: Test Cases/Sekmeler/TagGeldiMi

2021-11-23 16:58:16 - [TEST_STEP][PASSED] - waitForElementPresent(findTestObject("Object Repository/Sekmeler/UBLTag"), 10): Object 'Object Repository/Sekmeler/UBLTag' is present

2021-11-23 16:58:16 - [MESSAGE][INFO] - Finding Test Object 'Object Repository/Sekmeler/UBLTag'

2021-11-23 16:58:17 - [MESSAGE][INFO] - Checking object

2021-11-23 16:58:17 - [MESSAGE][INFO] - Finding web element from Test Object's properties

2021-11-23 16:58:17 - [MESSAGE][INFO] - Checking timeout

2021-11-23 16:58:17 - [MESSAGE][INFO] - Finding web element with id: 'Object Repository/Sekmeler/UBLTag' located by 'By.cssSelector: #webkit-xml-viewer-source-xml>:first-child' in '10' second(s)

2021-11-23 16:58:17 - [MESSAGE][INFO] - Smart Wait Function is triggered

2021-11-23 16:58:17 - [MESSAGE][INFO] - Found 1 web elements with id: 'Object Repository/Sekmeler/UBLTag' located by 'By.cssSelector: #webkit-xml-viewer-source-xml>:first-child' in '10' second(s)

2021-11-23 16:58:17 - [MESSAGE][PASSED] - Object 'Object Repository/Sekmeler/UBLTag' is present

2021-11-23 16:58:17 - [TEST_STEP][PASSED] - println(toLowerCase().toString()): Found 1 web elements with id: 'Object Repository/Sekmeler/UBLTag' located by 'By.cssSelector: #webkit-xml-viewer-source-xml>:first-child' in '10' second(s)

2021-11-23 16:58:17 - [MESSAGE][INFO] - Finding Test Object 'Object Repository/Sekmeler/UBLTag'

2021-11-23 16:58:17 - [MESSAGE][INFO] - Finding web element from Test Object's properties

2021-11-23 16:58:17 - [MESSAGE][INFO] - Checking timeout

2021-11-23 16:58:17 - [MESSAGE][INFO] - Finding web element with id: 'Object Repository/Sekmeler/UBLTag' located by 'By.cssSelector: #webkit-xml-viewer-source-xml>:first-child' in '10' second(s)

2021-11-23 16:58:17 - [MESSAGE][INFO] - Smart Wait Function is triggered

2021-11-23 16:58:17 - [MESSAGE][INFO] - Found 1 web elements with id: 'Object Repository/Sekmeler/UBLTag' located by 'By.cssSelector: #webkit-xml-viewer-source-xml>:first-child' in '10' second(s)

2021-11-23 16:58:17 - [TEST_STEP][PASSED] - if (!(toString().contains(toString().toLowerCase()))): Found 1 web elements with id: 'Object Repository/Sekmeler/UBLTag' located by 'By.cssSelector: #webkit-xml-viewer-source-xml>:first-child' in '10' second(s)

2021-11-23 16:58:17 - [MESSAGE][INFO] - Finding Test Object 'Object Repository/Sekmeler/UBLTag'

2021-11-23 16:58:17 - [MESSAGE][INFO] - Finding web element from Test Object's properties

2021-11-23 16:58:17 - [MESSAGE][INFO] - Checking timeout

2021-11-23 16:58:17 - [MESSAGE][INFO] - Finding web element with id: 'Object Repository/Sekmeler/UBLTag' located by 'By.cssSelector: #webkit-xml-viewer-source-xml>:first-child' in '10' second(s)

2021-11-23 16:58:17 - [MESSAGE][INFO] - Smart Wait Function is triggered

2021-11-23 16:58:17 - [MESSAGE][INFO] - Found 1 web elements with id: 'Object Repository/Sekmeler/UBLTag' located by 'By.cssSelector: #webkit-xml-viewer-source-xml>:first-child' in '10' second(s)

2021-11-23 16:58:17 - [MESSAGE][PASSED] - Call Test Case 'Test Cases/Sekmeler/TagGeldiMi' successfully

2021-11-23 16:58:17 - [MESSAGE][INFO] - Checking called Test Case

2021-11-23 16:58:17 - [MESSAGE][INFO] - Starting to call Test Case 'Test Cases/Sekmeler/Ana_Sekmeye_Gec'

2021-11-23 16:58:17 - [TEST_CASE][PASSED] - Test Cases/Sekmeler/Ana_Sekmeye_Gec: Test Cases/Sekmeler/Ana_Sekmeye_Gec

2021-11-23 16:58:17 - [TEST_STEP][PASSED] - try: Window with index 1 is closed

2021-11-23 16:58:17 - [TEST_STEP][PASSED] - index = getWindowIndex(): Current window's index is: 1

2021-11-23 16:58:17 - [MESSAGE][INFO] - Getting current window's index

2021-11-23 16:58:17 - [MESSAGE][PASSED] - Current window's index is: 1

2021-11-23 16:58:17 - [TEST_STEP][PASSED] - closeWindowIndex(index): Window with index 1 is closed

2021-11-23 16:58:17 - [MESSAGE][INFO] - Checking index

2021-11-23 16:58:17 - [MESSAGE][INFO] - Closing window with index 1

2021-11-23 16:58:17 - [MESSAGE][PASSED] - Window with index 1 is closed

2021-11-23 16:58:17 - [TEST_STEP][PASSED] - switchToWindowIndex(0): Switched to window with index: '0'

2021-11-23 16:58:17 - [MESSAGE][INFO] - Checking index

2021-11-23 16:58:17 - [MESSAGE][INFO] - Switching window with index: '0'

2021-11-23 16:58:17 - [MESSAGE][PASSED] - Switched to window with index: '0'

2021-11-23 16:58:17 - [MESSAGE][PASSED] - Call Test Case 'Test Cases/Sekmeler/Ana_Sekmeye_Gec' successfully

2021-11-23 16:58:17 - [MESSAGE][INFO] - Checking called Test Case

2021-11-23 16:58:17 - [MESSAGE][INFO] - Starting to call Test Case 'Test Cases/Butonlar/ButonaTikla'

2021-11-23 16:58:17 - [TEST_CASE][PASSED] - Test Cases/Butonlar/ButonaTikla: Test Cases/Butonlar/ButonaTikla

2021-11-23 16:58:17 - [TEST_STEP][PASSED] - Method.TextDegerineEsitElementeTiklaEquals(findTestObject("Butonlar/Butonlar"), Buton_Adi): Method.TextDegerineEsitElementeTiklaEquals is PASSED

2021-11-23 16:58:17 - [MESSAGE][INFO] - Finding Test Object 'Object Repository/Butonlar/Butonlar'

2021-11-23 16:58:17 - [MESSAGE][INFO] - Checking timeout

2021-11-23 16:58:17 - [MESSAGE][INFO] - Finding web element with id: 'Object Repository/Butonlar/Butonlar' located by 'By.cssSelector: .panel.panel-default.text-center.footerPanel .btn,.btn.btn-primary.btnControls' in '10' second(s)

2021-11-23 16:58:17 - [MESSAGE][INFO] - Smart Wait Function is triggered

2021-11-23 16:58:18 - [MESSAGE][INFO] - Found 7 web elements with id: 'Object Repository/Butonlar/Butonlar' located by 'By.cssSelector: .panel.panel-default.text-center.footerPanel .btn,.btn.btn-primary.btnControls' in '10' second(s)

2021-11-23 16:58:18 - [MESSAGE][PASSED] - Method.TextDegerineEsitElementeTiklaEquals is PASSED

2021-11-23 16:58:18 - [MESSAGE][PASSED] - Call Test Case 'Test Cases/Butonlar/ButonaTikla' successfully

2021-11-23 16:58:18 - [MESSAGE][INFO] - Checking called Test Case

2021-11-23 16:58:18 - [MESSAGE][INFO] - Starting to call Test Case 'Test Cases/Popup/PopupMesajiIceriyorMu'

2021-11-23 16:58:18 - [TEST_CASE][PASSED] - Test Cases/Popup/PopupMesajiIceriyorMu: Test Cases/Popup/PopupMesajiIceriyorMu

2021-11-23 16:58:18 - [TEST_STEP][PASSED] - waitForElementVisible(findTestObject("Popup/Popup"), 10): Object 'Object Repository/Popup/Popup' is visible

2021-11-23 16:58:18 - [MESSAGE][INFO] - Finding Test Object 'Object Repository/Popup/Popup'

2021-11-23 16:58:18 - [MESSAGE][INFO] - Checking object

2021-11-23 16:58:18 - [MESSAGE][INFO] - Checking timeout

2021-11-23 16:58:18 - [MESSAGE][INFO] - Finding web element from Test Object's properties

2021-11-23 16:58:18 - [MESSAGE][INFO] - Checking timeout

2021-11-23 16:58:18 - [MESSAGE][INFO] - Finding web element with id: 'Object Repository/Popup/Popup' located by 'By.cssSelector: .bootbox-body' in '10' second(s)

2021-11-23 16:58:18 - [MESSAGE][INFO] - Smart Wait Function is triggered

2021-11-23 16:58:18 - [MESSAGE][INFO] - Found 1 web elements with id: 'Object Repository/Popup/Popup' located by 'By.cssSelector: .bootbox-body' in '10' second(s)

2021-11-23 16:58:18 - [MESSAGE][PASSED] - Object 'Object Repository/Popup/Popup' is visible

2021-11-23 16:58:18 - [TEST_STEP][PASSED] - if (!(getText(findTestObject("Popup/Popup")).contains(Mesaj))): Text of object 'Object Repository/Popup/Popup' is: 'Seçilen makbuzlarınız onaylanacaktır. Onaylanan makbuzlar üzerinde değişiklik yapılamaz. Devam etmek istiyor musunuz?'

2021-11-23 16:58:18 - [MESSAGE][INFO] - Finding Test Object 'Object Repository/Popup/Popup'

2021-11-23 16:58:18 - [MESSAGE][INFO] - Checking object

2021-11-23 16:58:18 - [MESSAGE][INFO] - Finding web element from Test Object's properties

2021-11-23 16:58:18 - [MESSAGE][INFO] - Checking timeout

2021-11-23 16:58:18 - [MESSAGE][INFO] - Finding web element with id: 'Object Repository/Popup/Popup' located by 'By.cssSelector: .bootbox-body' in '30' second(s)

2021-11-23 16:58:18 - [MESSAGE][INFO] - Smart Wait Function is triggered

2021-11-23 16:58:19 - [MESSAGE][INFO] - Found 1 web elements with id: 'Object Repository/Popup/Popup' located by 'By.cssSelector: .bootbox-body' in '30' second(s)

2021-11-23 16:58:19 - [MESSAGE][INFO] - Getting text of object 'Object Repository/Popup/Popup'

2021-11-23 16:58:19 - [MESSAGE][PASSED] - Text of object 'Object Repository/Popup/Popup' is: 'Seçilen makbuzlarınız onaylanacaktır. Onaylanan makbuzlar üzerinde değişiklik yapılamaz. Devam etmek istiyor musunuz?'

2021-11-23 16:58:19 - [TEST_STEP][PASSED] - RaporNo = getText(findTestObject("Popup/Popup")).substring(0, 6): Text of object 'Object Repository/Popup/Popup' is: 'Seçilen makbuzlarınız onaylanacaktır. Onaylanan makbuzlar üzerinde değişiklik yapılamaz. Devam etmek istiyor musunuz?'

2021-11-23 16:58:19 - [MESSAGE][INFO] - Finding Test Object 'Object Repository/Popup/Popup'

2021-11-23 16:58:19 - [MESSAGE][INFO] - Checking object

2021-11-23 16:58:19 - [MESSAGE][INFO] - Finding web element from Test Object's properties

2021-11-23 16:58:19 - [MESSAGE][INFO] - Checking timeout

2021-11-23 16:58:19 - [MESSAGE][INFO] - Finding web element with id: 'Object Repository/Popup/Popup' located by 'By.cssSelector: .bootbox-body' in '30' second(s)

2021-11-23 16:58:19 - [MESSAGE][INFO] - Smart Wait Function is triggered

2021-11-23 16:58:19 - [MESSAGE][INFO] - Found 1 web elements with id: 'Object Repository/Popup/Popup' located by 'By.cssSelector: .bootbox-body' in '30' second(s)

2021-11-23 16:58:19 - [MESSAGE][INFO] - Getting text of object 'Object Repository/Popup/Popup'

2021-11-23 16:58:19 - [MESSAGE][PASSED] - Text of object 'Object Repository/Popup/Popup' is: 'Seçilen makbuzlarınız onaylanacaktır. Onaylanan makbuzlar üzerinde değişiklik yapılamaz. Devam etmek istiyor musunuz?'

2021-11-23 16:58:19 - [TEST_STEP][PASSED] - Console.println(RaporNo): null

2021-11-23 16:58:19 - [MESSAGE][PASSED] - Call Test Case 'Test Cases/Popup/PopupMesajiIceriyorMu' successfully

2021-11-23 16:58:19 - [MESSAGE][INFO] - Checking called Test Case

2021-11-23 16:58:19 - [MESSAGE][INFO] - Starting to call Test Case 'Test Cases/Popup/PopupButonSecilir'

2021-11-23 16:58:19 - [TEST_CASE][PASSED] - Test Cases/Popup/PopupButonSecilir: Test Cases/Popup/PopupButonSecilir

2021-11-23 16:58:19 - [TEST_STEP][PASSED] - Method.TextDegerineEsitElementeTikla(findTestObject("Popup/Popup_Butons"), Buton): Method.TextDegerineEsitElementeTikla is PASSED

2021-11-23 16:58:19 - [MESSAGE][INFO] - Finding Test Object 'Object Repository/Popup/Popup_Butons'

2021-11-23 16:58:19 - [MESSAGE][INFO] - Checking timeout

2021-11-23 16:58:19 - [MESSAGE][INFO] - Finding web element with id: 'Object Repository/Popup/Popup_Butons' located by 'By.cssSelector: .modal-footer>button' in '10' second(s)

2021-11-23 16:58:19 - [MESSAGE][INFO] - Smart Wait Function is triggered

2021-11-23 16:58:19 - [MESSAGE][INFO] - Found 2 web elements with id: 'Object Repository/Popup/Popup_Butons' located by 'By.cssSelector: .modal-footer>button' in '10' second(s)

2021-11-23 16:58:20 - [MESSAGE][PASSED] - Method.TextDegerineEsitElementeTikla is PASSED

2021-11-23 16:58:20 - [MESSAGE][PASSED] - Call Test Case 'Test Cases/Popup/PopupButonSecilir' successfully

2021-11-23 16:58:20 - [MESSAGE][INFO] - Checking called Test Case

2021-11-23 16:58:20 - [MESSAGE][INFO] - Starting to call Test Case 'Test Cases/Menu/AnaMenuSecimi'

2021-11-23 16:58:20 - [TEST_CASE][PASSED] - Test Cases/Menu/AnaMenuSecimi: Test Cases/Menu/AnaMenuSecimi

2021-11-23 16:58:20 - [TEST_STEP][PASSED] - Method.TextDegerineEsitElementeTikla(findTestObject("Menu/Ana_Menu"), Ana_Menu): Method.TextDegerineEsitElementeTikla is PASSED

2021-11-23 16:58:20 - [MESSAGE][INFO] - Finding Test Object 'Object Repository/Menu/Ana_Menu'

2021-11-23 16:58:20 - [MESSAGE][INFO] - Checking timeout

2021-11-23 16:58:20 - [MESSAGE][INFO] - Finding web element with id: 'Object Repository/Menu/Ana_Menu' located by 'By.xpath: //*[@class = 'dropdown-toggle']' in '10' second(s)

2021-11-23 16:58:20 - [MESSAGE][INFO] - Smart Wait Function is triggered

2021-11-23 16:58:22 - [MESSAGE][INFO] - Found 14 web elements with id: 'Object Repository/Menu/Ana_Menu' located by 'By.xpath: //*[@class = 'dropdown-toggle']' in '10' second(s)

2021-11-23 16:58:22 - [MESSAGE][PASSED] - Method.TextDegerineEsitElementeTikla is PASSED

2021-11-23 16:58:22 - [MESSAGE][PASSED] - Call Test Case 'Test Cases/Menu/AnaMenuSecimi' successfully

2021-11-23 16:58:22 - [MESSAGE][INFO] - Checking called Test Case

2021-11-23 16:58:22 - [MESSAGE][INFO] - Starting to call Test Case 'Test Cases/Menu/BasligaGoreAltMenuSecimi'

2021-11-23 16:58:22 - [TEST_CASE][PASSED] - Test Cases/Menu/BasligaGoreAltMenuSecimi: Test Cases/Menu/BasligaGoreAltMenuSecimi

2021-11-23 16:58:22 - [TEST_STEP][PASSED] - Method.TextDegerineEsitElementinAltindakiTextDegerineEsitOlanaTikla(findTestObject("Menu/Menu_Basligi"), findTestObject("Menu/Basliga_Gore_Alt_Menu"), Baslik, Alt_Menu): Method.TextDegerineEsitElementinAltindakiTextDegerineEsitOlanaTikla is PASSED

2021-11-23 16:58:22 - [MESSAGE][INFO] - Finding Test Object 'Object Repository/Menu/Menu_Basligi'

2021-11-23 16:58:22 - [MESSAGE][INFO] - Finding Test Object 'Object Repository/Menu/Basliga_Gore_Alt_Menu'

2021-11-23 16:58:22 - [MESSAGE][INFO] - Checking timeout

2021-11-23 16:58:22 - [MESSAGE][INFO] - Finding web element with id: 'Object Repository/Menu/Menu_Basligi' located by 'By.xpath: //li[@class='dropdown dropdown-large open']//li[@class='dropdown-header']' in '10' second(s)

2021-11-23 16:58:22 - [MESSAGE][INFO] - Smart Wait Function is triggered

2021-11-23 16:58:23 - [MESSAGE][INFO] - Found 2 web elements with id: 'Object Repository/Menu/Menu_Basligi' located by 'By.xpath: //li[@class='dropdown dropdown-large open']//li[@class='dropdown-header']' in '10' second(s)

2021-11-23 16:58:23 - [MESSAGE][INFO] - Smart Wait Function is triggered

2021-11-23 16:58:23 - [MESSAGE][PASSED] - Method.TextDegerineEsitElementinAltindakiTextDegerineEsitOlanaTikla is PASSED

2021-11-23 16:58:23 - [MESSAGE][PASSED] - Call Test Case 'Test Cases/Menu/BasligaGoreAltMenuSecimi' successfully

2021-11-23 16:58:23 - [MESSAGE][INFO] - Checking called Test Case

2021-11-23 16:58:23 - [MESSAGE][INFO] - Starting to call Test Case 'Test Cases/Filtreler/EttnYaz'

2021-11-23 16:58:24 - [TEST_CASE][PASSED] - Test Cases/Filtreler/EttnYaz: Test Cases/Filtreler/EttnYaz

2021-11-23 16:58:24 - [TEST_STEP][PASSED] - Method.TextDegerineEsitElementinAltindakiTextboxtaYaz(findTestObject("Filtreler/Basliklar"), findTestObject("Filtreler/Basliga_Gore_Textbox"), "ETTN", ettn): Method.TextDegerineEsitElementinAltindakiTextboxtaYaz is PASSED

2021-11-23 16:58:24 - [MESSAGE][INFO] - Finding Test Object 'Object Repository/Filtreler/Basliklar'

2021-11-23 16:58:24 - [MESSAGE][INFO] - Finding Test Object 'Object Repository/Filtreler/Basliga_Gore_Textbox'

2021-11-23 16:58:24 - [MESSAGE][INFO] - Checking timeout

2021-11-23 16:58:24 - [MESSAGE][INFO] - Finding web element with id: 'Object Repository/Filtreler/Basliklar' located by 'By.cssSelector: .control-label.col-sm-4.paddingMarginRLC' in '10' second(s)

2021-11-23 16:58:24 - [MESSAGE][INFO] - Smart Wait Function is triggered

2021-11-23 16:58:24 - [MESSAGE][INFO] - Found 13 web elements with id: 'Object Repository/Filtreler/Basliklar' located by 'By.cssSelector: .control-label.col-sm-4.paddingMarginRLC' in '10' second(s)

2021-11-23 16:58:24 - [MESSAGE][INFO] - Smart Wait Function is triggered

2021-11-23 16:58:24 - [MESSAGE][PASSED] - Method.TextDegerineEsitElementinAltindakiTextboxtaYaz is PASSED

2021-11-23 16:58:24 - [MESSAGE][PASSED] - Call Test Case 'Test Cases/Filtreler/EttnYaz' successfully

2021-11-23 16:58:24 - [MESSAGE][INFO] - Checking called Test Case

2021-11-23 16:58:24 - [MESSAGE][INFO] - Starting to call Test Case 'Test Cases/Filtreler/ButonaTikla'

2021-11-23 16:58:25 - [TEST_CASE][PASSED] - Test Cases/Filtreler/ButonaTikla: Test Cases/Filtreler/ButonaTikla

2021-11-23 16:58:25 - [TEST_STEP][PASSED] - Method.TextDegerineEsitElementeTikla(findTestObject("Filtreler/Butonlar"), Filtre_Buton): Method.TextDegerineEsitElementeTikla is PASSED

2021-11-23 16:58:25 - [MESSAGE][INFO] - Finding Test Object 'Object Repository/Filtreler/Butonlar'

2021-11-23 16:58:25 - [MESSAGE][INFO] - Checking timeout

2021-11-23 16:58:25 - [MESSAGE][INFO] - Finding web element with id: 'Object Repository/Filtreler/Butonlar' located by 'By.cssSelector: .dxb>span' in '10' second(s)

2021-11-23 16:58:25 - [MESSAGE][INFO] - Smart Wait Function is triggered

2021-11-23 16:58:25 - [MESSAGE][INFO] - Found 3 web elements with id: 'Object Repository/Filtreler/Butonlar' located by 'By.cssSelector: .dxb>span' in '10' second(s)

2021-11-23 16:58:25 - [MESSAGE][PASSED] - Method.TextDegerineEsitElementeTikla is PASSED

2021-11-23 16:58:25 - [MESSAGE][PASSED] - Call Test Case 'Test Cases/Filtreler/ButonaTikla' successfully

2021-11-23 16:58:25 - [MESSAGE][INFO] - Checking called Test Case

2021-11-23 16:58:25 - [MESSAGE][INFO] - Starting to call Test Case 'Test Cases/Tablo/TablodaVeriVarMi'

2021-11-23 16:58:25 - [TEST_CASE][PASSED] - Test Cases/Tablo/TablodaVeriVarMi: Test Cases/Tablo/TablodaVeriVarMi

2021-11-23 16:58:25 - [TEST_STEP][PASSED] - verifyTextNotPresent("Görüntülenecek veri yok", true): Text 'Görüntülenecek veri yok' is not present on page using regular expression

2021-11-23 16:58:25 - [MESSAGE][INFO] - Checking text present  using regular expression

2021-11-23 16:58:25 - [MESSAGE][INFO] - Smart Wait Function is triggered

2021-11-23 16:58:26 - [MESSAGE][INFO] - Finding text 'Görüntülenecek veri yok' on page  using regular expression

2021-11-23 16:58:26 - [MESSAGE][PASSED] - Text 'Görüntülenecek veri yok' is not present on page using regular expression

2021-11-23 16:58:26 - [MESSAGE][PASSED] - Call Test Case 'Test Cases/Tablo/TablodaVeriVarMi' successfully

2021-11-23 16:58:26 - [MESSAGE][INFO] - Checking called Test Case

2021-11-23 16:58:26 - [MESSAGE][INFO] - Starting to call Test Case 'Test Cases/Tablo/TablodaVeriBasariliMiSmm'

2021-11-23 16:58:26 - [TEST_CASE][PASSED] - Test Cases/Tablo/TablodaVeriBasariliMiSmm: Test Cases/Tablo/TablodaVeriBasariliMiSmm

2021-11-23 16:58:26 - [TEST_STEP][PASSED] - sayac = 80: null

2021-11-23 16:58:26 - [TEST_STEP][PASSED] - while (verifyElementText(findTestObject("Tablo/DurumBilgisiSmm"), "Henüz Sonuçlanmadı", OPTIONAL)): Actual text 'Başarılı' and expected text 'Henüz Sonuçlanmadı' of test object 'Object Repository/Tablo/DurumBilgisiSmm' are NOT matched. (Root cause: com.kms.katalon.core.exception.StepFailedException: Actual text 'Başarılı' and expected text 'Henüz Sonuçlanmadı' of test object 'Object Repository/Tablo/DurumBilgisiSmm' are NOT matched.
	at com.kms.katalon.core.webui.keyword.internal.WebUIKeywordMain.stepFailed(WebUIKeywordMain.groovy:64)
	at com.kms.katalon.core.webui.keyword.builtin.VerifyElementTextKeyword$_verifyElementText_closure1.doCall(VerifyElementTextKeyword.groovy:57)
	at com.kms.katalon.core.webui.keyword.builtin.VerifyElementTextKeyword$_verifyElementText_closure1.call(VerifyElementTextKeyword.groovy)
	at com.kms.katalon.core.webui.keyword.internal.WebUIKeywordMain.runKeyword(WebUIKeywordMain.groovy:20)
	at com.kms.katalon.core.webui.keyword.builtin.VerifyElementTextKeyword.verifyElementText(VerifyElementTextKeyword.groovy:72)
	at com.kms.katalon.core.webui.keyword.builtin.VerifyElementTextKeyword.execute(VerifyElementTextKeyword.groovy:40)
	at com.kms.katalon.core.keyword.internal.KeywordExecutor.executeKeywordForPlatform(KeywordExecutor.groovy:73)
	at com.kms.katalon.core.webui.keyword.WebUiBuiltInKeywords.verifyElementText(WebUiBuiltInKeywords.groovy:4733)
	at com.kms.katalon.core.webui.keyword.WebUiBuiltInKeywords$verifyElementText$27.call(Unknown Source)
	at TablodaVeriBasariliMiSmm.run(TablodaVeriBasariliMiSmm:22)
	at com.kms.katalon.core.main.ScriptEngine.run(ScriptEngine.java:194)
	at com.kms.katalon.core.main.ScriptEngine.runScriptAsRawText(ScriptEngine.java:119)
	at com.kms.katalon.core.main.TestCaseExecutor.runScript(TestCaseExecutor.java:369)
	at com.kms.katalon.core.main.TestCaseExecutor.doExecute(TestCaseExecutor.java:360)
	at com.kms.katalon.core.main.TestCaseExecutor.processExecutionPhase(TestCaseExecutor.java:339)
	at com.kms.katalon.core.main.TestCaseExecutor.accessMainPhase(TestCaseExecutor.java:331)
	at com.kms.katalon.core.main.TestCaseExecutor.execute(TestCaseExecutor.java:248)
	at com.kms.katalon.core.main.TestCaseMain.runTestCase(TestCaseMain.java:138)
	at com.kms.katalon.core.keyword.builtin.CallTestCaseKeyword$_callTestCase_closure1.doCall(CallTestCaseKeyword.groovy:59)
	at com.kms.katalon.core.keyword.builtin.CallTestCaseKeyword$_callTestCase_closure1.call(CallTestCaseKeyword.groovy)
	at com.kms.katalon.core.keyword.internal.KeywordMain.runKeyword(KeywordMain.groovy:68)
	at com.kms.katalon.core.keyword.builtin.CallTestCaseKeyword.callTestCase(CallTestCaseKeyword.groovy:81)
	at com.kms.katalon.core.keyword.builtin.CallTestCaseKeyword.execute(CallTestCaseKeyword.groovy:44)
	at com.kms.katalon.core.keyword.internal.KeywordExecutor.executeKeywordForPlatform(KeywordExecutor.groovy:73)
	at com.kms.katalon.core.keyword.BuiltinKeywords.callTestCase(BuiltinKeywords.groovy:334)
	at tablo.tablo.tablodaVeriBasariliMiSmm(tablo.groovy:105)
	at cucumber.runtime.Utils$1.call(Utils.java:26)
	at cucumber.runtime.Timeout.timeout(Timeout.java:16)
	at cucumber.runtime.Utils.invoke(Utils.java:20)
	at cucumber.runtime.java.JavaStepDefinition.execute(JavaStepDefinition.java:49)
	at cucumber.runner.PickleStepDefinitionMatch.runStep(PickleStepDefinitionMatch.java:50)
	at cucumber.runner.TestStep.executeStep(TestStep.java:63)
	at cucumber.runner.TestStep.run(TestStep.java:49)
	at cucumber.runner.PickleStepTestStep.run(PickleStepTestStep.java:43)
	at cucumber.runner.TestCase.run(TestCase.java:44)
	at cucumber.runner.Runner.runPickle(Runner.java:40)
	at cucumber.runtime.Runtime$1.run(Runtime.java:84)
	at cucumber.runtime.Runtime$SameThreadExecutorService.execute(Runtime.java:220)
	at cucumber.runtime.Runtime.run(Runtime.java:81)
	at cucumber.api.cli.Main.run(Main.java:26)
	at cucumber.api.cli.Main$run.call(Unknown Source)
	at com.kms.katalon.core.cucumber.keyword.CucumberBuiltinKeywords$_runFeatureFile_closure1.doCall(CucumberBuiltinKeywords.groovy:106)
	at com.kms.katalon.core.cucumber.keyword.CucumberBuiltinKeywords$_runFeatureFile_closure1.doCall(CucumberBuiltinKeywords.groovy)
	at com.kms.katalon.core.keyword.internal.KeywordMain.runKeyword(KeywordMain.groovy:68)
	at com.kms.katalon.core.keyword.internal.KeywordMain$runKeyword.call(Unknown Source)
	at com.kms.katalon.core.cucumber.keyword.CucumberBuiltinKeywords.runFeatureFile(CucumberBuiltinKeywords.groovy:73)
	at com.kms.katalon.core.cucumber.keyword.CucumberBuiltinKeywords$runFeatureFile$0.callStatic(Unknown Source)
	at com.kms.katalon.core.cucumber.keyword.CucumberBuiltinKeywords.runFeatureFile(CucumberBuiltinKeywords.groovy:246)
	at com.kms.katalon.core.cucumber.keyword.CucumberBuiltinKeywords$runFeatureFile.call(Unknown Source)
	at Elektronik Tipinde.run(Elektronik Tipinde:17)
	at com.kms.katalon.core.main.ScriptEngine.run(ScriptEngine.java:194)
	at com.kms.katalon.core.main.ScriptEngine.runScriptAsRawText(ScriptEngine.java:119)
	at com.kms.katalon.core.main.TestCaseExecutor.runScript(TestCaseExecutor.java:369)
	at com.kms.katalon.core.main.TestCaseExecutor.doExecute(TestCaseExecutor.java:360)
	at com.kms.katalon.core.main.TestCaseExecutor.processExecutionPhase(TestCaseExecutor.java:339)
	at com.kms.katalon.core.main.TestCaseExecutor.accessMainPhase(TestCaseExecutor.java:331)
	at com.kms.katalon.core.main.TestCaseExecutor.execute(TestCaseExecutor.java:248)
	at com.kms.katalon.core.main.TestSuiteExecutor.accessTestCaseMainPhase(TestSuiteExecutor.java:191)
	at com.kms.katalon.core.main.TestSuiteExecutor.accessTestSuiteMainPhase(TestSuiteExecutor.java:140)
	at com.kms.katalon.core.main.TestSuiteExecutor.execute(TestSuiteExecutor.java:89)
	at com.kms.katalon.core.main.TestCaseMain.startTestSuite(TestCaseMain.java:181)
	at com.kms.katalon.core.main.TestCaseMain$startTestSuite$0.call(Unknown Source)
	at TempTestSuite1637674428169.run(TempTestSuite1637674428169.groovy:39)
)

2021-11-23 16:58:26 - [MESSAGE][INFO] - Finding Test Object 'Object Repository/Tablo/DurumBilgisiSmm'

2021-11-23 16:58:27 - [MESSAGE][INFO] - Checking object

2021-11-23 16:58:27 - [MESSAGE][INFO] - Finding web element from Test Object's properties

2021-11-23 16:58:27 - [MESSAGE][INFO] - Checking timeout

2021-11-23 16:58:27 - [MESSAGE][INFO] - Finding web element with id: 'Object Repository/Tablo/DurumBilgisiSmm' located by 'By.xpath: //*[@id = 'GridViewSEReceipt_tccell0_10']' in '30' second(s)

2021-11-23 16:58:27 - [MESSAGE][INFO] - Smart Wait Function is triggered

2021-11-23 16:58:27 - [MESSAGE][INFO] - Found 1 web elements with id: 'Object Repository/Tablo/DurumBilgisiSmm' located by 'By.xpath: //*[@id = 'GridViewSEReceipt_tccell0_10']' in '30' second(s)

2021-11-23 16:58:27 - [MESSAGE][WARNING] - Actual text 'Başarılı' and expected text 'Henüz Sonuçlanmadı' of test object 'Object Repository/Tablo/DurumBilgisiSmm' are NOT matched. (Root cause: com.kms.katalon.core.exception.StepFailedException: Actual text 'Başarılı' and expected text 'Henüz Sonuçlanmadı' of test object 'Object Repository/Tablo/DurumBilgisiSmm' are NOT matched.
	at com.kms.katalon.core.webui.keyword.internal.WebUIKeywordMain.stepFailed(WebUIKeywordMain.groovy:64)
	at com.kms.katalon.core.webui.keyword.builtin.VerifyElementTextKeyword$_verifyElementText_closure1.doCall(VerifyElementTextKeyword.groovy:57)
	at com.kms.katalon.core.webui.keyword.builtin.VerifyElementTextKeyword$_verifyElementText_closure1.call(VerifyElementTextKeyword.groovy)
	at com.kms.katalon.core.webui.keyword.internal.WebUIKeywordMain.runKeyword(WebUIKeywordMain.groovy:20)
	at com.kms.katalon.core.webui.keyword.builtin.VerifyElementTextKeyword.verifyElementText(VerifyElementTextKeyword.groovy:72)
	at com.kms.katalon.core.webui.keyword.builtin.VerifyElementTextKeyword.execute(VerifyElementTextKeyword.groovy:40)
	at com.kms.katalon.core.keyword.internal.KeywordExecutor.executeKeywordForPlatform(KeywordExecutor.groovy:73)
	at com.kms.katalon.core.webui.keyword.WebUiBuiltInKeywords.verifyElementText(WebUiBuiltInKeywords.groovy:4733)
	at com.kms.katalon.core.webui.keyword.WebUiBuiltInKeywords$verifyElementText$27.call(Unknown Source)
	at TablodaVeriBasariliMiSmm.run(TablodaVeriBasariliMiSmm:22)
	at com.kms.katalon.core.main.ScriptEngine.run(ScriptEngine.java:194)
	at com.kms.katalon.core.main.ScriptEngine.runScriptAsRawText(ScriptEngine.java:119)
	at com.kms.katalon.core.main.TestCaseExecutor.runScript(TestCaseExecutor.java:369)
	at com.kms.katalon.core.main.TestCaseExecutor.doExecute(TestCaseExecutor.java:360)
	at com.kms.katalon.core.main.TestCaseExecutor.processExecutionPhase(TestCaseExecutor.java:339)
	at com.kms.katalon.core.main.TestCaseExecutor.accessMainPhase(TestCaseExecutor.java:331)
	at com.kms.katalon.core.main.TestCaseExecutor.execute(TestCaseExecutor.java:248)
	at com.kms.katalon.core.main.TestCaseMain.runTestCase(TestCaseMain.java:138)
	at com.kms.katalon.core.keyword.builtin.CallTestCaseKeyword$_callTestCase_closure1.doCall(CallTestCaseKeyword.groovy:59)
	at com.kms.katalon.core.keyword.builtin.CallTestCaseKeyword$_callTestCase_closure1.call(CallTestCaseKeyword.groovy)
	at com.kms.katalon.core.keyword.internal.KeywordMain.runKeyword(KeywordMain.groovy:68)
	at com.kms.katalon.core.keyword.builtin.CallTestCaseKeyword.callTestCase(CallTestCaseKeyword.groovy:81)
	at com.kms.katalon.core.keyword.builtin.CallTestCaseKeyword.execute(CallTestCaseKeyword.groovy:44)
	at com.kms.katalon.core.keyword.internal.KeywordExecutor.executeKeywordForPlatform(KeywordExecutor.groovy:73)
	at com.kms.katalon.core.keyword.BuiltinKeywords.callTestCase(BuiltinKeywords.groovy:334)
	at tablo.tablo.tablodaVeriBasariliMiSmm(tablo.groovy:105)
	at cucumber.runtime.Utils$1.call(Utils.java:26)
	at cucumber.runtime.Timeout.timeout(Timeout.java:16)
	at cucumber.runtime.Utils.invoke(Utils.java:20)
	at cucumber.runtime.java.JavaStepDefinition.execute(JavaStepDefinition.java:49)
	at cucumber.runner.PickleStepDefinitionMatch.runStep(PickleStepDefinitionMatch.java:50)
	at cucumber.runner.TestStep.executeStep(TestStep.java:63)
	at cucumber.runner.TestStep.run(TestStep.java:49)
	at cucumber.runner.PickleStepTestStep.run(PickleStepTestStep.java:43)
	at cucumber.runner.TestCase.run(TestCase.java:44)
	at cucumber.runner.Runner.runPickle(Runner.java:40)
	at cucumber.runtime.Runtime$1.run(Runtime.java:84)
	at cucumber.runtime.Runtime$SameThreadExecutorService.execute(Runtime.java:220)
	at cucumber.runtime.Runtime.run(Runtime.java:81)
	at cucumber.api.cli.Main.run(Main.java:26)
	at cucumber.api.cli.Main$run.call(Unknown Source)
	at com.kms.katalon.core.cucumber.keyword.CucumberBuiltinKeywords$_runFeatureFile_closure1.doCall(CucumberBuiltinKeywords.groovy:106)
	at com.kms.katalon.core.cucumber.keyword.CucumberBuiltinKeywords$_runFeatureFile_closure1.doCall(CucumberBuiltinKeywords.groovy)
	at com.kms.katalon.core.keyword.internal.KeywordMain.runKeyword(KeywordMain.groovy:68)
	at com.kms.katalon.core.keyword.internal.KeywordMain$runKeyword.call(Unknown Source)
	at com.kms.katalon.core.cucumber.keyword.CucumberBuiltinKeywords.runFeatureFile(CucumberBuiltinKeywords.groovy:73)
	at com.kms.katalon.core.cucumber.keyword.CucumberBuiltinKeywords$runFeatureFile$0.callStatic(Unknown Source)
	at com.kms.katalon.core.cucumber.keyword.CucumberBuiltinKeywords.runFeatureFile(CucumberBuiltinKeywords.groovy:246)
	at com.kms.katalon.core.cucumber.keyword.CucumberBuiltinKeywords$runFeatureFile.call(Unknown Source)
	at Elektronik Tipinde.run(Elektronik Tipinde:17)
	at com.kms.katalon.core.main.ScriptEngine.run(ScriptEngine.java:194)
	at com.kms.katalon.core.main.ScriptEngine.runScriptAsRawText(ScriptEngine.java:119)
	at com.kms.katalon.core.main.TestCaseExecutor.runScript(TestCaseExecutor.java:369)
	at com.kms.katalon.core.main.TestCaseExecutor.doExecute(TestCaseExecutor.java:360)
	at com.kms.katalon.core.main.TestCaseExecutor.processExecutionPhase(TestCaseExecutor.java:339)
	at com.kms.katalon.core.main.TestCaseExecutor.accessMainPhase(TestCaseExecutor.java:331)
	at com.kms.katalon.core.main.TestCaseExecutor.execute(TestCaseExecutor.java:248)
	at com.kms.katalon.core.main.TestSuiteExecutor.accessTestCaseMainPhase(TestSuiteExecutor.java:191)
	at com.kms.katalon.core.main.TestSuiteExecutor.accessTestSuiteMainPhase(TestSuiteExecutor.java:140)
	at com.kms.katalon.core.main.TestSuiteExecutor.execute(TestSuiteExecutor.java:89)
	at com.kms.katalon.core.main.TestCaseMain.startTestSuite(TestCaseMain.java:181)
	at com.kms.katalon.core.main.TestCaseMain$startTestSuite$0.call(Unknown Source)
	at TempTestSuite1637674428169.run(TempTestSuite1637674428169.groovy:39)
)

2021-11-23 16:58:27 - [TEST_STEP][PASSED] - Method.TextDegerineEsitElementVarMi(findTestObject("Tablo/DurumBilgisiSmm"), "Başarılı"): Method.TextDegerineEsitElementVarMi is PASSED

2021-11-23 16:58:27 - [MESSAGE][INFO] - Finding Test Object 'Object Repository/Tablo/DurumBilgisiSmm'

2021-11-23 16:58:27 - [MESSAGE][INFO] - Checking timeout

2021-11-23 16:58:27 - [MESSAGE][INFO] - Finding web element with id: 'Object Repository/Tablo/DurumBilgisiSmm' located by 'By.xpath: //*[@id = 'GridViewSEReceipt_tccell0_10']' in '10' second(s)

2021-11-23 16:58:27 - [MESSAGE][INFO] - Smart Wait Function is triggered

2021-11-23 16:58:27 - [MESSAGE][INFO] - Found 1 web elements with id: 'Object Repository/Tablo/DurumBilgisiSmm' located by 'By.xpath: //*[@id = 'GridViewSEReceipt_tccell0_10']' in '10' second(s)

2021-11-23 16:58:27 - [MESSAGE][PASSED] - Method.TextDegerineEsitElementVarMi is PASSED

2021-11-23 16:58:27 - [MESSAGE][PASSED] - Call Test Case 'Test Cases/Tablo/TablodaVeriBasariliMiSmm' successfully

2021-11-23 16:58:27 - [MESSAGE][INFO] - Checking called Test Case

2021-11-23 16:58:27 - [MESSAGE][INFO] - Starting to call Test Case 'Test Cases/Kullanici_Islemleri/KullaniciIslemlerindenSecimYapilir'

2021-11-23 16:58:27 - [TEST_CASE][PASSED] - Test Cases/Kullanici_Islemleri/KullaniciIslemlerindenSecimYapilir: Test Cases/Kullanici_Islemleri/KullaniciIslemlerindenSecimYapilir

2021-11-23 16:58:27 - [TEST_STEP][PASSED] - waitForElementClickable(findTestObject("Object Repository/Kullanici_Islemleri/KullaniciIslemleri"), 10): Object 'Object Repository/Kullanici_Islemleri/KullaniciIslemleri' is clickable

2021-11-23 16:58:27 - [MESSAGE][INFO] - Finding Test Object 'Object Repository/Kullanici_Islemleri/KullaniciIslemleri'

2021-11-23 16:58:27 - [MESSAGE][INFO] - Checking object

2021-11-23 16:58:27 - [MESSAGE][INFO] - Checking timeout

2021-11-23 16:58:27 - [MESSAGE][INFO] - Finding web element from Test Object's properties

2021-11-23 16:58:27 - [MESSAGE][INFO] - Checking timeout

2021-11-23 16:58:27 - [MESSAGE][INFO] - Finding web element with id: 'Object Repository/Kullanici_Islemleri/KullaniciIslemleri' located by 'By.cssSelector: .dropdown>a>img' in '10' second(s)

2021-11-23 16:58:27 - [MESSAGE][INFO] - Smart Wait Function is triggered

2021-11-23 16:58:28 - [MESSAGE][INFO] - Found 1 web elements with id: 'Object Repository/Kullanici_Islemleri/KullaniciIslemleri' located by 'By.cssSelector: .dropdown>a>img' in '10' second(s)

2021-11-23 16:58:28 - [MESSAGE][PASSED] - Object 'Object Repository/Kullanici_Islemleri/KullaniciIslemleri' is clickable

2021-11-23 16:58:28 - [TEST_STEP][PASSED] - click(findTestObject("Object Repository/Kullanici_Islemleri/KullaniciIslemleri")): Object: 'Object Repository/Kullanici_Islemleri/KullaniciIslemleri' is clicked on

2021-11-23 16:58:28 - [MESSAGE][INFO] - Finding Test Object 'Object Repository/Kullanici_Islemleri/KullaniciIslemleri'

2021-11-23 16:58:28 - [MESSAGE][INFO] - Checking object

2021-11-23 16:58:28 - [MESSAGE][INFO] - Finding web element from Test Object's properties

2021-11-23 16:58:28 - [MESSAGE][INFO] - Checking timeout

2021-11-23 16:58:28 - [MESSAGE][INFO] - Finding web element with id: 'Object Repository/Kullanici_Islemleri/KullaniciIslemleri' located by 'By.cssSelector: .dropdown>a>img' in '30' second(s)

2021-11-23 16:58:28 - [MESSAGE][INFO] - Smart Wait Function is triggered

2021-11-23 16:58:28 - [MESSAGE][INFO] - Found 1 web elements with id: 'Object Repository/Kullanici_Islemleri/KullaniciIslemleri' located by 'By.cssSelector: .dropdown>a>img' in '30' second(s)

2021-11-23 16:58:28 - [MESSAGE][INFO] - Clicking on object: 'Object Repository/Kullanici_Islemleri/KullaniciIslemleri'

2021-11-23 16:58:28 - [MESSAGE][PASSED] - Object: 'Object Repository/Kullanici_Islemleri/KullaniciIslemleri' is clicked on

2021-11-23 16:58:28 - [TEST_STEP][PASSED] - Method.TextDegerineEsitElementeTikla(findTestObject("Object Repository/Kullanici_Islemleri/Secenekler"), Islem): Method.TextDegerineEsitElementeTikla is PASSED

2021-11-23 16:58:28 - [MESSAGE][INFO] - Finding Test Object 'Object Repository/Kullanici_Islemleri/Secenekler'

2021-11-23 16:58:28 - [MESSAGE][INFO] - Checking timeout

2021-11-23 16:58:28 - [MESSAGE][INFO] - Finding web element with id: 'Object Repository/Kullanici_Islemleri/Secenekler' located by 'By.cssSelector: .nav.navbar-nav.navbar-right li a' in '10' second(s)

2021-11-23 16:58:28 - [MESSAGE][INFO] - Smart Wait Function is triggered

2021-11-23 16:58:28 - [MESSAGE][INFO] - Found 22 web elements with id: 'Object Repository/Kullanici_Islemleri/Secenekler' located by 'By.cssSelector: .nav.navbar-nav.navbar-right li a' in '10' second(s)

2021-11-23 16:58:30 - [MESSAGE][PASSED] - Method.TextDegerineEsitElementeTikla is PASSED

2021-11-23 16:58:30 - [TEST_STEP][PASSED] - verifyElementNotPresent(findTestObject("Object Repository/Kullanici_Islemleri/Secenekler"), 10): Web element with id: 'Object Repository/Kullanici_Islemleri/Secenekler' located by 'By.cssSelector: .nav.navbar-nav.navbar-right li a' is not present after '10' second(s)

2021-11-23 16:58:30 - [MESSAGE][INFO] - Finding Test Object 'Object Repository/Kullanici_Islemleri/Secenekler'

2021-11-23 16:58:30 - [MESSAGE][INFO] - Checking object

2021-11-23 16:58:30 - [MESSAGE][INFO] - Checking timeout

2021-11-23 16:58:30 - [MESSAGE][INFO] - Finding web element with id: 'Object Repository/Kullanici_Islemleri/Secenekler' located by 'By.cssSelector: .nav.navbar-nav.navbar-right li a' in '10' second(s)

2021-11-23 16:58:30 - [MESSAGE][INFO] - Smart Wait Function is triggered

2021-11-23 16:58:31 - [MESSAGE][PASSED] - Web element with id: 'Object Repository/Kullanici_Islemleri/Secenekler' located by 'By.cssSelector: .nav.navbar-nav.navbar-right li a' is not present after '10' second(s)

2021-11-23 16:58:31 - [MESSAGE][PASSED] - Call Test Case 'Test Cases/Kullanici_Islemleri/KullaniciIslemlerindenSecimYapilir' successfully

2021-11-23 16:58:31 - [TEST_CASE][PASSED] - Start Test Case : SCENARIO e-Serbest Meslek Makbuzu Olusturma: SCENARIO e-Serbest Meslek Makbuzu Olusturma

2021-11-23 16:58:31 - [TEST_STEP][PASSED] - Kullanıcı adı ELOGO6 ve Şifre 123456 olarak giriş yapılır: Kullanıcı adı ELOGO6 ve Şifre 123456 olarak giriş yapılır

2021-11-23 16:58:31 - [MESSAGE][PASSED] - Kullanıcı adı ELOGO6 ve Şifre 123456 olarak giriş yapılır

2021-11-23 16:58:31 - [TEST_STEP][PASSED] - Ana menüden e-Makbuz seçilir: Ana menüden e-Makbuz seçilir

2021-11-23 16:58:31 - [MESSAGE][PASSED] - Ana menüden e-Makbuz seçilir

2021-11-23 16:58:31 - [TEST_STEP][PASSED] - Alt menü e-Serbest Meslek Uygulaması başlığı altındaki e-Serbest Meslek Makbuzu Oluşturma seçilir: Alt menü e-Serbest Meslek Uygulaması başlığı altındaki e-Serbest Meslek Makbuzu Oluşturma seçilir

2021-11-23 16:58:31 - [MESSAGE][PASSED] - Alt menü e-Serbest Meslek Uygulaması başlığı altındaki e-Serbest Meslek Makbuzu Oluşturma seçilir

2021-11-23 16:58:31 - [TEST_STEP][PASSED] - Tablodaki tüm veriler silinir: Tablodaki tüm veriler silinir

2021-11-23 16:58:31 - [MESSAGE][PASSED] - Tablodaki tüm veriler silinir

2021-11-23 16:58:31 - [TEST_STEP][PASSED] - Butonlardan Ekle isimli butona tıklanır: Butonlardan Ekle isimli butona tıklanır

2021-11-23 16:58:31 - [MESSAGE][PASSED] - Butonlardan Ekle isimli butona tıklanır

2021-11-23 16:58:31 - [TEST_STEP][PASSED] - Görsel tasarım sayfasının Makbuz Bilgileri başlığını içerdiği kontrol edilir: Görsel tasarım sayfasının Makbuz Bilgileri başlığını içerdiği kontrol edilir

2021-11-23 16:58:31 - [MESSAGE][PASSED] - Görsel tasarım sayfasının Makbuz Bilgileri başlığını içerdiği kontrol edilir

2021-11-23 16:58:31 - [TEST_STEP][PASSED] - Alıcı adı alanına UC0038 girilir: Alıcı adı alanına UC0038 girilir

2021-11-23 16:58:31 - [MESSAGE][PASSED] - Alıcı adı alanına UC0038 girilir

2021-11-23 16:58:31 - [TEST_STEP][PASSED] - Gönderim Şekli Elektronik olarak seçilir: Gönderim Şekli Elektronik olarak seçilir

2021-11-23 16:58:31 - [MESSAGE][PASSED] - Gönderim Şekli Elektronik olarak seçilir

2021-11-23 16:58:31 - [TEST_STEP][PASSED] - Ekle butonuna basılır: Ekle butonuna basılır

2021-11-23 16:58:31 - [MESSAGE][PASSED] - Ekle butonuna basılır

2021-11-23 16:58:31 - [TEST_STEP][PASSED] - Ürün ekleme alanında Ücretin Ne İçin Alındığı başlığına Otomasyon girilir: Ürün ekleme alanında Ücretin Ne İçin Alındığı başlığına Otomasyon girilir

2021-11-23 16:58:31 - [MESSAGE][PASSED] - Ürün ekleme alanında Ücretin Ne İçin Alındığı başlığına Otomasyon girilir

2021-11-23 16:58:31 - [TEST_STEP][PASSED] - Ürün ekleme alanında Brüt Ücret başlığına 400 girilir: Ürün ekleme alanında Brüt Ücret başlığına 400 girilir

2021-11-23 16:58:31 - [MESSAGE][PASSED] - Ürün ekleme alanında Brüt Ücret başlığına 400 girilir

2021-11-23 16:58:31 - [TEST_STEP][PASSED] - Ürün ekleme alanında G.V Stopaj Oranı% başlığına 10 girilir: Ürün ekleme alanında G.V Stopaj Oranı% başlığına 10 girilir

2021-11-23 16:58:31 - [MESSAGE][PASSED] - Ürün ekleme alanında G.V Stopaj Oranı% başlığına 10 girilir

2021-11-23 16:58:31 - [TEST_STEP][PASSED] - Notlar alanına Otomasyon Not girilir: Notlar alanına Otomasyon Not girilir

2021-11-23 16:58:31 - [MESSAGE][PASSED] - Notlar alanına Otomasyon Not girilir

2021-11-23 16:58:31 - [TEST_STEP][PASSED] - Ettn bilgisi kayıt edilir: Ettn bilgisi kayıt edilir

2021-11-23 16:58:31 - [MESSAGE][PASSED] - Ettn bilgisi kayıt edilir

2021-11-23 16:58:31 - [TEST_STEP][PASSED] - Kaydet butonu seçilir: Kaydet butonu seçilir

2021-11-23 16:58:31 - [MESSAGE][PASSED] - Kaydet butonu seçilir

2021-11-23 16:58:31 - [TEST_STEP][PASSED] - Tabloda VirgosolOtomasyon ünvanlı veri oluşturuldu mu: Tabloda VirgosolOtomasyon ünvanlı veri oluşturuldu mu

2021-11-23 16:58:31 - [MESSAGE][PASSED] - Tabloda VirgosolOtomasyon ünvanlı veri oluşturuldu mu

2021-11-23 16:58:31 - [TEST_STEP][PASSED] - Tablodan VirgosolOtomasyon isimli veri seçilir: Tablodan VirgosolOtomasyon isimli veri seçilir

2021-11-23 16:58:31 - [MESSAGE][PASSED] - Tablodan VirgosolOtomasyon isimli veri seçilir

2021-11-23 16:58:31 - [TEST_STEP][PASSED] - Butonlardan Değiştir isimli butona tıklanır: Butonlardan Değiştir isimli butona tıklanır

2021-11-23 16:58:31 - [MESSAGE][PASSED] - Butonlardan Değiştir isimli butona tıklanır

2021-11-23 16:58:31 - [TEST_STEP][PASSED] - Görsel tasarım sayfasının Makbuz Bilgileri başlığını içerdiği kontrol edilir: Görsel tasarım sayfasının Makbuz Bilgileri başlığını içerdiği kontrol edilir

2021-11-23 16:58:31 - [MESSAGE][PASSED] - Görsel tasarım sayfasının Makbuz Bilgileri başlığını içerdiği kontrol edilir

2021-11-23 16:58:31 - [TEST_STEP][PASSED] - Notlar alanına Otomasyon Not Değiştir girilir: Notlar alanına Otomasyon Not Değiştir girilir

2021-11-23 16:58:31 - [MESSAGE][PASSED] - Notlar alanına Otomasyon Not Değiştir girilir

2021-11-23 16:58:31 - [TEST_STEP][PASSED] - Kaydet butonu seçilir: Kaydet butonu seçilir

2021-11-23 16:58:31 - [MESSAGE][PASSED] - Kaydet butonu seçilir

2021-11-23 16:58:31 - [TEST_STEP][PASSED] - Tabloda VirgosolOtomasyon ünvanlı veri oluşturuldu mu: Tabloda VirgosolOtomasyon ünvanlı veri oluşturuldu mu

2021-11-23 16:58:31 - [MESSAGE][PASSED] - Tabloda VirgosolOtomasyon ünvanlı veri oluşturuldu mu

2021-11-23 16:58:31 - [TEST_STEP][PASSED] - Tablodan VirgosolOtomasyon isimli veri seçilir: Tablodan VirgosolOtomasyon isimli veri seçilir

2021-11-23 16:58:31 - [MESSAGE][PASSED] - Tablodan VirgosolOtomasyon isimli veri seçilir

2021-11-23 16:58:31 - [TEST_STEP][PASSED] - Butonlardan Numara Oluştur isimli butona tıklanır: Butonlardan Numara Oluştur isimli butona tıklanır

2021-11-23 16:58:31 - [MESSAGE][PASSED] - Butonlardan Numara Oluştur isimli butona tıklanır

2021-11-23 16:58:31 - [TEST_STEP][PASSED] - Popup mesajı Devam etmek istiyor musunuz içeriyor mu: Popup mesajı Devam etmek istiyor musunuz içeriyor mu

2021-11-23 16:58:31 - [MESSAGE][PASSED] - Popup mesajı Devam etmek istiyor musunuz içeriyor mu

2021-11-23 16:58:31 - [TEST_STEP][PASSED] - Yönetim popupında Evet seçilir: Yönetim popupında Evet seçilir

2021-11-23 16:58:31 - [MESSAGE][PASSED] - Yönetim popupında Evet seçilir

2021-11-23 16:58:31 - [TEST_STEP][PASSED] - Popup mesajı oluşmuştur içeriyor mu: Popup mesajı oluşmuştur içeriyor mu

2021-11-23 16:58:31 - [MESSAGE][PASSED] - Popup mesajı oluşmuştur içeriyor mu

2021-11-23 16:58:31 - [TEST_STEP][PASSED] - Yönetim popupında Tamam seçilir: Yönetim popupında Tamam seçilir

2021-11-23 16:58:31 - [MESSAGE][PASSED] - Yönetim popupında Tamam seçilir

2021-11-23 16:58:31 - [TEST_STEP][PASSED] - Tablodan VirgosolOtomasyon isimli veri seçilir: Tablodan VirgosolOtomasyon isimli veri seçilir

2021-11-23 16:58:31 - [MESSAGE][PASSED] - Tablodan VirgosolOtomasyon isimli veri seçilir

2021-11-23 16:58:31 - [TEST_STEP][PASSED] - Butonlardan Göster isimli butona tıklanır: Butonlardan Göster isimli butona tıklanır

2021-11-23 16:58:31 - [MESSAGE][PASSED] - Butonlardan Göster isimli butona tıklanır

2021-11-23 16:58:31 - [TEST_STEP][PASSED] - Yeni açılan sekmeye geçilir: Yeni açılan sekmeye geçilir

2021-11-23 16:58:31 - [MESSAGE][PASSED] - Yeni açılan sekmeye geçilir

2021-11-23 16:58:31 - [TEST_STEP][PASSED] - Yeni sekme başlığında e-Serbest Meslek Makbuzu var mı kontrol edilir: Yeni sekme başlığında e-Serbest Meslek Makbuzu var mı kontrol edilir

2021-11-23 16:58:31 - [MESSAGE][PASSED] - Yeni sekme başlığında e-Serbest Meslek Makbuzu var mı kontrol edilir

2021-11-23 16:58:31 - [TEST_STEP][PASSED] - Ana sekmeye geçilir: Ana sekmeye geçilir

2021-11-23 16:58:31 - [MESSAGE][PASSED] - Ana sekmeye geçilir

2021-11-23 16:58:31 - [TEST_STEP][PASSED] - Butonlardan UBL isimli butona tıklanır: Butonlardan UBL isimli butona tıklanır

2021-11-23 16:58:31 - [MESSAGE][PASSED] - Butonlardan UBL isimli butona tıklanır

2021-11-23 16:58:31 - [TEST_STEP][PASSED] - Yeni açılan sekmeye geçilir: Yeni açılan sekmeye geçilir

2021-11-23 16:58:31 - [MESSAGE][PASSED] - Yeni açılan sekmeye geçilir

2021-11-23 16:58:31 - [TEST_STEP][PASSED] - CreditNote tagli ubl geldi mi: CreditNote tagli ubl geldi mi

2021-11-23 16:58:31 - [MESSAGE][PASSED] - CreditNote tagli ubl geldi mi

2021-11-23 16:58:31 - [TEST_STEP][PASSED] - Ana sekmeye geçilir: Ana sekmeye geçilir

2021-11-23 16:58:31 - [MESSAGE][PASSED] - Ana sekmeye geçilir

2021-11-23 16:58:31 - [TEST_STEP][PASSED] - Butonlardan Gönder isimli butona tıklanır: Butonlardan Gönder isimli butona tıklanır

2021-11-23 16:58:31 - [MESSAGE][PASSED] - Butonlardan Gönder isimli butona tıklanır

2021-11-23 16:58:31 - [TEST_STEP][PASSED] - Popup mesajı Devam etmek istiyor musunuz içeriyor mu: Popup mesajı Devam etmek istiyor musunuz içeriyor mu

2021-11-23 16:58:31 - [MESSAGE][PASSED] - Popup mesajı Devam etmek istiyor musunuz içeriyor mu

2021-11-23 16:58:31 - [TEST_STEP][PASSED] - Yönetim popupında Evet seçilir: Yönetim popupında Evet seçilir

2021-11-23 16:58:31 - [MESSAGE][PASSED] - Yönetim popupında Evet seçilir

2021-11-23 16:58:31 - [TEST_STEP][PASSED] - Ana menüden e-Makbuz seçilir: Ana menüden e-Makbuz seçilir

2021-11-23 16:58:31 - [MESSAGE][PASSED] - Ana menüden e-Makbuz seçilir

2021-11-23 16:58:31 - [TEST_STEP][PASSED] - Alt menü e-Serbest Meslek Uygulaması başlığı altındaki e-Serbest Meslek Makbuzları seçilir: Alt menü e-Serbest Meslek Uygulaması başlığı altındaki e-Serbest Meslek Makbuzları seçilir

2021-11-23 16:58:31 - [MESSAGE][PASSED] - Alt menü e-Serbest Meslek Uygulaması başlığı altındaki e-Serbest Meslek Makbuzları seçilir

2021-11-23 16:58:31 - [TEST_STEP][PASSED] - Filtrelerden Ettn filtresine Ettn bilgisi yaz: Filtrelerden Ettn filtresine Ettn bilgisi yaz

2021-11-23 16:58:31 - [MESSAGE][PASSED] - Filtrelerden Ettn filtresine Ettn bilgisi yaz

2021-11-23 16:58:31 - [TEST_STEP][PASSED] - Filtre butonlarından Listele seçilir: Filtre butonlarından Listele seçilir

2021-11-23 16:58:31 - [MESSAGE][PASSED] - Filtre butonlarından Listele seçilir

2021-11-23 16:58:31 - [TEST_STEP][PASSED] - Tabloda veri var mı kontrol edilir: Tabloda veri var mı kontrol edilir

2021-11-23 16:58:31 - [MESSAGE][PASSED] - Tabloda veri var mı kontrol edilir

2021-11-23 16:58:31 - [TEST_STEP][PASSED] - Tabloda yeni oluşturulan smm verisi başarılı mı: Tabloda yeni oluşturulan smm verisi başarılı mı

2021-11-23 16:58:31 - [MESSAGE][PASSED] - Tabloda yeni oluşturulan smm verisi başarılı mı

2021-11-23 16:58:31 - [TEST_STEP][PASSED] - Kullanıcı işlemlerinden Çıkış seçilir: Kullanıcı işlemlerinden Çıkış seçilir

2021-11-23 16:58:31 - [MESSAGE][PASSED] - Kullanıcı işlemlerinden Çıkış seçilir

2021-11-23 16:58:31 - [MESSAGE][PASSED] - Feature file: 'Include/features/e-Makbuz/e-Serbest Meslek Uygulaması/e-Serbest Meslek Makbuzu Olusturma/Ekle/Elektronik Tipinde.feature' was passed

2021-11-23 16:58:31 - [TEST_STEP][PASSED] - Start listener action : sampleAfterTestSuite: Invoke 'com.kms.katalon.core.annotation.AfterTestCase' method: 'Listener.sampleAfterTestSuite(...)' completed.

2021-11-23 16:58:31 - [MESSAGE][INFO] - Starting invoke 'com.kms.katalon.core.annotation.AfterTestCase' method: 'Listener.sampleAfterTestSuite(...)'

2021-11-23 16:58:31 - [TEST_STEP][PASSED] - closeBrowser(): Invoke 'com.kms.katalon.core.annotation.AfterTestCase' method: 'Listener.sampleAfterTestSuite(...)' completed.

2021-11-23 16:58:31 - [MESSAGE][INFO] - Closing browser

2021-11-23 16:58:31 - [MESSAGE][PASSED] - Browser is closed

2021-11-23 16:58:31 - [MESSAGE][INFO] - Invoke 'com.kms.katalon.core.annotation.AfterTestCase' method: 'Listener.sampleAfterTestSuite(...)' completed.]]></system-out>
         <system-err><![CDATA[]]></system-err>
      </testcase>
      <testcase name="Test Cases/Case Repository/e-Makbuz/e-Serbest Meslek Uygulamasi/e-Serbest Meslek Makbuzu Olusturma/Ekran Kontrolu" time="36.708" classname="Test Cases/Case Repository/e-Makbuz/e-Serbest Meslek Uygulamasi/e-Serbest Meslek Makbuzu Olusturma/Ekran Kontrolu" status="PASSED">
         <system-out><![CDATA[2021-11-23 16:58:31 - [TEST_CASE][PASSED] - Test Cases/Case Repository/e-Makbuz/e-Serbest Meslek Uygulamasi/e-Serbest Meslek Makbuzu Olusturma/Ekran Kontrolu: Test Cases/Case Repository/e-Makbuz/e-Serbest Meslek Uygulamasi/e-Serbest Meslek Makbuzu Olusturma/Ekran Kontrolu

2021-11-23 16:58:31 - [TEST_STEP][PASSED] - Start listener action : sampleBeforeTestSuite: Invoke 'com.kms.katalon.core.annotation.BeforeTestCase' method: 'Listener.sampleBeforeTestSuite(...)' completed.

2021-11-23 16:58:31 - [MESSAGE][INFO] - Starting invoke 'com.kms.katalon.core.annotation.BeforeTestCase' method: 'Listener.sampleBeforeTestSuite(...)'

2021-11-23 16:58:31 - [TEST_STEP][PASSED] - openBrowser(baseUrl): Browser is opened with url: 'https://efatura-stage.elogo.com.tr/'

2021-11-23 16:58:31 - [MESSAGE][INFO] - Opening browser

2021-11-23 16:58:31 - [MESSAGE][INFO] - Starting 'Chrome' driver

2021-11-23 16:58:31 - [MESSAGE][INFO] - User set preference: ['prefs', '{download.default_directory=C:\otomasyondownfiles}']

2021-11-23 16:58:31 - [MESSAGE][INFO] - Action delay is set to 0 milliseconds

2021-11-23 16:58:33 - [MESSAGE][INFO] - Navigating browser to: 'https://efatura-stage.elogo.com.tr/'

2021-11-23 16:58:35 - [MESSAGE][PASSED] - Browser is opened with url: 'https://efatura-stage.elogo.com.tr/'

2021-11-23 16:58:35 - [TEST_STEP][PASSED] - maximizeWindow(): Invoke 'com.kms.katalon.core.annotation.BeforeTestCase' method: 'Listener.sampleBeforeTestSuite(...)' completed.

2021-11-23 16:58:35 - [MESSAGE][INFO] - Maximizing current window

2021-11-23 16:58:35 - [MESSAGE][PASSED] - Current window maximized

2021-11-23 16:58:35 - [MESSAGE][INFO] - Invoke 'com.kms.katalon.core.annotation.BeforeTestCase' method: 'Listener.sampleBeforeTestSuite(...)' completed.

2021-11-23 16:58:36 - [TEST_STEP][PASSED] - runFeatureFile("Include/features/e-Makbuz/e-Serbest Meslek Uygulaması/e-Serbest Meslek Makbuzu Olusturma/Ekran Kontrolu.feature"): Feature file: 'Include/features/e-Makbuz/e-Serbest Meslek Uygulaması/e-Serbest Meslek Makbuzu Olusturma/Ekran Kontrolu.feature' was passed

2021-11-23 16:58:36 - [MESSAGE][INFO] - Starting run keyword runFeatureFile: 'Include/features/e-Makbuz/e-Serbest Meslek Uygulaması/e-Serbest Meslek Makbuzu Olusturma/Ekran Kontrolu.feature' and extract report to folder: 'C:\Users\DELL\Documents\GitHub\EES_KatalonLogo\Reports\20211123_163326\Suite Repository\e-Makbuz\20211123_163348/cucumber_report/1637675916649'...

2021-11-23 16:58:36 - [MESSAGE][INFO] - Glue: []

2021-11-23 16:58:39 - [MESSAGE][INFO] - Checking called Test Case

2021-11-23 16:58:39 - [MESSAGE][INFO] - Starting to call Test Case 'Test Cases/Sayfalar/Giris_Sayfasi/Login'

2021-11-23 16:58:39 - [TEST_CASE][PASSED] - Test Cases/Sayfalar/Giris_Sayfasi/Login: Test Cases/Sayfalar/Giris_Sayfasi/Login

2021-11-23 16:58:39 - [TEST_STEP][PASSED] - Sayfa_Basligi = getWindowTitle(): Current window's title is: 'LOGO e-Fatura'

2021-11-23 16:58:39 - [MESSAGE][INFO] - Getting current window's title

2021-11-23 16:58:39 - [MESSAGE][PASSED] - Current window's title is: 'LOGO e-Fatura'

2021-11-23 16:58:39 - [TEST_STEP][PASSED] - verifyMatch(Sayfa_Basligi, "LOGO e-Fatura", false): Actual text 'LOGO e-Fatura' and expected text 'LOGO e-Fatura' are matched 

2021-11-23 16:58:39 - [MESSAGE][INFO] - Matching actual text 'LOGO e-Fatura' with expected text 'LOGO e-Fatura'

2021-11-23 16:58:39 - [MESSAGE][PASSED] - Actual text 'LOGO e-Fatura' and expected text 'LOGO e-Fatura' are matched 

2021-11-23 16:58:39 - [TEST_STEP][PASSED] - sendKeys(findTestObject("Sayfalar/Giris_Sayfasi/Firma_Kodu"), KullaniciAdi): Keys 'ELOGO6' sent to object: 'Object Repository/Sayfalar/Giris_Sayfasi/Firma_Kodu'

2021-11-23 16:58:39 - [MESSAGE][INFO] - Finding Test Object 'Object Repository/Sayfalar/Giris_Sayfasi/Firma_Kodu'

2021-11-23 16:58:39 - [MESSAGE][INFO] - Sending keys 'ELOGO6' to object: 'Object Repository/Sayfalar/Giris_Sayfasi/Firma_Kodu'

2021-11-23 16:58:39 - [MESSAGE][INFO] - Finding web element from Test Object's properties

2021-11-23 16:58:39 - [MESSAGE][INFO] - Checking timeout

2021-11-23 16:58:39 - [MESSAGE][INFO] - Finding web element with id: 'Object Repository/Sayfalar/Giris_Sayfasi/Firma_Kodu' located by 'By.xpath: //*[@id = 'AccountName']' in '30' second(s)

2021-11-23 16:58:39 - [MESSAGE][INFO] - Smart Wait Function is triggered

2021-11-23 16:58:40 - [MESSAGE][INFO] - Found 1 web elements with id: 'Object Repository/Sayfalar/Giris_Sayfasi/Firma_Kodu' located by 'By.xpath: //*[@id = 'AccountName']' in '30' second(s)

2021-11-23 16:58:40 - [MESSAGE][PASSED] - Keys 'ELOGO6' sent to object: 'Object Repository/Sayfalar/Giris_Sayfasi/Firma_Kodu'

2021-11-23 16:58:40 - [TEST_STEP][PASSED] - sendKeys(findTestObject("Sayfalar/Giris_Sayfasi/Sifre"), Sifre): Keys '123456' sent to object: 'Object Repository/Sayfalar/Giris_Sayfasi/Sifre'

2021-11-23 16:58:40 - [MESSAGE][INFO] - Finding Test Object 'Object Repository/Sayfalar/Giris_Sayfasi/Sifre'

2021-11-23 16:58:40 - [MESSAGE][INFO] - Sending keys '123456' to object: 'Object Repository/Sayfalar/Giris_Sayfasi/Sifre'

2021-11-23 16:58:40 - [MESSAGE][INFO] - Finding web element from Test Object's properties

2021-11-23 16:58:40 - [MESSAGE][INFO] - Checking timeout

2021-11-23 16:58:40 - [MESSAGE][INFO] - Finding web element with id: 'Object Repository/Sayfalar/Giris_Sayfasi/Sifre' located by 'By.xpath: //*[@id = 'Password']' in '30' second(s)

2021-11-23 16:58:40 - [MESSAGE][INFO] - Smart Wait Function is triggered

2021-11-23 16:58:40 - [MESSAGE][INFO] - Found 1 web elements with id: 'Object Repository/Sayfalar/Giris_Sayfasi/Sifre' located by 'By.xpath: //*[@id = 'Password']' in '30' second(s)

2021-11-23 16:58:40 - [MESSAGE][PASSED] - Keys '123456' sent to object: 'Object Repository/Sayfalar/Giris_Sayfasi/Sifre'

2021-11-23 16:58:40 - [TEST_STEP][PASSED] - findWebElement(findTestObject("Sayfalar/Giris_Sayfasi/Giris_Butonu")).click(): Found 1 web elements with id: 'Object Repository/Sayfalar/Giris_Sayfasi/Giris_Butonu' located by 'By.cssSelector: #btnLogin' in '30' second(s)

2021-11-23 16:58:40 - [MESSAGE][INFO] - Finding Test Object 'Object Repository/Sayfalar/Giris_Sayfasi/Giris_Butonu'

2021-11-23 16:58:40 - [MESSAGE][INFO] - Finding web element from Test Object's properties

2021-11-23 16:58:40 - [MESSAGE][INFO] - Checking timeout

2021-11-23 16:58:40 - [MESSAGE][INFO] - Finding web element with id: 'Object Repository/Sayfalar/Giris_Sayfasi/Giris_Butonu' located by 'By.cssSelector: #btnLogin' in '30' second(s)

2021-11-23 16:58:40 - [MESSAGE][INFO] - Smart Wait Function is triggered

2021-11-23 16:58:41 - [MESSAGE][INFO] - Found 1 web elements with id: 'Object Repository/Sayfalar/Giris_Sayfasi/Giris_Butonu' located by 'By.cssSelector: #btnLogin' in '30' second(s)

2021-11-23 16:58:43 - [TEST_STEP][PASSED] - if (verifyElementPresent(findTestObject("Object Repository/Sayfalar/Giris_Sayfasi/RetveTamam_Butonu"), 5, OPTIONAL)): null

2021-11-23 16:58:43 - [MESSAGE][INFO] - Finding Test Object 'Object Repository/Sayfalar/Giris_Sayfasi/RetveTamam_Butonu'

2021-11-23 16:58:43 - [MESSAGE][INFO] - Checking object

2021-11-23 16:58:43 - [MESSAGE][INFO] - Finding web element from Test Object's properties

2021-11-23 16:58:43 - [MESSAGE][INFO] - Checking timeout

2021-11-23 16:58:43 - [MESSAGE][INFO] - Finding web element with id: 'Object Repository/Sayfalar/Giris_Sayfasi/RetveTamam_Butonu' located by 'By.xpath: //*[@class = 'btn btn-default']' in '5' second(s)

2021-11-23 16:58:43 - [MESSAGE][INFO] - Smart Wait Function is triggered

2021-11-23 16:58:43 - [MESSAGE][INFO] - Found 1 web elements with id: 'Object Repository/Sayfalar/Giris_Sayfasi/RetveTamam_Butonu' located by 'By.xpath: //*[@class = 'btn btn-default']' in '5' second(s)

2021-11-23 16:58:43 - [MESSAGE][PASSED] - Object 'Object Repository/Sayfalar/Giris_Sayfasi/RetveTamam_Butonu' is present

2021-11-23 16:58:43 - [TEST_STEP][PASSED] - click(findTestObject("Object Repository/Sayfalar/Giris_Sayfasi/RetveTamam_Butonu")): Object: 'Object Repository/Sayfalar/Giris_Sayfasi/RetveTamam_Butonu' is clicked on

2021-11-23 16:58:43 - [MESSAGE][INFO] - Finding Test Object 'Object Repository/Sayfalar/Giris_Sayfasi/RetveTamam_Butonu'

2021-11-23 16:58:43 - [MESSAGE][INFO] - Checking object

2021-11-23 16:58:43 - [MESSAGE][INFO] - Finding web element from Test Object's properties

2021-11-23 16:58:43 - [MESSAGE][INFO] - Checking timeout

2021-11-23 16:58:43 - [MESSAGE][INFO] - Finding web element with id: 'Object Repository/Sayfalar/Giris_Sayfasi/RetveTamam_Butonu' located by 'By.xpath: //*[@class = 'btn btn-default']' in '30' second(s)

2021-11-23 16:58:43 - [MESSAGE][INFO] - Smart Wait Function is triggered

2021-11-23 16:58:44 - [MESSAGE][INFO] - Found 1 web elements with id: 'Object Repository/Sayfalar/Giris_Sayfasi/RetveTamam_Butonu' located by 'By.xpath: //*[@class = 'btn btn-default']' in '30' second(s)

2021-11-23 16:58:44 - [MESSAGE][INFO] - Clicking on object: 'Object Repository/Sayfalar/Giris_Sayfasi/RetveTamam_Butonu'

2021-11-23 16:58:44 - [MESSAGE][PASSED] - Object: 'Object Repository/Sayfalar/Giris_Sayfasi/RetveTamam_Butonu' is clicked on

2021-11-23 16:58:44 - [TEST_STEP][PASSED] - click(findTestObject("Object Repository/Sayfalar/Giris_Sayfasi/RetveTamam_Butonu")): Object: 'Object Repository/Sayfalar/Giris_Sayfasi/RetveTamam_Butonu' is clicked on

2021-11-23 16:58:44 - [MESSAGE][INFO] - Finding Test Object 'Object Repository/Sayfalar/Giris_Sayfasi/RetveTamam_Butonu'

2021-11-23 16:58:44 - [MESSAGE][INFO] - Checking object

2021-11-23 16:58:44 - [MESSAGE][INFO] - Finding web element from Test Object's properties

2021-11-23 16:58:44 - [MESSAGE][INFO] - Checking timeout

2021-11-23 16:58:44 - [MESSAGE][INFO] - Finding web element with id: 'Object Repository/Sayfalar/Giris_Sayfasi/RetveTamam_Butonu' located by 'By.xpath: //*[@class = 'btn btn-default']' in '30' second(s)

2021-11-23 16:58:44 - [MESSAGE][INFO] - Smart Wait Function is triggered

2021-11-23 16:58:47 - [MESSAGE][INFO] - Found 1 web elements with id: 'Object Repository/Sayfalar/Giris_Sayfasi/RetveTamam_Butonu' located by 'By.xpath: //*[@class = 'btn btn-default']' in '30' second(s)

2021-11-23 16:58:47 - [MESSAGE][INFO] - Clicking on object: 'Object Repository/Sayfalar/Giris_Sayfasi/RetveTamam_Butonu'

2021-11-23 16:58:47 - [MESSAGE][PASSED] - Object: 'Object Repository/Sayfalar/Giris_Sayfasi/RetveTamam_Butonu' is clicked on

2021-11-23 16:58:47 - [TEST_STEP][PASSED] - if (verifyElementPresent(findTestObject("Sayfalar/Giris_Sayfasi/PopupOK"), 5, OPTIONAL)): null

2021-11-23 16:58:47 - [MESSAGE][INFO] - Finding Test Object 'Object Repository/Sayfalar/Giris_Sayfasi/PopupOK'

2021-11-23 16:58:47 - [MESSAGE][INFO] - Checking object

2021-11-23 16:58:47 - [MESSAGE][INFO] - Finding web element from Test Object's properties

2021-11-23 16:58:47 - [MESSAGE][INFO] - Checking timeout

2021-11-23 16:58:47 - [MESSAGE][INFO] - Finding web element with id: 'Object Repository/Sayfalar/Giris_Sayfasi/PopupOK' located by 'By.cssSelector: .btn.btn-success' in '5' second(s)

2021-11-23 16:58:47 - [MESSAGE][INFO] - Smart Wait Function is triggered

2021-11-23 16:58:48 - [MESSAGE][INFO] - Found 1 web elements with id: 'Object Repository/Sayfalar/Giris_Sayfasi/PopupOK' located by 'By.cssSelector: .btn.btn-success' in '5' second(s)

2021-11-23 16:58:48 - [MESSAGE][PASSED] - Object 'Object Repository/Sayfalar/Giris_Sayfasi/PopupOK' is present

2021-11-23 16:58:48 - [TEST_STEP][PASSED] - click(findTestObject("Object Repository/Sayfalar/Giris_Sayfasi/PopupCarpiGiris")): Object: 'Object Repository/Sayfalar/Giris_Sayfasi/PopupCarpiGiris' is clicked on

2021-11-23 16:58:48 - [MESSAGE][INFO] - Finding Test Object 'Object Repository/Sayfalar/Giris_Sayfasi/PopupCarpiGiris'

2021-11-23 16:58:48 - [MESSAGE][INFO] - Checking object

2021-11-23 16:58:48 - [MESSAGE][INFO] - Finding web element from Test Object's properties

2021-11-23 16:58:48 - [MESSAGE][INFO] - Checking timeout

2021-11-23 16:58:48 - [MESSAGE][INFO] - Finding web element with id: 'Object Repository/Sayfalar/Giris_Sayfasi/PopupCarpiGiris' located by 'By.cssSelector: .bootbox-close-button.close' in '30' second(s)

2021-11-23 16:58:48 - [MESSAGE][INFO] - Smart Wait Function is triggered

2021-11-23 16:58:48 - [MESSAGE][INFO] - Found 1 web elements with id: 'Object Repository/Sayfalar/Giris_Sayfasi/PopupCarpiGiris' located by 'By.cssSelector: .bootbox-close-button.close' in '30' second(s)

2021-11-23 16:58:48 - [MESSAGE][INFO] - Clicking on object: 'Object Repository/Sayfalar/Giris_Sayfasi/PopupCarpiGiris'

2021-11-23 16:58:48 - [MESSAGE][PASSED] - Object: 'Object Repository/Sayfalar/Giris_Sayfasi/PopupCarpiGiris' is clicked on

2021-11-23 16:58:48 - [TEST_STEP][PASSED] - verifyElementVisible(findTestObject("Object Repository/Kullanici_Islemleri/KullaniciIslemleri")): Object 'Object Repository/Kullanici_Islemleri/KullaniciIslemleri' is visible

2021-11-23 16:58:48 - [MESSAGE][INFO] - Finding Test Object 'Object Repository/Kullanici_Islemleri/KullaniciIslemleri'

2021-11-23 16:58:48 - [MESSAGE][INFO] - Checking object

2021-11-23 16:58:48 - [MESSAGE][INFO] - Finding web element from Test Object's properties

2021-11-23 16:58:48 - [MESSAGE][INFO] - Checking timeout

2021-11-23 16:58:48 - [MESSAGE][INFO] - Finding web element with id: 'Object Repository/Kullanici_Islemleri/KullaniciIslemleri' located by 'By.cssSelector: .dropdown>a>img' in '30' second(s)

2021-11-23 16:58:48 - [MESSAGE][INFO] - Smart Wait Function is triggered

2021-11-23 16:58:49 - [MESSAGE][INFO] - Found 1 web elements with id: 'Object Repository/Kullanici_Islemleri/KullaniciIslemleri' located by 'By.cssSelector: .dropdown>a>img' in '30' second(s)

2021-11-23 16:58:49 - [MESSAGE][PASSED] - Object 'Object Repository/Kullanici_Islemleri/KullaniciIslemleri' is visible

2021-11-23 16:58:49 - [MESSAGE][PASSED] - Call Test Case 'Test Cases/Sayfalar/Giris_Sayfasi/Login' successfully

2021-11-23 16:58:49 - [MESSAGE][INFO] - Checking called Test Case

2021-11-23 16:58:49 - [MESSAGE][INFO] - Starting to call Test Case 'Test Cases/Menu/AnaMenuSecimi'

2021-11-23 16:58:49 - [TEST_CASE][PASSED] - Test Cases/Menu/AnaMenuSecimi: Test Cases/Menu/AnaMenuSecimi

2021-11-23 16:58:49 - [TEST_STEP][PASSED] - Method.TextDegerineEsitElementeTikla(findTestObject("Menu/Ana_Menu"), Ana_Menu): Method.TextDegerineEsitElementeTikla is PASSED

2021-11-23 16:58:49 - [MESSAGE][INFO] - Finding Test Object 'Object Repository/Menu/Ana_Menu'

2021-11-23 16:58:49 - [MESSAGE][INFO] - Checking timeout

2021-11-23 16:58:49 - [MESSAGE][INFO] - Finding web element with id: 'Object Repository/Menu/Ana_Menu' located by 'By.xpath: //*[@class = 'dropdown-toggle']' in '10' second(s)

2021-11-23 16:58:49 - [MESSAGE][INFO] - Smart Wait Function is triggered

2021-11-23 16:58:49 - [MESSAGE][INFO] - Found 14 web elements with id: 'Object Repository/Menu/Ana_Menu' located by 'By.xpath: //*[@class = 'dropdown-toggle']' in '10' second(s)

2021-11-23 16:58:49 - [MESSAGE][PASSED] - Method.TextDegerineEsitElementeTikla is PASSED

2021-11-23 16:58:49 - [MESSAGE][PASSED] - Call Test Case 'Test Cases/Menu/AnaMenuSecimi' successfully

2021-11-23 16:58:50 - [MESSAGE][INFO] - Checking called Test Case

2021-11-23 16:58:50 - [MESSAGE][INFO] - Starting to call Test Case 'Test Cases/Menu/BasligaGoreAltMenuSecimi'

2021-11-23 16:58:50 - [TEST_CASE][PASSED] - Test Cases/Menu/BasligaGoreAltMenuSecimi: Test Cases/Menu/BasligaGoreAltMenuSecimi

2021-11-23 16:58:50 - [TEST_STEP][PASSED] - Method.TextDegerineEsitElementinAltindakiTextDegerineEsitOlanaTikla(findTestObject("Menu/Menu_Basligi"), findTestObject("Menu/Basliga_Gore_Alt_Menu"), Baslik, Alt_Menu): Method.TextDegerineEsitElementinAltindakiTextDegerineEsitOlanaTikla is PASSED

2021-11-23 16:58:50 - [MESSAGE][INFO] - Finding Test Object 'Object Repository/Menu/Menu_Basligi'

2021-11-23 16:58:50 - [MESSAGE][INFO] - Finding Test Object 'Object Repository/Menu/Basliga_Gore_Alt_Menu'

2021-11-23 16:58:50 - [MESSAGE][INFO] - Checking timeout

2021-11-23 16:58:50 - [MESSAGE][INFO] - Finding web element with id: 'Object Repository/Menu/Menu_Basligi' located by 'By.xpath: //li[@class='dropdown dropdown-large open']//li[@class='dropdown-header']' in '10' second(s)

2021-11-23 16:58:50 - [MESSAGE][INFO] - Smart Wait Function is triggered

2021-11-23 16:58:50 - [MESSAGE][INFO] - Found 2 web elements with id: 'Object Repository/Menu/Menu_Basligi' located by 'By.xpath: //li[@class='dropdown dropdown-large open']//li[@class='dropdown-header']' in '10' second(s)

2021-11-23 16:58:50 - [MESSAGE][INFO] - Smart Wait Function is triggered

2021-11-23 16:58:56 - [MESSAGE][PASSED] - Method.TextDegerineEsitElementinAltindakiTextDegerineEsitOlanaTikla is PASSED

2021-11-23 16:58:56 - [MESSAGE][PASSED] - Call Test Case 'Test Cases/Menu/BasligaGoreAltMenuSecimi' successfully

2021-11-23 16:58:56 - [MESSAGE][INFO] - Checking called Test Case

2021-11-23 16:58:56 - [MESSAGE][INFO] - Starting to call Test Case 'Test Cases/Filtreler/FiltreVarMi'

2021-11-23 16:58:56 - [TEST_CASE][PASSED] - Test Cases/Filtreler/FiltreVarMi: Test Cases/Filtreler/FiltreVarMi

2021-11-23 16:58:56 - [TEST_STEP][PASSED] - Method.TextDegerineEsitElementVarMi(findTestObject("Filtreler/Basliklar"), Filtre_alan): Method.TextDegerineEsitElementVarMi is PASSED

2021-11-23 16:58:56 - [MESSAGE][INFO] - Finding Test Object 'Object Repository/Filtreler/Basliklar'

2021-11-23 16:58:56 - [MESSAGE][INFO] - Checking timeout

2021-11-23 16:58:56 - [MESSAGE][INFO] - Finding web element with id: 'Object Repository/Filtreler/Basliklar' located by 'By.cssSelector: .control-label.col-sm-4.paddingMarginRLC' in '10' second(s)

2021-11-23 16:58:56 - [MESSAGE][INFO] - Smart Wait Function is triggered

2021-11-23 16:58:56 - [MESSAGE][INFO] - Found 7 web elements with id: 'Object Repository/Filtreler/Basliklar' located by 'By.cssSelector: .control-label.col-sm-4.paddingMarginRLC' in '10' second(s)

2021-11-23 16:58:56 - [MESSAGE][PASSED] - Method.TextDegerineEsitElementVarMi is PASSED

2021-11-23 16:58:56 - [MESSAGE][PASSED] - Call Test Case 'Test Cases/Filtreler/FiltreVarMi' successfully

2021-11-23 16:58:56 - [MESSAGE][INFO] - Checking called Test Case

2021-11-23 16:58:56 - [MESSAGE][INFO] - Starting to call Test Case 'Test Cases/Filtreler/FiltreVarMi'

2021-11-23 16:58:56 - [TEST_CASE][PASSED] - Test Cases/Filtreler/FiltreVarMi: Test Cases/Filtreler/FiltreVarMi

2021-11-23 16:58:56 - [TEST_STEP][PASSED] - Method.TextDegerineEsitElementVarMi(findTestObject("Filtreler/Basliklar"), Filtre_alan): Method.TextDegerineEsitElementVarMi is PASSED

2021-11-23 16:58:56 - [MESSAGE][INFO] - Finding Test Object 'Object Repository/Filtreler/Basliklar'

2021-11-23 16:58:56 - [MESSAGE][INFO] - Checking timeout

2021-11-23 16:58:56 - [MESSAGE][INFO] - Finding web element with id: 'Object Repository/Filtreler/Basliklar' located by 'By.cssSelector: .control-label.col-sm-4.paddingMarginRLC' in '10' second(s)

2021-11-23 16:58:56 - [MESSAGE][INFO] - Smart Wait Function is triggered

2021-11-23 16:58:57 - [MESSAGE][INFO] - Found 7 web elements with id: 'Object Repository/Filtreler/Basliklar' located by 'By.cssSelector: .control-label.col-sm-4.paddingMarginRLC' in '10' second(s)

2021-11-23 16:58:57 - [MESSAGE][PASSED] - Method.TextDegerineEsitElementVarMi is PASSED

2021-11-23 16:58:57 - [MESSAGE][PASSED] - Call Test Case 'Test Cases/Filtreler/FiltreVarMi' successfully

2021-11-23 16:58:57 - [MESSAGE][INFO] - Checking called Test Case

2021-11-23 16:58:57 - [MESSAGE][INFO] - Starting to call Test Case 'Test Cases/Filtreler/FiltreVarMi'

2021-11-23 16:58:57 - [TEST_CASE][PASSED] - Test Cases/Filtreler/FiltreVarMi: Test Cases/Filtreler/FiltreVarMi

2021-11-23 16:58:57 - [TEST_STEP][PASSED] - Method.TextDegerineEsitElementVarMi(findTestObject("Filtreler/Basliklar"), Filtre_alan): Method.TextDegerineEsitElementVarMi is PASSED

2021-11-23 16:58:57 - [MESSAGE][INFO] - Finding Test Object 'Object Repository/Filtreler/Basliklar'

2021-11-23 16:58:57 - [MESSAGE][INFO] - Checking timeout

2021-11-23 16:58:57 - [MESSAGE][INFO] - Finding web element with id: 'Object Repository/Filtreler/Basliklar' located by 'By.cssSelector: .control-label.col-sm-4.paddingMarginRLC' in '10' second(s)

2021-11-23 16:58:57 - [MESSAGE][INFO] - Smart Wait Function is triggered

2021-11-23 16:58:57 - [MESSAGE][INFO] - Found 7 web elements with id: 'Object Repository/Filtreler/Basliklar' located by 'By.cssSelector: .control-label.col-sm-4.paddingMarginRLC' in '10' second(s)

2021-11-23 16:58:57 - [MESSAGE][PASSED] - Method.TextDegerineEsitElementVarMi is PASSED

2021-11-23 16:58:57 - [MESSAGE][PASSED] - Call Test Case 'Test Cases/Filtreler/FiltreVarMi' successfully

2021-11-23 16:58:57 - [MESSAGE][INFO] - Checking called Test Case

2021-11-23 16:58:57 - [MESSAGE][INFO] - Starting to call Test Case 'Test Cases/Filtreler/FiltreVarMi'

2021-11-23 16:58:57 - [TEST_CASE][PASSED] - Test Cases/Filtreler/FiltreVarMi: Test Cases/Filtreler/FiltreVarMi

2021-11-23 16:58:57 - [TEST_STEP][PASSED] - Method.TextDegerineEsitElementVarMi(findTestObject("Filtreler/Basliklar"), Filtre_alan): Method.TextDegerineEsitElementVarMi is PASSED

2021-11-23 16:58:57 - [MESSAGE][INFO] - Finding Test Object 'Object Repository/Filtreler/Basliklar'

2021-11-23 16:58:57 - [MESSAGE][INFO] - Checking timeout

2021-11-23 16:58:57 - [MESSAGE][INFO] - Finding web element with id: 'Object Repository/Filtreler/Basliklar' located by 'By.cssSelector: .control-label.col-sm-4.paddingMarginRLC' in '10' second(s)

2021-11-23 16:58:57 - [MESSAGE][INFO] - Smart Wait Function is triggered

2021-11-23 16:58:58 - [MESSAGE][INFO] - Found 7 web elements with id: 'Object Repository/Filtreler/Basliklar' located by 'By.cssSelector: .control-label.col-sm-4.paddingMarginRLC' in '10' second(s)

2021-11-23 16:58:58 - [MESSAGE][PASSED] - Method.TextDegerineEsitElementVarMi is PASSED

2021-11-23 16:58:58 - [MESSAGE][PASSED] - Call Test Case 'Test Cases/Filtreler/FiltreVarMi' successfully

2021-11-23 16:58:58 - [MESSAGE][INFO] - Checking called Test Case

2021-11-23 16:58:58 - [MESSAGE][INFO] - Starting to call Test Case 'Test Cases/Filtreler/FiltreVarMi'

2021-11-23 16:58:58 - [TEST_CASE][PASSED] - Test Cases/Filtreler/FiltreVarMi: Test Cases/Filtreler/FiltreVarMi

2021-11-23 16:58:58 - [TEST_STEP][PASSED] - Method.TextDegerineEsitElementVarMi(findTestObject("Filtreler/Basliklar"), Filtre_alan): Method.TextDegerineEsitElementVarMi is PASSED

2021-11-23 16:58:58 - [MESSAGE][INFO] - Finding Test Object 'Object Repository/Filtreler/Basliklar'

2021-11-23 16:58:58 - [MESSAGE][INFO] - Checking timeout

2021-11-23 16:58:58 - [MESSAGE][INFO] - Finding web element with id: 'Object Repository/Filtreler/Basliklar' located by 'By.cssSelector: .control-label.col-sm-4.paddingMarginRLC' in '10' second(s)

2021-11-23 16:58:58 - [MESSAGE][INFO] - Smart Wait Function is triggered

2021-11-23 16:58:58 - [MESSAGE][INFO] - Found 7 web elements with id: 'Object Repository/Filtreler/Basliklar' located by 'By.cssSelector: .control-label.col-sm-4.paddingMarginRLC' in '10' second(s)

2021-11-23 16:58:58 - [MESSAGE][PASSED] - Method.TextDegerineEsitElementVarMi is PASSED

2021-11-23 16:58:58 - [MESSAGE][PASSED] - Call Test Case 'Test Cases/Filtreler/FiltreVarMi' successfully

2021-11-23 16:58:58 - [MESSAGE][INFO] - Checking called Test Case

2021-11-23 16:58:58 - [MESSAGE][INFO] - Starting to call Test Case 'Test Cases/Filtreler/FiltreVarMi'

2021-11-23 16:58:58 - [TEST_CASE][PASSED] - Test Cases/Filtreler/FiltreVarMi: Test Cases/Filtreler/FiltreVarMi

2021-11-23 16:58:58 - [TEST_STEP][PASSED] - Method.TextDegerineEsitElementVarMi(findTestObject("Filtreler/Basliklar"), Filtre_alan): Method.TextDegerineEsitElementVarMi is PASSED

2021-11-23 16:58:58 - [MESSAGE][INFO] - Finding Test Object 'Object Repository/Filtreler/Basliklar'

2021-11-23 16:58:58 - [MESSAGE][INFO] - Checking timeout

2021-11-23 16:58:58 - [MESSAGE][INFO] - Finding web element with id: 'Object Repository/Filtreler/Basliklar' located by 'By.cssSelector: .control-label.col-sm-4.paddingMarginRLC' in '10' second(s)

2021-11-23 16:58:58 - [MESSAGE][INFO] - Smart Wait Function is triggered

2021-11-23 16:58:59 - [MESSAGE][INFO] - Found 7 web elements with id: 'Object Repository/Filtreler/Basliklar' located by 'By.cssSelector: .control-label.col-sm-4.paddingMarginRLC' in '10' second(s)

2021-11-23 16:58:59 - [MESSAGE][PASSED] - Method.TextDegerineEsitElementVarMi is PASSED

2021-11-23 16:58:59 - [MESSAGE][PASSED] - Call Test Case 'Test Cases/Filtreler/FiltreVarMi' successfully

2021-11-23 16:58:59 - [MESSAGE][INFO] - Checking called Test Case

2021-11-23 16:58:59 - [MESSAGE][INFO] - Starting to call Test Case 'Test Cases/Filtreler/FiltreVarMi'

2021-11-23 16:58:59 - [TEST_CASE][PASSED] - Test Cases/Filtreler/FiltreVarMi: Test Cases/Filtreler/FiltreVarMi

2021-11-23 16:58:59 - [TEST_STEP][PASSED] - Method.TextDegerineEsitElementVarMi(findTestObject("Filtreler/Basliklar"), Filtre_alan): Method.TextDegerineEsitElementVarMi is PASSED

2021-11-23 16:58:59 - [MESSAGE][INFO] - Finding Test Object 'Object Repository/Filtreler/Basliklar'

2021-11-23 16:58:59 - [MESSAGE][INFO] - Checking timeout

2021-11-23 16:58:59 - [MESSAGE][INFO] - Finding web element with id: 'Object Repository/Filtreler/Basliklar' located by 'By.cssSelector: .control-label.col-sm-4.paddingMarginRLC' in '10' second(s)

2021-11-23 16:58:59 - [MESSAGE][INFO] - Smart Wait Function is triggered

2021-11-23 16:58:59 - [MESSAGE][INFO] - Found 7 web elements with id: 'Object Repository/Filtreler/Basliklar' located by 'By.cssSelector: .control-label.col-sm-4.paddingMarginRLC' in '10' second(s)

2021-11-23 16:58:59 - [MESSAGE][PASSED] - Method.TextDegerineEsitElementVarMi is PASSED

2021-11-23 16:58:59 - [MESSAGE][PASSED] - Call Test Case 'Test Cases/Filtreler/FiltreVarMi' successfully

2021-11-23 16:58:59 - [MESSAGE][INFO] - Checking called Test Case

2021-11-23 16:58:59 - [MESSAGE][INFO] - Starting to call Test Case 'Test Cases/Filtreler/ButonVarMi'

2021-11-23 16:58:59 - [TEST_CASE][PASSED] - Test Cases/Filtreler/ButonVarMi: Test Cases/Filtreler/ButonVarMi

2021-11-23 16:58:59 - [TEST_STEP][PASSED] - Method.TextDegerineEsitElementVarMi(findTestObject("Filtreler/Butonlar"), Filtre_Buton): Method.TextDegerineEsitElementVarMi is PASSED

2021-11-23 16:58:59 - [MESSAGE][INFO] - Finding Test Object 'Object Repository/Filtreler/Butonlar'

2021-11-23 16:58:59 - [MESSAGE][INFO] - Checking timeout

2021-11-23 16:58:59 - [MESSAGE][INFO] - Finding web element with id: 'Object Repository/Filtreler/Butonlar' located by 'By.cssSelector: .dxb>span' in '10' second(s)

2021-11-23 16:58:59 - [MESSAGE][INFO] - Smart Wait Function is triggered

2021-11-23 16:58:59 - [MESSAGE][INFO] - Found 2 web elements with id: 'Object Repository/Filtreler/Butonlar' located by 'By.cssSelector: .dxb>span' in '10' second(s)

2021-11-23 16:58:59 - [MESSAGE][PASSED] - Method.TextDegerineEsitElementVarMi is PASSED

2021-11-23 16:58:59 - [MESSAGE][PASSED] - Call Test Case 'Test Cases/Filtreler/ButonVarMi' successfully

2021-11-23 16:58:59 - [MESSAGE][INFO] - Checking called Test Case

2021-11-23 16:58:59 - [MESSAGE][INFO] - Starting to call Test Case 'Test Cases/Filtreler/ButonVarMi'

2021-11-23 16:59:00 - [TEST_CASE][PASSED] - Test Cases/Filtreler/ButonVarMi: Test Cases/Filtreler/ButonVarMi

2021-11-23 16:59:00 - [TEST_STEP][PASSED] - Method.TextDegerineEsitElementVarMi(findTestObject("Filtreler/Butonlar"), Filtre_Buton): Method.TextDegerineEsitElementVarMi is PASSED

2021-11-23 16:59:00 - [MESSAGE][INFO] - Finding Test Object 'Object Repository/Filtreler/Butonlar'

2021-11-23 16:59:00 - [MESSAGE][INFO] - Checking timeout

2021-11-23 16:59:00 - [MESSAGE][INFO] - Finding web element with id: 'Object Repository/Filtreler/Butonlar' located by 'By.cssSelector: .dxb>span' in '10' second(s)

2021-11-23 16:59:00 - [MESSAGE][INFO] - Smart Wait Function is triggered

2021-11-23 16:59:00 - [MESSAGE][INFO] - Found 2 web elements with id: 'Object Repository/Filtreler/Butonlar' located by 'By.cssSelector: .dxb>span' in '10' second(s)

2021-11-23 16:59:00 - [MESSAGE][PASSED] - Method.TextDegerineEsitElementVarMi is PASSED

2021-11-23 16:59:00 - [MESSAGE][PASSED] - Call Test Case 'Test Cases/Filtreler/ButonVarMi' successfully

2021-11-23 16:59:00 - [MESSAGE][INFO] - Checking called Test Case

2021-11-23 16:59:00 - [MESSAGE][INFO] - Starting to call Test Case 'Test Cases/Butonlar/ButonVarMi'

2021-11-23 16:59:00 - [TEST_CASE][PASSED] - Test Cases/Butonlar/ButonVarMi: Test Cases/Butonlar/ButonVarMi

2021-11-23 16:59:00 - [TEST_STEP][PASSED] - Method.TextDegerineEsitElementVarMi(findTestObject("Butonlar/Butonlar"), Buton): Method.TextDegerineEsitElementVarMi is PASSED

2021-11-23 16:59:00 - [MESSAGE][INFO] - Finding Test Object 'Object Repository/Butonlar/Butonlar'

2021-11-23 16:59:00 - [MESSAGE][INFO] - Checking timeout

2021-11-23 16:59:00 - [MESSAGE][INFO] - Finding web element with id: 'Object Repository/Butonlar/Butonlar' located by 'By.cssSelector: .panel.panel-default.text-center.footerPanel .btn,.btn.btn-primary.btnControls' in '10' second(s)

2021-11-23 16:59:00 - [MESSAGE][INFO] - Smart Wait Function is triggered

2021-11-23 16:59:00 - [MESSAGE][INFO] - Found 7 web elements with id: 'Object Repository/Butonlar/Butonlar' located by 'By.cssSelector: .panel.panel-default.text-center.footerPanel .btn,.btn.btn-primary.btnControls' in '10' second(s)

2021-11-23 16:59:00 - [MESSAGE][PASSED] - Method.TextDegerineEsitElementVarMi is PASSED

2021-11-23 16:59:00 - [MESSAGE][PASSED] - Call Test Case 'Test Cases/Butonlar/ButonVarMi' successfully

2021-11-23 16:59:00 - [MESSAGE][INFO] - Checking called Test Case

2021-11-23 16:59:00 - [MESSAGE][INFO] - Starting to call Test Case 'Test Cases/Butonlar/ButonVarMi'

2021-11-23 16:59:00 - [TEST_CASE][PASSED] - Test Cases/Butonlar/ButonVarMi: Test Cases/Butonlar/ButonVarMi

2021-11-23 16:59:00 - [TEST_STEP][PASSED] - Method.TextDegerineEsitElementVarMi(findTestObject("Butonlar/Butonlar"), Buton): Method.TextDegerineEsitElementVarMi is PASSED

2021-11-23 16:59:00 - [MESSAGE][INFO] - Finding Test Object 'Object Repository/Butonlar/Butonlar'

2021-11-23 16:59:00 - [MESSAGE][INFO] - Checking timeout

2021-11-23 16:59:00 - [MESSAGE][INFO] - Finding web element with id: 'Object Repository/Butonlar/Butonlar' located by 'By.cssSelector: .panel.panel-default.text-center.footerPanel .btn,.btn.btn-primary.btnControls' in '10' second(s)

2021-11-23 16:59:00 - [MESSAGE][INFO] - Smart Wait Function is triggered

2021-11-23 16:59:01 - [MESSAGE][INFO] - Found 7 web elements with id: 'Object Repository/Butonlar/Butonlar' located by 'By.cssSelector: .panel.panel-default.text-center.footerPanel .btn,.btn.btn-primary.btnControls' in '10' second(s)

2021-11-23 16:59:01 - [MESSAGE][PASSED] - Method.TextDegerineEsitElementVarMi is PASSED

2021-11-23 16:59:01 - [MESSAGE][PASSED] - Call Test Case 'Test Cases/Butonlar/ButonVarMi' successfully

2021-11-23 16:59:01 - [MESSAGE][INFO] - Checking called Test Case

2021-11-23 16:59:01 - [MESSAGE][INFO] - Starting to call Test Case 'Test Cases/Butonlar/ButonVarMi'

2021-11-23 16:59:01 - [TEST_CASE][PASSED] - Test Cases/Butonlar/ButonVarMi: Test Cases/Butonlar/ButonVarMi

2021-11-23 16:59:01 - [TEST_STEP][PASSED] - Method.TextDegerineEsitElementVarMi(findTestObject("Butonlar/Butonlar"), Buton): Method.TextDegerineEsitElementVarMi is PASSED

2021-11-23 16:59:01 - [MESSAGE][INFO] - Finding Test Object 'Object Repository/Butonlar/Butonlar'

2021-11-23 16:59:01 - [MESSAGE][INFO] - Checking timeout

2021-11-23 16:59:01 - [MESSAGE][INFO] - Finding web element with id: 'Object Repository/Butonlar/Butonlar' located by 'By.cssSelector: .panel.panel-default.text-center.footerPanel .btn,.btn.btn-primary.btnControls' in '10' second(s)

2021-11-23 16:59:01 - [MESSAGE][INFO] - Smart Wait Function is triggered

2021-11-23 16:59:01 - [MESSAGE][INFO] - Found 7 web elements with id: 'Object Repository/Butonlar/Butonlar' located by 'By.cssSelector: .panel.panel-default.text-center.footerPanel .btn,.btn.btn-primary.btnControls' in '10' second(s)

2021-11-23 16:59:01 - [MESSAGE][PASSED] - Method.TextDegerineEsitElementVarMi is PASSED

2021-11-23 16:59:01 - [MESSAGE][PASSED] - Call Test Case 'Test Cases/Butonlar/ButonVarMi' successfully

2021-11-23 16:59:01 - [MESSAGE][INFO] - Checking called Test Case

2021-11-23 16:59:01 - [MESSAGE][INFO] - Starting to call Test Case 'Test Cases/Butonlar/ButonVarMi'

2021-11-23 16:59:01 - [TEST_CASE][PASSED] - Test Cases/Butonlar/ButonVarMi: Test Cases/Butonlar/ButonVarMi

2021-11-23 16:59:01 - [TEST_STEP][PASSED] - Method.TextDegerineEsitElementVarMi(findTestObject("Butonlar/Butonlar"), Buton): Method.TextDegerineEsitElementVarMi is PASSED

2021-11-23 16:59:01 - [MESSAGE][INFO] - Finding Test Object 'Object Repository/Butonlar/Butonlar'

2021-11-23 16:59:01 - [MESSAGE][INFO] - Checking timeout

2021-11-23 16:59:01 - [MESSAGE][INFO] - Finding web element with id: 'Object Repository/Butonlar/Butonlar' located by 'By.cssSelector: .panel.panel-default.text-center.footerPanel .btn,.btn.btn-primary.btnControls' in '10' second(s)

2021-11-23 16:59:01 - [MESSAGE][INFO] - Smart Wait Function is triggered

2021-11-23 16:59:02 - [MESSAGE][INFO] - Found 7 web elements with id: 'Object Repository/Butonlar/Butonlar' located by 'By.cssSelector: .panel.panel-default.text-center.footerPanel .btn,.btn.btn-primary.btnControls' in '10' second(s)

2021-11-23 16:59:02 - [MESSAGE][PASSED] - Method.TextDegerineEsitElementVarMi is PASSED

2021-11-23 16:59:02 - [MESSAGE][PASSED] - Call Test Case 'Test Cases/Butonlar/ButonVarMi' successfully

2021-11-23 16:59:02 - [MESSAGE][INFO] - Checking called Test Case

2021-11-23 16:59:02 - [MESSAGE][INFO] - Starting to call Test Case 'Test Cases/Butonlar/ButonVarMi'

2021-11-23 16:59:02 - [TEST_CASE][PASSED] - Test Cases/Butonlar/ButonVarMi: Test Cases/Butonlar/ButonVarMi

2021-11-23 16:59:02 - [TEST_STEP][PASSED] - Method.TextDegerineEsitElementVarMi(findTestObject("Butonlar/Butonlar"), Buton): Method.TextDegerineEsitElementVarMi is PASSED

2021-11-23 16:59:02 - [MESSAGE][INFO] - Finding Test Object 'Object Repository/Butonlar/Butonlar'

2021-11-23 16:59:02 - [MESSAGE][INFO] - Checking timeout

2021-11-23 16:59:02 - [MESSAGE][INFO] - Finding web element with id: 'Object Repository/Butonlar/Butonlar' located by 'By.cssSelector: .panel.panel-default.text-center.footerPanel .btn,.btn.btn-primary.btnControls' in '10' second(s)

2021-11-23 16:59:02 - [MESSAGE][INFO] - Smart Wait Function is triggered

2021-11-23 16:59:02 - [MESSAGE][INFO] - Found 7 web elements with id: 'Object Repository/Butonlar/Butonlar' located by 'By.cssSelector: .panel.panel-default.text-center.footerPanel .btn,.btn.btn-primary.btnControls' in '10' second(s)

2021-11-23 16:59:02 - [MESSAGE][PASSED] - Method.TextDegerineEsitElementVarMi is PASSED

2021-11-23 16:59:02 - [MESSAGE][PASSED] - Call Test Case 'Test Cases/Butonlar/ButonVarMi' successfully

2021-11-23 16:59:02 - [MESSAGE][INFO] - Checking called Test Case

2021-11-23 16:59:02 - [MESSAGE][INFO] - Starting to call Test Case 'Test Cases/Butonlar/ButonVarMi'

2021-11-23 16:59:02 - [TEST_CASE][PASSED] - Test Cases/Butonlar/ButonVarMi: Test Cases/Butonlar/ButonVarMi

2021-11-23 16:59:02 - [TEST_STEP][PASSED] - Method.TextDegerineEsitElementVarMi(findTestObject("Butonlar/Butonlar"), Buton): Method.TextDegerineEsitElementVarMi is PASSED

2021-11-23 16:59:02 - [MESSAGE][INFO] - Finding Test Object 'Object Repository/Butonlar/Butonlar'

2021-11-23 16:59:02 - [MESSAGE][INFO] - Checking timeout

2021-11-23 16:59:02 - [MESSAGE][INFO] - Finding web element with id: 'Object Repository/Butonlar/Butonlar' located by 'By.cssSelector: .panel.panel-default.text-center.footerPanel .btn,.btn.btn-primary.btnControls' in '10' second(s)

2021-11-23 16:59:02 - [MESSAGE][INFO] - Smart Wait Function is triggered

2021-11-23 16:59:03 - [MESSAGE][INFO] - Found 7 web elements with id: 'Object Repository/Butonlar/Butonlar' located by 'By.cssSelector: .panel.panel-default.text-center.footerPanel .btn,.btn.btn-primary.btnControls' in '10' second(s)

2021-11-23 16:59:03 - [MESSAGE][PASSED] - Method.TextDegerineEsitElementVarMi is PASSED

2021-11-23 16:59:03 - [MESSAGE][PASSED] - Call Test Case 'Test Cases/Butonlar/ButonVarMi' successfully

2021-11-23 16:59:03 - [MESSAGE][INFO] - Checking called Test Case

2021-11-23 16:59:03 - [MESSAGE][INFO] - Starting to call Test Case 'Test Cases/Butonlar/ButonVarMi'

2021-11-23 16:59:03 - [TEST_CASE][PASSED] - Test Cases/Butonlar/ButonVarMi: Test Cases/Butonlar/ButonVarMi

2021-11-23 16:59:03 - [TEST_STEP][PASSED] - Method.TextDegerineEsitElementVarMi(findTestObject("Butonlar/Butonlar"), Buton): Method.TextDegerineEsitElementVarMi is PASSED

2021-11-23 16:59:03 - [MESSAGE][INFO] - Finding Test Object 'Object Repository/Butonlar/Butonlar'

2021-11-23 16:59:03 - [MESSAGE][INFO] - Checking timeout

2021-11-23 16:59:03 - [MESSAGE][INFO] - Finding web element with id: 'Object Repository/Butonlar/Butonlar' located by 'By.cssSelector: .panel.panel-default.text-center.footerPanel .btn,.btn.btn-primary.btnControls' in '10' second(s)

2021-11-23 16:59:03 - [MESSAGE][INFO] - Smart Wait Function is triggered

2021-11-23 16:59:03 - [MESSAGE][INFO] - Found 7 web elements with id: 'Object Repository/Butonlar/Butonlar' located by 'By.cssSelector: .panel.panel-default.text-center.footerPanel .btn,.btn.btn-primary.btnControls' in '10' second(s)

2021-11-23 16:59:03 - [MESSAGE][PASSED] - Method.TextDegerineEsitElementVarMi is PASSED

2021-11-23 16:59:03 - [MESSAGE][PASSED] - Call Test Case 'Test Cases/Butonlar/ButonVarMi' successfully

2021-11-23 16:59:03 - [MESSAGE][INFO] - Checking called Test Case

2021-11-23 16:59:03 - [MESSAGE][INFO] - Starting to call Test Case 'Test Cases/Kullanici_Islemleri/KullaniciIslemlerindenSecimYapilir'

2021-11-23 16:59:03 - [TEST_CASE][PASSED] - Test Cases/Kullanici_Islemleri/KullaniciIslemlerindenSecimYapilir: Test Cases/Kullanici_Islemleri/KullaniciIslemlerindenSecimYapilir

2021-11-23 16:59:03 - [TEST_STEP][PASSED] - waitForElementClickable(findTestObject("Object Repository/Kullanici_Islemleri/KullaniciIslemleri"), 10): Object 'Object Repository/Kullanici_Islemleri/KullaniciIslemleri' is clickable

2021-11-23 16:59:03 - [MESSAGE][INFO] - Finding Test Object 'Object Repository/Kullanici_Islemleri/KullaniciIslemleri'

2021-11-23 16:59:03 - [MESSAGE][INFO] - Checking object

2021-11-23 16:59:03 - [MESSAGE][INFO] - Checking timeout

2021-11-23 16:59:03 - [MESSAGE][INFO] - Finding web element from Test Object's properties

2021-11-23 16:59:03 - [MESSAGE][INFO] - Checking timeout

2021-11-23 16:59:03 - [MESSAGE][INFO] - Finding web element with id: 'Object Repository/Kullanici_Islemleri/KullaniciIslemleri' located by 'By.cssSelector: .dropdown>a>img' in '10' second(s)

2021-11-23 16:59:03 - [MESSAGE][INFO] - Smart Wait Function is triggered

2021-11-23 16:59:04 - [MESSAGE][INFO] - Found 1 web elements with id: 'Object Repository/Kullanici_Islemleri/KullaniciIslemleri' located by 'By.cssSelector: .dropdown>a>img' in '10' second(s)

2021-11-23 16:59:04 - [MESSAGE][PASSED] - Object 'Object Repository/Kullanici_Islemleri/KullaniciIslemleri' is clickable

2021-11-23 16:59:04 - [TEST_STEP][PASSED] - click(findTestObject("Object Repository/Kullanici_Islemleri/KullaniciIslemleri")): Object: 'Object Repository/Kullanici_Islemleri/KullaniciIslemleri' is clicked on

2021-11-23 16:59:04 - [MESSAGE][INFO] - Finding Test Object 'Object Repository/Kullanici_Islemleri/KullaniciIslemleri'

2021-11-23 16:59:04 - [MESSAGE][INFO] - Checking object

2021-11-23 16:59:04 - [MESSAGE][INFO] - Finding web element from Test Object's properties

2021-11-23 16:59:04 - [MESSAGE][INFO] - Checking timeout

2021-11-23 16:59:04 - [MESSAGE][INFO] - Finding web element with id: 'Object Repository/Kullanici_Islemleri/KullaniciIslemleri' located by 'By.cssSelector: .dropdown>a>img' in '30' second(s)

2021-11-23 16:59:04 - [MESSAGE][INFO] - Smart Wait Function is triggered

2021-11-23 16:59:04 - [MESSAGE][INFO] - Found 1 web elements with id: 'Object Repository/Kullanici_Islemleri/KullaniciIslemleri' located by 'By.cssSelector: .dropdown>a>img' in '30' second(s)

2021-11-23 16:59:04 - [MESSAGE][INFO] - Clicking on object: 'Object Repository/Kullanici_Islemleri/KullaniciIslemleri'

2021-11-23 16:59:04 - [MESSAGE][PASSED] - Object: 'Object Repository/Kullanici_Islemleri/KullaniciIslemleri' is clicked on

2021-11-23 16:59:04 - [TEST_STEP][PASSED] - Method.TextDegerineEsitElementeTikla(findTestObject("Object Repository/Kullanici_Islemleri/Secenekler"), Islem): Method.TextDegerineEsitElementeTikla is PASSED

2021-11-23 16:59:04 - [MESSAGE][INFO] - Finding Test Object 'Object Repository/Kullanici_Islemleri/Secenekler'

2021-11-23 16:59:04 - [MESSAGE][INFO] - Checking timeout

2021-11-23 16:59:04 - [MESSAGE][INFO] - Finding web element with id: 'Object Repository/Kullanici_Islemleri/Secenekler' located by 'By.cssSelector: .nav.navbar-nav.navbar-right li a' in '10' second(s)

2021-11-23 16:59:04 - [MESSAGE][INFO] - Smart Wait Function is triggered

2021-11-23 16:59:05 - [MESSAGE][INFO] - Found 22 web elements with id: 'Object Repository/Kullanici_Islemleri/Secenekler' located by 'By.cssSelector: .nav.navbar-nav.navbar-right li a' in '10' second(s)

2021-11-23 16:59:07 - [MESSAGE][PASSED] - Method.TextDegerineEsitElementeTikla is PASSED

2021-11-23 16:59:07 - [TEST_STEP][PASSED] - verifyElementNotPresent(findTestObject("Object Repository/Kullanici_Islemleri/Secenekler"), 10): Web element with id: 'Object Repository/Kullanici_Islemleri/Secenekler' located by 'By.cssSelector: .nav.navbar-nav.navbar-right li a' is not present after '10' second(s)

2021-11-23 16:59:07 - [MESSAGE][INFO] - Finding Test Object 'Object Repository/Kullanici_Islemleri/Secenekler'

2021-11-23 16:59:07 - [MESSAGE][INFO] - Checking object

2021-11-23 16:59:07 - [MESSAGE][INFO] - Checking timeout

2021-11-23 16:59:07 - [MESSAGE][INFO] - Finding web element with id: 'Object Repository/Kullanici_Islemleri/Secenekler' located by 'By.cssSelector: .nav.navbar-nav.navbar-right li a' in '10' second(s)

2021-11-23 16:59:07 - [MESSAGE][INFO] - Smart Wait Function is triggered

2021-11-23 16:59:07 - [MESSAGE][PASSED] - Web element with id: 'Object Repository/Kullanici_Islemleri/Secenekler' located by 'By.cssSelector: .nav.navbar-nav.navbar-right li a' is not present after '10' second(s)

2021-11-23 16:59:07 - [MESSAGE][PASSED] - Call Test Case 'Test Cases/Kullanici_Islemleri/KullaniciIslemlerindenSecimYapilir' successfully

2021-11-23 16:59:07 - [TEST_CASE][PASSED] - Start Test Case : SCENARIO e-Serbest Meslek Makbuzu Olusturma Buton Kontrolu: SCENARIO e-Serbest Meslek Makbuzu Olusturma Buton Kontrolu

2021-11-23 16:59:07 - [TEST_STEP][PASSED] - Kullanıcı adı ELOGO6 ve Şifre 123456 olarak giriş yapılır: Kullanıcı adı ELOGO6 ve Şifre 123456 olarak giriş yapılır

2021-11-23 16:59:07 - [MESSAGE][PASSED] - Kullanıcı adı ELOGO6 ve Şifre 123456 olarak giriş yapılır

2021-11-23 16:59:07 - [TEST_STEP][PASSED] - Ana menüden e-Makbuz seçilir: Ana menüden e-Makbuz seçilir

2021-11-23 16:59:07 - [MESSAGE][PASSED] - Ana menüden e-Makbuz seçilir

2021-11-23 16:59:07 - [TEST_STEP][PASSED] - Alt menü e-Serbest Meslek Uygulaması başlığı altındaki e-Serbest Meslek Makbuzu Oluşturma seçilir: Alt menü e-Serbest Meslek Uygulaması başlığı altındaki e-Serbest Meslek Makbuzu Oluşturma seçilir

2021-11-23 16:59:07 - [MESSAGE][PASSED] - Alt menü e-Serbest Meslek Uygulaması başlığı altındaki e-Serbest Meslek Makbuzu Oluşturma seçilir

2021-11-23 16:59:07 - [TEST_STEP][PASSED] - Filtre alanlarında Durumu var mı: Filtre alanlarında Durumu var mı

2021-11-23 16:59:07 - [MESSAGE][PASSED] - Filtre alanlarında Durumu var mı

2021-11-23 16:59:07 - [TEST_STEP][PASSED] - Filtre alanlarında Oluşturma Tarihi var mı: Filtre alanlarında Oluşturma Tarihi var mı

2021-11-23 16:59:07 - [MESSAGE][PASSED] - Filtre alanlarında Oluşturma Tarihi var mı

2021-11-23 16:59:07 - [TEST_STEP][PASSED] - Filtre alanlarında Toplam Tutar var mı: Filtre alanlarında Toplam Tutar var mı

2021-11-23 16:59:07 - [MESSAGE][PASSED] - Filtre alanlarında Toplam Tutar var mı

2021-11-23 16:59:07 - [TEST_STEP][PASSED] - Filtre alanlarında Alıcı Unvan var mı: Filtre alanlarında Alıcı Unvan var mı

2021-11-23 16:59:07 - [MESSAGE][PASSED] - Filtre alanlarında Alıcı Unvan var mı

2021-11-23 16:59:07 - [TEST_STEP][PASSED] - Filtre alanlarında Makbuz Tarihi var mı: Filtre alanlarında Makbuz Tarihi var mı

2021-11-23 16:59:07 - [MESSAGE][PASSED] - Filtre alanlarında Makbuz Tarihi var mı

2021-11-23 16:59:07 - [TEST_STEP][PASSED] - Filtre alanlarında Makbuz No var mı: Filtre alanlarında Makbuz No var mı

2021-11-23 16:59:07 - [MESSAGE][PASSED] - Filtre alanlarında Makbuz No var mı

2021-11-23 16:59:07 - [TEST_STEP][PASSED] - Filtre alanlarında Makbuz ETTN var mı: Filtre alanlarında Makbuz ETTN var mı

2021-11-23 16:59:07 - [MESSAGE][PASSED] - Filtre alanlarında Makbuz ETTN var mı

2021-11-23 16:59:07 - [TEST_STEP][PASSED] - Filtre butonlarında Listele var mı: Filtre butonlarında Listele var mı

2021-11-23 16:59:07 - [MESSAGE][PASSED] - Filtre butonlarında Listele var mı

2021-11-23 16:59:07 - [TEST_STEP][PASSED] - Filtre butonlarında Temizle var mı: Filtre butonlarında Temizle var mı

2021-11-23 16:59:07 - [MESSAGE][PASSED] - Filtre butonlarında Temizle var mı

2021-11-23 16:59:07 - [TEST_STEP][PASSED] - Butonlardan Ekle var mı: Butonlardan Ekle var mı

2021-11-23 16:59:07 - [MESSAGE][PASSED] - Butonlardan Ekle var mı

2021-11-23 16:59:07 - [TEST_STEP][PASSED] - Butonlardan Numara Oluştur var mı: Butonlardan Numara Oluştur var mı

2021-11-23 16:59:07 - [MESSAGE][PASSED] - Butonlardan Numara Oluştur var mı

2021-11-23 16:59:07 - [TEST_STEP][PASSED] - Butonlardan Gönder var mı: Butonlardan Gönder var mı

2021-11-23 16:59:07 - [MESSAGE][PASSED] - Butonlardan Gönder var mı

2021-11-23 16:59:07 - [TEST_STEP][PASSED] - Butonlardan Değiştir var mı: Butonlardan Değiştir var mı

2021-11-23 16:59:07 - [MESSAGE][PASSED] - Butonlardan Değiştir var mı

2021-11-23 16:59:07 - [TEST_STEP][PASSED] - Butonlardan Göster var mı: Butonlardan Göster var mı

2021-11-23 16:59:07 - [MESSAGE][PASSED] - Butonlardan Göster var mı

2021-11-23 16:59:07 - [TEST_STEP][PASSED] - Butonlardan UBL var mı: Butonlardan UBL var mı

2021-11-23 16:59:07 - [MESSAGE][PASSED] - Butonlardan UBL var mı

2021-11-23 16:59:07 - [TEST_STEP][PASSED] - Butonlardan Sil var mı: Butonlardan Sil var mı

2021-11-23 16:59:07 - [MESSAGE][PASSED] - Butonlardan Sil var mı

2021-11-23 16:59:07 - [TEST_STEP][PASSED] - Kullanıcı işlemlerinden Çıkış seçilir: Kullanıcı işlemlerinden Çıkış seçilir

2021-11-23 16:59:07 - [MESSAGE][PASSED] - Kullanıcı işlemlerinden Çıkış seçilir

2021-11-23 16:59:07 - [MESSAGE][PASSED] - Feature file: 'Include/features/e-Makbuz/e-Serbest Meslek Uygulaması/e-Serbest Meslek Makbuzu Olusturma/Ekran Kontrolu.feature' was passed

2021-11-23 16:59:07 - [TEST_STEP][PASSED] - Start listener action : sampleAfterTestSuite: Invoke 'com.kms.katalon.core.annotation.AfterTestCase' method: 'Listener.sampleAfterTestSuite(...)' completed.

2021-11-23 16:59:07 - [MESSAGE][INFO] - Starting invoke 'com.kms.katalon.core.annotation.AfterTestCase' method: 'Listener.sampleAfterTestSuite(...)'

2021-11-23 16:59:07 - [TEST_STEP][PASSED] - closeBrowser(): Invoke 'com.kms.katalon.core.annotation.AfterTestCase' method: 'Listener.sampleAfterTestSuite(...)' completed.

2021-11-23 16:59:07 - [MESSAGE][INFO] - Closing browser

2021-11-23 16:59:08 - [MESSAGE][PASSED] - Browser is closed

2021-11-23 16:59:08 - [MESSAGE][INFO] - Invoke 'com.kms.katalon.core.annotation.AfterTestCase' method: 'Listener.sampleAfterTestSuite(...)' completed.]]></system-out>
         <system-err><![CDATA[]]></system-err>
      </testcase>
      <system-out><![CDATA[2021-11-23 16:34:57 - [TEST_SUITE][PASSED] - e-Makbuz: Test Cases/Case Repository/e-Makbuz/e-Serbest Meslek Uygulamasi/e-Serbest Meslek Makbuzu Olusturma/Ekran Kontrolu]]></system-out>
      <system-err><![CDATA[]]></system-err>
   </testsuite>
</testsuites>
