<?xml version="1.0" encoding="UTF-8"?>
<testsuites name="Raporlar" time="255.129" tests="4" failures="0" errors="0">
   <testsuite name="Raporlar" tests="4" failures="0" errors="0" time="255.129" skipped="0" timestamp="2021-11-23 09:55:25" hostname="DELL - DESKTOP-QBVMTUG" id="">
      <properties>
         <property name="deviceName" value=""/>
         <property name="devicePlatform" value=""/>
         <property name="logFolder" value="C:\\Users\\DELL\\Documents\\GitHub\\EES_KatalonLogo\\Reports\\20211123_091110\\Suite Repository\\Raporlar\\20211123_091227"/>
         <property name="logFiles" value="C:\\Users\\DELL\\Documents\\GitHub\\EES_KatalonLogo\\Reports\\20211123_091110\\Suite Repository\\Raporlar\\20211123_091227\\execution0.log"/>
         <property name="attachments" value=""/>
         <property name="hostName" value="DELL - DESKTOP-QBVMTUG"/>
         <property name="os" value="Windows 10 64bit"/>
         <property name="katalonVersion" value="8.0.5.208"/>
         <property name="browser" value="Chrome 96.0.4664.45"/>
         <property name="hostAddress" value="192.168.1.24"/>
         <property name="sessionId" value="7162a209725430a7ef45eb079f2eb08d"/>
         <property name="seleniumVersion" value="3.141.59"/>
         <property name="proxyInformation" value="ProxyInformation { proxyOption=NO_PROXY, proxyServerType=HTTP, username=, password=********, proxyServerAddress=, proxyServerPort=0, executionList=&quot;&quot;, isApplyToDesiredCapabilities=true }"/>
         <property name="platform" value="Windows 10"/>
      </properties>
      <testcase name="Test Cases/Case Repository/Raporlar/GIB Kullanici Listesi/Ekran Kontrolu" time="43.829" classname="Test Cases/Case Repository/Raporlar/GIB Kullanici Listesi/Ekran Kontrolu" status="PASSED">
         <system-out><![CDATA[2021-11-23 09:55:26 - [TEST_CASE][PASSED] - Test Cases/Case Repository/Raporlar/GIB Kullanici Listesi/Ekran Kontrolu: Test Cases/Case Repository/Raporlar/GIB Kullanici Listesi/Ekran Kontrolu

2021-11-23 09:55:26 - [TEST_STEP][PASSED] - Start listener action : sampleBeforeTestSuite: Invoke 'com.kms.katalon.core.annotation.BeforeTestCase' method: 'Listener.sampleBeforeTestSuite(...)' completed.

2021-11-23 09:55:26 - [MESSAGE][INFO] - Starting invoke 'com.kms.katalon.core.annotation.BeforeTestCase' method: 'Listener.sampleBeforeTestSuite(...)'

2021-11-23 09:55:26 - [TEST_STEP][PASSED] - openBrowser(baseUrl): Browser is opened with url: 'https://efatura-stage.elogo.com.tr/'

2021-11-23 09:55:27 - [MESSAGE][INFO] - Opening browser

2021-11-23 09:55:27 - [MESSAGE][INFO] - Starting 'Chrome' driver

2021-11-23 09:55:27 - [MESSAGE][INFO] - User set preference: ['prefs', '{download.default_directory=C:\otomasyondownfiles}']

2021-11-23 09:55:27 - [MESSAGE][INFO] - Action delay is set to 0 milliseconds

2021-11-23 09:55:30 - [MESSAGE][INFO] - Navigating browser to: 'https://efatura-stage.elogo.com.tr/'

2021-11-23 09:55:32 - [MESSAGE][PASSED] - Browser is opened with url: 'https://efatura-stage.elogo.com.tr/'

2021-11-23 09:55:32 - [TEST_STEP][PASSED] - maximizeWindow(): Invoke 'com.kms.katalon.core.annotation.BeforeTestCase' method: 'Listener.sampleBeforeTestSuite(...)' completed.

2021-11-23 09:55:32 - [MESSAGE][INFO] - Maximizing current window

2021-11-23 09:55:32 - [MESSAGE][PASSED] - Current window maximized

2021-11-23 09:55:32 - [MESSAGE][INFO] - Invoke 'com.kms.katalon.core.annotation.BeforeTestCase' method: 'Listener.sampleBeforeTestSuite(...)' completed.

2021-11-23 09:55:33 - [TEST_STEP][PASSED] - runFeatureFile("Include/features/Raporlar/GIB Kullanici Listesi/Ekran Kontrolu.feature"): Feature file: 'Include/features/Raporlar/GIB Kullanici Listesi/Ekran Kontrolu.feature' was passed

2021-11-23 09:55:33 - [MESSAGE][INFO] - Starting run keyword runFeatureFile: 'Include/features/Raporlar/GIB Kullanici Listesi/Ekran Kontrolu.feature' and extract report to folder: 'C:\Users\DELL\Documents\GitHub\EES_KatalonLogo\Reports\20211123_091110\Suite Repository\Raporlar\20211123_091227/cucumber_report/1637650533415'...

2021-11-23 09:55:33 - [MESSAGE][INFO] - Glue: []

2021-11-23 09:55:37 - [MESSAGE][INFO] - Checking called Test Case

2021-11-23 09:55:37 - [MESSAGE][INFO] - Starting to call Test Case 'Test Cases/Sayfalar/Giris_Sayfasi/Login'

2021-11-23 09:55:37 - [TEST_CASE][PASSED] - Test Cases/Sayfalar/Giris_Sayfasi/Login: Test Cases/Sayfalar/Giris_Sayfasi/Login

2021-11-23 09:55:38 - [TEST_STEP][PASSED] - Sayfa_Basligi = getWindowTitle(): Current window's title is: 'LOGO e-Fatura'

2021-11-23 09:55:38 - [MESSAGE][INFO] - Getting current window's title

2021-11-23 09:55:38 - [MESSAGE][PASSED] - Current window's title is: 'LOGO e-Fatura'

2021-11-23 09:55:38 - [TEST_STEP][PASSED] - verifyMatch(Sayfa_Basligi, "LOGO e-Fatura", false): Actual text 'LOGO e-Fatura' and expected text 'LOGO e-Fatura' are matched 

2021-11-23 09:55:38 - [MESSAGE][INFO] - Matching actual text 'LOGO e-Fatura' with expected text 'LOGO e-Fatura'

2021-11-23 09:55:38 - [MESSAGE][PASSED] - Actual text 'LOGO e-Fatura' and expected text 'LOGO e-Fatura' are matched 

2021-11-23 09:55:38 - [TEST_STEP][PASSED] - sendKeys(findTestObject("Sayfalar/Giris_Sayfasi/Firma_Kodu"), KullaniciAdi): Keys 'ELOGO6' sent to object: 'Object Repository/Sayfalar/Giris_Sayfasi/Firma_Kodu'

2021-11-23 09:55:38 - [MESSAGE][INFO] - Finding Test Object 'Object Repository/Sayfalar/Giris_Sayfasi/Firma_Kodu'

2021-11-23 09:55:38 - [MESSAGE][INFO] - Sending keys 'ELOGO6' to object: 'Object Repository/Sayfalar/Giris_Sayfasi/Firma_Kodu'

2021-11-23 09:55:38 - [MESSAGE][INFO] - Finding web element from Test Object's properties

2021-11-23 09:55:38 - [MESSAGE][INFO] - Checking timeout

2021-11-23 09:55:38 - [MESSAGE][INFO] - Finding web element with id: 'Object Repository/Sayfalar/Giris_Sayfasi/Firma_Kodu' located by 'By.xpath: //*[@id = 'AccountName']' in '30' second(s)

2021-11-23 09:55:38 - [MESSAGE][INFO] - Smart Wait Function is triggered

2021-11-23 09:55:38 - [MESSAGE][INFO] - Found 1 web elements with id: 'Object Repository/Sayfalar/Giris_Sayfasi/Firma_Kodu' located by 'By.xpath: //*[@id = 'AccountName']' in '30' second(s)

2021-11-23 09:55:38 - [MESSAGE][PASSED] - Keys 'ELOGO6' sent to object: 'Object Repository/Sayfalar/Giris_Sayfasi/Firma_Kodu'

2021-11-23 09:55:38 - [TEST_STEP][PASSED] - sendKeys(findTestObject("Sayfalar/Giris_Sayfasi/Sifre"), Sifre): Keys '123456' sent to object: 'Object Repository/Sayfalar/Giris_Sayfasi/Sifre'

2021-11-23 09:55:38 - [MESSAGE][INFO] - Finding Test Object 'Object Repository/Sayfalar/Giris_Sayfasi/Sifre'

2021-11-23 09:55:39 - [MESSAGE][INFO] - Sending keys '123456' to object: 'Object Repository/Sayfalar/Giris_Sayfasi/Sifre'

2021-11-23 09:55:39 - [MESSAGE][INFO] - Finding web element from Test Object's properties

2021-11-23 09:55:39 - [MESSAGE][INFO] - Checking timeout

2021-11-23 09:55:39 - [MESSAGE][INFO] - Finding web element with id: 'Object Repository/Sayfalar/Giris_Sayfasi/Sifre' located by 'By.xpath: //*[@id = 'Password']' in '30' second(s)

2021-11-23 09:55:39 - [MESSAGE][INFO] - Smart Wait Function is triggered

2021-11-23 09:55:39 - [MESSAGE][INFO] - Found 1 web elements with id: 'Object Repository/Sayfalar/Giris_Sayfasi/Sifre' located by 'By.xpath: //*[@id = 'Password']' in '30' second(s)

2021-11-23 09:55:39 - [MESSAGE][PASSED] - Keys '123456' sent to object: 'Object Repository/Sayfalar/Giris_Sayfasi/Sifre'

2021-11-23 09:55:39 - [TEST_STEP][PASSED] - findWebElement(findTestObject("Sayfalar/Giris_Sayfasi/Giris_Butonu")).click(): Found 1 web elements with id: 'Object Repository/Sayfalar/Giris_Sayfasi/Giris_Butonu' located by 'By.cssSelector: #btnLogin' in '30' second(s)

2021-11-23 09:55:39 - [MESSAGE][INFO] - Finding Test Object 'Object Repository/Sayfalar/Giris_Sayfasi/Giris_Butonu'

2021-11-23 09:55:39 - [MESSAGE][INFO] - Finding web element from Test Object's properties

2021-11-23 09:55:39 - [MESSAGE][INFO] - Checking timeout

2021-11-23 09:55:39 - [MESSAGE][INFO] - Finding web element with id: 'Object Repository/Sayfalar/Giris_Sayfasi/Giris_Butonu' located by 'By.cssSelector: #btnLogin' in '30' second(s)

2021-11-23 09:55:39 - [MESSAGE][INFO] - Smart Wait Function is triggered

2021-11-23 09:55:39 - [MESSAGE][INFO] - Found 1 web elements with id: 'Object Repository/Sayfalar/Giris_Sayfasi/Giris_Butonu' located by 'By.cssSelector: #btnLogin' in '30' second(s)

2021-11-23 09:55:42 - [TEST_STEP][PASSED] - if (verifyElementPresent(findTestObject("Object Repository/Sayfalar/Giris_Sayfasi/RetveTamam_Butonu"), 5, OPTIONAL)): null

2021-11-23 09:55:42 - [MESSAGE][INFO] - Finding Test Object 'Object Repository/Sayfalar/Giris_Sayfasi/RetveTamam_Butonu'

2021-11-23 09:55:42 - [MESSAGE][INFO] - Checking object

2021-11-23 09:55:42 - [MESSAGE][INFO] - Finding web element from Test Object's properties

2021-11-23 09:55:42 - [MESSAGE][INFO] - Checking timeout

2021-11-23 09:55:42 - [MESSAGE][INFO] - Finding web element with id: 'Object Repository/Sayfalar/Giris_Sayfasi/RetveTamam_Butonu' located by 'By.xpath: //*[@class = 'btn btn-default']' in '5' second(s)

2021-11-23 09:55:42 - [MESSAGE][INFO] - Smart Wait Function is triggered

2021-11-23 09:55:42 - [MESSAGE][INFO] - Found 1 web elements with id: 'Object Repository/Sayfalar/Giris_Sayfasi/RetveTamam_Butonu' located by 'By.xpath: //*[@class = 'btn btn-default']' in '5' second(s)

2021-11-23 09:55:42 - [MESSAGE][PASSED] - Object 'Object Repository/Sayfalar/Giris_Sayfasi/RetveTamam_Butonu' is present

2021-11-23 09:55:42 - [TEST_STEP][PASSED] - click(findTestObject("Object Repository/Sayfalar/Giris_Sayfasi/RetveTamam_Butonu")): Object: 'Object Repository/Sayfalar/Giris_Sayfasi/RetveTamam_Butonu' is clicked on

2021-11-23 09:55:42 - [MESSAGE][INFO] - Finding Test Object 'Object Repository/Sayfalar/Giris_Sayfasi/RetveTamam_Butonu'

2021-11-23 09:55:42 - [MESSAGE][INFO] - Checking object

2021-11-23 09:55:42 - [MESSAGE][INFO] - Finding web element from Test Object's properties

2021-11-23 09:55:42 - [MESSAGE][INFO] - Checking timeout

2021-11-23 09:55:42 - [MESSAGE][INFO] - Finding web element with id: 'Object Repository/Sayfalar/Giris_Sayfasi/RetveTamam_Butonu' located by 'By.xpath: //*[@class = 'btn btn-default']' in '30' second(s)

2021-11-23 09:55:42 - [MESSAGE][INFO] - Smart Wait Function is triggered

2021-11-23 09:55:43 - [MESSAGE][INFO] - Found 1 web elements with id: 'Object Repository/Sayfalar/Giris_Sayfasi/RetveTamam_Butonu' located by 'By.xpath: //*[@class = 'btn btn-default']' in '30' second(s)

2021-11-23 09:55:43 - [MESSAGE][INFO] - Clicking on object: 'Object Repository/Sayfalar/Giris_Sayfasi/RetveTamam_Butonu'

2021-11-23 09:55:43 - [MESSAGE][PASSED] - Object: 'Object Repository/Sayfalar/Giris_Sayfasi/RetveTamam_Butonu' is clicked on

2021-11-23 09:55:43 - [TEST_STEP][PASSED] - click(findTestObject("Object Repository/Sayfalar/Giris_Sayfasi/RetveTamam_Butonu")): Object: 'Object Repository/Sayfalar/Giris_Sayfasi/RetveTamam_Butonu' is clicked on

2021-11-23 09:55:43 - [MESSAGE][INFO] - Finding Test Object 'Object Repository/Sayfalar/Giris_Sayfasi/RetveTamam_Butonu'

2021-11-23 09:55:43 - [MESSAGE][INFO] - Checking object

2021-11-23 09:55:43 - [MESSAGE][INFO] - Finding web element from Test Object's properties

2021-11-23 09:55:43 - [MESSAGE][INFO] - Checking timeout

2021-11-23 09:55:43 - [MESSAGE][INFO] - Finding web element with id: 'Object Repository/Sayfalar/Giris_Sayfasi/RetveTamam_Butonu' located by 'By.xpath: //*[@class = 'btn btn-default']' in '30' second(s)

2021-11-23 09:55:43 - [MESSAGE][INFO] - Smart Wait Function is triggered

2021-11-23 09:55:46 - [MESSAGE][INFO] - Found 1 web elements with id: 'Object Repository/Sayfalar/Giris_Sayfasi/RetveTamam_Butonu' located by 'By.xpath: //*[@class = 'btn btn-default']' in '30' second(s)

2021-11-23 09:55:46 - [MESSAGE][INFO] - Clicking on object: 'Object Repository/Sayfalar/Giris_Sayfasi/RetveTamam_Butonu'

2021-11-23 09:55:46 - [MESSAGE][PASSED] - Object: 'Object Repository/Sayfalar/Giris_Sayfasi/RetveTamam_Butonu' is clicked on

2021-11-23 09:55:46 - [TEST_STEP][PASSED] - if (verifyElementPresent(findTestObject("Sayfalar/Giris_Sayfasi/PopupOK"), 5, OPTIONAL)): null

2021-11-23 09:55:46 - [MESSAGE][INFO] - Finding Test Object 'Object Repository/Sayfalar/Giris_Sayfasi/PopupOK'

2021-11-23 09:55:46 - [MESSAGE][INFO] - Checking object

2021-11-23 09:55:46 - [MESSAGE][INFO] - Finding web element from Test Object's properties

2021-11-23 09:55:46 - [MESSAGE][INFO] - Checking timeout

2021-11-23 09:55:46 - [MESSAGE][INFO] - Finding web element with id: 'Object Repository/Sayfalar/Giris_Sayfasi/PopupOK' located by 'By.cssSelector: .btn.btn-success' in '5' second(s)

2021-11-23 09:55:46 - [MESSAGE][INFO] - Smart Wait Function is triggered

2021-11-23 09:55:47 - [MESSAGE][INFO] - Found 1 web elements with id: 'Object Repository/Sayfalar/Giris_Sayfasi/PopupOK' located by 'By.cssSelector: .btn.btn-success' in '5' second(s)

2021-11-23 09:55:47 - [MESSAGE][PASSED] - Object 'Object Repository/Sayfalar/Giris_Sayfasi/PopupOK' is present

2021-11-23 09:55:47 - [TEST_STEP][PASSED] - click(findTestObject("Object Repository/Sayfalar/Giris_Sayfasi/PopupCarpiGiris")): Object: 'Object Repository/Sayfalar/Giris_Sayfasi/PopupCarpiGiris' is clicked on

2021-11-23 09:55:47 - [MESSAGE][INFO] - Finding Test Object 'Object Repository/Sayfalar/Giris_Sayfasi/PopupCarpiGiris'

2021-11-23 09:55:47 - [MESSAGE][INFO] - Checking object

2021-11-23 09:55:47 - [MESSAGE][INFO] - Finding web element from Test Object's properties

2021-11-23 09:55:47 - [MESSAGE][INFO] - Checking timeout

2021-11-23 09:55:47 - [MESSAGE][INFO] - Finding web element with id: 'Object Repository/Sayfalar/Giris_Sayfasi/PopupCarpiGiris' located by 'By.cssSelector: .bootbox-close-button.close' in '30' second(s)

2021-11-23 09:55:47 - [MESSAGE][INFO] - Smart Wait Function is triggered

2021-11-23 09:55:47 - [MESSAGE][INFO] - Found 1 web elements with id: 'Object Repository/Sayfalar/Giris_Sayfasi/PopupCarpiGiris' located by 'By.cssSelector: .bootbox-close-button.close' in '30' second(s)

2021-11-23 09:55:47 - [MESSAGE][INFO] - Clicking on object: 'Object Repository/Sayfalar/Giris_Sayfasi/PopupCarpiGiris'

2021-11-23 09:55:47 - [MESSAGE][PASSED] - Object: 'Object Repository/Sayfalar/Giris_Sayfasi/PopupCarpiGiris' is clicked on

2021-11-23 09:55:47 - [TEST_STEP][PASSED] - verifyElementVisible(findTestObject("Object Repository/Kullanici_Islemleri/KullaniciIslemleri")): Object 'Object Repository/Kullanici_Islemleri/KullaniciIslemleri' is visible

2021-11-23 09:55:47 - [MESSAGE][INFO] - Finding Test Object 'Object Repository/Kullanici_Islemleri/KullaniciIslemleri'

2021-11-23 09:55:47 - [MESSAGE][INFO] - Checking object

2021-11-23 09:55:47 - [MESSAGE][INFO] - Finding web element from Test Object's properties

2021-11-23 09:55:47 - [MESSAGE][INFO] - Checking timeout

2021-11-23 09:55:47 - [MESSAGE][INFO] - Finding web element with id: 'Object Repository/Kullanici_Islemleri/KullaniciIslemleri' located by 'By.cssSelector: .dropdown>a>img' in '30' second(s)

2021-11-23 09:55:47 - [MESSAGE][INFO] - Smart Wait Function is triggered

2021-11-23 09:55:48 - [MESSAGE][INFO] - Found 1 web elements with id: 'Object Repository/Kullanici_Islemleri/KullaniciIslemleri' located by 'By.cssSelector: .dropdown>a>img' in '30' second(s)

2021-11-23 09:55:48 - [MESSAGE][PASSED] - Object 'Object Repository/Kullanici_Islemleri/KullaniciIslemleri' is visible

2021-11-23 09:55:48 - [MESSAGE][PASSED] - Call Test Case 'Test Cases/Sayfalar/Giris_Sayfasi/Login' successfully

2021-11-23 09:55:48 - [MESSAGE][INFO] - Checking called Test Case

2021-11-23 09:55:48 - [MESSAGE][INFO] - Starting to call Test Case 'Test Cases/Menu/AnaMenuSecimi'

2021-11-23 09:55:48 - [TEST_CASE][PASSED] - Test Cases/Menu/AnaMenuSecimi: Test Cases/Menu/AnaMenuSecimi

2021-11-23 09:55:49 - [TEST_STEP][PASSED] - Method.TextDegerineEsitElementeTikla(findTestObject("Menu/Ana_Menu"), Ana_Menu): Method.TextDegerineEsitElementeTikla is PASSED

2021-11-23 09:55:49 - [MESSAGE][INFO] - Finding Test Object 'Object Repository/Menu/Ana_Menu'

2021-11-23 09:55:49 - [MESSAGE][INFO] - Checking timeout

2021-11-23 09:55:49 - [MESSAGE][INFO] - Finding web element with id: 'Object Repository/Menu/Ana_Menu' located by 'By.xpath: //*[@class = 'dropdown-toggle']' in '10' second(s)

2021-11-23 09:55:49 - [MESSAGE][INFO] - Smart Wait Function is triggered

2021-11-23 09:55:49 - [MESSAGE][INFO] - Found 14 web elements with id: 'Object Repository/Menu/Ana_Menu' located by 'By.xpath: //*[@class = 'dropdown-toggle']' in '10' second(s)

2021-11-23 09:55:50 - [MESSAGE][PASSED] - Method.TextDegerineEsitElementeTikla is PASSED

2021-11-23 09:55:50 - [MESSAGE][PASSED] - Call Test Case 'Test Cases/Menu/AnaMenuSecimi' successfully

2021-11-23 09:55:50 - [MESSAGE][INFO] - Checking called Test Case

2021-11-23 09:55:50 - [MESSAGE][INFO] - Starting to call Test Case 'Test Cases/Menu/AltMenuSecimi'

2021-11-23 09:55:50 - [TEST_CASE][PASSED] - Test Cases/Menu/AltMenuSecimi: Test Cases/Menu/AltMenuSecimi

2021-11-23 09:55:51 - [TEST_STEP][PASSED] - Method.TextDegerineEsitElementeTikla(findTestObject("Menu/Alt_Menu"), Alt_Menu): Method.TextDegerineEsitElementeTikla is PASSED

2021-11-23 09:55:51 - [MESSAGE][INFO] - Finding Test Object 'Object Repository/Menu/Alt_Menu'

2021-11-23 09:55:51 - [MESSAGE][INFO] - Checking timeout

2021-11-23 09:55:51 - [MESSAGE][INFO] - Finding web element with id: 'Object Repository/Menu/Alt_Menu' located by 'By.xpath: //li[@class='dropdown dropdown-large open']//li[@class='dropdown-element']' in '10' second(s)

2021-11-23 09:55:51 - [MESSAGE][INFO] - Smart Wait Function is triggered

2021-11-23 09:55:51 - [MESSAGE][INFO] - Found 9 web elements with id: 'Object Repository/Menu/Alt_Menu' located by 'By.xpath: //li[@class='dropdown dropdown-large open']//li[@class='dropdown-element']' in '10' second(s)

2021-11-23 09:55:52 - [MESSAGE][PASSED] - Method.TextDegerineEsitElementeTikla is PASSED

2021-11-23 09:55:52 - [MESSAGE][PASSED] - Call Test Case 'Test Cases/Menu/AltMenuSecimi' successfully

2021-11-23 09:55:52 - [MESSAGE][INFO] - Checking called Test Case

2021-11-23 09:55:52 - [MESSAGE][INFO] - Starting to call Test Case 'Test Cases/Filtreler/FiltreVarMi_Raporlar'

2021-11-23 09:55:52 - [TEST_CASE][PASSED] - Test Cases/Filtreler/FiltreVarMi_Raporlar: Test Cases/Filtreler/FiltreVarMi_Raporlar

2021-11-23 09:55:52 - [TEST_STEP][PASSED] - Method.TextDegerineEsitElementVarMi(findTestObject("Filtreler/Basliklar_Raporlar"), Filtre_alan): Method.TextDegerineEsitElementVarMi is PASSED

2021-11-23 09:55:52 - [MESSAGE][INFO] - Finding Test Object 'Object Repository/Filtreler/Basliklar_Raporlar'

2021-11-23 09:55:53 - [MESSAGE][INFO] - Checking timeout

2021-11-23 09:55:53 - [MESSAGE][INFO] - Finding web element with id: 'Object Repository/Filtreler/Basliklar_Raporlar' located by 'By.cssSelector: .control-label.col-sm-4.col-sm-4' in '10' second(s)

2021-11-23 09:55:53 - [MESSAGE][INFO] - Smart Wait Function is triggered

2021-11-23 09:55:53 - [MESSAGE][INFO] - Found 7 web elements with id: 'Object Repository/Filtreler/Basliklar_Raporlar' located by 'By.cssSelector: .control-label.col-sm-4.col-sm-4' in '10' second(s)

2021-11-23 09:55:53 - [MESSAGE][PASSED] - Method.TextDegerineEsitElementVarMi is PASSED

2021-11-23 09:55:53 - [MESSAGE][PASSED] - Call Test Case 'Test Cases/Filtreler/FiltreVarMi_Raporlar' successfully

2021-11-23 09:55:53 - [MESSAGE][INFO] - Checking called Test Case

2021-11-23 09:55:53 - [MESSAGE][INFO] - Starting to call Test Case 'Test Cases/Filtreler/FiltreVarMi_Raporlar'

2021-11-23 09:55:53 - [TEST_CASE][PASSED] - Test Cases/Filtreler/FiltreVarMi_Raporlar: Test Cases/Filtreler/FiltreVarMi_Raporlar

2021-11-23 09:55:53 - [TEST_STEP][PASSED] - Method.TextDegerineEsitElementVarMi(findTestObject("Filtreler/Basliklar_Raporlar"), Filtre_alan): Method.TextDegerineEsitElementVarMi is PASSED

2021-11-23 09:55:53 - [MESSAGE][INFO] - Finding Test Object 'Object Repository/Filtreler/Basliklar_Raporlar'

2021-11-23 09:55:53 - [MESSAGE][INFO] - Checking timeout

2021-11-23 09:55:53 - [MESSAGE][INFO] - Finding web element with id: 'Object Repository/Filtreler/Basliklar_Raporlar' located by 'By.cssSelector: .control-label.col-sm-4.col-sm-4' in '10' second(s)

2021-11-23 09:55:53 - [MESSAGE][INFO] - Smart Wait Function is triggered

2021-11-23 09:55:53 - [MESSAGE][INFO] - Found 7 web elements with id: 'Object Repository/Filtreler/Basliklar_Raporlar' located by 'By.cssSelector: .control-label.col-sm-4.col-sm-4' in '10' second(s)

2021-11-23 09:55:53 - [MESSAGE][PASSED] - Method.TextDegerineEsitElementVarMi is PASSED

2021-11-23 09:55:53 - [MESSAGE][PASSED] - Call Test Case 'Test Cases/Filtreler/FiltreVarMi_Raporlar' successfully

2021-11-23 09:55:53 - [MESSAGE][INFO] - Checking called Test Case

2021-11-23 09:55:53 - [MESSAGE][INFO] - Starting to call Test Case 'Test Cases/Filtreler/FiltreVarMi_Raporlar'

2021-11-23 09:55:53 - [TEST_CASE][PASSED] - Test Cases/Filtreler/FiltreVarMi_Raporlar: Test Cases/Filtreler/FiltreVarMi_Raporlar

2021-11-23 09:55:53 - [TEST_STEP][PASSED] - Method.TextDegerineEsitElementVarMi(findTestObject("Filtreler/Basliklar_Raporlar"), Filtre_alan): Method.TextDegerineEsitElementVarMi is PASSED

2021-11-23 09:55:53 - [MESSAGE][INFO] - Finding Test Object 'Object Repository/Filtreler/Basliklar_Raporlar'

2021-11-23 09:55:54 - [MESSAGE][INFO] - Checking timeout

2021-11-23 09:55:54 - [MESSAGE][INFO] - Finding web element with id: 'Object Repository/Filtreler/Basliklar_Raporlar' located by 'By.cssSelector: .control-label.col-sm-4.col-sm-4' in '10' second(s)

2021-11-23 09:55:54 - [MESSAGE][INFO] - Smart Wait Function is triggered

2021-11-23 09:55:54 - [MESSAGE][INFO] - Found 7 web elements with id: 'Object Repository/Filtreler/Basliklar_Raporlar' located by 'By.cssSelector: .control-label.col-sm-4.col-sm-4' in '10' second(s)

2021-11-23 09:55:54 - [MESSAGE][PASSED] - Method.TextDegerineEsitElementVarMi is PASSED

2021-11-23 09:55:54 - [MESSAGE][PASSED] - Call Test Case 'Test Cases/Filtreler/FiltreVarMi_Raporlar' successfully

2021-11-23 09:55:54 - [MESSAGE][INFO] - Checking called Test Case

2021-11-23 09:55:54 - [MESSAGE][INFO] - Starting to call Test Case 'Test Cases/Filtreler/FiltreVarMi_Raporlar'

2021-11-23 09:55:54 - [TEST_CASE][PASSED] - Test Cases/Filtreler/FiltreVarMi_Raporlar: Test Cases/Filtreler/FiltreVarMi_Raporlar

2021-11-23 09:55:54 - [TEST_STEP][PASSED] - Method.TextDegerineEsitElementVarMi(findTestObject("Filtreler/Basliklar_Raporlar"), Filtre_alan): Method.TextDegerineEsitElementVarMi is PASSED

2021-11-23 09:55:54 - [MESSAGE][INFO] - Finding Test Object 'Object Repository/Filtreler/Basliklar_Raporlar'

2021-11-23 09:55:54 - [MESSAGE][INFO] - Checking timeout

2021-11-23 09:55:54 - [MESSAGE][INFO] - Finding web element with id: 'Object Repository/Filtreler/Basliklar_Raporlar' located by 'By.cssSelector: .control-label.col-sm-4.col-sm-4' in '10' second(s)

2021-11-23 09:55:54 - [MESSAGE][INFO] - Smart Wait Function is triggered

2021-11-23 09:55:54 - [MESSAGE][INFO] - Found 7 web elements with id: 'Object Repository/Filtreler/Basliklar_Raporlar' located by 'By.cssSelector: .control-label.col-sm-4.col-sm-4' in '10' second(s)

2021-11-23 09:55:54 - [MESSAGE][PASSED] - Method.TextDegerineEsitElementVarMi is PASSED

2021-11-23 09:55:54 - [MESSAGE][PASSED] - Call Test Case 'Test Cases/Filtreler/FiltreVarMi_Raporlar' successfully

2021-11-23 09:55:54 - [MESSAGE][INFO] - Checking called Test Case

2021-11-23 09:55:54 - [MESSAGE][INFO] - Starting to call Test Case 'Test Cases/Filtreler/FiltreVarMi_Raporlar'

2021-11-23 09:55:54 - [TEST_CASE][PASSED] - Test Cases/Filtreler/FiltreVarMi_Raporlar: Test Cases/Filtreler/FiltreVarMi_Raporlar

2021-11-23 09:55:54 - [TEST_STEP][PASSED] - Method.TextDegerineEsitElementVarMi(findTestObject("Filtreler/Basliklar_Raporlar"), Filtre_alan): Method.TextDegerineEsitElementVarMi is PASSED

2021-11-23 09:55:54 - [MESSAGE][INFO] - Finding Test Object 'Object Repository/Filtreler/Basliklar_Raporlar'

2021-11-23 09:55:55 - [MESSAGE][INFO] - Checking timeout

2021-11-23 09:55:55 - [MESSAGE][INFO] - Finding web element with id: 'Object Repository/Filtreler/Basliklar_Raporlar' located by 'By.cssSelector: .control-label.col-sm-4.col-sm-4' in '10' second(s)

2021-11-23 09:55:55 - [MESSAGE][INFO] - Smart Wait Function is triggered

2021-11-23 09:55:55 - [MESSAGE][INFO] - Found 7 web elements with id: 'Object Repository/Filtreler/Basliklar_Raporlar' located by 'By.cssSelector: .control-label.col-sm-4.col-sm-4' in '10' second(s)

2021-11-23 09:55:55 - [MESSAGE][PASSED] - Method.TextDegerineEsitElementVarMi is PASSED

2021-11-23 09:55:55 - [MESSAGE][PASSED] - Call Test Case 'Test Cases/Filtreler/FiltreVarMi_Raporlar' successfully

2021-11-23 09:55:55 - [MESSAGE][INFO] - Checking called Test Case

2021-11-23 09:55:55 - [MESSAGE][INFO] - Starting to call Test Case 'Test Cases/Filtreler/FiltreVarMi_Raporlar'

2021-11-23 09:55:55 - [TEST_CASE][PASSED] - Test Cases/Filtreler/FiltreVarMi_Raporlar: Test Cases/Filtreler/FiltreVarMi_Raporlar

2021-11-23 09:55:55 - [TEST_STEP][PASSED] - Method.TextDegerineEsitElementVarMi(findTestObject("Filtreler/Basliklar_Raporlar"), Filtre_alan): Method.TextDegerineEsitElementVarMi is PASSED

2021-11-23 09:55:55 - [MESSAGE][INFO] - Finding Test Object 'Object Repository/Filtreler/Basliklar_Raporlar'

2021-11-23 09:55:55 - [MESSAGE][INFO] - Checking timeout

2021-11-23 09:55:55 - [MESSAGE][INFO] - Finding web element with id: 'Object Repository/Filtreler/Basliklar_Raporlar' located by 'By.cssSelector: .control-label.col-sm-4.col-sm-4' in '10' second(s)

2021-11-23 09:55:55 - [MESSAGE][INFO] - Smart Wait Function is triggered

2021-11-23 09:55:55 - [MESSAGE][INFO] - Found 7 web elements with id: 'Object Repository/Filtreler/Basliklar_Raporlar' located by 'By.cssSelector: .control-label.col-sm-4.col-sm-4' in '10' second(s)

2021-11-23 09:55:55 - [MESSAGE][PASSED] - Method.TextDegerineEsitElementVarMi is PASSED

2021-11-23 09:55:55 - [MESSAGE][PASSED] - Call Test Case 'Test Cases/Filtreler/FiltreVarMi_Raporlar' successfully

2021-11-23 09:55:55 - [MESSAGE][INFO] - Checking called Test Case

2021-11-23 09:55:55 - [MESSAGE][INFO] - Starting to call Test Case 'Test Cases/Filtreler/FiltreVarMi_Raporlar'

2021-11-23 09:55:55 - [TEST_CASE][PASSED] - Test Cases/Filtreler/FiltreVarMi_Raporlar: Test Cases/Filtreler/FiltreVarMi_Raporlar

2021-11-23 09:55:55 - [TEST_STEP][PASSED] - Method.TextDegerineEsitElementVarMi(findTestObject("Filtreler/Basliklar_Raporlar"), Filtre_alan): Method.TextDegerineEsitElementVarMi is PASSED

2021-11-23 09:55:55 - [MESSAGE][INFO] - Finding Test Object 'Object Repository/Filtreler/Basliklar_Raporlar'

2021-11-23 09:55:56 - [MESSAGE][INFO] - Checking timeout

2021-11-23 09:55:56 - [MESSAGE][INFO] - Finding web element with id: 'Object Repository/Filtreler/Basliklar_Raporlar' located by 'By.cssSelector: .control-label.col-sm-4.col-sm-4' in '10' second(s)

2021-11-23 09:55:56 - [MESSAGE][INFO] - Smart Wait Function is triggered

2021-11-23 09:55:56 - [MESSAGE][INFO] - Found 7 web elements with id: 'Object Repository/Filtreler/Basliklar_Raporlar' located by 'By.cssSelector: .control-label.col-sm-4.col-sm-4' in '10' second(s)

2021-11-23 09:55:56 - [MESSAGE][PASSED] - Method.TextDegerineEsitElementVarMi is PASSED

2021-11-23 09:55:56 - [MESSAGE][PASSED] - Call Test Case 'Test Cases/Filtreler/FiltreVarMi_Raporlar' successfully

2021-11-23 09:55:56 - [MESSAGE][INFO] - Checking called Test Case

2021-11-23 09:55:56 - [MESSAGE][INFO] - Starting to call Test Case 'Test Cases/Filtreler/ButonVarMi'

2021-11-23 09:55:56 - [TEST_CASE][PASSED] - Test Cases/Filtreler/ButonVarMi: Test Cases/Filtreler/ButonVarMi

2021-11-23 09:55:56 - [TEST_STEP][PASSED] - Method.TextDegerineEsitElementVarMi(findTestObject("Filtreler/Butonlar"), Filtre_Buton): Method.TextDegerineEsitElementVarMi is PASSED

2021-11-23 09:55:56 - [MESSAGE][INFO] - Finding Test Object 'Object Repository/Filtreler/Butonlar'

2021-11-23 09:55:56 - [MESSAGE][INFO] - Checking timeout

2021-11-23 09:55:56 - [MESSAGE][INFO] - Finding web element with id: 'Object Repository/Filtreler/Butonlar' located by 'By.cssSelector: .dxb>span' in '10' second(s)

2021-11-23 09:55:56 - [MESSAGE][INFO] - Smart Wait Function is triggered

2021-11-23 09:55:57 - [MESSAGE][INFO] - Found 2 web elements with id: 'Object Repository/Filtreler/Butonlar' located by 'By.cssSelector: .dxb>span' in '10' second(s)

2021-11-23 09:55:57 - [MESSAGE][PASSED] - Method.TextDegerineEsitElementVarMi is PASSED

2021-11-23 09:55:57 - [MESSAGE][PASSED] - Call Test Case 'Test Cases/Filtreler/ButonVarMi' successfully

2021-11-23 09:55:57 - [MESSAGE][INFO] - Checking called Test Case

2021-11-23 09:55:57 - [MESSAGE][INFO] - Starting to call Test Case 'Test Cases/Filtreler/ButonVarMi'

2021-11-23 09:55:57 - [TEST_CASE][PASSED] - Test Cases/Filtreler/ButonVarMi: Test Cases/Filtreler/ButonVarMi

2021-11-23 09:55:57 - [TEST_STEP][PASSED] - Method.TextDegerineEsitElementVarMi(findTestObject("Filtreler/Butonlar"), Filtre_Buton): Method.TextDegerineEsitElementVarMi is PASSED

2021-11-23 09:55:57 - [MESSAGE][INFO] - Finding Test Object 'Object Repository/Filtreler/Butonlar'

2021-11-23 09:55:57 - [MESSAGE][INFO] - Checking timeout

2021-11-23 09:55:57 - [MESSAGE][INFO] - Finding web element with id: 'Object Repository/Filtreler/Butonlar' located by 'By.cssSelector: .dxb>span' in '10' second(s)

2021-11-23 09:55:57 - [MESSAGE][INFO] - Smart Wait Function is triggered

2021-11-23 09:55:57 - [MESSAGE][INFO] - Found 2 web elements with id: 'Object Repository/Filtreler/Butonlar' located by 'By.cssSelector: .dxb>span' in '10' second(s)

2021-11-23 09:55:57 - [MESSAGE][PASSED] - Method.TextDegerineEsitElementVarMi is PASSED

2021-11-23 09:55:57 - [MESSAGE][PASSED] - Call Test Case 'Test Cases/Filtreler/ButonVarMi' successfully

2021-11-23 09:55:57 - [MESSAGE][INFO] - Checking called Test Case

2021-11-23 09:55:57 - [MESSAGE][INFO] - Starting to call Test Case 'Test Cases/Butonlar/ButonVarMi'

2021-11-23 09:55:57 - [TEST_CASE][PASSED] - Test Cases/Butonlar/ButonVarMi: Test Cases/Butonlar/ButonVarMi

2021-11-23 09:55:58 - [TEST_STEP][PASSED] - Method.TextDegerineEsitElementVarMi(findTestObject("Butonlar/Butonlar"), Buton): Method.TextDegerineEsitElementVarMi is PASSED

2021-11-23 09:55:58 - [MESSAGE][INFO] - Finding Test Object 'Object Repository/Butonlar/Butonlar'

2021-11-23 09:55:58 - [MESSAGE][INFO] - Checking timeout

2021-11-23 09:55:58 - [MESSAGE][INFO] - Finding web element with id: 'Object Repository/Butonlar/Butonlar' located by 'By.cssSelector: .panel.panel-default.text-center.footerPanel .btn,.btn.btn-primary.btnControls' in '10' second(s)

2021-11-23 09:55:58 - [MESSAGE][INFO] - Smart Wait Function is triggered

2021-11-23 09:55:58 - [MESSAGE][INFO] - Found 1 web elements with id: 'Object Repository/Butonlar/Butonlar' located by 'By.cssSelector: .panel.panel-default.text-center.footerPanel .btn,.btn.btn-primary.btnControls' in '10' second(s)

2021-11-23 09:55:58 - [MESSAGE][PASSED] - Method.TextDegerineEsitElementVarMi is PASSED

2021-11-23 09:55:58 - [MESSAGE][PASSED] - Call Test Case 'Test Cases/Butonlar/ButonVarMi' successfully

2021-11-23 09:55:58 - [MESSAGE][INFO] - Checking called Test Case

2021-11-23 09:55:58 - [MESSAGE][INFO] - Starting to call Test Case 'Test Cases/Butonlar/ButonaTikla'

2021-11-23 09:55:58 - [TEST_CASE][PASSED] - Test Cases/Butonlar/ButonaTikla: Test Cases/Butonlar/ButonaTikla

2021-11-23 09:55:59 - [TEST_STEP][PASSED] - Method.TextDegerineEsitElementeTiklaEquals(findTestObject("Butonlar/Butonlar"), Buton_Adi): Method.TextDegerineEsitElementeTiklaEquals is PASSED

2021-11-23 09:55:59 - [MESSAGE][INFO] - Finding Test Object 'Object Repository/Butonlar/Butonlar'

2021-11-23 09:55:59 - [MESSAGE][INFO] - Checking timeout

2021-11-23 09:55:59 - [MESSAGE][INFO] - Finding web element with id: 'Object Repository/Butonlar/Butonlar' located by 'By.cssSelector: .panel.panel-default.text-center.footerPanel .btn,.btn.btn-primary.btnControls' in '10' second(s)

2021-11-23 09:55:59 - [MESSAGE][INFO] - Smart Wait Function is triggered

2021-11-23 09:55:59 - [MESSAGE][INFO] - Found 1 web elements with id: 'Object Repository/Butonlar/Butonlar' located by 'By.cssSelector: .panel.panel-default.text-center.footerPanel .btn,.btn.btn-primary.btnControls' in '10' second(s)

2021-11-23 09:55:59 - [MESSAGE][PASSED] - Method.TextDegerineEsitElementeTiklaEquals is PASSED

2021-11-23 09:55:59 - [MESSAGE][PASSED] - Call Test Case 'Test Cases/Butonlar/ButonaTikla' successfully

2021-11-23 09:55:59 - [MESSAGE][INFO] - Checking called Test Case

2021-11-23 09:55:59 - [MESSAGE][INFO] - Starting to call Test Case 'Test Cases/Butonlar/AltButonVarMi'

2021-11-23 09:55:59 - [TEST_CASE][PASSED] - Test Cases/Butonlar/AltButonVarMi: Test Cases/Butonlar/AltButonVarMi

2021-11-23 09:56:00 - [TEST_STEP][PASSED] - Method.TextDegerineEsitElementVarMi(findTestObject("Butonlar/AltButonlar"), AltButon): Method.TextDegerineEsitElementVarMi is PASSED

2021-11-23 09:56:00 - [MESSAGE][INFO] - Finding Test Object 'Object Repository/Butonlar/AltButonlar'

2021-11-23 09:56:00 - [MESSAGE][INFO] - Checking timeout

2021-11-23 09:56:00 - [MESSAGE][INFO] - Finding web element with id: 'Object Repository/Butonlar/AltButonlar' located by 'By.cssSelector: .btn-group.open li>a' in '10' second(s)

2021-11-23 09:56:00 - [MESSAGE][INFO] - Smart Wait Function is triggered

2021-11-23 09:56:00 - [MESSAGE][INFO] - Found 1 web elements with id: 'Object Repository/Butonlar/AltButonlar' located by 'By.cssSelector: .btn-group.open li>a' in '10' second(s)

2021-11-23 09:56:00 - [MESSAGE][PASSED] - Method.TextDegerineEsitElementVarMi is PASSED

2021-11-23 09:56:00 - [MESSAGE][PASSED] - Call Test Case 'Test Cases/Butonlar/AltButonVarMi' successfully

2021-11-23 09:56:00 - [MESSAGE][INFO] - Checking called Test Case

2021-11-23 09:56:00 - [MESSAGE][INFO] - Starting to call Test Case 'Test Cases/Filtreler/RaporTexboxaYaz'

2021-11-23 09:56:00 - [TEST_CASE][PASSED] - Test Cases/Filtreler/RaporTexboxaYaz: Test Cases/Filtreler/RaporTexboxaYaz

2021-11-23 09:56:01 - [TEST_STEP][PASSED] - Method.TextDegerineEsitElementinAltindakiTextboxtaYaz(findTestObject("Filtreler/Basliklar_Raporlar"), findTestObject("Filtreler/Basliga_Gore_Textbox"), Filtre_Adi, Filtre_Degeri): Method.TextDegerineEsitElementinAltindakiTextboxtaYaz is PASSED

2021-11-23 09:56:01 - [MESSAGE][INFO] - Finding Test Object 'Object Repository/Filtreler/Basliklar_Raporlar'

2021-11-23 09:56:01 - [MESSAGE][INFO] - Finding Test Object 'Object Repository/Filtreler/Basliga_Gore_Textbox'

2021-11-23 09:56:01 - [MESSAGE][INFO] - Checking timeout

2021-11-23 09:56:01 - [MESSAGE][INFO] - Finding web element with id: 'Object Repository/Filtreler/Basliklar_Raporlar' located by 'By.cssSelector: .control-label.col-sm-4.col-sm-4' in '10' second(s)

2021-11-23 09:56:01 - [MESSAGE][INFO] - Smart Wait Function is triggered

2021-11-23 09:56:01 - [MESSAGE][INFO] - Found 7 web elements with id: 'Object Repository/Filtreler/Basliklar_Raporlar' located by 'By.cssSelector: .control-label.col-sm-4.col-sm-4' in '10' second(s)

2021-11-23 09:56:01 - [MESSAGE][INFO] - Smart Wait Function is triggered

2021-11-23 09:56:02 - [MESSAGE][PASSED] - Method.TextDegerineEsitElementinAltindakiTextboxtaYaz is PASSED

2021-11-23 09:56:02 - [MESSAGE][PASSED] - Call Test Case 'Test Cases/Filtreler/RaporTexboxaYaz' successfully

2021-11-23 09:56:02 - [MESSAGE][INFO] - Checking called Test Case

2021-11-23 09:56:02 - [MESSAGE][INFO] - Starting to call Test Case 'Test Cases/Filtreler/ButonaTikla'

2021-11-23 09:56:02 - [TEST_CASE][PASSED] - Test Cases/Filtreler/ButonaTikla: Test Cases/Filtreler/ButonaTikla

2021-11-23 09:56:02 - [TEST_STEP][PASSED] - Method.TextDegerineEsitElementeTikla(findTestObject("Filtreler/Butonlar"), Filtre_Buton): Method.TextDegerineEsitElementeTikla is PASSED

2021-11-23 09:56:02 - [MESSAGE][INFO] - Finding Test Object 'Object Repository/Filtreler/Butonlar'

2021-11-23 09:56:02 - [MESSAGE][INFO] - Checking timeout

2021-11-23 09:56:02 - [MESSAGE][INFO] - Finding web element with id: 'Object Repository/Filtreler/Butonlar' located by 'By.cssSelector: .dxb>span' in '10' second(s)

2021-11-23 09:56:02 - [MESSAGE][INFO] - Smart Wait Function is triggered

2021-11-23 09:56:02 - [MESSAGE][INFO] - Found 2 web elements with id: 'Object Repository/Filtreler/Butonlar' located by 'By.cssSelector: .dxb>span' in '10' second(s)

2021-11-23 09:56:03 - [MESSAGE][PASSED] - Method.TextDegerineEsitElementeTikla is PASSED

2021-11-23 09:56:03 - [MESSAGE][PASSED] - Call Test Case 'Test Cases/Filtreler/ButonaTikla' successfully

2021-11-23 09:56:03 - [MESSAGE][INFO] - Checking called Test Case

2021-11-23 09:56:03 - [MESSAGE][INFO] - Starting to call Test Case 'Test Cases/Tablo/TablodaVeriVarMi'

2021-11-23 09:56:03 - [TEST_CASE][PASSED] - Test Cases/Tablo/TablodaVeriVarMi: Test Cases/Tablo/TablodaVeriVarMi

2021-11-23 09:56:03 - [TEST_STEP][PASSED] - verifyTextNotPresent("Görüntülenecek veri yok", true): Text 'Görüntülenecek veri yok' is not present on page using regular expression

2021-11-23 09:56:03 - [MESSAGE][INFO] - Checking text present  using regular expression

2021-11-23 09:56:03 - [MESSAGE][INFO] - Smart Wait Function is triggered

2021-11-23 09:56:04 - [MESSAGE][INFO] - Finding text 'Görüntülenecek veri yok' on page  using regular expression

2021-11-23 09:56:04 - [MESSAGE][PASSED] - Text 'Görüntülenecek veri yok' is not present on page using regular expression

2021-11-23 09:56:04 - [MESSAGE][PASSED] - Call Test Case 'Test Cases/Tablo/TablodaVeriVarMi' successfully

2021-11-23 09:56:04 - [MESSAGE][INFO] - Checking called Test Case

2021-11-23 09:56:04 - [MESSAGE][INFO] - Starting to call Test Case 'Test Cases/Butonlar/NumaraliSayfayaGec'

2021-11-23 09:56:04 - [TEST_CASE][PASSED] - Test Cases/Butonlar/NumaraliSayfayaGec: Test Cases/Butonlar/NumaraliSayfayaGec

2021-11-23 09:56:04 - [TEST_STEP][PASSED] - waitForElementClickable(findTestObject("Butonlar/SayfaNumarasi"), 10): Object 'Object Repository/Butonlar/SayfaNumarasi' is clickable

2021-11-23 09:56:04 - [MESSAGE][INFO] - Finding Test Object 'Object Repository/Butonlar/SayfaNumarasi'

2021-11-23 09:56:04 - [MESSAGE][INFO] - Checking object

2021-11-23 09:56:04 - [MESSAGE][INFO] - Checking timeout

2021-11-23 09:56:04 - [MESSAGE][INFO] - Finding web element from Test Object's properties

2021-11-23 09:56:04 - [MESSAGE][INFO] - Checking timeout

2021-11-23 09:56:04 - [MESSAGE][INFO] - Finding web element with id: 'Object Repository/Butonlar/SayfaNumarasi' located by 'By.cssSelector: .dxp-num' in '10' second(s)

2021-11-23 09:56:04 - [MESSAGE][INFO] - Smart Wait Function is triggered

2021-11-23 09:56:05 - [MESSAGE][INFO] - Found 2 web elements with id: 'Object Repository/Butonlar/SayfaNumarasi' located by 'By.cssSelector: .dxp-num' in '10' second(s)

2021-11-23 09:56:05 - [MESSAGE][PASSED] - Object 'Object Repository/Butonlar/SayfaNumarasi' is clickable

2021-11-23 09:56:05 - [TEST_STEP][PASSED] - Method.TextDegerineEsitElementeTiklaEquals(findTestObject("Butonlar/SayfaNumarasi"), SayfaNumarasi): Method.TextDegerineEsitElementeTiklaEquals is PASSED

2021-11-23 09:56:05 - [MESSAGE][INFO] - Finding Test Object 'Object Repository/Butonlar/SayfaNumarasi'

2021-11-23 09:56:05 - [MESSAGE][INFO] - Checking timeout

2021-11-23 09:56:05 - [MESSAGE][INFO] - Finding web element with id: 'Object Repository/Butonlar/SayfaNumarasi' located by 'By.cssSelector: .dxp-num' in '10' second(s)

2021-11-23 09:56:05 - [MESSAGE][INFO] - Smart Wait Function is triggered

2021-11-23 09:56:05 - [MESSAGE][INFO] - Found 2 web elements with id: 'Object Repository/Butonlar/SayfaNumarasi' located by 'By.cssSelector: .dxp-num' in '10' second(s)

2021-11-23 09:56:05 - [MESSAGE][PASSED] - Method.TextDegerineEsitElementeTiklaEquals is PASSED

2021-11-23 09:56:05 - [MESSAGE][PASSED] - Call Test Case 'Test Cases/Butonlar/NumaraliSayfayaGec' successfully

2021-11-23 09:56:05 - [MESSAGE][INFO] - Checking called Test Case

2021-11-23 09:56:05 - [MESSAGE][INFO] - Starting to call Test Case 'Test Cases/Kullanici_Islemleri/KullaniciIslemlerindenSecimYapilir'

2021-11-23 09:56:05 - [TEST_CASE][PASSED] - Test Cases/Kullanici_Islemleri/KullaniciIslemlerindenSecimYapilir: Test Cases/Kullanici_Islemleri/KullaniciIslemlerindenSecimYapilir

2021-11-23 09:56:06 - [TEST_STEP][PASSED] - waitForElementClickable(findTestObject("Object Repository/Kullanici_Islemleri/KullaniciIslemleri"), 10): Object 'Object Repository/Kullanici_Islemleri/KullaniciIslemleri' is clickable

2021-11-23 09:56:06 - [MESSAGE][INFO] - Finding Test Object 'Object Repository/Kullanici_Islemleri/KullaniciIslemleri'

2021-11-23 09:56:06 - [MESSAGE][INFO] - Checking object

2021-11-23 09:56:06 - [MESSAGE][INFO] - Checking timeout

2021-11-23 09:56:06 - [MESSAGE][INFO] - Finding web element from Test Object's properties

2021-11-23 09:56:06 - [MESSAGE][INFO] - Checking timeout

2021-11-23 09:56:06 - [MESSAGE][INFO] - Finding web element with id: 'Object Repository/Kullanici_Islemleri/KullaniciIslemleri' located by 'By.cssSelector: .dropdown>a>img' in '10' second(s)

2021-11-23 09:56:06 - [MESSAGE][INFO] - Smart Wait Function is triggered

2021-11-23 09:56:06 - [MESSAGE][INFO] - Found 1 web elements with id: 'Object Repository/Kullanici_Islemleri/KullaniciIslemleri' located by 'By.cssSelector: .dropdown>a>img' in '10' second(s)

2021-11-23 09:56:06 - [MESSAGE][PASSED] - Object 'Object Repository/Kullanici_Islemleri/KullaniciIslemleri' is clickable

2021-11-23 09:56:06 - [TEST_STEP][PASSED] - click(findTestObject("Object Repository/Kullanici_Islemleri/KullaniciIslemleri")): Object: 'Object Repository/Kullanici_Islemleri/KullaniciIslemleri' is clicked on

2021-11-23 09:56:06 - [MESSAGE][INFO] - Finding Test Object 'Object Repository/Kullanici_Islemleri/KullaniciIslemleri'

2021-11-23 09:56:06 - [MESSAGE][INFO] - Checking object

2021-11-23 09:56:06 - [MESSAGE][INFO] - Finding web element from Test Object's properties

2021-11-23 09:56:06 - [MESSAGE][INFO] - Checking timeout

2021-11-23 09:56:06 - [MESSAGE][INFO] - Finding web element with id: 'Object Repository/Kullanici_Islemleri/KullaniciIslemleri' located by 'By.cssSelector: .dropdown>a>img' in '30' second(s)

2021-11-23 09:56:06 - [MESSAGE][INFO] - Smart Wait Function is triggered

2021-11-23 09:56:07 - [MESSAGE][INFO] - Found 1 web elements with id: 'Object Repository/Kullanici_Islemleri/KullaniciIslemleri' located by 'By.cssSelector: .dropdown>a>img' in '30' second(s)

2021-11-23 09:56:07 - [MESSAGE][INFO] - Clicking on object: 'Object Repository/Kullanici_Islemleri/KullaniciIslemleri'

2021-11-23 09:56:07 - [MESSAGE][PASSED] - Object: 'Object Repository/Kullanici_Islemleri/KullaniciIslemleri' is clicked on

2021-11-23 09:56:07 - [TEST_STEP][PASSED] - Method.TextDegerineEsitElementeTikla(findTestObject("Object Repository/Kullanici_Islemleri/Secenekler"), Islem): Method.TextDegerineEsitElementeTikla is PASSED

2021-11-23 09:56:07 - [MESSAGE][INFO] - Finding Test Object 'Object Repository/Kullanici_Islemleri/Secenekler'

2021-11-23 09:56:07 - [MESSAGE][INFO] - Checking timeout

2021-11-23 09:56:07 - [MESSAGE][INFO] - Finding web element with id: 'Object Repository/Kullanici_Islemleri/Secenekler' located by 'By.cssSelector: .nav.navbar-nav.navbar-right li a' in '10' second(s)

2021-11-23 09:56:07 - [MESSAGE][INFO] - Smart Wait Function is triggered

2021-11-23 09:56:07 - [MESSAGE][INFO] - Found 22 web elements with id: 'Object Repository/Kullanici_Islemleri/Secenekler' located by 'By.cssSelector: .nav.navbar-nav.navbar-right li a' in '10' second(s)

2021-11-23 09:56:08 - [MESSAGE][PASSED] - Method.TextDegerineEsitElementeTikla is PASSED

2021-11-23 09:56:08 - [TEST_STEP][PASSED] - verifyElementNotPresent(findTestObject("Object Repository/Kullanici_Islemleri/Secenekler"), 10): Web element with id: 'Object Repository/Kullanici_Islemleri/Secenekler' located by 'By.cssSelector: .nav.navbar-nav.navbar-right li a' is not present after '10' second(s)

2021-11-23 09:56:08 - [MESSAGE][INFO] - Finding Test Object 'Object Repository/Kullanici_Islemleri/Secenekler'

2021-11-23 09:56:08 - [MESSAGE][INFO] - Checking object

2021-11-23 09:56:08 - [MESSAGE][INFO] - Checking timeout

2021-11-23 09:56:08 - [MESSAGE][INFO] - Finding web element with id: 'Object Repository/Kullanici_Islemleri/Secenekler' located by 'By.cssSelector: .nav.navbar-nav.navbar-right li a' in '10' second(s)

2021-11-23 09:56:08 - [MESSAGE][INFO] - Smart Wait Function is triggered

2021-11-23 09:56:09 - [MESSAGE][PASSED] - Web element with id: 'Object Repository/Kullanici_Islemleri/Secenekler' located by 'By.cssSelector: .nav.navbar-nav.navbar-right li a' is not present after '10' second(s)

2021-11-23 09:56:09 - [MESSAGE][PASSED] - Call Test Case 'Test Cases/Kullanici_Islemleri/KullaniciIslemlerindenSecimYapilir' successfully

2021-11-23 09:56:09 - [TEST_CASE][PASSED] - Start Test Case : SCENARIO Raporlar GIB Kullanici Listesi Buton Kontrolu: SCENARIO Raporlar GIB Kullanici Listesi Buton Kontrolu

2021-11-23 09:56:09 - [TEST_STEP][PASSED] - Kullanıcı adı ELOGO6 ve Şifre 123456 olarak giriş yapılır: Kullanıcı adı ELOGO6 ve Şifre 123456 olarak giriş yapılır

2021-11-23 09:56:09 - [MESSAGE][PASSED] - Kullanıcı adı ELOGO6 ve Şifre 123456 olarak giriş yapılır

2021-11-23 09:56:09 - [TEST_STEP][PASSED] - Ana menüden Raporlar seçilir: Ana menüden Raporlar seçilir

2021-11-23 09:56:09 - [MESSAGE][PASSED] - Ana menüden Raporlar seçilir

2021-11-23 09:56:09 - [TEST_STEP][PASSED] - Alt menüden GİB Kullanıcı Listesi seçilir: Alt menüden GİB Kullanıcı Listesi seçilir

2021-11-23 09:56:09 - [MESSAGE][PASSED] - Alt menüden GİB Kullanıcı Listesi seçilir

2021-11-23 09:56:09 - [TEST_STEP][PASSED] - Raporlar Filtre alanlarında Firma Adı var mı: Raporlar Filtre alanlarında Firma Adı var mı

2021-11-23 09:56:09 - [MESSAGE][PASSED] - Raporlar Filtre alanlarında Firma Adı var mı

2021-11-23 09:56:09 - [TEST_STEP][PASSED] - Raporlar Filtre alanlarında Firma Tipi var mı: Raporlar Filtre alanlarında Firma Tipi var mı

2021-11-23 09:56:09 - [MESSAGE][PASSED] - Raporlar Filtre alanlarında Firma Tipi var mı

2021-11-23 09:56:09 - [TEST_STEP][PASSED] - Raporlar Filtre alanlarında Kullanıcı Tipi var mı: Raporlar Filtre alanlarında Kullanıcı Tipi var mı

2021-11-23 09:56:09 - [MESSAGE][PASSED] - Raporlar Filtre alanlarında Kullanıcı Tipi var mı

2021-11-23 09:56:09 - [TEST_STEP][PASSED] - Raporlar Filtre alanlarında Kayıt Tarihi var mı: Raporlar Filtre alanlarında Kayıt Tarihi var mı

2021-11-23 09:56:09 - [MESSAGE][PASSED] - Raporlar Filtre alanlarında Kayıt Tarihi var mı

2021-11-23 09:56:09 - [TEST_STEP][PASSED] - Raporlar Filtre alanlarında Etiket Kayıt Tarihi var mı: Raporlar Filtre alanlarında Etiket Kayıt Tarihi var mı

2021-11-23 09:56:09 - [MESSAGE][PASSED] - Raporlar Filtre alanlarında Etiket Kayıt Tarihi var mı

2021-11-23 09:56:09 - [TEST_STEP][PASSED] - Raporlar Filtre alanlarında Etiket var mı: Raporlar Filtre alanlarında Etiket var mı

2021-11-23 09:56:09 - [MESSAGE][PASSED] - Raporlar Filtre alanlarında Etiket var mı

2021-11-23 09:56:09 - [TEST_STEP][PASSED] - Raporlar Filtre alanlarında Vergi No var mı: Raporlar Filtre alanlarında Vergi No var mı

2021-11-23 09:56:09 - [MESSAGE][PASSED] - Raporlar Filtre alanlarında Vergi No var mı

2021-11-23 09:56:09 - [TEST_STEP][PASSED] - Filtre butonlarında Listele var mı: Filtre butonlarında Listele var mı

2021-11-23 09:56:09 - [MESSAGE][PASSED] - Filtre butonlarında Listele var mı

2021-11-23 09:56:09 - [TEST_STEP][PASSED] - Filtre butonlarında Temizle var mı: Filtre butonlarında Temizle var mı

2021-11-23 09:56:09 - [MESSAGE][PASSED] - Filtre butonlarında Temizle var mı

2021-11-23 09:56:09 - [TEST_STEP][PASSED] - Butonlardan Excel var mı: Butonlardan Excel var mı

2021-11-23 09:56:09 - [MESSAGE][PASSED] - Butonlardan Excel var mı

2021-11-23 09:56:09 - [TEST_STEP][PASSED] - Butonlardan Excel isimli butona tıklanır: Butonlardan Excel isimli butona tıklanır

2021-11-23 09:56:09 - [MESSAGE][PASSED] - Butonlardan Excel isimli butona tıklanır

2021-11-23 09:56:09 - [TEST_STEP][PASSED] - Alt butonlardan Excel'e Aktar var mı: Alt butonlardan Excel'e Aktar var mı

2021-11-23 09:56:09 - [MESSAGE][PASSED] - Alt butonlardan Excel'e Aktar var mı

2021-11-23 09:56:09 - [TEST_STEP][PASSED] - Rapor Filtreleriden Vergi No filtresine 1234567806 textini yaz: Rapor Filtreleriden Vergi No filtresine 1234567806 textini yaz

2021-11-23 09:56:09 - [MESSAGE][PASSED] - Rapor Filtreleriden Vergi No filtresine 1234567806 textini yaz

2021-11-23 09:56:09 - [TEST_STEP][PASSED] - Filtre butonlarından Listele seçilir: Filtre butonlarından Listele seçilir

2021-11-23 09:56:09 - [MESSAGE][PASSED] - Filtre butonlarından Listele seçilir

2021-11-23 09:56:09 - [TEST_STEP][PASSED] - Tabloda veri var mı kontrol edilir: Tabloda veri var mı kontrol edilir

2021-11-23 09:56:09 - [MESSAGE][PASSED] - Tabloda veri var mı kontrol edilir

2021-11-23 09:56:09 - [TEST_STEP][PASSED] - Sayfa butonlarından 2 numaralı sayfa butonuna tıklanır: Sayfa butonlarından 2 numaralı sayfa butonuna tıklanır

2021-11-23 09:56:09 - [MESSAGE][PASSED] - Sayfa butonlarından 2 numaralı sayfa butonuna tıklanır

2021-11-23 09:56:09 - [TEST_STEP][PASSED] - Kullanıcı işlemlerinden Çıkış seçilir: Kullanıcı işlemlerinden Çıkış seçilir

2021-11-23 09:56:09 - [MESSAGE][PASSED] - Kullanıcı işlemlerinden Çıkış seçilir

2021-11-23 09:56:09 - [MESSAGE][PASSED] - Feature file: 'Include/features/Raporlar/GIB Kullanici Listesi/Ekran Kontrolu.feature' was passed

2021-11-23 09:56:09 - [TEST_STEP][PASSED] - Start listener action : sampleAfterTestSuite: Invoke 'com.kms.katalon.core.annotation.AfterTestCase' method: 'Listener.sampleAfterTestSuite(...)' completed.

2021-11-23 09:56:09 - [MESSAGE][INFO] - Starting invoke 'com.kms.katalon.core.annotation.AfterTestCase' method: 'Listener.sampleAfterTestSuite(...)'

2021-11-23 09:56:09 - [TEST_STEP][PASSED] - closeBrowser(): Invoke 'com.kms.katalon.core.annotation.AfterTestCase' method: 'Listener.sampleAfterTestSuite(...)' completed.

2021-11-23 09:56:09 - [MESSAGE][INFO] - Closing browser

2021-11-23 09:56:10 - [MESSAGE][PASSED] - Browser is closed

2021-11-23 09:56:10 - [MESSAGE][INFO] - Invoke 'com.kms.katalon.core.annotation.AfterTestCase' method: 'Listener.sampleAfterTestSuite(...)' completed.]]></system-out>
         <system-err><![CDATA[]]></system-err>
      </testcase>
      <testcase name="Test Cases/Case Repository/Raporlar/GIB Kullanici Listesi/Excel" time="33.704" classname="Test Cases/Case Repository/Raporlar/GIB Kullanici Listesi/Excel" status="PASSED">
         <system-out><![CDATA[2021-11-23 09:56:10 - [TEST_CASE][PASSED] - Test Cases/Case Repository/Raporlar/GIB Kullanici Listesi/Excel: Test Cases/Case Repository/Raporlar/GIB Kullanici Listesi/Excel

2021-11-23 09:56:10 - [TEST_STEP][PASSED] - Start listener action : sampleBeforeTestSuite: Invoke 'com.kms.katalon.core.annotation.BeforeTestCase' method: 'Listener.sampleBeforeTestSuite(...)' completed.

2021-11-23 09:56:10 - [MESSAGE][INFO] - Starting invoke 'com.kms.katalon.core.annotation.BeforeTestCase' method: 'Listener.sampleBeforeTestSuite(...)'

2021-11-23 09:56:10 - [TEST_STEP][PASSED] - openBrowser(baseUrl): Browser is opened with url: 'https://efatura-stage.elogo.com.tr/'

2021-11-23 09:56:10 - [MESSAGE][INFO] - Opening browser

2021-11-23 09:56:10 - [MESSAGE][INFO] - Starting 'Chrome' driver

2021-11-23 09:56:10 - [MESSAGE][INFO] - User set preference: ['prefs', '{download.default_directory=C:\otomasyondownfiles}']

2021-11-23 09:56:10 - [MESSAGE][INFO] - Action delay is set to 0 milliseconds

2021-11-23 09:56:11 - [MESSAGE][INFO] - Navigating browser to: 'https://efatura-stage.elogo.com.tr/'

2021-11-23 09:56:13 - [MESSAGE][PASSED] - Browser is opened with url: 'https://efatura-stage.elogo.com.tr/'

2021-11-23 09:56:13 - [TEST_STEP][PASSED] - maximizeWindow(): Invoke 'com.kms.katalon.core.annotation.BeforeTestCase' method: 'Listener.sampleBeforeTestSuite(...)' completed.

2021-11-23 09:56:13 - [MESSAGE][INFO] - Maximizing current window

2021-11-23 09:56:14 - [MESSAGE][PASSED] - Current window maximized

2021-11-23 09:56:14 - [MESSAGE][INFO] - Invoke 'com.kms.katalon.core.annotation.BeforeTestCase' method: 'Listener.sampleBeforeTestSuite(...)' completed.

2021-11-23 09:56:14 - [TEST_STEP][PASSED] - runFeatureFile("Include/features/Raporlar/GIB Kullanici Listesi/Excel.feature"): Feature file: 'Include/features/Raporlar/GIB Kullanici Listesi/Excel.feature' was passed

2021-11-23 09:56:14 - [MESSAGE][INFO] - Starting run keyword runFeatureFile: 'Include/features/Raporlar/GIB Kullanici Listesi/Excel.feature' and extract report to folder: 'C:\Users\DELL\Documents\GitHub\EES_KatalonLogo\Reports\20211123_091110\Suite Repository\Raporlar\20211123_091227/cucumber_report/1637650574811'...

2021-11-23 09:56:14 - [MESSAGE][INFO] - Glue: []

2021-11-23 09:56:17 - [MESSAGE][INFO] - Checking called Test Case

2021-11-23 09:56:17 - [MESSAGE][INFO] - Starting to call Test Case 'Test Cases/Sayfalar/Giris_Sayfasi/Login'

2021-11-23 09:56:17 - [TEST_CASE][PASSED] - Test Cases/Sayfalar/Giris_Sayfasi/Login: Test Cases/Sayfalar/Giris_Sayfasi/Login

2021-11-23 09:56:17 - [TEST_STEP][PASSED] - Sayfa_Basligi = getWindowTitle(): Current window's title is: 'LOGO e-Fatura'

2021-11-23 09:56:17 - [MESSAGE][INFO] - Getting current window's title

2021-11-23 09:56:17 - [MESSAGE][PASSED] - Current window's title is: 'LOGO e-Fatura'

2021-11-23 09:56:17 - [TEST_STEP][PASSED] - verifyMatch(Sayfa_Basligi, "LOGO e-Fatura", false): Actual text 'LOGO e-Fatura' and expected text 'LOGO e-Fatura' are matched 

2021-11-23 09:56:17 - [MESSAGE][INFO] - Matching actual text 'LOGO e-Fatura' with expected text 'LOGO e-Fatura'

2021-11-23 09:56:17 - [MESSAGE][PASSED] - Actual text 'LOGO e-Fatura' and expected text 'LOGO e-Fatura' are matched 

2021-11-23 09:56:17 - [TEST_STEP][PASSED] - sendKeys(findTestObject("Sayfalar/Giris_Sayfasi/Firma_Kodu"), KullaniciAdi): Keys 'ELOGO6' sent to object: 'Object Repository/Sayfalar/Giris_Sayfasi/Firma_Kodu'

2021-11-23 09:56:17 - [MESSAGE][INFO] - Finding Test Object 'Object Repository/Sayfalar/Giris_Sayfasi/Firma_Kodu'

2021-11-23 09:56:17 - [MESSAGE][INFO] - Sending keys 'ELOGO6' to object: 'Object Repository/Sayfalar/Giris_Sayfasi/Firma_Kodu'

2021-11-23 09:56:17 - [MESSAGE][INFO] - Finding web element from Test Object's properties

2021-11-23 09:56:17 - [MESSAGE][INFO] - Checking timeout

2021-11-23 09:56:17 - [MESSAGE][INFO] - Finding web element with id: 'Object Repository/Sayfalar/Giris_Sayfasi/Firma_Kodu' located by 'By.xpath: //*[@id = 'AccountName']' in '30' second(s)

2021-11-23 09:56:17 - [MESSAGE][INFO] - Smart Wait Function is triggered

2021-11-23 09:56:17 - [MESSAGE][INFO] - Found 1 web elements with id: 'Object Repository/Sayfalar/Giris_Sayfasi/Firma_Kodu' located by 'By.xpath: //*[@id = 'AccountName']' in '30' second(s)

2021-11-23 09:56:17 - [MESSAGE][PASSED] - Keys 'ELOGO6' sent to object: 'Object Repository/Sayfalar/Giris_Sayfasi/Firma_Kodu'

2021-11-23 09:56:17 - [TEST_STEP][PASSED] - sendKeys(findTestObject("Sayfalar/Giris_Sayfasi/Sifre"), Sifre): Keys '123456' sent to object: 'Object Repository/Sayfalar/Giris_Sayfasi/Sifre'

2021-11-23 09:56:17 - [MESSAGE][INFO] - Finding Test Object 'Object Repository/Sayfalar/Giris_Sayfasi/Sifre'

2021-11-23 09:56:18 - [MESSAGE][INFO] - Sending keys '123456' to object: 'Object Repository/Sayfalar/Giris_Sayfasi/Sifre'

2021-11-23 09:56:18 - [MESSAGE][INFO] - Finding web element from Test Object's properties

2021-11-23 09:56:18 - [MESSAGE][INFO] - Checking timeout

2021-11-23 09:56:18 - [MESSAGE][INFO] - Finding web element with id: 'Object Repository/Sayfalar/Giris_Sayfasi/Sifre' located by 'By.xpath: //*[@id = 'Password']' in '30' second(s)

2021-11-23 09:56:18 - [MESSAGE][INFO] - Smart Wait Function is triggered

2021-11-23 09:56:18 - [MESSAGE][INFO] - Found 1 web elements with id: 'Object Repository/Sayfalar/Giris_Sayfasi/Sifre' located by 'By.xpath: //*[@id = 'Password']' in '30' second(s)

2021-11-23 09:56:18 - [MESSAGE][PASSED] - Keys '123456' sent to object: 'Object Repository/Sayfalar/Giris_Sayfasi/Sifre'

2021-11-23 09:56:18 - [TEST_STEP][PASSED] - findWebElement(findTestObject("Sayfalar/Giris_Sayfasi/Giris_Butonu")).click(): Found 1 web elements with id: 'Object Repository/Sayfalar/Giris_Sayfasi/Giris_Butonu' located by 'By.cssSelector: #btnLogin' in '30' second(s)

2021-11-23 09:56:18 - [MESSAGE][INFO] - Finding Test Object 'Object Repository/Sayfalar/Giris_Sayfasi/Giris_Butonu'

2021-11-23 09:56:18 - [MESSAGE][INFO] - Finding web element from Test Object's properties

2021-11-23 09:56:18 - [MESSAGE][INFO] - Checking timeout

2021-11-23 09:56:18 - [MESSAGE][INFO] - Finding web element with id: 'Object Repository/Sayfalar/Giris_Sayfasi/Giris_Butonu' located by 'By.cssSelector: #btnLogin' in '30' second(s)

2021-11-23 09:56:18 - [MESSAGE][INFO] - Smart Wait Function is triggered

2021-11-23 09:56:18 - [MESSAGE][INFO] - Found 1 web elements with id: 'Object Repository/Sayfalar/Giris_Sayfasi/Giris_Butonu' located by 'By.cssSelector: #btnLogin' in '30' second(s)

2021-11-23 09:56:21 - [TEST_STEP][PASSED] - if (verifyElementPresent(findTestObject("Object Repository/Sayfalar/Giris_Sayfasi/RetveTamam_Butonu"), 5, OPTIONAL)): null

2021-11-23 09:56:21 - [MESSAGE][INFO] - Finding Test Object 'Object Repository/Sayfalar/Giris_Sayfasi/RetveTamam_Butonu'

2021-11-23 09:56:21 - [MESSAGE][INFO] - Checking object

2021-11-23 09:56:21 - [MESSAGE][INFO] - Finding web element from Test Object's properties

2021-11-23 09:56:21 - [MESSAGE][INFO] - Checking timeout

2021-11-23 09:56:21 - [MESSAGE][INFO] - Finding web element with id: 'Object Repository/Sayfalar/Giris_Sayfasi/RetveTamam_Butonu' located by 'By.xpath: //*[@class = 'btn btn-default']' in '5' second(s)

2021-11-23 09:56:21 - [MESSAGE][INFO] - Smart Wait Function is triggered

2021-11-23 09:56:21 - [MESSAGE][INFO] - Found 1 web elements with id: 'Object Repository/Sayfalar/Giris_Sayfasi/RetveTamam_Butonu' located by 'By.xpath: //*[@class = 'btn btn-default']' in '5' second(s)

2021-11-23 09:56:21 - [MESSAGE][PASSED] - Object 'Object Repository/Sayfalar/Giris_Sayfasi/RetveTamam_Butonu' is present

2021-11-23 09:56:21 - [TEST_STEP][PASSED] - click(findTestObject("Object Repository/Sayfalar/Giris_Sayfasi/RetveTamam_Butonu")): Object: 'Object Repository/Sayfalar/Giris_Sayfasi/RetveTamam_Butonu' is clicked on

2021-11-23 09:56:21 - [MESSAGE][INFO] - Finding Test Object 'Object Repository/Sayfalar/Giris_Sayfasi/RetveTamam_Butonu'

2021-11-23 09:56:21 - [MESSAGE][INFO] - Checking object

2021-11-23 09:56:21 - [MESSAGE][INFO] - Finding web element from Test Object's properties

2021-11-23 09:56:21 - [MESSAGE][INFO] - Checking timeout

2021-11-23 09:56:21 - [MESSAGE][INFO] - Finding web element with id: 'Object Repository/Sayfalar/Giris_Sayfasi/RetveTamam_Butonu' located by 'By.xpath: //*[@class = 'btn btn-default']' in '30' second(s)

2021-11-23 09:56:21 - [MESSAGE][INFO] - Smart Wait Function is triggered

2021-11-23 09:56:21 - [MESSAGE][INFO] - Found 1 web elements with id: 'Object Repository/Sayfalar/Giris_Sayfasi/RetveTamam_Butonu' located by 'By.xpath: //*[@class = 'btn btn-default']' in '30' second(s)

2021-11-23 09:56:21 - [MESSAGE][INFO] - Clicking on object: 'Object Repository/Sayfalar/Giris_Sayfasi/RetveTamam_Butonu'

2021-11-23 09:56:21 - [MESSAGE][PASSED] - Object: 'Object Repository/Sayfalar/Giris_Sayfasi/RetveTamam_Butonu' is clicked on

2021-11-23 09:56:21 - [TEST_STEP][PASSED] - click(findTestObject("Object Repository/Sayfalar/Giris_Sayfasi/RetveTamam_Butonu")): Object: 'Object Repository/Sayfalar/Giris_Sayfasi/RetveTamam_Butonu' is clicked on

2021-11-23 09:56:21 - [MESSAGE][INFO] - Finding Test Object 'Object Repository/Sayfalar/Giris_Sayfasi/RetveTamam_Butonu'

2021-11-23 09:56:21 - [MESSAGE][INFO] - Checking object

2021-11-23 09:56:21 - [MESSAGE][INFO] - Finding web element from Test Object's properties

2021-11-23 09:56:21 - [MESSAGE][INFO] - Checking timeout

2021-11-23 09:56:21 - [MESSAGE][INFO] - Finding web element with id: 'Object Repository/Sayfalar/Giris_Sayfasi/RetveTamam_Butonu' located by 'By.xpath: //*[@class = 'btn btn-default']' in '30' second(s)

2021-11-23 09:56:21 - [MESSAGE][INFO] - Smart Wait Function is triggered

2021-11-23 09:56:30 - [MESSAGE][INFO] - Found 1 web elements with id: 'Object Repository/Sayfalar/Giris_Sayfasi/RetveTamam_Butonu' located by 'By.xpath: //*[@class = 'btn btn-default']' in '30' second(s)

2021-11-23 09:56:30 - [MESSAGE][INFO] - Clicking on object: 'Object Repository/Sayfalar/Giris_Sayfasi/RetveTamam_Butonu'

2021-11-23 09:56:30 - [MESSAGE][PASSED] - Object: 'Object Repository/Sayfalar/Giris_Sayfasi/RetveTamam_Butonu' is clicked on

2021-11-23 09:56:30 - [TEST_STEP][PASSED] - if (verifyElementPresent(findTestObject("Sayfalar/Giris_Sayfasi/PopupOK"), 5, OPTIONAL)): null

2021-11-23 09:56:30 - [MESSAGE][INFO] - Finding Test Object 'Object Repository/Sayfalar/Giris_Sayfasi/PopupOK'

2021-11-23 09:56:30 - [MESSAGE][INFO] - Checking object

2021-11-23 09:56:30 - [MESSAGE][INFO] - Finding web element from Test Object's properties

2021-11-23 09:56:30 - [MESSAGE][INFO] - Checking timeout

2021-11-23 09:56:30 - [MESSAGE][INFO] - Finding web element with id: 'Object Repository/Sayfalar/Giris_Sayfasi/PopupOK' located by 'By.cssSelector: .btn.btn-success' in '5' second(s)

2021-11-23 09:56:30 - [MESSAGE][INFO] - Smart Wait Function is triggered

2021-11-23 09:56:31 - [MESSAGE][INFO] - Found 1 web elements with id: 'Object Repository/Sayfalar/Giris_Sayfasi/PopupOK' located by 'By.cssSelector: .btn.btn-success' in '5' second(s)

2021-11-23 09:56:31 - [MESSAGE][PASSED] - Object 'Object Repository/Sayfalar/Giris_Sayfasi/PopupOK' is present

2021-11-23 09:56:31 - [TEST_STEP][PASSED] - click(findTestObject("Object Repository/Sayfalar/Giris_Sayfasi/PopupCarpiGiris")): Object: 'Object Repository/Sayfalar/Giris_Sayfasi/PopupCarpiGiris' is clicked on

2021-11-23 09:56:31 - [MESSAGE][INFO] - Finding Test Object 'Object Repository/Sayfalar/Giris_Sayfasi/PopupCarpiGiris'

2021-11-23 09:56:31 - [MESSAGE][INFO] - Checking object

2021-11-23 09:56:31 - [MESSAGE][INFO] - Finding web element from Test Object's properties

2021-11-23 09:56:31 - [MESSAGE][INFO] - Checking timeout

2021-11-23 09:56:31 - [MESSAGE][INFO] - Finding web element with id: 'Object Repository/Sayfalar/Giris_Sayfasi/PopupCarpiGiris' located by 'By.cssSelector: .bootbox-close-button.close' in '30' second(s)

2021-11-23 09:56:31 - [MESSAGE][INFO] - Smart Wait Function is triggered

2021-11-23 09:56:31 - [MESSAGE][INFO] - Found 1 web elements with id: 'Object Repository/Sayfalar/Giris_Sayfasi/PopupCarpiGiris' located by 'By.cssSelector: .bootbox-close-button.close' in '30' second(s)

2021-11-23 09:56:31 - [MESSAGE][INFO] - Clicking on object: 'Object Repository/Sayfalar/Giris_Sayfasi/PopupCarpiGiris'

2021-11-23 09:56:31 - [MESSAGE][PASSED] - Object: 'Object Repository/Sayfalar/Giris_Sayfasi/PopupCarpiGiris' is clicked on

2021-11-23 09:56:31 - [TEST_STEP][PASSED] - verifyElementVisible(findTestObject("Object Repository/Kullanici_Islemleri/KullaniciIslemleri")): Object 'Object Repository/Kullanici_Islemleri/KullaniciIslemleri' is visible

2021-11-23 09:56:31 - [MESSAGE][INFO] - Finding Test Object 'Object Repository/Kullanici_Islemleri/KullaniciIslemleri'

2021-11-23 09:56:31 - [MESSAGE][INFO] - Checking object

2021-11-23 09:56:31 - [MESSAGE][INFO] - Finding web element from Test Object's properties

2021-11-23 09:56:31 - [MESSAGE][INFO] - Checking timeout

2021-11-23 09:56:31 - [MESSAGE][INFO] - Finding web element with id: 'Object Repository/Kullanici_Islemleri/KullaniciIslemleri' located by 'By.cssSelector: .dropdown>a>img' in '30' second(s)

2021-11-23 09:56:31 - [MESSAGE][INFO] - Smart Wait Function is triggered

2021-11-23 09:56:32 - [MESSAGE][INFO] - Found 1 web elements with id: 'Object Repository/Kullanici_Islemleri/KullaniciIslemleri' located by 'By.cssSelector: .dropdown>a>img' in '30' second(s)

2021-11-23 09:56:32 - [MESSAGE][PASSED] - Object 'Object Repository/Kullanici_Islemleri/KullaniciIslemleri' is visible

2021-11-23 09:56:32 - [MESSAGE][PASSED] - Call Test Case 'Test Cases/Sayfalar/Giris_Sayfasi/Login' successfully

2021-11-23 09:56:32 - [MESSAGE][INFO] - Checking called Test Case

2021-11-23 09:56:32 - [MESSAGE][INFO] - Starting to call Test Case 'Test Cases/Menu/AnaMenuSecimi'

2021-11-23 09:56:32 - [TEST_CASE][PASSED] - Test Cases/Menu/AnaMenuSecimi: Test Cases/Menu/AnaMenuSecimi

2021-11-23 09:56:32 - [TEST_STEP][PASSED] - Method.TextDegerineEsitElementeTikla(findTestObject("Menu/Ana_Menu"), Ana_Menu): Method.TextDegerineEsitElementeTikla is PASSED

2021-11-23 09:56:32 - [MESSAGE][INFO] - Finding Test Object 'Object Repository/Menu/Ana_Menu'

2021-11-23 09:56:32 - [MESSAGE][INFO] - Checking timeout

2021-11-23 09:56:32 - [MESSAGE][INFO] - Finding web element with id: 'Object Repository/Menu/Ana_Menu' located by 'By.xpath: //*[@class = 'dropdown-toggle']' in '10' second(s)

2021-11-23 09:56:32 - [MESSAGE][INFO] - Smart Wait Function is triggered

2021-11-23 09:56:32 - [MESSAGE][INFO] - Found 14 web elements with id: 'Object Repository/Menu/Ana_Menu' located by 'By.xpath: //*[@class = 'dropdown-toggle']' in '10' second(s)

2021-11-23 09:56:33 - [MESSAGE][PASSED] - Method.TextDegerineEsitElementeTikla is PASSED

2021-11-23 09:56:33 - [MESSAGE][PASSED] - Call Test Case 'Test Cases/Menu/AnaMenuSecimi' successfully

2021-11-23 09:56:33 - [MESSAGE][INFO] - Checking called Test Case

2021-11-23 09:56:33 - [MESSAGE][INFO] - Starting to call Test Case 'Test Cases/Menu/AltMenuSecimi'

2021-11-23 09:56:33 - [TEST_CASE][PASSED] - Test Cases/Menu/AltMenuSecimi: Test Cases/Menu/AltMenuSecimi

2021-11-23 09:56:33 - [TEST_STEP][PASSED] - Method.TextDegerineEsitElementeTikla(findTestObject("Menu/Alt_Menu"), Alt_Menu): Method.TextDegerineEsitElementeTikla is PASSED

2021-11-23 09:56:33 - [MESSAGE][INFO] - Finding Test Object 'Object Repository/Menu/Alt_Menu'

2021-11-23 09:56:33 - [MESSAGE][INFO] - Checking timeout

2021-11-23 09:56:33 - [MESSAGE][INFO] - Finding web element with id: 'Object Repository/Menu/Alt_Menu' located by 'By.xpath: //li[@class='dropdown dropdown-large open']//li[@class='dropdown-element']' in '10' second(s)

2021-11-23 09:56:33 - [MESSAGE][INFO] - Smart Wait Function is triggered

2021-11-23 09:56:33 - [MESSAGE][INFO] - Found 9 web elements with id: 'Object Repository/Menu/Alt_Menu' located by 'By.xpath: //li[@class='dropdown dropdown-large open']//li[@class='dropdown-element']' in '10' second(s)

2021-11-23 09:56:34 - [MESSAGE][PASSED] - Method.TextDegerineEsitElementeTikla is PASSED

2021-11-23 09:56:34 - [MESSAGE][PASSED] - Call Test Case 'Test Cases/Menu/AltMenuSecimi' successfully

2021-11-23 09:56:34 - [MESSAGE][INFO] - Checking called Test Case

2021-11-23 09:56:34 - [MESSAGE][INFO] - Starting to call Test Case 'Test Cases/Filtreler/RaporTexboxaYaz'

2021-11-23 09:56:34 - [TEST_CASE][PASSED] - Test Cases/Filtreler/RaporTexboxaYaz: Test Cases/Filtreler/RaporTexboxaYaz

2021-11-23 09:56:34 - [TEST_STEP][PASSED] - Method.TextDegerineEsitElementinAltindakiTextboxtaYaz(findTestObject("Filtreler/Basliklar_Raporlar"), findTestObject("Filtreler/Basliga_Gore_Textbox"), Filtre_Adi, Filtre_Degeri): Method.TextDegerineEsitElementinAltindakiTextboxtaYaz is PASSED

2021-11-23 09:56:34 - [MESSAGE][INFO] - Finding Test Object 'Object Repository/Filtreler/Basliklar_Raporlar'

2021-11-23 09:56:34 - [MESSAGE][INFO] - Finding Test Object 'Object Repository/Filtreler/Basliga_Gore_Textbox'

2021-11-23 09:56:34 - [MESSAGE][INFO] - Checking timeout

2021-11-23 09:56:34 - [MESSAGE][INFO] - Finding web element with id: 'Object Repository/Filtreler/Basliklar_Raporlar' located by 'By.cssSelector: .control-label.col-sm-4.col-sm-4' in '10' second(s)

2021-11-23 09:56:34 - [MESSAGE][INFO] - Smart Wait Function is triggered

2021-11-23 09:56:35 - [MESSAGE][INFO] - Found 7 web elements with id: 'Object Repository/Filtreler/Basliklar_Raporlar' located by 'By.cssSelector: .control-label.col-sm-4.col-sm-4' in '10' second(s)

2021-11-23 09:56:35 - [MESSAGE][INFO] - Smart Wait Function is triggered

2021-11-23 09:56:35 - [MESSAGE][PASSED] - Method.TextDegerineEsitElementinAltindakiTextboxtaYaz is PASSED

2021-11-23 09:56:35 - [MESSAGE][PASSED] - Call Test Case 'Test Cases/Filtreler/RaporTexboxaYaz' successfully

2021-11-23 09:56:35 - [MESSAGE][INFO] - Checking called Test Case

2021-11-23 09:56:35 - [MESSAGE][INFO] - Starting to call Test Case 'Test Cases/Filtreler/ButonaTikla'

2021-11-23 09:56:35 - [TEST_CASE][PASSED] - Test Cases/Filtreler/ButonaTikla: Test Cases/Filtreler/ButonaTikla

2021-11-23 09:56:35 - [TEST_STEP][PASSED] - Method.TextDegerineEsitElementeTikla(findTestObject("Filtreler/Butonlar"), Filtre_Buton): Method.TextDegerineEsitElementeTikla is PASSED

2021-11-23 09:56:35 - [MESSAGE][INFO] - Finding Test Object 'Object Repository/Filtreler/Butonlar'

2021-11-23 09:56:35 - [MESSAGE][INFO] - Checking timeout

2021-11-23 09:56:35 - [MESSAGE][INFO] - Finding web element with id: 'Object Repository/Filtreler/Butonlar' located by 'By.cssSelector: .dxb>span' in '10' second(s)

2021-11-23 09:56:35 - [MESSAGE][INFO] - Smart Wait Function is triggered

2021-11-23 09:56:36 - [MESSAGE][INFO] - Found 2 web elements with id: 'Object Repository/Filtreler/Butonlar' located by 'By.cssSelector: .dxb>span' in '10' second(s)

2021-11-23 09:56:36 - [MESSAGE][PASSED] - Method.TextDegerineEsitElementeTikla is PASSED

2021-11-23 09:56:36 - [MESSAGE][PASSED] - Call Test Case 'Test Cases/Filtreler/ButonaTikla' successfully

2021-11-23 09:56:36 - [MESSAGE][INFO] - Checking called Test Case

2021-11-23 09:56:36 - [MESSAGE][INFO] - Starting to call Test Case 'Test Cases/Tablo/TablodaVeriVarMi'

2021-11-23 09:56:36 - [TEST_CASE][PASSED] - Test Cases/Tablo/TablodaVeriVarMi: Test Cases/Tablo/TablodaVeriVarMi

2021-11-23 09:56:36 - [TEST_STEP][PASSED] - verifyTextNotPresent("Görüntülenecek veri yok", true): Text 'Görüntülenecek veri yok' is not present on page using regular expression

2021-11-23 09:56:36 - [MESSAGE][INFO] - Checking text present  using regular expression

2021-11-23 09:56:36 - [MESSAGE][INFO] - Smart Wait Function is triggered

2021-11-23 09:56:37 - [MESSAGE][INFO] - Finding text 'Görüntülenecek veri yok' on page  using regular expression

2021-11-23 09:56:37 - [MESSAGE][PASSED] - Text 'Görüntülenecek veri yok' is not present on page using regular expression

2021-11-23 09:56:37 - [MESSAGE][PASSED] - Call Test Case 'Test Cases/Tablo/TablodaVeriVarMi' successfully

2021-11-23 09:56:37 - [MESSAGE][INFO] - Checking called Test Case

2021-11-23 09:56:37 - [MESSAGE][INFO] - Starting to call Test Case 'Test Cases/Butonlar/ButonaTikla'

2021-11-23 09:56:37 - [TEST_CASE][PASSED] - Test Cases/Butonlar/ButonaTikla: Test Cases/Butonlar/ButonaTikla

2021-11-23 09:56:37 - [TEST_STEP][PASSED] - Method.TextDegerineEsitElementeTiklaEquals(findTestObject("Butonlar/Butonlar"), Buton_Adi): Method.TextDegerineEsitElementeTiklaEquals is PASSED

2021-11-23 09:56:37 - [MESSAGE][INFO] - Finding Test Object 'Object Repository/Butonlar/Butonlar'

2021-11-23 09:56:37 - [MESSAGE][INFO] - Checking timeout

2021-11-23 09:56:37 - [MESSAGE][INFO] - Finding web element with id: 'Object Repository/Butonlar/Butonlar' located by 'By.cssSelector: .panel.panel-default.text-center.footerPanel .btn,.btn.btn-primary.btnControls' in '10' second(s)

2021-11-23 09:56:37 - [MESSAGE][INFO] - Smart Wait Function is triggered

2021-11-23 09:56:37 - [MESSAGE][INFO] - Found 1 web elements with id: 'Object Repository/Butonlar/Butonlar' located by 'By.cssSelector: .panel.panel-default.text-center.footerPanel .btn,.btn.btn-primary.btnControls' in '10' second(s)

2021-11-23 09:56:37 - [MESSAGE][PASSED] - Method.TextDegerineEsitElementeTiklaEquals is PASSED

2021-11-23 09:56:37 - [MESSAGE][PASSED] - Call Test Case 'Test Cases/Butonlar/ButonaTikla' successfully

2021-11-23 09:56:37 - [MESSAGE][INFO] - Checking called Test Case

2021-11-23 09:56:37 - [MESSAGE][INFO] - Starting to call Test Case 'Test Cases/Butonlar/AltButonaTikla'

2021-11-23 09:56:37 - [TEST_CASE][PASSED] - Test Cases/Butonlar/AltButonaTikla: Test Cases/Butonlar/AltButonaTikla

2021-11-23 09:56:38 - [TEST_STEP][PASSED] - Method.TextDegerineEsitElementeTikla(findTestObject("Butonlar/AltButonlar"), Alt_Buton): Method.TextDegerineEsitElementeTikla is PASSED

2021-11-23 09:56:38 - [MESSAGE][INFO] - Finding Test Object 'Object Repository/Butonlar/AltButonlar'

2021-11-23 09:56:38 - [MESSAGE][INFO] - Checking timeout

2021-11-23 09:56:38 - [MESSAGE][INFO] - Finding web element with id: 'Object Repository/Butonlar/AltButonlar' located by 'By.cssSelector: .btn-group.open li>a' in '10' second(s)

2021-11-23 09:56:38 - [MESSAGE][INFO] - Smart Wait Function is triggered

2021-11-23 09:56:38 - [MESSAGE][INFO] - Found 1 web elements with id: 'Object Repository/Butonlar/AltButonlar' located by 'By.cssSelector: .btn-group.open li>a' in '10' second(s)

2021-11-23 09:56:39 - [MESSAGE][PASSED] - Method.TextDegerineEsitElementeTikla is PASSED

2021-11-23 09:56:39 - [MESSAGE][PASSED] - Call Test Case 'Test Cases/Butonlar/AltButonaTikla' successfully

2021-11-23 09:56:40 - [MESSAGE][INFO] - Checking called Test Case

2021-11-23 09:56:40 - [MESSAGE][INFO] - Starting to call Test Case 'Test Cases/Kullanici_Islemleri/KullaniciIslemlerindenSecimYapilir'

2021-11-23 09:56:40 - [TEST_CASE][PASSED] - Test Cases/Kullanici_Islemleri/KullaniciIslemlerindenSecimYapilir: Test Cases/Kullanici_Islemleri/KullaniciIslemlerindenSecimYapilir

2021-11-23 09:56:40 - [TEST_STEP][PASSED] - waitForElementClickable(findTestObject("Object Repository/Kullanici_Islemleri/KullaniciIslemleri"), 10): Object 'Object Repository/Kullanici_Islemleri/KullaniciIslemleri' is clickable

2021-11-23 09:56:40 - [MESSAGE][INFO] - Finding Test Object 'Object Repository/Kullanici_Islemleri/KullaniciIslemleri'

2021-11-23 09:56:40 - [MESSAGE][INFO] - Checking object

2021-11-23 09:56:40 - [MESSAGE][INFO] - Checking timeout

2021-11-23 09:56:40 - [MESSAGE][INFO] - Finding web element from Test Object's properties

2021-11-23 09:56:40 - [MESSAGE][INFO] - Checking timeout

2021-11-23 09:56:40 - [MESSAGE][INFO] - Finding web element with id: 'Object Repository/Kullanici_Islemleri/KullaniciIslemleri' located by 'By.cssSelector: .dropdown>a>img' in '10' second(s)

2021-11-23 09:56:40 - [MESSAGE][INFO] - Smart Wait Function is triggered

2021-11-23 09:56:40 - [MESSAGE][INFO] - Found 1 web elements with id: 'Object Repository/Kullanici_Islemleri/KullaniciIslemleri' located by 'By.cssSelector: .dropdown>a>img' in '10' second(s)

2021-11-23 09:56:40 - [MESSAGE][PASSED] - Object 'Object Repository/Kullanici_Islemleri/KullaniciIslemleri' is clickable

2021-11-23 09:56:40 - [TEST_STEP][PASSED] - click(findTestObject("Object Repository/Kullanici_Islemleri/KullaniciIslemleri")): Object: 'Object Repository/Kullanici_Islemleri/KullaniciIslemleri' is clicked on

2021-11-23 09:56:40 - [MESSAGE][INFO] - Finding Test Object 'Object Repository/Kullanici_Islemleri/KullaniciIslemleri'

2021-11-23 09:56:40 - [MESSAGE][INFO] - Checking object

2021-11-23 09:56:40 - [MESSAGE][INFO] - Finding web element from Test Object's properties

2021-11-23 09:56:40 - [MESSAGE][INFO] - Checking timeout

2021-11-23 09:56:40 - [MESSAGE][INFO] - Finding web element with id: 'Object Repository/Kullanici_Islemleri/KullaniciIslemleri' located by 'By.cssSelector: .dropdown>a>img' in '30' second(s)

2021-11-23 09:56:40 - [MESSAGE][INFO] - Smart Wait Function is triggered

2021-11-23 09:56:41 - [MESSAGE][INFO] - Found 1 web elements with id: 'Object Repository/Kullanici_Islemleri/KullaniciIslemleri' located by 'By.cssSelector: .dropdown>a>img' in '30' second(s)

2021-11-23 09:56:41 - [MESSAGE][INFO] - Clicking on object: 'Object Repository/Kullanici_Islemleri/KullaniciIslemleri'

2021-11-23 09:56:41 - [MESSAGE][PASSED] - Object: 'Object Repository/Kullanici_Islemleri/KullaniciIslemleri' is clicked on

2021-11-23 09:56:41 - [TEST_STEP][PASSED] - Method.TextDegerineEsitElementeTikla(findTestObject("Object Repository/Kullanici_Islemleri/Secenekler"), Islem): Method.TextDegerineEsitElementeTikla is PASSED

2021-11-23 09:56:41 - [MESSAGE][INFO] - Finding Test Object 'Object Repository/Kullanici_Islemleri/Secenekler'

2021-11-23 09:56:41 - [MESSAGE][INFO] - Checking timeout

2021-11-23 09:56:41 - [MESSAGE][INFO] - Finding web element with id: 'Object Repository/Kullanici_Islemleri/Secenekler' located by 'By.cssSelector: .nav.navbar-nav.navbar-right li a' in '10' second(s)

2021-11-23 09:56:41 - [MESSAGE][INFO] - Smart Wait Function is triggered

2021-11-23 09:56:41 - [MESSAGE][INFO] - Found 22 web elements with id: 'Object Repository/Kullanici_Islemleri/Secenekler' located by 'By.cssSelector: .nav.navbar-nav.navbar-right li a' in '10' second(s)

2021-11-23 09:56:42 - [MESSAGE][PASSED] - Method.TextDegerineEsitElementeTikla is PASSED

2021-11-23 09:56:42 - [TEST_STEP][PASSED] - verifyElementNotPresent(findTestObject("Object Repository/Kullanici_Islemleri/Secenekler"), 10): Web element with id: 'Object Repository/Kullanici_Islemleri/Secenekler' located by 'By.cssSelector: .nav.navbar-nav.navbar-right li a' is not present after '10' second(s)

2021-11-23 09:56:42 - [MESSAGE][INFO] - Finding Test Object 'Object Repository/Kullanici_Islemleri/Secenekler'

2021-11-23 09:56:42 - [MESSAGE][INFO] - Checking object

2021-11-23 09:56:42 - [MESSAGE][INFO] - Checking timeout

2021-11-23 09:56:42 - [MESSAGE][INFO] - Finding web element with id: 'Object Repository/Kullanici_Islemleri/Secenekler' located by 'By.cssSelector: .nav.navbar-nav.navbar-right li a' in '10' second(s)

2021-11-23 09:56:42 - [MESSAGE][INFO] - Smart Wait Function is triggered

2021-11-23 09:56:43 - [MESSAGE][PASSED] - Web element with id: 'Object Repository/Kullanici_Islemleri/Secenekler' located by 'By.cssSelector: .nav.navbar-nav.navbar-right li a' is not present after '10' second(s)

2021-11-23 09:56:43 - [MESSAGE][PASSED] - Call Test Case 'Test Cases/Kullanici_Islemleri/KullaniciIslemlerindenSecimYapilir' successfully

2021-11-23 09:56:43 - [TEST_CASE][PASSED] - Start Test Case : SCENARIO Faturayi excele aktarma: SCENARIO Faturayi excele aktarma

2021-11-23 09:56:43 - [TEST_STEP][PASSED] - Kullanıcı adı ELOGO6 ve Şifre 123456 olarak giriş yapılır: Kullanıcı adı ELOGO6 ve Şifre 123456 olarak giriş yapılır

2021-11-23 09:56:43 - [MESSAGE][PASSED] - Kullanıcı adı ELOGO6 ve Şifre 123456 olarak giriş yapılır

2021-11-23 09:56:43 - [TEST_STEP][PASSED] - Ana menüden Raporlar seçilir: Ana menüden Raporlar seçilir

2021-11-23 09:56:43 - [MESSAGE][PASSED] - Ana menüden Raporlar seçilir

2021-11-23 09:56:43 - [TEST_STEP][PASSED] - Alt menüden GİB Kullanıcı Listesi seçilir: Alt menüden GİB Kullanıcı Listesi seçilir

2021-11-23 09:56:43 - [MESSAGE][PASSED] - Alt menüden GİB Kullanıcı Listesi seçilir

2021-11-23 09:56:43 - [TEST_STEP][PASSED] - Rapor Filtreleriden Vergi No filtresine 1234567806 textini yaz: Rapor Filtreleriden Vergi No filtresine 1234567806 textini yaz

2021-11-23 09:56:43 - [MESSAGE][PASSED] - Rapor Filtreleriden Vergi No filtresine 1234567806 textini yaz

2021-11-23 09:56:43 - [TEST_STEP][PASSED] - Filtre butonlarından Listele seçilir: Filtre butonlarından Listele seçilir

2021-11-23 09:56:43 - [MESSAGE][PASSED] - Filtre butonlarından Listele seçilir

2021-11-23 09:56:43 - [TEST_STEP][PASSED] - Tabloda veri var mı kontrol edilir: Tabloda veri var mı kontrol edilir

2021-11-23 09:56:43 - [MESSAGE][PASSED] - Tabloda veri var mı kontrol edilir

2021-11-23 09:56:43 - [TEST_STEP][PASSED] - Butonlardan Excel isimli butona tıklanır: Butonlardan Excel isimli butona tıklanır

2021-11-23 09:56:43 - [MESSAGE][PASSED] - Butonlardan Excel isimli butona tıklanır

2021-11-23 09:56:43 - [TEST_STEP][PASSED] - Alt butonlardan Excel'e Aktar butonuna tıklanır: Alt butonlardan Excel'e Aktar butonuna tıklanır

2021-11-23 09:56:43 - [MESSAGE][PASSED] - Alt butonlardan Excel'e Aktar butonuna tıklanır

2021-11-23 09:56:43 - [TEST_STEP][PASSED] - Kullanıcı işlemlerinden Çıkış seçilir: Kullanıcı işlemlerinden Çıkış seçilir

2021-11-23 09:56:43 - [MESSAGE][PASSED] - Kullanıcı işlemlerinden Çıkış seçilir

2021-11-23 09:56:43 - [MESSAGE][PASSED] - Feature file: 'Include/features/Raporlar/GIB Kullanici Listesi/Excel.feature' was passed

2021-11-23 09:56:43 - [TEST_STEP][PASSED] - Start listener action : sampleAfterTestSuite: Invoke 'com.kms.katalon.core.annotation.AfterTestCase' method: 'Listener.sampleAfterTestSuite(...)' completed.

2021-11-23 09:56:43 - [MESSAGE][INFO] - Starting invoke 'com.kms.katalon.core.annotation.AfterTestCase' method: 'Listener.sampleAfterTestSuite(...)'

2021-11-23 09:56:43 - [TEST_STEP][PASSED] - closeBrowser(): Invoke 'com.kms.katalon.core.annotation.AfterTestCase' method: 'Listener.sampleAfterTestSuite(...)' completed.

2021-11-23 09:56:43 - [MESSAGE][INFO] - Closing browser

2021-11-23 09:56:43 - [MESSAGE][PASSED] - Browser is closed

2021-11-23 09:56:43 - [MESSAGE][INFO] - Invoke 'com.kms.katalon.core.annotation.AfterTestCase' method: 'Listener.sampleAfterTestSuite(...)' completed.]]></system-out>
         <system-err><![CDATA[]]></system-err>
      </testcase>
      <testcase name="Test Cases/Case Repository/Raporlar/Izlenme Kayitlari/Ekran Kontrolu" time="38.74" classname="Test Cases/Case Repository/Raporlar/Izlenme Kayitlari/Ekran Kontrolu" status="PASSED">
         <system-out><![CDATA[2021-11-23 09:56:43 - [TEST_CASE][PASSED] - Test Cases/Case Repository/Raporlar/Izlenme Kayitlari/Ekran Kontrolu: Test Cases/Case Repository/Raporlar/Izlenme Kayitlari/Ekran Kontrolu

2021-11-23 09:56:43 - [TEST_STEP][PASSED] - Start listener action : sampleBeforeTestSuite: Invoke 'com.kms.katalon.core.annotation.BeforeTestCase' method: 'Listener.sampleBeforeTestSuite(...)' completed.

2021-11-23 09:56:43 - [MESSAGE][INFO] - Starting invoke 'com.kms.katalon.core.annotation.BeforeTestCase' method: 'Listener.sampleBeforeTestSuite(...)'

2021-11-23 09:56:43 - [TEST_STEP][PASSED] - openBrowser(baseUrl): Browser is opened with url: 'https://efatura-stage.elogo.com.tr/'

2021-11-23 09:56:43 - [MESSAGE][INFO] - Opening browser

2021-11-23 09:56:43 - [MESSAGE][INFO] - Starting 'Chrome' driver

2021-11-23 09:56:43 - [MESSAGE][INFO] - User set preference: ['prefs', '{download.default_directory=C:\otomasyondownfiles}']

2021-11-23 09:56:43 - [MESSAGE][INFO] - Action delay is set to 0 milliseconds

2021-11-23 09:56:45 - [MESSAGE][INFO] - Navigating browser to: 'https://efatura-stage.elogo.com.tr/'

2021-11-23 09:56:47 - [MESSAGE][PASSED] - Browser is opened with url: 'https://efatura-stage.elogo.com.tr/'

2021-11-23 09:56:47 - [TEST_STEP][PASSED] - maximizeWindow(): Invoke 'com.kms.katalon.core.annotation.BeforeTestCase' method: 'Listener.sampleBeforeTestSuite(...)' completed.

2021-11-23 09:56:47 - [MESSAGE][INFO] - Maximizing current window

2021-11-23 09:56:47 - [MESSAGE][PASSED] - Current window maximized

2021-11-23 09:56:47 - [MESSAGE][INFO] - Invoke 'com.kms.katalon.core.annotation.BeforeTestCase' method: 'Listener.sampleBeforeTestSuite(...)' completed.

2021-11-23 09:56:48 - [TEST_STEP][PASSED] - runFeatureFile("Include/features/Raporlar/Izlenme Kayitlari/Ekran Kontrolu.feature"): Feature file: 'Include/features/Raporlar/Izlenme Kayitlari/Ekran Kontrolu.feature' was passed

2021-11-23 09:56:48 - [MESSAGE][INFO] - Starting run keyword runFeatureFile: 'Include/features/Raporlar/Izlenme Kayitlari/Ekran Kontrolu.feature' and extract report to folder: 'C:\Users\DELL\Documents\GitHub\EES_KatalonLogo\Reports\20211123_091110\Suite Repository\Raporlar\20211123_091227/cucumber_report/1637650608344'...

2021-11-23 09:56:48 - [MESSAGE][INFO] - Glue: []

2021-11-23 09:56:51 - [MESSAGE][INFO] - Checking called Test Case

2021-11-23 09:56:51 - [MESSAGE][INFO] - Starting to call Test Case 'Test Cases/Sayfalar/Giris_Sayfasi/Login'

2021-11-23 09:56:51 - [TEST_CASE][PASSED] - Test Cases/Sayfalar/Giris_Sayfasi/Login: Test Cases/Sayfalar/Giris_Sayfasi/Login

2021-11-23 09:56:51 - [TEST_STEP][PASSED] - Sayfa_Basligi = getWindowTitle(): Current window's title is: 'LOGO e-Fatura'

2021-11-23 09:56:51 - [MESSAGE][INFO] - Getting current window's title

2021-11-23 09:56:51 - [MESSAGE][PASSED] - Current window's title is: 'LOGO e-Fatura'

2021-11-23 09:56:51 - [TEST_STEP][PASSED] - verifyMatch(Sayfa_Basligi, "LOGO e-Fatura", false): Actual text 'LOGO e-Fatura' and expected text 'LOGO e-Fatura' are matched 

2021-11-23 09:56:51 - [MESSAGE][INFO] - Matching actual text 'LOGO e-Fatura' with expected text 'LOGO e-Fatura'

2021-11-23 09:56:51 - [MESSAGE][PASSED] - Actual text 'LOGO e-Fatura' and expected text 'LOGO e-Fatura' are matched 

2021-11-23 09:56:51 - [TEST_STEP][PASSED] - sendKeys(findTestObject("Sayfalar/Giris_Sayfasi/Firma_Kodu"), KullaniciAdi): Keys 'ELOGO6' sent to object: 'Object Repository/Sayfalar/Giris_Sayfasi/Firma_Kodu'

2021-11-23 09:56:51 - [MESSAGE][INFO] - Finding Test Object 'Object Repository/Sayfalar/Giris_Sayfasi/Firma_Kodu'

2021-11-23 09:56:51 - [MESSAGE][INFO] - Sending keys 'ELOGO6' to object: 'Object Repository/Sayfalar/Giris_Sayfasi/Firma_Kodu'

2021-11-23 09:56:51 - [MESSAGE][INFO] - Finding web element from Test Object's properties

2021-11-23 09:56:51 - [MESSAGE][INFO] - Checking timeout

2021-11-23 09:56:51 - [MESSAGE][INFO] - Finding web element with id: 'Object Repository/Sayfalar/Giris_Sayfasi/Firma_Kodu' located by 'By.xpath: //*[@id = 'AccountName']' in '30' second(s)

2021-11-23 09:56:51 - [MESSAGE][INFO] - Smart Wait Function is triggered

2021-11-23 09:56:51 - [MESSAGE][INFO] - Found 1 web elements with id: 'Object Repository/Sayfalar/Giris_Sayfasi/Firma_Kodu' located by 'By.xpath: //*[@id = 'AccountName']' in '30' second(s)

2021-11-23 09:56:51 - [MESSAGE][PASSED] - Keys 'ELOGO6' sent to object: 'Object Repository/Sayfalar/Giris_Sayfasi/Firma_Kodu'

2021-11-23 09:56:51 - [TEST_STEP][PASSED] - sendKeys(findTestObject("Sayfalar/Giris_Sayfasi/Sifre"), Sifre): Keys '123456' sent to object: 'Object Repository/Sayfalar/Giris_Sayfasi/Sifre'

2021-11-23 09:56:51 - [MESSAGE][INFO] - Finding Test Object 'Object Repository/Sayfalar/Giris_Sayfasi/Sifre'

2021-11-23 09:56:51 - [MESSAGE][INFO] - Sending keys '123456' to object: 'Object Repository/Sayfalar/Giris_Sayfasi/Sifre'

2021-11-23 09:56:51 - [MESSAGE][INFO] - Finding web element from Test Object's properties

2021-11-23 09:56:51 - [MESSAGE][INFO] - Checking timeout

2021-11-23 09:56:51 - [MESSAGE][INFO] - Finding web element with id: 'Object Repository/Sayfalar/Giris_Sayfasi/Sifre' located by 'By.xpath: //*[@id = 'Password']' in '30' second(s)

2021-11-23 09:56:51 - [MESSAGE][INFO] - Smart Wait Function is triggered

2021-11-23 09:56:52 - [MESSAGE][INFO] - Found 1 web elements with id: 'Object Repository/Sayfalar/Giris_Sayfasi/Sifre' located by 'By.xpath: //*[@id = 'Password']' in '30' second(s)

2021-11-23 09:56:52 - [MESSAGE][PASSED] - Keys '123456' sent to object: 'Object Repository/Sayfalar/Giris_Sayfasi/Sifre'

2021-11-23 09:56:52 - [TEST_STEP][PASSED] - findWebElement(findTestObject("Sayfalar/Giris_Sayfasi/Giris_Butonu")).click(): Found 1 web elements with id: 'Object Repository/Sayfalar/Giris_Sayfasi/Giris_Butonu' located by 'By.cssSelector: #btnLogin' in '30' second(s)

2021-11-23 09:56:52 - [MESSAGE][INFO] - Finding Test Object 'Object Repository/Sayfalar/Giris_Sayfasi/Giris_Butonu'

2021-11-23 09:56:52 - [MESSAGE][INFO] - Finding web element from Test Object's properties

2021-11-23 09:56:52 - [MESSAGE][INFO] - Checking timeout

2021-11-23 09:56:52 - [MESSAGE][INFO] - Finding web element with id: 'Object Repository/Sayfalar/Giris_Sayfasi/Giris_Butonu' located by 'By.cssSelector: #btnLogin' in '30' second(s)

2021-11-23 09:56:52 - [MESSAGE][INFO] - Smart Wait Function is triggered

2021-11-23 09:56:52 - [MESSAGE][INFO] - Found 1 web elements with id: 'Object Repository/Sayfalar/Giris_Sayfasi/Giris_Butonu' located by 'By.cssSelector: #btnLogin' in '30' second(s)

2021-11-23 09:56:54 - [TEST_STEP][PASSED] - if (verifyElementPresent(findTestObject("Object Repository/Sayfalar/Giris_Sayfasi/RetveTamam_Butonu"), 5, OPTIONAL)): null

2021-11-23 09:56:54 - [MESSAGE][INFO] - Finding Test Object 'Object Repository/Sayfalar/Giris_Sayfasi/RetveTamam_Butonu'

2021-11-23 09:56:55 - [MESSAGE][INFO] - Checking object

2021-11-23 09:56:55 - [MESSAGE][INFO] - Finding web element from Test Object's properties

2021-11-23 09:56:55 - [MESSAGE][INFO] - Checking timeout

2021-11-23 09:56:55 - [MESSAGE][INFO] - Finding web element with id: 'Object Repository/Sayfalar/Giris_Sayfasi/RetveTamam_Butonu' located by 'By.xpath: //*[@class = 'btn btn-default']' in '5' second(s)

2021-11-23 09:56:55 - [MESSAGE][INFO] - Smart Wait Function is triggered

2021-11-23 09:56:55 - [MESSAGE][INFO] - Found 1 web elements with id: 'Object Repository/Sayfalar/Giris_Sayfasi/RetveTamam_Butonu' located by 'By.xpath: //*[@class = 'btn btn-default']' in '5' second(s)

2021-11-23 09:56:55 - [MESSAGE][PASSED] - Object 'Object Repository/Sayfalar/Giris_Sayfasi/RetveTamam_Butonu' is present

2021-11-23 09:56:55 - [TEST_STEP][PASSED] - click(findTestObject("Object Repository/Sayfalar/Giris_Sayfasi/RetveTamam_Butonu")): Object: 'Object Repository/Sayfalar/Giris_Sayfasi/RetveTamam_Butonu' is clicked on

2021-11-23 09:56:55 - [MESSAGE][INFO] - Finding Test Object 'Object Repository/Sayfalar/Giris_Sayfasi/RetveTamam_Butonu'

2021-11-23 09:56:55 - [MESSAGE][INFO] - Checking object

2021-11-23 09:56:55 - [MESSAGE][INFO] - Finding web element from Test Object's properties

2021-11-23 09:56:55 - [MESSAGE][INFO] - Checking timeout

2021-11-23 09:56:55 - [MESSAGE][INFO] - Finding web element with id: 'Object Repository/Sayfalar/Giris_Sayfasi/RetveTamam_Butonu' located by 'By.xpath: //*[@class = 'btn btn-default']' in '30' second(s)

2021-11-23 09:56:55 - [MESSAGE][INFO] - Smart Wait Function is triggered

2021-11-23 09:56:55 - [MESSAGE][INFO] - Found 1 web elements with id: 'Object Repository/Sayfalar/Giris_Sayfasi/RetveTamam_Butonu' located by 'By.xpath: //*[@class = 'btn btn-default']' in '30' second(s)

2021-11-23 09:56:55 - [MESSAGE][INFO] - Clicking on object: 'Object Repository/Sayfalar/Giris_Sayfasi/RetveTamam_Butonu'

2021-11-23 09:56:55 - [MESSAGE][PASSED] - Object: 'Object Repository/Sayfalar/Giris_Sayfasi/RetveTamam_Butonu' is clicked on

2021-11-23 09:56:55 - [TEST_STEP][PASSED] - click(findTestObject("Object Repository/Sayfalar/Giris_Sayfasi/RetveTamam_Butonu")): Object: 'Object Repository/Sayfalar/Giris_Sayfasi/RetveTamam_Butonu' is clicked on

2021-11-23 09:56:55 - [MESSAGE][INFO] - Finding Test Object 'Object Repository/Sayfalar/Giris_Sayfasi/RetveTamam_Butonu'

2021-11-23 09:56:55 - [MESSAGE][INFO] - Checking object

2021-11-23 09:56:55 - [MESSAGE][INFO] - Finding web element from Test Object's properties

2021-11-23 09:56:55 - [MESSAGE][INFO] - Checking timeout

2021-11-23 09:56:55 - [MESSAGE][INFO] - Finding web element with id: 'Object Repository/Sayfalar/Giris_Sayfasi/RetveTamam_Butonu' located by 'By.xpath: //*[@class = 'btn btn-default']' in '30' second(s)

2021-11-23 09:56:55 - [MESSAGE][INFO] - Smart Wait Function is triggered

2021-11-23 09:56:58 - [MESSAGE][INFO] - Found 1 web elements with id: 'Object Repository/Sayfalar/Giris_Sayfasi/RetveTamam_Butonu' located by 'By.xpath: //*[@class = 'btn btn-default']' in '30' second(s)

2021-11-23 09:56:58 - [MESSAGE][INFO] - Clicking on object: 'Object Repository/Sayfalar/Giris_Sayfasi/RetveTamam_Butonu'

2021-11-23 09:56:58 - [MESSAGE][PASSED] - Object: 'Object Repository/Sayfalar/Giris_Sayfasi/RetveTamam_Butonu' is clicked on

2021-11-23 09:56:58 - [TEST_STEP][PASSED] - if (verifyElementPresent(findTestObject("Sayfalar/Giris_Sayfasi/PopupOK"), 5, OPTIONAL)): null

2021-11-23 09:56:58 - [MESSAGE][INFO] - Finding Test Object 'Object Repository/Sayfalar/Giris_Sayfasi/PopupOK'

2021-11-23 09:56:59 - [MESSAGE][INFO] - Checking object

2021-11-23 09:56:59 - [MESSAGE][INFO] - Finding web element from Test Object's properties

2021-11-23 09:56:59 - [MESSAGE][INFO] - Checking timeout

2021-11-23 09:56:59 - [MESSAGE][INFO] - Finding web element with id: 'Object Repository/Sayfalar/Giris_Sayfasi/PopupOK' located by 'By.cssSelector: .btn.btn-success' in '5' second(s)

2021-11-23 09:56:59 - [MESSAGE][INFO] - Smart Wait Function is triggered

2021-11-23 09:56:59 - [MESSAGE][INFO] - Found 1 web elements with id: 'Object Repository/Sayfalar/Giris_Sayfasi/PopupOK' located by 'By.cssSelector: .btn.btn-success' in '5' second(s)

2021-11-23 09:56:59 - [MESSAGE][PASSED] - Object 'Object Repository/Sayfalar/Giris_Sayfasi/PopupOK' is present

2021-11-23 09:56:59 - [TEST_STEP][PASSED] - click(findTestObject("Object Repository/Sayfalar/Giris_Sayfasi/PopupCarpiGiris")): Object: 'Object Repository/Sayfalar/Giris_Sayfasi/PopupCarpiGiris' is clicked on

2021-11-23 09:56:59 - [MESSAGE][INFO] - Finding Test Object 'Object Repository/Sayfalar/Giris_Sayfasi/PopupCarpiGiris'

2021-11-23 09:56:59 - [MESSAGE][INFO] - Checking object

2021-11-23 09:56:59 - [MESSAGE][INFO] - Finding web element from Test Object's properties

2021-11-23 09:56:59 - [MESSAGE][INFO] - Checking timeout

2021-11-23 09:56:59 - [MESSAGE][INFO] - Finding web element with id: 'Object Repository/Sayfalar/Giris_Sayfasi/PopupCarpiGiris' located by 'By.cssSelector: .bootbox-close-button.close' in '30' second(s)

2021-11-23 09:56:59 - [MESSAGE][INFO] - Smart Wait Function is triggered

2021-11-23 09:57:00 - [MESSAGE][INFO] - Found 1 web elements with id: 'Object Repository/Sayfalar/Giris_Sayfasi/PopupCarpiGiris' located by 'By.cssSelector: .bootbox-close-button.close' in '30' second(s)

2021-11-23 09:57:00 - [MESSAGE][INFO] - Clicking on object: 'Object Repository/Sayfalar/Giris_Sayfasi/PopupCarpiGiris'

2021-11-23 09:57:00 - [MESSAGE][PASSED] - Object: 'Object Repository/Sayfalar/Giris_Sayfasi/PopupCarpiGiris' is clicked on

2021-11-23 09:57:00 - [TEST_STEP][PASSED] - verifyElementVisible(findTestObject("Object Repository/Kullanici_Islemleri/KullaniciIslemleri")): Object 'Object Repository/Kullanici_Islemleri/KullaniciIslemleri' is visible

2021-11-23 09:57:00 - [MESSAGE][INFO] - Finding Test Object 'Object Repository/Kullanici_Islemleri/KullaniciIslemleri'

2021-11-23 09:57:00 - [MESSAGE][INFO] - Checking object

2021-11-23 09:57:00 - [MESSAGE][INFO] - Finding web element from Test Object's properties

2021-11-23 09:57:00 - [MESSAGE][INFO] - Checking timeout

2021-11-23 09:57:00 - [MESSAGE][INFO] - Finding web element with id: 'Object Repository/Kullanici_Islemleri/KullaniciIslemleri' located by 'By.cssSelector: .dropdown>a>img' in '30' second(s)

2021-11-23 09:57:00 - [MESSAGE][INFO] - Smart Wait Function is triggered

2021-11-23 09:57:00 - [MESSAGE][INFO] - Found 1 web elements with id: 'Object Repository/Kullanici_Islemleri/KullaniciIslemleri' located by 'By.cssSelector: .dropdown>a>img' in '30' second(s)

2021-11-23 09:57:01 - [MESSAGE][PASSED] - Object 'Object Repository/Kullanici_Islemleri/KullaniciIslemleri' is visible

2021-11-23 09:57:01 - [MESSAGE][PASSED] - Call Test Case 'Test Cases/Sayfalar/Giris_Sayfasi/Login' successfully

2021-11-23 09:57:01 - [MESSAGE][INFO] - Checking called Test Case

2021-11-23 09:57:01 - [MESSAGE][INFO] - Starting to call Test Case 'Test Cases/Menu/AnaMenuSecimi'

2021-11-23 09:57:01 - [TEST_CASE][PASSED] - Test Cases/Menu/AnaMenuSecimi: Test Cases/Menu/AnaMenuSecimi

2021-11-23 09:57:01 - [TEST_STEP][PASSED] - Method.TextDegerineEsitElementeTikla(findTestObject("Menu/Ana_Menu"), Ana_Menu): Method.TextDegerineEsitElementeTikla is PASSED

2021-11-23 09:57:01 - [MESSAGE][INFO] - Finding Test Object 'Object Repository/Menu/Ana_Menu'

2021-11-23 09:57:01 - [MESSAGE][INFO] - Checking timeout

2021-11-23 09:57:01 - [MESSAGE][INFO] - Finding web element with id: 'Object Repository/Menu/Ana_Menu' located by 'By.xpath: //*[@class = 'dropdown-toggle']' in '10' second(s)

2021-11-23 09:57:01 - [MESSAGE][INFO] - Smart Wait Function is triggered

2021-11-23 09:57:01 - [MESSAGE][INFO] - Found 14 web elements with id: 'Object Repository/Menu/Ana_Menu' located by 'By.xpath: //*[@class = 'dropdown-toggle']' in '10' second(s)

2021-11-23 09:57:01 - [MESSAGE][PASSED] - Method.TextDegerineEsitElementeTikla is PASSED

2021-11-23 09:57:01 - [MESSAGE][PASSED] - Call Test Case 'Test Cases/Menu/AnaMenuSecimi' successfully

2021-11-23 09:57:01 - [MESSAGE][INFO] - Checking called Test Case

2021-11-23 09:57:01 - [MESSAGE][INFO] - Starting to call Test Case 'Test Cases/Menu/AltMenuSecimi'

2021-11-23 09:57:01 - [TEST_CASE][PASSED] - Test Cases/Menu/AltMenuSecimi: Test Cases/Menu/AltMenuSecimi

2021-11-23 09:57:01 - [TEST_STEP][PASSED] - Method.TextDegerineEsitElementeTikla(findTestObject("Menu/Alt_Menu"), Alt_Menu): Method.TextDegerineEsitElementeTikla is PASSED

2021-11-23 09:57:01 - [MESSAGE][INFO] - Finding Test Object 'Object Repository/Menu/Alt_Menu'

2021-11-23 09:57:02 - [MESSAGE][INFO] - Checking timeout

2021-11-23 09:57:02 - [MESSAGE][INFO] - Finding web element with id: 'Object Repository/Menu/Alt_Menu' located by 'By.xpath: //li[@class='dropdown dropdown-large open']//li[@class='dropdown-element']' in '10' second(s)

2021-11-23 09:57:02 - [MESSAGE][INFO] - Smart Wait Function is triggered

2021-11-23 09:57:02 - [MESSAGE][INFO] - Found 9 web elements with id: 'Object Repository/Menu/Alt_Menu' located by 'By.xpath: //li[@class='dropdown dropdown-large open']//li[@class='dropdown-element']' in '10' second(s)

2021-11-23 09:57:03 - [MESSAGE][PASSED] - Method.TextDegerineEsitElementeTikla is PASSED

2021-11-23 09:57:03 - [MESSAGE][PASSED] - Call Test Case 'Test Cases/Menu/AltMenuSecimi' successfully

2021-11-23 09:57:03 - [MESSAGE][INFO] - Checking called Test Case

2021-11-23 09:57:03 - [MESSAGE][INFO] - Starting to call Test Case 'Test Cases/Filtreler/FiltreVarMi'

2021-11-23 09:57:04 - [TEST_CASE][PASSED] - Test Cases/Filtreler/FiltreVarMi: Test Cases/Filtreler/FiltreVarMi

2021-11-23 09:57:04 - [TEST_STEP][PASSED] - Method.TextDegerineEsitElementVarMi(findTestObject("Filtreler/Basliklar"), Filtre_alan): Method.TextDegerineEsitElementVarMi is PASSED

2021-11-23 09:57:04 - [MESSAGE][INFO] - Finding Test Object 'Object Repository/Filtreler/Basliklar'

2021-11-23 09:57:04 - [MESSAGE][INFO] - Checking timeout

2021-11-23 09:57:04 - [MESSAGE][INFO] - Finding web element with id: 'Object Repository/Filtreler/Basliklar' located by 'By.cssSelector: .control-label.col-sm-4.paddingMarginRLC' in '10' second(s)

2021-11-23 09:57:04 - [MESSAGE][INFO] - Smart Wait Function is triggered

2021-11-23 09:57:04 - [MESSAGE][INFO] - Found 7 web elements with id: 'Object Repository/Filtreler/Basliklar' located by 'By.cssSelector: .control-label.col-sm-4.paddingMarginRLC' in '10' second(s)

2021-11-23 09:57:04 - [MESSAGE][PASSED] - Method.TextDegerineEsitElementVarMi is PASSED

2021-11-23 09:57:04 - [MESSAGE][PASSED] - Call Test Case 'Test Cases/Filtreler/FiltreVarMi' successfully

2021-11-23 09:57:04 - [MESSAGE][INFO] - Checking called Test Case

2021-11-23 09:57:04 - [MESSAGE][INFO] - Starting to call Test Case 'Test Cases/Filtreler/FiltreVarMi'

2021-11-23 09:57:04 - [TEST_CASE][PASSED] - Test Cases/Filtreler/FiltreVarMi: Test Cases/Filtreler/FiltreVarMi

2021-11-23 09:57:04 - [TEST_STEP][PASSED] - Method.TextDegerineEsitElementVarMi(findTestObject("Filtreler/Basliklar"), Filtre_alan): Method.TextDegerineEsitElementVarMi is PASSED

2021-11-23 09:57:04 - [MESSAGE][INFO] - Finding Test Object 'Object Repository/Filtreler/Basliklar'

2021-11-23 09:57:05 - [MESSAGE][INFO] - Checking timeout

2021-11-23 09:57:05 - [MESSAGE][INFO] - Finding web element with id: 'Object Repository/Filtreler/Basliklar' located by 'By.cssSelector: .control-label.col-sm-4.paddingMarginRLC' in '10' second(s)

2021-11-23 09:57:05 - [MESSAGE][INFO] - Smart Wait Function is triggered

2021-11-23 09:57:05 - [MESSAGE][INFO] - Found 7 web elements with id: 'Object Repository/Filtreler/Basliklar' located by 'By.cssSelector: .control-label.col-sm-4.paddingMarginRLC' in '10' second(s)

2021-11-23 09:57:05 - [MESSAGE][PASSED] - Method.TextDegerineEsitElementVarMi is PASSED

2021-11-23 09:57:05 - [MESSAGE][PASSED] - Call Test Case 'Test Cases/Filtreler/FiltreVarMi' successfully

2021-11-23 09:57:05 - [MESSAGE][INFO] - Checking called Test Case

2021-11-23 09:57:05 - [MESSAGE][INFO] - Starting to call Test Case 'Test Cases/Filtreler/FiltreVarMi'

2021-11-23 09:57:05 - [TEST_CASE][PASSED] - Test Cases/Filtreler/FiltreVarMi: Test Cases/Filtreler/FiltreVarMi

2021-11-23 09:57:05 - [TEST_STEP][PASSED] - Method.TextDegerineEsitElementVarMi(findTestObject("Filtreler/Basliklar"), Filtre_alan): Method.TextDegerineEsitElementVarMi is PASSED

2021-11-23 09:57:05 - [MESSAGE][INFO] - Finding Test Object 'Object Repository/Filtreler/Basliklar'

2021-11-23 09:57:05 - [MESSAGE][INFO] - Checking timeout

2021-11-23 09:57:05 - [MESSAGE][INFO] - Finding web element with id: 'Object Repository/Filtreler/Basliklar' located by 'By.cssSelector: .control-label.col-sm-4.paddingMarginRLC' in '10' second(s)

2021-11-23 09:57:05 - [MESSAGE][INFO] - Smart Wait Function is triggered

2021-11-23 09:57:05 - [MESSAGE][INFO] - Found 7 web elements with id: 'Object Repository/Filtreler/Basliklar' located by 'By.cssSelector: .control-label.col-sm-4.paddingMarginRLC' in '10' second(s)

2021-11-23 09:57:05 - [MESSAGE][PASSED] - Method.TextDegerineEsitElementVarMi is PASSED

2021-11-23 09:57:05 - [MESSAGE][PASSED] - Call Test Case 'Test Cases/Filtreler/FiltreVarMi' successfully

2021-11-23 09:57:05 - [MESSAGE][INFO] - Checking called Test Case

2021-11-23 09:57:05 - [MESSAGE][INFO] - Starting to call Test Case 'Test Cases/Filtreler/FiltreVarMi'

2021-11-23 09:57:05 - [TEST_CASE][PASSED] - Test Cases/Filtreler/FiltreVarMi: Test Cases/Filtreler/FiltreVarMi

2021-11-23 09:57:05 - [TEST_STEP][PASSED] - Method.TextDegerineEsitElementVarMi(findTestObject("Filtreler/Basliklar"), Filtre_alan): Method.TextDegerineEsitElementVarMi is PASSED

2021-11-23 09:57:05 - [MESSAGE][INFO] - Finding Test Object 'Object Repository/Filtreler/Basliklar'

2021-11-23 09:57:06 - [MESSAGE][INFO] - Checking timeout

2021-11-23 09:57:06 - [MESSAGE][INFO] - Finding web element with id: 'Object Repository/Filtreler/Basliklar' located by 'By.cssSelector: .control-label.col-sm-4.paddingMarginRLC' in '10' second(s)

2021-11-23 09:57:06 - [MESSAGE][INFO] - Smart Wait Function is triggered

2021-11-23 09:57:06 - [MESSAGE][INFO] - Found 7 web elements with id: 'Object Repository/Filtreler/Basliklar' located by 'By.cssSelector: .control-label.col-sm-4.paddingMarginRLC' in '10' second(s)

2021-11-23 09:57:06 - [MESSAGE][PASSED] - Method.TextDegerineEsitElementVarMi is PASSED

2021-11-23 09:57:06 - [MESSAGE][PASSED] - Call Test Case 'Test Cases/Filtreler/FiltreVarMi' successfully

2021-11-23 09:57:06 - [MESSAGE][INFO] - Checking called Test Case

2021-11-23 09:57:06 - [MESSAGE][INFO] - Starting to call Test Case 'Test Cases/Filtreler/FiltreVarMi'

2021-11-23 09:57:06 - [TEST_CASE][PASSED] - Test Cases/Filtreler/FiltreVarMi: Test Cases/Filtreler/FiltreVarMi

2021-11-23 09:57:06 - [TEST_STEP][PASSED] - Method.TextDegerineEsitElementVarMi(findTestObject("Filtreler/Basliklar"), Filtre_alan): Method.TextDegerineEsitElementVarMi is PASSED

2021-11-23 09:57:06 - [MESSAGE][INFO] - Finding Test Object 'Object Repository/Filtreler/Basliklar'

2021-11-23 09:57:06 - [MESSAGE][INFO] - Checking timeout

2021-11-23 09:57:06 - [MESSAGE][INFO] - Finding web element with id: 'Object Repository/Filtreler/Basliklar' located by 'By.cssSelector: .control-label.col-sm-4.paddingMarginRLC' in '10' second(s)

2021-11-23 09:57:06 - [MESSAGE][INFO] - Smart Wait Function is triggered

2021-11-23 09:57:06 - [MESSAGE][INFO] - Found 7 web elements with id: 'Object Repository/Filtreler/Basliklar' located by 'By.cssSelector: .control-label.col-sm-4.paddingMarginRLC' in '10' second(s)

2021-11-23 09:57:06 - [MESSAGE][PASSED] - Method.TextDegerineEsitElementVarMi is PASSED

2021-11-23 09:57:06 - [MESSAGE][PASSED] - Call Test Case 'Test Cases/Filtreler/FiltreVarMi' successfully

2021-11-23 09:57:06 - [MESSAGE][INFO] - Checking called Test Case

2021-11-23 09:57:06 - [MESSAGE][INFO] - Starting to call Test Case 'Test Cases/Filtreler/FiltreVarMi'

2021-11-23 09:57:06 - [TEST_CASE][PASSED] - Test Cases/Filtreler/FiltreVarMi: Test Cases/Filtreler/FiltreVarMi

2021-11-23 09:57:06 - [TEST_STEP][PASSED] - Method.TextDegerineEsitElementVarMi(findTestObject("Filtreler/Basliklar"), Filtre_alan): Method.TextDegerineEsitElementVarMi is PASSED

2021-11-23 09:57:06 - [MESSAGE][INFO] - Finding Test Object 'Object Repository/Filtreler/Basliklar'

2021-11-23 09:57:06 - [MESSAGE][INFO] - Checking timeout

2021-11-23 09:57:06 - [MESSAGE][INFO] - Finding web element with id: 'Object Repository/Filtreler/Basliklar' located by 'By.cssSelector: .control-label.col-sm-4.paddingMarginRLC' in '10' second(s)

2021-11-23 09:57:06 - [MESSAGE][INFO] - Smart Wait Function is triggered

2021-11-23 09:57:07 - [MESSAGE][INFO] - Found 7 web elements with id: 'Object Repository/Filtreler/Basliklar' located by 'By.cssSelector: .control-label.col-sm-4.paddingMarginRLC' in '10' second(s)

2021-11-23 09:57:07 - [MESSAGE][PASSED] - Method.TextDegerineEsitElementVarMi is PASSED

2021-11-23 09:57:07 - [MESSAGE][PASSED] - Call Test Case 'Test Cases/Filtreler/FiltreVarMi' successfully

2021-11-23 09:57:07 - [MESSAGE][INFO] - Checking called Test Case

2021-11-23 09:57:07 - [MESSAGE][INFO] - Starting to call Test Case 'Test Cases/Filtreler/FiltreVarMi'

2021-11-23 09:57:07 - [TEST_CASE][PASSED] - Test Cases/Filtreler/FiltreVarMi: Test Cases/Filtreler/FiltreVarMi

2021-11-23 09:57:07 - [TEST_STEP][PASSED] - Method.TextDegerineEsitElementVarMi(findTestObject("Filtreler/Basliklar"), Filtre_alan): Method.TextDegerineEsitElementVarMi is PASSED

2021-11-23 09:57:07 - [MESSAGE][INFO] - Finding Test Object 'Object Repository/Filtreler/Basliklar'

2021-11-23 09:57:07 - [MESSAGE][INFO] - Checking timeout

2021-11-23 09:57:07 - [MESSAGE][INFO] - Finding web element with id: 'Object Repository/Filtreler/Basliklar' located by 'By.cssSelector: .control-label.col-sm-4.paddingMarginRLC' in '10' second(s)

2021-11-23 09:57:07 - [MESSAGE][INFO] - Smart Wait Function is triggered

2021-11-23 09:57:07 - [MESSAGE][INFO] - Found 7 web elements with id: 'Object Repository/Filtreler/Basliklar' located by 'By.cssSelector: .control-label.col-sm-4.paddingMarginRLC' in '10' second(s)

2021-11-23 09:57:07 - [MESSAGE][PASSED] - Method.TextDegerineEsitElementVarMi is PASSED

2021-11-23 09:57:07 - [MESSAGE][PASSED] - Call Test Case 'Test Cases/Filtreler/FiltreVarMi' successfully

2021-11-23 09:57:07 - [MESSAGE][INFO] - Checking called Test Case

2021-11-23 09:57:07 - [MESSAGE][INFO] - Starting to call Test Case 'Test Cases/Filtreler/ButonVarMi'

2021-11-23 09:57:07 - [TEST_CASE][PASSED] - Test Cases/Filtreler/ButonVarMi: Test Cases/Filtreler/ButonVarMi

2021-11-23 09:57:07 - [TEST_STEP][PASSED] - Method.TextDegerineEsitElementVarMi(findTestObject("Filtreler/Butonlar"), Filtre_Buton): Method.TextDegerineEsitElementVarMi is PASSED

2021-11-23 09:57:07 - [MESSAGE][INFO] - Finding Test Object 'Object Repository/Filtreler/Butonlar'

2021-11-23 09:57:07 - [MESSAGE][INFO] - Checking timeout

2021-11-23 09:57:07 - [MESSAGE][INFO] - Finding web element with id: 'Object Repository/Filtreler/Butonlar' located by 'By.cssSelector: .dxb>span' in '10' second(s)

2021-11-23 09:57:07 - [MESSAGE][INFO] - Smart Wait Function is triggered

2021-11-23 09:57:08 - [MESSAGE][INFO] - Found 2 web elements with id: 'Object Repository/Filtreler/Butonlar' located by 'By.cssSelector: .dxb>span' in '10' second(s)

2021-11-23 09:57:08 - [MESSAGE][PASSED] - Method.TextDegerineEsitElementVarMi is PASSED

2021-11-23 09:57:08 - [MESSAGE][PASSED] - Call Test Case 'Test Cases/Filtreler/ButonVarMi' successfully

2021-11-23 09:57:08 - [MESSAGE][INFO] - Checking called Test Case

2021-11-23 09:57:08 - [MESSAGE][INFO] - Starting to call Test Case 'Test Cases/Filtreler/ButonVarMi'

2021-11-23 09:57:08 - [TEST_CASE][PASSED] - Test Cases/Filtreler/ButonVarMi: Test Cases/Filtreler/ButonVarMi

2021-11-23 09:57:08 - [TEST_STEP][PASSED] - Method.TextDegerineEsitElementVarMi(findTestObject("Filtreler/Butonlar"), Filtre_Buton): Method.TextDegerineEsitElementVarMi is PASSED

2021-11-23 09:57:08 - [MESSAGE][INFO] - Finding Test Object 'Object Repository/Filtreler/Butonlar'

2021-11-23 09:57:08 - [MESSAGE][INFO] - Checking timeout

2021-11-23 09:57:08 - [MESSAGE][INFO] - Finding web element with id: 'Object Repository/Filtreler/Butonlar' located by 'By.cssSelector: .dxb>span' in '10' second(s)

2021-11-23 09:57:08 - [MESSAGE][INFO] - Smart Wait Function is triggered

2021-11-23 09:57:08 - [MESSAGE][INFO] - Found 2 web elements with id: 'Object Repository/Filtreler/Butonlar' located by 'By.cssSelector: .dxb>span' in '10' second(s)

2021-11-23 09:57:08 - [MESSAGE][PASSED] - Method.TextDegerineEsitElementVarMi is PASSED

2021-11-23 09:57:08 - [MESSAGE][PASSED] - Call Test Case 'Test Cases/Filtreler/ButonVarMi' successfully

2021-11-23 09:57:08 - [MESSAGE][INFO] - Checking called Test Case

2021-11-23 09:57:08 - [MESSAGE][INFO] - Starting to call Test Case 'Test Cases/Filtreler/DropdownSec'

2021-11-23 09:57:08 - [TEST_CASE][PASSED] - Test Cases/Filtreler/DropdownSec: Test Cases/Filtreler/DropdownSec

2021-11-23 09:57:09 - [TEST_STEP][PASSED] - Method.TextDegerineEsitElementinAltindakineTikla(findTestObject("Filtreler/Basliklar"), findTestObject("Filtreler/Basliga_Gore_Baslangic_Image"), Filtre_Adi): Method.TextDegerineEsitElementinAltindakineTikla is PASSED

2021-11-23 09:57:09 - [MESSAGE][INFO] - Finding Test Object 'Object Repository/Filtreler/Basliklar'

2021-11-23 09:57:09 - [MESSAGE][INFO] - Finding Test Object 'Object Repository/Filtreler/Basliga_Gore_Baslangic_Image'

2021-11-23 09:57:09 - [MESSAGE][INFO] - Checking timeout

2021-11-23 09:57:09 - [MESSAGE][INFO] - Finding web element with id: 'Object Repository/Filtreler/Basliklar' located by 'By.cssSelector: .control-label.col-sm-4.paddingMarginRLC' in '10' second(s)

2021-11-23 09:57:09 - [MESSAGE][INFO] - Smart Wait Function is triggered

2021-11-23 09:57:09 - [MESSAGE][INFO] - Found 7 web elements with id: 'Object Repository/Filtreler/Basliklar' located by 'By.cssSelector: .control-label.col-sm-4.paddingMarginRLC' in '10' second(s)

2021-11-23 09:57:09 - [MESSAGE][INFO] - Smart Wait Function is triggered

2021-11-23 09:57:09 - [MESSAGE][PASSED] - Method.TextDegerineEsitElementinAltindakineTikla is PASSED

2021-11-23 09:57:09 - [TEST_STEP][PASSED] - Method.TextDegerineEsitElementeTikla(findTestObject("Object Repository/Filtreler/Basliga_Gore_Dropdown"), Filtre_Degeri): Method.TextDegerineEsitElementeTikla is PASSED

2021-11-23 09:57:09 - [MESSAGE][INFO] - Finding Test Object 'Object Repository/Filtreler/Basliga_Gore_Dropdown'

2021-11-23 09:57:10 - [MESSAGE][INFO] - Checking timeout

2021-11-23 09:57:10 - [MESSAGE][INFO] - Finding web element with id: 'Object Repository/Filtreler/Basliga_Gore_Dropdown' located by 'By.xpath: //*[@class = 'dxeListBoxItemRow_LECustomTheme']' in '10' second(s)

2021-11-23 09:57:10 - [MESSAGE][INFO] - Smart Wait Function is triggered

2021-11-23 09:57:10 - [MESSAGE][INFO] - Found 289 web elements with id: 'Object Repository/Filtreler/Basliga_Gore_Dropdown' located by 'By.xpath: //*[@class = 'dxeListBoxItemRow_LECustomTheme']' in '10' second(s)

2021-11-23 09:57:15 - [MESSAGE][PASSED] - Method.TextDegerineEsitElementeTikla is PASSED

2021-11-23 09:57:15 - [MESSAGE][PASSED] - Call Test Case 'Test Cases/Filtreler/DropdownSec' successfully

2021-11-23 09:57:15 - [MESSAGE][INFO] - Checking called Test Case

2021-11-23 09:57:15 - [MESSAGE][INFO] - Starting to call Test Case 'Test Cases/Filtreler/ButonaTikla'

2021-11-23 09:57:15 - [TEST_CASE][PASSED] - Test Cases/Filtreler/ButonaTikla: Test Cases/Filtreler/ButonaTikla

2021-11-23 09:57:15 - [TEST_STEP][PASSED] - Method.TextDegerineEsitElementeTikla(findTestObject("Filtreler/Butonlar"), Filtre_Buton): Method.TextDegerineEsitElementeTikla is PASSED

2021-11-23 09:57:15 - [MESSAGE][INFO] - Finding Test Object 'Object Repository/Filtreler/Butonlar'

2021-11-23 09:57:16 - [MESSAGE][INFO] - Checking timeout

2021-11-23 09:57:16 - [MESSAGE][INFO] - Finding web element with id: 'Object Repository/Filtreler/Butonlar' located by 'By.cssSelector: .dxb>span' in '10' second(s)

2021-11-23 09:57:16 - [MESSAGE][INFO] - Smart Wait Function is triggered

2021-11-23 09:57:16 - [MESSAGE][INFO] - Found 2 web elements with id: 'Object Repository/Filtreler/Butonlar' located by 'By.cssSelector: .dxb>span' in '10' second(s)

2021-11-23 09:57:16 - [MESSAGE][PASSED] - Method.TextDegerineEsitElementeTikla is PASSED

2021-11-23 09:57:16 - [MESSAGE][PASSED] - Call Test Case 'Test Cases/Filtreler/ButonaTikla' successfully

2021-11-23 09:57:16 - [MESSAGE][INFO] - Checking called Test Case

2021-11-23 09:57:16 - [MESSAGE][INFO] - Starting to call Test Case 'Test Cases/Tablo/TablodaVeriVarMi'

2021-11-23 09:57:16 - [TEST_CASE][PASSED] - Test Cases/Tablo/TablodaVeriVarMi: Test Cases/Tablo/TablodaVeriVarMi

2021-11-23 09:57:16 - [TEST_STEP][PASSED] - verifyTextNotPresent("Görüntülenecek veri yok", true): Text 'Görüntülenecek veri yok' is not present on page using regular expression

2021-11-23 09:57:16 - [MESSAGE][INFO] - Checking text present  using regular expression

2021-11-23 09:57:16 - [MESSAGE][INFO] - Smart Wait Function is triggered

2021-11-23 09:57:17 - [MESSAGE][INFO] - Finding text 'Görüntülenecek veri yok' on page  using regular expression

2021-11-23 09:57:17 - [MESSAGE][PASSED] - Text 'Görüntülenecek veri yok' is not present on page using regular expression

2021-11-23 09:57:17 - [MESSAGE][PASSED] - Call Test Case 'Test Cases/Tablo/TablodaVeriVarMi' successfully

2021-11-23 09:57:17 - [MESSAGE][INFO] - Checking called Test Case

2021-11-23 09:57:17 - [MESSAGE][INFO] - Starting to call Test Case 'Test Cases/Butonlar/NumaraliSayfayaGec'

2021-11-23 09:57:17 - [TEST_CASE][PASSED] - Test Cases/Butonlar/NumaraliSayfayaGec: Test Cases/Butonlar/NumaraliSayfayaGec

2021-11-23 09:57:17 - [TEST_STEP][PASSED] - waitForElementClickable(findTestObject("Butonlar/SayfaNumarasi"), 10): Object 'Object Repository/Butonlar/SayfaNumarasi' is clickable

2021-11-23 09:57:17 - [MESSAGE][INFO] - Finding Test Object 'Object Repository/Butonlar/SayfaNumarasi'

2021-11-23 09:57:17 - [MESSAGE][INFO] - Checking object

2021-11-23 09:57:17 - [MESSAGE][INFO] - Checking timeout

2021-11-23 09:57:17 - [MESSAGE][INFO] - Finding web element from Test Object's properties

2021-11-23 09:57:17 - [MESSAGE][INFO] - Checking timeout

2021-11-23 09:57:17 - [MESSAGE][INFO] - Finding web element with id: 'Object Repository/Butonlar/SayfaNumarasi' located by 'By.cssSelector: .dxp-num' in '10' second(s)

2021-11-23 09:57:17 - [MESSAGE][INFO] - Smart Wait Function is triggered

2021-11-23 09:57:18 - [MESSAGE][INFO] - Found 7 web elements with id: 'Object Repository/Butonlar/SayfaNumarasi' located by 'By.cssSelector: .dxp-num' in '10' second(s)

2021-11-23 09:57:18 - [MESSAGE][PASSED] - Object 'Object Repository/Butonlar/SayfaNumarasi' is clickable

2021-11-23 09:57:18 - [TEST_STEP][PASSED] - Method.TextDegerineEsitElementeTiklaEquals(findTestObject("Butonlar/SayfaNumarasi"), SayfaNumarasi): Method.TextDegerineEsitElementeTiklaEquals is PASSED

2021-11-23 09:57:18 - [MESSAGE][INFO] - Finding Test Object 'Object Repository/Butonlar/SayfaNumarasi'

2021-11-23 09:57:18 - [MESSAGE][INFO] - Checking timeout

2021-11-23 09:57:18 - [MESSAGE][INFO] - Finding web element with id: 'Object Repository/Butonlar/SayfaNumarasi' located by 'By.cssSelector: .dxp-num' in '10' second(s)

2021-11-23 09:57:18 - [MESSAGE][INFO] - Smart Wait Function is triggered

2021-11-23 09:57:18 - [MESSAGE][INFO] - Found 7 web elements with id: 'Object Repository/Butonlar/SayfaNumarasi' located by 'By.cssSelector: .dxp-num' in '10' second(s)

2021-11-23 09:57:18 - [MESSAGE][PASSED] - Method.TextDegerineEsitElementeTiklaEquals is PASSED

2021-11-23 09:57:18 - [MESSAGE][PASSED] - Call Test Case 'Test Cases/Butonlar/NumaraliSayfayaGec' successfully

2021-11-23 09:57:18 - [MESSAGE][INFO] - Checking called Test Case

2021-11-23 09:57:18 - [MESSAGE][INFO] - Starting to call Test Case 'Test Cases/Kullanici_Islemleri/KullaniciIslemlerindenSecimYapilir'

2021-11-23 09:57:18 - [TEST_CASE][PASSED] - Test Cases/Kullanici_Islemleri/KullaniciIslemlerindenSecimYapilir: Test Cases/Kullanici_Islemleri/KullaniciIslemlerindenSecimYapilir

2021-11-23 09:57:18 - [TEST_STEP][PASSED] - waitForElementClickable(findTestObject("Object Repository/Kullanici_Islemleri/KullaniciIslemleri"), 10): Object 'Object Repository/Kullanici_Islemleri/KullaniciIslemleri' is clickable

2021-11-23 09:57:18 - [MESSAGE][INFO] - Finding Test Object 'Object Repository/Kullanici_Islemleri/KullaniciIslemleri'

2021-11-23 09:57:19 - [MESSAGE][INFO] - Checking object

2021-11-23 09:57:19 - [MESSAGE][INFO] - Checking timeout

2021-11-23 09:57:19 - [MESSAGE][INFO] - Finding web element from Test Object's properties

2021-11-23 09:57:19 - [MESSAGE][INFO] - Checking timeout

2021-11-23 09:57:19 - [MESSAGE][INFO] - Finding web element with id: 'Object Repository/Kullanici_Islemleri/KullaniciIslemleri' located by 'By.cssSelector: .dropdown>a>img' in '10' second(s)

2021-11-23 09:57:19 - [MESSAGE][INFO] - Smart Wait Function is triggered

2021-11-23 09:57:19 - [MESSAGE][INFO] - Found 1 web elements with id: 'Object Repository/Kullanici_Islemleri/KullaniciIslemleri' located by 'By.cssSelector: .dropdown>a>img' in '10' second(s)

2021-11-23 09:57:19 - [MESSAGE][PASSED] - Object 'Object Repository/Kullanici_Islemleri/KullaniciIslemleri' is clickable

2021-11-23 09:57:19 - [TEST_STEP][PASSED] - click(findTestObject("Object Repository/Kullanici_Islemleri/KullaniciIslemleri")): Object: 'Object Repository/Kullanici_Islemleri/KullaniciIslemleri' is clicked on

2021-11-23 09:57:19 - [MESSAGE][INFO] - Finding Test Object 'Object Repository/Kullanici_Islemleri/KullaniciIslemleri'

2021-11-23 09:57:19 - [MESSAGE][INFO] - Checking object

2021-11-23 09:57:19 - [MESSAGE][INFO] - Finding web element from Test Object's properties

2021-11-23 09:57:19 - [MESSAGE][INFO] - Checking timeout

2021-11-23 09:57:19 - [MESSAGE][INFO] - Finding web element with id: 'Object Repository/Kullanici_Islemleri/KullaniciIslemleri' located by 'By.cssSelector: .dropdown>a>img' in '30' second(s)

2021-11-23 09:57:19 - [MESSAGE][INFO] - Smart Wait Function is triggered

2021-11-23 09:57:19 - [MESSAGE][INFO] - Found 1 web elements with id: 'Object Repository/Kullanici_Islemleri/KullaniciIslemleri' located by 'By.cssSelector: .dropdown>a>img' in '30' second(s)

2021-11-23 09:57:19 - [MESSAGE][INFO] - Clicking on object: 'Object Repository/Kullanici_Islemleri/KullaniciIslemleri'

2021-11-23 09:57:19 - [MESSAGE][PASSED] - Object: 'Object Repository/Kullanici_Islemleri/KullaniciIslemleri' is clicked on

2021-11-23 09:57:19 - [TEST_STEP][PASSED] - Method.TextDegerineEsitElementeTikla(findTestObject("Object Repository/Kullanici_Islemleri/Secenekler"), Islem): Method.TextDegerineEsitElementeTikla is PASSED

2021-11-23 09:57:19 - [MESSAGE][INFO] - Finding Test Object 'Object Repository/Kullanici_Islemleri/Secenekler'

2021-11-23 09:57:19 - [MESSAGE][INFO] - Checking timeout

2021-11-23 09:57:19 - [MESSAGE][INFO] - Finding web element with id: 'Object Repository/Kullanici_Islemleri/Secenekler' located by 'By.cssSelector: .nav.navbar-nav.navbar-right li a' in '10' second(s)

2021-11-23 09:57:19 - [MESSAGE][INFO] - Smart Wait Function is triggered

2021-11-23 09:57:20 - [MESSAGE][INFO] - Found 22 web elements with id: 'Object Repository/Kullanici_Islemleri/Secenekler' located by 'By.cssSelector: .nav.navbar-nav.navbar-right li a' in '10' second(s)

2021-11-23 09:57:21 - [MESSAGE][PASSED] - Method.TextDegerineEsitElementeTikla is PASSED

2021-11-23 09:57:21 - [TEST_STEP][PASSED] - verifyElementNotPresent(findTestObject("Object Repository/Kullanici_Islemleri/Secenekler"), 10): Web element with id: 'Object Repository/Kullanici_Islemleri/Secenekler' located by 'By.cssSelector: .nav.navbar-nav.navbar-right li a' is not present after '10' second(s)

2021-11-23 09:57:21 - [MESSAGE][INFO] - Finding Test Object 'Object Repository/Kullanici_Islemleri/Secenekler'

2021-11-23 09:57:21 - [MESSAGE][INFO] - Checking object

2021-11-23 09:57:21 - [MESSAGE][INFO] - Checking timeout

2021-11-23 09:57:21 - [MESSAGE][INFO] - Finding web element with id: 'Object Repository/Kullanici_Islemleri/Secenekler' located by 'By.cssSelector: .nav.navbar-nav.navbar-right li a' in '10' second(s)

2021-11-23 09:57:21 - [MESSAGE][INFO] - Smart Wait Function is triggered

2021-11-23 09:57:21 - [MESSAGE][PASSED] - Web element with id: 'Object Repository/Kullanici_Islemleri/Secenekler' located by 'By.cssSelector: .nav.navbar-nav.navbar-right li a' is not present after '10' second(s)

2021-11-23 09:57:21 - [MESSAGE][PASSED] - Call Test Case 'Test Cases/Kullanici_Islemleri/KullaniciIslemlerindenSecimYapilir' successfully

2021-11-23 09:57:21 - [TEST_CASE][PASSED] - Start Test Case : SCENARIO Raporlar Izlenme Kayitlari Ekran Kontrolu: SCENARIO Raporlar Izlenme Kayitlari Ekran Kontrolu

2021-11-23 09:57:21 - [TEST_STEP][PASSED] - Kullanıcı adı ELOGO6 ve Şifre 123456 olarak giriş yapılır: Kullanıcı adı ELOGO6 ve Şifre 123456 olarak giriş yapılır

2021-11-23 09:57:21 - [MESSAGE][PASSED] - Kullanıcı adı ELOGO6 ve Şifre 123456 olarak giriş yapılır

2021-11-23 09:57:21 - [TEST_STEP][PASSED] - Ana menüden Raporlar seçilir: Ana menüden Raporlar seçilir

2021-11-23 09:57:21 - [MESSAGE][PASSED] - Ana menüden Raporlar seçilir

2021-11-23 09:57:21 - [TEST_STEP][PASSED] - Alt menüden İzleme Kayıtları seçilir: Alt menüden İzleme Kayıtları seçilir

2021-11-23 09:57:21 - [MESSAGE][PASSED] - Alt menüden İzleme Kayıtları seçilir

2021-11-23 09:57:21 - [TEST_STEP][PASSED] - Filtre alanlarında Tarih Aralığı var mı: Filtre alanlarında Tarih Aralığı var mı

2021-11-23 09:57:21 - [MESSAGE][PASSED] - Filtre alanlarında Tarih Aralığı var mı

2021-11-23 09:57:21 - [TEST_STEP][PASSED] - Filtre alanlarında İşlem Tipi var mı: Filtre alanlarında İşlem Tipi var mı

2021-11-23 09:57:21 - [MESSAGE][PASSED] - Filtre alanlarında İşlem Tipi var mı

2021-11-23 09:57:21 - [TEST_STEP][PASSED] - Filtre alanlarında Kullanıcı Adı var mı: Filtre alanlarında Kullanıcı Adı var mı

2021-11-23 09:57:21 - [MESSAGE][PASSED] - Filtre alanlarında Kullanıcı Adı var mı

2021-11-23 09:57:21 - [TEST_STEP][PASSED] - Filtre alanlarında Ekran var mı: Filtre alanlarında Ekran var mı

2021-11-23 09:57:21 - [MESSAGE][PASSED] - Filtre alanlarında Ekran var mı

2021-11-23 09:57:21 - [TEST_STEP][PASSED] - Filtre alanlarında İşlem Sonucu var mı: Filtre alanlarında İşlem Sonucu var mı

2021-11-23 09:57:21 - [MESSAGE][PASSED] - Filtre alanlarında İşlem Sonucu var mı

2021-11-23 09:57:21 - [TEST_STEP][PASSED] - Filtre alanlarında İşlem var mı: Filtre alanlarında İşlem var mı

2021-11-23 09:57:21 - [MESSAGE][PASSED] - Filtre alanlarında İşlem var mı

2021-11-23 09:57:21 - [TEST_STEP][PASSED] - Filtre alanlarında Ip Adresi var mı: Filtre alanlarında Ip Adresi var mı

2021-11-23 09:57:21 - [MESSAGE][PASSED] - Filtre alanlarında Ip Adresi var mı

2021-11-23 09:57:21 - [TEST_STEP][PASSED] - Filtre butonlarında Listele var mı: Filtre butonlarında Listele var mı

2021-11-23 09:57:21 - [MESSAGE][PASSED] - Filtre butonlarında Listele var mı

2021-11-23 09:57:21 - [TEST_STEP][PASSED] - Filtre butonlarında Temizle var mı: Filtre butonlarında Temizle var mı

2021-11-23 09:57:21 - [MESSAGE][PASSED] - Filtre butonlarında Temizle var mı

2021-11-23 09:57:21 - [TEST_STEP][PASSED] - Filtrelerden İşlem Tipi filtresine Bildirim dropdowndan degeri seçilir: Filtrelerden İşlem Tipi filtresine Bildirim dropdowndan degeri seçilir

2021-11-23 09:57:21 - [MESSAGE][PASSED] - Filtrelerden İşlem Tipi filtresine Bildirim dropdowndan degeri seçilir

2021-11-23 09:57:21 - [TEST_STEP][PASSED] - Filtre butonlarından Listele seçilir: Filtre butonlarından Listele seçilir

2021-11-23 09:57:21 - [MESSAGE][PASSED] - Filtre butonlarından Listele seçilir

2021-11-23 09:57:21 - [TEST_STEP][PASSED] - Tabloda veri var mı kontrol edilir: Tabloda veri var mı kontrol edilir

2021-11-23 09:57:21 - [MESSAGE][PASSED] - Tabloda veri var mı kontrol edilir

2021-11-23 09:57:21 - [TEST_STEP][PASSED] - Sayfa butonlarından 2 numaralı sayfa butonuna tıklanır: Sayfa butonlarından 2 numaralı sayfa butonuna tıklanır

2021-11-23 09:57:21 - [MESSAGE][PASSED] - Sayfa butonlarından 2 numaralı sayfa butonuna tıklanır

2021-11-23 09:57:21 - [TEST_STEP][PASSED] - Kullanıcı işlemlerinden Çıkış seçilir: Kullanıcı işlemlerinden Çıkış seçilir

2021-11-23 09:57:21 - [MESSAGE][PASSED] - Kullanıcı işlemlerinden Çıkış seçilir

2021-11-23 09:57:21 - [MESSAGE][PASSED] - Feature file: 'Include/features/Raporlar/Izlenme Kayitlari/Ekran Kontrolu.feature' was passed

2021-11-23 09:57:21 - [TEST_STEP][PASSED] - Start listener action : sampleAfterTestSuite: Invoke 'com.kms.katalon.core.annotation.AfterTestCase' method: 'Listener.sampleAfterTestSuite(...)' completed.

2021-11-23 09:57:21 - [MESSAGE][INFO] - Starting invoke 'com.kms.katalon.core.annotation.AfterTestCase' method: 'Listener.sampleAfterTestSuite(...)'

2021-11-23 09:57:21 - [TEST_STEP][PASSED] - closeBrowser(): Invoke 'com.kms.katalon.core.annotation.AfterTestCase' method: 'Listener.sampleAfterTestSuite(...)' completed.

2021-11-23 09:57:21 - [MESSAGE][INFO] - Closing browser

2021-11-23 09:57:22 - [MESSAGE][PASSED] - Browser is closed

2021-11-23 09:57:22 - [MESSAGE][INFO] - Invoke 'com.kms.katalon.core.annotation.AfterTestCase' method: 'Listener.sampleAfterTestSuite(...)' completed.]]></system-out>
         <system-err><![CDATA[]]></system-err>
      </testcase>
      <testcase name="Test Cases/Case Repository/Raporlar/Kümülatif Kontrol Raporu/Ekran Kontrolü ve Excel Aktar" time="129.677" classname="Test Cases/Case Repository/Raporlar/Kümülatif Kontrol Raporu/Ekran Kontrolü ve Excel Aktar" status="PASSED">
         <system-out><![CDATA[2021-11-23 09:57:22 - [TEST_CASE][PASSED] - Test Cases/Case Repository/Raporlar/Kümülatif Kontrol Raporu/Ekran Kontrolü ve Excel Aktar: Test Cases/Case Repository/Raporlar/Kümülatif Kontrol Raporu/Ekran Kontrolü ve Excel Aktar

2021-11-23 09:57:22 - [TEST_STEP][PASSED] - Start listener action : sampleBeforeTestSuite: Invoke 'com.kms.katalon.core.annotation.BeforeTestCase' method: 'Listener.sampleBeforeTestSuite(...)' completed.

2021-11-23 09:57:22 - [MESSAGE][INFO] - Starting invoke 'com.kms.katalon.core.annotation.BeforeTestCase' method: 'Listener.sampleBeforeTestSuite(...)'

2021-11-23 09:57:22 - [TEST_STEP][PASSED] - openBrowser(baseUrl): Browser is opened with url: 'https://efatura-stage.elogo.com.tr/'

2021-11-23 09:57:22 - [MESSAGE][INFO] - Opening browser

2021-11-23 09:57:22 - [MESSAGE][INFO] - Starting 'Chrome' driver

2021-11-23 09:57:22 - [MESSAGE][INFO] - User set preference: ['prefs', '{download.default_directory=C:\otomasyondownfiles}']

2021-11-23 09:57:22 - [MESSAGE][INFO] - Action delay is set to 0 milliseconds

2021-11-23 09:57:24 - [MESSAGE][INFO] - Navigating browser to: 'https://efatura-stage.elogo.com.tr/'

2021-11-23 09:57:26 - [MESSAGE][PASSED] - Browser is opened with url: 'https://efatura-stage.elogo.com.tr/'

2021-11-23 09:57:26 - [TEST_STEP][PASSED] - maximizeWindow(): Invoke 'com.kms.katalon.core.annotation.BeforeTestCase' method: 'Listener.sampleBeforeTestSuite(...)' completed.

2021-11-23 09:57:26 - [MESSAGE][INFO] - Maximizing current window

2021-11-23 09:57:26 - [MESSAGE][PASSED] - Current window maximized

2021-11-23 09:57:26 - [MESSAGE][INFO] - Invoke 'com.kms.katalon.core.annotation.BeforeTestCase' method: 'Listener.sampleBeforeTestSuite(...)' completed.

2021-11-23 09:57:27 - [TEST_STEP][PASSED] - runFeatureFile("Include/features/Raporlar/Kümülatif Kontör Raporu/Ekran Kontrolü ve Excel Aktar.feature"): Feature file: 'Include/features/Raporlar/Kümülatif Kontör Raporu/Ekran Kontrolü ve Excel Aktar.feature' was passed

2021-11-23 09:57:27 - [MESSAGE][INFO] - Starting run keyword runFeatureFile: 'Include/features/Raporlar/Kümülatif Kontör Raporu/Ekran Kontrolü ve Excel Aktar.feature' and extract report to folder: 'C:\Users\DELL\Documents\GitHub\EES_KatalonLogo\Reports\20211123_091110\Suite Repository\Raporlar\20211123_091227/cucumber_report/1637650647681'...

2021-11-23 09:57:27 - [MESSAGE][INFO] - Glue: []

2021-11-23 09:57:30 - [MESSAGE][INFO] - Checking called Test Case

2021-11-23 09:57:30 - [MESSAGE][INFO] - Starting to call Test Case 'Test Cases/Sayfalar/Giris_Sayfasi/Login'

2021-11-23 09:57:30 - [TEST_CASE][PASSED] - Test Cases/Sayfalar/Giris_Sayfasi/Login: Test Cases/Sayfalar/Giris_Sayfasi/Login

2021-11-23 09:57:30 - [TEST_STEP][PASSED] - Sayfa_Basligi = getWindowTitle(): Current window's title is: 'LOGO e-Fatura'

2021-11-23 09:57:30 - [MESSAGE][INFO] - Getting current window's title

2021-11-23 09:57:30 - [MESSAGE][PASSED] - Current window's title is: 'LOGO e-Fatura'

2021-11-23 09:57:30 - [TEST_STEP][PASSED] - verifyMatch(Sayfa_Basligi, "LOGO e-Fatura", false): Actual text 'LOGO e-Fatura' and expected text 'LOGO e-Fatura' are matched 

2021-11-23 09:57:30 - [MESSAGE][INFO] - Matching actual text 'LOGO e-Fatura' with expected text 'LOGO e-Fatura'

2021-11-23 09:57:30 - [MESSAGE][PASSED] - Actual text 'LOGO e-Fatura' and expected text 'LOGO e-Fatura' are matched 

2021-11-23 09:57:30 - [TEST_STEP][PASSED] - sendKeys(findTestObject("Sayfalar/Giris_Sayfasi/Firma_Kodu"), KullaniciAdi): Keys 'ELOGO6' sent to object: 'Object Repository/Sayfalar/Giris_Sayfasi/Firma_Kodu'

2021-11-23 09:57:30 - [MESSAGE][INFO] - Finding Test Object 'Object Repository/Sayfalar/Giris_Sayfasi/Firma_Kodu'

2021-11-23 09:57:30 - [MESSAGE][INFO] - Sending keys 'ELOGO6' to object: 'Object Repository/Sayfalar/Giris_Sayfasi/Firma_Kodu'

2021-11-23 09:57:30 - [MESSAGE][INFO] - Finding web element from Test Object's properties

2021-11-23 09:57:30 - [MESSAGE][INFO] - Checking timeout

2021-11-23 09:57:30 - [MESSAGE][INFO] - Finding web element with id: 'Object Repository/Sayfalar/Giris_Sayfasi/Firma_Kodu' located by 'By.xpath: //*[@id = 'AccountName']' in '30' second(s)

2021-11-23 09:57:30 - [MESSAGE][INFO] - Smart Wait Function is triggered

2021-11-23 09:57:30 - [MESSAGE][INFO] - Found 1 web elements with id: 'Object Repository/Sayfalar/Giris_Sayfasi/Firma_Kodu' located by 'By.xpath: //*[@id = 'AccountName']' in '30' second(s)

2021-11-23 09:57:30 - [MESSAGE][PASSED] - Keys 'ELOGO6' sent to object: 'Object Repository/Sayfalar/Giris_Sayfasi/Firma_Kodu'

2021-11-23 09:57:30 - [TEST_STEP][PASSED] - sendKeys(findTestObject("Sayfalar/Giris_Sayfasi/Sifre"), Sifre): Keys '123456' sent to object: 'Object Repository/Sayfalar/Giris_Sayfasi/Sifre'

2021-11-23 09:57:30 - [MESSAGE][INFO] - Finding Test Object 'Object Repository/Sayfalar/Giris_Sayfasi/Sifre'

2021-11-23 09:57:31 - [MESSAGE][INFO] - Sending keys '123456' to object: 'Object Repository/Sayfalar/Giris_Sayfasi/Sifre'

2021-11-23 09:57:31 - [MESSAGE][INFO] - Finding web element from Test Object's properties

2021-11-23 09:57:31 - [MESSAGE][INFO] - Checking timeout

2021-11-23 09:57:31 - [MESSAGE][INFO] - Finding web element with id: 'Object Repository/Sayfalar/Giris_Sayfasi/Sifre' located by 'By.xpath: //*[@id = 'Password']' in '30' second(s)

2021-11-23 09:57:31 - [MESSAGE][INFO] - Smart Wait Function is triggered

2021-11-23 09:57:31 - [MESSAGE][INFO] - Found 1 web elements with id: 'Object Repository/Sayfalar/Giris_Sayfasi/Sifre' located by 'By.xpath: //*[@id = 'Password']' in '30' second(s)

2021-11-23 09:57:31 - [MESSAGE][PASSED] - Keys '123456' sent to object: 'Object Repository/Sayfalar/Giris_Sayfasi/Sifre'

2021-11-23 09:57:31 - [TEST_STEP][PASSED] - findWebElement(findTestObject("Sayfalar/Giris_Sayfasi/Giris_Butonu")).click(): Found 1 web elements with id: 'Object Repository/Sayfalar/Giris_Sayfasi/Giris_Butonu' located by 'By.cssSelector: #btnLogin' in '30' second(s)

2021-11-23 09:57:31 - [MESSAGE][INFO] - Finding Test Object 'Object Repository/Sayfalar/Giris_Sayfasi/Giris_Butonu'

2021-11-23 09:57:31 - [MESSAGE][INFO] - Finding web element from Test Object's properties

2021-11-23 09:57:31 - [MESSAGE][INFO] - Checking timeout

2021-11-23 09:57:31 - [MESSAGE][INFO] - Finding web element with id: 'Object Repository/Sayfalar/Giris_Sayfasi/Giris_Butonu' located by 'By.cssSelector: #btnLogin' in '30' second(s)

2021-11-23 09:57:31 - [MESSAGE][INFO] - Smart Wait Function is triggered

2021-11-23 09:57:31 - [MESSAGE][INFO] - Found 1 web elements with id: 'Object Repository/Sayfalar/Giris_Sayfasi/Giris_Butonu' located by 'By.cssSelector: #btnLogin' in '30' second(s)

2021-11-23 09:57:34 - [TEST_STEP][PASSED] - if (verifyElementPresent(findTestObject("Object Repository/Sayfalar/Giris_Sayfasi/RetveTamam_Butonu"), 5, OPTIONAL)): null

2021-11-23 09:57:34 - [MESSAGE][INFO] - Finding Test Object 'Object Repository/Sayfalar/Giris_Sayfasi/RetveTamam_Butonu'

2021-11-23 09:57:34 - [MESSAGE][INFO] - Checking object

2021-11-23 09:57:34 - [MESSAGE][INFO] - Finding web element from Test Object's properties

2021-11-23 09:57:34 - [MESSAGE][INFO] - Checking timeout

2021-11-23 09:57:34 - [MESSAGE][INFO] - Finding web element with id: 'Object Repository/Sayfalar/Giris_Sayfasi/RetveTamam_Butonu' located by 'By.xpath: //*[@class = 'btn btn-default']' in '5' second(s)

2021-11-23 09:57:34 - [MESSAGE][INFO] - Smart Wait Function is triggered

2021-11-23 09:57:34 - [MESSAGE][INFO] - Found 1 web elements with id: 'Object Repository/Sayfalar/Giris_Sayfasi/RetveTamam_Butonu' located by 'By.xpath: //*[@class = 'btn btn-default']' in '5' second(s)

2021-11-23 09:57:34 - [MESSAGE][PASSED] - Object 'Object Repository/Sayfalar/Giris_Sayfasi/RetveTamam_Butonu' is present

2021-11-23 09:57:34 - [TEST_STEP][PASSED] - click(findTestObject("Object Repository/Sayfalar/Giris_Sayfasi/RetveTamam_Butonu")): Object: 'Object Repository/Sayfalar/Giris_Sayfasi/RetveTamam_Butonu' is clicked on

2021-11-23 09:57:34 - [MESSAGE][INFO] - Finding Test Object 'Object Repository/Sayfalar/Giris_Sayfasi/RetveTamam_Butonu'

2021-11-23 09:57:34 - [MESSAGE][INFO] - Checking object

2021-11-23 09:57:34 - [MESSAGE][INFO] - Finding web element from Test Object's properties

2021-11-23 09:57:34 - [MESSAGE][INFO] - Checking timeout

2021-11-23 09:57:34 - [MESSAGE][INFO] - Finding web element with id: 'Object Repository/Sayfalar/Giris_Sayfasi/RetveTamam_Butonu' located by 'By.xpath: //*[@class = 'btn btn-default']' in '30' second(s)

2021-11-23 09:57:34 - [MESSAGE][INFO] - Smart Wait Function is triggered

2021-11-23 09:57:35 - [MESSAGE][INFO] - Found 1 web elements with id: 'Object Repository/Sayfalar/Giris_Sayfasi/RetveTamam_Butonu' located by 'By.xpath: //*[@class = 'btn btn-default']' in '30' second(s)

2021-11-23 09:57:35 - [MESSAGE][INFO] - Clicking on object: 'Object Repository/Sayfalar/Giris_Sayfasi/RetveTamam_Butonu'

2021-11-23 09:57:35 - [MESSAGE][PASSED] - Object: 'Object Repository/Sayfalar/Giris_Sayfasi/RetveTamam_Butonu' is clicked on

2021-11-23 09:57:35 - [TEST_STEP][PASSED] - click(findTestObject("Object Repository/Sayfalar/Giris_Sayfasi/RetveTamam_Butonu")): Object: 'Object Repository/Sayfalar/Giris_Sayfasi/RetveTamam_Butonu' is clicked on

2021-11-23 09:57:35 - [MESSAGE][INFO] - Finding Test Object 'Object Repository/Sayfalar/Giris_Sayfasi/RetveTamam_Butonu'

2021-11-23 09:57:35 - [MESSAGE][INFO] - Checking object

2021-11-23 09:57:35 - [MESSAGE][INFO] - Finding web element from Test Object's properties

2021-11-23 09:57:35 - [MESSAGE][INFO] - Checking timeout

2021-11-23 09:57:35 - [MESSAGE][INFO] - Finding web element with id: 'Object Repository/Sayfalar/Giris_Sayfasi/RetveTamam_Butonu' located by 'By.xpath: //*[@class = 'btn btn-default']' in '30' second(s)

2021-11-23 09:57:35 - [MESSAGE][INFO] - Smart Wait Function is triggered

2021-11-23 09:57:40 - [MESSAGE][INFO] - Found 1 web elements with id: 'Object Repository/Sayfalar/Giris_Sayfasi/RetveTamam_Butonu' located by 'By.xpath: //*[@class = 'btn btn-default']' in '30' second(s)

2021-11-23 09:57:40 - [MESSAGE][INFO] - Clicking on object: 'Object Repository/Sayfalar/Giris_Sayfasi/RetveTamam_Butonu'

2021-11-23 09:57:40 - [MESSAGE][PASSED] - Object: 'Object Repository/Sayfalar/Giris_Sayfasi/RetveTamam_Butonu' is clicked on

2021-11-23 09:57:40 - [TEST_STEP][PASSED] - if (verifyElementPresent(findTestObject("Sayfalar/Giris_Sayfasi/PopupOK"), 5, OPTIONAL)): null

2021-11-23 09:57:40 - [MESSAGE][INFO] - Finding Test Object 'Object Repository/Sayfalar/Giris_Sayfasi/PopupOK'

2021-11-23 09:57:41 - [MESSAGE][INFO] - Checking object

2021-11-23 09:57:41 - [MESSAGE][INFO] - Finding web element from Test Object's properties

2021-11-23 09:57:41 - [MESSAGE][INFO] - Checking timeout

2021-11-23 09:57:41 - [MESSAGE][INFO] - Finding web element with id: 'Object Repository/Sayfalar/Giris_Sayfasi/PopupOK' located by 'By.cssSelector: .btn.btn-success' in '5' second(s)

2021-11-23 09:57:41 - [MESSAGE][INFO] - Smart Wait Function is triggered

2021-11-23 09:57:41 - [MESSAGE][INFO] - Found 1 web elements with id: 'Object Repository/Sayfalar/Giris_Sayfasi/PopupOK' located by 'By.cssSelector: .btn.btn-success' in '5' second(s)

2021-11-23 09:57:41 - [MESSAGE][PASSED] - Object 'Object Repository/Sayfalar/Giris_Sayfasi/PopupOK' is present

2021-11-23 09:57:41 - [TEST_STEP][PASSED] - click(findTestObject("Object Repository/Sayfalar/Giris_Sayfasi/PopupCarpiGiris")): Object: 'Object Repository/Sayfalar/Giris_Sayfasi/PopupCarpiGiris' is clicked on

2021-11-23 09:57:41 - [MESSAGE][INFO] - Finding Test Object 'Object Repository/Sayfalar/Giris_Sayfasi/PopupCarpiGiris'

2021-11-23 09:57:41 - [MESSAGE][INFO] - Checking object

2021-11-23 09:57:41 - [MESSAGE][INFO] - Finding web element from Test Object's properties

2021-11-23 09:57:41 - [MESSAGE][INFO] - Checking timeout

2021-11-23 09:57:41 - [MESSAGE][INFO] - Finding web element with id: 'Object Repository/Sayfalar/Giris_Sayfasi/PopupCarpiGiris' located by 'By.cssSelector: .bootbox-close-button.close' in '30' second(s)

2021-11-23 09:57:41 - [MESSAGE][INFO] - Smart Wait Function is triggered

2021-11-23 09:57:42 - [MESSAGE][INFO] - Found 1 web elements with id: 'Object Repository/Sayfalar/Giris_Sayfasi/PopupCarpiGiris' located by 'By.cssSelector: .bootbox-close-button.close' in '30' second(s)

2021-11-23 09:57:42 - [MESSAGE][INFO] - Clicking on object: 'Object Repository/Sayfalar/Giris_Sayfasi/PopupCarpiGiris'

2021-11-23 09:57:42 - [MESSAGE][PASSED] - Object: 'Object Repository/Sayfalar/Giris_Sayfasi/PopupCarpiGiris' is clicked on

2021-11-23 09:57:42 - [TEST_STEP][PASSED] - verifyElementVisible(findTestObject("Object Repository/Kullanici_Islemleri/KullaniciIslemleri")): Object 'Object Repository/Kullanici_Islemleri/KullaniciIslemleri' is visible

2021-11-23 09:57:42 - [MESSAGE][INFO] - Finding Test Object 'Object Repository/Kullanici_Islemleri/KullaniciIslemleri'

2021-11-23 09:57:42 - [MESSAGE][INFO] - Checking object

2021-11-23 09:57:42 - [MESSAGE][INFO] - Finding web element from Test Object's properties

2021-11-23 09:57:42 - [MESSAGE][INFO] - Checking timeout

2021-11-23 09:57:42 - [MESSAGE][INFO] - Finding web element with id: 'Object Repository/Kullanici_Islemleri/KullaniciIslemleri' located by 'By.cssSelector: .dropdown>a>img' in '30' second(s)

2021-11-23 09:57:42 - [MESSAGE][INFO] - Smart Wait Function is triggered

2021-11-23 09:57:42 - [MESSAGE][INFO] - Found 1 web elements with id: 'Object Repository/Kullanici_Islemleri/KullaniciIslemleri' located by 'By.cssSelector: .dropdown>a>img' in '30' second(s)

2021-11-23 09:57:42 - [MESSAGE][PASSED] - Object 'Object Repository/Kullanici_Islemleri/KullaniciIslemleri' is visible

2021-11-23 09:57:42 - [MESSAGE][PASSED] - Call Test Case 'Test Cases/Sayfalar/Giris_Sayfasi/Login' successfully

2021-11-23 09:57:42 - [MESSAGE][INFO] - Checking called Test Case

2021-11-23 09:57:42 - [MESSAGE][INFO] - Starting to call Test Case 'Test Cases/Menu/AnaMenuSecimi'

2021-11-23 09:57:43 - [TEST_CASE][PASSED] - Test Cases/Menu/AnaMenuSecimi: Test Cases/Menu/AnaMenuSecimi

2021-11-23 09:57:43 - [TEST_STEP][PASSED] - Method.TextDegerineEsitElementeTikla(findTestObject("Menu/Ana_Menu"), Ana_Menu): Method.TextDegerineEsitElementeTikla is PASSED

2021-11-23 09:57:43 - [MESSAGE][INFO] - Finding Test Object 'Object Repository/Menu/Ana_Menu'

2021-11-23 09:57:43 - [MESSAGE][INFO] - Checking timeout

2021-11-23 09:57:43 - [MESSAGE][INFO] - Finding web element with id: 'Object Repository/Menu/Ana_Menu' located by 'By.xpath: //*[@class = 'dropdown-toggle']' in '10' second(s)

2021-11-23 09:57:43 - [MESSAGE][INFO] - Smart Wait Function is triggered

2021-11-23 09:57:43 - [MESSAGE][INFO] - Found 14 web elements with id: 'Object Repository/Menu/Ana_Menu' located by 'By.xpath: //*[@class = 'dropdown-toggle']' in '10' second(s)

2021-11-23 09:57:43 - [MESSAGE][PASSED] - Method.TextDegerineEsitElementeTikla is PASSED

2021-11-23 09:57:43 - [MESSAGE][PASSED] - Call Test Case 'Test Cases/Menu/AnaMenuSecimi' successfully

2021-11-23 09:57:43 - [MESSAGE][INFO] - Checking called Test Case

2021-11-23 09:57:43 - [MESSAGE][INFO] - Starting to call Test Case 'Test Cases/Menu/AltMenuSecimi'

2021-11-23 09:57:43 - [TEST_CASE][PASSED] - Test Cases/Menu/AltMenuSecimi: Test Cases/Menu/AltMenuSecimi

2021-11-23 09:57:43 - [TEST_STEP][PASSED] - Method.TextDegerineEsitElementeTikla(findTestObject("Menu/Alt_Menu"), Alt_Menu): Method.TextDegerineEsitElementeTikla is PASSED

2021-11-23 09:57:43 - [MESSAGE][INFO] - Finding Test Object 'Object Repository/Menu/Alt_Menu'

2021-11-23 09:57:43 - [MESSAGE][INFO] - Checking timeout

2021-11-23 09:57:43 - [MESSAGE][INFO] - Finding web element with id: 'Object Repository/Menu/Alt_Menu' located by 'By.xpath: //li[@class='dropdown dropdown-large open']//li[@class='dropdown-element']' in '10' second(s)

2021-11-23 09:57:43 - [MESSAGE][INFO] - Smart Wait Function is triggered

2021-11-23 09:57:44 - [MESSAGE][INFO] - Found 9 web elements with id: 'Object Repository/Menu/Alt_Menu' located by 'By.xpath: //li[@class='dropdown dropdown-large open']//li[@class='dropdown-element']' in '10' second(s)

2021-11-23 09:57:44 - [MESSAGE][PASSED] - Method.TextDegerineEsitElementeTikla is PASSED

2021-11-23 09:57:44 - [MESSAGE][PASSED] - Call Test Case 'Test Cases/Menu/AltMenuSecimi' successfully

2021-11-23 09:57:44 - [MESSAGE][INFO] - Checking called Test Case

2021-11-23 09:57:44 - [MESSAGE][INFO] - Starting to call Test Case 'Test Cases/Filtreler/TexboxaYaz'

2021-11-23 09:57:45 - [TEST_CASE][PASSED] - Test Cases/Filtreler/TexboxaYaz: Test Cases/Filtreler/TexboxaYaz

2021-11-23 09:57:45 - [TEST_STEP][PASSED] - Method.TextDegerineEsitElementinAltindakiTextboxtaYaz(findTestObject("Filtreler/Basliklar"), findTestObject("Filtreler/Basliga_Gore_Textbox"), Filtre_Adi, Filtre_Degeri): Method.TextDegerineEsitElementinAltindakiTextboxtaYaz is PASSED

2021-11-23 09:57:45 - [MESSAGE][INFO] - Finding Test Object 'Object Repository/Filtreler/Basliklar'

2021-11-23 09:57:45 - [MESSAGE][INFO] - Finding Test Object 'Object Repository/Filtreler/Basliga_Gore_Textbox'

2021-11-23 09:57:45 - [MESSAGE][INFO] - Checking timeout

2021-11-23 09:57:45 - [MESSAGE][INFO] - Finding web element with id: 'Object Repository/Filtreler/Basliklar' located by 'By.cssSelector: .control-label.col-sm-4.paddingMarginRLC' in '10' second(s)

2021-11-23 09:57:45 - [MESSAGE][INFO] - Smart Wait Function is triggered

2021-11-23 09:57:46 - [MESSAGE][INFO] - Found 6 web elements with id: 'Object Repository/Filtreler/Basliklar' located by 'By.cssSelector: .control-label.col-sm-4.paddingMarginRLC' in '10' second(s)

2021-11-23 09:57:46 - [MESSAGE][INFO] - Smart Wait Function is triggered

2021-11-23 09:57:46 - [MESSAGE][PASSED] - Method.TextDegerineEsitElementinAltindakiTextboxtaYaz is PASSED

2021-11-23 09:57:46 - [MESSAGE][PASSED] - Call Test Case 'Test Cases/Filtreler/TexboxaYaz' successfully

2021-11-23 09:57:46 - [MESSAGE][INFO] - Checking called Test Case

2021-11-23 09:57:46 - [MESSAGE][INFO] - Starting to call Test Case 'Test Cases/Filtreler/BaslangicYaz'

2021-11-23 09:57:46 - [TEST_CASE][PASSED] - Test Cases/Filtreler/BaslangicYaz: Test Cases/Filtreler/BaslangicYaz

2021-11-23 09:57:47 - [TEST_STEP][PASSED] - delay(3): Delayed 3 second(s)

2021-11-23 09:57:47 - [MESSAGE][INFO] - Delaying browser in 3 second(s)

2021-11-23 09:57:50 - [MESSAGE][PASSED] - Delayed 3 second(s)

2021-11-23 09:57:50 - [TEST_STEP][PASSED] - Method.TextDegerineEsitElementinAltindakineTikla(findTestObject("Filtreler/Basliklar"), findTestObject("Filtreler/Basliga_Gore_Baslangic_Image"), Filtre_Adi): Method.TextDegerineEsitElementinAltindakineTikla is PASSED

2021-11-23 09:57:50 - [MESSAGE][INFO] - Finding Test Object 'Object Repository/Filtreler/Basliklar'

2021-11-23 09:57:50 - [MESSAGE][INFO] - Finding Test Object 'Object Repository/Filtreler/Basliga_Gore_Baslangic_Image'

2021-11-23 09:57:50 - [MESSAGE][INFO] - Checking timeout

2021-11-23 09:57:50 - [MESSAGE][INFO] - Finding web element with id: 'Object Repository/Filtreler/Basliklar' located by 'By.cssSelector: .control-label.col-sm-4.paddingMarginRLC' in '10' second(s)

2021-11-23 09:57:50 - [MESSAGE][INFO] - Smart Wait Function is triggered

2021-11-23 09:57:50 - [MESSAGE][INFO] - Found 6 web elements with id: 'Object Repository/Filtreler/Basliklar' located by 'By.cssSelector: .control-label.col-sm-4.paddingMarginRLC' in '10' second(s)

2021-11-23 09:57:50 - [MESSAGE][INFO] - Smart Wait Function is triggered

2021-11-23 09:57:51 - [MESSAGE][PASSED] - Method.TextDegerineEsitElementinAltindakineTikla is PASSED

2021-11-23 09:57:51 - [TEST_STEP][PASSED] - Method.TextDegerineEsitElementinAltindakiTextboxtaYaz(findTestObject("Filtreler/Basliklar"), findTestObject("Filtreler/Basliga_Gore_Baslangic"), Filtre_Adi, Filtre_Degeri): Method.TextDegerineEsitElementinAltindakiTextboxtaYaz is PASSED

2021-11-23 09:57:51 - [MESSAGE][INFO] - Finding Test Object 'Object Repository/Filtreler/Basliklar'

2021-11-23 09:57:51 - [MESSAGE][INFO] - Finding Test Object 'Object Repository/Filtreler/Basliga_Gore_Baslangic'

2021-11-23 09:57:51 - [MESSAGE][INFO] - Checking timeout

2021-11-23 09:57:51 - [MESSAGE][INFO] - Finding web element with id: 'Object Repository/Filtreler/Basliklar' located by 'By.cssSelector: .control-label.col-sm-4.paddingMarginRLC' in '10' second(s)

2021-11-23 09:57:51 - [MESSAGE][INFO] - Smart Wait Function is triggered

2021-11-23 09:57:51 - [MESSAGE][INFO] - Found 6 web elements with id: 'Object Repository/Filtreler/Basliklar' located by 'By.cssSelector: .control-label.col-sm-4.paddingMarginRLC' in '10' second(s)

2021-11-23 09:57:51 - [MESSAGE][INFO] - Smart Wait Function is triggered

2021-11-23 09:57:52 - [MESSAGE][PASSED] - Method.TextDegerineEsitElementinAltindakiTextboxtaYaz is PASSED

2021-11-23 09:57:52 - [MESSAGE][PASSED] - Call Test Case 'Test Cases/Filtreler/BaslangicYaz' successfully

2021-11-23 09:57:52 - [MESSAGE][INFO] - Checking called Test Case

2021-11-23 09:57:52 - [MESSAGE][INFO] - Starting to call Test Case 'Test Cases/Filtreler/BitisYaz'

2021-11-23 09:57:52 - [TEST_CASE][PASSED] - Test Cases/Filtreler/BitisYaz: Test Cases/Filtreler/BitisYaz

2021-11-23 09:57:52 - [TEST_STEP][PASSED] - Method.TextDegerineEsitElementinAltindakineTikla(findTestObject("Filtreler/Basliklar"), findTestObject("Filtreler/Basliga_Gore_Bitis_Image"), Filtre_Adi): Method.TextDegerineEsitElementinAltindakineTikla is PASSED

2021-11-23 09:57:52 - [MESSAGE][INFO] - Finding Test Object 'Object Repository/Filtreler/Basliklar'

2021-11-23 09:57:52 - [MESSAGE][INFO] - Finding Test Object 'Object Repository/Filtreler/Basliga_Gore_Bitis_Image'

2021-11-23 09:57:52 - [MESSAGE][INFO] - Checking timeout

2021-11-23 09:57:52 - [MESSAGE][INFO] - Finding web element with id: 'Object Repository/Filtreler/Basliklar' located by 'By.cssSelector: .control-label.col-sm-4.paddingMarginRLC' in '10' second(s)

2021-11-23 09:57:52 - [MESSAGE][INFO] - Smart Wait Function is triggered

2021-11-23 09:57:53 - [MESSAGE][INFO] - Found 6 web elements with id: 'Object Repository/Filtreler/Basliklar' located by 'By.cssSelector: .control-label.col-sm-4.paddingMarginRLC' in '10' second(s)

2021-11-23 09:57:53 - [MESSAGE][INFO] - Smart Wait Function is triggered

2021-11-23 09:57:53 - [MESSAGE][PASSED] - Method.TextDegerineEsitElementinAltindakineTikla is PASSED

2021-11-23 09:57:53 - [TEST_STEP][PASSED] - Method.TextDegerineEsitElementinAltindakiTextboxtaYaz(findTestObject("Filtreler/Basliklar"), findTestObject("Object Repository/Filtreler/Basliga_Gore_Bitis"), Filtre_Adi, Filtre_Degeri): Method.TextDegerineEsitElementinAltindakiTextboxtaYaz is PASSED

2021-11-23 09:57:53 - [MESSAGE][INFO] - Finding Test Object 'Object Repository/Filtreler/Basliklar'

2021-11-23 09:57:53 - [MESSAGE][INFO] - Finding Test Object 'Object Repository/Filtreler/Basliga_Gore_Bitis'

2021-11-23 09:57:53 - [MESSAGE][INFO] - Checking timeout

2021-11-23 09:57:53 - [MESSAGE][INFO] - Finding web element with id: 'Object Repository/Filtreler/Basliklar' located by 'By.cssSelector: .control-label.col-sm-4.paddingMarginRLC' in '10' second(s)

2021-11-23 09:57:53 - [MESSAGE][INFO] - Smart Wait Function is triggered

2021-11-23 09:57:53 - [MESSAGE][INFO] - Found 6 web elements with id: 'Object Repository/Filtreler/Basliklar' located by 'By.cssSelector: .control-label.col-sm-4.paddingMarginRLC' in '10' second(s)

2021-11-23 09:57:53 - [MESSAGE][INFO] - Smart Wait Function is triggered

2021-11-23 09:57:54 - [MESSAGE][PASSED] - Method.TextDegerineEsitElementinAltindakiTextboxtaYaz is PASSED

2021-11-23 09:57:54 - [MESSAGE][PASSED] - Call Test Case 'Test Cases/Filtreler/BitisYaz' successfully

2021-11-23 09:57:54 - [MESSAGE][INFO] - Checking called Test Case

2021-11-23 09:57:54 - [MESSAGE][INFO] - Starting to call Test Case 'Test Cases/Filtreler/EnterBas'

2021-11-23 09:57:54 - [TEST_CASE][PASSED] - Test Cases/Filtreler/EnterBas: Test Cases/Filtreler/EnterBas

2021-11-23 09:57:55 - [TEST_STEP][PASSED] - robot = new java.awt.Robot(): null

2021-11-23 09:57:55 - [TEST_STEP][PASSED] - robot.keyPress(VK_ENTER): null

2021-11-23 09:57:55 - [MESSAGE][PASSED] - Call Test Case 'Test Cases/Filtreler/EnterBas' successfully

2021-11-23 09:57:55 - [MESSAGE][INFO] - Checking called Test Case

2021-11-23 09:57:55 - [MESSAGE][INFO] - Starting to call Test Case 'Test Cases/Filtreler/TexboxaYaz'

2021-11-23 09:57:55 - [TEST_CASE][PASSED] - Test Cases/Filtreler/TexboxaYaz: Test Cases/Filtreler/TexboxaYaz

2021-11-23 09:57:55 - [TEST_STEP][PASSED] - Method.TextDegerineEsitElementinAltindakiTextboxtaYaz(findTestObject("Filtreler/Basliklar"), findTestObject("Filtreler/Basliga_Gore_Textbox"), Filtre_Adi, Filtre_Degeri): Method.TextDegerineEsitElementinAltindakiTextboxtaYaz is PASSED

2021-11-23 09:57:55 - [MESSAGE][INFO] - Finding Test Object 'Object Repository/Filtreler/Basliklar'

2021-11-23 09:57:55 - [MESSAGE][INFO] - Finding Test Object 'Object Repository/Filtreler/Basliga_Gore_Textbox'

2021-11-23 09:57:55 - [MESSAGE][INFO] - Checking timeout

2021-11-23 09:57:55 - [MESSAGE][INFO] - Finding web element with id: 'Object Repository/Filtreler/Basliklar' located by 'By.cssSelector: .control-label.col-sm-4.paddingMarginRLC' in '10' second(s)

2021-11-23 09:57:55 - [MESSAGE][INFO] - Smart Wait Function is triggered

2021-11-23 09:57:55 - [MESSAGE][INFO] - Found 6 web elements with id: 'Object Repository/Filtreler/Basliklar' located by 'By.cssSelector: .control-label.col-sm-4.paddingMarginRLC' in '10' second(s)

2021-11-23 09:57:55 - [MESSAGE][INFO] - Smart Wait Function is triggered

2021-11-23 09:57:56 - [MESSAGE][PASSED] - Method.TextDegerineEsitElementinAltindakiTextboxtaYaz is PASSED

2021-11-23 09:57:56 - [MESSAGE][PASSED] - Call Test Case 'Test Cases/Filtreler/TexboxaYaz' successfully

2021-11-23 09:57:56 - [MESSAGE][INFO] - Checking called Test Case

2021-11-23 09:57:56 - [MESSAGE][INFO] - Starting to call Test Case 'Test Cases/Filtreler/TexboxaYaz'

2021-11-23 09:57:56 - [TEST_CASE][PASSED] - Test Cases/Filtreler/TexboxaYaz: Test Cases/Filtreler/TexboxaYaz

2021-11-23 09:57:56 - [TEST_STEP][PASSED] - Method.TextDegerineEsitElementinAltindakiTextboxtaYaz(findTestObject("Filtreler/Basliklar"), findTestObject("Filtreler/Basliga_Gore_Textbox"), Filtre_Adi, Filtre_Degeri): Method.TextDegerineEsitElementinAltindakiTextboxtaYaz is PASSED

2021-11-23 09:57:56 - [MESSAGE][INFO] - Finding Test Object 'Object Repository/Filtreler/Basliklar'

2021-11-23 09:57:56 - [MESSAGE][INFO] - Finding Test Object 'Object Repository/Filtreler/Basliga_Gore_Textbox'

2021-11-23 09:57:56 - [MESSAGE][INFO] - Checking timeout

2021-11-23 09:57:56 - [MESSAGE][INFO] - Finding web element with id: 'Object Repository/Filtreler/Basliklar' located by 'By.cssSelector: .control-label.col-sm-4.paddingMarginRLC' in '10' second(s)

2021-11-23 09:57:56 - [MESSAGE][INFO] - Smart Wait Function is triggered

2021-11-23 09:57:56 - [MESSAGE][INFO] - Found 6 web elements with id: 'Object Repository/Filtreler/Basliklar' located by 'By.cssSelector: .control-label.col-sm-4.paddingMarginRLC' in '10' second(s)

2021-11-23 09:57:56 - [MESSAGE][INFO] - Smart Wait Function is triggered

2021-11-23 09:57:57 - [MESSAGE][PASSED] - Method.TextDegerineEsitElementinAltindakiTextboxtaYaz is PASSED

2021-11-23 09:57:57 - [MESSAGE][PASSED] - Call Test Case 'Test Cases/Filtreler/TexboxaYaz' successfully

2021-11-23 09:57:57 - [MESSAGE][INFO] - Checking called Test Case

2021-11-23 09:57:57 - [MESSAGE][INFO] - Starting to call Test Case 'Test Cases/Filtreler/DropdownSec'

2021-11-23 09:57:57 - [TEST_CASE][PASSED] - Test Cases/Filtreler/DropdownSec: Test Cases/Filtreler/DropdownSec

2021-11-23 09:57:57 - [TEST_STEP][PASSED] - Method.TextDegerineEsitElementinAltindakineTikla(findTestObject("Filtreler/Basliklar"), findTestObject("Filtreler/Basliga_Gore_Baslangic_Image"), Filtre_Adi): Method.TextDegerineEsitElementinAltindakineTikla is PASSED

2021-11-23 09:57:57 - [MESSAGE][INFO] - Finding Test Object 'Object Repository/Filtreler/Basliklar'

2021-11-23 09:57:58 - [MESSAGE][INFO] - Finding Test Object 'Object Repository/Filtreler/Basliga_Gore_Baslangic_Image'

2021-11-23 09:57:58 - [MESSAGE][INFO] - Checking timeout

2021-11-23 09:57:58 - [MESSAGE][INFO] - Finding web element with id: 'Object Repository/Filtreler/Basliklar' located by 'By.cssSelector: .control-label.col-sm-4.paddingMarginRLC' in '10' second(s)

2021-11-23 09:57:58 - [MESSAGE][INFO] - Smart Wait Function is triggered

2021-11-23 09:57:58 - [MESSAGE][INFO] - Found 6 web elements with id: 'Object Repository/Filtreler/Basliklar' located by 'By.cssSelector: .control-label.col-sm-4.paddingMarginRLC' in '10' second(s)

2021-11-23 09:57:58 - [MESSAGE][INFO] - Smart Wait Function is triggered

2021-11-23 09:57:58 - [MESSAGE][PASSED] - Method.TextDegerineEsitElementinAltindakineTikla is PASSED

2021-11-23 09:57:58 - [TEST_STEP][PASSED] - Method.TextDegerineEsitElementeTikla(findTestObject("Object Repository/Filtreler/Basliga_Gore_Dropdown"), Filtre_Degeri): Method.TextDegerineEsitElementeTikla is PASSED

2021-11-23 09:57:58 - [MESSAGE][INFO] - Finding Test Object 'Object Repository/Filtreler/Basliga_Gore_Dropdown'

2021-11-23 09:57:59 - [MESSAGE][INFO] - Checking timeout

2021-11-23 09:57:59 - [MESSAGE][INFO] - Finding web element with id: 'Object Repository/Filtreler/Basliga_Gore_Dropdown' located by 'By.xpath: //*[@class = 'dxeListBoxItemRow_LECustomTheme']' in '10' second(s)

2021-11-23 09:57:59 - [MESSAGE][INFO] - Smart Wait Function is triggered

2021-11-23 09:57:59 - [MESSAGE][INFO] - Found 58 web elements with id: 'Object Repository/Filtreler/Basliga_Gore_Dropdown' located by 'By.xpath: //*[@class = 'dxeListBoxItemRow_LECustomTheme']' in '10' second(s)

2021-11-23 09:57:59 - [MESSAGE][PASSED] - Method.TextDegerineEsitElementeTikla is PASSED

2021-11-23 09:57:59 - [MESSAGE][PASSED] - Call Test Case 'Test Cases/Filtreler/DropdownSec' successfully

2021-11-23 09:57:59 - [MESSAGE][INFO] - Checking called Test Case

2021-11-23 09:57:59 - [MESSAGE][INFO] - Starting to call Test Case 'Test Cases/Filtreler/ButonaTikla'

2021-11-23 09:57:59 - [TEST_CASE][PASSED] - Test Cases/Filtreler/ButonaTikla: Test Cases/Filtreler/ButonaTikla

2021-11-23 09:57:59 - [TEST_STEP][PASSED] - Method.TextDegerineEsitElementeTikla(findTestObject("Filtreler/Butonlar"), Filtre_Buton): Method.TextDegerineEsitElementeTikla is PASSED

2021-11-23 09:57:59 - [MESSAGE][INFO] - Finding Test Object 'Object Repository/Filtreler/Butonlar'

2021-11-23 09:57:59 - [MESSAGE][INFO] - Checking timeout

2021-11-23 09:57:59 - [MESSAGE][INFO] - Finding web element with id: 'Object Repository/Filtreler/Butonlar' located by 'By.cssSelector: .dxb>span' in '10' second(s)

2021-11-23 09:57:59 - [MESSAGE][INFO] - Smart Wait Function is triggered

2021-11-23 09:57:59 - [MESSAGE][INFO] - Found 2 web elements with id: 'Object Repository/Filtreler/Butonlar' located by 'By.cssSelector: .dxb>span' in '10' second(s)

2021-11-23 09:57:59 - [MESSAGE][PASSED] - Method.TextDegerineEsitElementeTikla is PASSED

2021-11-23 09:57:59 - [MESSAGE][PASSED] - Call Test Case 'Test Cases/Filtreler/ButonaTikla' successfully

2021-11-23 09:57:59 - [MESSAGE][INFO] - Checking called Test Case

2021-11-23 09:57:59 - [MESSAGE][INFO] - Starting to call Test Case 'Test Cases/Tablo/TablodaVeriVarMi'

2021-11-23 09:58:00 - [TEST_CASE][PASSED] - Test Cases/Tablo/TablodaVeriVarMi: Test Cases/Tablo/TablodaVeriVarMi

2021-11-23 09:58:00 - [TEST_STEP][PASSED] - verifyTextNotPresent("Görüntülenecek veri yok", true): Text 'Görüntülenecek veri yok' is not present on page using regular expression

2021-11-23 09:58:00 - [MESSAGE][INFO] - Checking text present  using regular expression

2021-11-23 09:58:00 - [MESSAGE][INFO] - Smart Wait Function is triggered

2021-11-23 09:58:00 - [MESSAGE][INFO] - Finding text 'Görüntülenecek veri yok' on page  using regular expression

2021-11-23 09:58:00 - [MESSAGE][PASSED] - Text 'Görüntülenecek veri yok' is not present on page using regular expression

2021-11-23 09:58:00 - [MESSAGE][PASSED] - Call Test Case 'Test Cases/Tablo/TablodaVeriVarMi' successfully

2021-11-23 09:58:00 - [MESSAGE][INFO] - Checking called Test Case

2021-11-23 09:58:00 - [MESSAGE][INFO] - Starting to call Test Case 'Test Cases/Filtreler/DropdownSec'

2021-11-23 09:58:00 - [TEST_CASE][PASSED] - Test Cases/Filtreler/DropdownSec: Test Cases/Filtreler/DropdownSec

2021-11-23 09:58:00 - [TEST_STEP][PASSED] - Method.TextDegerineEsitElementinAltindakineTikla(findTestObject("Filtreler/Basliklar"), findTestObject("Filtreler/Basliga_Gore_Baslangic_Image"), Filtre_Adi): Method.TextDegerineEsitElementinAltindakineTikla is PASSED

2021-11-23 09:58:00 - [MESSAGE][INFO] - Finding Test Object 'Object Repository/Filtreler/Basliklar'

2021-11-23 09:58:00 - [MESSAGE][INFO] - Finding Test Object 'Object Repository/Filtreler/Basliga_Gore_Baslangic_Image'

2021-11-23 09:58:01 - [MESSAGE][INFO] - Checking timeout

2021-11-23 09:58:01 - [MESSAGE][INFO] - Finding web element with id: 'Object Repository/Filtreler/Basliklar' located by 'By.cssSelector: .control-label.col-sm-4.paddingMarginRLC' in '10' second(s)

2021-11-23 09:58:01 - [MESSAGE][INFO] - Smart Wait Function is triggered

2021-11-23 09:58:01 - [MESSAGE][INFO] - Found 6 web elements with id: 'Object Repository/Filtreler/Basliklar' located by 'By.cssSelector: .control-label.col-sm-4.paddingMarginRLC' in '10' second(s)

2021-11-23 09:58:01 - [MESSAGE][INFO] - Smart Wait Function is triggered

2021-11-23 09:58:01 - [MESSAGE][PASSED] - Method.TextDegerineEsitElementinAltindakineTikla is PASSED

2021-11-23 09:58:01 - [TEST_STEP][PASSED] - Method.TextDegerineEsitElementeTikla(findTestObject("Object Repository/Filtreler/Basliga_Gore_Dropdown"), Filtre_Degeri): Method.TextDegerineEsitElementeTikla is PASSED

2021-11-23 09:58:01 - [MESSAGE][INFO] - Finding Test Object 'Object Repository/Filtreler/Basliga_Gore_Dropdown'

2021-11-23 09:58:01 - [MESSAGE][INFO] - Checking timeout

2021-11-23 09:58:01 - [MESSAGE][INFO] - Finding web element with id: 'Object Repository/Filtreler/Basliga_Gore_Dropdown' located by 'By.xpath: //*[@class = 'dxeListBoxItemRow_LECustomTheme']' in '10' second(s)

2021-11-23 09:58:01 - [MESSAGE][INFO] - Smart Wait Function is triggered

2021-11-23 09:58:02 - [MESSAGE][INFO] - Found 58 web elements with id: 'Object Repository/Filtreler/Basliga_Gore_Dropdown' located by 'By.xpath: //*[@class = 'dxeListBoxItemRow_LECustomTheme']' in '10' second(s)

2021-11-23 09:58:02 - [MESSAGE][PASSED] - Method.TextDegerineEsitElementeTikla is PASSED

2021-11-23 09:58:02 - [MESSAGE][PASSED] - Call Test Case 'Test Cases/Filtreler/DropdownSec' successfully

2021-11-23 09:58:02 - [MESSAGE][INFO] - Checking called Test Case

2021-11-23 09:58:02 - [MESSAGE][INFO] - Starting to call Test Case 'Test Cases/Filtreler/ButonaTikla'

2021-11-23 09:58:02 - [TEST_CASE][PASSED] - Test Cases/Filtreler/ButonaTikla: Test Cases/Filtreler/ButonaTikla

2021-11-23 09:58:02 - [TEST_STEP][PASSED] - Method.TextDegerineEsitElementeTikla(findTestObject("Filtreler/Butonlar"), Filtre_Buton): Method.TextDegerineEsitElementeTikla is PASSED

2021-11-23 09:58:02 - [MESSAGE][INFO] - Finding Test Object 'Object Repository/Filtreler/Butonlar'

2021-11-23 09:58:02 - [MESSAGE][INFO] - Checking timeout

2021-11-23 09:58:02 - [MESSAGE][INFO] - Finding web element with id: 'Object Repository/Filtreler/Butonlar' located by 'By.cssSelector: .dxb>span' in '10' second(s)

2021-11-23 09:58:02 - [MESSAGE][INFO] - Smart Wait Function is triggered

2021-11-23 09:58:03 - [MESSAGE][INFO] - Found 2 web elements with id: 'Object Repository/Filtreler/Butonlar' located by 'By.cssSelector: .dxb>span' in '10' second(s)

2021-11-23 09:58:03 - [MESSAGE][PASSED] - Method.TextDegerineEsitElementeTikla is PASSED

2021-11-23 09:58:03 - [MESSAGE][PASSED] - Call Test Case 'Test Cases/Filtreler/ButonaTikla' successfully

2021-11-23 09:58:03 - [MESSAGE][INFO] - Checking called Test Case

2021-11-23 09:58:03 - [MESSAGE][INFO] - Starting to call Test Case 'Test Cases/Tablo/TablodaVeriVarMi'

2021-11-23 09:58:03 - [TEST_CASE][PASSED] - Test Cases/Tablo/TablodaVeriVarMi: Test Cases/Tablo/TablodaVeriVarMi

2021-11-23 09:58:03 - [TEST_STEP][PASSED] - verifyTextNotPresent("Görüntülenecek veri yok", true): Text 'Görüntülenecek veri yok' is not present on page using regular expression

2021-11-23 09:58:03 - [MESSAGE][INFO] - Checking text present  using regular expression

2021-11-23 09:58:03 - [MESSAGE][INFO] - Smart Wait Function is triggered

2021-11-23 09:58:04 - [MESSAGE][INFO] - Finding text 'Görüntülenecek veri yok' on page  using regular expression

2021-11-23 09:58:04 - [MESSAGE][PASSED] - Text 'Görüntülenecek veri yok' is not present on page using regular expression

2021-11-23 09:58:04 - [MESSAGE][PASSED] - Call Test Case 'Test Cases/Tablo/TablodaVeriVarMi' successfully

2021-11-23 09:58:04 - [MESSAGE][INFO] - Checking called Test Case

2021-11-23 09:58:04 - [MESSAGE][INFO] - Starting to call Test Case 'Test Cases/Filtreler/DropdownSec'

2021-11-23 09:58:04 - [TEST_CASE][PASSED] - Test Cases/Filtreler/DropdownSec: Test Cases/Filtreler/DropdownSec

2021-11-23 09:58:04 - [TEST_STEP][PASSED] - Method.TextDegerineEsitElementinAltindakineTikla(findTestObject("Filtreler/Basliklar"), findTestObject("Filtreler/Basliga_Gore_Baslangic_Image"), Filtre_Adi): Method.TextDegerineEsitElementinAltindakineTikla is PASSED

2021-11-23 09:58:04 - [MESSAGE][INFO] - Finding Test Object 'Object Repository/Filtreler/Basliklar'

2021-11-23 09:58:04 - [MESSAGE][INFO] - Finding Test Object 'Object Repository/Filtreler/Basliga_Gore_Baslangic_Image'

2021-11-23 09:58:04 - [MESSAGE][INFO] - Checking timeout

2021-11-23 09:58:04 - [MESSAGE][INFO] - Finding web element with id: 'Object Repository/Filtreler/Basliklar' located by 'By.cssSelector: .control-label.col-sm-4.paddingMarginRLC' in '10' second(s)

2021-11-23 09:58:04 - [MESSAGE][INFO] - Smart Wait Function is triggered

2021-11-23 09:58:05 - [MESSAGE][INFO] - Found 6 web elements with id: 'Object Repository/Filtreler/Basliklar' located by 'By.cssSelector: .control-label.col-sm-4.paddingMarginRLC' in '10' second(s)

2021-11-23 09:58:05 - [MESSAGE][INFO] - Smart Wait Function is triggered

2021-11-23 09:58:05 - [MESSAGE][PASSED] - Method.TextDegerineEsitElementinAltindakineTikla is PASSED

2021-11-23 09:58:05 - [TEST_STEP][PASSED] - Method.TextDegerineEsitElementeTikla(findTestObject("Object Repository/Filtreler/Basliga_Gore_Dropdown"), Filtre_Degeri): Method.TextDegerineEsitElementeTikla is PASSED

2021-11-23 09:58:05 - [MESSAGE][INFO] - Finding Test Object 'Object Repository/Filtreler/Basliga_Gore_Dropdown'

2021-11-23 09:58:05 - [MESSAGE][INFO] - Checking timeout

2021-11-23 09:58:05 - [MESSAGE][INFO] - Finding web element with id: 'Object Repository/Filtreler/Basliga_Gore_Dropdown' located by 'By.xpath: //*[@class = 'dxeListBoxItemRow_LECustomTheme']' in '10' second(s)

2021-11-23 09:58:05 - [MESSAGE][INFO] - Smart Wait Function is triggered

2021-11-23 09:58:05 - [MESSAGE][INFO] - Found 58 web elements with id: 'Object Repository/Filtreler/Basliga_Gore_Dropdown' located by 'By.xpath: //*[@class = 'dxeListBoxItemRow_LECustomTheme']' in '10' second(s)

2021-11-23 09:58:06 - [MESSAGE][PASSED] - Method.TextDegerineEsitElementeTikla is PASSED

2021-11-23 09:58:06 - [MESSAGE][PASSED] - Call Test Case 'Test Cases/Filtreler/DropdownSec' successfully

2021-11-23 09:58:06 - [MESSAGE][INFO] - Checking called Test Case

2021-11-23 09:58:06 - [MESSAGE][INFO] - Starting to call Test Case 'Test Cases/Filtreler/DropdownSec'

2021-11-23 09:58:06 - [TEST_CASE][PASSED] - Test Cases/Filtreler/DropdownSec: Test Cases/Filtreler/DropdownSec

2021-11-23 09:58:06 - [TEST_STEP][PASSED] - Method.TextDegerineEsitElementinAltindakineTikla(findTestObject("Filtreler/Basliklar"), findTestObject("Filtreler/Basliga_Gore_Baslangic_Image"), Filtre_Adi): Method.TextDegerineEsitElementinAltindakineTikla is PASSED

2021-11-23 09:58:06 - [MESSAGE][INFO] - Finding Test Object 'Object Repository/Filtreler/Basliklar'

2021-11-23 09:58:06 - [MESSAGE][INFO] - Finding Test Object 'Object Repository/Filtreler/Basliga_Gore_Baslangic_Image'

2021-11-23 09:58:06 - [MESSAGE][INFO] - Checking timeout

2021-11-23 09:58:06 - [MESSAGE][INFO] - Finding web element with id: 'Object Repository/Filtreler/Basliklar' located by 'By.cssSelector: .control-label.col-sm-4.paddingMarginRLC' in '10' second(s)

2021-11-23 09:58:06 - [MESSAGE][INFO] - Smart Wait Function is triggered

2021-11-23 09:58:06 - [MESSAGE][INFO] - Found 6 web elements with id: 'Object Repository/Filtreler/Basliklar' located by 'By.cssSelector: .control-label.col-sm-4.paddingMarginRLC' in '10' second(s)

2021-11-23 09:58:06 - [MESSAGE][INFO] - Smart Wait Function is triggered

2021-11-23 09:58:07 - [MESSAGE][PASSED] - Method.TextDegerineEsitElementinAltindakineTikla is PASSED

2021-11-23 09:58:07 - [TEST_STEP][PASSED] - Method.TextDegerineEsitElementeTikla(findTestObject("Object Repository/Filtreler/Basliga_Gore_Dropdown"), Filtre_Degeri): Method.TextDegerineEsitElementeTikla is PASSED

2021-11-23 09:58:07 - [MESSAGE][INFO] - Finding Test Object 'Object Repository/Filtreler/Basliga_Gore_Dropdown'

2021-11-23 09:58:07 - [MESSAGE][INFO] - Checking timeout

2021-11-23 09:58:07 - [MESSAGE][INFO] - Finding web element with id: 'Object Repository/Filtreler/Basliga_Gore_Dropdown' located by 'By.xpath: //*[@class = 'dxeListBoxItemRow_LECustomTheme']' in '10' second(s)

2021-11-23 09:58:07 - [MESSAGE][INFO] - Smart Wait Function is triggered

2021-11-23 09:58:08 - [MESSAGE][INFO] - Found 58 web elements with id: 'Object Repository/Filtreler/Basliga_Gore_Dropdown' located by 'By.xpath: //*[@class = 'dxeListBoxItemRow_LECustomTheme']' in '10' second(s)

2021-11-23 09:58:08 - [MESSAGE][PASSED] - Method.TextDegerineEsitElementeTikla is PASSED

2021-11-23 09:58:08 - [MESSAGE][PASSED] - Call Test Case 'Test Cases/Filtreler/DropdownSec' successfully

2021-11-23 09:58:08 - [MESSAGE][INFO] - Checking called Test Case

2021-11-23 09:58:08 - [MESSAGE][INFO] - Starting to call Test Case 'Test Cases/Filtreler/ButonaTikla'

2021-11-23 09:58:09 - [TEST_CASE][PASSED] - Test Cases/Filtreler/ButonaTikla: Test Cases/Filtreler/ButonaTikla

2021-11-23 09:58:09 - [TEST_STEP][PASSED] - Method.TextDegerineEsitElementeTikla(findTestObject("Filtreler/Butonlar"), Filtre_Buton): Method.TextDegerineEsitElementeTikla is PASSED

2021-11-23 09:58:09 - [MESSAGE][INFO] - Finding Test Object 'Object Repository/Filtreler/Butonlar'

2021-11-23 09:58:09 - [MESSAGE][INFO] - Checking timeout

2021-11-23 09:58:09 - [MESSAGE][INFO] - Finding web element with id: 'Object Repository/Filtreler/Butonlar' located by 'By.cssSelector: .dxb>span' in '10' second(s)

2021-11-23 09:58:09 - [MESSAGE][INFO] - Smart Wait Function is triggered

2021-11-23 09:58:09 - [MESSAGE][INFO] - Found 2 web elements with id: 'Object Repository/Filtreler/Butonlar' located by 'By.cssSelector: .dxb>span' in '10' second(s)

2021-11-23 09:58:09 - [MESSAGE][PASSED] - Method.TextDegerineEsitElementeTikla is PASSED

2021-11-23 09:58:09 - [MESSAGE][PASSED] - Call Test Case 'Test Cases/Filtreler/ButonaTikla' successfully

2021-11-23 09:58:09 - [MESSAGE][INFO] - Checking called Test Case

2021-11-23 09:58:09 - [MESSAGE][INFO] - Starting to call Test Case 'Test Cases/Tablo/TablodaVeriVarMi'

2021-11-23 09:58:09 - [TEST_CASE][PASSED] - Test Cases/Tablo/TablodaVeriVarMi: Test Cases/Tablo/TablodaVeriVarMi

2021-11-23 09:58:09 - [TEST_STEP][PASSED] - verifyTextNotPresent("Görüntülenecek veri yok", true): Text 'Görüntülenecek veri yok' is not present on page using regular expression

2021-11-23 09:58:09 - [MESSAGE][INFO] - Checking text present  using regular expression

2021-11-23 09:58:09 - [MESSAGE][INFO] - Smart Wait Function is triggered

2021-11-23 09:58:10 - [MESSAGE][INFO] - Finding text 'Görüntülenecek veri yok' on page  using regular expression

2021-11-23 09:58:10 - [MESSAGE][PASSED] - Text 'Görüntülenecek veri yok' is not present on page using regular expression

2021-11-23 09:58:10 - [MESSAGE][PASSED] - Call Test Case 'Test Cases/Tablo/TablodaVeriVarMi' successfully

2021-11-23 09:58:10 - [MESSAGE][INFO] - Checking called Test Case

2021-11-23 09:58:10 - [MESSAGE][INFO] - Starting to call Test Case 'Test Cases/Filtreler/TexboxaYaz'

2021-11-23 09:58:10 - [TEST_CASE][PASSED] - Test Cases/Filtreler/TexboxaYaz: Test Cases/Filtreler/TexboxaYaz

2021-11-23 09:58:10 - [TEST_STEP][PASSED] - Method.TextDegerineEsitElementinAltindakiTextboxtaYaz(findTestObject("Filtreler/Basliklar"), findTestObject("Filtreler/Basliga_Gore_Textbox"), Filtre_Adi, Filtre_Degeri): Method.TextDegerineEsitElementinAltindakiTextboxtaYaz is PASSED

2021-11-23 09:58:10 - [MESSAGE][INFO] - Finding Test Object 'Object Repository/Filtreler/Basliklar'

2021-11-23 09:58:10 - [MESSAGE][INFO] - Finding Test Object 'Object Repository/Filtreler/Basliga_Gore_Textbox'

2021-11-23 09:58:10 - [MESSAGE][INFO] - Checking timeout

2021-11-23 09:58:10 - [MESSAGE][INFO] - Finding web element with id: 'Object Repository/Filtreler/Basliklar' located by 'By.cssSelector: .control-label.col-sm-4.paddingMarginRLC' in '10' second(s)

2021-11-23 09:58:10 - [MESSAGE][INFO] - Smart Wait Function is triggered

2021-11-23 09:58:11 - [MESSAGE][INFO] - Found 6 web elements with id: 'Object Repository/Filtreler/Basliklar' located by 'By.cssSelector: .control-label.col-sm-4.paddingMarginRLC' in '10' second(s)

2021-11-23 09:58:11 - [MESSAGE][INFO] - Smart Wait Function is triggered

2021-11-23 09:58:11 - [MESSAGE][PASSED] - Method.TextDegerineEsitElementinAltindakiTextboxtaYaz is PASSED

2021-11-23 09:58:11 - [MESSAGE][PASSED] - Call Test Case 'Test Cases/Filtreler/TexboxaYaz' successfully

2021-11-23 09:58:11 - [MESSAGE][INFO] - Checking called Test Case

2021-11-23 09:58:11 - [MESSAGE][INFO] - Starting to call Test Case 'Test Cases/Filtreler/TexboxaYaz'

2021-11-23 09:58:11 - [TEST_CASE][PASSED] - Test Cases/Filtreler/TexboxaYaz: Test Cases/Filtreler/TexboxaYaz

2021-11-23 09:58:11 - [TEST_STEP][PASSED] - Method.TextDegerineEsitElementinAltindakiTextboxtaYaz(findTestObject("Filtreler/Basliklar"), findTestObject("Filtreler/Basliga_Gore_Textbox"), Filtre_Adi, Filtre_Degeri): Method.TextDegerineEsitElementinAltindakiTextboxtaYaz is PASSED

2021-11-23 09:58:11 - [MESSAGE][INFO] - Finding Test Object 'Object Repository/Filtreler/Basliklar'

2021-11-23 09:58:11 - [MESSAGE][INFO] - Finding Test Object 'Object Repository/Filtreler/Basliga_Gore_Textbox'

2021-11-23 09:58:11 - [MESSAGE][INFO] - Checking timeout

2021-11-23 09:58:11 - [MESSAGE][INFO] - Finding web element with id: 'Object Repository/Filtreler/Basliklar' located by 'By.cssSelector: .control-label.col-sm-4.paddingMarginRLC' in '10' second(s)

2021-11-23 09:58:11 - [MESSAGE][INFO] - Smart Wait Function is triggered

2021-11-23 09:58:12 - [MESSAGE][INFO] - Found 6 web elements with id: 'Object Repository/Filtreler/Basliklar' located by 'By.cssSelector: .control-label.col-sm-4.paddingMarginRLC' in '10' second(s)

2021-11-23 09:58:12 - [MESSAGE][INFO] - Smart Wait Function is triggered

2021-11-23 09:58:12 - [MESSAGE][PASSED] - Method.TextDegerineEsitElementinAltindakiTextboxtaYaz is PASSED

2021-11-23 09:58:12 - [MESSAGE][PASSED] - Call Test Case 'Test Cases/Filtreler/TexboxaYaz' successfully

2021-11-23 09:58:12 - [MESSAGE][INFO] - Checking called Test Case

2021-11-23 09:58:12 - [MESSAGE][INFO] - Starting to call Test Case 'Test Cases/Filtreler/DropdownSec'

2021-11-23 09:58:12 - [TEST_CASE][PASSED] - Test Cases/Filtreler/DropdownSec: Test Cases/Filtreler/DropdownSec

2021-11-23 09:58:12 - [TEST_STEP][PASSED] - Method.TextDegerineEsitElementinAltindakineTikla(findTestObject("Filtreler/Basliklar"), findTestObject("Filtreler/Basliga_Gore_Baslangic_Image"), Filtre_Adi): Method.TextDegerineEsitElementinAltindakineTikla is PASSED

2021-11-23 09:58:12 - [MESSAGE][INFO] - Finding Test Object 'Object Repository/Filtreler/Basliklar'

2021-11-23 09:58:12 - [MESSAGE][INFO] - Finding Test Object 'Object Repository/Filtreler/Basliga_Gore_Baslangic_Image'

2021-11-23 09:58:12 - [MESSAGE][INFO] - Checking timeout

2021-11-23 09:58:12 - [MESSAGE][INFO] - Finding web element with id: 'Object Repository/Filtreler/Basliklar' located by 'By.cssSelector: .control-label.col-sm-4.paddingMarginRLC' in '10' second(s)

2021-11-23 09:58:12 - [MESSAGE][INFO] - Smart Wait Function is triggered

2021-11-23 09:58:13 - [MESSAGE][INFO] - Found 6 web elements with id: 'Object Repository/Filtreler/Basliklar' located by 'By.cssSelector: .control-label.col-sm-4.paddingMarginRLC' in '10' second(s)

2021-11-23 09:58:13 - [MESSAGE][INFO] - Smart Wait Function is triggered

2021-11-23 09:58:13 - [MESSAGE][PASSED] - Method.TextDegerineEsitElementinAltindakineTikla is PASSED

2021-11-23 09:58:13 - [TEST_STEP][PASSED] - Method.TextDegerineEsitElementeTikla(findTestObject("Object Repository/Filtreler/Basliga_Gore_Dropdown"), Filtre_Degeri): Method.TextDegerineEsitElementeTikla is PASSED

2021-11-23 09:58:13 - [MESSAGE][INFO] - Finding Test Object 'Object Repository/Filtreler/Basliga_Gore_Dropdown'

2021-11-23 09:58:13 - [MESSAGE][INFO] - Checking timeout

2021-11-23 09:58:13 - [MESSAGE][INFO] - Finding web element with id: 'Object Repository/Filtreler/Basliga_Gore_Dropdown' located by 'By.xpath: //*[@class = 'dxeListBoxItemRow_LECustomTheme']' in '10' second(s)

2021-11-23 09:58:13 - [MESSAGE][INFO] - Smart Wait Function is triggered

2021-11-23 09:58:14 - [MESSAGE][INFO] - Found 58 web elements with id: 'Object Repository/Filtreler/Basliga_Gore_Dropdown' located by 'By.xpath: //*[@class = 'dxeListBoxItemRow_LECustomTheme']' in '10' second(s)

2021-11-23 09:58:14 - [MESSAGE][PASSED] - Method.TextDegerineEsitElementeTikla is PASSED

2021-11-23 09:58:14 - [MESSAGE][PASSED] - Call Test Case 'Test Cases/Filtreler/DropdownSec' successfully

2021-11-23 09:58:14 - [MESSAGE][INFO] - Checking called Test Case

2021-11-23 09:58:14 - [MESSAGE][INFO] - Starting to call Test Case 'Test Cases/Filtreler/ButonaTikla'

2021-11-23 09:58:14 - [TEST_CASE][PASSED] - Test Cases/Filtreler/ButonaTikla: Test Cases/Filtreler/ButonaTikla

2021-11-23 09:58:14 - [TEST_STEP][PASSED] - Method.TextDegerineEsitElementeTikla(findTestObject("Filtreler/Butonlar"), Filtre_Buton): Method.TextDegerineEsitElementeTikla is PASSED

2021-11-23 09:58:14 - [MESSAGE][INFO] - Finding Test Object 'Object Repository/Filtreler/Butonlar'

2021-11-23 09:58:14 - [MESSAGE][INFO] - Checking timeout

2021-11-23 09:58:14 - [MESSAGE][INFO] - Finding web element with id: 'Object Repository/Filtreler/Butonlar' located by 'By.cssSelector: .dxb>span' in '10' second(s)

2021-11-23 09:58:14 - [MESSAGE][INFO] - Smart Wait Function is triggered

2021-11-23 09:58:14 - [MESSAGE][INFO] - Found 2 web elements with id: 'Object Repository/Filtreler/Butonlar' located by 'By.cssSelector: .dxb>span' in '10' second(s)

2021-11-23 09:58:14 - [MESSAGE][PASSED] - Method.TextDegerineEsitElementeTikla is PASSED

2021-11-23 09:58:14 - [MESSAGE][PASSED] - Call Test Case 'Test Cases/Filtreler/ButonaTikla' successfully

2021-11-23 09:58:14 - [MESSAGE][INFO] - Checking called Test Case

2021-11-23 09:58:14 - [MESSAGE][INFO] - Starting to call Test Case 'Test Cases/Tablo/TablodaVeriVarMi'

2021-11-23 09:58:14 - [TEST_CASE][PASSED] - Test Cases/Tablo/TablodaVeriVarMi: Test Cases/Tablo/TablodaVeriVarMi

2021-11-23 09:58:14 - [TEST_STEP][PASSED] - verifyTextNotPresent("Görüntülenecek veri yok", true): Text 'Görüntülenecek veri yok' is not present on page using regular expression

2021-11-23 09:58:14 - [MESSAGE][INFO] - Checking text present  using regular expression

2021-11-23 09:58:14 - [MESSAGE][INFO] - Smart Wait Function is triggered

2021-11-23 09:58:15 - [MESSAGE][INFO] - Finding text 'Görüntülenecek veri yok' on page  using regular expression

2021-11-23 09:58:15 - [MESSAGE][PASSED] - Text 'Görüntülenecek veri yok' is not present on page using regular expression

2021-11-23 09:58:15 - [MESSAGE][PASSED] - Call Test Case 'Test Cases/Tablo/TablodaVeriVarMi' successfully

2021-11-23 09:58:15 - [MESSAGE][INFO] - Checking called Test Case

2021-11-23 09:58:15 - [MESSAGE][INFO] - Starting to call Test Case 'Test Cases/Filtreler/TexboxaYaz'

2021-11-23 09:58:15 - [TEST_CASE][PASSED] - Test Cases/Filtreler/TexboxaYaz: Test Cases/Filtreler/TexboxaYaz

2021-11-23 09:58:15 - [TEST_STEP][PASSED] - Method.TextDegerineEsitElementinAltindakiTextboxtaYaz(findTestObject("Filtreler/Basliklar"), findTestObject("Filtreler/Basliga_Gore_Textbox"), Filtre_Adi, Filtre_Degeri): Method.TextDegerineEsitElementinAltindakiTextboxtaYaz is PASSED

2021-11-23 09:58:15 - [MESSAGE][INFO] - Finding Test Object 'Object Repository/Filtreler/Basliklar'

2021-11-23 09:58:15 - [MESSAGE][INFO] - Finding Test Object 'Object Repository/Filtreler/Basliga_Gore_Textbox'

2021-11-23 09:58:15 - [MESSAGE][INFO] - Checking timeout

2021-11-23 09:58:15 - [MESSAGE][INFO] - Finding web element with id: 'Object Repository/Filtreler/Basliklar' located by 'By.cssSelector: .control-label.col-sm-4.paddingMarginRLC' in '10' second(s)

2021-11-23 09:58:15 - [MESSAGE][INFO] - Smart Wait Function is triggered

2021-11-23 09:58:16 - [MESSAGE][INFO] - Found 6 web elements with id: 'Object Repository/Filtreler/Basliklar' located by 'By.cssSelector: .control-label.col-sm-4.paddingMarginRLC' in '10' second(s)

2021-11-23 09:58:16 - [MESSAGE][INFO] - Smart Wait Function is triggered

2021-11-23 09:58:16 - [MESSAGE][PASSED] - Method.TextDegerineEsitElementinAltindakiTextboxtaYaz is PASSED

2021-11-23 09:58:16 - [MESSAGE][PASSED] - Call Test Case 'Test Cases/Filtreler/TexboxaYaz' successfully

2021-11-23 09:58:16 - [MESSAGE][INFO] - Checking called Test Case

2021-11-23 09:58:16 - [MESSAGE][INFO] - Starting to call Test Case 'Test Cases/Filtreler/TexboxaYaz'

2021-11-23 09:58:16 - [TEST_CASE][PASSED] - Test Cases/Filtreler/TexboxaYaz: Test Cases/Filtreler/TexboxaYaz

2021-11-23 09:58:16 - [TEST_STEP][PASSED] - Method.TextDegerineEsitElementinAltindakiTextboxtaYaz(findTestObject("Filtreler/Basliklar"), findTestObject("Filtreler/Basliga_Gore_Textbox"), Filtre_Adi, Filtre_Degeri): Method.TextDegerineEsitElementinAltindakiTextboxtaYaz is PASSED

2021-11-23 09:58:16 - [MESSAGE][INFO] - Finding Test Object 'Object Repository/Filtreler/Basliklar'

2021-11-23 09:58:16 - [MESSAGE][INFO] - Finding Test Object 'Object Repository/Filtreler/Basliga_Gore_Textbox'

2021-11-23 09:58:16 - [MESSAGE][INFO] - Checking timeout

2021-11-23 09:58:16 - [MESSAGE][INFO] - Finding web element with id: 'Object Repository/Filtreler/Basliklar' located by 'By.cssSelector: .control-label.col-sm-4.paddingMarginRLC' in '10' second(s)

2021-11-23 09:58:16 - [MESSAGE][INFO] - Smart Wait Function is triggered

2021-11-23 09:58:17 - [MESSAGE][INFO] - Found 6 web elements with id: 'Object Repository/Filtreler/Basliklar' located by 'By.cssSelector: .control-label.col-sm-4.paddingMarginRLC' in '10' second(s)

2021-11-23 09:58:17 - [MESSAGE][INFO] - Smart Wait Function is triggered

2021-11-23 09:58:17 - [MESSAGE][PASSED] - Method.TextDegerineEsitElementinAltindakiTextboxtaYaz is PASSED

2021-11-23 09:58:17 - [MESSAGE][PASSED] - Call Test Case 'Test Cases/Filtreler/TexboxaYaz' successfully

2021-11-23 09:58:17 - [MESSAGE][INFO] - Checking called Test Case

2021-11-23 09:58:17 - [MESSAGE][INFO] - Starting to call Test Case 'Test Cases/Filtreler/ButonaTikla'

2021-11-23 09:58:17 - [TEST_CASE][PASSED] - Test Cases/Filtreler/ButonaTikla: Test Cases/Filtreler/ButonaTikla

2021-11-23 09:58:17 - [TEST_STEP][PASSED] - Method.TextDegerineEsitElementeTikla(findTestObject("Filtreler/Butonlar"), Filtre_Buton): Method.TextDegerineEsitElementeTikla is PASSED

2021-11-23 09:58:17 - [MESSAGE][INFO] - Finding Test Object 'Object Repository/Filtreler/Butonlar'

2021-11-23 09:58:17 - [MESSAGE][INFO] - Checking timeout

2021-11-23 09:58:17 - [MESSAGE][INFO] - Finding web element with id: 'Object Repository/Filtreler/Butonlar' located by 'By.cssSelector: .dxb>span' in '10' second(s)

2021-11-23 09:58:17 - [MESSAGE][INFO] - Smart Wait Function is triggered

2021-11-23 09:58:18 - [MESSAGE][INFO] - Found 2 web elements with id: 'Object Repository/Filtreler/Butonlar' located by 'By.cssSelector: .dxb>span' in '10' second(s)

2021-11-23 09:58:18 - [MESSAGE][PASSED] - Method.TextDegerineEsitElementeTikla is PASSED

2021-11-23 09:58:18 - [MESSAGE][PASSED] - Call Test Case 'Test Cases/Filtreler/ButonaTikla' successfully

2021-11-23 09:58:18 - [MESSAGE][INFO] - Checking called Test Case

2021-11-23 09:58:18 - [MESSAGE][INFO] - Starting to call Test Case 'Test Cases/Tablo/TablodaVeriVarMi'

2021-11-23 09:58:18 - [TEST_CASE][PASSED] - Test Cases/Tablo/TablodaVeriVarMi: Test Cases/Tablo/TablodaVeriVarMi

2021-11-23 09:58:18 - [TEST_STEP][PASSED] - verifyTextNotPresent("Görüntülenecek veri yok", true): Text 'Görüntülenecek veri yok' is not present on page using regular expression

2021-11-23 09:58:18 - [MESSAGE][INFO] - Checking text present  using regular expression

2021-11-23 09:58:18 - [MESSAGE][INFO] - Smart Wait Function is triggered

2021-11-23 09:58:18 - [MESSAGE][INFO] - Finding text 'Görüntülenecek veri yok' on page  using regular expression

2021-11-23 09:58:18 - [MESSAGE][PASSED] - Text 'Görüntülenecek veri yok' is not present on page using regular expression

2021-11-23 09:58:18 - [MESSAGE][PASSED] - Call Test Case 'Test Cases/Tablo/TablodaVeriVarMi' successfully

2021-11-23 09:58:18 - [MESSAGE][INFO] - Checking called Test Case

2021-11-23 09:58:18 - [MESSAGE][INFO] - Starting to call Test Case 'Test Cases/Filtreler/DropdownSec'

2021-11-23 09:58:18 - [TEST_CASE][PASSED] - Test Cases/Filtreler/DropdownSec: Test Cases/Filtreler/DropdownSec

2021-11-23 09:58:18 - [TEST_STEP][PASSED] - Method.TextDegerineEsitElementinAltindakineTikla(findTestObject("Filtreler/Basliklar"), findTestObject("Filtreler/Basliga_Gore_Baslangic_Image"), Filtre_Adi): Method.TextDegerineEsitElementinAltindakineTikla is PASSED

2021-11-23 09:58:18 - [MESSAGE][INFO] - Finding Test Object 'Object Repository/Filtreler/Basliklar'

2021-11-23 09:58:19 - [MESSAGE][INFO] - Finding Test Object 'Object Repository/Filtreler/Basliga_Gore_Baslangic_Image'

2021-11-23 09:58:19 - [MESSAGE][INFO] - Checking timeout

2021-11-23 09:58:19 - [MESSAGE][INFO] - Finding web element with id: 'Object Repository/Filtreler/Basliklar' located by 'By.cssSelector: .control-label.col-sm-4.paddingMarginRLC' in '10' second(s)

2021-11-23 09:58:19 - [MESSAGE][INFO] - Smart Wait Function is triggered

2021-11-23 09:58:19 - [MESSAGE][INFO] - Found 6 web elements with id: 'Object Repository/Filtreler/Basliklar' located by 'By.cssSelector: .control-label.col-sm-4.paddingMarginRLC' in '10' second(s)

2021-11-23 09:58:19 - [MESSAGE][INFO] - Smart Wait Function is triggered

2021-11-23 09:58:19 - [MESSAGE][PASSED] - Method.TextDegerineEsitElementinAltindakineTikla is PASSED

2021-11-23 09:58:19 - [TEST_STEP][PASSED] - Method.TextDegerineEsitElementeTikla(findTestObject("Object Repository/Filtreler/Basliga_Gore_Dropdown"), Filtre_Degeri): Method.TextDegerineEsitElementeTikla is PASSED

2021-11-23 09:58:19 - [MESSAGE][INFO] - Finding Test Object 'Object Repository/Filtreler/Basliga_Gore_Dropdown'

2021-11-23 09:58:19 - [MESSAGE][INFO] - Checking timeout

2021-11-23 09:58:19 - [MESSAGE][INFO] - Finding web element with id: 'Object Repository/Filtreler/Basliga_Gore_Dropdown' located by 'By.xpath: //*[@class = 'dxeListBoxItemRow_LECustomTheme']' in '10' second(s)

2021-11-23 09:58:19 - [MESSAGE][INFO] - Smart Wait Function is triggered

2021-11-23 09:58:20 - [MESSAGE][INFO] - Found 58 web elements with id: 'Object Repository/Filtreler/Basliga_Gore_Dropdown' located by 'By.xpath: //*[@class = 'dxeListBoxItemRow_LECustomTheme']' in '10' second(s)

2021-11-23 09:58:20 - [MESSAGE][PASSED] - Method.TextDegerineEsitElementeTikla is PASSED

2021-11-23 09:58:20 - [MESSAGE][PASSED] - Call Test Case 'Test Cases/Filtreler/DropdownSec' successfully

2021-11-23 09:58:20 - [MESSAGE][INFO] - Checking called Test Case

2021-11-23 09:58:20 - [MESSAGE][INFO] - Starting to call Test Case 'Test Cases/Filtreler/ButonaTikla'

2021-11-23 09:58:20 - [TEST_CASE][PASSED] - Test Cases/Filtreler/ButonaTikla: Test Cases/Filtreler/ButonaTikla

2021-11-23 09:58:20 - [TEST_STEP][PASSED] - Method.TextDegerineEsitElementeTikla(findTestObject("Filtreler/Butonlar"), Filtre_Buton): Method.TextDegerineEsitElementeTikla is PASSED

2021-11-23 09:58:20 - [MESSAGE][INFO] - Finding Test Object 'Object Repository/Filtreler/Butonlar'

2021-11-23 09:58:20 - [MESSAGE][INFO] - Checking timeout

2021-11-23 09:58:20 - [MESSAGE][INFO] - Finding web element with id: 'Object Repository/Filtreler/Butonlar' located by 'By.cssSelector: .dxb>span' in '10' second(s)

2021-11-23 09:58:20 - [MESSAGE][INFO] - Smart Wait Function is triggered

2021-11-23 09:58:21 - [MESSAGE][INFO] - Found 2 web elements with id: 'Object Repository/Filtreler/Butonlar' located by 'By.cssSelector: .dxb>span' in '10' second(s)

2021-11-23 09:58:21 - [MESSAGE][PASSED] - Method.TextDegerineEsitElementeTikla is PASSED

2021-11-23 09:58:21 - [MESSAGE][PASSED] - Call Test Case 'Test Cases/Filtreler/ButonaTikla' successfully

2021-11-23 09:58:21 - [MESSAGE][INFO] - Checking called Test Case

2021-11-23 09:58:21 - [MESSAGE][INFO] - Starting to call Test Case 'Test Cases/Tablo/TablodaVeriVarMi'

2021-11-23 09:58:21 - [TEST_CASE][PASSED] - Test Cases/Tablo/TablodaVeriVarMi: Test Cases/Tablo/TablodaVeriVarMi

2021-11-23 09:58:21 - [TEST_STEP][PASSED] - verifyTextNotPresent("Görüntülenecek veri yok", true): Text 'Görüntülenecek veri yok' is not present on page using regular expression

2021-11-23 09:58:21 - [MESSAGE][INFO] - Checking text present  using regular expression

2021-11-23 09:58:21 - [MESSAGE][INFO] - Smart Wait Function is triggered

2021-11-23 09:58:22 - [MESSAGE][INFO] - Finding text 'Görüntülenecek veri yok' on page  using regular expression

2021-11-23 09:58:22 - [MESSAGE][PASSED] - Text 'Görüntülenecek veri yok' is not present on page using regular expression

2021-11-23 09:58:22 - [MESSAGE][PASSED] - Call Test Case 'Test Cases/Tablo/TablodaVeriVarMi' successfully

2021-11-23 09:58:22 - [MESSAGE][INFO] - Checking called Test Case

2021-11-23 09:58:22 - [MESSAGE][INFO] - Starting to call Test Case 'Test Cases/Filtreler/TexboxaYaz'

2021-11-23 09:58:22 - [TEST_CASE][PASSED] - Test Cases/Filtreler/TexboxaYaz: Test Cases/Filtreler/TexboxaYaz

2021-11-23 09:58:22 - [TEST_STEP][PASSED] - Method.TextDegerineEsitElementinAltindakiTextboxtaYaz(findTestObject("Filtreler/Basliklar"), findTestObject("Filtreler/Basliga_Gore_Textbox"), Filtre_Adi, Filtre_Degeri): Method.TextDegerineEsitElementinAltindakiTextboxtaYaz is PASSED

2021-11-23 09:58:22 - [MESSAGE][INFO] - Finding Test Object 'Object Repository/Filtreler/Basliklar'

2021-11-23 09:58:22 - [MESSAGE][INFO] - Finding Test Object 'Object Repository/Filtreler/Basliga_Gore_Textbox'

2021-11-23 09:58:22 - [MESSAGE][INFO] - Checking timeout

2021-11-23 09:58:22 - [MESSAGE][INFO] - Finding web element with id: 'Object Repository/Filtreler/Basliklar' located by 'By.cssSelector: .control-label.col-sm-4.paddingMarginRLC' in '10' second(s)

2021-11-23 09:58:22 - [MESSAGE][INFO] - Smart Wait Function is triggered

2021-11-23 09:58:22 - [MESSAGE][INFO] - Found 6 web elements with id: 'Object Repository/Filtreler/Basliklar' located by 'By.cssSelector: .control-label.col-sm-4.paddingMarginRLC' in '10' second(s)

2021-11-23 09:58:22 - [MESSAGE][INFO] - Smart Wait Function is triggered

2021-11-23 09:58:23 - [MESSAGE][PASSED] - Method.TextDegerineEsitElementinAltindakiTextboxtaYaz is PASSED

2021-11-23 09:58:23 - [MESSAGE][PASSED] - Call Test Case 'Test Cases/Filtreler/TexboxaYaz' successfully

2021-11-23 09:58:23 - [MESSAGE][INFO] - Checking called Test Case

2021-11-23 09:58:23 - [MESSAGE][INFO] - Starting to call Test Case 'Test Cases/Filtreler/TexboxaYaz'

2021-11-23 09:58:23 - [TEST_CASE][PASSED] - Test Cases/Filtreler/TexboxaYaz: Test Cases/Filtreler/TexboxaYaz

2021-11-23 09:58:23 - [TEST_STEP][PASSED] - Method.TextDegerineEsitElementinAltindakiTextboxtaYaz(findTestObject("Filtreler/Basliklar"), findTestObject("Filtreler/Basliga_Gore_Textbox"), Filtre_Adi, Filtre_Degeri): Method.TextDegerineEsitElementinAltindakiTextboxtaYaz is PASSED

2021-11-23 09:58:23 - [MESSAGE][INFO] - Finding Test Object 'Object Repository/Filtreler/Basliklar'

2021-11-23 09:58:23 - [MESSAGE][INFO] - Finding Test Object 'Object Repository/Filtreler/Basliga_Gore_Textbox'

2021-11-23 09:58:23 - [MESSAGE][INFO] - Checking timeout

2021-11-23 09:58:23 - [MESSAGE][INFO] - Finding web element with id: 'Object Repository/Filtreler/Basliklar' located by 'By.cssSelector: .control-label.col-sm-4.paddingMarginRLC' in '10' second(s)

2021-11-23 09:58:23 - [MESSAGE][INFO] - Smart Wait Function is triggered

2021-11-23 09:58:23 - [MESSAGE][INFO] - Found 6 web elements with id: 'Object Repository/Filtreler/Basliklar' located by 'By.cssSelector: .control-label.col-sm-4.paddingMarginRLC' in '10' second(s)

2021-11-23 09:58:23 - [MESSAGE][INFO] - Smart Wait Function is triggered

2021-11-23 09:58:24 - [MESSAGE][PASSED] - Method.TextDegerineEsitElementinAltindakiTextboxtaYaz is PASSED

2021-11-23 09:58:24 - [MESSAGE][PASSED] - Call Test Case 'Test Cases/Filtreler/TexboxaYaz' successfully

2021-11-23 09:58:24 - [MESSAGE][INFO] - Checking called Test Case

2021-11-23 09:58:24 - [MESSAGE][INFO] - Starting to call Test Case 'Test Cases/Filtreler/DropdownSec'

2021-11-23 09:58:24 - [TEST_CASE][PASSED] - Test Cases/Filtreler/DropdownSec: Test Cases/Filtreler/DropdownSec

2021-11-23 09:58:24 - [TEST_STEP][PASSED] - Method.TextDegerineEsitElementinAltindakineTikla(findTestObject("Filtreler/Basliklar"), findTestObject("Filtreler/Basliga_Gore_Baslangic_Image"), Filtre_Adi): Method.TextDegerineEsitElementinAltindakineTikla is PASSED

2021-11-23 09:58:24 - [MESSAGE][INFO] - Finding Test Object 'Object Repository/Filtreler/Basliklar'

2021-11-23 09:58:24 - [MESSAGE][INFO] - Finding Test Object 'Object Repository/Filtreler/Basliga_Gore_Baslangic_Image'

2021-11-23 09:58:24 - [MESSAGE][INFO] - Checking timeout

2021-11-23 09:58:24 - [MESSAGE][INFO] - Finding web element with id: 'Object Repository/Filtreler/Basliklar' located by 'By.cssSelector: .control-label.col-sm-4.paddingMarginRLC' in '10' second(s)

2021-11-23 09:58:24 - [MESSAGE][INFO] - Smart Wait Function is triggered

2021-11-23 09:58:24 - [MESSAGE][INFO] - Found 6 web elements with id: 'Object Repository/Filtreler/Basliklar' located by 'By.cssSelector: .control-label.col-sm-4.paddingMarginRLC' in '10' second(s)

2021-11-23 09:58:24 - [MESSAGE][INFO] - Smart Wait Function is triggered

2021-11-23 09:58:25 - [MESSAGE][PASSED] - Method.TextDegerineEsitElementinAltindakineTikla is PASSED

2021-11-23 09:58:25 - [TEST_STEP][PASSED] - Method.TextDegerineEsitElementeTikla(findTestObject("Object Repository/Filtreler/Basliga_Gore_Dropdown"), Filtre_Degeri): Method.TextDegerineEsitElementeTikla is PASSED

2021-11-23 09:58:25 - [MESSAGE][INFO] - Finding Test Object 'Object Repository/Filtreler/Basliga_Gore_Dropdown'

2021-11-23 09:58:25 - [MESSAGE][INFO] - Checking timeout

2021-11-23 09:58:25 - [MESSAGE][INFO] - Finding web element with id: 'Object Repository/Filtreler/Basliga_Gore_Dropdown' located by 'By.xpath: //*[@class = 'dxeListBoxItemRow_LECustomTheme']' in '10' second(s)

2021-11-23 09:58:25 - [MESSAGE][INFO] - Smart Wait Function is triggered

2021-11-23 09:58:25 - [MESSAGE][INFO] - Found 58 web elements with id: 'Object Repository/Filtreler/Basliga_Gore_Dropdown' located by 'By.xpath: //*[@class = 'dxeListBoxItemRow_LECustomTheme']' in '10' second(s)

2021-11-23 09:58:25 - [MESSAGE][PASSED] - Method.TextDegerineEsitElementeTikla is PASSED

2021-11-23 09:58:25 - [MESSAGE][PASSED] - Call Test Case 'Test Cases/Filtreler/DropdownSec' successfully

2021-11-23 09:58:25 - [MESSAGE][INFO] - Checking called Test Case

2021-11-23 09:58:25 - [MESSAGE][INFO] - Starting to call Test Case 'Test Cases/Filtreler/ButonaTikla'

2021-11-23 09:58:25 - [TEST_CASE][PASSED] - Test Cases/Filtreler/ButonaTikla: Test Cases/Filtreler/ButonaTikla

2021-11-23 09:58:25 - [TEST_STEP][PASSED] - Method.TextDegerineEsitElementeTikla(findTestObject("Filtreler/Butonlar"), Filtre_Buton): Method.TextDegerineEsitElementeTikla is PASSED

2021-11-23 09:58:25 - [MESSAGE][INFO] - Finding Test Object 'Object Repository/Filtreler/Butonlar'

2021-11-23 09:58:25 - [MESSAGE][INFO] - Checking timeout

2021-11-23 09:58:25 - [MESSAGE][INFO] - Finding web element with id: 'Object Repository/Filtreler/Butonlar' located by 'By.cssSelector: .dxb>span' in '10' second(s)

2021-11-23 09:58:25 - [MESSAGE][INFO] - Smart Wait Function is triggered

2021-11-23 09:58:26 - [MESSAGE][INFO] - Found 2 web elements with id: 'Object Repository/Filtreler/Butonlar' located by 'By.cssSelector: .dxb>span' in '10' second(s)

2021-11-23 09:58:26 - [MESSAGE][PASSED] - Method.TextDegerineEsitElementeTikla is PASSED

2021-11-23 09:58:26 - [MESSAGE][PASSED] - Call Test Case 'Test Cases/Filtreler/ButonaTikla' successfully

2021-11-23 09:58:26 - [MESSAGE][INFO] - Checking called Test Case

2021-11-23 09:58:26 - [MESSAGE][INFO] - Starting to call Test Case 'Test Cases/Tablo/TablodaVeriVarMi'

2021-11-23 09:58:26 - [TEST_CASE][PASSED] - Test Cases/Tablo/TablodaVeriVarMi: Test Cases/Tablo/TablodaVeriVarMi

2021-11-23 09:58:26 - [TEST_STEP][PASSED] - verifyTextNotPresent("Görüntülenecek veri yok", true): Text 'Görüntülenecek veri yok' is not present on page using regular expression

2021-11-23 09:58:26 - [MESSAGE][INFO] - Checking text present  using regular expression

2021-11-23 09:58:26 - [MESSAGE][INFO] - Smart Wait Function is triggered

2021-11-23 09:58:26 - [MESSAGE][INFO] - Finding text 'Görüntülenecek veri yok' on page  using regular expression

2021-11-23 09:58:26 - [MESSAGE][PASSED] - Text 'Görüntülenecek veri yok' is not present on page using regular expression

2021-11-23 09:58:26 - [MESSAGE][PASSED] - Call Test Case 'Test Cases/Tablo/TablodaVeriVarMi' successfully

2021-11-23 09:58:26 - [MESSAGE][INFO] - Checking called Test Case

2021-11-23 09:58:26 - [MESSAGE][INFO] - Starting to call Test Case 'Test Cases/Filtreler/DropdownSec'

2021-11-23 09:58:27 - [TEST_CASE][PASSED] - Test Cases/Filtreler/DropdownSec: Test Cases/Filtreler/DropdownSec

2021-11-23 09:58:27 - [TEST_STEP][PASSED] - Method.TextDegerineEsitElementinAltindakineTikla(findTestObject("Filtreler/Basliklar"), findTestObject("Filtreler/Basliga_Gore_Baslangic_Image"), Filtre_Adi): Method.TextDegerineEsitElementinAltindakineTikla is PASSED

2021-11-23 09:58:27 - [MESSAGE][INFO] - Finding Test Object 'Object Repository/Filtreler/Basliklar'

2021-11-23 09:58:27 - [MESSAGE][INFO] - Finding Test Object 'Object Repository/Filtreler/Basliga_Gore_Baslangic_Image'

2021-11-23 09:58:27 - [MESSAGE][INFO] - Checking timeout

2021-11-23 09:58:27 - [MESSAGE][INFO] - Finding web element with id: 'Object Repository/Filtreler/Basliklar' located by 'By.cssSelector: .control-label.col-sm-4.paddingMarginRLC' in '10' second(s)

2021-11-23 09:58:27 - [MESSAGE][INFO] - Smart Wait Function is triggered

2021-11-23 09:58:27 - [MESSAGE][INFO] - Found 6 web elements with id: 'Object Repository/Filtreler/Basliklar' located by 'By.cssSelector: .control-label.col-sm-4.paddingMarginRLC' in '10' second(s)

2021-11-23 09:58:27 - [MESSAGE][INFO] - Smart Wait Function is triggered

2021-11-23 09:58:27 - [MESSAGE][PASSED] - Method.TextDegerineEsitElementinAltindakineTikla is PASSED

2021-11-23 09:58:27 - [TEST_STEP][PASSED] - Method.TextDegerineEsitElementeTikla(findTestObject("Object Repository/Filtreler/Basliga_Gore_Dropdown"), Filtre_Degeri): Method.TextDegerineEsitElementeTikla is PASSED

2021-11-23 09:58:27 - [MESSAGE][INFO] - Finding Test Object 'Object Repository/Filtreler/Basliga_Gore_Dropdown'

2021-11-23 09:58:28 - [MESSAGE][INFO] - Checking timeout

2021-11-23 09:58:28 - [MESSAGE][INFO] - Finding web element with id: 'Object Repository/Filtreler/Basliga_Gore_Dropdown' located by 'By.xpath: //*[@class = 'dxeListBoxItemRow_LECustomTheme']' in '10' second(s)

2021-11-23 09:58:28 - [MESSAGE][INFO] - Smart Wait Function is triggered

2021-11-23 09:58:28 - [MESSAGE][INFO] - Found 58 web elements with id: 'Object Repository/Filtreler/Basliga_Gore_Dropdown' located by 'By.xpath: //*[@class = 'dxeListBoxItemRow_LECustomTheme']' in '10' second(s)

2021-11-23 09:58:29 - [MESSAGE][PASSED] - Method.TextDegerineEsitElementeTikla is PASSED

2021-11-23 09:58:29 - [MESSAGE][PASSED] - Call Test Case 'Test Cases/Filtreler/DropdownSec' successfully

2021-11-23 09:58:29 - [MESSAGE][INFO] - Checking called Test Case

2021-11-23 09:58:29 - [MESSAGE][INFO] - Starting to call Test Case 'Test Cases/Filtreler/ButonaTikla'

2021-11-23 09:58:29 - [TEST_CASE][PASSED] - Test Cases/Filtreler/ButonaTikla: Test Cases/Filtreler/ButonaTikla

2021-11-23 09:58:29 - [TEST_STEP][PASSED] - Method.TextDegerineEsitElementeTikla(findTestObject("Filtreler/Butonlar"), Filtre_Buton): Method.TextDegerineEsitElementeTikla is PASSED

2021-11-23 09:58:29 - [MESSAGE][INFO] - Finding Test Object 'Object Repository/Filtreler/Butonlar'

2021-11-23 09:58:29 - [MESSAGE][INFO] - Checking timeout

2021-11-23 09:58:29 - [MESSAGE][INFO] - Finding web element with id: 'Object Repository/Filtreler/Butonlar' located by 'By.cssSelector: .dxb>span' in '10' second(s)

2021-11-23 09:58:29 - [MESSAGE][INFO] - Smart Wait Function is triggered

2021-11-23 09:58:29 - [MESSAGE][INFO] - Found 2 web elements with id: 'Object Repository/Filtreler/Butonlar' located by 'By.cssSelector: .dxb>span' in '10' second(s)

2021-11-23 09:58:29 - [MESSAGE][PASSED] - Method.TextDegerineEsitElementeTikla is PASSED

2021-11-23 09:58:29 - [MESSAGE][PASSED] - Call Test Case 'Test Cases/Filtreler/ButonaTikla' successfully

2021-11-23 09:58:29 - [MESSAGE][INFO] - Checking called Test Case

2021-11-23 09:58:29 - [MESSAGE][INFO] - Starting to call Test Case 'Test Cases/Tablo/TablodaVeriVarMi'

2021-11-23 09:58:29 - [TEST_CASE][PASSED] - Test Cases/Tablo/TablodaVeriVarMi: Test Cases/Tablo/TablodaVeriVarMi

2021-11-23 09:58:29 - [TEST_STEP][PASSED] - verifyTextNotPresent("Görüntülenecek veri yok", true): Text 'Görüntülenecek veri yok' is not present on page using regular expression

2021-11-23 09:58:29 - [MESSAGE][INFO] - Checking text present  using regular expression

2021-11-23 09:58:29 - [MESSAGE][INFO] - Smart Wait Function is triggered

2021-11-23 09:58:30 - [MESSAGE][INFO] - Finding text 'Görüntülenecek veri yok' on page  using regular expression

2021-11-23 09:58:30 - [MESSAGE][PASSED] - Text 'Görüntülenecek veri yok' is not present on page using regular expression

2021-11-23 09:58:30 - [MESSAGE][PASSED] - Call Test Case 'Test Cases/Tablo/TablodaVeriVarMi' successfully

2021-11-23 09:58:30 - [MESSAGE][INFO] - Checking called Test Case

2021-11-23 09:58:30 - [MESSAGE][INFO] - Starting to call Test Case 'Test Cases/Filtreler/TexboxaYaz'

2021-11-23 09:58:30 - [TEST_CASE][PASSED] - Test Cases/Filtreler/TexboxaYaz: Test Cases/Filtreler/TexboxaYaz

2021-11-23 09:58:30 - [TEST_STEP][PASSED] - Method.TextDegerineEsitElementinAltindakiTextboxtaYaz(findTestObject("Filtreler/Basliklar"), findTestObject("Filtreler/Basliga_Gore_Textbox"), Filtre_Adi, Filtre_Degeri): Method.TextDegerineEsitElementinAltindakiTextboxtaYaz is PASSED

2021-11-23 09:58:30 - [MESSAGE][INFO] - Finding Test Object 'Object Repository/Filtreler/Basliklar'

2021-11-23 09:58:30 - [MESSAGE][INFO] - Finding Test Object 'Object Repository/Filtreler/Basliga_Gore_Textbox'

2021-11-23 09:58:30 - [MESSAGE][INFO] - Checking timeout

2021-11-23 09:58:30 - [MESSAGE][INFO] - Finding web element with id: 'Object Repository/Filtreler/Basliklar' located by 'By.cssSelector: .control-label.col-sm-4.paddingMarginRLC' in '10' second(s)

2021-11-23 09:58:30 - [MESSAGE][INFO] - Smart Wait Function is triggered

2021-11-23 09:58:30 - [MESSAGE][INFO] - Found 6 web elements with id: 'Object Repository/Filtreler/Basliklar' located by 'By.cssSelector: .control-label.col-sm-4.paddingMarginRLC' in '10' second(s)

2021-11-23 09:58:30 - [MESSAGE][INFO] - Smart Wait Function is triggered

2021-11-23 09:58:31 - [MESSAGE][PASSED] - Method.TextDegerineEsitElementinAltindakiTextboxtaYaz is PASSED

2021-11-23 09:58:31 - [MESSAGE][PASSED] - Call Test Case 'Test Cases/Filtreler/TexboxaYaz' successfully

2021-11-23 09:58:31 - [MESSAGE][INFO] - Checking called Test Case

2021-11-23 09:58:31 - [MESSAGE][INFO] - Starting to call Test Case 'Test Cases/Filtreler/TexboxaYaz'

2021-11-23 09:58:31 - [TEST_CASE][PASSED] - Test Cases/Filtreler/TexboxaYaz: Test Cases/Filtreler/TexboxaYaz

2021-11-23 09:58:31 - [TEST_STEP][PASSED] - Method.TextDegerineEsitElementinAltindakiTextboxtaYaz(findTestObject("Filtreler/Basliklar"), findTestObject("Filtreler/Basliga_Gore_Textbox"), Filtre_Adi, Filtre_Degeri): Method.TextDegerineEsitElementinAltindakiTextboxtaYaz is PASSED

2021-11-23 09:58:31 - [MESSAGE][INFO] - Finding Test Object 'Object Repository/Filtreler/Basliklar'

2021-11-23 09:58:31 - [MESSAGE][INFO] - Finding Test Object 'Object Repository/Filtreler/Basliga_Gore_Textbox'

2021-11-23 09:58:31 - [MESSAGE][INFO] - Checking timeout

2021-11-23 09:58:31 - [MESSAGE][INFO] - Finding web element with id: 'Object Repository/Filtreler/Basliklar' located by 'By.cssSelector: .control-label.col-sm-4.paddingMarginRLC' in '10' second(s)

2021-11-23 09:58:31 - [MESSAGE][INFO] - Smart Wait Function is triggered

2021-11-23 09:58:31 - [MESSAGE][INFO] - Found 6 web elements with id: 'Object Repository/Filtreler/Basliklar' located by 'By.cssSelector: .control-label.col-sm-4.paddingMarginRLC' in '10' second(s)

2021-11-23 09:58:31 - [MESSAGE][INFO] - Smart Wait Function is triggered

2021-11-23 09:58:32 - [MESSAGE][PASSED] - Method.TextDegerineEsitElementinAltindakiTextboxtaYaz is PASSED

2021-11-23 09:58:32 - [MESSAGE][PASSED] - Call Test Case 'Test Cases/Filtreler/TexboxaYaz' successfully

2021-11-23 09:58:32 - [MESSAGE][INFO] - Checking called Test Case

2021-11-23 09:58:32 - [MESSAGE][INFO] - Starting to call Test Case 'Test Cases/Filtreler/TexboxaYaz'

2021-11-23 09:58:32 - [TEST_CASE][PASSED] - Test Cases/Filtreler/TexboxaYaz: Test Cases/Filtreler/TexboxaYaz

2021-11-23 09:58:32 - [TEST_STEP][PASSED] - Method.TextDegerineEsitElementinAltindakiTextboxtaYaz(findTestObject("Filtreler/Basliklar"), findTestObject("Filtreler/Basliga_Gore_Textbox"), Filtre_Adi, Filtre_Degeri): Method.TextDegerineEsitElementinAltindakiTextboxtaYaz is PASSED

2021-11-23 09:58:32 - [MESSAGE][INFO] - Finding Test Object 'Object Repository/Filtreler/Basliklar'

2021-11-23 09:58:32 - [MESSAGE][INFO] - Finding Test Object 'Object Repository/Filtreler/Basliga_Gore_Textbox'

2021-11-23 09:58:32 - [MESSAGE][INFO] - Checking timeout

2021-11-23 09:58:32 - [MESSAGE][INFO] - Finding web element with id: 'Object Repository/Filtreler/Basliklar' located by 'By.cssSelector: .control-label.col-sm-4.paddingMarginRLC' in '10' second(s)

2021-11-23 09:58:32 - [MESSAGE][INFO] - Smart Wait Function is triggered

2021-11-23 09:58:32 - [MESSAGE][INFO] - Found 6 web elements with id: 'Object Repository/Filtreler/Basliklar' located by 'By.cssSelector: .control-label.col-sm-4.paddingMarginRLC' in '10' second(s)

2021-11-23 09:58:32 - [MESSAGE][INFO] - Smart Wait Function is triggered

2021-11-23 09:58:33 - [MESSAGE][PASSED] - Method.TextDegerineEsitElementinAltindakiTextboxtaYaz is PASSED

2021-11-23 09:58:33 - [MESSAGE][PASSED] - Call Test Case 'Test Cases/Filtreler/TexboxaYaz' successfully

2021-11-23 09:58:33 - [MESSAGE][INFO] - Checking called Test Case

2021-11-23 09:58:33 - [MESSAGE][INFO] - Starting to call Test Case 'Test Cases/Filtreler/DropdownSec'

2021-11-23 09:58:33 - [TEST_CASE][PASSED] - Test Cases/Filtreler/DropdownSec: Test Cases/Filtreler/DropdownSec

2021-11-23 09:58:33 - [TEST_STEP][PASSED] - Method.TextDegerineEsitElementinAltindakineTikla(findTestObject("Filtreler/Basliklar"), findTestObject("Filtreler/Basliga_Gore_Baslangic_Image"), Filtre_Adi): Method.TextDegerineEsitElementinAltindakineTikla is PASSED

2021-11-23 09:58:33 - [MESSAGE][INFO] - Finding Test Object 'Object Repository/Filtreler/Basliklar'

2021-11-23 09:58:33 - [MESSAGE][INFO] - Finding Test Object 'Object Repository/Filtreler/Basliga_Gore_Baslangic_Image'

2021-11-23 09:58:33 - [MESSAGE][INFO] - Checking timeout

2021-11-23 09:58:33 - [MESSAGE][INFO] - Finding web element with id: 'Object Repository/Filtreler/Basliklar' located by 'By.cssSelector: .control-label.col-sm-4.paddingMarginRLC' in '10' second(s)

2021-11-23 09:58:33 - [MESSAGE][INFO] - Smart Wait Function is triggered

2021-11-23 09:58:33 - [MESSAGE][INFO] - Found 6 web elements with id: 'Object Repository/Filtreler/Basliklar' located by 'By.cssSelector: .control-label.col-sm-4.paddingMarginRLC' in '10' second(s)

2021-11-23 09:58:33 - [MESSAGE][INFO] - Smart Wait Function is triggered

2021-11-23 09:58:34 - [MESSAGE][PASSED] - Method.TextDegerineEsitElementinAltindakineTikla is PASSED

2021-11-23 09:58:34 - [TEST_STEP][PASSED] - Method.TextDegerineEsitElementeTikla(findTestObject("Object Repository/Filtreler/Basliga_Gore_Dropdown"), Filtre_Degeri): Method.TextDegerineEsitElementeTikla is PASSED

2021-11-23 09:58:34 - [MESSAGE][INFO] - Finding Test Object 'Object Repository/Filtreler/Basliga_Gore_Dropdown'

2021-11-23 09:58:34 - [MESSAGE][INFO] - Checking timeout

2021-11-23 09:58:34 - [MESSAGE][INFO] - Finding web element with id: 'Object Repository/Filtreler/Basliga_Gore_Dropdown' located by 'By.xpath: //*[@class = 'dxeListBoxItemRow_LECustomTheme']' in '10' second(s)

2021-11-23 09:58:34 - [MESSAGE][INFO] - Smart Wait Function is triggered

2021-11-23 09:58:34 - [MESSAGE][INFO] - Found 58 web elements with id: 'Object Repository/Filtreler/Basliga_Gore_Dropdown' located by 'By.xpath: //*[@class = 'dxeListBoxItemRow_LECustomTheme']' in '10' second(s)

2021-11-23 09:58:34 - [MESSAGE][PASSED] - Method.TextDegerineEsitElementeTikla is PASSED

2021-11-23 09:58:34 - [MESSAGE][PASSED] - Call Test Case 'Test Cases/Filtreler/DropdownSec' successfully

2021-11-23 09:58:34 - [MESSAGE][INFO] - Checking called Test Case

2021-11-23 09:58:34 - [MESSAGE][INFO] - Starting to call Test Case 'Test Cases/Filtreler/DropdownSec'

2021-11-23 09:58:34 - [TEST_CASE][PASSED] - Test Cases/Filtreler/DropdownSec: Test Cases/Filtreler/DropdownSec

2021-11-23 09:58:34 - [TEST_STEP][PASSED] - Method.TextDegerineEsitElementinAltindakineTikla(findTestObject("Filtreler/Basliklar"), findTestObject("Filtreler/Basliga_Gore_Baslangic_Image"), Filtre_Adi): Method.TextDegerineEsitElementinAltindakineTikla is PASSED

2021-11-23 09:58:34 - [MESSAGE][INFO] - Finding Test Object 'Object Repository/Filtreler/Basliklar'

2021-11-23 09:58:34 - [MESSAGE][INFO] - Finding Test Object 'Object Repository/Filtreler/Basliga_Gore_Baslangic_Image'

2021-11-23 09:58:35 - [MESSAGE][INFO] - Checking timeout

2021-11-23 09:58:35 - [MESSAGE][INFO] - Finding web element with id: 'Object Repository/Filtreler/Basliklar' located by 'By.cssSelector: .control-label.col-sm-4.paddingMarginRLC' in '10' second(s)

2021-11-23 09:58:35 - [MESSAGE][INFO] - Smart Wait Function is triggered

2021-11-23 09:58:35 - [MESSAGE][INFO] - Found 6 web elements with id: 'Object Repository/Filtreler/Basliklar' located by 'By.cssSelector: .control-label.col-sm-4.paddingMarginRLC' in '10' second(s)

2021-11-23 09:58:35 - [MESSAGE][INFO] - Smart Wait Function is triggered

2021-11-23 09:58:35 - [MESSAGE][PASSED] - Method.TextDegerineEsitElementinAltindakineTikla is PASSED

2021-11-23 09:58:35 - [TEST_STEP][PASSED] - Method.TextDegerineEsitElementeTikla(findTestObject("Object Repository/Filtreler/Basliga_Gore_Dropdown"), Filtre_Degeri): Method.TextDegerineEsitElementeTikla is PASSED

2021-11-23 09:58:35 - [MESSAGE][INFO] - Finding Test Object 'Object Repository/Filtreler/Basliga_Gore_Dropdown'

2021-11-23 09:58:35 - [MESSAGE][INFO] - Checking timeout

2021-11-23 09:58:35 - [MESSAGE][INFO] - Finding web element with id: 'Object Repository/Filtreler/Basliga_Gore_Dropdown' located by 'By.xpath: //*[@class = 'dxeListBoxItemRow_LECustomTheme']' in '10' second(s)

2021-11-23 09:58:35 - [MESSAGE][INFO] - Smart Wait Function is triggered

2021-11-23 09:58:36 - [MESSAGE][INFO] - Found 58 web elements with id: 'Object Repository/Filtreler/Basliga_Gore_Dropdown' located by 'By.xpath: //*[@class = 'dxeListBoxItemRow_LECustomTheme']' in '10' second(s)

2021-11-23 09:58:36 - [MESSAGE][PASSED] - Method.TextDegerineEsitElementeTikla is PASSED

2021-11-23 09:58:36 - [MESSAGE][PASSED] - Call Test Case 'Test Cases/Filtreler/DropdownSec' successfully

2021-11-23 09:58:36 - [MESSAGE][INFO] - Checking called Test Case

2021-11-23 09:58:36 - [MESSAGE][INFO] - Starting to call Test Case 'Test Cases/Filtreler/ButonaTikla'

2021-11-23 09:58:36 - [TEST_CASE][PASSED] - Test Cases/Filtreler/ButonaTikla: Test Cases/Filtreler/ButonaTikla

2021-11-23 09:58:36 - [TEST_STEP][PASSED] - Method.TextDegerineEsitElementeTikla(findTestObject("Filtreler/Butonlar"), Filtre_Buton): Method.TextDegerineEsitElementeTikla is PASSED

2021-11-23 09:58:36 - [MESSAGE][INFO] - Finding Test Object 'Object Repository/Filtreler/Butonlar'

2021-11-23 09:58:36 - [MESSAGE][INFO] - Checking timeout

2021-11-23 09:58:36 - [MESSAGE][INFO] - Finding web element with id: 'Object Repository/Filtreler/Butonlar' located by 'By.cssSelector: .dxb>span' in '10' second(s)

2021-11-23 09:58:36 - [MESSAGE][INFO] - Smart Wait Function is triggered

2021-11-23 09:58:37 - [MESSAGE][INFO] - Found 2 web elements with id: 'Object Repository/Filtreler/Butonlar' located by 'By.cssSelector: .dxb>span' in '10' second(s)

2021-11-23 09:58:37 - [MESSAGE][PASSED] - Method.TextDegerineEsitElementeTikla is PASSED

2021-11-23 09:58:37 - [MESSAGE][PASSED] - Call Test Case 'Test Cases/Filtreler/ButonaTikla' successfully

2021-11-23 09:58:37 - [MESSAGE][INFO] - Checking called Test Case

2021-11-23 09:58:37 - [MESSAGE][INFO] - Starting to call Test Case 'Test Cases/Tablo/TablodaVeriVarMi'

2021-11-23 09:58:37 - [TEST_CASE][PASSED] - Test Cases/Tablo/TablodaVeriVarMi: Test Cases/Tablo/TablodaVeriVarMi

2021-11-23 09:58:37 - [TEST_STEP][PASSED] - verifyTextNotPresent("Görüntülenecek veri yok", true): Text 'Görüntülenecek veri yok' is not present on page using regular expression

2021-11-23 09:58:37 - [MESSAGE][INFO] - Checking text present  using regular expression

2021-11-23 09:58:37 - [MESSAGE][INFO] - Smart Wait Function is triggered

2021-11-23 09:58:37 - [MESSAGE][INFO] - Finding text 'Görüntülenecek veri yok' on page  using regular expression

2021-11-23 09:58:37 - [MESSAGE][PASSED] - Text 'Görüntülenecek veri yok' is not present on page using regular expression

2021-11-23 09:58:37 - [MESSAGE][PASSED] - Call Test Case 'Test Cases/Tablo/TablodaVeriVarMi' successfully

2021-11-23 09:58:37 - [MESSAGE][INFO] - Checking called Test Case

2021-11-23 09:58:37 - [MESSAGE][INFO] - Starting to call Test Case 'Test Cases/Filtreler/TexboxaYaz'

2021-11-23 09:58:38 - [TEST_CASE][PASSED] - Test Cases/Filtreler/TexboxaYaz: Test Cases/Filtreler/TexboxaYaz

2021-11-23 09:58:38 - [TEST_STEP][PASSED] - Method.TextDegerineEsitElementinAltindakiTextboxtaYaz(findTestObject("Filtreler/Basliklar"), findTestObject("Filtreler/Basliga_Gore_Textbox"), Filtre_Adi, Filtre_Degeri): Method.TextDegerineEsitElementinAltindakiTextboxtaYaz is PASSED

2021-11-23 09:58:38 - [MESSAGE][INFO] - Finding Test Object 'Object Repository/Filtreler/Basliklar'

2021-11-23 09:58:38 - [MESSAGE][INFO] - Finding Test Object 'Object Repository/Filtreler/Basliga_Gore_Textbox'

2021-11-23 09:58:38 - [MESSAGE][INFO] - Checking timeout

2021-11-23 09:58:38 - [MESSAGE][INFO] - Finding web element with id: 'Object Repository/Filtreler/Basliklar' located by 'By.cssSelector: .control-label.col-sm-4.paddingMarginRLC' in '10' second(s)

2021-11-23 09:58:38 - [MESSAGE][INFO] - Smart Wait Function is triggered

2021-11-23 09:58:38 - [MESSAGE][INFO] - Found 6 web elements with id: 'Object Repository/Filtreler/Basliklar' located by 'By.cssSelector: .control-label.col-sm-4.paddingMarginRLC' in '10' second(s)

2021-11-23 09:58:38 - [MESSAGE][INFO] - Smart Wait Function is triggered

2021-11-23 09:58:39 - [MESSAGE][PASSED] - Method.TextDegerineEsitElementinAltindakiTextboxtaYaz is PASSED

2021-11-23 09:58:39 - [MESSAGE][PASSED] - Call Test Case 'Test Cases/Filtreler/TexboxaYaz' successfully

2021-11-23 09:58:39 - [MESSAGE][INFO] - Checking called Test Case

2021-11-23 09:58:39 - [MESSAGE][INFO] - Starting to call Test Case 'Test Cases/Filtreler/TexboxaYaz'

2021-11-23 09:58:39 - [TEST_CASE][PASSED] - Test Cases/Filtreler/TexboxaYaz: Test Cases/Filtreler/TexboxaYaz

2021-11-23 09:58:39 - [TEST_STEP][PASSED] - Method.TextDegerineEsitElementinAltindakiTextboxtaYaz(findTestObject("Filtreler/Basliklar"), findTestObject("Filtreler/Basliga_Gore_Textbox"), Filtre_Adi, Filtre_Degeri): Method.TextDegerineEsitElementinAltindakiTextboxtaYaz is PASSED

2021-11-23 09:58:39 - [MESSAGE][INFO] - Finding Test Object 'Object Repository/Filtreler/Basliklar'

2021-11-23 09:58:39 - [MESSAGE][INFO] - Finding Test Object 'Object Repository/Filtreler/Basliga_Gore_Textbox'

2021-11-23 09:58:39 - [MESSAGE][INFO] - Checking timeout

2021-11-23 09:58:39 - [MESSAGE][INFO] - Finding web element with id: 'Object Repository/Filtreler/Basliklar' located by 'By.cssSelector: .control-label.col-sm-4.paddingMarginRLC' in '10' second(s)

2021-11-23 09:58:39 - [MESSAGE][INFO] - Smart Wait Function is triggered

2021-11-23 09:58:39 - [MESSAGE][INFO] - Found 6 web elements with id: 'Object Repository/Filtreler/Basliklar' located by 'By.cssSelector: .control-label.col-sm-4.paddingMarginRLC' in '10' second(s)

2021-11-23 09:58:39 - [MESSAGE][INFO] - Smart Wait Function is triggered

2021-11-23 09:58:40 - [MESSAGE][PASSED] - Method.TextDegerineEsitElementinAltindakiTextboxtaYaz is PASSED

2021-11-23 09:58:40 - [MESSAGE][PASSED] - Call Test Case 'Test Cases/Filtreler/TexboxaYaz' successfully

2021-11-23 09:58:40 - [MESSAGE][INFO] - Checking called Test Case

2021-11-23 09:58:40 - [MESSAGE][INFO] - Starting to call Test Case 'Test Cases/Filtreler/TexboxaYaz'

2021-11-23 09:58:40 - [TEST_CASE][PASSED] - Test Cases/Filtreler/TexboxaYaz: Test Cases/Filtreler/TexboxaYaz

2021-11-23 09:58:40 - [TEST_STEP][PASSED] - Method.TextDegerineEsitElementinAltindakiTextboxtaYaz(findTestObject("Filtreler/Basliklar"), findTestObject("Filtreler/Basliga_Gore_Textbox"), Filtre_Adi, Filtre_Degeri): Method.TextDegerineEsitElementinAltindakiTextboxtaYaz is PASSED

2021-11-23 09:58:40 - [MESSAGE][INFO] - Finding Test Object 'Object Repository/Filtreler/Basliklar'

2021-11-23 09:58:40 - [MESSAGE][INFO] - Finding Test Object 'Object Repository/Filtreler/Basliga_Gore_Textbox'

2021-11-23 09:58:40 - [MESSAGE][INFO] - Checking timeout

2021-11-23 09:58:40 - [MESSAGE][INFO] - Finding web element with id: 'Object Repository/Filtreler/Basliklar' located by 'By.cssSelector: .control-label.col-sm-4.paddingMarginRLC' in '10' second(s)

2021-11-23 09:58:40 - [MESSAGE][INFO] - Smart Wait Function is triggered

2021-11-23 09:58:40 - [MESSAGE][INFO] - Found 6 web elements with id: 'Object Repository/Filtreler/Basliklar' located by 'By.cssSelector: .control-label.col-sm-4.paddingMarginRLC' in '10' second(s)

2021-11-23 09:58:40 - [MESSAGE][INFO] - Smart Wait Function is triggered

2021-11-23 09:58:41 - [MESSAGE][PASSED] - Method.TextDegerineEsitElementinAltindakiTextboxtaYaz is PASSED

2021-11-23 09:58:41 - [MESSAGE][PASSED] - Call Test Case 'Test Cases/Filtreler/TexboxaYaz' successfully

2021-11-23 09:58:41 - [MESSAGE][INFO] - Checking called Test Case

2021-11-23 09:58:41 - [MESSAGE][INFO] - Starting to call Test Case 'Test Cases/Filtreler/DropdownSec'

2021-11-23 09:58:41 - [TEST_CASE][PASSED] - Test Cases/Filtreler/DropdownSec: Test Cases/Filtreler/DropdownSec

2021-11-23 09:58:41 - [TEST_STEP][PASSED] - Method.TextDegerineEsitElementinAltindakineTikla(findTestObject("Filtreler/Basliklar"), findTestObject("Filtreler/Basliga_Gore_Baslangic_Image"), Filtre_Adi): Method.TextDegerineEsitElementinAltindakineTikla is PASSED

2021-11-23 09:58:41 - [MESSAGE][INFO] - Finding Test Object 'Object Repository/Filtreler/Basliklar'

2021-11-23 09:58:41 - [MESSAGE][INFO] - Finding Test Object 'Object Repository/Filtreler/Basliga_Gore_Baslangic_Image'

2021-11-23 09:58:41 - [MESSAGE][INFO] - Checking timeout

2021-11-23 09:58:41 - [MESSAGE][INFO] - Finding web element with id: 'Object Repository/Filtreler/Basliklar' located by 'By.cssSelector: .control-label.col-sm-4.paddingMarginRLC' in '10' second(s)

2021-11-23 09:58:41 - [MESSAGE][INFO] - Smart Wait Function is triggered

2021-11-23 09:58:41 - [MESSAGE][INFO] - Found 6 web elements with id: 'Object Repository/Filtreler/Basliklar' located by 'By.cssSelector: .control-label.col-sm-4.paddingMarginRLC' in '10' second(s)

2021-11-23 09:58:41 - [MESSAGE][INFO] - Smart Wait Function is triggered

2021-11-23 09:58:41 - [MESSAGE][PASSED] - Method.TextDegerineEsitElementinAltindakineTikla is PASSED

2021-11-23 09:58:41 - [TEST_STEP][PASSED] - Method.TextDegerineEsitElementeTikla(findTestObject("Object Repository/Filtreler/Basliga_Gore_Dropdown"), Filtre_Degeri): Method.TextDegerineEsitElementeTikla is PASSED

2021-11-23 09:58:41 - [MESSAGE][INFO] - Finding Test Object 'Object Repository/Filtreler/Basliga_Gore_Dropdown'

2021-11-23 09:58:42 - [MESSAGE][INFO] - Checking timeout

2021-11-23 09:58:42 - [MESSAGE][INFO] - Finding web element with id: 'Object Repository/Filtreler/Basliga_Gore_Dropdown' located by 'By.xpath: //*[@class = 'dxeListBoxItemRow_LECustomTheme']' in '10' second(s)

2021-11-23 09:58:42 - [MESSAGE][INFO] - Smart Wait Function is triggered

2021-11-23 09:58:42 - [MESSAGE][INFO] - Found 58 web elements with id: 'Object Repository/Filtreler/Basliga_Gore_Dropdown' located by 'By.xpath: //*[@class = 'dxeListBoxItemRow_LECustomTheme']' in '10' second(s)

2021-11-23 09:58:42 - [MESSAGE][PASSED] - Method.TextDegerineEsitElementeTikla is PASSED

2021-11-23 09:58:42 - [MESSAGE][PASSED] - Call Test Case 'Test Cases/Filtreler/DropdownSec' successfully

2021-11-23 09:58:42 - [MESSAGE][INFO] - Checking called Test Case

2021-11-23 09:58:42 - [MESSAGE][INFO] - Starting to call Test Case 'Test Cases/Filtreler/ButonaTikla'

2021-11-23 09:58:42 - [TEST_CASE][PASSED] - Test Cases/Filtreler/ButonaTikla: Test Cases/Filtreler/ButonaTikla

2021-11-23 09:58:42 - [TEST_STEP][PASSED] - Method.TextDegerineEsitElementeTikla(findTestObject("Filtreler/Butonlar"), Filtre_Buton): Method.TextDegerineEsitElementeTikla is PASSED

2021-11-23 09:58:42 - [MESSAGE][INFO] - Finding Test Object 'Object Repository/Filtreler/Butonlar'

2021-11-23 09:58:42 - [MESSAGE][INFO] - Checking timeout

2021-11-23 09:58:42 - [MESSAGE][INFO] - Finding web element with id: 'Object Repository/Filtreler/Butonlar' located by 'By.cssSelector: .dxb>span' in '10' second(s)

2021-11-23 09:58:42 - [MESSAGE][INFO] - Smart Wait Function is triggered

2021-11-23 09:58:42 - [MESSAGE][INFO] - Found 2 web elements with id: 'Object Repository/Filtreler/Butonlar' located by 'By.cssSelector: .dxb>span' in '10' second(s)

2021-11-23 09:58:42 - [MESSAGE][PASSED] - Method.TextDegerineEsitElementeTikla is PASSED

2021-11-23 09:58:42 - [MESSAGE][PASSED] - Call Test Case 'Test Cases/Filtreler/ButonaTikla' successfully

2021-11-23 09:58:43 - [MESSAGE][INFO] - Checking called Test Case

2021-11-23 09:58:43 - [MESSAGE][INFO] - Starting to call Test Case 'Test Cases/Tablo/TablodaVeriVarMi'

2021-11-23 09:58:43 - [TEST_CASE][PASSED] - Test Cases/Tablo/TablodaVeriVarMi: Test Cases/Tablo/TablodaVeriVarMi

2021-11-23 09:58:43 - [TEST_STEP][PASSED] - verifyTextNotPresent("Görüntülenecek veri yok", true): Text 'Görüntülenecek veri yok' is not present on page using regular expression

2021-11-23 09:58:43 - [MESSAGE][INFO] - Checking text present  using regular expression

2021-11-23 09:58:43 - [MESSAGE][INFO] - Smart Wait Function is triggered

2021-11-23 09:58:43 - [MESSAGE][INFO] - Finding text 'Görüntülenecek veri yok' on page  using regular expression

2021-11-23 09:58:43 - [MESSAGE][PASSED] - Text 'Görüntülenecek veri yok' is not present on page using regular expression

2021-11-23 09:58:43 - [MESSAGE][PASSED] - Call Test Case 'Test Cases/Tablo/TablodaVeriVarMi' successfully

2021-11-23 09:58:43 - [MESSAGE][INFO] - Checking called Test Case

2021-11-23 09:58:43 - [MESSAGE][INFO] - Starting to call Test Case 'Test Cases/Filtreler/TexboxaYaz'

2021-11-23 09:58:43 - [TEST_CASE][PASSED] - Test Cases/Filtreler/TexboxaYaz: Test Cases/Filtreler/TexboxaYaz

2021-11-23 09:58:43 - [TEST_STEP][PASSED] - Method.TextDegerineEsitElementinAltindakiTextboxtaYaz(findTestObject("Filtreler/Basliklar"), findTestObject("Filtreler/Basliga_Gore_Textbox"), Filtre_Adi, Filtre_Degeri): Method.TextDegerineEsitElementinAltindakiTextboxtaYaz is PASSED

2021-11-23 09:58:43 - [MESSAGE][INFO] - Finding Test Object 'Object Repository/Filtreler/Basliklar'

2021-11-23 09:58:43 - [MESSAGE][INFO] - Finding Test Object 'Object Repository/Filtreler/Basliga_Gore_Textbox'

2021-11-23 09:58:43 - [MESSAGE][INFO] - Checking timeout

2021-11-23 09:58:43 - [MESSAGE][INFO] - Finding web element with id: 'Object Repository/Filtreler/Basliklar' located by 'By.cssSelector: .control-label.col-sm-4.paddingMarginRLC' in '10' second(s)

2021-11-23 09:58:43 - [MESSAGE][INFO] - Smart Wait Function is triggered

2021-11-23 09:58:44 - [MESSAGE][INFO] - Found 6 web elements with id: 'Object Repository/Filtreler/Basliklar' located by 'By.cssSelector: .control-label.col-sm-4.paddingMarginRLC' in '10' second(s)

2021-11-23 09:58:44 - [MESSAGE][INFO] - Smart Wait Function is triggered

2021-11-23 09:58:44 - [MESSAGE][PASSED] - Method.TextDegerineEsitElementinAltindakiTextboxtaYaz is PASSED

2021-11-23 09:58:44 - [MESSAGE][PASSED] - Call Test Case 'Test Cases/Filtreler/TexboxaYaz' successfully

2021-11-23 09:58:44 - [MESSAGE][INFO] - Checking called Test Case

2021-11-23 09:58:44 - [MESSAGE][INFO] - Starting to call Test Case 'Test Cases/Filtreler/ButonaTikla'

2021-11-23 09:58:44 - [TEST_CASE][PASSED] - Test Cases/Filtreler/ButonaTikla: Test Cases/Filtreler/ButonaTikla

2021-11-23 09:58:44 - [TEST_STEP][PASSED] - Method.TextDegerineEsitElementeTikla(findTestObject("Filtreler/Butonlar"), Filtre_Buton): Method.TextDegerineEsitElementeTikla is PASSED

2021-11-23 09:58:44 - [MESSAGE][INFO] - Finding Test Object 'Object Repository/Filtreler/Butonlar'

2021-11-23 09:58:44 - [MESSAGE][INFO] - Checking timeout

2021-11-23 09:58:44 - [MESSAGE][INFO] - Finding web element with id: 'Object Repository/Filtreler/Butonlar' located by 'By.cssSelector: .dxb>span' in '10' second(s)

2021-11-23 09:58:44 - [MESSAGE][INFO] - Smart Wait Function is triggered

2021-11-23 09:58:45 - [MESSAGE][INFO] - Found 2 web elements with id: 'Object Repository/Filtreler/Butonlar' located by 'By.cssSelector: .dxb>span' in '10' second(s)

2021-11-23 09:58:45 - [MESSAGE][PASSED] - Method.TextDegerineEsitElementeTikla is PASSED

2021-11-23 09:58:45 - [MESSAGE][PASSED] - Call Test Case 'Test Cases/Filtreler/ButonaTikla' successfully

2021-11-23 09:58:45 - [MESSAGE][INFO] - Checking called Test Case

2021-11-23 09:58:45 - [MESSAGE][INFO] - Starting to call Test Case 'Test Cases/Filtreler/DropdownSec'

2021-11-23 09:58:45 - [TEST_CASE][PASSED] - Test Cases/Filtreler/DropdownSec: Test Cases/Filtreler/DropdownSec

2021-11-23 09:58:45 - [TEST_STEP][PASSED] - Method.TextDegerineEsitElementinAltindakineTikla(findTestObject("Filtreler/Basliklar"), findTestObject("Filtreler/Basliga_Gore_Baslangic_Image"), Filtre_Adi): Method.TextDegerineEsitElementinAltindakineTikla is PASSED

2021-11-23 09:58:45 - [MESSAGE][INFO] - Finding Test Object 'Object Repository/Filtreler/Basliklar'

2021-11-23 09:58:45 - [MESSAGE][INFO] - Finding Test Object 'Object Repository/Filtreler/Basliga_Gore_Baslangic_Image'

2021-11-23 09:58:45 - [MESSAGE][INFO] - Checking timeout

2021-11-23 09:58:45 - [MESSAGE][INFO] - Finding web element with id: 'Object Repository/Filtreler/Basliklar' located by 'By.cssSelector: .control-label.col-sm-4.paddingMarginRLC' in '10' second(s)

2021-11-23 09:58:45 - [MESSAGE][INFO] - Smart Wait Function is triggered

2021-11-23 09:58:45 - [MESSAGE][INFO] - Found 6 web elements with id: 'Object Repository/Filtreler/Basliklar' located by 'By.cssSelector: .control-label.col-sm-4.paddingMarginRLC' in '10' second(s)

2021-11-23 09:58:45 - [MESSAGE][INFO] - Smart Wait Function is triggered

2021-11-23 09:58:46 - [MESSAGE][PASSED] - Method.TextDegerineEsitElementinAltindakineTikla is PASSED

2021-11-23 09:58:46 - [TEST_STEP][PASSED] - Method.TextDegerineEsitElementeTikla(findTestObject("Object Repository/Filtreler/Basliga_Gore_Dropdown"), Filtre_Degeri): Method.TextDegerineEsitElementeTikla is PASSED

2021-11-23 09:58:46 - [MESSAGE][INFO] - Finding Test Object 'Object Repository/Filtreler/Basliga_Gore_Dropdown'

2021-11-23 09:58:46 - [MESSAGE][INFO] - Checking timeout

2021-11-23 09:58:46 - [MESSAGE][INFO] - Finding web element with id: 'Object Repository/Filtreler/Basliga_Gore_Dropdown' located by 'By.xpath: //*[@class = 'dxeListBoxItemRow_LECustomTheme']' in '10' second(s)

2021-11-23 09:58:46 - [MESSAGE][INFO] - Smart Wait Function is triggered

2021-11-23 09:58:46 - [MESSAGE][INFO] - Found 58 web elements with id: 'Object Repository/Filtreler/Basliga_Gore_Dropdown' located by 'By.xpath: //*[@class = 'dxeListBoxItemRow_LECustomTheme']' in '10' second(s)

2021-11-23 09:58:46 - [MESSAGE][PASSED] - Method.TextDegerineEsitElementeTikla is PASSED

2021-11-23 09:58:46 - [MESSAGE][PASSED] - Call Test Case 'Test Cases/Filtreler/DropdownSec' successfully

2021-11-23 09:58:46 - [MESSAGE][INFO] - Checking called Test Case

2021-11-23 09:58:46 - [MESSAGE][INFO] - Starting to call Test Case 'Test Cases/Filtreler/ButonaTikla'

2021-11-23 09:58:46 - [TEST_CASE][PASSED] - Test Cases/Filtreler/ButonaTikla: Test Cases/Filtreler/ButonaTikla

2021-11-23 09:58:46 - [TEST_STEP][PASSED] - Method.TextDegerineEsitElementeTikla(findTestObject("Filtreler/Butonlar"), Filtre_Buton): Method.TextDegerineEsitElementeTikla is PASSED

2021-11-23 09:58:46 - [MESSAGE][INFO] - Finding Test Object 'Object Repository/Filtreler/Butonlar'

2021-11-23 09:58:46 - [MESSAGE][INFO] - Checking timeout

2021-11-23 09:58:46 - [MESSAGE][INFO] - Finding web element with id: 'Object Repository/Filtreler/Butonlar' located by 'By.cssSelector: .dxb>span' in '10' second(s)

2021-11-23 09:58:46 - [MESSAGE][INFO] - Smart Wait Function is triggered

2021-11-23 09:58:47 - [MESSAGE][INFO] - Found 2 web elements with id: 'Object Repository/Filtreler/Butonlar' located by 'By.cssSelector: .dxb>span' in '10' second(s)

2021-11-23 09:58:47 - [MESSAGE][PASSED] - Method.TextDegerineEsitElementeTikla is PASSED

2021-11-23 09:58:47 - [MESSAGE][PASSED] - Call Test Case 'Test Cases/Filtreler/ButonaTikla' successfully

2021-11-23 09:58:47 - [MESSAGE][INFO] - Checking called Test Case

2021-11-23 09:58:47 - [MESSAGE][INFO] - Starting to call Test Case 'Test Cases/Tablo/TablodaVeriVarMi'

2021-11-23 09:58:47 - [TEST_CASE][PASSED] - Test Cases/Tablo/TablodaVeriVarMi: Test Cases/Tablo/TablodaVeriVarMi

2021-11-23 09:58:47 - [TEST_STEP][PASSED] - verifyTextNotPresent("Görüntülenecek veri yok", true): Text 'Görüntülenecek veri yok' is not present on page using regular expression

2021-11-23 09:58:47 - [MESSAGE][INFO] - Checking text present  using regular expression

2021-11-23 09:58:47 - [MESSAGE][INFO] - Smart Wait Function is triggered

2021-11-23 09:58:47 - [MESSAGE][INFO] - Finding text 'Görüntülenecek veri yok' on page  using regular expression

2021-11-23 09:58:47 - [MESSAGE][PASSED] - Text 'Görüntülenecek veri yok' is not present on page using regular expression

2021-11-23 09:58:47 - [MESSAGE][PASSED] - Call Test Case 'Test Cases/Tablo/TablodaVeriVarMi' successfully

2021-11-23 09:58:47 - [MESSAGE][INFO] - Checking called Test Case

2021-11-23 09:58:47 - [MESSAGE][INFO] - Starting to call Test Case 'Test Cases/Filtreler/TexboxaYaz'

2021-11-23 09:58:47 - [TEST_CASE][PASSED] - Test Cases/Filtreler/TexboxaYaz: Test Cases/Filtreler/TexboxaYaz

2021-11-23 09:58:47 - [TEST_STEP][PASSED] - Method.TextDegerineEsitElementinAltindakiTextboxtaYaz(findTestObject("Filtreler/Basliklar"), findTestObject("Filtreler/Basliga_Gore_Textbox"), Filtre_Adi, Filtre_Degeri): Method.TextDegerineEsitElementinAltindakiTextboxtaYaz is PASSED

2021-11-23 09:58:47 - [MESSAGE][INFO] - Finding Test Object 'Object Repository/Filtreler/Basliklar'

2021-11-23 09:58:48 - [MESSAGE][INFO] - Finding Test Object 'Object Repository/Filtreler/Basliga_Gore_Textbox'

2021-11-23 09:58:48 - [MESSAGE][INFO] - Checking timeout

2021-11-23 09:58:48 - [MESSAGE][INFO] - Finding web element with id: 'Object Repository/Filtreler/Basliklar' located by 'By.cssSelector: .control-label.col-sm-4.paddingMarginRLC' in '10' second(s)

2021-11-23 09:58:48 - [MESSAGE][INFO] - Smart Wait Function is triggered

2021-11-23 09:58:48 - [MESSAGE][INFO] - Found 6 web elements with id: 'Object Repository/Filtreler/Basliklar' located by 'By.cssSelector: .control-label.col-sm-4.paddingMarginRLC' in '10' second(s)

2021-11-23 09:58:48 - [MESSAGE][INFO] - Smart Wait Function is triggered

2021-11-23 09:58:48 - [MESSAGE][PASSED] - Method.TextDegerineEsitElementinAltindakiTextboxtaYaz is PASSED

2021-11-23 09:58:48 - [MESSAGE][PASSED] - Call Test Case 'Test Cases/Filtreler/TexboxaYaz' successfully

2021-11-23 09:58:48 - [MESSAGE][INFO] - Checking called Test Case

2021-11-23 09:58:48 - [MESSAGE][INFO] - Starting to call Test Case 'Test Cases/Filtreler/TexboxaYaz'

2021-11-23 09:58:48 - [TEST_CASE][PASSED] - Test Cases/Filtreler/TexboxaYaz: Test Cases/Filtreler/TexboxaYaz

2021-11-23 09:58:48 - [TEST_STEP][PASSED] - Method.TextDegerineEsitElementinAltindakiTextboxtaYaz(findTestObject("Filtreler/Basliklar"), findTestObject("Filtreler/Basliga_Gore_Textbox"), Filtre_Adi, Filtre_Degeri): Method.TextDegerineEsitElementinAltindakiTextboxtaYaz is PASSED

2021-11-23 09:58:48 - [MESSAGE][INFO] - Finding Test Object 'Object Repository/Filtreler/Basliklar'

2021-11-23 09:58:48 - [MESSAGE][INFO] - Finding Test Object 'Object Repository/Filtreler/Basliga_Gore_Textbox'

2021-11-23 09:58:49 - [MESSAGE][INFO] - Checking timeout

2021-11-23 09:58:49 - [MESSAGE][INFO] - Finding web element with id: 'Object Repository/Filtreler/Basliklar' located by 'By.cssSelector: .control-label.col-sm-4.paddingMarginRLC' in '10' second(s)

2021-11-23 09:58:49 - [MESSAGE][INFO] - Smart Wait Function is triggered

2021-11-23 09:58:49 - [MESSAGE][INFO] - Found 6 web elements with id: 'Object Repository/Filtreler/Basliklar' located by 'By.cssSelector: .control-label.col-sm-4.paddingMarginRLC' in '10' second(s)

2021-11-23 09:58:49 - [MESSAGE][INFO] - Smart Wait Function is triggered

2021-11-23 09:58:49 - [MESSAGE][PASSED] - Method.TextDegerineEsitElementinAltindakiTextboxtaYaz is PASSED

2021-11-23 09:58:49 - [MESSAGE][PASSED] - Call Test Case 'Test Cases/Filtreler/TexboxaYaz' successfully

2021-11-23 09:58:49 - [MESSAGE][INFO] - Checking called Test Case

2021-11-23 09:58:49 - [MESSAGE][INFO] - Starting to call Test Case 'Test Cases/Filtreler/DropdownSec'

2021-11-23 09:58:49 - [TEST_CASE][PASSED] - Test Cases/Filtreler/DropdownSec: Test Cases/Filtreler/DropdownSec

2021-11-23 09:58:49 - [TEST_STEP][PASSED] - Method.TextDegerineEsitElementinAltindakineTikla(findTestObject("Filtreler/Basliklar"), findTestObject("Filtreler/Basliga_Gore_Baslangic_Image"), Filtre_Adi): Method.TextDegerineEsitElementinAltindakineTikla is PASSED

2021-11-23 09:58:49 - [MESSAGE][INFO] - Finding Test Object 'Object Repository/Filtreler/Basliklar'

2021-11-23 09:58:49 - [MESSAGE][INFO] - Finding Test Object 'Object Repository/Filtreler/Basliga_Gore_Baslangic_Image'

2021-11-23 09:58:50 - [MESSAGE][INFO] - Checking timeout

2021-11-23 09:58:50 - [MESSAGE][INFO] - Finding web element with id: 'Object Repository/Filtreler/Basliklar' located by 'By.cssSelector: .control-label.col-sm-4.paddingMarginRLC' in '10' second(s)

2021-11-23 09:58:50 - [MESSAGE][INFO] - Smart Wait Function is triggered

2021-11-23 09:58:50 - [MESSAGE][INFO] - Found 6 web elements with id: 'Object Repository/Filtreler/Basliklar' located by 'By.cssSelector: .control-label.col-sm-4.paddingMarginRLC' in '10' second(s)

2021-11-23 09:58:50 - [MESSAGE][INFO] - Smart Wait Function is triggered

2021-11-23 09:58:50 - [MESSAGE][PASSED] - Method.TextDegerineEsitElementinAltindakineTikla is PASSED

2021-11-23 09:58:50 - [TEST_STEP][PASSED] - Method.TextDegerineEsitElementeTikla(findTestObject("Object Repository/Filtreler/Basliga_Gore_Dropdown"), Filtre_Degeri): Method.TextDegerineEsitElementeTikla is PASSED

2021-11-23 09:58:50 - [MESSAGE][INFO] - Finding Test Object 'Object Repository/Filtreler/Basliga_Gore_Dropdown'

2021-11-23 09:58:50 - [MESSAGE][INFO] - Checking timeout

2021-11-23 09:58:50 - [MESSAGE][INFO] - Finding web element with id: 'Object Repository/Filtreler/Basliga_Gore_Dropdown' located by 'By.xpath: //*[@class = 'dxeListBoxItemRow_LECustomTheme']' in '10' second(s)

2021-11-23 09:58:50 - [MESSAGE][INFO] - Smart Wait Function is triggered

2021-11-23 09:58:50 - [MESSAGE][INFO] - Found 58 web elements with id: 'Object Repository/Filtreler/Basliga_Gore_Dropdown' located by 'By.xpath: //*[@class = 'dxeListBoxItemRow_LECustomTheme']' in '10' second(s)

2021-11-23 09:58:51 - [MESSAGE][PASSED] - Method.TextDegerineEsitElementeTikla is PASSED

2021-11-23 09:58:51 - [MESSAGE][PASSED] - Call Test Case 'Test Cases/Filtreler/DropdownSec' successfully

2021-11-23 09:58:51 - [MESSAGE][INFO] - Checking called Test Case

2021-11-23 09:58:51 - [MESSAGE][INFO] - Starting to call Test Case 'Test Cases/Filtreler/ButonaTikla'

2021-11-23 09:58:51 - [TEST_CASE][PASSED] - Test Cases/Filtreler/ButonaTikla: Test Cases/Filtreler/ButonaTikla

2021-11-23 09:58:51 - [TEST_STEP][PASSED] - Method.TextDegerineEsitElementeTikla(findTestObject("Filtreler/Butonlar"), Filtre_Buton): Method.TextDegerineEsitElementeTikla is PASSED

2021-11-23 09:58:51 - [MESSAGE][INFO] - Finding Test Object 'Object Repository/Filtreler/Butonlar'

2021-11-23 09:58:51 - [MESSAGE][INFO] - Checking timeout

2021-11-23 09:58:51 - [MESSAGE][INFO] - Finding web element with id: 'Object Repository/Filtreler/Butonlar' located by 'By.cssSelector: .dxb>span' in '10' second(s)

2021-11-23 09:58:51 - [MESSAGE][INFO] - Smart Wait Function is triggered

2021-11-23 09:58:51 - [MESSAGE][INFO] - Found 2 web elements with id: 'Object Repository/Filtreler/Butonlar' located by 'By.cssSelector: .dxb>span' in '10' second(s)

2021-11-23 09:58:51 - [MESSAGE][PASSED] - Method.TextDegerineEsitElementeTikla is PASSED

2021-11-23 09:58:51 - [MESSAGE][PASSED] - Call Test Case 'Test Cases/Filtreler/ButonaTikla' successfully

2021-11-23 09:58:51 - [MESSAGE][INFO] - Checking called Test Case

2021-11-23 09:58:51 - [MESSAGE][INFO] - Starting to call Test Case 'Test Cases/Tablo/TablodaVeriVarMi'

2021-11-23 09:58:51 - [TEST_CASE][PASSED] - Test Cases/Tablo/TablodaVeriVarMi: Test Cases/Tablo/TablodaVeriVarMi

2021-11-23 09:58:51 - [TEST_STEP][PASSED] - verifyTextNotPresent("Görüntülenecek veri yok", true): Text 'Görüntülenecek veri yok' is not present on page using regular expression

2021-11-23 09:58:51 - [MESSAGE][INFO] - Checking text present  using regular expression

2021-11-23 09:58:51 - [MESSAGE][INFO] - Smart Wait Function is triggered

2021-11-23 09:58:52 - [MESSAGE][INFO] - Finding text 'Görüntülenecek veri yok' on page  using regular expression

2021-11-23 09:58:52 - [MESSAGE][PASSED] - Text 'Görüntülenecek veri yok' is not present on page using regular expression

2021-11-23 09:58:52 - [MESSAGE][PASSED] - Call Test Case 'Test Cases/Tablo/TablodaVeriVarMi' successfully

2021-11-23 09:58:52 - [MESSAGE][INFO] - Checking called Test Case

2021-11-23 09:58:52 - [MESSAGE][INFO] - Starting to call Test Case 'Test Cases/Filtreler/TexboxaYaz'

2021-11-23 09:58:52 - [TEST_CASE][PASSED] - Test Cases/Filtreler/TexboxaYaz: Test Cases/Filtreler/TexboxaYaz

2021-11-23 09:58:52 - [TEST_STEP][PASSED] - Method.TextDegerineEsitElementinAltindakiTextboxtaYaz(findTestObject("Filtreler/Basliklar"), findTestObject("Filtreler/Basliga_Gore_Textbox"), Filtre_Adi, Filtre_Degeri): Method.TextDegerineEsitElementinAltindakiTextboxtaYaz is PASSED

2021-11-23 09:58:52 - [MESSAGE][INFO] - Finding Test Object 'Object Repository/Filtreler/Basliklar'

2021-11-23 09:58:52 - [MESSAGE][INFO] - Finding Test Object 'Object Repository/Filtreler/Basliga_Gore_Textbox'

2021-11-23 09:58:52 - [MESSAGE][INFO] - Checking timeout

2021-11-23 09:58:52 - [MESSAGE][INFO] - Finding web element with id: 'Object Repository/Filtreler/Basliklar' located by 'By.cssSelector: .control-label.col-sm-4.paddingMarginRLC' in '10' second(s)

2021-11-23 09:58:52 - [MESSAGE][INFO] - Smart Wait Function is triggered

2021-11-23 09:58:53 - [MESSAGE][INFO] - Found 6 web elements with id: 'Object Repository/Filtreler/Basliklar' located by 'By.cssSelector: .control-label.col-sm-4.paddingMarginRLC' in '10' second(s)

2021-11-23 09:58:53 - [MESSAGE][INFO] - Smart Wait Function is triggered

2021-11-23 09:58:53 - [MESSAGE][PASSED] - Method.TextDegerineEsitElementinAltindakiTextboxtaYaz is PASSED

2021-11-23 09:58:53 - [MESSAGE][PASSED] - Call Test Case 'Test Cases/Filtreler/TexboxaYaz' successfully

2021-11-23 09:58:53 - [MESSAGE][INFO] - Checking called Test Case

2021-11-23 09:58:53 - [MESSAGE][INFO] - Starting to call Test Case 'Test Cases/Filtreler/TexboxaYaz'

2021-11-23 09:58:53 - [TEST_CASE][PASSED] - Test Cases/Filtreler/TexboxaYaz: Test Cases/Filtreler/TexboxaYaz

2021-11-23 09:58:53 - [TEST_STEP][PASSED] - Method.TextDegerineEsitElementinAltindakiTextboxtaYaz(findTestObject("Filtreler/Basliklar"), findTestObject("Filtreler/Basliga_Gore_Textbox"), Filtre_Adi, Filtre_Degeri): Method.TextDegerineEsitElementinAltindakiTextboxtaYaz is PASSED

2021-11-23 09:58:53 - [MESSAGE][INFO] - Finding Test Object 'Object Repository/Filtreler/Basliklar'

2021-11-23 09:58:53 - [MESSAGE][INFO] - Finding Test Object 'Object Repository/Filtreler/Basliga_Gore_Textbox'

2021-11-23 09:58:53 - [MESSAGE][INFO] - Checking timeout

2021-11-23 09:58:53 - [MESSAGE][INFO] - Finding web element with id: 'Object Repository/Filtreler/Basliklar' located by 'By.cssSelector: .control-label.col-sm-4.paddingMarginRLC' in '10' second(s)

2021-11-23 09:58:53 - [MESSAGE][INFO] - Smart Wait Function is triggered

2021-11-23 09:58:54 - [MESSAGE][INFO] - Found 6 web elements with id: 'Object Repository/Filtreler/Basliklar' located by 'By.cssSelector: .control-label.col-sm-4.paddingMarginRLC' in '10' second(s)

2021-11-23 09:58:54 - [MESSAGE][INFO] - Smart Wait Function is triggered

2021-11-23 09:58:54 - [MESSAGE][PASSED] - Method.TextDegerineEsitElementinAltindakiTextboxtaYaz is PASSED

2021-11-23 09:58:54 - [MESSAGE][PASSED] - Call Test Case 'Test Cases/Filtreler/TexboxaYaz' successfully

2021-11-23 09:58:54 - [MESSAGE][INFO] - Checking called Test Case

2021-11-23 09:58:54 - [MESSAGE][INFO] - Starting to call Test Case 'Test Cases/Filtreler/ButonaTikla'

2021-11-23 09:58:54 - [TEST_CASE][PASSED] - Test Cases/Filtreler/ButonaTikla: Test Cases/Filtreler/ButonaTikla

2021-11-23 09:58:54 - [TEST_STEP][PASSED] - Method.TextDegerineEsitElementeTikla(findTestObject("Filtreler/Butonlar"), Filtre_Buton): Method.TextDegerineEsitElementeTikla is PASSED

2021-11-23 09:58:54 - [MESSAGE][INFO] - Finding Test Object 'Object Repository/Filtreler/Butonlar'

2021-11-23 09:58:54 - [MESSAGE][INFO] - Checking timeout

2021-11-23 09:58:54 - [MESSAGE][INFO] - Finding web element with id: 'Object Repository/Filtreler/Butonlar' located by 'By.cssSelector: .dxb>span' in '10' second(s)

2021-11-23 09:58:54 - [MESSAGE][INFO] - Smart Wait Function is triggered

2021-11-23 09:58:55 - [MESSAGE][INFO] - Found 2 web elements with id: 'Object Repository/Filtreler/Butonlar' located by 'By.cssSelector: .dxb>span' in '10' second(s)

2021-11-23 09:58:55 - [MESSAGE][PASSED] - Method.TextDegerineEsitElementeTikla is PASSED

2021-11-23 09:58:55 - [MESSAGE][PASSED] - Call Test Case 'Test Cases/Filtreler/ButonaTikla' successfully

2021-11-23 09:58:55 - [MESSAGE][INFO] - Checking called Test Case

2021-11-23 09:58:55 - [MESSAGE][INFO] - Starting to call Test Case 'Test Cases/Tablo/TablodaVeriVarMi'

2021-11-23 09:58:55 - [TEST_CASE][PASSED] - Test Cases/Tablo/TablodaVeriVarMi: Test Cases/Tablo/TablodaVeriVarMi

2021-11-23 09:58:55 - [TEST_STEP][PASSED] - verifyTextNotPresent("Görüntülenecek veri yok", true): Text 'Görüntülenecek veri yok' is not present on page using regular expression

2021-11-23 09:58:55 - [MESSAGE][INFO] - Checking text present  using regular expression

2021-11-23 09:58:55 - [MESSAGE][INFO] - Smart Wait Function is triggered

2021-11-23 09:58:56 - [MESSAGE][INFO] - Finding text 'Görüntülenecek veri yok' on page  using regular expression

2021-11-23 09:58:56 - [MESSAGE][PASSED] - Text 'Görüntülenecek veri yok' is not present on page using regular expression

2021-11-23 09:58:56 - [MESSAGE][PASSED] - Call Test Case 'Test Cases/Tablo/TablodaVeriVarMi' successfully

2021-11-23 09:58:56 - [MESSAGE][INFO] - Checking called Test Case

2021-11-23 09:58:56 - [MESSAGE][INFO] - Starting to call Test Case 'Test Cases/Filtreler/DropdownSec'

2021-11-23 09:58:56 - [TEST_CASE][PASSED] - Test Cases/Filtreler/DropdownSec: Test Cases/Filtreler/DropdownSec

2021-11-23 09:58:56 - [TEST_STEP][PASSED] - Method.TextDegerineEsitElementinAltindakineTikla(findTestObject("Filtreler/Basliklar"), findTestObject("Filtreler/Basliga_Gore_Baslangic_Image"), Filtre_Adi): Method.TextDegerineEsitElementinAltindakineTikla is PASSED

2021-11-23 09:58:56 - [MESSAGE][INFO] - Finding Test Object 'Object Repository/Filtreler/Basliklar'

2021-11-23 09:58:56 - [MESSAGE][INFO] - Finding Test Object 'Object Repository/Filtreler/Basliga_Gore_Baslangic_Image'

2021-11-23 09:58:56 - [MESSAGE][INFO] - Checking timeout

2021-11-23 09:58:56 - [MESSAGE][INFO] - Finding web element with id: 'Object Repository/Filtreler/Basliklar' located by 'By.cssSelector: .control-label.col-sm-4.paddingMarginRLC' in '10' second(s)

2021-11-23 09:58:56 - [MESSAGE][INFO] - Smart Wait Function is triggered

2021-11-23 09:58:56 - [MESSAGE][INFO] - Found 6 web elements with id: 'Object Repository/Filtreler/Basliklar' located by 'By.cssSelector: .control-label.col-sm-4.paddingMarginRLC' in '10' second(s)

2021-11-23 09:58:56 - [MESSAGE][INFO] - Smart Wait Function is triggered

2021-11-23 09:58:56 - [MESSAGE][PASSED] - Method.TextDegerineEsitElementinAltindakineTikla is PASSED

2021-11-23 09:58:56 - [TEST_STEP][PASSED] - Method.TextDegerineEsitElementeTikla(findTestObject("Object Repository/Filtreler/Basliga_Gore_Dropdown"), Filtre_Degeri): Method.TextDegerineEsitElementeTikla is PASSED

2021-11-23 09:58:57 - [MESSAGE][INFO] - Finding Test Object 'Object Repository/Filtreler/Basliga_Gore_Dropdown'

2021-11-23 09:58:57 - [MESSAGE][INFO] - Checking timeout

2021-11-23 09:58:57 - [MESSAGE][INFO] - Finding web element with id: 'Object Repository/Filtreler/Basliga_Gore_Dropdown' located by 'By.xpath: //*[@class = 'dxeListBoxItemRow_LECustomTheme']' in '10' second(s)

2021-11-23 09:58:57 - [MESSAGE][INFO] - Smart Wait Function is triggered

2021-11-23 09:58:57 - [MESSAGE][INFO] - Found 58 web elements with id: 'Object Repository/Filtreler/Basliga_Gore_Dropdown' located by 'By.xpath: //*[@class = 'dxeListBoxItemRow_LECustomTheme']' in '10' second(s)

2021-11-23 09:58:57 - [MESSAGE][PASSED] - Method.TextDegerineEsitElementeTikla is PASSED

2021-11-23 09:58:57 - [MESSAGE][PASSED] - Call Test Case 'Test Cases/Filtreler/DropdownSec' successfully

2021-11-23 09:58:57 - [MESSAGE][INFO] - Checking called Test Case

2021-11-23 09:58:57 - [MESSAGE][INFO] - Starting to call Test Case 'Test Cases/Filtreler/ButonaTikla'

2021-11-23 09:58:58 - [TEST_CASE][PASSED] - Test Cases/Filtreler/ButonaTikla: Test Cases/Filtreler/ButonaTikla

2021-11-23 09:58:58 - [TEST_STEP][PASSED] - Method.TextDegerineEsitElementeTikla(findTestObject("Filtreler/Butonlar"), Filtre_Buton): Method.TextDegerineEsitElementeTikla is PASSED

2021-11-23 09:58:58 - [MESSAGE][INFO] - Finding Test Object 'Object Repository/Filtreler/Butonlar'

2021-11-23 09:58:58 - [MESSAGE][INFO] - Checking timeout

2021-11-23 09:58:58 - [MESSAGE][INFO] - Finding web element with id: 'Object Repository/Filtreler/Butonlar' located by 'By.cssSelector: .dxb>span' in '10' second(s)

2021-11-23 09:58:58 - [MESSAGE][INFO] - Smart Wait Function is triggered

2021-11-23 09:58:58 - [MESSAGE][INFO] - Found 2 web elements with id: 'Object Repository/Filtreler/Butonlar' located by 'By.cssSelector: .dxb>span' in '10' second(s)

2021-11-23 09:58:58 - [MESSAGE][PASSED] - Method.TextDegerineEsitElementeTikla is PASSED

2021-11-23 09:58:58 - [MESSAGE][PASSED] - Call Test Case 'Test Cases/Filtreler/ButonaTikla' successfully

2021-11-23 09:58:58 - [MESSAGE][INFO] - Checking called Test Case

2021-11-23 09:58:58 - [MESSAGE][INFO] - Starting to call Test Case 'Test Cases/Tablo/TablodaVeriVarMi'

2021-11-23 09:58:58 - [TEST_CASE][PASSED] - Test Cases/Tablo/TablodaVeriVarMi: Test Cases/Tablo/TablodaVeriVarMi

2021-11-23 09:58:58 - [TEST_STEP][PASSED] - verifyTextNotPresent("Görüntülenecek veri yok", true): Text 'Görüntülenecek veri yok' is not present on page using regular expression

2021-11-23 09:58:58 - [MESSAGE][INFO] - Checking text present  using regular expression

2021-11-23 09:58:58 - [MESSAGE][INFO] - Smart Wait Function is triggered

2021-11-23 09:58:59 - [MESSAGE][INFO] - Finding text 'Görüntülenecek veri yok' on page  using regular expression

2021-11-23 09:58:59 - [MESSAGE][PASSED] - Text 'Görüntülenecek veri yok' is not present on page using regular expression

2021-11-23 09:58:59 - [MESSAGE][PASSED] - Call Test Case 'Test Cases/Tablo/TablodaVeriVarMi' successfully

2021-11-23 09:58:59 - [MESSAGE][INFO] - Checking called Test Case

2021-11-23 09:58:59 - [MESSAGE][INFO] - Starting to call Test Case 'Test Cases/Filtreler/TexboxaYaz'

2021-11-23 09:58:59 - [TEST_CASE][PASSED] - Test Cases/Filtreler/TexboxaYaz: Test Cases/Filtreler/TexboxaYaz

2021-11-23 09:58:59 - [TEST_STEP][PASSED] - Method.TextDegerineEsitElementinAltindakiTextboxtaYaz(findTestObject("Filtreler/Basliklar"), findTestObject("Filtreler/Basliga_Gore_Textbox"), Filtre_Adi, Filtre_Degeri): Method.TextDegerineEsitElementinAltindakiTextboxtaYaz is PASSED

2021-11-23 09:58:59 - [MESSAGE][INFO] - Finding Test Object 'Object Repository/Filtreler/Basliklar'

2021-11-23 09:58:59 - [MESSAGE][INFO] - Finding Test Object 'Object Repository/Filtreler/Basliga_Gore_Textbox'

2021-11-23 09:58:59 - [MESSAGE][INFO] - Checking timeout

2021-11-23 09:58:59 - [MESSAGE][INFO] - Finding web element with id: 'Object Repository/Filtreler/Basliklar' located by 'By.cssSelector: .control-label.col-sm-4.paddingMarginRLC' in '10' second(s)

2021-11-23 09:58:59 - [MESSAGE][INFO] - Smart Wait Function is triggered

2021-11-23 09:58:59 - [MESSAGE][INFO] - Found 6 web elements with id: 'Object Repository/Filtreler/Basliklar' located by 'By.cssSelector: .control-label.col-sm-4.paddingMarginRLC' in '10' second(s)

2021-11-23 09:58:59 - [MESSAGE][INFO] - Smart Wait Function is triggered

2021-11-23 09:59:00 - [MESSAGE][PASSED] - Method.TextDegerineEsitElementinAltindakiTextboxtaYaz is PASSED

2021-11-23 09:59:00 - [MESSAGE][PASSED] - Call Test Case 'Test Cases/Filtreler/TexboxaYaz' successfully

2021-11-23 09:59:00 - [MESSAGE][INFO] - Checking called Test Case

2021-11-23 09:59:00 - [MESSAGE][INFO] - Starting to call Test Case 'Test Cases/Filtreler/DropdownSec'

2021-11-23 09:59:00 - [TEST_CASE][PASSED] - Test Cases/Filtreler/DropdownSec: Test Cases/Filtreler/DropdownSec

2021-11-23 09:59:00 - [TEST_STEP][PASSED] - Method.TextDegerineEsitElementinAltindakineTikla(findTestObject("Filtreler/Basliklar"), findTestObject("Filtreler/Basliga_Gore_Baslangic_Image"), Filtre_Adi): Method.TextDegerineEsitElementinAltindakineTikla is PASSED

2021-11-23 09:59:00 - [MESSAGE][INFO] - Finding Test Object 'Object Repository/Filtreler/Basliklar'

2021-11-23 09:59:00 - [MESSAGE][INFO] - Finding Test Object 'Object Repository/Filtreler/Basliga_Gore_Baslangic_Image'

2021-11-23 09:59:00 - [MESSAGE][INFO] - Checking timeout

2021-11-23 09:59:00 - [MESSAGE][INFO] - Finding web element with id: 'Object Repository/Filtreler/Basliklar' located by 'By.cssSelector: .control-label.col-sm-4.paddingMarginRLC' in '10' second(s)

2021-11-23 09:59:00 - [MESSAGE][INFO] - Smart Wait Function is triggered

2021-11-23 09:59:01 - [MESSAGE][INFO] - Found 6 web elements with id: 'Object Repository/Filtreler/Basliklar' located by 'By.cssSelector: .control-label.col-sm-4.paddingMarginRLC' in '10' second(s)

2021-11-23 09:59:01 - [MESSAGE][INFO] - Smart Wait Function is triggered

2021-11-23 09:59:01 - [MESSAGE][PASSED] - Method.TextDegerineEsitElementinAltindakineTikla is PASSED

2021-11-23 09:59:01 - [TEST_STEP][PASSED] - Method.TextDegerineEsitElementeTikla(findTestObject("Object Repository/Filtreler/Basliga_Gore_Dropdown"), Filtre_Degeri): Method.TextDegerineEsitElementeTikla is PASSED

2021-11-23 09:59:01 - [MESSAGE][INFO] - Finding Test Object 'Object Repository/Filtreler/Basliga_Gore_Dropdown'

2021-11-23 09:59:01 - [MESSAGE][INFO] - Checking timeout

2021-11-23 09:59:01 - [MESSAGE][INFO] - Finding web element with id: 'Object Repository/Filtreler/Basliga_Gore_Dropdown' located by 'By.xpath: //*[@class = 'dxeListBoxItemRow_LECustomTheme']' in '10' second(s)

2021-11-23 09:59:01 - [MESSAGE][INFO] - Smart Wait Function is triggered

2021-11-23 09:59:01 - [MESSAGE][INFO] - Found 58 web elements with id: 'Object Repository/Filtreler/Basliga_Gore_Dropdown' located by 'By.xpath: //*[@class = 'dxeListBoxItemRow_LECustomTheme']' in '10' second(s)

2021-11-23 09:59:02 - [MESSAGE][PASSED] - Method.TextDegerineEsitElementeTikla is PASSED

2021-11-23 09:59:02 - [MESSAGE][PASSED] - Call Test Case 'Test Cases/Filtreler/DropdownSec' successfully

2021-11-23 09:59:02 - [MESSAGE][INFO] - Checking called Test Case

2021-11-23 09:59:02 - [MESSAGE][INFO] - Starting to call Test Case 'Test Cases/Filtreler/DropdownSec'

2021-11-23 09:59:02 - [TEST_CASE][PASSED] - Test Cases/Filtreler/DropdownSec: Test Cases/Filtreler/DropdownSec

2021-11-23 09:59:02 - [TEST_STEP][PASSED] - Method.TextDegerineEsitElementinAltindakineTikla(findTestObject("Filtreler/Basliklar"), findTestObject("Filtreler/Basliga_Gore_Baslangic_Image"), Filtre_Adi): Method.TextDegerineEsitElementinAltindakineTikla is PASSED

2021-11-23 09:59:02 - [MESSAGE][INFO] - Finding Test Object 'Object Repository/Filtreler/Basliklar'

2021-11-23 09:59:02 - [MESSAGE][INFO] - Finding Test Object 'Object Repository/Filtreler/Basliga_Gore_Baslangic_Image'

2021-11-23 09:59:02 - [MESSAGE][INFO] - Checking timeout

2021-11-23 09:59:02 - [MESSAGE][INFO] - Finding web element with id: 'Object Repository/Filtreler/Basliklar' located by 'By.cssSelector: .control-label.col-sm-4.paddingMarginRLC' in '10' second(s)

2021-11-23 09:59:02 - [MESSAGE][INFO] - Smart Wait Function is triggered

2021-11-23 09:59:02 - [MESSAGE][INFO] - Found 6 web elements with id: 'Object Repository/Filtreler/Basliklar' located by 'By.cssSelector: .control-label.col-sm-4.paddingMarginRLC' in '10' second(s)

2021-11-23 09:59:02 - [MESSAGE][INFO] - Smart Wait Function is triggered

2021-11-23 09:59:03 - [MESSAGE][PASSED] - Method.TextDegerineEsitElementinAltindakineTikla is PASSED

2021-11-23 09:59:03 - [TEST_STEP][PASSED] - Method.TextDegerineEsitElementeTikla(findTestObject("Object Repository/Filtreler/Basliga_Gore_Dropdown"), Filtre_Degeri): Method.TextDegerineEsitElementeTikla is PASSED

2021-11-23 09:59:03 - [MESSAGE][INFO] - Finding Test Object 'Object Repository/Filtreler/Basliga_Gore_Dropdown'

2021-11-23 09:59:03 - [MESSAGE][INFO] - Checking timeout

2021-11-23 09:59:03 - [MESSAGE][INFO] - Finding web element with id: 'Object Repository/Filtreler/Basliga_Gore_Dropdown' located by 'By.xpath: //*[@class = 'dxeListBoxItemRow_LECustomTheme']' in '10' second(s)

2021-11-23 09:59:03 - [MESSAGE][INFO] - Smart Wait Function is triggered

2021-11-23 09:59:03 - [MESSAGE][INFO] - Found 58 web elements with id: 'Object Repository/Filtreler/Basliga_Gore_Dropdown' located by 'By.xpath: //*[@class = 'dxeListBoxItemRow_LECustomTheme']' in '10' second(s)

2021-11-23 09:59:03 - [MESSAGE][PASSED] - Method.TextDegerineEsitElementeTikla is PASSED

2021-11-23 09:59:03 - [MESSAGE][PASSED] - Call Test Case 'Test Cases/Filtreler/DropdownSec' successfully

2021-11-23 09:59:03 - [MESSAGE][INFO] - Checking called Test Case

2021-11-23 09:59:03 - [MESSAGE][INFO] - Starting to call Test Case 'Test Cases/Filtreler/ButonaTikla'

2021-11-23 09:59:03 - [TEST_CASE][PASSED] - Test Cases/Filtreler/ButonaTikla: Test Cases/Filtreler/ButonaTikla

2021-11-23 09:59:03 - [TEST_STEP][PASSED] - Method.TextDegerineEsitElementeTikla(findTestObject("Filtreler/Butonlar"), Filtre_Buton): Method.TextDegerineEsitElementeTikla is PASSED

2021-11-23 09:59:03 - [MESSAGE][INFO] - Finding Test Object 'Object Repository/Filtreler/Butonlar'

2021-11-23 09:59:03 - [MESSAGE][INFO] - Checking timeout

2021-11-23 09:59:03 - [MESSAGE][INFO] - Finding web element with id: 'Object Repository/Filtreler/Butonlar' located by 'By.cssSelector: .dxb>span' in '10' second(s)

2021-11-23 09:59:03 - [MESSAGE][INFO] - Smart Wait Function is triggered

2021-11-23 09:59:04 - [MESSAGE][INFO] - Found 2 web elements with id: 'Object Repository/Filtreler/Butonlar' located by 'By.cssSelector: .dxb>span' in '10' second(s)

2021-11-23 09:59:04 - [MESSAGE][PASSED] - Method.TextDegerineEsitElementeTikla is PASSED

2021-11-23 09:59:04 - [MESSAGE][PASSED] - Call Test Case 'Test Cases/Filtreler/ButonaTikla' successfully

2021-11-23 09:59:04 - [MESSAGE][INFO] - Checking called Test Case

2021-11-23 09:59:04 - [MESSAGE][INFO] - Starting to call Test Case 'Test Cases/Butonlar/SayfaBoyutuRaporlar'

2021-11-23 09:59:04 - [TEST_CASE][PASSED] - Test Cases/Butonlar/SayfaBoyutuRaporlar: Test Cases/Butonlar/SayfaBoyutuRaporlar

2021-11-23 09:59:05 - [TEST_STEP][PASSED] - click(findTestObject("Butonlar/SayfaBoyutuDropdownRaporlar")): Object: 'Object Repository/Butonlar/SayfaBoyutuDropdownRaporlar' is clicked on

2021-11-23 09:59:05 - [MESSAGE][INFO] - Finding Test Object 'Object Repository/Butonlar/SayfaBoyutuDropdownRaporlar'

2021-11-23 09:59:05 - [MESSAGE][INFO] - Checking object

2021-11-23 09:59:05 - [MESSAGE][INFO] - Finding web element from Test Object's properties

2021-11-23 09:59:05 - [MESSAGE][INFO] - Checking timeout

2021-11-23 09:59:05 - [MESSAGE][INFO] - Finding web element with id: 'Object Repository/Butonlar/SayfaBoyutuDropdownRaporlar' located by 'By.cssSelector: #GridViewCumulativeCreditReport_DXPagerBottom_PSB' in '30' second(s)

2021-11-23 09:59:05 - [MESSAGE][INFO] - Smart Wait Function is triggered

2021-11-23 09:59:05 - [MESSAGE][INFO] - Found 1 web elements with id: 'Object Repository/Butonlar/SayfaBoyutuDropdownRaporlar' located by 'By.cssSelector: #GridViewCumulativeCreditReport_DXPagerBottom_PSB' in '30' second(s)

2021-11-23 09:59:05 - [MESSAGE][INFO] - Clicking on object: 'Object Repository/Butonlar/SayfaBoyutuDropdownRaporlar'

2021-11-23 09:59:05 - [MESSAGE][PASSED] - Object: 'Object Repository/Butonlar/SayfaBoyutuDropdownRaporlar' is clicked on

2021-11-23 09:59:05 - [TEST_STEP][PASSED] - Method.TextDegerineEsitElementeTikla(findTestObject("Butonlar/SayfaBoyutu"), SayfaBoyutu): Method.TextDegerineEsitElementeTikla is PASSED

2021-11-23 09:59:05 - [MESSAGE][INFO] - Finding Test Object 'Object Repository/Butonlar/SayfaBoyutu'

2021-11-23 09:59:05 - [MESSAGE][INFO] - Checking timeout

2021-11-23 09:59:05 - [MESSAGE][INFO] - Finding web element with id: 'Object Repository/Butonlar/SayfaBoyutu' located by 'By.cssSelector: .dxm-item .dx-vam' in '10' second(s)

2021-11-23 09:59:05 - [MESSAGE][INFO] - Smart Wait Function is triggered

2021-11-23 09:59:05 - [MESSAGE][INFO] - Found 3 web elements with id: 'Object Repository/Butonlar/SayfaBoyutu' located by 'By.cssSelector: .dxm-item .dx-vam' in '10' second(s)

2021-11-23 09:59:05 - [MESSAGE][PASSED] - Method.TextDegerineEsitElementeTikla is PASSED

2021-11-23 09:59:05 - [MESSAGE][PASSED] - Call Test Case 'Test Cases/Butonlar/SayfaBoyutuRaporlar' successfully

2021-11-23 09:59:05 - [MESSAGE][INFO] - Checking called Test Case

2021-11-23 09:59:05 - [MESSAGE][INFO] - Starting to call Test Case 'Test Cases/Butonlar/NumaraliSayfayaGec'

2021-11-23 09:59:06 - [TEST_CASE][PASSED] - Test Cases/Butonlar/NumaraliSayfayaGec: Test Cases/Butonlar/NumaraliSayfayaGec

2021-11-23 09:59:06 - [TEST_STEP][PASSED] - waitForElementClickable(findTestObject("Butonlar/SayfaNumarasi"), 10): Object 'Object Repository/Butonlar/SayfaNumarasi' is clickable

2021-11-23 09:59:06 - [MESSAGE][INFO] - Finding Test Object 'Object Repository/Butonlar/SayfaNumarasi'

2021-11-23 09:59:06 - [MESSAGE][INFO] - Checking object

2021-11-23 09:59:06 - [MESSAGE][INFO] - Checking timeout

2021-11-23 09:59:06 - [MESSAGE][INFO] - Finding web element from Test Object's properties

2021-11-23 09:59:06 - [MESSAGE][INFO] - Checking timeout

2021-11-23 09:59:06 - [MESSAGE][INFO] - Finding web element with id: 'Object Repository/Butonlar/SayfaNumarasi' located by 'By.cssSelector: .dxp-num' in '10' second(s)

2021-11-23 09:59:06 - [MESSAGE][INFO] - Smart Wait Function is triggered

2021-11-23 09:59:06 - [MESSAGE][INFO] - Found 2 web elements with id: 'Object Repository/Butonlar/SayfaNumarasi' located by 'By.cssSelector: .dxp-num' in '10' second(s)

2021-11-23 09:59:06 - [MESSAGE][PASSED] - Object 'Object Repository/Butonlar/SayfaNumarasi' is clickable

2021-11-23 09:59:06 - [TEST_STEP][PASSED] - Method.TextDegerineEsitElementeTiklaEquals(findTestObject("Butonlar/SayfaNumarasi"), SayfaNumarasi): Method.TextDegerineEsitElementeTiklaEquals is PASSED

2021-11-23 09:59:06 - [MESSAGE][INFO] - Finding Test Object 'Object Repository/Butonlar/SayfaNumarasi'

2021-11-23 09:59:06 - [MESSAGE][INFO] - Checking timeout

2021-11-23 09:59:06 - [MESSAGE][INFO] - Finding web element with id: 'Object Repository/Butonlar/SayfaNumarasi' located by 'By.cssSelector: .dxp-num' in '10' second(s)

2021-11-23 09:59:06 - [MESSAGE][INFO] - Smart Wait Function is triggered

2021-11-23 09:59:07 - [MESSAGE][INFO] - Found 2 web elements with id: 'Object Repository/Butonlar/SayfaNumarasi' located by 'By.cssSelector: .dxp-num' in '10' second(s)

2021-11-23 09:59:07 - [MESSAGE][PASSED] - Method.TextDegerineEsitElementeTiklaEquals is PASSED

2021-11-23 09:59:07 - [MESSAGE][PASSED] - Call Test Case 'Test Cases/Butonlar/NumaraliSayfayaGec' successfully

2021-11-23 09:59:07 - [MESSAGE][INFO] - Checking called Test Case

2021-11-23 09:59:07 - [MESSAGE][INFO] - Starting to call Test Case 'Test Cases/Tablo/TablodaVeriVarMi'

2021-11-23 09:59:07 - [TEST_CASE][PASSED] - Test Cases/Tablo/TablodaVeriVarMi: Test Cases/Tablo/TablodaVeriVarMi

2021-11-23 09:59:07 - [TEST_STEP][PASSED] - verifyTextNotPresent("Görüntülenecek veri yok", true): Text 'Görüntülenecek veri yok' is not present on page using regular expression

2021-11-23 09:59:07 - [MESSAGE][INFO] - Checking text present  using regular expression

2021-11-23 09:59:07 - [MESSAGE][INFO] - Smart Wait Function is triggered

2021-11-23 09:59:07 - [MESSAGE][INFO] - Finding text 'Görüntülenecek veri yok' on page  using regular expression

2021-11-23 09:59:07 - [MESSAGE][PASSED] - Text 'Görüntülenecek veri yok' is not present on page using regular expression

2021-11-23 09:59:07 - [MESSAGE][PASSED] - Call Test Case 'Test Cases/Tablo/TablodaVeriVarMi' successfully

2021-11-23 09:59:07 - [MESSAGE][INFO] - Checking called Test Case

2021-11-23 09:59:07 - [MESSAGE][INFO] - Starting to call Test Case 'Test Cases/Butonlar/NumaraliSayfayaGec'

2021-11-23 09:59:08 - [TEST_CASE][PASSED] - Test Cases/Butonlar/NumaraliSayfayaGec: Test Cases/Butonlar/NumaraliSayfayaGec

2021-11-23 09:59:08 - [TEST_STEP][PASSED] - waitForElementClickable(findTestObject("Butonlar/SayfaNumarasi"), 10): Object 'Object Repository/Butonlar/SayfaNumarasi' is clickable

2021-11-23 09:59:08 - [MESSAGE][INFO] - Finding Test Object 'Object Repository/Butonlar/SayfaNumarasi'

2021-11-23 09:59:08 - [MESSAGE][INFO] - Checking object

2021-11-23 09:59:08 - [MESSAGE][INFO] - Checking timeout

2021-11-23 09:59:08 - [MESSAGE][INFO] - Finding web element from Test Object's properties

2021-11-23 09:59:08 - [MESSAGE][INFO] - Checking timeout

2021-11-23 09:59:08 - [MESSAGE][INFO] - Finding web element with id: 'Object Repository/Butonlar/SayfaNumarasi' located by 'By.cssSelector: .dxp-num' in '10' second(s)

2021-11-23 09:59:08 - [MESSAGE][INFO] - Smart Wait Function is triggered

2021-11-23 09:59:08 - [MESSAGE][INFO] - Found 2 web elements with id: 'Object Repository/Butonlar/SayfaNumarasi' located by 'By.cssSelector: .dxp-num' in '10' second(s)

2021-11-23 09:59:08 - [MESSAGE][PASSED] - Object 'Object Repository/Butonlar/SayfaNumarasi' is clickable

2021-11-23 09:59:08 - [TEST_STEP][PASSED] - Method.TextDegerineEsitElementeTiklaEquals(findTestObject("Butonlar/SayfaNumarasi"), SayfaNumarasi): Method.TextDegerineEsitElementeTiklaEquals is PASSED

2021-11-23 09:59:08 - [MESSAGE][INFO] - Finding Test Object 'Object Repository/Butonlar/SayfaNumarasi'

2021-11-23 09:59:08 - [MESSAGE][INFO] - Checking timeout

2021-11-23 09:59:08 - [MESSAGE][INFO] - Finding web element with id: 'Object Repository/Butonlar/SayfaNumarasi' located by 'By.cssSelector: .dxp-num' in '10' second(s)

2021-11-23 09:59:08 - [MESSAGE][INFO] - Smart Wait Function is triggered

2021-11-23 09:59:08 - [MESSAGE][INFO] - Found 2 web elements with id: 'Object Repository/Butonlar/SayfaNumarasi' located by 'By.cssSelector: .dxp-num' in '10' second(s)

2021-11-23 09:59:08 - [MESSAGE][PASSED] - Method.TextDegerineEsitElementeTiklaEquals is PASSED

2021-11-23 09:59:08 - [MESSAGE][PASSED] - Call Test Case 'Test Cases/Butonlar/NumaraliSayfayaGec' successfully

2021-11-23 09:59:08 - [MESSAGE][INFO] - Checking called Test Case

2021-11-23 09:59:08 - [MESSAGE][INFO] - Starting to call Test Case 'Test Cases/Butonlar/SayfaBoyutuRaporlar'

2021-11-23 09:59:08 - [TEST_CASE][PASSED] - Test Cases/Butonlar/SayfaBoyutuRaporlar: Test Cases/Butonlar/SayfaBoyutuRaporlar

2021-11-23 09:59:08 - [TEST_STEP][PASSED] - click(findTestObject("Butonlar/SayfaBoyutuDropdownRaporlar")): Object: 'Object Repository/Butonlar/SayfaBoyutuDropdownRaporlar' is clicked on

2021-11-23 09:59:08 - [MESSAGE][INFO] - Finding Test Object 'Object Repository/Butonlar/SayfaBoyutuDropdownRaporlar'

2021-11-23 09:59:09 - [MESSAGE][INFO] - Checking object

2021-11-23 09:59:09 - [MESSAGE][INFO] - Finding web element from Test Object's properties

2021-11-23 09:59:09 - [MESSAGE][INFO] - Checking timeout

2021-11-23 09:59:09 - [MESSAGE][INFO] - Finding web element with id: 'Object Repository/Butonlar/SayfaBoyutuDropdownRaporlar' located by 'By.cssSelector: #GridViewCumulativeCreditReport_DXPagerBottom_PSB' in '30' second(s)

2021-11-23 09:59:09 - [MESSAGE][INFO] - Smart Wait Function is triggered

2021-11-23 09:59:09 - [MESSAGE][INFO] - Found 1 web elements with id: 'Object Repository/Butonlar/SayfaBoyutuDropdownRaporlar' located by 'By.cssSelector: #GridViewCumulativeCreditReport_DXPagerBottom_PSB' in '30' second(s)

2021-11-23 09:59:09 - [MESSAGE][INFO] - Clicking on object: 'Object Repository/Butonlar/SayfaBoyutuDropdownRaporlar'

2021-11-23 09:59:09 - [MESSAGE][PASSED] - Object: 'Object Repository/Butonlar/SayfaBoyutuDropdownRaporlar' is clicked on

2021-11-23 09:59:09 - [TEST_STEP][PASSED] - Method.TextDegerineEsitElementeTikla(findTestObject("Butonlar/SayfaBoyutu"), SayfaBoyutu): Method.TextDegerineEsitElementeTikla is PASSED

2021-11-23 09:59:09 - [MESSAGE][INFO] - Finding Test Object 'Object Repository/Butonlar/SayfaBoyutu'

2021-11-23 09:59:09 - [MESSAGE][INFO] - Checking timeout

2021-11-23 09:59:09 - [MESSAGE][INFO] - Finding web element with id: 'Object Repository/Butonlar/SayfaBoyutu' located by 'By.cssSelector: .dxm-item .dx-vam' in '10' second(s)

2021-11-23 09:59:09 - [MESSAGE][INFO] - Smart Wait Function is triggered

2021-11-23 09:59:09 - [MESSAGE][INFO] - Found 3 web elements with id: 'Object Repository/Butonlar/SayfaBoyutu' located by 'By.cssSelector: .dxm-item .dx-vam' in '10' second(s)

2021-11-23 09:59:09 - [MESSAGE][PASSED] - Method.TextDegerineEsitElementeTikla is PASSED

2021-11-23 09:59:09 - [MESSAGE][PASSED] - Call Test Case 'Test Cases/Butonlar/SayfaBoyutuRaporlar' successfully

2021-11-23 09:59:09 - [MESSAGE][INFO] - Checking called Test Case

2021-11-23 09:59:09 - [MESSAGE][INFO] - Starting to call Test Case 'Test Cases/Butonlar/NumaraliSayfayaGec'

2021-11-23 09:59:10 - [TEST_CASE][PASSED] - Test Cases/Butonlar/NumaraliSayfayaGec: Test Cases/Butonlar/NumaraliSayfayaGec

2021-11-23 09:59:10 - [TEST_STEP][PASSED] - waitForElementClickable(findTestObject("Butonlar/SayfaNumarasi"), 10): Object 'Object Repository/Butonlar/SayfaNumarasi' is clickable

2021-11-23 09:59:10 - [MESSAGE][INFO] - Finding Test Object 'Object Repository/Butonlar/SayfaNumarasi'

2021-11-23 09:59:10 - [MESSAGE][INFO] - Checking object

2021-11-23 09:59:10 - [MESSAGE][INFO] - Checking timeout

2021-11-23 09:59:10 - [MESSAGE][INFO] - Finding web element from Test Object's properties

2021-11-23 09:59:10 - [MESSAGE][INFO] - Checking timeout

2021-11-23 09:59:10 - [MESSAGE][INFO] - Finding web element with id: 'Object Repository/Butonlar/SayfaNumarasi' located by 'By.cssSelector: .dxp-num' in '10' second(s)

2021-11-23 09:59:10 - [MESSAGE][INFO] - Smart Wait Function is triggered

2021-11-23 09:59:10 - [MESSAGE][INFO] - Found 3 web elements with id: 'Object Repository/Butonlar/SayfaNumarasi' located by 'By.cssSelector: .dxp-num' in '10' second(s)

2021-11-23 09:59:10 - [MESSAGE][PASSED] - Object 'Object Repository/Butonlar/SayfaNumarasi' is clickable

2021-11-23 09:59:10 - [TEST_STEP][PASSED] - Method.TextDegerineEsitElementeTiklaEquals(findTestObject("Butonlar/SayfaNumarasi"), SayfaNumarasi): Method.TextDegerineEsitElementeTiklaEquals is PASSED

2021-11-23 09:59:10 - [MESSAGE][INFO] - Finding Test Object 'Object Repository/Butonlar/SayfaNumarasi'

2021-11-23 09:59:10 - [MESSAGE][INFO] - Checking timeout

2021-11-23 09:59:10 - [MESSAGE][INFO] - Finding web element with id: 'Object Repository/Butonlar/SayfaNumarasi' located by 'By.cssSelector: .dxp-num' in '10' second(s)

2021-11-23 09:59:10 - [MESSAGE][INFO] - Smart Wait Function is triggered

2021-11-23 09:59:10 - [MESSAGE][INFO] - Found 3 web elements with id: 'Object Repository/Butonlar/SayfaNumarasi' located by 'By.cssSelector: .dxp-num' in '10' second(s)

2021-11-23 09:59:10 - [MESSAGE][PASSED] - Method.TextDegerineEsitElementeTiklaEquals is PASSED

2021-11-23 09:59:10 - [MESSAGE][PASSED] - Call Test Case 'Test Cases/Butonlar/NumaraliSayfayaGec' successfully

2021-11-23 09:59:10 - [MESSAGE][INFO] - Checking called Test Case

2021-11-23 09:59:10 - [MESSAGE][INFO] - Starting to call Test Case 'Test Cases/Tablo/TablodaVeriVarMi'

2021-11-23 09:59:11 - [TEST_CASE][PASSED] - Test Cases/Tablo/TablodaVeriVarMi: Test Cases/Tablo/TablodaVeriVarMi

2021-11-23 09:59:11 - [TEST_STEP][PASSED] - verifyTextNotPresent("Görüntülenecek veri yok", true): Text 'Görüntülenecek veri yok' is not present on page using regular expression

2021-11-23 09:59:11 - [MESSAGE][INFO] - Checking text present  using regular expression

2021-11-23 09:59:11 - [MESSAGE][INFO] - Smart Wait Function is triggered

2021-11-23 09:59:11 - [MESSAGE][INFO] - Finding text 'Görüntülenecek veri yok' on page  using regular expression

2021-11-23 09:59:11 - [MESSAGE][PASSED] - Text 'Görüntülenecek veri yok' is not present on page using regular expression

2021-11-23 09:59:11 - [MESSAGE][PASSED] - Call Test Case 'Test Cases/Tablo/TablodaVeriVarMi' successfully

2021-11-23 09:59:11 - [MESSAGE][INFO] - Checking called Test Case

2021-11-23 09:59:11 - [MESSAGE][INFO] - Starting to call Test Case 'Test Cases/Butonlar/NumaraliSayfayaGec'

2021-11-23 09:59:11 - [TEST_CASE][PASSED] - Test Cases/Butonlar/NumaraliSayfayaGec: Test Cases/Butonlar/NumaraliSayfayaGec

2021-11-23 09:59:11 - [TEST_STEP][PASSED] - waitForElementClickable(findTestObject("Butonlar/SayfaNumarasi"), 10): Object 'Object Repository/Butonlar/SayfaNumarasi' is clickable

2021-11-23 09:59:11 - [MESSAGE][INFO] - Finding Test Object 'Object Repository/Butonlar/SayfaNumarasi'

2021-11-23 09:59:11 - [MESSAGE][INFO] - Checking object

2021-11-23 09:59:11 - [MESSAGE][INFO] - Checking timeout

2021-11-23 09:59:11 - [MESSAGE][INFO] - Finding web element from Test Object's properties

2021-11-23 09:59:11 - [MESSAGE][INFO] - Checking timeout

2021-11-23 09:59:11 - [MESSAGE][INFO] - Finding web element with id: 'Object Repository/Butonlar/SayfaNumarasi' located by 'By.cssSelector: .dxp-num' in '10' second(s)

2021-11-23 09:59:11 - [MESSAGE][INFO] - Smart Wait Function is triggered

2021-11-23 09:59:12 - [MESSAGE][INFO] - Found 3 web elements with id: 'Object Repository/Butonlar/SayfaNumarasi' located by 'By.cssSelector: .dxp-num' in '10' second(s)

2021-11-23 09:59:12 - [MESSAGE][PASSED] - Object 'Object Repository/Butonlar/SayfaNumarasi' is clickable

2021-11-23 09:59:12 - [TEST_STEP][PASSED] - Method.TextDegerineEsitElementeTiklaEquals(findTestObject("Butonlar/SayfaNumarasi"), SayfaNumarasi): Method.TextDegerineEsitElementeTiklaEquals is PASSED

2021-11-23 09:59:12 - [MESSAGE][INFO] - Finding Test Object 'Object Repository/Butonlar/SayfaNumarasi'

2021-11-23 09:59:12 - [MESSAGE][INFO] - Checking timeout

2021-11-23 09:59:12 - [MESSAGE][INFO] - Finding web element with id: 'Object Repository/Butonlar/SayfaNumarasi' located by 'By.cssSelector: .dxp-num' in '10' second(s)

2021-11-23 09:59:12 - [MESSAGE][INFO] - Smart Wait Function is triggered

2021-11-23 09:59:12 - [MESSAGE][INFO] - Found 3 web elements with id: 'Object Repository/Butonlar/SayfaNumarasi' located by 'By.cssSelector: .dxp-num' in '10' second(s)

2021-11-23 09:59:12 - [MESSAGE][PASSED] - Method.TextDegerineEsitElementeTiklaEquals is PASSED

2021-11-23 09:59:12 - [MESSAGE][PASSED] - Call Test Case 'Test Cases/Butonlar/NumaraliSayfayaGec' successfully

2021-11-23 09:59:12 - [MESSAGE][INFO] - Checking called Test Case

2021-11-23 09:59:12 - [MESSAGE][INFO] - Starting to call Test Case 'Test Cases/Tablo/TablodaVeriVarMi'

2021-11-23 09:59:12 - [TEST_CASE][PASSED] - Test Cases/Tablo/TablodaVeriVarMi: Test Cases/Tablo/TablodaVeriVarMi

2021-11-23 09:59:12 - [TEST_STEP][PASSED] - verifyTextNotPresent("Görüntülenecek veri yok", true): Text 'Görüntülenecek veri yok' is not present on page using regular expression

2021-11-23 09:59:12 - [MESSAGE][INFO] - Checking text present  using regular expression

2021-11-23 09:59:12 - [MESSAGE][INFO] - Smart Wait Function is triggered

2021-11-23 09:59:13 - [MESSAGE][INFO] - Finding text 'Görüntülenecek veri yok' on page  using regular expression

2021-11-23 09:59:13 - [MESSAGE][PASSED] - Text 'Görüntülenecek veri yok' is not present on page using regular expression

2021-11-23 09:59:13 - [MESSAGE][PASSED] - Call Test Case 'Test Cases/Tablo/TablodaVeriVarMi' successfully

2021-11-23 09:59:13 - [MESSAGE][INFO] - Checking called Test Case

2021-11-23 09:59:13 - [MESSAGE][INFO] - Starting to call Test Case 'Test Cases/Butonlar/NumaraliSayfayaGec'

2021-11-23 09:59:13 - [TEST_CASE][PASSED] - Test Cases/Butonlar/NumaraliSayfayaGec: Test Cases/Butonlar/NumaraliSayfayaGec

2021-11-23 09:59:13 - [TEST_STEP][PASSED] - waitForElementClickable(findTestObject("Butonlar/SayfaNumarasi"), 10): Object 'Object Repository/Butonlar/SayfaNumarasi' is clickable

2021-11-23 09:59:13 - [MESSAGE][INFO] - Finding Test Object 'Object Repository/Butonlar/SayfaNumarasi'

2021-11-23 09:59:13 - [MESSAGE][INFO] - Checking object

2021-11-23 09:59:13 - [MESSAGE][INFO] - Checking timeout

2021-11-23 09:59:13 - [MESSAGE][INFO] - Finding web element from Test Object's properties

2021-11-23 09:59:13 - [MESSAGE][INFO] - Checking timeout

2021-11-23 09:59:13 - [MESSAGE][INFO] - Finding web element with id: 'Object Repository/Butonlar/SayfaNumarasi' located by 'By.cssSelector: .dxp-num' in '10' second(s)

2021-11-23 09:59:13 - [MESSAGE][INFO] - Smart Wait Function is triggered

2021-11-23 09:59:13 - [MESSAGE][INFO] - Found 3 web elements with id: 'Object Repository/Butonlar/SayfaNumarasi' located by 'By.cssSelector: .dxp-num' in '10' second(s)

2021-11-23 09:59:13 - [MESSAGE][PASSED] - Object 'Object Repository/Butonlar/SayfaNumarasi' is clickable

2021-11-23 09:59:13 - [TEST_STEP][PASSED] - Method.TextDegerineEsitElementeTiklaEquals(findTestObject("Butonlar/SayfaNumarasi"), SayfaNumarasi): Method.TextDegerineEsitElementeTiklaEquals is PASSED

2021-11-23 09:59:13 - [MESSAGE][INFO] - Finding Test Object 'Object Repository/Butonlar/SayfaNumarasi'

2021-11-23 09:59:13 - [MESSAGE][INFO] - Checking timeout

2021-11-23 09:59:13 - [MESSAGE][INFO] - Finding web element with id: 'Object Repository/Butonlar/SayfaNumarasi' located by 'By.cssSelector: .dxp-num' in '10' second(s)

2021-11-23 09:59:13 - [MESSAGE][INFO] - Smart Wait Function is triggered

2021-11-23 09:59:14 - [MESSAGE][INFO] - Found 3 web elements with id: 'Object Repository/Butonlar/SayfaNumarasi' located by 'By.cssSelector: .dxp-num' in '10' second(s)

2021-11-23 09:59:14 - [MESSAGE][PASSED] - Method.TextDegerineEsitElementeTiklaEquals is PASSED

2021-11-23 09:59:14 - [MESSAGE][PASSED] - Call Test Case 'Test Cases/Butonlar/NumaraliSayfayaGec' successfully

2021-11-23 09:59:14 - [MESSAGE][INFO] - Checking called Test Case

2021-11-23 09:59:14 - [MESSAGE][INFO] - Starting to call Test Case 'Test Cases/Butonlar/SayfaBoyutuRaporlar'

2021-11-23 09:59:14 - [TEST_CASE][PASSED] - Test Cases/Butonlar/SayfaBoyutuRaporlar: Test Cases/Butonlar/SayfaBoyutuRaporlar

2021-11-23 09:59:14 - [TEST_STEP][PASSED] - click(findTestObject("Butonlar/SayfaBoyutuDropdownRaporlar")): Object: 'Object Repository/Butonlar/SayfaBoyutuDropdownRaporlar' is clicked on

2021-11-23 09:59:14 - [MESSAGE][INFO] - Finding Test Object 'Object Repository/Butonlar/SayfaBoyutuDropdownRaporlar'

2021-11-23 09:59:14 - [MESSAGE][INFO] - Checking object

2021-11-23 09:59:14 - [MESSAGE][INFO] - Finding web element from Test Object's properties

2021-11-23 09:59:14 - [MESSAGE][INFO] - Checking timeout

2021-11-23 09:59:14 - [MESSAGE][INFO] - Finding web element with id: 'Object Repository/Butonlar/SayfaBoyutuDropdownRaporlar' located by 'By.cssSelector: #GridViewCumulativeCreditReport_DXPagerBottom_PSB' in '30' second(s)

2021-11-23 09:59:14 - [MESSAGE][INFO] - Smart Wait Function is triggered

2021-11-23 09:59:14 - [MESSAGE][INFO] - Found 1 web elements with id: 'Object Repository/Butonlar/SayfaBoyutuDropdownRaporlar' located by 'By.cssSelector: #GridViewCumulativeCreditReport_DXPagerBottom_PSB' in '30' second(s)

2021-11-23 09:59:14 - [MESSAGE][INFO] - Clicking on object: 'Object Repository/Butonlar/SayfaBoyutuDropdownRaporlar'

2021-11-23 09:59:14 - [MESSAGE][PASSED] - Object: 'Object Repository/Butonlar/SayfaBoyutuDropdownRaporlar' is clicked on

2021-11-23 09:59:14 - [TEST_STEP][PASSED] - Method.TextDegerineEsitElementeTikla(findTestObject("Butonlar/SayfaBoyutu"), SayfaBoyutu): Method.TextDegerineEsitElementeTikla is PASSED

2021-11-23 09:59:14 - [MESSAGE][INFO] - Finding Test Object 'Object Repository/Butonlar/SayfaBoyutu'

2021-11-23 09:59:14 - [MESSAGE][INFO] - Checking timeout

2021-11-23 09:59:14 - [MESSAGE][INFO] - Finding web element with id: 'Object Repository/Butonlar/SayfaBoyutu' located by 'By.cssSelector: .dxm-item .dx-vam' in '10' second(s)

2021-11-23 09:59:14 - [MESSAGE][INFO] - Smart Wait Function is triggered

2021-11-23 09:59:15 - [MESSAGE][INFO] - Found 3 web elements with id: 'Object Repository/Butonlar/SayfaBoyutu' located by 'By.cssSelector: .dxm-item .dx-vam' in '10' second(s)

2021-11-23 09:59:15 - [MESSAGE][PASSED] - Method.TextDegerineEsitElementeTikla is PASSED

2021-11-23 09:59:15 - [MESSAGE][PASSED] - Call Test Case 'Test Cases/Butonlar/SayfaBoyutuRaporlar' successfully

2021-11-23 09:59:15 - [MESSAGE][INFO] - Checking called Test Case

2021-11-23 09:59:15 - [MESSAGE][INFO] - Starting to call Test Case 'Test Cases/Tablo/TablodaVeriVarMi'

2021-11-23 09:59:15 - [TEST_CASE][PASSED] - Test Cases/Tablo/TablodaVeriVarMi: Test Cases/Tablo/TablodaVeriVarMi

2021-11-23 09:59:15 - [TEST_STEP][PASSED] - verifyTextNotPresent("Görüntülenecek veri yok", true): Text 'Görüntülenecek veri yok' is not present on page using regular expression

2021-11-23 09:59:15 - [MESSAGE][INFO] - Checking text present  using regular expression

2021-11-23 09:59:15 - [MESSAGE][INFO] - Smart Wait Function is triggered

2021-11-23 09:59:16 - [MESSAGE][INFO] - Finding text 'Görüntülenecek veri yok' on page  using regular expression

2021-11-23 09:59:16 - [MESSAGE][PASSED] - Text 'Görüntülenecek veri yok' is not present on page using regular expression

2021-11-23 09:59:16 - [MESSAGE][PASSED] - Call Test Case 'Test Cases/Tablo/TablodaVeriVarMi' successfully

2021-11-23 09:59:16 - [MESSAGE][INFO] - Checking called Test Case

2021-11-23 09:59:16 - [MESSAGE][INFO] - Starting to call Test Case 'Test Cases/Butonlar/ButonaTikla'

2021-11-23 09:59:16 - [TEST_CASE][PASSED] - Test Cases/Butonlar/ButonaTikla: Test Cases/Butonlar/ButonaTikla

2021-11-23 09:59:16 - [TEST_STEP][PASSED] - Method.TextDegerineEsitElementeTiklaEquals(findTestObject("Butonlar/Butonlar"), Buton_Adi): Method.TextDegerineEsitElementeTiklaEquals is PASSED

2021-11-23 09:59:16 - [MESSAGE][INFO] - Finding Test Object 'Object Repository/Butonlar/Butonlar'

2021-11-23 09:59:16 - [MESSAGE][INFO] - Checking timeout

2021-11-23 09:59:16 - [MESSAGE][INFO] - Finding web element with id: 'Object Repository/Butonlar/Butonlar' located by 'By.cssSelector: .panel.panel-default.text-center.footerPanel .btn,.btn.btn-primary.btnControls' in '10' second(s)

2021-11-23 09:59:16 - [MESSAGE][INFO] - Smart Wait Function is triggered

2021-11-23 09:59:18 - [MESSAGE][INFO] - Found 1 web elements with id: 'Object Repository/Butonlar/Butonlar' located by 'By.cssSelector: .panel.panel-default.text-center.footerPanel .btn,.btn.btn-primary.btnControls' in '10' second(s)

2021-11-23 09:59:18 - [MESSAGE][PASSED] - Method.TextDegerineEsitElementeTiklaEquals is PASSED

2021-11-23 09:59:18 - [MESSAGE][PASSED] - Call Test Case 'Test Cases/Butonlar/ButonaTikla' successfully

2021-11-23 09:59:18 - [MESSAGE][INFO] - Checking called Test Case

2021-11-23 09:59:18 - [MESSAGE][INFO] - Starting to call Test Case 'Test Cases/Butonlar/DosyaIndirildiMi'

2021-11-23 09:59:19 - [TEST_CASE][PASSED] - Test Cases/Butonlar/DosyaIndirildiMi: Test Cases/Butonlar/DosyaIndirildiMi

2021-11-23 09:59:19 - [TEST_STEP][PASSED] - Method.isimliDosyaIndirildiMi(DownloadFile, FileName): Method.isimliDosyaIndirildiMi is PASSED

2021-11-23 09:59:19 - [MESSAGE][INFO] - Delaying browser in 3 second(s)

2021-11-23 09:59:22 - [MESSAGE][PASSED] - Delayed 3 second(s)

2021-11-23 09:59:22 - [MESSAGE][PASSED] - Method.isimliDosyaIndirildiMi is PASSED

2021-11-23 09:59:22 - [MESSAGE][PASSED] - Call Test Case 'Test Cases/Butonlar/DosyaIndirildiMi' successfully

2021-11-23 09:59:22 - [MESSAGE][INFO] - Checking called Test Case

2021-11-23 09:59:22 - [MESSAGE][INFO] - Starting to call Test Case 'Test Cases/Kullanici_Islemleri/KullaniciIslemlerindenSecimYapilir'

2021-11-23 09:59:22 - [TEST_CASE][PASSED] - Test Cases/Kullanici_Islemleri/KullaniciIslemlerindenSecimYapilir: Test Cases/Kullanici_Islemleri/KullaniciIslemlerindenSecimYapilir

2021-11-23 09:59:22 - [TEST_STEP][PASSED] - waitForElementClickable(findTestObject("Object Repository/Kullanici_Islemleri/KullaniciIslemleri"), 10): Object 'Object Repository/Kullanici_Islemleri/KullaniciIslemleri' is clickable

2021-11-23 09:59:22 - [MESSAGE][INFO] - Finding Test Object 'Object Repository/Kullanici_Islemleri/KullaniciIslemleri'

2021-11-23 09:59:22 - [MESSAGE][INFO] - Checking object

2021-11-23 09:59:22 - [MESSAGE][INFO] - Checking timeout

2021-11-23 09:59:22 - [MESSAGE][INFO] - Finding web element from Test Object's properties

2021-11-23 09:59:22 - [MESSAGE][INFO] - Checking timeout

2021-11-23 09:59:22 - [MESSAGE][INFO] - Finding web element with id: 'Object Repository/Kullanici_Islemleri/KullaniciIslemleri' located by 'By.cssSelector: .dropdown>a>img' in '10' second(s)

2021-11-23 09:59:22 - [MESSAGE][INFO] - Smart Wait Function is triggered

2021-11-23 09:59:24 - [MESSAGE][INFO] - Found 1 web elements with id: 'Object Repository/Kullanici_Islemleri/KullaniciIslemleri' located by 'By.cssSelector: .dropdown>a>img' in '10' second(s)

2021-11-23 09:59:24 - [MESSAGE][PASSED] - Object 'Object Repository/Kullanici_Islemleri/KullaniciIslemleri' is clickable

2021-11-23 09:59:24 - [TEST_STEP][PASSED] - click(findTestObject("Object Repository/Kullanici_Islemleri/KullaniciIslemleri")): Object: 'Object Repository/Kullanici_Islemleri/KullaniciIslemleri' is clicked on

2021-11-23 09:59:24 - [MESSAGE][INFO] - Finding Test Object 'Object Repository/Kullanici_Islemleri/KullaniciIslemleri'

2021-11-23 09:59:24 - [MESSAGE][INFO] - Checking object

2021-11-23 09:59:24 - [MESSAGE][INFO] - Finding web element from Test Object's properties

2021-11-23 09:59:24 - [MESSAGE][INFO] - Checking timeout

2021-11-23 09:59:24 - [MESSAGE][INFO] - Finding web element with id: 'Object Repository/Kullanici_Islemleri/KullaniciIslemleri' located by 'By.cssSelector: .dropdown>a>img' in '30' second(s)

2021-11-23 09:59:24 - [MESSAGE][INFO] - Smart Wait Function is triggered

2021-11-23 09:59:26 - [MESSAGE][INFO] - Found 1 web elements with id: 'Object Repository/Kullanici_Islemleri/KullaniciIslemleri' located by 'By.cssSelector: .dropdown>a>img' in '30' second(s)

2021-11-23 09:59:26 - [MESSAGE][INFO] - Clicking on object: 'Object Repository/Kullanici_Islemleri/KullaniciIslemleri'

2021-11-23 09:59:26 - [MESSAGE][PASSED] - Object: 'Object Repository/Kullanici_Islemleri/KullaniciIslemleri' is clicked on

2021-11-23 09:59:26 - [TEST_STEP][PASSED] - Method.TextDegerineEsitElementeTikla(findTestObject("Object Repository/Kullanici_Islemleri/Secenekler"), Islem): Method.TextDegerineEsitElementeTikla is PASSED

2021-11-23 09:59:26 - [MESSAGE][INFO] - Finding Test Object 'Object Repository/Kullanici_Islemleri/Secenekler'

2021-11-23 09:59:26 - [MESSAGE][INFO] - Checking timeout

2021-11-23 09:59:26 - [MESSAGE][INFO] - Finding web element with id: 'Object Repository/Kullanici_Islemleri/Secenekler' located by 'By.cssSelector: .nav.navbar-nav.navbar-right li a' in '10' second(s)

2021-11-23 09:59:26 - [MESSAGE][INFO] - Smart Wait Function is triggered

2021-11-23 09:59:28 - [MESSAGE][INFO] - Found 22 web elements with id: 'Object Repository/Kullanici_Islemleri/Secenekler' located by 'By.cssSelector: .nav.navbar-nav.navbar-right li a' in '10' second(s)

2021-11-23 09:59:29 - [MESSAGE][PASSED] - Method.TextDegerineEsitElementeTikla is PASSED

2021-11-23 09:59:29 - [TEST_STEP][PASSED] - verifyElementNotPresent(findTestObject("Object Repository/Kullanici_Islemleri/Secenekler"), 10): Web element with id: 'Object Repository/Kullanici_Islemleri/Secenekler' located by 'By.cssSelector: .nav.navbar-nav.navbar-right li a' is not present after '10' second(s)

2021-11-23 09:59:29 - [MESSAGE][INFO] - Finding Test Object 'Object Repository/Kullanici_Islemleri/Secenekler'

2021-11-23 09:59:29 - [MESSAGE][INFO] - Checking object

2021-11-23 09:59:29 - [MESSAGE][INFO] - Checking timeout

2021-11-23 09:59:29 - [MESSAGE][INFO] - Finding web element with id: 'Object Repository/Kullanici_Islemleri/Secenekler' located by 'By.cssSelector: .nav.navbar-nav.navbar-right li a' in '10' second(s)

2021-11-23 09:59:29 - [MESSAGE][INFO] - Smart Wait Function is triggered

2021-11-23 09:59:31 - [MESSAGE][PASSED] - Web element with id: 'Object Repository/Kullanici_Islemleri/Secenekler' located by 'By.cssSelector: .nav.navbar-nav.navbar-right li a' is not present after '10' second(s)

2021-11-23 09:59:31 - [MESSAGE][PASSED] - Call Test Case 'Test Cases/Kullanici_Islemleri/KullaniciIslemlerindenSecimYapilir' successfully

2021-11-23 09:59:31 - [TEST_CASE][PASSED] - Start Test Case : SCENARIO Kümülatif Kontör Raporu Kontrolleri: SCENARIO Kümülatif Kontör Raporu Kontrolleri

2021-11-23 09:59:31 - [TEST_STEP][PASSED] - Kullanıcı adı ELOGO6 ve Şifre 123456 olarak giriş yapılır: Kullanıcı adı ELOGO6 ve Şifre 123456 olarak giriş yapılır

2021-11-23 09:59:31 - [MESSAGE][PASSED] - Kullanıcı adı ELOGO6 ve Şifre 123456 olarak giriş yapılır

2021-11-23 09:59:31 - [TEST_STEP][PASSED] - Ana menüden Raporlar seçilir: Ana menüden Raporlar seçilir

2021-11-23 09:59:31 - [MESSAGE][PASSED] - Ana menüden Raporlar seçilir

2021-11-23 09:59:31 - [TEST_STEP][PASSED] - Alt menüden Kümülatif Kontör Raporu seçilir: Alt menüden Kümülatif Kontör Raporu seçilir

2021-11-23 09:59:31 - [MESSAGE][PASSED] - Alt menüden Kümülatif Kontör Raporu seçilir

2021-11-23 09:59:31 - [TEST_STEP][PASSED] - Filtrelerden Firma Adı filtresine E LOGO 6 textini yaz: Filtrelerden Firma Adı filtresine E LOGO 6 textini yaz

2021-11-23 09:59:31 - [MESSAGE][PASSED] - Filtrelerden Firma Adı filtresine E LOGO 6 textini yaz

2021-11-23 09:59:31 - [TEST_STEP][PASSED] - Filtrelerden İşlem Tarihi filtresine 15.10.2021 baslangic degerini yaz: Filtrelerden İşlem Tarihi filtresine 15.10.2021 baslangic degerini yaz

2021-11-23 09:59:31 - [MESSAGE][PASSED] - Filtrelerden İşlem Tarihi filtresine 15.10.2021 baslangic degerini yaz

2021-11-23 09:59:31 - [TEST_STEP][PASSED] - Filtrelerden İşlem Tarihi filtresine 21.10.2021 bitis degerini yaz: Filtrelerden İşlem Tarihi filtresine 21.10.2021 bitis degerini yaz

2021-11-23 09:59:31 - [MESSAGE][PASSED] - Filtrelerden İşlem Tarihi filtresine 21.10.2021 bitis degerini yaz

2021-11-23 09:59:31 - [TEST_STEP][PASSED] - Enter'a bas: Enter'a bas

2021-11-23 09:59:31 - [MESSAGE][PASSED] - Enter'a bas

2021-11-23 09:59:31 - [TEST_STEP][PASSED] - Filtrelerden VKN / TCKN filtresine 1234567806 textini yaz: Filtrelerden VKN / TCKN filtresine 1234567806 textini yaz

2021-11-23 09:59:31 - [MESSAGE][PASSED] - Filtrelerden VKN / TCKN filtresine 1234567806 textini yaz

2021-11-23 09:59:31 - [TEST_STEP][PASSED] - Filtrelerden Kullanıcı Kodu filtresine ELOGO6 textini yaz: Filtrelerden Kullanıcı Kodu filtresine ELOGO6 textini yaz

2021-11-23 09:59:31 - [MESSAGE][PASSED] - Filtrelerden Kullanıcı Kodu filtresine ELOGO6 textini yaz

2021-11-23 09:59:31 - [TEST_STEP][PASSED] - Filtrelerden Firma Tipi filtresine Tümü dropdowndan degeri seçilir: Filtrelerden Firma Tipi filtresine Tümü dropdowndan degeri seçilir

2021-11-23 09:59:31 - [MESSAGE][PASSED] - Filtrelerden Firma Tipi filtresine Tümü dropdowndan degeri seçilir

2021-11-23 09:59:31 - [TEST_STEP][PASSED] - Filtre butonlarından Listele seçilir: Filtre butonlarından Listele seçilir

2021-11-23 09:59:31 - [MESSAGE][PASSED] - Filtre butonlarından Listele seçilir

2021-11-23 09:59:31 - [TEST_STEP][PASSED] - Tabloda veri var mı kontrol edilir: Tabloda veri var mı kontrol edilir

2021-11-23 09:59:31 - [MESSAGE][PASSED] - Tabloda veri var mı kontrol edilir

2021-11-23 09:59:31 - [TEST_STEP][PASSED] - Filtrelerden Hizmet Açıklaması filtresine e-İrsaliye Giden dropdowndan degeri seçilir: Filtrelerden Hizmet Açıklaması filtresine e-İrsaliye Giden dropdowndan degeri seçilir

2021-11-23 09:59:31 - [MESSAGE][PASSED] - Filtrelerden Hizmet Açıklaması filtresine e-İrsaliye Giden dropdowndan degeri seçilir

2021-11-23 09:59:31 - [TEST_STEP][PASSED] - Filtre butonlarından Listele seçilir: Filtre butonlarından Listele seçilir

2021-11-23 09:59:31 - [MESSAGE][PASSED] - Filtre butonlarından Listele seçilir

2021-11-23 09:59:31 - [TEST_STEP][PASSED] - Tabloda veri var mı kontrol edilir: Tabloda veri var mı kontrol edilir

2021-11-23 09:59:31 - [MESSAGE][PASSED] - Tabloda veri var mı kontrol edilir

2021-11-23 09:59:31 - [TEST_STEP][PASSED] - Filtrelerden Firma Tipi filtresine Ana Firma dropdowndan degeri seçilir: Filtrelerden Firma Tipi filtresine Ana Firma dropdowndan degeri seçilir

2021-11-23 09:59:31 - [MESSAGE][PASSED] - Filtrelerden Firma Tipi filtresine Ana Firma dropdowndan degeri seçilir

2021-11-23 09:59:31 - [TEST_STEP][PASSED] - Filtrelerden Hizmet Açıklaması filtresine e-İrsaliye Gelen dropdowndan degeri seçilir: Filtrelerden Hizmet Açıklaması filtresine e-İrsaliye Gelen dropdowndan degeri seçilir

2021-11-23 09:59:31 - [MESSAGE][PASSED] - Filtrelerden Hizmet Açıklaması filtresine e-İrsaliye Gelen dropdowndan degeri seçilir

2021-11-23 09:59:31 - [TEST_STEP][PASSED] - Filtre butonlarından Listele seçilir: Filtre butonlarından Listele seçilir

2021-11-23 09:59:31 - [MESSAGE][PASSED] - Filtre butonlarından Listele seçilir

2021-11-23 09:59:31 - [TEST_STEP][PASSED] - Tabloda veri var mı kontrol edilir: Tabloda veri var mı kontrol edilir

2021-11-23 09:59:31 - [MESSAGE][PASSED] - Tabloda veri var mı kontrol edilir

2021-11-23 09:59:31 - [TEST_STEP][PASSED] - Filtrelerden VKN / TCKN filtresine  textini yaz: Filtrelerden VKN / TCKN filtresine  textini yaz

2021-11-23 09:59:31 - [MESSAGE][PASSED] - Filtrelerden VKN / TCKN filtresine  textini yaz

2021-11-23 09:59:31 - [TEST_STEP][PASSED] - Filtrelerden Kullanıcı Kodu filtresine  textini yaz: Filtrelerden Kullanıcı Kodu filtresine  textini yaz

2021-11-23 09:59:31 - [MESSAGE][PASSED] - Filtrelerden Kullanıcı Kodu filtresine  textini yaz

2021-11-23 09:59:31 - [TEST_STEP][PASSED] - Filtrelerden Hizmet Açıklaması filtresine Hepsi dropdowndan degeri seçilir: Filtrelerden Hizmet Açıklaması filtresine Hepsi dropdowndan degeri seçilir

2021-11-23 09:59:31 - [MESSAGE][PASSED] - Filtrelerden Hizmet Açıklaması filtresine Hepsi dropdowndan degeri seçilir

2021-11-23 09:59:31 - [TEST_STEP][PASSED] - Filtre butonlarından Listele seçilir: Filtre butonlarından Listele seçilir

2021-11-23 09:59:31 - [MESSAGE][PASSED] - Filtre butonlarından Listele seçilir

2021-11-23 09:59:31 - [TEST_STEP][PASSED] - Tabloda veri var mı kontrol edilir: Tabloda veri var mı kontrol edilir

2021-11-23 09:59:31 - [MESSAGE][PASSED] - Tabloda veri var mı kontrol edilir

2021-11-23 09:59:31 - [TEST_STEP][PASSED] - Filtrelerden Firma Adı filtresine  textini yaz: Filtrelerden Firma Adı filtresine  textini yaz

2021-11-23 09:59:31 - [MESSAGE][PASSED] - Filtrelerden Firma Adı filtresine  textini yaz

2021-11-23 09:59:31 - [TEST_STEP][PASSED] - Filtrelerden VKN / TCKN filtresine 1234567806 textini yaz: Filtrelerden VKN / TCKN filtresine 1234567806 textini yaz

2021-11-23 09:59:31 - [MESSAGE][PASSED] - Filtrelerden VKN / TCKN filtresine 1234567806 textini yaz

2021-11-23 09:59:31 - [TEST_STEP][PASSED] - Filtre butonlarından Listele seçilir: Filtre butonlarından Listele seçilir

2021-11-23 09:59:31 - [MESSAGE][PASSED] - Filtre butonlarından Listele seçilir

2021-11-23 09:59:31 - [TEST_STEP][PASSED] - Tabloda veri var mı kontrol edilir: Tabloda veri var mı kontrol edilir

2021-11-23 09:59:31 - [MESSAGE][PASSED] - Tabloda veri var mı kontrol edilir

2021-11-23 09:59:31 - [TEST_STEP][PASSED] - Filtrelerden Hizmet Açıklaması filtresine e-MM Mail dropdowndan degeri seçilir: Filtrelerden Hizmet Açıklaması filtresine e-MM Mail dropdowndan degeri seçilir

2021-11-23 09:59:31 - [MESSAGE][PASSED] - Filtrelerden Hizmet Açıklaması filtresine e-MM Mail dropdowndan degeri seçilir

2021-11-23 09:59:31 - [TEST_STEP][PASSED] - Filtre butonlarından Listele seçilir: Filtre butonlarından Listele seçilir

2021-11-23 09:59:31 - [MESSAGE][PASSED] - Filtre butonlarından Listele seçilir

2021-11-23 09:59:31 - [TEST_STEP][PASSED] - Tabloda veri var mı kontrol edilir: Tabloda veri var mı kontrol edilir

2021-11-23 09:59:31 - [MESSAGE][PASSED] - Tabloda veri var mı kontrol edilir

2021-11-23 09:59:31 - [TEST_STEP][PASSED] - Filtrelerden VKN / TCKN filtresine  textini yaz: Filtrelerden VKN / TCKN filtresine  textini yaz

2021-11-23 09:59:31 - [MESSAGE][PASSED] - Filtrelerden VKN / TCKN filtresine  textini yaz

2021-11-23 09:59:31 - [TEST_STEP][PASSED] - Filtrelerden Kullanıcı Kodu filtresine ELOGO6 textini yaz: Filtrelerden Kullanıcı Kodu filtresine ELOGO6 textini yaz

2021-11-23 09:59:31 - [MESSAGE][PASSED] - Filtrelerden Kullanıcı Kodu filtresine ELOGO6 textini yaz

2021-11-23 09:59:31 - [TEST_STEP][PASSED] - Filtrelerden Hizmet Açıklaması filtresine Hepsi dropdowndan degeri seçilir: Filtrelerden Hizmet Açıklaması filtresine Hepsi dropdowndan degeri seçilir

2021-11-23 09:59:31 - [MESSAGE][PASSED] - Filtrelerden Hizmet Açıklaması filtresine Hepsi dropdowndan degeri seçilir

2021-11-23 09:59:31 - [TEST_STEP][PASSED] - Filtre butonlarından Listele seçilir: Filtre butonlarından Listele seçilir

2021-11-23 09:59:31 - [MESSAGE][PASSED] - Filtre butonlarından Listele seçilir

2021-11-23 09:59:31 - [TEST_STEP][PASSED] - Tabloda veri var mı kontrol edilir: Tabloda veri var mı kontrol edilir

2021-11-23 09:59:31 - [MESSAGE][PASSED] - Tabloda veri var mı kontrol edilir

2021-11-23 09:59:31 - [TEST_STEP][PASSED] - Filtrelerden Hizmet Açıklaması filtresine e-Müstahsil Makbuzu dropdowndan degeri seçilir: Filtrelerden Hizmet Açıklaması filtresine e-Müstahsil Makbuzu dropdowndan degeri seçilir

2021-11-23 09:59:31 - [MESSAGE][PASSED] - Filtrelerden Hizmet Açıklaması filtresine e-Müstahsil Makbuzu dropdowndan degeri seçilir

2021-11-23 09:59:31 - [TEST_STEP][PASSED] - Filtre butonlarından Listele seçilir: Filtre butonlarından Listele seçilir

2021-11-23 09:59:31 - [MESSAGE][PASSED] - Filtre butonlarından Listele seçilir

2021-11-23 09:59:31 - [TEST_STEP][PASSED] - Tabloda veri var mı kontrol edilir: Tabloda veri var mı kontrol edilir

2021-11-23 09:59:31 - [MESSAGE][PASSED] - Tabloda veri var mı kontrol edilir

2021-11-23 09:59:31 - [TEST_STEP][PASSED] - Filtrelerden Firma Adı filtresine ELOGO6ALT textini yaz: Filtrelerden Firma Adı filtresine ELOGO6ALT textini yaz

2021-11-23 09:59:31 - [MESSAGE][PASSED] - Filtrelerden Firma Adı filtresine ELOGO6ALT textini yaz

2021-11-23 09:59:31 - [TEST_STEP][PASSED] - Filtrelerden VKN / TCKN filtresine 1234567805 textini yaz: Filtrelerden VKN / TCKN filtresine 1234567805 textini yaz

2021-11-23 09:59:31 - [MESSAGE][PASSED] - Filtrelerden VKN / TCKN filtresine 1234567805 textini yaz

2021-11-23 09:59:31 - [TEST_STEP][PASSED] - Filtrelerden Kullanıcı Kodu filtresine ELOGO6ALT textini yaz: Filtrelerden Kullanıcı Kodu filtresine ELOGO6ALT textini yaz

2021-11-23 09:59:31 - [MESSAGE][PASSED] - Filtrelerden Kullanıcı Kodu filtresine ELOGO6ALT textini yaz

2021-11-23 09:59:31 - [TEST_STEP][PASSED] - Filtrelerden Hizmet Açıklaması filtresine Hepsi dropdowndan degeri seçilir: Filtrelerden Hizmet Açıklaması filtresine Hepsi dropdowndan degeri seçilir

2021-11-23 09:59:31 - [MESSAGE][PASSED] - Filtrelerden Hizmet Açıklaması filtresine Hepsi dropdowndan degeri seçilir

2021-11-23 09:59:31 - [TEST_STEP][PASSED] - Filtrelerden Firma Tipi filtresine Tümü dropdowndan degeri seçilir: Filtrelerden Firma Tipi filtresine Tümü dropdowndan degeri seçilir

2021-11-23 09:59:31 - [MESSAGE][PASSED] - Filtrelerden Firma Tipi filtresine Tümü dropdowndan degeri seçilir

2021-11-23 09:59:31 - [TEST_STEP][PASSED] - Filtre butonlarından Listele seçilir: Filtre butonlarından Listele seçilir

2021-11-23 09:59:31 - [MESSAGE][PASSED] - Filtre butonlarından Listele seçilir

2021-11-23 09:59:31 - [TEST_STEP][PASSED] - Tabloda veri var mı kontrol edilir: Tabloda veri var mı kontrol edilir

2021-11-23 09:59:31 - [MESSAGE][PASSED] - Tabloda veri var mı kontrol edilir

2021-11-23 09:59:31 - [TEST_STEP][PASSED] - Filtrelerden Firma Adı filtresine  textini yaz: Filtrelerden Firma Adı filtresine  textini yaz

2021-11-23 09:59:31 - [MESSAGE][PASSED] - Filtrelerden Firma Adı filtresine  textini yaz

2021-11-23 09:59:31 - [TEST_STEP][PASSED] - Filtrelerden VKN / TCKN filtresine  textini yaz: Filtrelerden VKN / TCKN filtresine  textini yaz

2021-11-23 09:59:31 - [MESSAGE][PASSED] - Filtrelerden VKN / TCKN filtresine  textini yaz

2021-11-23 09:59:31 - [TEST_STEP][PASSED] - Filtrelerden Kullanıcı Kodu filtresine  textini yaz: Filtrelerden Kullanıcı Kodu filtresine  textini yaz

2021-11-23 09:59:31 - [MESSAGE][PASSED] - Filtrelerden Kullanıcı Kodu filtresine  textini yaz

2021-11-23 09:59:31 - [TEST_STEP][PASSED] - Filtrelerden Firma Tipi filtresine Alt Firma dropdowndan degeri seçilir: Filtrelerden Firma Tipi filtresine Alt Firma dropdowndan degeri seçilir

2021-11-23 09:59:31 - [MESSAGE][PASSED] - Filtrelerden Firma Tipi filtresine Alt Firma dropdowndan degeri seçilir

2021-11-23 09:59:31 - [TEST_STEP][PASSED] - Filtre butonlarından Listele seçilir: Filtre butonlarından Listele seçilir

2021-11-23 09:59:31 - [MESSAGE][PASSED] - Filtre butonlarından Listele seçilir

2021-11-23 09:59:31 - [TEST_STEP][PASSED] - Tabloda veri var mı kontrol edilir: Tabloda veri var mı kontrol edilir

2021-11-23 09:59:31 - [MESSAGE][PASSED] - Tabloda veri var mı kontrol edilir

2021-11-23 09:59:31 - [TEST_STEP][PASSED] - Filtrelerden Firma Adı filtresine ELOGO6ALT textini yaz: Filtrelerden Firma Adı filtresine ELOGO6ALT textini yaz

2021-11-23 09:59:31 - [MESSAGE][PASSED] - Filtrelerden Firma Adı filtresine ELOGO6ALT textini yaz

2021-11-23 09:59:31 - [TEST_STEP][PASSED] - Filtre butonlarından Listele seçilir: Filtre butonlarından Listele seçilir

2021-11-23 09:59:31 - [MESSAGE][PASSED] - Filtre butonlarından Listele seçilir

2021-11-23 09:59:31 - [TEST_STEP][PASSED] - Filtrelerden Hizmet Açıklaması filtresine e-Fatura Gelen dropdowndan degeri seçilir: Filtrelerden Hizmet Açıklaması filtresine e-Fatura Gelen dropdowndan degeri seçilir

2021-11-23 09:59:31 - [MESSAGE][PASSED] - Filtrelerden Hizmet Açıklaması filtresine e-Fatura Gelen dropdowndan degeri seçilir

2021-11-23 09:59:31 - [TEST_STEP][PASSED] - Filtre butonlarından Listele seçilir: Filtre butonlarından Listele seçilir

2021-11-23 09:59:31 - [MESSAGE][PASSED] - Filtre butonlarından Listele seçilir

2021-11-23 09:59:31 - [TEST_STEP][PASSED] - Tabloda veri var mı kontrol edilir: Tabloda veri var mı kontrol edilir

2021-11-23 09:59:31 - [MESSAGE][PASSED] - Tabloda veri var mı kontrol edilir

2021-11-23 09:59:31 - [TEST_STEP][PASSED] - Filtrelerden Firma Adı filtresine  textini yaz: Filtrelerden Firma Adı filtresine  textini yaz

2021-11-23 09:59:31 - [MESSAGE][PASSED] - Filtrelerden Firma Adı filtresine  textini yaz

2021-11-23 09:59:31 - [TEST_STEP][PASSED] - Filtrelerden VKN / TCKN filtresine 1234567805 textini yaz: Filtrelerden VKN / TCKN filtresine 1234567805 textini yaz

2021-11-23 09:59:31 - [MESSAGE][PASSED] - Filtrelerden VKN / TCKN filtresine 1234567805 textini yaz

2021-11-23 09:59:31 - [TEST_STEP][PASSED] - Filtrelerden Hizmet Açıklaması filtresine Hepsi dropdowndan degeri seçilir: Filtrelerden Hizmet Açıklaması filtresine Hepsi dropdowndan degeri seçilir

2021-11-23 09:59:31 - [MESSAGE][PASSED] - Filtrelerden Hizmet Açıklaması filtresine Hepsi dropdowndan degeri seçilir

2021-11-23 09:59:31 - [TEST_STEP][PASSED] - Filtre butonlarından Listele seçilir: Filtre butonlarından Listele seçilir

2021-11-23 09:59:31 - [MESSAGE][PASSED] - Filtre butonlarından Listele seçilir

2021-11-23 09:59:31 - [TEST_STEP][PASSED] - Tabloda veri var mı kontrol edilir: Tabloda veri var mı kontrol edilir

2021-11-23 09:59:31 - [MESSAGE][PASSED] - Tabloda veri var mı kontrol edilir

2021-11-23 09:59:31 - [TEST_STEP][PASSED] - Filtrelerden VKN / TCKN filtresine  textini yaz: Filtrelerden VKN / TCKN filtresine  textini yaz

2021-11-23 09:59:31 - [MESSAGE][PASSED] - Filtrelerden VKN / TCKN filtresine  textini yaz

2021-11-23 09:59:31 - [TEST_STEP][PASSED] - Filtrelerden Kullanıcı Kodu filtresine ELOGO6ALT textini yaz: Filtrelerden Kullanıcı Kodu filtresine ELOGO6ALT textini yaz

2021-11-23 09:59:31 - [MESSAGE][PASSED] - Filtrelerden Kullanıcı Kodu filtresine ELOGO6ALT textini yaz

2021-11-23 09:59:31 - [TEST_STEP][PASSED] - Filtre butonlarından Listele seçilir: Filtre butonlarından Listele seçilir

2021-11-23 09:59:31 - [MESSAGE][PASSED] - Filtre butonlarından Listele seçilir

2021-11-23 09:59:31 - [TEST_STEP][PASSED] - Tabloda veri var mı kontrol edilir: Tabloda veri var mı kontrol edilir

2021-11-23 09:59:31 - [MESSAGE][PASSED] - Tabloda veri var mı kontrol edilir

2021-11-23 09:59:31 - [TEST_STEP][PASSED] - Filtrelerden Hizmet Açıklaması filtresine MT940 dropdowndan degeri seçilir: Filtrelerden Hizmet Açıklaması filtresine MT940 dropdowndan degeri seçilir

2021-11-23 09:59:31 - [MESSAGE][PASSED] - Filtrelerden Hizmet Açıklaması filtresine MT940 dropdowndan degeri seçilir

2021-11-23 09:59:31 - [TEST_STEP][PASSED] - Filtre butonlarından Listele seçilir: Filtre butonlarından Listele seçilir

2021-11-23 09:59:31 - [MESSAGE][PASSED] - Filtre butonlarından Listele seçilir

2021-11-23 09:59:31 - [TEST_STEP][PASSED] - Tabloda veri var mı kontrol edilir: Tabloda veri var mı kontrol edilir

2021-11-23 09:59:31 - [MESSAGE][PASSED] - Tabloda veri var mı kontrol edilir

2021-11-23 09:59:31 - [TEST_STEP][PASSED] - Filtrelerden Kullanıcı Kodu filtresine  textini yaz: Filtrelerden Kullanıcı Kodu filtresine  textini yaz

2021-11-23 09:59:31 - [MESSAGE][PASSED] - Filtrelerden Kullanıcı Kodu filtresine  textini yaz

2021-11-23 09:59:31 - [TEST_STEP][PASSED] - Filtrelerden Firma Tipi filtresine Tümü dropdowndan degeri seçilir: Filtrelerden Firma Tipi filtresine Tümü dropdowndan degeri seçilir

2021-11-23 09:59:31 - [MESSAGE][PASSED] - Filtrelerden Firma Tipi filtresine Tümü dropdowndan degeri seçilir

2021-11-23 09:59:31 - [TEST_STEP][PASSED] - Filtrelerden Hizmet Açıklaması filtresine Hepsi dropdowndan degeri seçilir: Filtrelerden Hizmet Açıklaması filtresine Hepsi dropdowndan degeri seçilir

2021-11-23 09:59:31 - [MESSAGE][PASSED] - Filtrelerden Hizmet Açıklaması filtresine Hepsi dropdowndan degeri seçilir

2021-11-23 09:59:31 - [TEST_STEP][PASSED] - Filtre butonlarından Listele seçilir: Filtre butonlarından Listele seçilir

2021-11-23 09:59:31 - [MESSAGE][PASSED] - Filtre butonlarından Listele seçilir

2021-11-23 09:59:31 - [TEST_STEP][PASSED] - Raporlar sayfa boyutu 20 olarak seçilir: Raporlar sayfa boyutu 20 olarak seçilir

2021-11-23 09:59:31 - [MESSAGE][PASSED] - Raporlar sayfa boyutu 20 olarak seçilir

2021-11-23 09:59:31 - [TEST_STEP][PASSED] - Sayfa butonlarından 2 numaralı sayfa butonuna tıklanır: Sayfa butonlarından 2 numaralı sayfa butonuna tıklanır

2021-11-23 09:59:31 - [MESSAGE][PASSED] - Sayfa butonlarından 2 numaralı sayfa butonuna tıklanır

2021-11-23 09:59:31 - [TEST_STEP][PASSED] - Tabloda veri var mı kontrol edilir: Tabloda veri var mı kontrol edilir

2021-11-23 09:59:31 - [MESSAGE][PASSED] - Tabloda veri var mı kontrol edilir

2021-11-23 09:59:31 - [TEST_STEP][PASSED] - Sayfa butonlarından 1 numaralı sayfa butonuna tıklanır: Sayfa butonlarından 1 numaralı sayfa butonuna tıklanır

2021-11-23 09:59:31 - [MESSAGE][PASSED] - Sayfa butonlarından 1 numaralı sayfa butonuna tıklanır

2021-11-23 09:59:31 - [TEST_STEP][PASSED] - Raporlar sayfa boyutu 10 olarak seçilir: Raporlar sayfa boyutu 10 olarak seçilir

2021-11-23 09:59:31 - [MESSAGE][PASSED] - Raporlar sayfa boyutu 10 olarak seçilir

2021-11-23 09:59:31 - [TEST_STEP][PASSED] - Sayfa butonlarından 2 numaralı sayfa butonuna tıklanır: Sayfa butonlarından 2 numaralı sayfa butonuna tıklanır

2021-11-23 09:59:31 - [MESSAGE][PASSED] - Sayfa butonlarından 2 numaralı sayfa butonuna tıklanır

2021-11-23 09:59:31 - [TEST_STEP][PASSED] - Tabloda veri var mı kontrol edilir: Tabloda veri var mı kontrol edilir

2021-11-23 09:59:31 - [MESSAGE][PASSED] - Tabloda veri var mı kontrol edilir

2021-11-23 09:59:31 - [TEST_STEP][PASSED] - Sayfa butonlarından 3 numaralı sayfa butonuna tıklanır: Sayfa butonlarından 3 numaralı sayfa butonuna tıklanır

2021-11-23 09:59:31 - [MESSAGE][PASSED] - Sayfa butonlarından 3 numaralı sayfa butonuna tıklanır

2021-11-23 09:59:31 - [TEST_STEP][PASSED] - Tabloda veri var mı kontrol edilir: Tabloda veri var mı kontrol edilir

2021-11-23 09:59:31 - [MESSAGE][PASSED] - Tabloda veri var mı kontrol edilir

2021-11-23 09:59:31 - [TEST_STEP][PASSED] - Sayfa butonlarından 1 numaralı sayfa butonuna tıklanır: Sayfa butonlarından 1 numaralı sayfa butonuna tıklanır

2021-11-23 09:59:31 - [MESSAGE][PASSED] - Sayfa butonlarından 1 numaralı sayfa butonuna tıklanır

2021-11-23 09:59:31 - [TEST_STEP][PASSED] - Raporlar sayfa boyutu 50 olarak seçilir: Raporlar sayfa boyutu 50 olarak seçilir

2021-11-23 09:59:31 - [MESSAGE][PASSED] - Raporlar sayfa boyutu 50 olarak seçilir

2021-11-23 09:59:31 - [TEST_STEP][PASSED] - Tabloda veri var mı kontrol edilir: Tabloda veri var mı kontrol edilir

2021-11-23 09:59:31 - [MESSAGE][PASSED] - Tabloda veri var mı kontrol edilir

2021-11-23 09:59:31 - [TEST_STEP][PASSED] - Butonlardan Excel isimli butona tıklanır: Butonlardan Excel isimli butona tıklanır

2021-11-23 09:59:31 - [MESSAGE][PASSED] - Butonlardan Excel isimli butona tıklanır

2021-11-23 09:59:31 - [TEST_STEP][PASSED] - Ön eki Kümülatif_Kontör_Raporu olan dosya indirildi mi: Ön eki Kümülatif_Kontör_Raporu olan dosya indirildi mi

2021-11-23 09:59:31 - [MESSAGE][PASSED] - Ön eki Kümülatif_Kontör_Raporu olan dosya indirildi mi

2021-11-23 09:59:31 - [TEST_STEP][PASSED] - Kullanıcı işlemlerinden Çıkış seçilir: Kullanıcı işlemlerinden Çıkış seçilir

2021-11-23 09:59:31 - [MESSAGE][PASSED] - Kullanıcı işlemlerinden Çıkış seçilir

2021-11-23 09:59:31 - [MESSAGE][PASSED] - Feature file: 'Include/features/Raporlar/Kümülatif Kontör Raporu/Ekran Kontrolü ve Excel Aktar.feature' was passed

2021-11-23 09:59:31 - [TEST_STEP][PASSED] - Start listener action : sampleAfterTestSuite: Invoke 'com.kms.katalon.core.annotation.AfterTestCase' method: 'Listener.sampleAfterTestSuite(...)' completed.

2021-11-23 09:59:31 - [MESSAGE][INFO] - Starting invoke 'com.kms.katalon.core.annotation.AfterTestCase' method: 'Listener.sampleAfterTestSuite(...)'

2021-11-23 09:59:31 - [TEST_STEP][PASSED] - closeBrowser(): Invoke 'com.kms.katalon.core.annotation.AfterTestCase' method: 'Listener.sampleAfterTestSuite(...)' completed.

2021-11-23 09:59:31 - [MESSAGE][INFO] - Closing browser

2021-11-23 09:59:32 - [MESSAGE][PASSED] - Browser is closed

2021-11-23 09:59:32 - [MESSAGE][INFO] - Invoke 'com.kms.katalon.core.annotation.AfterTestCase' method: 'Listener.sampleAfterTestSuite(...)' completed.]]></system-out>
         <system-err><![CDATA[]]></system-err>
      </testcase>
      <system-out><![CDATA[2021-11-23 09:55:25 - [TEST_SUITE][PASSED] - Raporlar: Test Cases/Case Repository/Raporlar/Kümülatif Kontrol Raporu/Ekran Kontrolü ve Excel Aktar]]></system-out>
      <system-err><![CDATA[]]></system-err>
   </testsuite>
</testsuites>
