<?xml version="1.0" encoding="UTF-8"?>
<testsuites name="Regresyon-eArsiv-eMakbuz" time="2088.513" tests="20" failures="0" errors="0">
   <testsuite name="Regresyon-eArsiv-eMakbuz" tests="20" failures="0" errors="0" time="2088.513" skipped="0" timestamp="2021-11-18 11:55:13" hostname="DELL - DESKTOP-QBVMTUG" id="">
      <properties>
         <property name="deviceName" value=""/>
         <property name="devicePlatform" value=""/>
         <property name="logFolder" value="C:\\Users\\DELL\\Documents\\GitHub\\EES_KatalonLogo\\Reports\\20211118_114904\\Suite Repository\\Regresyon-eArsiv-eMakbuz\\20211118_114904"/>
         <property name="logFiles" value="C:\\Users\\DELL\\Documents\\GitHub\\EES_KatalonLogo\\Reports\\20211118_114904\\Suite Repository\\Regresyon-eArsiv-eMakbuz\\20211118_114904\\execution0.log, C:\\Users\\DELL\\Documents\\GitHub\\EES_KatalonLogo\\Reports\\20211118_114904\\Suite Repository\\Regresyon-eArsiv-eMakbuz\\20211118_114904\\execution1.log, C:\\Users\\DELL\\Documents\\GitHub\\EES_KatalonLogo\\Reports\\20211118_114904\\Suite Repository\\Regresyon-eArsiv-eMakbuz\\20211118_114904\\execution2.log"/>
         <property name="attachments" value=""/>
         <property name="hostName" value="DELL - DESKTOP-QBVMTUG"/>
         <property name="os" value="Windows 10 64bit"/>
         <property name="katalonVersion" value="8.0.5.208"/>
         <property name="browser" value="Chrome 96.0.4664.45"/>
         <property name="hostAddress" value="192.168.1.24"/>
         <property name="sessionId" value="a53ebb22507c547047b5089685b94dd5"/>
         <property name="seleniumVersion" value="3.141.59"/>
         <property name="proxyInformation" value="ProxyInformation { proxyOption=NO_PROXY, proxyServerType=HTTP, username=, password=********, proxyServerAddress=, proxyServerPort=0, executionList=&quot;&quot;, isApplyToDesiredCapabilities=true }"/>
         <property name="platform" value="Windows 10"/>
      </properties>
      <testcase name="Test Cases/Case Repository/Regresyon/e-Arsiv/VKN-Elektronik-Hal Komisyoncu" time="149.946" classname="Test Cases/Case Repository/Regresyon/e-Arsiv/VKN-Elektronik-Hal Komisyoncu" status="PASSED">
         <system-out><![CDATA[2021-11-18 11:55:13 - [TEST_CASE][PASSED] - Test Cases/Case Repository/Regresyon/e-Arsiv/VKN-Elektronik-Hal Komisyoncu: Test Cases/Case Repository/Regresyon/e-Arsiv/VKN-Elektronik-Hal Komisyoncu

2021-11-18 11:55:13 - [TEST_STEP][PASSED] - Start listener action : sampleBeforeTestSuite: Invoke 'com.kms.katalon.core.annotation.BeforeTestCase' method: 'Listener.sampleBeforeTestSuite(...)' completed.

2021-11-18 11:55:13 - [MESSAGE][INFO] - Starting invoke 'com.kms.katalon.core.annotation.BeforeTestCase' method: 'Listener.sampleBeforeTestSuite(...)'

2021-11-18 11:55:13 - [TEST_STEP][PASSED] - openBrowser(baseUrl): Browser is opened with url: 'https://efatura-stage.elogo.com.tr/'

2021-11-18 11:55:15 - [MESSAGE][INFO] - Opening browser

2021-11-18 11:55:15 - [MESSAGE][INFO] - Starting 'Chrome' driver

2021-11-18 11:55:15 - [MESSAGE][INFO] - User set preference: ['prefs', '{download.default_directory=C:\otomasyondownfiles}']

2021-11-18 11:55:15 - [MESSAGE][INFO] - Action delay is set to 0 milliseconds

2021-11-18 11:55:18 - [MESSAGE][INFO] - Navigating browser to: 'https://efatura-stage.elogo.com.tr/'

2021-11-18 11:55:21 - [MESSAGE][PASSED] - Browser is opened with url: 'https://efatura-stage.elogo.com.tr/'

2021-11-18 11:55:21 - [TEST_STEP][PASSED] - maximizeWindow(): Invoke 'com.kms.katalon.core.annotation.BeforeTestCase' method: 'Listener.sampleBeforeTestSuite(...)' completed.

2021-11-18 11:55:21 - [MESSAGE][INFO] - Maximizing current window

2021-11-18 11:55:21 - [MESSAGE][PASSED] - Current window maximized

2021-11-18 11:55:21 - [MESSAGE][INFO] - Invoke 'com.kms.katalon.core.annotation.BeforeTestCase' method: 'Listener.sampleBeforeTestSuite(...)' completed.

2021-11-18 11:55:22 - [TEST_STEP][PASSED] - runFeatureFile("Include/features/Regresyon/e-Arsiv/VKN-Elektronik-Hal Komisyoncu.feature"): Feature file: 'Include/features/Regresyon/e-Arsiv/VKN-Elektronik-Hal Komisyoncu.feature' was passed

2021-11-18 11:55:22 - [MESSAGE][INFO] - Starting run keyword runFeatureFile: 'Include/features/Regresyon/e-Arsiv/VKN-Elektronik-Hal Komisyoncu.feature' and extract report to folder: 'C:\Users\DELL\Documents\GitHub\EES_KatalonLogo\Reports\20211118_114904\Suite Repository\Regresyon-eArsiv-eMakbuz\20211118_114904/cucumber_report/1637225722346'...

2021-11-18 11:55:22 - [MESSAGE][INFO] - Glue: []

2021-11-18 11:55:26 - [MESSAGE][INFO] - Checking called Test Case

2021-11-18 11:55:26 - [MESSAGE][INFO] - Starting to call Test Case 'Test Cases/Sayfalar/Giris_Sayfasi/Login'

2021-11-18 11:55:26 - [TEST_CASE][PASSED] - Test Cases/Sayfalar/Giris_Sayfasi/Login: Test Cases/Sayfalar/Giris_Sayfasi/Login

2021-11-18 11:55:27 - [TEST_STEP][PASSED] - Sayfa_Basligi = getWindowTitle(): Current window's title is: 'LOGO e-Fatura'

2021-11-18 11:55:27 - [MESSAGE][INFO] - Getting current window's title

2021-11-18 11:55:27 - [MESSAGE][PASSED] - Current window's title is: 'LOGO e-Fatura'

2021-11-18 11:55:27 - [TEST_STEP][PASSED] - verifyMatch(Sayfa_Basligi, "LOGO e-Fatura", false): Actual text 'LOGO e-Fatura' and expected text 'LOGO e-Fatura' are matched 

2021-11-18 11:55:27 - [MESSAGE][INFO] - Matching actual text 'LOGO e-Fatura' with expected text 'LOGO e-Fatura'

2021-11-18 11:55:27 - [MESSAGE][PASSED] - Actual text 'LOGO e-Fatura' and expected text 'LOGO e-Fatura' are matched 

2021-11-18 11:55:27 - [TEST_STEP][PASSED] - sendKeys(findTestObject("Sayfalar/Giris_Sayfasi/Firma_Kodu"), KullaniciAdi): Keys 'HALKOMIS' sent to object: 'Object Repository/Sayfalar/Giris_Sayfasi/Firma_Kodu'

2021-11-18 11:55:27 - [MESSAGE][INFO] - Finding Test Object 'Object Repository/Sayfalar/Giris_Sayfasi/Firma_Kodu'

2021-11-18 11:55:27 - [MESSAGE][INFO] - Sending keys 'HALKOMIS' to object: 'Object Repository/Sayfalar/Giris_Sayfasi/Firma_Kodu'

2021-11-18 11:55:27 - [MESSAGE][INFO] - Finding web element from Test Object's properties

2021-11-18 11:55:27 - [MESSAGE][INFO] - Checking timeout

2021-11-18 11:55:27 - [MESSAGE][INFO] - Finding web element with id: 'Object Repository/Sayfalar/Giris_Sayfasi/Firma_Kodu' located by 'By.xpath: //*[@id = 'AccountName']' in '30' second(s)

2021-11-18 11:55:27 - [MESSAGE][INFO] - Smart Wait Function is triggered

2021-11-18 11:55:27 - [MESSAGE][INFO] - Found 1 web elements with id: 'Object Repository/Sayfalar/Giris_Sayfasi/Firma_Kodu' located by 'By.xpath: //*[@id = 'AccountName']' in '30' second(s)

2021-11-18 11:55:28 - [MESSAGE][PASSED] - Keys 'HALKOMIS' sent to object: 'Object Repository/Sayfalar/Giris_Sayfasi/Firma_Kodu'

2021-11-18 11:55:28 - [TEST_STEP][PASSED] - sendKeys(findTestObject("Sayfalar/Giris_Sayfasi/Sifre"), Sifre): Keys 'test1234' sent to object: 'Object Repository/Sayfalar/Giris_Sayfasi/Sifre'

2021-11-18 11:55:28 - [MESSAGE][INFO] - Finding Test Object 'Object Repository/Sayfalar/Giris_Sayfasi/Sifre'

2021-11-18 11:55:28 - [MESSAGE][INFO] - Sending keys 'test1234' to object: 'Object Repository/Sayfalar/Giris_Sayfasi/Sifre'

2021-11-18 11:55:28 - [MESSAGE][INFO] - Finding web element from Test Object's properties

2021-11-18 11:55:28 - [MESSAGE][INFO] - Checking timeout

2021-11-18 11:55:28 - [MESSAGE][INFO] - Finding web element with id: 'Object Repository/Sayfalar/Giris_Sayfasi/Sifre' located by 'By.xpath: //*[@id = 'Password']' in '30' second(s)

2021-11-18 11:55:28 - [MESSAGE][INFO] - Smart Wait Function is triggered

2021-11-18 11:55:28 - [MESSAGE][INFO] - Found 1 web elements with id: 'Object Repository/Sayfalar/Giris_Sayfasi/Sifre' located by 'By.xpath: //*[@id = 'Password']' in '30' second(s)

2021-11-18 11:55:28 - [MESSAGE][PASSED] - Keys 'test1234' sent to object: 'Object Repository/Sayfalar/Giris_Sayfasi/Sifre'

2021-11-18 11:55:28 - [TEST_STEP][PASSED] - findWebElement(findTestObject("Sayfalar/Giris_Sayfasi/Giris_Butonu")).click(): Found 1 web elements with id: 'Object Repository/Sayfalar/Giris_Sayfasi/Giris_Butonu' located by 'By.cssSelector: #btnLogin' in '30' second(s)

2021-11-18 11:55:28 - [MESSAGE][INFO] - Finding Test Object 'Object Repository/Sayfalar/Giris_Sayfasi/Giris_Butonu'

2021-11-18 11:55:29 - [MESSAGE][INFO] - Finding web element from Test Object's properties

2021-11-18 11:55:29 - [MESSAGE][INFO] - Checking timeout

2021-11-18 11:55:29 - [MESSAGE][INFO] - Finding web element with id: 'Object Repository/Sayfalar/Giris_Sayfasi/Giris_Butonu' located by 'By.cssSelector: #btnLogin' in '30' second(s)

2021-11-18 11:55:29 - [MESSAGE][INFO] - Smart Wait Function is triggered

2021-11-18 11:55:29 - [MESSAGE][INFO] - Found 1 web elements with id: 'Object Repository/Sayfalar/Giris_Sayfasi/Giris_Butonu' located by 'By.cssSelector: #btnLogin' in '30' second(s)

2021-11-18 11:55:31 - [TEST_STEP][PASSED] - if (verifyElementPresent(findTestObject("Object Repository/Sayfalar/Giris_Sayfasi/RetveTamam_Butonu"), 5, OPTIONAL)): null

2021-11-18 11:55:31 - [MESSAGE][INFO] - Finding Test Object 'Object Repository/Sayfalar/Giris_Sayfasi/RetveTamam_Butonu'

2021-11-18 11:55:31 - [MESSAGE][INFO] - Checking object

2021-11-18 11:55:31 - [MESSAGE][INFO] - Finding web element from Test Object's properties

2021-11-18 11:55:31 - [MESSAGE][INFO] - Checking timeout

2021-11-18 11:55:31 - [MESSAGE][INFO] - Finding web element with id: 'Object Repository/Sayfalar/Giris_Sayfasi/RetveTamam_Butonu' located by 'By.xpath: //*[@class = 'btn btn-default']' in '5' second(s)

2021-11-18 11:55:31 - [MESSAGE][INFO] - Smart Wait Function is triggered

2021-11-18 11:55:31 - [MESSAGE][INFO] - Found 1 web elements with id: 'Object Repository/Sayfalar/Giris_Sayfasi/RetveTamam_Butonu' located by 'By.xpath: //*[@class = 'btn btn-default']' in '5' second(s)

2021-11-18 11:55:31 - [MESSAGE][PASSED] - Object 'Object Repository/Sayfalar/Giris_Sayfasi/RetveTamam_Butonu' is present

2021-11-18 11:55:31 - [TEST_STEP][PASSED] - click(findTestObject("Object Repository/Sayfalar/Giris_Sayfasi/RetveTamam_Butonu")): Object: 'Object Repository/Sayfalar/Giris_Sayfasi/RetveTamam_Butonu' is clicked on

2021-11-18 11:55:31 - [MESSAGE][INFO] - Finding Test Object 'Object Repository/Sayfalar/Giris_Sayfasi/RetveTamam_Butonu'

2021-11-18 11:55:32 - [MESSAGE][INFO] - Checking object

2021-11-18 11:55:32 - [MESSAGE][INFO] - Finding web element from Test Object's properties

2021-11-18 11:55:32 - [MESSAGE][INFO] - Checking timeout

2021-11-18 11:55:32 - [MESSAGE][INFO] - Finding web element with id: 'Object Repository/Sayfalar/Giris_Sayfasi/RetveTamam_Butonu' located by 'By.xpath: //*[@class = 'btn btn-default']' in '30' second(s)

2021-11-18 11:55:32 - [MESSAGE][INFO] - Smart Wait Function is triggered

2021-11-18 11:55:32 - [MESSAGE][INFO] - Found 1 web elements with id: 'Object Repository/Sayfalar/Giris_Sayfasi/RetveTamam_Butonu' located by 'By.xpath: //*[@class = 'btn btn-default']' in '30' second(s)

2021-11-18 11:55:32 - [MESSAGE][INFO] - Clicking on object: 'Object Repository/Sayfalar/Giris_Sayfasi/RetveTamam_Butonu'

2021-11-18 11:55:32 - [MESSAGE][PASSED] - Object: 'Object Repository/Sayfalar/Giris_Sayfasi/RetveTamam_Butonu' is clicked on

2021-11-18 11:55:32 - [TEST_STEP][PASSED] - click(findTestObject("Object Repository/Sayfalar/Giris_Sayfasi/RetveTamam_Butonu")): Object: 'Object Repository/Sayfalar/Giris_Sayfasi/RetveTamam_Butonu' is clicked on

2021-11-18 11:55:32 - [MESSAGE][INFO] - Finding Test Object 'Object Repository/Sayfalar/Giris_Sayfasi/RetveTamam_Butonu'

2021-11-18 11:55:32 - [MESSAGE][INFO] - Checking object

2021-11-18 11:55:32 - [MESSAGE][INFO] - Finding web element from Test Object's properties

2021-11-18 11:55:32 - [MESSAGE][INFO] - Checking timeout

2021-11-18 11:55:32 - [MESSAGE][INFO] - Finding web element with id: 'Object Repository/Sayfalar/Giris_Sayfasi/RetveTamam_Butonu' located by 'By.xpath: //*[@class = 'btn btn-default']' in '30' second(s)

2021-11-18 11:55:32 - [MESSAGE][INFO] - Smart Wait Function is triggered

2021-11-18 11:55:44 - [MESSAGE][INFO] - Found 1 web elements with id: 'Object Repository/Sayfalar/Giris_Sayfasi/RetveTamam_Butonu' located by 'By.xpath: //*[@class = 'btn btn-default']' in '30' second(s)

2021-11-18 11:55:44 - [MESSAGE][INFO] - Clicking on object: 'Object Repository/Sayfalar/Giris_Sayfasi/RetveTamam_Butonu'

2021-11-18 11:55:44 - [MESSAGE][PASSED] - Object: 'Object Repository/Sayfalar/Giris_Sayfasi/RetveTamam_Butonu' is clicked on

2021-11-18 11:55:44 - [TEST_STEP][PASSED] - if (verifyElementPresent(findTestObject("Sayfalar/Giris_Sayfasi/PopupOK"), 5, OPTIONAL)): null

2021-11-18 11:55:44 - [MESSAGE][INFO] - Finding Test Object 'Object Repository/Sayfalar/Giris_Sayfasi/PopupOK'

2021-11-18 11:55:44 - [MESSAGE][INFO] - Checking object

2021-11-18 11:55:44 - [MESSAGE][INFO] - Finding web element from Test Object's properties

2021-11-18 11:55:44 - [MESSAGE][INFO] - Checking timeout

2021-11-18 11:55:44 - [MESSAGE][INFO] - Finding web element with id: 'Object Repository/Sayfalar/Giris_Sayfasi/PopupOK' located by 'By.cssSelector: .btn.btn-success' in '5' second(s)

2021-11-18 11:55:44 - [MESSAGE][INFO] - Smart Wait Function is triggered

2021-11-18 11:55:45 - [MESSAGE][INFO] - Found 1 web elements with id: 'Object Repository/Sayfalar/Giris_Sayfasi/PopupOK' located by 'By.cssSelector: .btn.btn-success' in '5' second(s)

2021-11-18 11:55:45 - [MESSAGE][PASSED] - Object 'Object Repository/Sayfalar/Giris_Sayfasi/PopupOK' is present

2021-11-18 11:55:45 - [TEST_STEP][PASSED] - click(findTestObject("Object Repository/Sayfalar/Giris_Sayfasi/PopupCarpiGiris")): Object: 'Object Repository/Sayfalar/Giris_Sayfasi/PopupCarpiGiris' is clicked on

2021-11-18 11:55:45 - [MESSAGE][INFO] - Finding Test Object 'Object Repository/Sayfalar/Giris_Sayfasi/PopupCarpiGiris'

2021-11-18 11:55:45 - [MESSAGE][INFO] - Checking object

2021-11-18 11:55:45 - [MESSAGE][INFO] - Finding web element from Test Object's properties

2021-11-18 11:55:45 - [MESSAGE][INFO] - Checking timeout

2021-11-18 11:55:45 - [MESSAGE][INFO] - Finding web element with id: 'Object Repository/Sayfalar/Giris_Sayfasi/PopupCarpiGiris' located by 'By.cssSelector: .bootbox-close-button.close' in '30' second(s)

2021-11-18 11:55:45 - [MESSAGE][INFO] - Smart Wait Function is triggered

2021-11-18 11:55:45 - [MESSAGE][INFO] - Found 1 web elements with id: 'Object Repository/Sayfalar/Giris_Sayfasi/PopupCarpiGiris' located by 'By.cssSelector: .bootbox-close-button.close' in '30' second(s)

2021-11-18 11:55:45 - [MESSAGE][INFO] - Clicking on object: 'Object Repository/Sayfalar/Giris_Sayfasi/PopupCarpiGiris'

2021-11-18 11:55:45 - [MESSAGE][PASSED] - Object: 'Object Repository/Sayfalar/Giris_Sayfasi/PopupCarpiGiris' is clicked on

2021-11-18 11:55:45 - [TEST_STEP][PASSED] - verifyElementVisible(findTestObject("Object Repository/Kullanici_Islemleri/KullaniciIslemleri")): Object 'Object Repository/Kullanici_Islemleri/KullaniciIslemleri' is visible

2021-11-18 11:55:45 - [MESSAGE][INFO] - Finding Test Object 'Object Repository/Kullanici_Islemleri/KullaniciIslemleri'

2021-11-18 11:55:45 - [MESSAGE][INFO] - Checking object

2021-11-18 11:55:45 - [MESSAGE][INFO] - Finding web element from Test Object's properties

2021-11-18 11:55:45 - [MESSAGE][INFO] - Checking timeout

2021-11-18 11:55:45 - [MESSAGE][INFO] - Finding web element with id: 'Object Repository/Kullanici_Islemleri/KullaniciIslemleri' located by 'By.cssSelector: .dropdown>a>img' in '30' second(s)

2021-11-18 11:55:45 - [MESSAGE][INFO] - Smart Wait Function is triggered

2021-11-18 11:55:46 - [MESSAGE][INFO] - Found 1 web elements with id: 'Object Repository/Kullanici_Islemleri/KullaniciIslemleri' located by 'By.cssSelector: .dropdown>a>img' in '30' second(s)

2021-11-18 11:55:46 - [MESSAGE][PASSED] - Object 'Object Repository/Kullanici_Islemleri/KullaniciIslemleri' is visible

2021-11-18 11:55:46 - [MESSAGE][PASSED] - Call Test Case 'Test Cases/Sayfalar/Giris_Sayfasi/Login' successfully

2021-11-18 11:55:46 - [MESSAGE][INFO] - Checking called Test Case

2021-11-18 11:55:46 - [MESSAGE][INFO] - Starting to call Test Case 'Test Cases/Menu/AnaMenuSecimi'

2021-11-18 11:55:46 - [TEST_CASE][PASSED] - Test Cases/Menu/AnaMenuSecimi: Test Cases/Menu/AnaMenuSecimi

2021-11-18 11:55:46 - [TEST_STEP][PASSED] - Method.TextDegerineEsitElementeTikla(findTestObject("Menu/Ana_Menu"), Ana_Menu): Method.TextDegerineEsitElementeTikla is PASSED

2021-11-18 11:55:46 - [MESSAGE][INFO] - Finding Test Object 'Object Repository/Menu/Ana_Menu'

2021-11-18 11:55:47 - [MESSAGE][INFO] - Checking timeout

2021-11-18 11:55:47 - [MESSAGE][INFO] - Finding web element with id: 'Object Repository/Menu/Ana_Menu' located by 'By.xpath: //*[@class = 'dropdown-toggle']' in '10' second(s)

2021-11-18 11:55:47 - [MESSAGE][INFO] - Smart Wait Function is triggered

2021-11-18 11:55:47 - [MESSAGE][INFO] - Found 13 web elements with id: 'Object Repository/Menu/Ana_Menu' located by 'By.xpath: //*[@class = 'dropdown-toggle']' in '10' second(s)

2021-11-18 11:55:47 - [MESSAGE][PASSED] - Method.TextDegerineEsitElementeTikla is PASSED

2021-11-18 11:55:47 - [MESSAGE][PASSED] - Call Test Case 'Test Cases/Menu/AnaMenuSecimi' successfully

2021-11-18 11:55:47 - [MESSAGE][INFO] - Checking called Test Case

2021-11-18 11:55:47 - [MESSAGE][INFO] - Starting to call Test Case 'Test Cases/Menu/BasligaGoreAltMenuSecimi'

2021-11-18 11:55:47 - [TEST_CASE][PASSED] - Test Cases/Menu/BasligaGoreAltMenuSecimi: Test Cases/Menu/BasligaGoreAltMenuSecimi

2021-11-18 11:55:48 - [TEST_STEP][PASSED] - Method.TextDegerineEsitElementinAltindakiTextDegerineEsitOlanaTikla(findTestObject("Menu/Menu_Basligi"), findTestObject("Menu/Basliga_Gore_Alt_Menu"), Baslik, Alt_Menu): Method.TextDegerineEsitElementinAltindakiTextDegerineEsitOlanaTikla is PASSED

2021-11-18 11:55:48 - [MESSAGE][INFO] - Finding Test Object 'Object Repository/Menu/Menu_Basligi'

2021-11-18 11:55:48 - [MESSAGE][INFO] - Finding Test Object 'Object Repository/Menu/Basliga_Gore_Alt_Menu'

2021-11-18 11:55:48 - [MESSAGE][INFO] - Checking timeout

2021-11-18 11:55:48 - [MESSAGE][INFO] - Finding web element with id: 'Object Repository/Menu/Menu_Basligi' located by 'By.xpath: //li[@class='dropdown dropdown-large open']//li[@class='dropdown-header']' in '10' second(s)

2021-11-18 11:55:48 - [MESSAGE][INFO] - Smart Wait Function is triggered

2021-11-18 11:55:48 - [MESSAGE][INFO] - Found 2 web elements with id: 'Object Repository/Menu/Menu_Basligi' located by 'By.xpath: //li[@class='dropdown dropdown-large open']//li[@class='dropdown-header']' in '10' second(s)

2021-11-18 11:55:48 - [MESSAGE][INFO] - Smart Wait Function is triggered

2021-11-18 11:55:52 - [MESSAGE][PASSED] - Method.TextDegerineEsitElementinAltindakiTextDegerineEsitOlanaTikla is PASSED

2021-11-18 11:55:52 - [MESSAGE][PASSED] - Call Test Case 'Test Cases/Menu/BasligaGoreAltMenuSecimi' successfully

2021-11-18 11:55:52 - [MESSAGE][INFO] - Checking called Test Case

2021-11-18 11:55:52 - [MESSAGE][INFO] - Starting to call Test Case 'Test Cases/Tablo/Olusturma Tarihi'

2021-11-18 11:55:52 - [TEST_CASE][PASSED] - Test Cases/Tablo/Olusturma Tarihi: Test Cases/Tablo/Olusturma Tarihi

2021-11-18 11:55:52 - [TEST_STEP][PASSED] - if (verifyTextNotPresent("Görüntülenecek veri yok", true, OPTIONAL)): null

2021-11-18 11:55:52 - [MESSAGE][INFO] - Checking text present  using regular expression

2021-11-18 11:55:52 - [MESSAGE][INFO] - Smart Wait Function is triggered

2021-11-18 11:55:53 - [MESSAGE][INFO] - Finding text 'Görüntülenecek veri yok' on page  using regular expression

2021-11-18 11:55:53 - [MESSAGE][PASSED] - Text 'Görüntülenecek veri yok' is not present on page using regular expression

2021-11-18 11:55:53 - [TEST_STEP][PASSED] - click(findTestObject("Temizle/Olusturma_Tarihi_CheckBox")): Object: 'Object Repository/Temizle/Olusturma_Tarihi_CheckBox' is clicked on

2021-11-18 11:55:53 - [MESSAGE][INFO] - Finding Test Object 'Object Repository/Temizle/Olusturma_Tarihi_CheckBox'

2021-11-18 11:55:53 - [MESSAGE][INFO] - Checking object

2021-11-18 11:55:53 - [MESSAGE][INFO] - Finding web element from Test Object's properties

2021-11-18 11:55:53 - [MESSAGE][INFO] - Checking timeout

2021-11-18 11:55:53 - [MESSAGE][INFO] - Finding web element with id: 'Object Repository/Temizle/Olusturma_Tarihi_CheckBox' located by 'By.xpath: //*[@title = 'Bu sayfadaki tüm satırları Seç']' in '30' second(s)

2021-11-18 11:55:53 - [MESSAGE][INFO] - Smart Wait Function is triggered

2021-11-18 11:55:53 - [MESSAGE][INFO] - Found 1 web elements with id: 'Object Repository/Temizle/Olusturma_Tarihi_CheckBox' located by 'By.xpath: //*[@title = 'Bu sayfadaki tüm satırları Seç']' in '30' second(s)

2021-11-18 11:55:53 - [MESSAGE][INFO] - Clicking on object: 'Object Repository/Temizle/Olusturma_Tarihi_CheckBox'

2021-11-18 11:55:53 - [MESSAGE][PASSED] - Object: 'Object Repository/Temizle/Olusturma_Tarihi_CheckBox' is clicked on

2021-11-18 11:55:53 - [TEST_STEP][PASSED] - Method.TextDegerineEsitElementeTiklaEquals(findTestObject("Butonlar/Butonlar"), "Sil"): Method.TextDegerineEsitElementeTiklaEquals is PASSED

2021-11-18 11:55:53 - [MESSAGE][INFO] - Finding Test Object 'Object Repository/Butonlar/Butonlar'

2021-11-18 11:55:54 - [MESSAGE][INFO] - Checking timeout

2021-11-18 11:55:54 - [MESSAGE][INFO] - Finding web element with id: 'Object Repository/Butonlar/Butonlar' located by 'By.cssSelector: .panel.panel-default.text-center.footerPanel .btn,.btn.btn-primary.btnControls' in '10' second(s)

2021-11-18 11:55:54 - [MESSAGE][INFO] - Smart Wait Function is triggered

2021-11-18 11:55:54 - [MESSAGE][INFO] - Found 9 web elements with id: 'Object Repository/Butonlar/Butonlar' located by 'By.cssSelector: .panel.panel-default.text-center.footerPanel .btn,.btn.btn-primary.btnControls' in '10' second(s)

2021-11-18 11:55:54 - [MESSAGE][PASSED] - Method.TextDegerineEsitElementeTiklaEquals is PASSED

2021-11-18 11:55:54 - [TEST_STEP][PASSED] - Method.TextDegerineEsitElementeTikla(findTestObject("Popup/Popup_Butons"), "Evet"): Method.TextDegerineEsitElementeTikla is PASSED

2021-11-18 11:55:54 - [MESSAGE][INFO] - Finding Test Object 'Object Repository/Popup/Popup_Butons'

2021-11-18 11:55:54 - [MESSAGE][INFO] - Checking timeout

2021-11-18 11:55:54 - [MESSAGE][INFO] - Finding web element with id: 'Object Repository/Popup/Popup_Butons' located by 'By.cssSelector: .modal-footer>button' in '10' second(s)

2021-11-18 11:55:54 - [MESSAGE][INFO] - Smart Wait Function is triggered

2021-11-18 11:55:55 - [MESSAGE][INFO] - Found 2 web elements with id: 'Object Repository/Popup/Popup_Butons' located by 'By.cssSelector: .modal-footer>button' in '10' second(s)

2021-11-18 11:55:55 - [MESSAGE][PASSED] - Method.TextDegerineEsitElementeTikla is PASSED

2021-11-18 11:55:55 - [TEST_STEP][PASSED] - Method.TextDegerineEsitElementeTikla(findTestObject("Popup/Popup_Butons"), "Tamam"): Method.TextDegerineEsitElementeTikla is PASSED

2021-11-18 11:55:55 - [MESSAGE][INFO] - Finding Test Object 'Object Repository/Popup/Popup_Butons'

2021-11-18 11:55:55 - [MESSAGE][INFO] - Checking timeout

2021-11-18 11:55:55 - [MESSAGE][INFO] - Finding web element with id: 'Object Repository/Popup/Popup_Butons' located by 'By.cssSelector: .modal-footer>button' in '10' second(s)

2021-11-18 11:55:55 - [MESSAGE][INFO] - Smart Wait Function is triggered

2021-11-18 11:55:56 - [MESSAGE][INFO] - Found 1 web elements with id: 'Object Repository/Popup/Popup_Butons' located by 'By.cssSelector: .modal-footer>button' in '10' second(s)

2021-11-18 11:55:56 - [MESSAGE][PASSED] - Method.TextDegerineEsitElementeTikla is PASSED

2021-11-18 11:55:56 - [MESSAGE][PASSED] - Call Test Case 'Test Cases/Tablo/Olusturma Tarihi' successfully

2021-11-18 11:55:56 - [MESSAGE][INFO] - Checking called Test Case

2021-11-18 11:55:56 - [MESSAGE][INFO] - Starting to call Test Case 'Test Cases/Butonlar/ButonaTikla'

2021-11-18 11:55:56 - [TEST_CASE][PASSED] - Test Cases/Butonlar/ButonaTikla: Test Cases/Butonlar/ButonaTikla

2021-11-18 11:55:57 - [TEST_STEP][PASSED] - Method.TextDegerineEsitElementeTiklaEquals(findTestObject("Butonlar/Butonlar"), Buton_Adi): Method.TextDegerineEsitElementeTiklaEquals is PASSED

2021-11-18 11:55:57 - [MESSAGE][INFO] - Finding Test Object 'Object Repository/Butonlar/Butonlar'

2021-11-18 11:55:57 - [MESSAGE][INFO] - Checking timeout

2021-11-18 11:55:57 - [MESSAGE][INFO] - Finding web element with id: 'Object Repository/Butonlar/Butonlar' located by 'By.cssSelector: .panel.panel-default.text-center.footerPanel .btn,.btn.btn-primary.btnControls' in '10' second(s)

2021-11-18 11:55:57 - [MESSAGE][INFO] - Smart Wait Function is triggered

2021-11-18 11:55:57 - [MESSAGE][INFO] - Found 9 web elements with id: 'Object Repository/Butonlar/Butonlar' located by 'By.cssSelector: .panel.panel-default.text-center.footerPanel .btn,.btn.btn-primary.btnControls' in '10' second(s)

2021-11-18 11:55:58 - [MESSAGE][PASSED] - Method.TextDegerineEsitElementeTiklaEquals is PASSED

2021-11-18 11:55:58 - [MESSAGE][PASSED] - Call Test Case 'Test Cases/Butonlar/ButonaTikla' successfully

2021-11-18 11:55:58 - [MESSAGE][INFO] - Checking called Test Case

2021-11-18 11:55:58 - [MESSAGE][INFO] - Starting to call Test Case 'Test Cases/Olusturma/Genel/GorselTasarimSayfasıBasligiIceriyorMu'

2021-11-18 11:55:58 - [TEST_CASE][PASSED] - Test Cases/Olusturma/Genel/GorselTasarimSayfasıBasligiIceriyorMu: Test Cases/Olusturma/Genel/GorselTasarimSayfasıBasligiIceriyorMu

2021-11-18 11:55:58 - [TEST_STEP][PASSED] - verifyElementText(findTestObject("Object Repository/Olusturma/Genel/GorselTasarimBaslik"), Baslik): Actual text and expected text of test object 'Object Repository/Olusturma/Genel/GorselTasarimBaslik' are matched.

2021-11-18 11:55:58 - [MESSAGE][INFO] - Finding Test Object 'Object Repository/Olusturma/Genel/GorselTasarimBaslik'

2021-11-18 11:55:58 - [MESSAGE][INFO] - Checking object

2021-11-18 11:55:58 - [MESSAGE][INFO] - Finding web element from Test Object's properties

2021-11-18 11:55:58 - [MESSAGE][INFO] - Checking timeout

2021-11-18 11:55:58 - [MESSAGE][INFO] - Finding web element with id: 'Object Repository/Olusturma/Genel/GorselTasarimBaslik' located by 'By.cssSelector: #flAlici_0>div>span' in '30' second(s)

2021-11-18 11:55:58 - [MESSAGE][INFO] - Smart Wait Function is triggered

2021-11-18 11:56:05 - [MESSAGE][INFO] - Found 1 web elements with id: 'Object Repository/Olusturma/Genel/GorselTasarimBaslik' located by 'By.cssSelector: #flAlici_0>div>span' in '30' second(s)

2021-11-18 11:56:05 - [MESSAGE][PASSED] - Actual text and expected text of test object 'Object Repository/Olusturma/Genel/GorselTasarimBaslik' are matched.

2021-11-18 11:56:05 - [MESSAGE][PASSED] - Call Test Case 'Test Cases/Olusturma/Genel/GorselTasarimSayfasıBasligiIceriyorMu' successfully

2021-11-18 11:56:05 - [MESSAGE][INFO] - Checking called Test Case

2021-11-18 11:56:05 - [MESSAGE][INFO] - Starting to call Test Case 'Test Cases/Olusturma/Genel/AliciSecilir'

2021-11-18 11:56:05 - [TEST_CASE][PASSED] - Test Cases/Olusturma/Genel/AliciSecilir: Test Cases/Olusturma/Genel/AliciSecilir

2021-11-18 11:56:05 - [TEST_STEP][PASSED] - click(findTestObject("Olusturma/Genel/AliciBilgisi/Alici_Ara")): Object: 'Object Repository/Olusturma/Genel/AliciBilgisi/Alici_Ara' is clicked on

2021-11-18 11:56:05 - [MESSAGE][INFO] - Finding Test Object 'Object Repository/Olusturma/Genel/AliciBilgisi/Alici_Ara'

2021-11-18 11:56:06 - [MESSAGE][INFO] - Checking object

2021-11-18 11:56:06 - [MESSAGE][INFO] - Finding web element from Test Object's properties

2021-11-18 11:56:06 - [MESSAGE][INFO] - Checking timeout

2021-11-18 11:56:06 - [MESSAGE][INFO] - Finding web element with id: 'Object Repository/Olusturma/Genel/AliciBilgisi/Alici_Ara' located by 'By.xpath: //td[@id='txtCustomerText_B-1']' in '30' second(s)

2021-11-18 11:56:06 - [MESSAGE][INFO] - Smart Wait Function is triggered

2021-11-18 11:56:06 - [MESSAGE][INFO] - Found 1 web elements with id: 'Object Repository/Olusturma/Genel/AliciBilgisi/Alici_Ara' located by 'By.xpath: //td[@id='txtCustomerText_B-1']' in '30' second(s)

2021-11-18 11:56:06 - [MESSAGE][INFO] - Clicking on object: 'Object Repository/Olusturma/Genel/AliciBilgisi/Alici_Ara'

2021-11-18 11:56:06 - [MESSAGE][PASSED] - Object: 'Object Repository/Olusturma/Genel/AliciBilgisi/Alici_Ara' is clicked on

2021-11-18 11:56:06 - [TEST_STEP][PASSED] - click(findTestObject("Olusturma/Genel/AliciBilgisi/Alici_Bilgisi")): Object: 'Object Repository/Olusturma/Genel/AliciBilgisi/Alici_Bilgisi' is clicked on

2021-11-18 11:56:06 - [MESSAGE][INFO] - Finding Test Object 'Object Repository/Olusturma/Genel/AliciBilgisi/Alici_Bilgisi'

2021-11-18 11:56:06 - [MESSAGE][INFO] - Checking object

2021-11-18 11:56:06 - [MESSAGE][INFO] - Finding web element from Test Object's properties

2021-11-18 11:56:06 - [MESSAGE][INFO] - Checking timeout

2021-11-18 11:56:06 - [MESSAGE][INFO] - Finding web element with id: 'Object Repository/Olusturma/Genel/AliciBilgisi/Alici_Bilgisi' located by 'By.xpath: //iframe[@id='customerselectiframe']' in '30' second(s)

2021-11-18 11:56:06 - [MESSAGE][INFO] - Smart Wait Function is triggered

2021-11-18 11:56:06 - [MESSAGE][INFO] - Found 1 web elements with id: 'Object Repository/Olusturma/Genel/AliciBilgisi/Alici_Bilgisi' located by 'By.xpath: //iframe[@id='customerselectiframe']' in '30' second(s)

2021-11-18 11:56:06 - [MESSAGE][INFO] - Clicking on object: 'Object Repository/Olusturma/Genel/AliciBilgisi/Alici_Bilgisi'

2021-11-18 11:56:06 - [MESSAGE][PASSED] - Object: 'Object Repository/Olusturma/Genel/AliciBilgisi/Alici_Bilgisi' is clicked on

2021-11-18 11:56:06 - [TEST_STEP][PASSED] - setText(findTestObject("Olusturma/Genel/AliciBilgisi/Alici_Gir"), Alici_Adi): Switching to default content

2021-11-18 11:56:06 - [MESSAGE][INFO] - Finding Test Object 'Object Repository/Olusturma/Genel/AliciBilgisi/Alici_Gir'

2021-11-18 11:56:07 - [MESSAGE][INFO] - Finding Test Object 'Object Repository/Olusturma/Genel/AliciBilgisi/Alici_Bilgisi'

2021-11-18 11:56:07 - [MESSAGE][INFO] - Checking object

2021-11-18 11:56:07 - [MESSAGE][INFO] - Checking text

2021-11-18 11:56:07 - [MESSAGE][INFO] - Object: 'Object Repository/Olusturma/Genel/AliciBilgisi/Alici_Gir' has parent object(s)

2021-11-18 11:56:07 - [MESSAGE][INFO] - Switching to iframe: 'Object Repository/Olusturma/Genel/AliciBilgisi/Alici_Bilgisi'

2021-11-18 11:56:07 - [MESSAGE][INFO] - Finding web element from Test Object's properties

2021-11-18 11:56:07 - [MESSAGE][INFO] - Checking timeout

2021-11-18 11:56:07 - [MESSAGE][INFO] - Finding web element with id: 'Object Repository/Olusturma/Genel/AliciBilgisi/Alici_Bilgisi' located by 'By.xpath: //iframe[@id='customerselectiframe']' in '30' second(s)

2021-11-18 11:56:07 - [MESSAGE][INFO] - Smart Wait Function is triggered

2021-11-18 11:56:07 - [MESSAGE][INFO] - Found 1 web elements with id: 'Object Repository/Olusturma/Genel/AliciBilgisi/Alici_Bilgisi' located by 'By.xpath: //iframe[@id='customerselectiframe']' in '30' second(s)

2021-11-18 11:56:07 - [MESSAGE][INFO] - Switched to iframe: 'Object Repository/Olusturma/Genel/AliciBilgisi/Alici_Bilgisi'

2021-11-18 11:56:07 - [MESSAGE][INFO] - Finding web element from Test Object's properties

2021-11-18 11:56:07 - [MESSAGE][INFO] - Checking timeout

2021-11-18 11:56:07 - [MESSAGE][INFO] - Finding web element with id: 'Object Repository/Olusturma/Genel/AliciBilgisi/Alici_Gir' located by 'By.xpath: //input[@id='GridViewCustomer_DXFREditorcol1_I']' in '30' second(s)

2021-11-18 11:56:07 - [MESSAGE][INFO] - Smart Wait Function is triggered

2021-11-18 11:56:07 - [MESSAGE][INFO] - Found 1 web elements with id: 'Object Repository/Olusturma/Genel/AliciBilgisi/Alici_Gir' located by 'By.xpath: //input[@id='GridViewCustomer_DXFREditorcol1_I']' in '30' second(s)

2021-11-18 11:56:07 - [MESSAGE][INFO] - Clearing text of object 'Object Repository/Olusturma/Genel/AliciBilgisi/Alici_Gir'

2021-11-18 11:56:07 - [MESSAGE][INFO] - Finding web element from Test Object's properties

2021-11-18 11:56:07 - [MESSAGE][INFO] - Checking timeout

2021-11-18 11:56:07 - [MESSAGE][INFO] - Finding web element with id: 'Object Repository/Olusturma/Genel/AliciBilgisi/Alici_Gir' located by 'By.xpath: //input[@id='GridViewCustomer_DXFREditorcol1_I']' in '30' second(s)

2021-11-18 11:56:07 - [MESSAGE][INFO] - Smart Wait Function is triggered

2021-11-18 11:56:07 - [MESSAGE][INFO] - Found 1 web elements with id: 'Object Repository/Olusturma/Genel/AliciBilgisi/Alici_Gir' located by 'By.xpath: //input[@id='GridViewCustomer_DXFREditorcol1_I']' in '30' second(s)

2021-11-18 11:56:07 - [MESSAGE][INFO] - Setting text of object 'Object Repository/Olusturma/Genel/AliciBilgisi/Alici_Gir' to value 'UC0001'

2021-11-18 11:56:07 - [MESSAGE][PASSED] - Text 'UC0001' is set on object 'Object Repository/Olusturma/Genel/AliciBilgisi/Alici_Gir'

2021-11-18 11:56:07 - [MESSAGE][INFO] - Switching to default content

2021-11-18 11:56:07 - [TEST_STEP][PASSED] - waitForElementClickable(findTestObject("Olusturma/Genel/AliciBilgisi/Alici_Adi"), 10): Switching to default content

2021-11-18 11:56:07 - [MESSAGE][INFO] - Finding Test Object 'Object Repository/Olusturma/Genel/AliciBilgisi/Alici_Adi'

2021-11-18 11:56:07 - [MESSAGE][INFO] - Finding Test Object 'Object Repository/Olusturma/Genel/AliciBilgisi/iframe_Alc Bilgisi_customerselectiframe'

2021-11-18 11:56:07 - [MESSAGE][INFO] - Checking object

2021-11-18 11:56:07 - [MESSAGE][INFO] - Checking timeout

2021-11-18 11:56:07 - [MESSAGE][INFO] - Object: 'Object Repository/Olusturma/Genel/AliciBilgisi/Alici_Adi' has parent object(s)

2021-11-18 11:56:07 - [MESSAGE][INFO] - Switching to iframe: 'Object Repository/Olusturma/Genel/AliciBilgisi/iframe_Alc Bilgisi_customerselectiframe'

2021-11-18 11:56:07 - [MESSAGE][INFO] - Finding web element from Test Object's properties

2021-11-18 11:56:07 - [MESSAGE][INFO] - Checking timeout

2021-11-18 11:56:07 - [MESSAGE][INFO] - Finding web element with id: 'Object Repository/Olusturma/Genel/AliciBilgisi/iframe_Alc Bilgisi_customerselectiframe' located by 'By.xpath: //iframe[@id='customerselectiframe']' in '10' second(s)

2021-11-18 11:56:07 - [MESSAGE][INFO] - Smart Wait Function is triggered

2021-11-18 11:56:08 - [MESSAGE][INFO] - Found 1 web elements with id: 'Object Repository/Olusturma/Genel/AliciBilgisi/iframe_Alc Bilgisi_customerselectiframe' located by 'By.xpath: //iframe[@id='customerselectiframe']' in '10' second(s)

2021-11-18 11:56:08 - [MESSAGE][INFO] - Switched to iframe: 'Object Repository/Olusturma/Genel/AliciBilgisi/iframe_Alc Bilgisi_customerselectiframe'

2021-11-18 11:56:08 - [MESSAGE][INFO] - Finding web element from Test Object's properties

2021-11-18 11:56:08 - [MESSAGE][INFO] - Checking timeout

2021-11-18 11:56:08 - [MESSAGE][INFO] - Finding web element with id: 'Object Repository/Olusturma/Genel/AliciBilgisi/Alici_Adi' located by 'By.xpath: //tr[@id='GridViewCustomer_DXDataRow0']/td[2]' in '10' second(s)

2021-11-18 11:56:08 - [MESSAGE][INFO] - Smart Wait Function is triggered

2021-11-18 11:56:08 - [MESSAGE][INFO] - Found 1 web elements with id: 'Object Repository/Olusturma/Genel/AliciBilgisi/Alici_Adi' located by 'By.xpath: //tr[@id='GridViewCustomer_DXDataRow0']/td[2]' in '10' second(s)

2021-11-18 11:56:08 - [MESSAGE][PASSED] - Object 'Object Repository/Olusturma/Genel/AliciBilgisi/Alici_Adi' is clickable

2021-11-18 11:56:08 - [MESSAGE][INFO] - Switching to default content

2021-11-18 11:56:08 - [TEST_STEP][PASSED] - click(findTestObject("Olusturma/Genel/AliciBilgisi/frame")): Switching to default content

2021-11-18 11:56:08 - [MESSAGE][INFO] - Finding Test Object 'Object Repository/Olusturma/Genel/AliciBilgisi/frame'

2021-11-18 11:56:08 - [MESSAGE][INFO] - Finding Test Object 'Object Repository/Olusturma/Genel/AliciBilgisi/iframe_Alc Bilgisi_customerselectiframe'

2021-11-18 11:56:08 - [MESSAGE][INFO] - Checking object

2021-11-18 11:56:08 - [MESSAGE][INFO] - Object: 'Object Repository/Olusturma/Genel/AliciBilgisi/frame' has parent object(s)

2021-11-18 11:56:08 - [MESSAGE][INFO] - Switching to iframe: 'Object Repository/Olusturma/Genel/AliciBilgisi/iframe_Alc Bilgisi_customerselectiframe'

2021-11-18 11:56:08 - [MESSAGE][INFO] - Finding web element from Test Object's properties

2021-11-18 11:56:08 - [MESSAGE][INFO] - Checking timeout

2021-11-18 11:56:08 - [MESSAGE][INFO] - Finding web element with id: 'Object Repository/Olusturma/Genel/AliciBilgisi/iframe_Alc Bilgisi_customerselectiframe' located by 'By.xpath: //iframe[@id='customerselectiframe']' in '30' second(s)

2021-11-18 11:56:08 - [MESSAGE][INFO] - Smart Wait Function is triggered

2021-11-18 11:56:08 - [MESSAGE][INFO] - Found 1 web elements with id: 'Object Repository/Olusturma/Genel/AliciBilgisi/iframe_Alc Bilgisi_customerselectiframe' located by 'By.xpath: //iframe[@id='customerselectiframe']' in '30' second(s)

2021-11-18 11:56:08 - [MESSAGE][INFO] - Switched to iframe: 'Object Repository/Olusturma/Genel/AliciBilgisi/iframe_Alc Bilgisi_customerselectiframe'

2021-11-18 11:56:08 - [MESSAGE][INFO] - Finding web element from Test Object's properties

2021-11-18 11:56:08 - [MESSAGE][INFO] - Checking timeout

2021-11-18 11:56:08 - [MESSAGE][INFO] - Finding web element with id: 'Object Repository/Olusturma/Genel/AliciBilgisi/frame' located by 'By.xpath: //*/text()[normalize-space(.)='']/parent::*' in '30' second(s)

2021-11-18 11:56:08 - [MESSAGE][INFO] - Smart Wait Function is triggered

2021-11-18 11:56:08 - [MESSAGE][INFO] - Found 66 web elements with id: 'Object Repository/Olusturma/Genel/AliciBilgisi/frame' located by 'By.xpath: //*/text()[normalize-space(.)='']/parent::*' in '30' second(s)

2021-11-18 11:56:08 - [MESSAGE][INFO] - Clicking on object: 'Object Repository/Olusturma/Genel/AliciBilgisi/frame'

2021-11-18 11:56:08 - [MESSAGE][PASSED] - Object: 'Object Repository/Olusturma/Genel/AliciBilgisi/frame' is clicked on

2021-11-18 11:56:08 - [MESSAGE][INFO] - Switching to default content

2021-11-18 11:56:08 - [TEST_STEP][PASSED] - click(findTestObject("Olusturma/Genel/AliciBilgisi/Alici_Adi")): Switching to default content

2021-11-18 11:56:08 - [MESSAGE][INFO] - Finding Test Object 'Object Repository/Olusturma/Genel/AliciBilgisi/Alici_Adi'

2021-11-18 11:56:08 - [MESSAGE][INFO] - Finding Test Object 'Object Repository/Olusturma/Genel/AliciBilgisi/iframe_Alc Bilgisi_customerselectiframe'

2021-11-18 11:56:09 - [MESSAGE][INFO] - Checking object

2021-11-18 11:56:09 - [MESSAGE][INFO] - Object: 'Object Repository/Olusturma/Genel/AliciBilgisi/Alici_Adi' has parent object(s)

2021-11-18 11:56:09 - [MESSAGE][INFO] - Switching to iframe: 'Object Repository/Olusturma/Genel/AliciBilgisi/iframe_Alc Bilgisi_customerselectiframe'

2021-11-18 11:56:09 - [MESSAGE][INFO] - Finding web element from Test Object's properties

2021-11-18 11:56:09 - [MESSAGE][INFO] - Checking timeout

2021-11-18 11:56:09 - [MESSAGE][INFO] - Finding web element with id: 'Object Repository/Olusturma/Genel/AliciBilgisi/iframe_Alc Bilgisi_customerselectiframe' located by 'By.xpath: //iframe[@id='customerselectiframe']' in '30' second(s)

2021-11-18 11:56:09 - [MESSAGE][INFO] - Smart Wait Function is triggered

2021-11-18 11:56:09 - [MESSAGE][INFO] - Found 1 web elements with id: 'Object Repository/Olusturma/Genel/AliciBilgisi/iframe_Alc Bilgisi_customerselectiframe' located by 'By.xpath: //iframe[@id='customerselectiframe']' in '30' second(s)

2021-11-18 11:56:09 - [MESSAGE][INFO] - Switched to iframe: 'Object Repository/Olusturma/Genel/AliciBilgisi/iframe_Alc Bilgisi_customerselectiframe'

2021-11-18 11:56:09 - [MESSAGE][INFO] - Finding web element from Test Object's properties

2021-11-18 11:56:09 - [MESSAGE][INFO] - Checking timeout

2021-11-18 11:56:09 - [MESSAGE][INFO] - Finding web element with id: 'Object Repository/Olusturma/Genel/AliciBilgisi/Alici_Adi' located by 'By.xpath: //tr[@id='GridViewCustomer_DXDataRow0']/td[2]' in '30' second(s)

2021-11-18 11:56:09 - [MESSAGE][INFO] - Smart Wait Function is triggered

2021-11-18 11:56:09 - [MESSAGE][INFO] - Found 1 web elements with id: 'Object Repository/Olusturma/Genel/AliciBilgisi/Alici_Adi' located by 'By.xpath: //tr[@id='GridViewCustomer_DXDataRow0']/td[2]' in '30' second(s)

2021-11-18 11:56:09 - [MESSAGE][INFO] - Clicking on object: 'Object Repository/Olusturma/Genel/AliciBilgisi/Alici_Adi'

2021-11-18 11:56:09 - [MESSAGE][PASSED] - Object: 'Object Repository/Olusturma/Genel/AliciBilgisi/Alici_Adi' is clicked on

2021-11-18 11:56:09 - [MESSAGE][INFO] - Switching to default content

2021-11-18 11:56:09 - [TEST_STEP][PASSED] - click(findTestObject("Olusturma/Genel/AliciBilgisi/Tamam_Bosluk")): Switching to default content

2021-11-18 11:56:09 - [MESSAGE][INFO] - Finding Test Object 'Object Repository/Olusturma/Genel/AliciBilgisi/Tamam_Bosluk'

2021-11-18 11:56:09 - [MESSAGE][INFO] - Finding Test Object 'Object Repository/Olusturma/Genel/AliciBilgisi/Alici_Bilgisi'

2021-11-18 11:56:09 - [MESSAGE][INFO] - Checking object

2021-11-18 11:56:09 - [MESSAGE][INFO] - Object: 'Object Repository/Olusturma/Genel/AliciBilgisi/Tamam_Bosluk' has parent object(s)

2021-11-18 11:56:09 - [MESSAGE][INFO] - Switching to iframe: 'Object Repository/Olusturma/Genel/AliciBilgisi/Alici_Bilgisi'

2021-11-18 11:56:09 - [MESSAGE][INFO] - Finding web element from Test Object's properties

2021-11-18 11:56:09 - [MESSAGE][INFO] - Checking timeout

2021-11-18 11:56:09 - [MESSAGE][INFO] - Finding web element with id: 'Object Repository/Olusturma/Genel/AliciBilgisi/Alici_Bilgisi' located by 'By.xpath: //iframe[@id='customerselectiframe']' in '30' second(s)

2021-11-18 11:56:09 - [MESSAGE][INFO] - Smart Wait Function is triggered

2021-11-18 11:56:09 - [MESSAGE][INFO] - Found 1 web elements with id: 'Object Repository/Olusturma/Genel/AliciBilgisi/Alici_Bilgisi' located by 'By.xpath: //iframe[@id='customerselectiframe']' in '30' second(s)

2021-11-18 11:56:09 - [MESSAGE][INFO] - Switched to iframe: 'Object Repository/Olusturma/Genel/AliciBilgisi/Alici_Bilgisi'

2021-11-18 11:56:09 - [MESSAGE][INFO] - Finding web element from Test Object's properties

2021-11-18 11:56:09 - [MESSAGE][INFO] - Checking timeout

2021-11-18 11:56:09 - [MESSAGE][INFO] - Finding web element with id: 'Object Repository/Olusturma/Genel/AliciBilgisi/Tamam_Bosluk' located by 'By.xpath: (.//*[normalize-space(text()) and normalize-space(.)='Sayfa Boyutu:'])[1]/following::div[7]' in '30' second(s)

2021-11-18 11:56:09 - [MESSAGE][INFO] - Smart Wait Function is triggered

2021-11-18 11:56:09 - [MESSAGE][INFO] - Found 1 web elements with id: 'Object Repository/Olusturma/Genel/AliciBilgisi/Tamam_Bosluk' located by 'By.xpath: (.//*[normalize-space(text()) and normalize-space(.)='Sayfa Boyutu:'])[1]/following::div[7]' in '30' second(s)

2021-11-18 11:56:09 - [MESSAGE][INFO] - Clicking on object: 'Object Repository/Olusturma/Genel/AliciBilgisi/Tamam_Bosluk'

2021-11-18 11:56:09 - [MESSAGE][PASSED] - Object: 'Object Repository/Olusturma/Genel/AliciBilgisi/Tamam_Bosluk' is clicked on

2021-11-18 11:56:10 - [MESSAGE][INFO] - Switching to default content

2021-11-18 11:56:10 - [TEST_STEP][PASSED] - waitForElementClickable(findTestObject("Olusturma/Genel/AliciBilgisi/Tamam_Butonu"), 10): Switching to default content

2021-11-18 11:56:10 - [MESSAGE][INFO] - Finding Test Object 'Object Repository/Olusturma/Genel/AliciBilgisi/Tamam_Butonu'

2021-11-18 11:56:10 - [MESSAGE][INFO] - Finding Test Object 'Object Repository/Olusturma/Genel/AliciBilgisi/Alici_Bilgisi'

2021-11-18 11:56:10 - [MESSAGE][INFO] - Checking object

2021-11-18 11:56:10 - [MESSAGE][INFO] - Checking timeout

2021-11-18 11:56:10 - [MESSAGE][INFO] - Object: 'Object Repository/Olusturma/Genel/AliciBilgisi/Tamam_Butonu' has parent object(s)

2021-11-18 11:56:10 - [MESSAGE][INFO] - Switching to iframe: 'Object Repository/Olusturma/Genel/AliciBilgisi/Alici_Bilgisi'

2021-11-18 11:56:10 - [MESSAGE][INFO] - Finding web element from Test Object's properties

2021-11-18 11:56:10 - [MESSAGE][INFO] - Checking timeout

2021-11-18 11:56:10 - [MESSAGE][INFO] - Finding web element with id: 'Object Repository/Olusturma/Genel/AliciBilgisi/Alici_Bilgisi' located by 'By.xpath: //iframe[@id='customerselectiframe']' in '10' second(s)

2021-11-18 11:56:10 - [MESSAGE][INFO] - Smart Wait Function is triggered

2021-11-18 11:56:10 - [MESSAGE][INFO] - Found 1 web elements with id: 'Object Repository/Olusturma/Genel/AliciBilgisi/Alici_Bilgisi' located by 'By.xpath: //iframe[@id='customerselectiframe']' in '10' second(s)

2021-11-18 11:56:10 - [MESSAGE][INFO] - Switched to iframe: 'Object Repository/Olusturma/Genel/AliciBilgisi/Alici_Bilgisi'

2021-11-18 11:56:10 - [MESSAGE][INFO] - Finding web element from Test Object's properties

2021-11-18 11:56:10 - [MESSAGE][INFO] - Checking timeout

2021-11-18 11:56:10 - [MESSAGE][INFO] - Finding web element with id: 'Object Repository/Olusturma/Genel/AliciBilgisi/Tamam_Butonu' located by 'By.xpath: //div[@id='btnSelectCustomer_CD']/span' in '10' second(s)

2021-11-18 11:56:10 - [MESSAGE][INFO] - Smart Wait Function is triggered

2021-11-18 11:56:10 - [MESSAGE][INFO] - Found 1 web elements with id: 'Object Repository/Olusturma/Genel/AliciBilgisi/Tamam_Butonu' located by 'By.xpath: //div[@id='btnSelectCustomer_CD']/span' in '10' second(s)

2021-11-18 11:56:10 - [MESSAGE][PASSED] - Object 'Object Repository/Olusturma/Genel/AliciBilgisi/Tamam_Butonu' is clickable

2021-11-18 11:56:10 - [MESSAGE][INFO] - Switching to default content

2021-11-18 11:56:10 - [TEST_STEP][PASSED] - click(findTestObject("Olusturma/Genel/AliciBilgisi/Tamam_Butonu")): Switching to default content

2021-11-18 11:56:10 - [MESSAGE][INFO] - Finding Test Object 'Object Repository/Olusturma/Genel/AliciBilgisi/Tamam_Butonu'

2021-11-18 11:56:10 - [MESSAGE][INFO] - Finding Test Object 'Object Repository/Olusturma/Genel/AliciBilgisi/Alici_Bilgisi'

2021-11-18 11:56:10 - [MESSAGE][INFO] - Checking object

2021-11-18 11:56:10 - [MESSAGE][INFO] - Object: 'Object Repository/Olusturma/Genel/AliciBilgisi/Tamam_Butonu' has parent object(s)

2021-11-18 11:56:10 - [MESSAGE][INFO] - Switching to iframe: 'Object Repository/Olusturma/Genel/AliciBilgisi/Alici_Bilgisi'

2021-11-18 11:56:10 - [MESSAGE][INFO] - Finding web element from Test Object's properties

2021-11-18 11:56:10 - [MESSAGE][INFO] - Checking timeout

2021-11-18 11:56:10 - [MESSAGE][INFO] - Finding web element with id: 'Object Repository/Olusturma/Genel/AliciBilgisi/Alici_Bilgisi' located by 'By.xpath: //iframe[@id='customerselectiframe']' in '30' second(s)

2021-11-18 11:56:10 - [MESSAGE][INFO] - Smart Wait Function is triggered

2021-11-18 11:56:11 - [MESSAGE][INFO] - Found 1 web elements with id: 'Object Repository/Olusturma/Genel/AliciBilgisi/Alici_Bilgisi' located by 'By.xpath: //iframe[@id='customerselectiframe']' in '30' second(s)

2021-11-18 11:56:11 - [MESSAGE][INFO] - Switched to iframe: 'Object Repository/Olusturma/Genel/AliciBilgisi/Alici_Bilgisi'

2021-11-18 11:56:11 - [MESSAGE][INFO] - Finding web element from Test Object's properties

2021-11-18 11:56:11 - [MESSAGE][INFO] - Checking timeout

2021-11-18 11:56:11 - [MESSAGE][INFO] - Finding web element with id: 'Object Repository/Olusturma/Genel/AliciBilgisi/Tamam_Butonu' located by 'By.xpath: //div[@id='btnSelectCustomer_CD']/span' in '30' second(s)

2021-11-18 11:56:11 - [MESSAGE][INFO] - Smart Wait Function is triggered

2021-11-18 11:56:11 - [MESSAGE][INFO] - Found 1 web elements with id: 'Object Repository/Olusturma/Genel/AliciBilgisi/Tamam_Butonu' located by 'By.xpath: //div[@id='btnSelectCustomer_CD']/span' in '30' second(s)

2021-11-18 11:56:11 - [MESSAGE][INFO] - Clicking on object: 'Object Repository/Olusturma/Genel/AliciBilgisi/Tamam_Butonu'

2021-11-18 11:56:11 - [MESSAGE][PASSED] - Object: 'Object Repository/Olusturma/Genel/AliciBilgisi/Tamam_Butonu' is clicked on

2021-11-18 11:56:11 - [MESSAGE][INFO] - Switching to default content

2021-11-18 11:56:11 - [TEST_STEP][PASSED] - waitForElementPresent(findTestObject("Olusturma/Genel/AliciBilgisi/VKN-TCKN"), 10): Object 'Object Repository/Olusturma/Genel/AliciBilgisi/VKN-TCKN' is present

2021-11-18 11:56:11 - [MESSAGE][INFO] - Finding Test Object 'Object Repository/Olusturma/Genel/AliciBilgisi/VKN-TCKN'

2021-11-18 11:56:11 - [MESSAGE][INFO] - Checking object

2021-11-18 11:56:11 - [MESSAGE][INFO] - Finding web element from Test Object's properties

2021-11-18 11:56:11 - [MESSAGE][INFO] - Checking timeout

2021-11-18 11:56:11 - [MESSAGE][INFO] - Finding web element with id: 'Object Repository/Olusturma/Genel/AliciBilgisi/VKN-TCKN' located by 'By.xpath: //*[@id = 'txtVknTckn_I']' in '10' second(s)

2021-11-18 11:56:11 - [MESSAGE][INFO] - Smart Wait Function is triggered

2021-11-18 11:56:11 - [MESSAGE][INFO] - Found 1 web elements with id: 'Object Repository/Olusturma/Genel/AliciBilgisi/VKN-TCKN' located by 'By.xpath: //*[@id = 'txtVknTckn_I']' in '10' second(s)

2021-11-18 11:56:11 - [MESSAGE][PASSED] - Object 'Object Repository/Olusturma/Genel/AliciBilgisi/VKN-TCKN' is present

2021-11-18 11:56:11 - [TEST_STEP][PASSED] - text = getAttribute(findTestObject("Olusturma/Genel/AliciBilgisi/VKN-TCKN"), "value"): Attribute 'value' of object 'Object Repository/Olusturma/Genel/AliciBilgisi/VKN-TCKN' is: '5321289071'

2021-11-18 11:56:11 - [MESSAGE][INFO] - Finding Test Object 'Object Repository/Olusturma/Genel/AliciBilgisi/VKN-TCKN'

2021-11-18 11:56:11 - [MESSAGE][INFO] - Checking object

2021-11-18 11:56:11 - [MESSAGE][INFO] - Checking attribute

2021-11-18 11:56:11 - [MESSAGE][INFO] - Finding web element from Test Object's properties

2021-11-18 11:56:11 - [MESSAGE][INFO] - Checking timeout

2021-11-18 11:56:11 - [MESSAGE][INFO] - Finding web element with id: 'Object Repository/Olusturma/Genel/AliciBilgisi/VKN-TCKN' located by 'By.xpath: //*[@id = 'txtVknTckn_I']' in '30' second(s)

2021-11-18 11:56:11 - [MESSAGE][INFO] - Smart Wait Function is triggered

2021-11-18 11:56:12 - [MESSAGE][INFO] - Found 1 web elements with id: 'Object Repository/Olusturma/Genel/AliciBilgisi/VKN-TCKN' located by 'By.xpath: //*[@id = 'txtVknTckn_I']' in '30' second(s)

2021-11-18 11:56:12 - [MESSAGE][INFO] - Getting attribute 'value' of object 'Object Repository/Olusturma/Genel/AliciBilgisi/VKN-TCKN'

2021-11-18 11:56:12 - [MESSAGE][PASSED] - Attribute 'value' of object 'Object Repository/Olusturma/Genel/AliciBilgisi/VKN-TCKN' is: '5321289071'

2021-11-18 11:56:12 - [TEST_STEP][PASSED] - if (text.equals("")): null

2021-11-18 11:56:12 - [MESSAGE][PASSED] - Call Test Case 'Test Cases/Olusturma/Genel/AliciSecilir' successfully

2021-11-18 11:56:12 - [MESSAGE][INFO] - Checking called Test Case

2021-11-18 11:56:12 - [MESSAGE][INFO] - Starting to call Test Case 'Test Cases/Olusturma/Genel/GonderimSekliSecilir'

2021-11-18 11:56:12 - [TEST_CASE][PASSED] - Test Cases/Olusturma/Genel/GonderimSekliSecilir: Test Cases/Olusturma/Genel/GonderimSekliSecilir

2021-11-18 11:56:12 - [TEST_STEP][PASSED] - waitForElementClickable(findTestObject("Object Repository/Olusturma/Genel/GonderimSekli/GonderimSekli"), 10): Object 'Object Repository/Olusturma/Genel/GonderimSekli/GonderimSekli' is clickable

2021-11-18 11:56:12 - [MESSAGE][INFO] - Finding Test Object 'Object Repository/Olusturma/Genel/GonderimSekli/GonderimSekli'

2021-11-18 11:56:13 - [MESSAGE][INFO] - Checking object

2021-11-18 11:56:13 - [MESSAGE][INFO] - Checking timeout

2021-11-18 11:56:13 - [MESSAGE][INFO] - Finding web element from Test Object's properties

2021-11-18 11:56:13 - [MESSAGE][INFO] - Checking timeout

2021-11-18 11:56:13 - [MESSAGE][INFO] - Finding web element with id: 'Object Repository/Olusturma/Genel/GonderimSekli/GonderimSekli' located by 'By.xpath: //*[@id = 'txtGonderimSekil_I']' in '10' second(s)

2021-11-18 11:56:13 - [MESSAGE][INFO] - Smart Wait Function is triggered

2021-11-18 11:56:13 - [MESSAGE][INFO] - Found 1 web elements with id: 'Object Repository/Olusturma/Genel/GonderimSekli/GonderimSekli' located by 'By.xpath: //*[@id = 'txtGonderimSekil_I']' in '10' second(s)

2021-11-18 11:56:13 - [MESSAGE][PASSED] - Object 'Object Repository/Olusturma/Genel/GonderimSekli/GonderimSekli' is clickable

2021-11-18 11:56:13 - [TEST_STEP][PASSED] - click(findTestObject("Object Repository/Olusturma/Genel/GonderimSekli/GonderimSekli")): Object: 'Object Repository/Olusturma/Genel/GonderimSekli/GonderimSekli' is clicked on

2021-11-18 11:56:13 - [MESSAGE][INFO] - Finding Test Object 'Object Repository/Olusturma/Genel/GonderimSekli/GonderimSekli'

2021-11-18 11:56:13 - [MESSAGE][INFO] - Checking object

2021-11-18 11:56:13 - [MESSAGE][INFO] - Finding web element from Test Object's properties

2021-11-18 11:56:13 - [MESSAGE][INFO] - Checking timeout

2021-11-18 11:56:13 - [MESSAGE][INFO] - Finding web element with id: 'Object Repository/Olusturma/Genel/GonderimSekli/GonderimSekli' located by 'By.xpath: //*[@id = 'txtGonderimSekil_I']' in '30' second(s)

2021-11-18 11:56:13 - [MESSAGE][INFO] - Smart Wait Function is triggered

2021-11-18 11:56:14 - [MESSAGE][INFO] - Found 1 web elements with id: 'Object Repository/Olusturma/Genel/GonderimSekli/GonderimSekli' located by 'By.xpath: //*[@id = 'txtGonderimSekil_I']' in '30' second(s)

2021-11-18 11:56:14 - [MESSAGE][INFO] - Clicking on object: 'Object Repository/Olusturma/Genel/GonderimSekli/GonderimSekli'

2021-11-18 11:56:14 - [MESSAGE][PASSED] - Object: 'Object Repository/Olusturma/Genel/GonderimSekli/GonderimSekli' is clicked on

2021-11-18 11:56:14 - [TEST_STEP][PASSED] - Method.TextDegerineEsitElementeTikla(findTestObject("Object Repository/Olusturma/Genel/GonderimSekli/GonderimSekliAdi"), GonderimSekli): Method.TextDegerineEsitElementeTikla is PASSED

2021-11-18 11:56:14 - [MESSAGE][INFO] - Finding Test Object 'Object Repository/Olusturma/Genel/GonderimSekli/GonderimSekliAdi'

2021-11-18 11:56:14 - [MESSAGE][INFO] - Checking timeout

2021-11-18 11:56:14 - [MESSAGE][INFO] - Finding web element with id: 'Object Repository/Olusturma/Genel/GonderimSekli/GonderimSekliAdi' located by 'By.cssSelector: #txtGonderimSekil_DDD_L_LBT td' in '10' second(s)

2021-11-18 11:56:14 - [MESSAGE][INFO] - Smart Wait Function is triggered

2021-11-18 11:56:14 - [MESSAGE][INFO] - Found 2 web elements with id: 'Object Repository/Olusturma/Genel/GonderimSekli/GonderimSekliAdi' located by 'By.cssSelector: #txtGonderimSekil_DDD_L_LBT td' in '10' second(s)

2021-11-18 11:56:14 - [MESSAGE][PASSED] - Method.TextDegerineEsitElementeTikla is PASSED

2021-11-18 11:56:14 - [MESSAGE][PASSED] - Call Test Case 'Test Cases/Olusturma/Genel/GonderimSekliSecilir' successfully

2021-11-18 11:56:14 - [MESSAGE][INFO] - Checking called Test Case

2021-11-18 11:56:14 - [MESSAGE][INFO] - Starting to call Test Case 'Test Cases/Olusturma/Genel/TipSecilir'

2021-11-18 11:56:15 - [TEST_CASE][PASSED] - Test Cases/Olusturma/Genel/TipSecilir: Test Cases/Olusturma/Genel/TipSecilir

2021-11-18 11:56:15 - [TEST_STEP][PASSED] - waitForElementClickable(findTestObject("Olusturma/Genel/TipSecilir/Tip"), 10): Object 'Object Repository/Olusturma/Genel/TipSecilir/Tip' is clickable

2021-11-18 11:56:15 - [MESSAGE][INFO] - Finding Test Object 'Object Repository/Olusturma/Genel/TipSecilir/Tip'

2021-11-18 11:56:15 - [MESSAGE][INFO] - Checking object

2021-11-18 11:56:15 - [MESSAGE][INFO] - Checking timeout

2021-11-18 11:56:15 - [MESSAGE][INFO] - Finding web element from Test Object's properties

2021-11-18 11:56:15 - [MESSAGE][INFO] - Checking timeout

2021-11-18 11:56:15 - [MESSAGE][INFO] - Finding web element with id: 'Object Repository/Olusturma/Genel/TipSecilir/Tip' located by 'By.xpath: //*[@id = 'DocumentTypeCode_I']' in '10' second(s)

2021-11-18 11:56:15 - [MESSAGE][INFO] - Smart Wait Function is triggered

2021-11-18 11:56:16 - [MESSAGE][INFO] - Found 1 web elements with id: 'Object Repository/Olusturma/Genel/TipSecilir/Tip' located by 'By.xpath: //*[@id = 'DocumentTypeCode_I']' in '10' second(s)

2021-11-18 11:56:16 - [MESSAGE][PASSED] - Object 'Object Repository/Olusturma/Genel/TipSecilir/Tip' is clickable

2021-11-18 11:56:16 - [TEST_STEP][PASSED] - click(findTestObject("Olusturma/Genel/TipSecilir/Tip")): Object: 'Object Repository/Olusturma/Genel/TipSecilir/Tip' is clicked on

2021-11-18 11:56:16 - [MESSAGE][INFO] - Finding Test Object 'Object Repository/Olusturma/Genel/TipSecilir/Tip'

2021-11-18 11:56:16 - [MESSAGE][INFO] - Checking object

2021-11-18 11:56:16 - [MESSAGE][INFO] - Finding web element from Test Object's properties

2021-11-18 11:56:16 - [MESSAGE][INFO] - Checking timeout

2021-11-18 11:56:16 - [MESSAGE][INFO] - Finding web element with id: 'Object Repository/Olusturma/Genel/TipSecilir/Tip' located by 'By.xpath: //*[@id = 'DocumentTypeCode_I']' in '30' second(s)

2021-11-18 11:56:16 - [MESSAGE][INFO] - Smart Wait Function is triggered

2021-11-18 11:56:16 - [MESSAGE][INFO] - Found 1 web elements with id: 'Object Repository/Olusturma/Genel/TipSecilir/Tip' located by 'By.xpath: //*[@id = 'DocumentTypeCode_I']' in '30' second(s)

2021-11-18 11:56:16 - [MESSAGE][INFO] - Clicking on object: 'Object Repository/Olusturma/Genel/TipSecilir/Tip'

2021-11-18 11:56:16 - [MESSAGE][PASSED] - Object: 'Object Repository/Olusturma/Genel/TipSecilir/Tip' is clicked on

2021-11-18 11:56:16 - [TEST_STEP][PASSED] - Method.TextDegerineEsitElementeTikla(findTestObject("Object Repository/Olusturma/Genel/TipSecilir/Tip_Adi"), Tip): Method.TextDegerineEsitElementeTikla is PASSED

2021-11-18 11:56:16 - [MESSAGE][INFO] - Finding Test Object 'Object Repository/Olusturma/Genel/TipSecilir/Tip_Adi'

2021-11-18 11:56:16 - [MESSAGE][INFO] - Checking timeout

2021-11-18 11:56:16 - [MESSAGE][INFO] - Finding web element with id: 'Object Repository/Olusturma/Genel/TipSecilir/Tip_Adi' located by 'By.cssSelector: #DocumentTypeCode_DDD_L_LBT td' in '10' second(s)

2021-11-18 11:56:16 - [MESSAGE][INFO] - Smart Wait Function is triggered

2021-11-18 11:56:17 - [MESSAGE][INFO] - Found 9 web elements with id: 'Object Repository/Olusturma/Genel/TipSecilir/Tip_Adi' located by 'By.cssSelector: #DocumentTypeCode_DDD_L_LBT td' in '10' second(s)

2021-11-18 11:56:18 - [MESSAGE][PASSED] - Method.TextDegerineEsitElementeTikla is PASSED

2021-11-18 11:56:18 - [MESSAGE][PASSED] - Call Test Case 'Test Cases/Olusturma/Genel/TipSecilir' successfully

2021-11-18 11:56:18 - [MESSAGE][INFO] - Checking called Test Case

2021-11-18 11:56:18 - [MESSAGE][INFO] - Starting to call Test Case 'Test Cases/Olusturma/Genel/DokumanParaBirimiSecilir'

2021-11-18 11:56:18 - [TEST_CASE][PASSED] - Test Cases/Olusturma/Genel/DokumanParaBirimiSecilir: Test Cases/Olusturma/Genel/DokumanParaBirimiSecilir

2021-11-18 11:56:18 - [TEST_STEP][PASSED] - waitForElementClickable(findTestObject("Object Repository/Olusturma/Genel/DokumanParaBirimiSecilir/Para"), 10): Object 'Object Repository/Olusturma/Genel/DokumanParaBirimiSecilir/Para' is clickable

2021-11-18 11:56:18 - [MESSAGE][INFO] - Finding Test Object 'Object Repository/Olusturma/Genel/DokumanParaBirimiSecilir/Para'

2021-11-18 11:56:18 - [MESSAGE][INFO] - Checking object

2021-11-18 11:56:18 - [MESSAGE][INFO] - Checking timeout

2021-11-18 11:56:18 - [MESSAGE][INFO] - Finding web element from Test Object's properties

2021-11-18 11:56:18 - [MESSAGE][INFO] - Checking timeout

2021-11-18 11:56:18 - [MESSAGE][INFO] - Finding web element with id: 'Object Repository/Olusturma/Genel/DokumanParaBirimiSecilir/Para' located by 'By.xpath: //*[@id = 'CurrencyUnit_I']' in '10' second(s)

2021-11-18 11:56:18 - [MESSAGE][INFO] - Smart Wait Function is triggered

2021-11-18 11:56:19 - [MESSAGE][INFO] - Found 1 web elements with id: 'Object Repository/Olusturma/Genel/DokumanParaBirimiSecilir/Para' located by 'By.xpath: //*[@id = 'CurrencyUnit_I']' in '10' second(s)

2021-11-18 11:56:19 - [MESSAGE][PASSED] - Object 'Object Repository/Olusturma/Genel/DokumanParaBirimiSecilir/Para' is clickable

2021-11-18 11:56:19 - [TEST_STEP][PASSED] - click(findTestObject("Object Repository/Olusturma/Genel/DokumanParaBirimiSecilir/Para")): Object: 'Object Repository/Olusturma/Genel/DokumanParaBirimiSecilir/Para' is clicked on

2021-11-18 11:56:19 - [MESSAGE][INFO] - Finding Test Object 'Object Repository/Olusturma/Genel/DokumanParaBirimiSecilir/Para'

2021-11-18 11:56:19 - [MESSAGE][INFO] - Checking object

2021-11-18 11:56:19 - [MESSAGE][INFO] - Finding web element from Test Object's properties

2021-11-18 11:56:19 - [MESSAGE][INFO] - Checking timeout

2021-11-18 11:56:19 - [MESSAGE][INFO] - Finding web element with id: 'Object Repository/Olusturma/Genel/DokumanParaBirimiSecilir/Para' located by 'By.xpath: //*[@id = 'CurrencyUnit_I']' in '30' second(s)

2021-11-18 11:56:19 - [MESSAGE][INFO] - Smart Wait Function is triggered

2021-11-18 11:56:20 - [MESSAGE][INFO] - Found 1 web elements with id: 'Object Repository/Olusturma/Genel/DokumanParaBirimiSecilir/Para' located by 'By.xpath: //*[@id = 'CurrencyUnit_I']' in '30' second(s)

2021-11-18 11:56:20 - [MESSAGE][INFO] - Clicking on object: 'Object Repository/Olusturma/Genel/DokumanParaBirimiSecilir/Para'

2021-11-18 11:56:20 - [MESSAGE][PASSED] - Object: 'Object Repository/Olusturma/Genel/DokumanParaBirimiSecilir/Para' is clicked on

2021-11-18 11:56:20 - [TEST_STEP][PASSED] - Method.TextDegerineEsitElementeTikla(findTestObject("Object Repository/Olusturma/Genel/DokumanParaBirimiSecilir/Para_Adi"), Para): Method.TextDegerineEsitElementeTikla is PASSED

2021-11-18 11:56:20 - [MESSAGE][INFO] - Finding Test Object 'Object Repository/Olusturma/Genel/DokumanParaBirimiSecilir/Para_Adi'

2021-11-18 11:56:20 - [MESSAGE][INFO] - Checking timeout

2021-11-18 11:56:20 - [MESSAGE][INFO] - Finding web element with id: 'Object Repository/Olusturma/Genel/DokumanParaBirimiSecilir/Para_Adi' located by 'By.cssSelector: #CurrencyUnit_DDD_L_LBT td' in '10' second(s)

2021-11-18 11:56:20 - [MESSAGE][INFO] - Smart Wait Function is triggered

2021-11-18 11:56:20 - [MESSAGE][INFO] - Found 203 web elements with id: 'Object Repository/Olusturma/Genel/DokumanParaBirimiSecilir/Para_Adi' located by 'By.cssSelector: #CurrencyUnit_DDD_L_LBT td' in '10' second(s)

2021-11-18 11:56:28 - [MESSAGE][PASSED] - Method.TextDegerineEsitElementeTikla is PASSED

2021-11-18 11:56:28 - [MESSAGE][PASSED] - Call Test Case 'Test Cases/Olusturma/Genel/DokumanParaBirimiSecilir' successfully

2021-11-18 11:56:28 - [MESSAGE][INFO] - Checking called Test Case

2021-11-18 11:56:28 - [MESSAGE][INFO] - Starting to call Test Case 'Test Cases/Olusturma/Genel/OnEkSecilir'

2021-11-18 11:56:28 - [TEST_CASE][PASSED] - Test Cases/Olusturma/Genel/OnEkSecilir: Test Cases/Olusturma/Genel/OnEkSecilir

2021-11-18 11:56:29 - [TEST_STEP][PASSED] - waitForElementClickable(findTestObject("Object Repository/Olusturma/Genel/OnEkSecilir/OnEk"), 10): Object 'Object Repository/Olusturma/Genel/OnEkSecilir/OnEk' is clickable

2021-11-18 11:56:29 - [MESSAGE][INFO] - Finding Test Object 'Object Repository/Olusturma/Genel/OnEkSecilir/OnEk'

2021-11-18 11:56:29 - [MESSAGE][INFO] - Checking object

2021-11-18 11:56:29 - [MESSAGE][INFO] - Checking timeout

2021-11-18 11:56:29 - [MESSAGE][INFO] - Finding web element from Test Object's properties

2021-11-18 11:56:29 - [MESSAGE][INFO] - Checking timeout

2021-11-18 11:56:29 - [MESSAGE][INFO] - Finding web element with id: 'Object Repository/Olusturma/Genel/OnEkSecilir/OnEk' located by 'By.xpath: //*[@id = 'InvoicePrefix_I']' in '10' second(s)

2021-11-18 11:56:29 - [MESSAGE][INFO] - Smart Wait Function is triggered

2021-11-18 11:56:29 - [MESSAGE][INFO] - Found 1 web elements with id: 'Object Repository/Olusturma/Genel/OnEkSecilir/OnEk' located by 'By.xpath: //*[@id = 'InvoicePrefix_I']' in '10' second(s)

2021-11-18 11:56:29 - [MESSAGE][PASSED] - Object 'Object Repository/Olusturma/Genel/OnEkSecilir/OnEk' is clickable

2021-11-18 11:56:29 - [TEST_STEP][PASSED] - click(findTestObject("Object Repository/Olusturma/Genel/OnEkSecilir/OnEk")): Object: 'Object Repository/Olusturma/Genel/OnEkSecilir/OnEk' is clicked on

2021-11-18 11:56:29 - [MESSAGE][INFO] - Finding Test Object 'Object Repository/Olusturma/Genel/OnEkSecilir/OnEk'

2021-11-18 11:56:29 - [MESSAGE][INFO] - Checking object

2021-11-18 11:56:29 - [MESSAGE][INFO] - Finding web element from Test Object's properties

2021-11-18 11:56:29 - [MESSAGE][INFO] - Checking timeout

2021-11-18 11:56:29 - [MESSAGE][INFO] - Finding web element with id: 'Object Repository/Olusturma/Genel/OnEkSecilir/OnEk' located by 'By.xpath: //*[@id = 'InvoicePrefix_I']' in '30' second(s)

2021-11-18 11:56:29 - [MESSAGE][INFO] - Smart Wait Function is triggered

2021-11-18 11:56:30 - [MESSAGE][INFO] - Found 1 web elements with id: 'Object Repository/Olusturma/Genel/OnEkSecilir/OnEk' located by 'By.xpath: //*[@id = 'InvoicePrefix_I']' in '30' second(s)

2021-11-18 11:56:30 - [MESSAGE][INFO] - Clicking on object: 'Object Repository/Olusturma/Genel/OnEkSecilir/OnEk'

2021-11-18 11:56:30 - [MESSAGE][PASSED] - Object: 'Object Repository/Olusturma/Genel/OnEkSecilir/OnEk' is clicked on

2021-11-18 11:56:30 - [TEST_STEP][PASSED] - Method.TextDegerineEsitElementeTiklaEquals(findTestObject("Object Repository/Olusturma/Genel/OnEkSecilir/OnEkAdi"), Ek): Method.TextDegerineEsitElementeTiklaEquals is PASSED

2021-11-18 11:56:30 - [MESSAGE][INFO] - Finding Test Object 'Object Repository/Olusturma/Genel/OnEkSecilir/OnEkAdi'

2021-11-18 11:56:30 - [MESSAGE][INFO] - Checking timeout

2021-11-18 11:56:30 - [MESSAGE][INFO] - Finding web element with id: 'Object Repository/Olusturma/Genel/OnEkSecilir/OnEkAdi' located by 'By.cssSelector: #InvoicePrefix_DDD_L_LBT td' in '10' second(s)

2021-11-18 11:56:30 - [MESSAGE][INFO] - Smart Wait Function is triggered

2021-11-18 11:56:30 - [MESSAGE][INFO] - Found 1 web elements with id: 'Object Repository/Olusturma/Genel/OnEkSecilir/OnEkAdi' located by 'By.cssSelector: #InvoicePrefix_DDD_L_LBT td' in '10' second(s)

2021-11-18 11:56:30 - [MESSAGE][PASSED] - Method.TextDegerineEsitElementeTiklaEquals is PASSED

2021-11-18 11:56:30 - [MESSAGE][PASSED] - Call Test Case 'Test Cases/Olusturma/Genel/OnEkSecilir' successfully

2021-11-18 11:56:30 - [MESSAGE][INFO] - Checking called Test Case

2021-11-18 11:56:30 - [MESSAGE][INFO] - Starting to call Test Case 'Test Cases/Olusturma/Genel/TasarimSecilir'

2021-11-18 11:56:30 - [TEST_CASE][PASSED] - Test Cases/Olusturma/Genel/TasarimSecilir: Test Cases/Olusturma/Genel/TasarimSecilir

2021-11-18 11:56:31 - [TEST_STEP][PASSED] - waitForElementClickable(findTestObject("Object Repository/Olusturma/Genel/TasarimSecilir/Tasarim"), 10): Object 'Object Repository/Olusturma/Genel/TasarimSecilir/Tasarim' is clickable

2021-11-18 11:56:31 - [MESSAGE][INFO] - Finding Test Object 'Object Repository/Olusturma/Genel/TasarimSecilir/Tasarim'

2021-11-18 11:56:31 - [MESSAGE][INFO] - Checking object

2021-11-18 11:56:31 - [MESSAGE][INFO] - Checking timeout

2021-11-18 11:56:31 - [MESSAGE][INFO] - Finding web element from Test Object's properties

2021-11-18 11:56:31 - [MESSAGE][INFO] - Checking timeout

2021-11-18 11:56:31 - [MESSAGE][INFO] - Finding web element with id: 'Object Repository/Olusturma/Genel/TasarimSecilir/Tasarim' located by 'By.xpath: //*[@id = 'DesignId_I']' in '10' second(s)

2021-11-18 11:56:31 - [MESSAGE][INFO] - Smart Wait Function is triggered

2021-11-18 11:56:31 - [MESSAGE][INFO] - Found 1 web elements with id: 'Object Repository/Olusturma/Genel/TasarimSecilir/Tasarim' located by 'By.xpath: //*[@id = 'DesignId_I']' in '10' second(s)

2021-11-18 11:56:31 - [MESSAGE][PASSED] - Object 'Object Repository/Olusturma/Genel/TasarimSecilir/Tasarim' is clickable

2021-11-18 11:56:31 - [TEST_STEP][PASSED] - click(findTestObject("Object Repository/Olusturma/Genel/TasarimSecilir/Tasarim")): Object: 'Object Repository/Olusturma/Genel/TasarimSecilir/Tasarim' is clicked on

2021-11-18 11:56:31 - [MESSAGE][INFO] - Finding Test Object 'Object Repository/Olusturma/Genel/TasarimSecilir/Tasarim'

2021-11-18 11:56:31 - [MESSAGE][INFO] - Checking object

2021-11-18 11:56:31 - [MESSAGE][INFO] - Finding web element from Test Object's properties

2021-11-18 11:56:31 - [MESSAGE][INFO] - Checking timeout

2021-11-18 11:56:31 - [MESSAGE][INFO] - Finding web element with id: 'Object Repository/Olusturma/Genel/TasarimSecilir/Tasarim' located by 'By.xpath: //*[@id = 'DesignId_I']' in '30' second(s)

2021-11-18 11:56:31 - [MESSAGE][INFO] - Smart Wait Function is triggered

2021-11-18 11:56:31 - [MESSAGE][INFO] - Found 1 web elements with id: 'Object Repository/Olusturma/Genel/TasarimSecilir/Tasarim' located by 'By.xpath: //*[@id = 'DesignId_I']' in '30' second(s)

2021-11-18 11:56:31 - [MESSAGE][INFO] - Clicking on object: 'Object Repository/Olusturma/Genel/TasarimSecilir/Tasarim'

2021-11-18 11:56:32 - [MESSAGE][PASSED] - Object: 'Object Repository/Olusturma/Genel/TasarimSecilir/Tasarim' is clicked on

2021-11-18 11:56:32 - [TEST_STEP][PASSED] - Method.TextDegerineEsitElementeTikla(findTestObject("Object Repository/Olusturma/Genel/TasarimSecilir/Tasarim_Adi"), Tasarim): Method.TextDegerineEsitElementeTikla is PASSED

2021-11-18 11:56:32 - [MESSAGE][INFO] - Finding Test Object 'Object Repository/Olusturma/Genel/TasarimSecilir/Tasarim_Adi'

2021-11-18 11:56:32 - [MESSAGE][INFO] - Checking timeout

2021-11-18 11:56:32 - [MESSAGE][INFO] - Finding web element with id: 'Object Repository/Olusturma/Genel/TasarimSecilir/Tasarim_Adi' located by 'By.cssSelector: #DesignId_DDD_L_LBT td' in '10' second(s)

2021-11-18 11:56:32 - [MESSAGE][INFO] - Smart Wait Function is triggered

2021-11-18 11:56:32 - [MESSAGE][INFO] - Found 1 web elements with id: 'Object Repository/Olusturma/Genel/TasarimSecilir/Tasarim_Adi' located by 'By.cssSelector: #DesignId_DDD_L_LBT td' in '10' second(s)

2021-11-18 11:56:32 - [MESSAGE][PASSED] - Method.TextDegerineEsitElementeTikla is PASSED

2021-11-18 11:56:32 - [MESSAGE][PASSED] - Call Test Case 'Test Cases/Olusturma/Genel/TasarimSecilir' successfully

2021-11-18 11:56:32 - [MESSAGE][INFO] - Checking called Test Case

2021-11-18 11:56:32 - [MESSAGE][INFO] - Starting to call Test Case 'Test Cases/Olusturma/Genel/Kutular/SiparisBilgileriGirilir'

2021-11-18 11:56:32 - [TEST_CASE][PASSED] - Test Cases/Olusturma/Genel/Kutular/SiparisBilgileriGirilir: Test Cases/Olusturma/Genel/Kutular/SiparisBilgileriGirilir

2021-11-18 11:56:33 - [TEST_STEP][PASSED] - Method.TextDegerineEsitElementeTikla(findTestObject("Olusturma/Genel/Kutular/KapaliKutular"), "Sipariş Bilgileri"): Method.TextDegerineEsitElementeTikla is PASSED

2021-11-18 11:56:33 - [MESSAGE][INFO] - Finding Test Object 'Object Repository/Olusturma/Genel/Kutular/KapaliKutular'

2021-11-18 11:56:33 - [MESSAGE][INFO] - Checking timeout

2021-11-18 11:56:33 - [MESSAGE][INFO] - Finding web element with id: 'Object Repository/Olusturma/Genel/Kutular/KapaliKutular' located by 'By.cssSelector: .dxnb-headerCollapsed>span' in '10' second(s)

2021-11-18 11:56:33 - [MESSAGE][INFO] - Smart Wait Function is triggered

2021-11-18 11:56:33 - [MESSAGE][INFO] - Found 8 web elements with id: 'Object Repository/Olusturma/Genel/Kutular/KapaliKutular' located by 'By.cssSelector: .dxnb-headerCollapsed>span' in '10' second(s)

2021-11-18 11:56:33 - [MESSAGE][PASSED] - Method.TextDegerineEsitElementeTikla is PASSED

2021-11-18 11:56:33 - [TEST_STEP][PASSED] - waitForElementPresent(findTestObject("Object Repository/Olusturma/Genel/Kutular/SiparisBilgileri/SiparisNo"), 10): Object 'Object Repository/Olusturma/Genel/Kutular/SiparisBilgileri/SiparisNo' is present

2021-11-18 11:56:33 - [MESSAGE][INFO] - Finding Test Object 'Object Repository/Olusturma/Genel/Kutular/SiparisBilgileri/SiparisNo'

2021-11-18 11:56:33 - [MESSAGE][INFO] - Checking object

2021-11-18 11:56:33 - [MESSAGE][INFO] - Finding web element from Test Object's properties

2021-11-18 11:56:33 - [MESSAGE][INFO] - Checking timeout

2021-11-18 11:56:33 - [MESSAGE][INFO] - Finding web element with id: 'Object Repository/Olusturma/Genel/Kutular/SiparisBilgileri/SiparisNo' located by 'By.xpath: //*[@id = 'txtSiparisNo_I']' in '10' second(s)

2021-11-18 11:56:33 - [MESSAGE][INFO] - Smart Wait Function is triggered

2021-11-18 11:56:34 - [MESSAGE][INFO] - Found 1 web elements with id: 'Object Repository/Olusturma/Genel/Kutular/SiparisBilgileri/SiparisNo' located by 'By.xpath: //*[@id = 'txtSiparisNo_I']' in '10' second(s)

2021-11-18 11:56:34 - [MESSAGE][PASSED] - Object 'Object Repository/Olusturma/Genel/Kutular/SiparisBilgileri/SiparisNo' is present

2021-11-18 11:56:34 - [TEST_STEP][PASSED] - clearText(findTestObject("Object Repository/Olusturma/Genel/Kutular/SiparisBilgileri/SiparisNo")): Text of object 'Object Repository/Olusturma/Genel/Kutular/SiparisBilgileri/SiparisNo' is cleared

2021-11-18 11:56:34 - [MESSAGE][INFO] - Finding Test Object 'Object Repository/Olusturma/Genel/Kutular/SiparisBilgileri/SiparisNo'

2021-11-18 11:56:34 - [MESSAGE][INFO] - Checking object

2021-11-18 11:56:34 - [MESSAGE][INFO] - Finding web element from Test Object's properties

2021-11-18 11:56:34 - [MESSAGE][INFO] - Checking timeout

2021-11-18 11:56:34 - [MESSAGE][INFO] - Finding web element with id: 'Object Repository/Olusturma/Genel/Kutular/SiparisBilgileri/SiparisNo' located by 'By.xpath: //*[@id = 'txtSiparisNo_I']' in '30' second(s)

2021-11-18 11:56:34 - [MESSAGE][INFO] - Smart Wait Function is triggered

2021-11-18 11:56:34 - [MESSAGE][INFO] - Found 1 web elements with id: 'Object Repository/Olusturma/Genel/Kutular/SiparisBilgileri/SiparisNo' located by 'By.xpath: //*[@id = 'txtSiparisNo_I']' in '30' second(s)

2021-11-18 11:56:34 - [MESSAGE][INFO] - Clearing text of object 'Object Repository/Olusturma/Genel/Kutular/SiparisBilgileri/SiparisNo'

2021-11-18 11:56:34 - [MESSAGE][PASSED] - Text of object 'Object Repository/Olusturma/Genel/Kutular/SiparisBilgileri/SiparisNo' is cleared

2021-11-18 11:56:34 - [TEST_STEP][PASSED] - sendKeys(findTestObject("Object Repository/Olusturma/Genel/Kutular/SiparisBilgileri/SiparisNo"), SiparisNo): Keys 'UUC-SAT-1200001' sent to object: 'Object Repository/Olusturma/Genel/Kutular/SiparisBilgileri/SiparisNo'

2021-11-18 11:56:34 - [MESSAGE][INFO] - Finding Test Object 'Object Repository/Olusturma/Genel/Kutular/SiparisBilgileri/SiparisNo'

2021-11-18 11:56:34 - [MESSAGE][INFO] - Sending keys 'UUC-SAT-1200001' to object: 'Object Repository/Olusturma/Genel/Kutular/SiparisBilgileri/SiparisNo'

2021-11-18 11:56:34 - [MESSAGE][INFO] - Finding web element from Test Object's properties

2021-11-18 11:56:34 - [MESSAGE][INFO] - Checking timeout

2021-11-18 11:56:34 - [MESSAGE][INFO] - Finding web element with id: 'Object Repository/Olusturma/Genel/Kutular/SiparisBilgileri/SiparisNo' located by 'By.xpath: //*[@id = 'txtSiparisNo_I']' in '30' second(s)

2021-11-18 11:56:34 - [MESSAGE][INFO] - Smart Wait Function is triggered

2021-11-18 11:56:35 - [MESSAGE][INFO] - Found 1 web elements with id: 'Object Repository/Olusturma/Genel/Kutular/SiparisBilgileri/SiparisNo' located by 'By.xpath: //*[@id = 'txtSiparisNo_I']' in '30' second(s)

2021-11-18 11:56:35 - [MESSAGE][PASSED] - Keys 'UUC-SAT-1200001' sent to object: 'Object Repository/Olusturma/Genel/Kutular/SiparisBilgileri/SiparisNo'

2021-11-18 11:56:35 - [TEST_STEP][PASSED] - waitForElementClickable(findTestObject("Object Repository/Olusturma/Genel/Kutular/SiparisBilgileri/SiparisTarihiImage"), 10): Object 'Object Repository/Olusturma/Genel/Kutular/SiparisBilgileri/SiparisTarihiImage' is clickable

2021-11-18 11:56:35 - [MESSAGE][INFO] - Finding Test Object 'Object Repository/Olusturma/Genel/Kutular/SiparisBilgileri/SiparisTarihiImage'

2021-11-18 11:56:35 - [MESSAGE][INFO] - Checking object

2021-11-18 11:56:35 - [MESSAGE][INFO] - Checking timeout

2021-11-18 11:56:35 - [MESSAGE][INFO] - Finding web element from Test Object's properties

2021-11-18 11:56:35 - [MESSAGE][INFO] - Checking timeout

2021-11-18 11:56:35 - [MESSAGE][INFO] - Finding web element with id: 'Object Repository/Olusturma/Genel/Kutular/SiparisBilgileri/SiparisTarihiImage' located by 'By.cssSelector: #dateSiparisTarih img' in '10' second(s)

2021-11-18 11:56:35 - [MESSAGE][INFO] - Smart Wait Function is triggered

2021-11-18 11:56:35 - [MESSAGE][INFO] - Found 1 web elements with id: 'Object Repository/Olusturma/Genel/Kutular/SiparisBilgileri/SiparisTarihiImage' located by 'By.cssSelector: #dateSiparisTarih img' in '10' second(s)

2021-11-18 11:56:35 - [MESSAGE][PASSED] - Object 'Object Repository/Olusturma/Genel/Kutular/SiparisBilgileri/SiparisTarihiImage' is clickable

2021-11-18 11:56:35 - [TEST_STEP][PASSED] - click(findTestObject("Object Repository/Olusturma/Genel/Kutular/SiparisBilgileri/SiparisTarihiImage")): Object: 'Object Repository/Olusturma/Genel/Kutular/SiparisBilgileri/SiparisTarihiImage' is clicked on

2021-11-18 11:56:35 - [MESSAGE][INFO] - Finding Test Object 'Object Repository/Olusturma/Genel/Kutular/SiparisBilgileri/SiparisTarihiImage'

2021-11-18 11:56:35 - [MESSAGE][INFO] - Checking object

2021-11-18 11:56:35 - [MESSAGE][INFO] - Finding web element from Test Object's properties

2021-11-18 11:56:35 - [MESSAGE][INFO] - Checking timeout

2021-11-18 11:56:35 - [MESSAGE][INFO] - Finding web element with id: 'Object Repository/Olusturma/Genel/Kutular/SiparisBilgileri/SiparisTarihiImage' located by 'By.cssSelector: #dateSiparisTarih img' in '30' second(s)

2021-11-18 11:56:35 - [MESSAGE][INFO] - Smart Wait Function is triggered

2021-11-18 11:56:35 - [MESSAGE][INFO] - Found 1 web elements with id: 'Object Repository/Olusturma/Genel/Kutular/SiparisBilgileri/SiparisTarihiImage' located by 'By.cssSelector: #dateSiparisTarih img' in '30' second(s)

2021-11-18 11:56:35 - [MESSAGE][INFO] - Clicking on object: 'Object Repository/Olusturma/Genel/Kutular/SiparisBilgileri/SiparisTarihiImage'

2021-11-18 11:56:36 - [MESSAGE][PASSED] - Object: 'Object Repository/Olusturma/Genel/Kutular/SiparisBilgileri/SiparisTarihiImage' is clicked on

2021-11-18 11:56:36 - [TEST_STEP][PASSED] - waitForElementPresent(findTestObject("Object Repository/Olusturma/Genel/Kutular/SiparisBilgileri/SiparisTarihi"), 10): Object 'Object Repository/Olusturma/Genel/Kutular/SiparisBilgileri/SiparisTarihi' is present

2021-11-18 11:56:36 - [MESSAGE][INFO] - Finding Test Object 'Object Repository/Olusturma/Genel/Kutular/SiparisBilgileri/SiparisTarihi'

2021-11-18 11:56:36 - [MESSAGE][INFO] - Checking object

2021-11-18 11:56:36 - [MESSAGE][INFO] - Finding web element from Test Object's properties

2021-11-18 11:56:36 - [MESSAGE][INFO] - Checking timeout

2021-11-18 11:56:36 - [MESSAGE][INFO] - Finding web element with id: 'Object Repository/Olusturma/Genel/Kutular/SiparisBilgileri/SiparisTarihi' located by 'By.xpath: //*[@id = 'dateSiparisTarih_I']' in '10' second(s)

2021-11-18 11:56:36 - [MESSAGE][INFO] - Smart Wait Function is triggered

2021-11-18 11:56:36 - [MESSAGE][INFO] - Found 1 web elements with id: 'Object Repository/Olusturma/Genel/Kutular/SiparisBilgileri/SiparisTarihi' located by 'By.xpath: //*[@id = 'dateSiparisTarih_I']' in '10' second(s)

2021-11-18 11:56:36 - [MESSAGE][PASSED] - Object 'Object Repository/Olusturma/Genel/Kutular/SiparisBilgileri/SiparisTarihi' is present

2021-11-18 11:56:36 - [TEST_STEP][PASSED] - clearText(findTestObject("Object Repository/Olusturma/Genel/Kutular/SiparisBilgileri/SiparisTarihi")): Text of object 'Object Repository/Olusturma/Genel/Kutular/SiparisBilgileri/SiparisTarihi' is cleared

2021-11-18 11:56:36 - [MESSAGE][INFO] - Finding Test Object 'Object Repository/Olusturma/Genel/Kutular/SiparisBilgileri/SiparisTarihi'

2021-11-18 11:56:36 - [MESSAGE][INFO] - Checking object

2021-11-18 11:56:36 - [MESSAGE][INFO] - Finding web element from Test Object's properties

2021-11-18 11:56:36 - [MESSAGE][INFO] - Checking timeout

2021-11-18 11:56:36 - [MESSAGE][INFO] - Finding web element with id: 'Object Repository/Olusturma/Genel/Kutular/SiparisBilgileri/SiparisTarihi' located by 'By.xpath: //*[@id = 'dateSiparisTarih_I']' in '30' second(s)

2021-11-18 11:56:36 - [MESSAGE][INFO] - Smart Wait Function is triggered

2021-11-18 11:56:37 - [MESSAGE][INFO] - Found 1 web elements with id: 'Object Repository/Olusturma/Genel/Kutular/SiparisBilgileri/SiparisTarihi' located by 'By.xpath: //*[@id = 'dateSiparisTarih_I']' in '30' second(s)

2021-11-18 11:56:37 - [MESSAGE][INFO] - Clearing text of object 'Object Repository/Olusturma/Genel/Kutular/SiparisBilgileri/SiparisTarihi'

2021-11-18 11:56:37 - [MESSAGE][PASSED] - Text of object 'Object Repository/Olusturma/Genel/Kutular/SiparisBilgileri/SiparisTarihi' is cleared

2021-11-18 11:56:37 - [TEST_STEP][PASSED] - sendKeys(findTestObject("Object Repository/Olusturma/Genel/Kutular/SiparisBilgileri/SiparisTarihi"), Tarih): Keys '30.04.2020' sent to object: 'Object Repository/Olusturma/Genel/Kutular/SiparisBilgileri/SiparisTarihi'

2021-11-18 11:56:37 - [MESSAGE][INFO] - Finding Test Object 'Object Repository/Olusturma/Genel/Kutular/SiparisBilgileri/SiparisTarihi'

2021-11-18 11:56:37 - [MESSAGE][INFO] - Sending keys '30.04.2020' to object: 'Object Repository/Olusturma/Genel/Kutular/SiparisBilgileri/SiparisTarihi'

2021-11-18 11:56:37 - [MESSAGE][INFO] - Finding web element from Test Object's properties

2021-11-18 11:56:37 - [MESSAGE][INFO] - Checking timeout

2021-11-18 11:56:37 - [MESSAGE][INFO] - Finding web element with id: 'Object Repository/Olusturma/Genel/Kutular/SiparisBilgileri/SiparisTarihi' located by 'By.xpath: //*[@id = 'dateSiparisTarih_I']' in '30' second(s)

2021-11-18 11:56:37 - [MESSAGE][INFO] - Smart Wait Function is triggered

2021-11-18 11:56:37 - [MESSAGE][INFO] - Found 1 web elements with id: 'Object Repository/Olusturma/Genel/Kutular/SiparisBilgileri/SiparisTarihi' located by 'By.xpath: //*[@id = 'dateSiparisTarih_I']' in '30' second(s)

2021-11-18 11:56:37 - [MESSAGE][PASSED] - Keys '30.04.2020' sent to object: 'Object Repository/Olusturma/Genel/Kutular/SiparisBilgileri/SiparisTarihi'

2021-11-18 11:56:37 - [MESSAGE][PASSED] - Call Test Case 'Test Cases/Olusturma/Genel/Kutular/SiparisBilgileriGirilir' successfully

2021-11-18 11:56:37 - [MESSAGE][INFO] - Checking called Test Case

2021-11-18 11:56:37 - [MESSAGE][INFO] - Starting to call Test Case 'Test Cases/Olusturma/Genel/Kutular/IrsaliyeBilgileri'

2021-11-18 11:56:37 - [TEST_CASE][PASSED] - Test Cases/Olusturma/Genel/Kutular/IrsaliyeBilgileri: Test Cases/Olusturma/Genel/Kutular/IrsaliyeBilgileri

2021-11-18 11:56:38 - [TEST_STEP][PASSED] - Method.TextDegerineEsitElementeTikla(findTestObject("Olusturma/Genel/Kutular/KapaliKutular"), "İrsaliye Bilgileri"): Method.TextDegerineEsitElementeTikla is PASSED

2021-11-18 11:56:38 - [MESSAGE][INFO] - Finding Test Object 'Object Repository/Olusturma/Genel/Kutular/KapaliKutular'

2021-11-18 11:56:38 - [MESSAGE][INFO] - Checking timeout

2021-11-18 11:56:38 - [MESSAGE][INFO] - Finding web element with id: 'Object Repository/Olusturma/Genel/Kutular/KapaliKutular' located by 'By.cssSelector: .dxnb-headerCollapsed>span' in '10' second(s)

2021-11-18 11:56:38 - [MESSAGE][INFO] - Smart Wait Function is triggered

2021-11-18 11:56:38 - [MESSAGE][INFO] - Found 8 web elements with id: 'Object Repository/Olusturma/Genel/Kutular/KapaliKutular' located by 'By.cssSelector: .dxnb-headerCollapsed>span' in '10' second(s)

2021-11-18 11:56:38 - [MESSAGE][PASSED] - Method.TextDegerineEsitElementeTikla is PASSED

2021-11-18 11:56:38 - [TEST_STEP][PASSED] - waitForElementClickable(findTestObject("Olusturma/Genel/Kutular/IrsaliyeBilgileri/Ekle"), 10): Object 'Object Repository/Olusturma/Genel/Kutular/IrsaliyeBilgileri/Ekle' is clickable

2021-11-18 11:56:38 - [MESSAGE][INFO] - Finding Test Object 'Object Repository/Olusturma/Genel/Kutular/IrsaliyeBilgileri/Ekle'

2021-11-18 11:56:38 - [MESSAGE][INFO] - Checking object

2021-11-18 11:56:38 - [MESSAGE][INFO] - Checking timeout

2021-11-18 11:56:38 - [MESSAGE][INFO] - Finding web element from Test Object's properties

2021-11-18 11:56:38 - [MESSAGE][INFO] - Checking timeout

2021-11-18 11:56:38 - [MESSAGE][INFO] - Finding web element with id: 'Object Repository/Olusturma/Genel/Kutular/IrsaliyeBilgileri/Ekle' located by 'By.xpath: //*[@id = 'DXEditorgvUserInvoiceBillsNewRowBtn']' in '10' second(s)

2021-11-18 11:56:38 - [MESSAGE][INFO] - Smart Wait Function is triggered

2021-11-18 11:56:39 - [MESSAGE][INFO] - Found 1 web elements with id: 'Object Repository/Olusturma/Genel/Kutular/IrsaliyeBilgileri/Ekle' located by 'By.xpath: //*[@id = 'DXEditorgvUserInvoiceBillsNewRowBtn']' in '10' second(s)

2021-11-18 11:56:39 - [MESSAGE][PASSED] - Object 'Object Repository/Olusturma/Genel/Kutular/IrsaliyeBilgileri/Ekle' is clickable

2021-11-18 11:56:39 - [TEST_STEP][PASSED] - click(findTestObject("Olusturma/Genel/Kutular/IrsaliyeBilgileri/Ekle")): Object: 'Object Repository/Olusturma/Genel/Kutular/IrsaliyeBilgileri/Ekle' is clicked on

2021-11-18 11:56:39 - [MESSAGE][INFO] - Finding Test Object 'Object Repository/Olusturma/Genel/Kutular/IrsaliyeBilgileri/Ekle'

2021-11-18 11:56:39 - [MESSAGE][INFO] - Checking object

2021-11-18 11:56:39 - [MESSAGE][INFO] - Finding web element from Test Object's properties

2021-11-18 11:56:39 - [MESSAGE][INFO] - Checking timeout

2021-11-18 11:56:39 - [MESSAGE][INFO] - Finding web element with id: 'Object Repository/Olusturma/Genel/Kutular/IrsaliyeBilgileri/Ekle' located by 'By.xpath: //*[@id = 'DXEditorgvUserInvoiceBillsNewRowBtn']' in '30' second(s)

2021-11-18 11:56:39 - [MESSAGE][INFO] - Smart Wait Function is triggered

2021-11-18 11:56:39 - [MESSAGE][INFO] - Found 1 web elements with id: 'Object Repository/Olusturma/Genel/Kutular/IrsaliyeBilgileri/Ekle' located by 'By.xpath: //*[@id = 'DXEditorgvUserInvoiceBillsNewRowBtn']' in '30' second(s)

2021-11-18 11:56:39 - [MESSAGE][INFO] - Clicking on object: 'Object Repository/Olusturma/Genel/Kutular/IrsaliyeBilgileri/Ekle'

2021-11-18 11:56:39 - [MESSAGE][PASSED] - Object: 'Object Repository/Olusturma/Genel/Kutular/IrsaliyeBilgileri/Ekle' is clicked on

2021-11-18 11:56:39 - [TEST_STEP][PASSED] - waitForElementPresent(findTestObject("Object Repository/Olusturma/Genel/Kutular/IrsaliyeBilgileri/IrsaliyeNumarasi"), 10): Object 'Object Repository/Olusturma/Genel/Kutular/IrsaliyeBilgileri/IrsaliyeNumarasi' is present

2021-11-18 11:56:39 - [MESSAGE][INFO] - Finding Test Object 'Object Repository/Olusturma/Genel/Kutular/IrsaliyeBilgileri/IrsaliyeNumarasi'

2021-11-18 11:56:39 - [MESSAGE][INFO] - Checking object

2021-11-18 11:56:39 - [MESSAGE][INFO] - Finding web element from Test Object's properties

2021-11-18 11:56:39 - [MESSAGE][INFO] - Checking timeout

2021-11-18 11:56:39 - [MESSAGE][INFO] - Finding web element with id: 'Object Repository/Olusturma/Genel/Kutular/IrsaliyeBilgileri/IrsaliyeNumarasi' located by 'By.xpath: //*[@id = 'gvUserInvoiceBills_DXEditor1_I']' in '10' second(s)

2021-11-18 11:56:39 - [MESSAGE][INFO] - Smart Wait Function is triggered

2021-11-18 11:56:40 - [MESSAGE][INFO] - Smart Wait Function is triggered

2021-11-18 11:56:41 - [MESSAGE][INFO] - Found 1 web elements with id: 'Object Repository/Olusturma/Genel/Kutular/IrsaliyeBilgileri/IrsaliyeNumarasi' located by 'By.xpath: //*[@id = 'gvUserInvoiceBills_DXEditor1_I']' in '10' second(s)

2021-11-18 11:56:41 - [MESSAGE][PASSED] - Object 'Object Repository/Olusturma/Genel/Kutular/IrsaliyeBilgileri/IrsaliyeNumarasi' is present

2021-11-18 11:56:41 - [TEST_STEP][PASSED] - clearText(findTestObject("Object Repository/Olusturma/Genel/Kutular/IrsaliyeBilgileri/IrsaliyeNumarasi")): Text of object 'Object Repository/Olusturma/Genel/Kutular/IrsaliyeBilgileri/IrsaliyeNumarasi' is cleared

2021-11-18 11:56:41 - [MESSAGE][INFO] - Finding Test Object 'Object Repository/Olusturma/Genel/Kutular/IrsaliyeBilgileri/IrsaliyeNumarasi'

2021-11-18 11:56:41 - [MESSAGE][INFO] - Checking object

2021-11-18 11:56:41 - [MESSAGE][INFO] - Finding web element from Test Object's properties

2021-11-18 11:56:41 - [MESSAGE][INFO] - Checking timeout

2021-11-18 11:56:41 - [MESSAGE][INFO] - Finding web element with id: 'Object Repository/Olusturma/Genel/Kutular/IrsaliyeBilgileri/IrsaliyeNumarasi' located by 'By.xpath: //*[@id = 'gvUserInvoiceBills_DXEditor1_I']' in '30' second(s)

2021-11-18 11:56:41 - [MESSAGE][INFO] - Smart Wait Function is triggered

2021-11-18 11:56:41 - [MESSAGE][INFO] - Found 1 web elements with id: 'Object Repository/Olusturma/Genel/Kutular/IrsaliyeBilgileri/IrsaliyeNumarasi' located by 'By.xpath: //*[@id = 'gvUserInvoiceBills_DXEditor1_I']' in '30' second(s)

2021-11-18 11:56:41 - [MESSAGE][INFO] - Clearing text of object 'Object Repository/Olusturma/Genel/Kutular/IrsaliyeBilgileri/IrsaliyeNumarasi'

2021-11-18 11:56:41 - [MESSAGE][PASSED] - Text of object 'Object Repository/Olusturma/Genel/Kutular/IrsaliyeBilgileri/IrsaliyeNumarasi' is cleared

2021-11-18 11:56:41 - [TEST_STEP][PASSED] - sendKeys(findTestObject("Object Repository/Olusturma/Genel/Kutular/IrsaliyeBilgileri/IrsaliyeNumarasi"), Numara): Keys 'AAAAAAAAAA' sent to object: 'Object Repository/Olusturma/Genel/Kutular/IrsaliyeBilgileri/IrsaliyeNumarasi'

2021-11-18 11:56:41 - [MESSAGE][INFO] - Finding Test Object 'Object Repository/Olusturma/Genel/Kutular/IrsaliyeBilgileri/IrsaliyeNumarasi'

2021-11-18 11:56:41 - [MESSAGE][INFO] - Sending keys 'AAAAAAAAAA' to object: 'Object Repository/Olusturma/Genel/Kutular/IrsaliyeBilgileri/IrsaliyeNumarasi'

2021-11-18 11:56:41 - [MESSAGE][INFO] - Finding web element from Test Object's properties

2021-11-18 11:56:41 - [MESSAGE][INFO] - Checking timeout

2021-11-18 11:56:41 - [MESSAGE][INFO] - Finding web element with id: 'Object Repository/Olusturma/Genel/Kutular/IrsaliyeBilgileri/IrsaliyeNumarasi' located by 'By.xpath: //*[@id = 'gvUserInvoiceBills_DXEditor1_I']' in '30' second(s)

2021-11-18 11:56:41 - [MESSAGE][INFO] - Smart Wait Function is triggered

2021-11-18 11:56:41 - [MESSAGE][INFO] - Found 1 web elements with id: 'Object Repository/Olusturma/Genel/Kutular/IrsaliyeBilgileri/IrsaliyeNumarasi' located by 'By.xpath: //*[@id = 'gvUserInvoiceBills_DXEditor1_I']' in '30' second(s)

2021-11-18 11:56:42 - [MESSAGE][PASSED] - Keys 'AAAAAAAAAA' sent to object: 'Object Repository/Olusturma/Genel/Kutular/IrsaliyeBilgileri/IrsaliyeNumarasi'

2021-11-18 11:56:42 - [TEST_STEP][PASSED] - waitForElementClickable(findTestObject("Object Repository/Olusturma/Genel/Kutular/IrsaliyeBilgileri/IrsaliyeTarihi"), 10): Object 'Object Repository/Olusturma/Genel/Kutular/IrsaliyeBilgileri/IrsaliyeTarihi' is clickable

2021-11-18 11:56:42 - [MESSAGE][INFO] - Finding Test Object 'Object Repository/Olusturma/Genel/Kutular/IrsaliyeBilgileri/IrsaliyeTarihi'

2021-11-18 11:56:42 - [MESSAGE][INFO] - Checking object

2021-11-18 11:56:42 - [MESSAGE][INFO] - Checking timeout

2021-11-18 11:56:42 - [MESSAGE][INFO] - Finding web element from Test Object's properties

2021-11-18 11:56:42 - [MESSAGE][INFO] - Checking timeout

2021-11-18 11:56:42 - [MESSAGE][INFO] - Finding web element with id: 'Object Repository/Olusturma/Genel/Kutular/IrsaliyeBilgileri/IrsaliyeTarihi' located by 'By.xpath: //*[@id = 'gvUserInvoiceBills_DXEditor2_I']' in '10' second(s)

2021-11-18 11:56:42 - [MESSAGE][INFO] - Smart Wait Function is triggered

2021-11-18 11:56:42 - [MESSAGE][INFO] - Found 1 web elements with id: 'Object Repository/Olusturma/Genel/Kutular/IrsaliyeBilgileri/IrsaliyeTarihi' located by 'By.xpath: //*[@id = 'gvUserInvoiceBills_DXEditor2_I']' in '10' second(s)

2021-11-18 11:56:42 - [MESSAGE][PASSED] - Object 'Object Repository/Olusturma/Genel/Kutular/IrsaliyeBilgileri/IrsaliyeTarihi' is clickable

2021-11-18 11:56:42 - [TEST_STEP][PASSED] - click(findTestObject("Object Repository/Olusturma/Genel/Kutular/IrsaliyeBilgileri/IrsaliyeTarihi")): Object: 'Object Repository/Olusturma/Genel/Kutular/IrsaliyeBilgileri/IrsaliyeTarihi' is clicked on

2021-11-18 11:56:42 - [MESSAGE][INFO] - Finding Test Object 'Object Repository/Olusturma/Genel/Kutular/IrsaliyeBilgileri/IrsaliyeTarihi'

2021-11-18 11:56:42 - [MESSAGE][INFO] - Checking object

2021-11-18 11:56:42 - [MESSAGE][INFO] - Finding web element from Test Object's properties

2021-11-18 11:56:42 - [MESSAGE][INFO] - Checking timeout

2021-11-18 11:56:42 - [MESSAGE][INFO] - Finding web element with id: 'Object Repository/Olusturma/Genel/Kutular/IrsaliyeBilgileri/IrsaliyeTarihi' located by 'By.xpath: //*[@id = 'gvUserInvoiceBills_DXEditor2_I']' in '30' second(s)

2021-11-18 11:56:42 - [MESSAGE][INFO] - Smart Wait Function is triggered

2021-11-18 11:56:42 - [MESSAGE][INFO] - Found 1 web elements with id: 'Object Repository/Olusturma/Genel/Kutular/IrsaliyeBilgileri/IrsaliyeTarihi' located by 'By.xpath: //*[@id = 'gvUserInvoiceBills_DXEditor2_I']' in '30' second(s)

2021-11-18 11:56:42 - [MESSAGE][INFO] - Clicking on object: 'Object Repository/Olusturma/Genel/Kutular/IrsaliyeBilgileri/IrsaliyeTarihi'

2021-11-18 11:56:42 - [MESSAGE][PASSED] - Object: 'Object Repository/Olusturma/Genel/Kutular/IrsaliyeBilgileri/IrsaliyeTarihi' is clicked on

2021-11-18 11:56:42 - [TEST_STEP][PASSED] - sendKeys(findTestObject("Object Repository/Olusturma/Genel/Kutular/IrsaliyeBilgileri/IrsaliyeTarihi"), Tarih): Keys '31.04.2020' sent to object: 'Object Repository/Olusturma/Genel/Kutular/IrsaliyeBilgileri/IrsaliyeTarihi'

2021-11-18 11:56:42 - [MESSAGE][INFO] - Finding Test Object 'Object Repository/Olusturma/Genel/Kutular/IrsaliyeBilgileri/IrsaliyeTarihi'

2021-11-18 11:56:42 - [MESSAGE][INFO] - Sending keys '31.04.2020' to object: 'Object Repository/Olusturma/Genel/Kutular/IrsaliyeBilgileri/IrsaliyeTarihi'

2021-11-18 11:56:42 - [MESSAGE][INFO] - Finding web element from Test Object's properties

2021-11-18 11:56:42 - [MESSAGE][INFO] - Checking timeout

2021-11-18 11:56:42 - [MESSAGE][INFO] - Finding web element with id: 'Object Repository/Olusturma/Genel/Kutular/IrsaliyeBilgileri/IrsaliyeTarihi' located by 'By.xpath: //*[@id = 'gvUserInvoiceBills_DXEditor2_I']' in '30' second(s)

2021-11-18 11:56:42 - [MESSAGE][INFO] - Smart Wait Function is triggered

2021-11-18 11:56:43 - [MESSAGE][INFO] - Found 1 web elements with id: 'Object Repository/Olusturma/Genel/Kutular/IrsaliyeBilgileri/IrsaliyeTarihi' located by 'By.xpath: //*[@id = 'gvUserInvoiceBills_DXEditor2_I']' in '30' second(s)

2021-11-18 11:56:43 - [MESSAGE][PASSED] - Keys '31.04.2020' sent to object: 'Object Repository/Olusturma/Genel/Kutular/IrsaliyeBilgileri/IrsaliyeTarihi'

2021-11-18 11:56:43 - [MESSAGE][PASSED] - Call Test Case 'Test Cases/Olusturma/Genel/Kutular/IrsaliyeBilgileri' successfully

2021-11-18 11:56:43 - [MESSAGE][INFO] - Checking called Test Case

2021-11-18 11:56:43 - [MESSAGE][INFO] - Starting to call Test Case 'Test Cases/Olusturma/Genel/EkleButonunaBasilir'

2021-11-18 11:56:43 - [TEST_CASE][PASSED] - Test Cases/Olusturma/Genel/EkleButonunaBasilir: Test Cases/Olusturma/Genel/EkleButonunaBasilir

2021-11-18 11:56:43 - [TEST_STEP][PASSED] - waitForElementClickable(findTestObject("Object Repository/Olusturma/Genel/Olusturma/Ekle"), 10): Object 'Object Repository/Olusturma/Genel/Olusturma/Ekle' is clickable

2021-11-18 11:56:43 - [MESSAGE][INFO] - Finding Test Object 'Object Repository/Olusturma/Genel/Olusturma/Ekle'

2021-11-18 11:56:44 - [MESSAGE][INFO] - Checking object

2021-11-18 11:56:44 - [MESSAGE][INFO] - Checking timeout

2021-11-18 11:56:44 - [MESSAGE][INFO] - Finding web element from Test Object's properties

2021-11-18 11:56:44 - [MESSAGE][INFO] - Checking timeout

2021-11-18 11:56:44 - [MESSAGE][INFO] - Finding web element with id: 'Object Repository/Olusturma/Genel/Olusturma/Ekle' located by 'By.cssSelector: #divmalhizmet i.fa.fa-plus.fa-lg.text-muted' in '10' second(s)

2021-11-18 11:56:44 - [MESSAGE][INFO] - Smart Wait Function is triggered

2021-11-18 11:56:44 - [MESSAGE][INFO] - Found 1 web elements with id: 'Object Repository/Olusturma/Genel/Olusturma/Ekle' located by 'By.cssSelector: #divmalhizmet i.fa.fa-plus.fa-lg.text-muted' in '10' second(s)

2021-11-18 11:56:44 - [MESSAGE][PASSED] - Object 'Object Repository/Olusturma/Genel/Olusturma/Ekle' is clickable

2021-11-18 11:56:44 - [TEST_STEP][PASSED] - click(findTestObject("Object Repository/Olusturma/Genel/Olusturma/Ekle")): Object: 'Object Repository/Olusturma/Genel/Olusturma/Ekle' is clicked on

2021-11-18 11:56:44 - [MESSAGE][INFO] - Finding Test Object 'Object Repository/Olusturma/Genel/Olusturma/Ekle'

2021-11-18 11:56:44 - [MESSAGE][INFO] - Checking object

2021-11-18 11:56:44 - [MESSAGE][INFO] - Finding web element from Test Object's properties

2021-11-18 11:56:44 - [MESSAGE][INFO] - Checking timeout

2021-11-18 11:56:44 - [MESSAGE][INFO] - Finding web element with id: 'Object Repository/Olusturma/Genel/Olusturma/Ekle' located by 'By.cssSelector: #divmalhizmet i.fa.fa-plus.fa-lg.text-muted' in '30' second(s)

2021-11-18 11:56:44 - [MESSAGE][INFO] - Smart Wait Function is triggered

2021-11-18 11:56:44 - [MESSAGE][INFO] - Found 1 web elements with id: 'Object Repository/Olusturma/Genel/Olusturma/Ekle' located by 'By.cssSelector: #divmalhizmet i.fa.fa-plus.fa-lg.text-muted' in '30' second(s)

2021-11-18 11:56:44 - [MESSAGE][INFO] - Clicking on object: 'Object Repository/Olusturma/Genel/Olusturma/Ekle'

2021-11-18 11:56:44 - [MESSAGE][PASSED] - Object: 'Object Repository/Olusturma/Genel/Olusturma/Ekle' is clicked on

2021-11-18 11:56:44 - [TEST_STEP][PASSED] - waitForElementClickable(findTestObject("Olusturma/Genel/Olusturma/EklenenSatirCarpiImage"), 10): Object 'Object Repository/Olusturma/Genel/Olusturma/EklenenSatirCarpiImage' is clickable

2021-11-18 11:56:44 - [MESSAGE][INFO] - Finding Test Object 'Object Repository/Olusturma/Genel/Olusturma/EklenenSatirCarpiImage'

2021-11-18 11:56:44 - [MESSAGE][INFO] - Checking object

2021-11-18 11:56:44 - [MESSAGE][INFO] - Checking timeout

2021-11-18 11:56:44 - [MESSAGE][INFO] - Finding web element from Test Object's properties

2021-11-18 11:56:44 - [MESSAGE][INFO] - Checking timeout

2021-11-18 11:56:44 - [MESSAGE][INFO] - Finding web element with id: 'Object Repository/Olusturma/Genel/Olusturma/EklenenSatirCarpiImage' located by 'By.cssSelector: .fa.fa-times.fa-lg.text-primary' in '10' second(s)

2021-11-18 11:56:44 - [MESSAGE][INFO] - Smart Wait Function is triggered

2021-11-18 11:56:45 - [MESSAGE][INFO] - Found 1 web elements with id: 'Object Repository/Olusturma/Genel/Olusturma/EklenenSatirCarpiImage' located by 'By.cssSelector: .fa.fa-times.fa-lg.text-primary' in '10' second(s)

2021-11-18 11:56:45 - [MESSAGE][PASSED] - Object 'Object Repository/Olusturma/Genel/Olusturma/EklenenSatirCarpiImage' is clickable

2021-11-18 11:56:45 - [MESSAGE][PASSED] - Call Test Case 'Test Cases/Olusturma/Genel/EkleButonunaBasilir' successfully

2021-11-18 11:56:45 - [MESSAGE][INFO] - Checking called Test Case

2021-11-18 11:56:45 - [MESSAGE][INFO] - Starting to call Test Case 'Test Cases/Olusturma/Genel/Olusturma'

2021-11-18 11:56:45 - [TEST_CASE][PASSED] - Test Cases/Olusturma/Genel/Olusturma: Test Cases/Olusturma/Genel/Olusturma

2021-11-18 11:56:45 - [TEST_STEP][PASSED] - driver = getWebDriver(): null

2021-11-18 11:56:45 - [TEST_STEP][PASSED] - action = new org.openqa.selenium.interactions.Actions(driver): null

2021-11-18 11:56:45 - [TEST_STEP][PASSED] - baslikElement = <not implemented yet for class: org.codehaus.groovy.ast.expr.EmptyExpression>: null

2021-11-18 11:56:45 - [TEST_STEP][PASSED] - sonElement = <not implemented yet for class: org.codehaus.groovy.ast.expr.EmptyExpression>: null

2021-11-18 11:56:45 - [TEST_STEP][PASSED] - attr = <not implemented yet for class: org.codehaus.groovy.ast.expr.EmptyExpression>: null

2021-11-18 11:56:45 - [TEST_STEP][PASSED] - a = 0: null

2021-11-18 11:56:45 - [TEST_STEP][PASSED] - elements = findWebElements(findTestObject("Object Repository/Olusturma/Genel/Olusturma/TabloBasliklari"), 10): Found 14 web elements with id: 'Object Repository/Olusturma/Genel/Olusturma/TabloBasliklari' located by 'By.cssSelector: div#divmalhizmet .dxgvTable_LECustomTheme td.dxgvHeader_LECustomTheme tr>td:nth-child(1)' in '10' second(s)

2021-11-18 11:56:45 - [MESSAGE][INFO] - Finding Test Object 'Object Repository/Olusturma/Genel/Olusturma/TabloBasliklari'

2021-11-18 11:56:46 - [MESSAGE][INFO] - Checking timeout

2021-11-18 11:56:46 - [MESSAGE][INFO] - Finding web element with id: 'Object Repository/Olusturma/Genel/Olusturma/TabloBasliklari' located by 'By.cssSelector: div#divmalhizmet .dxgvTable_LECustomTheme td.dxgvHeader_LECustomTheme tr>td:nth-child(1)' in '10' second(s)

2021-11-18 11:56:46 - [MESSAGE][INFO] - Smart Wait Function is triggered

2021-11-18 11:56:46 - [MESSAGE][INFO] - Found 14 web elements with id: 'Object Repository/Olusturma/Genel/Olusturma/TabloBasliklari' located by 'By.cssSelector: div#divmalhizmet .dxgvTable_LECustomTheme td.dxgvHeader_LECustomTheme tr>td:nth-child(1)' in '10' second(s)

2021-11-18 11:56:46 - [TEST_STEP][PASSED] - for (def element : elements): null

2021-11-18 11:56:46 - [TEST_STEP][PASSED] - build().perform(): null

2021-11-18 11:56:46 - [TEST_STEP][PASSED] - if (getText().equals(Baslik)): null

2021-11-18 11:56:46 - [TEST_STEP][PASSED] - baslikElement = element.findElement(By.xpath("../../../..")): Smart Wait Function is triggered

2021-11-18 11:56:46 - [MESSAGE][INFO] - Smart Wait Function is triggered

2021-11-18 11:56:46 - [TEST_STEP][PASSED] - attr = baslikElement.getAttribute("id"): null

2021-11-18 11:56:46 - [TEST_STEP][PASSED] - println("girdi ve idsini aldı = " + attr): null

2021-11-18 11:56:46 - [TEST_STEP][PASSED] - break: null

2021-11-18 11:56:46 - [TEST_STEP][PASSED] - countElement = baslikElement.findElements(By.xpath("../td")): Smart Wait Function is triggered

2021-11-18 11:56:46 - [MESSAGE][INFO] - Smart Wait Function is triggered

2021-11-18 11:56:47 - [TEST_STEP][PASSED] - for (def element : countElement): null

2021-11-18 11:56:47 - [TEST_STEP][PASSED] - if (toString().equals(attr.toString())): null

2021-11-18 11:56:47 - [TEST_STEP][PASSED] - (a++): null

2021-11-18 11:56:47 - [TEST_STEP][PASSED] - if (toString().equals(attr.toString())): null

2021-11-18 11:56:47 - [TEST_STEP][PASSED] - break: null

2021-11-18 11:56:47 - [TEST_STEP][PASSED] - son = findWebElement(findTestObject("Object Repository/Olusturma/Genel/Olusturma/EklenenSatir")).findElement(By.xpath("td[@class='dxgvInlineEditCell_LECustomTheme dxgv'][" + a + "]//td[@class='dxic']/input")): Smart Wait Function is triggered

2021-11-18 11:56:47 - [MESSAGE][INFO] - Finding Test Object 'Object Repository/Olusturma/Genel/Olusturma/EklenenSatir'

2021-11-18 11:56:47 - [MESSAGE][INFO] - Finding web element from Test Object's properties

2021-11-18 11:56:47 - [MESSAGE][INFO] - Checking timeout

2021-11-18 11:56:47 - [MESSAGE][INFO] - Finding web element with id: 'Object Repository/Olusturma/Genel/Olusturma/EklenenSatir' located by 'By.cssSelector: #divmalhizmet .dxgvInlineEditRow_LECustomTheme' in '30' second(s)

2021-11-18 11:56:47 - [MESSAGE][INFO] - Smart Wait Function is triggered

2021-11-18 11:56:47 - [MESSAGE][INFO] - Found 1 web elements with id: 'Object Repository/Olusturma/Genel/Olusturma/EklenenSatir' located by 'By.cssSelector: #divmalhizmet .dxgvInlineEditRow_LECustomTheme' in '30' second(s)

2021-11-18 11:56:47 - [MESSAGE][INFO] - Smart Wait Function is triggered

2021-11-18 11:56:47 - [TEST_STEP][PASSED] - if (!(getAttribute("value").contains("Vkn"))): null

2021-11-18 11:56:47 - [TEST_STEP][PASSED] - son.clear(): null

2021-11-18 11:56:47 - [TEST_STEP][PASSED] - son.sendKeys(Deger): null

2021-11-18 11:56:48 - [MESSAGE][PASSED] - Call Test Case 'Test Cases/Olusturma/Genel/Olusturma' successfully

2021-11-18 11:56:48 - [MESSAGE][INFO] - Checking called Test Case

2021-11-18 11:56:48 - [MESSAGE][INFO] - Starting to call Test Case 'Test Cases/Olusturma/Genel/Olusturma'

2021-11-18 11:56:48 - [TEST_CASE][PASSED] - Test Cases/Olusturma/Genel/Olusturma: Test Cases/Olusturma/Genel/Olusturma

2021-11-18 11:56:48 - [TEST_STEP][PASSED] - driver = getWebDriver(): null

2021-11-18 11:56:48 - [TEST_STEP][PASSED] - action = new org.openqa.selenium.interactions.Actions(driver): null

2021-11-18 11:56:48 - [TEST_STEP][PASSED] - baslikElement = <not implemented yet for class: org.codehaus.groovy.ast.expr.EmptyExpression>: null

2021-11-18 11:56:48 - [TEST_STEP][PASSED] - sonElement = <not implemented yet for class: org.codehaus.groovy.ast.expr.EmptyExpression>: null

2021-11-18 11:56:48 - [TEST_STEP][PASSED] - attr = <not implemented yet for class: org.codehaus.groovy.ast.expr.EmptyExpression>: null

2021-11-18 11:56:48 - [TEST_STEP][PASSED] - a = 0: null

2021-11-18 11:56:48 - [TEST_STEP][PASSED] - elements = findWebElements(findTestObject("Object Repository/Olusturma/Genel/Olusturma/TabloBasliklari"), 10): Found 14 web elements with id: 'Object Repository/Olusturma/Genel/Olusturma/TabloBasliklari' located by 'By.cssSelector: div#divmalhizmet .dxgvTable_LECustomTheme td.dxgvHeader_LECustomTheme tr>td:nth-child(1)' in '10' second(s)

2021-11-18 11:56:48 - [MESSAGE][INFO] - Finding Test Object 'Object Repository/Olusturma/Genel/Olusturma/TabloBasliklari'

2021-11-18 11:56:48 - [MESSAGE][INFO] - Checking timeout

2021-11-18 11:56:48 - [MESSAGE][INFO] - Finding web element with id: 'Object Repository/Olusturma/Genel/Olusturma/TabloBasliklari' located by 'By.cssSelector: div#divmalhizmet .dxgvTable_LECustomTheme td.dxgvHeader_LECustomTheme tr>td:nth-child(1)' in '10' second(s)

2021-11-18 11:56:48 - [MESSAGE][INFO] - Smart Wait Function is triggered

2021-11-18 11:56:48 - [MESSAGE][INFO] - Found 14 web elements with id: 'Object Repository/Olusturma/Genel/Olusturma/TabloBasliklari' located by 'By.cssSelector: div#divmalhizmet .dxgvTable_LECustomTheme td.dxgvHeader_LECustomTheme tr>td:nth-child(1)' in '10' second(s)

2021-11-18 11:56:48 - [TEST_STEP][PASSED] - for (def element : elements): null

2021-11-18 11:56:48 - [TEST_STEP][PASSED] - build().perform(): null

2021-11-18 11:56:48 - [TEST_STEP][PASSED] - if (getText().equals(Baslik)): null

2021-11-18 11:56:48 - [TEST_STEP][PASSED] - build().perform(): null

2021-11-18 11:56:48 - [TEST_STEP][PASSED] - if (getText().equals(Baslik)): null

2021-11-18 11:56:48 - [TEST_STEP][PASSED] - baslikElement = element.findElement(By.xpath("../../../..")): Smart Wait Function is triggered

2021-11-18 11:56:48 - [MESSAGE][INFO] - Smart Wait Function is triggered

2021-11-18 11:56:49 - [TEST_STEP][PASSED] - attr = baslikElement.getAttribute("id"): null

2021-11-18 11:56:49 - [TEST_STEP][PASSED] - println("girdi ve idsini aldı = " + attr): null

2021-11-18 11:56:49 - [TEST_STEP][PASSED] - break: null

2021-11-18 11:56:49 - [TEST_STEP][PASSED] - countElement = baslikElement.findElements(By.xpath("../td")): Smart Wait Function is triggered

2021-11-18 11:56:49 - [MESSAGE][INFO] - Smart Wait Function is triggered

2021-11-18 11:56:49 - [TEST_STEP][PASSED] - for (def element : countElement): null

2021-11-18 11:56:49 - [TEST_STEP][PASSED] - if (toString().equals(attr.toString())): null

2021-11-18 11:56:49 - [TEST_STEP][PASSED] - (a++): null

2021-11-18 11:56:49 - [TEST_STEP][PASSED] - if (toString().equals(attr.toString())): null

2021-11-18 11:56:49 - [TEST_STEP][PASSED] - (a++): null

2021-11-18 11:56:49 - [TEST_STEP][PASSED] - if (toString().equals(attr.toString())): null

2021-11-18 11:56:49 - [TEST_STEP][PASSED] - break: null

2021-11-18 11:56:49 - [TEST_STEP][PASSED] - son = findWebElement(findTestObject("Object Repository/Olusturma/Genel/Olusturma/EklenenSatir")).findElement(By.xpath("td[@class='dxgvInlineEditCell_LECustomTheme dxgv'][" + a + "]//td[@class='dxic']/input")): Smart Wait Function is triggered

2021-11-18 11:56:49 - [MESSAGE][INFO] - Finding Test Object 'Object Repository/Olusturma/Genel/Olusturma/EklenenSatir'

2021-11-18 11:56:49 - [MESSAGE][INFO] - Finding web element from Test Object's properties

2021-11-18 11:56:49 - [MESSAGE][INFO] - Checking timeout

2021-11-18 11:56:49 - [MESSAGE][INFO] - Finding web element with id: 'Object Repository/Olusturma/Genel/Olusturma/EklenenSatir' located by 'By.cssSelector: #divmalhizmet .dxgvInlineEditRow_LECustomTheme' in '30' second(s)

2021-11-18 11:56:49 - [MESSAGE][INFO] - Smart Wait Function is triggered

2021-11-18 11:56:49 - [MESSAGE][INFO] - Found 1 web elements with id: 'Object Repository/Olusturma/Genel/Olusturma/EklenenSatir' located by 'By.cssSelector: #divmalhizmet .dxgvInlineEditRow_LECustomTheme' in '30' second(s)

2021-11-18 11:56:49 - [MESSAGE][INFO] - Smart Wait Function is triggered

2021-11-18 11:56:50 - [TEST_STEP][PASSED] - if (!(getAttribute("value").contains("Vkn"))): null

2021-11-18 11:56:50 - [TEST_STEP][PASSED] - son.clear(): null

2021-11-18 11:56:50 - [TEST_STEP][PASSED] - son.sendKeys(Deger): null

2021-11-18 11:56:50 - [MESSAGE][PASSED] - Call Test Case 'Test Cases/Olusturma/Genel/Olusturma' successfully

2021-11-18 11:56:50 - [MESSAGE][INFO] - Checking called Test Case

2021-11-18 11:56:50 - [MESSAGE][INFO] - Starting to call Test Case 'Test Cases/Olusturma/Genel/Olusturma'

2021-11-18 11:56:50 - [TEST_CASE][PASSED] - Test Cases/Olusturma/Genel/Olusturma: Test Cases/Olusturma/Genel/Olusturma

2021-11-18 11:56:50 - [TEST_STEP][PASSED] - driver = getWebDriver(): null

2021-11-18 11:56:50 - [TEST_STEP][PASSED] - action = new org.openqa.selenium.interactions.Actions(driver): null

2021-11-18 11:56:50 - [TEST_STEP][PASSED] - baslikElement = <not implemented yet for class: org.codehaus.groovy.ast.expr.EmptyExpression>: null

2021-11-18 11:56:50 - [TEST_STEP][PASSED] - sonElement = <not implemented yet for class: org.codehaus.groovy.ast.expr.EmptyExpression>: null

2021-11-18 11:56:50 - [TEST_STEP][PASSED] - attr = <not implemented yet for class: org.codehaus.groovy.ast.expr.EmptyExpression>: null

2021-11-18 11:56:50 - [TEST_STEP][PASSED] - a = 0: null

2021-11-18 11:56:50 - [TEST_STEP][PASSED] - elements = findWebElements(findTestObject("Object Repository/Olusturma/Genel/Olusturma/TabloBasliklari"), 10): Found 14 web elements with id: 'Object Repository/Olusturma/Genel/Olusturma/TabloBasliklari' located by 'By.cssSelector: div#divmalhizmet .dxgvTable_LECustomTheme td.dxgvHeader_LECustomTheme tr>td:nth-child(1)' in '10' second(s)

2021-11-18 11:56:50 - [MESSAGE][INFO] - Finding Test Object 'Object Repository/Olusturma/Genel/Olusturma/TabloBasliklari'

2021-11-18 11:56:50 - [MESSAGE][INFO] - Checking timeout

2021-11-18 11:56:50 - [MESSAGE][INFO] - Finding web element with id: 'Object Repository/Olusturma/Genel/Olusturma/TabloBasliklari' located by 'By.cssSelector: div#divmalhizmet .dxgvTable_LECustomTheme td.dxgvHeader_LECustomTheme tr>td:nth-child(1)' in '10' second(s)

2021-11-18 11:56:50 - [MESSAGE][INFO] - Smart Wait Function is triggered

2021-11-18 11:56:50 - [MESSAGE][INFO] - Found 14 web elements with id: 'Object Repository/Olusturma/Genel/Olusturma/TabloBasliklari' located by 'By.cssSelector: div#divmalhizmet .dxgvTable_LECustomTheme td.dxgvHeader_LECustomTheme tr>td:nth-child(1)' in '10' second(s)

2021-11-18 11:56:50 - [TEST_STEP][PASSED] - for (def element : elements): null

2021-11-18 11:56:50 - [TEST_STEP][PASSED] - build().perform(): null

2021-11-18 11:56:51 - [TEST_STEP][PASSED] - if (getText().equals(Baslik)): null

2021-11-18 11:56:51 - [TEST_STEP][PASSED] - build().perform(): null

2021-11-18 11:56:51 - [TEST_STEP][PASSED] - if (getText().equals(Baslik)): null

2021-11-18 11:56:51 - [TEST_STEP][PASSED] - build().perform(): null

2021-11-18 11:56:51 - [TEST_STEP][PASSED] - if (getText().equals(Baslik)): null

2021-11-18 11:56:51 - [TEST_STEP][PASSED] - build().perform(): null

2021-11-18 11:56:51 - [TEST_STEP][PASSED] - if (getText().equals(Baslik)): null

2021-11-18 11:56:51 - [TEST_STEP][PASSED] - baslikElement = element.findElement(By.xpath("../../../..")): Smart Wait Function is triggered

2021-11-18 11:56:51 - [MESSAGE][INFO] - Smart Wait Function is triggered

2021-11-18 11:56:51 - [TEST_STEP][PASSED] - attr = baslikElement.getAttribute("id"): null

2021-11-18 11:56:51 - [TEST_STEP][PASSED] - println("girdi ve idsini aldı = " + attr): null

2021-11-18 11:56:51 - [TEST_STEP][PASSED] - break: null

2021-11-18 11:56:51 - [TEST_STEP][PASSED] - countElement = baslikElement.findElements(By.xpath("../td")): Smart Wait Function is triggered

2021-11-18 11:56:51 - [MESSAGE][INFO] - Smart Wait Function is triggered

2021-11-18 11:56:52 - [TEST_STEP][PASSED] - for (def element : countElement): null

2021-11-18 11:56:52 - [TEST_STEP][PASSED] - if (toString().equals(attr.toString())): null

2021-11-18 11:56:52 - [TEST_STEP][PASSED] - (a++): null

2021-11-18 11:56:52 - [TEST_STEP][PASSED] - if (toString().equals(attr.toString())): null

2021-11-18 11:56:52 - [TEST_STEP][PASSED] - (a++): null

2021-11-18 11:56:52 - [TEST_STEP][PASSED] - if (toString().equals(attr.toString())): null

2021-11-18 11:56:52 - [TEST_STEP][PASSED] - (a++): null

2021-11-18 11:56:52 - [TEST_STEP][PASSED] - if (toString().equals(attr.toString())): null

2021-11-18 11:56:52 - [TEST_STEP][PASSED] - (a++): null

2021-11-18 11:56:52 - [TEST_STEP][PASSED] - if (toString().equals(attr.toString())): null

2021-11-18 11:56:52 - [TEST_STEP][PASSED] - break: null

2021-11-18 11:56:52 - [TEST_STEP][PASSED] - son = findWebElement(findTestObject("Object Repository/Olusturma/Genel/Olusturma/EklenenSatir")).findElement(By.xpath("td[@class='dxgvInlineEditCell_LECustomTheme dxgv'][" + a + "]//td[@class='dxic']/input")): Smart Wait Function is triggered

2021-11-18 11:56:52 - [MESSAGE][INFO] - Finding Test Object 'Object Repository/Olusturma/Genel/Olusturma/EklenenSatir'

2021-11-18 11:56:52 - [MESSAGE][INFO] - Finding web element from Test Object's properties

2021-11-18 11:56:52 - [MESSAGE][INFO] - Checking timeout

2021-11-18 11:56:52 - [MESSAGE][INFO] - Finding web element with id: 'Object Repository/Olusturma/Genel/Olusturma/EklenenSatir' located by 'By.cssSelector: #divmalhizmet .dxgvInlineEditRow_LECustomTheme' in '30' second(s)

2021-11-18 11:56:52 - [MESSAGE][INFO] - Smart Wait Function is triggered

2021-11-18 11:56:52 - [MESSAGE][INFO] - Found 1 web elements with id: 'Object Repository/Olusturma/Genel/Olusturma/EklenenSatir' located by 'By.cssSelector: #divmalhizmet .dxgvInlineEditRow_LECustomTheme' in '30' second(s)

2021-11-18 11:56:52 - [MESSAGE][INFO] - Smart Wait Function is triggered

2021-11-18 11:56:52 - [TEST_STEP][PASSED] - if (!(getAttribute("value").contains("Vkn"))): null

2021-11-18 11:56:52 - [TEST_STEP][PASSED] - son.clear(): null

2021-11-18 11:56:53 - [TEST_STEP][PASSED] - son.sendKeys(Deger): null

2021-11-18 11:56:53 - [MESSAGE][PASSED] - Call Test Case 'Test Cases/Olusturma/Genel/Olusturma' successfully

2021-11-18 11:56:53 - [MESSAGE][INFO] - Checking called Test Case

2021-11-18 11:56:53 - [MESSAGE][INFO] - Starting to call Test Case 'Test Cases/Olusturma/Genel/Olusturma'

2021-11-18 11:56:53 - [TEST_CASE][PASSED] - Test Cases/Olusturma/Genel/Olusturma: Test Cases/Olusturma/Genel/Olusturma

2021-11-18 11:56:53 - [TEST_STEP][PASSED] - driver = getWebDriver(): null

2021-11-18 11:56:53 - [TEST_STEP][PASSED] - action = new org.openqa.selenium.interactions.Actions(driver): null

2021-11-18 11:56:53 - [TEST_STEP][PASSED] - baslikElement = <not implemented yet for class: org.codehaus.groovy.ast.expr.EmptyExpression>: null

2021-11-18 11:56:53 - [TEST_STEP][PASSED] - sonElement = <not implemented yet for class: org.codehaus.groovy.ast.expr.EmptyExpression>: null

2021-11-18 11:56:53 - [TEST_STEP][PASSED] - attr = <not implemented yet for class: org.codehaus.groovy.ast.expr.EmptyExpression>: null

2021-11-18 11:56:53 - [TEST_STEP][PASSED] - a = 0: null

2021-11-18 11:56:53 - [TEST_STEP][PASSED] - elements = findWebElements(findTestObject("Object Repository/Olusturma/Genel/Olusturma/TabloBasliklari"), 10): Found 14 web elements with id: 'Object Repository/Olusturma/Genel/Olusturma/TabloBasliklari' located by 'By.cssSelector: div#divmalhizmet .dxgvTable_LECustomTheme td.dxgvHeader_LECustomTheme tr>td:nth-child(1)' in '10' second(s)

2021-11-18 11:56:53 - [MESSAGE][INFO] - Finding Test Object 'Object Repository/Olusturma/Genel/Olusturma/TabloBasliklari'

2021-11-18 11:56:53 - [MESSAGE][INFO] - Checking timeout

2021-11-18 11:56:53 - [MESSAGE][INFO] - Finding web element with id: 'Object Repository/Olusturma/Genel/Olusturma/TabloBasliklari' located by 'By.cssSelector: div#divmalhizmet .dxgvTable_LECustomTheme td.dxgvHeader_LECustomTheme tr>td:nth-child(1)' in '10' second(s)

2021-11-18 11:56:53 - [MESSAGE][INFO] - Smart Wait Function is triggered

2021-11-18 11:56:53 - [MESSAGE][INFO] - Found 14 web elements with id: 'Object Repository/Olusturma/Genel/Olusturma/TabloBasliklari' located by 'By.cssSelector: div#divmalhizmet .dxgvTable_LECustomTheme td.dxgvHeader_LECustomTheme tr>td:nth-child(1)' in '10' second(s)

2021-11-18 11:56:53 - [TEST_STEP][PASSED] - for (def element : elements): null

2021-11-18 11:56:53 - [TEST_STEP][PASSED] - build().perform(): null

2021-11-18 11:56:53 - [TEST_STEP][PASSED] - if (getText().equals(Baslik)): null

2021-11-18 11:56:53 - [TEST_STEP][PASSED] - build().perform(): null

2021-11-18 11:56:53 - [TEST_STEP][PASSED] - if (getText().equals(Baslik)): null

2021-11-18 11:56:53 - [TEST_STEP][PASSED] - build().perform(): null

2021-11-18 11:56:54 - [TEST_STEP][PASSED] - if (getText().equals(Baslik)): null

2021-11-18 11:56:54 - [TEST_STEP][PASSED] - build().perform(): null

2021-11-18 11:56:54 - [TEST_STEP][PASSED] - if (getText().equals(Baslik)): null

2021-11-18 11:56:54 - [TEST_STEP][PASSED] - build().perform(): null

2021-11-18 11:56:54 - [TEST_STEP][PASSED] - if (getText().equals(Baslik)): null

2021-11-18 11:56:54 - [TEST_STEP][PASSED] - baslikElement = element.findElement(By.xpath("../../../..")): Smart Wait Function is triggered

2021-11-18 11:56:54 - [MESSAGE][INFO] - Smart Wait Function is triggered

2021-11-18 11:56:54 - [TEST_STEP][PASSED] - attr = baslikElement.getAttribute("id"): null

2021-11-18 11:56:54 - [TEST_STEP][PASSED] - println("girdi ve idsini aldı = " + attr): null

2021-11-18 11:56:54 - [TEST_STEP][PASSED] - break: null

2021-11-18 11:56:54 - [TEST_STEP][PASSED] - countElement = baslikElement.findElements(By.xpath("../td")): Smart Wait Function is triggered

2021-11-18 11:56:54 - [MESSAGE][INFO] - Smart Wait Function is triggered

2021-11-18 11:56:55 - [TEST_STEP][PASSED] - for (def element : countElement): null

2021-11-18 11:56:55 - [TEST_STEP][PASSED] - if (toString().equals(attr.toString())): null

2021-11-18 11:56:55 - [TEST_STEP][PASSED] - (a++): null

2021-11-18 11:56:55 - [TEST_STEP][PASSED] - if (toString().equals(attr.toString())): null

2021-11-18 11:56:55 - [TEST_STEP][PASSED] - (a++): null

2021-11-18 11:56:55 - [TEST_STEP][PASSED] - if (toString().equals(attr.toString())): null

2021-11-18 11:56:55 - [TEST_STEP][PASSED] - (a++): null

2021-11-18 11:56:55 - [TEST_STEP][PASSED] - if (toString().equals(attr.toString())): null

2021-11-18 11:56:55 - [TEST_STEP][PASSED] - (a++): null

2021-11-18 11:56:55 - [TEST_STEP][PASSED] - if (toString().equals(attr.toString())): null

2021-11-18 11:56:55 - [TEST_STEP][PASSED] - (a++): null

2021-11-18 11:56:55 - [TEST_STEP][PASSED] - if (toString().equals(attr.toString())): null

2021-11-18 11:56:55 - [TEST_STEP][PASSED] - break: null

2021-11-18 11:56:55 - [TEST_STEP][PASSED] - son = findWebElement(findTestObject("Object Repository/Olusturma/Genel/Olusturma/EklenenSatir")).findElement(By.xpath("td[@class='dxgvInlineEditCell_LECustomTheme dxgv'][" + a + "]//td[@class='dxic']/input")): Smart Wait Function is triggered

2021-11-18 11:56:55 - [MESSAGE][INFO] - Finding Test Object 'Object Repository/Olusturma/Genel/Olusturma/EklenenSatir'

2021-11-18 11:56:55 - [MESSAGE][INFO] - Finding web element from Test Object's properties

2021-11-18 11:56:55 - [MESSAGE][INFO] - Checking timeout

2021-11-18 11:56:55 - [MESSAGE][INFO] - Finding web element with id: 'Object Repository/Olusturma/Genel/Olusturma/EklenenSatir' located by 'By.cssSelector: #divmalhizmet .dxgvInlineEditRow_LECustomTheme' in '30' second(s)

2021-11-18 11:56:55 - [MESSAGE][INFO] - Smart Wait Function is triggered

2021-11-18 11:56:55 - [MESSAGE][INFO] - Found 1 web elements with id: 'Object Repository/Olusturma/Genel/Olusturma/EklenenSatir' located by 'By.cssSelector: #divmalhizmet .dxgvInlineEditRow_LECustomTheme' in '30' second(s)

2021-11-18 11:56:55 - [MESSAGE][INFO] - Smart Wait Function is triggered

2021-11-18 11:56:56 - [TEST_STEP][PASSED] - if (!(getAttribute("value").contains("Vkn"))): null

2021-11-18 11:56:56 - [TEST_STEP][PASSED] - son.clear(): null

2021-11-18 11:56:56 - [TEST_STEP][PASSED] - son.sendKeys(Deger): null

2021-11-18 11:56:56 - [MESSAGE][PASSED] - Call Test Case 'Test Cases/Olusturma/Genel/Olusturma' successfully

2021-11-18 11:56:56 - [MESSAGE][INFO] - Checking called Test Case

2021-11-18 11:56:56 - [MESSAGE][INFO] - Starting to call Test Case 'Test Cases/Olusturma/Genel/Olusturma'

2021-11-18 11:56:56 - [TEST_CASE][PASSED] - Test Cases/Olusturma/Genel/Olusturma: Test Cases/Olusturma/Genel/Olusturma

2021-11-18 11:56:56 - [TEST_STEP][PASSED] - driver = getWebDriver(): null

2021-11-18 11:56:56 - [TEST_STEP][PASSED] - action = new org.openqa.selenium.interactions.Actions(driver): null

2021-11-18 11:56:56 - [TEST_STEP][PASSED] - baslikElement = <not implemented yet for class: org.codehaus.groovy.ast.expr.EmptyExpression>: null

2021-11-18 11:56:56 - [TEST_STEP][PASSED] - sonElement = <not implemented yet for class: org.codehaus.groovy.ast.expr.EmptyExpression>: null

2021-11-18 11:56:56 - [TEST_STEP][PASSED] - attr = <not implemented yet for class: org.codehaus.groovy.ast.expr.EmptyExpression>: null

2021-11-18 11:56:56 - [TEST_STEP][PASSED] - a = 0: null

2021-11-18 11:56:56 - [TEST_STEP][PASSED] - elements = findWebElements(findTestObject("Object Repository/Olusturma/Genel/Olusturma/TabloBasliklari"), 10): Found 14 web elements with id: 'Object Repository/Olusturma/Genel/Olusturma/TabloBasliklari' located by 'By.cssSelector: div#divmalhizmet .dxgvTable_LECustomTheme td.dxgvHeader_LECustomTheme tr>td:nth-child(1)' in '10' second(s)

2021-11-18 11:56:56 - [MESSAGE][INFO] - Finding Test Object 'Object Repository/Olusturma/Genel/Olusturma/TabloBasliklari'

2021-11-18 11:56:56 - [MESSAGE][INFO] - Checking timeout

2021-11-18 11:56:56 - [MESSAGE][INFO] - Finding web element with id: 'Object Repository/Olusturma/Genel/Olusturma/TabloBasliklari' located by 'By.cssSelector: div#divmalhizmet .dxgvTable_LECustomTheme td.dxgvHeader_LECustomTheme tr>td:nth-child(1)' in '10' second(s)

2021-11-18 11:56:56 - [MESSAGE][INFO] - Smart Wait Function is triggered

2021-11-18 11:56:56 - [MESSAGE][INFO] - Found 14 web elements with id: 'Object Repository/Olusturma/Genel/Olusturma/TabloBasliklari' located by 'By.cssSelector: div#divmalhizmet .dxgvTable_LECustomTheme td.dxgvHeader_LECustomTheme tr>td:nth-child(1)' in '10' second(s)

2021-11-18 11:56:56 - [TEST_STEP][PASSED] - for (def element : elements): null

2021-11-18 11:56:56 - [TEST_STEP][PASSED] - build().perform(): null

2021-11-18 11:56:56 - [TEST_STEP][PASSED] - if (getText().equals(Baslik)): null

2021-11-18 11:56:56 - [TEST_STEP][PASSED] - build().perform(): null

2021-11-18 11:56:56 - [TEST_STEP][PASSED] - if (getText().equals(Baslik)): null

2021-11-18 11:56:57 - [TEST_STEP][PASSED] - build().perform(): null

2021-11-18 11:56:57 - [TEST_STEP][PASSED] - if (getText().equals(Baslik)): null

2021-11-18 11:56:57 - [TEST_STEP][PASSED] - build().perform(): null

2021-11-18 11:56:57 - [TEST_STEP][PASSED] - if (getText().equals(Baslik)): null

2021-11-18 11:56:57 - [TEST_STEP][PASSED] - build().perform(): null

2021-11-18 11:56:57 - [TEST_STEP][PASSED] - if (getText().equals(Baslik)): null

2021-11-18 11:56:57 - [TEST_STEP][PASSED] - build().perform(): null

2021-11-18 11:56:57 - [TEST_STEP][PASSED] - if (getText().equals(Baslik)): null

2021-11-18 11:56:57 - [TEST_STEP][PASSED] - build().perform(): null

2021-11-18 11:56:57 - [TEST_STEP][PASSED] - if (getText().equals(Baslik)): null

2021-11-18 11:56:57 - [TEST_STEP][PASSED] - baslikElement = element.findElement(By.xpath("../../../..")): Smart Wait Function is triggered

2021-11-18 11:56:57 - [MESSAGE][INFO] - Smart Wait Function is triggered

2021-11-18 11:56:58 - [TEST_STEP][PASSED] - attr = baslikElement.getAttribute("id"): null

2021-11-18 11:56:58 - [TEST_STEP][PASSED] - println("girdi ve idsini aldı = " + attr): null

2021-11-18 11:56:58 - [TEST_STEP][PASSED] - break: null

2021-11-18 11:56:58 - [TEST_STEP][PASSED] - countElement = baslikElement.findElements(By.xpath("../td")): Smart Wait Function is triggered

2021-11-18 11:56:58 - [MESSAGE][INFO] - Smart Wait Function is triggered

2021-11-18 11:56:58 - [TEST_STEP][PASSED] - for (def element : countElement): null

2021-11-18 11:56:58 - [TEST_STEP][PASSED] - if (toString().equals(attr.toString())): null

2021-11-18 11:56:58 - [TEST_STEP][PASSED] - (a++): null

2021-11-18 11:56:58 - [TEST_STEP][PASSED] - if (toString().equals(attr.toString())): null

2021-11-18 11:56:58 - [TEST_STEP][PASSED] - (a++): null

2021-11-18 11:56:58 - [TEST_STEP][PASSED] - if (toString().equals(attr.toString())): null

2021-11-18 11:56:58 - [TEST_STEP][PASSED] - (a++): null

2021-11-18 11:56:58 - [TEST_STEP][PASSED] - if (toString().equals(attr.toString())): null

2021-11-18 11:56:58 - [TEST_STEP][PASSED] - (a++): null

2021-11-18 11:56:58 - [TEST_STEP][PASSED] - if (toString().equals(attr.toString())): null

2021-11-18 11:56:58 - [TEST_STEP][PASSED] - (a++): null

2021-11-18 11:56:58 - [TEST_STEP][PASSED] - if (toString().equals(attr.toString())): null

2021-11-18 11:56:58 - [TEST_STEP][PASSED] - (a++): null

2021-11-18 11:56:58 - [TEST_STEP][PASSED] - if (toString().equals(attr.toString())): null

2021-11-18 11:56:58 - [TEST_STEP][PASSED] - (a++): null

2021-11-18 11:56:58 - [TEST_STEP][PASSED] - if (toString().equals(attr.toString())): null

2021-11-18 11:56:58 - [TEST_STEP][PASSED] - break: null

2021-11-18 11:56:58 - [TEST_STEP][PASSED] - son = findWebElement(findTestObject("Object Repository/Olusturma/Genel/Olusturma/EklenenSatir")).findElement(By.xpath("td[@class='dxgvInlineEditCell_LECustomTheme dxgv'][" + a + "]//td[@class='dxic']/input")): Smart Wait Function is triggered

2021-11-18 11:56:58 - [MESSAGE][INFO] - Finding Test Object 'Object Repository/Olusturma/Genel/Olusturma/EklenenSatir'

2021-11-18 11:56:58 - [MESSAGE][INFO] - Finding web element from Test Object's properties

2021-11-18 11:56:58 - [MESSAGE][INFO] - Checking timeout

2021-11-18 11:56:58 - [MESSAGE][INFO] - Finding web element with id: 'Object Repository/Olusturma/Genel/Olusturma/EklenenSatir' located by 'By.cssSelector: #divmalhizmet .dxgvInlineEditRow_LECustomTheme' in '30' second(s)

2021-11-18 11:56:58 - [MESSAGE][INFO] - Smart Wait Function is triggered

2021-11-18 11:56:58 - [MESSAGE][INFO] - Found 1 web elements with id: 'Object Repository/Olusturma/Genel/Olusturma/EklenenSatir' located by 'By.cssSelector: #divmalhizmet .dxgvInlineEditRow_LECustomTheme' in '30' second(s)

2021-11-18 11:56:58 - [MESSAGE][INFO] - Smart Wait Function is triggered

2021-11-18 11:56:59 - [TEST_STEP][PASSED] - if (!(getAttribute("value").contains("Vkn"))): null

2021-11-18 11:56:59 - [TEST_STEP][PASSED] - son.clear(): null

2021-11-18 11:56:59 - [TEST_STEP][PASSED] - son.sendKeys(Deger): null

2021-11-18 11:56:59 - [MESSAGE][PASSED] - Call Test Case 'Test Cases/Olusturma/Genel/Olusturma' successfully

2021-11-18 11:56:59 - [MESSAGE][INFO] - Checking called Test Case

2021-11-18 11:56:59 - [MESSAGE][INFO] - Starting to call Test Case 'Test Cases/Olusturma/Genel/Kutular/MasrafBilgileriEkleButonu'

2021-11-18 11:56:59 - [TEST_CASE][PASSED] - Test Cases/Olusturma/Genel/Kutular/MasrafBilgileriEkleButonu: Test Cases/Olusturma/Genel/Kutular/MasrafBilgileriEkleButonu

2021-11-18 11:57:00 - [TEST_STEP][PASSED] - waitForElementClickable(findTestObject("Object Repository/Olusturma/Genel/Kutular/MasrafBilgileri/Ekle"), 10): Object 'Object Repository/Olusturma/Genel/Kutular/MasrafBilgileri/Ekle' is clickable

2021-11-18 11:57:00 - [MESSAGE][INFO] - Finding Test Object 'Object Repository/Olusturma/Genel/Kutular/MasrafBilgileri/Ekle'

2021-11-18 11:57:00 - [MESSAGE][INFO] - Checking object

2021-11-18 11:57:00 - [MESSAGE][INFO] - Checking timeout

2021-11-18 11:57:00 - [MESSAGE][INFO] - Finding web element from Test Object's properties

2021-11-18 11:57:00 - [MESSAGE][INFO] - Checking timeout

2021-11-18 11:57:00 - [MESSAGE][INFO] - Finding web element with id: 'Object Repository/Olusturma/Genel/Kutular/MasrafBilgileri/Ekle' located by 'By.xpath: //*[@id = 'DXEditorgvAllowanceChargeNewRowBtn']' in '10' second(s)

2021-11-18 11:57:00 - [MESSAGE][INFO] - Smart Wait Function is triggered

2021-11-18 11:57:00 - [MESSAGE][INFO] - Found 1 web elements with id: 'Object Repository/Olusturma/Genel/Kutular/MasrafBilgileri/Ekle' located by 'By.xpath: //*[@id = 'DXEditorgvAllowanceChargeNewRowBtn']' in '10' second(s)

2021-11-18 11:57:00 - [MESSAGE][PASSED] - Object 'Object Repository/Olusturma/Genel/Kutular/MasrafBilgileri/Ekle' is clickable

2021-11-18 11:57:00 - [TEST_STEP][PASSED] - click(findTestObject("Object Repository/Olusturma/Genel/Kutular/MasrafBilgileri/Ekle")): Object: 'Object Repository/Olusturma/Genel/Kutular/MasrafBilgileri/Ekle' is clicked on

2021-11-18 11:57:00 - [MESSAGE][INFO] - Finding Test Object 'Object Repository/Olusturma/Genel/Kutular/MasrafBilgileri/Ekle'

2021-11-18 11:57:00 - [MESSAGE][INFO] - Checking object

2021-11-18 11:57:00 - [MESSAGE][INFO] - Finding web element from Test Object's properties

2021-11-18 11:57:00 - [MESSAGE][INFO] - Checking timeout

2021-11-18 11:57:00 - [MESSAGE][INFO] - Finding web element with id: 'Object Repository/Olusturma/Genel/Kutular/MasrafBilgileri/Ekle' located by 'By.xpath: //*[@id = 'DXEditorgvAllowanceChargeNewRowBtn']' in '30' second(s)

2021-11-18 11:57:00 - [MESSAGE][INFO] - Smart Wait Function is triggered

2021-11-18 11:57:01 - [MESSAGE][INFO] - Found 1 web elements with id: 'Object Repository/Olusturma/Genel/Kutular/MasrafBilgileri/Ekle' located by 'By.xpath: //*[@id = 'DXEditorgvAllowanceChargeNewRowBtn']' in '30' second(s)

2021-11-18 11:57:01 - [MESSAGE][INFO] - Clicking on object: 'Object Repository/Olusturma/Genel/Kutular/MasrafBilgileri/Ekle'

2021-11-18 11:57:01 - [MESSAGE][PASSED] - Object: 'Object Repository/Olusturma/Genel/Kutular/MasrafBilgileri/Ekle' is clicked on

2021-11-18 11:57:01 - [TEST_STEP][PASSED] - waitForElementClickable(findTestObject("Object Repository/Olusturma/Genel/Kutular/MasrafBilgileri/EklenenSatirCarpiImage"), 10): Object 'Object Repository/Olusturma/Genel/Kutular/MasrafBilgileri/EklenenSatirCarpiImage' is clickable

2021-11-18 11:57:01 - [MESSAGE][INFO] - Finding Test Object 'Object Repository/Olusturma/Genel/Kutular/MasrafBilgileri/EklenenSatirCarpiImage'

2021-11-18 11:57:01 - [MESSAGE][INFO] - Checking object

2021-11-18 11:57:01 - [MESSAGE][INFO] - Checking timeout

2021-11-18 11:57:01 - [MESSAGE][INFO] - Finding web element from Test Object's properties

2021-11-18 11:57:01 - [MESSAGE][INFO] - Checking timeout

2021-11-18 11:57:01 - [MESSAGE][INFO] - Finding web element with id: 'Object Repository/Olusturma/Genel/Kutular/MasrafBilgileri/EklenenSatirCarpiImage' located by 'By.xpath: //*[@id = 'DXEditorgvAllowanceChargeCancelEditBtn']' in '10' second(s)

2021-11-18 11:57:01 - [MESSAGE][INFO] - Smart Wait Function is triggered

2021-11-18 11:57:01 - [MESSAGE][INFO] - Smart Wait Function is triggered

2021-11-18 11:57:02 - [MESSAGE][INFO] - Found 1 web elements with id: 'Object Repository/Olusturma/Genel/Kutular/MasrafBilgileri/EklenenSatirCarpiImage' located by 'By.xpath: //*[@id = 'DXEditorgvAllowanceChargeCancelEditBtn']' in '10' second(s)

2021-11-18 11:57:02 - [MESSAGE][PASSED] - Object 'Object Repository/Olusturma/Genel/Kutular/MasrafBilgileri/EklenenSatirCarpiImage' is clickable

2021-11-18 11:57:02 - [MESSAGE][PASSED] - Call Test Case 'Test Cases/Olusturma/Genel/Kutular/MasrafBilgileriEkleButonu' successfully

2021-11-18 11:57:02 - [MESSAGE][INFO] - Checking called Test Case

2021-11-18 11:57:02 - [MESSAGE][INFO] - Starting to call Test Case 'Test Cases/Olusturma/Genel/Kutular/MasrafBilgileriGirilir'

2021-11-18 11:57:02 - [TEST_CASE][PASSED] - Test Cases/Olusturma/Genel/Kutular/MasrafBilgileriGirilir: Test Cases/Olusturma/Genel/Kutular/MasrafBilgileriGirilir

2021-11-18 11:57:03 - [TEST_STEP][PASSED] - driver = getWebDriver(): null

2021-11-18 11:57:03 - [TEST_STEP][PASSED] - action = new org.openqa.selenium.interactions.Actions(driver): null

2021-11-18 11:57:03 - [TEST_STEP][PASSED] - baslikElement = <not implemented yet for class: org.codehaus.groovy.ast.expr.EmptyExpression>: null

2021-11-18 11:57:03 - [TEST_STEP][PASSED] - sonElement = <not implemented yet for class: org.codehaus.groovy.ast.expr.EmptyExpression>: null

2021-11-18 11:57:03 - [TEST_STEP][PASSED] - attr = <not implemented yet for class: org.codehaus.groovy.ast.expr.EmptyExpression>: null

2021-11-18 11:57:03 - [TEST_STEP][PASSED] - a = 0: null

2021-11-18 11:57:03 - [TEST_STEP][PASSED] - elements = findWebElements(findTestObject("Object Repository/Olusturma/Genel/Kutular/MasrafBilgileri/TabloBasliklari"), 10): Found 7 web elements with id: 'Object Repository/Olusturma/Genel/Kutular/MasrafBilgileri/TabloBasliklari' located by 'By.cssSelector: #divhal .dxgvTable_LECustomTheme td.dxgvHeader_LECustomTheme tr>td:nth-child(1)' in '10' second(s)

2021-11-18 11:57:03 - [MESSAGE][INFO] - Finding Test Object 'Object Repository/Olusturma/Genel/Kutular/MasrafBilgileri/TabloBasliklari'

2021-11-18 11:57:03 - [MESSAGE][INFO] - Checking timeout

2021-11-18 11:57:03 - [MESSAGE][INFO] - Finding web element with id: 'Object Repository/Olusturma/Genel/Kutular/MasrafBilgileri/TabloBasliklari' located by 'By.cssSelector: #divhal .dxgvTable_LECustomTheme td.dxgvHeader_LECustomTheme tr>td:nth-child(1)' in '10' second(s)

2021-11-18 11:57:03 - [MESSAGE][INFO] - Smart Wait Function is triggered

2021-11-18 11:57:04 - [MESSAGE][INFO] - Found 7 web elements with id: 'Object Repository/Olusturma/Genel/Kutular/MasrafBilgileri/TabloBasliklari' located by 'By.cssSelector: #divhal .dxgvTable_LECustomTheme td.dxgvHeader_LECustomTheme tr>td:nth-child(1)' in '10' second(s)

2021-11-18 11:57:04 - [TEST_STEP][PASSED] - for (def element : elements): null

2021-11-18 11:57:04 - [TEST_STEP][PASSED] - build().perform(): null

2021-11-18 11:57:04 - [TEST_STEP][PASSED] - if (getText().equals(Baslik)): null

2021-11-18 11:57:04 - [TEST_STEP][PASSED] - baslikElement = element.findElement(By.xpath("../../../..")): Smart Wait Function is triggered

2021-11-18 11:57:04 - [MESSAGE][INFO] - Smart Wait Function is triggered

2021-11-18 11:57:04 - [TEST_STEP][PASSED] - attr = baslikElement.getAttribute("id"): null

2021-11-18 11:57:04 - [TEST_STEP][PASSED] - break: null

2021-11-18 11:57:04 - [TEST_STEP][PASSED] - countElement = baslikElement.findElements(By.xpath("../td")): Smart Wait Function is triggered

2021-11-18 11:57:04 - [MESSAGE][INFO] - Smart Wait Function is triggered

2021-11-18 11:57:05 - [TEST_STEP][PASSED] - for (def element : countElement): null

2021-11-18 11:57:05 - [TEST_STEP][PASSED] - if (toString().equals(attr.toString())): null

2021-11-18 11:57:05 - [TEST_STEP][PASSED] - (a++): null

2021-11-18 11:57:05 - [TEST_STEP][PASSED] - if (toString().equals(attr.toString())): null

2021-11-18 11:57:05 - [TEST_STEP][PASSED] - break: null

2021-11-18 11:57:05 - [TEST_STEP][PASSED] - son = findWebElement(findTestObject("Object Repository/Olusturma/Genel/Kutular/MasrafBilgileri/EklenenSatir")).findElement(By.xpath("td[@class='dxgvInlineEditCell_LECustomTheme dxgv'][" + a + "]//td[@class='dxic']/input")): Smart Wait Function is triggered

2021-11-18 11:57:05 - [MESSAGE][INFO] - Finding Test Object 'Object Repository/Olusturma/Genel/Kutular/MasrafBilgileri/EklenenSatir'

2021-11-18 11:57:05 - [MESSAGE][INFO] - Finding web element from Test Object's properties

2021-11-18 11:57:05 - [MESSAGE][INFO] - Checking timeout

2021-11-18 11:57:05 - [MESSAGE][INFO] - Finding web element with id: 'Object Repository/Olusturma/Genel/Kutular/MasrafBilgileri/EklenenSatir' located by 'By.cssSelector: #divhal .dxgvInlineEditRow_LECustomTheme' in '30' second(s)

2021-11-18 11:57:05 - [MESSAGE][INFO] - Smart Wait Function is triggered

2021-11-18 11:57:05 - [MESSAGE][INFO] - Found 1 web elements with id: 'Object Repository/Olusturma/Genel/Kutular/MasrafBilgileri/EklenenSatir' located by 'By.cssSelector: #divhal .dxgvInlineEditRow_LECustomTheme' in '30' second(s)

2021-11-18 11:57:05 - [MESSAGE][INFO] - Smart Wait Function is triggered

2021-11-18 11:57:06 - [TEST_STEP][PASSED] - son.sendKeys(Keys.chord(CONTROL, "a")): null

2021-11-18 11:57:06 - [TEST_STEP][PASSED] - son.sendKeys(Deger): null

2021-11-18 11:57:06 - [MESSAGE][PASSED] - Call Test Case 'Test Cases/Olusturma/Genel/Kutular/MasrafBilgileriGirilir' successfully

2021-11-18 11:57:06 - [MESSAGE][INFO] - Checking called Test Case

2021-11-18 11:57:06 - [MESSAGE][INFO] - Starting to call Test Case 'Test Cases/Olusturma/Genel/Kutular/MasrafBilgileriGirilir'

2021-11-18 11:57:06 - [TEST_CASE][PASSED] - Test Cases/Olusturma/Genel/Kutular/MasrafBilgileriGirilir: Test Cases/Olusturma/Genel/Kutular/MasrafBilgileriGirilir

2021-11-18 11:57:06 - [TEST_STEP][PASSED] - driver = getWebDriver(): null

2021-11-18 11:57:06 - [TEST_STEP][PASSED] - action = new org.openqa.selenium.interactions.Actions(driver): null

2021-11-18 11:57:06 - [TEST_STEP][PASSED] - baslikElement = <not implemented yet for class: org.codehaus.groovy.ast.expr.EmptyExpression>: null

2021-11-18 11:57:06 - [TEST_STEP][PASSED] - sonElement = <not implemented yet for class: org.codehaus.groovy.ast.expr.EmptyExpression>: null

2021-11-18 11:57:06 - [TEST_STEP][PASSED] - attr = <not implemented yet for class: org.codehaus.groovy.ast.expr.EmptyExpression>: null

2021-11-18 11:57:06 - [TEST_STEP][PASSED] - a = 0: null

2021-11-18 11:57:06 - [TEST_STEP][PASSED] - elements = findWebElements(findTestObject("Object Repository/Olusturma/Genel/Kutular/MasrafBilgileri/TabloBasliklari"), 10): Found 7 web elements with id: 'Object Repository/Olusturma/Genel/Kutular/MasrafBilgileri/TabloBasliklari' located by 'By.cssSelector: #divhal .dxgvTable_LECustomTheme td.dxgvHeader_LECustomTheme tr>td:nth-child(1)' in '10' second(s)

2021-11-18 11:57:06 - [MESSAGE][INFO] - Finding Test Object 'Object Repository/Olusturma/Genel/Kutular/MasrafBilgileri/TabloBasliklari'

2021-11-18 11:57:06 - [MESSAGE][INFO] - Checking timeout

2021-11-18 11:57:06 - [MESSAGE][INFO] - Finding web element with id: 'Object Repository/Olusturma/Genel/Kutular/MasrafBilgileri/TabloBasliklari' located by 'By.cssSelector: #divhal .dxgvTable_LECustomTheme td.dxgvHeader_LECustomTheme tr>td:nth-child(1)' in '10' second(s)

2021-11-18 11:57:06 - [MESSAGE][INFO] - Smart Wait Function is triggered

2021-11-18 11:57:06 - [MESSAGE][INFO] - Found 7 web elements with id: 'Object Repository/Olusturma/Genel/Kutular/MasrafBilgileri/TabloBasliklari' located by 'By.cssSelector: #divhal .dxgvTable_LECustomTheme td.dxgvHeader_LECustomTheme tr>td:nth-child(1)' in '10' second(s)

2021-11-18 11:57:06 - [TEST_STEP][PASSED] - for (def element : elements): null

2021-11-18 11:57:06 - [TEST_STEP][PASSED] - build().perform(): null

2021-11-18 11:57:06 - [TEST_STEP][PASSED] - if (getText().equals(Baslik)): null

2021-11-18 11:57:06 - [TEST_STEP][PASSED] - build().perform(): null

2021-11-18 11:57:07 - [TEST_STEP][PASSED] - if (getText().equals(Baslik)): null

2021-11-18 11:57:07 - [TEST_STEP][PASSED] - build().perform(): null

2021-11-18 11:57:07 - [TEST_STEP][PASSED] - if (getText().equals(Baslik)): null

2021-11-18 11:57:07 - [TEST_STEP][PASSED] - baslikElement = element.findElement(By.xpath("../../../..")): Smart Wait Function is triggered

2021-11-18 11:57:07 - [MESSAGE][INFO] - Smart Wait Function is triggered

2021-11-18 11:57:07 - [TEST_STEP][PASSED] - attr = baslikElement.getAttribute("id"): null

2021-11-18 11:57:07 - [TEST_STEP][PASSED] - break: null

2021-11-18 11:57:07 - [TEST_STEP][PASSED] - countElement = baslikElement.findElements(By.xpath("../td")): Smart Wait Function is triggered

2021-11-18 11:57:07 - [MESSAGE][INFO] - Smart Wait Function is triggered

2021-11-18 11:57:07 - [TEST_STEP][PASSED] - for (def element : countElement): null

2021-11-18 11:57:07 - [TEST_STEP][PASSED] - if (toString().equals(attr.toString())): null

2021-11-18 11:57:07 - [TEST_STEP][PASSED] - (a++): null

2021-11-18 11:57:07 - [TEST_STEP][PASSED] - if (toString().equals(attr.toString())): null

2021-11-18 11:57:07 - [TEST_STEP][PASSED] - (a++): null

2021-11-18 11:57:07 - [TEST_STEP][PASSED] - if (toString().equals(attr.toString())): null

2021-11-18 11:57:07 - [TEST_STEP][PASSED] - (a++): null

2021-11-18 11:57:07 - [TEST_STEP][PASSED] - if (toString().equals(attr.toString())): null

2021-11-18 11:57:07 - [TEST_STEP][PASSED] - break: null

2021-11-18 11:57:07 - [TEST_STEP][PASSED] - son = findWebElement(findTestObject("Object Repository/Olusturma/Genel/Kutular/MasrafBilgileri/EklenenSatir")).findElement(By.xpath("td[@class='dxgvInlineEditCell_LECustomTheme dxgv'][" + a + "]//td[@class='dxic']/input")): Smart Wait Function is triggered

2021-11-18 11:57:07 - [MESSAGE][INFO] - Finding Test Object 'Object Repository/Olusturma/Genel/Kutular/MasrafBilgileri/EklenenSatir'

2021-11-18 11:57:08 - [MESSAGE][INFO] - Finding web element from Test Object's properties

2021-11-18 11:57:08 - [MESSAGE][INFO] - Checking timeout

2021-11-18 11:57:08 - [MESSAGE][INFO] - Finding web element with id: 'Object Repository/Olusturma/Genel/Kutular/MasrafBilgileri/EklenenSatir' located by 'By.cssSelector: #divhal .dxgvInlineEditRow_LECustomTheme' in '30' second(s)

2021-11-18 11:57:08 - [MESSAGE][INFO] - Smart Wait Function is triggered

2021-11-18 11:57:08 - [MESSAGE][INFO] - Found 1 web elements with id: 'Object Repository/Olusturma/Genel/Kutular/MasrafBilgileri/EklenenSatir' located by 'By.cssSelector: #divhal .dxgvInlineEditRow_LECustomTheme' in '30' second(s)

2021-11-18 11:57:08 - [MESSAGE][INFO] - Smart Wait Function is triggered

2021-11-18 11:57:08 - [TEST_STEP][PASSED] - son.sendKeys(Keys.chord(CONTROL, "a")): null

2021-11-18 11:57:08 - [TEST_STEP][PASSED] - son.sendKeys(Deger): null

2021-11-18 11:57:09 - [MESSAGE][PASSED] - Call Test Case 'Test Cases/Olusturma/Genel/Kutular/MasrafBilgileriGirilir' successfully

2021-11-18 11:57:09 - [MESSAGE][INFO] - Checking called Test Case

2021-11-18 11:57:09 - [MESSAGE][INFO] - Starting to call Test Case 'Test Cases/Olusturma/Genel/NotGirilir'

2021-11-18 11:57:09 - [TEST_CASE][PASSED] - Test Cases/Olusturma/Genel/NotGirilir: Test Cases/Olusturma/Genel/NotGirilir

2021-11-18 11:57:09 - [TEST_STEP][PASSED] - i = 0: null

2021-11-18 11:57:09 - [TEST_STEP][PASSED] - waitForElementClickable(findTestObject("Olusturma/Genel/Not/Notlar"), 10): Object 'Object Repository/Olusturma/Genel/Not/Notlar' is clickable

2021-11-18 11:57:09 - [MESSAGE][INFO] - Finding Test Object 'Object Repository/Olusturma/Genel/Not/Notlar'

2021-11-18 11:57:09 - [MESSAGE][INFO] - Checking object

2021-11-18 11:57:09 - [MESSAGE][INFO] - Checking timeout

2021-11-18 11:57:09 - [MESSAGE][INFO] - Finding web element from Test Object's properties

2021-11-18 11:57:09 - [MESSAGE][INFO] - Checking timeout

2021-11-18 11:57:09 - [MESSAGE][INFO] - Finding web element with id: 'Object Repository/Olusturma/Genel/Not/Notlar' located by 'By.xpath: //*[@id = 'txtNote_I']' in '10' second(s)

2021-11-18 11:57:09 - [MESSAGE][INFO] - Smart Wait Function is triggered

2021-11-18 11:57:10 - [MESSAGE][INFO] - Found 1 web elements with id: 'Object Repository/Olusturma/Genel/Not/Notlar' located by 'By.xpath: //*[@id = 'txtNote_I']' in '10' second(s)

2021-11-18 11:57:10 - [MESSAGE][PASSED] - Object 'Object Repository/Olusturma/Genel/Not/Notlar' is clickable

2021-11-18 11:57:10 - [TEST_STEP][PASSED] - clearText(findTestObject("Olusturma/Genel/Not/Notlar")): Text of object 'Object Repository/Olusturma/Genel/Not/Notlar' is cleared

2021-11-18 11:57:10 - [MESSAGE][INFO] - Finding Test Object 'Object Repository/Olusturma/Genel/Not/Notlar'

2021-11-18 11:57:10 - [MESSAGE][INFO] - Checking object

2021-11-18 11:57:10 - [MESSAGE][INFO] - Finding web element from Test Object's properties

2021-11-18 11:57:10 - [MESSAGE][INFO] - Checking timeout

2021-11-18 11:57:10 - [MESSAGE][INFO] - Finding web element with id: 'Object Repository/Olusturma/Genel/Not/Notlar' located by 'By.xpath: //*[@id = 'txtNote_I']' in '30' second(s)

2021-11-18 11:57:10 - [MESSAGE][INFO] - Smart Wait Function is triggered

2021-11-18 11:57:10 - [MESSAGE][INFO] - Found 1 web elements with id: 'Object Repository/Olusturma/Genel/Not/Notlar' located by 'By.xpath: //*[@id = 'txtNote_I']' in '30' second(s)

2021-11-18 11:57:10 - [MESSAGE][INFO] - Clearing text of object 'Object Repository/Olusturma/Genel/Not/Notlar'

2021-11-18 11:57:10 - [MESSAGE][PASSED] - Text of object 'Object Repository/Olusturma/Genel/Not/Notlar' is cleared

2021-11-18 11:57:10 - [TEST_STEP][PASSED] - click(findTestObject("Olusturma/Genel/Not/Notlar")): Object: 'Object Repository/Olusturma/Genel/Not/Notlar' is clicked on

2021-11-18 11:57:10 - [MESSAGE][INFO] - Finding Test Object 'Object Repository/Olusturma/Genel/Not/Notlar'

2021-11-18 11:57:10 - [MESSAGE][INFO] - Checking object

2021-11-18 11:57:10 - [MESSAGE][INFO] - Finding web element from Test Object's properties

2021-11-18 11:57:10 - [MESSAGE][INFO] - Checking timeout

2021-11-18 11:57:10 - [MESSAGE][INFO] - Finding web element with id: 'Object Repository/Olusturma/Genel/Not/Notlar' located by 'By.xpath: //*[@id = 'txtNote_I']' in '30' second(s)

2021-11-18 11:57:10 - [MESSAGE][INFO] - Smart Wait Function is triggered

2021-11-18 11:57:11 - [MESSAGE][INFO] - Found 1 web elements with id: 'Object Repository/Olusturma/Genel/Not/Notlar' located by 'By.xpath: //*[@id = 'txtNote_I']' in '30' second(s)

2021-11-18 11:57:11 - [MESSAGE][INFO] - Clicking on object: 'Object Repository/Olusturma/Genel/Not/Notlar'

2021-11-18 11:57:11 - [MESSAGE][PASSED] - Object: 'Object Repository/Olusturma/Genel/Not/Notlar' is clicked on

2021-11-18 11:57:11 - [TEST_STEP][PASSED] - while (true): null

2021-11-18 11:57:11 - [TEST_STEP][PASSED] - delay(1): Delayed 1 second(s)

2021-11-18 11:57:11 - [MESSAGE][INFO] - Delaying browser in 1 second(s)

2021-11-18 11:57:12 - [MESSAGE][PASSED] - Delayed 1 second(s)

2021-11-18 11:57:12 - [TEST_STEP][PASSED] - ajaxIsComplete = executeJavaScript("return jQuery.active == 0", null): Execute JavaScript 'return jQuery.active == 0' successfully

2021-11-18 11:57:12 - [MESSAGE][PASSED] - Execute JavaScript 'return jQuery.active == 0' successfully

2021-11-18 11:57:12 - [TEST_STEP][PASSED] - if (ajaxIsComplete): null

2021-11-18 11:57:12 - [TEST_STEP][PASSED] - break: null

2021-11-18 11:57:12 - [TEST_STEP][PASSED] - sendKeys(findTestObject("Olusturma/Genel/Not/Notlar"), Not): Keys 'Otomasyon Not' sent to object: 'Object Repository/Olusturma/Genel/Not/Notlar'

2021-11-18 11:57:12 - [MESSAGE][INFO] - Finding Test Object 'Object Repository/Olusturma/Genel/Not/Notlar'

2021-11-18 11:57:12 - [MESSAGE][INFO] - Sending keys 'Otomasyon Not' to object: 'Object Repository/Olusturma/Genel/Not/Notlar'

2021-11-18 11:57:12 - [MESSAGE][INFO] - Finding web element from Test Object's properties

2021-11-18 11:57:12 - [MESSAGE][INFO] - Checking timeout

2021-11-18 11:57:12 - [MESSAGE][INFO] - Finding web element with id: 'Object Repository/Olusturma/Genel/Not/Notlar' located by 'By.xpath: //*[@id = 'txtNote_I']' in '30' second(s)

2021-11-18 11:57:12 - [MESSAGE][INFO] - Smart Wait Function is triggered

2021-11-18 11:57:12 - [MESSAGE][INFO] - Found 1 web elements with id: 'Object Repository/Olusturma/Genel/Not/Notlar' located by 'By.xpath: //*[@id = 'txtNote_I']' in '30' second(s)

2021-11-18 11:57:12 - [MESSAGE][PASSED] - Keys 'Otomasyon Not' sent to object: 'Object Repository/Olusturma/Genel/Not/Notlar'

2021-11-18 11:57:12 - [MESSAGE][PASSED] - Call Test Case 'Test Cases/Olusturma/Genel/NotGirilir' successfully

2021-11-18 11:57:12 - [MESSAGE][INFO] - Checking called Test Case

2021-11-18 11:57:12 - [MESSAGE][INFO] - Starting to call Test Case 'Test Cases/Olusturma/Genel/EttnBilgisiKayitEdilir'

2021-11-18 11:57:12 - [TEST_CASE][PASSED] - Test Cases/Olusturma/Genel/EttnBilgisiKayitEdilir: Test Cases/Olusturma/Genel/EttnBilgisiKayitEdilir

2021-11-18 11:57:13 - [TEST_STEP][PASSED] - verifyElementPresent(findTestObject("Object Repository/Olusturma/Genel/Olusturma/eArsivEttnBilgisi"), 7): Object 'Object Repository/Olusturma/Genel/Olusturma/eArsivEttnBilgisi' is present

2021-11-18 11:57:13 - [MESSAGE][INFO] - Finding Test Object 'Object Repository/Olusturma/Genel/Olusturma/eArsivEttnBilgisi'

2021-11-18 11:57:13 - [MESSAGE][INFO] - Checking object

2021-11-18 11:57:13 - [MESSAGE][INFO] - Finding web element from Test Object's properties

2021-11-18 11:57:13 - [MESSAGE][INFO] - Checking timeout

2021-11-18 11:57:13 - [MESSAGE][INFO] - Finding web element with id: 'Object Repository/Olusturma/Genel/Olusturma/eArsivEttnBilgisi' located by 'By.xpath: //*[@id = 'Uuid_I']' in '7' second(s)

2021-11-18 11:57:13 - [MESSAGE][INFO] - Smart Wait Function is triggered

2021-11-18 11:57:13 - [MESSAGE][INFO] - Found 1 web elements with id: 'Object Repository/Olusturma/Genel/Olusturma/eArsivEttnBilgisi' located by 'By.xpath: //*[@id = 'Uuid_I']' in '7' second(s)

2021-11-18 11:57:13 - [MESSAGE][PASSED] - Object 'Object Repository/Olusturma/Genel/Olusturma/eArsivEttnBilgisi' is present

2021-11-18 11:57:13 - [TEST_STEP][PASSED] - ettn = getAttribute(findTestObject("Object Repository/Olusturma/Genel/Olusturma/eArsivEttnBilgisi"), "value"): Attribute 'value' of object 'Object Repository/Olusturma/Genel/Olusturma/eArsivEttnBilgisi' is: 'c07a6b09-3aee-4f55-b6f3-07bb6d85345c'

2021-11-18 11:57:13 - [MESSAGE][INFO] - Finding Test Object 'Object Repository/Olusturma/Genel/Olusturma/eArsivEttnBilgisi'

2021-11-18 11:57:13 - [MESSAGE][INFO] - Checking object

2021-11-18 11:57:13 - [MESSAGE][INFO] - Checking attribute

2021-11-18 11:57:13 - [MESSAGE][INFO] - Finding web element from Test Object's properties

2021-11-18 11:57:13 - [MESSAGE][INFO] - Checking timeout

2021-11-18 11:57:13 - [MESSAGE][INFO] - Finding web element with id: 'Object Repository/Olusturma/Genel/Olusturma/eArsivEttnBilgisi' located by 'By.xpath: //*[@id = 'Uuid_I']' in '30' second(s)

2021-11-18 11:57:13 - [MESSAGE][INFO] - Smart Wait Function is triggered

2021-11-18 11:57:13 - [MESSAGE][INFO] - Found 1 web elements with id: 'Object Repository/Olusturma/Genel/Olusturma/eArsivEttnBilgisi' located by 'By.xpath: //*[@id = 'Uuid_I']' in '30' second(s)

2021-11-18 11:57:13 - [MESSAGE][INFO] - Getting attribute 'value' of object 'Object Repository/Olusturma/Genel/Olusturma/eArsivEttnBilgisi'

2021-11-18 11:57:14 - [MESSAGE][PASSED] - Attribute 'value' of object 'Object Repository/Olusturma/Genel/Olusturma/eArsivEttnBilgisi' is: 'c07a6b09-3aee-4f55-b6f3-07bb6d85345c'

2021-11-18 11:57:14 - [MESSAGE][PASSED] - Call Test Case 'Test Cases/Olusturma/Genel/EttnBilgisiKayitEdilir' successfully

2021-11-18 11:57:14 - [MESSAGE][INFO] - Checking called Test Case

2021-11-18 11:57:14 - [MESSAGE][INFO] - Starting to call Test Case 'Test Cases/Olusturma/Genel/KaydetButonunaTiklanir'

2021-11-18 11:57:14 - [TEST_CASE][PASSED] - Test Cases/Olusturma/Genel/KaydetButonunaTiklanir: Test Cases/Olusturma/Genel/KaydetButonunaTiklanir

2021-11-18 11:57:14 - [TEST_STEP][PASSED] - i = 0: null

2021-11-18 11:57:14 - [TEST_STEP][PASSED] - waitForElementPresent(findTestObject("Olusturma/Genel/Not/Notlar"), 10): Object 'Object Repository/Olusturma/Genel/Not/Notlar' is present

2021-11-18 11:57:14 - [MESSAGE][INFO] - Finding Test Object 'Object Repository/Olusturma/Genel/Not/Notlar'

2021-11-18 11:57:14 - [MESSAGE][INFO] - Checking object

2021-11-18 11:57:14 - [MESSAGE][INFO] - Finding web element from Test Object's properties

2021-11-18 11:57:14 - [MESSAGE][INFO] - Checking timeout

2021-11-18 11:57:14 - [MESSAGE][INFO] - Finding web element with id: 'Object Repository/Olusturma/Genel/Not/Notlar' located by 'By.xpath: //*[@id = 'txtNote_I']' in '10' second(s)

2021-11-18 11:57:14 - [MESSAGE][INFO] - Smart Wait Function is triggered

2021-11-18 11:57:15 - [MESSAGE][INFO] - Found 1 web elements with id: 'Object Repository/Olusturma/Genel/Not/Notlar' located by 'By.xpath: //*[@id = 'txtNote_I']' in '10' second(s)

2021-11-18 11:57:15 - [MESSAGE][PASSED] - Object 'Object Repository/Olusturma/Genel/Not/Notlar' is present

2021-11-18 11:57:15 - [TEST_STEP][PASSED] - click(findTestObject("Olusturma/Genel/Not/Notlar")): Object: 'Object Repository/Olusturma/Genel/Not/Notlar' is clicked on

2021-11-18 11:57:15 - [MESSAGE][INFO] - Finding Test Object 'Object Repository/Olusturma/Genel/Not/Notlar'

2021-11-18 11:57:15 - [MESSAGE][INFO] - Checking object

2021-11-18 11:57:15 - [MESSAGE][INFO] - Finding web element from Test Object's properties

2021-11-18 11:57:15 - [MESSAGE][INFO] - Checking timeout

2021-11-18 11:57:15 - [MESSAGE][INFO] - Finding web element with id: 'Object Repository/Olusturma/Genel/Not/Notlar' located by 'By.xpath: //*[@id = 'txtNote_I']' in '30' second(s)

2021-11-18 11:57:15 - [MESSAGE][INFO] - Smart Wait Function is triggered

2021-11-18 11:57:15 - [MESSAGE][INFO] - Found 1 web elements with id: 'Object Repository/Olusturma/Genel/Not/Notlar' located by 'By.xpath: //*[@id = 'txtNote_I']' in '30' second(s)

2021-11-18 11:57:15 - [MESSAGE][INFO] - Clicking on object: 'Object Repository/Olusturma/Genel/Not/Notlar'

2021-11-18 11:57:15 - [MESSAGE][PASSED] - Object: 'Object Repository/Olusturma/Genel/Not/Notlar' is clicked on

2021-11-18 11:57:15 - [TEST_STEP][PASSED] - while (true): null

2021-11-18 11:57:15 - [TEST_STEP][PASSED] - delay(1): Delayed 1 second(s)

2021-11-18 11:57:15 - [MESSAGE][INFO] - Delaying browser in 1 second(s)

2021-11-18 11:57:16 - [MESSAGE][PASSED] - Delayed 1 second(s)

2021-11-18 11:57:16 - [TEST_STEP][PASSED] - ajaxIsComplete = executeJavaScript("return jQuery.active == 0", null): Execute JavaScript 'return jQuery.active == 0' successfully

2021-11-18 11:57:16 - [MESSAGE][PASSED] - Execute JavaScript 'return jQuery.active == 0' successfully

2021-11-18 11:57:16 - [TEST_STEP][PASSED] - if (ajaxIsComplete): null

2021-11-18 11:57:16 - [TEST_STEP][PASSED] - break: null

2021-11-18 11:57:16 - [TEST_STEP][PASSED] - waitForElementClickable(findTestObject("Object Repository/Olusturma/Genel/Buton"), 10): Object 'Object Repository/Olusturma/Genel/Buton' is clickable

2021-11-18 11:57:16 - [MESSAGE][INFO] - Finding Test Object 'Object Repository/Olusturma/Genel/Buton'

2021-11-18 11:57:16 - [MESSAGE][INFO] - Checking object

2021-11-18 11:57:16 - [MESSAGE][INFO] - Checking timeout

2021-11-18 11:57:16 - [MESSAGE][INFO] - Finding web element from Test Object's properties

2021-11-18 11:57:16 - [MESSAGE][INFO] - Checking timeout

2021-11-18 11:57:16 - [MESSAGE][INFO] - Finding web element with id: 'Object Repository/Olusturma/Genel/Buton' located by 'By.xpath: //*[@id = 'btnKaydet']' in '10' second(s)

2021-11-18 11:57:16 - [MESSAGE][INFO] - Smart Wait Function is triggered

2021-11-18 11:57:16 - [MESSAGE][INFO] - Found 1 web elements with id: 'Object Repository/Olusturma/Genel/Buton' located by 'By.xpath: //*[@id = 'btnKaydet']' in '10' second(s)

2021-11-18 11:57:16 - [MESSAGE][PASSED] - Object 'Object Repository/Olusturma/Genel/Buton' is clickable

2021-11-18 11:57:16 - [TEST_STEP][PASSED] - click(findTestObject("Object Repository/Olusturma/Genel/Buton")): Object: 'Object Repository/Olusturma/Genel/Buton' is clicked on

2021-11-18 11:57:16 - [MESSAGE][INFO] - Finding Test Object 'Object Repository/Olusturma/Genel/Buton'

2021-11-18 11:57:16 - [MESSAGE][INFO] - Checking object

2021-11-18 11:57:16 - [MESSAGE][INFO] - Finding web element from Test Object's properties

2021-11-18 11:57:16 - [MESSAGE][INFO] - Checking timeout

2021-11-18 11:57:16 - [MESSAGE][INFO] - Finding web element with id: 'Object Repository/Olusturma/Genel/Buton' located by 'By.xpath: //*[@id = 'btnKaydet']' in '30' second(s)

2021-11-18 11:57:16 - [MESSAGE][INFO] - Smart Wait Function is triggered

2021-11-18 11:57:17 - [MESSAGE][INFO] - Found 1 web elements with id: 'Object Repository/Olusturma/Genel/Buton' located by 'By.xpath: //*[@id = 'btnKaydet']' in '30' second(s)

2021-11-18 11:57:17 - [MESSAGE][INFO] - Clicking on object: 'Object Repository/Olusturma/Genel/Buton'

2021-11-18 11:57:19 - [MESSAGE][PASSED] - Object: 'Object Repository/Olusturma/Genel/Buton' is clicked on

2021-11-18 11:57:19 - [MESSAGE][PASSED] - Call Test Case 'Test Cases/Olusturma/Genel/KaydetButonunaTiklanir' successfully

2021-11-18 11:57:19 - [MESSAGE][INFO] - Checking called Test Case

2021-11-18 11:57:19 - [MESSAGE][INFO] - Starting to call Test Case 'Test Cases/Tablo/TablodaEttnliVeriOlusturulduMu'

2021-11-18 11:57:19 - [TEST_CASE][PASSED] - Test Cases/Tablo/TablodaEttnliVeriOlusturulduMu: Test Cases/Tablo/TablodaEttnliVeriOlusturulduMu

2021-11-18 11:57:20 - [TEST_STEP][PASSED] - Method.TextDegerineEsitElementVarMi(findTestObject("Tablo/OlusturulanVeri"), ettn): Method.TextDegerineEsitElementVarMi is PASSED

2021-11-18 11:57:20 - [MESSAGE][INFO] - Finding Test Object 'Object Repository/Tablo/OlusturulanVeri'

2021-11-18 11:57:20 - [MESSAGE][INFO] - Checking timeout

2021-11-18 11:57:20 - [MESSAGE][INFO] - Finding web element with id: 'Object Repository/Tablo/OlusturulanVeri' located by 'By.cssSelector: table.dxgvTable_LECustomTheme>tbody>tr:nth-child(3)>td.dxgv b,table.dxgvTable_LECustomTheme>tbody>tr:nth-child(3)>td.dxgv' in '10' second(s)

2021-11-18 11:57:20 - [MESSAGE][INFO] - Smart Wait Function is triggered

2021-11-18 11:57:20 - [MESSAGE][INFO] - Found 14 web elements with id: 'Object Repository/Tablo/OlusturulanVeri' located by 'By.cssSelector: table.dxgvTable_LECustomTheme>tbody>tr:nth-child(3)>td.dxgv b,table.dxgvTable_LECustomTheme>tbody>tr:nth-child(3)>td.dxgv' in '10' second(s)

2021-11-18 11:57:20 - [MESSAGE][PASSED] - Method.TextDegerineEsitElementVarMi is PASSED

2021-11-18 11:57:20 - [MESSAGE][PASSED] - Call Test Case 'Test Cases/Tablo/TablodaEttnliVeriOlusturulduMu' successfully

2021-11-18 11:57:20 - [MESSAGE][INFO] - Checking called Test Case

2021-11-18 11:57:20 - [MESSAGE][INFO] - Starting to call Test Case 'Test Cases/Tablo/TablodanEttnliVeriSec'

2021-11-18 11:57:20 - [TEST_CASE][PASSED] - Test Cases/Tablo/TablodanEttnliVeriSec: Test Cases/Tablo/TablodanEttnliVeriSec

2021-11-18 11:57:21 - [TEST_STEP][PASSED] - Method.TextDegerineEsitElementinAltindakineTikla(findTestObject("Tablo/Veriler"), findTestObject("Tablo/VerininCheckBoxi"), ettn): Method.TextDegerineEsitElementinAltindakineTikla is PASSED

2021-11-18 11:57:21 - [MESSAGE][INFO] - Finding Test Object 'Object Repository/Tablo/Veriler'

2021-11-18 11:57:21 - [MESSAGE][INFO] - Finding Test Object 'Object Repository/Tablo/VerininCheckBoxi'

2021-11-18 11:57:21 - [MESSAGE][INFO] - Checking timeout

2021-11-18 11:57:21 - [MESSAGE][INFO] - Finding web element with id: 'Object Repository/Tablo/Veriler' located by 'By.cssSelector: td.dxgv b ,td.dxgv' in '10' second(s)

2021-11-18 11:57:21 - [MESSAGE][INFO] - Smart Wait Function is triggered

2021-11-18 11:57:21 - [MESSAGE][INFO] - Found 70 web elements with id: 'Object Repository/Tablo/Veriler' located by 'By.cssSelector: td.dxgv b ,td.dxgv' in '10' second(s)

2021-11-18 11:57:21 - [MESSAGE][INFO] - Smart Wait Function is triggered

2021-11-18 11:57:21 - [MESSAGE][PASSED] - Method.TextDegerineEsitElementinAltindakineTikla is PASSED

2021-11-18 11:57:21 - [MESSAGE][PASSED] - Call Test Case 'Test Cases/Tablo/TablodanEttnliVeriSec' successfully

2021-11-18 11:57:21 - [MESSAGE][INFO] - Checking called Test Case

2021-11-18 11:57:21 - [MESSAGE][INFO] - Starting to call Test Case 'Test Cases/Butonlar/ButonaTikla'

2021-11-18 11:57:21 - [TEST_CASE][PASSED] - Test Cases/Butonlar/ButonaTikla: Test Cases/Butonlar/ButonaTikla

2021-11-18 11:57:21 - [TEST_STEP][PASSED] - Method.TextDegerineEsitElementeTiklaEquals(findTestObject("Butonlar/Butonlar"), Buton_Adi): Method.TextDegerineEsitElementeTiklaEquals is PASSED

2021-11-18 11:57:21 - [MESSAGE][INFO] - Finding Test Object 'Object Repository/Butonlar/Butonlar'

2021-11-18 11:57:22 - [MESSAGE][INFO] - Checking timeout

2021-11-18 11:57:22 - [MESSAGE][INFO] - Finding web element with id: 'Object Repository/Butonlar/Butonlar' located by 'By.cssSelector: .panel.panel-default.text-center.footerPanel .btn,.btn.btn-primary.btnControls' in '10' second(s)

2021-11-18 11:57:22 - [MESSAGE][INFO] - Smart Wait Function is triggered

2021-11-18 11:57:22 - [MESSAGE][INFO] - Found 9 web elements with id: 'Object Repository/Butonlar/Butonlar' located by 'By.cssSelector: .panel.panel-default.text-center.footerPanel .btn,.btn.btn-primary.btnControls' in '10' second(s)

2021-11-18 11:57:22 - [MESSAGE][PASSED] - Method.TextDegerineEsitElementeTiklaEquals is PASSED

2021-11-18 11:57:22 - [MESSAGE][PASSED] - Call Test Case 'Test Cases/Butonlar/ButonaTikla' successfully

2021-11-18 11:57:22 - [MESSAGE][INFO] - Checking called Test Case

2021-11-18 11:57:22 - [MESSAGE][INFO] - Starting to call Test Case 'Test Cases/Popup/PopupMesajiIceriyorMu'

2021-11-18 11:57:22 - [TEST_CASE][PASSED] - Test Cases/Popup/PopupMesajiIceriyorMu: Test Cases/Popup/PopupMesajiIceriyorMu

2021-11-18 11:57:23 - [TEST_STEP][PASSED] - waitForElementVisible(findTestObject("Popup/Popup"), 10): Object 'Object Repository/Popup/Popup' is visible

2021-11-18 11:57:23 - [MESSAGE][INFO] - Finding Test Object 'Object Repository/Popup/Popup'

2021-11-18 11:57:23 - [MESSAGE][INFO] - Checking object

2021-11-18 11:57:23 - [MESSAGE][INFO] - Checking timeout

2021-11-18 11:57:23 - [MESSAGE][INFO] - Finding web element from Test Object's properties

2021-11-18 11:57:23 - [MESSAGE][INFO] - Checking timeout

2021-11-18 11:57:23 - [MESSAGE][INFO] - Finding web element with id: 'Object Repository/Popup/Popup' located by 'By.cssSelector: .bootbox-body' in '10' second(s)

2021-11-18 11:57:23 - [MESSAGE][INFO] - Smart Wait Function is triggered

2021-11-18 11:57:23 - [MESSAGE][INFO] - Found 1 web elements with id: 'Object Repository/Popup/Popup' located by 'By.cssSelector: .bootbox-body' in '10' second(s)

2021-11-18 11:57:23 - [MESSAGE][PASSED] - Object 'Object Repository/Popup/Popup' is visible

2021-11-18 11:57:23 - [TEST_STEP][PASSED] - if (!(getText(findTestObject("Popup/Popup")).contains(Mesaj))): Text of object 'Object Repository/Popup/Popup' is: 'Oluşturulacak fatura numarası : FGX2021000000503 Fatura numarası oluşturulduktan sonra fatura silinemez. Fatura numarası, tarihi ve ön eki değiştirilemez. Devam etmek istiyor musunuz?'

2021-11-18 11:57:23 - [MESSAGE][INFO] - Finding Test Object 'Object Repository/Popup/Popup'

2021-11-18 11:57:23 - [MESSAGE][INFO] - Checking object

2021-11-18 11:57:23 - [MESSAGE][INFO] - Finding web element from Test Object's properties

2021-11-18 11:57:23 - [MESSAGE][INFO] - Checking timeout

2021-11-18 11:57:23 - [MESSAGE][INFO] - Finding web element with id: 'Object Repository/Popup/Popup' located by 'By.cssSelector: .bootbox-body' in '30' second(s)

2021-11-18 11:57:23 - [MESSAGE][INFO] - Smart Wait Function is triggered

2021-11-18 11:57:23 - [MESSAGE][INFO] - Found 1 web elements with id: 'Object Repository/Popup/Popup' located by 'By.cssSelector: .bootbox-body' in '30' second(s)

2021-11-18 11:57:23 - [MESSAGE][INFO] - Getting text of object 'Object Repository/Popup/Popup'

2021-11-18 11:57:23 - [MESSAGE][PASSED] - Text of object 'Object Repository/Popup/Popup' is: 'Oluşturulacak fatura numarası : FGX2021000000503 Fatura numarası oluşturulduktan sonra fatura silinemez. Fatura numarası, tarihi ve ön eki değiştirilemez. Devam etmek istiyor musunuz?'

2021-11-18 11:57:23 - [TEST_STEP][PASSED] - RaporNo = getText(findTestObject("Popup/Popup")).substring(0, 6): Text of object 'Object Repository/Popup/Popup' is: 'Oluşturulacak fatura numarası : FGX2021000000503 Fatura numarası oluşturulduktan sonra fatura silinemez. Fatura numarası, tarihi ve ön eki değiştirilemez. Devam etmek istiyor musunuz?'

2021-11-18 11:57:23 - [MESSAGE][INFO] - Finding Test Object 'Object Repository/Popup/Popup'

2021-11-18 11:57:24 - [MESSAGE][INFO] - Checking object

2021-11-18 11:57:24 - [MESSAGE][INFO] - Finding web element from Test Object's properties

2021-11-18 11:57:24 - [MESSAGE][INFO] - Checking timeout

2021-11-18 11:57:24 - [MESSAGE][INFO] - Finding web element with id: 'Object Repository/Popup/Popup' located by 'By.cssSelector: .bootbox-body' in '30' second(s)

2021-11-18 11:57:24 - [MESSAGE][INFO] - Smart Wait Function is triggered

2021-11-18 11:57:24 - [MESSAGE][INFO] - Found 1 web elements with id: 'Object Repository/Popup/Popup' located by 'By.cssSelector: .bootbox-body' in '30' second(s)

2021-11-18 11:57:24 - [MESSAGE][INFO] - Getting text of object 'Object Repository/Popup/Popup'

2021-11-18 11:57:24 - [MESSAGE][PASSED] - Text of object 'Object Repository/Popup/Popup' is: 'Oluşturulacak fatura numarası : FGX2021000000503 Fatura numarası oluşturulduktan sonra fatura silinemez. Fatura numarası, tarihi ve ön eki değiştirilemez. Devam etmek istiyor musunuz?'

2021-11-18 11:57:24 - [TEST_STEP][PASSED] - Console.println(RaporNo): null

2021-11-18 11:57:24 - [MESSAGE][PASSED] - Call Test Case 'Test Cases/Popup/PopupMesajiIceriyorMu' successfully

2021-11-18 11:57:24 - [MESSAGE][INFO] - Checking called Test Case

2021-11-18 11:57:24 - [MESSAGE][INFO] - Starting to call Test Case 'Test Cases/Popup/PopupButonSecilir'

2021-11-18 11:57:24 - [TEST_CASE][PASSED] - Test Cases/Popup/PopupButonSecilir: Test Cases/Popup/PopupButonSecilir

2021-11-18 11:57:24 - [TEST_STEP][PASSED] - Method.TextDegerineEsitElementeTikla(findTestObject("Popup/Popup_Butons"), Buton): Method.TextDegerineEsitElementeTikla is PASSED

2021-11-18 11:57:24 - [MESSAGE][INFO] - Finding Test Object 'Object Repository/Popup/Popup_Butons'

2021-11-18 11:57:24 - [MESSAGE][INFO] - Checking timeout

2021-11-18 11:57:24 - [MESSAGE][INFO] - Finding web element with id: 'Object Repository/Popup/Popup_Butons' located by 'By.cssSelector: .modal-footer>button' in '10' second(s)

2021-11-18 11:57:24 - [MESSAGE][INFO] - Smart Wait Function is triggered

2021-11-18 11:57:25 - [MESSAGE][INFO] - Found 2 web elements with id: 'Object Repository/Popup/Popup_Butons' located by 'By.cssSelector: .modal-footer>button' in '10' second(s)

2021-11-18 11:57:25 - [MESSAGE][PASSED] - Method.TextDegerineEsitElementeTikla is PASSED

2021-11-18 11:57:25 - [MESSAGE][PASSED] - Call Test Case 'Test Cases/Popup/PopupButonSecilir' successfully

2021-11-18 11:57:25 - [MESSAGE][INFO] - Checking called Test Case

2021-11-18 11:57:25 - [MESSAGE][INFO] - Starting to call Test Case 'Test Cases/Popup/PopupMesajiIceriyorMu'

2021-11-18 11:57:25 - [TEST_CASE][PASSED] - Test Cases/Popup/PopupMesajiIceriyorMu: Test Cases/Popup/PopupMesajiIceriyorMu

2021-11-18 11:57:25 - [TEST_STEP][PASSED] - waitForElementVisible(findTestObject("Popup/Popup"), 10): Object 'Object Repository/Popup/Popup' is visible

2021-11-18 11:57:25 - [MESSAGE][INFO] - Finding Test Object 'Object Repository/Popup/Popup'

2021-11-18 11:57:25 - [MESSAGE][INFO] - Checking object

2021-11-18 11:57:25 - [MESSAGE][INFO] - Checking timeout

2021-11-18 11:57:25 - [MESSAGE][INFO] - Finding web element from Test Object's properties

2021-11-18 11:57:25 - [MESSAGE][INFO] - Checking timeout

2021-11-18 11:57:25 - [MESSAGE][INFO] - Finding web element with id: 'Object Repository/Popup/Popup' located by 'By.cssSelector: .bootbox-body' in '10' second(s)

2021-11-18 11:57:25 - [MESSAGE][INFO] - Smart Wait Function is triggered

2021-11-18 11:57:26 - [MESSAGE][INFO] - Found 1 web elements with id: 'Object Repository/Popup/Popup' located by 'By.cssSelector: .bootbox-body' in '10' second(s)

2021-11-18 11:57:26 - [MESSAGE][PASSED] - Object 'Object Repository/Popup/Popup' is visible

2021-11-18 11:57:26 - [TEST_STEP][PASSED] - if (!(getText(findTestObject("Popup/Popup")).contains(Mesaj))): Text of object 'Object Repository/Popup/Popup' is: 'Fatura numaranız FGX2021000000503 olarak oluşmuştur.'

2021-11-18 11:57:26 - [MESSAGE][INFO] - Finding Test Object 'Object Repository/Popup/Popup'

2021-11-18 11:57:26 - [MESSAGE][INFO] - Checking object

2021-11-18 11:57:26 - [MESSAGE][INFO] - Finding web element from Test Object's properties

2021-11-18 11:57:26 - [MESSAGE][INFO] - Checking timeout

2021-11-18 11:57:26 - [MESSAGE][INFO] - Finding web element with id: 'Object Repository/Popup/Popup' located by 'By.cssSelector: .bootbox-body' in '30' second(s)

2021-11-18 11:57:26 - [MESSAGE][INFO] - Smart Wait Function is triggered

2021-11-18 11:57:26 - [MESSAGE][INFO] - Found 1 web elements with id: 'Object Repository/Popup/Popup' located by 'By.cssSelector: .bootbox-body' in '30' second(s)

2021-11-18 11:57:26 - [MESSAGE][INFO] - Getting text of object 'Object Repository/Popup/Popup'

2021-11-18 11:57:26 - [MESSAGE][PASSED] - Text of object 'Object Repository/Popup/Popup' is: 'Fatura numaranız FGX2021000000503 olarak oluşmuştur.'

2021-11-18 11:57:26 - [TEST_STEP][PASSED] - RaporNo = getText(findTestObject("Popup/Popup")).substring(0, 6): Text of object 'Object Repository/Popup/Popup' is: 'Fatura numaranız FGX2021000000503 olarak oluşmuştur.'

2021-11-18 11:57:26 - [MESSAGE][INFO] - Finding Test Object 'Object Repository/Popup/Popup'

2021-11-18 11:57:26 - [MESSAGE][INFO] - Checking object

2021-11-18 11:57:26 - [MESSAGE][INFO] - Finding web element from Test Object's properties

2021-11-18 11:57:26 - [MESSAGE][INFO] - Checking timeout

2021-11-18 11:57:26 - [MESSAGE][INFO] - Finding web element with id: 'Object Repository/Popup/Popup' located by 'By.cssSelector: .bootbox-body' in '30' second(s)

2021-11-18 11:57:26 - [MESSAGE][INFO] - Smart Wait Function is triggered

2021-11-18 11:57:26 - [MESSAGE][INFO] - Found 1 web elements with id: 'Object Repository/Popup/Popup' located by 'By.cssSelector: .bootbox-body' in '30' second(s)

2021-11-18 11:57:26 - [MESSAGE][INFO] - Getting text of object 'Object Repository/Popup/Popup'

2021-11-18 11:57:26 - [MESSAGE][PASSED] - Text of object 'Object Repository/Popup/Popup' is: 'Fatura numaranız FGX2021000000503 olarak oluşmuştur.'

2021-11-18 11:57:26 - [TEST_STEP][PASSED] - Console.println(RaporNo): null

2021-11-18 11:57:26 - [MESSAGE][PASSED] - Call Test Case 'Test Cases/Popup/PopupMesajiIceriyorMu' successfully

2021-11-18 11:57:26 - [MESSAGE][INFO] - Checking called Test Case

2021-11-18 11:57:26 - [MESSAGE][INFO] - Starting to call Test Case 'Test Cases/Popup/PopupButonSecilir'

2021-11-18 11:57:27 - [TEST_CASE][PASSED] - Test Cases/Popup/PopupButonSecilir: Test Cases/Popup/PopupButonSecilir

2021-11-18 11:57:27 - [TEST_STEP][PASSED] - Method.TextDegerineEsitElementeTikla(findTestObject("Popup/Popup_Butons"), Buton): Method.TextDegerineEsitElementeTikla is PASSED

2021-11-18 11:57:27 - [MESSAGE][INFO] - Finding Test Object 'Object Repository/Popup/Popup_Butons'

2021-11-18 11:57:27 - [MESSAGE][INFO] - Checking timeout

2021-11-18 11:57:27 - [MESSAGE][INFO] - Finding web element with id: 'Object Repository/Popup/Popup_Butons' located by 'By.cssSelector: .modal-footer>button' in '10' second(s)

2021-11-18 11:57:27 - [MESSAGE][INFO] - Smart Wait Function is triggered

2021-11-18 11:57:27 - [MESSAGE][INFO] - Found 1 web elements with id: 'Object Repository/Popup/Popup_Butons' located by 'By.cssSelector: .modal-footer>button' in '10' second(s)

2021-11-18 11:57:27 - [MESSAGE][PASSED] - Method.TextDegerineEsitElementeTikla is PASSED

2021-11-18 11:57:27 - [MESSAGE][PASSED] - Call Test Case 'Test Cases/Popup/PopupButonSecilir' successfully

2021-11-18 11:57:27 - [MESSAGE][INFO] - Checking called Test Case

2021-11-18 11:57:27 - [MESSAGE][INFO] - Starting to call Test Case 'Test Cases/Tablo/TablodanEttnliVeriSec'

2021-11-18 11:57:27 - [TEST_CASE][PASSED] - Test Cases/Tablo/TablodanEttnliVeriSec: Test Cases/Tablo/TablodanEttnliVeriSec

2021-11-18 11:57:27 - [TEST_STEP][PASSED] - Method.TextDegerineEsitElementinAltindakineTikla(findTestObject("Tablo/Veriler"), findTestObject("Tablo/VerininCheckBoxi"), ettn): Method.TextDegerineEsitElementinAltindakineTikla is PASSED

2021-11-18 11:57:27 - [MESSAGE][INFO] - Finding Test Object 'Object Repository/Tablo/Veriler'

2021-11-18 11:57:27 - [MESSAGE][INFO] - Finding Test Object 'Object Repository/Tablo/VerininCheckBoxi'

2021-11-18 11:57:27 - [MESSAGE][INFO] - Checking timeout

2021-11-18 11:57:27 - [MESSAGE][INFO] - Finding web element with id: 'Object Repository/Tablo/Veriler' located by 'By.cssSelector: td.dxgv b ,td.dxgv' in '10' second(s)

2021-11-18 11:57:27 - [MESSAGE][INFO] - Smart Wait Function is triggered

2021-11-18 11:57:28 - [MESSAGE][INFO] - Found 70 web elements with id: 'Object Repository/Tablo/Veriler' located by 'By.cssSelector: td.dxgv b ,td.dxgv' in '10' second(s)

2021-11-18 11:57:28 - [MESSAGE][INFO] - Smart Wait Function is triggered

2021-11-18 11:57:28 - [MESSAGE][PASSED] - Method.TextDegerineEsitElementinAltindakineTikla is PASSED

2021-11-18 11:57:28 - [MESSAGE][PASSED] - Call Test Case 'Test Cases/Tablo/TablodanEttnliVeriSec' successfully

2021-11-18 11:57:28 - [MESSAGE][INFO] - Checking called Test Case

2021-11-18 11:57:28 - [MESSAGE][INFO] - Starting to call Test Case 'Test Cases/Butonlar/ButonaTikla'

2021-11-18 11:57:28 - [TEST_CASE][PASSED] - Test Cases/Butonlar/ButonaTikla: Test Cases/Butonlar/ButonaTikla

2021-11-18 11:57:28 - [TEST_STEP][PASSED] - Method.TextDegerineEsitElementeTiklaEquals(findTestObject("Butonlar/Butonlar"), Buton_Adi): Method.TextDegerineEsitElementeTiklaEquals is PASSED

2021-11-18 11:57:28 - [MESSAGE][INFO] - Finding Test Object 'Object Repository/Butonlar/Butonlar'

2021-11-18 11:57:28 - [MESSAGE][INFO] - Checking timeout

2021-11-18 11:57:28 - [MESSAGE][INFO] - Finding web element with id: 'Object Repository/Butonlar/Butonlar' located by 'By.cssSelector: .panel.panel-default.text-center.footerPanel .btn,.btn.btn-primary.btnControls' in '10' second(s)

2021-11-18 11:57:28 - [MESSAGE][INFO] - Smart Wait Function is triggered

2021-11-18 11:57:29 - [MESSAGE][INFO] - Found 9 web elements with id: 'Object Repository/Butonlar/Butonlar' located by 'By.cssSelector: .panel.panel-default.text-center.footerPanel .btn,.btn.btn-primary.btnControls' in '10' second(s)

2021-11-18 11:57:29 - [MESSAGE][PASSED] - Method.TextDegerineEsitElementeTiklaEquals is PASSED

2021-11-18 11:57:29 - [MESSAGE][PASSED] - Call Test Case 'Test Cases/Butonlar/ButonaTikla' successfully

2021-11-18 11:57:29 - [MESSAGE][INFO] - Checking called Test Case

2021-11-18 11:57:29 - [MESSAGE][INFO] - Starting to call Test Case 'Test Cases/Popup/PopupMesajiIceriyorMu'

2021-11-18 11:57:29 - [TEST_CASE][PASSED] - Test Cases/Popup/PopupMesajiIceriyorMu: Test Cases/Popup/PopupMesajiIceriyorMu

2021-11-18 11:57:29 - [TEST_STEP][PASSED] - waitForElementVisible(findTestObject("Popup/Popup"), 10): Object 'Object Repository/Popup/Popup' is visible

2021-11-18 11:57:29 - [MESSAGE][INFO] - Finding Test Object 'Object Repository/Popup/Popup'

2021-11-18 11:57:29 - [MESSAGE][INFO] - Checking object

2021-11-18 11:57:29 - [MESSAGE][INFO] - Checking timeout

2021-11-18 11:57:29 - [MESSAGE][INFO] - Finding web element from Test Object's properties

2021-11-18 11:57:29 - [MESSAGE][INFO] - Checking timeout

2021-11-18 11:57:29 - [MESSAGE][INFO] - Finding web element with id: 'Object Repository/Popup/Popup' located by 'By.cssSelector: .bootbox-body' in '10' second(s)

2021-11-18 11:57:29 - [MESSAGE][INFO] - Smart Wait Function is triggered

2021-11-18 11:57:30 - [MESSAGE][INFO] - Found 1 web elements with id: 'Object Repository/Popup/Popup' located by 'By.cssSelector: .bootbox-body' in '10' second(s)

2021-11-18 11:57:30 - [MESSAGE][PASSED] - Object 'Object Repository/Popup/Popup' is visible

2021-11-18 11:57:30 - [TEST_STEP][PASSED] - if (!(getText(findTestObject("Popup/Popup")).contains(Mesaj))): Text of object 'Object Repository/Popup/Popup' is: 'Seçilen faturalarınız onaylanacaktır. Onaylanan faturalar üzerinde değişiklik yapılamaz. Devam etmek istiyor musunuz?'

2021-11-18 11:57:30 - [MESSAGE][INFO] - Finding Test Object 'Object Repository/Popup/Popup'

2021-11-18 11:57:30 - [MESSAGE][INFO] - Checking object

2021-11-18 11:57:30 - [MESSAGE][INFO] - Finding web element from Test Object's properties

2021-11-18 11:57:30 - [MESSAGE][INFO] - Checking timeout

2021-11-18 11:57:30 - [MESSAGE][INFO] - Finding web element with id: 'Object Repository/Popup/Popup' located by 'By.cssSelector: .bootbox-body' in '30' second(s)

2021-11-18 11:57:30 - [MESSAGE][INFO] - Smart Wait Function is triggered

2021-11-18 11:57:30 - [MESSAGE][INFO] - Found 1 web elements with id: 'Object Repository/Popup/Popup' located by 'By.cssSelector: .bootbox-body' in '30' second(s)

2021-11-18 11:57:30 - [MESSAGE][INFO] - Getting text of object 'Object Repository/Popup/Popup'

2021-11-18 11:57:30 - [MESSAGE][PASSED] - Text of object 'Object Repository/Popup/Popup' is: 'Seçilen faturalarınız onaylanacaktır. Onaylanan faturalar üzerinde değişiklik yapılamaz. Devam etmek istiyor musunuz?'

2021-11-18 11:57:30 - [TEST_STEP][PASSED] - RaporNo = getText(findTestObject("Popup/Popup")).substring(0, 6): Text of object 'Object Repository/Popup/Popup' is: 'Seçilen faturalarınız onaylanacaktır. Onaylanan faturalar üzerinde değişiklik yapılamaz. Devam etmek istiyor musunuz?'

2021-11-18 11:57:30 - [MESSAGE][INFO] - Finding Test Object 'Object Repository/Popup/Popup'

2021-11-18 11:57:30 - [MESSAGE][INFO] - Checking object

2021-11-18 11:57:30 - [MESSAGE][INFO] - Finding web element from Test Object's properties

2021-11-18 11:57:30 - [MESSAGE][INFO] - Checking timeout

2021-11-18 11:57:30 - [MESSAGE][INFO] - Finding web element with id: 'Object Repository/Popup/Popup' located by 'By.cssSelector: .bootbox-body' in '30' second(s)

2021-11-18 11:57:30 - [MESSAGE][INFO] - Smart Wait Function is triggered

2021-11-18 11:57:30 - [MESSAGE][INFO] - Found 1 web elements with id: 'Object Repository/Popup/Popup' located by 'By.cssSelector: .bootbox-body' in '30' second(s)

2021-11-18 11:57:30 - [MESSAGE][INFO] - Getting text of object 'Object Repository/Popup/Popup'

2021-11-18 11:57:30 - [MESSAGE][PASSED] - Text of object 'Object Repository/Popup/Popup' is: 'Seçilen faturalarınız onaylanacaktır. Onaylanan faturalar üzerinde değişiklik yapılamaz. Devam etmek istiyor musunuz?'

2021-11-18 11:57:30 - [TEST_STEP][PASSED] - Console.println(RaporNo): null

2021-11-18 11:57:30 - [MESSAGE][PASSED] - Call Test Case 'Test Cases/Popup/PopupMesajiIceriyorMu' successfully

2021-11-18 11:57:30 - [MESSAGE][INFO] - Checking called Test Case

2021-11-18 11:57:30 - [MESSAGE][INFO] - Starting to call Test Case 'Test Cases/Popup/PopupButonSecilir'

2021-11-18 11:57:30 - [TEST_CASE][PASSED] - Test Cases/Popup/PopupButonSecilir: Test Cases/Popup/PopupButonSecilir

2021-11-18 11:57:30 - [TEST_STEP][PASSED] - Method.TextDegerineEsitElementeTikla(findTestObject("Popup/Popup_Butons"), Buton): Method.TextDegerineEsitElementeTikla is PASSED

2021-11-18 11:57:30 - [MESSAGE][INFO] - Finding Test Object 'Object Repository/Popup/Popup_Butons'

2021-11-18 11:57:31 - [MESSAGE][INFO] - Checking timeout

2021-11-18 11:57:31 - [MESSAGE][INFO] - Finding web element with id: 'Object Repository/Popup/Popup_Butons' located by 'By.cssSelector: .modal-footer>button' in '10' second(s)

2021-11-18 11:57:31 - [MESSAGE][INFO] - Smart Wait Function is triggered

2021-11-18 11:57:31 - [MESSAGE][INFO] - Found 2 web elements with id: 'Object Repository/Popup/Popup_Butons' located by 'By.cssSelector: .modal-footer>button' in '10' second(s)

2021-11-18 11:57:31 - [MESSAGE][PASSED] - Method.TextDegerineEsitElementeTikla is PASSED

2021-11-18 11:57:31 - [MESSAGE][PASSED] - Call Test Case 'Test Cases/Popup/PopupButonSecilir' successfully

2021-11-18 11:57:31 - [MESSAGE][INFO] - Checking called Test Case

2021-11-18 11:57:31 - [MESSAGE][INFO] - Starting to call Test Case 'Test Cases/Menu/AnaMenuSecimi'

2021-11-18 11:57:31 - [TEST_CASE][PASSED] - Test Cases/Menu/AnaMenuSecimi: Test Cases/Menu/AnaMenuSecimi

2021-11-18 11:57:31 - [TEST_STEP][PASSED] - Method.TextDegerineEsitElementeTikla(findTestObject("Menu/Ana_Menu"), Ana_Menu): Method.TextDegerineEsitElementeTikla is PASSED

2021-11-18 11:57:31 - [MESSAGE][INFO] - Finding Test Object 'Object Repository/Menu/Ana_Menu'

2021-11-18 11:57:31 - [MESSAGE][INFO] - Checking timeout

2021-11-18 11:57:31 - [MESSAGE][INFO] - Finding web element with id: 'Object Repository/Menu/Ana_Menu' located by 'By.xpath: //*[@class = 'dropdown-toggle']' in '10' second(s)

2021-11-18 11:57:31 - [MESSAGE][INFO] - Smart Wait Function is triggered

2021-11-18 11:57:32 - [MESSAGE][INFO] - Found 13 web elements with id: 'Object Repository/Menu/Ana_Menu' located by 'By.xpath: //*[@class = 'dropdown-toggle']' in '10' second(s)

2021-11-18 11:57:32 - [MESSAGE][PASSED] - Method.TextDegerineEsitElementeTikla is PASSED

2021-11-18 11:57:32 - [MESSAGE][PASSED] - Call Test Case 'Test Cases/Menu/AnaMenuSecimi' successfully

2021-11-18 11:57:32 - [MESSAGE][INFO] - Checking called Test Case

2021-11-18 11:57:32 - [MESSAGE][INFO] - Starting to call Test Case 'Test Cases/Menu/BasligaGoreAltMenuSecimi'

2021-11-18 11:57:32 - [TEST_CASE][PASSED] - Test Cases/Menu/BasligaGoreAltMenuSecimi: Test Cases/Menu/BasligaGoreAltMenuSecimi

2021-11-18 11:57:32 - [TEST_STEP][PASSED] - Method.TextDegerineEsitElementinAltindakiTextDegerineEsitOlanaTikla(findTestObject("Menu/Menu_Basligi"), findTestObject("Menu/Basliga_Gore_Alt_Menu"), Baslik, Alt_Menu): Method.TextDegerineEsitElementinAltindakiTextDegerineEsitOlanaTikla is PASSED

2021-11-18 11:57:32 - [MESSAGE][INFO] - Finding Test Object 'Object Repository/Menu/Menu_Basligi'

2021-11-18 11:57:32 - [MESSAGE][INFO] - Finding Test Object 'Object Repository/Menu/Basliga_Gore_Alt_Menu'

2021-11-18 11:57:32 - [MESSAGE][INFO] - Checking timeout

2021-11-18 11:57:32 - [MESSAGE][INFO] - Finding web element with id: 'Object Repository/Menu/Menu_Basligi' located by 'By.xpath: //li[@class='dropdown dropdown-large open']//li[@class='dropdown-header']' in '10' second(s)

2021-11-18 11:57:32 - [MESSAGE][INFO] - Smart Wait Function is triggered

2021-11-18 11:57:32 - [MESSAGE][INFO] - Found 2 web elements with id: 'Object Repository/Menu/Menu_Basligi' located by 'By.xpath: //li[@class='dropdown dropdown-large open']//li[@class='dropdown-header']' in '10' second(s)

2021-11-18 11:57:33 - [MESSAGE][INFO] - Smart Wait Function is triggered

2021-11-18 11:57:34 - [MESSAGE][PASSED] - Method.TextDegerineEsitElementinAltindakiTextDegerineEsitOlanaTikla is PASSED

2021-11-18 11:57:34 - [MESSAGE][PASSED] - Call Test Case 'Test Cases/Menu/BasligaGoreAltMenuSecimi' successfully

2021-11-18 11:57:34 - [MESSAGE][INFO] - Checking called Test Case

2021-11-18 11:57:34 - [MESSAGE][INFO] - Starting to call Test Case 'Test Cases/Filtreler/EttnYaz'

2021-11-18 11:57:34 - [TEST_CASE][PASSED] - Test Cases/Filtreler/EttnYaz: Test Cases/Filtreler/EttnYaz

2021-11-18 11:57:34 - [TEST_STEP][PASSED] - Method.TextDegerineEsitElementinAltindakiTextboxtaYaz(findTestObject("Filtreler/Basliklar"), findTestObject("Filtreler/Basliga_Gore_Textbox"), "ETTN", ettn): Method.TextDegerineEsitElementinAltindakiTextboxtaYaz is PASSED

2021-11-18 11:57:34 - [MESSAGE][INFO] - Finding Test Object 'Object Repository/Filtreler/Basliklar'

2021-11-18 11:57:34 - [MESSAGE][INFO] - Finding Test Object 'Object Repository/Filtreler/Basliga_Gore_Textbox'

2021-11-18 11:57:34 - [MESSAGE][INFO] - Checking timeout

2021-11-18 11:57:34 - [MESSAGE][INFO] - Finding web element with id: 'Object Repository/Filtreler/Basliklar' located by 'By.cssSelector: .control-label.col-sm-4.paddingMarginRLC' in '10' second(s)

2021-11-18 11:57:34 - [MESSAGE][INFO] - Smart Wait Function is triggered

2021-11-18 11:57:35 - [MESSAGE][INFO] - Found 19 web elements with id: 'Object Repository/Filtreler/Basliklar' located by 'By.cssSelector: .control-label.col-sm-4.paddingMarginRLC' in '10' second(s)

2021-11-18 11:57:35 - [MESSAGE][INFO] - Smart Wait Function is triggered

2021-11-18 11:57:35 - [MESSAGE][PASSED] - Method.TextDegerineEsitElementinAltindakiTextboxtaYaz is PASSED

2021-11-18 11:57:35 - [MESSAGE][PASSED] - Call Test Case 'Test Cases/Filtreler/EttnYaz' successfully

2021-11-18 11:57:35 - [MESSAGE][INFO] - Checking called Test Case

2021-11-18 11:57:35 - [MESSAGE][INFO] - Starting to call Test Case 'Test Cases/Filtreler/ButonaTikla'

2021-11-18 11:57:35 - [TEST_CASE][PASSED] - Test Cases/Filtreler/ButonaTikla: Test Cases/Filtreler/ButonaTikla

2021-11-18 11:57:36 - [TEST_STEP][PASSED] - Method.TextDegerineEsitElementeTikla(findTestObject("Filtreler/Butonlar"), Filtre_Buton): Method.TextDegerineEsitElementeTikla is PASSED

2021-11-18 11:57:36 - [MESSAGE][INFO] - Finding Test Object 'Object Repository/Filtreler/Butonlar'

2021-11-18 11:57:36 - [MESSAGE][INFO] - Checking timeout

2021-11-18 11:57:36 - [MESSAGE][INFO] - Finding web element with id: 'Object Repository/Filtreler/Butonlar' located by 'By.cssSelector: .dxb>span' in '10' second(s)

2021-11-18 11:57:36 - [MESSAGE][INFO] - Smart Wait Function is triggered

2021-11-18 11:57:36 - [MESSAGE][INFO] - Found 3 web elements with id: 'Object Repository/Filtreler/Butonlar' located by 'By.cssSelector: .dxb>span' in '10' second(s)

2021-11-18 11:57:36 - [MESSAGE][PASSED] - Method.TextDegerineEsitElementeTikla is PASSED

2021-11-18 11:57:36 - [MESSAGE][PASSED] - Call Test Case 'Test Cases/Filtreler/ButonaTikla' successfully

2021-11-18 11:57:36 - [MESSAGE][INFO] - Checking called Test Case

2021-11-18 11:57:36 - [MESSAGE][INFO] - Starting to call Test Case 'Test Cases/Tablo/TablodaVeriVarMi'

2021-11-18 11:57:36 - [TEST_CASE][PASSED] - Test Cases/Tablo/TablodaVeriVarMi: Test Cases/Tablo/TablodaVeriVarMi

2021-11-18 11:57:37 - [TEST_STEP][PASSED] - verifyTextNotPresent("Görüntülenecek veri yok", true): Text 'Görüntülenecek veri yok' is not present on page using regular expression

2021-11-18 11:57:37 - [MESSAGE][INFO] - Checking text present  using regular expression

2021-11-18 11:57:37 - [MESSAGE][INFO] - Smart Wait Function is triggered

2021-11-18 11:57:37 - [MESSAGE][INFO] - Finding text 'Görüntülenecek veri yok' on page  using regular expression

2021-11-18 11:57:37 - [MESSAGE][PASSED] - Text 'Görüntülenecek veri yok' is not present on page using regular expression

2021-11-18 11:57:37 - [MESSAGE][PASSED] - Call Test Case 'Test Cases/Tablo/TablodaVeriVarMi' successfully

2021-11-18 11:57:37 - [MESSAGE][INFO] - Checking called Test Case

2021-11-18 11:57:37 - [MESSAGE][INFO] - Starting to call Test Case 'Test Cases/Tablo/TablodaVeriBasariliMiArsiv'

2021-11-18 11:57:38 - [TEST_CASE][PASSED] - Test Cases/Tablo/TablodaVeriBasariliMiArsiv: Test Cases/Tablo/TablodaVeriBasariliMiArsiv

2021-11-18 11:57:38 - [TEST_STEP][PASSED] - sayac = 80: null

2021-11-18 11:57:38 - [TEST_STEP][PASSED] - while (verifyElementText(findTestObject("Object Repository/Tablo/DurumBilgisiArsiv"), "Henüz Sonuçlanmadı", OPTIONAL)): Actual text 'Başarılı' and expected text 'Henüz Sonuçlanmadı' of test object 'Object Repository/Tablo/DurumBilgisiArsiv' are NOT matched. (Root cause: com.kms.katalon.core.exception.StepFailedException: Actual text 'Başarılı' and expected text 'Henüz Sonuçlanmadı' of test object 'Object Repository/Tablo/DurumBilgisiArsiv' are NOT matched.
	at com.kms.katalon.core.webui.keyword.internal.WebUIKeywordMain.stepFailed(WebUIKeywordMain.groovy:64)
	at com.kms.katalon.core.webui.keyword.builtin.VerifyElementTextKeyword$_verifyElementText_closure1.doCall(VerifyElementTextKeyword.groovy:57)
	at com.kms.katalon.core.webui.keyword.builtin.VerifyElementTextKeyword$_verifyElementText_closure1.call(VerifyElementTextKeyword.groovy)
	at com.kms.katalon.core.webui.keyword.internal.WebUIKeywordMain.runKeyword(WebUIKeywordMain.groovy:20)
	at com.kms.katalon.core.webui.keyword.builtin.VerifyElementTextKeyword.verifyElementText(VerifyElementTextKeyword.groovy:72)
	at com.kms.katalon.core.webui.keyword.builtin.VerifyElementTextKeyword.execute(VerifyElementTextKeyword.groovy:40)
	at com.kms.katalon.core.keyword.internal.KeywordExecutor.executeKeywordForPlatform(KeywordExecutor.groovy:73)
	at com.kms.katalon.core.webui.keyword.WebUiBuiltInKeywords.verifyElementText(WebUiBuiltInKeywords.groovy:4733)
	at com.kms.katalon.core.webui.keyword.WebUiBuiltInKeywords$verifyElementText$20.call(Unknown Source)
	at TablodaVeriBasariliMiArsiv.run(TablodaVeriBasariliMiArsiv:22)
	at com.kms.katalon.core.main.ScriptEngine.run(ScriptEngine.java:194)
	at com.kms.katalon.core.main.ScriptEngine.runScriptAsRawText(ScriptEngine.java:119)
	at com.kms.katalon.core.main.TestCaseExecutor.runScript(TestCaseExecutor.java:369)
	at com.kms.katalon.core.main.TestCaseExecutor.doExecute(TestCaseExecutor.java:360)
	at com.kms.katalon.core.main.TestCaseExecutor.processExecutionPhase(TestCaseExecutor.java:339)
	at com.kms.katalon.core.main.TestCaseExecutor.accessMainPhase(TestCaseExecutor.java:331)
	at com.kms.katalon.core.main.TestCaseExecutor.execute(TestCaseExecutor.java:248)
	at com.kms.katalon.core.main.TestCaseMain.runTestCase(TestCaseMain.java:138)
	at com.kms.katalon.core.keyword.builtin.CallTestCaseKeyword$_callTestCase_closure1.doCall(CallTestCaseKeyword.groovy:59)
	at com.kms.katalon.core.keyword.builtin.CallTestCaseKeyword$_callTestCase_closure1.call(CallTestCaseKeyword.groovy)
	at com.kms.katalon.core.keyword.internal.KeywordMain.runKeyword(KeywordMain.groovy:68)
	at com.kms.katalon.core.keyword.builtin.CallTestCaseKeyword.callTestCase(CallTestCaseKeyword.groovy:81)
	at com.kms.katalon.core.keyword.builtin.CallTestCaseKeyword.execute(CallTestCaseKeyword.groovy:44)
	at com.kms.katalon.core.keyword.internal.KeywordExecutor.executeKeywordForPlatform(KeywordExecutor.groovy:73)
	at com.kms.katalon.core.keyword.BuiltinKeywords.callTestCase(BuiltinKeywords.groovy:334)
	at tablo.tablo.tablodaVeriBasariliMiArsiv(tablo.groovy:95)
	at cucumber.runtime.Utils$1.call(Utils.java:26)
	at cucumber.runtime.Timeout.timeout(Timeout.java:16)
	at cucumber.runtime.Utils.invoke(Utils.java:20)
	at cucumber.runtime.java.JavaStepDefinition.execute(JavaStepDefinition.java:49)
	at cucumber.runner.PickleStepDefinitionMatch.runStep(PickleStepDefinitionMatch.java:50)
	at cucumber.runner.TestStep.executeStep(TestStep.java:63)
	at cucumber.runner.TestStep.run(TestStep.java:49)
	at cucumber.runner.PickleStepTestStep.run(PickleStepTestStep.java:43)
	at cucumber.runner.TestCase.run(TestCase.java:44)
	at cucumber.runner.Runner.runPickle(Runner.java:40)
	at cucumber.runtime.Runtime$1.run(Runtime.java:84)
	at cucumber.runtime.Runtime$SameThreadExecutorService.execute(Runtime.java:220)
	at cucumber.runtime.Runtime.run(Runtime.java:81)
	at cucumber.api.cli.Main.run(Main.java:26)
	at cucumber.api.cli.Main$run.call(Unknown Source)
	at com.kms.katalon.core.cucumber.keyword.CucumberBuiltinKeywords$_runFeatureFile_closure1.doCall(CucumberBuiltinKeywords.groovy:106)
	at com.kms.katalon.core.cucumber.keyword.CucumberBuiltinKeywords$_runFeatureFile_closure1.doCall(CucumberBuiltinKeywords.groovy)
	at com.kms.katalon.core.keyword.internal.KeywordMain.runKeyword(KeywordMain.groovy:68)
	at com.kms.katalon.core.keyword.internal.KeywordMain$runKeyword.call(Unknown Source)
	at com.kms.katalon.core.cucumber.keyword.CucumberBuiltinKeywords.runFeatureFile(CucumberBuiltinKeywords.groovy:73)
	at com.kms.katalon.core.cucumber.keyword.CucumberBuiltinKeywords$runFeatureFile$0.callStatic(Unknown Source)
	at com.kms.katalon.core.cucumber.keyword.CucumberBuiltinKeywords.runFeatureFile(CucumberBuiltinKeywords.groovy:246)
	at com.kms.katalon.core.cucumber.keyword.CucumberBuiltinKeywords$runFeatureFile.call(Unknown Source)
	at VKN-Elektronik-Hal Komisyoncu.run(VKN-Elektronik-Hal Komisyoncu:19)
	at com.kms.katalon.core.main.ScriptEngine.run(ScriptEngine.java:194)
	at com.kms.katalon.core.main.ScriptEngine.runScriptAsRawText(ScriptEngine.java:119)
	at com.kms.katalon.core.main.TestCaseExecutor.runScript(TestCaseExecutor.java:369)
	at com.kms.katalon.core.main.TestCaseExecutor.doExecute(TestCaseExecutor.java:360)
	at com.kms.katalon.core.main.TestCaseExecutor.processExecutionPhase(TestCaseExecutor.java:339)
	at com.kms.katalon.core.main.TestCaseExecutor.accessMainPhase(TestCaseExecutor.java:331)
	at com.kms.katalon.core.main.TestCaseExecutor.execute(TestCaseExecutor.java:248)
	at com.kms.katalon.core.main.TestSuiteExecutor.accessTestCaseMainPhase(TestSuiteExecutor.java:191)
	at com.kms.katalon.core.main.TestSuiteExecutor.accessTestSuiteMainPhase(TestSuiteExecutor.java:140)
	at com.kms.katalon.core.main.TestSuiteExecutor.execute(TestSuiteExecutor.java:89)
	at com.kms.katalon.core.main.TestCaseMain.startTestSuite(TestCaseMain.java:181)
	at com.kms.katalon.core.main.TestCaseMain$startTestSuite$0.call(Unknown Source)
	at TempTestSuite1637225344330.run(TempTestSuite1637225344330.groovy:39)
)

2021-11-18 11:57:38 - [MESSAGE][INFO] - Finding Test Object 'Object Repository/Tablo/DurumBilgisiArsiv'

2021-11-18 11:57:38 - [MESSAGE][INFO] - Checking object

2021-11-18 11:57:38 - [MESSAGE][INFO] - Finding web element from Test Object's properties

2021-11-18 11:57:38 - [MESSAGE][INFO] - Checking timeout

2021-11-18 11:57:38 - [MESSAGE][INFO] - Finding web element with id: 'Object Repository/Tablo/DurumBilgisiArsiv' located by 'By.xpath: //*[@id = 'GridViewEArchiveInvoices_tccell0_9']' in '30' second(s)

2021-11-18 11:57:38 - [MESSAGE][INFO] - Smart Wait Function is triggered

2021-11-18 11:57:38 - [MESSAGE][INFO] - Found 1 web elements with id: 'Object Repository/Tablo/DurumBilgisiArsiv' located by 'By.xpath: //*[@id = 'GridViewEArchiveInvoices_tccell0_9']' in '30' second(s)

2021-11-18 11:57:38 - [MESSAGE][WARNING] - Actual text 'Başarılı' and expected text 'Henüz Sonuçlanmadı' of test object 'Object Repository/Tablo/DurumBilgisiArsiv' are NOT matched. (Root cause: com.kms.katalon.core.exception.StepFailedException: Actual text 'Başarılı' and expected text 'Henüz Sonuçlanmadı' of test object 'Object Repository/Tablo/DurumBilgisiArsiv' are NOT matched.
	at com.kms.katalon.core.webui.keyword.internal.WebUIKeywordMain.stepFailed(WebUIKeywordMain.groovy:64)
	at com.kms.katalon.core.webui.keyword.builtin.VerifyElementTextKeyword$_verifyElementText_closure1.doCall(VerifyElementTextKeyword.groovy:57)
	at com.kms.katalon.core.webui.keyword.builtin.VerifyElementTextKeyword$_verifyElementText_closure1.call(VerifyElementTextKeyword.groovy)
	at com.kms.katalon.core.webui.keyword.internal.WebUIKeywordMain.runKeyword(WebUIKeywordMain.groovy:20)
	at com.kms.katalon.core.webui.keyword.builtin.VerifyElementTextKeyword.verifyElementText(VerifyElementTextKeyword.groovy:72)
	at com.kms.katalon.core.webui.keyword.builtin.VerifyElementTextKeyword.execute(VerifyElementTextKeyword.groovy:40)
	at com.kms.katalon.core.keyword.internal.KeywordExecutor.executeKeywordForPlatform(KeywordExecutor.groovy:73)
	at com.kms.katalon.core.webui.keyword.WebUiBuiltInKeywords.verifyElementText(WebUiBuiltInKeywords.groovy:4733)
	at com.kms.katalon.core.webui.keyword.WebUiBuiltInKeywords$verifyElementText$20.call(Unknown Source)
	at TablodaVeriBasariliMiArsiv.run(TablodaVeriBasariliMiArsiv:22)
	at com.kms.katalon.core.main.ScriptEngine.run(ScriptEngine.java:194)
	at com.kms.katalon.core.main.ScriptEngine.runScriptAsRawText(ScriptEngine.java:119)
	at com.kms.katalon.core.main.TestCaseExecutor.runScript(TestCaseExecutor.java:369)
	at com.kms.katalon.core.main.TestCaseExecutor.doExecute(TestCaseExecutor.java:360)
	at com.kms.katalon.core.main.TestCaseExecutor.processExecutionPhase(TestCaseExecutor.java:339)
	at com.kms.katalon.core.main.TestCaseExecutor.accessMainPhase(TestCaseExecutor.java:331)
	at com.kms.katalon.core.main.TestCaseExecutor.execute(TestCaseExecutor.java:248)
	at com.kms.katalon.core.main.TestCaseMain.runTestCase(TestCaseMain.java:138)
	at com.kms.katalon.core.keyword.builtin.CallTestCaseKeyword$_callTestCase_closure1.doCall(CallTestCaseKeyword.groovy:59)
	at com.kms.katalon.core.keyword.builtin.CallTestCaseKeyword$_callTestCase_closure1.call(CallTestCaseKeyword.groovy)
	at com.kms.katalon.core.keyword.internal.KeywordMain.runKeyword(KeywordMain.groovy:68)
	at com.kms.katalon.core.keyword.builtin.CallTestCaseKeyword.callTestCase(CallTestCaseKeyword.groovy:81)
	at com.kms.katalon.core.keyword.builtin.CallTestCaseKeyword.execute(CallTestCaseKeyword.groovy:44)
	at com.kms.katalon.core.keyword.internal.KeywordExecutor.executeKeywordForPlatform(KeywordExecutor.groovy:73)
	at com.kms.katalon.core.keyword.BuiltinKeywords.callTestCase(BuiltinKeywords.groovy:334)
	at tablo.tablo.tablodaVeriBasariliMiArsiv(tablo.groovy:95)
	at cucumber.runtime.Utils$1.call(Utils.java:26)
	at cucumber.runtime.Timeout.timeout(Timeout.java:16)
	at cucumber.runtime.Utils.invoke(Utils.java:20)
	at cucumber.runtime.java.JavaStepDefinition.execute(JavaStepDefinition.java:49)
	at cucumber.runner.PickleStepDefinitionMatch.runStep(PickleStepDefinitionMatch.java:50)
	at cucumber.runner.TestStep.executeStep(TestStep.java:63)
	at cucumber.runner.TestStep.run(TestStep.java:49)
	at cucumber.runner.PickleStepTestStep.run(PickleStepTestStep.java:43)
	at cucumber.runner.TestCase.run(TestCase.java:44)
	at cucumber.runner.Runner.runPickle(Runner.java:40)
	at cucumber.runtime.Runtime$1.run(Runtime.java:84)
	at cucumber.runtime.Runtime$SameThreadExecutorService.execute(Runtime.java:220)
	at cucumber.runtime.Runtime.run(Runtime.java:81)
	at cucumber.api.cli.Main.run(Main.java:26)
	at cucumber.api.cli.Main$run.call(Unknown Source)
	at com.kms.katalon.core.cucumber.keyword.CucumberBuiltinKeywords$_runFeatureFile_closure1.doCall(CucumberBuiltinKeywords.groovy:106)
	at com.kms.katalon.core.cucumber.keyword.CucumberBuiltinKeywords$_runFeatureFile_closure1.doCall(CucumberBuiltinKeywords.groovy)
	at com.kms.katalon.core.keyword.internal.KeywordMain.runKeyword(KeywordMain.groovy:68)
	at com.kms.katalon.core.keyword.internal.KeywordMain$runKeyword.call(Unknown Source)
	at com.kms.katalon.core.cucumber.keyword.CucumberBuiltinKeywords.runFeatureFile(CucumberBuiltinKeywords.groovy:73)
	at com.kms.katalon.core.cucumber.keyword.CucumberBuiltinKeywords$runFeatureFile$0.callStatic(Unknown Source)
	at com.kms.katalon.core.cucumber.keyword.CucumberBuiltinKeywords.runFeatureFile(CucumberBuiltinKeywords.groovy:246)
	at com.kms.katalon.core.cucumber.keyword.CucumberBuiltinKeywords$runFeatureFile.call(Unknown Source)
	at VKN-Elektronik-Hal Komisyoncu.run(VKN-Elektronik-Hal Komisyoncu:19)
	at com.kms.katalon.core.main.ScriptEngine.run(ScriptEngine.java:194)
	at com.kms.katalon.core.main.ScriptEngine.runScriptAsRawText(ScriptEngine.java:119)
	at com.kms.katalon.core.main.TestCaseExecutor.runScript(TestCaseExecutor.java:369)
	at com.kms.katalon.core.main.TestCaseExecutor.doExecute(TestCaseExecutor.java:360)
	at com.kms.katalon.core.main.TestCaseExecutor.processExecutionPhase(TestCaseExecutor.java:339)
	at com.kms.katalon.core.main.TestCaseExecutor.accessMainPhase(TestCaseExecutor.java:331)
	at com.kms.katalon.core.main.TestCaseExecutor.execute(TestCaseExecutor.java:248)
	at com.kms.katalon.core.main.TestSuiteExecutor.accessTestCaseMainPhase(TestSuiteExecutor.java:191)
	at com.kms.katalon.core.main.TestSuiteExecutor.accessTestSuiteMainPhase(TestSuiteExecutor.java:140)
	at com.kms.katalon.core.main.TestSuiteExecutor.execute(TestSuiteExecutor.java:89)
	at com.kms.katalon.core.main.TestCaseMain.startTestSuite(TestCaseMain.java:181)
	at com.kms.katalon.core.main.TestCaseMain$startTestSuite$0.call(Unknown Source)
	at TempTestSuite1637225344330.run(TempTestSuite1637225344330.groovy:39)
)

2021-11-18 11:57:38 - [TEST_STEP][PASSED] - Method.TextDegerineEsitElementVarMi(findTestObject("Object Repository/Tablo/DurumBilgisiArsiv"), "Başarılı"): Method.TextDegerineEsitElementVarMi is PASSED

2021-11-18 11:57:38 - [MESSAGE][INFO] - Finding Test Object 'Object Repository/Tablo/DurumBilgisiArsiv'

2021-11-18 11:57:38 - [MESSAGE][INFO] - Checking timeout

2021-11-18 11:57:38 - [MESSAGE][INFO] - Finding web element with id: 'Object Repository/Tablo/DurumBilgisiArsiv' located by 'By.xpath: //*[@id = 'GridViewEArchiveInvoices_tccell0_9']' in '10' second(s)

2021-11-18 11:57:38 - [MESSAGE][INFO] - Smart Wait Function is triggered

2021-11-18 11:57:39 - [MESSAGE][INFO] - Found 1 web elements with id: 'Object Repository/Tablo/DurumBilgisiArsiv' located by 'By.xpath: //*[@id = 'GridViewEArchiveInvoices_tccell0_9']' in '10' second(s)

2021-11-18 11:57:39 - [MESSAGE][PASSED] - Method.TextDegerineEsitElementVarMi is PASSED

2021-11-18 11:57:39 - [MESSAGE][PASSED] - Call Test Case 'Test Cases/Tablo/TablodaVeriBasariliMiArsiv' successfully

2021-11-18 11:57:39 - [MESSAGE][INFO] - Checking called Test Case

2021-11-18 11:57:39 - [MESSAGE][INFO] - Starting to call Test Case 'Test Cases/Kullanici_Islemleri/KullaniciIslemlerindenSecimYapilir'

2021-11-18 11:57:39 - [TEST_CASE][PASSED] - Test Cases/Kullanici_Islemleri/KullaniciIslemlerindenSecimYapilir: Test Cases/Kullanici_Islemleri/KullaniciIslemlerindenSecimYapilir

2021-11-18 11:57:39 - [TEST_STEP][PASSED] - waitForElementClickable(findTestObject("Object Repository/Kullanici_Islemleri/KullaniciIslemleri"), 10): Object 'Object Repository/Kullanici_Islemleri/KullaniciIslemleri' is clickable

2021-11-18 11:57:39 - [MESSAGE][INFO] - Finding Test Object 'Object Repository/Kullanici_Islemleri/KullaniciIslemleri'

2021-11-18 11:57:39 - [MESSAGE][INFO] - Checking object

2021-11-18 11:57:39 - [MESSAGE][INFO] - Checking timeout

2021-11-18 11:57:39 - [MESSAGE][INFO] - Finding web element from Test Object's properties

2021-11-18 11:57:39 - [MESSAGE][INFO] - Checking timeout

2021-11-18 11:57:39 - [MESSAGE][INFO] - Finding web element with id: 'Object Repository/Kullanici_Islemleri/KullaniciIslemleri' located by 'By.cssSelector: .dropdown>a>img' in '10' second(s)

2021-11-18 11:57:39 - [MESSAGE][INFO] - Smart Wait Function is triggered

2021-11-18 11:57:40 - [MESSAGE][INFO] - Found 1 web elements with id: 'Object Repository/Kullanici_Islemleri/KullaniciIslemleri' located by 'By.cssSelector: .dropdown>a>img' in '10' second(s)

2021-11-18 11:57:40 - [MESSAGE][PASSED] - Object 'Object Repository/Kullanici_Islemleri/KullaniciIslemleri' is clickable

2021-11-18 11:57:40 - [TEST_STEP][PASSED] - click(findTestObject("Object Repository/Kullanici_Islemleri/KullaniciIslemleri")): Object: 'Object Repository/Kullanici_Islemleri/KullaniciIslemleri' is clicked on

2021-11-18 11:57:40 - [MESSAGE][INFO] - Finding Test Object 'Object Repository/Kullanici_Islemleri/KullaniciIslemleri'

2021-11-18 11:57:40 - [MESSAGE][INFO] - Checking object

2021-11-18 11:57:40 - [MESSAGE][INFO] - Finding web element from Test Object's properties

2021-11-18 11:57:40 - [MESSAGE][INFO] - Checking timeout

2021-11-18 11:57:40 - [MESSAGE][INFO] - Finding web element with id: 'Object Repository/Kullanici_Islemleri/KullaniciIslemleri' located by 'By.cssSelector: .dropdown>a>img' in '30' second(s)

2021-11-18 11:57:40 - [MESSAGE][INFO] - Smart Wait Function is triggered

2021-11-18 11:57:40 - [MESSAGE][INFO] - Found 1 web elements with id: 'Object Repository/Kullanici_Islemleri/KullaniciIslemleri' located by 'By.cssSelector: .dropdown>a>img' in '30' second(s)

2021-11-18 11:57:40 - [MESSAGE][INFO] - Clicking on object: 'Object Repository/Kullanici_Islemleri/KullaniciIslemleri'

2021-11-18 11:57:40 - [MESSAGE][PASSED] - Object: 'Object Repository/Kullanici_Islemleri/KullaniciIslemleri' is clicked on

2021-11-18 11:57:40 - [TEST_STEP][PASSED] - Method.TextDegerineEsitElementeTikla(findTestObject("Object Repository/Kullanici_Islemleri/Secenekler"), Islem): Method.TextDegerineEsitElementeTikla is PASSED

2021-11-18 11:57:40 - [MESSAGE][INFO] - Finding Test Object 'Object Repository/Kullanici_Islemleri/Secenekler'

2021-11-18 11:57:40 - [MESSAGE][INFO] - Checking timeout

2021-11-18 11:57:40 - [MESSAGE][INFO] - Finding web element with id: 'Object Repository/Kullanici_Islemleri/Secenekler' located by 'By.cssSelector: .nav.navbar-nav.navbar-right li a' in '10' second(s)

2021-11-18 11:57:40 - [MESSAGE][INFO] - Smart Wait Function is triggered

2021-11-18 11:57:40 - [MESSAGE][INFO] - Found 22 web elements with id: 'Object Repository/Kullanici_Islemleri/Secenekler' located by 'By.cssSelector: .nav.navbar-nav.navbar-right li a' in '10' second(s)

2021-11-18 11:57:42 - [MESSAGE][PASSED] - Method.TextDegerineEsitElementeTikla is PASSED

2021-11-18 11:57:42 - [TEST_STEP][PASSED] - verifyElementNotPresent(findTestObject("Object Repository/Kullanici_Islemleri/Secenekler"), 10): Web element with id: 'Object Repository/Kullanici_Islemleri/Secenekler' located by 'By.cssSelector: .nav.navbar-nav.navbar-right li a' is not present after '10' second(s)

2021-11-18 11:57:42 - [MESSAGE][INFO] - Finding Test Object 'Object Repository/Kullanici_Islemleri/Secenekler'

2021-11-18 11:57:42 - [MESSAGE][INFO] - Checking object

2021-11-18 11:57:42 - [MESSAGE][INFO] - Checking timeout

2021-11-18 11:57:42 - [MESSAGE][INFO] - Finding web element with id: 'Object Repository/Kullanici_Islemleri/Secenekler' located by 'By.cssSelector: .nav.navbar-nav.navbar-right li a' in '10' second(s)

2021-11-18 11:57:42 - [MESSAGE][INFO] - Smart Wait Function is triggered

2021-11-18 11:57:42 - [MESSAGE][PASSED] - Web element with id: 'Object Repository/Kullanici_Islemleri/Secenekler' located by 'By.cssSelector: .nav.navbar-nav.navbar-right li a' is not present after '10' second(s)

2021-11-18 11:57:42 - [MESSAGE][PASSED] - Call Test Case 'Test Cases/Kullanici_Islemleri/KullaniciIslemlerindenSecimYapilir' successfully

2021-11-18 11:57:42 - [TEST_CASE][PASSED] - Start Test Case : SCENARIO Gonderim tipi Kagit ve Hal Komisyoncu tipinde e-Arsiv faturasi olusturulmasi: SCENARIO Gonderim tipi Kagit ve Hal Komisyoncu tipinde e-Arsiv faturasi olusturulmasi

2021-11-18 11:57:42 - [TEST_STEP][PASSED] - Kullanıcı adı HALKOMIS ve Şifre test1234 olarak giriş yapılır: Kullanıcı adı HALKOMIS ve Şifre test1234 olarak giriş yapılır

2021-11-18 11:57:42 - [MESSAGE][PASSED] - Kullanıcı adı HALKOMIS ve Şifre test1234 olarak giriş yapılır

2021-11-18 11:57:42 - [TEST_STEP][PASSED] - Ana menüden e-Arşiv seçilir: Ana menüden e-Arşiv seçilir

2021-11-18 11:57:42 - [MESSAGE][PASSED] - Ana menüden e-Arşiv seçilir

2021-11-18 11:57:42 - [TEST_STEP][PASSED] - Alt menü e-Arşiv Araçları başlığı altındaki e-Arşiv Fatura Oluşturma seçilir: Alt menü e-Arşiv Araçları başlığı altındaki e-Arşiv Fatura Oluşturma seçilir

2021-11-18 11:57:42 - [MESSAGE][PASSED] - Alt menü e-Arşiv Araçları başlığı altındaki e-Arşiv Fatura Oluşturma seçilir

2021-11-18 11:57:42 - [TEST_STEP][PASSED] - Tablodaki tüm veriler silinir: Tablodaki tüm veriler silinir

2021-11-18 11:57:42 - [MESSAGE][PASSED] - Tablodaki tüm veriler silinir

2021-11-18 11:57:42 - [TEST_STEP][PASSED] - Butonlardan Ekle isimli butona tıklanır: Butonlardan Ekle isimli butona tıklanır

2021-11-18 11:57:42 - [MESSAGE][PASSED] - Butonlardan Ekle isimli butona tıklanır

2021-11-18 11:57:42 - [TEST_STEP][PASSED] - Görsel tasarım sayfasının e-Arşiv Fatura Bilgileri başlığını içerdiği kontrol edilir: Görsel tasarım sayfasının e-Arşiv Fatura Bilgileri başlığını içerdiği kontrol edilir

2021-11-18 11:57:42 - [MESSAGE][PASSED] - Görsel tasarım sayfasının e-Arşiv Fatura Bilgileri başlığını içerdiği kontrol edilir

2021-11-18 11:57:42 - [TEST_STEP][PASSED] - Alıcı adı alanına UC0001 girilir: Alıcı adı alanına UC0001 girilir

2021-11-18 11:57:42 - [MESSAGE][PASSED] - Alıcı adı alanına UC0001 girilir

2021-11-18 11:57:42 - [TEST_STEP][PASSED] - Gönderim Şekli Elektronik olarak seçilir: Gönderim Şekli Elektronik olarak seçilir

2021-11-18 11:57:42 - [MESSAGE][PASSED] - Gönderim Şekli Elektronik olarak seçilir

2021-11-18 11:57:42 - [TEST_STEP][PASSED] - Tip alanından Hal Komisyoncu seçilir: Tip alanından Hal Komisyoncu seçilir

2021-11-18 11:57:42 - [MESSAGE][PASSED] - Tip alanından Hal Komisyoncu seçilir

2021-11-18 11:57:42 - [TEST_STEP][PASSED] - Döküman Para Birimi alanından Türk Lirası seçilir: Döküman Para Birimi alanından Türk Lirası seçilir

2021-11-18 11:57:42 - [MESSAGE][PASSED] - Döküman Para Birimi alanından Türk Lirası seçilir

2021-11-18 11:57:42 - [TEST_STEP][PASSED] - Ön Ek FGX olarak seçilir: Ön Ek FGX olarak seçilir

2021-11-18 11:57:42 - [MESSAGE][PASSED] - Ön Ek FGX olarak seçilir

2021-11-18 11:57:42 - [TEST_STEP][PASSED] - Tasarım alanından Otomasyon seçilir: Tasarım alanından Otomasyon seçilir

2021-11-18 11:57:42 - [MESSAGE][PASSED] - Tasarım alanından Otomasyon seçilir

2021-11-18 11:57:42 - [TEST_STEP][PASSED] - Sipariş bilgileri UUC-SAT-1200001 ve 30.04.2020 olarak girilir: Sipariş bilgileri UUC-SAT-1200001 ve 30.04.2020 olarak girilir

2021-11-18 11:57:42 - [MESSAGE][PASSED] - Sipariş bilgileri UUC-SAT-1200001 ve 30.04.2020 olarak girilir

2021-11-18 11:57:42 - [TEST_STEP][PASSED] - İrsaliye Bilgileri AAAAAAAAAA,31.04.2020 olarak girilir: İrsaliye Bilgileri AAAAAAAAAA,31.04.2020 olarak girilir

2021-11-18 11:57:42 - [MESSAGE][PASSED] - İrsaliye Bilgileri AAAAAAAAAA,31.04.2020 olarak girilir

2021-11-18 11:57:42 - [TEST_STEP][PASSED] - Ekle butonuna basılır: Ekle butonuna basılır

2021-11-18 11:57:42 - [MESSAGE][PASSED] - Ekle butonuna basılır

2021-11-18 11:57:42 - [TEST_STEP][PASSED] - Ürün ekleme alanında Mal/Hizmet başlığına Otomasyon girilir: Ürün ekleme alanında Mal/Hizmet başlığına Otomasyon girilir

2021-11-18 11:57:42 - [MESSAGE][PASSED] - Ürün ekleme alanında Mal/Hizmet başlığına Otomasyon girilir

2021-11-18 11:57:42 - [TEST_STEP][PASSED] - Ürün ekleme alanında Açıklaması başlığına Virgosol girilir: Ürün ekleme alanında Açıklaması başlığına Virgosol girilir

2021-11-18 11:57:42 - [MESSAGE][PASSED] - Ürün ekleme alanında Açıklaması başlığına Virgosol girilir

2021-11-18 11:57:42 - [TEST_STEP][PASSED] - Ürün ekleme alanında Künye Numarası başlığına 1234567890123456789 girilir: Ürün ekleme alanında Künye Numarası başlığına 1234567890123456789 girilir

2021-11-18 11:57:42 - [MESSAGE][PASSED] - Ürün ekleme alanında Künye Numarası başlığına 1234567890123456789 girilir

2021-11-18 11:57:42 - [TEST_STEP][PASSED] - Ürün ekleme alanında Miktarı başlığına 400 girilir: Ürün ekleme alanında Miktarı başlığına 400 girilir

2021-11-18 11:57:42 - [MESSAGE][PASSED] - Ürün ekleme alanında Miktarı başlığına 400 girilir

2021-11-18 11:57:42 - [TEST_STEP][PASSED] - Ürün ekleme alanında Birim Fiyat başlığına 100 girilir: Ürün ekleme alanında Birim Fiyat başlığına 100 girilir

2021-11-18 11:57:42 - [MESSAGE][PASSED] - Ürün ekleme alanında Birim Fiyat başlığına 100 girilir

2021-11-18 11:57:42 - [TEST_STEP][PASSED] - Masraf Bilgileri Ekle butonuna basılır: Masraf Bilgileri Ekle butonuna basılır

2021-11-18 11:57:42 - [MESSAGE][PASSED] - Masraf Bilgileri Ekle butonuna basılır

2021-11-18 11:57:42 - [TEST_STEP][PASSED] - Masraf Bilgileri alanında Masraf Türü başlığına Komisyon girilir: Masraf Bilgileri alanında Masraf Türü başlığına Komisyon girilir

2021-11-18 11:57:42 - [MESSAGE][PASSED] - Masraf Bilgileri alanında Masraf Türü başlığına Komisyon girilir

2021-11-18 11:57:42 - [TEST_STEP][PASSED] - Masraf Bilgileri alanında Masraf Oranı % başlığına 10 girilir: Masraf Bilgileri alanında Masraf Oranı % başlığına 10 girilir

2021-11-18 11:57:42 - [MESSAGE][PASSED] - Masraf Bilgileri alanında Masraf Oranı % başlığına 10 girilir

2021-11-18 11:57:42 - [TEST_STEP][PASSED] - Notlar alanına Otomasyon Not girilir: Notlar alanına Otomasyon Not girilir

2021-11-18 11:57:42 - [MESSAGE][PASSED] - Notlar alanına Otomasyon Not girilir

2021-11-18 11:57:42 - [TEST_STEP][PASSED] - Ettn bilgisi kayıt edilir: Ettn bilgisi kayıt edilir

2021-11-18 11:57:42 - [MESSAGE][PASSED] - Ettn bilgisi kayıt edilir

2021-11-18 11:57:42 - [TEST_STEP][PASSED] - Kaydet butonu seçilir: Kaydet butonu seçilir

2021-11-18 11:57:42 - [MESSAGE][PASSED] - Kaydet butonu seçilir

2021-11-18 11:57:42 - [TEST_STEP][PASSED] - Tabloda Ettn bilgisi kaydedilen veri oluşturuldu mu: Tabloda Ettn bilgisi kaydedilen veri oluşturuldu mu

2021-11-18 11:57:42 - [MESSAGE][PASSED] - Tabloda Ettn bilgisi kaydedilen veri oluşturuldu mu

2021-11-18 11:57:42 - [TEST_STEP][PASSED] - Tablodan Ettn bilgisi kaydedilen veri seçilir: Tablodan Ettn bilgisi kaydedilen veri seçilir

2021-11-18 11:57:42 - [MESSAGE][PASSED] - Tablodan Ettn bilgisi kaydedilen veri seçilir

2021-11-18 11:57:42 - [TEST_STEP][PASSED] - Butonlardan Numara Oluştur isimli butona tıklanır: Butonlardan Numara Oluştur isimli butona tıklanır

2021-11-18 11:57:42 - [MESSAGE][PASSED] - Butonlardan Numara Oluştur isimli butona tıklanır

2021-11-18 11:57:42 - [TEST_STEP][PASSED] - Popup mesajı Devam etmek istiyor musunuz içeriyor mu: Popup mesajı Devam etmek istiyor musunuz içeriyor mu

2021-11-18 11:57:42 - [MESSAGE][PASSED] - Popup mesajı Devam etmek istiyor musunuz içeriyor mu

2021-11-18 11:57:42 - [TEST_STEP][PASSED] - Yönetim popupında Evet seçilir: Yönetim popupında Evet seçilir

2021-11-18 11:57:42 - [MESSAGE][PASSED] - Yönetim popupında Evet seçilir

2021-11-18 11:57:42 - [TEST_STEP][PASSED] - Popup mesajı oluşmuştur içeriyor mu: Popup mesajı oluşmuştur içeriyor mu

2021-11-18 11:57:42 - [MESSAGE][PASSED] - Popup mesajı oluşmuştur içeriyor mu

2021-11-18 11:57:42 - [TEST_STEP][PASSED] - Yönetim popupında Tamam seçilir: Yönetim popupında Tamam seçilir

2021-11-18 11:57:42 - [MESSAGE][PASSED] - Yönetim popupında Tamam seçilir

2021-11-18 11:57:42 - [TEST_STEP][PASSED] - Tablodan Ettn bilgisi kaydedilen veri seçilir: Tablodan Ettn bilgisi kaydedilen veri seçilir

2021-11-18 11:57:42 - [MESSAGE][PASSED] - Tablodan Ettn bilgisi kaydedilen veri seçilir

2021-11-18 11:57:42 - [TEST_STEP][PASSED] - Butonlardan Gönder isimli butona tıklanır: Butonlardan Gönder isimli butona tıklanır

2021-11-18 11:57:42 - [MESSAGE][PASSED] - Butonlardan Gönder isimli butona tıklanır

2021-11-18 11:57:42 - [TEST_STEP][PASSED] - Popup mesajı Devam etmek istiyor musunuz içeriyor mu: Popup mesajı Devam etmek istiyor musunuz içeriyor mu

2021-11-18 11:57:42 - [MESSAGE][PASSED] - Popup mesajı Devam etmek istiyor musunuz içeriyor mu

2021-11-18 11:57:42 - [TEST_STEP][PASSED] - Yönetim popupında Evet seçilir: Yönetim popupında Evet seçilir

2021-11-18 11:57:42 - [MESSAGE][PASSED] - Yönetim popupında Evet seçilir

2021-11-18 11:57:42 - [TEST_STEP][PASSED] - Ana menüden e-Arşiv seçilir: Ana menüden e-Arşiv seçilir

2021-11-18 11:57:42 - [MESSAGE][PASSED] - Ana menüden e-Arşiv seçilir

2021-11-18 11:57:42 - [TEST_STEP][PASSED] - Alt menü e-Arşiv Hareketleri başlığı altındaki e-Arşiv Faturaları seçilir: Alt menü e-Arşiv Hareketleri başlığı altındaki e-Arşiv Faturaları seçilir

2021-11-18 11:57:42 - [MESSAGE][PASSED] - Alt menü e-Arşiv Hareketleri başlığı altındaki e-Arşiv Faturaları seçilir

2021-11-18 11:57:42 - [TEST_STEP][PASSED] - Filtrelerden Ettn filtresine Ettn bilgisi yaz: Filtrelerden Ettn filtresine Ettn bilgisi yaz

2021-11-18 11:57:42 - [MESSAGE][PASSED] - Filtrelerden Ettn filtresine Ettn bilgisi yaz

2021-11-18 11:57:42 - [TEST_STEP][PASSED] - Filtre butonlarından Listele seçilir: Filtre butonlarından Listele seçilir

2021-11-18 11:57:42 - [MESSAGE][PASSED] - Filtre butonlarından Listele seçilir

2021-11-18 11:57:42 - [TEST_STEP][PASSED] - Tabloda veri var mı kontrol edilir: Tabloda veri var mı kontrol edilir

2021-11-18 11:57:42 - [MESSAGE][PASSED] - Tabloda veri var mı kontrol edilir

2021-11-18 11:57:42 - [TEST_STEP][PASSED] - Tabloda yeni oluşturulan eArsiv verisi başarılı mı: Tabloda yeni oluşturulan eArsiv verisi başarılı mı

2021-11-18 11:57:42 - [MESSAGE][PASSED] - Tabloda yeni oluşturulan eArsiv verisi başarılı mı

2021-11-18 11:57:42 - [TEST_STEP][PASSED] - Kullanıcı işlemlerinden Çıkış seçilir: Kullanıcı işlemlerinden Çıkış seçilir

2021-11-18 11:57:42 - [MESSAGE][PASSED] - Kullanıcı işlemlerinden Çıkış seçilir

2021-11-18 11:57:43 - [MESSAGE][PASSED] - Feature file: 'Include/features/Regresyon/e-Arsiv/VKN-Elektronik-Hal Komisyoncu.feature' was passed

2021-11-18 11:57:43 - [TEST_STEP][PASSED] - Start listener action : sampleAfterTestSuite: Invoke 'com.kms.katalon.core.annotation.AfterTestCase' method: 'Listener.sampleAfterTestSuite(...)' completed.

2021-11-18 11:57:43 - [MESSAGE][INFO] - Starting invoke 'com.kms.katalon.core.annotation.AfterTestCase' method: 'Listener.sampleAfterTestSuite(...)'

2021-11-18 11:57:43 - [TEST_STEP][PASSED] - closeBrowser(): Invoke 'com.kms.katalon.core.annotation.AfterTestCase' method: 'Listener.sampleAfterTestSuite(...)' completed.

2021-11-18 11:57:43 - [MESSAGE][INFO] - Closing browser

2021-11-18 11:57:43 - [MESSAGE][PASSED] - Browser is closed

2021-11-18 11:57:43 - [MESSAGE][INFO] - Invoke 'com.kms.katalon.core.annotation.AfterTestCase' method: 'Listener.sampleAfterTestSuite(...)' completed.]]></system-out>
         <system-err><![CDATA[]]></system-err>
      </testcase>
      <testcase name="Test Cases/Case Repository/Regresyon/e-Arsiv/VKN-Elektronik-Hal Satis" time="111.239" classname="Test Cases/Case Repository/Regresyon/e-Arsiv/VKN-Elektronik-Hal Satis" status="PASSED">
         <system-out><![CDATA[2021-11-18 11:57:43 - [TEST_CASE][PASSED] - Test Cases/Case Repository/Regresyon/e-Arsiv/VKN-Elektronik-Hal Satis: Test Cases/Case Repository/Regresyon/e-Arsiv/VKN-Elektronik-Hal Satis

2021-11-18 11:57:43 - [TEST_STEP][PASSED] - Start listener action : sampleBeforeTestSuite: Invoke 'com.kms.katalon.core.annotation.BeforeTestCase' method: 'Listener.sampleBeforeTestSuite(...)' completed.

2021-11-18 11:57:43 - [MESSAGE][INFO] - Starting invoke 'com.kms.katalon.core.annotation.BeforeTestCase' method: 'Listener.sampleBeforeTestSuite(...)'

2021-11-18 11:57:43 - [TEST_STEP][PASSED] - openBrowser(baseUrl): Browser is opened with url: 'https://efatura-stage.elogo.com.tr/'

2021-11-18 11:57:43 - [MESSAGE][INFO] - Opening browser

2021-11-18 11:57:43 - [MESSAGE][INFO] - Starting 'Chrome' driver

2021-11-18 11:57:43 - [MESSAGE][INFO] - User set preference: ['prefs', '{download.default_directory=C:\otomasyondownfiles}']

2021-11-18 11:57:43 - [MESSAGE][INFO] - Action delay is set to 0 milliseconds

2021-11-18 11:57:45 - [MESSAGE][INFO] - Navigating browser to: 'https://efatura-stage.elogo.com.tr/'

2021-11-18 11:57:49 - [MESSAGE][PASSED] - Browser is opened with url: 'https://efatura-stage.elogo.com.tr/'

2021-11-18 11:57:49 - [TEST_STEP][PASSED] - maximizeWindow(): Invoke 'com.kms.katalon.core.annotation.BeforeTestCase' method: 'Listener.sampleBeforeTestSuite(...)' completed.

2021-11-18 11:57:49 - [MESSAGE][INFO] - Maximizing current window

2021-11-18 11:57:49 - [MESSAGE][PASSED] - Current window maximized

2021-11-18 11:57:49 - [MESSAGE][INFO] - Invoke 'com.kms.katalon.core.annotation.BeforeTestCase' method: 'Listener.sampleBeforeTestSuite(...)' completed.

2021-11-18 11:57:50 - [TEST_STEP][PASSED] - runFeatureFile("Include/features/Regresyon/e-Arsiv/VKN-Elektronik-Hal Satis.feature"): Feature file: 'Include/features/Regresyon/e-Arsiv/VKN-Elektronik-Hal Satis.feature' was passed

2021-11-18 11:57:50 - [MESSAGE][INFO] - Starting run keyword runFeatureFile: 'Include/features/Regresyon/e-Arsiv/VKN-Elektronik-Hal Satis.feature' and extract report to folder: 'C:\Users\DELL\Documents\GitHub\EES_KatalonLogo\Reports\20211118_114904\Suite Repository\Regresyon-eArsiv-eMakbuz\20211118_114904/cucumber_report/1637225870183'...

2021-11-18 11:57:50 - [MESSAGE][INFO] - Glue: []

2021-11-18 11:57:51 - [MESSAGE][INFO] - Checking called Test Case

2021-11-18 11:57:51 - [MESSAGE][INFO] - Starting to call Test Case 'Test Cases/Sayfalar/Giris_Sayfasi/Login'

2021-11-18 11:57:51 - [TEST_CASE][PASSED] - Test Cases/Sayfalar/Giris_Sayfasi/Login: Test Cases/Sayfalar/Giris_Sayfasi/Login

2021-11-18 11:57:51 - [TEST_STEP][PASSED] - Sayfa_Basligi = getWindowTitle(): Current window's title is: 'LOGO e-Fatura'

2021-11-18 11:57:51 - [MESSAGE][INFO] - Getting current window's title

2021-11-18 11:57:51 - [MESSAGE][PASSED] - Current window's title is: 'LOGO e-Fatura'

2021-11-18 11:57:51 - [TEST_STEP][PASSED] - verifyMatch(Sayfa_Basligi, "LOGO e-Fatura", false): Actual text 'LOGO e-Fatura' and expected text 'LOGO e-Fatura' are matched 

2021-11-18 11:57:51 - [MESSAGE][INFO] - Matching actual text 'LOGO e-Fatura' with expected text 'LOGO e-Fatura'

2021-11-18 11:57:51 - [MESSAGE][PASSED] - Actual text 'LOGO e-Fatura' and expected text 'LOGO e-Fatura' are matched 

2021-11-18 11:57:51 - [TEST_STEP][PASSED] - sendKeys(findTestObject("Sayfalar/Giris_Sayfasi/Firma_Kodu"), KullaniciAdi): Keys 'HALSATIS' sent to object: 'Object Repository/Sayfalar/Giris_Sayfasi/Firma_Kodu'

2021-11-18 11:57:51 - [MESSAGE][INFO] - Finding Test Object 'Object Repository/Sayfalar/Giris_Sayfasi/Firma_Kodu'

2021-11-18 11:57:51 - [MESSAGE][INFO] - Sending keys 'HALSATIS' to object: 'Object Repository/Sayfalar/Giris_Sayfasi/Firma_Kodu'

2021-11-18 11:57:51 - [MESSAGE][INFO] - Finding web element from Test Object's properties

2021-11-18 11:57:51 - [MESSAGE][INFO] - Checking timeout

2021-11-18 11:57:51 - [MESSAGE][INFO] - Finding web element with id: 'Object Repository/Sayfalar/Giris_Sayfasi/Firma_Kodu' located by 'By.xpath: //*[@id = 'AccountName']' in '30' second(s)

2021-11-18 11:57:51 - [MESSAGE][INFO] - Smart Wait Function is triggered

2021-11-18 11:57:51 - [MESSAGE][INFO] - Found 1 web elements with id: 'Object Repository/Sayfalar/Giris_Sayfasi/Firma_Kodu' located by 'By.xpath: //*[@id = 'AccountName']' in '30' second(s)

2021-11-18 11:57:51 - [MESSAGE][PASSED] - Keys 'HALSATIS' sent to object: 'Object Repository/Sayfalar/Giris_Sayfasi/Firma_Kodu'

2021-11-18 11:57:51 - [TEST_STEP][PASSED] - sendKeys(findTestObject("Sayfalar/Giris_Sayfasi/Sifre"), Sifre): Keys 'test1234' sent to object: 'Object Repository/Sayfalar/Giris_Sayfasi/Sifre'

2021-11-18 11:57:51 - [MESSAGE][INFO] - Finding Test Object 'Object Repository/Sayfalar/Giris_Sayfasi/Sifre'

2021-11-18 11:57:51 - [MESSAGE][INFO] - Sending keys 'test1234' to object: 'Object Repository/Sayfalar/Giris_Sayfasi/Sifre'

2021-11-18 11:57:51 - [MESSAGE][INFO] - Finding web element from Test Object's properties

2021-11-18 11:57:51 - [MESSAGE][INFO] - Checking timeout

2021-11-18 11:57:51 - [MESSAGE][INFO] - Finding web element with id: 'Object Repository/Sayfalar/Giris_Sayfasi/Sifre' located by 'By.xpath: //*[@id = 'Password']' in '30' second(s)

2021-11-18 11:57:51 - [MESSAGE][INFO] - Smart Wait Function is triggered

2021-11-18 11:57:52 - [MESSAGE][INFO] - Found 1 web elements with id: 'Object Repository/Sayfalar/Giris_Sayfasi/Sifre' located by 'By.xpath: //*[@id = 'Password']' in '30' second(s)

2021-11-18 11:57:52 - [MESSAGE][PASSED] - Keys 'test1234' sent to object: 'Object Repository/Sayfalar/Giris_Sayfasi/Sifre'

2021-11-18 11:57:52 - [TEST_STEP][PASSED] - findWebElement(findTestObject("Sayfalar/Giris_Sayfasi/Giris_Butonu")).click(): Found 1 web elements with id: 'Object Repository/Sayfalar/Giris_Sayfasi/Giris_Butonu' located by 'By.cssSelector: #btnLogin' in '30' second(s)

2021-11-18 11:57:52 - [MESSAGE][INFO] - Finding Test Object 'Object Repository/Sayfalar/Giris_Sayfasi/Giris_Butonu'

2021-11-18 11:57:52 - [MESSAGE][INFO] - Finding web element from Test Object's properties

2021-11-18 11:57:52 - [MESSAGE][INFO] - Checking timeout

2021-11-18 11:57:52 - [MESSAGE][INFO] - Finding web element with id: 'Object Repository/Sayfalar/Giris_Sayfasi/Giris_Butonu' located by 'By.cssSelector: #btnLogin' in '30' second(s)

2021-11-18 11:57:52 - [MESSAGE][INFO] - Smart Wait Function is triggered

2021-11-18 11:57:52 - [MESSAGE][INFO] - Found 1 web elements with id: 'Object Repository/Sayfalar/Giris_Sayfasi/Giris_Butonu' located by 'By.cssSelector: #btnLogin' in '30' second(s)

2021-11-18 11:57:54 - [TEST_STEP][PASSED] - if (verifyElementPresent(findTestObject("Object Repository/Sayfalar/Giris_Sayfasi/RetveTamam_Butonu"), 5, OPTIONAL)): null

2021-11-18 11:57:54 - [MESSAGE][INFO] - Finding Test Object 'Object Repository/Sayfalar/Giris_Sayfasi/RetveTamam_Butonu'

2021-11-18 11:57:54 - [MESSAGE][INFO] - Checking object

2021-11-18 11:57:54 - [MESSAGE][INFO] - Finding web element from Test Object's properties

2021-11-18 11:57:54 - [MESSAGE][INFO] - Checking timeout

2021-11-18 11:57:54 - [MESSAGE][INFO] - Finding web element with id: 'Object Repository/Sayfalar/Giris_Sayfasi/RetveTamam_Butonu' located by 'By.xpath: //*[@class = 'btn btn-default']' in '5' second(s)

2021-11-18 11:57:54 - [MESSAGE][INFO] - Smart Wait Function is triggered

2021-11-18 11:57:54 - [MESSAGE][INFO] - Found 1 web elements with id: 'Object Repository/Sayfalar/Giris_Sayfasi/RetveTamam_Butonu' located by 'By.xpath: //*[@class = 'btn btn-default']' in '5' second(s)

2021-11-18 11:57:54 - [MESSAGE][PASSED] - Object 'Object Repository/Sayfalar/Giris_Sayfasi/RetveTamam_Butonu' is present

2021-11-18 11:57:54 - [TEST_STEP][PASSED] - click(findTestObject("Object Repository/Sayfalar/Giris_Sayfasi/RetveTamam_Butonu")): Object: 'Object Repository/Sayfalar/Giris_Sayfasi/RetveTamam_Butonu' is clicked on

2021-11-18 11:57:54 - [MESSAGE][INFO] - Finding Test Object 'Object Repository/Sayfalar/Giris_Sayfasi/RetveTamam_Butonu'

2021-11-18 11:57:55 - [MESSAGE][INFO] - Checking object

2021-11-18 11:57:55 - [MESSAGE][INFO] - Finding web element from Test Object's properties

2021-11-18 11:57:55 - [MESSAGE][INFO] - Checking timeout

2021-11-18 11:57:55 - [MESSAGE][INFO] - Finding web element with id: 'Object Repository/Sayfalar/Giris_Sayfasi/RetveTamam_Butonu' located by 'By.xpath: //*[@class = 'btn btn-default']' in '30' second(s)

2021-11-18 11:57:55 - [MESSAGE][INFO] - Smart Wait Function is triggered

2021-11-18 11:57:55 - [MESSAGE][INFO] - Found 1 web elements with id: 'Object Repository/Sayfalar/Giris_Sayfasi/RetveTamam_Butonu' located by 'By.xpath: //*[@class = 'btn btn-default']' in '30' second(s)

2021-11-18 11:57:55 - [MESSAGE][INFO] - Clicking on object: 'Object Repository/Sayfalar/Giris_Sayfasi/RetveTamam_Butonu'

2021-11-18 11:57:55 - [MESSAGE][PASSED] - Object: 'Object Repository/Sayfalar/Giris_Sayfasi/RetveTamam_Butonu' is clicked on

2021-11-18 11:57:55 - [TEST_STEP][PASSED] - click(findTestObject("Object Repository/Sayfalar/Giris_Sayfasi/RetveTamam_Butonu")): Object: 'Object Repository/Sayfalar/Giris_Sayfasi/RetveTamam_Butonu' is clicked on

2021-11-18 11:57:55 - [MESSAGE][INFO] - Finding Test Object 'Object Repository/Sayfalar/Giris_Sayfasi/RetveTamam_Butonu'

2021-11-18 11:57:55 - [MESSAGE][INFO] - Checking object

2021-11-18 11:57:55 - [MESSAGE][INFO] - Finding web element from Test Object's properties

2021-11-18 11:57:55 - [MESSAGE][INFO] - Checking timeout

2021-11-18 11:57:55 - [MESSAGE][INFO] - Finding web element with id: 'Object Repository/Sayfalar/Giris_Sayfasi/RetveTamam_Butonu' located by 'By.xpath: //*[@class = 'btn btn-default']' in '30' second(s)

2021-11-18 11:57:55 - [MESSAGE][INFO] - Smart Wait Function is triggered

2021-11-18 11:57:59 - [MESSAGE][INFO] - Found 1 web elements with id: 'Object Repository/Sayfalar/Giris_Sayfasi/RetveTamam_Butonu' located by 'By.xpath: //*[@class = 'btn btn-default']' in '30' second(s)

2021-11-18 11:57:59 - [MESSAGE][INFO] - Clicking on object: 'Object Repository/Sayfalar/Giris_Sayfasi/RetveTamam_Butonu'

2021-11-18 11:57:59 - [MESSAGE][PASSED] - Object: 'Object Repository/Sayfalar/Giris_Sayfasi/RetveTamam_Butonu' is clicked on

2021-11-18 11:57:59 - [TEST_STEP][PASSED] - if (verifyElementPresent(findTestObject("Sayfalar/Giris_Sayfasi/PopupOK"), 5, OPTIONAL)): null

2021-11-18 11:57:59 - [MESSAGE][INFO] - Finding Test Object 'Object Repository/Sayfalar/Giris_Sayfasi/PopupOK'

2021-11-18 11:57:59 - [MESSAGE][INFO] - Checking object

2021-11-18 11:57:59 - [MESSAGE][INFO] - Finding web element from Test Object's properties

2021-11-18 11:57:59 - [MESSAGE][INFO] - Checking timeout

2021-11-18 11:57:59 - [MESSAGE][INFO] - Finding web element with id: 'Object Repository/Sayfalar/Giris_Sayfasi/PopupOK' located by 'By.cssSelector: .btn.btn-success' in '5' second(s)

2021-11-18 11:57:59 - [MESSAGE][INFO] - Smart Wait Function is triggered

2021-11-18 11:58:00 - [MESSAGE][INFO] - Found 1 web elements with id: 'Object Repository/Sayfalar/Giris_Sayfasi/PopupOK' located by 'By.cssSelector: .btn.btn-success' in '5' second(s)

2021-11-18 11:58:00 - [MESSAGE][PASSED] - Object 'Object Repository/Sayfalar/Giris_Sayfasi/PopupOK' is present

2021-11-18 11:58:00 - [TEST_STEP][PASSED] - click(findTestObject("Object Repository/Sayfalar/Giris_Sayfasi/PopupCarpiGiris")): Object: 'Object Repository/Sayfalar/Giris_Sayfasi/PopupCarpiGiris' is clicked on

2021-11-18 11:58:00 - [MESSAGE][INFO] - Finding Test Object 'Object Repository/Sayfalar/Giris_Sayfasi/PopupCarpiGiris'

2021-11-18 11:58:00 - [MESSAGE][INFO] - Checking object

2021-11-18 11:58:00 - [MESSAGE][INFO] - Finding web element from Test Object's properties

2021-11-18 11:58:00 - [MESSAGE][INFO] - Checking timeout

2021-11-18 11:58:00 - [MESSAGE][INFO] - Finding web element with id: 'Object Repository/Sayfalar/Giris_Sayfasi/PopupCarpiGiris' located by 'By.cssSelector: .bootbox-close-button.close' in '30' second(s)

2021-11-18 11:58:00 - [MESSAGE][INFO] - Smart Wait Function is triggered

2021-11-18 11:58:00 - [MESSAGE][INFO] - Found 1 web elements with id: 'Object Repository/Sayfalar/Giris_Sayfasi/PopupCarpiGiris' located by 'By.cssSelector: .bootbox-close-button.close' in '30' second(s)

2021-11-18 11:58:00 - [MESSAGE][INFO] - Clicking on object: 'Object Repository/Sayfalar/Giris_Sayfasi/PopupCarpiGiris'

2021-11-18 11:58:00 - [MESSAGE][PASSED] - Object: 'Object Repository/Sayfalar/Giris_Sayfasi/PopupCarpiGiris' is clicked on

2021-11-18 11:58:00 - [TEST_STEP][PASSED] - verifyElementVisible(findTestObject("Object Repository/Kullanici_Islemleri/KullaniciIslemleri")): Object 'Object Repository/Kullanici_Islemleri/KullaniciIslemleri' is visible

2021-11-18 11:58:00 - [MESSAGE][INFO] - Finding Test Object 'Object Repository/Kullanici_Islemleri/KullaniciIslemleri'

2021-11-18 11:58:01 - [MESSAGE][INFO] - Checking object

2021-11-18 11:58:01 - [MESSAGE][INFO] - Finding web element from Test Object's properties

2021-11-18 11:58:01 - [MESSAGE][INFO] - Checking timeout

2021-11-18 11:58:01 - [MESSAGE][INFO] - Finding web element with id: 'Object Repository/Kullanici_Islemleri/KullaniciIslemleri' located by 'By.cssSelector: .dropdown>a>img' in '30' second(s)

2021-11-18 11:58:01 - [MESSAGE][INFO] - Smart Wait Function is triggered

2021-11-18 11:58:01 - [MESSAGE][INFO] - Found 1 web elements with id: 'Object Repository/Kullanici_Islemleri/KullaniciIslemleri' located by 'By.cssSelector: .dropdown>a>img' in '30' second(s)

2021-11-18 11:58:01 - [MESSAGE][PASSED] - Object 'Object Repository/Kullanici_Islemleri/KullaniciIslemleri' is visible

2021-11-18 11:58:01 - [MESSAGE][PASSED] - Call Test Case 'Test Cases/Sayfalar/Giris_Sayfasi/Login' successfully

2021-11-18 11:58:01 - [MESSAGE][INFO] - Checking called Test Case

2021-11-18 11:58:01 - [MESSAGE][INFO] - Starting to call Test Case 'Test Cases/Menu/AnaMenuSecimi'

2021-11-18 11:58:01 - [TEST_CASE][PASSED] - Test Cases/Menu/AnaMenuSecimi: Test Cases/Menu/AnaMenuSecimi

2021-11-18 11:58:01 - [TEST_STEP][PASSED] - Method.TextDegerineEsitElementeTikla(findTestObject("Menu/Ana_Menu"), Ana_Menu): Method.TextDegerineEsitElementeTikla is PASSED

2021-11-18 11:58:01 - [MESSAGE][INFO] - Finding Test Object 'Object Repository/Menu/Ana_Menu'

2021-11-18 11:58:01 - [MESSAGE][INFO] - Checking timeout

2021-11-18 11:58:01 - [MESSAGE][INFO] - Finding web element with id: 'Object Repository/Menu/Ana_Menu' located by 'By.xpath: //*[@class = 'dropdown-toggle']' in '10' second(s)

2021-11-18 11:58:01 - [MESSAGE][INFO] - Smart Wait Function is triggered

2021-11-18 11:58:02 - [MESSAGE][INFO] - Found 13 web elements with id: 'Object Repository/Menu/Ana_Menu' located by 'By.xpath: //*[@class = 'dropdown-toggle']' in '10' second(s)

2021-11-18 11:58:02 - [MESSAGE][PASSED] - Method.TextDegerineEsitElementeTikla is PASSED

2021-11-18 11:58:02 - [MESSAGE][PASSED] - Call Test Case 'Test Cases/Menu/AnaMenuSecimi' successfully

2021-11-18 11:58:02 - [MESSAGE][INFO] - Checking called Test Case

2021-11-18 11:58:02 - [MESSAGE][INFO] - Starting to call Test Case 'Test Cases/Menu/BasligaGoreAltMenuSecimi'

2021-11-18 11:58:02 - [TEST_CASE][PASSED] - Test Cases/Menu/BasligaGoreAltMenuSecimi: Test Cases/Menu/BasligaGoreAltMenuSecimi

2021-11-18 11:58:02 - [TEST_STEP][PASSED] - Method.TextDegerineEsitElementinAltindakiTextDegerineEsitOlanaTikla(findTestObject("Menu/Menu_Basligi"), findTestObject("Menu/Basliga_Gore_Alt_Menu"), Baslik, Alt_Menu): Method.TextDegerineEsitElementinAltindakiTextDegerineEsitOlanaTikla is PASSED

2021-11-18 11:58:02 - [MESSAGE][INFO] - Finding Test Object 'Object Repository/Menu/Menu_Basligi'

2021-11-18 11:58:02 - [MESSAGE][INFO] - Finding Test Object 'Object Repository/Menu/Basliga_Gore_Alt_Menu'

2021-11-18 11:58:02 - [MESSAGE][INFO] - Checking timeout

2021-11-18 11:58:02 - [MESSAGE][INFO] - Finding web element with id: 'Object Repository/Menu/Menu_Basligi' located by 'By.xpath: //li[@class='dropdown dropdown-large open']//li[@class='dropdown-header']' in '10' second(s)

2021-11-18 11:58:02 - [MESSAGE][INFO] - Smart Wait Function is triggered

2021-11-18 11:58:02 - [MESSAGE][INFO] - Found 2 web elements with id: 'Object Repository/Menu/Menu_Basligi' located by 'By.xpath: //li[@class='dropdown dropdown-large open']//li[@class='dropdown-header']' in '10' second(s)

2021-11-18 11:58:02 - [MESSAGE][INFO] - Smart Wait Function is triggered

2021-11-18 11:58:06 - [MESSAGE][PASSED] - Method.TextDegerineEsitElementinAltindakiTextDegerineEsitOlanaTikla is PASSED

2021-11-18 11:58:06 - [MESSAGE][PASSED] - Call Test Case 'Test Cases/Menu/BasligaGoreAltMenuSecimi' successfully

2021-11-18 11:58:06 - [MESSAGE][INFO] - Checking called Test Case

2021-11-18 11:58:06 - [MESSAGE][INFO] - Starting to call Test Case 'Test Cases/Tablo/Olusturma Tarihi'

2021-11-18 11:58:06 - [TEST_CASE][PASSED] - Test Cases/Tablo/Olusturma Tarihi: Test Cases/Tablo/Olusturma Tarihi

2021-11-18 11:58:06 - [TEST_STEP][PASSED] - if (verifyTextNotPresent("Görüntülenecek veri yok", true, OPTIONAL)): null

2021-11-18 11:58:06 - [MESSAGE][INFO] - Checking text present  using regular expression

2021-11-18 11:58:06 - [MESSAGE][INFO] - Smart Wait Function is triggered

2021-11-18 11:58:07 - [MESSAGE][INFO] - Finding text 'Görüntülenecek veri yok' on page  using regular expression

2021-11-18 11:58:07 - [MESSAGE][PASSED] - Text 'Görüntülenecek veri yok' is not present on page using regular expression

2021-11-18 11:58:07 - [TEST_STEP][PASSED] - click(findTestObject("Temizle/Olusturma_Tarihi_CheckBox")): Object: 'Object Repository/Temizle/Olusturma_Tarihi_CheckBox' is clicked on

2021-11-18 11:58:07 - [MESSAGE][INFO] - Finding Test Object 'Object Repository/Temizle/Olusturma_Tarihi_CheckBox'

2021-11-18 11:58:07 - [MESSAGE][INFO] - Checking object

2021-11-18 11:58:07 - [MESSAGE][INFO] - Finding web element from Test Object's properties

2021-11-18 11:58:07 - [MESSAGE][INFO] - Checking timeout

2021-11-18 11:58:07 - [MESSAGE][INFO] - Finding web element with id: 'Object Repository/Temizle/Olusturma_Tarihi_CheckBox' located by 'By.xpath: //*[@title = 'Bu sayfadaki tüm satırları Seç']' in '30' second(s)

2021-11-18 11:58:07 - [MESSAGE][INFO] - Smart Wait Function is triggered

2021-11-18 11:58:07 - [MESSAGE][INFO] - Found 1 web elements with id: 'Object Repository/Temizle/Olusturma_Tarihi_CheckBox' located by 'By.xpath: //*[@title = 'Bu sayfadaki tüm satırları Seç']' in '30' second(s)

2021-11-18 11:58:07 - [MESSAGE][INFO] - Clicking on object: 'Object Repository/Temizle/Olusturma_Tarihi_CheckBox'

2021-11-18 11:58:07 - [MESSAGE][PASSED] - Object: 'Object Repository/Temizle/Olusturma_Tarihi_CheckBox' is clicked on

2021-11-18 11:58:07 - [TEST_STEP][PASSED] - Method.TextDegerineEsitElementeTiklaEquals(findTestObject("Butonlar/Butonlar"), "Sil"): Method.TextDegerineEsitElementeTiklaEquals is PASSED

2021-11-18 11:58:07 - [MESSAGE][INFO] - Finding Test Object 'Object Repository/Butonlar/Butonlar'

2021-11-18 11:58:07 - [MESSAGE][INFO] - Checking timeout

2021-11-18 11:58:07 - [MESSAGE][INFO] - Finding web element with id: 'Object Repository/Butonlar/Butonlar' located by 'By.cssSelector: .panel.panel-default.text-center.footerPanel .btn,.btn.btn-primary.btnControls' in '10' second(s)

2021-11-18 11:58:07 - [MESSAGE][INFO] - Smart Wait Function is triggered

2021-11-18 11:58:07 - [MESSAGE][INFO] - Found 9 web elements with id: 'Object Repository/Butonlar/Butonlar' located by 'By.cssSelector: .panel.panel-default.text-center.footerPanel .btn,.btn.btn-primary.btnControls' in '10' second(s)

2021-11-18 11:58:08 - [MESSAGE][PASSED] - Method.TextDegerineEsitElementeTiklaEquals is PASSED

2021-11-18 11:58:08 - [TEST_STEP][PASSED] - Method.TextDegerineEsitElementeTikla(findTestObject("Popup/Popup_Butons"), "Evet"): Method.TextDegerineEsitElementeTikla is PASSED

2021-11-18 11:58:08 - [MESSAGE][INFO] - Finding Test Object 'Object Repository/Popup/Popup_Butons'

2021-11-18 11:58:08 - [MESSAGE][INFO] - Checking timeout

2021-11-18 11:58:08 - [MESSAGE][INFO] - Finding web element with id: 'Object Repository/Popup/Popup_Butons' located by 'By.cssSelector: .modal-footer>button' in '10' second(s)

2021-11-18 11:58:08 - [MESSAGE][INFO] - Smart Wait Function is triggered

2021-11-18 11:58:09 - [MESSAGE][INFO] - Found 2 web elements with id: 'Object Repository/Popup/Popup_Butons' located by 'By.cssSelector: .modal-footer>button' in '10' second(s)

2021-11-18 11:58:09 - [MESSAGE][PASSED] - Method.TextDegerineEsitElementeTikla is PASSED

2021-11-18 11:58:09 - [TEST_STEP][PASSED] - Method.TextDegerineEsitElementeTikla(findTestObject("Popup/Popup_Butons"), "Tamam"): Method.TextDegerineEsitElementeTikla is PASSED

2021-11-18 11:58:09 - [MESSAGE][INFO] - Finding Test Object 'Object Repository/Popup/Popup_Butons'

2021-11-18 11:58:09 - [MESSAGE][INFO] - Checking timeout

2021-11-18 11:58:09 - [MESSAGE][INFO] - Finding web element with id: 'Object Repository/Popup/Popup_Butons' located by 'By.cssSelector: .modal-footer>button' in '10' second(s)

2021-11-18 11:58:09 - [MESSAGE][INFO] - Smart Wait Function is triggered

2021-11-18 11:58:10 - [MESSAGE][INFO] - Found 1 web elements with id: 'Object Repository/Popup/Popup_Butons' located by 'By.cssSelector: .modal-footer>button' in '10' second(s)

2021-11-18 11:58:10 - [MESSAGE][PASSED] - Method.TextDegerineEsitElementeTikla is PASSED

2021-11-18 11:58:10 - [MESSAGE][PASSED] - Call Test Case 'Test Cases/Tablo/Olusturma Tarihi' successfully

2021-11-18 11:58:10 - [MESSAGE][INFO] - Checking called Test Case

2021-11-18 11:58:10 - [MESSAGE][INFO] - Starting to call Test Case 'Test Cases/Butonlar/ButonaTikla'

2021-11-18 11:58:10 - [TEST_CASE][PASSED] - Test Cases/Butonlar/ButonaTikla: Test Cases/Butonlar/ButonaTikla

2021-11-18 11:58:10 - [TEST_STEP][PASSED] - Method.TextDegerineEsitElementeTiklaEquals(findTestObject("Butonlar/Butonlar"), Buton_Adi): Method.TextDegerineEsitElementeTiklaEquals is PASSED

2021-11-18 11:58:10 - [MESSAGE][INFO] - Finding Test Object 'Object Repository/Butonlar/Butonlar'

2021-11-18 11:58:10 - [MESSAGE][INFO] - Checking timeout

2021-11-18 11:58:10 - [MESSAGE][INFO] - Finding web element with id: 'Object Repository/Butonlar/Butonlar' located by 'By.cssSelector: .panel.panel-default.text-center.footerPanel .btn,.btn.btn-primary.btnControls' in '10' second(s)

2021-11-18 11:58:10 - [MESSAGE][INFO] - Smart Wait Function is triggered

2021-11-18 11:58:10 - [MESSAGE][INFO] - Found 9 web elements with id: 'Object Repository/Butonlar/Butonlar' located by 'By.cssSelector: .panel.panel-default.text-center.footerPanel .btn,.btn.btn-primary.btnControls' in '10' second(s)

2021-11-18 11:58:11 - [MESSAGE][PASSED] - Method.TextDegerineEsitElementeTiklaEquals is PASSED

2021-11-18 11:58:11 - [MESSAGE][PASSED] - Call Test Case 'Test Cases/Butonlar/ButonaTikla' successfully

2021-11-18 11:58:11 - [MESSAGE][INFO] - Checking called Test Case

2021-11-18 11:58:11 - [MESSAGE][INFO] - Starting to call Test Case 'Test Cases/Olusturma/Genel/GorselTasarimSayfasıBasligiIceriyorMu'

2021-11-18 11:58:11 - [TEST_CASE][PASSED] - Test Cases/Olusturma/Genel/GorselTasarimSayfasıBasligiIceriyorMu: Test Cases/Olusturma/Genel/GorselTasarimSayfasıBasligiIceriyorMu

2021-11-18 11:58:11 - [TEST_STEP][PASSED] - verifyElementText(findTestObject("Object Repository/Olusturma/Genel/GorselTasarimBaslik"), Baslik): Actual text and expected text of test object 'Object Repository/Olusturma/Genel/GorselTasarimBaslik' are matched.

2021-11-18 11:58:11 - [MESSAGE][INFO] - Finding Test Object 'Object Repository/Olusturma/Genel/GorselTasarimBaslik'

2021-11-18 11:58:11 - [MESSAGE][INFO] - Checking object

2021-11-18 11:58:11 - [MESSAGE][INFO] - Finding web element from Test Object's properties

2021-11-18 11:58:11 - [MESSAGE][INFO] - Checking timeout

2021-11-18 11:58:11 - [MESSAGE][INFO] - Finding web element with id: 'Object Repository/Olusturma/Genel/GorselTasarimBaslik' located by 'By.cssSelector: #flAlici_0>div>span' in '30' second(s)

2021-11-18 11:58:11 - [MESSAGE][INFO] - Smart Wait Function is triggered

2021-11-18 11:58:17 - [MESSAGE][INFO] - Found 1 web elements with id: 'Object Repository/Olusturma/Genel/GorselTasarimBaslik' located by 'By.cssSelector: #flAlici_0>div>span' in '30' second(s)

2021-11-18 11:58:17 - [MESSAGE][PASSED] - Actual text and expected text of test object 'Object Repository/Olusturma/Genel/GorselTasarimBaslik' are matched.

2021-11-18 11:58:17 - [MESSAGE][PASSED] - Call Test Case 'Test Cases/Olusturma/Genel/GorselTasarimSayfasıBasligiIceriyorMu' successfully

2021-11-18 11:58:17 - [MESSAGE][INFO] - Checking called Test Case

2021-11-18 11:58:17 - [MESSAGE][INFO] - Starting to call Test Case 'Test Cases/Olusturma/Genel/AliciSecilir'

2021-11-18 11:58:17 - [TEST_CASE][PASSED] - Test Cases/Olusturma/Genel/AliciSecilir: Test Cases/Olusturma/Genel/AliciSecilir

2021-11-18 11:58:17 - [TEST_STEP][PASSED] - click(findTestObject("Olusturma/Genel/AliciBilgisi/Alici_Ara")): Object: 'Object Repository/Olusturma/Genel/AliciBilgisi/Alici_Ara' is clicked on

2021-11-18 11:58:17 - [MESSAGE][INFO] - Finding Test Object 'Object Repository/Olusturma/Genel/AliciBilgisi/Alici_Ara'

2021-11-18 11:58:17 - [MESSAGE][INFO] - Checking object

2021-11-18 11:58:17 - [MESSAGE][INFO] - Finding web element from Test Object's properties

2021-11-18 11:58:17 - [MESSAGE][INFO] - Checking timeout

2021-11-18 11:58:17 - [MESSAGE][INFO] - Finding web element with id: 'Object Repository/Olusturma/Genel/AliciBilgisi/Alici_Ara' located by 'By.xpath: //td[@id='txtCustomerText_B-1']' in '30' second(s)

2021-11-18 11:58:17 - [MESSAGE][INFO] - Smart Wait Function is triggered

2021-11-18 11:58:17 - [MESSAGE][INFO] - Found 1 web elements with id: 'Object Repository/Olusturma/Genel/AliciBilgisi/Alici_Ara' located by 'By.xpath: //td[@id='txtCustomerText_B-1']' in '30' second(s)

2021-11-18 11:58:17 - [MESSAGE][INFO] - Clicking on object: 'Object Repository/Olusturma/Genel/AliciBilgisi/Alici_Ara'

2021-11-18 11:58:17 - [MESSAGE][PASSED] - Object: 'Object Repository/Olusturma/Genel/AliciBilgisi/Alici_Ara' is clicked on

2021-11-18 11:58:17 - [TEST_STEP][PASSED] - click(findTestObject("Olusturma/Genel/AliciBilgisi/Alici_Bilgisi")): Object: 'Object Repository/Olusturma/Genel/AliciBilgisi/Alici_Bilgisi' is clicked on

2021-11-18 11:58:17 - [MESSAGE][INFO] - Finding Test Object 'Object Repository/Olusturma/Genel/AliciBilgisi/Alici_Bilgisi'

2021-11-18 11:58:17 - [MESSAGE][INFO] - Checking object

2021-11-18 11:58:17 - [MESSAGE][INFO] - Finding web element from Test Object's properties

2021-11-18 11:58:17 - [MESSAGE][INFO] - Checking timeout

2021-11-18 11:58:17 - [MESSAGE][INFO] - Finding web element with id: 'Object Repository/Olusturma/Genel/AliciBilgisi/Alici_Bilgisi' located by 'By.xpath: //iframe[@id='customerselectiframe']' in '30' second(s)

2021-11-18 11:58:17 - [MESSAGE][INFO] - Smart Wait Function is triggered

2021-11-18 11:58:18 - [MESSAGE][INFO] - Found 1 web elements with id: 'Object Repository/Olusturma/Genel/AliciBilgisi/Alici_Bilgisi' located by 'By.xpath: //iframe[@id='customerselectiframe']' in '30' second(s)

2021-11-18 11:58:18 - [MESSAGE][INFO] - Clicking on object: 'Object Repository/Olusturma/Genel/AliciBilgisi/Alici_Bilgisi'

2021-11-18 11:58:18 - [MESSAGE][PASSED] - Object: 'Object Repository/Olusturma/Genel/AliciBilgisi/Alici_Bilgisi' is clicked on

2021-11-18 11:58:18 - [TEST_STEP][PASSED] - setText(findTestObject("Olusturma/Genel/AliciBilgisi/Alici_Gir"), Alici_Adi): Switching to default content

2021-11-18 11:58:18 - [MESSAGE][INFO] - Finding Test Object 'Object Repository/Olusturma/Genel/AliciBilgisi/Alici_Gir'

2021-11-18 11:58:18 - [MESSAGE][INFO] - Finding Test Object 'Object Repository/Olusturma/Genel/AliciBilgisi/Alici_Bilgisi'

2021-11-18 11:58:18 - [MESSAGE][INFO] - Checking object

2021-11-18 11:58:18 - [MESSAGE][INFO] - Checking text

2021-11-18 11:58:18 - [MESSAGE][INFO] - Object: 'Object Repository/Olusturma/Genel/AliciBilgisi/Alici_Gir' has parent object(s)

2021-11-18 11:58:18 - [MESSAGE][INFO] - Switching to iframe: 'Object Repository/Olusturma/Genel/AliciBilgisi/Alici_Bilgisi'

2021-11-18 11:58:18 - [MESSAGE][INFO] - Finding web element from Test Object's properties

2021-11-18 11:58:18 - [MESSAGE][INFO] - Checking timeout

2021-11-18 11:58:18 - [MESSAGE][INFO] - Finding web element with id: 'Object Repository/Olusturma/Genel/AliciBilgisi/Alici_Bilgisi' located by 'By.xpath: //iframe[@id='customerselectiframe']' in '30' second(s)

2021-11-18 11:58:18 - [MESSAGE][INFO] - Smart Wait Function is triggered

2021-11-18 11:58:18 - [MESSAGE][INFO] - Found 1 web elements with id: 'Object Repository/Olusturma/Genel/AliciBilgisi/Alici_Bilgisi' located by 'By.xpath: //iframe[@id='customerselectiframe']' in '30' second(s)

2021-11-18 11:58:18 - [MESSAGE][INFO] - Switched to iframe: 'Object Repository/Olusturma/Genel/AliciBilgisi/Alici_Bilgisi'

2021-11-18 11:58:18 - [MESSAGE][INFO] - Finding web element from Test Object's properties

2021-11-18 11:58:18 - [MESSAGE][INFO] - Checking timeout

2021-11-18 11:58:18 - [MESSAGE][INFO] - Finding web element with id: 'Object Repository/Olusturma/Genel/AliciBilgisi/Alici_Gir' located by 'By.xpath: //input[@id='GridViewCustomer_DXFREditorcol1_I']' in '30' second(s)

2021-11-18 11:58:18 - [MESSAGE][INFO] - Smart Wait Function is triggered

2021-11-18 11:58:18 - [MESSAGE][INFO] - Found 1 web elements with id: 'Object Repository/Olusturma/Genel/AliciBilgisi/Alici_Gir' located by 'By.xpath: //input[@id='GridViewCustomer_DXFREditorcol1_I']' in '30' second(s)

2021-11-18 11:58:18 - [MESSAGE][INFO] - Clearing text of object 'Object Repository/Olusturma/Genel/AliciBilgisi/Alici_Gir'

2021-11-18 11:58:18 - [MESSAGE][INFO] - Finding web element from Test Object's properties

2021-11-18 11:58:18 - [MESSAGE][INFO] - Checking timeout

2021-11-18 11:58:18 - [MESSAGE][INFO] - Finding web element with id: 'Object Repository/Olusturma/Genel/AliciBilgisi/Alici_Gir' located by 'By.xpath: //input[@id='GridViewCustomer_DXFREditorcol1_I']' in '30' second(s)

2021-11-18 11:58:18 - [MESSAGE][INFO] - Smart Wait Function is triggered

2021-11-18 11:58:18 - [MESSAGE][INFO] - Found 1 web elements with id: 'Object Repository/Olusturma/Genel/AliciBilgisi/Alici_Gir' located by 'By.xpath: //input[@id='GridViewCustomer_DXFREditorcol1_I']' in '30' second(s)

2021-11-18 11:58:18 - [MESSAGE][INFO] - Setting text of object 'Object Repository/Olusturma/Genel/AliciBilgisi/Alici_Gir' to value 'UC0002'

2021-11-18 11:58:18 - [MESSAGE][PASSED] - Text 'UC0002' is set on object 'Object Repository/Olusturma/Genel/AliciBilgisi/Alici_Gir'

2021-11-18 11:58:18 - [MESSAGE][INFO] - Switching to default content

2021-11-18 11:58:18 - [TEST_STEP][PASSED] - waitForElementClickable(findTestObject("Olusturma/Genel/AliciBilgisi/Alici_Adi"), 10): Switching to default content

2021-11-18 11:58:18 - [MESSAGE][INFO] - Finding Test Object 'Object Repository/Olusturma/Genel/AliciBilgisi/Alici_Adi'

2021-11-18 11:58:19 - [MESSAGE][INFO] - Finding Test Object 'Object Repository/Olusturma/Genel/AliciBilgisi/iframe_Alc Bilgisi_customerselectiframe'

2021-11-18 11:58:19 - [MESSAGE][INFO] - Checking object

2021-11-18 11:58:19 - [MESSAGE][INFO] - Checking timeout

2021-11-18 11:58:19 - [MESSAGE][INFO] - Object: 'Object Repository/Olusturma/Genel/AliciBilgisi/Alici_Adi' has parent object(s)

2021-11-18 11:58:19 - [MESSAGE][INFO] - Switching to iframe: 'Object Repository/Olusturma/Genel/AliciBilgisi/iframe_Alc Bilgisi_customerselectiframe'

2021-11-18 11:58:19 - [MESSAGE][INFO] - Finding web element from Test Object's properties

2021-11-18 11:58:19 - [MESSAGE][INFO] - Checking timeout

2021-11-18 11:58:19 - [MESSAGE][INFO] - Finding web element with id: 'Object Repository/Olusturma/Genel/AliciBilgisi/iframe_Alc Bilgisi_customerselectiframe' located by 'By.xpath: //iframe[@id='customerselectiframe']' in '10' second(s)

2021-11-18 11:58:19 - [MESSAGE][INFO] - Smart Wait Function is triggered

2021-11-18 11:58:19 - [MESSAGE][INFO] - Found 1 web elements with id: 'Object Repository/Olusturma/Genel/AliciBilgisi/iframe_Alc Bilgisi_customerselectiframe' located by 'By.xpath: //iframe[@id='customerselectiframe']' in '10' second(s)

2021-11-18 11:58:19 - [MESSAGE][INFO] - Switched to iframe: 'Object Repository/Olusturma/Genel/AliciBilgisi/iframe_Alc Bilgisi_customerselectiframe'

2021-11-18 11:58:19 - [MESSAGE][INFO] - Finding web element from Test Object's properties

2021-11-18 11:58:19 - [MESSAGE][INFO] - Checking timeout

2021-11-18 11:58:19 - [MESSAGE][INFO] - Finding web element with id: 'Object Repository/Olusturma/Genel/AliciBilgisi/Alici_Adi' located by 'By.xpath: //tr[@id='GridViewCustomer_DXDataRow0']/td[2]' in '10' second(s)

2021-11-18 11:58:19 - [MESSAGE][INFO] - Smart Wait Function is triggered

2021-11-18 11:58:19 - [MESSAGE][INFO] - Found 1 web elements with id: 'Object Repository/Olusturma/Genel/AliciBilgisi/Alici_Adi' located by 'By.xpath: //tr[@id='GridViewCustomer_DXDataRow0']/td[2]' in '10' second(s)

2021-11-18 11:58:19 - [MESSAGE][PASSED] - Object 'Object Repository/Olusturma/Genel/AliciBilgisi/Alici_Adi' is clickable

2021-11-18 11:58:19 - [MESSAGE][INFO] - Switching to default content

2021-11-18 11:58:19 - [TEST_STEP][PASSED] - click(findTestObject("Olusturma/Genel/AliciBilgisi/frame")): Switching to default content

2021-11-18 11:58:19 - [MESSAGE][INFO] - Finding Test Object 'Object Repository/Olusturma/Genel/AliciBilgisi/frame'

2021-11-18 11:58:19 - [MESSAGE][INFO] - Finding Test Object 'Object Repository/Olusturma/Genel/AliciBilgisi/iframe_Alc Bilgisi_customerselectiframe'

2021-11-18 11:58:19 - [MESSAGE][INFO] - Checking object

2021-11-18 11:58:19 - [MESSAGE][INFO] - Object: 'Object Repository/Olusturma/Genel/AliciBilgisi/frame' has parent object(s)

2021-11-18 11:58:19 - [MESSAGE][INFO] - Switching to iframe: 'Object Repository/Olusturma/Genel/AliciBilgisi/iframe_Alc Bilgisi_customerselectiframe'

2021-11-18 11:58:19 - [MESSAGE][INFO] - Finding web element from Test Object's properties

2021-11-18 11:58:19 - [MESSAGE][INFO] - Checking timeout

2021-11-18 11:58:19 - [MESSAGE][INFO] - Finding web element with id: 'Object Repository/Olusturma/Genel/AliciBilgisi/iframe_Alc Bilgisi_customerselectiframe' located by 'By.xpath: //iframe[@id='customerselectiframe']' in '30' second(s)

2021-11-18 11:58:19 - [MESSAGE][INFO] - Smart Wait Function is triggered

2021-11-18 11:58:19 - [MESSAGE][INFO] - Found 1 web elements with id: 'Object Repository/Olusturma/Genel/AliciBilgisi/iframe_Alc Bilgisi_customerselectiframe' located by 'By.xpath: //iframe[@id='customerselectiframe']' in '30' second(s)

2021-11-18 11:58:19 - [MESSAGE][INFO] - Switched to iframe: 'Object Repository/Olusturma/Genel/AliciBilgisi/iframe_Alc Bilgisi_customerselectiframe'

2021-11-18 11:58:19 - [MESSAGE][INFO] - Finding web element from Test Object's properties

2021-11-18 11:58:19 - [MESSAGE][INFO] - Checking timeout

2021-11-18 11:58:19 - [MESSAGE][INFO] - Finding web element with id: 'Object Repository/Olusturma/Genel/AliciBilgisi/frame' located by 'By.xpath: //*/text()[normalize-space(.)='']/parent::*' in '30' second(s)

2021-11-18 11:58:19 - [MESSAGE][INFO] - Smart Wait Function is triggered

2021-11-18 11:58:19 - [MESSAGE][INFO] - Found 65 web elements with id: 'Object Repository/Olusturma/Genel/AliciBilgisi/frame' located by 'By.xpath: //*/text()[normalize-space(.)='']/parent::*' in '30' second(s)

2021-11-18 11:58:19 - [MESSAGE][INFO] - Clicking on object: 'Object Repository/Olusturma/Genel/AliciBilgisi/frame'

2021-11-18 11:58:19 - [MESSAGE][PASSED] - Object: 'Object Repository/Olusturma/Genel/AliciBilgisi/frame' is clicked on

2021-11-18 11:58:19 - [MESSAGE][INFO] - Switching to default content

2021-11-18 11:58:19 - [TEST_STEP][PASSED] - click(findTestObject("Olusturma/Genel/AliciBilgisi/Alici_Adi")): Switching to default content

2021-11-18 11:58:19 - [MESSAGE][INFO] - Finding Test Object 'Object Repository/Olusturma/Genel/AliciBilgisi/Alici_Adi'

2021-11-18 11:58:20 - [MESSAGE][INFO] - Finding Test Object 'Object Repository/Olusturma/Genel/AliciBilgisi/iframe_Alc Bilgisi_customerselectiframe'

2021-11-18 11:58:20 - [MESSAGE][INFO] - Checking object

2021-11-18 11:58:20 - [MESSAGE][INFO] - Object: 'Object Repository/Olusturma/Genel/AliciBilgisi/Alici_Adi' has parent object(s)

2021-11-18 11:58:20 - [MESSAGE][INFO] - Switching to iframe: 'Object Repository/Olusturma/Genel/AliciBilgisi/iframe_Alc Bilgisi_customerselectiframe'

2021-11-18 11:58:20 - [MESSAGE][INFO] - Finding web element from Test Object's properties

2021-11-18 11:58:20 - [MESSAGE][INFO] - Checking timeout

2021-11-18 11:58:20 - [MESSAGE][INFO] - Finding web element with id: 'Object Repository/Olusturma/Genel/AliciBilgisi/iframe_Alc Bilgisi_customerselectiframe' located by 'By.xpath: //iframe[@id='customerselectiframe']' in '30' second(s)

2021-11-18 11:58:20 - [MESSAGE][INFO] - Smart Wait Function is triggered

2021-11-18 11:58:20 - [MESSAGE][INFO] - Found 1 web elements with id: 'Object Repository/Olusturma/Genel/AliciBilgisi/iframe_Alc Bilgisi_customerselectiframe' located by 'By.xpath: //iframe[@id='customerselectiframe']' in '30' second(s)

2021-11-18 11:58:20 - [MESSAGE][INFO] - Switched to iframe: 'Object Repository/Olusturma/Genel/AliciBilgisi/iframe_Alc Bilgisi_customerselectiframe'

2021-11-18 11:58:20 - [MESSAGE][INFO] - Finding web element from Test Object's properties

2021-11-18 11:58:20 - [MESSAGE][INFO] - Checking timeout

2021-11-18 11:58:20 - [MESSAGE][INFO] - Finding web element with id: 'Object Repository/Olusturma/Genel/AliciBilgisi/Alici_Adi' located by 'By.xpath: //tr[@id='GridViewCustomer_DXDataRow0']/td[2]' in '30' second(s)

2021-11-18 11:58:20 - [MESSAGE][INFO] - Smart Wait Function is triggered

2021-11-18 11:58:20 - [MESSAGE][INFO] - Found 1 web elements with id: 'Object Repository/Olusturma/Genel/AliciBilgisi/Alici_Adi' located by 'By.xpath: //tr[@id='GridViewCustomer_DXDataRow0']/td[2]' in '30' second(s)

2021-11-18 11:58:20 - [MESSAGE][INFO] - Clicking on object: 'Object Repository/Olusturma/Genel/AliciBilgisi/Alici_Adi'

2021-11-18 11:58:20 - [MESSAGE][PASSED] - Object: 'Object Repository/Olusturma/Genel/AliciBilgisi/Alici_Adi' is clicked on

2021-11-18 11:58:20 - [MESSAGE][INFO] - Switching to default content

2021-11-18 11:58:20 - [TEST_STEP][PASSED] - click(findTestObject("Olusturma/Genel/AliciBilgisi/Tamam_Bosluk")): Switching to default content

2021-11-18 11:58:20 - [MESSAGE][INFO] - Finding Test Object 'Object Repository/Olusturma/Genel/AliciBilgisi/Tamam_Bosluk'

2021-11-18 11:58:20 - [MESSAGE][INFO] - Finding Test Object 'Object Repository/Olusturma/Genel/AliciBilgisi/Alici_Bilgisi'

2021-11-18 11:58:20 - [MESSAGE][INFO] - Checking object

2021-11-18 11:58:20 - [MESSAGE][INFO] - Object: 'Object Repository/Olusturma/Genel/AliciBilgisi/Tamam_Bosluk' has parent object(s)

2021-11-18 11:58:20 - [MESSAGE][INFO] - Switching to iframe: 'Object Repository/Olusturma/Genel/AliciBilgisi/Alici_Bilgisi'

2021-11-18 11:58:20 - [MESSAGE][INFO] - Finding web element from Test Object's properties

2021-11-18 11:58:20 - [MESSAGE][INFO] - Checking timeout

2021-11-18 11:58:20 - [MESSAGE][INFO] - Finding web element with id: 'Object Repository/Olusturma/Genel/AliciBilgisi/Alici_Bilgisi' located by 'By.xpath: //iframe[@id='customerselectiframe']' in '30' second(s)

2021-11-18 11:58:20 - [MESSAGE][INFO] - Smart Wait Function is triggered

2021-11-18 11:58:20 - [MESSAGE][INFO] - Found 1 web elements with id: 'Object Repository/Olusturma/Genel/AliciBilgisi/Alici_Bilgisi' located by 'By.xpath: //iframe[@id='customerselectiframe']' in '30' second(s)

2021-11-18 11:58:20 - [MESSAGE][INFO] - Switched to iframe: 'Object Repository/Olusturma/Genel/AliciBilgisi/Alici_Bilgisi'

2021-11-18 11:58:20 - [MESSAGE][INFO] - Finding web element from Test Object's properties

2021-11-18 11:58:20 - [MESSAGE][INFO] - Checking timeout

2021-11-18 11:58:20 - [MESSAGE][INFO] - Finding web element with id: 'Object Repository/Olusturma/Genel/AliciBilgisi/Tamam_Bosluk' located by 'By.xpath: (.//*[normalize-space(text()) and normalize-space(.)='Sayfa Boyutu:'])[1]/following::div[7]' in '30' second(s)

2021-11-18 11:58:20 - [MESSAGE][INFO] - Smart Wait Function is triggered

2021-11-18 11:58:20 - [MESSAGE][INFO] - Found 1 web elements with id: 'Object Repository/Olusturma/Genel/AliciBilgisi/Tamam_Bosluk' located by 'By.xpath: (.//*[normalize-space(text()) and normalize-space(.)='Sayfa Boyutu:'])[1]/following::div[7]' in '30' second(s)

2021-11-18 11:58:20 - [MESSAGE][INFO] - Clicking on object: 'Object Repository/Olusturma/Genel/AliciBilgisi/Tamam_Bosluk'

2021-11-18 11:58:21 - [MESSAGE][PASSED] - Object: 'Object Repository/Olusturma/Genel/AliciBilgisi/Tamam_Bosluk' is clicked on

2021-11-18 11:58:21 - [MESSAGE][INFO] - Switching to default content

2021-11-18 11:58:21 - [TEST_STEP][PASSED] - waitForElementClickable(findTestObject("Olusturma/Genel/AliciBilgisi/Tamam_Butonu"), 10): Switching to default content

2021-11-18 11:58:21 - [MESSAGE][INFO] - Finding Test Object 'Object Repository/Olusturma/Genel/AliciBilgisi/Tamam_Butonu'

2021-11-18 11:58:21 - [MESSAGE][INFO] - Finding Test Object 'Object Repository/Olusturma/Genel/AliciBilgisi/Alici_Bilgisi'

2021-11-18 11:58:21 - [MESSAGE][INFO] - Checking object

2021-11-18 11:58:21 - [MESSAGE][INFO] - Checking timeout

2021-11-18 11:58:21 - [MESSAGE][INFO] - Object: 'Object Repository/Olusturma/Genel/AliciBilgisi/Tamam_Butonu' has parent object(s)

2021-11-18 11:58:21 - [MESSAGE][INFO] - Switching to iframe: 'Object Repository/Olusturma/Genel/AliciBilgisi/Alici_Bilgisi'

2021-11-18 11:58:21 - [MESSAGE][INFO] - Finding web element from Test Object's properties

2021-11-18 11:58:21 - [MESSAGE][INFO] - Checking timeout

2021-11-18 11:58:21 - [MESSAGE][INFO] - Finding web element with id: 'Object Repository/Olusturma/Genel/AliciBilgisi/Alici_Bilgisi' located by 'By.xpath: //iframe[@id='customerselectiframe']' in '10' second(s)

2021-11-18 11:58:21 - [MESSAGE][INFO] - Smart Wait Function is triggered

2021-11-18 11:58:21 - [MESSAGE][INFO] - Found 1 web elements with id: 'Object Repository/Olusturma/Genel/AliciBilgisi/Alici_Bilgisi' located by 'By.xpath: //iframe[@id='customerselectiframe']' in '10' second(s)

2021-11-18 11:58:21 - [MESSAGE][INFO] - Switched to iframe: 'Object Repository/Olusturma/Genel/AliciBilgisi/Alici_Bilgisi'

2021-11-18 11:58:21 - [MESSAGE][INFO] - Finding web element from Test Object's properties

2021-11-18 11:58:21 - [MESSAGE][INFO] - Checking timeout

2021-11-18 11:58:21 - [MESSAGE][INFO] - Finding web element with id: 'Object Repository/Olusturma/Genel/AliciBilgisi/Tamam_Butonu' located by 'By.xpath: //div[@id='btnSelectCustomer_CD']/span' in '10' second(s)

2021-11-18 11:58:21 - [MESSAGE][INFO] - Smart Wait Function is triggered

2021-11-18 11:58:21 - [MESSAGE][INFO] - Found 1 web elements with id: 'Object Repository/Olusturma/Genel/AliciBilgisi/Tamam_Butonu' located by 'By.xpath: //div[@id='btnSelectCustomer_CD']/span' in '10' second(s)

2021-11-18 11:58:21 - [MESSAGE][PASSED] - Object 'Object Repository/Olusturma/Genel/AliciBilgisi/Tamam_Butonu' is clickable

2021-11-18 11:58:21 - [MESSAGE][INFO] - Switching to default content

2021-11-18 11:58:21 - [TEST_STEP][PASSED] - click(findTestObject("Olusturma/Genel/AliciBilgisi/Tamam_Butonu")): Switching to default content

2021-11-18 11:58:21 - [MESSAGE][INFO] - Finding Test Object 'Object Repository/Olusturma/Genel/AliciBilgisi/Tamam_Butonu'

2021-11-18 11:58:21 - [MESSAGE][INFO] - Finding Test Object 'Object Repository/Olusturma/Genel/AliciBilgisi/Alici_Bilgisi'

2021-11-18 11:58:21 - [MESSAGE][INFO] - Checking object

2021-11-18 11:58:21 - [MESSAGE][INFO] - Object: 'Object Repository/Olusturma/Genel/AliciBilgisi/Tamam_Butonu' has parent object(s)

2021-11-18 11:58:21 - [MESSAGE][INFO] - Switching to iframe: 'Object Repository/Olusturma/Genel/AliciBilgisi/Alici_Bilgisi'

2021-11-18 11:58:21 - [MESSAGE][INFO] - Finding web element from Test Object's properties

2021-11-18 11:58:21 - [MESSAGE][INFO] - Checking timeout

2021-11-18 11:58:21 - [MESSAGE][INFO] - Finding web element with id: 'Object Repository/Olusturma/Genel/AliciBilgisi/Alici_Bilgisi' located by 'By.xpath: //iframe[@id='customerselectiframe']' in '30' second(s)

2021-11-18 11:58:21 - [MESSAGE][INFO] - Smart Wait Function is triggered

2021-11-18 11:58:22 - [MESSAGE][INFO] - Found 1 web elements with id: 'Object Repository/Olusturma/Genel/AliciBilgisi/Alici_Bilgisi' located by 'By.xpath: //iframe[@id='customerselectiframe']' in '30' second(s)

2021-11-18 11:58:22 - [MESSAGE][INFO] - Switched to iframe: 'Object Repository/Olusturma/Genel/AliciBilgisi/Alici_Bilgisi'

2021-11-18 11:58:22 - [MESSAGE][INFO] - Finding web element from Test Object's properties

2021-11-18 11:58:22 - [MESSAGE][INFO] - Checking timeout

2021-11-18 11:58:22 - [MESSAGE][INFO] - Finding web element with id: 'Object Repository/Olusturma/Genel/AliciBilgisi/Tamam_Butonu' located by 'By.xpath: //div[@id='btnSelectCustomer_CD']/span' in '30' second(s)

2021-11-18 11:58:22 - [MESSAGE][INFO] - Smart Wait Function is triggered

2021-11-18 11:58:22 - [MESSAGE][INFO] - Found 1 web elements with id: 'Object Repository/Olusturma/Genel/AliciBilgisi/Tamam_Butonu' located by 'By.xpath: //div[@id='btnSelectCustomer_CD']/span' in '30' second(s)

2021-11-18 11:58:22 - [MESSAGE][INFO] - Clicking on object: 'Object Repository/Olusturma/Genel/AliciBilgisi/Tamam_Butonu'

2021-11-18 11:58:22 - [MESSAGE][PASSED] - Object: 'Object Repository/Olusturma/Genel/AliciBilgisi/Tamam_Butonu' is clicked on

2021-11-18 11:58:22 - [MESSAGE][INFO] - Switching to default content

2021-11-18 11:58:22 - [TEST_STEP][PASSED] - waitForElementPresent(findTestObject("Olusturma/Genel/AliciBilgisi/VKN-TCKN"), 10): Object 'Object Repository/Olusturma/Genel/AliciBilgisi/VKN-TCKN' is present

2021-11-18 11:58:22 - [MESSAGE][INFO] - Finding Test Object 'Object Repository/Olusturma/Genel/AliciBilgisi/VKN-TCKN'

2021-11-18 11:58:22 - [MESSAGE][INFO] - Checking object

2021-11-18 11:58:22 - [MESSAGE][INFO] - Finding web element from Test Object's properties

2021-11-18 11:58:22 - [MESSAGE][INFO] - Checking timeout

2021-11-18 11:58:22 - [MESSAGE][INFO] - Finding web element with id: 'Object Repository/Olusturma/Genel/AliciBilgisi/VKN-TCKN' located by 'By.xpath: //*[@id = 'txtVknTckn_I']' in '10' second(s)

2021-11-18 11:58:22 - [MESSAGE][INFO] - Smart Wait Function is triggered

2021-11-18 11:58:22 - [MESSAGE][INFO] - Found 1 web elements with id: 'Object Repository/Olusturma/Genel/AliciBilgisi/VKN-TCKN' located by 'By.xpath: //*[@id = 'txtVknTckn_I']' in '10' second(s)

2021-11-18 11:58:22 - [MESSAGE][PASSED] - Object 'Object Repository/Olusturma/Genel/AliciBilgisi/VKN-TCKN' is present

2021-11-18 11:58:22 - [TEST_STEP][PASSED] - text = getAttribute(findTestObject("Olusturma/Genel/AliciBilgisi/VKN-TCKN"), "value"): Attribute 'value' of object 'Object Repository/Olusturma/Genel/AliciBilgisi/VKN-TCKN' is: '5325240898'

2021-11-18 11:58:22 - [MESSAGE][INFO] - Finding Test Object 'Object Repository/Olusturma/Genel/AliciBilgisi/VKN-TCKN'

2021-11-18 11:58:22 - [MESSAGE][INFO] - Checking object

2021-11-18 11:58:22 - [MESSAGE][INFO] - Checking attribute

2021-11-18 11:58:22 - [MESSAGE][INFO] - Finding web element from Test Object's properties

2021-11-18 11:58:22 - [MESSAGE][INFO] - Checking timeout

2021-11-18 11:58:22 - [MESSAGE][INFO] - Finding web element with id: 'Object Repository/Olusturma/Genel/AliciBilgisi/VKN-TCKN' located by 'By.xpath: //*[@id = 'txtVknTckn_I']' in '30' second(s)

2021-11-18 11:58:22 - [MESSAGE][INFO] - Smart Wait Function is triggered

2021-11-18 11:58:23 - [MESSAGE][INFO] - Found 1 web elements with id: 'Object Repository/Olusturma/Genel/AliciBilgisi/VKN-TCKN' located by 'By.xpath: //*[@id = 'txtVknTckn_I']' in '30' second(s)

2021-11-18 11:58:23 - [MESSAGE][INFO] - Getting attribute 'value' of object 'Object Repository/Olusturma/Genel/AliciBilgisi/VKN-TCKN'

2021-11-18 11:58:23 - [MESSAGE][PASSED] - Attribute 'value' of object 'Object Repository/Olusturma/Genel/AliciBilgisi/VKN-TCKN' is: '5325240898'

2021-11-18 11:58:23 - [TEST_STEP][PASSED] - if (text.equals("")): null

2021-11-18 11:58:23 - [MESSAGE][PASSED] - Call Test Case 'Test Cases/Olusturma/Genel/AliciSecilir' successfully

2021-11-18 11:58:23 - [MESSAGE][INFO] - Checking called Test Case

2021-11-18 11:58:23 - [MESSAGE][INFO] - Starting to call Test Case 'Test Cases/Olusturma/Genel/GonderimSekliSecilir'

2021-11-18 11:58:23 - [TEST_CASE][PASSED] - Test Cases/Olusturma/Genel/GonderimSekliSecilir: Test Cases/Olusturma/Genel/GonderimSekliSecilir

2021-11-18 11:58:23 - [TEST_STEP][PASSED] - waitForElementClickable(findTestObject("Object Repository/Olusturma/Genel/GonderimSekli/GonderimSekli"), 10): Object 'Object Repository/Olusturma/Genel/GonderimSekli/GonderimSekli' is clickable

2021-11-18 11:58:23 - [MESSAGE][INFO] - Finding Test Object 'Object Repository/Olusturma/Genel/GonderimSekli/GonderimSekli'

2021-11-18 11:58:23 - [MESSAGE][INFO] - Checking object

2021-11-18 11:58:23 - [MESSAGE][INFO] - Checking timeout

2021-11-18 11:58:23 - [MESSAGE][INFO] - Finding web element from Test Object's properties

2021-11-18 11:58:23 - [MESSAGE][INFO] - Checking timeout

2021-11-18 11:58:23 - [MESSAGE][INFO] - Finding web element with id: 'Object Repository/Olusturma/Genel/GonderimSekli/GonderimSekli' located by 'By.xpath: //*[@id = 'txtGonderimSekil_I']' in '10' second(s)

2021-11-18 11:58:23 - [MESSAGE][INFO] - Smart Wait Function is triggered

2021-11-18 11:58:23 - [MESSAGE][INFO] - Found 1 web elements with id: 'Object Repository/Olusturma/Genel/GonderimSekli/GonderimSekli' located by 'By.xpath: //*[@id = 'txtGonderimSekil_I']' in '10' second(s)

2021-11-18 11:58:23 - [MESSAGE][PASSED] - Object 'Object Repository/Olusturma/Genel/GonderimSekli/GonderimSekli' is clickable

2021-11-18 11:58:23 - [TEST_STEP][PASSED] - click(findTestObject("Object Repository/Olusturma/Genel/GonderimSekli/GonderimSekli")): Object: 'Object Repository/Olusturma/Genel/GonderimSekli/GonderimSekli' is clicked on

2021-11-18 11:58:23 - [MESSAGE][INFO] - Finding Test Object 'Object Repository/Olusturma/Genel/GonderimSekli/GonderimSekli'

2021-11-18 11:58:23 - [MESSAGE][INFO] - Checking object

2021-11-18 11:58:23 - [MESSAGE][INFO] - Finding web element from Test Object's properties

2021-11-18 11:58:23 - [MESSAGE][INFO] - Checking timeout

2021-11-18 11:58:23 - [MESSAGE][INFO] - Finding web element with id: 'Object Repository/Olusturma/Genel/GonderimSekli/GonderimSekli' located by 'By.xpath: //*[@id = 'txtGonderimSekil_I']' in '30' second(s)

2021-11-18 11:58:23 - [MESSAGE][INFO] - Smart Wait Function is triggered

2021-11-18 11:58:23 - [MESSAGE][INFO] - Found 1 web elements with id: 'Object Repository/Olusturma/Genel/GonderimSekli/GonderimSekli' located by 'By.xpath: //*[@id = 'txtGonderimSekil_I']' in '30' second(s)

2021-11-18 11:58:23 - [MESSAGE][INFO] - Clicking on object: 'Object Repository/Olusturma/Genel/GonderimSekli/GonderimSekli'

2021-11-18 11:58:23 - [MESSAGE][PASSED] - Object: 'Object Repository/Olusturma/Genel/GonderimSekli/GonderimSekli' is clicked on

2021-11-18 11:58:23 - [TEST_STEP][PASSED] - Method.TextDegerineEsitElementeTikla(findTestObject("Object Repository/Olusturma/Genel/GonderimSekli/GonderimSekliAdi"), GonderimSekli): Method.TextDegerineEsitElementeTikla is PASSED

2021-11-18 11:58:23 - [MESSAGE][INFO] - Finding Test Object 'Object Repository/Olusturma/Genel/GonderimSekli/GonderimSekliAdi'

2021-11-18 11:58:24 - [MESSAGE][INFO] - Checking timeout

2021-11-18 11:58:24 - [MESSAGE][INFO] - Finding web element with id: 'Object Repository/Olusturma/Genel/GonderimSekli/GonderimSekliAdi' located by 'By.cssSelector: #txtGonderimSekil_DDD_L_LBT td' in '10' second(s)

2021-11-18 11:58:24 - [MESSAGE][INFO] - Smart Wait Function is triggered

2021-11-18 11:58:24 - [MESSAGE][INFO] - Found 2 web elements with id: 'Object Repository/Olusturma/Genel/GonderimSekli/GonderimSekliAdi' located by 'By.cssSelector: #txtGonderimSekil_DDD_L_LBT td' in '10' second(s)

2021-11-18 11:58:24 - [MESSAGE][PASSED] - Method.TextDegerineEsitElementeTikla is PASSED

2021-11-18 11:58:24 - [MESSAGE][PASSED] - Call Test Case 'Test Cases/Olusturma/Genel/GonderimSekliSecilir' successfully

2021-11-18 11:58:24 - [MESSAGE][INFO] - Checking called Test Case

2021-11-18 11:58:24 - [MESSAGE][INFO] - Starting to call Test Case 'Test Cases/Olusturma/Genel/TipSecilir'

2021-11-18 11:58:24 - [TEST_CASE][PASSED] - Test Cases/Olusturma/Genel/TipSecilir: Test Cases/Olusturma/Genel/TipSecilir

2021-11-18 11:58:24 - [TEST_STEP][PASSED] - waitForElementClickable(findTestObject("Olusturma/Genel/TipSecilir/Tip"), 10): Object 'Object Repository/Olusturma/Genel/TipSecilir/Tip' is clickable

2021-11-18 11:58:24 - [MESSAGE][INFO] - Finding Test Object 'Object Repository/Olusturma/Genel/TipSecilir/Tip'

2021-11-18 11:58:24 - [MESSAGE][INFO] - Checking object

2021-11-18 11:58:24 - [MESSAGE][INFO] - Checking timeout

2021-11-18 11:58:24 - [MESSAGE][INFO] - Finding web element from Test Object's properties

2021-11-18 11:58:24 - [MESSAGE][INFO] - Checking timeout

2021-11-18 11:58:24 - [MESSAGE][INFO] - Finding web element with id: 'Object Repository/Olusturma/Genel/TipSecilir/Tip' located by 'By.xpath: //*[@id = 'DocumentTypeCode_I']' in '10' second(s)

2021-11-18 11:58:24 - [MESSAGE][INFO] - Smart Wait Function is triggered

2021-11-18 11:58:25 - [MESSAGE][INFO] - Found 1 web elements with id: 'Object Repository/Olusturma/Genel/TipSecilir/Tip' located by 'By.xpath: //*[@id = 'DocumentTypeCode_I']' in '10' second(s)

2021-11-18 11:58:25 - [MESSAGE][PASSED] - Object 'Object Repository/Olusturma/Genel/TipSecilir/Tip' is clickable

2021-11-18 11:58:25 - [TEST_STEP][PASSED] - click(findTestObject("Olusturma/Genel/TipSecilir/Tip")): Object: 'Object Repository/Olusturma/Genel/TipSecilir/Tip' is clicked on

2021-11-18 11:58:25 - [MESSAGE][INFO] - Finding Test Object 'Object Repository/Olusturma/Genel/TipSecilir/Tip'

2021-11-18 11:58:25 - [MESSAGE][INFO] - Checking object

2021-11-18 11:58:25 - [MESSAGE][INFO] - Finding web element from Test Object's properties

2021-11-18 11:58:25 - [MESSAGE][INFO] - Checking timeout

2021-11-18 11:58:25 - [MESSAGE][INFO] - Finding web element with id: 'Object Repository/Olusturma/Genel/TipSecilir/Tip' located by 'By.xpath: //*[@id = 'DocumentTypeCode_I']' in '30' second(s)

2021-11-18 11:58:25 - [MESSAGE][INFO] - Smart Wait Function is triggered

2021-11-18 11:58:25 - [MESSAGE][INFO] - Found 1 web elements with id: 'Object Repository/Olusturma/Genel/TipSecilir/Tip' located by 'By.xpath: //*[@id = 'DocumentTypeCode_I']' in '30' second(s)

2021-11-18 11:58:25 - [MESSAGE][INFO] - Clicking on object: 'Object Repository/Olusturma/Genel/TipSecilir/Tip'

2021-11-18 11:58:25 - [MESSAGE][PASSED] - Object: 'Object Repository/Olusturma/Genel/TipSecilir/Tip' is clicked on

2021-11-18 11:58:25 - [TEST_STEP][PASSED] - Method.TextDegerineEsitElementeTikla(findTestObject("Object Repository/Olusturma/Genel/TipSecilir/Tip_Adi"), Tip): Method.TextDegerineEsitElementeTikla is PASSED

2021-11-18 11:58:25 - [MESSAGE][INFO] - Finding Test Object 'Object Repository/Olusturma/Genel/TipSecilir/Tip_Adi'

2021-11-18 11:58:25 - [MESSAGE][INFO] - Checking timeout

2021-11-18 11:58:25 - [MESSAGE][INFO] - Finding web element with id: 'Object Repository/Olusturma/Genel/TipSecilir/Tip_Adi' located by 'By.cssSelector: #DocumentTypeCode_DDD_L_LBT td' in '10' second(s)

2021-11-18 11:58:25 - [MESSAGE][INFO] - Smart Wait Function is triggered

2021-11-18 11:58:25 - [MESSAGE][INFO] - Found 9 web elements with id: 'Object Repository/Olusturma/Genel/TipSecilir/Tip_Adi' located by 'By.cssSelector: #DocumentTypeCode_DDD_L_LBT td' in '10' second(s)

2021-11-18 11:58:26 - [MESSAGE][PASSED] - Method.TextDegerineEsitElementeTikla is PASSED

2021-11-18 11:58:26 - [MESSAGE][PASSED] - Call Test Case 'Test Cases/Olusturma/Genel/TipSecilir' successfully

2021-11-18 11:58:26 - [MESSAGE][INFO] - Checking called Test Case

2021-11-18 11:58:26 - [MESSAGE][INFO] - Starting to call Test Case 'Test Cases/Olusturma/Genel/DokumanParaBirimiSecilir'

2021-11-18 11:58:26 - [TEST_CASE][PASSED] - Test Cases/Olusturma/Genel/DokumanParaBirimiSecilir: Test Cases/Olusturma/Genel/DokumanParaBirimiSecilir

2021-11-18 11:58:26 - [TEST_STEP][PASSED] - waitForElementClickable(findTestObject("Object Repository/Olusturma/Genel/DokumanParaBirimiSecilir/Para"), 10): Object 'Object Repository/Olusturma/Genel/DokumanParaBirimiSecilir/Para' is clickable

2021-11-18 11:58:26 - [MESSAGE][INFO] - Finding Test Object 'Object Repository/Olusturma/Genel/DokumanParaBirimiSecilir/Para'

2021-11-18 11:58:26 - [MESSAGE][INFO] - Checking object

2021-11-18 11:58:26 - [MESSAGE][INFO] - Checking timeout

2021-11-18 11:58:26 - [MESSAGE][INFO] - Finding web element from Test Object's properties

2021-11-18 11:58:26 - [MESSAGE][INFO] - Checking timeout

2021-11-18 11:58:26 - [MESSAGE][INFO] - Finding web element with id: 'Object Repository/Olusturma/Genel/DokumanParaBirimiSecilir/Para' located by 'By.xpath: //*[@id = 'CurrencyUnit_I']' in '10' second(s)

2021-11-18 11:58:26 - [MESSAGE][INFO] - Smart Wait Function is triggered

2021-11-18 11:58:27 - [MESSAGE][INFO] - Found 1 web elements with id: 'Object Repository/Olusturma/Genel/DokumanParaBirimiSecilir/Para' located by 'By.xpath: //*[@id = 'CurrencyUnit_I']' in '10' second(s)

2021-11-18 11:58:27 - [MESSAGE][PASSED] - Object 'Object Repository/Olusturma/Genel/DokumanParaBirimiSecilir/Para' is clickable

2021-11-18 11:58:27 - [TEST_STEP][PASSED] - click(findTestObject("Object Repository/Olusturma/Genel/DokumanParaBirimiSecilir/Para")): Object: 'Object Repository/Olusturma/Genel/DokumanParaBirimiSecilir/Para' is clicked on

2021-11-18 11:58:27 - [MESSAGE][INFO] - Finding Test Object 'Object Repository/Olusturma/Genel/DokumanParaBirimiSecilir/Para'

2021-11-18 11:58:27 - [MESSAGE][INFO] - Checking object

2021-11-18 11:58:27 - [MESSAGE][INFO] - Finding web element from Test Object's properties

2021-11-18 11:58:27 - [MESSAGE][INFO] - Checking timeout

2021-11-18 11:58:27 - [MESSAGE][INFO] - Finding web element with id: 'Object Repository/Olusturma/Genel/DokumanParaBirimiSecilir/Para' located by 'By.xpath: //*[@id = 'CurrencyUnit_I']' in '30' second(s)

2021-11-18 11:58:27 - [MESSAGE][INFO] - Smart Wait Function is triggered

2021-11-18 11:58:27 - [MESSAGE][INFO] - Found 1 web elements with id: 'Object Repository/Olusturma/Genel/DokumanParaBirimiSecilir/Para' located by 'By.xpath: //*[@id = 'CurrencyUnit_I']' in '30' second(s)

2021-11-18 11:58:27 - [MESSAGE][INFO] - Clicking on object: 'Object Repository/Olusturma/Genel/DokumanParaBirimiSecilir/Para'

2021-11-18 11:58:28 - [MESSAGE][PASSED] - Object: 'Object Repository/Olusturma/Genel/DokumanParaBirimiSecilir/Para' is clicked on

2021-11-18 11:58:28 - [TEST_STEP][PASSED] - Method.TextDegerineEsitElementeTikla(findTestObject("Object Repository/Olusturma/Genel/DokumanParaBirimiSecilir/Para_Adi"), Para): Method.TextDegerineEsitElementeTikla is PASSED

2021-11-18 11:58:28 - [MESSAGE][INFO] - Finding Test Object 'Object Repository/Olusturma/Genel/DokumanParaBirimiSecilir/Para_Adi'

2021-11-18 11:58:28 - [MESSAGE][INFO] - Checking timeout

2021-11-18 11:58:28 - [MESSAGE][INFO] - Finding web element with id: 'Object Repository/Olusturma/Genel/DokumanParaBirimiSecilir/Para_Adi' located by 'By.cssSelector: #CurrencyUnit_DDD_L_LBT td' in '10' second(s)

2021-11-18 11:58:28 - [MESSAGE][INFO] - Smart Wait Function is triggered

2021-11-18 11:58:28 - [MESSAGE][INFO] - Found 203 web elements with id: 'Object Repository/Olusturma/Genel/DokumanParaBirimiSecilir/Para_Adi' located by 'By.cssSelector: #CurrencyUnit_DDD_L_LBT td' in '10' second(s)

2021-11-18 11:58:31 - [MESSAGE][PASSED] - Method.TextDegerineEsitElementeTikla is PASSED

2021-11-18 11:58:31 - [MESSAGE][PASSED] - Call Test Case 'Test Cases/Olusturma/Genel/DokumanParaBirimiSecilir' successfully

2021-11-18 11:58:31 - [MESSAGE][INFO] - Checking called Test Case

2021-11-18 11:58:31 - [MESSAGE][INFO] - Starting to call Test Case 'Test Cases/Olusturma/Genel/OnEkSecilir'

2021-11-18 11:58:31 - [TEST_CASE][PASSED] - Test Cases/Olusturma/Genel/OnEkSecilir: Test Cases/Olusturma/Genel/OnEkSecilir

2021-11-18 11:58:31 - [TEST_STEP][PASSED] - waitForElementClickable(findTestObject("Object Repository/Olusturma/Genel/OnEkSecilir/OnEk"), 10): Object 'Object Repository/Olusturma/Genel/OnEkSecilir/OnEk' is clickable

2021-11-18 11:58:31 - [MESSAGE][INFO] - Finding Test Object 'Object Repository/Olusturma/Genel/OnEkSecilir/OnEk'

2021-11-18 11:58:31 - [MESSAGE][INFO] - Checking object

2021-11-18 11:58:31 - [MESSAGE][INFO] - Checking timeout

2021-11-18 11:58:31 - [MESSAGE][INFO] - Finding web element from Test Object's properties

2021-11-18 11:58:31 - [MESSAGE][INFO] - Checking timeout

2021-11-18 11:58:31 - [MESSAGE][INFO] - Finding web element with id: 'Object Repository/Olusturma/Genel/OnEkSecilir/OnEk' located by 'By.xpath: //*[@id = 'InvoicePrefix_I']' in '10' second(s)

2021-11-18 11:58:31 - [MESSAGE][INFO] - Smart Wait Function is triggered

2021-11-18 11:58:32 - [MESSAGE][INFO] - Found 1 web elements with id: 'Object Repository/Olusturma/Genel/OnEkSecilir/OnEk' located by 'By.xpath: //*[@id = 'InvoicePrefix_I']' in '10' second(s)

2021-11-18 11:58:32 - [MESSAGE][PASSED] - Object 'Object Repository/Olusturma/Genel/OnEkSecilir/OnEk' is clickable

2021-11-18 11:58:32 - [TEST_STEP][PASSED] - click(findTestObject("Object Repository/Olusturma/Genel/OnEkSecilir/OnEk")): Object: 'Object Repository/Olusturma/Genel/OnEkSecilir/OnEk' is clicked on

2021-11-18 11:58:32 - [MESSAGE][INFO] - Finding Test Object 'Object Repository/Olusturma/Genel/OnEkSecilir/OnEk'

2021-11-18 11:58:32 - [MESSAGE][INFO] - Checking object

2021-11-18 11:58:32 - [MESSAGE][INFO] - Finding web element from Test Object's properties

2021-11-18 11:58:32 - [MESSAGE][INFO] - Checking timeout

2021-11-18 11:58:32 - [MESSAGE][INFO] - Finding web element with id: 'Object Repository/Olusturma/Genel/OnEkSecilir/OnEk' located by 'By.xpath: //*[@id = 'InvoicePrefix_I']' in '30' second(s)

2021-11-18 11:58:32 - [MESSAGE][INFO] - Smart Wait Function is triggered

2021-11-18 11:58:32 - [MESSAGE][INFO] - Found 1 web elements with id: 'Object Repository/Olusturma/Genel/OnEkSecilir/OnEk' located by 'By.xpath: //*[@id = 'InvoicePrefix_I']' in '30' second(s)

2021-11-18 11:58:32 - [MESSAGE][INFO] - Clicking on object: 'Object Repository/Olusturma/Genel/OnEkSecilir/OnEk'

2021-11-18 11:58:32 - [MESSAGE][PASSED] - Object: 'Object Repository/Olusturma/Genel/OnEkSecilir/OnEk' is clicked on

2021-11-18 11:58:32 - [TEST_STEP][PASSED] - Method.TextDegerineEsitElementeTiklaEquals(findTestObject("Object Repository/Olusturma/Genel/OnEkSecilir/OnEkAdi"), Ek): Method.TextDegerineEsitElementeTiklaEquals is PASSED

2021-11-18 11:58:32 - [MESSAGE][INFO] - Finding Test Object 'Object Repository/Olusturma/Genel/OnEkSecilir/OnEkAdi'

2021-11-18 11:58:32 - [MESSAGE][INFO] - Checking timeout

2021-11-18 11:58:32 - [MESSAGE][INFO] - Finding web element with id: 'Object Repository/Olusturma/Genel/OnEkSecilir/OnEkAdi' located by 'By.cssSelector: #InvoicePrefix_DDD_L_LBT td' in '10' second(s)

2021-11-18 11:58:32 - [MESSAGE][INFO] - Smart Wait Function is triggered

2021-11-18 11:58:32 - [MESSAGE][INFO] - Found 1 web elements with id: 'Object Repository/Olusturma/Genel/OnEkSecilir/OnEkAdi' located by 'By.cssSelector: #InvoicePrefix_DDD_L_LBT td' in '10' second(s)

2021-11-18 11:58:32 - [MESSAGE][PASSED] - Method.TextDegerineEsitElementeTiklaEquals is PASSED

2021-11-18 11:58:32 - [MESSAGE][PASSED] - Call Test Case 'Test Cases/Olusturma/Genel/OnEkSecilir' successfully

2021-11-18 11:58:32 - [MESSAGE][INFO] - Checking called Test Case

2021-11-18 11:58:32 - [MESSAGE][INFO] - Starting to call Test Case 'Test Cases/Olusturma/Genel/TasarimSecilir'

2021-11-18 11:58:33 - [TEST_CASE][PASSED] - Test Cases/Olusturma/Genel/TasarimSecilir: Test Cases/Olusturma/Genel/TasarimSecilir

2021-11-18 11:58:33 - [TEST_STEP][PASSED] - waitForElementClickable(findTestObject("Object Repository/Olusturma/Genel/TasarimSecilir/Tasarim"), 10): Object 'Object Repository/Olusturma/Genel/TasarimSecilir/Tasarim' is clickable

2021-11-18 11:58:33 - [MESSAGE][INFO] - Finding Test Object 'Object Repository/Olusturma/Genel/TasarimSecilir/Tasarim'

2021-11-18 11:58:33 - [MESSAGE][INFO] - Checking object

2021-11-18 11:58:33 - [MESSAGE][INFO] - Checking timeout

2021-11-18 11:58:33 - [MESSAGE][INFO] - Finding web element from Test Object's properties

2021-11-18 11:58:33 - [MESSAGE][INFO] - Checking timeout

2021-11-18 11:58:33 - [MESSAGE][INFO] - Finding web element with id: 'Object Repository/Olusturma/Genel/TasarimSecilir/Tasarim' located by 'By.xpath: //*[@id = 'DesignId_I']' in '10' second(s)

2021-11-18 11:58:33 - [MESSAGE][INFO] - Smart Wait Function is triggered

2021-11-18 11:58:33 - [MESSAGE][INFO] - Found 1 web elements with id: 'Object Repository/Olusturma/Genel/TasarimSecilir/Tasarim' located by 'By.xpath: //*[@id = 'DesignId_I']' in '10' second(s)

2021-11-18 11:58:33 - [MESSAGE][PASSED] - Object 'Object Repository/Olusturma/Genel/TasarimSecilir/Tasarim' is clickable

2021-11-18 11:58:33 - [TEST_STEP][PASSED] - click(findTestObject("Object Repository/Olusturma/Genel/TasarimSecilir/Tasarim")): Object: 'Object Repository/Olusturma/Genel/TasarimSecilir/Tasarim' is clicked on

2021-11-18 11:58:33 - [MESSAGE][INFO] - Finding Test Object 'Object Repository/Olusturma/Genel/TasarimSecilir/Tasarim'

2021-11-18 11:58:33 - [MESSAGE][INFO] - Checking object

2021-11-18 11:58:33 - [MESSAGE][INFO] - Finding web element from Test Object's properties

2021-11-18 11:58:33 - [MESSAGE][INFO] - Checking timeout

2021-11-18 11:58:33 - [MESSAGE][INFO] - Finding web element with id: 'Object Repository/Olusturma/Genel/TasarimSecilir/Tasarim' located by 'By.xpath: //*[@id = 'DesignId_I']' in '30' second(s)

2021-11-18 11:58:33 - [MESSAGE][INFO] - Smart Wait Function is triggered

2021-11-18 11:58:33 - [MESSAGE][INFO] - Found 1 web elements with id: 'Object Repository/Olusturma/Genel/TasarimSecilir/Tasarim' located by 'By.xpath: //*[@id = 'DesignId_I']' in '30' second(s)

2021-11-18 11:58:33 - [MESSAGE][INFO] - Clicking on object: 'Object Repository/Olusturma/Genel/TasarimSecilir/Tasarim'

2021-11-18 11:58:33 - [MESSAGE][PASSED] - Object: 'Object Repository/Olusturma/Genel/TasarimSecilir/Tasarim' is clicked on

2021-11-18 11:58:33 - [TEST_STEP][PASSED] - Method.TextDegerineEsitElementeTikla(findTestObject("Object Repository/Olusturma/Genel/TasarimSecilir/Tasarim_Adi"), Tasarim): Method.TextDegerineEsitElementeTikla is PASSED

2021-11-18 11:58:33 - [MESSAGE][INFO] - Finding Test Object 'Object Repository/Olusturma/Genel/TasarimSecilir/Tasarim_Adi'

2021-11-18 11:58:33 - [MESSAGE][INFO] - Checking timeout

2021-11-18 11:58:33 - [MESSAGE][INFO] - Finding web element with id: 'Object Repository/Olusturma/Genel/TasarimSecilir/Tasarim_Adi' located by 'By.cssSelector: #DesignId_DDD_L_LBT td' in '10' second(s)

2021-11-18 11:58:33 - [MESSAGE][INFO] - Smart Wait Function is triggered

2021-11-18 11:58:34 - [MESSAGE][INFO] - Found 1 web elements with id: 'Object Repository/Olusturma/Genel/TasarimSecilir/Tasarim_Adi' located by 'By.cssSelector: #DesignId_DDD_L_LBT td' in '10' second(s)

2021-11-18 11:58:34 - [MESSAGE][PASSED] - Method.TextDegerineEsitElementeTikla is PASSED

2021-11-18 11:58:34 - [MESSAGE][PASSED] - Call Test Case 'Test Cases/Olusturma/Genel/TasarimSecilir' successfully

2021-11-18 11:58:34 - [MESSAGE][INFO] - Checking called Test Case

2021-11-18 11:58:34 - [MESSAGE][INFO] - Starting to call Test Case 'Test Cases/Olusturma/Genel/Kutular/SiparisBilgileriGirilir'

2021-11-18 11:58:34 - [TEST_CASE][PASSED] - Test Cases/Olusturma/Genel/Kutular/SiparisBilgileriGirilir: Test Cases/Olusturma/Genel/Kutular/SiparisBilgileriGirilir

2021-11-18 11:58:34 - [TEST_STEP][PASSED] - Method.TextDegerineEsitElementeTikla(findTestObject("Olusturma/Genel/Kutular/KapaliKutular"), "Sipariş Bilgileri"): Method.TextDegerineEsitElementeTikla is PASSED

2021-11-18 11:58:34 - [MESSAGE][INFO] - Finding Test Object 'Object Repository/Olusturma/Genel/Kutular/KapaliKutular'

2021-11-18 11:58:34 - [MESSAGE][INFO] - Checking timeout

2021-11-18 11:58:34 - [MESSAGE][INFO] - Finding web element with id: 'Object Repository/Olusturma/Genel/Kutular/KapaliKutular' located by 'By.cssSelector: .dxnb-headerCollapsed>span' in '10' second(s)

2021-11-18 11:58:34 - [MESSAGE][INFO] - Smart Wait Function is triggered

2021-11-18 11:58:34 - [MESSAGE][INFO] - Found 8 web elements with id: 'Object Repository/Olusturma/Genel/Kutular/KapaliKutular' located by 'By.cssSelector: .dxnb-headerCollapsed>span' in '10' second(s)

2021-11-18 11:58:34 - [MESSAGE][PASSED] - Method.TextDegerineEsitElementeTikla is PASSED

2021-11-18 11:58:34 - [TEST_STEP][PASSED] - waitForElementPresent(findTestObject("Object Repository/Olusturma/Genel/Kutular/SiparisBilgileri/SiparisNo"), 10): Object 'Object Repository/Olusturma/Genel/Kutular/SiparisBilgileri/SiparisNo' is present

2021-11-18 11:58:34 - [MESSAGE][INFO] - Finding Test Object 'Object Repository/Olusturma/Genel/Kutular/SiparisBilgileri/SiparisNo'

2021-11-18 11:58:34 - [MESSAGE][INFO] - Checking object

2021-11-18 11:58:34 - [MESSAGE][INFO] - Finding web element from Test Object's properties

2021-11-18 11:58:34 - [MESSAGE][INFO] - Checking timeout

2021-11-18 11:58:34 - [MESSAGE][INFO] - Finding web element with id: 'Object Repository/Olusturma/Genel/Kutular/SiparisBilgileri/SiparisNo' located by 'By.xpath: //*[@id = 'txtSiparisNo_I']' in '10' second(s)

2021-11-18 11:58:34 - [MESSAGE][INFO] - Smart Wait Function is triggered

2021-11-18 11:58:35 - [MESSAGE][INFO] - Found 1 web elements with id: 'Object Repository/Olusturma/Genel/Kutular/SiparisBilgileri/SiparisNo' located by 'By.xpath: //*[@id = 'txtSiparisNo_I']' in '10' second(s)

2021-11-18 11:58:35 - [MESSAGE][PASSED] - Object 'Object Repository/Olusturma/Genel/Kutular/SiparisBilgileri/SiparisNo' is present

2021-11-18 11:58:35 - [TEST_STEP][PASSED] - clearText(findTestObject("Object Repository/Olusturma/Genel/Kutular/SiparisBilgileri/SiparisNo")): Text of object 'Object Repository/Olusturma/Genel/Kutular/SiparisBilgileri/SiparisNo' is cleared

2021-11-18 11:58:35 - [MESSAGE][INFO] - Finding Test Object 'Object Repository/Olusturma/Genel/Kutular/SiparisBilgileri/SiparisNo'

2021-11-18 11:58:35 - [MESSAGE][INFO] - Checking object

2021-11-18 11:58:35 - [MESSAGE][INFO] - Finding web element from Test Object's properties

2021-11-18 11:58:35 - [MESSAGE][INFO] - Checking timeout

2021-11-18 11:58:35 - [MESSAGE][INFO] - Finding web element with id: 'Object Repository/Olusturma/Genel/Kutular/SiparisBilgileri/SiparisNo' located by 'By.xpath: //*[@id = 'txtSiparisNo_I']' in '30' second(s)

2021-11-18 11:58:35 - [MESSAGE][INFO] - Smart Wait Function is triggered

2021-11-18 11:58:35 - [MESSAGE][INFO] - Found 1 web elements with id: 'Object Repository/Olusturma/Genel/Kutular/SiparisBilgileri/SiparisNo' located by 'By.xpath: //*[@id = 'txtSiparisNo_I']' in '30' second(s)

2021-11-18 11:58:35 - [MESSAGE][INFO] - Clearing text of object 'Object Repository/Olusturma/Genel/Kutular/SiparisBilgileri/SiparisNo'

2021-11-18 11:58:35 - [MESSAGE][PASSED] - Text of object 'Object Repository/Olusturma/Genel/Kutular/SiparisBilgileri/SiparisNo' is cleared

2021-11-18 11:58:35 - [TEST_STEP][PASSED] - sendKeys(findTestObject("Object Repository/Olusturma/Genel/Kutular/SiparisBilgileri/SiparisNo"), SiparisNo): Keys 'UUC-SAT-1200001' sent to object: 'Object Repository/Olusturma/Genel/Kutular/SiparisBilgileri/SiparisNo'

2021-11-18 11:58:35 - [MESSAGE][INFO] - Finding Test Object 'Object Repository/Olusturma/Genel/Kutular/SiparisBilgileri/SiparisNo'

2021-11-18 11:58:35 - [MESSAGE][INFO] - Sending keys 'UUC-SAT-1200001' to object: 'Object Repository/Olusturma/Genel/Kutular/SiparisBilgileri/SiparisNo'

2021-11-18 11:58:35 - [MESSAGE][INFO] - Finding web element from Test Object's properties

2021-11-18 11:58:35 - [MESSAGE][INFO] - Checking timeout

2021-11-18 11:58:35 - [MESSAGE][INFO] - Finding web element with id: 'Object Repository/Olusturma/Genel/Kutular/SiparisBilgileri/SiparisNo' located by 'By.xpath: //*[@id = 'txtSiparisNo_I']' in '30' second(s)

2021-11-18 11:58:35 - [MESSAGE][INFO] - Smart Wait Function is triggered

2021-11-18 11:58:35 - [MESSAGE][INFO] - Found 1 web elements with id: 'Object Repository/Olusturma/Genel/Kutular/SiparisBilgileri/SiparisNo' located by 'By.xpath: //*[@id = 'txtSiparisNo_I']' in '30' second(s)

2021-11-18 11:58:36 - [MESSAGE][PASSED] - Keys 'UUC-SAT-1200001' sent to object: 'Object Repository/Olusturma/Genel/Kutular/SiparisBilgileri/SiparisNo'

2021-11-18 11:58:36 - [TEST_STEP][PASSED] - waitForElementClickable(findTestObject("Object Repository/Olusturma/Genel/Kutular/SiparisBilgileri/SiparisTarihiImage"), 10): Object 'Object Repository/Olusturma/Genel/Kutular/SiparisBilgileri/SiparisTarihiImage' is clickable

2021-11-18 11:58:36 - [MESSAGE][INFO] - Finding Test Object 'Object Repository/Olusturma/Genel/Kutular/SiparisBilgileri/SiparisTarihiImage'

2021-11-18 11:58:36 - [MESSAGE][INFO] - Checking object

2021-11-18 11:58:36 - [MESSAGE][INFO] - Checking timeout

2021-11-18 11:58:36 - [MESSAGE][INFO] - Finding web element from Test Object's properties

2021-11-18 11:58:36 - [MESSAGE][INFO] - Checking timeout

2021-11-18 11:58:36 - [MESSAGE][INFO] - Finding web element with id: 'Object Repository/Olusturma/Genel/Kutular/SiparisBilgileri/SiparisTarihiImage' located by 'By.cssSelector: #dateSiparisTarih img' in '10' second(s)

2021-11-18 11:58:36 - [MESSAGE][INFO] - Smart Wait Function is triggered

2021-11-18 11:58:36 - [MESSAGE][INFO] - Found 1 web elements with id: 'Object Repository/Olusturma/Genel/Kutular/SiparisBilgileri/SiparisTarihiImage' located by 'By.cssSelector: #dateSiparisTarih img' in '10' second(s)

2021-11-18 11:58:36 - [MESSAGE][PASSED] - Object 'Object Repository/Olusturma/Genel/Kutular/SiparisBilgileri/SiparisTarihiImage' is clickable

2021-11-18 11:58:36 - [TEST_STEP][PASSED] - click(findTestObject("Object Repository/Olusturma/Genel/Kutular/SiparisBilgileri/SiparisTarihiImage")): Object: 'Object Repository/Olusturma/Genel/Kutular/SiparisBilgileri/SiparisTarihiImage' is clicked on

2021-11-18 11:58:36 - [MESSAGE][INFO] - Finding Test Object 'Object Repository/Olusturma/Genel/Kutular/SiparisBilgileri/SiparisTarihiImage'

2021-11-18 11:58:36 - [MESSAGE][INFO] - Checking object

2021-11-18 11:58:36 - [MESSAGE][INFO] - Finding web element from Test Object's properties

2021-11-18 11:58:36 - [MESSAGE][INFO] - Checking timeout

2021-11-18 11:58:36 - [MESSAGE][INFO] - Finding web element with id: 'Object Repository/Olusturma/Genel/Kutular/SiparisBilgileri/SiparisTarihiImage' located by 'By.cssSelector: #dateSiparisTarih img' in '30' second(s)

2021-11-18 11:58:36 - [MESSAGE][INFO] - Smart Wait Function is triggered

2021-11-18 11:58:36 - [MESSAGE][INFO] - Found 1 web elements with id: 'Object Repository/Olusturma/Genel/Kutular/SiparisBilgileri/SiparisTarihiImage' located by 'By.cssSelector: #dateSiparisTarih img' in '30' second(s)

2021-11-18 11:58:36 - [MESSAGE][INFO] - Clicking on object: 'Object Repository/Olusturma/Genel/Kutular/SiparisBilgileri/SiparisTarihiImage'

2021-11-18 11:58:36 - [MESSAGE][PASSED] - Object: 'Object Repository/Olusturma/Genel/Kutular/SiparisBilgileri/SiparisTarihiImage' is clicked on

2021-11-18 11:58:36 - [TEST_STEP][PASSED] - waitForElementPresent(findTestObject("Object Repository/Olusturma/Genel/Kutular/SiparisBilgileri/SiparisTarihi"), 10): Object 'Object Repository/Olusturma/Genel/Kutular/SiparisBilgileri/SiparisTarihi' is present

2021-11-18 11:58:36 - [MESSAGE][INFO] - Finding Test Object 'Object Repository/Olusturma/Genel/Kutular/SiparisBilgileri/SiparisTarihi'

2021-11-18 11:58:36 - [MESSAGE][INFO] - Checking object

2021-11-18 11:58:36 - [MESSAGE][INFO] - Finding web element from Test Object's properties

2021-11-18 11:58:36 - [MESSAGE][INFO] - Checking timeout

2021-11-18 11:58:36 - [MESSAGE][INFO] - Finding web element with id: 'Object Repository/Olusturma/Genel/Kutular/SiparisBilgileri/SiparisTarihi' located by 'By.xpath: //*[@id = 'dateSiparisTarih_I']' in '10' second(s)

2021-11-18 11:58:36 - [MESSAGE][INFO] - Smart Wait Function is triggered

2021-11-18 11:58:37 - [MESSAGE][INFO] - Found 1 web elements with id: 'Object Repository/Olusturma/Genel/Kutular/SiparisBilgileri/SiparisTarihi' located by 'By.xpath: //*[@id = 'dateSiparisTarih_I']' in '10' second(s)

2021-11-18 11:58:37 - [MESSAGE][PASSED] - Object 'Object Repository/Olusturma/Genel/Kutular/SiparisBilgileri/SiparisTarihi' is present

2021-11-18 11:58:37 - [TEST_STEP][PASSED] - clearText(findTestObject("Object Repository/Olusturma/Genel/Kutular/SiparisBilgileri/SiparisTarihi")): Text of object 'Object Repository/Olusturma/Genel/Kutular/SiparisBilgileri/SiparisTarihi' is cleared

2021-11-18 11:58:37 - [MESSAGE][INFO] - Finding Test Object 'Object Repository/Olusturma/Genel/Kutular/SiparisBilgileri/SiparisTarihi'

2021-11-18 11:58:37 - [MESSAGE][INFO] - Checking object

2021-11-18 11:58:37 - [MESSAGE][INFO] - Finding web element from Test Object's properties

2021-11-18 11:58:37 - [MESSAGE][INFO] - Checking timeout

2021-11-18 11:58:37 - [MESSAGE][INFO] - Finding web element with id: 'Object Repository/Olusturma/Genel/Kutular/SiparisBilgileri/SiparisTarihi' located by 'By.xpath: //*[@id = 'dateSiparisTarih_I']' in '30' second(s)

2021-11-18 11:58:37 - [MESSAGE][INFO] - Smart Wait Function is triggered

2021-11-18 11:58:37 - [MESSAGE][INFO] - Found 1 web elements with id: 'Object Repository/Olusturma/Genel/Kutular/SiparisBilgileri/SiparisTarihi' located by 'By.xpath: //*[@id = 'dateSiparisTarih_I']' in '30' second(s)

2021-11-18 11:58:37 - [MESSAGE][INFO] - Clearing text of object 'Object Repository/Olusturma/Genel/Kutular/SiparisBilgileri/SiparisTarihi'

2021-11-18 11:58:37 - [MESSAGE][PASSED] - Text of object 'Object Repository/Olusturma/Genel/Kutular/SiparisBilgileri/SiparisTarihi' is cleared

2021-11-18 11:58:37 - [TEST_STEP][PASSED] - sendKeys(findTestObject("Object Repository/Olusturma/Genel/Kutular/SiparisBilgileri/SiparisTarihi"), Tarih): Keys '30.04.2020' sent to object: 'Object Repository/Olusturma/Genel/Kutular/SiparisBilgileri/SiparisTarihi'

2021-11-18 11:58:37 - [MESSAGE][INFO] - Finding Test Object 'Object Repository/Olusturma/Genel/Kutular/SiparisBilgileri/SiparisTarihi'

2021-11-18 11:58:37 - [MESSAGE][INFO] - Sending keys '30.04.2020' to object: 'Object Repository/Olusturma/Genel/Kutular/SiparisBilgileri/SiparisTarihi'

2021-11-18 11:58:37 - [MESSAGE][INFO] - Finding web element from Test Object's properties

2021-11-18 11:58:37 - [MESSAGE][INFO] - Checking timeout

2021-11-18 11:58:37 - [MESSAGE][INFO] - Finding web element with id: 'Object Repository/Olusturma/Genel/Kutular/SiparisBilgileri/SiparisTarihi' located by 'By.xpath: //*[@id = 'dateSiparisTarih_I']' in '30' second(s)

2021-11-18 11:58:37 - [MESSAGE][INFO] - Smart Wait Function is triggered

2021-11-18 11:58:38 - [MESSAGE][INFO] - Found 1 web elements with id: 'Object Repository/Olusturma/Genel/Kutular/SiparisBilgileri/SiparisTarihi' located by 'By.xpath: //*[@id = 'dateSiparisTarih_I']' in '30' second(s)

2021-11-18 11:58:38 - [MESSAGE][PASSED] - Keys '30.04.2020' sent to object: 'Object Repository/Olusturma/Genel/Kutular/SiparisBilgileri/SiparisTarihi'

2021-11-18 11:58:38 - [MESSAGE][PASSED] - Call Test Case 'Test Cases/Olusturma/Genel/Kutular/SiparisBilgileriGirilir' successfully

2021-11-18 11:58:38 - [MESSAGE][INFO] - Checking called Test Case

2021-11-18 11:58:38 - [MESSAGE][INFO] - Starting to call Test Case 'Test Cases/Olusturma/Genel/Kutular/IrsaliyeBilgileri'

2021-11-18 11:58:38 - [TEST_CASE][PASSED] - Test Cases/Olusturma/Genel/Kutular/IrsaliyeBilgileri: Test Cases/Olusturma/Genel/Kutular/IrsaliyeBilgileri

2021-11-18 11:58:38 - [TEST_STEP][PASSED] - Method.TextDegerineEsitElementeTikla(findTestObject("Olusturma/Genel/Kutular/KapaliKutular"), "İrsaliye Bilgileri"): Method.TextDegerineEsitElementeTikla is PASSED

2021-11-18 11:58:38 - [MESSAGE][INFO] - Finding Test Object 'Object Repository/Olusturma/Genel/Kutular/KapaliKutular'

2021-11-18 11:58:38 - [MESSAGE][INFO] - Checking timeout

2021-11-18 11:58:38 - [MESSAGE][INFO] - Finding web element with id: 'Object Repository/Olusturma/Genel/Kutular/KapaliKutular' located by 'By.cssSelector: .dxnb-headerCollapsed>span' in '10' second(s)

2021-11-18 11:58:38 - [MESSAGE][INFO] - Smart Wait Function is triggered

2021-11-18 11:58:38 - [MESSAGE][INFO] - Found 8 web elements with id: 'Object Repository/Olusturma/Genel/Kutular/KapaliKutular' located by 'By.cssSelector: .dxnb-headerCollapsed>span' in '10' second(s)

2021-11-18 11:58:38 - [MESSAGE][PASSED] - Method.TextDegerineEsitElementeTikla is PASSED

2021-11-18 11:58:38 - [TEST_STEP][PASSED] - waitForElementClickable(findTestObject("Olusturma/Genel/Kutular/IrsaliyeBilgileri/Ekle"), 10): Object 'Object Repository/Olusturma/Genel/Kutular/IrsaliyeBilgileri/Ekle' is clickable

2021-11-18 11:58:38 - [MESSAGE][INFO] - Finding Test Object 'Object Repository/Olusturma/Genel/Kutular/IrsaliyeBilgileri/Ekle'

2021-11-18 11:58:38 - [MESSAGE][INFO] - Checking object

2021-11-18 11:58:38 - [MESSAGE][INFO] - Checking timeout

2021-11-18 11:58:38 - [MESSAGE][INFO] - Finding web element from Test Object's properties

2021-11-18 11:58:38 - [MESSAGE][INFO] - Checking timeout

2021-11-18 11:58:38 - [MESSAGE][INFO] - Finding web element with id: 'Object Repository/Olusturma/Genel/Kutular/IrsaliyeBilgileri/Ekle' located by 'By.xpath: //*[@id = 'DXEditorgvUserInvoiceBillsNewRowBtn']' in '10' second(s)

2021-11-18 11:58:38 - [MESSAGE][INFO] - Smart Wait Function is triggered

2021-11-18 11:58:39 - [MESSAGE][INFO] - Found 1 web elements with id: 'Object Repository/Olusturma/Genel/Kutular/IrsaliyeBilgileri/Ekle' located by 'By.xpath: //*[@id = 'DXEditorgvUserInvoiceBillsNewRowBtn']' in '10' second(s)

2021-11-18 11:58:39 - [MESSAGE][PASSED] - Object 'Object Repository/Olusturma/Genel/Kutular/IrsaliyeBilgileri/Ekle' is clickable

2021-11-18 11:58:39 - [TEST_STEP][PASSED] - click(findTestObject("Olusturma/Genel/Kutular/IrsaliyeBilgileri/Ekle")): Object: 'Object Repository/Olusturma/Genel/Kutular/IrsaliyeBilgileri/Ekle' is clicked on

2021-11-18 11:58:39 - [MESSAGE][INFO] - Finding Test Object 'Object Repository/Olusturma/Genel/Kutular/IrsaliyeBilgileri/Ekle'

2021-11-18 11:58:39 - [MESSAGE][INFO] - Checking object

2021-11-18 11:58:39 - [MESSAGE][INFO] - Finding web element from Test Object's properties

2021-11-18 11:58:39 - [MESSAGE][INFO] - Checking timeout

2021-11-18 11:58:39 - [MESSAGE][INFO] - Finding web element with id: 'Object Repository/Olusturma/Genel/Kutular/IrsaliyeBilgileri/Ekle' located by 'By.xpath: //*[@id = 'DXEditorgvUserInvoiceBillsNewRowBtn']' in '30' second(s)

2021-11-18 11:58:39 - [MESSAGE][INFO] - Smart Wait Function is triggered

2021-11-18 11:58:39 - [MESSAGE][INFO] - Found 1 web elements with id: 'Object Repository/Olusturma/Genel/Kutular/IrsaliyeBilgileri/Ekle' located by 'By.xpath: //*[@id = 'DXEditorgvUserInvoiceBillsNewRowBtn']' in '30' second(s)

2021-11-18 11:58:39 - [MESSAGE][INFO] - Clicking on object: 'Object Repository/Olusturma/Genel/Kutular/IrsaliyeBilgileri/Ekle'

2021-11-18 11:58:39 - [MESSAGE][PASSED] - Object: 'Object Repository/Olusturma/Genel/Kutular/IrsaliyeBilgileri/Ekle' is clicked on

2021-11-18 11:58:39 - [TEST_STEP][PASSED] - waitForElementPresent(findTestObject("Object Repository/Olusturma/Genel/Kutular/IrsaliyeBilgileri/IrsaliyeNumarasi"), 10): Object 'Object Repository/Olusturma/Genel/Kutular/IrsaliyeBilgileri/IrsaliyeNumarasi' is present

2021-11-18 11:58:39 - [MESSAGE][INFO] - Finding Test Object 'Object Repository/Olusturma/Genel/Kutular/IrsaliyeBilgileri/IrsaliyeNumarasi'

2021-11-18 11:58:39 - [MESSAGE][INFO] - Checking object

2021-11-18 11:58:39 - [MESSAGE][INFO] - Finding web element from Test Object's properties

2021-11-18 11:58:39 - [MESSAGE][INFO] - Checking timeout

2021-11-18 11:58:39 - [MESSAGE][INFO] - Finding web element with id: 'Object Repository/Olusturma/Genel/Kutular/IrsaliyeBilgileri/IrsaliyeNumarasi' located by 'By.xpath: //*[@id = 'gvUserInvoiceBills_DXEditor1_I']' in '10' second(s)

2021-11-18 11:58:39 - [MESSAGE][INFO] - Smart Wait Function is triggered

2021-11-18 11:58:39 - [MESSAGE][INFO] - Smart Wait Function is triggered

2021-11-18 11:58:40 - [MESSAGE][INFO] - Smart Wait Function is triggered

2021-11-18 11:58:40 - [MESSAGE][INFO] - Found 1 web elements with id: 'Object Repository/Olusturma/Genel/Kutular/IrsaliyeBilgileri/IrsaliyeNumarasi' located by 'By.xpath: //*[@id = 'gvUserInvoiceBills_DXEditor1_I']' in '10' second(s)

2021-11-18 11:58:40 - [MESSAGE][PASSED] - Object 'Object Repository/Olusturma/Genel/Kutular/IrsaliyeBilgileri/IrsaliyeNumarasi' is present

2021-11-18 11:58:40 - [TEST_STEP][PASSED] - clearText(findTestObject("Object Repository/Olusturma/Genel/Kutular/IrsaliyeBilgileri/IrsaliyeNumarasi")): Text of object 'Object Repository/Olusturma/Genel/Kutular/IrsaliyeBilgileri/IrsaliyeNumarasi' is cleared

2021-11-18 11:58:40 - [MESSAGE][INFO] - Finding Test Object 'Object Repository/Olusturma/Genel/Kutular/IrsaliyeBilgileri/IrsaliyeNumarasi'

2021-11-18 11:58:40 - [MESSAGE][INFO] - Checking object

2021-11-18 11:58:40 - [MESSAGE][INFO] - Finding web element from Test Object's properties

2021-11-18 11:58:40 - [MESSAGE][INFO] - Checking timeout

2021-11-18 11:58:40 - [MESSAGE][INFO] - Finding web element with id: 'Object Repository/Olusturma/Genel/Kutular/IrsaliyeBilgileri/IrsaliyeNumarasi' located by 'By.xpath: //*[@id = 'gvUserInvoiceBills_DXEditor1_I']' in '30' second(s)

2021-11-18 11:58:40 - [MESSAGE][INFO] - Smart Wait Function is triggered

2021-11-18 11:58:41 - [MESSAGE][INFO] - Found 1 web elements with id: 'Object Repository/Olusturma/Genel/Kutular/IrsaliyeBilgileri/IrsaliyeNumarasi' located by 'By.xpath: //*[@id = 'gvUserInvoiceBills_DXEditor1_I']' in '30' second(s)

2021-11-18 11:58:41 - [MESSAGE][INFO] - Clearing text of object 'Object Repository/Olusturma/Genel/Kutular/IrsaliyeBilgileri/IrsaliyeNumarasi'

2021-11-18 11:58:41 - [MESSAGE][PASSED] - Text of object 'Object Repository/Olusturma/Genel/Kutular/IrsaliyeBilgileri/IrsaliyeNumarasi' is cleared

2021-11-18 11:58:41 - [TEST_STEP][PASSED] - sendKeys(findTestObject("Object Repository/Olusturma/Genel/Kutular/IrsaliyeBilgileri/IrsaliyeNumarasi"), Numara): Keys 'AAAAAAAAAA' sent to object: 'Object Repository/Olusturma/Genel/Kutular/IrsaliyeBilgileri/IrsaliyeNumarasi'

2021-11-18 11:58:41 - [MESSAGE][INFO] - Finding Test Object 'Object Repository/Olusturma/Genel/Kutular/IrsaliyeBilgileri/IrsaliyeNumarasi'

2021-11-18 11:58:41 - [MESSAGE][INFO] - Sending keys 'AAAAAAAAAA' to object: 'Object Repository/Olusturma/Genel/Kutular/IrsaliyeBilgileri/IrsaliyeNumarasi'

2021-11-18 11:58:41 - [MESSAGE][INFO] - Finding web element from Test Object's properties

2021-11-18 11:58:41 - [MESSAGE][INFO] - Checking timeout

2021-11-18 11:58:41 - [MESSAGE][INFO] - Finding web element with id: 'Object Repository/Olusturma/Genel/Kutular/IrsaliyeBilgileri/IrsaliyeNumarasi' located by 'By.xpath: //*[@id = 'gvUserInvoiceBills_DXEditor1_I']' in '30' second(s)

2021-11-18 11:58:41 - [MESSAGE][INFO] - Smart Wait Function is triggered

2021-11-18 11:58:41 - [MESSAGE][INFO] - Found 1 web elements with id: 'Object Repository/Olusturma/Genel/Kutular/IrsaliyeBilgileri/IrsaliyeNumarasi' located by 'By.xpath: //*[@id = 'gvUserInvoiceBills_DXEditor1_I']' in '30' second(s)

2021-11-18 11:58:41 - [MESSAGE][PASSED] - Keys 'AAAAAAAAAA' sent to object: 'Object Repository/Olusturma/Genel/Kutular/IrsaliyeBilgileri/IrsaliyeNumarasi'

2021-11-18 11:58:41 - [TEST_STEP][PASSED] - waitForElementClickable(findTestObject("Object Repository/Olusturma/Genel/Kutular/IrsaliyeBilgileri/IrsaliyeTarihi"), 10): Object 'Object Repository/Olusturma/Genel/Kutular/IrsaliyeBilgileri/IrsaliyeTarihi' is clickable

2021-11-18 11:58:41 - [MESSAGE][INFO] - Finding Test Object 'Object Repository/Olusturma/Genel/Kutular/IrsaliyeBilgileri/IrsaliyeTarihi'

2021-11-18 11:58:41 - [MESSAGE][INFO] - Checking object

2021-11-18 11:58:41 - [MESSAGE][INFO] - Checking timeout

2021-11-18 11:58:41 - [MESSAGE][INFO] - Finding web element from Test Object's properties

2021-11-18 11:58:41 - [MESSAGE][INFO] - Checking timeout

2021-11-18 11:58:41 - [MESSAGE][INFO] - Finding web element with id: 'Object Repository/Olusturma/Genel/Kutular/IrsaliyeBilgileri/IrsaliyeTarihi' located by 'By.xpath: //*[@id = 'gvUserInvoiceBills_DXEditor2_I']' in '10' second(s)

2021-11-18 11:58:41 - [MESSAGE][INFO] - Smart Wait Function is triggered

2021-11-18 11:58:41 - [MESSAGE][INFO] - Found 1 web elements with id: 'Object Repository/Olusturma/Genel/Kutular/IrsaliyeBilgileri/IrsaliyeTarihi' located by 'By.xpath: //*[@id = 'gvUserInvoiceBills_DXEditor2_I']' in '10' second(s)

2021-11-18 11:58:41 - [MESSAGE][PASSED] - Object 'Object Repository/Olusturma/Genel/Kutular/IrsaliyeBilgileri/IrsaliyeTarihi' is clickable

2021-11-18 11:58:41 - [TEST_STEP][PASSED] - click(findTestObject("Object Repository/Olusturma/Genel/Kutular/IrsaliyeBilgileri/IrsaliyeTarihi")): Object: 'Object Repository/Olusturma/Genel/Kutular/IrsaliyeBilgileri/IrsaliyeTarihi' is clicked on

2021-11-18 11:58:41 - [MESSAGE][INFO] - Finding Test Object 'Object Repository/Olusturma/Genel/Kutular/IrsaliyeBilgileri/IrsaliyeTarihi'

2021-11-18 11:58:41 - [MESSAGE][INFO] - Checking object

2021-11-18 11:58:41 - [MESSAGE][INFO] - Finding web element from Test Object's properties

2021-11-18 11:58:41 - [MESSAGE][INFO] - Checking timeout

2021-11-18 11:58:41 - [MESSAGE][INFO] - Finding web element with id: 'Object Repository/Olusturma/Genel/Kutular/IrsaliyeBilgileri/IrsaliyeTarihi' located by 'By.xpath: //*[@id = 'gvUserInvoiceBills_DXEditor2_I']' in '30' second(s)

2021-11-18 11:58:41 - [MESSAGE][INFO] - Smart Wait Function is triggered

2021-11-18 11:58:42 - [MESSAGE][INFO] - Found 1 web elements with id: 'Object Repository/Olusturma/Genel/Kutular/IrsaliyeBilgileri/IrsaliyeTarihi' located by 'By.xpath: //*[@id = 'gvUserInvoiceBills_DXEditor2_I']' in '30' second(s)

2021-11-18 11:58:42 - [MESSAGE][INFO] - Clicking on object: 'Object Repository/Olusturma/Genel/Kutular/IrsaliyeBilgileri/IrsaliyeTarihi'

2021-11-18 11:58:42 - [MESSAGE][PASSED] - Object: 'Object Repository/Olusturma/Genel/Kutular/IrsaliyeBilgileri/IrsaliyeTarihi' is clicked on

2021-11-18 11:58:42 - [TEST_STEP][PASSED] - sendKeys(findTestObject("Object Repository/Olusturma/Genel/Kutular/IrsaliyeBilgileri/IrsaliyeTarihi"), Tarih): Keys '30.04.2020' sent to object: 'Object Repository/Olusturma/Genel/Kutular/IrsaliyeBilgileri/IrsaliyeTarihi'

2021-11-18 11:58:42 - [MESSAGE][INFO] - Finding Test Object 'Object Repository/Olusturma/Genel/Kutular/IrsaliyeBilgileri/IrsaliyeTarihi'

2021-11-18 11:58:42 - [MESSAGE][INFO] - Sending keys '30.04.2020' to object: 'Object Repository/Olusturma/Genel/Kutular/IrsaliyeBilgileri/IrsaliyeTarihi'

2021-11-18 11:58:42 - [MESSAGE][INFO] - Finding web element from Test Object's properties

2021-11-18 11:58:42 - [MESSAGE][INFO] - Checking timeout

2021-11-18 11:58:42 - [MESSAGE][INFO] - Finding web element with id: 'Object Repository/Olusturma/Genel/Kutular/IrsaliyeBilgileri/IrsaliyeTarihi' located by 'By.xpath: //*[@id = 'gvUserInvoiceBills_DXEditor2_I']' in '30' second(s)

2021-11-18 11:58:42 - [MESSAGE][INFO] - Smart Wait Function is triggered

2021-11-18 11:58:42 - [MESSAGE][INFO] - Found 1 web elements with id: 'Object Repository/Olusturma/Genel/Kutular/IrsaliyeBilgileri/IrsaliyeTarihi' located by 'By.xpath: //*[@id = 'gvUserInvoiceBills_DXEditor2_I']' in '30' second(s)

2021-11-18 11:58:42 - [MESSAGE][PASSED] - Keys '30.04.2020' sent to object: 'Object Repository/Olusturma/Genel/Kutular/IrsaliyeBilgileri/IrsaliyeTarihi'

2021-11-18 11:58:42 - [MESSAGE][PASSED] - Call Test Case 'Test Cases/Olusturma/Genel/Kutular/IrsaliyeBilgileri' successfully

2021-11-18 11:58:42 - [MESSAGE][INFO] - Checking called Test Case

2021-11-18 11:58:42 - [MESSAGE][INFO] - Starting to call Test Case 'Test Cases/Olusturma/Genel/EkleButonunaBasilir'

2021-11-18 11:58:42 - [TEST_CASE][PASSED] - Test Cases/Olusturma/Genel/EkleButonunaBasilir: Test Cases/Olusturma/Genel/EkleButonunaBasilir

2021-11-18 11:58:42 - [TEST_STEP][PASSED] - waitForElementClickable(findTestObject("Object Repository/Olusturma/Genel/Olusturma/Ekle"), 10): Object 'Object Repository/Olusturma/Genel/Olusturma/Ekle' is clickable

2021-11-18 11:58:42 - [MESSAGE][INFO] - Finding Test Object 'Object Repository/Olusturma/Genel/Olusturma/Ekle'

2021-11-18 11:58:42 - [MESSAGE][INFO] - Checking object

2021-11-18 11:58:42 - [MESSAGE][INFO] - Checking timeout

2021-11-18 11:58:42 - [MESSAGE][INFO] - Finding web element from Test Object's properties

2021-11-18 11:58:42 - [MESSAGE][INFO] - Checking timeout

2021-11-18 11:58:42 - [MESSAGE][INFO] - Finding web element with id: 'Object Repository/Olusturma/Genel/Olusturma/Ekle' located by 'By.cssSelector: #divmalhizmet i.fa.fa-plus.fa-lg.text-muted' in '10' second(s)

2021-11-18 11:58:42 - [MESSAGE][INFO] - Smart Wait Function is triggered

2021-11-18 11:58:43 - [MESSAGE][INFO] - Found 1 web elements with id: 'Object Repository/Olusturma/Genel/Olusturma/Ekle' located by 'By.cssSelector: #divmalhizmet i.fa.fa-plus.fa-lg.text-muted' in '10' second(s)

2021-11-18 11:58:43 - [MESSAGE][PASSED] - Object 'Object Repository/Olusturma/Genel/Olusturma/Ekle' is clickable

2021-11-18 11:58:43 - [TEST_STEP][PASSED] - click(findTestObject("Object Repository/Olusturma/Genel/Olusturma/Ekle")): Object: 'Object Repository/Olusturma/Genel/Olusturma/Ekle' is clicked on

2021-11-18 11:58:43 - [MESSAGE][INFO] - Finding Test Object 'Object Repository/Olusturma/Genel/Olusturma/Ekle'

2021-11-18 11:58:43 - [MESSAGE][INFO] - Checking object

2021-11-18 11:58:43 - [MESSAGE][INFO] - Finding web element from Test Object's properties

2021-11-18 11:58:43 - [MESSAGE][INFO] - Checking timeout

2021-11-18 11:58:43 - [MESSAGE][INFO] - Finding web element with id: 'Object Repository/Olusturma/Genel/Olusturma/Ekle' located by 'By.cssSelector: #divmalhizmet i.fa.fa-plus.fa-lg.text-muted' in '30' second(s)

2021-11-18 11:58:43 - [MESSAGE][INFO] - Smart Wait Function is triggered

2021-11-18 11:58:43 - [MESSAGE][INFO] - Found 1 web elements with id: 'Object Repository/Olusturma/Genel/Olusturma/Ekle' located by 'By.cssSelector: #divmalhizmet i.fa.fa-plus.fa-lg.text-muted' in '30' second(s)

2021-11-18 11:58:43 - [MESSAGE][INFO] - Clicking on object: 'Object Repository/Olusturma/Genel/Olusturma/Ekle'

2021-11-18 11:58:43 - [MESSAGE][PASSED] - Object: 'Object Repository/Olusturma/Genel/Olusturma/Ekle' is clicked on

2021-11-18 11:58:43 - [TEST_STEP][PASSED] - waitForElementClickable(findTestObject("Olusturma/Genel/Olusturma/EklenenSatirCarpiImage"), 10): Object 'Object Repository/Olusturma/Genel/Olusturma/EklenenSatirCarpiImage' is clickable

2021-11-18 11:58:43 - [MESSAGE][INFO] - Finding Test Object 'Object Repository/Olusturma/Genel/Olusturma/EklenenSatirCarpiImage'

2021-11-18 11:58:43 - [MESSAGE][INFO] - Checking object

2021-11-18 11:58:43 - [MESSAGE][INFO] - Checking timeout

2021-11-18 11:58:43 - [MESSAGE][INFO] - Finding web element from Test Object's properties

2021-11-18 11:58:43 - [MESSAGE][INFO] - Checking timeout

2021-11-18 11:58:43 - [MESSAGE][INFO] - Finding web element with id: 'Object Repository/Olusturma/Genel/Olusturma/EklenenSatirCarpiImage' located by 'By.cssSelector: .fa.fa-times.fa-lg.text-primary' in '10' second(s)

2021-11-18 11:58:43 - [MESSAGE][INFO] - Smart Wait Function is triggered

2021-11-18 11:58:43 - [MESSAGE][INFO] - Found 1 web elements with id: 'Object Repository/Olusturma/Genel/Olusturma/EklenenSatirCarpiImage' located by 'By.cssSelector: .fa.fa-times.fa-lg.text-primary' in '10' second(s)

2021-11-18 11:58:43 - [MESSAGE][PASSED] - Object 'Object Repository/Olusturma/Genel/Olusturma/EklenenSatirCarpiImage' is clickable

2021-11-18 11:58:43 - [MESSAGE][PASSED] - Call Test Case 'Test Cases/Olusturma/Genel/EkleButonunaBasilir' successfully

2021-11-18 11:58:43 - [MESSAGE][INFO] - Checking called Test Case

2021-11-18 11:58:43 - [MESSAGE][INFO] - Starting to call Test Case 'Test Cases/Olusturma/Genel/Olusturma'

2021-11-18 11:58:44 - [TEST_CASE][PASSED] - Test Cases/Olusturma/Genel/Olusturma: Test Cases/Olusturma/Genel/Olusturma

2021-11-18 11:58:44 - [TEST_STEP][PASSED] - driver = getWebDriver(): null

2021-11-18 11:58:44 - [TEST_STEP][PASSED] - action = new org.openqa.selenium.interactions.Actions(driver): null

2021-11-18 11:58:44 - [TEST_STEP][PASSED] - baslikElement = <not implemented yet for class: org.codehaus.groovy.ast.expr.EmptyExpression>: null

2021-11-18 11:58:44 - [TEST_STEP][PASSED] - sonElement = <not implemented yet for class: org.codehaus.groovy.ast.expr.EmptyExpression>: null

2021-11-18 11:58:44 - [TEST_STEP][PASSED] - attr = <not implemented yet for class: org.codehaus.groovy.ast.expr.EmptyExpression>: null

2021-11-18 11:58:44 - [TEST_STEP][PASSED] - a = 0: null

2021-11-18 11:58:44 - [TEST_STEP][PASSED] - elements = findWebElements(findTestObject("Object Repository/Olusturma/Genel/Olusturma/TabloBasliklari"), 10): Found 16 web elements with id: 'Object Repository/Olusturma/Genel/Olusturma/TabloBasliklari' located by 'By.cssSelector: div#divmalhizmet .dxgvTable_LECustomTheme td.dxgvHeader_LECustomTheme tr>td:nth-child(1)' in '10' second(s)

2021-11-18 11:58:44 - [MESSAGE][INFO] - Finding Test Object 'Object Repository/Olusturma/Genel/Olusturma/TabloBasliklari'

2021-11-18 11:58:44 - [MESSAGE][INFO] - Checking timeout

2021-11-18 11:58:44 - [MESSAGE][INFO] - Finding web element with id: 'Object Repository/Olusturma/Genel/Olusturma/TabloBasliklari' located by 'By.cssSelector: div#divmalhizmet .dxgvTable_LECustomTheme td.dxgvHeader_LECustomTheme tr>td:nth-child(1)' in '10' second(s)

2021-11-18 11:58:44 - [MESSAGE][INFO] - Smart Wait Function is triggered

2021-11-18 11:58:45 - [MESSAGE][INFO] - Found 16 web elements with id: 'Object Repository/Olusturma/Genel/Olusturma/TabloBasliklari' located by 'By.cssSelector: div#divmalhizmet .dxgvTable_LECustomTheme td.dxgvHeader_LECustomTheme tr>td:nth-child(1)' in '10' second(s)

2021-11-18 11:58:45 - [TEST_STEP][PASSED] - for (def element : elements): null

2021-11-18 11:58:45 - [TEST_STEP][PASSED] - build().perform(): null

2021-11-18 11:58:45 - [TEST_STEP][PASSED] - if (getText().equals(Baslik)): null

2021-11-18 11:58:45 - [TEST_STEP][PASSED] - baslikElement = element.findElement(By.xpath("../../../..")): Smart Wait Function is triggered

2021-11-18 11:58:45 - [MESSAGE][INFO] - Smart Wait Function is triggered

2021-11-18 11:58:45 - [TEST_STEP][PASSED] - attr = baslikElement.getAttribute("id"): null

2021-11-18 11:58:45 - [TEST_STEP][PASSED] - println("girdi ve idsini aldı = " + attr): null

2021-11-18 11:58:45 - [TEST_STEP][PASSED] - break: null

2021-11-18 11:58:45 - [TEST_STEP][PASSED] - countElement = baslikElement.findElements(By.xpath("../td")): Smart Wait Function is triggered

2021-11-18 11:58:45 - [MESSAGE][INFO] - Smart Wait Function is triggered

2021-11-18 11:58:45 - [TEST_STEP][PASSED] - for (def element : countElement): null

2021-11-18 11:58:45 - [TEST_STEP][PASSED] - if (toString().equals(attr.toString())): null

2021-11-18 11:58:45 - [TEST_STEP][PASSED] - (a++): null

2021-11-18 11:58:45 - [TEST_STEP][PASSED] - if (toString().equals(attr.toString())): null

2021-11-18 11:58:45 - [TEST_STEP][PASSED] - break: null

2021-11-18 11:58:45 - [TEST_STEP][PASSED] - son = findWebElement(findTestObject("Object Repository/Olusturma/Genel/Olusturma/EklenenSatir")).findElement(By.xpath("td[@class='dxgvInlineEditCell_LECustomTheme dxgv'][" + a + "]//td[@class='dxic']/input")): Smart Wait Function is triggered

2021-11-18 11:58:45 - [MESSAGE][INFO] - Finding Test Object 'Object Repository/Olusturma/Genel/Olusturma/EklenenSatir'

2021-11-18 11:58:46 - [MESSAGE][INFO] - Finding web element from Test Object's properties

2021-11-18 11:58:46 - [MESSAGE][INFO] - Checking timeout

2021-11-18 11:58:46 - [MESSAGE][INFO] - Finding web element with id: 'Object Repository/Olusturma/Genel/Olusturma/EklenenSatir' located by 'By.cssSelector: #divmalhizmet .dxgvInlineEditRow_LECustomTheme' in '30' second(s)

2021-11-18 11:58:46 - [MESSAGE][INFO] - Smart Wait Function is triggered

2021-11-18 11:58:46 - [MESSAGE][INFO] - Found 1 web elements with id: 'Object Repository/Olusturma/Genel/Olusturma/EklenenSatir' located by 'By.cssSelector: #divmalhizmet .dxgvInlineEditRow_LECustomTheme' in '30' second(s)

2021-11-18 11:58:46 - [MESSAGE][INFO] - Smart Wait Function is triggered

2021-11-18 11:58:46 - [TEST_STEP][PASSED] - if (!(getAttribute("value").contains("Vkn"))): null

2021-11-18 11:58:46 - [TEST_STEP][PASSED] - son.clear(): null

2021-11-18 11:58:46 - [TEST_STEP][PASSED] - son.sendKeys(Deger): null

2021-11-18 11:58:46 - [MESSAGE][PASSED] - Call Test Case 'Test Cases/Olusturma/Genel/Olusturma' successfully

2021-11-18 11:58:46 - [MESSAGE][INFO] - Checking called Test Case

2021-11-18 11:58:46 - [MESSAGE][INFO] - Starting to call Test Case 'Test Cases/Olusturma/Genel/Olusturma'

2021-11-18 11:58:46 - [TEST_CASE][PASSED] - Test Cases/Olusturma/Genel/Olusturma: Test Cases/Olusturma/Genel/Olusturma

2021-11-18 11:58:46 - [TEST_STEP][PASSED] - driver = getWebDriver(): null

2021-11-18 11:58:46 - [TEST_STEP][PASSED] - action = new org.openqa.selenium.interactions.Actions(driver): null

2021-11-18 11:58:46 - [TEST_STEP][PASSED] - baslikElement = <not implemented yet for class: org.codehaus.groovy.ast.expr.EmptyExpression>: null

2021-11-18 11:58:46 - [TEST_STEP][PASSED] - sonElement = <not implemented yet for class: org.codehaus.groovy.ast.expr.EmptyExpression>: null

2021-11-18 11:58:46 - [TEST_STEP][PASSED] - attr = <not implemented yet for class: org.codehaus.groovy.ast.expr.EmptyExpression>: null

2021-11-18 11:58:46 - [TEST_STEP][PASSED] - a = 0: null

2021-11-18 11:58:46 - [TEST_STEP][PASSED] - elements = findWebElements(findTestObject("Object Repository/Olusturma/Genel/Olusturma/TabloBasliklari"), 10): Found 16 web elements with id: 'Object Repository/Olusturma/Genel/Olusturma/TabloBasliklari' located by 'By.cssSelector: div#divmalhizmet .dxgvTable_LECustomTheme td.dxgvHeader_LECustomTheme tr>td:nth-child(1)' in '10' second(s)

2021-11-18 11:58:46 - [MESSAGE][INFO] - Finding Test Object 'Object Repository/Olusturma/Genel/Olusturma/TabloBasliklari'

2021-11-18 11:58:46 - [MESSAGE][INFO] - Checking timeout

2021-11-18 11:58:46 - [MESSAGE][INFO] - Finding web element with id: 'Object Repository/Olusturma/Genel/Olusturma/TabloBasliklari' located by 'By.cssSelector: div#divmalhizmet .dxgvTable_LECustomTheme td.dxgvHeader_LECustomTheme tr>td:nth-child(1)' in '10' second(s)

2021-11-18 11:58:46 - [MESSAGE][INFO] - Smart Wait Function is triggered

2021-11-18 11:58:47 - [MESSAGE][INFO] - Found 16 web elements with id: 'Object Repository/Olusturma/Genel/Olusturma/TabloBasliklari' located by 'By.cssSelector: div#divmalhizmet .dxgvTable_LECustomTheme td.dxgvHeader_LECustomTheme tr>td:nth-child(1)' in '10' second(s)

2021-11-18 11:58:47 - [TEST_STEP][PASSED] - for (def element : elements): null

2021-11-18 11:58:47 - [TEST_STEP][PASSED] - build().perform(): null

2021-11-18 11:58:47 - [TEST_STEP][PASSED] - if (getText().equals(Baslik)): null

2021-11-18 11:58:47 - [TEST_STEP][PASSED] - build().perform(): null

2021-11-18 11:58:47 - [TEST_STEP][PASSED] - if (getText().equals(Baslik)): null

2021-11-18 11:58:47 - [TEST_STEP][PASSED] - baslikElement = element.findElement(By.xpath("../../../..")): Smart Wait Function is triggered

2021-11-18 11:58:47 - [MESSAGE][INFO] - Smart Wait Function is triggered

2021-11-18 11:58:47 - [TEST_STEP][PASSED] - attr = baslikElement.getAttribute("id"): null

2021-11-18 11:58:47 - [TEST_STEP][PASSED] - println("girdi ve idsini aldı = " + attr): null

2021-11-18 11:58:47 - [TEST_STEP][PASSED] - break: null

2021-11-18 11:58:47 - [TEST_STEP][PASSED] - countElement = baslikElement.findElements(By.xpath("../td")): Smart Wait Function is triggered

2021-11-18 11:58:47 - [MESSAGE][INFO] - Smart Wait Function is triggered

2021-11-18 11:58:48 - [TEST_STEP][PASSED] - for (def element : countElement): null

2021-11-18 11:58:48 - [TEST_STEP][PASSED] - if (toString().equals(attr.toString())): null

2021-11-18 11:58:48 - [TEST_STEP][PASSED] - (a++): null

2021-11-18 11:58:48 - [TEST_STEP][PASSED] - if (toString().equals(attr.toString())): null

2021-11-18 11:58:48 - [TEST_STEP][PASSED] - (a++): null

2021-11-18 11:58:48 - [TEST_STEP][PASSED] - if (toString().equals(attr.toString())): null

2021-11-18 11:58:48 - [TEST_STEP][PASSED] - break: null

2021-11-18 11:58:48 - [TEST_STEP][PASSED] - son = findWebElement(findTestObject("Object Repository/Olusturma/Genel/Olusturma/EklenenSatir")).findElement(By.xpath("td[@class='dxgvInlineEditCell_LECustomTheme dxgv'][" + a + "]//td[@class='dxic']/input")): Smart Wait Function is triggered

2021-11-18 11:58:48 - [MESSAGE][INFO] - Finding Test Object 'Object Repository/Olusturma/Genel/Olusturma/EklenenSatir'

2021-11-18 11:58:48 - [MESSAGE][INFO] - Finding web element from Test Object's properties

2021-11-18 11:58:48 - [MESSAGE][INFO] - Checking timeout

2021-11-18 11:58:48 - [MESSAGE][INFO] - Finding web element with id: 'Object Repository/Olusturma/Genel/Olusturma/EklenenSatir' located by 'By.cssSelector: #divmalhizmet .dxgvInlineEditRow_LECustomTheme' in '30' second(s)

2021-11-18 11:58:48 - [MESSAGE][INFO] - Smart Wait Function is triggered

2021-11-18 11:58:48 - [MESSAGE][INFO] - Found 1 web elements with id: 'Object Repository/Olusturma/Genel/Olusturma/EklenenSatir' located by 'By.cssSelector: #divmalhizmet .dxgvInlineEditRow_LECustomTheme' in '30' second(s)

2021-11-18 11:58:48 - [MESSAGE][INFO] - Smart Wait Function is triggered

2021-11-18 11:58:48 - [TEST_STEP][PASSED] - if (!(getAttribute("value").contains("Vkn"))): null

2021-11-18 11:58:48 - [TEST_STEP][PASSED] - son.clear(): null

2021-11-18 11:58:48 - [TEST_STEP][PASSED] - son.sendKeys(Deger): null

2021-11-18 11:58:48 - [MESSAGE][PASSED] - Call Test Case 'Test Cases/Olusturma/Genel/Olusturma' successfully

2021-11-18 11:58:48 - [MESSAGE][INFO] - Checking called Test Case

2021-11-18 11:58:48 - [MESSAGE][INFO] - Starting to call Test Case 'Test Cases/Olusturma/Genel/Olusturma'

2021-11-18 11:58:48 - [TEST_CASE][PASSED] - Test Cases/Olusturma/Genel/Olusturma: Test Cases/Olusturma/Genel/Olusturma

2021-11-18 11:58:48 - [TEST_STEP][PASSED] - driver = getWebDriver(): null

2021-11-18 11:58:48 - [TEST_STEP][PASSED] - action = new org.openqa.selenium.interactions.Actions(driver): null

2021-11-18 11:58:48 - [TEST_STEP][PASSED] - baslikElement = <not implemented yet for class: org.codehaus.groovy.ast.expr.EmptyExpression>: null

2021-11-18 11:58:48 - [TEST_STEP][PASSED] - sonElement = <not implemented yet for class: org.codehaus.groovy.ast.expr.EmptyExpression>: null

2021-11-18 11:58:48 - [TEST_STEP][PASSED] - attr = <not implemented yet for class: org.codehaus.groovy.ast.expr.EmptyExpression>: null

2021-11-18 11:58:48 - [TEST_STEP][PASSED] - a = 0: null

2021-11-18 11:58:48 - [TEST_STEP][PASSED] - elements = findWebElements(findTestObject("Object Repository/Olusturma/Genel/Olusturma/TabloBasliklari"), 10): Found 16 web elements with id: 'Object Repository/Olusturma/Genel/Olusturma/TabloBasliklari' located by 'By.cssSelector: div#divmalhizmet .dxgvTable_LECustomTheme td.dxgvHeader_LECustomTheme tr>td:nth-child(1)' in '10' second(s)

2021-11-18 11:58:48 - [MESSAGE][INFO] - Finding Test Object 'Object Repository/Olusturma/Genel/Olusturma/TabloBasliklari'

2021-11-18 11:58:48 - [MESSAGE][INFO] - Checking timeout

2021-11-18 11:58:48 - [MESSAGE][INFO] - Finding web element with id: 'Object Repository/Olusturma/Genel/Olusturma/TabloBasliklari' located by 'By.cssSelector: div#divmalhizmet .dxgvTable_LECustomTheme td.dxgvHeader_LECustomTheme tr>td:nth-child(1)' in '10' second(s)

2021-11-18 11:58:48 - [MESSAGE][INFO] - Smart Wait Function is triggered

2021-11-18 11:58:49 - [MESSAGE][INFO] - Found 16 web elements with id: 'Object Repository/Olusturma/Genel/Olusturma/TabloBasliklari' located by 'By.cssSelector: div#divmalhizmet .dxgvTable_LECustomTheme td.dxgvHeader_LECustomTheme tr>td:nth-child(1)' in '10' second(s)

2021-11-18 11:58:49 - [TEST_STEP][PASSED] - for (def element : elements): null

2021-11-18 11:58:49 - [TEST_STEP][PASSED] - build().perform(): null

2021-11-18 11:58:49 - [TEST_STEP][PASSED] - if (getText().equals(Baslik)): null

2021-11-18 11:58:49 - [TEST_STEP][PASSED] - build().perform(): null

2021-11-18 11:58:49 - [TEST_STEP][PASSED] - if (getText().equals(Baslik)): null

2021-11-18 11:58:49 - [TEST_STEP][PASSED] - build().perform(): null

2021-11-18 11:58:49 - [TEST_STEP][PASSED] - if (getText().equals(Baslik)): null

2021-11-18 11:58:49 - [TEST_STEP][PASSED] - build().perform(): null

2021-11-18 11:58:49 - [TEST_STEP][PASSED] - if (getText().equals(Baslik)): null

2021-11-18 11:58:49 - [TEST_STEP][PASSED] - baslikElement = element.findElement(By.xpath("../../../..")): Smart Wait Function is triggered

2021-11-18 11:58:49 - [MESSAGE][INFO] - Smart Wait Function is triggered

2021-11-18 11:58:50 - [TEST_STEP][PASSED] - attr = baslikElement.getAttribute("id"): null

2021-11-18 11:58:50 - [TEST_STEP][PASSED] - println("girdi ve idsini aldı = " + attr): null

2021-11-18 11:58:50 - [TEST_STEP][PASSED] - break: null

2021-11-18 11:58:50 - [TEST_STEP][PASSED] - countElement = baslikElement.findElements(By.xpath("../td")): Smart Wait Function is triggered

2021-11-18 11:58:50 - [MESSAGE][INFO] - Smart Wait Function is triggered

2021-11-18 11:58:50 - [TEST_STEP][PASSED] - for (def element : countElement): null

2021-11-18 11:58:50 - [TEST_STEP][PASSED] - if (toString().equals(attr.toString())): null

2021-11-18 11:58:50 - [TEST_STEP][PASSED] - (a++): null

2021-11-18 11:58:50 - [TEST_STEP][PASSED] - if (toString().equals(attr.toString())): null

2021-11-18 11:58:50 - [TEST_STEP][PASSED] - (a++): null

2021-11-18 11:58:50 - [TEST_STEP][PASSED] - if (toString().equals(attr.toString())): null

2021-11-18 11:58:50 - [TEST_STEP][PASSED] - (a++): null

2021-11-18 11:58:50 - [TEST_STEP][PASSED] - if (toString().equals(attr.toString())): null

2021-11-18 11:58:50 - [TEST_STEP][PASSED] - (a++): null

2021-11-18 11:58:50 - [TEST_STEP][PASSED] - if (toString().equals(attr.toString())): null

2021-11-18 11:58:50 - [TEST_STEP][PASSED] - break: null

2021-11-18 11:58:50 - [TEST_STEP][PASSED] - son = findWebElement(findTestObject("Object Repository/Olusturma/Genel/Olusturma/EklenenSatir")).findElement(By.xpath("td[@class='dxgvInlineEditCell_LECustomTheme dxgv'][" + a + "]//td[@class='dxic']/input")): Smart Wait Function is triggered

2021-11-18 11:58:50 - [MESSAGE][INFO] - Finding Test Object 'Object Repository/Olusturma/Genel/Olusturma/EklenenSatir'

2021-11-18 11:58:50 - [MESSAGE][INFO] - Finding web element from Test Object's properties

2021-11-18 11:58:50 - [MESSAGE][INFO] - Checking timeout

2021-11-18 11:58:50 - [MESSAGE][INFO] - Finding web element with id: 'Object Repository/Olusturma/Genel/Olusturma/EklenenSatir' located by 'By.cssSelector: #divmalhizmet .dxgvInlineEditRow_LECustomTheme' in '30' second(s)

2021-11-18 11:58:50 - [MESSAGE][INFO] - Smart Wait Function is triggered

2021-11-18 11:58:50 - [MESSAGE][INFO] - Found 1 web elements with id: 'Object Repository/Olusturma/Genel/Olusturma/EklenenSatir' located by 'By.cssSelector: #divmalhizmet .dxgvInlineEditRow_LECustomTheme' in '30' second(s)

2021-11-18 11:58:50 - [MESSAGE][INFO] - Smart Wait Function is triggered

2021-11-18 11:58:51 - [TEST_STEP][PASSED] - if (!(getAttribute("value").contains("Vkn"))): null

2021-11-18 11:58:51 - [TEST_STEP][PASSED] - son.clear(): null

2021-11-18 11:58:51 - [TEST_STEP][PASSED] - son.sendKeys(Deger): null

2021-11-18 11:58:51 - [MESSAGE][PASSED] - Call Test Case 'Test Cases/Olusturma/Genel/Olusturma' successfully

2021-11-18 11:58:51 - [MESSAGE][INFO] - Checking called Test Case

2021-11-18 11:58:51 - [MESSAGE][INFO] - Starting to call Test Case 'Test Cases/Olusturma/Genel/Olusturma'

2021-11-18 11:58:51 - [TEST_CASE][PASSED] - Test Cases/Olusturma/Genel/Olusturma: Test Cases/Olusturma/Genel/Olusturma

2021-11-18 11:58:51 - [TEST_STEP][PASSED] - driver = getWebDriver(): null

2021-11-18 11:58:51 - [TEST_STEP][PASSED] - action = new org.openqa.selenium.interactions.Actions(driver): null

2021-11-18 11:58:51 - [TEST_STEP][PASSED] - baslikElement = <not implemented yet for class: org.codehaus.groovy.ast.expr.EmptyExpression>: null

2021-11-18 11:58:51 - [TEST_STEP][PASSED] - sonElement = <not implemented yet for class: org.codehaus.groovy.ast.expr.EmptyExpression>: null

2021-11-18 11:58:51 - [TEST_STEP][PASSED] - attr = <not implemented yet for class: org.codehaus.groovy.ast.expr.EmptyExpression>: null

2021-11-18 11:58:51 - [TEST_STEP][PASSED] - a = 0: null

2021-11-18 11:58:51 - [TEST_STEP][PASSED] - elements = findWebElements(findTestObject("Object Repository/Olusturma/Genel/Olusturma/TabloBasliklari"), 10): Found 16 web elements with id: 'Object Repository/Olusturma/Genel/Olusturma/TabloBasliklari' located by 'By.cssSelector: div#divmalhizmet .dxgvTable_LECustomTheme td.dxgvHeader_LECustomTheme tr>td:nth-child(1)' in '10' second(s)

2021-11-18 11:58:51 - [MESSAGE][INFO] - Finding Test Object 'Object Repository/Olusturma/Genel/Olusturma/TabloBasliklari'

2021-11-18 11:58:51 - [MESSAGE][INFO] - Checking timeout

2021-11-18 11:58:51 - [MESSAGE][INFO] - Finding web element with id: 'Object Repository/Olusturma/Genel/Olusturma/TabloBasliklari' located by 'By.cssSelector: div#divmalhizmet .dxgvTable_LECustomTheme td.dxgvHeader_LECustomTheme tr>td:nth-child(1)' in '10' second(s)

2021-11-18 11:58:51 - [MESSAGE][INFO] - Smart Wait Function is triggered

2021-11-18 11:58:51 - [MESSAGE][INFO] - Found 16 web elements with id: 'Object Repository/Olusturma/Genel/Olusturma/TabloBasliklari' located by 'By.cssSelector: div#divmalhizmet .dxgvTable_LECustomTheme td.dxgvHeader_LECustomTheme tr>td:nth-child(1)' in '10' second(s)

2021-11-18 11:58:51 - [TEST_STEP][PASSED] - for (def element : elements): null

2021-11-18 11:58:51 - [TEST_STEP][PASSED] - build().perform(): null

2021-11-18 11:58:51 - [TEST_STEP][PASSED] - if (getText().equals(Baslik)): null

2021-11-18 11:58:51 - [TEST_STEP][PASSED] - build().perform(): null

2021-11-18 11:58:51 - [TEST_STEP][PASSED] - if (getText().equals(Baslik)): null

2021-11-18 11:58:51 - [TEST_STEP][PASSED] - build().perform(): null

2021-11-18 11:58:52 - [TEST_STEP][PASSED] - if (getText().equals(Baslik)): null

2021-11-18 11:58:52 - [TEST_STEP][PASSED] - build().perform(): null

2021-11-18 11:58:52 - [TEST_STEP][PASSED] - if (getText().equals(Baslik)): null

2021-11-18 11:58:52 - [TEST_STEP][PASSED] - build().perform(): null

2021-11-18 11:58:52 - [TEST_STEP][PASSED] - if (getText().equals(Baslik)): null

2021-11-18 11:58:52 - [TEST_STEP][PASSED] - baslikElement = element.findElement(By.xpath("../../../..")): Smart Wait Function is triggered

2021-11-18 11:58:52 - [MESSAGE][INFO] - Smart Wait Function is triggered

2021-11-18 11:58:52 - [TEST_STEP][PASSED] - attr = baslikElement.getAttribute("id"): null

2021-11-18 11:58:52 - [TEST_STEP][PASSED] - println("girdi ve idsini aldı = " + attr): null

2021-11-18 11:58:52 - [TEST_STEP][PASSED] - break: null

2021-11-18 11:58:52 - [TEST_STEP][PASSED] - countElement = baslikElement.findElements(By.xpath("../td")): Smart Wait Function is triggered

2021-11-18 11:58:52 - [MESSAGE][INFO] - Smart Wait Function is triggered

2021-11-18 11:58:52 - [TEST_STEP][PASSED] - for (def element : countElement): null

2021-11-18 11:58:52 - [TEST_STEP][PASSED] - if (toString().equals(attr.toString())): null

2021-11-18 11:58:52 - [TEST_STEP][PASSED] - (a++): null

2021-11-18 11:58:52 - [TEST_STEP][PASSED] - if (toString().equals(attr.toString())): null

2021-11-18 11:58:52 - [TEST_STEP][PASSED] - (a++): null

2021-11-18 11:58:52 - [TEST_STEP][PASSED] - if (toString().equals(attr.toString())): null

2021-11-18 11:58:52 - [TEST_STEP][PASSED] - (a++): null

2021-11-18 11:58:52 - [TEST_STEP][PASSED] - if (toString().equals(attr.toString())): null

2021-11-18 11:58:53 - [TEST_STEP][PASSED] - (a++): null

2021-11-18 11:58:53 - [TEST_STEP][PASSED] - if (toString().equals(attr.toString())): null

2021-11-18 11:58:53 - [TEST_STEP][PASSED] - (a++): null

2021-11-18 11:58:53 - [TEST_STEP][PASSED] - if (toString().equals(attr.toString())): null

2021-11-18 11:58:53 - [TEST_STEP][PASSED] - break: null

2021-11-18 11:58:53 - [TEST_STEP][PASSED] - son = findWebElement(findTestObject("Object Repository/Olusturma/Genel/Olusturma/EklenenSatir")).findElement(By.xpath("td[@class='dxgvInlineEditCell_LECustomTheme dxgv'][" + a + "]//td[@class='dxic']/input")): Smart Wait Function is triggered

2021-11-18 11:58:53 - [MESSAGE][INFO] - Finding Test Object 'Object Repository/Olusturma/Genel/Olusturma/EklenenSatir'

2021-11-18 11:58:53 - [MESSAGE][INFO] - Finding web element from Test Object's properties

2021-11-18 11:58:53 - [MESSAGE][INFO] - Checking timeout

2021-11-18 11:58:53 - [MESSAGE][INFO] - Finding web element with id: 'Object Repository/Olusturma/Genel/Olusturma/EklenenSatir' located by 'By.cssSelector: #divmalhizmet .dxgvInlineEditRow_LECustomTheme' in '30' second(s)

2021-11-18 11:58:53 - [MESSAGE][INFO] - Smart Wait Function is triggered

2021-11-18 11:58:53 - [MESSAGE][INFO] - Found 1 web elements with id: 'Object Repository/Olusturma/Genel/Olusturma/EklenenSatir' located by 'By.cssSelector: #divmalhizmet .dxgvInlineEditRow_LECustomTheme' in '30' second(s)

2021-11-18 11:58:53 - [MESSAGE][INFO] - Smart Wait Function is triggered

2021-11-18 11:58:53 - [TEST_STEP][PASSED] - if (!(getAttribute("value").contains("Vkn"))): null

2021-11-18 11:58:53 - [TEST_STEP][PASSED] - else: null

2021-11-18 11:58:53 - [TEST_STEP][PASSED] - son.click(): null

2021-11-18 11:58:53 - [TEST_STEP][PASSED] - son.sendKeys(Deger): null

2021-11-18 11:58:53 - [MESSAGE][PASSED] - Call Test Case 'Test Cases/Olusturma/Genel/Olusturma' successfully

2021-11-18 11:58:53 - [MESSAGE][INFO] - Checking called Test Case

2021-11-18 11:58:53 - [MESSAGE][INFO] - Starting to call Test Case 'Test Cases/Olusturma/Genel/Olusturma'

2021-11-18 11:58:53 - [TEST_CASE][PASSED] - Test Cases/Olusturma/Genel/Olusturma: Test Cases/Olusturma/Genel/Olusturma

2021-11-18 11:58:53 - [TEST_STEP][PASSED] - driver = getWebDriver(): null

2021-11-18 11:58:53 - [TEST_STEP][PASSED] - action = new org.openqa.selenium.interactions.Actions(driver): null

2021-11-18 11:58:53 - [TEST_STEP][PASSED] - baslikElement = <not implemented yet for class: org.codehaus.groovy.ast.expr.EmptyExpression>: null

2021-11-18 11:58:53 - [TEST_STEP][PASSED] - sonElement = <not implemented yet for class: org.codehaus.groovy.ast.expr.EmptyExpression>: null

2021-11-18 11:58:53 - [TEST_STEP][PASSED] - attr = <not implemented yet for class: org.codehaus.groovy.ast.expr.EmptyExpression>: null

2021-11-18 11:58:53 - [TEST_STEP][PASSED] - a = 0: null

2021-11-18 11:58:53 - [TEST_STEP][PASSED] - elements = findWebElements(findTestObject("Object Repository/Olusturma/Genel/Olusturma/TabloBasliklari"), 10): Found 16 web elements with id: 'Object Repository/Olusturma/Genel/Olusturma/TabloBasliklari' located by 'By.cssSelector: div#divmalhizmet .dxgvTable_LECustomTheme td.dxgvHeader_LECustomTheme tr>td:nth-child(1)' in '10' second(s)

2021-11-18 11:58:53 - [MESSAGE][INFO] - Finding Test Object 'Object Repository/Olusturma/Genel/Olusturma/TabloBasliklari'

2021-11-18 11:58:53 - [MESSAGE][INFO] - Checking timeout

2021-11-18 11:58:53 - [MESSAGE][INFO] - Finding web element with id: 'Object Repository/Olusturma/Genel/Olusturma/TabloBasliklari' located by 'By.cssSelector: div#divmalhizmet .dxgvTable_LECustomTheme td.dxgvHeader_LECustomTheme tr>td:nth-child(1)' in '10' second(s)

2021-11-18 11:58:53 - [MESSAGE][INFO] - Smart Wait Function is triggered

2021-11-18 11:58:54 - [MESSAGE][INFO] - Found 16 web elements with id: 'Object Repository/Olusturma/Genel/Olusturma/TabloBasliklari' located by 'By.cssSelector: div#divmalhizmet .dxgvTable_LECustomTheme td.dxgvHeader_LECustomTheme tr>td:nth-child(1)' in '10' second(s)

2021-11-18 11:58:54 - [TEST_STEP][PASSED] - for (def element : elements): null

2021-11-18 11:58:54 - [TEST_STEP][PASSED] - build().perform(): null

2021-11-18 11:58:54 - [TEST_STEP][PASSED] - if (getText().equals(Baslik)): null

2021-11-18 11:58:54 - [TEST_STEP][PASSED] - build().perform(): null

2021-11-18 11:58:54 - [TEST_STEP][PASSED] - if (getText().equals(Baslik)): null

2021-11-18 11:58:54 - [TEST_STEP][PASSED] - build().perform(): null

2021-11-18 11:58:54 - [TEST_STEP][PASSED] - if (getText().equals(Baslik)): null

2021-11-18 11:58:54 - [TEST_STEP][PASSED] - build().perform(): null

2021-11-18 11:58:54 - [TEST_STEP][PASSED] - if (getText().equals(Baslik)): null

2021-11-18 11:58:54 - [TEST_STEP][PASSED] - build().perform(): null

2021-11-18 11:58:54 - [TEST_STEP][PASSED] - if (getText().equals(Baslik)): null

2021-11-18 11:58:54 - [TEST_STEP][PASSED] - build().perform(): null

2021-11-18 11:58:54 - [TEST_STEP][PASSED] - if (getText().equals(Baslik)): null

2021-11-18 11:58:54 - [TEST_STEP][PASSED] - baslikElement = element.findElement(By.xpath("../../../..")): Smart Wait Function is triggered

2021-11-18 11:58:54 - [MESSAGE][INFO] - Smart Wait Function is triggered

2021-11-18 11:58:55 - [TEST_STEP][PASSED] - attr = baslikElement.getAttribute("id"): null

2021-11-18 11:58:55 - [TEST_STEP][PASSED] - println("girdi ve idsini aldı = " + attr): null

2021-11-18 11:58:55 - [TEST_STEP][PASSED] - break: null

2021-11-18 11:58:55 - [TEST_STEP][PASSED] - countElement = baslikElement.findElements(By.xpath("../td")): Smart Wait Function is triggered

2021-11-18 11:58:55 - [MESSAGE][INFO] - Smart Wait Function is triggered

2021-11-18 11:58:55 - [TEST_STEP][PASSED] - for (def element : countElement): null

2021-11-18 11:58:55 - [TEST_STEP][PASSED] - if (toString().equals(attr.toString())): null

2021-11-18 11:58:55 - [TEST_STEP][PASSED] - (a++): null

2021-11-18 11:58:55 - [TEST_STEP][PASSED] - if (toString().equals(attr.toString())): null

2021-11-18 11:58:55 - [TEST_STEP][PASSED] - (a++): null

2021-11-18 11:58:55 - [TEST_STEP][PASSED] - if (toString().equals(attr.toString())): null

2021-11-18 11:58:55 - [TEST_STEP][PASSED] - (a++): null

2021-11-18 11:58:55 - [TEST_STEP][PASSED] - if (toString().equals(attr.toString())): null

2021-11-18 11:58:55 - [TEST_STEP][PASSED] - (a++): null

2021-11-18 11:58:55 - [TEST_STEP][PASSED] - if (toString().equals(attr.toString())): null

2021-11-18 11:58:55 - [TEST_STEP][PASSED] - (a++): null

2021-11-18 11:58:55 - [TEST_STEP][PASSED] - if (toString().equals(attr.toString())): null

2021-11-18 11:58:55 - [TEST_STEP][PASSED] - (a++): null

2021-11-18 11:58:55 - [TEST_STEP][PASSED] - if (toString().equals(attr.toString())): null

2021-11-18 11:58:55 - [TEST_STEP][PASSED] - break: null

2021-11-18 11:58:55 - [TEST_STEP][PASSED] - son = findWebElement(findTestObject("Object Repository/Olusturma/Genel/Olusturma/EklenenSatir")).findElement(By.xpath("td[@class='dxgvInlineEditCell_LECustomTheme dxgv'][" + a + "]//td[@class='dxic']/input")): Smart Wait Function is triggered

2021-11-18 11:58:55 - [MESSAGE][INFO] - Finding Test Object 'Object Repository/Olusturma/Genel/Olusturma/EklenenSatir'

2021-11-18 11:58:55 - [MESSAGE][INFO] - Finding web element from Test Object's properties

2021-11-18 11:58:55 - [MESSAGE][INFO] - Checking timeout

2021-11-18 11:58:55 - [MESSAGE][INFO] - Finding web element with id: 'Object Repository/Olusturma/Genel/Olusturma/EklenenSatir' located by 'By.cssSelector: #divmalhizmet .dxgvInlineEditRow_LECustomTheme' in '30' second(s)

2021-11-18 11:58:55 - [MESSAGE][INFO] - Smart Wait Function is triggered

2021-11-18 11:58:55 - [MESSAGE][INFO] - Found 1 web elements with id: 'Object Repository/Olusturma/Genel/Olusturma/EklenenSatir' located by 'By.cssSelector: #divmalhizmet .dxgvInlineEditRow_LECustomTheme' in '30' second(s)

2021-11-18 11:58:55 - [MESSAGE][INFO] - Smart Wait Function is triggered

2021-11-18 11:58:56 - [TEST_STEP][PASSED] - if (!(getAttribute("value").contains("Vkn"))): null

2021-11-18 11:58:56 - [TEST_STEP][PASSED] - son.clear(): null

2021-11-18 11:58:56 - [TEST_STEP][PASSED] - son.sendKeys(Deger): null

2021-11-18 11:58:56 - [MESSAGE][PASSED] - Call Test Case 'Test Cases/Olusturma/Genel/Olusturma' successfully

2021-11-18 11:58:56 - [MESSAGE][INFO] - Checking called Test Case

2021-11-18 11:58:56 - [MESSAGE][INFO] - Starting to call Test Case 'Test Cases/Olusturma/Genel/Olusturma'

2021-11-18 11:58:56 - [TEST_CASE][PASSED] - Test Cases/Olusturma/Genel/Olusturma: Test Cases/Olusturma/Genel/Olusturma

2021-11-18 11:58:56 - [TEST_STEP][PASSED] - driver = getWebDriver(): null

2021-11-18 11:58:56 - [TEST_STEP][PASSED] - action = new org.openqa.selenium.interactions.Actions(driver): null

2021-11-18 11:58:56 - [TEST_STEP][PASSED] - baslikElement = <not implemented yet for class: org.codehaus.groovy.ast.expr.EmptyExpression>: null

2021-11-18 11:58:56 - [TEST_STEP][PASSED] - sonElement = <not implemented yet for class: org.codehaus.groovy.ast.expr.EmptyExpression>: null

2021-11-18 11:58:56 - [TEST_STEP][PASSED] - attr = <not implemented yet for class: org.codehaus.groovy.ast.expr.EmptyExpression>: null

2021-11-18 11:58:56 - [TEST_STEP][PASSED] - a = 0: null

2021-11-18 11:58:56 - [TEST_STEP][PASSED] - elements = findWebElements(findTestObject("Object Repository/Olusturma/Genel/Olusturma/TabloBasliklari"), 10): Found 16 web elements with id: 'Object Repository/Olusturma/Genel/Olusturma/TabloBasliklari' located by 'By.cssSelector: div#divmalhizmet .dxgvTable_LECustomTheme td.dxgvHeader_LECustomTheme tr>td:nth-child(1)' in '10' second(s)

2021-11-18 11:58:56 - [MESSAGE][INFO] - Finding Test Object 'Object Repository/Olusturma/Genel/Olusturma/TabloBasliklari'

2021-11-18 11:58:56 - [MESSAGE][INFO] - Checking timeout

2021-11-18 11:58:56 - [MESSAGE][INFO] - Finding web element with id: 'Object Repository/Olusturma/Genel/Olusturma/TabloBasliklari' located by 'By.cssSelector: div#divmalhizmet .dxgvTable_LECustomTheme td.dxgvHeader_LECustomTheme tr>td:nth-child(1)' in '10' second(s)

2021-11-18 11:58:56 - [MESSAGE][INFO] - Smart Wait Function is triggered

2021-11-18 11:58:56 - [MESSAGE][INFO] - Found 16 web elements with id: 'Object Repository/Olusturma/Genel/Olusturma/TabloBasliklari' located by 'By.cssSelector: div#divmalhizmet .dxgvTable_LECustomTheme td.dxgvHeader_LECustomTheme tr>td:nth-child(1)' in '10' second(s)

2021-11-18 11:58:56 - [TEST_STEP][PASSED] - for (def element : elements): null

2021-11-18 11:58:56 - [TEST_STEP][PASSED] - build().perform(): null

2021-11-18 11:58:56 - [TEST_STEP][PASSED] - if (getText().equals(Baslik)): null

2021-11-18 11:58:56 - [TEST_STEP][PASSED] - build().perform(): null

2021-11-18 11:58:57 - [TEST_STEP][PASSED] - if (getText().equals(Baslik)): null

2021-11-18 11:58:57 - [TEST_STEP][PASSED] - build().perform(): null

2021-11-18 11:58:57 - [TEST_STEP][PASSED] - if (getText().equals(Baslik)): null

2021-11-18 11:58:57 - [TEST_STEP][PASSED] - build().perform(): null

2021-11-18 11:58:57 - [TEST_STEP][PASSED] - if (getText().equals(Baslik)): null

2021-11-18 11:58:57 - [TEST_STEP][PASSED] - build().perform(): null

2021-11-18 11:58:57 - [TEST_STEP][PASSED] - if (getText().equals(Baslik)): null

2021-11-18 11:58:57 - [TEST_STEP][PASSED] - build().perform(): null

2021-11-18 11:58:57 - [TEST_STEP][PASSED] - if (getText().equals(Baslik)): null

2021-11-18 11:58:57 - [TEST_STEP][PASSED] - build().perform(): null

2021-11-18 11:58:57 - [TEST_STEP][PASSED] - if (getText().equals(Baslik)): null

2021-11-18 11:58:57 - [TEST_STEP][PASSED] - baslikElement = element.findElement(By.xpath("../../../..")): Smart Wait Function is triggered

2021-11-18 11:58:57 - [MESSAGE][INFO] - Smart Wait Function is triggered

2021-11-18 11:58:58 - [TEST_STEP][PASSED] - attr = baslikElement.getAttribute("id"): null

2021-11-18 11:58:58 - [TEST_STEP][PASSED] - println("girdi ve idsini aldı = " + attr): null

2021-11-18 11:58:58 - [TEST_STEP][PASSED] - break: null

2021-11-18 11:58:58 - [TEST_STEP][PASSED] - countElement = baslikElement.findElements(By.xpath("../td")): Smart Wait Function is triggered

2021-11-18 11:58:58 - [MESSAGE][INFO] - Smart Wait Function is triggered

2021-11-18 11:58:58 - [TEST_STEP][PASSED] - for (def element : countElement): null

2021-11-18 11:58:58 - [TEST_STEP][PASSED] - if (toString().equals(attr.toString())): null

2021-11-18 11:58:58 - [TEST_STEP][PASSED] - (a++): null

2021-11-18 11:58:58 - [TEST_STEP][PASSED] - if (toString().equals(attr.toString())): null

2021-11-18 11:58:58 - [TEST_STEP][PASSED] - (a++): null

2021-11-18 11:58:58 - [TEST_STEP][PASSED] - if (toString().equals(attr.toString())): null

2021-11-18 11:58:58 - [TEST_STEP][PASSED] - (a++): null

2021-11-18 11:58:58 - [TEST_STEP][PASSED] - if (toString().equals(attr.toString())): null

2021-11-18 11:58:58 - [TEST_STEP][PASSED] - (a++): null

2021-11-18 11:58:58 - [TEST_STEP][PASSED] - if (toString().equals(attr.toString())): null

2021-11-18 11:58:58 - [TEST_STEP][PASSED] - (a++): null

2021-11-18 11:58:58 - [TEST_STEP][PASSED] - if (toString().equals(attr.toString())): null

2021-11-18 11:58:58 - [TEST_STEP][PASSED] - (a++): null

2021-11-18 11:58:58 - [TEST_STEP][PASSED] - if (toString().equals(attr.toString())): null

2021-11-18 11:58:58 - [TEST_STEP][PASSED] - (a++): null

2021-11-18 11:58:58 - [TEST_STEP][PASSED] - if (toString().equals(attr.toString())): null

2021-11-18 11:58:58 - [TEST_STEP][PASSED] - break: null

2021-11-18 11:58:58 - [TEST_STEP][PASSED] - son = findWebElement(findTestObject("Object Repository/Olusturma/Genel/Olusturma/EklenenSatir")).findElement(By.xpath("td[@class='dxgvInlineEditCell_LECustomTheme dxgv'][" + a + "]//td[@class='dxic']/input")): Smart Wait Function is triggered

2021-11-18 11:58:58 - [MESSAGE][INFO] - Finding Test Object 'Object Repository/Olusturma/Genel/Olusturma/EklenenSatir'

2021-11-18 11:58:58 - [MESSAGE][INFO] - Finding web element from Test Object's properties

2021-11-18 11:58:58 - [MESSAGE][INFO] - Checking timeout

2021-11-18 11:58:58 - [MESSAGE][INFO] - Finding web element with id: 'Object Repository/Olusturma/Genel/Olusturma/EklenenSatir' located by 'By.cssSelector: #divmalhizmet .dxgvInlineEditRow_LECustomTheme' in '30' second(s)

2021-11-18 11:58:58 - [MESSAGE][INFO] - Smart Wait Function is triggered

2021-11-18 11:58:58 - [MESSAGE][INFO] - Found 1 web elements with id: 'Object Repository/Olusturma/Genel/Olusturma/EklenenSatir' located by 'By.cssSelector: #divmalhizmet .dxgvInlineEditRow_LECustomTheme' in '30' second(s)

2021-11-18 11:58:58 - [MESSAGE][INFO] - Smart Wait Function is triggered

2021-11-18 11:58:59 - [TEST_STEP][PASSED] - if (!(getAttribute("value").contains("Vkn"))): null

2021-11-18 11:58:59 - [TEST_STEP][PASSED] - son.clear(): null

2021-11-18 11:58:59 - [TEST_STEP][PASSED] - son.sendKeys(Deger): null

2021-11-18 11:58:59 - [MESSAGE][PASSED] - Call Test Case 'Test Cases/Olusturma/Genel/Olusturma' successfully

2021-11-18 11:58:59 - [MESSAGE][INFO] - Checking called Test Case

2021-11-18 11:58:59 - [MESSAGE][INFO] - Starting to call Test Case 'Test Cases/Olusturma/Genel/Olusturma'

2021-11-18 11:58:59 - [TEST_CASE][PASSED] - Test Cases/Olusturma/Genel/Olusturma: Test Cases/Olusturma/Genel/Olusturma

2021-11-18 11:58:59 - [TEST_STEP][PASSED] - driver = getWebDriver(): null

2021-11-18 11:58:59 - [TEST_STEP][PASSED] - action = new org.openqa.selenium.interactions.Actions(driver): null

2021-11-18 11:58:59 - [TEST_STEP][PASSED] - baslikElement = <not implemented yet for class: org.codehaus.groovy.ast.expr.EmptyExpression>: null

2021-11-18 11:58:59 - [TEST_STEP][PASSED] - sonElement = <not implemented yet for class: org.codehaus.groovy.ast.expr.EmptyExpression>: null

2021-11-18 11:58:59 - [TEST_STEP][PASSED] - attr = <not implemented yet for class: org.codehaus.groovy.ast.expr.EmptyExpression>: null

2021-11-18 11:58:59 - [TEST_STEP][PASSED] - a = 0: null

2021-11-18 11:58:59 - [TEST_STEP][PASSED] - elements = findWebElements(findTestObject("Object Repository/Olusturma/Genel/Olusturma/TabloBasliklari"), 10): Found 16 web elements with id: 'Object Repository/Olusturma/Genel/Olusturma/TabloBasliklari' located by 'By.cssSelector: div#divmalhizmet .dxgvTable_LECustomTheme td.dxgvHeader_LECustomTheme tr>td:nth-child(1)' in '10' second(s)

2021-11-18 11:58:59 - [MESSAGE][INFO] - Finding Test Object 'Object Repository/Olusturma/Genel/Olusturma/TabloBasliklari'

2021-11-18 11:58:59 - [MESSAGE][INFO] - Checking timeout

2021-11-18 11:58:59 - [MESSAGE][INFO] - Finding web element with id: 'Object Repository/Olusturma/Genel/Olusturma/TabloBasliklari' located by 'By.cssSelector: div#divmalhizmet .dxgvTable_LECustomTheme td.dxgvHeader_LECustomTheme tr>td:nth-child(1)' in '10' second(s)

2021-11-18 11:58:59 - [MESSAGE][INFO] - Smart Wait Function is triggered

2021-11-18 11:58:59 - [MESSAGE][INFO] - Found 16 web elements with id: 'Object Repository/Olusturma/Genel/Olusturma/TabloBasliklari' located by 'By.cssSelector: div#divmalhizmet .dxgvTable_LECustomTheme td.dxgvHeader_LECustomTheme tr>td:nth-child(1)' in '10' second(s)

2021-11-18 11:58:59 - [TEST_STEP][PASSED] - for (def element : elements): null

2021-11-18 11:58:59 - [TEST_STEP][PASSED] - build().perform(): null

2021-11-18 11:58:59 - [TEST_STEP][PASSED] - if (getText().equals(Baslik)): null

2021-11-18 11:58:59 - [TEST_STEP][PASSED] - build().perform(): null

2021-11-18 11:58:59 - [TEST_STEP][PASSED] - if (getText().equals(Baslik)): null

2021-11-18 11:58:59 - [TEST_STEP][PASSED] - build().perform(): null

2021-11-18 11:59:00 - [TEST_STEP][PASSED] - if (getText().equals(Baslik)): null

2021-11-18 11:59:00 - [TEST_STEP][PASSED] - build().perform(): null

2021-11-18 11:59:00 - [TEST_STEP][PASSED] - if (getText().equals(Baslik)): null

2021-11-18 11:59:00 - [TEST_STEP][PASSED] - build().perform(): null

2021-11-18 11:59:00 - [TEST_STEP][PASSED] - if (getText().equals(Baslik)): null

2021-11-18 11:59:00 - [TEST_STEP][PASSED] - build().perform(): null

2021-11-18 11:59:00 - [TEST_STEP][PASSED] - if (getText().equals(Baslik)): null

2021-11-18 11:59:00 - [TEST_STEP][PASSED] - build().perform(): null

2021-11-18 11:59:00 - [TEST_STEP][PASSED] - if (getText().equals(Baslik)): null

2021-11-18 11:59:00 - [TEST_STEP][PASSED] - build().perform(): null

2021-11-18 11:59:00 - [TEST_STEP][PASSED] - if (getText().equals(Baslik)): null

2021-11-18 11:59:00 - [TEST_STEP][PASSED] - build().perform(): null

2021-11-18 11:59:00 - [TEST_STEP][PASSED] - if (getText().equals(Baslik)): null

2021-11-18 11:59:00 - [TEST_STEP][PASSED] - baslikElement = element.findElement(By.xpath("../../../..")): Smart Wait Function is triggered

2021-11-18 11:59:00 - [MESSAGE][INFO] - Smart Wait Function is triggered

2021-11-18 11:59:01 - [TEST_STEP][PASSED] - attr = baslikElement.getAttribute("id"): null

2021-11-18 11:59:01 - [TEST_STEP][PASSED] - println("girdi ve idsini aldı = " + attr): null

2021-11-18 11:59:01 - [TEST_STEP][PASSED] - break: null

2021-11-18 11:59:01 - [TEST_STEP][PASSED] - countElement = baslikElement.findElements(By.xpath("../td")): Smart Wait Function is triggered

2021-11-18 11:59:01 - [MESSAGE][INFO] - Smart Wait Function is triggered

2021-11-18 11:59:01 - [TEST_STEP][PASSED] - for (def element : countElement): null

2021-11-18 11:59:01 - [TEST_STEP][PASSED] - if (toString().equals(attr.toString())): null

2021-11-18 11:59:01 - [TEST_STEP][PASSED] - (a++): null

2021-11-18 11:59:01 - [TEST_STEP][PASSED] - if (toString().equals(attr.toString())): null

2021-11-18 11:59:01 - [TEST_STEP][PASSED] - (a++): null

2021-11-18 11:59:01 - [TEST_STEP][PASSED] - if (toString().equals(attr.toString())): null

2021-11-18 11:59:01 - [TEST_STEP][PASSED] - (a++): null

2021-11-18 11:59:01 - [TEST_STEP][PASSED] - if (toString().equals(attr.toString())): null

2021-11-18 11:59:01 - [TEST_STEP][PASSED] - (a++): null

2021-11-18 11:59:01 - [TEST_STEP][PASSED] - if (toString().equals(attr.toString())): null

2021-11-18 11:59:01 - [TEST_STEP][PASSED] - (a++): null

2021-11-18 11:59:01 - [TEST_STEP][PASSED] - if (toString().equals(attr.toString())): null

2021-11-18 11:59:01 - [TEST_STEP][PASSED] - (a++): null

2021-11-18 11:59:01 - [TEST_STEP][PASSED] - if (toString().equals(attr.toString())): null

2021-11-18 11:59:01 - [TEST_STEP][PASSED] - (a++): null

2021-11-18 11:59:01 - [TEST_STEP][PASSED] - if (toString().equals(attr.toString())): null

2021-11-18 11:59:01 - [TEST_STEP][PASSED] - (a++): null

2021-11-18 11:59:01 - [TEST_STEP][PASSED] - if (toString().equals(attr.toString())): null

2021-11-18 11:59:01 - [TEST_STEP][PASSED] - (a++): null

2021-11-18 11:59:01 - [TEST_STEP][PASSED] - if (toString().equals(attr.toString())): null

2021-11-18 11:59:01 - [TEST_STEP][PASSED] - break: null

2021-11-18 11:59:01 - [TEST_STEP][PASSED] - son = findWebElement(findTestObject("Object Repository/Olusturma/Genel/Olusturma/EklenenSatir")).findElement(By.xpath("td[@class='dxgvInlineEditCell_LECustomTheme dxgv'][" + a + "]//td[@class='dxic']/input")): Smart Wait Function is triggered

2021-11-18 11:59:01 - [MESSAGE][INFO] - Finding Test Object 'Object Repository/Olusturma/Genel/Olusturma/EklenenSatir'

2021-11-18 11:59:01 - [MESSAGE][INFO] - Finding web element from Test Object's properties

2021-11-18 11:59:01 - [MESSAGE][INFO] - Checking timeout

2021-11-18 11:59:01 - [MESSAGE][INFO] - Finding web element with id: 'Object Repository/Olusturma/Genel/Olusturma/EklenenSatir' located by 'By.cssSelector: #divmalhizmet .dxgvInlineEditRow_LECustomTheme' in '30' second(s)

2021-11-18 11:59:01 - [MESSAGE][INFO] - Smart Wait Function is triggered

2021-11-18 11:59:01 - [MESSAGE][INFO] - Found 1 web elements with id: 'Object Repository/Olusturma/Genel/Olusturma/EklenenSatir' located by 'By.cssSelector: #divmalhizmet .dxgvInlineEditRow_LECustomTheme' in '30' second(s)

2021-11-18 11:59:01 - [MESSAGE][INFO] - Smart Wait Function is triggered

2021-11-18 11:59:02 - [TEST_STEP][PASSED] - if (!(getAttribute("value").contains("Vkn"))): null

2021-11-18 11:59:02 - [TEST_STEP][PASSED] - son.clear(): null

2021-11-18 11:59:02 - [TEST_STEP][PASSED] - son.sendKeys(Deger): null

2021-11-18 11:59:02 - [MESSAGE][PASSED] - Call Test Case 'Test Cases/Olusturma/Genel/Olusturma' successfully

2021-11-18 11:59:02 - [MESSAGE][INFO] - Checking called Test Case

2021-11-18 11:59:02 - [MESSAGE][INFO] - Starting to call Test Case 'Test Cases/Olusturma/Genel/Olusturma'

2021-11-18 11:59:02 - [TEST_CASE][PASSED] - Test Cases/Olusturma/Genel/Olusturma: Test Cases/Olusturma/Genel/Olusturma

2021-11-18 11:59:02 - [TEST_STEP][PASSED] - driver = getWebDriver(): null

2021-11-18 11:59:02 - [TEST_STEP][PASSED] - action = new org.openqa.selenium.interactions.Actions(driver): null

2021-11-18 11:59:02 - [TEST_STEP][PASSED] - baslikElement = <not implemented yet for class: org.codehaus.groovy.ast.expr.EmptyExpression>: null

2021-11-18 11:59:02 - [TEST_STEP][PASSED] - sonElement = <not implemented yet for class: org.codehaus.groovy.ast.expr.EmptyExpression>: null

2021-11-18 11:59:02 - [TEST_STEP][PASSED] - attr = <not implemented yet for class: org.codehaus.groovy.ast.expr.EmptyExpression>: null

2021-11-18 11:59:02 - [TEST_STEP][PASSED] - a = 0: null

2021-11-18 11:59:02 - [TEST_STEP][PASSED] - elements = findWebElements(findTestObject("Object Repository/Olusturma/Genel/Olusturma/TabloBasliklari"), 10): Found 16 web elements with id: 'Object Repository/Olusturma/Genel/Olusturma/TabloBasliklari' located by 'By.cssSelector: div#divmalhizmet .dxgvTable_LECustomTheme td.dxgvHeader_LECustomTheme tr>td:nth-child(1)' in '10' second(s)

2021-11-18 11:59:02 - [MESSAGE][INFO] - Finding Test Object 'Object Repository/Olusturma/Genel/Olusturma/TabloBasliklari'

2021-11-18 11:59:02 - [MESSAGE][INFO] - Checking timeout

2021-11-18 11:59:02 - [MESSAGE][INFO] - Finding web element with id: 'Object Repository/Olusturma/Genel/Olusturma/TabloBasliklari' located by 'By.cssSelector: div#divmalhizmet .dxgvTable_LECustomTheme td.dxgvHeader_LECustomTheme tr>td:nth-child(1)' in '10' second(s)

2021-11-18 11:59:02 - [MESSAGE][INFO] - Smart Wait Function is triggered

2021-11-18 11:59:02 - [MESSAGE][INFO] - Found 16 web elements with id: 'Object Repository/Olusturma/Genel/Olusturma/TabloBasliklari' located by 'By.cssSelector: div#divmalhizmet .dxgvTable_LECustomTheme td.dxgvHeader_LECustomTheme tr>td:nth-child(1)' in '10' second(s)

2021-11-18 11:59:02 - [TEST_STEP][PASSED] - for (def element : elements): null

2021-11-18 11:59:02 - [TEST_STEP][PASSED] - build().perform(): null

2021-11-18 11:59:02 - [TEST_STEP][PASSED] - if (getText().equals(Baslik)): null

2021-11-18 11:59:02 - [TEST_STEP][PASSED] - build().perform(): null

2021-11-18 11:59:03 - [TEST_STEP][PASSED] - if (getText().equals(Baslik)): null

2021-11-18 11:59:03 - [TEST_STEP][PASSED] - build().perform(): null

2021-11-18 11:59:03 - [TEST_STEP][PASSED] - if (getText().equals(Baslik)): null

2021-11-18 11:59:03 - [TEST_STEP][PASSED] - build().perform(): null

2021-11-18 11:59:03 - [TEST_STEP][PASSED] - if (getText().equals(Baslik)): null

2021-11-18 11:59:03 - [TEST_STEP][PASSED] - build().perform(): null

2021-11-18 11:59:03 - [TEST_STEP][PASSED] - if (getText().equals(Baslik)): null

2021-11-18 11:59:03 - [TEST_STEP][PASSED] - build().perform(): null

2021-11-18 11:59:03 - [TEST_STEP][PASSED] - if (getText().equals(Baslik)): null

2021-11-18 11:59:03 - [TEST_STEP][PASSED] - build().perform(): null

2021-11-18 11:59:03 - [TEST_STEP][PASSED] - if (getText().equals(Baslik)): null

2021-11-18 11:59:03 - [TEST_STEP][PASSED] - build().perform(): null

2021-11-18 11:59:03 - [TEST_STEP][PASSED] - if (getText().equals(Baslik)): null

2021-11-18 11:59:03 - [TEST_STEP][PASSED] - build().perform(): null

2021-11-18 11:59:03 - [TEST_STEP][PASSED] - if (getText().equals(Baslik)): null

2021-11-18 11:59:03 - [TEST_STEP][PASSED] - build().perform(): null

2021-11-18 11:59:04 - [TEST_STEP][PASSED] - if (getText().equals(Baslik)): null

2021-11-18 11:59:04 - [TEST_STEP][PASSED] - baslikElement = element.findElement(By.xpath("../../../..")): Smart Wait Function is triggered

2021-11-18 11:59:04 - [MESSAGE][INFO] - Smart Wait Function is triggered

2021-11-18 11:59:04 - [TEST_STEP][PASSED] - attr = baslikElement.getAttribute("id"): null

2021-11-18 11:59:04 - [TEST_STEP][PASSED] - println("girdi ve idsini aldı = " + attr): null

2021-11-18 11:59:04 - [TEST_STEP][PASSED] - break: null

2021-11-18 11:59:04 - [TEST_STEP][PASSED] - countElement = baslikElement.findElements(By.xpath("../td")): Smart Wait Function is triggered

2021-11-18 11:59:04 - [MESSAGE][INFO] - Smart Wait Function is triggered

2021-11-18 11:59:04 - [TEST_STEP][PASSED] - for (def element : countElement): null

2021-11-18 11:59:04 - [TEST_STEP][PASSED] - if (toString().equals(attr.toString())): null

2021-11-18 11:59:04 - [TEST_STEP][PASSED] - (a++): null

2021-11-18 11:59:04 - [TEST_STEP][PASSED] - if (toString().equals(attr.toString())): null

2021-11-18 11:59:04 - [TEST_STEP][PASSED] - (a++): null

2021-11-18 11:59:04 - [TEST_STEP][PASSED] - if (toString().equals(attr.toString())): null

2021-11-18 11:59:04 - [TEST_STEP][PASSED] - (a++): null

2021-11-18 11:59:04 - [TEST_STEP][PASSED] - if (toString().equals(attr.toString())): null

2021-11-18 11:59:04 - [TEST_STEP][PASSED] - (a++): null

2021-11-18 11:59:04 - [TEST_STEP][PASSED] - if (toString().equals(attr.toString())): null

2021-11-18 11:59:04 - [TEST_STEP][PASSED] - (a++): null

2021-11-18 11:59:04 - [TEST_STEP][PASSED] - if (toString().equals(attr.toString())): null

2021-11-18 11:59:04 - [TEST_STEP][PASSED] - (a++): null

2021-11-18 11:59:04 - [TEST_STEP][PASSED] - if (toString().equals(attr.toString())): null

2021-11-18 11:59:04 - [TEST_STEP][PASSED] - (a++): null

2021-11-18 11:59:04 - [TEST_STEP][PASSED] - if (toString().equals(attr.toString())): null

2021-11-18 11:59:04 - [TEST_STEP][PASSED] - (a++): null

2021-11-18 11:59:04 - [TEST_STEP][PASSED] - if (toString().equals(attr.toString())): null

2021-11-18 11:59:04 - [TEST_STEP][PASSED] - (a++): null

2021-11-18 11:59:04 - [TEST_STEP][PASSED] - if (toString().equals(attr.toString())): null

2021-11-18 11:59:04 - [TEST_STEP][PASSED] - (a++): null

2021-11-18 11:59:04 - [TEST_STEP][PASSED] - if (toString().equals(attr.toString())): null

2021-11-18 11:59:04 - [TEST_STEP][PASSED] - break: null

2021-11-18 11:59:04 - [TEST_STEP][PASSED] - son = findWebElement(findTestObject("Object Repository/Olusturma/Genel/Olusturma/EklenenSatir")).findElement(By.xpath("td[@class='dxgvInlineEditCell_LECustomTheme dxgv'][" + a + "]//td[@class='dxic']/input")): Smart Wait Function is triggered

2021-11-18 11:59:04 - [MESSAGE][INFO] - Finding Test Object 'Object Repository/Olusturma/Genel/Olusturma/EklenenSatir'

2021-11-18 11:59:04 - [MESSAGE][INFO] - Finding web element from Test Object's properties

2021-11-18 11:59:04 - [MESSAGE][INFO] - Checking timeout

2021-11-18 11:59:04 - [MESSAGE][INFO] - Finding web element with id: 'Object Repository/Olusturma/Genel/Olusturma/EklenenSatir' located by 'By.cssSelector: #divmalhizmet .dxgvInlineEditRow_LECustomTheme' in '30' second(s)

2021-11-18 11:59:04 - [MESSAGE][INFO] - Smart Wait Function is triggered

2021-11-18 11:59:05 - [MESSAGE][INFO] - Found 1 web elements with id: 'Object Repository/Olusturma/Genel/Olusturma/EklenenSatir' located by 'By.cssSelector: #divmalhizmet .dxgvInlineEditRow_LECustomTheme' in '30' second(s)

2021-11-18 11:59:05 - [MESSAGE][INFO] - Smart Wait Function is triggered

2021-11-18 11:59:05 - [TEST_STEP][PASSED] - if (!(getAttribute("value").contains("Vkn"))): null

2021-11-18 11:59:05 - [TEST_STEP][PASSED] - son.clear(): null

2021-11-18 11:59:05 - [TEST_STEP][PASSED] - son.sendKeys(Deger): null

2021-11-18 11:59:05 - [MESSAGE][PASSED] - Call Test Case 'Test Cases/Olusturma/Genel/Olusturma' successfully

2021-11-18 11:59:05 - [MESSAGE][INFO] - Checking called Test Case

2021-11-18 11:59:05 - [MESSAGE][INFO] - Starting to call Test Case 'Test Cases/Olusturma/Genel/NotGirilir'

2021-11-18 11:59:05 - [TEST_CASE][PASSED] - Test Cases/Olusturma/Genel/NotGirilir: Test Cases/Olusturma/Genel/NotGirilir

2021-11-18 11:59:05 - [TEST_STEP][PASSED] - i = 0: null

2021-11-18 11:59:05 - [TEST_STEP][PASSED] - waitForElementClickable(findTestObject("Olusturma/Genel/Not/Notlar"), 10): Object 'Object Repository/Olusturma/Genel/Not/Notlar' is clickable

2021-11-18 11:59:05 - [MESSAGE][INFO] - Finding Test Object 'Object Repository/Olusturma/Genel/Not/Notlar'

2021-11-18 11:59:05 - [MESSAGE][INFO] - Checking object

2021-11-18 11:59:05 - [MESSAGE][INFO] - Checking timeout

2021-11-18 11:59:05 - [MESSAGE][INFO] - Finding web element from Test Object's properties

2021-11-18 11:59:05 - [MESSAGE][INFO] - Checking timeout

2021-11-18 11:59:05 - [MESSAGE][INFO] - Finding web element with id: 'Object Repository/Olusturma/Genel/Not/Notlar' located by 'By.xpath: //*[@id = 'txtNote_I']' in '10' second(s)

2021-11-18 11:59:05 - [MESSAGE][INFO] - Smart Wait Function is triggered

2021-11-18 11:59:06 - [MESSAGE][INFO] - Found 1 web elements with id: 'Object Repository/Olusturma/Genel/Not/Notlar' located by 'By.xpath: //*[@id = 'txtNote_I']' in '10' second(s)

2021-11-18 11:59:06 - [MESSAGE][PASSED] - Object 'Object Repository/Olusturma/Genel/Not/Notlar' is clickable

2021-11-18 11:59:06 - [TEST_STEP][PASSED] - clearText(findTestObject("Olusturma/Genel/Not/Notlar")): Text of object 'Object Repository/Olusturma/Genel/Not/Notlar' is cleared

2021-11-18 11:59:06 - [MESSAGE][INFO] - Finding Test Object 'Object Repository/Olusturma/Genel/Not/Notlar'

2021-11-18 11:59:06 - [MESSAGE][INFO] - Checking object

2021-11-18 11:59:06 - [MESSAGE][INFO] - Finding web element from Test Object's properties

2021-11-18 11:59:06 - [MESSAGE][INFO] - Checking timeout

2021-11-18 11:59:06 - [MESSAGE][INFO] - Finding web element with id: 'Object Repository/Olusturma/Genel/Not/Notlar' located by 'By.xpath: //*[@id = 'txtNote_I']' in '30' second(s)

2021-11-18 11:59:06 - [MESSAGE][INFO] - Smart Wait Function is triggered

2021-11-18 11:59:06 - [MESSAGE][INFO] - Found 1 web elements with id: 'Object Repository/Olusturma/Genel/Not/Notlar' located by 'By.xpath: //*[@id = 'txtNote_I']' in '30' second(s)

2021-11-18 11:59:06 - [MESSAGE][INFO] - Clearing text of object 'Object Repository/Olusturma/Genel/Not/Notlar'

2021-11-18 11:59:06 - [MESSAGE][PASSED] - Text of object 'Object Repository/Olusturma/Genel/Not/Notlar' is cleared

2021-11-18 11:59:06 - [TEST_STEP][PASSED] - click(findTestObject("Olusturma/Genel/Not/Notlar")): Object: 'Object Repository/Olusturma/Genel/Not/Notlar' is clicked on

2021-11-18 11:59:06 - [MESSAGE][INFO] - Finding Test Object 'Object Repository/Olusturma/Genel/Not/Notlar'

2021-11-18 11:59:06 - [MESSAGE][INFO] - Checking object

2021-11-18 11:59:06 - [MESSAGE][INFO] - Finding web element from Test Object's properties

2021-11-18 11:59:06 - [MESSAGE][INFO] - Checking timeout

2021-11-18 11:59:06 - [MESSAGE][INFO] - Finding web element with id: 'Object Repository/Olusturma/Genel/Not/Notlar' located by 'By.xpath: //*[@id = 'txtNote_I']' in '30' second(s)

2021-11-18 11:59:06 - [MESSAGE][INFO] - Smart Wait Function is triggered

2021-11-18 11:59:06 - [MESSAGE][INFO] - Found 1 web elements with id: 'Object Repository/Olusturma/Genel/Not/Notlar' located by 'By.xpath: //*[@id = 'txtNote_I']' in '30' second(s)

2021-11-18 11:59:06 - [MESSAGE][INFO] - Clicking on object: 'Object Repository/Olusturma/Genel/Not/Notlar'

2021-11-18 11:59:06 - [MESSAGE][PASSED] - Object: 'Object Repository/Olusturma/Genel/Not/Notlar' is clicked on

2021-11-18 11:59:06 - [TEST_STEP][PASSED] - while (true): null

2021-11-18 11:59:06 - [TEST_STEP][PASSED] - delay(1): Delayed 1 second(s)

2021-11-18 11:59:06 - [MESSAGE][INFO] - Delaying browser in 1 second(s)

2021-11-18 11:59:07 - [MESSAGE][PASSED] - Delayed 1 second(s)

2021-11-18 11:59:07 - [TEST_STEP][PASSED] - ajaxIsComplete = executeJavaScript("return jQuery.active == 0", null): Execute JavaScript 'return jQuery.active == 0' successfully

2021-11-18 11:59:07 - [MESSAGE][PASSED] - Execute JavaScript 'return jQuery.active == 0' successfully

2021-11-18 11:59:07 - [TEST_STEP][PASSED] - if (ajaxIsComplete): null

2021-11-18 11:59:07 - [TEST_STEP][PASSED] - break: null

2021-11-18 11:59:07 - [TEST_STEP][PASSED] - sendKeys(findTestObject("Olusturma/Genel/Not/Notlar"), Not): Keys 'Otomasyon Not' sent to object: 'Object Repository/Olusturma/Genel/Not/Notlar'

2021-11-18 11:59:07 - [MESSAGE][INFO] - Finding Test Object 'Object Repository/Olusturma/Genel/Not/Notlar'

2021-11-18 11:59:08 - [MESSAGE][INFO] - Sending keys 'Otomasyon Not' to object: 'Object Repository/Olusturma/Genel/Not/Notlar'

2021-11-18 11:59:08 - [MESSAGE][INFO] - Finding web element from Test Object's properties

2021-11-18 11:59:08 - [MESSAGE][INFO] - Checking timeout

2021-11-18 11:59:08 - [MESSAGE][INFO] - Finding web element with id: 'Object Repository/Olusturma/Genel/Not/Notlar' located by 'By.xpath: //*[@id = 'txtNote_I']' in '30' second(s)

2021-11-18 11:59:08 - [MESSAGE][INFO] - Smart Wait Function is triggered

2021-11-18 11:59:08 - [MESSAGE][INFO] - Found 1 web elements with id: 'Object Repository/Olusturma/Genel/Not/Notlar' located by 'By.xpath: //*[@id = 'txtNote_I']' in '30' second(s)

2021-11-18 11:59:08 - [MESSAGE][PASSED] - Keys 'Otomasyon Not' sent to object: 'Object Repository/Olusturma/Genel/Not/Notlar'

2021-11-18 11:59:08 - [MESSAGE][PASSED] - Call Test Case 'Test Cases/Olusturma/Genel/NotGirilir' successfully

2021-11-18 11:59:08 - [MESSAGE][INFO] - Checking called Test Case

2021-11-18 11:59:08 - [MESSAGE][INFO] - Starting to call Test Case 'Test Cases/Olusturma/Genel/EttnBilgisiKayitEdilir'

2021-11-18 11:59:08 - [TEST_CASE][PASSED] - Test Cases/Olusturma/Genel/EttnBilgisiKayitEdilir: Test Cases/Olusturma/Genel/EttnBilgisiKayitEdilir

2021-11-18 11:59:08 - [TEST_STEP][PASSED] - verifyElementPresent(findTestObject("Object Repository/Olusturma/Genel/Olusturma/eArsivEttnBilgisi"), 7): Object 'Object Repository/Olusturma/Genel/Olusturma/eArsivEttnBilgisi' is present

2021-11-18 11:59:08 - [MESSAGE][INFO] - Finding Test Object 'Object Repository/Olusturma/Genel/Olusturma/eArsivEttnBilgisi'

2021-11-18 11:59:08 - [MESSAGE][INFO] - Checking object

2021-11-18 11:59:08 - [MESSAGE][INFO] - Finding web element from Test Object's properties

2021-11-18 11:59:08 - [MESSAGE][INFO] - Checking timeout

2021-11-18 11:59:08 - [MESSAGE][INFO] - Finding web element with id: 'Object Repository/Olusturma/Genel/Olusturma/eArsivEttnBilgisi' located by 'By.xpath: //*[@id = 'Uuid_I']' in '7' second(s)

2021-11-18 11:59:08 - [MESSAGE][INFO] - Smart Wait Function is triggered

2021-11-18 11:59:08 - [MESSAGE][INFO] - Found 1 web elements with id: 'Object Repository/Olusturma/Genel/Olusturma/eArsivEttnBilgisi' located by 'By.xpath: //*[@id = 'Uuid_I']' in '7' second(s)

2021-11-18 11:59:08 - [MESSAGE][PASSED] - Object 'Object Repository/Olusturma/Genel/Olusturma/eArsivEttnBilgisi' is present

2021-11-18 11:59:08 - [TEST_STEP][PASSED] - ettn = getAttribute(findTestObject("Object Repository/Olusturma/Genel/Olusturma/eArsivEttnBilgisi"), "value"): Attribute 'value' of object 'Object Repository/Olusturma/Genel/Olusturma/eArsivEttnBilgisi' is: '27060168-1f8e-4d00-841d-2679f536222d'

2021-11-18 11:59:08 - [MESSAGE][INFO] - Finding Test Object 'Object Repository/Olusturma/Genel/Olusturma/eArsivEttnBilgisi'

2021-11-18 11:59:08 - [MESSAGE][INFO] - Checking object

2021-11-18 11:59:08 - [MESSAGE][INFO] - Checking attribute

2021-11-18 11:59:08 - [MESSAGE][INFO] - Finding web element from Test Object's properties

2021-11-18 11:59:08 - [MESSAGE][INFO] - Checking timeout

2021-11-18 11:59:08 - [MESSAGE][INFO] - Finding web element with id: 'Object Repository/Olusturma/Genel/Olusturma/eArsivEttnBilgisi' located by 'By.xpath: //*[@id = 'Uuid_I']' in '30' second(s)

2021-11-18 11:59:08 - [MESSAGE][INFO] - Smart Wait Function is triggered

2021-11-18 11:59:09 - [MESSAGE][INFO] - Found 1 web elements with id: 'Object Repository/Olusturma/Genel/Olusturma/eArsivEttnBilgisi' located by 'By.xpath: //*[@id = 'Uuid_I']' in '30' second(s)

2021-11-18 11:59:09 - [MESSAGE][INFO] - Getting attribute 'value' of object 'Object Repository/Olusturma/Genel/Olusturma/eArsivEttnBilgisi'

2021-11-18 11:59:09 - [MESSAGE][PASSED] - Attribute 'value' of object 'Object Repository/Olusturma/Genel/Olusturma/eArsivEttnBilgisi' is: '27060168-1f8e-4d00-841d-2679f536222d'

2021-11-18 11:59:09 - [MESSAGE][PASSED] - Call Test Case 'Test Cases/Olusturma/Genel/EttnBilgisiKayitEdilir' successfully

2021-11-18 11:59:09 - [MESSAGE][INFO] - Checking called Test Case

2021-11-18 11:59:09 - [MESSAGE][INFO] - Starting to call Test Case 'Test Cases/Olusturma/Genel/KaydetButonunaTiklanir'

2021-11-18 11:59:09 - [TEST_CASE][PASSED] - Test Cases/Olusturma/Genel/KaydetButonunaTiklanir: Test Cases/Olusturma/Genel/KaydetButonunaTiklanir

2021-11-18 11:59:09 - [TEST_STEP][PASSED] - i = 0: null

2021-11-18 11:59:09 - [TEST_STEP][PASSED] - waitForElementPresent(findTestObject("Olusturma/Genel/Not/Notlar"), 10): Object 'Object Repository/Olusturma/Genel/Not/Notlar' is present

2021-11-18 11:59:09 - [MESSAGE][INFO] - Finding Test Object 'Object Repository/Olusturma/Genel/Not/Notlar'

2021-11-18 11:59:09 - [MESSAGE][INFO] - Checking object

2021-11-18 11:59:09 - [MESSAGE][INFO] - Finding web element from Test Object's properties

2021-11-18 11:59:09 - [MESSAGE][INFO] - Checking timeout

2021-11-18 11:59:09 - [MESSAGE][INFO] - Finding web element with id: 'Object Repository/Olusturma/Genel/Not/Notlar' located by 'By.xpath: //*[@id = 'txtNote_I']' in '10' second(s)

2021-11-18 11:59:09 - [MESSAGE][INFO] - Smart Wait Function is triggered

2021-11-18 11:59:09 - [MESSAGE][INFO] - Found 1 web elements with id: 'Object Repository/Olusturma/Genel/Not/Notlar' located by 'By.xpath: //*[@id = 'txtNote_I']' in '10' second(s)

2021-11-18 11:59:09 - [MESSAGE][PASSED] - Object 'Object Repository/Olusturma/Genel/Not/Notlar' is present

2021-11-18 11:59:09 - [TEST_STEP][PASSED] - click(findTestObject("Olusturma/Genel/Not/Notlar")): Object: 'Object Repository/Olusturma/Genel/Not/Notlar' is clicked on

2021-11-18 11:59:09 - [MESSAGE][INFO] - Finding Test Object 'Object Repository/Olusturma/Genel/Not/Notlar'

2021-11-18 11:59:09 - [MESSAGE][INFO] - Checking object

2021-11-18 11:59:09 - [MESSAGE][INFO] - Finding web element from Test Object's properties

2021-11-18 11:59:09 - [MESSAGE][INFO] - Checking timeout

2021-11-18 11:59:09 - [MESSAGE][INFO] - Finding web element with id: 'Object Repository/Olusturma/Genel/Not/Notlar' located by 'By.xpath: //*[@id = 'txtNote_I']' in '30' second(s)

2021-11-18 11:59:09 - [MESSAGE][INFO] - Smart Wait Function is triggered

2021-11-18 11:59:10 - [MESSAGE][INFO] - Found 1 web elements with id: 'Object Repository/Olusturma/Genel/Not/Notlar' located by 'By.xpath: //*[@id = 'txtNote_I']' in '30' second(s)

2021-11-18 11:59:10 - [MESSAGE][INFO] - Clicking on object: 'Object Repository/Olusturma/Genel/Not/Notlar'

2021-11-18 11:59:10 - [MESSAGE][PASSED] - Object: 'Object Repository/Olusturma/Genel/Not/Notlar' is clicked on

2021-11-18 11:59:10 - [TEST_STEP][PASSED] - while (true): null

2021-11-18 11:59:10 - [TEST_STEP][PASSED] - delay(1): Delayed 1 second(s)

2021-11-18 11:59:10 - [MESSAGE][INFO] - Delaying browser in 1 second(s)

2021-11-18 11:59:11 - [MESSAGE][PASSED] - Delayed 1 second(s)

2021-11-18 11:59:11 - [TEST_STEP][PASSED] - ajaxIsComplete = executeJavaScript("return jQuery.active == 0", null): Execute JavaScript 'return jQuery.active == 0' successfully

2021-11-18 11:59:11 - [MESSAGE][PASSED] - Execute JavaScript 'return jQuery.active == 0' successfully

2021-11-18 11:59:11 - [TEST_STEP][PASSED] - if (ajaxIsComplete): null

2021-11-18 11:59:11 - [TEST_STEP][PASSED] - break: null

2021-11-18 11:59:11 - [TEST_STEP][PASSED] - waitForElementClickable(findTestObject("Object Repository/Olusturma/Genel/Buton"), 10): Object 'Object Repository/Olusturma/Genel/Buton' is clickable

2021-11-18 11:59:11 - [MESSAGE][INFO] - Finding Test Object 'Object Repository/Olusturma/Genel/Buton'

2021-11-18 11:59:11 - [MESSAGE][INFO] - Checking object

2021-11-18 11:59:11 - [MESSAGE][INFO] - Checking timeout

2021-11-18 11:59:11 - [MESSAGE][INFO] - Finding web element from Test Object's properties

2021-11-18 11:59:11 - [MESSAGE][INFO] - Checking timeout

2021-11-18 11:59:11 - [MESSAGE][INFO] - Finding web element with id: 'Object Repository/Olusturma/Genel/Buton' located by 'By.xpath: //*[@id = 'btnKaydet']' in '10' second(s)

2021-11-18 11:59:11 - [MESSAGE][INFO] - Smart Wait Function is triggered

2021-11-18 11:59:11 - [MESSAGE][INFO] - Found 1 web elements with id: 'Object Repository/Olusturma/Genel/Buton' located by 'By.xpath: //*[@id = 'btnKaydet']' in '10' second(s)

2021-11-18 11:59:11 - [MESSAGE][PASSED] - Object 'Object Repository/Olusturma/Genel/Buton' is clickable

2021-11-18 11:59:11 - [TEST_STEP][PASSED] - click(findTestObject("Object Repository/Olusturma/Genel/Buton")): Object: 'Object Repository/Olusturma/Genel/Buton' is clicked on

2021-11-18 11:59:11 - [MESSAGE][INFO] - Finding Test Object 'Object Repository/Olusturma/Genel/Buton'

2021-11-18 11:59:11 - [MESSAGE][INFO] - Checking object

2021-11-18 11:59:11 - [MESSAGE][INFO] - Finding web element from Test Object's properties

2021-11-18 11:59:11 - [MESSAGE][INFO] - Checking timeout

2021-11-18 11:59:11 - [MESSAGE][INFO] - Finding web element with id: 'Object Repository/Olusturma/Genel/Buton' located by 'By.xpath: //*[@id = 'btnKaydet']' in '30' second(s)

2021-11-18 11:59:11 - [MESSAGE][INFO] - Smart Wait Function is triggered

2021-11-18 11:59:11 - [MESSAGE][INFO] - Found 1 web elements with id: 'Object Repository/Olusturma/Genel/Buton' located by 'By.xpath: //*[@id = 'btnKaydet']' in '30' second(s)

2021-11-18 11:59:11 - [MESSAGE][INFO] - Clicking on object: 'Object Repository/Olusturma/Genel/Buton'

2021-11-18 11:59:14 - [MESSAGE][PASSED] - Object: 'Object Repository/Olusturma/Genel/Buton' is clicked on

2021-11-18 11:59:14 - [MESSAGE][PASSED] - Call Test Case 'Test Cases/Olusturma/Genel/KaydetButonunaTiklanir' successfully

2021-11-18 11:59:14 - [MESSAGE][INFO] - Checking called Test Case

2021-11-18 11:59:14 - [MESSAGE][INFO] - Starting to call Test Case 'Test Cases/Tablo/TablodaEttnliVeriOlusturulduMu'

2021-11-18 11:59:14 - [TEST_CASE][PASSED] - Test Cases/Tablo/TablodaEttnliVeriOlusturulduMu: Test Cases/Tablo/TablodaEttnliVeriOlusturulduMu

2021-11-18 11:59:14 - [TEST_STEP][PASSED] - Method.TextDegerineEsitElementVarMi(findTestObject("Tablo/OlusturulanVeri"), ettn): Method.TextDegerineEsitElementVarMi is PASSED

2021-11-18 11:59:14 - [MESSAGE][INFO] - Finding Test Object 'Object Repository/Tablo/OlusturulanVeri'

2021-11-18 11:59:14 - [MESSAGE][INFO] - Checking timeout

2021-11-18 11:59:14 - [MESSAGE][INFO] - Finding web element with id: 'Object Repository/Tablo/OlusturulanVeri' located by 'By.cssSelector: table.dxgvTable_LECustomTheme>tbody>tr:nth-child(3)>td.dxgv b,table.dxgvTable_LECustomTheme>tbody>tr:nth-child(3)>td.dxgv' in '10' second(s)

2021-11-18 11:59:14 - [MESSAGE][INFO] - Smart Wait Function is triggered

2021-11-18 11:59:14 - [MESSAGE][INFO] - Found 14 web elements with id: 'Object Repository/Tablo/OlusturulanVeri' located by 'By.cssSelector: table.dxgvTable_LECustomTheme>tbody>tr:nth-child(3)>td.dxgv b,table.dxgvTable_LECustomTheme>tbody>tr:nth-child(3)>td.dxgv' in '10' second(s)

2021-11-18 11:59:14 - [MESSAGE][PASSED] - Method.TextDegerineEsitElementVarMi is PASSED

2021-11-18 11:59:14 - [MESSAGE][PASSED] - Call Test Case 'Test Cases/Tablo/TablodaEttnliVeriOlusturulduMu' successfully

2021-11-18 11:59:14 - [MESSAGE][INFO] - Checking called Test Case

2021-11-18 11:59:14 - [MESSAGE][INFO] - Starting to call Test Case 'Test Cases/Tablo/TablodanEttnliVeriSec'

2021-11-18 11:59:14 - [TEST_CASE][PASSED] - Test Cases/Tablo/TablodanEttnliVeriSec: Test Cases/Tablo/TablodanEttnliVeriSec

2021-11-18 11:59:14 - [TEST_STEP][PASSED] - Method.TextDegerineEsitElementinAltindakineTikla(findTestObject("Tablo/Veriler"), findTestObject("Tablo/VerininCheckBoxi"), ettn): Method.TextDegerineEsitElementinAltindakineTikla is PASSED

2021-11-18 11:59:14 - [MESSAGE][INFO] - Finding Test Object 'Object Repository/Tablo/Veriler'

2021-11-18 11:59:14 - [MESSAGE][INFO] - Finding Test Object 'Object Repository/Tablo/VerininCheckBoxi'

2021-11-18 11:59:14 - [MESSAGE][INFO] - Checking timeout

2021-11-18 11:59:14 - [MESSAGE][INFO] - Finding web element with id: 'Object Repository/Tablo/Veriler' located by 'By.cssSelector: td.dxgv b ,td.dxgv' in '10' second(s)

2021-11-18 11:59:14 - [MESSAGE][INFO] - Smart Wait Function is triggered

2021-11-18 11:59:15 - [MESSAGE][INFO] - Found 112 web elements with id: 'Object Repository/Tablo/Veriler' located by 'By.cssSelector: td.dxgv b ,td.dxgv' in '10' second(s)

2021-11-18 11:59:15 - [MESSAGE][INFO] - Smart Wait Function is triggered

2021-11-18 11:59:15 - [MESSAGE][PASSED] - Method.TextDegerineEsitElementinAltindakineTikla is PASSED

2021-11-18 11:59:15 - [MESSAGE][PASSED] - Call Test Case 'Test Cases/Tablo/TablodanEttnliVeriSec' successfully

2021-11-18 11:59:15 - [MESSAGE][INFO] - Checking called Test Case

2021-11-18 11:59:15 - [MESSAGE][INFO] - Starting to call Test Case 'Test Cases/Butonlar/ButonaTikla'

2021-11-18 11:59:15 - [TEST_CASE][PASSED] - Test Cases/Butonlar/ButonaTikla: Test Cases/Butonlar/ButonaTikla

2021-11-18 11:59:15 - [TEST_STEP][PASSED] - Method.TextDegerineEsitElementeTiklaEquals(findTestObject("Butonlar/Butonlar"), Buton_Adi): Method.TextDegerineEsitElementeTiklaEquals is PASSED

2021-11-18 11:59:15 - [MESSAGE][INFO] - Finding Test Object 'Object Repository/Butonlar/Butonlar'

2021-11-18 11:59:15 - [MESSAGE][INFO] - Checking timeout

2021-11-18 11:59:15 - [MESSAGE][INFO] - Finding web element with id: 'Object Repository/Butonlar/Butonlar' located by 'By.cssSelector: .panel.panel-default.text-center.footerPanel .btn,.btn.btn-primary.btnControls' in '10' second(s)

2021-11-18 11:59:15 - [MESSAGE][INFO] - Smart Wait Function is triggered

2021-11-18 11:59:15 - [MESSAGE][INFO] - Found 9 web elements with id: 'Object Repository/Butonlar/Butonlar' located by 'By.cssSelector: .panel.panel-default.text-center.footerPanel .btn,.btn.btn-primary.btnControls' in '10' second(s)

2021-11-18 11:59:16 - [MESSAGE][PASSED] - Method.TextDegerineEsitElementeTiklaEquals is PASSED

2021-11-18 11:59:16 - [MESSAGE][PASSED] - Call Test Case 'Test Cases/Butonlar/ButonaTikla' successfully

2021-11-18 11:59:16 - [MESSAGE][INFO] - Checking called Test Case

2021-11-18 11:59:16 - [MESSAGE][INFO] - Starting to call Test Case 'Test Cases/Popup/PopupMesajiIceriyorMu'

2021-11-18 11:59:16 - [TEST_CASE][PASSED] - Test Cases/Popup/PopupMesajiIceriyorMu: Test Cases/Popup/PopupMesajiIceriyorMu

2021-11-18 11:59:16 - [TEST_STEP][PASSED] - waitForElementVisible(findTestObject("Popup/Popup"), 10): Object 'Object Repository/Popup/Popup' is visible

2021-11-18 11:59:16 - [MESSAGE][INFO] - Finding Test Object 'Object Repository/Popup/Popup'

2021-11-18 11:59:16 - [MESSAGE][INFO] - Checking object

2021-11-18 11:59:16 - [MESSAGE][INFO] - Checking timeout

2021-11-18 11:59:16 - [MESSAGE][INFO] - Finding web element from Test Object's properties

2021-11-18 11:59:16 - [MESSAGE][INFO] - Checking timeout

2021-11-18 11:59:16 - [MESSAGE][INFO] - Finding web element with id: 'Object Repository/Popup/Popup' located by 'By.cssSelector: .bootbox-body' in '10' second(s)

2021-11-18 11:59:16 - [MESSAGE][INFO] - Smart Wait Function is triggered

2021-11-18 11:59:17 - [MESSAGE][INFO] - Found 1 web elements with id: 'Object Repository/Popup/Popup' located by 'By.cssSelector: .bootbox-body' in '10' second(s)

2021-11-18 11:59:17 - [MESSAGE][PASSED] - Object 'Object Repository/Popup/Popup' is visible

2021-11-18 11:59:17 - [TEST_STEP][PASSED] - if (!(getText(findTestObject("Popup/Popup")).contains(Mesaj))): Text of object 'Object Repository/Popup/Popup' is: 'Oluşturulacak fatura numarası : YIG2021000000490 Fatura numarası oluşturulduktan sonra fatura silinemez. Fatura numarası, tarihi ve ön eki değiştirilemez. Devam etmek istiyor musunuz?'

2021-11-18 11:59:17 - [MESSAGE][INFO] - Finding Test Object 'Object Repository/Popup/Popup'

2021-11-18 11:59:17 - [MESSAGE][INFO] - Checking object

2021-11-18 11:59:17 - [MESSAGE][INFO] - Finding web element from Test Object's properties

2021-11-18 11:59:17 - [MESSAGE][INFO] - Checking timeout

2021-11-18 11:59:17 - [MESSAGE][INFO] - Finding web element with id: 'Object Repository/Popup/Popup' located by 'By.cssSelector: .bootbox-body' in '30' second(s)

2021-11-18 11:59:17 - [MESSAGE][INFO] - Smart Wait Function is triggered

2021-11-18 11:59:17 - [MESSAGE][INFO] - Found 1 web elements with id: 'Object Repository/Popup/Popup' located by 'By.cssSelector: .bootbox-body' in '30' second(s)

2021-11-18 11:59:17 - [MESSAGE][INFO] - Getting text of object 'Object Repository/Popup/Popup'

2021-11-18 11:59:17 - [MESSAGE][PASSED] - Text of object 'Object Repository/Popup/Popup' is: 'Oluşturulacak fatura numarası : YIG2021000000490 Fatura numarası oluşturulduktan sonra fatura silinemez. Fatura numarası, tarihi ve ön eki değiştirilemez. Devam etmek istiyor musunuz?'

2021-11-18 11:59:17 - [TEST_STEP][PASSED] - RaporNo = getText(findTestObject("Popup/Popup")).substring(0, 6): Text of object 'Object Repository/Popup/Popup' is: 'Oluşturulacak fatura numarası : YIG2021000000490 Fatura numarası oluşturulduktan sonra fatura silinemez. Fatura numarası, tarihi ve ön eki değiştirilemez. Devam etmek istiyor musunuz?'

2021-11-18 11:59:17 - [MESSAGE][INFO] - Finding Test Object 'Object Repository/Popup/Popup'

2021-11-18 11:59:17 - [MESSAGE][INFO] - Checking object

2021-11-18 11:59:17 - [MESSAGE][INFO] - Finding web element from Test Object's properties

2021-11-18 11:59:17 - [MESSAGE][INFO] - Checking timeout

2021-11-18 11:59:17 - [MESSAGE][INFO] - Finding web element with id: 'Object Repository/Popup/Popup' located by 'By.cssSelector: .bootbox-body' in '30' second(s)

2021-11-18 11:59:17 - [MESSAGE][INFO] - Smart Wait Function is triggered

2021-11-18 11:59:18 - [MESSAGE][INFO] - Found 1 web elements with id: 'Object Repository/Popup/Popup' located by 'By.cssSelector: .bootbox-body' in '30' second(s)

2021-11-18 11:59:18 - [MESSAGE][INFO] - Getting text of object 'Object Repository/Popup/Popup'

2021-11-18 11:59:18 - [MESSAGE][PASSED] - Text of object 'Object Repository/Popup/Popup' is: 'Oluşturulacak fatura numarası : YIG2021000000490 Fatura numarası oluşturulduktan sonra fatura silinemez. Fatura numarası, tarihi ve ön eki değiştirilemez. Devam etmek istiyor musunuz?'

2021-11-18 11:59:18 - [TEST_STEP][PASSED] - Console.println(RaporNo): null

2021-11-18 11:59:18 - [MESSAGE][PASSED] - Call Test Case 'Test Cases/Popup/PopupMesajiIceriyorMu' successfully

2021-11-18 11:59:18 - [MESSAGE][INFO] - Checking called Test Case

2021-11-18 11:59:18 - [MESSAGE][INFO] - Starting to call Test Case 'Test Cases/Popup/PopupButonSecilir'

2021-11-18 11:59:18 - [TEST_CASE][PASSED] - Test Cases/Popup/PopupButonSecilir: Test Cases/Popup/PopupButonSecilir

2021-11-18 11:59:18 - [TEST_STEP][PASSED] - Method.TextDegerineEsitElementeTikla(findTestObject("Popup/Popup_Butons"), Buton): Method.TextDegerineEsitElementeTikla is PASSED

2021-11-18 11:59:18 - [MESSAGE][INFO] - Finding Test Object 'Object Repository/Popup/Popup_Butons'

2021-11-18 11:59:18 - [MESSAGE][INFO] - Checking timeout

2021-11-18 11:59:18 - [MESSAGE][INFO] - Finding web element with id: 'Object Repository/Popup/Popup_Butons' located by 'By.cssSelector: .modal-footer>button' in '10' second(s)

2021-11-18 11:59:18 - [MESSAGE][INFO] - Smart Wait Function is triggered

2021-11-18 11:59:18 - [MESSAGE][INFO] - Found 2 web elements with id: 'Object Repository/Popup/Popup_Butons' located by 'By.cssSelector: .modal-footer>button' in '10' second(s)

2021-11-18 11:59:18 - [MESSAGE][PASSED] - Method.TextDegerineEsitElementeTikla is PASSED

2021-11-18 11:59:18 - [MESSAGE][PASSED] - Call Test Case 'Test Cases/Popup/PopupButonSecilir' successfully

2021-11-18 11:59:18 - [MESSAGE][INFO] - Checking called Test Case

2021-11-18 11:59:18 - [MESSAGE][INFO] - Starting to call Test Case 'Test Cases/Popup/PopupMesajiIceriyorMu'

2021-11-18 11:59:18 - [TEST_CASE][PASSED] - Test Cases/Popup/PopupMesajiIceriyorMu: Test Cases/Popup/PopupMesajiIceriyorMu

2021-11-18 11:59:18 - [TEST_STEP][PASSED] - waitForElementVisible(findTestObject("Popup/Popup"), 10): Object 'Object Repository/Popup/Popup' is visible

2021-11-18 11:59:18 - [MESSAGE][INFO] - Finding Test Object 'Object Repository/Popup/Popup'

2021-11-18 11:59:18 - [MESSAGE][INFO] - Checking object

2021-11-18 11:59:18 - [MESSAGE][INFO] - Checking timeout

2021-11-18 11:59:18 - [MESSAGE][INFO] - Finding web element from Test Object's properties

2021-11-18 11:59:18 - [MESSAGE][INFO] - Checking timeout

2021-11-18 11:59:18 - [MESSAGE][INFO] - Finding web element with id: 'Object Repository/Popup/Popup' located by 'By.cssSelector: .bootbox-body' in '10' second(s)

2021-11-18 11:59:18 - [MESSAGE][INFO] - Smart Wait Function is triggered

2021-11-18 11:59:19 - [MESSAGE][INFO] - Found 1 web elements with id: 'Object Repository/Popup/Popup' located by 'By.cssSelector: .bootbox-body' in '10' second(s)

2021-11-18 11:59:19 - [MESSAGE][PASSED] - Object 'Object Repository/Popup/Popup' is visible

2021-11-18 11:59:19 - [TEST_STEP][PASSED] - if (!(getText(findTestObject("Popup/Popup")).contains(Mesaj))): Text of object 'Object Repository/Popup/Popup' is: 'Fatura numaranız YIG2021000000490 olarak oluşmuştur.'

2021-11-18 11:59:19 - [MESSAGE][INFO] - Finding Test Object 'Object Repository/Popup/Popup'

2021-11-18 11:59:19 - [MESSAGE][INFO] - Checking object

2021-11-18 11:59:19 - [MESSAGE][INFO] - Finding web element from Test Object's properties

2021-11-18 11:59:19 - [MESSAGE][INFO] - Checking timeout

2021-11-18 11:59:19 - [MESSAGE][INFO] - Finding web element with id: 'Object Repository/Popup/Popup' located by 'By.cssSelector: .bootbox-body' in '30' second(s)

2021-11-18 11:59:19 - [MESSAGE][INFO] - Smart Wait Function is triggered

2021-11-18 11:59:19 - [MESSAGE][INFO] - Found 1 web elements with id: 'Object Repository/Popup/Popup' located by 'By.cssSelector: .bootbox-body' in '30' second(s)

2021-11-18 11:59:19 - [MESSAGE][INFO] - Getting text of object 'Object Repository/Popup/Popup'

2021-11-18 11:59:19 - [MESSAGE][PASSED] - Text of object 'Object Repository/Popup/Popup' is: 'Fatura numaranız YIG2021000000490 olarak oluşmuştur.'

2021-11-18 11:59:19 - [TEST_STEP][PASSED] - RaporNo = getText(findTestObject("Popup/Popup")).substring(0, 6): Text of object 'Object Repository/Popup/Popup' is: 'Fatura numaranız YIG2021000000490 olarak oluşmuştur.'

2021-11-18 11:59:19 - [MESSAGE][INFO] - Finding Test Object 'Object Repository/Popup/Popup'

2021-11-18 11:59:19 - [MESSAGE][INFO] - Checking object

2021-11-18 11:59:19 - [MESSAGE][INFO] - Finding web element from Test Object's properties

2021-11-18 11:59:19 - [MESSAGE][INFO] - Checking timeout

2021-11-18 11:59:19 - [MESSAGE][INFO] - Finding web element with id: 'Object Repository/Popup/Popup' located by 'By.cssSelector: .bootbox-body' in '30' second(s)

2021-11-18 11:59:19 - [MESSAGE][INFO] - Smart Wait Function is triggered

2021-11-18 11:59:20 - [MESSAGE][INFO] - Found 1 web elements with id: 'Object Repository/Popup/Popup' located by 'By.cssSelector: .bootbox-body' in '30' second(s)

2021-11-18 11:59:20 - [MESSAGE][INFO] - Getting text of object 'Object Repository/Popup/Popup'

2021-11-18 11:59:20 - [MESSAGE][PASSED] - Text of object 'Object Repository/Popup/Popup' is: 'Fatura numaranız YIG2021000000490 olarak oluşmuştur.'

2021-11-18 11:59:20 - [TEST_STEP][PASSED] - Console.println(RaporNo): null

2021-11-18 11:59:20 - [MESSAGE][PASSED] - Call Test Case 'Test Cases/Popup/PopupMesajiIceriyorMu' successfully

2021-11-18 11:59:20 - [MESSAGE][INFO] - Checking called Test Case

2021-11-18 11:59:20 - [MESSAGE][INFO] - Starting to call Test Case 'Test Cases/Popup/PopupButonSecilir'

2021-11-18 11:59:20 - [TEST_CASE][PASSED] - Test Cases/Popup/PopupButonSecilir: Test Cases/Popup/PopupButonSecilir

2021-11-18 11:59:20 - [TEST_STEP][PASSED] - Method.TextDegerineEsitElementeTikla(findTestObject("Popup/Popup_Butons"), Buton): Method.TextDegerineEsitElementeTikla is PASSED

2021-11-18 11:59:20 - [MESSAGE][INFO] - Finding Test Object 'Object Repository/Popup/Popup_Butons'

2021-11-18 11:59:20 - [MESSAGE][INFO] - Checking timeout

2021-11-18 11:59:20 - [MESSAGE][INFO] - Finding web element with id: 'Object Repository/Popup/Popup_Butons' located by 'By.cssSelector: .modal-footer>button' in '10' second(s)

2021-11-18 11:59:20 - [MESSAGE][INFO] - Smart Wait Function is triggered

2021-11-18 11:59:20 - [MESSAGE][INFO] - Found 1 web elements with id: 'Object Repository/Popup/Popup_Butons' located by 'By.cssSelector: .modal-footer>button' in '10' second(s)

2021-11-18 11:59:20 - [MESSAGE][PASSED] - Method.TextDegerineEsitElementeTikla is PASSED

2021-11-18 11:59:20 - [MESSAGE][PASSED] - Call Test Case 'Test Cases/Popup/PopupButonSecilir' successfully

2021-11-18 11:59:20 - [MESSAGE][INFO] - Checking called Test Case

2021-11-18 11:59:20 - [MESSAGE][INFO] - Starting to call Test Case 'Test Cases/Tablo/TablodanEttnliVeriSec'

2021-11-18 11:59:20 - [TEST_CASE][PASSED] - Test Cases/Tablo/TablodanEttnliVeriSec: Test Cases/Tablo/TablodanEttnliVeriSec

2021-11-18 11:59:20 - [TEST_STEP][PASSED] - Method.TextDegerineEsitElementinAltindakineTikla(findTestObject("Tablo/Veriler"), findTestObject("Tablo/VerininCheckBoxi"), ettn): Method.TextDegerineEsitElementinAltindakineTikla is PASSED

2021-11-18 11:59:20 - [MESSAGE][INFO] - Finding Test Object 'Object Repository/Tablo/Veriler'

2021-11-18 11:59:20 - [MESSAGE][INFO] - Finding Test Object 'Object Repository/Tablo/VerininCheckBoxi'

2021-11-18 11:59:20 - [MESSAGE][INFO] - Checking timeout

2021-11-18 11:59:20 - [MESSAGE][INFO] - Finding web element with id: 'Object Repository/Tablo/Veriler' located by 'By.cssSelector: td.dxgv b ,td.dxgv' in '10' second(s)

2021-11-18 11:59:20 - [MESSAGE][INFO] - Smart Wait Function is triggered

2021-11-18 11:59:21 - [MESSAGE][INFO] - Found 112 web elements with id: 'Object Repository/Tablo/Veriler' located by 'By.cssSelector: td.dxgv b ,td.dxgv' in '10' second(s)

2021-11-18 11:59:21 - [MESSAGE][INFO] - Smart Wait Function is triggered

2021-11-18 11:59:21 - [MESSAGE][PASSED] - Method.TextDegerineEsitElementinAltindakineTikla is PASSED

2021-11-18 11:59:21 - [MESSAGE][PASSED] - Call Test Case 'Test Cases/Tablo/TablodanEttnliVeriSec' successfully

2021-11-18 11:59:21 - [MESSAGE][INFO] - Checking called Test Case

2021-11-18 11:59:21 - [MESSAGE][INFO] - Starting to call Test Case 'Test Cases/Butonlar/ButonaTikla'

2021-11-18 11:59:21 - [TEST_CASE][PASSED] - Test Cases/Butonlar/ButonaTikla: Test Cases/Butonlar/ButonaTikla

2021-11-18 11:59:21 - [TEST_STEP][PASSED] - Method.TextDegerineEsitElementeTiklaEquals(findTestObject("Butonlar/Butonlar"), Buton_Adi): Method.TextDegerineEsitElementeTiklaEquals is PASSED

2021-11-18 11:59:21 - [MESSAGE][INFO] - Finding Test Object 'Object Repository/Butonlar/Butonlar'

2021-11-18 11:59:21 - [MESSAGE][INFO] - Checking timeout

2021-11-18 11:59:21 - [MESSAGE][INFO] - Finding web element with id: 'Object Repository/Butonlar/Butonlar' located by 'By.cssSelector: .panel.panel-default.text-center.footerPanel .btn,.btn.btn-primary.btnControls' in '10' second(s)

2021-11-18 11:59:21 - [MESSAGE][INFO] - Smart Wait Function is triggered

2021-11-18 11:59:22 - [MESSAGE][INFO] - Found 9 web elements with id: 'Object Repository/Butonlar/Butonlar' located by 'By.cssSelector: .panel.panel-default.text-center.footerPanel .btn,.btn.btn-primary.btnControls' in '10' second(s)

2021-11-18 11:59:22 - [MESSAGE][PASSED] - Method.TextDegerineEsitElementeTiklaEquals is PASSED

2021-11-18 11:59:22 - [MESSAGE][PASSED] - Call Test Case 'Test Cases/Butonlar/ButonaTikla' successfully

2021-11-18 11:59:22 - [MESSAGE][INFO] - Checking called Test Case

2021-11-18 11:59:22 - [MESSAGE][INFO] - Starting to call Test Case 'Test Cases/Popup/PopupMesajiIceriyorMu'

2021-11-18 11:59:22 - [TEST_CASE][PASSED] - Test Cases/Popup/PopupMesajiIceriyorMu: Test Cases/Popup/PopupMesajiIceriyorMu

2021-11-18 11:59:22 - [TEST_STEP][PASSED] - waitForElementVisible(findTestObject("Popup/Popup"), 10): Object 'Object Repository/Popup/Popup' is visible

2021-11-18 11:59:22 - [MESSAGE][INFO] - Finding Test Object 'Object Repository/Popup/Popup'

2021-11-18 11:59:23 - [MESSAGE][INFO] - Checking object

2021-11-18 11:59:23 - [MESSAGE][INFO] - Checking timeout

2021-11-18 11:59:23 - [MESSAGE][INFO] - Finding web element from Test Object's properties

2021-11-18 11:59:23 - [MESSAGE][INFO] - Checking timeout

2021-11-18 11:59:23 - [MESSAGE][INFO] - Finding web element with id: 'Object Repository/Popup/Popup' located by 'By.cssSelector: .bootbox-body' in '10' second(s)

2021-11-18 11:59:23 - [MESSAGE][INFO] - Smart Wait Function is triggered

2021-11-18 11:59:23 - [MESSAGE][INFO] - Found 1 web elements with id: 'Object Repository/Popup/Popup' located by 'By.cssSelector: .bootbox-body' in '10' second(s)

2021-11-18 11:59:23 - [MESSAGE][PASSED] - Object 'Object Repository/Popup/Popup' is visible

2021-11-18 11:59:23 - [TEST_STEP][PASSED] - if (!(getText(findTestObject("Popup/Popup")).contains(Mesaj))): Text of object 'Object Repository/Popup/Popup' is: 'Seçilen faturalarınız onaylanacaktır. Onaylanan faturalar üzerinde değişiklik yapılamaz. Devam etmek istiyor musunuz?'

2021-11-18 11:59:23 - [MESSAGE][INFO] - Finding Test Object 'Object Repository/Popup/Popup'

2021-11-18 11:59:23 - [MESSAGE][INFO] - Checking object

2021-11-18 11:59:23 - [MESSAGE][INFO] - Finding web element from Test Object's properties

2021-11-18 11:59:23 - [MESSAGE][INFO] - Checking timeout

2021-11-18 11:59:23 - [MESSAGE][INFO] - Finding web element with id: 'Object Repository/Popup/Popup' located by 'By.cssSelector: .bootbox-body' in '30' second(s)

2021-11-18 11:59:23 - [MESSAGE][INFO] - Smart Wait Function is triggered

2021-11-18 11:59:23 - [MESSAGE][INFO] - Found 1 web elements with id: 'Object Repository/Popup/Popup' located by 'By.cssSelector: .bootbox-body' in '30' second(s)

2021-11-18 11:59:23 - [MESSAGE][INFO] - Getting text of object 'Object Repository/Popup/Popup'

2021-11-18 11:59:23 - [MESSAGE][PASSED] - Text of object 'Object Repository/Popup/Popup' is: 'Seçilen faturalarınız onaylanacaktır. Onaylanan faturalar üzerinde değişiklik yapılamaz. Devam etmek istiyor musunuz?'

2021-11-18 11:59:23 - [TEST_STEP][PASSED] - RaporNo = getText(findTestObject("Popup/Popup")).substring(0, 6): Text of object 'Object Repository/Popup/Popup' is: 'Seçilen faturalarınız onaylanacaktır. Onaylanan faturalar üzerinde değişiklik yapılamaz. Devam etmek istiyor musunuz?'

2021-11-18 11:59:23 - [MESSAGE][INFO] - Finding Test Object 'Object Repository/Popup/Popup'

2021-11-18 11:59:23 - [MESSAGE][INFO] - Checking object

2021-11-18 11:59:23 - [MESSAGE][INFO] - Finding web element from Test Object's properties

2021-11-18 11:59:23 - [MESSAGE][INFO] - Checking timeout

2021-11-18 11:59:23 - [MESSAGE][INFO] - Finding web element with id: 'Object Repository/Popup/Popup' located by 'By.cssSelector: .bootbox-body' in '30' second(s)

2021-11-18 11:59:23 - [MESSAGE][INFO] - Smart Wait Function is triggered

2021-11-18 11:59:24 - [MESSAGE][INFO] - Found 1 web elements with id: 'Object Repository/Popup/Popup' located by 'By.cssSelector: .bootbox-body' in '30' second(s)

2021-11-18 11:59:24 - [MESSAGE][INFO] - Getting text of object 'Object Repository/Popup/Popup'

2021-11-18 11:59:24 - [MESSAGE][PASSED] - Text of object 'Object Repository/Popup/Popup' is: 'Seçilen faturalarınız onaylanacaktır. Onaylanan faturalar üzerinde değişiklik yapılamaz. Devam etmek istiyor musunuz?'

2021-11-18 11:59:24 - [TEST_STEP][PASSED] - Console.println(RaporNo): null

2021-11-18 11:59:24 - [MESSAGE][PASSED] - Call Test Case 'Test Cases/Popup/PopupMesajiIceriyorMu' successfully

2021-11-18 11:59:24 - [MESSAGE][INFO] - Checking called Test Case

2021-11-18 11:59:24 - [MESSAGE][INFO] - Starting to call Test Case 'Test Cases/Popup/PopupButonSecilir'

2021-11-18 11:59:24 - [TEST_CASE][PASSED] - Test Cases/Popup/PopupButonSecilir: Test Cases/Popup/PopupButonSecilir

2021-11-18 11:59:24 - [TEST_STEP][PASSED] - Method.TextDegerineEsitElementeTikla(findTestObject("Popup/Popup_Butons"), Buton): Method.TextDegerineEsitElementeTikla is PASSED

2021-11-18 11:59:24 - [MESSAGE][INFO] - Finding Test Object 'Object Repository/Popup/Popup_Butons'

2021-11-18 11:59:24 - [MESSAGE][INFO] - Checking timeout

2021-11-18 11:59:24 - [MESSAGE][INFO] - Finding web element with id: 'Object Repository/Popup/Popup_Butons' located by 'By.cssSelector: .modal-footer>button' in '10' second(s)

2021-11-18 11:59:24 - [MESSAGE][INFO] - Smart Wait Function is triggered

2021-11-18 11:59:24 - [MESSAGE][INFO] - Found 2 web elements with id: 'Object Repository/Popup/Popup_Butons' located by 'By.cssSelector: .modal-footer>button' in '10' second(s)

2021-11-18 11:59:24 - [MESSAGE][PASSED] - Method.TextDegerineEsitElementeTikla is PASSED

2021-11-18 11:59:24 - [MESSAGE][PASSED] - Call Test Case 'Test Cases/Popup/PopupButonSecilir' successfully

2021-11-18 11:59:24 - [MESSAGE][INFO] - Checking called Test Case

2021-11-18 11:59:24 - [MESSAGE][INFO] - Starting to call Test Case 'Test Cases/Menu/AnaMenuSecimi'

2021-11-18 11:59:24 - [TEST_CASE][PASSED] - Test Cases/Menu/AnaMenuSecimi: Test Cases/Menu/AnaMenuSecimi

2021-11-18 11:59:24 - [TEST_STEP][PASSED] - Method.TextDegerineEsitElementeTikla(findTestObject("Menu/Ana_Menu"), Ana_Menu): Method.TextDegerineEsitElementeTikla is PASSED

2021-11-18 11:59:24 - [MESSAGE][INFO] - Finding Test Object 'Object Repository/Menu/Ana_Menu'

2021-11-18 11:59:24 - [MESSAGE][INFO] - Checking timeout

2021-11-18 11:59:24 - [MESSAGE][INFO] - Finding web element with id: 'Object Repository/Menu/Ana_Menu' located by 'By.xpath: //*[@class = 'dropdown-toggle']' in '10' second(s)

2021-11-18 11:59:24 - [MESSAGE][INFO] - Smart Wait Function is triggered

2021-11-18 11:59:25 - [MESSAGE][INFO] - Found 13 web elements with id: 'Object Repository/Menu/Ana_Menu' located by 'By.xpath: //*[@class = 'dropdown-toggle']' in '10' second(s)

2021-11-18 11:59:25 - [MESSAGE][PASSED] - Method.TextDegerineEsitElementeTikla is PASSED

2021-11-18 11:59:25 - [MESSAGE][PASSED] - Call Test Case 'Test Cases/Menu/AnaMenuSecimi' successfully

2021-11-18 11:59:25 - [MESSAGE][INFO] - Checking called Test Case

2021-11-18 11:59:25 - [MESSAGE][INFO] - Starting to call Test Case 'Test Cases/Menu/BasligaGoreAltMenuSecimi'

2021-11-18 11:59:25 - [TEST_CASE][PASSED] - Test Cases/Menu/BasligaGoreAltMenuSecimi: Test Cases/Menu/BasligaGoreAltMenuSecimi

2021-11-18 11:59:25 - [TEST_STEP][PASSED] - Method.TextDegerineEsitElementinAltindakiTextDegerineEsitOlanaTikla(findTestObject("Menu/Menu_Basligi"), findTestObject("Menu/Basliga_Gore_Alt_Menu"), Baslik, Alt_Menu): Method.TextDegerineEsitElementinAltindakiTextDegerineEsitOlanaTikla is PASSED

2021-11-18 11:59:25 - [MESSAGE][INFO] - Finding Test Object 'Object Repository/Menu/Menu_Basligi'

2021-11-18 11:59:25 - [MESSAGE][INFO] - Finding Test Object 'Object Repository/Menu/Basliga_Gore_Alt_Menu'

2021-11-18 11:59:25 - [MESSAGE][INFO] - Checking timeout

2021-11-18 11:59:25 - [MESSAGE][INFO] - Finding web element with id: 'Object Repository/Menu/Menu_Basligi' located by 'By.xpath: //li[@class='dropdown dropdown-large open']//li[@class='dropdown-header']' in '10' second(s)

2021-11-18 11:59:25 - [MESSAGE][INFO] - Smart Wait Function is triggered

2021-11-18 11:59:26 - [MESSAGE][INFO] - Found 2 web elements with id: 'Object Repository/Menu/Menu_Basligi' located by 'By.xpath: //li[@class='dropdown dropdown-large open']//li[@class='dropdown-header']' in '10' second(s)

2021-11-18 11:59:26 - [MESSAGE][INFO] - Smart Wait Function is triggered

2021-11-18 11:59:27 - [MESSAGE][PASSED] - Method.TextDegerineEsitElementinAltindakiTextDegerineEsitOlanaTikla is PASSED

2021-11-18 11:59:27 - [MESSAGE][PASSED] - Call Test Case 'Test Cases/Menu/BasligaGoreAltMenuSecimi' successfully

2021-11-18 11:59:27 - [MESSAGE][INFO] - Checking called Test Case

2021-11-18 11:59:27 - [MESSAGE][INFO] - Starting to call Test Case 'Test Cases/Filtreler/EttnYaz'

2021-11-18 11:59:27 - [TEST_CASE][PASSED] - Test Cases/Filtreler/EttnYaz: Test Cases/Filtreler/EttnYaz

2021-11-18 11:59:27 - [TEST_STEP][PASSED] - Method.TextDegerineEsitElementinAltindakiTextboxtaYaz(findTestObject("Filtreler/Basliklar"), findTestObject("Filtreler/Basliga_Gore_Textbox"), "ETTN", ettn): Method.TextDegerineEsitElementinAltindakiTextboxtaYaz is PASSED

2021-11-18 11:59:27 - [MESSAGE][INFO] - Finding Test Object 'Object Repository/Filtreler/Basliklar'

2021-11-18 11:59:27 - [MESSAGE][INFO] - Finding Test Object 'Object Repository/Filtreler/Basliga_Gore_Textbox'

2021-11-18 11:59:27 - [MESSAGE][INFO] - Checking timeout

2021-11-18 11:59:27 - [MESSAGE][INFO] - Finding web element with id: 'Object Repository/Filtreler/Basliklar' located by 'By.cssSelector: .control-label.col-sm-4.paddingMarginRLC' in '10' second(s)

2021-11-18 11:59:27 - [MESSAGE][INFO] - Smart Wait Function is triggered

2021-11-18 11:59:27 - [MESSAGE][INFO] - Found 19 web elements with id: 'Object Repository/Filtreler/Basliklar' located by 'By.cssSelector: .control-label.col-sm-4.paddingMarginRLC' in '10' second(s)

2021-11-18 11:59:27 - [MESSAGE][INFO] - Smart Wait Function is triggered

2021-11-18 11:59:28 - [MESSAGE][PASSED] - Method.TextDegerineEsitElementinAltindakiTextboxtaYaz is PASSED

2021-11-18 11:59:28 - [MESSAGE][PASSED] - Call Test Case 'Test Cases/Filtreler/EttnYaz' successfully

2021-11-18 11:59:28 - [MESSAGE][INFO] - Checking called Test Case

2021-11-18 11:59:28 - [MESSAGE][INFO] - Starting to call Test Case 'Test Cases/Filtreler/ButonaTikla'

2021-11-18 11:59:28 - [TEST_CASE][PASSED] - Test Cases/Filtreler/ButonaTikla: Test Cases/Filtreler/ButonaTikla

2021-11-18 11:59:28 - [TEST_STEP][PASSED] - Method.TextDegerineEsitElementeTikla(findTestObject("Filtreler/Butonlar"), Filtre_Buton): Method.TextDegerineEsitElementeTikla is PASSED

2021-11-18 11:59:28 - [MESSAGE][INFO] - Finding Test Object 'Object Repository/Filtreler/Butonlar'

2021-11-18 11:59:28 - [MESSAGE][INFO] - Checking timeout

2021-11-18 11:59:28 - [MESSAGE][INFO] - Finding web element with id: 'Object Repository/Filtreler/Butonlar' located by 'By.cssSelector: .dxb>span' in '10' second(s)

2021-11-18 11:59:28 - [MESSAGE][INFO] - Smart Wait Function is triggered

2021-11-18 11:59:28 - [MESSAGE][INFO] - Found 3 web elements with id: 'Object Repository/Filtreler/Butonlar' located by 'By.cssSelector: .dxb>span' in '10' second(s)

2021-11-18 11:59:28 - [MESSAGE][PASSED] - Method.TextDegerineEsitElementeTikla is PASSED

2021-11-18 11:59:28 - [MESSAGE][PASSED] - Call Test Case 'Test Cases/Filtreler/ButonaTikla' successfully

2021-11-18 11:59:28 - [MESSAGE][INFO] - Checking called Test Case

2021-11-18 11:59:28 - [MESSAGE][INFO] - Starting to call Test Case 'Test Cases/Tablo/TablodaVeriVarMi'

2021-11-18 11:59:28 - [TEST_CASE][PASSED] - Test Cases/Tablo/TablodaVeriVarMi: Test Cases/Tablo/TablodaVeriVarMi

2021-11-18 11:59:28 - [TEST_STEP][PASSED] - verifyTextNotPresent("Görüntülenecek veri yok", true): Text 'Görüntülenecek veri yok' is not present on page using regular expression

2021-11-18 11:59:29 - [MESSAGE][INFO] - Checking text present  using regular expression

2021-11-18 11:59:29 - [MESSAGE][INFO] - Smart Wait Function is triggered

2021-11-18 11:59:30 - [MESSAGE][INFO] - Finding text 'Görüntülenecek veri yok' on page  using regular expression

2021-11-18 11:59:30 - [MESSAGE][PASSED] - Text 'Görüntülenecek veri yok' is not present on page using regular expression

2021-11-18 11:59:30 - [MESSAGE][PASSED] - Call Test Case 'Test Cases/Tablo/TablodaVeriVarMi' successfully

2021-11-18 11:59:30 - [MESSAGE][INFO] - Checking called Test Case

2021-11-18 11:59:30 - [MESSAGE][INFO] - Starting to call Test Case 'Test Cases/Tablo/TablodaVeriBasariliMiArsiv'

2021-11-18 11:59:30 - [TEST_CASE][PASSED] - Test Cases/Tablo/TablodaVeriBasariliMiArsiv: Test Cases/Tablo/TablodaVeriBasariliMiArsiv

2021-11-18 11:59:30 - [TEST_STEP][PASSED] - sayac = 80: null

2021-11-18 11:59:30 - [TEST_STEP][PASSED] - while (verifyElementText(findTestObject("Object Repository/Tablo/DurumBilgisiArsiv"), "Henüz Sonuçlanmadı", OPTIONAL)): Actual text 'Başarılı' and expected text 'Henüz Sonuçlanmadı' of test object 'Object Repository/Tablo/DurumBilgisiArsiv' are NOT matched. (Root cause: com.kms.katalon.core.exception.StepFailedException: Actual text 'Başarılı' and expected text 'Henüz Sonuçlanmadı' of test object 'Object Repository/Tablo/DurumBilgisiArsiv' are NOT matched.
	at com.kms.katalon.core.webui.keyword.internal.WebUIKeywordMain.stepFailed(WebUIKeywordMain.groovy:64)
	at com.kms.katalon.core.webui.keyword.builtin.VerifyElementTextKeyword$_verifyElementText_closure1.doCall(VerifyElementTextKeyword.groovy:57)
	at com.kms.katalon.core.webui.keyword.builtin.VerifyElementTextKeyword$_verifyElementText_closure1.call(VerifyElementTextKeyword.groovy)
	at com.kms.katalon.core.webui.keyword.internal.WebUIKeywordMain.runKeyword(WebUIKeywordMain.groovy:20)
	at com.kms.katalon.core.webui.keyword.builtin.VerifyElementTextKeyword.verifyElementText(VerifyElementTextKeyword.groovy:72)
	at com.kms.katalon.core.webui.keyword.builtin.VerifyElementTextKeyword.execute(VerifyElementTextKeyword.groovy:40)
	at com.kms.katalon.core.keyword.internal.KeywordExecutor.executeKeywordForPlatform(KeywordExecutor.groovy:73)
	at com.kms.katalon.core.webui.keyword.WebUiBuiltInKeywords.verifyElementText(WebUiBuiltInKeywords.groovy:4733)
	at com.kms.katalon.core.webui.keyword.WebUiBuiltInKeywords$verifyElementText$20.call(Unknown Source)
	at TablodaVeriBasariliMiArsiv.run(TablodaVeriBasariliMiArsiv:22)
	at com.kms.katalon.core.main.ScriptEngine.run(ScriptEngine.java:194)
	at com.kms.katalon.core.main.ScriptEngine.runScriptAsRawText(ScriptEngine.java:119)
	at com.kms.katalon.core.main.TestCaseExecutor.runScript(TestCaseExecutor.java:369)
	at com.kms.katalon.core.main.TestCaseExecutor.doExecute(TestCaseExecutor.java:360)
	at com.kms.katalon.core.main.TestCaseExecutor.processExecutionPhase(TestCaseExecutor.java:339)
	at com.kms.katalon.core.main.TestCaseExecutor.accessMainPhase(TestCaseExecutor.java:331)
	at com.kms.katalon.core.main.TestCaseExecutor.execute(TestCaseExecutor.java:248)
	at com.kms.katalon.core.main.TestCaseMain.runTestCase(TestCaseMain.java:138)
	at com.kms.katalon.core.keyword.builtin.CallTestCaseKeyword$_callTestCase_closure1.doCall(CallTestCaseKeyword.groovy:59)
	at com.kms.katalon.core.keyword.builtin.CallTestCaseKeyword$_callTestCase_closure1.call(CallTestCaseKeyword.groovy)
	at com.kms.katalon.core.keyword.internal.KeywordMain.runKeyword(KeywordMain.groovy:68)
	at com.kms.katalon.core.keyword.builtin.CallTestCaseKeyword.callTestCase(CallTestCaseKeyword.groovy:81)
	at com.kms.katalon.core.keyword.builtin.CallTestCaseKeyword.execute(CallTestCaseKeyword.groovy:44)
	at com.kms.katalon.core.keyword.internal.KeywordExecutor.executeKeywordForPlatform(KeywordExecutor.groovy:73)
	at com.kms.katalon.core.keyword.BuiltinKeywords.callTestCase(BuiltinKeywords.groovy:334)
	at tablo.tablo.tablodaVeriBasariliMiArsiv(tablo.groovy:95)
	at cucumber.runtime.Utils$1.call(Utils.java:26)
	at cucumber.runtime.Timeout.timeout(Timeout.java:16)
	at cucumber.runtime.Utils.invoke(Utils.java:20)
	at cucumber.runtime.java.JavaStepDefinition.execute(JavaStepDefinition.java:49)
	at cucumber.runner.PickleStepDefinitionMatch.runStep(PickleStepDefinitionMatch.java:50)
	at cucumber.runner.TestStep.executeStep(TestStep.java:63)
	at cucumber.runner.TestStep.run(TestStep.java:49)
	at cucumber.runner.PickleStepTestStep.run(PickleStepTestStep.java:43)
	at cucumber.runner.TestCase.run(TestCase.java:44)
	at cucumber.runner.Runner.runPickle(Runner.java:40)
	at cucumber.runtime.Runtime$1.run(Runtime.java:84)
	at cucumber.runtime.Runtime$SameThreadExecutorService.execute(Runtime.java:220)
	at cucumber.runtime.Runtime.run(Runtime.java:81)
	at cucumber.api.cli.Main.run(Main.java:26)
	at cucumber.api.cli.Main$run.call(Unknown Source)
	at com.kms.katalon.core.cucumber.keyword.CucumberBuiltinKeywords$_runFeatureFile_closure1.doCall(CucumberBuiltinKeywords.groovy:106)
	at com.kms.katalon.core.cucumber.keyword.CucumberBuiltinKeywords$_runFeatureFile_closure1.doCall(CucumberBuiltinKeywords.groovy)
	at com.kms.katalon.core.keyword.internal.KeywordMain.runKeyword(KeywordMain.groovy:68)
	at com.kms.katalon.core.keyword.internal.KeywordMain$runKeyword.call(Unknown Source)
	at com.kms.katalon.core.cucumber.keyword.CucumberBuiltinKeywords.runFeatureFile(CucumberBuiltinKeywords.groovy:73)
	at com.kms.katalon.core.cucumber.keyword.CucumberBuiltinKeywords$runFeatureFile$0.callStatic(Unknown Source)
	at com.kms.katalon.core.cucumber.keyword.CucumberBuiltinKeywords.runFeatureFile(CucumberBuiltinKeywords.groovy:246)
	at com.kms.katalon.core.cucumber.keyword.CucumberBuiltinKeywords$runFeatureFile.call(Unknown Source)
	at VKN-Elektronik-Hal Satis.run(VKN-Elektronik-Hal Satis:19)
	at com.kms.katalon.core.main.ScriptEngine.run(ScriptEngine.java:194)
	at com.kms.katalon.core.main.ScriptEngine.runScriptAsRawText(ScriptEngine.java:119)
	at com.kms.katalon.core.main.TestCaseExecutor.runScript(TestCaseExecutor.java:369)
	at com.kms.katalon.core.main.TestCaseExecutor.doExecute(TestCaseExecutor.java:360)
	at com.kms.katalon.core.main.TestCaseExecutor.processExecutionPhase(TestCaseExecutor.java:339)
	at com.kms.katalon.core.main.TestCaseExecutor.accessMainPhase(TestCaseExecutor.java:331)
	at com.kms.katalon.core.main.TestCaseExecutor.execute(TestCaseExecutor.java:248)
	at com.kms.katalon.core.main.TestSuiteExecutor.accessTestCaseMainPhase(TestSuiteExecutor.java:191)
	at com.kms.katalon.core.main.TestSuiteExecutor.accessTestSuiteMainPhase(TestSuiteExecutor.java:140)
	at com.kms.katalon.core.main.TestSuiteExecutor.execute(TestSuiteExecutor.java:89)
	at com.kms.katalon.core.main.TestCaseMain.startTestSuite(TestCaseMain.java:181)
	at com.kms.katalon.core.main.TestCaseMain$startTestSuite$0.call(Unknown Source)
	at TempTestSuite1637225344330.run(TempTestSuite1637225344330.groovy:39)
)

2021-11-18 11:59:30 - [MESSAGE][INFO] - Finding Test Object 'Object Repository/Tablo/DurumBilgisiArsiv'

2021-11-18 11:59:30 - [MESSAGE][INFO] - Checking object

2021-11-18 11:59:30 - [MESSAGE][INFO] - Finding web element from Test Object's properties

2021-11-18 11:59:30 - [MESSAGE][INFO] - Checking timeout

2021-11-18 11:59:30 - [MESSAGE][INFO] - Finding web element with id: 'Object Repository/Tablo/DurumBilgisiArsiv' located by 'By.xpath: //*[@id = 'GridViewEArchiveInvoices_tccell0_9']' in '30' second(s)

2021-11-18 11:59:30 - [MESSAGE][INFO] - Smart Wait Function is triggered

2021-11-18 11:59:30 - [MESSAGE][INFO] - Found 1 web elements with id: 'Object Repository/Tablo/DurumBilgisiArsiv' located by 'By.xpath: //*[@id = 'GridViewEArchiveInvoices_tccell0_9']' in '30' second(s)

2021-11-18 11:59:30 - [MESSAGE][WARNING] - Actual text 'Başarılı' and expected text 'Henüz Sonuçlanmadı' of test object 'Object Repository/Tablo/DurumBilgisiArsiv' are NOT matched. (Root cause: com.kms.katalon.core.exception.StepFailedException: Actual text 'Başarılı' and expected text 'Henüz Sonuçlanmadı' of test object 'Object Repository/Tablo/DurumBilgisiArsiv' are NOT matched.
	at com.kms.katalon.core.webui.keyword.internal.WebUIKeywordMain.stepFailed(WebUIKeywordMain.groovy:64)
	at com.kms.katalon.core.webui.keyword.builtin.VerifyElementTextKeyword$_verifyElementText_closure1.doCall(VerifyElementTextKeyword.groovy:57)
	at com.kms.katalon.core.webui.keyword.builtin.VerifyElementTextKeyword$_verifyElementText_closure1.call(VerifyElementTextKeyword.groovy)
	at com.kms.katalon.core.webui.keyword.internal.WebUIKeywordMain.runKeyword(WebUIKeywordMain.groovy:20)
	at com.kms.katalon.core.webui.keyword.builtin.VerifyElementTextKeyword.verifyElementText(VerifyElementTextKeyword.groovy:72)
	at com.kms.katalon.core.webui.keyword.builtin.VerifyElementTextKeyword.execute(VerifyElementTextKeyword.groovy:40)
	at com.kms.katalon.core.keyword.internal.KeywordExecutor.executeKeywordForPlatform(KeywordExecutor.groovy:73)
	at com.kms.katalon.core.webui.keyword.WebUiBuiltInKeywords.verifyElementText(WebUiBuiltInKeywords.groovy:4733)
	at com.kms.katalon.core.webui.keyword.WebUiBuiltInKeywords$verifyElementText$20.call(Unknown Source)
	at TablodaVeriBasariliMiArsiv.run(TablodaVeriBasariliMiArsiv:22)
	at com.kms.katalon.core.main.ScriptEngine.run(ScriptEngine.java:194)
	at com.kms.katalon.core.main.ScriptEngine.runScriptAsRawText(ScriptEngine.java:119)
	at com.kms.katalon.core.main.TestCaseExecutor.runScript(TestCaseExecutor.java:369)
	at com.kms.katalon.core.main.TestCaseExecutor.doExecute(TestCaseExecutor.java:360)
	at com.kms.katalon.core.main.TestCaseExecutor.processExecutionPhase(TestCaseExecutor.java:339)
	at com.kms.katalon.core.main.TestCaseExecutor.accessMainPhase(TestCaseExecutor.java:331)
	at com.kms.katalon.core.main.TestCaseExecutor.execute(TestCaseExecutor.java:248)
	at com.kms.katalon.core.main.TestCaseMain.runTestCase(TestCaseMain.java:138)
	at com.kms.katalon.core.keyword.builtin.CallTestCaseKeyword$_callTestCase_closure1.doCall(CallTestCaseKeyword.groovy:59)
	at com.kms.katalon.core.keyword.builtin.CallTestCaseKeyword$_callTestCase_closure1.call(CallTestCaseKeyword.groovy)
	at com.kms.katalon.core.keyword.internal.KeywordMain.runKeyword(KeywordMain.groovy:68)
	at com.kms.katalon.core.keyword.builtin.CallTestCaseKeyword.callTestCase(CallTestCaseKeyword.groovy:81)
	at com.kms.katalon.core.keyword.builtin.CallTestCaseKeyword.execute(CallTestCaseKeyword.groovy:44)
	at com.kms.katalon.core.keyword.internal.KeywordExecutor.executeKeywordForPlatform(KeywordExecutor.groovy:73)
	at com.kms.katalon.core.keyword.BuiltinKeywords.callTestCase(BuiltinKeywords.groovy:334)
	at tablo.tablo.tablodaVeriBasariliMiArsiv(tablo.groovy:95)
	at cucumber.runtime.Utils$1.call(Utils.java:26)
	at cucumber.runtime.Timeout.timeout(Timeout.java:16)
	at cucumber.runtime.Utils.invoke(Utils.java:20)
	at cucumber.runtime.java.JavaStepDefinition.execute(JavaStepDefinition.java:49)
	at cucumber.runner.PickleStepDefinitionMatch.runStep(PickleStepDefinitionMatch.java:50)
	at cucumber.runner.TestStep.executeStep(TestStep.java:63)
	at cucumber.runner.TestStep.run(TestStep.java:49)
	at cucumber.runner.PickleStepTestStep.run(PickleStepTestStep.java:43)
	at cucumber.runner.TestCase.run(TestCase.java:44)
	at cucumber.runner.Runner.runPickle(Runner.java:40)
	at cucumber.runtime.Runtime$1.run(Runtime.java:84)
	at cucumber.runtime.Runtime$SameThreadExecutorService.execute(Runtime.java:220)
	at cucumber.runtime.Runtime.run(Runtime.java:81)
	at cucumber.api.cli.Main.run(Main.java:26)
	at cucumber.api.cli.Main$run.call(Unknown Source)
	at com.kms.katalon.core.cucumber.keyword.CucumberBuiltinKeywords$_runFeatureFile_closure1.doCall(CucumberBuiltinKeywords.groovy:106)
	at com.kms.katalon.core.cucumber.keyword.CucumberBuiltinKeywords$_runFeatureFile_closure1.doCall(CucumberBuiltinKeywords.groovy)
	at com.kms.katalon.core.keyword.internal.KeywordMain.runKeyword(KeywordMain.groovy:68)
	at com.kms.katalon.core.keyword.internal.KeywordMain$runKeyword.call(Unknown Source)
	at com.kms.katalon.core.cucumber.keyword.CucumberBuiltinKeywords.runFeatureFile(CucumberBuiltinKeywords.groovy:73)
	at com.kms.katalon.core.cucumber.keyword.CucumberBuiltinKeywords$runFeatureFile$0.callStatic(Unknown Source)
	at com.kms.katalon.core.cucumber.keyword.CucumberBuiltinKeywords.runFeatureFile(CucumberBuiltinKeywords.groovy:246)
	at com.kms.katalon.core.cucumber.keyword.CucumberBuiltinKeywords$runFeatureFile.call(Unknown Source)
	at VKN-Elektronik-Hal Satis.run(VKN-Elektronik-Hal Satis:19)
	at com.kms.katalon.core.main.ScriptEngine.run(ScriptEngine.java:194)
	at com.kms.katalon.core.main.ScriptEngine.runScriptAsRawText(ScriptEngine.java:119)
	at com.kms.katalon.core.main.TestCaseExecutor.runScript(TestCaseExecutor.java:369)
	at com.kms.katalon.core.main.TestCaseExecutor.doExecute(TestCaseExecutor.java:360)
	at com.kms.katalon.core.main.TestCaseExecutor.processExecutionPhase(TestCaseExecutor.java:339)
	at com.kms.katalon.core.main.TestCaseExecutor.accessMainPhase(TestCaseExecutor.java:331)
	at com.kms.katalon.core.main.TestCaseExecutor.execute(TestCaseExecutor.java:248)
	at com.kms.katalon.core.main.TestSuiteExecutor.accessTestCaseMainPhase(TestSuiteExecutor.java:191)
	at com.kms.katalon.core.main.TestSuiteExecutor.accessTestSuiteMainPhase(TestSuiteExecutor.java:140)
	at com.kms.katalon.core.main.TestSuiteExecutor.execute(TestSuiteExecutor.java:89)
	at com.kms.katalon.core.main.TestCaseMain.startTestSuite(TestCaseMain.java:181)
	at com.kms.katalon.core.main.TestCaseMain$startTestSuite$0.call(Unknown Source)
	at TempTestSuite1637225344330.run(TempTestSuite1637225344330.groovy:39)
)

2021-11-18 11:59:30 - [TEST_STEP][PASSED] - Method.TextDegerineEsitElementVarMi(findTestObject("Object Repository/Tablo/DurumBilgisiArsiv"), "Başarılı"): Method.TextDegerineEsitElementVarMi is PASSED

2021-11-18 11:59:30 - [MESSAGE][INFO] - Finding Test Object 'Object Repository/Tablo/DurumBilgisiArsiv'

2021-11-18 11:59:30 - [MESSAGE][INFO] - Checking timeout

2021-11-18 11:59:30 - [MESSAGE][INFO] - Finding web element with id: 'Object Repository/Tablo/DurumBilgisiArsiv' located by 'By.xpath: //*[@id = 'GridViewEArchiveInvoices_tccell0_9']' in '10' second(s)

2021-11-18 11:59:30 - [MESSAGE][INFO] - Smart Wait Function is triggered

2021-11-18 11:59:31 - [MESSAGE][INFO] - Found 1 web elements with id: 'Object Repository/Tablo/DurumBilgisiArsiv' located by 'By.xpath: //*[@id = 'GridViewEArchiveInvoices_tccell0_9']' in '10' second(s)

2021-11-18 11:59:31 - [MESSAGE][PASSED] - Method.TextDegerineEsitElementVarMi is PASSED

2021-11-18 11:59:31 - [MESSAGE][PASSED] - Call Test Case 'Test Cases/Tablo/TablodaVeriBasariliMiArsiv' successfully

2021-11-18 11:59:31 - [MESSAGE][INFO] - Checking called Test Case

2021-11-18 11:59:31 - [MESSAGE][INFO] - Starting to call Test Case 'Test Cases/Kullanici_Islemleri/KullaniciIslemlerindenSecimYapilir'

2021-11-18 11:59:31 - [TEST_CASE][PASSED] - Test Cases/Kullanici_Islemleri/KullaniciIslemlerindenSecimYapilir: Test Cases/Kullanici_Islemleri/KullaniciIslemlerindenSecimYapilir

2021-11-18 11:59:31 - [TEST_STEP][PASSED] - waitForElementClickable(findTestObject("Object Repository/Kullanici_Islemleri/KullaniciIslemleri"), 10): Object 'Object Repository/Kullanici_Islemleri/KullaniciIslemleri' is clickable

2021-11-18 11:59:31 - [MESSAGE][INFO] - Finding Test Object 'Object Repository/Kullanici_Islemleri/KullaniciIslemleri'

2021-11-18 11:59:31 - [MESSAGE][INFO] - Checking object

2021-11-18 11:59:31 - [MESSAGE][INFO] - Checking timeout

2021-11-18 11:59:31 - [MESSAGE][INFO] - Finding web element from Test Object's properties

2021-11-18 11:59:31 - [MESSAGE][INFO] - Checking timeout

2021-11-18 11:59:31 - [MESSAGE][INFO] - Finding web element with id: 'Object Repository/Kullanici_Islemleri/KullaniciIslemleri' located by 'By.cssSelector: .dropdown>a>img' in '10' second(s)

2021-11-18 11:59:31 - [MESSAGE][INFO] - Smart Wait Function is triggered

2021-11-18 11:59:31 - [MESSAGE][INFO] - Found 1 web elements with id: 'Object Repository/Kullanici_Islemleri/KullaniciIslemleri' located by 'By.cssSelector: .dropdown>a>img' in '10' second(s)

2021-11-18 11:59:31 - [MESSAGE][PASSED] - Object 'Object Repository/Kullanici_Islemleri/KullaniciIslemleri' is clickable

2021-11-18 11:59:31 - [TEST_STEP][PASSED] - click(findTestObject("Object Repository/Kullanici_Islemleri/KullaniciIslemleri")): Object: 'Object Repository/Kullanici_Islemleri/KullaniciIslemleri' is clicked on

2021-11-18 11:59:31 - [MESSAGE][INFO] - Finding Test Object 'Object Repository/Kullanici_Islemleri/KullaniciIslemleri'

2021-11-18 11:59:31 - [MESSAGE][INFO] - Checking object

2021-11-18 11:59:31 - [MESSAGE][INFO] - Finding web element from Test Object's properties

2021-11-18 11:59:31 - [MESSAGE][INFO] - Checking timeout

2021-11-18 11:59:31 - [MESSAGE][INFO] - Finding web element with id: 'Object Repository/Kullanici_Islemleri/KullaniciIslemleri' located by 'By.cssSelector: .dropdown>a>img' in '30' second(s)

2021-11-18 11:59:31 - [MESSAGE][INFO] - Smart Wait Function is triggered

2021-11-18 11:59:31 - [MESSAGE][INFO] - Found 1 web elements with id: 'Object Repository/Kullanici_Islemleri/KullaniciIslemleri' located by 'By.cssSelector: .dropdown>a>img' in '30' second(s)

2021-11-18 11:59:31 - [MESSAGE][INFO] - Clicking on object: 'Object Repository/Kullanici_Islemleri/KullaniciIslemleri'

2021-11-18 11:59:32 - [MESSAGE][PASSED] - Object: 'Object Repository/Kullanici_Islemleri/KullaniciIslemleri' is clicked on

2021-11-18 11:59:32 - [TEST_STEP][PASSED] - Method.TextDegerineEsitElementeTikla(findTestObject("Object Repository/Kullanici_Islemleri/Secenekler"), Islem): Method.TextDegerineEsitElementeTikla is PASSED

2021-11-18 11:59:32 - [MESSAGE][INFO] - Finding Test Object 'Object Repository/Kullanici_Islemleri/Secenekler'

2021-11-18 11:59:32 - [MESSAGE][INFO] - Checking timeout

2021-11-18 11:59:32 - [MESSAGE][INFO] - Finding web element with id: 'Object Repository/Kullanici_Islemleri/Secenekler' located by 'By.cssSelector: .nav.navbar-nav.navbar-right li a' in '10' second(s)

2021-11-18 11:59:32 - [MESSAGE][INFO] - Smart Wait Function is triggered

2021-11-18 11:59:32 - [MESSAGE][INFO] - Found 22 web elements with id: 'Object Repository/Kullanici_Islemleri/Secenekler' located by 'By.cssSelector: .nav.navbar-nav.navbar-right li a' in '10' second(s)

2021-11-18 11:59:33 - [MESSAGE][PASSED] - Method.TextDegerineEsitElementeTikla is PASSED

2021-11-18 11:59:33 - [TEST_STEP][PASSED] - verifyElementNotPresent(findTestObject("Object Repository/Kullanici_Islemleri/Secenekler"), 10): Web element with id: 'Object Repository/Kullanici_Islemleri/Secenekler' located by 'By.cssSelector: .nav.navbar-nav.navbar-right li a' is not present after '10' second(s)

2021-11-18 11:59:33 - [MESSAGE][INFO] - Finding Test Object 'Object Repository/Kullanici_Islemleri/Secenekler'

2021-11-18 11:59:33 - [MESSAGE][INFO] - Checking object

2021-11-18 11:59:33 - [MESSAGE][INFO] - Checking timeout

2021-11-18 11:59:33 - [MESSAGE][INFO] - Finding web element with id: 'Object Repository/Kullanici_Islemleri/Secenekler' located by 'By.cssSelector: .nav.navbar-nav.navbar-right li a' in '10' second(s)

2021-11-18 11:59:33 - [MESSAGE][INFO] - Smart Wait Function is triggered

2021-11-18 11:59:34 - [MESSAGE][PASSED] - Web element with id: 'Object Repository/Kullanici_Islemleri/Secenekler' located by 'By.cssSelector: .nav.navbar-nav.navbar-right li a' is not present after '10' second(s)

2021-11-18 11:59:34 - [MESSAGE][PASSED] - Call Test Case 'Test Cases/Kullanici_Islemleri/KullaniciIslemlerindenSecimYapilir' successfully

2021-11-18 11:59:34 - [TEST_CASE][PASSED] - Start Test Case : SCENARIO Gonderim tipi Kagit ve Hal Satis tipinde e-Arsiv faturasi olusturulmasi: SCENARIO Gonderim tipi Kagit ve Hal Satis tipinde e-Arsiv faturasi olusturulmasi

2021-11-18 11:59:34 - [TEST_STEP][PASSED] - Kullanıcı adı HALSATIS ve Şifre test1234 olarak giriş yapılır: Kullanıcı adı HALSATIS ve Şifre test1234 olarak giriş yapılır

2021-11-18 11:59:34 - [MESSAGE][PASSED] - Kullanıcı adı HALSATIS ve Şifre test1234 olarak giriş yapılır

2021-11-18 11:59:34 - [TEST_STEP][PASSED] - Ana menüden e-Arşiv seçilir: Ana menüden e-Arşiv seçilir

2021-11-18 11:59:34 - [MESSAGE][PASSED] - Ana menüden e-Arşiv seçilir

2021-11-18 11:59:34 - [TEST_STEP][PASSED] - Alt menü e-Arşiv Araçları başlığı altındaki e-Arşiv Fatura Oluşturma seçilir: Alt menü e-Arşiv Araçları başlığı altındaki e-Arşiv Fatura Oluşturma seçilir

2021-11-18 11:59:34 - [MESSAGE][PASSED] - Alt menü e-Arşiv Araçları başlığı altındaki e-Arşiv Fatura Oluşturma seçilir

2021-11-18 11:59:34 - [TEST_STEP][PASSED] - Tablodaki tüm veriler silinir: Tablodaki tüm veriler silinir

2021-11-18 11:59:34 - [MESSAGE][PASSED] - Tablodaki tüm veriler silinir

2021-11-18 11:59:34 - [TEST_STEP][PASSED] - Butonlardan Ekle isimli butona tıklanır: Butonlardan Ekle isimli butona tıklanır

2021-11-18 11:59:34 - [MESSAGE][PASSED] - Butonlardan Ekle isimli butona tıklanır

2021-11-18 11:59:34 - [TEST_STEP][PASSED] - Görsel tasarım sayfasının e-Arşiv Fatura Bilgileri başlığını içerdiği kontrol edilir: Görsel tasarım sayfasının e-Arşiv Fatura Bilgileri başlığını içerdiği kontrol edilir

2021-11-18 11:59:34 - [MESSAGE][PASSED] - Görsel tasarım sayfasının e-Arşiv Fatura Bilgileri başlığını içerdiği kontrol edilir

2021-11-18 11:59:34 - [TEST_STEP][PASSED] - Alıcı adı alanına UC0002 girilir: Alıcı adı alanına UC0002 girilir

2021-11-18 11:59:34 - [MESSAGE][PASSED] - Alıcı adı alanına UC0002 girilir

2021-11-18 11:59:34 - [TEST_STEP][PASSED] - Gönderim Şekli Elektronik olarak seçilir: Gönderim Şekli Elektronik olarak seçilir

2021-11-18 11:59:34 - [MESSAGE][PASSED] - Gönderim Şekli Elektronik olarak seçilir

2021-11-18 11:59:34 - [TEST_STEP][PASSED] - Tip alanından Hal Satış seçilir: Tip alanından Hal Satış seçilir

2021-11-18 11:59:34 - [MESSAGE][PASSED] - Tip alanından Hal Satış seçilir

2021-11-18 11:59:34 - [TEST_STEP][PASSED] - Döküman Para Birimi alanından Türk Lirası seçilir: Döküman Para Birimi alanından Türk Lirası seçilir

2021-11-18 11:59:34 - [MESSAGE][PASSED] - Döküman Para Birimi alanından Türk Lirası seçilir

2021-11-18 11:59:34 - [TEST_STEP][PASSED] - Ön Ek YIG olarak seçilir: Ön Ek YIG olarak seçilir

2021-11-18 11:59:34 - [MESSAGE][PASSED] - Ön Ek YIG olarak seçilir

2021-11-18 11:59:34 - [TEST_STEP][PASSED] - Tasarım alanından Otomasyon seçilir: Tasarım alanından Otomasyon seçilir

2021-11-18 11:59:34 - [MESSAGE][PASSED] - Tasarım alanından Otomasyon seçilir

2021-11-18 11:59:34 - [TEST_STEP][PASSED] - Sipariş bilgileri UUC-SAT-1200001 ve 30.04.2020 olarak girilir: Sipariş bilgileri UUC-SAT-1200001 ve 30.04.2020 olarak girilir

2021-11-18 11:59:34 - [MESSAGE][PASSED] - Sipariş bilgileri UUC-SAT-1200001 ve 30.04.2020 olarak girilir

2021-11-18 11:59:34 - [TEST_STEP][PASSED] - İrsaliye Bilgileri AAAAAAAAAA,30.04.2020 olarak girilir: İrsaliye Bilgileri AAAAAAAAAA,30.04.2020 olarak girilir

2021-11-18 11:59:34 - [MESSAGE][PASSED] - İrsaliye Bilgileri AAAAAAAAAA,30.04.2020 olarak girilir

2021-11-18 11:59:34 - [TEST_STEP][PASSED] - Ekle butonuna basılır: Ekle butonuna basılır

2021-11-18 11:59:34 - [MESSAGE][PASSED] - Ekle butonuna basılır

2021-11-18 11:59:34 - [TEST_STEP][PASSED] - Ürün ekleme alanında Mal/Hizmet başlığına Otomasyon girilir: Ürün ekleme alanında Mal/Hizmet başlığına Otomasyon girilir

2021-11-18 11:59:34 - [MESSAGE][PASSED] - Ürün ekleme alanında Mal/Hizmet başlığına Otomasyon girilir

2021-11-18 11:59:34 - [TEST_STEP][PASSED] - Ürün ekleme alanında Açıklaması başlığına Virgosol girilir: Ürün ekleme alanında Açıklaması başlığına Virgosol girilir

2021-11-18 11:59:34 - [MESSAGE][PASSED] - Ürün ekleme alanında Açıklaması başlığına Virgosol girilir

2021-11-18 11:59:34 - [TEST_STEP][PASSED] - Ürün ekleme alanında Künye Numarası başlığına 1234567890123456789 girilir: Ürün ekleme alanında Künye Numarası başlığına 1234567890123456789 girilir

2021-11-18 11:59:34 - [MESSAGE][PASSED] - Ürün ekleme alanında Künye Numarası başlığına 1234567890123456789 girilir

2021-11-18 11:59:34 - [TEST_STEP][PASSED] - Ürün ekleme alanında Vkn/Tckn başlığına 11111111110 girilir: Ürün ekleme alanında Vkn/Tckn başlığına 11111111110 girilir

2021-11-18 11:59:34 - [MESSAGE][PASSED] - Ürün ekleme alanında Vkn/Tckn başlığına 11111111110 girilir

2021-11-18 11:59:34 - [TEST_STEP][PASSED] - Ürün ekleme alanında Mal Sahibi başlığına AAAAAAAAA girilir: Ürün ekleme alanında Mal Sahibi başlığına AAAAAAAAA girilir

2021-11-18 11:59:34 - [MESSAGE][PASSED] - Ürün ekleme alanında Mal Sahibi başlığına AAAAAAAAA girilir

2021-11-18 11:59:34 - [TEST_STEP][PASSED] - Ürün ekleme alanında Miktarı başlığına 400 girilir: Ürün ekleme alanında Miktarı başlığına 400 girilir

2021-11-18 11:59:34 - [MESSAGE][PASSED] - Ürün ekleme alanında Miktarı başlığına 400 girilir

2021-11-18 11:59:34 - [TEST_STEP][PASSED] - Ürün ekleme alanında Birim Fiyat başlığına 100 girilir: Ürün ekleme alanında Birim Fiyat başlığına 100 girilir

2021-11-18 11:59:34 - [MESSAGE][PASSED] - Ürün ekleme alanında Birim Fiyat başlığına 100 girilir

2021-11-18 11:59:34 - [TEST_STEP][PASSED] - Ürün ekleme alanında İskonto Oranı % başlığına 10 girilir: Ürün ekleme alanında İskonto Oranı % başlığına 10 girilir

2021-11-18 11:59:34 - [MESSAGE][PASSED] - Ürün ekleme alanında İskonto Oranı % başlığına 10 girilir

2021-11-18 11:59:34 - [TEST_STEP][PASSED] - Notlar alanına Otomasyon Not girilir: Notlar alanına Otomasyon Not girilir

2021-11-18 11:59:34 - [MESSAGE][PASSED] - Notlar alanına Otomasyon Not girilir

2021-11-18 11:59:34 - [TEST_STEP][PASSED] - Ettn bilgisi kayıt edilir: Ettn bilgisi kayıt edilir

2021-11-18 11:59:34 - [MESSAGE][PASSED] - Ettn bilgisi kayıt edilir

2021-11-18 11:59:34 - [TEST_STEP][PASSED] - Kaydet butonu seçilir: Kaydet butonu seçilir

2021-11-18 11:59:34 - [MESSAGE][PASSED] - Kaydet butonu seçilir

2021-11-18 11:59:34 - [TEST_STEP][PASSED] - Tabloda Ettn bilgisi kaydedilen veri oluşturuldu mu: Tabloda Ettn bilgisi kaydedilen veri oluşturuldu mu

2021-11-18 11:59:34 - [MESSAGE][PASSED] - Tabloda Ettn bilgisi kaydedilen veri oluşturuldu mu

2021-11-18 11:59:34 - [TEST_STEP][PASSED] - Tablodan Ettn bilgisi kaydedilen veri seçilir: Tablodan Ettn bilgisi kaydedilen veri seçilir

2021-11-18 11:59:34 - [MESSAGE][PASSED] - Tablodan Ettn bilgisi kaydedilen veri seçilir

2021-11-18 11:59:34 - [TEST_STEP][PASSED] - Butonlardan Numara Oluştur isimli butona tıklanır: Butonlardan Numara Oluştur isimli butona tıklanır

2021-11-18 11:59:34 - [MESSAGE][PASSED] - Butonlardan Numara Oluştur isimli butona tıklanır

2021-11-18 11:59:34 - [TEST_STEP][PASSED] - Popup mesajı Devam etmek istiyor musunuz içeriyor mu: Popup mesajı Devam etmek istiyor musunuz içeriyor mu

2021-11-18 11:59:34 - [MESSAGE][PASSED] - Popup mesajı Devam etmek istiyor musunuz içeriyor mu

2021-11-18 11:59:34 - [TEST_STEP][PASSED] - Yönetim popupında Evet seçilir: Yönetim popupında Evet seçilir

2021-11-18 11:59:34 - [MESSAGE][PASSED] - Yönetim popupında Evet seçilir

2021-11-18 11:59:34 - [TEST_STEP][PASSED] - Popup mesajı oluşmuştur içeriyor mu: Popup mesajı oluşmuştur içeriyor mu

2021-11-18 11:59:34 - [MESSAGE][PASSED] - Popup mesajı oluşmuştur içeriyor mu

2021-11-18 11:59:34 - [TEST_STEP][PASSED] - Yönetim popupında Tamam seçilir: Yönetim popupında Tamam seçilir

2021-11-18 11:59:34 - [MESSAGE][PASSED] - Yönetim popupında Tamam seçilir

2021-11-18 11:59:34 - [TEST_STEP][PASSED] - Tablodan Ettn bilgisi kaydedilen veri seçilir: Tablodan Ettn bilgisi kaydedilen veri seçilir

2021-11-18 11:59:34 - [MESSAGE][PASSED] - Tablodan Ettn bilgisi kaydedilen veri seçilir

2021-11-18 11:59:34 - [TEST_STEP][PASSED] - Butonlardan Gönder isimli butona tıklanır: Butonlardan Gönder isimli butona tıklanır

2021-11-18 11:59:34 - [MESSAGE][PASSED] - Butonlardan Gönder isimli butona tıklanır

2021-11-18 11:59:34 - [TEST_STEP][PASSED] - Popup mesajı Devam etmek istiyor musunuz içeriyor mu: Popup mesajı Devam etmek istiyor musunuz içeriyor mu

2021-11-18 11:59:34 - [MESSAGE][PASSED] - Popup mesajı Devam etmek istiyor musunuz içeriyor mu

2021-11-18 11:59:34 - [TEST_STEP][PASSED] - Yönetim popupında Evet seçilir: Yönetim popupında Evet seçilir

2021-11-18 11:59:34 - [MESSAGE][PASSED] - Yönetim popupında Evet seçilir

2021-11-18 11:59:34 - [TEST_STEP][PASSED] - Ana menüden e-Arşiv seçilir: Ana menüden e-Arşiv seçilir

2021-11-18 11:59:34 - [MESSAGE][PASSED] - Ana menüden e-Arşiv seçilir

2021-11-18 11:59:34 - [TEST_STEP][PASSED] - Alt menü e-Arşiv Hareketleri başlığı altındaki e-Arşiv Faturaları seçilir: Alt menü e-Arşiv Hareketleri başlığı altındaki e-Arşiv Faturaları seçilir

2021-11-18 11:59:34 - [MESSAGE][PASSED] - Alt menü e-Arşiv Hareketleri başlığı altındaki e-Arşiv Faturaları seçilir

2021-11-18 11:59:34 - [TEST_STEP][PASSED] - Filtrelerden Ettn filtresine Ettn bilgisi yaz: Filtrelerden Ettn filtresine Ettn bilgisi yaz

2021-11-18 11:59:34 - [MESSAGE][PASSED] - Filtrelerden Ettn filtresine Ettn bilgisi yaz

2021-11-18 11:59:34 - [TEST_STEP][PASSED] - Filtre butonlarından Listele seçilir: Filtre butonlarından Listele seçilir

2021-11-18 11:59:34 - [MESSAGE][PASSED] - Filtre butonlarından Listele seçilir

2021-11-18 11:59:34 - [TEST_STEP][PASSED] - Tabloda veri var mı kontrol edilir: Tabloda veri var mı kontrol edilir

2021-11-18 11:59:34 - [MESSAGE][PASSED] - Tabloda veri var mı kontrol edilir

2021-11-18 11:59:34 - [TEST_STEP][PASSED] - Tabloda yeni oluşturulan eArsiv verisi başarılı mı: Tabloda yeni oluşturulan eArsiv verisi başarılı mı

2021-11-18 11:59:34 - [MESSAGE][PASSED] - Tabloda yeni oluşturulan eArsiv verisi başarılı mı

2021-11-18 11:59:34 - [TEST_STEP][PASSED] - Kullanıcı işlemlerinden Çıkış seçilir: Kullanıcı işlemlerinden Çıkış seçilir

2021-11-18 11:59:34 - [MESSAGE][PASSED] - Kullanıcı işlemlerinden Çıkış seçilir

2021-11-18 11:59:34 - [MESSAGE][PASSED] - Feature file: 'Include/features/Regresyon/e-Arsiv/VKN-Elektronik-Hal Satis.feature' was passed

2021-11-18 11:59:34 - [TEST_STEP][PASSED] - Start listener action : sampleAfterTestSuite: Invoke 'com.kms.katalon.core.annotation.AfterTestCase' method: 'Listener.sampleAfterTestSuite(...)' completed.

2021-11-18 11:59:34 - [MESSAGE][INFO] - Starting invoke 'com.kms.katalon.core.annotation.AfterTestCase' method: 'Listener.sampleAfterTestSuite(...)'

2021-11-18 11:59:34 - [TEST_STEP][PASSED] - closeBrowser(): Invoke 'com.kms.katalon.core.annotation.AfterTestCase' method: 'Listener.sampleAfterTestSuite(...)' completed.

2021-11-18 11:59:34 - [MESSAGE][INFO] - Closing browser

2021-11-18 11:59:35 - [MESSAGE][PASSED] - Browser is closed

2021-11-18 11:59:35 - [MESSAGE][INFO] - Invoke 'com.kms.katalon.core.annotation.AfterTestCase' method: 'Listener.sampleAfterTestSuite(...)' completed.]]></system-out>
         <system-err><![CDATA[]]></system-err>
      </testcase>
      <testcase name="Test Cases/Case Repository/Regresyon/e-Arsiv/VKN-Elektronik-Iade" time="107.072" classname="Test Cases/Case Repository/Regresyon/e-Arsiv/VKN-Elektronik-Iade" status="PASSED">
         <system-out><![CDATA[2021-11-18 11:59:35 - [TEST_CASE][PASSED] - Test Cases/Case Repository/Regresyon/e-Arsiv/VKN-Elektronik-Iade: Test Cases/Case Repository/Regresyon/e-Arsiv/VKN-Elektronik-Iade

2021-11-18 11:59:35 - [TEST_STEP][PASSED] - Start listener action : sampleBeforeTestSuite: Invoke 'com.kms.katalon.core.annotation.BeforeTestCase' method: 'Listener.sampleBeforeTestSuite(...)' completed.

2021-11-18 11:59:35 - [MESSAGE][INFO] - Starting invoke 'com.kms.katalon.core.annotation.BeforeTestCase' method: 'Listener.sampleBeforeTestSuite(...)'

2021-11-18 11:59:35 - [TEST_STEP][PASSED] - openBrowser(baseUrl): Browser is opened with url: 'https://efatura-stage.elogo.com.tr/'

2021-11-18 11:59:35 - [MESSAGE][INFO] - Opening browser

2021-11-18 11:59:35 - [MESSAGE][INFO] - Starting 'Chrome' driver

2021-11-18 11:59:35 - [MESSAGE][INFO] - User set preference: ['prefs', '{download.default_directory=C:\otomasyondownfiles}']

2021-11-18 11:59:35 - [MESSAGE][INFO] - Action delay is set to 0 milliseconds

2021-11-18 11:59:36 - [MESSAGE][INFO] - Navigating browser to: 'https://efatura-stage.elogo.com.tr/'

2021-11-18 11:59:39 - [MESSAGE][PASSED] - Browser is opened with url: 'https://efatura-stage.elogo.com.tr/'

2021-11-18 11:59:39 - [TEST_STEP][PASSED] - maximizeWindow(): Invoke 'com.kms.katalon.core.annotation.BeforeTestCase' method: 'Listener.sampleBeforeTestSuite(...)' completed.

2021-11-18 11:59:39 - [MESSAGE][INFO] - Maximizing current window

2021-11-18 11:59:39 - [MESSAGE][PASSED] - Current window maximized

2021-11-18 11:59:39 - [MESSAGE][INFO] - Invoke 'com.kms.katalon.core.annotation.BeforeTestCase' method: 'Listener.sampleBeforeTestSuite(...)' completed.

2021-11-18 11:59:39 - [TEST_STEP][PASSED] - runFeatureFile("Include/features/Regresyon/e-Arsiv/VKN-Elektronik-Iade.feature"): Feature file: 'Include/features/Regresyon/e-Arsiv/VKN-Elektronik-Iade.feature' was passed

2021-11-18 11:59:39 - [MESSAGE][INFO] - Starting run keyword runFeatureFile: 'Include/features/Regresyon/e-Arsiv/VKN-Elektronik-Iade.feature' and extract report to folder: 'C:\Users\DELL\Documents\GitHub\EES_KatalonLogo\Reports\20211118_114904\Suite Repository\Regresyon-eArsiv-eMakbuz\20211118_114904/cucumber_report/1637225979849'...

2021-11-18 11:59:39 - [MESSAGE][INFO] - Glue: []

2021-11-18 11:59:41 - [MESSAGE][INFO] - Checking called Test Case

2021-11-18 11:59:41 - [MESSAGE][INFO] - Starting to call Test Case 'Test Cases/Sayfalar/Giris_Sayfasi/Login'

2021-11-18 11:59:41 - [TEST_CASE][PASSED] - Test Cases/Sayfalar/Giris_Sayfasi/Login: Test Cases/Sayfalar/Giris_Sayfasi/Login

2021-11-18 11:59:41 - [TEST_STEP][PASSED] - Sayfa_Basligi = getWindowTitle(): Current window's title is: 'LOGO e-Fatura'

2021-11-18 11:59:41 - [MESSAGE][INFO] - Getting current window's title

2021-11-18 11:59:41 - [MESSAGE][PASSED] - Current window's title is: 'LOGO e-Fatura'

2021-11-18 11:59:41 - [TEST_STEP][PASSED] - verifyMatch(Sayfa_Basligi, "LOGO e-Fatura", false): Actual text 'LOGO e-Fatura' and expected text 'LOGO e-Fatura' are matched 

2021-11-18 11:59:41 - [MESSAGE][INFO] - Matching actual text 'LOGO e-Fatura' with expected text 'LOGO e-Fatura'

2021-11-18 11:59:41 - [MESSAGE][PASSED] - Actual text 'LOGO e-Fatura' and expected text 'LOGO e-Fatura' are matched 

2021-11-18 11:59:41 - [TEST_STEP][PASSED] - sendKeys(findTestObject("Sayfalar/Giris_Sayfasi/Firma_Kodu"), KullaniciAdi): Keys 'EARIADE' sent to object: 'Object Repository/Sayfalar/Giris_Sayfasi/Firma_Kodu'

2021-11-18 11:59:41 - [MESSAGE][INFO] - Finding Test Object 'Object Repository/Sayfalar/Giris_Sayfasi/Firma_Kodu'

2021-11-18 11:59:41 - [MESSAGE][INFO] - Sending keys 'EARIADE' to object: 'Object Repository/Sayfalar/Giris_Sayfasi/Firma_Kodu'

2021-11-18 11:59:41 - [MESSAGE][INFO] - Finding web element from Test Object's properties

2021-11-18 11:59:41 - [MESSAGE][INFO] - Checking timeout

2021-11-18 11:59:41 - [MESSAGE][INFO] - Finding web element with id: 'Object Repository/Sayfalar/Giris_Sayfasi/Firma_Kodu' located by 'By.xpath: //*[@id = 'AccountName']' in '30' second(s)

2021-11-18 11:59:41 - [MESSAGE][INFO] - Smart Wait Function is triggered

2021-11-18 11:59:41 - [MESSAGE][INFO] - Found 1 web elements with id: 'Object Repository/Sayfalar/Giris_Sayfasi/Firma_Kodu' located by 'By.xpath: //*[@id = 'AccountName']' in '30' second(s)

2021-11-18 11:59:41 - [MESSAGE][PASSED] - Keys 'EARIADE' sent to object: 'Object Repository/Sayfalar/Giris_Sayfasi/Firma_Kodu'

2021-11-18 11:59:41 - [TEST_STEP][PASSED] - sendKeys(findTestObject("Sayfalar/Giris_Sayfasi/Sifre"), Sifre): Keys 'test1234' sent to object: 'Object Repository/Sayfalar/Giris_Sayfasi/Sifre'

2021-11-18 11:59:41 - [MESSAGE][INFO] - Finding Test Object 'Object Repository/Sayfalar/Giris_Sayfasi/Sifre'

2021-11-18 11:59:41 - [MESSAGE][INFO] - Sending keys 'test1234' to object: 'Object Repository/Sayfalar/Giris_Sayfasi/Sifre'

2021-11-18 11:59:41 - [MESSAGE][INFO] - Finding web element from Test Object's properties

2021-11-18 11:59:41 - [MESSAGE][INFO] - Checking timeout

2021-11-18 11:59:41 - [MESSAGE][INFO] - Finding web element with id: 'Object Repository/Sayfalar/Giris_Sayfasi/Sifre' located by 'By.xpath: //*[@id = 'Password']' in '30' second(s)

2021-11-18 11:59:41 - [MESSAGE][INFO] - Smart Wait Function is triggered

2021-11-18 11:59:41 - [MESSAGE][INFO] - Found 1 web elements with id: 'Object Repository/Sayfalar/Giris_Sayfasi/Sifre' located by 'By.xpath: //*[@id = 'Password']' in '30' second(s)

2021-11-18 11:59:42 - [MESSAGE][PASSED] - Keys 'test1234' sent to object: 'Object Repository/Sayfalar/Giris_Sayfasi/Sifre'

2021-11-18 11:59:42 - [TEST_STEP][PASSED] - findWebElement(findTestObject("Sayfalar/Giris_Sayfasi/Giris_Butonu")).click(): Found 1 web elements with id: 'Object Repository/Sayfalar/Giris_Sayfasi/Giris_Butonu' located by 'By.cssSelector: #btnLogin' in '30' second(s)

2021-11-18 11:59:42 - [MESSAGE][INFO] - Finding Test Object 'Object Repository/Sayfalar/Giris_Sayfasi/Giris_Butonu'

2021-11-18 11:59:42 - [MESSAGE][INFO] - Finding web element from Test Object's properties

2021-11-18 11:59:42 - [MESSAGE][INFO] - Checking timeout

2021-11-18 11:59:42 - [MESSAGE][INFO] - Finding web element with id: 'Object Repository/Sayfalar/Giris_Sayfasi/Giris_Butonu' located by 'By.cssSelector: #btnLogin' in '30' second(s)

2021-11-18 11:59:42 - [MESSAGE][INFO] - Smart Wait Function is triggered

2021-11-18 11:59:42 - [MESSAGE][INFO] - Found 1 web elements with id: 'Object Repository/Sayfalar/Giris_Sayfasi/Giris_Butonu' located by 'By.cssSelector: #btnLogin' in '30' second(s)

2021-11-18 11:59:44 - [TEST_STEP][PASSED] - if (verifyElementPresent(findTestObject("Object Repository/Sayfalar/Giris_Sayfasi/RetveTamam_Butonu"), 5, OPTIONAL)): null

2021-11-18 11:59:44 - [MESSAGE][INFO] - Finding Test Object 'Object Repository/Sayfalar/Giris_Sayfasi/RetveTamam_Butonu'

2021-11-18 11:59:44 - [MESSAGE][INFO] - Checking object

2021-11-18 11:59:44 - [MESSAGE][INFO] - Finding web element from Test Object's properties

2021-11-18 11:59:44 - [MESSAGE][INFO] - Checking timeout

2021-11-18 11:59:44 - [MESSAGE][INFO] - Finding web element with id: 'Object Repository/Sayfalar/Giris_Sayfasi/RetveTamam_Butonu' located by 'By.xpath: //*[@class = 'btn btn-default']' in '5' second(s)

2021-11-18 11:59:44 - [MESSAGE][INFO] - Smart Wait Function is triggered

2021-11-18 11:59:44 - [MESSAGE][INFO] - Found 1 web elements with id: 'Object Repository/Sayfalar/Giris_Sayfasi/RetveTamam_Butonu' located by 'By.xpath: //*[@class = 'btn btn-default']' in '5' second(s)

2021-11-18 11:59:44 - [MESSAGE][PASSED] - Object 'Object Repository/Sayfalar/Giris_Sayfasi/RetveTamam_Butonu' is present

2021-11-18 11:59:44 - [TEST_STEP][PASSED] - click(findTestObject("Object Repository/Sayfalar/Giris_Sayfasi/RetveTamam_Butonu")): Object: 'Object Repository/Sayfalar/Giris_Sayfasi/RetveTamam_Butonu' is clicked on

2021-11-18 11:59:44 - [MESSAGE][INFO] - Finding Test Object 'Object Repository/Sayfalar/Giris_Sayfasi/RetveTamam_Butonu'

2021-11-18 11:59:44 - [MESSAGE][INFO] - Checking object

2021-11-18 11:59:44 - [MESSAGE][INFO] - Finding web element from Test Object's properties

2021-11-18 11:59:44 - [MESSAGE][INFO] - Checking timeout

2021-11-18 11:59:44 - [MESSAGE][INFO] - Finding web element with id: 'Object Repository/Sayfalar/Giris_Sayfasi/RetveTamam_Butonu' located by 'By.xpath: //*[@class = 'btn btn-default']' in '30' second(s)

2021-11-18 11:59:44 - [MESSAGE][INFO] - Smart Wait Function is triggered

2021-11-18 11:59:44 - [MESSAGE][INFO] - Found 1 web elements with id: 'Object Repository/Sayfalar/Giris_Sayfasi/RetveTamam_Butonu' located by 'By.xpath: //*[@class = 'btn btn-default']' in '30' second(s)

2021-11-18 11:59:44 - [MESSAGE][INFO] - Clicking on object: 'Object Repository/Sayfalar/Giris_Sayfasi/RetveTamam_Butonu'

2021-11-18 11:59:44 - [MESSAGE][PASSED] - Object: 'Object Repository/Sayfalar/Giris_Sayfasi/RetveTamam_Butonu' is clicked on

2021-11-18 11:59:44 - [TEST_STEP][PASSED] - click(findTestObject("Object Repository/Sayfalar/Giris_Sayfasi/RetveTamam_Butonu")): Object: 'Object Repository/Sayfalar/Giris_Sayfasi/RetveTamam_Butonu' is clicked on

2021-11-18 11:59:44 - [MESSAGE][INFO] - Finding Test Object 'Object Repository/Sayfalar/Giris_Sayfasi/RetveTamam_Butonu'

2021-11-18 11:59:44 - [MESSAGE][INFO] - Checking object

2021-11-18 11:59:44 - [MESSAGE][INFO] - Finding web element from Test Object's properties

2021-11-18 11:59:44 - [MESSAGE][INFO] - Checking timeout

2021-11-18 11:59:44 - [MESSAGE][INFO] - Finding web element with id: 'Object Repository/Sayfalar/Giris_Sayfasi/RetveTamam_Butonu' located by 'By.xpath: //*[@class = 'btn btn-default']' in '30' second(s)

2021-11-18 11:59:44 - [MESSAGE][INFO] - Smart Wait Function is triggered

2021-11-18 11:59:49 - [MESSAGE][INFO] - Found 1 web elements with id: 'Object Repository/Sayfalar/Giris_Sayfasi/RetveTamam_Butonu' located by 'By.xpath: //*[@class = 'btn btn-default']' in '30' second(s)

2021-11-18 11:59:49 - [MESSAGE][INFO] - Clicking on object: 'Object Repository/Sayfalar/Giris_Sayfasi/RetveTamam_Butonu'

2021-11-18 11:59:49 - [MESSAGE][PASSED] - Object: 'Object Repository/Sayfalar/Giris_Sayfasi/RetveTamam_Butonu' is clicked on

2021-11-18 11:59:49 - [TEST_STEP][PASSED] - if (verifyElementPresent(findTestObject("Sayfalar/Giris_Sayfasi/PopupOK"), 5, OPTIONAL)): com.kms.katalon.core.webui.exception.WebElementNotFoundException: Web element with id: 'Object Repository/Sayfalar/Giris_Sayfasi/PopupOK' located by '.btn.btn-success' not found (Root cause: com.kms.katalon.core.exception.StepFailedException: com.kms.katalon.core.webui.exception.WebElementNotFoundException: Web element with id: 'Object Repository/Sayfalar/Giris_Sayfasi/PopupOK' located by '.btn.btn-success' not found
	at com.kms.katalon.core.webui.keyword.internal.WebUIKeywordMain.stepFailed(WebUIKeywordMain.groovy:64)
	at com.kms.katalon.core.webui.keyword.builtin.VerifyElementPresentKeyword$_verifyElementPresent_closure1.doCall(VerifyElementPresentKeyword.groovy:85)
	at com.kms.katalon.core.webui.keyword.builtin.VerifyElementPresentKeyword$_verifyElementPresent_closure1.call(VerifyElementPresentKeyword.groovy)
	at com.kms.katalon.core.webui.keyword.internal.WebUIKeywordMain.runKeyword(WebUIKeywordMain.groovy:20)
	at com.kms.katalon.core.webui.keyword.builtin.VerifyElementPresentKeyword.verifyElementPresent(VerifyElementPresentKeyword.groovy:92)
	at com.kms.katalon.core.webui.keyword.builtin.VerifyElementPresentKeyword.execute(VerifyElementPresentKeyword.groovy:68)
	at com.kms.katalon.core.keyword.internal.KeywordExecutor.executeKeywordForPlatform(KeywordExecutor.groovy:73)
	at com.kms.katalon.core.webui.keyword.WebUiBuiltInKeywords.verifyElementPresent(WebUiBuiltInKeywords.groovy:1448)
	at com.kms.katalon.core.webui.keyword.WebUiBuiltInKeywords$verifyElementPresent$4.call(Unknown Source)
	at Login.run(Login:40)
	at com.kms.katalon.core.main.ScriptEngine.run(ScriptEngine.java:194)
	at com.kms.katalon.core.main.ScriptEngine.runScriptAsRawText(ScriptEngine.java:119)
	at com.kms.katalon.core.main.TestCaseExecutor.runScript(TestCaseExecutor.java:369)
	at com.kms.katalon.core.main.TestCaseExecutor.doExecute(TestCaseExecutor.java:360)
	at com.kms.katalon.core.main.TestCaseExecutor.processExecutionPhase(TestCaseExecutor.java:339)
	at com.kms.katalon.core.main.TestCaseExecutor.accessMainPhase(TestCaseExecutor.java:331)
	at com.kms.katalon.core.main.TestCaseExecutor.execute(TestCaseExecutor.java:248)
	at com.kms.katalon.core.main.TestCaseMain.runTestCase(TestCaseMain.java:138)
	at com.kms.katalon.core.keyword.builtin.CallTestCaseKeyword$_callTestCase_closure1.doCall(CallTestCaseKeyword.groovy:59)
	at com.kms.katalon.core.keyword.builtin.CallTestCaseKeyword$_callTestCase_closure1.call(CallTestCaseKeyword.groovy)
	at com.kms.katalon.core.keyword.internal.KeywordMain.runKeyword(KeywordMain.groovy:68)
	at com.kms.katalon.core.keyword.builtin.CallTestCaseKeyword.callTestCase(CallTestCaseKeyword.groovy:81)
	at com.kms.katalon.core.keyword.builtin.CallTestCaseKeyword.execute(CallTestCaseKeyword.groovy:44)
	at com.kms.katalon.core.keyword.internal.KeywordExecutor.executeKeywordForPlatform(KeywordExecutor.groovy:73)
	at com.kms.katalon.core.keyword.BuiltinKeywords.callTestCase(BuiltinKeywords.groovy:334)
	at sayfalar.girisSayfasi.login(girisSayfasi.groovy:50)
	at cucumber.runtime.Utils$1.call(Utils.java:26)
	at cucumber.runtime.Timeout.timeout(Timeout.java:16)
	at cucumber.runtime.Utils.invoke(Utils.java:20)
	at cucumber.runtime.java.JavaStepDefinition.execute(JavaStepDefinition.java:49)
	at cucumber.runner.PickleStepDefinitionMatch.runStep(PickleStepDefinitionMatch.java:50)
	at cucumber.runner.TestStep.executeStep(TestStep.java:63)
	at cucumber.runner.TestStep.run(TestStep.java:49)
	at cucumber.runner.PickleStepTestStep.run(PickleStepTestStep.java:43)
	at cucumber.runner.TestCase.run(TestCase.java:44)
	at cucumber.runner.Runner.runPickle(Runner.java:40)
	at cucumber.runtime.Runtime$1.run(Runtime.java:84)
	at cucumber.runtime.Runtime$SameThreadExecutorService.execute(Runtime.java:220)
	at cucumber.runtime.Runtime.run(Runtime.java:81)
	at cucumber.api.cli.Main.run(Main.java:26)
	at cucumber.api.cli.Main$run.call(Unknown Source)
	at com.kms.katalon.core.cucumber.keyword.CucumberBuiltinKeywords$_runFeatureFile_closure1.doCall(CucumberBuiltinKeywords.groovy:106)
	at com.kms.katalon.core.cucumber.keyword.CucumberBuiltinKeywords$_runFeatureFile_closure1.doCall(CucumberBuiltinKeywords.groovy)
	at com.kms.katalon.core.keyword.internal.KeywordMain.runKeyword(KeywordMain.groovy:68)
	at com.kms.katalon.core.keyword.internal.KeywordMain$runKeyword.call(Unknown Source)
	at com.kms.katalon.core.cucumber.keyword.CucumberBuiltinKeywords.runFeatureFile(CucumberBuiltinKeywords.groovy:73)
	at com.kms.katalon.core.cucumber.keyword.CucumberBuiltinKeywords$runFeatureFile$0.callStatic(Unknown Source)
	at com.kms.katalon.core.cucumber.keyword.CucumberBuiltinKeywords.runFeatureFile(CucumberBuiltinKeywords.groovy:246)
	at com.kms.katalon.core.cucumber.keyword.CucumberBuiltinKeywords$runFeatureFile.call(Unknown Source)
	at VKN-Elektronik-Iade.run(VKN-Elektronik-Iade:19)
	at com.kms.katalon.core.main.ScriptEngine.run(ScriptEngine.java:194)
	at com.kms.katalon.core.main.ScriptEngine.runScriptAsRawText(ScriptEngine.java:119)
	at com.kms.katalon.core.main.TestCaseExecutor.runScript(TestCaseExecutor.java:369)
	at com.kms.katalon.core.main.TestCaseExecutor.doExecute(TestCaseExecutor.java:360)
	at com.kms.katalon.core.main.TestCaseExecutor.processExecutionPhase(TestCaseExecutor.java:339)
	at com.kms.katalon.core.main.TestCaseExecutor.accessMainPhase(TestCaseExecutor.java:331)
	at com.kms.katalon.core.main.TestCaseExecutor.execute(TestCaseExecutor.java:248)
	at com.kms.katalon.core.main.TestSuiteExecutor.accessTestCaseMainPhase(TestSuiteExecutor.java:191)
	at com.kms.katalon.core.main.TestSuiteExecutor.accessTestSuiteMainPhase(TestSuiteExecutor.java:140)
	at com.kms.katalon.core.main.TestSuiteExecutor.execute(TestSuiteExecutor.java:89)
	at com.kms.katalon.core.main.TestCaseMain.startTestSuite(TestCaseMain.java:181)
	at com.kms.katalon.core.main.TestCaseMain$startTestSuite$0.call(Unknown Source)
	at TempTestSuite1637225344330.run(TempTestSuite1637225344330.groovy:39)
)

2021-11-18 11:59:49 - [MESSAGE][INFO] - Finding Test Object 'Object Repository/Sayfalar/Giris_Sayfasi/PopupOK'

2021-11-18 11:59:49 - [MESSAGE][INFO] - Checking object

2021-11-18 11:59:49 - [MESSAGE][INFO] - Finding web element from Test Object's properties

2021-11-18 11:59:49 - [MESSAGE][INFO] - Checking timeout

2021-11-18 11:59:49 - [MESSAGE][INFO] - Finding web element with id: 'Object Repository/Sayfalar/Giris_Sayfasi/PopupOK' located by 'By.cssSelector: .btn.btn-success' in '5' second(s)

2021-11-18 11:59:49 - [MESSAGE][INFO] - Smart Wait Function is triggered

2021-11-18 11:59:49 - [MESSAGE][INFO] - Smart Wait Function is triggered

2021-11-18 11:59:50 - [MESSAGE][INFO] - Smart Wait Function is triggered

2021-11-18 11:59:50 - [MESSAGE][INFO] - Smart Wait Function is triggered

2021-11-18 11:59:50 - [MESSAGE][INFO] - Smart Wait Function is triggered

2021-11-18 11:59:51 - [MESSAGE][INFO] - Smart Wait Function is triggered

2021-11-18 11:59:51 - [MESSAGE][INFO] - Smart Wait Function is triggered

2021-11-18 11:59:51 - [MESSAGE][INFO] - Smart Wait Function is triggered

2021-11-18 11:59:51 - [MESSAGE][INFO] - Smart Wait Function is triggered

2021-11-18 11:59:52 - [MESSAGE][INFO] - Smart Wait Function is triggered

2021-11-18 11:59:52 - [MESSAGE][INFO] - Smart Wait Function is triggered

2021-11-18 11:59:52 - [MESSAGE][INFO] - Smart Wait Function is triggered

2021-11-18 11:59:53 - [MESSAGE][INFO] - Smart Wait Function is triggered

2021-11-18 11:59:53 - [MESSAGE][INFO] - Smart Wait Function is triggered

2021-11-18 11:59:53 - [MESSAGE][INFO] - Smart Wait Function is triggered

2021-11-18 11:59:53 - [MESSAGE][INFO] - Smart Wait Function is triggered

2021-11-18 11:59:54 - [MESSAGE][INFO] - Smart Wait Function is triggered

2021-11-18 11:59:54 - [MESSAGE][INFO] - Smart Wait Function is triggered

2021-11-18 11:59:54 - [MESSAGE][INFO] - Smart Wait Function is triggered

2021-11-18 11:59:54 - [MESSAGE][INFO] - Smart Wait Function is triggered

2021-11-18 11:59:55 - [MESSAGE][INFO] - Smart Wait Function is triggered

2021-11-18 11:59:55 - [MESSAGE][INFO] - Smart Wait Function is triggered

2021-11-18 11:59:55 - [MESSAGE][INFO] - Unable to find the element located by 'By.cssSelector: .btn.btn-success'. Please recheck the objects properties to make sure the desired element is located. 

2021-11-18 11:59:55 - [MESSAGE][WARNING] - com.kms.katalon.core.webui.exception.WebElementNotFoundException: Web element with id: 'Object Repository/Sayfalar/Giris_Sayfasi/PopupOK' located by '.btn.btn-success' not found (Root cause: com.kms.katalon.core.exception.StepFailedException: com.kms.katalon.core.webui.exception.WebElementNotFoundException: Web element with id: 'Object Repository/Sayfalar/Giris_Sayfasi/PopupOK' located by '.btn.btn-success' not found
	at com.kms.katalon.core.webui.keyword.internal.WebUIKeywordMain.stepFailed(WebUIKeywordMain.groovy:64)
	at com.kms.katalon.core.webui.keyword.builtin.VerifyElementPresentKeyword$_verifyElementPresent_closure1.doCall(VerifyElementPresentKeyword.groovy:85)
	at com.kms.katalon.core.webui.keyword.builtin.VerifyElementPresentKeyword$_verifyElementPresent_closure1.call(VerifyElementPresentKeyword.groovy)
	at com.kms.katalon.core.webui.keyword.internal.WebUIKeywordMain.runKeyword(WebUIKeywordMain.groovy:20)
	at com.kms.katalon.core.webui.keyword.builtin.VerifyElementPresentKeyword.verifyElementPresent(VerifyElementPresentKeyword.groovy:92)
	at com.kms.katalon.core.webui.keyword.builtin.VerifyElementPresentKeyword.execute(VerifyElementPresentKeyword.groovy:68)
	at com.kms.katalon.core.keyword.internal.KeywordExecutor.executeKeywordForPlatform(KeywordExecutor.groovy:73)
	at com.kms.katalon.core.webui.keyword.WebUiBuiltInKeywords.verifyElementPresent(WebUiBuiltInKeywords.groovy:1448)
	at com.kms.katalon.core.webui.keyword.WebUiBuiltInKeywords$verifyElementPresent$4.call(Unknown Source)
	at Login.run(Login:40)
	at com.kms.katalon.core.main.ScriptEngine.run(ScriptEngine.java:194)
	at com.kms.katalon.core.main.ScriptEngine.runScriptAsRawText(ScriptEngine.java:119)
	at com.kms.katalon.core.main.TestCaseExecutor.runScript(TestCaseExecutor.java:369)
	at com.kms.katalon.core.main.TestCaseExecutor.doExecute(TestCaseExecutor.java:360)
	at com.kms.katalon.core.main.TestCaseExecutor.processExecutionPhase(TestCaseExecutor.java:339)
	at com.kms.katalon.core.main.TestCaseExecutor.accessMainPhase(TestCaseExecutor.java:331)
	at com.kms.katalon.core.main.TestCaseExecutor.execute(TestCaseExecutor.java:248)
	at com.kms.katalon.core.main.TestCaseMain.runTestCase(TestCaseMain.java:138)
	at com.kms.katalon.core.keyword.builtin.CallTestCaseKeyword$_callTestCase_closure1.doCall(CallTestCaseKeyword.groovy:59)
	at com.kms.katalon.core.keyword.builtin.CallTestCaseKeyword$_callTestCase_closure1.call(CallTestCaseKeyword.groovy)
	at com.kms.katalon.core.keyword.internal.KeywordMain.runKeyword(KeywordMain.groovy:68)
	at com.kms.katalon.core.keyword.builtin.CallTestCaseKeyword.callTestCase(CallTestCaseKeyword.groovy:81)
	at com.kms.katalon.core.keyword.builtin.CallTestCaseKeyword.execute(CallTestCaseKeyword.groovy:44)
	at com.kms.katalon.core.keyword.internal.KeywordExecutor.executeKeywordForPlatform(KeywordExecutor.groovy:73)
	at com.kms.katalon.core.keyword.BuiltinKeywords.callTestCase(BuiltinKeywords.groovy:334)
	at sayfalar.girisSayfasi.login(girisSayfasi.groovy:50)
	at cucumber.runtime.Utils$1.call(Utils.java:26)
	at cucumber.runtime.Timeout.timeout(Timeout.java:16)
	at cucumber.runtime.Utils.invoke(Utils.java:20)
	at cucumber.runtime.java.JavaStepDefinition.execute(JavaStepDefinition.java:49)
	at cucumber.runner.PickleStepDefinitionMatch.runStep(PickleStepDefinitionMatch.java:50)
	at cucumber.runner.TestStep.executeStep(TestStep.java:63)
	at cucumber.runner.TestStep.run(TestStep.java:49)
	at cucumber.runner.PickleStepTestStep.run(PickleStepTestStep.java:43)
	at cucumber.runner.TestCase.run(TestCase.java:44)
	at cucumber.runner.Runner.runPickle(Runner.java:40)
	at cucumber.runtime.Runtime$1.run(Runtime.java:84)
	at cucumber.runtime.Runtime$SameThreadExecutorService.execute(Runtime.java:220)
	at cucumber.runtime.Runtime.run(Runtime.java:81)
	at cucumber.api.cli.Main.run(Main.java:26)
	at cucumber.api.cli.Main$run.call(Unknown Source)
	at com.kms.katalon.core.cucumber.keyword.CucumberBuiltinKeywords$_runFeatureFile_closure1.doCall(CucumberBuiltinKeywords.groovy:106)
	at com.kms.katalon.core.cucumber.keyword.CucumberBuiltinKeywords$_runFeatureFile_closure1.doCall(CucumberBuiltinKeywords.groovy)
	at com.kms.katalon.core.keyword.internal.KeywordMain.runKeyword(KeywordMain.groovy:68)
	at com.kms.katalon.core.keyword.internal.KeywordMain$runKeyword.call(Unknown Source)
	at com.kms.katalon.core.cucumber.keyword.CucumberBuiltinKeywords.runFeatureFile(CucumberBuiltinKeywords.groovy:73)
	at com.kms.katalon.core.cucumber.keyword.CucumberBuiltinKeywords$runFeatureFile$0.callStatic(Unknown Source)
	at com.kms.katalon.core.cucumber.keyword.CucumberBuiltinKeywords.runFeatureFile(CucumberBuiltinKeywords.groovy:246)
	at com.kms.katalon.core.cucumber.keyword.CucumberBuiltinKeywords$runFeatureFile.call(Unknown Source)
	at VKN-Elektronik-Iade.run(VKN-Elektronik-Iade:19)
	at com.kms.katalon.core.main.ScriptEngine.run(ScriptEngine.java:194)
	at com.kms.katalon.core.main.ScriptEngine.runScriptAsRawText(ScriptEngine.java:119)
	at com.kms.katalon.core.main.TestCaseExecutor.runScript(TestCaseExecutor.java:369)
	at com.kms.katalon.core.main.TestCaseExecutor.doExecute(TestCaseExecutor.java:360)
	at com.kms.katalon.core.main.TestCaseExecutor.processExecutionPhase(TestCaseExecutor.java:339)
	at com.kms.katalon.core.main.TestCaseExecutor.accessMainPhase(TestCaseExecutor.java:331)
	at com.kms.katalon.core.main.TestCaseExecutor.execute(TestCaseExecutor.java:248)
	at com.kms.katalon.core.main.TestSuiteExecutor.accessTestCaseMainPhase(TestSuiteExecutor.java:191)
	at com.kms.katalon.core.main.TestSuiteExecutor.accessTestSuiteMainPhase(TestSuiteExecutor.java:140)
	at com.kms.katalon.core.main.TestSuiteExecutor.execute(TestSuiteExecutor.java:89)
	at com.kms.katalon.core.main.TestCaseMain.startTestSuite(TestCaseMain.java:181)
	at com.kms.katalon.core.main.TestCaseMain$startTestSuite$0.call(Unknown Source)
	at TempTestSuite1637225344330.run(TempTestSuite1637225344330.groovy:39)
)

2021-11-18 11:59:55 - [TEST_STEP][PASSED] - verifyElementVisible(findTestObject("Object Repository/Kullanici_Islemleri/KullaniciIslemleri")): Object 'Object Repository/Kullanici_Islemleri/KullaniciIslemleri' is visible

2021-11-18 11:59:55 - [MESSAGE][INFO] - Finding Test Object 'Object Repository/Kullanici_Islemleri/KullaniciIslemleri'

2021-11-18 11:59:55 - [MESSAGE][INFO] - Checking object

2021-11-18 11:59:55 - [MESSAGE][INFO] - Finding web element from Test Object's properties

2021-11-18 11:59:55 - [MESSAGE][INFO] - Checking timeout

2021-11-18 11:59:55 - [MESSAGE][INFO] - Finding web element with id: 'Object Repository/Kullanici_Islemleri/KullaniciIslemleri' located by 'By.cssSelector: .dropdown>a>img' in '30' second(s)

2021-11-18 11:59:55 - [MESSAGE][INFO] - Smart Wait Function is triggered

2021-11-18 11:59:56 - [MESSAGE][INFO] - Found 1 web elements with id: 'Object Repository/Kullanici_Islemleri/KullaniciIslemleri' located by 'By.cssSelector: .dropdown>a>img' in '30' second(s)

2021-11-18 11:59:56 - [MESSAGE][PASSED] - Object 'Object Repository/Kullanici_Islemleri/KullaniciIslemleri' is visible

2021-11-18 11:59:56 - [MESSAGE][PASSED] - Call Test Case 'Test Cases/Sayfalar/Giris_Sayfasi/Login' successfully

2021-11-18 11:59:56 - [MESSAGE][INFO] - Checking called Test Case

2021-11-18 11:59:56 - [MESSAGE][INFO] - Starting to call Test Case 'Test Cases/Menu/AnaMenuSecimi'

2021-11-18 11:59:56 - [TEST_CASE][PASSED] - Test Cases/Menu/AnaMenuSecimi: Test Cases/Menu/AnaMenuSecimi

2021-11-18 11:59:56 - [TEST_STEP][PASSED] - Method.TextDegerineEsitElementeTikla(findTestObject("Menu/Ana_Menu"), Ana_Menu): Method.TextDegerineEsitElementeTikla is PASSED

2021-11-18 11:59:56 - [MESSAGE][INFO] - Finding Test Object 'Object Repository/Menu/Ana_Menu'

2021-11-18 11:59:56 - [MESSAGE][INFO] - Checking timeout

2021-11-18 11:59:56 - [MESSAGE][INFO] - Finding web element with id: 'Object Repository/Menu/Ana_Menu' located by 'By.xpath: //*[@class = 'dropdown-toggle']' in '10' second(s)

2021-11-18 11:59:56 - [MESSAGE][INFO] - Smart Wait Function is triggered

2021-11-18 11:59:56 - [MESSAGE][INFO] - Found 13 web elements with id: 'Object Repository/Menu/Ana_Menu' located by 'By.xpath: //*[@class = 'dropdown-toggle']' in '10' second(s)

2021-11-18 11:59:56 - [MESSAGE][PASSED] - Method.TextDegerineEsitElementeTikla is PASSED

2021-11-18 11:59:56 - [MESSAGE][PASSED] - Call Test Case 'Test Cases/Menu/AnaMenuSecimi' successfully

2021-11-18 11:59:56 - [MESSAGE][INFO] - Checking called Test Case

2021-11-18 11:59:56 - [MESSAGE][INFO] - Starting to call Test Case 'Test Cases/Menu/BasligaGoreAltMenuSecimi'

2021-11-18 11:59:56 - [TEST_CASE][PASSED] - Test Cases/Menu/BasligaGoreAltMenuSecimi: Test Cases/Menu/BasligaGoreAltMenuSecimi

2021-11-18 11:59:56 - [TEST_STEP][PASSED] - Method.TextDegerineEsitElementinAltindakiTextDegerineEsitOlanaTikla(findTestObject("Menu/Menu_Basligi"), findTestObject("Menu/Basliga_Gore_Alt_Menu"), Baslik, Alt_Menu): Method.TextDegerineEsitElementinAltindakiTextDegerineEsitOlanaTikla is PASSED

2021-11-18 11:59:56 - [MESSAGE][INFO] - Finding Test Object 'Object Repository/Menu/Menu_Basligi'

2021-11-18 11:59:56 - [MESSAGE][INFO] - Finding Test Object 'Object Repository/Menu/Basliga_Gore_Alt_Menu'

2021-11-18 11:59:56 - [MESSAGE][INFO] - Checking timeout

2021-11-18 11:59:56 - [MESSAGE][INFO] - Finding web element with id: 'Object Repository/Menu/Menu_Basligi' located by 'By.xpath: //li[@class='dropdown dropdown-large open']//li[@class='dropdown-header']' in '10' second(s)

2021-11-18 11:59:56 - [MESSAGE][INFO] - Smart Wait Function is triggered

2021-11-18 11:59:57 - [MESSAGE][INFO] - Found 2 web elements with id: 'Object Repository/Menu/Menu_Basligi' located by 'By.xpath: //li[@class='dropdown dropdown-large open']//li[@class='dropdown-header']' in '10' second(s)

2021-11-18 11:59:57 - [MESSAGE][INFO] - Smart Wait Function is triggered

2021-11-18 11:59:59 - [MESSAGE][PASSED] - Method.TextDegerineEsitElementinAltindakiTextDegerineEsitOlanaTikla is PASSED

2021-11-18 11:59:59 - [MESSAGE][PASSED] - Call Test Case 'Test Cases/Menu/BasligaGoreAltMenuSecimi' successfully

2021-11-18 11:59:59 - [MESSAGE][INFO] - Checking called Test Case

2021-11-18 11:59:59 - [MESSAGE][INFO] - Starting to call Test Case 'Test Cases/Tablo/Olusturma Tarihi'

2021-11-18 11:59:59 - [TEST_CASE][PASSED] - Test Cases/Tablo/Olusturma Tarihi: Test Cases/Tablo/Olusturma Tarihi

2021-11-18 11:59:59 - [TEST_STEP][PASSED] - if (verifyTextNotPresent("Görüntülenecek veri yok", true, OPTIONAL)): null

2021-11-18 11:59:59 - [MESSAGE][INFO] - Checking text present  using regular expression

2021-11-18 11:59:59 - [MESSAGE][INFO] - Smart Wait Function is triggered

2021-11-18 12:00:00 - [MESSAGE][INFO] - Finding text 'Görüntülenecek veri yok' on page  using regular expression

2021-11-18 12:00:00 - [MESSAGE][PASSED] - Text 'Görüntülenecek veri yok' is not present on page using regular expression

2021-11-18 12:00:00 - [TEST_STEP][PASSED] - click(findTestObject("Temizle/Olusturma_Tarihi_CheckBox")): Object: 'Object Repository/Temizle/Olusturma_Tarihi_CheckBox' is clicked on

2021-11-18 12:00:00 - [MESSAGE][INFO] - Finding Test Object 'Object Repository/Temizle/Olusturma_Tarihi_CheckBox'

2021-11-18 12:00:00 - [MESSAGE][INFO] - Checking object

2021-11-18 12:00:00 - [MESSAGE][INFO] - Finding web element from Test Object's properties

2021-11-18 12:00:00 - [MESSAGE][INFO] - Checking timeout

2021-11-18 12:00:00 - [MESSAGE][INFO] - Finding web element with id: 'Object Repository/Temizle/Olusturma_Tarihi_CheckBox' located by 'By.xpath: //*[@title = 'Bu sayfadaki tüm satırları Seç']' in '30' second(s)

2021-11-18 12:00:00 - [MESSAGE][INFO] - Smart Wait Function is triggered

2021-11-18 12:00:00 - [MESSAGE][INFO] - Found 1 web elements with id: 'Object Repository/Temizle/Olusturma_Tarihi_CheckBox' located by 'By.xpath: //*[@title = 'Bu sayfadaki tüm satırları Seç']' in '30' second(s)

2021-11-18 12:00:00 - [MESSAGE][INFO] - Clicking on object: 'Object Repository/Temizle/Olusturma_Tarihi_CheckBox'

2021-11-18 12:00:00 - [MESSAGE][PASSED] - Object: 'Object Repository/Temizle/Olusturma_Tarihi_CheckBox' is clicked on

2021-11-18 12:00:00 - [TEST_STEP][PASSED] - Method.TextDegerineEsitElementeTiklaEquals(findTestObject("Butonlar/Butonlar"), "Sil"): Method.TextDegerineEsitElementeTiklaEquals is PASSED

2021-11-18 12:00:00 - [MESSAGE][INFO] - Finding Test Object 'Object Repository/Butonlar/Butonlar'

2021-11-18 12:00:00 - [MESSAGE][INFO] - Checking timeout

2021-11-18 12:00:00 - [MESSAGE][INFO] - Finding web element with id: 'Object Repository/Butonlar/Butonlar' located by 'By.cssSelector: .panel.panel-default.text-center.footerPanel .btn,.btn.btn-primary.btnControls' in '10' second(s)

2021-11-18 12:00:00 - [MESSAGE][INFO] - Smart Wait Function is triggered

2021-11-18 12:00:00 - [MESSAGE][INFO] - Found 9 web elements with id: 'Object Repository/Butonlar/Butonlar' located by 'By.cssSelector: .panel.panel-default.text-center.footerPanel .btn,.btn.btn-primary.btnControls' in '10' second(s)

2021-11-18 12:00:00 - [MESSAGE][PASSED] - Method.TextDegerineEsitElementeTiklaEquals is PASSED

2021-11-18 12:00:00 - [TEST_STEP][PASSED] - Method.TextDegerineEsitElementeTikla(findTestObject("Popup/Popup_Butons"), "Evet"): Method.TextDegerineEsitElementeTikla is PASSED

2021-11-18 12:00:00 - [MESSAGE][INFO] - Finding Test Object 'Object Repository/Popup/Popup_Butons'

2021-11-18 12:00:00 - [MESSAGE][INFO] - Checking timeout

2021-11-18 12:00:00 - [MESSAGE][INFO] - Finding web element with id: 'Object Repository/Popup/Popup_Butons' located by 'By.cssSelector: .modal-footer>button' in '10' second(s)

2021-11-18 12:00:00 - [MESSAGE][INFO] - Smart Wait Function is triggered

2021-11-18 12:00:01 - [MESSAGE][INFO] - Found 2 web elements with id: 'Object Repository/Popup/Popup_Butons' located by 'By.cssSelector: .modal-footer>button' in '10' second(s)

2021-11-18 12:00:02 - [MESSAGE][PASSED] - Method.TextDegerineEsitElementeTikla is PASSED

2021-11-18 12:00:02 - [TEST_STEP][PASSED] - Method.TextDegerineEsitElementeTikla(findTestObject("Popup/Popup_Butons"), "Tamam"): Method.TextDegerineEsitElementeTikla is PASSED

2021-11-18 12:00:02 - [MESSAGE][INFO] - Finding Test Object 'Object Repository/Popup/Popup_Butons'

2021-11-18 12:00:02 - [MESSAGE][INFO] - Checking timeout

2021-11-18 12:00:02 - [MESSAGE][INFO] - Finding web element with id: 'Object Repository/Popup/Popup_Butons' located by 'By.cssSelector: .modal-footer>button' in '10' second(s)

2021-11-18 12:00:02 - [MESSAGE][INFO] - Smart Wait Function is triggered

2021-11-18 12:00:03 - [MESSAGE][INFO] - Found 1 web elements with id: 'Object Repository/Popup/Popup_Butons' located by 'By.cssSelector: .modal-footer>button' in '10' second(s)

2021-11-18 12:00:03 - [MESSAGE][PASSED] - Method.TextDegerineEsitElementeTikla is PASSED

2021-11-18 12:00:03 - [MESSAGE][PASSED] - Call Test Case 'Test Cases/Tablo/Olusturma Tarihi' successfully

2021-11-18 12:00:03 - [MESSAGE][INFO] - Checking called Test Case

2021-11-18 12:00:03 - [MESSAGE][INFO] - Starting to call Test Case 'Test Cases/Butonlar/ButonaTikla'

2021-11-18 12:00:03 - [TEST_CASE][PASSED] - Test Cases/Butonlar/ButonaTikla: Test Cases/Butonlar/ButonaTikla

2021-11-18 12:00:03 - [TEST_STEP][PASSED] - Method.TextDegerineEsitElementeTiklaEquals(findTestObject("Butonlar/Butonlar"), Buton_Adi): Method.TextDegerineEsitElementeTiklaEquals is PASSED

2021-11-18 12:00:03 - [MESSAGE][INFO] - Finding Test Object 'Object Repository/Butonlar/Butonlar'

2021-11-18 12:00:03 - [MESSAGE][INFO] - Checking timeout

2021-11-18 12:00:03 - [MESSAGE][INFO] - Finding web element with id: 'Object Repository/Butonlar/Butonlar' located by 'By.cssSelector: .panel.panel-default.text-center.footerPanel .btn,.btn.btn-primary.btnControls' in '10' second(s)

2021-11-18 12:00:03 - [MESSAGE][INFO] - Smart Wait Function is triggered

2021-11-18 12:00:04 - [MESSAGE][INFO] - Found 9 web elements with id: 'Object Repository/Butonlar/Butonlar' located by 'By.cssSelector: .panel.panel-default.text-center.footerPanel .btn,.btn.btn-primary.btnControls' in '10' second(s)

2021-11-18 12:00:04 - [MESSAGE][PASSED] - Method.TextDegerineEsitElementeTiklaEquals is PASSED

2021-11-18 12:00:04 - [MESSAGE][PASSED] - Call Test Case 'Test Cases/Butonlar/ButonaTikla' successfully

2021-11-18 12:00:04 - [MESSAGE][INFO] - Checking called Test Case

2021-11-18 12:00:04 - [MESSAGE][INFO] - Starting to call Test Case 'Test Cases/Olusturma/Genel/GorselTasarimSayfasıBasligiIceriyorMu'

2021-11-18 12:00:04 - [TEST_CASE][PASSED] - Test Cases/Olusturma/Genel/GorselTasarimSayfasıBasligiIceriyorMu: Test Cases/Olusturma/Genel/GorselTasarimSayfasıBasligiIceriyorMu

2021-11-18 12:00:04 - [TEST_STEP][PASSED] - verifyElementText(findTestObject("Object Repository/Olusturma/Genel/GorselTasarimBaslik"), Baslik): Actual text and expected text of test object 'Object Repository/Olusturma/Genel/GorselTasarimBaslik' are matched.

2021-11-18 12:00:04 - [MESSAGE][INFO] - Finding Test Object 'Object Repository/Olusturma/Genel/GorselTasarimBaslik'

2021-11-18 12:00:04 - [MESSAGE][INFO] - Checking object

2021-11-18 12:00:04 - [MESSAGE][INFO] - Finding web element from Test Object's properties

2021-11-18 12:00:04 - [MESSAGE][INFO] - Checking timeout

2021-11-18 12:00:04 - [MESSAGE][INFO] - Finding web element with id: 'Object Repository/Olusturma/Genel/GorselTasarimBaslik' located by 'By.cssSelector: #flAlici_0>div>span' in '30' second(s)

2021-11-18 12:00:04 - [MESSAGE][INFO] - Smart Wait Function is triggered

2021-11-18 12:00:10 - [MESSAGE][INFO] - Found 1 web elements with id: 'Object Repository/Olusturma/Genel/GorselTasarimBaslik' located by 'By.cssSelector: #flAlici_0>div>span' in '30' second(s)

2021-11-18 12:00:10 - [MESSAGE][PASSED] - Actual text and expected text of test object 'Object Repository/Olusturma/Genel/GorselTasarimBaslik' are matched.

2021-11-18 12:00:10 - [MESSAGE][PASSED] - Call Test Case 'Test Cases/Olusturma/Genel/GorselTasarimSayfasıBasligiIceriyorMu' successfully

2021-11-18 12:00:10 - [MESSAGE][INFO] - Checking called Test Case

2021-11-18 12:00:10 - [MESSAGE][INFO] - Starting to call Test Case 'Test Cases/Olusturma/Genel/AliciSecilir'

2021-11-18 12:00:10 - [TEST_CASE][PASSED] - Test Cases/Olusturma/Genel/AliciSecilir: Test Cases/Olusturma/Genel/AliciSecilir

2021-11-18 12:00:10 - [TEST_STEP][PASSED] - click(findTestObject("Olusturma/Genel/AliciBilgisi/Alici_Ara")): Object: 'Object Repository/Olusturma/Genel/AliciBilgisi/Alici_Ara' is clicked on

2021-11-18 12:00:10 - [MESSAGE][INFO] - Finding Test Object 'Object Repository/Olusturma/Genel/AliciBilgisi/Alici_Ara'

2021-11-18 12:00:10 - [MESSAGE][INFO] - Checking object

2021-11-18 12:00:10 - [MESSAGE][INFO] - Finding web element from Test Object's properties

2021-11-18 12:00:10 - [MESSAGE][INFO] - Checking timeout

2021-11-18 12:00:10 - [MESSAGE][INFO] - Finding web element with id: 'Object Repository/Olusturma/Genel/AliciBilgisi/Alici_Ara' located by 'By.xpath: //td[@id='txtCustomerText_B-1']' in '30' second(s)

2021-11-18 12:00:10 - [MESSAGE][INFO] - Smart Wait Function is triggered

2021-11-18 12:00:10 - [MESSAGE][INFO] - Found 1 web elements with id: 'Object Repository/Olusturma/Genel/AliciBilgisi/Alici_Ara' located by 'By.xpath: //td[@id='txtCustomerText_B-1']' in '30' second(s)

2021-11-18 12:00:10 - [MESSAGE][INFO] - Clicking on object: 'Object Repository/Olusturma/Genel/AliciBilgisi/Alici_Ara'

2021-11-18 12:00:10 - [MESSAGE][PASSED] - Object: 'Object Repository/Olusturma/Genel/AliciBilgisi/Alici_Ara' is clicked on

2021-11-18 12:00:10 - [TEST_STEP][PASSED] - click(findTestObject("Olusturma/Genel/AliciBilgisi/Alici_Bilgisi")): Object: 'Object Repository/Olusturma/Genel/AliciBilgisi/Alici_Bilgisi' is clicked on

2021-11-18 12:00:10 - [MESSAGE][INFO] - Finding Test Object 'Object Repository/Olusturma/Genel/AliciBilgisi/Alici_Bilgisi'

2021-11-18 12:00:11 - [MESSAGE][INFO] - Checking object

2021-11-18 12:00:11 - [MESSAGE][INFO] - Finding web element from Test Object's properties

2021-11-18 12:00:11 - [MESSAGE][INFO] - Checking timeout

2021-11-18 12:00:11 - [MESSAGE][INFO] - Finding web element with id: 'Object Repository/Olusturma/Genel/AliciBilgisi/Alici_Bilgisi' located by 'By.xpath: //iframe[@id='customerselectiframe']' in '30' second(s)

2021-11-18 12:00:11 - [MESSAGE][INFO] - Smart Wait Function is triggered

2021-11-18 12:00:11 - [MESSAGE][INFO] - Found 1 web elements with id: 'Object Repository/Olusturma/Genel/AliciBilgisi/Alici_Bilgisi' located by 'By.xpath: //iframe[@id='customerselectiframe']' in '30' second(s)

2021-11-18 12:00:11 - [MESSAGE][INFO] - Clicking on object: 'Object Repository/Olusturma/Genel/AliciBilgisi/Alici_Bilgisi'

2021-11-18 12:00:11 - [MESSAGE][PASSED] - Object: 'Object Repository/Olusturma/Genel/AliciBilgisi/Alici_Bilgisi' is clicked on

2021-11-18 12:00:11 - [TEST_STEP][PASSED] - setText(findTestObject("Olusturma/Genel/AliciBilgisi/Alici_Gir"), Alici_Adi): Switching to default content

2021-11-18 12:00:11 - [MESSAGE][INFO] - Finding Test Object 'Object Repository/Olusturma/Genel/AliciBilgisi/Alici_Gir'

2021-11-18 12:00:11 - [MESSAGE][INFO] - Finding Test Object 'Object Repository/Olusturma/Genel/AliciBilgisi/Alici_Bilgisi'

2021-11-18 12:00:11 - [MESSAGE][INFO] - Checking object

2021-11-18 12:00:11 - [MESSAGE][INFO] - Checking text

2021-11-18 12:00:11 - [MESSAGE][INFO] - Object: 'Object Repository/Olusturma/Genel/AliciBilgisi/Alici_Gir' has parent object(s)

2021-11-18 12:00:11 - [MESSAGE][INFO] - Switching to iframe: 'Object Repository/Olusturma/Genel/AliciBilgisi/Alici_Bilgisi'

2021-11-18 12:00:11 - [MESSAGE][INFO] - Finding web element from Test Object's properties

2021-11-18 12:00:11 - [MESSAGE][INFO] - Checking timeout

2021-11-18 12:00:11 - [MESSAGE][INFO] - Finding web element with id: 'Object Repository/Olusturma/Genel/AliciBilgisi/Alici_Bilgisi' located by 'By.xpath: //iframe[@id='customerselectiframe']' in '30' second(s)

2021-11-18 12:00:11 - [MESSAGE][INFO] - Smart Wait Function is triggered

2021-11-18 12:00:11 - [MESSAGE][INFO] - Found 1 web elements with id: 'Object Repository/Olusturma/Genel/AliciBilgisi/Alici_Bilgisi' located by 'By.xpath: //iframe[@id='customerselectiframe']' in '30' second(s)

2021-11-18 12:00:11 - [MESSAGE][INFO] - Switched to iframe: 'Object Repository/Olusturma/Genel/AliciBilgisi/Alici_Bilgisi'

2021-11-18 12:00:11 - [MESSAGE][INFO] - Finding web element from Test Object's properties

2021-11-18 12:00:11 - [MESSAGE][INFO] - Checking timeout

2021-11-18 12:00:11 - [MESSAGE][INFO] - Finding web element with id: 'Object Repository/Olusturma/Genel/AliciBilgisi/Alici_Gir' located by 'By.xpath: //input[@id='GridViewCustomer_DXFREditorcol1_I']' in '30' second(s)

2021-11-18 12:00:11 - [MESSAGE][INFO] - Smart Wait Function is triggered

2021-11-18 12:00:11 - [MESSAGE][INFO] - Found 1 web elements with id: 'Object Repository/Olusturma/Genel/AliciBilgisi/Alici_Gir' located by 'By.xpath: //input[@id='GridViewCustomer_DXFREditorcol1_I']' in '30' second(s)

2021-11-18 12:00:11 - [MESSAGE][INFO] - Clearing text of object 'Object Repository/Olusturma/Genel/AliciBilgisi/Alici_Gir'

2021-11-18 12:00:11 - [MESSAGE][INFO] - Finding web element from Test Object's properties

2021-11-18 12:00:11 - [MESSAGE][INFO] - Checking timeout

2021-11-18 12:00:11 - [MESSAGE][INFO] - Finding web element with id: 'Object Repository/Olusturma/Genel/AliciBilgisi/Alici_Gir' located by 'By.xpath: //input[@id='GridViewCustomer_DXFREditorcol1_I']' in '30' second(s)

2021-11-18 12:00:11 - [MESSAGE][INFO] - Smart Wait Function is triggered

2021-11-18 12:00:11 - [MESSAGE][INFO] - Found 1 web elements with id: 'Object Repository/Olusturma/Genel/AliciBilgisi/Alici_Gir' located by 'By.xpath: //input[@id='GridViewCustomer_DXFREditorcol1_I']' in '30' second(s)

2021-11-18 12:00:11 - [MESSAGE][INFO] - Setting text of object 'Object Repository/Olusturma/Genel/AliciBilgisi/Alici_Gir' to value 'UC0003'

2021-11-18 12:00:11 - [MESSAGE][PASSED] - Text 'UC0003' is set on object 'Object Repository/Olusturma/Genel/AliciBilgisi/Alici_Gir'

2021-11-18 12:00:11 - [MESSAGE][INFO] - Switching to default content

2021-11-18 12:00:11 - [TEST_STEP][PASSED] - waitForElementClickable(findTestObject("Olusturma/Genel/AliciBilgisi/Alici_Adi"), 10): Switching to default content

2021-11-18 12:00:11 - [MESSAGE][INFO] - Finding Test Object 'Object Repository/Olusturma/Genel/AliciBilgisi/Alici_Adi'

2021-11-18 12:00:12 - [MESSAGE][INFO] - Finding Test Object 'Object Repository/Olusturma/Genel/AliciBilgisi/iframe_Alc Bilgisi_customerselectiframe'

2021-11-18 12:00:12 - [MESSAGE][INFO] - Checking object

2021-11-18 12:00:12 - [MESSAGE][INFO] - Checking timeout

2021-11-18 12:00:12 - [MESSAGE][INFO] - Object: 'Object Repository/Olusturma/Genel/AliciBilgisi/Alici_Adi' has parent object(s)

2021-11-18 12:00:12 - [MESSAGE][INFO] - Switching to iframe: 'Object Repository/Olusturma/Genel/AliciBilgisi/iframe_Alc Bilgisi_customerselectiframe'

2021-11-18 12:00:12 - [MESSAGE][INFO] - Finding web element from Test Object's properties

2021-11-18 12:00:12 - [MESSAGE][INFO] - Checking timeout

2021-11-18 12:00:12 - [MESSAGE][INFO] - Finding web element with id: 'Object Repository/Olusturma/Genel/AliciBilgisi/iframe_Alc Bilgisi_customerselectiframe' located by 'By.xpath: //iframe[@id='customerselectiframe']' in '10' second(s)

2021-11-18 12:00:12 - [MESSAGE][INFO] - Smart Wait Function is triggered

2021-11-18 12:00:12 - [MESSAGE][INFO] - Found 1 web elements with id: 'Object Repository/Olusturma/Genel/AliciBilgisi/iframe_Alc Bilgisi_customerselectiframe' located by 'By.xpath: //iframe[@id='customerselectiframe']' in '10' second(s)

2021-11-18 12:00:12 - [MESSAGE][INFO] - Switched to iframe: 'Object Repository/Olusturma/Genel/AliciBilgisi/iframe_Alc Bilgisi_customerselectiframe'

2021-11-18 12:00:12 - [MESSAGE][INFO] - Finding web element from Test Object's properties

2021-11-18 12:00:12 - [MESSAGE][INFO] - Checking timeout

2021-11-18 12:00:12 - [MESSAGE][INFO] - Finding web element with id: 'Object Repository/Olusturma/Genel/AliciBilgisi/Alici_Adi' located by 'By.xpath: //tr[@id='GridViewCustomer_DXDataRow0']/td[2]' in '10' second(s)

2021-11-18 12:00:12 - [MESSAGE][INFO] - Smart Wait Function is triggered

2021-11-18 12:00:12 - [MESSAGE][INFO] - Found 1 web elements with id: 'Object Repository/Olusturma/Genel/AliciBilgisi/Alici_Adi' located by 'By.xpath: //tr[@id='GridViewCustomer_DXDataRow0']/td[2]' in '10' second(s)

2021-11-18 12:00:12 - [MESSAGE][PASSED] - Object 'Object Repository/Olusturma/Genel/AliciBilgisi/Alici_Adi' is clickable

2021-11-18 12:00:12 - [MESSAGE][INFO] - Switching to default content

2021-11-18 12:00:12 - [TEST_STEP][PASSED] - click(findTestObject("Olusturma/Genel/AliciBilgisi/frame")): Switching to default content

2021-11-18 12:00:12 - [MESSAGE][INFO] - Finding Test Object 'Object Repository/Olusturma/Genel/AliciBilgisi/frame'

2021-11-18 12:00:12 - [MESSAGE][INFO] - Finding Test Object 'Object Repository/Olusturma/Genel/AliciBilgisi/iframe_Alc Bilgisi_customerselectiframe'

2021-11-18 12:00:12 - [MESSAGE][INFO] - Checking object

2021-11-18 12:00:12 - [MESSAGE][INFO] - Object: 'Object Repository/Olusturma/Genel/AliciBilgisi/frame' has parent object(s)

2021-11-18 12:00:12 - [MESSAGE][INFO] - Switching to iframe: 'Object Repository/Olusturma/Genel/AliciBilgisi/iframe_Alc Bilgisi_customerselectiframe'

2021-11-18 12:00:12 - [MESSAGE][INFO] - Finding web element from Test Object's properties

2021-11-18 12:00:12 - [MESSAGE][INFO] - Checking timeout

2021-11-18 12:00:12 - [MESSAGE][INFO] - Finding web element with id: 'Object Repository/Olusturma/Genel/AliciBilgisi/iframe_Alc Bilgisi_customerselectiframe' located by 'By.xpath: //iframe[@id='customerselectiframe']' in '30' second(s)

2021-11-18 12:00:12 - [MESSAGE][INFO] - Smart Wait Function is triggered

2021-11-18 12:00:12 - [MESSAGE][INFO] - Found 1 web elements with id: 'Object Repository/Olusturma/Genel/AliciBilgisi/iframe_Alc Bilgisi_customerselectiframe' located by 'By.xpath: //iframe[@id='customerselectiframe']' in '30' second(s)

2021-11-18 12:00:12 - [MESSAGE][INFO] - Switched to iframe: 'Object Repository/Olusturma/Genel/AliciBilgisi/iframe_Alc Bilgisi_customerselectiframe'

2021-11-18 12:00:12 - [MESSAGE][INFO] - Finding web element from Test Object's properties

2021-11-18 12:00:12 - [MESSAGE][INFO] - Checking timeout

2021-11-18 12:00:12 - [MESSAGE][INFO] - Finding web element with id: 'Object Repository/Olusturma/Genel/AliciBilgisi/frame' located by 'By.xpath: //*/text()[normalize-space(.)='']/parent::*' in '30' second(s)

2021-11-18 12:00:12 - [MESSAGE][INFO] - Smart Wait Function is triggered

2021-11-18 12:00:12 - [MESSAGE][INFO] - Found 66 web elements with id: 'Object Repository/Olusturma/Genel/AliciBilgisi/frame' located by 'By.xpath: //*/text()[normalize-space(.)='']/parent::*' in '30' second(s)

2021-11-18 12:00:12 - [MESSAGE][INFO] - Clicking on object: 'Object Repository/Olusturma/Genel/AliciBilgisi/frame'

2021-11-18 12:00:12 - [MESSAGE][PASSED] - Object: 'Object Repository/Olusturma/Genel/AliciBilgisi/frame' is clicked on

2021-11-18 12:00:12 - [MESSAGE][INFO] - Switching to default content

2021-11-18 12:00:13 - [TEST_STEP][PASSED] - click(findTestObject("Olusturma/Genel/AliciBilgisi/Alici_Adi")): Switching to default content

2021-11-18 12:00:13 - [MESSAGE][INFO] - Finding Test Object 'Object Repository/Olusturma/Genel/AliciBilgisi/Alici_Adi'

2021-11-18 12:00:13 - [MESSAGE][INFO] - Finding Test Object 'Object Repository/Olusturma/Genel/AliciBilgisi/iframe_Alc Bilgisi_customerselectiframe'

2021-11-18 12:00:13 - [MESSAGE][INFO] - Checking object

2021-11-18 12:00:13 - [MESSAGE][INFO] - Object: 'Object Repository/Olusturma/Genel/AliciBilgisi/Alici_Adi' has parent object(s)

2021-11-18 12:00:13 - [MESSAGE][INFO] - Switching to iframe: 'Object Repository/Olusturma/Genel/AliciBilgisi/iframe_Alc Bilgisi_customerselectiframe'

2021-11-18 12:00:13 - [MESSAGE][INFO] - Finding web element from Test Object's properties

2021-11-18 12:00:13 - [MESSAGE][INFO] - Checking timeout

2021-11-18 12:00:13 - [MESSAGE][INFO] - Finding web element with id: 'Object Repository/Olusturma/Genel/AliciBilgisi/iframe_Alc Bilgisi_customerselectiframe' located by 'By.xpath: //iframe[@id='customerselectiframe']' in '30' second(s)

2021-11-18 12:00:13 - [MESSAGE][INFO] - Smart Wait Function is triggered

2021-11-18 12:00:13 - [MESSAGE][INFO] - Found 1 web elements with id: 'Object Repository/Olusturma/Genel/AliciBilgisi/iframe_Alc Bilgisi_customerselectiframe' located by 'By.xpath: //iframe[@id='customerselectiframe']' in '30' second(s)

2021-11-18 12:00:13 - [MESSAGE][INFO] - Switched to iframe: 'Object Repository/Olusturma/Genel/AliciBilgisi/iframe_Alc Bilgisi_customerselectiframe'

2021-11-18 12:00:13 - [MESSAGE][INFO] - Finding web element from Test Object's properties

2021-11-18 12:00:13 - [MESSAGE][INFO] - Checking timeout

2021-11-18 12:00:13 - [MESSAGE][INFO] - Finding web element with id: 'Object Repository/Olusturma/Genel/AliciBilgisi/Alici_Adi' located by 'By.xpath: //tr[@id='GridViewCustomer_DXDataRow0']/td[2]' in '30' second(s)

2021-11-18 12:00:13 - [MESSAGE][INFO] - Smart Wait Function is triggered

2021-11-18 12:00:13 - [MESSAGE][INFO] - Found 1 web elements with id: 'Object Repository/Olusturma/Genel/AliciBilgisi/Alici_Adi' located by 'By.xpath: //tr[@id='GridViewCustomer_DXDataRow0']/td[2]' in '30' second(s)

2021-11-18 12:00:13 - [MESSAGE][INFO] - Clicking on object: 'Object Repository/Olusturma/Genel/AliciBilgisi/Alici_Adi'

2021-11-18 12:00:13 - [MESSAGE][PASSED] - Object: 'Object Repository/Olusturma/Genel/AliciBilgisi/Alici_Adi' is clicked on

2021-11-18 12:00:13 - [MESSAGE][INFO] - Switching to default content

2021-11-18 12:00:13 - [TEST_STEP][PASSED] - click(findTestObject("Olusturma/Genel/AliciBilgisi/Tamam_Bosluk")): Switching to default content

2021-11-18 12:00:13 - [MESSAGE][INFO] - Finding Test Object 'Object Repository/Olusturma/Genel/AliciBilgisi/Tamam_Bosluk'

2021-11-18 12:00:13 - [MESSAGE][INFO] - Finding Test Object 'Object Repository/Olusturma/Genel/AliciBilgisi/Alici_Bilgisi'

2021-11-18 12:00:13 - [MESSAGE][INFO] - Checking object

2021-11-18 12:00:13 - [MESSAGE][INFO] - Object: 'Object Repository/Olusturma/Genel/AliciBilgisi/Tamam_Bosluk' has parent object(s)

2021-11-18 12:00:13 - [MESSAGE][INFO] - Switching to iframe: 'Object Repository/Olusturma/Genel/AliciBilgisi/Alici_Bilgisi'

2021-11-18 12:00:13 - [MESSAGE][INFO] - Finding web element from Test Object's properties

2021-11-18 12:00:13 - [MESSAGE][INFO] - Checking timeout

2021-11-18 12:00:13 - [MESSAGE][INFO] - Finding web element with id: 'Object Repository/Olusturma/Genel/AliciBilgisi/Alici_Bilgisi' located by 'By.xpath: //iframe[@id='customerselectiframe']' in '30' second(s)

2021-11-18 12:00:13 - [MESSAGE][INFO] - Smart Wait Function is triggered

2021-11-18 12:00:13 - [MESSAGE][INFO] - Found 1 web elements with id: 'Object Repository/Olusturma/Genel/AliciBilgisi/Alici_Bilgisi' located by 'By.xpath: //iframe[@id='customerselectiframe']' in '30' second(s)

2021-11-18 12:00:13 - [MESSAGE][INFO] - Switched to iframe: 'Object Repository/Olusturma/Genel/AliciBilgisi/Alici_Bilgisi'

2021-11-18 12:00:13 - [MESSAGE][INFO] - Finding web element from Test Object's properties

2021-11-18 12:00:13 - [MESSAGE][INFO] - Checking timeout

2021-11-18 12:00:13 - [MESSAGE][INFO] - Finding web element with id: 'Object Repository/Olusturma/Genel/AliciBilgisi/Tamam_Bosluk' located by 'By.xpath: (.//*[normalize-space(text()) and normalize-space(.)='Sayfa Boyutu:'])[1]/following::div[7]' in '30' second(s)

2021-11-18 12:00:13 - [MESSAGE][INFO] - Smart Wait Function is triggered

2021-11-18 12:00:14 - [MESSAGE][INFO] - Found 1 web elements with id: 'Object Repository/Olusturma/Genel/AliciBilgisi/Tamam_Bosluk' located by 'By.xpath: (.//*[normalize-space(text()) and normalize-space(.)='Sayfa Boyutu:'])[1]/following::div[7]' in '30' second(s)

2021-11-18 12:00:14 - [MESSAGE][INFO] - Clicking on object: 'Object Repository/Olusturma/Genel/AliciBilgisi/Tamam_Bosluk'

2021-11-18 12:00:14 - [MESSAGE][PASSED] - Object: 'Object Repository/Olusturma/Genel/AliciBilgisi/Tamam_Bosluk' is clicked on

2021-11-18 12:00:14 - [MESSAGE][INFO] - Switching to default content

2021-11-18 12:00:14 - [TEST_STEP][PASSED] - waitForElementClickable(findTestObject("Olusturma/Genel/AliciBilgisi/Tamam_Butonu"), 10): Switching to default content

2021-11-18 12:00:14 - [MESSAGE][INFO] - Finding Test Object 'Object Repository/Olusturma/Genel/AliciBilgisi/Tamam_Butonu'

2021-11-18 12:00:14 - [MESSAGE][INFO] - Finding Test Object 'Object Repository/Olusturma/Genel/AliciBilgisi/Alici_Bilgisi'

2021-11-18 12:00:14 - [MESSAGE][INFO] - Checking object

2021-11-18 12:00:14 - [MESSAGE][INFO] - Checking timeout

2021-11-18 12:00:14 - [MESSAGE][INFO] - Object: 'Object Repository/Olusturma/Genel/AliciBilgisi/Tamam_Butonu' has parent object(s)

2021-11-18 12:00:14 - [MESSAGE][INFO] - Switching to iframe: 'Object Repository/Olusturma/Genel/AliciBilgisi/Alici_Bilgisi'

2021-11-18 12:00:14 - [MESSAGE][INFO] - Finding web element from Test Object's properties

2021-11-18 12:00:14 - [MESSAGE][INFO] - Checking timeout

2021-11-18 12:00:14 - [MESSAGE][INFO] - Finding web element with id: 'Object Repository/Olusturma/Genel/AliciBilgisi/Alici_Bilgisi' located by 'By.xpath: //iframe[@id='customerselectiframe']' in '10' second(s)

2021-11-18 12:00:14 - [MESSAGE][INFO] - Smart Wait Function is triggered

2021-11-18 12:00:14 - [MESSAGE][INFO] - Found 1 web elements with id: 'Object Repository/Olusturma/Genel/AliciBilgisi/Alici_Bilgisi' located by 'By.xpath: //iframe[@id='customerselectiframe']' in '10' second(s)

2021-11-18 12:00:14 - [MESSAGE][INFO] - Switched to iframe: 'Object Repository/Olusturma/Genel/AliciBilgisi/Alici_Bilgisi'

2021-11-18 12:00:14 - [MESSAGE][INFO] - Finding web element from Test Object's properties

2021-11-18 12:00:14 - [MESSAGE][INFO] - Checking timeout

2021-11-18 12:00:14 - [MESSAGE][INFO] - Finding web element with id: 'Object Repository/Olusturma/Genel/AliciBilgisi/Tamam_Butonu' located by 'By.xpath: //div[@id='btnSelectCustomer_CD']/span' in '10' second(s)

2021-11-18 12:00:14 - [MESSAGE][INFO] - Smart Wait Function is triggered

2021-11-18 12:00:14 - [MESSAGE][INFO] - Found 1 web elements with id: 'Object Repository/Olusturma/Genel/AliciBilgisi/Tamam_Butonu' located by 'By.xpath: //div[@id='btnSelectCustomer_CD']/span' in '10' second(s)

2021-11-18 12:00:14 - [MESSAGE][PASSED] - Object 'Object Repository/Olusturma/Genel/AliciBilgisi/Tamam_Butonu' is clickable

2021-11-18 12:00:14 - [MESSAGE][INFO] - Switching to default content

2021-11-18 12:00:14 - [TEST_STEP][PASSED] - click(findTestObject("Olusturma/Genel/AliciBilgisi/Tamam_Butonu")): Switching to default content

2021-11-18 12:00:14 - [MESSAGE][INFO] - Finding Test Object 'Object Repository/Olusturma/Genel/AliciBilgisi/Tamam_Butonu'

2021-11-18 12:00:14 - [MESSAGE][INFO] - Finding Test Object 'Object Repository/Olusturma/Genel/AliciBilgisi/Alici_Bilgisi'

2021-11-18 12:00:14 - [MESSAGE][INFO] - Checking object

2021-11-18 12:00:14 - [MESSAGE][INFO] - Object: 'Object Repository/Olusturma/Genel/AliciBilgisi/Tamam_Butonu' has parent object(s)

2021-11-18 12:00:14 - [MESSAGE][INFO] - Switching to iframe: 'Object Repository/Olusturma/Genel/AliciBilgisi/Alici_Bilgisi'

2021-11-18 12:00:14 - [MESSAGE][INFO] - Finding web element from Test Object's properties

2021-11-18 12:00:14 - [MESSAGE][INFO] - Checking timeout

2021-11-18 12:00:14 - [MESSAGE][INFO] - Finding web element with id: 'Object Repository/Olusturma/Genel/AliciBilgisi/Alici_Bilgisi' located by 'By.xpath: //iframe[@id='customerselectiframe']' in '30' second(s)

2021-11-18 12:00:14 - [MESSAGE][INFO] - Smart Wait Function is triggered

2021-11-18 12:00:15 - [MESSAGE][INFO] - Found 1 web elements with id: 'Object Repository/Olusturma/Genel/AliciBilgisi/Alici_Bilgisi' located by 'By.xpath: //iframe[@id='customerselectiframe']' in '30' second(s)

2021-11-18 12:00:15 - [MESSAGE][INFO] - Switched to iframe: 'Object Repository/Olusturma/Genel/AliciBilgisi/Alici_Bilgisi'

2021-11-18 12:00:15 - [MESSAGE][INFO] - Finding web element from Test Object's properties

2021-11-18 12:00:15 - [MESSAGE][INFO] - Checking timeout

2021-11-18 12:00:15 - [MESSAGE][INFO] - Finding web element with id: 'Object Repository/Olusturma/Genel/AliciBilgisi/Tamam_Butonu' located by 'By.xpath: //div[@id='btnSelectCustomer_CD']/span' in '30' second(s)

2021-11-18 12:00:15 - [MESSAGE][INFO] - Smart Wait Function is triggered

2021-11-18 12:00:15 - [MESSAGE][INFO] - Found 1 web elements with id: 'Object Repository/Olusturma/Genel/AliciBilgisi/Tamam_Butonu' located by 'By.xpath: //div[@id='btnSelectCustomer_CD']/span' in '30' second(s)

2021-11-18 12:00:15 - [MESSAGE][INFO] - Clicking on object: 'Object Repository/Olusturma/Genel/AliciBilgisi/Tamam_Butonu'

2021-11-18 12:00:15 - [MESSAGE][PASSED] - Object: 'Object Repository/Olusturma/Genel/AliciBilgisi/Tamam_Butonu' is clicked on

2021-11-18 12:00:15 - [MESSAGE][INFO] - Switching to default content

2021-11-18 12:00:15 - [TEST_STEP][PASSED] - waitForElementPresent(findTestObject("Olusturma/Genel/AliciBilgisi/VKN-TCKN"), 10): Object 'Object Repository/Olusturma/Genel/AliciBilgisi/VKN-TCKN' is present

2021-11-18 12:00:15 - [MESSAGE][INFO] - Finding Test Object 'Object Repository/Olusturma/Genel/AliciBilgisi/VKN-TCKN'

2021-11-18 12:00:15 - [MESSAGE][INFO] - Checking object

2021-11-18 12:00:15 - [MESSAGE][INFO] - Finding web element from Test Object's properties

2021-11-18 12:00:15 - [MESSAGE][INFO] - Checking timeout

2021-11-18 12:00:15 - [MESSAGE][INFO] - Finding web element with id: 'Object Repository/Olusturma/Genel/AliciBilgisi/VKN-TCKN' located by 'By.xpath: //*[@id = 'txtVknTckn_I']' in '10' second(s)

2021-11-18 12:00:15 - [MESSAGE][INFO] - Smart Wait Function is triggered

2021-11-18 12:00:15 - [MESSAGE][INFO] - Found 1 web elements with id: 'Object Repository/Olusturma/Genel/AliciBilgisi/VKN-TCKN' located by 'By.xpath: //*[@id = 'txtVknTckn_I']' in '10' second(s)

2021-11-18 12:00:15 - [MESSAGE][PASSED] - Object 'Object Repository/Olusturma/Genel/AliciBilgisi/VKN-TCKN' is present

2021-11-18 12:00:15 - [TEST_STEP][PASSED] - text = getAttribute(findTestObject("Olusturma/Genel/AliciBilgisi/VKN-TCKN"), "value"): Attribute 'value' of object 'Object Repository/Olusturma/Genel/AliciBilgisi/VKN-TCKN' is: '5324544750'

2021-11-18 12:00:15 - [MESSAGE][INFO] - Finding Test Object 'Object Repository/Olusturma/Genel/AliciBilgisi/VKN-TCKN'

2021-11-18 12:00:15 - [MESSAGE][INFO] - Checking object

2021-11-18 12:00:15 - [MESSAGE][INFO] - Checking attribute

2021-11-18 12:00:15 - [MESSAGE][INFO] - Finding web element from Test Object's properties

2021-11-18 12:00:15 - [MESSAGE][INFO] - Checking timeout

2021-11-18 12:00:15 - [MESSAGE][INFO] - Finding web element with id: 'Object Repository/Olusturma/Genel/AliciBilgisi/VKN-TCKN' located by 'By.xpath: //*[@id = 'txtVknTckn_I']' in '30' second(s)

2021-11-18 12:00:15 - [MESSAGE][INFO] - Smart Wait Function is triggered

2021-11-18 12:00:16 - [MESSAGE][INFO] - Found 1 web elements with id: 'Object Repository/Olusturma/Genel/AliciBilgisi/VKN-TCKN' located by 'By.xpath: //*[@id = 'txtVknTckn_I']' in '30' second(s)

2021-11-18 12:00:16 - [MESSAGE][INFO] - Getting attribute 'value' of object 'Object Repository/Olusturma/Genel/AliciBilgisi/VKN-TCKN'

2021-11-18 12:00:16 - [MESSAGE][PASSED] - Attribute 'value' of object 'Object Repository/Olusturma/Genel/AliciBilgisi/VKN-TCKN' is: '5324544750'

2021-11-18 12:00:16 - [TEST_STEP][PASSED] - if (text.equals("")): null

2021-11-18 12:00:16 - [MESSAGE][PASSED] - Call Test Case 'Test Cases/Olusturma/Genel/AliciSecilir' successfully

2021-11-18 12:00:16 - [MESSAGE][INFO] - Checking called Test Case

2021-11-18 12:00:16 - [MESSAGE][INFO] - Starting to call Test Case 'Test Cases/Olusturma/Genel/GonderimSekliSecilir'

2021-11-18 12:00:16 - [TEST_CASE][PASSED] - Test Cases/Olusturma/Genel/GonderimSekliSecilir: Test Cases/Olusturma/Genel/GonderimSekliSecilir

2021-11-18 12:00:16 - [TEST_STEP][PASSED] - waitForElementClickable(findTestObject("Object Repository/Olusturma/Genel/GonderimSekli/GonderimSekli"), 10): Object 'Object Repository/Olusturma/Genel/GonderimSekli/GonderimSekli' is clickable

2021-11-18 12:00:16 - [MESSAGE][INFO] - Finding Test Object 'Object Repository/Olusturma/Genel/GonderimSekli/GonderimSekli'

2021-11-18 12:00:16 - [MESSAGE][INFO] - Checking object

2021-11-18 12:00:16 - [MESSAGE][INFO] - Checking timeout

2021-11-18 12:00:16 - [MESSAGE][INFO] - Finding web element from Test Object's properties

2021-11-18 12:00:16 - [MESSAGE][INFO] - Checking timeout

2021-11-18 12:00:16 - [MESSAGE][INFO] - Finding web element with id: 'Object Repository/Olusturma/Genel/GonderimSekli/GonderimSekli' located by 'By.xpath: //*[@id = 'txtGonderimSekil_I']' in '10' second(s)

2021-11-18 12:00:16 - [MESSAGE][INFO] - Smart Wait Function is triggered

2021-11-18 12:00:16 - [MESSAGE][INFO] - Found 1 web elements with id: 'Object Repository/Olusturma/Genel/GonderimSekli/GonderimSekli' located by 'By.xpath: //*[@id = 'txtGonderimSekil_I']' in '10' second(s)

2021-11-18 12:00:16 - [MESSAGE][PASSED] - Object 'Object Repository/Olusturma/Genel/GonderimSekli/GonderimSekli' is clickable

2021-11-18 12:00:16 - [TEST_STEP][PASSED] - click(findTestObject("Object Repository/Olusturma/Genel/GonderimSekli/GonderimSekli")): Object: 'Object Repository/Olusturma/Genel/GonderimSekli/GonderimSekli' is clicked on

2021-11-18 12:00:16 - [MESSAGE][INFO] - Finding Test Object 'Object Repository/Olusturma/Genel/GonderimSekli/GonderimSekli'

2021-11-18 12:00:16 - [MESSAGE][INFO] - Checking object

2021-11-18 12:00:16 - [MESSAGE][INFO] - Finding web element from Test Object's properties

2021-11-18 12:00:16 - [MESSAGE][INFO] - Checking timeout

2021-11-18 12:00:16 - [MESSAGE][INFO] - Finding web element with id: 'Object Repository/Olusturma/Genel/GonderimSekli/GonderimSekli' located by 'By.xpath: //*[@id = 'txtGonderimSekil_I']' in '30' second(s)

2021-11-18 12:00:16 - [MESSAGE][INFO] - Smart Wait Function is triggered

2021-11-18 12:00:16 - [MESSAGE][INFO] - Found 1 web elements with id: 'Object Repository/Olusturma/Genel/GonderimSekli/GonderimSekli' located by 'By.xpath: //*[@id = 'txtGonderimSekil_I']' in '30' second(s)

2021-11-18 12:00:16 - [MESSAGE][INFO] - Clicking on object: 'Object Repository/Olusturma/Genel/GonderimSekli/GonderimSekli'

2021-11-18 12:00:16 - [MESSAGE][PASSED] - Object: 'Object Repository/Olusturma/Genel/GonderimSekli/GonderimSekli' is clicked on

2021-11-18 12:00:16 - [TEST_STEP][PASSED] - Method.TextDegerineEsitElementeTikla(findTestObject("Object Repository/Olusturma/Genel/GonderimSekli/GonderimSekliAdi"), GonderimSekli): Method.TextDegerineEsitElementeTikla is PASSED

2021-11-18 12:00:16 - [MESSAGE][INFO] - Finding Test Object 'Object Repository/Olusturma/Genel/GonderimSekli/GonderimSekliAdi'

2021-11-18 12:00:17 - [MESSAGE][INFO] - Checking timeout

2021-11-18 12:00:17 - [MESSAGE][INFO] - Finding web element with id: 'Object Repository/Olusturma/Genel/GonderimSekli/GonderimSekliAdi' located by 'By.cssSelector: #txtGonderimSekil_DDD_L_LBT td' in '10' second(s)

2021-11-18 12:00:17 - [MESSAGE][INFO] - Smart Wait Function is triggered

2021-11-18 12:00:17 - [MESSAGE][INFO] - Found 2 web elements with id: 'Object Repository/Olusturma/Genel/GonderimSekli/GonderimSekliAdi' located by 'By.cssSelector: #txtGonderimSekil_DDD_L_LBT td' in '10' second(s)

2021-11-18 12:00:17 - [MESSAGE][PASSED] - Method.TextDegerineEsitElementeTikla is PASSED

2021-11-18 12:00:17 - [MESSAGE][PASSED] - Call Test Case 'Test Cases/Olusturma/Genel/GonderimSekliSecilir' successfully

2021-11-18 12:00:17 - [MESSAGE][INFO] - Checking called Test Case

2021-11-18 12:00:17 - [MESSAGE][INFO] - Starting to call Test Case 'Test Cases/Olusturma/Genel/TipSecilir'

2021-11-18 12:00:17 - [TEST_CASE][PASSED] - Test Cases/Olusturma/Genel/TipSecilir: Test Cases/Olusturma/Genel/TipSecilir

2021-11-18 12:00:17 - [TEST_STEP][PASSED] - waitForElementClickable(findTestObject("Olusturma/Genel/TipSecilir/Tip"), 10): Object 'Object Repository/Olusturma/Genel/TipSecilir/Tip' is clickable

2021-11-18 12:00:17 - [MESSAGE][INFO] - Finding Test Object 'Object Repository/Olusturma/Genel/TipSecilir/Tip'

2021-11-18 12:00:17 - [MESSAGE][INFO] - Checking object

2021-11-18 12:00:17 - [MESSAGE][INFO] - Checking timeout

2021-11-18 12:00:17 - [MESSAGE][INFO] - Finding web element from Test Object's properties

2021-11-18 12:00:17 - [MESSAGE][INFO] - Checking timeout

2021-11-18 12:00:17 - [MESSAGE][INFO] - Finding web element with id: 'Object Repository/Olusturma/Genel/TipSecilir/Tip' located by 'By.xpath: //*[@id = 'DocumentTypeCode_I']' in '10' second(s)

2021-11-18 12:00:17 - [MESSAGE][INFO] - Smart Wait Function is triggered

2021-11-18 12:00:17 - [MESSAGE][INFO] - Found 1 web elements with id: 'Object Repository/Olusturma/Genel/TipSecilir/Tip' located by 'By.xpath: //*[@id = 'DocumentTypeCode_I']' in '10' second(s)

2021-11-18 12:00:17 - [MESSAGE][PASSED] - Object 'Object Repository/Olusturma/Genel/TipSecilir/Tip' is clickable

2021-11-18 12:00:17 - [TEST_STEP][PASSED] - click(findTestObject("Olusturma/Genel/TipSecilir/Tip")): Object: 'Object Repository/Olusturma/Genel/TipSecilir/Tip' is clicked on

2021-11-18 12:00:17 - [MESSAGE][INFO] - Finding Test Object 'Object Repository/Olusturma/Genel/TipSecilir/Tip'

2021-11-18 12:00:18 - [MESSAGE][INFO] - Checking object

2021-11-18 12:00:18 - [MESSAGE][INFO] - Finding web element from Test Object's properties

2021-11-18 12:00:18 - [MESSAGE][INFO] - Checking timeout

2021-11-18 12:00:18 - [MESSAGE][INFO] - Finding web element with id: 'Object Repository/Olusturma/Genel/TipSecilir/Tip' located by 'By.xpath: //*[@id = 'DocumentTypeCode_I']' in '30' second(s)

2021-11-18 12:00:18 - [MESSAGE][INFO] - Smart Wait Function is triggered

2021-11-18 12:00:18 - [MESSAGE][INFO] - Found 1 web elements with id: 'Object Repository/Olusturma/Genel/TipSecilir/Tip' located by 'By.xpath: //*[@id = 'DocumentTypeCode_I']' in '30' second(s)

2021-11-18 12:00:18 - [MESSAGE][INFO] - Clicking on object: 'Object Repository/Olusturma/Genel/TipSecilir/Tip'

2021-11-18 12:00:18 - [MESSAGE][PASSED] - Object: 'Object Repository/Olusturma/Genel/TipSecilir/Tip' is clicked on

2021-11-18 12:00:18 - [TEST_STEP][PASSED] - Method.TextDegerineEsitElementeTikla(findTestObject("Object Repository/Olusturma/Genel/TipSecilir/Tip_Adi"), Tip): Method.TextDegerineEsitElementeTikla is PASSED

2021-11-18 12:00:18 - [MESSAGE][INFO] - Finding Test Object 'Object Repository/Olusturma/Genel/TipSecilir/Tip_Adi'

2021-11-18 12:00:18 - [MESSAGE][INFO] - Checking timeout

2021-11-18 12:00:18 - [MESSAGE][INFO] - Finding web element with id: 'Object Repository/Olusturma/Genel/TipSecilir/Tip_Adi' located by 'By.cssSelector: #DocumentTypeCode_DDD_L_LBT td' in '10' second(s)

2021-11-18 12:00:18 - [MESSAGE][INFO] - Smart Wait Function is triggered

2021-11-18 12:00:18 - [MESSAGE][INFO] - Found 9 web elements with id: 'Object Repository/Olusturma/Genel/TipSecilir/Tip_Adi' located by 'By.cssSelector: #DocumentTypeCode_DDD_L_LBT td' in '10' second(s)

2021-11-18 12:00:18 - [MESSAGE][PASSED] - Method.TextDegerineEsitElementeTikla is PASSED

2021-11-18 12:00:18 - [MESSAGE][PASSED] - Call Test Case 'Test Cases/Olusturma/Genel/TipSecilir' successfully

2021-11-18 12:00:18 - [MESSAGE][INFO] - Checking called Test Case

2021-11-18 12:00:18 - [MESSAGE][INFO] - Starting to call Test Case 'Test Cases/Olusturma/Genel/DokumanParaBirimiSecilir'

2021-11-18 12:00:18 - [TEST_CASE][PASSED] - Test Cases/Olusturma/Genel/DokumanParaBirimiSecilir: Test Cases/Olusturma/Genel/DokumanParaBirimiSecilir

2021-11-18 12:00:18 - [TEST_STEP][PASSED] - waitForElementClickable(findTestObject("Object Repository/Olusturma/Genel/DokumanParaBirimiSecilir/Para"), 10): Object 'Object Repository/Olusturma/Genel/DokumanParaBirimiSecilir/Para' is clickable

2021-11-18 12:00:18 - [MESSAGE][INFO] - Finding Test Object 'Object Repository/Olusturma/Genel/DokumanParaBirimiSecilir/Para'

2021-11-18 12:00:18 - [MESSAGE][INFO] - Checking object

2021-11-18 12:00:18 - [MESSAGE][INFO] - Checking timeout

2021-11-18 12:00:18 - [MESSAGE][INFO] - Finding web element from Test Object's properties

2021-11-18 12:00:18 - [MESSAGE][INFO] - Checking timeout

2021-11-18 12:00:18 - [MESSAGE][INFO] - Finding web element with id: 'Object Repository/Olusturma/Genel/DokumanParaBirimiSecilir/Para' located by 'By.xpath: //*[@id = 'CurrencyUnit_I']' in '10' second(s)

2021-11-18 12:00:18 - [MESSAGE][INFO] - Smart Wait Function is triggered

2021-11-18 12:00:20 - [MESSAGE][INFO] - Found 1 web elements with id: 'Object Repository/Olusturma/Genel/DokumanParaBirimiSecilir/Para' located by 'By.xpath: //*[@id = 'CurrencyUnit_I']' in '10' second(s)

2021-11-18 12:00:20 - [MESSAGE][PASSED] - Object 'Object Repository/Olusturma/Genel/DokumanParaBirimiSecilir/Para' is clickable

2021-11-18 12:00:20 - [TEST_STEP][PASSED] - click(findTestObject("Object Repository/Olusturma/Genel/DokumanParaBirimiSecilir/Para")): Object: 'Object Repository/Olusturma/Genel/DokumanParaBirimiSecilir/Para' is clicked on

2021-11-18 12:00:20 - [MESSAGE][INFO] - Finding Test Object 'Object Repository/Olusturma/Genel/DokumanParaBirimiSecilir/Para'

2021-11-18 12:00:20 - [MESSAGE][INFO] - Checking object

2021-11-18 12:00:20 - [MESSAGE][INFO] - Finding web element from Test Object's properties

2021-11-18 12:00:20 - [MESSAGE][INFO] - Checking timeout

2021-11-18 12:00:20 - [MESSAGE][INFO] - Finding web element with id: 'Object Repository/Olusturma/Genel/DokumanParaBirimiSecilir/Para' located by 'By.xpath: //*[@id = 'CurrencyUnit_I']' in '30' second(s)

2021-11-18 12:00:20 - [MESSAGE][INFO] - Smart Wait Function is triggered

2021-11-18 12:00:20 - [MESSAGE][INFO] - Found 1 web elements with id: 'Object Repository/Olusturma/Genel/DokumanParaBirimiSecilir/Para' located by 'By.xpath: //*[@id = 'CurrencyUnit_I']' in '30' second(s)

2021-11-18 12:00:20 - [MESSAGE][INFO] - Clicking on object: 'Object Repository/Olusturma/Genel/DokumanParaBirimiSecilir/Para'

2021-11-18 12:00:20 - [MESSAGE][PASSED] - Object: 'Object Repository/Olusturma/Genel/DokumanParaBirimiSecilir/Para' is clicked on

2021-11-18 12:00:20 - [TEST_STEP][PASSED] - Method.TextDegerineEsitElementeTikla(findTestObject("Object Repository/Olusturma/Genel/DokumanParaBirimiSecilir/Para_Adi"), Para): Method.TextDegerineEsitElementeTikla is PASSED

2021-11-18 12:00:20 - [MESSAGE][INFO] - Finding Test Object 'Object Repository/Olusturma/Genel/DokumanParaBirimiSecilir/Para_Adi'

2021-11-18 12:00:21 - [MESSAGE][INFO] - Checking timeout

2021-11-18 12:00:21 - [MESSAGE][INFO] - Finding web element with id: 'Object Repository/Olusturma/Genel/DokumanParaBirimiSecilir/Para_Adi' located by 'By.cssSelector: #CurrencyUnit_DDD_L_LBT td' in '10' second(s)

2021-11-18 12:00:21 - [MESSAGE][INFO] - Smart Wait Function is triggered

2021-11-18 12:00:21 - [MESSAGE][INFO] - Found 203 web elements with id: 'Object Repository/Olusturma/Genel/DokumanParaBirimiSecilir/Para_Adi' located by 'By.cssSelector: #CurrencyUnit_DDD_L_LBT td' in '10' second(s)

2021-11-18 12:00:26 - [MESSAGE][PASSED] - Method.TextDegerineEsitElementeTikla is PASSED

2021-11-18 12:00:26 - [MESSAGE][PASSED] - Call Test Case 'Test Cases/Olusturma/Genel/DokumanParaBirimiSecilir' successfully

2021-11-18 12:00:26 - [MESSAGE][INFO] - Checking called Test Case

2021-11-18 12:00:26 - [MESSAGE][INFO] - Starting to call Test Case 'Test Cases/Olusturma/Genel/OnEkSecilir'

2021-11-18 12:00:26 - [TEST_CASE][PASSED] - Test Cases/Olusturma/Genel/OnEkSecilir: Test Cases/Olusturma/Genel/OnEkSecilir

2021-11-18 12:00:26 - [TEST_STEP][PASSED] - waitForElementClickable(findTestObject("Object Repository/Olusturma/Genel/OnEkSecilir/OnEk"), 10): Object 'Object Repository/Olusturma/Genel/OnEkSecilir/OnEk' is clickable

2021-11-18 12:00:26 - [MESSAGE][INFO] - Finding Test Object 'Object Repository/Olusturma/Genel/OnEkSecilir/OnEk'

2021-11-18 12:00:26 - [MESSAGE][INFO] - Checking object

2021-11-18 12:00:26 - [MESSAGE][INFO] - Checking timeout

2021-11-18 12:00:26 - [MESSAGE][INFO] - Finding web element from Test Object's properties

2021-11-18 12:00:26 - [MESSAGE][INFO] - Checking timeout

2021-11-18 12:00:26 - [MESSAGE][INFO] - Finding web element with id: 'Object Repository/Olusturma/Genel/OnEkSecilir/OnEk' located by 'By.xpath: //*[@id = 'InvoicePrefix_I']' in '10' second(s)

2021-11-18 12:00:26 - [MESSAGE][INFO] - Smart Wait Function is triggered

2021-11-18 12:00:26 - [MESSAGE][INFO] - Found 1 web elements with id: 'Object Repository/Olusturma/Genel/OnEkSecilir/OnEk' located by 'By.xpath: //*[@id = 'InvoicePrefix_I']' in '10' second(s)

2021-11-18 12:00:26 - [MESSAGE][PASSED] - Object 'Object Repository/Olusturma/Genel/OnEkSecilir/OnEk' is clickable

2021-11-18 12:00:26 - [TEST_STEP][PASSED] - click(findTestObject("Object Repository/Olusturma/Genel/OnEkSecilir/OnEk")): Object: 'Object Repository/Olusturma/Genel/OnEkSecilir/OnEk' is clicked on

2021-11-18 12:00:26 - [MESSAGE][INFO] - Finding Test Object 'Object Repository/Olusturma/Genel/OnEkSecilir/OnEk'

2021-11-18 12:00:26 - [MESSAGE][INFO] - Checking object

2021-11-18 12:00:26 - [MESSAGE][INFO] - Finding web element from Test Object's properties

2021-11-18 12:00:26 - [MESSAGE][INFO] - Checking timeout

2021-11-18 12:00:26 - [MESSAGE][INFO] - Finding web element with id: 'Object Repository/Olusturma/Genel/OnEkSecilir/OnEk' located by 'By.xpath: //*[@id = 'InvoicePrefix_I']' in '30' second(s)

2021-11-18 12:00:26 - [MESSAGE][INFO] - Smart Wait Function is triggered

2021-11-18 12:00:26 - [MESSAGE][INFO] - Found 1 web elements with id: 'Object Repository/Olusturma/Genel/OnEkSecilir/OnEk' located by 'By.xpath: //*[@id = 'InvoicePrefix_I']' in '30' second(s)

2021-11-18 12:00:26 - [MESSAGE][INFO] - Clicking on object: 'Object Repository/Olusturma/Genel/OnEkSecilir/OnEk'

2021-11-18 12:00:26 - [MESSAGE][PASSED] - Object: 'Object Repository/Olusturma/Genel/OnEkSecilir/OnEk' is clicked on

2021-11-18 12:00:26 - [TEST_STEP][PASSED] - Method.TextDegerineEsitElementeTiklaEquals(findTestObject("Object Repository/Olusturma/Genel/OnEkSecilir/OnEkAdi"), Ek): Method.TextDegerineEsitElementeTiklaEquals is PASSED

2021-11-18 12:00:26 - [MESSAGE][INFO] - Finding Test Object 'Object Repository/Olusturma/Genel/OnEkSecilir/OnEkAdi'

2021-11-18 12:00:27 - [MESSAGE][INFO] - Checking timeout

2021-11-18 12:00:27 - [MESSAGE][INFO] - Finding web element with id: 'Object Repository/Olusturma/Genel/OnEkSecilir/OnEkAdi' located by 'By.cssSelector: #InvoicePrefix_DDD_L_LBT td' in '10' second(s)

2021-11-18 12:00:27 - [MESSAGE][INFO] - Smart Wait Function is triggered

2021-11-18 12:00:27 - [MESSAGE][INFO] - Found 1 web elements with id: 'Object Repository/Olusturma/Genel/OnEkSecilir/OnEkAdi' located by 'By.cssSelector: #InvoicePrefix_DDD_L_LBT td' in '10' second(s)

2021-11-18 12:00:27 - [MESSAGE][PASSED] - Method.TextDegerineEsitElementeTiklaEquals is PASSED

2021-11-18 12:00:27 - [MESSAGE][PASSED] - Call Test Case 'Test Cases/Olusturma/Genel/OnEkSecilir' successfully

2021-11-18 12:00:27 - [MESSAGE][INFO] - Checking called Test Case

2021-11-18 12:00:27 - [MESSAGE][INFO] - Starting to call Test Case 'Test Cases/Olusturma/Genel/TasarimSecilir'

2021-11-18 12:00:27 - [TEST_CASE][PASSED] - Test Cases/Olusturma/Genel/TasarimSecilir: Test Cases/Olusturma/Genel/TasarimSecilir

2021-11-18 12:00:27 - [TEST_STEP][PASSED] - waitForElementClickable(findTestObject("Object Repository/Olusturma/Genel/TasarimSecilir/Tasarim"), 10): Object 'Object Repository/Olusturma/Genel/TasarimSecilir/Tasarim' is clickable

2021-11-18 12:00:27 - [MESSAGE][INFO] - Finding Test Object 'Object Repository/Olusturma/Genel/TasarimSecilir/Tasarim'

2021-11-18 12:00:27 - [MESSAGE][INFO] - Checking object

2021-11-18 12:00:27 - [MESSAGE][INFO] - Checking timeout

2021-11-18 12:00:27 - [MESSAGE][INFO] - Finding web element from Test Object's properties

2021-11-18 12:00:27 - [MESSAGE][INFO] - Checking timeout

2021-11-18 12:00:27 - [MESSAGE][INFO] - Finding web element with id: 'Object Repository/Olusturma/Genel/TasarimSecilir/Tasarim' located by 'By.xpath: //*[@id = 'DesignId_I']' in '10' second(s)

2021-11-18 12:00:27 - [MESSAGE][INFO] - Smart Wait Function is triggered

2021-11-18 12:00:27 - [MESSAGE][INFO] - Found 1 web elements with id: 'Object Repository/Olusturma/Genel/TasarimSecilir/Tasarim' located by 'By.xpath: //*[@id = 'DesignId_I']' in '10' second(s)

2021-11-18 12:00:27 - [MESSAGE][PASSED] - Object 'Object Repository/Olusturma/Genel/TasarimSecilir/Tasarim' is clickable

2021-11-18 12:00:27 - [TEST_STEP][PASSED] - click(findTestObject("Object Repository/Olusturma/Genel/TasarimSecilir/Tasarim")): Object: 'Object Repository/Olusturma/Genel/TasarimSecilir/Tasarim' is clicked on

2021-11-18 12:00:27 - [MESSAGE][INFO] - Finding Test Object 'Object Repository/Olusturma/Genel/TasarimSecilir/Tasarim'

2021-11-18 12:00:27 - [MESSAGE][INFO] - Checking object

2021-11-18 12:00:27 - [MESSAGE][INFO] - Finding web element from Test Object's properties

2021-11-18 12:00:27 - [MESSAGE][INFO] - Checking timeout

2021-11-18 12:00:27 - [MESSAGE][INFO] - Finding web element with id: 'Object Repository/Olusturma/Genel/TasarimSecilir/Tasarim' located by 'By.xpath: //*[@id = 'DesignId_I']' in '30' second(s)

2021-11-18 12:00:27 - [MESSAGE][INFO] - Smart Wait Function is triggered

2021-11-18 12:00:28 - [MESSAGE][INFO] - Found 1 web elements with id: 'Object Repository/Olusturma/Genel/TasarimSecilir/Tasarim' located by 'By.xpath: //*[@id = 'DesignId_I']' in '30' second(s)

2021-11-18 12:00:28 - [MESSAGE][INFO] - Clicking on object: 'Object Repository/Olusturma/Genel/TasarimSecilir/Tasarim'

2021-11-18 12:00:28 - [MESSAGE][PASSED] - Object: 'Object Repository/Olusturma/Genel/TasarimSecilir/Tasarim' is clicked on

2021-11-18 12:00:28 - [TEST_STEP][PASSED] - Method.TextDegerineEsitElementeTikla(findTestObject("Object Repository/Olusturma/Genel/TasarimSecilir/Tasarim_Adi"), Tasarim): Method.TextDegerineEsitElementeTikla is PASSED

2021-11-18 12:00:28 - [MESSAGE][INFO] - Finding Test Object 'Object Repository/Olusturma/Genel/TasarimSecilir/Tasarim_Adi'

2021-11-18 12:00:28 - [MESSAGE][INFO] - Checking timeout

2021-11-18 12:00:28 - [MESSAGE][INFO] - Finding web element with id: 'Object Repository/Olusturma/Genel/TasarimSecilir/Tasarim_Adi' located by 'By.cssSelector: #DesignId_DDD_L_LBT td' in '10' second(s)

2021-11-18 12:00:28 - [MESSAGE][INFO] - Smart Wait Function is triggered

2021-11-18 12:00:28 - [MESSAGE][INFO] - Found 1 web elements with id: 'Object Repository/Olusturma/Genel/TasarimSecilir/Tasarim_Adi' located by 'By.cssSelector: #DesignId_DDD_L_LBT td' in '10' second(s)

2021-11-18 12:00:28 - [MESSAGE][PASSED] - Method.TextDegerineEsitElementeTikla is PASSED

2021-11-18 12:00:28 - [MESSAGE][PASSED] - Call Test Case 'Test Cases/Olusturma/Genel/TasarimSecilir' successfully

2021-11-18 12:00:28 - [MESSAGE][INFO] - Checking called Test Case

2021-11-18 12:00:28 - [MESSAGE][INFO] - Starting to call Test Case 'Test Cases/Olusturma/Genel/Kutular/SiparisBilgileriGirilir'

2021-11-18 12:00:28 - [TEST_CASE][PASSED] - Test Cases/Olusturma/Genel/Kutular/SiparisBilgileriGirilir: Test Cases/Olusturma/Genel/Kutular/SiparisBilgileriGirilir

2021-11-18 12:00:28 - [TEST_STEP][PASSED] - Method.TextDegerineEsitElementeTikla(findTestObject("Olusturma/Genel/Kutular/KapaliKutular"), "Sipariş Bilgileri"): Method.TextDegerineEsitElementeTikla is PASSED

2021-11-18 12:00:28 - [MESSAGE][INFO] - Finding Test Object 'Object Repository/Olusturma/Genel/Kutular/KapaliKutular'

2021-11-18 12:00:29 - [MESSAGE][INFO] - Checking timeout

2021-11-18 12:00:29 - [MESSAGE][INFO] - Finding web element with id: 'Object Repository/Olusturma/Genel/Kutular/KapaliKutular' located by 'By.cssSelector: .dxnb-headerCollapsed>span' in '10' second(s)

2021-11-18 12:00:29 - [MESSAGE][INFO] - Smart Wait Function is triggered

2021-11-18 12:00:29 - [MESSAGE][INFO] - Found 8 web elements with id: 'Object Repository/Olusturma/Genel/Kutular/KapaliKutular' located by 'By.cssSelector: .dxnb-headerCollapsed>span' in '10' second(s)

2021-11-18 12:00:29 - [MESSAGE][PASSED] - Method.TextDegerineEsitElementeTikla is PASSED

2021-11-18 12:00:29 - [TEST_STEP][PASSED] - waitForElementPresent(findTestObject("Object Repository/Olusturma/Genel/Kutular/SiparisBilgileri/SiparisNo"), 10): Object 'Object Repository/Olusturma/Genel/Kutular/SiparisBilgileri/SiparisNo' is present

2021-11-18 12:00:29 - [MESSAGE][INFO] - Finding Test Object 'Object Repository/Olusturma/Genel/Kutular/SiparisBilgileri/SiparisNo'

2021-11-18 12:00:29 - [MESSAGE][INFO] - Checking object

2021-11-18 12:00:29 - [MESSAGE][INFO] - Finding web element from Test Object's properties

2021-11-18 12:00:29 - [MESSAGE][INFO] - Checking timeout

2021-11-18 12:00:29 - [MESSAGE][INFO] - Finding web element with id: 'Object Repository/Olusturma/Genel/Kutular/SiparisBilgileri/SiparisNo' located by 'By.xpath: //*[@id = 'txtSiparisNo_I']' in '10' second(s)

2021-11-18 12:00:29 - [MESSAGE][INFO] - Smart Wait Function is triggered

2021-11-18 12:00:29 - [MESSAGE][INFO] - Found 1 web elements with id: 'Object Repository/Olusturma/Genel/Kutular/SiparisBilgileri/SiparisNo' located by 'By.xpath: //*[@id = 'txtSiparisNo_I']' in '10' second(s)

2021-11-18 12:00:29 - [MESSAGE][PASSED] - Object 'Object Repository/Olusturma/Genel/Kutular/SiparisBilgileri/SiparisNo' is present

2021-11-18 12:00:29 - [TEST_STEP][PASSED] - clearText(findTestObject("Object Repository/Olusturma/Genel/Kutular/SiparisBilgileri/SiparisNo")): Text of object 'Object Repository/Olusturma/Genel/Kutular/SiparisBilgileri/SiparisNo' is cleared

2021-11-18 12:00:29 - [MESSAGE][INFO] - Finding Test Object 'Object Repository/Olusturma/Genel/Kutular/SiparisBilgileri/SiparisNo'

2021-11-18 12:00:29 - [MESSAGE][INFO] - Checking object

2021-11-18 12:00:29 - [MESSAGE][INFO] - Finding web element from Test Object's properties

2021-11-18 12:00:29 - [MESSAGE][INFO] - Checking timeout

2021-11-18 12:00:29 - [MESSAGE][INFO] - Finding web element with id: 'Object Repository/Olusturma/Genel/Kutular/SiparisBilgileri/SiparisNo' located by 'By.xpath: //*[@id = 'txtSiparisNo_I']' in '30' second(s)

2021-11-18 12:00:29 - [MESSAGE][INFO] - Smart Wait Function is triggered

2021-11-18 12:00:30 - [MESSAGE][INFO] - Found 1 web elements with id: 'Object Repository/Olusturma/Genel/Kutular/SiparisBilgileri/SiparisNo' located by 'By.xpath: //*[@id = 'txtSiparisNo_I']' in '30' second(s)

2021-11-18 12:00:30 - [MESSAGE][INFO] - Clearing text of object 'Object Repository/Olusturma/Genel/Kutular/SiparisBilgileri/SiparisNo'

2021-11-18 12:00:30 - [MESSAGE][PASSED] - Text of object 'Object Repository/Olusturma/Genel/Kutular/SiparisBilgileri/SiparisNo' is cleared

2021-11-18 12:00:30 - [TEST_STEP][PASSED] - sendKeys(findTestObject("Object Repository/Olusturma/Genel/Kutular/SiparisBilgileri/SiparisNo"), SiparisNo): Keys 'UUC-SAT-1200001' sent to object: 'Object Repository/Olusturma/Genel/Kutular/SiparisBilgileri/SiparisNo'

2021-11-18 12:00:30 - [MESSAGE][INFO] - Finding Test Object 'Object Repository/Olusturma/Genel/Kutular/SiparisBilgileri/SiparisNo'

2021-11-18 12:00:30 - [MESSAGE][INFO] - Sending keys 'UUC-SAT-1200001' to object: 'Object Repository/Olusturma/Genel/Kutular/SiparisBilgileri/SiparisNo'

2021-11-18 12:00:30 - [MESSAGE][INFO] - Finding web element from Test Object's properties

2021-11-18 12:00:30 - [MESSAGE][INFO] - Checking timeout

2021-11-18 12:00:30 - [MESSAGE][INFO] - Finding web element with id: 'Object Repository/Olusturma/Genel/Kutular/SiparisBilgileri/SiparisNo' located by 'By.xpath: //*[@id = 'txtSiparisNo_I']' in '30' second(s)

2021-11-18 12:00:30 - [MESSAGE][INFO] - Smart Wait Function is triggered

2021-11-18 12:00:30 - [MESSAGE][INFO] - Found 1 web elements with id: 'Object Repository/Olusturma/Genel/Kutular/SiparisBilgileri/SiparisNo' located by 'By.xpath: //*[@id = 'txtSiparisNo_I']' in '30' second(s)

2021-11-18 12:00:30 - [MESSAGE][PASSED] - Keys 'UUC-SAT-1200001' sent to object: 'Object Repository/Olusturma/Genel/Kutular/SiparisBilgileri/SiparisNo'

2021-11-18 12:00:30 - [TEST_STEP][PASSED] - waitForElementClickable(findTestObject("Object Repository/Olusturma/Genel/Kutular/SiparisBilgileri/SiparisTarihiImage"), 10): Object 'Object Repository/Olusturma/Genel/Kutular/SiparisBilgileri/SiparisTarihiImage' is clickable

2021-11-18 12:00:30 - [MESSAGE][INFO] - Finding Test Object 'Object Repository/Olusturma/Genel/Kutular/SiparisBilgileri/SiparisTarihiImage'

2021-11-18 12:00:30 - [MESSAGE][INFO] - Checking object

2021-11-18 12:00:30 - [MESSAGE][INFO] - Checking timeout

2021-11-18 12:00:30 - [MESSAGE][INFO] - Finding web element from Test Object's properties

2021-11-18 12:00:30 - [MESSAGE][INFO] - Checking timeout

2021-11-18 12:00:30 - [MESSAGE][INFO] - Finding web element with id: 'Object Repository/Olusturma/Genel/Kutular/SiparisBilgileri/SiparisTarihiImage' located by 'By.cssSelector: #dateSiparisTarih img' in '10' second(s)

2021-11-18 12:00:30 - [MESSAGE][INFO] - Smart Wait Function is triggered

2021-11-18 12:00:31 - [MESSAGE][INFO] - Found 1 web elements with id: 'Object Repository/Olusturma/Genel/Kutular/SiparisBilgileri/SiparisTarihiImage' located by 'By.cssSelector: #dateSiparisTarih img' in '10' second(s)

2021-11-18 12:00:31 - [MESSAGE][PASSED] - Object 'Object Repository/Olusturma/Genel/Kutular/SiparisBilgileri/SiparisTarihiImage' is clickable

2021-11-18 12:00:31 - [TEST_STEP][PASSED] - click(findTestObject("Object Repository/Olusturma/Genel/Kutular/SiparisBilgileri/SiparisTarihiImage")): Object: 'Object Repository/Olusturma/Genel/Kutular/SiparisBilgileri/SiparisTarihiImage' is clicked on

2021-11-18 12:00:31 - [MESSAGE][INFO] - Finding Test Object 'Object Repository/Olusturma/Genel/Kutular/SiparisBilgileri/SiparisTarihiImage'

2021-11-18 12:00:31 - [MESSAGE][INFO] - Checking object

2021-11-18 12:00:31 - [MESSAGE][INFO] - Finding web element from Test Object's properties

2021-11-18 12:00:31 - [MESSAGE][INFO] - Checking timeout

2021-11-18 12:00:31 - [MESSAGE][INFO] - Finding web element with id: 'Object Repository/Olusturma/Genel/Kutular/SiparisBilgileri/SiparisTarihiImage' located by 'By.cssSelector: #dateSiparisTarih img' in '30' second(s)

2021-11-18 12:00:31 - [MESSAGE][INFO] - Smart Wait Function is triggered

2021-11-18 12:00:31 - [MESSAGE][INFO] - Found 1 web elements with id: 'Object Repository/Olusturma/Genel/Kutular/SiparisBilgileri/SiparisTarihiImage' located by 'By.cssSelector: #dateSiparisTarih img' in '30' second(s)

2021-11-18 12:00:31 - [MESSAGE][INFO] - Clicking on object: 'Object Repository/Olusturma/Genel/Kutular/SiparisBilgileri/SiparisTarihiImage'

2021-11-18 12:00:31 - [MESSAGE][PASSED] - Object: 'Object Repository/Olusturma/Genel/Kutular/SiparisBilgileri/SiparisTarihiImage' is clicked on

2021-11-18 12:00:31 - [TEST_STEP][PASSED] - waitForElementPresent(findTestObject("Object Repository/Olusturma/Genel/Kutular/SiparisBilgileri/SiparisTarihi"), 10): Object 'Object Repository/Olusturma/Genel/Kutular/SiparisBilgileri/SiparisTarihi' is present

2021-11-18 12:00:31 - [MESSAGE][INFO] - Finding Test Object 'Object Repository/Olusturma/Genel/Kutular/SiparisBilgileri/SiparisTarihi'

2021-11-18 12:00:31 - [MESSAGE][INFO] - Checking object

2021-11-18 12:00:31 - [MESSAGE][INFO] - Finding web element from Test Object's properties

2021-11-18 12:00:31 - [MESSAGE][INFO] - Checking timeout

2021-11-18 12:00:31 - [MESSAGE][INFO] - Finding web element with id: 'Object Repository/Olusturma/Genel/Kutular/SiparisBilgileri/SiparisTarihi' located by 'By.xpath: //*[@id = 'dateSiparisTarih_I']' in '10' second(s)

2021-11-18 12:00:31 - [MESSAGE][INFO] - Smart Wait Function is triggered

2021-11-18 12:00:32 - [MESSAGE][INFO] - Found 1 web elements with id: 'Object Repository/Olusturma/Genel/Kutular/SiparisBilgileri/SiparisTarihi' located by 'By.xpath: //*[@id = 'dateSiparisTarih_I']' in '10' second(s)

2021-11-18 12:00:32 - [MESSAGE][PASSED] - Object 'Object Repository/Olusturma/Genel/Kutular/SiparisBilgileri/SiparisTarihi' is present

2021-11-18 12:00:32 - [TEST_STEP][PASSED] - clearText(findTestObject("Object Repository/Olusturma/Genel/Kutular/SiparisBilgileri/SiparisTarihi")): Text of object 'Object Repository/Olusturma/Genel/Kutular/SiparisBilgileri/SiparisTarihi' is cleared

2021-11-18 12:00:32 - [MESSAGE][INFO] - Finding Test Object 'Object Repository/Olusturma/Genel/Kutular/SiparisBilgileri/SiparisTarihi'

2021-11-18 12:00:32 - [MESSAGE][INFO] - Checking object

2021-11-18 12:00:32 - [MESSAGE][INFO] - Finding web element from Test Object's properties

2021-11-18 12:00:32 - [MESSAGE][INFO] - Checking timeout

2021-11-18 12:00:32 - [MESSAGE][INFO] - Finding web element with id: 'Object Repository/Olusturma/Genel/Kutular/SiparisBilgileri/SiparisTarihi' located by 'By.xpath: //*[@id = 'dateSiparisTarih_I']' in '30' second(s)

2021-11-18 12:00:32 - [MESSAGE][INFO] - Smart Wait Function is triggered

2021-11-18 12:00:32 - [MESSAGE][INFO] - Found 1 web elements with id: 'Object Repository/Olusturma/Genel/Kutular/SiparisBilgileri/SiparisTarihi' located by 'By.xpath: //*[@id = 'dateSiparisTarih_I']' in '30' second(s)

2021-11-18 12:00:32 - [MESSAGE][INFO] - Clearing text of object 'Object Repository/Olusturma/Genel/Kutular/SiparisBilgileri/SiparisTarihi'

2021-11-18 12:00:32 - [MESSAGE][PASSED] - Text of object 'Object Repository/Olusturma/Genel/Kutular/SiparisBilgileri/SiparisTarihi' is cleared

2021-11-18 12:00:32 - [TEST_STEP][PASSED] - sendKeys(findTestObject("Object Repository/Olusturma/Genel/Kutular/SiparisBilgileri/SiparisTarihi"), Tarih): Keys '31.04.2020' sent to object: 'Object Repository/Olusturma/Genel/Kutular/SiparisBilgileri/SiparisTarihi'

2021-11-18 12:00:32 - [MESSAGE][INFO] - Finding Test Object 'Object Repository/Olusturma/Genel/Kutular/SiparisBilgileri/SiparisTarihi'

2021-11-18 12:00:32 - [MESSAGE][INFO] - Sending keys '31.04.2020' to object: 'Object Repository/Olusturma/Genel/Kutular/SiparisBilgileri/SiparisTarihi'

2021-11-18 12:00:32 - [MESSAGE][INFO] - Finding web element from Test Object's properties

2021-11-18 12:00:32 - [MESSAGE][INFO] - Checking timeout

2021-11-18 12:00:32 - [MESSAGE][INFO] - Finding web element with id: 'Object Repository/Olusturma/Genel/Kutular/SiparisBilgileri/SiparisTarihi' located by 'By.xpath: //*[@id = 'dateSiparisTarih_I']' in '30' second(s)

2021-11-18 12:00:32 - [MESSAGE][INFO] - Smart Wait Function is triggered

2021-11-18 12:00:33 - [MESSAGE][INFO] - Found 1 web elements with id: 'Object Repository/Olusturma/Genel/Kutular/SiparisBilgileri/SiparisTarihi' located by 'By.xpath: //*[@id = 'dateSiparisTarih_I']' in '30' second(s)

2021-11-18 12:00:33 - [MESSAGE][PASSED] - Keys '31.04.2020' sent to object: 'Object Repository/Olusturma/Genel/Kutular/SiparisBilgileri/SiparisTarihi'

2021-11-18 12:00:33 - [MESSAGE][PASSED] - Call Test Case 'Test Cases/Olusturma/Genel/Kutular/SiparisBilgileriGirilir' successfully

2021-11-18 12:00:33 - [MESSAGE][INFO] - Checking called Test Case

2021-11-18 12:00:33 - [MESSAGE][INFO] - Starting to call Test Case 'Test Cases/Olusturma/Genel/Kutular/IrsaliyeBilgileri'

2021-11-18 12:00:33 - [TEST_CASE][PASSED] - Test Cases/Olusturma/Genel/Kutular/IrsaliyeBilgileri: Test Cases/Olusturma/Genel/Kutular/IrsaliyeBilgileri

2021-11-18 12:00:33 - [TEST_STEP][PASSED] - Method.TextDegerineEsitElementeTikla(findTestObject("Olusturma/Genel/Kutular/KapaliKutular"), "İrsaliye Bilgileri"): Method.TextDegerineEsitElementeTikla is PASSED

2021-11-18 12:00:33 - [MESSAGE][INFO] - Finding Test Object 'Object Repository/Olusturma/Genel/Kutular/KapaliKutular'

2021-11-18 12:00:33 - [MESSAGE][INFO] - Checking timeout

2021-11-18 12:00:33 - [MESSAGE][INFO] - Finding web element with id: 'Object Repository/Olusturma/Genel/Kutular/KapaliKutular' located by 'By.cssSelector: .dxnb-headerCollapsed>span' in '10' second(s)

2021-11-18 12:00:33 - [MESSAGE][INFO] - Smart Wait Function is triggered

2021-11-18 12:00:33 - [MESSAGE][INFO] - Found 8 web elements with id: 'Object Repository/Olusturma/Genel/Kutular/KapaliKutular' located by 'By.cssSelector: .dxnb-headerCollapsed>span' in '10' second(s)

2021-11-18 12:00:33 - [MESSAGE][PASSED] - Method.TextDegerineEsitElementeTikla is PASSED

2021-11-18 12:00:33 - [TEST_STEP][PASSED] - waitForElementClickable(findTestObject("Olusturma/Genel/Kutular/IrsaliyeBilgileri/Ekle"), 10): Object 'Object Repository/Olusturma/Genel/Kutular/IrsaliyeBilgileri/Ekle' is clickable

2021-11-18 12:00:33 - [MESSAGE][INFO] - Finding Test Object 'Object Repository/Olusturma/Genel/Kutular/IrsaliyeBilgileri/Ekle'

2021-11-18 12:00:33 - [MESSAGE][INFO] - Checking object

2021-11-18 12:00:33 - [MESSAGE][INFO] - Checking timeout

2021-11-18 12:00:33 - [MESSAGE][INFO] - Finding web element from Test Object's properties

2021-11-18 12:00:33 - [MESSAGE][INFO] - Checking timeout

2021-11-18 12:00:33 - [MESSAGE][INFO] - Finding web element with id: 'Object Repository/Olusturma/Genel/Kutular/IrsaliyeBilgileri/Ekle' located by 'By.xpath: //*[@id = 'DXEditorgvUserInvoiceBillsNewRowBtn']' in '10' second(s)

2021-11-18 12:00:33 - [MESSAGE][INFO] - Smart Wait Function is triggered

2021-11-18 12:00:34 - [MESSAGE][INFO] - Found 1 web elements with id: 'Object Repository/Olusturma/Genel/Kutular/IrsaliyeBilgileri/Ekle' located by 'By.xpath: //*[@id = 'DXEditorgvUserInvoiceBillsNewRowBtn']' in '10' second(s)

2021-11-18 12:00:34 - [MESSAGE][PASSED] - Object 'Object Repository/Olusturma/Genel/Kutular/IrsaliyeBilgileri/Ekle' is clickable

2021-11-18 12:00:34 - [TEST_STEP][PASSED] - click(findTestObject("Olusturma/Genel/Kutular/IrsaliyeBilgileri/Ekle")): Object: 'Object Repository/Olusturma/Genel/Kutular/IrsaliyeBilgileri/Ekle' is clicked on

2021-11-18 12:00:34 - [MESSAGE][INFO] - Finding Test Object 'Object Repository/Olusturma/Genel/Kutular/IrsaliyeBilgileri/Ekle'

2021-11-18 12:00:34 - [MESSAGE][INFO] - Checking object

2021-11-18 12:00:34 - [MESSAGE][INFO] - Finding web element from Test Object's properties

2021-11-18 12:00:34 - [MESSAGE][INFO] - Checking timeout

2021-11-18 12:00:34 - [MESSAGE][INFO] - Finding web element with id: 'Object Repository/Olusturma/Genel/Kutular/IrsaliyeBilgileri/Ekle' located by 'By.xpath: //*[@id = 'DXEditorgvUserInvoiceBillsNewRowBtn']' in '30' second(s)

2021-11-18 12:00:34 - [MESSAGE][INFO] - Smart Wait Function is triggered

2021-11-18 12:00:34 - [MESSAGE][INFO] - Found 1 web elements with id: 'Object Repository/Olusturma/Genel/Kutular/IrsaliyeBilgileri/Ekle' located by 'By.xpath: //*[@id = 'DXEditorgvUserInvoiceBillsNewRowBtn']' in '30' second(s)

2021-11-18 12:00:34 - [MESSAGE][INFO] - Clicking on object: 'Object Repository/Olusturma/Genel/Kutular/IrsaliyeBilgileri/Ekle'

2021-11-18 12:00:34 - [MESSAGE][PASSED] - Object: 'Object Repository/Olusturma/Genel/Kutular/IrsaliyeBilgileri/Ekle' is clicked on

2021-11-18 12:00:34 - [TEST_STEP][PASSED] - waitForElementPresent(findTestObject("Object Repository/Olusturma/Genel/Kutular/IrsaliyeBilgileri/IrsaliyeNumarasi"), 10): Object 'Object Repository/Olusturma/Genel/Kutular/IrsaliyeBilgileri/IrsaliyeNumarasi' is present

2021-11-18 12:00:34 - [MESSAGE][INFO] - Finding Test Object 'Object Repository/Olusturma/Genel/Kutular/IrsaliyeBilgileri/IrsaliyeNumarasi'

2021-11-18 12:00:34 - [MESSAGE][INFO] - Checking object

2021-11-18 12:00:34 - [MESSAGE][INFO] - Finding web element from Test Object's properties

2021-11-18 12:00:34 - [MESSAGE][INFO] - Checking timeout

2021-11-18 12:00:34 - [MESSAGE][INFO] - Finding web element with id: 'Object Repository/Olusturma/Genel/Kutular/IrsaliyeBilgileri/IrsaliyeNumarasi' located by 'By.xpath: //*[@id = 'gvUserInvoiceBills_DXEditor1_I']' in '10' second(s)

2021-11-18 12:00:34 - [MESSAGE][INFO] - Smart Wait Function is triggered

2021-11-18 12:00:34 - [MESSAGE][INFO] - Smart Wait Function is triggered

2021-11-18 12:00:35 - [MESSAGE][INFO] - Found 1 web elements with id: 'Object Repository/Olusturma/Genel/Kutular/IrsaliyeBilgileri/IrsaliyeNumarasi' located by 'By.xpath: //*[@id = 'gvUserInvoiceBills_DXEditor1_I']' in '10' second(s)

2021-11-18 12:00:35 - [MESSAGE][PASSED] - Object 'Object Repository/Olusturma/Genel/Kutular/IrsaliyeBilgileri/IrsaliyeNumarasi' is present

2021-11-18 12:00:35 - [TEST_STEP][PASSED] - clearText(findTestObject("Object Repository/Olusturma/Genel/Kutular/IrsaliyeBilgileri/IrsaliyeNumarasi")): Text of object 'Object Repository/Olusturma/Genel/Kutular/IrsaliyeBilgileri/IrsaliyeNumarasi' is cleared

2021-11-18 12:00:35 - [MESSAGE][INFO] - Finding Test Object 'Object Repository/Olusturma/Genel/Kutular/IrsaliyeBilgileri/IrsaliyeNumarasi'

2021-11-18 12:00:35 - [MESSAGE][INFO] - Checking object

2021-11-18 12:00:35 - [MESSAGE][INFO] - Finding web element from Test Object's properties

2021-11-18 12:00:35 - [MESSAGE][INFO] - Checking timeout

2021-11-18 12:00:35 - [MESSAGE][INFO] - Finding web element with id: 'Object Repository/Olusturma/Genel/Kutular/IrsaliyeBilgileri/IrsaliyeNumarasi' located by 'By.xpath: //*[@id = 'gvUserInvoiceBills_DXEditor1_I']' in '30' second(s)

2021-11-18 12:00:35 - [MESSAGE][INFO] - Smart Wait Function is triggered

2021-11-18 12:00:36 - [MESSAGE][INFO] - Found 1 web elements with id: 'Object Repository/Olusturma/Genel/Kutular/IrsaliyeBilgileri/IrsaliyeNumarasi' located by 'By.xpath: //*[@id = 'gvUserInvoiceBills_DXEditor1_I']' in '30' second(s)

2021-11-18 12:00:36 - [MESSAGE][INFO] - Clearing text of object 'Object Repository/Olusturma/Genel/Kutular/IrsaliyeBilgileri/IrsaliyeNumarasi'

2021-11-18 12:00:36 - [MESSAGE][PASSED] - Text of object 'Object Repository/Olusturma/Genel/Kutular/IrsaliyeBilgileri/IrsaliyeNumarasi' is cleared

2021-11-18 12:00:36 - [TEST_STEP][PASSED] - sendKeys(findTestObject("Object Repository/Olusturma/Genel/Kutular/IrsaliyeBilgileri/IrsaliyeNumarasi"), Numara): Keys 'AAAAAAAAAA' sent to object: 'Object Repository/Olusturma/Genel/Kutular/IrsaliyeBilgileri/IrsaliyeNumarasi'

2021-11-18 12:00:36 - [MESSAGE][INFO] - Finding Test Object 'Object Repository/Olusturma/Genel/Kutular/IrsaliyeBilgileri/IrsaliyeNumarasi'

2021-11-18 12:00:36 - [MESSAGE][INFO] - Sending keys 'AAAAAAAAAA' to object: 'Object Repository/Olusturma/Genel/Kutular/IrsaliyeBilgileri/IrsaliyeNumarasi'

2021-11-18 12:00:36 - [MESSAGE][INFO] - Finding web element from Test Object's properties

2021-11-18 12:00:36 - [MESSAGE][INFO] - Checking timeout

2021-11-18 12:00:36 - [MESSAGE][INFO] - Finding web element with id: 'Object Repository/Olusturma/Genel/Kutular/IrsaliyeBilgileri/IrsaliyeNumarasi' located by 'By.xpath: //*[@id = 'gvUserInvoiceBills_DXEditor1_I']' in '30' second(s)

2021-11-18 12:00:36 - [MESSAGE][INFO] - Smart Wait Function is triggered

2021-11-18 12:00:36 - [MESSAGE][INFO] - Found 1 web elements with id: 'Object Repository/Olusturma/Genel/Kutular/IrsaliyeBilgileri/IrsaliyeNumarasi' located by 'By.xpath: //*[@id = 'gvUserInvoiceBills_DXEditor1_I']' in '30' second(s)

2021-11-18 12:00:36 - [MESSAGE][PASSED] - Keys 'AAAAAAAAAA' sent to object: 'Object Repository/Olusturma/Genel/Kutular/IrsaliyeBilgileri/IrsaliyeNumarasi'

2021-11-18 12:00:36 - [TEST_STEP][PASSED] - waitForElementClickable(findTestObject("Object Repository/Olusturma/Genel/Kutular/IrsaliyeBilgileri/IrsaliyeTarihi"), 10): Object 'Object Repository/Olusturma/Genel/Kutular/IrsaliyeBilgileri/IrsaliyeTarihi' is clickable

2021-11-18 12:00:36 - [MESSAGE][INFO] - Finding Test Object 'Object Repository/Olusturma/Genel/Kutular/IrsaliyeBilgileri/IrsaliyeTarihi'

2021-11-18 12:00:36 - [MESSAGE][INFO] - Checking object

2021-11-18 12:00:36 - [MESSAGE][INFO] - Checking timeout

2021-11-18 12:00:36 - [MESSAGE][INFO] - Finding web element from Test Object's properties

2021-11-18 12:00:36 - [MESSAGE][INFO] - Checking timeout

2021-11-18 12:00:36 - [MESSAGE][INFO] - Finding web element with id: 'Object Repository/Olusturma/Genel/Kutular/IrsaliyeBilgileri/IrsaliyeTarihi' located by 'By.xpath: //*[@id = 'gvUserInvoiceBills_DXEditor2_I']' in '10' second(s)

2021-11-18 12:00:36 - [MESSAGE][INFO] - Smart Wait Function is triggered

2021-11-18 12:00:37 - [MESSAGE][INFO] - Found 1 web elements with id: 'Object Repository/Olusturma/Genel/Kutular/IrsaliyeBilgileri/IrsaliyeTarihi' located by 'By.xpath: //*[@id = 'gvUserInvoiceBills_DXEditor2_I']' in '10' second(s)

2021-11-18 12:00:37 - [MESSAGE][PASSED] - Object 'Object Repository/Olusturma/Genel/Kutular/IrsaliyeBilgileri/IrsaliyeTarihi' is clickable

2021-11-18 12:00:37 - [TEST_STEP][PASSED] - click(findTestObject("Object Repository/Olusturma/Genel/Kutular/IrsaliyeBilgileri/IrsaliyeTarihi")): Object: 'Object Repository/Olusturma/Genel/Kutular/IrsaliyeBilgileri/IrsaliyeTarihi' is clicked on

2021-11-18 12:00:37 - [MESSAGE][INFO] - Finding Test Object 'Object Repository/Olusturma/Genel/Kutular/IrsaliyeBilgileri/IrsaliyeTarihi'

2021-11-18 12:00:37 - [MESSAGE][INFO] - Checking object

2021-11-18 12:00:37 - [MESSAGE][INFO] - Finding web element from Test Object's properties

2021-11-18 12:00:37 - [MESSAGE][INFO] - Checking timeout

2021-11-18 12:00:37 - [MESSAGE][INFO] - Finding web element with id: 'Object Repository/Olusturma/Genel/Kutular/IrsaliyeBilgileri/IrsaliyeTarihi' located by 'By.xpath: //*[@id = 'gvUserInvoiceBills_DXEditor2_I']' in '30' second(s)

2021-11-18 12:00:37 - [MESSAGE][INFO] - Smart Wait Function is triggered

2021-11-18 12:00:37 - [MESSAGE][INFO] - Found 1 web elements with id: 'Object Repository/Olusturma/Genel/Kutular/IrsaliyeBilgileri/IrsaliyeTarihi' located by 'By.xpath: //*[@id = 'gvUserInvoiceBills_DXEditor2_I']' in '30' second(s)

2021-11-18 12:00:37 - [MESSAGE][INFO] - Clicking on object: 'Object Repository/Olusturma/Genel/Kutular/IrsaliyeBilgileri/IrsaliyeTarihi'

2021-11-18 12:00:37 - [MESSAGE][PASSED] - Object: 'Object Repository/Olusturma/Genel/Kutular/IrsaliyeBilgileri/IrsaliyeTarihi' is clicked on

2021-11-18 12:00:37 - [TEST_STEP][PASSED] - sendKeys(findTestObject("Object Repository/Olusturma/Genel/Kutular/IrsaliyeBilgileri/IrsaliyeTarihi"), Tarih): Keys '31.04.2020' sent to object: 'Object Repository/Olusturma/Genel/Kutular/IrsaliyeBilgileri/IrsaliyeTarihi'

2021-11-18 12:00:37 - [MESSAGE][INFO] - Finding Test Object 'Object Repository/Olusturma/Genel/Kutular/IrsaliyeBilgileri/IrsaliyeTarihi'

2021-11-18 12:00:37 - [MESSAGE][INFO] - Sending keys '31.04.2020' to object: 'Object Repository/Olusturma/Genel/Kutular/IrsaliyeBilgileri/IrsaliyeTarihi'

2021-11-18 12:00:37 - [MESSAGE][INFO] - Finding web element from Test Object's properties

2021-11-18 12:00:37 - [MESSAGE][INFO] - Checking timeout

2021-11-18 12:00:37 - [MESSAGE][INFO] - Finding web element with id: 'Object Repository/Olusturma/Genel/Kutular/IrsaliyeBilgileri/IrsaliyeTarihi' located by 'By.xpath: //*[@id = 'gvUserInvoiceBills_DXEditor2_I']' in '30' second(s)

2021-11-18 12:00:37 - [MESSAGE][INFO] - Smart Wait Function is triggered

2021-11-18 12:00:37 - [MESSAGE][INFO] - Found 1 web elements with id: 'Object Repository/Olusturma/Genel/Kutular/IrsaliyeBilgileri/IrsaliyeTarihi' located by 'By.xpath: //*[@id = 'gvUserInvoiceBills_DXEditor2_I']' in '30' second(s)

2021-11-18 12:00:37 - [MESSAGE][PASSED] - Keys '31.04.2020' sent to object: 'Object Repository/Olusturma/Genel/Kutular/IrsaliyeBilgileri/IrsaliyeTarihi'

2021-11-18 12:00:37 - [MESSAGE][PASSED] - Call Test Case 'Test Cases/Olusturma/Genel/Kutular/IrsaliyeBilgileri' successfully

2021-11-18 12:00:37 - [MESSAGE][INFO] - Checking called Test Case

2021-11-18 12:00:37 - [MESSAGE][INFO] - Starting to call Test Case 'Test Cases/Olusturma/Genel/EkleButonunaBasilir'

2021-11-18 12:00:37 - [TEST_CASE][PASSED] - Test Cases/Olusturma/Genel/EkleButonunaBasilir: Test Cases/Olusturma/Genel/EkleButonunaBasilir

2021-11-18 12:00:37 - [TEST_STEP][PASSED] - waitForElementClickable(findTestObject("Object Repository/Olusturma/Genel/Olusturma/Ekle"), 10): Object 'Object Repository/Olusturma/Genel/Olusturma/Ekle' is clickable

2021-11-18 12:00:37 - [MESSAGE][INFO] - Finding Test Object 'Object Repository/Olusturma/Genel/Olusturma/Ekle'

2021-11-18 12:00:38 - [MESSAGE][INFO] - Checking object

2021-11-18 12:00:38 - [MESSAGE][INFO] - Checking timeout

2021-11-18 12:00:38 - [MESSAGE][INFO] - Finding web element from Test Object's properties

2021-11-18 12:00:38 - [MESSAGE][INFO] - Checking timeout

2021-11-18 12:00:38 - [MESSAGE][INFO] - Finding web element with id: 'Object Repository/Olusturma/Genel/Olusturma/Ekle' located by 'By.cssSelector: #divmalhizmet i.fa.fa-plus.fa-lg.text-muted' in '10' second(s)

2021-11-18 12:00:38 - [MESSAGE][INFO] - Smart Wait Function is triggered

2021-11-18 12:00:38 - [MESSAGE][INFO] - Found 1 web elements with id: 'Object Repository/Olusturma/Genel/Olusturma/Ekle' located by 'By.cssSelector: #divmalhizmet i.fa.fa-plus.fa-lg.text-muted' in '10' second(s)

2021-11-18 12:00:38 - [MESSAGE][PASSED] - Object 'Object Repository/Olusturma/Genel/Olusturma/Ekle' is clickable

2021-11-18 12:00:38 - [TEST_STEP][PASSED] - click(findTestObject("Object Repository/Olusturma/Genel/Olusturma/Ekle")): Object: 'Object Repository/Olusturma/Genel/Olusturma/Ekle' is clicked on

2021-11-18 12:00:38 - [MESSAGE][INFO] - Finding Test Object 'Object Repository/Olusturma/Genel/Olusturma/Ekle'

2021-11-18 12:00:38 - [MESSAGE][INFO] - Checking object

2021-11-18 12:00:38 - [MESSAGE][INFO] - Finding web element from Test Object's properties

2021-11-18 12:00:38 - [MESSAGE][INFO] - Checking timeout

2021-11-18 12:00:38 - [MESSAGE][INFO] - Finding web element with id: 'Object Repository/Olusturma/Genel/Olusturma/Ekle' located by 'By.cssSelector: #divmalhizmet i.fa.fa-plus.fa-lg.text-muted' in '30' second(s)

2021-11-18 12:00:38 - [MESSAGE][INFO] - Smart Wait Function is triggered

2021-11-18 12:00:38 - [MESSAGE][INFO] - Found 1 web elements with id: 'Object Repository/Olusturma/Genel/Olusturma/Ekle' located by 'By.cssSelector: #divmalhizmet i.fa.fa-plus.fa-lg.text-muted' in '30' second(s)

2021-11-18 12:00:38 - [MESSAGE][INFO] - Clicking on object: 'Object Repository/Olusturma/Genel/Olusturma/Ekle'

2021-11-18 12:00:38 - [MESSAGE][PASSED] - Object: 'Object Repository/Olusturma/Genel/Olusturma/Ekle' is clicked on

2021-11-18 12:00:38 - [TEST_STEP][PASSED] - waitForElementClickable(findTestObject("Olusturma/Genel/Olusturma/EklenenSatirCarpiImage"), 10): Object 'Object Repository/Olusturma/Genel/Olusturma/EklenenSatirCarpiImage' is clickable

2021-11-18 12:00:38 - [MESSAGE][INFO] - Finding Test Object 'Object Repository/Olusturma/Genel/Olusturma/EklenenSatirCarpiImage'

2021-11-18 12:00:38 - [MESSAGE][INFO] - Checking object

2021-11-18 12:00:38 - [MESSAGE][INFO] - Checking timeout

2021-11-18 12:00:38 - [MESSAGE][INFO] - Finding web element from Test Object's properties

2021-11-18 12:00:38 - [MESSAGE][INFO] - Checking timeout

2021-11-18 12:00:38 - [MESSAGE][INFO] - Finding web element with id: 'Object Repository/Olusturma/Genel/Olusturma/EklenenSatirCarpiImage' located by 'By.cssSelector: .fa.fa-times.fa-lg.text-primary' in '10' second(s)

2021-11-18 12:00:38 - [MESSAGE][INFO] - Smart Wait Function is triggered

2021-11-18 12:00:39 - [MESSAGE][INFO] - Found 1 web elements with id: 'Object Repository/Olusturma/Genel/Olusturma/EklenenSatirCarpiImage' located by 'By.cssSelector: .fa.fa-times.fa-lg.text-primary' in '10' second(s)

2021-11-18 12:00:39 - [MESSAGE][PASSED] - Object 'Object Repository/Olusturma/Genel/Olusturma/EklenenSatirCarpiImage' is clickable

2021-11-18 12:00:39 - [MESSAGE][PASSED] - Call Test Case 'Test Cases/Olusturma/Genel/EkleButonunaBasilir' successfully

2021-11-18 12:00:39 - [MESSAGE][INFO] - Checking called Test Case

2021-11-18 12:00:39 - [MESSAGE][INFO] - Starting to call Test Case 'Test Cases/Olusturma/Genel/Olusturma'

2021-11-18 12:00:39 - [TEST_CASE][PASSED] - Test Cases/Olusturma/Genel/Olusturma: Test Cases/Olusturma/Genel/Olusturma

2021-11-18 12:00:39 - [TEST_STEP][PASSED] - driver = getWebDriver(): null

2021-11-18 12:00:39 - [TEST_STEP][PASSED] - action = new org.openqa.selenium.interactions.Actions(driver): null

2021-11-18 12:00:39 - [TEST_STEP][PASSED] - baslikElement = <not implemented yet for class: org.codehaus.groovy.ast.expr.EmptyExpression>: null

2021-11-18 12:00:39 - [TEST_STEP][PASSED] - sonElement = <not implemented yet for class: org.codehaus.groovy.ast.expr.EmptyExpression>: null

2021-11-18 12:00:39 - [TEST_STEP][PASSED] - attr = <not implemented yet for class: org.codehaus.groovy.ast.expr.EmptyExpression>: null

2021-11-18 12:00:39 - [TEST_STEP][PASSED] - a = 0: null

2021-11-18 12:00:39 - [TEST_STEP][PASSED] - elements = findWebElements(findTestObject("Object Repository/Olusturma/Genel/Olusturma/TabloBasliklari"), 10): Found 13 web elements with id: 'Object Repository/Olusturma/Genel/Olusturma/TabloBasliklari' located by 'By.cssSelector: div#divmalhizmet .dxgvTable_LECustomTheme td.dxgvHeader_LECustomTheme tr>td:nth-child(1)' in '10' second(s)

2021-11-18 12:00:39 - [MESSAGE][INFO] - Finding Test Object 'Object Repository/Olusturma/Genel/Olusturma/TabloBasliklari'

2021-11-18 12:00:39 - [MESSAGE][INFO] - Checking timeout

2021-11-18 12:00:39 - [MESSAGE][INFO] - Finding web element with id: 'Object Repository/Olusturma/Genel/Olusturma/TabloBasliklari' located by 'By.cssSelector: div#divmalhizmet .dxgvTable_LECustomTheme td.dxgvHeader_LECustomTheme tr>td:nth-child(1)' in '10' second(s)

2021-11-18 12:00:39 - [MESSAGE][INFO] - Smart Wait Function is triggered

2021-11-18 12:00:41 - [MESSAGE][INFO] - Found 13 web elements with id: 'Object Repository/Olusturma/Genel/Olusturma/TabloBasliklari' located by 'By.cssSelector: div#divmalhizmet .dxgvTable_LECustomTheme td.dxgvHeader_LECustomTheme tr>td:nth-child(1)' in '10' second(s)

2021-11-18 12:00:41 - [TEST_STEP][PASSED] - for (def element : elements): null

2021-11-18 12:00:41 - [TEST_STEP][PASSED] - build().perform(): null

2021-11-18 12:00:41 - [TEST_STEP][PASSED] - if (getText().equals(Baslik)): null

2021-11-18 12:00:41 - [TEST_STEP][PASSED] - baslikElement = element.findElement(By.xpath("../../../..")): Smart Wait Function is triggered

2021-11-18 12:00:41 - [MESSAGE][INFO] - Smart Wait Function is triggered

2021-11-18 12:00:41 - [TEST_STEP][PASSED] - attr = baslikElement.getAttribute("id"): null

2021-11-18 12:00:41 - [TEST_STEP][PASSED] - println("girdi ve idsini aldı = " + attr): null

2021-11-18 12:00:41 - [TEST_STEP][PASSED] - break: null

2021-11-18 12:00:41 - [TEST_STEP][PASSED] - countElement = baslikElement.findElements(By.xpath("../td")): Smart Wait Function is triggered

2021-11-18 12:00:41 - [MESSAGE][INFO] - Smart Wait Function is triggered

2021-11-18 12:00:41 - [TEST_STEP][PASSED] - for (def element : countElement): null

2021-11-18 12:00:41 - [TEST_STEP][PASSED] - if (toString().equals(attr.toString())): null

2021-11-18 12:00:41 - [TEST_STEP][PASSED] - (a++): null

2021-11-18 12:00:41 - [TEST_STEP][PASSED] - if (toString().equals(attr.toString())): null

2021-11-18 12:00:41 - [TEST_STEP][PASSED] - break: null

2021-11-18 12:00:41 - [TEST_STEP][PASSED] - son = findWebElement(findTestObject("Object Repository/Olusturma/Genel/Olusturma/EklenenSatir")).findElement(By.xpath("td[@class='dxgvInlineEditCell_LECustomTheme dxgv'][" + a + "]//td[@class='dxic']/input")): Smart Wait Function is triggered

2021-11-18 12:00:41 - [MESSAGE][INFO] - Finding Test Object 'Object Repository/Olusturma/Genel/Olusturma/EklenenSatir'

2021-11-18 12:00:41 - [MESSAGE][INFO] - Finding web element from Test Object's properties

2021-11-18 12:00:41 - [MESSAGE][INFO] - Checking timeout

2021-11-18 12:00:41 - [MESSAGE][INFO] - Finding web element with id: 'Object Repository/Olusturma/Genel/Olusturma/EklenenSatir' located by 'By.cssSelector: #divmalhizmet .dxgvInlineEditRow_LECustomTheme' in '30' second(s)

2021-11-18 12:00:41 - [MESSAGE][INFO] - Smart Wait Function is triggered

2021-11-18 12:00:42 - [MESSAGE][INFO] - Found 1 web elements with id: 'Object Repository/Olusturma/Genel/Olusturma/EklenenSatir' located by 'By.cssSelector: #divmalhizmet .dxgvInlineEditRow_LECustomTheme' in '30' second(s)

2021-11-18 12:00:42 - [MESSAGE][INFO] - Smart Wait Function is triggered

2021-11-18 12:00:42 - [TEST_STEP][PASSED] - if (!(getAttribute("value").contains("Vkn"))): null

2021-11-18 12:00:42 - [TEST_STEP][PASSED] - son.clear(): null

2021-11-18 12:00:42 - [TEST_STEP][PASSED] - son.sendKeys(Deger): null

2021-11-18 12:00:42 - [MESSAGE][PASSED] - Call Test Case 'Test Cases/Olusturma/Genel/Olusturma' successfully

2021-11-18 12:00:42 - [MESSAGE][INFO] - Checking called Test Case

2021-11-18 12:00:42 - [MESSAGE][INFO] - Starting to call Test Case 'Test Cases/Olusturma/Genel/Olusturma'

2021-11-18 12:00:42 - [TEST_CASE][PASSED] - Test Cases/Olusturma/Genel/Olusturma: Test Cases/Olusturma/Genel/Olusturma

2021-11-18 12:00:42 - [TEST_STEP][PASSED] - driver = getWebDriver(): null

2021-11-18 12:00:42 - [TEST_STEP][PASSED] - action = new org.openqa.selenium.interactions.Actions(driver): null

2021-11-18 12:00:42 - [TEST_STEP][PASSED] - baslikElement = <not implemented yet for class: org.codehaus.groovy.ast.expr.EmptyExpression>: null

2021-11-18 12:00:42 - [TEST_STEP][PASSED] - sonElement = <not implemented yet for class: org.codehaus.groovy.ast.expr.EmptyExpression>: null

2021-11-18 12:00:42 - [TEST_STEP][PASSED] - attr = <not implemented yet for class: org.codehaus.groovy.ast.expr.EmptyExpression>: null

2021-11-18 12:00:42 - [TEST_STEP][PASSED] - a = 0: null

2021-11-18 12:00:42 - [TEST_STEP][PASSED] - elements = findWebElements(findTestObject("Object Repository/Olusturma/Genel/Olusturma/TabloBasliklari"), 10): Found 13 web elements with id: 'Object Repository/Olusturma/Genel/Olusturma/TabloBasliklari' located by 'By.cssSelector: div#divmalhizmet .dxgvTable_LECustomTheme td.dxgvHeader_LECustomTheme tr>td:nth-child(1)' in '10' second(s)

2021-11-18 12:00:42 - [MESSAGE][INFO] - Finding Test Object 'Object Repository/Olusturma/Genel/Olusturma/TabloBasliklari'

2021-11-18 12:00:42 - [MESSAGE][INFO] - Checking timeout

2021-11-18 12:00:42 - [MESSAGE][INFO] - Finding web element with id: 'Object Repository/Olusturma/Genel/Olusturma/TabloBasliklari' located by 'By.cssSelector: div#divmalhizmet .dxgvTable_LECustomTheme td.dxgvHeader_LECustomTheme tr>td:nth-child(1)' in '10' second(s)

2021-11-18 12:00:42 - [MESSAGE][INFO] - Smart Wait Function is triggered

2021-11-18 12:00:42 - [MESSAGE][INFO] - Found 13 web elements with id: 'Object Repository/Olusturma/Genel/Olusturma/TabloBasliklari' located by 'By.cssSelector: div#divmalhizmet .dxgvTable_LECustomTheme td.dxgvHeader_LECustomTheme tr>td:nth-child(1)' in '10' second(s)

2021-11-18 12:00:42 - [TEST_STEP][PASSED] - for (def element : elements): null

2021-11-18 12:00:42 - [TEST_STEP][PASSED] - build().perform(): null

2021-11-18 12:00:43 - [TEST_STEP][PASSED] - if (getText().equals(Baslik)): null

2021-11-18 12:00:43 - [TEST_STEP][PASSED] - build().perform(): null

2021-11-18 12:00:43 - [TEST_STEP][PASSED] - if (getText().equals(Baslik)): null

2021-11-18 12:00:43 - [TEST_STEP][PASSED] - baslikElement = element.findElement(By.xpath("../../../..")): Smart Wait Function is triggered

2021-11-18 12:00:43 - [MESSAGE][INFO] - Smart Wait Function is triggered

2021-11-18 12:00:43 - [TEST_STEP][PASSED] - attr = baslikElement.getAttribute("id"): null

2021-11-18 12:00:43 - [TEST_STEP][PASSED] - println("girdi ve idsini aldı = " + attr): null

2021-11-18 12:00:43 - [TEST_STEP][PASSED] - break: null

2021-11-18 12:00:43 - [TEST_STEP][PASSED] - countElement = baslikElement.findElements(By.xpath("../td")): Smart Wait Function is triggered

2021-11-18 12:00:43 - [MESSAGE][INFO] - Smart Wait Function is triggered

2021-11-18 12:00:43 - [TEST_STEP][PASSED] - for (def element : countElement): null

2021-11-18 12:00:43 - [TEST_STEP][PASSED] - if (toString().equals(attr.toString())): null

2021-11-18 12:00:43 - [TEST_STEP][PASSED] - (a++): null

2021-11-18 12:00:43 - [TEST_STEP][PASSED] - if (toString().equals(attr.toString())): null

2021-11-18 12:00:43 - [TEST_STEP][PASSED] - (a++): null

2021-11-18 12:00:43 - [TEST_STEP][PASSED] - if (toString().equals(attr.toString())): null

2021-11-18 12:00:43 - [TEST_STEP][PASSED] - break: null

2021-11-18 12:00:43 - [TEST_STEP][PASSED] - son = findWebElement(findTestObject("Object Repository/Olusturma/Genel/Olusturma/EklenenSatir")).findElement(By.xpath("td[@class='dxgvInlineEditCell_LECustomTheme dxgv'][" + a + "]//td[@class='dxic']/input")): Smart Wait Function is triggered

2021-11-18 12:00:43 - [MESSAGE][INFO] - Finding Test Object 'Object Repository/Olusturma/Genel/Olusturma/EklenenSatir'

2021-11-18 12:00:43 - [MESSAGE][INFO] - Finding web element from Test Object's properties

2021-11-18 12:00:43 - [MESSAGE][INFO] - Checking timeout

2021-11-18 12:00:43 - [MESSAGE][INFO] - Finding web element with id: 'Object Repository/Olusturma/Genel/Olusturma/EklenenSatir' located by 'By.cssSelector: #divmalhizmet .dxgvInlineEditRow_LECustomTheme' in '30' second(s)

2021-11-18 12:00:43 - [MESSAGE][INFO] - Smart Wait Function is triggered

2021-11-18 12:00:44 - [MESSAGE][INFO] - Found 1 web elements with id: 'Object Repository/Olusturma/Genel/Olusturma/EklenenSatir' located by 'By.cssSelector: #divmalhizmet .dxgvInlineEditRow_LECustomTheme' in '30' second(s)

2021-11-18 12:00:44 - [MESSAGE][INFO] - Smart Wait Function is triggered

2021-11-18 12:00:44 - [TEST_STEP][PASSED] - if (!(getAttribute("value").contains("Vkn"))): null

2021-11-18 12:00:44 - [TEST_STEP][PASSED] - son.clear(): null

2021-11-18 12:00:44 - [TEST_STEP][PASSED] - son.sendKeys(Deger): null

2021-11-18 12:00:44 - [MESSAGE][PASSED] - Call Test Case 'Test Cases/Olusturma/Genel/Olusturma' successfully

2021-11-18 12:00:44 - [MESSAGE][INFO] - Checking called Test Case

2021-11-18 12:00:44 - [MESSAGE][INFO] - Starting to call Test Case 'Test Cases/Olusturma/Genel/Olusturma'

2021-11-18 12:00:44 - [TEST_CASE][PASSED] - Test Cases/Olusturma/Genel/Olusturma: Test Cases/Olusturma/Genel/Olusturma

2021-11-18 12:00:44 - [TEST_STEP][PASSED] - driver = getWebDriver(): null

2021-11-18 12:00:44 - [TEST_STEP][PASSED] - action = new org.openqa.selenium.interactions.Actions(driver): null

2021-11-18 12:00:44 - [TEST_STEP][PASSED] - baslikElement = <not implemented yet for class: org.codehaus.groovy.ast.expr.EmptyExpression>: null

2021-11-18 12:00:44 - [TEST_STEP][PASSED] - sonElement = <not implemented yet for class: org.codehaus.groovy.ast.expr.EmptyExpression>: null

2021-11-18 12:00:44 - [TEST_STEP][PASSED] - attr = <not implemented yet for class: org.codehaus.groovy.ast.expr.EmptyExpression>: null

2021-11-18 12:00:44 - [TEST_STEP][PASSED] - a = 0: null

2021-11-18 12:00:44 - [TEST_STEP][PASSED] - elements = findWebElements(findTestObject("Object Repository/Olusturma/Genel/Olusturma/TabloBasliklari"), 10): Found 13 web elements with id: 'Object Repository/Olusturma/Genel/Olusturma/TabloBasliklari' located by 'By.cssSelector: div#divmalhizmet .dxgvTable_LECustomTheme td.dxgvHeader_LECustomTheme tr>td:nth-child(1)' in '10' second(s)

2021-11-18 12:00:44 - [MESSAGE][INFO] - Finding Test Object 'Object Repository/Olusturma/Genel/Olusturma/TabloBasliklari'

2021-11-18 12:00:44 - [MESSAGE][INFO] - Checking timeout

2021-11-18 12:00:44 - [MESSAGE][INFO] - Finding web element with id: 'Object Repository/Olusturma/Genel/Olusturma/TabloBasliklari' located by 'By.cssSelector: div#divmalhizmet .dxgvTable_LECustomTheme td.dxgvHeader_LECustomTheme tr>td:nth-child(1)' in '10' second(s)

2021-11-18 12:00:44 - [MESSAGE][INFO] - Smart Wait Function is triggered

2021-11-18 12:00:45 - [MESSAGE][INFO] - Found 13 web elements with id: 'Object Repository/Olusturma/Genel/Olusturma/TabloBasliklari' located by 'By.cssSelector: div#divmalhizmet .dxgvTable_LECustomTheme td.dxgvHeader_LECustomTheme tr>td:nth-child(1)' in '10' second(s)

2021-11-18 12:00:45 - [TEST_STEP][PASSED] - for (def element : elements): null

2021-11-18 12:00:45 - [TEST_STEP][PASSED] - build().perform(): null

2021-11-18 12:00:45 - [TEST_STEP][PASSED] - if (getText().equals(Baslik)): null

2021-11-18 12:00:45 - [TEST_STEP][PASSED] - build().perform(): null

2021-11-18 12:00:45 - [TEST_STEP][PASSED] - if (getText().equals(Baslik)): null

2021-11-18 12:00:45 - [TEST_STEP][PASSED] - build().perform(): null

2021-11-18 12:00:45 - [TEST_STEP][PASSED] - if (getText().equals(Baslik)): null

2021-11-18 12:00:45 - [TEST_STEP][PASSED] - build().perform(): null

2021-11-18 12:00:45 - [TEST_STEP][PASSED] - if (getText().equals(Baslik)): null

2021-11-18 12:00:45 - [TEST_STEP][PASSED] - baslikElement = element.findElement(By.xpath("../../../..")): Smart Wait Function is triggered

2021-11-18 12:00:45 - [MESSAGE][INFO] - Smart Wait Function is triggered

2021-11-18 12:00:45 - [TEST_STEP][PASSED] - attr = baslikElement.getAttribute("id"): null

2021-11-18 12:00:45 - [TEST_STEP][PASSED] - println("girdi ve idsini aldı = " + attr): null

2021-11-18 12:00:45 - [TEST_STEP][PASSED] - break: null

2021-11-18 12:00:45 - [TEST_STEP][PASSED] - countElement = baslikElement.findElements(By.xpath("../td")): Smart Wait Function is triggered

2021-11-18 12:00:45 - [MESSAGE][INFO] - Smart Wait Function is triggered

2021-11-18 12:00:46 - [TEST_STEP][PASSED] - for (def element : countElement): null

2021-11-18 12:00:46 - [TEST_STEP][PASSED] - if (toString().equals(attr.toString())): null

2021-11-18 12:00:46 - [TEST_STEP][PASSED] - (a++): null

2021-11-18 12:00:46 - [TEST_STEP][PASSED] - if (toString().equals(attr.toString())): null

2021-11-18 12:00:46 - [TEST_STEP][PASSED] - (a++): null

2021-11-18 12:00:46 - [TEST_STEP][PASSED] - if (toString().equals(attr.toString())): null

2021-11-18 12:00:46 - [TEST_STEP][PASSED] - (a++): null

2021-11-18 12:00:46 - [TEST_STEP][PASSED] - if (toString().equals(attr.toString())): null

2021-11-18 12:00:46 - [TEST_STEP][PASSED] - (a++): null

2021-11-18 12:00:46 - [TEST_STEP][PASSED] - if (toString().equals(attr.toString())): null

2021-11-18 12:00:46 - [TEST_STEP][PASSED] - break: null

2021-11-18 12:00:46 - [TEST_STEP][PASSED] - son = findWebElement(findTestObject("Object Repository/Olusturma/Genel/Olusturma/EklenenSatir")).findElement(By.xpath("td[@class='dxgvInlineEditCell_LECustomTheme dxgv'][" + a + "]//td[@class='dxic']/input")): Smart Wait Function is triggered

2021-11-18 12:00:46 - [MESSAGE][INFO] - Finding Test Object 'Object Repository/Olusturma/Genel/Olusturma/EklenenSatir'

2021-11-18 12:00:46 - [MESSAGE][INFO] - Finding web element from Test Object's properties

2021-11-18 12:00:46 - [MESSAGE][INFO] - Checking timeout

2021-11-18 12:00:46 - [MESSAGE][INFO] - Finding web element with id: 'Object Repository/Olusturma/Genel/Olusturma/EklenenSatir' located by 'By.cssSelector: #divmalhizmet .dxgvInlineEditRow_LECustomTheme' in '30' second(s)

2021-11-18 12:00:46 - [MESSAGE][INFO] - Smart Wait Function is triggered

2021-11-18 12:00:46 - [MESSAGE][INFO] - Found 1 web elements with id: 'Object Repository/Olusturma/Genel/Olusturma/EklenenSatir' located by 'By.cssSelector: #divmalhizmet .dxgvInlineEditRow_LECustomTheme' in '30' second(s)

2021-11-18 12:00:46 - [MESSAGE][INFO] - Smart Wait Function is triggered

2021-11-18 12:00:46 - [TEST_STEP][PASSED] - if (!(getAttribute("value").contains("Vkn"))): null

2021-11-18 12:00:46 - [TEST_STEP][PASSED] - son.clear(): null

2021-11-18 12:00:47 - [TEST_STEP][PASSED] - son.sendKeys(Deger): null

2021-11-18 12:00:47 - [MESSAGE][PASSED] - Call Test Case 'Test Cases/Olusturma/Genel/Olusturma' successfully

2021-11-18 12:00:47 - [MESSAGE][INFO] - Checking called Test Case

2021-11-18 12:00:47 - [MESSAGE][INFO] - Starting to call Test Case 'Test Cases/Olusturma/Genel/Olusturma'

2021-11-18 12:00:47 - [TEST_CASE][PASSED] - Test Cases/Olusturma/Genel/Olusturma: Test Cases/Olusturma/Genel/Olusturma

2021-11-18 12:00:47 - [TEST_STEP][PASSED] - driver = getWebDriver(): null

2021-11-18 12:00:47 - [TEST_STEP][PASSED] - action = new org.openqa.selenium.interactions.Actions(driver): null

2021-11-18 12:00:47 - [TEST_STEP][PASSED] - baslikElement = <not implemented yet for class: org.codehaus.groovy.ast.expr.EmptyExpression>: null

2021-11-18 12:00:47 - [TEST_STEP][PASSED] - sonElement = <not implemented yet for class: org.codehaus.groovy.ast.expr.EmptyExpression>: null

2021-11-18 12:00:47 - [TEST_STEP][PASSED] - attr = <not implemented yet for class: org.codehaus.groovy.ast.expr.EmptyExpression>: null

2021-11-18 12:00:47 - [TEST_STEP][PASSED] - a = 0: null

2021-11-18 12:00:47 - [TEST_STEP][PASSED] - elements = findWebElements(findTestObject("Object Repository/Olusturma/Genel/Olusturma/TabloBasliklari"), 10): Found 13 web elements with id: 'Object Repository/Olusturma/Genel/Olusturma/TabloBasliklari' located by 'By.cssSelector: div#divmalhizmet .dxgvTable_LECustomTheme td.dxgvHeader_LECustomTheme tr>td:nth-child(1)' in '10' second(s)

2021-11-18 12:00:47 - [MESSAGE][INFO] - Finding Test Object 'Object Repository/Olusturma/Genel/Olusturma/TabloBasliklari'

2021-11-18 12:00:47 - [MESSAGE][INFO] - Checking timeout

2021-11-18 12:00:47 - [MESSAGE][INFO] - Finding web element with id: 'Object Repository/Olusturma/Genel/Olusturma/TabloBasliklari' located by 'By.cssSelector: div#divmalhizmet .dxgvTable_LECustomTheme td.dxgvHeader_LECustomTheme tr>td:nth-child(1)' in '10' second(s)

2021-11-18 12:00:47 - [MESSAGE][INFO] - Smart Wait Function is triggered

2021-11-18 12:00:47 - [MESSAGE][INFO] - Found 13 web elements with id: 'Object Repository/Olusturma/Genel/Olusturma/TabloBasliklari' located by 'By.cssSelector: div#divmalhizmet .dxgvTable_LECustomTheme td.dxgvHeader_LECustomTheme tr>td:nth-child(1)' in '10' second(s)

2021-11-18 12:00:47 - [TEST_STEP][PASSED] - for (def element : elements): null

2021-11-18 12:00:47 - [TEST_STEP][PASSED] - build().perform(): null

2021-11-18 12:00:47 - [TEST_STEP][PASSED] - if (getText().equals(Baslik)): null

2021-11-18 12:00:47 - [TEST_STEP][PASSED] - build().perform(): null

2021-11-18 12:00:47 - [TEST_STEP][PASSED] - if (getText().equals(Baslik)): null

2021-11-18 12:00:47 - [TEST_STEP][PASSED] - build().perform(): null

2021-11-18 12:00:48 - [TEST_STEP][PASSED] - if (getText().equals(Baslik)): null

2021-11-18 12:00:48 - [TEST_STEP][PASSED] - build().perform(): null

2021-11-18 12:00:48 - [TEST_STEP][PASSED] - if (getText().equals(Baslik)): null

2021-11-18 12:00:48 - [TEST_STEP][PASSED] - build().perform(): null

2021-11-18 12:00:48 - [TEST_STEP][PASSED] - if (getText().equals(Baslik)): null

2021-11-18 12:00:48 - [TEST_STEP][PASSED] - build().perform(): null

2021-11-18 12:00:48 - [TEST_STEP][PASSED] - if (getText().equals(Baslik)): null

2021-11-18 12:00:48 - [TEST_STEP][PASSED] - baslikElement = element.findElement(By.xpath("../../../..")): Smart Wait Function is triggered

2021-11-18 12:00:48 - [MESSAGE][INFO] - Smart Wait Function is triggered

2021-11-18 12:00:48 - [TEST_STEP][PASSED] - attr = baslikElement.getAttribute("id"): null

2021-11-18 12:00:48 - [TEST_STEP][PASSED] - println("girdi ve idsini aldı = " + attr): null

2021-11-18 12:00:48 - [TEST_STEP][PASSED] - break: null

2021-11-18 12:00:48 - [TEST_STEP][PASSED] - countElement = baslikElement.findElements(By.xpath("../td")): Smart Wait Function is triggered

2021-11-18 12:00:48 - [MESSAGE][INFO] - Smart Wait Function is triggered

2021-11-18 12:00:49 - [TEST_STEP][PASSED] - for (def element : countElement): null

2021-11-18 12:00:49 - [TEST_STEP][PASSED] - if (toString().equals(attr.toString())): null

2021-11-18 12:00:49 - [TEST_STEP][PASSED] - (a++): null

2021-11-18 12:00:49 - [TEST_STEP][PASSED] - if (toString().equals(attr.toString())): null

2021-11-18 12:00:49 - [TEST_STEP][PASSED] - (a++): null

2021-11-18 12:00:49 - [TEST_STEP][PASSED] - if (toString().equals(attr.toString())): null

2021-11-18 12:00:49 - [TEST_STEP][PASSED] - (a++): null

2021-11-18 12:00:49 - [TEST_STEP][PASSED] - if (toString().equals(attr.toString())): null

2021-11-18 12:00:49 - [TEST_STEP][PASSED] - (a++): null

2021-11-18 12:00:49 - [TEST_STEP][PASSED] - if (toString().equals(attr.toString())): null

2021-11-18 12:00:49 - [TEST_STEP][PASSED] - (a++): null

2021-11-18 12:00:49 - [TEST_STEP][PASSED] - if (toString().equals(attr.toString())): null

2021-11-18 12:00:49 - [TEST_STEP][PASSED] - (a++): null

2021-11-18 12:00:49 - [TEST_STEP][PASSED] - if (toString().equals(attr.toString())): null

2021-11-18 12:00:49 - [TEST_STEP][PASSED] - break: null

2021-11-18 12:00:49 - [TEST_STEP][PASSED] - son = findWebElement(findTestObject("Object Repository/Olusturma/Genel/Olusturma/EklenenSatir")).findElement(By.xpath("td[@class='dxgvInlineEditCell_LECustomTheme dxgv'][" + a + "]//td[@class='dxic']/input")): Smart Wait Function is triggered

2021-11-18 12:00:49 - [MESSAGE][INFO] - Finding Test Object 'Object Repository/Olusturma/Genel/Olusturma/EklenenSatir'

2021-11-18 12:00:49 - [MESSAGE][INFO] - Finding web element from Test Object's properties

2021-11-18 12:00:49 - [MESSAGE][INFO] - Checking timeout

2021-11-18 12:00:49 - [MESSAGE][INFO] - Finding web element with id: 'Object Repository/Olusturma/Genel/Olusturma/EklenenSatir' located by 'By.cssSelector: #divmalhizmet .dxgvInlineEditRow_LECustomTheme' in '30' second(s)

2021-11-18 12:00:49 - [MESSAGE][INFO] - Smart Wait Function is triggered

2021-11-18 12:00:49 - [MESSAGE][INFO] - Found 1 web elements with id: 'Object Repository/Olusturma/Genel/Olusturma/EklenenSatir' located by 'By.cssSelector: #divmalhizmet .dxgvInlineEditRow_LECustomTheme' in '30' second(s)

2021-11-18 12:00:49 - [MESSAGE][INFO] - Smart Wait Function is triggered

2021-11-18 12:00:50 - [TEST_STEP][PASSED] - if (!(getAttribute("value").contains("Vkn"))): null

2021-11-18 12:00:50 - [TEST_STEP][PASSED] - son.clear(): null

2021-11-18 12:00:50 - [TEST_STEP][PASSED] - son.sendKeys(Deger): null

2021-11-18 12:00:50 - [MESSAGE][PASSED] - Call Test Case 'Test Cases/Olusturma/Genel/Olusturma' successfully

2021-11-18 12:00:50 - [MESSAGE][INFO] - Checking called Test Case

2021-11-18 12:00:50 - [MESSAGE][INFO] - Starting to call Test Case 'Test Cases/Olusturma/Genel/Olusturma'

2021-11-18 12:00:50 - [TEST_CASE][PASSED] - Test Cases/Olusturma/Genel/Olusturma: Test Cases/Olusturma/Genel/Olusturma

2021-11-18 12:00:50 - [TEST_STEP][PASSED] - driver = getWebDriver(): null

2021-11-18 12:00:50 - [TEST_STEP][PASSED] - action = new org.openqa.selenium.interactions.Actions(driver): null

2021-11-18 12:00:50 - [TEST_STEP][PASSED] - baslikElement = <not implemented yet for class: org.codehaus.groovy.ast.expr.EmptyExpression>: null

2021-11-18 12:00:50 - [TEST_STEP][PASSED] - sonElement = <not implemented yet for class: org.codehaus.groovy.ast.expr.EmptyExpression>: null

2021-11-18 12:00:50 - [TEST_STEP][PASSED] - attr = <not implemented yet for class: org.codehaus.groovy.ast.expr.EmptyExpression>: null

2021-11-18 12:00:50 - [TEST_STEP][PASSED] - a = 0: null

2021-11-18 12:00:50 - [TEST_STEP][PASSED] - elements = findWebElements(findTestObject("Object Repository/Olusturma/Genel/Olusturma/TabloBasliklari"), 10): Found 13 web elements with id: 'Object Repository/Olusturma/Genel/Olusturma/TabloBasliklari' located by 'By.cssSelector: div#divmalhizmet .dxgvTable_LECustomTheme td.dxgvHeader_LECustomTheme tr>td:nth-child(1)' in '10' second(s)

2021-11-18 12:00:50 - [MESSAGE][INFO] - Finding Test Object 'Object Repository/Olusturma/Genel/Olusturma/TabloBasliklari'

2021-11-18 12:00:50 - [MESSAGE][INFO] - Checking timeout

2021-11-18 12:00:50 - [MESSAGE][INFO] - Finding web element with id: 'Object Repository/Olusturma/Genel/Olusturma/TabloBasliklari' located by 'By.cssSelector: div#divmalhizmet .dxgvTable_LECustomTheme td.dxgvHeader_LECustomTheme tr>td:nth-child(1)' in '10' second(s)

2021-11-18 12:00:50 - [MESSAGE][INFO] - Smart Wait Function is triggered

2021-11-18 12:00:50 - [MESSAGE][INFO] - Found 13 web elements with id: 'Object Repository/Olusturma/Genel/Olusturma/TabloBasliklari' located by 'By.cssSelector: div#divmalhizmet .dxgvTable_LECustomTheme td.dxgvHeader_LECustomTheme tr>td:nth-child(1)' in '10' second(s)

2021-11-18 12:00:50 - [TEST_STEP][PASSED] - for (def element : elements): null

2021-11-18 12:00:50 - [TEST_STEP][PASSED] - build().perform(): null

2021-11-18 12:00:50 - [TEST_STEP][PASSED] - if (getText().equals(Baslik)): null

2021-11-18 12:00:50 - [TEST_STEP][PASSED] - build().perform(): null

2021-11-18 12:00:51 - [TEST_STEP][PASSED] - if (getText().equals(Baslik)): null

2021-11-18 12:00:51 - [TEST_STEP][PASSED] - build().perform(): null

2021-11-18 12:00:51 - [TEST_STEP][PASSED] - if (getText().equals(Baslik)): null

2021-11-18 12:00:51 - [TEST_STEP][PASSED] - build().perform(): null

2021-11-18 12:00:51 - [TEST_STEP][PASSED] - if (getText().equals(Baslik)): null

2021-11-18 12:00:51 - [TEST_STEP][PASSED] - build().perform(): null

2021-11-18 12:00:51 - [TEST_STEP][PASSED] - if (getText().equals(Baslik)): null

2021-11-18 12:00:51 - [TEST_STEP][PASSED] - build().perform(): null

2021-11-18 12:00:51 - [TEST_STEP][PASSED] - if (getText().equals(Baslik)): null

2021-11-18 12:00:51 - [TEST_STEP][PASSED] - build().perform(): null

2021-11-18 12:00:51 - [TEST_STEP][PASSED] - if (getText().equals(Baslik)): null

2021-11-18 12:00:51 - [TEST_STEP][PASSED] - baslikElement = element.findElement(By.xpath("../../../..")): Smart Wait Function is triggered

2021-11-18 12:00:51 - [MESSAGE][INFO] - Smart Wait Function is triggered

2021-11-18 12:00:52 - [TEST_STEP][PASSED] - attr = baslikElement.getAttribute("id"): null

2021-11-18 12:00:52 - [TEST_STEP][PASSED] - println("girdi ve idsini aldı = " + attr): null

2021-11-18 12:00:52 - [TEST_STEP][PASSED] - break: null

2021-11-18 12:00:52 - [TEST_STEP][PASSED] - countElement = baslikElement.findElements(By.xpath("../td")): Smart Wait Function is triggered

2021-11-18 12:00:52 - [MESSAGE][INFO] - Smart Wait Function is triggered

2021-11-18 12:00:52 - [TEST_STEP][PASSED] - for (def element : countElement): null

2021-11-18 12:00:52 - [TEST_STEP][PASSED] - if (toString().equals(attr.toString())): null

2021-11-18 12:00:52 - [TEST_STEP][PASSED] - (a++): null

2021-11-18 12:00:52 - [TEST_STEP][PASSED] - if (toString().equals(attr.toString())): null

2021-11-18 12:00:52 - [TEST_STEP][PASSED] - (a++): null

2021-11-18 12:00:52 - [TEST_STEP][PASSED] - if (toString().equals(attr.toString())): null

2021-11-18 12:00:52 - [TEST_STEP][PASSED] - (a++): null

2021-11-18 12:00:52 - [TEST_STEP][PASSED] - if (toString().equals(attr.toString())): null

2021-11-18 12:00:52 - [TEST_STEP][PASSED] - (a++): null

2021-11-18 12:00:52 - [TEST_STEP][PASSED] - if (toString().equals(attr.toString())): null

2021-11-18 12:00:52 - [TEST_STEP][PASSED] - (a++): null

2021-11-18 12:00:52 - [TEST_STEP][PASSED] - if (toString().equals(attr.toString())): null

2021-11-18 12:00:52 - [TEST_STEP][PASSED] - (a++): null

2021-11-18 12:00:52 - [TEST_STEP][PASSED] - if (toString().equals(attr.toString())): null

2021-11-18 12:00:52 - [TEST_STEP][PASSED] - (a++): null

2021-11-18 12:00:52 - [TEST_STEP][PASSED] - if (toString().equals(attr.toString())): null

2021-11-18 12:00:52 - [TEST_STEP][PASSED] - break: null

2021-11-18 12:00:52 - [TEST_STEP][PASSED] - son = findWebElement(findTestObject("Object Repository/Olusturma/Genel/Olusturma/EklenenSatir")).findElement(By.xpath("td[@class='dxgvInlineEditCell_LECustomTheme dxgv'][" + a + "]//td[@class='dxic']/input")): Smart Wait Function is triggered

2021-11-18 12:00:52 - [MESSAGE][INFO] - Finding Test Object 'Object Repository/Olusturma/Genel/Olusturma/EklenenSatir'

2021-11-18 12:00:52 - [MESSAGE][INFO] - Finding web element from Test Object's properties

2021-11-18 12:00:52 - [MESSAGE][INFO] - Checking timeout

2021-11-18 12:00:52 - [MESSAGE][INFO] - Finding web element with id: 'Object Repository/Olusturma/Genel/Olusturma/EklenenSatir' located by 'By.cssSelector: #divmalhizmet .dxgvInlineEditRow_LECustomTheme' in '30' second(s)

2021-11-18 12:00:52 - [MESSAGE][INFO] - Smart Wait Function is triggered

2021-11-18 12:00:52 - [MESSAGE][INFO] - Found 1 web elements with id: 'Object Repository/Olusturma/Genel/Olusturma/EklenenSatir' located by 'By.cssSelector: #divmalhizmet .dxgvInlineEditRow_LECustomTheme' in '30' second(s)

2021-11-18 12:00:52 - [MESSAGE][INFO] - Smart Wait Function is triggered

2021-11-18 12:00:53 - [TEST_STEP][PASSED] - if (!(getAttribute("value").contains("Vkn"))): null

2021-11-18 12:00:53 - [TEST_STEP][PASSED] - son.clear(): null

2021-11-18 12:00:53 - [TEST_STEP][PASSED] - son.sendKeys(Deger): null

2021-11-18 12:00:53 - [MESSAGE][PASSED] - Call Test Case 'Test Cases/Olusturma/Genel/Olusturma' successfully

2021-11-18 12:00:53 - [MESSAGE][INFO] - Checking called Test Case

2021-11-18 12:00:53 - [MESSAGE][INFO] - Starting to call Test Case 'Test Cases/Olusturma/Genel/NotGirilir'

2021-11-18 12:00:53 - [TEST_CASE][PASSED] - Test Cases/Olusturma/Genel/NotGirilir: Test Cases/Olusturma/Genel/NotGirilir

2021-11-18 12:00:53 - [TEST_STEP][PASSED] - i = 0: null

2021-11-18 12:00:53 - [TEST_STEP][PASSED] - waitForElementClickable(findTestObject("Olusturma/Genel/Not/Notlar"), 10): Object 'Object Repository/Olusturma/Genel/Not/Notlar' is clickable

2021-11-18 12:00:53 - [MESSAGE][INFO] - Finding Test Object 'Object Repository/Olusturma/Genel/Not/Notlar'

2021-11-18 12:00:53 - [MESSAGE][INFO] - Checking object

2021-11-18 12:00:53 - [MESSAGE][INFO] - Checking timeout

2021-11-18 12:00:53 - [MESSAGE][INFO] - Finding web element from Test Object's properties

2021-11-18 12:00:53 - [MESSAGE][INFO] - Checking timeout

2021-11-18 12:00:53 - [MESSAGE][INFO] - Finding web element with id: 'Object Repository/Olusturma/Genel/Not/Notlar' located by 'By.xpath: //*[@id = 'txtNote_I']' in '10' second(s)

2021-11-18 12:00:53 - [MESSAGE][INFO] - Smart Wait Function is triggered

2021-11-18 12:00:53 - [MESSAGE][INFO] - Found 1 web elements with id: 'Object Repository/Olusturma/Genel/Not/Notlar' located by 'By.xpath: //*[@id = 'txtNote_I']' in '10' second(s)

2021-11-18 12:00:53 - [MESSAGE][PASSED] - Object 'Object Repository/Olusturma/Genel/Not/Notlar' is clickable

2021-11-18 12:00:53 - [TEST_STEP][PASSED] - clearText(findTestObject("Olusturma/Genel/Not/Notlar")): Text of object 'Object Repository/Olusturma/Genel/Not/Notlar' is cleared

2021-11-18 12:00:53 - [MESSAGE][INFO] - Finding Test Object 'Object Repository/Olusturma/Genel/Not/Notlar'

2021-11-18 12:00:53 - [MESSAGE][INFO] - Checking object

2021-11-18 12:00:53 - [MESSAGE][INFO] - Finding web element from Test Object's properties

2021-11-18 12:00:53 - [MESSAGE][INFO] - Checking timeout

2021-11-18 12:00:53 - [MESSAGE][INFO] - Finding web element with id: 'Object Repository/Olusturma/Genel/Not/Notlar' located by 'By.xpath: //*[@id = 'txtNote_I']' in '30' second(s)

2021-11-18 12:00:53 - [MESSAGE][INFO] - Smart Wait Function is triggered

2021-11-18 12:00:54 - [MESSAGE][INFO] - Found 1 web elements with id: 'Object Repository/Olusturma/Genel/Not/Notlar' located by 'By.xpath: //*[@id = 'txtNote_I']' in '30' second(s)

2021-11-18 12:00:54 - [MESSAGE][INFO] - Clearing text of object 'Object Repository/Olusturma/Genel/Not/Notlar'

2021-11-18 12:00:54 - [MESSAGE][PASSED] - Text of object 'Object Repository/Olusturma/Genel/Not/Notlar' is cleared

2021-11-18 12:00:54 - [TEST_STEP][PASSED] - click(findTestObject("Olusturma/Genel/Not/Notlar")): Object: 'Object Repository/Olusturma/Genel/Not/Notlar' is clicked on

2021-11-18 12:00:54 - [MESSAGE][INFO] - Finding Test Object 'Object Repository/Olusturma/Genel/Not/Notlar'

2021-11-18 12:00:54 - [MESSAGE][INFO] - Checking object

2021-11-18 12:00:54 - [MESSAGE][INFO] - Finding web element from Test Object's properties

2021-11-18 12:00:54 - [MESSAGE][INFO] - Checking timeout

2021-11-18 12:00:54 - [MESSAGE][INFO] - Finding web element with id: 'Object Repository/Olusturma/Genel/Not/Notlar' located by 'By.xpath: //*[@id = 'txtNote_I']' in '30' second(s)

2021-11-18 12:00:54 - [MESSAGE][INFO] - Smart Wait Function is triggered

2021-11-18 12:00:54 - [MESSAGE][INFO] - Found 1 web elements with id: 'Object Repository/Olusturma/Genel/Not/Notlar' located by 'By.xpath: //*[@id = 'txtNote_I']' in '30' second(s)

2021-11-18 12:00:54 - [MESSAGE][INFO] - Clicking on object: 'Object Repository/Olusturma/Genel/Not/Notlar'

2021-11-18 12:00:54 - [MESSAGE][PASSED] - Object: 'Object Repository/Olusturma/Genel/Not/Notlar' is clicked on

2021-11-18 12:00:54 - [TEST_STEP][PASSED] - while (true): null

2021-11-18 12:00:54 - [TEST_STEP][PASSED] - delay(1): Delayed 1 second(s)

2021-11-18 12:00:54 - [MESSAGE][INFO] - Delaying browser in 1 second(s)

2021-11-18 12:00:55 - [MESSAGE][PASSED] - Delayed 1 second(s)

2021-11-18 12:00:55 - [TEST_STEP][PASSED] - ajaxIsComplete = executeJavaScript("return jQuery.active == 0", null): Execute JavaScript 'return jQuery.active == 0' successfully

2021-11-18 12:00:55 - [MESSAGE][PASSED] - Execute JavaScript 'return jQuery.active == 0' successfully

2021-11-18 12:00:55 - [TEST_STEP][PASSED] - if (ajaxIsComplete): null

2021-11-18 12:00:55 - [TEST_STEP][PASSED] - if (i > 10): null

2021-11-18 12:00:55 - [TEST_STEP][PASSED] - (i++): null

2021-11-18 12:00:55 - [TEST_STEP][PASSED] - delay(1): Delayed 1 second(s)

2021-11-18 12:00:55 - [MESSAGE][INFO] - Delaying browser in 1 second(s)

2021-11-18 12:00:56 - [MESSAGE][PASSED] - Delayed 1 second(s)

2021-11-18 12:00:56 - [TEST_STEP][PASSED] - ajaxIsComplete = executeJavaScript("return jQuery.active == 0", null): Execute JavaScript 'return jQuery.active == 0' successfully

2021-11-18 12:00:56 - [MESSAGE][PASSED] - Execute JavaScript 'return jQuery.active == 0' successfully

2021-11-18 12:00:56 - [TEST_STEP][PASSED] - if (ajaxIsComplete): null

2021-11-18 12:00:56 - [TEST_STEP][PASSED] - break: null

2021-11-18 12:00:56 - [TEST_STEP][PASSED] - sendKeys(findTestObject("Olusturma/Genel/Not/Notlar"), Not): Keys 'Otomasyon Not' sent to object: 'Object Repository/Olusturma/Genel/Not/Notlar'

2021-11-18 12:00:56 - [MESSAGE][INFO] - Finding Test Object 'Object Repository/Olusturma/Genel/Not/Notlar'

2021-11-18 12:00:56 - [MESSAGE][INFO] - Sending keys 'Otomasyon Not' to object: 'Object Repository/Olusturma/Genel/Not/Notlar'

2021-11-18 12:00:56 - [MESSAGE][INFO] - Finding web element from Test Object's properties

2021-11-18 12:00:56 - [MESSAGE][INFO] - Checking timeout

2021-11-18 12:00:56 - [MESSAGE][INFO] - Finding web element with id: 'Object Repository/Olusturma/Genel/Not/Notlar' located by 'By.xpath: //*[@id = 'txtNote_I']' in '30' second(s)

2021-11-18 12:00:56 - [MESSAGE][INFO] - Smart Wait Function is triggered

2021-11-18 12:00:57 - [MESSAGE][INFO] - Found 1 web elements with id: 'Object Repository/Olusturma/Genel/Not/Notlar' located by 'By.xpath: //*[@id = 'txtNote_I']' in '30' second(s)

2021-11-18 12:00:57 - [MESSAGE][PASSED] - Keys 'Otomasyon Not' sent to object: 'Object Repository/Olusturma/Genel/Not/Notlar'

2021-11-18 12:00:57 - [MESSAGE][PASSED] - Call Test Case 'Test Cases/Olusturma/Genel/NotGirilir' successfully

2021-11-18 12:00:57 - [MESSAGE][INFO] - Checking called Test Case

2021-11-18 12:00:57 - [MESSAGE][INFO] - Starting to call Test Case 'Test Cases/Olusturma/Genel/EttnBilgisiKayitEdilir'

2021-11-18 12:00:57 - [TEST_CASE][PASSED] - Test Cases/Olusturma/Genel/EttnBilgisiKayitEdilir: Test Cases/Olusturma/Genel/EttnBilgisiKayitEdilir

2021-11-18 12:00:57 - [TEST_STEP][PASSED] - verifyElementPresent(findTestObject("Object Repository/Olusturma/Genel/Olusturma/eArsivEttnBilgisi"), 7): Object 'Object Repository/Olusturma/Genel/Olusturma/eArsivEttnBilgisi' is present

2021-11-18 12:00:57 - [MESSAGE][INFO] - Finding Test Object 'Object Repository/Olusturma/Genel/Olusturma/eArsivEttnBilgisi'

2021-11-18 12:00:57 - [MESSAGE][INFO] - Checking object

2021-11-18 12:00:57 - [MESSAGE][INFO] - Finding web element from Test Object's properties

2021-11-18 12:00:57 - [MESSAGE][INFO] - Checking timeout

2021-11-18 12:00:57 - [MESSAGE][INFO] - Finding web element with id: 'Object Repository/Olusturma/Genel/Olusturma/eArsivEttnBilgisi' located by 'By.xpath: //*[@id = 'Uuid_I']' in '7' second(s)

2021-11-18 12:00:57 - [MESSAGE][INFO] - Smart Wait Function is triggered

2021-11-18 12:00:57 - [MESSAGE][INFO] - Found 1 web elements with id: 'Object Repository/Olusturma/Genel/Olusturma/eArsivEttnBilgisi' located by 'By.xpath: //*[@id = 'Uuid_I']' in '7' second(s)

2021-11-18 12:00:57 - [MESSAGE][PASSED] - Object 'Object Repository/Olusturma/Genel/Olusturma/eArsivEttnBilgisi' is present

2021-11-18 12:00:57 - [TEST_STEP][PASSED] - ettn = getAttribute(findTestObject("Object Repository/Olusturma/Genel/Olusturma/eArsivEttnBilgisi"), "value"): Attribute 'value' of object 'Object Repository/Olusturma/Genel/Olusturma/eArsivEttnBilgisi' is: 'd19b071a-0e37-4298-bc31-01df96f0f08d'

2021-11-18 12:00:57 - [MESSAGE][INFO] - Finding Test Object 'Object Repository/Olusturma/Genel/Olusturma/eArsivEttnBilgisi'

2021-11-18 12:00:57 - [MESSAGE][INFO] - Checking object

2021-11-18 12:00:57 - [MESSAGE][INFO] - Checking attribute

2021-11-18 12:00:57 - [MESSAGE][INFO] - Finding web element from Test Object's properties

2021-11-18 12:00:57 - [MESSAGE][INFO] - Checking timeout

2021-11-18 12:00:57 - [MESSAGE][INFO] - Finding web element with id: 'Object Repository/Olusturma/Genel/Olusturma/eArsivEttnBilgisi' located by 'By.xpath: //*[@id = 'Uuid_I']' in '30' second(s)

2021-11-18 12:00:57 - [MESSAGE][INFO] - Smart Wait Function is triggered

2021-11-18 12:00:58 - [MESSAGE][INFO] - Found 1 web elements with id: 'Object Repository/Olusturma/Genel/Olusturma/eArsivEttnBilgisi' located by 'By.xpath: //*[@id = 'Uuid_I']' in '30' second(s)

2021-11-18 12:00:58 - [MESSAGE][INFO] - Getting attribute 'value' of object 'Object Repository/Olusturma/Genel/Olusturma/eArsivEttnBilgisi'

2021-11-18 12:00:58 - [MESSAGE][PASSED] - Attribute 'value' of object 'Object Repository/Olusturma/Genel/Olusturma/eArsivEttnBilgisi' is: 'd19b071a-0e37-4298-bc31-01df96f0f08d'

2021-11-18 12:00:58 - [MESSAGE][PASSED] - Call Test Case 'Test Cases/Olusturma/Genel/EttnBilgisiKayitEdilir' successfully

2021-11-18 12:00:58 - [MESSAGE][INFO] - Checking called Test Case

2021-11-18 12:00:58 - [MESSAGE][INFO] - Starting to call Test Case 'Test Cases/Olusturma/Genel/KaydetButonunaTiklanir'

2021-11-18 12:00:58 - [TEST_CASE][PASSED] - Test Cases/Olusturma/Genel/KaydetButonunaTiklanir: Test Cases/Olusturma/Genel/KaydetButonunaTiklanir

2021-11-18 12:00:58 - [TEST_STEP][PASSED] - i = 0: null

2021-11-18 12:00:58 - [TEST_STEP][PASSED] - waitForElementPresent(findTestObject("Olusturma/Genel/Not/Notlar"), 10): Object 'Object Repository/Olusturma/Genel/Not/Notlar' is present

2021-11-18 12:00:58 - [MESSAGE][INFO] - Finding Test Object 'Object Repository/Olusturma/Genel/Not/Notlar'

2021-11-18 12:00:58 - [MESSAGE][INFO] - Checking object

2021-11-18 12:00:58 - [MESSAGE][INFO] - Finding web element from Test Object's properties

2021-11-18 12:00:58 - [MESSAGE][INFO] - Checking timeout

2021-11-18 12:00:58 - [MESSAGE][INFO] - Finding web element with id: 'Object Repository/Olusturma/Genel/Not/Notlar' located by 'By.xpath: //*[@id = 'txtNote_I']' in '10' second(s)

2021-11-18 12:00:58 - [MESSAGE][INFO] - Smart Wait Function is triggered

2021-11-18 12:00:58 - [MESSAGE][INFO] - Found 1 web elements with id: 'Object Repository/Olusturma/Genel/Not/Notlar' located by 'By.xpath: //*[@id = 'txtNote_I']' in '10' second(s)

2021-11-18 12:00:58 - [MESSAGE][PASSED] - Object 'Object Repository/Olusturma/Genel/Not/Notlar' is present

2021-11-18 12:00:58 - [TEST_STEP][PASSED] - click(findTestObject("Olusturma/Genel/Not/Notlar")): Object: 'Object Repository/Olusturma/Genel/Not/Notlar' is clicked on

2021-11-18 12:00:58 - [MESSAGE][INFO] - Finding Test Object 'Object Repository/Olusturma/Genel/Not/Notlar'

2021-11-18 12:00:58 - [MESSAGE][INFO] - Checking object

2021-11-18 12:00:58 - [MESSAGE][INFO] - Finding web element from Test Object's properties

2021-11-18 12:00:58 - [MESSAGE][INFO] - Checking timeout

2021-11-18 12:00:58 - [MESSAGE][INFO] - Finding web element with id: 'Object Repository/Olusturma/Genel/Not/Notlar' located by 'By.xpath: //*[@id = 'txtNote_I']' in '30' second(s)

2021-11-18 12:00:58 - [MESSAGE][INFO] - Smart Wait Function is triggered

2021-11-18 12:00:58 - [MESSAGE][INFO] - Found 1 web elements with id: 'Object Repository/Olusturma/Genel/Not/Notlar' located by 'By.xpath: //*[@id = 'txtNote_I']' in '30' second(s)

2021-11-18 12:00:58 - [MESSAGE][INFO] - Clicking on object: 'Object Repository/Olusturma/Genel/Not/Notlar'

2021-11-18 12:00:58 - [MESSAGE][PASSED] - Object: 'Object Repository/Olusturma/Genel/Not/Notlar' is clicked on

2021-11-18 12:00:58 - [TEST_STEP][PASSED] - while (true): null

2021-11-18 12:00:58 - [TEST_STEP][PASSED] - delay(1): Delayed 1 second(s)

2021-11-18 12:00:58 - [MESSAGE][INFO] - Delaying browser in 1 second(s)

2021-11-18 12:00:59 - [MESSAGE][PASSED] - Delayed 1 second(s)

2021-11-18 12:00:59 - [TEST_STEP][PASSED] - ajaxIsComplete = executeJavaScript("return jQuery.active == 0", null): Execute JavaScript 'return jQuery.active == 0' successfully

2021-11-18 12:00:59 - [MESSAGE][PASSED] - Execute JavaScript 'return jQuery.active == 0' successfully

2021-11-18 12:00:59 - [TEST_STEP][PASSED] - if (ajaxIsComplete): null

2021-11-18 12:00:59 - [TEST_STEP][PASSED] - break: null

2021-11-18 12:00:59 - [TEST_STEP][PASSED] - waitForElementClickable(findTestObject("Object Repository/Olusturma/Genel/Buton"), 10): Object 'Object Repository/Olusturma/Genel/Buton' is clickable

2021-11-18 12:00:59 - [MESSAGE][INFO] - Finding Test Object 'Object Repository/Olusturma/Genel/Buton'

2021-11-18 12:01:00 - [MESSAGE][INFO] - Checking object

2021-11-18 12:01:00 - [MESSAGE][INFO] - Checking timeout

2021-11-18 12:01:00 - [MESSAGE][INFO] - Finding web element from Test Object's properties

2021-11-18 12:01:00 - [MESSAGE][INFO] - Checking timeout

2021-11-18 12:01:00 - [MESSAGE][INFO] - Finding web element with id: 'Object Repository/Olusturma/Genel/Buton' located by 'By.xpath: //*[@id = 'btnKaydet']' in '10' second(s)

2021-11-18 12:01:00 - [MESSAGE][INFO] - Smart Wait Function is triggered

2021-11-18 12:01:00 - [MESSAGE][INFO] - Found 1 web elements with id: 'Object Repository/Olusturma/Genel/Buton' located by 'By.xpath: //*[@id = 'btnKaydet']' in '10' second(s)

2021-11-18 12:01:00 - [MESSAGE][PASSED] - Object 'Object Repository/Olusturma/Genel/Buton' is clickable

2021-11-18 12:01:00 - [TEST_STEP][PASSED] - click(findTestObject("Object Repository/Olusturma/Genel/Buton")): Object: 'Object Repository/Olusturma/Genel/Buton' is clicked on

2021-11-18 12:01:00 - [MESSAGE][INFO] - Finding Test Object 'Object Repository/Olusturma/Genel/Buton'

2021-11-18 12:01:00 - [MESSAGE][INFO] - Checking object

2021-11-18 12:01:00 - [MESSAGE][INFO] - Finding web element from Test Object's properties

2021-11-18 12:01:00 - [MESSAGE][INFO] - Checking timeout

2021-11-18 12:01:00 - [MESSAGE][INFO] - Finding web element with id: 'Object Repository/Olusturma/Genel/Buton' located by 'By.xpath: //*[@id = 'btnKaydet']' in '30' second(s)

2021-11-18 12:01:00 - [MESSAGE][INFO] - Smart Wait Function is triggered

2021-11-18 12:01:00 - [MESSAGE][INFO] - Found 1 web elements with id: 'Object Repository/Olusturma/Genel/Buton' located by 'By.xpath: //*[@id = 'btnKaydet']' in '30' second(s)

2021-11-18 12:01:00 - [MESSAGE][INFO] - Clicking on object: 'Object Repository/Olusturma/Genel/Buton'

2021-11-18 12:01:02 - [MESSAGE][PASSED] - Object: 'Object Repository/Olusturma/Genel/Buton' is clicked on

2021-11-18 12:01:02 - [MESSAGE][PASSED] - Call Test Case 'Test Cases/Olusturma/Genel/KaydetButonunaTiklanir' successfully

2021-11-18 12:01:02 - [MESSAGE][INFO] - Checking called Test Case

2021-11-18 12:01:02 - [MESSAGE][INFO] - Starting to call Test Case 'Test Cases/Tablo/TablodaEttnliVeriOlusturulduMu'

2021-11-18 12:01:02 - [TEST_CASE][PASSED] - Test Cases/Tablo/TablodaEttnliVeriOlusturulduMu: Test Cases/Tablo/TablodaEttnliVeriOlusturulduMu

2021-11-18 12:01:02 - [TEST_STEP][PASSED] - Method.TextDegerineEsitElementVarMi(findTestObject("Tablo/OlusturulanVeri"), ettn): Method.TextDegerineEsitElementVarMi is PASSED

2021-11-18 12:01:02 - [MESSAGE][INFO] - Finding Test Object 'Object Repository/Tablo/OlusturulanVeri'

2021-11-18 12:01:02 - [MESSAGE][INFO] - Checking timeout

2021-11-18 12:01:02 - [MESSAGE][INFO] - Finding web element with id: 'Object Repository/Tablo/OlusturulanVeri' located by 'By.cssSelector: table.dxgvTable_LECustomTheme>tbody>tr:nth-child(3)>td.dxgv b,table.dxgvTable_LECustomTheme>tbody>tr:nth-child(3)>td.dxgv' in '10' second(s)

2021-11-18 12:01:02 - [MESSAGE][INFO] - Smart Wait Function is triggered

2021-11-18 12:01:02 - [MESSAGE][INFO] - Found 14 web elements with id: 'Object Repository/Tablo/OlusturulanVeri' located by 'By.cssSelector: table.dxgvTable_LECustomTheme>tbody>tr:nth-child(3)>td.dxgv b,table.dxgvTable_LECustomTheme>tbody>tr:nth-child(3)>td.dxgv' in '10' second(s)

2021-11-18 12:01:02 - [MESSAGE][PASSED] - Method.TextDegerineEsitElementVarMi is PASSED

2021-11-18 12:01:02 - [MESSAGE][PASSED] - Call Test Case 'Test Cases/Tablo/TablodaEttnliVeriOlusturulduMu' successfully

2021-11-18 12:01:02 - [MESSAGE][INFO] - Checking called Test Case

2021-11-18 12:01:02 - [MESSAGE][INFO] - Starting to call Test Case 'Test Cases/Tablo/TablodanEttnliVeriSec'

2021-11-18 12:01:03 - [TEST_CASE][PASSED] - Test Cases/Tablo/TablodanEttnliVeriSec: Test Cases/Tablo/TablodanEttnliVeriSec

2021-11-18 12:01:03 - [TEST_STEP][PASSED] - Method.TextDegerineEsitElementinAltindakineTikla(findTestObject("Tablo/Veriler"), findTestObject("Tablo/VerininCheckBoxi"), ettn): Method.TextDegerineEsitElementinAltindakineTikla is PASSED

2021-11-18 12:01:03 - [MESSAGE][INFO] - Finding Test Object 'Object Repository/Tablo/Veriler'

2021-11-18 12:01:03 - [MESSAGE][INFO] - Finding Test Object 'Object Repository/Tablo/VerininCheckBoxi'

2021-11-18 12:01:03 - [MESSAGE][INFO] - Checking timeout

2021-11-18 12:01:03 - [MESSAGE][INFO] - Finding web element with id: 'Object Repository/Tablo/Veriler' located by 'By.cssSelector: td.dxgv b ,td.dxgv' in '10' second(s)

2021-11-18 12:01:03 - [MESSAGE][INFO] - Smart Wait Function is triggered

2021-11-18 12:01:03 - [MESSAGE][INFO] - Found 84 web elements with id: 'Object Repository/Tablo/Veriler' located by 'By.cssSelector: td.dxgv b ,td.dxgv' in '10' second(s)

2021-11-18 12:01:03 - [MESSAGE][INFO] - Smart Wait Function is triggered

2021-11-18 12:01:03 - [MESSAGE][PASSED] - Method.TextDegerineEsitElementinAltindakineTikla is PASSED

2021-11-18 12:01:03 - [MESSAGE][PASSED] - Call Test Case 'Test Cases/Tablo/TablodanEttnliVeriSec' successfully

2021-11-18 12:01:03 - [MESSAGE][INFO] - Checking called Test Case

2021-11-18 12:01:03 - [MESSAGE][INFO] - Starting to call Test Case 'Test Cases/Butonlar/ButonaTikla'

2021-11-18 12:01:03 - [TEST_CASE][PASSED] - Test Cases/Butonlar/ButonaTikla: Test Cases/Butonlar/ButonaTikla

2021-11-18 12:01:03 - [TEST_STEP][PASSED] - Method.TextDegerineEsitElementeTiklaEquals(findTestObject("Butonlar/Butonlar"), Buton_Adi): Method.TextDegerineEsitElementeTiklaEquals is PASSED

2021-11-18 12:01:03 - [MESSAGE][INFO] - Finding Test Object 'Object Repository/Butonlar/Butonlar'

2021-11-18 12:01:03 - [MESSAGE][INFO] - Checking timeout

2021-11-18 12:01:03 - [MESSAGE][INFO] - Finding web element with id: 'Object Repository/Butonlar/Butonlar' located by 'By.cssSelector: .panel.panel-default.text-center.footerPanel .btn,.btn.btn-primary.btnControls' in '10' second(s)

2021-11-18 12:01:03 - [MESSAGE][INFO] - Smart Wait Function is triggered

2021-11-18 12:01:04 - [MESSAGE][INFO] - Found 9 web elements with id: 'Object Repository/Butonlar/Butonlar' located by 'By.cssSelector: .panel.panel-default.text-center.footerPanel .btn,.btn.btn-primary.btnControls' in '10' second(s)

2021-11-18 12:01:04 - [MESSAGE][PASSED] - Method.TextDegerineEsitElementeTiklaEquals is PASSED

2021-11-18 12:01:04 - [MESSAGE][PASSED] - Call Test Case 'Test Cases/Butonlar/ButonaTikla' successfully

2021-11-18 12:01:04 - [MESSAGE][INFO] - Checking called Test Case

2021-11-18 12:01:04 - [MESSAGE][INFO] - Starting to call Test Case 'Test Cases/Popup/PopupMesajiIceriyorMu'

2021-11-18 12:01:04 - [TEST_CASE][PASSED] - Test Cases/Popup/PopupMesajiIceriyorMu: Test Cases/Popup/PopupMesajiIceriyorMu

2021-11-18 12:01:04 - [TEST_STEP][PASSED] - waitForElementVisible(findTestObject("Popup/Popup"), 10): Object 'Object Repository/Popup/Popup' is visible

2021-11-18 12:01:04 - [MESSAGE][INFO] - Finding Test Object 'Object Repository/Popup/Popup'

2021-11-18 12:01:04 - [MESSAGE][INFO] - Checking object

2021-11-18 12:01:04 - [MESSAGE][INFO] - Checking timeout

2021-11-18 12:01:04 - [MESSAGE][INFO] - Finding web element from Test Object's properties

2021-11-18 12:01:04 - [MESSAGE][INFO] - Checking timeout

2021-11-18 12:01:04 - [MESSAGE][INFO] - Finding web element with id: 'Object Repository/Popup/Popup' located by 'By.cssSelector: .bootbox-body' in '10' second(s)

2021-11-18 12:01:04 - [MESSAGE][INFO] - Smart Wait Function is triggered

2021-11-18 12:01:05 - [MESSAGE][INFO] - Found 1 web elements with id: 'Object Repository/Popup/Popup' located by 'By.cssSelector: .bootbox-body' in '10' second(s)

2021-11-18 12:01:05 - [MESSAGE][PASSED] - Object 'Object Repository/Popup/Popup' is visible

2021-11-18 12:01:05 - [TEST_STEP][PASSED] - if (!(getText(findTestObject("Popup/Popup")).contains(Mesaj))): Text of object 'Object Repository/Popup/Popup' is: 'Oluşturulacak fatura numarası : EAR2021000000492 Fatura numarası oluşturulduktan sonra fatura silinemez. Fatura numarası, tarihi ve ön eki değiştirilemez. Devam etmek istiyor musunuz?'

2021-11-18 12:01:05 - [MESSAGE][INFO] - Finding Test Object 'Object Repository/Popup/Popup'

2021-11-18 12:01:05 - [MESSAGE][INFO] - Checking object

2021-11-18 12:01:05 - [MESSAGE][INFO] - Finding web element from Test Object's properties

2021-11-18 12:01:05 - [MESSAGE][INFO] - Checking timeout

2021-11-18 12:01:05 - [MESSAGE][INFO] - Finding web element with id: 'Object Repository/Popup/Popup' located by 'By.cssSelector: .bootbox-body' in '30' second(s)

2021-11-18 12:01:05 - [MESSAGE][INFO] - Smart Wait Function is triggered

2021-11-18 12:01:05 - [MESSAGE][INFO] - Found 1 web elements with id: 'Object Repository/Popup/Popup' located by 'By.cssSelector: .bootbox-body' in '30' second(s)

2021-11-18 12:01:05 - [MESSAGE][INFO] - Getting text of object 'Object Repository/Popup/Popup'

2021-11-18 12:01:05 - [MESSAGE][PASSED] - Text of object 'Object Repository/Popup/Popup' is: 'Oluşturulacak fatura numarası : EAR2021000000492 Fatura numarası oluşturulduktan sonra fatura silinemez. Fatura numarası, tarihi ve ön eki değiştirilemez. Devam etmek istiyor musunuz?'

2021-11-18 12:01:05 - [TEST_STEP][PASSED] - RaporNo = getText(findTestObject("Popup/Popup")).substring(0, 6): Text of object 'Object Repository/Popup/Popup' is: 'Oluşturulacak fatura numarası : EAR2021000000492 Fatura numarası oluşturulduktan sonra fatura silinemez. Fatura numarası, tarihi ve ön eki değiştirilemez. Devam etmek istiyor musunuz?'

2021-11-18 12:01:05 - [MESSAGE][INFO] - Finding Test Object 'Object Repository/Popup/Popup'

2021-11-18 12:01:05 - [MESSAGE][INFO] - Checking object

2021-11-18 12:01:05 - [MESSAGE][INFO] - Finding web element from Test Object's properties

2021-11-18 12:01:05 - [MESSAGE][INFO] - Checking timeout

2021-11-18 12:01:05 - [MESSAGE][INFO] - Finding web element with id: 'Object Repository/Popup/Popup' located by 'By.cssSelector: .bootbox-body' in '30' second(s)

2021-11-18 12:01:05 - [MESSAGE][INFO] - Smart Wait Function is triggered

2021-11-18 12:01:06 - [MESSAGE][INFO] - Found 1 web elements with id: 'Object Repository/Popup/Popup' located by 'By.cssSelector: .bootbox-body' in '30' second(s)

2021-11-18 12:01:06 - [MESSAGE][INFO] - Getting text of object 'Object Repository/Popup/Popup'

2021-11-18 12:01:06 - [MESSAGE][PASSED] - Text of object 'Object Repository/Popup/Popup' is: 'Oluşturulacak fatura numarası : EAR2021000000492 Fatura numarası oluşturulduktan sonra fatura silinemez. Fatura numarası, tarihi ve ön eki değiştirilemez. Devam etmek istiyor musunuz?'

2021-11-18 12:01:06 - [TEST_STEP][PASSED] - Console.println(RaporNo): null

2021-11-18 12:01:06 - [MESSAGE][PASSED] - Call Test Case 'Test Cases/Popup/PopupMesajiIceriyorMu' successfully

2021-11-18 12:01:06 - [MESSAGE][INFO] - Checking called Test Case

2021-11-18 12:01:06 - [MESSAGE][INFO] - Starting to call Test Case 'Test Cases/Popup/PopupButonSecilir'

2021-11-18 12:01:06 - [TEST_CASE][PASSED] - Test Cases/Popup/PopupButonSecilir: Test Cases/Popup/PopupButonSecilir

2021-11-18 12:01:06 - [TEST_STEP][PASSED] - Method.TextDegerineEsitElementeTikla(findTestObject("Popup/Popup_Butons"), Buton): Method.TextDegerineEsitElementeTikla is PASSED

2021-11-18 12:01:06 - [MESSAGE][INFO] - Finding Test Object 'Object Repository/Popup/Popup_Butons'

2021-11-18 12:01:06 - [MESSAGE][INFO] - Checking timeout

2021-11-18 12:01:06 - [MESSAGE][INFO] - Finding web element with id: 'Object Repository/Popup/Popup_Butons' located by 'By.cssSelector: .modal-footer>button' in '10' second(s)

2021-11-18 12:01:06 - [MESSAGE][INFO] - Smart Wait Function is triggered

2021-11-18 12:01:06 - [MESSAGE][INFO] - Found 2 web elements with id: 'Object Repository/Popup/Popup_Butons' located by 'By.cssSelector: .modal-footer>button' in '10' second(s)

2021-11-18 12:01:06 - [MESSAGE][PASSED] - Method.TextDegerineEsitElementeTikla is PASSED

2021-11-18 12:01:06 - [MESSAGE][PASSED] - Call Test Case 'Test Cases/Popup/PopupButonSecilir' successfully

2021-11-18 12:01:06 - [MESSAGE][INFO] - Checking called Test Case

2021-11-18 12:01:06 - [MESSAGE][INFO] - Starting to call Test Case 'Test Cases/Popup/PopupMesajiIceriyorMu'

2021-11-18 12:01:06 - [TEST_CASE][PASSED] - Test Cases/Popup/PopupMesajiIceriyorMu: Test Cases/Popup/PopupMesajiIceriyorMu

2021-11-18 12:01:06 - [TEST_STEP][PASSED] - waitForElementVisible(findTestObject("Popup/Popup"), 10): Object 'Object Repository/Popup/Popup' is visible

2021-11-18 12:01:06 - [MESSAGE][INFO] - Finding Test Object 'Object Repository/Popup/Popup'

2021-11-18 12:01:07 - [MESSAGE][INFO] - Checking object

2021-11-18 12:01:07 - [MESSAGE][INFO] - Checking timeout

2021-11-18 12:01:07 - [MESSAGE][INFO] - Finding web element from Test Object's properties

2021-11-18 12:01:07 - [MESSAGE][INFO] - Checking timeout

2021-11-18 12:01:07 - [MESSAGE][INFO] - Finding web element with id: 'Object Repository/Popup/Popup' located by 'By.cssSelector: .bootbox-body' in '10' second(s)

2021-11-18 12:01:07 - [MESSAGE][INFO] - Smart Wait Function is triggered

2021-11-18 12:01:07 - [MESSAGE][INFO] - Found 1 web elements with id: 'Object Repository/Popup/Popup' located by 'By.cssSelector: .bootbox-body' in '10' second(s)

2021-11-18 12:01:07 - [MESSAGE][PASSED] - Object 'Object Repository/Popup/Popup' is visible

2021-11-18 12:01:07 - [TEST_STEP][PASSED] - if (!(getText(findTestObject("Popup/Popup")).contains(Mesaj))): Text of object 'Object Repository/Popup/Popup' is: 'Fatura numaranız EAR2021000000492 olarak oluşmuştur.'

2021-11-18 12:01:07 - [MESSAGE][INFO] - Finding Test Object 'Object Repository/Popup/Popup'

2021-11-18 12:01:07 - [MESSAGE][INFO] - Checking object

2021-11-18 12:01:07 - [MESSAGE][INFO] - Finding web element from Test Object's properties

2021-11-18 12:01:07 - [MESSAGE][INFO] - Checking timeout

2021-11-18 12:01:07 - [MESSAGE][INFO] - Finding web element with id: 'Object Repository/Popup/Popup' located by 'By.cssSelector: .bootbox-body' in '30' second(s)

2021-11-18 12:01:07 - [MESSAGE][INFO] - Smart Wait Function is triggered

2021-11-18 12:01:07 - [MESSAGE][INFO] - Found 1 web elements with id: 'Object Repository/Popup/Popup' located by 'By.cssSelector: .bootbox-body' in '30' second(s)

2021-11-18 12:01:07 - [MESSAGE][INFO] - Getting text of object 'Object Repository/Popup/Popup'

2021-11-18 12:01:07 - [MESSAGE][PASSED] - Text of object 'Object Repository/Popup/Popup' is: 'Fatura numaranız EAR2021000000492 olarak oluşmuştur.'

2021-11-18 12:01:07 - [TEST_STEP][PASSED] - RaporNo = getText(findTestObject("Popup/Popup")).substring(0, 6): Text of object 'Object Repository/Popup/Popup' is: 'Fatura numaranız EAR2021000000492 olarak oluşmuştur.'

2021-11-18 12:01:07 - [MESSAGE][INFO] - Finding Test Object 'Object Repository/Popup/Popup'

2021-11-18 12:01:08 - [MESSAGE][INFO] - Checking object

2021-11-18 12:01:08 - [MESSAGE][INFO] - Finding web element from Test Object's properties

2021-11-18 12:01:08 - [MESSAGE][INFO] - Checking timeout

2021-11-18 12:01:08 - [MESSAGE][INFO] - Finding web element with id: 'Object Repository/Popup/Popup' located by 'By.cssSelector: .bootbox-body' in '30' second(s)

2021-11-18 12:01:08 - [MESSAGE][INFO] - Smart Wait Function is triggered

2021-11-18 12:01:08 - [MESSAGE][INFO] - Found 1 web elements with id: 'Object Repository/Popup/Popup' located by 'By.cssSelector: .bootbox-body' in '30' second(s)

2021-11-18 12:01:08 - [MESSAGE][INFO] - Getting text of object 'Object Repository/Popup/Popup'

2021-11-18 12:01:08 - [MESSAGE][PASSED] - Text of object 'Object Repository/Popup/Popup' is: 'Fatura numaranız EAR2021000000492 olarak oluşmuştur.'

2021-11-18 12:01:08 - [TEST_STEP][PASSED] - Console.println(RaporNo): null

2021-11-18 12:01:08 - [MESSAGE][PASSED] - Call Test Case 'Test Cases/Popup/PopupMesajiIceriyorMu' successfully

2021-11-18 12:01:08 - [MESSAGE][INFO] - Checking called Test Case

2021-11-18 12:01:08 - [MESSAGE][INFO] - Starting to call Test Case 'Test Cases/Popup/PopupButonSecilir'

2021-11-18 12:01:08 - [TEST_CASE][PASSED] - Test Cases/Popup/PopupButonSecilir: Test Cases/Popup/PopupButonSecilir

2021-11-18 12:01:08 - [TEST_STEP][PASSED] - Method.TextDegerineEsitElementeTikla(findTestObject("Popup/Popup_Butons"), Buton): Method.TextDegerineEsitElementeTikla is PASSED

2021-11-18 12:01:08 - [MESSAGE][INFO] - Finding Test Object 'Object Repository/Popup/Popup_Butons'

2021-11-18 12:01:08 - [MESSAGE][INFO] - Checking timeout

2021-11-18 12:01:08 - [MESSAGE][INFO] - Finding web element with id: 'Object Repository/Popup/Popup_Butons' located by 'By.cssSelector: .modal-footer>button' in '10' second(s)

2021-11-18 12:01:08 - [MESSAGE][INFO] - Smart Wait Function is triggered

2021-11-18 12:01:08 - [MESSAGE][INFO] - Found 1 web elements with id: 'Object Repository/Popup/Popup_Butons' located by 'By.cssSelector: .modal-footer>button' in '10' second(s)

2021-11-18 12:01:08 - [MESSAGE][PASSED] - Method.TextDegerineEsitElementeTikla is PASSED

2021-11-18 12:01:08 - [MESSAGE][PASSED] - Call Test Case 'Test Cases/Popup/PopupButonSecilir' successfully

2021-11-18 12:01:08 - [MESSAGE][INFO] - Checking called Test Case

2021-11-18 12:01:08 - [MESSAGE][INFO] - Starting to call Test Case 'Test Cases/Tablo/TablodanEttnliVeriSec'

2021-11-18 12:01:08 - [TEST_CASE][PASSED] - Test Cases/Tablo/TablodanEttnliVeriSec: Test Cases/Tablo/TablodanEttnliVeriSec

2021-11-18 12:01:08 - [TEST_STEP][PASSED] - Method.TextDegerineEsitElementinAltindakineTikla(findTestObject("Tablo/Veriler"), findTestObject("Tablo/VerininCheckBoxi"), ettn): Method.TextDegerineEsitElementinAltindakineTikla is PASSED

2021-11-18 12:01:08 - [MESSAGE][INFO] - Finding Test Object 'Object Repository/Tablo/Veriler'

2021-11-18 12:01:08 - [MESSAGE][INFO] - Finding Test Object 'Object Repository/Tablo/VerininCheckBoxi'

2021-11-18 12:01:09 - [MESSAGE][INFO] - Checking timeout

2021-11-18 12:01:09 - [MESSAGE][INFO] - Finding web element with id: 'Object Repository/Tablo/Veriler' located by 'By.cssSelector: td.dxgv b ,td.dxgv' in '10' second(s)

2021-11-18 12:01:09 - [MESSAGE][INFO] - Smart Wait Function is triggered

2021-11-18 12:01:09 - [MESSAGE][INFO] - Found 84 web elements with id: 'Object Repository/Tablo/Veriler' located by 'By.cssSelector: td.dxgv b ,td.dxgv' in '10' second(s)

2021-11-18 12:01:09 - [MESSAGE][INFO] - Smart Wait Function is triggered

2021-11-18 12:01:10 - [MESSAGE][PASSED] - Method.TextDegerineEsitElementinAltindakineTikla is PASSED

2021-11-18 12:01:10 - [MESSAGE][PASSED] - Call Test Case 'Test Cases/Tablo/TablodanEttnliVeriSec' successfully

2021-11-18 12:01:10 - [MESSAGE][INFO] - Checking called Test Case

2021-11-18 12:01:10 - [MESSAGE][INFO] - Starting to call Test Case 'Test Cases/Butonlar/ButonaTikla'

2021-11-18 12:01:10 - [TEST_CASE][PASSED] - Test Cases/Butonlar/ButonaTikla: Test Cases/Butonlar/ButonaTikla

2021-11-18 12:01:10 - [TEST_STEP][PASSED] - Method.TextDegerineEsitElementeTiklaEquals(findTestObject("Butonlar/Butonlar"), Buton_Adi): Method.TextDegerineEsitElementeTiklaEquals is PASSED

2021-11-18 12:01:10 - [MESSAGE][INFO] - Finding Test Object 'Object Repository/Butonlar/Butonlar'

2021-11-18 12:01:10 - [MESSAGE][INFO] - Checking timeout

2021-11-18 12:01:10 - [MESSAGE][INFO] - Finding web element with id: 'Object Repository/Butonlar/Butonlar' located by 'By.cssSelector: .panel.panel-default.text-center.footerPanel .btn,.btn.btn-primary.btnControls' in '10' second(s)

2021-11-18 12:01:10 - [MESSAGE][INFO] - Smart Wait Function is triggered

2021-11-18 12:01:10 - [MESSAGE][INFO] - Found 9 web elements with id: 'Object Repository/Butonlar/Butonlar' located by 'By.cssSelector: .panel.panel-default.text-center.footerPanel .btn,.btn.btn-primary.btnControls' in '10' second(s)

2021-11-18 12:01:10 - [MESSAGE][PASSED] - Method.TextDegerineEsitElementeTiklaEquals is PASSED

2021-11-18 12:01:10 - [MESSAGE][PASSED] - Call Test Case 'Test Cases/Butonlar/ButonaTikla' successfully

2021-11-18 12:01:10 - [MESSAGE][INFO] - Checking called Test Case

2021-11-18 12:01:10 - [MESSAGE][INFO] - Starting to call Test Case 'Test Cases/Popup/PopupMesajiIceriyorMu'

2021-11-18 12:01:11 - [TEST_CASE][PASSED] - Test Cases/Popup/PopupMesajiIceriyorMu: Test Cases/Popup/PopupMesajiIceriyorMu

2021-11-18 12:01:11 - [TEST_STEP][PASSED] - waitForElementVisible(findTestObject("Popup/Popup"), 10): Object 'Object Repository/Popup/Popup' is visible

2021-11-18 12:01:11 - [MESSAGE][INFO] - Finding Test Object 'Object Repository/Popup/Popup'

2021-11-18 12:01:11 - [MESSAGE][INFO] - Checking object

2021-11-18 12:01:11 - [MESSAGE][INFO] - Checking timeout

2021-11-18 12:01:11 - [MESSAGE][INFO] - Finding web element from Test Object's properties

2021-11-18 12:01:11 - [MESSAGE][INFO] - Checking timeout

2021-11-18 12:01:11 - [MESSAGE][INFO] - Finding web element with id: 'Object Repository/Popup/Popup' located by 'By.cssSelector: .bootbox-body' in '10' second(s)

2021-11-18 12:01:11 - [MESSAGE][INFO] - Smart Wait Function is triggered

2021-11-18 12:01:11 - [MESSAGE][INFO] - Found 1 web elements with id: 'Object Repository/Popup/Popup' located by 'By.cssSelector: .bootbox-body' in '10' second(s)

2021-11-18 12:01:11 - [MESSAGE][PASSED] - Object 'Object Repository/Popup/Popup' is visible

2021-11-18 12:01:11 - [TEST_STEP][PASSED] - if (!(getText(findTestObject("Popup/Popup")).contains(Mesaj))): Text of object 'Object Repository/Popup/Popup' is: 'EAR serisi için onaylanmamış belge(leri)niz bulunmaktadır.
Devam etmek istiyor musunuz?'

2021-11-18 12:01:11 - [MESSAGE][INFO] - Finding Test Object 'Object Repository/Popup/Popup'

2021-11-18 12:01:11 - [MESSAGE][INFO] - Checking object

2021-11-18 12:01:11 - [MESSAGE][INFO] - Finding web element from Test Object's properties

2021-11-18 12:01:11 - [MESSAGE][INFO] - Checking timeout

2021-11-18 12:01:11 - [MESSAGE][INFO] - Finding web element with id: 'Object Repository/Popup/Popup' located by 'By.cssSelector: .bootbox-body' in '30' second(s)

2021-11-18 12:01:11 - [MESSAGE][INFO] - Smart Wait Function is triggered

2021-11-18 12:01:11 - [MESSAGE][INFO] - Found 1 web elements with id: 'Object Repository/Popup/Popup' located by 'By.cssSelector: .bootbox-body' in '30' second(s)

2021-11-18 12:01:11 - [MESSAGE][INFO] - Getting text of object 'Object Repository/Popup/Popup'

2021-11-18 12:01:11 - [MESSAGE][PASSED] - Text of object 'Object Repository/Popup/Popup' is: 'EAR serisi için onaylanmamış belge(leri)niz bulunmaktadır.
Devam etmek istiyor musunuz?'

2021-11-18 12:01:11 - [TEST_STEP][PASSED] - RaporNo = getText(findTestObject("Popup/Popup")).substring(0, 6): Text of object 'Object Repository/Popup/Popup' is: 'EAR serisi için onaylanmamış belge(leri)niz bulunmaktadır.
Devam etmek istiyor musunuz?'

2021-11-18 12:01:11 - [MESSAGE][INFO] - Finding Test Object 'Object Repository/Popup/Popup'

2021-11-18 12:01:11 - [MESSAGE][INFO] - Checking object

2021-11-18 12:01:11 - [MESSAGE][INFO] - Finding web element from Test Object's properties

2021-11-18 12:01:11 - [MESSAGE][INFO] - Checking timeout

2021-11-18 12:01:11 - [MESSAGE][INFO] - Finding web element with id: 'Object Repository/Popup/Popup' located by 'By.cssSelector: .bootbox-body' in '30' second(s)

2021-11-18 12:01:11 - [MESSAGE][INFO] - Smart Wait Function is triggered

2021-11-18 12:01:12 - [MESSAGE][INFO] - Found 1 web elements with id: 'Object Repository/Popup/Popup' located by 'By.cssSelector: .bootbox-body' in '30' second(s)

2021-11-18 12:01:12 - [MESSAGE][INFO] - Getting text of object 'Object Repository/Popup/Popup'

2021-11-18 12:01:12 - [MESSAGE][PASSED] - Text of object 'Object Repository/Popup/Popup' is: 'EAR serisi için onaylanmamış belge(leri)niz bulunmaktadır.
Devam etmek istiyor musunuz?'

2021-11-18 12:01:12 - [TEST_STEP][PASSED] - Console.println(RaporNo): null

2021-11-18 12:01:12 - [MESSAGE][PASSED] - Call Test Case 'Test Cases/Popup/PopupMesajiIceriyorMu' successfully

2021-11-18 12:01:12 - [MESSAGE][INFO] - Checking called Test Case

2021-11-18 12:01:12 - [MESSAGE][INFO] - Starting to call Test Case 'Test Cases/Popup/PopupButonSecilir'

2021-11-18 12:01:12 - [TEST_CASE][PASSED] - Test Cases/Popup/PopupButonSecilir: Test Cases/Popup/PopupButonSecilir

2021-11-18 12:01:12 - [TEST_STEP][PASSED] - Method.TextDegerineEsitElementeTikla(findTestObject("Popup/Popup_Butons"), Buton): Method.TextDegerineEsitElementeTikla is PASSED

2021-11-18 12:01:12 - [MESSAGE][INFO] - Finding Test Object 'Object Repository/Popup/Popup_Butons'

2021-11-18 12:01:12 - [MESSAGE][INFO] - Checking timeout

2021-11-18 12:01:12 - [MESSAGE][INFO] - Finding web element with id: 'Object Repository/Popup/Popup_Butons' located by 'By.cssSelector: .modal-footer>button' in '10' second(s)

2021-11-18 12:01:12 - [MESSAGE][INFO] - Smart Wait Function is triggered

2021-11-18 12:01:12 - [MESSAGE][INFO] - Found 2 web elements with id: 'Object Repository/Popup/Popup_Butons' located by 'By.cssSelector: .modal-footer>button' in '10' second(s)

2021-11-18 12:01:12 - [MESSAGE][PASSED] - Method.TextDegerineEsitElementeTikla is PASSED

2021-11-18 12:01:12 - [MESSAGE][PASSED] - Call Test Case 'Test Cases/Popup/PopupButonSecilir' successfully

2021-11-18 12:01:12 - [MESSAGE][INFO] - Checking called Test Case

2021-11-18 12:01:12 - [MESSAGE][INFO] - Starting to call Test Case 'Test Cases/Menu/AnaMenuSecimi'

2021-11-18 12:01:12 - [TEST_CASE][PASSED] - Test Cases/Menu/AnaMenuSecimi: Test Cases/Menu/AnaMenuSecimi

2021-11-18 12:01:12 - [TEST_STEP][PASSED] - Method.TextDegerineEsitElementeTikla(findTestObject("Menu/Ana_Menu"), Ana_Menu): Method.TextDegerineEsitElementeTikla is PASSED

2021-11-18 12:01:12 - [MESSAGE][INFO] - Finding Test Object 'Object Repository/Menu/Ana_Menu'

2021-11-18 12:01:12 - [MESSAGE][INFO] - Checking timeout

2021-11-18 12:01:12 - [MESSAGE][INFO] - Finding web element with id: 'Object Repository/Menu/Ana_Menu' located by 'By.xpath: //*[@class = 'dropdown-toggle']' in '10' second(s)

2021-11-18 12:01:12 - [MESSAGE][INFO] - Smart Wait Function is triggered

2021-11-18 12:01:13 - [MESSAGE][INFO] - Found 13 web elements with id: 'Object Repository/Menu/Ana_Menu' located by 'By.xpath: //*[@class = 'dropdown-toggle']' in '10' second(s)

2021-11-18 12:01:13 - [MESSAGE][PASSED] - Method.TextDegerineEsitElementeTikla is PASSED

2021-11-18 12:01:13 - [MESSAGE][PASSED] - Call Test Case 'Test Cases/Menu/AnaMenuSecimi' successfully

2021-11-18 12:01:13 - [MESSAGE][INFO] - Checking called Test Case

2021-11-18 12:01:13 - [MESSAGE][INFO] - Starting to call Test Case 'Test Cases/Menu/BasligaGoreAltMenuSecimi'

2021-11-18 12:01:13 - [TEST_CASE][PASSED] - Test Cases/Menu/BasligaGoreAltMenuSecimi: Test Cases/Menu/BasligaGoreAltMenuSecimi

2021-11-18 12:01:13 - [TEST_STEP][PASSED] - Method.TextDegerineEsitElementinAltindakiTextDegerineEsitOlanaTikla(findTestObject("Menu/Menu_Basligi"), findTestObject("Menu/Basliga_Gore_Alt_Menu"), Baslik, Alt_Menu): Method.TextDegerineEsitElementinAltindakiTextDegerineEsitOlanaTikla is PASSED

2021-11-18 12:01:13 - [MESSAGE][INFO] - Finding Test Object 'Object Repository/Menu/Menu_Basligi'

2021-11-18 12:01:13 - [MESSAGE][INFO] - Finding Test Object 'Object Repository/Menu/Basliga_Gore_Alt_Menu'

2021-11-18 12:01:13 - [MESSAGE][INFO] - Checking timeout

2021-11-18 12:01:13 - [MESSAGE][INFO] - Finding web element with id: 'Object Repository/Menu/Menu_Basligi' located by 'By.xpath: //li[@class='dropdown dropdown-large open']//li[@class='dropdown-header']' in '10' second(s)

2021-11-18 12:01:13 - [MESSAGE][INFO] - Smart Wait Function is triggered

2021-11-18 12:01:14 - [MESSAGE][INFO] - Found 2 web elements with id: 'Object Repository/Menu/Menu_Basligi' located by 'By.xpath: //li[@class='dropdown dropdown-large open']//li[@class='dropdown-header']' in '10' second(s)

2021-11-18 12:01:14 - [MESSAGE][INFO] - Smart Wait Function is triggered

2021-11-18 12:01:15 - [MESSAGE][PASSED] - Method.TextDegerineEsitElementinAltindakiTextDegerineEsitOlanaTikla is PASSED

2021-11-18 12:01:15 - [MESSAGE][PASSED] - Call Test Case 'Test Cases/Menu/BasligaGoreAltMenuSecimi' successfully

2021-11-18 12:01:15 - [MESSAGE][INFO] - Checking called Test Case

2021-11-18 12:01:15 - [MESSAGE][INFO] - Starting to call Test Case 'Test Cases/Filtreler/EttnYaz'

2021-11-18 12:01:15 - [TEST_CASE][PASSED] - Test Cases/Filtreler/EttnYaz: Test Cases/Filtreler/EttnYaz

2021-11-18 12:01:15 - [TEST_STEP][PASSED] - Method.TextDegerineEsitElementinAltindakiTextboxtaYaz(findTestObject("Filtreler/Basliklar"), findTestObject("Filtreler/Basliga_Gore_Textbox"), "ETTN", ettn): Method.TextDegerineEsitElementinAltindakiTextboxtaYaz is PASSED

2021-11-18 12:01:15 - [MESSAGE][INFO] - Finding Test Object 'Object Repository/Filtreler/Basliklar'

2021-11-18 12:01:15 - [MESSAGE][INFO] - Finding Test Object 'Object Repository/Filtreler/Basliga_Gore_Textbox'

2021-11-18 12:01:15 - [MESSAGE][INFO] - Checking timeout

2021-11-18 12:01:15 - [MESSAGE][INFO] - Finding web element with id: 'Object Repository/Filtreler/Basliklar' located by 'By.cssSelector: .control-label.col-sm-4.paddingMarginRLC' in '10' second(s)

2021-11-18 12:01:15 - [MESSAGE][INFO] - Smart Wait Function is triggered

2021-11-18 12:01:15 - [MESSAGE][INFO] - Found 19 web elements with id: 'Object Repository/Filtreler/Basliklar' located by 'By.cssSelector: .control-label.col-sm-4.paddingMarginRLC' in '10' second(s)

2021-11-18 12:01:15 - [MESSAGE][INFO] - Smart Wait Function is triggered

2021-11-18 12:01:16 - [MESSAGE][PASSED] - Method.TextDegerineEsitElementinAltindakiTextboxtaYaz is PASSED

2021-11-18 12:01:16 - [MESSAGE][PASSED] - Call Test Case 'Test Cases/Filtreler/EttnYaz' successfully

2021-11-18 12:01:16 - [MESSAGE][INFO] - Checking called Test Case

2021-11-18 12:01:16 - [MESSAGE][INFO] - Starting to call Test Case 'Test Cases/Filtreler/ButonaTikla'

2021-11-18 12:01:16 - [TEST_CASE][PASSED] - Test Cases/Filtreler/ButonaTikla: Test Cases/Filtreler/ButonaTikla

2021-11-18 12:01:16 - [TEST_STEP][PASSED] - Method.TextDegerineEsitElementeTikla(findTestObject("Filtreler/Butonlar"), Filtre_Buton): Method.TextDegerineEsitElementeTikla is PASSED

2021-11-18 12:01:16 - [MESSAGE][INFO] - Finding Test Object 'Object Repository/Filtreler/Butonlar'

2021-11-18 12:01:16 - [MESSAGE][INFO] - Checking timeout

2021-11-18 12:01:16 - [MESSAGE][INFO] - Finding web element with id: 'Object Repository/Filtreler/Butonlar' located by 'By.cssSelector: .dxb>span' in '10' second(s)

2021-11-18 12:01:16 - [MESSAGE][INFO] - Smart Wait Function is triggered

2021-11-18 12:01:16 - [MESSAGE][INFO] - Found 3 web elements with id: 'Object Repository/Filtreler/Butonlar' located by 'By.cssSelector: .dxb>span' in '10' second(s)

2021-11-18 12:01:16 - [MESSAGE][PASSED] - Method.TextDegerineEsitElementeTikla is PASSED

2021-11-18 12:01:16 - [MESSAGE][PASSED] - Call Test Case 'Test Cases/Filtreler/ButonaTikla' successfully

2021-11-18 12:01:16 - [MESSAGE][INFO] - Checking called Test Case

2021-11-18 12:01:16 - [MESSAGE][INFO] - Starting to call Test Case 'Test Cases/Tablo/TablodaVeriVarMi'

2021-11-18 12:01:16 - [TEST_CASE][PASSED] - Test Cases/Tablo/TablodaVeriVarMi: Test Cases/Tablo/TablodaVeriVarMi

2021-11-18 12:01:16 - [TEST_STEP][PASSED] - verifyTextNotPresent("Görüntülenecek veri yok", true): Text 'Görüntülenecek veri yok' is not present on page using regular expression

2021-11-18 12:01:16 - [MESSAGE][INFO] - Checking text present  using regular expression

2021-11-18 12:01:16 - [MESSAGE][INFO] - Smart Wait Function is triggered

2021-11-18 12:01:17 - [MESSAGE][INFO] - Finding text 'Görüntülenecek veri yok' on page  using regular expression

2021-11-18 12:01:17 - [MESSAGE][PASSED] - Text 'Görüntülenecek veri yok' is not present on page using regular expression

2021-11-18 12:01:17 - [MESSAGE][PASSED] - Call Test Case 'Test Cases/Tablo/TablodaVeriVarMi' successfully

2021-11-18 12:01:17 - [MESSAGE][INFO] - Checking called Test Case

2021-11-18 12:01:17 - [MESSAGE][INFO] - Starting to call Test Case 'Test Cases/Tablo/TablodaVeriBasariliMiArsiv'

2021-11-18 12:01:17 - [TEST_CASE][PASSED] - Test Cases/Tablo/TablodaVeriBasariliMiArsiv: Test Cases/Tablo/TablodaVeriBasariliMiArsiv

2021-11-18 12:01:17 - [TEST_STEP][PASSED] - sayac = 80: null

2021-11-18 12:01:17 - [TEST_STEP][PASSED] - while (verifyElementText(findTestObject("Object Repository/Tablo/DurumBilgisiArsiv"), "Henüz Sonuçlanmadı", OPTIONAL)): Actual text 'Başarılı' and expected text 'Henüz Sonuçlanmadı' of test object 'Object Repository/Tablo/DurumBilgisiArsiv' are NOT matched. (Root cause: com.kms.katalon.core.exception.StepFailedException: Actual text 'Başarılı' and expected text 'Henüz Sonuçlanmadı' of test object 'Object Repository/Tablo/DurumBilgisiArsiv' are NOT matched.
	at com.kms.katalon.core.webui.keyword.internal.WebUIKeywordMain.stepFailed(WebUIKeywordMain.groovy:64)
	at com.kms.katalon.core.webui.keyword.builtin.VerifyElementTextKeyword$_verifyElementText_closure1.doCall(VerifyElementTextKeyword.groovy:57)
	at com.kms.katalon.core.webui.keyword.builtin.VerifyElementTextKeyword$_verifyElementText_closure1.call(VerifyElementTextKeyword.groovy)
	at com.kms.katalon.core.webui.keyword.internal.WebUIKeywordMain.runKeyword(WebUIKeywordMain.groovy:20)
	at com.kms.katalon.core.webui.keyword.builtin.VerifyElementTextKeyword.verifyElementText(VerifyElementTextKeyword.groovy:72)
	at com.kms.katalon.core.webui.keyword.builtin.VerifyElementTextKeyword.execute(VerifyElementTextKeyword.groovy:40)
	at com.kms.katalon.core.keyword.internal.KeywordExecutor.executeKeywordForPlatform(KeywordExecutor.groovy:73)
	at com.kms.katalon.core.webui.keyword.WebUiBuiltInKeywords.verifyElementText(WebUiBuiltInKeywords.groovy:4733)
	at com.kms.katalon.core.webui.keyword.WebUiBuiltInKeywords$verifyElementText$20.call(Unknown Source)
	at TablodaVeriBasariliMiArsiv.run(TablodaVeriBasariliMiArsiv:22)
	at com.kms.katalon.core.main.ScriptEngine.run(ScriptEngine.java:194)
	at com.kms.katalon.core.main.ScriptEngine.runScriptAsRawText(ScriptEngine.java:119)
	at com.kms.katalon.core.main.TestCaseExecutor.runScript(TestCaseExecutor.java:369)
	at com.kms.katalon.core.main.TestCaseExecutor.doExecute(TestCaseExecutor.java:360)
	at com.kms.katalon.core.main.TestCaseExecutor.processExecutionPhase(TestCaseExecutor.java:339)
	at com.kms.katalon.core.main.TestCaseExecutor.accessMainPhase(TestCaseExecutor.java:331)
	at com.kms.katalon.core.main.TestCaseExecutor.execute(TestCaseExecutor.java:248)
	at com.kms.katalon.core.main.TestCaseMain.runTestCase(TestCaseMain.java:138)
	at com.kms.katalon.core.keyword.builtin.CallTestCaseKeyword$_callTestCase_closure1.doCall(CallTestCaseKeyword.groovy:59)
	at com.kms.katalon.core.keyword.builtin.CallTestCaseKeyword$_callTestCase_closure1.call(CallTestCaseKeyword.groovy)
	at com.kms.katalon.core.keyword.internal.KeywordMain.runKeyword(KeywordMain.groovy:68)
	at com.kms.katalon.core.keyword.builtin.CallTestCaseKeyword.callTestCase(CallTestCaseKeyword.groovy:81)
	at com.kms.katalon.core.keyword.builtin.CallTestCaseKeyword.execute(CallTestCaseKeyword.groovy:44)
	at com.kms.katalon.core.keyword.internal.KeywordExecutor.executeKeywordForPlatform(KeywordExecutor.groovy:73)
	at com.kms.katalon.core.keyword.BuiltinKeywords.callTestCase(BuiltinKeywords.groovy:334)
	at tablo.tablo.tablodaVeriBasariliMiArsiv(tablo.groovy:95)
	at cucumber.runtime.Utils$1.call(Utils.java:26)
	at cucumber.runtime.Timeout.timeout(Timeout.java:16)
	at cucumber.runtime.Utils.invoke(Utils.java:20)
	at cucumber.runtime.java.JavaStepDefinition.execute(JavaStepDefinition.java:49)
	at cucumber.runner.PickleStepDefinitionMatch.runStep(PickleStepDefinitionMatch.java:50)
	at cucumber.runner.TestStep.executeStep(TestStep.java:63)
	at cucumber.runner.TestStep.run(TestStep.java:49)
	at cucumber.runner.PickleStepTestStep.run(PickleStepTestStep.java:43)
	at cucumber.runner.TestCase.run(TestCase.java:44)
	at cucumber.runner.Runner.runPickle(Runner.java:40)
	at cucumber.runtime.Runtime$1.run(Runtime.java:84)
	at cucumber.runtime.Runtime$SameThreadExecutorService.execute(Runtime.java:220)
	at cucumber.runtime.Runtime.run(Runtime.java:81)
	at cucumber.api.cli.Main.run(Main.java:26)
	at cucumber.api.cli.Main$run.call(Unknown Source)
	at com.kms.katalon.core.cucumber.keyword.CucumberBuiltinKeywords$_runFeatureFile_closure1.doCall(CucumberBuiltinKeywords.groovy:106)
	at com.kms.katalon.core.cucumber.keyword.CucumberBuiltinKeywords$_runFeatureFile_closure1.doCall(CucumberBuiltinKeywords.groovy)
	at com.kms.katalon.core.keyword.internal.KeywordMain.runKeyword(KeywordMain.groovy:68)
	at com.kms.katalon.core.keyword.internal.KeywordMain$runKeyword.call(Unknown Source)
	at com.kms.katalon.core.cucumber.keyword.CucumberBuiltinKeywords.runFeatureFile(CucumberBuiltinKeywords.groovy:73)
	at com.kms.katalon.core.cucumber.keyword.CucumberBuiltinKeywords$runFeatureFile$0.callStatic(Unknown Source)
	at com.kms.katalon.core.cucumber.keyword.CucumberBuiltinKeywords.runFeatureFile(CucumberBuiltinKeywords.groovy:246)
	at com.kms.katalon.core.cucumber.keyword.CucumberBuiltinKeywords$runFeatureFile.call(Unknown Source)
	at VKN-Elektronik-Iade.run(VKN-Elektronik-Iade:19)
	at com.kms.katalon.core.main.ScriptEngine.run(ScriptEngine.java:194)
	at com.kms.katalon.core.main.ScriptEngine.runScriptAsRawText(ScriptEngine.java:119)
	at com.kms.katalon.core.main.TestCaseExecutor.runScript(TestCaseExecutor.java:369)
	at com.kms.katalon.core.main.TestCaseExecutor.doExecute(TestCaseExecutor.java:360)
	at com.kms.katalon.core.main.TestCaseExecutor.processExecutionPhase(TestCaseExecutor.java:339)
	at com.kms.katalon.core.main.TestCaseExecutor.accessMainPhase(TestCaseExecutor.java:331)
	at com.kms.katalon.core.main.TestCaseExecutor.execute(TestCaseExecutor.java:248)
	at com.kms.katalon.core.main.TestSuiteExecutor.accessTestCaseMainPhase(TestSuiteExecutor.java:191)
	at com.kms.katalon.core.main.TestSuiteExecutor.accessTestSuiteMainPhase(TestSuiteExecutor.java:140)
	at com.kms.katalon.core.main.TestSuiteExecutor.execute(TestSuiteExecutor.java:89)
	at com.kms.katalon.core.main.TestCaseMain.startTestSuite(TestCaseMain.java:181)
	at com.kms.katalon.core.main.TestCaseMain$startTestSuite$0.call(Unknown Source)
	at TempTestSuite1637225344330.run(TempTestSuite1637225344330.groovy:39)
)

2021-11-18 12:01:17 - [MESSAGE][INFO] - Finding Test Object 'Object Repository/Tablo/DurumBilgisiArsiv'

2021-11-18 12:01:17 - [MESSAGE][INFO] - Checking object

2021-11-18 12:01:17 - [MESSAGE][INFO] - Finding web element from Test Object's properties

2021-11-18 12:01:17 - [MESSAGE][INFO] - Checking timeout

2021-11-18 12:01:17 - [MESSAGE][INFO] - Finding web element with id: 'Object Repository/Tablo/DurumBilgisiArsiv' located by 'By.xpath: //*[@id = 'GridViewEArchiveInvoices_tccell0_9']' in '30' second(s)

2021-11-18 12:01:17 - [MESSAGE][INFO] - Smart Wait Function is triggered

2021-11-18 12:01:17 - [MESSAGE][INFO] - Found 1 web elements with id: 'Object Repository/Tablo/DurumBilgisiArsiv' located by 'By.xpath: //*[@id = 'GridViewEArchiveInvoices_tccell0_9']' in '30' second(s)

2021-11-18 12:01:17 - [MESSAGE][WARNING] - Actual text 'Başarılı' and expected text 'Henüz Sonuçlanmadı' of test object 'Object Repository/Tablo/DurumBilgisiArsiv' are NOT matched. (Root cause: com.kms.katalon.core.exception.StepFailedException: Actual text 'Başarılı' and expected text 'Henüz Sonuçlanmadı' of test object 'Object Repository/Tablo/DurumBilgisiArsiv' are NOT matched.
	at com.kms.katalon.core.webui.keyword.internal.WebUIKeywordMain.stepFailed(WebUIKeywordMain.groovy:64)
	at com.kms.katalon.core.webui.keyword.builtin.VerifyElementTextKeyword$_verifyElementText_closure1.doCall(VerifyElementTextKeyword.groovy:57)
	at com.kms.katalon.core.webui.keyword.builtin.VerifyElementTextKeyword$_verifyElementText_closure1.call(VerifyElementTextKeyword.groovy)
	at com.kms.katalon.core.webui.keyword.internal.WebUIKeywordMain.runKeyword(WebUIKeywordMain.groovy:20)
	at com.kms.katalon.core.webui.keyword.builtin.VerifyElementTextKeyword.verifyElementText(VerifyElementTextKeyword.groovy:72)
	at com.kms.katalon.core.webui.keyword.builtin.VerifyElementTextKeyword.execute(VerifyElementTextKeyword.groovy:40)
	at com.kms.katalon.core.keyword.internal.KeywordExecutor.executeKeywordForPlatform(KeywordExecutor.groovy:73)
	at com.kms.katalon.core.webui.keyword.WebUiBuiltInKeywords.verifyElementText(WebUiBuiltInKeywords.groovy:4733)
	at com.kms.katalon.core.webui.keyword.WebUiBuiltInKeywords$verifyElementText$20.call(Unknown Source)
	at TablodaVeriBasariliMiArsiv.run(TablodaVeriBasariliMiArsiv:22)
	at com.kms.katalon.core.main.ScriptEngine.run(ScriptEngine.java:194)
	at com.kms.katalon.core.main.ScriptEngine.runScriptAsRawText(ScriptEngine.java:119)
	at com.kms.katalon.core.main.TestCaseExecutor.runScript(TestCaseExecutor.java:369)
	at com.kms.katalon.core.main.TestCaseExecutor.doExecute(TestCaseExecutor.java:360)
	at com.kms.katalon.core.main.TestCaseExecutor.processExecutionPhase(TestCaseExecutor.java:339)
	at com.kms.katalon.core.main.TestCaseExecutor.accessMainPhase(TestCaseExecutor.java:331)
	at com.kms.katalon.core.main.TestCaseExecutor.execute(TestCaseExecutor.java:248)
	at com.kms.katalon.core.main.TestCaseMain.runTestCase(TestCaseMain.java:138)
	at com.kms.katalon.core.keyword.builtin.CallTestCaseKeyword$_callTestCase_closure1.doCall(CallTestCaseKeyword.groovy:59)
	at com.kms.katalon.core.keyword.builtin.CallTestCaseKeyword$_callTestCase_closure1.call(CallTestCaseKeyword.groovy)
	at com.kms.katalon.core.keyword.internal.KeywordMain.runKeyword(KeywordMain.groovy:68)
	at com.kms.katalon.core.keyword.builtin.CallTestCaseKeyword.callTestCase(CallTestCaseKeyword.groovy:81)
	at com.kms.katalon.core.keyword.builtin.CallTestCaseKeyword.execute(CallTestCaseKeyword.groovy:44)
	at com.kms.katalon.core.keyword.internal.KeywordExecutor.executeKeywordForPlatform(KeywordExecutor.groovy:73)
	at com.kms.katalon.core.keyword.BuiltinKeywords.callTestCase(BuiltinKeywords.groovy:334)
	at tablo.tablo.tablodaVeriBasariliMiArsiv(tablo.groovy:95)
	at cucumber.runtime.Utils$1.call(Utils.java:26)
	at cucumber.runtime.Timeout.timeout(Timeout.java:16)
	at cucumber.runtime.Utils.invoke(Utils.java:20)
	at cucumber.runtime.java.JavaStepDefinition.execute(JavaStepDefinition.java:49)
	at cucumber.runner.PickleStepDefinitionMatch.runStep(PickleStepDefinitionMatch.java:50)
	at cucumber.runner.TestStep.executeStep(TestStep.java:63)
	at cucumber.runner.TestStep.run(TestStep.java:49)
	at cucumber.runner.PickleStepTestStep.run(PickleStepTestStep.java:43)
	at cucumber.runner.TestCase.run(TestCase.java:44)
	at cucumber.runner.Runner.runPickle(Runner.java:40)
	at cucumber.runtime.Runtime$1.run(Runtime.java:84)
	at cucumber.runtime.Runtime$SameThreadExecutorService.execute(Runtime.java:220)
	at cucumber.runtime.Runtime.run(Runtime.java:81)
	at cucumber.api.cli.Main.run(Main.java:26)
	at cucumber.api.cli.Main$run.call(Unknown Source)
	at com.kms.katalon.core.cucumber.keyword.CucumberBuiltinKeywords$_runFeatureFile_closure1.doCall(CucumberBuiltinKeywords.groovy:106)
	at com.kms.katalon.core.cucumber.keyword.CucumberBuiltinKeywords$_runFeatureFile_closure1.doCall(CucumberBuiltinKeywords.groovy)
	at com.kms.katalon.core.keyword.internal.KeywordMain.runKeyword(KeywordMain.groovy:68)
	at com.kms.katalon.core.keyword.internal.KeywordMain$runKeyword.call(Unknown Source)
	at com.kms.katalon.core.cucumber.keyword.CucumberBuiltinKeywords.runFeatureFile(CucumberBuiltinKeywords.groovy:73)
	at com.kms.katalon.core.cucumber.keyword.CucumberBuiltinKeywords$runFeatureFile$0.callStatic(Unknown Source)
	at com.kms.katalon.core.cucumber.keyword.CucumberBuiltinKeywords.runFeatureFile(CucumberBuiltinKeywords.groovy:246)
	at com.kms.katalon.core.cucumber.keyword.CucumberBuiltinKeywords$runFeatureFile.call(Unknown Source)
	at VKN-Elektronik-Iade.run(VKN-Elektronik-Iade:19)
	at com.kms.katalon.core.main.ScriptEngine.run(ScriptEngine.java:194)
	at com.kms.katalon.core.main.ScriptEngine.runScriptAsRawText(ScriptEngine.java:119)
	at com.kms.katalon.core.main.TestCaseExecutor.runScript(TestCaseExecutor.java:369)
	at com.kms.katalon.core.main.TestCaseExecutor.doExecute(TestCaseExecutor.java:360)
	at com.kms.katalon.core.main.TestCaseExecutor.processExecutionPhase(TestCaseExecutor.java:339)
	at com.kms.katalon.core.main.TestCaseExecutor.accessMainPhase(TestCaseExecutor.java:331)
	at com.kms.katalon.core.main.TestCaseExecutor.execute(TestCaseExecutor.java:248)
	at com.kms.katalon.core.main.TestSuiteExecutor.accessTestCaseMainPhase(TestSuiteExecutor.java:191)
	at com.kms.katalon.core.main.TestSuiteExecutor.accessTestSuiteMainPhase(TestSuiteExecutor.java:140)
	at com.kms.katalon.core.main.TestSuiteExecutor.execute(TestSuiteExecutor.java:89)
	at com.kms.katalon.core.main.TestCaseMain.startTestSuite(TestCaseMain.java:181)
	at com.kms.katalon.core.main.TestCaseMain$startTestSuite$0.call(Unknown Source)
	at TempTestSuite1637225344330.run(TempTestSuite1637225344330.groovy:39)
)

2021-11-18 12:01:17 - [TEST_STEP][PASSED] - Method.TextDegerineEsitElementVarMi(findTestObject("Object Repository/Tablo/DurumBilgisiArsiv"), "Başarılı"): Method.TextDegerineEsitElementVarMi is PASSED

2021-11-18 12:01:17 - [MESSAGE][INFO] - Finding Test Object 'Object Repository/Tablo/DurumBilgisiArsiv'

2021-11-18 12:01:18 - [MESSAGE][INFO] - Checking timeout

2021-11-18 12:01:18 - [MESSAGE][INFO] - Finding web element with id: 'Object Repository/Tablo/DurumBilgisiArsiv' located by 'By.xpath: //*[@id = 'GridViewEArchiveInvoices_tccell0_9']' in '10' second(s)

2021-11-18 12:01:18 - [MESSAGE][INFO] - Smart Wait Function is triggered

2021-11-18 12:01:18 - [MESSAGE][INFO] - Found 1 web elements with id: 'Object Repository/Tablo/DurumBilgisiArsiv' located by 'By.xpath: //*[@id = 'GridViewEArchiveInvoices_tccell0_9']' in '10' second(s)

2021-11-18 12:01:18 - [MESSAGE][PASSED] - Method.TextDegerineEsitElementVarMi is PASSED

2021-11-18 12:01:18 - [MESSAGE][PASSED] - Call Test Case 'Test Cases/Tablo/TablodaVeriBasariliMiArsiv' successfully

2021-11-18 12:01:18 - [MESSAGE][INFO] - Checking called Test Case

2021-11-18 12:01:18 - [MESSAGE][INFO] - Starting to call Test Case 'Test Cases/Kullanici_Islemleri/KullaniciIslemlerindenSecimYapilir'

2021-11-18 12:01:18 - [TEST_CASE][PASSED] - Test Cases/Kullanici_Islemleri/KullaniciIslemlerindenSecimYapilir: Test Cases/Kullanici_Islemleri/KullaniciIslemlerindenSecimYapilir

2021-11-18 12:01:18 - [TEST_STEP][PASSED] - waitForElementClickable(findTestObject("Object Repository/Kullanici_Islemleri/KullaniciIslemleri"), 10): Object 'Object Repository/Kullanici_Islemleri/KullaniciIslemleri' is clickable

2021-11-18 12:01:18 - [MESSAGE][INFO] - Finding Test Object 'Object Repository/Kullanici_Islemleri/KullaniciIslemleri'

2021-11-18 12:01:18 - [MESSAGE][INFO] - Checking object

2021-11-18 12:01:18 - [MESSAGE][INFO] - Checking timeout

2021-11-18 12:01:18 - [MESSAGE][INFO] - Finding web element from Test Object's properties

2021-11-18 12:01:18 - [MESSAGE][INFO] - Checking timeout

2021-11-18 12:01:18 - [MESSAGE][INFO] - Finding web element with id: 'Object Repository/Kullanici_Islemleri/KullaniciIslemleri' located by 'By.cssSelector: .dropdown>a>img' in '10' second(s)

2021-11-18 12:01:18 - [MESSAGE][INFO] - Smart Wait Function is triggered

2021-11-18 12:01:18 - [MESSAGE][INFO] - Found 1 web elements with id: 'Object Repository/Kullanici_Islemleri/KullaniciIslemleri' located by 'By.cssSelector: .dropdown>a>img' in '10' second(s)

2021-11-18 12:01:18 - [MESSAGE][PASSED] - Object 'Object Repository/Kullanici_Islemleri/KullaniciIslemleri' is clickable

2021-11-18 12:01:18 - [TEST_STEP][PASSED] - click(findTestObject("Object Repository/Kullanici_Islemleri/KullaniciIslemleri")): Object: 'Object Repository/Kullanici_Islemleri/KullaniciIslemleri' is clicked on

2021-11-18 12:01:18 - [MESSAGE][INFO] - Finding Test Object 'Object Repository/Kullanici_Islemleri/KullaniciIslemleri'

2021-11-18 12:01:18 - [MESSAGE][INFO] - Checking object

2021-11-18 12:01:18 - [MESSAGE][INFO] - Finding web element from Test Object's properties

2021-11-18 12:01:18 - [MESSAGE][INFO] - Checking timeout

2021-11-18 12:01:18 - [MESSAGE][INFO] - Finding web element with id: 'Object Repository/Kullanici_Islemleri/KullaniciIslemleri' located by 'By.cssSelector: .dropdown>a>img' in '30' second(s)

2021-11-18 12:01:18 - [MESSAGE][INFO] - Smart Wait Function is triggered

2021-11-18 12:01:19 - [MESSAGE][INFO] - Found 1 web elements with id: 'Object Repository/Kullanici_Islemleri/KullaniciIslemleri' located by 'By.cssSelector: .dropdown>a>img' in '30' second(s)

2021-11-18 12:01:19 - [MESSAGE][INFO] - Clicking on object: 'Object Repository/Kullanici_Islemleri/KullaniciIslemleri'

2021-11-18 12:01:19 - [MESSAGE][PASSED] - Object: 'Object Repository/Kullanici_Islemleri/KullaniciIslemleri' is clicked on

2021-11-18 12:01:19 - [TEST_STEP][PASSED] - Method.TextDegerineEsitElementeTikla(findTestObject("Object Repository/Kullanici_Islemleri/Secenekler"), Islem): Method.TextDegerineEsitElementeTikla is PASSED

2021-11-18 12:01:19 - [MESSAGE][INFO] - Finding Test Object 'Object Repository/Kullanici_Islemleri/Secenekler'

2021-11-18 12:01:19 - [MESSAGE][INFO] - Checking timeout

2021-11-18 12:01:19 - [MESSAGE][INFO] - Finding web element with id: 'Object Repository/Kullanici_Islemleri/Secenekler' located by 'By.cssSelector: .nav.navbar-nav.navbar-right li a' in '10' second(s)

2021-11-18 12:01:19 - [MESSAGE][INFO] - Smart Wait Function is triggered

2021-11-18 12:01:19 - [MESSAGE][INFO] - Found 20 web elements with id: 'Object Repository/Kullanici_Islemleri/Secenekler' located by 'By.cssSelector: .nav.navbar-nav.navbar-right li a' in '10' second(s)

2021-11-18 12:01:20 - [MESSAGE][PASSED] - Method.TextDegerineEsitElementeTikla is PASSED

2021-11-18 12:01:20 - [TEST_STEP][PASSED] - verifyElementNotPresent(findTestObject("Object Repository/Kullanici_Islemleri/Secenekler"), 10): Web element with id: 'Object Repository/Kullanici_Islemleri/Secenekler' located by 'By.cssSelector: .nav.navbar-nav.navbar-right li a' is not present after '10' second(s)

2021-11-18 12:01:20 - [MESSAGE][INFO] - Finding Test Object 'Object Repository/Kullanici_Islemleri/Secenekler'

2021-11-18 12:01:21 - [MESSAGE][INFO] - Checking object

2021-11-18 12:01:21 - [MESSAGE][INFO] - Checking timeout

2021-11-18 12:01:21 - [MESSAGE][INFO] - Finding web element with id: 'Object Repository/Kullanici_Islemleri/Secenekler' located by 'By.cssSelector: .nav.navbar-nav.navbar-right li a' in '10' second(s)

2021-11-18 12:01:21 - [MESSAGE][INFO] - Smart Wait Function is triggered

2021-11-18 12:01:21 - [MESSAGE][PASSED] - Web element with id: 'Object Repository/Kullanici_Islemleri/Secenekler' located by 'By.cssSelector: .nav.navbar-nav.navbar-right li a' is not present after '10' second(s)

2021-11-18 12:01:21 - [MESSAGE][PASSED] - Call Test Case 'Test Cases/Kullanici_Islemleri/KullaniciIslemlerindenSecimYapilir' successfully

2021-11-18 12:01:21 - [TEST_CASE][PASSED] - Start Test Case : SCENARIO Gonderim tipi Kagit ve Iade tipinde e-Arsiv faturasi olusturulmasi: SCENARIO Gonderim tipi Kagit ve Iade tipinde e-Arsiv faturasi olusturulmasi

2021-11-18 12:01:21 - [TEST_STEP][PASSED] - Kullanıcı adı EARIADE ve Şifre test1234 olarak giriş yapılır: Kullanıcı adı EARIADE ve Şifre test1234 olarak giriş yapılır

2021-11-18 12:01:21 - [MESSAGE][PASSED] - Kullanıcı adı EARIADE ve Şifre test1234 olarak giriş yapılır

2021-11-18 12:01:21 - [TEST_STEP][PASSED] - Ana menüden e-Arşiv seçilir: Ana menüden e-Arşiv seçilir

2021-11-18 12:01:21 - [MESSAGE][PASSED] - Ana menüden e-Arşiv seçilir

2021-11-18 12:01:21 - [TEST_STEP][PASSED] - Alt menü e-Arşiv Araçları başlığı altındaki e-Arşiv Fatura Oluşturma seçilir: Alt menü e-Arşiv Araçları başlığı altındaki e-Arşiv Fatura Oluşturma seçilir

2021-11-18 12:01:21 - [MESSAGE][PASSED] - Alt menü e-Arşiv Araçları başlığı altındaki e-Arşiv Fatura Oluşturma seçilir

2021-11-18 12:01:21 - [TEST_STEP][PASSED] - Tablodaki tüm veriler silinir: Tablodaki tüm veriler silinir

2021-11-18 12:01:21 - [MESSAGE][PASSED] - Tablodaki tüm veriler silinir

2021-11-18 12:01:21 - [TEST_STEP][PASSED] - Butonlardan Ekle isimli butona tıklanır: Butonlardan Ekle isimli butona tıklanır

2021-11-18 12:01:21 - [MESSAGE][PASSED] - Butonlardan Ekle isimli butona tıklanır

2021-11-18 12:01:21 - [TEST_STEP][PASSED] - Görsel tasarım sayfasının e-Arşiv Fatura Bilgileri başlığını içerdiği kontrol edilir: Görsel tasarım sayfasının e-Arşiv Fatura Bilgileri başlığını içerdiği kontrol edilir

2021-11-18 12:01:21 - [MESSAGE][PASSED] - Görsel tasarım sayfasının e-Arşiv Fatura Bilgileri başlığını içerdiği kontrol edilir

2021-11-18 12:01:21 - [TEST_STEP][PASSED] - Alıcı adı alanına UC0003 girilir: Alıcı adı alanına UC0003 girilir

2021-11-18 12:01:21 - [MESSAGE][PASSED] - Alıcı adı alanına UC0003 girilir

2021-11-18 12:01:21 - [TEST_STEP][PASSED] - Gönderim Şekli Elektronik olarak seçilir: Gönderim Şekli Elektronik olarak seçilir

2021-11-18 12:01:21 - [MESSAGE][PASSED] - Gönderim Şekli Elektronik olarak seçilir

2021-11-18 12:01:21 - [TEST_STEP][PASSED] - Tip alanından İade seçilir: Tip alanından İade seçilir

2021-11-18 12:01:21 - [MESSAGE][PASSED] - Tip alanından İade seçilir

2021-11-18 12:01:21 - [TEST_STEP][PASSED] - Döküman Para Birimi alanından Türk Lirası seçilir: Döküman Para Birimi alanından Türk Lirası seçilir

2021-11-18 12:01:21 - [MESSAGE][PASSED] - Döküman Para Birimi alanından Türk Lirası seçilir

2021-11-18 12:01:21 - [TEST_STEP][PASSED] - Ön Ek EAR olarak seçilir: Ön Ek EAR olarak seçilir

2021-11-18 12:01:21 - [MESSAGE][PASSED] - Ön Ek EAR olarak seçilir

2021-11-18 12:01:21 - [TEST_STEP][PASSED] - Tasarım alanından Otomasyon seçilir: Tasarım alanından Otomasyon seçilir

2021-11-18 12:01:21 - [MESSAGE][PASSED] - Tasarım alanından Otomasyon seçilir

2021-11-18 12:01:21 - [TEST_STEP][PASSED] - Sipariş bilgileri UUC-SAT-1200001 ve 31.04.2020 olarak girilir: Sipariş bilgileri UUC-SAT-1200001 ve 31.04.2020 olarak girilir

2021-11-18 12:01:21 - [MESSAGE][PASSED] - Sipariş bilgileri UUC-SAT-1200001 ve 31.04.2020 olarak girilir

2021-11-18 12:01:21 - [TEST_STEP][PASSED] - İrsaliye Bilgileri AAAAAAAAAA,31.04.2020 olarak girilir: İrsaliye Bilgileri AAAAAAAAAA,31.04.2020 olarak girilir

2021-11-18 12:01:21 - [MESSAGE][PASSED] - İrsaliye Bilgileri AAAAAAAAAA,31.04.2020 olarak girilir

2021-11-18 12:01:21 - [TEST_STEP][PASSED] - Ekle butonuna basılır: Ekle butonuna basılır

2021-11-18 12:01:21 - [MESSAGE][PASSED] - Ekle butonuna basılır

2021-11-18 12:01:21 - [TEST_STEP][PASSED] - Ürün ekleme alanında Mal/Hizmet başlığına Otomasyon girilir: Ürün ekleme alanında Mal/Hizmet başlığına Otomasyon girilir

2021-11-18 12:01:21 - [MESSAGE][PASSED] - Ürün ekleme alanında Mal/Hizmet başlığına Otomasyon girilir

2021-11-18 12:01:21 - [TEST_STEP][PASSED] - Ürün ekleme alanında Açıklaması başlığına Virgosol girilir: Ürün ekleme alanında Açıklaması başlığına Virgosol girilir

2021-11-18 12:01:21 - [MESSAGE][PASSED] - Ürün ekleme alanında Açıklaması başlığına Virgosol girilir

2021-11-18 12:01:21 - [TEST_STEP][PASSED] - Ürün ekleme alanında Miktarı başlığına 400 girilir: Ürün ekleme alanında Miktarı başlığına 400 girilir

2021-11-18 12:01:21 - [MESSAGE][PASSED] - Ürün ekleme alanında Miktarı başlığına 400 girilir

2021-11-18 12:01:21 - [TEST_STEP][PASSED] - Ürün ekleme alanında Birim Fiyat başlığına 100 girilir: Ürün ekleme alanında Birim Fiyat başlığına 100 girilir

2021-11-18 12:01:21 - [MESSAGE][PASSED] - Ürün ekleme alanında Birim Fiyat başlığına 100 girilir

2021-11-18 12:01:21 - [TEST_STEP][PASSED] - Ürün ekleme alanında İskonto Oranı % başlığına 10 girilir: Ürün ekleme alanında İskonto Oranı % başlığına 10 girilir

2021-11-18 12:01:21 - [MESSAGE][PASSED] - Ürün ekleme alanında İskonto Oranı % başlığına 10 girilir

2021-11-18 12:01:21 - [TEST_STEP][PASSED] - Notlar alanına Otomasyon Not girilir: Notlar alanına Otomasyon Not girilir

2021-11-18 12:01:21 - [MESSAGE][PASSED] - Notlar alanına Otomasyon Not girilir

2021-11-18 12:01:21 - [TEST_STEP][PASSED] - Ettn bilgisi kayıt edilir: Ettn bilgisi kayıt edilir

2021-11-18 12:01:21 - [MESSAGE][PASSED] - Ettn bilgisi kayıt edilir

2021-11-18 12:01:21 - [TEST_STEP][PASSED] - Kaydet butonu seçilir: Kaydet butonu seçilir

2021-11-18 12:01:21 - [MESSAGE][PASSED] - Kaydet butonu seçilir

2021-11-18 12:01:21 - [TEST_STEP][PASSED] - Tabloda Ettn bilgisi kaydedilen veri oluşturuldu mu: Tabloda Ettn bilgisi kaydedilen veri oluşturuldu mu

2021-11-18 12:01:21 - [MESSAGE][PASSED] - Tabloda Ettn bilgisi kaydedilen veri oluşturuldu mu

2021-11-18 12:01:21 - [TEST_STEP][PASSED] - Tablodan Ettn bilgisi kaydedilen veri seçilir: Tablodan Ettn bilgisi kaydedilen veri seçilir

2021-11-18 12:01:21 - [MESSAGE][PASSED] - Tablodan Ettn bilgisi kaydedilen veri seçilir

2021-11-18 12:01:21 - [TEST_STEP][PASSED] - Butonlardan Numara Oluştur isimli butona tıklanır: Butonlardan Numara Oluştur isimli butona tıklanır

2021-11-18 12:01:21 - [MESSAGE][PASSED] - Butonlardan Numara Oluştur isimli butona tıklanır

2021-11-18 12:01:21 - [TEST_STEP][PASSED] - Popup mesajı Devam etmek istiyor musunuz içeriyor mu: Popup mesajı Devam etmek istiyor musunuz içeriyor mu

2021-11-18 12:01:21 - [MESSAGE][PASSED] - Popup mesajı Devam etmek istiyor musunuz içeriyor mu

2021-11-18 12:01:21 - [TEST_STEP][PASSED] - Yönetim popupında Evet seçilir: Yönetim popupında Evet seçilir

2021-11-18 12:01:21 - [MESSAGE][PASSED] - Yönetim popupında Evet seçilir

2021-11-18 12:01:21 - [TEST_STEP][PASSED] - Popup mesajı oluşmuştur içeriyor mu: Popup mesajı oluşmuştur içeriyor mu

2021-11-18 12:01:21 - [MESSAGE][PASSED] - Popup mesajı oluşmuştur içeriyor mu

2021-11-18 12:01:21 - [TEST_STEP][PASSED] - Yönetim popupında Tamam seçilir: Yönetim popupında Tamam seçilir

2021-11-18 12:01:21 - [MESSAGE][PASSED] - Yönetim popupında Tamam seçilir

2021-11-18 12:01:21 - [TEST_STEP][PASSED] - Tablodan Ettn bilgisi kaydedilen veri seçilir: Tablodan Ettn bilgisi kaydedilen veri seçilir

2021-11-18 12:01:21 - [MESSAGE][PASSED] - Tablodan Ettn bilgisi kaydedilen veri seçilir

2021-11-18 12:01:21 - [TEST_STEP][PASSED] - Butonlardan Gönder isimli butona tıklanır: Butonlardan Gönder isimli butona tıklanır

2021-11-18 12:01:21 - [MESSAGE][PASSED] - Butonlardan Gönder isimli butona tıklanır

2021-11-18 12:01:21 - [TEST_STEP][PASSED] - Popup mesajı Devam etmek istiyor musunuz içeriyor mu: Popup mesajı Devam etmek istiyor musunuz içeriyor mu

2021-11-18 12:01:21 - [MESSAGE][PASSED] - Popup mesajı Devam etmek istiyor musunuz içeriyor mu

2021-11-18 12:01:21 - [TEST_STEP][PASSED] - Yönetim popupında Evet seçilir: Yönetim popupında Evet seçilir

2021-11-18 12:01:21 - [MESSAGE][PASSED] - Yönetim popupında Evet seçilir

2021-11-18 12:01:21 - [TEST_STEP][PASSED] - Ana menüden e-Arşiv seçilir: Ana menüden e-Arşiv seçilir

2021-11-18 12:01:21 - [MESSAGE][PASSED] - Ana menüden e-Arşiv seçilir

2021-11-18 12:01:21 - [TEST_STEP][PASSED] - Alt menü e-Arşiv Hareketleri başlığı altındaki e-Arşiv Faturaları seçilir: Alt menü e-Arşiv Hareketleri başlığı altındaki e-Arşiv Faturaları seçilir

2021-11-18 12:01:21 - [MESSAGE][PASSED] - Alt menü e-Arşiv Hareketleri başlığı altındaki e-Arşiv Faturaları seçilir

2021-11-18 12:01:21 - [TEST_STEP][PASSED] - Filtrelerden Ettn filtresine Ettn bilgisi yaz: Filtrelerden Ettn filtresine Ettn bilgisi yaz

2021-11-18 12:01:21 - [MESSAGE][PASSED] - Filtrelerden Ettn filtresine Ettn bilgisi yaz

2021-11-18 12:01:21 - [TEST_STEP][PASSED] - Filtre butonlarından Listele seçilir: Filtre butonlarından Listele seçilir

2021-11-18 12:01:21 - [MESSAGE][PASSED] - Filtre butonlarından Listele seçilir

2021-11-18 12:01:21 - [TEST_STEP][PASSED] - Tabloda veri var mı kontrol edilir: Tabloda veri var mı kontrol edilir

2021-11-18 12:01:21 - [MESSAGE][PASSED] - Tabloda veri var mı kontrol edilir

2021-11-18 12:01:21 - [TEST_STEP][PASSED] - Tabloda yeni oluşturulan eArsiv verisi başarılı mı: Tabloda yeni oluşturulan eArsiv verisi başarılı mı

2021-11-18 12:01:21 - [MESSAGE][PASSED] - Tabloda yeni oluşturulan eArsiv verisi başarılı mı

2021-11-18 12:01:21 - [TEST_STEP][PASSED] - Kullanıcı işlemlerinden Çıkış seçilir: Kullanıcı işlemlerinden Çıkış seçilir

2021-11-18 12:01:21 - [MESSAGE][PASSED] - Kullanıcı işlemlerinden Çıkış seçilir

2021-11-18 12:01:21 - [MESSAGE][PASSED] - Feature file: 'Include/features/Regresyon/e-Arsiv/VKN-Elektronik-Iade.feature' was passed

2021-11-18 12:01:21 - [TEST_STEP][PASSED] - Start listener action : sampleAfterTestSuite: Invoke 'com.kms.katalon.core.annotation.AfterTestCase' method: 'Listener.sampleAfterTestSuite(...)' completed.

2021-11-18 12:01:21 - [MESSAGE][INFO] - Starting invoke 'com.kms.katalon.core.annotation.AfterTestCase' method: 'Listener.sampleAfterTestSuite(...)'

2021-11-18 12:01:21 - [TEST_STEP][PASSED] - closeBrowser(): Invoke 'com.kms.katalon.core.annotation.AfterTestCase' method: 'Listener.sampleAfterTestSuite(...)' completed.

2021-11-18 12:01:21 - [MESSAGE][INFO] - Closing browser

2021-11-18 12:01:22 - [MESSAGE][PASSED] - Browser is closed

2021-11-18 12:01:22 - [MESSAGE][INFO] - Invoke 'com.kms.katalon.core.annotation.AfterTestCase' method: 'Listener.sampleAfterTestSuite(...)' completed.]]></system-out>
         <system-err><![CDATA[]]></system-err>
      </testcase>
      <testcase name="Test Cases/Case Repository/Regresyon/e-Arsiv/VKN-Elektronik-Ihrac Kayitli" time="107.74" classname="Test Cases/Case Repository/Regresyon/e-Arsiv/VKN-Elektronik-Ihrac Kayitli" status="PASSED">
         <system-out><![CDATA[2021-11-18 12:01:22 - [TEST_CASE][PASSED] - Test Cases/Case Repository/Regresyon/e-Arsiv/VKN-Elektronik-Ihrac Kayitli: Test Cases/Case Repository/Regresyon/e-Arsiv/VKN-Elektronik-Ihrac Kayitli

2021-11-18 12:01:22 - [TEST_STEP][PASSED] - Start listener action : sampleBeforeTestSuite: Invoke 'com.kms.katalon.core.annotation.BeforeTestCase' method: 'Listener.sampleBeforeTestSuite(...)' completed.

2021-11-18 12:01:22 - [MESSAGE][INFO] - Starting invoke 'com.kms.katalon.core.annotation.BeforeTestCase' method: 'Listener.sampleBeforeTestSuite(...)'

2021-11-18 12:01:22 - [TEST_STEP][PASSED] - openBrowser(baseUrl): Browser is opened with url: 'https://efatura-stage.elogo.com.tr/'

2021-11-18 12:01:22 - [MESSAGE][INFO] - Opening browser

2021-11-18 12:01:22 - [MESSAGE][INFO] - Starting 'Chrome' driver

2021-11-18 12:01:22 - [MESSAGE][INFO] - User set preference: ['prefs', '{download.default_directory=C:\otomasyondownfiles}']

2021-11-18 12:01:22 - [MESSAGE][INFO] - Action delay is set to 0 milliseconds

2021-11-18 12:01:23 - [MESSAGE][INFO] - Navigating browser to: 'https://efatura-stage.elogo.com.tr/'

2021-11-18 12:01:25 - [MESSAGE][PASSED] - Browser is opened with url: 'https://efatura-stage.elogo.com.tr/'

2021-11-18 12:01:25 - [TEST_STEP][PASSED] - maximizeWindow(): Invoke 'com.kms.katalon.core.annotation.BeforeTestCase' method: 'Listener.sampleBeforeTestSuite(...)' completed.

2021-11-18 12:01:25 - [MESSAGE][INFO] - Maximizing current window

2021-11-18 12:01:25 - [MESSAGE][PASSED] - Current window maximized

2021-11-18 12:01:25 - [MESSAGE][INFO] - Invoke 'com.kms.katalon.core.annotation.BeforeTestCase' method: 'Listener.sampleBeforeTestSuite(...)' completed.

2021-11-18 12:01:25 - [TEST_STEP][PASSED] - runFeatureFile("Include/features/Regresyon/e-Arsiv/VKN-Elektronik-Ihrac Kayitli.feature"): Feature file: 'Include/features/Regresyon/e-Arsiv/VKN-Elektronik-Ihrac Kayitli.feature' was passed

2021-11-18 12:01:25 - [MESSAGE][INFO] - Starting run keyword runFeatureFile: 'Include/features/Regresyon/e-Arsiv/VKN-Elektronik-Ihrac Kayitli.feature' and extract report to folder: 'C:\Users\DELL\Documents\GitHub\EES_KatalonLogo\Reports\20211118_114904\Suite Repository\Regresyon-eArsiv-eMakbuz\20211118_114904/cucumber_report/1637226085701'...

2021-11-18 12:01:25 - [MESSAGE][INFO] - Glue: []

2021-11-18 12:01:26 - [MESSAGE][INFO] - Checking called Test Case

2021-11-18 12:01:26 - [MESSAGE][INFO] - Starting to call Test Case 'Test Cases/Sayfalar/Giris_Sayfasi/Login'

2021-11-18 12:01:27 - [TEST_CASE][PASSED] - Test Cases/Sayfalar/Giris_Sayfasi/Login: Test Cases/Sayfalar/Giris_Sayfasi/Login

2021-11-18 12:01:27 - [TEST_STEP][PASSED] - Sayfa_Basligi = getWindowTitle(): Current window's title is: 'LOGO e-Fatura'

2021-11-18 12:01:27 - [MESSAGE][INFO] - Getting current window's title

2021-11-18 12:01:27 - [MESSAGE][PASSED] - Current window's title is: 'LOGO e-Fatura'

2021-11-18 12:01:27 - [TEST_STEP][PASSED] - verifyMatch(Sayfa_Basligi, "LOGO e-Fatura", false): Actual text 'LOGO e-Fatura' and expected text 'LOGO e-Fatura' are matched 

2021-11-18 12:01:27 - [MESSAGE][INFO] - Matching actual text 'LOGO e-Fatura' with expected text 'LOGO e-Fatura'

2021-11-18 12:01:27 - [MESSAGE][PASSED] - Actual text 'LOGO e-Fatura' and expected text 'LOGO e-Fatura' are matched 

2021-11-18 12:01:27 - [TEST_STEP][PASSED] - sendKeys(findTestObject("Sayfalar/Giris_Sayfasi/Firma_Kodu"), KullaniciAdi): Keys 'EARIHRAC' sent to object: 'Object Repository/Sayfalar/Giris_Sayfasi/Firma_Kodu'

2021-11-18 12:01:27 - [MESSAGE][INFO] - Finding Test Object 'Object Repository/Sayfalar/Giris_Sayfasi/Firma_Kodu'

2021-11-18 12:01:27 - [MESSAGE][INFO] - Sending keys 'EARIHRAC' to object: 'Object Repository/Sayfalar/Giris_Sayfasi/Firma_Kodu'

2021-11-18 12:01:27 - [MESSAGE][INFO] - Finding web element from Test Object's properties

2021-11-18 12:01:27 - [MESSAGE][INFO] - Checking timeout

2021-11-18 12:01:27 - [MESSAGE][INFO] - Finding web element with id: 'Object Repository/Sayfalar/Giris_Sayfasi/Firma_Kodu' located by 'By.xpath: //*[@id = 'AccountName']' in '30' second(s)

2021-11-18 12:01:27 - [MESSAGE][INFO] - Smart Wait Function is triggered

2021-11-18 12:01:27 - [MESSAGE][INFO] - Found 1 web elements with id: 'Object Repository/Sayfalar/Giris_Sayfasi/Firma_Kodu' located by 'By.xpath: //*[@id = 'AccountName']' in '30' second(s)

2021-11-18 12:01:27 - [MESSAGE][PASSED] - Keys 'EARIHRAC' sent to object: 'Object Repository/Sayfalar/Giris_Sayfasi/Firma_Kodu'

2021-11-18 12:01:27 - [TEST_STEP][PASSED] - sendKeys(findTestObject("Sayfalar/Giris_Sayfasi/Sifre"), Sifre): Keys 'test1234' sent to object: 'Object Repository/Sayfalar/Giris_Sayfasi/Sifre'

2021-11-18 12:01:27 - [MESSAGE][INFO] - Finding Test Object 'Object Repository/Sayfalar/Giris_Sayfasi/Sifre'

2021-11-18 12:01:27 - [MESSAGE][INFO] - Sending keys 'test1234' to object: 'Object Repository/Sayfalar/Giris_Sayfasi/Sifre'

2021-11-18 12:01:27 - [MESSAGE][INFO] - Finding web element from Test Object's properties

2021-11-18 12:01:27 - [MESSAGE][INFO] - Checking timeout

2021-11-18 12:01:27 - [MESSAGE][INFO] - Finding web element with id: 'Object Repository/Sayfalar/Giris_Sayfasi/Sifre' located by 'By.xpath: //*[@id = 'Password']' in '30' second(s)

2021-11-18 12:01:27 - [MESSAGE][INFO] - Smart Wait Function is triggered

2021-11-18 12:01:27 - [MESSAGE][INFO] - Found 1 web elements with id: 'Object Repository/Sayfalar/Giris_Sayfasi/Sifre' located by 'By.xpath: //*[@id = 'Password']' in '30' second(s)

2021-11-18 12:01:27 - [MESSAGE][PASSED] - Keys 'test1234' sent to object: 'Object Repository/Sayfalar/Giris_Sayfasi/Sifre'

2021-11-18 12:01:27 - [TEST_STEP][PASSED] - findWebElement(findTestObject("Sayfalar/Giris_Sayfasi/Giris_Butonu")).click(): Found 1 web elements with id: 'Object Repository/Sayfalar/Giris_Sayfasi/Giris_Butonu' located by 'By.cssSelector: #btnLogin' in '30' second(s)

2021-11-18 12:01:27 - [MESSAGE][INFO] - Finding Test Object 'Object Repository/Sayfalar/Giris_Sayfasi/Giris_Butonu'

2021-11-18 12:01:27 - [MESSAGE][INFO] - Finding web element from Test Object's properties

2021-11-18 12:01:27 - [MESSAGE][INFO] - Checking timeout

2021-11-18 12:01:27 - [MESSAGE][INFO] - Finding web element with id: 'Object Repository/Sayfalar/Giris_Sayfasi/Giris_Butonu' located by 'By.cssSelector: #btnLogin' in '30' second(s)

2021-11-18 12:01:27 - [MESSAGE][INFO] - Smart Wait Function is triggered

2021-11-18 12:01:28 - [MESSAGE][INFO] - Found 1 web elements with id: 'Object Repository/Sayfalar/Giris_Sayfasi/Giris_Butonu' located by 'By.cssSelector: #btnLogin' in '30' second(s)

2021-11-18 12:01:29 - [TEST_STEP][PASSED] - if (verifyElementPresent(findTestObject("Object Repository/Sayfalar/Giris_Sayfasi/RetveTamam_Butonu"), 5, OPTIONAL)): null

2021-11-18 12:01:29 - [MESSAGE][INFO] - Finding Test Object 'Object Repository/Sayfalar/Giris_Sayfasi/RetveTamam_Butonu'

2021-11-18 12:01:29 - [MESSAGE][INFO] - Checking object

2021-11-18 12:01:29 - [MESSAGE][INFO] - Finding web element from Test Object's properties

2021-11-18 12:01:29 - [MESSAGE][INFO] - Checking timeout

2021-11-18 12:01:29 - [MESSAGE][INFO] - Finding web element with id: 'Object Repository/Sayfalar/Giris_Sayfasi/RetveTamam_Butonu' located by 'By.xpath: //*[@class = 'btn btn-default']' in '5' second(s)

2021-11-18 12:01:29 - [MESSAGE][INFO] - Smart Wait Function is triggered

2021-11-18 12:01:30 - [MESSAGE][INFO] - Found 1 web elements with id: 'Object Repository/Sayfalar/Giris_Sayfasi/RetveTamam_Butonu' located by 'By.xpath: //*[@class = 'btn btn-default']' in '5' second(s)

2021-11-18 12:01:30 - [MESSAGE][PASSED] - Object 'Object Repository/Sayfalar/Giris_Sayfasi/RetveTamam_Butonu' is present

2021-11-18 12:01:30 - [TEST_STEP][PASSED] - click(findTestObject("Object Repository/Sayfalar/Giris_Sayfasi/RetveTamam_Butonu")): Object: 'Object Repository/Sayfalar/Giris_Sayfasi/RetveTamam_Butonu' is clicked on

2021-11-18 12:01:30 - [MESSAGE][INFO] - Finding Test Object 'Object Repository/Sayfalar/Giris_Sayfasi/RetveTamam_Butonu'

2021-11-18 12:01:30 - [MESSAGE][INFO] - Checking object

2021-11-18 12:01:30 - [MESSAGE][INFO] - Finding web element from Test Object's properties

2021-11-18 12:01:30 - [MESSAGE][INFO] - Checking timeout

2021-11-18 12:01:30 - [MESSAGE][INFO] - Finding web element with id: 'Object Repository/Sayfalar/Giris_Sayfasi/RetveTamam_Butonu' located by 'By.xpath: //*[@class = 'btn btn-default']' in '30' second(s)

2021-11-18 12:01:30 - [MESSAGE][INFO] - Smart Wait Function is triggered

2021-11-18 12:01:30 - [MESSAGE][INFO] - Found 1 web elements with id: 'Object Repository/Sayfalar/Giris_Sayfasi/RetveTamam_Butonu' located by 'By.xpath: //*[@class = 'btn btn-default']' in '30' second(s)

2021-11-18 12:01:30 - [MESSAGE][INFO] - Clicking on object: 'Object Repository/Sayfalar/Giris_Sayfasi/RetveTamam_Butonu'

2021-11-18 12:01:30 - [MESSAGE][PASSED] - Object: 'Object Repository/Sayfalar/Giris_Sayfasi/RetveTamam_Butonu' is clicked on

2021-11-18 12:01:30 - [TEST_STEP][PASSED] - click(findTestObject("Object Repository/Sayfalar/Giris_Sayfasi/RetveTamam_Butonu")): Object: 'Object Repository/Sayfalar/Giris_Sayfasi/RetveTamam_Butonu' is clicked on

2021-11-18 12:01:30 - [MESSAGE][INFO] - Finding Test Object 'Object Repository/Sayfalar/Giris_Sayfasi/RetveTamam_Butonu'

2021-11-18 12:01:30 - [MESSAGE][INFO] - Checking object

2021-11-18 12:01:30 - [MESSAGE][INFO] - Finding web element from Test Object's properties

2021-11-18 12:01:30 - [MESSAGE][INFO] - Checking timeout

2021-11-18 12:01:30 - [MESSAGE][INFO] - Finding web element with id: 'Object Repository/Sayfalar/Giris_Sayfasi/RetveTamam_Butonu' located by 'By.xpath: //*[@class = 'btn btn-default']' in '30' second(s)

2021-11-18 12:01:30 - [MESSAGE][INFO] - Smart Wait Function is triggered

2021-11-18 12:01:35 - [MESSAGE][INFO] - Found 1 web elements with id: 'Object Repository/Sayfalar/Giris_Sayfasi/RetveTamam_Butonu' located by 'By.xpath: //*[@class = 'btn btn-default']' in '30' second(s)

2021-11-18 12:01:35 - [MESSAGE][INFO] - Clicking on object: 'Object Repository/Sayfalar/Giris_Sayfasi/RetveTamam_Butonu'

2021-11-18 12:01:35 - [MESSAGE][PASSED] - Object: 'Object Repository/Sayfalar/Giris_Sayfasi/RetveTamam_Butonu' is clicked on

2021-11-18 12:01:35 - [TEST_STEP][PASSED] - if (verifyElementPresent(findTestObject("Sayfalar/Giris_Sayfasi/PopupOK"), 5, OPTIONAL)): com.kms.katalon.core.webui.exception.WebElementNotFoundException: Web element with id: 'Object Repository/Sayfalar/Giris_Sayfasi/PopupOK' located by '.btn.btn-success' not found (Root cause: com.kms.katalon.core.exception.StepFailedException: com.kms.katalon.core.webui.exception.WebElementNotFoundException: Web element with id: 'Object Repository/Sayfalar/Giris_Sayfasi/PopupOK' located by '.btn.btn-success' not found
	at com.kms.katalon.core.webui.keyword.internal.WebUIKeywordMain.stepFailed(WebUIKeywordMain.groovy:64)
	at com.kms.katalon.core.webui.keyword.builtin.VerifyElementPresentKeyword$_verifyElementPresent_closure1.doCall(VerifyElementPresentKeyword.groovy:85)
	at com.kms.katalon.core.webui.keyword.builtin.VerifyElementPresentKeyword$_verifyElementPresent_closure1.call(VerifyElementPresentKeyword.groovy)
	at com.kms.katalon.core.webui.keyword.internal.WebUIKeywordMain.runKeyword(WebUIKeywordMain.groovy:20)
	at com.kms.katalon.core.webui.keyword.builtin.VerifyElementPresentKeyword.verifyElementPresent(VerifyElementPresentKeyword.groovy:92)
	at com.kms.katalon.core.webui.keyword.builtin.VerifyElementPresentKeyword.execute(VerifyElementPresentKeyword.groovy:68)
	at com.kms.katalon.core.keyword.internal.KeywordExecutor.executeKeywordForPlatform(KeywordExecutor.groovy:73)
	at com.kms.katalon.core.webui.keyword.WebUiBuiltInKeywords.verifyElementPresent(WebUiBuiltInKeywords.groovy:1448)
	at com.kms.katalon.core.webui.keyword.WebUiBuiltInKeywords$verifyElementPresent$4.call(Unknown Source)
	at Login.run(Login:40)
	at com.kms.katalon.core.main.ScriptEngine.run(ScriptEngine.java:194)
	at com.kms.katalon.core.main.ScriptEngine.runScriptAsRawText(ScriptEngine.java:119)
	at com.kms.katalon.core.main.TestCaseExecutor.runScript(TestCaseExecutor.java:369)
	at com.kms.katalon.core.main.TestCaseExecutor.doExecute(TestCaseExecutor.java:360)
	at com.kms.katalon.core.main.TestCaseExecutor.processExecutionPhase(TestCaseExecutor.java:339)
	at com.kms.katalon.core.main.TestCaseExecutor.accessMainPhase(TestCaseExecutor.java:331)
	at com.kms.katalon.core.main.TestCaseExecutor.execute(TestCaseExecutor.java:248)
	at com.kms.katalon.core.main.TestCaseMain.runTestCase(TestCaseMain.java:138)
	at com.kms.katalon.core.keyword.builtin.CallTestCaseKeyword$_callTestCase_closure1.doCall(CallTestCaseKeyword.groovy:59)
	at com.kms.katalon.core.keyword.builtin.CallTestCaseKeyword$_callTestCase_closure1.call(CallTestCaseKeyword.groovy)
	at com.kms.katalon.core.keyword.internal.KeywordMain.runKeyword(KeywordMain.groovy:68)
	at com.kms.katalon.core.keyword.builtin.CallTestCaseKeyword.callTestCase(CallTestCaseKeyword.groovy:81)
	at com.kms.katalon.core.keyword.builtin.CallTestCaseKeyword.execute(CallTestCaseKeyword.groovy:44)
	at com.kms.katalon.core.keyword.internal.KeywordExecutor.executeKeywordForPlatform(KeywordExecutor.groovy:73)
	at com.kms.katalon.core.keyword.BuiltinKeywords.callTestCase(BuiltinKeywords.groovy:334)
	at sayfalar.girisSayfasi.login(girisSayfasi.groovy:50)
	at cucumber.runtime.Utils$1.call(Utils.java:26)
	at cucumber.runtime.Timeout.timeout(Timeout.java:16)
	at cucumber.runtime.Utils.invoke(Utils.java:20)
	at cucumber.runtime.java.JavaStepDefinition.execute(JavaStepDefinition.java:49)
	at cucumber.runner.PickleStepDefinitionMatch.runStep(PickleStepDefinitionMatch.java:50)
	at cucumber.runner.TestStep.executeStep(TestStep.java:63)
	at cucumber.runner.TestStep.run(TestStep.java:49)
	at cucumber.runner.PickleStepTestStep.run(PickleStepTestStep.java:43)
	at cucumber.runner.TestCase.run(TestCase.java:44)
	at cucumber.runner.Runner.runPickle(Runner.java:40)
	at cucumber.runtime.Runtime$1.run(Runtime.java:84)
	at cucumber.runtime.Runtime$SameThreadExecutorService.execute(Runtime.java:220)
	at cucumber.runtime.Runtime.run(Runtime.java:81)
	at cucumber.api.cli.Main.run(Main.java:26)
	at cucumber.api.cli.Main$run.call(Unknown Source)
	at com.kms.katalon.core.cucumber.keyword.CucumberBuiltinKeywords$_runFeatureFile_closure1.doCall(CucumberBuiltinKeywords.groovy:106)
	at com.kms.katalon.core.cucumber.keyword.CucumberBuiltinKeywords$_runFeatureFile_closure1.doCall(CucumberBuiltinKeywords.groovy)
	at com.kms.katalon.core.keyword.internal.KeywordMain.runKeyword(KeywordMain.groovy:68)
	at com.kms.katalon.core.keyword.internal.KeywordMain$runKeyword.call(Unknown Source)
	at com.kms.katalon.core.cucumber.keyword.CucumberBuiltinKeywords.runFeatureFile(CucumberBuiltinKeywords.groovy:73)
	at com.kms.katalon.core.cucumber.keyword.CucumberBuiltinKeywords$runFeatureFile$0.callStatic(Unknown Source)
	at com.kms.katalon.core.cucumber.keyword.CucumberBuiltinKeywords.runFeatureFile(CucumberBuiltinKeywords.groovy:246)
	at com.kms.katalon.core.cucumber.keyword.CucumberBuiltinKeywords$runFeatureFile.call(Unknown Source)
	at VKN-Elektronik-Ihrac Kayitli.run(VKN-Elektronik-Ihrac Kayitli:19)
	at com.kms.katalon.core.main.ScriptEngine.run(ScriptEngine.java:194)
	at com.kms.katalon.core.main.ScriptEngine.runScriptAsRawText(ScriptEngine.java:119)
	at com.kms.katalon.core.main.TestCaseExecutor.runScript(TestCaseExecutor.java:369)
	at com.kms.katalon.core.main.TestCaseExecutor.doExecute(TestCaseExecutor.java:360)
	at com.kms.katalon.core.main.TestCaseExecutor.processExecutionPhase(TestCaseExecutor.java:339)
	at com.kms.katalon.core.main.TestCaseExecutor.accessMainPhase(TestCaseExecutor.java:331)
	at com.kms.katalon.core.main.TestCaseExecutor.execute(TestCaseExecutor.java:248)
	at com.kms.katalon.core.main.TestSuiteExecutor.accessTestCaseMainPhase(TestSuiteExecutor.java:191)
	at com.kms.katalon.core.main.TestSuiteExecutor.accessTestSuiteMainPhase(TestSuiteExecutor.java:140)
	at com.kms.katalon.core.main.TestSuiteExecutor.execute(TestSuiteExecutor.java:89)
	at com.kms.katalon.core.main.TestCaseMain.startTestSuite(TestCaseMain.java:181)
	at com.kms.katalon.core.main.TestCaseMain$startTestSuite$0.call(Unknown Source)
	at TempTestSuite1637225344330.run(TempTestSuite1637225344330.groovy:39)
)

2021-11-18 12:01:35 - [MESSAGE][INFO] - Finding Test Object 'Object Repository/Sayfalar/Giris_Sayfasi/PopupOK'

2021-11-18 12:01:35 - [MESSAGE][INFO] - Checking object

2021-11-18 12:01:35 - [MESSAGE][INFO] - Finding web element from Test Object's properties

2021-11-18 12:01:35 - [MESSAGE][INFO] - Checking timeout

2021-11-18 12:01:35 - [MESSAGE][INFO] - Finding web element with id: 'Object Repository/Sayfalar/Giris_Sayfasi/PopupOK' located by 'By.cssSelector: .btn.btn-success' in '5' second(s)

2021-11-18 12:01:35 - [MESSAGE][INFO] - Smart Wait Function is triggered

2021-11-18 12:01:36 - [MESSAGE][INFO] - Smart Wait Function is triggered

2021-11-18 12:01:36 - [MESSAGE][INFO] - Smart Wait Function is triggered

2021-11-18 12:01:37 - [MESSAGE][INFO] - Smart Wait Function is triggered

2021-11-18 12:01:37 - [MESSAGE][INFO] - Smart Wait Function is triggered

2021-11-18 12:01:37 - [MESSAGE][INFO] - Smart Wait Function is triggered

2021-11-18 12:01:37 - [MESSAGE][INFO] - Smart Wait Function is triggered

2021-11-18 12:01:38 - [MESSAGE][INFO] - Smart Wait Function is triggered

2021-11-18 12:01:38 - [MESSAGE][INFO] - Smart Wait Function is triggered

2021-11-18 12:01:38 - [MESSAGE][INFO] - Smart Wait Function is triggered

2021-11-18 12:01:38 - [MESSAGE][INFO] - Smart Wait Function is triggered

2021-11-18 12:01:39 - [MESSAGE][INFO] - Smart Wait Function is triggered

2021-11-18 12:01:39 - [MESSAGE][INFO] - Smart Wait Function is triggered

2021-11-18 12:01:39 - [MESSAGE][INFO] - Smart Wait Function is triggered

2021-11-18 12:01:39 - [MESSAGE][INFO] - Smart Wait Function is triggered

2021-11-18 12:01:40 - [MESSAGE][INFO] - Smart Wait Function is triggered

2021-11-18 12:01:40 - [MESSAGE][INFO] - Smart Wait Function is triggered

2021-11-18 12:01:40 - [MESSAGE][INFO] - Smart Wait Function is triggered

2021-11-18 12:01:41 - [MESSAGE][INFO] - Smart Wait Function is triggered

2021-11-18 12:01:41 - [MESSAGE][INFO] - Smart Wait Function is triggered

2021-11-18 12:01:41 - [MESSAGE][INFO] - Smart Wait Function is triggered

2021-11-18 12:01:41 - [MESSAGE][INFO] - Smart Wait Function is triggered

2021-11-18 12:01:42 - [MESSAGE][INFO] - Unable to find the element located by 'By.cssSelector: .btn.btn-success'. Please recheck the objects properties to make sure the desired element is located. 

2021-11-18 12:01:42 - [MESSAGE][WARNING] - com.kms.katalon.core.webui.exception.WebElementNotFoundException: Web element with id: 'Object Repository/Sayfalar/Giris_Sayfasi/PopupOK' located by '.btn.btn-success' not found (Root cause: com.kms.katalon.core.exception.StepFailedException: com.kms.katalon.core.webui.exception.WebElementNotFoundException: Web element with id: 'Object Repository/Sayfalar/Giris_Sayfasi/PopupOK' located by '.btn.btn-success' not found
	at com.kms.katalon.core.webui.keyword.internal.WebUIKeywordMain.stepFailed(WebUIKeywordMain.groovy:64)
	at com.kms.katalon.core.webui.keyword.builtin.VerifyElementPresentKeyword$_verifyElementPresent_closure1.doCall(VerifyElementPresentKeyword.groovy:85)
	at com.kms.katalon.core.webui.keyword.builtin.VerifyElementPresentKeyword$_verifyElementPresent_closure1.call(VerifyElementPresentKeyword.groovy)
	at com.kms.katalon.core.webui.keyword.internal.WebUIKeywordMain.runKeyword(WebUIKeywordMain.groovy:20)
	at com.kms.katalon.core.webui.keyword.builtin.VerifyElementPresentKeyword.verifyElementPresent(VerifyElementPresentKeyword.groovy:92)
	at com.kms.katalon.core.webui.keyword.builtin.VerifyElementPresentKeyword.execute(VerifyElementPresentKeyword.groovy:68)
	at com.kms.katalon.core.keyword.internal.KeywordExecutor.executeKeywordForPlatform(KeywordExecutor.groovy:73)
	at com.kms.katalon.core.webui.keyword.WebUiBuiltInKeywords.verifyElementPresent(WebUiBuiltInKeywords.groovy:1448)
	at com.kms.katalon.core.webui.keyword.WebUiBuiltInKeywords$verifyElementPresent$4.call(Unknown Source)
	at Login.run(Login:40)
	at com.kms.katalon.core.main.ScriptEngine.run(ScriptEngine.java:194)
	at com.kms.katalon.core.main.ScriptEngine.runScriptAsRawText(ScriptEngine.java:119)
	at com.kms.katalon.core.main.TestCaseExecutor.runScript(TestCaseExecutor.java:369)
	at com.kms.katalon.core.main.TestCaseExecutor.doExecute(TestCaseExecutor.java:360)
	at com.kms.katalon.core.main.TestCaseExecutor.processExecutionPhase(TestCaseExecutor.java:339)
	at com.kms.katalon.core.main.TestCaseExecutor.accessMainPhase(TestCaseExecutor.java:331)
	at com.kms.katalon.core.main.TestCaseExecutor.execute(TestCaseExecutor.java:248)
	at com.kms.katalon.core.main.TestCaseMain.runTestCase(TestCaseMain.java:138)
	at com.kms.katalon.core.keyword.builtin.CallTestCaseKeyword$_callTestCase_closure1.doCall(CallTestCaseKeyword.groovy:59)
	at com.kms.katalon.core.keyword.builtin.CallTestCaseKeyword$_callTestCase_closure1.call(CallTestCaseKeyword.groovy)
	at com.kms.katalon.core.keyword.internal.KeywordMain.runKeyword(KeywordMain.groovy:68)
	at com.kms.katalon.core.keyword.builtin.CallTestCaseKeyword.callTestCase(CallTestCaseKeyword.groovy:81)
	at com.kms.katalon.core.keyword.builtin.CallTestCaseKeyword.execute(CallTestCaseKeyword.groovy:44)
	at com.kms.katalon.core.keyword.internal.KeywordExecutor.executeKeywordForPlatform(KeywordExecutor.groovy:73)
	at com.kms.katalon.core.keyword.BuiltinKeywords.callTestCase(BuiltinKeywords.groovy:334)
	at sayfalar.girisSayfasi.login(girisSayfasi.groovy:50)
	at cucumber.runtime.Utils$1.call(Utils.java:26)
	at cucumber.runtime.Timeout.timeout(Timeout.java:16)
	at cucumber.runtime.Utils.invoke(Utils.java:20)
	at cucumber.runtime.java.JavaStepDefinition.execute(JavaStepDefinition.java:49)
	at cucumber.runner.PickleStepDefinitionMatch.runStep(PickleStepDefinitionMatch.java:50)
	at cucumber.runner.TestStep.executeStep(TestStep.java:63)
	at cucumber.runner.TestStep.run(TestStep.java:49)
	at cucumber.runner.PickleStepTestStep.run(PickleStepTestStep.java:43)
	at cucumber.runner.TestCase.run(TestCase.java:44)
	at cucumber.runner.Runner.runPickle(Runner.java:40)
	at cucumber.runtime.Runtime$1.run(Runtime.java:84)
	at cucumber.runtime.Runtime$SameThreadExecutorService.execute(Runtime.java:220)
	at cucumber.runtime.Runtime.run(Runtime.java:81)
	at cucumber.api.cli.Main.run(Main.java:26)
	at cucumber.api.cli.Main$run.call(Unknown Source)
	at com.kms.katalon.core.cucumber.keyword.CucumberBuiltinKeywords$_runFeatureFile_closure1.doCall(CucumberBuiltinKeywords.groovy:106)
	at com.kms.katalon.core.cucumber.keyword.CucumberBuiltinKeywords$_runFeatureFile_closure1.doCall(CucumberBuiltinKeywords.groovy)
	at com.kms.katalon.core.keyword.internal.KeywordMain.runKeyword(KeywordMain.groovy:68)
	at com.kms.katalon.core.keyword.internal.KeywordMain$runKeyword.call(Unknown Source)
	at com.kms.katalon.core.cucumber.keyword.CucumberBuiltinKeywords.runFeatureFile(CucumberBuiltinKeywords.groovy:73)
	at com.kms.katalon.core.cucumber.keyword.CucumberBuiltinKeywords$runFeatureFile$0.callStatic(Unknown Source)
	at com.kms.katalon.core.cucumber.keyword.CucumberBuiltinKeywords.runFeatureFile(CucumberBuiltinKeywords.groovy:246)
	at com.kms.katalon.core.cucumber.keyword.CucumberBuiltinKeywords$runFeatureFile.call(Unknown Source)
	at VKN-Elektronik-Ihrac Kayitli.run(VKN-Elektronik-Ihrac Kayitli:19)
	at com.kms.katalon.core.main.ScriptEngine.run(ScriptEngine.java:194)
	at com.kms.katalon.core.main.ScriptEngine.runScriptAsRawText(ScriptEngine.java:119)
	at com.kms.katalon.core.main.TestCaseExecutor.runScript(TestCaseExecutor.java:369)
	at com.kms.katalon.core.main.TestCaseExecutor.doExecute(TestCaseExecutor.java:360)
	at com.kms.katalon.core.main.TestCaseExecutor.processExecutionPhase(TestCaseExecutor.java:339)
	at com.kms.katalon.core.main.TestCaseExecutor.accessMainPhase(TestCaseExecutor.java:331)
	at com.kms.katalon.core.main.TestCaseExecutor.execute(TestCaseExecutor.java:248)
	at com.kms.katalon.core.main.TestSuiteExecutor.accessTestCaseMainPhase(TestSuiteExecutor.java:191)
	at com.kms.katalon.core.main.TestSuiteExecutor.accessTestSuiteMainPhase(TestSuiteExecutor.java:140)
	at com.kms.katalon.core.main.TestSuiteExecutor.execute(TestSuiteExecutor.java:89)
	at com.kms.katalon.core.main.TestCaseMain.startTestSuite(TestCaseMain.java:181)
	at com.kms.katalon.core.main.TestCaseMain$startTestSuite$0.call(Unknown Source)
	at TempTestSuite1637225344330.run(TempTestSuite1637225344330.groovy:39)
)

2021-11-18 12:01:42 - [TEST_STEP][PASSED] - verifyElementVisible(findTestObject("Object Repository/Kullanici_Islemleri/KullaniciIslemleri")): Object 'Object Repository/Kullanici_Islemleri/KullaniciIslemleri' is visible

2021-11-18 12:01:42 - [MESSAGE][INFO] - Finding Test Object 'Object Repository/Kullanici_Islemleri/KullaniciIslemleri'

2021-11-18 12:01:42 - [MESSAGE][INFO] - Checking object

2021-11-18 12:01:42 - [MESSAGE][INFO] - Finding web element from Test Object's properties

2021-11-18 12:01:42 - [MESSAGE][INFO] - Checking timeout

2021-11-18 12:01:42 - [MESSAGE][INFO] - Finding web element with id: 'Object Repository/Kullanici_Islemleri/KullaniciIslemleri' located by 'By.cssSelector: .dropdown>a>img' in '30' second(s)

2021-11-18 12:01:42 - [MESSAGE][INFO] - Smart Wait Function is triggered

2021-11-18 12:01:42 - [MESSAGE][INFO] - Found 1 web elements with id: 'Object Repository/Kullanici_Islemleri/KullaniciIslemleri' located by 'By.cssSelector: .dropdown>a>img' in '30' second(s)

2021-11-18 12:01:42 - [MESSAGE][PASSED] - Object 'Object Repository/Kullanici_Islemleri/KullaniciIslemleri' is visible

2021-11-18 12:01:42 - [MESSAGE][PASSED] - Call Test Case 'Test Cases/Sayfalar/Giris_Sayfasi/Login' successfully

2021-11-18 12:01:42 - [MESSAGE][INFO] - Checking called Test Case

2021-11-18 12:01:42 - [MESSAGE][INFO] - Starting to call Test Case 'Test Cases/Menu/AnaMenuSecimi'

2021-11-18 12:01:42 - [TEST_CASE][PASSED] - Test Cases/Menu/AnaMenuSecimi: Test Cases/Menu/AnaMenuSecimi

2021-11-18 12:01:42 - [TEST_STEP][PASSED] - Method.TextDegerineEsitElementeTikla(findTestObject("Menu/Ana_Menu"), Ana_Menu): Method.TextDegerineEsitElementeTikla is PASSED

2021-11-18 12:01:42 - [MESSAGE][INFO] - Finding Test Object 'Object Repository/Menu/Ana_Menu'

2021-11-18 12:01:42 - [MESSAGE][INFO] - Checking timeout

2021-11-18 12:01:42 - [MESSAGE][INFO] - Finding web element with id: 'Object Repository/Menu/Ana_Menu' located by 'By.xpath: //*[@class = 'dropdown-toggle']' in '10' second(s)

2021-11-18 12:01:42 - [MESSAGE][INFO] - Smart Wait Function is triggered

2021-11-18 12:01:42 - [MESSAGE][INFO] - Found 13 web elements with id: 'Object Repository/Menu/Ana_Menu' located by 'By.xpath: //*[@class = 'dropdown-toggle']' in '10' second(s)

2021-11-18 12:01:42 - [MESSAGE][PASSED] - Method.TextDegerineEsitElementeTikla is PASSED

2021-11-18 12:01:42 - [MESSAGE][PASSED] - Call Test Case 'Test Cases/Menu/AnaMenuSecimi' successfully

2021-11-18 12:01:42 - [MESSAGE][INFO] - Checking called Test Case

2021-11-18 12:01:42 - [MESSAGE][INFO] - Starting to call Test Case 'Test Cases/Menu/BasligaGoreAltMenuSecimi'

2021-11-18 12:01:43 - [TEST_CASE][PASSED] - Test Cases/Menu/BasligaGoreAltMenuSecimi: Test Cases/Menu/BasligaGoreAltMenuSecimi

2021-11-18 12:01:43 - [TEST_STEP][PASSED] - Method.TextDegerineEsitElementinAltindakiTextDegerineEsitOlanaTikla(findTestObject("Menu/Menu_Basligi"), findTestObject("Menu/Basliga_Gore_Alt_Menu"), Baslik, Alt_Menu): Method.TextDegerineEsitElementinAltindakiTextDegerineEsitOlanaTikla is PASSED

2021-11-18 12:01:43 - [MESSAGE][INFO] - Finding Test Object 'Object Repository/Menu/Menu_Basligi'

2021-11-18 12:01:43 - [MESSAGE][INFO] - Finding Test Object 'Object Repository/Menu/Basliga_Gore_Alt_Menu'

2021-11-18 12:01:43 - [MESSAGE][INFO] - Checking timeout

2021-11-18 12:01:43 - [MESSAGE][INFO] - Finding web element with id: 'Object Repository/Menu/Menu_Basligi' located by 'By.xpath: //li[@class='dropdown dropdown-large open']//li[@class='dropdown-header']' in '10' second(s)

2021-11-18 12:01:43 - [MESSAGE][INFO] - Smart Wait Function is triggered

2021-11-18 12:01:43 - [MESSAGE][INFO] - Found 2 web elements with id: 'Object Repository/Menu/Menu_Basligi' located by 'By.xpath: //li[@class='dropdown dropdown-large open']//li[@class='dropdown-header']' in '10' second(s)

2021-11-18 12:01:43 - [MESSAGE][INFO] - Smart Wait Function is triggered

2021-11-18 12:01:47 - [MESSAGE][PASSED] - Method.TextDegerineEsitElementinAltindakiTextDegerineEsitOlanaTikla is PASSED

2021-11-18 12:01:47 - [MESSAGE][PASSED] - Call Test Case 'Test Cases/Menu/BasligaGoreAltMenuSecimi' successfully

2021-11-18 12:01:47 - [MESSAGE][INFO] - Checking called Test Case

2021-11-18 12:01:47 - [MESSAGE][INFO] - Starting to call Test Case 'Test Cases/Tablo/Olusturma Tarihi'

2021-11-18 12:01:47 - [TEST_CASE][PASSED] - Test Cases/Tablo/Olusturma Tarihi: Test Cases/Tablo/Olusturma Tarihi

2021-11-18 12:01:47 - [TEST_STEP][PASSED] - if (verifyTextNotPresent("Görüntülenecek veri yok", true, OPTIONAL)): null

2021-11-18 12:01:47 - [MESSAGE][INFO] - Checking text present  using regular expression

2021-11-18 12:01:47 - [MESSAGE][INFO] - Smart Wait Function is triggered

2021-11-18 12:01:47 - [MESSAGE][INFO] - Finding text 'Görüntülenecek veri yok' on page  using regular expression

2021-11-18 12:01:47 - [MESSAGE][PASSED] - Text 'Görüntülenecek veri yok' is not present on page using regular expression

2021-11-18 12:01:47 - [TEST_STEP][PASSED] - click(findTestObject("Temizle/Olusturma_Tarihi_CheckBox")): Object: 'Object Repository/Temizle/Olusturma_Tarihi_CheckBox' is clicked on

2021-11-18 12:01:47 - [MESSAGE][INFO] - Finding Test Object 'Object Repository/Temizle/Olusturma_Tarihi_CheckBox'

2021-11-18 12:01:47 - [MESSAGE][INFO] - Checking object

2021-11-18 12:01:47 - [MESSAGE][INFO] - Finding web element from Test Object's properties

2021-11-18 12:01:47 - [MESSAGE][INFO] - Checking timeout

2021-11-18 12:01:47 - [MESSAGE][INFO] - Finding web element with id: 'Object Repository/Temizle/Olusturma_Tarihi_CheckBox' located by 'By.xpath: //*[@title = 'Bu sayfadaki tüm satırları Seç']' in '30' second(s)

2021-11-18 12:01:47 - [MESSAGE][INFO] - Smart Wait Function is triggered

2021-11-18 12:01:48 - [MESSAGE][INFO] - Found 1 web elements with id: 'Object Repository/Temizle/Olusturma_Tarihi_CheckBox' located by 'By.xpath: //*[@title = 'Bu sayfadaki tüm satırları Seç']' in '30' second(s)

2021-11-18 12:01:48 - [MESSAGE][INFO] - Clicking on object: 'Object Repository/Temizle/Olusturma_Tarihi_CheckBox'

2021-11-18 12:01:48 - [MESSAGE][PASSED] - Object: 'Object Repository/Temizle/Olusturma_Tarihi_CheckBox' is clicked on

2021-11-18 12:01:48 - [TEST_STEP][PASSED] - Method.TextDegerineEsitElementeTiklaEquals(findTestObject("Butonlar/Butonlar"), "Sil"): Method.TextDegerineEsitElementeTiklaEquals is PASSED

2021-11-18 12:01:48 - [MESSAGE][INFO] - Finding Test Object 'Object Repository/Butonlar/Butonlar'

2021-11-18 12:01:48 - [MESSAGE][INFO] - Checking timeout

2021-11-18 12:01:48 - [MESSAGE][INFO] - Finding web element with id: 'Object Repository/Butonlar/Butonlar' located by 'By.cssSelector: .panel.panel-default.text-center.footerPanel .btn,.btn.btn-primary.btnControls' in '10' second(s)

2021-11-18 12:01:48 - [MESSAGE][INFO] - Smart Wait Function is triggered

2021-11-18 12:01:48 - [MESSAGE][INFO] - Found 9 web elements with id: 'Object Repository/Butonlar/Butonlar' located by 'By.cssSelector: .panel.panel-default.text-center.footerPanel .btn,.btn.btn-primary.btnControls' in '10' second(s)

2021-11-18 12:01:48 - [MESSAGE][PASSED] - Method.TextDegerineEsitElementeTiklaEquals is PASSED

2021-11-18 12:01:48 - [TEST_STEP][PASSED] - Method.TextDegerineEsitElementeTikla(findTestObject("Popup/Popup_Butons"), "Evet"): Method.TextDegerineEsitElementeTikla is PASSED

2021-11-18 12:01:48 - [MESSAGE][INFO] - Finding Test Object 'Object Repository/Popup/Popup_Butons'

2021-11-18 12:01:48 - [MESSAGE][INFO] - Checking timeout

2021-11-18 12:01:48 - [MESSAGE][INFO] - Finding web element with id: 'Object Repository/Popup/Popup_Butons' located by 'By.cssSelector: .modal-footer>button' in '10' second(s)

2021-11-18 12:01:48 - [MESSAGE][INFO] - Smart Wait Function is triggered

2021-11-18 12:01:49 - [MESSAGE][INFO] - Found 2 web elements with id: 'Object Repository/Popup/Popup_Butons' located by 'By.cssSelector: .modal-footer>button' in '10' second(s)

2021-11-18 12:01:49 - [MESSAGE][PASSED] - Method.TextDegerineEsitElementeTikla is PASSED

2021-11-18 12:01:49 - [TEST_STEP][PASSED] - Method.TextDegerineEsitElementeTikla(findTestObject("Popup/Popup_Butons"), "Tamam"): Method.TextDegerineEsitElementeTikla is PASSED

2021-11-18 12:01:49 - [MESSAGE][INFO] - Finding Test Object 'Object Repository/Popup/Popup_Butons'

2021-11-18 12:01:49 - [MESSAGE][INFO] - Checking timeout

2021-11-18 12:01:49 - [MESSAGE][INFO] - Finding web element with id: 'Object Repository/Popup/Popup_Butons' located by 'By.cssSelector: .modal-footer>button' in '10' second(s)

2021-11-18 12:01:49 - [MESSAGE][INFO] - Smart Wait Function is triggered

2021-11-18 12:01:50 - [MESSAGE][INFO] - Found 1 web elements with id: 'Object Repository/Popup/Popup_Butons' located by 'By.cssSelector: .modal-footer>button' in '10' second(s)

2021-11-18 12:01:50 - [MESSAGE][PASSED] - Method.TextDegerineEsitElementeTikla is PASSED

2021-11-18 12:01:50 - [MESSAGE][PASSED] - Call Test Case 'Test Cases/Tablo/Olusturma Tarihi' successfully

2021-11-18 12:01:50 - [MESSAGE][INFO] - Checking called Test Case

2021-11-18 12:01:50 - [MESSAGE][INFO] - Starting to call Test Case 'Test Cases/Butonlar/ButonaTikla'

2021-11-18 12:01:50 - [TEST_CASE][PASSED] - Test Cases/Butonlar/ButonaTikla: Test Cases/Butonlar/ButonaTikla

2021-11-18 12:01:50 - [TEST_STEP][PASSED] - Method.TextDegerineEsitElementeTiklaEquals(findTestObject("Butonlar/Butonlar"), Buton_Adi): Method.TextDegerineEsitElementeTiklaEquals is PASSED

2021-11-18 12:01:50 - [MESSAGE][INFO] - Finding Test Object 'Object Repository/Butonlar/Butonlar'

2021-11-18 12:01:50 - [MESSAGE][INFO] - Checking timeout

2021-11-18 12:01:50 - [MESSAGE][INFO] - Finding web element with id: 'Object Repository/Butonlar/Butonlar' located by 'By.cssSelector: .panel.panel-default.text-center.footerPanel .btn,.btn.btn-primary.btnControls' in '10' second(s)

2021-11-18 12:01:50 - [MESSAGE][INFO] - Smart Wait Function is triggered

2021-11-18 12:01:51 - [MESSAGE][INFO] - Found 9 web elements with id: 'Object Repository/Butonlar/Butonlar' located by 'By.cssSelector: .panel.panel-default.text-center.footerPanel .btn,.btn.btn-primary.btnControls' in '10' second(s)

2021-11-18 12:01:51 - [MESSAGE][PASSED] - Method.TextDegerineEsitElementeTiklaEquals is PASSED

2021-11-18 12:01:51 - [MESSAGE][PASSED] - Call Test Case 'Test Cases/Butonlar/ButonaTikla' successfully

2021-11-18 12:01:51 - [MESSAGE][INFO] - Checking called Test Case

2021-11-18 12:01:51 - [MESSAGE][INFO] - Starting to call Test Case 'Test Cases/Olusturma/Genel/GorselTasarimSayfasıBasligiIceriyorMu'

2021-11-18 12:01:51 - [TEST_CASE][PASSED] - Test Cases/Olusturma/Genel/GorselTasarimSayfasıBasligiIceriyorMu: Test Cases/Olusturma/Genel/GorselTasarimSayfasıBasligiIceriyorMu

2021-11-18 12:01:51 - [TEST_STEP][PASSED] - verifyElementText(findTestObject("Object Repository/Olusturma/Genel/GorselTasarimBaslik"), Baslik): Actual text and expected text of test object 'Object Repository/Olusturma/Genel/GorselTasarimBaslik' are matched.

2021-11-18 12:01:51 - [MESSAGE][INFO] - Finding Test Object 'Object Repository/Olusturma/Genel/GorselTasarimBaslik'

2021-11-18 12:01:51 - [MESSAGE][INFO] - Checking object

2021-11-18 12:01:51 - [MESSAGE][INFO] - Finding web element from Test Object's properties

2021-11-18 12:01:51 - [MESSAGE][INFO] - Checking timeout

2021-11-18 12:01:51 - [MESSAGE][INFO] - Finding web element with id: 'Object Repository/Olusturma/Genel/GorselTasarimBaslik' located by 'By.cssSelector: #flAlici_0>div>span' in '30' second(s)

2021-11-18 12:01:51 - [MESSAGE][INFO] - Smart Wait Function is triggered

2021-11-18 12:01:59 - [MESSAGE][INFO] - Found 1 web elements with id: 'Object Repository/Olusturma/Genel/GorselTasarimBaslik' located by 'By.cssSelector: #flAlici_0>div>span' in '30' second(s)

2021-11-18 12:01:59 - [MESSAGE][PASSED] - Actual text and expected text of test object 'Object Repository/Olusturma/Genel/GorselTasarimBaslik' are matched.

2021-11-18 12:01:59 - [MESSAGE][PASSED] - Call Test Case 'Test Cases/Olusturma/Genel/GorselTasarimSayfasıBasligiIceriyorMu' successfully

2021-11-18 12:01:59 - [MESSAGE][INFO] - Checking called Test Case

2021-11-18 12:01:59 - [MESSAGE][INFO] - Starting to call Test Case 'Test Cases/Olusturma/Genel/AliciSecilir'

2021-11-18 12:01:59 - [TEST_CASE][PASSED] - Test Cases/Olusturma/Genel/AliciSecilir: Test Cases/Olusturma/Genel/AliciSecilir

2021-11-18 12:01:59 - [TEST_STEP][PASSED] - click(findTestObject("Olusturma/Genel/AliciBilgisi/Alici_Ara")): Object: 'Object Repository/Olusturma/Genel/AliciBilgisi/Alici_Ara' is clicked on

2021-11-18 12:01:59 - [MESSAGE][INFO] - Finding Test Object 'Object Repository/Olusturma/Genel/AliciBilgisi/Alici_Ara'

2021-11-18 12:01:59 - [MESSAGE][INFO] - Checking object

2021-11-18 12:01:59 - [MESSAGE][INFO] - Finding web element from Test Object's properties

2021-11-18 12:01:59 - [MESSAGE][INFO] - Checking timeout

2021-11-18 12:01:59 - [MESSAGE][INFO] - Finding web element with id: 'Object Repository/Olusturma/Genel/AliciBilgisi/Alici_Ara' located by 'By.xpath: //td[@id='txtCustomerText_B-1']' in '30' second(s)

2021-11-18 12:01:59 - [MESSAGE][INFO] - Smart Wait Function is triggered

2021-11-18 12:01:59 - [MESSAGE][INFO] - Found 1 web elements with id: 'Object Repository/Olusturma/Genel/AliciBilgisi/Alici_Ara' located by 'By.xpath: //td[@id='txtCustomerText_B-1']' in '30' second(s)

2021-11-18 12:01:59 - [MESSAGE][INFO] - Clicking on object: 'Object Repository/Olusturma/Genel/AliciBilgisi/Alici_Ara'

2021-11-18 12:01:59 - [MESSAGE][PASSED] - Object: 'Object Repository/Olusturma/Genel/AliciBilgisi/Alici_Ara' is clicked on

2021-11-18 12:01:59 - [TEST_STEP][PASSED] - click(findTestObject("Olusturma/Genel/AliciBilgisi/Alici_Bilgisi")): Object: 'Object Repository/Olusturma/Genel/AliciBilgisi/Alici_Bilgisi' is clicked on

2021-11-18 12:01:59 - [MESSAGE][INFO] - Finding Test Object 'Object Repository/Olusturma/Genel/AliciBilgisi/Alici_Bilgisi'

2021-11-18 12:01:59 - [MESSAGE][INFO] - Checking object

2021-11-18 12:01:59 - [MESSAGE][INFO] - Finding web element from Test Object's properties

2021-11-18 12:01:59 - [MESSAGE][INFO] - Checking timeout

2021-11-18 12:01:59 - [MESSAGE][INFO] - Finding web element with id: 'Object Repository/Olusturma/Genel/AliciBilgisi/Alici_Bilgisi' located by 'By.xpath: //iframe[@id='customerselectiframe']' in '30' second(s)

2021-11-18 12:01:59 - [MESSAGE][INFO] - Smart Wait Function is triggered

2021-11-18 12:02:00 - [MESSAGE][INFO] - Found 1 web elements with id: 'Object Repository/Olusturma/Genel/AliciBilgisi/Alici_Bilgisi' located by 'By.xpath: //iframe[@id='customerselectiframe']' in '30' second(s)

2021-11-18 12:02:00 - [MESSAGE][INFO] - Clicking on object: 'Object Repository/Olusturma/Genel/AliciBilgisi/Alici_Bilgisi'

2021-11-18 12:02:00 - [MESSAGE][PASSED] - Object: 'Object Repository/Olusturma/Genel/AliciBilgisi/Alici_Bilgisi' is clicked on

2021-11-18 12:02:00 - [TEST_STEP][PASSED] - setText(findTestObject("Olusturma/Genel/AliciBilgisi/Alici_Gir"), Alici_Adi): Switching to default content

2021-11-18 12:02:00 - [MESSAGE][INFO] - Finding Test Object 'Object Repository/Olusturma/Genel/AliciBilgisi/Alici_Gir'

2021-11-18 12:02:00 - [MESSAGE][INFO] - Finding Test Object 'Object Repository/Olusturma/Genel/AliciBilgisi/Alici_Bilgisi'

2021-11-18 12:02:00 - [MESSAGE][INFO] - Checking object

2021-11-18 12:02:00 - [MESSAGE][INFO] - Checking text

2021-11-18 12:02:00 - [MESSAGE][INFO] - Object: 'Object Repository/Olusturma/Genel/AliciBilgisi/Alici_Gir' has parent object(s)

2021-11-18 12:02:00 - [MESSAGE][INFO] - Switching to iframe: 'Object Repository/Olusturma/Genel/AliciBilgisi/Alici_Bilgisi'

2021-11-18 12:02:00 - [MESSAGE][INFO] - Finding web element from Test Object's properties

2021-11-18 12:02:00 - [MESSAGE][INFO] - Checking timeout

2021-11-18 12:02:00 - [MESSAGE][INFO] - Finding web element with id: 'Object Repository/Olusturma/Genel/AliciBilgisi/Alici_Bilgisi' located by 'By.xpath: //iframe[@id='customerselectiframe']' in '30' second(s)

2021-11-18 12:02:00 - [MESSAGE][INFO] - Smart Wait Function is triggered

2021-11-18 12:02:00 - [MESSAGE][INFO] - Found 1 web elements with id: 'Object Repository/Olusturma/Genel/AliciBilgisi/Alici_Bilgisi' located by 'By.xpath: //iframe[@id='customerselectiframe']' in '30' second(s)

2021-11-18 12:02:00 - [MESSAGE][INFO] - Switched to iframe: 'Object Repository/Olusturma/Genel/AliciBilgisi/Alici_Bilgisi'

2021-11-18 12:02:00 - [MESSAGE][INFO] - Finding web element from Test Object's properties

2021-11-18 12:02:00 - [MESSAGE][INFO] - Checking timeout

2021-11-18 12:02:00 - [MESSAGE][INFO] - Finding web element with id: 'Object Repository/Olusturma/Genel/AliciBilgisi/Alici_Gir' located by 'By.xpath: //input[@id='GridViewCustomer_DXFREditorcol1_I']' in '30' second(s)

2021-11-18 12:02:00 - [MESSAGE][INFO] - Smart Wait Function is triggered

2021-11-18 12:02:00 - [MESSAGE][INFO] - Found 1 web elements with id: 'Object Repository/Olusturma/Genel/AliciBilgisi/Alici_Gir' located by 'By.xpath: //input[@id='GridViewCustomer_DXFREditorcol1_I']' in '30' second(s)

2021-11-18 12:02:00 - [MESSAGE][INFO] - Clearing text of object 'Object Repository/Olusturma/Genel/AliciBilgisi/Alici_Gir'

2021-11-18 12:02:00 - [MESSAGE][INFO] - Finding web element from Test Object's properties

2021-11-18 12:02:00 - [MESSAGE][INFO] - Checking timeout

2021-11-18 12:02:00 - [MESSAGE][INFO] - Finding web element with id: 'Object Repository/Olusturma/Genel/AliciBilgisi/Alici_Gir' located by 'By.xpath: //input[@id='GridViewCustomer_DXFREditorcol1_I']' in '30' second(s)

2021-11-18 12:02:00 - [MESSAGE][INFO] - Smart Wait Function is triggered

2021-11-18 12:02:00 - [MESSAGE][INFO] - Found 1 web elements with id: 'Object Repository/Olusturma/Genel/AliciBilgisi/Alici_Gir' located by 'By.xpath: //input[@id='GridViewCustomer_DXFREditorcol1_I']' in '30' second(s)

2021-11-18 12:02:00 - [MESSAGE][INFO] - Setting text of object 'Object Repository/Olusturma/Genel/AliciBilgisi/Alici_Gir' to value 'UC0004'

2021-11-18 12:02:00 - [MESSAGE][PASSED] - Text 'UC0004' is set on object 'Object Repository/Olusturma/Genel/AliciBilgisi/Alici_Gir'

2021-11-18 12:02:00 - [MESSAGE][INFO] - Switching to default content

2021-11-18 12:02:00 - [TEST_STEP][PASSED] - waitForElementClickable(findTestObject("Olusturma/Genel/AliciBilgisi/Alici_Adi"), 10): Switching to default content

2021-11-18 12:02:00 - [MESSAGE][INFO] - Finding Test Object 'Object Repository/Olusturma/Genel/AliciBilgisi/Alici_Adi'

2021-11-18 12:02:00 - [MESSAGE][INFO] - Finding Test Object 'Object Repository/Olusturma/Genel/AliciBilgisi/iframe_Alc Bilgisi_customerselectiframe'

2021-11-18 12:02:00 - [MESSAGE][INFO] - Checking object

2021-11-18 12:02:00 - [MESSAGE][INFO] - Checking timeout

2021-11-18 12:02:00 - [MESSAGE][INFO] - Object: 'Object Repository/Olusturma/Genel/AliciBilgisi/Alici_Adi' has parent object(s)

2021-11-18 12:02:00 - [MESSAGE][INFO] - Switching to iframe: 'Object Repository/Olusturma/Genel/AliciBilgisi/iframe_Alc Bilgisi_customerselectiframe'

2021-11-18 12:02:00 - [MESSAGE][INFO] - Finding web element from Test Object's properties

2021-11-18 12:02:00 - [MESSAGE][INFO] - Checking timeout

2021-11-18 12:02:00 - [MESSAGE][INFO] - Finding web element with id: 'Object Repository/Olusturma/Genel/AliciBilgisi/iframe_Alc Bilgisi_customerselectiframe' located by 'By.xpath: //iframe[@id='customerselectiframe']' in '10' second(s)

2021-11-18 12:02:00 - [MESSAGE][INFO] - Smart Wait Function is triggered

2021-11-18 12:02:01 - [MESSAGE][INFO] - Found 1 web elements with id: 'Object Repository/Olusturma/Genel/AliciBilgisi/iframe_Alc Bilgisi_customerselectiframe' located by 'By.xpath: //iframe[@id='customerselectiframe']' in '10' second(s)

2021-11-18 12:02:01 - [MESSAGE][INFO] - Switched to iframe: 'Object Repository/Olusturma/Genel/AliciBilgisi/iframe_Alc Bilgisi_customerselectiframe'

2021-11-18 12:02:01 - [MESSAGE][INFO] - Finding web element from Test Object's properties

2021-11-18 12:02:01 - [MESSAGE][INFO] - Checking timeout

2021-11-18 12:02:01 - [MESSAGE][INFO] - Finding web element with id: 'Object Repository/Olusturma/Genel/AliciBilgisi/Alici_Adi' located by 'By.xpath: //tr[@id='GridViewCustomer_DXDataRow0']/td[2]' in '10' second(s)

2021-11-18 12:02:01 - [MESSAGE][INFO] - Smart Wait Function is triggered

2021-11-18 12:02:01 - [MESSAGE][INFO] - Found 1 web elements with id: 'Object Repository/Olusturma/Genel/AliciBilgisi/Alici_Adi' located by 'By.xpath: //tr[@id='GridViewCustomer_DXDataRow0']/td[2]' in '10' second(s)

2021-11-18 12:02:01 - [MESSAGE][PASSED] - Object 'Object Repository/Olusturma/Genel/AliciBilgisi/Alici_Adi' is clickable

2021-11-18 12:02:01 - [MESSAGE][INFO] - Switching to default content

2021-11-18 12:02:01 - [TEST_STEP][PASSED] - click(findTestObject("Olusturma/Genel/AliciBilgisi/frame")): Switching to default content

2021-11-18 12:02:01 - [MESSAGE][INFO] - Finding Test Object 'Object Repository/Olusturma/Genel/AliciBilgisi/frame'

2021-11-18 12:02:01 - [MESSAGE][INFO] - Finding Test Object 'Object Repository/Olusturma/Genel/AliciBilgisi/iframe_Alc Bilgisi_customerselectiframe'

2021-11-18 12:02:01 - [MESSAGE][INFO] - Checking object

2021-11-18 12:02:01 - [MESSAGE][INFO] - Object: 'Object Repository/Olusturma/Genel/AliciBilgisi/frame' has parent object(s)

2021-11-18 12:02:01 - [MESSAGE][INFO] - Switching to iframe: 'Object Repository/Olusturma/Genel/AliciBilgisi/iframe_Alc Bilgisi_customerselectiframe'

2021-11-18 12:02:01 - [MESSAGE][INFO] - Finding web element from Test Object's properties

2021-11-18 12:02:01 - [MESSAGE][INFO] - Checking timeout

2021-11-18 12:02:01 - [MESSAGE][INFO] - Finding web element with id: 'Object Repository/Olusturma/Genel/AliciBilgisi/iframe_Alc Bilgisi_customerselectiframe' located by 'By.xpath: //iframe[@id='customerselectiframe']' in '30' second(s)

2021-11-18 12:02:01 - [MESSAGE][INFO] - Smart Wait Function is triggered

2021-11-18 12:02:01 - [MESSAGE][INFO] - Found 1 web elements with id: 'Object Repository/Olusturma/Genel/AliciBilgisi/iframe_Alc Bilgisi_customerselectiframe' located by 'By.xpath: //iframe[@id='customerselectiframe']' in '30' second(s)

2021-11-18 12:02:01 - [MESSAGE][INFO] - Switched to iframe: 'Object Repository/Olusturma/Genel/AliciBilgisi/iframe_Alc Bilgisi_customerselectiframe'

2021-11-18 12:02:01 - [MESSAGE][INFO] - Finding web element from Test Object's properties

2021-11-18 12:02:01 - [MESSAGE][INFO] - Checking timeout

2021-11-18 12:02:01 - [MESSAGE][INFO] - Finding web element with id: 'Object Repository/Olusturma/Genel/AliciBilgisi/frame' located by 'By.xpath: //*/text()[normalize-space(.)='']/parent::*' in '30' second(s)

2021-11-18 12:02:01 - [MESSAGE][INFO] - Smart Wait Function is triggered

2021-11-18 12:02:01 - [MESSAGE][INFO] - Found 66 web elements with id: 'Object Repository/Olusturma/Genel/AliciBilgisi/frame' located by 'By.xpath: //*/text()[normalize-space(.)='']/parent::*' in '30' second(s)

2021-11-18 12:02:01 - [MESSAGE][INFO] - Clicking on object: 'Object Repository/Olusturma/Genel/AliciBilgisi/frame'

2021-11-18 12:02:01 - [MESSAGE][PASSED] - Object: 'Object Repository/Olusturma/Genel/AliciBilgisi/frame' is clicked on

2021-11-18 12:02:01 - [MESSAGE][INFO] - Switching to default content

2021-11-18 12:02:01 - [TEST_STEP][PASSED] - click(findTestObject("Olusturma/Genel/AliciBilgisi/Alici_Adi")): Switching to default content

2021-11-18 12:02:01 - [MESSAGE][INFO] - Finding Test Object 'Object Repository/Olusturma/Genel/AliciBilgisi/Alici_Adi'

2021-11-18 12:02:01 - [MESSAGE][INFO] - Finding Test Object 'Object Repository/Olusturma/Genel/AliciBilgisi/iframe_Alc Bilgisi_customerselectiframe'

2021-11-18 12:02:02 - [MESSAGE][INFO] - Checking object

2021-11-18 12:02:02 - [MESSAGE][INFO] - Object: 'Object Repository/Olusturma/Genel/AliciBilgisi/Alici_Adi' has parent object(s)

2021-11-18 12:02:02 - [MESSAGE][INFO] - Switching to iframe: 'Object Repository/Olusturma/Genel/AliciBilgisi/iframe_Alc Bilgisi_customerselectiframe'

2021-11-18 12:02:02 - [MESSAGE][INFO] - Finding web element from Test Object's properties

2021-11-18 12:02:02 - [MESSAGE][INFO] - Checking timeout

2021-11-18 12:02:02 - [MESSAGE][INFO] - Finding web element with id: 'Object Repository/Olusturma/Genel/AliciBilgisi/iframe_Alc Bilgisi_customerselectiframe' located by 'By.xpath: //iframe[@id='customerselectiframe']' in '30' second(s)

2021-11-18 12:02:02 - [MESSAGE][INFO] - Smart Wait Function is triggered

2021-11-18 12:02:02 - [MESSAGE][INFO] - Found 1 web elements with id: 'Object Repository/Olusturma/Genel/AliciBilgisi/iframe_Alc Bilgisi_customerselectiframe' located by 'By.xpath: //iframe[@id='customerselectiframe']' in '30' second(s)

2021-11-18 12:02:02 - [MESSAGE][INFO] - Switched to iframe: 'Object Repository/Olusturma/Genel/AliciBilgisi/iframe_Alc Bilgisi_customerselectiframe'

2021-11-18 12:02:02 - [MESSAGE][INFO] - Finding web element from Test Object's properties

2021-11-18 12:02:02 - [MESSAGE][INFO] - Checking timeout

2021-11-18 12:02:02 - [MESSAGE][INFO] - Finding web element with id: 'Object Repository/Olusturma/Genel/AliciBilgisi/Alici_Adi' located by 'By.xpath: //tr[@id='GridViewCustomer_DXDataRow0']/td[2]' in '30' second(s)

2021-11-18 12:02:02 - [MESSAGE][INFO] - Smart Wait Function is triggered

2021-11-18 12:02:02 - [MESSAGE][INFO] - Found 1 web elements with id: 'Object Repository/Olusturma/Genel/AliciBilgisi/Alici_Adi' located by 'By.xpath: //tr[@id='GridViewCustomer_DXDataRow0']/td[2]' in '30' second(s)

2021-11-18 12:02:02 - [MESSAGE][INFO] - Clicking on object: 'Object Repository/Olusturma/Genel/AliciBilgisi/Alici_Adi'

2021-11-18 12:02:02 - [MESSAGE][PASSED] - Object: 'Object Repository/Olusturma/Genel/AliciBilgisi/Alici_Adi' is clicked on

2021-11-18 12:02:02 - [MESSAGE][INFO] - Switching to default content

2021-11-18 12:02:02 - [TEST_STEP][PASSED] - click(findTestObject("Olusturma/Genel/AliciBilgisi/Tamam_Bosluk")): Switching to default content

2021-11-18 12:02:02 - [MESSAGE][INFO] - Finding Test Object 'Object Repository/Olusturma/Genel/AliciBilgisi/Tamam_Bosluk'

2021-11-18 12:02:02 - [MESSAGE][INFO] - Finding Test Object 'Object Repository/Olusturma/Genel/AliciBilgisi/Alici_Bilgisi'

2021-11-18 12:02:02 - [MESSAGE][INFO] - Checking object

2021-11-18 12:02:02 - [MESSAGE][INFO] - Object: 'Object Repository/Olusturma/Genel/AliciBilgisi/Tamam_Bosluk' has parent object(s)

2021-11-18 12:02:02 - [MESSAGE][INFO] - Switching to iframe: 'Object Repository/Olusturma/Genel/AliciBilgisi/Alici_Bilgisi'

2021-11-18 12:02:02 - [MESSAGE][INFO] - Finding web element from Test Object's properties

2021-11-18 12:02:02 - [MESSAGE][INFO] - Checking timeout

2021-11-18 12:02:02 - [MESSAGE][INFO] - Finding web element with id: 'Object Repository/Olusturma/Genel/AliciBilgisi/Alici_Bilgisi' located by 'By.xpath: //iframe[@id='customerselectiframe']' in '30' second(s)

2021-11-18 12:02:02 - [MESSAGE][INFO] - Smart Wait Function is triggered

2021-11-18 12:02:02 - [MESSAGE][INFO] - Found 1 web elements with id: 'Object Repository/Olusturma/Genel/AliciBilgisi/Alici_Bilgisi' located by 'By.xpath: //iframe[@id='customerselectiframe']' in '30' second(s)

2021-11-18 12:02:02 - [MESSAGE][INFO] - Switched to iframe: 'Object Repository/Olusturma/Genel/AliciBilgisi/Alici_Bilgisi'

2021-11-18 12:02:02 - [MESSAGE][INFO] - Finding web element from Test Object's properties

2021-11-18 12:02:02 - [MESSAGE][INFO] - Checking timeout

2021-11-18 12:02:02 - [MESSAGE][INFO] - Finding web element with id: 'Object Repository/Olusturma/Genel/AliciBilgisi/Tamam_Bosluk' located by 'By.xpath: (.//*[normalize-space(text()) and normalize-space(.)='Sayfa Boyutu:'])[1]/following::div[7]' in '30' second(s)

2021-11-18 12:02:02 - [MESSAGE][INFO] - Smart Wait Function is triggered

2021-11-18 12:02:02 - [MESSAGE][INFO] - Found 1 web elements with id: 'Object Repository/Olusturma/Genel/AliciBilgisi/Tamam_Bosluk' located by 'By.xpath: (.//*[normalize-space(text()) and normalize-space(.)='Sayfa Boyutu:'])[1]/following::div[7]' in '30' second(s)

2021-11-18 12:02:02 - [MESSAGE][INFO] - Clicking on object: 'Object Repository/Olusturma/Genel/AliciBilgisi/Tamam_Bosluk'

2021-11-18 12:02:02 - [MESSAGE][PASSED] - Object: 'Object Repository/Olusturma/Genel/AliciBilgisi/Tamam_Bosluk' is clicked on

2021-11-18 12:02:02 - [MESSAGE][INFO] - Switching to default content

2021-11-18 12:02:03 - [TEST_STEP][PASSED] - waitForElementClickable(findTestObject("Olusturma/Genel/AliciBilgisi/Tamam_Butonu"), 10): Switching to default content

2021-11-18 12:02:03 - [MESSAGE][INFO] - Finding Test Object 'Object Repository/Olusturma/Genel/AliciBilgisi/Tamam_Butonu'

2021-11-18 12:02:03 - [MESSAGE][INFO] - Finding Test Object 'Object Repository/Olusturma/Genel/AliciBilgisi/Alici_Bilgisi'

2021-11-18 12:02:03 - [MESSAGE][INFO] - Checking object

2021-11-18 12:02:03 - [MESSAGE][INFO] - Checking timeout

2021-11-18 12:02:03 - [MESSAGE][INFO] - Object: 'Object Repository/Olusturma/Genel/AliciBilgisi/Tamam_Butonu' has parent object(s)

2021-11-18 12:02:03 - [MESSAGE][INFO] - Switching to iframe: 'Object Repository/Olusturma/Genel/AliciBilgisi/Alici_Bilgisi'

2021-11-18 12:02:03 - [MESSAGE][INFO] - Finding web element from Test Object's properties

2021-11-18 12:02:03 - [MESSAGE][INFO] - Checking timeout

2021-11-18 12:02:03 - [MESSAGE][INFO] - Finding web element with id: 'Object Repository/Olusturma/Genel/AliciBilgisi/Alici_Bilgisi' located by 'By.xpath: //iframe[@id='customerselectiframe']' in '10' second(s)

2021-11-18 12:02:03 - [MESSAGE][INFO] - Smart Wait Function is triggered

2021-11-18 12:02:03 - [MESSAGE][INFO] - Found 1 web elements with id: 'Object Repository/Olusturma/Genel/AliciBilgisi/Alici_Bilgisi' located by 'By.xpath: //iframe[@id='customerselectiframe']' in '10' second(s)

2021-11-18 12:02:03 - [MESSAGE][INFO] - Switched to iframe: 'Object Repository/Olusturma/Genel/AliciBilgisi/Alici_Bilgisi'

2021-11-18 12:02:03 - [MESSAGE][INFO] - Finding web element from Test Object's properties

2021-11-18 12:02:03 - [MESSAGE][INFO] - Checking timeout

2021-11-18 12:02:03 - [MESSAGE][INFO] - Finding web element with id: 'Object Repository/Olusturma/Genel/AliciBilgisi/Tamam_Butonu' located by 'By.xpath: //div[@id='btnSelectCustomer_CD']/span' in '10' second(s)

2021-11-18 12:02:03 - [MESSAGE][INFO] - Smart Wait Function is triggered

2021-11-18 12:02:03 - [MESSAGE][INFO] - Found 1 web elements with id: 'Object Repository/Olusturma/Genel/AliciBilgisi/Tamam_Butonu' located by 'By.xpath: //div[@id='btnSelectCustomer_CD']/span' in '10' second(s)

2021-11-18 12:02:03 - [MESSAGE][PASSED] - Object 'Object Repository/Olusturma/Genel/AliciBilgisi/Tamam_Butonu' is clickable

2021-11-18 12:02:03 - [MESSAGE][INFO] - Switching to default content

2021-11-18 12:02:03 - [TEST_STEP][PASSED] - click(findTestObject("Olusturma/Genel/AliciBilgisi/Tamam_Butonu")): Switching to default content

2021-11-18 12:02:03 - [MESSAGE][INFO] - Finding Test Object 'Object Repository/Olusturma/Genel/AliciBilgisi/Tamam_Butonu'

2021-11-18 12:02:03 - [MESSAGE][INFO] - Finding Test Object 'Object Repository/Olusturma/Genel/AliciBilgisi/Alici_Bilgisi'

2021-11-18 12:02:03 - [MESSAGE][INFO] - Checking object

2021-11-18 12:02:03 - [MESSAGE][INFO] - Object: 'Object Repository/Olusturma/Genel/AliciBilgisi/Tamam_Butonu' has parent object(s)

2021-11-18 12:02:03 - [MESSAGE][INFO] - Switching to iframe: 'Object Repository/Olusturma/Genel/AliciBilgisi/Alici_Bilgisi'

2021-11-18 12:02:03 - [MESSAGE][INFO] - Finding web element from Test Object's properties

2021-11-18 12:02:03 - [MESSAGE][INFO] - Checking timeout

2021-11-18 12:02:03 - [MESSAGE][INFO] - Finding web element with id: 'Object Repository/Olusturma/Genel/AliciBilgisi/Alici_Bilgisi' located by 'By.xpath: //iframe[@id='customerselectiframe']' in '30' second(s)

2021-11-18 12:02:03 - [MESSAGE][INFO] - Smart Wait Function is triggered

2021-11-18 12:02:03 - [MESSAGE][INFO] - Found 1 web elements with id: 'Object Repository/Olusturma/Genel/AliciBilgisi/Alici_Bilgisi' located by 'By.xpath: //iframe[@id='customerselectiframe']' in '30' second(s)

2021-11-18 12:02:03 - [MESSAGE][INFO] - Switched to iframe: 'Object Repository/Olusturma/Genel/AliciBilgisi/Alici_Bilgisi'

2021-11-18 12:02:03 - [MESSAGE][INFO] - Finding web element from Test Object's properties

2021-11-18 12:02:03 - [MESSAGE][INFO] - Checking timeout

2021-11-18 12:02:03 - [MESSAGE][INFO] - Finding web element with id: 'Object Repository/Olusturma/Genel/AliciBilgisi/Tamam_Butonu' located by 'By.xpath: //div[@id='btnSelectCustomer_CD']/span' in '30' second(s)

2021-11-18 12:02:03 - [MESSAGE][INFO] - Smart Wait Function is triggered

2021-11-18 12:02:03 - [MESSAGE][INFO] - Found 1 web elements with id: 'Object Repository/Olusturma/Genel/AliciBilgisi/Tamam_Butonu' located by 'By.xpath: //div[@id='btnSelectCustomer_CD']/span' in '30' second(s)

2021-11-18 12:02:03 - [MESSAGE][INFO] - Clicking on object: 'Object Repository/Olusturma/Genel/AliciBilgisi/Tamam_Butonu'

2021-11-18 12:02:04 - [MESSAGE][PASSED] - Object: 'Object Repository/Olusturma/Genel/AliciBilgisi/Tamam_Butonu' is clicked on

2021-11-18 12:02:04 - [MESSAGE][INFO] - Switching to default content

2021-11-18 12:02:04 - [TEST_STEP][PASSED] - waitForElementPresent(findTestObject("Olusturma/Genel/AliciBilgisi/VKN-TCKN"), 10): Object 'Object Repository/Olusturma/Genel/AliciBilgisi/VKN-TCKN' is present

2021-11-18 12:02:04 - [MESSAGE][INFO] - Finding Test Object 'Object Repository/Olusturma/Genel/AliciBilgisi/VKN-TCKN'

2021-11-18 12:02:04 - [MESSAGE][INFO] - Checking object

2021-11-18 12:02:04 - [MESSAGE][INFO] - Finding web element from Test Object's properties

2021-11-18 12:02:04 - [MESSAGE][INFO] - Checking timeout

2021-11-18 12:02:04 - [MESSAGE][INFO] - Finding web element with id: 'Object Repository/Olusturma/Genel/AliciBilgisi/VKN-TCKN' located by 'By.xpath: //*[@id = 'txtVknTckn_I']' in '10' second(s)

2021-11-18 12:02:04 - [MESSAGE][INFO] - Smart Wait Function is triggered

2021-11-18 12:02:04 - [MESSAGE][INFO] - Found 1 web elements with id: 'Object Repository/Olusturma/Genel/AliciBilgisi/VKN-TCKN' located by 'By.xpath: //*[@id = 'txtVknTckn_I']' in '10' second(s)

2021-11-18 12:02:04 - [MESSAGE][PASSED] - Object 'Object Repository/Olusturma/Genel/AliciBilgisi/VKN-TCKN' is present

2021-11-18 12:02:04 - [TEST_STEP][PASSED] - text = getAttribute(findTestObject("Olusturma/Genel/AliciBilgisi/VKN-TCKN"), "value"): Attribute 'value' of object 'Object Repository/Olusturma/Genel/AliciBilgisi/VKN-TCKN' is: '5327841420'

2021-11-18 12:02:04 - [MESSAGE][INFO] - Finding Test Object 'Object Repository/Olusturma/Genel/AliciBilgisi/VKN-TCKN'

2021-11-18 12:02:04 - [MESSAGE][INFO] - Checking object

2021-11-18 12:02:04 - [MESSAGE][INFO] - Checking attribute

2021-11-18 12:02:04 - [MESSAGE][INFO] - Finding web element from Test Object's properties

2021-11-18 12:02:04 - [MESSAGE][INFO] - Checking timeout

2021-11-18 12:02:04 - [MESSAGE][INFO] - Finding web element with id: 'Object Repository/Olusturma/Genel/AliciBilgisi/VKN-TCKN' located by 'By.xpath: //*[@id = 'txtVknTckn_I']' in '30' second(s)

2021-11-18 12:02:04 - [MESSAGE][INFO] - Smart Wait Function is triggered

2021-11-18 12:02:04 - [MESSAGE][INFO] - Found 1 web elements with id: 'Object Repository/Olusturma/Genel/AliciBilgisi/VKN-TCKN' located by 'By.xpath: //*[@id = 'txtVknTckn_I']' in '30' second(s)

2021-11-18 12:02:04 - [MESSAGE][INFO] - Getting attribute 'value' of object 'Object Repository/Olusturma/Genel/AliciBilgisi/VKN-TCKN'

2021-11-18 12:02:04 - [MESSAGE][PASSED] - Attribute 'value' of object 'Object Repository/Olusturma/Genel/AliciBilgisi/VKN-TCKN' is: '5327841420'

2021-11-18 12:02:04 - [TEST_STEP][PASSED] - if (text.equals("")): null

2021-11-18 12:02:04 - [MESSAGE][PASSED] - Call Test Case 'Test Cases/Olusturma/Genel/AliciSecilir' successfully

2021-11-18 12:02:04 - [MESSAGE][INFO] - Checking called Test Case

2021-11-18 12:02:04 - [MESSAGE][INFO] - Starting to call Test Case 'Test Cases/Olusturma/Genel/GonderimSekliSecilir'

2021-11-18 12:02:05 - [TEST_CASE][PASSED] - Test Cases/Olusturma/Genel/GonderimSekliSecilir: Test Cases/Olusturma/Genel/GonderimSekliSecilir

2021-11-18 12:02:05 - [TEST_STEP][PASSED] - waitForElementClickable(findTestObject("Object Repository/Olusturma/Genel/GonderimSekli/GonderimSekli"), 10): Object 'Object Repository/Olusturma/Genel/GonderimSekli/GonderimSekli' is clickable

2021-11-18 12:02:05 - [MESSAGE][INFO] - Finding Test Object 'Object Repository/Olusturma/Genel/GonderimSekli/GonderimSekli'

2021-11-18 12:02:05 - [MESSAGE][INFO] - Checking object

2021-11-18 12:02:05 - [MESSAGE][INFO] - Checking timeout

2021-11-18 12:02:05 - [MESSAGE][INFO] - Finding web element from Test Object's properties

2021-11-18 12:02:05 - [MESSAGE][INFO] - Checking timeout

2021-11-18 12:02:05 - [MESSAGE][INFO] - Finding web element with id: 'Object Repository/Olusturma/Genel/GonderimSekli/GonderimSekli' located by 'By.xpath: //*[@id = 'txtGonderimSekil_I']' in '10' second(s)

2021-11-18 12:02:05 - [MESSAGE][INFO] - Smart Wait Function is triggered

2021-11-18 12:02:05 - [MESSAGE][INFO] - Found 1 web elements with id: 'Object Repository/Olusturma/Genel/GonderimSekli/GonderimSekli' located by 'By.xpath: //*[@id = 'txtGonderimSekil_I']' in '10' second(s)

2021-11-18 12:02:05 - [MESSAGE][PASSED] - Object 'Object Repository/Olusturma/Genel/GonderimSekli/GonderimSekli' is clickable

2021-11-18 12:02:05 - [TEST_STEP][PASSED] - click(findTestObject("Object Repository/Olusturma/Genel/GonderimSekli/GonderimSekli")): Object: 'Object Repository/Olusturma/Genel/GonderimSekli/GonderimSekli' is clicked on

2021-11-18 12:02:05 - [MESSAGE][INFO] - Finding Test Object 'Object Repository/Olusturma/Genel/GonderimSekli/GonderimSekli'

2021-11-18 12:02:05 - [MESSAGE][INFO] - Checking object

2021-11-18 12:02:05 - [MESSAGE][INFO] - Finding web element from Test Object's properties

2021-11-18 12:02:05 - [MESSAGE][INFO] - Checking timeout

2021-11-18 12:02:05 - [MESSAGE][INFO] - Finding web element with id: 'Object Repository/Olusturma/Genel/GonderimSekli/GonderimSekli' located by 'By.xpath: //*[@id = 'txtGonderimSekil_I']' in '30' second(s)

2021-11-18 12:02:05 - [MESSAGE][INFO] - Smart Wait Function is triggered

2021-11-18 12:02:05 - [MESSAGE][INFO] - Found 1 web elements with id: 'Object Repository/Olusturma/Genel/GonderimSekli/GonderimSekli' located by 'By.xpath: //*[@id = 'txtGonderimSekil_I']' in '30' second(s)

2021-11-18 12:02:05 - [MESSAGE][INFO] - Clicking on object: 'Object Repository/Olusturma/Genel/GonderimSekli/GonderimSekli'

2021-11-18 12:02:05 - [MESSAGE][PASSED] - Object: 'Object Repository/Olusturma/Genel/GonderimSekli/GonderimSekli' is clicked on

2021-11-18 12:02:05 - [TEST_STEP][PASSED] - Method.TextDegerineEsitElementeTikla(findTestObject("Object Repository/Olusturma/Genel/GonderimSekli/GonderimSekliAdi"), GonderimSekli): Method.TextDegerineEsitElementeTikla is PASSED

2021-11-18 12:02:05 - [MESSAGE][INFO] - Finding Test Object 'Object Repository/Olusturma/Genel/GonderimSekli/GonderimSekliAdi'

2021-11-18 12:02:05 - [MESSAGE][INFO] - Checking timeout

2021-11-18 12:02:05 - [MESSAGE][INFO] - Finding web element with id: 'Object Repository/Olusturma/Genel/GonderimSekli/GonderimSekliAdi' located by 'By.cssSelector: #txtGonderimSekil_DDD_L_LBT td' in '10' second(s)

2021-11-18 12:02:05 - [MESSAGE][INFO] - Smart Wait Function is triggered

2021-11-18 12:02:06 - [MESSAGE][INFO] - Found 2 web elements with id: 'Object Repository/Olusturma/Genel/GonderimSekli/GonderimSekliAdi' located by 'By.cssSelector: #txtGonderimSekil_DDD_L_LBT td' in '10' second(s)

2021-11-18 12:02:06 - [MESSAGE][PASSED] - Method.TextDegerineEsitElementeTikla is PASSED

2021-11-18 12:02:06 - [MESSAGE][PASSED] - Call Test Case 'Test Cases/Olusturma/Genel/GonderimSekliSecilir' successfully

2021-11-18 12:02:06 - [MESSAGE][INFO] - Checking called Test Case

2021-11-18 12:02:06 - [MESSAGE][INFO] - Starting to call Test Case 'Test Cases/Olusturma/Genel/TipSecilir'

2021-11-18 12:02:06 - [TEST_CASE][PASSED] - Test Cases/Olusturma/Genel/TipSecilir: Test Cases/Olusturma/Genel/TipSecilir

2021-11-18 12:02:06 - [TEST_STEP][PASSED] - waitForElementClickable(findTestObject("Olusturma/Genel/TipSecilir/Tip"), 10): Object 'Object Repository/Olusturma/Genel/TipSecilir/Tip' is clickable

2021-11-18 12:02:06 - [MESSAGE][INFO] - Finding Test Object 'Object Repository/Olusturma/Genel/TipSecilir/Tip'

2021-11-18 12:02:06 - [MESSAGE][INFO] - Checking object

2021-11-18 12:02:06 - [MESSAGE][INFO] - Checking timeout

2021-11-18 12:02:06 - [MESSAGE][INFO] - Finding web element from Test Object's properties

2021-11-18 12:02:06 - [MESSAGE][INFO] - Checking timeout

2021-11-18 12:02:06 - [MESSAGE][INFO] - Finding web element with id: 'Object Repository/Olusturma/Genel/TipSecilir/Tip' located by 'By.xpath: //*[@id = 'DocumentTypeCode_I']' in '10' second(s)

2021-11-18 12:02:06 - [MESSAGE][INFO] - Smart Wait Function is triggered

2021-11-18 12:02:06 - [MESSAGE][INFO] - Found 1 web elements with id: 'Object Repository/Olusturma/Genel/TipSecilir/Tip' located by 'By.xpath: //*[@id = 'DocumentTypeCode_I']' in '10' second(s)

2021-11-18 12:02:06 - [MESSAGE][PASSED] - Object 'Object Repository/Olusturma/Genel/TipSecilir/Tip' is clickable

2021-11-18 12:02:06 - [TEST_STEP][PASSED] - click(findTestObject("Olusturma/Genel/TipSecilir/Tip")): Object: 'Object Repository/Olusturma/Genel/TipSecilir/Tip' is clicked on

2021-11-18 12:02:06 - [MESSAGE][INFO] - Finding Test Object 'Object Repository/Olusturma/Genel/TipSecilir/Tip'

2021-11-18 12:02:06 - [MESSAGE][INFO] - Checking object

2021-11-18 12:02:06 - [MESSAGE][INFO] - Finding web element from Test Object's properties

2021-11-18 12:02:06 - [MESSAGE][INFO] - Checking timeout

2021-11-18 12:02:06 - [MESSAGE][INFO] - Finding web element with id: 'Object Repository/Olusturma/Genel/TipSecilir/Tip' located by 'By.xpath: //*[@id = 'DocumentTypeCode_I']' in '30' second(s)

2021-11-18 12:02:06 - [MESSAGE][INFO] - Smart Wait Function is triggered

2021-11-18 12:02:07 - [MESSAGE][INFO] - Found 1 web elements with id: 'Object Repository/Olusturma/Genel/TipSecilir/Tip' located by 'By.xpath: //*[@id = 'DocumentTypeCode_I']' in '30' second(s)

2021-11-18 12:02:07 - [MESSAGE][INFO] - Clicking on object: 'Object Repository/Olusturma/Genel/TipSecilir/Tip'

2021-11-18 12:02:07 - [MESSAGE][PASSED] - Object: 'Object Repository/Olusturma/Genel/TipSecilir/Tip' is clicked on

2021-11-18 12:02:07 - [TEST_STEP][PASSED] - Method.TextDegerineEsitElementeTikla(findTestObject("Object Repository/Olusturma/Genel/TipSecilir/Tip_Adi"), Tip): Method.TextDegerineEsitElementeTikla is PASSED

2021-11-18 12:02:07 - [MESSAGE][INFO] - Finding Test Object 'Object Repository/Olusturma/Genel/TipSecilir/Tip_Adi'

2021-11-18 12:02:07 - [MESSAGE][INFO] - Checking timeout

2021-11-18 12:02:07 - [MESSAGE][INFO] - Finding web element with id: 'Object Repository/Olusturma/Genel/TipSecilir/Tip_Adi' located by 'By.cssSelector: #DocumentTypeCode_DDD_L_LBT td' in '10' second(s)

2021-11-18 12:02:07 - [MESSAGE][INFO] - Smart Wait Function is triggered

2021-11-18 12:02:07 - [MESSAGE][INFO] - Found 9 web elements with id: 'Object Repository/Olusturma/Genel/TipSecilir/Tip_Adi' located by 'By.cssSelector: #DocumentTypeCode_DDD_L_LBT td' in '10' second(s)

2021-11-18 12:02:07 - [MESSAGE][PASSED] - Method.TextDegerineEsitElementeTikla is PASSED

2021-11-18 12:02:07 - [MESSAGE][PASSED] - Call Test Case 'Test Cases/Olusturma/Genel/TipSecilir' successfully

2021-11-18 12:02:07 - [MESSAGE][INFO] - Checking called Test Case

2021-11-18 12:02:07 - [MESSAGE][INFO] - Starting to call Test Case 'Test Cases/Olusturma/Genel/DokumanParaBirimiSecilir'

2021-11-18 12:02:07 - [TEST_CASE][PASSED] - Test Cases/Olusturma/Genel/DokumanParaBirimiSecilir: Test Cases/Olusturma/Genel/DokumanParaBirimiSecilir

2021-11-18 12:02:07 - [TEST_STEP][PASSED] - waitForElementClickable(findTestObject("Object Repository/Olusturma/Genel/DokumanParaBirimiSecilir/Para"), 10): Object 'Object Repository/Olusturma/Genel/DokumanParaBirimiSecilir/Para' is clickable

2021-11-18 12:02:07 - [MESSAGE][INFO] - Finding Test Object 'Object Repository/Olusturma/Genel/DokumanParaBirimiSecilir/Para'

2021-11-18 12:02:07 - [MESSAGE][INFO] - Checking object

2021-11-18 12:02:07 - [MESSAGE][INFO] - Checking timeout

2021-11-18 12:02:07 - [MESSAGE][INFO] - Finding web element from Test Object's properties

2021-11-18 12:02:07 - [MESSAGE][INFO] - Checking timeout

2021-11-18 12:02:07 - [MESSAGE][INFO] - Finding web element with id: 'Object Repository/Olusturma/Genel/DokumanParaBirimiSecilir/Para' located by 'By.xpath: //*[@id = 'CurrencyUnit_I']' in '10' second(s)

2021-11-18 12:02:07 - [MESSAGE][INFO] - Smart Wait Function is triggered

2021-11-18 12:02:09 - [MESSAGE][INFO] - Found 1 web elements with id: 'Object Repository/Olusturma/Genel/DokumanParaBirimiSecilir/Para' located by 'By.xpath: //*[@id = 'CurrencyUnit_I']' in '10' second(s)

2021-11-18 12:02:09 - [MESSAGE][PASSED] - Object 'Object Repository/Olusturma/Genel/DokumanParaBirimiSecilir/Para' is clickable

2021-11-18 12:02:09 - [TEST_STEP][PASSED] - click(findTestObject("Object Repository/Olusturma/Genel/DokumanParaBirimiSecilir/Para")): Object: 'Object Repository/Olusturma/Genel/DokumanParaBirimiSecilir/Para' is clicked on

2021-11-18 12:02:09 - [MESSAGE][INFO] - Finding Test Object 'Object Repository/Olusturma/Genel/DokumanParaBirimiSecilir/Para'

2021-11-18 12:02:09 - [MESSAGE][INFO] - Checking object

2021-11-18 12:02:09 - [MESSAGE][INFO] - Finding web element from Test Object's properties

2021-11-18 12:02:09 - [MESSAGE][INFO] - Checking timeout

2021-11-18 12:02:09 - [MESSAGE][INFO] - Finding web element with id: 'Object Repository/Olusturma/Genel/DokumanParaBirimiSecilir/Para' located by 'By.xpath: //*[@id = 'CurrencyUnit_I']' in '30' second(s)

2021-11-18 12:02:09 - [MESSAGE][INFO] - Smart Wait Function is triggered

2021-11-18 12:02:09 - [MESSAGE][INFO] - Found 1 web elements with id: 'Object Repository/Olusturma/Genel/DokumanParaBirimiSecilir/Para' located by 'By.xpath: //*[@id = 'CurrencyUnit_I']' in '30' second(s)

2021-11-18 12:02:09 - [MESSAGE][INFO] - Clicking on object: 'Object Repository/Olusturma/Genel/DokumanParaBirimiSecilir/Para'

2021-11-18 12:02:09 - [MESSAGE][PASSED] - Object: 'Object Repository/Olusturma/Genel/DokumanParaBirimiSecilir/Para' is clicked on

2021-11-18 12:02:09 - [TEST_STEP][PASSED] - Method.TextDegerineEsitElementeTikla(findTestObject("Object Repository/Olusturma/Genel/DokumanParaBirimiSecilir/Para_Adi"), Para): Method.TextDegerineEsitElementeTikla is PASSED

2021-11-18 12:02:09 - [MESSAGE][INFO] - Finding Test Object 'Object Repository/Olusturma/Genel/DokumanParaBirimiSecilir/Para_Adi'

2021-11-18 12:02:09 - [MESSAGE][INFO] - Checking timeout

2021-11-18 12:02:09 - [MESSAGE][INFO] - Finding web element with id: 'Object Repository/Olusturma/Genel/DokumanParaBirimiSecilir/Para_Adi' located by 'By.cssSelector: #CurrencyUnit_DDD_L_LBT td' in '10' second(s)

2021-11-18 12:02:09 - [MESSAGE][INFO] - Smart Wait Function is triggered

2021-11-18 12:02:10 - [MESSAGE][INFO] - Found 203 web elements with id: 'Object Repository/Olusturma/Genel/DokumanParaBirimiSecilir/Para_Adi' located by 'By.cssSelector: #CurrencyUnit_DDD_L_LBT td' in '10' second(s)

2021-11-18 12:02:13 - [MESSAGE][PASSED] - Method.TextDegerineEsitElementeTikla is PASSED

2021-11-18 12:02:13 - [MESSAGE][PASSED] - Call Test Case 'Test Cases/Olusturma/Genel/DokumanParaBirimiSecilir' successfully

2021-11-18 12:02:13 - [MESSAGE][INFO] - Checking called Test Case

2021-11-18 12:02:13 - [MESSAGE][INFO] - Starting to call Test Case 'Test Cases/Olusturma/Genel/OnEkSecilir'

2021-11-18 12:02:13 - [TEST_CASE][PASSED] - Test Cases/Olusturma/Genel/OnEkSecilir: Test Cases/Olusturma/Genel/OnEkSecilir

2021-11-18 12:02:13 - [TEST_STEP][PASSED] - waitForElementClickable(findTestObject("Object Repository/Olusturma/Genel/OnEkSecilir/OnEk"), 10): Object 'Object Repository/Olusturma/Genel/OnEkSecilir/OnEk' is clickable

2021-11-18 12:02:13 - [MESSAGE][INFO] - Finding Test Object 'Object Repository/Olusturma/Genel/OnEkSecilir/OnEk'

2021-11-18 12:02:13 - [MESSAGE][INFO] - Checking object

2021-11-18 12:02:13 - [MESSAGE][INFO] - Checking timeout

2021-11-18 12:02:13 - [MESSAGE][INFO] - Finding web element from Test Object's properties

2021-11-18 12:02:13 - [MESSAGE][INFO] - Checking timeout

2021-11-18 12:02:13 - [MESSAGE][INFO] - Finding web element with id: 'Object Repository/Olusturma/Genel/OnEkSecilir/OnEk' located by 'By.xpath: //*[@id = 'InvoicePrefix_I']' in '10' second(s)

2021-11-18 12:02:13 - [MESSAGE][INFO] - Smart Wait Function is triggered

2021-11-18 12:02:13 - [MESSAGE][INFO] - Found 1 web elements with id: 'Object Repository/Olusturma/Genel/OnEkSecilir/OnEk' located by 'By.xpath: //*[@id = 'InvoicePrefix_I']' in '10' second(s)

2021-11-18 12:02:13 - [MESSAGE][PASSED] - Object 'Object Repository/Olusturma/Genel/OnEkSecilir/OnEk' is clickable

2021-11-18 12:02:13 - [TEST_STEP][PASSED] - click(findTestObject("Object Repository/Olusturma/Genel/OnEkSecilir/OnEk")): Object: 'Object Repository/Olusturma/Genel/OnEkSecilir/OnEk' is clicked on

2021-11-18 12:02:13 - [MESSAGE][INFO] - Finding Test Object 'Object Repository/Olusturma/Genel/OnEkSecilir/OnEk'

2021-11-18 12:02:13 - [MESSAGE][INFO] - Checking object

2021-11-18 12:02:13 - [MESSAGE][INFO] - Finding web element from Test Object's properties

2021-11-18 12:02:13 - [MESSAGE][INFO] - Checking timeout

2021-11-18 12:02:13 - [MESSAGE][INFO] - Finding web element with id: 'Object Repository/Olusturma/Genel/OnEkSecilir/OnEk' located by 'By.xpath: //*[@id = 'InvoicePrefix_I']' in '30' second(s)

2021-11-18 12:02:13 - [MESSAGE][INFO] - Smart Wait Function is triggered

2021-11-18 12:02:14 - [MESSAGE][INFO] - Found 1 web elements with id: 'Object Repository/Olusturma/Genel/OnEkSecilir/OnEk' located by 'By.xpath: //*[@id = 'InvoicePrefix_I']' in '30' second(s)

2021-11-18 12:02:14 - [MESSAGE][INFO] - Clicking on object: 'Object Repository/Olusturma/Genel/OnEkSecilir/OnEk'

2021-11-18 12:02:14 - [MESSAGE][PASSED] - Object: 'Object Repository/Olusturma/Genel/OnEkSecilir/OnEk' is clicked on

2021-11-18 12:02:14 - [TEST_STEP][PASSED] - Method.TextDegerineEsitElementeTiklaEquals(findTestObject("Object Repository/Olusturma/Genel/OnEkSecilir/OnEkAdi"), Ek): Method.TextDegerineEsitElementeTiklaEquals is PASSED

2021-11-18 12:02:14 - [MESSAGE][INFO] - Finding Test Object 'Object Repository/Olusturma/Genel/OnEkSecilir/OnEkAdi'

2021-11-18 12:02:14 - [MESSAGE][INFO] - Checking timeout

2021-11-18 12:02:14 - [MESSAGE][INFO] - Finding web element with id: 'Object Repository/Olusturma/Genel/OnEkSecilir/OnEkAdi' located by 'By.cssSelector: #InvoicePrefix_DDD_L_LBT td' in '10' second(s)

2021-11-18 12:02:14 - [MESSAGE][INFO] - Smart Wait Function is triggered

2021-11-18 12:02:14 - [MESSAGE][INFO] - Found 1 web elements with id: 'Object Repository/Olusturma/Genel/OnEkSecilir/OnEkAdi' located by 'By.cssSelector: #InvoicePrefix_DDD_L_LBT td' in '10' second(s)

2021-11-18 12:02:14 - [MESSAGE][PASSED] - Method.TextDegerineEsitElementeTiklaEquals is PASSED

2021-11-18 12:02:14 - [MESSAGE][PASSED] - Call Test Case 'Test Cases/Olusturma/Genel/OnEkSecilir' successfully

2021-11-18 12:02:14 - [MESSAGE][INFO] - Checking called Test Case

2021-11-18 12:02:14 - [MESSAGE][INFO] - Starting to call Test Case 'Test Cases/Olusturma/Genel/TasarimSecilir'

2021-11-18 12:02:14 - [TEST_CASE][PASSED] - Test Cases/Olusturma/Genel/TasarimSecilir: Test Cases/Olusturma/Genel/TasarimSecilir

2021-11-18 12:02:14 - [TEST_STEP][PASSED] - waitForElementClickable(findTestObject("Object Repository/Olusturma/Genel/TasarimSecilir/Tasarim"), 10): Object 'Object Repository/Olusturma/Genel/TasarimSecilir/Tasarim' is clickable

2021-11-18 12:02:14 - [MESSAGE][INFO] - Finding Test Object 'Object Repository/Olusturma/Genel/TasarimSecilir/Tasarim'

2021-11-18 12:02:14 - [MESSAGE][INFO] - Checking object

2021-11-18 12:02:14 - [MESSAGE][INFO] - Checking timeout

2021-11-18 12:02:14 - [MESSAGE][INFO] - Finding web element from Test Object's properties

2021-11-18 12:02:14 - [MESSAGE][INFO] - Checking timeout

2021-11-18 12:02:14 - [MESSAGE][INFO] - Finding web element with id: 'Object Repository/Olusturma/Genel/TasarimSecilir/Tasarim' located by 'By.xpath: //*[@id = 'DesignId_I']' in '10' second(s)

2021-11-18 12:02:14 - [MESSAGE][INFO] - Smart Wait Function is triggered

2021-11-18 12:02:15 - [MESSAGE][INFO] - Found 1 web elements with id: 'Object Repository/Olusturma/Genel/TasarimSecilir/Tasarim' located by 'By.xpath: //*[@id = 'DesignId_I']' in '10' second(s)

2021-11-18 12:02:15 - [MESSAGE][PASSED] - Object 'Object Repository/Olusturma/Genel/TasarimSecilir/Tasarim' is clickable

2021-11-18 12:02:15 - [TEST_STEP][PASSED] - click(findTestObject("Object Repository/Olusturma/Genel/TasarimSecilir/Tasarim")): Object: 'Object Repository/Olusturma/Genel/TasarimSecilir/Tasarim' is clicked on

2021-11-18 12:02:15 - [MESSAGE][INFO] - Finding Test Object 'Object Repository/Olusturma/Genel/TasarimSecilir/Tasarim'

2021-11-18 12:02:15 - [MESSAGE][INFO] - Checking object

2021-11-18 12:02:15 - [MESSAGE][INFO] - Finding web element from Test Object's properties

2021-11-18 12:02:15 - [MESSAGE][INFO] - Checking timeout

2021-11-18 12:02:15 - [MESSAGE][INFO] - Finding web element with id: 'Object Repository/Olusturma/Genel/TasarimSecilir/Tasarim' located by 'By.xpath: //*[@id = 'DesignId_I']' in '30' second(s)

2021-11-18 12:02:15 - [MESSAGE][INFO] - Smart Wait Function is triggered

2021-11-18 12:02:15 - [MESSAGE][INFO] - Found 1 web elements with id: 'Object Repository/Olusturma/Genel/TasarimSecilir/Tasarim' located by 'By.xpath: //*[@id = 'DesignId_I']' in '30' second(s)

2021-11-18 12:02:15 - [MESSAGE][INFO] - Clicking on object: 'Object Repository/Olusturma/Genel/TasarimSecilir/Tasarim'

2021-11-18 12:02:15 - [MESSAGE][PASSED] - Object: 'Object Repository/Olusturma/Genel/TasarimSecilir/Tasarim' is clicked on

2021-11-18 12:02:15 - [TEST_STEP][PASSED] - Method.TextDegerineEsitElementeTikla(findTestObject("Object Repository/Olusturma/Genel/TasarimSecilir/Tasarim_Adi"), Tasarim): Method.TextDegerineEsitElementeTikla is PASSED

2021-11-18 12:02:15 - [MESSAGE][INFO] - Finding Test Object 'Object Repository/Olusturma/Genel/TasarimSecilir/Tasarim_Adi'

2021-11-18 12:02:15 - [MESSAGE][INFO] - Checking timeout

2021-11-18 12:02:15 - [MESSAGE][INFO] - Finding web element with id: 'Object Repository/Olusturma/Genel/TasarimSecilir/Tasarim_Adi' located by 'By.cssSelector: #DesignId_DDD_L_LBT td' in '10' second(s)

2021-11-18 12:02:15 - [MESSAGE][INFO] - Smart Wait Function is triggered

2021-11-18 12:02:15 - [MESSAGE][INFO] - Found 1 web elements with id: 'Object Repository/Olusturma/Genel/TasarimSecilir/Tasarim_Adi' located by 'By.cssSelector: #DesignId_DDD_L_LBT td' in '10' second(s)

2021-11-18 12:02:15 - [MESSAGE][PASSED] - Method.TextDegerineEsitElementeTikla is PASSED

2021-11-18 12:02:15 - [MESSAGE][PASSED] - Call Test Case 'Test Cases/Olusturma/Genel/TasarimSecilir' successfully

2021-11-18 12:02:15 - [MESSAGE][INFO] - Checking called Test Case

2021-11-18 12:02:15 - [MESSAGE][INFO] - Starting to call Test Case 'Test Cases/Olusturma/Genel/Kutular/SiparisBilgileriGirilir'

2021-11-18 12:02:16 - [TEST_CASE][PASSED] - Test Cases/Olusturma/Genel/Kutular/SiparisBilgileriGirilir: Test Cases/Olusturma/Genel/Kutular/SiparisBilgileriGirilir

2021-11-18 12:02:16 - [TEST_STEP][PASSED] - Method.TextDegerineEsitElementeTikla(findTestObject("Olusturma/Genel/Kutular/KapaliKutular"), "Sipariş Bilgileri"): Method.TextDegerineEsitElementeTikla is PASSED

2021-11-18 12:02:16 - [MESSAGE][INFO] - Finding Test Object 'Object Repository/Olusturma/Genel/Kutular/KapaliKutular'

2021-11-18 12:02:16 - [MESSAGE][INFO] - Checking timeout

2021-11-18 12:02:16 - [MESSAGE][INFO] - Finding web element with id: 'Object Repository/Olusturma/Genel/Kutular/KapaliKutular' located by 'By.cssSelector: .dxnb-headerCollapsed>span' in '10' second(s)

2021-11-18 12:02:16 - [MESSAGE][INFO] - Smart Wait Function is triggered

2021-11-18 12:02:16 - [MESSAGE][INFO] - Found 8 web elements with id: 'Object Repository/Olusturma/Genel/Kutular/KapaliKutular' located by 'By.cssSelector: .dxnb-headerCollapsed>span' in '10' second(s)

2021-11-18 12:02:16 - [MESSAGE][PASSED] - Method.TextDegerineEsitElementeTikla is PASSED

2021-11-18 12:02:16 - [TEST_STEP][PASSED] - waitForElementPresent(findTestObject("Object Repository/Olusturma/Genel/Kutular/SiparisBilgileri/SiparisNo"), 10): Object 'Object Repository/Olusturma/Genel/Kutular/SiparisBilgileri/SiparisNo' is present

2021-11-18 12:02:16 - [MESSAGE][INFO] - Finding Test Object 'Object Repository/Olusturma/Genel/Kutular/SiparisBilgileri/SiparisNo'

2021-11-18 12:02:16 - [MESSAGE][INFO] - Checking object

2021-11-18 12:02:16 - [MESSAGE][INFO] - Finding web element from Test Object's properties

2021-11-18 12:02:16 - [MESSAGE][INFO] - Checking timeout

2021-11-18 12:02:16 - [MESSAGE][INFO] - Finding web element with id: 'Object Repository/Olusturma/Genel/Kutular/SiparisBilgileri/SiparisNo' located by 'By.xpath: //*[@id = 'txtSiparisNo_I']' in '10' second(s)

2021-11-18 12:02:16 - [MESSAGE][INFO] - Smart Wait Function is triggered

2021-11-18 12:02:16 - [MESSAGE][INFO] - Found 1 web elements with id: 'Object Repository/Olusturma/Genel/Kutular/SiparisBilgileri/SiparisNo' located by 'By.xpath: //*[@id = 'txtSiparisNo_I']' in '10' second(s)

2021-11-18 12:02:16 - [MESSAGE][PASSED] - Object 'Object Repository/Olusturma/Genel/Kutular/SiparisBilgileri/SiparisNo' is present

2021-11-18 12:02:16 - [TEST_STEP][PASSED] - clearText(findTestObject("Object Repository/Olusturma/Genel/Kutular/SiparisBilgileri/SiparisNo")): Text of object 'Object Repository/Olusturma/Genel/Kutular/SiparisBilgileri/SiparisNo' is cleared

2021-11-18 12:02:16 - [MESSAGE][INFO] - Finding Test Object 'Object Repository/Olusturma/Genel/Kutular/SiparisBilgileri/SiparisNo'

2021-11-18 12:02:16 - [MESSAGE][INFO] - Checking object

2021-11-18 12:02:16 - [MESSAGE][INFO] - Finding web element from Test Object's properties

2021-11-18 12:02:16 - [MESSAGE][INFO] - Checking timeout

2021-11-18 12:02:16 - [MESSAGE][INFO] - Finding web element with id: 'Object Repository/Olusturma/Genel/Kutular/SiparisBilgileri/SiparisNo' located by 'By.xpath: //*[@id = 'txtSiparisNo_I']' in '30' second(s)

2021-11-18 12:02:16 - [MESSAGE][INFO] - Smart Wait Function is triggered

2021-11-18 12:02:17 - [MESSAGE][INFO] - Found 1 web elements with id: 'Object Repository/Olusturma/Genel/Kutular/SiparisBilgileri/SiparisNo' located by 'By.xpath: //*[@id = 'txtSiparisNo_I']' in '30' second(s)

2021-11-18 12:02:17 - [MESSAGE][INFO] - Clearing text of object 'Object Repository/Olusturma/Genel/Kutular/SiparisBilgileri/SiparisNo'

2021-11-18 12:02:17 - [MESSAGE][PASSED] - Text of object 'Object Repository/Olusturma/Genel/Kutular/SiparisBilgileri/SiparisNo' is cleared

2021-11-18 12:02:17 - [TEST_STEP][PASSED] - sendKeys(findTestObject("Object Repository/Olusturma/Genel/Kutular/SiparisBilgileri/SiparisNo"), SiparisNo): Keys 'UUC-SAT-1200001' sent to object: 'Object Repository/Olusturma/Genel/Kutular/SiparisBilgileri/SiparisNo'

2021-11-18 12:02:17 - [MESSAGE][INFO] - Finding Test Object 'Object Repository/Olusturma/Genel/Kutular/SiparisBilgileri/SiparisNo'

2021-11-18 12:02:17 - [MESSAGE][INFO] - Sending keys 'UUC-SAT-1200001' to object: 'Object Repository/Olusturma/Genel/Kutular/SiparisBilgileri/SiparisNo'

2021-11-18 12:02:17 - [MESSAGE][INFO] - Finding web element from Test Object's properties

2021-11-18 12:02:17 - [MESSAGE][INFO] - Checking timeout

2021-11-18 12:02:17 - [MESSAGE][INFO] - Finding web element with id: 'Object Repository/Olusturma/Genel/Kutular/SiparisBilgileri/SiparisNo' located by 'By.xpath: //*[@id = 'txtSiparisNo_I']' in '30' second(s)

2021-11-18 12:02:17 - [MESSAGE][INFO] - Smart Wait Function is triggered

2021-11-18 12:02:17 - [MESSAGE][INFO] - Found 1 web elements with id: 'Object Repository/Olusturma/Genel/Kutular/SiparisBilgileri/SiparisNo' located by 'By.xpath: //*[@id = 'txtSiparisNo_I']' in '30' second(s)

2021-11-18 12:02:17 - [MESSAGE][PASSED] - Keys 'UUC-SAT-1200001' sent to object: 'Object Repository/Olusturma/Genel/Kutular/SiparisBilgileri/SiparisNo'

2021-11-18 12:02:17 - [TEST_STEP][PASSED] - waitForElementClickable(findTestObject("Object Repository/Olusturma/Genel/Kutular/SiparisBilgileri/SiparisTarihiImage"), 10): Object 'Object Repository/Olusturma/Genel/Kutular/SiparisBilgileri/SiparisTarihiImage' is clickable

2021-11-18 12:02:17 - [MESSAGE][INFO] - Finding Test Object 'Object Repository/Olusturma/Genel/Kutular/SiparisBilgileri/SiparisTarihiImage'

2021-11-18 12:02:17 - [MESSAGE][INFO] - Checking object

2021-11-18 12:02:17 - [MESSAGE][INFO] - Checking timeout

2021-11-18 12:02:17 - [MESSAGE][INFO] - Finding web element from Test Object's properties

2021-11-18 12:02:17 - [MESSAGE][INFO] - Checking timeout

2021-11-18 12:02:17 - [MESSAGE][INFO] - Finding web element with id: 'Object Repository/Olusturma/Genel/Kutular/SiparisBilgileri/SiparisTarihiImage' located by 'By.cssSelector: #dateSiparisTarih img' in '10' second(s)

2021-11-18 12:02:17 - [MESSAGE][INFO] - Smart Wait Function is triggered

2021-11-18 12:02:18 - [MESSAGE][INFO] - Found 1 web elements with id: 'Object Repository/Olusturma/Genel/Kutular/SiparisBilgileri/SiparisTarihiImage' located by 'By.cssSelector: #dateSiparisTarih img' in '10' second(s)

2021-11-18 12:02:18 - [MESSAGE][PASSED] - Object 'Object Repository/Olusturma/Genel/Kutular/SiparisBilgileri/SiparisTarihiImage' is clickable

2021-11-18 12:02:18 - [TEST_STEP][PASSED] - click(findTestObject("Object Repository/Olusturma/Genel/Kutular/SiparisBilgileri/SiparisTarihiImage")): Object: 'Object Repository/Olusturma/Genel/Kutular/SiparisBilgileri/SiparisTarihiImage' is clicked on

2021-11-18 12:02:18 - [MESSAGE][INFO] - Finding Test Object 'Object Repository/Olusturma/Genel/Kutular/SiparisBilgileri/SiparisTarihiImage'

2021-11-18 12:02:18 - [MESSAGE][INFO] - Checking object

2021-11-18 12:02:18 - [MESSAGE][INFO] - Finding web element from Test Object's properties

2021-11-18 12:02:18 - [MESSAGE][INFO] - Checking timeout

2021-11-18 12:02:18 - [MESSAGE][INFO] - Finding web element with id: 'Object Repository/Olusturma/Genel/Kutular/SiparisBilgileri/SiparisTarihiImage' located by 'By.cssSelector: #dateSiparisTarih img' in '30' second(s)

2021-11-18 12:02:18 - [MESSAGE][INFO] - Smart Wait Function is triggered

2021-11-18 12:02:18 - [MESSAGE][INFO] - Found 1 web elements with id: 'Object Repository/Olusturma/Genel/Kutular/SiparisBilgileri/SiparisTarihiImage' located by 'By.cssSelector: #dateSiparisTarih img' in '30' second(s)

2021-11-18 12:02:18 - [MESSAGE][INFO] - Clicking on object: 'Object Repository/Olusturma/Genel/Kutular/SiparisBilgileri/SiparisTarihiImage'

2021-11-18 12:02:18 - [MESSAGE][PASSED] - Object: 'Object Repository/Olusturma/Genel/Kutular/SiparisBilgileri/SiparisTarihiImage' is clicked on

2021-11-18 12:02:18 - [TEST_STEP][PASSED] - waitForElementPresent(findTestObject("Object Repository/Olusturma/Genel/Kutular/SiparisBilgileri/SiparisTarihi"), 10): Object 'Object Repository/Olusturma/Genel/Kutular/SiparisBilgileri/SiparisTarihi' is present

2021-11-18 12:02:18 - [MESSAGE][INFO] - Finding Test Object 'Object Repository/Olusturma/Genel/Kutular/SiparisBilgileri/SiparisTarihi'

2021-11-18 12:02:18 - [MESSAGE][INFO] - Checking object

2021-11-18 12:02:18 - [MESSAGE][INFO] - Finding web element from Test Object's properties

2021-11-18 12:02:18 - [MESSAGE][INFO] - Checking timeout

2021-11-18 12:02:18 - [MESSAGE][INFO] - Finding web element with id: 'Object Repository/Olusturma/Genel/Kutular/SiparisBilgileri/SiparisTarihi' located by 'By.xpath: //*[@id = 'dateSiparisTarih_I']' in '10' second(s)

2021-11-18 12:02:18 - [MESSAGE][INFO] - Smart Wait Function is triggered

2021-11-18 12:02:19 - [MESSAGE][INFO] - Found 1 web elements with id: 'Object Repository/Olusturma/Genel/Kutular/SiparisBilgileri/SiparisTarihi' located by 'By.xpath: //*[@id = 'dateSiparisTarih_I']' in '10' second(s)

2021-11-18 12:02:19 - [MESSAGE][PASSED] - Object 'Object Repository/Olusturma/Genel/Kutular/SiparisBilgileri/SiparisTarihi' is present

2021-11-18 12:02:19 - [TEST_STEP][PASSED] - clearText(findTestObject("Object Repository/Olusturma/Genel/Kutular/SiparisBilgileri/SiparisTarihi")): Text of object 'Object Repository/Olusturma/Genel/Kutular/SiparisBilgileri/SiparisTarihi' is cleared

2021-11-18 12:02:19 - [MESSAGE][INFO] - Finding Test Object 'Object Repository/Olusturma/Genel/Kutular/SiparisBilgileri/SiparisTarihi'

2021-11-18 12:02:19 - [MESSAGE][INFO] - Checking object

2021-11-18 12:02:19 - [MESSAGE][INFO] - Finding web element from Test Object's properties

2021-11-18 12:02:19 - [MESSAGE][INFO] - Checking timeout

2021-11-18 12:02:19 - [MESSAGE][INFO] - Finding web element with id: 'Object Repository/Olusturma/Genel/Kutular/SiparisBilgileri/SiparisTarihi' located by 'By.xpath: //*[@id = 'dateSiparisTarih_I']' in '30' second(s)

2021-11-18 12:02:19 - [MESSAGE][INFO] - Smart Wait Function is triggered

2021-11-18 12:02:19 - [MESSAGE][INFO] - Found 1 web elements with id: 'Object Repository/Olusturma/Genel/Kutular/SiparisBilgileri/SiparisTarihi' located by 'By.xpath: //*[@id = 'dateSiparisTarih_I']' in '30' second(s)

2021-11-18 12:02:19 - [MESSAGE][INFO] - Clearing text of object 'Object Repository/Olusturma/Genel/Kutular/SiparisBilgileri/SiparisTarihi'

2021-11-18 12:02:19 - [MESSAGE][PASSED] - Text of object 'Object Repository/Olusturma/Genel/Kutular/SiparisBilgileri/SiparisTarihi' is cleared

2021-11-18 12:02:19 - [TEST_STEP][PASSED] - sendKeys(findTestObject("Object Repository/Olusturma/Genel/Kutular/SiparisBilgileri/SiparisTarihi"), Tarih): Keys '31.04.2020' sent to object: 'Object Repository/Olusturma/Genel/Kutular/SiparisBilgileri/SiparisTarihi'

2021-11-18 12:02:19 - [MESSAGE][INFO] - Finding Test Object 'Object Repository/Olusturma/Genel/Kutular/SiparisBilgileri/SiparisTarihi'

2021-11-18 12:02:19 - [MESSAGE][INFO] - Sending keys '31.04.2020' to object: 'Object Repository/Olusturma/Genel/Kutular/SiparisBilgileri/SiparisTarihi'

2021-11-18 12:02:19 - [MESSAGE][INFO] - Finding web element from Test Object's properties

2021-11-18 12:02:19 - [MESSAGE][INFO] - Checking timeout

2021-11-18 12:02:19 - [MESSAGE][INFO] - Finding web element with id: 'Object Repository/Olusturma/Genel/Kutular/SiparisBilgileri/SiparisTarihi' located by 'By.xpath: //*[@id = 'dateSiparisTarih_I']' in '30' second(s)

2021-11-18 12:02:19 - [MESSAGE][INFO] - Smart Wait Function is triggered

2021-11-18 12:02:19 - [MESSAGE][INFO] - Found 1 web elements with id: 'Object Repository/Olusturma/Genel/Kutular/SiparisBilgileri/SiparisTarihi' located by 'By.xpath: //*[@id = 'dateSiparisTarih_I']' in '30' second(s)

2021-11-18 12:02:20 - [MESSAGE][PASSED] - Keys '31.04.2020' sent to object: 'Object Repository/Olusturma/Genel/Kutular/SiparisBilgileri/SiparisTarihi'

2021-11-18 12:02:20 - [MESSAGE][PASSED] - Call Test Case 'Test Cases/Olusturma/Genel/Kutular/SiparisBilgileriGirilir' successfully

2021-11-18 12:02:20 - [MESSAGE][INFO] - Checking called Test Case

2021-11-18 12:02:20 - [MESSAGE][INFO] - Starting to call Test Case 'Test Cases/Olusturma/Genel/Kutular/IrsaliyeBilgileri'

2021-11-18 12:02:20 - [TEST_CASE][PASSED] - Test Cases/Olusturma/Genel/Kutular/IrsaliyeBilgileri: Test Cases/Olusturma/Genel/Kutular/IrsaliyeBilgileri

2021-11-18 12:02:20 - [TEST_STEP][PASSED] - Method.TextDegerineEsitElementeTikla(findTestObject("Olusturma/Genel/Kutular/KapaliKutular"), "İrsaliye Bilgileri"): Method.TextDegerineEsitElementeTikla is PASSED

2021-11-18 12:02:20 - [MESSAGE][INFO] - Finding Test Object 'Object Repository/Olusturma/Genel/Kutular/KapaliKutular'

2021-11-18 12:02:20 - [MESSAGE][INFO] - Checking timeout

2021-11-18 12:02:20 - [MESSAGE][INFO] - Finding web element with id: 'Object Repository/Olusturma/Genel/Kutular/KapaliKutular' located by 'By.cssSelector: .dxnb-headerCollapsed>span' in '10' second(s)

2021-11-18 12:02:20 - [MESSAGE][INFO] - Smart Wait Function is triggered

2021-11-18 12:02:20 - [MESSAGE][INFO] - Found 8 web elements with id: 'Object Repository/Olusturma/Genel/Kutular/KapaliKutular' located by 'By.cssSelector: .dxnb-headerCollapsed>span' in '10' second(s)

2021-11-18 12:02:20 - [MESSAGE][PASSED] - Method.TextDegerineEsitElementeTikla is PASSED

2021-11-18 12:02:20 - [TEST_STEP][PASSED] - waitForElementClickable(findTestObject("Olusturma/Genel/Kutular/IrsaliyeBilgileri/Ekle"), 10): Object 'Object Repository/Olusturma/Genel/Kutular/IrsaliyeBilgileri/Ekle' is clickable

2021-11-18 12:02:20 - [MESSAGE][INFO] - Finding Test Object 'Object Repository/Olusturma/Genel/Kutular/IrsaliyeBilgileri/Ekle'

2021-11-18 12:02:20 - [MESSAGE][INFO] - Checking object

2021-11-18 12:02:20 - [MESSAGE][INFO] - Checking timeout

2021-11-18 12:02:20 - [MESSAGE][INFO] - Finding web element from Test Object's properties

2021-11-18 12:02:20 - [MESSAGE][INFO] - Checking timeout

2021-11-18 12:02:20 - [MESSAGE][INFO] - Finding web element with id: 'Object Repository/Olusturma/Genel/Kutular/IrsaliyeBilgileri/Ekle' located by 'By.xpath: //*[@id = 'DXEditorgvUserInvoiceBillsNewRowBtn']' in '10' second(s)

2021-11-18 12:02:20 - [MESSAGE][INFO] - Smart Wait Function is triggered

2021-11-18 12:02:21 - [MESSAGE][INFO] - Found 1 web elements with id: 'Object Repository/Olusturma/Genel/Kutular/IrsaliyeBilgileri/Ekle' located by 'By.xpath: //*[@id = 'DXEditorgvUserInvoiceBillsNewRowBtn']' in '10' second(s)

2021-11-18 12:02:21 - [MESSAGE][PASSED] - Object 'Object Repository/Olusturma/Genel/Kutular/IrsaliyeBilgileri/Ekle' is clickable

2021-11-18 12:02:21 - [TEST_STEP][PASSED] - click(findTestObject("Olusturma/Genel/Kutular/IrsaliyeBilgileri/Ekle")): Object: 'Object Repository/Olusturma/Genel/Kutular/IrsaliyeBilgileri/Ekle' is clicked on

2021-11-18 12:02:21 - [MESSAGE][INFO] - Finding Test Object 'Object Repository/Olusturma/Genel/Kutular/IrsaliyeBilgileri/Ekle'

2021-11-18 12:02:21 - [MESSAGE][INFO] - Checking object

2021-11-18 12:02:21 - [MESSAGE][INFO] - Finding web element from Test Object's properties

2021-11-18 12:02:21 - [MESSAGE][INFO] - Checking timeout

2021-11-18 12:02:21 - [MESSAGE][INFO] - Finding web element with id: 'Object Repository/Olusturma/Genel/Kutular/IrsaliyeBilgileri/Ekle' located by 'By.xpath: //*[@id = 'DXEditorgvUserInvoiceBillsNewRowBtn']' in '30' second(s)

2021-11-18 12:02:21 - [MESSAGE][INFO] - Smart Wait Function is triggered

2021-11-18 12:02:21 - [MESSAGE][INFO] - Found 1 web elements with id: 'Object Repository/Olusturma/Genel/Kutular/IrsaliyeBilgileri/Ekle' located by 'By.xpath: //*[@id = 'DXEditorgvUserInvoiceBillsNewRowBtn']' in '30' second(s)

2021-11-18 12:02:21 - [MESSAGE][INFO] - Clicking on object: 'Object Repository/Olusturma/Genel/Kutular/IrsaliyeBilgileri/Ekle'

2021-11-18 12:02:21 - [MESSAGE][PASSED] - Object: 'Object Repository/Olusturma/Genel/Kutular/IrsaliyeBilgileri/Ekle' is clicked on

2021-11-18 12:02:21 - [TEST_STEP][PASSED] - waitForElementPresent(findTestObject("Object Repository/Olusturma/Genel/Kutular/IrsaliyeBilgileri/IrsaliyeNumarasi"), 10): Object 'Object Repository/Olusturma/Genel/Kutular/IrsaliyeBilgileri/IrsaliyeNumarasi' is present

2021-11-18 12:02:21 - [MESSAGE][INFO] - Finding Test Object 'Object Repository/Olusturma/Genel/Kutular/IrsaliyeBilgileri/IrsaliyeNumarasi'

2021-11-18 12:02:21 - [MESSAGE][INFO] - Checking object

2021-11-18 12:02:21 - [MESSAGE][INFO] - Finding web element from Test Object's properties

2021-11-18 12:02:21 - [MESSAGE][INFO] - Checking timeout

2021-11-18 12:02:21 - [MESSAGE][INFO] - Finding web element with id: 'Object Repository/Olusturma/Genel/Kutular/IrsaliyeBilgileri/IrsaliyeNumarasi' located by 'By.xpath: //*[@id = 'gvUserInvoiceBills_DXEditor1_I']' in '10' second(s)

2021-11-18 12:02:21 - [MESSAGE][INFO] - Smart Wait Function is triggered

2021-11-18 12:02:21 - [MESSAGE][INFO] - Smart Wait Function is triggered

2021-11-18 12:02:22 - [MESSAGE][INFO] - Found 1 web elements with id: 'Object Repository/Olusturma/Genel/Kutular/IrsaliyeBilgileri/IrsaliyeNumarasi' located by 'By.xpath: //*[@id = 'gvUserInvoiceBills_DXEditor1_I']' in '10' second(s)

2021-11-18 12:02:22 - [MESSAGE][PASSED] - Object 'Object Repository/Olusturma/Genel/Kutular/IrsaliyeBilgileri/IrsaliyeNumarasi' is present

2021-11-18 12:02:22 - [TEST_STEP][PASSED] - clearText(findTestObject("Object Repository/Olusturma/Genel/Kutular/IrsaliyeBilgileri/IrsaliyeNumarasi")): Text of object 'Object Repository/Olusturma/Genel/Kutular/IrsaliyeBilgileri/IrsaliyeNumarasi' is cleared

2021-11-18 12:02:22 - [MESSAGE][INFO] - Finding Test Object 'Object Repository/Olusturma/Genel/Kutular/IrsaliyeBilgileri/IrsaliyeNumarasi'

2021-11-18 12:02:22 - [MESSAGE][INFO] - Checking object

2021-11-18 12:02:22 - [MESSAGE][INFO] - Finding web element from Test Object's properties

2021-11-18 12:02:22 - [MESSAGE][INFO] - Checking timeout

2021-11-18 12:02:22 - [MESSAGE][INFO] - Finding web element with id: 'Object Repository/Olusturma/Genel/Kutular/IrsaliyeBilgileri/IrsaliyeNumarasi' located by 'By.xpath: //*[@id = 'gvUserInvoiceBills_DXEditor1_I']' in '30' second(s)

2021-11-18 12:02:22 - [MESSAGE][INFO] - Smart Wait Function is triggered

2021-11-18 12:02:23 - [MESSAGE][INFO] - Found 1 web elements with id: 'Object Repository/Olusturma/Genel/Kutular/IrsaliyeBilgileri/IrsaliyeNumarasi' located by 'By.xpath: //*[@id = 'gvUserInvoiceBills_DXEditor1_I']' in '30' second(s)

2021-11-18 12:02:23 - [MESSAGE][INFO] - Clearing text of object 'Object Repository/Olusturma/Genel/Kutular/IrsaliyeBilgileri/IrsaliyeNumarasi'

2021-11-18 12:02:23 - [MESSAGE][PASSED] - Text of object 'Object Repository/Olusturma/Genel/Kutular/IrsaliyeBilgileri/IrsaliyeNumarasi' is cleared

2021-11-18 12:02:23 - [TEST_STEP][PASSED] - sendKeys(findTestObject("Object Repository/Olusturma/Genel/Kutular/IrsaliyeBilgileri/IrsaliyeNumarasi"), Numara): Keys 'AAAAAAAAAA' sent to object: 'Object Repository/Olusturma/Genel/Kutular/IrsaliyeBilgileri/IrsaliyeNumarasi'

2021-11-18 12:02:23 - [MESSAGE][INFO] - Finding Test Object 'Object Repository/Olusturma/Genel/Kutular/IrsaliyeBilgileri/IrsaliyeNumarasi'

2021-11-18 12:02:23 - [MESSAGE][INFO] - Sending keys 'AAAAAAAAAA' to object: 'Object Repository/Olusturma/Genel/Kutular/IrsaliyeBilgileri/IrsaliyeNumarasi'

2021-11-18 12:02:23 - [MESSAGE][INFO] - Finding web element from Test Object's properties

2021-11-18 12:02:23 - [MESSAGE][INFO] - Checking timeout

2021-11-18 12:02:23 - [MESSAGE][INFO] - Finding web element with id: 'Object Repository/Olusturma/Genel/Kutular/IrsaliyeBilgileri/IrsaliyeNumarasi' located by 'By.xpath: //*[@id = 'gvUserInvoiceBills_DXEditor1_I']' in '30' second(s)

2021-11-18 12:02:23 - [MESSAGE][INFO] - Smart Wait Function is triggered

2021-11-18 12:02:23 - [MESSAGE][INFO] - Found 1 web elements with id: 'Object Repository/Olusturma/Genel/Kutular/IrsaliyeBilgileri/IrsaliyeNumarasi' located by 'By.xpath: //*[@id = 'gvUserInvoiceBills_DXEditor1_I']' in '30' second(s)

2021-11-18 12:02:23 - [MESSAGE][PASSED] - Keys 'AAAAAAAAAA' sent to object: 'Object Repository/Olusturma/Genel/Kutular/IrsaliyeBilgileri/IrsaliyeNumarasi'

2021-11-18 12:02:23 - [TEST_STEP][PASSED] - waitForElementClickable(findTestObject("Object Repository/Olusturma/Genel/Kutular/IrsaliyeBilgileri/IrsaliyeTarihi"), 10): Object 'Object Repository/Olusturma/Genel/Kutular/IrsaliyeBilgileri/IrsaliyeTarihi' is clickable

2021-11-18 12:02:23 - [MESSAGE][INFO] - Finding Test Object 'Object Repository/Olusturma/Genel/Kutular/IrsaliyeBilgileri/IrsaliyeTarihi'

2021-11-18 12:02:23 - [MESSAGE][INFO] - Checking object

2021-11-18 12:02:23 - [MESSAGE][INFO] - Checking timeout

2021-11-18 12:02:23 - [MESSAGE][INFO] - Finding web element from Test Object's properties

2021-11-18 12:02:23 - [MESSAGE][INFO] - Checking timeout

2021-11-18 12:02:23 - [MESSAGE][INFO] - Finding web element with id: 'Object Repository/Olusturma/Genel/Kutular/IrsaliyeBilgileri/IrsaliyeTarihi' located by 'By.xpath: //*[@id = 'gvUserInvoiceBills_DXEditor2_I']' in '10' second(s)

2021-11-18 12:02:23 - [MESSAGE][INFO] - Smart Wait Function is triggered

2021-11-18 12:02:23 - [MESSAGE][INFO] - Found 1 web elements with id: 'Object Repository/Olusturma/Genel/Kutular/IrsaliyeBilgileri/IrsaliyeTarihi' located by 'By.xpath: //*[@id = 'gvUserInvoiceBills_DXEditor2_I']' in '10' second(s)

2021-11-18 12:02:23 - [MESSAGE][PASSED] - Object 'Object Repository/Olusturma/Genel/Kutular/IrsaliyeBilgileri/IrsaliyeTarihi' is clickable

2021-11-18 12:02:23 - [TEST_STEP][PASSED] - click(findTestObject("Object Repository/Olusturma/Genel/Kutular/IrsaliyeBilgileri/IrsaliyeTarihi")): Object: 'Object Repository/Olusturma/Genel/Kutular/IrsaliyeBilgileri/IrsaliyeTarihi' is clicked on

2021-11-18 12:02:23 - [MESSAGE][INFO] - Finding Test Object 'Object Repository/Olusturma/Genel/Kutular/IrsaliyeBilgileri/IrsaliyeTarihi'

2021-11-18 12:02:23 - [MESSAGE][INFO] - Checking object

2021-11-18 12:02:23 - [MESSAGE][INFO] - Finding web element from Test Object's properties

2021-11-18 12:02:23 - [MESSAGE][INFO] - Checking timeout

2021-11-18 12:02:23 - [MESSAGE][INFO] - Finding web element with id: 'Object Repository/Olusturma/Genel/Kutular/IrsaliyeBilgileri/IrsaliyeTarihi' located by 'By.xpath: //*[@id = 'gvUserInvoiceBills_DXEditor2_I']' in '30' second(s)

2021-11-18 12:02:23 - [MESSAGE][INFO] - Smart Wait Function is triggered

2021-11-18 12:02:24 - [MESSAGE][INFO] - Found 1 web elements with id: 'Object Repository/Olusturma/Genel/Kutular/IrsaliyeBilgileri/IrsaliyeTarihi' located by 'By.xpath: //*[@id = 'gvUserInvoiceBills_DXEditor2_I']' in '30' second(s)

2021-11-18 12:02:24 - [MESSAGE][INFO] - Clicking on object: 'Object Repository/Olusturma/Genel/Kutular/IrsaliyeBilgileri/IrsaliyeTarihi'

2021-11-18 12:02:24 - [MESSAGE][PASSED] - Object: 'Object Repository/Olusturma/Genel/Kutular/IrsaliyeBilgileri/IrsaliyeTarihi' is clicked on

2021-11-18 12:02:24 - [TEST_STEP][PASSED] - sendKeys(findTestObject("Object Repository/Olusturma/Genel/Kutular/IrsaliyeBilgileri/IrsaliyeTarihi"), Tarih): Keys '31.04.2020' sent to object: 'Object Repository/Olusturma/Genel/Kutular/IrsaliyeBilgileri/IrsaliyeTarihi'

2021-11-18 12:02:24 - [MESSAGE][INFO] - Finding Test Object 'Object Repository/Olusturma/Genel/Kutular/IrsaliyeBilgileri/IrsaliyeTarihi'

2021-11-18 12:02:24 - [MESSAGE][INFO] - Sending keys '31.04.2020' to object: 'Object Repository/Olusturma/Genel/Kutular/IrsaliyeBilgileri/IrsaliyeTarihi'

2021-11-18 12:02:24 - [MESSAGE][INFO] - Finding web element from Test Object's properties

2021-11-18 12:02:24 - [MESSAGE][INFO] - Checking timeout

2021-11-18 12:02:24 - [MESSAGE][INFO] - Finding web element with id: 'Object Repository/Olusturma/Genel/Kutular/IrsaliyeBilgileri/IrsaliyeTarihi' located by 'By.xpath: //*[@id = 'gvUserInvoiceBills_DXEditor2_I']' in '30' second(s)

2021-11-18 12:02:24 - [MESSAGE][INFO] - Smart Wait Function is triggered

2021-11-18 12:02:24 - [MESSAGE][INFO] - Found 1 web elements with id: 'Object Repository/Olusturma/Genel/Kutular/IrsaliyeBilgileri/IrsaliyeTarihi' located by 'By.xpath: //*[@id = 'gvUserInvoiceBills_DXEditor2_I']' in '30' second(s)

2021-11-18 12:02:24 - [MESSAGE][PASSED] - Keys '31.04.2020' sent to object: 'Object Repository/Olusturma/Genel/Kutular/IrsaliyeBilgileri/IrsaliyeTarihi'

2021-11-18 12:02:24 - [MESSAGE][PASSED] - Call Test Case 'Test Cases/Olusturma/Genel/Kutular/IrsaliyeBilgileri' successfully

2021-11-18 12:02:24 - [MESSAGE][INFO] - Checking called Test Case

2021-11-18 12:02:24 - [MESSAGE][INFO] - Starting to call Test Case 'Test Cases/Olusturma/Genel/EkleButonunaBasilir'

2021-11-18 12:02:24 - [TEST_CASE][PASSED] - Test Cases/Olusturma/Genel/EkleButonunaBasilir: Test Cases/Olusturma/Genel/EkleButonunaBasilir

2021-11-18 12:02:24 - [TEST_STEP][PASSED] - waitForElementClickable(findTestObject("Object Repository/Olusturma/Genel/Olusturma/Ekle"), 10): Object 'Object Repository/Olusturma/Genel/Olusturma/Ekle' is clickable

2021-11-18 12:02:24 - [MESSAGE][INFO] - Finding Test Object 'Object Repository/Olusturma/Genel/Olusturma/Ekle'

2021-11-18 12:02:24 - [MESSAGE][INFO] - Checking object

2021-11-18 12:02:24 - [MESSAGE][INFO] - Checking timeout

2021-11-18 12:02:24 - [MESSAGE][INFO] - Finding web element from Test Object's properties

2021-11-18 12:02:24 - [MESSAGE][INFO] - Checking timeout

2021-11-18 12:02:24 - [MESSAGE][INFO] - Finding web element with id: 'Object Repository/Olusturma/Genel/Olusturma/Ekle' located by 'By.cssSelector: #divmalhizmet i.fa.fa-plus.fa-lg.text-muted' in '10' second(s)

2021-11-18 12:02:24 - [MESSAGE][INFO] - Smart Wait Function is triggered

2021-11-18 12:02:25 - [MESSAGE][INFO] - Found 1 web elements with id: 'Object Repository/Olusturma/Genel/Olusturma/Ekle' located by 'By.cssSelector: #divmalhizmet i.fa.fa-plus.fa-lg.text-muted' in '10' second(s)

2021-11-18 12:02:25 - [MESSAGE][PASSED] - Object 'Object Repository/Olusturma/Genel/Olusturma/Ekle' is clickable

2021-11-18 12:02:25 - [TEST_STEP][PASSED] - click(findTestObject("Object Repository/Olusturma/Genel/Olusturma/Ekle")): Object: 'Object Repository/Olusturma/Genel/Olusturma/Ekle' is clicked on

2021-11-18 12:02:25 - [MESSAGE][INFO] - Finding Test Object 'Object Repository/Olusturma/Genel/Olusturma/Ekle'

2021-11-18 12:02:25 - [MESSAGE][INFO] - Checking object

2021-11-18 12:02:25 - [MESSAGE][INFO] - Finding web element from Test Object's properties

2021-11-18 12:02:25 - [MESSAGE][INFO] - Checking timeout

2021-11-18 12:02:25 - [MESSAGE][INFO] - Finding web element with id: 'Object Repository/Olusturma/Genel/Olusturma/Ekle' located by 'By.cssSelector: #divmalhizmet i.fa.fa-plus.fa-lg.text-muted' in '30' second(s)

2021-11-18 12:02:25 - [MESSAGE][INFO] - Smart Wait Function is triggered

2021-11-18 12:02:25 - [MESSAGE][INFO] - Found 1 web elements with id: 'Object Repository/Olusturma/Genel/Olusturma/Ekle' located by 'By.cssSelector: #divmalhizmet i.fa.fa-plus.fa-lg.text-muted' in '30' second(s)

2021-11-18 12:02:25 - [MESSAGE][INFO] - Clicking on object: 'Object Repository/Olusturma/Genel/Olusturma/Ekle'

2021-11-18 12:02:25 - [MESSAGE][PASSED] - Object: 'Object Repository/Olusturma/Genel/Olusturma/Ekle' is clicked on

2021-11-18 12:02:25 - [TEST_STEP][PASSED] - waitForElementClickable(findTestObject("Olusturma/Genel/Olusturma/EklenenSatirCarpiImage"), 10): Object 'Object Repository/Olusturma/Genel/Olusturma/EklenenSatirCarpiImage' is clickable

2021-11-18 12:02:25 - [MESSAGE][INFO] - Finding Test Object 'Object Repository/Olusturma/Genel/Olusturma/EklenenSatirCarpiImage'

2021-11-18 12:02:25 - [MESSAGE][INFO] - Checking object

2021-11-18 12:02:25 - [MESSAGE][INFO] - Checking timeout

2021-11-18 12:02:25 - [MESSAGE][INFO] - Finding web element from Test Object's properties

2021-11-18 12:02:25 - [MESSAGE][INFO] - Checking timeout

2021-11-18 12:02:25 - [MESSAGE][INFO] - Finding web element with id: 'Object Repository/Olusturma/Genel/Olusturma/EklenenSatirCarpiImage' located by 'By.cssSelector: .fa.fa-times.fa-lg.text-primary' in '10' second(s)

2021-11-18 12:02:25 - [MESSAGE][INFO] - Smart Wait Function is triggered

2021-11-18 12:02:25 - [MESSAGE][INFO] - Found 1 web elements with id: 'Object Repository/Olusturma/Genel/Olusturma/EklenenSatirCarpiImage' located by 'By.cssSelector: .fa.fa-times.fa-lg.text-primary' in '10' second(s)

2021-11-18 12:02:25 - [MESSAGE][PASSED] - Object 'Object Repository/Olusturma/Genel/Olusturma/EklenenSatirCarpiImage' is clickable

2021-11-18 12:02:25 - [MESSAGE][PASSED] - Call Test Case 'Test Cases/Olusturma/Genel/EkleButonunaBasilir' successfully

2021-11-18 12:02:25 - [MESSAGE][INFO] - Checking called Test Case

2021-11-18 12:02:25 - [MESSAGE][INFO] - Starting to call Test Case 'Test Cases/Olusturma/Genel/Olusturma'

2021-11-18 12:02:25 - [TEST_CASE][PASSED] - Test Cases/Olusturma/Genel/Olusturma: Test Cases/Olusturma/Genel/Olusturma

2021-11-18 12:02:25 - [TEST_STEP][PASSED] - driver = getWebDriver(): null

2021-11-18 12:02:25 - [TEST_STEP][PASSED] - action = new org.openqa.selenium.interactions.Actions(driver): null

2021-11-18 12:02:25 - [TEST_STEP][PASSED] - baslikElement = <not implemented yet for class: org.codehaus.groovy.ast.expr.EmptyExpression>: null

2021-11-18 12:02:25 - [TEST_STEP][PASSED] - sonElement = <not implemented yet for class: org.codehaus.groovy.ast.expr.EmptyExpression>: null

2021-11-18 12:02:25 - [TEST_STEP][PASSED] - attr = <not implemented yet for class: org.codehaus.groovy.ast.expr.EmptyExpression>: null

2021-11-18 12:02:25 - [TEST_STEP][PASSED] - a = 0: null

2021-11-18 12:02:25 - [TEST_STEP][PASSED] - elements = findWebElements(findTestObject("Object Repository/Olusturma/Genel/Olusturma/TabloBasliklari"), 10): Found 13 web elements with id: 'Object Repository/Olusturma/Genel/Olusturma/TabloBasliklari' located by 'By.cssSelector: div#divmalhizmet .dxgvTable_LECustomTheme td.dxgvHeader_LECustomTheme tr>td:nth-child(1)' in '10' second(s)

2021-11-18 12:02:25 - [MESSAGE][INFO] - Finding Test Object 'Object Repository/Olusturma/Genel/Olusturma/TabloBasliklari'

2021-11-18 12:02:25 - [MESSAGE][INFO] - Checking timeout

2021-11-18 12:02:25 - [MESSAGE][INFO] - Finding web element with id: 'Object Repository/Olusturma/Genel/Olusturma/TabloBasliklari' located by 'By.cssSelector: div#divmalhizmet .dxgvTable_LECustomTheme td.dxgvHeader_LECustomTheme tr>td:nth-child(1)' in '10' second(s)

2021-11-18 12:02:25 - [MESSAGE][INFO] - Smart Wait Function is triggered

2021-11-18 12:02:26 - [MESSAGE][INFO] - Found 13 web elements with id: 'Object Repository/Olusturma/Genel/Olusturma/TabloBasliklari' located by 'By.cssSelector: div#divmalhizmet .dxgvTable_LECustomTheme td.dxgvHeader_LECustomTheme tr>td:nth-child(1)' in '10' second(s)

2021-11-18 12:02:26 - [TEST_STEP][PASSED] - for (def element : elements): null

2021-11-18 12:02:26 - [TEST_STEP][PASSED] - build().perform(): null

2021-11-18 12:02:27 - [TEST_STEP][PASSED] - if (getText().equals(Baslik)): null

2021-11-18 12:02:27 - [TEST_STEP][PASSED] - baslikElement = element.findElement(By.xpath("../../../..")): Smart Wait Function is triggered

2021-11-18 12:02:27 - [MESSAGE][INFO] - Smart Wait Function is triggered

2021-11-18 12:02:27 - [TEST_STEP][PASSED] - attr = baslikElement.getAttribute("id"): null

2021-11-18 12:02:27 - [TEST_STEP][PASSED] - println("girdi ve idsini aldı = " + attr): null

2021-11-18 12:02:27 - [TEST_STEP][PASSED] - break: null

2021-11-18 12:02:27 - [TEST_STEP][PASSED] - countElement = baslikElement.findElements(By.xpath("../td")): Smart Wait Function is triggered

2021-11-18 12:02:27 - [MESSAGE][INFO] - Smart Wait Function is triggered

2021-11-18 12:02:27 - [TEST_STEP][PASSED] - for (def element : countElement): null

2021-11-18 12:02:27 - [TEST_STEP][PASSED] - if (toString().equals(attr.toString())): null

2021-11-18 12:02:27 - [TEST_STEP][PASSED] - (a++): null

2021-11-18 12:02:27 - [TEST_STEP][PASSED] - if (toString().equals(attr.toString())): null

2021-11-18 12:02:27 - [TEST_STEP][PASSED] - break: null

2021-11-18 12:02:27 - [TEST_STEP][PASSED] - son = findWebElement(findTestObject("Object Repository/Olusturma/Genel/Olusturma/EklenenSatir")).findElement(By.xpath("td[@class='dxgvInlineEditCell_LECustomTheme dxgv'][" + a + "]//td[@class='dxic']/input")): Smart Wait Function is triggered

2021-11-18 12:02:27 - [MESSAGE][INFO] - Finding Test Object 'Object Repository/Olusturma/Genel/Olusturma/EklenenSatir'

2021-11-18 12:02:27 - [MESSAGE][INFO] - Finding web element from Test Object's properties

2021-11-18 12:02:27 - [MESSAGE][INFO] - Checking timeout

2021-11-18 12:02:27 - [MESSAGE][INFO] - Finding web element with id: 'Object Repository/Olusturma/Genel/Olusturma/EklenenSatir' located by 'By.cssSelector: #divmalhizmet .dxgvInlineEditRow_LECustomTheme' in '30' second(s)

2021-11-18 12:02:27 - [MESSAGE][INFO] - Smart Wait Function is triggered

2021-11-18 12:02:28 - [MESSAGE][INFO] - Found 1 web elements with id: 'Object Repository/Olusturma/Genel/Olusturma/EklenenSatir' located by 'By.cssSelector: #divmalhizmet .dxgvInlineEditRow_LECustomTheme' in '30' second(s)

2021-11-18 12:02:28 - [MESSAGE][INFO] - Smart Wait Function is triggered

2021-11-18 12:02:28 - [TEST_STEP][PASSED] - if (!(getAttribute("value").contains("Vkn"))): null

2021-11-18 12:02:28 - [TEST_STEP][PASSED] - son.clear(): null

2021-11-18 12:02:28 - [TEST_STEP][PASSED] - son.sendKeys(Deger): null

2021-11-18 12:02:28 - [MESSAGE][PASSED] - Call Test Case 'Test Cases/Olusturma/Genel/Olusturma' successfully

2021-11-18 12:02:28 - [MESSAGE][INFO] - Checking called Test Case

2021-11-18 12:02:28 - [MESSAGE][INFO] - Starting to call Test Case 'Test Cases/Olusturma/Genel/Olusturma'

2021-11-18 12:02:28 - [TEST_CASE][PASSED] - Test Cases/Olusturma/Genel/Olusturma: Test Cases/Olusturma/Genel/Olusturma

2021-11-18 12:02:28 - [TEST_STEP][PASSED] - driver = getWebDriver(): null

2021-11-18 12:02:28 - [TEST_STEP][PASSED] - action = new org.openqa.selenium.interactions.Actions(driver): null

2021-11-18 12:02:28 - [TEST_STEP][PASSED] - baslikElement = <not implemented yet for class: org.codehaus.groovy.ast.expr.EmptyExpression>: null

2021-11-18 12:02:28 - [TEST_STEP][PASSED] - sonElement = <not implemented yet for class: org.codehaus.groovy.ast.expr.EmptyExpression>: null

2021-11-18 12:02:28 - [TEST_STEP][PASSED] - attr = <not implemented yet for class: org.codehaus.groovy.ast.expr.EmptyExpression>: null

2021-11-18 12:02:28 - [TEST_STEP][PASSED] - a = 0: null

2021-11-18 12:02:28 - [TEST_STEP][PASSED] - elements = findWebElements(findTestObject("Object Repository/Olusturma/Genel/Olusturma/TabloBasliklari"), 10): Found 13 web elements with id: 'Object Repository/Olusturma/Genel/Olusturma/TabloBasliklari' located by 'By.cssSelector: div#divmalhizmet .dxgvTable_LECustomTheme td.dxgvHeader_LECustomTheme tr>td:nth-child(1)' in '10' second(s)

2021-11-18 12:02:28 - [MESSAGE][INFO] - Finding Test Object 'Object Repository/Olusturma/Genel/Olusturma/TabloBasliklari'

2021-11-18 12:02:28 - [MESSAGE][INFO] - Checking timeout

2021-11-18 12:02:28 - [MESSAGE][INFO] - Finding web element with id: 'Object Repository/Olusturma/Genel/Olusturma/TabloBasliklari' located by 'By.cssSelector: div#divmalhizmet .dxgvTable_LECustomTheme td.dxgvHeader_LECustomTheme tr>td:nth-child(1)' in '10' second(s)

2021-11-18 12:02:28 - [MESSAGE][INFO] - Smart Wait Function is triggered

2021-11-18 12:02:28 - [MESSAGE][INFO] - Found 13 web elements with id: 'Object Repository/Olusturma/Genel/Olusturma/TabloBasliklari' located by 'By.cssSelector: div#divmalhizmet .dxgvTable_LECustomTheme td.dxgvHeader_LECustomTheme tr>td:nth-child(1)' in '10' second(s)

2021-11-18 12:02:28 - [TEST_STEP][PASSED] - for (def element : elements): null

2021-11-18 12:02:28 - [TEST_STEP][PASSED] - build().perform(): null

2021-11-18 12:02:29 - [TEST_STEP][PASSED] - if (getText().equals(Baslik)): null

2021-11-18 12:02:29 - [TEST_STEP][PASSED] - build().perform(): null

2021-11-18 12:02:29 - [TEST_STEP][PASSED] - if (getText().equals(Baslik)): null

2021-11-18 12:02:29 - [TEST_STEP][PASSED] - baslikElement = element.findElement(By.xpath("../../../..")): Smart Wait Function is triggered

2021-11-18 12:02:29 - [MESSAGE][INFO] - Smart Wait Function is triggered

2021-11-18 12:02:29 - [TEST_STEP][PASSED] - attr = baslikElement.getAttribute("id"): null

2021-11-18 12:02:29 - [TEST_STEP][PASSED] - println("girdi ve idsini aldı = " + attr): null

2021-11-18 12:02:29 - [TEST_STEP][PASSED] - break: null

2021-11-18 12:02:29 - [TEST_STEP][PASSED] - countElement = baslikElement.findElements(By.xpath("../td")): Smart Wait Function is triggered

2021-11-18 12:02:29 - [MESSAGE][INFO] - Smart Wait Function is triggered

2021-11-18 12:02:29 - [TEST_STEP][PASSED] - for (def element : countElement): null

2021-11-18 12:02:29 - [TEST_STEP][PASSED] - if (toString().equals(attr.toString())): null

2021-11-18 12:02:29 - [TEST_STEP][PASSED] - (a++): null

2021-11-18 12:02:29 - [TEST_STEP][PASSED] - if (toString().equals(attr.toString())): null

2021-11-18 12:02:29 - [TEST_STEP][PASSED] - (a++): null

2021-11-18 12:02:29 - [TEST_STEP][PASSED] - if (toString().equals(attr.toString())): null

2021-11-18 12:02:29 - [TEST_STEP][PASSED] - break: null

2021-11-18 12:02:29 - [TEST_STEP][PASSED] - son = findWebElement(findTestObject("Object Repository/Olusturma/Genel/Olusturma/EklenenSatir")).findElement(By.xpath("td[@class='dxgvInlineEditCell_LECustomTheme dxgv'][" + a + "]//td[@class='dxic']/input")): Smart Wait Function is triggered

2021-11-18 12:02:29 - [MESSAGE][INFO] - Finding Test Object 'Object Repository/Olusturma/Genel/Olusturma/EklenenSatir'

2021-11-18 12:02:29 - [MESSAGE][INFO] - Finding web element from Test Object's properties

2021-11-18 12:02:29 - [MESSAGE][INFO] - Checking timeout

2021-11-18 12:02:29 - [MESSAGE][INFO] - Finding web element with id: 'Object Repository/Olusturma/Genel/Olusturma/EklenenSatir' located by 'By.cssSelector: #divmalhizmet .dxgvInlineEditRow_LECustomTheme' in '30' second(s)

2021-11-18 12:02:29 - [MESSAGE][INFO] - Smart Wait Function is triggered

2021-11-18 12:02:30 - [MESSAGE][INFO] - Found 1 web elements with id: 'Object Repository/Olusturma/Genel/Olusturma/EklenenSatir' located by 'By.cssSelector: #divmalhizmet .dxgvInlineEditRow_LECustomTheme' in '30' second(s)

2021-11-18 12:02:30 - [MESSAGE][INFO] - Smart Wait Function is triggered

2021-11-18 12:02:30 - [TEST_STEP][PASSED] - if (!(getAttribute("value").contains("Vkn"))): null

2021-11-18 12:02:30 - [TEST_STEP][PASSED] - son.clear(): null

2021-11-18 12:02:30 - [TEST_STEP][PASSED] - son.sendKeys(Deger): null

2021-11-18 12:02:30 - [MESSAGE][PASSED] - Call Test Case 'Test Cases/Olusturma/Genel/Olusturma' successfully

2021-11-18 12:02:30 - [MESSAGE][INFO] - Checking called Test Case

2021-11-18 12:02:30 - [MESSAGE][INFO] - Starting to call Test Case 'Test Cases/Olusturma/Genel/Olusturma'

2021-11-18 12:02:30 - [TEST_CASE][PASSED] - Test Cases/Olusturma/Genel/Olusturma: Test Cases/Olusturma/Genel/Olusturma

2021-11-18 12:02:30 - [TEST_STEP][PASSED] - driver = getWebDriver(): null

2021-11-18 12:02:30 - [TEST_STEP][PASSED] - action = new org.openqa.selenium.interactions.Actions(driver): null

2021-11-18 12:02:30 - [TEST_STEP][PASSED] - baslikElement = <not implemented yet for class: org.codehaus.groovy.ast.expr.EmptyExpression>: null

2021-11-18 12:02:30 - [TEST_STEP][PASSED] - sonElement = <not implemented yet for class: org.codehaus.groovy.ast.expr.EmptyExpression>: null

2021-11-18 12:02:30 - [TEST_STEP][PASSED] - attr = <not implemented yet for class: org.codehaus.groovy.ast.expr.EmptyExpression>: null

2021-11-18 12:02:30 - [TEST_STEP][PASSED] - a = 0: null

2021-11-18 12:02:30 - [TEST_STEP][PASSED] - elements = findWebElements(findTestObject("Object Repository/Olusturma/Genel/Olusturma/TabloBasliklari"), 10): Found 13 web elements with id: 'Object Repository/Olusturma/Genel/Olusturma/TabloBasliklari' located by 'By.cssSelector: div#divmalhizmet .dxgvTable_LECustomTheme td.dxgvHeader_LECustomTheme tr>td:nth-child(1)' in '10' second(s)

2021-11-18 12:02:30 - [MESSAGE][INFO] - Finding Test Object 'Object Repository/Olusturma/Genel/Olusturma/TabloBasliklari'

2021-11-18 12:02:30 - [MESSAGE][INFO] - Checking timeout

2021-11-18 12:02:30 - [MESSAGE][INFO] - Finding web element with id: 'Object Repository/Olusturma/Genel/Olusturma/TabloBasliklari' located by 'By.cssSelector: div#divmalhizmet .dxgvTable_LECustomTheme td.dxgvHeader_LECustomTheme tr>td:nth-child(1)' in '10' second(s)

2021-11-18 12:02:30 - [MESSAGE][INFO] - Smart Wait Function is triggered

2021-11-18 12:02:31 - [MESSAGE][INFO] - Found 13 web elements with id: 'Object Repository/Olusturma/Genel/Olusturma/TabloBasliklari' located by 'By.cssSelector: div#divmalhizmet .dxgvTable_LECustomTheme td.dxgvHeader_LECustomTheme tr>td:nth-child(1)' in '10' second(s)

2021-11-18 12:02:31 - [TEST_STEP][PASSED] - for (def element : elements): null

2021-11-18 12:02:31 - [TEST_STEP][PASSED] - build().perform(): null

2021-11-18 12:02:31 - [TEST_STEP][PASSED] - if (getText().equals(Baslik)): null

2021-11-18 12:02:31 - [TEST_STEP][PASSED] - build().perform(): null

2021-11-18 12:02:31 - [TEST_STEP][PASSED] - if (getText().equals(Baslik)): null

2021-11-18 12:02:31 - [TEST_STEP][PASSED] - build().perform(): null

2021-11-18 12:02:31 - [TEST_STEP][PASSED] - if (getText().equals(Baslik)): null

2021-11-18 12:02:31 - [TEST_STEP][PASSED] - build().perform(): null

2021-11-18 12:02:31 - [TEST_STEP][PASSED] - if (getText().equals(Baslik)): null

2021-11-18 12:02:31 - [TEST_STEP][PASSED] - baslikElement = element.findElement(By.xpath("../../../..")): Smart Wait Function is triggered

2021-11-18 12:02:31 - [MESSAGE][INFO] - Smart Wait Function is triggered

2021-11-18 12:02:31 - [TEST_STEP][PASSED] - attr = baslikElement.getAttribute("id"): null

2021-11-18 12:02:31 - [TEST_STEP][PASSED] - println("girdi ve idsini aldı = " + attr): null

2021-11-18 12:02:31 - [TEST_STEP][PASSED] - break: null

2021-11-18 12:02:31 - [TEST_STEP][PASSED] - countElement = baslikElement.findElements(By.xpath("../td")): Smart Wait Function is triggered

2021-11-18 12:02:31 - [MESSAGE][INFO] - Smart Wait Function is triggered

2021-11-18 12:02:32 - [TEST_STEP][PASSED] - for (def element : countElement): null

2021-11-18 12:02:32 - [TEST_STEP][PASSED] - if (toString().equals(attr.toString())): null

2021-11-18 12:02:32 - [TEST_STEP][PASSED] - (a++): null

2021-11-18 12:02:32 - [TEST_STEP][PASSED] - if (toString().equals(attr.toString())): null

2021-11-18 12:02:32 - [TEST_STEP][PASSED] - (a++): null

2021-11-18 12:02:32 - [TEST_STEP][PASSED] - if (toString().equals(attr.toString())): null

2021-11-18 12:02:32 - [TEST_STEP][PASSED] - (a++): null

2021-11-18 12:02:32 - [TEST_STEP][PASSED] - if (toString().equals(attr.toString())): null

2021-11-18 12:02:32 - [TEST_STEP][PASSED] - (a++): null

2021-11-18 12:02:32 - [TEST_STEP][PASSED] - if (toString().equals(attr.toString())): null

2021-11-18 12:02:32 - [TEST_STEP][PASSED] - break: null

2021-11-18 12:02:32 - [TEST_STEP][PASSED] - son = findWebElement(findTestObject("Object Repository/Olusturma/Genel/Olusturma/EklenenSatir")).findElement(By.xpath("td[@class='dxgvInlineEditCell_LECustomTheme dxgv'][" + a + "]//td[@class='dxic']/input")): Smart Wait Function is triggered

2021-11-18 12:02:32 - [MESSAGE][INFO] - Finding Test Object 'Object Repository/Olusturma/Genel/Olusturma/EklenenSatir'

2021-11-18 12:02:32 - [MESSAGE][INFO] - Finding web element from Test Object's properties

2021-11-18 12:02:32 - [MESSAGE][INFO] - Checking timeout

2021-11-18 12:02:32 - [MESSAGE][INFO] - Finding web element with id: 'Object Repository/Olusturma/Genel/Olusturma/EklenenSatir' located by 'By.cssSelector: #divmalhizmet .dxgvInlineEditRow_LECustomTheme' in '30' second(s)

2021-11-18 12:02:32 - [MESSAGE][INFO] - Smart Wait Function is triggered

2021-11-18 12:02:32 - [MESSAGE][INFO] - Found 1 web elements with id: 'Object Repository/Olusturma/Genel/Olusturma/EklenenSatir' located by 'By.cssSelector: #divmalhizmet .dxgvInlineEditRow_LECustomTheme' in '30' second(s)

2021-11-18 12:02:32 - [MESSAGE][INFO] - Smart Wait Function is triggered

2021-11-18 12:02:32 - [TEST_STEP][PASSED] - if (!(getAttribute("value").contains("Vkn"))): null

2021-11-18 12:02:32 - [TEST_STEP][PASSED] - son.clear(): null

2021-11-18 12:02:32 - [TEST_STEP][PASSED] - son.sendKeys(Deger): null

2021-11-18 12:02:32 - [MESSAGE][PASSED] - Call Test Case 'Test Cases/Olusturma/Genel/Olusturma' successfully

2021-11-18 12:02:32 - [MESSAGE][INFO] - Checking called Test Case

2021-11-18 12:02:32 - [MESSAGE][INFO] - Starting to call Test Case 'Test Cases/Olusturma/Genel/Olusturma'

2021-11-18 12:02:33 - [TEST_CASE][PASSED] - Test Cases/Olusturma/Genel/Olusturma: Test Cases/Olusturma/Genel/Olusturma

2021-11-18 12:02:33 - [TEST_STEP][PASSED] - driver = getWebDriver(): null

2021-11-18 12:02:33 - [TEST_STEP][PASSED] - action = new org.openqa.selenium.interactions.Actions(driver): null

2021-11-18 12:02:33 - [TEST_STEP][PASSED] - baslikElement = <not implemented yet for class: org.codehaus.groovy.ast.expr.EmptyExpression>: null

2021-11-18 12:02:33 - [TEST_STEP][PASSED] - sonElement = <not implemented yet for class: org.codehaus.groovy.ast.expr.EmptyExpression>: null

2021-11-18 12:02:33 - [TEST_STEP][PASSED] - attr = <not implemented yet for class: org.codehaus.groovy.ast.expr.EmptyExpression>: null

2021-11-18 12:02:33 - [TEST_STEP][PASSED] - a = 0: null

2021-11-18 12:02:33 - [TEST_STEP][PASSED] - elements = findWebElements(findTestObject("Object Repository/Olusturma/Genel/Olusturma/TabloBasliklari"), 10): Found 13 web elements with id: 'Object Repository/Olusturma/Genel/Olusturma/TabloBasliklari' located by 'By.cssSelector: div#divmalhizmet .dxgvTable_LECustomTheme td.dxgvHeader_LECustomTheme tr>td:nth-child(1)' in '10' second(s)

2021-11-18 12:02:33 - [MESSAGE][INFO] - Finding Test Object 'Object Repository/Olusturma/Genel/Olusturma/TabloBasliklari'

2021-11-18 12:02:33 - [MESSAGE][INFO] - Checking timeout

2021-11-18 12:02:33 - [MESSAGE][INFO] - Finding web element with id: 'Object Repository/Olusturma/Genel/Olusturma/TabloBasliklari' located by 'By.cssSelector: div#divmalhizmet .dxgvTable_LECustomTheme td.dxgvHeader_LECustomTheme tr>td:nth-child(1)' in '10' second(s)

2021-11-18 12:02:33 - [MESSAGE][INFO] - Smart Wait Function is triggered

2021-11-18 12:02:33 - [MESSAGE][INFO] - Found 13 web elements with id: 'Object Repository/Olusturma/Genel/Olusturma/TabloBasliklari' located by 'By.cssSelector: div#divmalhizmet .dxgvTable_LECustomTheme td.dxgvHeader_LECustomTheme tr>td:nth-child(1)' in '10' second(s)

2021-11-18 12:02:33 - [TEST_STEP][PASSED] - for (def element : elements): null

2021-11-18 12:02:33 - [TEST_STEP][PASSED] - build().perform(): null

2021-11-18 12:02:33 - [TEST_STEP][PASSED] - if (getText().equals(Baslik)): null

2021-11-18 12:02:33 - [TEST_STEP][PASSED] - build().perform(): null

2021-11-18 12:02:33 - [TEST_STEP][PASSED] - if (getText().equals(Baslik)): null

2021-11-18 12:02:33 - [TEST_STEP][PASSED] - build().perform(): null

2021-11-18 12:02:33 - [TEST_STEP][PASSED] - if (getText().equals(Baslik)): null

2021-11-18 12:02:33 - [TEST_STEP][PASSED] - build().perform(): null

2021-11-18 12:02:33 - [TEST_STEP][PASSED] - if (getText().equals(Baslik)): null

2021-11-18 12:02:33 - [TEST_STEP][PASSED] - build().perform(): null

2021-11-18 12:02:34 - [TEST_STEP][PASSED] - if (getText().equals(Baslik)): null

2021-11-18 12:02:34 - [TEST_STEP][PASSED] - build().perform(): null

2021-11-18 12:02:34 - [TEST_STEP][PASSED] - if (getText().equals(Baslik)): null

2021-11-18 12:02:34 - [TEST_STEP][PASSED] - baslikElement = element.findElement(By.xpath("../../../..")): Smart Wait Function is triggered

2021-11-18 12:02:34 - [MESSAGE][INFO] - Smart Wait Function is triggered

2021-11-18 12:02:34 - [TEST_STEP][PASSED] - attr = baslikElement.getAttribute("id"): null

2021-11-18 12:02:34 - [TEST_STEP][PASSED] - println("girdi ve idsini aldı = " + attr): null

2021-11-18 12:02:34 - [TEST_STEP][PASSED] - break: null

2021-11-18 12:02:34 - [TEST_STEP][PASSED] - countElement = baslikElement.findElements(By.xpath("../td")): Smart Wait Function is triggered

2021-11-18 12:02:34 - [MESSAGE][INFO] - Smart Wait Function is triggered

2021-11-18 12:02:34 - [TEST_STEP][PASSED] - for (def element : countElement): null

2021-11-18 12:02:34 - [TEST_STEP][PASSED] - if (toString().equals(attr.toString())): null

2021-11-18 12:02:34 - [TEST_STEP][PASSED] - (a++): null

2021-11-18 12:02:34 - [TEST_STEP][PASSED] - if (toString().equals(attr.toString())): null

2021-11-18 12:02:34 - [TEST_STEP][PASSED] - (a++): null

2021-11-18 12:02:34 - [TEST_STEP][PASSED] - if (toString().equals(attr.toString())): null

2021-11-18 12:02:34 - [TEST_STEP][PASSED] - (a++): null

2021-11-18 12:02:34 - [TEST_STEP][PASSED] - if (toString().equals(attr.toString())): null

2021-11-18 12:02:34 - [TEST_STEP][PASSED] - (a++): null

2021-11-18 12:02:34 - [TEST_STEP][PASSED] - if (toString().equals(attr.toString())): null

2021-11-18 12:02:34 - [TEST_STEP][PASSED] - (a++): null

2021-11-18 12:02:34 - [TEST_STEP][PASSED] - if (toString().equals(attr.toString())): null

2021-11-18 12:02:34 - [TEST_STEP][PASSED] - (a++): null

2021-11-18 12:02:34 - [TEST_STEP][PASSED] - if (toString().equals(attr.toString())): null

2021-11-18 12:02:34 - [TEST_STEP][PASSED] - break: null

2021-11-18 12:02:34 - [TEST_STEP][PASSED] - son = findWebElement(findTestObject("Object Repository/Olusturma/Genel/Olusturma/EklenenSatir")).findElement(By.xpath("td[@class='dxgvInlineEditCell_LECustomTheme dxgv'][" + a + "]//td[@class='dxic']/input")): Smart Wait Function is triggered

2021-11-18 12:02:34 - [MESSAGE][INFO] - Finding Test Object 'Object Repository/Olusturma/Genel/Olusturma/EklenenSatir'

2021-11-18 12:02:34 - [MESSAGE][INFO] - Finding web element from Test Object's properties

2021-11-18 12:02:34 - [MESSAGE][INFO] - Checking timeout

2021-11-18 12:02:34 - [MESSAGE][INFO] - Finding web element with id: 'Object Repository/Olusturma/Genel/Olusturma/EklenenSatir' located by 'By.cssSelector: #divmalhizmet .dxgvInlineEditRow_LECustomTheme' in '30' second(s)

2021-11-18 12:02:34 - [MESSAGE][INFO] - Smart Wait Function is triggered

2021-11-18 12:02:35 - [MESSAGE][INFO] - Found 1 web elements with id: 'Object Repository/Olusturma/Genel/Olusturma/EklenenSatir' located by 'By.cssSelector: #divmalhizmet .dxgvInlineEditRow_LECustomTheme' in '30' second(s)

2021-11-18 12:02:35 - [MESSAGE][INFO] - Smart Wait Function is triggered

2021-11-18 12:02:35 - [TEST_STEP][PASSED] - if (!(getAttribute("value").contains("Vkn"))): null

2021-11-18 12:02:35 - [TEST_STEP][PASSED] - son.clear(): null

2021-11-18 12:02:35 - [TEST_STEP][PASSED] - son.sendKeys(Deger): null

2021-11-18 12:02:35 - [MESSAGE][PASSED] - Call Test Case 'Test Cases/Olusturma/Genel/Olusturma' successfully

2021-11-18 12:02:35 - [MESSAGE][INFO] - Checking called Test Case

2021-11-18 12:02:35 - [MESSAGE][INFO] - Starting to call Test Case 'Test Cases/Olusturma/Genel/Olusturma'

2021-11-18 12:02:35 - [TEST_CASE][PASSED] - Test Cases/Olusturma/Genel/Olusturma: Test Cases/Olusturma/Genel/Olusturma

2021-11-18 12:02:35 - [TEST_STEP][PASSED] - driver = getWebDriver(): null

2021-11-18 12:02:35 - [TEST_STEP][PASSED] - action = new org.openqa.selenium.interactions.Actions(driver): null

2021-11-18 12:02:35 - [TEST_STEP][PASSED] - baslikElement = <not implemented yet for class: org.codehaus.groovy.ast.expr.EmptyExpression>: null

2021-11-18 12:02:35 - [TEST_STEP][PASSED] - sonElement = <not implemented yet for class: org.codehaus.groovy.ast.expr.EmptyExpression>: null

2021-11-18 12:02:35 - [TEST_STEP][PASSED] - attr = <not implemented yet for class: org.codehaus.groovy.ast.expr.EmptyExpression>: null

2021-11-18 12:02:35 - [TEST_STEP][PASSED] - a = 0: null

2021-11-18 12:02:35 - [TEST_STEP][PASSED] - elements = findWebElements(findTestObject("Object Repository/Olusturma/Genel/Olusturma/TabloBasliklari"), 10): Found 13 web elements with id: 'Object Repository/Olusturma/Genel/Olusturma/TabloBasliklari' located by 'By.cssSelector: div#divmalhizmet .dxgvTable_LECustomTheme td.dxgvHeader_LECustomTheme tr>td:nth-child(1)' in '10' second(s)

2021-11-18 12:02:35 - [MESSAGE][INFO] - Finding Test Object 'Object Repository/Olusturma/Genel/Olusturma/TabloBasliklari'

2021-11-18 12:02:35 - [MESSAGE][INFO] - Checking timeout

2021-11-18 12:02:35 - [MESSAGE][INFO] - Finding web element with id: 'Object Repository/Olusturma/Genel/Olusturma/TabloBasliklari' located by 'By.cssSelector: div#divmalhizmet .dxgvTable_LECustomTheme td.dxgvHeader_LECustomTheme tr>td:nth-child(1)' in '10' second(s)

2021-11-18 12:02:35 - [MESSAGE][INFO] - Smart Wait Function is triggered

2021-11-18 12:02:36 - [MESSAGE][INFO] - Found 13 web elements with id: 'Object Repository/Olusturma/Genel/Olusturma/TabloBasliklari' located by 'By.cssSelector: div#divmalhizmet .dxgvTable_LECustomTheme td.dxgvHeader_LECustomTheme tr>td:nth-child(1)' in '10' second(s)

2021-11-18 12:02:36 - [TEST_STEP][PASSED] - for (def element : elements): null

2021-11-18 12:02:36 - [TEST_STEP][PASSED] - build().perform(): null

2021-11-18 12:02:36 - [TEST_STEP][PASSED] - if (getText().equals(Baslik)): null

2021-11-18 12:02:36 - [TEST_STEP][PASSED] - build().perform(): null

2021-11-18 12:02:36 - [TEST_STEP][PASSED] - if (getText().equals(Baslik)): null

2021-11-18 12:02:36 - [TEST_STEP][PASSED] - build().perform(): null

2021-11-18 12:02:36 - [TEST_STEP][PASSED] - if (getText().equals(Baslik)): null

2021-11-18 12:02:36 - [TEST_STEP][PASSED] - build().perform(): null

2021-11-18 12:02:36 - [TEST_STEP][PASSED] - if (getText().equals(Baslik)): null

2021-11-18 12:02:36 - [TEST_STEP][PASSED] - build().perform(): null

2021-11-18 12:02:36 - [TEST_STEP][PASSED] - if (getText().equals(Baslik)): null

2021-11-18 12:02:36 - [TEST_STEP][PASSED] - build().perform(): null

2021-11-18 12:02:36 - [TEST_STEP][PASSED] - if (getText().equals(Baslik)): null

2021-11-18 12:02:37 - [TEST_STEP][PASSED] - build().perform(): null

2021-11-18 12:02:37 - [TEST_STEP][PASSED] - if (getText().equals(Baslik)): null

2021-11-18 12:02:37 - [TEST_STEP][PASSED] - baslikElement = element.findElement(By.xpath("../../../..")): Smart Wait Function is triggered

2021-11-18 12:02:37 - [MESSAGE][INFO] - Smart Wait Function is triggered

2021-11-18 12:02:37 - [TEST_STEP][PASSED] - attr = baslikElement.getAttribute("id"): null

2021-11-18 12:02:37 - [TEST_STEP][PASSED] - println("girdi ve idsini aldı = " + attr): null

2021-11-18 12:02:37 - [TEST_STEP][PASSED] - break: null

2021-11-18 12:02:37 - [TEST_STEP][PASSED] - countElement = baslikElement.findElements(By.xpath("../td")): Smart Wait Function is triggered

2021-11-18 12:02:37 - [MESSAGE][INFO] - Smart Wait Function is triggered

2021-11-18 12:02:37 - [TEST_STEP][PASSED] - for (def element : countElement): null

2021-11-18 12:02:37 - [TEST_STEP][PASSED] - if (toString().equals(attr.toString())): null

2021-11-18 12:02:37 - [TEST_STEP][PASSED] - (a++): null

2021-11-18 12:02:37 - [TEST_STEP][PASSED] - if (toString().equals(attr.toString())): null

2021-11-18 12:02:37 - [TEST_STEP][PASSED] - (a++): null

2021-11-18 12:02:37 - [TEST_STEP][PASSED] - if (toString().equals(attr.toString())): null

2021-11-18 12:02:37 - [TEST_STEP][PASSED] - (a++): null

2021-11-18 12:02:37 - [TEST_STEP][PASSED] - if (toString().equals(attr.toString())): null

2021-11-18 12:02:37 - [TEST_STEP][PASSED] - (a++): null

2021-11-18 12:02:37 - [TEST_STEP][PASSED] - if (toString().equals(attr.toString())): null

2021-11-18 12:02:37 - [TEST_STEP][PASSED] - (a++): null

2021-11-18 12:02:37 - [TEST_STEP][PASSED] - if (toString().equals(attr.toString())): null

2021-11-18 12:02:37 - [TEST_STEP][PASSED] - (a++): null

2021-11-18 12:02:37 - [TEST_STEP][PASSED] - if (toString().equals(attr.toString())): null

2021-11-18 12:02:37 - [TEST_STEP][PASSED] - (a++): null

2021-11-18 12:02:37 - [TEST_STEP][PASSED] - if (toString().equals(attr.toString())): null

2021-11-18 12:02:37 - [TEST_STEP][PASSED] - break: null

2021-11-18 12:02:37 - [TEST_STEP][PASSED] - son = findWebElement(findTestObject("Object Repository/Olusturma/Genel/Olusturma/EklenenSatir")).findElement(By.xpath("td[@class='dxgvInlineEditCell_LECustomTheme dxgv'][" + a + "]//td[@class='dxic']/input")): Smart Wait Function is triggered

2021-11-18 12:02:37 - [MESSAGE][INFO] - Finding Test Object 'Object Repository/Olusturma/Genel/Olusturma/EklenenSatir'

2021-11-18 12:02:37 - [MESSAGE][INFO] - Finding web element from Test Object's properties

2021-11-18 12:02:37 - [MESSAGE][INFO] - Checking timeout

2021-11-18 12:02:37 - [MESSAGE][INFO] - Finding web element with id: 'Object Repository/Olusturma/Genel/Olusturma/EklenenSatir' located by 'By.cssSelector: #divmalhizmet .dxgvInlineEditRow_LECustomTheme' in '30' second(s)

2021-11-18 12:02:37 - [MESSAGE][INFO] - Smart Wait Function is triggered

2021-11-18 12:02:38 - [MESSAGE][INFO] - Found 1 web elements with id: 'Object Repository/Olusturma/Genel/Olusturma/EklenenSatir' located by 'By.cssSelector: #divmalhizmet .dxgvInlineEditRow_LECustomTheme' in '30' second(s)

2021-11-18 12:02:38 - [MESSAGE][INFO] - Smart Wait Function is triggered

2021-11-18 12:02:38 - [TEST_STEP][PASSED] - if (!(getAttribute("value").contains("Vkn"))): null

2021-11-18 12:02:38 - [TEST_STEP][PASSED] - son.clear(): null

2021-11-18 12:02:38 - [TEST_STEP][PASSED] - son.sendKeys(Deger): null

2021-11-18 12:02:38 - [MESSAGE][PASSED] - Call Test Case 'Test Cases/Olusturma/Genel/Olusturma' successfully

2021-11-18 12:02:38 - [MESSAGE][INFO] - Checking called Test Case

2021-11-18 12:02:38 - [MESSAGE][INFO] - Starting to call Test Case 'Test Cases/Olusturma/Genel/NotGirilir'

2021-11-18 12:02:38 - [TEST_CASE][PASSED] - Test Cases/Olusturma/Genel/NotGirilir: Test Cases/Olusturma/Genel/NotGirilir

2021-11-18 12:02:38 - [TEST_STEP][PASSED] - i = 0: null

2021-11-18 12:02:38 - [TEST_STEP][PASSED] - waitForElementClickable(findTestObject("Olusturma/Genel/Not/Notlar"), 10): Object 'Object Repository/Olusturma/Genel/Not/Notlar' is clickable

2021-11-18 12:02:38 - [MESSAGE][INFO] - Finding Test Object 'Object Repository/Olusturma/Genel/Not/Notlar'

2021-11-18 12:02:38 - [MESSAGE][INFO] - Checking object

2021-11-18 12:02:38 - [MESSAGE][INFO] - Checking timeout

2021-11-18 12:02:38 - [MESSAGE][INFO] - Finding web element from Test Object's properties

2021-11-18 12:02:38 - [MESSAGE][INFO] - Checking timeout

2021-11-18 12:02:38 - [MESSAGE][INFO] - Finding web element with id: 'Object Repository/Olusturma/Genel/Not/Notlar' located by 'By.xpath: //*[@id = 'txtNote_I']' in '10' second(s)

2021-11-18 12:02:38 - [MESSAGE][INFO] - Smart Wait Function is triggered

2021-11-18 12:02:39 - [MESSAGE][INFO] - Found 1 web elements with id: 'Object Repository/Olusturma/Genel/Not/Notlar' located by 'By.xpath: //*[@id = 'txtNote_I']' in '10' second(s)

2021-11-18 12:02:39 - [MESSAGE][PASSED] - Object 'Object Repository/Olusturma/Genel/Not/Notlar' is clickable

2021-11-18 12:02:39 - [TEST_STEP][PASSED] - clearText(findTestObject("Olusturma/Genel/Not/Notlar")): Text of object 'Object Repository/Olusturma/Genel/Not/Notlar' is cleared

2021-11-18 12:02:39 - [MESSAGE][INFO] - Finding Test Object 'Object Repository/Olusturma/Genel/Not/Notlar'

2021-11-18 12:02:39 - [MESSAGE][INFO] - Checking object

2021-11-18 12:02:39 - [MESSAGE][INFO] - Finding web element from Test Object's properties

2021-11-18 12:02:39 - [MESSAGE][INFO] - Checking timeout

2021-11-18 12:02:39 - [MESSAGE][INFO] - Finding web element with id: 'Object Repository/Olusturma/Genel/Not/Notlar' located by 'By.xpath: //*[@id = 'txtNote_I']' in '30' second(s)

2021-11-18 12:02:39 - [MESSAGE][INFO] - Smart Wait Function is triggered

2021-11-18 12:02:39 - [MESSAGE][INFO] - Found 1 web elements with id: 'Object Repository/Olusturma/Genel/Not/Notlar' located by 'By.xpath: //*[@id = 'txtNote_I']' in '30' second(s)

2021-11-18 12:02:39 - [MESSAGE][INFO] - Clearing text of object 'Object Repository/Olusturma/Genel/Not/Notlar'

2021-11-18 12:02:39 - [MESSAGE][PASSED] - Text of object 'Object Repository/Olusturma/Genel/Not/Notlar' is cleared

2021-11-18 12:02:39 - [TEST_STEP][PASSED] - click(findTestObject("Olusturma/Genel/Not/Notlar")): Object: 'Object Repository/Olusturma/Genel/Not/Notlar' is clicked on

2021-11-18 12:02:39 - [MESSAGE][INFO] - Finding Test Object 'Object Repository/Olusturma/Genel/Not/Notlar'

2021-11-18 12:02:39 - [MESSAGE][INFO] - Checking object

2021-11-18 12:02:39 - [MESSAGE][INFO] - Finding web element from Test Object's properties

2021-11-18 12:02:39 - [MESSAGE][INFO] - Checking timeout

2021-11-18 12:02:39 - [MESSAGE][INFO] - Finding web element with id: 'Object Repository/Olusturma/Genel/Not/Notlar' located by 'By.xpath: //*[@id = 'txtNote_I']' in '30' second(s)

2021-11-18 12:02:39 - [MESSAGE][INFO] - Smart Wait Function is triggered

2021-11-18 12:02:39 - [MESSAGE][INFO] - Found 1 web elements with id: 'Object Repository/Olusturma/Genel/Not/Notlar' located by 'By.xpath: //*[@id = 'txtNote_I']' in '30' second(s)

2021-11-18 12:02:39 - [MESSAGE][INFO] - Clicking on object: 'Object Repository/Olusturma/Genel/Not/Notlar'

2021-11-18 12:02:39 - [MESSAGE][PASSED] - Object: 'Object Repository/Olusturma/Genel/Not/Notlar' is clicked on

2021-11-18 12:02:39 - [TEST_STEP][PASSED] - while (true): null

2021-11-18 12:02:39 - [TEST_STEP][PASSED] - delay(1): Delayed 1 second(s)

2021-11-18 12:02:39 - [MESSAGE][INFO] - Delaying browser in 1 second(s)

2021-11-18 12:02:40 - [MESSAGE][PASSED] - Delayed 1 second(s)

2021-11-18 12:02:40 - [TEST_STEP][PASSED] - ajaxIsComplete = executeJavaScript("return jQuery.active == 0", null): Execute JavaScript 'return jQuery.active == 0' successfully

2021-11-18 12:02:40 - [MESSAGE][PASSED] - Execute JavaScript 'return jQuery.active == 0' successfully

2021-11-18 12:02:40 - [TEST_STEP][PASSED] - if (ajaxIsComplete): null

2021-11-18 12:02:40 - [TEST_STEP][PASSED] - break: null

2021-11-18 12:02:40 - [TEST_STEP][PASSED] - sendKeys(findTestObject("Olusturma/Genel/Not/Notlar"), Not): Keys 'Otomasyon Not' sent to object: 'Object Repository/Olusturma/Genel/Not/Notlar'

2021-11-18 12:02:40 - [MESSAGE][INFO] - Finding Test Object 'Object Repository/Olusturma/Genel/Not/Notlar'

2021-11-18 12:02:41 - [MESSAGE][INFO] - Sending keys 'Otomasyon Not' to object: 'Object Repository/Olusturma/Genel/Not/Notlar'

2021-11-18 12:02:41 - [MESSAGE][INFO] - Finding web element from Test Object's properties

2021-11-18 12:02:41 - [MESSAGE][INFO] - Checking timeout

2021-11-18 12:02:41 - [MESSAGE][INFO] - Finding web element with id: 'Object Repository/Olusturma/Genel/Not/Notlar' located by 'By.xpath: //*[@id = 'txtNote_I']' in '30' second(s)

2021-11-18 12:02:41 - [MESSAGE][INFO] - Smart Wait Function is triggered

2021-11-18 12:02:41 - [MESSAGE][INFO] - Found 1 web elements with id: 'Object Repository/Olusturma/Genel/Not/Notlar' located by 'By.xpath: //*[@id = 'txtNote_I']' in '30' second(s)

2021-11-18 12:02:41 - [MESSAGE][PASSED] - Keys 'Otomasyon Not' sent to object: 'Object Repository/Olusturma/Genel/Not/Notlar'

2021-11-18 12:02:41 - [MESSAGE][PASSED] - Call Test Case 'Test Cases/Olusturma/Genel/NotGirilir' successfully

2021-11-18 12:02:41 - [MESSAGE][INFO] - Checking called Test Case

2021-11-18 12:02:41 - [MESSAGE][INFO] - Starting to call Test Case 'Test Cases/Olusturma/Genel/EttnBilgisiKayitEdilir'

2021-11-18 12:02:41 - [TEST_CASE][PASSED] - Test Cases/Olusturma/Genel/EttnBilgisiKayitEdilir: Test Cases/Olusturma/Genel/EttnBilgisiKayitEdilir

2021-11-18 12:02:41 - [TEST_STEP][PASSED] - verifyElementPresent(findTestObject("Object Repository/Olusturma/Genel/Olusturma/eArsivEttnBilgisi"), 7): Object 'Object Repository/Olusturma/Genel/Olusturma/eArsivEttnBilgisi' is present

2021-11-18 12:02:41 - [MESSAGE][INFO] - Finding Test Object 'Object Repository/Olusturma/Genel/Olusturma/eArsivEttnBilgisi'

2021-11-18 12:02:41 - [MESSAGE][INFO] - Checking object

2021-11-18 12:02:41 - [MESSAGE][INFO] - Finding web element from Test Object's properties

2021-11-18 12:02:41 - [MESSAGE][INFO] - Checking timeout

2021-11-18 12:02:41 - [MESSAGE][INFO] - Finding web element with id: 'Object Repository/Olusturma/Genel/Olusturma/eArsivEttnBilgisi' located by 'By.xpath: //*[@id = 'Uuid_I']' in '7' second(s)

2021-11-18 12:02:41 - [MESSAGE][INFO] - Smart Wait Function is triggered

2021-11-18 12:02:41 - [MESSAGE][INFO] - Found 1 web elements with id: 'Object Repository/Olusturma/Genel/Olusturma/eArsivEttnBilgisi' located by 'By.xpath: //*[@id = 'Uuid_I']' in '7' second(s)

2021-11-18 12:02:41 - [MESSAGE][PASSED] - Object 'Object Repository/Olusturma/Genel/Olusturma/eArsivEttnBilgisi' is present

2021-11-18 12:02:41 - [TEST_STEP][PASSED] - ettn = getAttribute(findTestObject("Object Repository/Olusturma/Genel/Olusturma/eArsivEttnBilgisi"), "value"): Attribute 'value' of object 'Object Repository/Olusturma/Genel/Olusturma/eArsivEttnBilgisi' is: '20cc9dd4-a5ab-4e99-ab7f-2d4d80ffed1c'

2021-11-18 12:02:41 - [MESSAGE][INFO] - Finding Test Object 'Object Repository/Olusturma/Genel/Olusturma/eArsivEttnBilgisi'

2021-11-18 12:02:41 - [MESSAGE][INFO] - Checking object

2021-11-18 12:02:41 - [MESSAGE][INFO] - Checking attribute

2021-11-18 12:02:41 - [MESSAGE][INFO] - Finding web element from Test Object's properties

2021-11-18 12:02:41 - [MESSAGE][INFO] - Checking timeout

2021-11-18 12:02:41 - [MESSAGE][INFO] - Finding web element with id: 'Object Repository/Olusturma/Genel/Olusturma/eArsivEttnBilgisi' located by 'By.xpath: //*[@id = 'Uuid_I']' in '30' second(s)

2021-11-18 12:02:41 - [MESSAGE][INFO] - Smart Wait Function is triggered

2021-11-18 12:02:42 - [MESSAGE][INFO] - Found 1 web elements with id: 'Object Repository/Olusturma/Genel/Olusturma/eArsivEttnBilgisi' located by 'By.xpath: //*[@id = 'Uuid_I']' in '30' second(s)

2021-11-18 12:02:42 - [MESSAGE][INFO] - Getting attribute 'value' of object 'Object Repository/Olusturma/Genel/Olusturma/eArsivEttnBilgisi'

2021-11-18 12:02:42 - [MESSAGE][PASSED] - Attribute 'value' of object 'Object Repository/Olusturma/Genel/Olusturma/eArsivEttnBilgisi' is: '20cc9dd4-a5ab-4e99-ab7f-2d4d80ffed1c'

2021-11-18 12:02:42 - [MESSAGE][PASSED] - Call Test Case 'Test Cases/Olusturma/Genel/EttnBilgisiKayitEdilir' successfully

2021-11-18 12:02:42 - [MESSAGE][INFO] - Checking called Test Case

2021-11-18 12:02:42 - [MESSAGE][INFO] - Starting to call Test Case 'Test Cases/Olusturma/Genel/KaydetButonunaTiklanir'

2021-11-18 12:02:42 - [TEST_CASE][PASSED] - Test Cases/Olusturma/Genel/KaydetButonunaTiklanir: Test Cases/Olusturma/Genel/KaydetButonunaTiklanir

2021-11-18 12:02:42 - [TEST_STEP][PASSED] - i = 0: null

2021-11-18 12:02:42 - [TEST_STEP][PASSED] - waitForElementPresent(findTestObject("Olusturma/Genel/Not/Notlar"), 10): Object 'Object Repository/Olusturma/Genel/Not/Notlar' is present

2021-11-18 12:02:42 - [MESSAGE][INFO] - Finding Test Object 'Object Repository/Olusturma/Genel/Not/Notlar'

2021-11-18 12:02:42 - [MESSAGE][INFO] - Checking object

2021-11-18 12:02:42 - [MESSAGE][INFO] - Finding web element from Test Object's properties

2021-11-18 12:02:42 - [MESSAGE][INFO] - Checking timeout

2021-11-18 12:02:42 - [MESSAGE][INFO] - Finding web element with id: 'Object Repository/Olusturma/Genel/Not/Notlar' located by 'By.xpath: //*[@id = 'txtNote_I']' in '10' second(s)

2021-11-18 12:02:42 - [MESSAGE][INFO] - Smart Wait Function is triggered

2021-11-18 12:02:42 - [MESSAGE][INFO] - Found 1 web elements with id: 'Object Repository/Olusturma/Genel/Not/Notlar' located by 'By.xpath: //*[@id = 'txtNote_I']' in '10' second(s)

2021-11-18 12:02:42 - [MESSAGE][PASSED] - Object 'Object Repository/Olusturma/Genel/Not/Notlar' is present

2021-11-18 12:02:42 - [TEST_STEP][PASSED] - click(findTestObject("Olusturma/Genel/Not/Notlar")): Object: 'Object Repository/Olusturma/Genel/Not/Notlar' is clicked on

2021-11-18 12:02:42 - [MESSAGE][INFO] - Finding Test Object 'Object Repository/Olusturma/Genel/Not/Notlar'

2021-11-18 12:02:42 - [MESSAGE][INFO] - Checking object

2021-11-18 12:02:42 - [MESSAGE][INFO] - Finding web element from Test Object's properties

2021-11-18 12:02:42 - [MESSAGE][INFO] - Checking timeout

2021-11-18 12:02:42 - [MESSAGE][INFO] - Finding web element with id: 'Object Repository/Olusturma/Genel/Not/Notlar' located by 'By.xpath: //*[@id = 'txtNote_I']' in '30' second(s)

2021-11-18 12:02:42 - [MESSAGE][INFO] - Smart Wait Function is triggered

2021-11-18 12:02:42 - [MESSAGE][INFO] - Found 1 web elements with id: 'Object Repository/Olusturma/Genel/Not/Notlar' located by 'By.xpath: //*[@id = 'txtNote_I']' in '30' second(s)

2021-11-18 12:02:42 - [MESSAGE][INFO] - Clicking on object: 'Object Repository/Olusturma/Genel/Not/Notlar'

2021-11-18 12:02:42 - [MESSAGE][PASSED] - Object: 'Object Repository/Olusturma/Genel/Not/Notlar' is clicked on

2021-11-18 12:02:42 - [TEST_STEP][PASSED] - while (true): null

2021-11-18 12:02:42 - [TEST_STEP][PASSED] - delay(1): Delayed 1 second(s)

2021-11-18 12:02:42 - [MESSAGE][INFO] - Delaying browser in 1 second(s)

2021-11-18 12:02:43 - [MESSAGE][PASSED] - Delayed 1 second(s)

2021-11-18 12:02:43 - [TEST_STEP][PASSED] - ajaxIsComplete = executeJavaScript("return jQuery.active == 0", null): Execute JavaScript 'return jQuery.active == 0' successfully

2021-11-18 12:02:44 - [MESSAGE][PASSED] - Execute JavaScript 'return jQuery.active == 0' successfully

2021-11-18 12:02:44 - [TEST_STEP][PASSED] - if (ajaxIsComplete): null

2021-11-18 12:02:44 - [TEST_STEP][PASSED] - break: null

2021-11-18 12:02:44 - [TEST_STEP][PASSED] - waitForElementClickable(findTestObject("Object Repository/Olusturma/Genel/Buton"), 10): Object 'Object Repository/Olusturma/Genel/Buton' is clickable

2021-11-18 12:02:44 - [MESSAGE][INFO] - Finding Test Object 'Object Repository/Olusturma/Genel/Buton'

2021-11-18 12:02:44 - [MESSAGE][INFO] - Checking object

2021-11-18 12:02:44 - [MESSAGE][INFO] - Checking timeout

2021-11-18 12:02:44 - [MESSAGE][INFO] - Finding web element from Test Object's properties

2021-11-18 12:02:44 - [MESSAGE][INFO] - Checking timeout

2021-11-18 12:02:44 - [MESSAGE][INFO] - Finding web element with id: 'Object Repository/Olusturma/Genel/Buton' located by 'By.xpath: //*[@id = 'btnKaydet']' in '10' second(s)

2021-11-18 12:02:44 - [MESSAGE][INFO] - Smart Wait Function is triggered

2021-11-18 12:02:44 - [MESSAGE][INFO] - Found 1 web elements with id: 'Object Repository/Olusturma/Genel/Buton' located by 'By.xpath: //*[@id = 'btnKaydet']' in '10' second(s)

2021-11-18 12:02:44 - [MESSAGE][PASSED] - Object 'Object Repository/Olusturma/Genel/Buton' is clickable

2021-11-18 12:02:44 - [TEST_STEP][PASSED] - click(findTestObject("Object Repository/Olusturma/Genel/Buton")): Object: 'Object Repository/Olusturma/Genel/Buton' is clicked on

2021-11-18 12:02:44 - [MESSAGE][INFO] - Finding Test Object 'Object Repository/Olusturma/Genel/Buton'

2021-11-18 12:02:44 - [MESSAGE][INFO] - Checking object

2021-11-18 12:02:44 - [MESSAGE][INFO] - Finding web element from Test Object's properties

2021-11-18 12:02:44 - [MESSAGE][INFO] - Checking timeout

2021-11-18 12:02:44 - [MESSAGE][INFO] - Finding web element with id: 'Object Repository/Olusturma/Genel/Buton' located by 'By.xpath: //*[@id = 'btnKaydet']' in '30' second(s)

2021-11-18 12:02:44 - [MESSAGE][INFO] - Smart Wait Function is triggered

2021-11-18 12:02:44 - [MESSAGE][INFO] - Found 1 web elements with id: 'Object Repository/Olusturma/Genel/Buton' located by 'By.xpath: //*[@id = 'btnKaydet']' in '30' second(s)

2021-11-18 12:02:44 - [MESSAGE][INFO] - Clicking on object: 'Object Repository/Olusturma/Genel/Buton'

2021-11-18 12:02:46 - [MESSAGE][PASSED] - Object: 'Object Repository/Olusturma/Genel/Buton' is clicked on

2021-11-18 12:02:46 - [MESSAGE][PASSED] - Call Test Case 'Test Cases/Olusturma/Genel/KaydetButonunaTiklanir' successfully

2021-11-18 12:02:46 - [MESSAGE][INFO] - Checking called Test Case

2021-11-18 12:02:46 - [MESSAGE][INFO] - Starting to call Test Case 'Test Cases/Tablo/TablodaEttnliVeriOlusturulduMu'

2021-11-18 12:02:47 - [TEST_CASE][PASSED] - Test Cases/Tablo/TablodaEttnliVeriOlusturulduMu: Test Cases/Tablo/TablodaEttnliVeriOlusturulduMu

2021-11-18 12:02:47 - [TEST_STEP][PASSED] - Method.TextDegerineEsitElementVarMi(findTestObject("Tablo/OlusturulanVeri"), ettn): Method.TextDegerineEsitElementVarMi is PASSED

2021-11-18 12:02:47 - [MESSAGE][INFO] - Finding Test Object 'Object Repository/Tablo/OlusturulanVeri'

2021-11-18 12:02:47 - [MESSAGE][INFO] - Checking timeout

2021-11-18 12:02:47 - [MESSAGE][INFO] - Finding web element with id: 'Object Repository/Tablo/OlusturulanVeri' located by 'By.cssSelector: table.dxgvTable_LECustomTheme>tbody>tr:nth-child(3)>td.dxgv b,table.dxgvTable_LECustomTheme>tbody>tr:nth-child(3)>td.dxgv' in '10' second(s)

2021-11-18 12:02:47 - [MESSAGE][INFO] - Smart Wait Function is triggered

2021-11-18 12:02:47 - [MESSAGE][INFO] - Found 14 web elements with id: 'Object Repository/Tablo/OlusturulanVeri' located by 'By.cssSelector: table.dxgvTable_LECustomTheme>tbody>tr:nth-child(3)>td.dxgv b,table.dxgvTable_LECustomTheme>tbody>tr:nth-child(3)>td.dxgv' in '10' second(s)

2021-11-18 12:02:47 - [MESSAGE][PASSED] - Method.TextDegerineEsitElementVarMi is PASSED

2021-11-18 12:02:47 - [MESSAGE][PASSED] - Call Test Case 'Test Cases/Tablo/TablodaEttnliVeriOlusturulduMu' successfully

2021-11-18 12:02:47 - [MESSAGE][INFO] - Checking called Test Case

2021-11-18 12:02:47 - [MESSAGE][INFO] - Starting to call Test Case 'Test Cases/Tablo/TablodanEttnliVeriSec'

2021-11-18 12:02:47 - [TEST_CASE][PASSED] - Test Cases/Tablo/TablodanEttnliVeriSec: Test Cases/Tablo/TablodanEttnliVeriSec

2021-11-18 12:02:47 - [TEST_STEP][PASSED] - Method.TextDegerineEsitElementinAltindakineTikla(findTestObject("Tablo/Veriler"), findTestObject("Tablo/VerininCheckBoxi"), ettn): Method.TextDegerineEsitElementinAltindakineTikla is PASSED

2021-11-18 12:02:47 - [MESSAGE][INFO] - Finding Test Object 'Object Repository/Tablo/Veriler'

2021-11-18 12:02:47 - [MESSAGE][INFO] - Finding Test Object 'Object Repository/Tablo/VerininCheckBoxi'

2021-11-18 12:02:47 - [MESSAGE][INFO] - Checking timeout

2021-11-18 12:02:47 - [MESSAGE][INFO] - Finding web element with id: 'Object Repository/Tablo/Veriler' located by 'By.cssSelector: td.dxgv b ,td.dxgv' in '10' second(s)

2021-11-18 12:02:47 - [MESSAGE][INFO] - Smart Wait Function is triggered

2021-11-18 12:02:48 - [MESSAGE][INFO] - Found 70 web elements with id: 'Object Repository/Tablo/Veriler' located by 'By.cssSelector: td.dxgv b ,td.dxgv' in '10' second(s)

2021-11-18 12:02:48 - [MESSAGE][INFO] - Smart Wait Function is triggered

2021-11-18 12:02:48 - [MESSAGE][PASSED] - Method.TextDegerineEsitElementinAltindakineTikla is PASSED

2021-11-18 12:02:48 - [MESSAGE][PASSED] - Call Test Case 'Test Cases/Tablo/TablodanEttnliVeriSec' successfully

2021-11-18 12:02:48 - [MESSAGE][INFO] - Checking called Test Case

2021-11-18 12:02:48 - [MESSAGE][INFO] - Starting to call Test Case 'Test Cases/Butonlar/ButonaTikla'

2021-11-18 12:02:48 - [TEST_CASE][PASSED] - Test Cases/Butonlar/ButonaTikla: Test Cases/Butonlar/ButonaTikla

2021-11-18 12:02:48 - [TEST_STEP][PASSED] - Method.TextDegerineEsitElementeTiklaEquals(findTestObject("Butonlar/Butonlar"), Buton_Adi): Method.TextDegerineEsitElementeTiklaEquals is PASSED

2021-11-18 12:02:48 - [MESSAGE][INFO] - Finding Test Object 'Object Repository/Butonlar/Butonlar'

2021-11-18 12:02:48 - [MESSAGE][INFO] - Checking timeout

2021-11-18 12:02:48 - [MESSAGE][INFO] - Finding web element with id: 'Object Repository/Butonlar/Butonlar' located by 'By.cssSelector: .panel.panel-default.text-center.footerPanel .btn,.btn.btn-primary.btnControls' in '10' second(s)

2021-11-18 12:02:48 - [MESSAGE][INFO] - Smart Wait Function is triggered

2021-11-18 12:02:49 - [MESSAGE][INFO] - Found 9 web elements with id: 'Object Repository/Butonlar/Butonlar' located by 'By.cssSelector: .panel.panel-default.text-center.footerPanel .btn,.btn.btn-primary.btnControls' in '10' second(s)

2021-11-18 12:02:49 - [MESSAGE][PASSED] - Method.TextDegerineEsitElementeTiklaEquals is PASSED

2021-11-18 12:02:49 - [MESSAGE][PASSED] - Call Test Case 'Test Cases/Butonlar/ButonaTikla' successfully

2021-11-18 12:02:49 - [MESSAGE][INFO] - Checking called Test Case

2021-11-18 12:02:49 - [MESSAGE][INFO] - Starting to call Test Case 'Test Cases/Popup/PopupMesajiIceriyorMu'

2021-11-18 12:02:49 - [TEST_CASE][PASSED] - Test Cases/Popup/PopupMesajiIceriyorMu: Test Cases/Popup/PopupMesajiIceriyorMu

2021-11-18 12:02:49 - [TEST_STEP][PASSED] - waitForElementVisible(findTestObject("Popup/Popup"), 10): Object 'Object Repository/Popup/Popup' is visible

2021-11-18 12:02:49 - [MESSAGE][INFO] - Finding Test Object 'Object Repository/Popup/Popup'

2021-11-18 12:02:49 - [MESSAGE][INFO] - Checking object

2021-11-18 12:02:49 - [MESSAGE][INFO] - Checking timeout

2021-11-18 12:02:49 - [MESSAGE][INFO] - Finding web element from Test Object's properties

2021-11-18 12:02:49 - [MESSAGE][INFO] - Checking timeout

2021-11-18 12:02:49 - [MESSAGE][INFO] - Finding web element with id: 'Object Repository/Popup/Popup' located by 'By.cssSelector: .bootbox-body' in '10' second(s)

2021-11-18 12:02:49 - [MESSAGE][INFO] - Smart Wait Function is triggered

2021-11-18 12:02:50 - [MESSAGE][INFO] - Found 1 web elements with id: 'Object Repository/Popup/Popup' located by 'By.cssSelector: .bootbox-body' in '10' second(s)

2021-11-18 12:02:50 - [MESSAGE][PASSED] - Object 'Object Repository/Popup/Popup' is visible

2021-11-18 12:02:50 - [TEST_STEP][PASSED] - if (!(getText(findTestObject("Popup/Popup")).contains(Mesaj))): Text of object 'Object Repository/Popup/Popup' is: 'Oluşturulacak fatura numarası : EAR2021000000481 Fatura numarası oluşturulduktan sonra fatura silinemez. Fatura numarası, tarihi ve ön eki değiştirilemez. Devam etmek istiyor musunuz?'

2021-11-18 12:02:50 - [MESSAGE][INFO] - Finding Test Object 'Object Repository/Popup/Popup'

2021-11-18 12:02:50 - [MESSAGE][INFO] - Checking object

2021-11-18 12:02:50 - [MESSAGE][INFO] - Finding web element from Test Object's properties

2021-11-18 12:02:50 - [MESSAGE][INFO] - Checking timeout

2021-11-18 12:02:50 - [MESSAGE][INFO] - Finding web element with id: 'Object Repository/Popup/Popup' located by 'By.cssSelector: .bootbox-body' in '30' second(s)

2021-11-18 12:02:50 - [MESSAGE][INFO] - Smart Wait Function is triggered

2021-11-18 12:02:50 - [MESSAGE][INFO] - Found 1 web elements with id: 'Object Repository/Popup/Popup' located by 'By.cssSelector: .bootbox-body' in '30' second(s)

2021-11-18 12:02:50 - [MESSAGE][INFO] - Getting text of object 'Object Repository/Popup/Popup'

2021-11-18 12:02:50 - [MESSAGE][PASSED] - Text of object 'Object Repository/Popup/Popup' is: 'Oluşturulacak fatura numarası : EAR2021000000481 Fatura numarası oluşturulduktan sonra fatura silinemez. Fatura numarası, tarihi ve ön eki değiştirilemez. Devam etmek istiyor musunuz?'

2021-11-18 12:02:50 - [TEST_STEP][PASSED] - RaporNo = getText(findTestObject("Popup/Popup")).substring(0, 6): Text of object 'Object Repository/Popup/Popup' is: 'Oluşturulacak fatura numarası : EAR2021000000481 Fatura numarası oluşturulduktan sonra fatura silinemez. Fatura numarası, tarihi ve ön eki değiştirilemez. Devam etmek istiyor musunuz?'

2021-11-18 12:02:50 - [MESSAGE][INFO] - Finding Test Object 'Object Repository/Popup/Popup'

2021-11-18 12:02:50 - [MESSAGE][INFO] - Checking object

2021-11-18 12:02:50 - [MESSAGE][INFO] - Finding web element from Test Object's properties

2021-11-18 12:02:50 - [MESSAGE][INFO] - Checking timeout

2021-11-18 12:02:50 - [MESSAGE][INFO] - Finding web element with id: 'Object Repository/Popup/Popup' located by 'By.cssSelector: .bootbox-body' in '30' second(s)

2021-11-18 12:02:50 - [MESSAGE][INFO] - Smart Wait Function is triggered

2021-11-18 12:02:51 - [MESSAGE][INFO] - Found 1 web elements with id: 'Object Repository/Popup/Popup' located by 'By.cssSelector: .bootbox-body' in '30' second(s)

2021-11-18 12:02:51 - [MESSAGE][INFO] - Getting text of object 'Object Repository/Popup/Popup'

2021-11-18 12:02:51 - [MESSAGE][PASSED] - Text of object 'Object Repository/Popup/Popup' is: 'Oluşturulacak fatura numarası : EAR2021000000481 Fatura numarası oluşturulduktan sonra fatura silinemez. Fatura numarası, tarihi ve ön eki değiştirilemez. Devam etmek istiyor musunuz?'

2021-11-18 12:02:51 - [TEST_STEP][PASSED] - Console.println(RaporNo): null

2021-11-18 12:02:51 - [MESSAGE][PASSED] - Call Test Case 'Test Cases/Popup/PopupMesajiIceriyorMu' successfully

2021-11-18 12:02:51 - [MESSAGE][INFO] - Checking called Test Case

2021-11-18 12:02:51 - [MESSAGE][INFO] - Starting to call Test Case 'Test Cases/Popup/PopupButonSecilir'

2021-11-18 12:02:51 - [TEST_CASE][PASSED] - Test Cases/Popup/PopupButonSecilir: Test Cases/Popup/PopupButonSecilir

2021-11-18 12:02:51 - [TEST_STEP][PASSED] - Method.TextDegerineEsitElementeTikla(findTestObject("Popup/Popup_Butons"), Buton): Method.TextDegerineEsitElementeTikla is PASSED

2021-11-18 12:02:51 - [MESSAGE][INFO] - Finding Test Object 'Object Repository/Popup/Popup_Butons'

2021-11-18 12:02:51 - [MESSAGE][INFO] - Checking timeout

2021-11-18 12:02:51 - [MESSAGE][INFO] - Finding web element with id: 'Object Repository/Popup/Popup_Butons' located by 'By.cssSelector: .modal-footer>button' in '10' second(s)

2021-11-18 12:02:51 - [MESSAGE][INFO] - Smart Wait Function is triggered

2021-11-18 12:02:51 - [MESSAGE][INFO] - Found 2 web elements with id: 'Object Repository/Popup/Popup_Butons' located by 'By.cssSelector: .modal-footer>button' in '10' second(s)

2021-11-18 12:02:51 - [MESSAGE][PASSED] - Method.TextDegerineEsitElementeTikla is PASSED

2021-11-18 12:02:51 - [MESSAGE][PASSED] - Call Test Case 'Test Cases/Popup/PopupButonSecilir' successfully

2021-11-18 12:02:51 - [MESSAGE][INFO] - Checking called Test Case

2021-11-18 12:02:51 - [MESSAGE][INFO] - Starting to call Test Case 'Test Cases/Popup/PopupMesajiIceriyorMu'

2021-11-18 12:02:51 - [TEST_CASE][PASSED] - Test Cases/Popup/PopupMesajiIceriyorMu: Test Cases/Popup/PopupMesajiIceriyorMu

2021-11-18 12:02:51 - [TEST_STEP][PASSED] - waitForElementVisible(findTestObject("Popup/Popup"), 10): Object 'Object Repository/Popup/Popup' is visible

2021-11-18 12:02:51 - [MESSAGE][INFO] - Finding Test Object 'Object Repository/Popup/Popup'

2021-11-18 12:02:52 - [MESSAGE][INFO] - Checking object

2021-11-18 12:02:52 - [MESSAGE][INFO] - Checking timeout

2021-11-18 12:02:52 - [MESSAGE][INFO] - Finding web element from Test Object's properties

2021-11-18 12:02:52 - [MESSAGE][INFO] - Checking timeout

2021-11-18 12:02:52 - [MESSAGE][INFO] - Finding web element with id: 'Object Repository/Popup/Popup' located by 'By.cssSelector: .bootbox-body' in '10' second(s)

2021-11-18 12:02:52 - [MESSAGE][INFO] - Smart Wait Function is triggered

2021-11-18 12:02:52 - [MESSAGE][INFO] - Found 1 web elements with id: 'Object Repository/Popup/Popup' located by 'By.cssSelector: .bootbox-body' in '10' second(s)

2021-11-18 12:02:52 - [MESSAGE][PASSED] - Object 'Object Repository/Popup/Popup' is visible

2021-11-18 12:02:52 - [TEST_STEP][PASSED] - if (!(getText(findTestObject("Popup/Popup")).contains(Mesaj))): Text of object 'Object Repository/Popup/Popup' is: 'Fatura numaranız EAR2021000000481 olarak oluşmuştur.'

2021-11-18 12:02:52 - [MESSAGE][INFO] - Finding Test Object 'Object Repository/Popup/Popup'

2021-11-18 12:02:52 - [MESSAGE][INFO] - Checking object

2021-11-18 12:02:52 - [MESSAGE][INFO] - Finding web element from Test Object's properties

2021-11-18 12:02:52 - [MESSAGE][INFO] - Checking timeout

2021-11-18 12:02:52 - [MESSAGE][INFO] - Finding web element with id: 'Object Repository/Popup/Popup' located by 'By.cssSelector: .bootbox-body' in '30' second(s)

2021-11-18 12:02:52 - [MESSAGE][INFO] - Smart Wait Function is triggered

2021-11-18 12:02:52 - [MESSAGE][INFO] - Found 1 web elements with id: 'Object Repository/Popup/Popup' located by 'By.cssSelector: .bootbox-body' in '30' second(s)

2021-11-18 12:02:52 - [MESSAGE][INFO] - Getting text of object 'Object Repository/Popup/Popup'

2021-11-18 12:02:52 - [MESSAGE][PASSED] - Text of object 'Object Repository/Popup/Popup' is: 'Fatura numaranız EAR2021000000481 olarak oluşmuştur.'

2021-11-18 12:02:53 - [TEST_STEP][PASSED] - RaporNo = getText(findTestObject("Popup/Popup")).substring(0, 6): Text of object 'Object Repository/Popup/Popup' is: 'Fatura numaranız EAR2021000000481 olarak oluşmuştur.'

2021-11-18 12:02:53 - [MESSAGE][INFO] - Finding Test Object 'Object Repository/Popup/Popup'

2021-11-18 12:02:53 - [MESSAGE][INFO] - Checking object

2021-11-18 12:02:53 - [MESSAGE][INFO] - Finding web element from Test Object's properties

2021-11-18 12:02:53 - [MESSAGE][INFO] - Checking timeout

2021-11-18 12:02:53 - [MESSAGE][INFO] - Finding web element with id: 'Object Repository/Popup/Popup' located by 'By.cssSelector: .bootbox-body' in '30' second(s)

2021-11-18 12:02:53 - [MESSAGE][INFO] - Smart Wait Function is triggered

2021-11-18 12:02:53 - [MESSAGE][INFO] - Found 1 web elements with id: 'Object Repository/Popup/Popup' located by 'By.cssSelector: .bootbox-body' in '30' second(s)

2021-11-18 12:02:53 - [MESSAGE][INFO] - Getting text of object 'Object Repository/Popup/Popup'

2021-11-18 12:02:53 - [MESSAGE][PASSED] - Text of object 'Object Repository/Popup/Popup' is: 'Fatura numaranız EAR2021000000481 olarak oluşmuştur.'

2021-11-18 12:02:53 - [TEST_STEP][PASSED] - Console.println(RaporNo): null

2021-11-18 12:02:53 - [MESSAGE][PASSED] - Call Test Case 'Test Cases/Popup/PopupMesajiIceriyorMu' successfully

2021-11-18 12:02:53 - [MESSAGE][INFO] - Checking called Test Case

2021-11-18 12:02:53 - [MESSAGE][INFO] - Starting to call Test Case 'Test Cases/Popup/PopupButonSecilir'

2021-11-18 12:02:53 - [TEST_CASE][PASSED] - Test Cases/Popup/PopupButonSecilir: Test Cases/Popup/PopupButonSecilir

2021-11-18 12:02:53 - [TEST_STEP][PASSED] - Method.TextDegerineEsitElementeTikla(findTestObject("Popup/Popup_Butons"), Buton): Method.TextDegerineEsitElementeTikla is PASSED

2021-11-18 12:02:53 - [MESSAGE][INFO] - Finding Test Object 'Object Repository/Popup/Popup_Butons'

2021-11-18 12:02:53 - [MESSAGE][INFO] - Checking timeout

2021-11-18 12:02:53 - [MESSAGE][INFO] - Finding web element with id: 'Object Repository/Popup/Popup_Butons' located by 'By.cssSelector: .modal-footer>button' in '10' second(s)

2021-11-18 12:02:53 - [MESSAGE][INFO] - Smart Wait Function is triggered

2021-11-18 12:02:53 - [MESSAGE][INFO] - Found 1 web elements with id: 'Object Repository/Popup/Popup_Butons' located by 'By.cssSelector: .modal-footer>button' in '10' second(s)

2021-11-18 12:02:53 - [MESSAGE][PASSED] - Method.TextDegerineEsitElementeTikla is PASSED

2021-11-18 12:02:53 - [MESSAGE][PASSED] - Call Test Case 'Test Cases/Popup/PopupButonSecilir' successfully

2021-11-18 12:02:53 - [MESSAGE][INFO] - Checking called Test Case

2021-11-18 12:02:53 - [MESSAGE][INFO] - Starting to call Test Case 'Test Cases/Tablo/TablodanEttnliVeriSec'

2021-11-18 12:02:53 - [TEST_CASE][PASSED] - Test Cases/Tablo/TablodanEttnliVeriSec: Test Cases/Tablo/TablodanEttnliVeriSec

2021-11-18 12:02:53 - [TEST_STEP][PASSED] - Method.TextDegerineEsitElementinAltindakineTikla(findTestObject("Tablo/Veriler"), findTestObject("Tablo/VerininCheckBoxi"), ettn): Method.TextDegerineEsitElementinAltindakineTikla is PASSED

2021-11-18 12:02:53 - [MESSAGE][INFO] - Finding Test Object 'Object Repository/Tablo/Veriler'

2021-11-18 12:02:54 - [MESSAGE][INFO] - Finding Test Object 'Object Repository/Tablo/VerininCheckBoxi'

2021-11-18 12:02:54 - [MESSAGE][INFO] - Checking timeout

2021-11-18 12:02:54 - [MESSAGE][INFO] - Finding web element with id: 'Object Repository/Tablo/Veriler' located by 'By.cssSelector: td.dxgv b ,td.dxgv' in '10' second(s)

2021-11-18 12:02:54 - [MESSAGE][INFO] - Smart Wait Function is triggered

2021-11-18 12:02:54 - [MESSAGE][INFO] - Found 70 web elements with id: 'Object Repository/Tablo/Veriler' located by 'By.cssSelector: td.dxgv b ,td.dxgv' in '10' second(s)

2021-11-18 12:02:54 - [MESSAGE][INFO] - Smart Wait Function is triggered

2021-11-18 12:02:55 - [MESSAGE][PASSED] - Method.TextDegerineEsitElementinAltindakineTikla is PASSED

2021-11-18 12:02:55 - [MESSAGE][PASSED] - Call Test Case 'Test Cases/Tablo/TablodanEttnliVeriSec' successfully

2021-11-18 12:02:55 - [MESSAGE][INFO] - Checking called Test Case

2021-11-18 12:02:55 - [MESSAGE][INFO] - Starting to call Test Case 'Test Cases/Butonlar/ButonaTikla'

2021-11-18 12:02:55 - [TEST_CASE][PASSED] - Test Cases/Butonlar/ButonaTikla: Test Cases/Butonlar/ButonaTikla

2021-11-18 12:02:55 - [TEST_STEP][PASSED] - Method.TextDegerineEsitElementeTiklaEquals(findTestObject("Butonlar/Butonlar"), Buton_Adi): Method.TextDegerineEsitElementeTiklaEquals is PASSED

2021-11-18 12:02:55 - [MESSAGE][INFO] - Finding Test Object 'Object Repository/Butonlar/Butonlar'

2021-11-18 12:02:55 - [MESSAGE][INFO] - Checking timeout

2021-11-18 12:02:55 - [MESSAGE][INFO] - Finding web element with id: 'Object Repository/Butonlar/Butonlar' located by 'By.cssSelector: .panel.panel-default.text-center.footerPanel .btn,.btn.btn-primary.btnControls' in '10' second(s)

2021-11-18 12:02:55 - [MESSAGE][INFO] - Smart Wait Function is triggered

2021-11-18 12:02:55 - [MESSAGE][INFO] - Found 9 web elements with id: 'Object Repository/Butonlar/Butonlar' located by 'By.cssSelector: .panel.panel-default.text-center.footerPanel .btn,.btn.btn-primary.btnControls' in '10' second(s)

2021-11-18 12:02:55 - [MESSAGE][PASSED] - Method.TextDegerineEsitElementeTiklaEquals is PASSED

2021-11-18 12:02:55 - [MESSAGE][PASSED] - Call Test Case 'Test Cases/Butonlar/ButonaTikla' successfully

2021-11-18 12:02:55 - [MESSAGE][INFO] - Checking called Test Case

2021-11-18 12:02:55 - [MESSAGE][INFO] - Starting to call Test Case 'Test Cases/Popup/PopupMesajiIceriyorMu'

2021-11-18 12:02:55 - [TEST_CASE][PASSED] - Test Cases/Popup/PopupMesajiIceriyorMu: Test Cases/Popup/PopupMesajiIceriyorMu

2021-11-18 12:02:55 - [TEST_STEP][PASSED] - waitForElementVisible(findTestObject("Popup/Popup"), 10): Object 'Object Repository/Popup/Popup' is visible

2021-11-18 12:02:55 - [MESSAGE][INFO] - Finding Test Object 'Object Repository/Popup/Popup'

2021-11-18 12:02:56 - [MESSAGE][INFO] - Checking object

2021-11-18 12:02:56 - [MESSAGE][INFO] - Checking timeout

2021-11-18 12:02:56 - [MESSAGE][INFO] - Finding web element from Test Object's properties

2021-11-18 12:02:56 - [MESSAGE][INFO] - Checking timeout

2021-11-18 12:02:56 - [MESSAGE][INFO] - Finding web element with id: 'Object Repository/Popup/Popup' located by 'By.cssSelector: .bootbox-body' in '10' second(s)

2021-11-18 12:02:56 - [MESSAGE][INFO] - Smart Wait Function is triggered

2021-11-18 12:02:56 - [MESSAGE][INFO] - Found 1 web elements with id: 'Object Repository/Popup/Popup' located by 'By.cssSelector: .bootbox-body' in '10' second(s)

2021-11-18 12:02:56 - [MESSAGE][PASSED] - Object 'Object Repository/Popup/Popup' is visible

2021-11-18 12:02:56 - [TEST_STEP][PASSED] - if (!(getText(findTestObject("Popup/Popup")).contains(Mesaj))): Text of object 'Object Repository/Popup/Popup' is: 'Seçilen faturalarınız onaylanacaktır. Onaylanan faturalar üzerinde değişiklik yapılamaz. Devam etmek istiyor musunuz?'

2021-11-18 12:02:56 - [MESSAGE][INFO] - Finding Test Object 'Object Repository/Popup/Popup'

2021-11-18 12:02:56 - [MESSAGE][INFO] - Checking object

2021-11-18 12:02:56 - [MESSAGE][INFO] - Finding web element from Test Object's properties

2021-11-18 12:02:56 - [MESSAGE][INFO] - Checking timeout

2021-11-18 12:02:56 - [MESSAGE][INFO] - Finding web element with id: 'Object Repository/Popup/Popup' located by 'By.cssSelector: .bootbox-body' in '30' second(s)

2021-11-18 12:02:56 - [MESSAGE][INFO] - Smart Wait Function is triggered

2021-11-18 12:02:56 - [MESSAGE][INFO] - Found 1 web elements with id: 'Object Repository/Popup/Popup' located by 'By.cssSelector: .bootbox-body' in '30' second(s)

2021-11-18 12:02:56 - [MESSAGE][INFO] - Getting text of object 'Object Repository/Popup/Popup'

2021-11-18 12:02:56 - [MESSAGE][PASSED] - Text of object 'Object Repository/Popup/Popup' is: 'Seçilen faturalarınız onaylanacaktır. Onaylanan faturalar üzerinde değişiklik yapılamaz. Devam etmek istiyor musunuz?'

2021-11-18 12:02:56 - [TEST_STEP][PASSED] - RaporNo = getText(findTestObject("Popup/Popup")).substring(0, 6): Text of object 'Object Repository/Popup/Popup' is: 'Seçilen faturalarınız onaylanacaktır. Onaylanan faturalar üzerinde değişiklik yapılamaz. Devam etmek istiyor musunuz?'

2021-11-18 12:02:56 - [MESSAGE][INFO] - Finding Test Object 'Object Repository/Popup/Popup'

2021-11-18 12:02:56 - [MESSAGE][INFO] - Checking object

2021-11-18 12:02:56 - [MESSAGE][INFO] - Finding web element from Test Object's properties

2021-11-18 12:02:56 - [MESSAGE][INFO] - Checking timeout

2021-11-18 12:02:56 - [MESSAGE][INFO] - Finding web element with id: 'Object Repository/Popup/Popup' located by 'By.cssSelector: .bootbox-body' in '30' second(s)

2021-11-18 12:02:56 - [MESSAGE][INFO] - Smart Wait Function is triggered

2021-11-18 12:02:57 - [MESSAGE][INFO] - Found 1 web elements with id: 'Object Repository/Popup/Popup' located by 'By.cssSelector: .bootbox-body' in '30' second(s)

2021-11-18 12:02:57 - [MESSAGE][INFO] - Getting text of object 'Object Repository/Popup/Popup'

2021-11-18 12:02:57 - [MESSAGE][PASSED] - Text of object 'Object Repository/Popup/Popup' is: 'Seçilen faturalarınız onaylanacaktır. Onaylanan faturalar üzerinde değişiklik yapılamaz. Devam etmek istiyor musunuz?'

2021-11-18 12:02:57 - [TEST_STEP][PASSED] - Console.println(RaporNo): null

2021-11-18 12:02:57 - [MESSAGE][PASSED] - Call Test Case 'Test Cases/Popup/PopupMesajiIceriyorMu' successfully

2021-11-18 12:02:57 - [MESSAGE][INFO] - Checking called Test Case

2021-11-18 12:02:57 - [MESSAGE][INFO] - Starting to call Test Case 'Test Cases/Popup/PopupButonSecilir'

2021-11-18 12:02:57 - [TEST_CASE][PASSED] - Test Cases/Popup/PopupButonSecilir: Test Cases/Popup/PopupButonSecilir

2021-11-18 12:02:57 - [TEST_STEP][PASSED] - Method.TextDegerineEsitElementeTikla(findTestObject("Popup/Popup_Butons"), Buton): Method.TextDegerineEsitElementeTikla is PASSED

2021-11-18 12:02:57 - [MESSAGE][INFO] - Finding Test Object 'Object Repository/Popup/Popup_Butons'

2021-11-18 12:02:57 - [MESSAGE][INFO] - Checking timeout

2021-11-18 12:02:57 - [MESSAGE][INFO] - Finding web element with id: 'Object Repository/Popup/Popup_Butons' located by 'By.cssSelector: .modal-footer>button' in '10' second(s)

2021-11-18 12:02:57 - [MESSAGE][INFO] - Smart Wait Function is triggered

2021-11-18 12:02:57 - [MESSAGE][INFO] - Found 2 web elements with id: 'Object Repository/Popup/Popup_Butons' located by 'By.cssSelector: .modal-footer>button' in '10' second(s)

2021-11-18 12:02:57 - [MESSAGE][PASSED] - Method.TextDegerineEsitElementeTikla is PASSED

2021-11-18 12:02:57 - [MESSAGE][PASSED] - Call Test Case 'Test Cases/Popup/PopupButonSecilir' successfully

2021-11-18 12:02:57 - [MESSAGE][INFO] - Checking called Test Case

2021-11-18 12:02:57 - [MESSAGE][INFO] - Starting to call Test Case 'Test Cases/Menu/AnaMenuSecimi'

2021-11-18 12:02:57 - [TEST_CASE][PASSED] - Test Cases/Menu/AnaMenuSecimi: Test Cases/Menu/AnaMenuSecimi

2021-11-18 12:02:57 - [TEST_STEP][PASSED] - Method.TextDegerineEsitElementeTikla(findTestObject("Menu/Ana_Menu"), Ana_Menu): Method.TextDegerineEsitElementeTikla is PASSED

2021-11-18 12:02:57 - [MESSAGE][INFO] - Finding Test Object 'Object Repository/Menu/Ana_Menu'

2021-11-18 12:02:57 - [MESSAGE][INFO] - Checking timeout

2021-11-18 12:02:57 - [MESSAGE][INFO] - Finding web element with id: 'Object Repository/Menu/Ana_Menu' located by 'By.xpath: //*[@class = 'dropdown-toggle']' in '10' second(s)

2021-11-18 12:02:57 - [MESSAGE][INFO] - Smart Wait Function is triggered

2021-11-18 12:02:58 - [MESSAGE][INFO] - Found 13 web elements with id: 'Object Repository/Menu/Ana_Menu' located by 'By.xpath: //*[@class = 'dropdown-toggle']' in '10' second(s)

2021-11-18 12:02:58 - [MESSAGE][PASSED] - Method.TextDegerineEsitElementeTikla is PASSED

2021-11-18 12:02:58 - [MESSAGE][PASSED] - Call Test Case 'Test Cases/Menu/AnaMenuSecimi' successfully

2021-11-18 12:02:58 - [MESSAGE][INFO] - Checking called Test Case

2021-11-18 12:02:58 - [MESSAGE][INFO] - Starting to call Test Case 'Test Cases/Menu/BasligaGoreAltMenuSecimi'

2021-11-18 12:02:58 - [TEST_CASE][PASSED] - Test Cases/Menu/BasligaGoreAltMenuSecimi: Test Cases/Menu/BasligaGoreAltMenuSecimi

2021-11-18 12:02:58 - [TEST_STEP][PASSED] - Method.TextDegerineEsitElementinAltindakiTextDegerineEsitOlanaTikla(findTestObject("Menu/Menu_Basligi"), findTestObject("Menu/Basliga_Gore_Alt_Menu"), Baslik, Alt_Menu): Method.TextDegerineEsitElementinAltindakiTextDegerineEsitOlanaTikla is PASSED

2021-11-18 12:02:58 - [MESSAGE][INFO] - Finding Test Object 'Object Repository/Menu/Menu_Basligi'

2021-11-18 12:02:58 - [MESSAGE][INFO] - Finding Test Object 'Object Repository/Menu/Basliga_Gore_Alt_Menu'

2021-11-18 12:02:59 - [MESSAGE][INFO] - Checking timeout

2021-11-18 12:02:59 - [MESSAGE][INFO] - Finding web element with id: 'Object Repository/Menu/Menu_Basligi' located by 'By.xpath: //li[@class='dropdown dropdown-large open']//li[@class='dropdown-header']' in '10' second(s)

2021-11-18 12:02:59 - [MESSAGE][INFO] - Smart Wait Function is triggered

2021-11-18 12:02:59 - [MESSAGE][INFO] - Found 2 web elements with id: 'Object Repository/Menu/Menu_Basligi' located by 'By.xpath: //li[@class='dropdown dropdown-large open']//li[@class='dropdown-header']' in '10' second(s)

2021-11-18 12:02:59 - [MESSAGE][INFO] - Smart Wait Function is triggered

2021-11-18 12:03:02 - [MESSAGE][PASSED] - Method.TextDegerineEsitElementinAltindakiTextDegerineEsitOlanaTikla is PASSED

2021-11-18 12:03:02 - [MESSAGE][PASSED] - Call Test Case 'Test Cases/Menu/BasligaGoreAltMenuSecimi' successfully

2021-11-18 12:03:02 - [MESSAGE][INFO] - Checking called Test Case

2021-11-18 12:03:02 - [MESSAGE][INFO] - Starting to call Test Case 'Test Cases/Filtreler/EttnYaz'

2021-11-18 12:03:02 - [TEST_CASE][PASSED] - Test Cases/Filtreler/EttnYaz: Test Cases/Filtreler/EttnYaz

2021-11-18 12:03:02 - [TEST_STEP][PASSED] - Method.TextDegerineEsitElementinAltindakiTextboxtaYaz(findTestObject("Filtreler/Basliklar"), findTestObject("Filtreler/Basliga_Gore_Textbox"), "ETTN", ettn): Method.TextDegerineEsitElementinAltindakiTextboxtaYaz is PASSED

2021-11-18 12:03:02 - [MESSAGE][INFO] - Finding Test Object 'Object Repository/Filtreler/Basliklar'

2021-11-18 12:03:03 - [MESSAGE][INFO] - Finding Test Object 'Object Repository/Filtreler/Basliga_Gore_Textbox'

2021-11-18 12:03:03 - [MESSAGE][INFO] - Checking timeout

2021-11-18 12:03:03 - [MESSAGE][INFO] - Finding web element with id: 'Object Repository/Filtreler/Basliklar' located by 'By.cssSelector: .control-label.col-sm-4.paddingMarginRLC' in '10' second(s)

2021-11-18 12:03:03 - [MESSAGE][INFO] - Smart Wait Function is triggered

2021-11-18 12:03:03 - [MESSAGE][INFO] - Found 19 web elements with id: 'Object Repository/Filtreler/Basliklar' located by 'By.cssSelector: .control-label.col-sm-4.paddingMarginRLC' in '10' second(s)

2021-11-18 12:03:03 - [MESSAGE][INFO] - Smart Wait Function is triggered

2021-11-18 12:03:03 - [MESSAGE][PASSED] - Method.TextDegerineEsitElementinAltindakiTextboxtaYaz is PASSED

2021-11-18 12:03:03 - [MESSAGE][PASSED] - Call Test Case 'Test Cases/Filtreler/EttnYaz' successfully

2021-11-18 12:03:03 - [MESSAGE][INFO] - Checking called Test Case

2021-11-18 12:03:03 - [MESSAGE][INFO] - Starting to call Test Case 'Test Cases/Filtreler/ButonaTikla'

2021-11-18 12:03:03 - [TEST_CASE][PASSED] - Test Cases/Filtreler/ButonaTikla: Test Cases/Filtreler/ButonaTikla

2021-11-18 12:03:03 - [TEST_STEP][PASSED] - Method.TextDegerineEsitElementeTikla(findTestObject("Filtreler/Butonlar"), Filtre_Buton): Method.TextDegerineEsitElementeTikla is PASSED

2021-11-18 12:03:03 - [MESSAGE][INFO] - Finding Test Object 'Object Repository/Filtreler/Butonlar'

2021-11-18 12:03:04 - [MESSAGE][INFO] - Checking timeout

2021-11-18 12:03:04 - [MESSAGE][INFO] - Finding web element with id: 'Object Repository/Filtreler/Butonlar' located by 'By.cssSelector: .dxb>span' in '10' second(s)

2021-11-18 12:03:04 - [MESSAGE][INFO] - Smart Wait Function is triggered

2021-11-18 12:03:04 - [MESSAGE][INFO] - Found 3 web elements with id: 'Object Repository/Filtreler/Butonlar' located by 'By.cssSelector: .dxb>span' in '10' second(s)

2021-11-18 12:03:04 - [MESSAGE][PASSED] - Method.TextDegerineEsitElementeTikla is PASSED

2021-11-18 12:03:04 - [MESSAGE][PASSED] - Call Test Case 'Test Cases/Filtreler/ButonaTikla' successfully

2021-11-18 12:03:04 - [MESSAGE][INFO] - Checking called Test Case

2021-11-18 12:03:04 - [MESSAGE][INFO] - Starting to call Test Case 'Test Cases/Tablo/TablodaVeriVarMi'

2021-11-18 12:03:04 - [TEST_CASE][PASSED] - Test Cases/Tablo/TablodaVeriVarMi: Test Cases/Tablo/TablodaVeriVarMi

2021-11-18 12:03:04 - [TEST_STEP][PASSED] - verifyTextNotPresent("Görüntülenecek veri yok", true): Text 'Görüntülenecek veri yok' is not present on page using regular expression

2021-11-18 12:03:04 - [MESSAGE][INFO] - Checking text present  using regular expression

2021-11-18 12:03:04 - [MESSAGE][INFO] - Smart Wait Function is triggered

2021-11-18 12:03:05 - [MESSAGE][INFO] - Finding text 'Görüntülenecek veri yok' on page  using regular expression

2021-11-18 12:03:05 - [MESSAGE][PASSED] - Text 'Görüntülenecek veri yok' is not present on page using regular expression

2021-11-18 12:03:05 - [MESSAGE][PASSED] - Call Test Case 'Test Cases/Tablo/TablodaVeriVarMi' successfully

2021-11-18 12:03:05 - [MESSAGE][INFO] - Checking called Test Case

2021-11-18 12:03:05 - [MESSAGE][INFO] - Starting to call Test Case 'Test Cases/Tablo/TablodaVeriBasariliMiArsiv'

2021-11-18 12:03:05 - [TEST_CASE][PASSED] - Test Cases/Tablo/TablodaVeriBasariliMiArsiv: Test Cases/Tablo/TablodaVeriBasariliMiArsiv

2021-11-18 12:03:05 - [TEST_STEP][PASSED] - sayac = 80: null

2021-11-18 12:03:05 - [TEST_STEP][PASSED] - while (verifyElementText(findTestObject("Object Repository/Tablo/DurumBilgisiArsiv"), "Henüz Sonuçlanmadı", OPTIONAL)): Actual text 'Başarılı' and expected text 'Henüz Sonuçlanmadı' of test object 'Object Repository/Tablo/DurumBilgisiArsiv' are NOT matched. (Root cause: com.kms.katalon.core.exception.StepFailedException: Actual text 'Başarılı' and expected text 'Henüz Sonuçlanmadı' of test object 'Object Repository/Tablo/DurumBilgisiArsiv' are NOT matched.
	at com.kms.katalon.core.webui.keyword.internal.WebUIKeywordMain.stepFailed(WebUIKeywordMain.groovy:64)
	at com.kms.katalon.core.webui.keyword.builtin.VerifyElementTextKeyword$_verifyElementText_closure1.doCall(VerifyElementTextKeyword.groovy:57)
	at com.kms.katalon.core.webui.keyword.builtin.VerifyElementTextKeyword$_verifyElementText_closure1.call(VerifyElementTextKeyword.groovy)
	at com.kms.katalon.core.webui.keyword.internal.WebUIKeywordMain.runKeyword(WebUIKeywordMain.groovy:20)
	at com.kms.katalon.core.webui.keyword.builtin.VerifyElementTextKeyword.verifyElementText(VerifyElementTextKeyword.groovy:72)
	at com.kms.katalon.core.webui.keyword.builtin.VerifyElementTextKeyword.execute(VerifyElementTextKeyword.groovy:40)
	at com.kms.katalon.core.keyword.internal.KeywordExecutor.executeKeywordForPlatform(KeywordExecutor.groovy:73)
	at com.kms.katalon.core.webui.keyword.WebUiBuiltInKeywords.verifyElementText(WebUiBuiltInKeywords.groovy:4733)
	at com.kms.katalon.core.webui.keyword.WebUiBuiltInKeywords$verifyElementText$20.call(Unknown Source)
	at TablodaVeriBasariliMiArsiv.run(TablodaVeriBasariliMiArsiv:22)
	at com.kms.katalon.core.main.ScriptEngine.run(ScriptEngine.java:194)
	at com.kms.katalon.core.main.ScriptEngine.runScriptAsRawText(ScriptEngine.java:119)
	at com.kms.katalon.core.main.TestCaseExecutor.runScript(TestCaseExecutor.java:369)
	at com.kms.katalon.core.main.TestCaseExecutor.doExecute(TestCaseExecutor.java:360)
	at com.kms.katalon.core.main.TestCaseExecutor.processExecutionPhase(TestCaseExecutor.java:339)
	at com.kms.katalon.core.main.TestCaseExecutor.accessMainPhase(TestCaseExecutor.java:331)
	at com.kms.katalon.core.main.TestCaseExecutor.execute(TestCaseExecutor.java:248)
	at com.kms.katalon.core.main.TestCaseMain.runTestCase(TestCaseMain.java:138)
	at com.kms.katalon.core.keyword.builtin.CallTestCaseKeyword$_callTestCase_closure1.doCall(CallTestCaseKeyword.groovy:59)
	at com.kms.katalon.core.keyword.builtin.CallTestCaseKeyword$_callTestCase_closure1.call(CallTestCaseKeyword.groovy)
	at com.kms.katalon.core.keyword.internal.KeywordMain.runKeyword(KeywordMain.groovy:68)
	at com.kms.katalon.core.keyword.builtin.CallTestCaseKeyword.callTestCase(CallTestCaseKeyword.groovy:81)
	at com.kms.katalon.core.keyword.builtin.CallTestCaseKeyword.execute(CallTestCaseKeyword.groovy:44)
	at com.kms.katalon.core.keyword.internal.KeywordExecutor.executeKeywordForPlatform(KeywordExecutor.groovy:73)
	at com.kms.katalon.core.keyword.BuiltinKeywords.callTestCase(BuiltinKeywords.groovy:334)
	at tablo.tablo.tablodaVeriBasariliMiArsiv(tablo.groovy:95)
	at cucumber.runtime.Utils$1.call(Utils.java:26)
	at cucumber.runtime.Timeout.timeout(Timeout.java:16)
	at cucumber.runtime.Utils.invoke(Utils.java:20)
	at cucumber.runtime.java.JavaStepDefinition.execute(JavaStepDefinition.java:49)
	at cucumber.runner.PickleStepDefinitionMatch.runStep(PickleStepDefinitionMatch.java:50)
	at cucumber.runner.TestStep.executeStep(TestStep.java:63)
	at cucumber.runner.TestStep.run(TestStep.java:49)
	at cucumber.runner.PickleStepTestStep.run(PickleStepTestStep.java:43)
	at cucumber.runner.TestCase.run(TestCase.java:44)
	at cucumber.runner.Runner.runPickle(Runner.java:40)
	at cucumber.runtime.Runtime$1.run(Runtime.java:84)
	at cucumber.runtime.Runtime$SameThreadExecutorService.execute(Runtime.java:220)
	at cucumber.runtime.Runtime.run(Runtime.java:81)
	at cucumber.api.cli.Main.run(Main.java:26)
	at cucumber.api.cli.Main$run.call(Unknown Source)
	at com.kms.katalon.core.cucumber.keyword.CucumberBuiltinKeywords$_runFeatureFile_closure1.doCall(CucumberBuiltinKeywords.groovy:106)
	at com.kms.katalon.core.cucumber.keyword.CucumberBuiltinKeywords$_runFeatureFile_closure1.doCall(CucumberBuiltinKeywords.groovy)
	at com.kms.katalon.core.keyword.internal.KeywordMain.runKeyword(KeywordMain.groovy:68)
	at com.kms.katalon.core.keyword.internal.KeywordMain$runKeyword.call(Unknown Source)
	at com.kms.katalon.core.cucumber.keyword.CucumberBuiltinKeywords.runFeatureFile(CucumberBuiltinKeywords.groovy:73)
	at com.kms.katalon.core.cucumber.keyword.CucumberBuiltinKeywords$runFeatureFile$0.callStatic(Unknown Source)
	at com.kms.katalon.core.cucumber.keyword.CucumberBuiltinKeywords.runFeatureFile(CucumberBuiltinKeywords.groovy:246)
	at com.kms.katalon.core.cucumber.keyword.CucumberBuiltinKeywords$runFeatureFile.call(Unknown Source)
	at VKN-Elektronik-Ihrac Kayitli.run(VKN-Elektronik-Ihrac Kayitli:19)
	at com.kms.katalon.core.main.ScriptEngine.run(ScriptEngine.java:194)
	at com.kms.katalon.core.main.ScriptEngine.runScriptAsRawText(ScriptEngine.java:119)
	at com.kms.katalon.core.main.TestCaseExecutor.runScript(TestCaseExecutor.java:369)
	at com.kms.katalon.core.main.TestCaseExecutor.doExecute(TestCaseExecutor.java:360)
	at com.kms.katalon.core.main.TestCaseExecutor.processExecutionPhase(TestCaseExecutor.java:339)
	at com.kms.katalon.core.main.TestCaseExecutor.accessMainPhase(TestCaseExecutor.java:331)
	at com.kms.katalon.core.main.TestCaseExecutor.execute(TestCaseExecutor.java:248)
	at com.kms.katalon.core.main.TestSuiteExecutor.accessTestCaseMainPhase(TestSuiteExecutor.java:191)
	at com.kms.katalon.core.main.TestSuiteExecutor.accessTestSuiteMainPhase(TestSuiteExecutor.java:140)
	at com.kms.katalon.core.main.TestSuiteExecutor.execute(TestSuiteExecutor.java:89)
	at com.kms.katalon.core.main.TestCaseMain.startTestSuite(TestCaseMain.java:181)
	at com.kms.katalon.core.main.TestCaseMain$startTestSuite$0.call(Unknown Source)
	at TempTestSuite1637225344330.run(TempTestSuite1637225344330.groovy:39)
)

2021-11-18 12:03:05 - [MESSAGE][INFO] - Finding Test Object 'Object Repository/Tablo/DurumBilgisiArsiv'

2021-11-18 12:03:05 - [MESSAGE][INFO] - Checking object

2021-11-18 12:03:05 - [MESSAGE][INFO] - Finding web element from Test Object's properties

2021-11-18 12:03:05 - [MESSAGE][INFO] - Checking timeout

2021-11-18 12:03:05 - [MESSAGE][INFO] - Finding web element with id: 'Object Repository/Tablo/DurumBilgisiArsiv' located by 'By.xpath: //*[@id = 'GridViewEArchiveInvoices_tccell0_9']' in '30' second(s)

2021-11-18 12:03:05 - [MESSAGE][INFO] - Smart Wait Function is triggered

2021-11-18 12:03:05 - [MESSAGE][INFO] - Found 1 web elements with id: 'Object Repository/Tablo/DurumBilgisiArsiv' located by 'By.xpath: //*[@id = 'GridViewEArchiveInvoices_tccell0_9']' in '30' second(s)

2021-11-18 12:03:05 - [MESSAGE][WARNING] - Actual text 'Başarılı' and expected text 'Henüz Sonuçlanmadı' of test object 'Object Repository/Tablo/DurumBilgisiArsiv' are NOT matched. (Root cause: com.kms.katalon.core.exception.StepFailedException: Actual text 'Başarılı' and expected text 'Henüz Sonuçlanmadı' of test object 'Object Repository/Tablo/DurumBilgisiArsiv' are NOT matched.
	at com.kms.katalon.core.webui.keyword.internal.WebUIKeywordMain.stepFailed(WebUIKeywordMain.groovy:64)
	at com.kms.katalon.core.webui.keyword.builtin.VerifyElementTextKeyword$_verifyElementText_closure1.doCall(VerifyElementTextKeyword.groovy:57)
	at com.kms.katalon.core.webui.keyword.builtin.VerifyElementTextKeyword$_verifyElementText_closure1.call(VerifyElementTextKeyword.groovy)
	at com.kms.katalon.core.webui.keyword.internal.WebUIKeywordMain.runKeyword(WebUIKeywordMain.groovy:20)
	at com.kms.katalon.core.webui.keyword.builtin.VerifyElementTextKeyword.verifyElementText(VerifyElementTextKeyword.groovy:72)
	at com.kms.katalon.core.webui.keyword.builtin.VerifyElementTextKeyword.execute(VerifyElementTextKeyword.groovy:40)
	at com.kms.katalon.core.keyword.internal.KeywordExecutor.executeKeywordForPlatform(KeywordExecutor.groovy:73)
	at com.kms.katalon.core.webui.keyword.WebUiBuiltInKeywords.verifyElementText(WebUiBuiltInKeywords.groovy:4733)
	at com.kms.katalon.core.webui.keyword.WebUiBuiltInKeywords$verifyElementText$20.call(Unknown Source)
	at TablodaVeriBasariliMiArsiv.run(TablodaVeriBasariliMiArsiv:22)
	at com.kms.katalon.core.main.ScriptEngine.run(ScriptEngine.java:194)
	at com.kms.katalon.core.main.ScriptEngine.runScriptAsRawText(ScriptEngine.java:119)
	at com.kms.katalon.core.main.TestCaseExecutor.runScript(TestCaseExecutor.java:369)
	at com.kms.katalon.core.main.TestCaseExecutor.doExecute(TestCaseExecutor.java:360)
	at com.kms.katalon.core.main.TestCaseExecutor.processExecutionPhase(TestCaseExecutor.java:339)
	at com.kms.katalon.core.main.TestCaseExecutor.accessMainPhase(TestCaseExecutor.java:331)
	at com.kms.katalon.core.main.TestCaseExecutor.execute(TestCaseExecutor.java:248)
	at com.kms.katalon.core.main.TestCaseMain.runTestCase(TestCaseMain.java:138)
	at com.kms.katalon.core.keyword.builtin.CallTestCaseKeyword$_callTestCase_closure1.doCall(CallTestCaseKeyword.groovy:59)
	at com.kms.katalon.core.keyword.builtin.CallTestCaseKeyword$_callTestCase_closure1.call(CallTestCaseKeyword.groovy)
	at com.kms.katalon.core.keyword.internal.KeywordMain.runKeyword(KeywordMain.groovy:68)
	at com.kms.katalon.core.keyword.builtin.CallTestCaseKeyword.callTestCase(CallTestCaseKeyword.groovy:81)
	at com.kms.katalon.core.keyword.builtin.CallTestCaseKeyword.execute(CallTestCaseKeyword.groovy:44)
	at com.kms.katalon.core.keyword.internal.KeywordExecutor.executeKeywordForPlatform(KeywordExecutor.groovy:73)
	at com.kms.katalon.core.keyword.BuiltinKeywords.callTestCase(BuiltinKeywords.groovy:334)
	at tablo.tablo.tablodaVeriBasariliMiArsiv(tablo.groovy:95)
	at cucumber.runtime.Utils$1.call(Utils.java:26)
	at cucumber.runtime.Timeout.timeout(Timeout.java:16)
	at cucumber.runtime.Utils.invoke(Utils.java:20)
	at cucumber.runtime.java.JavaStepDefinition.execute(JavaStepDefinition.java:49)
	at cucumber.runner.PickleStepDefinitionMatch.runStep(PickleStepDefinitionMatch.java:50)
	at cucumber.runner.TestStep.executeStep(TestStep.java:63)
	at cucumber.runner.TestStep.run(TestStep.java:49)
	at cucumber.runner.PickleStepTestStep.run(PickleStepTestStep.java:43)
	at cucumber.runner.TestCase.run(TestCase.java:44)
	at cucumber.runner.Runner.runPickle(Runner.java:40)
	at cucumber.runtime.Runtime$1.run(Runtime.java:84)
	at cucumber.runtime.Runtime$SameThreadExecutorService.execute(Runtime.java:220)
	at cucumber.runtime.Runtime.run(Runtime.java:81)
	at cucumber.api.cli.Main.run(Main.java:26)
	at cucumber.api.cli.Main$run.call(Unknown Source)
	at com.kms.katalon.core.cucumber.keyword.CucumberBuiltinKeywords$_runFeatureFile_closure1.doCall(CucumberBuiltinKeywords.groovy:106)
	at com.kms.katalon.core.cucumber.keyword.CucumberBuiltinKeywords$_runFeatureFile_closure1.doCall(CucumberBuiltinKeywords.groovy)
	at com.kms.katalon.core.keyword.internal.KeywordMain.runKeyword(KeywordMain.groovy:68)
	at com.kms.katalon.core.keyword.internal.KeywordMain$runKeyword.call(Unknown Source)
	at com.kms.katalon.core.cucumber.keyword.CucumberBuiltinKeywords.runFeatureFile(CucumberBuiltinKeywords.groovy:73)
	at com.kms.katalon.core.cucumber.keyword.CucumberBuiltinKeywords$runFeatureFile$0.callStatic(Unknown Source)
	at com.kms.katalon.core.cucumber.keyword.CucumberBuiltinKeywords.runFeatureFile(CucumberBuiltinKeywords.groovy:246)
	at com.kms.katalon.core.cucumber.keyword.CucumberBuiltinKeywords$runFeatureFile.call(Unknown Source)
	at VKN-Elektronik-Ihrac Kayitli.run(VKN-Elektronik-Ihrac Kayitli:19)
	at com.kms.katalon.core.main.ScriptEngine.run(ScriptEngine.java:194)
	at com.kms.katalon.core.main.ScriptEngine.runScriptAsRawText(ScriptEngine.java:119)
	at com.kms.katalon.core.main.TestCaseExecutor.runScript(TestCaseExecutor.java:369)
	at com.kms.katalon.core.main.TestCaseExecutor.doExecute(TestCaseExecutor.java:360)
	at com.kms.katalon.core.main.TestCaseExecutor.processExecutionPhase(TestCaseExecutor.java:339)
	at com.kms.katalon.core.main.TestCaseExecutor.accessMainPhase(TestCaseExecutor.java:331)
	at com.kms.katalon.core.main.TestCaseExecutor.execute(TestCaseExecutor.java:248)
	at com.kms.katalon.core.main.TestSuiteExecutor.accessTestCaseMainPhase(TestSuiteExecutor.java:191)
	at com.kms.katalon.core.main.TestSuiteExecutor.accessTestSuiteMainPhase(TestSuiteExecutor.java:140)
	at com.kms.katalon.core.main.TestSuiteExecutor.execute(TestSuiteExecutor.java:89)
	at com.kms.katalon.core.main.TestCaseMain.startTestSuite(TestCaseMain.java:181)
	at com.kms.katalon.core.main.TestCaseMain$startTestSuite$0.call(Unknown Source)
	at TempTestSuite1637225344330.run(TempTestSuite1637225344330.groovy:39)
)

2021-11-18 12:03:05 - [TEST_STEP][PASSED] - Method.TextDegerineEsitElementVarMi(findTestObject("Object Repository/Tablo/DurumBilgisiArsiv"), "Başarılı"): Method.TextDegerineEsitElementVarMi is PASSED

2021-11-18 12:03:05 - [MESSAGE][INFO] - Finding Test Object 'Object Repository/Tablo/DurumBilgisiArsiv'

2021-11-18 12:03:05 - [MESSAGE][INFO] - Checking timeout

2021-11-18 12:03:05 - [MESSAGE][INFO] - Finding web element with id: 'Object Repository/Tablo/DurumBilgisiArsiv' located by 'By.xpath: //*[@id = 'GridViewEArchiveInvoices_tccell0_9']' in '10' second(s)

2021-11-18 12:03:05 - [MESSAGE][INFO] - Smart Wait Function is triggered

2021-11-18 12:03:06 - [MESSAGE][INFO] - Found 1 web elements with id: 'Object Repository/Tablo/DurumBilgisiArsiv' located by 'By.xpath: //*[@id = 'GridViewEArchiveInvoices_tccell0_9']' in '10' second(s)

2021-11-18 12:03:06 - [MESSAGE][PASSED] - Method.TextDegerineEsitElementVarMi is PASSED

2021-11-18 12:03:06 - [MESSAGE][PASSED] - Call Test Case 'Test Cases/Tablo/TablodaVeriBasariliMiArsiv' successfully

2021-11-18 12:03:06 - [MESSAGE][INFO] - Checking called Test Case

2021-11-18 12:03:06 - [MESSAGE][INFO] - Starting to call Test Case 'Test Cases/Kullanici_Islemleri/KullaniciIslemlerindenSecimYapilir'

2021-11-18 12:03:06 - [TEST_CASE][PASSED] - Test Cases/Kullanici_Islemleri/KullaniciIslemlerindenSecimYapilir: Test Cases/Kullanici_Islemleri/KullaniciIslemlerindenSecimYapilir

2021-11-18 12:03:06 - [TEST_STEP][PASSED] - waitForElementClickable(findTestObject("Object Repository/Kullanici_Islemleri/KullaniciIslemleri"), 10): Object 'Object Repository/Kullanici_Islemleri/KullaniciIslemleri' is clickable

2021-11-18 12:03:06 - [MESSAGE][INFO] - Finding Test Object 'Object Repository/Kullanici_Islemleri/KullaniciIslemleri'

2021-11-18 12:03:06 - [MESSAGE][INFO] - Checking object

2021-11-18 12:03:06 - [MESSAGE][INFO] - Checking timeout

2021-11-18 12:03:06 - [MESSAGE][INFO] - Finding web element from Test Object's properties

2021-11-18 12:03:06 - [MESSAGE][INFO] - Checking timeout

2021-11-18 12:03:06 - [MESSAGE][INFO] - Finding web element with id: 'Object Repository/Kullanici_Islemleri/KullaniciIslemleri' located by 'By.cssSelector: .dropdown>a>img' in '10' second(s)

2021-11-18 12:03:06 - [MESSAGE][INFO] - Smart Wait Function is triggered

2021-11-18 12:03:06 - [MESSAGE][INFO] - Found 1 web elements with id: 'Object Repository/Kullanici_Islemleri/KullaniciIslemleri' located by 'By.cssSelector: .dropdown>a>img' in '10' second(s)

2021-11-18 12:03:06 - [MESSAGE][PASSED] - Object 'Object Repository/Kullanici_Islemleri/KullaniciIslemleri' is clickable

2021-11-18 12:03:06 - [TEST_STEP][PASSED] - click(findTestObject("Object Repository/Kullanici_Islemleri/KullaniciIslemleri")): Object: 'Object Repository/Kullanici_Islemleri/KullaniciIslemleri' is clicked on

2021-11-18 12:03:06 - [MESSAGE][INFO] - Finding Test Object 'Object Repository/Kullanici_Islemleri/KullaniciIslemleri'

2021-11-18 12:03:06 - [MESSAGE][INFO] - Checking object

2021-11-18 12:03:06 - [MESSAGE][INFO] - Finding web element from Test Object's properties

2021-11-18 12:03:06 - [MESSAGE][INFO] - Checking timeout

2021-11-18 12:03:06 - [MESSAGE][INFO] - Finding web element with id: 'Object Repository/Kullanici_Islemleri/KullaniciIslemleri' located by 'By.cssSelector: .dropdown>a>img' in '30' second(s)

2021-11-18 12:03:06 - [MESSAGE][INFO] - Smart Wait Function is triggered

2021-11-18 12:03:06 - [MESSAGE][INFO] - Found 1 web elements with id: 'Object Repository/Kullanici_Islemleri/KullaniciIslemleri' located by 'By.cssSelector: .dropdown>a>img' in '30' second(s)

2021-11-18 12:03:06 - [MESSAGE][INFO] - Clicking on object: 'Object Repository/Kullanici_Islemleri/KullaniciIslemleri'

2021-11-18 12:03:06 - [MESSAGE][PASSED] - Object: 'Object Repository/Kullanici_Islemleri/KullaniciIslemleri' is clicked on

2021-11-18 12:03:06 - [TEST_STEP][PASSED] - Method.TextDegerineEsitElementeTikla(findTestObject("Object Repository/Kullanici_Islemleri/Secenekler"), Islem): Method.TextDegerineEsitElementeTikla is PASSED

2021-11-18 12:03:06 - [MESSAGE][INFO] - Finding Test Object 'Object Repository/Kullanici_Islemleri/Secenekler'

2021-11-18 12:03:06 - [MESSAGE][INFO] - Checking timeout

2021-11-18 12:03:06 - [MESSAGE][INFO] - Finding web element with id: 'Object Repository/Kullanici_Islemleri/Secenekler' located by 'By.cssSelector: .nav.navbar-nav.navbar-right li a' in '10' second(s)

2021-11-18 12:03:06 - [MESSAGE][INFO] - Smart Wait Function is triggered

2021-11-18 12:03:07 - [MESSAGE][INFO] - Found 20 web elements with id: 'Object Repository/Kullanici_Islemleri/Secenekler' located by 'By.cssSelector: .nav.navbar-nav.navbar-right li a' in '10' second(s)

2021-11-18 12:03:08 - [MESSAGE][PASSED] - Method.TextDegerineEsitElementeTikla is PASSED

2021-11-18 12:03:08 - [TEST_STEP][PASSED] - verifyElementNotPresent(findTestObject("Object Repository/Kullanici_Islemleri/Secenekler"), 10): Web element with id: 'Object Repository/Kullanici_Islemleri/Secenekler' located by 'By.cssSelector: .nav.navbar-nav.navbar-right li a' is not present after '10' second(s)

2021-11-18 12:03:08 - [MESSAGE][INFO] - Finding Test Object 'Object Repository/Kullanici_Islemleri/Secenekler'

2021-11-18 12:03:08 - [MESSAGE][INFO] - Checking object

2021-11-18 12:03:08 - [MESSAGE][INFO] - Checking timeout

2021-11-18 12:03:08 - [MESSAGE][INFO] - Finding web element with id: 'Object Repository/Kullanici_Islemleri/Secenekler' located by 'By.cssSelector: .nav.navbar-nav.navbar-right li a' in '10' second(s)

2021-11-18 12:03:08 - [MESSAGE][INFO] - Smart Wait Function is triggered

2021-11-18 12:03:09 - [MESSAGE][PASSED] - Web element with id: 'Object Repository/Kullanici_Islemleri/Secenekler' located by 'By.cssSelector: .nav.navbar-nav.navbar-right li a' is not present after '10' second(s)

2021-11-18 12:03:09 - [MESSAGE][PASSED] - Call Test Case 'Test Cases/Kullanici_Islemleri/KullaniciIslemlerindenSecimYapilir' successfully

2021-11-18 12:03:09 - [TEST_CASE][PASSED] - Start Test Case : SCENARIO Gonderim tipi Kagit ve Ihrac Kayitli tipinde e-Arsiv faturasi olusturulmasi: SCENARIO Gonderim tipi Kagit ve Ihrac Kayitli tipinde e-Arsiv faturasi olusturulmasi

2021-11-18 12:03:09 - [TEST_STEP][PASSED] - Kullanıcı adı EARIHRAC ve Şifre test1234 olarak giriş yapılır: Kullanıcı adı EARIHRAC ve Şifre test1234 olarak giriş yapılır

2021-11-18 12:03:09 - [MESSAGE][PASSED] - Kullanıcı adı EARIHRAC ve Şifre test1234 olarak giriş yapılır

2021-11-18 12:03:09 - [TEST_STEP][PASSED] - Ana menüden e-Arşiv seçilir: Ana menüden e-Arşiv seçilir

2021-11-18 12:03:09 - [MESSAGE][PASSED] - Ana menüden e-Arşiv seçilir

2021-11-18 12:03:09 - [TEST_STEP][PASSED] - Alt menü e-Arşiv Araçları başlığı altındaki e-Arşiv Fatura Oluşturma seçilir: Alt menü e-Arşiv Araçları başlığı altındaki e-Arşiv Fatura Oluşturma seçilir

2021-11-18 12:03:09 - [MESSAGE][PASSED] - Alt menü e-Arşiv Araçları başlığı altındaki e-Arşiv Fatura Oluşturma seçilir

2021-11-18 12:03:09 - [TEST_STEP][PASSED] - Tablodaki tüm veriler silinir: Tablodaki tüm veriler silinir

2021-11-18 12:03:09 - [MESSAGE][PASSED] - Tablodaki tüm veriler silinir

2021-11-18 12:03:09 - [TEST_STEP][PASSED] - Butonlardan Ekle isimli butona tıklanır: Butonlardan Ekle isimli butona tıklanır

2021-11-18 12:03:09 - [MESSAGE][PASSED] - Butonlardan Ekle isimli butona tıklanır

2021-11-18 12:03:09 - [TEST_STEP][PASSED] - Görsel tasarım sayfasının e-Arşiv Fatura Bilgileri başlığını içerdiği kontrol edilir: Görsel tasarım sayfasının e-Arşiv Fatura Bilgileri başlığını içerdiği kontrol edilir

2021-11-18 12:03:09 - [MESSAGE][PASSED] - Görsel tasarım sayfasının e-Arşiv Fatura Bilgileri başlığını içerdiği kontrol edilir

2021-11-18 12:03:09 - [TEST_STEP][PASSED] - Alıcı adı alanına UC0004 girilir: Alıcı adı alanına UC0004 girilir

2021-11-18 12:03:09 - [MESSAGE][PASSED] - Alıcı adı alanına UC0004 girilir

2021-11-18 12:03:09 - [TEST_STEP][PASSED] - Gönderim Şekli Elektronik olarak seçilir: Gönderim Şekli Elektronik olarak seçilir

2021-11-18 12:03:09 - [MESSAGE][PASSED] - Gönderim Şekli Elektronik olarak seçilir

2021-11-18 12:03:09 - [TEST_STEP][PASSED] - Tip alanından İhraç Kayıtlı seçilir: Tip alanından İhraç Kayıtlı seçilir

2021-11-18 12:03:09 - [MESSAGE][PASSED] - Tip alanından İhraç Kayıtlı seçilir

2021-11-18 12:03:09 - [TEST_STEP][PASSED] - Döküman Para Birimi alanından Türk Lirası seçilir: Döküman Para Birimi alanından Türk Lirası seçilir

2021-11-18 12:03:09 - [MESSAGE][PASSED] - Döküman Para Birimi alanından Türk Lirası seçilir

2021-11-18 12:03:09 - [TEST_STEP][PASSED] - Ön Ek EAR olarak seçilir: Ön Ek EAR olarak seçilir

2021-11-18 12:03:09 - [MESSAGE][PASSED] - Ön Ek EAR olarak seçilir

2021-11-18 12:03:09 - [TEST_STEP][PASSED] - Tasarım alanından Otomasyon seçilir: Tasarım alanından Otomasyon seçilir

2021-11-18 12:03:09 - [MESSAGE][PASSED] - Tasarım alanından Otomasyon seçilir

2021-11-18 12:03:09 - [TEST_STEP][PASSED] - Sipariş bilgileri UUC-SAT-1200001 ve 31.04.2020 olarak girilir: Sipariş bilgileri UUC-SAT-1200001 ve 31.04.2020 olarak girilir

2021-11-18 12:03:09 - [MESSAGE][PASSED] - Sipariş bilgileri UUC-SAT-1200001 ve 31.04.2020 olarak girilir

2021-11-18 12:03:09 - [TEST_STEP][PASSED] - İrsaliye Bilgileri AAAAAAAAAA,31.04.2020 olarak girilir: İrsaliye Bilgileri AAAAAAAAAA,31.04.2020 olarak girilir

2021-11-18 12:03:09 - [MESSAGE][PASSED] - İrsaliye Bilgileri AAAAAAAAAA,31.04.2020 olarak girilir

2021-11-18 12:03:09 - [TEST_STEP][PASSED] - Ekle butonuna basılır: Ekle butonuna basılır

2021-11-18 12:03:09 - [MESSAGE][PASSED] - Ekle butonuna basılır

2021-11-18 12:03:09 - [TEST_STEP][PASSED] - Ürün ekleme alanında Mal/Hizmet başlığına Otomasyon girilir: Ürün ekleme alanında Mal/Hizmet başlığına Otomasyon girilir

2021-11-18 12:03:09 - [MESSAGE][PASSED] - Ürün ekleme alanında Mal/Hizmet başlığına Otomasyon girilir

2021-11-18 12:03:09 - [TEST_STEP][PASSED] - Ürün ekleme alanında Açıklaması başlığına Virgosol girilir: Ürün ekleme alanında Açıklaması başlığına Virgosol girilir

2021-11-18 12:03:09 - [MESSAGE][PASSED] - Ürün ekleme alanında Açıklaması başlığına Virgosol girilir

2021-11-18 12:03:09 - [TEST_STEP][PASSED] - Ürün ekleme alanında Miktarı başlığına 400 girilir: Ürün ekleme alanında Miktarı başlığına 400 girilir

2021-11-18 12:03:09 - [MESSAGE][PASSED] - Ürün ekleme alanında Miktarı başlığına 400 girilir

2021-11-18 12:03:09 - [TEST_STEP][PASSED] - Ürün ekleme alanında Birim Fiyat başlığına 100 girilir: Ürün ekleme alanında Birim Fiyat başlığına 100 girilir

2021-11-18 12:03:09 - [MESSAGE][PASSED] - Ürün ekleme alanında Birim Fiyat başlığına 100 girilir

2021-11-18 12:03:09 - [TEST_STEP][PASSED] - Ürün ekleme alanında İskonto Oranı % başlığına 10 girilir: Ürün ekleme alanında İskonto Oranı % başlığına 10 girilir

2021-11-18 12:03:09 - [MESSAGE][PASSED] - Ürün ekleme alanında İskonto Oranı % başlığına 10 girilir

2021-11-18 12:03:09 - [TEST_STEP][PASSED] - Notlar alanına Otomasyon Not girilir: Notlar alanına Otomasyon Not girilir

2021-11-18 12:03:09 - [MESSAGE][PASSED] - Notlar alanına Otomasyon Not girilir

2021-11-18 12:03:09 - [TEST_STEP][PASSED] - Ettn bilgisi kayıt edilir: Ettn bilgisi kayıt edilir

2021-11-18 12:03:09 - [MESSAGE][PASSED] - Ettn bilgisi kayıt edilir

2021-11-18 12:03:09 - [TEST_STEP][PASSED] - Kaydet butonu seçilir: Kaydet butonu seçilir

2021-11-18 12:03:09 - [MESSAGE][PASSED] - Kaydet butonu seçilir

2021-11-18 12:03:09 - [TEST_STEP][PASSED] - Tabloda Ettn bilgisi kaydedilen veri oluşturuldu mu: Tabloda Ettn bilgisi kaydedilen veri oluşturuldu mu

2021-11-18 12:03:09 - [MESSAGE][PASSED] - Tabloda Ettn bilgisi kaydedilen veri oluşturuldu mu

2021-11-18 12:03:09 - [TEST_STEP][PASSED] - Tablodan Ettn bilgisi kaydedilen veri seçilir: Tablodan Ettn bilgisi kaydedilen veri seçilir

2021-11-18 12:03:09 - [MESSAGE][PASSED] - Tablodan Ettn bilgisi kaydedilen veri seçilir

2021-11-18 12:03:09 - [TEST_STEP][PASSED] - Butonlardan Numara Oluştur isimli butona tıklanır: Butonlardan Numara Oluştur isimli butona tıklanır

2021-11-18 12:03:09 - [MESSAGE][PASSED] - Butonlardan Numara Oluştur isimli butona tıklanır

2021-11-18 12:03:09 - [TEST_STEP][PASSED] - Popup mesajı Devam etmek istiyor musunuz içeriyor mu: Popup mesajı Devam etmek istiyor musunuz içeriyor mu

2021-11-18 12:03:09 - [MESSAGE][PASSED] - Popup mesajı Devam etmek istiyor musunuz içeriyor mu

2021-11-18 12:03:09 - [TEST_STEP][PASSED] - Yönetim popupında Evet seçilir: Yönetim popupında Evet seçilir

2021-11-18 12:03:09 - [MESSAGE][PASSED] - Yönetim popupında Evet seçilir

2021-11-18 12:03:09 - [TEST_STEP][PASSED] - Popup mesajı oluşmuştur içeriyor mu: Popup mesajı oluşmuştur içeriyor mu

2021-11-18 12:03:09 - [MESSAGE][PASSED] - Popup mesajı oluşmuştur içeriyor mu

2021-11-18 12:03:09 - [TEST_STEP][PASSED] - Yönetim popupında Tamam seçilir: Yönetim popupında Tamam seçilir

2021-11-18 12:03:09 - [MESSAGE][PASSED] - Yönetim popupında Tamam seçilir

2021-11-18 12:03:09 - [TEST_STEP][PASSED] - Tablodan Ettn bilgisi kaydedilen veri seçilir: Tablodan Ettn bilgisi kaydedilen veri seçilir

2021-11-18 12:03:09 - [MESSAGE][PASSED] - Tablodan Ettn bilgisi kaydedilen veri seçilir

2021-11-18 12:03:09 - [TEST_STEP][PASSED] - Butonlardan Gönder isimli butona tıklanır: Butonlardan Gönder isimli butona tıklanır

2021-11-18 12:03:09 - [MESSAGE][PASSED] - Butonlardan Gönder isimli butona tıklanır

2021-11-18 12:03:09 - [TEST_STEP][PASSED] - Popup mesajı Devam etmek istiyor musunuz içeriyor mu: Popup mesajı Devam etmek istiyor musunuz içeriyor mu

2021-11-18 12:03:09 - [MESSAGE][PASSED] - Popup mesajı Devam etmek istiyor musunuz içeriyor mu

2021-11-18 12:03:09 - [TEST_STEP][PASSED] - Yönetim popupında Evet seçilir: Yönetim popupında Evet seçilir

2021-11-18 12:03:09 - [MESSAGE][PASSED] - Yönetim popupında Evet seçilir

2021-11-18 12:03:09 - [TEST_STEP][PASSED] - Ana menüden e-Arşiv seçilir: Ana menüden e-Arşiv seçilir

2021-11-18 12:03:09 - [MESSAGE][PASSED] - Ana menüden e-Arşiv seçilir

2021-11-18 12:03:09 - [TEST_STEP][PASSED] - Alt menü e-Arşiv Hareketleri başlığı altındaki e-Arşiv Faturaları seçilir: Alt menü e-Arşiv Hareketleri başlığı altındaki e-Arşiv Faturaları seçilir

2021-11-18 12:03:09 - [MESSAGE][PASSED] - Alt menü e-Arşiv Hareketleri başlığı altındaki e-Arşiv Faturaları seçilir

2021-11-18 12:03:09 - [TEST_STEP][PASSED] - Filtrelerden Ettn filtresine Ettn bilgisi yaz: Filtrelerden Ettn filtresine Ettn bilgisi yaz

2021-11-18 12:03:09 - [MESSAGE][PASSED] - Filtrelerden Ettn filtresine Ettn bilgisi yaz

2021-11-18 12:03:09 - [TEST_STEP][PASSED] - Filtre butonlarından Listele seçilir: Filtre butonlarından Listele seçilir

2021-11-18 12:03:09 - [MESSAGE][PASSED] - Filtre butonlarından Listele seçilir

2021-11-18 12:03:09 - [TEST_STEP][PASSED] - Tabloda veri var mı kontrol edilir: Tabloda veri var mı kontrol edilir

2021-11-18 12:03:09 - [MESSAGE][PASSED] - Tabloda veri var mı kontrol edilir

2021-11-18 12:03:09 - [TEST_STEP][PASSED] - Tabloda yeni oluşturulan eArsiv verisi başarılı mı: Tabloda yeni oluşturulan eArsiv verisi başarılı mı

2021-11-18 12:03:09 - [MESSAGE][PASSED] - Tabloda yeni oluşturulan eArsiv verisi başarılı mı

2021-11-18 12:03:09 - [TEST_STEP][PASSED] - Kullanıcı işlemlerinden Çıkış seçilir: Kullanıcı işlemlerinden Çıkış seçilir

2021-11-18 12:03:09 - [MESSAGE][PASSED] - Kullanıcı işlemlerinden Çıkış seçilir

2021-11-18 12:03:09 - [MESSAGE][PASSED] - Feature file: 'Include/features/Regresyon/e-Arsiv/VKN-Elektronik-Ihrac Kayitli.feature' was passed

2021-11-18 12:03:09 - [TEST_STEP][PASSED] - Start listener action : sampleAfterTestSuite: Invoke 'com.kms.katalon.core.annotation.AfterTestCase' method: 'Listener.sampleAfterTestSuite(...)' completed.

2021-11-18 12:03:09 - [MESSAGE][INFO] - Starting invoke 'com.kms.katalon.core.annotation.AfterTestCase' method: 'Listener.sampleAfterTestSuite(...)'

2021-11-18 12:03:09 - [TEST_STEP][PASSED] - closeBrowser(): Invoke 'com.kms.katalon.core.annotation.AfterTestCase' method: 'Listener.sampleAfterTestSuite(...)' completed.

2021-11-18 12:03:09 - [MESSAGE][INFO] - Closing browser

2021-11-18 12:03:09 - [MESSAGE][PASSED] - Browser is closed

2021-11-18 12:03:09 - [MESSAGE][INFO] - Invoke 'com.kms.katalon.core.annotation.AfterTestCase' method: 'Listener.sampleAfterTestSuite(...)' completed.]]></system-out>
         <system-err><![CDATA[]]></system-err>
      </testcase>
      <testcase name="Test Cases/Case Repository/Regresyon/e-Arsiv/VKN-Elektronik-Istisna" time="101.677" classname="Test Cases/Case Repository/Regresyon/e-Arsiv/VKN-Elektronik-Istisna" status="PASSED">
         <system-out><![CDATA[2021-11-18 12:03:09 - [TEST_CASE][PASSED] - Test Cases/Case Repository/Regresyon/e-Arsiv/VKN-Elektronik-Istisna: Test Cases/Case Repository/Regresyon/e-Arsiv/VKN-Elektronik-Istisna

2021-11-18 12:03:09 - [TEST_STEP][PASSED] - Start listener action : sampleBeforeTestSuite: Invoke 'com.kms.katalon.core.annotation.BeforeTestCase' method: 'Listener.sampleBeforeTestSuite(...)' completed.

2021-11-18 12:03:09 - [MESSAGE][INFO] - Starting invoke 'com.kms.katalon.core.annotation.BeforeTestCase' method: 'Listener.sampleBeforeTestSuite(...)'

2021-11-18 12:03:09 - [TEST_STEP][PASSED] - openBrowser(baseUrl): Browser is opened with url: 'https://efatura-stage.elogo.com.tr/'

2021-11-18 12:03:09 - [MESSAGE][INFO] - Opening browser

2021-11-18 12:03:09 - [MESSAGE][INFO] - Starting 'Chrome' driver

2021-11-18 12:03:09 - [MESSAGE][INFO] - User set preference: ['prefs', '{download.default_directory=C:\otomasyondownfiles}']

2021-11-18 12:03:09 - [MESSAGE][INFO] - Action delay is set to 0 milliseconds

2021-11-18 12:03:11 - [MESSAGE][INFO] - Navigating browser to: 'https://efatura-stage.elogo.com.tr/'

2021-11-18 12:03:12 - [MESSAGE][PASSED] - Browser is opened with url: 'https://efatura-stage.elogo.com.tr/'

2021-11-18 12:03:12 - [TEST_STEP][PASSED] - maximizeWindow(): Invoke 'com.kms.katalon.core.annotation.BeforeTestCase' method: 'Listener.sampleBeforeTestSuite(...)' completed.

2021-11-18 12:03:12 - [MESSAGE][INFO] - Maximizing current window

2021-11-18 12:03:13 - [MESSAGE][PASSED] - Current window maximized

2021-11-18 12:03:13 - [MESSAGE][INFO] - Invoke 'com.kms.katalon.core.annotation.BeforeTestCase' method: 'Listener.sampleBeforeTestSuite(...)' completed.

2021-11-18 12:03:13 - [TEST_STEP][PASSED] - runFeatureFile("Include/features/Regresyon/e-Arsiv/VKN-Elektronik-Istisna.feature"): Feature file: 'Include/features/Regresyon/e-Arsiv/VKN-Elektronik-Istisna.feature' was passed

2021-11-18 12:03:13 - [MESSAGE][INFO] - Starting run keyword runFeatureFile: 'Include/features/Regresyon/e-Arsiv/VKN-Elektronik-Istisna.feature' and extract report to folder: 'C:\Users\DELL\Documents\GitHub\EES_KatalonLogo\Reports\20211118_114904\Suite Repository\Regresyon-eArsiv-eMakbuz\20211118_114904/cucumber_report/1637226193509'...

2021-11-18 12:03:13 - [MESSAGE][INFO] - Glue: []

2021-11-18 12:03:14 - [MESSAGE][INFO] - Checking called Test Case

2021-11-18 12:03:14 - [MESSAGE][INFO] - Starting to call Test Case 'Test Cases/Sayfalar/Giris_Sayfasi/Login'

2021-11-18 12:03:14 - [TEST_CASE][PASSED] - Test Cases/Sayfalar/Giris_Sayfasi/Login: Test Cases/Sayfalar/Giris_Sayfasi/Login

2021-11-18 12:03:14 - [TEST_STEP][PASSED] - Sayfa_Basligi = getWindowTitle(): Current window's title is: 'LOGO e-Fatura'

2021-11-18 12:03:14 - [MESSAGE][INFO] - Getting current window's title

2021-11-18 12:03:14 - [MESSAGE][PASSED] - Current window's title is: 'LOGO e-Fatura'

2021-11-18 12:03:14 - [TEST_STEP][PASSED] - verifyMatch(Sayfa_Basligi, "LOGO e-Fatura", false): Actual text 'LOGO e-Fatura' and expected text 'LOGO e-Fatura' are matched 

2021-11-18 12:03:14 - [MESSAGE][INFO] - Matching actual text 'LOGO e-Fatura' with expected text 'LOGO e-Fatura'

2021-11-18 12:03:14 - [MESSAGE][PASSED] - Actual text 'LOGO e-Fatura' and expected text 'LOGO e-Fatura' are matched 

2021-11-18 12:03:14 - [TEST_STEP][PASSED] - sendKeys(findTestObject("Sayfalar/Giris_Sayfasi/Firma_Kodu"), KullaniciAdi): Keys 'EARISTISNA' sent to object: 'Object Repository/Sayfalar/Giris_Sayfasi/Firma_Kodu'

2021-11-18 12:03:14 - [MESSAGE][INFO] - Finding Test Object 'Object Repository/Sayfalar/Giris_Sayfasi/Firma_Kodu'

2021-11-18 12:03:14 - [MESSAGE][INFO] - Sending keys 'EARISTISNA' to object: 'Object Repository/Sayfalar/Giris_Sayfasi/Firma_Kodu'

2021-11-18 12:03:14 - [MESSAGE][INFO] - Finding web element from Test Object's properties

2021-11-18 12:03:14 - [MESSAGE][INFO] - Checking timeout

2021-11-18 12:03:14 - [MESSAGE][INFO] - Finding web element with id: 'Object Repository/Sayfalar/Giris_Sayfasi/Firma_Kodu' located by 'By.xpath: //*[@id = 'AccountName']' in '30' second(s)

2021-11-18 12:03:14 - [MESSAGE][INFO] - Smart Wait Function is triggered

2021-11-18 12:03:15 - [MESSAGE][INFO] - Found 1 web elements with id: 'Object Repository/Sayfalar/Giris_Sayfasi/Firma_Kodu' located by 'By.xpath: //*[@id = 'AccountName']' in '30' second(s)

2021-11-18 12:03:15 - [MESSAGE][PASSED] - Keys 'EARISTISNA' sent to object: 'Object Repository/Sayfalar/Giris_Sayfasi/Firma_Kodu'

2021-11-18 12:03:15 - [TEST_STEP][PASSED] - sendKeys(findTestObject("Sayfalar/Giris_Sayfasi/Sifre"), Sifre): Keys 'test1234' sent to object: 'Object Repository/Sayfalar/Giris_Sayfasi/Sifre'

2021-11-18 12:03:15 - [MESSAGE][INFO] - Finding Test Object 'Object Repository/Sayfalar/Giris_Sayfasi/Sifre'

2021-11-18 12:03:15 - [MESSAGE][INFO] - Sending keys 'test1234' to object: 'Object Repository/Sayfalar/Giris_Sayfasi/Sifre'

2021-11-18 12:03:15 - [MESSAGE][INFO] - Finding web element from Test Object's properties

2021-11-18 12:03:15 - [MESSAGE][INFO] - Checking timeout

2021-11-18 12:03:15 - [MESSAGE][INFO] - Finding web element with id: 'Object Repository/Sayfalar/Giris_Sayfasi/Sifre' located by 'By.xpath: //*[@id = 'Password']' in '30' second(s)

2021-11-18 12:03:15 - [MESSAGE][INFO] - Smart Wait Function is triggered

2021-11-18 12:03:15 - [MESSAGE][INFO] - Found 1 web elements with id: 'Object Repository/Sayfalar/Giris_Sayfasi/Sifre' located by 'By.xpath: //*[@id = 'Password']' in '30' second(s)

2021-11-18 12:03:15 - [MESSAGE][PASSED] - Keys 'test1234' sent to object: 'Object Repository/Sayfalar/Giris_Sayfasi/Sifre'

2021-11-18 12:03:15 - [TEST_STEP][PASSED] - findWebElement(findTestObject("Sayfalar/Giris_Sayfasi/Giris_Butonu")).click(): Found 1 web elements with id: 'Object Repository/Sayfalar/Giris_Sayfasi/Giris_Butonu' located by 'By.cssSelector: #btnLogin' in '30' second(s)

2021-11-18 12:03:15 - [MESSAGE][INFO] - Finding Test Object 'Object Repository/Sayfalar/Giris_Sayfasi/Giris_Butonu'

2021-11-18 12:03:15 - [MESSAGE][INFO] - Finding web element from Test Object's properties

2021-11-18 12:03:15 - [MESSAGE][INFO] - Checking timeout

2021-11-18 12:03:15 - [MESSAGE][INFO] - Finding web element with id: 'Object Repository/Sayfalar/Giris_Sayfasi/Giris_Butonu' located by 'By.cssSelector: #btnLogin' in '30' second(s)

2021-11-18 12:03:15 - [MESSAGE][INFO] - Smart Wait Function is triggered

2021-11-18 12:03:15 - [MESSAGE][INFO] - Found 1 web elements with id: 'Object Repository/Sayfalar/Giris_Sayfasi/Giris_Butonu' located by 'By.cssSelector: #btnLogin' in '30' second(s)

2021-11-18 12:03:17 - [TEST_STEP][PASSED] - if (verifyElementPresent(findTestObject("Object Repository/Sayfalar/Giris_Sayfasi/RetveTamam_Butonu"), 5, OPTIONAL)): null

2021-11-18 12:03:17 - [MESSAGE][INFO] - Finding Test Object 'Object Repository/Sayfalar/Giris_Sayfasi/RetveTamam_Butonu'

2021-11-18 12:03:17 - [MESSAGE][INFO] - Checking object

2021-11-18 12:03:17 - [MESSAGE][INFO] - Finding web element from Test Object's properties

2021-11-18 12:03:17 - [MESSAGE][INFO] - Checking timeout

2021-11-18 12:03:17 - [MESSAGE][INFO] - Finding web element with id: 'Object Repository/Sayfalar/Giris_Sayfasi/RetveTamam_Butonu' located by 'By.xpath: //*[@class = 'btn btn-default']' in '5' second(s)

2021-11-18 12:03:17 - [MESSAGE][INFO] - Smart Wait Function is triggered

2021-11-18 12:03:17 - [MESSAGE][INFO] - Found 1 web elements with id: 'Object Repository/Sayfalar/Giris_Sayfasi/RetveTamam_Butonu' located by 'By.xpath: //*[@class = 'btn btn-default']' in '5' second(s)

2021-11-18 12:03:17 - [MESSAGE][PASSED] - Object 'Object Repository/Sayfalar/Giris_Sayfasi/RetveTamam_Butonu' is present

2021-11-18 12:03:17 - [TEST_STEP][PASSED] - click(findTestObject("Object Repository/Sayfalar/Giris_Sayfasi/RetveTamam_Butonu")): Object: 'Object Repository/Sayfalar/Giris_Sayfasi/RetveTamam_Butonu' is clicked on

2021-11-18 12:03:17 - [MESSAGE][INFO] - Finding Test Object 'Object Repository/Sayfalar/Giris_Sayfasi/RetveTamam_Butonu'

2021-11-18 12:03:17 - [MESSAGE][INFO] - Checking object

2021-11-18 12:03:17 - [MESSAGE][INFO] - Finding web element from Test Object's properties

2021-11-18 12:03:17 - [MESSAGE][INFO] - Checking timeout

2021-11-18 12:03:17 - [MESSAGE][INFO] - Finding web element with id: 'Object Repository/Sayfalar/Giris_Sayfasi/RetveTamam_Butonu' located by 'By.xpath: //*[@class = 'btn btn-default']' in '30' second(s)

2021-11-18 12:03:17 - [MESSAGE][INFO] - Smart Wait Function is triggered

2021-11-18 12:03:18 - [MESSAGE][INFO] - Found 1 web elements with id: 'Object Repository/Sayfalar/Giris_Sayfasi/RetveTamam_Butonu' located by 'By.xpath: //*[@class = 'btn btn-default']' in '30' second(s)

2021-11-18 12:03:18 - [MESSAGE][INFO] - Clicking on object: 'Object Repository/Sayfalar/Giris_Sayfasi/RetveTamam_Butonu'

2021-11-18 12:03:18 - [MESSAGE][PASSED] - Object: 'Object Repository/Sayfalar/Giris_Sayfasi/RetveTamam_Butonu' is clicked on

2021-11-18 12:03:18 - [TEST_STEP][PASSED] - click(findTestObject("Object Repository/Sayfalar/Giris_Sayfasi/RetveTamam_Butonu")): Object: 'Object Repository/Sayfalar/Giris_Sayfasi/RetveTamam_Butonu' is clicked on

2021-11-18 12:03:18 - [MESSAGE][INFO] - Finding Test Object 'Object Repository/Sayfalar/Giris_Sayfasi/RetveTamam_Butonu'

2021-11-18 12:03:18 - [MESSAGE][INFO] - Checking object

2021-11-18 12:03:18 - [MESSAGE][INFO] - Finding web element from Test Object's properties

2021-11-18 12:03:18 - [MESSAGE][INFO] - Checking timeout

2021-11-18 12:03:18 - [MESSAGE][INFO] - Finding web element with id: 'Object Repository/Sayfalar/Giris_Sayfasi/RetveTamam_Butonu' located by 'By.xpath: //*[@class = 'btn btn-default']' in '30' second(s)

2021-11-18 12:03:18 - [MESSAGE][INFO] - Smart Wait Function is triggered

2021-11-18 12:03:22 - [MESSAGE][INFO] - Found 1 web elements with id: 'Object Repository/Sayfalar/Giris_Sayfasi/RetveTamam_Butonu' located by 'By.xpath: //*[@class = 'btn btn-default']' in '30' second(s)

2021-11-18 12:03:22 - [MESSAGE][INFO] - Clicking on object: 'Object Repository/Sayfalar/Giris_Sayfasi/RetveTamam_Butonu'

2021-11-18 12:03:22 - [MESSAGE][PASSED] - Object: 'Object Repository/Sayfalar/Giris_Sayfasi/RetveTamam_Butonu' is clicked on

2021-11-18 12:03:22 - [TEST_STEP][PASSED] - if (verifyElementPresent(findTestObject("Sayfalar/Giris_Sayfasi/PopupOK"), 5, OPTIONAL)): com.kms.katalon.core.webui.exception.WebElementNotFoundException: Web element with id: 'Object Repository/Sayfalar/Giris_Sayfasi/PopupOK' located by '.btn.btn-success' not found (Root cause: com.kms.katalon.core.exception.StepFailedException: com.kms.katalon.core.webui.exception.WebElementNotFoundException: Web element with id: 'Object Repository/Sayfalar/Giris_Sayfasi/PopupOK' located by '.btn.btn-success' not found
	at com.kms.katalon.core.webui.keyword.internal.WebUIKeywordMain.stepFailed(WebUIKeywordMain.groovy:64)
	at com.kms.katalon.core.webui.keyword.builtin.VerifyElementPresentKeyword$_verifyElementPresent_closure1.doCall(VerifyElementPresentKeyword.groovy:85)
	at com.kms.katalon.core.webui.keyword.builtin.VerifyElementPresentKeyword$_verifyElementPresent_closure1.call(VerifyElementPresentKeyword.groovy)
	at com.kms.katalon.core.webui.keyword.internal.WebUIKeywordMain.runKeyword(WebUIKeywordMain.groovy:20)
	at com.kms.katalon.core.webui.keyword.builtin.VerifyElementPresentKeyword.verifyElementPresent(VerifyElementPresentKeyword.groovy:92)
	at com.kms.katalon.core.webui.keyword.builtin.VerifyElementPresentKeyword.execute(VerifyElementPresentKeyword.groovy:68)
	at com.kms.katalon.core.keyword.internal.KeywordExecutor.executeKeywordForPlatform(KeywordExecutor.groovy:73)
	at com.kms.katalon.core.webui.keyword.WebUiBuiltInKeywords.verifyElementPresent(WebUiBuiltInKeywords.groovy:1448)
	at com.kms.katalon.core.webui.keyword.WebUiBuiltInKeywords$verifyElementPresent$4.call(Unknown Source)
	at Login.run(Login:40)
	at com.kms.katalon.core.main.ScriptEngine.run(ScriptEngine.java:194)
	at com.kms.katalon.core.main.ScriptEngine.runScriptAsRawText(ScriptEngine.java:119)
	at com.kms.katalon.core.main.TestCaseExecutor.runScript(TestCaseExecutor.java:369)
	at com.kms.katalon.core.main.TestCaseExecutor.doExecute(TestCaseExecutor.java:360)
	at com.kms.katalon.core.main.TestCaseExecutor.processExecutionPhase(TestCaseExecutor.java:339)
	at com.kms.katalon.core.main.TestCaseExecutor.accessMainPhase(TestCaseExecutor.java:331)
	at com.kms.katalon.core.main.TestCaseExecutor.execute(TestCaseExecutor.java:248)
	at com.kms.katalon.core.main.TestCaseMain.runTestCase(TestCaseMain.java:138)
	at com.kms.katalon.core.keyword.builtin.CallTestCaseKeyword$_callTestCase_closure1.doCall(CallTestCaseKeyword.groovy:59)
	at com.kms.katalon.core.keyword.builtin.CallTestCaseKeyword$_callTestCase_closure1.call(CallTestCaseKeyword.groovy)
	at com.kms.katalon.core.keyword.internal.KeywordMain.runKeyword(KeywordMain.groovy:68)
	at com.kms.katalon.core.keyword.builtin.CallTestCaseKeyword.callTestCase(CallTestCaseKeyword.groovy:81)
	at com.kms.katalon.core.keyword.builtin.CallTestCaseKeyword.execute(CallTestCaseKeyword.groovy:44)
	at com.kms.katalon.core.keyword.internal.KeywordExecutor.executeKeywordForPlatform(KeywordExecutor.groovy:73)
	at com.kms.katalon.core.keyword.BuiltinKeywords.callTestCase(BuiltinKeywords.groovy:334)
	at sayfalar.girisSayfasi.login(girisSayfasi.groovy:50)
	at cucumber.runtime.Utils$1.call(Utils.java:26)
	at cucumber.runtime.Timeout.timeout(Timeout.java:16)
	at cucumber.runtime.Utils.invoke(Utils.java:20)
	at cucumber.runtime.java.JavaStepDefinition.execute(JavaStepDefinition.java:49)
	at cucumber.runner.PickleStepDefinitionMatch.runStep(PickleStepDefinitionMatch.java:50)
	at cucumber.runner.TestStep.executeStep(TestStep.java:63)
	at cucumber.runner.TestStep.run(TestStep.java:49)
	at cucumber.runner.PickleStepTestStep.run(PickleStepTestStep.java:43)
	at cucumber.runner.TestCase.run(TestCase.java:44)
	at cucumber.runner.Runner.runPickle(Runner.java:40)
	at cucumber.runtime.Runtime$1.run(Runtime.java:84)
	at cucumber.runtime.Runtime$SameThreadExecutorService.execute(Runtime.java:220)
	at cucumber.runtime.Runtime.run(Runtime.java:81)
	at cucumber.api.cli.Main.run(Main.java:26)
	at cucumber.api.cli.Main$run.call(Unknown Source)
	at com.kms.katalon.core.cucumber.keyword.CucumberBuiltinKeywords$_runFeatureFile_closure1.doCall(CucumberBuiltinKeywords.groovy:106)
	at com.kms.katalon.core.cucumber.keyword.CucumberBuiltinKeywords$_runFeatureFile_closure1.doCall(CucumberBuiltinKeywords.groovy)
	at com.kms.katalon.core.keyword.internal.KeywordMain.runKeyword(KeywordMain.groovy:68)
	at com.kms.katalon.core.keyword.internal.KeywordMain$runKeyword.call(Unknown Source)
	at com.kms.katalon.core.cucumber.keyword.CucumberBuiltinKeywords.runFeatureFile(CucumberBuiltinKeywords.groovy:73)
	at com.kms.katalon.core.cucumber.keyword.CucumberBuiltinKeywords$runFeatureFile$0.callStatic(Unknown Source)
	at com.kms.katalon.core.cucumber.keyword.CucumberBuiltinKeywords.runFeatureFile(CucumberBuiltinKeywords.groovy:246)
	at com.kms.katalon.core.cucumber.keyword.CucumberBuiltinKeywords$runFeatureFile.call(Unknown Source)
	at VKN-Elektronik-Istisna.run(VKN-Elektronik-Istisna:19)
	at com.kms.katalon.core.main.ScriptEngine.run(ScriptEngine.java:194)
	at com.kms.katalon.core.main.ScriptEngine.runScriptAsRawText(ScriptEngine.java:119)
	at com.kms.katalon.core.main.TestCaseExecutor.runScript(TestCaseExecutor.java:369)
	at com.kms.katalon.core.main.TestCaseExecutor.doExecute(TestCaseExecutor.java:360)
	at com.kms.katalon.core.main.TestCaseExecutor.processExecutionPhase(TestCaseExecutor.java:339)
	at com.kms.katalon.core.main.TestCaseExecutor.accessMainPhase(TestCaseExecutor.java:331)
	at com.kms.katalon.core.main.TestCaseExecutor.execute(TestCaseExecutor.java:248)
	at com.kms.katalon.core.main.TestSuiteExecutor.accessTestCaseMainPhase(TestSuiteExecutor.java:191)
	at com.kms.katalon.core.main.TestSuiteExecutor.accessTestSuiteMainPhase(TestSuiteExecutor.java:140)
	at com.kms.katalon.core.main.TestSuiteExecutor.execute(TestSuiteExecutor.java:89)
	at com.kms.katalon.core.main.TestCaseMain.startTestSuite(TestCaseMain.java:181)
	at com.kms.katalon.core.main.TestCaseMain$startTestSuite$0.call(Unknown Source)
	at TempTestSuite1637225344330.run(TempTestSuite1637225344330.groovy:39)
)

2021-11-18 12:03:22 - [MESSAGE][INFO] - Finding Test Object 'Object Repository/Sayfalar/Giris_Sayfasi/PopupOK'

2021-11-18 12:03:22 - [MESSAGE][INFO] - Checking object

2021-11-18 12:03:22 - [MESSAGE][INFO] - Finding web element from Test Object's properties

2021-11-18 12:03:22 - [MESSAGE][INFO] - Checking timeout

2021-11-18 12:03:22 - [MESSAGE][INFO] - Finding web element with id: 'Object Repository/Sayfalar/Giris_Sayfasi/PopupOK' located by 'By.cssSelector: .btn.btn-success' in '5' second(s)

2021-11-18 12:03:22 - [MESSAGE][INFO] - Smart Wait Function is triggered

2021-11-18 12:03:23 - [MESSAGE][INFO] - Smart Wait Function is triggered

2021-11-18 12:03:23 - [MESSAGE][INFO] - Smart Wait Function is triggered

2021-11-18 12:03:23 - [MESSAGE][INFO] - Smart Wait Function is triggered

2021-11-18 12:03:23 - [MESSAGE][INFO] - Smart Wait Function is triggered

2021-11-18 12:03:24 - [MESSAGE][INFO] - Smart Wait Function is triggered

2021-11-18 12:03:24 - [MESSAGE][INFO] - Smart Wait Function is triggered

2021-11-18 12:03:24 - [MESSAGE][INFO] - Smart Wait Function is triggered

2021-11-18 12:03:25 - [MESSAGE][INFO] - Smart Wait Function is triggered

2021-11-18 12:03:25 - [MESSAGE][INFO] - Smart Wait Function is triggered

2021-11-18 12:03:25 - [MESSAGE][INFO] - Smart Wait Function is triggered

2021-11-18 12:03:25 - [MESSAGE][INFO] - Smart Wait Function is triggered

2021-11-18 12:03:26 - [MESSAGE][INFO] - Smart Wait Function is triggered

2021-11-18 12:03:26 - [MESSAGE][INFO] - Smart Wait Function is triggered

2021-11-18 12:03:26 - [MESSAGE][INFO] - Smart Wait Function is triggered

2021-11-18 12:03:26 - [MESSAGE][INFO] - Smart Wait Function is triggered

2021-11-18 12:03:27 - [MESSAGE][INFO] - Smart Wait Function is triggered

2021-11-18 12:03:27 - [MESSAGE][INFO] - Smart Wait Function is triggered

2021-11-18 12:03:27 - [MESSAGE][INFO] - Smart Wait Function is triggered

2021-11-18 12:03:28 - [MESSAGE][INFO] - Smart Wait Function is triggered

2021-11-18 12:03:28 - [MESSAGE][INFO] - Smart Wait Function is triggered

2021-11-18 12:03:28 - [MESSAGE][INFO] - Unable to find the element located by 'By.cssSelector: .btn.btn-success'. Please recheck the objects properties to make sure the desired element is located. 

2021-11-18 12:03:28 - [MESSAGE][WARNING] - com.kms.katalon.core.webui.exception.WebElementNotFoundException: Web element with id: 'Object Repository/Sayfalar/Giris_Sayfasi/PopupOK' located by '.btn.btn-success' not found (Root cause: com.kms.katalon.core.exception.StepFailedException: com.kms.katalon.core.webui.exception.WebElementNotFoundException: Web element with id: 'Object Repository/Sayfalar/Giris_Sayfasi/PopupOK' located by '.btn.btn-success' not found
	at com.kms.katalon.core.webui.keyword.internal.WebUIKeywordMain.stepFailed(WebUIKeywordMain.groovy:64)
	at com.kms.katalon.core.webui.keyword.builtin.VerifyElementPresentKeyword$_verifyElementPresent_closure1.doCall(VerifyElementPresentKeyword.groovy:85)
	at com.kms.katalon.core.webui.keyword.builtin.VerifyElementPresentKeyword$_verifyElementPresent_closure1.call(VerifyElementPresentKeyword.groovy)
	at com.kms.katalon.core.webui.keyword.internal.WebUIKeywordMain.runKeyword(WebUIKeywordMain.groovy:20)
	at com.kms.katalon.core.webui.keyword.builtin.VerifyElementPresentKeyword.verifyElementPresent(VerifyElementPresentKeyword.groovy:92)
	at com.kms.katalon.core.webui.keyword.builtin.VerifyElementPresentKeyword.execute(VerifyElementPresentKeyword.groovy:68)
	at com.kms.katalon.core.keyword.internal.KeywordExecutor.executeKeywordForPlatform(KeywordExecutor.groovy:73)
	at com.kms.katalon.core.webui.keyword.WebUiBuiltInKeywords.verifyElementPresent(WebUiBuiltInKeywords.groovy:1448)
	at com.kms.katalon.core.webui.keyword.WebUiBuiltInKeywords$verifyElementPresent$4.call(Unknown Source)
	at Login.run(Login:40)
	at com.kms.katalon.core.main.ScriptEngine.run(ScriptEngine.java:194)
	at com.kms.katalon.core.main.ScriptEngine.runScriptAsRawText(ScriptEngine.java:119)
	at com.kms.katalon.core.main.TestCaseExecutor.runScript(TestCaseExecutor.java:369)
	at com.kms.katalon.core.main.TestCaseExecutor.doExecute(TestCaseExecutor.java:360)
	at com.kms.katalon.core.main.TestCaseExecutor.processExecutionPhase(TestCaseExecutor.java:339)
	at com.kms.katalon.core.main.TestCaseExecutor.accessMainPhase(TestCaseExecutor.java:331)
	at com.kms.katalon.core.main.TestCaseExecutor.execute(TestCaseExecutor.java:248)
	at com.kms.katalon.core.main.TestCaseMain.runTestCase(TestCaseMain.java:138)
	at com.kms.katalon.core.keyword.builtin.CallTestCaseKeyword$_callTestCase_closure1.doCall(CallTestCaseKeyword.groovy:59)
	at com.kms.katalon.core.keyword.builtin.CallTestCaseKeyword$_callTestCase_closure1.call(CallTestCaseKeyword.groovy)
	at com.kms.katalon.core.keyword.internal.KeywordMain.runKeyword(KeywordMain.groovy:68)
	at com.kms.katalon.core.keyword.builtin.CallTestCaseKeyword.callTestCase(CallTestCaseKeyword.groovy:81)
	at com.kms.katalon.core.keyword.builtin.CallTestCaseKeyword.execute(CallTestCaseKeyword.groovy:44)
	at com.kms.katalon.core.keyword.internal.KeywordExecutor.executeKeywordForPlatform(KeywordExecutor.groovy:73)
	at com.kms.katalon.core.keyword.BuiltinKeywords.callTestCase(BuiltinKeywords.groovy:334)
	at sayfalar.girisSayfasi.login(girisSayfasi.groovy:50)
	at cucumber.runtime.Utils$1.call(Utils.java:26)
	at cucumber.runtime.Timeout.timeout(Timeout.java:16)
	at cucumber.runtime.Utils.invoke(Utils.java:20)
	at cucumber.runtime.java.JavaStepDefinition.execute(JavaStepDefinition.java:49)
	at cucumber.runner.PickleStepDefinitionMatch.runStep(PickleStepDefinitionMatch.java:50)
	at cucumber.runner.TestStep.executeStep(TestStep.java:63)
	at cucumber.runner.TestStep.run(TestStep.java:49)
	at cucumber.runner.PickleStepTestStep.run(PickleStepTestStep.java:43)
	at cucumber.runner.TestCase.run(TestCase.java:44)
	at cucumber.runner.Runner.runPickle(Runner.java:40)
	at cucumber.runtime.Runtime$1.run(Runtime.java:84)
	at cucumber.runtime.Runtime$SameThreadExecutorService.execute(Runtime.java:220)
	at cucumber.runtime.Runtime.run(Runtime.java:81)
	at cucumber.api.cli.Main.run(Main.java:26)
	at cucumber.api.cli.Main$run.call(Unknown Source)
	at com.kms.katalon.core.cucumber.keyword.CucumberBuiltinKeywords$_runFeatureFile_closure1.doCall(CucumberBuiltinKeywords.groovy:106)
	at com.kms.katalon.core.cucumber.keyword.CucumberBuiltinKeywords$_runFeatureFile_closure1.doCall(CucumberBuiltinKeywords.groovy)
	at com.kms.katalon.core.keyword.internal.KeywordMain.runKeyword(KeywordMain.groovy:68)
	at com.kms.katalon.core.keyword.internal.KeywordMain$runKeyword.call(Unknown Source)
	at com.kms.katalon.core.cucumber.keyword.CucumberBuiltinKeywords.runFeatureFile(CucumberBuiltinKeywords.groovy:73)
	at com.kms.katalon.core.cucumber.keyword.CucumberBuiltinKeywords$runFeatureFile$0.callStatic(Unknown Source)
	at com.kms.katalon.core.cucumber.keyword.CucumberBuiltinKeywords.runFeatureFile(CucumberBuiltinKeywords.groovy:246)
	at com.kms.katalon.core.cucumber.keyword.CucumberBuiltinKeywords$runFeatureFile.call(Unknown Source)
	at VKN-Elektronik-Istisna.run(VKN-Elektronik-Istisna:19)
	at com.kms.katalon.core.main.ScriptEngine.run(ScriptEngine.java:194)
	at com.kms.katalon.core.main.ScriptEngine.runScriptAsRawText(ScriptEngine.java:119)
	at com.kms.katalon.core.main.TestCaseExecutor.runScript(TestCaseExecutor.java:369)
	at com.kms.katalon.core.main.TestCaseExecutor.doExecute(TestCaseExecutor.java:360)
	at com.kms.katalon.core.main.TestCaseExecutor.processExecutionPhase(TestCaseExecutor.java:339)
	at com.kms.katalon.core.main.TestCaseExecutor.accessMainPhase(TestCaseExecutor.java:331)
	at com.kms.katalon.core.main.TestCaseExecutor.execute(TestCaseExecutor.java:248)
	at com.kms.katalon.core.main.TestSuiteExecutor.accessTestCaseMainPhase(TestSuiteExecutor.java:191)
	at com.kms.katalon.core.main.TestSuiteExecutor.accessTestSuiteMainPhase(TestSuiteExecutor.java:140)
	at com.kms.katalon.core.main.TestSuiteExecutor.execute(TestSuiteExecutor.java:89)
	at com.kms.katalon.core.main.TestCaseMain.startTestSuite(TestCaseMain.java:181)
	at com.kms.katalon.core.main.TestCaseMain$startTestSuite$0.call(Unknown Source)
	at TempTestSuite1637225344330.run(TempTestSuite1637225344330.groovy:39)
)

2021-11-18 12:03:28 - [TEST_STEP][PASSED] - verifyElementVisible(findTestObject("Object Repository/Kullanici_Islemleri/KullaniciIslemleri")): Object 'Object Repository/Kullanici_Islemleri/KullaniciIslemleri' is visible

2021-11-18 12:03:28 - [MESSAGE][INFO] - Finding Test Object 'Object Repository/Kullanici_Islemleri/KullaniciIslemleri'

2021-11-18 12:03:28 - [MESSAGE][INFO] - Checking object

2021-11-18 12:03:28 - [MESSAGE][INFO] - Finding web element from Test Object's properties

2021-11-18 12:03:28 - [MESSAGE][INFO] - Checking timeout

2021-11-18 12:03:28 - [MESSAGE][INFO] - Finding web element with id: 'Object Repository/Kullanici_Islemleri/KullaniciIslemleri' located by 'By.cssSelector: .dropdown>a>img' in '30' second(s)

2021-11-18 12:03:28 - [MESSAGE][INFO] - Smart Wait Function is triggered

2021-11-18 12:03:28 - [MESSAGE][INFO] - Found 1 web elements with id: 'Object Repository/Kullanici_Islemleri/KullaniciIslemleri' located by 'By.cssSelector: .dropdown>a>img' in '30' second(s)

2021-11-18 12:03:28 - [MESSAGE][PASSED] - Object 'Object Repository/Kullanici_Islemleri/KullaniciIslemleri' is visible

2021-11-18 12:03:28 - [MESSAGE][PASSED] - Call Test Case 'Test Cases/Sayfalar/Giris_Sayfasi/Login' successfully

2021-11-18 12:03:28 - [MESSAGE][INFO] - Checking called Test Case

2021-11-18 12:03:28 - [MESSAGE][INFO] - Starting to call Test Case 'Test Cases/Menu/AnaMenuSecimi'

2021-11-18 12:03:29 - [TEST_CASE][PASSED] - Test Cases/Menu/AnaMenuSecimi: Test Cases/Menu/AnaMenuSecimi

2021-11-18 12:03:29 - [TEST_STEP][PASSED] - Method.TextDegerineEsitElementeTikla(findTestObject("Menu/Ana_Menu"), Ana_Menu): Method.TextDegerineEsitElementeTikla is PASSED

2021-11-18 12:03:29 - [MESSAGE][INFO] - Finding Test Object 'Object Repository/Menu/Ana_Menu'

2021-11-18 12:03:29 - [MESSAGE][INFO] - Checking timeout

2021-11-18 12:03:29 - [MESSAGE][INFO] - Finding web element with id: 'Object Repository/Menu/Ana_Menu' located by 'By.xpath: //*[@class = 'dropdown-toggle']' in '10' second(s)

2021-11-18 12:03:29 - [MESSAGE][INFO] - Smart Wait Function is triggered

2021-11-18 12:03:29 - [MESSAGE][INFO] - Found 14 web elements with id: 'Object Repository/Menu/Ana_Menu' located by 'By.xpath: //*[@class = 'dropdown-toggle']' in '10' second(s)

2021-11-18 12:03:29 - [MESSAGE][PASSED] - Method.TextDegerineEsitElementeTikla is PASSED

2021-11-18 12:03:29 - [MESSAGE][PASSED] - Call Test Case 'Test Cases/Menu/AnaMenuSecimi' successfully

2021-11-18 12:03:29 - [MESSAGE][INFO] - Checking called Test Case

2021-11-18 12:03:29 - [MESSAGE][INFO] - Starting to call Test Case 'Test Cases/Menu/BasligaGoreAltMenuSecimi'

2021-11-18 12:03:29 - [TEST_CASE][PASSED] - Test Cases/Menu/BasligaGoreAltMenuSecimi: Test Cases/Menu/BasligaGoreAltMenuSecimi

2021-11-18 12:03:29 - [TEST_STEP][PASSED] - Method.TextDegerineEsitElementinAltindakiTextDegerineEsitOlanaTikla(findTestObject("Menu/Menu_Basligi"), findTestObject("Menu/Basliga_Gore_Alt_Menu"), Baslik, Alt_Menu): Method.TextDegerineEsitElementinAltindakiTextDegerineEsitOlanaTikla is PASSED

2021-11-18 12:03:29 - [MESSAGE][INFO] - Finding Test Object 'Object Repository/Menu/Menu_Basligi'

2021-11-18 12:03:29 - [MESSAGE][INFO] - Finding Test Object 'Object Repository/Menu/Basliga_Gore_Alt_Menu'

2021-11-18 12:03:29 - [MESSAGE][INFO] - Checking timeout

2021-11-18 12:03:29 - [MESSAGE][INFO] - Finding web element with id: 'Object Repository/Menu/Menu_Basligi' located by 'By.xpath: //li[@class='dropdown dropdown-large open']//li[@class='dropdown-header']' in '10' second(s)

2021-11-18 12:03:29 - [MESSAGE][INFO] - Smart Wait Function is triggered

2021-11-18 12:03:29 - [MESSAGE][INFO] - Found 2 web elements with id: 'Object Repository/Menu/Menu_Basligi' located by 'By.xpath: //li[@class='dropdown dropdown-large open']//li[@class='dropdown-header']' in '10' second(s)

2021-11-18 12:03:29 - [MESSAGE][INFO] - Smart Wait Function is triggered

2021-11-18 12:03:32 - [MESSAGE][PASSED] - Method.TextDegerineEsitElementinAltindakiTextDegerineEsitOlanaTikla is PASSED

2021-11-18 12:03:32 - [MESSAGE][PASSED] - Call Test Case 'Test Cases/Menu/BasligaGoreAltMenuSecimi' successfully

2021-11-18 12:03:32 - [MESSAGE][INFO] - Checking called Test Case

2021-11-18 12:03:32 - [MESSAGE][INFO] - Starting to call Test Case 'Test Cases/Tablo/Olusturma Tarihi'

2021-11-18 12:03:32 - [TEST_CASE][PASSED] - Test Cases/Tablo/Olusturma Tarihi: Test Cases/Tablo/Olusturma Tarihi

2021-11-18 12:03:32 - [TEST_STEP][PASSED] - if (verifyTextNotPresent("Görüntülenecek veri yok", true, OPTIONAL)): null

2021-11-18 12:03:32 - [MESSAGE][INFO] - Checking text present  using regular expression

2021-11-18 12:03:32 - [MESSAGE][INFO] - Smart Wait Function is triggered

2021-11-18 12:03:32 - [MESSAGE][INFO] - Finding text 'Görüntülenecek veri yok' on page  using regular expression

2021-11-18 12:03:32 - [MESSAGE][PASSED] - Text 'Görüntülenecek veri yok' is not present on page using regular expression

2021-11-18 12:03:32 - [TEST_STEP][PASSED] - click(findTestObject("Temizle/Olusturma_Tarihi_CheckBox")): Object: 'Object Repository/Temizle/Olusturma_Tarihi_CheckBox' is clicked on

2021-11-18 12:03:32 - [MESSAGE][INFO] - Finding Test Object 'Object Repository/Temizle/Olusturma_Tarihi_CheckBox'

2021-11-18 12:03:32 - [MESSAGE][INFO] - Checking object

2021-11-18 12:03:32 - [MESSAGE][INFO] - Finding web element from Test Object's properties

2021-11-18 12:03:32 - [MESSAGE][INFO] - Checking timeout

2021-11-18 12:03:32 - [MESSAGE][INFO] - Finding web element with id: 'Object Repository/Temizle/Olusturma_Tarihi_CheckBox' located by 'By.xpath: //*[@title = 'Bu sayfadaki tüm satırları Seç']' in '30' second(s)

2021-11-18 12:03:32 - [MESSAGE][INFO] - Smart Wait Function is triggered

2021-11-18 12:03:33 - [MESSAGE][INFO] - Found 1 web elements with id: 'Object Repository/Temizle/Olusturma_Tarihi_CheckBox' located by 'By.xpath: //*[@title = 'Bu sayfadaki tüm satırları Seç']' in '30' second(s)

2021-11-18 12:03:33 - [MESSAGE][INFO] - Clicking on object: 'Object Repository/Temizle/Olusturma_Tarihi_CheckBox'

2021-11-18 12:03:33 - [MESSAGE][PASSED] - Object: 'Object Repository/Temizle/Olusturma_Tarihi_CheckBox' is clicked on

2021-11-18 12:03:33 - [TEST_STEP][PASSED] - Method.TextDegerineEsitElementeTiklaEquals(findTestObject("Butonlar/Butonlar"), "Sil"): Method.TextDegerineEsitElementeTiklaEquals is PASSED

2021-11-18 12:03:33 - [MESSAGE][INFO] - Finding Test Object 'Object Repository/Butonlar/Butonlar'

2021-11-18 12:03:33 - [MESSAGE][INFO] - Checking timeout

2021-11-18 12:03:33 - [MESSAGE][INFO] - Finding web element with id: 'Object Repository/Butonlar/Butonlar' located by 'By.cssSelector: .panel.panel-default.text-center.footerPanel .btn,.btn.btn-primary.btnControls' in '10' second(s)

2021-11-18 12:03:33 - [MESSAGE][INFO] - Smart Wait Function is triggered

2021-11-18 12:03:33 - [MESSAGE][INFO] - Found 9 web elements with id: 'Object Repository/Butonlar/Butonlar' located by 'By.cssSelector: .panel.panel-default.text-center.footerPanel .btn,.btn.btn-primary.btnControls' in '10' second(s)

2021-11-18 12:03:33 - [MESSAGE][PASSED] - Method.TextDegerineEsitElementeTiklaEquals is PASSED

2021-11-18 12:03:33 - [TEST_STEP][PASSED] - Method.TextDegerineEsitElementeTikla(findTestObject("Popup/Popup_Butons"), "Evet"): Method.TextDegerineEsitElementeTikla is PASSED

2021-11-18 12:03:33 - [MESSAGE][INFO] - Finding Test Object 'Object Repository/Popup/Popup_Butons'

2021-11-18 12:03:33 - [MESSAGE][INFO] - Checking timeout

2021-11-18 12:03:33 - [MESSAGE][INFO] - Finding web element with id: 'Object Repository/Popup/Popup_Butons' located by 'By.cssSelector: .modal-footer>button' in '10' second(s)

2021-11-18 12:03:33 - [MESSAGE][INFO] - Smart Wait Function is triggered

2021-11-18 12:03:34 - [MESSAGE][INFO] - Found 2 web elements with id: 'Object Repository/Popup/Popup_Butons' located by 'By.cssSelector: .modal-footer>button' in '10' second(s)

2021-11-18 12:03:34 - [MESSAGE][PASSED] - Method.TextDegerineEsitElementeTikla is PASSED

2021-11-18 12:03:34 - [TEST_STEP][PASSED] - Method.TextDegerineEsitElementeTikla(findTestObject("Popup/Popup_Butons"), "Tamam"): Method.TextDegerineEsitElementeTikla is PASSED

2021-11-18 12:03:34 - [MESSAGE][INFO] - Finding Test Object 'Object Repository/Popup/Popup_Butons'

2021-11-18 12:03:34 - [MESSAGE][INFO] - Checking timeout

2021-11-18 12:03:34 - [MESSAGE][INFO] - Finding web element with id: 'Object Repository/Popup/Popup_Butons' located by 'By.cssSelector: .modal-footer>button' in '10' second(s)

2021-11-18 12:03:34 - [MESSAGE][INFO] - Smart Wait Function is triggered

2021-11-18 12:03:35 - [MESSAGE][INFO] - Found 1 web elements with id: 'Object Repository/Popup/Popup_Butons' located by 'By.cssSelector: .modal-footer>button' in '10' second(s)

2021-11-18 12:03:35 - [MESSAGE][PASSED] - Method.TextDegerineEsitElementeTikla is PASSED

2021-11-18 12:03:35 - [MESSAGE][PASSED] - Call Test Case 'Test Cases/Tablo/Olusturma Tarihi' successfully

2021-11-18 12:03:35 - [MESSAGE][INFO] - Checking called Test Case

2021-11-18 12:03:35 - [MESSAGE][INFO] - Starting to call Test Case 'Test Cases/Butonlar/ButonaTikla'

2021-11-18 12:03:35 - [TEST_CASE][PASSED] - Test Cases/Butonlar/ButonaTikla: Test Cases/Butonlar/ButonaTikla

2021-11-18 12:03:35 - [TEST_STEP][PASSED] - Method.TextDegerineEsitElementeTiklaEquals(findTestObject("Butonlar/Butonlar"), Buton_Adi): Method.TextDegerineEsitElementeTiklaEquals is PASSED

2021-11-18 12:03:35 - [MESSAGE][INFO] - Finding Test Object 'Object Repository/Butonlar/Butonlar'

2021-11-18 12:03:35 - [MESSAGE][INFO] - Checking timeout

2021-11-18 12:03:35 - [MESSAGE][INFO] - Finding web element with id: 'Object Repository/Butonlar/Butonlar' located by 'By.cssSelector: .panel.panel-default.text-center.footerPanel .btn,.btn.btn-primary.btnControls' in '10' second(s)

2021-11-18 12:03:35 - [MESSAGE][INFO] - Smart Wait Function is triggered

2021-11-18 12:03:36 - [MESSAGE][INFO] - Found 9 web elements with id: 'Object Repository/Butonlar/Butonlar' located by 'By.cssSelector: .panel.panel-default.text-center.footerPanel .btn,.btn.btn-primary.btnControls' in '10' second(s)

2021-11-18 12:03:36 - [MESSAGE][PASSED] - Method.TextDegerineEsitElementeTiklaEquals is PASSED

2021-11-18 12:03:36 - [MESSAGE][PASSED] - Call Test Case 'Test Cases/Butonlar/ButonaTikla' successfully

2021-11-18 12:03:36 - [MESSAGE][INFO] - Checking called Test Case

2021-11-18 12:03:36 - [MESSAGE][INFO] - Starting to call Test Case 'Test Cases/Olusturma/Genel/GorselTasarimSayfasıBasligiIceriyorMu'

2021-11-18 12:03:36 - [TEST_CASE][PASSED] - Test Cases/Olusturma/Genel/GorselTasarimSayfasıBasligiIceriyorMu: Test Cases/Olusturma/Genel/GorselTasarimSayfasıBasligiIceriyorMu

2021-11-18 12:03:36 - [TEST_STEP][PASSED] - verifyElementText(findTestObject("Object Repository/Olusturma/Genel/GorselTasarimBaslik"), Baslik): Actual text and expected text of test object 'Object Repository/Olusturma/Genel/GorselTasarimBaslik' are matched.

2021-11-18 12:03:36 - [MESSAGE][INFO] - Finding Test Object 'Object Repository/Olusturma/Genel/GorselTasarimBaslik'

2021-11-18 12:03:36 - [MESSAGE][INFO] - Checking object

2021-11-18 12:03:36 - [MESSAGE][INFO] - Finding web element from Test Object's properties

2021-11-18 12:03:36 - [MESSAGE][INFO] - Checking timeout

2021-11-18 12:03:36 - [MESSAGE][INFO] - Finding web element with id: 'Object Repository/Olusturma/Genel/GorselTasarimBaslik' located by 'By.cssSelector: #flAlici_0>div>span' in '30' second(s)

2021-11-18 12:03:36 - [MESSAGE][INFO] - Smart Wait Function is triggered

2021-11-18 12:03:41 - [MESSAGE][INFO] - Found 1 web elements with id: 'Object Repository/Olusturma/Genel/GorselTasarimBaslik' located by 'By.cssSelector: #flAlici_0>div>span' in '30' second(s)

2021-11-18 12:03:41 - [MESSAGE][PASSED] - Actual text and expected text of test object 'Object Repository/Olusturma/Genel/GorselTasarimBaslik' are matched.

2021-11-18 12:03:41 - [MESSAGE][PASSED] - Call Test Case 'Test Cases/Olusturma/Genel/GorselTasarimSayfasıBasligiIceriyorMu' successfully

2021-11-18 12:03:41 - [MESSAGE][INFO] - Checking called Test Case

2021-11-18 12:03:41 - [MESSAGE][INFO] - Starting to call Test Case 'Test Cases/Olusturma/Genel/AliciSecilir'

2021-11-18 12:03:41 - [TEST_CASE][PASSED] - Test Cases/Olusturma/Genel/AliciSecilir: Test Cases/Olusturma/Genel/AliciSecilir

2021-11-18 12:03:41 - [TEST_STEP][PASSED] - click(findTestObject("Olusturma/Genel/AliciBilgisi/Alici_Ara")): Object: 'Object Repository/Olusturma/Genel/AliciBilgisi/Alici_Ara' is clicked on

2021-11-18 12:03:41 - [MESSAGE][INFO] - Finding Test Object 'Object Repository/Olusturma/Genel/AliciBilgisi/Alici_Ara'

2021-11-18 12:03:41 - [MESSAGE][INFO] - Checking object

2021-11-18 12:03:41 - [MESSAGE][INFO] - Finding web element from Test Object's properties

2021-11-18 12:03:41 - [MESSAGE][INFO] - Checking timeout

2021-11-18 12:03:41 - [MESSAGE][INFO] - Finding web element with id: 'Object Repository/Olusturma/Genel/AliciBilgisi/Alici_Ara' located by 'By.xpath: //td[@id='txtCustomerText_B-1']' in '30' second(s)

2021-11-18 12:03:41 - [MESSAGE][INFO] - Smart Wait Function is triggered

2021-11-18 12:03:42 - [MESSAGE][INFO] - Found 1 web elements with id: 'Object Repository/Olusturma/Genel/AliciBilgisi/Alici_Ara' located by 'By.xpath: //td[@id='txtCustomerText_B-1']' in '30' second(s)

2021-11-18 12:03:42 - [MESSAGE][INFO] - Clicking on object: 'Object Repository/Olusturma/Genel/AliciBilgisi/Alici_Ara'

2021-11-18 12:03:42 - [MESSAGE][PASSED] - Object: 'Object Repository/Olusturma/Genel/AliciBilgisi/Alici_Ara' is clicked on

2021-11-18 12:03:42 - [TEST_STEP][PASSED] - click(findTestObject("Olusturma/Genel/AliciBilgisi/Alici_Bilgisi")): Object: 'Object Repository/Olusturma/Genel/AliciBilgisi/Alici_Bilgisi' is clicked on

2021-11-18 12:03:42 - [MESSAGE][INFO] - Finding Test Object 'Object Repository/Olusturma/Genel/AliciBilgisi/Alici_Bilgisi'

2021-11-18 12:03:42 - [MESSAGE][INFO] - Checking object

2021-11-18 12:03:42 - [MESSAGE][INFO] - Finding web element from Test Object's properties

2021-11-18 12:03:42 - [MESSAGE][INFO] - Checking timeout

2021-11-18 12:03:42 - [MESSAGE][INFO] - Finding web element with id: 'Object Repository/Olusturma/Genel/AliciBilgisi/Alici_Bilgisi' located by 'By.xpath: //iframe[@id='customerselectiframe']' in '30' second(s)

2021-11-18 12:03:42 - [MESSAGE][INFO] - Smart Wait Function is triggered

2021-11-18 12:03:42 - [MESSAGE][INFO] - Found 1 web elements with id: 'Object Repository/Olusturma/Genel/AliciBilgisi/Alici_Bilgisi' located by 'By.xpath: //iframe[@id='customerselectiframe']' in '30' second(s)

2021-11-18 12:03:42 - [MESSAGE][INFO] - Clicking on object: 'Object Repository/Olusturma/Genel/AliciBilgisi/Alici_Bilgisi'

2021-11-18 12:03:42 - [MESSAGE][PASSED] - Object: 'Object Repository/Olusturma/Genel/AliciBilgisi/Alici_Bilgisi' is clicked on

2021-11-18 12:03:42 - [TEST_STEP][PASSED] - setText(findTestObject("Olusturma/Genel/AliciBilgisi/Alici_Gir"), Alici_Adi): Switching to default content

2021-11-18 12:03:42 - [MESSAGE][INFO] - Finding Test Object 'Object Repository/Olusturma/Genel/AliciBilgisi/Alici_Gir'

2021-11-18 12:03:42 - [MESSAGE][INFO] - Finding Test Object 'Object Repository/Olusturma/Genel/AliciBilgisi/Alici_Bilgisi'

2021-11-18 12:03:42 - [MESSAGE][INFO] - Checking object

2021-11-18 12:03:42 - [MESSAGE][INFO] - Checking text

2021-11-18 12:03:42 - [MESSAGE][INFO] - Object: 'Object Repository/Olusturma/Genel/AliciBilgisi/Alici_Gir' has parent object(s)

2021-11-18 12:03:42 - [MESSAGE][INFO] - Switching to iframe: 'Object Repository/Olusturma/Genel/AliciBilgisi/Alici_Bilgisi'

2021-11-18 12:03:42 - [MESSAGE][INFO] - Finding web element from Test Object's properties

2021-11-18 12:03:42 - [MESSAGE][INFO] - Checking timeout

2021-11-18 12:03:42 - [MESSAGE][INFO] - Finding web element with id: 'Object Repository/Olusturma/Genel/AliciBilgisi/Alici_Bilgisi' located by 'By.xpath: //iframe[@id='customerselectiframe']' in '30' second(s)

2021-11-18 12:03:42 - [MESSAGE][INFO] - Smart Wait Function is triggered

2021-11-18 12:03:43 - [MESSAGE][INFO] - Found 1 web elements with id: 'Object Repository/Olusturma/Genel/AliciBilgisi/Alici_Bilgisi' located by 'By.xpath: //iframe[@id='customerselectiframe']' in '30' second(s)

2021-11-18 12:03:43 - [MESSAGE][INFO] - Switched to iframe: 'Object Repository/Olusturma/Genel/AliciBilgisi/Alici_Bilgisi'

2021-11-18 12:03:43 - [MESSAGE][INFO] - Finding web element from Test Object's properties

2021-11-18 12:03:43 - [MESSAGE][INFO] - Checking timeout

2021-11-18 12:03:43 - [MESSAGE][INFO] - Finding web element with id: 'Object Repository/Olusturma/Genel/AliciBilgisi/Alici_Gir' located by 'By.xpath: //input[@id='GridViewCustomer_DXFREditorcol1_I']' in '30' second(s)

2021-11-18 12:03:43 - [MESSAGE][INFO] - Smart Wait Function is triggered

2021-11-18 12:03:43 - [MESSAGE][INFO] - Found 1 web elements with id: 'Object Repository/Olusturma/Genel/AliciBilgisi/Alici_Gir' located by 'By.xpath: //input[@id='GridViewCustomer_DXFREditorcol1_I']' in '30' second(s)

2021-11-18 12:03:43 - [MESSAGE][INFO] - Clearing text of object 'Object Repository/Olusturma/Genel/AliciBilgisi/Alici_Gir'

2021-11-18 12:03:43 - [MESSAGE][INFO] - Finding web element from Test Object's properties

2021-11-18 12:03:43 - [MESSAGE][INFO] - Checking timeout

2021-11-18 12:03:43 - [MESSAGE][INFO] - Finding web element with id: 'Object Repository/Olusturma/Genel/AliciBilgisi/Alici_Gir' located by 'By.xpath: //input[@id='GridViewCustomer_DXFREditorcol1_I']' in '30' second(s)

2021-11-18 12:03:43 - [MESSAGE][INFO] - Smart Wait Function is triggered

2021-11-18 12:03:43 - [MESSAGE][INFO] - Found 1 web elements with id: 'Object Repository/Olusturma/Genel/AliciBilgisi/Alici_Gir' located by 'By.xpath: //input[@id='GridViewCustomer_DXFREditorcol1_I']' in '30' second(s)

2021-11-18 12:03:43 - [MESSAGE][INFO] - Setting text of object 'Object Repository/Olusturma/Genel/AliciBilgisi/Alici_Gir' to value 'UC0005'

2021-11-18 12:03:43 - [MESSAGE][PASSED] - Text 'UC0005' is set on object 'Object Repository/Olusturma/Genel/AliciBilgisi/Alici_Gir'

2021-11-18 12:03:43 - [MESSAGE][INFO] - Switching to default content

2021-11-18 12:03:43 - [TEST_STEP][PASSED] - waitForElementClickable(findTestObject("Olusturma/Genel/AliciBilgisi/Alici_Adi"), 10): Switching to default content

2021-11-18 12:03:43 - [MESSAGE][INFO] - Finding Test Object 'Object Repository/Olusturma/Genel/AliciBilgisi/Alici_Adi'

2021-11-18 12:03:43 - [MESSAGE][INFO] - Finding Test Object 'Object Repository/Olusturma/Genel/AliciBilgisi/iframe_Alc Bilgisi_customerselectiframe'

2021-11-18 12:03:43 - [MESSAGE][INFO] - Checking object

2021-11-18 12:03:43 - [MESSAGE][INFO] - Checking timeout

2021-11-18 12:03:43 - [MESSAGE][INFO] - Object: 'Object Repository/Olusturma/Genel/AliciBilgisi/Alici_Adi' has parent object(s)

2021-11-18 12:03:43 - [MESSAGE][INFO] - Switching to iframe: 'Object Repository/Olusturma/Genel/AliciBilgisi/iframe_Alc Bilgisi_customerselectiframe'

2021-11-18 12:03:43 - [MESSAGE][INFO] - Finding web element from Test Object's properties

2021-11-18 12:03:43 - [MESSAGE][INFO] - Checking timeout

2021-11-18 12:03:43 - [MESSAGE][INFO] - Finding web element with id: 'Object Repository/Olusturma/Genel/AliciBilgisi/iframe_Alc Bilgisi_customerselectiframe' located by 'By.xpath: //iframe[@id='customerselectiframe']' in '10' second(s)

2021-11-18 12:03:43 - [MESSAGE][INFO] - Smart Wait Function is triggered

2021-11-18 12:03:43 - [MESSAGE][INFO] - Found 1 web elements with id: 'Object Repository/Olusturma/Genel/AliciBilgisi/iframe_Alc Bilgisi_customerselectiframe' located by 'By.xpath: //iframe[@id='customerselectiframe']' in '10' second(s)

2021-11-18 12:03:43 - [MESSAGE][INFO] - Switched to iframe: 'Object Repository/Olusturma/Genel/AliciBilgisi/iframe_Alc Bilgisi_customerselectiframe'

2021-11-18 12:03:43 - [MESSAGE][INFO] - Finding web element from Test Object's properties

2021-11-18 12:03:43 - [MESSAGE][INFO] - Checking timeout

2021-11-18 12:03:43 - [MESSAGE][INFO] - Finding web element with id: 'Object Repository/Olusturma/Genel/AliciBilgisi/Alici_Adi' located by 'By.xpath: //tr[@id='GridViewCustomer_DXDataRow0']/td[2]' in '10' second(s)

2021-11-18 12:03:43 - [MESSAGE][INFO] - Smart Wait Function is triggered

2021-11-18 12:03:43 - [MESSAGE][INFO] - Found 1 web elements with id: 'Object Repository/Olusturma/Genel/AliciBilgisi/Alici_Adi' located by 'By.xpath: //tr[@id='GridViewCustomer_DXDataRow0']/td[2]' in '10' second(s)

2021-11-18 12:03:43 - [MESSAGE][PASSED] - Object 'Object Repository/Olusturma/Genel/AliciBilgisi/Alici_Adi' is clickable

2021-11-18 12:03:43 - [MESSAGE][INFO] - Switching to default content

2021-11-18 12:03:43 - [TEST_STEP][PASSED] - click(findTestObject("Olusturma/Genel/AliciBilgisi/frame")): Switching to default content

2021-11-18 12:03:43 - [MESSAGE][INFO] - Finding Test Object 'Object Repository/Olusturma/Genel/AliciBilgisi/frame'

2021-11-18 12:03:43 - [MESSAGE][INFO] - Finding Test Object 'Object Repository/Olusturma/Genel/AliciBilgisi/iframe_Alc Bilgisi_customerselectiframe'

2021-11-18 12:03:43 - [MESSAGE][INFO] - Checking object

2021-11-18 12:03:43 - [MESSAGE][INFO] - Object: 'Object Repository/Olusturma/Genel/AliciBilgisi/frame' has parent object(s)

2021-11-18 12:03:43 - [MESSAGE][INFO] - Switching to iframe: 'Object Repository/Olusturma/Genel/AliciBilgisi/iframe_Alc Bilgisi_customerselectiframe'

2021-11-18 12:03:43 - [MESSAGE][INFO] - Finding web element from Test Object's properties

2021-11-18 12:03:43 - [MESSAGE][INFO] - Checking timeout

2021-11-18 12:03:43 - [MESSAGE][INFO] - Finding web element with id: 'Object Repository/Olusturma/Genel/AliciBilgisi/iframe_Alc Bilgisi_customerselectiframe' located by 'By.xpath: //iframe[@id='customerselectiframe']' in '30' second(s)

2021-11-18 12:03:43 - [MESSAGE][INFO] - Smart Wait Function is triggered

2021-11-18 12:03:44 - [MESSAGE][INFO] - Found 1 web elements with id: 'Object Repository/Olusturma/Genel/AliciBilgisi/iframe_Alc Bilgisi_customerselectiframe' located by 'By.xpath: //iframe[@id='customerselectiframe']' in '30' second(s)

2021-11-18 12:03:44 - [MESSAGE][INFO] - Switched to iframe: 'Object Repository/Olusturma/Genel/AliciBilgisi/iframe_Alc Bilgisi_customerselectiframe'

2021-11-18 12:03:44 - [MESSAGE][INFO] - Finding web element from Test Object's properties

2021-11-18 12:03:44 - [MESSAGE][INFO] - Checking timeout

2021-11-18 12:03:44 - [MESSAGE][INFO] - Finding web element with id: 'Object Repository/Olusturma/Genel/AliciBilgisi/frame' located by 'By.xpath: //*/text()[normalize-space(.)='']/parent::*' in '30' second(s)

2021-11-18 12:03:44 - [MESSAGE][INFO] - Smart Wait Function is triggered

2021-11-18 12:03:44 - [MESSAGE][INFO] - Found 66 web elements with id: 'Object Repository/Olusturma/Genel/AliciBilgisi/frame' located by 'By.xpath: //*/text()[normalize-space(.)='']/parent::*' in '30' second(s)

2021-11-18 12:03:44 - [MESSAGE][INFO] - Clicking on object: 'Object Repository/Olusturma/Genel/AliciBilgisi/frame'

2021-11-18 12:03:44 - [MESSAGE][PASSED] - Object: 'Object Repository/Olusturma/Genel/AliciBilgisi/frame' is clicked on

2021-11-18 12:03:44 - [MESSAGE][INFO] - Switching to default content

2021-11-18 12:03:44 - [TEST_STEP][PASSED] - click(findTestObject("Olusturma/Genel/AliciBilgisi/Alici_Adi")): Switching to default content

2021-11-18 12:03:44 - [MESSAGE][INFO] - Finding Test Object 'Object Repository/Olusturma/Genel/AliciBilgisi/Alici_Adi'

2021-11-18 12:03:44 - [MESSAGE][INFO] - Finding Test Object 'Object Repository/Olusturma/Genel/AliciBilgisi/iframe_Alc Bilgisi_customerselectiframe'

2021-11-18 12:03:44 - [MESSAGE][INFO] - Checking object

2021-11-18 12:03:44 - [MESSAGE][INFO] - Object: 'Object Repository/Olusturma/Genel/AliciBilgisi/Alici_Adi' has parent object(s)

2021-11-18 12:03:44 - [MESSAGE][INFO] - Switching to iframe: 'Object Repository/Olusturma/Genel/AliciBilgisi/iframe_Alc Bilgisi_customerselectiframe'

2021-11-18 12:03:44 - [MESSAGE][INFO] - Finding web element from Test Object's properties

2021-11-18 12:03:44 - [MESSAGE][INFO] - Checking timeout

2021-11-18 12:03:44 - [MESSAGE][INFO] - Finding web element with id: 'Object Repository/Olusturma/Genel/AliciBilgisi/iframe_Alc Bilgisi_customerselectiframe' located by 'By.xpath: //iframe[@id='customerselectiframe']' in '30' second(s)

2021-11-18 12:03:44 - [MESSAGE][INFO] - Smart Wait Function is triggered

2021-11-18 12:03:44 - [MESSAGE][INFO] - Found 1 web elements with id: 'Object Repository/Olusturma/Genel/AliciBilgisi/iframe_Alc Bilgisi_customerselectiframe' located by 'By.xpath: //iframe[@id='customerselectiframe']' in '30' second(s)

2021-11-18 12:03:44 - [MESSAGE][INFO] - Switched to iframe: 'Object Repository/Olusturma/Genel/AliciBilgisi/iframe_Alc Bilgisi_customerselectiframe'

2021-11-18 12:03:44 - [MESSAGE][INFO] - Finding web element from Test Object's properties

2021-11-18 12:03:44 - [MESSAGE][INFO] - Checking timeout

2021-11-18 12:03:44 - [MESSAGE][INFO] - Finding web element with id: 'Object Repository/Olusturma/Genel/AliciBilgisi/Alici_Adi' located by 'By.xpath: //tr[@id='GridViewCustomer_DXDataRow0']/td[2]' in '30' second(s)

2021-11-18 12:03:44 - [MESSAGE][INFO] - Smart Wait Function is triggered

2021-11-18 12:03:44 - [MESSAGE][INFO] - Found 1 web elements with id: 'Object Repository/Olusturma/Genel/AliciBilgisi/Alici_Adi' located by 'By.xpath: //tr[@id='GridViewCustomer_DXDataRow0']/td[2]' in '30' second(s)

2021-11-18 12:03:44 - [MESSAGE][INFO] - Clicking on object: 'Object Repository/Olusturma/Genel/AliciBilgisi/Alici_Adi'

2021-11-18 12:03:44 - [MESSAGE][PASSED] - Object: 'Object Repository/Olusturma/Genel/AliciBilgisi/Alici_Adi' is clicked on

2021-11-18 12:03:44 - [MESSAGE][INFO] - Switching to default content

2021-11-18 12:03:44 - [TEST_STEP][PASSED] - click(findTestObject("Olusturma/Genel/AliciBilgisi/Tamam_Bosluk")): Switching to default content

2021-11-18 12:03:44 - [MESSAGE][INFO] - Finding Test Object 'Object Repository/Olusturma/Genel/AliciBilgisi/Tamam_Bosluk'

2021-11-18 12:03:44 - [MESSAGE][INFO] - Finding Test Object 'Object Repository/Olusturma/Genel/AliciBilgisi/Alici_Bilgisi'

2021-11-18 12:03:44 - [MESSAGE][INFO] - Checking object

2021-11-18 12:03:44 - [MESSAGE][INFO] - Object: 'Object Repository/Olusturma/Genel/AliciBilgisi/Tamam_Bosluk' has parent object(s)

2021-11-18 12:03:44 - [MESSAGE][INFO] - Switching to iframe: 'Object Repository/Olusturma/Genel/AliciBilgisi/Alici_Bilgisi'

2021-11-18 12:03:44 - [MESSAGE][INFO] - Finding web element from Test Object's properties

2021-11-18 12:03:44 - [MESSAGE][INFO] - Checking timeout

2021-11-18 12:03:44 - [MESSAGE][INFO] - Finding web element with id: 'Object Repository/Olusturma/Genel/AliciBilgisi/Alici_Bilgisi' located by 'By.xpath: //iframe[@id='customerselectiframe']' in '30' second(s)

2021-11-18 12:03:44 - [MESSAGE][INFO] - Smart Wait Function is triggered

2021-11-18 12:03:45 - [MESSAGE][INFO] - Found 1 web elements with id: 'Object Repository/Olusturma/Genel/AliciBilgisi/Alici_Bilgisi' located by 'By.xpath: //iframe[@id='customerselectiframe']' in '30' second(s)

2021-11-18 12:03:45 - [MESSAGE][INFO] - Switched to iframe: 'Object Repository/Olusturma/Genel/AliciBilgisi/Alici_Bilgisi'

2021-11-18 12:03:45 - [MESSAGE][INFO] - Finding web element from Test Object's properties

2021-11-18 12:03:45 - [MESSAGE][INFO] - Checking timeout

2021-11-18 12:03:45 - [MESSAGE][INFO] - Finding web element with id: 'Object Repository/Olusturma/Genel/AliciBilgisi/Tamam_Bosluk' located by 'By.xpath: (.//*[normalize-space(text()) and normalize-space(.)='Sayfa Boyutu:'])[1]/following::div[7]' in '30' second(s)

2021-11-18 12:03:45 - [MESSAGE][INFO] - Smart Wait Function is triggered

2021-11-18 12:03:45 - [MESSAGE][INFO] - Found 1 web elements with id: 'Object Repository/Olusturma/Genel/AliciBilgisi/Tamam_Bosluk' located by 'By.xpath: (.//*[normalize-space(text()) and normalize-space(.)='Sayfa Boyutu:'])[1]/following::div[7]' in '30' second(s)

2021-11-18 12:03:45 - [MESSAGE][INFO] - Clicking on object: 'Object Repository/Olusturma/Genel/AliciBilgisi/Tamam_Bosluk'

2021-11-18 12:03:45 - [MESSAGE][PASSED] - Object: 'Object Repository/Olusturma/Genel/AliciBilgisi/Tamam_Bosluk' is clicked on

2021-11-18 12:03:45 - [MESSAGE][INFO] - Switching to default content

2021-11-18 12:03:45 - [TEST_STEP][PASSED] - waitForElementClickable(findTestObject("Olusturma/Genel/AliciBilgisi/Tamam_Butonu"), 10): Switching to default content

2021-11-18 12:03:45 - [MESSAGE][INFO] - Finding Test Object 'Object Repository/Olusturma/Genel/AliciBilgisi/Tamam_Butonu'

2021-11-18 12:03:45 - [MESSAGE][INFO] - Finding Test Object 'Object Repository/Olusturma/Genel/AliciBilgisi/Alici_Bilgisi'

2021-11-18 12:03:45 - [MESSAGE][INFO] - Checking object

2021-11-18 12:03:45 - [MESSAGE][INFO] - Checking timeout

2021-11-18 12:03:45 - [MESSAGE][INFO] - Object: 'Object Repository/Olusturma/Genel/AliciBilgisi/Tamam_Butonu' has parent object(s)

2021-11-18 12:03:45 - [MESSAGE][INFO] - Switching to iframe: 'Object Repository/Olusturma/Genel/AliciBilgisi/Alici_Bilgisi'

2021-11-18 12:03:45 - [MESSAGE][INFO] - Finding web element from Test Object's properties

2021-11-18 12:03:45 - [MESSAGE][INFO] - Checking timeout

2021-11-18 12:03:45 - [MESSAGE][INFO] - Finding web element with id: 'Object Repository/Olusturma/Genel/AliciBilgisi/Alici_Bilgisi' located by 'By.xpath: //iframe[@id='customerselectiframe']' in '10' second(s)

2021-11-18 12:03:45 - [MESSAGE][INFO] - Smart Wait Function is triggered

2021-11-18 12:03:45 - [MESSAGE][INFO] - Found 1 web elements with id: 'Object Repository/Olusturma/Genel/AliciBilgisi/Alici_Bilgisi' located by 'By.xpath: //iframe[@id='customerselectiframe']' in '10' second(s)

2021-11-18 12:03:45 - [MESSAGE][INFO] - Switched to iframe: 'Object Repository/Olusturma/Genel/AliciBilgisi/Alici_Bilgisi'

2021-11-18 12:03:45 - [MESSAGE][INFO] - Finding web element from Test Object's properties

2021-11-18 12:03:45 - [MESSAGE][INFO] - Checking timeout

2021-11-18 12:03:45 - [MESSAGE][INFO] - Finding web element with id: 'Object Repository/Olusturma/Genel/AliciBilgisi/Tamam_Butonu' located by 'By.xpath: //div[@id='btnSelectCustomer_CD']/span' in '10' second(s)

2021-11-18 12:03:45 - [MESSAGE][INFO] - Smart Wait Function is triggered

2021-11-18 12:03:45 - [MESSAGE][INFO] - Found 1 web elements with id: 'Object Repository/Olusturma/Genel/AliciBilgisi/Tamam_Butonu' located by 'By.xpath: //div[@id='btnSelectCustomer_CD']/span' in '10' second(s)

2021-11-18 12:03:45 - [MESSAGE][PASSED] - Object 'Object Repository/Olusturma/Genel/AliciBilgisi/Tamam_Butonu' is clickable

2021-11-18 12:03:45 - [MESSAGE][INFO] - Switching to default content

2021-11-18 12:03:45 - [TEST_STEP][PASSED] - click(findTestObject("Olusturma/Genel/AliciBilgisi/Tamam_Butonu")): Switching to default content

2021-11-18 12:03:45 - [MESSAGE][INFO] - Finding Test Object 'Object Repository/Olusturma/Genel/AliciBilgisi/Tamam_Butonu'

2021-11-18 12:03:45 - [MESSAGE][INFO] - Finding Test Object 'Object Repository/Olusturma/Genel/AliciBilgisi/Alici_Bilgisi'

2021-11-18 12:03:45 - [MESSAGE][INFO] - Checking object

2021-11-18 12:03:45 - [MESSAGE][INFO] - Object: 'Object Repository/Olusturma/Genel/AliciBilgisi/Tamam_Butonu' has parent object(s)

2021-11-18 12:03:45 - [MESSAGE][INFO] - Switching to iframe: 'Object Repository/Olusturma/Genel/AliciBilgisi/Alici_Bilgisi'

2021-11-18 12:03:45 - [MESSAGE][INFO] - Finding web element from Test Object's properties

2021-11-18 12:03:45 - [MESSAGE][INFO] - Checking timeout

2021-11-18 12:03:45 - [MESSAGE][INFO] - Finding web element with id: 'Object Repository/Olusturma/Genel/AliciBilgisi/Alici_Bilgisi' located by 'By.xpath: //iframe[@id='customerselectiframe']' in '30' second(s)

2021-11-18 12:03:45 - [MESSAGE][INFO] - Smart Wait Function is triggered

2021-11-18 12:03:46 - [MESSAGE][INFO] - Found 1 web elements with id: 'Object Repository/Olusturma/Genel/AliciBilgisi/Alici_Bilgisi' located by 'By.xpath: //iframe[@id='customerselectiframe']' in '30' second(s)

2021-11-18 12:03:46 - [MESSAGE][INFO] - Switched to iframe: 'Object Repository/Olusturma/Genel/AliciBilgisi/Alici_Bilgisi'

2021-11-18 12:03:46 - [MESSAGE][INFO] - Finding web element from Test Object's properties

2021-11-18 12:03:46 - [MESSAGE][INFO] - Checking timeout

2021-11-18 12:03:46 - [MESSAGE][INFO] - Finding web element with id: 'Object Repository/Olusturma/Genel/AliciBilgisi/Tamam_Butonu' located by 'By.xpath: //div[@id='btnSelectCustomer_CD']/span' in '30' second(s)

2021-11-18 12:03:46 - [MESSAGE][INFO] - Smart Wait Function is triggered

2021-11-18 12:03:46 - [MESSAGE][INFO] - Found 1 web elements with id: 'Object Repository/Olusturma/Genel/AliciBilgisi/Tamam_Butonu' located by 'By.xpath: //div[@id='btnSelectCustomer_CD']/span' in '30' second(s)

2021-11-18 12:03:46 - [MESSAGE][INFO] - Clicking on object: 'Object Repository/Olusturma/Genel/AliciBilgisi/Tamam_Butonu'

2021-11-18 12:03:46 - [MESSAGE][PASSED] - Object: 'Object Repository/Olusturma/Genel/AliciBilgisi/Tamam_Butonu' is clicked on

2021-11-18 12:03:46 - [MESSAGE][INFO] - Switching to default content

2021-11-18 12:03:46 - [TEST_STEP][PASSED] - waitForElementPresent(findTestObject("Olusturma/Genel/AliciBilgisi/VKN-TCKN"), 10): Object 'Object Repository/Olusturma/Genel/AliciBilgisi/VKN-TCKN' is present

2021-11-18 12:03:46 - [MESSAGE][INFO] - Finding Test Object 'Object Repository/Olusturma/Genel/AliciBilgisi/VKN-TCKN'

2021-11-18 12:03:46 - [MESSAGE][INFO] - Checking object

2021-11-18 12:03:46 - [MESSAGE][INFO] - Finding web element from Test Object's properties

2021-11-18 12:03:46 - [MESSAGE][INFO] - Checking timeout

2021-11-18 12:03:46 - [MESSAGE][INFO] - Finding web element with id: 'Object Repository/Olusturma/Genel/AliciBilgisi/VKN-TCKN' located by 'By.xpath: //*[@id = 'txtVknTckn_I']' in '10' second(s)

2021-11-18 12:03:46 - [MESSAGE][INFO] - Smart Wait Function is triggered

2021-11-18 12:03:46 - [MESSAGE][INFO] - Found 1 web elements with id: 'Object Repository/Olusturma/Genel/AliciBilgisi/VKN-TCKN' located by 'By.xpath: //*[@id = 'txtVknTckn_I']' in '10' second(s)

2021-11-18 12:03:46 - [MESSAGE][PASSED] - Object 'Object Repository/Olusturma/Genel/AliciBilgisi/VKN-TCKN' is present

2021-11-18 12:03:46 - [TEST_STEP][PASSED] - text = getAttribute(findTestObject("Olusturma/Genel/AliciBilgisi/VKN-TCKN"), "value"): Attribute 'value' of object 'Object Repository/Olusturma/Genel/AliciBilgisi/VKN-TCKN' is: '5324497444'

2021-11-18 12:03:46 - [MESSAGE][INFO] - Finding Test Object 'Object Repository/Olusturma/Genel/AliciBilgisi/VKN-TCKN'

2021-11-18 12:03:47 - [MESSAGE][INFO] - Checking object

2021-11-18 12:03:47 - [MESSAGE][INFO] - Checking attribute

2021-11-18 12:03:47 - [MESSAGE][INFO] - Finding web element from Test Object's properties

2021-11-18 12:03:47 - [MESSAGE][INFO] - Checking timeout

2021-11-18 12:03:47 - [MESSAGE][INFO] - Finding web element with id: 'Object Repository/Olusturma/Genel/AliciBilgisi/VKN-TCKN' located by 'By.xpath: //*[@id = 'txtVknTckn_I']' in '30' second(s)

2021-11-18 12:03:47 - [MESSAGE][INFO] - Smart Wait Function is triggered

2021-11-18 12:03:47 - [MESSAGE][INFO] - Found 1 web elements with id: 'Object Repository/Olusturma/Genel/AliciBilgisi/VKN-TCKN' located by 'By.xpath: //*[@id = 'txtVknTckn_I']' in '30' second(s)

2021-11-18 12:03:47 - [MESSAGE][INFO] - Getting attribute 'value' of object 'Object Repository/Olusturma/Genel/AliciBilgisi/VKN-TCKN'

2021-11-18 12:03:47 - [MESSAGE][PASSED] - Attribute 'value' of object 'Object Repository/Olusturma/Genel/AliciBilgisi/VKN-TCKN' is: '5324497444'

2021-11-18 12:03:47 - [TEST_STEP][PASSED] - if (text.equals("")): null

2021-11-18 12:03:47 - [MESSAGE][PASSED] - Call Test Case 'Test Cases/Olusturma/Genel/AliciSecilir' successfully

2021-11-18 12:03:47 - [MESSAGE][INFO] - Checking called Test Case

2021-11-18 12:03:47 - [MESSAGE][INFO] - Starting to call Test Case 'Test Cases/Olusturma/Genel/GonderimSekliSecilir'

2021-11-18 12:03:47 - [TEST_CASE][PASSED] - Test Cases/Olusturma/Genel/GonderimSekliSecilir: Test Cases/Olusturma/Genel/GonderimSekliSecilir

2021-11-18 12:03:47 - [TEST_STEP][PASSED] - waitForElementClickable(findTestObject("Object Repository/Olusturma/Genel/GonderimSekli/GonderimSekli"), 10): Object 'Object Repository/Olusturma/Genel/GonderimSekli/GonderimSekli' is clickable

2021-11-18 12:03:47 - [MESSAGE][INFO] - Finding Test Object 'Object Repository/Olusturma/Genel/GonderimSekli/GonderimSekli'

2021-11-18 12:03:47 - [MESSAGE][INFO] - Checking object

2021-11-18 12:03:47 - [MESSAGE][INFO] - Checking timeout

2021-11-18 12:03:47 - [MESSAGE][INFO] - Finding web element from Test Object's properties

2021-11-18 12:03:47 - [MESSAGE][INFO] - Checking timeout

2021-11-18 12:03:47 - [MESSAGE][INFO] - Finding web element with id: 'Object Repository/Olusturma/Genel/GonderimSekli/GonderimSekli' located by 'By.xpath: //*[@id = 'txtGonderimSekil_I']' in '10' second(s)

2021-11-18 12:03:47 - [MESSAGE][INFO] - Smart Wait Function is triggered

2021-11-18 12:03:47 - [MESSAGE][INFO] - Found 1 web elements with id: 'Object Repository/Olusturma/Genel/GonderimSekli/GonderimSekli' located by 'By.xpath: //*[@id = 'txtGonderimSekil_I']' in '10' second(s)

2021-11-18 12:03:47 - [MESSAGE][PASSED] - Object 'Object Repository/Olusturma/Genel/GonderimSekli/GonderimSekli' is clickable

2021-11-18 12:03:47 - [TEST_STEP][PASSED] - click(findTestObject("Object Repository/Olusturma/Genel/GonderimSekli/GonderimSekli")): Object: 'Object Repository/Olusturma/Genel/GonderimSekli/GonderimSekli' is clicked on

2021-11-18 12:03:47 - [MESSAGE][INFO] - Finding Test Object 'Object Repository/Olusturma/Genel/GonderimSekli/GonderimSekli'

2021-11-18 12:03:47 - [MESSAGE][INFO] - Checking object

2021-11-18 12:03:47 - [MESSAGE][INFO] - Finding web element from Test Object's properties

2021-11-18 12:03:47 - [MESSAGE][INFO] - Checking timeout

2021-11-18 12:03:47 - [MESSAGE][INFO] - Finding web element with id: 'Object Repository/Olusturma/Genel/GonderimSekli/GonderimSekli' located by 'By.xpath: //*[@id = 'txtGonderimSekil_I']' in '30' second(s)

2021-11-18 12:03:47 - [MESSAGE][INFO] - Smart Wait Function is triggered

2021-11-18 12:03:48 - [MESSAGE][INFO] - Found 1 web elements with id: 'Object Repository/Olusturma/Genel/GonderimSekli/GonderimSekli' located by 'By.xpath: //*[@id = 'txtGonderimSekil_I']' in '30' second(s)

2021-11-18 12:03:48 - [MESSAGE][INFO] - Clicking on object: 'Object Repository/Olusturma/Genel/GonderimSekli/GonderimSekli'

2021-11-18 12:03:48 - [MESSAGE][PASSED] - Object: 'Object Repository/Olusturma/Genel/GonderimSekli/GonderimSekli' is clicked on

2021-11-18 12:03:48 - [TEST_STEP][PASSED] - Method.TextDegerineEsitElementeTikla(findTestObject("Object Repository/Olusturma/Genel/GonderimSekli/GonderimSekliAdi"), GonderimSekli): Method.TextDegerineEsitElementeTikla is PASSED

2021-11-18 12:03:48 - [MESSAGE][INFO] - Finding Test Object 'Object Repository/Olusturma/Genel/GonderimSekli/GonderimSekliAdi'

2021-11-18 12:03:48 - [MESSAGE][INFO] - Checking timeout

2021-11-18 12:03:48 - [MESSAGE][INFO] - Finding web element with id: 'Object Repository/Olusturma/Genel/GonderimSekli/GonderimSekliAdi' located by 'By.cssSelector: #txtGonderimSekil_DDD_L_LBT td' in '10' second(s)

2021-11-18 12:03:48 - [MESSAGE][INFO] - Smart Wait Function is triggered

2021-11-18 12:03:48 - [MESSAGE][INFO] - Found 2 web elements with id: 'Object Repository/Olusturma/Genel/GonderimSekli/GonderimSekliAdi' located by 'By.cssSelector: #txtGonderimSekil_DDD_L_LBT td' in '10' second(s)

2021-11-18 12:03:48 - [MESSAGE][PASSED] - Method.TextDegerineEsitElementeTikla is PASSED

2021-11-18 12:03:48 - [MESSAGE][PASSED] - Call Test Case 'Test Cases/Olusturma/Genel/GonderimSekliSecilir' successfully

2021-11-18 12:03:48 - [MESSAGE][INFO] - Checking called Test Case

2021-11-18 12:03:48 - [MESSAGE][INFO] - Starting to call Test Case 'Test Cases/Olusturma/Genel/TipSecilir'

2021-11-18 12:03:48 - [TEST_CASE][PASSED] - Test Cases/Olusturma/Genel/TipSecilir: Test Cases/Olusturma/Genel/TipSecilir

2021-11-18 12:03:48 - [TEST_STEP][PASSED] - waitForElementClickable(findTestObject("Olusturma/Genel/TipSecilir/Tip"), 10): Object 'Object Repository/Olusturma/Genel/TipSecilir/Tip' is clickable

2021-11-18 12:03:48 - [MESSAGE][INFO] - Finding Test Object 'Object Repository/Olusturma/Genel/TipSecilir/Tip'

2021-11-18 12:03:48 - [MESSAGE][INFO] - Checking object

2021-11-18 12:03:48 - [MESSAGE][INFO] - Checking timeout

2021-11-18 12:03:48 - [MESSAGE][INFO] - Finding web element from Test Object's properties

2021-11-18 12:03:48 - [MESSAGE][INFO] - Checking timeout

2021-11-18 12:03:48 - [MESSAGE][INFO] - Finding web element with id: 'Object Repository/Olusturma/Genel/TipSecilir/Tip' located by 'By.xpath: //*[@id = 'DocumentTypeCode_I']' in '10' second(s)

2021-11-18 12:03:48 - [MESSAGE][INFO] - Smart Wait Function is triggered

2021-11-18 12:03:49 - [MESSAGE][INFO] - Found 1 web elements with id: 'Object Repository/Olusturma/Genel/TipSecilir/Tip' located by 'By.xpath: //*[@id = 'DocumentTypeCode_I']' in '10' second(s)

2021-11-18 12:03:49 - [MESSAGE][PASSED] - Object 'Object Repository/Olusturma/Genel/TipSecilir/Tip' is clickable

2021-11-18 12:03:49 - [TEST_STEP][PASSED] - click(findTestObject("Olusturma/Genel/TipSecilir/Tip")): Object: 'Object Repository/Olusturma/Genel/TipSecilir/Tip' is clicked on

2021-11-18 12:03:49 - [MESSAGE][INFO] - Finding Test Object 'Object Repository/Olusturma/Genel/TipSecilir/Tip'

2021-11-18 12:03:49 - [MESSAGE][INFO] - Checking object

2021-11-18 12:03:49 - [MESSAGE][INFO] - Finding web element from Test Object's properties

2021-11-18 12:03:49 - [MESSAGE][INFO] - Checking timeout

2021-11-18 12:03:49 - [MESSAGE][INFO] - Finding web element with id: 'Object Repository/Olusturma/Genel/TipSecilir/Tip' located by 'By.xpath: //*[@id = 'DocumentTypeCode_I']' in '30' second(s)

2021-11-18 12:03:49 - [MESSAGE][INFO] - Smart Wait Function is triggered

2021-11-18 12:03:49 - [MESSAGE][INFO] - Found 1 web elements with id: 'Object Repository/Olusturma/Genel/TipSecilir/Tip' located by 'By.xpath: //*[@id = 'DocumentTypeCode_I']' in '30' second(s)

2021-11-18 12:03:49 - [MESSAGE][INFO] - Clicking on object: 'Object Repository/Olusturma/Genel/TipSecilir/Tip'

2021-11-18 12:03:49 - [MESSAGE][PASSED] - Object: 'Object Repository/Olusturma/Genel/TipSecilir/Tip' is clicked on

2021-11-18 12:03:49 - [TEST_STEP][PASSED] - Method.TextDegerineEsitElementeTikla(findTestObject("Object Repository/Olusturma/Genel/TipSecilir/Tip_Adi"), Tip): Method.TextDegerineEsitElementeTikla is PASSED

2021-11-18 12:03:49 - [MESSAGE][INFO] - Finding Test Object 'Object Repository/Olusturma/Genel/TipSecilir/Tip_Adi'

2021-11-18 12:03:49 - [MESSAGE][INFO] - Checking timeout

2021-11-18 12:03:49 - [MESSAGE][INFO] - Finding web element with id: 'Object Repository/Olusturma/Genel/TipSecilir/Tip_Adi' located by 'By.cssSelector: #DocumentTypeCode_DDD_L_LBT td' in '10' second(s)

2021-11-18 12:03:49 - [MESSAGE][INFO] - Smart Wait Function is triggered

2021-11-18 12:03:50 - [MESSAGE][INFO] - Found 9 web elements with id: 'Object Repository/Olusturma/Genel/TipSecilir/Tip_Adi' located by 'By.cssSelector: #DocumentTypeCode_DDD_L_LBT td' in '10' second(s)

2021-11-18 12:03:50 - [MESSAGE][PASSED] - Method.TextDegerineEsitElementeTikla is PASSED

2021-11-18 12:03:50 - [MESSAGE][PASSED] - Call Test Case 'Test Cases/Olusturma/Genel/TipSecilir' successfully

2021-11-18 12:03:50 - [MESSAGE][INFO] - Checking called Test Case

2021-11-18 12:03:50 - [MESSAGE][INFO] - Starting to call Test Case 'Test Cases/Olusturma/Genel/DokumanParaBirimiSecilir'

2021-11-18 12:03:50 - [TEST_CASE][PASSED] - Test Cases/Olusturma/Genel/DokumanParaBirimiSecilir: Test Cases/Olusturma/Genel/DokumanParaBirimiSecilir

2021-11-18 12:03:50 - [TEST_STEP][PASSED] - waitForElementClickable(findTestObject("Object Repository/Olusturma/Genel/DokumanParaBirimiSecilir/Para"), 10): Object 'Object Repository/Olusturma/Genel/DokumanParaBirimiSecilir/Para' is clickable

2021-11-18 12:03:50 - [MESSAGE][INFO] - Finding Test Object 'Object Repository/Olusturma/Genel/DokumanParaBirimiSecilir/Para'

2021-11-18 12:03:50 - [MESSAGE][INFO] - Checking object

2021-11-18 12:03:50 - [MESSAGE][INFO] - Checking timeout

2021-11-18 12:03:50 - [MESSAGE][INFO] - Finding web element from Test Object's properties

2021-11-18 12:03:50 - [MESSAGE][INFO] - Checking timeout

2021-11-18 12:03:50 - [MESSAGE][INFO] - Finding web element with id: 'Object Repository/Olusturma/Genel/DokumanParaBirimiSecilir/Para' located by 'By.xpath: //*[@id = 'CurrencyUnit_I']' in '10' second(s)

2021-11-18 12:03:50 - [MESSAGE][INFO] - Smart Wait Function is triggered

2021-11-18 12:03:51 - [MESSAGE][INFO] - Found 1 web elements with id: 'Object Repository/Olusturma/Genel/DokumanParaBirimiSecilir/Para' located by 'By.xpath: //*[@id = 'CurrencyUnit_I']' in '10' second(s)

2021-11-18 12:03:51 - [MESSAGE][PASSED] - Object 'Object Repository/Olusturma/Genel/DokumanParaBirimiSecilir/Para' is clickable

2021-11-18 12:03:51 - [TEST_STEP][PASSED] - click(findTestObject("Object Repository/Olusturma/Genel/DokumanParaBirimiSecilir/Para")): Object: 'Object Repository/Olusturma/Genel/DokumanParaBirimiSecilir/Para' is clicked on

2021-11-18 12:03:51 - [MESSAGE][INFO] - Finding Test Object 'Object Repository/Olusturma/Genel/DokumanParaBirimiSecilir/Para'

2021-11-18 12:03:51 - [MESSAGE][INFO] - Checking object

2021-11-18 12:03:51 - [MESSAGE][INFO] - Finding web element from Test Object's properties

2021-11-18 12:03:51 - [MESSAGE][INFO] - Checking timeout

2021-11-18 12:03:51 - [MESSAGE][INFO] - Finding web element with id: 'Object Repository/Olusturma/Genel/DokumanParaBirimiSecilir/Para' located by 'By.xpath: //*[@id = 'CurrencyUnit_I']' in '30' second(s)

2021-11-18 12:03:51 - [MESSAGE][INFO] - Smart Wait Function is triggered

2021-11-18 12:03:52 - [MESSAGE][INFO] - Found 1 web elements with id: 'Object Repository/Olusturma/Genel/DokumanParaBirimiSecilir/Para' located by 'By.xpath: //*[@id = 'CurrencyUnit_I']' in '30' second(s)

2021-11-18 12:03:52 - [MESSAGE][INFO] - Clicking on object: 'Object Repository/Olusturma/Genel/DokumanParaBirimiSecilir/Para'

2021-11-18 12:03:52 - [MESSAGE][PASSED] - Object: 'Object Repository/Olusturma/Genel/DokumanParaBirimiSecilir/Para' is clicked on

2021-11-18 12:03:52 - [TEST_STEP][PASSED] - Method.TextDegerineEsitElementeTikla(findTestObject("Object Repository/Olusturma/Genel/DokumanParaBirimiSecilir/Para_Adi"), Para): Method.TextDegerineEsitElementeTikla is PASSED

2021-11-18 12:03:52 - [MESSAGE][INFO] - Finding Test Object 'Object Repository/Olusturma/Genel/DokumanParaBirimiSecilir/Para_Adi'

2021-11-18 12:03:52 - [MESSAGE][INFO] - Checking timeout

2021-11-18 12:03:52 - [MESSAGE][INFO] - Finding web element with id: 'Object Repository/Olusturma/Genel/DokumanParaBirimiSecilir/Para_Adi' located by 'By.cssSelector: #CurrencyUnit_DDD_L_LBT td' in '10' second(s)

2021-11-18 12:03:52 - [MESSAGE][INFO] - Smart Wait Function is triggered

2021-11-18 12:03:52 - [MESSAGE][INFO] - Found 203 web elements with id: 'Object Repository/Olusturma/Genel/DokumanParaBirimiSecilir/Para_Adi' located by 'By.cssSelector: #CurrencyUnit_DDD_L_LBT td' in '10' second(s)

2021-11-18 12:03:57 - [MESSAGE][PASSED] - Method.TextDegerineEsitElementeTikla is PASSED

2021-11-18 12:03:57 - [MESSAGE][PASSED] - Call Test Case 'Test Cases/Olusturma/Genel/DokumanParaBirimiSecilir' successfully

2021-11-18 12:03:57 - [MESSAGE][INFO] - Checking called Test Case

2021-11-18 12:03:57 - [MESSAGE][INFO] - Starting to call Test Case 'Test Cases/Olusturma/Genel/OnEkSecilir'

2021-11-18 12:03:57 - [TEST_CASE][PASSED] - Test Cases/Olusturma/Genel/OnEkSecilir: Test Cases/Olusturma/Genel/OnEkSecilir

2021-11-18 12:03:57 - [TEST_STEP][PASSED] - waitForElementClickable(findTestObject("Object Repository/Olusturma/Genel/OnEkSecilir/OnEk"), 10): Object 'Object Repository/Olusturma/Genel/OnEkSecilir/OnEk' is clickable

2021-11-18 12:03:57 - [MESSAGE][INFO] - Finding Test Object 'Object Repository/Olusturma/Genel/OnEkSecilir/OnEk'

2021-11-18 12:03:57 - [MESSAGE][INFO] - Checking object

2021-11-18 12:03:57 - [MESSAGE][INFO] - Checking timeout

2021-11-18 12:03:57 - [MESSAGE][INFO] - Finding web element from Test Object's properties

2021-11-18 12:03:57 - [MESSAGE][INFO] - Checking timeout

2021-11-18 12:03:57 - [MESSAGE][INFO] - Finding web element with id: 'Object Repository/Olusturma/Genel/OnEkSecilir/OnEk' located by 'By.xpath: //*[@id = 'InvoicePrefix_I']' in '10' second(s)

2021-11-18 12:03:57 - [MESSAGE][INFO] - Smart Wait Function is triggered

2021-11-18 12:03:57 - [MESSAGE][INFO] - Found 1 web elements with id: 'Object Repository/Olusturma/Genel/OnEkSecilir/OnEk' located by 'By.xpath: //*[@id = 'InvoicePrefix_I']' in '10' second(s)

2021-11-18 12:03:57 - [MESSAGE][PASSED] - Object 'Object Repository/Olusturma/Genel/OnEkSecilir/OnEk' is clickable

2021-11-18 12:03:57 - [TEST_STEP][PASSED] - click(findTestObject("Object Repository/Olusturma/Genel/OnEkSecilir/OnEk")): Object: 'Object Repository/Olusturma/Genel/OnEkSecilir/OnEk' is clicked on

2021-11-18 12:03:57 - [MESSAGE][INFO] - Finding Test Object 'Object Repository/Olusturma/Genel/OnEkSecilir/OnEk'

2021-11-18 12:03:57 - [MESSAGE][INFO] - Checking object

2021-11-18 12:03:57 - [MESSAGE][INFO] - Finding web element from Test Object's properties

2021-11-18 12:03:57 - [MESSAGE][INFO] - Checking timeout

2021-11-18 12:03:57 - [MESSAGE][INFO] - Finding web element with id: 'Object Repository/Olusturma/Genel/OnEkSecilir/OnEk' located by 'By.xpath: //*[@id = 'InvoicePrefix_I']' in '30' second(s)

2021-11-18 12:03:57 - [MESSAGE][INFO] - Smart Wait Function is triggered

2021-11-18 12:03:58 - [MESSAGE][INFO] - Found 1 web elements with id: 'Object Repository/Olusturma/Genel/OnEkSecilir/OnEk' located by 'By.xpath: //*[@id = 'InvoicePrefix_I']' in '30' second(s)

2021-11-18 12:03:58 - [MESSAGE][INFO] - Clicking on object: 'Object Repository/Olusturma/Genel/OnEkSecilir/OnEk'

2021-11-18 12:03:58 - [MESSAGE][PASSED] - Object: 'Object Repository/Olusturma/Genel/OnEkSecilir/OnEk' is clicked on

2021-11-18 12:03:58 - [TEST_STEP][PASSED] - Method.TextDegerineEsitElementeTiklaEquals(findTestObject("Object Repository/Olusturma/Genel/OnEkSecilir/OnEkAdi"), Ek): Method.TextDegerineEsitElementeTiklaEquals is PASSED

2021-11-18 12:03:58 - [MESSAGE][INFO] - Finding Test Object 'Object Repository/Olusturma/Genel/OnEkSecilir/OnEkAdi'

2021-11-18 12:03:58 - [MESSAGE][INFO] - Checking timeout

2021-11-18 12:03:58 - [MESSAGE][INFO] - Finding web element with id: 'Object Repository/Olusturma/Genel/OnEkSecilir/OnEkAdi' located by 'By.cssSelector: #InvoicePrefix_DDD_L_LBT td' in '10' second(s)

2021-11-18 12:03:58 - [MESSAGE][INFO] - Smart Wait Function is triggered

2021-11-18 12:03:58 - [MESSAGE][INFO] - Found 1 web elements with id: 'Object Repository/Olusturma/Genel/OnEkSecilir/OnEkAdi' located by 'By.cssSelector: #InvoicePrefix_DDD_L_LBT td' in '10' second(s)

2021-11-18 12:03:58 - [MESSAGE][PASSED] - Method.TextDegerineEsitElementeTiklaEquals is PASSED

2021-11-18 12:03:58 - [MESSAGE][PASSED] - Call Test Case 'Test Cases/Olusturma/Genel/OnEkSecilir' successfully

2021-11-18 12:03:58 - [MESSAGE][INFO] - Checking called Test Case

2021-11-18 12:03:58 - [MESSAGE][INFO] - Starting to call Test Case 'Test Cases/Olusturma/Genel/TasarimSecilir'

2021-11-18 12:03:58 - [TEST_CASE][PASSED] - Test Cases/Olusturma/Genel/TasarimSecilir: Test Cases/Olusturma/Genel/TasarimSecilir

2021-11-18 12:03:58 - [TEST_STEP][PASSED] - waitForElementClickable(findTestObject("Object Repository/Olusturma/Genel/TasarimSecilir/Tasarim"), 10): Object 'Object Repository/Olusturma/Genel/TasarimSecilir/Tasarim' is clickable

2021-11-18 12:03:58 - [MESSAGE][INFO] - Finding Test Object 'Object Repository/Olusturma/Genel/TasarimSecilir/Tasarim'

2021-11-18 12:03:59 - [MESSAGE][INFO] - Checking object

2021-11-18 12:03:59 - [MESSAGE][INFO] - Checking timeout

2021-11-18 12:03:59 - [MESSAGE][INFO] - Finding web element from Test Object's properties

2021-11-18 12:03:59 - [MESSAGE][INFO] - Checking timeout

2021-11-18 12:03:59 - [MESSAGE][INFO] - Finding web element with id: 'Object Repository/Olusturma/Genel/TasarimSecilir/Tasarim' located by 'By.xpath: //*[@id = 'DesignId_I']' in '10' second(s)

2021-11-18 12:03:59 - [MESSAGE][INFO] - Smart Wait Function is triggered

2021-11-18 12:03:59 - [MESSAGE][INFO] - Found 1 web elements with id: 'Object Repository/Olusturma/Genel/TasarimSecilir/Tasarim' located by 'By.xpath: //*[@id = 'DesignId_I']' in '10' second(s)

2021-11-18 12:03:59 - [MESSAGE][PASSED] - Object 'Object Repository/Olusturma/Genel/TasarimSecilir/Tasarim' is clickable

2021-11-18 12:03:59 - [TEST_STEP][PASSED] - click(findTestObject("Object Repository/Olusturma/Genel/TasarimSecilir/Tasarim")): Object: 'Object Repository/Olusturma/Genel/TasarimSecilir/Tasarim' is clicked on

2021-11-18 12:03:59 - [MESSAGE][INFO] - Finding Test Object 'Object Repository/Olusturma/Genel/TasarimSecilir/Tasarim'

2021-11-18 12:03:59 - [MESSAGE][INFO] - Checking object

2021-11-18 12:03:59 - [MESSAGE][INFO] - Finding web element from Test Object's properties

2021-11-18 12:03:59 - [MESSAGE][INFO] - Checking timeout

2021-11-18 12:03:59 - [MESSAGE][INFO] - Finding web element with id: 'Object Repository/Olusturma/Genel/TasarimSecilir/Tasarim' located by 'By.xpath: //*[@id = 'DesignId_I']' in '30' second(s)

2021-11-18 12:03:59 - [MESSAGE][INFO] - Smart Wait Function is triggered

2021-11-18 12:03:59 - [MESSAGE][INFO] - Found 1 web elements with id: 'Object Repository/Olusturma/Genel/TasarimSecilir/Tasarim' located by 'By.xpath: //*[@id = 'DesignId_I']' in '30' second(s)

2021-11-18 12:03:59 - [MESSAGE][INFO] - Clicking on object: 'Object Repository/Olusturma/Genel/TasarimSecilir/Tasarim'

2021-11-18 12:03:59 - [MESSAGE][PASSED] - Object: 'Object Repository/Olusturma/Genel/TasarimSecilir/Tasarim' is clicked on

2021-11-18 12:03:59 - [TEST_STEP][PASSED] - Method.TextDegerineEsitElementeTikla(findTestObject("Object Repository/Olusturma/Genel/TasarimSecilir/Tasarim_Adi"), Tasarim): Method.TextDegerineEsitElementeTikla is PASSED

2021-11-18 12:03:59 - [MESSAGE][INFO] - Finding Test Object 'Object Repository/Olusturma/Genel/TasarimSecilir/Tasarim_Adi'

2021-11-18 12:03:59 - [MESSAGE][INFO] - Checking timeout

2021-11-18 12:03:59 - [MESSAGE][INFO] - Finding web element with id: 'Object Repository/Olusturma/Genel/TasarimSecilir/Tasarim_Adi' located by 'By.cssSelector: #DesignId_DDD_L_LBT td' in '10' second(s)

2021-11-18 12:03:59 - [MESSAGE][INFO] - Smart Wait Function is triggered

2021-11-18 12:04:00 - [MESSAGE][INFO] - Found 1 web elements with id: 'Object Repository/Olusturma/Genel/TasarimSecilir/Tasarim_Adi' located by 'By.cssSelector: #DesignId_DDD_L_LBT td' in '10' second(s)

2021-11-18 12:04:00 - [MESSAGE][PASSED] - Method.TextDegerineEsitElementeTikla is PASSED

2021-11-18 12:04:00 - [MESSAGE][PASSED] - Call Test Case 'Test Cases/Olusturma/Genel/TasarimSecilir' successfully

2021-11-18 12:04:00 - [MESSAGE][INFO] - Checking called Test Case

2021-11-18 12:04:00 - [MESSAGE][INFO] - Starting to call Test Case 'Test Cases/Olusturma/Genel/Kutular/SiparisBilgileriGirilir'

2021-11-18 12:04:00 - [TEST_CASE][PASSED] - Test Cases/Olusturma/Genel/Kutular/SiparisBilgileriGirilir: Test Cases/Olusturma/Genel/Kutular/SiparisBilgileriGirilir

2021-11-18 12:04:00 - [TEST_STEP][PASSED] - Method.TextDegerineEsitElementeTikla(findTestObject("Olusturma/Genel/Kutular/KapaliKutular"), "Sipariş Bilgileri"): Method.TextDegerineEsitElementeTikla is PASSED

2021-11-18 12:04:00 - [MESSAGE][INFO] - Finding Test Object 'Object Repository/Olusturma/Genel/Kutular/KapaliKutular'

2021-11-18 12:04:00 - [MESSAGE][INFO] - Checking timeout

2021-11-18 12:04:00 - [MESSAGE][INFO] - Finding web element with id: 'Object Repository/Olusturma/Genel/Kutular/KapaliKutular' located by 'By.cssSelector: .dxnb-headerCollapsed>span' in '10' second(s)

2021-11-18 12:04:00 - [MESSAGE][INFO] - Smart Wait Function is triggered

2021-11-18 12:04:00 - [MESSAGE][INFO] - Found 8 web elements with id: 'Object Repository/Olusturma/Genel/Kutular/KapaliKutular' located by 'By.cssSelector: .dxnb-headerCollapsed>span' in '10' second(s)

2021-11-18 12:04:00 - [MESSAGE][PASSED] - Method.TextDegerineEsitElementeTikla is PASSED

2021-11-18 12:04:00 - [TEST_STEP][PASSED] - waitForElementPresent(findTestObject("Object Repository/Olusturma/Genel/Kutular/SiparisBilgileri/SiparisNo"), 10): Object 'Object Repository/Olusturma/Genel/Kutular/SiparisBilgileri/SiparisNo' is present

2021-11-18 12:04:00 - [MESSAGE][INFO] - Finding Test Object 'Object Repository/Olusturma/Genel/Kutular/SiparisBilgileri/SiparisNo'

2021-11-18 12:04:00 - [MESSAGE][INFO] - Checking object

2021-11-18 12:04:00 - [MESSAGE][INFO] - Finding web element from Test Object's properties

2021-11-18 12:04:00 - [MESSAGE][INFO] - Checking timeout

2021-11-18 12:04:00 - [MESSAGE][INFO] - Finding web element with id: 'Object Repository/Olusturma/Genel/Kutular/SiparisBilgileri/SiparisNo' located by 'By.xpath: //*[@id = 'txtSiparisNo_I']' in '10' second(s)

2021-11-18 12:04:00 - [MESSAGE][INFO] - Smart Wait Function is triggered

2021-11-18 12:04:01 - [MESSAGE][INFO] - Found 1 web elements with id: 'Object Repository/Olusturma/Genel/Kutular/SiparisBilgileri/SiparisNo' located by 'By.xpath: //*[@id = 'txtSiparisNo_I']' in '10' second(s)

2021-11-18 12:04:01 - [MESSAGE][PASSED] - Object 'Object Repository/Olusturma/Genel/Kutular/SiparisBilgileri/SiparisNo' is present

2021-11-18 12:04:01 - [TEST_STEP][PASSED] - clearText(findTestObject("Object Repository/Olusturma/Genel/Kutular/SiparisBilgileri/SiparisNo")): Text of object 'Object Repository/Olusturma/Genel/Kutular/SiparisBilgileri/SiparisNo' is cleared

2021-11-18 12:04:01 - [MESSAGE][INFO] - Finding Test Object 'Object Repository/Olusturma/Genel/Kutular/SiparisBilgileri/SiparisNo'

2021-11-18 12:04:01 - [MESSAGE][INFO] - Checking object

2021-11-18 12:04:01 - [MESSAGE][INFO] - Finding web element from Test Object's properties

2021-11-18 12:04:01 - [MESSAGE][INFO] - Checking timeout

2021-11-18 12:04:01 - [MESSAGE][INFO] - Finding web element with id: 'Object Repository/Olusturma/Genel/Kutular/SiparisBilgileri/SiparisNo' located by 'By.xpath: //*[@id = 'txtSiparisNo_I']' in '30' second(s)

2021-11-18 12:04:01 - [MESSAGE][INFO] - Smart Wait Function is triggered

2021-11-18 12:04:01 - [MESSAGE][INFO] - Found 1 web elements with id: 'Object Repository/Olusturma/Genel/Kutular/SiparisBilgileri/SiparisNo' located by 'By.xpath: //*[@id = 'txtSiparisNo_I']' in '30' second(s)

2021-11-18 12:04:01 - [MESSAGE][INFO] - Clearing text of object 'Object Repository/Olusturma/Genel/Kutular/SiparisBilgileri/SiparisNo'

2021-11-18 12:04:01 - [MESSAGE][PASSED] - Text of object 'Object Repository/Olusturma/Genel/Kutular/SiparisBilgileri/SiparisNo' is cleared

2021-11-18 12:04:01 - [TEST_STEP][PASSED] - sendKeys(findTestObject("Object Repository/Olusturma/Genel/Kutular/SiparisBilgileri/SiparisNo"), SiparisNo): Keys 'UUC-SAT-1200001' sent to object: 'Object Repository/Olusturma/Genel/Kutular/SiparisBilgileri/SiparisNo'

2021-11-18 12:04:01 - [MESSAGE][INFO] - Finding Test Object 'Object Repository/Olusturma/Genel/Kutular/SiparisBilgileri/SiparisNo'

2021-11-18 12:04:01 - [MESSAGE][INFO] - Sending keys 'UUC-SAT-1200001' to object: 'Object Repository/Olusturma/Genel/Kutular/SiparisBilgileri/SiparisNo'

2021-11-18 12:04:01 - [MESSAGE][INFO] - Finding web element from Test Object's properties

2021-11-18 12:04:01 - [MESSAGE][INFO] - Checking timeout

2021-11-18 12:04:01 - [MESSAGE][INFO] - Finding web element with id: 'Object Repository/Olusturma/Genel/Kutular/SiparisBilgileri/SiparisNo' located by 'By.xpath: //*[@id = 'txtSiparisNo_I']' in '30' second(s)

2021-11-18 12:04:01 - [MESSAGE][INFO] - Smart Wait Function is triggered

2021-11-18 12:04:02 - [MESSAGE][INFO] - Found 1 web elements with id: 'Object Repository/Olusturma/Genel/Kutular/SiparisBilgileri/SiparisNo' located by 'By.xpath: //*[@id = 'txtSiparisNo_I']' in '30' second(s)

2021-11-18 12:04:02 - [MESSAGE][PASSED] - Keys 'UUC-SAT-1200001' sent to object: 'Object Repository/Olusturma/Genel/Kutular/SiparisBilgileri/SiparisNo'

2021-11-18 12:04:02 - [TEST_STEP][PASSED] - waitForElementClickable(findTestObject("Object Repository/Olusturma/Genel/Kutular/SiparisBilgileri/SiparisTarihiImage"), 10): Object 'Object Repository/Olusturma/Genel/Kutular/SiparisBilgileri/SiparisTarihiImage' is clickable

2021-11-18 12:04:02 - [MESSAGE][INFO] - Finding Test Object 'Object Repository/Olusturma/Genel/Kutular/SiparisBilgileri/SiparisTarihiImage'

2021-11-18 12:04:02 - [MESSAGE][INFO] - Checking object

2021-11-18 12:04:02 - [MESSAGE][INFO] - Checking timeout

2021-11-18 12:04:02 - [MESSAGE][INFO] - Finding web element from Test Object's properties

2021-11-18 12:04:02 - [MESSAGE][INFO] - Checking timeout

2021-11-18 12:04:02 - [MESSAGE][INFO] - Finding web element with id: 'Object Repository/Olusturma/Genel/Kutular/SiparisBilgileri/SiparisTarihiImage' located by 'By.cssSelector: #dateSiparisTarih img' in '10' second(s)

2021-11-18 12:04:02 - [MESSAGE][INFO] - Smart Wait Function is triggered

2021-11-18 12:04:02 - [MESSAGE][INFO] - Found 1 web elements with id: 'Object Repository/Olusturma/Genel/Kutular/SiparisBilgileri/SiparisTarihiImage' located by 'By.cssSelector: #dateSiparisTarih img' in '10' second(s)

2021-11-18 12:04:02 - [MESSAGE][PASSED] - Object 'Object Repository/Olusturma/Genel/Kutular/SiparisBilgileri/SiparisTarihiImage' is clickable

2021-11-18 12:04:02 - [TEST_STEP][PASSED] - click(findTestObject("Object Repository/Olusturma/Genel/Kutular/SiparisBilgileri/SiparisTarihiImage")): Object: 'Object Repository/Olusturma/Genel/Kutular/SiparisBilgileri/SiparisTarihiImage' is clicked on

2021-11-18 12:04:02 - [MESSAGE][INFO] - Finding Test Object 'Object Repository/Olusturma/Genel/Kutular/SiparisBilgileri/SiparisTarihiImage'

2021-11-18 12:04:02 - [MESSAGE][INFO] - Checking object

2021-11-18 12:04:02 - [MESSAGE][INFO] - Finding web element from Test Object's properties

2021-11-18 12:04:02 - [MESSAGE][INFO] - Checking timeout

2021-11-18 12:04:02 - [MESSAGE][INFO] - Finding web element with id: 'Object Repository/Olusturma/Genel/Kutular/SiparisBilgileri/SiparisTarihiImage' located by 'By.cssSelector: #dateSiparisTarih img' in '30' second(s)

2021-11-18 12:04:02 - [MESSAGE][INFO] - Smart Wait Function is triggered

2021-11-18 12:04:02 - [MESSAGE][INFO] - Found 1 web elements with id: 'Object Repository/Olusturma/Genel/Kutular/SiparisBilgileri/SiparisTarihiImage' located by 'By.cssSelector: #dateSiparisTarih img' in '30' second(s)

2021-11-18 12:04:02 - [MESSAGE][INFO] - Clicking on object: 'Object Repository/Olusturma/Genel/Kutular/SiparisBilgileri/SiparisTarihiImage'

2021-11-18 12:04:03 - [MESSAGE][PASSED] - Object: 'Object Repository/Olusturma/Genel/Kutular/SiparisBilgileri/SiparisTarihiImage' is clicked on

2021-11-18 12:04:03 - [TEST_STEP][PASSED] - waitForElementPresent(findTestObject("Object Repository/Olusturma/Genel/Kutular/SiparisBilgileri/SiparisTarihi"), 10): Object 'Object Repository/Olusturma/Genel/Kutular/SiparisBilgileri/SiparisTarihi' is present

2021-11-18 12:04:03 - [MESSAGE][INFO] - Finding Test Object 'Object Repository/Olusturma/Genel/Kutular/SiparisBilgileri/SiparisTarihi'

2021-11-18 12:04:03 - [MESSAGE][INFO] - Checking object

2021-11-18 12:04:03 - [MESSAGE][INFO] - Finding web element from Test Object's properties

2021-11-18 12:04:03 - [MESSAGE][INFO] - Checking timeout

2021-11-18 12:04:03 - [MESSAGE][INFO] - Finding web element with id: 'Object Repository/Olusturma/Genel/Kutular/SiparisBilgileri/SiparisTarihi' located by 'By.xpath: //*[@id = 'dateSiparisTarih_I']' in '10' second(s)

2021-11-18 12:04:03 - [MESSAGE][INFO] - Smart Wait Function is triggered

2021-11-18 12:04:03 - [MESSAGE][INFO] - Found 1 web elements with id: 'Object Repository/Olusturma/Genel/Kutular/SiparisBilgileri/SiparisTarihi' located by 'By.xpath: //*[@id = 'dateSiparisTarih_I']' in '10' second(s)

2021-11-18 12:04:03 - [MESSAGE][PASSED] - Object 'Object Repository/Olusturma/Genel/Kutular/SiparisBilgileri/SiparisTarihi' is present

2021-11-18 12:04:03 - [TEST_STEP][PASSED] - clearText(findTestObject("Object Repository/Olusturma/Genel/Kutular/SiparisBilgileri/SiparisTarihi")): Text of object 'Object Repository/Olusturma/Genel/Kutular/SiparisBilgileri/SiparisTarihi' is cleared

2021-11-18 12:04:03 - [MESSAGE][INFO] - Finding Test Object 'Object Repository/Olusturma/Genel/Kutular/SiparisBilgileri/SiparisTarihi'

2021-11-18 12:04:03 - [MESSAGE][INFO] - Checking object

2021-11-18 12:04:03 - [MESSAGE][INFO] - Finding web element from Test Object's properties

2021-11-18 12:04:03 - [MESSAGE][INFO] - Checking timeout

2021-11-18 12:04:03 - [MESSAGE][INFO] - Finding web element with id: 'Object Repository/Olusturma/Genel/Kutular/SiparisBilgileri/SiparisTarihi' located by 'By.xpath: //*[@id = 'dateSiparisTarih_I']' in '30' second(s)

2021-11-18 12:04:03 - [MESSAGE][INFO] - Smart Wait Function is triggered

2021-11-18 12:04:04 - [MESSAGE][INFO] - Found 1 web elements with id: 'Object Repository/Olusturma/Genel/Kutular/SiparisBilgileri/SiparisTarihi' located by 'By.xpath: //*[@id = 'dateSiparisTarih_I']' in '30' second(s)

2021-11-18 12:04:04 - [MESSAGE][INFO] - Clearing text of object 'Object Repository/Olusturma/Genel/Kutular/SiparisBilgileri/SiparisTarihi'

2021-11-18 12:04:04 - [MESSAGE][PASSED] - Text of object 'Object Repository/Olusturma/Genel/Kutular/SiparisBilgileri/SiparisTarihi' is cleared

2021-11-18 12:04:04 - [TEST_STEP][PASSED] - sendKeys(findTestObject("Object Repository/Olusturma/Genel/Kutular/SiparisBilgileri/SiparisTarihi"), Tarih): Keys '31.04.2020' sent to object: 'Object Repository/Olusturma/Genel/Kutular/SiparisBilgileri/SiparisTarihi'

2021-11-18 12:04:04 - [MESSAGE][INFO] - Finding Test Object 'Object Repository/Olusturma/Genel/Kutular/SiparisBilgileri/SiparisTarihi'

2021-11-18 12:04:04 - [MESSAGE][INFO] - Sending keys '31.04.2020' to object: 'Object Repository/Olusturma/Genel/Kutular/SiparisBilgileri/SiparisTarihi'

2021-11-18 12:04:04 - [MESSAGE][INFO] - Finding web element from Test Object's properties

2021-11-18 12:04:04 - [MESSAGE][INFO] - Checking timeout

2021-11-18 12:04:04 - [MESSAGE][INFO] - Finding web element with id: 'Object Repository/Olusturma/Genel/Kutular/SiparisBilgileri/SiparisTarihi' located by 'By.xpath: //*[@id = 'dateSiparisTarih_I']' in '30' second(s)

2021-11-18 12:04:04 - [MESSAGE][INFO] - Smart Wait Function is triggered

2021-11-18 12:04:04 - [MESSAGE][INFO] - Found 1 web elements with id: 'Object Repository/Olusturma/Genel/Kutular/SiparisBilgileri/SiparisTarihi' located by 'By.xpath: //*[@id = 'dateSiparisTarih_I']' in '30' second(s)

2021-11-18 12:04:04 - [MESSAGE][PASSED] - Keys '31.04.2020' sent to object: 'Object Repository/Olusturma/Genel/Kutular/SiparisBilgileri/SiparisTarihi'

2021-11-18 12:04:04 - [MESSAGE][PASSED] - Call Test Case 'Test Cases/Olusturma/Genel/Kutular/SiparisBilgileriGirilir' successfully

2021-11-18 12:04:04 - [MESSAGE][INFO] - Checking called Test Case

2021-11-18 12:04:04 - [MESSAGE][INFO] - Starting to call Test Case 'Test Cases/Olusturma/Genel/Kutular/IrsaliyeBilgileri'

2021-11-18 12:04:04 - [TEST_CASE][PASSED] - Test Cases/Olusturma/Genel/Kutular/IrsaliyeBilgileri: Test Cases/Olusturma/Genel/Kutular/IrsaliyeBilgileri

2021-11-18 12:04:04 - [TEST_STEP][PASSED] - Method.TextDegerineEsitElementeTikla(findTestObject("Olusturma/Genel/Kutular/KapaliKutular"), "İrsaliye Bilgileri"): Method.TextDegerineEsitElementeTikla is PASSED

2021-11-18 12:04:04 - [MESSAGE][INFO] - Finding Test Object 'Object Repository/Olusturma/Genel/Kutular/KapaliKutular'

2021-11-18 12:04:04 - [MESSAGE][INFO] - Checking timeout

2021-11-18 12:04:04 - [MESSAGE][INFO] - Finding web element with id: 'Object Repository/Olusturma/Genel/Kutular/KapaliKutular' located by 'By.cssSelector: .dxnb-headerCollapsed>span' in '10' second(s)

2021-11-18 12:04:04 - [MESSAGE][INFO] - Smart Wait Function is triggered

2021-11-18 12:04:04 - [MESSAGE][INFO] - Found 8 web elements with id: 'Object Repository/Olusturma/Genel/Kutular/KapaliKutular' located by 'By.cssSelector: .dxnb-headerCollapsed>span' in '10' second(s)

2021-11-18 12:04:05 - [MESSAGE][PASSED] - Method.TextDegerineEsitElementeTikla is PASSED

2021-11-18 12:04:05 - [TEST_STEP][PASSED] - waitForElementClickable(findTestObject("Olusturma/Genel/Kutular/IrsaliyeBilgileri/Ekle"), 10): Object 'Object Repository/Olusturma/Genel/Kutular/IrsaliyeBilgileri/Ekle' is clickable

2021-11-18 12:04:05 - [MESSAGE][INFO] - Finding Test Object 'Object Repository/Olusturma/Genel/Kutular/IrsaliyeBilgileri/Ekle'

2021-11-18 12:04:05 - [MESSAGE][INFO] - Checking object

2021-11-18 12:04:05 - [MESSAGE][INFO] - Checking timeout

2021-11-18 12:04:05 - [MESSAGE][INFO] - Finding web element from Test Object's properties

2021-11-18 12:04:05 - [MESSAGE][INFO] - Checking timeout

2021-11-18 12:04:05 - [MESSAGE][INFO] - Finding web element with id: 'Object Repository/Olusturma/Genel/Kutular/IrsaliyeBilgileri/Ekle' located by 'By.xpath: //*[@id = 'DXEditorgvUserInvoiceBillsNewRowBtn']' in '10' second(s)

2021-11-18 12:04:05 - [MESSAGE][INFO] - Smart Wait Function is triggered

2021-11-18 12:04:05 - [MESSAGE][INFO] - Found 1 web elements with id: 'Object Repository/Olusturma/Genel/Kutular/IrsaliyeBilgileri/Ekle' located by 'By.xpath: //*[@id = 'DXEditorgvUserInvoiceBillsNewRowBtn']' in '10' second(s)

2021-11-18 12:04:05 - [MESSAGE][PASSED] - Object 'Object Repository/Olusturma/Genel/Kutular/IrsaliyeBilgileri/Ekle' is clickable

2021-11-18 12:04:05 - [TEST_STEP][PASSED] - click(findTestObject("Olusturma/Genel/Kutular/IrsaliyeBilgileri/Ekle")): Object: 'Object Repository/Olusturma/Genel/Kutular/IrsaliyeBilgileri/Ekle' is clicked on

2021-11-18 12:04:05 - [MESSAGE][INFO] - Finding Test Object 'Object Repository/Olusturma/Genel/Kutular/IrsaliyeBilgileri/Ekle'

2021-11-18 12:04:05 - [MESSAGE][INFO] - Checking object

2021-11-18 12:04:05 - [MESSAGE][INFO] - Finding web element from Test Object's properties

2021-11-18 12:04:05 - [MESSAGE][INFO] - Checking timeout

2021-11-18 12:04:05 - [MESSAGE][INFO] - Finding web element with id: 'Object Repository/Olusturma/Genel/Kutular/IrsaliyeBilgileri/Ekle' located by 'By.xpath: //*[@id = 'DXEditorgvUserInvoiceBillsNewRowBtn']' in '30' second(s)

2021-11-18 12:04:05 - [MESSAGE][INFO] - Smart Wait Function is triggered

2021-11-18 12:04:05 - [MESSAGE][INFO] - Found 1 web elements with id: 'Object Repository/Olusturma/Genel/Kutular/IrsaliyeBilgileri/Ekle' located by 'By.xpath: //*[@id = 'DXEditorgvUserInvoiceBillsNewRowBtn']' in '30' second(s)

2021-11-18 12:04:05 - [MESSAGE][INFO] - Clicking on object: 'Object Repository/Olusturma/Genel/Kutular/IrsaliyeBilgileri/Ekle'

2021-11-18 12:04:05 - [MESSAGE][PASSED] - Object: 'Object Repository/Olusturma/Genel/Kutular/IrsaliyeBilgileri/Ekle' is clicked on

2021-11-18 12:04:05 - [TEST_STEP][PASSED] - waitForElementPresent(findTestObject("Object Repository/Olusturma/Genel/Kutular/IrsaliyeBilgileri/IrsaliyeNumarasi"), 10): Object 'Object Repository/Olusturma/Genel/Kutular/IrsaliyeBilgileri/IrsaliyeNumarasi' is present

2021-11-18 12:04:05 - [MESSAGE][INFO] - Finding Test Object 'Object Repository/Olusturma/Genel/Kutular/IrsaliyeBilgileri/IrsaliyeNumarasi'

2021-11-18 12:04:05 - [MESSAGE][INFO] - Checking object

2021-11-18 12:04:05 - [MESSAGE][INFO] - Finding web element from Test Object's properties

2021-11-18 12:04:05 - [MESSAGE][INFO] - Checking timeout

2021-11-18 12:04:05 - [MESSAGE][INFO] - Finding web element with id: 'Object Repository/Olusturma/Genel/Kutular/IrsaliyeBilgileri/IrsaliyeNumarasi' located by 'By.xpath: //*[@id = 'gvUserInvoiceBills_DXEditor1_I']' in '10' second(s)

2021-11-18 12:04:05 - [MESSAGE][INFO] - Smart Wait Function is triggered

2021-11-18 12:04:06 - [MESSAGE][INFO] - Smart Wait Function is triggered

2021-11-18 12:04:07 - [MESSAGE][INFO] - Found 1 web elements with id: 'Object Repository/Olusturma/Genel/Kutular/IrsaliyeBilgileri/IrsaliyeNumarasi' located by 'By.xpath: //*[@id = 'gvUserInvoiceBills_DXEditor1_I']' in '10' second(s)

2021-11-18 12:04:07 - [MESSAGE][PASSED] - Object 'Object Repository/Olusturma/Genel/Kutular/IrsaliyeBilgileri/IrsaliyeNumarasi' is present

2021-11-18 12:04:07 - [TEST_STEP][PASSED] - clearText(findTestObject("Object Repository/Olusturma/Genel/Kutular/IrsaliyeBilgileri/IrsaliyeNumarasi")): Text of object 'Object Repository/Olusturma/Genel/Kutular/IrsaliyeBilgileri/IrsaliyeNumarasi' is cleared

2021-11-18 12:04:07 - [MESSAGE][INFO] - Finding Test Object 'Object Repository/Olusturma/Genel/Kutular/IrsaliyeBilgileri/IrsaliyeNumarasi'

2021-11-18 12:04:07 - [MESSAGE][INFO] - Checking object

2021-11-18 12:04:07 - [MESSAGE][INFO] - Finding web element from Test Object's properties

2021-11-18 12:04:07 - [MESSAGE][INFO] - Checking timeout

2021-11-18 12:04:07 - [MESSAGE][INFO] - Finding web element with id: 'Object Repository/Olusturma/Genel/Kutular/IrsaliyeBilgileri/IrsaliyeNumarasi' located by 'By.xpath: //*[@id = 'gvUserInvoiceBills_DXEditor1_I']' in '30' second(s)

2021-11-18 12:04:07 - [MESSAGE][INFO] - Smart Wait Function is triggered

2021-11-18 12:04:07 - [MESSAGE][INFO] - Found 1 web elements with id: 'Object Repository/Olusturma/Genel/Kutular/IrsaliyeBilgileri/IrsaliyeNumarasi' located by 'By.xpath: //*[@id = 'gvUserInvoiceBills_DXEditor1_I']' in '30' second(s)

2021-11-18 12:04:07 - [MESSAGE][INFO] - Clearing text of object 'Object Repository/Olusturma/Genel/Kutular/IrsaliyeBilgileri/IrsaliyeNumarasi'

2021-11-18 12:04:07 - [MESSAGE][PASSED] - Text of object 'Object Repository/Olusturma/Genel/Kutular/IrsaliyeBilgileri/IrsaliyeNumarasi' is cleared

2021-11-18 12:04:07 - [TEST_STEP][PASSED] - sendKeys(findTestObject("Object Repository/Olusturma/Genel/Kutular/IrsaliyeBilgileri/IrsaliyeNumarasi"), Numara): Keys 'AAAAAAAAAA' sent to object: 'Object Repository/Olusturma/Genel/Kutular/IrsaliyeBilgileri/IrsaliyeNumarasi'

2021-11-18 12:04:07 - [MESSAGE][INFO] - Finding Test Object 'Object Repository/Olusturma/Genel/Kutular/IrsaliyeBilgileri/IrsaliyeNumarasi'

2021-11-18 12:04:07 - [MESSAGE][INFO] - Sending keys 'AAAAAAAAAA' to object: 'Object Repository/Olusturma/Genel/Kutular/IrsaliyeBilgileri/IrsaliyeNumarasi'

2021-11-18 12:04:07 - [MESSAGE][INFO] - Finding web element from Test Object's properties

2021-11-18 12:04:07 - [MESSAGE][INFO] - Checking timeout

2021-11-18 12:04:07 - [MESSAGE][INFO] - Finding web element with id: 'Object Repository/Olusturma/Genel/Kutular/IrsaliyeBilgileri/IrsaliyeNumarasi' located by 'By.xpath: //*[@id = 'gvUserInvoiceBills_DXEditor1_I']' in '30' second(s)

2021-11-18 12:04:07 - [MESSAGE][INFO] - Smart Wait Function is triggered

2021-11-18 12:04:07 - [MESSAGE][INFO] - Found 1 web elements with id: 'Object Repository/Olusturma/Genel/Kutular/IrsaliyeBilgileri/IrsaliyeNumarasi' located by 'By.xpath: //*[@id = 'gvUserInvoiceBills_DXEditor1_I']' in '30' second(s)

2021-11-18 12:04:07 - [MESSAGE][PASSED] - Keys 'AAAAAAAAAA' sent to object: 'Object Repository/Olusturma/Genel/Kutular/IrsaliyeBilgileri/IrsaliyeNumarasi'

2021-11-18 12:04:07 - [TEST_STEP][PASSED] - waitForElementClickable(findTestObject("Object Repository/Olusturma/Genel/Kutular/IrsaliyeBilgileri/IrsaliyeTarihi"), 10): Object 'Object Repository/Olusturma/Genel/Kutular/IrsaliyeBilgileri/IrsaliyeTarihi' is clickable

2021-11-18 12:04:07 - [MESSAGE][INFO] - Finding Test Object 'Object Repository/Olusturma/Genel/Kutular/IrsaliyeBilgileri/IrsaliyeTarihi'

2021-11-18 12:04:08 - [MESSAGE][INFO] - Checking object

2021-11-18 12:04:08 - [MESSAGE][INFO] - Checking timeout

2021-11-18 12:04:08 - [MESSAGE][INFO] - Finding web element from Test Object's properties

2021-11-18 12:04:08 - [MESSAGE][INFO] - Checking timeout

2021-11-18 12:04:08 - [MESSAGE][INFO] - Finding web element with id: 'Object Repository/Olusturma/Genel/Kutular/IrsaliyeBilgileri/IrsaliyeTarihi' located by 'By.xpath: //*[@id = 'gvUserInvoiceBills_DXEditor2_I']' in '10' second(s)

2021-11-18 12:04:08 - [MESSAGE][INFO] - Smart Wait Function is triggered

2021-11-18 12:04:08 - [MESSAGE][INFO] - Found 1 web elements with id: 'Object Repository/Olusturma/Genel/Kutular/IrsaliyeBilgileri/IrsaliyeTarihi' located by 'By.xpath: //*[@id = 'gvUserInvoiceBills_DXEditor2_I']' in '10' second(s)

2021-11-18 12:04:08 - [MESSAGE][PASSED] - Object 'Object Repository/Olusturma/Genel/Kutular/IrsaliyeBilgileri/IrsaliyeTarihi' is clickable

2021-11-18 12:04:08 - [TEST_STEP][PASSED] - click(findTestObject("Object Repository/Olusturma/Genel/Kutular/IrsaliyeBilgileri/IrsaliyeTarihi")): Object: 'Object Repository/Olusturma/Genel/Kutular/IrsaliyeBilgileri/IrsaliyeTarihi' is clicked on

2021-11-18 12:04:08 - [MESSAGE][INFO] - Finding Test Object 'Object Repository/Olusturma/Genel/Kutular/IrsaliyeBilgileri/IrsaliyeTarihi'

2021-11-18 12:04:08 - [MESSAGE][INFO] - Checking object

2021-11-18 12:04:08 - [MESSAGE][INFO] - Finding web element from Test Object's properties

2021-11-18 12:04:08 - [MESSAGE][INFO] - Checking timeout

2021-11-18 12:04:08 - [MESSAGE][INFO] - Finding web element with id: 'Object Repository/Olusturma/Genel/Kutular/IrsaliyeBilgileri/IrsaliyeTarihi' located by 'By.xpath: //*[@id = 'gvUserInvoiceBills_DXEditor2_I']' in '30' second(s)

2021-11-18 12:04:08 - [MESSAGE][INFO] - Smart Wait Function is triggered

2021-11-18 12:04:08 - [MESSAGE][INFO] - Found 1 web elements with id: 'Object Repository/Olusturma/Genel/Kutular/IrsaliyeBilgileri/IrsaliyeTarihi' located by 'By.xpath: //*[@id = 'gvUserInvoiceBills_DXEditor2_I']' in '30' second(s)

2021-11-18 12:04:08 - [MESSAGE][INFO] - Clicking on object: 'Object Repository/Olusturma/Genel/Kutular/IrsaliyeBilgileri/IrsaliyeTarihi'

2021-11-18 12:04:08 - [MESSAGE][PASSED] - Object: 'Object Repository/Olusturma/Genel/Kutular/IrsaliyeBilgileri/IrsaliyeTarihi' is clicked on

2021-11-18 12:04:08 - [TEST_STEP][PASSED] - sendKeys(findTestObject("Object Repository/Olusturma/Genel/Kutular/IrsaliyeBilgileri/IrsaliyeTarihi"), Tarih): Keys '31.04.2020' sent to object: 'Object Repository/Olusturma/Genel/Kutular/IrsaliyeBilgileri/IrsaliyeTarihi'

2021-11-18 12:04:08 - [MESSAGE][INFO] - Finding Test Object 'Object Repository/Olusturma/Genel/Kutular/IrsaliyeBilgileri/IrsaliyeTarihi'

2021-11-18 12:04:08 - [MESSAGE][INFO] - Sending keys '31.04.2020' to object: 'Object Repository/Olusturma/Genel/Kutular/IrsaliyeBilgileri/IrsaliyeTarihi'

2021-11-18 12:04:08 - [MESSAGE][INFO] - Finding web element from Test Object's properties

2021-11-18 12:04:08 - [MESSAGE][INFO] - Checking timeout

2021-11-18 12:04:08 - [MESSAGE][INFO] - Finding web element with id: 'Object Repository/Olusturma/Genel/Kutular/IrsaliyeBilgileri/IrsaliyeTarihi' located by 'By.xpath: //*[@id = 'gvUserInvoiceBills_DXEditor2_I']' in '30' second(s)

2021-11-18 12:04:08 - [MESSAGE][INFO] - Smart Wait Function is triggered

2021-11-18 12:04:09 - [MESSAGE][INFO] - Found 1 web elements with id: 'Object Repository/Olusturma/Genel/Kutular/IrsaliyeBilgileri/IrsaliyeTarihi' located by 'By.xpath: //*[@id = 'gvUserInvoiceBills_DXEditor2_I']' in '30' second(s)

2021-11-18 12:04:09 - [MESSAGE][PASSED] - Keys '31.04.2020' sent to object: 'Object Repository/Olusturma/Genel/Kutular/IrsaliyeBilgileri/IrsaliyeTarihi'

2021-11-18 12:04:09 - [MESSAGE][PASSED] - Call Test Case 'Test Cases/Olusturma/Genel/Kutular/IrsaliyeBilgileri' successfully

2021-11-18 12:04:09 - [MESSAGE][INFO] - Checking called Test Case

2021-11-18 12:04:09 - [MESSAGE][INFO] - Starting to call Test Case 'Test Cases/Olusturma/Genel/EkleButonunaBasilir'

2021-11-18 12:04:09 - [TEST_CASE][PASSED] - Test Cases/Olusturma/Genel/EkleButonunaBasilir: Test Cases/Olusturma/Genel/EkleButonunaBasilir

2021-11-18 12:04:09 - [TEST_STEP][PASSED] - waitForElementClickable(findTestObject("Object Repository/Olusturma/Genel/Olusturma/Ekle"), 10): Object 'Object Repository/Olusturma/Genel/Olusturma/Ekle' is clickable

2021-11-18 12:04:09 - [MESSAGE][INFO] - Finding Test Object 'Object Repository/Olusturma/Genel/Olusturma/Ekle'

2021-11-18 12:04:09 - [MESSAGE][INFO] - Checking object

2021-11-18 12:04:09 - [MESSAGE][INFO] - Checking timeout

2021-11-18 12:04:09 - [MESSAGE][INFO] - Finding web element from Test Object's properties

2021-11-18 12:04:09 - [MESSAGE][INFO] - Checking timeout

2021-11-18 12:04:09 - [MESSAGE][INFO] - Finding web element with id: 'Object Repository/Olusturma/Genel/Olusturma/Ekle' located by 'By.cssSelector: #divmalhizmet i.fa.fa-plus.fa-lg.text-muted' in '10' second(s)

2021-11-18 12:04:09 - [MESSAGE][INFO] - Smart Wait Function is triggered

2021-11-18 12:04:09 - [MESSAGE][INFO] - Found 1 web elements with id: 'Object Repository/Olusturma/Genel/Olusturma/Ekle' located by 'By.cssSelector: #divmalhizmet i.fa.fa-plus.fa-lg.text-muted' in '10' second(s)

2021-11-18 12:04:09 - [MESSAGE][PASSED] - Object 'Object Repository/Olusturma/Genel/Olusturma/Ekle' is clickable

2021-11-18 12:04:09 - [TEST_STEP][PASSED] - click(findTestObject("Object Repository/Olusturma/Genel/Olusturma/Ekle")): Object: 'Object Repository/Olusturma/Genel/Olusturma/Ekle' is clicked on

2021-11-18 12:04:09 - [MESSAGE][INFO] - Finding Test Object 'Object Repository/Olusturma/Genel/Olusturma/Ekle'

2021-11-18 12:04:09 - [MESSAGE][INFO] - Checking object

2021-11-18 12:04:09 - [MESSAGE][INFO] - Finding web element from Test Object's properties

2021-11-18 12:04:09 - [MESSAGE][INFO] - Checking timeout

2021-11-18 12:04:09 - [MESSAGE][INFO] - Finding web element with id: 'Object Repository/Olusturma/Genel/Olusturma/Ekle' located by 'By.cssSelector: #divmalhizmet i.fa.fa-plus.fa-lg.text-muted' in '30' second(s)

2021-11-18 12:04:09 - [MESSAGE][INFO] - Smart Wait Function is triggered

2021-11-18 12:04:09 - [MESSAGE][INFO] - Found 1 web elements with id: 'Object Repository/Olusturma/Genel/Olusturma/Ekle' located by 'By.cssSelector: #divmalhizmet i.fa.fa-plus.fa-lg.text-muted' in '30' second(s)

2021-11-18 12:04:09 - [MESSAGE][INFO] - Clicking on object: 'Object Repository/Olusturma/Genel/Olusturma/Ekle'

2021-11-18 12:04:10 - [MESSAGE][PASSED] - Object: 'Object Repository/Olusturma/Genel/Olusturma/Ekle' is clicked on

2021-11-18 12:04:10 - [TEST_STEP][PASSED] - waitForElementClickable(findTestObject("Olusturma/Genel/Olusturma/EklenenSatirCarpiImage"), 10): Object 'Object Repository/Olusturma/Genel/Olusturma/EklenenSatirCarpiImage' is clickable

2021-11-18 12:04:10 - [MESSAGE][INFO] - Finding Test Object 'Object Repository/Olusturma/Genel/Olusturma/EklenenSatirCarpiImage'

2021-11-18 12:04:10 - [MESSAGE][INFO] - Checking object

2021-11-18 12:04:10 - [MESSAGE][INFO] - Checking timeout

2021-11-18 12:04:10 - [MESSAGE][INFO] - Finding web element from Test Object's properties

2021-11-18 12:04:10 - [MESSAGE][INFO] - Checking timeout

2021-11-18 12:04:10 - [MESSAGE][INFO] - Finding web element with id: 'Object Repository/Olusturma/Genel/Olusturma/EklenenSatirCarpiImage' located by 'By.cssSelector: .fa.fa-times.fa-lg.text-primary' in '10' second(s)

2021-11-18 12:04:10 - [MESSAGE][INFO] - Smart Wait Function is triggered

2021-11-18 12:04:10 - [MESSAGE][INFO] - Found 1 web elements with id: 'Object Repository/Olusturma/Genel/Olusturma/EklenenSatirCarpiImage' located by 'By.cssSelector: .fa.fa-times.fa-lg.text-primary' in '10' second(s)

2021-11-18 12:04:10 - [MESSAGE][PASSED] - Object 'Object Repository/Olusturma/Genel/Olusturma/EklenenSatirCarpiImage' is clickable

2021-11-18 12:04:10 - [MESSAGE][PASSED] - Call Test Case 'Test Cases/Olusturma/Genel/EkleButonunaBasilir' successfully

2021-11-18 12:04:10 - [MESSAGE][INFO] - Checking called Test Case

2021-11-18 12:04:10 - [MESSAGE][INFO] - Starting to call Test Case 'Test Cases/Olusturma/Genel/Olusturma'

2021-11-18 12:04:10 - [TEST_CASE][PASSED] - Test Cases/Olusturma/Genel/Olusturma: Test Cases/Olusturma/Genel/Olusturma

2021-11-18 12:04:10 - [TEST_STEP][PASSED] - driver = getWebDriver(): null

2021-11-18 12:04:10 - [TEST_STEP][PASSED] - action = new org.openqa.selenium.interactions.Actions(driver): null

2021-11-18 12:04:10 - [TEST_STEP][PASSED] - baslikElement = <not implemented yet for class: org.codehaus.groovy.ast.expr.EmptyExpression>: null

2021-11-18 12:04:10 - [TEST_STEP][PASSED] - sonElement = <not implemented yet for class: org.codehaus.groovy.ast.expr.EmptyExpression>: null

2021-11-18 12:04:10 - [TEST_STEP][PASSED] - attr = <not implemented yet for class: org.codehaus.groovy.ast.expr.EmptyExpression>: null

2021-11-18 12:04:10 - [TEST_STEP][PASSED] - a = 0: null

2021-11-18 12:04:10 - [TEST_STEP][PASSED] - elements = findWebElements(findTestObject("Object Repository/Olusturma/Genel/Olusturma/TabloBasliklari"), 10): Found 14 web elements with id: 'Object Repository/Olusturma/Genel/Olusturma/TabloBasliklari' located by 'By.cssSelector: div#divmalhizmet .dxgvTable_LECustomTheme td.dxgvHeader_LECustomTheme tr>td:nth-child(1)' in '10' second(s)

2021-11-18 12:04:10 - [MESSAGE][INFO] - Finding Test Object 'Object Repository/Olusturma/Genel/Olusturma/TabloBasliklari'

2021-11-18 12:04:10 - [MESSAGE][INFO] - Checking timeout

2021-11-18 12:04:10 - [MESSAGE][INFO] - Finding web element with id: 'Object Repository/Olusturma/Genel/Olusturma/TabloBasliklari' located by 'By.cssSelector: div#divmalhizmet .dxgvTable_LECustomTheme td.dxgvHeader_LECustomTheme tr>td:nth-child(1)' in '10' second(s)

2021-11-18 12:04:10 - [MESSAGE][INFO] - Smart Wait Function is triggered

2021-11-18 12:04:11 - [MESSAGE][INFO] - Found 14 web elements with id: 'Object Repository/Olusturma/Genel/Olusturma/TabloBasliklari' located by 'By.cssSelector: div#divmalhizmet .dxgvTable_LECustomTheme td.dxgvHeader_LECustomTheme tr>td:nth-child(1)' in '10' second(s)

2021-11-18 12:04:11 - [TEST_STEP][PASSED] - for (def element : elements): null

2021-11-18 12:04:11 - [TEST_STEP][PASSED] - build().perform(): null

2021-11-18 12:04:11 - [TEST_STEP][PASSED] - if (getText().equals(Baslik)): null

2021-11-18 12:04:11 - [TEST_STEP][PASSED] - baslikElement = element.findElement(By.xpath("../../../..")): Smart Wait Function is triggered

2021-11-18 12:04:11 - [MESSAGE][INFO] - Smart Wait Function is triggered

2021-11-18 12:04:12 - [TEST_STEP][PASSED] - attr = baslikElement.getAttribute("id"): null

2021-11-18 12:04:12 - [TEST_STEP][PASSED] - println("girdi ve idsini aldı = " + attr): null

2021-11-18 12:04:12 - [TEST_STEP][PASSED] - break: null

2021-11-18 12:04:12 - [TEST_STEP][PASSED] - countElement = baslikElement.findElements(By.xpath("../td")): Smart Wait Function is triggered

2021-11-18 12:04:12 - [MESSAGE][INFO] - Smart Wait Function is triggered

2021-11-18 12:04:12 - [TEST_STEP][PASSED] - for (def element : countElement): null

2021-11-18 12:04:12 - [TEST_STEP][PASSED] - if (toString().equals(attr.toString())): null

2021-11-18 12:04:12 - [TEST_STEP][PASSED] - (a++): null

2021-11-18 12:04:12 - [TEST_STEP][PASSED] - if (toString().equals(attr.toString())): null

2021-11-18 12:04:12 - [TEST_STEP][PASSED] - break: null

2021-11-18 12:04:12 - [TEST_STEP][PASSED] - son = findWebElement(findTestObject("Object Repository/Olusturma/Genel/Olusturma/EklenenSatir")).findElement(By.xpath("td[@class='dxgvInlineEditCell_LECustomTheme dxgv'][" + a + "]//td[@class='dxic']/input")): Smart Wait Function is triggered

2021-11-18 12:04:12 - [MESSAGE][INFO] - Finding Test Object 'Object Repository/Olusturma/Genel/Olusturma/EklenenSatir'

2021-11-18 12:04:12 - [MESSAGE][INFO] - Finding web element from Test Object's properties

2021-11-18 12:04:12 - [MESSAGE][INFO] - Checking timeout

2021-11-18 12:04:12 - [MESSAGE][INFO] - Finding web element with id: 'Object Repository/Olusturma/Genel/Olusturma/EklenenSatir' located by 'By.cssSelector: #divmalhizmet .dxgvInlineEditRow_LECustomTheme' in '30' second(s)

2021-11-18 12:04:12 - [MESSAGE][INFO] - Smart Wait Function is triggered

2021-11-18 12:04:12 - [MESSAGE][INFO] - Found 1 web elements with id: 'Object Repository/Olusturma/Genel/Olusturma/EklenenSatir' located by 'By.cssSelector: #divmalhizmet .dxgvInlineEditRow_LECustomTheme' in '30' second(s)

2021-11-18 12:04:12 - [MESSAGE][INFO] - Smart Wait Function is triggered

2021-11-18 12:04:12 - [TEST_STEP][PASSED] - if (!(getAttribute("value").contains("Vkn"))): null

2021-11-18 12:04:12 - [TEST_STEP][PASSED] - son.clear(): null

2021-11-18 12:04:13 - [TEST_STEP][PASSED] - son.sendKeys(Deger): null

2021-11-18 12:04:13 - [MESSAGE][PASSED] - Call Test Case 'Test Cases/Olusturma/Genel/Olusturma' successfully

2021-11-18 12:04:13 - [MESSAGE][INFO] - Checking called Test Case

2021-11-18 12:04:13 - [MESSAGE][INFO] - Starting to call Test Case 'Test Cases/Olusturma/Genel/Olusturma'

2021-11-18 12:04:13 - [TEST_CASE][PASSED] - Test Cases/Olusturma/Genel/Olusturma: Test Cases/Olusturma/Genel/Olusturma

2021-11-18 12:04:13 - [TEST_STEP][PASSED] - driver = getWebDriver(): null

2021-11-18 12:04:13 - [TEST_STEP][PASSED] - action = new org.openqa.selenium.interactions.Actions(driver): null

2021-11-18 12:04:13 - [TEST_STEP][PASSED] - baslikElement = <not implemented yet for class: org.codehaus.groovy.ast.expr.EmptyExpression>: null

2021-11-18 12:04:13 - [TEST_STEP][PASSED] - sonElement = <not implemented yet for class: org.codehaus.groovy.ast.expr.EmptyExpression>: null

2021-11-18 12:04:13 - [TEST_STEP][PASSED] - attr = <not implemented yet for class: org.codehaus.groovy.ast.expr.EmptyExpression>: null

2021-11-18 12:04:13 - [TEST_STEP][PASSED] - a = 0: null

2021-11-18 12:04:13 - [TEST_STEP][PASSED] - elements = findWebElements(findTestObject("Object Repository/Olusturma/Genel/Olusturma/TabloBasliklari"), 10): Found 14 web elements with id: 'Object Repository/Olusturma/Genel/Olusturma/TabloBasliklari' located by 'By.cssSelector: div#divmalhizmet .dxgvTable_LECustomTheme td.dxgvHeader_LECustomTheme tr>td:nth-child(1)' in '10' second(s)

2021-11-18 12:04:13 - [MESSAGE][INFO] - Finding Test Object 'Object Repository/Olusturma/Genel/Olusturma/TabloBasliklari'

2021-11-18 12:04:13 - [MESSAGE][INFO] - Checking timeout

2021-11-18 12:04:13 - [MESSAGE][INFO] - Finding web element with id: 'Object Repository/Olusturma/Genel/Olusturma/TabloBasliklari' located by 'By.cssSelector: div#divmalhizmet .dxgvTable_LECustomTheme td.dxgvHeader_LECustomTheme tr>td:nth-child(1)' in '10' second(s)

2021-11-18 12:04:13 - [MESSAGE][INFO] - Smart Wait Function is triggered

2021-11-18 12:04:13 - [MESSAGE][INFO] - Found 14 web elements with id: 'Object Repository/Olusturma/Genel/Olusturma/TabloBasliklari' located by 'By.cssSelector: div#divmalhizmet .dxgvTable_LECustomTheme td.dxgvHeader_LECustomTheme tr>td:nth-child(1)' in '10' second(s)

2021-11-18 12:04:13 - [TEST_STEP][PASSED] - for (def element : elements): null

2021-11-18 12:04:13 - [TEST_STEP][PASSED] - build().perform(): null

2021-11-18 12:04:13 - [TEST_STEP][PASSED] - if (getText().equals(Baslik)): null

2021-11-18 12:04:13 - [TEST_STEP][PASSED] - build().perform(): null

2021-11-18 12:04:13 - [TEST_STEP][PASSED] - if (getText().equals(Baslik)): null

2021-11-18 12:04:13 - [TEST_STEP][PASSED] - baslikElement = element.findElement(By.xpath("../../../..")): Smart Wait Function is triggered

2021-11-18 12:04:13 - [MESSAGE][INFO] - Smart Wait Function is triggered

2021-11-18 12:04:14 - [TEST_STEP][PASSED] - attr = baslikElement.getAttribute("id"): null

2021-11-18 12:04:14 - [TEST_STEP][PASSED] - println("girdi ve idsini aldı = " + attr): null

2021-11-18 12:04:14 - [TEST_STEP][PASSED] - break: null

2021-11-18 12:04:14 - [TEST_STEP][PASSED] - countElement = baslikElement.findElements(By.xpath("../td")): Smart Wait Function is triggered

2021-11-18 12:04:14 - [MESSAGE][INFO] - Smart Wait Function is triggered

2021-11-18 12:04:14 - [TEST_STEP][PASSED] - for (def element : countElement): null

2021-11-18 12:04:14 - [TEST_STEP][PASSED] - if (toString().equals(attr.toString())): null

2021-11-18 12:04:14 - [TEST_STEP][PASSED] - (a++): null

2021-11-18 12:04:14 - [TEST_STEP][PASSED] - if (toString().equals(attr.toString())): null

2021-11-18 12:04:14 - [TEST_STEP][PASSED] - (a++): null

2021-11-18 12:04:14 - [TEST_STEP][PASSED] - if (toString().equals(attr.toString())): null

2021-11-18 12:04:14 - [TEST_STEP][PASSED] - break: null

2021-11-18 12:04:14 - [TEST_STEP][PASSED] - son = findWebElement(findTestObject("Object Repository/Olusturma/Genel/Olusturma/EklenenSatir")).findElement(By.xpath("td[@class='dxgvInlineEditCell_LECustomTheme dxgv'][" + a + "]//td[@class='dxic']/input")): Smart Wait Function is triggered

2021-11-18 12:04:14 - [MESSAGE][INFO] - Finding Test Object 'Object Repository/Olusturma/Genel/Olusturma/EklenenSatir'

2021-11-18 12:04:14 - [MESSAGE][INFO] - Finding web element from Test Object's properties

2021-11-18 12:04:14 - [MESSAGE][INFO] - Checking timeout

2021-11-18 12:04:14 - [MESSAGE][INFO] - Finding web element with id: 'Object Repository/Olusturma/Genel/Olusturma/EklenenSatir' located by 'By.cssSelector: #divmalhizmet .dxgvInlineEditRow_LECustomTheme' in '30' second(s)

2021-11-18 12:04:14 - [MESSAGE][INFO] - Smart Wait Function is triggered

2021-11-18 12:04:14 - [MESSAGE][INFO] - Found 1 web elements with id: 'Object Repository/Olusturma/Genel/Olusturma/EklenenSatir' located by 'By.cssSelector: #divmalhizmet .dxgvInlineEditRow_LECustomTheme' in '30' second(s)

2021-11-18 12:04:14 - [MESSAGE][INFO] - Smart Wait Function is triggered

2021-11-18 12:04:15 - [TEST_STEP][PASSED] - if (!(getAttribute("value").contains("Vkn"))): null

2021-11-18 12:04:15 - [TEST_STEP][PASSED] - son.clear(): null

2021-11-18 12:04:15 - [TEST_STEP][PASSED] - son.sendKeys(Deger): null

2021-11-18 12:04:15 - [MESSAGE][PASSED] - Call Test Case 'Test Cases/Olusturma/Genel/Olusturma' successfully

2021-11-18 12:04:15 - [MESSAGE][INFO] - Checking called Test Case

2021-11-18 12:04:15 - [MESSAGE][INFO] - Starting to call Test Case 'Test Cases/Olusturma/Genel/Olusturma'

2021-11-18 12:04:15 - [TEST_CASE][PASSED] - Test Cases/Olusturma/Genel/Olusturma: Test Cases/Olusturma/Genel/Olusturma

2021-11-18 12:04:15 - [TEST_STEP][PASSED] - driver = getWebDriver(): null

2021-11-18 12:04:15 - [TEST_STEP][PASSED] - action = new org.openqa.selenium.interactions.Actions(driver): null

2021-11-18 12:04:15 - [TEST_STEP][PASSED] - baslikElement = <not implemented yet for class: org.codehaus.groovy.ast.expr.EmptyExpression>: null

2021-11-18 12:04:15 - [TEST_STEP][PASSED] - sonElement = <not implemented yet for class: org.codehaus.groovy.ast.expr.EmptyExpression>: null

2021-11-18 12:04:15 - [TEST_STEP][PASSED] - attr = <not implemented yet for class: org.codehaus.groovy.ast.expr.EmptyExpression>: null

2021-11-18 12:04:15 - [TEST_STEP][PASSED] - a = 0: null

2021-11-18 12:04:15 - [TEST_STEP][PASSED] - elements = findWebElements(findTestObject("Object Repository/Olusturma/Genel/Olusturma/TabloBasliklari"), 10): Found 14 web elements with id: 'Object Repository/Olusturma/Genel/Olusturma/TabloBasliklari' located by 'By.cssSelector: div#divmalhizmet .dxgvTable_LECustomTheme td.dxgvHeader_LECustomTheme tr>td:nth-child(1)' in '10' second(s)

2021-11-18 12:04:15 - [MESSAGE][INFO] - Finding Test Object 'Object Repository/Olusturma/Genel/Olusturma/TabloBasliklari'

2021-11-18 12:04:15 - [MESSAGE][INFO] - Checking timeout

2021-11-18 12:04:15 - [MESSAGE][INFO] - Finding web element with id: 'Object Repository/Olusturma/Genel/Olusturma/TabloBasliklari' located by 'By.cssSelector: div#divmalhizmet .dxgvTable_LECustomTheme td.dxgvHeader_LECustomTheme tr>td:nth-child(1)' in '10' second(s)

2021-11-18 12:04:15 - [MESSAGE][INFO] - Smart Wait Function is triggered

2021-11-18 12:04:15 - [MESSAGE][INFO] - Found 14 web elements with id: 'Object Repository/Olusturma/Genel/Olusturma/TabloBasliklari' located by 'By.cssSelector: div#divmalhizmet .dxgvTable_LECustomTheme td.dxgvHeader_LECustomTheme tr>td:nth-child(1)' in '10' second(s)

2021-11-18 12:04:15 - [TEST_STEP][PASSED] - for (def element : elements): null

2021-11-18 12:04:15 - [TEST_STEP][PASSED] - build().perform(): null

2021-11-18 12:04:15 - [TEST_STEP][PASSED] - if (getText().equals(Baslik)): null

2021-11-18 12:04:15 - [TEST_STEP][PASSED] - build().perform(): null

2021-11-18 12:04:15 - [TEST_STEP][PASSED] - if (getText().equals(Baslik)): null

2021-11-18 12:04:15 - [TEST_STEP][PASSED] - build().perform(): null

2021-11-18 12:04:16 - [TEST_STEP][PASSED] - if (getText().equals(Baslik)): null

2021-11-18 12:04:16 - [TEST_STEP][PASSED] - build().perform(): null

2021-11-18 12:04:16 - [TEST_STEP][PASSED] - if (getText().equals(Baslik)): null

2021-11-18 12:04:16 - [TEST_STEP][PASSED] - baslikElement = element.findElement(By.xpath("../../../..")): Smart Wait Function is triggered

2021-11-18 12:04:16 - [MESSAGE][INFO] - Smart Wait Function is triggered

2021-11-18 12:04:16 - [TEST_STEP][PASSED] - attr = baslikElement.getAttribute("id"): null

2021-11-18 12:04:16 - [TEST_STEP][PASSED] - println("girdi ve idsini aldı = " + attr): null

2021-11-18 12:04:16 - [TEST_STEP][PASSED] - break: null

2021-11-18 12:04:16 - [TEST_STEP][PASSED] - countElement = baslikElement.findElements(By.xpath("../td")): Smart Wait Function is triggered

2021-11-18 12:04:16 - [MESSAGE][INFO] - Smart Wait Function is triggered

2021-11-18 12:04:16 - [TEST_STEP][PASSED] - for (def element : countElement): null

2021-11-18 12:04:16 - [TEST_STEP][PASSED] - if (toString().equals(attr.toString())): null

2021-11-18 12:04:16 - [TEST_STEP][PASSED] - (a++): null

2021-11-18 12:04:16 - [TEST_STEP][PASSED] - if (toString().equals(attr.toString())): null

2021-11-18 12:04:16 - [TEST_STEP][PASSED] - (a++): null

2021-11-18 12:04:16 - [TEST_STEP][PASSED] - if (toString().equals(attr.toString())): null

2021-11-18 12:04:16 - [TEST_STEP][PASSED] - (a++): null

2021-11-18 12:04:16 - [TEST_STEP][PASSED] - if (toString().equals(attr.toString())): null

2021-11-18 12:04:16 - [TEST_STEP][PASSED] - (a++): null

2021-11-18 12:04:16 - [TEST_STEP][PASSED] - if (toString().equals(attr.toString())): null

2021-11-18 12:04:16 - [TEST_STEP][PASSED] - break: null

2021-11-18 12:04:16 - [TEST_STEP][PASSED] - son = findWebElement(findTestObject("Object Repository/Olusturma/Genel/Olusturma/EklenenSatir")).findElement(By.xpath("td[@class='dxgvInlineEditCell_LECustomTheme dxgv'][" + a + "]//td[@class='dxic']/input")): Smart Wait Function is triggered

2021-11-18 12:04:16 - [MESSAGE][INFO] - Finding Test Object 'Object Repository/Olusturma/Genel/Olusturma/EklenenSatir'

2021-11-18 12:04:16 - [MESSAGE][INFO] - Finding web element from Test Object's properties

2021-11-18 12:04:16 - [MESSAGE][INFO] - Checking timeout

2021-11-18 12:04:16 - [MESSAGE][INFO] - Finding web element with id: 'Object Repository/Olusturma/Genel/Olusturma/EklenenSatir' located by 'By.cssSelector: #divmalhizmet .dxgvInlineEditRow_LECustomTheme' in '30' second(s)

2021-11-18 12:04:16 - [MESSAGE][INFO] - Smart Wait Function is triggered

2021-11-18 12:04:17 - [MESSAGE][INFO] - Found 1 web elements with id: 'Object Repository/Olusturma/Genel/Olusturma/EklenenSatir' located by 'By.cssSelector: #divmalhizmet .dxgvInlineEditRow_LECustomTheme' in '30' second(s)

2021-11-18 12:04:17 - [MESSAGE][INFO] - Smart Wait Function is triggered

2021-11-18 12:04:17 - [TEST_STEP][PASSED] - if (!(getAttribute("value").contains("Vkn"))): null

2021-11-18 12:04:17 - [TEST_STEP][PASSED] - son.clear(): null

2021-11-18 12:04:17 - [TEST_STEP][PASSED] - son.sendKeys(Deger): null

2021-11-18 12:04:17 - [MESSAGE][PASSED] - Call Test Case 'Test Cases/Olusturma/Genel/Olusturma' successfully

2021-11-18 12:04:17 - [MESSAGE][INFO] - Checking called Test Case

2021-11-18 12:04:17 - [MESSAGE][INFO] - Starting to call Test Case 'Test Cases/Olusturma/Genel/Olusturma'

2021-11-18 12:04:17 - [TEST_CASE][PASSED] - Test Cases/Olusturma/Genel/Olusturma: Test Cases/Olusturma/Genel/Olusturma

2021-11-18 12:04:17 - [TEST_STEP][PASSED] - driver = getWebDriver(): null

2021-11-18 12:04:17 - [TEST_STEP][PASSED] - action = new org.openqa.selenium.interactions.Actions(driver): null

2021-11-18 12:04:17 - [TEST_STEP][PASSED] - baslikElement = <not implemented yet for class: org.codehaus.groovy.ast.expr.EmptyExpression>: null

2021-11-18 12:04:17 - [TEST_STEP][PASSED] - sonElement = <not implemented yet for class: org.codehaus.groovy.ast.expr.EmptyExpression>: null

2021-11-18 12:04:17 - [TEST_STEP][PASSED] - attr = <not implemented yet for class: org.codehaus.groovy.ast.expr.EmptyExpression>: null

2021-11-18 12:04:17 - [TEST_STEP][PASSED] - a = 0: null

2021-11-18 12:04:17 - [TEST_STEP][PASSED] - elements = findWebElements(findTestObject("Object Repository/Olusturma/Genel/Olusturma/TabloBasliklari"), 10): Found 14 web elements with id: 'Object Repository/Olusturma/Genel/Olusturma/TabloBasliklari' located by 'By.cssSelector: div#divmalhizmet .dxgvTable_LECustomTheme td.dxgvHeader_LECustomTheme tr>td:nth-child(1)' in '10' second(s)

2021-11-18 12:04:17 - [MESSAGE][INFO] - Finding Test Object 'Object Repository/Olusturma/Genel/Olusturma/TabloBasliklari'

2021-11-18 12:04:17 - [MESSAGE][INFO] - Checking timeout

2021-11-18 12:04:17 - [MESSAGE][INFO] - Finding web element with id: 'Object Repository/Olusturma/Genel/Olusturma/TabloBasliklari' located by 'By.cssSelector: div#divmalhizmet .dxgvTable_LECustomTheme td.dxgvHeader_LECustomTheme tr>td:nth-child(1)' in '10' second(s)

2021-11-18 12:04:17 - [MESSAGE][INFO] - Smart Wait Function is triggered

2021-11-18 12:04:18 - [MESSAGE][INFO] - Found 14 web elements with id: 'Object Repository/Olusturma/Genel/Olusturma/TabloBasliklari' located by 'By.cssSelector: div#divmalhizmet .dxgvTable_LECustomTheme td.dxgvHeader_LECustomTheme tr>td:nth-child(1)' in '10' second(s)

2021-11-18 12:04:18 - [TEST_STEP][PASSED] - for (def element : elements): null

2021-11-18 12:04:18 - [TEST_STEP][PASSED] - build().perform(): null

2021-11-18 12:04:18 - [TEST_STEP][PASSED] - if (getText().equals(Baslik)): null

2021-11-18 12:04:18 - [TEST_STEP][PASSED] - build().perform(): null

2021-11-18 12:04:18 - [TEST_STEP][PASSED] - if (getText().equals(Baslik)): null

2021-11-18 12:04:18 - [TEST_STEP][PASSED] - build().perform(): null

2021-11-18 12:04:18 - [TEST_STEP][PASSED] - if (getText().equals(Baslik)): null

2021-11-18 12:04:18 - [TEST_STEP][PASSED] - build().perform(): null

2021-11-18 12:04:18 - [TEST_STEP][PASSED] - if (getText().equals(Baslik)): null

2021-11-18 12:04:18 - [TEST_STEP][PASSED] - build().perform(): null

2021-11-18 12:04:18 - [TEST_STEP][PASSED] - if (getText().equals(Baslik)): null

2021-11-18 12:04:18 - [TEST_STEP][PASSED] - build().perform(): null

2021-11-18 12:04:18 - [TEST_STEP][PASSED] - if (getText().equals(Baslik)): null

2021-11-18 12:04:18 - [TEST_STEP][PASSED] - baslikElement = element.findElement(By.xpath("../../../..")): Smart Wait Function is triggered

2021-11-18 12:04:18 - [MESSAGE][INFO] - Smart Wait Function is triggered

2021-11-18 12:04:19 - [TEST_STEP][PASSED] - attr = baslikElement.getAttribute("id"): null

2021-11-18 12:04:19 - [TEST_STEP][PASSED] - println("girdi ve idsini aldı = " + attr): null

2021-11-18 12:04:19 - [TEST_STEP][PASSED] - break: null

2021-11-18 12:04:19 - [TEST_STEP][PASSED] - countElement = baslikElement.findElements(By.xpath("../td")): Smart Wait Function is triggered

2021-11-18 12:04:19 - [MESSAGE][INFO] - Smart Wait Function is triggered

2021-11-18 12:04:19 - [TEST_STEP][PASSED] - for (def element : countElement): null

2021-11-18 12:04:19 - [TEST_STEP][PASSED] - if (toString().equals(attr.toString())): null

2021-11-18 12:04:19 - [TEST_STEP][PASSED] - (a++): null

2021-11-18 12:04:19 - [TEST_STEP][PASSED] - if (toString().equals(attr.toString())): null

2021-11-18 12:04:19 - [TEST_STEP][PASSED] - (a++): null

2021-11-18 12:04:19 - [TEST_STEP][PASSED] - if (toString().equals(attr.toString())): null

2021-11-18 12:04:19 - [TEST_STEP][PASSED] - (a++): null

2021-11-18 12:04:19 - [TEST_STEP][PASSED] - if (toString().equals(attr.toString())): null

2021-11-18 12:04:19 - [TEST_STEP][PASSED] - (a++): null

2021-11-18 12:04:19 - [TEST_STEP][PASSED] - if (toString().equals(attr.toString())): null

2021-11-18 12:04:19 - [TEST_STEP][PASSED] - (a++): null

2021-11-18 12:04:19 - [TEST_STEP][PASSED] - if (toString().equals(attr.toString())): null

2021-11-18 12:04:19 - [TEST_STEP][PASSED] - (a++): null

2021-11-18 12:04:19 - [TEST_STEP][PASSED] - if (toString().equals(attr.toString())): null

2021-11-18 12:04:19 - [TEST_STEP][PASSED] - break: null

2021-11-18 12:04:19 - [TEST_STEP][PASSED] - son = findWebElement(findTestObject("Object Repository/Olusturma/Genel/Olusturma/EklenenSatir")).findElement(By.xpath("td[@class='dxgvInlineEditCell_LECustomTheme dxgv'][" + a + "]//td[@class='dxic']/input")): Smart Wait Function is triggered

2021-11-18 12:04:19 - [MESSAGE][INFO] - Finding Test Object 'Object Repository/Olusturma/Genel/Olusturma/EklenenSatir'

2021-11-18 12:04:19 - [MESSAGE][INFO] - Finding web element from Test Object's properties

2021-11-18 12:04:19 - [MESSAGE][INFO] - Checking timeout

2021-11-18 12:04:19 - [MESSAGE][INFO] - Finding web element with id: 'Object Repository/Olusturma/Genel/Olusturma/EklenenSatir' located by 'By.cssSelector: #divmalhizmet .dxgvInlineEditRow_LECustomTheme' in '30' second(s)

2021-11-18 12:04:19 - [MESSAGE][INFO] - Smart Wait Function is triggered

2021-11-18 12:04:19 - [MESSAGE][INFO] - Found 1 web elements with id: 'Object Repository/Olusturma/Genel/Olusturma/EklenenSatir' located by 'By.cssSelector: #divmalhizmet .dxgvInlineEditRow_LECustomTheme' in '30' second(s)

2021-11-18 12:04:19 - [MESSAGE][INFO] - Smart Wait Function is triggered

2021-11-18 12:04:20 - [TEST_STEP][PASSED] - if (!(getAttribute("value").contains("Vkn"))): null

2021-11-18 12:04:20 - [TEST_STEP][PASSED] - son.clear(): null

2021-11-18 12:04:20 - [TEST_STEP][PASSED] - son.sendKeys(Deger): null

2021-11-18 12:04:20 - [MESSAGE][PASSED] - Call Test Case 'Test Cases/Olusturma/Genel/Olusturma' successfully

2021-11-18 12:04:20 - [MESSAGE][INFO] - Checking called Test Case

2021-11-18 12:04:20 - [MESSAGE][INFO] - Starting to call Test Case 'Test Cases/Olusturma/Genel/Olusturma'

2021-11-18 12:04:20 - [TEST_CASE][PASSED] - Test Cases/Olusturma/Genel/Olusturma: Test Cases/Olusturma/Genel/Olusturma

2021-11-18 12:04:20 - [TEST_STEP][PASSED] - driver = getWebDriver(): null

2021-11-18 12:04:20 - [TEST_STEP][PASSED] - action = new org.openqa.selenium.interactions.Actions(driver): null

2021-11-18 12:04:20 - [TEST_STEP][PASSED] - baslikElement = <not implemented yet for class: org.codehaus.groovy.ast.expr.EmptyExpression>: null

2021-11-18 12:04:20 - [TEST_STEP][PASSED] - sonElement = <not implemented yet for class: org.codehaus.groovy.ast.expr.EmptyExpression>: null

2021-11-18 12:04:20 - [TEST_STEP][PASSED] - attr = <not implemented yet for class: org.codehaus.groovy.ast.expr.EmptyExpression>: null

2021-11-18 12:04:20 - [TEST_STEP][PASSED] - a = 0: null

2021-11-18 12:04:20 - [TEST_STEP][PASSED] - elements = findWebElements(findTestObject("Object Repository/Olusturma/Genel/Olusturma/TabloBasliklari"), 10): Found 14 web elements with id: 'Object Repository/Olusturma/Genel/Olusturma/TabloBasliklari' located by 'By.cssSelector: div#divmalhizmet .dxgvTable_LECustomTheme td.dxgvHeader_LECustomTheme tr>td:nth-child(1)' in '10' second(s)

2021-11-18 12:04:20 - [MESSAGE][INFO] - Finding Test Object 'Object Repository/Olusturma/Genel/Olusturma/TabloBasliklari'

2021-11-18 12:04:20 - [MESSAGE][INFO] - Checking timeout

2021-11-18 12:04:20 - [MESSAGE][INFO] - Finding web element with id: 'Object Repository/Olusturma/Genel/Olusturma/TabloBasliklari' located by 'By.cssSelector: div#divmalhizmet .dxgvTable_LECustomTheme td.dxgvHeader_LECustomTheme tr>td:nth-child(1)' in '10' second(s)

2021-11-18 12:04:20 - [MESSAGE][INFO] - Smart Wait Function is triggered

2021-11-18 12:04:20 - [MESSAGE][INFO] - Found 14 web elements with id: 'Object Repository/Olusturma/Genel/Olusturma/TabloBasliklari' located by 'By.cssSelector: div#divmalhizmet .dxgvTable_LECustomTheme td.dxgvHeader_LECustomTheme tr>td:nth-child(1)' in '10' second(s)

2021-11-18 12:04:20 - [TEST_STEP][PASSED] - for (def element : elements): null

2021-11-18 12:04:20 - [TEST_STEP][PASSED] - build().perform(): null

2021-11-18 12:04:20 - [TEST_STEP][PASSED] - if (getText().equals(Baslik)): null

2021-11-18 12:04:21 - [TEST_STEP][PASSED] - build().perform(): null

2021-11-18 12:04:21 - [TEST_STEP][PASSED] - if (getText().equals(Baslik)): null

2021-11-18 12:04:21 - [TEST_STEP][PASSED] - build().perform(): null

2021-11-18 12:04:21 - [TEST_STEP][PASSED] - if (getText().equals(Baslik)): null

2021-11-18 12:04:21 - [TEST_STEP][PASSED] - build().perform(): null

2021-11-18 12:04:21 - [TEST_STEP][PASSED] - if (getText().equals(Baslik)): null

2021-11-18 12:04:21 - [TEST_STEP][PASSED] - build().perform(): null

2021-11-18 12:04:21 - [TEST_STEP][PASSED] - if (getText().equals(Baslik)): null

2021-11-18 12:04:21 - [TEST_STEP][PASSED] - build().perform(): null

2021-11-18 12:04:21 - [TEST_STEP][PASSED] - if (getText().equals(Baslik)): null

2021-11-18 12:04:21 - [TEST_STEP][PASSED] - build().perform(): null

2021-11-18 12:04:21 - [TEST_STEP][PASSED] - if (getText().equals(Baslik)): null

2021-11-18 12:04:21 - [TEST_STEP][PASSED] - baslikElement = element.findElement(By.xpath("../../../..")): Smart Wait Function is triggered

2021-11-18 12:04:21 - [MESSAGE][INFO] - Smart Wait Function is triggered

2021-11-18 12:04:22 - [TEST_STEP][PASSED] - attr = baslikElement.getAttribute("id"): null

2021-11-18 12:04:22 - [TEST_STEP][PASSED] - println("girdi ve idsini aldı = " + attr): null

2021-11-18 12:04:22 - [TEST_STEP][PASSED] - break: null

2021-11-18 12:04:22 - [TEST_STEP][PASSED] - countElement = baslikElement.findElements(By.xpath("../td")): Smart Wait Function is triggered

2021-11-18 12:04:22 - [MESSAGE][INFO] - Smart Wait Function is triggered

2021-11-18 12:04:22 - [TEST_STEP][PASSED] - for (def element : countElement): null

2021-11-18 12:04:22 - [TEST_STEP][PASSED] - if (toString().equals(attr.toString())): null

2021-11-18 12:04:22 - [TEST_STEP][PASSED] - (a++): null

2021-11-18 12:04:22 - [TEST_STEP][PASSED] - if (toString().equals(attr.toString())): null

2021-11-18 12:04:22 - [TEST_STEP][PASSED] - (a++): null

2021-11-18 12:04:22 - [TEST_STEP][PASSED] - if (toString().equals(attr.toString())): null

2021-11-18 12:04:22 - [TEST_STEP][PASSED] - (a++): null

2021-11-18 12:04:22 - [TEST_STEP][PASSED] - if (toString().equals(attr.toString())): null

2021-11-18 12:04:22 - [TEST_STEP][PASSED] - (a++): null

2021-11-18 12:04:22 - [TEST_STEP][PASSED] - if (toString().equals(attr.toString())): null

2021-11-18 12:04:22 - [TEST_STEP][PASSED] - (a++): null

2021-11-18 12:04:22 - [TEST_STEP][PASSED] - if (toString().equals(attr.toString())): null

2021-11-18 12:04:22 - [TEST_STEP][PASSED] - (a++): null

2021-11-18 12:04:22 - [TEST_STEP][PASSED] - if (toString().equals(attr.toString())): null

2021-11-18 12:04:22 - [TEST_STEP][PASSED] - (a++): null

2021-11-18 12:04:22 - [TEST_STEP][PASSED] - if (toString().equals(attr.toString())): null

2021-11-18 12:04:22 - [TEST_STEP][PASSED] - break: null

2021-11-18 12:04:22 - [TEST_STEP][PASSED] - son = findWebElement(findTestObject("Object Repository/Olusturma/Genel/Olusturma/EklenenSatir")).findElement(By.xpath("td[@class='dxgvInlineEditCell_LECustomTheme dxgv'][" + a + "]//td[@class='dxic']/input")): Smart Wait Function is triggered

2021-11-18 12:04:22 - [MESSAGE][INFO] - Finding Test Object 'Object Repository/Olusturma/Genel/Olusturma/EklenenSatir'

2021-11-18 12:04:22 - [MESSAGE][INFO] - Finding web element from Test Object's properties

2021-11-18 12:04:22 - [MESSAGE][INFO] - Checking timeout

2021-11-18 12:04:22 - [MESSAGE][INFO] - Finding web element with id: 'Object Repository/Olusturma/Genel/Olusturma/EklenenSatir' located by 'By.cssSelector: #divmalhizmet .dxgvInlineEditRow_LECustomTheme' in '30' second(s)

2021-11-18 12:04:22 - [MESSAGE][INFO] - Smart Wait Function is triggered

2021-11-18 12:04:22 - [MESSAGE][INFO] - Found 1 web elements with id: 'Object Repository/Olusturma/Genel/Olusturma/EklenenSatir' located by 'By.cssSelector: #divmalhizmet .dxgvInlineEditRow_LECustomTheme' in '30' second(s)

2021-11-18 12:04:22 - [MESSAGE][INFO] - Smart Wait Function is triggered

2021-11-18 12:04:23 - [TEST_STEP][PASSED] - if (!(getAttribute("value").contains("Vkn"))): null

2021-11-18 12:04:23 - [TEST_STEP][PASSED] - son.clear(): null

2021-11-18 12:04:23 - [TEST_STEP][PASSED] - son.sendKeys(Deger): null

2021-11-18 12:04:23 - [MESSAGE][PASSED] - Call Test Case 'Test Cases/Olusturma/Genel/Olusturma' successfully

2021-11-18 12:04:23 - [MESSAGE][INFO] - Checking called Test Case

2021-11-18 12:04:23 - [MESSAGE][INFO] - Starting to call Test Case 'Test Cases/Olusturma/Genel/NotGirilir'

2021-11-18 12:04:23 - [TEST_CASE][PASSED] - Test Cases/Olusturma/Genel/NotGirilir: Test Cases/Olusturma/Genel/NotGirilir

2021-11-18 12:04:23 - [TEST_STEP][PASSED] - i = 0: null

2021-11-18 12:04:23 - [TEST_STEP][PASSED] - waitForElementClickable(findTestObject("Olusturma/Genel/Not/Notlar"), 10): Object 'Object Repository/Olusturma/Genel/Not/Notlar' is clickable

2021-11-18 12:04:23 - [MESSAGE][INFO] - Finding Test Object 'Object Repository/Olusturma/Genel/Not/Notlar'

2021-11-18 12:04:23 - [MESSAGE][INFO] - Checking object

2021-11-18 12:04:23 - [MESSAGE][INFO] - Checking timeout

2021-11-18 12:04:23 - [MESSAGE][INFO] - Finding web element from Test Object's properties

2021-11-18 12:04:23 - [MESSAGE][INFO] - Checking timeout

2021-11-18 12:04:23 - [MESSAGE][INFO] - Finding web element with id: 'Object Repository/Olusturma/Genel/Not/Notlar' located by 'By.xpath: //*[@id = 'txtNote_I']' in '10' second(s)

2021-11-18 12:04:23 - [MESSAGE][INFO] - Smart Wait Function is triggered

2021-11-18 12:04:23 - [MESSAGE][INFO] - Found 1 web elements with id: 'Object Repository/Olusturma/Genel/Not/Notlar' located by 'By.xpath: //*[@id = 'txtNote_I']' in '10' second(s)

2021-11-18 12:04:23 - [MESSAGE][PASSED] - Object 'Object Repository/Olusturma/Genel/Not/Notlar' is clickable

2021-11-18 12:04:23 - [TEST_STEP][PASSED] - clearText(findTestObject("Olusturma/Genel/Not/Notlar")): Text of object 'Object Repository/Olusturma/Genel/Not/Notlar' is cleared

2021-11-18 12:04:23 - [MESSAGE][INFO] - Finding Test Object 'Object Repository/Olusturma/Genel/Not/Notlar'

2021-11-18 12:04:23 - [MESSAGE][INFO] - Checking object

2021-11-18 12:04:23 - [MESSAGE][INFO] - Finding web element from Test Object's properties

2021-11-18 12:04:23 - [MESSAGE][INFO] - Checking timeout

2021-11-18 12:04:23 - [MESSAGE][INFO] - Finding web element with id: 'Object Repository/Olusturma/Genel/Not/Notlar' located by 'By.xpath: //*[@id = 'txtNote_I']' in '30' second(s)

2021-11-18 12:04:23 - [MESSAGE][INFO] - Smart Wait Function is triggered

2021-11-18 12:04:24 - [MESSAGE][INFO] - Found 1 web elements with id: 'Object Repository/Olusturma/Genel/Not/Notlar' located by 'By.xpath: //*[@id = 'txtNote_I']' in '30' second(s)

2021-11-18 12:04:24 - [MESSAGE][INFO] - Clearing text of object 'Object Repository/Olusturma/Genel/Not/Notlar'

2021-11-18 12:04:24 - [MESSAGE][PASSED] - Text of object 'Object Repository/Olusturma/Genel/Not/Notlar' is cleared

2021-11-18 12:04:24 - [TEST_STEP][PASSED] - click(findTestObject("Olusturma/Genel/Not/Notlar")): Object: 'Object Repository/Olusturma/Genel/Not/Notlar' is clicked on

2021-11-18 12:04:24 - [MESSAGE][INFO] - Finding Test Object 'Object Repository/Olusturma/Genel/Not/Notlar'

2021-11-18 12:04:24 - [MESSAGE][INFO] - Checking object

2021-11-18 12:04:24 - [MESSAGE][INFO] - Finding web element from Test Object's properties

2021-11-18 12:04:24 - [MESSAGE][INFO] - Checking timeout

2021-11-18 12:04:24 - [MESSAGE][INFO] - Finding web element with id: 'Object Repository/Olusturma/Genel/Not/Notlar' located by 'By.xpath: //*[@id = 'txtNote_I']' in '30' second(s)

2021-11-18 12:04:24 - [MESSAGE][INFO] - Smart Wait Function is triggered

2021-11-18 12:04:24 - [MESSAGE][INFO] - Found 1 web elements with id: 'Object Repository/Olusturma/Genel/Not/Notlar' located by 'By.xpath: //*[@id = 'txtNote_I']' in '30' second(s)

2021-11-18 12:04:24 - [MESSAGE][INFO] - Clicking on object: 'Object Repository/Olusturma/Genel/Not/Notlar'

2021-11-18 12:04:24 - [MESSAGE][PASSED] - Object: 'Object Repository/Olusturma/Genel/Not/Notlar' is clicked on

2021-11-18 12:04:24 - [TEST_STEP][PASSED] - while (true): null

2021-11-18 12:04:24 - [TEST_STEP][PASSED] - delay(1): Delayed 1 second(s)

2021-11-18 12:04:24 - [MESSAGE][INFO] - Delaying browser in 1 second(s)

2021-11-18 12:04:25 - [MESSAGE][PASSED] - Delayed 1 second(s)

2021-11-18 12:04:25 - [TEST_STEP][PASSED] - ajaxIsComplete = executeJavaScript("return jQuery.active == 0", null): Execute JavaScript 'return jQuery.active == 0' successfully

2021-11-18 12:04:25 - [MESSAGE][PASSED] - Execute JavaScript 'return jQuery.active == 0' successfully

2021-11-18 12:04:25 - [TEST_STEP][PASSED] - if (ajaxIsComplete): null

2021-11-18 12:04:25 - [TEST_STEP][PASSED] - break: null

2021-11-18 12:04:25 - [TEST_STEP][PASSED] - sendKeys(findTestObject("Olusturma/Genel/Not/Notlar"), Not): Keys 'Otomasyon Not' sent to object: 'Object Repository/Olusturma/Genel/Not/Notlar'

2021-11-18 12:04:25 - [MESSAGE][INFO] - Finding Test Object 'Object Repository/Olusturma/Genel/Not/Notlar'

2021-11-18 12:04:25 - [MESSAGE][INFO] - Sending keys 'Otomasyon Not' to object: 'Object Repository/Olusturma/Genel/Not/Notlar'

2021-11-18 12:04:25 - [MESSAGE][INFO] - Finding web element from Test Object's properties

2021-11-18 12:04:25 - [MESSAGE][INFO] - Checking timeout

2021-11-18 12:04:25 - [MESSAGE][INFO] - Finding web element with id: 'Object Repository/Olusturma/Genel/Not/Notlar' located by 'By.xpath: //*[@id = 'txtNote_I']' in '30' second(s)

2021-11-18 12:04:25 - [MESSAGE][INFO] - Smart Wait Function is triggered

2021-11-18 12:04:25 - [MESSAGE][INFO] - Found 1 web elements with id: 'Object Repository/Olusturma/Genel/Not/Notlar' located by 'By.xpath: //*[@id = 'txtNote_I']' in '30' second(s)

2021-11-18 12:04:26 - [MESSAGE][PASSED] - Keys 'Otomasyon Not' sent to object: 'Object Repository/Olusturma/Genel/Not/Notlar'

2021-11-18 12:04:26 - [MESSAGE][PASSED] - Call Test Case 'Test Cases/Olusturma/Genel/NotGirilir' successfully

2021-11-18 12:04:26 - [MESSAGE][INFO] - Checking called Test Case

2021-11-18 12:04:26 - [MESSAGE][INFO] - Starting to call Test Case 'Test Cases/Olusturma/Genel/EttnBilgisiKayitEdilir'

2021-11-18 12:04:26 - [TEST_CASE][PASSED] - Test Cases/Olusturma/Genel/EttnBilgisiKayitEdilir: Test Cases/Olusturma/Genel/EttnBilgisiKayitEdilir

2021-11-18 12:04:26 - [TEST_STEP][PASSED] - verifyElementPresent(findTestObject("Object Repository/Olusturma/Genel/Olusturma/eArsivEttnBilgisi"), 7): Object 'Object Repository/Olusturma/Genel/Olusturma/eArsivEttnBilgisi' is present

2021-11-18 12:04:26 - [MESSAGE][INFO] - Finding Test Object 'Object Repository/Olusturma/Genel/Olusturma/eArsivEttnBilgisi'

2021-11-18 12:04:26 - [MESSAGE][INFO] - Checking object

2021-11-18 12:04:26 - [MESSAGE][INFO] - Finding web element from Test Object's properties

2021-11-18 12:04:26 - [MESSAGE][INFO] - Checking timeout

2021-11-18 12:04:26 - [MESSAGE][INFO] - Finding web element with id: 'Object Repository/Olusturma/Genel/Olusturma/eArsivEttnBilgisi' located by 'By.xpath: //*[@id = 'Uuid_I']' in '7' second(s)

2021-11-18 12:04:26 - [MESSAGE][INFO] - Smart Wait Function is triggered

2021-11-18 12:04:26 - [MESSAGE][INFO] - Found 1 web elements with id: 'Object Repository/Olusturma/Genel/Olusturma/eArsivEttnBilgisi' located by 'By.xpath: //*[@id = 'Uuid_I']' in '7' second(s)

2021-11-18 12:04:26 - [MESSAGE][PASSED] - Object 'Object Repository/Olusturma/Genel/Olusturma/eArsivEttnBilgisi' is present

2021-11-18 12:04:26 - [TEST_STEP][PASSED] - ettn = getAttribute(findTestObject("Object Repository/Olusturma/Genel/Olusturma/eArsivEttnBilgisi"), "value"): Attribute 'value' of object 'Object Repository/Olusturma/Genel/Olusturma/eArsivEttnBilgisi' is: '938e160f-d5c2-4b82-8cf8-4f1a652ee07b'

2021-11-18 12:04:26 - [MESSAGE][INFO] - Finding Test Object 'Object Repository/Olusturma/Genel/Olusturma/eArsivEttnBilgisi'

2021-11-18 12:04:26 - [MESSAGE][INFO] - Checking object

2021-11-18 12:04:26 - [MESSAGE][INFO] - Checking attribute

2021-11-18 12:04:26 - [MESSAGE][INFO] - Finding web element from Test Object's properties

2021-11-18 12:04:26 - [MESSAGE][INFO] - Checking timeout

2021-11-18 12:04:26 - [MESSAGE][INFO] - Finding web element with id: 'Object Repository/Olusturma/Genel/Olusturma/eArsivEttnBilgisi' located by 'By.xpath: //*[@id = 'Uuid_I']' in '30' second(s)

2021-11-18 12:04:26 - [MESSAGE][INFO] - Smart Wait Function is triggered

2021-11-18 12:04:26 - [MESSAGE][INFO] - Found 1 web elements with id: 'Object Repository/Olusturma/Genel/Olusturma/eArsivEttnBilgisi' located by 'By.xpath: //*[@id = 'Uuid_I']' in '30' second(s)

2021-11-18 12:04:26 - [MESSAGE][INFO] - Getting attribute 'value' of object 'Object Repository/Olusturma/Genel/Olusturma/eArsivEttnBilgisi'

2021-11-18 12:04:26 - [MESSAGE][PASSED] - Attribute 'value' of object 'Object Repository/Olusturma/Genel/Olusturma/eArsivEttnBilgisi' is: '938e160f-d5c2-4b82-8cf8-4f1a652ee07b'

2021-11-18 12:04:26 - [MESSAGE][PASSED] - Call Test Case 'Test Cases/Olusturma/Genel/EttnBilgisiKayitEdilir' successfully

2021-11-18 12:04:26 - [MESSAGE][INFO] - Checking called Test Case

2021-11-18 12:04:26 - [MESSAGE][INFO] - Starting to call Test Case 'Test Cases/Olusturma/Genel/KaydetButonunaTiklanir'

2021-11-18 12:04:26 - [TEST_CASE][PASSED] - Test Cases/Olusturma/Genel/KaydetButonunaTiklanir: Test Cases/Olusturma/Genel/KaydetButonunaTiklanir

2021-11-18 12:04:26 - [TEST_STEP][PASSED] - i = 0: null

2021-11-18 12:04:26 - [TEST_STEP][PASSED] - waitForElementPresent(findTestObject("Olusturma/Genel/Not/Notlar"), 10): Object 'Object Repository/Olusturma/Genel/Not/Notlar' is present

2021-11-18 12:04:26 - [MESSAGE][INFO] - Finding Test Object 'Object Repository/Olusturma/Genel/Not/Notlar'

2021-11-18 12:04:26 - [MESSAGE][INFO] - Checking object

2021-11-18 12:04:26 - [MESSAGE][INFO] - Finding web element from Test Object's properties

2021-11-18 12:04:26 - [MESSAGE][INFO] - Checking timeout

2021-11-18 12:04:26 - [MESSAGE][INFO] - Finding web element with id: 'Object Repository/Olusturma/Genel/Not/Notlar' located by 'By.xpath: //*[@id = 'txtNote_I']' in '10' second(s)

2021-11-18 12:04:26 - [MESSAGE][INFO] - Smart Wait Function is triggered

2021-11-18 12:04:27 - [MESSAGE][INFO] - Found 1 web elements with id: 'Object Repository/Olusturma/Genel/Not/Notlar' located by 'By.xpath: //*[@id = 'txtNote_I']' in '10' second(s)

2021-11-18 12:04:27 - [MESSAGE][PASSED] - Object 'Object Repository/Olusturma/Genel/Not/Notlar' is present

2021-11-18 12:04:27 - [TEST_STEP][PASSED] - click(findTestObject("Olusturma/Genel/Not/Notlar")): Object: 'Object Repository/Olusturma/Genel/Not/Notlar' is clicked on

2021-11-18 12:04:27 - [MESSAGE][INFO] - Finding Test Object 'Object Repository/Olusturma/Genel/Not/Notlar'

2021-11-18 12:04:27 - [MESSAGE][INFO] - Checking object

2021-11-18 12:04:27 - [MESSAGE][INFO] - Finding web element from Test Object's properties

2021-11-18 12:04:27 - [MESSAGE][INFO] - Checking timeout

2021-11-18 12:04:27 - [MESSAGE][INFO] - Finding web element with id: 'Object Repository/Olusturma/Genel/Not/Notlar' located by 'By.xpath: //*[@id = 'txtNote_I']' in '30' second(s)

2021-11-18 12:04:27 - [MESSAGE][INFO] - Smart Wait Function is triggered

2021-11-18 12:04:27 - [MESSAGE][INFO] - Found 1 web elements with id: 'Object Repository/Olusturma/Genel/Not/Notlar' located by 'By.xpath: //*[@id = 'txtNote_I']' in '30' second(s)

2021-11-18 12:04:27 - [MESSAGE][INFO] - Clicking on object: 'Object Repository/Olusturma/Genel/Not/Notlar'

2021-11-18 12:04:27 - [MESSAGE][PASSED] - Object: 'Object Repository/Olusturma/Genel/Not/Notlar' is clicked on

2021-11-18 12:04:27 - [TEST_STEP][PASSED] - while (true): null

2021-11-18 12:04:27 - [TEST_STEP][PASSED] - delay(1): Delayed 1 second(s)

2021-11-18 12:04:27 - [MESSAGE][INFO] - Delaying browser in 1 second(s)

2021-11-18 12:04:28 - [MESSAGE][PASSED] - Delayed 1 second(s)

2021-11-18 12:04:28 - [TEST_STEP][PASSED] - ajaxIsComplete = executeJavaScript("return jQuery.active == 0", null): Execute JavaScript 'return jQuery.active == 0' successfully

2021-11-18 12:04:28 - [MESSAGE][PASSED] - Execute JavaScript 'return jQuery.active == 0' successfully

2021-11-18 12:04:28 - [TEST_STEP][PASSED] - if (ajaxIsComplete): null

2021-11-18 12:04:28 - [TEST_STEP][PASSED] - break: null

2021-11-18 12:04:28 - [TEST_STEP][PASSED] - waitForElementClickable(findTestObject("Object Repository/Olusturma/Genel/Buton"), 10): Object 'Object Repository/Olusturma/Genel/Buton' is clickable

2021-11-18 12:04:28 - [MESSAGE][INFO] - Finding Test Object 'Object Repository/Olusturma/Genel/Buton'

2021-11-18 12:04:28 - [MESSAGE][INFO] - Checking object

2021-11-18 12:04:28 - [MESSAGE][INFO] - Checking timeout

2021-11-18 12:04:28 - [MESSAGE][INFO] - Finding web element from Test Object's properties

2021-11-18 12:04:28 - [MESSAGE][INFO] - Checking timeout

2021-11-18 12:04:28 - [MESSAGE][INFO] - Finding web element with id: 'Object Repository/Olusturma/Genel/Buton' located by 'By.xpath: //*[@id = 'btnKaydet']' in '10' second(s)

2021-11-18 12:04:28 - [MESSAGE][INFO] - Smart Wait Function is triggered

2021-11-18 12:04:29 - [MESSAGE][INFO] - Found 1 web elements with id: 'Object Repository/Olusturma/Genel/Buton' located by 'By.xpath: //*[@id = 'btnKaydet']' in '10' second(s)

2021-11-18 12:04:29 - [MESSAGE][PASSED] - Object 'Object Repository/Olusturma/Genel/Buton' is clickable

2021-11-18 12:04:29 - [TEST_STEP][PASSED] - click(findTestObject("Object Repository/Olusturma/Genel/Buton")): Object: 'Object Repository/Olusturma/Genel/Buton' is clicked on

2021-11-18 12:04:29 - [MESSAGE][INFO] - Finding Test Object 'Object Repository/Olusturma/Genel/Buton'

2021-11-18 12:04:29 - [MESSAGE][INFO] - Checking object

2021-11-18 12:04:29 - [MESSAGE][INFO] - Finding web element from Test Object's properties

2021-11-18 12:04:29 - [MESSAGE][INFO] - Checking timeout

2021-11-18 12:04:29 - [MESSAGE][INFO] - Finding web element with id: 'Object Repository/Olusturma/Genel/Buton' located by 'By.xpath: //*[@id = 'btnKaydet']' in '30' second(s)

2021-11-18 12:04:29 - [MESSAGE][INFO] - Smart Wait Function is triggered

2021-11-18 12:04:29 - [MESSAGE][INFO] - Found 1 web elements with id: 'Object Repository/Olusturma/Genel/Buton' located by 'By.xpath: //*[@id = 'btnKaydet']' in '30' second(s)

2021-11-18 12:04:29 - [MESSAGE][INFO] - Clicking on object: 'Object Repository/Olusturma/Genel/Buton'

2021-11-18 12:04:31 - [MESSAGE][PASSED] - Object: 'Object Repository/Olusturma/Genel/Buton' is clicked on

2021-11-18 12:04:31 - [MESSAGE][PASSED] - Call Test Case 'Test Cases/Olusturma/Genel/KaydetButonunaTiklanir' successfully

2021-11-18 12:04:31 - [MESSAGE][INFO] - Checking called Test Case

2021-11-18 12:04:31 - [MESSAGE][INFO] - Starting to call Test Case 'Test Cases/Tablo/TablodaEttnliVeriOlusturulduMu'

2021-11-18 12:04:31 - [TEST_CASE][PASSED] - Test Cases/Tablo/TablodaEttnliVeriOlusturulduMu: Test Cases/Tablo/TablodaEttnliVeriOlusturulduMu

2021-11-18 12:04:31 - [TEST_STEP][PASSED] - Method.TextDegerineEsitElementVarMi(findTestObject("Tablo/OlusturulanVeri"), ettn): Method.TextDegerineEsitElementVarMi is PASSED

2021-11-18 12:04:31 - [MESSAGE][INFO] - Finding Test Object 'Object Repository/Tablo/OlusturulanVeri'

2021-11-18 12:04:31 - [MESSAGE][INFO] - Checking timeout

2021-11-18 12:04:31 - [MESSAGE][INFO] - Finding web element with id: 'Object Repository/Tablo/OlusturulanVeri' located by 'By.cssSelector: table.dxgvTable_LECustomTheme>tbody>tr:nth-child(3)>td.dxgv b,table.dxgvTable_LECustomTheme>tbody>tr:nth-child(3)>td.dxgv' in '10' second(s)

2021-11-18 12:04:31 - [MESSAGE][INFO] - Smart Wait Function is triggered

2021-11-18 12:04:31 - [MESSAGE][INFO] - Found 14 web elements with id: 'Object Repository/Tablo/OlusturulanVeri' located by 'By.cssSelector: table.dxgvTable_LECustomTheme>tbody>tr:nth-child(3)>td.dxgv b,table.dxgvTable_LECustomTheme>tbody>tr:nth-child(3)>td.dxgv' in '10' second(s)

2021-11-18 12:04:32 - [MESSAGE][PASSED] - Method.TextDegerineEsitElementVarMi is PASSED

2021-11-18 12:04:32 - [MESSAGE][PASSED] - Call Test Case 'Test Cases/Tablo/TablodaEttnliVeriOlusturulduMu' successfully

2021-11-18 12:04:32 - [MESSAGE][INFO] - Checking called Test Case

2021-11-18 12:04:32 - [MESSAGE][INFO] - Starting to call Test Case 'Test Cases/Tablo/TablodanEttnliVeriSec'

2021-11-18 12:04:32 - [TEST_CASE][PASSED] - Test Cases/Tablo/TablodanEttnliVeriSec: Test Cases/Tablo/TablodanEttnliVeriSec

2021-11-18 12:04:32 - [TEST_STEP][PASSED] - Method.TextDegerineEsitElementinAltindakineTikla(findTestObject("Tablo/Veriler"), findTestObject("Tablo/VerininCheckBoxi"), ettn): Method.TextDegerineEsitElementinAltindakineTikla is PASSED

2021-11-18 12:04:32 - [MESSAGE][INFO] - Finding Test Object 'Object Repository/Tablo/Veriler'

2021-11-18 12:04:32 - [MESSAGE][INFO] - Finding Test Object 'Object Repository/Tablo/VerininCheckBoxi'

2021-11-18 12:04:32 - [MESSAGE][INFO] - Checking timeout

2021-11-18 12:04:32 - [MESSAGE][INFO] - Finding web element with id: 'Object Repository/Tablo/Veriler' located by 'By.cssSelector: td.dxgv b ,td.dxgv' in '10' second(s)

2021-11-18 12:04:32 - [MESSAGE][INFO] - Smart Wait Function is triggered

2021-11-18 12:04:32 - [MESSAGE][INFO] - Found 84 web elements with id: 'Object Repository/Tablo/Veriler' located by 'By.cssSelector: td.dxgv b ,td.dxgv' in '10' second(s)

2021-11-18 12:04:32 - [MESSAGE][INFO] - Smart Wait Function is triggered

2021-11-18 12:04:32 - [MESSAGE][PASSED] - Method.TextDegerineEsitElementinAltindakineTikla is PASSED

2021-11-18 12:04:32 - [MESSAGE][PASSED] - Call Test Case 'Test Cases/Tablo/TablodanEttnliVeriSec' successfully

2021-11-18 12:04:32 - [MESSAGE][INFO] - Checking called Test Case

2021-11-18 12:04:32 - [MESSAGE][INFO] - Starting to call Test Case 'Test Cases/Butonlar/ButonaTikla'

2021-11-18 12:04:32 - [TEST_CASE][PASSED] - Test Cases/Butonlar/ButonaTikla: Test Cases/Butonlar/ButonaTikla

2021-11-18 12:04:32 - [TEST_STEP][PASSED] - Method.TextDegerineEsitElementeTiklaEquals(findTestObject("Butonlar/Butonlar"), Buton_Adi): Method.TextDegerineEsitElementeTiklaEquals is PASSED

2021-11-18 12:04:32 - [MESSAGE][INFO] - Finding Test Object 'Object Repository/Butonlar/Butonlar'

2021-11-18 12:04:33 - [MESSAGE][INFO] - Checking timeout

2021-11-18 12:04:33 - [MESSAGE][INFO] - Finding web element with id: 'Object Repository/Butonlar/Butonlar' located by 'By.cssSelector: .panel.panel-default.text-center.footerPanel .btn,.btn.btn-primary.btnControls' in '10' second(s)

2021-11-18 12:04:33 - [MESSAGE][INFO] - Smart Wait Function is triggered

2021-11-18 12:04:33 - [MESSAGE][INFO] - Found 9 web elements with id: 'Object Repository/Butonlar/Butonlar' located by 'By.cssSelector: .panel.panel-default.text-center.footerPanel .btn,.btn.btn-primary.btnControls' in '10' second(s)

2021-11-18 12:04:33 - [MESSAGE][PASSED] - Method.TextDegerineEsitElementeTiklaEquals is PASSED

2021-11-18 12:04:33 - [MESSAGE][PASSED] - Call Test Case 'Test Cases/Butonlar/ButonaTikla' successfully

2021-11-18 12:04:33 - [MESSAGE][INFO] - Checking called Test Case

2021-11-18 12:04:33 - [MESSAGE][INFO] - Starting to call Test Case 'Test Cases/Popup/PopupMesajiIceriyorMu'

2021-11-18 12:04:33 - [TEST_CASE][PASSED] - Test Cases/Popup/PopupMesajiIceriyorMu: Test Cases/Popup/PopupMesajiIceriyorMu

2021-11-18 12:04:33 - [TEST_STEP][PASSED] - waitForElementVisible(findTestObject("Popup/Popup"), 10): Object 'Object Repository/Popup/Popup' is visible

2021-11-18 12:04:33 - [MESSAGE][INFO] - Finding Test Object 'Object Repository/Popup/Popup'

2021-11-18 12:04:33 - [MESSAGE][INFO] - Checking object

2021-11-18 12:04:33 - [MESSAGE][INFO] - Checking timeout

2021-11-18 12:04:33 - [MESSAGE][INFO] - Finding web element from Test Object's properties

2021-11-18 12:04:33 - [MESSAGE][INFO] - Checking timeout

2021-11-18 12:04:33 - [MESSAGE][INFO] - Finding web element with id: 'Object Repository/Popup/Popup' located by 'By.cssSelector: .bootbox-body' in '10' second(s)

2021-11-18 12:04:33 - [MESSAGE][INFO] - Smart Wait Function is triggered

2021-11-18 12:04:34 - [MESSAGE][INFO] - Found 1 web elements with id: 'Object Repository/Popup/Popup' located by 'By.cssSelector: .bootbox-body' in '10' second(s)

2021-11-18 12:04:34 - [MESSAGE][PASSED] - Object 'Object Repository/Popup/Popup' is visible

2021-11-18 12:04:34 - [TEST_STEP][PASSED] - if (!(getText(findTestObject("Popup/Popup")).contains(Mesaj))): Text of object 'Object Repository/Popup/Popup' is: 'Oluşturulacak fatura numarası : EAR2021000000482 Fatura numarası oluşturulduktan sonra fatura silinemez. Fatura numarası, tarihi ve ön eki değiştirilemez. Devam etmek istiyor musunuz?'

2021-11-18 12:04:34 - [MESSAGE][INFO] - Finding Test Object 'Object Repository/Popup/Popup'

2021-11-18 12:04:34 - [MESSAGE][INFO] - Checking object

2021-11-18 12:04:34 - [MESSAGE][INFO] - Finding web element from Test Object's properties

2021-11-18 12:04:34 - [MESSAGE][INFO] - Checking timeout

2021-11-18 12:04:34 - [MESSAGE][INFO] - Finding web element with id: 'Object Repository/Popup/Popup' located by 'By.cssSelector: .bootbox-body' in '30' second(s)

2021-11-18 12:04:34 - [MESSAGE][INFO] - Smart Wait Function is triggered

2021-11-18 12:04:35 - [MESSAGE][INFO] - Found 1 web elements with id: 'Object Repository/Popup/Popup' located by 'By.cssSelector: .bootbox-body' in '30' second(s)

2021-11-18 12:04:35 - [MESSAGE][INFO] - Getting text of object 'Object Repository/Popup/Popup'

2021-11-18 12:04:35 - [MESSAGE][PASSED] - Text of object 'Object Repository/Popup/Popup' is: 'Oluşturulacak fatura numarası : EAR2021000000482 Fatura numarası oluşturulduktan sonra fatura silinemez. Fatura numarası, tarihi ve ön eki değiştirilemez. Devam etmek istiyor musunuz?'

2021-11-18 12:04:35 - [TEST_STEP][PASSED] - RaporNo = getText(findTestObject("Popup/Popup")).substring(0, 6): Text of object 'Object Repository/Popup/Popup' is: 'Oluşturulacak fatura numarası : EAR2021000000482 Fatura numarası oluşturulduktan sonra fatura silinemez. Fatura numarası, tarihi ve ön eki değiştirilemez. Devam etmek istiyor musunuz?'

2021-11-18 12:04:35 - [MESSAGE][INFO] - Finding Test Object 'Object Repository/Popup/Popup'

2021-11-18 12:04:35 - [MESSAGE][INFO] - Checking object

2021-11-18 12:04:35 - [MESSAGE][INFO] - Finding web element from Test Object's properties

2021-11-18 12:04:35 - [MESSAGE][INFO] - Checking timeout

2021-11-18 12:04:35 - [MESSAGE][INFO] - Finding web element with id: 'Object Repository/Popup/Popup' located by 'By.cssSelector: .bootbox-body' in '30' second(s)

2021-11-18 12:04:35 - [MESSAGE][INFO] - Smart Wait Function is triggered

2021-11-18 12:04:35 - [MESSAGE][INFO] - Found 1 web elements with id: 'Object Repository/Popup/Popup' located by 'By.cssSelector: .bootbox-body' in '30' second(s)

2021-11-18 12:04:35 - [MESSAGE][INFO] - Getting text of object 'Object Repository/Popup/Popup'

2021-11-18 12:04:35 - [MESSAGE][PASSED] - Text of object 'Object Repository/Popup/Popup' is: 'Oluşturulacak fatura numarası : EAR2021000000482 Fatura numarası oluşturulduktan sonra fatura silinemez. Fatura numarası, tarihi ve ön eki değiştirilemez. Devam etmek istiyor musunuz?'

2021-11-18 12:04:35 - [TEST_STEP][PASSED] - Console.println(RaporNo): null

2021-11-18 12:04:35 - [MESSAGE][PASSED] - Call Test Case 'Test Cases/Popup/PopupMesajiIceriyorMu' successfully

2021-11-18 12:04:35 - [MESSAGE][INFO] - Checking called Test Case

2021-11-18 12:04:35 - [MESSAGE][INFO] - Starting to call Test Case 'Test Cases/Popup/PopupButonSecilir'

2021-11-18 12:04:35 - [TEST_CASE][PASSED] - Test Cases/Popup/PopupButonSecilir: Test Cases/Popup/PopupButonSecilir

2021-11-18 12:04:35 - [TEST_STEP][PASSED] - Method.TextDegerineEsitElementeTikla(findTestObject("Popup/Popup_Butons"), Buton): Method.TextDegerineEsitElementeTikla is PASSED

2021-11-18 12:04:35 - [MESSAGE][INFO] - Finding Test Object 'Object Repository/Popup/Popup_Butons'

2021-11-18 12:04:35 - [MESSAGE][INFO] - Checking timeout

2021-11-18 12:04:35 - [MESSAGE][INFO] - Finding web element with id: 'Object Repository/Popup/Popup_Butons' located by 'By.cssSelector: .modal-footer>button' in '10' second(s)

2021-11-18 12:04:35 - [MESSAGE][INFO] - Smart Wait Function is triggered

2021-11-18 12:04:35 - [MESSAGE][INFO] - Found 2 web elements with id: 'Object Repository/Popup/Popup_Butons' located by 'By.cssSelector: .modal-footer>button' in '10' second(s)

2021-11-18 12:04:36 - [MESSAGE][PASSED] - Method.TextDegerineEsitElementeTikla is PASSED

2021-11-18 12:04:36 - [MESSAGE][PASSED] - Call Test Case 'Test Cases/Popup/PopupButonSecilir' successfully

2021-11-18 12:04:36 - [MESSAGE][INFO] - Checking called Test Case

2021-11-18 12:04:36 - [MESSAGE][INFO] - Starting to call Test Case 'Test Cases/Popup/PopupMesajiIceriyorMu'

2021-11-18 12:04:36 - [TEST_CASE][PASSED] - Test Cases/Popup/PopupMesajiIceriyorMu: Test Cases/Popup/PopupMesajiIceriyorMu

2021-11-18 12:04:36 - [TEST_STEP][PASSED] - waitForElementVisible(findTestObject("Popup/Popup"), 10): Object 'Object Repository/Popup/Popup' is visible

2021-11-18 12:04:36 - [MESSAGE][INFO] - Finding Test Object 'Object Repository/Popup/Popup'

2021-11-18 12:04:36 - [MESSAGE][INFO] - Checking object

2021-11-18 12:04:36 - [MESSAGE][INFO] - Checking timeout

2021-11-18 12:04:36 - [MESSAGE][INFO] - Finding web element from Test Object's properties

2021-11-18 12:04:36 - [MESSAGE][INFO] - Checking timeout

2021-11-18 12:04:36 - [MESSAGE][INFO] - Finding web element with id: 'Object Repository/Popup/Popup' located by 'By.cssSelector: .bootbox-body' in '10' second(s)

2021-11-18 12:04:36 - [MESSAGE][INFO] - Smart Wait Function is triggered

2021-11-18 12:04:36 - [MESSAGE][INFO] - Found 1 web elements with id: 'Object Repository/Popup/Popup' located by 'By.cssSelector: .bootbox-body' in '10' second(s)

2021-11-18 12:04:36 - [MESSAGE][PASSED] - Object 'Object Repository/Popup/Popup' is visible

2021-11-18 12:04:36 - [TEST_STEP][PASSED] - if (!(getText(findTestObject("Popup/Popup")).contains(Mesaj))): Text of object 'Object Repository/Popup/Popup' is: 'Fatura numaranız EAR2021000000482 olarak oluşmuştur.'

2021-11-18 12:04:36 - [MESSAGE][INFO] - Finding Test Object 'Object Repository/Popup/Popup'

2021-11-18 12:04:36 - [MESSAGE][INFO] - Checking object

2021-11-18 12:04:36 - [MESSAGE][INFO] - Finding web element from Test Object's properties

2021-11-18 12:04:36 - [MESSAGE][INFO] - Checking timeout

2021-11-18 12:04:36 - [MESSAGE][INFO] - Finding web element with id: 'Object Repository/Popup/Popup' located by 'By.cssSelector: .bootbox-body' in '30' second(s)

2021-11-18 12:04:36 - [MESSAGE][INFO] - Smart Wait Function is triggered

2021-11-18 12:04:37 - [MESSAGE][INFO] - Found 1 web elements with id: 'Object Repository/Popup/Popup' located by 'By.cssSelector: .bootbox-body' in '30' second(s)

2021-11-18 12:04:37 - [MESSAGE][INFO] - Getting text of object 'Object Repository/Popup/Popup'

2021-11-18 12:04:37 - [MESSAGE][PASSED] - Text of object 'Object Repository/Popup/Popup' is: 'Fatura numaranız EAR2021000000482 olarak oluşmuştur.'

2021-11-18 12:04:37 - [TEST_STEP][PASSED] - RaporNo = getText(findTestObject("Popup/Popup")).substring(0, 6): Text of object 'Object Repository/Popup/Popup' is: 'Fatura numaranız EAR2021000000482 olarak oluşmuştur.'

2021-11-18 12:04:37 - [MESSAGE][INFO] - Finding Test Object 'Object Repository/Popup/Popup'

2021-11-18 12:04:37 - [MESSAGE][INFO] - Checking object

2021-11-18 12:04:37 - [MESSAGE][INFO] - Finding web element from Test Object's properties

2021-11-18 12:04:37 - [MESSAGE][INFO] - Checking timeout

2021-11-18 12:04:37 - [MESSAGE][INFO] - Finding web element with id: 'Object Repository/Popup/Popup' located by 'By.cssSelector: .bootbox-body' in '30' second(s)

2021-11-18 12:04:37 - [MESSAGE][INFO] - Smart Wait Function is triggered

2021-11-18 12:04:37 - [MESSAGE][INFO] - Found 1 web elements with id: 'Object Repository/Popup/Popup' located by 'By.cssSelector: .bootbox-body' in '30' second(s)

2021-11-18 12:04:37 - [MESSAGE][INFO] - Getting text of object 'Object Repository/Popup/Popup'

2021-11-18 12:04:37 - [MESSAGE][PASSED] - Text of object 'Object Repository/Popup/Popup' is: 'Fatura numaranız EAR2021000000482 olarak oluşmuştur.'

2021-11-18 12:04:37 - [TEST_STEP][PASSED] - Console.println(RaporNo): null

2021-11-18 12:04:37 - [MESSAGE][PASSED] - Call Test Case 'Test Cases/Popup/PopupMesajiIceriyorMu' successfully

2021-11-18 12:04:37 - [MESSAGE][INFO] - Checking called Test Case

2021-11-18 12:04:37 - [MESSAGE][INFO] - Starting to call Test Case 'Test Cases/Popup/PopupButonSecilir'

2021-11-18 12:04:37 - [TEST_CASE][PASSED] - Test Cases/Popup/PopupButonSecilir: Test Cases/Popup/PopupButonSecilir

2021-11-18 12:04:37 - [TEST_STEP][PASSED] - Method.TextDegerineEsitElementeTikla(findTestObject("Popup/Popup_Butons"), Buton): Method.TextDegerineEsitElementeTikla is PASSED

2021-11-18 12:04:37 - [MESSAGE][INFO] - Finding Test Object 'Object Repository/Popup/Popup_Butons'

2021-11-18 12:04:37 - [MESSAGE][INFO] - Checking timeout

2021-11-18 12:04:37 - [MESSAGE][INFO] - Finding web element with id: 'Object Repository/Popup/Popup_Butons' located by 'By.cssSelector: .modal-footer>button' in '10' second(s)

2021-11-18 12:04:37 - [MESSAGE][INFO] - Smart Wait Function is triggered

2021-11-18 12:04:37 - [MESSAGE][INFO] - Found 1 web elements with id: 'Object Repository/Popup/Popup_Butons' located by 'By.cssSelector: .modal-footer>button' in '10' second(s)

2021-11-18 12:04:38 - [MESSAGE][PASSED] - Method.TextDegerineEsitElementeTikla is PASSED

2021-11-18 12:04:38 - [MESSAGE][PASSED] - Call Test Case 'Test Cases/Popup/PopupButonSecilir' successfully

2021-11-18 12:04:38 - [MESSAGE][INFO] - Checking called Test Case

2021-11-18 12:04:38 - [MESSAGE][INFO] - Starting to call Test Case 'Test Cases/Tablo/TablodanEttnliVeriSec'

2021-11-18 12:04:38 - [TEST_CASE][PASSED] - Test Cases/Tablo/TablodanEttnliVeriSec: Test Cases/Tablo/TablodanEttnliVeriSec

2021-11-18 12:04:38 - [TEST_STEP][PASSED] - Method.TextDegerineEsitElementinAltindakineTikla(findTestObject("Tablo/Veriler"), findTestObject("Tablo/VerininCheckBoxi"), ettn): Method.TextDegerineEsitElementinAltindakineTikla is PASSED

2021-11-18 12:04:38 - [MESSAGE][INFO] - Finding Test Object 'Object Repository/Tablo/Veriler'

2021-11-18 12:04:38 - [MESSAGE][INFO] - Finding Test Object 'Object Repository/Tablo/VerininCheckBoxi'

2021-11-18 12:04:38 - [MESSAGE][INFO] - Checking timeout

2021-11-18 12:04:38 - [MESSAGE][INFO] - Finding web element with id: 'Object Repository/Tablo/Veriler' located by 'By.cssSelector: td.dxgv b ,td.dxgv' in '10' second(s)

2021-11-18 12:04:38 - [MESSAGE][INFO] - Smart Wait Function is triggered

2021-11-18 12:04:38 - [MESSAGE][INFO] - Found 84 web elements with id: 'Object Repository/Tablo/Veriler' located by 'By.cssSelector: td.dxgv b ,td.dxgv' in '10' second(s)

2021-11-18 12:04:38 - [MESSAGE][INFO] - Smart Wait Function is triggered

2021-11-18 12:04:39 - [MESSAGE][PASSED] - Method.TextDegerineEsitElementinAltindakineTikla is PASSED

2021-11-18 12:04:39 - [MESSAGE][PASSED] - Call Test Case 'Test Cases/Tablo/TablodanEttnliVeriSec' successfully

2021-11-18 12:04:39 - [MESSAGE][INFO] - Checking called Test Case

2021-11-18 12:04:39 - [MESSAGE][INFO] - Starting to call Test Case 'Test Cases/Butonlar/ButonaTikla'

2021-11-18 12:04:39 - [TEST_CASE][PASSED] - Test Cases/Butonlar/ButonaTikla: Test Cases/Butonlar/ButonaTikla

2021-11-18 12:04:39 - [TEST_STEP][PASSED] - Method.TextDegerineEsitElementeTiklaEquals(findTestObject("Butonlar/Butonlar"), Buton_Adi): Method.TextDegerineEsitElementeTiklaEquals is PASSED

2021-11-18 12:04:39 - [MESSAGE][INFO] - Finding Test Object 'Object Repository/Butonlar/Butonlar'

2021-11-18 12:04:39 - [MESSAGE][INFO] - Checking timeout

2021-11-18 12:04:39 - [MESSAGE][INFO] - Finding web element with id: 'Object Repository/Butonlar/Butonlar' located by 'By.cssSelector: .panel.panel-default.text-center.footerPanel .btn,.btn.btn-primary.btnControls' in '10' second(s)

2021-11-18 12:04:39 - [MESSAGE][INFO] - Smart Wait Function is triggered

2021-11-18 12:04:39 - [MESSAGE][INFO] - Found 9 web elements with id: 'Object Repository/Butonlar/Butonlar' located by 'By.cssSelector: .panel.panel-default.text-center.footerPanel .btn,.btn.btn-primary.btnControls' in '10' second(s)

2021-11-18 12:04:40 - [MESSAGE][PASSED] - Method.TextDegerineEsitElementeTiklaEquals is PASSED

2021-11-18 12:04:40 - [MESSAGE][PASSED] - Call Test Case 'Test Cases/Butonlar/ButonaTikla' successfully

2021-11-18 12:04:40 - [MESSAGE][INFO] - Checking called Test Case

2021-11-18 12:04:40 - [MESSAGE][INFO] - Starting to call Test Case 'Test Cases/Popup/PopupMesajiIceriyorMu'

2021-11-18 12:04:40 - [TEST_CASE][PASSED] - Test Cases/Popup/PopupMesajiIceriyorMu: Test Cases/Popup/PopupMesajiIceriyorMu

2021-11-18 12:04:40 - [TEST_STEP][PASSED] - waitForElementVisible(findTestObject("Popup/Popup"), 10): Object 'Object Repository/Popup/Popup' is visible

2021-11-18 12:04:40 - [MESSAGE][INFO] - Finding Test Object 'Object Repository/Popup/Popup'

2021-11-18 12:04:40 - [MESSAGE][INFO] - Checking object

2021-11-18 12:04:40 - [MESSAGE][INFO] - Checking timeout

2021-11-18 12:04:40 - [MESSAGE][INFO] - Finding web element from Test Object's properties

2021-11-18 12:04:40 - [MESSAGE][INFO] - Checking timeout

2021-11-18 12:04:40 - [MESSAGE][INFO] - Finding web element with id: 'Object Repository/Popup/Popup' located by 'By.cssSelector: .bootbox-body' in '10' second(s)

2021-11-18 12:04:40 - [MESSAGE][INFO] - Smart Wait Function is triggered

2021-11-18 12:04:40 - [MESSAGE][INFO] - Found 1 web elements with id: 'Object Repository/Popup/Popup' located by 'By.cssSelector: .bootbox-body' in '10' second(s)

2021-11-18 12:04:40 - [MESSAGE][PASSED] - Object 'Object Repository/Popup/Popup' is visible

2021-11-18 12:04:40 - [TEST_STEP][PASSED] - if (!(getText(findTestObject("Popup/Popup")).contains(Mesaj))): Text of object 'Object Repository/Popup/Popup' is: 'EAR serisi için onaylanmamış belge(leri)niz bulunmaktadır.
Devam etmek istiyor musunuz?'

2021-11-18 12:04:40 - [MESSAGE][INFO] - Finding Test Object 'Object Repository/Popup/Popup'

2021-11-18 12:04:40 - [MESSAGE][INFO] - Checking object

2021-11-18 12:04:40 - [MESSAGE][INFO] - Finding web element from Test Object's properties

2021-11-18 12:04:40 - [MESSAGE][INFO] - Checking timeout

2021-11-18 12:04:40 - [MESSAGE][INFO] - Finding web element with id: 'Object Repository/Popup/Popup' located by 'By.cssSelector: .bootbox-body' in '30' second(s)

2021-11-18 12:04:40 - [MESSAGE][INFO] - Smart Wait Function is triggered

2021-11-18 12:04:41 - [MESSAGE][INFO] - Found 1 web elements with id: 'Object Repository/Popup/Popup' located by 'By.cssSelector: .bootbox-body' in '30' second(s)

2021-11-18 12:04:41 - [MESSAGE][INFO] - Getting text of object 'Object Repository/Popup/Popup'

2021-11-18 12:04:41 - [MESSAGE][PASSED] - Text of object 'Object Repository/Popup/Popup' is: 'EAR serisi için onaylanmamış belge(leri)niz bulunmaktadır.
Devam etmek istiyor musunuz?'

2021-11-18 12:04:41 - [TEST_STEP][PASSED] - RaporNo = getText(findTestObject("Popup/Popup")).substring(0, 6): Text of object 'Object Repository/Popup/Popup' is: 'EAR serisi için onaylanmamış belge(leri)niz bulunmaktadır.
Devam etmek istiyor musunuz?'

2021-11-18 12:04:41 - [MESSAGE][INFO] - Finding Test Object 'Object Repository/Popup/Popup'

2021-11-18 12:04:41 - [MESSAGE][INFO] - Checking object

2021-11-18 12:04:41 - [MESSAGE][INFO] - Finding web element from Test Object's properties

2021-11-18 12:04:41 - [MESSAGE][INFO] - Checking timeout

2021-11-18 12:04:41 - [MESSAGE][INFO] - Finding web element with id: 'Object Repository/Popup/Popup' located by 'By.cssSelector: .bootbox-body' in '30' second(s)

2021-11-18 12:04:41 - [MESSAGE][INFO] - Smart Wait Function is triggered

2021-11-18 12:04:41 - [MESSAGE][INFO] - Found 1 web elements with id: 'Object Repository/Popup/Popup' located by 'By.cssSelector: .bootbox-body' in '30' second(s)

2021-11-18 12:04:41 - [MESSAGE][INFO] - Getting text of object 'Object Repository/Popup/Popup'

2021-11-18 12:04:41 - [MESSAGE][PASSED] - Text of object 'Object Repository/Popup/Popup' is: 'EAR serisi için onaylanmamış belge(leri)niz bulunmaktadır.
Devam etmek istiyor musunuz?'

2021-11-18 12:04:41 - [TEST_STEP][PASSED] - Console.println(RaporNo): null

2021-11-18 12:04:41 - [MESSAGE][PASSED] - Call Test Case 'Test Cases/Popup/PopupMesajiIceriyorMu' successfully

2021-11-18 12:04:41 - [MESSAGE][INFO] - Checking called Test Case

2021-11-18 12:04:41 - [MESSAGE][INFO] - Starting to call Test Case 'Test Cases/Popup/PopupButonSecilir'

2021-11-18 12:04:41 - [TEST_CASE][PASSED] - Test Cases/Popup/PopupButonSecilir: Test Cases/Popup/PopupButonSecilir

2021-11-18 12:04:41 - [TEST_STEP][PASSED] - Method.TextDegerineEsitElementeTikla(findTestObject("Popup/Popup_Butons"), Buton): Method.TextDegerineEsitElementeTikla is PASSED

2021-11-18 12:04:41 - [MESSAGE][INFO] - Finding Test Object 'Object Repository/Popup/Popup_Butons'

2021-11-18 12:04:41 - [MESSAGE][INFO] - Checking timeout

2021-11-18 12:04:41 - [MESSAGE][INFO] - Finding web element with id: 'Object Repository/Popup/Popup_Butons' located by 'By.cssSelector: .modal-footer>button' in '10' second(s)

2021-11-18 12:04:41 - [MESSAGE][INFO] - Smart Wait Function is triggered

2021-11-18 12:04:41 - [MESSAGE][INFO] - Found 2 web elements with id: 'Object Repository/Popup/Popup_Butons' located by 'By.cssSelector: .modal-footer>button' in '10' second(s)

2021-11-18 12:04:42 - [MESSAGE][PASSED] - Method.TextDegerineEsitElementeTikla is PASSED

2021-11-18 12:04:42 - [MESSAGE][PASSED] - Call Test Case 'Test Cases/Popup/PopupButonSecilir' successfully

2021-11-18 12:04:42 - [MESSAGE][INFO] - Checking called Test Case

2021-11-18 12:04:42 - [MESSAGE][INFO] - Starting to call Test Case 'Test Cases/Menu/AnaMenuSecimi'

2021-11-18 12:04:42 - [TEST_CASE][PASSED] - Test Cases/Menu/AnaMenuSecimi: Test Cases/Menu/AnaMenuSecimi

2021-11-18 12:04:42 - [TEST_STEP][PASSED] - Method.TextDegerineEsitElementeTikla(findTestObject("Menu/Ana_Menu"), Ana_Menu): Method.TextDegerineEsitElementeTikla is PASSED

2021-11-18 12:04:42 - [MESSAGE][INFO] - Finding Test Object 'Object Repository/Menu/Ana_Menu'

2021-11-18 12:04:42 - [MESSAGE][INFO] - Checking timeout

2021-11-18 12:04:42 - [MESSAGE][INFO] - Finding web element with id: 'Object Repository/Menu/Ana_Menu' located by 'By.xpath: //*[@class = 'dropdown-toggle']' in '10' second(s)

2021-11-18 12:04:42 - [MESSAGE][INFO] - Smart Wait Function is triggered

2021-11-18 12:04:42 - [MESSAGE][INFO] - Found 14 web elements with id: 'Object Repository/Menu/Ana_Menu' located by 'By.xpath: //*[@class = 'dropdown-toggle']' in '10' second(s)

2021-11-18 12:04:43 - [MESSAGE][PASSED] - Method.TextDegerineEsitElementeTikla is PASSED

2021-11-18 12:04:43 - [MESSAGE][PASSED] - Call Test Case 'Test Cases/Menu/AnaMenuSecimi' successfully

2021-11-18 12:04:43 - [MESSAGE][INFO] - Checking called Test Case

2021-11-18 12:04:43 - [MESSAGE][INFO] - Starting to call Test Case 'Test Cases/Menu/BasligaGoreAltMenuSecimi'

2021-11-18 12:04:43 - [TEST_CASE][PASSED] - Test Cases/Menu/BasligaGoreAltMenuSecimi: Test Cases/Menu/BasligaGoreAltMenuSecimi

2021-11-18 12:04:43 - [TEST_STEP][PASSED] - Method.TextDegerineEsitElementinAltindakiTextDegerineEsitOlanaTikla(findTestObject("Menu/Menu_Basligi"), findTestObject("Menu/Basliga_Gore_Alt_Menu"), Baslik, Alt_Menu): Method.TextDegerineEsitElementinAltindakiTextDegerineEsitOlanaTikla is PASSED

2021-11-18 12:04:43 - [MESSAGE][INFO] - Finding Test Object 'Object Repository/Menu/Menu_Basligi'

2021-11-18 12:04:43 - [MESSAGE][INFO] - Finding Test Object 'Object Repository/Menu/Basliga_Gore_Alt_Menu'

2021-11-18 12:04:43 - [MESSAGE][INFO] - Checking timeout

2021-11-18 12:04:43 - [MESSAGE][INFO] - Finding web element with id: 'Object Repository/Menu/Menu_Basligi' located by 'By.xpath: //li[@class='dropdown dropdown-large open']//li[@class='dropdown-header']' in '10' second(s)

2021-11-18 12:04:43 - [MESSAGE][INFO] - Smart Wait Function is triggered

2021-11-18 12:04:43 - [MESSAGE][INFO] - Found 2 web elements with id: 'Object Repository/Menu/Menu_Basligi' located by 'By.xpath: //li[@class='dropdown dropdown-large open']//li[@class='dropdown-header']' in '10' second(s)

2021-11-18 12:04:43 - [MESSAGE][INFO] - Smart Wait Function is triggered

2021-11-18 12:04:44 - [MESSAGE][PASSED] - Method.TextDegerineEsitElementinAltindakiTextDegerineEsitOlanaTikla is PASSED

2021-11-18 12:04:44 - [MESSAGE][PASSED] - Call Test Case 'Test Cases/Menu/BasligaGoreAltMenuSecimi' successfully

2021-11-18 12:04:44 - [MESSAGE][INFO] - Checking called Test Case

2021-11-18 12:04:44 - [MESSAGE][INFO] - Starting to call Test Case 'Test Cases/Filtreler/EttnYaz'

2021-11-18 12:04:44 - [TEST_CASE][PASSED] - Test Cases/Filtreler/EttnYaz: Test Cases/Filtreler/EttnYaz

2021-11-18 12:04:44 - [TEST_STEP][PASSED] - Method.TextDegerineEsitElementinAltindakiTextboxtaYaz(findTestObject("Filtreler/Basliklar"), findTestObject("Filtreler/Basliga_Gore_Textbox"), "ETTN", ettn): Method.TextDegerineEsitElementinAltindakiTextboxtaYaz is PASSED

2021-11-18 12:04:44 - [MESSAGE][INFO] - Finding Test Object 'Object Repository/Filtreler/Basliklar'

2021-11-18 12:04:44 - [MESSAGE][INFO] - Finding Test Object 'Object Repository/Filtreler/Basliga_Gore_Textbox'

2021-11-18 12:04:45 - [MESSAGE][INFO] - Checking timeout

2021-11-18 12:04:45 - [MESSAGE][INFO] - Finding web element with id: 'Object Repository/Filtreler/Basliklar' located by 'By.cssSelector: .control-label.col-sm-4.paddingMarginRLC' in '10' second(s)

2021-11-18 12:04:45 - [MESSAGE][INFO] - Smart Wait Function is triggered

2021-11-18 12:04:45 - [MESSAGE][INFO] - Found 19 web elements with id: 'Object Repository/Filtreler/Basliklar' located by 'By.cssSelector: .control-label.col-sm-4.paddingMarginRLC' in '10' second(s)

2021-11-18 12:04:45 - [MESSAGE][INFO] - Smart Wait Function is triggered

2021-11-18 12:04:45 - [MESSAGE][PASSED] - Method.TextDegerineEsitElementinAltindakiTextboxtaYaz is PASSED

2021-11-18 12:04:45 - [MESSAGE][PASSED] - Call Test Case 'Test Cases/Filtreler/EttnYaz' successfully

2021-11-18 12:04:45 - [MESSAGE][INFO] - Checking called Test Case

2021-11-18 12:04:45 - [MESSAGE][INFO] - Starting to call Test Case 'Test Cases/Filtreler/ButonaTikla'

2021-11-18 12:04:45 - [TEST_CASE][PASSED] - Test Cases/Filtreler/ButonaTikla: Test Cases/Filtreler/ButonaTikla

2021-11-18 12:04:45 - [TEST_STEP][PASSED] - Method.TextDegerineEsitElementeTikla(findTestObject("Filtreler/Butonlar"), Filtre_Buton): Method.TextDegerineEsitElementeTikla is PASSED

2021-11-18 12:04:45 - [MESSAGE][INFO] - Finding Test Object 'Object Repository/Filtreler/Butonlar'

2021-11-18 12:04:45 - [MESSAGE][INFO] - Checking timeout

2021-11-18 12:04:45 - [MESSAGE][INFO] - Finding web element with id: 'Object Repository/Filtreler/Butonlar' located by 'By.cssSelector: .dxb>span' in '10' second(s)

2021-11-18 12:04:45 - [MESSAGE][INFO] - Smart Wait Function is triggered

2021-11-18 12:04:46 - [MESSAGE][INFO] - Found 3 web elements with id: 'Object Repository/Filtreler/Butonlar' located by 'By.cssSelector: .dxb>span' in '10' second(s)

2021-11-18 12:04:46 - [MESSAGE][PASSED] - Method.TextDegerineEsitElementeTikla is PASSED

2021-11-18 12:04:46 - [MESSAGE][PASSED] - Call Test Case 'Test Cases/Filtreler/ButonaTikla' successfully

2021-11-18 12:04:46 - [MESSAGE][INFO] - Checking called Test Case

2021-11-18 12:04:46 - [MESSAGE][INFO] - Starting to call Test Case 'Test Cases/Tablo/TablodaVeriVarMi'

2021-11-18 12:04:46 - [TEST_CASE][PASSED] - Test Cases/Tablo/TablodaVeriVarMi: Test Cases/Tablo/TablodaVeriVarMi

2021-11-18 12:04:46 - [TEST_STEP][PASSED] - verifyTextNotPresent("Görüntülenecek veri yok", true): Text 'Görüntülenecek veri yok' is not present on page using regular expression

2021-11-18 12:04:46 - [MESSAGE][INFO] - Checking text present  using regular expression

2021-11-18 12:04:46 - [MESSAGE][INFO] - Smart Wait Function is triggered

2021-11-18 12:04:47 - [MESSAGE][INFO] - Finding text 'Görüntülenecek veri yok' on page  using regular expression

2021-11-18 12:04:47 - [MESSAGE][PASSED] - Text 'Görüntülenecek veri yok' is not present on page using regular expression

2021-11-18 12:04:47 - [MESSAGE][PASSED] - Call Test Case 'Test Cases/Tablo/TablodaVeriVarMi' successfully

2021-11-18 12:04:47 - [MESSAGE][INFO] - Checking called Test Case

2021-11-18 12:04:47 - [MESSAGE][INFO] - Starting to call Test Case 'Test Cases/Tablo/TablodaVeriBasariliMiArsiv'

2021-11-18 12:04:47 - [TEST_CASE][PASSED] - Test Cases/Tablo/TablodaVeriBasariliMiArsiv: Test Cases/Tablo/TablodaVeriBasariliMiArsiv

2021-11-18 12:04:47 - [TEST_STEP][PASSED] - sayac = 80: null

2021-11-18 12:04:47 - [TEST_STEP][PASSED] - while (verifyElementText(findTestObject("Object Repository/Tablo/DurumBilgisiArsiv"), "Henüz Sonuçlanmadı", OPTIONAL)): Actual text 'Başarılı' and expected text 'Henüz Sonuçlanmadı' of test object 'Object Repository/Tablo/DurumBilgisiArsiv' are NOT matched. (Root cause: com.kms.katalon.core.exception.StepFailedException: Actual text 'Başarılı' and expected text 'Henüz Sonuçlanmadı' of test object 'Object Repository/Tablo/DurumBilgisiArsiv' are NOT matched.
	at com.kms.katalon.core.webui.keyword.internal.WebUIKeywordMain.stepFailed(WebUIKeywordMain.groovy:64)
	at com.kms.katalon.core.webui.keyword.builtin.VerifyElementTextKeyword$_verifyElementText_closure1.doCall(VerifyElementTextKeyword.groovy:57)
	at com.kms.katalon.core.webui.keyword.builtin.VerifyElementTextKeyword$_verifyElementText_closure1.call(VerifyElementTextKeyword.groovy)
	at com.kms.katalon.core.webui.keyword.internal.WebUIKeywordMain.runKeyword(WebUIKeywordMain.groovy:20)
	at com.kms.katalon.core.webui.keyword.builtin.VerifyElementTextKeyword.verifyElementText(VerifyElementTextKeyword.groovy:72)
	at com.kms.katalon.core.webui.keyword.builtin.VerifyElementTextKeyword.execute(VerifyElementTextKeyword.groovy:40)
	at com.kms.katalon.core.keyword.internal.KeywordExecutor.executeKeywordForPlatform(KeywordExecutor.groovy:73)
	at com.kms.katalon.core.webui.keyword.WebUiBuiltInKeywords.verifyElementText(WebUiBuiltInKeywords.groovy:4733)
	at com.kms.katalon.core.webui.keyword.WebUiBuiltInKeywords$verifyElementText$20.call(Unknown Source)
	at TablodaVeriBasariliMiArsiv.run(TablodaVeriBasariliMiArsiv:22)
	at com.kms.katalon.core.main.ScriptEngine.run(ScriptEngine.java:194)
	at com.kms.katalon.core.main.ScriptEngine.runScriptAsRawText(ScriptEngine.java:119)
	at com.kms.katalon.core.main.TestCaseExecutor.runScript(TestCaseExecutor.java:369)
	at com.kms.katalon.core.main.TestCaseExecutor.doExecute(TestCaseExecutor.java:360)
	at com.kms.katalon.core.main.TestCaseExecutor.processExecutionPhase(TestCaseExecutor.java:339)
	at com.kms.katalon.core.main.TestCaseExecutor.accessMainPhase(TestCaseExecutor.java:331)
	at com.kms.katalon.core.main.TestCaseExecutor.execute(TestCaseExecutor.java:248)
	at com.kms.katalon.core.main.TestCaseMain.runTestCase(TestCaseMain.java:138)
	at com.kms.katalon.core.keyword.builtin.CallTestCaseKeyword$_callTestCase_closure1.doCall(CallTestCaseKeyword.groovy:59)
	at com.kms.katalon.core.keyword.builtin.CallTestCaseKeyword$_callTestCase_closure1.call(CallTestCaseKeyword.groovy)
	at com.kms.katalon.core.keyword.internal.KeywordMain.runKeyword(KeywordMain.groovy:68)
	at com.kms.katalon.core.keyword.builtin.CallTestCaseKeyword.callTestCase(CallTestCaseKeyword.groovy:81)
	at com.kms.katalon.core.keyword.builtin.CallTestCaseKeyword.execute(CallTestCaseKeyword.groovy:44)
	at com.kms.katalon.core.keyword.internal.KeywordExecutor.executeKeywordForPlatform(KeywordExecutor.groovy:73)
	at com.kms.katalon.core.keyword.BuiltinKeywords.callTestCase(BuiltinKeywords.groovy:334)
	at tablo.tablo.tablodaVeriBasariliMiArsiv(tablo.groovy:95)
	at cucumber.runtime.Utils$1.call(Utils.java:26)
	at cucumber.runtime.Timeout.timeout(Timeout.java:16)
	at cucumber.runtime.Utils.invoke(Utils.java:20)
	at cucumber.runtime.java.JavaStepDefinition.execute(JavaStepDefinition.java:49)
	at cucumber.runner.PickleStepDefinitionMatch.runStep(PickleStepDefinitionMatch.java:50)
	at cucumber.runner.TestStep.executeStep(TestStep.java:63)
	at cucumber.runner.TestStep.run(TestStep.java:49)
	at cucumber.runner.PickleStepTestStep.run(PickleStepTestStep.java:43)
	at cucumber.runner.TestCase.run(TestCase.java:44)
	at cucumber.runner.Runner.runPickle(Runner.java:40)
	at cucumber.runtime.Runtime$1.run(Runtime.java:84)
	at cucumber.runtime.Runtime$SameThreadExecutorService.execute(Runtime.java:220)
	at cucumber.runtime.Runtime.run(Runtime.java:81)
	at cucumber.api.cli.Main.run(Main.java:26)
	at cucumber.api.cli.Main$run.call(Unknown Source)
	at com.kms.katalon.core.cucumber.keyword.CucumberBuiltinKeywords$_runFeatureFile_closure1.doCall(CucumberBuiltinKeywords.groovy:106)
	at com.kms.katalon.core.cucumber.keyword.CucumberBuiltinKeywords$_runFeatureFile_closure1.doCall(CucumberBuiltinKeywords.groovy)
	at com.kms.katalon.core.keyword.internal.KeywordMain.runKeyword(KeywordMain.groovy:68)
	at com.kms.katalon.core.keyword.internal.KeywordMain$runKeyword.call(Unknown Source)
	at com.kms.katalon.core.cucumber.keyword.CucumberBuiltinKeywords.runFeatureFile(CucumberBuiltinKeywords.groovy:73)
	at com.kms.katalon.core.cucumber.keyword.CucumberBuiltinKeywords$runFeatureFile$0.callStatic(Unknown Source)
	at com.kms.katalon.core.cucumber.keyword.CucumberBuiltinKeywords.runFeatureFile(CucumberBuiltinKeywords.groovy:246)
	at com.kms.katalon.core.cucumber.keyword.CucumberBuiltinKeywords$runFeatureFile.call(Unknown Source)
	at VKN-Elektronik-Istisna.run(VKN-Elektronik-Istisna:19)
	at com.kms.katalon.core.main.ScriptEngine.run(ScriptEngine.java:194)
	at com.kms.katalon.core.main.ScriptEngine.runScriptAsRawText(ScriptEngine.java:119)
	at com.kms.katalon.core.main.TestCaseExecutor.runScript(TestCaseExecutor.java:369)
	at com.kms.katalon.core.main.TestCaseExecutor.doExecute(TestCaseExecutor.java:360)
	at com.kms.katalon.core.main.TestCaseExecutor.processExecutionPhase(TestCaseExecutor.java:339)
	at com.kms.katalon.core.main.TestCaseExecutor.accessMainPhase(TestCaseExecutor.java:331)
	at com.kms.katalon.core.main.TestCaseExecutor.execute(TestCaseExecutor.java:248)
	at com.kms.katalon.core.main.TestSuiteExecutor.accessTestCaseMainPhase(TestSuiteExecutor.java:191)
	at com.kms.katalon.core.main.TestSuiteExecutor.accessTestSuiteMainPhase(TestSuiteExecutor.java:140)
	at com.kms.katalon.core.main.TestSuiteExecutor.execute(TestSuiteExecutor.java:89)
	at com.kms.katalon.core.main.TestCaseMain.startTestSuite(TestCaseMain.java:181)
	at com.kms.katalon.core.main.TestCaseMain$startTestSuite$0.call(Unknown Source)
	at TempTestSuite1637225344330.run(TempTestSuite1637225344330.groovy:39)
)

2021-11-18 12:04:47 - [MESSAGE][INFO] - Finding Test Object 'Object Repository/Tablo/DurumBilgisiArsiv'

2021-11-18 12:04:47 - [MESSAGE][INFO] - Checking object

2021-11-18 12:04:47 - [MESSAGE][INFO] - Finding web element from Test Object's properties

2021-11-18 12:04:47 - [MESSAGE][INFO] - Checking timeout

2021-11-18 12:04:47 - [MESSAGE][INFO] - Finding web element with id: 'Object Repository/Tablo/DurumBilgisiArsiv' located by 'By.xpath: //*[@id = 'GridViewEArchiveInvoices_tccell0_9']' in '30' second(s)

2021-11-18 12:04:47 - [MESSAGE][INFO] - Smart Wait Function is triggered

2021-11-18 12:04:47 - [MESSAGE][INFO] - Found 1 web elements with id: 'Object Repository/Tablo/DurumBilgisiArsiv' located by 'By.xpath: //*[@id = 'GridViewEArchiveInvoices_tccell0_9']' in '30' second(s)

2021-11-18 12:04:47 - [MESSAGE][WARNING] - Actual text 'Başarılı' and expected text 'Henüz Sonuçlanmadı' of test object 'Object Repository/Tablo/DurumBilgisiArsiv' are NOT matched. (Root cause: com.kms.katalon.core.exception.StepFailedException: Actual text 'Başarılı' and expected text 'Henüz Sonuçlanmadı' of test object 'Object Repository/Tablo/DurumBilgisiArsiv' are NOT matched.
	at com.kms.katalon.core.webui.keyword.internal.WebUIKeywordMain.stepFailed(WebUIKeywordMain.groovy:64)
	at com.kms.katalon.core.webui.keyword.builtin.VerifyElementTextKeyword$_verifyElementText_closure1.doCall(VerifyElementTextKeyword.groovy:57)
	at com.kms.katalon.core.webui.keyword.builtin.VerifyElementTextKeyword$_verifyElementText_closure1.call(VerifyElementTextKeyword.groovy)
	at com.kms.katalon.core.webui.keyword.internal.WebUIKeywordMain.runKeyword(WebUIKeywordMain.groovy:20)
	at com.kms.katalon.core.webui.keyword.builtin.VerifyElementTextKeyword.verifyElementText(VerifyElementTextKeyword.groovy:72)
	at com.kms.katalon.core.webui.keyword.builtin.VerifyElementTextKeyword.execute(VerifyElementTextKeyword.groovy:40)
	at com.kms.katalon.core.keyword.internal.KeywordExecutor.executeKeywordForPlatform(KeywordExecutor.groovy:73)
	at com.kms.katalon.core.webui.keyword.WebUiBuiltInKeywords.verifyElementText(WebUiBuiltInKeywords.groovy:4733)
	at com.kms.katalon.core.webui.keyword.WebUiBuiltInKeywords$verifyElementText$20.call(Unknown Source)
	at TablodaVeriBasariliMiArsiv.run(TablodaVeriBasariliMiArsiv:22)
	at com.kms.katalon.core.main.ScriptEngine.run(ScriptEngine.java:194)
	at com.kms.katalon.core.main.ScriptEngine.runScriptAsRawText(ScriptEngine.java:119)
	at com.kms.katalon.core.main.TestCaseExecutor.runScript(TestCaseExecutor.java:369)
	at com.kms.katalon.core.main.TestCaseExecutor.doExecute(TestCaseExecutor.java:360)
	at com.kms.katalon.core.main.TestCaseExecutor.processExecutionPhase(TestCaseExecutor.java:339)
	at com.kms.katalon.core.main.TestCaseExecutor.accessMainPhase(TestCaseExecutor.java:331)
	at com.kms.katalon.core.main.TestCaseExecutor.execute(TestCaseExecutor.java:248)
	at com.kms.katalon.core.main.TestCaseMain.runTestCase(TestCaseMain.java:138)
	at com.kms.katalon.core.keyword.builtin.CallTestCaseKeyword$_callTestCase_closure1.doCall(CallTestCaseKeyword.groovy:59)
	at com.kms.katalon.core.keyword.builtin.CallTestCaseKeyword$_callTestCase_closure1.call(CallTestCaseKeyword.groovy)
	at com.kms.katalon.core.keyword.internal.KeywordMain.runKeyword(KeywordMain.groovy:68)
	at com.kms.katalon.core.keyword.builtin.CallTestCaseKeyword.callTestCase(CallTestCaseKeyword.groovy:81)
	at com.kms.katalon.core.keyword.builtin.CallTestCaseKeyword.execute(CallTestCaseKeyword.groovy:44)
	at com.kms.katalon.core.keyword.internal.KeywordExecutor.executeKeywordForPlatform(KeywordExecutor.groovy:73)
	at com.kms.katalon.core.keyword.BuiltinKeywords.callTestCase(BuiltinKeywords.groovy:334)
	at tablo.tablo.tablodaVeriBasariliMiArsiv(tablo.groovy:95)
	at cucumber.runtime.Utils$1.call(Utils.java:26)
	at cucumber.runtime.Timeout.timeout(Timeout.java:16)
	at cucumber.runtime.Utils.invoke(Utils.java:20)
	at cucumber.runtime.java.JavaStepDefinition.execute(JavaStepDefinition.java:49)
	at cucumber.runner.PickleStepDefinitionMatch.runStep(PickleStepDefinitionMatch.java:50)
	at cucumber.runner.TestStep.executeStep(TestStep.java:63)
	at cucumber.runner.TestStep.run(TestStep.java:49)
	at cucumber.runner.PickleStepTestStep.run(PickleStepTestStep.java:43)
	at cucumber.runner.TestCase.run(TestCase.java:44)
	at cucumber.runner.Runner.runPickle(Runner.java:40)
	at cucumber.runtime.Runtime$1.run(Runtime.java:84)
	at cucumber.runtime.Runtime$SameThreadExecutorService.execute(Runtime.java:220)
	at cucumber.runtime.Runtime.run(Runtime.java:81)
	at cucumber.api.cli.Main.run(Main.java:26)
	at cucumber.api.cli.Main$run.call(Unknown Source)
	at com.kms.katalon.core.cucumber.keyword.CucumberBuiltinKeywords$_runFeatureFile_closure1.doCall(CucumberBuiltinKeywords.groovy:106)
	at com.kms.katalon.core.cucumber.keyword.CucumberBuiltinKeywords$_runFeatureFile_closure1.doCall(CucumberBuiltinKeywords.groovy)
	at com.kms.katalon.core.keyword.internal.KeywordMain.runKeyword(KeywordMain.groovy:68)
	at com.kms.katalon.core.keyword.internal.KeywordMain$runKeyword.call(Unknown Source)
	at com.kms.katalon.core.cucumber.keyword.CucumberBuiltinKeywords.runFeatureFile(CucumberBuiltinKeywords.groovy:73)
	at com.kms.katalon.core.cucumber.keyword.CucumberBuiltinKeywords$runFeatureFile$0.callStatic(Unknown Source)
	at com.kms.katalon.core.cucumber.keyword.CucumberBuiltinKeywords.runFeatureFile(CucumberBuiltinKeywords.groovy:246)
	at com.kms.katalon.core.cucumber.keyword.CucumberBuiltinKeywords$runFeatureFile.call(Unknown Source)
	at VKN-Elektronik-Istisna.run(VKN-Elektronik-Istisna:19)
	at com.kms.katalon.core.main.ScriptEngine.run(ScriptEngine.java:194)
	at com.kms.katalon.core.main.ScriptEngine.runScriptAsRawText(ScriptEngine.java:119)
	at com.kms.katalon.core.main.TestCaseExecutor.runScript(TestCaseExecutor.java:369)
	at com.kms.katalon.core.main.TestCaseExecutor.doExecute(TestCaseExecutor.java:360)
	at com.kms.katalon.core.main.TestCaseExecutor.processExecutionPhase(TestCaseExecutor.java:339)
	at com.kms.katalon.core.main.TestCaseExecutor.accessMainPhase(TestCaseExecutor.java:331)
	at com.kms.katalon.core.main.TestCaseExecutor.execute(TestCaseExecutor.java:248)
	at com.kms.katalon.core.main.TestSuiteExecutor.accessTestCaseMainPhase(TestSuiteExecutor.java:191)
	at com.kms.katalon.core.main.TestSuiteExecutor.accessTestSuiteMainPhase(TestSuiteExecutor.java:140)
	at com.kms.katalon.core.main.TestSuiteExecutor.execute(TestSuiteExecutor.java:89)
	at com.kms.katalon.core.main.TestCaseMain.startTestSuite(TestCaseMain.java:181)
	at com.kms.katalon.core.main.TestCaseMain$startTestSuite$0.call(Unknown Source)
	at TempTestSuite1637225344330.run(TempTestSuite1637225344330.groovy:39)
)

2021-11-18 12:04:47 - [TEST_STEP][PASSED] - Method.TextDegerineEsitElementVarMi(findTestObject("Object Repository/Tablo/DurumBilgisiArsiv"), "Başarılı"): Method.TextDegerineEsitElementVarMi is PASSED

2021-11-18 12:04:47 - [MESSAGE][INFO] - Finding Test Object 'Object Repository/Tablo/DurumBilgisiArsiv'

2021-11-18 12:04:47 - [MESSAGE][INFO] - Checking timeout

2021-11-18 12:04:47 - [MESSAGE][INFO] - Finding web element with id: 'Object Repository/Tablo/DurumBilgisiArsiv' located by 'By.xpath: //*[@id = 'GridViewEArchiveInvoices_tccell0_9']' in '10' second(s)

2021-11-18 12:04:47 - [MESSAGE][INFO] - Smart Wait Function is triggered

2021-11-18 12:04:47 - [MESSAGE][INFO] - Found 1 web elements with id: 'Object Repository/Tablo/DurumBilgisiArsiv' located by 'By.xpath: //*[@id = 'GridViewEArchiveInvoices_tccell0_9']' in '10' second(s)

2021-11-18 12:04:47 - [MESSAGE][PASSED] - Method.TextDegerineEsitElementVarMi is PASSED

2021-11-18 12:04:47 - [MESSAGE][PASSED] - Call Test Case 'Test Cases/Tablo/TablodaVeriBasariliMiArsiv' successfully

2021-11-18 12:04:47 - [MESSAGE][INFO] - Checking called Test Case

2021-11-18 12:04:47 - [MESSAGE][INFO] - Starting to call Test Case 'Test Cases/Kullanici_Islemleri/KullaniciIslemlerindenSecimYapilir'

2021-11-18 12:04:47 - [TEST_CASE][PASSED] - Test Cases/Kullanici_Islemleri/KullaniciIslemlerindenSecimYapilir: Test Cases/Kullanici_Islemleri/KullaniciIslemlerindenSecimYapilir

2021-11-18 12:04:47 - [TEST_STEP][PASSED] - waitForElementClickable(findTestObject("Object Repository/Kullanici_Islemleri/KullaniciIslemleri"), 10): Object 'Object Repository/Kullanici_Islemleri/KullaniciIslemleri' is clickable

2021-11-18 12:04:47 - [MESSAGE][INFO] - Finding Test Object 'Object Repository/Kullanici_Islemleri/KullaniciIslemleri'

2021-11-18 12:04:47 - [MESSAGE][INFO] - Checking object

2021-11-18 12:04:47 - [MESSAGE][INFO] - Checking timeout

2021-11-18 12:04:47 - [MESSAGE][INFO] - Finding web element from Test Object's properties

2021-11-18 12:04:47 - [MESSAGE][INFO] - Checking timeout

2021-11-18 12:04:47 - [MESSAGE][INFO] - Finding web element with id: 'Object Repository/Kullanici_Islemleri/KullaniciIslemleri' located by 'By.cssSelector: .dropdown>a>img' in '10' second(s)

2021-11-18 12:04:47 - [MESSAGE][INFO] - Smart Wait Function is triggered

2021-11-18 12:04:48 - [MESSAGE][INFO] - Found 1 web elements with id: 'Object Repository/Kullanici_Islemleri/KullaniciIslemleri' located by 'By.cssSelector: .dropdown>a>img' in '10' second(s)

2021-11-18 12:04:48 - [MESSAGE][PASSED] - Object 'Object Repository/Kullanici_Islemleri/KullaniciIslemleri' is clickable

2021-11-18 12:04:48 - [TEST_STEP][PASSED] - click(findTestObject("Object Repository/Kullanici_Islemleri/KullaniciIslemleri")): Object: 'Object Repository/Kullanici_Islemleri/KullaniciIslemleri' is clicked on

2021-11-18 12:04:48 - [MESSAGE][INFO] - Finding Test Object 'Object Repository/Kullanici_Islemleri/KullaniciIslemleri'

2021-11-18 12:04:48 - [MESSAGE][INFO] - Checking object

2021-11-18 12:04:48 - [MESSAGE][INFO] - Finding web element from Test Object's properties

2021-11-18 12:04:48 - [MESSAGE][INFO] - Checking timeout

2021-11-18 12:04:48 - [MESSAGE][INFO] - Finding web element with id: 'Object Repository/Kullanici_Islemleri/KullaniciIslemleri' located by 'By.cssSelector: .dropdown>a>img' in '30' second(s)

2021-11-18 12:04:48 - [MESSAGE][INFO] - Smart Wait Function is triggered

2021-11-18 12:04:48 - [MESSAGE][INFO] - Found 1 web elements with id: 'Object Repository/Kullanici_Islemleri/KullaniciIslemleri' located by 'By.cssSelector: .dropdown>a>img' in '30' second(s)

2021-11-18 12:04:48 - [MESSAGE][INFO] - Clicking on object: 'Object Repository/Kullanici_Islemleri/KullaniciIslemleri'

2021-11-18 12:04:48 - [MESSAGE][PASSED] - Object: 'Object Repository/Kullanici_Islemleri/KullaniciIslemleri' is clicked on

2021-11-18 12:04:48 - [TEST_STEP][PASSED] - Method.TextDegerineEsitElementeTikla(findTestObject("Object Repository/Kullanici_Islemleri/Secenekler"), Islem): Method.TextDegerineEsitElementeTikla is PASSED

2021-11-18 12:04:48 - [MESSAGE][INFO] - Finding Test Object 'Object Repository/Kullanici_Islemleri/Secenekler'

2021-11-18 12:04:48 - [MESSAGE][INFO] - Checking timeout

2021-11-18 12:04:48 - [MESSAGE][INFO] - Finding web element with id: 'Object Repository/Kullanici_Islemleri/Secenekler' located by 'By.cssSelector: .nav.navbar-nav.navbar-right li a' in '10' second(s)

2021-11-18 12:04:48 - [MESSAGE][INFO] - Smart Wait Function is triggered

2021-11-18 12:04:49 - [MESSAGE][INFO] - Found 20 web elements with id: 'Object Repository/Kullanici_Islemleri/Secenekler' located by 'By.cssSelector: .nav.navbar-nav.navbar-right li a' in '10' second(s)

2021-11-18 12:04:50 - [MESSAGE][PASSED] - Method.TextDegerineEsitElementeTikla is PASSED

2021-11-18 12:04:50 - [TEST_STEP][PASSED] - verifyElementNotPresent(findTestObject("Object Repository/Kullanici_Islemleri/Secenekler"), 10): Web element with id: 'Object Repository/Kullanici_Islemleri/Secenekler' located by 'By.cssSelector: .nav.navbar-nav.navbar-right li a' is not present after '10' second(s)

2021-11-18 12:04:50 - [MESSAGE][INFO] - Finding Test Object 'Object Repository/Kullanici_Islemleri/Secenekler'

2021-11-18 12:04:50 - [MESSAGE][INFO] - Checking object

2021-11-18 12:04:50 - [MESSAGE][INFO] - Checking timeout

2021-11-18 12:04:50 - [MESSAGE][INFO] - Finding web element with id: 'Object Repository/Kullanici_Islemleri/Secenekler' located by 'By.cssSelector: .nav.navbar-nav.navbar-right li a' in '10' second(s)

2021-11-18 12:04:50 - [MESSAGE][INFO] - Smart Wait Function is triggered

2021-11-18 12:04:50 - [MESSAGE][PASSED] - Web element with id: 'Object Repository/Kullanici_Islemleri/Secenekler' located by 'By.cssSelector: .nav.navbar-nav.navbar-right li a' is not present after '10' second(s)

2021-11-18 12:04:50 - [MESSAGE][PASSED] - Call Test Case 'Test Cases/Kullanici_Islemleri/KullaniciIslemlerindenSecimYapilir' successfully

2021-11-18 12:04:50 - [TEST_CASE][PASSED] - Start Test Case : SCENARIO Gonderim tipi Kagit ve Istisna tipinde e-Arsiv faturasi olusturulmasi: SCENARIO Gonderim tipi Kagit ve Istisna tipinde e-Arsiv faturasi olusturulmasi

2021-11-18 12:04:50 - [TEST_STEP][PASSED] - Kullanıcı adı EARISTISNA ve Şifre test1234 olarak giriş yapılır: Kullanıcı adı EARISTISNA ve Şifre test1234 olarak giriş yapılır

2021-11-18 12:04:50 - [MESSAGE][PASSED] - Kullanıcı adı EARISTISNA ve Şifre test1234 olarak giriş yapılır

2021-11-18 12:04:50 - [TEST_STEP][PASSED] - Ana menüden e-Arşiv seçilir: Ana menüden e-Arşiv seçilir

2021-11-18 12:04:50 - [MESSAGE][PASSED] - Ana menüden e-Arşiv seçilir

2021-11-18 12:04:50 - [TEST_STEP][PASSED] - Alt menü e-Arşiv Araçları başlığı altındaki e-Arşiv Fatura Oluşturma seçilir: Alt menü e-Arşiv Araçları başlığı altındaki e-Arşiv Fatura Oluşturma seçilir

2021-11-18 12:04:50 - [MESSAGE][PASSED] - Alt menü e-Arşiv Araçları başlığı altındaki e-Arşiv Fatura Oluşturma seçilir

2021-11-18 12:04:50 - [TEST_STEP][PASSED] - Tablodaki tüm veriler silinir: Tablodaki tüm veriler silinir

2021-11-18 12:04:50 - [MESSAGE][PASSED] - Tablodaki tüm veriler silinir

2021-11-18 12:04:50 - [TEST_STEP][PASSED] - Butonlardan Ekle isimli butona tıklanır: Butonlardan Ekle isimli butona tıklanır

2021-11-18 12:04:50 - [MESSAGE][PASSED] - Butonlardan Ekle isimli butona tıklanır

2021-11-18 12:04:50 - [TEST_STEP][PASSED] - Görsel tasarım sayfasının e-Arşiv Fatura Bilgileri başlığını içerdiği kontrol edilir: Görsel tasarım sayfasının e-Arşiv Fatura Bilgileri başlığını içerdiği kontrol edilir

2021-11-18 12:04:50 - [MESSAGE][PASSED] - Görsel tasarım sayfasının e-Arşiv Fatura Bilgileri başlığını içerdiği kontrol edilir

2021-11-18 12:04:50 - [TEST_STEP][PASSED] - Alıcı adı alanına UC0005 girilir: Alıcı adı alanına UC0005 girilir

2021-11-18 12:04:50 - [MESSAGE][PASSED] - Alıcı adı alanına UC0005 girilir

2021-11-18 12:04:50 - [TEST_STEP][PASSED] - Gönderim Şekli Elektronik olarak seçilir: Gönderim Şekli Elektronik olarak seçilir

2021-11-18 12:04:50 - [MESSAGE][PASSED] - Gönderim Şekli Elektronik olarak seçilir

2021-11-18 12:04:50 - [TEST_STEP][PASSED] - Tip alanından İstisna seçilir: Tip alanından İstisna seçilir

2021-11-18 12:04:50 - [MESSAGE][PASSED] - Tip alanından İstisna seçilir

2021-11-18 12:04:50 - [TEST_STEP][PASSED] - Döküman Para Birimi alanından Türk Lirası seçilir: Döküman Para Birimi alanından Türk Lirası seçilir

2021-11-18 12:04:50 - [MESSAGE][PASSED] - Döküman Para Birimi alanından Türk Lirası seçilir

2021-11-18 12:04:50 - [TEST_STEP][PASSED] - Ön Ek EAR olarak seçilir: Ön Ek EAR olarak seçilir

2021-11-18 12:04:50 - [MESSAGE][PASSED] - Ön Ek EAR olarak seçilir

2021-11-18 12:04:50 - [TEST_STEP][PASSED] - Tasarım alanından Otomasyon seçilir: Tasarım alanından Otomasyon seçilir

2021-11-18 12:04:50 - [MESSAGE][PASSED] - Tasarım alanından Otomasyon seçilir

2021-11-18 12:04:50 - [TEST_STEP][PASSED] - Sipariş bilgileri UUC-SAT-1200001 ve 31.04.2020 olarak girilir: Sipariş bilgileri UUC-SAT-1200001 ve 31.04.2020 olarak girilir

2021-11-18 12:04:50 - [MESSAGE][PASSED] - Sipariş bilgileri UUC-SAT-1200001 ve 31.04.2020 olarak girilir

2021-11-18 12:04:50 - [TEST_STEP][PASSED] - İrsaliye Bilgileri AAAAAAAAAA,31.04.2020 olarak girilir: İrsaliye Bilgileri AAAAAAAAAA,31.04.2020 olarak girilir

2021-11-18 12:04:50 - [MESSAGE][PASSED] - İrsaliye Bilgileri AAAAAAAAAA,31.04.2020 olarak girilir

2021-11-18 12:04:50 - [TEST_STEP][PASSED] - Ekle butonuna basılır: Ekle butonuna basılır

2021-11-18 12:04:50 - [MESSAGE][PASSED] - Ekle butonuna basılır

2021-11-18 12:04:50 - [TEST_STEP][PASSED] - Ürün ekleme alanında Mal/Hizmet başlığına Otomasyon girilir: Ürün ekleme alanında Mal/Hizmet başlığına Otomasyon girilir

2021-11-18 12:04:50 - [MESSAGE][PASSED] - Ürün ekleme alanında Mal/Hizmet başlığına Otomasyon girilir

2021-11-18 12:04:50 - [TEST_STEP][PASSED] - Ürün ekleme alanında Açıklaması başlığına Virgosol girilir: Ürün ekleme alanında Açıklaması başlığına Virgosol girilir

2021-11-18 12:04:50 - [MESSAGE][PASSED] - Ürün ekleme alanında Açıklaması başlığına Virgosol girilir

2021-11-18 12:04:50 - [TEST_STEP][PASSED] - Ürün ekleme alanında Miktarı başlığına 400 girilir: Ürün ekleme alanında Miktarı başlığına 400 girilir

2021-11-18 12:04:50 - [MESSAGE][PASSED] - Ürün ekleme alanında Miktarı başlığına 400 girilir

2021-11-18 12:04:50 - [TEST_STEP][PASSED] - Ürün ekleme alanında Birim Fiyat başlığına 100 girilir: Ürün ekleme alanında Birim Fiyat başlığına 100 girilir

2021-11-18 12:04:50 - [MESSAGE][PASSED] - Ürün ekleme alanında Birim Fiyat başlığına 100 girilir

2021-11-18 12:04:50 - [TEST_STEP][PASSED] - Ürün ekleme alanında İskonto Oranı % başlığına 10 girilir: Ürün ekleme alanında İskonto Oranı % başlığına 10 girilir

2021-11-18 12:04:50 - [MESSAGE][PASSED] - Ürün ekleme alanında İskonto Oranı % başlığına 10 girilir

2021-11-18 12:04:50 - [TEST_STEP][PASSED] - Notlar alanına Otomasyon Not girilir: Notlar alanına Otomasyon Not girilir

2021-11-18 12:04:50 - [MESSAGE][PASSED] - Notlar alanına Otomasyon Not girilir

2021-11-18 12:04:50 - [TEST_STEP][PASSED] - Ettn bilgisi kayıt edilir: Ettn bilgisi kayıt edilir

2021-11-18 12:04:50 - [MESSAGE][PASSED] - Ettn bilgisi kayıt edilir

2021-11-18 12:04:50 - [TEST_STEP][PASSED] - Kaydet butonu seçilir: Kaydet butonu seçilir

2021-11-18 12:04:50 - [MESSAGE][PASSED] - Kaydet butonu seçilir

2021-11-18 12:04:50 - [TEST_STEP][PASSED] - Tabloda Ettn bilgisi kaydedilen veri oluşturuldu mu: Tabloda Ettn bilgisi kaydedilen veri oluşturuldu mu

2021-11-18 12:04:50 - [MESSAGE][PASSED] - Tabloda Ettn bilgisi kaydedilen veri oluşturuldu mu

2021-11-18 12:04:50 - [TEST_STEP][PASSED] - Tablodan Ettn bilgisi kaydedilen veri seçilir: Tablodan Ettn bilgisi kaydedilen veri seçilir

2021-11-18 12:04:50 - [MESSAGE][PASSED] - Tablodan Ettn bilgisi kaydedilen veri seçilir

2021-11-18 12:04:50 - [TEST_STEP][PASSED] - Butonlardan Numara Oluştur isimli butona tıklanır: Butonlardan Numara Oluştur isimli butona tıklanır

2021-11-18 12:04:50 - [MESSAGE][PASSED] - Butonlardan Numara Oluştur isimli butona tıklanır

2021-11-18 12:04:50 - [TEST_STEP][PASSED] - Popup mesajı Devam etmek istiyor musunuz içeriyor mu: Popup mesajı Devam etmek istiyor musunuz içeriyor mu

2021-11-18 12:04:50 - [MESSAGE][PASSED] - Popup mesajı Devam etmek istiyor musunuz içeriyor mu

2021-11-18 12:04:50 - [TEST_STEP][PASSED] - Yönetim popupında Evet seçilir: Yönetim popupında Evet seçilir

2021-11-18 12:04:50 - [MESSAGE][PASSED] - Yönetim popupında Evet seçilir

2021-11-18 12:04:50 - [TEST_STEP][PASSED] - Popup mesajı oluşmuştur içeriyor mu: Popup mesajı oluşmuştur içeriyor mu

2021-11-18 12:04:50 - [MESSAGE][PASSED] - Popup mesajı oluşmuştur içeriyor mu

2021-11-18 12:04:50 - [TEST_STEP][PASSED] - Yönetim popupında Tamam seçilir: Yönetim popupında Tamam seçilir

2021-11-18 12:04:50 - [MESSAGE][PASSED] - Yönetim popupında Tamam seçilir

2021-11-18 12:04:50 - [TEST_STEP][PASSED] - Tablodan Ettn bilgisi kaydedilen veri seçilir: Tablodan Ettn bilgisi kaydedilen veri seçilir

2021-11-18 12:04:50 - [MESSAGE][PASSED] - Tablodan Ettn bilgisi kaydedilen veri seçilir

2021-11-18 12:04:50 - [TEST_STEP][PASSED] - Butonlardan Gönder isimli butona tıklanır: Butonlardan Gönder isimli butona tıklanır

2021-11-18 12:04:50 - [MESSAGE][PASSED] - Butonlardan Gönder isimli butona tıklanır

2021-11-18 12:04:50 - [TEST_STEP][PASSED] - Popup mesajı Devam etmek istiyor musunuz içeriyor mu: Popup mesajı Devam etmek istiyor musunuz içeriyor mu

2021-11-18 12:04:50 - [MESSAGE][PASSED] - Popup mesajı Devam etmek istiyor musunuz içeriyor mu

2021-11-18 12:04:50 - [TEST_STEP][PASSED] - Yönetim popupında Evet seçilir: Yönetim popupında Evet seçilir

2021-11-18 12:04:50 - [MESSAGE][PASSED] - Yönetim popupında Evet seçilir

2021-11-18 12:04:50 - [TEST_STEP][PASSED] - Ana menüden e-Arşiv seçilir: Ana menüden e-Arşiv seçilir

2021-11-18 12:04:50 - [MESSAGE][PASSED] - Ana menüden e-Arşiv seçilir

2021-11-18 12:04:50 - [TEST_STEP][PASSED] - Alt menü e-Arşiv Hareketleri başlığı altındaki e-Arşiv Faturaları seçilir: Alt menü e-Arşiv Hareketleri başlığı altındaki e-Arşiv Faturaları seçilir

2021-11-18 12:04:50 - [MESSAGE][PASSED] - Alt menü e-Arşiv Hareketleri başlığı altındaki e-Arşiv Faturaları seçilir

2021-11-18 12:04:50 - [TEST_STEP][PASSED] - Filtrelerden Ettn filtresine Ettn bilgisi yaz: Filtrelerden Ettn filtresine Ettn bilgisi yaz

2021-11-18 12:04:50 - [MESSAGE][PASSED] - Filtrelerden Ettn filtresine Ettn bilgisi yaz

2021-11-18 12:04:50 - [TEST_STEP][PASSED] - Filtre butonlarından Listele seçilir: Filtre butonlarından Listele seçilir

2021-11-18 12:04:50 - [MESSAGE][PASSED] - Filtre butonlarından Listele seçilir

2021-11-18 12:04:50 - [TEST_STEP][PASSED] - Tabloda veri var mı kontrol edilir: Tabloda veri var mı kontrol edilir

2021-11-18 12:04:50 - [MESSAGE][PASSED] - Tabloda veri var mı kontrol edilir

2021-11-18 12:04:50 - [TEST_STEP][PASSED] - Tabloda yeni oluşturulan eArsiv verisi başarılı mı: Tabloda yeni oluşturulan eArsiv verisi başarılı mı

2021-11-18 12:04:50 - [MESSAGE][PASSED] - Tabloda yeni oluşturulan eArsiv verisi başarılı mı

2021-11-18 12:04:50 - [TEST_STEP][PASSED] - Kullanıcı işlemlerinden Çıkış seçilir: Kullanıcı işlemlerinden Çıkış seçilir

2021-11-18 12:04:50 - [MESSAGE][PASSED] - Kullanıcı işlemlerinden Çıkış seçilir

2021-11-18 12:04:50 - [MESSAGE][PASSED] - Feature file: 'Include/features/Regresyon/e-Arsiv/VKN-Elektronik-Istisna.feature' was passed

2021-11-18 12:04:50 - [TEST_STEP][PASSED] - Start listener action : sampleAfterTestSuite: Invoke 'com.kms.katalon.core.annotation.AfterTestCase' method: 'Listener.sampleAfterTestSuite(...)' completed.

2021-11-18 12:04:50 - [MESSAGE][INFO] - Starting invoke 'com.kms.katalon.core.annotation.AfterTestCase' method: 'Listener.sampleAfterTestSuite(...)'

2021-11-18 12:04:50 - [TEST_STEP][PASSED] - closeBrowser(): Invoke 'com.kms.katalon.core.annotation.AfterTestCase' method: 'Listener.sampleAfterTestSuite(...)' completed.

2021-11-18 12:04:50 - [MESSAGE][INFO] - Closing browser

2021-11-18 12:04:51 - [MESSAGE][PASSED] - Browser is closed

2021-11-18 12:04:51 - [MESSAGE][INFO] - Invoke 'com.kms.katalon.core.annotation.AfterTestCase' method: 'Listener.sampleAfterTestSuite(...)' completed.]]></system-out>
         <system-err><![CDATA[]]></system-err>
      </testcase>
      <testcase name="Test Cases/Case Repository/Regresyon/e-Arsiv/VKN-Elektronik-Ozel Matrah" time="103.927" classname="Test Cases/Case Repository/Regresyon/e-Arsiv/VKN-Elektronik-Ozel Matrah" status="PASSED">
         <system-out><![CDATA[2021-11-18 12:04:51 - [TEST_CASE][PASSED] - Test Cases/Case Repository/Regresyon/e-Arsiv/VKN-Elektronik-Ozel Matrah: Test Cases/Case Repository/Regresyon/e-Arsiv/VKN-Elektronik-Ozel Matrah

2021-11-18 12:04:51 - [TEST_STEP][PASSED] - Start listener action : sampleBeforeTestSuite: Invoke 'com.kms.katalon.core.annotation.BeforeTestCase' method: 'Listener.sampleBeforeTestSuite(...)' completed.

2021-11-18 12:04:51 - [MESSAGE][INFO] - Starting invoke 'com.kms.katalon.core.annotation.BeforeTestCase' method: 'Listener.sampleBeforeTestSuite(...)'

2021-11-18 12:04:51 - [TEST_STEP][PASSED] - openBrowser(baseUrl): Browser is opened with url: 'https://efatura-stage.elogo.com.tr/'

2021-11-18 12:04:51 - [MESSAGE][INFO] - Opening browser

2021-11-18 12:04:51 - [MESSAGE][INFO] - Starting 'Chrome' driver

2021-11-18 12:04:51 - [MESSAGE][INFO] - User set preference: ['prefs', '{download.default_directory=C:\otomasyondownfiles}']

2021-11-18 12:04:51 - [MESSAGE][INFO] - Action delay is set to 0 milliseconds

2021-11-18 12:04:52 - [MESSAGE][INFO] - Navigating browser to: 'https://efatura-stage.elogo.com.tr/'

2021-11-18 12:04:54 - [MESSAGE][PASSED] - Browser is opened with url: 'https://efatura-stage.elogo.com.tr/'

2021-11-18 12:04:54 - [TEST_STEP][PASSED] - maximizeWindow(): Invoke 'com.kms.katalon.core.annotation.BeforeTestCase' method: 'Listener.sampleBeforeTestSuite(...)' completed.

2021-11-18 12:04:54 - [MESSAGE][INFO] - Maximizing current window

2021-11-18 12:04:54 - [MESSAGE][PASSED] - Current window maximized

2021-11-18 12:04:54 - [MESSAGE][INFO] - Invoke 'com.kms.katalon.core.annotation.BeforeTestCase' method: 'Listener.sampleBeforeTestSuite(...)' completed.

2021-11-18 12:04:55 - [TEST_STEP][PASSED] - runFeatureFile("Include/features/Regresyon/e-Arsiv/VKN-Elektronik-Ozel Matrah.feature"): Feature file: 'Include/features/Regresyon/e-Arsiv/VKN-Elektronik-Ozel Matrah.feature' was passed

2021-11-18 12:04:55 - [MESSAGE][INFO] - Starting run keyword runFeatureFile: 'Include/features/Regresyon/e-Arsiv/VKN-Elektronik-Ozel Matrah.feature' and extract report to folder: 'C:\Users\DELL\Documents\GitHub\EES_KatalonLogo\Reports\20211118_114904\Suite Repository\Regresyon-eArsiv-eMakbuz\20211118_114904/cucumber_report/1637226295167'...

2021-11-18 12:04:55 - [MESSAGE][INFO] - Glue: []

2021-11-18 12:04:56 - [MESSAGE][INFO] - Checking called Test Case

2021-11-18 12:04:56 - [MESSAGE][INFO] - Starting to call Test Case 'Test Cases/Sayfalar/Giris_Sayfasi/Login'

2021-11-18 12:04:56 - [TEST_CASE][PASSED] - Test Cases/Sayfalar/Giris_Sayfasi/Login: Test Cases/Sayfalar/Giris_Sayfasi/Login

2021-11-18 12:04:56 - [TEST_STEP][PASSED] - Sayfa_Basligi = getWindowTitle(): Current window's title is: 'LOGO e-Fatura'

2021-11-18 12:04:56 - [MESSAGE][INFO] - Getting current window's title

2021-11-18 12:04:56 - [MESSAGE][PASSED] - Current window's title is: 'LOGO e-Fatura'

2021-11-18 12:04:56 - [TEST_STEP][PASSED] - verifyMatch(Sayfa_Basligi, "LOGO e-Fatura", false): Actual text 'LOGO e-Fatura' and expected text 'LOGO e-Fatura' are matched 

2021-11-18 12:04:56 - [MESSAGE][INFO] - Matching actual text 'LOGO e-Fatura' with expected text 'LOGO e-Fatura'

2021-11-18 12:04:56 - [MESSAGE][PASSED] - Actual text 'LOGO e-Fatura' and expected text 'LOGO e-Fatura' are matched 

2021-11-18 12:04:56 - [TEST_STEP][PASSED] - sendKeys(findTestObject("Sayfalar/Giris_Sayfasi/Firma_Kodu"), KullaniciAdi): Keys 'EARMATRAH' sent to object: 'Object Repository/Sayfalar/Giris_Sayfasi/Firma_Kodu'

2021-11-18 12:04:56 - [MESSAGE][INFO] - Finding Test Object 'Object Repository/Sayfalar/Giris_Sayfasi/Firma_Kodu'

2021-11-18 12:04:56 - [MESSAGE][INFO] - Sending keys 'EARMATRAH' to object: 'Object Repository/Sayfalar/Giris_Sayfasi/Firma_Kodu'

2021-11-18 12:04:56 - [MESSAGE][INFO] - Finding web element from Test Object's properties

2021-11-18 12:04:56 - [MESSAGE][INFO] - Checking timeout

2021-11-18 12:04:56 - [MESSAGE][INFO] - Finding web element with id: 'Object Repository/Sayfalar/Giris_Sayfasi/Firma_Kodu' located by 'By.xpath: //*[@id = 'AccountName']' in '30' second(s)

2021-11-18 12:04:56 - [MESSAGE][INFO] - Smart Wait Function is triggered

2021-11-18 12:04:56 - [MESSAGE][INFO] - Found 1 web elements with id: 'Object Repository/Sayfalar/Giris_Sayfasi/Firma_Kodu' located by 'By.xpath: //*[@id = 'AccountName']' in '30' second(s)

2021-11-18 12:04:56 - [MESSAGE][PASSED] - Keys 'EARMATRAH' sent to object: 'Object Repository/Sayfalar/Giris_Sayfasi/Firma_Kodu'

2021-11-18 12:04:56 - [TEST_STEP][PASSED] - sendKeys(findTestObject("Sayfalar/Giris_Sayfasi/Sifre"), Sifre): Keys 'test1234' sent to object: 'Object Repository/Sayfalar/Giris_Sayfasi/Sifre'

2021-11-18 12:04:56 - [MESSAGE][INFO] - Finding Test Object 'Object Repository/Sayfalar/Giris_Sayfasi/Sifre'

2021-11-18 12:04:56 - [MESSAGE][INFO] - Sending keys 'test1234' to object: 'Object Repository/Sayfalar/Giris_Sayfasi/Sifre'

2021-11-18 12:04:56 - [MESSAGE][INFO] - Finding web element from Test Object's properties

2021-11-18 12:04:56 - [MESSAGE][INFO] - Checking timeout

2021-11-18 12:04:56 - [MESSAGE][INFO] - Finding web element with id: 'Object Repository/Sayfalar/Giris_Sayfasi/Sifre' located by 'By.xpath: //*[@id = 'Password']' in '30' second(s)

2021-11-18 12:04:56 - [MESSAGE][INFO] - Smart Wait Function is triggered

2021-11-18 12:04:56 - [MESSAGE][INFO] - Found 1 web elements with id: 'Object Repository/Sayfalar/Giris_Sayfasi/Sifre' located by 'By.xpath: //*[@id = 'Password']' in '30' second(s)

2021-11-18 12:04:57 - [MESSAGE][PASSED] - Keys 'test1234' sent to object: 'Object Repository/Sayfalar/Giris_Sayfasi/Sifre'

2021-11-18 12:04:57 - [TEST_STEP][PASSED] - findWebElement(findTestObject("Sayfalar/Giris_Sayfasi/Giris_Butonu")).click(): Found 1 web elements with id: 'Object Repository/Sayfalar/Giris_Sayfasi/Giris_Butonu' located by 'By.cssSelector: #btnLogin' in '30' second(s)

2021-11-18 12:04:57 - [MESSAGE][INFO] - Finding Test Object 'Object Repository/Sayfalar/Giris_Sayfasi/Giris_Butonu'

2021-11-18 12:04:57 - [MESSAGE][INFO] - Finding web element from Test Object's properties

2021-11-18 12:04:57 - [MESSAGE][INFO] - Checking timeout

2021-11-18 12:04:57 - [MESSAGE][INFO] - Finding web element with id: 'Object Repository/Sayfalar/Giris_Sayfasi/Giris_Butonu' located by 'By.cssSelector: #btnLogin' in '30' second(s)

2021-11-18 12:04:57 - [MESSAGE][INFO] - Smart Wait Function is triggered

2021-11-18 12:04:57 - [MESSAGE][INFO] - Found 1 web elements with id: 'Object Repository/Sayfalar/Giris_Sayfasi/Giris_Butonu' located by 'By.cssSelector: #btnLogin' in '30' second(s)

2021-11-18 12:04:58 - [TEST_STEP][PASSED] - if (verifyElementPresent(findTestObject("Object Repository/Sayfalar/Giris_Sayfasi/RetveTamam_Butonu"), 5, OPTIONAL)): null

2021-11-18 12:04:58 - [MESSAGE][INFO] - Finding Test Object 'Object Repository/Sayfalar/Giris_Sayfasi/RetveTamam_Butonu'

2021-11-18 12:04:58 - [MESSAGE][INFO] - Checking object

2021-11-18 12:04:58 - [MESSAGE][INFO] - Finding web element from Test Object's properties

2021-11-18 12:04:58 - [MESSAGE][INFO] - Checking timeout

2021-11-18 12:04:58 - [MESSAGE][INFO] - Finding web element with id: 'Object Repository/Sayfalar/Giris_Sayfasi/RetveTamam_Butonu' located by 'By.xpath: //*[@class = 'btn btn-default']' in '5' second(s)

2021-11-18 12:04:58 - [MESSAGE][INFO] - Smart Wait Function is triggered

2021-11-18 12:04:59 - [MESSAGE][INFO] - Found 1 web elements with id: 'Object Repository/Sayfalar/Giris_Sayfasi/RetveTamam_Butonu' located by 'By.xpath: //*[@class = 'btn btn-default']' in '5' second(s)

2021-11-18 12:04:59 - [MESSAGE][PASSED] - Object 'Object Repository/Sayfalar/Giris_Sayfasi/RetveTamam_Butonu' is present

2021-11-18 12:04:59 - [TEST_STEP][PASSED] - click(findTestObject("Object Repository/Sayfalar/Giris_Sayfasi/RetveTamam_Butonu")): Object: 'Object Repository/Sayfalar/Giris_Sayfasi/RetveTamam_Butonu' is clicked on

2021-11-18 12:04:59 - [MESSAGE][INFO] - Finding Test Object 'Object Repository/Sayfalar/Giris_Sayfasi/RetveTamam_Butonu'

2021-11-18 12:04:59 - [MESSAGE][INFO] - Checking object

2021-11-18 12:04:59 - [MESSAGE][INFO] - Finding web element from Test Object's properties

2021-11-18 12:04:59 - [MESSAGE][INFO] - Checking timeout

2021-11-18 12:04:59 - [MESSAGE][INFO] - Finding web element with id: 'Object Repository/Sayfalar/Giris_Sayfasi/RetveTamam_Butonu' located by 'By.xpath: //*[@class = 'btn btn-default']' in '30' second(s)

2021-11-18 12:04:59 - [MESSAGE][INFO] - Smart Wait Function is triggered

2021-11-18 12:04:59 - [MESSAGE][INFO] - Found 1 web elements with id: 'Object Repository/Sayfalar/Giris_Sayfasi/RetveTamam_Butonu' located by 'By.xpath: //*[@class = 'btn btn-default']' in '30' second(s)

2021-11-18 12:04:59 - [MESSAGE][INFO] - Clicking on object: 'Object Repository/Sayfalar/Giris_Sayfasi/RetveTamam_Butonu'

2021-11-18 12:04:59 - [MESSAGE][PASSED] - Object: 'Object Repository/Sayfalar/Giris_Sayfasi/RetveTamam_Butonu' is clicked on

2021-11-18 12:04:59 - [TEST_STEP][PASSED] - click(findTestObject("Object Repository/Sayfalar/Giris_Sayfasi/RetveTamam_Butonu")): Object: 'Object Repository/Sayfalar/Giris_Sayfasi/RetveTamam_Butonu' is clicked on

2021-11-18 12:04:59 - [MESSAGE][INFO] - Finding Test Object 'Object Repository/Sayfalar/Giris_Sayfasi/RetveTamam_Butonu'

2021-11-18 12:04:59 - [MESSAGE][INFO] - Checking object

2021-11-18 12:04:59 - [MESSAGE][INFO] - Finding web element from Test Object's properties

2021-11-18 12:04:59 - [MESSAGE][INFO] - Checking timeout

2021-11-18 12:04:59 - [MESSAGE][INFO] - Finding web element with id: 'Object Repository/Sayfalar/Giris_Sayfasi/RetveTamam_Butonu' located by 'By.xpath: //*[@class = 'btn btn-default']' in '30' second(s)

2021-11-18 12:04:59 - [MESSAGE][INFO] - Smart Wait Function is triggered

2021-11-18 12:05:03 - [MESSAGE][INFO] - Found 1 web elements with id: 'Object Repository/Sayfalar/Giris_Sayfasi/RetveTamam_Butonu' located by 'By.xpath: //*[@class = 'btn btn-default']' in '30' second(s)

2021-11-18 12:05:03 - [MESSAGE][INFO] - Clicking on object: 'Object Repository/Sayfalar/Giris_Sayfasi/RetveTamam_Butonu'

2021-11-18 12:05:03 - [MESSAGE][PASSED] - Object: 'Object Repository/Sayfalar/Giris_Sayfasi/RetveTamam_Butonu' is clicked on

2021-11-18 12:05:03 - [TEST_STEP][PASSED] - if (verifyElementPresent(findTestObject("Sayfalar/Giris_Sayfasi/PopupOK"), 5, OPTIONAL)): com.kms.katalon.core.webui.exception.WebElementNotFoundException: Web element with id: 'Object Repository/Sayfalar/Giris_Sayfasi/PopupOK' located by '.btn.btn-success' not found (Root cause: com.kms.katalon.core.exception.StepFailedException: com.kms.katalon.core.webui.exception.WebElementNotFoundException: Web element with id: 'Object Repository/Sayfalar/Giris_Sayfasi/PopupOK' located by '.btn.btn-success' not found
	at com.kms.katalon.core.webui.keyword.internal.WebUIKeywordMain.stepFailed(WebUIKeywordMain.groovy:64)
	at com.kms.katalon.core.webui.keyword.builtin.VerifyElementPresentKeyword$_verifyElementPresent_closure1.doCall(VerifyElementPresentKeyword.groovy:85)
	at com.kms.katalon.core.webui.keyword.builtin.VerifyElementPresentKeyword$_verifyElementPresent_closure1.call(VerifyElementPresentKeyword.groovy)
	at com.kms.katalon.core.webui.keyword.internal.WebUIKeywordMain.runKeyword(WebUIKeywordMain.groovy:20)
	at com.kms.katalon.core.webui.keyword.builtin.VerifyElementPresentKeyword.verifyElementPresent(VerifyElementPresentKeyword.groovy:92)
	at com.kms.katalon.core.webui.keyword.builtin.VerifyElementPresentKeyword.execute(VerifyElementPresentKeyword.groovy:68)
	at com.kms.katalon.core.keyword.internal.KeywordExecutor.executeKeywordForPlatform(KeywordExecutor.groovy:73)
	at com.kms.katalon.core.webui.keyword.WebUiBuiltInKeywords.verifyElementPresent(WebUiBuiltInKeywords.groovy:1448)
	at com.kms.katalon.core.webui.keyword.WebUiBuiltInKeywords$verifyElementPresent$4.call(Unknown Source)
	at Login.run(Login:40)
	at com.kms.katalon.core.main.ScriptEngine.run(ScriptEngine.java:194)
	at com.kms.katalon.core.main.ScriptEngine.runScriptAsRawText(ScriptEngine.java:119)
	at com.kms.katalon.core.main.TestCaseExecutor.runScript(TestCaseExecutor.java:369)
	at com.kms.katalon.core.main.TestCaseExecutor.doExecute(TestCaseExecutor.java:360)
	at com.kms.katalon.core.main.TestCaseExecutor.processExecutionPhase(TestCaseExecutor.java:339)
	at com.kms.katalon.core.main.TestCaseExecutor.accessMainPhase(TestCaseExecutor.java:331)
	at com.kms.katalon.core.main.TestCaseExecutor.execute(TestCaseExecutor.java:248)
	at com.kms.katalon.core.main.TestCaseMain.runTestCase(TestCaseMain.java:138)
	at com.kms.katalon.core.keyword.builtin.CallTestCaseKeyword$_callTestCase_closure1.doCall(CallTestCaseKeyword.groovy:59)
	at com.kms.katalon.core.keyword.builtin.CallTestCaseKeyword$_callTestCase_closure1.call(CallTestCaseKeyword.groovy)
	at com.kms.katalon.core.keyword.internal.KeywordMain.runKeyword(KeywordMain.groovy:68)
	at com.kms.katalon.core.keyword.builtin.CallTestCaseKeyword.callTestCase(CallTestCaseKeyword.groovy:81)
	at com.kms.katalon.core.keyword.builtin.CallTestCaseKeyword.execute(CallTestCaseKeyword.groovy:44)
	at com.kms.katalon.core.keyword.internal.KeywordExecutor.executeKeywordForPlatform(KeywordExecutor.groovy:73)
	at com.kms.katalon.core.keyword.BuiltinKeywords.callTestCase(BuiltinKeywords.groovy:334)
	at sayfalar.girisSayfasi.login(girisSayfasi.groovy:50)
	at cucumber.runtime.Utils$1.call(Utils.java:26)
	at cucumber.runtime.Timeout.timeout(Timeout.java:16)
	at cucumber.runtime.Utils.invoke(Utils.java:20)
	at cucumber.runtime.java.JavaStepDefinition.execute(JavaStepDefinition.java:49)
	at cucumber.runner.PickleStepDefinitionMatch.runStep(PickleStepDefinitionMatch.java:50)
	at cucumber.runner.TestStep.executeStep(TestStep.java:63)
	at cucumber.runner.TestStep.run(TestStep.java:49)
	at cucumber.runner.PickleStepTestStep.run(PickleStepTestStep.java:43)
	at cucumber.runner.TestCase.run(TestCase.java:44)
	at cucumber.runner.Runner.runPickle(Runner.java:40)
	at cucumber.runtime.Runtime$1.run(Runtime.java:84)
	at cucumber.runtime.Runtime$SameThreadExecutorService.execute(Runtime.java:220)
	at cucumber.runtime.Runtime.run(Runtime.java:81)
	at cucumber.api.cli.Main.run(Main.java:26)
	at cucumber.api.cli.Main$run.call(Unknown Source)
	at com.kms.katalon.core.cucumber.keyword.CucumberBuiltinKeywords$_runFeatureFile_closure1.doCall(CucumberBuiltinKeywords.groovy:106)
	at com.kms.katalon.core.cucumber.keyword.CucumberBuiltinKeywords$_runFeatureFile_closure1.doCall(CucumberBuiltinKeywords.groovy)
	at com.kms.katalon.core.keyword.internal.KeywordMain.runKeyword(KeywordMain.groovy:68)
	at com.kms.katalon.core.keyword.internal.KeywordMain$runKeyword.call(Unknown Source)
	at com.kms.katalon.core.cucumber.keyword.CucumberBuiltinKeywords.runFeatureFile(CucumberBuiltinKeywords.groovy:73)
	at com.kms.katalon.core.cucumber.keyword.CucumberBuiltinKeywords$runFeatureFile$0.callStatic(Unknown Source)
	at com.kms.katalon.core.cucumber.keyword.CucumberBuiltinKeywords.runFeatureFile(CucumberBuiltinKeywords.groovy:246)
	at com.kms.katalon.core.cucumber.keyword.CucumberBuiltinKeywords$runFeatureFile.call(Unknown Source)
	at VKN-Elektronik-Ozel Matrah.run(VKN-Elektronik-Ozel Matrah:19)
	at com.kms.katalon.core.main.ScriptEngine.run(ScriptEngine.java:194)
	at com.kms.katalon.core.main.ScriptEngine.runScriptAsRawText(ScriptEngine.java:119)
	at com.kms.katalon.core.main.TestCaseExecutor.runScript(TestCaseExecutor.java:369)
	at com.kms.katalon.core.main.TestCaseExecutor.doExecute(TestCaseExecutor.java:360)
	at com.kms.katalon.core.main.TestCaseExecutor.processExecutionPhase(TestCaseExecutor.java:339)
	at com.kms.katalon.core.main.TestCaseExecutor.accessMainPhase(TestCaseExecutor.java:331)
	at com.kms.katalon.core.main.TestCaseExecutor.execute(TestCaseExecutor.java:248)
	at com.kms.katalon.core.main.TestSuiteExecutor.accessTestCaseMainPhase(TestSuiteExecutor.java:191)
	at com.kms.katalon.core.main.TestSuiteExecutor.accessTestSuiteMainPhase(TestSuiteExecutor.java:140)
	at com.kms.katalon.core.main.TestSuiteExecutor.execute(TestSuiteExecutor.java:89)
	at com.kms.katalon.core.main.TestCaseMain.startTestSuite(TestCaseMain.java:181)
	at com.kms.katalon.core.main.TestCaseMain$startTestSuite$0.call(Unknown Source)
	at TempTestSuite1637225344330.run(TempTestSuite1637225344330.groovy:39)
)

2021-11-18 12:05:03 - [MESSAGE][INFO] - Finding Test Object 'Object Repository/Sayfalar/Giris_Sayfasi/PopupOK'

2021-11-18 12:05:03 - [MESSAGE][INFO] - Checking object

2021-11-18 12:05:03 - [MESSAGE][INFO] - Finding web element from Test Object's properties

2021-11-18 12:05:03 - [MESSAGE][INFO] - Checking timeout

2021-11-18 12:05:03 - [MESSAGE][INFO] - Finding web element with id: 'Object Repository/Sayfalar/Giris_Sayfasi/PopupOK' located by 'By.cssSelector: .btn.btn-success' in '5' second(s)

2021-11-18 12:05:03 - [MESSAGE][INFO] - Smart Wait Function is triggered

2021-11-18 12:05:04 - [MESSAGE][INFO] - Smart Wait Function is triggered

2021-11-18 12:05:04 - [MESSAGE][INFO] - Smart Wait Function is triggered

2021-11-18 12:05:05 - [MESSAGE][INFO] - Smart Wait Function is triggered

2021-11-18 12:05:05 - [MESSAGE][INFO] - Smart Wait Function is triggered

2021-11-18 12:05:05 - [MESSAGE][INFO] - Smart Wait Function is triggered

2021-11-18 12:05:05 - [MESSAGE][INFO] - Smart Wait Function is triggered

2021-11-18 12:05:06 - [MESSAGE][INFO] - Smart Wait Function is triggered

2021-11-18 12:05:06 - [MESSAGE][INFO] - Smart Wait Function is triggered

2021-11-18 12:05:06 - [MESSAGE][INFO] - Smart Wait Function is triggered

2021-11-18 12:05:06 - [MESSAGE][INFO] - Smart Wait Function is triggered

2021-11-18 12:05:07 - [MESSAGE][INFO] - Smart Wait Function is triggered

2021-11-18 12:05:07 - [MESSAGE][INFO] - Smart Wait Function is triggered

2021-11-18 12:05:07 - [MESSAGE][INFO] - Smart Wait Function is triggered

2021-11-18 12:05:08 - [MESSAGE][INFO] - Smart Wait Function is triggered

2021-11-18 12:05:08 - [MESSAGE][INFO] - Smart Wait Function is triggered

2021-11-18 12:05:08 - [MESSAGE][INFO] - Smart Wait Function is triggered

2021-11-18 12:05:08 - [MESSAGE][INFO] - Smart Wait Function is triggered

2021-11-18 12:05:09 - [MESSAGE][INFO] - Smart Wait Function is triggered

2021-11-18 12:05:09 - [MESSAGE][INFO] - Smart Wait Function is triggered

2021-11-18 12:05:09 - [MESSAGE][INFO] - Smart Wait Function is triggered

2021-11-18 12:05:09 - [MESSAGE][INFO] - Unable to find the element located by 'By.cssSelector: .btn.btn-success'. Please recheck the objects properties to make sure the desired element is located. 

2021-11-18 12:05:09 - [MESSAGE][WARNING] - com.kms.katalon.core.webui.exception.WebElementNotFoundException: Web element with id: 'Object Repository/Sayfalar/Giris_Sayfasi/PopupOK' located by '.btn.btn-success' not found (Root cause: com.kms.katalon.core.exception.StepFailedException: com.kms.katalon.core.webui.exception.WebElementNotFoundException: Web element with id: 'Object Repository/Sayfalar/Giris_Sayfasi/PopupOK' located by '.btn.btn-success' not found
	at com.kms.katalon.core.webui.keyword.internal.WebUIKeywordMain.stepFailed(WebUIKeywordMain.groovy:64)
	at com.kms.katalon.core.webui.keyword.builtin.VerifyElementPresentKeyword$_verifyElementPresent_closure1.doCall(VerifyElementPresentKeyword.groovy:85)
	at com.kms.katalon.core.webui.keyword.builtin.VerifyElementPresentKeyword$_verifyElementPresent_closure1.call(VerifyElementPresentKeyword.groovy)
	at com.kms.katalon.core.webui.keyword.internal.WebUIKeywordMain.runKeyword(WebUIKeywordMain.groovy:20)
	at com.kms.katalon.core.webui.keyword.builtin.VerifyElementPresentKeyword.verifyElementPresent(VerifyElementPresentKeyword.groovy:92)
	at com.kms.katalon.core.webui.keyword.builtin.VerifyElementPresentKeyword.execute(VerifyElementPresentKeyword.groovy:68)
	at com.kms.katalon.core.keyword.internal.KeywordExecutor.executeKeywordForPlatform(KeywordExecutor.groovy:73)
	at com.kms.katalon.core.webui.keyword.WebUiBuiltInKeywords.verifyElementPresent(WebUiBuiltInKeywords.groovy:1448)
	at com.kms.katalon.core.webui.keyword.WebUiBuiltInKeywords$verifyElementPresent$4.call(Unknown Source)
	at Login.run(Login:40)
	at com.kms.katalon.core.main.ScriptEngine.run(ScriptEngine.java:194)
	at com.kms.katalon.core.main.ScriptEngine.runScriptAsRawText(ScriptEngine.java:119)
	at com.kms.katalon.core.main.TestCaseExecutor.runScript(TestCaseExecutor.java:369)
	at com.kms.katalon.core.main.TestCaseExecutor.doExecute(TestCaseExecutor.java:360)
	at com.kms.katalon.core.main.TestCaseExecutor.processExecutionPhase(TestCaseExecutor.java:339)
	at com.kms.katalon.core.main.TestCaseExecutor.accessMainPhase(TestCaseExecutor.java:331)
	at com.kms.katalon.core.main.TestCaseExecutor.execute(TestCaseExecutor.java:248)
	at com.kms.katalon.core.main.TestCaseMain.runTestCase(TestCaseMain.java:138)
	at com.kms.katalon.core.keyword.builtin.CallTestCaseKeyword$_callTestCase_closure1.doCall(CallTestCaseKeyword.groovy:59)
	at com.kms.katalon.core.keyword.builtin.CallTestCaseKeyword$_callTestCase_closure1.call(CallTestCaseKeyword.groovy)
	at com.kms.katalon.core.keyword.internal.KeywordMain.runKeyword(KeywordMain.groovy:68)
	at com.kms.katalon.core.keyword.builtin.CallTestCaseKeyword.callTestCase(CallTestCaseKeyword.groovy:81)
	at com.kms.katalon.core.keyword.builtin.CallTestCaseKeyword.execute(CallTestCaseKeyword.groovy:44)
	at com.kms.katalon.core.keyword.internal.KeywordExecutor.executeKeywordForPlatform(KeywordExecutor.groovy:73)
	at com.kms.katalon.core.keyword.BuiltinKeywords.callTestCase(BuiltinKeywords.groovy:334)
	at sayfalar.girisSayfasi.login(girisSayfasi.groovy:50)
	at cucumber.runtime.Utils$1.call(Utils.java:26)
	at cucumber.runtime.Timeout.timeout(Timeout.java:16)
	at cucumber.runtime.Utils.invoke(Utils.java:20)
	at cucumber.runtime.java.JavaStepDefinition.execute(JavaStepDefinition.java:49)
	at cucumber.runner.PickleStepDefinitionMatch.runStep(PickleStepDefinitionMatch.java:50)
	at cucumber.runner.TestStep.executeStep(TestStep.java:63)
	at cucumber.runner.TestStep.run(TestStep.java:49)
	at cucumber.runner.PickleStepTestStep.run(PickleStepTestStep.java:43)
	at cucumber.runner.TestCase.run(TestCase.java:44)
	at cucumber.runner.Runner.runPickle(Runner.java:40)
	at cucumber.runtime.Runtime$1.run(Runtime.java:84)
	at cucumber.runtime.Runtime$SameThreadExecutorService.execute(Runtime.java:220)
	at cucumber.runtime.Runtime.run(Runtime.java:81)
	at cucumber.api.cli.Main.run(Main.java:26)
	at cucumber.api.cli.Main$run.call(Unknown Source)
	at com.kms.katalon.core.cucumber.keyword.CucumberBuiltinKeywords$_runFeatureFile_closure1.doCall(CucumberBuiltinKeywords.groovy:106)
	at com.kms.katalon.core.cucumber.keyword.CucumberBuiltinKeywords$_runFeatureFile_closure1.doCall(CucumberBuiltinKeywords.groovy)
	at com.kms.katalon.core.keyword.internal.KeywordMain.runKeyword(KeywordMain.groovy:68)
	at com.kms.katalon.core.keyword.internal.KeywordMain$runKeyword.call(Unknown Source)
	at com.kms.katalon.core.cucumber.keyword.CucumberBuiltinKeywords.runFeatureFile(CucumberBuiltinKeywords.groovy:73)
	at com.kms.katalon.core.cucumber.keyword.CucumberBuiltinKeywords$runFeatureFile$0.callStatic(Unknown Source)
	at com.kms.katalon.core.cucumber.keyword.CucumberBuiltinKeywords.runFeatureFile(CucumberBuiltinKeywords.groovy:246)
	at com.kms.katalon.core.cucumber.keyword.CucumberBuiltinKeywords$runFeatureFile.call(Unknown Source)
	at VKN-Elektronik-Ozel Matrah.run(VKN-Elektronik-Ozel Matrah:19)
	at com.kms.katalon.core.main.ScriptEngine.run(ScriptEngine.java:194)
	at com.kms.katalon.core.main.ScriptEngine.runScriptAsRawText(ScriptEngine.java:119)
	at com.kms.katalon.core.main.TestCaseExecutor.runScript(TestCaseExecutor.java:369)
	at com.kms.katalon.core.main.TestCaseExecutor.doExecute(TestCaseExecutor.java:360)
	at com.kms.katalon.core.main.TestCaseExecutor.processExecutionPhase(TestCaseExecutor.java:339)
	at com.kms.katalon.core.main.TestCaseExecutor.accessMainPhase(TestCaseExecutor.java:331)
	at com.kms.katalon.core.main.TestCaseExecutor.execute(TestCaseExecutor.java:248)
	at com.kms.katalon.core.main.TestSuiteExecutor.accessTestCaseMainPhase(TestSuiteExecutor.java:191)
	at com.kms.katalon.core.main.TestSuiteExecutor.accessTestSuiteMainPhase(TestSuiteExecutor.java:140)
	at com.kms.katalon.core.main.TestSuiteExecutor.execute(TestSuiteExecutor.java:89)
	at com.kms.katalon.core.main.TestCaseMain.startTestSuite(TestCaseMain.java:181)
	at com.kms.katalon.core.main.TestCaseMain$startTestSuite$0.call(Unknown Source)
	at TempTestSuite1637225344330.run(TempTestSuite1637225344330.groovy:39)
)

2021-11-18 12:05:09 - [TEST_STEP][PASSED] - verifyElementVisible(findTestObject("Object Repository/Kullanici_Islemleri/KullaniciIslemleri")): Object 'Object Repository/Kullanici_Islemleri/KullaniciIslemleri' is visible

2021-11-18 12:05:09 - [MESSAGE][INFO] - Finding Test Object 'Object Repository/Kullanici_Islemleri/KullaniciIslemleri'

2021-11-18 12:05:09 - [MESSAGE][INFO] - Checking object

2021-11-18 12:05:09 - [MESSAGE][INFO] - Finding web element from Test Object's properties

2021-11-18 12:05:09 - [MESSAGE][INFO] - Checking timeout

2021-11-18 12:05:09 - [MESSAGE][INFO] - Finding web element with id: 'Object Repository/Kullanici_Islemleri/KullaniciIslemleri' located by 'By.cssSelector: .dropdown>a>img' in '30' second(s)

2021-11-18 12:05:09 - [MESSAGE][INFO] - Smart Wait Function is triggered

2021-11-18 12:05:10 - [MESSAGE][INFO] - Found 1 web elements with id: 'Object Repository/Kullanici_Islemleri/KullaniciIslemleri' located by 'By.cssSelector: .dropdown>a>img' in '30' second(s)

2021-11-18 12:05:10 - [MESSAGE][PASSED] - Object 'Object Repository/Kullanici_Islemleri/KullaniciIslemleri' is visible

2021-11-18 12:05:10 - [MESSAGE][PASSED] - Call Test Case 'Test Cases/Sayfalar/Giris_Sayfasi/Login' successfully

2021-11-18 12:05:10 - [MESSAGE][INFO] - Checking called Test Case

2021-11-18 12:05:10 - [MESSAGE][INFO] - Starting to call Test Case 'Test Cases/Menu/AnaMenuSecimi'

2021-11-18 12:05:10 - [TEST_CASE][PASSED] - Test Cases/Menu/AnaMenuSecimi: Test Cases/Menu/AnaMenuSecimi

2021-11-18 12:05:10 - [TEST_STEP][PASSED] - Method.TextDegerineEsitElementeTikla(findTestObject("Menu/Ana_Menu"), Ana_Menu): Method.TextDegerineEsitElementeTikla is PASSED

2021-11-18 12:05:10 - [MESSAGE][INFO] - Finding Test Object 'Object Repository/Menu/Ana_Menu'

2021-11-18 12:05:10 - [MESSAGE][INFO] - Checking timeout

2021-11-18 12:05:10 - [MESSAGE][INFO] - Finding web element with id: 'Object Repository/Menu/Ana_Menu' located by 'By.xpath: //*[@class = 'dropdown-toggle']' in '10' second(s)

2021-11-18 12:05:10 - [MESSAGE][INFO] - Smart Wait Function is triggered

2021-11-18 12:05:10 - [MESSAGE][INFO] - Found 13 web elements with id: 'Object Repository/Menu/Ana_Menu' located by 'By.xpath: //*[@class = 'dropdown-toggle']' in '10' second(s)

2021-11-18 12:05:10 - [MESSAGE][PASSED] - Method.TextDegerineEsitElementeTikla is PASSED

2021-11-18 12:05:10 - [MESSAGE][PASSED] - Call Test Case 'Test Cases/Menu/AnaMenuSecimi' successfully

2021-11-18 12:05:10 - [MESSAGE][INFO] - Checking called Test Case

2021-11-18 12:05:10 - [MESSAGE][INFO] - Starting to call Test Case 'Test Cases/Menu/BasligaGoreAltMenuSecimi'

2021-11-18 12:05:10 - [TEST_CASE][PASSED] - Test Cases/Menu/BasligaGoreAltMenuSecimi: Test Cases/Menu/BasligaGoreAltMenuSecimi

2021-11-18 12:05:10 - [TEST_STEP][PASSED] - Method.TextDegerineEsitElementinAltindakiTextDegerineEsitOlanaTikla(findTestObject("Menu/Menu_Basligi"), findTestObject("Menu/Basliga_Gore_Alt_Menu"), Baslik, Alt_Menu): Method.TextDegerineEsitElementinAltindakiTextDegerineEsitOlanaTikla is PASSED

2021-11-18 12:05:10 - [MESSAGE][INFO] - Finding Test Object 'Object Repository/Menu/Menu_Basligi'

2021-11-18 12:05:10 - [MESSAGE][INFO] - Finding Test Object 'Object Repository/Menu/Basliga_Gore_Alt_Menu'

2021-11-18 12:05:11 - [MESSAGE][INFO] - Checking timeout

2021-11-18 12:05:11 - [MESSAGE][INFO] - Finding web element with id: 'Object Repository/Menu/Menu_Basligi' located by 'By.xpath: //li[@class='dropdown dropdown-large open']//li[@class='dropdown-header']' in '10' second(s)

2021-11-18 12:05:11 - [MESSAGE][INFO] - Smart Wait Function is triggered

2021-11-18 12:05:11 - [MESSAGE][INFO] - Found 2 web elements with id: 'Object Repository/Menu/Menu_Basligi' located by 'By.xpath: //li[@class='dropdown dropdown-large open']//li[@class='dropdown-header']' in '10' second(s)

2021-11-18 12:05:11 - [MESSAGE][INFO] - Smart Wait Function is triggered

2021-11-18 12:05:13 - [MESSAGE][PASSED] - Method.TextDegerineEsitElementinAltindakiTextDegerineEsitOlanaTikla is PASSED

2021-11-18 12:05:13 - [MESSAGE][PASSED] - Call Test Case 'Test Cases/Menu/BasligaGoreAltMenuSecimi' successfully

2021-11-18 12:05:13 - [MESSAGE][INFO] - Checking called Test Case

2021-11-18 12:05:13 - [MESSAGE][INFO] - Starting to call Test Case 'Test Cases/Tablo/Olusturma Tarihi'

2021-11-18 12:05:13 - [TEST_CASE][PASSED] - Test Cases/Tablo/Olusturma Tarihi: Test Cases/Tablo/Olusturma Tarihi

2021-11-18 12:05:13 - [TEST_STEP][PASSED] - if (verifyTextNotPresent("Görüntülenecek veri yok", true, OPTIONAL)): null

2021-11-18 12:05:13 - [MESSAGE][INFO] - Checking text present  using regular expression

2021-11-18 12:05:13 - [MESSAGE][INFO] - Smart Wait Function is triggered

2021-11-18 12:05:13 - [MESSAGE][INFO] - Finding text 'Görüntülenecek veri yok' on page  using regular expression

2021-11-18 12:05:13 - [MESSAGE][PASSED] - Text 'Görüntülenecek veri yok' is not present on page using regular expression

2021-11-18 12:05:13 - [TEST_STEP][PASSED] - click(findTestObject("Temizle/Olusturma_Tarihi_CheckBox")): Object: 'Object Repository/Temizle/Olusturma_Tarihi_CheckBox' is clicked on

2021-11-18 12:05:13 - [MESSAGE][INFO] - Finding Test Object 'Object Repository/Temizle/Olusturma_Tarihi_CheckBox'

2021-11-18 12:05:13 - [MESSAGE][INFO] - Checking object

2021-11-18 12:05:13 - [MESSAGE][INFO] - Finding web element from Test Object's properties

2021-11-18 12:05:13 - [MESSAGE][INFO] - Checking timeout

2021-11-18 12:05:13 - [MESSAGE][INFO] - Finding web element with id: 'Object Repository/Temizle/Olusturma_Tarihi_CheckBox' located by 'By.xpath: //*[@title = 'Bu sayfadaki tüm satırları Seç']' in '30' second(s)

2021-11-18 12:05:13 - [MESSAGE][INFO] - Smart Wait Function is triggered

2021-11-18 12:05:14 - [MESSAGE][INFO] - Found 1 web elements with id: 'Object Repository/Temizle/Olusturma_Tarihi_CheckBox' located by 'By.xpath: //*[@title = 'Bu sayfadaki tüm satırları Seç']' in '30' second(s)

2021-11-18 12:05:14 - [MESSAGE][INFO] - Clicking on object: 'Object Repository/Temizle/Olusturma_Tarihi_CheckBox'

2021-11-18 12:05:14 - [MESSAGE][PASSED] - Object: 'Object Repository/Temizle/Olusturma_Tarihi_CheckBox' is clicked on

2021-11-18 12:05:14 - [TEST_STEP][PASSED] - Method.TextDegerineEsitElementeTiklaEquals(findTestObject("Butonlar/Butonlar"), "Sil"): Method.TextDegerineEsitElementeTiklaEquals is PASSED

2021-11-18 12:05:14 - [MESSAGE][INFO] - Finding Test Object 'Object Repository/Butonlar/Butonlar'

2021-11-18 12:05:14 - [MESSAGE][INFO] - Checking timeout

2021-11-18 12:05:14 - [MESSAGE][INFO] - Finding web element with id: 'Object Repository/Butonlar/Butonlar' located by 'By.cssSelector: .panel.panel-default.text-center.footerPanel .btn,.btn.btn-primary.btnControls' in '10' second(s)

2021-11-18 12:05:14 - [MESSAGE][INFO] - Smart Wait Function is triggered

2021-11-18 12:05:14 - [MESSAGE][INFO] - Found 9 web elements with id: 'Object Repository/Butonlar/Butonlar' located by 'By.cssSelector: .panel.panel-default.text-center.footerPanel .btn,.btn.btn-primary.btnControls' in '10' second(s)

2021-11-18 12:05:14 - [MESSAGE][PASSED] - Method.TextDegerineEsitElementeTiklaEquals is PASSED

2021-11-18 12:05:14 - [TEST_STEP][PASSED] - Method.TextDegerineEsitElementeTikla(findTestObject("Popup/Popup_Butons"), "Evet"): Method.TextDegerineEsitElementeTikla is PASSED

2021-11-18 12:05:14 - [MESSAGE][INFO] - Finding Test Object 'Object Repository/Popup/Popup_Butons'

2021-11-18 12:05:14 - [MESSAGE][INFO] - Checking timeout

2021-11-18 12:05:14 - [MESSAGE][INFO] - Finding web element with id: 'Object Repository/Popup/Popup_Butons' located by 'By.cssSelector: .modal-footer>button' in '10' second(s)

2021-11-18 12:05:14 - [MESSAGE][INFO] - Smart Wait Function is triggered

2021-11-18 12:05:15 - [MESSAGE][INFO] - Found 2 web elements with id: 'Object Repository/Popup/Popup_Butons' located by 'By.cssSelector: .modal-footer>button' in '10' second(s)

2021-11-18 12:05:15 - [MESSAGE][PASSED] - Method.TextDegerineEsitElementeTikla is PASSED

2021-11-18 12:05:15 - [TEST_STEP][PASSED] - Method.TextDegerineEsitElementeTikla(findTestObject("Popup/Popup_Butons"), "Tamam"): Method.TextDegerineEsitElementeTikla is PASSED

2021-11-18 12:05:15 - [MESSAGE][INFO] - Finding Test Object 'Object Repository/Popup/Popup_Butons'

2021-11-18 12:05:15 - [MESSAGE][INFO] - Checking timeout

2021-11-18 12:05:15 - [MESSAGE][INFO] - Finding web element with id: 'Object Repository/Popup/Popup_Butons' located by 'By.cssSelector: .modal-footer>button' in '10' second(s)

2021-11-18 12:05:15 - [MESSAGE][INFO] - Smart Wait Function is triggered

2021-11-18 12:05:16 - [MESSAGE][INFO] - Found 1 web elements with id: 'Object Repository/Popup/Popup_Butons' located by 'By.cssSelector: .modal-footer>button' in '10' second(s)

2021-11-18 12:05:16 - [MESSAGE][PASSED] - Method.TextDegerineEsitElementeTikla is PASSED

2021-11-18 12:05:16 - [MESSAGE][PASSED] - Call Test Case 'Test Cases/Tablo/Olusturma Tarihi' successfully

2021-11-18 12:05:16 - [MESSAGE][INFO] - Checking called Test Case

2021-11-18 12:05:16 - [MESSAGE][INFO] - Starting to call Test Case 'Test Cases/Butonlar/ButonaTikla'

2021-11-18 12:05:16 - [TEST_CASE][PASSED] - Test Cases/Butonlar/ButonaTikla: Test Cases/Butonlar/ButonaTikla

2021-11-18 12:05:16 - [TEST_STEP][PASSED] - Method.TextDegerineEsitElementeTiklaEquals(findTestObject("Butonlar/Butonlar"), Buton_Adi): Method.TextDegerineEsitElementeTiklaEquals is PASSED

2021-11-18 12:05:16 - [MESSAGE][INFO] - Finding Test Object 'Object Repository/Butonlar/Butonlar'

2021-11-18 12:05:16 - [MESSAGE][INFO] - Checking timeout

2021-11-18 12:05:16 - [MESSAGE][INFO] - Finding web element with id: 'Object Repository/Butonlar/Butonlar' located by 'By.cssSelector: .panel.panel-default.text-center.footerPanel .btn,.btn.btn-primary.btnControls' in '10' second(s)

2021-11-18 12:05:16 - [MESSAGE][INFO] - Smart Wait Function is triggered

2021-11-18 12:05:17 - [MESSAGE][INFO] - Found 9 web elements with id: 'Object Repository/Butonlar/Butonlar' located by 'By.cssSelector: .panel.panel-default.text-center.footerPanel .btn,.btn.btn-primary.btnControls' in '10' second(s)

2021-11-18 12:05:17 - [MESSAGE][PASSED] - Method.TextDegerineEsitElementeTiklaEquals is PASSED

2021-11-18 12:05:17 - [MESSAGE][PASSED] - Call Test Case 'Test Cases/Butonlar/ButonaTikla' successfully

2021-11-18 12:05:17 - [MESSAGE][INFO] - Checking called Test Case

2021-11-18 12:05:17 - [MESSAGE][INFO] - Starting to call Test Case 'Test Cases/Olusturma/Genel/GorselTasarimSayfasıBasligiIceriyorMu'

2021-11-18 12:05:17 - [TEST_CASE][PASSED] - Test Cases/Olusturma/Genel/GorselTasarimSayfasıBasligiIceriyorMu: Test Cases/Olusturma/Genel/GorselTasarimSayfasıBasligiIceriyorMu

2021-11-18 12:05:17 - [TEST_STEP][PASSED] - verifyElementText(findTestObject("Object Repository/Olusturma/Genel/GorselTasarimBaslik"), Baslik): Actual text and expected text of test object 'Object Repository/Olusturma/Genel/GorselTasarimBaslik' are matched.

2021-11-18 12:05:17 - [MESSAGE][INFO] - Finding Test Object 'Object Repository/Olusturma/Genel/GorselTasarimBaslik'

2021-11-18 12:05:17 - [MESSAGE][INFO] - Checking object

2021-11-18 12:05:17 - [MESSAGE][INFO] - Finding web element from Test Object's properties

2021-11-18 12:05:17 - [MESSAGE][INFO] - Checking timeout

2021-11-18 12:05:17 - [MESSAGE][INFO] - Finding web element with id: 'Object Repository/Olusturma/Genel/GorselTasarimBaslik' located by 'By.cssSelector: #flAlici_0>div>span' in '30' second(s)

2021-11-18 12:05:17 - [MESSAGE][INFO] - Smart Wait Function is triggered

2021-11-18 12:05:24 - [MESSAGE][INFO] - Found 1 web elements with id: 'Object Repository/Olusturma/Genel/GorselTasarimBaslik' located by 'By.cssSelector: #flAlici_0>div>span' in '30' second(s)

2021-11-18 12:05:24 - [MESSAGE][PASSED] - Actual text and expected text of test object 'Object Repository/Olusturma/Genel/GorselTasarimBaslik' are matched.

2021-11-18 12:05:24 - [MESSAGE][PASSED] - Call Test Case 'Test Cases/Olusturma/Genel/GorselTasarimSayfasıBasligiIceriyorMu' successfully

2021-11-18 12:05:24 - [MESSAGE][INFO] - Checking called Test Case

2021-11-18 12:05:24 - [MESSAGE][INFO] - Starting to call Test Case 'Test Cases/Olusturma/Genel/AliciSecilir'

2021-11-18 12:05:24 - [TEST_CASE][PASSED] - Test Cases/Olusturma/Genel/AliciSecilir: Test Cases/Olusturma/Genel/AliciSecilir

2021-11-18 12:05:24 - [TEST_STEP][PASSED] - click(findTestObject("Olusturma/Genel/AliciBilgisi/Alici_Ara")): Object: 'Object Repository/Olusturma/Genel/AliciBilgisi/Alici_Ara' is clicked on

2021-11-18 12:05:24 - [MESSAGE][INFO] - Finding Test Object 'Object Repository/Olusturma/Genel/AliciBilgisi/Alici_Ara'

2021-11-18 12:05:24 - [MESSAGE][INFO] - Checking object

2021-11-18 12:05:24 - [MESSAGE][INFO] - Finding web element from Test Object's properties

2021-11-18 12:05:24 - [MESSAGE][INFO] - Checking timeout

2021-11-18 12:05:24 - [MESSAGE][INFO] - Finding web element with id: 'Object Repository/Olusturma/Genel/AliciBilgisi/Alici_Ara' located by 'By.xpath: //td[@id='txtCustomerText_B-1']' in '30' second(s)

2021-11-18 12:05:24 - [MESSAGE][INFO] - Smart Wait Function is triggered

2021-11-18 12:05:24 - [MESSAGE][INFO] - Found 1 web elements with id: 'Object Repository/Olusturma/Genel/AliciBilgisi/Alici_Ara' located by 'By.xpath: //td[@id='txtCustomerText_B-1']' in '30' second(s)

2021-11-18 12:05:24 - [MESSAGE][INFO] - Clicking on object: 'Object Repository/Olusturma/Genel/AliciBilgisi/Alici_Ara'

2021-11-18 12:05:24 - [MESSAGE][PASSED] - Object: 'Object Repository/Olusturma/Genel/AliciBilgisi/Alici_Ara' is clicked on

2021-11-18 12:05:24 - [TEST_STEP][PASSED] - click(findTestObject("Olusturma/Genel/AliciBilgisi/Alici_Bilgisi")): Object: 'Object Repository/Olusturma/Genel/AliciBilgisi/Alici_Bilgisi' is clicked on

2021-11-18 12:05:24 - [MESSAGE][INFO] - Finding Test Object 'Object Repository/Olusturma/Genel/AliciBilgisi/Alici_Bilgisi'

2021-11-18 12:05:24 - [MESSAGE][INFO] - Checking object

2021-11-18 12:05:24 - [MESSAGE][INFO] - Finding web element from Test Object's properties

2021-11-18 12:05:24 - [MESSAGE][INFO] - Checking timeout

2021-11-18 12:05:24 - [MESSAGE][INFO] - Finding web element with id: 'Object Repository/Olusturma/Genel/AliciBilgisi/Alici_Bilgisi' located by 'By.xpath: //iframe[@id='customerselectiframe']' in '30' second(s)

2021-11-18 12:05:24 - [MESSAGE][INFO] - Smart Wait Function is triggered

2021-11-18 12:05:25 - [MESSAGE][INFO] - Found 1 web elements with id: 'Object Repository/Olusturma/Genel/AliciBilgisi/Alici_Bilgisi' located by 'By.xpath: //iframe[@id='customerselectiframe']' in '30' second(s)

2021-11-18 12:05:25 - [MESSAGE][INFO] - Clicking on object: 'Object Repository/Olusturma/Genel/AliciBilgisi/Alici_Bilgisi'

2021-11-18 12:05:25 - [MESSAGE][PASSED] - Object: 'Object Repository/Olusturma/Genel/AliciBilgisi/Alici_Bilgisi' is clicked on

2021-11-18 12:05:25 - [TEST_STEP][PASSED] - setText(findTestObject("Olusturma/Genel/AliciBilgisi/Alici_Gir"), Alici_Adi): Switching to default content

2021-11-18 12:05:25 - [MESSAGE][INFO] - Finding Test Object 'Object Repository/Olusturma/Genel/AliciBilgisi/Alici_Gir'

2021-11-18 12:05:25 - [MESSAGE][INFO] - Finding Test Object 'Object Repository/Olusturma/Genel/AliciBilgisi/Alici_Bilgisi'

2021-11-18 12:05:25 - [MESSAGE][INFO] - Checking object

2021-11-18 12:05:25 - [MESSAGE][INFO] - Checking text

2021-11-18 12:05:25 - [MESSAGE][INFO] - Object: 'Object Repository/Olusturma/Genel/AliciBilgisi/Alici_Gir' has parent object(s)

2021-11-18 12:05:25 - [MESSAGE][INFO] - Switching to iframe: 'Object Repository/Olusturma/Genel/AliciBilgisi/Alici_Bilgisi'

2021-11-18 12:05:25 - [MESSAGE][INFO] - Finding web element from Test Object's properties

2021-11-18 12:05:25 - [MESSAGE][INFO] - Checking timeout

2021-11-18 12:05:25 - [MESSAGE][INFO] - Finding web element with id: 'Object Repository/Olusturma/Genel/AliciBilgisi/Alici_Bilgisi' located by 'By.xpath: //iframe[@id='customerselectiframe']' in '30' second(s)

2021-11-18 12:05:25 - [MESSAGE][INFO] - Smart Wait Function is triggered

2021-11-18 12:05:25 - [MESSAGE][INFO] - Found 1 web elements with id: 'Object Repository/Olusturma/Genel/AliciBilgisi/Alici_Bilgisi' located by 'By.xpath: //iframe[@id='customerselectiframe']' in '30' second(s)

2021-11-18 12:05:25 - [MESSAGE][INFO] - Switched to iframe: 'Object Repository/Olusturma/Genel/AliciBilgisi/Alici_Bilgisi'

2021-11-18 12:05:25 - [MESSAGE][INFO] - Finding web element from Test Object's properties

2021-11-18 12:05:25 - [MESSAGE][INFO] - Checking timeout

2021-11-18 12:05:25 - [MESSAGE][INFO] - Finding web element with id: 'Object Repository/Olusturma/Genel/AliciBilgisi/Alici_Gir' located by 'By.xpath: //input[@id='GridViewCustomer_DXFREditorcol1_I']' in '30' second(s)

2021-11-18 12:05:25 - [MESSAGE][INFO] - Smart Wait Function is triggered

2021-11-18 12:05:25 - [MESSAGE][INFO] - Found 1 web elements with id: 'Object Repository/Olusturma/Genel/AliciBilgisi/Alici_Gir' located by 'By.xpath: //input[@id='GridViewCustomer_DXFREditorcol1_I']' in '30' second(s)

2021-11-18 12:05:25 - [MESSAGE][INFO] - Clearing text of object 'Object Repository/Olusturma/Genel/AliciBilgisi/Alici_Gir'

2021-11-18 12:05:25 - [MESSAGE][INFO] - Finding web element from Test Object's properties

2021-11-18 12:05:25 - [MESSAGE][INFO] - Checking timeout

2021-11-18 12:05:25 - [MESSAGE][INFO] - Finding web element with id: 'Object Repository/Olusturma/Genel/AliciBilgisi/Alici_Gir' located by 'By.xpath: //input[@id='GridViewCustomer_DXFREditorcol1_I']' in '30' second(s)

2021-11-18 12:05:25 - [MESSAGE][INFO] - Smart Wait Function is triggered

2021-11-18 12:05:25 - [MESSAGE][INFO] - Found 1 web elements with id: 'Object Repository/Olusturma/Genel/AliciBilgisi/Alici_Gir' located by 'By.xpath: //input[@id='GridViewCustomer_DXFREditorcol1_I']' in '30' second(s)

2021-11-18 12:05:25 - [MESSAGE][INFO] - Setting text of object 'Object Repository/Olusturma/Genel/AliciBilgisi/Alici_Gir' to value 'UC0006'

2021-11-18 12:05:25 - [MESSAGE][PASSED] - Text 'UC0006' is set on object 'Object Repository/Olusturma/Genel/AliciBilgisi/Alici_Gir'

2021-11-18 12:05:25 - [MESSAGE][INFO] - Switching to default content

2021-11-18 12:05:25 - [TEST_STEP][PASSED] - waitForElementClickable(findTestObject("Olusturma/Genel/AliciBilgisi/Alici_Adi"), 10): Switching to default content

2021-11-18 12:05:25 - [MESSAGE][INFO] - Finding Test Object 'Object Repository/Olusturma/Genel/AliciBilgisi/Alici_Adi'

2021-11-18 12:05:25 - [MESSAGE][INFO] - Finding Test Object 'Object Repository/Olusturma/Genel/AliciBilgisi/iframe_Alc Bilgisi_customerselectiframe'

2021-11-18 12:05:25 - [MESSAGE][INFO] - Checking object

2021-11-18 12:05:25 - [MESSAGE][INFO] - Checking timeout

2021-11-18 12:05:25 - [MESSAGE][INFO] - Object: 'Object Repository/Olusturma/Genel/AliciBilgisi/Alici_Adi' has parent object(s)

2021-11-18 12:05:25 - [MESSAGE][INFO] - Switching to iframe: 'Object Repository/Olusturma/Genel/AliciBilgisi/iframe_Alc Bilgisi_customerselectiframe'

2021-11-18 12:05:25 - [MESSAGE][INFO] - Finding web element from Test Object's properties

2021-11-18 12:05:25 - [MESSAGE][INFO] - Checking timeout

2021-11-18 12:05:25 - [MESSAGE][INFO] - Finding web element with id: 'Object Repository/Olusturma/Genel/AliciBilgisi/iframe_Alc Bilgisi_customerselectiframe' located by 'By.xpath: //iframe[@id='customerselectiframe']' in '10' second(s)

2021-11-18 12:05:25 - [MESSAGE][INFO] - Smart Wait Function is triggered

2021-11-18 12:05:26 - [MESSAGE][INFO] - Found 1 web elements with id: 'Object Repository/Olusturma/Genel/AliciBilgisi/iframe_Alc Bilgisi_customerselectiframe' located by 'By.xpath: //iframe[@id='customerselectiframe']' in '10' second(s)

2021-11-18 12:05:26 - [MESSAGE][INFO] - Switched to iframe: 'Object Repository/Olusturma/Genel/AliciBilgisi/iframe_Alc Bilgisi_customerselectiframe'

2021-11-18 12:05:26 - [MESSAGE][INFO] - Finding web element from Test Object's properties

2021-11-18 12:05:26 - [MESSAGE][INFO] - Checking timeout

2021-11-18 12:05:26 - [MESSAGE][INFO] - Finding web element with id: 'Object Repository/Olusturma/Genel/AliciBilgisi/Alici_Adi' located by 'By.xpath: //tr[@id='GridViewCustomer_DXDataRow0']/td[2]' in '10' second(s)

2021-11-18 12:05:26 - [MESSAGE][INFO] - Smart Wait Function is triggered

2021-11-18 12:05:26 - [MESSAGE][INFO] - Found 1 web elements with id: 'Object Repository/Olusturma/Genel/AliciBilgisi/Alici_Adi' located by 'By.xpath: //tr[@id='GridViewCustomer_DXDataRow0']/td[2]' in '10' second(s)

2021-11-18 12:05:26 - [MESSAGE][PASSED] - Object 'Object Repository/Olusturma/Genel/AliciBilgisi/Alici_Adi' is clickable

2021-11-18 12:05:26 - [MESSAGE][INFO] - Switching to default content

2021-11-18 12:05:26 - [TEST_STEP][PASSED] - click(findTestObject("Olusturma/Genel/AliciBilgisi/frame")): Switching to default content

2021-11-18 12:05:26 - [MESSAGE][INFO] - Finding Test Object 'Object Repository/Olusturma/Genel/AliciBilgisi/frame'

2021-11-18 12:05:26 - [MESSAGE][INFO] - Finding Test Object 'Object Repository/Olusturma/Genel/AliciBilgisi/iframe_Alc Bilgisi_customerselectiframe'

2021-11-18 12:05:26 - [MESSAGE][INFO] - Checking object

2021-11-18 12:05:26 - [MESSAGE][INFO] - Object: 'Object Repository/Olusturma/Genel/AliciBilgisi/frame' has parent object(s)

2021-11-18 12:05:26 - [MESSAGE][INFO] - Switching to iframe: 'Object Repository/Olusturma/Genel/AliciBilgisi/iframe_Alc Bilgisi_customerselectiframe'

2021-11-18 12:05:26 - [MESSAGE][INFO] - Finding web element from Test Object's properties

2021-11-18 12:05:26 - [MESSAGE][INFO] - Checking timeout

2021-11-18 12:05:26 - [MESSAGE][INFO] - Finding web element with id: 'Object Repository/Olusturma/Genel/AliciBilgisi/iframe_Alc Bilgisi_customerselectiframe' located by 'By.xpath: //iframe[@id='customerselectiframe']' in '30' second(s)

2021-11-18 12:05:26 - [MESSAGE][INFO] - Smart Wait Function is triggered

2021-11-18 12:05:26 - [MESSAGE][INFO] - Found 1 web elements with id: 'Object Repository/Olusturma/Genel/AliciBilgisi/iframe_Alc Bilgisi_customerselectiframe' located by 'By.xpath: //iframe[@id='customerselectiframe']' in '30' second(s)

2021-11-18 12:05:26 - [MESSAGE][INFO] - Switched to iframe: 'Object Repository/Olusturma/Genel/AliciBilgisi/iframe_Alc Bilgisi_customerselectiframe'

2021-11-18 12:05:26 - [MESSAGE][INFO] - Finding web element from Test Object's properties

2021-11-18 12:05:26 - [MESSAGE][INFO] - Checking timeout

2021-11-18 12:05:26 - [MESSAGE][INFO] - Finding web element with id: 'Object Repository/Olusturma/Genel/AliciBilgisi/frame' located by 'By.xpath: //*/text()[normalize-space(.)='']/parent::*' in '30' second(s)

2021-11-18 12:05:26 - [MESSAGE][INFO] - Smart Wait Function is triggered

2021-11-18 12:05:26 - [MESSAGE][INFO] - Found 66 web elements with id: 'Object Repository/Olusturma/Genel/AliciBilgisi/frame' located by 'By.xpath: //*/text()[normalize-space(.)='']/parent::*' in '30' second(s)

2021-11-18 12:05:26 - [MESSAGE][INFO] - Clicking on object: 'Object Repository/Olusturma/Genel/AliciBilgisi/frame'

2021-11-18 12:05:26 - [MESSAGE][PASSED] - Object: 'Object Repository/Olusturma/Genel/AliciBilgisi/frame' is clicked on

2021-11-18 12:05:26 - [MESSAGE][INFO] - Switching to default content

2021-11-18 12:05:26 - [TEST_STEP][PASSED] - click(findTestObject("Olusturma/Genel/AliciBilgisi/Alici_Adi")): Switching to default content

2021-11-18 12:05:26 - [MESSAGE][INFO] - Finding Test Object 'Object Repository/Olusturma/Genel/AliciBilgisi/Alici_Adi'

2021-11-18 12:05:26 - [MESSAGE][INFO] - Finding Test Object 'Object Repository/Olusturma/Genel/AliciBilgisi/iframe_Alc Bilgisi_customerselectiframe'

2021-11-18 12:05:26 - [MESSAGE][INFO] - Checking object

2021-11-18 12:05:26 - [MESSAGE][INFO] - Object: 'Object Repository/Olusturma/Genel/AliciBilgisi/Alici_Adi' has parent object(s)

2021-11-18 12:05:26 - [MESSAGE][INFO] - Switching to iframe: 'Object Repository/Olusturma/Genel/AliciBilgisi/iframe_Alc Bilgisi_customerselectiframe'

2021-11-18 12:05:26 - [MESSAGE][INFO] - Finding web element from Test Object's properties

2021-11-18 12:05:26 - [MESSAGE][INFO] - Checking timeout

2021-11-18 12:05:26 - [MESSAGE][INFO] - Finding web element with id: 'Object Repository/Olusturma/Genel/AliciBilgisi/iframe_Alc Bilgisi_customerselectiframe' located by 'By.xpath: //iframe[@id='customerselectiframe']' in '30' second(s)

2021-11-18 12:05:26 - [MESSAGE][INFO] - Smart Wait Function is triggered

2021-11-18 12:05:27 - [MESSAGE][INFO] - Found 1 web elements with id: 'Object Repository/Olusturma/Genel/AliciBilgisi/iframe_Alc Bilgisi_customerselectiframe' located by 'By.xpath: //iframe[@id='customerselectiframe']' in '30' second(s)

2021-11-18 12:05:27 - [MESSAGE][INFO] - Switched to iframe: 'Object Repository/Olusturma/Genel/AliciBilgisi/iframe_Alc Bilgisi_customerselectiframe'

2021-11-18 12:05:27 - [MESSAGE][INFO] - Finding web element from Test Object's properties

2021-11-18 12:05:27 - [MESSAGE][INFO] - Checking timeout

2021-11-18 12:05:27 - [MESSAGE][INFO] - Finding web element with id: 'Object Repository/Olusturma/Genel/AliciBilgisi/Alici_Adi' located by 'By.xpath: //tr[@id='GridViewCustomer_DXDataRow0']/td[2]' in '30' second(s)

2021-11-18 12:05:27 - [MESSAGE][INFO] - Smart Wait Function is triggered

2021-11-18 12:05:27 - [MESSAGE][INFO] - Found 1 web elements with id: 'Object Repository/Olusturma/Genel/AliciBilgisi/Alici_Adi' located by 'By.xpath: //tr[@id='GridViewCustomer_DXDataRow0']/td[2]' in '30' second(s)

2021-11-18 12:05:27 - [MESSAGE][INFO] - Clicking on object: 'Object Repository/Olusturma/Genel/AliciBilgisi/Alici_Adi'

2021-11-18 12:05:27 - [MESSAGE][PASSED] - Object: 'Object Repository/Olusturma/Genel/AliciBilgisi/Alici_Adi' is clicked on

2021-11-18 12:05:27 - [MESSAGE][INFO] - Switching to default content

2021-11-18 12:05:27 - [TEST_STEP][PASSED] - click(findTestObject("Olusturma/Genel/AliciBilgisi/Tamam_Bosluk")): Switching to default content

2021-11-18 12:05:27 - [MESSAGE][INFO] - Finding Test Object 'Object Repository/Olusturma/Genel/AliciBilgisi/Tamam_Bosluk'

2021-11-18 12:05:27 - [MESSAGE][INFO] - Finding Test Object 'Object Repository/Olusturma/Genel/AliciBilgisi/Alici_Bilgisi'

2021-11-18 12:05:27 - [MESSAGE][INFO] - Checking object

2021-11-18 12:05:27 - [MESSAGE][INFO] - Object: 'Object Repository/Olusturma/Genel/AliciBilgisi/Tamam_Bosluk' has parent object(s)

2021-11-18 12:05:27 - [MESSAGE][INFO] - Switching to iframe: 'Object Repository/Olusturma/Genel/AliciBilgisi/Alici_Bilgisi'

2021-11-18 12:05:27 - [MESSAGE][INFO] - Finding web element from Test Object's properties

2021-11-18 12:05:27 - [MESSAGE][INFO] - Checking timeout

2021-11-18 12:05:27 - [MESSAGE][INFO] - Finding web element with id: 'Object Repository/Olusturma/Genel/AliciBilgisi/Alici_Bilgisi' located by 'By.xpath: //iframe[@id='customerselectiframe']' in '30' second(s)

2021-11-18 12:05:27 - [MESSAGE][INFO] - Smart Wait Function is triggered

2021-11-18 12:05:27 - [MESSAGE][INFO] - Found 1 web elements with id: 'Object Repository/Olusturma/Genel/AliciBilgisi/Alici_Bilgisi' located by 'By.xpath: //iframe[@id='customerselectiframe']' in '30' second(s)

2021-11-18 12:05:27 - [MESSAGE][INFO] - Switched to iframe: 'Object Repository/Olusturma/Genel/AliciBilgisi/Alici_Bilgisi'

2021-11-18 12:05:27 - [MESSAGE][INFO] - Finding web element from Test Object's properties

2021-11-18 12:05:27 - [MESSAGE][INFO] - Checking timeout

2021-11-18 12:05:27 - [MESSAGE][INFO] - Finding web element with id: 'Object Repository/Olusturma/Genel/AliciBilgisi/Tamam_Bosluk' located by 'By.xpath: (.//*[normalize-space(text()) and normalize-space(.)='Sayfa Boyutu:'])[1]/following::div[7]' in '30' second(s)

2021-11-18 12:05:27 - [MESSAGE][INFO] - Smart Wait Function is triggered

2021-11-18 12:05:27 - [MESSAGE][INFO] - Found 1 web elements with id: 'Object Repository/Olusturma/Genel/AliciBilgisi/Tamam_Bosluk' located by 'By.xpath: (.//*[normalize-space(text()) and normalize-space(.)='Sayfa Boyutu:'])[1]/following::div[7]' in '30' second(s)

2021-11-18 12:05:27 - [MESSAGE][INFO] - Clicking on object: 'Object Repository/Olusturma/Genel/AliciBilgisi/Tamam_Bosluk'

2021-11-18 12:05:27 - [MESSAGE][PASSED] - Object: 'Object Repository/Olusturma/Genel/AliciBilgisi/Tamam_Bosluk' is clicked on

2021-11-18 12:05:27 - [MESSAGE][INFO] - Switching to default content

2021-11-18 12:05:27 - [TEST_STEP][PASSED] - waitForElementClickable(findTestObject("Olusturma/Genel/AliciBilgisi/Tamam_Butonu"), 10): Switching to default content

2021-11-18 12:05:27 - [MESSAGE][INFO] - Finding Test Object 'Object Repository/Olusturma/Genel/AliciBilgisi/Tamam_Butonu'

2021-11-18 12:05:27 - [MESSAGE][INFO] - Finding Test Object 'Object Repository/Olusturma/Genel/AliciBilgisi/Alici_Bilgisi'

2021-11-18 12:05:27 - [MESSAGE][INFO] - Checking object

2021-11-18 12:05:27 - [MESSAGE][INFO] - Checking timeout

2021-11-18 12:05:27 - [MESSAGE][INFO] - Object: 'Object Repository/Olusturma/Genel/AliciBilgisi/Tamam_Butonu' has parent object(s)

2021-11-18 12:05:27 - [MESSAGE][INFO] - Switching to iframe: 'Object Repository/Olusturma/Genel/AliciBilgisi/Alici_Bilgisi'

2021-11-18 12:05:27 - [MESSAGE][INFO] - Finding web element from Test Object's properties

2021-11-18 12:05:27 - [MESSAGE][INFO] - Checking timeout

2021-11-18 12:05:27 - [MESSAGE][INFO] - Finding web element with id: 'Object Repository/Olusturma/Genel/AliciBilgisi/Alici_Bilgisi' located by 'By.xpath: //iframe[@id='customerselectiframe']' in '10' second(s)

2021-11-18 12:05:27 - [MESSAGE][INFO] - Smart Wait Function is triggered

2021-11-18 12:05:28 - [MESSAGE][INFO] - Found 1 web elements with id: 'Object Repository/Olusturma/Genel/AliciBilgisi/Alici_Bilgisi' located by 'By.xpath: //iframe[@id='customerselectiframe']' in '10' second(s)

2021-11-18 12:05:28 - [MESSAGE][INFO] - Switched to iframe: 'Object Repository/Olusturma/Genel/AliciBilgisi/Alici_Bilgisi'

2021-11-18 12:05:28 - [MESSAGE][INFO] - Finding web element from Test Object's properties

2021-11-18 12:05:28 - [MESSAGE][INFO] - Checking timeout

2021-11-18 12:05:28 - [MESSAGE][INFO] - Finding web element with id: 'Object Repository/Olusturma/Genel/AliciBilgisi/Tamam_Butonu' located by 'By.xpath: //div[@id='btnSelectCustomer_CD']/span' in '10' second(s)

2021-11-18 12:05:28 - [MESSAGE][INFO] - Smart Wait Function is triggered

2021-11-18 12:05:28 - [MESSAGE][INFO] - Found 1 web elements with id: 'Object Repository/Olusturma/Genel/AliciBilgisi/Tamam_Butonu' located by 'By.xpath: //div[@id='btnSelectCustomer_CD']/span' in '10' second(s)

2021-11-18 12:05:28 - [MESSAGE][PASSED] - Object 'Object Repository/Olusturma/Genel/AliciBilgisi/Tamam_Butonu' is clickable

2021-11-18 12:05:28 - [MESSAGE][INFO] - Switching to default content

2021-11-18 12:05:28 - [TEST_STEP][PASSED] - click(findTestObject("Olusturma/Genel/AliciBilgisi/Tamam_Butonu")): Switching to default content

2021-11-18 12:05:28 - [MESSAGE][INFO] - Finding Test Object 'Object Repository/Olusturma/Genel/AliciBilgisi/Tamam_Butonu'

2021-11-18 12:05:28 - [MESSAGE][INFO] - Finding Test Object 'Object Repository/Olusturma/Genel/AliciBilgisi/Alici_Bilgisi'

2021-11-18 12:05:28 - [MESSAGE][INFO] - Checking object

2021-11-18 12:05:28 - [MESSAGE][INFO] - Object: 'Object Repository/Olusturma/Genel/AliciBilgisi/Tamam_Butonu' has parent object(s)

2021-11-18 12:05:28 - [MESSAGE][INFO] - Switching to iframe: 'Object Repository/Olusturma/Genel/AliciBilgisi/Alici_Bilgisi'

2021-11-18 12:05:28 - [MESSAGE][INFO] - Finding web element from Test Object's properties

2021-11-18 12:05:28 - [MESSAGE][INFO] - Checking timeout

2021-11-18 12:05:28 - [MESSAGE][INFO] - Finding web element with id: 'Object Repository/Olusturma/Genel/AliciBilgisi/Alici_Bilgisi' located by 'By.xpath: //iframe[@id='customerselectiframe']' in '30' second(s)

2021-11-18 12:05:28 - [MESSAGE][INFO] - Smart Wait Function is triggered

2021-11-18 12:05:28 - [MESSAGE][INFO] - Found 1 web elements with id: 'Object Repository/Olusturma/Genel/AliciBilgisi/Alici_Bilgisi' located by 'By.xpath: //iframe[@id='customerselectiframe']' in '30' second(s)

2021-11-18 12:05:28 - [MESSAGE][INFO] - Switched to iframe: 'Object Repository/Olusturma/Genel/AliciBilgisi/Alici_Bilgisi'

2021-11-18 12:05:28 - [MESSAGE][INFO] - Finding web element from Test Object's properties

2021-11-18 12:05:28 - [MESSAGE][INFO] - Checking timeout

2021-11-18 12:05:28 - [MESSAGE][INFO] - Finding web element with id: 'Object Repository/Olusturma/Genel/AliciBilgisi/Tamam_Butonu' located by 'By.xpath: //div[@id='btnSelectCustomer_CD']/span' in '30' second(s)

2021-11-18 12:05:28 - [MESSAGE][INFO] - Smart Wait Function is triggered

2021-11-18 12:05:28 - [MESSAGE][INFO] - Found 1 web elements with id: 'Object Repository/Olusturma/Genel/AliciBilgisi/Tamam_Butonu' located by 'By.xpath: //div[@id='btnSelectCustomer_CD']/span' in '30' second(s)

2021-11-18 12:05:28 - [MESSAGE][INFO] - Clicking on object: 'Object Repository/Olusturma/Genel/AliciBilgisi/Tamam_Butonu'

2021-11-18 12:05:28 - [MESSAGE][PASSED] - Object: 'Object Repository/Olusturma/Genel/AliciBilgisi/Tamam_Butonu' is clicked on

2021-11-18 12:05:28 - [MESSAGE][INFO] - Switching to default content

2021-11-18 12:05:28 - [TEST_STEP][PASSED] - waitForElementPresent(findTestObject("Olusturma/Genel/AliciBilgisi/VKN-TCKN"), 10): Object 'Object Repository/Olusturma/Genel/AliciBilgisi/VKN-TCKN' is present

2021-11-18 12:05:28 - [MESSAGE][INFO] - Finding Test Object 'Object Repository/Olusturma/Genel/AliciBilgisi/VKN-TCKN'

2021-11-18 12:05:28 - [MESSAGE][INFO] - Checking object

2021-11-18 12:05:28 - [MESSAGE][INFO] - Finding web element from Test Object's properties

2021-11-18 12:05:28 - [MESSAGE][INFO] - Checking timeout

2021-11-18 12:05:28 - [MESSAGE][INFO] - Finding web element with id: 'Object Repository/Olusturma/Genel/AliciBilgisi/VKN-TCKN' located by 'By.xpath: //*[@id = 'txtVknTckn_I']' in '10' second(s)

2021-11-18 12:05:28 - [MESSAGE][INFO] - Smart Wait Function is triggered

2021-11-18 12:05:29 - [MESSAGE][INFO] - Found 1 web elements with id: 'Object Repository/Olusturma/Genel/AliciBilgisi/VKN-TCKN' located by 'By.xpath: //*[@id = 'txtVknTckn_I']' in '10' second(s)

2021-11-18 12:05:29 - [MESSAGE][PASSED] - Object 'Object Repository/Olusturma/Genel/AliciBilgisi/VKN-TCKN' is present

2021-11-18 12:05:29 - [TEST_STEP][PASSED] - text = getAttribute(findTestObject("Olusturma/Genel/AliciBilgisi/VKN-TCKN"), "value"): Attribute 'value' of object 'Object Repository/Olusturma/Genel/AliciBilgisi/VKN-TCKN' is: '5321181097'

2021-11-18 12:05:29 - [MESSAGE][INFO] - Finding Test Object 'Object Repository/Olusturma/Genel/AliciBilgisi/VKN-TCKN'

2021-11-18 12:05:29 - [MESSAGE][INFO] - Checking object

2021-11-18 12:05:29 - [MESSAGE][INFO] - Checking attribute

2021-11-18 12:05:29 - [MESSAGE][INFO] - Finding web element from Test Object's properties

2021-11-18 12:05:29 - [MESSAGE][INFO] - Checking timeout

2021-11-18 12:05:29 - [MESSAGE][INFO] - Finding web element with id: 'Object Repository/Olusturma/Genel/AliciBilgisi/VKN-TCKN' located by 'By.xpath: //*[@id = 'txtVknTckn_I']' in '30' second(s)

2021-11-18 12:05:29 - [MESSAGE][INFO] - Smart Wait Function is triggered

2021-11-18 12:05:29 - [MESSAGE][INFO] - Found 1 web elements with id: 'Object Repository/Olusturma/Genel/AliciBilgisi/VKN-TCKN' located by 'By.xpath: //*[@id = 'txtVknTckn_I']' in '30' second(s)

2021-11-18 12:05:29 - [MESSAGE][INFO] - Getting attribute 'value' of object 'Object Repository/Olusturma/Genel/AliciBilgisi/VKN-TCKN'

2021-11-18 12:05:29 - [MESSAGE][PASSED] - Attribute 'value' of object 'Object Repository/Olusturma/Genel/AliciBilgisi/VKN-TCKN' is: '5321181097'

2021-11-18 12:05:29 - [TEST_STEP][PASSED] - if (text.equals("")): null

2021-11-18 12:05:29 - [MESSAGE][PASSED] - Call Test Case 'Test Cases/Olusturma/Genel/AliciSecilir' successfully

2021-11-18 12:05:29 - [MESSAGE][INFO] - Checking called Test Case

2021-11-18 12:05:29 - [MESSAGE][INFO] - Starting to call Test Case 'Test Cases/Olusturma/Genel/GonderimSekliSecilir'

2021-11-18 12:05:29 - [TEST_CASE][PASSED] - Test Cases/Olusturma/Genel/GonderimSekliSecilir: Test Cases/Olusturma/Genel/GonderimSekliSecilir

2021-11-18 12:05:29 - [TEST_STEP][PASSED] - waitForElementClickable(findTestObject("Object Repository/Olusturma/Genel/GonderimSekli/GonderimSekli"), 10): Object 'Object Repository/Olusturma/Genel/GonderimSekli/GonderimSekli' is clickable

2021-11-18 12:05:29 - [MESSAGE][INFO] - Finding Test Object 'Object Repository/Olusturma/Genel/GonderimSekli/GonderimSekli'

2021-11-18 12:05:29 - [MESSAGE][INFO] - Checking object

2021-11-18 12:05:29 - [MESSAGE][INFO] - Checking timeout

2021-11-18 12:05:29 - [MESSAGE][INFO] - Finding web element from Test Object's properties

2021-11-18 12:05:29 - [MESSAGE][INFO] - Checking timeout

2021-11-18 12:05:29 - [MESSAGE][INFO] - Finding web element with id: 'Object Repository/Olusturma/Genel/GonderimSekli/GonderimSekli' located by 'By.xpath: //*[@id = 'txtGonderimSekil_I']' in '10' second(s)

2021-11-18 12:05:29 - [MESSAGE][INFO] - Smart Wait Function is triggered

2021-11-18 12:05:30 - [MESSAGE][INFO] - Found 1 web elements with id: 'Object Repository/Olusturma/Genel/GonderimSekli/GonderimSekli' located by 'By.xpath: //*[@id = 'txtGonderimSekil_I']' in '10' second(s)

2021-11-18 12:05:30 - [MESSAGE][PASSED] - Object 'Object Repository/Olusturma/Genel/GonderimSekli/GonderimSekli' is clickable

2021-11-18 12:05:30 - [TEST_STEP][PASSED] - click(findTestObject("Object Repository/Olusturma/Genel/GonderimSekli/GonderimSekli")): Object: 'Object Repository/Olusturma/Genel/GonderimSekli/GonderimSekli' is clicked on

2021-11-18 12:05:30 - [MESSAGE][INFO] - Finding Test Object 'Object Repository/Olusturma/Genel/GonderimSekli/GonderimSekli'

2021-11-18 12:05:30 - [MESSAGE][INFO] - Checking object

2021-11-18 12:05:30 - [MESSAGE][INFO] - Finding web element from Test Object's properties

2021-11-18 12:05:30 - [MESSAGE][INFO] - Checking timeout

2021-11-18 12:05:30 - [MESSAGE][INFO] - Finding web element with id: 'Object Repository/Olusturma/Genel/GonderimSekli/GonderimSekli' located by 'By.xpath: //*[@id = 'txtGonderimSekil_I']' in '30' second(s)

2021-11-18 12:05:30 - [MESSAGE][INFO] - Smart Wait Function is triggered

2021-11-18 12:05:30 - [MESSAGE][INFO] - Found 1 web elements with id: 'Object Repository/Olusturma/Genel/GonderimSekli/GonderimSekli' located by 'By.xpath: //*[@id = 'txtGonderimSekil_I']' in '30' second(s)

2021-11-18 12:05:30 - [MESSAGE][INFO] - Clicking on object: 'Object Repository/Olusturma/Genel/GonderimSekli/GonderimSekli'

2021-11-18 12:05:30 - [MESSAGE][PASSED] - Object: 'Object Repository/Olusturma/Genel/GonderimSekli/GonderimSekli' is clicked on

2021-11-18 12:05:30 - [TEST_STEP][PASSED] - Method.TextDegerineEsitElementeTikla(findTestObject("Object Repository/Olusturma/Genel/GonderimSekli/GonderimSekliAdi"), GonderimSekli): Method.TextDegerineEsitElementeTikla is PASSED

2021-11-18 12:05:30 - [MESSAGE][INFO] - Finding Test Object 'Object Repository/Olusturma/Genel/GonderimSekli/GonderimSekliAdi'

2021-11-18 12:05:30 - [MESSAGE][INFO] - Checking timeout

2021-11-18 12:05:30 - [MESSAGE][INFO] - Finding web element with id: 'Object Repository/Olusturma/Genel/GonderimSekli/GonderimSekliAdi' located by 'By.cssSelector: #txtGonderimSekil_DDD_L_LBT td' in '10' second(s)

2021-11-18 12:05:30 - [MESSAGE][INFO] - Smart Wait Function is triggered

2021-11-18 12:05:31 - [MESSAGE][INFO] - Found 2 web elements with id: 'Object Repository/Olusturma/Genel/GonderimSekli/GonderimSekliAdi' located by 'By.cssSelector: #txtGonderimSekil_DDD_L_LBT td' in '10' second(s)

2021-11-18 12:05:31 - [MESSAGE][PASSED] - Method.TextDegerineEsitElementeTikla is PASSED

2021-11-18 12:05:31 - [MESSAGE][PASSED] - Call Test Case 'Test Cases/Olusturma/Genel/GonderimSekliSecilir' successfully

2021-11-18 12:05:31 - [MESSAGE][INFO] - Checking called Test Case

2021-11-18 12:05:31 - [MESSAGE][INFO] - Starting to call Test Case 'Test Cases/Olusturma/Genel/TipSecilir'

2021-11-18 12:05:31 - [TEST_CASE][PASSED] - Test Cases/Olusturma/Genel/TipSecilir: Test Cases/Olusturma/Genel/TipSecilir

2021-11-18 12:05:31 - [TEST_STEP][PASSED] - waitForElementClickable(findTestObject("Olusturma/Genel/TipSecilir/Tip"), 10): Object 'Object Repository/Olusturma/Genel/TipSecilir/Tip' is clickable

2021-11-18 12:05:31 - [MESSAGE][INFO] - Finding Test Object 'Object Repository/Olusturma/Genel/TipSecilir/Tip'

2021-11-18 12:05:31 - [MESSAGE][INFO] - Checking object

2021-11-18 12:05:31 - [MESSAGE][INFO] - Checking timeout

2021-11-18 12:05:31 - [MESSAGE][INFO] - Finding web element from Test Object's properties

2021-11-18 12:05:31 - [MESSAGE][INFO] - Checking timeout

2021-11-18 12:05:31 - [MESSAGE][INFO] - Finding web element with id: 'Object Repository/Olusturma/Genel/TipSecilir/Tip' located by 'By.xpath: //*[@id = 'DocumentTypeCode_I']' in '10' second(s)

2021-11-18 12:05:31 - [MESSAGE][INFO] - Smart Wait Function is triggered

2021-11-18 12:05:31 - [MESSAGE][INFO] - Found 1 web elements with id: 'Object Repository/Olusturma/Genel/TipSecilir/Tip' located by 'By.xpath: //*[@id = 'DocumentTypeCode_I']' in '10' second(s)

2021-11-18 12:05:31 - [MESSAGE][PASSED] - Object 'Object Repository/Olusturma/Genel/TipSecilir/Tip' is clickable

2021-11-18 12:05:31 - [TEST_STEP][PASSED] - click(findTestObject("Olusturma/Genel/TipSecilir/Tip")): Object: 'Object Repository/Olusturma/Genel/TipSecilir/Tip' is clicked on

2021-11-18 12:05:31 - [MESSAGE][INFO] - Finding Test Object 'Object Repository/Olusturma/Genel/TipSecilir/Tip'

2021-11-18 12:05:31 - [MESSAGE][INFO] - Checking object

2021-11-18 12:05:31 - [MESSAGE][INFO] - Finding web element from Test Object's properties

2021-11-18 12:05:31 - [MESSAGE][INFO] - Checking timeout

2021-11-18 12:05:31 - [MESSAGE][INFO] - Finding web element with id: 'Object Repository/Olusturma/Genel/TipSecilir/Tip' located by 'By.xpath: //*[@id = 'DocumentTypeCode_I']' in '30' second(s)

2021-11-18 12:05:31 - [MESSAGE][INFO] - Smart Wait Function is triggered

2021-11-18 12:05:32 - [MESSAGE][INFO] - Found 1 web elements with id: 'Object Repository/Olusturma/Genel/TipSecilir/Tip' located by 'By.xpath: //*[@id = 'DocumentTypeCode_I']' in '30' second(s)

2021-11-18 12:05:32 - [MESSAGE][INFO] - Clicking on object: 'Object Repository/Olusturma/Genel/TipSecilir/Tip'

2021-11-18 12:05:32 - [MESSAGE][PASSED] - Object: 'Object Repository/Olusturma/Genel/TipSecilir/Tip' is clicked on

2021-11-18 12:05:32 - [TEST_STEP][PASSED] - Method.TextDegerineEsitElementeTikla(findTestObject("Object Repository/Olusturma/Genel/TipSecilir/Tip_Adi"), Tip): Method.TextDegerineEsitElementeTikla is PASSED

2021-11-18 12:05:32 - [MESSAGE][INFO] - Finding Test Object 'Object Repository/Olusturma/Genel/TipSecilir/Tip_Adi'

2021-11-18 12:05:32 - [MESSAGE][INFO] - Checking timeout

2021-11-18 12:05:32 - [MESSAGE][INFO] - Finding web element with id: 'Object Repository/Olusturma/Genel/TipSecilir/Tip_Adi' located by 'By.cssSelector: #DocumentTypeCode_DDD_L_LBT td' in '10' second(s)

2021-11-18 12:05:32 - [MESSAGE][INFO] - Smart Wait Function is triggered

2021-11-18 12:05:32 - [MESSAGE][INFO] - Found 9 web elements with id: 'Object Repository/Olusturma/Genel/TipSecilir/Tip_Adi' located by 'By.cssSelector: #DocumentTypeCode_DDD_L_LBT td' in '10' second(s)

2021-11-18 12:05:32 - [MESSAGE][PASSED] - Method.TextDegerineEsitElementeTikla is PASSED

2021-11-18 12:05:32 - [MESSAGE][PASSED] - Call Test Case 'Test Cases/Olusturma/Genel/TipSecilir' successfully

2021-11-18 12:05:32 - [MESSAGE][INFO] - Checking called Test Case

2021-11-18 12:05:32 - [MESSAGE][INFO] - Starting to call Test Case 'Test Cases/Olusturma/Genel/DokumanParaBirimiSecilir'

2021-11-18 12:05:32 - [TEST_CASE][PASSED] - Test Cases/Olusturma/Genel/DokumanParaBirimiSecilir: Test Cases/Olusturma/Genel/DokumanParaBirimiSecilir

2021-11-18 12:05:32 - [TEST_STEP][PASSED] - waitForElementClickable(findTestObject("Object Repository/Olusturma/Genel/DokumanParaBirimiSecilir/Para"), 10): Object 'Object Repository/Olusturma/Genel/DokumanParaBirimiSecilir/Para' is clickable

2021-11-18 12:05:32 - [MESSAGE][INFO] - Finding Test Object 'Object Repository/Olusturma/Genel/DokumanParaBirimiSecilir/Para'

2021-11-18 12:05:32 - [MESSAGE][INFO] - Checking object

2021-11-18 12:05:32 - [MESSAGE][INFO] - Checking timeout

2021-11-18 12:05:32 - [MESSAGE][INFO] - Finding web element from Test Object's properties

2021-11-18 12:05:32 - [MESSAGE][INFO] - Checking timeout

2021-11-18 12:05:32 - [MESSAGE][INFO] - Finding web element with id: 'Object Repository/Olusturma/Genel/DokumanParaBirimiSecilir/Para' located by 'By.xpath: //*[@id = 'CurrencyUnit_I']' in '10' second(s)

2021-11-18 12:05:32 - [MESSAGE][INFO] - Smart Wait Function is triggered

2021-11-18 12:05:34 - [MESSAGE][INFO] - Found 1 web elements with id: 'Object Repository/Olusturma/Genel/DokumanParaBirimiSecilir/Para' located by 'By.xpath: //*[@id = 'CurrencyUnit_I']' in '10' second(s)

2021-11-18 12:05:34 - [MESSAGE][PASSED] - Object 'Object Repository/Olusturma/Genel/DokumanParaBirimiSecilir/Para' is clickable

2021-11-18 12:05:34 - [TEST_STEP][PASSED] - click(findTestObject("Object Repository/Olusturma/Genel/DokumanParaBirimiSecilir/Para")): Object: 'Object Repository/Olusturma/Genel/DokumanParaBirimiSecilir/Para' is clicked on

2021-11-18 12:05:34 - [MESSAGE][INFO] - Finding Test Object 'Object Repository/Olusturma/Genel/DokumanParaBirimiSecilir/Para'

2021-11-18 12:05:34 - [MESSAGE][INFO] - Checking object

2021-11-18 12:05:34 - [MESSAGE][INFO] - Finding web element from Test Object's properties

2021-11-18 12:05:34 - [MESSAGE][INFO] - Checking timeout

2021-11-18 12:05:34 - [MESSAGE][INFO] - Finding web element with id: 'Object Repository/Olusturma/Genel/DokumanParaBirimiSecilir/Para' located by 'By.xpath: //*[@id = 'CurrencyUnit_I']' in '30' second(s)

2021-11-18 12:05:34 - [MESSAGE][INFO] - Smart Wait Function is triggered

2021-11-18 12:05:34 - [MESSAGE][INFO] - Found 1 web elements with id: 'Object Repository/Olusturma/Genel/DokumanParaBirimiSecilir/Para' located by 'By.xpath: //*[@id = 'CurrencyUnit_I']' in '30' second(s)

2021-11-18 12:05:34 - [MESSAGE][INFO] - Clicking on object: 'Object Repository/Olusturma/Genel/DokumanParaBirimiSecilir/Para'

2021-11-18 12:05:34 - [MESSAGE][PASSED] - Object: 'Object Repository/Olusturma/Genel/DokumanParaBirimiSecilir/Para' is clicked on

2021-11-18 12:05:34 - [TEST_STEP][PASSED] - Method.TextDegerineEsitElementeTikla(findTestObject("Object Repository/Olusturma/Genel/DokumanParaBirimiSecilir/Para_Adi"), Para): Method.TextDegerineEsitElementeTikla is PASSED

2021-11-18 12:05:34 - [MESSAGE][INFO] - Finding Test Object 'Object Repository/Olusturma/Genel/DokumanParaBirimiSecilir/Para_Adi'

2021-11-18 12:05:34 - [MESSAGE][INFO] - Checking timeout

2021-11-18 12:05:34 - [MESSAGE][INFO] - Finding web element with id: 'Object Repository/Olusturma/Genel/DokumanParaBirimiSecilir/Para_Adi' located by 'By.cssSelector: #CurrencyUnit_DDD_L_LBT td' in '10' second(s)

2021-11-18 12:05:34 - [MESSAGE][INFO] - Smart Wait Function is triggered

2021-11-18 12:05:35 - [MESSAGE][INFO] - Found 203 web elements with id: 'Object Repository/Olusturma/Genel/DokumanParaBirimiSecilir/Para_Adi' located by 'By.cssSelector: #CurrencyUnit_DDD_L_LBT td' in '10' second(s)

2021-11-18 12:05:39 - [MESSAGE][PASSED] - Method.TextDegerineEsitElementeTikla is PASSED

2021-11-18 12:05:39 - [MESSAGE][PASSED] - Call Test Case 'Test Cases/Olusturma/Genel/DokumanParaBirimiSecilir' successfully

2021-11-18 12:05:39 - [MESSAGE][INFO] - Checking called Test Case

2021-11-18 12:05:39 - [MESSAGE][INFO] - Starting to call Test Case 'Test Cases/Olusturma/Genel/OnEkSecilir'

2021-11-18 12:05:39 - [TEST_CASE][PASSED] - Test Cases/Olusturma/Genel/OnEkSecilir: Test Cases/Olusturma/Genel/OnEkSecilir

2021-11-18 12:05:39 - [TEST_STEP][PASSED] - waitForElementClickable(findTestObject("Object Repository/Olusturma/Genel/OnEkSecilir/OnEk"), 10): Object 'Object Repository/Olusturma/Genel/OnEkSecilir/OnEk' is clickable

2021-11-18 12:05:39 - [MESSAGE][INFO] - Finding Test Object 'Object Repository/Olusturma/Genel/OnEkSecilir/OnEk'

2021-11-18 12:05:39 - [MESSAGE][INFO] - Checking object

2021-11-18 12:05:39 - [MESSAGE][INFO] - Checking timeout

2021-11-18 12:05:39 - [MESSAGE][INFO] - Finding web element from Test Object's properties

2021-11-18 12:05:39 - [MESSAGE][INFO] - Checking timeout

2021-11-18 12:05:39 - [MESSAGE][INFO] - Finding web element with id: 'Object Repository/Olusturma/Genel/OnEkSecilir/OnEk' located by 'By.xpath: //*[@id = 'InvoicePrefix_I']' in '10' second(s)

2021-11-18 12:05:39 - [MESSAGE][INFO] - Smart Wait Function is triggered

2021-11-18 12:05:39 - [MESSAGE][INFO] - Found 1 web elements with id: 'Object Repository/Olusturma/Genel/OnEkSecilir/OnEk' located by 'By.xpath: //*[@id = 'InvoicePrefix_I']' in '10' second(s)

2021-11-18 12:05:39 - [MESSAGE][PASSED] - Object 'Object Repository/Olusturma/Genel/OnEkSecilir/OnEk' is clickable

2021-11-18 12:05:39 - [TEST_STEP][PASSED] - click(findTestObject("Object Repository/Olusturma/Genel/OnEkSecilir/OnEk")): Object: 'Object Repository/Olusturma/Genel/OnEkSecilir/OnEk' is clicked on

2021-11-18 12:05:39 - [MESSAGE][INFO] - Finding Test Object 'Object Repository/Olusturma/Genel/OnEkSecilir/OnEk'

2021-11-18 12:05:40 - [MESSAGE][INFO] - Checking object

2021-11-18 12:05:40 - [MESSAGE][INFO] - Finding web element from Test Object's properties

2021-11-18 12:05:40 - [MESSAGE][INFO] - Checking timeout

2021-11-18 12:05:40 - [MESSAGE][INFO] - Finding web element with id: 'Object Repository/Olusturma/Genel/OnEkSecilir/OnEk' located by 'By.xpath: //*[@id = 'InvoicePrefix_I']' in '30' second(s)

2021-11-18 12:05:40 - [MESSAGE][INFO] - Smart Wait Function is triggered

2021-11-18 12:05:40 - [MESSAGE][INFO] - Found 1 web elements with id: 'Object Repository/Olusturma/Genel/OnEkSecilir/OnEk' located by 'By.xpath: //*[@id = 'InvoicePrefix_I']' in '30' second(s)

2021-11-18 12:05:40 - [MESSAGE][INFO] - Clicking on object: 'Object Repository/Olusturma/Genel/OnEkSecilir/OnEk'

2021-11-18 12:05:40 - [MESSAGE][PASSED] - Object: 'Object Repository/Olusturma/Genel/OnEkSecilir/OnEk' is clicked on

2021-11-18 12:05:40 - [TEST_STEP][PASSED] - Method.TextDegerineEsitElementeTiklaEquals(findTestObject("Object Repository/Olusturma/Genel/OnEkSecilir/OnEkAdi"), Ek): Method.TextDegerineEsitElementeTiklaEquals is PASSED

2021-11-18 12:05:40 - [MESSAGE][INFO] - Finding Test Object 'Object Repository/Olusturma/Genel/OnEkSecilir/OnEkAdi'

2021-11-18 12:05:40 - [MESSAGE][INFO] - Checking timeout

2021-11-18 12:05:40 - [MESSAGE][INFO] - Finding web element with id: 'Object Repository/Olusturma/Genel/OnEkSecilir/OnEkAdi' located by 'By.cssSelector: #InvoicePrefix_DDD_L_LBT td' in '10' second(s)

2021-11-18 12:05:40 - [MESSAGE][INFO] - Smart Wait Function is triggered

2021-11-18 12:05:40 - [MESSAGE][INFO] - Found 1 web elements with id: 'Object Repository/Olusturma/Genel/OnEkSecilir/OnEkAdi' located by 'By.cssSelector: #InvoicePrefix_DDD_L_LBT td' in '10' second(s)

2021-11-18 12:05:40 - [MESSAGE][PASSED] - Method.TextDegerineEsitElementeTiklaEquals is PASSED

2021-11-18 12:05:40 - [MESSAGE][PASSED] - Call Test Case 'Test Cases/Olusturma/Genel/OnEkSecilir' successfully

2021-11-18 12:05:40 - [MESSAGE][INFO] - Checking called Test Case

2021-11-18 12:05:40 - [MESSAGE][INFO] - Starting to call Test Case 'Test Cases/Olusturma/Genel/TasarimSecilir'

2021-11-18 12:05:41 - [TEST_CASE][PASSED] - Test Cases/Olusturma/Genel/TasarimSecilir: Test Cases/Olusturma/Genel/TasarimSecilir

2021-11-18 12:05:41 - [TEST_STEP][PASSED] - waitForElementClickable(findTestObject("Object Repository/Olusturma/Genel/TasarimSecilir/Tasarim"), 10): Object 'Object Repository/Olusturma/Genel/TasarimSecilir/Tasarim' is clickable

2021-11-18 12:05:41 - [MESSAGE][INFO] - Finding Test Object 'Object Repository/Olusturma/Genel/TasarimSecilir/Tasarim'

2021-11-18 12:05:41 - [MESSAGE][INFO] - Checking object

2021-11-18 12:05:41 - [MESSAGE][INFO] - Checking timeout

2021-11-18 12:05:41 - [MESSAGE][INFO] - Finding web element from Test Object's properties

2021-11-18 12:05:41 - [MESSAGE][INFO] - Checking timeout

2021-11-18 12:05:41 - [MESSAGE][INFO] - Finding web element with id: 'Object Repository/Olusturma/Genel/TasarimSecilir/Tasarim' located by 'By.xpath: //*[@id = 'DesignId_I']' in '10' second(s)

2021-11-18 12:05:41 - [MESSAGE][INFO] - Smart Wait Function is triggered

2021-11-18 12:05:41 - [MESSAGE][INFO] - Found 1 web elements with id: 'Object Repository/Olusturma/Genel/TasarimSecilir/Tasarim' located by 'By.xpath: //*[@id = 'DesignId_I']' in '10' second(s)

2021-11-18 12:05:41 - [MESSAGE][PASSED] - Object 'Object Repository/Olusturma/Genel/TasarimSecilir/Tasarim' is clickable

2021-11-18 12:05:41 - [TEST_STEP][PASSED] - click(findTestObject("Object Repository/Olusturma/Genel/TasarimSecilir/Tasarim")): Object: 'Object Repository/Olusturma/Genel/TasarimSecilir/Tasarim' is clicked on

2021-11-18 12:05:41 - [MESSAGE][INFO] - Finding Test Object 'Object Repository/Olusturma/Genel/TasarimSecilir/Tasarim'

2021-11-18 12:05:41 - [MESSAGE][INFO] - Checking object

2021-11-18 12:05:41 - [MESSAGE][INFO] - Finding web element from Test Object's properties

2021-11-18 12:05:41 - [MESSAGE][INFO] - Checking timeout

2021-11-18 12:05:41 - [MESSAGE][INFO] - Finding web element with id: 'Object Repository/Olusturma/Genel/TasarimSecilir/Tasarim' located by 'By.xpath: //*[@id = 'DesignId_I']' in '30' second(s)

2021-11-18 12:05:41 - [MESSAGE][INFO] - Smart Wait Function is triggered

2021-11-18 12:05:41 - [MESSAGE][INFO] - Found 1 web elements with id: 'Object Repository/Olusturma/Genel/TasarimSecilir/Tasarim' located by 'By.xpath: //*[@id = 'DesignId_I']' in '30' second(s)

2021-11-18 12:05:41 - [MESSAGE][INFO] - Clicking on object: 'Object Repository/Olusturma/Genel/TasarimSecilir/Tasarim'

2021-11-18 12:05:41 - [MESSAGE][PASSED] - Object: 'Object Repository/Olusturma/Genel/TasarimSecilir/Tasarim' is clicked on

2021-11-18 12:05:41 - [TEST_STEP][PASSED] - Method.TextDegerineEsitElementeTikla(findTestObject("Object Repository/Olusturma/Genel/TasarimSecilir/Tasarim_Adi"), Tasarim): Method.TextDegerineEsitElementeTikla is PASSED

2021-11-18 12:05:41 - [MESSAGE][INFO] - Finding Test Object 'Object Repository/Olusturma/Genel/TasarimSecilir/Tasarim_Adi'

2021-11-18 12:05:41 - [MESSAGE][INFO] - Checking timeout

2021-11-18 12:05:41 - [MESSAGE][INFO] - Finding web element with id: 'Object Repository/Olusturma/Genel/TasarimSecilir/Tasarim_Adi' located by 'By.cssSelector: #DesignId_DDD_L_LBT td' in '10' second(s)

2021-11-18 12:05:41 - [MESSAGE][INFO] - Smart Wait Function is triggered

2021-11-18 12:05:42 - [MESSAGE][INFO] - Found 1 web elements with id: 'Object Repository/Olusturma/Genel/TasarimSecilir/Tasarim_Adi' located by 'By.cssSelector: #DesignId_DDD_L_LBT td' in '10' second(s)

2021-11-18 12:05:42 - [MESSAGE][PASSED] - Method.TextDegerineEsitElementeTikla is PASSED

2021-11-18 12:05:42 - [MESSAGE][PASSED] - Call Test Case 'Test Cases/Olusturma/Genel/TasarimSecilir' successfully

2021-11-18 12:05:42 - [MESSAGE][INFO] - Checking called Test Case

2021-11-18 12:05:42 - [MESSAGE][INFO] - Starting to call Test Case 'Test Cases/Olusturma/Genel/Kutular/SiparisBilgileriGirilir'

2021-11-18 12:05:42 - [TEST_CASE][PASSED] - Test Cases/Olusturma/Genel/Kutular/SiparisBilgileriGirilir: Test Cases/Olusturma/Genel/Kutular/SiparisBilgileriGirilir

2021-11-18 12:05:42 - [TEST_STEP][PASSED] - Method.TextDegerineEsitElementeTikla(findTestObject("Olusturma/Genel/Kutular/KapaliKutular"), "Sipariş Bilgileri"): Method.TextDegerineEsitElementeTikla is PASSED

2021-11-18 12:05:42 - [MESSAGE][INFO] - Finding Test Object 'Object Repository/Olusturma/Genel/Kutular/KapaliKutular'

2021-11-18 12:05:42 - [MESSAGE][INFO] - Checking timeout

2021-11-18 12:05:42 - [MESSAGE][INFO] - Finding web element with id: 'Object Repository/Olusturma/Genel/Kutular/KapaliKutular' located by 'By.cssSelector: .dxnb-headerCollapsed>span' in '10' second(s)

2021-11-18 12:05:42 - [MESSAGE][INFO] - Smart Wait Function is triggered

2021-11-18 12:05:42 - [MESSAGE][INFO] - Found 8 web elements with id: 'Object Repository/Olusturma/Genel/Kutular/KapaliKutular' located by 'By.cssSelector: .dxnb-headerCollapsed>span' in '10' second(s)

2021-11-18 12:05:42 - [MESSAGE][PASSED] - Method.TextDegerineEsitElementeTikla is PASSED

2021-11-18 12:05:42 - [TEST_STEP][PASSED] - waitForElementPresent(findTestObject("Object Repository/Olusturma/Genel/Kutular/SiparisBilgileri/SiparisNo"), 10): Object 'Object Repository/Olusturma/Genel/Kutular/SiparisBilgileri/SiparisNo' is present

2021-11-18 12:05:42 - [MESSAGE][INFO] - Finding Test Object 'Object Repository/Olusturma/Genel/Kutular/SiparisBilgileri/SiparisNo'

2021-11-18 12:05:42 - [MESSAGE][INFO] - Checking object

2021-11-18 12:05:42 - [MESSAGE][INFO] - Finding web element from Test Object's properties

2021-11-18 12:05:42 - [MESSAGE][INFO] - Checking timeout

2021-11-18 12:05:42 - [MESSAGE][INFO] - Finding web element with id: 'Object Repository/Olusturma/Genel/Kutular/SiparisBilgileri/SiparisNo' located by 'By.xpath: //*[@id = 'txtSiparisNo_I']' in '10' second(s)

2021-11-18 12:05:42 - [MESSAGE][INFO] - Smart Wait Function is triggered

2021-11-18 12:05:43 - [MESSAGE][INFO] - Found 1 web elements with id: 'Object Repository/Olusturma/Genel/Kutular/SiparisBilgileri/SiparisNo' located by 'By.xpath: //*[@id = 'txtSiparisNo_I']' in '10' second(s)

2021-11-18 12:05:43 - [MESSAGE][PASSED] - Object 'Object Repository/Olusturma/Genel/Kutular/SiparisBilgileri/SiparisNo' is present

2021-11-18 12:05:43 - [TEST_STEP][PASSED] - clearText(findTestObject("Object Repository/Olusturma/Genel/Kutular/SiparisBilgileri/SiparisNo")): Text of object 'Object Repository/Olusturma/Genel/Kutular/SiparisBilgileri/SiparisNo' is cleared

2021-11-18 12:05:43 - [MESSAGE][INFO] - Finding Test Object 'Object Repository/Olusturma/Genel/Kutular/SiparisBilgileri/SiparisNo'

2021-11-18 12:05:43 - [MESSAGE][INFO] - Checking object

2021-11-18 12:05:43 - [MESSAGE][INFO] - Finding web element from Test Object's properties

2021-11-18 12:05:43 - [MESSAGE][INFO] - Checking timeout

2021-11-18 12:05:43 - [MESSAGE][INFO] - Finding web element with id: 'Object Repository/Olusturma/Genel/Kutular/SiparisBilgileri/SiparisNo' located by 'By.xpath: //*[@id = 'txtSiparisNo_I']' in '30' second(s)

2021-11-18 12:05:43 - [MESSAGE][INFO] - Smart Wait Function is triggered

2021-11-18 12:05:43 - [MESSAGE][INFO] - Found 1 web elements with id: 'Object Repository/Olusturma/Genel/Kutular/SiparisBilgileri/SiparisNo' located by 'By.xpath: //*[@id = 'txtSiparisNo_I']' in '30' second(s)

2021-11-18 12:05:43 - [MESSAGE][INFO] - Clearing text of object 'Object Repository/Olusturma/Genel/Kutular/SiparisBilgileri/SiparisNo'

2021-11-18 12:05:43 - [MESSAGE][PASSED] - Text of object 'Object Repository/Olusturma/Genel/Kutular/SiparisBilgileri/SiparisNo' is cleared

2021-11-18 12:05:43 - [TEST_STEP][PASSED] - sendKeys(findTestObject("Object Repository/Olusturma/Genel/Kutular/SiparisBilgileri/SiparisNo"), SiparisNo): Keys 'UUC-SAT-1200001' sent to object: 'Object Repository/Olusturma/Genel/Kutular/SiparisBilgileri/SiparisNo'

2021-11-18 12:05:43 - [MESSAGE][INFO] - Finding Test Object 'Object Repository/Olusturma/Genel/Kutular/SiparisBilgileri/SiparisNo'

2021-11-18 12:05:43 - [MESSAGE][INFO] - Sending keys 'UUC-SAT-1200001' to object: 'Object Repository/Olusturma/Genel/Kutular/SiparisBilgileri/SiparisNo'

2021-11-18 12:05:43 - [MESSAGE][INFO] - Finding web element from Test Object's properties

2021-11-18 12:05:43 - [MESSAGE][INFO] - Checking timeout

2021-11-18 12:05:43 - [MESSAGE][INFO] - Finding web element with id: 'Object Repository/Olusturma/Genel/Kutular/SiparisBilgileri/SiparisNo' located by 'By.xpath: //*[@id = 'txtSiparisNo_I']' in '30' second(s)

2021-11-18 12:05:43 - [MESSAGE][INFO] - Smart Wait Function is triggered

2021-11-18 12:05:44 - [MESSAGE][INFO] - Found 1 web elements with id: 'Object Repository/Olusturma/Genel/Kutular/SiparisBilgileri/SiparisNo' located by 'By.xpath: //*[@id = 'txtSiparisNo_I']' in '30' second(s)

2021-11-18 12:05:44 - [MESSAGE][PASSED] - Keys 'UUC-SAT-1200001' sent to object: 'Object Repository/Olusturma/Genel/Kutular/SiparisBilgileri/SiparisNo'

2021-11-18 12:05:44 - [TEST_STEP][PASSED] - waitForElementClickable(findTestObject("Object Repository/Olusturma/Genel/Kutular/SiparisBilgileri/SiparisTarihiImage"), 10): Object 'Object Repository/Olusturma/Genel/Kutular/SiparisBilgileri/SiparisTarihiImage' is clickable

2021-11-18 12:05:44 - [MESSAGE][INFO] - Finding Test Object 'Object Repository/Olusturma/Genel/Kutular/SiparisBilgileri/SiparisTarihiImage'

2021-11-18 12:05:44 - [MESSAGE][INFO] - Checking object

2021-11-18 12:05:44 - [MESSAGE][INFO] - Checking timeout

2021-11-18 12:05:44 - [MESSAGE][INFO] - Finding web element from Test Object's properties

2021-11-18 12:05:44 - [MESSAGE][INFO] - Checking timeout

2021-11-18 12:05:44 - [MESSAGE][INFO] - Finding web element with id: 'Object Repository/Olusturma/Genel/Kutular/SiparisBilgileri/SiparisTarihiImage' located by 'By.cssSelector: #dateSiparisTarih img' in '10' second(s)

2021-11-18 12:05:44 - [MESSAGE][INFO] - Smart Wait Function is triggered

2021-11-18 12:05:44 - [MESSAGE][INFO] - Found 1 web elements with id: 'Object Repository/Olusturma/Genel/Kutular/SiparisBilgileri/SiparisTarihiImage' located by 'By.cssSelector: #dateSiparisTarih img' in '10' second(s)

2021-11-18 12:05:44 - [MESSAGE][PASSED] - Object 'Object Repository/Olusturma/Genel/Kutular/SiparisBilgileri/SiparisTarihiImage' is clickable

2021-11-18 12:05:44 - [TEST_STEP][PASSED] - click(findTestObject("Object Repository/Olusturma/Genel/Kutular/SiparisBilgileri/SiparisTarihiImage")): Object: 'Object Repository/Olusturma/Genel/Kutular/SiparisBilgileri/SiparisTarihiImage' is clicked on

2021-11-18 12:05:44 - [MESSAGE][INFO] - Finding Test Object 'Object Repository/Olusturma/Genel/Kutular/SiparisBilgileri/SiparisTarihiImage'

2021-11-18 12:05:44 - [MESSAGE][INFO] - Checking object

2021-11-18 12:05:44 - [MESSAGE][INFO] - Finding web element from Test Object's properties

2021-11-18 12:05:44 - [MESSAGE][INFO] - Checking timeout

2021-11-18 12:05:44 - [MESSAGE][INFO] - Finding web element with id: 'Object Repository/Olusturma/Genel/Kutular/SiparisBilgileri/SiparisTarihiImage' located by 'By.cssSelector: #dateSiparisTarih img' in '30' second(s)

2021-11-18 12:05:44 - [MESSAGE][INFO] - Smart Wait Function is triggered

2021-11-18 12:05:45 - [MESSAGE][INFO] - Found 1 web elements with id: 'Object Repository/Olusturma/Genel/Kutular/SiparisBilgileri/SiparisTarihiImage' located by 'By.cssSelector: #dateSiparisTarih img' in '30' second(s)

2021-11-18 12:05:45 - [MESSAGE][INFO] - Clicking on object: 'Object Repository/Olusturma/Genel/Kutular/SiparisBilgileri/SiparisTarihiImage'

2021-11-18 12:05:45 - [MESSAGE][PASSED] - Object: 'Object Repository/Olusturma/Genel/Kutular/SiparisBilgileri/SiparisTarihiImage' is clicked on

2021-11-18 12:05:45 - [TEST_STEP][PASSED] - waitForElementPresent(findTestObject("Object Repository/Olusturma/Genel/Kutular/SiparisBilgileri/SiparisTarihi"), 10): Object 'Object Repository/Olusturma/Genel/Kutular/SiparisBilgileri/SiparisTarihi' is present

2021-11-18 12:05:45 - [MESSAGE][INFO] - Finding Test Object 'Object Repository/Olusturma/Genel/Kutular/SiparisBilgileri/SiparisTarihi'

2021-11-18 12:05:45 - [MESSAGE][INFO] - Checking object

2021-11-18 12:05:45 - [MESSAGE][INFO] - Finding web element from Test Object's properties

2021-11-18 12:05:45 - [MESSAGE][INFO] - Checking timeout

2021-11-18 12:05:45 - [MESSAGE][INFO] - Finding web element with id: 'Object Repository/Olusturma/Genel/Kutular/SiparisBilgileri/SiparisTarihi' located by 'By.xpath: //*[@id = 'dateSiparisTarih_I']' in '10' second(s)

2021-11-18 12:05:45 - [MESSAGE][INFO] - Smart Wait Function is triggered

2021-11-18 12:05:45 - [MESSAGE][INFO] - Found 1 web elements with id: 'Object Repository/Olusturma/Genel/Kutular/SiparisBilgileri/SiparisTarihi' located by 'By.xpath: //*[@id = 'dateSiparisTarih_I']' in '10' second(s)

2021-11-18 12:05:45 - [MESSAGE][PASSED] - Object 'Object Repository/Olusturma/Genel/Kutular/SiparisBilgileri/SiparisTarihi' is present

2021-11-18 12:05:45 - [TEST_STEP][PASSED] - clearText(findTestObject("Object Repository/Olusturma/Genel/Kutular/SiparisBilgileri/SiparisTarihi")): Text of object 'Object Repository/Olusturma/Genel/Kutular/SiparisBilgileri/SiparisTarihi' is cleared

2021-11-18 12:05:45 - [MESSAGE][INFO] - Finding Test Object 'Object Repository/Olusturma/Genel/Kutular/SiparisBilgileri/SiparisTarihi'

2021-11-18 12:05:45 - [MESSAGE][INFO] - Checking object

2021-11-18 12:05:45 - [MESSAGE][INFO] - Finding web element from Test Object's properties

2021-11-18 12:05:45 - [MESSAGE][INFO] - Checking timeout

2021-11-18 12:05:45 - [MESSAGE][INFO] - Finding web element with id: 'Object Repository/Olusturma/Genel/Kutular/SiparisBilgileri/SiparisTarihi' located by 'By.xpath: //*[@id = 'dateSiparisTarih_I']' in '30' second(s)

2021-11-18 12:05:45 - [MESSAGE][INFO] - Smart Wait Function is triggered

2021-11-18 12:05:46 - [MESSAGE][INFO] - Found 1 web elements with id: 'Object Repository/Olusturma/Genel/Kutular/SiparisBilgileri/SiparisTarihi' located by 'By.xpath: //*[@id = 'dateSiparisTarih_I']' in '30' second(s)

2021-11-18 12:05:46 - [MESSAGE][INFO] - Clearing text of object 'Object Repository/Olusturma/Genel/Kutular/SiparisBilgileri/SiparisTarihi'

2021-11-18 12:05:46 - [MESSAGE][PASSED] - Text of object 'Object Repository/Olusturma/Genel/Kutular/SiparisBilgileri/SiparisTarihi' is cleared

2021-11-18 12:05:46 - [TEST_STEP][PASSED] - sendKeys(findTestObject("Object Repository/Olusturma/Genel/Kutular/SiparisBilgileri/SiparisTarihi"), Tarih): Keys '31.04.2020' sent to object: 'Object Repository/Olusturma/Genel/Kutular/SiparisBilgileri/SiparisTarihi'

2021-11-18 12:05:46 - [MESSAGE][INFO] - Finding Test Object 'Object Repository/Olusturma/Genel/Kutular/SiparisBilgileri/SiparisTarihi'

2021-11-18 12:05:46 - [MESSAGE][INFO] - Sending keys '31.04.2020' to object: 'Object Repository/Olusturma/Genel/Kutular/SiparisBilgileri/SiparisTarihi'

2021-11-18 12:05:46 - [MESSAGE][INFO] - Finding web element from Test Object's properties

2021-11-18 12:05:46 - [MESSAGE][INFO] - Checking timeout

2021-11-18 12:05:46 - [MESSAGE][INFO] - Finding web element with id: 'Object Repository/Olusturma/Genel/Kutular/SiparisBilgileri/SiparisTarihi' located by 'By.xpath: //*[@id = 'dateSiparisTarih_I']' in '30' second(s)

2021-11-18 12:05:46 - [MESSAGE][INFO] - Smart Wait Function is triggered

2021-11-18 12:05:46 - [MESSAGE][INFO] - Found 1 web elements with id: 'Object Repository/Olusturma/Genel/Kutular/SiparisBilgileri/SiparisTarihi' located by 'By.xpath: //*[@id = 'dateSiparisTarih_I']' in '30' second(s)

2021-11-18 12:05:46 - [MESSAGE][PASSED] - Keys '31.04.2020' sent to object: 'Object Repository/Olusturma/Genel/Kutular/SiparisBilgileri/SiparisTarihi'

2021-11-18 12:05:46 - [MESSAGE][PASSED] - Call Test Case 'Test Cases/Olusturma/Genel/Kutular/SiparisBilgileriGirilir' successfully

2021-11-18 12:05:46 - [MESSAGE][INFO] - Checking called Test Case

2021-11-18 12:05:46 - [MESSAGE][INFO] - Starting to call Test Case 'Test Cases/Olusturma/Genel/Kutular/IrsaliyeBilgileri'

2021-11-18 12:05:46 - [TEST_CASE][PASSED] - Test Cases/Olusturma/Genel/Kutular/IrsaliyeBilgileri: Test Cases/Olusturma/Genel/Kutular/IrsaliyeBilgileri

2021-11-18 12:05:46 - [TEST_STEP][PASSED] - Method.TextDegerineEsitElementeTikla(findTestObject("Olusturma/Genel/Kutular/KapaliKutular"), "İrsaliye Bilgileri"): Method.TextDegerineEsitElementeTikla is PASSED

2021-11-18 12:05:46 - [MESSAGE][INFO] - Finding Test Object 'Object Repository/Olusturma/Genel/Kutular/KapaliKutular'

2021-11-18 12:05:46 - [MESSAGE][INFO] - Checking timeout

2021-11-18 12:05:46 - [MESSAGE][INFO] - Finding web element with id: 'Object Repository/Olusturma/Genel/Kutular/KapaliKutular' located by 'By.cssSelector: .dxnb-headerCollapsed>span' in '10' second(s)

2021-11-18 12:05:46 - [MESSAGE][INFO] - Smart Wait Function is triggered

2021-11-18 12:05:46 - [MESSAGE][INFO] - Found 8 web elements with id: 'Object Repository/Olusturma/Genel/Kutular/KapaliKutular' located by 'By.cssSelector: .dxnb-headerCollapsed>span' in '10' second(s)

2021-11-18 12:05:47 - [MESSAGE][PASSED] - Method.TextDegerineEsitElementeTikla is PASSED

2021-11-18 12:05:47 - [TEST_STEP][PASSED] - waitForElementClickable(findTestObject("Olusturma/Genel/Kutular/IrsaliyeBilgileri/Ekle"), 10): Object 'Object Repository/Olusturma/Genel/Kutular/IrsaliyeBilgileri/Ekle' is clickable

2021-11-18 12:05:47 - [MESSAGE][INFO] - Finding Test Object 'Object Repository/Olusturma/Genel/Kutular/IrsaliyeBilgileri/Ekle'

2021-11-18 12:05:47 - [MESSAGE][INFO] - Checking object

2021-11-18 12:05:47 - [MESSAGE][INFO] - Checking timeout

2021-11-18 12:05:47 - [MESSAGE][INFO] - Finding web element from Test Object's properties

2021-11-18 12:05:47 - [MESSAGE][INFO] - Checking timeout

2021-11-18 12:05:47 - [MESSAGE][INFO] - Finding web element with id: 'Object Repository/Olusturma/Genel/Kutular/IrsaliyeBilgileri/Ekle' located by 'By.xpath: //*[@id = 'DXEditorgvUserInvoiceBillsNewRowBtn']' in '10' second(s)

2021-11-18 12:05:47 - [MESSAGE][INFO] - Smart Wait Function is triggered

2021-11-18 12:05:47 - [MESSAGE][INFO] - Found 1 web elements with id: 'Object Repository/Olusturma/Genel/Kutular/IrsaliyeBilgileri/Ekle' located by 'By.xpath: //*[@id = 'DXEditorgvUserInvoiceBillsNewRowBtn']' in '10' second(s)

2021-11-18 12:05:47 - [MESSAGE][PASSED] - Object 'Object Repository/Olusturma/Genel/Kutular/IrsaliyeBilgileri/Ekle' is clickable

2021-11-18 12:05:47 - [TEST_STEP][PASSED] - click(findTestObject("Olusturma/Genel/Kutular/IrsaliyeBilgileri/Ekle")): Object: 'Object Repository/Olusturma/Genel/Kutular/IrsaliyeBilgileri/Ekle' is clicked on

2021-11-18 12:05:47 - [MESSAGE][INFO] - Finding Test Object 'Object Repository/Olusturma/Genel/Kutular/IrsaliyeBilgileri/Ekle'

2021-11-18 12:05:47 - [MESSAGE][INFO] - Checking object

2021-11-18 12:05:47 - [MESSAGE][INFO] - Finding web element from Test Object's properties

2021-11-18 12:05:47 - [MESSAGE][INFO] - Checking timeout

2021-11-18 12:05:47 - [MESSAGE][INFO] - Finding web element with id: 'Object Repository/Olusturma/Genel/Kutular/IrsaliyeBilgileri/Ekle' located by 'By.xpath: //*[@id = 'DXEditorgvUserInvoiceBillsNewRowBtn']' in '30' second(s)

2021-11-18 12:05:47 - [MESSAGE][INFO] - Smart Wait Function is triggered

2021-11-18 12:05:47 - [MESSAGE][INFO] - Found 1 web elements with id: 'Object Repository/Olusturma/Genel/Kutular/IrsaliyeBilgileri/Ekle' located by 'By.xpath: //*[@id = 'DXEditorgvUserInvoiceBillsNewRowBtn']' in '30' second(s)

2021-11-18 12:05:47 - [MESSAGE][INFO] - Clicking on object: 'Object Repository/Olusturma/Genel/Kutular/IrsaliyeBilgileri/Ekle'

2021-11-18 12:05:48 - [MESSAGE][PASSED] - Object: 'Object Repository/Olusturma/Genel/Kutular/IrsaliyeBilgileri/Ekle' is clicked on

2021-11-18 12:05:48 - [TEST_STEP][PASSED] - waitForElementPresent(findTestObject("Object Repository/Olusturma/Genel/Kutular/IrsaliyeBilgileri/IrsaliyeNumarasi"), 10): Object 'Object Repository/Olusturma/Genel/Kutular/IrsaliyeBilgileri/IrsaliyeNumarasi' is present

2021-11-18 12:05:48 - [MESSAGE][INFO] - Finding Test Object 'Object Repository/Olusturma/Genel/Kutular/IrsaliyeBilgileri/IrsaliyeNumarasi'

2021-11-18 12:05:48 - [MESSAGE][INFO] - Checking object

2021-11-18 12:05:48 - [MESSAGE][INFO] - Finding web element from Test Object's properties

2021-11-18 12:05:48 - [MESSAGE][INFO] - Checking timeout

2021-11-18 12:05:48 - [MESSAGE][INFO] - Finding web element with id: 'Object Repository/Olusturma/Genel/Kutular/IrsaliyeBilgileri/IrsaliyeNumarasi' located by 'By.xpath: //*[@id = 'gvUserInvoiceBills_DXEditor1_I']' in '10' second(s)

2021-11-18 12:05:48 - [MESSAGE][INFO] - Smart Wait Function is triggered

2021-11-18 12:05:48 - [MESSAGE][INFO] - Smart Wait Function is triggered

2021-11-18 12:05:48 - [MESSAGE][INFO] - Smart Wait Function is triggered

2021-11-18 12:05:49 - [MESSAGE][INFO] - Found 1 web elements with id: 'Object Repository/Olusturma/Genel/Kutular/IrsaliyeBilgileri/IrsaliyeNumarasi' located by 'By.xpath: //*[@id = 'gvUserInvoiceBills_DXEditor1_I']' in '10' second(s)

2021-11-18 12:05:49 - [MESSAGE][PASSED] - Object 'Object Repository/Olusturma/Genel/Kutular/IrsaliyeBilgileri/IrsaliyeNumarasi' is present

2021-11-18 12:05:49 - [TEST_STEP][PASSED] - clearText(findTestObject("Object Repository/Olusturma/Genel/Kutular/IrsaliyeBilgileri/IrsaliyeNumarasi")): Text of object 'Object Repository/Olusturma/Genel/Kutular/IrsaliyeBilgileri/IrsaliyeNumarasi' is cleared

2021-11-18 12:05:49 - [MESSAGE][INFO] - Finding Test Object 'Object Repository/Olusturma/Genel/Kutular/IrsaliyeBilgileri/IrsaliyeNumarasi'

2021-11-18 12:05:49 - [MESSAGE][INFO] - Checking object

2021-11-18 12:05:49 - [MESSAGE][INFO] - Finding web element from Test Object's properties

2021-11-18 12:05:49 - [MESSAGE][INFO] - Checking timeout

2021-11-18 12:05:49 - [MESSAGE][INFO] - Finding web element with id: 'Object Repository/Olusturma/Genel/Kutular/IrsaliyeBilgileri/IrsaliyeNumarasi' located by 'By.xpath: //*[@id = 'gvUserInvoiceBills_DXEditor1_I']' in '30' second(s)

2021-11-18 12:05:49 - [MESSAGE][INFO] - Smart Wait Function is triggered

2021-11-18 12:05:49 - [MESSAGE][INFO] - Found 1 web elements with id: 'Object Repository/Olusturma/Genel/Kutular/IrsaliyeBilgileri/IrsaliyeNumarasi' located by 'By.xpath: //*[@id = 'gvUserInvoiceBills_DXEditor1_I']' in '30' second(s)

2021-11-18 12:05:49 - [MESSAGE][INFO] - Clearing text of object 'Object Repository/Olusturma/Genel/Kutular/IrsaliyeBilgileri/IrsaliyeNumarasi'

2021-11-18 12:05:49 - [MESSAGE][PASSED] - Text of object 'Object Repository/Olusturma/Genel/Kutular/IrsaliyeBilgileri/IrsaliyeNumarasi' is cleared

2021-11-18 12:05:49 - [TEST_STEP][PASSED] - sendKeys(findTestObject("Object Repository/Olusturma/Genel/Kutular/IrsaliyeBilgileri/IrsaliyeNumarasi"), Numara): Keys 'AAAAAAAAAA' sent to object: 'Object Repository/Olusturma/Genel/Kutular/IrsaliyeBilgileri/IrsaliyeNumarasi'

2021-11-18 12:05:49 - [MESSAGE][INFO] - Finding Test Object 'Object Repository/Olusturma/Genel/Kutular/IrsaliyeBilgileri/IrsaliyeNumarasi'

2021-11-18 12:05:49 - [MESSAGE][INFO] - Sending keys 'AAAAAAAAAA' to object: 'Object Repository/Olusturma/Genel/Kutular/IrsaliyeBilgileri/IrsaliyeNumarasi'

2021-11-18 12:05:49 - [MESSAGE][INFO] - Finding web element from Test Object's properties

2021-11-18 12:05:49 - [MESSAGE][INFO] - Checking timeout

2021-11-18 12:05:49 - [MESSAGE][INFO] - Finding web element with id: 'Object Repository/Olusturma/Genel/Kutular/IrsaliyeBilgileri/IrsaliyeNumarasi' located by 'By.xpath: //*[@id = 'gvUserInvoiceBills_DXEditor1_I']' in '30' second(s)

2021-11-18 12:05:49 - [MESSAGE][INFO] - Smart Wait Function is triggered

2021-11-18 12:05:50 - [MESSAGE][INFO] - Found 1 web elements with id: 'Object Repository/Olusturma/Genel/Kutular/IrsaliyeBilgileri/IrsaliyeNumarasi' located by 'By.xpath: //*[@id = 'gvUserInvoiceBills_DXEditor1_I']' in '30' second(s)

2021-11-18 12:05:50 - [MESSAGE][PASSED] - Keys 'AAAAAAAAAA' sent to object: 'Object Repository/Olusturma/Genel/Kutular/IrsaliyeBilgileri/IrsaliyeNumarasi'

2021-11-18 12:05:50 - [TEST_STEP][PASSED] - waitForElementClickable(findTestObject("Object Repository/Olusturma/Genel/Kutular/IrsaliyeBilgileri/IrsaliyeTarihi"), 10): Object 'Object Repository/Olusturma/Genel/Kutular/IrsaliyeBilgileri/IrsaliyeTarihi' is clickable

2021-11-18 12:05:50 - [MESSAGE][INFO] - Finding Test Object 'Object Repository/Olusturma/Genel/Kutular/IrsaliyeBilgileri/IrsaliyeTarihi'

2021-11-18 12:05:50 - [MESSAGE][INFO] - Checking object

2021-11-18 12:05:50 - [MESSAGE][INFO] - Checking timeout

2021-11-18 12:05:50 - [MESSAGE][INFO] - Finding web element from Test Object's properties

2021-11-18 12:05:50 - [MESSAGE][INFO] - Checking timeout

2021-11-18 12:05:50 - [MESSAGE][INFO] - Finding web element with id: 'Object Repository/Olusturma/Genel/Kutular/IrsaliyeBilgileri/IrsaliyeTarihi' located by 'By.xpath: //*[@id = 'gvUserInvoiceBills_DXEditor2_I']' in '10' second(s)

2021-11-18 12:05:50 - [MESSAGE][INFO] - Smart Wait Function is triggered

2021-11-18 12:05:50 - [MESSAGE][INFO] - Found 1 web elements with id: 'Object Repository/Olusturma/Genel/Kutular/IrsaliyeBilgileri/IrsaliyeTarihi' located by 'By.xpath: //*[@id = 'gvUserInvoiceBills_DXEditor2_I']' in '10' second(s)

2021-11-18 12:05:50 - [MESSAGE][PASSED] - Object 'Object Repository/Olusturma/Genel/Kutular/IrsaliyeBilgileri/IrsaliyeTarihi' is clickable

2021-11-18 12:05:50 - [TEST_STEP][PASSED] - click(findTestObject("Object Repository/Olusturma/Genel/Kutular/IrsaliyeBilgileri/IrsaliyeTarihi")): Object: 'Object Repository/Olusturma/Genel/Kutular/IrsaliyeBilgileri/IrsaliyeTarihi' is clicked on

2021-11-18 12:05:50 - [MESSAGE][INFO] - Finding Test Object 'Object Repository/Olusturma/Genel/Kutular/IrsaliyeBilgileri/IrsaliyeTarihi'

2021-11-18 12:05:50 - [MESSAGE][INFO] - Checking object

2021-11-18 12:05:50 - [MESSAGE][INFO] - Finding web element from Test Object's properties

2021-11-18 12:05:50 - [MESSAGE][INFO] - Checking timeout

2021-11-18 12:05:50 - [MESSAGE][INFO] - Finding web element with id: 'Object Repository/Olusturma/Genel/Kutular/IrsaliyeBilgileri/IrsaliyeTarihi' located by 'By.xpath: //*[@id = 'gvUserInvoiceBills_DXEditor2_I']' in '30' second(s)

2021-11-18 12:05:50 - [MESSAGE][INFO] - Smart Wait Function is triggered

2021-11-18 12:05:50 - [MESSAGE][INFO] - Found 1 web elements with id: 'Object Repository/Olusturma/Genel/Kutular/IrsaliyeBilgileri/IrsaliyeTarihi' located by 'By.xpath: //*[@id = 'gvUserInvoiceBills_DXEditor2_I']' in '30' second(s)

2021-11-18 12:05:50 - [MESSAGE][INFO] - Clicking on object: 'Object Repository/Olusturma/Genel/Kutular/IrsaliyeBilgileri/IrsaliyeTarihi'

2021-11-18 12:05:51 - [MESSAGE][PASSED] - Object: 'Object Repository/Olusturma/Genel/Kutular/IrsaliyeBilgileri/IrsaliyeTarihi' is clicked on

2021-11-18 12:05:51 - [TEST_STEP][PASSED] - sendKeys(findTestObject("Object Repository/Olusturma/Genel/Kutular/IrsaliyeBilgileri/IrsaliyeTarihi"), Tarih): Keys '31.04.2020' sent to object: 'Object Repository/Olusturma/Genel/Kutular/IrsaliyeBilgileri/IrsaliyeTarihi'

2021-11-18 12:05:51 - [MESSAGE][INFO] - Finding Test Object 'Object Repository/Olusturma/Genel/Kutular/IrsaliyeBilgileri/IrsaliyeTarihi'

2021-11-18 12:05:51 - [MESSAGE][INFO] - Sending keys '31.04.2020' to object: 'Object Repository/Olusturma/Genel/Kutular/IrsaliyeBilgileri/IrsaliyeTarihi'

2021-11-18 12:05:51 - [MESSAGE][INFO] - Finding web element from Test Object's properties

2021-11-18 12:05:51 - [MESSAGE][INFO] - Checking timeout

2021-11-18 12:05:51 - [MESSAGE][INFO] - Finding web element with id: 'Object Repository/Olusturma/Genel/Kutular/IrsaliyeBilgileri/IrsaliyeTarihi' located by 'By.xpath: //*[@id = 'gvUserInvoiceBills_DXEditor2_I']' in '30' second(s)

2021-11-18 12:05:51 - [MESSAGE][INFO] - Smart Wait Function is triggered

2021-11-18 12:05:51 - [MESSAGE][INFO] - Found 1 web elements with id: 'Object Repository/Olusturma/Genel/Kutular/IrsaliyeBilgileri/IrsaliyeTarihi' located by 'By.xpath: //*[@id = 'gvUserInvoiceBills_DXEditor2_I']' in '30' second(s)

2021-11-18 12:05:51 - [MESSAGE][PASSED] - Keys '31.04.2020' sent to object: 'Object Repository/Olusturma/Genel/Kutular/IrsaliyeBilgileri/IrsaliyeTarihi'

2021-11-18 12:05:51 - [MESSAGE][PASSED] - Call Test Case 'Test Cases/Olusturma/Genel/Kutular/IrsaliyeBilgileri' successfully

2021-11-18 12:05:51 - [MESSAGE][INFO] - Checking called Test Case

2021-11-18 12:05:51 - [MESSAGE][INFO] - Starting to call Test Case 'Test Cases/Olusturma/Genel/EkleButonunaBasilir'

2021-11-18 12:05:51 - [TEST_CASE][PASSED] - Test Cases/Olusturma/Genel/EkleButonunaBasilir: Test Cases/Olusturma/Genel/EkleButonunaBasilir

2021-11-18 12:05:51 - [TEST_STEP][PASSED] - waitForElementClickable(findTestObject("Object Repository/Olusturma/Genel/Olusturma/Ekle"), 10): Object 'Object Repository/Olusturma/Genel/Olusturma/Ekle' is clickable

2021-11-18 12:05:51 - [MESSAGE][INFO] - Finding Test Object 'Object Repository/Olusturma/Genel/Olusturma/Ekle'

2021-11-18 12:05:51 - [MESSAGE][INFO] - Checking object

2021-11-18 12:05:51 - [MESSAGE][INFO] - Checking timeout

2021-11-18 12:05:51 - [MESSAGE][INFO] - Finding web element from Test Object's properties

2021-11-18 12:05:51 - [MESSAGE][INFO] - Checking timeout

2021-11-18 12:05:51 - [MESSAGE][INFO] - Finding web element with id: 'Object Repository/Olusturma/Genel/Olusturma/Ekle' located by 'By.cssSelector: #divmalhizmet i.fa.fa-plus.fa-lg.text-muted' in '10' second(s)

2021-11-18 12:05:51 - [MESSAGE][INFO] - Smart Wait Function is triggered

2021-11-18 12:05:51 - [MESSAGE][INFO] - Found 1 web elements with id: 'Object Repository/Olusturma/Genel/Olusturma/Ekle' located by 'By.cssSelector: #divmalhizmet i.fa.fa-plus.fa-lg.text-muted' in '10' second(s)

2021-11-18 12:05:51 - [MESSAGE][PASSED] - Object 'Object Repository/Olusturma/Genel/Olusturma/Ekle' is clickable

2021-11-18 12:05:51 - [TEST_STEP][PASSED] - click(findTestObject("Object Repository/Olusturma/Genel/Olusturma/Ekle")): Object: 'Object Repository/Olusturma/Genel/Olusturma/Ekle' is clicked on

2021-11-18 12:05:51 - [MESSAGE][INFO] - Finding Test Object 'Object Repository/Olusturma/Genel/Olusturma/Ekle'

2021-11-18 12:05:52 - [MESSAGE][INFO] - Checking object

2021-11-18 12:05:52 - [MESSAGE][INFO] - Finding web element from Test Object's properties

2021-11-18 12:05:52 - [MESSAGE][INFO] - Checking timeout

2021-11-18 12:05:52 - [MESSAGE][INFO] - Finding web element with id: 'Object Repository/Olusturma/Genel/Olusturma/Ekle' located by 'By.cssSelector: #divmalhizmet i.fa.fa-plus.fa-lg.text-muted' in '30' second(s)

2021-11-18 12:05:52 - [MESSAGE][INFO] - Smart Wait Function is triggered

2021-11-18 12:05:52 - [MESSAGE][INFO] - Found 1 web elements with id: 'Object Repository/Olusturma/Genel/Olusturma/Ekle' located by 'By.cssSelector: #divmalhizmet i.fa.fa-plus.fa-lg.text-muted' in '30' second(s)

2021-11-18 12:05:52 - [MESSAGE][INFO] - Clicking on object: 'Object Repository/Olusturma/Genel/Olusturma/Ekle'

2021-11-18 12:05:52 - [MESSAGE][PASSED] - Object: 'Object Repository/Olusturma/Genel/Olusturma/Ekle' is clicked on

2021-11-18 12:05:52 - [TEST_STEP][PASSED] - waitForElementClickable(findTestObject("Olusturma/Genel/Olusturma/EklenenSatirCarpiImage"), 10): Object 'Object Repository/Olusturma/Genel/Olusturma/EklenenSatirCarpiImage' is clickable

2021-11-18 12:05:52 - [MESSAGE][INFO] - Finding Test Object 'Object Repository/Olusturma/Genel/Olusturma/EklenenSatirCarpiImage'

2021-11-18 12:05:52 - [MESSAGE][INFO] - Checking object

2021-11-18 12:05:52 - [MESSAGE][INFO] - Checking timeout

2021-11-18 12:05:52 - [MESSAGE][INFO] - Finding web element from Test Object's properties

2021-11-18 12:05:52 - [MESSAGE][INFO] - Checking timeout

2021-11-18 12:05:52 - [MESSAGE][INFO] - Finding web element with id: 'Object Repository/Olusturma/Genel/Olusturma/EklenenSatirCarpiImage' located by 'By.cssSelector: .fa.fa-times.fa-lg.text-primary' in '10' second(s)

2021-11-18 12:05:52 - [MESSAGE][INFO] - Smart Wait Function is triggered

2021-11-18 12:05:52 - [MESSAGE][INFO] - Found 1 web elements with id: 'Object Repository/Olusturma/Genel/Olusturma/EklenenSatirCarpiImage' located by 'By.cssSelector: .fa.fa-times.fa-lg.text-primary' in '10' second(s)

2021-11-18 12:05:52 - [MESSAGE][PASSED] - Object 'Object Repository/Olusturma/Genel/Olusturma/EklenenSatirCarpiImage' is clickable

2021-11-18 12:05:52 - [MESSAGE][PASSED] - Call Test Case 'Test Cases/Olusturma/Genel/EkleButonunaBasilir' successfully

2021-11-18 12:05:52 - [MESSAGE][INFO] - Checking called Test Case

2021-11-18 12:05:52 - [MESSAGE][INFO] - Starting to call Test Case 'Test Cases/Olusturma/Genel/Olusturma'

2021-11-18 12:05:52 - [TEST_CASE][PASSED] - Test Cases/Olusturma/Genel/Olusturma: Test Cases/Olusturma/Genel/Olusturma

2021-11-18 12:05:52 - [TEST_STEP][PASSED] - driver = getWebDriver(): null

2021-11-18 12:05:52 - [TEST_STEP][PASSED] - action = new org.openqa.selenium.interactions.Actions(driver): null

2021-11-18 12:05:52 - [TEST_STEP][PASSED] - baslikElement = <not implemented yet for class: org.codehaus.groovy.ast.expr.EmptyExpression>: null

2021-11-18 12:05:52 - [TEST_STEP][PASSED] - sonElement = <not implemented yet for class: org.codehaus.groovy.ast.expr.EmptyExpression>: null

2021-11-18 12:05:52 - [TEST_STEP][PASSED] - attr = <not implemented yet for class: org.codehaus.groovy.ast.expr.EmptyExpression>: null

2021-11-18 12:05:52 - [TEST_STEP][PASSED] - a = 0: null

2021-11-18 12:05:52 - [TEST_STEP][PASSED] - elements = findWebElements(findTestObject("Object Repository/Olusturma/Genel/Olusturma/TabloBasliklari"), 10): Found 13 web elements with id: 'Object Repository/Olusturma/Genel/Olusturma/TabloBasliklari' located by 'By.cssSelector: div#divmalhizmet .dxgvTable_LECustomTheme td.dxgvHeader_LECustomTheme tr>td:nth-child(1)' in '10' second(s)

2021-11-18 12:05:52 - [MESSAGE][INFO] - Finding Test Object 'Object Repository/Olusturma/Genel/Olusturma/TabloBasliklari'

2021-11-18 12:05:52 - [MESSAGE][INFO] - Checking timeout

2021-11-18 12:05:52 - [MESSAGE][INFO] - Finding web element with id: 'Object Repository/Olusturma/Genel/Olusturma/TabloBasliklari' located by 'By.cssSelector: div#divmalhizmet .dxgvTable_LECustomTheme td.dxgvHeader_LECustomTheme tr>td:nth-child(1)' in '10' second(s)

2021-11-18 12:05:52 - [MESSAGE][INFO] - Smart Wait Function is triggered

2021-11-18 12:05:54 - [MESSAGE][INFO] - Found 13 web elements with id: 'Object Repository/Olusturma/Genel/Olusturma/TabloBasliklari' located by 'By.cssSelector: div#divmalhizmet .dxgvTable_LECustomTheme td.dxgvHeader_LECustomTheme tr>td:nth-child(1)' in '10' second(s)

2021-11-18 12:05:54 - [TEST_STEP][PASSED] - for (def element : elements): null

2021-11-18 12:05:54 - [TEST_STEP][PASSED] - build().perform(): null

2021-11-18 12:05:54 - [TEST_STEP][PASSED] - if (getText().equals(Baslik)): null

2021-11-18 12:05:54 - [TEST_STEP][PASSED] - baslikElement = element.findElement(By.xpath("../../../..")): Smart Wait Function is triggered

2021-11-18 12:05:54 - [MESSAGE][INFO] - Smart Wait Function is triggered

2021-11-18 12:05:54 - [TEST_STEP][PASSED] - attr = baslikElement.getAttribute("id"): null

2021-11-18 12:05:54 - [TEST_STEP][PASSED] - println("girdi ve idsini aldı = " + attr): null

2021-11-18 12:05:54 - [TEST_STEP][PASSED] - break: null

2021-11-18 12:05:54 - [TEST_STEP][PASSED] - countElement = baslikElement.findElements(By.xpath("../td")): Smart Wait Function is triggered

2021-11-18 12:05:54 - [MESSAGE][INFO] - Smart Wait Function is triggered

2021-11-18 12:05:54 - [TEST_STEP][PASSED] - for (def element : countElement): null

2021-11-18 12:05:54 - [TEST_STEP][PASSED] - if (toString().equals(attr.toString())): null

2021-11-18 12:05:54 - [TEST_STEP][PASSED] - (a++): null

2021-11-18 12:05:54 - [TEST_STEP][PASSED] - if (toString().equals(attr.toString())): null

2021-11-18 12:05:54 - [TEST_STEP][PASSED] - break: null

2021-11-18 12:05:54 - [TEST_STEP][PASSED] - son = findWebElement(findTestObject("Object Repository/Olusturma/Genel/Olusturma/EklenenSatir")).findElement(By.xpath("td[@class='dxgvInlineEditCell_LECustomTheme dxgv'][" + a + "]//td[@class='dxic']/input")): Smart Wait Function is triggered

2021-11-18 12:05:54 - [MESSAGE][INFO] - Finding Test Object 'Object Repository/Olusturma/Genel/Olusturma/EklenenSatir'

2021-11-18 12:05:54 - [MESSAGE][INFO] - Finding web element from Test Object's properties

2021-11-18 12:05:54 - [MESSAGE][INFO] - Checking timeout

2021-11-18 12:05:54 - [MESSAGE][INFO] - Finding web element with id: 'Object Repository/Olusturma/Genel/Olusturma/EklenenSatir' located by 'By.cssSelector: #divmalhizmet .dxgvInlineEditRow_LECustomTheme' in '30' second(s)

2021-11-18 12:05:54 - [MESSAGE][INFO] - Smart Wait Function is triggered

2021-11-18 12:05:55 - [MESSAGE][INFO] - Found 1 web elements with id: 'Object Repository/Olusturma/Genel/Olusturma/EklenenSatir' located by 'By.cssSelector: #divmalhizmet .dxgvInlineEditRow_LECustomTheme' in '30' second(s)

2021-11-18 12:05:55 - [MESSAGE][INFO] - Smart Wait Function is triggered

2021-11-18 12:05:55 - [TEST_STEP][PASSED] - if (!(getAttribute("value").contains("Vkn"))): null

2021-11-18 12:05:55 - [TEST_STEP][PASSED] - son.clear(): null

2021-11-18 12:05:55 - [TEST_STEP][PASSED] - son.sendKeys(Deger): null

2021-11-18 12:05:55 - [MESSAGE][PASSED] - Call Test Case 'Test Cases/Olusturma/Genel/Olusturma' successfully

2021-11-18 12:05:55 - [MESSAGE][INFO] - Checking called Test Case

2021-11-18 12:05:55 - [MESSAGE][INFO] - Starting to call Test Case 'Test Cases/Olusturma/Genel/Olusturma'

2021-11-18 12:05:55 - [TEST_CASE][PASSED] - Test Cases/Olusturma/Genel/Olusturma: Test Cases/Olusturma/Genel/Olusturma

2021-11-18 12:05:55 - [TEST_STEP][PASSED] - driver = getWebDriver(): null

2021-11-18 12:05:55 - [TEST_STEP][PASSED] - action = new org.openqa.selenium.interactions.Actions(driver): null

2021-11-18 12:05:55 - [TEST_STEP][PASSED] - baslikElement = <not implemented yet for class: org.codehaus.groovy.ast.expr.EmptyExpression>: null

2021-11-18 12:05:55 - [TEST_STEP][PASSED] - sonElement = <not implemented yet for class: org.codehaus.groovy.ast.expr.EmptyExpression>: null

2021-11-18 12:05:55 - [TEST_STEP][PASSED] - attr = <not implemented yet for class: org.codehaus.groovy.ast.expr.EmptyExpression>: null

2021-11-18 12:05:55 - [TEST_STEP][PASSED] - a = 0: null

2021-11-18 12:05:55 - [TEST_STEP][PASSED] - elements = findWebElements(findTestObject("Object Repository/Olusturma/Genel/Olusturma/TabloBasliklari"), 10): Found 13 web elements with id: 'Object Repository/Olusturma/Genel/Olusturma/TabloBasliklari' located by 'By.cssSelector: div#divmalhizmet .dxgvTable_LECustomTheme td.dxgvHeader_LECustomTheme tr>td:nth-child(1)' in '10' second(s)

2021-11-18 12:05:55 - [MESSAGE][INFO] - Finding Test Object 'Object Repository/Olusturma/Genel/Olusturma/TabloBasliklari'

2021-11-18 12:05:55 - [MESSAGE][INFO] - Checking timeout

2021-11-18 12:05:55 - [MESSAGE][INFO] - Finding web element with id: 'Object Repository/Olusturma/Genel/Olusturma/TabloBasliklari' located by 'By.cssSelector: div#divmalhizmet .dxgvTable_LECustomTheme td.dxgvHeader_LECustomTheme tr>td:nth-child(1)' in '10' second(s)

2021-11-18 12:05:55 - [MESSAGE][INFO] - Smart Wait Function is triggered

2021-11-18 12:05:56 - [MESSAGE][INFO] - Found 13 web elements with id: 'Object Repository/Olusturma/Genel/Olusturma/TabloBasliklari' located by 'By.cssSelector: div#divmalhizmet .dxgvTable_LECustomTheme td.dxgvHeader_LECustomTheme tr>td:nth-child(1)' in '10' second(s)

2021-11-18 12:05:56 - [TEST_STEP][PASSED] - for (def element : elements): null

2021-11-18 12:05:56 - [TEST_STEP][PASSED] - build().perform(): null

2021-11-18 12:05:56 - [TEST_STEP][PASSED] - if (getText().equals(Baslik)): null

2021-11-18 12:05:56 - [TEST_STEP][PASSED] - build().perform(): null

2021-11-18 12:05:56 - [TEST_STEP][PASSED] - if (getText().equals(Baslik)): null

2021-11-18 12:05:56 - [TEST_STEP][PASSED] - baslikElement = element.findElement(By.xpath("../../../..")): Smart Wait Function is triggered

2021-11-18 12:05:56 - [MESSAGE][INFO] - Smart Wait Function is triggered

2021-11-18 12:05:56 - [TEST_STEP][PASSED] - attr = baslikElement.getAttribute("id"): null

2021-11-18 12:05:56 - [TEST_STEP][PASSED] - println("girdi ve idsini aldı = " + attr): null

2021-11-18 12:05:56 - [TEST_STEP][PASSED] - break: null

2021-11-18 12:05:56 - [TEST_STEP][PASSED] - countElement = baslikElement.findElements(By.xpath("../td")): Smart Wait Function is triggered

2021-11-18 12:05:56 - [MESSAGE][INFO] - Smart Wait Function is triggered

2021-11-18 12:05:57 - [TEST_STEP][PASSED] - for (def element : countElement): null

2021-11-18 12:05:57 - [TEST_STEP][PASSED] - if (toString().equals(attr.toString())): null

2021-11-18 12:05:57 - [TEST_STEP][PASSED] - (a++): null

2021-11-18 12:05:57 - [TEST_STEP][PASSED] - if (toString().equals(attr.toString())): null

2021-11-18 12:05:57 - [TEST_STEP][PASSED] - (a++): null

2021-11-18 12:05:57 - [TEST_STEP][PASSED] - if (toString().equals(attr.toString())): null

2021-11-18 12:05:57 - [TEST_STEP][PASSED] - break: null

2021-11-18 12:05:57 - [TEST_STEP][PASSED] - son = findWebElement(findTestObject("Object Repository/Olusturma/Genel/Olusturma/EklenenSatir")).findElement(By.xpath("td[@class='dxgvInlineEditCell_LECustomTheme dxgv'][" + a + "]//td[@class='dxic']/input")): Smart Wait Function is triggered

2021-11-18 12:05:57 - [MESSAGE][INFO] - Finding Test Object 'Object Repository/Olusturma/Genel/Olusturma/EklenenSatir'

2021-11-18 12:05:57 - [MESSAGE][INFO] - Finding web element from Test Object's properties

2021-11-18 12:05:57 - [MESSAGE][INFO] - Checking timeout

2021-11-18 12:05:57 - [MESSAGE][INFO] - Finding web element with id: 'Object Repository/Olusturma/Genel/Olusturma/EklenenSatir' located by 'By.cssSelector: #divmalhizmet .dxgvInlineEditRow_LECustomTheme' in '30' second(s)

2021-11-18 12:05:57 - [MESSAGE][INFO] - Smart Wait Function is triggered

2021-11-18 12:05:57 - [MESSAGE][INFO] - Found 1 web elements with id: 'Object Repository/Olusturma/Genel/Olusturma/EklenenSatir' located by 'By.cssSelector: #divmalhizmet .dxgvInlineEditRow_LECustomTheme' in '30' second(s)

2021-11-18 12:05:57 - [MESSAGE][INFO] - Smart Wait Function is triggered

2021-11-18 12:05:57 - [TEST_STEP][PASSED] - if (!(getAttribute("value").contains("Vkn"))): null

2021-11-18 12:05:57 - [TEST_STEP][PASSED] - son.clear(): null

2021-11-18 12:05:57 - [TEST_STEP][PASSED] - son.sendKeys(Deger): null

2021-11-18 12:05:58 - [MESSAGE][PASSED] - Call Test Case 'Test Cases/Olusturma/Genel/Olusturma' successfully

2021-11-18 12:05:58 - [MESSAGE][INFO] - Checking called Test Case

2021-11-18 12:05:58 - [MESSAGE][INFO] - Starting to call Test Case 'Test Cases/Olusturma/Genel/Olusturma'

2021-11-18 12:05:58 - [TEST_CASE][PASSED] - Test Cases/Olusturma/Genel/Olusturma: Test Cases/Olusturma/Genel/Olusturma

2021-11-18 12:05:58 - [TEST_STEP][PASSED] - driver = getWebDriver(): null

2021-11-18 12:05:58 - [TEST_STEP][PASSED] - action = new org.openqa.selenium.interactions.Actions(driver): null

2021-11-18 12:05:58 - [TEST_STEP][PASSED] - baslikElement = <not implemented yet for class: org.codehaus.groovy.ast.expr.EmptyExpression>: null

2021-11-18 12:05:58 - [TEST_STEP][PASSED] - sonElement = <not implemented yet for class: org.codehaus.groovy.ast.expr.EmptyExpression>: null

2021-11-18 12:05:58 - [TEST_STEP][PASSED] - attr = <not implemented yet for class: org.codehaus.groovy.ast.expr.EmptyExpression>: null

2021-11-18 12:05:58 - [TEST_STEP][PASSED] - a = 0: null

2021-11-18 12:05:58 - [TEST_STEP][PASSED] - elements = findWebElements(findTestObject("Object Repository/Olusturma/Genel/Olusturma/TabloBasliklari"), 10): Found 13 web elements with id: 'Object Repository/Olusturma/Genel/Olusturma/TabloBasliklari' located by 'By.cssSelector: div#divmalhizmet .dxgvTable_LECustomTheme td.dxgvHeader_LECustomTheme tr>td:nth-child(1)' in '10' second(s)

2021-11-18 12:05:58 - [MESSAGE][INFO] - Finding Test Object 'Object Repository/Olusturma/Genel/Olusturma/TabloBasliklari'

2021-11-18 12:05:58 - [MESSAGE][INFO] - Checking timeout

2021-11-18 12:05:58 - [MESSAGE][INFO] - Finding web element with id: 'Object Repository/Olusturma/Genel/Olusturma/TabloBasliklari' located by 'By.cssSelector: div#divmalhizmet .dxgvTable_LECustomTheme td.dxgvHeader_LECustomTheme tr>td:nth-child(1)' in '10' second(s)

2021-11-18 12:05:58 - [MESSAGE][INFO] - Smart Wait Function is triggered

2021-11-18 12:05:58 - [MESSAGE][INFO] - Found 13 web elements with id: 'Object Repository/Olusturma/Genel/Olusturma/TabloBasliklari' located by 'By.cssSelector: div#divmalhizmet .dxgvTable_LECustomTheme td.dxgvHeader_LECustomTheme tr>td:nth-child(1)' in '10' second(s)

2021-11-18 12:05:58 - [TEST_STEP][PASSED] - for (def element : elements): null

2021-11-18 12:05:58 - [TEST_STEP][PASSED] - build().perform(): null

2021-11-18 12:05:58 - [TEST_STEP][PASSED] - if (getText().equals(Baslik)): null

2021-11-18 12:05:58 - [TEST_STEP][PASSED] - build().perform(): null

2021-11-18 12:05:58 - [TEST_STEP][PASSED] - if (getText().equals(Baslik)): null

2021-11-18 12:05:58 - [TEST_STEP][PASSED] - build().perform(): null

2021-11-18 12:05:58 - [TEST_STEP][PASSED] - if (getText().equals(Baslik)): null

2021-11-18 12:05:58 - [TEST_STEP][PASSED] - build().perform(): null

2021-11-18 12:05:59 - [TEST_STEP][PASSED] - if (getText().equals(Baslik)): null

2021-11-18 12:05:59 - [TEST_STEP][PASSED] - baslikElement = element.findElement(By.xpath("../../../..")): Smart Wait Function is triggered

2021-11-18 12:05:59 - [MESSAGE][INFO] - Smart Wait Function is triggered

2021-11-18 12:05:59 - [TEST_STEP][PASSED] - attr = baslikElement.getAttribute("id"): null

2021-11-18 12:05:59 - [TEST_STEP][PASSED] - println("girdi ve idsini aldı = " + attr): null

2021-11-18 12:05:59 - [TEST_STEP][PASSED] - break: null

2021-11-18 12:05:59 - [TEST_STEP][PASSED] - countElement = baslikElement.findElements(By.xpath("../td")): Smart Wait Function is triggered

2021-11-18 12:05:59 - [MESSAGE][INFO] - Smart Wait Function is triggered

2021-11-18 12:05:59 - [TEST_STEP][PASSED] - for (def element : countElement): null

2021-11-18 12:05:59 - [TEST_STEP][PASSED] - if (toString().equals(attr.toString())): null

2021-11-18 12:05:59 - [TEST_STEP][PASSED] - (a++): null

2021-11-18 12:05:59 - [TEST_STEP][PASSED] - if (toString().equals(attr.toString())): null

2021-11-18 12:05:59 - [TEST_STEP][PASSED] - (a++): null

2021-11-18 12:05:59 - [TEST_STEP][PASSED] - if (toString().equals(attr.toString())): null

2021-11-18 12:05:59 - [TEST_STEP][PASSED] - (a++): null

2021-11-18 12:05:59 - [TEST_STEP][PASSED] - if (toString().equals(attr.toString())): null

2021-11-18 12:05:59 - [TEST_STEP][PASSED] - (a++): null

2021-11-18 12:05:59 - [TEST_STEP][PASSED] - if (toString().equals(attr.toString())): null

2021-11-18 12:05:59 - [TEST_STEP][PASSED] - break: null

2021-11-18 12:05:59 - [TEST_STEP][PASSED] - son = findWebElement(findTestObject("Object Repository/Olusturma/Genel/Olusturma/EklenenSatir")).findElement(By.xpath("td[@class='dxgvInlineEditCell_LECustomTheme dxgv'][" + a + "]//td[@class='dxic']/input")): Smart Wait Function is triggered

2021-11-18 12:05:59 - [MESSAGE][INFO] - Finding Test Object 'Object Repository/Olusturma/Genel/Olusturma/EklenenSatir'

2021-11-18 12:05:59 - [MESSAGE][INFO] - Finding web element from Test Object's properties

2021-11-18 12:05:59 - [MESSAGE][INFO] - Checking timeout

2021-11-18 12:05:59 - [MESSAGE][INFO] - Finding web element with id: 'Object Repository/Olusturma/Genel/Olusturma/EklenenSatir' located by 'By.cssSelector: #divmalhizmet .dxgvInlineEditRow_LECustomTheme' in '30' second(s)

2021-11-18 12:05:59 - [MESSAGE][INFO] - Smart Wait Function is triggered

2021-11-18 12:06:00 - [MESSAGE][INFO] - Found 1 web elements with id: 'Object Repository/Olusturma/Genel/Olusturma/EklenenSatir' located by 'By.cssSelector: #divmalhizmet .dxgvInlineEditRow_LECustomTheme' in '30' second(s)

2021-11-18 12:06:00 - [MESSAGE][INFO] - Smart Wait Function is triggered

2021-11-18 12:06:00 - [TEST_STEP][PASSED] - if (!(getAttribute("value").contains("Vkn"))): null

2021-11-18 12:06:00 - [TEST_STEP][PASSED] - son.clear(): null

2021-11-18 12:06:00 - [TEST_STEP][PASSED] - son.sendKeys(Deger): null

2021-11-18 12:06:00 - [MESSAGE][PASSED] - Call Test Case 'Test Cases/Olusturma/Genel/Olusturma' successfully

2021-11-18 12:06:00 - [MESSAGE][INFO] - Checking called Test Case

2021-11-18 12:06:00 - [MESSAGE][INFO] - Starting to call Test Case 'Test Cases/Olusturma/Genel/Olusturma'

2021-11-18 12:06:00 - [TEST_CASE][PASSED] - Test Cases/Olusturma/Genel/Olusturma: Test Cases/Olusturma/Genel/Olusturma

2021-11-18 12:06:00 - [TEST_STEP][PASSED] - driver = getWebDriver(): null

2021-11-18 12:06:00 - [TEST_STEP][PASSED] - action = new org.openqa.selenium.interactions.Actions(driver): null

2021-11-18 12:06:00 - [TEST_STEP][PASSED] - baslikElement = <not implemented yet for class: org.codehaus.groovy.ast.expr.EmptyExpression>: null

2021-11-18 12:06:00 - [TEST_STEP][PASSED] - sonElement = <not implemented yet for class: org.codehaus.groovy.ast.expr.EmptyExpression>: null

2021-11-18 12:06:00 - [TEST_STEP][PASSED] - attr = <not implemented yet for class: org.codehaus.groovy.ast.expr.EmptyExpression>: null

2021-11-18 12:06:00 - [TEST_STEP][PASSED] - a = 0: null

2021-11-18 12:06:00 - [TEST_STEP][PASSED] - elements = findWebElements(findTestObject("Object Repository/Olusturma/Genel/Olusturma/TabloBasliklari"), 10): Found 13 web elements with id: 'Object Repository/Olusturma/Genel/Olusturma/TabloBasliklari' located by 'By.cssSelector: div#divmalhizmet .dxgvTable_LECustomTheme td.dxgvHeader_LECustomTheme tr>td:nth-child(1)' in '10' second(s)

2021-11-18 12:06:00 - [MESSAGE][INFO] - Finding Test Object 'Object Repository/Olusturma/Genel/Olusturma/TabloBasliklari'

2021-11-18 12:06:00 - [MESSAGE][INFO] - Checking timeout

2021-11-18 12:06:00 - [MESSAGE][INFO] - Finding web element with id: 'Object Repository/Olusturma/Genel/Olusturma/TabloBasliklari' located by 'By.cssSelector: div#divmalhizmet .dxgvTable_LECustomTheme td.dxgvHeader_LECustomTheme tr>td:nth-child(1)' in '10' second(s)

2021-11-18 12:06:00 - [MESSAGE][INFO] - Smart Wait Function is triggered

2021-11-18 12:06:01 - [MESSAGE][INFO] - Found 13 web elements with id: 'Object Repository/Olusturma/Genel/Olusturma/TabloBasliklari' located by 'By.cssSelector: div#divmalhizmet .dxgvTable_LECustomTheme td.dxgvHeader_LECustomTheme tr>td:nth-child(1)' in '10' second(s)

2021-11-18 12:06:01 - [TEST_STEP][PASSED] - for (def element : elements): null

2021-11-18 12:06:01 - [TEST_STEP][PASSED] - build().perform(): null

2021-11-18 12:06:01 - [TEST_STEP][PASSED] - if (getText().equals(Baslik)): null

2021-11-18 12:06:01 - [TEST_STEP][PASSED] - build().perform(): null

2021-11-18 12:06:01 - [TEST_STEP][PASSED] - if (getText().equals(Baslik)): null

2021-11-18 12:06:01 - [TEST_STEP][PASSED] - build().perform(): null

2021-11-18 12:06:01 - [TEST_STEP][PASSED] - if (getText().equals(Baslik)): null

2021-11-18 12:06:01 - [TEST_STEP][PASSED] - build().perform(): null

2021-11-18 12:06:01 - [TEST_STEP][PASSED] - if (getText().equals(Baslik)): null

2021-11-18 12:06:01 - [TEST_STEP][PASSED] - build().perform(): null

2021-11-18 12:06:01 - [TEST_STEP][PASSED] - if (getText().equals(Baslik)): null

2021-11-18 12:06:01 - [TEST_STEP][PASSED] - build().perform(): null

2021-11-18 12:06:01 - [TEST_STEP][PASSED] - if (getText().equals(Baslik)): null

2021-11-18 12:06:01 - [TEST_STEP][PASSED] - baslikElement = element.findElement(By.xpath("../../../..")): Smart Wait Function is triggered

2021-11-18 12:06:01 - [MESSAGE][INFO] - Smart Wait Function is triggered

2021-11-18 12:06:02 - [TEST_STEP][PASSED] - attr = baslikElement.getAttribute("id"): null

2021-11-18 12:06:02 - [TEST_STEP][PASSED] - println("girdi ve idsini aldı = " + attr): null

2021-11-18 12:06:02 - [TEST_STEP][PASSED] - break: null

2021-11-18 12:06:02 - [TEST_STEP][PASSED] - countElement = baslikElement.findElements(By.xpath("../td")): Smart Wait Function is triggered

2021-11-18 12:06:02 - [MESSAGE][INFO] - Smart Wait Function is triggered

2021-11-18 12:06:02 - [TEST_STEP][PASSED] - for (def element : countElement): null

2021-11-18 12:06:02 - [TEST_STEP][PASSED] - if (toString().equals(attr.toString())): null

2021-11-18 12:06:02 - [TEST_STEP][PASSED] - (a++): null

2021-11-18 12:06:02 - [TEST_STEP][PASSED] - if (toString().equals(attr.toString())): null

2021-11-18 12:06:02 - [TEST_STEP][PASSED] - (a++): null

2021-11-18 12:06:02 - [TEST_STEP][PASSED] - if (toString().equals(attr.toString())): null

2021-11-18 12:06:02 - [TEST_STEP][PASSED] - (a++): null

2021-11-18 12:06:02 - [TEST_STEP][PASSED] - if (toString().equals(attr.toString())): null

2021-11-18 12:06:02 - [TEST_STEP][PASSED] - (a++): null

2021-11-18 12:06:02 - [TEST_STEP][PASSED] - if (toString().equals(attr.toString())): null

2021-11-18 12:06:02 - [TEST_STEP][PASSED] - (a++): null

2021-11-18 12:06:02 - [TEST_STEP][PASSED] - if (toString().equals(attr.toString())): null

2021-11-18 12:06:02 - [TEST_STEP][PASSED] - (a++): null

2021-11-18 12:06:02 - [TEST_STEP][PASSED] - if (toString().equals(attr.toString())): null

2021-11-18 12:06:02 - [TEST_STEP][PASSED] - break: null

2021-11-18 12:06:02 - [TEST_STEP][PASSED] - son = findWebElement(findTestObject("Object Repository/Olusturma/Genel/Olusturma/EklenenSatir")).findElement(By.xpath("td[@class='dxgvInlineEditCell_LECustomTheme dxgv'][" + a + "]//td[@class='dxic']/input")): Smart Wait Function is triggered

2021-11-18 12:06:02 - [MESSAGE][INFO] - Finding Test Object 'Object Repository/Olusturma/Genel/Olusturma/EklenenSatir'

2021-11-18 12:06:02 - [MESSAGE][INFO] - Finding web element from Test Object's properties

2021-11-18 12:06:02 - [MESSAGE][INFO] - Checking timeout

2021-11-18 12:06:02 - [MESSAGE][INFO] - Finding web element with id: 'Object Repository/Olusturma/Genel/Olusturma/EklenenSatir' located by 'By.cssSelector: #divmalhizmet .dxgvInlineEditRow_LECustomTheme' in '30' second(s)

2021-11-18 12:06:02 - [MESSAGE][INFO] - Smart Wait Function is triggered

2021-11-18 12:06:03 - [MESSAGE][INFO] - Found 1 web elements with id: 'Object Repository/Olusturma/Genel/Olusturma/EklenenSatir' located by 'By.cssSelector: #divmalhizmet .dxgvInlineEditRow_LECustomTheme' in '30' second(s)

2021-11-18 12:06:03 - [MESSAGE][INFO] - Smart Wait Function is triggered

2021-11-18 12:06:03 - [TEST_STEP][PASSED] - if (!(getAttribute("value").contains("Vkn"))): null

2021-11-18 12:06:03 - [TEST_STEP][PASSED] - son.clear(): null

2021-11-18 12:06:03 - [TEST_STEP][PASSED] - son.sendKeys(Deger): null

2021-11-18 12:06:03 - [MESSAGE][PASSED] - Call Test Case 'Test Cases/Olusturma/Genel/Olusturma' successfully

2021-11-18 12:06:03 - [MESSAGE][INFO] - Checking called Test Case

2021-11-18 12:06:03 - [MESSAGE][INFO] - Starting to call Test Case 'Test Cases/Olusturma/Genel/Olusturma'

2021-11-18 12:06:03 - [TEST_CASE][PASSED] - Test Cases/Olusturma/Genel/Olusturma: Test Cases/Olusturma/Genel/Olusturma

2021-11-18 12:06:03 - [TEST_STEP][PASSED] - driver = getWebDriver(): null

2021-11-18 12:06:03 - [TEST_STEP][PASSED] - action = new org.openqa.selenium.interactions.Actions(driver): null

2021-11-18 12:06:03 - [TEST_STEP][PASSED] - baslikElement = <not implemented yet for class: org.codehaus.groovy.ast.expr.EmptyExpression>: null

2021-11-18 12:06:03 - [TEST_STEP][PASSED] - sonElement = <not implemented yet for class: org.codehaus.groovy.ast.expr.EmptyExpression>: null

2021-11-18 12:06:03 - [TEST_STEP][PASSED] - attr = <not implemented yet for class: org.codehaus.groovy.ast.expr.EmptyExpression>: null

2021-11-18 12:06:03 - [TEST_STEP][PASSED] - a = 0: null

2021-11-18 12:06:03 - [TEST_STEP][PASSED] - elements = findWebElements(findTestObject("Object Repository/Olusturma/Genel/Olusturma/TabloBasliklari"), 10): Found 13 web elements with id: 'Object Repository/Olusturma/Genel/Olusturma/TabloBasliklari' located by 'By.cssSelector: div#divmalhizmet .dxgvTable_LECustomTheme td.dxgvHeader_LECustomTheme tr>td:nth-child(1)' in '10' second(s)

2021-11-18 12:06:03 - [MESSAGE][INFO] - Finding Test Object 'Object Repository/Olusturma/Genel/Olusturma/TabloBasliklari'

2021-11-18 12:06:03 - [MESSAGE][INFO] - Checking timeout

2021-11-18 12:06:03 - [MESSAGE][INFO] - Finding web element with id: 'Object Repository/Olusturma/Genel/Olusturma/TabloBasliklari' located by 'By.cssSelector: div#divmalhizmet .dxgvTable_LECustomTheme td.dxgvHeader_LECustomTheme tr>td:nth-child(1)' in '10' second(s)

2021-11-18 12:06:03 - [MESSAGE][INFO] - Smart Wait Function is triggered

2021-11-18 12:06:04 - [MESSAGE][INFO] - Found 13 web elements with id: 'Object Repository/Olusturma/Genel/Olusturma/TabloBasliklari' located by 'By.cssSelector: div#divmalhizmet .dxgvTable_LECustomTheme td.dxgvHeader_LECustomTheme tr>td:nth-child(1)' in '10' second(s)

2021-11-18 12:06:04 - [TEST_STEP][PASSED] - for (def element : elements): null

2021-11-18 12:06:04 - [TEST_STEP][PASSED] - build().perform(): null

2021-11-18 12:06:04 - [TEST_STEP][PASSED] - if (getText().equals(Baslik)): null

2021-11-18 12:06:04 - [TEST_STEP][PASSED] - build().perform(): null

2021-11-18 12:06:04 - [TEST_STEP][PASSED] - if (getText().equals(Baslik)): null

2021-11-18 12:06:04 - [TEST_STEP][PASSED] - build().perform(): null

2021-11-18 12:06:04 - [TEST_STEP][PASSED] - if (getText().equals(Baslik)): null

2021-11-18 12:06:04 - [TEST_STEP][PASSED] - build().perform(): null

2021-11-18 12:06:04 - [TEST_STEP][PASSED] - if (getText().equals(Baslik)): null

2021-11-18 12:06:04 - [TEST_STEP][PASSED] - build().perform(): null

2021-11-18 12:06:04 - [TEST_STEP][PASSED] - if (getText().equals(Baslik)): null

2021-11-18 12:06:04 - [TEST_STEP][PASSED] - build().perform(): null

2021-11-18 12:06:04 - [TEST_STEP][PASSED] - if (getText().equals(Baslik)): null

2021-11-18 12:06:04 - [TEST_STEP][PASSED] - build().perform(): null

2021-11-18 12:06:05 - [TEST_STEP][PASSED] - if (getText().equals(Baslik)): null

2021-11-18 12:06:05 - [TEST_STEP][PASSED] - baslikElement = element.findElement(By.xpath("../../../..")): Smart Wait Function is triggered

2021-11-18 12:06:05 - [MESSAGE][INFO] - Smart Wait Function is triggered

2021-11-18 12:06:05 - [TEST_STEP][PASSED] - attr = baslikElement.getAttribute("id"): null

2021-11-18 12:06:05 - [TEST_STEP][PASSED] - println("girdi ve idsini aldı = " + attr): null

2021-11-18 12:06:05 - [TEST_STEP][PASSED] - break: null

2021-11-18 12:06:05 - [TEST_STEP][PASSED] - countElement = baslikElement.findElements(By.xpath("../td")): Smart Wait Function is triggered

2021-11-18 12:06:05 - [MESSAGE][INFO] - Smart Wait Function is triggered

2021-11-18 12:06:05 - [TEST_STEP][PASSED] - for (def element : countElement): null

2021-11-18 12:06:05 - [TEST_STEP][PASSED] - if (toString().equals(attr.toString())): null

2021-11-18 12:06:05 - [TEST_STEP][PASSED] - (a++): null

2021-11-18 12:06:05 - [TEST_STEP][PASSED] - if (toString().equals(attr.toString())): null

2021-11-18 12:06:05 - [TEST_STEP][PASSED] - (a++): null

2021-11-18 12:06:05 - [TEST_STEP][PASSED] - if (toString().equals(attr.toString())): null

2021-11-18 12:06:05 - [TEST_STEP][PASSED] - (a++): null

2021-11-18 12:06:05 - [TEST_STEP][PASSED] - if (toString().equals(attr.toString())): null

2021-11-18 12:06:05 - [TEST_STEP][PASSED] - (a++): null

2021-11-18 12:06:05 - [TEST_STEP][PASSED] - if (toString().equals(attr.toString())): null

2021-11-18 12:06:05 - [TEST_STEP][PASSED] - (a++): null

2021-11-18 12:06:05 - [TEST_STEP][PASSED] - if (toString().equals(attr.toString())): null

2021-11-18 12:06:05 - [TEST_STEP][PASSED] - (a++): null

2021-11-18 12:06:05 - [TEST_STEP][PASSED] - if (toString().equals(attr.toString())): null

2021-11-18 12:06:05 - [TEST_STEP][PASSED] - (a++): null

2021-11-18 12:06:05 - [TEST_STEP][PASSED] - if (toString().equals(attr.toString())): null

2021-11-18 12:06:05 - [TEST_STEP][PASSED] - break: null

2021-11-18 12:06:05 - [TEST_STEP][PASSED] - son = findWebElement(findTestObject("Object Repository/Olusturma/Genel/Olusturma/EklenenSatir")).findElement(By.xpath("td[@class='dxgvInlineEditCell_LECustomTheme dxgv'][" + a + "]//td[@class='dxic']/input")): Smart Wait Function is triggered

2021-11-18 12:06:05 - [MESSAGE][INFO] - Finding Test Object 'Object Repository/Olusturma/Genel/Olusturma/EklenenSatir'

2021-11-18 12:06:05 - [MESSAGE][INFO] - Finding web element from Test Object's properties

2021-11-18 12:06:05 - [MESSAGE][INFO] - Checking timeout

2021-11-18 12:06:05 - [MESSAGE][INFO] - Finding web element with id: 'Object Repository/Olusturma/Genel/Olusturma/EklenenSatir' located by 'By.cssSelector: #divmalhizmet .dxgvInlineEditRow_LECustomTheme' in '30' second(s)

2021-11-18 12:06:05 - [MESSAGE][INFO] - Smart Wait Function is triggered

2021-11-18 12:06:06 - [MESSAGE][INFO] - Found 1 web elements with id: 'Object Repository/Olusturma/Genel/Olusturma/EklenenSatir' located by 'By.cssSelector: #divmalhizmet .dxgvInlineEditRow_LECustomTheme' in '30' second(s)

2021-11-18 12:06:06 - [MESSAGE][INFO] - Smart Wait Function is triggered

2021-11-18 12:06:06 - [TEST_STEP][PASSED] - if (!(getAttribute("value").contains("Vkn"))): null

2021-11-18 12:06:06 - [TEST_STEP][PASSED] - son.clear(): null

2021-11-18 12:06:06 - [TEST_STEP][PASSED] - son.sendKeys(Deger): null

2021-11-18 12:06:06 - [MESSAGE][PASSED] - Call Test Case 'Test Cases/Olusturma/Genel/Olusturma' successfully

2021-11-18 12:06:06 - [MESSAGE][INFO] - Checking called Test Case

2021-11-18 12:06:06 - [MESSAGE][INFO] - Starting to call Test Case 'Test Cases/Olusturma/Genel/NotGirilir'

2021-11-18 12:06:06 - [TEST_CASE][PASSED] - Test Cases/Olusturma/Genel/NotGirilir: Test Cases/Olusturma/Genel/NotGirilir

2021-11-18 12:06:06 - [TEST_STEP][PASSED] - i = 0: null

2021-11-18 12:06:06 - [TEST_STEP][PASSED] - waitForElementClickable(findTestObject("Olusturma/Genel/Not/Notlar"), 10): Object 'Object Repository/Olusturma/Genel/Not/Notlar' is clickable

2021-11-18 12:06:06 - [MESSAGE][INFO] - Finding Test Object 'Object Repository/Olusturma/Genel/Not/Notlar'

2021-11-18 12:06:06 - [MESSAGE][INFO] - Checking object

2021-11-18 12:06:06 - [MESSAGE][INFO] - Checking timeout

2021-11-18 12:06:06 - [MESSAGE][INFO] - Finding web element from Test Object's properties

2021-11-18 12:06:06 - [MESSAGE][INFO] - Checking timeout

2021-11-18 12:06:06 - [MESSAGE][INFO] - Finding web element with id: 'Object Repository/Olusturma/Genel/Not/Notlar' located by 'By.xpath: //*[@id = 'txtNote_I']' in '10' second(s)

2021-11-18 12:06:06 - [MESSAGE][INFO] - Smart Wait Function is triggered

2021-11-18 12:06:07 - [MESSAGE][INFO] - Found 1 web elements with id: 'Object Repository/Olusturma/Genel/Not/Notlar' located by 'By.xpath: //*[@id = 'txtNote_I']' in '10' second(s)

2021-11-18 12:06:07 - [MESSAGE][PASSED] - Object 'Object Repository/Olusturma/Genel/Not/Notlar' is clickable

2021-11-18 12:06:07 - [TEST_STEP][PASSED] - clearText(findTestObject("Olusturma/Genel/Not/Notlar")): Text of object 'Object Repository/Olusturma/Genel/Not/Notlar' is cleared

2021-11-18 12:06:07 - [MESSAGE][INFO] - Finding Test Object 'Object Repository/Olusturma/Genel/Not/Notlar'

2021-11-18 12:06:07 - [MESSAGE][INFO] - Checking object

2021-11-18 12:06:07 - [MESSAGE][INFO] - Finding web element from Test Object's properties

2021-11-18 12:06:07 - [MESSAGE][INFO] - Checking timeout

2021-11-18 12:06:07 - [MESSAGE][INFO] - Finding web element with id: 'Object Repository/Olusturma/Genel/Not/Notlar' located by 'By.xpath: //*[@id = 'txtNote_I']' in '30' second(s)

2021-11-18 12:06:07 - [MESSAGE][INFO] - Smart Wait Function is triggered

2021-11-18 12:06:07 - [MESSAGE][INFO] - Found 1 web elements with id: 'Object Repository/Olusturma/Genel/Not/Notlar' located by 'By.xpath: //*[@id = 'txtNote_I']' in '30' second(s)

2021-11-18 12:06:07 - [MESSAGE][INFO] - Clearing text of object 'Object Repository/Olusturma/Genel/Not/Notlar'

2021-11-18 12:06:07 - [MESSAGE][PASSED] - Text of object 'Object Repository/Olusturma/Genel/Not/Notlar' is cleared

2021-11-18 12:06:07 - [TEST_STEP][PASSED] - click(findTestObject("Olusturma/Genel/Not/Notlar")): Object: 'Object Repository/Olusturma/Genel/Not/Notlar' is clicked on

2021-11-18 12:06:07 - [MESSAGE][INFO] - Finding Test Object 'Object Repository/Olusturma/Genel/Not/Notlar'

2021-11-18 12:06:07 - [MESSAGE][INFO] - Checking object

2021-11-18 12:06:07 - [MESSAGE][INFO] - Finding web element from Test Object's properties

2021-11-18 12:06:07 - [MESSAGE][INFO] - Checking timeout

2021-11-18 12:06:07 - [MESSAGE][INFO] - Finding web element with id: 'Object Repository/Olusturma/Genel/Not/Notlar' located by 'By.xpath: //*[@id = 'txtNote_I']' in '30' second(s)

2021-11-18 12:06:07 - [MESSAGE][INFO] - Smart Wait Function is triggered

2021-11-18 12:06:07 - [MESSAGE][INFO] - Found 1 web elements with id: 'Object Repository/Olusturma/Genel/Not/Notlar' located by 'By.xpath: //*[@id = 'txtNote_I']' in '30' second(s)

2021-11-18 12:06:07 - [MESSAGE][INFO] - Clicking on object: 'Object Repository/Olusturma/Genel/Not/Notlar'

2021-11-18 12:06:07 - [MESSAGE][PASSED] - Object: 'Object Repository/Olusturma/Genel/Not/Notlar' is clicked on

2021-11-18 12:06:07 - [TEST_STEP][PASSED] - while (true): null

2021-11-18 12:06:07 - [TEST_STEP][PASSED] - delay(1): Delayed 1 second(s)

2021-11-18 12:06:07 - [MESSAGE][INFO] - Delaying browser in 1 second(s)

2021-11-18 12:06:08 - [MESSAGE][PASSED] - Delayed 1 second(s)

2021-11-18 12:06:08 - [TEST_STEP][PASSED] - ajaxIsComplete = executeJavaScript("return jQuery.active == 0", null): Execute JavaScript 'return jQuery.active == 0' successfully

2021-11-18 12:06:08 - [MESSAGE][PASSED] - Execute JavaScript 'return jQuery.active == 0' successfully

2021-11-18 12:06:08 - [TEST_STEP][PASSED] - if (ajaxIsComplete): null

2021-11-18 12:06:08 - [TEST_STEP][PASSED] - break: null

2021-11-18 12:06:08 - [TEST_STEP][PASSED] - sendKeys(findTestObject("Olusturma/Genel/Not/Notlar"), Not): Keys 'Otomasyon Not' sent to object: 'Object Repository/Olusturma/Genel/Not/Notlar'

2021-11-18 12:06:08 - [MESSAGE][INFO] - Finding Test Object 'Object Repository/Olusturma/Genel/Not/Notlar'

2021-11-18 12:06:09 - [MESSAGE][INFO] - Sending keys 'Otomasyon Not' to object: 'Object Repository/Olusturma/Genel/Not/Notlar'

2021-11-18 12:06:09 - [MESSAGE][INFO] - Finding web element from Test Object's properties

2021-11-18 12:06:09 - [MESSAGE][INFO] - Checking timeout

2021-11-18 12:06:09 - [MESSAGE][INFO] - Finding web element with id: 'Object Repository/Olusturma/Genel/Not/Notlar' located by 'By.xpath: //*[@id = 'txtNote_I']' in '30' second(s)

2021-11-18 12:06:09 - [MESSAGE][INFO] - Smart Wait Function is triggered

2021-11-18 12:06:09 - [MESSAGE][INFO] - Found 1 web elements with id: 'Object Repository/Olusturma/Genel/Not/Notlar' located by 'By.xpath: //*[@id = 'txtNote_I']' in '30' second(s)

2021-11-18 12:06:09 - [MESSAGE][PASSED] - Keys 'Otomasyon Not' sent to object: 'Object Repository/Olusturma/Genel/Not/Notlar'

2021-11-18 12:06:09 - [MESSAGE][PASSED] - Call Test Case 'Test Cases/Olusturma/Genel/NotGirilir' successfully

2021-11-18 12:06:09 - [MESSAGE][INFO] - Checking called Test Case

2021-11-18 12:06:09 - [MESSAGE][INFO] - Starting to call Test Case 'Test Cases/Olusturma/Genel/EttnBilgisiKayitEdilir'

2021-11-18 12:06:09 - [TEST_CASE][PASSED] - Test Cases/Olusturma/Genel/EttnBilgisiKayitEdilir: Test Cases/Olusturma/Genel/EttnBilgisiKayitEdilir

2021-11-18 12:06:09 - [TEST_STEP][PASSED] - verifyElementPresent(findTestObject("Object Repository/Olusturma/Genel/Olusturma/eArsivEttnBilgisi"), 7): Object 'Object Repository/Olusturma/Genel/Olusturma/eArsivEttnBilgisi' is present

2021-11-18 12:06:09 - [MESSAGE][INFO] - Finding Test Object 'Object Repository/Olusturma/Genel/Olusturma/eArsivEttnBilgisi'

2021-11-18 12:06:09 - [MESSAGE][INFO] - Checking object

2021-11-18 12:06:09 - [MESSAGE][INFO] - Finding web element from Test Object's properties

2021-11-18 12:06:09 - [MESSAGE][INFO] - Checking timeout

2021-11-18 12:06:09 - [MESSAGE][INFO] - Finding web element with id: 'Object Repository/Olusturma/Genel/Olusturma/eArsivEttnBilgisi' located by 'By.xpath: //*[@id = 'Uuid_I']' in '7' second(s)

2021-11-18 12:06:09 - [MESSAGE][INFO] - Smart Wait Function is triggered

2021-11-18 12:06:09 - [MESSAGE][INFO] - Found 1 web elements with id: 'Object Repository/Olusturma/Genel/Olusturma/eArsivEttnBilgisi' located by 'By.xpath: //*[@id = 'Uuid_I']' in '7' second(s)

2021-11-18 12:06:09 - [MESSAGE][PASSED] - Object 'Object Repository/Olusturma/Genel/Olusturma/eArsivEttnBilgisi' is present

2021-11-18 12:06:09 - [TEST_STEP][PASSED] - ettn = getAttribute(findTestObject("Object Repository/Olusturma/Genel/Olusturma/eArsivEttnBilgisi"), "value"): Attribute 'value' of object 'Object Repository/Olusturma/Genel/Olusturma/eArsivEttnBilgisi' is: '425eab64-57a9-4dc8-8b55-efab2d1646e2'

2021-11-18 12:06:09 - [MESSAGE][INFO] - Finding Test Object 'Object Repository/Olusturma/Genel/Olusturma/eArsivEttnBilgisi'

2021-11-18 12:06:09 - [MESSAGE][INFO] - Checking object

2021-11-18 12:06:09 - [MESSAGE][INFO] - Checking attribute

2021-11-18 12:06:09 - [MESSAGE][INFO] - Finding web element from Test Object's properties

2021-11-18 12:06:09 - [MESSAGE][INFO] - Checking timeout

2021-11-18 12:06:09 - [MESSAGE][INFO] - Finding web element with id: 'Object Repository/Olusturma/Genel/Olusturma/eArsivEttnBilgisi' located by 'By.xpath: //*[@id = 'Uuid_I']' in '30' second(s)

2021-11-18 12:06:09 - [MESSAGE][INFO] - Smart Wait Function is triggered

2021-11-18 12:06:10 - [MESSAGE][INFO] - Found 1 web elements with id: 'Object Repository/Olusturma/Genel/Olusturma/eArsivEttnBilgisi' located by 'By.xpath: //*[@id = 'Uuid_I']' in '30' second(s)

2021-11-18 12:06:10 - [MESSAGE][INFO] - Getting attribute 'value' of object 'Object Repository/Olusturma/Genel/Olusturma/eArsivEttnBilgisi'

2021-11-18 12:06:10 - [MESSAGE][PASSED] - Attribute 'value' of object 'Object Repository/Olusturma/Genel/Olusturma/eArsivEttnBilgisi' is: '425eab64-57a9-4dc8-8b55-efab2d1646e2'

2021-11-18 12:06:10 - [MESSAGE][PASSED] - Call Test Case 'Test Cases/Olusturma/Genel/EttnBilgisiKayitEdilir' successfully

2021-11-18 12:06:10 - [MESSAGE][INFO] - Checking called Test Case

2021-11-18 12:06:10 - [MESSAGE][INFO] - Starting to call Test Case 'Test Cases/Olusturma/Genel/KaydetButonunaTiklanir'

2021-11-18 12:06:10 - [TEST_CASE][PASSED] - Test Cases/Olusturma/Genel/KaydetButonunaTiklanir: Test Cases/Olusturma/Genel/KaydetButonunaTiklanir

2021-11-18 12:06:10 - [TEST_STEP][PASSED] - i = 0: null

2021-11-18 12:06:10 - [TEST_STEP][PASSED] - waitForElementPresent(findTestObject("Olusturma/Genel/Not/Notlar"), 10): Object 'Object Repository/Olusturma/Genel/Not/Notlar' is present

2021-11-18 12:06:10 - [MESSAGE][INFO] - Finding Test Object 'Object Repository/Olusturma/Genel/Not/Notlar'

2021-11-18 12:06:10 - [MESSAGE][INFO] - Checking object

2021-11-18 12:06:10 - [MESSAGE][INFO] - Finding web element from Test Object's properties

2021-11-18 12:06:10 - [MESSAGE][INFO] - Checking timeout

2021-11-18 12:06:10 - [MESSAGE][INFO] - Finding web element with id: 'Object Repository/Olusturma/Genel/Not/Notlar' located by 'By.xpath: //*[@id = 'txtNote_I']' in '10' second(s)

2021-11-18 12:06:10 - [MESSAGE][INFO] - Smart Wait Function is triggered

2021-11-18 12:06:10 - [MESSAGE][INFO] - Found 1 web elements with id: 'Object Repository/Olusturma/Genel/Not/Notlar' located by 'By.xpath: //*[@id = 'txtNote_I']' in '10' second(s)

2021-11-18 12:06:10 - [MESSAGE][PASSED] - Object 'Object Repository/Olusturma/Genel/Not/Notlar' is present

2021-11-18 12:06:10 - [TEST_STEP][PASSED] - click(findTestObject("Olusturma/Genel/Not/Notlar")): Object: 'Object Repository/Olusturma/Genel/Not/Notlar' is clicked on

2021-11-18 12:06:10 - [MESSAGE][INFO] - Finding Test Object 'Object Repository/Olusturma/Genel/Not/Notlar'

2021-11-18 12:06:10 - [MESSAGE][INFO] - Checking object

2021-11-18 12:06:10 - [MESSAGE][INFO] - Finding web element from Test Object's properties

2021-11-18 12:06:10 - [MESSAGE][INFO] - Checking timeout

2021-11-18 12:06:10 - [MESSAGE][INFO] - Finding web element with id: 'Object Repository/Olusturma/Genel/Not/Notlar' located by 'By.xpath: //*[@id = 'txtNote_I']' in '30' second(s)

2021-11-18 12:06:10 - [MESSAGE][INFO] - Smart Wait Function is triggered

2021-11-18 12:06:11 - [MESSAGE][INFO] - Found 1 web elements with id: 'Object Repository/Olusturma/Genel/Not/Notlar' located by 'By.xpath: //*[@id = 'txtNote_I']' in '30' second(s)

2021-11-18 12:06:11 - [MESSAGE][INFO] - Clicking on object: 'Object Repository/Olusturma/Genel/Not/Notlar'

2021-11-18 12:06:11 - [MESSAGE][PASSED] - Object: 'Object Repository/Olusturma/Genel/Not/Notlar' is clicked on

2021-11-18 12:06:11 - [TEST_STEP][PASSED] - while (true): null

2021-11-18 12:06:11 - [TEST_STEP][PASSED] - delay(1): Delayed 1 second(s)

2021-11-18 12:06:11 - [MESSAGE][INFO] - Delaying browser in 1 second(s)

2021-11-18 12:06:12 - [MESSAGE][PASSED] - Delayed 1 second(s)

2021-11-18 12:06:12 - [TEST_STEP][PASSED] - ajaxIsComplete = executeJavaScript("return jQuery.active == 0", null): Execute JavaScript 'return jQuery.active == 0' successfully

2021-11-18 12:06:12 - [MESSAGE][PASSED] - Execute JavaScript 'return jQuery.active == 0' successfully

2021-11-18 12:06:12 - [TEST_STEP][PASSED] - if (ajaxIsComplete): null

2021-11-18 12:06:12 - [TEST_STEP][PASSED] - break: null

2021-11-18 12:06:12 - [TEST_STEP][PASSED] - waitForElementClickable(findTestObject("Object Repository/Olusturma/Genel/Buton"), 10): Object 'Object Repository/Olusturma/Genel/Buton' is clickable

2021-11-18 12:06:12 - [MESSAGE][INFO] - Finding Test Object 'Object Repository/Olusturma/Genel/Buton'

2021-11-18 12:06:12 - [MESSAGE][INFO] - Checking object

2021-11-18 12:06:12 - [MESSAGE][INFO] - Checking timeout

2021-11-18 12:06:12 - [MESSAGE][INFO] - Finding web element from Test Object's properties

2021-11-18 12:06:12 - [MESSAGE][INFO] - Checking timeout

2021-11-18 12:06:12 - [MESSAGE][INFO] - Finding web element with id: 'Object Repository/Olusturma/Genel/Buton' located by 'By.xpath: //*[@id = 'btnKaydet']' in '10' second(s)

2021-11-18 12:06:12 - [MESSAGE][INFO] - Smart Wait Function is triggered

2021-11-18 12:06:12 - [MESSAGE][INFO] - Found 1 web elements with id: 'Object Repository/Olusturma/Genel/Buton' located by 'By.xpath: //*[@id = 'btnKaydet']' in '10' second(s)

2021-11-18 12:06:12 - [MESSAGE][PASSED] - Object 'Object Repository/Olusturma/Genel/Buton' is clickable

2021-11-18 12:06:12 - [TEST_STEP][PASSED] - click(findTestObject("Object Repository/Olusturma/Genel/Buton")): Object: 'Object Repository/Olusturma/Genel/Buton' is clicked on

2021-11-18 12:06:12 - [MESSAGE][INFO] - Finding Test Object 'Object Repository/Olusturma/Genel/Buton'

2021-11-18 12:06:12 - [MESSAGE][INFO] - Checking object

2021-11-18 12:06:12 - [MESSAGE][INFO] - Finding web element from Test Object's properties

2021-11-18 12:06:12 - [MESSAGE][INFO] - Checking timeout

2021-11-18 12:06:12 - [MESSAGE][INFO] - Finding web element with id: 'Object Repository/Olusturma/Genel/Buton' located by 'By.xpath: //*[@id = 'btnKaydet']' in '30' second(s)

2021-11-18 12:06:12 - [MESSAGE][INFO] - Smart Wait Function is triggered

2021-11-18 12:06:12 - [MESSAGE][INFO] - Found 1 web elements with id: 'Object Repository/Olusturma/Genel/Buton' located by 'By.xpath: //*[@id = 'btnKaydet']' in '30' second(s)

2021-11-18 12:06:12 - [MESSAGE][INFO] - Clicking on object: 'Object Repository/Olusturma/Genel/Buton'

2021-11-18 12:06:15 - [MESSAGE][PASSED] - Object: 'Object Repository/Olusturma/Genel/Buton' is clicked on

2021-11-18 12:06:15 - [MESSAGE][PASSED] - Call Test Case 'Test Cases/Olusturma/Genel/KaydetButonunaTiklanir' successfully

2021-11-18 12:06:15 - [MESSAGE][INFO] - Checking called Test Case

2021-11-18 12:06:15 - [MESSAGE][INFO] - Starting to call Test Case 'Test Cases/Tablo/TablodaEttnliVeriOlusturulduMu'

2021-11-18 12:06:15 - [TEST_CASE][PASSED] - Test Cases/Tablo/TablodaEttnliVeriOlusturulduMu: Test Cases/Tablo/TablodaEttnliVeriOlusturulduMu

2021-11-18 12:06:15 - [TEST_STEP][PASSED] - Method.TextDegerineEsitElementVarMi(findTestObject("Tablo/OlusturulanVeri"), ettn): Method.TextDegerineEsitElementVarMi is PASSED

2021-11-18 12:06:15 - [MESSAGE][INFO] - Finding Test Object 'Object Repository/Tablo/OlusturulanVeri'

2021-11-18 12:06:15 - [MESSAGE][INFO] - Checking timeout

2021-11-18 12:06:15 - [MESSAGE][INFO] - Finding web element with id: 'Object Repository/Tablo/OlusturulanVeri' located by 'By.cssSelector: table.dxgvTable_LECustomTheme>tbody>tr:nth-child(3)>td.dxgv b,table.dxgvTable_LECustomTheme>tbody>tr:nth-child(3)>td.dxgv' in '10' second(s)

2021-11-18 12:06:15 - [MESSAGE][INFO] - Smart Wait Function is triggered

2021-11-18 12:06:15 - [MESSAGE][INFO] - Found 14 web elements with id: 'Object Repository/Tablo/OlusturulanVeri' located by 'By.cssSelector: table.dxgvTable_LECustomTheme>tbody>tr:nth-child(3)>td.dxgv b,table.dxgvTable_LECustomTheme>tbody>tr:nth-child(3)>td.dxgv' in '10' second(s)

2021-11-18 12:06:15 - [MESSAGE][PASSED] - Method.TextDegerineEsitElementVarMi is PASSED

2021-11-18 12:06:15 - [MESSAGE][PASSED] - Call Test Case 'Test Cases/Tablo/TablodaEttnliVeriOlusturulduMu' successfully

2021-11-18 12:06:15 - [MESSAGE][INFO] - Checking called Test Case

2021-11-18 12:06:15 - [MESSAGE][INFO] - Starting to call Test Case 'Test Cases/Tablo/TablodanEttnliVeriSec'

2021-11-18 12:06:16 - [TEST_CASE][PASSED] - Test Cases/Tablo/TablodanEttnliVeriSec: Test Cases/Tablo/TablodanEttnliVeriSec

2021-11-18 12:06:16 - [TEST_STEP][PASSED] - Method.TextDegerineEsitElementinAltindakineTikla(findTestObject("Tablo/Veriler"), findTestObject("Tablo/VerininCheckBoxi"), ettn): Method.TextDegerineEsitElementinAltindakineTikla is PASSED

2021-11-18 12:06:16 - [MESSAGE][INFO] - Finding Test Object 'Object Repository/Tablo/Veriler'

2021-11-18 12:06:16 - [MESSAGE][INFO] - Finding Test Object 'Object Repository/Tablo/VerininCheckBoxi'

2021-11-18 12:06:16 - [MESSAGE][INFO] - Checking timeout

2021-11-18 12:06:16 - [MESSAGE][INFO] - Finding web element with id: 'Object Repository/Tablo/Veriler' located by 'By.cssSelector: td.dxgv b ,td.dxgv' in '10' second(s)

2021-11-18 12:06:16 - [MESSAGE][INFO] - Smart Wait Function is triggered

2021-11-18 12:06:16 - [MESSAGE][INFO] - Found 70 web elements with id: 'Object Repository/Tablo/Veriler' located by 'By.cssSelector: td.dxgv b ,td.dxgv' in '10' second(s)

2021-11-18 12:06:16 - [MESSAGE][INFO] - Smart Wait Function is triggered

2021-11-18 12:06:16 - [MESSAGE][PASSED] - Method.TextDegerineEsitElementinAltindakineTikla is PASSED

2021-11-18 12:06:16 - [MESSAGE][PASSED] - Call Test Case 'Test Cases/Tablo/TablodanEttnliVeriSec' successfully

2021-11-18 12:06:16 - [MESSAGE][INFO] - Checking called Test Case

2021-11-18 12:06:16 - [MESSAGE][INFO] - Starting to call Test Case 'Test Cases/Butonlar/ButonaTikla'

2021-11-18 12:06:16 - [TEST_CASE][PASSED] - Test Cases/Butonlar/ButonaTikla: Test Cases/Butonlar/ButonaTikla

2021-11-18 12:06:16 - [TEST_STEP][PASSED] - Method.TextDegerineEsitElementeTiklaEquals(findTestObject("Butonlar/Butonlar"), Buton_Adi): Method.TextDegerineEsitElementeTiklaEquals is PASSED

2021-11-18 12:06:16 - [MESSAGE][INFO] - Finding Test Object 'Object Repository/Butonlar/Butonlar'

2021-11-18 12:06:16 - [MESSAGE][INFO] - Checking timeout

2021-11-18 12:06:16 - [MESSAGE][INFO] - Finding web element with id: 'Object Repository/Butonlar/Butonlar' located by 'By.cssSelector: .panel.panel-default.text-center.footerPanel .btn,.btn.btn-primary.btnControls' in '10' second(s)

2021-11-18 12:06:16 - [MESSAGE][INFO] - Smart Wait Function is triggered

2021-11-18 12:06:17 - [MESSAGE][INFO] - Found 9 web elements with id: 'Object Repository/Butonlar/Butonlar' located by 'By.cssSelector: .panel.panel-default.text-center.footerPanel .btn,.btn.btn-primary.btnControls' in '10' second(s)

2021-11-18 12:06:17 - [MESSAGE][PASSED] - Method.TextDegerineEsitElementeTiklaEquals is PASSED

2021-11-18 12:06:17 - [MESSAGE][PASSED] - Call Test Case 'Test Cases/Butonlar/ButonaTikla' successfully

2021-11-18 12:06:17 - [MESSAGE][INFO] - Checking called Test Case

2021-11-18 12:06:17 - [MESSAGE][INFO] - Starting to call Test Case 'Test Cases/Popup/PopupMesajiIceriyorMu'

2021-11-18 12:06:17 - [TEST_CASE][PASSED] - Test Cases/Popup/PopupMesajiIceriyorMu: Test Cases/Popup/PopupMesajiIceriyorMu

2021-11-18 12:06:17 - [TEST_STEP][PASSED] - waitForElementVisible(findTestObject("Popup/Popup"), 10): Object 'Object Repository/Popup/Popup' is visible

2021-11-18 12:06:17 - [MESSAGE][INFO] - Finding Test Object 'Object Repository/Popup/Popup'

2021-11-18 12:06:17 - [MESSAGE][INFO] - Checking object

2021-11-18 12:06:17 - [MESSAGE][INFO] - Checking timeout

2021-11-18 12:06:17 - [MESSAGE][INFO] - Finding web element from Test Object's properties

2021-11-18 12:06:17 - [MESSAGE][INFO] - Checking timeout

2021-11-18 12:06:17 - [MESSAGE][INFO] - Finding web element with id: 'Object Repository/Popup/Popup' located by 'By.cssSelector: .bootbox-body' in '10' second(s)

2021-11-18 12:06:17 - [MESSAGE][INFO] - Smart Wait Function is triggered

2021-11-18 12:06:18 - [MESSAGE][INFO] - Found 1 web elements with id: 'Object Repository/Popup/Popup' located by 'By.cssSelector: .bootbox-body' in '10' second(s)

2021-11-18 12:06:18 - [MESSAGE][PASSED] - Object 'Object Repository/Popup/Popup' is visible

2021-11-18 12:06:18 - [TEST_STEP][PASSED] - if (!(getText(findTestObject("Popup/Popup")).contains(Mesaj))): Text of object 'Object Repository/Popup/Popup' is: 'Oluşturulacak fatura numarası : EAR2021000000478 Fatura numarası oluşturulduktan sonra fatura silinemez. Fatura numarası, tarihi ve ön eki değiştirilemez. Devam etmek istiyor musunuz?'

2021-11-18 12:06:18 - [MESSAGE][INFO] - Finding Test Object 'Object Repository/Popup/Popup'

2021-11-18 12:06:18 - [MESSAGE][INFO] - Checking object

2021-11-18 12:06:18 - [MESSAGE][INFO] - Finding web element from Test Object's properties

2021-11-18 12:06:18 - [MESSAGE][INFO] - Checking timeout

2021-11-18 12:06:18 - [MESSAGE][INFO] - Finding web element with id: 'Object Repository/Popup/Popup' located by 'By.cssSelector: .bootbox-body' in '30' second(s)

2021-11-18 12:06:18 - [MESSAGE][INFO] - Smart Wait Function is triggered

2021-11-18 12:06:18 - [MESSAGE][INFO] - Found 1 web elements with id: 'Object Repository/Popup/Popup' located by 'By.cssSelector: .bootbox-body' in '30' second(s)

2021-11-18 12:06:18 - [MESSAGE][INFO] - Getting text of object 'Object Repository/Popup/Popup'

2021-11-18 12:06:18 - [MESSAGE][PASSED] - Text of object 'Object Repository/Popup/Popup' is: 'Oluşturulacak fatura numarası : EAR2021000000478 Fatura numarası oluşturulduktan sonra fatura silinemez. Fatura numarası, tarihi ve ön eki değiştirilemez. Devam etmek istiyor musunuz?'

2021-11-18 12:06:18 - [TEST_STEP][PASSED] - RaporNo = getText(findTestObject("Popup/Popup")).substring(0, 6): Text of object 'Object Repository/Popup/Popup' is: 'Oluşturulacak fatura numarası : EAR2021000000478 Fatura numarası oluşturulduktan sonra fatura silinemez. Fatura numarası, tarihi ve ön eki değiştirilemez. Devam etmek istiyor musunuz?'

2021-11-18 12:06:18 - [MESSAGE][INFO] - Finding Test Object 'Object Repository/Popup/Popup'

2021-11-18 12:06:19 - [MESSAGE][INFO] - Checking object

2021-11-18 12:06:19 - [MESSAGE][INFO] - Finding web element from Test Object's properties

2021-11-18 12:06:19 - [MESSAGE][INFO] - Checking timeout

2021-11-18 12:06:19 - [MESSAGE][INFO] - Finding web element with id: 'Object Repository/Popup/Popup' located by 'By.cssSelector: .bootbox-body' in '30' second(s)

2021-11-18 12:06:19 - [MESSAGE][INFO] - Smart Wait Function is triggered

2021-11-18 12:06:19 - [MESSAGE][INFO] - Found 1 web elements with id: 'Object Repository/Popup/Popup' located by 'By.cssSelector: .bootbox-body' in '30' second(s)

2021-11-18 12:06:19 - [MESSAGE][INFO] - Getting text of object 'Object Repository/Popup/Popup'

2021-11-18 12:06:19 - [MESSAGE][PASSED] - Text of object 'Object Repository/Popup/Popup' is: 'Oluşturulacak fatura numarası : EAR2021000000478 Fatura numarası oluşturulduktan sonra fatura silinemez. Fatura numarası, tarihi ve ön eki değiştirilemez. Devam etmek istiyor musunuz?'

2021-11-18 12:06:19 - [TEST_STEP][PASSED] - Console.println(RaporNo): null

2021-11-18 12:06:19 - [MESSAGE][PASSED] - Call Test Case 'Test Cases/Popup/PopupMesajiIceriyorMu' successfully

2021-11-18 12:06:19 - [MESSAGE][INFO] - Checking called Test Case

2021-11-18 12:06:19 - [MESSAGE][INFO] - Starting to call Test Case 'Test Cases/Popup/PopupButonSecilir'

2021-11-18 12:06:19 - [TEST_CASE][PASSED] - Test Cases/Popup/PopupButonSecilir: Test Cases/Popup/PopupButonSecilir

2021-11-18 12:06:19 - [TEST_STEP][PASSED] - Method.TextDegerineEsitElementeTikla(findTestObject("Popup/Popup_Butons"), Buton): Method.TextDegerineEsitElementeTikla is PASSED

2021-11-18 12:06:19 - [MESSAGE][INFO] - Finding Test Object 'Object Repository/Popup/Popup_Butons'

2021-11-18 12:06:19 - [MESSAGE][INFO] - Checking timeout

2021-11-18 12:06:19 - [MESSAGE][INFO] - Finding web element with id: 'Object Repository/Popup/Popup_Butons' located by 'By.cssSelector: .modal-footer>button' in '10' second(s)

2021-11-18 12:06:19 - [MESSAGE][INFO] - Smart Wait Function is triggered

2021-11-18 12:06:19 - [MESSAGE][INFO] - Found 2 web elements with id: 'Object Repository/Popup/Popup_Butons' located by 'By.cssSelector: .modal-footer>button' in '10' second(s)

2021-11-18 12:06:20 - [MESSAGE][PASSED] - Method.TextDegerineEsitElementeTikla is PASSED

2021-11-18 12:06:20 - [MESSAGE][PASSED] - Call Test Case 'Test Cases/Popup/PopupButonSecilir' successfully

2021-11-18 12:06:20 - [MESSAGE][INFO] - Checking called Test Case

2021-11-18 12:06:20 - [MESSAGE][INFO] - Starting to call Test Case 'Test Cases/Popup/PopupMesajiIceriyorMu'

2021-11-18 12:06:20 - [TEST_CASE][PASSED] - Test Cases/Popup/PopupMesajiIceriyorMu: Test Cases/Popup/PopupMesajiIceriyorMu

2021-11-18 12:06:20 - [TEST_STEP][PASSED] - waitForElementVisible(findTestObject("Popup/Popup"), 10): Object 'Object Repository/Popup/Popup' is visible

2021-11-18 12:06:20 - [MESSAGE][INFO] - Finding Test Object 'Object Repository/Popup/Popup'

2021-11-18 12:06:20 - [MESSAGE][INFO] - Checking object

2021-11-18 12:06:20 - [MESSAGE][INFO] - Checking timeout

2021-11-18 12:06:20 - [MESSAGE][INFO] - Finding web element from Test Object's properties

2021-11-18 12:06:20 - [MESSAGE][INFO] - Checking timeout

2021-11-18 12:06:20 - [MESSAGE][INFO] - Finding web element with id: 'Object Repository/Popup/Popup' located by 'By.cssSelector: .bootbox-body' in '10' second(s)

2021-11-18 12:06:20 - [MESSAGE][INFO] - Smart Wait Function is triggered

2021-11-18 12:06:20 - [MESSAGE][INFO] - Found 1 web elements with id: 'Object Repository/Popup/Popup' located by 'By.cssSelector: .bootbox-body' in '10' second(s)

2021-11-18 12:06:20 - [MESSAGE][PASSED] - Object 'Object Repository/Popup/Popup' is visible

2021-11-18 12:06:20 - [TEST_STEP][PASSED] - if (!(getText(findTestObject("Popup/Popup")).contains(Mesaj))): Text of object 'Object Repository/Popup/Popup' is: 'Fatura numaranız EAR2021000000478 olarak oluşmuştur.'

2021-11-18 12:06:20 - [MESSAGE][INFO] - Finding Test Object 'Object Repository/Popup/Popup'

2021-11-18 12:06:20 - [MESSAGE][INFO] - Checking object

2021-11-18 12:06:20 - [MESSAGE][INFO] - Finding web element from Test Object's properties

2021-11-18 12:06:20 - [MESSAGE][INFO] - Checking timeout

2021-11-18 12:06:20 - [MESSAGE][INFO] - Finding web element with id: 'Object Repository/Popup/Popup' located by 'By.cssSelector: .bootbox-body' in '30' second(s)

2021-11-18 12:06:20 - [MESSAGE][INFO] - Smart Wait Function is triggered

2021-11-18 12:06:21 - [MESSAGE][INFO] - Found 1 web elements with id: 'Object Repository/Popup/Popup' located by 'By.cssSelector: .bootbox-body' in '30' second(s)

2021-11-18 12:06:21 - [MESSAGE][INFO] - Getting text of object 'Object Repository/Popup/Popup'

2021-11-18 12:06:21 - [MESSAGE][PASSED] - Text of object 'Object Repository/Popup/Popup' is: 'Fatura numaranız EAR2021000000478 olarak oluşmuştur.'

2021-11-18 12:06:21 - [TEST_STEP][PASSED] - RaporNo = getText(findTestObject("Popup/Popup")).substring(0, 6): Text of object 'Object Repository/Popup/Popup' is: 'Fatura numaranız EAR2021000000478 olarak oluşmuştur.'

2021-11-18 12:06:21 - [MESSAGE][INFO] - Finding Test Object 'Object Repository/Popup/Popup'

2021-11-18 12:06:21 - [MESSAGE][INFO] - Checking object

2021-11-18 12:06:21 - [MESSAGE][INFO] - Finding web element from Test Object's properties

2021-11-18 12:06:21 - [MESSAGE][INFO] - Checking timeout

2021-11-18 12:06:21 - [MESSAGE][INFO] - Finding web element with id: 'Object Repository/Popup/Popup' located by 'By.cssSelector: .bootbox-body' in '30' second(s)

2021-11-18 12:06:21 - [MESSAGE][INFO] - Smart Wait Function is triggered

2021-11-18 12:06:21 - [MESSAGE][INFO] - Found 1 web elements with id: 'Object Repository/Popup/Popup' located by 'By.cssSelector: .bootbox-body' in '30' second(s)

2021-11-18 12:06:21 - [MESSAGE][INFO] - Getting text of object 'Object Repository/Popup/Popup'

2021-11-18 12:06:21 - [MESSAGE][PASSED] - Text of object 'Object Repository/Popup/Popup' is: 'Fatura numaranız EAR2021000000478 olarak oluşmuştur.'

2021-11-18 12:06:21 - [TEST_STEP][PASSED] - Console.println(RaporNo): null

2021-11-18 12:06:21 - [MESSAGE][PASSED] - Call Test Case 'Test Cases/Popup/PopupMesajiIceriyorMu' successfully

2021-11-18 12:06:21 - [MESSAGE][INFO] - Checking called Test Case

2021-11-18 12:06:21 - [MESSAGE][INFO] - Starting to call Test Case 'Test Cases/Popup/PopupButonSecilir'

2021-11-18 12:06:21 - [TEST_CASE][PASSED] - Test Cases/Popup/PopupButonSecilir: Test Cases/Popup/PopupButonSecilir

2021-11-18 12:06:21 - [TEST_STEP][PASSED] - Method.TextDegerineEsitElementeTikla(findTestObject("Popup/Popup_Butons"), Buton): Method.TextDegerineEsitElementeTikla is PASSED

2021-11-18 12:06:21 - [MESSAGE][INFO] - Finding Test Object 'Object Repository/Popup/Popup_Butons'

2021-11-18 12:06:21 - [MESSAGE][INFO] - Checking timeout

2021-11-18 12:06:21 - [MESSAGE][INFO] - Finding web element with id: 'Object Repository/Popup/Popup_Butons' located by 'By.cssSelector: .modal-footer>button' in '10' second(s)

2021-11-18 12:06:21 - [MESSAGE][INFO] - Smart Wait Function is triggered

2021-11-18 12:06:21 - [MESSAGE][INFO] - Found 1 web elements with id: 'Object Repository/Popup/Popup_Butons' located by 'By.cssSelector: .modal-footer>button' in '10' second(s)

2021-11-18 12:06:22 - [MESSAGE][PASSED] - Method.TextDegerineEsitElementeTikla is PASSED

2021-11-18 12:06:22 - [MESSAGE][PASSED] - Call Test Case 'Test Cases/Popup/PopupButonSecilir' successfully

2021-11-18 12:06:22 - [MESSAGE][INFO] - Checking called Test Case

2021-11-18 12:06:22 - [MESSAGE][INFO] - Starting to call Test Case 'Test Cases/Tablo/TablodanEttnliVeriSec'

2021-11-18 12:06:22 - [TEST_CASE][PASSED] - Test Cases/Tablo/TablodanEttnliVeriSec: Test Cases/Tablo/TablodanEttnliVeriSec

2021-11-18 12:06:22 - [TEST_STEP][PASSED] - Method.TextDegerineEsitElementinAltindakineTikla(findTestObject("Tablo/Veriler"), findTestObject("Tablo/VerininCheckBoxi"), ettn): Method.TextDegerineEsitElementinAltindakineTikla is PASSED

2021-11-18 12:06:22 - [MESSAGE][INFO] - Finding Test Object 'Object Repository/Tablo/Veriler'

2021-11-18 12:06:22 - [MESSAGE][INFO] - Finding Test Object 'Object Repository/Tablo/VerininCheckBoxi'

2021-11-18 12:06:22 - [MESSAGE][INFO] - Checking timeout

2021-11-18 12:06:22 - [MESSAGE][INFO] - Finding web element with id: 'Object Repository/Tablo/Veriler' located by 'By.cssSelector: td.dxgv b ,td.dxgv' in '10' second(s)

2021-11-18 12:06:22 - [MESSAGE][INFO] - Smart Wait Function is triggered

2021-11-18 12:06:22 - [MESSAGE][INFO] - Found 70 web elements with id: 'Object Repository/Tablo/Veriler' located by 'By.cssSelector: td.dxgv b ,td.dxgv' in '10' second(s)

2021-11-18 12:06:23 - [MESSAGE][INFO] - Smart Wait Function is triggered

2021-11-18 12:06:23 - [MESSAGE][PASSED] - Method.TextDegerineEsitElementinAltindakineTikla is PASSED

2021-11-18 12:06:23 - [MESSAGE][PASSED] - Call Test Case 'Test Cases/Tablo/TablodanEttnliVeriSec' successfully

2021-11-18 12:06:23 - [MESSAGE][INFO] - Checking called Test Case

2021-11-18 12:06:23 - [MESSAGE][INFO] - Starting to call Test Case 'Test Cases/Butonlar/ButonaTikla'

2021-11-18 12:06:23 - [TEST_CASE][PASSED] - Test Cases/Butonlar/ButonaTikla: Test Cases/Butonlar/ButonaTikla

2021-11-18 12:06:23 - [TEST_STEP][PASSED] - Method.TextDegerineEsitElementeTiklaEquals(findTestObject("Butonlar/Butonlar"), Buton_Adi): Method.TextDegerineEsitElementeTiklaEquals is PASSED

2021-11-18 12:06:23 - [MESSAGE][INFO] - Finding Test Object 'Object Repository/Butonlar/Butonlar'

2021-11-18 12:06:23 - [MESSAGE][INFO] - Checking timeout

2021-11-18 12:06:23 - [MESSAGE][INFO] - Finding web element with id: 'Object Repository/Butonlar/Butonlar' located by 'By.cssSelector: .panel.panel-default.text-center.footerPanel .btn,.btn.btn-primary.btnControls' in '10' second(s)

2021-11-18 12:06:23 - [MESSAGE][INFO] - Smart Wait Function is triggered

2021-11-18 12:06:23 - [MESSAGE][INFO] - Found 9 web elements with id: 'Object Repository/Butonlar/Butonlar' located by 'By.cssSelector: .panel.panel-default.text-center.footerPanel .btn,.btn.btn-primary.btnControls' in '10' second(s)

2021-11-18 12:06:24 - [MESSAGE][PASSED] - Method.TextDegerineEsitElementeTiklaEquals is PASSED

2021-11-18 12:06:24 - [MESSAGE][PASSED] - Call Test Case 'Test Cases/Butonlar/ButonaTikla' successfully

2021-11-18 12:06:24 - [MESSAGE][INFO] - Checking called Test Case

2021-11-18 12:06:24 - [MESSAGE][INFO] - Starting to call Test Case 'Test Cases/Popup/PopupMesajiIceriyorMu'

2021-11-18 12:06:24 - [TEST_CASE][PASSED] - Test Cases/Popup/PopupMesajiIceriyorMu: Test Cases/Popup/PopupMesajiIceriyorMu

2021-11-18 12:06:24 - [TEST_STEP][PASSED] - waitForElementVisible(findTestObject("Popup/Popup"), 10): Object 'Object Repository/Popup/Popup' is visible

2021-11-18 12:06:24 - [MESSAGE][INFO] - Finding Test Object 'Object Repository/Popup/Popup'

2021-11-18 12:06:24 - [MESSAGE][INFO] - Checking object

2021-11-18 12:06:24 - [MESSAGE][INFO] - Checking timeout

2021-11-18 12:06:24 - [MESSAGE][INFO] - Finding web element from Test Object's properties

2021-11-18 12:06:24 - [MESSAGE][INFO] - Checking timeout

2021-11-18 12:06:24 - [MESSAGE][INFO] - Finding web element with id: 'Object Repository/Popup/Popup' located by 'By.cssSelector: .bootbox-body' in '10' second(s)

2021-11-18 12:06:24 - [MESSAGE][INFO] - Smart Wait Function is triggered

2021-11-18 12:06:24 - [MESSAGE][INFO] - Found 1 web elements with id: 'Object Repository/Popup/Popup' located by 'By.cssSelector: .bootbox-body' in '10' second(s)

2021-11-18 12:06:24 - [MESSAGE][PASSED] - Object 'Object Repository/Popup/Popup' is visible

2021-11-18 12:06:24 - [TEST_STEP][PASSED] - if (!(getText(findTestObject("Popup/Popup")).contains(Mesaj))): Text of object 'Object Repository/Popup/Popup' is: 'Seçilen faturalarınız onaylanacaktır. Onaylanan faturalar üzerinde değişiklik yapılamaz. Devam etmek istiyor musunuz?'

2021-11-18 12:06:24 - [MESSAGE][INFO] - Finding Test Object 'Object Repository/Popup/Popup'

2021-11-18 12:06:24 - [MESSAGE][INFO] - Checking object

2021-11-18 12:06:24 - [MESSAGE][INFO] - Finding web element from Test Object's properties

2021-11-18 12:06:24 - [MESSAGE][INFO] - Checking timeout

2021-11-18 12:06:24 - [MESSAGE][INFO] - Finding web element with id: 'Object Repository/Popup/Popup' located by 'By.cssSelector: .bootbox-body' in '30' second(s)

2021-11-18 12:06:24 - [MESSAGE][INFO] - Smart Wait Function is triggered

2021-11-18 12:06:25 - [MESSAGE][INFO] - Found 1 web elements with id: 'Object Repository/Popup/Popup' located by 'By.cssSelector: .bootbox-body' in '30' second(s)

2021-11-18 12:06:25 - [MESSAGE][INFO] - Getting text of object 'Object Repository/Popup/Popup'

2021-11-18 12:06:25 - [MESSAGE][PASSED] - Text of object 'Object Repository/Popup/Popup' is: 'Seçilen faturalarınız onaylanacaktır. Onaylanan faturalar üzerinde değişiklik yapılamaz. Devam etmek istiyor musunuz?'

2021-11-18 12:06:25 - [TEST_STEP][PASSED] - RaporNo = getText(findTestObject("Popup/Popup")).substring(0, 6): Text of object 'Object Repository/Popup/Popup' is: 'Seçilen faturalarınız onaylanacaktır. Onaylanan faturalar üzerinde değişiklik yapılamaz. Devam etmek istiyor musunuz?'

2021-11-18 12:06:25 - [MESSAGE][INFO] - Finding Test Object 'Object Repository/Popup/Popup'

2021-11-18 12:06:25 - [MESSAGE][INFO] - Checking object

2021-11-18 12:06:25 - [MESSAGE][INFO] - Finding web element from Test Object's properties

2021-11-18 12:06:25 - [MESSAGE][INFO] - Checking timeout

2021-11-18 12:06:25 - [MESSAGE][INFO] - Finding web element with id: 'Object Repository/Popup/Popup' located by 'By.cssSelector: .bootbox-body' in '30' second(s)

2021-11-18 12:06:25 - [MESSAGE][INFO] - Smart Wait Function is triggered

2021-11-18 12:06:25 - [MESSAGE][INFO] - Found 1 web elements with id: 'Object Repository/Popup/Popup' located by 'By.cssSelector: .bootbox-body' in '30' second(s)

2021-11-18 12:06:25 - [MESSAGE][INFO] - Getting text of object 'Object Repository/Popup/Popup'

2021-11-18 12:06:25 - [MESSAGE][PASSED] - Text of object 'Object Repository/Popup/Popup' is: 'Seçilen faturalarınız onaylanacaktır. Onaylanan faturalar üzerinde değişiklik yapılamaz. Devam etmek istiyor musunuz?'

2021-11-18 12:06:25 - [TEST_STEP][PASSED] - Console.println(RaporNo): null

2021-11-18 12:06:25 - [MESSAGE][PASSED] - Call Test Case 'Test Cases/Popup/PopupMesajiIceriyorMu' successfully

2021-11-18 12:06:25 - [MESSAGE][INFO] - Checking called Test Case

2021-11-18 12:06:25 - [MESSAGE][INFO] - Starting to call Test Case 'Test Cases/Popup/PopupButonSecilir'

2021-11-18 12:06:25 - [TEST_CASE][PASSED] - Test Cases/Popup/PopupButonSecilir: Test Cases/Popup/PopupButonSecilir

2021-11-18 12:06:25 - [TEST_STEP][PASSED] - Method.TextDegerineEsitElementeTikla(findTestObject("Popup/Popup_Butons"), Buton): Method.TextDegerineEsitElementeTikla is PASSED

2021-11-18 12:06:25 - [MESSAGE][INFO] - Finding Test Object 'Object Repository/Popup/Popup_Butons'

2021-11-18 12:06:25 - [MESSAGE][INFO] - Checking timeout

2021-11-18 12:06:25 - [MESSAGE][INFO] - Finding web element with id: 'Object Repository/Popup/Popup_Butons' located by 'By.cssSelector: .modal-footer>button' in '10' second(s)

2021-11-18 12:06:25 - [MESSAGE][INFO] - Smart Wait Function is triggered

2021-11-18 12:06:25 - [MESSAGE][INFO] - Found 2 web elements with id: 'Object Repository/Popup/Popup_Butons' located by 'By.cssSelector: .modal-footer>button' in '10' second(s)

2021-11-18 12:06:25 - [MESSAGE][PASSED] - Method.TextDegerineEsitElementeTikla is PASSED

2021-11-18 12:06:25 - [MESSAGE][PASSED] - Call Test Case 'Test Cases/Popup/PopupButonSecilir' successfully

2021-11-18 12:06:25 - [MESSAGE][INFO] - Checking called Test Case

2021-11-18 12:06:25 - [MESSAGE][INFO] - Starting to call Test Case 'Test Cases/Menu/AnaMenuSecimi'

2021-11-18 12:06:26 - [TEST_CASE][PASSED] - Test Cases/Menu/AnaMenuSecimi: Test Cases/Menu/AnaMenuSecimi

2021-11-18 12:06:26 - [TEST_STEP][PASSED] - Method.TextDegerineEsitElementeTikla(findTestObject("Menu/Ana_Menu"), Ana_Menu): Method.TextDegerineEsitElementeTikla is PASSED

2021-11-18 12:06:26 - [MESSAGE][INFO] - Finding Test Object 'Object Repository/Menu/Ana_Menu'

2021-11-18 12:06:26 - [MESSAGE][INFO] - Checking timeout

2021-11-18 12:06:26 - [MESSAGE][INFO] - Finding web element with id: 'Object Repository/Menu/Ana_Menu' located by 'By.xpath: //*[@class = 'dropdown-toggle']' in '10' second(s)

2021-11-18 12:06:26 - [MESSAGE][INFO] - Smart Wait Function is triggered

2021-11-18 12:06:27 - [MESSAGE][INFO] - Found 13 web elements with id: 'Object Repository/Menu/Ana_Menu' located by 'By.xpath: //*[@class = 'dropdown-toggle']' in '10' second(s)

2021-11-18 12:06:27 - [MESSAGE][PASSED] - Method.TextDegerineEsitElementeTikla is PASSED

2021-11-18 12:06:27 - [MESSAGE][PASSED] - Call Test Case 'Test Cases/Menu/AnaMenuSecimi' successfully

2021-11-18 12:06:27 - [MESSAGE][INFO] - Checking called Test Case

2021-11-18 12:06:27 - [MESSAGE][INFO] - Starting to call Test Case 'Test Cases/Menu/BasligaGoreAltMenuSecimi'

2021-11-18 12:06:27 - [TEST_CASE][PASSED] - Test Cases/Menu/BasligaGoreAltMenuSecimi: Test Cases/Menu/BasligaGoreAltMenuSecimi

2021-11-18 12:06:27 - [TEST_STEP][PASSED] - Method.TextDegerineEsitElementinAltindakiTextDegerineEsitOlanaTikla(findTestObject("Menu/Menu_Basligi"), findTestObject("Menu/Basliga_Gore_Alt_Menu"), Baslik, Alt_Menu): Method.TextDegerineEsitElementinAltindakiTextDegerineEsitOlanaTikla is PASSED

2021-11-18 12:06:27 - [MESSAGE][INFO] - Finding Test Object 'Object Repository/Menu/Menu_Basligi'

2021-11-18 12:06:27 - [MESSAGE][INFO] - Finding Test Object 'Object Repository/Menu/Basliga_Gore_Alt_Menu'

2021-11-18 12:06:27 - [MESSAGE][INFO] - Checking timeout

2021-11-18 12:06:27 - [MESSAGE][INFO] - Finding web element with id: 'Object Repository/Menu/Menu_Basligi' located by 'By.xpath: //li[@class='dropdown dropdown-large open']//li[@class='dropdown-header']' in '10' second(s)

2021-11-18 12:06:27 - [MESSAGE][INFO] - Smart Wait Function is triggered

2021-11-18 12:06:27 - [MESSAGE][INFO] - Found 2 web elements with id: 'Object Repository/Menu/Menu_Basligi' located by 'By.xpath: //li[@class='dropdown dropdown-large open']//li[@class='dropdown-header']' in '10' second(s)

2021-11-18 12:06:27 - [MESSAGE][INFO] - Smart Wait Function is triggered

2021-11-18 12:06:28 - [MESSAGE][PASSED] - Method.TextDegerineEsitElementinAltindakiTextDegerineEsitOlanaTikla is PASSED

2021-11-18 12:06:28 - [MESSAGE][PASSED] - Call Test Case 'Test Cases/Menu/BasligaGoreAltMenuSecimi' successfully

2021-11-18 12:06:28 - [MESSAGE][INFO] - Checking called Test Case

2021-11-18 12:06:28 - [MESSAGE][INFO] - Starting to call Test Case 'Test Cases/Filtreler/EttnYaz'

2021-11-18 12:06:28 - [TEST_CASE][PASSED] - Test Cases/Filtreler/EttnYaz: Test Cases/Filtreler/EttnYaz

2021-11-18 12:06:28 - [TEST_STEP][PASSED] - Method.TextDegerineEsitElementinAltindakiTextboxtaYaz(findTestObject("Filtreler/Basliklar"), findTestObject("Filtreler/Basliga_Gore_Textbox"), "ETTN", ettn): Method.TextDegerineEsitElementinAltindakiTextboxtaYaz is PASSED

2021-11-18 12:06:28 - [MESSAGE][INFO] - Finding Test Object 'Object Repository/Filtreler/Basliklar'

2021-11-18 12:06:28 - [MESSAGE][INFO] - Finding Test Object 'Object Repository/Filtreler/Basliga_Gore_Textbox'

2021-11-18 12:06:28 - [MESSAGE][INFO] - Checking timeout

2021-11-18 12:06:28 - [MESSAGE][INFO] - Finding web element with id: 'Object Repository/Filtreler/Basliklar' located by 'By.cssSelector: .control-label.col-sm-4.paddingMarginRLC' in '10' second(s)

2021-11-18 12:06:28 - [MESSAGE][INFO] - Smart Wait Function is triggered

2021-11-18 12:06:29 - [MESSAGE][INFO] - Found 19 web elements with id: 'Object Repository/Filtreler/Basliklar' located by 'By.cssSelector: .control-label.col-sm-4.paddingMarginRLC' in '10' second(s)

2021-11-18 12:06:29 - [MESSAGE][INFO] - Smart Wait Function is triggered

2021-11-18 12:06:29 - [MESSAGE][PASSED] - Method.TextDegerineEsitElementinAltindakiTextboxtaYaz is PASSED

2021-11-18 12:06:29 - [MESSAGE][PASSED] - Call Test Case 'Test Cases/Filtreler/EttnYaz' successfully

2021-11-18 12:06:29 - [MESSAGE][INFO] - Checking called Test Case

2021-11-18 12:06:29 - [MESSAGE][INFO] - Starting to call Test Case 'Test Cases/Filtreler/ButonaTikla'

2021-11-18 12:06:29 - [TEST_CASE][PASSED] - Test Cases/Filtreler/ButonaTikla: Test Cases/Filtreler/ButonaTikla

2021-11-18 12:06:29 - [TEST_STEP][PASSED] - Method.TextDegerineEsitElementeTikla(findTestObject("Filtreler/Butonlar"), Filtre_Buton): Method.TextDegerineEsitElementeTikla is PASSED

2021-11-18 12:06:29 - [MESSAGE][INFO] - Finding Test Object 'Object Repository/Filtreler/Butonlar'

2021-11-18 12:06:29 - [MESSAGE][INFO] - Checking timeout

2021-11-18 12:06:29 - [MESSAGE][INFO] - Finding web element with id: 'Object Repository/Filtreler/Butonlar' located by 'By.cssSelector: .dxb>span' in '10' second(s)

2021-11-18 12:06:29 - [MESSAGE][INFO] - Smart Wait Function is triggered

2021-11-18 12:06:30 - [MESSAGE][INFO] - Found 3 web elements with id: 'Object Repository/Filtreler/Butonlar' located by 'By.cssSelector: .dxb>span' in '10' second(s)

2021-11-18 12:06:30 - [MESSAGE][PASSED] - Method.TextDegerineEsitElementeTikla is PASSED

2021-11-18 12:06:30 - [MESSAGE][PASSED] - Call Test Case 'Test Cases/Filtreler/ButonaTikla' successfully

2021-11-18 12:06:30 - [MESSAGE][INFO] - Checking called Test Case

2021-11-18 12:06:30 - [MESSAGE][INFO] - Starting to call Test Case 'Test Cases/Tablo/TablodaVeriVarMi'

2021-11-18 12:06:30 - [TEST_CASE][PASSED] - Test Cases/Tablo/TablodaVeriVarMi: Test Cases/Tablo/TablodaVeriVarMi

2021-11-18 12:06:30 - [TEST_STEP][PASSED] - verifyTextNotPresent("Görüntülenecek veri yok", true): Text 'Görüntülenecek veri yok' is not present on page using regular expression

2021-11-18 12:06:30 - [MESSAGE][INFO] - Checking text present  using regular expression

2021-11-18 12:06:30 - [MESSAGE][INFO] - Smart Wait Function is triggered

2021-11-18 12:06:30 - [MESSAGE][INFO] - Finding text 'Görüntülenecek veri yok' on page  using regular expression

2021-11-18 12:06:30 - [MESSAGE][PASSED] - Text 'Görüntülenecek veri yok' is not present on page using regular expression

2021-11-18 12:06:30 - [MESSAGE][PASSED] - Call Test Case 'Test Cases/Tablo/TablodaVeriVarMi' successfully

2021-11-18 12:06:30 - [MESSAGE][INFO] - Checking called Test Case

2021-11-18 12:06:30 - [MESSAGE][INFO] - Starting to call Test Case 'Test Cases/Tablo/TablodaVeriBasariliMiArsiv'

2021-11-18 12:06:31 - [TEST_CASE][PASSED] - Test Cases/Tablo/TablodaVeriBasariliMiArsiv: Test Cases/Tablo/TablodaVeriBasariliMiArsiv

2021-11-18 12:06:31 - [TEST_STEP][PASSED] - sayac = 80: null

2021-11-18 12:06:31 - [TEST_STEP][PASSED] - while (verifyElementText(findTestObject("Object Repository/Tablo/DurumBilgisiArsiv"), "Henüz Sonuçlanmadı", OPTIONAL)): Actual text 'Başarılı' and expected text 'Henüz Sonuçlanmadı' of test object 'Object Repository/Tablo/DurumBilgisiArsiv' are NOT matched. (Root cause: com.kms.katalon.core.exception.StepFailedException: Actual text 'Başarılı' and expected text 'Henüz Sonuçlanmadı' of test object 'Object Repository/Tablo/DurumBilgisiArsiv' are NOT matched.
	at com.kms.katalon.core.webui.keyword.internal.WebUIKeywordMain.stepFailed(WebUIKeywordMain.groovy:64)
	at com.kms.katalon.core.webui.keyword.builtin.VerifyElementTextKeyword$_verifyElementText_closure1.doCall(VerifyElementTextKeyword.groovy:57)
	at com.kms.katalon.core.webui.keyword.builtin.VerifyElementTextKeyword$_verifyElementText_closure1.call(VerifyElementTextKeyword.groovy)
	at com.kms.katalon.core.webui.keyword.internal.WebUIKeywordMain.runKeyword(WebUIKeywordMain.groovy:20)
	at com.kms.katalon.core.webui.keyword.builtin.VerifyElementTextKeyword.verifyElementText(VerifyElementTextKeyword.groovy:72)
	at com.kms.katalon.core.webui.keyword.builtin.VerifyElementTextKeyword.execute(VerifyElementTextKeyword.groovy:40)
	at com.kms.katalon.core.keyword.internal.KeywordExecutor.executeKeywordForPlatform(KeywordExecutor.groovy:73)
	at com.kms.katalon.core.webui.keyword.WebUiBuiltInKeywords.verifyElementText(WebUiBuiltInKeywords.groovy:4733)
	at com.kms.katalon.core.webui.keyword.WebUiBuiltInKeywords$verifyElementText$20.call(Unknown Source)
	at TablodaVeriBasariliMiArsiv.run(TablodaVeriBasariliMiArsiv:22)
	at com.kms.katalon.core.main.ScriptEngine.run(ScriptEngine.java:194)
	at com.kms.katalon.core.main.ScriptEngine.runScriptAsRawText(ScriptEngine.java:119)
	at com.kms.katalon.core.main.TestCaseExecutor.runScript(TestCaseExecutor.java:369)
	at com.kms.katalon.core.main.TestCaseExecutor.doExecute(TestCaseExecutor.java:360)
	at com.kms.katalon.core.main.TestCaseExecutor.processExecutionPhase(TestCaseExecutor.java:339)
	at com.kms.katalon.core.main.TestCaseExecutor.accessMainPhase(TestCaseExecutor.java:331)
	at com.kms.katalon.core.main.TestCaseExecutor.execute(TestCaseExecutor.java:248)
	at com.kms.katalon.core.main.TestCaseMain.runTestCase(TestCaseMain.java:138)
	at com.kms.katalon.core.keyword.builtin.CallTestCaseKeyword$_callTestCase_closure1.doCall(CallTestCaseKeyword.groovy:59)
	at com.kms.katalon.core.keyword.builtin.CallTestCaseKeyword$_callTestCase_closure1.call(CallTestCaseKeyword.groovy)
	at com.kms.katalon.core.keyword.internal.KeywordMain.runKeyword(KeywordMain.groovy:68)
	at com.kms.katalon.core.keyword.builtin.CallTestCaseKeyword.callTestCase(CallTestCaseKeyword.groovy:81)
	at com.kms.katalon.core.keyword.builtin.CallTestCaseKeyword.execute(CallTestCaseKeyword.groovy:44)
	at com.kms.katalon.core.keyword.internal.KeywordExecutor.executeKeywordForPlatform(KeywordExecutor.groovy:73)
	at com.kms.katalon.core.keyword.BuiltinKeywords.callTestCase(BuiltinKeywords.groovy:334)
	at tablo.tablo.tablodaVeriBasariliMiArsiv(tablo.groovy:95)
	at cucumber.runtime.Utils$1.call(Utils.java:26)
	at cucumber.runtime.Timeout.timeout(Timeout.java:16)
	at cucumber.runtime.Utils.invoke(Utils.java:20)
	at cucumber.runtime.java.JavaStepDefinition.execute(JavaStepDefinition.java:49)
	at cucumber.runner.PickleStepDefinitionMatch.runStep(PickleStepDefinitionMatch.java:50)
	at cucumber.runner.TestStep.executeStep(TestStep.java:63)
	at cucumber.runner.TestStep.run(TestStep.java:49)
	at cucumber.runner.PickleStepTestStep.run(PickleStepTestStep.java:43)
	at cucumber.runner.TestCase.run(TestCase.java:44)
	at cucumber.runner.Runner.runPickle(Runner.java:40)
	at cucumber.runtime.Runtime$1.run(Runtime.java:84)
	at cucumber.runtime.Runtime$SameThreadExecutorService.execute(Runtime.java:220)
	at cucumber.runtime.Runtime.run(Runtime.java:81)
	at cucumber.api.cli.Main.run(Main.java:26)
	at cucumber.api.cli.Main$run.call(Unknown Source)
	at com.kms.katalon.core.cucumber.keyword.CucumberBuiltinKeywords$_runFeatureFile_closure1.doCall(CucumberBuiltinKeywords.groovy:106)
	at com.kms.katalon.core.cucumber.keyword.CucumberBuiltinKeywords$_runFeatureFile_closure1.doCall(CucumberBuiltinKeywords.groovy)
	at com.kms.katalon.core.keyword.internal.KeywordMain.runKeyword(KeywordMain.groovy:68)
	at com.kms.katalon.core.keyword.internal.KeywordMain$runKeyword.call(Unknown Source)
	at com.kms.katalon.core.cucumber.keyword.CucumberBuiltinKeywords.runFeatureFile(CucumberBuiltinKeywords.groovy:73)
	at com.kms.katalon.core.cucumber.keyword.CucumberBuiltinKeywords$runFeatureFile$0.callStatic(Unknown Source)
	at com.kms.katalon.core.cucumber.keyword.CucumberBuiltinKeywords.runFeatureFile(CucumberBuiltinKeywords.groovy:246)
	at com.kms.katalon.core.cucumber.keyword.CucumberBuiltinKeywords$runFeatureFile.call(Unknown Source)
	at VKN-Elektronik-Ozel Matrah.run(VKN-Elektronik-Ozel Matrah:19)
	at com.kms.katalon.core.main.ScriptEngine.run(ScriptEngine.java:194)
	at com.kms.katalon.core.main.ScriptEngine.runScriptAsRawText(ScriptEngine.java:119)
	at com.kms.katalon.core.main.TestCaseExecutor.runScript(TestCaseExecutor.java:369)
	at com.kms.katalon.core.main.TestCaseExecutor.doExecute(TestCaseExecutor.java:360)
	at com.kms.katalon.core.main.TestCaseExecutor.processExecutionPhase(TestCaseExecutor.java:339)
	at com.kms.katalon.core.main.TestCaseExecutor.accessMainPhase(TestCaseExecutor.java:331)
	at com.kms.katalon.core.main.TestCaseExecutor.execute(TestCaseExecutor.java:248)
	at com.kms.katalon.core.main.TestSuiteExecutor.accessTestCaseMainPhase(TestSuiteExecutor.java:191)
	at com.kms.katalon.core.main.TestSuiteExecutor.accessTestSuiteMainPhase(TestSuiteExecutor.java:140)
	at com.kms.katalon.core.main.TestSuiteExecutor.execute(TestSuiteExecutor.java:89)
	at com.kms.katalon.core.main.TestCaseMain.startTestSuite(TestCaseMain.java:181)
	at com.kms.katalon.core.main.TestCaseMain$startTestSuite$0.call(Unknown Source)
	at TempTestSuite1637225344330.run(TempTestSuite1637225344330.groovy:39)
)

2021-11-18 12:06:31 - [MESSAGE][INFO] - Finding Test Object 'Object Repository/Tablo/DurumBilgisiArsiv'

2021-11-18 12:06:31 - [MESSAGE][INFO] - Checking object

2021-11-18 12:06:31 - [MESSAGE][INFO] - Finding web element from Test Object's properties

2021-11-18 12:06:31 - [MESSAGE][INFO] - Checking timeout

2021-11-18 12:06:31 - [MESSAGE][INFO] - Finding web element with id: 'Object Repository/Tablo/DurumBilgisiArsiv' located by 'By.xpath: //*[@id = 'GridViewEArchiveInvoices_tccell0_9']' in '30' second(s)

2021-11-18 12:06:31 - [MESSAGE][INFO] - Smart Wait Function is triggered

2021-11-18 12:06:31 - [MESSAGE][INFO] - Found 1 web elements with id: 'Object Repository/Tablo/DurumBilgisiArsiv' located by 'By.xpath: //*[@id = 'GridViewEArchiveInvoices_tccell0_9']' in '30' second(s)

2021-11-18 12:06:31 - [MESSAGE][WARNING] - Actual text 'Başarılı' and expected text 'Henüz Sonuçlanmadı' of test object 'Object Repository/Tablo/DurumBilgisiArsiv' are NOT matched. (Root cause: com.kms.katalon.core.exception.StepFailedException: Actual text 'Başarılı' and expected text 'Henüz Sonuçlanmadı' of test object 'Object Repository/Tablo/DurumBilgisiArsiv' are NOT matched.
	at com.kms.katalon.core.webui.keyword.internal.WebUIKeywordMain.stepFailed(WebUIKeywordMain.groovy:64)
	at com.kms.katalon.core.webui.keyword.builtin.VerifyElementTextKeyword$_verifyElementText_closure1.doCall(VerifyElementTextKeyword.groovy:57)
	at com.kms.katalon.core.webui.keyword.builtin.VerifyElementTextKeyword$_verifyElementText_closure1.call(VerifyElementTextKeyword.groovy)
	at com.kms.katalon.core.webui.keyword.internal.WebUIKeywordMain.runKeyword(WebUIKeywordMain.groovy:20)
	at com.kms.katalon.core.webui.keyword.builtin.VerifyElementTextKeyword.verifyElementText(VerifyElementTextKeyword.groovy:72)
	at com.kms.katalon.core.webui.keyword.builtin.VerifyElementTextKeyword.execute(VerifyElementTextKeyword.groovy:40)
	at com.kms.katalon.core.keyword.internal.KeywordExecutor.executeKeywordForPlatform(KeywordExecutor.groovy:73)
	at com.kms.katalon.core.webui.keyword.WebUiBuiltInKeywords.verifyElementText(WebUiBuiltInKeywords.groovy:4733)
	at com.kms.katalon.core.webui.keyword.WebUiBuiltInKeywords$verifyElementText$20.call(Unknown Source)
	at TablodaVeriBasariliMiArsiv.run(TablodaVeriBasariliMiArsiv:22)
	at com.kms.katalon.core.main.ScriptEngine.run(ScriptEngine.java:194)
	at com.kms.katalon.core.main.ScriptEngine.runScriptAsRawText(ScriptEngine.java:119)
	at com.kms.katalon.core.main.TestCaseExecutor.runScript(TestCaseExecutor.java:369)
	at com.kms.katalon.core.main.TestCaseExecutor.doExecute(TestCaseExecutor.java:360)
	at com.kms.katalon.core.main.TestCaseExecutor.processExecutionPhase(TestCaseExecutor.java:339)
	at com.kms.katalon.core.main.TestCaseExecutor.accessMainPhase(TestCaseExecutor.java:331)
	at com.kms.katalon.core.main.TestCaseExecutor.execute(TestCaseExecutor.java:248)
	at com.kms.katalon.core.main.TestCaseMain.runTestCase(TestCaseMain.java:138)
	at com.kms.katalon.core.keyword.builtin.CallTestCaseKeyword$_callTestCase_closure1.doCall(CallTestCaseKeyword.groovy:59)
	at com.kms.katalon.core.keyword.builtin.CallTestCaseKeyword$_callTestCase_closure1.call(CallTestCaseKeyword.groovy)
	at com.kms.katalon.core.keyword.internal.KeywordMain.runKeyword(KeywordMain.groovy:68)
	at com.kms.katalon.core.keyword.builtin.CallTestCaseKeyword.callTestCase(CallTestCaseKeyword.groovy:81)
	at com.kms.katalon.core.keyword.builtin.CallTestCaseKeyword.execute(CallTestCaseKeyword.groovy:44)
	at com.kms.katalon.core.keyword.internal.KeywordExecutor.executeKeywordForPlatform(KeywordExecutor.groovy:73)
	at com.kms.katalon.core.keyword.BuiltinKeywords.callTestCase(BuiltinKeywords.groovy:334)
	at tablo.tablo.tablodaVeriBasariliMiArsiv(tablo.groovy:95)
	at cucumber.runtime.Utils$1.call(Utils.java:26)
	at cucumber.runtime.Timeout.timeout(Timeout.java:16)
	at cucumber.runtime.Utils.invoke(Utils.java:20)
	at cucumber.runtime.java.JavaStepDefinition.execute(JavaStepDefinition.java:49)
	at cucumber.runner.PickleStepDefinitionMatch.runStep(PickleStepDefinitionMatch.java:50)
	at cucumber.runner.TestStep.executeStep(TestStep.java:63)
	at cucumber.runner.TestStep.run(TestStep.java:49)
	at cucumber.runner.PickleStepTestStep.run(PickleStepTestStep.java:43)
	at cucumber.runner.TestCase.run(TestCase.java:44)
	at cucumber.runner.Runner.runPickle(Runner.java:40)
	at cucumber.runtime.Runtime$1.run(Runtime.java:84)
	at cucumber.runtime.Runtime$SameThreadExecutorService.execute(Runtime.java:220)
	at cucumber.runtime.Runtime.run(Runtime.java:81)
	at cucumber.api.cli.Main.run(Main.java:26)
	at cucumber.api.cli.Main$run.call(Unknown Source)
	at com.kms.katalon.core.cucumber.keyword.CucumberBuiltinKeywords$_runFeatureFile_closure1.doCall(CucumberBuiltinKeywords.groovy:106)
	at com.kms.katalon.core.cucumber.keyword.CucumberBuiltinKeywords$_runFeatureFile_closure1.doCall(CucumberBuiltinKeywords.groovy)
	at com.kms.katalon.core.keyword.internal.KeywordMain.runKeyword(KeywordMain.groovy:68)
	at com.kms.katalon.core.keyword.internal.KeywordMain$runKeyword.call(Unknown Source)
	at com.kms.katalon.core.cucumber.keyword.CucumberBuiltinKeywords.runFeatureFile(CucumberBuiltinKeywords.groovy:73)
	at com.kms.katalon.core.cucumber.keyword.CucumberBuiltinKeywords$runFeatureFile$0.callStatic(Unknown Source)
	at com.kms.katalon.core.cucumber.keyword.CucumberBuiltinKeywords.runFeatureFile(CucumberBuiltinKeywords.groovy:246)
	at com.kms.katalon.core.cucumber.keyword.CucumberBuiltinKeywords$runFeatureFile.call(Unknown Source)
	at VKN-Elektronik-Ozel Matrah.run(VKN-Elektronik-Ozel Matrah:19)
	at com.kms.katalon.core.main.ScriptEngine.run(ScriptEngine.java:194)
	at com.kms.katalon.core.main.ScriptEngine.runScriptAsRawText(ScriptEngine.java:119)
	at com.kms.katalon.core.main.TestCaseExecutor.runScript(TestCaseExecutor.java:369)
	at com.kms.katalon.core.main.TestCaseExecutor.doExecute(TestCaseExecutor.java:360)
	at com.kms.katalon.core.main.TestCaseExecutor.processExecutionPhase(TestCaseExecutor.java:339)
	at com.kms.katalon.core.main.TestCaseExecutor.accessMainPhase(TestCaseExecutor.java:331)
	at com.kms.katalon.core.main.TestCaseExecutor.execute(TestCaseExecutor.java:248)
	at com.kms.katalon.core.main.TestSuiteExecutor.accessTestCaseMainPhase(TestSuiteExecutor.java:191)
	at com.kms.katalon.core.main.TestSuiteExecutor.accessTestSuiteMainPhase(TestSuiteExecutor.java:140)
	at com.kms.katalon.core.main.TestSuiteExecutor.execute(TestSuiteExecutor.java:89)
	at com.kms.katalon.core.main.TestCaseMain.startTestSuite(TestCaseMain.java:181)
	at com.kms.katalon.core.main.TestCaseMain$startTestSuite$0.call(Unknown Source)
	at TempTestSuite1637225344330.run(TempTestSuite1637225344330.groovy:39)
)

2021-11-18 12:06:31 - [TEST_STEP][PASSED] - Method.TextDegerineEsitElementVarMi(findTestObject("Object Repository/Tablo/DurumBilgisiArsiv"), "Başarılı"): Method.TextDegerineEsitElementVarMi is PASSED

2021-11-18 12:06:31 - [MESSAGE][INFO] - Finding Test Object 'Object Repository/Tablo/DurumBilgisiArsiv'

2021-11-18 12:06:31 - [MESSAGE][INFO] - Checking timeout

2021-11-18 12:06:31 - [MESSAGE][INFO] - Finding web element with id: 'Object Repository/Tablo/DurumBilgisiArsiv' located by 'By.xpath: //*[@id = 'GridViewEArchiveInvoices_tccell0_9']' in '10' second(s)

2021-11-18 12:06:31 - [MESSAGE][INFO] - Smart Wait Function is triggered

2021-11-18 12:06:31 - [MESSAGE][INFO] - Found 1 web elements with id: 'Object Repository/Tablo/DurumBilgisiArsiv' located by 'By.xpath: //*[@id = 'GridViewEArchiveInvoices_tccell0_9']' in '10' second(s)

2021-11-18 12:06:31 - [MESSAGE][PASSED] - Method.TextDegerineEsitElementVarMi is PASSED

2021-11-18 12:06:31 - [MESSAGE][PASSED] - Call Test Case 'Test Cases/Tablo/TablodaVeriBasariliMiArsiv' successfully

2021-11-18 12:06:31 - [MESSAGE][INFO] - Checking called Test Case

2021-11-18 12:06:31 - [MESSAGE][INFO] - Starting to call Test Case 'Test Cases/Kullanici_Islemleri/KullaniciIslemlerindenSecimYapilir'

2021-11-18 12:06:31 - [TEST_CASE][PASSED] - Test Cases/Kullanici_Islemleri/KullaniciIslemlerindenSecimYapilir: Test Cases/Kullanici_Islemleri/KullaniciIslemlerindenSecimYapilir

2021-11-18 12:06:31 - [TEST_STEP][PASSED] - waitForElementClickable(findTestObject("Object Repository/Kullanici_Islemleri/KullaniciIslemleri"), 10): Object 'Object Repository/Kullanici_Islemleri/KullaniciIslemleri' is clickable

2021-11-18 12:06:31 - [MESSAGE][INFO] - Finding Test Object 'Object Repository/Kullanici_Islemleri/KullaniciIslemleri'

2021-11-18 12:06:31 - [MESSAGE][INFO] - Checking object

2021-11-18 12:06:31 - [MESSAGE][INFO] - Checking timeout

2021-11-18 12:06:31 - [MESSAGE][INFO] - Finding web element from Test Object's properties

2021-11-18 12:06:31 - [MESSAGE][INFO] - Checking timeout

2021-11-18 12:06:31 - [MESSAGE][INFO] - Finding web element with id: 'Object Repository/Kullanici_Islemleri/KullaniciIslemleri' located by 'By.cssSelector: .dropdown>a>img' in '10' second(s)

2021-11-18 12:06:31 - [MESSAGE][INFO] - Smart Wait Function is triggered

2021-11-18 12:06:32 - [MESSAGE][INFO] - Found 1 web elements with id: 'Object Repository/Kullanici_Islemleri/KullaniciIslemleri' located by 'By.cssSelector: .dropdown>a>img' in '10' second(s)

2021-11-18 12:06:32 - [MESSAGE][PASSED] - Object 'Object Repository/Kullanici_Islemleri/KullaniciIslemleri' is clickable

2021-11-18 12:06:32 - [TEST_STEP][PASSED] - click(findTestObject("Object Repository/Kullanici_Islemleri/KullaniciIslemleri")): Object: 'Object Repository/Kullanici_Islemleri/KullaniciIslemleri' is clicked on

2021-11-18 12:06:32 - [MESSAGE][INFO] - Finding Test Object 'Object Repository/Kullanici_Islemleri/KullaniciIslemleri'

2021-11-18 12:06:32 - [MESSAGE][INFO] - Checking object

2021-11-18 12:06:32 - [MESSAGE][INFO] - Finding web element from Test Object's properties

2021-11-18 12:06:32 - [MESSAGE][INFO] - Checking timeout

2021-11-18 12:06:32 - [MESSAGE][INFO] - Finding web element with id: 'Object Repository/Kullanici_Islemleri/KullaniciIslemleri' located by 'By.cssSelector: .dropdown>a>img' in '30' second(s)

2021-11-18 12:06:32 - [MESSAGE][INFO] - Smart Wait Function is triggered

2021-11-18 12:06:32 - [MESSAGE][INFO] - Found 1 web elements with id: 'Object Repository/Kullanici_Islemleri/KullaniciIslemleri' located by 'By.cssSelector: .dropdown>a>img' in '30' second(s)

2021-11-18 12:06:32 - [MESSAGE][INFO] - Clicking on object: 'Object Repository/Kullanici_Islemleri/KullaniciIslemleri'

2021-11-18 12:06:32 - [MESSAGE][PASSED] - Object: 'Object Repository/Kullanici_Islemleri/KullaniciIslemleri' is clicked on

2021-11-18 12:06:32 - [TEST_STEP][PASSED] - Method.TextDegerineEsitElementeTikla(findTestObject("Object Repository/Kullanici_Islemleri/Secenekler"), Islem): Method.TextDegerineEsitElementeTikla is PASSED

2021-11-18 12:06:32 - [MESSAGE][INFO] - Finding Test Object 'Object Repository/Kullanici_Islemleri/Secenekler'

2021-11-18 12:06:32 - [MESSAGE][INFO] - Checking timeout

2021-11-18 12:06:32 - [MESSAGE][INFO] - Finding web element with id: 'Object Repository/Kullanici_Islemleri/Secenekler' located by 'By.cssSelector: .nav.navbar-nav.navbar-right li a' in '10' second(s)

2021-11-18 12:06:32 - [MESSAGE][INFO] - Smart Wait Function is triggered

2021-11-18 12:06:32 - [MESSAGE][INFO] - Found 20 web elements with id: 'Object Repository/Kullanici_Islemleri/Secenekler' located by 'By.cssSelector: .nav.navbar-nav.navbar-right li a' in '10' second(s)

2021-11-18 12:06:34 - [MESSAGE][PASSED] - Method.TextDegerineEsitElementeTikla is PASSED

2021-11-18 12:06:34 - [TEST_STEP][PASSED] - verifyElementNotPresent(findTestObject("Object Repository/Kullanici_Islemleri/Secenekler"), 10): Web element with id: 'Object Repository/Kullanici_Islemleri/Secenekler' located by 'By.cssSelector: .nav.navbar-nav.navbar-right li a' is not present after '10' second(s)

2021-11-18 12:06:34 - [MESSAGE][INFO] - Finding Test Object 'Object Repository/Kullanici_Islemleri/Secenekler'

2021-11-18 12:06:34 - [MESSAGE][INFO] - Checking object

2021-11-18 12:06:34 - [MESSAGE][INFO] - Checking timeout

2021-11-18 12:06:34 - [MESSAGE][INFO] - Finding web element with id: 'Object Repository/Kullanici_Islemleri/Secenekler' located by 'By.cssSelector: .nav.navbar-nav.navbar-right li a' in '10' second(s)

2021-11-18 12:06:34 - [MESSAGE][INFO] - Smart Wait Function is triggered

2021-11-18 12:06:34 - [MESSAGE][PASSED] - Web element with id: 'Object Repository/Kullanici_Islemleri/Secenekler' located by 'By.cssSelector: .nav.navbar-nav.navbar-right li a' is not present after '10' second(s)

2021-11-18 12:06:34 - [MESSAGE][PASSED] - Call Test Case 'Test Cases/Kullanici_Islemleri/KullaniciIslemlerindenSecimYapilir' successfully

2021-11-18 12:06:34 - [TEST_CASE][PASSED] - Start Test Case : SCENARIO Gonderim tipi Kagit ve Ozel Matrah tipinde e-Arsiv faturasi olusturulmasi: SCENARIO Gonderim tipi Kagit ve Ozel Matrah tipinde e-Arsiv faturasi olusturulmasi

2021-11-18 12:06:34 - [TEST_STEP][PASSED] - Kullanıcı adı EARMATRAH ve Şifre test1234 olarak giriş yapılır: Kullanıcı adı EARMATRAH ve Şifre test1234 olarak giriş yapılır

2021-11-18 12:06:34 - [MESSAGE][PASSED] - Kullanıcı adı EARMATRAH ve Şifre test1234 olarak giriş yapılır

2021-11-18 12:06:34 - [TEST_STEP][PASSED] - Ana menüden e-Arşiv seçilir: Ana menüden e-Arşiv seçilir

2021-11-18 12:06:34 - [MESSAGE][PASSED] - Ana menüden e-Arşiv seçilir

2021-11-18 12:06:34 - [TEST_STEP][PASSED] - Alt menü e-Arşiv Araçları başlığı altındaki e-Arşiv Fatura Oluşturma seçilir: Alt menü e-Arşiv Araçları başlığı altındaki e-Arşiv Fatura Oluşturma seçilir

2021-11-18 12:06:34 - [MESSAGE][PASSED] - Alt menü e-Arşiv Araçları başlığı altındaki e-Arşiv Fatura Oluşturma seçilir

2021-11-18 12:06:34 - [TEST_STEP][PASSED] - Tablodaki tüm veriler silinir: Tablodaki tüm veriler silinir

2021-11-18 12:06:34 - [MESSAGE][PASSED] - Tablodaki tüm veriler silinir

2021-11-18 12:06:34 - [TEST_STEP][PASSED] - Butonlardan Ekle isimli butona tıklanır: Butonlardan Ekle isimli butona tıklanır

2021-11-18 12:06:34 - [MESSAGE][PASSED] - Butonlardan Ekle isimli butona tıklanır

2021-11-18 12:06:34 - [TEST_STEP][PASSED] - Görsel tasarım sayfasının e-Arşiv Fatura Bilgileri başlığını içerdiği kontrol edilir: Görsel tasarım sayfasının e-Arşiv Fatura Bilgileri başlığını içerdiği kontrol edilir

2021-11-18 12:06:34 - [MESSAGE][PASSED] - Görsel tasarım sayfasının e-Arşiv Fatura Bilgileri başlığını içerdiği kontrol edilir

2021-11-18 12:06:34 - [TEST_STEP][PASSED] - Alıcı adı alanına UC0006 girilir: Alıcı adı alanına UC0006 girilir

2021-11-18 12:06:34 - [MESSAGE][PASSED] - Alıcı adı alanına UC0006 girilir

2021-11-18 12:06:34 - [TEST_STEP][PASSED] - Gönderim Şekli Elektronik olarak seçilir: Gönderim Şekli Elektronik olarak seçilir

2021-11-18 12:06:34 - [MESSAGE][PASSED] - Gönderim Şekli Elektronik olarak seçilir

2021-11-18 12:06:34 - [TEST_STEP][PASSED] - Tip alanından Özel Matrah seçilir: Tip alanından Özel Matrah seçilir

2021-11-18 12:06:34 - [MESSAGE][PASSED] - Tip alanından Özel Matrah seçilir

2021-11-18 12:06:34 - [TEST_STEP][PASSED] - Döküman Para Birimi alanından Türk Lirası seçilir: Döküman Para Birimi alanından Türk Lirası seçilir

2021-11-18 12:06:34 - [MESSAGE][PASSED] - Döküman Para Birimi alanından Türk Lirası seçilir

2021-11-18 12:06:34 - [TEST_STEP][PASSED] - Ön Ek EAR olarak seçilir: Ön Ek EAR olarak seçilir

2021-11-18 12:06:34 - [MESSAGE][PASSED] - Ön Ek EAR olarak seçilir

2021-11-18 12:06:34 - [TEST_STEP][PASSED] - Tasarım alanından Otomasyon seçilir: Tasarım alanından Otomasyon seçilir

2021-11-18 12:06:34 - [MESSAGE][PASSED] - Tasarım alanından Otomasyon seçilir

2021-11-18 12:06:34 - [TEST_STEP][PASSED] - Sipariş bilgileri UUC-SAT-1200001 ve 31.04.2020 olarak girilir: Sipariş bilgileri UUC-SAT-1200001 ve 31.04.2020 olarak girilir

2021-11-18 12:06:34 - [MESSAGE][PASSED] - Sipariş bilgileri UUC-SAT-1200001 ve 31.04.2020 olarak girilir

2021-11-18 12:06:34 - [TEST_STEP][PASSED] - İrsaliye Bilgileri AAAAAAAAAA,31.04.2020 olarak girilir: İrsaliye Bilgileri AAAAAAAAAA,31.04.2020 olarak girilir

2021-11-18 12:06:34 - [MESSAGE][PASSED] - İrsaliye Bilgileri AAAAAAAAAA,31.04.2020 olarak girilir

2021-11-18 12:06:34 - [TEST_STEP][PASSED] - Ekle butonuna basılır: Ekle butonuna basılır

2021-11-18 12:06:34 - [MESSAGE][PASSED] - Ekle butonuna basılır

2021-11-18 12:06:34 - [TEST_STEP][PASSED] - Ürün ekleme alanında Mal/Hizmet başlığına Otomasyon girilir: Ürün ekleme alanında Mal/Hizmet başlığına Otomasyon girilir

2021-11-18 12:06:34 - [MESSAGE][PASSED] - Ürün ekleme alanında Mal/Hizmet başlığına Otomasyon girilir

2021-11-18 12:06:34 - [TEST_STEP][PASSED] - Ürün ekleme alanında Açıklaması başlığına Virgosol girilir: Ürün ekleme alanında Açıklaması başlığına Virgosol girilir

2021-11-18 12:06:34 - [MESSAGE][PASSED] - Ürün ekleme alanında Açıklaması başlığına Virgosol girilir

2021-11-18 12:06:34 - [TEST_STEP][PASSED] - Ürün ekleme alanında Miktarı başlığına 400 girilir: Ürün ekleme alanında Miktarı başlığına 400 girilir

2021-11-18 12:06:34 - [MESSAGE][PASSED] - Ürün ekleme alanında Miktarı başlığına 400 girilir

2021-11-18 12:06:34 - [TEST_STEP][PASSED] - Ürün ekleme alanında Birim Fiyat başlığına 100 girilir: Ürün ekleme alanında Birim Fiyat başlığına 100 girilir

2021-11-18 12:06:34 - [MESSAGE][PASSED] - Ürün ekleme alanında Birim Fiyat başlığına 100 girilir

2021-11-18 12:06:34 - [TEST_STEP][PASSED] - Ürün ekleme alanında İskonto Oranı % başlığına 10 girilir: Ürün ekleme alanında İskonto Oranı % başlığına 10 girilir

2021-11-18 12:06:34 - [MESSAGE][PASSED] - Ürün ekleme alanında İskonto Oranı % başlığına 10 girilir

2021-11-18 12:06:34 - [TEST_STEP][PASSED] - Notlar alanına Otomasyon Not girilir: Notlar alanına Otomasyon Not girilir

2021-11-18 12:06:34 - [MESSAGE][PASSED] - Notlar alanına Otomasyon Not girilir

2021-11-18 12:06:34 - [TEST_STEP][PASSED] - Ettn bilgisi kayıt edilir: Ettn bilgisi kayıt edilir

2021-11-18 12:06:34 - [MESSAGE][PASSED] - Ettn bilgisi kayıt edilir

2021-11-18 12:06:34 - [TEST_STEP][PASSED] - Kaydet butonu seçilir: Kaydet butonu seçilir

2021-11-18 12:06:34 - [MESSAGE][PASSED] - Kaydet butonu seçilir

2021-11-18 12:06:34 - [TEST_STEP][PASSED] - Tabloda Ettn bilgisi kaydedilen veri oluşturuldu mu: Tabloda Ettn bilgisi kaydedilen veri oluşturuldu mu

2021-11-18 12:06:34 - [MESSAGE][PASSED] - Tabloda Ettn bilgisi kaydedilen veri oluşturuldu mu

2021-11-18 12:06:34 - [TEST_STEP][PASSED] - Tablodan Ettn bilgisi kaydedilen veri seçilir: Tablodan Ettn bilgisi kaydedilen veri seçilir

2021-11-18 12:06:34 - [MESSAGE][PASSED] - Tablodan Ettn bilgisi kaydedilen veri seçilir

2021-11-18 12:06:34 - [TEST_STEP][PASSED] - Butonlardan Numara Oluştur isimli butona tıklanır: Butonlardan Numara Oluştur isimli butona tıklanır

2021-11-18 12:06:34 - [MESSAGE][PASSED] - Butonlardan Numara Oluştur isimli butona tıklanır

2021-11-18 12:06:34 - [TEST_STEP][PASSED] - Popup mesajı Devam etmek istiyor musunuz içeriyor mu: Popup mesajı Devam etmek istiyor musunuz içeriyor mu

2021-11-18 12:06:34 - [MESSAGE][PASSED] - Popup mesajı Devam etmek istiyor musunuz içeriyor mu

2021-11-18 12:06:34 - [TEST_STEP][PASSED] - Yönetim popupında Evet seçilir: Yönetim popupında Evet seçilir

2021-11-18 12:06:34 - [MESSAGE][PASSED] - Yönetim popupında Evet seçilir

2021-11-18 12:06:34 - [TEST_STEP][PASSED] - Popup mesajı oluşmuştur içeriyor mu: Popup mesajı oluşmuştur içeriyor mu

2021-11-18 12:06:34 - [MESSAGE][PASSED] - Popup mesajı oluşmuştur içeriyor mu

2021-11-18 12:06:34 - [TEST_STEP][PASSED] - Yönetim popupında Tamam seçilir: Yönetim popupında Tamam seçilir

2021-11-18 12:06:34 - [MESSAGE][PASSED] - Yönetim popupında Tamam seçilir

2021-11-18 12:06:34 - [TEST_STEP][PASSED] - Tablodan Ettn bilgisi kaydedilen veri seçilir: Tablodan Ettn bilgisi kaydedilen veri seçilir

2021-11-18 12:06:34 - [MESSAGE][PASSED] - Tablodan Ettn bilgisi kaydedilen veri seçilir

2021-11-18 12:06:34 - [TEST_STEP][PASSED] - Butonlardan Gönder isimli butona tıklanır: Butonlardan Gönder isimli butona tıklanır

2021-11-18 12:06:34 - [MESSAGE][PASSED] - Butonlardan Gönder isimli butona tıklanır

2021-11-18 12:06:34 - [TEST_STEP][PASSED] - Popup mesajı Devam etmek istiyor musunuz içeriyor mu: Popup mesajı Devam etmek istiyor musunuz içeriyor mu

2021-11-18 12:06:34 - [MESSAGE][PASSED] - Popup mesajı Devam etmek istiyor musunuz içeriyor mu

2021-11-18 12:06:34 - [TEST_STEP][PASSED] - Yönetim popupında Evet seçilir: Yönetim popupında Evet seçilir

2021-11-18 12:06:34 - [MESSAGE][PASSED] - Yönetim popupında Evet seçilir

2021-11-18 12:06:34 - [TEST_STEP][PASSED] - Ana menüden e-Arşiv seçilir: Ana menüden e-Arşiv seçilir

2021-11-18 12:06:34 - [MESSAGE][PASSED] - Ana menüden e-Arşiv seçilir

2021-11-18 12:06:34 - [TEST_STEP][PASSED] - Alt menü e-Arşiv Hareketleri başlığı altındaki e-Arşiv Faturaları seçilir: Alt menü e-Arşiv Hareketleri başlığı altındaki e-Arşiv Faturaları seçilir

2021-11-18 12:06:34 - [MESSAGE][PASSED] - Alt menü e-Arşiv Hareketleri başlığı altındaki e-Arşiv Faturaları seçilir

2021-11-18 12:06:34 - [TEST_STEP][PASSED] - Filtrelerden Ettn filtresine Ettn bilgisi yaz: Filtrelerden Ettn filtresine Ettn bilgisi yaz

2021-11-18 12:06:34 - [MESSAGE][PASSED] - Filtrelerden Ettn filtresine Ettn bilgisi yaz

2021-11-18 12:06:34 - [TEST_STEP][PASSED] - Filtre butonlarından Listele seçilir: Filtre butonlarından Listele seçilir

2021-11-18 12:06:34 - [MESSAGE][PASSED] - Filtre butonlarından Listele seçilir

2021-11-18 12:06:34 - [TEST_STEP][PASSED] - Tabloda veri var mı kontrol edilir: Tabloda veri var mı kontrol edilir

2021-11-18 12:06:34 - [MESSAGE][PASSED] - Tabloda veri var mı kontrol edilir

2021-11-18 12:06:34 - [TEST_STEP][PASSED] - Tabloda yeni oluşturulan eArsiv verisi başarılı mı: Tabloda yeni oluşturulan eArsiv verisi başarılı mı

2021-11-18 12:06:34 - [MESSAGE][PASSED] - Tabloda yeni oluşturulan eArsiv verisi başarılı mı

2021-11-18 12:06:34 - [TEST_STEP][PASSED] - Kullanıcı işlemlerinden Çıkış seçilir: Kullanıcı işlemlerinden Çıkış seçilir

2021-11-18 12:06:34 - [MESSAGE][PASSED] - Kullanıcı işlemlerinden Çıkış seçilir

2021-11-18 12:06:34 - [MESSAGE][PASSED] - Feature file: 'Include/features/Regresyon/e-Arsiv/VKN-Elektronik-Ozel Matrah.feature' was passed

2021-11-18 12:06:34 - [TEST_STEP][PASSED] - Start listener action : sampleAfterTestSuite: Invoke 'com.kms.katalon.core.annotation.AfterTestCase' method: 'Listener.sampleAfterTestSuite(...)' completed.

2021-11-18 12:06:34 - [MESSAGE][INFO] - Starting invoke 'com.kms.katalon.core.annotation.AfterTestCase' method: 'Listener.sampleAfterTestSuite(...)'

2021-11-18 12:06:34 - [TEST_STEP][PASSED] - closeBrowser(): Invoke 'com.kms.katalon.core.annotation.AfterTestCase' method: 'Listener.sampleAfterTestSuite(...)' completed.

2021-11-18 12:06:34 - [MESSAGE][INFO] - Closing browser

2021-11-18 12:06:35 - [MESSAGE][PASSED] - Browser is closed

2021-11-18 12:06:35 - [MESSAGE][INFO] - Invoke 'com.kms.katalon.core.annotation.AfterTestCase' method: 'Listener.sampleAfterTestSuite(...)' completed.]]></system-out>
         <system-err><![CDATA[]]></system-err>
      </testcase>
      <testcase name="Test Cases/Case Repository/Regresyon/e-Arsiv/VKN-Elektronik-Satis" time="106.286" classname="Test Cases/Case Repository/Regresyon/e-Arsiv/VKN-Elektronik-Satis" status="PASSED">
         <system-out><![CDATA[2021-11-18 12:06:35 - [TEST_CASE][PASSED] - Test Cases/Case Repository/Regresyon/e-Arsiv/VKN-Elektronik-Satis: Test Cases/Case Repository/Regresyon/e-Arsiv/VKN-Elektronik-Satis

2021-11-18 12:06:35 - [TEST_STEP][PASSED] - Start listener action : sampleBeforeTestSuite: Invoke 'com.kms.katalon.core.annotation.BeforeTestCase' method: 'Listener.sampleBeforeTestSuite(...)' completed.

2021-11-18 12:06:35 - [MESSAGE][INFO] - Starting invoke 'com.kms.katalon.core.annotation.BeforeTestCase' method: 'Listener.sampleBeforeTestSuite(...)'

2021-11-18 12:06:35 - [TEST_STEP][PASSED] - openBrowser(baseUrl): Browser is opened with url: 'https://efatura-stage.elogo.com.tr/'

2021-11-18 12:06:35 - [MESSAGE][INFO] - Opening browser

2021-11-18 12:06:35 - [MESSAGE][INFO] - Starting 'Chrome' driver

2021-11-18 12:06:35 - [MESSAGE][INFO] - User set preference: ['prefs', '{download.default_directory=C:\otomasyondownfiles}']

2021-11-18 12:06:35 - [MESSAGE][INFO] - Action delay is set to 0 milliseconds

2021-11-18 12:06:36 - [MESSAGE][INFO] - Navigating browser to: 'https://efatura-stage.elogo.com.tr/'

2021-11-18 12:06:38 - [MESSAGE][PASSED] - Browser is opened with url: 'https://efatura-stage.elogo.com.tr/'

2021-11-18 12:06:38 - [TEST_STEP][PASSED] - maximizeWindow(): Invoke 'com.kms.katalon.core.annotation.BeforeTestCase' method: 'Listener.sampleBeforeTestSuite(...)' completed.

2021-11-18 12:06:38 - [MESSAGE][INFO] - Maximizing current window

2021-11-18 12:06:38 - [MESSAGE][PASSED] - Current window maximized

2021-11-18 12:06:38 - [MESSAGE][INFO] - Invoke 'com.kms.katalon.core.annotation.BeforeTestCase' method: 'Listener.sampleBeforeTestSuite(...)' completed.

2021-11-18 12:06:39 - [TEST_STEP][PASSED] - runFeatureFile("Include/features/Regresyon/e-Arsiv/VKN-Elektronik-Satis.feature"): Feature file: 'Include/features/Regresyon/e-Arsiv/VKN-Elektronik-Satis.feature' was passed

2021-11-18 12:06:39 - [MESSAGE][INFO] - Starting run keyword runFeatureFile: 'Include/features/Regresyon/e-Arsiv/VKN-Elektronik-Satis.feature' and extract report to folder: 'C:\Users\DELL\Documents\GitHub\EES_KatalonLogo\Reports\20211118_114904\Suite Repository\Regresyon-eArsiv-eMakbuz\20211118_114904/cucumber_report/1637226399214'...

2021-11-18 12:06:39 - [MESSAGE][INFO] - Glue: []

2021-11-18 12:06:40 - [MESSAGE][INFO] - Checking called Test Case

2021-11-18 12:06:40 - [MESSAGE][INFO] - Starting to call Test Case 'Test Cases/Sayfalar/Giris_Sayfasi/Login'

2021-11-18 12:06:40 - [TEST_CASE][PASSED] - Test Cases/Sayfalar/Giris_Sayfasi/Login: Test Cases/Sayfalar/Giris_Sayfasi/Login

2021-11-18 12:06:40 - [TEST_STEP][PASSED] - Sayfa_Basligi = getWindowTitle(): Current window's title is: 'LOGO e-Fatura'

2021-11-18 12:06:40 - [MESSAGE][INFO] - Getting current window's title

2021-11-18 12:06:40 - [MESSAGE][PASSED] - Current window's title is: 'LOGO e-Fatura'

2021-11-18 12:06:40 - [TEST_STEP][PASSED] - verifyMatch(Sayfa_Basligi, "LOGO e-Fatura", false): Actual text 'LOGO e-Fatura' and expected text 'LOGO e-Fatura' are matched 

2021-11-18 12:06:40 - [MESSAGE][INFO] - Matching actual text 'LOGO e-Fatura' with expected text 'LOGO e-Fatura'

2021-11-18 12:06:40 - [MESSAGE][PASSED] - Actual text 'LOGO e-Fatura' and expected text 'LOGO e-Fatura' are matched 

2021-11-18 12:06:40 - [TEST_STEP][PASSED] - sendKeys(findTestObject("Sayfalar/Giris_Sayfasi/Firma_Kodu"), KullaniciAdi): Keys 'EARSATIS' sent to object: 'Object Repository/Sayfalar/Giris_Sayfasi/Firma_Kodu'

2021-11-18 12:06:40 - [MESSAGE][INFO] - Finding Test Object 'Object Repository/Sayfalar/Giris_Sayfasi/Firma_Kodu'

2021-11-18 12:06:40 - [MESSAGE][INFO] - Sending keys 'EARSATIS' to object: 'Object Repository/Sayfalar/Giris_Sayfasi/Firma_Kodu'

2021-11-18 12:06:40 - [MESSAGE][INFO] - Finding web element from Test Object's properties

2021-11-18 12:06:40 - [MESSAGE][INFO] - Checking timeout

2021-11-18 12:06:40 - [MESSAGE][INFO] - Finding web element with id: 'Object Repository/Sayfalar/Giris_Sayfasi/Firma_Kodu' located by 'By.xpath: //*[@id = 'AccountName']' in '30' second(s)

2021-11-18 12:06:40 - [MESSAGE][INFO] - Smart Wait Function is triggered

2021-11-18 12:06:40 - [MESSAGE][INFO] - Found 1 web elements with id: 'Object Repository/Sayfalar/Giris_Sayfasi/Firma_Kodu' located by 'By.xpath: //*[@id = 'AccountName']' in '30' second(s)

2021-11-18 12:06:40 - [MESSAGE][PASSED] - Keys 'EARSATIS' sent to object: 'Object Repository/Sayfalar/Giris_Sayfasi/Firma_Kodu'

2021-11-18 12:06:40 - [TEST_STEP][PASSED] - sendKeys(findTestObject("Sayfalar/Giris_Sayfasi/Sifre"), Sifre): Keys 'test1234' sent to object: 'Object Repository/Sayfalar/Giris_Sayfasi/Sifre'

2021-11-18 12:06:40 - [MESSAGE][INFO] - Finding Test Object 'Object Repository/Sayfalar/Giris_Sayfasi/Sifre'

2021-11-18 12:06:40 - [MESSAGE][INFO] - Sending keys 'test1234' to object: 'Object Repository/Sayfalar/Giris_Sayfasi/Sifre'

2021-11-18 12:06:40 - [MESSAGE][INFO] - Finding web element from Test Object's properties

2021-11-18 12:06:40 - [MESSAGE][INFO] - Checking timeout

2021-11-18 12:06:40 - [MESSAGE][INFO] - Finding web element with id: 'Object Repository/Sayfalar/Giris_Sayfasi/Sifre' located by 'By.xpath: //*[@id = 'Password']' in '30' second(s)

2021-11-18 12:06:40 - [MESSAGE][INFO] - Smart Wait Function is triggered

2021-11-18 12:06:41 - [MESSAGE][INFO] - Found 1 web elements with id: 'Object Repository/Sayfalar/Giris_Sayfasi/Sifre' located by 'By.xpath: //*[@id = 'Password']' in '30' second(s)

2021-11-18 12:06:41 - [MESSAGE][PASSED] - Keys 'test1234' sent to object: 'Object Repository/Sayfalar/Giris_Sayfasi/Sifre'

2021-11-18 12:06:41 - [TEST_STEP][PASSED] - findWebElement(findTestObject("Sayfalar/Giris_Sayfasi/Giris_Butonu")).click(): Found 1 web elements with id: 'Object Repository/Sayfalar/Giris_Sayfasi/Giris_Butonu' located by 'By.cssSelector: #btnLogin' in '30' second(s)

2021-11-18 12:06:41 - [MESSAGE][INFO] - Finding Test Object 'Object Repository/Sayfalar/Giris_Sayfasi/Giris_Butonu'

2021-11-18 12:06:41 - [MESSAGE][INFO] - Finding web element from Test Object's properties

2021-11-18 12:06:41 - [MESSAGE][INFO] - Checking timeout

2021-11-18 12:06:41 - [MESSAGE][INFO] - Finding web element with id: 'Object Repository/Sayfalar/Giris_Sayfasi/Giris_Butonu' located by 'By.cssSelector: #btnLogin' in '30' second(s)

2021-11-18 12:06:41 - [MESSAGE][INFO] - Smart Wait Function is triggered

2021-11-18 12:06:41 - [MESSAGE][INFO] - Found 1 web elements with id: 'Object Repository/Sayfalar/Giris_Sayfasi/Giris_Butonu' located by 'By.cssSelector: #btnLogin' in '30' second(s)

2021-11-18 12:06:42 - [TEST_STEP][PASSED] - if (verifyElementPresent(findTestObject("Object Repository/Sayfalar/Giris_Sayfasi/RetveTamam_Butonu"), 5, OPTIONAL)): null

2021-11-18 12:06:42 - [MESSAGE][INFO] - Finding Test Object 'Object Repository/Sayfalar/Giris_Sayfasi/RetveTamam_Butonu'

2021-11-18 12:06:42 - [MESSAGE][INFO] - Checking object

2021-11-18 12:06:42 - [MESSAGE][INFO] - Finding web element from Test Object's properties

2021-11-18 12:06:42 - [MESSAGE][INFO] - Checking timeout

2021-11-18 12:06:42 - [MESSAGE][INFO] - Finding web element with id: 'Object Repository/Sayfalar/Giris_Sayfasi/RetveTamam_Butonu' located by 'By.xpath: //*[@class = 'btn btn-default']' in '5' second(s)

2021-11-18 12:06:42 - [MESSAGE][INFO] - Smart Wait Function is triggered

2021-11-18 12:06:43 - [MESSAGE][INFO] - Found 1 web elements with id: 'Object Repository/Sayfalar/Giris_Sayfasi/RetveTamam_Butonu' located by 'By.xpath: //*[@class = 'btn btn-default']' in '5' second(s)

2021-11-18 12:06:43 - [MESSAGE][PASSED] - Object 'Object Repository/Sayfalar/Giris_Sayfasi/RetveTamam_Butonu' is present

2021-11-18 12:06:43 - [TEST_STEP][PASSED] - click(findTestObject("Object Repository/Sayfalar/Giris_Sayfasi/RetveTamam_Butonu")): Object: 'Object Repository/Sayfalar/Giris_Sayfasi/RetveTamam_Butonu' is clicked on

2021-11-18 12:06:43 - [MESSAGE][INFO] - Finding Test Object 'Object Repository/Sayfalar/Giris_Sayfasi/RetveTamam_Butonu'

2021-11-18 12:06:43 - [MESSAGE][INFO] - Checking object

2021-11-18 12:06:43 - [MESSAGE][INFO] - Finding web element from Test Object's properties

2021-11-18 12:06:43 - [MESSAGE][INFO] - Checking timeout

2021-11-18 12:06:43 - [MESSAGE][INFO] - Finding web element with id: 'Object Repository/Sayfalar/Giris_Sayfasi/RetveTamam_Butonu' located by 'By.xpath: //*[@class = 'btn btn-default']' in '30' second(s)

2021-11-18 12:06:43 - [MESSAGE][INFO] - Smart Wait Function is triggered

2021-11-18 12:06:43 - [MESSAGE][INFO] - Found 1 web elements with id: 'Object Repository/Sayfalar/Giris_Sayfasi/RetveTamam_Butonu' located by 'By.xpath: //*[@class = 'btn btn-default']' in '30' second(s)

2021-11-18 12:06:43 - [MESSAGE][INFO] - Clicking on object: 'Object Repository/Sayfalar/Giris_Sayfasi/RetveTamam_Butonu'

2021-11-18 12:06:43 - [MESSAGE][PASSED] - Object: 'Object Repository/Sayfalar/Giris_Sayfasi/RetveTamam_Butonu' is clicked on

2021-11-18 12:06:43 - [TEST_STEP][PASSED] - click(findTestObject("Object Repository/Sayfalar/Giris_Sayfasi/RetveTamam_Butonu")): Object: 'Object Repository/Sayfalar/Giris_Sayfasi/RetveTamam_Butonu' is clicked on

2021-11-18 12:06:43 - [MESSAGE][INFO] - Finding Test Object 'Object Repository/Sayfalar/Giris_Sayfasi/RetveTamam_Butonu'

2021-11-18 12:06:43 - [MESSAGE][INFO] - Checking object

2021-11-18 12:06:43 - [MESSAGE][INFO] - Finding web element from Test Object's properties

2021-11-18 12:06:43 - [MESSAGE][INFO] - Checking timeout

2021-11-18 12:06:43 - [MESSAGE][INFO] - Finding web element with id: 'Object Repository/Sayfalar/Giris_Sayfasi/RetveTamam_Butonu' located by 'By.xpath: //*[@class = 'btn btn-default']' in '30' second(s)

2021-11-18 12:06:43 - [MESSAGE][INFO] - Smart Wait Function is triggered

2021-11-18 12:06:47 - [MESSAGE][INFO] - Found 1 web elements with id: 'Object Repository/Sayfalar/Giris_Sayfasi/RetveTamam_Butonu' located by 'By.xpath: //*[@class = 'btn btn-default']' in '30' second(s)

2021-11-18 12:06:47 - [MESSAGE][INFO] - Clicking on object: 'Object Repository/Sayfalar/Giris_Sayfasi/RetveTamam_Butonu'

2021-11-18 12:06:47 - [MESSAGE][PASSED] - Object: 'Object Repository/Sayfalar/Giris_Sayfasi/RetveTamam_Butonu' is clicked on

2021-11-18 12:06:47 - [TEST_STEP][PASSED] - if (verifyElementPresent(findTestObject("Sayfalar/Giris_Sayfasi/PopupOK"), 5, OPTIONAL)): com.kms.katalon.core.webui.exception.WebElementNotFoundException: Web element with id: 'Object Repository/Sayfalar/Giris_Sayfasi/PopupOK' located by '.btn.btn-success' not found (Root cause: com.kms.katalon.core.exception.StepFailedException: com.kms.katalon.core.webui.exception.WebElementNotFoundException: Web element with id: 'Object Repository/Sayfalar/Giris_Sayfasi/PopupOK' located by '.btn.btn-success' not found
	at com.kms.katalon.core.webui.keyword.internal.WebUIKeywordMain.stepFailed(WebUIKeywordMain.groovy:64)
	at com.kms.katalon.core.webui.keyword.builtin.VerifyElementPresentKeyword$_verifyElementPresent_closure1.doCall(VerifyElementPresentKeyword.groovy:85)
	at com.kms.katalon.core.webui.keyword.builtin.VerifyElementPresentKeyword$_verifyElementPresent_closure1.call(VerifyElementPresentKeyword.groovy)
	at com.kms.katalon.core.webui.keyword.internal.WebUIKeywordMain.runKeyword(WebUIKeywordMain.groovy:20)
	at com.kms.katalon.core.webui.keyword.builtin.VerifyElementPresentKeyword.verifyElementPresent(VerifyElementPresentKeyword.groovy:92)
	at com.kms.katalon.core.webui.keyword.builtin.VerifyElementPresentKeyword.execute(VerifyElementPresentKeyword.groovy:68)
	at com.kms.katalon.core.keyword.internal.KeywordExecutor.executeKeywordForPlatform(KeywordExecutor.groovy:73)
	at com.kms.katalon.core.webui.keyword.WebUiBuiltInKeywords.verifyElementPresent(WebUiBuiltInKeywords.groovy:1448)
	at com.kms.katalon.core.webui.keyword.WebUiBuiltInKeywords$verifyElementPresent$4.call(Unknown Source)
	at Login.run(Login:40)
	at com.kms.katalon.core.main.ScriptEngine.run(ScriptEngine.java:194)
	at com.kms.katalon.core.main.ScriptEngine.runScriptAsRawText(ScriptEngine.java:119)
	at com.kms.katalon.core.main.TestCaseExecutor.runScript(TestCaseExecutor.java:369)
	at com.kms.katalon.core.main.TestCaseExecutor.doExecute(TestCaseExecutor.java:360)
	at com.kms.katalon.core.main.TestCaseExecutor.processExecutionPhase(TestCaseExecutor.java:339)
	at com.kms.katalon.core.main.TestCaseExecutor.accessMainPhase(TestCaseExecutor.java:331)
	at com.kms.katalon.core.main.TestCaseExecutor.execute(TestCaseExecutor.java:248)
	at com.kms.katalon.core.main.TestCaseMain.runTestCase(TestCaseMain.java:138)
	at com.kms.katalon.core.keyword.builtin.CallTestCaseKeyword$_callTestCase_closure1.doCall(CallTestCaseKeyword.groovy:59)
	at com.kms.katalon.core.keyword.builtin.CallTestCaseKeyword$_callTestCase_closure1.call(CallTestCaseKeyword.groovy)
	at com.kms.katalon.core.keyword.internal.KeywordMain.runKeyword(KeywordMain.groovy:68)
	at com.kms.katalon.core.keyword.builtin.CallTestCaseKeyword.callTestCase(CallTestCaseKeyword.groovy:81)
	at com.kms.katalon.core.keyword.builtin.CallTestCaseKeyword.execute(CallTestCaseKeyword.groovy:44)
	at com.kms.katalon.core.keyword.internal.KeywordExecutor.executeKeywordForPlatform(KeywordExecutor.groovy:73)
	at com.kms.katalon.core.keyword.BuiltinKeywords.callTestCase(BuiltinKeywords.groovy:334)
	at sayfalar.girisSayfasi.login(girisSayfasi.groovy:50)
	at cucumber.runtime.Utils$1.call(Utils.java:26)
	at cucumber.runtime.Timeout.timeout(Timeout.java:16)
	at cucumber.runtime.Utils.invoke(Utils.java:20)
	at cucumber.runtime.java.JavaStepDefinition.execute(JavaStepDefinition.java:49)
	at cucumber.runner.PickleStepDefinitionMatch.runStep(PickleStepDefinitionMatch.java:50)
	at cucumber.runner.TestStep.executeStep(TestStep.java:63)
	at cucumber.runner.TestStep.run(TestStep.java:49)
	at cucumber.runner.PickleStepTestStep.run(PickleStepTestStep.java:43)
	at cucumber.runner.TestCase.run(TestCase.java:44)
	at cucumber.runner.Runner.runPickle(Runner.java:40)
	at cucumber.runtime.Runtime$1.run(Runtime.java:84)
	at cucumber.runtime.Runtime$SameThreadExecutorService.execute(Runtime.java:220)
	at cucumber.runtime.Runtime.run(Runtime.java:81)
	at cucumber.api.cli.Main.run(Main.java:26)
	at cucumber.api.cli.Main$run.call(Unknown Source)
	at com.kms.katalon.core.cucumber.keyword.CucumberBuiltinKeywords$_runFeatureFile_closure1.doCall(CucumberBuiltinKeywords.groovy:106)
	at com.kms.katalon.core.cucumber.keyword.CucumberBuiltinKeywords$_runFeatureFile_closure1.doCall(CucumberBuiltinKeywords.groovy)
	at com.kms.katalon.core.keyword.internal.KeywordMain.runKeyword(KeywordMain.groovy:68)
	at com.kms.katalon.core.keyword.internal.KeywordMain$runKeyword.call(Unknown Source)
	at com.kms.katalon.core.cucumber.keyword.CucumberBuiltinKeywords.runFeatureFile(CucumberBuiltinKeywords.groovy:73)
	at com.kms.katalon.core.cucumber.keyword.CucumberBuiltinKeywords$runFeatureFile$0.callStatic(Unknown Source)
	at com.kms.katalon.core.cucumber.keyword.CucumberBuiltinKeywords.runFeatureFile(CucumberBuiltinKeywords.groovy:246)
	at com.kms.katalon.core.cucumber.keyword.CucumberBuiltinKeywords$runFeatureFile.call(Unknown Source)
	at VKN-Elektronik-Satis.run(VKN-Elektronik-Satis:19)
	at com.kms.katalon.core.main.ScriptEngine.run(ScriptEngine.java:194)
	at com.kms.katalon.core.main.ScriptEngine.runScriptAsRawText(ScriptEngine.java:119)
	at com.kms.katalon.core.main.TestCaseExecutor.runScript(TestCaseExecutor.java:369)
	at com.kms.katalon.core.main.TestCaseExecutor.doExecute(TestCaseExecutor.java:360)
	at com.kms.katalon.core.main.TestCaseExecutor.processExecutionPhase(TestCaseExecutor.java:339)
	at com.kms.katalon.core.main.TestCaseExecutor.accessMainPhase(TestCaseExecutor.java:331)
	at com.kms.katalon.core.main.TestCaseExecutor.execute(TestCaseExecutor.java:248)
	at com.kms.katalon.core.main.TestSuiteExecutor.accessTestCaseMainPhase(TestSuiteExecutor.java:191)
	at com.kms.katalon.core.main.TestSuiteExecutor.accessTestSuiteMainPhase(TestSuiteExecutor.java:140)
	at com.kms.katalon.core.main.TestSuiteExecutor.execute(TestSuiteExecutor.java:89)
	at com.kms.katalon.core.main.TestCaseMain.startTestSuite(TestCaseMain.java:181)
	at com.kms.katalon.core.main.TestCaseMain$startTestSuite$0.call(Unknown Source)
	at TempTestSuite1637225344330.run(TempTestSuite1637225344330.groovy:39)
)

2021-11-18 12:06:47 - [MESSAGE][INFO] - Finding Test Object 'Object Repository/Sayfalar/Giris_Sayfasi/PopupOK'

2021-11-18 12:06:47 - [MESSAGE][INFO] - Checking object

2021-11-18 12:06:47 - [MESSAGE][INFO] - Finding web element from Test Object's properties

2021-11-18 12:06:47 - [MESSAGE][INFO] - Checking timeout

2021-11-18 12:06:47 - [MESSAGE][INFO] - Finding web element with id: 'Object Repository/Sayfalar/Giris_Sayfasi/PopupOK' located by 'By.cssSelector: .btn.btn-success' in '5' second(s)

2021-11-18 12:06:47 - [MESSAGE][INFO] - Smart Wait Function is triggered

2021-11-18 12:06:48 - [MESSAGE][INFO] - Smart Wait Function is triggered

2021-11-18 12:06:48 - [MESSAGE][INFO] - Smart Wait Function is triggered

2021-11-18 12:06:49 - [MESSAGE][INFO] - Smart Wait Function is triggered

2021-11-18 12:06:49 - [MESSAGE][INFO] - Smart Wait Function is triggered

2021-11-18 12:06:49 - [MESSAGE][INFO] - Smart Wait Function is triggered

2021-11-18 12:06:49 - [MESSAGE][INFO] - Smart Wait Function is triggered

2021-11-18 12:06:50 - [MESSAGE][INFO] - Smart Wait Function is triggered

2021-11-18 12:06:50 - [MESSAGE][INFO] - Smart Wait Function is triggered

2021-11-18 12:06:50 - [MESSAGE][INFO] - Smart Wait Function is triggered

2021-11-18 12:06:51 - [MESSAGE][INFO] - Smart Wait Function is triggered

2021-11-18 12:06:51 - [MESSAGE][INFO] - Smart Wait Function is triggered

2021-11-18 12:06:51 - [MESSAGE][INFO] - Smart Wait Function is triggered

2021-11-18 12:06:51 - [MESSAGE][INFO] - Smart Wait Function is triggered

2021-11-18 12:06:52 - [MESSAGE][INFO] - Smart Wait Function is triggered

2021-11-18 12:06:52 - [MESSAGE][INFO] - Smart Wait Function is triggered

2021-11-18 12:06:52 - [MESSAGE][INFO] - Smart Wait Function is triggered

2021-11-18 12:06:52 - [MESSAGE][INFO] - Smart Wait Function is triggered

2021-11-18 12:06:53 - [MESSAGE][INFO] - Smart Wait Function is triggered

2021-11-18 12:06:53 - [MESSAGE][INFO] - Smart Wait Function is triggered

2021-11-18 12:06:53 - [MESSAGE][INFO] - Smart Wait Function is triggered

2021-11-18 12:06:53 - [MESSAGE][INFO] - Smart Wait Function is triggered

2021-11-18 12:06:54 - [MESSAGE][INFO] - Unable to find the element located by 'By.cssSelector: .btn.btn-success'. Please recheck the objects properties to make sure the desired element is located. 

2021-11-18 12:06:54 - [MESSAGE][WARNING] - com.kms.katalon.core.webui.exception.WebElementNotFoundException: Web element with id: 'Object Repository/Sayfalar/Giris_Sayfasi/PopupOK' located by '.btn.btn-success' not found (Root cause: com.kms.katalon.core.exception.StepFailedException: com.kms.katalon.core.webui.exception.WebElementNotFoundException: Web element with id: 'Object Repository/Sayfalar/Giris_Sayfasi/PopupOK' located by '.btn.btn-success' not found
	at com.kms.katalon.core.webui.keyword.internal.WebUIKeywordMain.stepFailed(WebUIKeywordMain.groovy:64)
	at com.kms.katalon.core.webui.keyword.builtin.VerifyElementPresentKeyword$_verifyElementPresent_closure1.doCall(VerifyElementPresentKeyword.groovy:85)
	at com.kms.katalon.core.webui.keyword.builtin.VerifyElementPresentKeyword$_verifyElementPresent_closure1.call(VerifyElementPresentKeyword.groovy)
	at com.kms.katalon.core.webui.keyword.internal.WebUIKeywordMain.runKeyword(WebUIKeywordMain.groovy:20)
	at com.kms.katalon.core.webui.keyword.builtin.VerifyElementPresentKeyword.verifyElementPresent(VerifyElementPresentKeyword.groovy:92)
	at com.kms.katalon.core.webui.keyword.builtin.VerifyElementPresentKeyword.execute(VerifyElementPresentKeyword.groovy:68)
	at com.kms.katalon.core.keyword.internal.KeywordExecutor.executeKeywordForPlatform(KeywordExecutor.groovy:73)
	at com.kms.katalon.core.webui.keyword.WebUiBuiltInKeywords.verifyElementPresent(WebUiBuiltInKeywords.groovy:1448)
	at com.kms.katalon.core.webui.keyword.WebUiBuiltInKeywords$verifyElementPresent$4.call(Unknown Source)
	at Login.run(Login:40)
	at com.kms.katalon.core.main.ScriptEngine.run(ScriptEngine.java:194)
	at com.kms.katalon.core.main.ScriptEngine.runScriptAsRawText(ScriptEngine.java:119)
	at com.kms.katalon.core.main.TestCaseExecutor.runScript(TestCaseExecutor.java:369)
	at com.kms.katalon.core.main.TestCaseExecutor.doExecute(TestCaseExecutor.java:360)
	at com.kms.katalon.core.main.TestCaseExecutor.processExecutionPhase(TestCaseExecutor.java:339)
	at com.kms.katalon.core.main.TestCaseExecutor.accessMainPhase(TestCaseExecutor.java:331)
	at com.kms.katalon.core.main.TestCaseExecutor.execute(TestCaseExecutor.java:248)
	at com.kms.katalon.core.main.TestCaseMain.runTestCase(TestCaseMain.java:138)
	at com.kms.katalon.core.keyword.builtin.CallTestCaseKeyword$_callTestCase_closure1.doCall(CallTestCaseKeyword.groovy:59)
	at com.kms.katalon.core.keyword.builtin.CallTestCaseKeyword$_callTestCase_closure1.call(CallTestCaseKeyword.groovy)
	at com.kms.katalon.core.keyword.internal.KeywordMain.runKeyword(KeywordMain.groovy:68)
	at com.kms.katalon.core.keyword.builtin.CallTestCaseKeyword.callTestCase(CallTestCaseKeyword.groovy:81)
	at com.kms.katalon.core.keyword.builtin.CallTestCaseKeyword.execute(CallTestCaseKeyword.groovy:44)
	at com.kms.katalon.core.keyword.internal.KeywordExecutor.executeKeywordForPlatform(KeywordExecutor.groovy:73)
	at com.kms.katalon.core.keyword.BuiltinKeywords.callTestCase(BuiltinKeywords.groovy:334)
	at sayfalar.girisSayfasi.login(girisSayfasi.groovy:50)
	at cucumber.runtime.Utils$1.call(Utils.java:26)
	at cucumber.runtime.Timeout.timeout(Timeout.java:16)
	at cucumber.runtime.Utils.invoke(Utils.java:20)
	at cucumber.runtime.java.JavaStepDefinition.execute(JavaStepDefinition.java:49)
	at cucumber.runner.PickleStepDefinitionMatch.runStep(PickleStepDefinitionMatch.java:50)
	at cucumber.runner.TestStep.executeStep(TestStep.java:63)
	at cucumber.runner.TestStep.run(TestStep.java:49)
	at cucumber.runner.PickleStepTestStep.run(PickleStepTestStep.java:43)
	at cucumber.runner.TestCase.run(TestCase.java:44)
	at cucumber.runner.Runner.runPickle(Runner.java:40)
	at cucumber.runtime.Runtime$1.run(Runtime.java:84)
	at cucumber.runtime.Runtime$SameThreadExecutorService.execute(Runtime.java:220)
	at cucumber.runtime.Runtime.run(Runtime.java:81)
	at cucumber.api.cli.Main.run(Main.java:26)
	at cucumber.api.cli.Main$run.call(Unknown Source)
	at com.kms.katalon.core.cucumber.keyword.CucumberBuiltinKeywords$_runFeatureFile_closure1.doCall(CucumberBuiltinKeywords.groovy:106)
	at com.kms.katalon.core.cucumber.keyword.CucumberBuiltinKeywords$_runFeatureFile_closure1.doCall(CucumberBuiltinKeywords.groovy)
	at com.kms.katalon.core.keyword.internal.KeywordMain.runKeyword(KeywordMain.groovy:68)
	at com.kms.katalon.core.keyword.internal.KeywordMain$runKeyword.call(Unknown Source)
	at com.kms.katalon.core.cucumber.keyword.CucumberBuiltinKeywords.runFeatureFile(CucumberBuiltinKeywords.groovy:73)
	at com.kms.katalon.core.cucumber.keyword.CucumberBuiltinKeywords$runFeatureFile$0.callStatic(Unknown Source)
	at com.kms.katalon.core.cucumber.keyword.CucumberBuiltinKeywords.runFeatureFile(CucumberBuiltinKeywords.groovy:246)
	at com.kms.katalon.core.cucumber.keyword.CucumberBuiltinKeywords$runFeatureFile.call(Unknown Source)
	at VKN-Elektronik-Satis.run(VKN-Elektronik-Satis:19)
	at com.kms.katalon.core.main.ScriptEngine.run(ScriptEngine.java:194)
	at com.kms.katalon.core.main.ScriptEngine.runScriptAsRawText(ScriptEngine.java:119)
	at com.kms.katalon.core.main.TestCaseExecutor.runScript(TestCaseExecutor.java:369)
	at com.kms.katalon.core.main.TestCaseExecutor.doExecute(TestCaseExecutor.java:360)
	at com.kms.katalon.core.main.TestCaseExecutor.processExecutionPhase(TestCaseExecutor.java:339)
	at com.kms.katalon.core.main.TestCaseExecutor.accessMainPhase(TestCaseExecutor.java:331)
	at com.kms.katalon.core.main.TestCaseExecutor.execute(TestCaseExecutor.java:248)
	at com.kms.katalon.core.main.TestSuiteExecutor.accessTestCaseMainPhase(TestSuiteExecutor.java:191)
	at com.kms.katalon.core.main.TestSuiteExecutor.accessTestSuiteMainPhase(TestSuiteExecutor.java:140)
	at com.kms.katalon.core.main.TestSuiteExecutor.execute(TestSuiteExecutor.java:89)
	at com.kms.katalon.core.main.TestCaseMain.startTestSuite(TestCaseMain.java:181)
	at com.kms.katalon.core.main.TestCaseMain$startTestSuite$0.call(Unknown Source)
	at TempTestSuite1637225344330.run(TempTestSuite1637225344330.groovy:39)
)

2021-11-18 12:06:54 - [TEST_STEP][PASSED] - verifyElementVisible(findTestObject("Object Repository/Kullanici_Islemleri/KullaniciIslemleri")): Object 'Object Repository/Kullanici_Islemleri/KullaniciIslemleri' is visible

2021-11-18 12:06:54 - [MESSAGE][INFO] - Finding Test Object 'Object Repository/Kullanici_Islemleri/KullaniciIslemleri'

2021-11-18 12:06:54 - [MESSAGE][INFO] - Checking object

2021-11-18 12:06:54 - [MESSAGE][INFO] - Finding web element from Test Object's properties

2021-11-18 12:06:54 - [MESSAGE][INFO] - Checking timeout

2021-11-18 12:06:54 - [MESSAGE][INFO] - Finding web element with id: 'Object Repository/Kullanici_Islemleri/KullaniciIslemleri' located by 'By.cssSelector: .dropdown>a>img' in '30' second(s)

2021-11-18 12:06:54 - [MESSAGE][INFO] - Smart Wait Function is triggered

2021-11-18 12:06:54 - [MESSAGE][INFO] - Found 1 web elements with id: 'Object Repository/Kullanici_Islemleri/KullaniciIslemleri' located by 'By.cssSelector: .dropdown>a>img' in '30' second(s)

2021-11-18 12:06:54 - [MESSAGE][PASSED] - Object 'Object Repository/Kullanici_Islemleri/KullaniciIslemleri' is visible

2021-11-18 12:06:54 - [MESSAGE][PASSED] - Call Test Case 'Test Cases/Sayfalar/Giris_Sayfasi/Login' successfully

2021-11-18 12:06:54 - [MESSAGE][INFO] - Checking called Test Case

2021-11-18 12:06:54 - [MESSAGE][INFO] - Starting to call Test Case 'Test Cases/Menu/AnaMenuSecimi'

2021-11-18 12:06:54 - [TEST_CASE][PASSED] - Test Cases/Menu/AnaMenuSecimi: Test Cases/Menu/AnaMenuSecimi

2021-11-18 12:06:54 - [TEST_STEP][PASSED] - Method.TextDegerineEsitElementeTikla(findTestObject("Menu/Ana_Menu"), Ana_Menu): Method.TextDegerineEsitElementeTikla is PASSED

2021-11-18 12:06:54 - [MESSAGE][INFO] - Finding Test Object 'Object Repository/Menu/Ana_Menu'

2021-11-18 12:06:54 - [MESSAGE][INFO] - Checking timeout

2021-11-18 12:06:54 - [MESSAGE][INFO] - Finding web element with id: 'Object Repository/Menu/Ana_Menu' located by 'By.xpath: //*[@class = 'dropdown-toggle']' in '10' second(s)

2021-11-18 12:06:54 - [MESSAGE][INFO] - Smart Wait Function is triggered

2021-11-18 12:06:54 - [MESSAGE][INFO] - Found 13 web elements with id: 'Object Repository/Menu/Ana_Menu' located by 'By.xpath: //*[@class = 'dropdown-toggle']' in '10' second(s)

2021-11-18 12:06:55 - [MESSAGE][PASSED] - Method.TextDegerineEsitElementeTikla is PASSED

2021-11-18 12:06:55 - [MESSAGE][PASSED] - Call Test Case 'Test Cases/Menu/AnaMenuSecimi' successfully

2021-11-18 12:06:55 - [MESSAGE][INFO] - Checking called Test Case

2021-11-18 12:06:55 - [MESSAGE][INFO] - Starting to call Test Case 'Test Cases/Menu/BasligaGoreAltMenuSecimi'

2021-11-18 12:06:55 - [TEST_CASE][PASSED] - Test Cases/Menu/BasligaGoreAltMenuSecimi: Test Cases/Menu/BasligaGoreAltMenuSecimi

2021-11-18 12:06:55 - [TEST_STEP][PASSED] - Method.TextDegerineEsitElementinAltindakiTextDegerineEsitOlanaTikla(findTestObject("Menu/Menu_Basligi"), findTestObject("Menu/Basliga_Gore_Alt_Menu"), Baslik, Alt_Menu): Method.TextDegerineEsitElementinAltindakiTextDegerineEsitOlanaTikla is PASSED

2021-11-18 12:06:55 - [MESSAGE][INFO] - Finding Test Object 'Object Repository/Menu/Menu_Basligi'

2021-11-18 12:06:55 - [MESSAGE][INFO] - Finding Test Object 'Object Repository/Menu/Basliga_Gore_Alt_Menu'

2021-11-18 12:06:55 - [MESSAGE][INFO] - Checking timeout

2021-11-18 12:06:55 - [MESSAGE][INFO] - Finding web element with id: 'Object Repository/Menu/Menu_Basligi' located by 'By.xpath: //li[@class='dropdown dropdown-large open']//li[@class='dropdown-header']' in '10' second(s)

2021-11-18 12:06:55 - [MESSAGE][INFO] - Smart Wait Function is triggered

2021-11-18 12:06:55 - [MESSAGE][INFO] - Found 2 web elements with id: 'Object Repository/Menu/Menu_Basligi' located by 'By.xpath: //li[@class='dropdown dropdown-large open']//li[@class='dropdown-header']' in '10' second(s)

2021-11-18 12:06:55 - [MESSAGE][INFO] - Smart Wait Function is triggered

2021-11-18 12:06:57 - [MESSAGE][PASSED] - Method.TextDegerineEsitElementinAltindakiTextDegerineEsitOlanaTikla is PASSED

2021-11-18 12:06:57 - [MESSAGE][PASSED] - Call Test Case 'Test Cases/Menu/BasligaGoreAltMenuSecimi' successfully

2021-11-18 12:06:57 - [MESSAGE][INFO] - Checking called Test Case

2021-11-18 12:06:57 - [MESSAGE][INFO] - Starting to call Test Case 'Test Cases/Tablo/Olusturma Tarihi'

2021-11-18 12:06:57 - [TEST_CASE][PASSED] - Test Cases/Tablo/Olusturma Tarihi: Test Cases/Tablo/Olusturma Tarihi

2021-11-18 12:06:57 - [TEST_STEP][PASSED] - if (verifyTextNotPresent("Görüntülenecek veri yok", true, OPTIONAL)): null

2021-11-18 12:06:57 - [MESSAGE][INFO] - Checking text present  using regular expression

2021-11-18 12:06:57 - [MESSAGE][INFO] - Smart Wait Function is triggered

2021-11-18 12:06:58 - [MESSAGE][INFO] - Finding text 'Görüntülenecek veri yok' on page  using regular expression

2021-11-18 12:06:58 - [MESSAGE][PASSED] - Text 'Görüntülenecek veri yok' is not present on page using regular expression

2021-11-18 12:06:58 - [TEST_STEP][PASSED] - click(findTestObject("Temizle/Olusturma_Tarihi_CheckBox")): Object: 'Object Repository/Temizle/Olusturma_Tarihi_CheckBox' is clicked on

2021-11-18 12:06:58 - [MESSAGE][INFO] - Finding Test Object 'Object Repository/Temizle/Olusturma_Tarihi_CheckBox'

2021-11-18 12:06:58 - [MESSAGE][INFO] - Checking object

2021-11-18 12:06:58 - [MESSAGE][INFO] - Finding web element from Test Object's properties

2021-11-18 12:06:58 - [MESSAGE][INFO] - Checking timeout

2021-11-18 12:06:58 - [MESSAGE][INFO] - Finding web element with id: 'Object Repository/Temizle/Olusturma_Tarihi_CheckBox' located by 'By.xpath: //*[@title = 'Bu sayfadaki tüm satırları Seç']' in '30' second(s)

2021-11-18 12:06:58 - [MESSAGE][INFO] - Smart Wait Function is triggered

2021-11-18 12:06:58 - [MESSAGE][INFO] - Found 1 web elements with id: 'Object Repository/Temizle/Olusturma_Tarihi_CheckBox' located by 'By.xpath: //*[@title = 'Bu sayfadaki tüm satırları Seç']' in '30' second(s)

2021-11-18 12:06:58 - [MESSAGE][INFO] - Clicking on object: 'Object Repository/Temizle/Olusturma_Tarihi_CheckBox'

2021-11-18 12:06:58 - [MESSAGE][PASSED] - Object: 'Object Repository/Temizle/Olusturma_Tarihi_CheckBox' is clicked on

2021-11-18 12:06:58 - [TEST_STEP][PASSED] - Method.TextDegerineEsitElementeTiklaEquals(findTestObject("Butonlar/Butonlar"), "Sil"): Method.TextDegerineEsitElementeTiklaEquals is PASSED

2021-11-18 12:06:58 - [MESSAGE][INFO] - Finding Test Object 'Object Repository/Butonlar/Butonlar'

2021-11-18 12:06:58 - [MESSAGE][INFO] - Checking timeout

2021-11-18 12:06:58 - [MESSAGE][INFO] - Finding web element with id: 'Object Repository/Butonlar/Butonlar' located by 'By.cssSelector: .panel.panel-default.text-center.footerPanel .btn,.btn.btn-primary.btnControls' in '10' second(s)

2021-11-18 12:06:58 - [MESSAGE][INFO] - Smart Wait Function is triggered

2021-11-18 12:06:58 - [MESSAGE][INFO] - Found 9 web elements with id: 'Object Repository/Butonlar/Butonlar' located by 'By.cssSelector: .panel.panel-default.text-center.footerPanel .btn,.btn.btn-primary.btnControls' in '10' second(s)

2021-11-18 12:06:58 - [MESSAGE][PASSED] - Method.TextDegerineEsitElementeTiklaEquals is PASSED

2021-11-18 12:06:58 - [TEST_STEP][PASSED] - Method.TextDegerineEsitElementeTikla(findTestObject("Popup/Popup_Butons"), "Evet"): Method.TextDegerineEsitElementeTikla is PASSED

2021-11-18 12:06:58 - [MESSAGE][INFO] - Finding Test Object 'Object Repository/Popup/Popup_Butons'

2021-11-18 12:06:59 - [MESSAGE][INFO] - Checking timeout

2021-11-18 12:06:59 - [MESSAGE][INFO] - Finding web element with id: 'Object Repository/Popup/Popup_Butons' located by 'By.cssSelector: .modal-footer>button' in '10' second(s)

2021-11-18 12:06:59 - [MESSAGE][INFO] - Smart Wait Function is triggered

2021-11-18 12:06:59 - [MESSAGE][INFO] - Found 2 web elements with id: 'Object Repository/Popup/Popup_Butons' located by 'By.cssSelector: .modal-footer>button' in '10' second(s)

2021-11-18 12:07:00 - [MESSAGE][PASSED] - Method.TextDegerineEsitElementeTikla is PASSED

2021-11-18 12:07:00 - [TEST_STEP][PASSED] - Method.TextDegerineEsitElementeTikla(findTestObject("Popup/Popup_Butons"), "Tamam"): Method.TextDegerineEsitElementeTikla is PASSED

2021-11-18 12:07:00 - [MESSAGE][INFO] - Finding Test Object 'Object Repository/Popup/Popup_Butons'

2021-11-18 12:07:00 - [MESSAGE][INFO] - Checking timeout

2021-11-18 12:07:00 - [MESSAGE][INFO] - Finding web element with id: 'Object Repository/Popup/Popup_Butons' located by 'By.cssSelector: .modal-footer>button' in '10' second(s)

2021-11-18 12:07:00 - [MESSAGE][INFO] - Smart Wait Function is triggered

2021-11-18 12:07:00 - [MESSAGE][INFO] - Found 1 web elements with id: 'Object Repository/Popup/Popup_Butons' located by 'By.cssSelector: .modal-footer>button' in '10' second(s)

2021-11-18 12:07:01 - [MESSAGE][PASSED] - Method.TextDegerineEsitElementeTikla is PASSED

2021-11-18 12:07:01 - [MESSAGE][PASSED] - Call Test Case 'Test Cases/Tablo/Olusturma Tarihi' successfully

2021-11-18 12:07:01 - [MESSAGE][INFO] - Checking called Test Case

2021-11-18 12:07:01 - [MESSAGE][INFO] - Starting to call Test Case 'Test Cases/Butonlar/ButonaTikla'

2021-11-18 12:07:01 - [TEST_CASE][PASSED] - Test Cases/Butonlar/ButonaTikla: Test Cases/Butonlar/ButonaTikla

2021-11-18 12:07:01 - [TEST_STEP][PASSED] - Method.TextDegerineEsitElementeTiklaEquals(findTestObject("Butonlar/Butonlar"), Buton_Adi): Method.TextDegerineEsitElementeTiklaEquals is PASSED

2021-11-18 12:07:01 - [MESSAGE][INFO] - Finding Test Object 'Object Repository/Butonlar/Butonlar'

2021-11-18 12:07:01 - [MESSAGE][INFO] - Checking timeout

2021-11-18 12:07:01 - [MESSAGE][INFO] - Finding web element with id: 'Object Repository/Butonlar/Butonlar' located by 'By.cssSelector: .panel.panel-default.text-center.footerPanel .btn,.btn.btn-primary.btnControls' in '10' second(s)

2021-11-18 12:07:01 - [MESSAGE][INFO] - Smart Wait Function is triggered

2021-11-18 12:07:01 - [MESSAGE][INFO] - Found 9 web elements with id: 'Object Repository/Butonlar/Butonlar' located by 'By.cssSelector: .panel.panel-default.text-center.footerPanel .btn,.btn.btn-primary.btnControls' in '10' second(s)

2021-11-18 12:07:01 - [MESSAGE][PASSED] - Method.TextDegerineEsitElementeTiklaEquals is PASSED

2021-11-18 12:07:01 - [MESSAGE][PASSED] - Call Test Case 'Test Cases/Butonlar/ButonaTikla' successfully

2021-11-18 12:07:01 - [MESSAGE][INFO] - Checking called Test Case

2021-11-18 12:07:01 - [MESSAGE][INFO] - Starting to call Test Case 'Test Cases/Olusturma/Genel/GorselTasarimSayfasıBasligiIceriyorMu'

2021-11-18 12:07:01 - [TEST_CASE][PASSED] - Test Cases/Olusturma/Genel/GorselTasarimSayfasıBasligiIceriyorMu: Test Cases/Olusturma/Genel/GorselTasarimSayfasıBasligiIceriyorMu

2021-11-18 12:07:01 - [TEST_STEP][PASSED] - verifyElementText(findTestObject("Object Repository/Olusturma/Genel/GorselTasarimBaslik"), Baslik): Actual text and expected text of test object 'Object Repository/Olusturma/Genel/GorselTasarimBaslik' are matched.

2021-11-18 12:07:01 - [MESSAGE][INFO] - Finding Test Object 'Object Repository/Olusturma/Genel/GorselTasarimBaslik'

2021-11-18 12:07:02 - [MESSAGE][INFO] - Checking object

2021-11-18 12:07:02 - [MESSAGE][INFO] - Finding web element from Test Object's properties

2021-11-18 12:07:02 - [MESSAGE][INFO] - Checking timeout

2021-11-18 12:07:02 - [MESSAGE][INFO] - Finding web element with id: 'Object Repository/Olusturma/Genel/GorselTasarimBaslik' located by 'By.cssSelector: #flAlici_0>div>span' in '30' second(s)

2021-11-18 12:07:02 - [MESSAGE][INFO] - Smart Wait Function is triggered

2021-11-18 12:07:09 - [MESSAGE][INFO] - Found 1 web elements with id: 'Object Repository/Olusturma/Genel/GorselTasarimBaslik' located by 'By.cssSelector: #flAlici_0>div>span' in '30' second(s)

2021-11-18 12:07:09 - [MESSAGE][PASSED] - Actual text and expected text of test object 'Object Repository/Olusturma/Genel/GorselTasarimBaslik' are matched.

2021-11-18 12:07:09 - [MESSAGE][PASSED] - Call Test Case 'Test Cases/Olusturma/Genel/GorselTasarimSayfasıBasligiIceriyorMu' successfully

2021-11-18 12:07:09 - [MESSAGE][INFO] - Checking called Test Case

2021-11-18 12:07:09 - [MESSAGE][INFO] - Starting to call Test Case 'Test Cases/Olusturma/Genel/AliciSecilir'

2021-11-18 12:07:09 - [TEST_CASE][PASSED] - Test Cases/Olusturma/Genel/AliciSecilir: Test Cases/Olusturma/Genel/AliciSecilir

2021-11-18 12:07:09 - [TEST_STEP][PASSED] - click(findTestObject("Olusturma/Genel/AliciBilgisi/Alici_Ara")): Object: 'Object Repository/Olusturma/Genel/AliciBilgisi/Alici_Ara' is clicked on

2021-11-18 12:07:09 - [MESSAGE][INFO] - Finding Test Object 'Object Repository/Olusturma/Genel/AliciBilgisi/Alici_Ara'

2021-11-18 12:07:09 - [MESSAGE][INFO] - Checking object

2021-11-18 12:07:09 - [MESSAGE][INFO] - Finding web element from Test Object's properties

2021-11-18 12:07:09 - [MESSAGE][INFO] - Checking timeout

2021-11-18 12:07:09 - [MESSAGE][INFO] - Finding web element with id: 'Object Repository/Olusturma/Genel/AliciBilgisi/Alici_Ara' located by 'By.xpath: //td[@id='txtCustomerText_B-1']' in '30' second(s)

2021-11-18 12:07:09 - [MESSAGE][INFO] - Smart Wait Function is triggered

2021-11-18 12:07:09 - [MESSAGE][INFO] - Found 1 web elements with id: 'Object Repository/Olusturma/Genel/AliciBilgisi/Alici_Ara' located by 'By.xpath: //td[@id='txtCustomerText_B-1']' in '30' second(s)

2021-11-18 12:07:09 - [MESSAGE][INFO] - Clicking on object: 'Object Repository/Olusturma/Genel/AliciBilgisi/Alici_Ara'

2021-11-18 12:07:09 - [MESSAGE][PASSED] - Object: 'Object Repository/Olusturma/Genel/AliciBilgisi/Alici_Ara' is clicked on

2021-11-18 12:07:09 - [TEST_STEP][PASSED] - click(findTestObject("Olusturma/Genel/AliciBilgisi/Alici_Bilgisi")): Object: 'Object Repository/Olusturma/Genel/AliciBilgisi/Alici_Bilgisi' is clicked on

2021-11-18 12:07:09 - [MESSAGE][INFO] - Finding Test Object 'Object Repository/Olusturma/Genel/AliciBilgisi/Alici_Bilgisi'

2021-11-18 12:07:09 - [MESSAGE][INFO] - Checking object

2021-11-18 12:07:09 - [MESSAGE][INFO] - Finding web element from Test Object's properties

2021-11-18 12:07:09 - [MESSAGE][INFO] - Checking timeout

2021-11-18 12:07:09 - [MESSAGE][INFO] - Finding web element with id: 'Object Repository/Olusturma/Genel/AliciBilgisi/Alici_Bilgisi' located by 'By.xpath: //iframe[@id='customerselectiframe']' in '30' second(s)

2021-11-18 12:07:09 - [MESSAGE][INFO] - Smart Wait Function is triggered

2021-11-18 12:07:10 - [MESSAGE][INFO] - Found 1 web elements with id: 'Object Repository/Olusturma/Genel/AliciBilgisi/Alici_Bilgisi' located by 'By.xpath: //iframe[@id='customerselectiframe']' in '30' second(s)

2021-11-18 12:07:10 - [MESSAGE][INFO] - Clicking on object: 'Object Repository/Olusturma/Genel/AliciBilgisi/Alici_Bilgisi'

2021-11-18 12:07:10 - [MESSAGE][PASSED] - Object: 'Object Repository/Olusturma/Genel/AliciBilgisi/Alici_Bilgisi' is clicked on

2021-11-18 12:07:10 - [TEST_STEP][PASSED] - setText(findTestObject("Olusturma/Genel/AliciBilgisi/Alici_Gir"), Alici_Adi): Switching to default content

2021-11-18 12:07:10 - [MESSAGE][INFO] - Finding Test Object 'Object Repository/Olusturma/Genel/AliciBilgisi/Alici_Gir'

2021-11-18 12:07:10 - [MESSAGE][INFO] - Finding Test Object 'Object Repository/Olusturma/Genel/AliciBilgisi/Alici_Bilgisi'

2021-11-18 12:07:10 - [MESSAGE][INFO] - Checking object

2021-11-18 12:07:10 - [MESSAGE][INFO] - Checking text

2021-11-18 12:07:10 - [MESSAGE][INFO] - Object: 'Object Repository/Olusturma/Genel/AliciBilgisi/Alici_Gir' has parent object(s)

2021-11-18 12:07:10 - [MESSAGE][INFO] - Switching to iframe: 'Object Repository/Olusturma/Genel/AliciBilgisi/Alici_Bilgisi'

2021-11-18 12:07:10 - [MESSAGE][INFO] - Finding web element from Test Object's properties

2021-11-18 12:07:10 - [MESSAGE][INFO] - Checking timeout

2021-11-18 12:07:10 - [MESSAGE][INFO] - Finding web element with id: 'Object Repository/Olusturma/Genel/AliciBilgisi/Alici_Bilgisi' located by 'By.xpath: //iframe[@id='customerselectiframe']' in '30' second(s)

2021-11-18 12:07:10 - [MESSAGE][INFO] - Smart Wait Function is triggered

2021-11-18 12:07:10 - [MESSAGE][INFO] - Found 1 web elements with id: 'Object Repository/Olusturma/Genel/AliciBilgisi/Alici_Bilgisi' located by 'By.xpath: //iframe[@id='customerselectiframe']' in '30' second(s)

2021-11-18 12:07:10 - [MESSAGE][INFO] - Switched to iframe: 'Object Repository/Olusturma/Genel/AliciBilgisi/Alici_Bilgisi'

2021-11-18 12:07:10 - [MESSAGE][INFO] - Finding web element from Test Object's properties

2021-11-18 12:07:10 - [MESSAGE][INFO] - Checking timeout

2021-11-18 12:07:10 - [MESSAGE][INFO] - Finding web element with id: 'Object Repository/Olusturma/Genel/AliciBilgisi/Alici_Gir' located by 'By.xpath: //input[@id='GridViewCustomer_DXFREditorcol1_I']' in '30' second(s)

2021-11-18 12:07:10 - [MESSAGE][INFO] - Smart Wait Function is triggered

2021-11-18 12:07:10 - [MESSAGE][INFO] - Found 1 web elements with id: 'Object Repository/Olusturma/Genel/AliciBilgisi/Alici_Gir' located by 'By.xpath: //input[@id='GridViewCustomer_DXFREditorcol1_I']' in '30' second(s)

2021-11-18 12:07:10 - [MESSAGE][INFO] - Clearing text of object 'Object Repository/Olusturma/Genel/AliciBilgisi/Alici_Gir'

2021-11-18 12:07:10 - [MESSAGE][INFO] - Finding web element from Test Object's properties

2021-11-18 12:07:10 - [MESSAGE][INFO] - Checking timeout

2021-11-18 12:07:10 - [MESSAGE][INFO] - Finding web element with id: 'Object Repository/Olusturma/Genel/AliciBilgisi/Alici_Gir' located by 'By.xpath: //input[@id='GridViewCustomer_DXFREditorcol1_I']' in '30' second(s)

2021-11-18 12:07:10 - [MESSAGE][INFO] - Smart Wait Function is triggered

2021-11-18 12:07:10 - [MESSAGE][INFO] - Found 1 web elements with id: 'Object Repository/Olusturma/Genel/AliciBilgisi/Alici_Gir' located by 'By.xpath: //input[@id='GridViewCustomer_DXFREditorcol1_I']' in '30' second(s)

2021-11-18 12:07:10 - [MESSAGE][INFO] - Setting text of object 'Object Repository/Olusturma/Genel/AliciBilgisi/Alici_Gir' to value 'UC0007'

2021-11-18 12:07:10 - [MESSAGE][PASSED] - Text 'UC0007' is set on object 'Object Repository/Olusturma/Genel/AliciBilgisi/Alici_Gir'

2021-11-18 12:07:10 - [MESSAGE][INFO] - Switching to default content

2021-11-18 12:07:10 - [TEST_STEP][PASSED] - waitForElementClickable(findTestObject("Olusturma/Genel/AliciBilgisi/Alici_Adi"), 10): Switching to default content

2021-11-18 12:07:10 - [MESSAGE][INFO] - Finding Test Object 'Object Repository/Olusturma/Genel/AliciBilgisi/Alici_Adi'

2021-11-18 12:07:10 - [MESSAGE][INFO] - Finding Test Object 'Object Repository/Olusturma/Genel/AliciBilgisi/iframe_Alc Bilgisi_customerselectiframe'

2021-11-18 12:07:10 - [MESSAGE][INFO] - Checking object

2021-11-18 12:07:10 - [MESSAGE][INFO] - Checking timeout

2021-11-18 12:07:10 - [MESSAGE][INFO] - Object: 'Object Repository/Olusturma/Genel/AliciBilgisi/Alici_Adi' has parent object(s)

2021-11-18 12:07:10 - [MESSAGE][INFO] - Switching to iframe: 'Object Repository/Olusturma/Genel/AliciBilgisi/iframe_Alc Bilgisi_customerselectiframe'

2021-11-18 12:07:10 - [MESSAGE][INFO] - Finding web element from Test Object's properties

2021-11-18 12:07:10 - [MESSAGE][INFO] - Checking timeout

2021-11-18 12:07:10 - [MESSAGE][INFO] - Finding web element with id: 'Object Repository/Olusturma/Genel/AliciBilgisi/iframe_Alc Bilgisi_customerselectiframe' located by 'By.xpath: //iframe[@id='customerselectiframe']' in '10' second(s)

2021-11-18 12:07:10 - [MESSAGE][INFO] - Smart Wait Function is triggered

2021-11-18 12:07:11 - [MESSAGE][INFO] - Found 1 web elements with id: 'Object Repository/Olusturma/Genel/AliciBilgisi/iframe_Alc Bilgisi_customerselectiframe' located by 'By.xpath: //iframe[@id='customerselectiframe']' in '10' second(s)

2021-11-18 12:07:11 - [MESSAGE][INFO] - Switched to iframe: 'Object Repository/Olusturma/Genel/AliciBilgisi/iframe_Alc Bilgisi_customerselectiframe'

2021-11-18 12:07:11 - [MESSAGE][INFO] - Finding web element from Test Object's properties

2021-11-18 12:07:11 - [MESSAGE][INFO] - Checking timeout

2021-11-18 12:07:11 - [MESSAGE][INFO] - Finding web element with id: 'Object Repository/Olusturma/Genel/AliciBilgisi/Alici_Adi' located by 'By.xpath: //tr[@id='GridViewCustomer_DXDataRow0']/td[2]' in '10' second(s)

2021-11-18 12:07:11 - [MESSAGE][INFO] - Smart Wait Function is triggered

2021-11-18 12:07:11 - [MESSAGE][INFO] - Found 1 web elements with id: 'Object Repository/Olusturma/Genel/AliciBilgisi/Alici_Adi' located by 'By.xpath: //tr[@id='GridViewCustomer_DXDataRow0']/td[2]' in '10' second(s)

2021-11-18 12:07:11 - [MESSAGE][PASSED] - Object 'Object Repository/Olusturma/Genel/AliciBilgisi/Alici_Adi' is clickable

2021-11-18 12:07:11 - [MESSAGE][INFO] - Switching to default content

2021-11-18 12:07:11 - [TEST_STEP][PASSED] - click(findTestObject("Olusturma/Genel/AliciBilgisi/frame")): Switching to default content

2021-11-18 12:07:11 - [MESSAGE][INFO] - Finding Test Object 'Object Repository/Olusturma/Genel/AliciBilgisi/frame'

2021-11-18 12:07:11 - [MESSAGE][INFO] - Finding Test Object 'Object Repository/Olusturma/Genel/AliciBilgisi/iframe_Alc Bilgisi_customerselectiframe'

2021-11-18 12:07:11 - [MESSAGE][INFO] - Checking object

2021-11-18 12:07:11 - [MESSAGE][INFO] - Object: 'Object Repository/Olusturma/Genel/AliciBilgisi/frame' has parent object(s)

2021-11-18 12:07:11 - [MESSAGE][INFO] - Switching to iframe: 'Object Repository/Olusturma/Genel/AliciBilgisi/iframe_Alc Bilgisi_customerselectiframe'

2021-11-18 12:07:11 - [MESSAGE][INFO] - Finding web element from Test Object's properties

2021-11-18 12:07:11 - [MESSAGE][INFO] - Checking timeout

2021-11-18 12:07:11 - [MESSAGE][INFO] - Finding web element with id: 'Object Repository/Olusturma/Genel/AliciBilgisi/iframe_Alc Bilgisi_customerselectiframe' located by 'By.xpath: //iframe[@id='customerselectiframe']' in '30' second(s)

2021-11-18 12:07:11 - [MESSAGE][INFO] - Smart Wait Function is triggered

2021-11-18 12:07:11 - [MESSAGE][INFO] - Found 1 web elements with id: 'Object Repository/Olusturma/Genel/AliciBilgisi/iframe_Alc Bilgisi_customerselectiframe' located by 'By.xpath: //iframe[@id='customerselectiframe']' in '30' second(s)

2021-11-18 12:07:11 - [MESSAGE][INFO] - Switched to iframe: 'Object Repository/Olusturma/Genel/AliciBilgisi/iframe_Alc Bilgisi_customerselectiframe'

2021-11-18 12:07:11 - [MESSAGE][INFO] - Finding web element from Test Object's properties

2021-11-18 12:07:11 - [MESSAGE][INFO] - Checking timeout

2021-11-18 12:07:11 - [MESSAGE][INFO] - Finding web element with id: 'Object Repository/Olusturma/Genel/AliciBilgisi/frame' located by 'By.xpath: //*/text()[normalize-space(.)='']/parent::*' in '30' second(s)

2021-11-18 12:07:11 - [MESSAGE][INFO] - Smart Wait Function is triggered

2021-11-18 12:07:11 - [MESSAGE][INFO] - Found 66 web elements with id: 'Object Repository/Olusturma/Genel/AliciBilgisi/frame' located by 'By.xpath: //*/text()[normalize-space(.)='']/parent::*' in '30' second(s)

2021-11-18 12:07:11 - [MESSAGE][INFO] - Clicking on object: 'Object Repository/Olusturma/Genel/AliciBilgisi/frame'

2021-11-18 12:07:11 - [MESSAGE][PASSED] - Object: 'Object Repository/Olusturma/Genel/AliciBilgisi/frame' is clicked on

2021-11-18 12:07:11 - [MESSAGE][INFO] - Switching to default content

2021-11-18 12:07:11 - [TEST_STEP][PASSED] - click(findTestObject("Olusturma/Genel/AliciBilgisi/Alici_Adi")): Switching to default content

2021-11-18 12:07:11 - [MESSAGE][INFO] - Finding Test Object 'Object Repository/Olusturma/Genel/AliciBilgisi/Alici_Adi'

2021-11-18 12:07:11 - [MESSAGE][INFO] - Finding Test Object 'Object Repository/Olusturma/Genel/AliciBilgisi/iframe_Alc Bilgisi_customerselectiframe'

2021-11-18 12:07:12 - [MESSAGE][INFO] - Checking object

2021-11-18 12:07:12 - [MESSAGE][INFO] - Object: 'Object Repository/Olusturma/Genel/AliciBilgisi/Alici_Adi' has parent object(s)

2021-11-18 12:07:12 - [MESSAGE][INFO] - Switching to iframe: 'Object Repository/Olusturma/Genel/AliciBilgisi/iframe_Alc Bilgisi_customerselectiframe'

2021-11-18 12:07:12 - [MESSAGE][INFO] - Finding web element from Test Object's properties

2021-11-18 12:07:12 - [MESSAGE][INFO] - Checking timeout

2021-11-18 12:07:12 - [MESSAGE][INFO] - Finding web element with id: 'Object Repository/Olusturma/Genel/AliciBilgisi/iframe_Alc Bilgisi_customerselectiframe' located by 'By.xpath: //iframe[@id='customerselectiframe']' in '30' second(s)

2021-11-18 12:07:12 - [MESSAGE][INFO] - Smart Wait Function is triggered

2021-11-18 12:07:12 - [MESSAGE][INFO] - Found 1 web elements with id: 'Object Repository/Olusturma/Genel/AliciBilgisi/iframe_Alc Bilgisi_customerselectiframe' located by 'By.xpath: //iframe[@id='customerselectiframe']' in '30' second(s)

2021-11-18 12:07:12 - [MESSAGE][INFO] - Switched to iframe: 'Object Repository/Olusturma/Genel/AliciBilgisi/iframe_Alc Bilgisi_customerselectiframe'

2021-11-18 12:07:12 - [MESSAGE][INFO] - Finding web element from Test Object's properties

2021-11-18 12:07:12 - [MESSAGE][INFO] - Checking timeout

2021-11-18 12:07:12 - [MESSAGE][INFO] - Finding web element with id: 'Object Repository/Olusturma/Genel/AliciBilgisi/Alici_Adi' located by 'By.xpath: //tr[@id='GridViewCustomer_DXDataRow0']/td[2]' in '30' second(s)

2021-11-18 12:07:12 - [MESSAGE][INFO] - Smart Wait Function is triggered

2021-11-18 12:07:12 - [MESSAGE][INFO] - Found 1 web elements with id: 'Object Repository/Olusturma/Genel/AliciBilgisi/Alici_Adi' located by 'By.xpath: //tr[@id='GridViewCustomer_DXDataRow0']/td[2]' in '30' second(s)

2021-11-18 12:07:12 - [MESSAGE][INFO] - Clicking on object: 'Object Repository/Olusturma/Genel/AliciBilgisi/Alici_Adi'

2021-11-18 12:07:12 - [MESSAGE][PASSED] - Object: 'Object Repository/Olusturma/Genel/AliciBilgisi/Alici_Adi' is clicked on

2021-11-18 12:07:12 - [MESSAGE][INFO] - Switching to default content

2021-11-18 12:07:12 - [TEST_STEP][PASSED] - click(findTestObject("Olusturma/Genel/AliciBilgisi/Tamam_Bosluk")): Switching to default content

2021-11-18 12:07:12 - [MESSAGE][INFO] - Finding Test Object 'Object Repository/Olusturma/Genel/AliciBilgisi/Tamam_Bosluk'

2021-11-18 12:07:12 - [MESSAGE][INFO] - Finding Test Object 'Object Repository/Olusturma/Genel/AliciBilgisi/Alici_Bilgisi'

2021-11-18 12:07:12 - [MESSAGE][INFO] - Checking object

2021-11-18 12:07:12 - [MESSAGE][INFO] - Object: 'Object Repository/Olusturma/Genel/AliciBilgisi/Tamam_Bosluk' has parent object(s)

2021-11-18 12:07:12 - [MESSAGE][INFO] - Switching to iframe: 'Object Repository/Olusturma/Genel/AliciBilgisi/Alici_Bilgisi'

2021-11-18 12:07:12 - [MESSAGE][INFO] - Finding web element from Test Object's properties

2021-11-18 12:07:12 - [MESSAGE][INFO] - Checking timeout

2021-11-18 12:07:12 - [MESSAGE][INFO] - Finding web element with id: 'Object Repository/Olusturma/Genel/AliciBilgisi/Alici_Bilgisi' located by 'By.xpath: //iframe[@id='customerselectiframe']' in '30' second(s)

2021-11-18 12:07:12 - [MESSAGE][INFO] - Smart Wait Function is triggered

2021-11-18 12:07:12 - [MESSAGE][INFO] - Found 1 web elements with id: 'Object Repository/Olusturma/Genel/AliciBilgisi/Alici_Bilgisi' located by 'By.xpath: //iframe[@id='customerselectiframe']' in '30' second(s)

2021-11-18 12:07:12 - [MESSAGE][INFO] - Switched to iframe: 'Object Repository/Olusturma/Genel/AliciBilgisi/Alici_Bilgisi'

2021-11-18 12:07:12 - [MESSAGE][INFO] - Finding web element from Test Object's properties

2021-11-18 12:07:12 - [MESSAGE][INFO] - Checking timeout

2021-11-18 12:07:12 - [MESSAGE][INFO] - Finding web element with id: 'Object Repository/Olusturma/Genel/AliciBilgisi/Tamam_Bosluk' located by 'By.xpath: (.//*[normalize-space(text()) and normalize-space(.)='Sayfa Boyutu:'])[1]/following::div[7]' in '30' second(s)

2021-11-18 12:07:12 - [MESSAGE][INFO] - Smart Wait Function is triggered

2021-11-18 12:07:12 - [MESSAGE][INFO] - Found 1 web elements with id: 'Object Repository/Olusturma/Genel/AliciBilgisi/Tamam_Bosluk' located by 'By.xpath: (.//*[normalize-space(text()) and normalize-space(.)='Sayfa Boyutu:'])[1]/following::div[7]' in '30' second(s)

2021-11-18 12:07:12 - [MESSAGE][INFO] - Clicking on object: 'Object Repository/Olusturma/Genel/AliciBilgisi/Tamam_Bosluk'

2021-11-18 12:07:12 - [MESSAGE][PASSED] - Object: 'Object Repository/Olusturma/Genel/AliciBilgisi/Tamam_Bosluk' is clicked on

2021-11-18 12:07:12 - [MESSAGE][INFO] - Switching to default content

2021-11-18 12:07:12 - [TEST_STEP][PASSED] - waitForElementClickable(findTestObject("Olusturma/Genel/AliciBilgisi/Tamam_Butonu"), 10): Switching to default content

2021-11-18 12:07:12 - [MESSAGE][INFO] - Finding Test Object 'Object Repository/Olusturma/Genel/AliciBilgisi/Tamam_Butonu'

2021-11-18 12:07:13 - [MESSAGE][INFO] - Finding Test Object 'Object Repository/Olusturma/Genel/AliciBilgisi/Alici_Bilgisi'

2021-11-18 12:07:13 - [MESSAGE][INFO] - Checking object

2021-11-18 12:07:13 - [MESSAGE][INFO] - Checking timeout

2021-11-18 12:07:13 - [MESSAGE][INFO] - Object: 'Object Repository/Olusturma/Genel/AliciBilgisi/Tamam_Butonu' has parent object(s)

2021-11-18 12:07:13 - [MESSAGE][INFO] - Switching to iframe: 'Object Repository/Olusturma/Genel/AliciBilgisi/Alici_Bilgisi'

2021-11-18 12:07:13 - [MESSAGE][INFO] - Finding web element from Test Object's properties

2021-11-18 12:07:13 - [MESSAGE][INFO] - Checking timeout

2021-11-18 12:07:13 - [MESSAGE][INFO] - Finding web element with id: 'Object Repository/Olusturma/Genel/AliciBilgisi/Alici_Bilgisi' located by 'By.xpath: //iframe[@id='customerselectiframe']' in '10' second(s)

2021-11-18 12:07:13 - [MESSAGE][INFO] - Smart Wait Function is triggered

2021-11-18 12:07:13 - [MESSAGE][INFO] - Found 1 web elements with id: 'Object Repository/Olusturma/Genel/AliciBilgisi/Alici_Bilgisi' located by 'By.xpath: //iframe[@id='customerselectiframe']' in '10' second(s)

2021-11-18 12:07:13 - [MESSAGE][INFO] - Switched to iframe: 'Object Repository/Olusturma/Genel/AliciBilgisi/Alici_Bilgisi'

2021-11-18 12:07:13 - [MESSAGE][INFO] - Finding web element from Test Object's properties

2021-11-18 12:07:13 - [MESSAGE][INFO] - Checking timeout

2021-11-18 12:07:13 - [MESSAGE][INFO] - Finding web element with id: 'Object Repository/Olusturma/Genel/AliciBilgisi/Tamam_Butonu' located by 'By.xpath: //div[@id='btnSelectCustomer_CD']/span' in '10' second(s)

2021-11-18 12:07:13 - [MESSAGE][INFO] - Smart Wait Function is triggered

2021-11-18 12:07:13 - [MESSAGE][INFO] - Found 1 web elements with id: 'Object Repository/Olusturma/Genel/AliciBilgisi/Tamam_Butonu' located by 'By.xpath: //div[@id='btnSelectCustomer_CD']/span' in '10' second(s)

2021-11-18 12:07:13 - [MESSAGE][PASSED] - Object 'Object Repository/Olusturma/Genel/AliciBilgisi/Tamam_Butonu' is clickable

2021-11-18 12:07:13 - [MESSAGE][INFO] - Switching to default content

2021-11-18 12:07:13 - [TEST_STEP][PASSED] - click(findTestObject("Olusturma/Genel/AliciBilgisi/Tamam_Butonu")): Switching to default content

2021-11-18 12:07:13 - [MESSAGE][INFO] - Finding Test Object 'Object Repository/Olusturma/Genel/AliciBilgisi/Tamam_Butonu'

2021-11-18 12:07:13 - [MESSAGE][INFO] - Finding Test Object 'Object Repository/Olusturma/Genel/AliciBilgisi/Alici_Bilgisi'

2021-11-18 12:07:13 - [MESSAGE][INFO] - Checking object

2021-11-18 12:07:13 - [MESSAGE][INFO] - Object: 'Object Repository/Olusturma/Genel/AliciBilgisi/Tamam_Butonu' has parent object(s)

2021-11-18 12:07:13 - [MESSAGE][INFO] - Switching to iframe: 'Object Repository/Olusturma/Genel/AliciBilgisi/Alici_Bilgisi'

2021-11-18 12:07:13 - [MESSAGE][INFO] - Finding web element from Test Object's properties

2021-11-18 12:07:13 - [MESSAGE][INFO] - Checking timeout

2021-11-18 12:07:13 - [MESSAGE][INFO] - Finding web element with id: 'Object Repository/Olusturma/Genel/AliciBilgisi/Alici_Bilgisi' located by 'By.xpath: //iframe[@id='customerselectiframe']' in '30' second(s)

2021-11-18 12:07:13 - [MESSAGE][INFO] - Smart Wait Function is triggered

2021-11-18 12:07:13 - [MESSAGE][INFO] - Found 1 web elements with id: 'Object Repository/Olusturma/Genel/AliciBilgisi/Alici_Bilgisi' located by 'By.xpath: //iframe[@id='customerselectiframe']' in '30' second(s)

2021-11-18 12:07:13 - [MESSAGE][INFO] - Switched to iframe: 'Object Repository/Olusturma/Genel/AliciBilgisi/Alici_Bilgisi'

2021-11-18 12:07:13 - [MESSAGE][INFO] - Finding web element from Test Object's properties

2021-11-18 12:07:13 - [MESSAGE][INFO] - Checking timeout

2021-11-18 12:07:13 - [MESSAGE][INFO] - Finding web element with id: 'Object Repository/Olusturma/Genel/AliciBilgisi/Tamam_Butonu' located by 'By.xpath: //div[@id='btnSelectCustomer_CD']/span' in '30' second(s)

2021-11-18 12:07:13 - [MESSAGE][INFO] - Smart Wait Function is triggered

2021-11-18 12:07:13 - [MESSAGE][INFO] - Found 1 web elements with id: 'Object Repository/Olusturma/Genel/AliciBilgisi/Tamam_Butonu' located by 'By.xpath: //div[@id='btnSelectCustomer_CD']/span' in '30' second(s)

2021-11-18 12:07:13 - [MESSAGE][INFO] - Clicking on object: 'Object Repository/Olusturma/Genel/AliciBilgisi/Tamam_Butonu'

2021-11-18 12:07:13 - [MESSAGE][PASSED] - Object: 'Object Repository/Olusturma/Genel/AliciBilgisi/Tamam_Butonu' is clicked on

2021-11-18 12:07:13 - [MESSAGE][INFO] - Switching to default content

2021-11-18 12:07:13 - [TEST_STEP][PASSED] - waitForElementPresent(findTestObject("Olusturma/Genel/AliciBilgisi/VKN-TCKN"), 10): Object 'Object Repository/Olusturma/Genel/AliciBilgisi/VKN-TCKN' is present

2021-11-18 12:07:13 - [MESSAGE][INFO] - Finding Test Object 'Object Repository/Olusturma/Genel/AliciBilgisi/VKN-TCKN'

2021-11-18 12:07:14 - [MESSAGE][INFO] - Checking object

2021-11-18 12:07:14 - [MESSAGE][INFO] - Finding web element from Test Object's properties

2021-11-18 12:07:14 - [MESSAGE][INFO] - Checking timeout

2021-11-18 12:07:14 - [MESSAGE][INFO] - Finding web element with id: 'Object Repository/Olusturma/Genel/AliciBilgisi/VKN-TCKN' located by 'By.xpath: //*[@id = 'txtVknTckn_I']' in '10' second(s)

2021-11-18 12:07:14 - [MESSAGE][INFO] - Smart Wait Function is triggered

2021-11-18 12:07:14 - [MESSAGE][INFO] - Found 1 web elements with id: 'Object Repository/Olusturma/Genel/AliciBilgisi/VKN-TCKN' located by 'By.xpath: //*[@id = 'txtVknTckn_I']' in '10' second(s)

2021-11-18 12:07:14 - [MESSAGE][PASSED] - Object 'Object Repository/Olusturma/Genel/AliciBilgisi/VKN-TCKN' is present

2021-11-18 12:07:14 - [TEST_STEP][PASSED] - text = getAttribute(findTestObject("Olusturma/Genel/AliciBilgisi/VKN-TCKN"), "value"): Attribute 'value' of object 'Object Repository/Olusturma/Genel/AliciBilgisi/VKN-TCKN' is: '5328391866'

2021-11-18 12:07:14 - [MESSAGE][INFO] - Finding Test Object 'Object Repository/Olusturma/Genel/AliciBilgisi/VKN-TCKN'

2021-11-18 12:07:14 - [MESSAGE][INFO] - Checking object

2021-11-18 12:07:14 - [MESSAGE][INFO] - Checking attribute

2021-11-18 12:07:14 - [MESSAGE][INFO] - Finding web element from Test Object's properties

2021-11-18 12:07:14 - [MESSAGE][INFO] - Checking timeout

2021-11-18 12:07:14 - [MESSAGE][INFO] - Finding web element with id: 'Object Repository/Olusturma/Genel/AliciBilgisi/VKN-TCKN' located by 'By.xpath: //*[@id = 'txtVknTckn_I']' in '30' second(s)

2021-11-18 12:07:14 - [MESSAGE][INFO] - Smart Wait Function is triggered

2021-11-18 12:07:14 - [MESSAGE][INFO] - Found 1 web elements with id: 'Object Repository/Olusturma/Genel/AliciBilgisi/VKN-TCKN' located by 'By.xpath: //*[@id = 'txtVknTckn_I']' in '30' second(s)

2021-11-18 12:07:14 - [MESSAGE][INFO] - Getting attribute 'value' of object 'Object Repository/Olusturma/Genel/AliciBilgisi/VKN-TCKN'

2021-11-18 12:07:14 - [MESSAGE][PASSED] - Attribute 'value' of object 'Object Repository/Olusturma/Genel/AliciBilgisi/VKN-TCKN' is: '5328391866'

2021-11-18 12:07:14 - [TEST_STEP][PASSED] - if (text.equals("")): null

2021-11-18 12:07:14 - [MESSAGE][PASSED] - Call Test Case 'Test Cases/Olusturma/Genel/AliciSecilir' successfully

2021-11-18 12:07:14 - [MESSAGE][INFO] - Checking called Test Case

2021-11-18 12:07:14 - [MESSAGE][INFO] - Starting to call Test Case 'Test Cases/Olusturma/Genel/GonderimSekliSecilir'

2021-11-18 12:07:14 - [TEST_CASE][PASSED] - Test Cases/Olusturma/Genel/GonderimSekliSecilir: Test Cases/Olusturma/Genel/GonderimSekliSecilir

2021-11-18 12:07:14 - [TEST_STEP][PASSED] - waitForElementClickable(findTestObject("Object Repository/Olusturma/Genel/GonderimSekli/GonderimSekli"), 10): Object 'Object Repository/Olusturma/Genel/GonderimSekli/GonderimSekli' is clickable

2021-11-18 12:07:14 - [MESSAGE][INFO] - Finding Test Object 'Object Repository/Olusturma/Genel/GonderimSekli/GonderimSekli'

2021-11-18 12:07:15 - [MESSAGE][INFO] - Checking object

2021-11-18 12:07:15 - [MESSAGE][INFO] - Checking timeout

2021-11-18 12:07:15 - [MESSAGE][INFO] - Finding web element from Test Object's properties

2021-11-18 12:07:15 - [MESSAGE][INFO] - Checking timeout

2021-11-18 12:07:15 - [MESSAGE][INFO] - Finding web element with id: 'Object Repository/Olusturma/Genel/GonderimSekli/GonderimSekli' located by 'By.xpath: //*[@id = 'txtGonderimSekil_I']' in '10' second(s)

2021-11-18 12:07:15 - [MESSAGE][INFO] - Smart Wait Function is triggered

2021-11-18 12:07:15 - [MESSAGE][INFO] - Found 1 web elements with id: 'Object Repository/Olusturma/Genel/GonderimSekli/GonderimSekli' located by 'By.xpath: //*[@id = 'txtGonderimSekil_I']' in '10' second(s)

2021-11-18 12:07:15 - [MESSAGE][PASSED] - Object 'Object Repository/Olusturma/Genel/GonderimSekli/GonderimSekli' is clickable

2021-11-18 12:07:15 - [TEST_STEP][PASSED] - click(findTestObject("Object Repository/Olusturma/Genel/GonderimSekli/GonderimSekli")): Object: 'Object Repository/Olusturma/Genel/GonderimSekli/GonderimSekli' is clicked on

2021-11-18 12:07:15 - [MESSAGE][INFO] - Finding Test Object 'Object Repository/Olusturma/Genel/GonderimSekli/GonderimSekli'

2021-11-18 12:07:15 - [MESSAGE][INFO] - Checking object

2021-11-18 12:07:15 - [MESSAGE][INFO] - Finding web element from Test Object's properties

2021-11-18 12:07:15 - [MESSAGE][INFO] - Checking timeout

2021-11-18 12:07:15 - [MESSAGE][INFO] - Finding web element with id: 'Object Repository/Olusturma/Genel/GonderimSekli/GonderimSekli' located by 'By.xpath: //*[@id = 'txtGonderimSekil_I']' in '30' second(s)

2021-11-18 12:07:15 - [MESSAGE][INFO] - Smart Wait Function is triggered

2021-11-18 12:07:15 - [MESSAGE][INFO] - Found 1 web elements with id: 'Object Repository/Olusturma/Genel/GonderimSekli/GonderimSekli' located by 'By.xpath: //*[@id = 'txtGonderimSekil_I']' in '30' second(s)

2021-11-18 12:07:15 - [MESSAGE][INFO] - Clicking on object: 'Object Repository/Olusturma/Genel/GonderimSekli/GonderimSekli'

2021-11-18 12:07:15 - [MESSAGE][PASSED] - Object: 'Object Repository/Olusturma/Genel/GonderimSekli/GonderimSekli' is clicked on

2021-11-18 12:07:15 - [TEST_STEP][PASSED] - Method.TextDegerineEsitElementeTikla(findTestObject("Object Repository/Olusturma/Genel/GonderimSekli/GonderimSekliAdi"), GonderimSekli): Method.TextDegerineEsitElementeTikla is PASSED

2021-11-18 12:07:15 - [MESSAGE][INFO] - Finding Test Object 'Object Repository/Olusturma/Genel/GonderimSekli/GonderimSekliAdi'

2021-11-18 12:07:15 - [MESSAGE][INFO] - Checking timeout

2021-11-18 12:07:15 - [MESSAGE][INFO] - Finding web element with id: 'Object Repository/Olusturma/Genel/GonderimSekli/GonderimSekliAdi' located by 'By.cssSelector: #txtGonderimSekil_DDD_L_LBT td' in '10' second(s)

2021-11-18 12:07:15 - [MESSAGE][INFO] - Smart Wait Function is triggered

2021-11-18 12:07:16 - [MESSAGE][INFO] - Found 2 web elements with id: 'Object Repository/Olusturma/Genel/GonderimSekli/GonderimSekliAdi' located by 'By.cssSelector: #txtGonderimSekil_DDD_L_LBT td' in '10' second(s)

2021-11-18 12:07:16 - [MESSAGE][PASSED] - Method.TextDegerineEsitElementeTikla is PASSED

2021-11-18 12:07:16 - [MESSAGE][PASSED] - Call Test Case 'Test Cases/Olusturma/Genel/GonderimSekliSecilir' successfully

2021-11-18 12:07:16 - [MESSAGE][INFO] - Checking called Test Case

2021-11-18 12:07:16 - [MESSAGE][INFO] - Starting to call Test Case 'Test Cases/Olusturma/Genel/TipSecilir'

2021-11-18 12:07:16 - [TEST_CASE][PASSED] - Test Cases/Olusturma/Genel/TipSecilir: Test Cases/Olusturma/Genel/TipSecilir

2021-11-18 12:07:16 - [TEST_STEP][PASSED] - waitForElementClickable(findTestObject("Olusturma/Genel/TipSecilir/Tip"), 10): Object 'Object Repository/Olusturma/Genel/TipSecilir/Tip' is clickable

2021-11-18 12:07:16 - [MESSAGE][INFO] - Finding Test Object 'Object Repository/Olusturma/Genel/TipSecilir/Tip'

2021-11-18 12:07:16 - [MESSAGE][INFO] - Checking object

2021-11-18 12:07:16 - [MESSAGE][INFO] - Checking timeout

2021-11-18 12:07:16 - [MESSAGE][INFO] - Finding web element from Test Object's properties

2021-11-18 12:07:16 - [MESSAGE][INFO] - Checking timeout

2021-11-18 12:07:16 - [MESSAGE][INFO] - Finding web element with id: 'Object Repository/Olusturma/Genel/TipSecilir/Tip' located by 'By.xpath: //*[@id = 'DocumentTypeCode_I']' in '10' second(s)

2021-11-18 12:07:16 - [MESSAGE][INFO] - Smart Wait Function is triggered

2021-11-18 12:07:16 - [MESSAGE][INFO] - Found 1 web elements with id: 'Object Repository/Olusturma/Genel/TipSecilir/Tip' located by 'By.xpath: //*[@id = 'DocumentTypeCode_I']' in '10' second(s)

2021-11-18 12:07:16 - [MESSAGE][PASSED] - Object 'Object Repository/Olusturma/Genel/TipSecilir/Tip' is clickable

2021-11-18 12:07:16 - [TEST_STEP][PASSED] - click(findTestObject("Olusturma/Genel/TipSecilir/Tip")): Object: 'Object Repository/Olusturma/Genel/TipSecilir/Tip' is clicked on

2021-11-18 12:07:16 - [MESSAGE][INFO] - Finding Test Object 'Object Repository/Olusturma/Genel/TipSecilir/Tip'

2021-11-18 12:07:16 - [MESSAGE][INFO] - Checking object

2021-11-18 12:07:16 - [MESSAGE][INFO] - Finding web element from Test Object's properties

2021-11-18 12:07:16 - [MESSAGE][INFO] - Checking timeout

2021-11-18 12:07:16 - [MESSAGE][INFO] - Finding web element with id: 'Object Repository/Olusturma/Genel/TipSecilir/Tip' located by 'By.xpath: //*[@id = 'DocumentTypeCode_I']' in '30' second(s)

2021-11-18 12:07:16 - [MESSAGE][INFO] - Smart Wait Function is triggered

2021-11-18 12:07:17 - [MESSAGE][INFO] - Found 1 web elements with id: 'Object Repository/Olusturma/Genel/TipSecilir/Tip' located by 'By.xpath: //*[@id = 'DocumentTypeCode_I']' in '30' second(s)

2021-11-18 12:07:17 - [MESSAGE][INFO] - Clicking on object: 'Object Repository/Olusturma/Genel/TipSecilir/Tip'

2021-11-18 12:07:17 - [MESSAGE][PASSED] - Object: 'Object Repository/Olusturma/Genel/TipSecilir/Tip' is clicked on

2021-11-18 12:07:17 - [TEST_STEP][PASSED] - Method.TextDegerineEsitElementeTikla(findTestObject("Object Repository/Olusturma/Genel/TipSecilir/Tip_Adi"), Tip): Method.TextDegerineEsitElementeTikla is PASSED

2021-11-18 12:07:17 - [MESSAGE][INFO] - Finding Test Object 'Object Repository/Olusturma/Genel/TipSecilir/Tip_Adi'

2021-11-18 12:07:17 - [MESSAGE][INFO] - Checking timeout

2021-11-18 12:07:17 - [MESSAGE][INFO] - Finding web element with id: 'Object Repository/Olusturma/Genel/TipSecilir/Tip_Adi' located by 'By.cssSelector: #DocumentTypeCode_DDD_L_LBT td' in '10' second(s)

2021-11-18 12:07:17 - [MESSAGE][INFO] - Smart Wait Function is triggered

2021-11-18 12:07:17 - [MESSAGE][INFO] - Found 9 web elements with id: 'Object Repository/Olusturma/Genel/TipSecilir/Tip_Adi' located by 'By.cssSelector: #DocumentTypeCode_DDD_L_LBT td' in '10' second(s)

2021-11-18 12:07:17 - [MESSAGE][PASSED] - Method.TextDegerineEsitElementeTikla is PASSED

2021-11-18 12:07:17 - [MESSAGE][PASSED] - Call Test Case 'Test Cases/Olusturma/Genel/TipSecilir' successfully

2021-11-18 12:07:17 - [MESSAGE][INFO] - Checking called Test Case

2021-11-18 12:07:17 - [MESSAGE][INFO] - Starting to call Test Case 'Test Cases/Olusturma/Genel/DokumanParaBirimiSecilir'

2021-11-18 12:07:17 - [TEST_CASE][PASSED] - Test Cases/Olusturma/Genel/DokumanParaBirimiSecilir: Test Cases/Olusturma/Genel/DokumanParaBirimiSecilir

2021-11-18 12:07:17 - [TEST_STEP][PASSED] - waitForElementClickable(findTestObject("Object Repository/Olusturma/Genel/DokumanParaBirimiSecilir/Para"), 10): Object 'Object Repository/Olusturma/Genel/DokumanParaBirimiSecilir/Para' is clickable

2021-11-18 12:07:17 - [MESSAGE][INFO] - Finding Test Object 'Object Repository/Olusturma/Genel/DokumanParaBirimiSecilir/Para'

2021-11-18 12:07:17 - [MESSAGE][INFO] - Checking object

2021-11-18 12:07:17 - [MESSAGE][INFO] - Checking timeout

2021-11-18 12:07:17 - [MESSAGE][INFO] - Finding web element from Test Object's properties

2021-11-18 12:07:17 - [MESSAGE][INFO] - Checking timeout

2021-11-18 12:07:17 - [MESSAGE][INFO] - Finding web element with id: 'Object Repository/Olusturma/Genel/DokumanParaBirimiSecilir/Para' located by 'By.xpath: //*[@id = 'CurrencyUnit_I']' in '10' second(s)

2021-11-18 12:07:17 - [MESSAGE][INFO] - Smart Wait Function is triggered

2021-11-18 12:07:18 - [MESSAGE][INFO] - Found 1 web elements with id: 'Object Repository/Olusturma/Genel/DokumanParaBirimiSecilir/Para' located by 'By.xpath: //*[@id = 'CurrencyUnit_I']' in '10' second(s)

2021-11-18 12:07:18 - [MESSAGE][PASSED] - Object 'Object Repository/Olusturma/Genel/DokumanParaBirimiSecilir/Para' is clickable

2021-11-18 12:07:18 - [TEST_STEP][PASSED] - click(findTestObject("Object Repository/Olusturma/Genel/DokumanParaBirimiSecilir/Para")): Object: 'Object Repository/Olusturma/Genel/DokumanParaBirimiSecilir/Para' is clicked on

2021-11-18 12:07:18 - [MESSAGE][INFO] - Finding Test Object 'Object Repository/Olusturma/Genel/DokumanParaBirimiSecilir/Para'

2021-11-18 12:07:18 - [MESSAGE][INFO] - Checking object

2021-11-18 12:07:18 - [MESSAGE][INFO] - Finding web element from Test Object's properties

2021-11-18 12:07:18 - [MESSAGE][INFO] - Checking timeout

2021-11-18 12:07:18 - [MESSAGE][INFO] - Finding web element with id: 'Object Repository/Olusturma/Genel/DokumanParaBirimiSecilir/Para' located by 'By.xpath: //*[@id = 'CurrencyUnit_I']' in '30' second(s)

2021-11-18 12:07:18 - [MESSAGE][INFO] - Smart Wait Function is triggered

2021-11-18 12:07:18 - [MESSAGE][INFO] - Found 1 web elements with id: 'Object Repository/Olusturma/Genel/DokumanParaBirimiSecilir/Para' located by 'By.xpath: //*[@id = 'CurrencyUnit_I']' in '30' second(s)

2021-11-18 12:07:18 - [MESSAGE][INFO] - Clicking on object: 'Object Repository/Olusturma/Genel/DokumanParaBirimiSecilir/Para'

2021-11-18 12:07:18 - [MESSAGE][PASSED] - Object: 'Object Repository/Olusturma/Genel/DokumanParaBirimiSecilir/Para' is clicked on

2021-11-18 12:07:18 - [TEST_STEP][PASSED] - Method.TextDegerineEsitElementeTikla(findTestObject("Object Repository/Olusturma/Genel/DokumanParaBirimiSecilir/Para_Adi"), Para): Method.TextDegerineEsitElementeTikla is PASSED

2021-11-18 12:07:18 - [MESSAGE][INFO] - Finding Test Object 'Object Repository/Olusturma/Genel/DokumanParaBirimiSecilir/Para_Adi'

2021-11-18 12:07:18 - [MESSAGE][INFO] - Checking timeout

2021-11-18 12:07:18 - [MESSAGE][INFO] - Finding web element with id: 'Object Repository/Olusturma/Genel/DokumanParaBirimiSecilir/Para_Adi' located by 'By.cssSelector: #CurrencyUnit_DDD_L_LBT td' in '10' second(s)

2021-11-18 12:07:18 - [MESSAGE][INFO] - Smart Wait Function is triggered

2021-11-18 12:07:18 - [MESSAGE][INFO] - Found 203 web elements with id: 'Object Repository/Olusturma/Genel/DokumanParaBirimiSecilir/Para_Adi' located by 'By.cssSelector: #CurrencyUnit_DDD_L_LBT td' in '10' second(s)

2021-11-18 12:07:23 - [MESSAGE][PASSED] - Method.TextDegerineEsitElementeTikla is PASSED

2021-11-18 12:07:23 - [MESSAGE][PASSED] - Call Test Case 'Test Cases/Olusturma/Genel/DokumanParaBirimiSecilir' successfully

2021-11-18 12:07:23 - [MESSAGE][INFO] - Checking called Test Case

2021-11-18 12:07:23 - [MESSAGE][INFO] - Starting to call Test Case 'Test Cases/Olusturma/Genel/OnEkSecilir'

2021-11-18 12:07:23 - [TEST_CASE][PASSED] - Test Cases/Olusturma/Genel/OnEkSecilir: Test Cases/Olusturma/Genel/OnEkSecilir

2021-11-18 12:07:23 - [TEST_STEP][PASSED] - waitForElementClickable(findTestObject("Object Repository/Olusturma/Genel/OnEkSecilir/OnEk"), 10): Object 'Object Repository/Olusturma/Genel/OnEkSecilir/OnEk' is clickable

2021-11-18 12:07:23 - [MESSAGE][INFO] - Finding Test Object 'Object Repository/Olusturma/Genel/OnEkSecilir/OnEk'

2021-11-18 12:07:23 - [MESSAGE][INFO] - Checking object

2021-11-18 12:07:23 - [MESSAGE][INFO] - Checking timeout

2021-11-18 12:07:23 - [MESSAGE][INFO] - Finding web element from Test Object's properties

2021-11-18 12:07:23 - [MESSAGE][INFO] - Checking timeout

2021-11-18 12:07:23 - [MESSAGE][INFO] - Finding web element with id: 'Object Repository/Olusturma/Genel/OnEkSecilir/OnEk' located by 'By.xpath: //*[@id = 'InvoicePrefix_I']' in '10' second(s)

2021-11-18 12:07:23 - [MESSAGE][INFO] - Smart Wait Function is triggered

2021-11-18 12:07:23 - [MESSAGE][INFO] - Found 1 web elements with id: 'Object Repository/Olusturma/Genel/OnEkSecilir/OnEk' located by 'By.xpath: //*[@id = 'InvoicePrefix_I']' in '10' second(s)

2021-11-18 12:07:23 - [MESSAGE][PASSED] - Object 'Object Repository/Olusturma/Genel/OnEkSecilir/OnEk' is clickable

2021-11-18 12:07:23 - [TEST_STEP][PASSED] - click(findTestObject("Object Repository/Olusturma/Genel/OnEkSecilir/OnEk")): Object: 'Object Repository/Olusturma/Genel/OnEkSecilir/OnEk' is clicked on

2021-11-18 12:07:23 - [MESSAGE][INFO] - Finding Test Object 'Object Repository/Olusturma/Genel/OnEkSecilir/OnEk'

2021-11-18 12:07:23 - [MESSAGE][INFO] - Checking object

2021-11-18 12:07:23 - [MESSAGE][INFO] - Finding web element from Test Object's properties

2021-11-18 12:07:23 - [MESSAGE][INFO] - Checking timeout

2021-11-18 12:07:23 - [MESSAGE][INFO] - Finding web element with id: 'Object Repository/Olusturma/Genel/OnEkSecilir/OnEk' located by 'By.xpath: //*[@id = 'InvoicePrefix_I']' in '30' second(s)

2021-11-18 12:07:23 - [MESSAGE][INFO] - Smart Wait Function is triggered

2021-11-18 12:07:23 - [MESSAGE][INFO] - Found 1 web elements with id: 'Object Repository/Olusturma/Genel/OnEkSecilir/OnEk' located by 'By.xpath: //*[@id = 'InvoicePrefix_I']' in '30' second(s)

2021-11-18 12:07:23 - [MESSAGE][INFO] - Clicking on object: 'Object Repository/Olusturma/Genel/OnEkSecilir/OnEk'

2021-11-18 12:07:24 - [MESSAGE][PASSED] - Object: 'Object Repository/Olusturma/Genel/OnEkSecilir/OnEk' is clicked on

2021-11-18 12:07:24 - [TEST_STEP][PASSED] - Method.TextDegerineEsitElementeTiklaEquals(findTestObject("Object Repository/Olusturma/Genel/OnEkSecilir/OnEkAdi"), Ek): Method.TextDegerineEsitElementeTiklaEquals is PASSED

2021-11-18 12:07:24 - [MESSAGE][INFO] - Finding Test Object 'Object Repository/Olusturma/Genel/OnEkSecilir/OnEkAdi'

2021-11-18 12:07:24 - [MESSAGE][INFO] - Checking timeout

2021-11-18 12:07:24 - [MESSAGE][INFO] - Finding web element with id: 'Object Repository/Olusturma/Genel/OnEkSecilir/OnEkAdi' located by 'By.cssSelector: #InvoicePrefix_DDD_L_LBT td' in '10' second(s)

2021-11-18 12:07:24 - [MESSAGE][INFO] - Smart Wait Function is triggered

2021-11-18 12:07:24 - [MESSAGE][INFO] - Found 1 web elements with id: 'Object Repository/Olusturma/Genel/OnEkSecilir/OnEkAdi' located by 'By.cssSelector: #InvoicePrefix_DDD_L_LBT td' in '10' second(s)

2021-11-18 12:07:24 - [MESSAGE][PASSED] - Method.TextDegerineEsitElementeTiklaEquals is PASSED

2021-11-18 12:07:24 - [MESSAGE][PASSED] - Call Test Case 'Test Cases/Olusturma/Genel/OnEkSecilir' successfully

2021-11-18 12:07:24 - [MESSAGE][INFO] - Checking called Test Case

2021-11-18 12:07:24 - [MESSAGE][INFO] - Starting to call Test Case 'Test Cases/Olusturma/Genel/TasarimSecilir'

2021-11-18 12:07:24 - [TEST_CASE][PASSED] - Test Cases/Olusturma/Genel/TasarimSecilir: Test Cases/Olusturma/Genel/TasarimSecilir

2021-11-18 12:07:24 - [TEST_STEP][PASSED] - waitForElementClickable(findTestObject("Object Repository/Olusturma/Genel/TasarimSecilir/Tasarim"), 10): Object 'Object Repository/Olusturma/Genel/TasarimSecilir/Tasarim' is clickable

2021-11-18 12:07:24 - [MESSAGE][INFO] - Finding Test Object 'Object Repository/Olusturma/Genel/TasarimSecilir/Tasarim'

2021-11-18 12:07:24 - [MESSAGE][INFO] - Checking object

2021-11-18 12:07:24 - [MESSAGE][INFO] - Checking timeout

2021-11-18 12:07:24 - [MESSAGE][INFO] - Finding web element from Test Object's properties

2021-11-18 12:07:24 - [MESSAGE][INFO] - Checking timeout

2021-11-18 12:07:24 - [MESSAGE][INFO] - Finding web element with id: 'Object Repository/Olusturma/Genel/TasarimSecilir/Tasarim' located by 'By.xpath: //*[@id = 'DesignId_I']' in '10' second(s)

2021-11-18 12:07:24 - [MESSAGE][INFO] - Smart Wait Function is triggered

2021-11-18 12:07:24 - [MESSAGE][INFO] - Found 1 web elements with id: 'Object Repository/Olusturma/Genel/TasarimSecilir/Tasarim' located by 'By.xpath: //*[@id = 'DesignId_I']' in '10' second(s)

2021-11-18 12:07:24 - [MESSAGE][PASSED] - Object 'Object Repository/Olusturma/Genel/TasarimSecilir/Tasarim' is clickable

2021-11-18 12:07:24 - [TEST_STEP][PASSED] - click(findTestObject("Object Repository/Olusturma/Genel/TasarimSecilir/Tasarim")): Object: 'Object Repository/Olusturma/Genel/TasarimSecilir/Tasarim' is clicked on

2021-11-18 12:07:24 - [MESSAGE][INFO] - Finding Test Object 'Object Repository/Olusturma/Genel/TasarimSecilir/Tasarim'

2021-11-18 12:07:25 - [MESSAGE][INFO] - Checking object

2021-11-18 12:07:25 - [MESSAGE][INFO] - Finding web element from Test Object's properties

2021-11-18 12:07:25 - [MESSAGE][INFO] - Checking timeout

2021-11-18 12:07:25 - [MESSAGE][INFO] - Finding web element with id: 'Object Repository/Olusturma/Genel/TasarimSecilir/Tasarim' located by 'By.xpath: //*[@id = 'DesignId_I']' in '30' second(s)

2021-11-18 12:07:25 - [MESSAGE][INFO] - Smart Wait Function is triggered

2021-11-18 12:07:25 - [MESSAGE][INFO] - Found 1 web elements with id: 'Object Repository/Olusturma/Genel/TasarimSecilir/Tasarim' located by 'By.xpath: //*[@id = 'DesignId_I']' in '30' second(s)

2021-11-18 12:07:25 - [MESSAGE][INFO] - Clicking on object: 'Object Repository/Olusturma/Genel/TasarimSecilir/Tasarim'

2021-11-18 12:07:25 - [MESSAGE][PASSED] - Object: 'Object Repository/Olusturma/Genel/TasarimSecilir/Tasarim' is clicked on

2021-11-18 12:07:25 - [TEST_STEP][PASSED] - Method.TextDegerineEsitElementeTikla(findTestObject("Object Repository/Olusturma/Genel/TasarimSecilir/Tasarim_Adi"), Tasarim): Method.TextDegerineEsitElementeTikla is PASSED

2021-11-18 12:07:25 - [MESSAGE][INFO] - Finding Test Object 'Object Repository/Olusturma/Genel/TasarimSecilir/Tasarim_Adi'

2021-11-18 12:07:25 - [MESSAGE][INFO] - Checking timeout

2021-11-18 12:07:25 - [MESSAGE][INFO] - Finding web element with id: 'Object Repository/Olusturma/Genel/TasarimSecilir/Tasarim_Adi' located by 'By.cssSelector: #DesignId_DDD_L_LBT td' in '10' second(s)

2021-11-18 12:07:25 - [MESSAGE][INFO] - Smart Wait Function is triggered

2021-11-18 12:07:25 - [MESSAGE][INFO] - Found 1 web elements with id: 'Object Repository/Olusturma/Genel/TasarimSecilir/Tasarim_Adi' located by 'By.cssSelector: #DesignId_DDD_L_LBT td' in '10' second(s)

2021-11-18 12:07:25 - [MESSAGE][PASSED] - Method.TextDegerineEsitElementeTikla is PASSED

2021-11-18 12:07:25 - [MESSAGE][PASSED] - Call Test Case 'Test Cases/Olusturma/Genel/TasarimSecilir' successfully

2021-11-18 12:07:26 - [MESSAGE][INFO] - Checking called Test Case

2021-11-18 12:07:26 - [MESSAGE][INFO] - Starting to call Test Case 'Test Cases/Olusturma/Genel/Kutular/SiparisBilgileriGirilir'

2021-11-18 12:07:26 - [TEST_CASE][PASSED] - Test Cases/Olusturma/Genel/Kutular/SiparisBilgileriGirilir: Test Cases/Olusturma/Genel/Kutular/SiparisBilgileriGirilir

2021-11-18 12:07:26 - [TEST_STEP][PASSED] - Method.TextDegerineEsitElementeTikla(findTestObject("Olusturma/Genel/Kutular/KapaliKutular"), "Sipariş Bilgileri"): Method.TextDegerineEsitElementeTikla is PASSED

2021-11-18 12:07:26 - [MESSAGE][INFO] - Finding Test Object 'Object Repository/Olusturma/Genel/Kutular/KapaliKutular'

2021-11-18 12:07:26 - [MESSAGE][INFO] - Checking timeout

2021-11-18 12:07:26 - [MESSAGE][INFO] - Finding web element with id: 'Object Repository/Olusturma/Genel/Kutular/KapaliKutular' located by 'By.cssSelector: .dxnb-headerCollapsed>span' in '10' second(s)

2021-11-18 12:07:26 - [MESSAGE][INFO] - Smart Wait Function is triggered

2021-11-18 12:07:26 - [MESSAGE][INFO] - Found 8 web elements with id: 'Object Repository/Olusturma/Genel/Kutular/KapaliKutular' located by 'By.cssSelector: .dxnb-headerCollapsed>span' in '10' second(s)

2021-11-18 12:07:26 - [MESSAGE][PASSED] - Method.TextDegerineEsitElementeTikla is PASSED

2021-11-18 12:07:26 - [TEST_STEP][PASSED] - waitForElementPresent(findTestObject("Object Repository/Olusturma/Genel/Kutular/SiparisBilgileri/SiparisNo"), 10): Object 'Object Repository/Olusturma/Genel/Kutular/SiparisBilgileri/SiparisNo' is present

2021-11-18 12:07:26 - [MESSAGE][INFO] - Finding Test Object 'Object Repository/Olusturma/Genel/Kutular/SiparisBilgileri/SiparisNo'

2021-11-18 12:07:26 - [MESSAGE][INFO] - Checking object

2021-11-18 12:07:26 - [MESSAGE][INFO] - Finding web element from Test Object's properties

2021-11-18 12:07:26 - [MESSAGE][INFO] - Checking timeout

2021-11-18 12:07:26 - [MESSAGE][INFO] - Finding web element with id: 'Object Repository/Olusturma/Genel/Kutular/SiparisBilgileri/SiparisNo' located by 'By.xpath: //*[@id = 'txtSiparisNo_I']' in '10' second(s)

2021-11-18 12:07:26 - [MESSAGE][INFO] - Smart Wait Function is triggered

2021-11-18 12:07:26 - [MESSAGE][INFO] - Found 1 web elements with id: 'Object Repository/Olusturma/Genel/Kutular/SiparisBilgileri/SiparisNo' located by 'By.xpath: //*[@id = 'txtSiparisNo_I']' in '10' second(s)

2021-11-18 12:07:26 - [MESSAGE][PASSED] - Object 'Object Repository/Olusturma/Genel/Kutular/SiparisBilgileri/SiparisNo' is present

2021-11-18 12:07:26 - [TEST_STEP][PASSED] - clearText(findTestObject("Object Repository/Olusturma/Genel/Kutular/SiparisBilgileri/SiparisNo")): Text of object 'Object Repository/Olusturma/Genel/Kutular/SiparisBilgileri/SiparisNo' is cleared

2021-11-18 12:07:26 - [MESSAGE][INFO] - Finding Test Object 'Object Repository/Olusturma/Genel/Kutular/SiparisBilgileri/SiparisNo'

2021-11-18 12:07:26 - [MESSAGE][INFO] - Checking object

2021-11-18 12:07:26 - [MESSAGE][INFO] - Finding web element from Test Object's properties

2021-11-18 12:07:26 - [MESSAGE][INFO] - Checking timeout

2021-11-18 12:07:26 - [MESSAGE][INFO] - Finding web element with id: 'Object Repository/Olusturma/Genel/Kutular/SiparisBilgileri/SiparisNo' located by 'By.xpath: //*[@id = 'txtSiparisNo_I']' in '30' second(s)

2021-11-18 12:07:26 - [MESSAGE][INFO] - Smart Wait Function is triggered

2021-11-18 12:07:27 - [MESSAGE][INFO] - Found 1 web elements with id: 'Object Repository/Olusturma/Genel/Kutular/SiparisBilgileri/SiparisNo' located by 'By.xpath: //*[@id = 'txtSiparisNo_I']' in '30' second(s)

2021-11-18 12:07:27 - [MESSAGE][INFO] - Clearing text of object 'Object Repository/Olusturma/Genel/Kutular/SiparisBilgileri/SiparisNo'

2021-11-18 12:07:27 - [MESSAGE][PASSED] - Text of object 'Object Repository/Olusturma/Genel/Kutular/SiparisBilgileri/SiparisNo' is cleared

2021-11-18 12:07:27 - [TEST_STEP][PASSED] - sendKeys(findTestObject("Object Repository/Olusturma/Genel/Kutular/SiparisBilgileri/SiparisNo"), SiparisNo): Keys 'UUC-SAT-1200001' sent to object: 'Object Repository/Olusturma/Genel/Kutular/SiparisBilgileri/SiparisNo'

2021-11-18 12:07:27 - [MESSAGE][INFO] - Finding Test Object 'Object Repository/Olusturma/Genel/Kutular/SiparisBilgileri/SiparisNo'

2021-11-18 12:07:27 - [MESSAGE][INFO] - Sending keys 'UUC-SAT-1200001' to object: 'Object Repository/Olusturma/Genel/Kutular/SiparisBilgileri/SiparisNo'

2021-11-18 12:07:27 - [MESSAGE][INFO] - Finding web element from Test Object's properties

2021-11-18 12:07:27 - [MESSAGE][INFO] - Checking timeout

2021-11-18 12:07:27 - [MESSAGE][INFO] - Finding web element with id: 'Object Repository/Olusturma/Genel/Kutular/SiparisBilgileri/SiparisNo' located by 'By.xpath: //*[@id = 'txtSiparisNo_I']' in '30' second(s)

2021-11-18 12:07:27 - [MESSAGE][INFO] - Smart Wait Function is triggered

2021-11-18 12:07:27 - [MESSAGE][INFO] - Found 1 web elements with id: 'Object Repository/Olusturma/Genel/Kutular/SiparisBilgileri/SiparisNo' located by 'By.xpath: //*[@id = 'txtSiparisNo_I']' in '30' second(s)

2021-11-18 12:07:27 - [MESSAGE][PASSED] - Keys 'UUC-SAT-1200001' sent to object: 'Object Repository/Olusturma/Genel/Kutular/SiparisBilgileri/SiparisNo'

2021-11-18 12:07:27 - [TEST_STEP][PASSED] - waitForElementClickable(findTestObject("Object Repository/Olusturma/Genel/Kutular/SiparisBilgileri/SiparisTarihiImage"), 10): Object 'Object Repository/Olusturma/Genel/Kutular/SiparisBilgileri/SiparisTarihiImage' is clickable

2021-11-18 12:07:27 - [MESSAGE][INFO] - Finding Test Object 'Object Repository/Olusturma/Genel/Kutular/SiparisBilgileri/SiparisTarihiImage'

2021-11-18 12:07:27 - [MESSAGE][INFO] - Checking object

2021-11-18 12:07:27 - [MESSAGE][INFO] - Checking timeout

2021-11-18 12:07:27 - [MESSAGE][INFO] - Finding web element from Test Object's properties

2021-11-18 12:07:27 - [MESSAGE][INFO] - Checking timeout

2021-11-18 12:07:27 - [MESSAGE][INFO] - Finding web element with id: 'Object Repository/Olusturma/Genel/Kutular/SiparisBilgileri/SiparisTarihiImage' located by 'By.cssSelector: #dateSiparisTarih img' in '10' second(s)

2021-11-18 12:07:27 - [MESSAGE][INFO] - Smart Wait Function is triggered

2021-11-18 12:07:28 - [MESSAGE][INFO] - Found 1 web elements with id: 'Object Repository/Olusturma/Genel/Kutular/SiparisBilgileri/SiparisTarihiImage' located by 'By.cssSelector: #dateSiparisTarih img' in '10' second(s)

2021-11-18 12:07:28 - [MESSAGE][PASSED] - Object 'Object Repository/Olusturma/Genel/Kutular/SiparisBilgileri/SiparisTarihiImage' is clickable

2021-11-18 12:07:28 - [TEST_STEP][PASSED] - click(findTestObject("Object Repository/Olusturma/Genel/Kutular/SiparisBilgileri/SiparisTarihiImage")): Object: 'Object Repository/Olusturma/Genel/Kutular/SiparisBilgileri/SiparisTarihiImage' is clicked on

2021-11-18 12:07:28 - [MESSAGE][INFO] - Finding Test Object 'Object Repository/Olusturma/Genel/Kutular/SiparisBilgileri/SiparisTarihiImage'

2021-11-18 12:07:28 - [MESSAGE][INFO] - Checking object

2021-11-18 12:07:28 - [MESSAGE][INFO] - Finding web element from Test Object's properties

2021-11-18 12:07:28 - [MESSAGE][INFO] - Checking timeout

2021-11-18 12:07:28 - [MESSAGE][INFO] - Finding web element with id: 'Object Repository/Olusturma/Genel/Kutular/SiparisBilgileri/SiparisTarihiImage' located by 'By.cssSelector: #dateSiparisTarih img' in '30' second(s)

2021-11-18 12:07:28 - [MESSAGE][INFO] - Smart Wait Function is triggered

2021-11-18 12:07:28 - [MESSAGE][INFO] - Found 1 web elements with id: 'Object Repository/Olusturma/Genel/Kutular/SiparisBilgileri/SiparisTarihiImage' located by 'By.cssSelector: #dateSiparisTarih img' in '30' second(s)

2021-11-18 12:07:28 - [MESSAGE][INFO] - Clicking on object: 'Object Repository/Olusturma/Genel/Kutular/SiparisBilgileri/SiparisTarihiImage'

2021-11-18 12:07:28 - [MESSAGE][PASSED] - Object: 'Object Repository/Olusturma/Genel/Kutular/SiparisBilgileri/SiparisTarihiImage' is clicked on

2021-11-18 12:07:28 - [TEST_STEP][PASSED] - waitForElementPresent(findTestObject("Object Repository/Olusturma/Genel/Kutular/SiparisBilgileri/SiparisTarihi"), 10): Object 'Object Repository/Olusturma/Genel/Kutular/SiparisBilgileri/SiparisTarihi' is present

2021-11-18 12:07:28 - [MESSAGE][INFO] - Finding Test Object 'Object Repository/Olusturma/Genel/Kutular/SiparisBilgileri/SiparisTarihi'

2021-11-18 12:07:28 - [MESSAGE][INFO] - Checking object

2021-11-18 12:07:28 - [MESSAGE][INFO] - Finding web element from Test Object's properties

2021-11-18 12:07:28 - [MESSAGE][INFO] - Checking timeout

2021-11-18 12:07:28 - [MESSAGE][INFO] - Finding web element with id: 'Object Repository/Olusturma/Genel/Kutular/SiparisBilgileri/SiparisTarihi' located by 'By.xpath: //*[@id = 'dateSiparisTarih_I']' in '10' second(s)

2021-11-18 12:07:28 - [MESSAGE][INFO] - Smart Wait Function is triggered

2021-11-18 12:07:29 - [MESSAGE][INFO] - Found 1 web elements with id: 'Object Repository/Olusturma/Genel/Kutular/SiparisBilgileri/SiparisTarihi' located by 'By.xpath: //*[@id = 'dateSiparisTarih_I']' in '10' second(s)

2021-11-18 12:07:29 - [MESSAGE][PASSED] - Object 'Object Repository/Olusturma/Genel/Kutular/SiparisBilgileri/SiparisTarihi' is present

2021-11-18 12:07:29 - [TEST_STEP][PASSED] - clearText(findTestObject("Object Repository/Olusturma/Genel/Kutular/SiparisBilgileri/SiparisTarihi")): Text of object 'Object Repository/Olusturma/Genel/Kutular/SiparisBilgileri/SiparisTarihi' is cleared

2021-11-18 12:07:29 - [MESSAGE][INFO] - Finding Test Object 'Object Repository/Olusturma/Genel/Kutular/SiparisBilgileri/SiparisTarihi'

2021-11-18 12:07:29 - [MESSAGE][INFO] - Checking object

2021-11-18 12:07:29 - [MESSAGE][INFO] - Finding web element from Test Object's properties

2021-11-18 12:07:29 - [MESSAGE][INFO] - Checking timeout

2021-11-18 12:07:29 - [MESSAGE][INFO] - Finding web element with id: 'Object Repository/Olusturma/Genel/Kutular/SiparisBilgileri/SiparisTarihi' located by 'By.xpath: //*[@id = 'dateSiparisTarih_I']' in '30' second(s)

2021-11-18 12:07:29 - [MESSAGE][INFO] - Smart Wait Function is triggered

2021-11-18 12:07:29 - [MESSAGE][INFO] - Found 1 web elements with id: 'Object Repository/Olusturma/Genel/Kutular/SiparisBilgileri/SiparisTarihi' located by 'By.xpath: //*[@id = 'dateSiparisTarih_I']' in '30' second(s)

2021-11-18 12:07:29 - [MESSAGE][INFO] - Clearing text of object 'Object Repository/Olusturma/Genel/Kutular/SiparisBilgileri/SiparisTarihi'

2021-11-18 12:07:29 - [MESSAGE][PASSED] - Text of object 'Object Repository/Olusturma/Genel/Kutular/SiparisBilgileri/SiparisTarihi' is cleared

2021-11-18 12:07:29 - [TEST_STEP][PASSED] - sendKeys(findTestObject("Object Repository/Olusturma/Genel/Kutular/SiparisBilgileri/SiparisTarihi"), Tarih): Keys '31.04.2020' sent to object: 'Object Repository/Olusturma/Genel/Kutular/SiparisBilgileri/SiparisTarihi'

2021-11-18 12:07:29 - [MESSAGE][INFO] - Finding Test Object 'Object Repository/Olusturma/Genel/Kutular/SiparisBilgileri/SiparisTarihi'

2021-11-18 12:07:29 - [MESSAGE][INFO] - Sending keys '31.04.2020' to object: 'Object Repository/Olusturma/Genel/Kutular/SiparisBilgileri/SiparisTarihi'

2021-11-18 12:07:29 - [MESSAGE][INFO] - Finding web element from Test Object's properties

2021-11-18 12:07:29 - [MESSAGE][INFO] - Checking timeout

2021-11-18 12:07:29 - [MESSAGE][INFO] - Finding web element with id: 'Object Repository/Olusturma/Genel/Kutular/SiparisBilgileri/SiparisTarihi' located by 'By.xpath: //*[@id = 'dateSiparisTarih_I']' in '30' second(s)

2021-11-18 12:07:29 - [MESSAGE][INFO] - Smart Wait Function is triggered

2021-11-18 12:07:30 - [MESSAGE][INFO] - Found 1 web elements with id: 'Object Repository/Olusturma/Genel/Kutular/SiparisBilgileri/SiparisTarihi' located by 'By.xpath: //*[@id = 'dateSiparisTarih_I']' in '30' second(s)

2021-11-18 12:07:30 - [MESSAGE][PASSED] - Keys '31.04.2020' sent to object: 'Object Repository/Olusturma/Genel/Kutular/SiparisBilgileri/SiparisTarihi'

2021-11-18 12:07:30 - [MESSAGE][PASSED] - Call Test Case 'Test Cases/Olusturma/Genel/Kutular/SiparisBilgileriGirilir' successfully

2021-11-18 12:07:30 - [MESSAGE][INFO] - Checking called Test Case

2021-11-18 12:07:30 - [MESSAGE][INFO] - Starting to call Test Case 'Test Cases/Olusturma/Genel/Kutular/IrsaliyeBilgileri'

2021-11-18 12:07:30 - [TEST_CASE][PASSED] - Test Cases/Olusturma/Genel/Kutular/IrsaliyeBilgileri: Test Cases/Olusturma/Genel/Kutular/IrsaliyeBilgileri

2021-11-18 12:07:30 - [TEST_STEP][PASSED] - Method.TextDegerineEsitElementeTikla(findTestObject("Olusturma/Genel/Kutular/KapaliKutular"), "İrsaliye Bilgileri"): Method.TextDegerineEsitElementeTikla is PASSED

2021-11-18 12:07:30 - [MESSAGE][INFO] - Finding Test Object 'Object Repository/Olusturma/Genel/Kutular/KapaliKutular'

2021-11-18 12:07:30 - [MESSAGE][INFO] - Checking timeout

2021-11-18 12:07:30 - [MESSAGE][INFO] - Finding web element with id: 'Object Repository/Olusturma/Genel/Kutular/KapaliKutular' located by 'By.cssSelector: .dxnb-headerCollapsed>span' in '10' second(s)

2021-11-18 12:07:30 - [MESSAGE][INFO] - Smart Wait Function is triggered

2021-11-18 12:07:30 - [MESSAGE][INFO] - Found 8 web elements with id: 'Object Repository/Olusturma/Genel/Kutular/KapaliKutular' located by 'By.cssSelector: .dxnb-headerCollapsed>span' in '10' second(s)

2021-11-18 12:07:30 - [MESSAGE][PASSED] - Method.TextDegerineEsitElementeTikla is PASSED

2021-11-18 12:07:30 - [TEST_STEP][PASSED] - waitForElementClickable(findTestObject("Olusturma/Genel/Kutular/IrsaliyeBilgileri/Ekle"), 10): Object 'Object Repository/Olusturma/Genel/Kutular/IrsaliyeBilgileri/Ekle' is clickable

2021-11-18 12:07:30 - [MESSAGE][INFO] - Finding Test Object 'Object Repository/Olusturma/Genel/Kutular/IrsaliyeBilgileri/Ekle'

2021-11-18 12:07:30 - [MESSAGE][INFO] - Checking object

2021-11-18 12:07:30 - [MESSAGE][INFO] - Checking timeout

2021-11-18 12:07:30 - [MESSAGE][INFO] - Finding web element from Test Object's properties

2021-11-18 12:07:30 - [MESSAGE][INFO] - Checking timeout

2021-11-18 12:07:30 - [MESSAGE][INFO] - Finding web element with id: 'Object Repository/Olusturma/Genel/Kutular/IrsaliyeBilgileri/Ekle' located by 'By.xpath: //*[@id = 'DXEditorgvUserInvoiceBillsNewRowBtn']' in '10' second(s)

2021-11-18 12:07:30 - [MESSAGE][INFO] - Smart Wait Function is triggered

2021-11-18 12:07:31 - [MESSAGE][INFO] - Found 1 web elements with id: 'Object Repository/Olusturma/Genel/Kutular/IrsaliyeBilgileri/Ekle' located by 'By.xpath: //*[@id = 'DXEditorgvUserInvoiceBillsNewRowBtn']' in '10' second(s)

2021-11-18 12:07:31 - [MESSAGE][PASSED] - Object 'Object Repository/Olusturma/Genel/Kutular/IrsaliyeBilgileri/Ekle' is clickable

2021-11-18 12:07:31 - [TEST_STEP][PASSED] - click(findTestObject("Olusturma/Genel/Kutular/IrsaliyeBilgileri/Ekle")): Object: 'Object Repository/Olusturma/Genel/Kutular/IrsaliyeBilgileri/Ekle' is clicked on

2021-11-18 12:07:31 - [MESSAGE][INFO] - Finding Test Object 'Object Repository/Olusturma/Genel/Kutular/IrsaliyeBilgileri/Ekle'

2021-11-18 12:07:31 - [MESSAGE][INFO] - Checking object

2021-11-18 12:07:31 - [MESSAGE][INFO] - Finding web element from Test Object's properties

2021-11-18 12:07:31 - [MESSAGE][INFO] - Checking timeout

2021-11-18 12:07:31 - [MESSAGE][INFO] - Finding web element with id: 'Object Repository/Olusturma/Genel/Kutular/IrsaliyeBilgileri/Ekle' located by 'By.xpath: //*[@id = 'DXEditorgvUserInvoiceBillsNewRowBtn']' in '30' second(s)

2021-11-18 12:07:31 - [MESSAGE][INFO] - Smart Wait Function is triggered

2021-11-18 12:07:31 - [MESSAGE][INFO] - Found 1 web elements with id: 'Object Repository/Olusturma/Genel/Kutular/IrsaliyeBilgileri/Ekle' located by 'By.xpath: //*[@id = 'DXEditorgvUserInvoiceBillsNewRowBtn']' in '30' second(s)

2021-11-18 12:07:31 - [MESSAGE][INFO] - Clicking on object: 'Object Repository/Olusturma/Genel/Kutular/IrsaliyeBilgileri/Ekle'

2021-11-18 12:07:31 - [MESSAGE][PASSED] - Object: 'Object Repository/Olusturma/Genel/Kutular/IrsaliyeBilgileri/Ekle' is clicked on

2021-11-18 12:07:31 - [TEST_STEP][PASSED] - waitForElementPresent(findTestObject("Object Repository/Olusturma/Genel/Kutular/IrsaliyeBilgileri/IrsaliyeNumarasi"), 10): Object 'Object Repository/Olusturma/Genel/Kutular/IrsaliyeBilgileri/IrsaliyeNumarasi' is present

2021-11-18 12:07:31 - [MESSAGE][INFO] - Finding Test Object 'Object Repository/Olusturma/Genel/Kutular/IrsaliyeBilgileri/IrsaliyeNumarasi'

2021-11-18 12:07:31 - [MESSAGE][INFO] - Checking object

2021-11-18 12:07:31 - [MESSAGE][INFO] - Finding web element from Test Object's properties

2021-11-18 12:07:31 - [MESSAGE][INFO] - Checking timeout

2021-11-18 12:07:31 - [MESSAGE][INFO] - Finding web element with id: 'Object Repository/Olusturma/Genel/Kutular/IrsaliyeBilgileri/IrsaliyeNumarasi' located by 'By.xpath: //*[@id = 'gvUserInvoiceBills_DXEditor1_I']' in '10' second(s)

2021-11-18 12:07:31 - [MESSAGE][INFO] - Smart Wait Function is triggered

2021-11-18 12:07:32 - [MESSAGE][INFO] - Smart Wait Function is triggered

2021-11-18 12:07:32 - [MESSAGE][INFO] - Smart Wait Function is triggered

2021-11-18 12:07:33 - [MESSAGE][INFO] - Found 1 web elements with id: 'Object Repository/Olusturma/Genel/Kutular/IrsaliyeBilgileri/IrsaliyeNumarasi' located by 'By.xpath: //*[@id = 'gvUserInvoiceBills_DXEditor1_I']' in '10' second(s)

2021-11-18 12:07:33 - [MESSAGE][PASSED] - Object 'Object Repository/Olusturma/Genel/Kutular/IrsaliyeBilgileri/IrsaliyeNumarasi' is present

2021-11-18 12:07:33 - [TEST_STEP][PASSED] - clearText(findTestObject("Object Repository/Olusturma/Genel/Kutular/IrsaliyeBilgileri/IrsaliyeNumarasi")): Text of object 'Object Repository/Olusturma/Genel/Kutular/IrsaliyeBilgileri/IrsaliyeNumarasi' is cleared

2021-11-18 12:07:33 - [MESSAGE][INFO] - Finding Test Object 'Object Repository/Olusturma/Genel/Kutular/IrsaliyeBilgileri/IrsaliyeNumarasi'

2021-11-18 12:07:33 - [MESSAGE][INFO] - Checking object

2021-11-18 12:07:33 - [MESSAGE][INFO] - Finding web element from Test Object's properties

2021-11-18 12:07:33 - [MESSAGE][INFO] - Checking timeout

2021-11-18 12:07:33 - [MESSAGE][INFO] - Finding web element with id: 'Object Repository/Olusturma/Genel/Kutular/IrsaliyeBilgileri/IrsaliyeNumarasi' located by 'By.xpath: //*[@id = 'gvUserInvoiceBills_DXEditor1_I']' in '30' second(s)

2021-11-18 12:07:33 - [MESSAGE][INFO] - Smart Wait Function is triggered

2021-11-18 12:07:33 - [MESSAGE][INFO] - Found 1 web elements with id: 'Object Repository/Olusturma/Genel/Kutular/IrsaliyeBilgileri/IrsaliyeNumarasi' located by 'By.xpath: //*[@id = 'gvUserInvoiceBills_DXEditor1_I']' in '30' second(s)

2021-11-18 12:07:33 - [MESSAGE][INFO] - Clearing text of object 'Object Repository/Olusturma/Genel/Kutular/IrsaliyeBilgileri/IrsaliyeNumarasi'

2021-11-18 12:07:33 - [MESSAGE][PASSED] - Text of object 'Object Repository/Olusturma/Genel/Kutular/IrsaliyeBilgileri/IrsaliyeNumarasi' is cleared

2021-11-18 12:07:33 - [TEST_STEP][PASSED] - sendKeys(findTestObject("Object Repository/Olusturma/Genel/Kutular/IrsaliyeBilgileri/IrsaliyeNumarasi"), Numara): Keys 'AAAAAAAAAA' sent to object: 'Object Repository/Olusturma/Genel/Kutular/IrsaliyeBilgileri/IrsaliyeNumarasi'

2021-11-18 12:07:33 - [MESSAGE][INFO] - Finding Test Object 'Object Repository/Olusturma/Genel/Kutular/IrsaliyeBilgileri/IrsaliyeNumarasi'

2021-11-18 12:07:33 - [MESSAGE][INFO] - Sending keys 'AAAAAAAAAA' to object: 'Object Repository/Olusturma/Genel/Kutular/IrsaliyeBilgileri/IrsaliyeNumarasi'

2021-11-18 12:07:33 - [MESSAGE][INFO] - Finding web element from Test Object's properties

2021-11-18 12:07:33 - [MESSAGE][INFO] - Checking timeout

2021-11-18 12:07:33 - [MESSAGE][INFO] - Finding web element with id: 'Object Repository/Olusturma/Genel/Kutular/IrsaliyeBilgileri/IrsaliyeNumarasi' located by 'By.xpath: //*[@id = 'gvUserInvoiceBills_DXEditor1_I']' in '30' second(s)

2021-11-18 12:07:33 - [MESSAGE][INFO] - Smart Wait Function is triggered

2021-11-18 12:07:33 - [MESSAGE][INFO] - Found 1 web elements with id: 'Object Repository/Olusturma/Genel/Kutular/IrsaliyeBilgileri/IrsaliyeNumarasi' located by 'By.xpath: //*[@id = 'gvUserInvoiceBills_DXEditor1_I']' in '30' second(s)

2021-11-18 12:07:33 - [MESSAGE][PASSED] - Keys 'AAAAAAAAAA' sent to object: 'Object Repository/Olusturma/Genel/Kutular/IrsaliyeBilgileri/IrsaliyeNumarasi'

2021-11-18 12:07:33 - [TEST_STEP][PASSED] - waitForElementClickable(findTestObject("Object Repository/Olusturma/Genel/Kutular/IrsaliyeBilgileri/IrsaliyeTarihi"), 10): Object 'Object Repository/Olusturma/Genel/Kutular/IrsaliyeBilgileri/IrsaliyeTarihi' is clickable

2021-11-18 12:07:33 - [MESSAGE][INFO] - Finding Test Object 'Object Repository/Olusturma/Genel/Kutular/IrsaliyeBilgileri/IrsaliyeTarihi'

2021-11-18 12:07:33 - [MESSAGE][INFO] - Checking object

2021-11-18 12:07:33 - [MESSAGE][INFO] - Checking timeout

2021-11-18 12:07:33 - [MESSAGE][INFO] - Finding web element from Test Object's properties

2021-11-18 12:07:33 - [MESSAGE][INFO] - Checking timeout

2021-11-18 12:07:33 - [MESSAGE][INFO] - Finding web element with id: 'Object Repository/Olusturma/Genel/Kutular/IrsaliyeBilgileri/IrsaliyeTarihi' located by 'By.xpath: //*[@id = 'gvUserInvoiceBills_DXEditor2_I']' in '10' second(s)

2021-11-18 12:07:33 - [MESSAGE][INFO] - Smart Wait Function is triggered

2021-11-18 12:07:34 - [MESSAGE][INFO] - Found 1 web elements with id: 'Object Repository/Olusturma/Genel/Kutular/IrsaliyeBilgileri/IrsaliyeTarihi' located by 'By.xpath: //*[@id = 'gvUserInvoiceBills_DXEditor2_I']' in '10' second(s)

2021-11-18 12:07:34 - [MESSAGE][PASSED] - Object 'Object Repository/Olusturma/Genel/Kutular/IrsaliyeBilgileri/IrsaliyeTarihi' is clickable

2021-11-18 12:07:34 - [TEST_STEP][PASSED] - click(findTestObject("Object Repository/Olusturma/Genel/Kutular/IrsaliyeBilgileri/IrsaliyeTarihi")): Object: 'Object Repository/Olusturma/Genel/Kutular/IrsaliyeBilgileri/IrsaliyeTarihi' is clicked on

2021-11-18 12:07:34 - [MESSAGE][INFO] - Finding Test Object 'Object Repository/Olusturma/Genel/Kutular/IrsaliyeBilgileri/IrsaliyeTarihi'

2021-11-18 12:07:34 - [MESSAGE][INFO] - Checking object

2021-11-18 12:07:34 - [MESSAGE][INFO] - Finding web element from Test Object's properties

2021-11-18 12:07:34 - [MESSAGE][INFO] - Checking timeout

2021-11-18 12:07:34 - [MESSAGE][INFO] - Finding web element with id: 'Object Repository/Olusturma/Genel/Kutular/IrsaliyeBilgileri/IrsaliyeTarihi' located by 'By.xpath: //*[@id = 'gvUserInvoiceBills_DXEditor2_I']' in '30' second(s)

2021-11-18 12:07:34 - [MESSAGE][INFO] - Smart Wait Function is triggered

2021-11-18 12:07:34 - [MESSAGE][INFO] - Found 1 web elements with id: 'Object Repository/Olusturma/Genel/Kutular/IrsaliyeBilgileri/IrsaliyeTarihi' located by 'By.xpath: //*[@id = 'gvUserInvoiceBills_DXEditor2_I']' in '30' second(s)

2021-11-18 12:07:34 - [MESSAGE][INFO] - Clicking on object: 'Object Repository/Olusturma/Genel/Kutular/IrsaliyeBilgileri/IrsaliyeTarihi'

2021-11-18 12:07:34 - [MESSAGE][PASSED] - Object: 'Object Repository/Olusturma/Genel/Kutular/IrsaliyeBilgileri/IrsaliyeTarihi' is clicked on

2021-11-18 12:07:34 - [TEST_STEP][PASSED] - sendKeys(findTestObject("Object Repository/Olusturma/Genel/Kutular/IrsaliyeBilgileri/IrsaliyeTarihi"), Tarih): Keys '31.04.2020' sent to object: 'Object Repository/Olusturma/Genel/Kutular/IrsaliyeBilgileri/IrsaliyeTarihi'

2021-11-18 12:07:34 - [MESSAGE][INFO] - Finding Test Object 'Object Repository/Olusturma/Genel/Kutular/IrsaliyeBilgileri/IrsaliyeTarihi'

2021-11-18 12:07:34 - [MESSAGE][INFO] - Sending keys '31.04.2020' to object: 'Object Repository/Olusturma/Genel/Kutular/IrsaliyeBilgileri/IrsaliyeTarihi'

2021-11-18 12:07:34 - [MESSAGE][INFO] - Finding web element from Test Object's properties

2021-11-18 12:07:34 - [MESSAGE][INFO] - Checking timeout

2021-11-18 12:07:34 - [MESSAGE][INFO] - Finding web element with id: 'Object Repository/Olusturma/Genel/Kutular/IrsaliyeBilgileri/IrsaliyeTarihi' located by 'By.xpath: //*[@id = 'gvUserInvoiceBills_DXEditor2_I']' in '30' second(s)

2021-11-18 12:07:34 - [MESSAGE][INFO] - Smart Wait Function is triggered

2021-11-18 12:07:35 - [MESSAGE][INFO] - Found 1 web elements with id: 'Object Repository/Olusturma/Genel/Kutular/IrsaliyeBilgileri/IrsaliyeTarihi' located by 'By.xpath: //*[@id = 'gvUserInvoiceBills_DXEditor2_I']' in '30' second(s)

2021-11-18 12:07:35 - [MESSAGE][PASSED] - Keys '31.04.2020' sent to object: 'Object Repository/Olusturma/Genel/Kutular/IrsaliyeBilgileri/IrsaliyeTarihi'

2021-11-18 12:07:35 - [MESSAGE][PASSED] - Call Test Case 'Test Cases/Olusturma/Genel/Kutular/IrsaliyeBilgileri' successfully

2021-11-18 12:07:35 - [MESSAGE][INFO] - Checking called Test Case

2021-11-18 12:07:35 - [MESSAGE][INFO] - Starting to call Test Case 'Test Cases/Olusturma/Genel/EkleButonunaBasilir'

2021-11-18 12:07:35 - [TEST_CASE][PASSED] - Test Cases/Olusturma/Genel/EkleButonunaBasilir: Test Cases/Olusturma/Genel/EkleButonunaBasilir

2021-11-18 12:07:35 - [TEST_STEP][PASSED] - waitForElementClickable(findTestObject("Object Repository/Olusturma/Genel/Olusturma/Ekle"), 10): Object 'Object Repository/Olusturma/Genel/Olusturma/Ekle' is clickable

2021-11-18 12:07:35 - [MESSAGE][INFO] - Finding Test Object 'Object Repository/Olusturma/Genel/Olusturma/Ekle'

2021-11-18 12:07:35 - [MESSAGE][INFO] - Checking object

2021-11-18 12:07:35 - [MESSAGE][INFO] - Checking timeout

2021-11-18 12:07:35 - [MESSAGE][INFO] - Finding web element from Test Object's properties

2021-11-18 12:07:35 - [MESSAGE][INFO] - Checking timeout

2021-11-18 12:07:35 - [MESSAGE][INFO] - Finding web element with id: 'Object Repository/Olusturma/Genel/Olusturma/Ekle' located by 'By.cssSelector: #divmalhizmet i.fa.fa-plus.fa-lg.text-muted' in '10' second(s)

2021-11-18 12:07:35 - [MESSAGE][INFO] - Smart Wait Function is triggered

2021-11-18 12:07:35 - [MESSAGE][INFO] - Found 1 web elements with id: 'Object Repository/Olusturma/Genel/Olusturma/Ekle' located by 'By.cssSelector: #divmalhizmet i.fa.fa-plus.fa-lg.text-muted' in '10' second(s)

2021-11-18 12:07:35 - [MESSAGE][PASSED] - Object 'Object Repository/Olusturma/Genel/Olusturma/Ekle' is clickable

2021-11-18 12:07:35 - [TEST_STEP][PASSED] - click(findTestObject("Object Repository/Olusturma/Genel/Olusturma/Ekle")): Object: 'Object Repository/Olusturma/Genel/Olusturma/Ekle' is clicked on

2021-11-18 12:07:35 - [MESSAGE][INFO] - Finding Test Object 'Object Repository/Olusturma/Genel/Olusturma/Ekle'

2021-11-18 12:07:35 - [MESSAGE][INFO] - Checking object

2021-11-18 12:07:35 - [MESSAGE][INFO] - Finding web element from Test Object's properties

2021-11-18 12:07:35 - [MESSAGE][INFO] - Checking timeout

2021-11-18 12:07:35 - [MESSAGE][INFO] - Finding web element with id: 'Object Repository/Olusturma/Genel/Olusturma/Ekle' located by 'By.cssSelector: #divmalhizmet i.fa.fa-plus.fa-lg.text-muted' in '30' second(s)

2021-11-18 12:07:35 - [MESSAGE][INFO] - Smart Wait Function is triggered

2021-11-18 12:07:36 - [MESSAGE][INFO] - Found 1 web elements with id: 'Object Repository/Olusturma/Genel/Olusturma/Ekle' located by 'By.cssSelector: #divmalhizmet i.fa.fa-plus.fa-lg.text-muted' in '30' second(s)

2021-11-18 12:07:36 - [MESSAGE][INFO] - Clicking on object: 'Object Repository/Olusturma/Genel/Olusturma/Ekle'

2021-11-18 12:07:36 - [MESSAGE][PASSED] - Object: 'Object Repository/Olusturma/Genel/Olusturma/Ekle' is clicked on

2021-11-18 12:07:36 - [TEST_STEP][PASSED] - waitForElementClickable(findTestObject("Olusturma/Genel/Olusturma/EklenenSatirCarpiImage"), 10): Object 'Object Repository/Olusturma/Genel/Olusturma/EklenenSatirCarpiImage' is clickable

2021-11-18 12:07:36 - [MESSAGE][INFO] - Finding Test Object 'Object Repository/Olusturma/Genel/Olusturma/EklenenSatirCarpiImage'

2021-11-18 12:07:36 - [MESSAGE][INFO] - Checking object

2021-11-18 12:07:36 - [MESSAGE][INFO] - Checking timeout

2021-11-18 12:07:36 - [MESSAGE][INFO] - Finding web element from Test Object's properties

2021-11-18 12:07:36 - [MESSAGE][INFO] - Checking timeout

2021-11-18 12:07:36 - [MESSAGE][INFO] - Finding web element with id: 'Object Repository/Olusturma/Genel/Olusturma/EklenenSatirCarpiImage' located by 'By.cssSelector: .fa.fa-times.fa-lg.text-primary' in '10' second(s)

2021-11-18 12:07:36 - [MESSAGE][INFO] - Smart Wait Function is triggered

2021-11-18 12:07:36 - [MESSAGE][INFO] - Found 1 web elements with id: 'Object Repository/Olusturma/Genel/Olusturma/EklenenSatirCarpiImage' located by 'By.cssSelector: .fa.fa-times.fa-lg.text-primary' in '10' second(s)

2021-11-18 12:07:36 - [MESSAGE][PASSED] - Object 'Object Repository/Olusturma/Genel/Olusturma/EklenenSatirCarpiImage' is clickable

2021-11-18 12:07:36 - [MESSAGE][PASSED] - Call Test Case 'Test Cases/Olusturma/Genel/EkleButonunaBasilir' successfully

2021-11-18 12:07:36 - [MESSAGE][INFO] - Checking called Test Case

2021-11-18 12:07:36 - [MESSAGE][INFO] - Starting to call Test Case 'Test Cases/Olusturma/Genel/Olusturma'

2021-11-18 12:07:36 - [TEST_CASE][PASSED] - Test Cases/Olusturma/Genel/Olusturma: Test Cases/Olusturma/Genel/Olusturma

2021-11-18 12:07:36 - [TEST_STEP][PASSED] - driver = getWebDriver(): null

2021-11-18 12:07:36 - [TEST_STEP][PASSED] - action = new org.openqa.selenium.interactions.Actions(driver): null

2021-11-18 12:07:36 - [TEST_STEP][PASSED] - baslikElement = <not implemented yet for class: org.codehaus.groovy.ast.expr.EmptyExpression>: null

2021-11-18 12:07:36 - [TEST_STEP][PASSED] - sonElement = <not implemented yet for class: org.codehaus.groovy.ast.expr.EmptyExpression>: null

2021-11-18 12:07:36 - [TEST_STEP][PASSED] - attr = <not implemented yet for class: org.codehaus.groovy.ast.expr.EmptyExpression>: null

2021-11-18 12:07:36 - [TEST_STEP][PASSED] - a = 0: null

2021-11-18 12:07:36 - [TEST_STEP][PASSED] - elements = findWebElements(findTestObject("Object Repository/Olusturma/Genel/Olusturma/TabloBasliklari"), 10): Found 13 web elements with id: 'Object Repository/Olusturma/Genel/Olusturma/TabloBasliklari' located by 'By.cssSelector: div#divmalhizmet .dxgvTable_LECustomTheme td.dxgvHeader_LECustomTheme tr>td:nth-child(1)' in '10' second(s)

2021-11-18 12:07:36 - [MESSAGE][INFO] - Finding Test Object 'Object Repository/Olusturma/Genel/Olusturma/TabloBasliklari'

2021-11-18 12:07:36 - [MESSAGE][INFO] - Checking timeout

2021-11-18 12:07:36 - [MESSAGE][INFO] - Finding web element with id: 'Object Repository/Olusturma/Genel/Olusturma/TabloBasliklari' located by 'By.cssSelector: div#divmalhizmet .dxgvTable_LECustomTheme td.dxgvHeader_LECustomTheme tr>td:nth-child(1)' in '10' second(s)

2021-11-18 12:07:36 - [MESSAGE][INFO] - Smart Wait Function is triggered

2021-11-18 12:07:37 - [MESSAGE][INFO] - Found 13 web elements with id: 'Object Repository/Olusturma/Genel/Olusturma/TabloBasliklari' located by 'By.cssSelector: div#divmalhizmet .dxgvTable_LECustomTheme td.dxgvHeader_LECustomTheme tr>td:nth-child(1)' in '10' second(s)

2021-11-18 12:07:37 - [TEST_STEP][PASSED] - for (def element : elements): null

2021-11-18 12:07:37 - [TEST_STEP][PASSED] - build().perform(): null

2021-11-18 12:07:37 - [TEST_STEP][PASSED] - if (getText().equals(Baslik)): null

2021-11-18 12:07:37 - [TEST_STEP][PASSED] - baslikElement = element.findElement(By.xpath("../../../..")): Smart Wait Function is triggered

2021-11-18 12:07:37 - [MESSAGE][INFO] - Smart Wait Function is triggered

2021-11-18 12:07:38 - [TEST_STEP][PASSED] - attr = baslikElement.getAttribute("id"): null

2021-11-18 12:07:38 - [TEST_STEP][PASSED] - println("girdi ve idsini aldı = " + attr): null

2021-11-18 12:07:38 - [TEST_STEP][PASSED] - break: null

2021-11-18 12:07:38 - [TEST_STEP][PASSED] - countElement = baslikElement.findElements(By.xpath("../td")): Smart Wait Function is triggered

2021-11-18 12:07:38 - [MESSAGE][INFO] - Smart Wait Function is triggered

2021-11-18 12:07:38 - [TEST_STEP][PASSED] - for (def element : countElement): null

2021-11-18 12:07:38 - [TEST_STEP][PASSED] - if (toString().equals(attr.toString())): null

2021-11-18 12:07:38 - [TEST_STEP][PASSED] - (a++): null

2021-11-18 12:07:38 - [TEST_STEP][PASSED] - if (toString().equals(attr.toString())): null

2021-11-18 12:07:38 - [TEST_STEP][PASSED] - break: null

2021-11-18 12:07:38 - [TEST_STEP][PASSED] - son = findWebElement(findTestObject("Object Repository/Olusturma/Genel/Olusturma/EklenenSatir")).findElement(By.xpath("td[@class='dxgvInlineEditCell_LECustomTheme dxgv'][" + a + "]//td[@class='dxic']/input")): Smart Wait Function is triggered

2021-11-18 12:07:38 - [MESSAGE][INFO] - Finding Test Object 'Object Repository/Olusturma/Genel/Olusturma/EklenenSatir'

2021-11-18 12:07:38 - [MESSAGE][INFO] - Finding web element from Test Object's properties

2021-11-18 12:07:38 - [MESSAGE][INFO] - Checking timeout

2021-11-18 12:07:38 - [MESSAGE][INFO] - Finding web element with id: 'Object Repository/Olusturma/Genel/Olusturma/EklenenSatir' located by 'By.cssSelector: #divmalhizmet .dxgvInlineEditRow_LECustomTheme' in '30' second(s)

2021-11-18 12:07:38 - [MESSAGE][INFO] - Smart Wait Function is triggered

2021-11-18 12:07:38 - [MESSAGE][INFO] - Found 1 web elements with id: 'Object Repository/Olusturma/Genel/Olusturma/EklenenSatir' located by 'By.cssSelector: #divmalhizmet .dxgvInlineEditRow_LECustomTheme' in '30' second(s)

2021-11-18 12:07:38 - [MESSAGE][INFO] - Smart Wait Function is triggered

2021-11-18 12:07:39 - [TEST_STEP][PASSED] - if (!(getAttribute("value").contains("Vkn"))): null

2021-11-18 12:07:39 - [TEST_STEP][PASSED] - son.clear(): null

2021-11-18 12:07:39 - [TEST_STEP][PASSED] - son.sendKeys(Deger): null

2021-11-18 12:07:39 - [MESSAGE][PASSED] - Call Test Case 'Test Cases/Olusturma/Genel/Olusturma' successfully

2021-11-18 12:07:39 - [MESSAGE][INFO] - Checking called Test Case

2021-11-18 12:07:39 - [MESSAGE][INFO] - Starting to call Test Case 'Test Cases/Olusturma/Genel/Olusturma'

2021-11-18 12:07:39 - [TEST_CASE][PASSED] - Test Cases/Olusturma/Genel/Olusturma: Test Cases/Olusturma/Genel/Olusturma

2021-11-18 12:07:39 - [TEST_STEP][PASSED] - driver = getWebDriver(): null

2021-11-18 12:07:39 - [TEST_STEP][PASSED] - action = new org.openqa.selenium.interactions.Actions(driver): null

2021-11-18 12:07:39 - [TEST_STEP][PASSED] - baslikElement = <not implemented yet for class: org.codehaus.groovy.ast.expr.EmptyExpression>: null

2021-11-18 12:07:39 - [TEST_STEP][PASSED] - sonElement = <not implemented yet for class: org.codehaus.groovy.ast.expr.EmptyExpression>: null

2021-11-18 12:07:39 - [TEST_STEP][PASSED] - attr = <not implemented yet for class: org.codehaus.groovy.ast.expr.EmptyExpression>: null

2021-11-18 12:07:39 - [TEST_STEP][PASSED] - a = 0: null

2021-11-18 12:07:39 - [TEST_STEP][PASSED] - elements = findWebElements(findTestObject("Object Repository/Olusturma/Genel/Olusturma/TabloBasliklari"), 10): Found 13 web elements with id: 'Object Repository/Olusturma/Genel/Olusturma/TabloBasliklari' located by 'By.cssSelector: div#divmalhizmet .dxgvTable_LECustomTheme td.dxgvHeader_LECustomTheme tr>td:nth-child(1)' in '10' second(s)

2021-11-18 12:07:39 - [MESSAGE][INFO] - Finding Test Object 'Object Repository/Olusturma/Genel/Olusturma/TabloBasliklari'

2021-11-18 12:07:39 - [MESSAGE][INFO] - Checking timeout

2021-11-18 12:07:39 - [MESSAGE][INFO] - Finding web element with id: 'Object Repository/Olusturma/Genel/Olusturma/TabloBasliklari' located by 'By.cssSelector: div#divmalhizmet .dxgvTable_LECustomTheme td.dxgvHeader_LECustomTheme tr>td:nth-child(1)' in '10' second(s)

2021-11-18 12:07:39 - [MESSAGE][INFO] - Smart Wait Function is triggered

2021-11-18 12:07:39 - [MESSAGE][INFO] - Found 13 web elements with id: 'Object Repository/Olusturma/Genel/Olusturma/TabloBasliklari' located by 'By.cssSelector: div#divmalhizmet .dxgvTable_LECustomTheme td.dxgvHeader_LECustomTheme tr>td:nth-child(1)' in '10' second(s)

2021-11-18 12:07:39 - [TEST_STEP][PASSED] - for (def element : elements): null

2021-11-18 12:07:39 - [TEST_STEP][PASSED] - build().perform(): null

2021-11-18 12:07:39 - [TEST_STEP][PASSED] - if (getText().equals(Baslik)): null

2021-11-18 12:07:39 - [TEST_STEP][PASSED] - build().perform(): null

2021-11-18 12:07:39 - [TEST_STEP][PASSED] - if (getText().equals(Baslik)): null

2021-11-18 12:07:39 - [TEST_STEP][PASSED] - baslikElement = element.findElement(By.xpath("../../../..")): Smart Wait Function is triggered

2021-11-18 12:07:39 - [MESSAGE][INFO] - Smart Wait Function is triggered

2021-11-18 12:07:40 - [TEST_STEP][PASSED] - attr = baslikElement.getAttribute("id"): null

2021-11-18 12:07:40 - [TEST_STEP][PASSED] - println("girdi ve idsini aldı = " + attr): null

2021-11-18 12:07:40 - [TEST_STEP][PASSED] - break: null

2021-11-18 12:07:40 - [TEST_STEP][PASSED] - countElement = baslikElement.findElements(By.xpath("../td")): Smart Wait Function is triggered

2021-11-18 12:07:40 - [MESSAGE][INFO] - Smart Wait Function is triggered

2021-11-18 12:07:40 - [TEST_STEP][PASSED] - for (def element : countElement): null

2021-11-18 12:07:40 - [TEST_STEP][PASSED] - if (toString().equals(attr.toString())): null

2021-11-18 12:07:40 - [TEST_STEP][PASSED] - (a++): null

2021-11-18 12:07:40 - [TEST_STEP][PASSED] - if (toString().equals(attr.toString())): null

2021-11-18 12:07:40 - [TEST_STEP][PASSED] - (a++): null

2021-11-18 12:07:40 - [TEST_STEP][PASSED] - if (toString().equals(attr.toString())): null

2021-11-18 12:07:40 - [TEST_STEP][PASSED] - break: null

2021-11-18 12:07:40 - [TEST_STEP][PASSED] - son = findWebElement(findTestObject("Object Repository/Olusturma/Genel/Olusturma/EklenenSatir")).findElement(By.xpath("td[@class='dxgvInlineEditCell_LECustomTheme dxgv'][" + a + "]//td[@class='dxic']/input")): Smart Wait Function is triggered

2021-11-18 12:07:40 - [MESSAGE][INFO] - Finding Test Object 'Object Repository/Olusturma/Genel/Olusturma/EklenenSatir'

2021-11-18 12:07:40 - [MESSAGE][INFO] - Finding web element from Test Object's properties

2021-11-18 12:07:40 - [MESSAGE][INFO] - Checking timeout

2021-11-18 12:07:40 - [MESSAGE][INFO] - Finding web element with id: 'Object Repository/Olusturma/Genel/Olusturma/EklenenSatir' located by 'By.cssSelector: #divmalhizmet .dxgvInlineEditRow_LECustomTheme' in '30' second(s)

2021-11-18 12:07:40 - [MESSAGE][INFO] - Smart Wait Function is triggered

2021-11-18 12:07:40 - [MESSAGE][INFO] - Found 1 web elements with id: 'Object Repository/Olusturma/Genel/Olusturma/EklenenSatir' located by 'By.cssSelector: #divmalhizmet .dxgvInlineEditRow_LECustomTheme' in '30' second(s)

2021-11-18 12:07:40 - [MESSAGE][INFO] - Smart Wait Function is triggered

2021-11-18 12:07:41 - [TEST_STEP][PASSED] - if (!(getAttribute("value").contains("Vkn"))): null

2021-11-18 12:07:41 - [TEST_STEP][PASSED] - son.clear(): null

2021-11-18 12:07:41 - [TEST_STEP][PASSED] - son.sendKeys(Deger): null

2021-11-18 12:07:41 - [MESSAGE][PASSED] - Call Test Case 'Test Cases/Olusturma/Genel/Olusturma' successfully

2021-11-18 12:07:41 - [MESSAGE][INFO] - Checking called Test Case

2021-11-18 12:07:41 - [MESSAGE][INFO] - Starting to call Test Case 'Test Cases/Olusturma/Genel/Olusturma'

2021-11-18 12:07:41 - [TEST_CASE][PASSED] - Test Cases/Olusturma/Genel/Olusturma: Test Cases/Olusturma/Genel/Olusturma

2021-11-18 12:07:41 - [TEST_STEP][PASSED] - driver = getWebDriver(): null

2021-11-18 12:07:41 - [TEST_STEP][PASSED] - action = new org.openqa.selenium.interactions.Actions(driver): null

2021-11-18 12:07:41 - [TEST_STEP][PASSED] - baslikElement = <not implemented yet for class: org.codehaus.groovy.ast.expr.EmptyExpression>: null

2021-11-18 12:07:41 - [TEST_STEP][PASSED] - sonElement = <not implemented yet for class: org.codehaus.groovy.ast.expr.EmptyExpression>: null

2021-11-18 12:07:41 - [TEST_STEP][PASSED] - attr = <not implemented yet for class: org.codehaus.groovy.ast.expr.EmptyExpression>: null

2021-11-18 12:07:41 - [TEST_STEP][PASSED] - a = 0: null

2021-11-18 12:07:41 - [TEST_STEP][PASSED] - elements = findWebElements(findTestObject("Object Repository/Olusturma/Genel/Olusturma/TabloBasliklari"), 10): Found 13 web elements with id: 'Object Repository/Olusturma/Genel/Olusturma/TabloBasliklari' located by 'By.cssSelector: div#divmalhizmet .dxgvTable_LECustomTheme td.dxgvHeader_LECustomTheme tr>td:nth-child(1)' in '10' second(s)

2021-11-18 12:07:41 - [MESSAGE][INFO] - Finding Test Object 'Object Repository/Olusturma/Genel/Olusturma/TabloBasliklari'

2021-11-18 12:07:41 - [MESSAGE][INFO] - Checking timeout

2021-11-18 12:07:41 - [MESSAGE][INFO] - Finding web element with id: 'Object Repository/Olusturma/Genel/Olusturma/TabloBasliklari' located by 'By.cssSelector: div#divmalhizmet .dxgvTable_LECustomTheme td.dxgvHeader_LECustomTheme tr>td:nth-child(1)' in '10' second(s)

2021-11-18 12:07:41 - [MESSAGE][INFO] - Smart Wait Function is triggered

2021-11-18 12:07:41 - [MESSAGE][INFO] - Found 13 web elements with id: 'Object Repository/Olusturma/Genel/Olusturma/TabloBasliklari' located by 'By.cssSelector: div#divmalhizmet .dxgvTable_LECustomTheme td.dxgvHeader_LECustomTheme tr>td:nth-child(1)' in '10' second(s)

2021-11-18 12:07:41 - [TEST_STEP][PASSED] - for (def element : elements): null

2021-11-18 12:07:41 - [TEST_STEP][PASSED] - build().perform(): null

2021-11-18 12:07:42 - [TEST_STEP][PASSED] - if (getText().equals(Baslik)): null

2021-11-18 12:07:42 - [TEST_STEP][PASSED] - build().perform(): null

2021-11-18 12:07:42 - [TEST_STEP][PASSED] - if (getText().equals(Baslik)): null

2021-11-18 12:07:42 - [TEST_STEP][PASSED] - build().perform(): null

2021-11-18 12:07:42 - [TEST_STEP][PASSED] - if (getText().equals(Baslik)): null

2021-11-18 12:07:42 - [TEST_STEP][PASSED] - build().perform(): null

2021-11-18 12:07:42 - [TEST_STEP][PASSED] - if (getText().equals(Baslik)): null

2021-11-18 12:07:42 - [TEST_STEP][PASSED] - baslikElement = element.findElement(By.xpath("../../../..")): Smart Wait Function is triggered

2021-11-18 12:07:42 - [MESSAGE][INFO] - Smart Wait Function is triggered

2021-11-18 12:07:42 - [TEST_STEP][PASSED] - attr = baslikElement.getAttribute("id"): null

2021-11-18 12:07:42 - [TEST_STEP][PASSED] - println("girdi ve idsini aldı = " + attr): null

2021-11-18 12:07:42 - [TEST_STEP][PASSED] - break: null

2021-11-18 12:07:42 - [TEST_STEP][PASSED] - countElement = baslikElement.findElements(By.xpath("../td")): Smart Wait Function is triggered

2021-11-18 12:07:42 - [MESSAGE][INFO] - Smart Wait Function is triggered

2021-11-18 12:07:43 - [TEST_STEP][PASSED] - for (def element : countElement): null

2021-11-18 12:07:43 - [TEST_STEP][PASSED] - if (toString().equals(attr.toString())): null

2021-11-18 12:07:43 - [TEST_STEP][PASSED] - (a++): null

2021-11-18 12:07:43 - [TEST_STEP][PASSED] - if (toString().equals(attr.toString())): null

2021-11-18 12:07:43 - [TEST_STEP][PASSED] - (a++): null

2021-11-18 12:07:43 - [TEST_STEP][PASSED] - if (toString().equals(attr.toString())): null

2021-11-18 12:07:43 - [TEST_STEP][PASSED] - (a++): null

2021-11-18 12:07:43 - [TEST_STEP][PASSED] - if (toString().equals(attr.toString())): null

2021-11-18 12:07:43 - [TEST_STEP][PASSED] - (a++): null

2021-11-18 12:07:43 - [TEST_STEP][PASSED] - if (toString().equals(attr.toString())): null

2021-11-18 12:07:43 - [TEST_STEP][PASSED] - break: null

2021-11-18 12:07:43 - [TEST_STEP][PASSED] - son = findWebElement(findTestObject("Object Repository/Olusturma/Genel/Olusturma/EklenenSatir")).findElement(By.xpath("td[@class='dxgvInlineEditCell_LECustomTheme dxgv'][" + a + "]//td[@class='dxic']/input")): Smart Wait Function is triggered

2021-11-18 12:07:43 - [MESSAGE][INFO] - Finding Test Object 'Object Repository/Olusturma/Genel/Olusturma/EklenenSatir'

2021-11-18 12:07:43 - [MESSAGE][INFO] - Finding web element from Test Object's properties

2021-11-18 12:07:43 - [MESSAGE][INFO] - Checking timeout

2021-11-18 12:07:43 - [MESSAGE][INFO] - Finding web element with id: 'Object Repository/Olusturma/Genel/Olusturma/EklenenSatir' located by 'By.cssSelector: #divmalhizmet .dxgvInlineEditRow_LECustomTheme' in '30' second(s)

2021-11-18 12:07:43 - [MESSAGE][INFO] - Smart Wait Function is triggered

2021-11-18 12:07:43 - [MESSAGE][INFO] - Found 1 web elements with id: 'Object Repository/Olusturma/Genel/Olusturma/EklenenSatir' located by 'By.cssSelector: #divmalhizmet .dxgvInlineEditRow_LECustomTheme' in '30' second(s)

2021-11-18 12:07:43 - [MESSAGE][INFO] - Smart Wait Function is triggered

2021-11-18 12:07:43 - [TEST_STEP][PASSED] - if (!(getAttribute("value").contains("Vkn"))): null

2021-11-18 12:07:43 - [TEST_STEP][PASSED] - son.clear(): null

2021-11-18 12:07:43 - [TEST_STEP][PASSED] - son.sendKeys(Deger): null

2021-11-18 12:07:43 - [MESSAGE][PASSED] - Call Test Case 'Test Cases/Olusturma/Genel/Olusturma' successfully

2021-11-18 12:07:43 - [MESSAGE][INFO] - Checking called Test Case

2021-11-18 12:07:43 - [MESSAGE][INFO] - Starting to call Test Case 'Test Cases/Olusturma/Genel/Olusturma'

2021-11-18 12:07:44 - [TEST_CASE][PASSED] - Test Cases/Olusturma/Genel/Olusturma: Test Cases/Olusturma/Genel/Olusturma

2021-11-18 12:07:44 - [TEST_STEP][PASSED] - driver = getWebDriver(): null

2021-11-18 12:07:44 - [TEST_STEP][PASSED] - action = new org.openqa.selenium.interactions.Actions(driver): null

2021-11-18 12:07:44 - [TEST_STEP][PASSED] - baslikElement = <not implemented yet for class: org.codehaus.groovy.ast.expr.EmptyExpression>: null

2021-11-18 12:07:44 - [TEST_STEP][PASSED] - sonElement = <not implemented yet for class: org.codehaus.groovy.ast.expr.EmptyExpression>: null

2021-11-18 12:07:44 - [TEST_STEP][PASSED] - attr = <not implemented yet for class: org.codehaus.groovy.ast.expr.EmptyExpression>: null

2021-11-18 12:07:44 - [TEST_STEP][PASSED] - a = 0: null

2021-11-18 12:07:44 - [TEST_STEP][PASSED] - elements = findWebElements(findTestObject("Object Repository/Olusturma/Genel/Olusturma/TabloBasliklari"), 10): Found 13 web elements with id: 'Object Repository/Olusturma/Genel/Olusturma/TabloBasliklari' located by 'By.cssSelector: div#divmalhizmet .dxgvTable_LECustomTheme td.dxgvHeader_LECustomTheme tr>td:nth-child(1)' in '10' second(s)

2021-11-18 12:07:44 - [MESSAGE][INFO] - Finding Test Object 'Object Repository/Olusturma/Genel/Olusturma/TabloBasliklari'

2021-11-18 12:07:44 - [MESSAGE][INFO] - Checking timeout

2021-11-18 12:07:44 - [MESSAGE][INFO] - Finding web element with id: 'Object Repository/Olusturma/Genel/Olusturma/TabloBasliklari' located by 'By.cssSelector: div#divmalhizmet .dxgvTable_LECustomTheme td.dxgvHeader_LECustomTheme tr>td:nth-child(1)' in '10' second(s)

2021-11-18 12:07:44 - [MESSAGE][INFO] - Smart Wait Function is triggered

2021-11-18 12:07:44 - [MESSAGE][INFO] - Found 13 web elements with id: 'Object Repository/Olusturma/Genel/Olusturma/TabloBasliklari' located by 'By.cssSelector: div#divmalhizmet .dxgvTable_LECustomTheme td.dxgvHeader_LECustomTheme tr>td:nth-child(1)' in '10' second(s)

2021-11-18 12:07:44 - [TEST_STEP][PASSED] - for (def element : elements): null

2021-11-18 12:07:44 - [TEST_STEP][PASSED] - build().perform(): null

2021-11-18 12:07:44 - [TEST_STEP][PASSED] - if (getText().equals(Baslik)): null

2021-11-18 12:07:44 - [TEST_STEP][PASSED] - build().perform(): null

2021-11-18 12:07:44 - [TEST_STEP][PASSED] - if (getText().equals(Baslik)): null

2021-11-18 12:07:44 - [TEST_STEP][PASSED] - build().perform(): null

2021-11-18 12:07:44 - [TEST_STEP][PASSED] - if (getText().equals(Baslik)): null

2021-11-18 12:07:44 - [TEST_STEP][PASSED] - build().perform(): null

2021-11-18 12:07:44 - [TEST_STEP][PASSED] - if (getText().equals(Baslik)): null

2021-11-18 12:07:44 - [TEST_STEP][PASSED] - build().perform(): null

2021-11-18 12:07:45 - [TEST_STEP][PASSED] - if (getText().equals(Baslik)): null

2021-11-18 12:07:45 - [TEST_STEP][PASSED] - build().perform(): null

2021-11-18 12:07:45 - [TEST_STEP][PASSED] - if (getText().equals(Baslik)): null

2021-11-18 12:07:45 - [TEST_STEP][PASSED] - baslikElement = element.findElement(By.xpath("../../../..")): Smart Wait Function is triggered

2021-11-18 12:07:45 - [MESSAGE][INFO] - Smart Wait Function is triggered

2021-11-18 12:07:45 - [TEST_STEP][PASSED] - attr = baslikElement.getAttribute("id"): null

2021-11-18 12:07:45 - [TEST_STEP][PASSED] - println("girdi ve idsini aldı = " + attr): null

2021-11-18 12:07:45 - [TEST_STEP][PASSED] - break: null

2021-11-18 12:07:45 - [TEST_STEP][PASSED] - countElement = baslikElement.findElements(By.xpath("../td")): Smart Wait Function is triggered

2021-11-18 12:07:45 - [MESSAGE][INFO] - Smart Wait Function is triggered

2021-11-18 12:07:45 - [TEST_STEP][PASSED] - for (def element : countElement): null

2021-11-18 12:07:45 - [TEST_STEP][PASSED] - if (toString().equals(attr.toString())): null

2021-11-18 12:07:45 - [TEST_STEP][PASSED] - (a++): null

2021-11-18 12:07:45 - [TEST_STEP][PASSED] - if (toString().equals(attr.toString())): null

2021-11-18 12:07:45 - [TEST_STEP][PASSED] - (a++): null

2021-11-18 12:07:45 - [TEST_STEP][PASSED] - if (toString().equals(attr.toString())): null

2021-11-18 12:07:45 - [TEST_STEP][PASSED] - (a++): null

2021-11-18 12:07:45 - [TEST_STEP][PASSED] - if (toString().equals(attr.toString())): null

2021-11-18 12:07:46 - [TEST_STEP][PASSED] - (a++): null

2021-11-18 12:07:46 - [TEST_STEP][PASSED] - if (toString().equals(attr.toString())): null

2021-11-18 12:07:46 - [TEST_STEP][PASSED] - (a++): null

2021-11-18 12:07:46 - [TEST_STEP][PASSED] - if (toString().equals(attr.toString())): null

2021-11-18 12:07:46 - [TEST_STEP][PASSED] - (a++): null

2021-11-18 12:07:46 - [TEST_STEP][PASSED] - if (toString().equals(attr.toString())): null

2021-11-18 12:07:46 - [TEST_STEP][PASSED] - break: null

2021-11-18 12:07:46 - [TEST_STEP][PASSED] - son = findWebElement(findTestObject("Object Repository/Olusturma/Genel/Olusturma/EklenenSatir")).findElement(By.xpath("td[@class='dxgvInlineEditCell_LECustomTheme dxgv'][" + a + "]//td[@class='dxic']/input")): Smart Wait Function is triggered

2021-11-18 12:07:46 - [MESSAGE][INFO] - Finding Test Object 'Object Repository/Olusturma/Genel/Olusturma/EklenenSatir'

2021-11-18 12:07:46 - [MESSAGE][INFO] - Finding web element from Test Object's properties

2021-11-18 12:07:46 - [MESSAGE][INFO] - Checking timeout

2021-11-18 12:07:46 - [MESSAGE][INFO] - Finding web element with id: 'Object Repository/Olusturma/Genel/Olusturma/EklenenSatir' located by 'By.cssSelector: #divmalhizmet .dxgvInlineEditRow_LECustomTheme' in '30' second(s)

2021-11-18 12:07:46 - [MESSAGE][INFO] - Smart Wait Function is triggered

2021-11-18 12:07:46 - [MESSAGE][INFO] - Found 1 web elements with id: 'Object Repository/Olusturma/Genel/Olusturma/EklenenSatir' located by 'By.cssSelector: #divmalhizmet .dxgvInlineEditRow_LECustomTheme' in '30' second(s)

2021-11-18 12:07:46 - [MESSAGE][INFO] - Smart Wait Function is triggered

2021-11-18 12:07:46 - [TEST_STEP][PASSED] - if (!(getAttribute("value").contains("Vkn"))): null

2021-11-18 12:07:46 - [TEST_STEP][PASSED] - son.clear(): null

2021-11-18 12:07:46 - [TEST_STEP][PASSED] - son.sendKeys(Deger): null

2021-11-18 12:07:46 - [MESSAGE][PASSED] - Call Test Case 'Test Cases/Olusturma/Genel/Olusturma' successfully

2021-11-18 12:07:46 - [MESSAGE][INFO] - Checking called Test Case

2021-11-18 12:07:46 - [MESSAGE][INFO] - Starting to call Test Case 'Test Cases/Olusturma/Genel/Olusturma'

2021-11-18 12:07:46 - [TEST_CASE][PASSED] - Test Cases/Olusturma/Genel/Olusturma: Test Cases/Olusturma/Genel/Olusturma

2021-11-18 12:07:47 - [TEST_STEP][PASSED] - driver = getWebDriver(): null

2021-11-18 12:07:47 - [TEST_STEP][PASSED] - action = new org.openqa.selenium.interactions.Actions(driver): null

2021-11-18 12:07:47 - [TEST_STEP][PASSED] - baslikElement = <not implemented yet for class: org.codehaus.groovy.ast.expr.EmptyExpression>: null

2021-11-18 12:07:47 - [TEST_STEP][PASSED] - sonElement = <not implemented yet for class: org.codehaus.groovy.ast.expr.EmptyExpression>: null

2021-11-18 12:07:47 - [TEST_STEP][PASSED] - attr = <not implemented yet for class: org.codehaus.groovy.ast.expr.EmptyExpression>: null

2021-11-18 12:07:47 - [TEST_STEP][PASSED] - a = 0: null

2021-11-18 12:07:47 - [TEST_STEP][PASSED] - elements = findWebElements(findTestObject("Object Repository/Olusturma/Genel/Olusturma/TabloBasliklari"), 10): Found 13 web elements with id: 'Object Repository/Olusturma/Genel/Olusturma/TabloBasliklari' located by 'By.cssSelector: div#divmalhizmet .dxgvTable_LECustomTheme td.dxgvHeader_LECustomTheme tr>td:nth-child(1)' in '10' second(s)

2021-11-18 12:07:47 - [MESSAGE][INFO] - Finding Test Object 'Object Repository/Olusturma/Genel/Olusturma/TabloBasliklari'

2021-11-18 12:07:47 - [MESSAGE][INFO] - Checking timeout

2021-11-18 12:07:47 - [MESSAGE][INFO] - Finding web element with id: 'Object Repository/Olusturma/Genel/Olusturma/TabloBasliklari' located by 'By.cssSelector: div#divmalhizmet .dxgvTable_LECustomTheme td.dxgvHeader_LECustomTheme tr>td:nth-child(1)' in '10' second(s)

2021-11-18 12:07:47 - [MESSAGE][INFO] - Smart Wait Function is triggered

2021-11-18 12:07:47 - [MESSAGE][INFO] - Found 13 web elements with id: 'Object Repository/Olusturma/Genel/Olusturma/TabloBasliklari' located by 'By.cssSelector: div#divmalhizmet .dxgvTable_LECustomTheme td.dxgvHeader_LECustomTheme tr>td:nth-child(1)' in '10' second(s)

2021-11-18 12:07:47 - [TEST_STEP][PASSED] - for (def element : elements): null

2021-11-18 12:07:47 - [TEST_STEP][PASSED] - build().perform(): null

2021-11-18 12:07:47 - [TEST_STEP][PASSED] - if (getText().equals(Baslik)): null

2021-11-18 12:07:47 - [TEST_STEP][PASSED] - build().perform(): null

2021-11-18 12:07:47 - [TEST_STEP][PASSED] - if (getText().equals(Baslik)): null

2021-11-18 12:07:47 - [TEST_STEP][PASSED] - build().perform(): null

2021-11-18 12:07:47 - [TEST_STEP][PASSED] - if (getText().equals(Baslik)): null

2021-11-18 12:07:47 - [TEST_STEP][PASSED] - build().perform(): null

2021-11-18 12:07:47 - [TEST_STEP][PASSED] - if (getText().equals(Baslik)): null

2021-11-18 12:07:47 - [TEST_STEP][PASSED] - build().perform(): null

2021-11-18 12:07:48 - [TEST_STEP][PASSED] - if (getText().equals(Baslik)): null

2021-11-18 12:07:48 - [TEST_STEP][PASSED] - build().perform(): null

2021-11-18 12:07:48 - [TEST_STEP][PASSED] - if (getText().equals(Baslik)): null

2021-11-18 12:07:48 - [TEST_STEP][PASSED] - build().perform(): null

2021-11-18 12:07:48 - [TEST_STEP][PASSED] - if (getText().equals(Baslik)): null

2021-11-18 12:07:48 - [TEST_STEP][PASSED] - baslikElement = element.findElement(By.xpath("../../../..")): Smart Wait Function is triggered

2021-11-18 12:07:48 - [MESSAGE][INFO] - Smart Wait Function is triggered

2021-11-18 12:07:48 - [TEST_STEP][PASSED] - attr = baslikElement.getAttribute("id"): null

2021-11-18 12:07:48 - [TEST_STEP][PASSED] - println("girdi ve idsini aldı = " + attr): null

2021-11-18 12:07:48 - [TEST_STEP][PASSED] - break: null

2021-11-18 12:07:48 - [TEST_STEP][PASSED] - countElement = baslikElement.findElements(By.xpath("../td")): Smart Wait Function is triggered

2021-11-18 12:07:48 - [MESSAGE][INFO] - Smart Wait Function is triggered

2021-11-18 12:07:49 - [TEST_STEP][PASSED] - for (def element : countElement): null

2021-11-18 12:07:49 - [TEST_STEP][PASSED] - if (toString().equals(attr.toString())): null

2021-11-18 12:07:49 - [TEST_STEP][PASSED] - (a++): null

2021-11-18 12:07:49 - [TEST_STEP][PASSED] - if (toString().equals(attr.toString())): null

2021-11-18 12:07:49 - [TEST_STEP][PASSED] - (a++): null

2021-11-18 12:07:49 - [TEST_STEP][PASSED] - if (toString().equals(attr.toString())): null

2021-11-18 12:07:49 - [TEST_STEP][PASSED] - (a++): null

2021-11-18 12:07:49 - [TEST_STEP][PASSED] - if (toString().equals(attr.toString())): null

2021-11-18 12:07:49 - [TEST_STEP][PASSED] - (a++): null

2021-11-18 12:07:49 - [TEST_STEP][PASSED] - if (toString().equals(attr.toString())): null

2021-11-18 12:07:49 - [TEST_STEP][PASSED] - (a++): null

2021-11-18 12:07:49 - [TEST_STEP][PASSED] - if (toString().equals(attr.toString())): null

2021-11-18 12:07:49 - [TEST_STEP][PASSED] - (a++): null

2021-11-18 12:07:49 - [TEST_STEP][PASSED] - if (toString().equals(attr.toString())): null

2021-11-18 12:07:49 - [TEST_STEP][PASSED] - (a++): null

2021-11-18 12:07:49 - [TEST_STEP][PASSED] - if (toString().equals(attr.toString())): null

2021-11-18 12:07:49 - [TEST_STEP][PASSED] - break: null

2021-11-18 12:07:49 - [TEST_STEP][PASSED] - son = findWebElement(findTestObject("Object Repository/Olusturma/Genel/Olusturma/EklenenSatir")).findElement(By.xpath("td[@class='dxgvInlineEditCell_LECustomTheme dxgv'][" + a + "]//td[@class='dxic']/input")): Smart Wait Function is triggered

2021-11-18 12:07:49 - [MESSAGE][INFO] - Finding Test Object 'Object Repository/Olusturma/Genel/Olusturma/EklenenSatir'

2021-11-18 12:07:49 - [MESSAGE][INFO] - Finding web element from Test Object's properties

2021-11-18 12:07:49 - [MESSAGE][INFO] - Checking timeout

2021-11-18 12:07:49 - [MESSAGE][INFO] - Finding web element with id: 'Object Repository/Olusturma/Genel/Olusturma/EklenenSatir' located by 'By.cssSelector: #divmalhizmet .dxgvInlineEditRow_LECustomTheme' in '30' second(s)

2021-11-18 12:07:49 - [MESSAGE][INFO] - Smart Wait Function is triggered

2021-11-18 12:07:49 - [MESSAGE][INFO] - Found 1 web elements with id: 'Object Repository/Olusturma/Genel/Olusturma/EklenenSatir' located by 'By.cssSelector: #divmalhizmet .dxgvInlineEditRow_LECustomTheme' in '30' second(s)

2021-11-18 12:07:49 - [MESSAGE][INFO] - Smart Wait Function is triggered

2021-11-18 12:07:49 - [TEST_STEP][PASSED] - if (!(getAttribute("value").contains("Vkn"))): null

2021-11-18 12:07:49 - [TEST_STEP][PASSED] - son.clear(): null

2021-11-18 12:07:49 - [TEST_STEP][PASSED] - son.sendKeys(Deger): null

2021-11-18 12:07:50 - [MESSAGE][PASSED] - Call Test Case 'Test Cases/Olusturma/Genel/Olusturma' successfully

2021-11-18 12:07:50 - [MESSAGE][INFO] - Checking called Test Case

2021-11-18 12:07:50 - [MESSAGE][INFO] - Starting to call Test Case 'Test Cases/Olusturma/Genel/NotGirilir'

2021-11-18 12:07:50 - [TEST_CASE][PASSED] - Test Cases/Olusturma/Genel/NotGirilir: Test Cases/Olusturma/Genel/NotGirilir

2021-11-18 12:07:50 - [TEST_STEP][PASSED] - i = 0: null

2021-11-18 12:07:50 - [TEST_STEP][PASSED] - waitForElementClickable(findTestObject("Olusturma/Genel/Not/Notlar"), 10): Object 'Object Repository/Olusturma/Genel/Not/Notlar' is clickable

2021-11-18 12:07:50 - [MESSAGE][INFO] - Finding Test Object 'Object Repository/Olusturma/Genel/Not/Notlar'

2021-11-18 12:07:50 - [MESSAGE][INFO] - Checking object

2021-11-18 12:07:50 - [MESSAGE][INFO] - Checking timeout

2021-11-18 12:07:50 - [MESSAGE][INFO] - Finding web element from Test Object's properties

2021-11-18 12:07:50 - [MESSAGE][INFO] - Checking timeout

2021-11-18 12:07:50 - [MESSAGE][INFO] - Finding web element with id: 'Object Repository/Olusturma/Genel/Not/Notlar' located by 'By.xpath: //*[@id = 'txtNote_I']' in '10' second(s)

2021-11-18 12:07:50 - [MESSAGE][INFO] - Smart Wait Function is triggered

2021-11-18 12:07:50 - [MESSAGE][INFO] - Found 1 web elements with id: 'Object Repository/Olusturma/Genel/Not/Notlar' located by 'By.xpath: //*[@id = 'txtNote_I']' in '10' second(s)

2021-11-18 12:07:50 - [MESSAGE][PASSED] - Object 'Object Repository/Olusturma/Genel/Not/Notlar' is clickable

2021-11-18 12:07:50 - [TEST_STEP][PASSED] - clearText(findTestObject("Olusturma/Genel/Not/Notlar")): Text of object 'Object Repository/Olusturma/Genel/Not/Notlar' is cleared

2021-11-18 12:07:50 - [MESSAGE][INFO] - Finding Test Object 'Object Repository/Olusturma/Genel/Not/Notlar'

2021-11-18 12:07:50 - [MESSAGE][INFO] - Checking object

2021-11-18 12:07:50 - [MESSAGE][INFO] - Finding web element from Test Object's properties

2021-11-18 12:07:50 - [MESSAGE][INFO] - Checking timeout

2021-11-18 12:07:50 - [MESSAGE][INFO] - Finding web element with id: 'Object Repository/Olusturma/Genel/Not/Notlar' located by 'By.xpath: //*[@id = 'txtNote_I']' in '30' second(s)

2021-11-18 12:07:50 - [MESSAGE][INFO] - Smart Wait Function is triggered

2021-11-18 12:07:50 - [MESSAGE][INFO] - Found 1 web elements with id: 'Object Repository/Olusturma/Genel/Not/Notlar' located by 'By.xpath: //*[@id = 'txtNote_I']' in '30' second(s)

2021-11-18 12:07:50 - [MESSAGE][INFO] - Clearing text of object 'Object Repository/Olusturma/Genel/Not/Notlar'

2021-11-18 12:07:50 - [MESSAGE][PASSED] - Text of object 'Object Repository/Olusturma/Genel/Not/Notlar' is cleared

2021-11-18 12:07:50 - [TEST_STEP][PASSED] - click(findTestObject("Olusturma/Genel/Not/Notlar")): Object: 'Object Repository/Olusturma/Genel/Not/Notlar' is clicked on

2021-11-18 12:07:50 - [MESSAGE][INFO] - Finding Test Object 'Object Repository/Olusturma/Genel/Not/Notlar'

2021-11-18 12:07:51 - [MESSAGE][INFO] - Checking object

2021-11-18 12:07:51 - [MESSAGE][INFO] - Finding web element from Test Object's properties

2021-11-18 12:07:51 - [MESSAGE][INFO] - Checking timeout

2021-11-18 12:07:51 - [MESSAGE][INFO] - Finding web element with id: 'Object Repository/Olusturma/Genel/Not/Notlar' located by 'By.xpath: //*[@id = 'txtNote_I']' in '30' second(s)

2021-11-18 12:07:51 - [MESSAGE][INFO] - Smart Wait Function is triggered

2021-11-18 12:07:51 - [MESSAGE][INFO] - Found 1 web elements with id: 'Object Repository/Olusturma/Genel/Not/Notlar' located by 'By.xpath: //*[@id = 'txtNote_I']' in '30' second(s)

2021-11-18 12:07:51 - [MESSAGE][INFO] - Clicking on object: 'Object Repository/Olusturma/Genel/Not/Notlar'

2021-11-18 12:07:51 - [MESSAGE][PASSED] - Object: 'Object Repository/Olusturma/Genel/Not/Notlar' is clicked on

2021-11-18 12:07:51 - [TEST_STEP][PASSED] - while (true): null

2021-11-18 12:07:51 - [TEST_STEP][PASSED] - delay(1): Delayed 1 second(s)

2021-11-18 12:07:51 - [MESSAGE][INFO] - Delaying browser in 1 second(s)

2021-11-18 12:07:52 - [MESSAGE][PASSED] - Delayed 1 second(s)

2021-11-18 12:07:52 - [TEST_STEP][PASSED] - ajaxIsComplete = executeJavaScript("return jQuery.active == 0", null): Execute JavaScript 'return jQuery.active == 0' successfully

2021-11-18 12:07:52 - [MESSAGE][PASSED] - Execute JavaScript 'return jQuery.active == 0' successfully

2021-11-18 12:07:52 - [TEST_STEP][PASSED] - if (ajaxIsComplete): null

2021-11-18 12:07:52 - [TEST_STEP][PASSED] - if (i > 10): null

2021-11-18 12:07:52 - [TEST_STEP][PASSED] - (i++): null

2021-11-18 12:07:52 - [TEST_STEP][PASSED] - delay(1): Delayed 1 second(s)

2021-11-18 12:07:52 - [MESSAGE][INFO] - Delaying browser in 1 second(s)

2021-11-18 12:07:53 - [MESSAGE][PASSED] - Delayed 1 second(s)

2021-11-18 12:07:53 - [TEST_STEP][PASSED] - ajaxIsComplete = executeJavaScript("return jQuery.active == 0", null): Execute JavaScript 'return jQuery.active == 0' successfully

2021-11-18 12:07:53 - [MESSAGE][PASSED] - Execute JavaScript 'return jQuery.active == 0' successfully

2021-11-18 12:07:53 - [TEST_STEP][PASSED] - if (ajaxIsComplete): null

2021-11-18 12:07:53 - [TEST_STEP][PASSED] - break: null

2021-11-18 12:07:53 - [TEST_STEP][PASSED] - sendKeys(findTestObject("Olusturma/Genel/Not/Notlar"), Not): Keys 'Otomasyon Not' sent to object: 'Object Repository/Olusturma/Genel/Not/Notlar'

2021-11-18 12:07:53 - [MESSAGE][INFO] - Finding Test Object 'Object Repository/Olusturma/Genel/Not/Notlar'

2021-11-18 12:07:53 - [MESSAGE][INFO] - Sending keys 'Otomasyon Not' to object: 'Object Repository/Olusturma/Genel/Not/Notlar'

2021-11-18 12:07:53 - [MESSAGE][INFO] - Finding web element from Test Object's properties

2021-11-18 12:07:53 - [MESSAGE][INFO] - Checking timeout

2021-11-18 12:07:53 - [MESSAGE][INFO] - Finding web element with id: 'Object Repository/Olusturma/Genel/Not/Notlar' located by 'By.xpath: //*[@id = 'txtNote_I']' in '30' second(s)

2021-11-18 12:07:53 - [MESSAGE][INFO] - Smart Wait Function is triggered

2021-11-18 12:07:53 - [MESSAGE][INFO] - Found 1 web elements with id: 'Object Repository/Olusturma/Genel/Not/Notlar' located by 'By.xpath: //*[@id = 'txtNote_I']' in '30' second(s)

2021-11-18 12:07:53 - [MESSAGE][PASSED] - Keys 'Otomasyon Not' sent to object: 'Object Repository/Olusturma/Genel/Not/Notlar'

2021-11-18 12:07:53 - [MESSAGE][PASSED] - Call Test Case 'Test Cases/Olusturma/Genel/NotGirilir' successfully

2021-11-18 12:07:53 - [MESSAGE][INFO] - Checking called Test Case

2021-11-18 12:07:53 - [MESSAGE][INFO] - Starting to call Test Case 'Test Cases/Olusturma/Genel/EttnBilgisiKayitEdilir'

2021-11-18 12:07:54 - [TEST_CASE][PASSED] - Test Cases/Olusturma/Genel/EttnBilgisiKayitEdilir: Test Cases/Olusturma/Genel/EttnBilgisiKayitEdilir

2021-11-18 12:07:54 - [TEST_STEP][PASSED] - verifyElementPresent(findTestObject("Object Repository/Olusturma/Genel/Olusturma/eArsivEttnBilgisi"), 7): Object 'Object Repository/Olusturma/Genel/Olusturma/eArsivEttnBilgisi' is present

2021-11-18 12:07:54 - [MESSAGE][INFO] - Finding Test Object 'Object Repository/Olusturma/Genel/Olusturma/eArsivEttnBilgisi'

2021-11-18 12:07:54 - [MESSAGE][INFO] - Checking object

2021-11-18 12:07:54 - [MESSAGE][INFO] - Finding web element from Test Object's properties

2021-11-18 12:07:54 - [MESSAGE][INFO] - Checking timeout

2021-11-18 12:07:54 - [MESSAGE][INFO] - Finding web element with id: 'Object Repository/Olusturma/Genel/Olusturma/eArsivEttnBilgisi' located by 'By.xpath: //*[@id = 'Uuid_I']' in '7' second(s)

2021-11-18 12:07:54 - [MESSAGE][INFO] - Smart Wait Function is triggered

2021-11-18 12:07:54 - [MESSAGE][INFO] - Found 1 web elements with id: 'Object Repository/Olusturma/Genel/Olusturma/eArsivEttnBilgisi' located by 'By.xpath: //*[@id = 'Uuid_I']' in '7' second(s)

2021-11-18 12:07:54 - [MESSAGE][PASSED] - Object 'Object Repository/Olusturma/Genel/Olusturma/eArsivEttnBilgisi' is present

2021-11-18 12:07:54 - [TEST_STEP][PASSED] - ettn = getAttribute(findTestObject("Object Repository/Olusturma/Genel/Olusturma/eArsivEttnBilgisi"), "value"): Attribute 'value' of object 'Object Repository/Olusturma/Genel/Olusturma/eArsivEttnBilgisi' is: '0736b728-1fa5-4124-ad67-9f99d301394d'

2021-11-18 12:07:54 - [MESSAGE][INFO] - Finding Test Object 'Object Repository/Olusturma/Genel/Olusturma/eArsivEttnBilgisi'

2021-11-18 12:07:54 - [MESSAGE][INFO] - Checking object

2021-11-18 12:07:54 - [MESSAGE][INFO] - Checking attribute

2021-11-18 12:07:54 - [MESSAGE][INFO] - Finding web element from Test Object's properties

2021-11-18 12:07:54 - [MESSAGE][INFO] - Checking timeout

2021-11-18 12:07:54 - [MESSAGE][INFO] - Finding web element with id: 'Object Repository/Olusturma/Genel/Olusturma/eArsivEttnBilgisi' located by 'By.xpath: //*[@id = 'Uuid_I']' in '30' second(s)

2021-11-18 12:07:54 - [MESSAGE][INFO] - Smart Wait Function is triggered

2021-11-18 12:07:54 - [MESSAGE][INFO] - Found 1 web elements with id: 'Object Repository/Olusturma/Genel/Olusturma/eArsivEttnBilgisi' located by 'By.xpath: //*[@id = 'Uuid_I']' in '30' second(s)

2021-11-18 12:07:54 - [MESSAGE][INFO] - Getting attribute 'value' of object 'Object Repository/Olusturma/Genel/Olusturma/eArsivEttnBilgisi'

2021-11-18 12:07:54 - [MESSAGE][PASSED] - Attribute 'value' of object 'Object Repository/Olusturma/Genel/Olusturma/eArsivEttnBilgisi' is: '0736b728-1fa5-4124-ad67-9f99d301394d'

2021-11-18 12:07:54 - [MESSAGE][PASSED] - Call Test Case 'Test Cases/Olusturma/Genel/EttnBilgisiKayitEdilir' successfully

2021-11-18 12:07:54 - [MESSAGE][INFO] - Checking called Test Case

2021-11-18 12:07:54 - [MESSAGE][INFO] - Starting to call Test Case 'Test Cases/Olusturma/Genel/KaydetButonunaTiklanir'

2021-11-18 12:07:54 - [TEST_CASE][PASSED] - Test Cases/Olusturma/Genel/KaydetButonunaTiklanir: Test Cases/Olusturma/Genel/KaydetButonunaTiklanir

2021-11-18 12:07:54 - [TEST_STEP][PASSED] - i = 0: null

2021-11-18 12:07:54 - [TEST_STEP][PASSED] - waitForElementPresent(findTestObject("Olusturma/Genel/Not/Notlar"), 10): Object 'Object Repository/Olusturma/Genel/Not/Notlar' is present

2021-11-18 12:07:54 - [MESSAGE][INFO] - Finding Test Object 'Object Repository/Olusturma/Genel/Not/Notlar'

2021-11-18 12:07:54 - [MESSAGE][INFO] - Checking object

2021-11-18 12:07:54 - [MESSAGE][INFO] - Finding web element from Test Object's properties

2021-11-18 12:07:54 - [MESSAGE][INFO] - Checking timeout

2021-11-18 12:07:54 - [MESSAGE][INFO] - Finding web element with id: 'Object Repository/Olusturma/Genel/Not/Notlar' located by 'By.xpath: //*[@id = 'txtNote_I']' in '10' second(s)

2021-11-18 12:07:54 - [MESSAGE][INFO] - Smart Wait Function is triggered

2021-11-18 12:07:55 - [MESSAGE][INFO] - Found 1 web elements with id: 'Object Repository/Olusturma/Genel/Not/Notlar' located by 'By.xpath: //*[@id = 'txtNote_I']' in '10' second(s)

2021-11-18 12:07:55 - [MESSAGE][PASSED] - Object 'Object Repository/Olusturma/Genel/Not/Notlar' is present

2021-11-18 12:07:55 - [TEST_STEP][PASSED] - click(findTestObject("Olusturma/Genel/Not/Notlar")): Object: 'Object Repository/Olusturma/Genel/Not/Notlar' is clicked on

2021-11-18 12:07:55 - [MESSAGE][INFO] - Finding Test Object 'Object Repository/Olusturma/Genel/Not/Notlar'

2021-11-18 12:07:55 - [MESSAGE][INFO] - Checking object

2021-11-18 12:07:55 - [MESSAGE][INFO] - Finding web element from Test Object's properties

2021-11-18 12:07:55 - [MESSAGE][INFO] - Checking timeout

2021-11-18 12:07:55 - [MESSAGE][INFO] - Finding web element with id: 'Object Repository/Olusturma/Genel/Not/Notlar' located by 'By.xpath: //*[@id = 'txtNote_I']' in '30' second(s)

2021-11-18 12:07:55 - [MESSAGE][INFO] - Smart Wait Function is triggered

2021-11-18 12:07:55 - [MESSAGE][INFO] - Found 1 web elements with id: 'Object Repository/Olusturma/Genel/Not/Notlar' located by 'By.xpath: //*[@id = 'txtNote_I']' in '30' second(s)

2021-11-18 12:07:55 - [MESSAGE][INFO] - Clicking on object: 'Object Repository/Olusturma/Genel/Not/Notlar'

2021-11-18 12:07:55 - [MESSAGE][PASSED] - Object: 'Object Repository/Olusturma/Genel/Not/Notlar' is clicked on

2021-11-18 12:07:55 - [TEST_STEP][PASSED] - while (true): null

2021-11-18 12:07:55 - [TEST_STEP][PASSED] - delay(1): Delayed 1 second(s)

2021-11-18 12:07:55 - [MESSAGE][INFO] - Delaying browser in 1 second(s)

2021-11-18 12:07:56 - [MESSAGE][PASSED] - Delayed 1 second(s)

2021-11-18 12:07:56 - [TEST_STEP][PASSED] - ajaxIsComplete = executeJavaScript("return jQuery.active == 0", null): Execute JavaScript 'return jQuery.active == 0' successfully

2021-11-18 12:07:56 - [MESSAGE][PASSED] - Execute JavaScript 'return jQuery.active == 0' successfully

2021-11-18 12:07:56 - [TEST_STEP][PASSED] - if (ajaxIsComplete): null

2021-11-18 12:07:56 - [TEST_STEP][PASSED] - break: null

2021-11-18 12:07:56 - [TEST_STEP][PASSED] - waitForElementClickable(findTestObject("Object Repository/Olusturma/Genel/Buton"), 10): Object 'Object Repository/Olusturma/Genel/Buton' is clickable

2021-11-18 12:07:56 - [MESSAGE][INFO] - Finding Test Object 'Object Repository/Olusturma/Genel/Buton'

2021-11-18 12:07:56 - [MESSAGE][INFO] - Checking object

2021-11-18 12:07:56 - [MESSAGE][INFO] - Checking timeout

2021-11-18 12:07:56 - [MESSAGE][INFO] - Finding web element from Test Object's properties

2021-11-18 12:07:56 - [MESSAGE][INFO] - Checking timeout

2021-11-18 12:07:56 - [MESSAGE][INFO] - Finding web element with id: 'Object Repository/Olusturma/Genel/Buton' located by 'By.xpath: //*[@id = 'btnKaydet']' in '10' second(s)

2021-11-18 12:07:56 - [MESSAGE][INFO] - Smart Wait Function is triggered

2021-11-18 12:07:57 - [MESSAGE][INFO] - Found 1 web elements with id: 'Object Repository/Olusturma/Genel/Buton' located by 'By.xpath: //*[@id = 'btnKaydet']' in '10' second(s)

2021-11-18 12:07:57 - [MESSAGE][PASSED] - Object 'Object Repository/Olusturma/Genel/Buton' is clickable

2021-11-18 12:07:57 - [TEST_STEP][PASSED] - click(findTestObject("Object Repository/Olusturma/Genel/Buton")): Object: 'Object Repository/Olusturma/Genel/Buton' is clicked on

2021-11-18 12:07:57 - [MESSAGE][INFO] - Finding Test Object 'Object Repository/Olusturma/Genel/Buton'

2021-11-18 12:07:57 - [MESSAGE][INFO] - Checking object

2021-11-18 12:07:57 - [MESSAGE][INFO] - Finding web element from Test Object's properties

2021-11-18 12:07:57 - [MESSAGE][INFO] - Checking timeout

2021-11-18 12:07:57 - [MESSAGE][INFO] - Finding web element with id: 'Object Repository/Olusturma/Genel/Buton' located by 'By.xpath: //*[@id = 'btnKaydet']' in '30' second(s)

2021-11-18 12:07:57 - [MESSAGE][INFO] - Smart Wait Function is triggered

2021-11-18 12:07:57 - [MESSAGE][INFO] - Found 1 web elements with id: 'Object Repository/Olusturma/Genel/Buton' located by 'By.xpath: //*[@id = 'btnKaydet']' in '30' second(s)

2021-11-18 12:07:57 - [MESSAGE][INFO] - Clicking on object: 'Object Repository/Olusturma/Genel/Buton'

2021-11-18 12:08:02 - [MESSAGE][PASSED] - Object: 'Object Repository/Olusturma/Genel/Buton' is clicked on

2021-11-18 12:08:02 - [MESSAGE][PASSED] - Call Test Case 'Test Cases/Olusturma/Genel/KaydetButonunaTiklanir' successfully

2021-11-18 12:08:02 - [MESSAGE][INFO] - Checking called Test Case

2021-11-18 12:08:02 - [MESSAGE][INFO] - Starting to call Test Case 'Test Cases/Tablo/TablodaEttnliVeriOlusturulduMu'

2021-11-18 12:08:02 - [TEST_CASE][PASSED] - Test Cases/Tablo/TablodaEttnliVeriOlusturulduMu: Test Cases/Tablo/TablodaEttnliVeriOlusturulduMu

2021-11-18 12:08:02 - [TEST_STEP][PASSED] - Method.TextDegerineEsitElementVarMi(findTestObject("Tablo/OlusturulanVeri"), ettn): Method.TextDegerineEsitElementVarMi is PASSED

2021-11-18 12:08:02 - [MESSAGE][INFO] - Finding Test Object 'Object Repository/Tablo/OlusturulanVeri'

2021-11-18 12:08:02 - [MESSAGE][INFO] - Checking timeout

2021-11-18 12:08:02 - [MESSAGE][INFO] - Finding web element with id: 'Object Repository/Tablo/OlusturulanVeri' located by 'By.cssSelector: table.dxgvTable_LECustomTheme>tbody>tr:nth-child(3)>td.dxgv b,table.dxgvTable_LECustomTheme>tbody>tr:nth-child(3)>td.dxgv' in '10' second(s)

2021-11-18 12:08:02 - [MESSAGE][INFO] - Smart Wait Function is triggered

2021-11-18 12:08:02 - [MESSAGE][INFO] - Found 14 web elements with id: 'Object Repository/Tablo/OlusturulanVeri' located by 'By.cssSelector: table.dxgvTable_LECustomTheme>tbody>tr:nth-child(3)>td.dxgv b,table.dxgvTable_LECustomTheme>tbody>tr:nth-child(3)>td.dxgv' in '10' second(s)

2021-11-18 12:08:02 - [MESSAGE][PASSED] - Method.TextDegerineEsitElementVarMi is PASSED

2021-11-18 12:08:02 - [MESSAGE][PASSED] - Call Test Case 'Test Cases/Tablo/TablodaEttnliVeriOlusturulduMu' successfully

2021-11-18 12:08:02 - [MESSAGE][INFO] - Checking called Test Case

2021-11-18 12:08:02 - [MESSAGE][INFO] - Starting to call Test Case 'Test Cases/Tablo/TablodanEttnliVeriSec'

2021-11-18 12:08:02 - [TEST_CASE][PASSED] - Test Cases/Tablo/TablodanEttnliVeriSec: Test Cases/Tablo/TablodanEttnliVeriSec

2021-11-18 12:08:02 - [TEST_STEP][PASSED] - Method.TextDegerineEsitElementinAltindakineTikla(findTestObject("Tablo/Veriler"), findTestObject("Tablo/VerininCheckBoxi"), ettn): Method.TextDegerineEsitElementinAltindakineTikla is PASSED

2021-11-18 12:08:02 - [MESSAGE][INFO] - Finding Test Object 'Object Repository/Tablo/Veriler'

2021-11-18 12:08:03 - [MESSAGE][INFO] - Finding Test Object 'Object Repository/Tablo/VerininCheckBoxi'

2021-11-18 12:08:03 - [MESSAGE][INFO] - Checking timeout

2021-11-18 12:08:03 - [MESSAGE][INFO] - Finding web element with id: 'Object Repository/Tablo/Veriler' located by 'By.cssSelector: td.dxgv b ,td.dxgv' in '10' second(s)

2021-11-18 12:08:03 - [MESSAGE][INFO] - Smart Wait Function is triggered

2021-11-18 12:08:03 - [MESSAGE][INFO] - Found 70 web elements with id: 'Object Repository/Tablo/Veriler' located by 'By.cssSelector: td.dxgv b ,td.dxgv' in '10' second(s)

2021-11-18 12:08:03 - [MESSAGE][INFO] - Smart Wait Function is triggered

2021-11-18 12:08:03 - [MESSAGE][PASSED] - Method.TextDegerineEsitElementinAltindakineTikla is PASSED

2021-11-18 12:08:03 - [MESSAGE][PASSED] - Call Test Case 'Test Cases/Tablo/TablodanEttnliVeriSec' successfully

2021-11-18 12:08:03 - [MESSAGE][INFO] - Checking called Test Case

2021-11-18 12:08:03 - [MESSAGE][INFO] - Starting to call Test Case 'Test Cases/Butonlar/ButonaTikla'

2021-11-18 12:08:03 - [TEST_CASE][PASSED] - Test Cases/Butonlar/ButonaTikla: Test Cases/Butonlar/ButonaTikla

2021-11-18 12:08:03 - [TEST_STEP][PASSED] - Method.TextDegerineEsitElementeTiklaEquals(findTestObject("Butonlar/Butonlar"), Buton_Adi): Method.TextDegerineEsitElementeTiklaEquals is PASSED

2021-11-18 12:08:03 - [MESSAGE][INFO] - Finding Test Object 'Object Repository/Butonlar/Butonlar'

2021-11-18 12:08:03 - [MESSAGE][INFO] - Checking timeout

2021-11-18 12:08:03 - [MESSAGE][INFO] - Finding web element with id: 'Object Repository/Butonlar/Butonlar' located by 'By.cssSelector: .panel.panel-default.text-center.footerPanel .btn,.btn.btn-primary.btnControls' in '10' second(s)

2021-11-18 12:08:03 - [MESSAGE][INFO] - Smart Wait Function is triggered

2021-11-18 12:08:04 - [MESSAGE][INFO] - Found 9 web elements with id: 'Object Repository/Butonlar/Butonlar' located by 'By.cssSelector: .panel.panel-default.text-center.footerPanel .btn,.btn.btn-primary.btnControls' in '10' second(s)

2021-11-18 12:08:04 - [MESSAGE][PASSED] - Method.TextDegerineEsitElementeTiklaEquals is PASSED

2021-11-18 12:08:04 - [MESSAGE][PASSED] - Call Test Case 'Test Cases/Butonlar/ButonaTikla' successfully

2021-11-18 12:08:04 - [MESSAGE][INFO] - Checking called Test Case

2021-11-18 12:08:04 - [MESSAGE][INFO] - Starting to call Test Case 'Test Cases/Popup/PopupMesajiIceriyorMu'

2021-11-18 12:08:04 - [TEST_CASE][PASSED] - Test Cases/Popup/PopupMesajiIceriyorMu: Test Cases/Popup/PopupMesajiIceriyorMu

2021-11-18 12:08:04 - [TEST_STEP][PASSED] - waitForElementVisible(findTestObject("Popup/Popup"), 10): Object 'Object Repository/Popup/Popup' is visible

2021-11-18 12:08:04 - [MESSAGE][INFO] - Finding Test Object 'Object Repository/Popup/Popup'

2021-11-18 12:08:04 - [MESSAGE][INFO] - Checking object

2021-11-18 12:08:04 - [MESSAGE][INFO] - Checking timeout

2021-11-18 12:08:04 - [MESSAGE][INFO] - Finding web element from Test Object's properties

2021-11-18 12:08:04 - [MESSAGE][INFO] - Checking timeout

2021-11-18 12:08:04 - [MESSAGE][INFO] - Finding web element with id: 'Object Repository/Popup/Popup' located by 'By.cssSelector: .bootbox-body' in '10' second(s)

2021-11-18 12:08:04 - [MESSAGE][INFO] - Smart Wait Function is triggered

2021-11-18 12:08:05 - [MESSAGE][INFO] - Found 1 web elements with id: 'Object Repository/Popup/Popup' located by 'By.cssSelector: .bootbox-body' in '10' second(s)

2021-11-18 12:08:05 - [MESSAGE][PASSED] - Object 'Object Repository/Popup/Popup' is visible

2021-11-18 12:08:05 - [TEST_STEP][PASSED] - if (!(getText(findTestObject("Popup/Popup")).contains(Mesaj))): Text of object 'Object Repository/Popup/Popup' is: 'Oluşturulacak fatura numarası : EAR2021000000475 Fatura numarası oluşturulduktan sonra fatura silinemez. Fatura numarası, tarihi ve ön eki değiştirilemez. Devam etmek istiyor musunuz?'

2021-11-18 12:08:05 - [MESSAGE][INFO] - Finding Test Object 'Object Repository/Popup/Popup'

2021-11-18 12:08:05 - [MESSAGE][INFO] - Checking object

2021-11-18 12:08:05 - [MESSAGE][INFO] - Finding web element from Test Object's properties

2021-11-18 12:08:05 - [MESSAGE][INFO] - Checking timeout

2021-11-18 12:08:05 - [MESSAGE][INFO] - Finding web element with id: 'Object Repository/Popup/Popup' located by 'By.cssSelector: .bootbox-body' in '30' second(s)

2021-11-18 12:08:05 - [MESSAGE][INFO] - Smart Wait Function is triggered

2021-11-18 12:08:05 - [MESSAGE][INFO] - Found 1 web elements with id: 'Object Repository/Popup/Popup' located by 'By.cssSelector: .bootbox-body' in '30' second(s)

2021-11-18 12:08:05 - [MESSAGE][INFO] - Getting text of object 'Object Repository/Popup/Popup'

2021-11-18 12:08:05 - [MESSAGE][PASSED] - Text of object 'Object Repository/Popup/Popup' is: 'Oluşturulacak fatura numarası : EAR2021000000475 Fatura numarası oluşturulduktan sonra fatura silinemez. Fatura numarası, tarihi ve ön eki değiştirilemez. Devam etmek istiyor musunuz?'

2021-11-18 12:08:05 - [TEST_STEP][PASSED] - RaporNo = getText(findTestObject("Popup/Popup")).substring(0, 6): Text of object 'Object Repository/Popup/Popup' is: 'Oluşturulacak fatura numarası : EAR2021000000475 Fatura numarası oluşturulduktan sonra fatura silinemez. Fatura numarası, tarihi ve ön eki değiştirilemez. Devam etmek istiyor musunuz?'

2021-11-18 12:08:05 - [MESSAGE][INFO] - Finding Test Object 'Object Repository/Popup/Popup'

2021-11-18 12:08:05 - [MESSAGE][INFO] - Checking object

2021-11-18 12:08:05 - [MESSAGE][INFO] - Finding web element from Test Object's properties

2021-11-18 12:08:05 - [MESSAGE][INFO] - Checking timeout

2021-11-18 12:08:05 - [MESSAGE][INFO] - Finding web element with id: 'Object Repository/Popup/Popup' located by 'By.cssSelector: .bootbox-body' in '30' second(s)

2021-11-18 12:08:05 - [MESSAGE][INFO] - Smart Wait Function is triggered

2021-11-18 12:08:06 - [MESSAGE][INFO] - Found 1 web elements with id: 'Object Repository/Popup/Popup' located by 'By.cssSelector: .bootbox-body' in '30' second(s)

2021-11-18 12:08:06 - [MESSAGE][INFO] - Getting text of object 'Object Repository/Popup/Popup'

2021-11-18 12:08:06 - [MESSAGE][PASSED] - Text of object 'Object Repository/Popup/Popup' is: 'Oluşturulacak fatura numarası : EAR2021000000475 Fatura numarası oluşturulduktan sonra fatura silinemez. Fatura numarası, tarihi ve ön eki değiştirilemez. Devam etmek istiyor musunuz?'

2021-11-18 12:08:06 - [TEST_STEP][PASSED] - Console.println(RaporNo): null

2021-11-18 12:08:06 - [MESSAGE][PASSED] - Call Test Case 'Test Cases/Popup/PopupMesajiIceriyorMu' successfully

2021-11-18 12:08:06 - [MESSAGE][INFO] - Checking called Test Case

2021-11-18 12:08:06 - [MESSAGE][INFO] - Starting to call Test Case 'Test Cases/Popup/PopupButonSecilir'

2021-11-18 12:08:06 - [TEST_CASE][PASSED] - Test Cases/Popup/PopupButonSecilir: Test Cases/Popup/PopupButonSecilir

2021-11-18 12:08:06 - [TEST_STEP][PASSED] - Method.TextDegerineEsitElementeTikla(findTestObject("Popup/Popup_Butons"), Buton): Method.TextDegerineEsitElementeTikla is PASSED

2021-11-18 12:08:06 - [MESSAGE][INFO] - Finding Test Object 'Object Repository/Popup/Popup_Butons'

2021-11-18 12:08:06 - [MESSAGE][INFO] - Checking timeout

2021-11-18 12:08:06 - [MESSAGE][INFO] - Finding web element with id: 'Object Repository/Popup/Popup_Butons' located by 'By.cssSelector: .modal-footer>button' in '10' second(s)

2021-11-18 12:08:06 - [MESSAGE][INFO] - Smart Wait Function is triggered

2021-11-18 12:08:06 - [MESSAGE][INFO] - Found 2 web elements with id: 'Object Repository/Popup/Popup_Butons' located by 'By.cssSelector: .modal-footer>button' in '10' second(s)

2021-11-18 12:08:06 - [MESSAGE][PASSED] - Method.TextDegerineEsitElementeTikla is PASSED

2021-11-18 12:08:06 - [MESSAGE][PASSED] - Call Test Case 'Test Cases/Popup/PopupButonSecilir' successfully

2021-11-18 12:08:06 - [MESSAGE][INFO] - Checking called Test Case

2021-11-18 12:08:06 - [MESSAGE][INFO] - Starting to call Test Case 'Test Cases/Popup/PopupMesajiIceriyorMu'

2021-11-18 12:08:06 - [TEST_CASE][PASSED] - Test Cases/Popup/PopupMesajiIceriyorMu: Test Cases/Popup/PopupMesajiIceriyorMu

2021-11-18 12:08:06 - [TEST_STEP][PASSED] - waitForElementVisible(findTestObject("Popup/Popup"), 10): Object 'Object Repository/Popup/Popup' is visible

2021-11-18 12:08:06 - [MESSAGE][INFO] - Finding Test Object 'Object Repository/Popup/Popup'

2021-11-18 12:08:07 - [MESSAGE][INFO] - Checking object

2021-11-18 12:08:07 - [MESSAGE][INFO] - Checking timeout

2021-11-18 12:08:07 - [MESSAGE][INFO] - Finding web element from Test Object's properties

2021-11-18 12:08:07 - [MESSAGE][INFO] - Checking timeout

2021-11-18 12:08:07 - [MESSAGE][INFO] - Finding web element with id: 'Object Repository/Popup/Popup' located by 'By.cssSelector: .bootbox-body' in '10' second(s)

2021-11-18 12:08:07 - [MESSAGE][INFO] - Smart Wait Function is triggered

2021-11-18 12:08:07 - [MESSAGE][INFO] - Found 1 web elements with id: 'Object Repository/Popup/Popup' located by 'By.cssSelector: .bootbox-body' in '10' second(s)

2021-11-18 12:08:07 - [MESSAGE][PASSED] - Object 'Object Repository/Popup/Popup' is visible

2021-11-18 12:08:07 - [TEST_STEP][PASSED] - if (!(getText(findTestObject("Popup/Popup")).contains(Mesaj))): Text of object 'Object Repository/Popup/Popup' is: 'Fatura numaranız EAR2021000000475 olarak oluşmuştur.'

2021-11-18 12:08:07 - [MESSAGE][INFO] - Finding Test Object 'Object Repository/Popup/Popup'

2021-11-18 12:08:07 - [MESSAGE][INFO] - Checking object

2021-11-18 12:08:07 - [MESSAGE][INFO] - Finding web element from Test Object's properties

2021-11-18 12:08:07 - [MESSAGE][INFO] - Checking timeout

2021-11-18 12:08:07 - [MESSAGE][INFO] - Finding web element with id: 'Object Repository/Popup/Popup' located by 'By.cssSelector: .bootbox-body' in '30' second(s)

2021-11-18 12:08:07 - [MESSAGE][INFO] - Smart Wait Function is triggered

2021-11-18 12:08:08 - [MESSAGE][INFO] - Found 1 web elements with id: 'Object Repository/Popup/Popup' located by 'By.cssSelector: .bootbox-body' in '30' second(s)

2021-11-18 12:08:08 - [MESSAGE][INFO] - Getting text of object 'Object Repository/Popup/Popup'

2021-11-18 12:08:08 - [MESSAGE][PASSED] - Text of object 'Object Repository/Popup/Popup' is: 'Fatura numaranız EAR2021000000475 olarak oluşmuştur.'

2021-11-18 12:08:08 - [TEST_STEP][PASSED] - RaporNo = getText(findTestObject("Popup/Popup")).substring(0, 6): Text of object 'Object Repository/Popup/Popup' is: 'Fatura numaranız EAR2021000000475 olarak oluşmuştur.'

2021-11-18 12:08:08 - [MESSAGE][INFO] - Finding Test Object 'Object Repository/Popup/Popup'

2021-11-18 12:08:08 - [MESSAGE][INFO] - Checking object

2021-11-18 12:08:08 - [MESSAGE][INFO] - Finding web element from Test Object's properties

2021-11-18 12:08:08 - [MESSAGE][INFO] - Checking timeout

2021-11-18 12:08:08 - [MESSAGE][INFO] - Finding web element with id: 'Object Repository/Popup/Popup' located by 'By.cssSelector: .bootbox-body' in '30' second(s)

2021-11-18 12:08:08 - [MESSAGE][INFO] - Smart Wait Function is triggered

2021-11-18 12:08:08 - [MESSAGE][INFO] - Found 1 web elements with id: 'Object Repository/Popup/Popup' located by 'By.cssSelector: .bootbox-body' in '30' second(s)

2021-11-18 12:08:08 - [MESSAGE][INFO] - Getting text of object 'Object Repository/Popup/Popup'

2021-11-18 12:08:08 - [MESSAGE][PASSED] - Text of object 'Object Repository/Popup/Popup' is: 'Fatura numaranız EAR2021000000475 olarak oluşmuştur.'

2021-11-18 12:08:08 - [TEST_STEP][PASSED] - Console.println(RaporNo): null

2021-11-18 12:08:08 - [MESSAGE][PASSED] - Call Test Case 'Test Cases/Popup/PopupMesajiIceriyorMu' successfully

2021-11-18 12:08:08 - [MESSAGE][INFO] - Checking called Test Case

2021-11-18 12:08:08 - [MESSAGE][INFO] - Starting to call Test Case 'Test Cases/Popup/PopupButonSecilir'

2021-11-18 12:08:08 - [TEST_CASE][PASSED] - Test Cases/Popup/PopupButonSecilir: Test Cases/Popup/PopupButonSecilir

2021-11-18 12:08:08 - [TEST_STEP][PASSED] - Method.TextDegerineEsitElementeTikla(findTestObject("Popup/Popup_Butons"), Buton): Method.TextDegerineEsitElementeTikla is PASSED

2021-11-18 12:08:08 - [MESSAGE][INFO] - Finding Test Object 'Object Repository/Popup/Popup_Butons'

2021-11-18 12:08:08 - [MESSAGE][INFO] - Checking timeout

2021-11-18 12:08:08 - [MESSAGE][INFO] - Finding web element with id: 'Object Repository/Popup/Popup_Butons' located by 'By.cssSelector: .modal-footer>button' in '10' second(s)

2021-11-18 12:08:08 - [MESSAGE][INFO] - Smart Wait Function is triggered

2021-11-18 12:08:08 - [MESSAGE][INFO] - Found 1 web elements with id: 'Object Repository/Popup/Popup_Butons' located by 'By.cssSelector: .modal-footer>button' in '10' second(s)

2021-11-18 12:08:08 - [MESSAGE][PASSED] - Method.TextDegerineEsitElementeTikla is PASSED

2021-11-18 12:08:08 - [MESSAGE][PASSED] - Call Test Case 'Test Cases/Popup/PopupButonSecilir' successfully

2021-11-18 12:08:08 - [MESSAGE][INFO] - Checking called Test Case

2021-11-18 12:08:08 - [MESSAGE][INFO] - Starting to call Test Case 'Test Cases/Tablo/TablodanEttnliVeriSec'

2021-11-18 12:08:08 - [TEST_CASE][PASSED] - Test Cases/Tablo/TablodanEttnliVeriSec: Test Cases/Tablo/TablodanEttnliVeriSec

2021-11-18 12:08:08 - [TEST_STEP][PASSED] - Method.TextDegerineEsitElementinAltindakineTikla(findTestObject("Tablo/Veriler"), findTestObject("Tablo/VerininCheckBoxi"), ettn): Method.TextDegerineEsitElementinAltindakineTikla is PASSED

2021-11-18 12:08:08 - [MESSAGE][INFO] - Finding Test Object 'Object Repository/Tablo/Veriler'

2021-11-18 12:08:09 - [MESSAGE][INFO] - Finding Test Object 'Object Repository/Tablo/VerininCheckBoxi'

2021-11-18 12:08:09 - [MESSAGE][INFO] - Checking timeout

2021-11-18 12:08:09 - [MESSAGE][INFO] - Finding web element with id: 'Object Repository/Tablo/Veriler' located by 'By.cssSelector: td.dxgv b ,td.dxgv' in '10' second(s)

2021-11-18 12:08:09 - [MESSAGE][INFO] - Smart Wait Function is triggered

2021-11-18 12:08:09 - [MESSAGE][INFO] - Found 70 web elements with id: 'Object Repository/Tablo/Veriler' located by 'By.cssSelector: td.dxgv b ,td.dxgv' in '10' second(s)

2021-11-18 12:08:09 - [MESSAGE][INFO] - Smart Wait Function is triggered

2021-11-18 12:08:09 - [MESSAGE][PASSED] - Method.TextDegerineEsitElementinAltindakineTikla is PASSED

2021-11-18 12:08:09 - [MESSAGE][PASSED] - Call Test Case 'Test Cases/Tablo/TablodanEttnliVeriSec' successfully

2021-11-18 12:08:10 - [MESSAGE][INFO] - Checking called Test Case

2021-11-18 12:08:10 - [MESSAGE][INFO] - Starting to call Test Case 'Test Cases/Butonlar/ButonaTikla'

2021-11-18 12:08:10 - [TEST_CASE][PASSED] - Test Cases/Butonlar/ButonaTikla: Test Cases/Butonlar/ButonaTikla

2021-11-18 12:08:10 - [TEST_STEP][PASSED] - Method.TextDegerineEsitElementeTiklaEquals(findTestObject("Butonlar/Butonlar"), Buton_Adi): Method.TextDegerineEsitElementeTiklaEquals is PASSED

2021-11-18 12:08:10 - [MESSAGE][INFO] - Finding Test Object 'Object Repository/Butonlar/Butonlar'

2021-11-18 12:08:10 - [MESSAGE][INFO] - Checking timeout

2021-11-18 12:08:10 - [MESSAGE][INFO] - Finding web element with id: 'Object Repository/Butonlar/Butonlar' located by 'By.cssSelector: .panel.panel-default.text-center.footerPanel .btn,.btn.btn-primary.btnControls' in '10' second(s)

2021-11-18 12:08:10 - [MESSAGE][INFO] - Smart Wait Function is triggered

2021-11-18 12:08:10 - [MESSAGE][INFO] - Found 9 web elements with id: 'Object Repository/Butonlar/Butonlar' located by 'By.cssSelector: .panel.panel-default.text-center.footerPanel .btn,.btn.btn-primary.btnControls' in '10' second(s)

2021-11-18 12:08:10 - [MESSAGE][PASSED] - Method.TextDegerineEsitElementeTiklaEquals is PASSED

2021-11-18 12:08:10 - [MESSAGE][PASSED] - Call Test Case 'Test Cases/Butonlar/ButonaTikla' successfully

2021-11-18 12:08:10 - [MESSAGE][INFO] - Checking called Test Case

2021-11-18 12:08:10 - [MESSAGE][INFO] - Starting to call Test Case 'Test Cases/Popup/PopupMesajiIceriyorMu'

2021-11-18 12:08:11 - [TEST_CASE][PASSED] - Test Cases/Popup/PopupMesajiIceriyorMu: Test Cases/Popup/PopupMesajiIceriyorMu

2021-11-18 12:08:11 - [TEST_STEP][PASSED] - waitForElementVisible(findTestObject("Popup/Popup"), 10): Object 'Object Repository/Popup/Popup' is visible

2021-11-18 12:08:11 - [MESSAGE][INFO] - Finding Test Object 'Object Repository/Popup/Popup'

2021-11-18 12:08:11 - [MESSAGE][INFO] - Checking object

2021-11-18 12:08:11 - [MESSAGE][INFO] - Checking timeout

2021-11-18 12:08:11 - [MESSAGE][INFO] - Finding web element from Test Object's properties

2021-11-18 12:08:11 - [MESSAGE][INFO] - Checking timeout

2021-11-18 12:08:11 - [MESSAGE][INFO] - Finding web element with id: 'Object Repository/Popup/Popup' located by 'By.cssSelector: .bootbox-body' in '10' second(s)

2021-11-18 12:08:11 - [MESSAGE][INFO] - Smart Wait Function is triggered

2021-11-18 12:08:11 - [MESSAGE][INFO] - Found 1 web elements with id: 'Object Repository/Popup/Popup' located by 'By.cssSelector: .bootbox-body' in '10' second(s)

2021-11-18 12:08:11 - [MESSAGE][PASSED] - Object 'Object Repository/Popup/Popup' is visible

2021-11-18 12:08:11 - [TEST_STEP][PASSED] - if (!(getText(findTestObject("Popup/Popup")).contains(Mesaj))): Text of object 'Object Repository/Popup/Popup' is: 'Seçilen faturalarınız onaylanacaktır. Onaylanan faturalar üzerinde değişiklik yapılamaz. Devam etmek istiyor musunuz?'

2021-11-18 12:08:11 - [MESSAGE][INFO] - Finding Test Object 'Object Repository/Popup/Popup'

2021-11-18 12:08:11 - [MESSAGE][INFO] - Checking object

2021-11-18 12:08:11 - [MESSAGE][INFO] - Finding web element from Test Object's properties

2021-11-18 12:08:11 - [MESSAGE][INFO] - Checking timeout

2021-11-18 12:08:11 - [MESSAGE][INFO] - Finding web element with id: 'Object Repository/Popup/Popup' located by 'By.cssSelector: .bootbox-body' in '30' second(s)

2021-11-18 12:08:11 - [MESSAGE][INFO] - Smart Wait Function is triggered

2021-11-18 12:08:11 - [MESSAGE][INFO] - Found 1 web elements with id: 'Object Repository/Popup/Popup' located by 'By.cssSelector: .bootbox-body' in '30' second(s)

2021-11-18 12:08:11 - [MESSAGE][INFO] - Getting text of object 'Object Repository/Popup/Popup'

2021-11-18 12:08:11 - [MESSAGE][PASSED] - Text of object 'Object Repository/Popup/Popup' is: 'Seçilen faturalarınız onaylanacaktır. Onaylanan faturalar üzerinde değişiklik yapılamaz. Devam etmek istiyor musunuz?'

2021-11-18 12:08:11 - [TEST_STEP][PASSED] - RaporNo = getText(findTestObject("Popup/Popup")).substring(0, 6): Text of object 'Object Repository/Popup/Popup' is: 'Seçilen faturalarınız onaylanacaktır. Onaylanan faturalar üzerinde değişiklik yapılamaz. Devam etmek istiyor musunuz?'

2021-11-18 12:08:11 - [MESSAGE][INFO] - Finding Test Object 'Object Repository/Popup/Popup'

2021-11-18 12:08:11 - [MESSAGE][INFO] - Checking object

2021-11-18 12:08:11 - [MESSAGE][INFO] - Finding web element from Test Object's properties

2021-11-18 12:08:11 - [MESSAGE][INFO] - Checking timeout

2021-11-18 12:08:11 - [MESSAGE][INFO] - Finding web element with id: 'Object Repository/Popup/Popup' located by 'By.cssSelector: .bootbox-body' in '30' second(s)

2021-11-18 12:08:11 - [MESSAGE][INFO] - Smart Wait Function is triggered

2021-11-18 12:08:12 - [MESSAGE][INFO] - Found 1 web elements with id: 'Object Repository/Popup/Popup' located by 'By.cssSelector: .bootbox-body' in '30' second(s)

2021-11-18 12:08:12 - [MESSAGE][INFO] - Getting text of object 'Object Repository/Popup/Popup'

2021-11-18 12:08:12 - [MESSAGE][PASSED] - Text of object 'Object Repository/Popup/Popup' is: 'Seçilen faturalarınız onaylanacaktır. Onaylanan faturalar üzerinde değişiklik yapılamaz. Devam etmek istiyor musunuz?'

2021-11-18 12:08:12 - [TEST_STEP][PASSED] - Console.println(RaporNo): null

2021-11-18 12:08:12 - [MESSAGE][PASSED] - Call Test Case 'Test Cases/Popup/PopupMesajiIceriyorMu' successfully

2021-11-18 12:08:12 - [MESSAGE][INFO] - Checking called Test Case

2021-11-18 12:08:12 - [MESSAGE][INFO] - Starting to call Test Case 'Test Cases/Popup/PopupButonSecilir'

2021-11-18 12:08:12 - [TEST_CASE][PASSED] - Test Cases/Popup/PopupButonSecilir: Test Cases/Popup/PopupButonSecilir

2021-11-18 12:08:12 - [TEST_STEP][PASSED] - Method.TextDegerineEsitElementeTikla(findTestObject("Popup/Popup_Butons"), Buton): Method.TextDegerineEsitElementeTikla is PASSED

2021-11-18 12:08:12 - [MESSAGE][INFO] - Finding Test Object 'Object Repository/Popup/Popup_Butons'

2021-11-18 12:08:12 - [MESSAGE][INFO] - Checking timeout

2021-11-18 12:08:12 - [MESSAGE][INFO] - Finding web element with id: 'Object Repository/Popup/Popup_Butons' located by 'By.cssSelector: .modal-footer>button' in '10' second(s)

2021-11-18 12:08:12 - [MESSAGE][INFO] - Smart Wait Function is triggered

2021-11-18 12:08:12 - [MESSAGE][INFO] - Found 2 web elements with id: 'Object Repository/Popup/Popup_Butons' located by 'By.cssSelector: .modal-footer>button' in '10' second(s)

2021-11-18 12:08:12 - [MESSAGE][PASSED] - Method.TextDegerineEsitElementeTikla is PASSED

2021-11-18 12:08:12 - [MESSAGE][PASSED] - Call Test Case 'Test Cases/Popup/PopupButonSecilir' successfully

2021-11-18 12:08:12 - [MESSAGE][INFO] - Checking called Test Case

2021-11-18 12:08:12 - [MESSAGE][INFO] - Starting to call Test Case 'Test Cases/Menu/AnaMenuSecimi'

2021-11-18 12:08:12 - [TEST_CASE][PASSED] - Test Cases/Menu/AnaMenuSecimi: Test Cases/Menu/AnaMenuSecimi

2021-11-18 12:08:12 - [TEST_STEP][PASSED] - Method.TextDegerineEsitElementeTikla(findTestObject("Menu/Ana_Menu"), Ana_Menu): Method.TextDegerineEsitElementeTikla is PASSED

2021-11-18 12:08:12 - [MESSAGE][INFO] - Finding Test Object 'Object Repository/Menu/Ana_Menu'

2021-11-18 12:08:12 - [MESSAGE][INFO] - Checking timeout

2021-11-18 12:08:12 - [MESSAGE][INFO] - Finding web element with id: 'Object Repository/Menu/Ana_Menu' located by 'By.xpath: //*[@class = 'dropdown-toggle']' in '10' second(s)

2021-11-18 12:08:12 - [MESSAGE][INFO] - Smart Wait Function is triggered

2021-11-18 12:08:13 - [MESSAGE][INFO] - Found 13 web elements with id: 'Object Repository/Menu/Ana_Menu' located by 'By.xpath: //*[@class = 'dropdown-toggle']' in '10' second(s)

2021-11-18 12:08:13 - [MESSAGE][PASSED] - Method.TextDegerineEsitElementeTikla is PASSED

2021-11-18 12:08:13 - [MESSAGE][PASSED] - Call Test Case 'Test Cases/Menu/AnaMenuSecimi' successfully

2021-11-18 12:08:13 - [MESSAGE][INFO] - Checking called Test Case

2021-11-18 12:08:13 - [MESSAGE][INFO] - Starting to call Test Case 'Test Cases/Menu/BasligaGoreAltMenuSecimi'

2021-11-18 12:08:13 - [TEST_CASE][PASSED] - Test Cases/Menu/BasligaGoreAltMenuSecimi: Test Cases/Menu/BasligaGoreAltMenuSecimi

2021-11-18 12:08:13 - [TEST_STEP][PASSED] - Method.TextDegerineEsitElementinAltindakiTextDegerineEsitOlanaTikla(findTestObject("Menu/Menu_Basligi"), findTestObject("Menu/Basliga_Gore_Alt_Menu"), Baslik, Alt_Menu): Method.TextDegerineEsitElementinAltindakiTextDegerineEsitOlanaTikla is PASSED

2021-11-18 12:08:13 - [MESSAGE][INFO] - Finding Test Object 'Object Repository/Menu/Menu_Basligi'

2021-11-18 12:08:13 - [MESSAGE][INFO] - Finding Test Object 'Object Repository/Menu/Basliga_Gore_Alt_Menu'

2021-11-18 12:08:13 - [MESSAGE][INFO] - Checking timeout

2021-11-18 12:08:13 - [MESSAGE][INFO] - Finding web element with id: 'Object Repository/Menu/Menu_Basligi' located by 'By.xpath: //li[@class='dropdown dropdown-large open']//li[@class='dropdown-header']' in '10' second(s)

2021-11-18 12:08:13 - [MESSAGE][INFO] - Smart Wait Function is triggered

2021-11-18 12:08:14 - [MESSAGE][INFO] - Found 2 web elements with id: 'Object Repository/Menu/Menu_Basligi' located by 'By.xpath: //li[@class='dropdown dropdown-large open']//li[@class='dropdown-header']' in '10' second(s)

2021-11-18 12:08:14 - [MESSAGE][INFO] - Smart Wait Function is triggered

2021-11-18 12:08:15 - [MESSAGE][PASSED] - Method.TextDegerineEsitElementinAltindakiTextDegerineEsitOlanaTikla is PASSED

2021-11-18 12:08:15 - [MESSAGE][PASSED] - Call Test Case 'Test Cases/Menu/BasligaGoreAltMenuSecimi' successfully

2021-11-18 12:08:15 - [MESSAGE][INFO] - Checking called Test Case

2021-11-18 12:08:15 - [MESSAGE][INFO] - Starting to call Test Case 'Test Cases/Filtreler/EttnYaz'

2021-11-18 12:08:15 - [TEST_CASE][PASSED] - Test Cases/Filtreler/EttnYaz: Test Cases/Filtreler/EttnYaz

2021-11-18 12:08:15 - [TEST_STEP][PASSED] - Method.TextDegerineEsitElementinAltindakiTextboxtaYaz(findTestObject("Filtreler/Basliklar"), findTestObject("Filtreler/Basliga_Gore_Textbox"), "ETTN", ettn): Method.TextDegerineEsitElementinAltindakiTextboxtaYaz is PASSED

2021-11-18 12:08:15 - [MESSAGE][INFO] - Finding Test Object 'Object Repository/Filtreler/Basliklar'

2021-11-18 12:08:15 - [MESSAGE][INFO] - Finding Test Object 'Object Repository/Filtreler/Basliga_Gore_Textbox'

2021-11-18 12:08:15 - [MESSAGE][INFO] - Checking timeout

2021-11-18 12:08:15 - [MESSAGE][INFO] - Finding web element with id: 'Object Repository/Filtreler/Basliklar' located by 'By.cssSelector: .control-label.col-sm-4.paddingMarginRLC' in '10' second(s)

2021-11-18 12:08:15 - [MESSAGE][INFO] - Smart Wait Function is triggered

2021-11-18 12:08:15 - [MESSAGE][INFO] - Found 19 web elements with id: 'Object Repository/Filtreler/Basliklar' located by 'By.cssSelector: .control-label.col-sm-4.paddingMarginRLC' in '10' second(s)

2021-11-18 12:08:15 - [MESSAGE][INFO] - Smart Wait Function is triggered

2021-11-18 12:08:16 - [MESSAGE][PASSED] - Method.TextDegerineEsitElementinAltindakiTextboxtaYaz is PASSED

2021-11-18 12:08:16 - [MESSAGE][PASSED] - Call Test Case 'Test Cases/Filtreler/EttnYaz' successfully

2021-11-18 12:08:16 - [MESSAGE][INFO] - Checking called Test Case

2021-11-18 12:08:16 - [MESSAGE][INFO] - Starting to call Test Case 'Test Cases/Filtreler/ButonaTikla'

2021-11-18 12:08:16 - [TEST_CASE][PASSED] - Test Cases/Filtreler/ButonaTikla: Test Cases/Filtreler/ButonaTikla

2021-11-18 12:08:16 - [TEST_STEP][PASSED] - Method.TextDegerineEsitElementeTikla(findTestObject("Filtreler/Butonlar"), Filtre_Buton): Method.TextDegerineEsitElementeTikla is PASSED

2021-11-18 12:08:16 - [MESSAGE][INFO] - Finding Test Object 'Object Repository/Filtreler/Butonlar'

2021-11-18 12:08:16 - [MESSAGE][INFO] - Checking timeout

2021-11-18 12:08:16 - [MESSAGE][INFO] - Finding web element with id: 'Object Repository/Filtreler/Butonlar' located by 'By.cssSelector: .dxb>span' in '10' second(s)

2021-11-18 12:08:16 - [MESSAGE][INFO] - Smart Wait Function is triggered

2021-11-18 12:08:16 - [MESSAGE][INFO] - Found 3 web elements with id: 'Object Repository/Filtreler/Butonlar' located by 'By.cssSelector: .dxb>span' in '10' second(s)

2021-11-18 12:08:16 - [MESSAGE][PASSED] - Method.TextDegerineEsitElementeTikla is PASSED

2021-11-18 12:08:16 - [MESSAGE][PASSED] - Call Test Case 'Test Cases/Filtreler/ButonaTikla' successfully

2021-11-18 12:08:16 - [MESSAGE][INFO] - Checking called Test Case

2021-11-18 12:08:16 - [MESSAGE][INFO] - Starting to call Test Case 'Test Cases/Tablo/TablodaVeriVarMi'

2021-11-18 12:08:16 - [TEST_CASE][PASSED] - Test Cases/Tablo/TablodaVeriVarMi: Test Cases/Tablo/TablodaVeriVarMi

2021-11-18 12:08:16 - [TEST_STEP][PASSED] - verifyTextNotPresent("Görüntülenecek veri yok", true): Text 'Görüntülenecek veri yok' is not present on page using regular expression

2021-11-18 12:08:16 - [MESSAGE][INFO] - Checking text present  using regular expression

2021-11-18 12:08:16 - [MESSAGE][INFO] - Smart Wait Function is triggered

2021-11-18 12:08:17 - [MESSAGE][INFO] - Finding text 'Görüntülenecek veri yok' on page  using regular expression

2021-11-18 12:08:17 - [MESSAGE][PASSED] - Text 'Görüntülenecek veri yok' is not present on page using regular expression

2021-11-18 12:08:17 - [MESSAGE][PASSED] - Call Test Case 'Test Cases/Tablo/TablodaVeriVarMi' successfully

2021-11-18 12:08:17 - [MESSAGE][INFO] - Checking called Test Case

2021-11-18 12:08:17 - [MESSAGE][INFO] - Starting to call Test Case 'Test Cases/Tablo/TablodaVeriBasariliMiArsiv'

2021-11-18 12:08:17 - [TEST_CASE][PASSED] - Test Cases/Tablo/TablodaVeriBasariliMiArsiv: Test Cases/Tablo/TablodaVeriBasariliMiArsiv

2021-11-18 12:08:17 - [TEST_STEP][PASSED] - sayac = 80: null

2021-11-18 12:08:17 - [TEST_STEP][PASSED] - while (verifyElementText(findTestObject("Object Repository/Tablo/DurumBilgisiArsiv"), "Henüz Sonuçlanmadı", OPTIONAL)): Actual text 'Başarılı' and expected text 'Henüz Sonuçlanmadı' of test object 'Object Repository/Tablo/DurumBilgisiArsiv' are NOT matched. (Root cause: com.kms.katalon.core.exception.StepFailedException: Actual text 'Başarılı' and expected text 'Henüz Sonuçlanmadı' of test object 'Object Repository/Tablo/DurumBilgisiArsiv' are NOT matched.
	at com.kms.katalon.core.webui.keyword.internal.WebUIKeywordMain.stepFailed(WebUIKeywordMain.groovy:64)
	at com.kms.katalon.core.webui.keyword.builtin.VerifyElementTextKeyword$_verifyElementText_closure1.doCall(VerifyElementTextKeyword.groovy:57)
	at com.kms.katalon.core.webui.keyword.builtin.VerifyElementTextKeyword$_verifyElementText_closure1.call(VerifyElementTextKeyword.groovy)
	at com.kms.katalon.core.webui.keyword.internal.WebUIKeywordMain.runKeyword(WebUIKeywordMain.groovy:20)
	at com.kms.katalon.core.webui.keyword.builtin.VerifyElementTextKeyword.verifyElementText(VerifyElementTextKeyword.groovy:72)
	at com.kms.katalon.core.webui.keyword.builtin.VerifyElementTextKeyword.execute(VerifyElementTextKeyword.groovy:40)
	at com.kms.katalon.core.keyword.internal.KeywordExecutor.executeKeywordForPlatform(KeywordExecutor.groovy:73)
	at com.kms.katalon.core.webui.keyword.WebUiBuiltInKeywords.verifyElementText(WebUiBuiltInKeywords.groovy:4733)
	at com.kms.katalon.core.webui.keyword.WebUiBuiltInKeywords$verifyElementText$20.call(Unknown Source)
	at TablodaVeriBasariliMiArsiv.run(TablodaVeriBasariliMiArsiv:22)
	at com.kms.katalon.core.main.ScriptEngine.run(ScriptEngine.java:194)
	at com.kms.katalon.core.main.ScriptEngine.runScriptAsRawText(ScriptEngine.java:119)
	at com.kms.katalon.core.main.TestCaseExecutor.runScript(TestCaseExecutor.java:369)
	at com.kms.katalon.core.main.TestCaseExecutor.doExecute(TestCaseExecutor.java:360)
	at com.kms.katalon.core.main.TestCaseExecutor.processExecutionPhase(TestCaseExecutor.java:339)
	at com.kms.katalon.core.main.TestCaseExecutor.accessMainPhase(TestCaseExecutor.java:331)
	at com.kms.katalon.core.main.TestCaseExecutor.execute(TestCaseExecutor.java:248)
	at com.kms.katalon.core.main.TestCaseMain.runTestCase(TestCaseMain.java:138)
	at com.kms.katalon.core.keyword.builtin.CallTestCaseKeyword$_callTestCase_closure1.doCall(CallTestCaseKeyword.groovy:59)
	at com.kms.katalon.core.keyword.builtin.CallTestCaseKeyword$_callTestCase_closure1.call(CallTestCaseKeyword.groovy)
	at com.kms.katalon.core.keyword.internal.KeywordMain.runKeyword(KeywordMain.groovy:68)
	at com.kms.katalon.core.keyword.builtin.CallTestCaseKeyword.callTestCase(CallTestCaseKeyword.groovy:81)
	at com.kms.katalon.core.keyword.builtin.CallTestCaseKeyword.execute(CallTestCaseKeyword.groovy:44)
	at com.kms.katalon.core.keyword.internal.KeywordExecutor.executeKeywordForPlatform(KeywordExecutor.groovy:73)
	at com.kms.katalon.core.keyword.BuiltinKeywords.callTestCase(BuiltinKeywords.groovy:334)
	at tablo.tablo.tablodaVeriBasariliMiArsiv(tablo.groovy:95)
	at cucumber.runtime.Utils$1.call(Utils.java:26)
	at cucumber.runtime.Timeout.timeout(Timeout.java:16)
	at cucumber.runtime.Utils.invoke(Utils.java:20)
	at cucumber.runtime.java.JavaStepDefinition.execute(JavaStepDefinition.java:49)
	at cucumber.runner.PickleStepDefinitionMatch.runStep(PickleStepDefinitionMatch.java:50)
	at cucumber.runner.TestStep.executeStep(TestStep.java:63)
	at cucumber.runner.TestStep.run(TestStep.java:49)
	at cucumber.runner.PickleStepTestStep.run(PickleStepTestStep.java:43)
	at cucumber.runner.TestCase.run(TestCase.java:44)
	at cucumber.runner.Runner.runPickle(Runner.java:40)
	at cucumber.runtime.Runtime$1.run(Runtime.java:84)
	at cucumber.runtime.Runtime$SameThreadExecutorService.execute(Runtime.java:220)
	at cucumber.runtime.Runtime.run(Runtime.java:81)
	at cucumber.api.cli.Main.run(Main.java:26)
	at cucumber.api.cli.Main$run.call(Unknown Source)
	at com.kms.katalon.core.cucumber.keyword.CucumberBuiltinKeywords$_runFeatureFile_closure1.doCall(CucumberBuiltinKeywords.groovy:106)
	at com.kms.katalon.core.cucumber.keyword.CucumberBuiltinKeywords$_runFeatureFile_closure1.doCall(CucumberBuiltinKeywords.groovy)
	at com.kms.katalon.core.keyword.internal.KeywordMain.runKeyword(KeywordMain.groovy:68)
	at com.kms.katalon.core.keyword.internal.KeywordMain$runKeyword.call(Unknown Source)
	at com.kms.katalon.core.cucumber.keyword.CucumberBuiltinKeywords.runFeatureFile(CucumberBuiltinKeywords.groovy:73)
	at com.kms.katalon.core.cucumber.keyword.CucumberBuiltinKeywords$runFeatureFile$0.callStatic(Unknown Source)
	at com.kms.katalon.core.cucumber.keyword.CucumberBuiltinKeywords.runFeatureFile(CucumberBuiltinKeywords.groovy:246)
	at com.kms.katalon.core.cucumber.keyword.CucumberBuiltinKeywords$runFeatureFile.call(Unknown Source)
	at VKN-Elektronik-Satis.run(VKN-Elektronik-Satis:19)
	at com.kms.katalon.core.main.ScriptEngine.run(ScriptEngine.java:194)
	at com.kms.katalon.core.main.ScriptEngine.runScriptAsRawText(ScriptEngine.java:119)
	at com.kms.katalon.core.main.TestCaseExecutor.runScript(TestCaseExecutor.java:369)
	at com.kms.katalon.core.main.TestCaseExecutor.doExecute(TestCaseExecutor.java:360)
	at com.kms.katalon.core.main.TestCaseExecutor.processExecutionPhase(TestCaseExecutor.java:339)
	at com.kms.katalon.core.main.TestCaseExecutor.accessMainPhase(TestCaseExecutor.java:331)
	at com.kms.katalon.core.main.TestCaseExecutor.execute(TestCaseExecutor.java:248)
	at com.kms.katalon.core.main.TestSuiteExecutor.accessTestCaseMainPhase(TestSuiteExecutor.java:191)
	at com.kms.katalon.core.main.TestSuiteExecutor.accessTestSuiteMainPhase(TestSuiteExecutor.java:140)
	at com.kms.katalon.core.main.TestSuiteExecutor.execute(TestSuiteExecutor.java:89)
	at com.kms.katalon.core.main.TestCaseMain.startTestSuite(TestCaseMain.java:181)
	at com.kms.katalon.core.main.TestCaseMain$startTestSuite$0.call(Unknown Source)
	at TempTestSuite1637225344330.run(TempTestSuite1637225344330.groovy:39)
)

2021-11-18 12:08:17 - [MESSAGE][INFO] - Finding Test Object 'Object Repository/Tablo/DurumBilgisiArsiv'

2021-11-18 12:08:17 - [MESSAGE][INFO] - Checking object

2021-11-18 12:08:17 - [MESSAGE][INFO] - Finding web element from Test Object's properties

2021-11-18 12:08:17 - [MESSAGE][INFO] - Checking timeout

2021-11-18 12:08:17 - [MESSAGE][INFO] - Finding web element with id: 'Object Repository/Tablo/DurumBilgisiArsiv' located by 'By.xpath: //*[@id = 'GridViewEArchiveInvoices_tccell0_9']' in '30' second(s)

2021-11-18 12:08:17 - [MESSAGE][INFO] - Smart Wait Function is triggered

2021-11-18 12:08:17 - [MESSAGE][INFO] - Found 1 web elements with id: 'Object Repository/Tablo/DurumBilgisiArsiv' located by 'By.xpath: //*[@id = 'GridViewEArchiveInvoices_tccell0_9']' in '30' second(s)

2021-11-18 12:08:17 - [MESSAGE][WARNING] - Actual text 'Başarılı' and expected text 'Henüz Sonuçlanmadı' of test object 'Object Repository/Tablo/DurumBilgisiArsiv' are NOT matched. (Root cause: com.kms.katalon.core.exception.StepFailedException: Actual text 'Başarılı' and expected text 'Henüz Sonuçlanmadı' of test object 'Object Repository/Tablo/DurumBilgisiArsiv' are NOT matched.
	at com.kms.katalon.core.webui.keyword.internal.WebUIKeywordMain.stepFailed(WebUIKeywordMain.groovy:64)
	at com.kms.katalon.core.webui.keyword.builtin.VerifyElementTextKeyword$_verifyElementText_closure1.doCall(VerifyElementTextKeyword.groovy:57)
	at com.kms.katalon.core.webui.keyword.builtin.VerifyElementTextKeyword$_verifyElementText_closure1.call(VerifyElementTextKeyword.groovy)
	at com.kms.katalon.core.webui.keyword.internal.WebUIKeywordMain.runKeyword(WebUIKeywordMain.groovy:20)
	at com.kms.katalon.core.webui.keyword.builtin.VerifyElementTextKeyword.verifyElementText(VerifyElementTextKeyword.groovy:72)
	at com.kms.katalon.core.webui.keyword.builtin.VerifyElementTextKeyword.execute(VerifyElementTextKeyword.groovy:40)
	at com.kms.katalon.core.keyword.internal.KeywordExecutor.executeKeywordForPlatform(KeywordExecutor.groovy:73)
	at com.kms.katalon.core.webui.keyword.WebUiBuiltInKeywords.verifyElementText(WebUiBuiltInKeywords.groovy:4733)
	at com.kms.katalon.core.webui.keyword.WebUiBuiltInKeywords$verifyElementText$20.call(Unknown Source)
	at TablodaVeriBasariliMiArsiv.run(TablodaVeriBasariliMiArsiv:22)
	at com.kms.katalon.core.main.ScriptEngine.run(ScriptEngine.java:194)
	at com.kms.katalon.core.main.ScriptEngine.runScriptAsRawText(ScriptEngine.java:119)
	at com.kms.katalon.core.main.TestCaseExecutor.runScript(TestCaseExecutor.java:369)
	at com.kms.katalon.core.main.TestCaseExecutor.doExecute(TestCaseExecutor.java:360)
	at com.kms.katalon.core.main.TestCaseExecutor.processExecutionPhase(TestCaseExecutor.java:339)
	at com.kms.katalon.core.main.TestCaseExecutor.accessMainPhase(TestCaseExecutor.java:331)
	at com.kms.katalon.core.main.TestCaseExecutor.execute(TestCaseExecutor.java:248)
	at com.kms.katalon.core.main.TestCaseMain.runTestCase(TestCaseMain.java:138)
	at com.kms.katalon.core.keyword.builtin.CallTestCaseKeyword$_callTestCase_closure1.doCall(CallTestCaseKeyword.groovy:59)
	at com.kms.katalon.core.keyword.builtin.CallTestCaseKeyword$_callTestCase_closure1.call(CallTestCaseKeyword.groovy)
	at com.kms.katalon.core.keyword.internal.KeywordMain.runKeyword(KeywordMain.groovy:68)
	at com.kms.katalon.core.keyword.builtin.CallTestCaseKeyword.callTestCase(CallTestCaseKeyword.groovy:81)
	at com.kms.katalon.core.keyword.builtin.CallTestCaseKeyword.execute(CallTestCaseKeyword.groovy:44)
	at com.kms.katalon.core.keyword.internal.KeywordExecutor.executeKeywordForPlatform(KeywordExecutor.groovy:73)
	at com.kms.katalon.core.keyword.BuiltinKeywords.callTestCase(BuiltinKeywords.groovy:334)
	at tablo.tablo.tablodaVeriBasariliMiArsiv(tablo.groovy:95)
	at cucumber.runtime.Utils$1.call(Utils.java:26)
	at cucumber.runtime.Timeout.timeout(Timeout.java:16)
	at cucumber.runtime.Utils.invoke(Utils.java:20)
	at cucumber.runtime.java.JavaStepDefinition.execute(JavaStepDefinition.java:49)
	at cucumber.runner.PickleStepDefinitionMatch.runStep(PickleStepDefinitionMatch.java:50)
	at cucumber.runner.TestStep.executeStep(TestStep.java:63)
	at cucumber.runner.TestStep.run(TestStep.java:49)
	at cucumber.runner.PickleStepTestStep.run(PickleStepTestStep.java:43)
	at cucumber.runner.TestCase.run(TestCase.java:44)
	at cucumber.runner.Runner.runPickle(Runner.java:40)
	at cucumber.runtime.Runtime$1.run(Runtime.java:84)
	at cucumber.runtime.Runtime$SameThreadExecutorService.execute(Runtime.java:220)
	at cucumber.runtime.Runtime.run(Runtime.java:81)
	at cucumber.api.cli.Main.run(Main.java:26)
	at cucumber.api.cli.Main$run.call(Unknown Source)
	at com.kms.katalon.core.cucumber.keyword.CucumberBuiltinKeywords$_runFeatureFile_closure1.doCall(CucumberBuiltinKeywords.groovy:106)
	at com.kms.katalon.core.cucumber.keyword.CucumberBuiltinKeywords$_runFeatureFile_closure1.doCall(CucumberBuiltinKeywords.groovy)
	at com.kms.katalon.core.keyword.internal.KeywordMain.runKeyword(KeywordMain.groovy:68)
	at com.kms.katalon.core.keyword.internal.KeywordMain$runKeyword.call(Unknown Source)
	at com.kms.katalon.core.cucumber.keyword.CucumberBuiltinKeywords.runFeatureFile(CucumberBuiltinKeywords.groovy:73)
	at com.kms.katalon.core.cucumber.keyword.CucumberBuiltinKeywords$runFeatureFile$0.callStatic(Unknown Source)
	at com.kms.katalon.core.cucumber.keyword.CucumberBuiltinKeywords.runFeatureFile(CucumberBuiltinKeywords.groovy:246)
	at com.kms.katalon.core.cucumber.keyword.CucumberBuiltinKeywords$runFeatureFile.call(Unknown Source)
	at VKN-Elektronik-Satis.run(VKN-Elektronik-Satis:19)
	at com.kms.katalon.core.main.ScriptEngine.run(ScriptEngine.java:194)
	at com.kms.katalon.core.main.ScriptEngine.runScriptAsRawText(ScriptEngine.java:119)
	at com.kms.katalon.core.main.TestCaseExecutor.runScript(TestCaseExecutor.java:369)
	at com.kms.katalon.core.main.TestCaseExecutor.doExecute(TestCaseExecutor.java:360)
	at com.kms.katalon.core.main.TestCaseExecutor.processExecutionPhase(TestCaseExecutor.java:339)
	at com.kms.katalon.core.main.TestCaseExecutor.accessMainPhase(TestCaseExecutor.java:331)
	at com.kms.katalon.core.main.TestCaseExecutor.execute(TestCaseExecutor.java:248)
	at com.kms.katalon.core.main.TestSuiteExecutor.accessTestCaseMainPhase(TestSuiteExecutor.java:191)
	at com.kms.katalon.core.main.TestSuiteExecutor.accessTestSuiteMainPhase(TestSuiteExecutor.java:140)
	at com.kms.katalon.core.main.TestSuiteExecutor.execute(TestSuiteExecutor.java:89)
	at com.kms.katalon.core.main.TestCaseMain.startTestSuite(TestCaseMain.java:181)
	at com.kms.katalon.core.main.TestCaseMain$startTestSuite$0.call(Unknown Source)
	at TempTestSuite1637225344330.run(TempTestSuite1637225344330.groovy:39)
)

2021-11-18 12:08:17 - [TEST_STEP][PASSED] - Method.TextDegerineEsitElementVarMi(findTestObject("Object Repository/Tablo/DurumBilgisiArsiv"), "Başarılı"): Method.TextDegerineEsitElementVarMi is PASSED

2021-11-18 12:08:17 - [MESSAGE][INFO] - Finding Test Object 'Object Repository/Tablo/DurumBilgisiArsiv'

2021-11-18 12:08:17 - [MESSAGE][INFO] - Checking timeout

2021-11-18 12:08:17 - [MESSAGE][INFO] - Finding web element with id: 'Object Repository/Tablo/DurumBilgisiArsiv' located by 'By.xpath: //*[@id = 'GridViewEArchiveInvoices_tccell0_9']' in '10' second(s)

2021-11-18 12:08:17 - [MESSAGE][INFO] - Smart Wait Function is triggered

2021-11-18 12:08:18 - [MESSAGE][INFO] - Found 1 web elements with id: 'Object Repository/Tablo/DurumBilgisiArsiv' located by 'By.xpath: //*[@id = 'GridViewEArchiveInvoices_tccell0_9']' in '10' second(s)

2021-11-18 12:08:18 - [MESSAGE][PASSED] - Method.TextDegerineEsitElementVarMi is PASSED

2021-11-18 12:08:18 - [MESSAGE][PASSED] - Call Test Case 'Test Cases/Tablo/TablodaVeriBasariliMiArsiv' successfully

2021-11-18 12:08:18 - [MESSAGE][INFO] - Checking called Test Case

2021-11-18 12:08:18 - [MESSAGE][INFO] - Starting to call Test Case 'Test Cases/Kullanici_Islemleri/KullaniciIslemlerindenSecimYapilir'

2021-11-18 12:08:18 - [TEST_CASE][PASSED] - Test Cases/Kullanici_Islemleri/KullaniciIslemlerindenSecimYapilir: Test Cases/Kullanici_Islemleri/KullaniciIslemlerindenSecimYapilir

2021-11-18 12:08:18 - [TEST_STEP][PASSED] - waitForElementClickable(findTestObject("Object Repository/Kullanici_Islemleri/KullaniciIslemleri"), 10): Object 'Object Repository/Kullanici_Islemleri/KullaniciIslemleri' is clickable

2021-11-18 12:08:18 - [MESSAGE][INFO] - Finding Test Object 'Object Repository/Kullanici_Islemleri/KullaniciIslemleri'

2021-11-18 12:08:18 - [MESSAGE][INFO] - Checking object

2021-11-18 12:08:18 - [MESSAGE][INFO] - Checking timeout

2021-11-18 12:08:18 - [MESSAGE][INFO] - Finding web element from Test Object's properties

2021-11-18 12:08:18 - [MESSAGE][INFO] - Checking timeout

2021-11-18 12:08:18 - [MESSAGE][INFO] - Finding web element with id: 'Object Repository/Kullanici_Islemleri/KullaniciIslemleri' located by 'By.cssSelector: .dropdown>a>img' in '10' second(s)

2021-11-18 12:08:18 - [MESSAGE][INFO] - Smart Wait Function is triggered

2021-11-18 12:08:18 - [MESSAGE][INFO] - Found 1 web elements with id: 'Object Repository/Kullanici_Islemleri/KullaniciIslemleri' located by 'By.cssSelector: .dropdown>a>img' in '10' second(s)

2021-11-18 12:08:18 - [MESSAGE][PASSED] - Object 'Object Repository/Kullanici_Islemleri/KullaniciIslemleri' is clickable

2021-11-18 12:08:18 - [TEST_STEP][PASSED] - click(findTestObject("Object Repository/Kullanici_Islemleri/KullaniciIslemleri")): Object: 'Object Repository/Kullanici_Islemleri/KullaniciIslemleri' is clicked on

2021-11-18 12:08:18 - [MESSAGE][INFO] - Finding Test Object 'Object Repository/Kullanici_Islemleri/KullaniciIslemleri'

2021-11-18 12:08:18 - [MESSAGE][INFO] - Checking object

2021-11-18 12:08:18 - [MESSAGE][INFO] - Finding web element from Test Object's properties

2021-11-18 12:08:18 - [MESSAGE][INFO] - Checking timeout

2021-11-18 12:08:18 - [MESSAGE][INFO] - Finding web element with id: 'Object Repository/Kullanici_Islemleri/KullaniciIslemleri' located by 'By.cssSelector: .dropdown>a>img' in '30' second(s)

2021-11-18 12:08:18 - [MESSAGE][INFO] - Smart Wait Function is triggered

2021-11-18 12:08:18 - [MESSAGE][INFO] - Found 1 web elements with id: 'Object Repository/Kullanici_Islemleri/KullaniciIslemleri' located by 'By.cssSelector: .dropdown>a>img' in '30' second(s)

2021-11-18 12:08:18 - [MESSAGE][INFO] - Clicking on object: 'Object Repository/Kullanici_Islemleri/KullaniciIslemleri'

2021-11-18 12:08:18 - [MESSAGE][PASSED] - Object: 'Object Repository/Kullanici_Islemleri/KullaniciIslemleri' is clicked on

2021-11-18 12:08:18 - [TEST_STEP][PASSED] - Method.TextDegerineEsitElementeTikla(findTestObject("Object Repository/Kullanici_Islemleri/Secenekler"), Islem): Method.TextDegerineEsitElementeTikla is PASSED

2021-11-18 12:08:18 - [MESSAGE][INFO] - Finding Test Object 'Object Repository/Kullanici_Islemleri/Secenekler'

2021-11-18 12:08:19 - [MESSAGE][INFO] - Checking timeout

2021-11-18 12:08:19 - [MESSAGE][INFO] - Finding web element with id: 'Object Repository/Kullanici_Islemleri/Secenekler' located by 'By.cssSelector: .nav.navbar-nav.navbar-right li a' in '10' second(s)

2021-11-18 12:08:19 - [MESSAGE][INFO] - Smart Wait Function is triggered

2021-11-18 12:08:19 - [MESSAGE][INFO] - Found 20 web elements with id: 'Object Repository/Kullanici_Islemleri/Secenekler' located by 'By.cssSelector: .nav.navbar-nav.navbar-right li a' in '10' second(s)

2021-11-18 12:08:20 - [MESSAGE][PASSED] - Method.TextDegerineEsitElementeTikla is PASSED

2021-11-18 12:08:20 - [TEST_STEP][PASSED] - verifyElementNotPresent(findTestObject("Object Repository/Kullanici_Islemleri/Secenekler"), 10): Web element with id: 'Object Repository/Kullanici_Islemleri/Secenekler' located by 'By.cssSelector: .nav.navbar-nav.navbar-right li a' is not present after '10' second(s)

2021-11-18 12:08:20 - [MESSAGE][INFO] - Finding Test Object 'Object Repository/Kullanici_Islemleri/Secenekler'

2021-11-18 12:08:20 - [MESSAGE][INFO] - Checking object

2021-11-18 12:08:20 - [MESSAGE][INFO] - Checking timeout

2021-11-18 12:08:20 - [MESSAGE][INFO] - Finding web element with id: 'Object Repository/Kullanici_Islemleri/Secenekler' located by 'By.cssSelector: .nav.navbar-nav.navbar-right li a' in '10' second(s)

2021-11-18 12:08:20 - [MESSAGE][INFO] - Smart Wait Function is triggered

2021-11-18 12:08:21 - [MESSAGE][PASSED] - Web element with id: 'Object Repository/Kullanici_Islemleri/Secenekler' located by 'By.cssSelector: .nav.navbar-nav.navbar-right li a' is not present after '10' second(s)

2021-11-18 12:08:21 - [MESSAGE][PASSED] - Call Test Case 'Test Cases/Kullanici_Islemleri/KullaniciIslemlerindenSecimYapilir' successfully

2021-11-18 12:08:21 - [TEST_CASE][PASSED] - Start Test Case : SCENARIO Gonderim tipi Kagit ve Satis tipinde e-Arsiv faturasi olusturulmasi: SCENARIO Gonderim tipi Kagit ve Satis tipinde e-Arsiv faturasi olusturulmasi

2021-11-18 12:08:21 - [TEST_STEP][PASSED] - Kullanıcı adı EARSATIS ve Şifre test1234 olarak giriş yapılır: Kullanıcı adı EARSATIS ve Şifre test1234 olarak giriş yapılır

2021-11-18 12:08:21 - [MESSAGE][PASSED] - Kullanıcı adı EARSATIS ve Şifre test1234 olarak giriş yapılır

2021-11-18 12:08:21 - [TEST_STEP][PASSED] - Ana menüden e-Arşiv seçilir: Ana menüden e-Arşiv seçilir

2021-11-18 12:08:21 - [MESSAGE][PASSED] - Ana menüden e-Arşiv seçilir

2021-11-18 12:08:21 - [TEST_STEP][PASSED] - Alt menü e-Arşiv Araçları başlığı altındaki e-Arşiv Fatura Oluşturma seçilir: Alt menü e-Arşiv Araçları başlığı altındaki e-Arşiv Fatura Oluşturma seçilir

2021-11-18 12:08:21 - [MESSAGE][PASSED] - Alt menü e-Arşiv Araçları başlığı altındaki e-Arşiv Fatura Oluşturma seçilir

2021-11-18 12:08:21 - [TEST_STEP][PASSED] - Tablodaki tüm veriler silinir: Tablodaki tüm veriler silinir

2021-11-18 12:08:21 - [MESSAGE][PASSED] - Tablodaki tüm veriler silinir

2021-11-18 12:08:21 - [TEST_STEP][PASSED] - Butonlardan Ekle isimli butona tıklanır: Butonlardan Ekle isimli butona tıklanır

2021-11-18 12:08:21 - [MESSAGE][PASSED] - Butonlardan Ekle isimli butona tıklanır

2021-11-18 12:08:21 - [TEST_STEP][PASSED] - Görsel tasarım sayfasının e-Arşiv Fatura Bilgileri başlığını içerdiği kontrol edilir: Görsel tasarım sayfasının e-Arşiv Fatura Bilgileri başlığını içerdiği kontrol edilir

2021-11-18 12:08:21 - [MESSAGE][PASSED] - Görsel tasarım sayfasının e-Arşiv Fatura Bilgileri başlığını içerdiği kontrol edilir

2021-11-18 12:08:21 - [TEST_STEP][PASSED] - Alıcı adı alanına UC0007 girilir: Alıcı adı alanına UC0007 girilir

2021-11-18 12:08:21 - [MESSAGE][PASSED] - Alıcı adı alanına UC0007 girilir

2021-11-18 12:08:21 - [TEST_STEP][PASSED] - Gönderim Şekli Elektronik olarak seçilir: Gönderim Şekli Elektronik olarak seçilir

2021-11-18 12:08:21 - [MESSAGE][PASSED] - Gönderim Şekli Elektronik olarak seçilir

2021-11-18 12:08:21 - [TEST_STEP][PASSED] - Tip alanından Satış seçilir: Tip alanından Satış seçilir

2021-11-18 12:08:21 - [MESSAGE][PASSED] - Tip alanından Satış seçilir

2021-11-18 12:08:21 - [TEST_STEP][PASSED] - Döküman Para Birimi alanından Türk Lirası seçilir: Döküman Para Birimi alanından Türk Lirası seçilir

2021-11-18 12:08:21 - [MESSAGE][PASSED] - Döküman Para Birimi alanından Türk Lirası seçilir

2021-11-18 12:08:21 - [TEST_STEP][PASSED] - Ön Ek EAR olarak seçilir: Ön Ek EAR olarak seçilir

2021-11-18 12:08:21 - [MESSAGE][PASSED] - Ön Ek EAR olarak seçilir

2021-11-18 12:08:21 - [TEST_STEP][PASSED] - Tasarım alanından Otomasyon seçilir: Tasarım alanından Otomasyon seçilir

2021-11-18 12:08:21 - [MESSAGE][PASSED] - Tasarım alanından Otomasyon seçilir

2021-11-18 12:08:21 - [TEST_STEP][PASSED] - Sipariş bilgileri UUC-SAT-1200001 ve 31.04.2020 olarak girilir: Sipariş bilgileri UUC-SAT-1200001 ve 31.04.2020 olarak girilir

2021-11-18 12:08:21 - [MESSAGE][PASSED] - Sipariş bilgileri UUC-SAT-1200001 ve 31.04.2020 olarak girilir

2021-11-18 12:08:21 - [TEST_STEP][PASSED] - İrsaliye Bilgileri AAAAAAAAAA,31.04.2020 olarak girilir: İrsaliye Bilgileri AAAAAAAAAA,31.04.2020 olarak girilir

2021-11-18 12:08:21 - [MESSAGE][PASSED] - İrsaliye Bilgileri AAAAAAAAAA,31.04.2020 olarak girilir

2021-11-18 12:08:21 - [TEST_STEP][PASSED] - Ekle butonuna basılır: Ekle butonuna basılır

2021-11-18 12:08:21 - [MESSAGE][PASSED] - Ekle butonuna basılır

2021-11-18 12:08:21 - [TEST_STEP][PASSED] - Ürün ekleme alanında Mal/Hizmet başlığına Otomasyon girilir: Ürün ekleme alanında Mal/Hizmet başlığına Otomasyon girilir

2021-11-18 12:08:21 - [MESSAGE][PASSED] - Ürün ekleme alanında Mal/Hizmet başlığına Otomasyon girilir

2021-11-18 12:08:21 - [TEST_STEP][PASSED] - Ürün ekleme alanında Açıklaması başlığına Virgosol girilir: Ürün ekleme alanında Açıklaması başlığına Virgosol girilir

2021-11-18 12:08:21 - [MESSAGE][PASSED] - Ürün ekleme alanında Açıklaması başlığına Virgosol girilir

2021-11-18 12:08:21 - [TEST_STEP][PASSED] - Ürün ekleme alanında Miktarı başlığına 400 girilir: Ürün ekleme alanında Miktarı başlığına 400 girilir

2021-11-18 12:08:21 - [MESSAGE][PASSED] - Ürün ekleme alanında Miktarı başlığına 400 girilir

2021-11-18 12:08:21 - [TEST_STEP][PASSED] - Ürün ekleme alanında Birim Fiyat başlığına 100 girilir: Ürün ekleme alanında Birim Fiyat başlığına 100 girilir

2021-11-18 12:08:21 - [MESSAGE][PASSED] - Ürün ekleme alanında Birim Fiyat başlığına 100 girilir

2021-11-18 12:08:21 - [TEST_STEP][PASSED] - Ürün ekleme alanında İskonto Oranı % başlığına 10 girilir: Ürün ekleme alanında İskonto Oranı % başlığına 10 girilir

2021-11-18 12:08:21 - [MESSAGE][PASSED] - Ürün ekleme alanında İskonto Oranı % başlığına 10 girilir

2021-11-18 12:08:21 - [TEST_STEP][PASSED] - Notlar alanına Otomasyon Not girilir: Notlar alanına Otomasyon Not girilir

2021-11-18 12:08:21 - [MESSAGE][PASSED] - Notlar alanına Otomasyon Not girilir

2021-11-18 12:08:21 - [TEST_STEP][PASSED] - Ettn bilgisi kayıt edilir: Ettn bilgisi kayıt edilir

2021-11-18 12:08:21 - [MESSAGE][PASSED] - Ettn bilgisi kayıt edilir

2021-11-18 12:08:21 - [TEST_STEP][PASSED] - Kaydet butonu seçilir: Kaydet butonu seçilir

2021-11-18 12:08:21 - [MESSAGE][PASSED] - Kaydet butonu seçilir

2021-11-18 12:08:21 - [TEST_STEP][PASSED] - Tabloda Ettn bilgisi kaydedilen veri oluşturuldu mu: Tabloda Ettn bilgisi kaydedilen veri oluşturuldu mu

2021-11-18 12:08:21 - [MESSAGE][PASSED] - Tabloda Ettn bilgisi kaydedilen veri oluşturuldu mu

2021-11-18 12:08:21 - [TEST_STEP][PASSED] - Tablodan Ettn bilgisi kaydedilen veri seçilir: Tablodan Ettn bilgisi kaydedilen veri seçilir

2021-11-18 12:08:21 - [MESSAGE][PASSED] - Tablodan Ettn bilgisi kaydedilen veri seçilir

2021-11-18 12:08:21 - [TEST_STEP][PASSED] - Butonlardan Numara Oluştur isimli butona tıklanır: Butonlardan Numara Oluştur isimli butona tıklanır

2021-11-18 12:08:21 - [MESSAGE][PASSED] - Butonlardan Numara Oluştur isimli butona tıklanır

2021-11-18 12:08:21 - [TEST_STEP][PASSED] - Popup mesajı Devam etmek istiyor musunuz içeriyor mu: Popup mesajı Devam etmek istiyor musunuz içeriyor mu

2021-11-18 12:08:21 - [MESSAGE][PASSED] - Popup mesajı Devam etmek istiyor musunuz içeriyor mu

2021-11-18 12:08:21 - [TEST_STEP][PASSED] - Yönetim popupında Evet seçilir: Yönetim popupında Evet seçilir

2021-11-18 12:08:21 - [MESSAGE][PASSED] - Yönetim popupında Evet seçilir

2021-11-18 12:08:21 - [TEST_STEP][PASSED] - Popup mesajı oluşmuştur içeriyor mu: Popup mesajı oluşmuştur içeriyor mu

2021-11-18 12:08:21 - [MESSAGE][PASSED] - Popup mesajı oluşmuştur içeriyor mu

2021-11-18 12:08:21 - [TEST_STEP][PASSED] - Yönetim popupında Tamam seçilir: Yönetim popupında Tamam seçilir

2021-11-18 12:08:21 - [MESSAGE][PASSED] - Yönetim popupında Tamam seçilir

2021-11-18 12:08:21 - [TEST_STEP][PASSED] - Tablodan Ettn bilgisi kaydedilen veri seçilir: Tablodan Ettn bilgisi kaydedilen veri seçilir

2021-11-18 12:08:21 - [MESSAGE][PASSED] - Tablodan Ettn bilgisi kaydedilen veri seçilir

2021-11-18 12:08:21 - [TEST_STEP][PASSED] - Butonlardan Gönder isimli butona tıklanır: Butonlardan Gönder isimli butona tıklanır

2021-11-18 12:08:21 - [MESSAGE][PASSED] - Butonlardan Gönder isimli butona tıklanır

2021-11-18 12:08:21 - [TEST_STEP][PASSED] - Popup mesajı Devam etmek istiyor musunuz içeriyor mu: Popup mesajı Devam etmek istiyor musunuz içeriyor mu

2021-11-18 12:08:21 - [MESSAGE][PASSED] - Popup mesajı Devam etmek istiyor musunuz içeriyor mu

2021-11-18 12:08:21 - [TEST_STEP][PASSED] - Yönetim popupında Evet seçilir: Yönetim popupında Evet seçilir

2021-11-18 12:08:21 - [MESSAGE][PASSED] - Yönetim popupında Evet seçilir

2021-11-18 12:08:21 - [TEST_STEP][PASSED] - Ana menüden e-Arşiv seçilir: Ana menüden e-Arşiv seçilir

2021-11-18 12:08:21 - [MESSAGE][PASSED] - Ana menüden e-Arşiv seçilir

2021-11-18 12:08:21 - [TEST_STEP][PASSED] - Alt menü e-Arşiv Hareketleri başlığı altındaki e-Arşiv Faturaları seçilir: Alt menü e-Arşiv Hareketleri başlığı altındaki e-Arşiv Faturaları seçilir

2021-11-18 12:08:21 - [MESSAGE][PASSED] - Alt menü e-Arşiv Hareketleri başlığı altındaki e-Arşiv Faturaları seçilir

2021-11-18 12:08:21 - [TEST_STEP][PASSED] - Filtrelerden Ettn filtresine Ettn bilgisi yaz: Filtrelerden Ettn filtresine Ettn bilgisi yaz

2021-11-18 12:08:21 - [MESSAGE][PASSED] - Filtrelerden Ettn filtresine Ettn bilgisi yaz

2021-11-18 12:08:21 - [TEST_STEP][PASSED] - Filtre butonlarından Listele seçilir: Filtre butonlarından Listele seçilir

2021-11-18 12:08:21 - [MESSAGE][PASSED] - Filtre butonlarından Listele seçilir

2021-11-18 12:08:21 - [TEST_STEP][PASSED] - Tabloda veri var mı kontrol edilir: Tabloda veri var mı kontrol edilir

2021-11-18 12:08:21 - [MESSAGE][PASSED] - Tabloda veri var mı kontrol edilir

2021-11-18 12:08:21 - [TEST_STEP][PASSED] - Tabloda yeni oluşturulan eArsiv verisi başarılı mı: Tabloda yeni oluşturulan eArsiv verisi başarılı mı

2021-11-18 12:08:21 - [MESSAGE][PASSED] - Tabloda yeni oluşturulan eArsiv verisi başarılı mı

2021-11-18 12:08:21 - [TEST_STEP][PASSED] - Kullanıcı işlemlerinden Çıkış seçilir: Kullanıcı işlemlerinden Çıkış seçilir

2021-11-18 12:08:21 - [MESSAGE][PASSED] - Kullanıcı işlemlerinden Çıkış seçilir

2021-11-18 12:08:21 - [MESSAGE][PASSED] - Feature file: 'Include/features/Regresyon/e-Arsiv/VKN-Elektronik-Satis.feature' was passed

2021-11-18 12:08:21 - [TEST_STEP][PASSED] - Start listener action : sampleAfterTestSuite: Invoke 'com.kms.katalon.core.annotation.AfterTestCase' method: 'Listener.sampleAfterTestSuite(...)' completed.

2021-11-18 12:08:21 - [MESSAGE][INFO] - Starting invoke 'com.kms.katalon.core.annotation.AfterTestCase' method: 'Listener.sampleAfterTestSuite(...)'

2021-11-18 12:08:21 - [TEST_STEP][PASSED] - closeBrowser(): Invoke 'com.kms.katalon.core.annotation.AfterTestCase' method: 'Listener.sampleAfterTestSuite(...)' completed.

2021-11-18 12:08:21 - [MESSAGE][INFO] - Closing browser

2021-11-18 12:08:21 - [MESSAGE][PASSED] - Browser is closed

2021-11-18 12:08:21 - [MESSAGE][INFO] - Invoke 'com.kms.katalon.core.annotation.AfterTestCase' method: 'Listener.sampleAfterTestSuite(...)' completed.]]></system-out>
         <system-err><![CDATA[]]></system-err>
      </testcase>
      <testcase name="Test Cases/Case Repository/Regresyon/e-Arsiv/VKN-Elektronik-Tevkifat" time="111.98" classname="Test Cases/Case Repository/Regresyon/e-Arsiv/VKN-Elektronik-Tevkifat" status="PASSED">
         <system-out><![CDATA[2021-11-18 12:08:21 - [TEST_CASE][PASSED] - Test Cases/Case Repository/Regresyon/e-Arsiv/VKN-Elektronik-Tevkifat: Test Cases/Case Repository/Regresyon/e-Arsiv/VKN-Elektronik-Tevkifat

2021-11-18 12:08:21 - [TEST_STEP][PASSED] - Start listener action : sampleBeforeTestSuite: Invoke 'com.kms.katalon.core.annotation.BeforeTestCase' method: 'Listener.sampleBeforeTestSuite(...)' completed.

2021-11-18 12:08:21 - [MESSAGE][INFO] - Starting invoke 'com.kms.katalon.core.annotation.BeforeTestCase' method: 'Listener.sampleBeforeTestSuite(...)'

2021-11-18 12:08:21 - [TEST_STEP][PASSED] - openBrowser(baseUrl): Browser is opened with url: 'https://efatura-stage.elogo.com.tr/'

2021-11-18 12:08:21 - [MESSAGE][INFO] - Opening browser

2021-11-18 12:08:21 - [MESSAGE][INFO] - Starting 'Chrome' driver

2021-11-18 12:08:21 - [MESSAGE][INFO] - User set preference: ['prefs', '{download.default_directory=C:\otomasyondownfiles}']

2021-11-18 12:08:21 - [MESSAGE][INFO] - Action delay is set to 0 milliseconds

2021-11-18 12:08:23 - [MESSAGE][INFO] - Navigating browser to: 'https://efatura-stage.elogo.com.tr/'

2021-11-18 12:08:26 - [MESSAGE][PASSED] - Browser is opened with url: 'https://efatura-stage.elogo.com.tr/'

2021-11-18 12:08:26 - [TEST_STEP][PASSED] - maximizeWindow(): Invoke 'com.kms.katalon.core.annotation.BeforeTestCase' method: 'Listener.sampleBeforeTestSuite(...)' completed.

2021-11-18 12:08:26 - [MESSAGE][INFO] - Maximizing current window

2021-11-18 12:08:26 - [MESSAGE][PASSED] - Current window maximized

2021-11-18 12:08:26 - [MESSAGE][INFO] - Invoke 'com.kms.katalon.core.annotation.BeforeTestCase' method: 'Listener.sampleBeforeTestSuite(...)' completed.

2021-11-18 12:08:27 - [TEST_STEP][PASSED] - runFeatureFile("Include/features/Regresyon/e-Arsiv/VKN-Elektronik-Tevkifat.feature"): Feature file: 'Include/features/Regresyon/e-Arsiv/VKN-Elektronik-Tevkifat.feature' was passed

2021-11-18 12:08:27 - [MESSAGE][INFO] - Starting run keyword runFeatureFile: 'Include/features/Regresyon/e-Arsiv/VKN-Elektronik-Tevkifat.feature' and extract report to folder: 'C:\Users\DELL\Documents\GitHub\EES_KatalonLogo\Reports\20211118_114904\Suite Repository\Regresyon-eArsiv-eMakbuz\20211118_114904/cucumber_report/1637226507322'...

2021-11-18 12:08:27 - [MESSAGE][INFO] - Glue: []

2021-11-18 12:08:28 - [MESSAGE][INFO] - Checking called Test Case

2021-11-18 12:08:28 - [MESSAGE][INFO] - Starting to call Test Case 'Test Cases/Sayfalar/Giris_Sayfasi/Login'

2021-11-18 12:08:28 - [TEST_CASE][PASSED] - Test Cases/Sayfalar/Giris_Sayfasi/Login: Test Cases/Sayfalar/Giris_Sayfasi/Login

2021-11-18 12:08:28 - [TEST_STEP][PASSED] - Sayfa_Basligi = getWindowTitle(): Current window's title is: 'LOGO e-Fatura'

2021-11-18 12:08:28 - [MESSAGE][INFO] - Getting current window's title

2021-11-18 12:08:28 - [MESSAGE][PASSED] - Current window's title is: 'LOGO e-Fatura'

2021-11-18 12:08:28 - [TEST_STEP][PASSED] - verifyMatch(Sayfa_Basligi, "LOGO e-Fatura", false): Actual text 'LOGO e-Fatura' and expected text 'LOGO e-Fatura' are matched 

2021-11-18 12:08:28 - [MESSAGE][INFO] - Matching actual text 'LOGO e-Fatura' with expected text 'LOGO e-Fatura'

2021-11-18 12:08:28 - [MESSAGE][PASSED] - Actual text 'LOGO e-Fatura' and expected text 'LOGO e-Fatura' are matched 

2021-11-18 12:08:28 - [TEST_STEP][PASSED] - sendKeys(findTestObject("Sayfalar/Giris_Sayfasi/Firma_Kodu"), KullaniciAdi): Keys 'EARTEVKIFAT' sent to object: 'Object Repository/Sayfalar/Giris_Sayfasi/Firma_Kodu'

2021-11-18 12:08:28 - [MESSAGE][INFO] - Finding Test Object 'Object Repository/Sayfalar/Giris_Sayfasi/Firma_Kodu'

2021-11-18 12:08:28 - [MESSAGE][INFO] - Sending keys 'EARTEVKIFAT' to object: 'Object Repository/Sayfalar/Giris_Sayfasi/Firma_Kodu'

2021-11-18 12:08:28 - [MESSAGE][INFO] - Finding web element from Test Object's properties

2021-11-18 12:08:28 - [MESSAGE][INFO] - Checking timeout

2021-11-18 12:08:28 - [MESSAGE][INFO] - Finding web element with id: 'Object Repository/Sayfalar/Giris_Sayfasi/Firma_Kodu' located by 'By.xpath: //*[@id = 'AccountName']' in '30' second(s)

2021-11-18 12:08:28 - [MESSAGE][INFO] - Smart Wait Function is triggered

2021-11-18 12:08:28 - [MESSAGE][INFO] - Found 1 web elements with id: 'Object Repository/Sayfalar/Giris_Sayfasi/Firma_Kodu' located by 'By.xpath: //*[@id = 'AccountName']' in '30' second(s)

2021-11-18 12:08:28 - [MESSAGE][PASSED] - Keys 'EARTEVKIFAT' sent to object: 'Object Repository/Sayfalar/Giris_Sayfasi/Firma_Kodu'

2021-11-18 12:08:28 - [TEST_STEP][PASSED] - sendKeys(findTestObject("Sayfalar/Giris_Sayfasi/Sifre"), Sifre): Keys 'test1234' sent to object: 'Object Repository/Sayfalar/Giris_Sayfasi/Sifre'

2021-11-18 12:08:28 - [MESSAGE][INFO] - Finding Test Object 'Object Repository/Sayfalar/Giris_Sayfasi/Sifre'

2021-11-18 12:08:29 - [MESSAGE][INFO] - Sending keys 'test1234' to object: 'Object Repository/Sayfalar/Giris_Sayfasi/Sifre'

2021-11-18 12:08:29 - [MESSAGE][INFO] - Finding web element from Test Object's properties

2021-11-18 12:08:29 - [MESSAGE][INFO] - Checking timeout

2021-11-18 12:08:29 - [MESSAGE][INFO] - Finding web element with id: 'Object Repository/Sayfalar/Giris_Sayfasi/Sifre' located by 'By.xpath: //*[@id = 'Password']' in '30' second(s)

2021-11-18 12:08:29 - [MESSAGE][INFO] - Smart Wait Function is triggered

2021-11-18 12:08:29 - [MESSAGE][INFO] - Found 1 web elements with id: 'Object Repository/Sayfalar/Giris_Sayfasi/Sifre' located by 'By.xpath: //*[@id = 'Password']' in '30' second(s)

2021-11-18 12:08:29 - [MESSAGE][PASSED] - Keys 'test1234' sent to object: 'Object Repository/Sayfalar/Giris_Sayfasi/Sifre'

2021-11-18 12:08:29 - [TEST_STEP][PASSED] - findWebElement(findTestObject("Sayfalar/Giris_Sayfasi/Giris_Butonu")).click(): Found 1 web elements with id: 'Object Repository/Sayfalar/Giris_Sayfasi/Giris_Butonu' located by 'By.cssSelector: #btnLogin' in '30' second(s)

2021-11-18 12:08:29 - [MESSAGE][INFO] - Finding Test Object 'Object Repository/Sayfalar/Giris_Sayfasi/Giris_Butonu'

2021-11-18 12:08:29 - [MESSAGE][INFO] - Finding web element from Test Object's properties

2021-11-18 12:08:29 - [MESSAGE][INFO] - Checking timeout

2021-11-18 12:08:29 - [MESSAGE][INFO] - Finding web element with id: 'Object Repository/Sayfalar/Giris_Sayfasi/Giris_Butonu' located by 'By.cssSelector: #btnLogin' in '30' second(s)

2021-11-18 12:08:29 - [MESSAGE][INFO] - Smart Wait Function is triggered

2021-11-18 12:08:29 - [MESSAGE][INFO] - Found 1 web elements with id: 'Object Repository/Sayfalar/Giris_Sayfasi/Giris_Butonu' located by 'By.cssSelector: #btnLogin' in '30' second(s)

2021-11-18 12:08:31 - [TEST_STEP][PASSED] - if (verifyElementPresent(findTestObject("Object Repository/Sayfalar/Giris_Sayfasi/RetveTamam_Butonu"), 5, OPTIONAL)): null

2021-11-18 12:08:31 - [MESSAGE][INFO] - Finding Test Object 'Object Repository/Sayfalar/Giris_Sayfasi/RetveTamam_Butonu'

2021-11-18 12:08:31 - [MESSAGE][INFO] - Checking object

2021-11-18 12:08:31 - [MESSAGE][INFO] - Finding web element from Test Object's properties

2021-11-18 12:08:31 - [MESSAGE][INFO] - Checking timeout

2021-11-18 12:08:31 - [MESSAGE][INFO] - Finding web element with id: 'Object Repository/Sayfalar/Giris_Sayfasi/RetveTamam_Butonu' located by 'By.xpath: //*[@class = 'btn btn-default']' in '5' second(s)

2021-11-18 12:08:31 - [MESSAGE][INFO] - Smart Wait Function is triggered

2021-11-18 12:08:31 - [MESSAGE][INFO] - Found 1 web elements with id: 'Object Repository/Sayfalar/Giris_Sayfasi/RetveTamam_Butonu' located by 'By.xpath: //*[@class = 'btn btn-default']' in '5' second(s)

2021-11-18 12:08:31 - [MESSAGE][PASSED] - Object 'Object Repository/Sayfalar/Giris_Sayfasi/RetveTamam_Butonu' is present

2021-11-18 12:08:31 - [TEST_STEP][PASSED] - click(findTestObject("Object Repository/Sayfalar/Giris_Sayfasi/RetveTamam_Butonu")): Object: 'Object Repository/Sayfalar/Giris_Sayfasi/RetveTamam_Butonu' is clicked on

2021-11-18 12:08:31 - [MESSAGE][INFO] - Finding Test Object 'Object Repository/Sayfalar/Giris_Sayfasi/RetveTamam_Butonu'

2021-11-18 12:08:31 - [MESSAGE][INFO] - Checking object

2021-11-18 12:08:31 - [MESSAGE][INFO] - Finding web element from Test Object's properties

2021-11-18 12:08:31 - [MESSAGE][INFO] - Checking timeout

2021-11-18 12:08:31 - [MESSAGE][INFO] - Finding web element with id: 'Object Repository/Sayfalar/Giris_Sayfasi/RetveTamam_Butonu' located by 'By.xpath: //*[@class = 'btn btn-default']' in '30' second(s)

2021-11-18 12:08:31 - [MESSAGE][INFO] - Smart Wait Function is triggered

2021-11-18 12:08:31 - [MESSAGE][INFO] - Found 1 web elements with id: 'Object Repository/Sayfalar/Giris_Sayfasi/RetveTamam_Butonu' located by 'By.xpath: //*[@class = 'btn btn-default']' in '30' second(s)

2021-11-18 12:08:31 - [MESSAGE][INFO] - Clicking on object: 'Object Repository/Sayfalar/Giris_Sayfasi/RetveTamam_Butonu'

2021-11-18 12:08:31 - [MESSAGE][PASSED] - Object: 'Object Repository/Sayfalar/Giris_Sayfasi/RetveTamam_Butonu' is clicked on

2021-11-18 12:08:31 - [TEST_STEP][PASSED] - click(findTestObject("Object Repository/Sayfalar/Giris_Sayfasi/RetveTamam_Butonu")): Object: 'Object Repository/Sayfalar/Giris_Sayfasi/RetveTamam_Butonu' is clicked on

2021-11-18 12:08:31 - [MESSAGE][INFO] - Finding Test Object 'Object Repository/Sayfalar/Giris_Sayfasi/RetveTamam_Butonu'

2021-11-18 12:08:31 - [MESSAGE][INFO] - Checking object

2021-11-18 12:08:31 - [MESSAGE][INFO] - Finding web element from Test Object's properties

2021-11-18 12:08:31 - [MESSAGE][INFO] - Checking timeout

2021-11-18 12:08:31 - [MESSAGE][INFO] - Finding web element with id: 'Object Repository/Sayfalar/Giris_Sayfasi/RetveTamam_Butonu' located by 'By.xpath: //*[@class = 'btn btn-default']' in '30' second(s)

2021-11-18 12:08:31 - [MESSAGE][INFO] - Smart Wait Function is triggered

2021-11-18 12:08:36 - [MESSAGE][INFO] - Found 1 web elements with id: 'Object Repository/Sayfalar/Giris_Sayfasi/RetveTamam_Butonu' located by 'By.xpath: //*[@class = 'btn btn-default']' in '30' second(s)

2021-11-18 12:08:36 - [MESSAGE][INFO] - Clicking on object: 'Object Repository/Sayfalar/Giris_Sayfasi/RetveTamam_Butonu'

2021-11-18 12:08:36 - [MESSAGE][PASSED] - Object: 'Object Repository/Sayfalar/Giris_Sayfasi/RetveTamam_Butonu' is clicked on

2021-11-18 12:08:36 - [TEST_STEP][PASSED] - if (verifyElementPresent(findTestObject("Sayfalar/Giris_Sayfasi/PopupOK"), 5, OPTIONAL)): com.kms.katalon.core.webui.exception.WebElementNotFoundException: Web element with id: 'Object Repository/Sayfalar/Giris_Sayfasi/PopupOK' located by '.btn.btn-success' not found (Root cause: com.kms.katalon.core.exception.StepFailedException: com.kms.katalon.core.webui.exception.WebElementNotFoundException: Web element with id: 'Object Repository/Sayfalar/Giris_Sayfasi/PopupOK' located by '.btn.btn-success' not found
	at com.kms.katalon.core.webui.keyword.internal.WebUIKeywordMain.stepFailed(WebUIKeywordMain.groovy:64)
	at com.kms.katalon.core.webui.keyword.builtin.VerifyElementPresentKeyword$_verifyElementPresent_closure1.doCall(VerifyElementPresentKeyword.groovy:85)
	at com.kms.katalon.core.webui.keyword.builtin.VerifyElementPresentKeyword$_verifyElementPresent_closure1.call(VerifyElementPresentKeyword.groovy)
	at com.kms.katalon.core.webui.keyword.internal.WebUIKeywordMain.runKeyword(WebUIKeywordMain.groovy:20)
	at com.kms.katalon.core.webui.keyword.builtin.VerifyElementPresentKeyword.verifyElementPresent(VerifyElementPresentKeyword.groovy:92)
	at com.kms.katalon.core.webui.keyword.builtin.VerifyElementPresentKeyword.execute(VerifyElementPresentKeyword.groovy:68)
	at com.kms.katalon.core.keyword.internal.KeywordExecutor.executeKeywordForPlatform(KeywordExecutor.groovy:73)
	at com.kms.katalon.core.webui.keyword.WebUiBuiltInKeywords.verifyElementPresent(WebUiBuiltInKeywords.groovy:1448)
	at com.kms.katalon.core.webui.keyword.WebUiBuiltInKeywords$verifyElementPresent$4.call(Unknown Source)
	at Login.run(Login:40)
	at com.kms.katalon.core.main.ScriptEngine.run(ScriptEngine.java:194)
	at com.kms.katalon.core.main.ScriptEngine.runScriptAsRawText(ScriptEngine.java:119)
	at com.kms.katalon.core.main.TestCaseExecutor.runScript(TestCaseExecutor.java:369)
	at com.kms.katalon.core.main.TestCaseExecutor.doExecute(TestCaseExecutor.java:360)
	at com.kms.katalon.core.main.TestCaseExecutor.processExecutionPhase(TestCaseExecutor.java:339)
	at com.kms.katalon.core.main.TestCaseExecutor.accessMainPhase(TestCaseExecutor.java:331)
	at com.kms.katalon.core.main.TestCaseExecutor.execute(TestCaseExecutor.java:248)
	at com.kms.katalon.core.main.TestCaseMain.runTestCase(TestCaseMain.java:138)
	at com.kms.katalon.core.keyword.builtin.CallTestCaseKeyword$_callTestCase_closure1.doCall(CallTestCaseKeyword.groovy:59)
	at com.kms.katalon.core.keyword.builtin.CallTestCaseKeyword$_callTestCase_closure1.call(CallTestCaseKeyword.groovy)
	at com.kms.katalon.core.keyword.internal.KeywordMain.runKeyword(KeywordMain.groovy:68)
	at com.kms.katalon.core.keyword.builtin.CallTestCaseKeyword.callTestCase(CallTestCaseKeyword.groovy:81)
	at com.kms.katalon.core.keyword.builtin.CallTestCaseKeyword.execute(CallTestCaseKeyword.groovy:44)
	at com.kms.katalon.core.keyword.internal.KeywordExecutor.executeKeywordForPlatform(KeywordExecutor.groovy:73)
	at com.kms.katalon.core.keyword.BuiltinKeywords.callTestCase(BuiltinKeywords.groovy:334)
	at sayfalar.girisSayfasi.login(girisSayfasi.groovy:50)
	at cucumber.runtime.Utils$1.call(Utils.java:26)
	at cucumber.runtime.Timeout.timeout(Timeout.java:16)
	at cucumber.runtime.Utils.invoke(Utils.java:20)
	at cucumber.runtime.java.JavaStepDefinition.execute(JavaStepDefinition.java:49)
	at cucumber.runner.PickleStepDefinitionMatch.runStep(PickleStepDefinitionMatch.java:50)
	at cucumber.runner.TestStep.executeStep(TestStep.java:63)
	at cucumber.runner.TestStep.run(TestStep.java:49)
	at cucumber.runner.PickleStepTestStep.run(PickleStepTestStep.java:43)
	at cucumber.runner.TestCase.run(TestCase.java:44)
	at cucumber.runner.Runner.runPickle(Runner.java:40)
	at cucumber.runtime.Runtime$1.run(Runtime.java:84)
	at cucumber.runtime.Runtime$SameThreadExecutorService.execute(Runtime.java:220)
	at cucumber.runtime.Runtime.run(Runtime.java:81)
	at cucumber.api.cli.Main.run(Main.java:26)
	at cucumber.api.cli.Main$run.call(Unknown Source)
	at com.kms.katalon.core.cucumber.keyword.CucumberBuiltinKeywords$_runFeatureFile_closure1.doCall(CucumberBuiltinKeywords.groovy:106)
	at com.kms.katalon.core.cucumber.keyword.CucumberBuiltinKeywords$_runFeatureFile_closure1.doCall(CucumberBuiltinKeywords.groovy)
	at com.kms.katalon.core.keyword.internal.KeywordMain.runKeyword(KeywordMain.groovy:68)
	at com.kms.katalon.core.keyword.internal.KeywordMain$runKeyword.call(Unknown Source)
	at com.kms.katalon.core.cucumber.keyword.CucumberBuiltinKeywords.runFeatureFile(CucumberBuiltinKeywords.groovy:73)
	at com.kms.katalon.core.cucumber.keyword.CucumberBuiltinKeywords$runFeatureFile$0.callStatic(Unknown Source)
	at com.kms.katalon.core.cucumber.keyword.CucumberBuiltinKeywords.runFeatureFile(CucumberBuiltinKeywords.groovy:246)
	at com.kms.katalon.core.cucumber.keyword.CucumberBuiltinKeywords$runFeatureFile.call(Unknown Source)
	at VKN-Elektronik-Tevkifat.run(VKN-Elektronik-Tevkifat:19)
	at com.kms.katalon.core.main.ScriptEngine.run(ScriptEngine.java:194)
	at com.kms.katalon.core.main.ScriptEngine.runScriptAsRawText(ScriptEngine.java:119)
	at com.kms.katalon.core.main.TestCaseExecutor.runScript(TestCaseExecutor.java:369)
	at com.kms.katalon.core.main.TestCaseExecutor.doExecute(TestCaseExecutor.java:360)
	at com.kms.katalon.core.main.TestCaseExecutor.processExecutionPhase(TestCaseExecutor.java:339)
	at com.kms.katalon.core.main.TestCaseExecutor.accessMainPhase(TestCaseExecutor.java:331)
	at com.kms.katalon.core.main.TestCaseExecutor.execute(TestCaseExecutor.java:248)
	at com.kms.katalon.core.main.TestSuiteExecutor.accessTestCaseMainPhase(TestSuiteExecutor.java:191)
	at com.kms.katalon.core.main.TestSuiteExecutor.accessTestSuiteMainPhase(TestSuiteExecutor.java:140)
	at com.kms.katalon.core.main.TestSuiteExecutor.execute(TestSuiteExecutor.java:89)
	at com.kms.katalon.core.main.TestCaseMain.startTestSuite(TestCaseMain.java:181)
	at com.kms.katalon.core.main.TestCaseMain$startTestSuite$0.call(Unknown Source)
	at TempTestSuite1637225344330.run(TempTestSuite1637225344330.groovy:39)
)

2021-11-18 12:08:36 - [MESSAGE][INFO] - Finding Test Object 'Object Repository/Sayfalar/Giris_Sayfasi/PopupOK'

2021-11-18 12:08:36 - [MESSAGE][INFO] - Checking object

2021-11-18 12:08:36 - [MESSAGE][INFO] - Finding web element from Test Object's properties

2021-11-18 12:08:36 - [MESSAGE][INFO] - Checking timeout

2021-11-18 12:08:36 - [MESSAGE][INFO] - Finding web element with id: 'Object Repository/Sayfalar/Giris_Sayfasi/PopupOK' located by 'By.cssSelector: .btn.btn-success' in '5' second(s)

2021-11-18 12:08:36 - [MESSAGE][INFO] - Smart Wait Function is triggered

2021-11-18 12:08:36 - [MESSAGE][INFO] - Smart Wait Function is triggered

2021-11-18 12:08:36 - [MESSAGE][INFO] - Smart Wait Function is triggered

2021-11-18 12:08:37 - [MESSAGE][INFO] - Smart Wait Function is triggered

2021-11-18 12:08:37 - [MESSAGE][INFO] - Smart Wait Function is triggered

2021-11-18 12:08:37 - [MESSAGE][INFO] - Smart Wait Function is triggered

2021-11-18 12:08:37 - [MESSAGE][INFO] - Smart Wait Function is triggered

2021-11-18 12:08:38 - [MESSAGE][INFO] - Smart Wait Function is triggered

2021-11-18 12:08:38 - [MESSAGE][INFO] - Smart Wait Function is triggered

2021-11-18 12:08:38 - [MESSAGE][INFO] - Smart Wait Function is triggered

2021-11-18 12:08:39 - [MESSAGE][INFO] - Smart Wait Function is triggered

2021-11-18 12:08:39 - [MESSAGE][INFO] - Smart Wait Function is triggered

2021-11-18 12:08:39 - [MESSAGE][INFO] - Smart Wait Function is triggered

2021-11-18 12:08:39 - [MESSAGE][INFO] - Smart Wait Function is triggered

2021-11-18 12:08:40 - [MESSAGE][INFO] - Smart Wait Function is triggered

2021-11-18 12:08:40 - [MESSAGE][INFO] - Smart Wait Function is triggered

2021-11-18 12:08:40 - [MESSAGE][INFO] - Smart Wait Function is triggered

2021-11-18 12:08:40 - [MESSAGE][INFO] - Smart Wait Function is triggered

2021-11-18 12:08:41 - [MESSAGE][INFO] - Smart Wait Function is triggered

2021-11-18 12:08:41 - [MESSAGE][INFO] - Smart Wait Function is triggered

2021-11-18 12:08:41 - [MESSAGE][INFO] - Smart Wait Function is triggered

2021-11-18 12:08:41 - [MESSAGE][INFO] - Smart Wait Function is triggered

2021-11-18 12:08:42 - [MESSAGE][INFO] - Unable to find the element located by 'By.cssSelector: .btn.btn-success'. Please recheck the objects properties to make sure the desired element is located. 

2021-11-18 12:08:42 - [MESSAGE][WARNING] - com.kms.katalon.core.webui.exception.WebElementNotFoundException: Web element with id: 'Object Repository/Sayfalar/Giris_Sayfasi/PopupOK' located by '.btn.btn-success' not found (Root cause: com.kms.katalon.core.exception.StepFailedException: com.kms.katalon.core.webui.exception.WebElementNotFoundException: Web element with id: 'Object Repository/Sayfalar/Giris_Sayfasi/PopupOK' located by '.btn.btn-success' not found
	at com.kms.katalon.core.webui.keyword.internal.WebUIKeywordMain.stepFailed(WebUIKeywordMain.groovy:64)
	at com.kms.katalon.core.webui.keyword.builtin.VerifyElementPresentKeyword$_verifyElementPresent_closure1.doCall(VerifyElementPresentKeyword.groovy:85)
	at com.kms.katalon.core.webui.keyword.builtin.VerifyElementPresentKeyword$_verifyElementPresent_closure1.call(VerifyElementPresentKeyword.groovy)
	at com.kms.katalon.core.webui.keyword.internal.WebUIKeywordMain.runKeyword(WebUIKeywordMain.groovy:20)
	at com.kms.katalon.core.webui.keyword.builtin.VerifyElementPresentKeyword.verifyElementPresent(VerifyElementPresentKeyword.groovy:92)
	at com.kms.katalon.core.webui.keyword.builtin.VerifyElementPresentKeyword.execute(VerifyElementPresentKeyword.groovy:68)
	at com.kms.katalon.core.keyword.internal.KeywordExecutor.executeKeywordForPlatform(KeywordExecutor.groovy:73)
	at com.kms.katalon.core.webui.keyword.WebUiBuiltInKeywords.verifyElementPresent(WebUiBuiltInKeywords.groovy:1448)
	at com.kms.katalon.core.webui.keyword.WebUiBuiltInKeywords$verifyElementPresent$4.call(Unknown Source)
	at Login.run(Login:40)
	at com.kms.katalon.core.main.ScriptEngine.run(ScriptEngine.java:194)
	at com.kms.katalon.core.main.ScriptEngine.runScriptAsRawText(ScriptEngine.java:119)
	at com.kms.katalon.core.main.TestCaseExecutor.runScript(TestCaseExecutor.java:369)
	at com.kms.katalon.core.main.TestCaseExecutor.doExecute(TestCaseExecutor.java:360)
	at com.kms.katalon.core.main.TestCaseExecutor.processExecutionPhase(TestCaseExecutor.java:339)
	at com.kms.katalon.core.main.TestCaseExecutor.accessMainPhase(TestCaseExecutor.java:331)
	at com.kms.katalon.core.main.TestCaseExecutor.execute(TestCaseExecutor.java:248)
	at com.kms.katalon.core.main.TestCaseMain.runTestCase(TestCaseMain.java:138)
	at com.kms.katalon.core.keyword.builtin.CallTestCaseKeyword$_callTestCase_closure1.doCall(CallTestCaseKeyword.groovy:59)
	at com.kms.katalon.core.keyword.builtin.CallTestCaseKeyword$_callTestCase_closure1.call(CallTestCaseKeyword.groovy)
	at com.kms.katalon.core.keyword.internal.KeywordMain.runKeyword(KeywordMain.groovy:68)
	at com.kms.katalon.core.keyword.builtin.CallTestCaseKeyword.callTestCase(CallTestCaseKeyword.groovy:81)
	at com.kms.katalon.core.keyword.builtin.CallTestCaseKeyword.execute(CallTestCaseKeyword.groovy:44)
	at com.kms.katalon.core.keyword.internal.KeywordExecutor.executeKeywordForPlatform(KeywordExecutor.groovy:73)
	at com.kms.katalon.core.keyword.BuiltinKeywords.callTestCase(BuiltinKeywords.groovy:334)
	at sayfalar.girisSayfasi.login(girisSayfasi.groovy:50)
	at cucumber.runtime.Utils$1.call(Utils.java:26)
	at cucumber.runtime.Timeout.timeout(Timeout.java:16)
	at cucumber.runtime.Utils.invoke(Utils.java:20)
	at cucumber.runtime.java.JavaStepDefinition.execute(JavaStepDefinition.java:49)
	at cucumber.runner.PickleStepDefinitionMatch.runStep(PickleStepDefinitionMatch.java:50)
	at cucumber.runner.TestStep.executeStep(TestStep.java:63)
	at cucumber.runner.TestStep.run(TestStep.java:49)
	at cucumber.runner.PickleStepTestStep.run(PickleStepTestStep.java:43)
	at cucumber.runner.TestCase.run(TestCase.java:44)
	at cucumber.runner.Runner.runPickle(Runner.java:40)
	at cucumber.runtime.Runtime$1.run(Runtime.java:84)
	at cucumber.runtime.Runtime$SameThreadExecutorService.execute(Runtime.java:220)
	at cucumber.runtime.Runtime.run(Runtime.java:81)
	at cucumber.api.cli.Main.run(Main.java:26)
	at cucumber.api.cli.Main$run.call(Unknown Source)
	at com.kms.katalon.core.cucumber.keyword.CucumberBuiltinKeywords$_runFeatureFile_closure1.doCall(CucumberBuiltinKeywords.groovy:106)
	at com.kms.katalon.core.cucumber.keyword.CucumberBuiltinKeywords$_runFeatureFile_closure1.doCall(CucumberBuiltinKeywords.groovy)
	at com.kms.katalon.core.keyword.internal.KeywordMain.runKeyword(KeywordMain.groovy:68)
	at com.kms.katalon.core.keyword.internal.KeywordMain$runKeyword.call(Unknown Source)
	at com.kms.katalon.core.cucumber.keyword.CucumberBuiltinKeywords.runFeatureFile(CucumberBuiltinKeywords.groovy:73)
	at com.kms.katalon.core.cucumber.keyword.CucumberBuiltinKeywords$runFeatureFile$0.callStatic(Unknown Source)
	at com.kms.katalon.core.cucumber.keyword.CucumberBuiltinKeywords.runFeatureFile(CucumberBuiltinKeywords.groovy:246)
	at com.kms.katalon.core.cucumber.keyword.CucumberBuiltinKeywords$runFeatureFile.call(Unknown Source)
	at VKN-Elektronik-Tevkifat.run(VKN-Elektronik-Tevkifat:19)
	at com.kms.katalon.core.main.ScriptEngine.run(ScriptEngine.java:194)
	at com.kms.katalon.core.main.ScriptEngine.runScriptAsRawText(ScriptEngine.java:119)
	at com.kms.katalon.core.main.TestCaseExecutor.runScript(TestCaseExecutor.java:369)
	at com.kms.katalon.core.main.TestCaseExecutor.doExecute(TestCaseExecutor.java:360)
	at com.kms.katalon.core.main.TestCaseExecutor.processExecutionPhase(TestCaseExecutor.java:339)
	at com.kms.katalon.core.main.TestCaseExecutor.accessMainPhase(TestCaseExecutor.java:331)
	at com.kms.katalon.core.main.TestCaseExecutor.execute(TestCaseExecutor.java:248)
	at com.kms.katalon.core.main.TestSuiteExecutor.accessTestCaseMainPhase(TestSuiteExecutor.java:191)
	at com.kms.katalon.core.main.TestSuiteExecutor.accessTestSuiteMainPhase(TestSuiteExecutor.java:140)
	at com.kms.katalon.core.main.TestSuiteExecutor.execute(TestSuiteExecutor.java:89)
	at com.kms.katalon.core.main.TestCaseMain.startTestSuite(TestCaseMain.java:181)
	at com.kms.katalon.core.main.TestCaseMain$startTestSuite$0.call(Unknown Source)
	at TempTestSuite1637225344330.run(TempTestSuite1637225344330.groovy:39)
)

2021-11-18 12:08:42 - [TEST_STEP][PASSED] - verifyElementVisible(findTestObject("Object Repository/Kullanici_Islemleri/KullaniciIslemleri")): Object 'Object Repository/Kullanici_Islemleri/KullaniciIslemleri' is visible

2021-11-18 12:08:42 - [MESSAGE][INFO] - Finding Test Object 'Object Repository/Kullanici_Islemleri/KullaniciIslemleri'

2021-11-18 12:08:42 - [MESSAGE][INFO] - Checking object

2021-11-18 12:08:42 - [MESSAGE][INFO] - Finding web element from Test Object's properties

2021-11-18 12:08:42 - [MESSAGE][INFO] - Checking timeout

2021-11-18 12:08:42 - [MESSAGE][INFO] - Finding web element with id: 'Object Repository/Kullanici_Islemleri/KullaniciIslemleri' located by 'By.cssSelector: .dropdown>a>img' in '30' second(s)

2021-11-18 12:08:42 - [MESSAGE][INFO] - Smart Wait Function is triggered

2021-11-18 12:08:42 - [MESSAGE][INFO] - Found 1 web elements with id: 'Object Repository/Kullanici_Islemleri/KullaniciIslemleri' located by 'By.cssSelector: .dropdown>a>img' in '30' second(s)

2021-11-18 12:08:42 - [MESSAGE][PASSED] - Object 'Object Repository/Kullanici_Islemleri/KullaniciIslemleri' is visible

2021-11-18 12:08:42 - [MESSAGE][PASSED] - Call Test Case 'Test Cases/Sayfalar/Giris_Sayfasi/Login' successfully

2021-11-18 12:08:42 - [MESSAGE][INFO] - Checking called Test Case

2021-11-18 12:08:42 - [MESSAGE][INFO] - Starting to call Test Case 'Test Cases/Menu/AnaMenuSecimi'

2021-11-18 12:08:42 - [TEST_CASE][PASSED] - Test Cases/Menu/AnaMenuSecimi: Test Cases/Menu/AnaMenuSecimi

2021-11-18 12:08:42 - [TEST_STEP][PASSED] - Method.TextDegerineEsitElementeTikla(findTestObject("Menu/Ana_Menu"), Ana_Menu): Method.TextDegerineEsitElementeTikla is PASSED

2021-11-18 12:08:42 - [MESSAGE][INFO] - Finding Test Object 'Object Repository/Menu/Ana_Menu'

2021-11-18 12:08:42 - [MESSAGE][INFO] - Checking timeout

2021-11-18 12:08:42 - [MESSAGE][INFO] - Finding web element with id: 'Object Repository/Menu/Ana_Menu' located by 'By.xpath: //*[@class = 'dropdown-toggle']' in '10' second(s)

2021-11-18 12:08:42 - [MESSAGE][INFO] - Smart Wait Function is triggered

2021-11-18 12:08:43 - [MESSAGE][INFO] - Found 13 web elements with id: 'Object Repository/Menu/Ana_Menu' located by 'By.xpath: //*[@class = 'dropdown-toggle']' in '10' second(s)

2021-11-18 12:08:43 - [MESSAGE][PASSED] - Method.TextDegerineEsitElementeTikla is PASSED

2021-11-18 12:08:43 - [MESSAGE][PASSED] - Call Test Case 'Test Cases/Menu/AnaMenuSecimi' successfully

2021-11-18 12:08:43 - [MESSAGE][INFO] - Checking called Test Case

2021-11-18 12:08:43 - [MESSAGE][INFO] - Starting to call Test Case 'Test Cases/Menu/BasligaGoreAltMenuSecimi'

2021-11-18 12:08:43 - [TEST_CASE][PASSED] - Test Cases/Menu/BasligaGoreAltMenuSecimi: Test Cases/Menu/BasligaGoreAltMenuSecimi

2021-11-18 12:08:43 - [TEST_STEP][PASSED] - Method.TextDegerineEsitElementinAltindakiTextDegerineEsitOlanaTikla(findTestObject("Menu/Menu_Basligi"), findTestObject("Menu/Basliga_Gore_Alt_Menu"), Baslik, Alt_Menu): Method.TextDegerineEsitElementinAltindakiTextDegerineEsitOlanaTikla is PASSED

2021-11-18 12:08:43 - [MESSAGE][INFO] - Finding Test Object 'Object Repository/Menu/Menu_Basligi'

2021-11-18 12:08:43 - [MESSAGE][INFO] - Finding Test Object 'Object Repository/Menu/Basliga_Gore_Alt_Menu'

2021-11-18 12:08:43 - [MESSAGE][INFO] - Checking timeout

2021-11-18 12:08:43 - [MESSAGE][INFO] - Finding web element with id: 'Object Repository/Menu/Menu_Basligi' located by 'By.xpath: //li[@class='dropdown dropdown-large open']//li[@class='dropdown-header']' in '10' second(s)

2021-11-18 12:08:43 - [MESSAGE][INFO] - Smart Wait Function is triggered

2021-11-18 12:08:43 - [MESSAGE][INFO] - Found 2 web elements with id: 'Object Repository/Menu/Menu_Basligi' located by 'By.xpath: //li[@class='dropdown dropdown-large open']//li[@class='dropdown-header']' in '10' second(s)

2021-11-18 12:08:43 - [MESSAGE][INFO] - Smart Wait Function is triggered

2021-11-18 12:08:45 - [MESSAGE][PASSED] - Method.TextDegerineEsitElementinAltindakiTextDegerineEsitOlanaTikla is PASSED

2021-11-18 12:08:45 - [MESSAGE][PASSED] - Call Test Case 'Test Cases/Menu/BasligaGoreAltMenuSecimi' successfully

2021-11-18 12:08:45 - [MESSAGE][INFO] - Checking called Test Case

2021-11-18 12:08:45 - [MESSAGE][INFO] - Starting to call Test Case 'Test Cases/Tablo/Olusturma Tarihi'

2021-11-18 12:08:45 - [TEST_CASE][PASSED] - Test Cases/Tablo/Olusturma Tarihi: Test Cases/Tablo/Olusturma Tarihi

2021-11-18 12:08:45 - [TEST_STEP][PASSED] - if (verifyTextNotPresent("Görüntülenecek veri yok", true, OPTIONAL)): null

2021-11-18 12:08:45 - [MESSAGE][INFO] - Checking text present  using regular expression

2021-11-18 12:08:45 - [MESSAGE][INFO] - Smart Wait Function is triggered

2021-11-18 12:08:46 - [MESSAGE][INFO] - Finding text 'Görüntülenecek veri yok' on page  using regular expression

2021-11-18 12:08:46 - [MESSAGE][PASSED] - Text 'Görüntülenecek veri yok' is not present on page using regular expression

2021-11-18 12:08:46 - [TEST_STEP][PASSED] - click(findTestObject("Temizle/Olusturma_Tarihi_CheckBox")): Object: 'Object Repository/Temizle/Olusturma_Tarihi_CheckBox' is clicked on

2021-11-18 12:08:46 - [MESSAGE][INFO] - Finding Test Object 'Object Repository/Temizle/Olusturma_Tarihi_CheckBox'

2021-11-18 12:08:46 - [MESSAGE][INFO] - Checking object

2021-11-18 12:08:46 - [MESSAGE][INFO] - Finding web element from Test Object's properties

2021-11-18 12:08:46 - [MESSAGE][INFO] - Checking timeout

2021-11-18 12:08:46 - [MESSAGE][INFO] - Finding web element with id: 'Object Repository/Temizle/Olusturma_Tarihi_CheckBox' located by 'By.xpath: //*[@title = 'Bu sayfadaki tüm satırları Seç']' in '30' second(s)

2021-11-18 12:08:46 - [MESSAGE][INFO] - Smart Wait Function is triggered

2021-11-18 12:08:46 - [MESSAGE][INFO] - Found 1 web elements with id: 'Object Repository/Temizle/Olusturma_Tarihi_CheckBox' located by 'By.xpath: //*[@title = 'Bu sayfadaki tüm satırları Seç']' in '30' second(s)

2021-11-18 12:08:46 - [MESSAGE][INFO] - Clicking on object: 'Object Repository/Temizle/Olusturma_Tarihi_CheckBox'

2021-11-18 12:08:46 - [MESSAGE][PASSED] - Object: 'Object Repository/Temizle/Olusturma_Tarihi_CheckBox' is clicked on

2021-11-18 12:08:46 - [TEST_STEP][PASSED] - Method.TextDegerineEsitElementeTiklaEquals(findTestObject("Butonlar/Butonlar"), "Sil"): Method.TextDegerineEsitElementeTiklaEquals is PASSED

2021-11-18 12:08:46 - [MESSAGE][INFO] - Finding Test Object 'Object Repository/Butonlar/Butonlar'

2021-11-18 12:08:46 - [MESSAGE][INFO] - Checking timeout

2021-11-18 12:08:46 - [MESSAGE][INFO] - Finding web element with id: 'Object Repository/Butonlar/Butonlar' located by 'By.cssSelector: .panel.panel-default.text-center.footerPanel .btn,.btn.btn-primary.btnControls' in '10' second(s)

2021-11-18 12:08:46 - [MESSAGE][INFO] - Smart Wait Function is triggered

2021-11-18 12:08:46 - [MESSAGE][INFO] - Found 9 web elements with id: 'Object Repository/Butonlar/Butonlar' located by 'By.cssSelector: .panel.panel-default.text-center.footerPanel .btn,.btn.btn-primary.btnControls' in '10' second(s)

2021-11-18 12:08:47 - [MESSAGE][PASSED] - Method.TextDegerineEsitElementeTiklaEquals is PASSED

2021-11-18 12:08:47 - [TEST_STEP][PASSED] - Method.TextDegerineEsitElementeTikla(findTestObject("Popup/Popup_Butons"), "Evet"): Method.TextDegerineEsitElementeTikla is PASSED

2021-11-18 12:08:47 - [MESSAGE][INFO] - Finding Test Object 'Object Repository/Popup/Popup_Butons'

2021-11-18 12:08:47 - [MESSAGE][INFO] - Checking timeout

2021-11-18 12:08:47 - [MESSAGE][INFO] - Finding web element with id: 'Object Repository/Popup/Popup_Butons' located by 'By.cssSelector: .modal-footer>button' in '10' second(s)

2021-11-18 12:08:47 - [MESSAGE][INFO] - Smart Wait Function is triggered

2021-11-18 12:08:48 - [MESSAGE][INFO] - Found 2 web elements with id: 'Object Repository/Popup/Popup_Butons' located by 'By.cssSelector: .modal-footer>button' in '10' second(s)

2021-11-18 12:08:48 - [MESSAGE][PASSED] - Method.TextDegerineEsitElementeTikla is PASSED

2021-11-18 12:08:48 - [TEST_STEP][PASSED] - Method.TextDegerineEsitElementeTikla(findTestObject("Popup/Popup_Butons"), "Tamam"): Method.TextDegerineEsitElementeTikla is PASSED

2021-11-18 12:08:48 - [MESSAGE][INFO] - Finding Test Object 'Object Repository/Popup/Popup_Butons'

2021-11-18 12:08:48 - [MESSAGE][INFO] - Checking timeout

2021-11-18 12:08:48 - [MESSAGE][INFO] - Finding web element with id: 'Object Repository/Popup/Popup_Butons' located by 'By.cssSelector: .modal-footer>button' in '10' second(s)

2021-11-18 12:08:48 - [MESSAGE][INFO] - Smart Wait Function is triggered

2021-11-18 12:08:49 - [MESSAGE][INFO] - Found 1 web elements with id: 'Object Repository/Popup/Popup_Butons' located by 'By.cssSelector: .modal-footer>button' in '10' second(s)

2021-11-18 12:08:49 - [MESSAGE][PASSED] - Method.TextDegerineEsitElementeTikla is PASSED

2021-11-18 12:08:49 - [MESSAGE][PASSED] - Call Test Case 'Test Cases/Tablo/Olusturma Tarihi' successfully

2021-11-18 12:08:49 - [MESSAGE][INFO] - Checking called Test Case

2021-11-18 12:08:49 - [MESSAGE][INFO] - Starting to call Test Case 'Test Cases/Butonlar/ButonaTikla'

2021-11-18 12:08:49 - [TEST_CASE][PASSED] - Test Cases/Butonlar/ButonaTikla: Test Cases/Butonlar/ButonaTikla

2021-11-18 12:08:49 - [TEST_STEP][PASSED] - Method.TextDegerineEsitElementeTiklaEquals(findTestObject("Butonlar/Butonlar"), Buton_Adi): Method.TextDegerineEsitElementeTiklaEquals is PASSED

2021-11-18 12:08:49 - [MESSAGE][INFO] - Finding Test Object 'Object Repository/Butonlar/Butonlar'

2021-11-18 12:08:49 - [MESSAGE][INFO] - Checking timeout

2021-11-18 12:08:49 - [MESSAGE][INFO] - Finding web element with id: 'Object Repository/Butonlar/Butonlar' located by 'By.cssSelector: .panel.panel-default.text-center.footerPanel .btn,.btn.btn-primary.btnControls' in '10' second(s)

2021-11-18 12:08:49 - [MESSAGE][INFO] - Smart Wait Function is triggered

2021-11-18 12:08:49 - [MESSAGE][INFO] - Found 9 web elements with id: 'Object Repository/Butonlar/Butonlar' located by 'By.cssSelector: .panel.panel-default.text-center.footerPanel .btn,.btn.btn-primary.btnControls' in '10' second(s)

2021-11-18 12:08:50 - [MESSAGE][PASSED] - Method.TextDegerineEsitElementeTiklaEquals is PASSED

2021-11-18 12:08:50 - [MESSAGE][PASSED] - Call Test Case 'Test Cases/Butonlar/ButonaTikla' successfully

2021-11-18 12:08:50 - [MESSAGE][INFO] - Checking called Test Case

2021-11-18 12:08:50 - [MESSAGE][INFO] - Starting to call Test Case 'Test Cases/Olusturma/Genel/GorselTasarimSayfasıBasligiIceriyorMu'

2021-11-18 12:08:50 - [TEST_CASE][PASSED] - Test Cases/Olusturma/Genel/GorselTasarimSayfasıBasligiIceriyorMu: Test Cases/Olusturma/Genel/GorselTasarimSayfasıBasligiIceriyorMu

2021-11-18 12:08:50 - [TEST_STEP][PASSED] - verifyElementText(findTestObject("Object Repository/Olusturma/Genel/GorselTasarimBaslik"), Baslik): Actual text and expected text of test object 'Object Repository/Olusturma/Genel/GorselTasarimBaslik' are matched.

2021-11-18 12:08:50 - [MESSAGE][INFO] - Finding Test Object 'Object Repository/Olusturma/Genel/GorselTasarimBaslik'

2021-11-18 12:08:50 - [MESSAGE][INFO] - Checking object

2021-11-18 12:08:50 - [MESSAGE][INFO] - Finding web element from Test Object's properties

2021-11-18 12:08:50 - [MESSAGE][INFO] - Checking timeout

2021-11-18 12:08:50 - [MESSAGE][INFO] - Finding web element with id: 'Object Repository/Olusturma/Genel/GorselTasarimBaslik' located by 'By.cssSelector: #flAlici_0>div>span' in '30' second(s)

2021-11-18 12:08:50 - [MESSAGE][INFO] - Smart Wait Function is triggered

2021-11-18 12:08:55 - [MESSAGE][INFO] - Found 1 web elements with id: 'Object Repository/Olusturma/Genel/GorselTasarimBaslik' located by 'By.cssSelector: #flAlici_0>div>span' in '30' second(s)

2021-11-18 12:08:55 - [MESSAGE][PASSED] - Actual text and expected text of test object 'Object Repository/Olusturma/Genel/GorselTasarimBaslik' are matched.

2021-11-18 12:08:55 - [MESSAGE][PASSED] - Call Test Case 'Test Cases/Olusturma/Genel/GorselTasarimSayfasıBasligiIceriyorMu' successfully

2021-11-18 12:08:55 - [MESSAGE][INFO] - Checking called Test Case

2021-11-18 12:08:55 - [MESSAGE][INFO] - Starting to call Test Case 'Test Cases/Olusturma/Genel/AliciSecilir'

2021-11-18 12:08:55 - [TEST_CASE][PASSED] - Test Cases/Olusturma/Genel/AliciSecilir: Test Cases/Olusturma/Genel/AliciSecilir

2021-11-18 12:08:55 - [TEST_STEP][PASSED] - click(findTestObject("Olusturma/Genel/AliciBilgisi/Alici_Ara")): Object: 'Object Repository/Olusturma/Genel/AliciBilgisi/Alici_Ara' is clicked on

2021-11-18 12:08:55 - [MESSAGE][INFO] - Finding Test Object 'Object Repository/Olusturma/Genel/AliciBilgisi/Alici_Ara'

2021-11-18 12:08:55 - [MESSAGE][INFO] - Checking object

2021-11-18 12:08:55 - [MESSAGE][INFO] - Finding web element from Test Object's properties

2021-11-18 12:08:55 - [MESSAGE][INFO] - Checking timeout

2021-11-18 12:08:55 - [MESSAGE][INFO] - Finding web element with id: 'Object Repository/Olusturma/Genel/AliciBilgisi/Alici_Ara' located by 'By.xpath: //td[@id='txtCustomerText_B-1']' in '30' second(s)

2021-11-18 12:08:55 - [MESSAGE][INFO] - Smart Wait Function is triggered

2021-11-18 12:08:55 - [MESSAGE][INFO] - Found 1 web elements with id: 'Object Repository/Olusturma/Genel/AliciBilgisi/Alici_Ara' located by 'By.xpath: //td[@id='txtCustomerText_B-1']' in '30' second(s)

2021-11-18 12:08:55 - [MESSAGE][INFO] - Clicking on object: 'Object Repository/Olusturma/Genel/AliciBilgisi/Alici_Ara'

2021-11-18 12:08:55 - [MESSAGE][PASSED] - Object: 'Object Repository/Olusturma/Genel/AliciBilgisi/Alici_Ara' is clicked on

2021-11-18 12:08:55 - [TEST_STEP][PASSED] - click(findTestObject("Olusturma/Genel/AliciBilgisi/Alici_Bilgisi")): Object: 'Object Repository/Olusturma/Genel/AliciBilgisi/Alici_Bilgisi' is clicked on

2021-11-18 12:08:55 - [MESSAGE][INFO] - Finding Test Object 'Object Repository/Olusturma/Genel/AliciBilgisi/Alici_Bilgisi'

2021-11-18 12:08:55 - [MESSAGE][INFO] - Checking object

2021-11-18 12:08:55 - [MESSAGE][INFO] - Finding web element from Test Object's properties

2021-11-18 12:08:55 - [MESSAGE][INFO] - Checking timeout

2021-11-18 12:08:55 - [MESSAGE][INFO] - Finding web element with id: 'Object Repository/Olusturma/Genel/AliciBilgisi/Alici_Bilgisi' located by 'By.xpath: //iframe[@id='customerselectiframe']' in '30' second(s)

2021-11-18 12:08:55 - [MESSAGE][INFO] - Smart Wait Function is triggered

2021-11-18 12:08:56 - [MESSAGE][INFO] - Found 1 web elements with id: 'Object Repository/Olusturma/Genel/AliciBilgisi/Alici_Bilgisi' located by 'By.xpath: //iframe[@id='customerselectiframe']' in '30' second(s)

2021-11-18 12:08:56 - [MESSAGE][INFO] - Clicking on object: 'Object Repository/Olusturma/Genel/AliciBilgisi/Alici_Bilgisi'

2021-11-18 12:08:56 - [MESSAGE][PASSED] - Object: 'Object Repository/Olusturma/Genel/AliciBilgisi/Alici_Bilgisi' is clicked on

2021-11-18 12:08:56 - [TEST_STEP][PASSED] - setText(findTestObject("Olusturma/Genel/AliciBilgisi/Alici_Gir"), Alici_Adi): Switching to default content

2021-11-18 12:08:56 - [MESSAGE][INFO] - Finding Test Object 'Object Repository/Olusturma/Genel/AliciBilgisi/Alici_Gir'

2021-11-18 12:08:56 - [MESSAGE][INFO] - Finding Test Object 'Object Repository/Olusturma/Genel/AliciBilgisi/Alici_Bilgisi'

2021-11-18 12:08:56 - [MESSAGE][INFO] - Checking object

2021-11-18 12:08:56 - [MESSAGE][INFO] - Checking text

2021-11-18 12:08:56 - [MESSAGE][INFO] - Object: 'Object Repository/Olusturma/Genel/AliciBilgisi/Alici_Gir' has parent object(s)

2021-11-18 12:08:56 - [MESSAGE][INFO] - Switching to iframe: 'Object Repository/Olusturma/Genel/AliciBilgisi/Alici_Bilgisi'

2021-11-18 12:08:56 - [MESSAGE][INFO] - Finding web element from Test Object's properties

2021-11-18 12:08:56 - [MESSAGE][INFO] - Checking timeout

2021-11-18 12:08:56 - [MESSAGE][INFO] - Finding web element with id: 'Object Repository/Olusturma/Genel/AliciBilgisi/Alici_Bilgisi' located by 'By.xpath: //iframe[@id='customerselectiframe']' in '30' second(s)

2021-11-18 12:08:56 - [MESSAGE][INFO] - Smart Wait Function is triggered

2021-11-18 12:08:56 - [MESSAGE][INFO] - Found 1 web elements with id: 'Object Repository/Olusturma/Genel/AliciBilgisi/Alici_Bilgisi' located by 'By.xpath: //iframe[@id='customerselectiframe']' in '30' second(s)

2021-11-18 12:08:56 - [MESSAGE][INFO] - Switched to iframe: 'Object Repository/Olusturma/Genel/AliciBilgisi/Alici_Bilgisi'

2021-11-18 12:08:56 - [MESSAGE][INFO] - Finding web element from Test Object's properties

2021-11-18 12:08:56 - [MESSAGE][INFO] - Checking timeout

2021-11-18 12:08:56 - [MESSAGE][INFO] - Finding web element with id: 'Object Repository/Olusturma/Genel/AliciBilgisi/Alici_Gir' located by 'By.xpath: //input[@id='GridViewCustomer_DXFREditorcol1_I']' in '30' second(s)

2021-11-18 12:08:56 - [MESSAGE][INFO] - Smart Wait Function is triggered

2021-11-18 12:08:56 - [MESSAGE][INFO] - Found 1 web elements with id: 'Object Repository/Olusturma/Genel/AliciBilgisi/Alici_Gir' located by 'By.xpath: //input[@id='GridViewCustomer_DXFREditorcol1_I']' in '30' second(s)

2021-11-18 12:08:56 - [MESSAGE][INFO] - Clearing text of object 'Object Repository/Olusturma/Genel/AliciBilgisi/Alici_Gir'

2021-11-18 12:08:56 - [MESSAGE][INFO] - Finding web element from Test Object's properties

2021-11-18 12:08:56 - [MESSAGE][INFO] - Checking timeout

2021-11-18 12:08:56 - [MESSAGE][INFO] - Finding web element with id: 'Object Repository/Olusturma/Genel/AliciBilgisi/Alici_Gir' located by 'By.xpath: //input[@id='GridViewCustomer_DXFREditorcol1_I']' in '30' second(s)

2021-11-18 12:08:56 - [MESSAGE][INFO] - Smart Wait Function is triggered

2021-11-18 12:08:56 - [MESSAGE][INFO] - Found 1 web elements with id: 'Object Repository/Olusturma/Genel/AliciBilgisi/Alici_Gir' located by 'By.xpath: //input[@id='GridViewCustomer_DXFREditorcol1_I']' in '30' second(s)

2021-11-18 12:08:56 - [MESSAGE][INFO] - Setting text of object 'Object Repository/Olusturma/Genel/AliciBilgisi/Alici_Gir' to value 'UC0008'

2021-11-18 12:08:56 - [MESSAGE][PASSED] - Text 'UC0008' is set on object 'Object Repository/Olusturma/Genel/AliciBilgisi/Alici_Gir'

2021-11-18 12:08:56 - [MESSAGE][INFO] - Switching to default content

2021-11-18 12:08:56 - [TEST_STEP][PASSED] - waitForElementClickable(findTestObject("Olusturma/Genel/AliciBilgisi/Alici_Adi"), 10): Switching to default content

2021-11-18 12:08:56 - [MESSAGE][INFO] - Finding Test Object 'Object Repository/Olusturma/Genel/AliciBilgisi/Alici_Adi'

2021-11-18 12:08:56 - [MESSAGE][INFO] - Finding Test Object 'Object Repository/Olusturma/Genel/AliciBilgisi/iframe_Alc Bilgisi_customerselectiframe'

2021-11-18 12:08:56 - [MESSAGE][INFO] - Checking object

2021-11-18 12:08:56 - [MESSAGE][INFO] - Checking timeout

2021-11-18 12:08:56 - [MESSAGE][INFO] - Object: 'Object Repository/Olusturma/Genel/AliciBilgisi/Alici_Adi' has parent object(s)

2021-11-18 12:08:56 - [MESSAGE][INFO] - Switching to iframe: 'Object Repository/Olusturma/Genel/AliciBilgisi/iframe_Alc Bilgisi_customerselectiframe'

2021-11-18 12:08:56 - [MESSAGE][INFO] - Finding web element from Test Object's properties

2021-11-18 12:08:56 - [MESSAGE][INFO] - Checking timeout

2021-11-18 12:08:56 - [MESSAGE][INFO] - Finding web element with id: 'Object Repository/Olusturma/Genel/AliciBilgisi/iframe_Alc Bilgisi_customerselectiframe' located by 'By.xpath: //iframe[@id='customerselectiframe']' in '10' second(s)

2021-11-18 12:08:56 - [MESSAGE][INFO] - Smart Wait Function is triggered

2021-11-18 12:08:57 - [MESSAGE][INFO] - Found 1 web elements with id: 'Object Repository/Olusturma/Genel/AliciBilgisi/iframe_Alc Bilgisi_customerselectiframe' located by 'By.xpath: //iframe[@id='customerselectiframe']' in '10' second(s)

2021-11-18 12:08:57 - [MESSAGE][INFO] - Switched to iframe: 'Object Repository/Olusturma/Genel/AliciBilgisi/iframe_Alc Bilgisi_customerselectiframe'

2021-11-18 12:08:57 - [MESSAGE][INFO] - Finding web element from Test Object's properties

2021-11-18 12:08:57 - [MESSAGE][INFO] - Checking timeout

2021-11-18 12:08:57 - [MESSAGE][INFO] - Finding web element with id: 'Object Repository/Olusturma/Genel/AliciBilgisi/Alici_Adi' located by 'By.xpath: //tr[@id='GridViewCustomer_DXDataRow0']/td[2]' in '10' second(s)

2021-11-18 12:08:57 - [MESSAGE][INFO] - Smart Wait Function is triggered

2021-11-18 12:08:57 - [MESSAGE][INFO] - Found 1 web elements with id: 'Object Repository/Olusturma/Genel/AliciBilgisi/Alici_Adi' located by 'By.xpath: //tr[@id='GridViewCustomer_DXDataRow0']/td[2]' in '10' second(s)

2021-11-18 12:08:57 - [MESSAGE][PASSED] - Object 'Object Repository/Olusturma/Genel/AliciBilgisi/Alici_Adi' is clickable

2021-11-18 12:08:57 - [MESSAGE][INFO] - Switching to default content

2021-11-18 12:08:57 - [TEST_STEP][PASSED] - click(findTestObject("Olusturma/Genel/AliciBilgisi/frame")): Switching to default content

2021-11-18 12:08:57 - [MESSAGE][INFO] - Finding Test Object 'Object Repository/Olusturma/Genel/AliciBilgisi/frame'

2021-11-18 12:08:57 - [MESSAGE][INFO] - Finding Test Object 'Object Repository/Olusturma/Genel/AliciBilgisi/iframe_Alc Bilgisi_customerselectiframe'

2021-11-18 12:08:57 - [MESSAGE][INFO] - Checking object

2021-11-18 12:08:57 - [MESSAGE][INFO] - Object: 'Object Repository/Olusturma/Genel/AliciBilgisi/frame' has parent object(s)

2021-11-18 12:08:57 - [MESSAGE][INFO] - Switching to iframe: 'Object Repository/Olusturma/Genel/AliciBilgisi/iframe_Alc Bilgisi_customerselectiframe'

2021-11-18 12:08:57 - [MESSAGE][INFO] - Finding web element from Test Object's properties

2021-11-18 12:08:57 - [MESSAGE][INFO] - Checking timeout

2021-11-18 12:08:57 - [MESSAGE][INFO] - Finding web element with id: 'Object Repository/Olusturma/Genel/AliciBilgisi/iframe_Alc Bilgisi_customerselectiframe' located by 'By.xpath: //iframe[@id='customerselectiframe']' in '30' second(s)

2021-11-18 12:08:57 - [MESSAGE][INFO] - Smart Wait Function is triggered

2021-11-18 12:08:57 - [MESSAGE][INFO] - Found 1 web elements with id: 'Object Repository/Olusturma/Genel/AliciBilgisi/iframe_Alc Bilgisi_customerselectiframe' located by 'By.xpath: //iframe[@id='customerselectiframe']' in '30' second(s)

2021-11-18 12:08:57 - [MESSAGE][INFO] - Switched to iframe: 'Object Repository/Olusturma/Genel/AliciBilgisi/iframe_Alc Bilgisi_customerselectiframe'

2021-11-18 12:08:57 - [MESSAGE][INFO] - Finding web element from Test Object's properties

2021-11-18 12:08:57 - [MESSAGE][INFO] - Checking timeout

2021-11-18 12:08:57 - [MESSAGE][INFO] - Finding web element with id: 'Object Repository/Olusturma/Genel/AliciBilgisi/frame' located by 'By.xpath: //*/text()[normalize-space(.)='']/parent::*' in '30' second(s)

2021-11-18 12:08:57 - [MESSAGE][INFO] - Smart Wait Function is triggered

2021-11-18 12:08:57 - [MESSAGE][INFO] - Found 66 web elements with id: 'Object Repository/Olusturma/Genel/AliciBilgisi/frame' located by 'By.xpath: //*/text()[normalize-space(.)='']/parent::*' in '30' second(s)

2021-11-18 12:08:57 - [MESSAGE][INFO] - Clicking on object: 'Object Repository/Olusturma/Genel/AliciBilgisi/frame'

2021-11-18 12:08:57 - [MESSAGE][PASSED] - Object: 'Object Repository/Olusturma/Genel/AliciBilgisi/frame' is clicked on

2021-11-18 12:08:57 - [MESSAGE][INFO] - Switching to default content

2021-11-18 12:08:57 - [TEST_STEP][PASSED] - click(findTestObject("Olusturma/Genel/AliciBilgisi/Alici_Adi")): Switching to default content

2021-11-18 12:08:57 - [MESSAGE][INFO] - Finding Test Object 'Object Repository/Olusturma/Genel/AliciBilgisi/Alici_Adi'

2021-11-18 12:08:57 - [MESSAGE][INFO] - Finding Test Object 'Object Repository/Olusturma/Genel/AliciBilgisi/iframe_Alc Bilgisi_customerselectiframe'

2021-11-18 12:08:57 - [MESSAGE][INFO] - Checking object

2021-11-18 12:08:57 - [MESSAGE][INFO] - Object: 'Object Repository/Olusturma/Genel/AliciBilgisi/Alici_Adi' has parent object(s)

2021-11-18 12:08:57 - [MESSAGE][INFO] - Switching to iframe: 'Object Repository/Olusturma/Genel/AliciBilgisi/iframe_Alc Bilgisi_customerselectiframe'

2021-11-18 12:08:57 - [MESSAGE][INFO] - Finding web element from Test Object's properties

2021-11-18 12:08:57 - [MESSAGE][INFO] - Checking timeout

2021-11-18 12:08:57 - [MESSAGE][INFO] - Finding web element with id: 'Object Repository/Olusturma/Genel/AliciBilgisi/iframe_Alc Bilgisi_customerselectiframe' located by 'By.xpath: //iframe[@id='customerselectiframe']' in '30' second(s)

2021-11-18 12:08:57 - [MESSAGE][INFO] - Smart Wait Function is triggered

2021-11-18 12:08:58 - [MESSAGE][INFO] - Found 1 web elements with id: 'Object Repository/Olusturma/Genel/AliciBilgisi/iframe_Alc Bilgisi_customerselectiframe' located by 'By.xpath: //iframe[@id='customerselectiframe']' in '30' second(s)

2021-11-18 12:08:58 - [MESSAGE][INFO] - Switched to iframe: 'Object Repository/Olusturma/Genel/AliciBilgisi/iframe_Alc Bilgisi_customerselectiframe'

2021-11-18 12:08:58 - [MESSAGE][INFO] - Finding web element from Test Object's properties

2021-11-18 12:08:58 - [MESSAGE][INFO] - Checking timeout

2021-11-18 12:08:58 - [MESSAGE][INFO] - Finding web element with id: 'Object Repository/Olusturma/Genel/AliciBilgisi/Alici_Adi' located by 'By.xpath: //tr[@id='GridViewCustomer_DXDataRow0']/td[2]' in '30' second(s)

2021-11-18 12:08:58 - [MESSAGE][INFO] - Smart Wait Function is triggered

2021-11-18 12:08:58 - [MESSAGE][INFO] - Found 1 web elements with id: 'Object Repository/Olusturma/Genel/AliciBilgisi/Alici_Adi' located by 'By.xpath: //tr[@id='GridViewCustomer_DXDataRow0']/td[2]' in '30' second(s)

2021-11-18 12:08:58 - [MESSAGE][INFO] - Clicking on object: 'Object Repository/Olusturma/Genel/AliciBilgisi/Alici_Adi'

2021-11-18 12:08:58 - [MESSAGE][PASSED] - Object: 'Object Repository/Olusturma/Genel/AliciBilgisi/Alici_Adi' is clicked on

2021-11-18 12:08:58 - [MESSAGE][INFO] - Switching to default content

2021-11-18 12:08:58 - [TEST_STEP][PASSED] - click(findTestObject("Olusturma/Genel/AliciBilgisi/Tamam_Bosluk")): Switching to default content

2021-11-18 12:08:58 - [MESSAGE][INFO] - Finding Test Object 'Object Repository/Olusturma/Genel/AliciBilgisi/Tamam_Bosluk'

2021-11-18 12:08:58 - [MESSAGE][INFO] - Finding Test Object 'Object Repository/Olusturma/Genel/AliciBilgisi/Alici_Bilgisi'

2021-11-18 12:08:58 - [MESSAGE][INFO] - Checking object

2021-11-18 12:08:58 - [MESSAGE][INFO] - Object: 'Object Repository/Olusturma/Genel/AliciBilgisi/Tamam_Bosluk' has parent object(s)

2021-11-18 12:08:58 - [MESSAGE][INFO] - Switching to iframe: 'Object Repository/Olusturma/Genel/AliciBilgisi/Alici_Bilgisi'

2021-11-18 12:08:58 - [MESSAGE][INFO] - Finding web element from Test Object's properties

2021-11-18 12:08:58 - [MESSAGE][INFO] - Checking timeout

2021-11-18 12:08:58 - [MESSAGE][INFO] - Finding web element with id: 'Object Repository/Olusturma/Genel/AliciBilgisi/Alici_Bilgisi' located by 'By.xpath: //iframe[@id='customerselectiframe']' in '30' second(s)

2021-11-18 12:08:58 - [MESSAGE][INFO] - Smart Wait Function is triggered

2021-11-18 12:08:58 - [MESSAGE][INFO] - Found 1 web elements with id: 'Object Repository/Olusturma/Genel/AliciBilgisi/Alici_Bilgisi' located by 'By.xpath: //iframe[@id='customerselectiframe']' in '30' second(s)

2021-11-18 12:08:58 - [MESSAGE][INFO] - Switched to iframe: 'Object Repository/Olusturma/Genel/AliciBilgisi/Alici_Bilgisi'

2021-11-18 12:08:58 - [MESSAGE][INFO] - Finding web element from Test Object's properties

2021-11-18 12:08:58 - [MESSAGE][INFO] - Checking timeout

2021-11-18 12:08:58 - [MESSAGE][INFO] - Finding web element with id: 'Object Repository/Olusturma/Genel/AliciBilgisi/Tamam_Bosluk' located by 'By.xpath: (.//*[normalize-space(text()) and normalize-space(.)='Sayfa Boyutu:'])[1]/following::div[7]' in '30' second(s)

2021-11-18 12:08:58 - [MESSAGE][INFO] - Smart Wait Function is triggered

2021-11-18 12:08:58 - [MESSAGE][INFO] - Found 1 web elements with id: 'Object Repository/Olusturma/Genel/AliciBilgisi/Tamam_Bosluk' located by 'By.xpath: (.//*[normalize-space(text()) and normalize-space(.)='Sayfa Boyutu:'])[1]/following::div[7]' in '30' second(s)

2021-11-18 12:08:58 - [MESSAGE][INFO] - Clicking on object: 'Object Repository/Olusturma/Genel/AliciBilgisi/Tamam_Bosluk'

2021-11-18 12:08:58 - [MESSAGE][PASSED] - Object: 'Object Repository/Olusturma/Genel/AliciBilgisi/Tamam_Bosluk' is clicked on

2021-11-18 12:08:58 - [MESSAGE][INFO] - Switching to default content

2021-11-18 12:08:58 - [TEST_STEP][PASSED] - waitForElementClickable(findTestObject("Olusturma/Genel/AliciBilgisi/Tamam_Butonu"), 10): Switching to default content

2021-11-18 12:08:58 - [MESSAGE][INFO] - Finding Test Object 'Object Repository/Olusturma/Genel/AliciBilgisi/Tamam_Butonu'

2021-11-18 12:08:58 - [MESSAGE][INFO] - Finding Test Object 'Object Repository/Olusturma/Genel/AliciBilgisi/Alici_Bilgisi'

2021-11-18 12:08:58 - [MESSAGE][INFO] - Checking object

2021-11-18 12:08:58 - [MESSAGE][INFO] - Checking timeout

2021-11-18 12:08:58 - [MESSAGE][INFO] - Object: 'Object Repository/Olusturma/Genel/AliciBilgisi/Tamam_Butonu' has parent object(s)

2021-11-18 12:08:58 - [MESSAGE][INFO] - Switching to iframe: 'Object Repository/Olusturma/Genel/AliciBilgisi/Alici_Bilgisi'

2021-11-18 12:08:58 - [MESSAGE][INFO] - Finding web element from Test Object's properties

2021-11-18 12:08:58 - [MESSAGE][INFO] - Checking timeout

2021-11-18 12:08:58 - [MESSAGE][INFO] - Finding web element with id: 'Object Repository/Olusturma/Genel/AliciBilgisi/Alici_Bilgisi' located by 'By.xpath: //iframe[@id='customerselectiframe']' in '10' second(s)

2021-11-18 12:08:58 - [MESSAGE][INFO] - Smart Wait Function is triggered

2021-11-18 12:08:59 - [MESSAGE][INFO] - Found 1 web elements with id: 'Object Repository/Olusturma/Genel/AliciBilgisi/Alici_Bilgisi' located by 'By.xpath: //iframe[@id='customerselectiframe']' in '10' second(s)

2021-11-18 12:08:59 - [MESSAGE][INFO] - Switched to iframe: 'Object Repository/Olusturma/Genel/AliciBilgisi/Alici_Bilgisi'

2021-11-18 12:08:59 - [MESSAGE][INFO] - Finding web element from Test Object's properties

2021-11-18 12:08:59 - [MESSAGE][INFO] - Checking timeout

2021-11-18 12:08:59 - [MESSAGE][INFO] - Finding web element with id: 'Object Repository/Olusturma/Genel/AliciBilgisi/Tamam_Butonu' located by 'By.xpath: //div[@id='btnSelectCustomer_CD']/span' in '10' second(s)

2021-11-18 12:08:59 - [MESSAGE][INFO] - Smart Wait Function is triggered

2021-11-18 12:08:59 - [MESSAGE][INFO] - Found 1 web elements with id: 'Object Repository/Olusturma/Genel/AliciBilgisi/Tamam_Butonu' located by 'By.xpath: //div[@id='btnSelectCustomer_CD']/span' in '10' second(s)

2021-11-18 12:08:59 - [MESSAGE][PASSED] - Object 'Object Repository/Olusturma/Genel/AliciBilgisi/Tamam_Butonu' is clickable

2021-11-18 12:08:59 - [MESSAGE][INFO] - Switching to default content

2021-11-18 12:08:59 - [TEST_STEP][PASSED] - click(findTestObject("Olusturma/Genel/AliciBilgisi/Tamam_Butonu")): Switching to default content

2021-11-18 12:08:59 - [MESSAGE][INFO] - Finding Test Object 'Object Repository/Olusturma/Genel/AliciBilgisi/Tamam_Butonu'

2021-11-18 12:08:59 - [MESSAGE][INFO] - Finding Test Object 'Object Repository/Olusturma/Genel/AliciBilgisi/Alici_Bilgisi'

2021-11-18 12:08:59 - [MESSAGE][INFO] - Checking object

2021-11-18 12:08:59 - [MESSAGE][INFO] - Object: 'Object Repository/Olusturma/Genel/AliciBilgisi/Tamam_Butonu' has parent object(s)

2021-11-18 12:08:59 - [MESSAGE][INFO] - Switching to iframe: 'Object Repository/Olusturma/Genel/AliciBilgisi/Alici_Bilgisi'

2021-11-18 12:08:59 - [MESSAGE][INFO] - Finding web element from Test Object's properties

2021-11-18 12:08:59 - [MESSAGE][INFO] - Checking timeout

2021-11-18 12:08:59 - [MESSAGE][INFO] - Finding web element with id: 'Object Repository/Olusturma/Genel/AliciBilgisi/Alici_Bilgisi' located by 'By.xpath: //iframe[@id='customerselectiframe']' in '30' second(s)

2021-11-18 12:08:59 - [MESSAGE][INFO] - Smart Wait Function is triggered

2021-11-18 12:08:59 - [MESSAGE][INFO] - Found 1 web elements with id: 'Object Repository/Olusturma/Genel/AliciBilgisi/Alici_Bilgisi' located by 'By.xpath: //iframe[@id='customerselectiframe']' in '30' second(s)

2021-11-18 12:08:59 - [MESSAGE][INFO] - Switched to iframe: 'Object Repository/Olusturma/Genel/AliciBilgisi/Alici_Bilgisi'

2021-11-18 12:08:59 - [MESSAGE][INFO] - Finding web element from Test Object's properties

2021-11-18 12:08:59 - [MESSAGE][INFO] - Checking timeout

2021-11-18 12:08:59 - [MESSAGE][INFO] - Finding web element with id: 'Object Repository/Olusturma/Genel/AliciBilgisi/Tamam_Butonu' located by 'By.xpath: //div[@id='btnSelectCustomer_CD']/span' in '30' second(s)

2021-11-18 12:08:59 - [MESSAGE][INFO] - Smart Wait Function is triggered

2021-11-18 12:08:59 - [MESSAGE][INFO] - Found 1 web elements with id: 'Object Repository/Olusturma/Genel/AliciBilgisi/Tamam_Butonu' located by 'By.xpath: //div[@id='btnSelectCustomer_CD']/span' in '30' second(s)

2021-11-18 12:08:59 - [MESSAGE][INFO] - Clicking on object: 'Object Repository/Olusturma/Genel/AliciBilgisi/Tamam_Butonu'

2021-11-18 12:08:59 - [MESSAGE][PASSED] - Object: 'Object Repository/Olusturma/Genel/AliciBilgisi/Tamam_Butonu' is clicked on

2021-11-18 12:08:59 - [MESSAGE][INFO] - Switching to default content

2021-11-18 12:08:59 - [TEST_STEP][PASSED] - waitForElementPresent(findTestObject("Olusturma/Genel/AliciBilgisi/VKN-TCKN"), 10): Object 'Object Repository/Olusturma/Genel/AliciBilgisi/VKN-TCKN' is present

2021-11-18 12:08:59 - [MESSAGE][INFO] - Finding Test Object 'Object Repository/Olusturma/Genel/AliciBilgisi/VKN-TCKN'

2021-11-18 12:08:59 - [MESSAGE][INFO] - Checking object

2021-11-18 12:08:59 - [MESSAGE][INFO] - Finding web element from Test Object's properties

2021-11-18 12:08:59 - [MESSAGE][INFO] - Checking timeout

2021-11-18 12:08:59 - [MESSAGE][INFO] - Finding web element with id: 'Object Repository/Olusturma/Genel/AliciBilgisi/VKN-TCKN' located by 'By.xpath: //*[@id = 'txtVknTckn_I']' in '10' second(s)

2021-11-18 12:08:59 - [MESSAGE][INFO] - Smart Wait Function is triggered

2021-11-18 12:09:00 - [MESSAGE][INFO] - Found 1 web elements with id: 'Object Repository/Olusturma/Genel/AliciBilgisi/VKN-TCKN' located by 'By.xpath: //*[@id = 'txtVknTckn_I']' in '10' second(s)

2021-11-18 12:09:00 - [MESSAGE][PASSED] - Object 'Object Repository/Olusturma/Genel/AliciBilgisi/VKN-TCKN' is present

2021-11-18 12:09:00 - [TEST_STEP][PASSED] - text = getAttribute(findTestObject("Olusturma/Genel/AliciBilgisi/VKN-TCKN"), "value"): Attribute 'value' of object 'Object Repository/Olusturma/Genel/AliciBilgisi/VKN-TCKN' is: '5325232699'

2021-11-18 12:09:00 - [MESSAGE][INFO] - Finding Test Object 'Object Repository/Olusturma/Genel/AliciBilgisi/VKN-TCKN'

2021-11-18 12:09:00 - [MESSAGE][INFO] - Checking object

2021-11-18 12:09:00 - [MESSAGE][INFO] - Checking attribute

2021-11-18 12:09:00 - [MESSAGE][INFO] - Finding web element from Test Object's properties

2021-11-18 12:09:00 - [MESSAGE][INFO] - Checking timeout

2021-11-18 12:09:00 - [MESSAGE][INFO] - Finding web element with id: 'Object Repository/Olusturma/Genel/AliciBilgisi/VKN-TCKN' located by 'By.xpath: //*[@id = 'txtVknTckn_I']' in '30' second(s)

2021-11-18 12:09:00 - [MESSAGE][INFO] - Smart Wait Function is triggered

2021-11-18 12:09:00 - [MESSAGE][INFO] - Found 1 web elements with id: 'Object Repository/Olusturma/Genel/AliciBilgisi/VKN-TCKN' located by 'By.xpath: //*[@id = 'txtVknTckn_I']' in '30' second(s)

2021-11-18 12:09:00 - [MESSAGE][INFO] - Getting attribute 'value' of object 'Object Repository/Olusturma/Genel/AliciBilgisi/VKN-TCKN'

2021-11-18 12:09:00 - [MESSAGE][PASSED] - Attribute 'value' of object 'Object Repository/Olusturma/Genel/AliciBilgisi/VKN-TCKN' is: '5325232699'

2021-11-18 12:09:00 - [TEST_STEP][PASSED] - if (text.equals("")): null

2021-11-18 12:09:00 - [MESSAGE][PASSED] - Call Test Case 'Test Cases/Olusturma/Genel/AliciSecilir' successfully

2021-11-18 12:09:00 - [MESSAGE][INFO] - Checking called Test Case

2021-11-18 12:09:00 - [MESSAGE][INFO] - Starting to call Test Case 'Test Cases/Olusturma/Genel/GonderimSekliSecilir'

2021-11-18 12:09:00 - [TEST_CASE][PASSED] - Test Cases/Olusturma/Genel/GonderimSekliSecilir: Test Cases/Olusturma/Genel/GonderimSekliSecilir

2021-11-18 12:09:00 - [TEST_STEP][PASSED] - waitForElementClickable(findTestObject("Object Repository/Olusturma/Genel/GonderimSekli/GonderimSekli"), 10): Object 'Object Repository/Olusturma/Genel/GonderimSekli/GonderimSekli' is clickable

2021-11-18 12:09:00 - [MESSAGE][INFO] - Finding Test Object 'Object Repository/Olusturma/Genel/GonderimSekli/GonderimSekli'

2021-11-18 12:09:00 - [MESSAGE][INFO] - Checking object

2021-11-18 12:09:00 - [MESSAGE][INFO] - Checking timeout

2021-11-18 12:09:00 - [MESSAGE][INFO] - Finding web element from Test Object's properties

2021-11-18 12:09:00 - [MESSAGE][INFO] - Checking timeout

2021-11-18 12:09:00 - [MESSAGE][INFO] - Finding web element with id: 'Object Repository/Olusturma/Genel/GonderimSekli/GonderimSekli' located by 'By.xpath: //*[@id = 'txtGonderimSekil_I']' in '10' second(s)

2021-11-18 12:09:00 - [MESSAGE][INFO] - Smart Wait Function is triggered

2021-11-18 12:09:01 - [MESSAGE][INFO] - Found 1 web elements with id: 'Object Repository/Olusturma/Genel/GonderimSekli/GonderimSekli' located by 'By.xpath: //*[@id = 'txtGonderimSekil_I']' in '10' second(s)

2021-11-18 12:09:01 - [MESSAGE][PASSED] - Object 'Object Repository/Olusturma/Genel/GonderimSekli/GonderimSekli' is clickable

2021-11-18 12:09:01 - [TEST_STEP][PASSED] - click(findTestObject("Object Repository/Olusturma/Genel/GonderimSekli/GonderimSekli")): Object: 'Object Repository/Olusturma/Genel/GonderimSekli/GonderimSekli' is clicked on

2021-11-18 12:09:01 - [MESSAGE][INFO] - Finding Test Object 'Object Repository/Olusturma/Genel/GonderimSekli/GonderimSekli'

2021-11-18 12:09:01 - [MESSAGE][INFO] - Checking object

2021-11-18 12:09:01 - [MESSAGE][INFO] - Finding web element from Test Object's properties

2021-11-18 12:09:01 - [MESSAGE][INFO] - Checking timeout

2021-11-18 12:09:01 - [MESSAGE][INFO] - Finding web element with id: 'Object Repository/Olusturma/Genel/GonderimSekli/GonderimSekli' located by 'By.xpath: //*[@id = 'txtGonderimSekil_I']' in '30' second(s)

2021-11-18 12:09:01 - [MESSAGE][INFO] - Smart Wait Function is triggered

2021-11-18 12:09:01 - [MESSAGE][INFO] - Found 1 web elements with id: 'Object Repository/Olusturma/Genel/GonderimSekli/GonderimSekli' located by 'By.xpath: //*[@id = 'txtGonderimSekil_I']' in '30' second(s)

2021-11-18 12:09:01 - [MESSAGE][INFO] - Clicking on object: 'Object Repository/Olusturma/Genel/GonderimSekli/GonderimSekli'

2021-11-18 12:09:01 - [MESSAGE][PASSED] - Object: 'Object Repository/Olusturma/Genel/GonderimSekli/GonderimSekli' is clicked on

2021-11-18 12:09:01 - [TEST_STEP][PASSED] - Method.TextDegerineEsitElementeTikla(findTestObject("Object Repository/Olusturma/Genel/GonderimSekli/GonderimSekliAdi"), GonderimSekli): Method.TextDegerineEsitElementeTikla is PASSED

2021-11-18 12:09:01 - [MESSAGE][INFO] - Finding Test Object 'Object Repository/Olusturma/Genel/GonderimSekli/GonderimSekliAdi'

2021-11-18 12:09:01 - [MESSAGE][INFO] - Checking timeout

2021-11-18 12:09:01 - [MESSAGE][INFO] - Finding web element with id: 'Object Repository/Olusturma/Genel/GonderimSekli/GonderimSekliAdi' located by 'By.cssSelector: #txtGonderimSekil_DDD_L_LBT td' in '10' second(s)

2021-11-18 12:09:01 - [MESSAGE][INFO] - Smart Wait Function is triggered

2021-11-18 12:09:02 - [MESSAGE][INFO] - Found 2 web elements with id: 'Object Repository/Olusturma/Genel/GonderimSekli/GonderimSekliAdi' located by 'By.cssSelector: #txtGonderimSekil_DDD_L_LBT td' in '10' second(s)

2021-11-18 12:09:02 - [MESSAGE][PASSED] - Method.TextDegerineEsitElementeTikla is PASSED

2021-11-18 12:09:02 - [MESSAGE][PASSED] - Call Test Case 'Test Cases/Olusturma/Genel/GonderimSekliSecilir' successfully

2021-11-18 12:09:02 - [MESSAGE][INFO] - Checking called Test Case

2021-11-18 12:09:02 - [MESSAGE][INFO] - Starting to call Test Case 'Test Cases/Olusturma/Genel/TipSecilir'

2021-11-18 12:09:02 - [TEST_CASE][PASSED] - Test Cases/Olusturma/Genel/TipSecilir: Test Cases/Olusturma/Genel/TipSecilir

2021-11-18 12:09:02 - [TEST_STEP][PASSED] - waitForElementClickable(findTestObject("Olusturma/Genel/TipSecilir/Tip"), 10): Object 'Object Repository/Olusturma/Genel/TipSecilir/Tip' is clickable

2021-11-18 12:09:02 - [MESSAGE][INFO] - Finding Test Object 'Object Repository/Olusturma/Genel/TipSecilir/Tip'

2021-11-18 12:09:02 - [MESSAGE][INFO] - Checking object

2021-11-18 12:09:02 - [MESSAGE][INFO] - Checking timeout

2021-11-18 12:09:02 - [MESSAGE][INFO] - Finding web element from Test Object's properties

2021-11-18 12:09:02 - [MESSAGE][INFO] - Checking timeout

2021-11-18 12:09:02 - [MESSAGE][INFO] - Finding web element with id: 'Object Repository/Olusturma/Genel/TipSecilir/Tip' located by 'By.xpath: //*[@id = 'DocumentTypeCode_I']' in '10' second(s)

2021-11-18 12:09:02 - [MESSAGE][INFO] - Smart Wait Function is triggered

2021-11-18 12:09:02 - [MESSAGE][INFO] - Found 1 web elements with id: 'Object Repository/Olusturma/Genel/TipSecilir/Tip' located by 'By.xpath: //*[@id = 'DocumentTypeCode_I']' in '10' second(s)

2021-11-18 12:09:02 - [MESSAGE][PASSED] - Object 'Object Repository/Olusturma/Genel/TipSecilir/Tip' is clickable

2021-11-18 12:09:02 - [TEST_STEP][PASSED] - click(findTestObject("Olusturma/Genel/TipSecilir/Tip")): Object: 'Object Repository/Olusturma/Genel/TipSecilir/Tip' is clicked on

2021-11-18 12:09:02 - [MESSAGE][INFO] - Finding Test Object 'Object Repository/Olusturma/Genel/TipSecilir/Tip'

2021-11-18 12:09:02 - [MESSAGE][INFO] - Checking object

2021-11-18 12:09:02 - [MESSAGE][INFO] - Finding web element from Test Object's properties

2021-11-18 12:09:02 - [MESSAGE][INFO] - Checking timeout

2021-11-18 12:09:02 - [MESSAGE][INFO] - Finding web element with id: 'Object Repository/Olusturma/Genel/TipSecilir/Tip' located by 'By.xpath: //*[@id = 'DocumentTypeCode_I']' in '30' second(s)

2021-11-18 12:09:02 - [MESSAGE][INFO] - Smart Wait Function is triggered

2021-11-18 12:09:03 - [MESSAGE][INFO] - Found 1 web elements with id: 'Object Repository/Olusturma/Genel/TipSecilir/Tip' located by 'By.xpath: //*[@id = 'DocumentTypeCode_I']' in '30' second(s)

2021-11-18 12:09:03 - [MESSAGE][INFO] - Clicking on object: 'Object Repository/Olusturma/Genel/TipSecilir/Tip'

2021-11-18 12:09:03 - [MESSAGE][PASSED] - Object: 'Object Repository/Olusturma/Genel/TipSecilir/Tip' is clicked on

2021-11-18 12:09:03 - [TEST_STEP][PASSED] - Method.TextDegerineEsitElementeTikla(findTestObject("Object Repository/Olusturma/Genel/TipSecilir/Tip_Adi"), Tip): Method.TextDegerineEsitElementeTikla is PASSED

2021-11-18 12:09:03 - [MESSAGE][INFO] - Finding Test Object 'Object Repository/Olusturma/Genel/TipSecilir/Tip_Adi'

2021-11-18 12:09:03 - [MESSAGE][INFO] - Checking timeout

2021-11-18 12:09:03 - [MESSAGE][INFO] - Finding web element with id: 'Object Repository/Olusturma/Genel/TipSecilir/Tip_Adi' located by 'By.cssSelector: #DocumentTypeCode_DDD_L_LBT td' in '10' second(s)

2021-11-18 12:09:03 - [MESSAGE][INFO] - Smart Wait Function is triggered

2021-11-18 12:09:03 - [MESSAGE][INFO] - Found 9 web elements with id: 'Object Repository/Olusturma/Genel/TipSecilir/Tip_Adi' located by 'By.cssSelector: #DocumentTypeCode_DDD_L_LBT td' in '10' second(s)

2021-11-18 12:09:03 - [MESSAGE][PASSED] - Method.TextDegerineEsitElementeTikla is PASSED

2021-11-18 12:09:03 - [MESSAGE][PASSED] - Call Test Case 'Test Cases/Olusturma/Genel/TipSecilir' successfully

2021-11-18 12:09:03 - [MESSAGE][INFO] - Checking called Test Case

2021-11-18 12:09:03 - [MESSAGE][INFO] - Starting to call Test Case 'Test Cases/Olusturma/Genel/DokumanParaBirimiSecilir'

2021-11-18 12:09:03 - [TEST_CASE][PASSED] - Test Cases/Olusturma/Genel/DokumanParaBirimiSecilir: Test Cases/Olusturma/Genel/DokumanParaBirimiSecilir

2021-11-18 12:09:03 - [TEST_STEP][PASSED] - waitForElementClickable(findTestObject("Object Repository/Olusturma/Genel/DokumanParaBirimiSecilir/Para"), 10): Object 'Object Repository/Olusturma/Genel/DokumanParaBirimiSecilir/Para' is clickable

2021-11-18 12:09:03 - [MESSAGE][INFO] - Finding Test Object 'Object Repository/Olusturma/Genel/DokumanParaBirimiSecilir/Para'

2021-11-18 12:09:03 - [MESSAGE][INFO] - Checking object

2021-11-18 12:09:03 - [MESSAGE][INFO] - Checking timeout

2021-11-18 12:09:03 - [MESSAGE][INFO] - Finding web element from Test Object's properties

2021-11-18 12:09:03 - [MESSAGE][INFO] - Checking timeout

2021-11-18 12:09:03 - [MESSAGE][INFO] - Finding web element with id: 'Object Repository/Olusturma/Genel/DokumanParaBirimiSecilir/Para' located by 'By.xpath: //*[@id = 'CurrencyUnit_I']' in '10' second(s)

2021-11-18 12:09:03 - [MESSAGE][INFO] - Smart Wait Function is triggered

2021-11-18 12:09:05 - [MESSAGE][INFO] - Found 1 web elements with id: 'Object Repository/Olusturma/Genel/DokumanParaBirimiSecilir/Para' located by 'By.xpath: //*[@id = 'CurrencyUnit_I']' in '10' second(s)

2021-11-18 12:09:05 - [MESSAGE][PASSED] - Object 'Object Repository/Olusturma/Genel/DokumanParaBirimiSecilir/Para' is clickable

2021-11-18 12:09:05 - [TEST_STEP][PASSED] - click(findTestObject("Object Repository/Olusturma/Genel/DokumanParaBirimiSecilir/Para")): Object: 'Object Repository/Olusturma/Genel/DokumanParaBirimiSecilir/Para' is clicked on

2021-11-18 12:09:05 - [MESSAGE][INFO] - Finding Test Object 'Object Repository/Olusturma/Genel/DokumanParaBirimiSecilir/Para'

2021-11-18 12:09:05 - [MESSAGE][INFO] - Checking object

2021-11-18 12:09:05 - [MESSAGE][INFO] - Finding web element from Test Object's properties

2021-11-18 12:09:05 - [MESSAGE][INFO] - Checking timeout

2021-11-18 12:09:05 - [MESSAGE][INFO] - Finding web element with id: 'Object Repository/Olusturma/Genel/DokumanParaBirimiSecilir/Para' located by 'By.xpath: //*[@id = 'CurrencyUnit_I']' in '30' second(s)

2021-11-18 12:09:05 - [MESSAGE][INFO] - Smart Wait Function is triggered

2021-11-18 12:09:05 - [MESSAGE][INFO] - Found 1 web elements with id: 'Object Repository/Olusturma/Genel/DokumanParaBirimiSecilir/Para' located by 'By.xpath: //*[@id = 'CurrencyUnit_I']' in '30' second(s)

2021-11-18 12:09:05 - [MESSAGE][INFO] - Clicking on object: 'Object Repository/Olusturma/Genel/DokumanParaBirimiSecilir/Para'

2021-11-18 12:09:05 - [MESSAGE][PASSED] - Object: 'Object Repository/Olusturma/Genel/DokumanParaBirimiSecilir/Para' is clicked on

2021-11-18 12:09:05 - [TEST_STEP][PASSED] - Method.TextDegerineEsitElementeTikla(findTestObject("Object Repository/Olusturma/Genel/DokumanParaBirimiSecilir/Para_Adi"), Para): Method.TextDegerineEsitElementeTikla is PASSED

2021-11-18 12:09:05 - [MESSAGE][INFO] - Finding Test Object 'Object Repository/Olusturma/Genel/DokumanParaBirimiSecilir/Para_Adi'

2021-11-18 12:09:05 - [MESSAGE][INFO] - Checking timeout

2021-11-18 12:09:05 - [MESSAGE][INFO] - Finding web element with id: 'Object Repository/Olusturma/Genel/DokumanParaBirimiSecilir/Para_Adi' located by 'By.cssSelector: #CurrencyUnit_DDD_L_LBT td' in '10' second(s)

2021-11-18 12:09:05 - [MESSAGE][INFO] - Smart Wait Function is triggered

2021-11-18 12:09:06 - [MESSAGE][INFO] - Found 203 web elements with id: 'Object Repository/Olusturma/Genel/DokumanParaBirimiSecilir/Para_Adi' located by 'By.cssSelector: #CurrencyUnit_DDD_L_LBT td' in '10' second(s)

2021-11-18 12:09:10 - [MESSAGE][PASSED] - Method.TextDegerineEsitElementeTikla is PASSED

2021-11-18 12:09:10 - [MESSAGE][PASSED] - Call Test Case 'Test Cases/Olusturma/Genel/DokumanParaBirimiSecilir' successfully

2021-11-18 12:09:10 - [MESSAGE][INFO] - Checking called Test Case

2021-11-18 12:09:10 - [MESSAGE][INFO] - Starting to call Test Case 'Test Cases/Olusturma/Genel/OnEkSecilir'

2021-11-18 12:09:10 - [TEST_CASE][PASSED] - Test Cases/Olusturma/Genel/OnEkSecilir: Test Cases/Olusturma/Genel/OnEkSecilir

2021-11-18 12:09:10 - [TEST_STEP][PASSED] - waitForElementClickable(findTestObject("Object Repository/Olusturma/Genel/OnEkSecilir/OnEk"), 10): Object 'Object Repository/Olusturma/Genel/OnEkSecilir/OnEk' is clickable

2021-11-18 12:09:10 - [MESSAGE][INFO] - Finding Test Object 'Object Repository/Olusturma/Genel/OnEkSecilir/OnEk'

2021-11-18 12:09:10 - [MESSAGE][INFO] - Checking object

2021-11-18 12:09:10 - [MESSAGE][INFO] - Checking timeout

2021-11-18 12:09:10 - [MESSAGE][INFO] - Finding web element from Test Object's properties

2021-11-18 12:09:10 - [MESSAGE][INFO] - Checking timeout

2021-11-18 12:09:10 - [MESSAGE][INFO] - Finding web element with id: 'Object Repository/Olusturma/Genel/OnEkSecilir/OnEk' located by 'By.xpath: //*[@id = 'InvoicePrefix_I']' in '10' second(s)

2021-11-18 12:09:10 - [MESSAGE][INFO] - Smart Wait Function is triggered

2021-11-18 12:09:11 - [MESSAGE][INFO] - Found 1 web elements with id: 'Object Repository/Olusturma/Genel/OnEkSecilir/OnEk' located by 'By.xpath: //*[@id = 'InvoicePrefix_I']' in '10' second(s)

2021-11-18 12:09:11 - [MESSAGE][PASSED] - Object 'Object Repository/Olusturma/Genel/OnEkSecilir/OnEk' is clickable

2021-11-18 12:09:11 - [TEST_STEP][PASSED] - click(findTestObject("Object Repository/Olusturma/Genel/OnEkSecilir/OnEk")): Object: 'Object Repository/Olusturma/Genel/OnEkSecilir/OnEk' is clicked on

2021-11-18 12:09:11 - [MESSAGE][INFO] - Finding Test Object 'Object Repository/Olusturma/Genel/OnEkSecilir/OnEk'

2021-11-18 12:09:11 - [MESSAGE][INFO] - Checking object

2021-11-18 12:09:11 - [MESSAGE][INFO] - Finding web element from Test Object's properties

2021-11-18 12:09:11 - [MESSAGE][INFO] - Checking timeout

2021-11-18 12:09:11 - [MESSAGE][INFO] - Finding web element with id: 'Object Repository/Olusturma/Genel/OnEkSecilir/OnEk' located by 'By.xpath: //*[@id = 'InvoicePrefix_I']' in '30' second(s)

2021-11-18 12:09:11 - [MESSAGE][INFO] - Smart Wait Function is triggered

2021-11-18 12:09:11 - [MESSAGE][INFO] - Found 1 web elements with id: 'Object Repository/Olusturma/Genel/OnEkSecilir/OnEk' located by 'By.xpath: //*[@id = 'InvoicePrefix_I']' in '30' second(s)

2021-11-18 12:09:11 - [MESSAGE][INFO] - Clicking on object: 'Object Repository/Olusturma/Genel/OnEkSecilir/OnEk'

2021-11-18 12:09:11 - [MESSAGE][PASSED] - Object: 'Object Repository/Olusturma/Genel/OnEkSecilir/OnEk' is clicked on

2021-11-18 12:09:11 - [TEST_STEP][PASSED] - Method.TextDegerineEsitElementeTiklaEquals(findTestObject("Object Repository/Olusturma/Genel/OnEkSecilir/OnEkAdi"), Ek): Method.TextDegerineEsitElementeTiklaEquals is PASSED

2021-11-18 12:09:11 - [MESSAGE][INFO] - Finding Test Object 'Object Repository/Olusturma/Genel/OnEkSecilir/OnEkAdi'

2021-11-18 12:09:11 - [MESSAGE][INFO] - Checking timeout

2021-11-18 12:09:11 - [MESSAGE][INFO] - Finding web element with id: 'Object Repository/Olusturma/Genel/OnEkSecilir/OnEkAdi' located by 'By.cssSelector: #InvoicePrefix_DDD_L_LBT td' in '10' second(s)

2021-11-18 12:09:11 - [MESSAGE][INFO] - Smart Wait Function is triggered

2021-11-18 12:09:12 - [MESSAGE][INFO] - Found 1 web elements with id: 'Object Repository/Olusturma/Genel/OnEkSecilir/OnEkAdi' located by 'By.cssSelector: #InvoicePrefix_DDD_L_LBT td' in '10' second(s)

2021-11-18 12:09:12 - [MESSAGE][PASSED] - Method.TextDegerineEsitElementeTiklaEquals is PASSED

2021-11-18 12:09:12 - [MESSAGE][PASSED] - Call Test Case 'Test Cases/Olusturma/Genel/OnEkSecilir' successfully

2021-11-18 12:09:12 - [MESSAGE][INFO] - Checking called Test Case

2021-11-18 12:09:12 - [MESSAGE][INFO] - Starting to call Test Case 'Test Cases/Olusturma/Genel/TasarimSecilir'

2021-11-18 12:09:12 - [TEST_CASE][PASSED] - Test Cases/Olusturma/Genel/TasarimSecilir: Test Cases/Olusturma/Genel/TasarimSecilir

2021-11-18 12:09:12 - [TEST_STEP][PASSED] - waitForElementClickable(findTestObject("Object Repository/Olusturma/Genel/TasarimSecilir/Tasarim"), 10): Object 'Object Repository/Olusturma/Genel/TasarimSecilir/Tasarim' is clickable

2021-11-18 12:09:12 - [MESSAGE][INFO] - Finding Test Object 'Object Repository/Olusturma/Genel/TasarimSecilir/Tasarim'

2021-11-18 12:09:12 - [MESSAGE][INFO] - Checking object

2021-11-18 12:09:12 - [MESSAGE][INFO] - Checking timeout

2021-11-18 12:09:12 - [MESSAGE][INFO] - Finding web element from Test Object's properties

2021-11-18 12:09:12 - [MESSAGE][INFO] - Checking timeout

2021-11-18 12:09:12 - [MESSAGE][INFO] - Finding web element with id: 'Object Repository/Olusturma/Genel/TasarimSecilir/Tasarim' located by 'By.xpath: //*[@id = 'DesignId_I']' in '10' second(s)

2021-11-18 12:09:12 - [MESSAGE][INFO] - Smart Wait Function is triggered

2021-11-18 12:09:12 - [MESSAGE][INFO] - Found 1 web elements with id: 'Object Repository/Olusturma/Genel/TasarimSecilir/Tasarim' located by 'By.xpath: //*[@id = 'DesignId_I']' in '10' second(s)

2021-11-18 12:09:12 - [MESSAGE][PASSED] - Object 'Object Repository/Olusturma/Genel/TasarimSecilir/Tasarim' is clickable

2021-11-18 12:09:12 - [TEST_STEP][PASSED] - click(findTestObject("Object Repository/Olusturma/Genel/TasarimSecilir/Tasarim")): Object: 'Object Repository/Olusturma/Genel/TasarimSecilir/Tasarim' is clicked on

2021-11-18 12:09:12 - [MESSAGE][INFO] - Finding Test Object 'Object Repository/Olusturma/Genel/TasarimSecilir/Tasarim'

2021-11-18 12:09:12 - [MESSAGE][INFO] - Checking object

2021-11-18 12:09:12 - [MESSAGE][INFO] - Finding web element from Test Object's properties

2021-11-18 12:09:12 - [MESSAGE][INFO] - Checking timeout

2021-11-18 12:09:12 - [MESSAGE][INFO] - Finding web element with id: 'Object Repository/Olusturma/Genel/TasarimSecilir/Tasarim' located by 'By.xpath: //*[@id = 'DesignId_I']' in '30' second(s)

2021-11-18 12:09:12 - [MESSAGE][INFO] - Smart Wait Function is triggered

2021-11-18 12:09:12 - [MESSAGE][INFO] - Found 1 web elements with id: 'Object Repository/Olusturma/Genel/TasarimSecilir/Tasarim' located by 'By.xpath: //*[@id = 'DesignId_I']' in '30' second(s)

2021-11-18 12:09:12 - [MESSAGE][INFO] - Clicking on object: 'Object Repository/Olusturma/Genel/TasarimSecilir/Tasarim'

2021-11-18 12:09:13 - [MESSAGE][PASSED] - Object: 'Object Repository/Olusturma/Genel/TasarimSecilir/Tasarim' is clicked on

2021-11-18 12:09:13 - [TEST_STEP][PASSED] - Method.TextDegerineEsitElementeTikla(findTestObject("Object Repository/Olusturma/Genel/TasarimSecilir/Tasarim_Adi"), Tasarim): Method.TextDegerineEsitElementeTikla is PASSED

2021-11-18 12:09:13 - [MESSAGE][INFO] - Finding Test Object 'Object Repository/Olusturma/Genel/TasarimSecilir/Tasarim_Adi'

2021-11-18 12:09:13 - [MESSAGE][INFO] - Checking timeout

2021-11-18 12:09:13 - [MESSAGE][INFO] - Finding web element with id: 'Object Repository/Olusturma/Genel/TasarimSecilir/Tasarim_Adi' located by 'By.cssSelector: #DesignId_DDD_L_LBT td' in '10' second(s)

2021-11-18 12:09:13 - [MESSAGE][INFO] - Smart Wait Function is triggered

2021-11-18 12:09:13 - [MESSAGE][INFO] - Found 1 web elements with id: 'Object Repository/Olusturma/Genel/TasarimSecilir/Tasarim_Adi' located by 'By.cssSelector: #DesignId_DDD_L_LBT td' in '10' second(s)

2021-11-18 12:09:13 - [MESSAGE][PASSED] - Method.TextDegerineEsitElementeTikla is PASSED

2021-11-18 12:09:13 - [MESSAGE][PASSED] - Call Test Case 'Test Cases/Olusturma/Genel/TasarimSecilir' successfully

2021-11-18 12:09:13 - [MESSAGE][INFO] - Checking called Test Case

2021-11-18 12:09:13 - [MESSAGE][INFO] - Starting to call Test Case 'Test Cases/Olusturma/Genel/Kutular/SiparisBilgileriGirilir'

2021-11-18 12:09:13 - [TEST_CASE][PASSED] - Test Cases/Olusturma/Genel/Kutular/SiparisBilgileriGirilir: Test Cases/Olusturma/Genel/Kutular/SiparisBilgileriGirilir

2021-11-18 12:09:13 - [TEST_STEP][PASSED] - Method.TextDegerineEsitElementeTikla(findTestObject("Olusturma/Genel/Kutular/KapaliKutular"), "Sipariş Bilgileri"): Method.TextDegerineEsitElementeTikla is PASSED

2021-11-18 12:09:13 - [MESSAGE][INFO] - Finding Test Object 'Object Repository/Olusturma/Genel/Kutular/KapaliKutular'

2021-11-18 12:09:13 - [MESSAGE][INFO] - Checking timeout

2021-11-18 12:09:13 - [MESSAGE][INFO] - Finding web element with id: 'Object Repository/Olusturma/Genel/Kutular/KapaliKutular' located by 'By.cssSelector: .dxnb-headerCollapsed>span' in '10' second(s)

2021-11-18 12:09:13 - [MESSAGE][INFO] - Smart Wait Function is triggered

2021-11-18 12:09:14 - [MESSAGE][INFO] - Found 8 web elements with id: 'Object Repository/Olusturma/Genel/Kutular/KapaliKutular' located by 'By.cssSelector: .dxnb-headerCollapsed>span' in '10' second(s)

2021-11-18 12:09:14 - [MESSAGE][PASSED] - Method.TextDegerineEsitElementeTikla is PASSED

2021-11-18 12:09:14 - [TEST_STEP][PASSED] - waitForElementPresent(findTestObject("Object Repository/Olusturma/Genel/Kutular/SiparisBilgileri/SiparisNo"), 10): Object 'Object Repository/Olusturma/Genel/Kutular/SiparisBilgileri/SiparisNo' is present

2021-11-18 12:09:14 - [MESSAGE][INFO] - Finding Test Object 'Object Repository/Olusturma/Genel/Kutular/SiparisBilgileri/SiparisNo'

2021-11-18 12:09:14 - [MESSAGE][INFO] - Checking object

2021-11-18 12:09:14 - [MESSAGE][INFO] - Finding web element from Test Object's properties

2021-11-18 12:09:14 - [MESSAGE][INFO] - Checking timeout

2021-11-18 12:09:14 - [MESSAGE][INFO] - Finding web element with id: 'Object Repository/Olusturma/Genel/Kutular/SiparisBilgileri/SiparisNo' located by 'By.xpath: //*[@id = 'txtSiparisNo_I']' in '10' second(s)

2021-11-18 12:09:14 - [MESSAGE][INFO] - Smart Wait Function is triggered

2021-11-18 12:09:14 - [MESSAGE][INFO] - Found 1 web elements with id: 'Object Repository/Olusturma/Genel/Kutular/SiparisBilgileri/SiparisNo' located by 'By.xpath: //*[@id = 'txtSiparisNo_I']' in '10' second(s)

2021-11-18 12:09:14 - [MESSAGE][PASSED] - Object 'Object Repository/Olusturma/Genel/Kutular/SiparisBilgileri/SiparisNo' is present

2021-11-18 12:09:14 - [TEST_STEP][PASSED] - clearText(findTestObject("Object Repository/Olusturma/Genel/Kutular/SiparisBilgileri/SiparisNo")): Text of object 'Object Repository/Olusturma/Genel/Kutular/SiparisBilgileri/SiparisNo' is cleared

2021-11-18 12:09:14 - [MESSAGE][INFO] - Finding Test Object 'Object Repository/Olusturma/Genel/Kutular/SiparisBilgileri/SiparisNo'

2021-11-18 12:09:14 - [MESSAGE][INFO] - Checking object

2021-11-18 12:09:14 - [MESSAGE][INFO] - Finding web element from Test Object's properties

2021-11-18 12:09:14 - [MESSAGE][INFO] - Checking timeout

2021-11-18 12:09:14 - [MESSAGE][INFO] - Finding web element with id: 'Object Repository/Olusturma/Genel/Kutular/SiparisBilgileri/SiparisNo' located by 'By.xpath: //*[@id = 'txtSiparisNo_I']' in '30' second(s)

2021-11-18 12:09:14 - [MESSAGE][INFO] - Smart Wait Function is triggered

2021-11-18 12:09:14 - [MESSAGE][INFO] - Found 1 web elements with id: 'Object Repository/Olusturma/Genel/Kutular/SiparisBilgileri/SiparisNo' located by 'By.xpath: //*[@id = 'txtSiparisNo_I']' in '30' second(s)

2021-11-18 12:09:14 - [MESSAGE][INFO] - Clearing text of object 'Object Repository/Olusturma/Genel/Kutular/SiparisBilgileri/SiparisNo'

2021-11-18 12:09:15 - [MESSAGE][PASSED] - Text of object 'Object Repository/Olusturma/Genel/Kutular/SiparisBilgileri/SiparisNo' is cleared

2021-11-18 12:09:15 - [TEST_STEP][PASSED] - sendKeys(findTestObject("Object Repository/Olusturma/Genel/Kutular/SiparisBilgileri/SiparisNo"), SiparisNo): Keys 'UUC-SAT-1200001' sent to object: 'Object Repository/Olusturma/Genel/Kutular/SiparisBilgileri/SiparisNo'

2021-11-18 12:09:15 - [MESSAGE][INFO] - Finding Test Object 'Object Repository/Olusturma/Genel/Kutular/SiparisBilgileri/SiparisNo'

2021-11-18 12:09:15 - [MESSAGE][INFO] - Sending keys 'UUC-SAT-1200001' to object: 'Object Repository/Olusturma/Genel/Kutular/SiparisBilgileri/SiparisNo'

2021-11-18 12:09:15 - [MESSAGE][INFO] - Finding web element from Test Object's properties

2021-11-18 12:09:15 - [MESSAGE][INFO] - Checking timeout

2021-11-18 12:09:15 - [MESSAGE][INFO] - Finding web element with id: 'Object Repository/Olusturma/Genel/Kutular/SiparisBilgileri/SiparisNo' located by 'By.xpath: //*[@id = 'txtSiparisNo_I']' in '30' second(s)

2021-11-18 12:09:15 - [MESSAGE][INFO] - Smart Wait Function is triggered

2021-11-18 12:09:15 - [MESSAGE][INFO] - Found 1 web elements with id: 'Object Repository/Olusturma/Genel/Kutular/SiparisBilgileri/SiparisNo' located by 'By.xpath: //*[@id = 'txtSiparisNo_I']' in '30' second(s)

2021-11-18 12:09:15 - [MESSAGE][PASSED] - Keys 'UUC-SAT-1200001' sent to object: 'Object Repository/Olusturma/Genel/Kutular/SiparisBilgileri/SiparisNo'

2021-11-18 12:09:15 - [TEST_STEP][PASSED] - waitForElementClickable(findTestObject("Object Repository/Olusturma/Genel/Kutular/SiparisBilgileri/SiparisTarihiImage"), 10): Object 'Object Repository/Olusturma/Genel/Kutular/SiparisBilgileri/SiparisTarihiImage' is clickable

2021-11-18 12:09:15 - [MESSAGE][INFO] - Finding Test Object 'Object Repository/Olusturma/Genel/Kutular/SiparisBilgileri/SiparisTarihiImage'

2021-11-18 12:09:15 - [MESSAGE][INFO] - Checking object

2021-11-18 12:09:15 - [MESSAGE][INFO] - Checking timeout

2021-11-18 12:09:15 - [MESSAGE][INFO] - Finding web element from Test Object's properties

2021-11-18 12:09:15 - [MESSAGE][INFO] - Checking timeout

2021-11-18 12:09:15 - [MESSAGE][INFO] - Finding web element with id: 'Object Repository/Olusturma/Genel/Kutular/SiparisBilgileri/SiparisTarihiImage' located by 'By.cssSelector: #dateSiparisTarih img' in '10' second(s)

2021-11-18 12:09:15 - [MESSAGE][INFO] - Smart Wait Function is triggered

2021-11-18 12:09:15 - [MESSAGE][INFO] - Found 1 web elements with id: 'Object Repository/Olusturma/Genel/Kutular/SiparisBilgileri/SiparisTarihiImage' located by 'By.cssSelector: #dateSiparisTarih img' in '10' second(s)

2021-11-18 12:09:15 - [MESSAGE][PASSED] - Object 'Object Repository/Olusturma/Genel/Kutular/SiparisBilgileri/SiparisTarihiImage' is clickable

2021-11-18 12:09:15 - [TEST_STEP][PASSED] - click(findTestObject("Object Repository/Olusturma/Genel/Kutular/SiparisBilgileri/SiparisTarihiImage")): Object: 'Object Repository/Olusturma/Genel/Kutular/SiparisBilgileri/SiparisTarihiImage' is clicked on

2021-11-18 12:09:15 - [MESSAGE][INFO] - Finding Test Object 'Object Repository/Olusturma/Genel/Kutular/SiparisBilgileri/SiparisTarihiImage'

2021-11-18 12:09:16 - [MESSAGE][INFO] - Checking object

2021-11-18 12:09:16 - [MESSAGE][INFO] - Finding web element from Test Object's properties

2021-11-18 12:09:16 - [MESSAGE][INFO] - Checking timeout

2021-11-18 12:09:16 - [MESSAGE][INFO] - Finding web element with id: 'Object Repository/Olusturma/Genel/Kutular/SiparisBilgileri/SiparisTarihiImage' located by 'By.cssSelector: #dateSiparisTarih img' in '30' second(s)

2021-11-18 12:09:16 - [MESSAGE][INFO] - Smart Wait Function is triggered

2021-11-18 12:09:16 - [MESSAGE][INFO] - Found 1 web elements with id: 'Object Repository/Olusturma/Genel/Kutular/SiparisBilgileri/SiparisTarihiImage' located by 'By.cssSelector: #dateSiparisTarih img' in '30' second(s)

2021-11-18 12:09:16 - [MESSAGE][INFO] - Clicking on object: 'Object Repository/Olusturma/Genel/Kutular/SiparisBilgileri/SiparisTarihiImage'

2021-11-18 12:09:16 - [MESSAGE][PASSED] - Object: 'Object Repository/Olusturma/Genel/Kutular/SiparisBilgileri/SiparisTarihiImage' is clicked on

2021-11-18 12:09:16 - [TEST_STEP][PASSED] - waitForElementPresent(findTestObject("Object Repository/Olusturma/Genel/Kutular/SiparisBilgileri/SiparisTarihi"), 10): Object 'Object Repository/Olusturma/Genel/Kutular/SiparisBilgileri/SiparisTarihi' is present

2021-11-18 12:09:16 - [MESSAGE][INFO] - Finding Test Object 'Object Repository/Olusturma/Genel/Kutular/SiparisBilgileri/SiparisTarihi'

2021-11-18 12:09:16 - [MESSAGE][INFO] - Checking object

2021-11-18 12:09:16 - [MESSAGE][INFO] - Finding web element from Test Object's properties

2021-11-18 12:09:16 - [MESSAGE][INFO] - Checking timeout

2021-11-18 12:09:16 - [MESSAGE][INFO] - Finding web element with id: 'Object Repository/Olusturma/Genel/Kutular/SiparisBilgileri/SiparisTarihi' located by 'By.xpath: //*[@id = 'dateSiparisTarih_I']' in '10' second(s)

2021-11-18 12:09:16 - [MESSAGE][INFO] - Smart Wait Function is triggered

2021-11-18 12:09:17 - [MESSAGE][INFO] - Found 1 web elements with id: 'Object Repository/Olusturma/Genel/Kutular/SiparisBilgileri/SiparisTarihi' located by 'By.xpath: //*[@id = 'dateSiparisTarih_I']' in '10' second(s)

2021-11-18 12:09:17 - [MESSAGE][PASSED] - Object 'Object Repository/Olusturma/Genel/Kutular/SiparisBilgileri/SiparisTarihi' is present

2021-11-18 12:09:17 - [TEST_STEP][PASSED] - clearText(findTestObject("Object Repository/Olusturma/Genel/Kutular/SiparisBilgileri/SiparisTarihi")): Text of object 'Object Repository/Olusturma/Genel/Kutular/SiparisBilgileri/SiparisTarihi' is cleared

2021-11-18 12:09:17 - [MESSAGE][INFO] - Finding Test Object 'Object Repository/Olusturma/Genel/Kutular/SiparisBilgileri/SiparisTarihi'

2021-11-18 12:09:17 - [MESSAGE][INFO] - Checking object

2021-11-18 12:09:17 - [MESSAGE][INFO] - Finding web element from Test Object's properties

2021-11-18 12:09:17 - [MESSAGE][INFO] - Checking timeout

2021-11-18 12:09:17 - [MESSAGE][INFO] - Finding web element with id: 'Object Repository/Olusturma/Genel/Kutular/SiparisBilgileri/SiparisTarihi' located by 'By.xpath: //*[@id = 'dateSiparisTarih_I']' in '30' second(s)

2021-11-18 12:09:17 - [MESSAGE][INFO] - Smart Wait Function is triggered

2021-11-18 12:09:17 - [MESSAGE][INFO] - Found 1 web elements with id: 'Object Repository/Olusturma/Genel/Kutular/SiparisBilgileri/SiparisTarihi' located by 'By.xpath: //*[@id = 'dateSiparisTarih_I']' in '30' second(s)

2021-11-18 12:09:17 - [MESSAGE][INFO] - Clearing text of object 'Object Repository/Olusturma/Genel/Kutular/SiparisBilgileri/SiparisTarihi'

2021-11-18 12:09:17 - [MESSAGE][PASSED] - Text of object 'Object Repository/Olusturma/Genel/Kutular/SiparisBilgileri/SiparisTarihi' is cleared

2021-11-18 12:09:17 - [TEST_STEP][PASSED] - sendKeys(findTestObject("Object Repository/Olusturma/Genel/Kutular/SiparisBilgileri/SiparisTarihi"), Tarih): Keys '31.04.2020' sent to object: 'Object Repository/Olusturma/Genel/Kutular/SiparisBilgileri/SiparisTarihi'

2021-11-18 12:09:17 - [MESSAGE][INFO] - Finding Test Object 'Object Repository/Olusturma/Genel/Kutular/SiparisBilgileri/SiparisTarihi'

2021-11-18 12:09:17 - [MESSAGE][INFO] - Sending keys '31.04.2020' to object: 'Object Repository/Olusturma/Genel/Kutular/SiparisBilgileri/SiparisTarihi'

2021-11-18 12:09:17 - [MESSAGE][INFO] - Finding web element from Test Object's properties

2021-11-18 12:09:17 - [MESSAGE][INFO] - Checking timeout

2021-11-18 12:09:17 - [MESSAGE][INFO] - Finding web element with id: 'Object Repository/Olusturma/Genel/Kutular/SiparisBilgileri/SiparisTarihi' located by 'By.xpath: //*[@id = 'dateSiparisTarih_I']' in '30' second(s)

2021-11-18 12:09:17 - [MESSAGE][INFO] - Smart Wait Function is triggered

2021-11-18 12:09:17 - [MESSAGE][INFO] - Found 1 web elements with id: 'Object Repository/Olusturma/Genel/Kutular/SiparisBilgileri/SiparisTarihi' located by 'By.xpath: //*[@id = 'dateSiparisTarih_I']' in '30' second(s)

2021-11-18 12:09:17 - [MESSAGE][PASSED] - Keys '31.04.2020' sent to object: 'Object Repository/Olusturma/Genel/Kutular/SiparisBilgileri/SiparisTarihi'

2021-11-18 12:09:17 - [MESSAGE][PASSED] - Call Test Case 'Test Cases/Olusturma/Genel/Kutular/SiparisBilgileriGirilir' successfully

2021-11-18 12:09:17 - [MESSAGE][INFO] - Checking called Test Case

2021-11-18 12:09:17 - [MESSAGE][INFO] - Starting to call Test Case 'Test Cases/Olusturma/Genel/Kutular/IrsaliyeBilgileri'

2021-11-18 12:09:18 - [TEST_CASE][PASSED] - Test Cases/Olusturma/Genel/Kutular/IrsaliyeBilgileri: Test Cases/Olusturma/Genel/Kutular/IrsaliyeBilgileri

2021-11-18 12:09:18 - [TEST_STEP][PASSED] - Method.TextDegerineEsitElementeTikla(findTestObject("Olusturma/Genel/Kutular/KapaliKutular"), "İrsaliye Bilgileri"): Method.TextDegerineEsitElementeTikla is PASSED

2021-11-18 12:09:18 - [MESSAGE][INFO] - Finding Test Object 'Object Repository/Olusturma/Genel/Kutular/KapaliKutular'

2021-11-18 12:09:18 - [MESSAGE][INFO] - Checking timeout

2021-11-18 12:09:18 - [MESSAGE][INFO] - Finding web element with id: 'Object Repository/Olusturma/Genel/Kutular/KapaliKutular' located by 'By.cssSelector: .dxnb-headerCollapsed>span' in '10' second(s)

2021-11-18 12:09:18 - [MESSAGE][INFO] - Smart Wait Function is triggered

2021-11-18 12:09:18 - [MESSAGE][INFO] - Found 8 web elements with id: 'Object Repository/Olusturma/Genel/Kutular/KapaliKutular' located by 'By.cssSelector: .dxnb-headerCollapsed>span' in '10' second(s)

2021-11-18 12:09:18 - [MESSAGE][PASSED] - Method.TextDegerineEsitElementeTikla is PASSED

2021-11-18 12:09:18 - [TEST_STEP][PASSED] - waitForElementClickable(findTestObject("Olusturma/Genel/Kutular/IrsaliyeBilgileri/Ekle"), 10): Object 'Object Repository/Olusturma/Genel/Kutular/IrsaliyeBilgileri/Ekle' is clickable

2021-11-18 12:09:18 - [MESSAGE][INFO] - Finding Test Object 'Object Repository/Olusturma/Genel/Kutular/IrsaliyeBilgileri/Ekle'

2021-11-18 12:09:18 - [MESSAGE][INFO] - Checking object

2021-11-18 12:09:18 - [MESSAGE][INFO] - Checking timeout

2021-11-18 12:09:18 - [MESSAGE][INFO] - Finding web element from Test Object's properties

2021-11-18 12:09:18 - [MESSAGE][INFO] - Checking timeout

2021-11-18 12:09:18 - [MESSAGE][INFO] - Finding web element with id: 'Object Repository/Olusturma/Genel/Kutular/IrsaliyeBilgileri/Ekle' located by 'By.xpath: //*[@id = 'DXEditorgvUserInvoiceBillsNewRowBtn']' in '10' second(s)

2021-11-18 12:09:18 - [MESSAGE][INFO] - Smart Wait Function is triggered

2021-11-18 12:09:18 - [MESSAGE][INFO] - Found 1 web elements with id: 'Object Repository/Olusturma/Genel/Kutular/IrsaliyeBilgileri/Ekle' located by 'By.xpath: //*[@id = 'DXEditorgvUserInvoiceBillsNewRowBtn']' in '10' second(s)

2021-11-18 12:09:18 - [MESSAGE][PASSED] - Object 'Object Repository/Olusturma/Genel/Kutular/IrsaliyeBilgileri/Ekle' is clickable

2021-11-18 12:09:18 - [TEST_STEP][PASSED] - click(findTestObject("Olusturma/Genel/Kutular/IrsaliyeBilgileri/Ekle")): Object: 'Object Repository/Olusturma/Genel/Kutular/IrsaliyeBilgileri/Ekle' is clicked on

2021-11-18 12:09:18 - [MESSAGE][INFO] - Finding Test Object 'Object Repository/Olusturma/Genel/Kutular/IrsaliyeBilgileri/Ekle'

2021-11-18 12:09:19 - [MESSAGE][INFO] - Checking object

2021-11-18 12:09:19 - [MESSAGE][INFO] - Finding web element from Test Object's properties

2021-11-18 12:09:19 - [MESSAGE][INFO] - Checking timeout

2021-11-18 12:09:19 - [MESSAGE][INFO] - Finding web element with id: 'Object Repository/Olusturma/Genel/Kutular/IrsaliyeBilgileri/Ekle' located by 'By.xpath: //*[@id = 'DXEditorgvUserInvoiceBillsNewRowBtn']' in '30' second(s)

2021-11-18 12:09:19 - [MESSAGE][INFO] - Smart Wait Function is triggered

2021-11-18 12:09:19 - [MESSAGE][INFO] - Found 1 web elements with id: 'Object Repository/Olusturma/Genel/Kutular/IrsaliyeBilgileri/Ekle' located by 'By.xpath: //*[@id = 'DXEditorgvUserInvoiceBillsNewRowBtn']' in '30' second(s)

2021-11-18 12:09:19 - [MESSAGE][INFO] - Clicking on object: 'Object Repository/Olusturma/Genel/Kutular/IrsaliyeBilgileri/Ekle'

2021-11-18 12:09:19 - [MESSAGE][PASSED] - Object: 'Object Repository/Olusturma/Genel/Kutular/IrsaliyeBilgileri/Ekle' is clicked on

2021-11-18 12:09:19 - [TEST_STEP][PASSED] - waitForElementPresent(findTestObject("Object Repository/Olusturma/Genel/Kutular/IrsaliyeBilgileri/IrsaliyeNumarasi"), 10): Object 'Object Repository/Olusturma/Genel/Kutular/IrsaliyeBilgileri/IrsaliyeNumarasi' is present

2021-11-18 12:09:19 - [MESSAGE][INFO] - Finding Test Object 'Object Repository/Olusturma/Genel/Kutular/IrsaliyeBilgileri/IrsaliyeNumarasi'

2021-11-18 12:09:19 - [MESSAGE][INFO] - Checking object

2021-11-18 12:09:19 - [MESSAGE][INFO] - Finding web element from Test Object's properties

2021-11-18 12:09:19 - [MESSAGE][INFO] - Checking timeout

2021-11-18 12:09:19 - [MESSAGE][INFO] - Finding web element with id: 'Object Repository/Olusturma/Genel/Kutular/IrsaliyeBilgileri/IrsaliyeNumarasi' located by 'By.xpath: //*[@id = 'gvUserInvoiceBills_DXEditor1_I']' in '10' second(s)

2021-11-18 12:09:19 - [MESSAGE][INFO] - Smart Wait Function is triggered

2021-11-18 12:09:19 - [MESSAGE][INFO] - Smart Wait Function is triggered

2021-11-18 12:09:19 - [MESSAGE][INFO] - Smart Wait Function is triggered

2021-11-18 12:09:20 - [MESSAGE][INFO] - Found 1 web elements with id: 'Object Repository/Olusturma/Genel/Kutular/IrsaliyeBilgileri/IrsaliyeNumarasi' located by 'By.xpath: //*[@id = 'gvUserInvoiceBills_DXEditor1_I']' in '10' second(s)

2021-11-18 12:09:20 - [MESSAGE][PASSED] - Object 'Object Repository/Olusturma/Genel/Kutular/IrsaliyeBilgileri/IrsaliyeNumarasi' is present

2021-11-18 12:09:20 - [TEST_STEP][PASSED] - clearText(findTestObject("Object Repository/Olusturma/Genel/Kutular/IrsaliyeBilgileri/IrsaliyeNumarasi")): Text of object 'Object Repository/Olusturma/Genel/Kutular/IrsaliyeBilgileri/IrsaliyeNumarasi' is cleared

2021-11-18 12:09:20 - [MESSAGE][INFO] - Finding Test Object 'Object Repository/Olusturma/Genel/Kutular/IrsaliyeBilgileri/IrsaliyeNumarasi'

2021-11-18 12:09:20 - [MESSAGE][INFO] - Checking object

2021-11-18 12:09:20 - [MESSAGE][INFO] - Finding web element from Test Object's properties

2021-11-18 12:09:20 - [MESSAGE][INFO] - Checking timeout

2021-11-18 12:09:20 - [MESSAGE][INFO] - Finding web element with id: 'Object Repository/Olusturma/Genel/Kutular/IrsaliyeBilgileri/IrsaliyeNumarasi' located by 'By.xpath: //*[@id = 'gvUserInvoiceBills_DXEditor1_I']' in '30' second(s)

2021-11-18 12:09:20 - [MESSAGE][INFO] - Smart Wait Function is triggered

2021-11-18 12:09:20 - [MESSAGE][INFO] - Found 1 web elements with id: 'Object Repository/Olusturma/Genel/Kutular/IrsaliyeBilgileri/IrsaliyeNumarasi' located by 'By.xpath: //*[@id = 'gvUserInvoiceBills_DXEditor1_I']' in '30' second(s)

2021-11-18 12:09:20 - [MESSAGE][INFO] - Clearing text of object 'Object Repository/Olusturma/Genel/Kutular/IrsaliyeBilgileri/IrsaliyeNumarasi'

2021-11-18 12:09:20 - [MESSAGE][PASSED] - Text of object 'Object Repository/Olusturma/Genel/Kutular/IrsaliyeBilgileri/IrsaliyeNumarasi' is cleared

2021-11-18 12:09:20 - [TEST_STEP][PASSED] - sendKeys(findTestObject("Object Repository/Olusturma/Genel/Kutular/IrsaliyeBilgileri/IrsaliyeNumarasi"), Numara): Keys 'AAAAAAAAAA' sent to object: 'Object Repository/Olusturma/Genel/Kutular/IrsaliyeBilgileri/IrsaliyeNumarasi'

2021-11-18 12:09:20 - [MESSAGE][INFO] - Finding Test Object 'Object Repository/Olusturma/Genel/Kutular/IrsaliyeBilgileri/IrsaliyeNumarasi'

2021-11-18 12:09:21 - [MESSAGE][INFO] - Sending keys 'AAAAAAAAAA' to object: 'Object Repository/Olusturma/Genel/Kutular/IrsaliyeBilgileri/IrsaliyeNumarasi'

2021-11-18 12:09:21 - [MESSAGE][INFO] - Finding web element from Test Object's properties

2021-11-18 12:09:21 - [MESSAGE][INFO] - Checking timeout

2021-11-18 12:09:21 - [MESSAGE][INFO] - Finding web element with id: 'Object Repository/Olusturma/Genel/Kutular/IrsaliyeBilgileri/IrsaliyeNumarasi' located by 'By.xpath: //*[@id = 'gvUserInvoiceBills_DXEditor1_I']' in '30' second(s)

2021-11-18 12:09:21 - [MESSAGE][INFO] - Smart Wait Function is triggered

2021-11-18 12:09:21 - [MESSAGE][INFO] - Found 1 web elements with id: 'Object Repository/Olusturma/Genel/Kutular/IrsaliyeBilgileri/IrsaliyeNumarasi' located by 'By.xpath: //*[@id = 'gvUserInvoiceBills_DXEditor1_I']' in '30' second(s)

2021-11-18 12:09:21 - [MESSAGE][PASSED] - Keys 'AAAAAAAAAA' sent to object: 'Object Repository/Olusturma/Genel/Kutular/IrsaliyeBilgileri/IrsaliyeNumarasi'

2021-11-18 12:09:21 - [TEST_STEP][PASSED] - waitForElementClickable(findTestObject("Object Repository/Olusturma/Genel/Kutular/IrsaliyeBilgileri/IrsaliyeTarihi"), 10): Object 'Object Repository/Olusturma/Genel/Kutular/IrsaliyeBilgileri/IrsaliyeTarihi' is clickable

2021-11-18 12:09:21 - [MESSAGE][INFO] - Finding Test Object 'Object Repository/Olusturma/Genel/Kutular/IrsaliyeBilgileri/IrsaliyeTarihi'

2021-11-18 12:09:21 - [MESSAGE][INFO] - Checking object

2021-11-18 12:09:21 - [MESSAGE][INFO] - Checking timeout

2021-11-18 12:09:21 - [MESSAGE][INFO] - Finding web element from Test Object's properties

2021-11-18 12:09:21 - [MESSAGE][INFO] - Checking timeout

2021-11-18 12:09:21 - [MESSAGE][INFO] - Finding web element with id: 'Object Repository/Olusturma/Genel/Kutular/IrsaliyeBilgileri/IrsaliyeTarihi' located by 'By.xpath: //*[@id = 'gvUserInvoiceBills_DXEditor2_I']' in '10' second(s)

2021-11-18 12:09:21 - [MESSAGE][INFO] - Smart Wait Function is triggered

2021-11-18 12:09:21 - [MESSAGE][INFO] - Found 1 web elements with id: 'Object Repository/Olusturma/Genel/Kutular/IrsaliyeBilgileri/IrsaliyeTarihi' located by 'By.xpath: //*[@id = 'gvUserInvoiceBills_DXEditor2_I']' in '10' second(s)

2021-11-18 12:09:21 - [MESSAGE][PASSED] - Object 'Object Repository/Olusturma/Genel/Kutular/IrsaliyeBilgileri/IrsaliyeTarihi' is clickable

2021-11-18 12:09:21 - [TEST_STEP][PASSED] - click(findTestObject("Object Repository/Olusturma/Genel/Kutular/IrsaliyeBilgileri/IrsaliyeTarihi")): Object: 'Object Repository/Olusturma/Genel/Kutular/IrsaliyeBilgileri/IrsaliyeTarihi' is clicked on

2021-11-18 12:09:21 - [MESSAGE][INFO] - Finding Test Object 'Object Repository/Olusturma/Genel/Kutular/IrsaliyeBilgileri/IrsaliyeTarihi'

2021-11-18 12:09:21 - [MESSAGE][INFO] - Checking object

2021-11-18 12:09:21 - [MESSAGE][INFO] - Finding web element from Test Object's properties

2021-11-18 12:09:21 - [MESSAGE][INFO] - Checking timeout

2021-11-18 12:09:21 - [MESSAGE][INFO] - Finding web element with id: 'Object Repository/Olusturma/Genel/Kutular/IrsaliyeBilgileri/IrsaliyeTarihi' located by 'By.xpath: //*[@id = 'gvUserInvoiceBills_DXEditor2_I']' in '30' second(s)

2021-11-18 12:09:21 - [MESSAGE][INFO] - Smart Wait Function is triggered

2021-11-18 12:09:22 - [MESSAGE][INFO] - Found 1 web elements with id: 'Object Repository/Olusturma/Genel/Kutular/IrsaliyeBilgileri/IrsaliyeTarihi' located by 'By.xpath: //*[@id = 'gvUserInvoiceBills_DXEditor2_I']' in '30' second(s)

2021-11-18 12:09:22 - [MESSAGE][INFO] - Clicking on object: 'Object Repository/Olusturma/Genel/Kutular/IrsaliyeBilgileri/IrsaliyeTarihi'

2021-11-18 12:09:22 - [MESSAGE][PASSED] - Object: 'Object Repository/Olusturma/Genel/Kutular/IrsaliyeBilgileri/IrsaliyeTarihi' is clicked on

2021-11-18 12:09:22 - [TEST_STEP][PASSED] - sendKeys(findTestObject("Object Repository/Olusturma/Genel/Kutular/IrsaliyeBilgileri/IrsaliyeTarihi"), Tarih): Keys '31.04.2020' sent to object: 'Object Repository/Olusturma/Genel/Kutular/IrsaliyeBilgileri/IrsaliyeTarihi'

2021-11-18 12:09:22 - [MESSAGE][INFO] - Finding Test Object 'Object Repository/Olusturma/Genel/Kutular/IrsaliyeBilgileri/IrsaliyeTarihi'

2021-11-18 12:09:22 - [MESSAGE][INFO] - Sending keys '31.04.2020' to object: 'Object Repository/Olusturma/Genel/Kutular/IrsaliyeBilgileri/IrsaliyeTarihi'

2021-11-18 12:09:22 - [MESSAGE][INFO] - Finding web element from Test Object's properties

2021-11-18 12:09:22 - [MESSAGE][INFO] - Checking timeout

2021-11-18 12:09:22 - [MESSAGE][INFO] - Finding web element with id: 'Object Repository/Olusturma/Genel/Kutular/IrsaliyeBilgileri/IrsaliyeTarihi' located by 'By.xpath: //*[@id = 'gvUserInvoiceBills_DXEditor2_I']' in '30' second(s)

2021-11-18 12:09:22 - [MESSAGE][INFO] - Smart Wait Function is triggered

2021-11-18 12:09:22 - [MESSAGE][INFO] - Found 1 web elements with id: 'Object Repository/Olusturma/Genel/Kutular/IrsaliyeBilgileri/IrsaliyeTarihi' located by 'By.xpath: //*[@id = 'gvUserInvoiceBills_DXEditor2_I']' in '30' second(s)

2021-11-18 12:09:22 - [MESSAGE][PASSED] - Keys '31.04.2020' sent to object: 'Object Repository/Olusturma/Genel/Kutular/IrsaliyeBilgileri/IrsaliyeTarihi'

2021-11-18 12:09:22 - [MESSAGE][PASSED] - Call Test Case 'Test Cases/Olusturma/Genel/Kutular/IrsaliyeBilgileri' successfully

2021-11-18 12:09:22 - [MESSAGE][INFO] - Checking called Test Case

2021-11-18 12:09:22 - [MESSAGE][INFO] - Starting to call Test Case 'Test Cases/Olusturma/Genel/EkleButonunaBasilir'

2021-11-18 12:09:22 - [TEST_CASE][PASSED] - Test Cases/Olusturma/Genel/EkleButonunaBasilir: Test Cases/Olusturma/Genel/EkleButonunaBasilir

2021-11-18 12:09:22 - [TEST_STEP][PASSED] - waitForElementClickable(findTestObject("Object Repository/Olusturma/Genel/Olusturma/Ekle"), 10): Object 'Object Repository/Olusturma/Genel/Olusturma/Ekle' is clickable

2021-11-18 12:09:22 - [MESSAGE][INFO] - Finding Test Object 'Object Repository/Olusturma/Genel/Olusturma/Ekle'

2021-11-18 12:09:22 - [MESSAGE][INFO] - Checking object

2021-11-18 12:09:22 - [MESSAGE][INFO] - Checking timeout

2021-11-18 12:09:22 - [MESSAGE][INFO] - Finding web element from Test Object's properties

2021-11-18 12:09:22 - [MESSAGE][INFO] - Checking timeout

2021-11-18 12:09:22 - [MESSAGE][INFO] - Finding web element with id: 'Object Repository/Olusturma/Genel/Olusturma/Ekle' located by 'By.cssSelector: #divmalhizmet i.fa.fa-plus.fa-lg.text-muted' in '10' second(s)

2021-11-18 12:09:22 - [MESSAGE][INFO] - Smart Wait Function is triggered

2021-11-18 12:09:23 - [MESSAGE][INFO] - Found 1 web elements with id: 'Object Repository/Olusturma/Genel/Olusturma/Ekle' located by 'By.cssSelector: #divmalhizmet i.fa.fa-plus.fa-lg.text-muted' in '10' second(s)

2021-11-18 12:09:23 - [MESSAGE][PASSED] - Object 'Object Repository/Olusturma/Genel/Olusturma/Ekle' is clickable

2021-11-18 12:09:23 - [TEST_STEP][PASSED] - click(findTestObject("Object Repository/Olusturma/Genel/Olusturma/Ekle")): Object: 'Object Repository/Olusturma/Genel/Olusturma/Ekle' is clicked on

2021-11-18 12:09:23 - [MESSAGE][INFO] - Finding Test Object 'Object Repository/Olusturma/Genel/Olusturma/Ekle'

2021-11-18 12:09:23 - [MESSAGE][INFO] - Checking object

2021-11-18 12:09:23 - [MESSAGE][INFO] - Finding web element from Test Object's properties

2021-11-18 12:09:23 - [MESSAGE][INFO] - Checking timeout

2021-11-18 12:09:23 - [MESSAGE][INFO] - Finding web element with id: 'Object Repository/Olusturma/Genel/Olusturma/Ekle' located by 'By.cssSelector: #divmalhizmet i.fa.fa-plus.fa-lg.text-muted' in '30' second(s)

2021-11-18 12:09:23 - [MESSAGE][INFO] - Smart Wait Function is triggered

2021-11-18 12:09:23 - [MESSAGE][INFO] - Found 1 web elements with id: 'Object Repository/Olusturma/Genel/Olusturma/Ekle' located by 'By.cssSelector: #divmalhizmet i.fa.fa-plus.fa-lg.text-muted' in '30' second(s)

2021-11-18 12:09:23 - [MESSAGE][INFO] - Clicking on object: 'Object Repository/Olusturma/Genel/Olusturma/Ekle'

2021-11-18 12:09:23 - [MESSAGE][PASSED] - Object: 'Object Repository/Olusturma/Genel/Olusturma/Ekle' is clicked on

2021-11-18 12:09:23 - [TEST_STEP][PASSED] - waitForElementClickable(findTestObject("Olusturma/Genel/Olusturma/EklenenSatirCarpiImage"), 10): Object 'Object Repository/Olusturma/Genel/Olusturma/EklenenSatirCarpiImage' is clickable

2021-11-18 12:09:23 - [MESSAGE][INFO] - Finding Test Object 'Object Repository/Olusturma/Genel/Olusturma/EklenenSatirCarpiImage'

2021-11-18 12:09:23 - [MESSAGE][INFO] - Checking object

2021-11-18 12:09:23 - [MESSAGE][INFO] - Checking timeout

2021-11-18 12:09:23 - [MESSAGE][INFO] - Finding web element from Test Object's properties

2021-11-18 12:09:23 - [MESSAGE][INFO] - Checking timeout

2021-11-18 12:09:23 - [MESSAGE][INFO] - Finding web element with id: 'Object Repository/Olusturma/Genel/Olusturma/EklenenSatirCarpiImage' located by 'By.cssSelector: .fa.fa-times.fa-lg.text-primary' in '10' second(s)

2021-11-18 12:09:23 - [MESSAGE][INFO] - Smart Wait Function is triggered

2021-11-18 12:09:23 - [MESSAGE][INFO] - Found 1 web elements with id: 'Object Repository/Olusturma/Genel/Olusturma/EklenenSatirCarpiImage' located by 'By.cssSelector: .fa.fa-times.fa-lg.text-primary' in '10' second(s)

2021-11-18 12:09:23 - [MESSAGE][PASSED] - Object 'Object Repository/Olusturma/Genel/Olusturma/EklenenSatirCarpiImage' is clickable

2021-11-18 12:09:23 - [MESSAGE][PASSED] - Call Test Case 'Test Cases/Olusturma/Genel/EkleButonunaBasilir' successfully

2021-11-18 12:09:23 - [MESSAGE][INFO] - Checking called Test Case

2021-11-18 12:09:23 - [MESSAGE][INFO] - Starting to call Test Case 'Test Cases/Olusturma/Genel/Olusturma'

2021-11-18 12:09:24 - [TEST_CASE][PASSED] - Test Cases/Olusturma/Genel/Olusturma: Test Cases/Olusturma/Genel/Olusturma

2021-11-18 12:09:24 - [TEST_STEP][PASSED] - driver = getWebDriver(): null

2021-11-18 12:09:24 - [TEST_STEP][PASSED] - action = new org.openqa.selenium.interactions.Actions(driver): null

2021-11-18 12:09:24 - [TEST_STEP][PASSED] - baslikElement = <not implemented yet for class: org.codehaus.groovy.ast.expr.EmptyExpression>: null

2021-11-18 12:09:24 - [TEST_STEP][PASSED] - sonElement = <not implemented yet for class: org.codehaus.groovy.ast.expr.EmptyExpression>: null

2021-11-18 12:09:24 - [TEST_STEP][PASSED] - attr = <not implemented yet for class: org.codehaus.groovy.ast.expr.EmptyExpression>: null

2021-11-18 12:09:24 - [TEST_STEP][PASSED] - a = 0: null

2021-11-18 12:09:24 - [TEST_STEP][PASSED] - elements = findWebElements(findTestObject("Object Repository/Olusturma/Genel/Olusturma/TabloBasliklari"), 10): Found 17 web elements with id: 'Object Repository/Olusturma/Genel/Olusturma/TabloBasliklari' located by 'By.cssSelector: div#divmalhizmet .dxgvTable_LECustomTheme td.dxgvHeader_LECustomTheme tr>td:nth-child(1)' in '10' second(s)

2021-11-18 12:09:24 - [MESSAGE][INFO] - Finding Test Object 'Object Repository/Olusturma/Genel/Olusturma/TabloBasliklari'

2021-11-18 12:09:24 - [MESSAGE][INFO] - Checking timeout

2021-11-18 12:09:24 - [MESSAGE][INFO] - Finding web element with id: 'Object Repository/Olusturma/Genel/Olusturma/TabloBasliklari' located by 'By.cssSelector: div#divmalhizmet .dxgvTable_LECustomTheme td.dxgvHeader_LECustomTheme tr>td:nth-child(1)' in '10' second(s)

2021-11-18 12:09:24 - [MESSAGE][INFO] - Smart Wait Function is triggered

2021-11-18 12:09:25 - [MESSAGE][INFO] - Found 17 web elements with id: 'Object Repository/Olusturma/Genel/Olusturma/TabloBasliklari' located by 'By.cssSelector: div#divmalhizmet .dxgvTable_LECustomTheme td.dxgvHeader_LECustomTheme tr>td:nth-child(1)' in '10' second(s)

2021-11-18 12:09:25 - [TEST_STEP][PASSED] - for (def element : elements): null

2021-11-18 12:09:25 - [TEST_STEP][PASSED] - build().perform(): null

2021-11-18 12:09:25 - [TEST_STEP][PASSED] - if (getText().equals(Baslik)): null

2021-11-18 12:09:25 - [TEST_STEP][PASSED] - baslikElement = element.findElement(By.xpath("../../../..")): Smart Wait Function is triggered

2021-11-18 12:09:25 - [MESSAGE][INFO] - Smart Wait Function is triggered

2021-11-18 12:09:25 - [TEST_STEP][PASSED] - attr = baslikElement.getAttribute("id"): null

2021-11-18 12:09:25 - [TEST_STEP][PASSED] - println("girdi ve idsini aldı = " + attr): null

2021-11-18 12:09:25 - [TEST_STEP][PASSED] - break: null

2021-11-18 12:09:25 - [TEST_STEP][PASSED] - countElement = baslikElement.findElements(By.xpath("../td")): Smart Wait Function is triggered

2021-11-18 12:09:25 - [MESSAGE][INFO] - Smart Wait Function is triggered

2021-11-18 12:09:26 - [TEST_STEP][PASSED] - for (def element : countElement): null

2021-11-18 12:09:26 - [TEST_STEP][PASSED] - if (toString().equals(attr.toString())): null

2021-11-18 12:09:26 - [TEST_STEP][PASSED] - (a++): null

2021-11-18 12:09:26 - [TEST_STEP][PASSED] - if (toString().equals(attr.toString())): null

2021-11-18 12:09:26 - [TEST_STEP][PASSED] - break: null

2021-11-18 12:09:26 - [TEST_STEP][PASSED] - son = findWebElement(findTestObject("Object Repository/Olusturma/Genel/Olusturma/EklenenSatir")).findElement(By.xpath("td[@class='dxgvInlineEditCell_LECustomTheme dxgv'][" + a + "]//td[@class='dxic']/input")): Smart Wait Function is triggered

2021-11-18 12:09:26 - [MESSAGE][INFO] - Finding Test Object 'Object Repository/Olusturma/Genel/Olusturma/EklenenSatir'

2021-11-18 12:09:26 - [MESSAGE][INFO] - Finding web element from Test Object's properties

2021-11-18 12:09:26 - [MESSAGE][INFO] - Checking timeout

2021-11-18 12:09:26 - [MESSAGE][INFO] - Finding web element with id: 'Object Repository/Olusturma/Genel/Olusturma/EklenenSatir' located by 'By.cssSelector: #divmalhizmet .dxgvInlineEditRow_LECustomTheme' in '30' second(s)

2021-11-18 12:09:26 - [MESSAGE][INFO] - Smart Wait Function is triggered

2021-11-18 12:09:26 - [MESSAGE][INFO] - Found 1 web elements with id: 'Object Repository/Olusturma/Genel/Olusturma/EklenenSatir' located by 'By.cssSelector: #divmalhizmet .dxgvInlineEditRow_LECustomTheme' in '30' second(s)

2021-11-18 12:09:26 - [MESSAGE][INFO] - Smart Wait Function is triggered

2021-11-18 12:09:26 - [TEST_STEP][PASSED] - if (!(getAttribute("value").contains("Vkn"))): null

2021-11-18 12:09:26 - [TEST_STEP][PASSED] - son.clear(): null

2021-11-18 12:09:27 - [TEST_STEP][PASSED] - son.sendKeys(Deger): null

2021-11-18 12:09:27 - [MESSAGE][PASSED] - Call Test Case 'Test Cases/Olusturma/Genel/Olusturma' successfully

2021-11-18 12:09:27 - [MESSAGE][INFO] - Checking called Test Case

2021-11-18 12:09:27 - [MESSAGE][INFO] - Starting to call Test Case 'Test Cases/Olusturma/Genel/Olusturma'

2021-11-18 12:09:27 - [TEST_CASE][PASSED] - Test Cases/Olusturma/Genel/Olusturma: Test Cases/Olusturma/Genel/Olusturma

2021-11-18 12:09:27 - [TEST_STEP][PASSED] - driver = getWebDriver(): null

2021-11-18 12:09:27 - [TEST_STEP][PASSED] - action = new org.openqa.selenium.interactions.Actions(driver): null

2021-11-18 12:09:27 - [TEST_STEP][PASSED] - baslikElement = <not implemented yet for class: org.codehaus.groovy.ast.expr.EmptyExpression>: null

2021-11-18 12:09:27 - [TEST_STEP][PASSED] - sonElement = <not implemented yet for class: org.codehaus.groovy.ast.expr.EmptyExpression>: null

2021-11-18 12:09:27 - [TEST_STEP][PASSED] - attr = <not implemented yet for class: org.codehaus.groovy.ast.expr.EmptyExpression>: null

2021-11-18 12:09:27 - [TEST_STEP][PASSED] - a = 0: null

2021-11-18 12:09:27 - [TEST_STEP][PASSED] - elements = findWebElements(findTestObject("Object Repository/Olusturma/Genel/Olusturma/TabloBasliklari"), 10): Found 17 web elements with id: 'Object Repository/Olusturma/Genel/Olusturma/TabloBasliklari' located by 'By.cssSelector: div#divmalhizmet .dxgvTable_LECustomTheme td.dxgvHeader_LECustomTheme tr>td:nth-child(1)' in '10' second(s)

2021-11-18 12:09:27 - [MESSAGE][INFO] - Finding Test Object 'Object Repository/Olusturma/Genel/Olusturma/TabloBasliklari'

2021-11-18 12:09:27 - [MESSAGE][INFO] - Checking timeout

2021-11-18 12:09:27 - [MESSAGE][INFO] - Finding web element with id: 'Object Repository/Olusturma/Genel/Olusturma/TabloBasliklari' located by 'By.cssSelector: div#divmalhizmet .dxgvTable_LECustomTheme td.dxgvHeader_LECustomTheme tr>td:nth-child(1)' in '10' second(s)

2021-11-18 12:09:27 - [MESSAGE][INFO] - Smart Wait Function is triggered

2021-11-18 12:09:27 - [MESSAGE][INFO] - Found 17 web elements with id: 'Object Repository/Olusturma/Genel/Olusturma/TabloBasliklari' located by 'By.cssSelector: div#divmalhizmet .dxgvTable_LECustomTheme td.dxgvHeader_LECustomTheme tr>td:nth-child(1)' in '10' second(s)

2021-11-18 12:09:27 - [TEST_STEP][PASSED] - for (def element : elements): null

2021-11-18 12:09:27 - [TEST_STEP][PASSED] - build().perform(): null

2021-11-18 12:09:27 - [TEST_STEP][PASSED] - if (getText().equals(Baslik)): null

2021-11-18 12:09:27 - [TEST_STEP][PASSED] - build().perform(): null

2021-11-18 12:09:27 - [TEST_STEP][PASSED] - if (getText().equals(Baslik)): null

2021-11-18 12:09:27 - [TEST_STEP][PASSED] - baslikElement = element.findElement(By.xpath("../../../..")): Smart Wait Function is triggered

2021-11-18 12:09:27 - [MESSAGE][INFO] - Smart Wait Function is triggered

2021-11-18 12:09:28 - [TEST_STEP][PASSED] - attr = baslikElement.getAttribute("id"): null

2021-11-18 12:09:28 - [TEST_STEP][PASSED] - println("girdi ve idsini aldı = " + attr): null

2021-11-18 12:09:28 - [TEST_STEP][PASSED] - break: null

2021-11-18 12:09:28 - [TEST_STEP][PASSED] - countElement = baslikElement.findElements(By.xpath("../td")): Smart Wait Function is triggered

2021-11-18 12:09:28 - [MESSAGE][INFO] - Smart Wait Function is triggered

2021-11-18 12:09:28 - [TEST_STEP][PASSED] - for (def element : countElement): null

2021-11-18 12:09:28 - [TEST_STEP][PASSED] - if (toString().equals(attr.toString())): null

2021-11-18 12:09:28 - [TEST_STEP][PASSED] - (a++): null

2021-11-18 12:09:28 - [TEST_STEP][PASSED] - if (toString().equals(attr.toString())): null

2021-11-18 12:09:28 - [TEST_STEP][PASSED] - (a++): null

2021-11-18 12:09:28 - [TEST_STEP][PASSED] - if (toString().equals(attr.toString())): null

2021-11-18 12:09:28 - [TEST_STEP][PASSED] - break: null

2021-11-18 12:09:28 - [TEST_STEP][PASSED] - son = findWebElement(findTestObject("Object Repository/Olusturma/Genel/Olusturma/EklenenSatir")).findElement(By.xpath("td[@class='dxgvInlineEditCell_LECustomTheme dxgv'][" + a + "]//td[@class='dxic']/input")): Smart Wait Function is triggered

2021-11-18 12:09:28 - [MESSAGE][INFO] - Finding Test Object 'Object Repository/Olusturma/Genel/Olusturma/EklenenSatir'

2021-11-18 12:09:28 - [MESSAGE][INFO] - Finding web element from Test Object's properties

2021-11-18 12:09:28 - [MESSAGE][INFO] - Checking timeout

2021-11-18 12:09:28 - [MESSAGE][INFO] - Finding web element with id: 'Object Repository/Olusturma/Genel/Olusturma/EklenenSatir' located by 'By.cssSelector: #divmalhizmet .dxgvInlineEditRow_LECustomTheme' in '30' second(s)

2021-11-18 12:09:28 - [MESSAGE][INFO] - Smart Wait Function is triggered

2021-11-18 12:09:28 - [MESSAGE][INFO] - Found 1 web elements with id: 'Object Repository/Olusturma/Genel/Olusturma/EklenenSatir' located by 'By.cssSelector: #divmalhizmet .dxgvInlineEditRow_LECustomTheme' in '30' second(s)

2021-11-18 12:09:28 - [MESSAGE][INFO] - Smart Wait Function is triggered

2021-11-18 12:09:29 - [TEST_STEP][PASSED] - if (!(getAttribute("value").contains("Vkn"))): null

2021-11-18 12:09:29 - [TEST_STEP][PASSED] - son.clear(): null

2021-11-18 12:09:29 - [TEST_STEP][PASSED] - son.sendKeys(Deger): null

2021-11-18 12:09:29 - [MESSAGE][PASSED] - Call Test Case 'Test Cases/Olusturma/Genel/Olusturma' successfully

2021-11-18 12:09:29 - [MESSAGE][INFO] - Checking called Test Case

2021-11-18 12:09:29 - [MESSAGE][INFO] - Starting to call Test Case 'Test Cases/Olusturma/Genel/Olusturma'

2021-11-18 12:09:29 - [TEST_CASE][PASSED] - Test Cases/Olusturma/Genel/Olusturma: Test Cases/Olusturma/Genel/Olusturma

2021-11-18 12:09:29 - [TEST_STEP][PASSED] - driver = getWebDriver(): null

2021-11-18 12:09:29 - [TEST_STEP][PASSED] - action = new org.openqa.selenium.interactions.Actions(driver): null

2021-11-18 12:09:29 - [TEST_STEP][PASSED] - baslikElement = <not implemented yet for class: org.codehaus.groovy.ast.expr.EmptyExpression>: null

2021-11-18 12:09:29 - [TEST_STEP][PASSED] - sonElement = <not implemented yet for class: org.codehaus.groovy.ast.expr.EmptyExpression>: null

2021-11-18 12:09:29 - [TEST_STEP][PASSED] - attr = <not implemented yet for class: org.codehaus.groovy.ast.expr.EmptyExpression>: null

2021-11-18 12:09:29 - [TEST_STEP][PASSED] - a = 0: null

2021-11-18 12:09:29 - [TEST_STEP][PASSED] - elements = findWebElements(findTestObject("Object Repository/Olusturma/Genel/Olusturma/TabloBasliklari"), 10): Found 17 web elements with id: 'Object Repository/Olusturma/Genel/Olusturma/TabloBasliklari' located by 'By.cssSelector: div#divmalhizmet .dxgvTable_LECustomTheme td.dxgvHeader_LECustomTheme tr>td:nth-child(1)' in '10' second(s)

2021-11-18 12:09:29 - [MESSAGE][INFO] - Finding Test Object 'Object Repository/Olusturma/Genel/Olusturma/TabloBasliklari'

2021-11-18 12:09:29 - [MESSAGE][INFO] - Checking timeout

2021-11-18 12:09:29 - [MESSAGE][INFO] - Finding web element with id: 'Object Repository/Olusturma/Genel/Olusturma/TabloBasliklari' located by 'By.cssSelector: div#divmalhizmet .dxgvTable_LECustomTheme td.dxgvHeader_LECustomTheme tr>td:nth-child(1)' in '10' second(s)

2021-11-18 12:09:29 - [MESSAGE][INFO] - Smart Wait Function is triggered

2021-11-18 12:09:29 - [MESSAGE][INFO] - Found 17 web elements with id: 'Object Repository/Olusturma/Genel/Olusturma/TabloBasliklari' located by 'By.cssSelector: div#divmalhizmet .dxgvTable_LECustomTheme td.dxgvHeader_LECustomTheme tr>td:nth-child(1)' in '10' second(s)

2021-11-18 12:09:29 - [TEST_STEP][PASSED] - for (def element : elements): null

2021-11-18 12:09:29 - [TEST_STEP][PASSED] - build().perform(): null

2021-11-18 12:09:29 - [TEST_STEP][PASSED] - if (getText().equals(Baslik)): null

2021-11-18 12:09:29 - [TEST_STEP][PASSED] - build().perform(): null

2021-11-18 12:09:30 - [TEST_STEP][PASSED] - if (getText().equals(Baslik)): null

2021-11-18 12:09:30 - [TEST_STEP][PASSED] - build().perform(): null

2021-11-18 12:09:30 - [TEST_STEP][PASSED] - if (getText().equals(Baslik)): null

2021-11-18 12:09:30 - [TEST_STEP][PASSED] - build().perform(): null

2021-11-18 12:09:30 - [TEST_STEP][PASSED] - if (getText().equals(Baslik)): null

2021-11-18 12:09:30 - [TEST_STEP][PASSED] - baslikElement = element.findElement(By.xpath("../../../..")): Smart Wait Function is triggered

2021-11-18 12:09:30 - [MESSAGE][INFO] - Smart Wait Function is triggered

2021-11-18 12:09:30 - [TEST_STEP][PASSED] - attr = baslikElement.getAttribute("id"): null

2021-11-18 12:09:30 - [TEST_STEP][PASSED] - println("girdi ve idsini aldı = " + attr): null

2021-11-18 12:09:30 - [TEST_STEP][PASSED] - break: null

2021-11-18 12:09:30 - [TEST_STEP][PASSED] - countElement = baslikElement.findElements(By.xpath("../td")): Smart Wait Function is triggered

2021-11-18 12:09:30 - [MESSAGE][INFO] - Smart Wait Function is triggered

2021-11-18 12:09:30 - [TEST_STEP][PASSED] - for (def element : countElement): null

2021-11-18 12:09:30 - [TEST_STEP][PASSED] - if (toString().equals(attr.toString())): null

2021-11-18 12:09:30 - [TEST_STEP][PASSED] - (a++): null

2021-11-18 12:09:30 - [TEST_STEP][PASSED] - if (toString().equals(attr.toString())): null

2021-11-18 12:09:30 - [TEST_STEP][PASSED] - (a++): null

2021-11-18 12:09:30 - [TEST_STEP][PASSED] - if (toString().equals(attr.toString())): null

2021-11-18 12:09:30 - [TEST_STEP][PASSED] - (a++): null

2021-11-18 12:09:30 - [TEST_STEP][PASSED] - if (toString().equals(attr.toString())): null

2021-11-18 12:09:30 - [TEST_STEP][PASSED] - (a++): null

2021-11-18 12:09:30 - [TEST_STEP][PASSED] - if (toString().equals(attr.toString())): null

2021-11-18 12:09:30 - [TEST_STEP][PASSED] - break: null

2021-11-18 12:09:30 - [TEST_STEP][PASSED] - son = findWebElement(findTestObject("Object Repository/Olusturma/Genel/Olusturma/EklenenSatir")).findElement(By.xpath("td[@class='dxgvInlineEditCell_LECustomTheme dxgv'][" + a + "]//td[@class='dxic']/input")): Smart Wait Function is triggered

2021-11-18 12:09:30 - [MESSAGE][INFO] - Finding Test Object 'Object Repository/Olusturma/Genel/Olusturma/EklenenSatir'

2021-11-18 12:09:31 - [MESSAGE][INFO] - Finding web element from Test Object's properties

2021-11-18 12:09:31 - [MESSAGE][INFO] - Checking timeout

2021-11-18 12:09:31 - [MESSAGE][INFO] - Finding web element with id: 'Object Repository/Olusturma/Genel/Olusturma/EklenenSatir' located by 'By.cssSelector: #divmalhizmet .dxgvInlineEditRow_LECustomTheme' in '30' second(s)

2021-11-18 12:09:31 - [MESSAGE][INFO] - Smart Wait Function is triggered

2021-11-18 12:09:31 - [MESSAGE][INFO] - Found 1 web elements with id: 'Object Repository/Olusturma/Genel/Olusturma/EklenenSatir' located by 'By.cssSelector: #divmalhizmet .dxgvInlineEditRow_LECustomTheme' in '30' second(s)

2021-11-18 12:09:31 - [MESSAGE][INFO] - Smart Wait Function is triggered

2021-11-18 12:09:31 - [TEST_STEP][PASSED] - if (!(getAttribute("value").contains("Vkn"))): null

2021-11-18 12:09:31 - [TEST_STEP][PASSED] - son.clear(): null

2021-11-18 12:09:31 - [TEST_STEP][PASSED] - son.sendKeys(Deger): null

2021-11-18 12:09:31 - [MESSAGE][PASSED] - Call Test Case 'Test Cases/Olusturma/Genel/Olusturma' successfully

2021-11-18 12:09:31 - [MESSAGE][INFO] - Checking called Test Case

2021-11-18 12:09:31 - [MESSAGE][INFO] - Starting to call Test Case 'Test Cases/Olusturma/Genel/Olusturma'

2021-11-18 12:09:31 - [TEST_CASE][PASSED] - Test Cases/Olusturma/Genel/Olusturma: Test Cases/Olusturma/Genel/Olusturma

2021-11-18 12:09:31 - [TEST_STEP][PASSED] - driver = getWebDriver(): null

2021-11-18 12:09:31 - [TEST_STEP][PASSED] - action = new org.openqa.selenium.interactions.Actions(driver): null

2021-11-18 12:09:31 - [TEST_STEP][PASSED] - baslikElement = <not implemented yet for class: org.codehaus.groovy.ast.expr.EmptyExpression>: null

2021-11-18 12:09:31 - [TEST_STEP][PASSED] - sonElement = <not implemented yet for class: org.codehaus.groovy.ast.expr.EmptyExpression>: null

2021-11-18 12:09:31 - [TEST_STEP][PASSED] - attr = <not implemented yet for class: org.codehaus.groovy.ast.expr.EmptyExpression>: null

2021-11-18 12:09:31 - [TEST_STEP][PASSED] - a = 0: null

2021-11-18 12:09:31 - [TEST_STEP][PASSED] - elements = findWebElements(findTestObject("Object Repository/Olusturma/Genel/Olusturma/TabloBasliklari"), 10): Found 17 web elements with id: 'Object Repository/Olusturma/Genel/Olusturma/TabloBasliklari' located by 'By.cssSelector: div#divmalhizmet .dxgvTable_LECustomTheme td.dxgvHeader_LECustomTheme tr>td:nth-child(1)' in '10' second(s)

2021-11-18 12:09:31 - [MESSAGE][INFO] - Finding Test Object 'Object Repository/Olusturma/Genel/Olusturma/TabloBasliklari'

2021-11-18 12:09:31 - [MESSAGE][INFO] - Checking timeout

2021-11-18 12:09:31 - [MESSAGE][INFO] - Finding web element with id: 'Object Repository/Olusturma/Genel/Olusturma/TabloBasliklari' located by 'By.cssSelector: div#divmalhizmet .dxgvTable_LECustomTheme td.dxgvHeader_LECustomTheme tr>td:nth-child(1)' in '10' second(s)

2021-11-18 12:09:31 - [MESSAGE][INFO] - Smart Wait Function is triggered

2021-11-18 12:09:32 - [MESSAGE][INFO] - Found 17 web elements with id: 'Object Repository/Olusturma/Genel/Olusturma/TabloBasliklari' located by 'By.cssSelector: div#divmalhizmet .dxgvTable_LECustomTheme td.dxgvHeader_LECustomTheme tr>td:nth-child(1)' in '10' second(s)

2021-11-18 12:09:32 - [TEST_STEP][PASSED] - for (def element : elements): null

2021-11-18 12:09:32 - [TEST_STEP][PASSED] - build().perform(): null

2021-11-18 12:09:32 - [TEST_STEP][PASSED] - if (getText().equals(Baslik)): null

2021-11-18 12:09:32 - [TEST_STEP][PASSED] - build().perform(): null

2021-11-18 12:09:32 - [TEST_STEP][PASSED] - if (getText().equals(Baslik)): null

2021-11-18 12:09:32 - [TEST_STEP][PASSED] - build().perform(): null

2021-11-18 12:09:32 - [TEST_STEP][PASSED] - if (getText().equals(Baslik)): null

2021-11-18 12:09:32 - [TEST_STEP][PASSED] - build().perform(): null

2021-11-18 12:09:32 - [TEST_STEP][PASSED] - if (getText().equals(Baslik)): null

2021-11-18 12:09:32 - [TEST_STEP][PASSED] - build().perform(): null

2021-11-18 12:09:33 - [TEST_STEP][PASSED] - if (getText().equals(Baslik)): null

2021-11-18 12:09:33 - [TEST_STEP][PASSED] - build().perform(): null

2021-11-18 12:09:33 - [TEST_STEP][PASSED] - if (getText().equals(Baslik)): null

2021-11-18 12:09:33 - [TEST_STEP][PASSED] - baslikElement = element.findElement(By.xpath("../../../..")): Smart Wait Function is triggered

2021-11-18 12:09:33 - [MESSAGE][INFO] - Smart Wait Function is triggered

2021-11-18 12:09:33 - [TEST_STEP][PASSED] - attr = baslikElement.getAttribute("id"): null

2021-11-18 12:09:33 - [TEST_STEP][PASSED] - println("girdi ve idsini aldı = " + attr): null

2021-11-18 12:09:33 - [TEST_STEP][PASSED] - break: null

2021-11-18 12:09:33 - [TEST_STEP][PASSED] - countElement = baslikElement.findElements(By.xpath("../td")): Smart Wait Function is triggered

2021-11-18 12:09:33 - [MESSAGE][INFO] - Smart Wait Function is triggered

2021-11-18 12:09:33 - [TEST_STEP][PASSED] - for (def element : countElement): null

2021-11-18 12:09:33 - [TEST_STEP][PASSED] - if (toString().equals(attr.toString())): null

2021-11-18 12:09:33 - [TEST_STEP][PASSED] - (a++): null

2021-11-18 12:09:33 - [TEST_STEP][PASSED] - if (toString().equals(attr.toString())): null

2021-11-18 12:09:33 - [TEST_STEP][PASSED] - (a++): null

2021-11-18 12:09:33 - [TEST_STEP][PASSED] - if (toString().equals(attr.toString())): null

2021-11-18 12:09:33 - [TEST_STEP][PASSED] - (a++): null

2021-11-18 12:09:33 - [TEST_STEP][PASSED] - if (toString().equals(attr.toString())): null

2021-11-18 12:09:33 - [TEST_STEP][PASSED] - (a++): null

2021-11-18 12:09:33 - [TEST_STEP][PASSED] - if (toString().equals(attr.toString())): null

2021-11-18 12:09:33 - [TEST_STEP][PASSED] - (a++): null

2021-11-18 12:09:33 - [TEST_STEP][PASSED] - if (toString().equals(attr.toString())): null

2021-11-18 12:09:33 - [TEST_STEP][PASSED] - (a++): null

2021-11-18 12:09:33 - [TEST_STEP][PASSED] - if (toString().equals(attr.toString())): null

2021-11-18 12:09:33 - [TEST_STEP][PASSED] - break: null

2021-11-18 12:09:33 - [TEST_STEP][PASSED] - son = findWebElement(findTestObject("Object Repository/Olusturma/Genel/Olusturma/EklenenSatir")).findElement(By.xpath("td[@class='dxgvInlineEditCell_LECustomTheme dxgv'][" + a + "]//td[@class='dxic']/input")): Smart Wait Function is triggered

2021-11-18 12:09:33 - [MESSAGE][INFO] - Finding Test Object 'Object Repository/Olusturma/Genel/Olusturma/EklenenSatir'

2021-11-18 12:09:33 - [MESSAGE][INFO] - Finding web element from Test Object's properties

2021-11-18 12:09:33 - [MESSAGE][INFO] - Checking timeout

2021-11-18 12:09:33 - [MESSAGE][INFO] - Finding web element with id: 'Object Repository/Olusturma/Genel/Olusturma/EklenenSatir' located by 'By.cssSelector: #divmalhizmet .dxgvInlineEditRow_LECustomTheme' in '30' second(s)

2021-11-18 12:09:33 - [MESSAGE][INFO] - Smart Wait Function is triggered

2021-11-18 12:09:34 - [MESSAGE][INFO] - Found 1 web elements with id: 'Object Repository/Olusturma/Genel/Olusturma/EklenenSatir' located by 'By.cssSelector: #divmalhizmet .dxgvInlineEditRow_LECustomTheme' in '30' second(s)

2021-11-18 12:09:34 - [MESSAGE][INFO] - Smart Wait Function is triggered

2021-11-18 12:09:34 - [TEST_STEP][PASSED] - if (!(getAttribute("value").contains("Vkn"))): null

2021-11-18 12:09:34 - [TEST_STEP][PASSED] - son.clear(): null

2021-11-18 12:09:34 - [TEST_STEP][PASSED] - son.sendKeys(Deger): null

2021-11-18 12:09:34 - [MESSAGE][PASSED] - Call Test Case 'Test Cases/Olusturma/Genel/Olusturma' successfully

2021-11-18 12:09:34 - [MESSAGE][INFO] - Checking called Test Case

2021-11-18 12:09:34 - [MESSAGE][INFO] - Starting to call Test Case 'Test Cases/Olusturma/Genel/Olusturma'

2021-11-18 12:09:34 - [TEST_CASE][PASSED] - Test Cases/Olusturma/Genel/Olusturma: Test Cases/Olusturma/Genel/Olusturma

2021-11-18 12:09:34 - [TEST_STEP][PASSED] - driver = getWebDriver(): null

2021-11-18 12:09:34 - [TEST_STEP][PASSED] - action = new org.openqa.selenium.interactions.Actions(driver): null

2021-11-18 12:09:34 - [TEST_STEP][PASSED] - baslikElement = <not implemented yet for class: org.codehaus.groovy.ast.expr.EmptyExpression>: null

2021-11-18 12:09:34 - [TEST_STEP][PASSED] - sonElement = <not implemented yet for class: org.codehaus.groovy.ast.expr.EmptyExpression>: null

2021-11-18 12:09:34 - [TEST_STEP][PASSED] - attr = <not implemented yet for class: org.codehaus.groovy.ast.expr.EmptyExpression>: null

2021-11-18 12:09:34 - [TEST_STEP][PASSED] - a = 0: null

2021-11-18 12:09:34 - [TEST_STEP][PASSED] - elements = findWebElements(findTestObject("Object Repository/Olusturma/Genel/Olusturma/TabloBasliklari"), 10): Found 17 web elements with id: 'Object Repository/Olusturma/Genel/Olusturma/TabloBasliklari' located by 'By.cssSelector: div#divmalhizmet .dxgvTable_LECustomTheme td.dxgvHeader_LECustomTheme tr>td:nth-child(1)' in '10' second(s)

2021-11-18 12:09:34 - [MESSAGE][INFO] - Finding Test Object 'Object Repository/Olusturma/Genel/Olusturma/TabloBasliklari'

2021-11-18 12:09:35 - [MESSAGE][INFO] - Checking timeout

2021-11-18 12:09:35 - [MESSAGE][INFO] - Finding web element with id: 'Object Repository/Olusturma/Genel/Olusturma/TabloBasliklari' located by 'By.cssSelector: div#divmalhizmet .dxgvTable_LECustomTheme td.dxgvHeader_LECustomTheme tr>td:nth-child(1)' in '10' second(s)

2021-11-18 12:09:35 - [MESSAGE][INFO] - Smart Wait Function is triggered

2021-11-18 12:09:35 - [MESSAGE][INFO] - Found 17 web elements with id: 'Object Repository/Olusturma/Genel/Olusturma/TabloBasliklari' located by 'By.cssSelector: div#divmalhizmet .dxgvTable_LECustomTheme td.dxgvHeader_LECustomTheme tr>td:nth-child(1)' in '10' second(s)

2021-11-18 12:09:35 - [TEST_STEP][PASSED] - for (def element : elements): null

2021-11-18 12:09:35 - [TEST_STEP][PASSED] - build().perform(): null

2021-11-18 12:09:35 - [TEST_STEP][PASSED] - if (getText().equals(Baslik)): null

2021-11-18 12:09:35 - [TEST_STEP][PASSED] - build().perform(): null

2021-11-18 12:09:35 - [TEST_STEP][PASSED] - if (getText().equals(Baslik)): null

2021-11-18 12:09:35 - [TEST_STEP][PASSED] - build().perform(): null

2021-11-18 12:09:35 - [TEST_STEP][PASSED] - if (getText().equals(Baslik)): null

2021-11-18 12:09:35 - [TEST_STEP][PASSED] - build().perform(): null

2021-11-18 12:09:35 - [TEST_STEP][PASSED] - if (getText().equals(Baslik)): null

2021-11-18 12:09:35 - [TEST_STEP][PASSED] - build().perform(): null

2021-11-18 12:09:36 - [TEST_STEP][PASSED] - if (getText().equals(Baslik)): null

2021-11-18 12:09:36 - [TEST_STEP][PASSED] - build().perform(): null

2021-11-18 12:09:36 - [TEST_STEP][PASSED] - if (getText().equals(Baslik)): null

2021-11-18 12:09:36 - [TEST_STEP][PASSED] - build().perform(): null

2021-11-18 12:09:36 - [TEST_STEP][PASSED] - if (getText().equals(Baslik)): null

2021-11-18 12:09:36 - [TEST_STEP][PASSED] - baslikElement = element.findElement(By.xpath("../../../..")): Smart Wait Function is triggered

2021-11-18 12:09:36 - [MESSAGE][INFO] - Smart Wait Function is triggered

2021-11-18 12:09:36 - [TEST_STEP][PASSED] - attr = baslikElement.getAttribute("id"): null

2021-11-18 12:09:36 - [TEST_STEP][PASSED] - println("girdi ve idsini aldı = " + attr): null

2021-11-18 12:09:36 - [TEST_STEP][PASSED] - break: null

2021-11-18 12:09:36 - [TEST_STEP][PASSED] - countElement = baslikElement.findElements(By.xpath("../td")): Smart Wait Function is triggered

2021-11-18 12:09:36 - [MESSAGE][INFO] - Smart Wait Function is triggered

2021-11-18 12:09:36 - [TEST_STEP][PASSED] - for (def element : countElement): null

2021-11-18 12:09:36 - [TEST_STEP][PASSED] - if (toString().equals(attr.toString())): null

2021-11-18 12:09:36 - [TEST_STEP][PASSED] - (a++): null

2021-11-18 12:09:36 - [TEST_STEP][PASSED] - if (toString().equals(attr.toString())): null

2021-11-18 12:09:36 - [TEST_STEP][PASSED] - (a++): null

2021-11-18 12:09:36 - [TEST_STEP][PASSED] - if (toString().equals(attr.toString())): null

2021-11-18 12:09:36 - [TEST_STEP][PASSED] - (a++): null

2021-11-18 12:09:36 - [TEST_STEP][PASSED] - if (toString().equals(attr.toString())): null

2021-11-18 12:09:36 - [TEST_STEP][PASSED] - (a++): null

2021-11-18 12:09:36 - [TEST_STEP][PASSED] - if (toString().equals(attr.toString())): null

2021-11-18 12:09:37 - [TEST_STEP][PASSED] - (a++): null

2021-11-18 12:09:37 - [TEST_STEP][PASSED] - if (toString().equals(attr.toString())): null

2021-11-18 12:09:37 - [TEST_STEP][PASSED] - (a++): null

2021-11-18 12:09:37 - [TEST_STEP][PASSED] - if (toString().equals(attr.toString())): null

2021-11-18 12:09:37 - [TEST_STEP][PASSED] - (a++): null

2021-11-18 12:09:37 - [TEST_STEP][PASSED] - if (toString().equals(attr.toString())): null

2021-11-18 12:09:37 - [TEST_STEP][PASSED] - break: null

2021-11-18 12:09:37 - [TEST_STEP][PASSED] - son = findWebElement(findTestObject("Object Repository/Olusturma/Genel/Olusturma/EklenenSatir")).findElement(By.xpath("td[@class='dxgvInlineEditCell_LECustomTheme dxgv'][" + a + "]//td[@class='dxic']/input")): Smart Wait Function is triggered

2021-11-18 12:09:37 - [MESSAGE][INFO] - Finding Test Object 'Object Repository/Olusturma/Genel/Olusturma/EklenenSatir'

2021-11-18 12:09:37 - [MESSAGE][INFO] - Finding web element from Test Object's properties

2021-11-18 12:09:37 - [MESSAGE][INFO] - Checking timeout

2021-11-18 12:09:37 - [MESSAGE][INFO] - Finding web element with id: 'Object Repository/Olusturma/Genel/Olusturma/EklenenSatir' located by 'By.cssSelector: #divmalhizmet .dxgvInlineEditRow_LECustomTheme' in '30' second(s)

2021-11-18 12:09:37 - [MESSAGE][INFO] - Smart Wait Function is triggered

2021-11-18 12:09:37 - [MESSAGE][INFO] - Found 1 web elements with id: 'Object Repository/Olusturma/Genel/Olusturma/EklenenSatir' located by 'By.cssSelector: #divmalhizmet .dxgvInlineEditRow_LECustomTheme' in '30' second(s)

2021-11-18 12:09:37 - [MESSAGE][INFO] - Smart Wait Function is triggered

2021-11-18 12:09:37 - [TEST_STEP][PASSED] - if (!(getAttribute("value").contains("Vkn"))): null

2021-11-18 12:09:37 - [TEST_STEP][PASSED] - son.clear(): null

2021-11-18 12:09:37 - [TEST_STEP][PASSED] - son.sendKeys(Deger): null

2021-11-18 12:09:37 - [MESSAGE][PASSED] - Call Test Case 'Test Cases/Olusturma/Genel/Olusturma' successfully

2021-11-18 12:09:37 - [MESSAGE][INFO] - Checking called Test Case

2021-11-18 12:09:37 - [MESSAGE][INFO] - Starting to call Test Case 'Test Cases/Olusturma/Genel/Olusturma'

2021-11-18 12:09:38 - [TEST_CASE][PASSED] - Test Cases/Olusturma/Genel/Olusturma: Test Cases/Olusturma/Genel/Olusturma

2021-11-18 12:09:38 - [TEST_STEP][PASSED] - driver = getWebDriver(): null

2021-11-18 12:09:38 - [TEST_STEP][PASSED] - action = new org.openqa.selenium.interactions.Actions(driver): null

2021-11-18 12:09:38 - [TEST_STEP][PASSED] - baslikElement = <not implemented yet for class: org.codehaus.groovy.ast.expr.EmptyExpression>: null

2021-11-18 12:09:38 - [TEST_STEP][PASSED] - sonElement = <not implemented yet for class: org.codehaus.groovy.ast.expr.EmptyExpression>: null

2021-11-18 12:09:38 - [TEST_STEP][PASSED] - attr = <not implemented yet for class: org.codehaus.groovy.ast.expr.EmptyExpression>: null

2021-11-18 12:09:38 - [TEST_STEP][PASSED] - a = 0: null

2021-11-18 12:09:38 - [TEST_STEP][PASSED] - elements = findWebElements(findTestObject("Object Repository/Olusturma/Genel/Olusturma/TabloBasliklari"), 10): Found 17 web elements with id: 'Object Repository/Olusturma/Genel/Olusturma/TabloBasliklari' located by 'By.cssSelector: div#divmalhizmet .dxgvTable_LECustomTheme td.dxgvHeader_LECustomTheme tr>td:nth-child(1)' in '10' second(s)

2021-11-18 12:09:38 - [MESSAGE][INFO] - Finding Test Object 'Object Repository/Olusturma/Genel/Olusturma/TabloBasliklari'

2021-11-18 12:09:38 - [MESSAGE][INFO] - Checking timeout

2021-11-18 12:09:38 - [MESSAGE][INFO] - Finding web element with id: 'Object Repository/Olusturma/Genel/Olusturma/TabloBasliklari' located by 'By.cssSelector: div#divmalhizmet .dxgvTable_LECustomTheme td.dxgvHeader_LECustomTheme tr>td:nth-child(1)' in '10' second(s)

2021-11-18 12:09:38 - [MESSAGE][INFO] - Smart Wait Function is triggered

2021-11-18 12:09:38 - [MESSAGE][INFO] - Found 17 web elements with id: 'Object Repository/Olusturma/Genel/Olusturma/TabloBasliklari' located by 'By.cssSelector: div#divmalhizmet .dxgvTable_LECustomTheme td.dxgvHeader_LECustomTheme tr>td:nth-child(1)' in '10' second(s)

2021-11-18 12:09:38 - [TEST_STEP][PASSED] - for (def element : elements): null

2021-11-18 12:09:38 - [TEST_STEP][PASSED] - build().perform(): null

2021-11-18 12:09:38 - [TEST_STEP][PASSED] - if (getText().equals(Baslik)): null

2021-11-18 12:09:38 - [TEST_STEP][PASSED] - build().perform(): null

2021-11-18 12:09:38 - [TEST_STEP][PASSED] - if (getText().equals(Baslik)): null

2021-11-18 12:09:38 - [TEST_STEP][PASSED] - build().perform(): null

2021-11-18 12:09:38 - [TEST_STEP][PASSED] - if (getText().equals(Baslik)): null

2021-11-18 12:09:38 - [TEST_STEP][PASSED] - build().perform(): null

2021-11-18 12:09:38 - [TEST_STEP][PASSED] - if (getText().equals(Baslik)): null

2021-11-18 12:09:38 - [TEST_STEP][PASSED] - build().perform(): null

2021-11-18 12:09:39 - [TEST_STEP][PASSED] - if (getText().equals(Baslik)): null

2021-11-18 12:09:39 - [TEST_STEP][PASSED] - build().perform(): null

2021-11-18 12:09:39 - [TEST_STEP][PASSED] - if (getText().equals(Baslik)): null

2021-11-18 12:09:39 - [TEST_STEP][PASSED] - build().perform(): null

2021-11-18 12:09:39 - [TEST_STEP][PASSED] - if (getText().equals(Baslik)): null

2021-11-18 12:09:39 - [TEST_STEP][PASSED] - build().perform(): null

2021-11-18 12:09:39 - [TEST_STEP][PASSED] - if (getText().equals(Baslik)): null

2021-11-18 12:09:39 - [TEST_STEP][PASSED] - build().perform(): null

2021-11-18 12:09:39 - [TEST_STEP][PASSED] - if (getText().equals(Baslik)): null

2021-11-18 12:09:39 - [TEST_STEP][PASSED] - build().perform(): null

2021-11-18 12:09:39 - [TEST_STEP][PASSED] - if (getText().equals(Baslik)): null

2021-11-18 12:09:39 - [TEST_STEP][PASSED] - build().perform(): null

2021-11-18 12:09:40 - [TEST_STEP][PASSED] - if (getText().equals(Baslik)): null

2021-11-18 12:09:40 - [TEST_STEP][PASSED] - build().perform(): null

2021-11-18 12:09:40 - [TEST_STEP][PASSED] - if (getText().equals(Baslik)): null

2021-11-18 12:09:40 - [TEST_STEP][PASSED] - build().perform(): null

2021-11-18 12:09:40 - [TEST_STEP][PASSED] - if (getText().equals(Baslik)): null

2021-11-18 12:09:40 - [TEST_STEP][PASSED] - build().perform(): null

2021-11-18 12:09:40 - [TEST_STEP][PASSED] - if (getText().equals(Baslik)): null

2021-11-18 12:09:40 - [TEST_STEP][PASSED] - build().perform(): null

2021-11-18 12:09:40 - [TEST_STEP][PASSED] - if (getText().equals(Baslik)): null

2021-11-18 12:09:40 - [TEST_STEP][PASSED] - build().perform(): null

2021-11-18 12:09:40 - [TEST_STEP][PASSED] - if (getText().equals(Baslik)): null

2021-11-18 12:09:40 - [TEST_STEP][PASSED] - baslikElement = element.findElement(By.xpath("../../../..")): Smart Wait Function is triggered

2021-11-18 12:09:40 - [MESSAGE][INFO] - Smart Wait Function is triggered

2021-11-18 12:09:41 - [TEST_STEP][PASSED] - attr = baslikElement.getAttribute("id"): null

2021-11-18 12:09:41 - [TEST_STEP][PASSED] - println("girdi ve idsini aldı = " + attr): null

2021-11-18 12:09:41 - [TEST_STEP][PASSED] - break: null

2021-11-18 12:09:41 - [TEST_STEP][PASSED] - countElement = baslikElement.findElements(By.xpath("../td")): Smart Wait Function is triggered

2021-11-18 12:09:41 - [MESSAGE][INFO] - Smart Wait Function is triggered

2021-11-18 12:09:41 - [TEST_STEP][PASSED] - for (def element : countElement): null

2021-11-18 12:09:41 - [TEST_STEP][PASSED] - if (toString().equals(attr.toString())): null

2021-11-18 12:09:41 - [TEST_STEP][PASSED] - (a++): null

2021-11-18 12:09:41 - [TEST_STEP][PASSED] - if (toString().equals(attr.toString())): null

2021-11-18 12:09:41 - [TEST_STEP][PASSED] - (a++): null

2021-11-18 12:09:41 - [TEST_STEP][PASSED] - if (toString().equals(attr.toString())): null

2021-11-18 12:09:41 - [TEST_STEP][PASSED] - (a++): null

2021-11-18 12:09:41 - [TEST_STEP][PASSED] - if (toString().equals(attr.toString())): null

2021-11-18 12:09:41 - [TEST_STEP][PASSED] - (a++): null

2021-11-18 12:09:41 - [TEST_STEP][PASSED] - if (toString().equals(attr.toString())): null

2021-11-18 12:09:41 - [TEST_STEP][PASSED] - (a++): null

2021-11-18 12:09:41 - [TEST_STEP][PASSED] - if (toString().equals(attr.toString())): null

2021-11-18 12:09:41 - [TEST_STEP][PASSED] - (a++): null

2021-11-18 12:09:41 - [TEST_STEP][PASSED] - if (toString().equals(attr.toString())): null

2021-11-18 12:09:41 - [TEST_STEP][PASSED] - (a++): null

2021-11-18 12:09:41 - [TEST_STEP][PASSED] - if (toString().equals(attr.toString())): null

2021-11-18 12:09:41 - [TEST_STEP][PASSED] - (a++): null

2021-11-18 12:09:41 - [TEST_STEP][PASSED] - if (toString().equals(attr.toString())): null

2021-11-18 12:09:41 - [TEST_STEP][PASSED] - (a++): null

2021-11-18 12:09:41 - [TEST_STEP][PASSED] - if (toString().equals(attr.toString())): null

2021-11-18 12:09:41 - [TEST_STEP][PASSED] - (a++): null

2021-11-18 12:09:41 - [TEST_STEP][PASSED] - if (toString().equals(attr.toString())): null

2021-11-18 12:09:41 - [TEST_STEP][PASSED] - (a++): null

2021-11-18 12:09:41 - [TEST_STEP][PASSED] - if (toString().equals(attr.toString())): null

2021-11-18 12:09:41 - [TEST_STEP][PASSED] - (a++): null

2021-11-18 12:09:41 - [TEST_STEP][PASSED] - if (toString().equals(attr.toString())): null

2021-11-18 12:09:41 - [TEST_STEP][PASSED] - (a++): null

2021-11-18 12:09:41 - [TEST_STEP][PASSED] - if (toString().equals(attr.toString())): null

2021-11-18 12:09:41 - [TEST_STEP][PASSED] - (a++): null

2021-11-18 12:09:41 - [TEST_STEP][PASSED] - if (toString().equals(attr.toString())): null

2021-11-18 12:09:41 - [TEST_STEP][PASSED] - (a++): null

2021-11-18 12:09:41 - [TEST_STEP][PASSED] - if (toString().equals(attr.toString())): null

2021-11-18 12:09:41 - [TEST_STEP][PASSED] - (a++): null

2021-11-18 12:09:41 - [TEST_STEP][PASSED] - if (toString().equals(attr.toString())): null

2021-11-18 12:09:41 - [TEST_STEP][PASSED] - break: null

2021-11-18 12:09:41 - [TEST_STEP][PASSED] - son = findWebElement(findTestObject("Object Repository/Olusturma/Genel/Olusturma/EklenenSatir")).findElement(By.xpath("td[@class='dxgvInlineEditCell_LECustomTheme dxgv'][" + a + "]//td[@class='dxic']/input")): Smart Wait Function is triggered

2021-11-18 12:09:41 - [MESSAGE][INFO] - Finding Test Object 'Object Repository/Olusturma/Genel/Olusturma/EklenenSatir'

2021-11-18 12:09:41 - [MESSAGE][INFO] - Finding web element from Test Object's properties

2021-11-18 12:09:41 - [MESSAGE][INFO] - Checking timeout

2021-11-18 12:09:41 - [MESSAGE][INFO] - Finding web element with id: 'Object Repository/Olusturma/Genel/Olusturma/EklenenSatir' located by 'By.cssSelector: #divmalhizmet .dxgvInlineEditRow_LECustomTheme' in '30' second(s)

2021-11-18 12:09:41 - [MESSAGE][INFO] - Smart Wait Function is triggered

2021-11-18 12:09:42 - [MESSAGE][INFO] - Found 1 web elements with id: 'Object Repository/Olusturma/Genel/Olusturma/EklenenSatir' located by 'By.cssSelector: #divmalhizmet .dxgvInlineEditRow_LECustomTheme' in '30' second(s)

2021-11-18 12:09:42 - [MESSAGE][INFO] - Smart Wait Function is triggered

2021-11-18 12:09:42 - [TEST_STEP][PASSED] - if (!(getAttribute("value").contains("Vkn"))): null

2021-11-18 12:09:42 - [TEST_STEP][PASSED] - son.clear(): null

2021-11-18 12:09:42 - [TEST_STEP][PASSED] - son.sendKeys(Deger): null

2021-11-18 12:09:42 - [MESSAGE][PASSED] - Call Test Case 'Test Cases/Olusturma/Genel/Olusturma' successfully

2021-11-18 12:09:42 - [MESSAGE][INFO] - Checking called Test Case

2021-11-18 12:09:42 - [MESSAGE][INFO] - Starting to call Test Case 'Test Cases/Olusturma/Genel/NotGirilir'

2021-11-18 12:09:42 - [TEST_CASE][PASSED] - Test Cases/Olusturma/Genel/NotGirilir: Test Cases/Olusturma/Genel/NotGirilir

2021-11-18 12:09:42 - [TEST_STEP][PASSED] - i = 0: null

2021-11-18 12:09:42 - [TEST_STEP][PASSED] - waitForElementClickable(findTestObject("Olusturma/Genel/Not/Notlar"), 10): Object 'Object Repository/Olusturma/Genel/Not/Notlar' is clickable

2021-11-18 12:09:42 - [MESSAGE][INFO] - Finding Test Object 'Object Repository/Olusturma/Genel/Not/Notlar'

2021-11-18 12:09:42 - [MESSAGE][INFO] - Checking object

2021-11-18 12:09:42 - [MESSAGE][INFO] - Checking timeout

2021-11-18 12:09:42 - [MESSAGE][INFO] - Finding web element from Test Object's properties

2021-11-18 12:09:42 - [MESSAGE][INFO] - Checking timeout

2021-11-18 12:09:42 - [MESSAGE][INFO] - Finding web element with id: 'Object Repository/Olusturma/Genel/Not/Notlar' located by 'By.xpath: //*[@id = 'txtNote_I']' in '10' second(s)

2021-11-18 12:09:42 - [MESSAGE][INFO] - Smart Wait Function is triggered

2021-11-18 12:09:43 - [MESSAGE][INFO] - Found 1 web elements with id: 'Object Repository/Olusturma/Genel/Not/Notlar' located by 'By.xpath: //*[@id = 'txtNote_I']' in '10' second(s)

2021-11-18 12:09:43 - [MESSAGE][PASSED] - Object 'Object Repository/Olusturma/Genel/Not/Notlar' is clickable

2021-11-18 12:09:43 - [TEST_STEP][PASSED] - clearText(findTestObject("Olusturma/Genel/Not/Notlar")): Text of object 'Object Repository/Olusturma/Genel/Not/Notlar' is cleared

2021-11-18 12:09:43 - [MESSAGE][INFO] - Finding Test Object 'Object Repository/Olusturma/Genel/Not/Notlar'

2021-11-18 12:09:43 - [MESSAGE][INFO] - Checking object

2021-11-18 12:09:43 - [MESSAGE][INFO] - Finding web element from Test Object's properties

2021-11-18 12:09:43 - [MESSAGE][INFO] - Checking timeout

2021-11-18 12:09:43 - [MESSAGE][INFO] - Finding web element with id: 'Object Repository/Olusturma/Genel/Not/Notlar' located by 'By.xpath: //*[@id = 'txtNote_I']' in '30' second(s)

2021-11-18 12:09:43 - [MESSAGE][INFO] - Smart Wait Function is triggered

2021-11-18 12:09:43 - [MESSAGE][INFO] - Found 1 web elements with id: 'Object Repository/Olusturma/Genel/Not/Notlar' located by 'By.xpath: //*[@id = 'txtNote_I']' in '30' second(s)

2021-11-18 12:09:43 - [MESSAGE][INFO] - Clearing text of object 'Object Repository/Olusturma/Genel/Not/Notlar'

2021-11-18 12:09:43 - [MESSAGE][PASSED] - Text of object 'Object Repository/Olusturma/Genel/Not/Notlar' is cleared

2021-11-18 12:09:43 - [TEST_STEP][PASSED] - click(findTestObject("Olusturma/Genel/Not/Notlar")): Object: 'Object Repository/Olusturma/Genel/Not/Notlar' is clicked on

2021-11-18 12:09:43 - [MESSAGE][INFO] - Finding Test Object 'Object Repository/Olusturma/Genel/Not/Notlar'

2021-11-18 12:09:43 - [MESSAGE][INFO] - Checking object

2021-11-18 12:09:43 - [MESSAGE][INFO] - Finding web element from Test Object's properties

2021-11-18 12:09:43 - [MESSAGE][INFO] - Checking timeout

2021-11-18 12:09:43 - [MESSAGE][INFO] - Finding web element with id: 'Object Repository/Olusturma/Genel/Not/Notlar' located by 'By.xpath: //*[@id = 'txtNote_I']' in '30' second(s)

2021-11-18 12:09:43 - [MESSAGE][INFO] - Smart Wait Function is triggered

2021-11-18 12:09:43 - [MESSAGE][INFO] - Found 1 web elements with id: 'Object Repository/Olusturma/Genel/Not/Notlar' located by 'By.xpath: //*[@id = 'txtNote_I']' in '30' second(s)

2021-11-18 12:09:43 - [MESSAGE][INFO] - Clicking on object: 'Object Repository/Olusturma/Genel/Not/Notlar'

2021-11-18 12:09:44 - [MESSAGE][PASSED] - Object: 'Object Repository/Olusturma/Genel/Not/Notlar' is clicked on

2021-11-18 12:09:44 - [TEST_STEP][PASSED] - while (true): null

2021-11-18 12:09:44 - [TEST_STEP][PASSED] - delay(1): Delayed 1 second(s)

2021-11-18 12:09:44 - [MESSAGE][INFO] - Delaying browser in 1 second(s)

2021-11-18 12:09:45 - [MESSAGE][PASSED] - Delayed 1 second(s)

2021-11-18 12:09:45 - [TEST_STEP][PASSED] - ajaxIsComplete = executeJavaScript("return jQuery.active == 0", null): Execute JavaScript 'return jQuery.active == 0' successfully

2021-11-18 12:09:45 - [MESSAGE][PASSED] - Execute JavaScript 'return jQuery.active == 0' successfully

2021-11-18 12:09:45 - [TEST_STEP][PASSED] - if (ajaxIsComplete): null

2021-11-18 12:09:45 - [TEST_STEP][PASSED] - if (i > 10): null

2021-11-18 12:09:45 - [TEST_STEP][PASSED] - (i++): null

2021-11-18 12:09:45 - [TEST_STEP][PASSED] - delay(1): Delayed 1 second(s)

2021-11-18 12:09:45 - [MESSAGE][INFO] - Delaying browser in 1 second(s)

2021-11-18 12:09:46 - [MESSAGE][PASSED] - Delayed 1 second(s)

2021-11-18 12:09:46 - [TEST_STEP][PASSED] - ajaxIsComplete = executeJavaScript("return jQuery.active == 0", null): Execute JavaScript 'return jQuery.active == 0' successfully

2021-11-18 12:09:46 - [MESSAGE][PASSED] - Execute JavaScript 'return jQuery.active == 0' successfully

2021-11-18 12:09:46 - [TEST_STEP][PASSED] - if (ajaxIsComplete): null

2021-11-18 12:09:46 - [TEST_STEP][PASSED] - break: null

2021-11-18 12:09:46 - [TEST_STEP][PASSED] - sendKeys(findTestObject("Olusturma/Genel/Not/Notlar"), Not): Keys 'Otomasyon Not' sent to object: 'Object Repository/Olusturma/Genel/Not/Notlar'

2021-11-18 12:09:46 - [MESSAGE][INFO] - Finding Test Object 'Object Repository/Olusturma/Genel/Not/Notlar'

2021-11-18 12:09:46 - [MESSAGE][INFO] - Sending keys 'Otomasyon Not' to object: 'Object Repository/Olusturma/Genel/Not/Notlar'

2021-11-18 12:09:46 - [MESSAGE][INFO] - Finding web element from Test Object's properties

2021-11-18 12:09:46 - [MESSAGE][INFO] - Checking timeout

2021-11-18 12:09:46 - [MESSAGE][INFO] - Finding web element with id: 'Object Repository/Olusturma/Genel/Not/Notlar' located by 'By.xpath: //*[@id = 'txtNote_I']' in '30' second(s)

2021-11-18 12:09:46 - [MESSAGE][INFO] - Smart Wait Function is triggered

2021-11-18 12:09:46 - [MESSAGE][INFO] - Found 1 web elements with id: 'Object Repository/Olusturma/Genel/Not/Notlar' located by 'By.xpath: //*[@id = 'txtNote_I']' in '30' second(s)

2021-11-18 12:09:46 - [MESSAGE][PASSED] - Keys 'Otomasyon Not' sent to object: 'Object Repository/Olusturma/Genel/Not/Notlar'

2021-11-18 12:09:46 - [MESSAGE][PASSED] - Call Test Case 'Test Cases/Olusturma/Genel/NotGirilir' successfully

2021-11-18 12:09:46 - [MESSAGE][INFO] - Checking called Test Case

2021-11-18 12:09:46 - [MESSAGE][INFO] - Starting to call Test Case 'Test Cases/Olusturma/Genel/EttnBilgisiKayitEdilir'

2021-11-18 12:09:46 - [TEST_CASE][PASSED] - Test Cases/Olusturma/Genel/EttnBilgisiKayitEdilir: Test Cases/Olusturma/Genel/EttnBilgisiKayitEdilir

2021-11-18 12:09:46 - [TEST_STEP][PASSED] - verifyElementPresent(findTestObject("Object Repository/Olusturma/Genel/Olusturma/eArsivEttnBilgisi"), 7): Object 'Object Repository/Olusturma/Genel/Olusturma/eArsivEttnBilgisi' is present

2021-11-18 12:09:46 - [MESSAGE][INFO] - Finding Test Object 'Object Repository/Olusturma/Genel/Olusturma/eArsivEttnBilgisi'

2021-11-18 12:09:46 - [MESSAGE][INFO] - Checking object

2021-11-18 12:09:46 - [MESSAGE][INFO] - Finding web element from Test Object's properties

2021-11-18 12:09:46 - [MESSAGE][INFO] - Checking timeout

2021-11-18 12:09:46 - [MESSAGE][INFO] - Finding web element with id: 'Object Repository/Olusturma/Genel/Olusturma/eArsivEttnBilgisi' located by 'By.xpath: //*[@id = 'Uuid_I']' in '7' second(s)

2021-11-18 12:09:46 - [MESSAGE][INFO] - Smart Wait Function is triggered

2021-11-18 12:09:47 - [MESSAGE][INFO] - Found 1 web elements with id: 'Object Repository/Olusturma/Genel/Olusturma/eArsivEttnBilgisi' located by 'By.xpath: //*[@id = 'Uuid_I']' in '7' second(s)

2021-11-18 12:09:47 - [MESSAGE][PASSED] - Object 'Object Repository/Olusturma/Genel/Olusturma/eArsivEttnBilgisi' is present

2021-11-18 12:09:47 - [TEST_STEP][PASSED] - ettn = getAttribute(findTestObject("Object Repository/Olusturma/Genel/Olusturma/eArsivEttnBilgisi"), "value"): Attribute 'value' of object 'Object Repository/Olusturma/Genel/Olusturma/eArsivEttnBilgisi' is: '98633cb6-efb5-47bc-8f9f-afb12b5e4ebc'

2021-11-18 12:09:47 - [MESSAGE][INFO] - Finding Test Object 'Object Repository/Olusturma/Genel/Olusturma/eArsivEttnBilgisi'

2021-11-18 12:09:47 - [MESSAGE][INFO] - Checking object

2021-11-18 12:09:47 - [MESSAGE][INFO] - Checking attribute

2021-11-18 12:09:47 - [MESSAGE][INFO] - Finding web element from Test Object's properties

2021-11-18 12:09:47 - [MESSAGE][INFO] - Checking timeout

2021-11-18 12:09:47 - [MESSAGE][INFO] - Finding web element with id: 'Object Repository/Olusturma/Genel/Olusturma/eArsivEttnBilgisi' located by 'By.xpath: //*[@id = 'Uuid_I']' in '30' second(s)

2021-11-18 12:09:47 - [MESSAGE][INFO] - Smart Wait Function is triggered

2021-11-18 12:09:47 - [MESSAGE][INFO] - Found 1 web elements with id: 'Object Repository/Olusturma/Genel/Olusturma/eArsivEttnBilgisi' located by 'By.xpath: //*[@id = 'Uuid_I']' in '30' second(s)

2021-11-18 12:09:47 - [MESSAGE][INFO] - Getting attribute 'value' of object 'Object Repository/Olusturma/Genel/Olusturma/eArsivEttnBilgisi'

2021-11-18 12:09:47 - [MESSAGE][PASSED] - Attribute 'value' of object 'Object Repository/Olusturma/Genel/Olusturma/eArsivEttnBilgisi' is: '98633cb6-efb5-47bc-8f9f-afb12b5e4ebc'

2021-11-18 12:09:47 - [MESSAGE][PASSED] - Call Test Case 'Test Cases/Olusturma/Genel/EttnBilgisiKayitEdilir' successfully

2021-11-18 12:09:47 - [MESSAGE][INFO] - Checking called Test Case

2021-11-18 12:09:47 - [MESSAGE][INFO] - Starting to call Test Case 'Test Cases/Olusturma/Genel/KaydetButonunaTiklanir'

2021-11-18 12:09:47 - [TEST_CASE][PASSED] - Test Cases/Olusturma/Genel/KaydetButonunaTiklanir: Test Cases/Olusturma/Genel/KaydetButonunaTiklanir

2021-11-18 12:09:47 - [TEST_STEP][PASSED] - i = 0: null

2021-11-18 12:09:47 - [TEST_STEP][PASSED] - waitForElementPresent(findTestObject("Olusturma/Genel/Not/Notlar"), 10): Object 'Object Repository/Olusturma/Genel/Not/Notlar' is present

2021-11-18 12:09:47 - [MESSAGE][INFO] - Finding Test Object 'Object Repository/Olusturma/Genel/Not/Notlar'

2021-11-18 12:09:47 - [MESSAGE][INFO] - Checking object

2021-11-18 12:09:47 - [MESSAGE][INFO] - Finding web element from Test Object's properties

2021-11-18 12:09:47 - [MESSAGE][INFO] - Checking timeout

2021-11-18 12:09:47 - [MESSAGE][INFO] - Finding web element with id: 'Object Repository/Olusturma/Genel/Not/Notlar' located by 'By.xpath: //*[@id = 'txtNote_I']' in '10' second(s)

2021-11-18 12:09:47 - [MESSAGE][INFO] - Smart Wait Function is triggered

2021-11-18 12:09:47 - [MESSAGE][INFO] - Found 1 web elements with id: 'Object Repository/Olusturma/Genel/Not/Notlar' located by 'By.xpath: //*[@id = 'txtNote_I']' in '10' second(s)

2021-11-18 12:09:47 - [MESSAGE][PASSED] - Object 'Object Repository/Olusturma/Genel/Not/Notlar' is present

2021-11-18 12:09:47 - [TEST_STEP][PASSED] - click(findTestObject("Olusturma/Genel/Not/Notlar")): Object: 'Object Repository/Olusturma/Genel/Not/Notlar' is clicked on

2021-11-18 12:09:47 - [MESSAGE][INFO] - Finding Test Object 'Object Repository/Olusturma/Genel/Not/Notlar'

2021-11-18 12:09:48 - [MESSAGE][INFO] - Checking object

2021-11-18 12:09:48 - [MESSAGE][INFO] - Finding web element from Test Object's properties

2021-11-18 12:09:48 - [MESSAGE][INFO] - Checking timeout

2021-11-18 12:09:48 - [MESSAGE][INFO] - Finding web element with id: 'Object Repository/Olusturma/Genel/Not/Notlar' located by 'By.xpath: //*[@id = 'txtNote_I']' in '30' second(s)

2021-11-18 12:09:48 - [MESSAGE][INFO] - Smart Wait Function is triggered

2021-11-18 12:09:48 - [MESSAGE][INFO] - Found 1 web elements with id: 'Object Repository/Olusturma/Genel/Not/Notlar' located by 'By.xpath: //*[@id = 'txtNote_I']' in '30' second(s)

2021-11-18 12:09:48 - [MESSAGE][INFO] - Clicking on object: 'Object Repository/Olusturma/Genel/Not/Notlar'

2021-11-18 12:09:48 - [MESSAGE][PASSED] - Object: 'Object Repository/Olusturma/Genel/Not/Notlar' is clicked on

2021-11-18 12:09:48 - [TEST_STEP][PASSED] - while (true): null

2021-11-18 12:09:48 - [TEST_STEP][PASSED] - delay(1): Delayed 1 second(s)

2021-11-18 12:09:48 - [MESSAGE][INFO] - Delaying browser in 1 second(s)

2021-11-18 12:09:49 - [MESSAGE][PASSED] - Delayed 1 second(s)

2021-11-18 12:09:49 - [TEST_STEP][PASSED] - ajaxIsComplete = executeJavaScript("return jQuery.active == 0", null): Execute JavaScript 'return jQuery.active == 0' successfully

2021-11-18 12:09:49 - [MESSAGE][PASSED] - Execute JavaScript 'return jQuery.active == 0' successfully

2021-11-18 12:09:49 - [TEST_STEP][PASSED] - if (ajaxIsComplete): null

2021-11-18 12:09:49 - [TEST_STEP][PASSED] - if (i > 10): null

2021-11-18 12:09:49 - [TEST_STEP][PASSED] - (i++): null

2021-11-18 12:09:49 - [TEST_STEP][PASSED] - delay(1): Delayed 1 second(s)

2021-11-18 12:09:49 - [MESSAGE][INFO] - Delaying browser in 1 second(s)

2021-11-18 12:09:50 - [MESSAGE][PASSED] - Delayed 1 second(s)

2021-11-18 12:09:50 - [TEST_STEP][PASSED] - ajaxIsComplete = executeJavaScript("return jQuery.active == 0", null): Execute JavaScript 'return jQuery.active == 0' successfully

2021-11-18 12:09:50 - [MESSAGE][PASSED] - Execute JavaScript 'return jQuery.active == 0' successfully

2021-11-18 12:09:50 - [TEST_STEP][PASSED] - if (ajaxIsComplete): null

2021-11-18 12:09:50 - [TEST_STEP][PASSED] - break: null

2021-11-18 12:09:50 - [TEST_STEP][PASSED] - waitForElementClickable(findTestObject("Object Repository/Olusturma/Genel/Buton"), 10): Object 'Object Repository/Olusturma/Genel/Buton' is clickable

2021-11-18 12:09:50 - [MESSAGE][INFO] - Finding Test Object 'Object Repository/Olusturma/Genel/Buton'

2021-11-18 12:09:50 - [MESSAGE][INFO] - Checking object

2021-11-18 12:09:50 - [MESSAGE][INFO] - Checking timeout

2021-11-18 12:09:50 - [MESSAGE][INFO] - Finding web element from Test Object's properties

2021-11-18 12:09:50 - [MESSAGE][INFO] - Checking timeout

2021-11-18 12:09:50 - [MESSAGE][INFO] - Finding web element with id: 'Object Repository/Olusturma/Genel/Buton' located by 'By.xpath: //*[@id = 'btnKaydet']' in '10' second(s)

2021-11-18 12:09:50 - [MESSAGE][INFO] - Smart Wait Function is triggered

2021-11-18 12:09:50 - [MESSAGE][INFO] - Found 1 web elements with id: 'Object Repository/Olusturma/Genel/Buton' located by 'By.xpath: //*[@id = 'btnKaydet']' in '10' second(s)

2021-11-18 12:09:50 - [MESSAGE][PASSED] - Object 'Object Repository/Olusturma/Genel/Buton' is clickable

2021-11-18 12:09:50 - [TEST_STEP][PASSED] - click(findTestObject("Object Repository/Olusturma/Genel/Buton")): Object: 'Object Repository/Olusturma/Genel/Buton' is clicked on

2021-11-18 12:09:50 - [MESSAGE][INFO] - Finding Test Object 'Object Repository/Olusturma/Genel/Buton'

2021-11-18 12:09:50 - [MESSAGE][INFO] - Checking object

2021-11-18 12:09:50 - [MESSAGE][INFO] - Finding web element from Test Object's properties

2021-11-18 12:09:50 - [MESSAGE][INFO] - Checking timeout

2021-11-18 12:09:50 - [MESSAGE][INFO] - Finding web element with id: 'Object Repository/Olusturma/Genel/Buton' located by 'By.xpath: //*[@id = 'btnKaydet']' in '30' second(s)

2021-11-18 12:09:50 - [MESSAGE][INFO] - Smart Wait Function is triggered

2021-11-18 12:09:51 - [MESSAGE][INFO] - Found 1 web elements with id: 'Object Repository/Olusturma/Genel/Buton' located by 'By.xpath: //*[@id = 'btnKaydet']' in '30' second(s)

2021-11-18 12:09:51 - [MESSAGE][INFO] - Clicking on object: 'Object Repository/Olusturma/Genel/Buton'

2021-11-18 12:09:53 - [MESSAGE][PASSED] - Object: 'Object Repository/Olusturma/Genel/Buton' is clicked on

2021-11-18 12:09:53 - [MESSAGE][PASSED] - Call Test Case 'Test Cases/Olusturma/Genel/KaydetButonunaTiklanir' successfully

2021-11-18 12:09:53 - [MESSAGE][INFO] - Checking called Test Case

2021-11-18 12:09:53 - [MESSAGE][INFO] - Starting to call Test Case 'Test Cases/Tablo/TablodaEttnliVeriOlusturulduMu'

2021-11-18 12:09:53 - [TEST_CASE][PASSED] - Test Cases/Tablo/TablodaEttnliVeriOlusturulduMu: Test Cases/Tablo/TablodaEttnliVeriOlusturulduMu

2021-11-18 12:09:53 - [TEST_STEP][PASSED] - Method.TextDegerineEsitElementVarMi(findTestObject("Tablo/OlusturulanVeri"), ettn): Method.TextDegerineEsitElementVarMi is PASSED

2021-11-18 12:09:53 - [MESSAGE][INFO] - Finding Test Object 'Object Repository/Tablo/OlusturulanVeri'

2021-11-18 12:09:53 - [MESSAGE][INFO] - Checking timeout

2021-11-18 12:09:53 - [MESSAGE][INFO] - Finding web element with id: 'Object Repository/Tablo/OlusturulanVeri' located by 'By.cssSelector: table.dxgvTable_LECustomTheme>tbody>tr:nth-child(3)>td.dxgv b,table.dxgvTable_LECustomTheme>tbody>tr:nth-child(3)>td.dxgv' in '10' second(s)

2021-11-18 12:09:53 - [MESSAGE][INFO] - Smart Wait Function is triggered

2021-11-18 12:09:53 - [MESSAGE][INFO] - Found 14 web elements with id: 'Object Repository/Tablo/OlusturulanVeri' located by 'By.cssSelector: table.dxgvTable_LECustomTheme>tbody>tr:nth-child(3)>td.dxgv b,table.dxgvTable_LECustomTheme>tbody>tr:nth-child(3)>td.dxgv' in '10' second(s)

2021-11-18 12:09:53 - [MESSAGE][PASSED] - Method.TextDegerineEsitElementVarMi is PASSED

2021-11-18 12:09:53 - [MESSAGE][PASSED] - Call Test Case 'Test Cases/Tablo/TablodaEttnliVeriOlusturulduMu' successfully

2021-11-18 12:09:53 - [MESSAGE][INFO] - Checking called Test Case

2021-11-18 12:09:53 - [MESSAGE][INFO] - Starting to call Test Case 'Test Cases/Tablo/TablodanEttnliVeriSec'

2021-11-18 12:09:54 - [TEST_CASE][PASSED] - Test Cases/Tablo/TablodanEttnliVeriSec: Test Cases/Tablo/TablodanEttnliVeriSec

2021-11-18 12:09:54 - [TEST_STEP][PASSED] - Method.TextDegerineEsitElementinAltindakineTikla(findTestObject("Tablo/Veriler"), findTestObject("Tablo/VerininCheckBoxi"), ettn): Method.TextDegerineEsitElementinAltindakineTikla is PASSED

2021-11-18 12:09:54 - [MESSAGE][INFO] - Finding Test Object 'Object Repository/Tablo/Veriler'

2021-11-18 12:09:54 - [MESSAGE][INFO] - Finding Test Object 'Object Repository/Tablo/VerininCheckBoxi'

2021-11-18 12:09:54 - [MESSAGE][INFO] - Checking timeout

2021-11-18 12:09:54 - [MESSAGE][INFO] - Finding web element with id: 'Object Repository/Tablo/Veriler' located by 'By.cssSelector: td.dxgv b ,td.dxgv' in '10' second(s)

2021-11-18 12:09:54 - [MESSAGE][INFO] - Smart Wait Function is triggered

2021-11-18 12:09:54 - [MESSAGE][INFO] - Found 70 web elements with id: 'Object Repository/Tablo/Veriler' located by 'By.cssSelector: td.dxgv b ,td.dxgv' in '10' second(s)

2021-11-18 12:09:54 - [MESSAGE][INFO] - Smart Wait Function is triggered

2021-11-18 12:09:54 - [MESSAGE][PASSED] - Method.TextDegerineEsitElementinAltindakineTikla is PASSED

2021-11-18 12:09:54 - [MESSAGE][PASSED] - Call Test Case 'Test Cases/Tablo/TablodanEttnliVeriSec' successfully

2021-11-18 12:09:54 - [MESSAGE][INFO] - Checking called Test Case

2021-11-18 12:09:54 - [MESSAGE][INFO] - Starting to call Test Case 'Test Cases/Butonlar/ButonaTikla'

2021-11-18 12:09:54 - [TEST_CASE][PASSED] - Test Cases/Butonlar/ButonaTikla: Test Cases/Butonlar/ButonaTikla

2021-11-18 12:09:54 - [TEST_STEP][PASSED] - Method.TextDegerineEsitElementeTiklaEquals(findTestObject("Butonlar/Butonlar"), Buton_Adi): Method.TextDegerineEsitElementeTiklaEquals is PASSED

2021-11-18 12:09:54 - [MESSAGE][INFO] - Finding Test Object 'Object Repository/Butonlar/Butonlar'

2021-11-18 12:09:55 - [MESSAGE][INFO] - Checking timeout

2021-11-18 12:09:55 - [MESSAGE][INFO] - Finding web element with id: 'Object Repository/Butonlar/Butonlar' located by 'By.cssSelector: .panel.panel-default.text-center.footerPanel .btn,.btn.btn-primary.btnControls' in '10' second(s)

2021-11-18 12:09:55 - [MESSAGE][INFO] - Smart Wait Function is triggered

2021-11-18 12:09:55 - [MESSAGE][INFO] - Found 9 web elements with id: 'Object Repository/Butonlar/Butonlar' located by 'By.cssSelector: .panel.panel-default.text-center.footerPanel .btn,.btn.btn-primary.btnControls' in '10' second(s)

2021-11-18 12:09:55 - [MESSAGE][PASSED] - Method.TextDegerineEsitElementeTiklaEquals is PASSED

2021-11-18 12:09:55 - [MESSAGE][PASSED] - Call Test Case 'Test Cases/Butonlar/ButonaTikla' successfully

2021-11-18 12:09:55 - [MESSAGE][INFO] - Checking called Test Case

2021-11-18 12:09:55 - [MESSAGE][INFO] - Starting to call Test Case 'Test Cases/Popup/PopupMesajiIceriyorMu'

2021-11-18 12:09:55 - [TEST_CASE][PASSED] - Test Cases/Popup/PopupMesajiIceriyorMu: Test Cases/Popup/PopupMesajiIceriyorMu

2021-11-18 12:09:55 - [TEST_STEP][PASSED] - waitForElementVisible(findTestObject("Popup/Popup"), 10): Object 'Object Repository/Popup/Popup' is visible

2021-11-18 12:09:55 - [MESSAGE][INFO] - Finding Test Object 'Object Repository/Popup/Popup'

2021-11-18 12:09:55 - [MESSAGE][INFO] - Checking object

2021-11-18 12:09:55 - [MESSAGE][INFO] - Checking timeout

2021-11-18 12:09:55 - [MESSAGE][INFO] - Finding web element from Test Object's properties

2021-11-18 12:09:55 - [MESSAGE][INFO] - Checking timeout

2021-11-18 12:09:55 - [MESSAGE][INFO] - Finding web element with id: 'Object Repository/Popup/Popup' located by 'By.cssSelector: .bootbox-body' in '10' second(s)

2021-11-18 12:09:55 - [MESSAGE][INFO] - Smart Wait Function is triggered

2021-11-18 12:09:56 - [MESSAGE][INFO] - Found 1 web elements with id: 'Object Repository/Popup/Popup' located by 'By.cssSelector: .bootbox-body' in '10' second(s)

2021-11-18 12:09:56 - [MESSAGE][PASSED] - Object 'Object Repository/Popup/Popup' is visible

2021-11-18 12:09:56 - [TEST_STEP][PASSED] - if (!(getText(findTestObject("Popup/Popup")).contains(Mesaj))): Text of object 'Object Repository/Popup/Popup' is: 'Oluşturulacak fatura numarası : EAR2021000000470 Fatura numarası oluşturulduktan sonra fatura silinemez. Fatura numarası, tarihi ve ön eki değiştirilemez. Devam etmek istiyor musunuz?'

2021-11-18 12:09:56 - [MESSAGE][INFO] - Finding Test Object 'Object Repository/Popup/Popup'

2021-11-18 12:09:56 - [MESSAGE][INFO] - Checking object

2021-11-18 12:09:56 - [MESSAGE][INFO] - Finding web element from Test Object's properties

2021-11-18 12:09:56 - [MESSAGE][INFO] - Checking timeout

2021-11-18 12:09:56 - [MESSAGE][INFO] - Finding web element with id: 'Object Repository/Popup/Popup' located by 'By.cssSelector: .bootbox-body' in '30' second(s)

2021-11-18 12:09:56 - [MESSAGE][INFO] - Smart Wait Function is triggered

2021-11-18 12:09:56 - [MESSAGE][INFO] - Found 1 web elements with id: 'Object Repository/Popup/Popup' located by 'By.cssSelector: .bootbox-body' in '30' second(s)

2021-11-18 12:09:56 - [MESSAGE][INFO] - Getting text of object 'Object Repository/Popup/Popup'

2021-11-18 12:09:56 - [MESSAGE][PASSED] - Text of object 'Object Repository/Popup/Popup' is: 'Oluşturulacak fatura numarası : EAR2021000000470 Fatura numarası oluşturulduktan sonra fatura silinemez. Fatura numarası, tarihi ve ön eki değiştirilemez. Devam etmek istiyor musunuz?'

2021-11-18 12:09:56 - [TEST_STEP][PASSED] - RaporNo = getText(findTestObject("Popup/Popup")).substring(0, 6): Text of object 'Object Repository/Popup/Popup' is: 'Oluşturulacak fatura numarası : EAR2021000000470 Fatura numarası oluşturulduktan sonra fatura silinemez. Fatura numarası, tarihi ve ön eki değiştirilemez. Devam etmek istiyor musunuz?'

2021-11-18 12:09:56 - [MESSAGE][INFO] - Finding Test Object 'Object Repository/Popup/Popup'

2021-11-18 12:09:57 - [MESSAGE][INFO] - Checking object

2021-11-18 12:09:57 - [MESSAGE][INFO] - Finding web element from Test Object's properties

2021-11-18 12:09:57 - [MESSAGE][INFO] - Checking timeout

2021-11-18 12:09:57 - [MESSAGE][INFO] - Finding web element with id: 'Object Repository/Popup/Popup' located by 'By.cssSelector: .bootbox-body' in '30' second(s)

2021-11-18 12:09:57 - [MESSAGE][INFO] - Smart Wait Function is triggered

2021-11-18 12:09:57 - [MESSAGE][INFO] - Found 1 web elements with id: 'Object Repository/Popup/Popup' located by 'By.cssSelector: .bootbox-body' in '30' second(s)

2021-11-18 12:09:57 - [MESSAGE][INFO] - Getting text of object 'Object Repository/Popup/Popup'

2021-11-18 12:09:57 - [MESSAGE][PASSED] - Text of object 'Object Repository/Popup/Popup' is: 'Oluşturulacak fatura numarası : EAR2021000000470 Fatura numarası oluşturulduktan sonra fatura silinemez. Fatura numarası, tarihi ve ön eki değiştirilemez. Devam etmek istiyor musunuz?'

2021-11-18 12:09:57 - [TEST_STEP][PASSED] - Console.println(RaporNo): null

2021-11-18 12:09:57 - [MESSAGE][PASSED] - Call Test Case 'Test Cases/Popup/PopupMesajiIceriyorMu' successfully

2021-11-18 12:09:57 - [MESSAGE][INFO] - Checking called Test Case

2021-11-18 12:09:57 - [MESSAGE][INFO] - Starting to call Test Case 'Test Cases/Popup/PopupButonSecilir'

2021-11-18 12:09:57 - [TEST_CASE][PASSED] - Test Cases/Popup/PopupButonSecilir: Test Cases/Popup/PopupButonSecilir

2021-11-18 12:09:57 - [TEST_STEP][PASSED] - Method.TextDegerineEsitElementeTikla(findTestObject("Popup/Popup_Butons"), Buton): Method.TextDegerineEsitElementeTikla is PASSED

2021-11-18 12:09:57 - [MESSAGE][INFO] - Finding Test Object 'Object Repository/Popup/Popup_Butons'

2021-11-18 12:09:57 - [MESSAGE][INFO] - Checking timeout

2021-11-18 12:09:57 - [MESSAGE][INFO] - Finding web element with id: 'Object Repository/Popup/Popup_Butons' located by 'By.cssSelector: .modal-footer>button' in '10' second(s)

2021-11-18 12:09:57 - [MESSAGE][INFO] - Smart Wait Function is triggered

2021-11-18 12:09:57 - [MESSAGE][INFO] - Found 2 web elements with id: 'Object Repository/Popup/Popup_Butons' located by 'By.cssSelector: .modal-footer>button' in '10' second(s)

2021-11-18 12:09:57 - [MESSAGE][PASSED] - Method.TextDegerineEsitElementeTikla is PASSED

2021-11-18 12:09:57 - [MESSAGE][PASSED] - Call Test Case 'Test Cases/Popup/PopupButonSecilir' successfully

2021-11-18 12:09:57 - [MESSAGE][INFO] - Checking called Test Case

2021-11-18 12:09:57 - [MESSAGE][INFO] - Starting to call Test Case 'Test Cases/Popup/PopupMesajiIceriyorMu'

2021-11-18 12:09:58 - [TEST_CASE][PASSED] - Test Cases/Popup/PopupMesajiIceriyorMu: Test Cases/Popup/PopupMesajiIceriyorMu

2021-11-18 12:09:58 - [TEST_STEP][PASSED] - waitForElementVisible(findTestObject("Popup/Popup"), 10): Object 'Object Repository/Popup/Popup' is visible

2021-11-18 12:09:58 - [MESSAGE][INFO] - Finding Test Object 'Object Repository/Popup/Popup'

2021-11-18 12:09:58 - [MESSAGE][INFO] - Checking object

2021-11-18 12:09:58 - [MESSAGE][INFO] - Checking timeout

2021-11-18 12:09:58 - [MESSAGE][INFO] - Finding web element from Test Object's properties

2021-11-18 12:09:58 - [MESSAGE][INFO] - Checking timeout

2021-11-18 12:09:58 - [MESSAGE][INFO] - Finding web element with id: 'Object Repository/Popup/Popup' located by 'By.cssSelector: .bootbox-body' in '10' second(s)

2021-11-18 12:09:58 - [MESSAGE][INFO] - Smart Wait Function is triggered

2021-11-18 12:09:58 - [MESSAGE][INFO] - Found 1 web elements with id: 'Object Repository/Popup/Popup' located by 'By.cssSelector: .bootbox-body' in '10' second(s)

2021-11-18 12:09:58 - [MESSAGE][PASSED] - Object 'Object Repository/Popup/Popup' is visible

2021-11-18 12:09:58 - [TEST_STEP][PASSED] - if (!(getText(findTestObject("Popup/Popup")).contains(Mesaj))): Text of object 'Object Repository/Popup/Popup' is: 'Fatura numaranız EAR2021000000470 olarak oluşmuştur.'

2021-11-18 12:09:58 - [MESSAGE][INFO] - Finding Test Object 'Object Repository/Popup/Popup'

2021-11-18 12:09:58 - [MESSAGE][INFO] - Checking object

2021-11-18 12:09:58 - [MESSAGE][INFO] - Finding web element from Test Object's properties

2021-11-18 12:09:58 - [MESSAGE][INFO] - Checking timeout

2021-11-18 12:09:58 - [MESSAGE][INFO] - Finding web element with id: 'Object Repository/Popup/Popup' located by 'By.cssSelector: .bootbox-body' in '30' second(s)

2021-11-18 12:09:58 - [MESSAGE][INFO] - Smart Wait Function is triggered

2021-11-18 12:09:59 - [MESSAGE][INFO] - Found 1 web elements with id: 'Object Repository/Popup/Popup' located by 'By.cssSelector: .bootbox-body' in '30' second(s)

2021-11-18 12:09:59 - [MESSAGE][INFO] - Getting text of object 'Object Repository/Popup/Popup'

2021-11-18 12:09:59 - [MESSAGE][PASSED] - Text of object 'Object Repository/Popup/Popup' is: 'Fatura numaranız EAR2021000000470 olarak oluşmuştur.'

2021-11-18 12:09:59 - [TEST_STEP][PASSED] - RaporNo = getText(findTestObject("Popup/Popup")).substring(0, 6): Text of object 'Object Repository/Popup/Popup' is: 'Fatura numaranız EAR2021000000470 olarak oluşmuştur.'

2021-11-18 12:09:59 - [MESSAGE][INFO] - Finding Test Object 'Object Repository/Popup/Popup'

2021-11-18 12:09:59 - [MESSAGE][INFO] - Checking object

2021-11-18 12:09:59 - [MESSAGE][INFO] - Finding web element from Test Object's properties

2021-11-18 12:09:59 - [MESSAGE][INFO] - Checking timeout

2021-11-18 12:09:59 - [MESSAGE][INFO] - Finding web element with id: 'Object Repository/Popup/Popup' located by 'By.cssSelector: .bootbox-body' in '30' second(s)

2021-11-18 12:09:59 - [MESSAGE][INFO] - Smart Wait Function is triggered

2021-11-18 12:09:59 - [MESSAGE][INFO] - Found 1 web elements with id: 'Object Repository/Popup/Popup' located by 'By.cssSelector: .bootbox-body' in '30' second(s)

2021-11-18 12:09:59 - [MESSAGE][INFO] - Getting text of object 'Object Repository/Popup/Popup'

2021-11-18 12:09:59 - [MESSAGE][PASSED] - Text of object 'Object Repository/Popup/Popup' is: 'Fatura numaranız EAR2021000000470 olarak oluşmuştur.'

2021-11-18 12:09:59 - [TEST_STEP][PASSED] - Console.println(RaporNo): null

2021-11-18 12:09:59 - [MESSAGE][PASSED] - Call Test Case 'Test Cases/Popup/PopupMesajiIceriyorMu' successfully

2021-11-18 12:09:59 - [MESSAGE][INFO] - Checking called Test Case

2021-11-18 12:09:59 - [MESSAGE][INFO] - Starting to call Test Case 'Test Cases/Popup/PopupButonSecilir'

2021-11-18 12:09:59 - [TEST_CASE][PASSED] - Test Cases/Popup/PopupButonSecilir: Test Cases/Popup/PopupButonSecilir

2021-11-18 12:09:59 - [TEST_STEP][PASSED] - Method.TextDegerineEsitElementeTikla(findTestObject("Popup/Popup_Butons"), Buton): Method.TextDegerineEsitElementeTikla is PASSED

2021-11-18 12:09:59 - [MESSAGE][INFO] - Finding Test Object 'Object Repository/Popup/Popup_Butons'

2021-11-18 12:09:59 - [MESSAGE][INFO] - Checking timeout

2021-11-18 12:09:59 - [MESSAGE][INFO] - Finding web element with id: 'Object Repository/Popup/Popup_Butons' located by 'By.cssSelector: .modal-footer>button' in '10' second(s)

2021-11-18 12:09:59 - [MESSAGE][INFO] - Smart Wait Function is triggered

2021-11-18 12:09:59 - [MESSAGE][INFO] - Found 1 web elements with id: 'Object Repository/Popup/Popup_Butons' located by 'By.cssSelector: .modal-footer>button' in '10' second(s)

2021-11-18 12:09:59 - [MESSAGE][PASSED] - Method.TextDegerineEsitElementeTikla is PASSED

2021-11-18 12:09:59 - [MESSAGE][PASSED] - Call Test Case 'Test Cases/Popup/PopupButonSecilir' successfully

2021-11-18 12:09:59 - [MESSAGE][INFO] - Checking called Test Case

2021-11-18 12:09:59 - [MESSAGE][INFO] - Starting to call Test Case 'Test Cases/Tablo/TablodanEttnliVeriSec'

2021-11-18 12:09:59 - [TEST_CASE][PASSED] - Test Cases/Tablo/TablodanEttnliVeriSec: Test Cases/Tablo/TablodanEttnliVeriSec

2021-11-18 12:09:59 - [TEST_STEP][PASSED] - Method.TextDegerineEsitElementinAltindakineTikla(findTestObject("Tablo/Veriler"), findTestObject("Tablo/VerininCheckBoxi"), ettn): Method.TextDegerineEsitElementinAltindakineTikla is PASSED

2021-11-18 12:09:59 - [MESSAGE][INFO] - Finding Test Object 'Object Repository/Tablo/Veriler'

2021-11-18 12:10:00 - [MESSAGE][INFO] - Finding Test Object 'Object Repository/Tablo/VerininCheckBoxi'

2021-11-18 12:10:00 - [MESSAGE][INFO] - Checking timeout

2021-11-18 12:10:00 - [MESSAGE][INFO] - Finding web element with id: 'Object Repository/Tablo/Veriler' located by 'By.cssSelector: td.dxgv b ,td.dxgv' in '10' second(s)

2021-11-18 12:10:00 - [MESSAGE][INFO] - Smart Wait Function is triggered

2021-11-18 12:10:00 - [MESSAGE][INFO] - Found 70 web elements with id: 'Object Repository/Tablo/Veriler' located by 'By.cssSelector: td.dxgv b ,td.dxgv' in '10' second(s)

2021-11-18 12:10:00 - [MESSAGE][INFO] - Smart Wait Function is triggered

2021-11-18 12:10:01 - [MESSAGE][PASSED] - Method.TextDegerineEsitElementinAltindakineTikla is PASSED

2021-11-18 12:10:01 - [MESSAGE][PASSED] - Call Test Case 'Test Cases/Tablo/TablodanEttnliVeriSec' successfully

2021-11-18 12:10:01 - [MESSAGE][INFO] - Checking called Test Case

2021-11-18 12:10:01 - [MESSAGE][INFO] - Starting to call Test Case 'Test Cases/Butonlar/ButonaTikla'

2021-11-18 12:10:01 - [TEST_CASE][PASSED] - Test Cases/Butonlar/ButonaTikla: Test Cases/Butonlar/ButonaTikla

2021-11-18 12:10:01 - [TEST_STEP][PASSED] - Method.TextDegerineEsitElementeTiklaEquals(findTestObject("Butonlar/Butonlar"), Buton_Adi): Method.TextDegerineEsitElementeTiklaEquals is PASSED

2021-11-18 12:10:01 - [MESSAGE][INFO] - Finding Test Object 'Object Repository/Butonlar/Butonlar'

2021-11-18 12:10:01 - [MESSAGE][INFO] - Checking timeout

2021-11-18 12:10:01 - [MESSAGE][INFO] - Finding web element with id: 'Object Repository/Butonlar/Butonlar' located by 'By.cssSelector: .panel.panel-default.text-center.footerPanel .btn,.btn.btn-primary.btnControls' in '10' second(s)

2021-11-18 12:10:01 - [MESSAGE][INFO] - Smart Wait Function is triggered

2021-11-18 12:10:01 - [MESSAGE][INFO] - Found 9 web elements with id: 'Object Repository/Butonlar/Butonlar' located by 'By.cssSelector: .panel.panel-default.text-center.footerPanel .btn,.btn.btn-primary.btnControls' in '10' second(s)

2021-11-18 12:10:02 - [MESSAGE][PASSED] - Method.TextDegerineEsitElementeTiklaEquals is PASSED

2021-11-18 12:10:02 - [MESSAGE][PASSED] - Call Test Case 'Test Cases/Butonlar/ButonaTikla' successfully

2021-11-18 12:10:02 - [MESSAGE][INFO] - Checking called Test Case

2021-11-18 12:10:02 - [MESSAGE][INFO] - Starting to call Test Case 'Test Cases/Popup/PopupMesajiIceriyorMu'

2021-11-18 12:10:02 - [TEST_CASE][PASSED] - Test Cases/Popup/PopupMesajiIceriyorMu: Test Cases/Popup/PopupMesajiIceriyorMu

2021-11-18 12:10:02 - [TEST_STEP][PASSED] - waitForElementVisible(findTestObject("Popup/Popup"), 10): Object 'Object Repository/Popup/Popup' is visible

2021-11-18 12:10:02 - [MESSAGE][INFO] - Finding Test Object 'Object Repository/Popup/Popup'

2021-11-18 12:10:02 - [MESSAGE][INFO] - Checking object

2021-11-18 12:10:02 - [MESSAGE][INFO] - Checking timeout

2021-11-18 12:10:02 - [MESSAGE][INFO] - Finding web element from Test Object's properties

2021-11-18 12:10:02 - [MESSAGE][INFO] - Checking timeout

2021-11-18 12:10:02 - [MESSAGE][INFO] - Finding web element with id: 'Object Repository/Popup/Popup' located by 'By.cssSelector: .bootbox-body' in '10' second(s)

2021-11-18 12:10:02 - [MESSAGE][INFO] - Smart Wait Function is triggered

2021-11-18 12:10:02 - [MESSAGE][INFO] - Found 1 web elements with id: 'Object Repository/Popup/Popup' located by 'By.cssSelector: .bootbox-body' in '10' second(s)

2021-11-18 12:10:02 - [MESSAGE][PASSED] - Object 'Object Repository/Popup/Popup' is visible

2021-11-18 12:10:02 - [TEST_STEP][PASSED] - if (!(getText(findTestObject("Popup/Popup")).contains(Mesaj))): Text of object 'Object Repository/Popup/Popup' is: 'Seçilen faturalarınız onaylanacaktır. Onaylanan faturalar üzerinde değişiklik yapılamaz. Devam etmek istiyor musunuz?'

2021-11-18 12:10:02 - [MESSAGE][INFO] - Finding Test Object 'Object Repository/Popup/Popup'

2021-11-18 12:10:02 - [MESSAGE][INFO] - Checking object

2021-11-18 12:10:02 - [MESSAGE][INFO] - Finding web element from Test Object's properties

2021-11-18 12:10:02 - [MESSAGE][INFO] - Checking timeout

2021-11-18 12:10:02 - [MESSAGE][INFO] - Finding web element with id: 'Object Repository/Popup/Popup' located by 'By.cssSelector: .bootbox-body' in '30' second(s)

2021-11-18 12:10:02 - [MESSAGE][INFO] - Smart Wait Function is triggered

2021-11-18 12:10:02 - [MESSAGE][INFO] - Found 1 web elements with id: 'Object Repository/Popup/Popup' located by 'By.cssSelector: .bootbox-body' in '30' second(s)

2021-11-18 12:10:02 - [MESSAGE][INFO] - Getting text of object 'Object Repository/Popup/Popup'

2021-11-18 12:10:02 - [MESSAGE][PASSED] - Text of object 'Object Repository/Popup/Popup' is: 'Seçilen faturalarınız onaylanacaktır. Onaylanan faturalar üzerinde değişiklik yapılamaz. Devam etmek istiyor musunuz?'

2021-11-18 12:10:02 - [TEST_STEP][PASSED] - RaporNo = getText(findTestObject("Popup/Popup")).substring(0, 6): Text of object 'Object Repository/Popup/Popup' is: 'Seçilen faturalarınız onaylanacaktır. Onaylanan faturalar üzerinde değişiklik yapılamaz. Devam etmek istiyor musunuz?'

2021-11-18 12:10:02 - [MESSAGE][INFO] - Finding Test Object 'Object Repository/Popup/Popup'

2021-11-18 12:10:02 - [MESSAGE][INFO] - Checking object

2021-11-18 12:10:02 - [MESSAGE][INFO] - Finding web element from Test Object's properties

2021-11-18 12:10:02 - [MESSAGE][INFO] - Checking timeout

2021-11-18 12:10:02 - [MESSAGE][INFO] - Finding web element with id: 'Object Repository/Popup/Popup' located by 'By.cssSelector: .bootbox-body' in '30' second(s)

2021-11-18 12:10:02 - [MESSAGE][INFO] - Smart Wait Function is triggered

2021-11-18 12:10:03 - [MESSAGE][INFO] - Found 1 web elements with id: 'Object Repository/Popup/Popup' located by 'By.cssSelector: .bootbox-body' in '30' second(s)

2021-11-18 12:10:03 - [MESSAGE][INFO] - Getting text of object 'Object Repository/Popup/Popup'

2021-11-18 12:10:03 - [MESSAGE][PASSED] - Text of object 'Object Repository/Popup/Popup' is: 'Seçilen faturalarınız onaylanacaktır. Onaylanan faturalar üzerinde değişiklik yapılamaz. Devam etmek istiyor musunuz?'

2021-11-18 12:10:03 - [TEST_STEP][PASSED] - Console.println(RaporNo): null

2021-11-18 12:10:03 - [MESSAGE][PASSED] - Call Test Case 'Test Cases/Popup/PopupMesajiIceriyorMu' successfully

2021-11-18 12:10:03 - [MESSAGE][INFO] - Checking called Test Case

2021-11-18 12:10:03 - [MESSAGE][INFO] - Starting to call Test Case 'Test Cases/Popup/PopupButonSecilir'

2021-11-18 12:10:03 - [TEST_CASE][PASSED] - Test Cases/Popup/PopupButonSecilir: Test Cases/Popup/PopupButonSecilir

2021-11-18 12:10:03 - [TEST_STEP][PASSED] - Method.TextDegerineEsitElementeTikla(findTestObject("Popup/Popup_Butons"), Buton): Method.TextDegerineEsitElementeTikla is PASSED

2021-11-18 12:10:03 - [MESSAGE][INFO] - Finding Test Object 'Object Repository/Popup/Popup_Butons'

2021-11-18 12:10:03 - [MESSAGE][INFO] - Checking timeout

2021-11-18 12:10:03 - [MESSAGE][INFO] - Finding web element with id: 'Object Repository/Popup/Popup_Butons' located by 'By.cssSelector: .modal-footer>button' in '10' second(s)

2021-11-18 12:10:03 - [MESSAGE][INFO] - Smart Wait Function is triggered

2021-11-18 12:10:03 - [MESSAGE][INFO] - Found 2 web elements with id: 'Object Repository/Popup/Popup_Butons' located by 'By.cssSelector: .modal-footer>button' in '10' second(s)

2021-11-18 12:10:03 - [MESSAGE][PASSED] - Method.TextDegerineEsitElementeTikla is PASSED

2021-11-18 12:10:03 - [MESSAGE][PASSED] - Call Test Case 'Test Cases/Popup/PopupButonSecilir' successfully

2021-11-18 12:10:03 - [MESSAGE][INFO] - Checking called Test Case

2021-11-18 12:10:03 - [MESSAGE][INFO] - Starting to call Test Case 'Test Cases/Menu/AnaMenuSecimi'

2021-11-18 12:10:03 - [TEST_CASE][PASSED] - Test Cases/Menu/AnaMenuSecimi: Test Cases/Menu/AnaMenuSecimi

2021-11-18 12:10:03 - [TEST_STEP][PASSED] - Method.TextDegerineEsitElementeTikla(findTestObject("Menu/Ana_Menu"), Ana_Menu): Method.TextDegerineEsitElementeTikla is PASSED

2021-11-18 12:10:03 - [MESSAGE][INFO] - Finding Test Object 'Object Repository/Menu/Ana_Menu'

2021-11-18 12:10:03 - [MESSAGE][INFO] - Checking timeout

2021-11-18 12:10:03 - [MESSAGE][INFO] - Finding web element with id: 'Object Repository/Menu/Ana_Menu' located by 'By.xpath: //*[@class = 'dropdown-toggle']' in '10' second(s)

2021-11-18 12:10:03 - [MESSAGE][INFO] - Smart Wait Function is triggered

2021-11-18 12:10:04 - [MESSAGE][INFO] - Found 13 web elements with id: 'Object Repository/Menu/Ana_Menu' located by 'By.xpath: //*[@class = 'dropdown-toggle']' in '10' second(s)

2021-11-18 12:10:05 - [MESSAGE][PASSED] - Method.TextDegerineEsitElementeTikla is PASSED

2021-11-18 12:10:05 - [MESSAGE][PASSED] - Call Test Case 'Test Cases/Menu/AnaMenuSecimi' successfully

2021-11-18 12:10:05 - [MESSAGE][INFO] - Checking called Test Case

2021-11-18 12:10:05 - [MESSAGE][INFO] - Starting to call Test Case 'Test Cases/Menu/BasligaGoreAltMenuSecimi'

2021-11-18 12:10:05 - [TEST_CASE][PASSED] - Test Cases/Menu/BasligaGoreAltMenuSecimi: Test Cases/Menu/BasligaGoreAltMenuSecimi

2021-11-18 12:10:05 - [TEST_STEP][PASSED] - Method.TextDegerineEsitElementinAltindakiTextDegerineEsitOlanaTikla(findTestObject("Menu/Menu_Basligi"), findTestObject("Menu/Basliga_Gore_Alt_Menu"), Baslik, Alt_Menu): Method.TextDegerineEsitElementinAltindakiTextDegerineEsitOlanaTikla is PASSED

2021-11-18 12:10:05 - [MESSAGE][INFO] - Finding Test Object 'Object Repository/Menu/Menu_Basligi'

2021-11-18 12:10:05 - [MESSAGE][INFO] - Finding Test Object 'Object Repository/Menu/Basliga_Gore_Alt_Menu'

2021-11-18 12:10:05 - [MESSAGE][INFO] - Checking timeout

2021-11-18 12:10:05 - [MESSAGE][INFO] - Finding web element with id: 'Object Repository/Menu/Menu_Basligi' located by 'By.xpath: //li[@class='dropdown dropdown-large open']//li[@class='dropdown-header']' in '10' second(s)

2021-11-18 12:10:05 - [MESSAGE][INFO] - Smart Wait Function is triggered

2021-11-18 12:10:05 - [MESSAGE][INFO] - Found 2 web elements with id: 'Object Repository/Menu/Menu_Basligi' located by 'By.xpath: //li[@class='dropdown dropdown-large open']//li[@class='dropdown-header']' in '10' second(s)

2021-11-18 12:10:05 - [MESSAGE][INFO] - Smart Wait Function is triggered

2021-11-18 12:10:07 - [MESSAGE][PASSED] - Method.TextDegerineEsitElementinAltindakiTextDegerineEsitOlanaTikla is PASSED

2021-11-18 12:10:07 - [MESSAGE][PASSED] - Call Test Case 'Test Cases/Menu/BasligaGoreAltMenuSecimi' successfully

2021-11-18 12:10:07 - [MESSAGE][INFO] - Checking called Test Case

2021-11-18 12:10:07 - [MESSAGE][INFO] - Starting to call Test Case 'Test Cases/Filtreler/EttnYaz'

2021-11-18 12:10:07 - [TEST_CASE][PASSED] - Test Cases/Filtreler/EttnYaz: Test Cases/Filtreler/EttnYaz

2021-11-18 12:10:07 - [TEST_STEP][PASSED] - Method.TextDegerineEsitElementinAltindakiTextboxtaYaz(findTestObject("Filtreler/Basliklar"), findTestObject("Filtreler/Basliga_Gore_Textbox"), "ETTN", ettn): Method.TextDegerineEsitElementinAltindakiTextboxtaYaz is PASSED

2021-11-18 12:10:07 - [MESSAGE][INFO] - Finding Test Object 'Object Repository/Filtreler/Basliklar'

2021-11-18 12:10:07 - [MESSAGE][INFO] - Finding Test Object 'Object Repository/Filtreler/Basliga_Gore_Textbox'

2021-11-18 12:10:07 - [MESSAGE][INFO] - Checking timeout

2021-11-18 12:10:07 - [MESSAGE][INFO] - Finding web element with id: 'Object Repository/Filtreler/Basliklar' located by 'By.cssSelector: .control-label.col-sm-4.paddingMarginRLC' in '10' second(s)

2021-11-18 12:10:07 - [MESSAGE][INFO] - Smart Wait Function is triggered

2021-11-18 12:10:07 - [MESSAGE][INFO] - Found 19 web elements with id: 'Object Repository/Filtreler/Basliklar' located by 'By.cssSelector: .control-label.col-sm-4.paddingMarginRLC' in '10' second(s)

2021-11-18 12:10:07 - [MESSAGE][INFO] - Smart Wait Function is triggered

2021-11-18 12:10:07 - [MESSAGE][PASSED] - Method.TextDegerineEsitElementinAltindakiTextboxtaYaz is PASSED

2021-11-18 12:10:07 - [MESSAGE][PASSED] - Call Test Case 'Test Cases/Filtreler/EttnYaz' successfully

2021-11-18 12:10:07 - [MESSAGE][INFO] - Checking called Test Case

2021-11-18 12:10:07 - [MESSAGE][INFO] - Starting to call Test Case 'Test Cases/Filtreler/ButonaTikla'

2021-11-18 12:10:08 - [TEST_CASE][PASSED] - Test Cases/Filtreler/ButonaTikla: Test Cases/Filtreler/ButonaTikla

2021-11-18 12:10:08 - [TEST_STEP][PASSED] - Method.TextDegerineEsitElementeTikla(findTestObject("Filtreler/Butonlar"), Filtre_Buton): Method.TextDegerineEsitElementeTikla is PASSED

2021-11-18 12:10:08 - [MESSAGE][INFO] - Finding Test Object 'Object Repository/Filtreler/Butonlar'

2021-11-18 12:10:08 - [MESSAGE][INFO] - Checking timeout

2021-11-18 12:10:08 - [MESSAGE][INFO] - Finding web element with id: 'Object Repository/Filtreler/Butonlar' located by 'By.cssSelector: .dxb>span' in '10' second(s)

2021-11-18 12:10:08 - [MESSAGE][INFO] - Smart Wait Function is triggered

2021-11-18 12:10:08 - [MESSAGE][INFO] - Found 3 web elements with id: 'Object Repository/Filtreler/Butonlar' located by 'By.cssSelector: .dxb>span' in '10' second(s)

2021-11-18 12:10:08 - [MESSAGE][PASSED] - Method.TextDegerineEsitElementeTikla is PASSED

2021-11-18 12:10:08 - [MESSAGE][PASSED] - Call Test Case 'Test Cases/Filtreler/ButonaTikla' successfully

2021-11-18 12:10:08 - [MESSAGE][INFO] - Checking called Test Case

2021-11-18 12:10:08 - [MESSAGE][INFO] - Starting to call Test Case 'Test Cases/Tablo/TablodaVeriVarMi'

2021-11-18 12:10:08 - [TEST_CASE][PASSED] - Test Cases/Tablo/TablodaVeriVarMi: Test Cases/Tablo/TablodaVeriVarMi

2021-11-18 12:10:08 - [TEST_STEP][PASSED] - verifyTextNotPresent("Görüntülenecek veri yok", true): Text 'Görüntülenecek veri yok' is not present on page using regular expression

2021-11-18 12:10:08 - [MESSAGE][INFO] - Checking text present  using regular expression

2021-11-18 12:10:08 - [MESSAGE][INFO] - Smart Wait Function is triggered

2021-11-18 12:10:09 - [MESSAGE][INFO] - Finding text 'Görüntülenecek veri yok' on page  using regular expression

2021-11-18 12:10:09 - [MESSAGE][PASSED] - Text 'Görüntülenecek veri yok' is not present on page using regular expression

2021-11-18 12:10:09 - [MESSAGE][PASSED] - Call Test Case 'Test Cases/Tablo/TablodaVeriVarMi' successfully

2021-11-18 12:10:09 - [MESSAGE][INFO] - Checking called Test Case

2021-11-18 12:10:09 - [MESSAGE][INFO] - Starting to call Test Case 'Test Cases/Tablo/TablodaVeriBasariliMiArsiv'

2021-11-18 12:10:09 - [TEST_CASE][PASSED] - Test Cases/Tablo/TablodaVeriBasariliMiArsiv: Test Cases/Tablo/TablodaVeriBasariliMiArsiv

2021-11-18 12:10:09 - [TEST_STEP][PASSED] - sayac = 80: null

2021-11-18 12:10:09 - [TEST_STEP][PASSED] - while (verifyElementText(findTestObject("Object Repository/Tablo/DurumBilgisiArsiv"), "Henüz Sonuçlanmadı", OPTIONAL)): Actual text 'Başarılı' and expected text 'Henüz Sonuçlanmadı' of test object 'Object Repository/Tablo/DurumBilgisiArsiv' are NOT matched. (Root cause: com.kms.katalon.core.exception.StepFailedException: Actual text 'Başarılı' and expected text 'Henüz Sonuçlanmadı' of test object 'Object Repository/Tablo/DurumBilgisiArsiv' are NOT matched.
	at com.kms.katalon.core.webui.keyword.internal.WebUIKeywordMain.stepFailed(WebUIKeywordMain.groovy:64)
	at com.kms.katalon.core.webui.keyword.builtin.VerifyElementTextKeyword$_verifyElementText_closure1.doCall(VerifyElementTextKeyword.groovy:57)
	at com.kms.katalon.core.webui.keyword.builtin.VerifyElementTextKeyword$_verifyElementText_closure1.call(VerifyElementTextKeyword.groovy)
	at com.kms.katalon.core.webui.keyword.internal.WebUIKeywordMain.runKeyword(WebUIKeywordMain.groovy:20)
	at com.kms.katalon.core.webui.keyword.builtin.VerifyElementTextKeyword.verifyElementText(VerifyElementTextKeyword.groovy:72)
	at com.kms.katalon.core.webui.keyword.builtin.VerifyElementTextKeyword.execute(VerifyElementTextKeyword.groovy:40)
	at com.kms.katalon.core.keyword.internal.KeywordExecutor.executeKeywordForPlatform(KeywordExecutor.groovy:73)
	at com.kms.katalon.core.webui.keyword.WebUiBuiltInKeywords.verifyElementText(WebUiBuiltInKeywords.groovy:4733)
	at com.kms.katalon.core.webui.keyword.WebUiBuiltInKeywords$verifyElementText$20.call(Unknown Source)
	at TablodaVeriBasariliMiArsiv.run(TablodaVeriBasariliMiArsiv:22)
	at com.kms.katalon.core.main.ScriptEngine.run(ScriptEngine.java:194)
	at com.kms.katalon.core.main.ScriptEngine.runScriptAsRawText(ScriptEngine.java:119)
	at com.kms.katalon.core.main.TestCaseExecutor.runScript(TestCaseExecutor.java:369)
	at com.kms.katalon.core.main.TestCaseExecutor.doExecute(TestCaseExecutor.java:360)
	at com.kms.katalon.core.main.TestCaseExecutor.processExecutionPhase(TestCaseExecutor.java:339)
	at com.kms.katalon.core.main.TestCaseExecutor.accessMainPhase(TestCaseExecutor.java:331)
	at com.kms.katalon.core.main.TestCaseExecutor.execute(TestCaseExecutor.java:248)
	at com.kms.katalon.core.main.TestCaseMain.runTestCase(TestCaseMain.java:138)
	at com.kms.katalon.core.keyword.builtin.CallTestCaseKeyword$_callTestCase_closure1.doCall(CallTestCaseKeyword.groovy:59)
	at com.kms.katalon.core.keyword.builtin.CallTestCaseKeyword$_callTestCase_closure1.call(CallTestCaseKeyword.groovy)
	at com.kms.katalon.core.keyword.internal.KeywordMain.runKeyword(KeywordMain.groovy:68)
	at com.kms.katalon.core.keyword.builtin.CallTestCaseKeyword.callTestCase(CallTestCaseKeyword.groovy:81)
	at com.kms.katalon.core.keyword.builtin.CallTestCaseKeyword.execute(CallTestCaseKeyword.groovy:44)
	at com.kms.katalon.core.keyword.internal.KeywordExecutor.executeKeywordForPlatform(KeywordExecutor.groovy:73)
	at com.kms.katalon.core.keyword.BuiltinKeywords.callTestCase(BuiltinKeywords.groovy:334)
	at tablo.tablo.tablodaVeriBasariliMiArsiv(tablo.groovy:95)
	at cucumber.runtime.Utils$1.call(Utils.java:26)
	at cucumber.runtime.Timeout.timeout(Timeout.java:16)
	at cucumber.runtime.Utils.invoke(Utils.java:20)
	at cucumber.runtime.java.JavaStepDefinition.execute(JavaStepDefinition.java:49)
	at cucumber.runner.PickleStepDefinitionMatch.runStep(PickleStepDefinitionMatch.java:50)
	at cucumber.runner.TestStep.executeStep(TestStep.java:63)
	at cucumber.runner.TestStep.run(TestStep.java:49)
	at cucumber.runner.PickleStepTestStep.run(PickleStepTestStep.java:43)
	at cucumber.runner.TestCase.run(TestCase.java:44)
	at cucumber.runner.Runner.runPickle(Runner.java:40)
	at cucumber.runtime.Runtime$1.run(Runtime.java:84)
	at cucumber.runtime.Runtime$SameThreadExecutorService.execute(Runtime.java:220)
	at cucumber.runtime.Runtime.run(Runtime.java:81)
	at cucumber.api.cli.Main.run(Main.java:26)
	at cucumber.api.cli.Main$run.call(Unknown Source)
	at com.kms.katalon.core.cucumber.keyword.CucumberBuiltinKeywords$_runFeatureFile_closure1.doCall(CucumberBuiltinKeywords.groovy:106)
	at com.kms.katalon.core.cucumber.keyword.CucumberBuiltinKeywords$_runFeatureFile_closure1.doCall(CucumberBuiltinKeywords.groovy)
	at com.kms.katalon.core.keyword.internal.KeywordMain.runKeyword(KeywordMain.groovy:68)
	at com.kms.katalon.core.keyword.internal.KeywordMain$runKeyword.call(Unknown Source)
	at com.kms.katalon.core.cucumber.keyword.CucumberBuiltinKeywords.runFeatureFile(CucumberBuiltinKeywords.groovy:73)
	at com.kms.katalon.core.cucumber.keyword.CucumberBuiltinKeywords$runFeatureFile$0.callStatic(Unknown Source)
	at com.kms.katalon.core.cucumber.keyword.CucumberBuiltinKeywords.runFeatureFile(CucumberBuiltinKeywords.groovy:246)
	at com.kms.katalon.core.cucumber.keyword.CucumberBuiltinKeywords$runFeatureFile.call(Unknown Source)
	at VKN-Elektronik-Tevkifat.run(VKN-Elektronik-Tevkifat:19)
	at com.kms.katalon.core.main.ScriptEngine.run(ScriptEngine.java:194)
	at com.kms.katalon.core.main.ScriptEngine.runScriptAsRawText(ScriptEngine.java:119)
	at com.kms.katalon.core.main.TestCaseExecutor.runScript(TestCaseExecutor.java:369)
	at com.kms.katalon.core.main.TestCaseExecutor.doExecute(TestCaseExecutor.java:360)
	at com.kms.katalon.core.main.TestCaseExecutor.processExecutionPhase(TestCaseExecutor.java:339)
	at com.kms.katalon.core.main.TestCaseExecutor.accessMainPhase(TestCaseExecutor.java:331)
	at com.kms.katalon.core.main.TestCaseExecutor.execute(TestCaseExecutor.java:248)
	at com.kms.katalon.core.main.TestSuiteExecutor.accessTestCaseMainPhase(TestSuiteExecutor.java:191)
	at com.kms.katalon.core.main.TestSuiteExecutor.accessTestSuiteMainPhase(TestSuiteExecutor.java:140)
	at com.kms.katalon.core.main.TestSuiteExecutor.execute(TestSuiteExecutor.java:89)
	at com.kms.katalon.core.main.TestCaseMain.startTestSuite(TestCaseMain.java:181)
	at com.kms.katalon.core.main.TestCaseMain$startTestSuite$0.call(Unknown Source)
	at TempTestSuite1637225344330.run(TempTestSuite1637225344330.groovy:39)
)

2021-11-18 12:10:09 - [MESSAGE][INFO] - Finding Test Object 'Object Repository/Tablo/DurumBilgisiArsiv'

2021-11-18 12:10:09 - [MESSAGE][INFO] - Checking object

2021-11-18 12:10:09 - [MESSAGE][INFO] - Finding web element from Test Object's properties

2021-11-18 12:10:09 - [MESSAGE][INFO] - Checking timeout

2021-11-18 12:10:09 - [MESSAGE][INFO] - Finding web element with id: 'Object Repository/Tablo/DurumBilgisiArsiv' located by 'By.xpath: //*[@id = 'GridViewEArchiveInvoices_tccell0_9']' in '30' second(s)

2021-11-18 12:10:09 - [MESSAGE][INFO] - Smart Wait Function is triggered

2021-11-18 12:10:09 - [MESSAGE][INFO] - Found 1 web elements with id: 'Object Repository/Tablo/DurumBilgisiArsiv' located by 'By.xpath: //*[@id = 'GridViewEArchiveInvoices_tccell0_9']' in '30' second(s)

2021-11-18 12:10:09 - [MESSAGE][WARNING] - Actual text 'Başarılı' and expected text 'Henüz Sonuçlanmadı' of test object 'Object Repository/Tablo/DurumBilgisiArsiv' are NOT matched. (Root cause: com.kms.katalon.core.exception.StepFailedException: Actual text 'Başarılı' and expected text 'Henüz Sonuçlanmadı' of test object 'Object Repository/Tablo/DurumBilgisiArsiv' are NOT matched.
	at com.kms.katalon.core.webui.keyword.internal.WebUIKeywordMain.stepFailed(WebUIKeywordMain.groovy:64)
	at com.kms.katalon.core.webui.keyword.builtin.VerifyElementTextKeyword$_verifyElementText_closure1.doCall(VerifyElementTextKeyword.groovy:57)
	at com.kms.katalon.core.webui.keyword.builtin.VerifyElementTextKeyword$_verifyElementText_closure1.call(VerifyElementTextKeyword.groovy)
	at com.kms.katalon.core.webui.keyword.internal.WebUIKeywordMain.runKeyword(WebUIKeywordMain.groovy:20)
	at com.kms.katalon.core.webui.keyword.builtin.VerifyElementTextKeyword.verifyElementText(VerifyElementTextKeyword.groovy:72)
	at com.kms.katalon.core.webui.keyword.builtin.VerifyElementTextKeyword.execute(VerifyElementTextKeyword.groovy:40)
	at com.kms.katalon.core.keyword.internal.KeywordExecutor.executeKeywordForPlatform(KeywordExecutor.groovy:73)
	at com.kms.katalon.core.webui.keyword.WebUiBuiltInKeywords.verifyElementText(WebUiBuiltInKeywords.groovy:4733)
	at com.kms.katalon.core.webui.keyword.WebUiBuiltInKeywords$verifyElementText$20.call(Unknown Source)
	at TablodaVeriBasariliMiArsiv.run(TablodaVeriBasariliMiArsiv:22)
	at com.kms.katalon.core.main.ScriptEngine.run(ScriptEngine.java:194)
	at com.kms.katalon.core.main.ScriptEngine.runScriptAsRawText(ScriptEngine.java:119)
	at com.kms.katalon.core.main.TestCaseExecutor.runScript(TestCaseExecutor.java:369)
	at com.kms.katalon.core.main.TestCaseExecutor.doExecute(TestCaseExecutor.java:360)
	at com.kms.katalon.core.main.TestCaseExecutor.processExecutionPhase(TestCaseExecutor.java:339)
	at com.kms.katalon.core.main.TestCaseExecutor.accessMainPhase(TestCaseExecutor.java:331)
	at com.kms.katalon.core.main.TestCaseExecutor.execute(TestCaseExecutor.java:248)
	at com.kms.katalon.core.main.TestCaseMain.runTestCase(TestCaseMain.java:138)
	at com.kms.katalon.core.keyword.builtin.CallTestCaseKeyword$_callTestCase_closure1.doCall(CallTestCaseKeyword.groovy:59)
	at com.kms.katalon.core.keyword.builtin.CallTestCaseKeyword$_callTestCase_closure1.call(CallTestCaseKeyword.groovy)
	at com.kms.katalon.core.keyword.internal.KeywordMain.runKeyword(KeywordMain.groovy:68)
	at com.kms.katalon.core.keyword.builtin.CallTestCaseKeyword.callTestCase(CallTestCaseKeyword.groovy:81)
	at com.kms.katalon.core.keyword.builtin.CallTestCaseKeyword.execute(CallTestCaseKeyword.groovy:44)
	at com.kms.katalon.core.keyword.internal.KeywordExecutor.executeKeywordForPlatform(KeywordExecutor.groovy:73)
	at com.kms.katalon.core.keyword.BuiltinKeywords.callTestCase(BuiltinKeywords.groovy:334)
	at tablo.tablo.tablodaVeriBasariliMiArsiv(tablo.groovy:95)
	at cucumber.runtime.Utils$1.call(Utils.java:26)
	at cucumber.runtime.Timeout.timeout(Timeout.java:16)
	at cucumber.runtime.Utils.invoke(Utils.java:20)
	at cucumber.runtime.java.JavaStepDefinition.execute(JavaStepDefinition.java:49)
	at cucumber.runner.PickleStepDefinitionMatch.runStep(PickleStepDefinitionMatch.java:50)
	at cucumber.runner.TestStep.executeStep(TestStep.java:63)
	at cucumber.runner.TestStep.run(TestStep.java:49)
	at cucumber.runner.PickleStepTestStep.run(PickleStepTestStep.java:43)
	at cucumber.runner.TestCase.run(TestCase.java:44)
	at cucumber.runner.Runner.runPickle(Runner.java:40)
	at cucumber.runtime.Runtime$1.run(Runtime.java:84)
	at cucumber.runtime.Runtime$SameThreadExecutorService.execute(Runtime.java:220)
	at cucumber.runtime.Runtime.run(Runtime.java:81)
	at cucumber.api.cli.Main.run(Main.java:26)
	at cucumber.api.cli.Main$run.call(Unknown Source)
	at com.kms.katalon.core.cucumber.keyword.CucumberBuiltinKeywords$_runFeatureFile_closure1.doCall(CucumberBuiltinKeywords.groovy:106)
	at com.kms.katalon.core.cucumber.keyword.CucumberBuiltinKeywords$_runFeatureFile_closure1.doCall(CucumberBuiltinKeywords.groovy)
	at com.kms.katalon.core.keyword.internal.KeywordMain.runKeyword(KeywordMain.groovy:68)
	at com.kms.katalon.core.keyword.internal.KeywordMain$runKeyword.call(Unknown Source)
	at com.kms.katalon.core.cucumber.keyword.CucumberBuiltinKeywords.runFeatureFile(CucumberBuiltinKeywords.groovy:73)
	at com.kms.katalon.core.cucumber.keyword.CucumberBuiltinKeywords$runFeatureFile$0.callStatic(Unknown Source)
	at com.kms.katalon.core.cucumber.keyword.CucumberBuiltinKeywords.runFeatureFile(CucumberBuiltinKeywords.groovy:246)
	at com.kms.katalon.core.cucumber.keyword.CucumberBuiltinKeywords$runFeatureFile.call(Unknown Source)
	at VKN-Elektronik-Tevkifat.run(VKN-Elektronik-Tevkifat:19)
	at com.kms.katalon.core.main.ScriptEngine.run(ScriptEngine.java:194)
	at com.kms.katalon.core.main.ScriptEngine.runScriptAsRawText(ScriptEngine.java:119)
	at com.kms.katalon.core.main.TestCaseExecutor.runScript(TestCaseExecutor.java:369)
	at com.kms.katalon.core.main.TestCaseExecutor.doExecute(TestCaseExecutor.java:360)
	at com.kms.katalon.core.main.TestCaseExecutor.processExecutionPhase(TestCaseExecutor.java:339)
	at com.kms.katalon.core.main.TestCaseExecutor.accessMainPhase(TestCaseExecutor.java:331)
	at com.kms.katalon.core.main.TestCaseExecutor.execute(TestCaseExecutor.java:248)
	at com.kms.katalon.core.main.TestSuiteExecutor.accessTestCaseMainPhase(TestSuiteExecutor.java:191)
	at com.kms.katalon.core.main.TestSuiteExecutor.accessTestSuiteMainPhase(TestSuiteExecutor.java:140)
	at com.kms.katalon.core.main.TestSuiteExecutor.execute(TestSuiteExecutor.java:89)
	at com.kms.katalon.core.main.TestCaseMain.startTestSuite(TestCaseMain.java:181)
	at com.kms.katalon.core.main.TestCaseMain$startTestSuite$0.call(Unknown Source)
	at TempTestSuite1637225344330.run(TempTestSuite1637225344330.groovy:39)
)

2021-11-18 12:10:09 - [TEST_STEP][PASSED] - Method.TextDegerineEsitElementVarMi(findTestObject("Object Repository/Tablo/DurumBilgisiArsiv"), "Başarılı"): Method.TextDegerineEsitElementVarMi is PASSED

2021-11-18 12:10:09 - [MESSAGE][INFO] - Finding Test Object 'Object Repository/Tablo/DurumBilgisiArsiv'

2021-11-18 12:10:09 - [MESSAGE][INFO] - Checking timeout

2021-11-18 12:10:09 - [MESSAGE][INFO] - Finding web element with id: 'Object Repository/Tablo/DurumBilgisiArsiv' located by 'By.xpath: //*[@id = 'GridViewEArchiveInvoices_tccell0_9']' in '10' second(s)

2021-11-18 12:10:09 - [MESSAGE][INFO] - Smart Wait Function is triggered

2021-11-18 12:10:10 - [MESSAGE][INFO] - Found 1 web elements with id: 'Object Repository/Tablo/DurumBilgisiArsiv' located by 'By.xpath: //*[@id = 'GridViewEArchiveInvoices_tccell0_9']' in '10' second(s)

2021-11-18 12:10:10 - [MESSAGE][PASSED] - Method.TextDegerineEsitElementVarMi is PASSED

2021-11-18 12:10:10 - [MESSAGE][PASSED] - Call Test Case 'Test Cases/Tablo/TablodaVeriBasariliMiArsiv' successfully

2021-11-18 12:10:10 - [MESSAGE][INFO] - Checking called Test Case

2021-11-18 12:10:10 - [MESSAGE][INFO] - Starting to call Test Case 'Test Cases/Kullanici_Islemleri/KullaniciIslemlerindenSecimYapilir'

2021-11-18 12:10:10 - [TEST_CASE][PASSED] - Test Cases/Kullanici_Islemleri/KullaniciIslemlerindenSecimYapilir: Test Cases/Kullanici_Islemleri/KullaniciIslemlerindenSecimYapilir

2021-11-18 12:10:10 - [TEST_STEP][PASSED] - waitForElementClickable(findTestObject("Object Repository/Kullanici_Islemleri/KullaniciIslemleri"), 10): Object 'Object Repository/Kullanici_Islemleri/KullaniciIslemleri' is clickable

2021-11-18 12:10:10 - [MESSAGE][INFO] - Finding Test Object 'Object Repository/Kullanici_Islemleri/KullaniciIslemleri'

2021-11-18 12:10:10 - [MESSAGE][INFO] - Checking object

2021-11-18 12:10:10 - [MESSAGE][INFO] - Checking timeout

2021-11-18 12:10:10 - [MESSAGE][INFO] - Finding web element from Test Object's properties

2021-11-18 12:10:10 - [MESSAGE][INFO] - Checking timeout

2021-11-18 12:10:10 - [MESSAGE][INFO] - Finding web element with id: 'Object Repository/Kullanici_Islemleri/KullaniciIslemleri' located by 'By.cssSelector: .dropdown>a>img' in '10' second(s)

2021-11-18 12:10:10 - [MESSAGE][INFO] - Smart Wait Function is triggered

2021-11-18 12:10:10 - [MESSAGE][INFO] - Found 1 web elements with id: 'Object Repository/Kullanici_Islemleri/KullaniciIslemleri' located by 'By.cssSelector: .dropdown>a>img' in '10' second(s)

2021-11-18 12:10:10 - [MESSAGE][PASSED] - Object 'Object Repository/Kullanici_Islemleri/KullaniciIslemleri' is clickable

2021-11-18 12:10:10 - [TEST_STEP][PASSED] - click(findTestObject("Object Repository/Kullanici_Islemleri/KullaniciIslemleri")): Object: 'Object Repository/Kullanici_Islemleri/KullaniciIslemleri' is clicked on

2021-11-18 12:10:10 - [MESSAGE][INFO] - Finding Test Object 'Object Repository/Kullanici_Islemleri/KullaniciIslemleri'

2021-11-18 12:10:10 - [MESSAGE][INFO] - Checking object

2021-11-18 12:10:10 - [MESSAGE][INFO] - Finding web element from Test Object's properties

2021-11-18 12:10:10 - [MESSAGE][INFO] - Checking timeout

2021-11-18 12:10:10 - [MESSAGE][INFO] - Finding web element with id: 'Object Repository/Kullanici_Islemleri/KullaniciIslemleri' located by 'By.cssSelector: .dropdown>a>img' in '30' second(s)

2021-11-18 12:10:10 - [MESSAGE][INFO] - Smart Wait Function is triggered

2021-11-18 12:10:10 - [MESSAGE][INFO] - Found 1 web elements with id: 'Object Repository/Kullanici_Islemleri/KullaniciIslemleri' located by 'By.cssSelector: .dropdown>a>img' in '30' second(s)

2021-11-18 12:10:10 - [MESSAGE][INFO] - Clicking on object: 'Object Repository/Kullanici_Islemleri/KullaniciIslemleri'

2021-11-18 12:10:10 - [MESSAGE][PASSED] - Object: 'Object Repository/Kullanici_Islemleri/KullaniciIslemleri' is clicked on

2021-11-18 12:10:10 - [TEST_STEP][PASSED] - Method.TextDegerineEsitElementeTikla(findTestObject("Object Repository/Kullanici_Islemleri/Secenekler"), Islem): Method.TextDegerineEsitElementeTikla is PASSED

2021-11-18 12:10:10 - [MESSAGE][INFO] - Finding Test Object 'Object Repository/Kullanici_Islemleri/Secenekler'

2021-11-18 12:10:10 - [MESSAGE][INFO] - Checking timeout

2021-11-18 12:10:10 - [MESSAGE][INFO] - Finding web element with id: 'Object Repository/Kullanici_Islemleri/Secenekler' located by 'By.cssSelector: .nav.navbar-nav.navbar-right li a' in '10' second(s)

2021-11-18 12:10:10 - [MESSAGE][INFO] - Smart Wait Function is triggered

2021-11-18 12:10:11 - [MESSAGE][INFO] - Found 20 web elements with id: 'Object Repository/Kullanici_Islemleri/Secenekler' located by 'By.cssSelector: .nav.navbar-nav.navbar-right li a' in '10' second(s)

2021-11-18 12:10:12 - [MESSAGE][PASSED] - Method.TextDegerineEsitElementeTikla is PASSED

2021-11-18 12:10:12 - [TEST_STEP][PASSED] - verifyElementNotPresent(findTestObject("Object Repository/Kullanici_Islemleri/Secenekler"), 10): Web element with id: 'Object Repository/Kullanici_Islemleri/Secenekler' located by 'By.cssSelector: .nav.navbar-nav.navbar-right li a' is not present after '10' second(s)

2021-11-18 12:10:12 - [MESSAGE][INFO] - Finding Test Object 'Object Repository/Kullanici_Islemleri/Secenekler'

2021-11-18 12:10:12 - [MESSAGE][INFO] - Checking object

2021-11-18 12:10:12 - [MESSAGE][INFO] - Checking timeout

2021-11-18 12:10:12 - [MESSAGE][INFO] - Finding web element with id: 'Object Repository/Kullanici_Islemleri/Secenekler' located by 'By.cssSelector: .nav.navbar-nav.navbar-right li a' in '10' second(s)

2021-11-18 12:10:12 - [MESSAGE][INFO] - Smart Wait Function is triggered

2021-11-18 12:10:13 - [MESSAGE][PASSED] - Web element with id: 'Object Repository/Kullanici_Islemleri/Secenekler' located by 'By.cssSelector: .nav.navbar-nav.navbar-right li a' is not present after '10' second(s)

2021-11-18 12:10:13 - [MESSAGE][PASSED] - Call Test Case 'Test Cases/Kullanici_Islemleri/KullaniciIslemlerindenSecimYapilir' successfully

2021-11-18 12:10:13 - [TEST_CASE][PASSED] - Start Test Case : SCENARIO Gonderim tipi Kagit ve Tevkifat tipinde e-Arsiv faturasi olusturulmasi: SCENARIO Gonderim tipi Kagit ve Tevkifat tipinde e-Arsiv faturasi olusturulmasi

2021-11-18 12:10:13 - [TEST_STEP][PASSED] - Kullanıcı adı EARTEVKIFAT ve Şifre test1234 olarak giriş yapılır: Kullanıcı adı EARTEVKIFAT ve Şifre test1234 olarak giriş yapılır

2021-11-18 12:10:13 - [MESSAGE][PASSED] - Kullanıcı adı EARTEVKIFAT ve Şifre test1234 olarak giriş yapılır

2021-11-18 12:10:13 - [TEST_STEP][PASSED] - Ana menüden e-Arşiv seçilir: Ana menüden e-Arşiv seçilir

2021-11-18 12:10:13 - [MESSAGE][PASSED] - Ana menüden e-Arşiv seçilir

2021-11-18 12:10:13 - [TEST_STEP][PASSED] - Alt menü e-Arşiv Araçları başlığı altındaki e-Arşiv Fatura Oluşturma seçilir: Alt menü e-Arşiv Araçları başlığı altındaki e-Arşiv Fatura Oluşturma seçilir

2021-11-18 12:10:13 - [MESSAGE][PASSED] - Alt menü e-Arşiv Araçları başlığı altındaki e-Arşiv Fatura Oluşturma seçilir

2021-11-18 12:10:13 - [TEST_STEP][PASSED] - Tablodaki tüm veriler silinir: Tablodaki tüm veriler silinir

2021-11-18 12:10:13 - [MESSAGE][PASSED] - Tablodaki tüm veriler silinir

2021-11-18 12:10:13 - [TEST_STEP][PASSED] - Butonlardan Ekle isimli butona tıklanır: Butonlardan Ekle isimli butona tıklanır

2021-11-18 12:10:13 - [MESSAGE][PASSED] - Butonlardan Ekle isimli butona tıklanır

2021-11-18 12:10:13 - [TEST_STEP][PASSED] - Görsel tasarım sayfasının e-Arşiv Fatura Bilgileri başlığını içerdiği kontrol edilir: Görsel tasarım sayfasının e-Arşiv Fatura Bilgileri başlığını içerdiği kontrol edilir

2021-11-18 12:10:13 - [MESSAGE][PASSED] - Görsel tasarım sayfasının e-Arşiv Fatura Bilgileri başlığını içerdiği kontrol edilir

2021-11-18 12:10:13 - [TEST_STEP][PASSED] - Alıcı adı alanına UC0008 girilir: Alıcı adı alanına UC0008 girilir

2021-11-18 12:10:13 - [MESSAGE][PASSED] - Alıcı adı alanına UC0008 girilir

2021-11-18 12:10:13 - [TEST_STEP][PASSED] - Gönderim Şekli Elektronik olarak seçilir: Gönderim Şekli Elektronik olarak seçilir

2021-11-18 12:10:13 - [MESSAGE][PASSED] - Gönderim Şekli Elektronik olarak seçilir

2021-11-18 12:10:13 - [TEST_STEP][PASSED] - Tip alanından Tevkifat seçilir: Tip alanından Tevkifat seçilir

2021-11-18 12:10:13 - [MESSAGE][PASSED] - Tip alanından Tevkifat seçilir

2021-11-18 12:10:13 - [TEST_STEP][PASSED] - Döküman Para Birimi alanından Türk Lirası seçilir: Döküman Para Birimi alanından Türk Lirası seçilir

2021-11-18 12:10:13 - [MESSAGE][PASSED] - Döküman Para Birimi alanından Türk Lirası seçilir

2021-11-18 12:10:13 - [TEST_STEP][PASSED] - Ön Ek EAR olarak seçilir: Ön Ek EAR olarak seçilir

2021-11-18 12:10:13 - [MESSAGE][PASSED] - Ön Ek EAR olarak seçilir

2021-11-18 12:10:13 - [TEST_STEP][PASSED] - Tasarım alanından Otomasyon seçilir: Tasarım alanından Otomasyon seçilir

2021-11-18 12:10:13 - [MESSAGE][PASSED] - Tasarım alanından Otomasyon seçilir

2021-11-18 12:10:13 - [TEST_STEP][PASSED] - Sipariş bilgileri UUC-SAT-1200001 ve 31.04.2020 olarak girilir: Sipariş bilgileri UUC-SAT-1200001 ve 31.04.2020 olarak girilir

2021-11-18 12:10:13 - [MESSAGE][PASSED] - Sipariş bilgileri UUC-SAT-1200001 ve 31.04.2020 olarak girilir

2021-11-18 12:10:13 - [TEST_STEP][PASSED] - İrsaliye Bilgileri AAAAAAAAAA,31.04.2020 olarak girilir: İrsaliye Bilgileri AAAAAAAAAA,31.04.2020 olarak girilir

2021-11-18 12:10:13 - [MESSAGE][PASSED] - İrsaliye Bilgileri AAAAAAAAAA,31.04.2020 olarak girilir

2021-11-18 12:10:13 - [TEST_STEP][PASSED] - Ekle butonuna basılır: Ekle butonuna basılır

2021-11-18 12:10:13 - [MESSAGE][PASSED] - Ekle butonuna basılır

2021-11-18 12:10:13 - [TEST_STEP][PASSED] - Ürün ekleme alanında Mal/Hizmet başlığına Otomasyon girilir: Ürün ekleme alanında Mal/Hizmet başlığına Otomasyon girilir

2021-11-18 12:10:13 - [MESSAGE][PASSED] - Ürün ekleme alanında Mal/Hizmet başlığına Otomasyon girilir

2021-11-18 12:10:13 - [TEST_STEP][PASSED] - Ürün ekleme alanında Açıklaması başlığına Virgosol girilir: Ürün ekleme alanında Açıklaması başlığına Virgosol girilir

2021-11-18 12:10:13 - [MESSAGE][PASSED] - Ürün ekleme alanında Açıklaması başlığına Virgosol girilir

2021-11-18 12:10:13 - [TEST_STEP][PASSED] - Ürün ekleme alanında Miktarı başlığına 400 girilir: Ürün ekleme alanında Miktarı başlığına 400 girilir

2021-11-18 12:10:13 - [MESSAGE][PASSED] - Ürün ekleme alanında Miktarı başlığına 400 girilir

2021-11-18 12:10:13 - [TEST_STEP][PASSED] - Ürün ekleme alanında Birim Fiyat başlığına 100 girilir: Ürün ekleme alanında Birim Fiyat başlığına 100 girilir

2021-11-18 12:10:13 - [MESSAGE][PASSED] - Ürün ekleme alanında Birim Fiyat başlığına 100 girilir

2021-11-18 12:10:13 - [TEST_STEP][PASSED] - Ürün ekleme alanında İskonto Oranı % başlığına 10 girilir: Ürün ekleme alanında İskonto Oranı % başlığına 10 girilir

2021-11-18 12:10:13 - [MESSAGE][PASSED] - Ürün ekleme alanında İskonto Oranı % başlığına 10 girilir

2021-11-18 12:10:13 - [TEST_STEP][PASSED] - Ürün ekleme alanında KDV TEVKİFAT Kodu başlığına 604 - YEMEK SERVİS HİZMETİ girilir: Ürün ekleme alanında KDV TEVKİFAT Kodu başlığına 604 - YEMEK SERVİS HİZMETİ girilir

2021-11-18 12:10:13 - [MESSAGE][PASSED] - Ürün ekleme alanında KDV TEVKİFAT Kodu başlığına 604 - YEMEK SERVİS HİZMETİ girilir

2021-11-18 12:10:13 - [TEST_STEP][PASSED] - Notlar alanına Otomasyon Not girilir: Notlar alanına Otomasyon Not girilir

2021-11-18 12:10:13 - [MESSAGE][PASSED] - Notlar alanına Otomasyon Not girilir

2021-11-18 12:10:13 - [TEST_STEP][PASSED] - Ettn bilgisi kayıt edilir: Ettn bilgisi kayıt edilir

2021-11-18 12:10:13 - [MESSAGE][PASSED] - Ettn bilgisi kayıt edilir

2021-11-18 12:10:13 - [TEST_STEP][PASSED] - Kaydet butonu seçilir: Kaydet butonu seçilir

2021-11-18 12:10:13 - [MESSAGE][PASSED] - Kaydet butonu seçilir

2021-11-18 12:10:13 - [TEST_STEP][PASSED] - Tabloda Ettn bilgisi kaydedilen veri oluşturuldu mu: Tabloda Ettn bilgisi kaydedilen veri oluşturuldu mu

2021-11-18 12:10:13 - [MESSAGE][PASSED] - Tabloda Ettn bilgisi kaydedilen veri oluşturuldu mu

2021-11-18 12:10:13 - [TEST_STEP][PASSED] - Tablodan Ettn bilgisi kaydedilen veri seçilir: Tablodan Ettn bilgisi kaydedilen veri seçilir

2021-11-18 12:10:13 - [MESSAGE][PASSED] - Tablodan Ettn bilgisi kaydedilen veri seçilir

2021-11-18 12:10:13 - [TEST_STEP][PASSED] - Butonlardan Numara Oluştur isimli butona tıklanır: Butonlardan Numara Oluştur isimli butona tıklanır

2021-11-18 12:10:13 - [MESSAGE][PASSED] - Butonlardan Numara Oluştur isimli butona tıklanır

2021-11-18 12:10:13 - [TEST_STEP][PASSED] - Popup mesajı Devam etmek istiyor musunuz içeriyor mu: Popup mesajı Devam etmek istiyor musunuz içeriyor mu

2021-11-18 12:10:13 - [MESSAGE][PASSED] - Popup mesajı Devam etmek istiyor musunuz içeriyor mu

2021-11-18 12:10:13 - [TEST_STEP][PASSED] - Yönetim popupında Evet seçilir: Yönetim popupında Evet seçilir

2021-11-18 12:10:13 - [MESSAGE][PASSED] - Yönetim popupında Evet seçilir

2021-11-18 12:10:13 - [TEST_STEP][PASSED] - Popup mesajı oluşmuştur içeriyor mu: Popup mesajı oluşmuştur içeriyor mu

2021-11-18 12:10:13 - [MESSAGE][PASSED] - Popup mesajı oluşmuştur içeriyor mu

2021-11-18 12:10:13 - [TEST_STEP][PASSED] - Yönetim popupında Tamam seçilir: Yönetim popupında Tamam seçilir

2021-11-18 12:10:13 - [MESSAGE][PASSED] - Yönetim popupında Tamam seçilir

2021-11-18 12:10:13 - [TEST_STEP][PASSED] - Tablodan Ettn bilgisi kaydedilen veri seçilir: Tablodan Ettn bilgisi kaydedilen veri seçilir

2021-11-18 12:10:13 - [MESSAGE][PASSED] - Tablodan Ettn bilgisi kaydedilen veri seçilir

2021-11-18 12:10:13 - [TEST_STEP][PASSED] - Butonlardan Gönder isimli butona tıklanır: Butonlardan Gönder isimli butona tıklanır

2021-11-18 12:10:13 - [MESSAGE][PASSED] - Butonlardan Gönder isimli butona tıklanır

2021-11-18 12:10:13 - [TEST_STEP][PASSED] - Popup mesajı Devam etmek istiyor musunuz içeriyor mu: Popup mesajı Devam etmek istiyor musunuz içeriyor mu

2021-11-18 12:10:13 - [MESSAGE][PASSED] - Popup mesajı Devam etmek istiyor musunuz içeriyor mu

2021-11-18 12:10:13 - [TEST_STEP][PASSED] - Yönetim popupında Evet seçilir: Yönetim popupında Evet seçilir

2021-11-18 12:10:13 - [MESSAGE][PASSED] - Yönetim popupında Evet seçilir

2021-11-18 12:10:13 - [TEST_STEP][PASSED] - Ana menüden e-Arşiv seçilir: Ana menüden e-Arşiv seçilir

2021-11-18 12:10:13 - [MESSAGE][PASSED] - Ana menüden e-Arşiv seçilir

2021-11-18 12:10:13 - [TEST_STEP][PASSED] - Alt menü e-Arşiv Hareketleri başlığı altındaki e-Arşiv Faturaları seçilir: Alt menü e-Arşiv Hareketleri başlığı altındaki e-Arşiv Faturaları seçilir

2021-11-18 12:10:13 - [MESSAGE][PASSED] - Alt menü e-Arşiv Hareketleri başlığı altındaki e-Arşiv Faturaları seçilir

2021-11-18 12:10:13 - [TEST_STEP][PASSED] - Filtrelerden Ettn filtresine Ettn bilgisi yaz: Filtrelerden Ettn filtresine Ettn bilgisi yaz

2021-11-18 12:10:13 - [MESSAGE][PASSED] - Filtrelerden Ettn filtresine Ettn bilgisi yaz

2021-11-18 12:10:13 - [TEST_STEP][PASSED] - Filtre butonlarından Listele seçilir: Filtre butonlarından Listele seçilir

2021-11-18 12:10:13 - [MESSAGE][PASSED] - Filtre butonlarından Listele seçilir

2021-11-18 12:10:13 - [TEST_STEP][PASSED] - Tabloda veri var mı kontrol edilir: Tabloda veri var mı kontrol edilir

2021-11-18 12:10:13 - [MESSAGE][PASSED] - Tabloda veri var mı kontrol edilir

2021-11-18 12:10:13 - [TEST_STEP][PASSED] - Tabloda yeni oluşturulan eArsiv verisi başarılı mı: Tabloda yeni oluşturulan eArsiv verisi başarılı mı

2021-11-18 12:10:13 - [MESSAGE][PASSED] - Tabloda yeni oluşturulan eArsiv verisi başarılı mı

2021-11-18 12:10:13 - [TEST_STEP][PASSED] - Kullanıcı işlemlerinden Çıkış seçilir: Kullanıcı işlemlerinden Çıkış seçilir

2021-11-18 12:10:13 - [MESSAGE][PASSED] - Kullanıcı işlemlerinden Çıkış seçilir

2021-11-18 12:10:13 - [MESSAGE][PASSED] - Feature file: 'Include/features/Regresyon/e-Arsiv/VKN-Elektronik-Tevkifat.feature' was passed

2021-11-18 12:10:13 - [TEST_STEP][PASSED] - Start listener action : sampleAfterTestSuite: Invoke 'com.kms.katalon.core.annotation.AfterTestCase' method: 'Listener.sampleAfterTestSuite(...)' completed.

2021-11-18 12:10:13 - [MESSAGE][INFO] - Starting invoke 'com.kms.katalon.core.annotation.AfterTestCase' method: 'Listener.sampleAfterTestSuite(...)'

2021-11-18 12:10:13 - [TEST_STEP][PASSED] - closeBrowser(): Invoke 'com.kms.katalon.core.annotation.AfterTestCase' method: 'Listener.sampleAfterTestSuite(...)' completed.

2021-11-18 12:10:13 - [MESSAGE][INFO] - Closing browser

2021-11-18 12:10:13 - [MESSAGE][PASSED] - Browser is closed

2021-11-18 12:10:13 - [MESSAGE][INFO] - Invoke 'com.kms.katalon.core.annotation.AfterTestCase' method: 'Listener.sampleAfterTestSuite(...)' completed.]]></system-out>
         <system-err><![CDATA[]]></system-err>
      </testcase>
      <testcase name="Test Cases/Case Repository/Regresyon/e-Arsiv/VKN-Internet" time="107.732" classname="Test Cases/Case Repository/Regresyon/e-Arsiv/VKN-Internet" status="PASSED">
         <system-out><![CDATA[2021-11-18 12:10:13 - [TEST_CASE][PASSED] - Test Cases/Case Repository/Regresyon/e-Arsiv/VKN-Internet: Test Cases/Case Repository/Regresyon/e-Arsiv/VKN-Internet

2021-11-18 12:10:13 - [TEST_STEP][PASSED] - Start listener action : sampleBeforeTestSuite: Invoke 'com.kms.katalon.core.annotation.BeforeTestCase' method: 'Listener.sampleBeforeTestSuite(...)' completed.

2021-11-18 12:10:13 - [MESSAGE][INFO] - Starting invoke 'com.kms.katalon.core.annotation.BeforeTestCase' method: 'Listener.sampleBeforeTestSuite(...)'

2021-11-18 12:10:13 - [TEST_STEP][PASSED] - openBrowser(baseUrl): Browser is opened with url: 'https://efatura-stage.elogo.com.tr/'

2021-11-18 12:10:13 - [MESSAGE][INFO] - Opening browser

2021-11-18 12:10:13 - [MESSAGE][INFO] - Starting 'Chrome' driver

2021-11-18 12:10:13 - [MESSAGE][INFO] - User set preference: ['prefs', '{download.default_directory=C:\otomasyondownfiles}']

2021-11-18 12:10:13 - [MESSAGE][INFO] - Action delay is set to 0 milliseconds

2021-11-18 12:10:14 - [MESSAGE][INFO] - Navigating browser to: 'https://efatura-stage.elogo.com.tr/'

2021-11-18 12:10:16 - [MESSAGE][PASSED] - Browser is opened with url: 'https://efatura-stage.elogo.com.tr/'

2021-11-18 12:10:16 - [TEST_STEP][PASSED] - maximizeWindow(): Invoke 'com.kms.katalon.core.annotation.BeforeTestCase' method: 'Listener.sampleBeforeTestSuite(...)' completed.

2021-11-18 12:10:16 - [MESSAGE][INFO] - Maximizing current window

2021-11-18 12:10:16 - [MESSAGE][PASSED] - Current window maximized

2021-11-18 12:10:16 - [MESSAGE][INFO] - Invoke 'com.kms.katalon.core.annotation.BeforeTestCase' method: 'Listener.sampleBeforeTestSuite(...)' completed.

2021-11-18 12:10:17 - [TEST_STEP][PASSED] - runFeatureFile("Include/features/Regresyon/e-Arsiv/VKN-Internet.feature"): Feature file: 'Include/features/Regresyon/e-Arsiv/VKN-Internet.feature' was passed

2021-11-18 12:10:17 - [MESSAGE][INFO] - Starting run keyword runFeatureFile: 'Include/features/Regresyon/e-Arsiv/VKN-Internet.feature' and extract report to folder: 'C:\Users\DELL\Documents\GitHub\EES_KatalonLogo\Reports\20211118_114904\Suite Repository\Regresyon-eArsiv-eMakbuz\20211118_114904/cucumber_report/1637226617347'...

2021-11-18 12:10:17 - [MESSAGE][INFO] - Glue: []

2021-11-18 12:10:18 - [MESSAGE][INFO] - Checking called Test Case

2021-11-18 12:10:18 - [MESSAGE][INFO] - Starting to call Test Case 'Test Cases/Sayfalar/Giris_Sayfasi/Login'

2021-11-18 12:10:18 - [TEST_CASE][PASSED] - Test Cases/Sayfalar/Giris_Sayfasi/Login: Test Cases/Sayfalar/Giris_Sayfasi/Login

2021-11-18 12:10:18 - [TEST_STEP][PASSED] - Sayfa_Basligi = getWindowTitle(): Current window's title is: 'LOGO e-Fatura'

2021-11-18 12:10:18 - [MESSAGE][INFO] - Getting current window's title

2021-11-18 12:10:18 - [MESSAGE][PASSED] - Current window's title is: 'LOGO e-Fatura'

2021-11-18 12:10:18 - [TEST_STEP][PASSED] - verifyMatch(Sayfa_Basligi, "LOGO e-Fatura", false): Actual text 'LOGO e-Fatura' and expected text 'LOGO e-Fatura' are matched 

2021-11-18 12:10:18 - [MESSAGE][INFO] - Matching actual text 'LOGO e-Fatura' with expected text 'LOGO e-Fatura'

2021-11-18 12:10:18 - [MESSAGE][PASSED] - Actual text 'LOGO e-Fatura' and expected text 'LOGO e-Fatura' are matched 

2021-11-18 12:10:18 - [TEST_STEP][PASSED] - sendKeys(findTestObject("Sayfalar/Giris_Sayfasi/Firma_Kodu"), KullaniciAdi): Keys 'ELOGO6' sent to object: 'Object Repository/Sayfalar/Giris_Sayfasi/Firma_Kodu'

2021-11-18 12:10:18 - [MESSAGE][INFO] - Finding Test Object 'Object Repository/Sayfalar/Giris_Sayfasi/Firma_Kodu'

2021-11-18 12:10:18 - [MESSAGE][INFO] - Sending keys 'ELOGO6' to object: 'Object Repository/Sayfalar/Giris_Sayfasi/Firma_Kodu'

2021-11-18 12:10:18 - [MESSAGE][INFO] - Finding web element from Test Object's properties

2021-11-18 12:10:18 - [MESSAGE][INFO] - Checking timeout

2021-11-18 12:10:18 - [MESSAGE][INFO] - Finding web element with id: 'Object Repository/Sayfalar/Giris_Sayfasi/Firma_Kodu' located by 'By.xpath: //*[@id = 'AccountName']' in '30' second(s)

2021-11-18 12:10:18 - [MESSAGE][INFO] - Smart Wait Function is triggered

2021-11-18 12:10:18 - [MESSAGE][INFO] - Found 1 web elements with id: 'Object Repository/Sayfalar/Giris_Sayfasi/Firma_Kodu' located by 'By.xpath: //*[@id = 'AccountName']' in '30' second(s)

2021-11-18 12:10:18 - [MESSAGE][PASSED] - Keys 'ELOGO6' sent to object: 'Object Repository/Sayfalar/Giris_Sayfasi/Firma_Kodu'

2021-11-18 12:10:18 - [TEST_STEP][PASSED] - sendKeys(findTestObject("Sayfalar/Giris_Sayfasi/Sifre"), Sifre): Keys '123456' sent to object: 'Object Repository/Sayfalar/Giris_Sayfasi/Sifre'

2021-11-18 12:10:18 - [MESSAGE][INFO] - Finding Test Object 'Object Repository/Sayfalar/Giris_Sayfasi/Sifre'

2021-11-18 12:10:19 - [MESSAGE][INFO] - Sending keys '123456' to object: 'Object Repository/Sayfalar/Giris_Sayfasi/Sifre'

2021-11-18 12:10:19 - [MESSAGE][INFO] - Finding web element from Test Object's properties

2021-11-18 12:10:19 - [MESSAGE][INFO] - Checking timeout

2021-11-18 12:10:19 - [MESSAGE][INFO] - Finding web element with id: 'Object Repository/Sayfalar/Giris_Sayfasi/Sifre' located by 'By.xpath: //*[@id = 'Password']' in '30' second(s)

2021-11-18 12:10:19 - [MESSAGE][INFO] - Smart Wait Function is triggered

2021-11-18 12:10:19 - [MESSAGE][INFO] - Found 1 web elements with id: 'Object Repository/Sayfalar/Giris_Sayfasi/Sifre' located by 'By.xpath: //*[@id = 'Password']' in '30' second(s)

2021-11-18 12:10:19 - [MESSAGE][PASSED] - Keys '123456' sent to object: 'Object Repository/Sayfalar/Giris_Sayfasi/Sifre'

2021-11-18 12:10:19 - [TEST_STEP][PASSED] - findWebElement(findTestObject("Sayfalar/Giris_Sayfasi/Giris_Butonu")).click(): Found 1 web elements with id: 'Object Repository/Sayfalar/Giris_Sayfasi/Giris_Butonu' located by 'By.cssSelector: #btnLogin' in '30' second(s)

2021-11-18 12:10:19 - [MESSAGE][INFO] - Finding Test Object 'Object Repository/Sayfalar/Giris_Sayfasi/Giris_Butonu'

2021-11-18 12:10:19 - [MESSAGE][INFO] - Finding web element from Test Object's properties

2021-11-18 12:10:19 - [MESSAGE][INFO] - Checking timeout

2021-11-18 12:10:19 - [MESSAGE][INFO] - Finding web element with id: 'Object Repository/Sayfalar/Giris_Sayfasi/Giris_Butonu' located by 'By.cssSelector: #btnLogin' in '30' second(s)

2021-11-18 12:10:19 - [MESSAGE][INFO] - Smart Wait Function is triggered

2021-11-18 12:10:19 - [MESSAGE][INFO] - Found 1 web elements with id: 'Object Repository/Sayfalar/Giris_Sayfasi/Giris_Butonu' located by 'By.cssSelector: #btnLogin' in '30' second(s)

2021-11-18 12:10:22 - [TEST_STEP][PASSED] - if (verifyElementPresent(findTestObject("Object Repository/Sayfalar/Giris_Sayfasi/RetveTamam_Butonu"), 5, OPTIONAL)): null

2021-11-18 12:10:22 - [MESSAGE][INFO] - Finding Test Object 'Object Repository/Sayfalar/Giris_Sayfasi/RetveTamam_Butonu'

2021-11-18 12:10:22 - [MESSAGE][INFO] - Checking object

2021-11-18 12:10:22 - [MESSAGE][INFO] - Finding web element from Test Object's properties

2021-11-18 12:10:22 - [MESSAGE][INFO] - Checking timeout

2021-11-18 12:10:22 - [MESSAGE][INFO] - Finding web element with id: 'Object Repository/Sayfalar/Giris_Sayfasi/RetveTamam_Butonu' located by 'By.xpath: //*[@class = 'btn btn-default']' in '5' second(s)

2021-11-18 12:10:22 - [MESSAGE][INFO] - Smart Wait Function is triggered

2021-11-18 12:10:22 - [MESSAGE][INFO] - Found 1 web elements with id: 'Object Repository/Sayfalar/Giris_Sayfasi/RetveTamam_Butonu' located by 'By.xpath: //*[@class = 'btn btn-default']' in '5' second(s)

2021-11-18 12:10:22 - [MESSAGE][PASSED] - Object 'Object Repository/Sayfalar/Giris_Sayfasi/RetveTamam_Butonu' is present

2021-11-18 12:10:22 - [TEST_STEP][PASSED] - click(findTestObject("Object Repository/Sayfalar/Giris_Sayfasi/RetveTamam_Butonu")): Object: 'Object Repository/Sayfalar/Giris_Sayfasi/RetveTamam_Butonu' is clicked on

2021-11-18 12:10:22 - [MESSAGE][INFO] - Finding Test Object 'Object Repository/Sayfalar/Giris_Sayfasi/RetveTamam_Butonu'

2021-11-18 12:10:22 - [MESSAGE][INFO] - Checking object

2021-11-18 12:10:22 - [MESSAGE][INFO] - Finding web element from Test Object's properties

2021-11-18 12:10:22 - [MESSAGE][INFO] - Checking timeout

2021-11-18 12:10:22 - [MESSAGE][INFO] - Finding web element with id: 'Object Repository/Sayfalar/Giris_Sayfasi/RetveTamam_Butonu' located by 'By.xpath: //*[@class = 'btn btn-default']' in '30' second(s)

2021-11-18 12:10:22 - [MESSAGE][INFO] - Smart Wait Function is triggered

2021-11-18 12:10:23 - [MESSAGE][INFO] - Found 1 web elements with id: 'Object Repository/Sayfalar/Giris_Sayfasi/RetveTamam_Butonu' located by 'By.xpath: //*[@class = 'btn btn-default']' in '30' second(s)

2021-11-18 12:10:23 - [MESSAGE][INFO] - Clicking on object: 'Object Repository/Sayfalar/Giris_Sayfasi/RetveTamam_Butonu'

2021-11-18 12:10:23 - [MESSAGE][PASSED] - Object: 'Object Repository/Sayfalar/Giris_Sayfasi/RetveTamam_Butonu' is clicked on

2021-11-18 12:10:23 - [TEST_STEP][PASSED] - click(findTestObject("Object Repository/Sayfalar/Giris_Sayfasi/RetveTamam_Butonu")): Object: 'Object Repository/Sayfalar/Giris_Sayfasi/RetveTamam_Butonu' is clicked on

2021-11-18 12:10:23 - [MESSAGE][INFO] - Finding Test Object 'Object Repository/Sayfalar/Giris_Sayfasi/RetveTamam_Butonu'

2021-11-18 12:10:23 - [MESSAGE][INFO] - Checking object

2021-11-18 12:10:23 - [MESSAGE][INFO] - Finding web element from Test Object's properties

2021-11-18 12:10:23 - [MESSAGE][INFO] - Checking timeout

2021-11-18 12:10:23 - [MESSAGE][INFO] - Finding web element with id: 'Object Repository/Sayfalar/Giris_Sayfasi/RetveTamam_Butonu' located by 'By.xpath: //*[@class = 'btn btn-default']' in '30' second(s)

2021-11-18 12:10:23 - [MESSAGE][INFO] - Smart Wait Function is triggered

2021-11-18 12:10:27 - [MESSAGE][INFO] - Found 1 web elements with id: 'Object Repository/Sayfalar/Giris_Sayfasi/RetveTamam_Butonu' located by 'By.xpath: //*[@class = 'btn btn-default']' in '30' second(s)

2021-11-18 12:10:27 - [MESSAGE][INFO] - Clicking on object: 'Object Repository/Sayfalar/Giris_Sayfasi/RetveTamam_Butonu'

2021-11-18 12:10:27 - [MESSAGE][PASSED] - Object: 'Object Repository/Sayfalar/Giris_Sayfasi/RetveTamam_Butonu' is clicked on

2021-11-18 12:10:27 - [TEST_STEP][PASSED] - if (verifyElementPresent(findTestObject("Sayfalar/Giris_Sayfasi/PopupOK"), 5, OPTIONAL)): null

2021-11-18 12:10:27 - [MESSAGE][INFO] - Finding Test Object 'Object Repository/Sayfalar/Giris_Sayfasi/PopupOK'

2021-11-18 12:10:27 - [MESSAGE][INFO] - Checking object

2021-11-18 12:10:27 - [MESSAGE][INFO] - Finding web element from Test Object's properties

2021-11-18 12:10:27 - [MESSAGE][INFO] - Checking timeout

2021-11-18 12:10:27 - [MESSAGE][INFO] - Finding web element with id: 'Object Repository/Sayfalar/Giris_Sayfasi/PopupOK' located by 'By.cssSelector: .btn.btn-success' in '5' second(s)

2021-11-18 12:10:27 - [MESSAGE][INFO] - Smart Wait Function is triggered

2021-11-18 12:10:28 - [MESSAGE][INFO] - Found 1 web elements with id: 'Object Repository/Sayfalar/Giris_Sayfasi/PopupOK' located by 'By.cssSelector: .btn.btn-success' in '5' second(s)

2021-11-18 12:10:28 - [MESSAGE][PASSED] - Object 'Object Repository/Sayfalar/Giris_Sayfasi/PopupOK' is present

2021-11-18 12:10:28 - [TEST_STEP][PASSED] - click(findTestObject("Object Repository/Sayfalar/Giris_Sayfasi/PopupCarpiGiris")): Object: 'Object Repository/Sayfalar/Giris_Sayfasi/PopupCarpiGiris' is clicked on

2021-11-18 12:10:28 - [MESSAGE][INFO] - Finding Test Object 'Object Repository/Sayfalar/Giris_Sayfasi/PopupCarpiGiris'

2021-11-18 12:10:28 - [MESSAGE][INFO] - Checking object

2021-11-18 12:10:28 - [MESSAGE][INFO] - Finding web element from Test Object's properties

2021-11-18 12:10:28 - [MESSAGE][INFO] - Checking timeout

2021-11-18 12:10:28 - [MESSAGE][INFO] - Finding web element with id: 'Object Repository/Sayfalar/Giris_Sayfasi/PopupCarpiGiris' located by 'By.cssSelector: .bootbox-close-button.close' in '30' second(s)

2021-11-18 12:10:28 - [MESSAGE][INFO] - Smart Wait Function is triggered

2021-11-18 12:10:28 - [MESSAGE][INFO] - Found 1 web elements with id: 'Object Repository/Sayfalar/Giris_Sayfasi/PopupCarpiGiris' located by 'By.cssSelector: .bootbox-close-button.close' in '30' second(s)

2021-11-18 12:10:28 - [MESSAGE][INFO] - Clicking on object: 'Object Repository/Sayfalar/Giris_Sayfasi/PopupCarpiGiris'

2021-11-18 12:10:28 - [MESSAGE][PASSED] - Object: 'Object Repository/Sayfalar/Giris_Sayfasi/PopupCarpiGiris' is clicked on

2021-11-18 12:10:28 - [TEST_STEP][PASSED] - verifyElementVisible(findTestObject("Object Repository/Kullanici_Islemleri/KullaniciIslemleri")): Object 'Object Repository/Kullanici_Islemleri/KullaniciIslemleri' is visible

2021-11-18 12:10:28 - [MESSAGE][INFO] - Finding Test Object 'Object Repository/Kullanici_Islemleri/KullaniciIslemleri'

2021-11-18 12:10:28 - [MESSAGE][INFO] - Checking object

2021-11-18 12:10:28 - [MESSAGE][INFO] - Finding web element from Test Object's properties

2021-11-18 12:10:28 - [MESSAGE][INFO] - Checking timeout

2021-11-18 12:10:28 - [MESSAGE][INFO] - Finding web element with id: 'Object Repository/Kullanici_Islemleri/KullaniciIslemleri' located by 'By.cssSelector: .dropdown>a>img' in '30' second(s)

2021-11-18 12:10:28 - [MESSAGE][INFO] - Smart Wait Function is triggered

2021-11-18 12:10:28 - [MESSAGE][INFO] - Found 1 web elements with id: 'Object Repository/Kullanici_Islemleri/KullaniciIslemleri' located by 'By.cssSelector: .dropdown>a>img' in '30' second(s)

2021-11-18 12:10:28 - [MESSAGE][PASSED] - Object 'Object Repository/Kullanici_Islemleri/KullaniciIslemleri' is visible

2021-11-18 12:10:28 - [MESSAGE][PASSED] - Call Test Case 'Test Cases/Sayfalar/Giris_Sayfasi/Login' successfully

2021-11-18 12:10:28 - [MESSAGE][INFO] - Checking called Test Case

2021-11-18 12:10:28 - [MESSAGE][INFO] - Starting to call Test Case 'Test Cases/Menu/AnaMenuSecimi'

2021-11-18 12:10:29 - [TEST_CASE][PASSED] - Test Cases/Menu/AnaMenuSecimi: Test Cases/Menu/AnaMenuSecimi

2021-11-18 12:10:29 - [TEST_STEP][PASSED] - Method.TextDegerineEsitElementeTikla(findTestObject("Menu/Ana_Menu"), Ana_Menu): Method.TextDegerineEsitElementeTikla is PASSED

2021-11-18 12:10:29 - [MESSAGE][INFO] - Finding Test Object 'Object Repository/Menu/Ana_Menu'

2021-11-18 12:10:29 - [MESSAGE][INFO] - Checking timeout

2021-11-18 12:10:29 - [MESSAGE][INFO] - Finding web element with id: 'Object Repository/Menu/Ana_Menu' located by 'By.xpath: //*[@class = 'dropdown-toggle']' in '10' second(s)

2021-11-18 12:10:29 - [MESSAGE][INFO] - Smart Wait Function is triggered

2021-11-18 12:10:29 - [MESSAGE][INFO] - Found 14 web elements with id: 'Object Repository/Menu/Ana_Menu' located by 'By.xpath: //*[@class = 'dropdown-toggle']' in '10' second(s)

2021-11-18 12:10:29 - [MESSAGE][PASSED] - Method.TextDegerineEsitElementeTikla is PASSED

2021-11-18 12:10:29 - [MESSAGE][PASSED] - Call Test Case 'Test Cases/Menu/AnaMenuSecimi' successfully

2021-11-18 12:10:29 - [MESSAGE][INFO] - Checking called Test Case

2021-11-18 12:10:29 - [MESSAGE][INFO] - Starting to call Test Case 'Test Cases/Menu/BasligaGoreAltMenuSecimi'

2021-11-18 12:10:29 - [TEST_CASE][PASSED] - Test Cases/Menu/BasligaGoreAltMenuSecimi: Test Cases/Menu/BasligaGoreAltMenuSecimi

2021-11-18 12:10:29 - [TEST_STEP][PASSED] - Method.TextDegerineEsitElementinAltindakiTextDegerineEsitOlanaTikla(findTestObject("Menu/Menu_Basligi"), findTestObject("Menu/Basliga_Gore_Alt_Menu"), Baslik, Alt_Menu): Method.TextDegerineEsitElementinAltindakiTextDegerineEsitOlanaTikla is PASSED

2021-11-18 12:10:29 - [MESSAGE][INFO] - Finding Test Object 'Object Repository/Menu/Menu_Basligi'

2021-11-18 12:10:29 - [MESSAGE][INFO] - Finding Test Object 'Object Repository/Menu/Basliga_Gore_Alt_Menu'

2021-11-18 12:10:29 - [MESSAGE][INFO] - Checking timeout

2021-11-18 12:10:29 - [MESSAGE][INFO] - Finding web element with id: 'Object Repository/Menu/Menu_Basligi' located by 'By.xpath: //li[@class='dropdown dropdown-large open']//li[@class='dropdown-header']' in '10' second(s)

2021-11-18 12:10:29 - [MESSAGE][INFO] - Smart Wait Function is triggered

2021-11-18 12:10:29 - [MESSAGE][INFO] - Found 2 web elements with id: 'Object Repository/Menu/Menu_Basligi' located by 'By.xpath: //li[@class='dropdown dropdown-large open']//li[@class='dropdown-header']' in '10' second(s)

2021-11-18 12:10:30 - [MESSAGE][INFO] - Smart Wait Function is triggered

2021-11-18 12:10:32 - [MESSAGE][PASSED] - Method.TextDegerineEsitElementinAltindakiTextDegerineEsitOlanaTikla is PASSED

2021-11-18 12:10:32 - [MESSAGE][PASSED] - Call Test Case 'Test Cases/Menu/BasligaGoreAltMenuSecimi' successfully

2021-11-18 12:10:32 - [MESSAGE][INFO] - Checking called Test Case

2021-11-18 12:10:32 - [MESSAGE][INFO] - Starting to call Test Case 'Test Cases/Tablo/Olusturma Tarihi'

2021-11-18 12:10:32 - [TEST_CASE][PASSED] - Test Cases/Tablo/Olusturma Tarihi: Test Cases/Tablo/Olusturma Tarihi

2021-11-18 12:10:32 - [TEST_STEP][PASSED] - if (verifyTextNotPresent("Görüntülenecek veri yok", true, OPTIONAL)): null

2021-11-18 12:10:32 - [MESSAGE][INFO] - Checking text present  using regular expression

2021-11-18 12:10:32 - [MESSAGE][INFO] - Smart Wait Function is triggered

2021-11-18 12:10:32 - [MESSAGE][INFO] - Finding text 'Görüntülenecek veri yok' on page  using regular expression

2021-11-18 12:10:32 - [MESSAGE][PASSED] - Text 'Görüntülenecek veri yok' is not present on page using regular expression

2021-11-18 12:10:32 - [TEST_STEP][PASSED] - click(findTestObject("Temizle/Olusturma_Tarihi_CheckBox")): Object: 'Object Repository/Temizle/Olusturma_Tarihi_CheckBox' is clicked on

2021-11-18 12:10:32 - [MESSAGE][INFO] - Finding Test Object 'Object Repository/Temizle/Olusturma_Tarihi_CheckBox'

2021-11-18 12:10:32 - [MESSAGE][INFO] - Checking object

2021-11-18 12:10:32 - [MESSAGE][INFO] - Finding web element from Test Object's properties

2021-11-18 12:10:32 - [MESSAGE][INFO] - Checking timeout

2021-11-18 12:10:32 - [MESSAGE][INFO] - Finding web element with id: 'Object Repository/Temizle/Olusturma_Tarihi_CheckBox' located by 'By.xpath: //*[@title = 'Bu sayfadaki tüm satırları Seç']' in '30' second(s)

2021-11-18 12:10:32 - [MESSAGE][INFO] - Smart Wait Function is triggered

2021-11-18 12:10:33 - [MESSAGE][INFO] - Found 1 web elements with id: 'Object Repository/Temizle/Olusturma_Tarihi_CheckBox' located by 'By.xpath: //*[@title = 'Bu sayfadaki tüm satırları Seç']' in '30' second(s)

2021-11-18 12:10:33 - [MESSAGE][INFO] - Clicking on object: 'Object Repository/Temizle/Olusturma_Tarihi_CheckBox'

2021-11-18 12:10:33 - [MESSAGE][PASSED] - Object: 'Object Repository/Temizle/Olusturma_Tarihi_CheckBox' is clicked on

2021-11-18 12:10:33 - [TEST_STEP][PASSED] - Method.TextDegerineEsitElementeTiklaEquals(findTestObject("Butonlar/Butonlar"), "Sil"): Method.TextDegerineEsitElementeTiklaEquals is PASSED

2021-11-18 12:10:33 - [MESSAGE][INFO] - Finding Test Object 'Object Repository/Butonlar/Butonlar'

2021-11-18 12:10:33 - [MESSAGE][INFO] - Checking timeout

2021-11-18 12:10:33 - [MESSAGE][INFO] - Finding web element with id: 'Object Repository/Butonlar/Butonlar' located by 'By.cssSelector: .panel.panel-default.text-center.footerPanel .btn,.btn.btn-primary.btnControls' in '10' second(s)

2021-11-18 12:10:33 - [MESSAGE][INFO] - Smart Wait Function is triggered

2021-11-18 12:10:33 - [MESSAGE][INFO] - Found 9 web elements with id: 'Object Repository/Butonlar/Butonlar' located by 'By.cssSelector: .panel.panel-default.text-center.footerPanel .btn,.btn.btn-primary.btnControls' in '10' second(s)

2021-11-18 12:10:33 - [MESSAGE][PASSED] - Method.TextDegerineEsitElementeTiklaEquals is PASSED

2021-11-18 12:10:33 - [TEST_STEP][PASSED] - Method.TextDegerineEsitElementeTikla(findTestObject("Popup/Popup_Butons"), "Evet"): Method.TextDegerineEsitElementeTikla is PASSED

2021-11-18 12:10:33 - [MESSAGE][INFO] - Finding Test Object 'Object Repository/Popup/Popup_Butons'

2021-11-18 12:10:33 - [MESSAGE][INFO] - Checking timeout

2021-11-18 12:10:33 - [MESSAGE][INFO] - Finding web element with id: 'Object Repository/Popup/Popup_Butons' located by 'By.cssSelector: .modal-footer>button' in '10' second(s)

2021-11-18 12:10:33 - [MESSAGE][INFO] - Smart Wait Function is triggered

2021-11-18 12:10:34 - [MESSAGE][INFO] - Found 2 web elements with id: 'Object Repository/Popup/Popup_Butons' located by 'By.cssSelector: .modal-footer>button' in '10' second(s)

2021-11-18 12:10:34 - [MESSAGE][PASSED] - Method.TextDegerineEsitElementeTikla is PASSED

2021-11-18 12:10:34 - [TEST_STEP][PASSED] - Method.TextDegerineEsitElementeTikla(findTestObject("Popup/Popup_Butons"), "Tamam"): Method.TextDegerineEsitElementeTikla is PASSED

2021-11-18 12:10:34 - [MESSAGE][INFO] - Finding Test Object 'Object Repository/Popup/Popup_Butons'

2021-11-18 12:10:34 - [MESSAGE][INFO] - Checking timeout

2021-11-18 12:10:34 - [MESSAGE][INFO] - Finding web element with id: 'Object Repository/Popup/Popup_Butons' located by 'By.cssSelector: .modal-footer>button' in '10' second(s)

2021-11-18 12:10:34 - [MESSAGE][INFO] - Smart Wait Function is triggered

2021-11-18 12:10:35 - [MESSAGE][INFO] - Found 1 web elements with id: 'Object Repository/Popup/Popup_Butons' located by 'By.cssSelector: .modal-footer>button' in '10' second(s)

2021-11-18 12:10:35 - [MESSAGE][PASSED] - Method.TextDegerineEsitElementeTikla is PASSED

2021-11-18 12:10:35 - [MESSAGE][PASSED] - Call Test Case 'Test Cases/Tablo/Olusturma Tarihi' successfully

2021-11-18 12:10:35 - [MESSAGE][INFO] - Checking called Test Case

2021-11-18 12:10:35 - [MESSAGE][INFO] - Starting to call Test Case 'Test Cases/Filtreler/faturaTipiSec'

2021-11-18 12:10:35 - [TEST_CASE][PASSED] - Test Cases/Filtreler/faturaTipiSec: Test Cases/Filtreler/faturaTipiSec

2021-11-18 12:10:36 - [TEST_STEP][PASSED] - click(findTestObject("Filtreler/Fatura_Tipi"), STOP_ON_FAILURE): Object: 'Object Repository/Filtreler/Fatura_Tipi' is clicked on

2021-11-18 12:10:36 - [MESSAGE][INFO] - Finding Test Object 'Object Repository/Filtreler/Fatura_Tipi'

2021-11-18 12:10:36 - [MESSAGE][INFO] - Checking object

2021-11-18 12:10:36 - [MESSAGE][INFO] - Finding web element from Test Object's properties

2021-11-18 12:10:36 - [MESSAGE][INFO] - Checking timeout

2021-11-18 12:10:36 - [MESSAGE][INFO] - Finding web element with id: 'Object Repository/Filtreler/Fatura_Tipi' located by 'By.cssSelector: #cmbFaturaTip > option:nth-child(2)' in '30' second(s)

2021-11-18 12:10:36 - [MESSAGE][INFO] - Smart Wait Function is triggered

2021-11-18 12:10:36 - [MESSAGE][INFO] - Found 1 web elements with id: 'Object Repository/Filtreler/Fatura_Tipi' located by 'By.cssSelector: #cmbFaturaTip > option:nth-child(2)' in '30' second(s)

2021-11-18 12:10:36 - [MESSAGE][INFO] - Clicking on object: 'Object Repository/Filtreler/Fatura_Tipi'

2021-11-18 12:10:36 - [MESSAGE][PASSED] - Object: 'Object Repository/Filtreler/Fatura_Tipi' is clicked on

2021-11-18 12:10:36 - [MESSAGE][PASSED] - Call Test Case 'Test Cases/Filtreler/faturaTipiSec' successfully

2021-11-18 12:10:36 - [MESSAGE][INFO] - Checking called Test Case

2021-11-18 12:10:36 - [MESSAGE][INFO] - Starting to call Test Case 'Test Cases/Butonlar/ButonaTikla'

2021-11-18 12:10:36 - [TEST_CASE][PASSED] - Test Cases/Butonlar/ButonaTikla: Test Cases/Butonlar/ButonaTikla

2021-11-18 12:10:36 - [TEST_STEP][PASSED] - Method.TextDegerineEsitElementeTiklaEquals(findTestObject("Butonlar/Butonlar"), Buton_Adi): Method.TextDegerineEsitElementeTiklaEquals is PASSED

2021-11-18 12:10:36 - [MESSAGE][INFO] - Finding Test Object 'Object Repository/Butonlar/Butonlar'

2021-11-18 12:10:36 - [MESSAGE][INFO] - Checking timeout

2021-11-18 12:10:36 - [MESSAGE][INFO] - Finding web element with id: 'Object Repository/Butonlar/Butonlar' located by 'By.cssSelector: .panel.panel-default.text-center.footerPanel .btn,.btn.btn-primary.btnControls' in '10' second(s)

2021-11-18 12:10:36 - [MESSAGE][INFO] - Smart Wait Function is triggered

2021-11-18 12:10:37 - [MESSAGE][INFO] - Found 9 web elements with id: 'Object Repository/Butonlar/Butonlar' located by 'By.cssSelector: .panel.panel-default.text-center.footerPanel .btn,.btn.btn-primary.btnControls' in '10' second(s)

2021-11-18 12:10:37 - [MESSAGE][PASSED] - Method.TextDegerineEsitElementeTiklaEquals is PASSED

2021-11-18 12:10:37 - [MESSAGE][PASSED] - Call Test Case 'Test Cases/Butonlar/ButonaTikla' successfully

2021-11-18 12:10:37 - [MESSAGE][INFO] - Checking called Test Case

2021-11-18 12:10:37 - [MESSAGE][INFO] - Starting to call Test Case 'Test Cases/Olusturma/Genel/GorselTasarimSayfasıBasligiIceriyorMu'

2021-11-18 12:10:37 - [TEST_CASE][PASSED] - Test Cases/Olusturma/Genel/GorselTasarimSayfasıBasligiIceriyorMu: Test Cases/Olusturma/Genel/GorselTasarimSayfasıBasligiIceriyorMu

2021-11-18 12:10:37 - [TEST_STEP][PASSED] - verifyElementText(findTestObject("Object Repository/Olusturma/Genel/GorselTasarimBaslik"), Baslik): Actual text and expected text of test object 'Object Repository/Olusturma/Genel/GorselTasarimBaslik' are matched.

2021-11-18 12:10:37 - [MESSAGE][INFO] - Finding Test Object 'Object Repository/Olusturma/Genel/GorselTasarimBaslik'

2021-11-18 12:10:37 - [MESSAGE][INFO] - Checking object

2021-11-18 12:10:37 - [MESSAGE][INFO] - Finding web element from Test Object's properties

2021-11-18 12:10:37 - [MESSAGE][INFO] - Checking timeout

2021-11-18 12:10:37 - [MESSAGE][INFO] - Finding web element with id: 'Object Repository/Olusturma/Genel/GorselTasarimBaslik' located by 'By.cssSelector: #flAlici_0>div>span' in '30' second(s)

2021-11-18 12:10:37 - [MESSAGE][INFO] - Smart Wait Function is triggered

2021-11-18 12:10:44 - [MESSAGE][INFO] - Found 1 web elements with id: 'Object Repository/Olusturma/Genel/GorselTasarimBaslik' located by 'By.cssSelector: #flAlici_0>div>span' in '30' second(s)

2021-11-18 12:10:44 - [MESSAGE][PASSED] - Actual text and expected text of test object 'Object Repository/Olusturma/Genel/GorselTasarimBaslik' are matched.

2021-11-18 12:10:44 - [MESSAGE][PASSED] - Call Test Case 'Test Cases/Olusturma/Genel/GorselTasarimSayfasıBasligiIceriyorMu' successfully

2021-11-18 12:10:44 - [MESSAGE][INFO] - Checking called Test Case

2021-11-18 12:10:44 - [MESSAGE][INFO] - Starting to call Test Case 'Test Cases/Olusturma/Genel/AliciSecilir'

2021-11-18 12:10:44 - [TEST_CASE][PASSED] - Test Cases/Olusturma/Genel/AliciSecilir: Test Cases/Olusturma/Genel/AliciSecilir

2021-11-18 12:10:44 - [TEST_STEP][PASSED] - click(findTestObject("Olusturma/Genel/AliciBilgisi/Alici_Ara")): Object: 'Object Repository/Olusturma/Genel/AliciBilgisi/Alici_Ara' is clicked on

2021-11-18 12:10:44 - [MESSAGE][INFO] - Finding Test Object 'Object Repository/Olusturma/Genel/AliciBilgisi/Alici_Ara'

2021-11-18 12:10:44 - [MESSAGE][INFO] - Checking object

2021-11-18 12:10:44 - [MESSAGE][INFO] - Finding web element from Test Object's properties

2021-11-18 12:10:44 - [MESSAGE][INFO] - Checking timeout

2021-11-18 12:10:44 - [MESSAGE][INFO] - Finding web element with id: 'Object Repository/Olusturma/Genel/AliciBilgisi/Alici_Ara' located by 'By.xpath: //td[@id='txtCustomerText_B-1']' in '30' second(s)

2021-11-18 12:10:44 - [MESSAGE][INFO] - Smart Wait Function is triggered

2021-11-18 12:10:44 - [MESSAGE][INFO] - Found 1 web elements with id: 'Object Repository/Olusturma/Genel/AliciBilgisi/Alici_Ara' located by 'By.xpath: //td[@id='txtCustomerText_B-1']' in '30' second(s)

2021-11-18 12:10:44 - [MESSAGE][INFO] - Clicking on object: 'Object Repository/Olusturma/Genel/AliciBilgisi/Alici_Ara'

2021-11-18 12:10:44 - [MESSAGE][PASSED] - Object: 'Object Repository/Olusturma/Genel/AliciBilgisi/Alici_Ara' is clicked on

2021-11-18 12:10:44 - [TEST_STEP][PASSED] - click(findTestObject("Olusturma/Genel/AliciBilgisi/Alici_Bilgisi")): Object: 'Object Repository/Olusturma/Genel/AliciBilgisi/Alici_Bilgisi' is clicked on

2021-11-18 12:10:44 - [MESSAGE][INFO] - Finding Test Object 'Object Repository/Olusturma/Genel/AliciBilgisi/Alici_Bilgisi'

2021-11-18 12:10:44 - [MESSAGE][INFO] - Checking object

2021-11-18 12:10:44 - [MESSAGE][INFO] - Finding web element from Test Object's properties

2021-11-18 12:10:44 - [MESSAGE][INFO] - Checking timeout

2021-11-18 12:10:44 - [MESSAGE][INFO] - Finding web element with id: 'Object Repository/Olusturma/Genel/AliciBilgisi/Alici_Bilgisi' located by 'By.xpath: //iframe[@id='customerselectiframe']' in '30' second(s)

2021-11-18 12:10:44 - [MESSAGE][INFO] - Smart Wait Function is triggered

2021-11-18 12:10:45 - [MESSAGE][INFO] - Found 1 web elements with id: 'Object Repository/Olusturma/Genel/AliciBilgisi/Alici_Bilgisi' located by 'By.xpath: //iframe[@id='customerselectiframe']' in '30' second(s)

2021-11-18 12:10:45 - [MESSAGE][INFO] - Clicking on object: 'Object Repository/Olusturma/Genel/AliciBilgisi/Alici_Bilgisi'

2021-11-18 12:10:45 - [MESSAGE][PASSED] - Object: 'Object Repository/Olusturma/Genel/AliciBilgisi/Alici_Bilgisi' is clicked on

2021-11-18 12:10:45 - [TEST_STEP][PASSED] - setText(findTestObject("Olusturma/Genel/AliciBilgisi/Alici_Gir"), Alici_Adi): Switching to default content

2021-11-18 12:10:45 - [MESSAGE][INFO] - Finding Test Object 'Object Repository/Olusturma/Genel/AliciBilgisi/Alici_Gir'

2021-11-18 12:10:45 - [MESSAGE][INFO] - Finding Test Object 'Object Repository/Olusturma/Genel/AliciBilgisi/Alici_Bilgisi'

2021-11-18 12:10:45 - [MESSAGE][INFO] - Checking object

2021-11-18 12:10:45 - [MESSAGE][INFO] - Checking text

2021-11-18 12:10:45 - [MESSAGE][INFO] - Object: 'Object Repository/Olusturma/Genel/AliciBilgisi/Alici_Gir' has parent object(s)

2021-11-18 12:10:45 - [MESSAGE][INFO] - Switching to iframe: 'Object Repository/Olusturma/Genel/AliciBilgisi/Alici_Bilgisi'

2021-11-18 12:10:45 - [MESSAGE][INFO] - Finding web element from Test Object's properties

2021-11-18 12:10:45 - [MESSAGE][INFO] - Checking timeout

2021-11-18 12:10:45 - [MESSAGE][INFO] - Finding web element with id: 'Object Repository/Olusturma/Genel/AliciBilgisi/Alici_Bilgisi' located by 'By.xpath: //iframe[@id='customerselectiframe']' in '30' second(s)

2021-11-18 12:10:45 - [MESSAGE][INFO] - Smart Wait Function is triggered

2021-11-18 12:10:45 - [MESSAGE][INFO] - Found 1 web elements with id: 'Object Repository/Olusturma/Genel/AliciBilgisi/Alici_Bilgisi' located by 'By.xpath: //iframe[@id='customerselectiframe']' in '30' second(s)

2021-11-18 12:10:45 - [MESSAGE][INFO] - Switched to iframe: 'Object Repository/Olusturma/Genel/AliciBilgisi/Alici_Bilgisi'

2021-11-18 12:10:45 - [MESSAGE][INFO] - Finding web element from Test Object's properties

2021-11-18 12:10:45 - [MESSAGE][INFO] - Checking timeout

2021-11-18 12:10:45 - [MESSAGE][INFO] - Finding web element with id: 'Object Repository/Olusturma/Genel/AliciBilgisi/Alici_Gir' located by 'By.xpath: //input[@id='GridViewCustomer_DXFREditorcol1_I']' in '30' second(s)

2021-11-18 12:10:45 - [MESSAGE][INFO] - Smart Wait Function is triggered

2021-11-18 12:10:45 - [MESSAGE][INFO] - Found 1 web elements with id: 'Object Repository/Olusturma/Genel/AliciBilgisi/Alici_Gir' located by 'By.xpath: //input[@id='GridViewCustomer_DXFREditorcol1_I']' in '30' second(s)

2021-11-18 12:10:45 - [MESSAGE][INFO] - Clearing text of object 'Object Repository/Olusturma/Genel/AliciBilgisi/Alici_Gir'

2021-11-18 12:10:45 - [MESSAGE][INFO] - Finding web element from Test Object's properties

2021-11-18 12:10:45 - [MESSAGE][INFO] - Checking timeout

2021-11-18 12:10:45 - [MESSAGE][INFO] - Finding web element with id: 'Object Repository/Olusturma/Genel/AliciBilgisi/Alici_Gir' located by 'By.xpath: //input[@id='GridViewCustomer_DXFREditorcol1_I']' in '30' second(s)

2021-11-18 12:10:45 - [MESSAGE][INFO] - Smart Wait Function is triggered

2021-11-18 12:10:45 - [MESSAGE][INFO] - Found 1 web elements with id: 'Object Repository/Olusturma/Genel/AliciBilgisi/Alici_Gir' located by 'By.xpath: //input[@id='GridViewCustomer_DXFREditorcol1_I']' in '30' second(s)

2021-11-18 12:10:45 - [MESSAGE][INFO] - Setting text of object 'Object Repository/Olusturma/Genel/AliciBilgisi/Alici_Gir' to value 'VirgosolArsivVKN'

2021-11-18 12:10:45 - [MESSAGE][PASSED] - Text 'VirgosolArsivVKN' is set on object 'Object Repository/Olusturma/Genel/AliciBilgisi/Alici_Gir'

2021-11-18 12:10:45 - [MESSAGE][INFO] - Switching to default content

2021-11-18 12:10:45 - [TEST_STEP][PASSED] - waitForElementClickable(findTestObject("Olusturma/Genel/AliciBilgisi/Alici_Adi"), 10): Switching to default content

2021-11-18 12:10:45 - [MESSAGE][INFO] - Finding Test Object 'Object Repository/Olusturma/Genel/AliciBilgisi/Alici_Adi'

2021-11-18 12:10:45 - [MESSAGE][INFO] - Finding Test Object 'Object Repository/Olusturma/Genel/AliciBilgisi/iframe_Alc Bilgisi_customerselectiframe'

2021-11-18 12:10:45 - [MESSAGE][INFO] - Checking object

2021-11-18 12:10:45 - [MESSAGE][INFO] - Checking timeout

2021-11-18 12:10:45 - [MESSAGE][INFO] - Object: 'Object Repository/Olusturma/Genel/AliciBilgisi/Alici_Adi' has parent object(s)

2021-11-18 12:10:45 - [MESSAGE][INFO] - Switching to iframe: 'Object Repository/Olusturma/Genel/AliciBilgisi/iframe_Alc Bilgisi_customerselectiframe'

2021-11-18 12:10:45 - [MESSAGE][INFO] - Finding web element from Test Object's properties

2021-11-18 12:10:45 - [MESSAGE][INFO] - Checking timeout

2021-11-18 12:10:45 - [MESSAGE][INFO] - Finding web element with id: 'Object Repository/Olusturma/Genel/AliciBilgisi/iframe_Alc Bilgisi_customerselectiframe' located by 'By.xpath: //iframe[@id='customerselectiframe']' in '10' second(s)

2021-11-18 12:10:45 - [MESSAGE][INFO] - Smart Wait Function is triggered

2021-11-18 12:10:46 - [MESSAGE][INFO] - Found 1 web elements with id: 'Object Repository/Olusturma/Genel/AliciBilgisi/iframe_Alc Bilgisi_customerselectiframe' located by 'By.xpath: //iframe[@id='customerselectiframe']' in '10' second(s)

2021-11-18 12:10:46 - [MESSAGE][INFO] - Switched to iframe: 'Object Repository/Olusturma/Genel/AliciBilgisi/iframe_Alc Bilgisi_customerselectiframe'

2021-11-18 12:10:46 - [MESSAGE][INFO] - Finding web element from Test Object's properties

2021-11-18 12:10:46 - [MESSAGE][INFO] - Checking timeout

2021-11-18 12:10:46 - [MESSAGE][INFO] - Finding web element with id: 'Object Repository/Olusturma/Genel/AliciBilgisi/Alici_Adi' located by 'By.xpath: //tr[@id='GridViewCustomer_DXDataRow0']/td[2]' in '10' second(s)

2021-11-18 12:10:46 - [MESSAGE][INFO] - Smart Wait Function is triggered

2021-11-18 12:10:46 - [MESSAGE][INFO] - Found 1 web elements with id: 'Object Repository/Olusturma/Genel/AliciBilgisi/Alici_Adi' located by 'By.xpath: //tr[@id='GridViewCustomer_DXDataRow0']/td[2]' in '10' second(s)

2021-11-18 12:10:46 - [MESSAGE][PASSED] - Object 'Object Repository/Olusturma/Genel/AliciBilgisi/Alici_Adi' is clickable

2021-11-18 12:10:46 - [MESSAGE][INFO] - Switching to default content

2021-11-18 12:10:46 - [TEST_STEP][PASSED] - click(findTestObject("Olusturma/Genel/AliciBilgisi/frame")): Switching to default content

2021-11-18 12:10:46 - [MESSAGE][INFO] - Finding Test Object 'Object Repository/Olusturma/Genel/AliciBilgisi/frame'

2021-11-18 12:10:46 - [MESSAGE][INFO] - Finding Test Object 'Object Repository/Olusturma/Genel/AliciBilgisi/iframe_Alc Bilgisi_customerselectiframe'

2021-11-18 12:10:46 - [MESSAGE][INFO] - Checking object

2021-11-18 12:10:46 - [MESSAGE][INFO] - Object: 'Object Repository/Olusturma/Genel/AliciBilgisi/frame' has parent object(s)

2021-11-18 12:10:46 - [MESSAGE][INFO] - Switching to iframe: 'Object Repository/Olusturma/Genel/AliciBilgisi/iframe_Alc Bilgisi_customerselectiframe'

2021-11-18 12:10:46 - [MESSAGE][INFO] - Finding web element from Test Object's properties

2021-11-18 12:10:46 - [MESSAGE][INFO] - Checking timeout

2021-11-18 12:10:46 - [MESSAGE][INFO] - Finding web element with id: 'Object Repository/Olusturma/Genel/AliciBilgisi/iframe_Alc Bilgisi_customerselectiframe' located by 'By.xpath: //iframe[@id='customerselectiframe']' in '30' second(s)

2021-11-18 12:10:46 - [MESSAGE][INFO] - Smart Wait Function is triggered

2021-11-18 12:10:46 - [MESSAGE][INFO] - Found 1 web elements with id: 'Object Repository/Olusturma/Genel/AliciBilgisi/iframe_Alc Bilgisi_customerselectiframe' located by 'By.xpath: //iframe[@id='customerselectiframe']' in '30' second(s)

2021-11-18 12:10:46 - [MESSAGE][INFO] - Switched to iframe: 'Object Repository/Olusturma/Genel/AliciBilgisi/iframe_Alc Bilgisi_customerselectiframe'

2021-11-18 12:10:46 - [MESSAGE][INFO] - Finding web element from Test Object's properties

2021-11-18 12:10:46 - [MESSAGE][INFO] - Checking timeout

2021-11-18 12:10:46 - [MESSAGE][INFO] - Finding web element with id: 'Object Repository/Olusturma/Genel/AliciBilgisi/frame' located by 'By.xpath: //*/text()[normalize-space(.)='']/parent::*' in '30' second(s)

2021-11-18 12:10:46 - [MESSAGE][INFO] - Smart Wait Function is triggered

2021-11-18 12:10:46 - [MESSAGE][INFO] - Found 73 web elements with id: 'Object Repository/Olusturma/Genel/AliciBilgisi/frame' located by 'By.xpath: //*/text()[normalize-space(.)='']/parent::*' in '30' second(s)

2021-11-18 12:10:46 - [MESSAGE][INFO] - Clicking on object: 'Object Repository/Olusturma/Genel/AliciBilgisi/frame'

2021-11-18 12:10:46 - [MESSAGE][PASSED] - Object: 'Object Repository/Olusturma/Genel/AliciBilgisi/frame' is clicked on

2021-11-18 12:10:46 - [MESSAGE][INFO] - Switching to default content

2021-11-18 12:10:46 - [TEST_STEP][PASSED] - click(findTestObject("Olusturma/Genel/AliciBilgisi/Alici_Adi")): Switching to default content

2021-11-18 12:10:46 - [MESSAGE][INFO] - Finding Test Object 'Object Repository/Olusturma/Genel/AliciBilgisi/Alici_Adi'

2021-11-18 12:10:46 - [MESSAGE][INFO] - Finding Test Object 'Object Repository/Olusturma/Genel/AliciBilgisi/iframe_Alc Bilgisi_customerselectiframe'

2021-11-18 12:10:46 - [MESSAGE][INFO] - Checking object

2021-11-18 12:10:46 - [MESSAGE][INFO] - Object: 'Object Repository/Olusturma/Genel/AliciBilgisi/Alici_Adi' has parent object(s)

2021-11-18 12:10:46 - [MESSAGE][INFO] - Switching to iframe: 'Object Repository/Olusturma/Genel/AliciBilgisi/iframe_Alc Bilgisi_customerselectiframe'

2021-11-18 12:10:46 - [MESSAGE][INFO] - Finding web element from Test Object's properties

2021-11-18 12:10:46 - [MESSAGE][INFO] - Checking timeout

2021-11-18 12:10:46 - [MESSAGE][INFO] - Finding web element with id: 'Object Repository/Olusturma/Genel/AliciBilgisi/iframe_Alc Bilgisi_customerselectiframe' located by 'By.xpath: //iframe[@id='customerselectiframe']' in '30' second(s)

2021-11-18 12:10:46 - [MESSAGE][INFO] - Smart Wait Function is triggered

2021-11-18 12:10:47 - [MESSAGE][INFO] - Found 1 web elements with id: 'Object Repository/Olusturma/Genel/AliciBilgisi/iframe_Alc Bilgisi_customerselectiframe' located by 'By.xpath: //iframe[@id='customerselectiframe']' in '30' second(s)

2021-11-18 12:10:47 - [MESSAGE][INFO] - Switched to iframe: 'Object Repository/Olusturma/Genel/AliciBilgisi/iframe_Alc Bilgisi_customerselectiframe'

2021-11-18 12:10:47 - [MESSAGE][INFO] - Finding web element from Test Object's properties

2021-11-18 12:10:47 - [MESSAGE][INFO] - Checking timeout

2021-11-18 12:10:47 - [MESSAGE][INFO] - Finding web element with id: 'Object Repository/Olusturma/Genel/AliciBilgisi/Alici_Adi' located by 'By.xpath: //tr[@id='GridViewCustomer_DXDataRow0']/td[2]' in '30' second(s)

2021-11-18 12:10:47 - [MESSAGE][INFO] - Smart Wait Function is triggered

2021-11-18 12:10:47 - [MESSAGE][INFO] - Found 1 web elements with id: 'Object Repository/Olusturma/Genel/AliciBilgisi/Alici_Adi' located by 'By.xpath: //tr[@id='GridViewCustomer_DXDataRow0']/td[2]' in '30' second(s)

2021-11-18 12:10:47 - [MESSAGE][INFO] - Clicking on object: 'Object Repository/Olusturma/Genel/AliciBilgisi/Alici_Adi'

2021-11-18 12:10:47 - [MESSAGE][PASSED] - Object: 'Object Repository/Olusturma/Genel/AliciBilgisi/Alici_Adi' is clicked on

2021-11-18 12:10:47 - [MESSAGE][INFO] - Switching to default content

2021-11-18 12:10:47 - [TEST_STEP][PASSED] - click(findTestObject("Olusturma/Genel/AliciBilgisi/Tamam_Bosluk")): Switching to default content

2021-11-18 12:10:47 - [MESSAGE][INFO] - Finding Test Object 'Object Repository/Olusturma/Genel/AliciBilgisi/Tamam_Bosluk'

2021-11-18 12:10:47 - [MESSAGE][INFO] - Finding Test Object 'Object Repository/Olusturma/Genel/AliciBilgisi/Alici_Bilgisi'

2021-11-18 12:10:47 - [MESSAGE][INFO] - Checking object

2021-11-18 12:10:47 - [MESSAGE][INFO] - Object: 'Object Repository/Olusturma/Genel/AliciBilgisi/Tamam_Bosluk' has parent object(s)

2021-11-18 12:10:47 - [MESSAGE][INFO] - Switching to iframe: 'Object Repository/Olusturma/Genel/AliciBilgisi/Alici_Bilgisi'

2021-11-18 12:10:47 - [MESSAGE][INFO] - Finding web element from Test Object's properties

2021-11-18 12:10:47 - [MESSAGE][INFO] - Checking timeout

2021-11-18 12:10:47 - [MESSAGE][INFO] - Finding web element with id: 'Object Repository/Olusturma/Genel/AliciBilgisi/Alici_Bilgisi' located by 'By.xpath: //iframe[@id='customerselectiframe']' in '30' second(s)

2021-11-18 12:10:47 - [MESSAGE][INFO] - Smart Wait Function is triggered

2021-11-18 12:10:47 - [MESSAGE][INFO] - Found 1 web elements with id: 'Object Repository/Olusturma/Genel/AliciBilgisi/Alici_Bilgisi' located by 'By.xpath: //iframe[@id='customerselectiframe']' in '30' second(s)

2021-11-18 12:10:47 - [MESSAGE][INFO] - Switched to iframe: 'Object Repository/Olusturma/Genel/AliciBilgisi/Alici_Bilgisi'

2021-11-18 12:10:47 - [MESSAGE][INFO] - Finding web element from Test Object's properties

2021-11-18 12:10:47 - [MESSAGE][INFO] - Checking timeout

2021-11-18 12:10:47 - [MESSAGE][INFO] - Finding web element with id: 'Object Repository/Olusturma/Genel/AliciBilgisi/Tamam_Bosluk' located by 'By.xpath: (.//*[normalize-space(text()) and normalize-space(.)='Sayfa Boyutu:'])[1]/following::div[7]' in '30' second(s)

2021-11-18 12:10:47 - [MESSAGE][INFO] - Smart Wait Function is triggered

2021-11-18 12:10:47 - [MESSAGE][INFO] - Found 1 web elements with id: 'Object Repository/Olusturma/Genel/AliciBilgisi/Tamam_Bosluk' located by 'By.xpath: (.//*[normalize-space(text()) and normalize-space(.)='Sayfa Boyutu:'])[1]/following::div[7]' in '30' second(s)

2021-11-18 12:10:47 - [MESSAGE][INFO] - Clicking on object: 'Object Repository/Olusturma/Genel/AliciBilgisi/Tamam_Bosluk'

2021-11-18 12:10:47 - [MESSAGE][PASSED] - Object: 'Object Repository/Olusturma/Genel/AliciBilgisi/Tamam_Bosluk' is clicked on

2021-11-18 12:10:47 - [MESSAGE][INFO] - Switching to default content

2021-11-18 12:10:47 - [TEST_STEP][PASSED] - waitForElementClickable(findTestObject("Olusturma/Genel/AliciBilgisi/Tamam_Butonu"), 10): Switching to default content

2021-11-18 12:10:47 - [MESSAGE][INFO] - Finding Test Object 'Object Repository/Olusturma/Genel/AliciBilgisi/Tamam_Butonu'

2021-11-18 12:10:47 - [MESSAGE][INFO] - Finding Test Object 'Object Repository/Olusturma/Genel/AliciBilgisi/Alici_Bilgisi'

2021-11-18 12:10:47 - [MESSAGE][INFO] - Checking object

2021-11-18 12:10:47 - [MESSAGE][INFO] - Checking timeout

2021-11-18 12:10:47 - [MESSAGE][INFO] - Object: 'Object Repository/Olusturma/Genel/AliciBilgisi/Tamam_Butonu' has parent object(s)

2021-11-18 12:10:47 - [MESSAGE][INFO] - Switching to iframe: 'Object Repository/Olusturma/Genel/AliciBilgisi/Alici_Bilgisi'

2021-11-18 12:10:47 - [MESSAGE][INFO] - Finding web element from Test Object's properties

2021-11-18 12:10:47 - [MESSAGE][INFO] - Checking timeout

2021-11-18 12:10:47 - [MESSAGE][INFO] - Finding web element with id: 'Object Repository/Olusturma/Genel/AliciBilgisi/Alici_Bilgisi' located by 'By.xpath: //iframe[@id='customerselectiframe']' in '10' second(s)

2021-11-18 12:10:47 - [MESSAGE][INFO] - Smart Wait Function is triggered

2021-11-18 12:10:48 - [MESSAGE][INFO] - Found 1 web elements with id: 'Object Repository/Olusturma/Genel/AliciBilgisi/Alici_Bilgisi' located by 'By.xpath: //iframe[@id='customerselectiframe']' in '10' second(s)

2021-11-18 12:10:48 - [MESSAGE][INFO] - Switched to iframe: 'Object Repository/Olusturma/Genel/AliciBilgisi/Alici_Bilgisi'

2021-11-18 12:10:48 - [MESSAGE][INFO] - Finding web element from Test Object's properties

2021-11-18 12:10:48 - [MESSAGE][INFO] - Checking timeout

2021-11-18 12:10:48 - [MESSAGE][INFO] - Finding web element with id: 'Object Repository/Olusturma/Genel/AliciBilgisi/Tamam_Butonu' located by 'By.xpath: //div[@id='btnSelectCustomer_CD']/span' in '10' second(s)

2021-11-18 12:10:48 - [MESSAGE][INFO] - Smart Wait Function is triggered

2021-11-18 12:10:48 - [MESSAGE][INFO] - Found 1 web elements with id: 'Object Repository/Olusturma/Genel/AliciBilgisi/Tamam_Butonu' located by 'By.xpath: //div[@id='btnSelectCustomer_CD']/span' in '10' second(s)

2021-11-18 12:10:48 - [MESSAGE][PASSED] - Object 'Object Repository/Olusturma/Genel/AliciBilgisi/Tamam_Butonu' is clickable

2021-11-18 12:10:48 - [MESSAGE][INFO] - Switching to default content

2021-11-18 12:10:48 - [TEST_STEP][PASSED] - click(findTestObject("Olusturma/Genel/AliciBilgisi/Tamam_Butonu")): Switching to default content

2021-11-18 12:10:48 - [MESSAGE][INFO] - Finding Test Object 'Object Repository/Olusturma/Genel/AliciBilgisi/Tamam_Butonu'

2021-11-18 12:10:48 - [MESSAGE][INFO] - Finding Test Object 'Object Repository/Olusturma/Genel/AliciBilgisi/Alici_Bilgisi'

2021-11-18 12:10:48 - [MESSAGE][INFO] - Checking object

2021-11-18 12:10:48 - [MESSAGE][INFO] - Object: 'Object Repository/Olusturma/Genel/AliciBilgisi/Tamam_Butonu' has parent object(s)

2021-11-18 12:10:48 - [MESSAGE][INFO] - Switching to iframe: 'Object Repository/Olusturma/Genel/AliciBilgisi/Alici_Bilgisi'

2021-11-18 12:10:48 - [MESSAGE][INFO] - Finding web element from Test Object's properties

2021-11-18 12:10:48 - [MESSAGE][INFO] - Checking timeout

2021-11-18 12:10:48 - [MESSAGE][INFO] - Finding web element with id: 'Object Repository/Olusturma/Genel/AliciBilgisi/Alici_Bilgisi' located by 'By.xpath: //iframe[@id='customerselectiframe']' in '30' second(s)

2021-11-18 12:10:48 - [MESSAGE][INFO] - Smart Wait Function is triggered

2021-11-18 12:10:48 - [MESSAGE][INFO] - Found 1 web elements with id: 'Object Repository/Olusturma/Genel/AliciBilgisi/Alici_Bilgisi' located by 'By.xpath: //iframe[@id='customerselectiframe']' in '30' second(s)

2021-11-18 12:10:48 - [MESSAGE][INFO] - Switched to iframe: 'Object Repository/Olusturma/Genel/AliciBilgisi/Alici_Bilgisi'

2021-11-18 12:10:48 - [MESSAGE][INFO] - Finding web element from Test Object's properties

2021-11-18 12:10:48 - [MESSAGE][INFO] - Checking timeout

2021-11-18 12:10:48 - [MESSAGE][INFO] - Finding web element with id: 'Object Repository/Olusturma/Genel/AliciBilgisi/Tamam_Butonu' located by 'By.xpath: //div[@id='btnSelectCustomer_CD']/span' in '30' second(s)

2021-11-18 12:10:48 - [MESSAGE][INFO] - Smart Wait Function is triggered

2021-11-18 12:10:48 - [MESSAGE][INFO] - Found 1 web elements with id: 'Object Repository/Olusturma/Genel/AliciBilgisi/Tamam_Butonu' located by 'By.xpath: //div[@id='btnSelectCustomer_CD']/span' in '30' second(s)

2021-11-18 12:10:48 - [MESSAGE][INFO] - Clicking on object: 'Object Repository/Olusturma/Genel/AliciBilgisi/Tamam_Butonu'

2021-11-18 12:10:48 - [MESSAGE][PASSED] - Object: 'Object Repository/Olusturma/Genel/AliciBilgisi/Tamam_Butonu' is clicked on

2021-11-18 12:10:48 - [MESSAGE][INFO] - Switching to default content

2021-11-18 12:10:48 - [TEST_STEP][PASSED] - waitForElementPresent(findTestObject("Olusturma/Genel/AliciBilgisi/VKN-TCKN"), 10): Object 'Object Repository/Olusturma/Genel/AliciBilgisi/VKN-TCKN' is present

2021-11-18 12:10:48 - [MESSAGE][INFO] - Finding Test Object 'Object Repository/Olusturma/Genel/AliciBilgisi/VKN-TCKN'

2021-11-18 12:10:48 - [MESSAGE][INFO] - Checking object

2021-11-18 12:10:48 - [MESSAGE][INFO] - Finding web element from Test Object's properties

2021-11-18 12:10:48 - [MESSAGE][INFO] - Checking timeout

2021-11-18 12:10:48 - [MESSAGE][INFO] - Finding web element with id: 'Object Repository/Olusturma/Genel/AliciBilgisi/VKN-TCKN' located by 'By.xpath: //*[@id = 'txtVknTckn_I']' in '10' second(s)

2021-11-18 12:10:48 - [MESSAGE][INFO] - Smart Wait Function is triggered

2021-11-18 12:10:49 - [MESSAGE][INFO] - Found 1 web elements with id: 'Object Repository/Olusturma/Genel/AliciBilgisi/VKN-TCKN' located by 'By.xpath: //*[@id = 'txtVknTckn_I']' in '10' second(s)

2021-11-18 12:10:49 - [MESSAGE][PASSED] - Object 'Object Repository/Olusturma/Genel/AliciBilgisi/VKN-TCKN' is present

2021-11-18 12:10:49 - [TEST_STEP][PASSED] - text = getAttribute(findTestObject("Olusturma/Genel/AliciBilgisi/VKN-TCKN"), "value"): Attribute 'value' of object 'Object Repository/Olusturma/Genel/AliciBilgisi/VKN-TCKN' is: '5422405266'

2021-11-18 12:10:49 - [MESSAGE][INFO] - Finding Test Object 'Object Repository/Olusturma/Genel/AliciBilgisi/VKN-TCKN'

2021-11-18 12:10:49 - [MESSAGE][INFO] - Checking object

2021-11-18 12:10:49 - [MESSAGE][INFO] - Checking attribute

2021-11-18 12:10:49 - [MESSAGE][INFO] - Finding web element from Test Object's properties

2021-11-18 12:10:49 - [MESSAGE][INFO] - Checking timeout

2021-11-18 12:10:49 - [MESSAGE][INFO] - Finding web element with id: 'Object Repository/Olusturma/Genel/AliciBilgisi/VKN-TCKN' located by 'By.xpath: //*[@id = 'txtVknTckn_I']' in '30' second(s)

2021-11-18 12:10:49 - [MESSAGE][INFO] - Smart Wait Function is triggered

2021-11-18 12:10:49 - [MESSAGE][INFO] - Found 1 web elements with id: 'Object Repository/Olusturma/Genel/AliciBilgisi/VKN-TCKN' located by 'By.xpath: //*[@id = 'txtVknTckn_I']' in '30' second(s)

2021-11-18 12:10:49 - [MESSAGE][INFO] - Getting attribute 'value' of object 'Object Repository/Olusturma/Genel/AliciBilgisi/VKN-TCKN'

2021-11-18 12:10:49 - [MESSAGE][PASSED] - Attribute 'value' of object 'Object Repository/Olusturma/Genel/AliciBilgisi/VKN-TCKN' is: '5422405266'

2021-11-18 12:10:49 - [TEST_STEP][PASSED] - if (text.equals("")): null

2021-11-18 12:10:49 - [MESSAGE][PASSED] - Call Test Case 'Test Cases/Olusturma/Genel/AliciSecilir' successfully

2021-11-18 12:10:49 - [MESSAGE][INFO] - Checking called Test Case

2021-11-18 12:10:49 - [MESSAGE][INFO] - Starting to call Test Case 'Test Cases/Olusturma/Genel/OnEkSecilir'

2021-11-18 12:10:49 - [TEST_CASE][PASSED] - Test Cases/Olusturma/Genel/OnEkSecilir: Test Cases/Olusturma/Genel/OnEkSecilir

2021-11-18 12:10:49 - [TEST_STEP][PASSED] - waitForElementClickable(findTestObject("Object Repository/Olusturma/Genel/OnEkSecilir/OnEk"), 10): Object 'Object Repository/Olusturma/Genel/OnEkSecilir/OnEk' is clickable

2021-11-18 12:10:49 - [MESSAGE][INFO] - Finding Test Object 'Object Repository/Olusturma/Genel/OnEkSecilir/OnEk'

2021-11-18 12:10:49 - [MESSAGE][INFO] - Checking object

2021-11-18 12:10:49 - [MESSAGE][INFO] - Checking timeout

2021-11-18 12:10:49 - [MESSAGE][INFO] - Finding web element from Test Object's properties

2021-11-18 12:10:49 - [MESSAGE][INFO] - Checking timeout

2021-11-18 12:10:49 - [MESSAGE][INFO] - Finding web element with id: 'Object Repository/Olusturma/Genel/OnEkSecilir/OnEk' located by 'By.xpath: //*[@id = 'InvoicePrefix_I']' in '10' second(s)

2021-11-18 12:10:49 - [MESSAGE][INFO] - Smart Wait Function is triggered

2021-11-18 12:10:50 - [MESSAGE][INFO] - Found 1 web elements with id: 'Object Repository/Olusturma/Genel/OnEkSecilir/OnEk' located by 'By.xpath: //*[@id = 'InvoicePrefix_I']' in '10' second(s)

2021-11-18 12:10:50 - [MESSAGE][PASSED] - Object 'Object Repository/Olusturma/Genel/OnEkSecilir/OnEk' is clickable

2021-11-18 12:10:50 - [TEST_STEP][PASSED] - click(findTestObject("Object Repository/Olusturma/Genel/OnEkSecilir/OnEk")): Object: 'Object Repository/Olusturma/Genel/OnEkSecilir/OnEk' is clicked on

2021-11-18 12:10:50 - [MESSAGE][INFO] - Finding Test Object 'Object Repository/Olusturma/Genel/OnEkSecilir/OnEk'

2021-11-18 12:10:50 - [MESSAGE][INFO] - Checking object

2021-11-18 12:10:50 - [MESSAGE][INFO] - Finding web element from Test Object's properties

2021-11-18 12:10:50 - [MESSAGE][INFO] - Checking timeout

2021-11-18 12:10:50 - [MESSAGE][INFO] - Finding web element with id: 'Object Repository/Olusturma/Genel/OnEkSecilir/OnEk' located by 'By.xpath: //*[@id = 'InvoicePrefix_I']' in '30' second(s)

2021-11-18 12:10:50 - [MESSAGE][INFO] - Smart Wait Function is triggered

2021-11-18 12:10:50 - [MESSAGE][INFO] - Found 1 web elements with id: 'Object Repository/Olusturma/Genel/OnEkSecilir/OnEk' located by 'By.xpath: //*[@id = 'InvoicePrefix_I']' in '30' second(s)

2021-11-18 12:10:50 - [MESSAGE][INFO] - Clicking on object: 'Object Repository/Olusturma/Genel/OnEkSecilir/OnEk'

2021-11-18 12:10:50 - [MESSAGE][PASSED] - Object: 'Object Repository/Olusturma/Genel/OnEkSecilir/OnEk' is clicked on

2021-11-18 12:10:50 - [TEST_STEP][PASSED] - Method.TextDegerineEsitElementeTiklaEquals(findTestObject("Object Repository/Olusturma/Genel/OnEkSecilir/OnEkAdi"), Ek): Method.TextDegerineEsitElementeTiklaEquals is PASSED

2021-11-18 12:10:50 - [MESSAGE][INFO] - Finding Test Object 'Object Repository/Olusturma/Genel/OnEkSecilir/OnEkAdi'

2021-11-18 12:10:50 - [MESSAGE][INFO] - Checking timeout

2021-11-18 12:10:50 - [MESSAGE][INFO] - Finding web element with id: 'Object Repository/Olusturma/Genel/OnEkSecilir/OnEkAdi' located by 'By.cssSelector: #InvoicePrefix_DDD_L_LBT td' in '10' second(s)

2021-11-18 12:10:50 - [MESSAGE][INFO] - Smart Wait Function is triggered

2021-11-18 12:10:51 - [MESSAGE][INFO] - Found 1 web elements with id: 'Object Repository/Olusturma/Genel/OnEkSecilir/OnEkAdi' located by 'By.cssSelector: #InvoicePrefix_DDD_L_LBT td' in '10' second(s)

2021-11-18 12:10:51 - [MESSAGE][PASSED] - Method.TextDegerineEsitElementeTiklaEquals is PASSED

2021-11-18 12:10:51 - [MESSAGE][PASSED] - Call Test Case 'Test Cases/Olusturma/Genel/OnEkSecilir' successfully

2021-11-18 12:10:51 - [MESSAGE][INFO] - Checking called Test Case

2021-11-18 12:10:51 - [MESSAGE][INFO] - Starting to call Test Case 'Test Cases/Olusturma/Genel/GonderimSekliSecilir'

2021-11-18 12:10:51 - [TEST_CASE][PASSED] - Test Cases/Olusturma/Genel/GonderimSekliSecilir: Test Cases/Olusturma/Genel/GonderimSekliSecilir

2021-11-18 12:10:51 - [TEST_STEP][PASSED] - waitForElementClickable(findTestObject("Object Repository/Olusturma/Genel/GonderimSekli/GonderimSekli"), 10): Object 'Object Repository/Olusturma/Genel/GonderimSekli/GonderimSekli' is clickable

2021-11-18 12:10:51 - [MESSAGE][INFO] - Finding Test Object 'Object Repository/Olusturma/Genel/GonderimSekli/GonderimSekli'

2021-11-18 12:10:51 - [MESSAGE][INFO] - Checking object

2021-11-18 12:10:51 - [MESSAGE][INFO] - Checking timeout

2021-11-18 12:10:51 - [MESSAGE][INFO] - Finding web element from Test Object's properties

2021-11-18 12:10:51 - [MESSAGE][INFO] - Checking timeout

2021-11-18 12:10:51 - [MESSAGE][INFO] - Finding web element with id: 'Object Repository/Olusturma/Genel/GonderimSekli/GonderimSekli' located by 'By.xpath: //*[@id = 'txtGonderimSekil_I']' in '10' second(s)

2021-11-18 12:10:51 - [MESSAGE][INFO] - Smart Wait Function is triggered

2021-11-18 12:10:51 - [MESSAGE][INFO] - Found 1 web elements with id: 'Object Repository/Olusturma/Genel/GonderimSekli/GonderimSekli' located by 'By.xpath: //*[@id = 'txtGonderimSekil_I']' in '10' second(s)

2021-11-18 12:10:51 - [MESSAGE][PASSED] - Object 'Object Repository/Olusturma/Genel/GonderimSekli/GonderimSekli' is clickable

2021-11-18 12:10:51 - [TEST_STEP][PASSED] - click(findTestObject("Object Repository/Olusturma/Genel/GonderimSekli/GonderimSekli")): Object: 'Object Repository/Olusturma/Genel/GonderimSekli/GonderimSekli' is clicked on

2021-11-18 12:10:51 - [MESSAGE][INFO] - Finding Test Object 'Object Repository/Olusturma/Genel/GonderimSekli/GonderimSekli'

2021-11-18 12:10:51 - [MESSAGE][INFO] - Checking object

2021-11-18 12:10:51 - [MESSAGE][INFO] - Finding web element from Test Object's properties

2021-11-18 12:10:51 - [MESSAGE][INFO] - Checking timeout

2021-11-18 12:10:51 - [MESSAGE][INFO] - Finding web element with id: 'Object Repository/Olusturma/Genel/GonderimSekli/GonderimSekli' located by 'By.xpath: //*[@id = 'txtGonderimSekil_I']' in '30' second(s)

2021-11-18 12:10:51 - [MESSAGE][INFO] - Smart Wait Function is triggered

2021-11-18 12:10:51 - [MESSAGE][INFO] - Found 1 web elements with id: 'Object Repository/Olusturma/Genel/GonderimSekli/GonderimSekli' located by 'By.xpath: //*[@id = 'txtGonderimSekil_I']' in '30' second(s)

2021-11-18 12:10:51 - [MESSAGE][INFO] - Clicking on object: 'Object Repository/Olusturma/Genel/GonderimSekli/GonderimSekli'

2021-11-18 12:10:51 - [MESSAGE][PASSED] - Object: 'Object Repository/Olusturma/Genel/GonderimSekli/GonderimSekli' is clicked on

2021-11-18 12:10:51 - [TEST_STEP][PASSED] - Method.TextDegerineEsitElementeTikla(findTestObject("Object Repository/Olusturma/Genel/GonderimSekli/GonderimSekliAdi"), GonderimSekli): Method.TextDegerineEsitElementeTikla is PASSED

2021-11-18 12:10:51 - [MESSAGE][INFO] - Finding Test Object 'Object Repository/Olusturma/Genel/GonderimSekli/GonderimSekliAdi'

2021-11-18 12:10:51 - [MESSAGE][INFO] - Checking timeout

2021-11-18 12:10:51 - [MESSAGE][INFO] - Finding web element with id: 'Object Repository/Olusturma/Genel/GonderimSekli/GonderimSekliAdi' located by 'By.cssSelector: #txtGonderimSekil_DDD_L_LBT td' in '10' second(s)

2021-11-18 12:10:51 - [MESSAGE][INFO] - Smart Wait Function is triggered

2021-11-18 12:10:52 - [MESSAGE][INFO] - Found 2 web elements with id: 'Object Repository/Olusturma/Genel/GonderimSekli/GonderimSekliAdi' located by 'By.cssSelector: #txtGonderimSekil_DDD_L_LBT td' in '10' second(s)

2021-11-18 12:10:52 - [MESSAGE][PASSED] - Method.TextDegerineEsitElementeTikla is PASSED

2021-11-18 12:10:52 - [MESSAGE][PASSED] - Call Test Case 'Test Cases/Olusturma/Genel/GonderimSekliSecilir' successfully

2021-11-18 12:10:52 - [MESSAGE][INFO] - Checking called Test Case

2021-11-18 12:10:52 - [MESSAGE][INFO] - Starting to call Test Case 'Test Cases/Olusturma/Genel/TipSecilir'

2021-11-18 12:10:52 - [TEST_CASE][PASSED] - Test Cases/Olusturma/Genel/TipSecilir: Test Cases/Olusturma/Genel/TipSecilir

2021-11-18 12:10:52 - [TEST_STEP][PASSED] - waitForElementClickable(findTestObject("Olusturma/Genel/TipSecilir/Tip"), 10): Object 'Object Repository/Olusturma/Genel/TipSecilir/Tip' is clickable

2021-11-18 12:10:52 - [MESSAGE][INFO] - Finding Test Object 'Object Repository/Olusturma/Genel/TipSecilir/Tip'

2021-11-18 12:10:52 - [MESSAGE][INFO] - Checking object

2021-11-18 12:10:52 - [MESSAGE][INFO] - Checking timeout

2021-11-18 12:10:52 - [MESSAGE][INFO] - Finding web element from Test Object's properties

2021-11-18 12:10:52 - [MESSAGE][INFO] - Checking timeout

2021-11-18 12:10:52 - [MESSAGE][INFO] - Finding web element with id: 'Object Repository/Olusturma/Genel/TipSecilir/Tip' located by 'By.xpath: //*[@id = 'DocumentTypeCode_I']' in '10' second(s)

2021-11-18 12:10:52 - [MESSAGE][INFO] - Smart Wait Function is triggered

2021-11-18 12:10:52 - [MESSAGE][INFO] - Found 1 web elements with id: 'Object Repository/Olusturma/Genel/TipSecilir/Tip' located by 'By.xpath: //*[@id = 'DocumentTypeCode_I']' in '10' second(s)

2021-11-18 12:10:52 - [MESSAGE][PASSED] - Object 'Object Repository/Olusturma/Genel/TipSecilir/Tip' is clickable

2021-11-18 12:10:52 - [TEST_STEP][PASSED] - click(findTestObject("Olusturma/Genel/TipSecilir/Tip")): Object: 'Object Repository/Olusturma/Genel/TipSecilir/Tip' is clicked on

2021-11-18 12:10:52 - [MESSAGE][INFO] - Finding Test Object 'Object Repository/Olusturma/Genel/TipSecilir/Tip'

2021-11-18 12:10:52 - [MESSAGE][INFO] - Checking object

2021-11-18 12:10:52 - [MESSAGE][INFO] - Finding web element from Test Object's properties

2021-11-18 12:10:52 - [MESSAGE][INFO] - Checking timeout

2021-11-18 12:10:52 - [MESSAGE][INFO] - Finding web element with id: 'Object Repository/Olusturma/Genel/TipSecilir/Tip' located by 'By.xpath: //*[@id = 'DocumentTypeCode_I']' in '30' second(s)

2021-11-18 12:10:52 - [MESSAGE][INFO] - Smart Wait Function is triggered

2021-11-18 12:10:53 - [MESSAGE][INFO] - Found 1 web elements with id: 'Object Repository/Olusturma/Genel/TipSecilir/Tip' located by 'By.xpath: //*[@id = 'DocumentTypeCode_I']' in '30' second(s)

2021-11-18 12:10:53 - [MESSAGE][INFO] - Clicking on object: 'Object Repository/Olusturma/Genel/TipSecilir/Tip'

2021-11-18 12:10:53 - [MESSAGE][PASSED] - Object: 'Object Repository/Olusturma/Genel/TipSecilir/Tip' is clicked on

2021-11-18 12:10:53 - [TEST_STEP][PASSED] - Method.TextDegerineEsitElementeTikla(findTestObject("Object Repository/Olusturma/Genel/TipSecilir/Tip_Adi"), Tip): Method.TextDegerineEsitElementeTikla is PASSED

2021-11-18 12:10:53 - [MESSAGE][INFO] - Finding Test Object 'Object Repository/Olusturma/Genel/TipSecilir/Tip_Adi'

2021-11-18 12:10:53 - [MESSAGE][INFO] - Checking timeout

2021-11-18 12:10:53 - [MESSAGE][INFO] - Finding web element with id: 'Object Repository/Olusturma/Genel/TipSecilir/Tip_Adi' located by 'By.cssSelector: #DocumentTypeCode_DDD_L_LBT td' in '10' second(s)

2021-11-18 12:10:53 - [MESSAGE][INFO] - Smart Wait Function is triggered

2021-11-18 12:10:53 - [MESSAGE][INFO] - Found 7 web elements with id: 'Object Repository/Olusturma/Genel/TipSecilir/Tip_Adi' located by 'By.cssSelector: #DocumentTypeCode_DDD_L_LBT td' in '10' second(s)

2021-11-18 12:10:53 - [MESSAGE][PASSED] - Method.TextDegerineEsitElementeTikla is PASSED

2021-11-18 12:10:53 - [MESSAGE][PASSED] - Call Test Case 'Test Cases/Olusturma/Genel/TipSecilir' successfully

2021-11-18 12:10:53 - [MESSAGE][INFO] - Checking called Test Case

2021-11-18 12:10:53 - [MESSAGE][INFO] - Starting to call Test Case 'Test Cases/Olusturma/Genel/DokumanParaBirimiSecilir'

2021-11-18 12:10:53 - [TEST_CASE][PASSED] - Test Cases/Olusturma/Genel/DokumanParaBirimiSecilir: Test Cases/Olusturma/Genel/DokumanParaBirimiSecilir

2021-11-18 12:10:53 - [TEST_STEP][PASSED] - waitForElementClickable(findTestObject("Object Repository/Olusturma/Genel/DokumanParaBirimiSecilir/Para"), 10): Object 'Object Repository/Olusturma/Genel/DokumanParaBirimiSecilir/Para' is clickable

2021-11-18 12:10:53 - [MESSAGE][INFO] - Finding Test Object 'Object Repository/Olusturma/Genel/DokumanParaBirimiSecilir/Para'

2021-11-18 12:10:53 - [MESSAGE][INFO] - Checking object

2021-11-18 12:10:53 - [MESSAGE][INFO] - Checking timeout

2021-11-18 12:10:53 - [MESSAGE][INFO] - Finding web element from Test Object's properties

2021-11-18 12:10:53 - [MESSAGE][INFO] - Checking timeout

2021-11-18 12:10:53 - [MESSAGE][INFO] - Finding web element with id: 'Object Repository/Olusturma/Genel/DokumanParaBirimiSecilir/Para' located by 'By.xpath: //*[@id = 'CurrencyUnit_I']' in '10' second(s)

2021-11-18 12:10:53 - [MESSAGE][INFO] - Smart Wait Function is triggered

2021-11-18 12:10:54 - [MESSAGE][INFO] - Found 1 web elements with id: 'Object Repository/Olusturma/Genel/DokumanParaBirimiSecilir/Para' located by 'By.xpath: //*[@id = 'CurrencyUnit_I']' in '10' second(s)

2021-11-18 12:10:54 - [MESSAGE][PASSED] - Object 'Object Repository/Olusturma/Genel/DokumanParaBirimiSecilir/Para' is clickable

2021-11-18 12:10:54 - [TEST_STEP][PASSED] - click(findTestObject("Object Repository/Olusturma/Genel/DokumanParaBirimiSecilir/Para")): Object: 'Object Repository/Olusturma/Genel/DokumanParaBirimiSecilir/Para' is clicked on

2021-11-18 12:10:54 - [MESSAGE][INFO] - Finding Test Object 'Object Repository/Olusturma/Genel/DokumanParaBirimiSecilir/Para'

2021-11-18 12:10:54 - [MESSAGE][INFO] - Checking object

2021-11-18 12:10:54 - [MESSAGE][INFO] - Finding web element from Test Object's properties

2021-11-18 12:10:54 - [MESSAGE][INFO] - Checking timeout

2021-11-18 12:10:54 - [MESSAGE][INFO] - Finding web element with id: 'Object Repository/Olusturma/Genel/DokumanParaBirimiSecilir/Para' located by 'By.xpath: //*[@id = 'CurrencyUnit_I']' in '30' second(s)

2021-11-18 12:10:54 - [MESSAGE][INFO] - Smart Wait Function is triggered

2021-11-18 12:10:54 - [MESSAGE][INFO] - Found 1 web elements with id: 'Object Repository/Olusturma/Genel/DokumanParaBirimiSecilir/Para' located by 'By.xpath: //*[@id = 'CurrencyUnit_I']' in '30' second(s)

2021-11-18 12:10:54 - [MESSAGE][INFO] - Clicking on object: 'Object Repository/Olusturma/Genel/DokumanParaBirimiSecilir/Para'

2021-11-18 12:10:54 - [MESSAGE][PASSED] - Object: 'Object Repository/Olusturma/Genel/DokumanParaBirimiSecilir/Para' is clicked on

2021-11-18 12:10:54 - [TEST_STEP][PASSED] - Method.TextDegerineEsitElementeTikla(findTestObject("Object Repository/Olusturma/Genel/DokumanParaBirimiSecilir/Para_Adi"), Para): Method.TextDegerineEsitElementeTikla is PASSED

2021-11-18 12:10:54 - [MESSAGE][INFO] - Finding Test Object 'Object Repository/Olusturma/Genel/DokumanParaBirimiSecilir/Para_Adi'

2021-11-18 12:10:54 - [MESSAGE][INFO] - Checking timeout

2021-11-18 12:10:54 - [MESSAGE][INFO] - Finding web element with id: 'Object Repository/Olusturma/Genel/DokumanParaBirimiSecilir/Para_Adi' located by 'By.cssSelector: #CurrencyUnit_DDD_L_LBT td' in '10' second(s)

2021-11-18 12:10:54 - [MESSAGE][INFO] - Smart Wait Function is triggered

2021-11-18 12:10:54 - [MESSAGE][INFO] - Found 203 web elements with id: 'Object Repository/Olusturma/Genel/DokumanParaBirimiSecilir/Para_Adi' located by 'By.cssSelector: #CurrencyUnit_DDD_L_LBT td' in '10' second(s)

2021-11-18 12:10:59 - [MESSAGE][PASSED] - Method.TextDegerineEsitElementeTikla is PASSED

2021-11-18 12:10:59 - [MESSAGE][PASSED] - Call Test Case 'Test Cases/Olusturma/Genel/DokumanParaBirimiSecilir' successfully

2021-11-18 12:10:59 - [MESSAGE][INFO] - Checking called Test Case

2021-11-18 12:10:59 - [MESSAGE][INFO] - Starting to call Test Case 'Test Cases/Olusturma/Genel/TasarimSecilir'

2021-11-18 12:10:59 - [TEST_CASE][PASSED] - Test Cases/Olusturma/Genel/TasarimSecilir: Test Cases/Olusturma/Genel/TasarimSecilir

2021-11-18 12:10:59 - [TEST_STEP][PASSED] - waitForElementClickable(findTestObject("Object Repository/Olusturma/Genel/TasarimSecilir/Tasarim"), 10): Object 'Object Repository/Olusturma/Genel/TasarimSecilir/Tasarim' is clickable

2021-11-18 12:10:59 - [MESSAGE][INFO] - Finding Test Object 'Object Repository/Olusturma/Genel/TasarimSecilir/Tasarim'

2021-11-18 12:10:59 - [MESSAGE][INFO] - Checking object

2021-11-18 12:10:59 - [MESSAGE][INFO] - Checking timeout

2021-11-18 12:10:59 - [MESSAGE][INFO] - Finding web element from Test Object's properties

2021-11-18 12:10:59 - [MESSAGE][INFO] - Checking timeout

2021-11-18 12:10:59 - [MESSAGE][INFO] - Finding web element with id: 'Object Repository/Olusturma/Genel/TasarimSecilir/Tasarim' located by 'By.xpath: //*[@id = 'DesignId_I']' in '10' second(s)

2021-11-18 12:10:59 - [MESSAGE][INFO] - Smart Wait Function is triggered

2021-11-18 12:10:59 - [MESSAGE][INFO] - Found 1 web elements with id: 'Object Repository/Olusturma/Genel/TasarimSecilir/Tasarim' located by 'By.xpath: //*[@id = 'DesignId_I']' in '10' second(s)

2021-11-18 12:10:59 - [MESSAGE][PASSED] - Object 'Object Repository/Olusturma/Genel/TasarimSecilir/Tasarim' is clickable

2021-11-18 12:10:59 - [TEST_STEP][PASSED] - click(findTestObject("Object Repository/Olusturma/Genel/TasarimSecilir/Tasarim")): Object: 'Object Repository/Olusturma/Genel/TasarimSecilir/Tasarim' is clicked on

2021-11-18 12:10:59 - [MESSAGE][INFO] - Finding Test Object 'Object Repository/Olusturma/Genel/TasarimSecilir/Tasarim'

2021-11-18 12:10:59 - [MESSAGE][INFO] - Checking object

2021-11-18 12:10:59 - [MESSAGE][INFO] - Finding web element from Test Object's properties

2021-11-18 12:10:59 - [MESSAGE][INFO] - Checking timeout

2021-11-18 12:10:59 - [MESSAGE][INFO] - Finding web element with id: 'Object Repository/Olusturma/Genel/TasarimSecilir/Tasarim' located by 'By.xpath: //*[@id = 'DesignId_I']' in '30' second(s)

2021-11-18 12:10:59 - [MESSAGE][INFO] - Smart Wait Function is triggered

2021-11-18 12:11:00 - [MESSAGE][INFO] - Found 1 web elements with id: 'Object Repository/Olusturma/Genel/TasarimSecilir/Tasarim' located by 'By.xpath: //*[@id = 'DesignId_I']' in '30' second(s)

2021-11-18 12:11:00 - [MESSAGE][INFO] - Clicking on object: 'Object Repository/Olusturma/Genel/TasarimSecilir/Tasarim'

2021-11-18 12:11:00 - [MESSAGE][PASSED] - Object: 'Object Repository/Olusturma/Genel/TasarimSecilir/Tasarim' is clicked on

2021-11-18 12:11:00 - [TEST_STEP][PASSED] - Method.TextDegerineEsitElementeTikla(findTestObject("Object Repository/Olusturma/Genel/TasarimSecilir/Tasarim_Adi"), Tasarim): Method.TextDegerineEsitElementeTikla is PASSED

2021-11-18 12:11:00 - [MESSAGE][INFO] - Finding Test Object 'Object Repository/Olusturma/Genel/TasarimSecilir/Tasarim_Adi'

2021-11-18 12:11:00 - [MESSAGE][INFO] - Checking timeout

2021-11-18 12:11:00 - [MESSAGE][INFO] - Finding web element with id: 'Object Repository/Olusturma/Genel/TasarimSecilir/Tasarim_Adi' located by 'By.cssSelector: #DesignId_DDD_L_LBT td' in '10' second(s)

2021-11-18 12:11:00 - [MESSAGE][INFO] - Smart Wait Function is triggered

2021-11-18 12:11:00 - [MESSAGE][INFO] - Found 5 web elements with id: 'Object Repository/Olusturma/Genel/TasarimSecilir/Tasarim_Adi' located by 'By.cssSelector: #DesignId_DDD_L_LBT td' in '10' second(s)

2021-11-18 12:11:00 - [MESSAGE][PASSED] - Method.TextDegerineEsitElementeTikla is PASSED

2021-11-18 12:11:00 - [MESSAGE][PASSED] - Call Test Case 'Test Cases/Olusturma/Genel/TasarimSecilir' successfully

2021-11-18 12:11:00 - [MESSAGE][INFO] - Checking called Test Case

2021-11-18 12:11:00 - [MESSAGE][INFO] - Starting to call Test Case 'Test Cases/Olusturma/Genel/Kutular/SiparisBilgileriGirilir'

2021-11-18 12:11:00 - [TEST_CASE][PASSED] - Test Cases/Olusturma/Genel/Kutular/SiparisBilgileriGirilir: Test Cases/Olusturma/Genel/Kutular/SiparisBilgileriGirilir

2021-11-18 12:11:00 - [TEST_STEP][PASSED] - Method.TextDegerineEsitElementeTikla(findTestObject("Olusturma/Genel/Kutular/KapaliKutular"), "Sipariş Bilgileri"): Method.TextDegerineEsitElementeTikla is PASSED

2021-11-18 12:11:00 - [MESSAGE][INFO] - Finding Test Object 'Object Repository/Olusturma/Genel/Kutular/KapaliKutular'

2021-11-18 12:11:01 - [MESSAGE][INFO] - Checking timeout

2021-11-18 12:11:01 - [MESSAGE][INFO] - Finding web element with id: 'Object Repository/Olusturma/Genel/Kutular/KapaliKutular' located by 'By.cssSelector: .dxnb-headerCollapsed>span' in '10' second(s)

2021-11-18 12:11:01 - [MESSAGE][INFO] - Smart Wait Function is triggered

2021-11-18 12:11:01 - [MESSAGE][INFO] - Found 9 web elements with id: 'Object Repository/Olusturma/Genel/Kutular/KapaliKutular' located by 'By.cssSelector: .dxnb-headerCollapsed>span' in '10' second(s)

2021-11-18 12:11:01 - [MESSAGE][PASSED] - Method.TextDegerineEsitElementeTikla is PASSED

2021-11-18 12:11:01 - [TEST_STEP][PASSED] - waitForElementPresent(findTestObject("Object Repository/Olusturma/Genel/Kutular/SiparisBilgileri/SiparisNo"), 10): Object 'Object Repository/Olusturma/Genel/Kutular/SiparisBilgileri/SiparisNo' is present

2021-11-18 12:11:01 - [MESSAGE][INFO] - Finding Test Object 'Object Repository/Olusturma/Genel/Kutular/SiparisBilgileri/SiparisNo'

2021-11-18 12:11:01 - [MESSAGE][INFO] - Checking object

2021-11-18 12:11:01 - [MESSAGE][INFO] - Finding web element from Test Object's properties

2021-11-18 12:11:01 - [MESSAGE][INFO] - Checking timeout

2021-11-18 12:11:01 - [MESSAGE][INFO] - Finding web element with id: 'Object Repository/Olusturma/Genel/Kutular/SiparisBilgileri/SiparisNo' located by 'By.xpath: //*[@id = 'txtSiparisNo_I']' in '10' second(s)

2021-11-18 12:11:01 - [MESSAGE][INFO] - Smart Wait Function is triggered

2021-11-18 12:11:01 - [MESSAGE][INFO] - Found 1 web elements with id: 'Object Repository/Olusturma/Genel/Kutular/SiparisBilgileri/SiparisNo' located by 'By.xpath: //*[@id = 'txtSiparisNo_I']' in '10' second(s)

2021-11-18 12:11:01 - [MESSAGE][PASSED] - Object 'Object Repository/Olusturma/Genel/Kutular/SiparisBilgileri/SiparisNo' is present

2021-11-18 12:11:01 - [TEST_STEP][PASSED] - clearText(findTestObject("Object Repository/Olusturma/Genel/Kutular/SiparisBilgileri/SiparisNo")): Text of object 'Object Repository/Olusturma/Genel/Kutular/SiparisBilgileri/SiparisNo' is cleared

2021-11-18 12:11:01 - [MESSAGE][INFO] - Finding Test Object 'Object Repository/Olusturma/Genel/Kutular/SiparisBilgileri/SiparisNo'

2021-11-18 12:11:01 - [MESSAGE][INFO] - Checking object

2021-11-18 12:11:01 - [MESSAGE][INFO] - Finding web element from Test Object's properties

2021-11-18 12:11:01 - [MESSAGE][INFO] - Checking timeout

2021-11-18 12:11:01 - [MESSAGE][INFO] - Finding web element with id: 'Object Repository/Olusturma/Genel/Kutular/SiparisBilgileri/SiparisNo' located by 'By.xpath: //*[@id = 'txtSiparisNo_I']' in '30' second(s)

2021-11-18 12:11:01 - [MESSAGE][INFO] - Smart Wait Function is triggered

2021-11-18 12:11:02 - [MESSAGE][INFO] - Found 1 web elements with id: 'Object Repository/Olusturma/Genel/Kutular/SiparisBilgileri/SiparisNo' located by 'By.xpath: //*[@id = 'txtSiparisNo_I']' in '30' second(s)

2021-11-18 12:11:02 - [MESSAGE][INFO] - Clearing text of object 'Object Repository/Olusturma/Genel/Kutular/SiparisBilgileri/SiparisNo'

2021-11-18 12:11:02 - [MESSAGE][PASSED] - Text of object 'Object Repository/Olusturma/Genel/Kutular/SiparisBilgileri/SiparisNo' is cleared

2021-11-18 12:11:02 - [TEST_STEP][PASSED] - sendKeys(findTestObject("Object Repository/Olusturma/Genel/Kutular/SiparisBilgileri/SiparisNo"), SiparisNo): Keys 'UUC-SAT-1200001' sent to object: 'Object Repository/Olusturma/Genel/Kutular/SiparisBilgileri/SiparisNo'

2021-11-18 12:11:02 - [MESSAGE][INFO] - Finding Test Object 'Object Repository/Olusturma/Genel/Kutular/SiparisBilgileri/SiparisNo'

2021-11-18 12:11:02 - [MESSAGE][INFO] - Sending keys 'UUC-SAT-1200001' to object: 'Object Repository/Olusturma/Genel/Kutular/SiparisBilgileri/SiparisNo'

2021-11-18 12:11:02 - [MESSAGE][INFO] - Finding web element from Test Object's properties

2021-11-18 12:11:02 - [MESSAGE][INFO] - Checking timeout

2021-11-18 12:11:02 - [MESSAGE][INFO] - Finding web element with id: 'Object Repository/Olusturma/Genel/Kutular/SiparisBilgileri/SiparisNo' located by 'By.xpath: //*[@id = 'txtSiparisNo_I']' in '30' second(s)

2021-11-18 12:11:02 - [MESSAGE][INFO] - Smart Wait Function is triggered

2021-11-18 12:11:02 - [MESSAGE][INFO] - Found 1 web elements with id: 'Object Repository/Olusturma/Genel/Kutular/SiparisBilgileri/SiparisNo' located by 'By.xpath: //*[@id = 'txtSiparisNo_I']' in '30' second(s)

2021-11-18 12:11:02 - [MESSAGE][PASSED] - Keys 'UUC-SAT-1200001' sent to object: 'Object Repository/Olusturma/Genel/Kutular/SiparisBilgileri/SiparisNo'

2021-11-18 12:11:02 - [TEST_STEP][PASSED] - waitForElementClickable(findTestObject("Object Repository/Olusturma/Genel/Kutular/SiparisBilgileri/SiparisTarihiImage"), 10): Object 'Object Repository/Olusturma/Genel/Kutular/SiparisBilgileri/SiparisTarihiImage' is clickable

2021-11-18 12:11:02 - [MESSAGE][INFO] - Finding Test Object 'Object Repository/Olusturma/Genel/Kutular/SiparisBilgileri/SiparisTarihiImage'

2021-11-18 12:11:02 - [MESSAGE][INFO] - Checking object

2021-11-18 12:11:02 - [MESSAGE][INFO] - Checking timeout

2021-11-18 12:11:02 - [MESSAGE][INFO] - Finding web element from Test Object's properties

2021-11-18 12:11:02 - [MESSAGE][INFO] - Checking timeout

2021-11-18 12:11:02 - [MESSAGE][INFO] - Finding web element with id: 'Object Repository/Olusturma/Genel/Kutular/SiparisBilgileri/SiparisTarihiImage' located by 'By.cssSelector: #dateSiparisTarih img' in '10' second(s)

2021-11-18 12:11:02 - [MESSAGE][INFO] - Smart Wait Function is triggered

2021-11-18 12:11:03 - [MESSAGE][INFO] - Found 1 web elements with id: 'Object Repository/Olusturma/Genel/Kutular/SiparisBilgileri/SiparisTarihiImage' located by 'By.cssSelector: #dateSiparisTarih img' in '10' second(s)

2021-11-18 12:11:03 - [MESSAGE][PASSED] - Object 'Object Repository/Olusturma/Genel/Kutular/SiparisBilgileri/SiparisTarihiImage' is clickable

2021-11-18 12:11:03 - [TEST_STEP][PASSED] - click(findTestObject("Object Repository/Olusturma/Genel/Kutular/SiparisBilgileri/SiparisTarihiImage")): Object: 'Object Repository/Olusturma/Genel/Kutular/SiparisBilgileri/SiparisTarihiImage' is clicked on

2021-11-18 12:11:03 - [MESSAGE][INFO] - Finding Test Object 'Object Repository/Olusturma/Genel/Kutular/SiparisBilgileri/SiparisTarihiImage'

2021-11-18 12:11:03 - [MESSAGE][INFO] - Checking object

2021-11-18 12:11:03 - [MESSAGE][INFO] - Finding web element from Test Object's properties

2021-11-18 12:11:03 - [MESSAGE][INFO] - Checking timeout

2021-11-18 12:11:03 - [MESSAGE][INFO] - Finding web element with id: 'Object Repository/Olusturma/Genel/Kutular/SiparisBilgileri/SiparisTarihiImage' located by 'By.cssSelector: #dateSiparisTarih img' in '30' second(s)

2021-11-18 12:11:03 - [MESSAGE][INFO] - Smart Wait Function is triggered

2021-11-18 12:11:03 - [MESSAGE][INFO] - Found 1 web elements with id: 'Object Repository/Olusturma/Genel/Kutular/SiparisBilgileri/SiparisTarihiImage' located by 'By.cssSelector: #dateSiparisTarih img' in '30' second(s)

2021-11-18 12:11:03 - [MESSAGE][INFO] - Clicking on object: 'Object Repository/Olusturma/Genel/Kutular/SiparisBilgileri/SiparisTarihiImage'

2021-11-18 12:11:03 - [MESSAGE][PASSED] - Object: 'Object Repository/Olusturma/Genel/Kutular/SiparisBilgileri/SiparisTarihiImage' is clicked on

2021-11-18 12:11:03 - [TEST_STEP][PASSED] - waitForElementPresent(findTestObject("Object Repository/Olusturma/Genel/Kutular/SiparisBilgileri/SiparisTarihi"), 10): Object 'Object Repository/Olusturma/Genel/Kutular/SiparisBilgileri/SiparisTarihi' is present

2021-11-18 12:11:03 - [MESSAGE][INFO] - Finding Test Object 'Object Repository/Olusturma/Genel/Kutular/SiparisBilgileri/SiparisTarihi'

2021-11-18 12:11:03 - [MESSAGE][INFO] - Checking object

2021-11-18 12:11:03 - [MESSAGE][INFO] - Finding web element from Test Object's properties

2021-11-18 12:11:03 - [MESSAGE][INFO] - Checking timeout

2021-11-18 12:11:03 - [MESSAGE][INFO] - Finding web element with id: 'Object Repository/Olusturma/Genel/Kutular/SiparisBilgileri/SiparisTarihi' located by 'By.xpath: //*[@id = 'dateSiparisTarih_I']' in '10' second(s)

2021-11-18 12:11:03 - [MESSAGE][INFO] - Smart Wait Function is triggered

2021-11-18 12:11:04 - [MESSAGE][INFO] - Found 1 web elements with id: 'Object Repository/Olusturma/Genel/Kutular/SiparisBilgileri/SiparisTarihi' located by 'By.xpath: //*[@id = 'dateSiparisTarih_I']' in '10' second(s)

2021-11-18 12:11:04 - [MESSAGE][PASSED] - Object 'Object Repository/Olusturma/Genel/Kutular/SiparisBilgileri/SiparisTarihi' is present

2021-11-18 12:11:04 - [TEST_STEP][PASSED] - clearText(findTestObject("Object Repository/Olusturma/Genel/Kutular/SiparisBilgileri/SiparisTarihi")): Text of object 'Object Repository/Olusturma/Genel/Kutular/SiparisBilgileri/SiparisTarihi' is cleared

2021-11-18 12:11:04 - [MESSAGE][INFO] - Finding Test Object 'Object Repository/Olusturma/Genel/Kutular/SiparisBilgileri/SiparisTarihi'

2021-11-18 12:11:04 - [MESSAGE][INFO] - Checking object

2021-11-18 12:11:04 - [MESSAGE][INFO] - Finding web element from Test Object's properties

2021-11-18 12:11:04 - [MESSAGE][INFO] - Checking timeout

2021-11-18 12:11:04 - [MESSAGE][INFO] - Finding web element with id: 'Object Repository/Olusturma/Genel/Kutular/SiparisBilgileri/SiparisTarihi' located by 'By.xpath: //*[@id = 'dateSiparisTarih_I']' in '30' second(s)

2021-11-18 12:11:04 - [MESSAGE][INFO] - Smart Wait Function is triggered

2021-11-18 12:11:04 - [MESSAGE][INFO] - Found 1 web elements with id: 'Object Repository/Olusturma/Genel/Kutular/SiparisBilgileri/SiparisTarihi' located by 'By.xpath: //*[@id = 'dateSiparisTarih_I']' in '30' second(s)

2021-11-18 12:11:04 - [MESSAGE][INFO] - Clearing text of object 'Object Repository/Olusturma/Genel/Kutular/SiparisBilgileri/SiparisTarihi'

2021-11-18 12:11:04 - [MESSAGE][PASSED] - Text of object 'Object Repository/Olusturma/Genel/Kutular/SiparisBilgileri/SiparisTarihi' is cleared

2021-11-18 12:11:04 - [TEST_STEP][PASSED] - sendKeys(findTestObject("Object Repository/Olusturma/Genel/Kutular/SiparisBilgileri/SiparisTarihi"), Tarih): Keys '31.06.2021' sent to object: 'Object Repository/Olusturma/Genel/Kutular/SiparisBilgileri/SiparisTarihi'

2021-11-18 12:11:04 - [MESSAGE][INFO] - Finding Test Object 'Object Repository/Olusturma/Genel/Kutular/SiparisBilgileri/SiparisTarihi'

2021-11-18 12:11:04 - [MESSAGE][INFO] - Sending keys '31.06.2021' to object: 'Object Repository/Olusturma/Genel/Kutular/SiparisBilgileri/SiparisTarihi'

2021-11-18 12:11:04 - [MESSAGE][INFO] - Finding web element from Test Object's properties

2021-11-18 12:11:04 - [MESSAGE][INFO] - Checking timeout

2021-11-18 12:11:04 - [MESSAGE][INFO] - Finding web element with id: 'Object Repository/Olusturma/Genel/Kutular/SiparisBilgileri/SiparisTarihi' located by 'By.xpath: //*[@id = 'dateSiparisTarih_I']' in '30' second(s)

2021-11-18 12:11:04 - [MESSAGE][INFO] - Smart Wait Function is triggered

2021-11-18 12:11:05 - [MESSAGE][INFO] - Found 1 web elements with id: 'Object Repository/Olusturma/Genel/Kutular/SiparisBilgileri/SiparisTarihi' located by 'By.xpath: //*[@id = 'dateSiparisTarih_I']' in '30' second(s)

2021-11-18 12:11:05 - [MESSAGE][PASSED] - Keys '31.06.2021' sent to object: 'Object Repository/Olusturma/Genel/Kutular/SiparisBilgileri/SiparisTarihi'

2021-11-18 12:11:05 - [MESSAGE][PASSED] - Call Test Case 'Test Cases/Olusturma/Genel/Kutular/SiparisBilgileriGirilir' successfully

2021-11-18 12:11:05 - [MESSAGE][INFO] - Checking called Test Case

2021-11-18 12:11:05 - [MESSAGE][INFO] - Starting to call Test Case 'Test Cases/Olusturma/Genel/Kutular/IrsaliyeBilgileri'

2021-11-18 12:11:05 - [TEST_CASE][PASSED] - Test Cases/Olusturma/Genel/Kutular/IrsaliyeBilgileri: Test Cases/Olusturma/Genel/Kutular/IrsaliyeBilgileri

2021-11-18 12:11:05 - [TEST_STEP][PASSED] - Method.TextDegerineEsitElementeTikla(findTestObject("Olusturma/Genel/Kutular/KapaliKutular"), "İrsaliye Bilgileri"): Method.TextDegerineEsitElementeTikla is PASSED

2021-11-18 12:11:05 - [MESSAGE][INFO] - Finding Test Object 'Object Repository/Olusturma/Genel/Kutular/KapaliKutular'

2021-11-18 12:11:05 - [MESSAGE][INFO] - Checking timeout

2021-11-18 12:11:05 - [MESSAGE][INFO] - Finding web element with id: 'Object Repository/Olusturma/Genel/Kutular/KapaliKutular' located by 'By.cssSelector: .dxnb-headerCollapsed>span' in '10' second(s)

2021-11-18 12:11:05 - [MESSAGE][INFO] - Smart Wait Function is triggered

2021-11-18 12:11:05 - [MESSAGE][INFO] - Found 9 web elements with id: 'Object Repository/Olusturma/Genel/Kutular/KapaliKutular' located by 'By.cssSelector: .dxnb-headerCollapsed>span' in '10' second(s)

2021-11-18 12:11:05 - [MESSAGE][PASSED] - Method.TextDegerineEsitElementeTikla is PASSED

2021-11-18 12:11:05 - [TEST_STEP][PASSED] - waitForElementClickable(findTestObject("Olusturma/Genel/Kutular/IrsaliyeBilgileri/Ekle"), 10): Object 'Object Repository/Olusturma/Genel/Kutular/IrsaliyeBilgileri/Ekle' is clickable

2021-11-18 12:11:05 - [MESSAGE][INFO] - Finding Test Object 'Object Repository/Olusturma/Genel/Kutular/IrsaliyeBilgileri/Ekle'

2021-11-18 12:11:05 - [MESSAGE][INFO] - Checking object

2021-11-18 12:11:05 - [MESSAGE][INFO] - Checking timeout

2021-11-18 12:11:05 - [MESSAGE][INFO] - Finding web element from Test Object's properties

2021-11-18 12:11:05 - [MESSAGE][INFO] - Checking timeout

2021-11-18 12:11:05 - [MESSAGE][INFO] - Finding web element with id: 'Object Repository/Olusturma/Genel/Kutular/IrsaliyeBilgileri/Ekle' located by 'By.xpath: //*[@id = 'DXEditorgvUserInvoiceBillsNewRowBtn']' in '10' second(s)

2021-11-18 12:11:05 - [MESSAGE][INFO] - Smart Wait Function is triggered

2021-11-18 12:11:06 - [MESSAGE][INFO] - Found 1 web elements with id: 'Object Repository/Olusturma/Genel/Kutular/IrsaliyeBilgileri/Ekle' located by 'By.xpath: //*[@id = 'DXEditorgvUserInvoiceBillsNewRowBtn']' in '10' second(s)

2021-11-18 12:11:06 - [MESSAGE][PASSED] - Object 'Object Repository/Olusturma/Genel/Kutular/IrsaliyeBilgileri/Ekle' is clickable

2021-11-18 12:11:06 - [TEST_STEP][PASSED] - click(findTestObject("Olusturma/Genel/Kutular/IrsaliyeBilgileri/Ekle")): Object: 'Object Repository/Olusturma/Genel/Kutular/IrsaliyeBilgileri/Ekle' is clicked on

2021-11-18 12:11:06 - [MESSAGE][INFO] - Finding Test Object 'Object Repository/Olusturma/Genel/Kutular/IrsaliyeBilgileri/Ekle'

2021-11-18 12:11:06 - [MESSAGE][INFO] - Checking object

2021-11-18 12:11:06 - [MESSAGE][INFO] - Finding web element from Test Object's properties

2021-11-18 12:11:06 - [MESSAGE][INFO] - Checking timeout

2021-11-18 12:11:06 - [MESSAGE][INFO] - Finding web element with id: 'Object Repository/Olusturma/Genel/Kutular/IrsaliyeBilgileri/Ekle' located by 'By.xpath: //*[@id = 'DXEditorgvUserInvoiceBillsNewRowBtn']' in '30' second(s)

2021-11-18 12:11:06 - [MESSAGE][INFO] - Smart Wait Function is triggered

2021-11-18 12:11:06 - [MESSAGE][INFO] - Found 1 web elements with id: 'Object Repository/Olusturma/Genel/Kutular/IrsaliyeBilgileri/Ekle' located by 'By.xpath: //*[@id = 'DXEditorgvUserInvoiceBillsNewRowBtn']' in '30' second(s)

2021-11-18 12:11:06 - [MESSAGE][INFO] - Clicking on object: 'Object Repository/Olusturma/Genel/Kutular/IrsaliyeBilgileri/Ekle'

2021-11-18 12:11:06 - [MESSAGE][PASSED] - Object: 'Object Repository/Olusturma/Genel/Kutular/IrsaliyeBilgileri/Ekle' is clicked on

2021-11-18 12:11:06 - [TEST_STEP][PASSED] - waitForElementPresent(findTestObject("Object Repository/Olusturma/Genel/Kutular/IrsaliyeBilgileri/IrsaliyeNumarasi"), 10): Object 'Object Repository/Olusturma/Genel/Kutular/IrsaliyeBilgileri/IrsaliyeNumarasi' is present

2021-11-18 12:11:06 - [MESSAGE][INFO] - Finding Test Object 'Object Repository/Olusturma/Genel/Kutular/IrsaliyeBilgileri/IrsaliyeNumarasi'

2021-11-18 12:11:06 - [MESSAGE][INFO] - Checking object

2021-11-18 12:11:06 - [MESSAGE][INFO] - Finding web element from Test Object's properties

2021-11-18 12:11:06 - [MESSAGE][INFO] - Checking timeout

2021-11-18 12:11:06 - [MESSAGE][INFO] - Finding web element with id: 'Object Repository/Olusturma/Genel/Kutular/IrsaliyeBilgileri/IrsaliyeNumarasi' located by 'By.xpath: //*[@id = 'gvUserInvoiceBills_DXEditor1_I']' in '10' second(s)

2021-11-18 12:11:06 - [MESSAGE][INFO] - Smart Wait Function is triggered

2021-11-18 12:11:06 - [MESSAGE][INFO] - Smart Wait Function is triggered

2021-11-18 12:11:07 - [MESSAGE][INFO] - Found 1 web elements with id: 'Object Repository/Olusturma/Genel/Kutular/IrsaliyeBilgileri/IrsaliyeNumarasi' located by 'By.xpath: //*[@id = 'gvUserInvoiceBills_DXEditor1_I']' in '10' second(s)

2021-11-18 12:11:07 - [MESSAGE][PASSED] - Object 'Object Repository/Olusturma/Genel/Kutular/IrsaliyeBilgileri/IrsaliyeNumarasi' is present

2021-11-18 12:11:07 - [TEST_STEP][PASSED] - clearText(findTestObject("Object Repository/Olusturma/Genel/Kutular/IrsaliyeBilgileri/IrsaliyeNumarasi")): Text of object 'Object Repository/Olusturma/Genel/Kutular/IrsaliyeBilgileri/IrsaliyeNumarasi' is cleared

2021-11-18 12:11:07 - [MESSAGE][INFO] - Finding Test Object 'Object Repository/Olusturma/Genel/Kutular/IrsaliyeBilgileri/IrsaliyeNumarasi'

2021-11-18 12:11:08 - [MESSAGE][INFO] - Checking object

2021-11-18 12:11:08 - [MESSAGE][INFO] - Finding web element from Test Object's properties

2021-11-18 12:11:08 - [MESSAGE][INFO] - Checking timeout

2021-11-18 12:11:08 - [MESSAGE][INFO] - Finding web element with id: 'Object Repository/Olusturma/Genel/Kutular/IrsaliyeBilgileri/IrsaliyeNumarasi' located by 'By.xpath: //*[@id = 'gvUserInvoiceBills_DXEditor1_I']' in '30' second(s)

2021-11-18 12:11:08 - [MESSAGE][INFO] - Smart Wait Function is triggered

2021-11-18 12:11:08 - [MESSAGE][INFO] - Found 1 web elements with id: 'Object Repository/Olusturma/Genel/Kutular/IrsaliyeBilgileri/IrsaliyeNumarasi' located by 'By.xpath: //*[@id = 'gvUserInvoiceBills_DXEditor1_I']' in '30' second(s)

2021-11-18 12:11:08 - [MESSAGE][INFO] - Clearing text of object 'Object Repository/Olusturma/Genel/Kutular/IrsaliyeBilgileri/IrsaliyeNumarasi'

2021-11-18 12:11:08 - [MESSAGE][PASSED] - Text of object 'Object Repository/Olusturma/Genel/Kutular/IrsaliyeBilgileri/IrsaliyeNumarasi' is cleared

2021-11-18 12:11:08 - [TEST_STEP][PASSED] - sendKeys(findTestObject("Object Repository/Olusturma/Genel/Kutular/IrsaliyeBilgileri/IrsaliyeNumarasi"), Numara): Keys 'AAAAAAAAAA' sent to object: 'Object Repository/Olusturma/Genel/Kutular/IrsaliyeBilgileri/IrsaliyeNumarasi'

2021-11-18 12:11:08 - [MESSAGE][INFO] - Finding Test Object 'Object Repository/Olusturma/Genel/Kutular/IrsaliyeBilgileri/IrsaliyeNumarasi'

2021-11-18 12:11:08 - [MESSAGE][INFO] - Sending keys 'AAAAAAAAAA' to object: 'Object Repository/Olusturma/Genel/Kutular/IrsaliyeBilgileri/IrsaliyeNumarasi'

2021-11-18 12:11:08 - [MESSAGE][INFO] - Finding web element from Test Object's properties

2021-11-18 12:11:08 - [MESSAGE][INFO] - Checking timeout

2021-11-18 12:11:08 - [MESSAGE][INFO] - Finding web element with id: 'Object Repository/Olusturma/Genel/Kutular/IrsaliyeBilgileri/IrsaliyeNumarasi' located by 'By.xpath: //*[@id = 'gvUserInvoiceBills_DXEditor1_I']' in '30' second(s)

2021-11-18 12:11:08 - [MESSAGE][INFO] - Smart Wait Function is triggered

2021-11-18 12:11:08 - [MESSAGE][INFO] - Found 1 web elements with id: 'Object Repository/Olusturma/Genel/Kutular/IrsaliyeBilgileri/IrsaliyeNumarasi' located by 'By.xpath: //*[@id = 'gvUserInvoiceBills_DXEditor1_I']' in '30' second(s)

2021-11-18 12:11:08 - [MESSAGE][PASSED] - Keys 'AAAAAAAAAA' sent to object: 'Object Repository/Olusturma/Genel/Kutular/IrsaliyeBilgileri/IrsaliyeNumarasi'

2021-11-18 12:11:08 - [TEST_STEP][PASSED] - waitForElementClickable(findTestObject("Object Repository/Olusturma/Genel/Kutular/IrsaliyeBilgileri/IrsaliyeTarihi"), 10): Object 'Object Repository/Olusturma/Genel/Kutular/IrsaliyeBilgileri/IrsaliyeTarihi' is clickable

2021-11-18 12:11:08 - [MESSAGE][INFO] - Finding Test Object 'Object Repository/Olusturma/Genel/Kutular/IrsaliyeBilgileri/IrsaliyeTarihi'

2021-11-18 12:11:08 - [MESSAGE][INFO] - Checking object

2021-11-18 12:11:08 - [MESSAGE][INFO] - Checking timeout

2021-11-18 12:11:08 - [MESSAGE][INFO] - Finding web element from Test Object's properties

2021-11-18 12:11:08 - [MESSAGE][INFO] - Checking timeout

2021-11-18 12:11:08 - [MESSAGE][INFO] - Finding web element with id: 'Object Repository/Olusturma/Genel/Kutular/IrsaliyeBilgileri/IrsaliyeTarihi' located by 'By.xpath: //*[@id = 'gvUserInvoiceBills_DXEditor2_I']' in '10' second(s)

2021-11-18 12:11:08 - [MESSAGE][INFO] - Smart Wait Function is triggered

2021-11-18 12:11:09 - [MESSAGE][INFO] - Found 1 web elements with id: 'Object Repository/Olusturma/Genel/Kutular/IrsaliyeBilgileri/IrsaliyeTarihi' located by 'By.xpath: //*[@id = 'gvUserInvoiceBills_DXEditor2_I']' in '10' second(s)

2021-11-18 12:11:09 - [MESSAGE][PASSED] - Object 'Object Repository/Olusturma/Genel/Kutular/IrsaliyeBilgileri/IrsaliyeTarihi' is clickable

2021-11-18 12:11:09 - [TEST_STEP][PASSED] - click(findTestObject("Object Repository/Olusturma/Genel/Kutular/IrsaliyeBilgileri/IrsaliyeTarihi")): Object: 'Object Repository/Olusturma/Genel/Kutular/IrsaliyeBilgileri/IrsaliyeTarihi' is clicked on

2021-11-18 12:11:09 - [MESSAGE][INFO] - Finding Test Object 'Object Repository/Olusturma/Genel/Kutular/IrsaliyeBilgileri/IrsaliyeTarihi'

2021-11-18 12:11:09 - [MESSAGE][INFO] - Checking object

2021-11-18 12:11:09 - [MESSAGE][INFO] - Finding web element from Test Object's properties

2021-11-18 12:11:09 - [MESSAGE][INFO] - Checking timeout

2021-11-18 12:11:09 - [MESSAGE][INFO] - Finding web element with id: 'Object Repository/Olusturma/Genel/Kutular/IrsaliyeBilgileri/IrsaliyeTarihi' located by 'By.xpath: //*[@id = 'gvUserInvoiceBills_DXEditor2_I']' in '30' second(s)

2021-11-18 12:11:09 - [MESSAGE][INFO] - Smart Wait Function is triggered

2021-11-18 12:11:09 - [MESSAGE][INFO] - Found 1 web elements with id: 'Object Repository/Olusturma/Genel/Kutular/IrsaliyeBilgileri/IrsaliyeTarihi' located by 'By.xpath: //*[@id = 'gvUserInvoiceBills_DXEditor2_I']' in '30' second(s)

2021-11-18 12:11:09 - [MESSAGE][INFO] - Clicking on object: 'Object Repository/Olusturma/Genel/Kutular/IrsaliyeBilgileri/IrsaliyeTarihi'

2021-11-18 12:11:09 - [MESSAGE][PASSED] - Object: 'Object Repository/Olusturma/Genel/Kutular/IrsaliyeBilgileri/IrsaliyeTarihi' is clicked on

2021-11-18 12:11:09 - [TEST_STEP][PASSED] - sendKeys(findTestObject("Object Repository/Olusturma/Genel/Kutular/IrsaliyeBilgileri/IrsaliyeTarihi"), Tarih): Keys '31.06.2021' sent to object: 'Object Repository/Olusturma/Genel/Kutular/IrsaliyeBilgileri/IrsaliyeTarihi'

2021-11-18 12:11:09 - [MESSAGE][INFO] - Finding Test Object 'Object Repository/Olusturma/Genel/Kutular/IrsaliyeBilgileri/IrsaliyeTarihi'

2021-11-18 12:11:09 - [MESSAGE][INFO] - Sending keys '31.06.2021' to object: 'Object Repository/Olusturma/Genel/Kutular/IrsaliyeBilgileri/IrsaliyeTarihi'

2021-11-18 12:11:09 - [MESSAGE][INFO] - Finding web element from Test Object's properties

2021-11-18 12:11:09 - [MESSAGE][INFO] - Checking timeout

2021-11-18 12:11:09 - [MESSAGE][INFO] - Finding web element with id: 'Object Repository/Olusturma/Genel/Kutular/IrsaliyeBilgileri/IrsaliyeTarihi' located by 'By.xpath: //*[@id = 'gvUserInvoiceBills_DXEditor2_I']' in '30' second(s)

2021-11-18 12:11:09 - [MESSAGE][INFO] - Smart Wait Function is triggered

2021-11-18 12:11:10 - [MESSAGE][INFO] - Found 1 web elements with id: 'Object Repository/Olusturma/Genel/Kutular/IrsaliyeBilgileri/IrsaliyeTarihi' located by 'By.xpath: //*[@id = 'gvUserInvoiceBills_DXEditor2_I']' in '30' second(s)

2021-11-18 12:11:10 - [MESSAGE][PASSED] - Keys '31.06.2021' sent to object: 'Object Repository/Olusturma/Genel/Kutular/IrsaliyeBilgileri/IrsaliyeTarihi'

2021-11-18 12:11:10 - [MESSAGE][PASSED] - Call Test Case 'Test Cases/Olusturma/Genel/Kutular/IrsaliyeBilgileri' successfully

2021-11-18 12:11:10 - [MESSAGE][INFO] - Checking called Test Case

2021-11-18 12:11:10 - [MESSAGE][INFO] - Starting to call Test Case 'Test Cases/Olusturma/Genel/Kutular/eArsivInternetBilgileriGirilir'

2021-11-18 12:11:10 - [TEST_CASE][PASSED] - Test Cases/Olusturma/Genel/Kutular/eArsivInternetBilgileriGirilir: Test Cases/Olusturma/Genel/Kutular/eArsivInternetBilgileriGirilir

2021-11-18 12:11:11 - [TEST_STEP][PASSED] - waitForElementPresent(findTestObject("Olusturma/Genel/Kutular/eArsivInternetBilgileri/odemeSekli"), 10): Object 'Object Repository/Olusturma/Genel/Kutular/eArsivInternetBilgileri/odemeSekli' is present

2021-11-18 12:11:11 - [MESSAGE][INFO] - Finding Test Object 'Object Repository/Olusturma/Genel/Kutular/eArsivInternetBilgileri/odemeSekli'

2021-11-18 12:11:11 - [MESSAGE][INFO] - Checking object

2021-11-18 12:11:11 - [MESSAGE][INFO] - Finding web element from Test Object's properties

2021-11-18 12:11:11 - [MESSAGE][INFO] - Checking timeout

2021-11-18 12:11:11 - [MESSAGE][INFO] - Finding web element with id: 'Object Repository/Olusturma/Genel/Kutular/eArsivInternetBilgileri/odemeSekli' located by 'By.xpath: //*[@id = 'cmbEArsivInternetOdemeSekli_I']' in '10' second(s)

2021-11-18 12:11:11 - [MESSAGE][INFO] - Smart Wait Function is triggered

2021-11-18 12:11:11 - [MESSAGE][INFO] - Found 1 web elements with id: 'Object Repository/Olusturma/Genel/Kutular/eArsivInternetBilgileri/odemeSekli' located by 'By.xpath: //*[@id = 'cmbEArsivInternetOdemeSekli_I']' in '10' second(s)

2021-11-18 12:11:11 - [MESSAGE][PASSED] - Object 'Object Repository/Olusturma/Genel/Kutular/eArsivInternetBilgileri/odemeSekli' is present

2021-11-18 12:11:11 - [TEST_STEP][PASSED] - sendKeys(findTestObject("Olusturma/Genel/Kutular/eArsivInternetBilgileri/odemeSekli"), Keys.chord(CONTROL, "a", BACK_SPACE)): Keys 'CONTROL + BACK_SPACE + a' sent to object: 'Object Repository/Olusturma/Genel/Kutular/eArsivInternetBilgileri/odemeSekli'

2021-11-18 12:11:11 - [MESSAGE][INFO] - Finding Test Object 'Object Repository/Olusturma/Genel/Kutular/eArsivInternetBilgileri/odemeSekli'

2021-11-18 12:11:11 - [MESSAGE][INFO] - Sending keys 'CONTROL + BACK_SPACE + a' to object: 'Object Repository/Olusturma/Genel/Kutular/eArsivInternetBilgileri/odemeSekli'

2021-11-18 12:11:11 - [MESSAGE][INFO] - Finding web element from Test Object's properties

2021-11-18 12:11:11 - [MESSAGE][INFO] - Checking timeout

2021-11-18 12:11:11 - [MESSAGE][INFO] - Finding web element with id: 'Object Repository/Olusturma/Genel/Kutular/eArsivInternetBilgileri/odemeSekli' located by 'By.xpath: //*[@id = 'cmbEArsivInternetOdemeSekli_I']' in '30' second(s)

2021-11-18 12:11:11 - [MESSAGE][INFO] - Smart Wait Function is triggered

2021-11-18 12:11:11 - [MESSAGE][INFO] - Found 1 web elements with id: 'Object Repository/Olusturma/Genel/Kutular/eArsivInternetBilgileri/odemeSekli' located by 'By.xpath: //*[@id = 'cmbEArsivInternetOdemeSekli_I']' in '30' second(s)

2021-11-18 12:11:11 - [MESSAGE][PASSED] - Keys 'CONTROL + BACK_SPACE + a' sent to object: 'Object Repository/Olusturma/Genel/Kutular/eArsivInternetBilgileri/odemeSekli'

2021-11-18 12:11:11 - [TEST_STEP][PASSED] - sendKeys(findTestObject("Olusturma/Genel/Kutular/eArsivInternetBilgileri/odemeSekli"), OdemeSekli): Keys 'Kredi Kartı / Banka Kartı' sent to object: 'Object Repository/Olusturma/Genel/Kutular/eArsivInternetBilgileri/odemeSekli'

2021-11-18 12:11:11 - [MESSAGE][INFO] - Finding Test Object 'Object Repository/Olusturma/Genel/Kutular/eArsivInternetBilgileri/odemeSekli'

2021-11-18 12:11:11 - [MESSAGE][INFO] - Sending keys 'Kredi Kartı / Banka Kartı' to object: 'Object Repository/Olusturma/Genel/Kutular/eArsivInternetBilgileri/odemeSekli'

2021-11-18 12:11:11 - [MESSAGE][INFO] - Finding web element from Test Object's properties

2021-11-18 12:11:11 - [MESSAGE][INFO] - Checking timeout

2021-11-18 12:11:11 - [MESSAGE][INFO] - Finding web element with id: 'Object Repository/Olusturma/Genel/Kutular/eArsivInternetBilgileri/odemeSekli' located by 'By.xpath: //*[@id = 'cmbEArsivInternetOdemeSekli_I']' in '30' second(s)

2021-11-18 12:11:11 - [MESSAGE][INFO] - Smart Wait Function is triggered

2021-11-18 12:11:12 - [MESSAGE][INFO] - Found 1 web elements with id: 'Object Repository/Olusturma/Genel/Kutular/eArsivInternetBilgileri/odemeSekli' located by 'By.xpath: //*[@id = 'cmbEArsivInternetOdemeSekli_I']' in '30' second(s)

2021-11-18 12:11:12 - [MESSAGE][PASSED] - Keys 'Kredi Kartı / Banka Kartı' sent to object: 'Object Repository/Olusturma/Genel/Kutular/eArsivInternetBilgileri/odemeSekli'

2021-11-18 12:11:12 - [TEST_STEP][PASSED] - sendKeys(findTestObject("Olusturma/Genel/Kutular/eArsivInternetBilgileri/webAdresi"), WebAdresi): Keys 'www.elogo.com' sent to object: 'Object Repository/Olusturma/Genel/Kutular/eArsivInternetBilgileri/webAdresi'

2021-11-18 12:11:12 - [MESSAGE][INFO] - Finding Test Object 'Object Repository/Olusturma/Genel/Kutular/eArsivInternetBilgileri/webAdresi'

2021-11-18 12:11:12 - [MESSAGE][INFO] - Sending keys 'www.elogo.com' to object: 'Object Repository/Olusturma/Genel/Kutular/eArsivInternetBilgileri/webAdresi'

2021-11-18 12:11:12 - [MESSAGE][INFO] - Finding web element from Test Object's properties

2021-11-18 12:11:12 - [MESSAGE][INFO] - Checking timeout

2021-11-18 12:11:12 - [MESSAGE][INFO] - Finding web element with id: 'Object Repository/Olusturma/Genel/Kutular/eArsivInternetBilgileri/webAdresi' located by 'By.xpath: //*[@id = 'txtEArsivInternetWebAdres_I']' in '30' second(s)

2021-11-18 12:11:12 - [MESSAGE][INFO] - Smart Wait Function is triggered

2021-11-18 12:11:12 - [MESSAGE][INFO] - Found 1 web elements with id: 'Object Repository/Olusturma/Genel/Kutular/eArsivInternetBilgileri/webAdresi' located by 'By.xpath: //*[@id = 'txtEArsivInternetWebAdres_I']' in '30' second(s)

2021-11-18 12:11:13 - [MESSAGE][PASSED] - Keys 'www.elogo.com' sent to object: 'Object Repository/Olusturma/Genel/Kutular/eArsivInternetBilgileri/webAdresi'

2021-11-18 12:11:13 - [TEST_STEP][PASSED] - sendKeys(findTestObject("Olusturma/Genel/Kutular/eArsivInternetBilgileri/TasiyiciVkn"), TasiyiciVkn): Keys '1234567806' sent to object: 'Object Repository/Olusturma/Genel/Kutular/eArsivInternetBilgileri/TasiyiciVkn'

2021-11-18 12:11:13 - [MESSAGE][INFO] - Finding Test Object 'Object Repository/Olusturma/Genel/Kutular/eArsivInternetBilgileri/TasiyiciVkn'

2021-11-18 12:11:13 - [MESSAGE][INFO] - Sending keys '1234567806' to object: 'Object Repository/Olusturma/Genel/Kutular/eArsivInternetBilgileri/TasiyiciVkn'

2021-11-18 12:11:13 - [MESSAGE][INFO] - Finding web element from Test Object's properties

2021-11-18 12:11:13 - [MESSAGE][INFO] - Checking timeout

2021-11-18 12:11:13 - [MESSAGE][INFO] - Finding web element with id: 'Object Repository/Olusturma/Genel/Kutular/eArsivInternetBilgileri/TasiyiciVkn' located by 'By.xpath: //*[@id = 'txtEArsivInternetTasiyiciVknTckn_I']' in '30' second(s)

2021-11-18 12:11:13 - [MESSAGE][INFO] - Smart Wait Function is triggered

2021-11-18 12:11:13 - [MESSAGE][INFO] - Found 1 web elements with id: 'Object Repository/Olusturma/Genel/Kutular/eArsivInternetBilgileri/TasiyiciVkn' located by 'By.xpath: //*[@id = 'txtEArsivInternetTasiyiciVknTckn_I']' in '30' second(s)

2021-11-18 12:11:13 - [MESSAGE][PASSED] - Keys '1234567806' sent to object: 'Object Repository/Olusturma/Genel/Kutular/eArsivInternetBilgileri/TasiyiciVkn'

2021-11-18 12:11:13 - [TEST_STEP][PASSED] - sendKeys(findTestObject("Olusturma/Genel/Kutular/eArsivInternetBilgileri/odemeAracisi"), OdemeAracisi): Keys 'elogo' sent to object: 'Object Repository/Olusturma/Genel/Kutular/eArsivInternetBilgileri/odemeAracisi'

2021-11-18 12:11:13 - [MESSAGE][INFO] - Finding Test Object 'Object Repository/Olusturma/Genel/Kutular/eArsivInternetBilgileri/odemeAracisi'

2021-11-18 12:11:13 - [MESSAGE][INFO] - Sending keys 'elogo' to object: 'Object Repository/Olusturma/Genel/Kutular/eArsivInternetBilgileri/odemeAracisi'

2021-11-18 12:11:13 - [MESSAGE][INFO] - Finding web element from Test Object's properties

2021-11-18 12:11:13 - [MESSAGE][INFO] - Checking timeout

2021-11-18 12:11:13 - [MESSAGE][INFO] - Finding web element with id: 'Object Repository/Olusturma/Genel/Kutular/eArsivInternetBilgileri/odemeAracisi' located by 'By.xpath: //*[@id = 'txtEArsivInternetOdemeAracisi_I']' in '30' second(s)

2021-11-18 12:11:13 - [MESSAGE][INFO] - Smart Wait Function is triggered

2021-11-18 12:11:14 - [MESSAGE][INFO] - Found 1 web elements with id: 'Object Repository/Olusturma/Genel/Kutular/eArsivInternetBilgileri/odemeAracisi' located by 'By.xpath: //*[@id = 'txtEArsivInternetOdemeAracisi_I']' in '30' second(s)

2021-11-18 12:11:14 - [MESSAGE][PASSED] - Keys 'elogo' sent to object: 'Object Repository/Olusturma/Genel/Kutular/eArsivInternetBilgileri/odemeAracisi'

2021-11-18 12:11:14 - [TEST_STEP][PASSED] - sendKeys(findTestObject("Olusturma/Genel/Kutular/eArsivInternetBilgileri/TasiyiciAdi"), TasiyiciAdi): Keys 'Virgosol' sent to object: 'Object Repository/Olusturma/Genel/Kutular/eArsivInternetBilgileri/TasiyiciAdi'

2021-11-18 12:11:14 - [MESSAGE][INFO] - Finding Test Object 'Object Repository/Olusturma/Genel/Kutular/eArsivInternetBilgileri/TasiyiciAdi'

2021-11-18 12:11:14 - [MESSAGE][INFO] - Sending keys 'Virgosol' to object: 'Object Repository/Olusturma/Genel/Kutular/eArsivInternetBilgileri/TasiyiciAdi'

2021-11-18 12:11:14 - [MESSAGE][INFO] - Finding web element from Test Object's properties

2021-11-18 12:11:14 - [MESSAGE][INFO] - Checking timeout

2021-11-18 12:11:14 - [MESSAGE][INFO] - Finding web element with id: 'Object Repository/Olusturma/Genel/Kutular/eArsivInternetBilgileri/TasiyiciAdi' located by 'By.xpath: //*[@id = 'txtEArsivInternetTasiyiciAdSoyad_I']' in '30' second(s)

2021-11-18 12:11:14 - [MESSAGE][INFO] - Smart Wait Function is triggered

2021-11-18 12:11:14 - [MESSAGE][INFO] - Found 1 web elements with id: 'Object Repository/Olusturma/Genel/Kutular/eArsivInternetBilgileri/TasiyiciAdi' located by 'By.xpath: //*[@id = 'txtEArsivInternetTasiyiciAdSoyad_I']' in '30' second(s)

2021-11-18 12:11:14 - [MESSAGE][PASSED] - Keys 'Virgosol' sent to object: 'Object Repository/Olusturma/Genel/Kutular/eArsivInternetBilgileri/TasiyiciAdi'

2021-11-18 12:11:14 - [TEST_STEP][PASSED] - scrollToElement(findTestObject("Olusturma/Genel/Kutular/eArsivInternetBilgileri/GonderimTarihi"), 1, STOP_ON_FAILURE): Scroll to object 'Object Repository/Olusturma/Genel/Kutular/eArsivInternetBilgileri/GonderimTarihi' successfully

2021-11-18 12:11:14 - [MESSAGE][INFO] - Finding Test Object 'Object Repository/Olusturma/Genel/Kutular/eArsivInternetBilgileri/GonderimTarihi'

2021-11-18 12:11:14 - [MESSAGE][INFO] - Checking object

2021-11-18 12:11:14 - [MESSAGE][INFO] - Checking timeout

2021-11-18 12:11:14 - [MESSAGE][INFO] - Finding web element from Test Object's properties

2021-11-18 12:11:14 - [MESSAGE][INFO] - Checking timeout

2021-11-18 12:11:14 - [MESSAGE][INFO] - Finding web element with id: 'Object Repository/Olusturma/Genel/Kutular/eArsivInternetBilgileri/GonderimTarihi' located by 'By.xpath: //*[@id = 'dateEArsivInternetGonderimTarih_B-1Img']' in '30' second(s)

2021-11-18 12:11:14 - [MESSAGE][INFO] - Smart Wait Function is triggered

2021-11-18 12:11:15 - [MESSAGE][INFO] - Found 1 web elements with id: 'Object Repository/Olusturma/Genel/Kutular/eArsivInternetBilgileri/GonderimTarihi' located by 'By.xpath: //*[@id = 'dateEArsivInternetGonderimTarih_B-1Img']' in '30' second(s)

2021-11-18 12:11:15 - [MESSAGE][INFO] - Scrolling to object 'Object Repository/Olusturma/Genel/Kutular/eArsivInternetBilgileri/GonderimTarihi'

2021-11-18 12:11:15 - [MESSAGE][PASSED] - Scroll to object 'Object Repository/Olusturma/Genel/Kutular/eArsivInternetBilgileri/GonderimTarihi' successfully

2021-11-18 12:11:15 - [TEST_STEP][PASSED] - click(findTestObject("Olusturma/Genel/Kutular/eArsivInternetBilgileri/GonderimTarihi"), STOP_ON_FAILURE): Object: 'Object Repository/Olusturma/Genel/Kutular/eArsivInternetBilgileri/GonderimTarihi' is clicked on

2021-11-18 12:11:15 - [MESSAGE][INFO] - Finding Test Object 'Object Repository/Olusturma/Genel/Kutular/eArsivInternetBilgileri/GonderimTarihi'

2021-11-18 12:11:15 - [MESSAGE][INFO] - Checking object

2021-11-18 12:11:15 - [MESSAGE][INFO] - Finding web element from Test Object's properties

2021-11-18 12:11:15 - [MESSAGE][INFO] - Checking timeout

2021-11-18 12:11:15 - [MESSAGE][INFO] - Finding web element with id: 'Object Repository/Olusturma/Genel/Kutular/eArsivInternetBilgileri/GonderimTarihi' located by 'By.xpath: //*[@id = 'dateEArsivInternetGonderimTarih_B-1Img']' in '30' second(s)

2021-11-18 12:11:15 - [MESSAGE][INFO] - Smart Wait Function is triggered

2021-11-18 12:11:15 - [MESSAGE][INFO] - Found 1 web elements with id: 'Object Repository/Olusturma/Genel/Kutular/eArsivInternetBilgileri/GonderimTarihi' located by 'By.xpath: //*[@id = 'dateEArsivInternetGonderimTarih_B-1Img']' in '30' second(s)

2021-11-18 12:11:15 - [MESSAGE][INFO] - Clicking on object: 'Object Repository/Olusturma/Genel/Kutular/eArsivInternetBilgileri/GonderimTarihi'

2021-11-18 12:11:15 - [MESSAGE][PASSED] - Object: 'Object Repository/Olusturma/Genel/Kutular/eArsivInternetBilgileri/GonderimTarihi' is clicked on

2021-11-18 12:11:15 - [TEST_STEP][PASSED] - click(findTestObject("Olusturma/Genel/Kutular/eArsivInternetBilgileri/BugunButonu"), STOP_ON_FAILURE): Object: 'Object Repository/Olusturma/Genel/Kutular/eArsivInternetBilgileri/BugunButonu' is clicked on

2021-11-18 12:11:15 - [MESSAGE][INFO] - Finding Test Object 'Object Repository/Olusturma/Genel/Kutular/eArsivInternetBilgileri/BugunButonu'

2021-11-18 12:11:15 - [MESSAGE][INFO] - Checking object

2021-11-18 12:11:15 - [MESSAGE][INFO] - Finding web element from Test Object's properties

2021-11-18 12:11:15 - [MESSAGE][INFO] - Checking timeout

2021-11-18 12:11:15 - [MESSAGE][INFO] - Finding web element with id: 'Object Repository/Olusturma/Genel/Kutular/eArsivInternetBilgileri/BugunButonu' located by 'By.xpath: //*[@id = 'dateEArsivInternetGonderimTarih_DDD_C_BT']' in '30' second(s)

2021-11-18 12:11:15 - [MESSAGE][INFO] - Smart Wait Function is triggered

2021-11-18 12:11:17 - [MESSAGE][INFO] - Found 1 web elements with id: 'Object Repository/Olusturma/Genel/Kutular/eArsivInternetBilgileri/BugunButonu' located by 'By.xpath: //*[@id = 'dateEArsivInternetGonderimTarih_DDD_C_BT']' in '30' second(s)

2021-11-18 12:11:17 - [MESSAGE][INFO] - Clicking on object: 'Object Repository/Olusturma/Genel/Kutular/eArsivInternetBilgileri/BugunButonu'

2021-11-18 12:11:17 - [MESSAGE][PASSED] - Object: 'Object Repository/Olusturma/Genel/Kutular/eArsivInternetBilgileri/BugunButonu' is clicked on

2021-11-18 12:11:17 - [MESSAGE][PASSED] - Call Test Case 'Test Cases/Olusturma/Genel/Kutular/eArsivInternetBilgileriGirilir' successfully

2021-11-18 12:11:17 - [MESSAGE][INFO] - Checking called Test Case

2021-11-18 12:11:17 - [MESSAGE][INFO] - Starting to call Test Case 'Test Cases/Olusturma/Genel/EkleButonunaBasilir'

2021-11-18 12:11:17 - [TEST_CASE][PASSED] - Test Cases/Olusturma/Genel/EkleButonunaBasilir: Test Cases/Olusturma/Genel/EkleButonunaBasilir

2021-11-18 12:11:17 - [TEST_STEP][PASSED] - waitForElementClickable(findTestObject("Object Repository/Olusturma/Genel/Olusturma/Ekle"), 10): Object 'Object Repository/Olusturma/Genel/Olusturma/Ekle' is clickable

2021-11-18 12:11:17 - [MESSAGE][INFO] - Finding Test Object 'Object Repository/Olusturma/Genel/Olusturma/Ekle'

2021-11-18 12:11:17 - [MESSAGE][INFO] - Checking object

2021-11-18 12:11:17 - [MESSAGE][INFO] - Checking timeout

2021-11-18 12:11:17 - [MESSAGE][INFO] - Finding web element from Test Object's properties

2021-11-18 12:11:17 - [MESSAGE][INFO] - Checking timeout

2021-11-18 12:11:17 - [MESSAGE][INFO] - Finding web element with id: 'Object Repository/Olusturma/Genel/Olusturma/Ekle' located by 'By.cssSelector: #divmalhizmet i.fa.fa-plus.fa-lg.text-muted' in '10' second(s)

2021-11-18 12:11:17 - [MESSAGE][INFO] - Smart Wait Function is triggered

2021-11-18 12:11:17 - [MESSAGE][INFO] - Found 1 web elements with id: 'Object Repository/Olusturma/Genel/Olusturma/Ekle' located by 'By.cssSelector: #divmalhizmet i.fa.fa-plus.fa-lg.text-muted' in '10' second(s)

2021-11-18 12:11:17 - [MESSAGE][PASSED] - Object 'Object Repository/Olusturma/Genel/Olusturma/Ekle' is clickable

2021-11-18 12:11:17 - [TEST_STEP][PASSED] - click(findTestObject("Object Repository/Olusturma/Genel/Olusturma/Ekle")): Object: 'Object Repository/Olusturma/Genel/Olusturma/Ekle' is clicked on

2021-11-18 12:11:17 - [MESSAGE][INFO] - Finding Test Object 'Object Repository/Olusturma/Genel/Olusturma/Ekle'

2021-11-18 12:11:17 - [MESSAGE][INFO] - Checking object

2021-11-18 12:11:17 - [MESSAGE][INFO] - Finding web element from Test Object's properties

2021-11-18 12:11:17 - [MESSAGE][INFO] - Checking timeout

2021-11-18 12:11:17 - [MESSAGE][INFO] - Finding web element with id: 'Object Repository/Olusturma/Genel/Olusturma/Ekle' located by 'By.cssSelector: #divmalhizmet i.fa.fa-plus.fa-lg.text-muted' in '30' second(s)

2021-11-18 12:11:17 - [MESSAGE][INFO] - Smart Wait Function is triggered

2021-11-18 12:11:17 - [MESSAGE][INFO] - Found 1 web elements with id: 'Object Repository/Olusturma/Genel/Olusturma/Ekle' located by 'By.cssSelector: #divmalhizmet i.fa.fa-plus.fa-lg.text-muted' in '30' second(s)

2021-11-18 12:11:17 - [MESSAGE][INFO] - Clicking on object: 'Object Repository/Olusturma/Genel/Olusturma/Ekle'

2021-11-18 12:11:18 - [MESSAGE][PASSED] - Object: 'Object Repository/Olusturma/Genel/Olusturma/Ekle' is clicked on

2021-11-18 12:11:18 - [TEST_STEP][PASSED] - waitForElementClickable(findTestObject("Olusturma/Genel/Olusturma/EklenenSatirCarpiImage"), 10): Object 'Object Repository/Olusturma/Genel/Olusturma/EklenenSatirCarpiImage' is clickable

2021-11-18 12:11:18 - [MESSAGE][INFO] - Finding Test Object 'Object Repository/Olusturma/Genel/Olusturma/EklenenSatirCarpiImage'

2021-11-18 12:11:18 - [MESSAGE][INFO] - Checking object

2021-11-18 12:11:18 - [MESSAGE][INFO] - Checking timeout

2021-11-18 12:11:18 - [MESSAGE][INFO] - Finding web element from Test Object's properties

2021-11-18 12:11:18 - [MESSAGE][INFO] - Checking timeout

2021-11-18 12:11:18 - [MESSAGE][INFO] - Finding web element with id: 'Object Repository/Olusturma/Genel/Olusturma/EklenenSatirCarpiImage' located by 'By.cssSelector: .fa.fa-times.fa-lg.text-primary' in '10' second(s)

2021-11-18 12:11:18 - [MESSAGE][INFO] - Smart Wait Function is triggered

2021-11-18 12:11:18 - [MESSAGE][INFO] - Smart Wait Function is triggered

2021-11-18 12:11:18 - [MESSAGE][INFO] - Smart Wait Function is triggered

2021-11-18 12:11:19 - [MESSAGE][INFO] - Found 1 web elements with id: 'Object Repository/Olusturma/Genel/Olusturma/EklenenSatirCarpiImage' located by 'By.cssSelector: .fa.fa-times.fa-lg.text-primary' in '10' second(s)

2021-11-18 12:11:19 - [MESSAGE][PASSED] - Object 'Object Repository/Olusturma/Genel/Olusturma/EklenenSatirCarpiImage' is clickable

2021-11-18 12:11:19 - [MESSAGE][PASSED] - Call Test Case 'Test Cases/Olusturma/Genel/EkleButonunaBasilir' successfully

2021-11-18 12:11:19 - [MESSAGE][INFO] - Checking called Test Case

2021-11-18 12:11:19 - [MESSAGE][INFO] - Starting to call Test Case 'Test Cases/Olusturma/Genel/Olusturma'

2021-11-18 12:11:19 - [TEST_CASE][PASSED] - Test Cases/Olusturma/Genel/Olusturma: Test Cases/Olusturma/Genel/Olusturma

2021-11-18 12:11:19 - [TEST_STEP][PASSED] - driver = getWebDriver(): null

2021-11-18 12:11:19 - [TEST_STEP][PASSED] - action = new org.openqa.selenium.interactions.Actions(driver): null

2021-11-18 12:11:19 - [TEST_STEP][PASSED] - baslikElement = <not implemented yet for class: org.codehaus.groovy.ast.expr.EmptyExpression>: null

2021-11-18 12:11:19 - [TEST_STEP][PASSED] - sonElement = <not implemented yet for class: org.codehaus.groovy.ast.expr.EmptyExpression>: null

2021-11-18 12:11:19 - [TEST_STEP][PASSED] - attr = <not implemented yet for class: org.codehaus.groovy.ast.expr.EmptyExpression>: null

2021-11-18 12:11:19 - [TEST_STEP][PASSED] - a = 0: null

2021-11-18 12:11:19 - [TEST_STEP][PASSED] - elements = findWebElements(findTestObject("Object Repository/Olusturma/Genel/Olusturma/TabloBasliklari"), 10): Found 13 web elements with id: 'Object Repository/Olusturma/Genel/Olusturma/TabloBasliklari' located by 'By.cssSelector: div#divmalhizmet .dxgvTable_LECustomTheme td.dxgvHeader_LECustomTheme tr>td:nth-child(1)' in '10' second(s)

2021-11-18 12:11:19 - [MESSAGE][INFO] - Finding Test Object 'Object Repository/Olusturma/Genel/Olusturma/TabloBasliklari'

2021-11-18 12:11:19 - [MESSAGE][INFO] - Checking timeout

2021-11-18 12:11:19 - [MESSAGE][INFO] - Finding web element with id: 'Object Repository/Olusturma/Genel/Olusturma/TabloBasliklari' located by 'By.cssSelector: div#divmalhizmet .dxgvTable_LECustomTheme td.dxgvHeader_LECustomTheme tr>td:nth-child(1)' in '10' second(s)

2021-11-18 12:11:19 - [MESSAGE][INFO] - Smart Wait Function is triggered

2021-11-18 12:11:20 - [MESSAGE][INFO] - Found 13 web elements with id: 'Object Repository/Olusturma/Genel/Olusturma/TabloBasliklari' located by 'By.cssSelector: div#divmalhizmet .dxgvTable_LECustomTheme td.dxgvHeader_LECustomTheme tr>td:nth-child(1)' in '10' second(s)

2021-11-18 12:11:20 - [TEST_STEP][PASSED] - for (def element : elements): null

2021-11-18 12:11:20 - [TEST_STEP][PASSED] - build().perform(): null

2021-11-18 12:11:20 - [TEST_STEP][PASSED] - if (getText().equals(Baslik)): null

2021-11-18 12:11:20 - [TEST_STEP][PASSED] - baslikElement = element.findElement(By.xpath("../../../..")): Smart Wait Function is triggered

2021-11-18 12:11:20 - [MESSAGE][INFO] - Smart Wait Function is triggered

2021-11-18 12:11:20 - [TEST_STEP][PASSED] - attr = baslikElement.getAttribute("id"): null

2021-11-18 12:11:20 - [TEST_STEP][PASSED] - println("girdi ve idsini aldı = " + attr): null

2021-11-18 12:11:20 - [TEST_STEP][PASSED] - break: null

2021-11-18 12:11:20 - [TEST_STEP][PASSED] - countElement = baslikElement.findElements(By.xpath("../td")): Smart Wait Function is triggered

2021-11-18 12:11:20 - [MESSAGE][INFO] - Smart Wait Function is triggered

2021-11-18 12:11:20 - [TEST_STEP][PASSED] - for (def element : countElement): null

2021-11-18 12:11:20 - [TEST_STEP][PASSED] - if (toString().equals(attr.toString())): null

2021-11-18 12:11:20 - [TEST_STEP][PASSED] - (a++): null

2021-11-18 12:11:20 - [TEST_STEP][PASSED] - if (toString().equals(attr.toString())): null

2021-11-18 12:11:20 - [TEST_STEP][PASSED] - break: null

2021-11-18 12:11:20 - [TEST_STEP][PASSED] - son = findWebElement(findTestObject("Object Repository/Olusturma/Genel/Olusturma/EklenenSatir")).findElement(By.xpath("td[@class='dxgvInlineEditCell_LECustomTheme dxgv'][" + a + "]//td[@class='dxic']/input")): Smart Wait Function is triggered

2021-11-18 12:11:20 - [MESSAGE][INFO] - Finding Test Object 'Object Repository/Olusturma/Genel/Olusturma/EklenenSatir'

2021-11-18 12:11:20 - [MESSAGE][INFO] - Finding web element from Test Object's properties

2021-11-18 12:11:20 - [MESSAGE][INFO] - Checking timeout

2021-11-18 12:11:20 - [MESSAGE][INFO] - Finding web element with id: 'Object Repository/Olusturma/Genel/Olusturma/EklenenSatir' located by 'By.cssSelector: #divmalhizmet .dxgvInlineEditRow_LECustomTheme' in '30' second(s)

2021-11-18 12:11:20 - [MESSAGE][INFO] - Smart Wait Function is triggered

2021-11-18 12:11:21 - [MESSAGE][INFO] - Found 1 web elements with id: 'Object Repository/Olusturma/Genel/Olusturma/EklenenSatir' located by 'By.cssSelector: #divmalhizmet .dxgvInlineEditRow_LECustomTheme' in '30' second(s)

2021-11-18 12:11:21 - [MESSAGE][INFO] - Smart Wait Function is triggered

2021-11-18 12:11:21 - [TEST_STEP][PASSED] - if (!(getAttribute("value").contains("Vkn"))): null

2021-11-18 12:11:21 - [TEST_STEP][PASSED] - son.clear(): null

2021-11-18 12:11:21 - [TEST_STEP][PASSED] - son.sendKeys(Deger): null

2021-11-18 12:11:21 - [MESSAGE][PASSED] - Call Test Case 'Test Cases/Olusturma/Genel/Olusturma' successfully

2021-11-18 12:11:21 - [MESSAGE][INFO] - Checking called Test Case

2021-11-18 12:11:21 - [MESSAGE][INFO] - Starting to call Test Case 'Test Cases/Olusturma/Genel/Olusturma'

2021-11-18 12:11:21 - [TEST_CASE][PASSED] - Test Cases/Olusturma/Genel/Olusturma: Test Cases/Olusturma/Genel/Olusturma

2021-11-18 12:11:21 - [TEST_STEP][PASSED] - driver = getWebDriver(): null

2021-11-18 12:11:21 - [TEST_STEP][PASSED] - action = new org.openqa.selenium.interactions.Actions(driver): null

2021-11-18 12:11:21 - [TEST_STEP][PASSED] - baslikElement = <not implemented yet for class: org.codehaus.groovy.ast.expr.EmptyExpression>: null

2021-11-18 12:11:21 - [TEST_STEP][PASSED] - sonElement = <not implemented yet for class: org.codehaus.groovy.ast.expr.EmptyExpression>: null

2021-11-18 12:11:21 - [TEST_STEP][PASSED] - attr = <not implemented yet for class: org.codehaus.groovy.ast.expr.EmptyExpression>: null

2021-11-18 12:11:21 - [TEST_STEP][PASSED] - a = 0: null

2021-11-18 12:11:21 - [TEST_STEP][PASSED] - elements = findWebElements(findTestObject("Object Repository/Olusturma/Genel/Olusturma/TabloBasliklari"), 10): Found 13 web elements with id: 'Object Repository/Olusturma/Genel/Olusturma/TabloBasliklari' located by 'By.cssSelector: div#divmalhizmet .dxgvTable_LECustomTheme td.dxgvHeader_LECustomTheme tr>td:nth-child(1)' in '10' second(s)

2021-11-18 12:11:21 - [MESSAGE][INFO] - Finding Test Object 'Object Repository/Olusturma/Genel/Olusturma/TabloBasliklari'

2021-11-18 12:11:21 - [MESSAGE][INFO] - Checking timeout

2021-11-18 12:11:21 - [MESSAGE][INFO] - Finding web element with id: 'Object Repository/Olusturma/Genel/Olusturma/TabloBasliklari' located by 'By.cssSelector: div#divmalhizmet .dxgvTable_LECustomTheme td.dxgvHeader_LECustomTheme tr>td:nth-child(1)' in '10' second(s)

2021-11-18 12:11:21 - [MESSAGE][INFO] - Smart Wait Function is triggered

2021-11-18 12:11:22 - [MESSAGE][INFO] - Found 13 web elements with id: 'Object Repository/Olusturma/Genel/Olusturma/TabloBasliklari' located by 'By.cssSelector: div#divmalhizmet .dxgvTable_LECustomTheme td.dxgvHeader_LECustomTheme tr>td:nth-child(1)' in '10' second(s)

2021-11-18 12:11:22 - [TEST_STEP][PASSED] - for (def element : elements): null

2021-11-18 12:11:22 - [TEST_STEP][PASSED] - build().perform(): null

2021-11-18 12:11:22 - [TEST_STEP][PASSED] - if (getText().equals(Baslik)): null

2021-11-18 12:11:22 - [TEST_STEP][PASSED] - build().perform(): null

2021-11-18 12:11:22 - [TEST_STEP][PASSED] - if (getText().equals(Baslik)): null

2021-11-18 12:11:22 - [TEST_STEP][PASSED] - baslikElement = element.findElement(By.xpath("../../../..")): Smart Wait Function is triggered

2021-11-18 12:11:22 - [MESSAGE][INFO] - Smart Wait Function is triggered

2021-11-18 12:11:22 - [TEST_STEP][PASSED] - attr = baslikElement.getAttribute("id"): null

2021-11-18 12:11:22 - [TEST_STEP][PASSED] - println("girdi ve idsini aldı = " + attr): null

2021-11-18 12:11:22 - [TEST_STEP][PASSED] - break: null

2021-11-18 12:11:22 - [TEST_STEP][PASSED] - countElement = baslikElement.findElements(By.xpath("../td")): Smart Wait Function is triggered

2021-11-18 12:11:22 - [MESSAGE][INFO] - Smart Wait Function is triggered

2021-11-18 12:11:22 - [TEST_STEP][PASSED] - for (def element : countElement): null

2021-11-18 12:11:22 - [TEST_STEP][PASSED] - if (toString().equals(attr.toString())): null

2021-11-18 12:11:22 - [TEST_STEP][PASSED] - (a++): null

2021-11-18 12:11:22 - [TEST_STEP][PASSED] - if (toString().equals(attr.toString())): null

2021-11-18 12:11:22 - [TEST_STEP][PASSED] - (a++): null

2021-11-18 12:11:22 - [TEST_STEP][PASSED] - if (toString().equals(attr.toString())): null

2021-11-18 12:11:23 - [TEST_STEP][PASSED] - break: null

2021-11-18 12:11:23 - [TEST_STEP][PASSED] - son = findWebElement(findTestObject("Object Repository/Olusturma/Genel/Olusturma/EklenenSatir")).findElement(By.xpath("td[@class='dxgvInlineEditCell_LECustomTheme dxgv'][" + a + "]//td[@class='dxic']/input")): Smart Wait Function is triggered

2021-11-18 12:11:23 - [MESSAGE][INFO] - Finding Test Object 'Object Repository/Olusturma/Genel/Olusturma/EklenenSatir'

2021-11-18 12:11:23 - [MESSAGE][INFO] - Finding web element from Test Object's properties

2021-11-18 12:11:23 - [MESSAGE][INFO] - Checking timeout

2021-11-18 12:11:23 - [MESSAGE][INFO] - Finding web element with id: 'Object Repository/Olusturma/Genel/Olusturma/EklenenSatir' located by 'By.cssSelector: #divmalhizmet .dxgvInlineEditRow_LECustomTheme' in '30' second(s)

2021-11-18 12:11:23 - [MESSAGE][INFO] - Smart Wait Function is triggered

2021-11-18 12:11:23 - [MESSAGE][INFO] - Found 1 web elements with id: 'Object Repository/Olusturma/Genel/Olusturma/EklenenSatir' located by 'By.cssSelector: #divmalhizmet .dxgvInlineEditRow_LECustomTheme' in '30' second(s)

2021-11-18 12:11:23 - [MESSAGE][INFO] - Smart Wait Function is triggered

2021-11-18 12:11:23 - [TEST_STEP][PASSED] - if (!(getAttribute("value").contains("Vkn"))): null

2021-11-18 12:11:23 - [TEST_STEP][PASSED] - son.clear(): null

2021-11-18 12:11:23 - [TEST_STEP][PASSED] - son.sendKeys(Deger): null

2021-11-18 12:11:23 - [MESSAGE][PASSED] - Call Test Case 'Test Cases/Olusturma/Genel/Olusturma' successfully

2021-11-18 12:11:23 - [MESSAGE][INFO] - Checking called Test Case

2021-11-18 12:11:23 - [MESSAGE][INFO] - Starting to call Test Case 'Test Cases/Olusturma/Genel/Olusturma'

2021-11-18 12:11:23 - [TEST_CASE][PASSED] - Test Cases/Olusturma/Genel/Olusturma: Test Cases/Olusturma/Genel/Olusturma

2021-11-18 12:11:23 - [TEST_STEP][PASSED] - driver = getWebDriver(): null

2021-11-18 12:11:23 - [TEST_STEP][PASSED] - action = new org.openqa.selenium.interactions.Actions(driver): null

2021-11-18 12:11:23 - [TEST_STEP][PASSED] - baslikElement = <not implemented yet for class: org.codehaus.groovy.ast.expr.EmptyExpression>: null

2021-11-18 12:11:23 - [TEST_STEP][PASSED] - sonElement = <not implemented yet for class: org.codehaus.groovy.ast.expr.EmptyExpression>: null

2021-11-18 12:11:23 - [TEST_STEP][PASSED] - attr = <not implemented yet for class: org.codehaus.groovy.ast.expr.EmptyExpression>: null

2021-11-18 12:11:23 - [TEST_STEP][PASSED] - a = 0: null

2021-11-18 12:11:23 - [TEST_STEP][PASSED] - elements = findWebElements(findTestObject("Object Repository/Olusturma/Genel/Olusturma/TabloBasliklari"), 10): Found 13 web elements with id: 'Object Repository/Olusturma/Genel/Olusturma/TabloBasliklari' located by 'By.cssSelector: div#divmalhizmet .dxgvTable_LECustomTheme td.dxgvHeader_LECustomTheme tr>td:nth-child(1)' in '10' second(s)

2021-11-18 12:11:23 - [MESSAGE][INFO] - Finding Test Object 'Object Repository/Olusturma/Genel/Olusturma/TabloBasliklari'

2021-11-18 12:11:24 - [MESSAGE][INFO] - Checking timeout

2021-11-18 12:11:24 - [MESSAGE][INFO] - Finding web element with id: 'Object Repository/Olusturma/Genel/Olusturma/TabloBasliklari' located by 'By.cssSelector: div#divmalhizmet .dxgvTable_LECustomTheme td.dxgvHeader_LECustomTheme tr>td:nth-child(1)' in '10' second(s)

2021-11-18 12:11:24 - [MESSAGE][INFO] - Smart Wait Function is triggered

2021-11-18 12:11:24 - [MESSAGE][INFO] - Found 13 web elements with id: 'Object Repository/Olusturma/Genel/Olusturma/TabloBasliklari' located by 'By.cssSelector: div#divmalhizmet .dxgvTable_LECustomTheme td.dxgvHeader_LECustomTheme tr>td:nth-child(1)' in '10' second(s)

2021-11-18 12:11:24 - [TEST_STEP][PASSED] - for (def element : elements): null

2021-11-18 12:11:24 - [TEST_STEP][PASSED] - build().perform(): null

2021-11-18 12:11:24 - [TEST_STEP][PASSED] - if (getText().equals(Baslik)): null

2021-11-18 12:11:24 - [TEST_STEP][PASSED] - build().perform(): null

2021-11-18 12:11:24 - [TEST_STEP][PASSED] - if (getText().equals(Baslik)): null

2021-11-18 12:11:24 - [TEST_STEP][PASSED] - build().perform(): null

2021-11-18 12:11:24 - [TEST_STEP][PASSED] - if (getText().equals(Baslik)): null

2021-11-18 12:11:24 - [TEST_STEP][PASSED] - build().perform(): null

2021-11-18 12:11:24 - [TEST_STEP][PASSED] - if (getText().equals(Baslik)): null

2021-11-18 12:11:24 - [TEST_STEP][PASSED] - baslikElement = element.findElement(By.xpath("../../../..")): Smart Wait Function is triggered

2021-11-18 12:11:24 - [MESSAGE][INFO] - Smart Wait Function is triggered

2021-11-18 12:11:25 - [TEST_STEP][PASSED] - attr = baslikElement.getAttribute("id"): null

2021-11-18 12:11:25 - [TEST_STEP][PASSED] - println("girdi ve idsini aldı = " + attr): null

2021-11-18 12:11:25 - [TEST_STEP][PASSED] - break: null

2021-11-18 12:11:25 - [TEST_STEP][PASSED] - countElement = baslikElement.findElements(By.xpath("../td")): Smart Wait Function is triggered

2021-11-18 12:11:25 - [MESSAGE][INFO] - Smart Wait Function is triggered

2021-11-18 12:11:25 - [TEST_STEP][PASSED] - for (def element : countElement): null

2021-11-18 12:11:25 - [TEST_STEP][PASSED] - if (toString().equals(attr.toString())): null

2021-11-18 12:11:25 - [TEST_STEP][PASSED] - (a++): null

2021-11-18 12:11:25 - [TEST_STEP][PASSED] - if (toString().equals(attr.toString())): null

2021-11-18 12:11:25 - [TEST_STEP][PASSED] - (a++): null

2021-11-18 12:11:25 - [TEST_STEP][PASSED] - if (toString().equals(attr.toString())): null

2021-11-18 12:11:25 - [TEST_STEP][PASSED] - (a++): null

2021-11-18 12:11:25 - [TEST_STEP][PASSED] - if (toString().equals(attr.toString())): null

2021-11-18 12:11:25 - [TEST_STEP][PASSED] - (a++): null

2021-11-18 12:11:25 - [TEST_STEP][PASSED] - if (toString().equals(attr.toString())): null

2021-11-18 12:11:25 - [TEST_STEP][PASSED] - break: null

2021-11-18 12:11:25 - [TEST_STEP][PASSED] - son = findWebElement(findTestObject("Object Repository/Olusturma/Genel/Olusturma/EklenenSatir")).findElement(By.xpath("td[@class='dxgvInlineEditCell_LECustomTheme dxgv'][" + a + "]//td[@class='dxic']/input")): Smart Wait Function is triggered

2021-11-18 12:11:25 - [MESSAGE][INFO] - Finding Test Object 'Object Repository/Olusturma/Genel/Olusturma/EklenenSatir'

2021-11-18 12:11:25 - [MESSAGE][INFO] - Finding web element from Test Object's properties

2021-11-18 12:11:25 - [MESSAGE][INFO] - Checking timeout

2021-11-18 12:11:25 - [MESSAGE][INFO] - Finding web element with id: 'Object Repository/Olusturma/Genel/Olusturma/EklenenSatir' located by 'By.cssSelector: #divmalhizmet .dxgvInlineEditRow_LECustomTheme' in '30' second(s)

2021-11-18 12:11:25 - [MESSAGE][INFO] - Smart Wait Function is triggered

2021-11-18 12:11:25 - [MESSAGE][INFO] - Found 1 web elements with id: 'Object Repository/Olusturma/Genel/Olusturma/EklenenSatir' located by 'By.cssSelector: #divmalhizmet .dxgvInlineEditRow_LECustomTheme' in '30' second(s)

2021-11-18 12:11:25 - [MESSAGE][INFO] - Smart Wait Function is triggered

2021-11-18 12:11:26 - [TEST_STEP][PASSED] - if (!(getAttribute("value").contains("Vkn"))): null

2021-11-18 12:11:26 - [TEST_STEP][PASSED] - son.clear(): null

2021-11-18 12:11:26 - [TEST_STEP][PASSED] - son.sendKeys(Deger): null

2021-11-18 12:11:26 - [MESSAGE][PASSED] - Call Test Case 'Test Cases/Olusturma/Genel/Olusturma' successfully

2021-11-18 12:11:26 - [MESSAGE][INFO] - Checking called Test Case

2021-11-18 12:11:26 - [MESSAGE][INFO] - Starting to call Test Case 'Test Cases/Olusturma/Genel/Olusturma'

2021-11-18 12:11:26 - [TEST_CASE][PASSED] - Test Cases/Olusturma/Genel/Olusturma: Test Cases/Olusturma/Genel/Olusturma

2021-11-18 12:11:26 - [TEST_STEP][PASSED] - driver = getWebDriver(): null

2021-11-18 12:11:26 - [TEST_STEP][PASSED] - action = new org.openqa.selenium.interactions.Actions(driver): null

2021-11-18 12:11:26 - [TEST_STEP][PASSED] - baslikElement = <not implemented yet for class: org.codehaus.groovy.ast.expr.EmptyExpression>: null

2021-11-18 12:11:26 - [TEST_STEP][PASSED] - sonElement = <not implemented yet for class: org.codehaus.groovy.ast.expr.EmptyExpression>: null

2021-11-18 12:11:26 - [TEST_STEP][PASSED] - attr = <not implemented yet for class: org.codehaus.groovy.ast.expr.EmptyExpression>: null

2021-11-18 12:11:26 - [TEST_STEP][PASSED] - a = 0: null

2021-11-18 12:11:26 - [TEST_STEP][PASSED] - elements = findWebElements(findTestObject("Object Repository/Olusturma/Genel/Olusturma/TabloBasliklari"), 10): Found 13 web elements with id: 'Object Repository/Olusturma/Genel/Olusturma/TabloBasliklari' located by 'By.cssSelector: div#divmalhizmet .dxgvTable_LECustomTheme td.dxgvHeader_LECustomTheme tr>td:nth-child(1)' in '10' second(s)

2021-11-18 12:11:26 - [MESSAGE][INFO] - Finding Test Object 'Object Repository/Olusturma/Genel/Olusturma/TabloBasliklari'

2021-11-18 12:11:26 - [MESSAGE][INFO] - Checking timeout

2021-11-18 12:11:26 - [MESSAGE][INFO] - Finding web element with id: 'Object Repository/Olusturma/Genel/Olusturma/TabloBasliklari' located by 'By.cssSelector: div#divmalhizmet .dxgvTable_LECustomTheme td.dxgvHeader_LECustomTheme tr>td:nth-child(1)' in '10' second(s)

2021-11-18 12:11:26 - [MESSAGE][INFO] - Smart Wait Function is triggered

2021-11-18 12:11:26 - [MESSAGE][INFO] - Found 13 web elements with id: 'Object Repository/Olusturma/Genel/Olusturma/TabloBasliklari' located by 'By.cssSelector: div#divmalhizmet .dxgvTable_LECustomTheme td.dxgvHeader_LECustomTheme tr>td:nth-child(1)' in '10' second(s)

2021-11-18 12:11:26 - [TEST_STEP][PASSED] - for (def element : elements): null

2021-11-18 12:11:26 - [TEST_STEP][PASSED] - build().perform(): null

2021-11-18 12:11:27 - [TEST_STEP][PASSED] - if (getText().equals(Baslik)): null

2021-11-18 12:11:27 - [TEST_STEP][PASSED] - build().perform(): null

2021-11-18 12:11:27 - [TEST_STEP][PASSED] - if (getText().equals(Baslik)): null

2021-11-18 12:11:27 - [TEST_STEP][PASSED] - build().perform(): null

2021-11-18 12:11:27 - [TEST_STEP][PASSED] - if (getText().equals(Baslik)): null

2021-11-18 12:11:27 - [TEST_STEP][PASSED] - build().perform(): null

2021-11-18 12:11:27 - [TEST_STEP][PASSED] - if (getText().equals(Baslik)): null

2021-11-18 12:11:27 - [TEST_STEP][PASSED] - build().perform(): null

2021-11-18 12:11:27 - [TEST_STEP][PASSED] - if (getText().equals(Baslik)): null

2021-11-18 12:11:27 - [TEST_STEP][PASSED] - build().perform(): null

2021-11-18 12:11:27 - [TEST_STEP][PASSED] - if (getText().equals(Baslik)): null

2021-11-18 12:11:27 - [TEST_STEP][PASSED] - baslikElement = element.findElement(By.xpath("../../../..")): Smart Wait Function is triggered

2021-11-18 12:11:27 - [MESSAGE][INFO] - Smart Wait Function is triggered

2021-11-18 12:11:28 - [TEST_STEP][PASSED] - attr = baslikElement.getAttribute("id"): null

2021-11-18 12:11:28 - [TEST_STEP][PASSED] - println("girdi ve idsini aldı = " + attr): null

2021-11-18 12:11:28 - [TEST_STEP][PASSED] - break: null

2021-11-18 12:11:28 - [TEST_STEP][PASSED] - countElement = baslikElement.findElements(By.xpath("../td")): Smart Wait Function is triggered

2021-11-18 12:11:28 - [MESSAGE][INFO] - Smart Wait Function is triggered

2021-11-18 12:11:28 - [TEST_STEP][PASSED] - for (def element : countElement): null

2021-11-18 12:11:28 - [TEST_STEP][PASSED] - if (toString().equals(attr.toString())): null

2021-11-18 12:11:28 - [TEST_STEP][PASSED] - (a++): null

2021-11-18 12:11:28 - [TEST_STEP][PASSED] - if (toString().equals(attr.toString())): null

2021-11-18 12:11:28 - [TEST_STEP][PASSED] - (a++): null

2021-11-18 12:11:28 - [TEST_STEP][PASSED] - if (toString().equals(attr.toString())): null

2021-11-18 12:11:28 - [TEST_STEP][PASSED] - (a++): null

2021-11-18 12:11:28 - [TEST_STEP][PASSED] - if (toString().equals(attr.toString())): null

2021-11-18 12:11:28 - [TEST_STEP][PASSED] - (a++): null

2021-11-18 12:11:28 - [TEST_STEP][PASSED] - if (toString().equals(attr.toString())): null

2021-11-18 12:11:28 - [TEST_STEP][PASSED] - (a++): null

2021-11-18 12:11:28 - [TEST_STEP][PASSED] - if (toString().equals(attr.toString())): null

2021-11-18 12:11:28 - [TEST_STEP][PASSED] - (a++): null

2021-11-18 12:11:28 - [TEST_STEP][PASSED] - if (toString().equals(attr.toString())): null

2021-11-18 12:11:28 - [TEST_STEP][PASSED] - break: null

2021-11-18 12:11:28 - [TEST_STEP][PASSED] - son = findWebElement(findTestObject("Object Repository/Olusturma/Genel/Olusturma/EklenenSatir")).findElement(By.xpath("td[@class='dxgvInlineEditCell_LECustomTheme dxgv'][" + a + "]//td[@class='dxic']/input")): Smart Wait Function is triggered

2021-11-18 12:11:28 - [MESSAGE][INFO] - Finding Test Object 'Object Repository/Olusturma/Genel/Olusturma/EklenenSatir'

2021-11-18 12:11:28 - [MESSAGE][INFO] - Finding web element from Test Object's properties

2021-11-18 12:11:28 - [MESSAGE][INFO] - Checking timeout

2021-11-18 12:11:28 - [MESSAGE][INFO] - Finding web element with id: 'Object Repository/Olusturma/Genel/Olusturma/EklenenSatir' located by 'By.cssSelector: #divmalhizmet .dxgvInlineEditRow_LECustomTheme' in '30' second(s)

2021-11-18 12:11:28 - [MESSAGE][INFO] - Smart Wait Function is triggered

2021-11-18 12:11:28 - [MESSAGE][INFO] - Found 1 web elements with id: 'Object Repository/Olusturma/Genel/Olusturma/EklenenSatir' located by 'By.cssSelector: #divmalhizmet .dxgvInlineEditRow_LECustomTheme' in '30' second(s)

2021-11-18 12:11:28 - [MESSAGE][INFO] - Smart Wait Function is triggered

2021-11-18 12:11:29 - [TEST_STEP][PASSED] - if (!(getAttribute("value").contains("Vkn"))): null

2021-11-18 12:11:29 - [TEST_STEP][PASSED] - son.clear(): null

2021-11-18 12:11:29 - [TEST_STEP][PASSED] - son.sendKeys(Deger): null

2021-11-18 12:11:29 - [MESSAGE][PASSED] - Call Test Case 'Test Cases/Olusturma/Genel/Olusturma' successfully

2021-11-18 12:11:29 - [MESSAGE][INFO] - Checking called Test Case

2021-11-18 12:11:29 - [MESSAGE][INFO] - Starting to call Test Case 'Test Cases/Olusturma/Genel/Olusturma'

2021-11-18 12:11:29 - [TEST_CASE][PASSED] - Test Cases/Olusturma/Genel/Olusturma: Test Cases/Olusturma/Genel/Olusturma

2021-11-18 12:11:29 - [TEST_STEP][PASSED] - driver = getWebDriver(): null

2021-11-18 12:11:29 - [TEST_STEP][PASSED] - action = new org.openqa.selenium.interactions.Actions(driver): null

2021-11-18 12:11:29 - [TEST_STEP][PASSED] - baslikElement = <not implemented yet for class: org.codehaus.groovy.ast.expr.EmptyExpression>: null

2021-11-18 12:11:29 - [TEST_STEP][PASSED] - sonElement = <not implemented yet for class: org.codehaus.groovy.ast.expr.EmptyExpression>: null

2021-11-18 12:11:29 - [TEST_STEP][PASSED] - attr = <not implemented yet for class: org.codehaus.groovy.ast.expr.EmptyExpression>: null

2021-11-18 12:11:29 - [TEST_STEP][PASSED] - a = 0: null

2021-11-18 12:11:29 - [TEST_STEP][PASSED] - elements = findWebElements(findTestObject("Object Repository/Olusturma/Genel/Olusturma/TabloBasliklari"), 10): Found 13 web elements with id: 'Object Repository/Olusturma/Genel/Olusturma/TabloBasliklari' located by 'By.cssSelector: div#divmalhizmet .dxgvTable_LECustomTheme td.dxgvHeader_LECustomTheme tr>td:nth-child(1)' in '10' second(s)

2021-11-18 12:11:29 - [MESSAGE][INFO] - Finding Test Object 'Object Repository/Olusturma/Genel/Olusturma/TabloBasliklari'

2021-11-18 12:11:29 - [MESSAGE][INFO] - Checking timeout

2021-11-18 12:11:29 - [MESSAGE][INFO] - Finding web element with id: 'Object Repository/Olusturma/Genel/Olusturma/TabloBasliklari' located by 'By.cssSelector: div#divmalhizmet .dxgvTable_LECustomTheme td.dxgvHeader_LECustomTheme tr>td:nth-child(1)' in '10' second(s)

2021-11-18 12:11:29 - [MESSAGE][INFO] - Smart Wait Function is triggered

2021-11-18 12:11:29 - [MESSAGE][INFO] - Found 13 web elements with id: 'Object Repository/Olusturma/Genel/Olusturma/TabloBasliklari' located by 'By.cssSelector: div#divmalhizmet .dxgvTable_LECustomTheme td.dxgvHeader_LECustomTheme tr>td:nth-child(1)' in '10' second(s)

2021-11-18 12:11:29 - [TEST_STEP][PASSED] - for (def element : elements): null

2021-11-18 12:11:29 - [TEST_STEP][PASSED] - build().perform(): null

2021-11-18 12:11:29 - [TEST_STEP][PASSED] - if (getText().equals(Baslik)): null

2021-11-18 12:11:29 - [TEST_STEP][PASSED] - build().perform(): null

2021-11-18 12:11:30 - [TEST_STEP][PASSED] - if (getText().equals(Baslik)): null

2021-11-18 12:11:30 - [TEST_STEP][PASSED] - build().perform(): null

2021-11-18 12:11:30 - [TEST_STEP][PASSED] - if (getText().equals(Baslik)): null

2021-11-18 12:11:30 - [TEST_STEP][PASSED] - build().perform(): null

2021-11-18 12:11:30 - [TEST_STEP][PASSED] - if (getText().equals(Baslik)): null

2021-11-18 12:11:30 - [TEST_STEP][PASSED] - build().perform(): null

2021-11-18 12:11:30 - [TEST_STEP][PASSED] - if (getText().equals(Baslik)): null

2021-11-18 12:11:30 - [TEST_STEP][PASSED] - build().perform(): null

2021-11-18 12:11:30 - [TEST_STEP][PASSED] - if (getText().equals(Baslik)): null

2021-11-18 12:11:30 - [TEST_STEP][PASSED] - build().perform(): null

2021-11-18 12:11:30 - [TEST_STEP][PASSED] - if (getText().equals(Baslik)): null

2021-11-18 12:11:30 - [TEST_STEP][PASSED] - baslikElement = element.findElement(By.xpath("../../../..")): Smart Wait Function is triggered

2021-11-18 12:11:30 - [MESSAGE][INFO] - Smart Wait Function is triggered

2021-11-18 12:11:31 - [TEST_STEP][PASSED] - attr = baslikElement.getAttribute("id"): null

2021-11-18 12:11:31 - [TEST_STEP][PASSED] - println("girdi ve idsini aldı = " + attr): null

2021-11-18 12:11:31 - [TEST_STEP][PASSED] - break: null

2021-11-18 12:11:31 - [TEST_STEP][PASSED] - countElement = baslikElement.findElements(By.xpath("../td")): Smart Wait Function is triggered

2021-11-18 12:11:31 - [MESSAGE][INFO] - Smart Wait Function is triggered

2021-11-18 12:11:31 - [TEST_STEP][PASSED] - for (def element : countElement): null

2021-11-18 12:11:31 - [TEST_STEP][PASSED] - if (toString().equals(attr.toString())): null

2021-11-18 12:11:31 - [TEST_STEP][PASSED] - (a++): null

2021-11-18 12:11:31 - [TEST_STEP][PASSED] - if (toString().equals(attr.toString())): null

2021-11-18 12:11:31 - [TEST_STEP][PASSED] - (a++): null

2021-11-18 12:11:31 - [TEST_STEP][PASSED] - if (toString().equals(attr.toString())): null

2021-11-18 12:11:31 - [TEST_STEP][PASSED] - (a++): null

2021-11-18 12:11:31 - [TEST_STEP][PASSED] - if (toString().equals(attr.toString())): null

2021-11-18 12:11:31 - [TEST_STEP][PASSED] - (a++): null

2021-11-18 12:11:31 - [TEST_STEP][PASSED] - if (toString().equals(attr.toString())): null

2021-11-18 12:11:31 - [TEST_STEP][PASSED] - (a++): null

2021-11-18 12:11:31 - [TEST_STEP][PASSED] - if (toString().equals(attr.toString())): null

2021-11-18 12:11:31 - [TEST_STEP][PASSED] - (a++): null

2021-11-18 12:11:31 - [TEST_STEP][PASSED] - if (toString().equals(attr.toString())): null

2021-11-18 12:11:31 - [TEST_STEP][PASSED] - (a++): null

2021-11-18 12:11:31 - [TEST_STEP][PASSED] - if (toString().equals(attr.toString())): null

2021-11-18 12:11:31 - [TEST_STEP][PASSED] - break: null

2021-11-18 12:11:31 - [TEST_STEP][PASSED] - son = findWebElement(findTestObject("Object Repository/Olusturma/Genel/Olusturma/EklenenSatir")).findElement(By.xpath("td[@class='dxgvInlineEditCell_LECustomTheme dxgv'][" + a + "]//td[@class='dxic']/input")): Smart Wait Function is triggered

2021-11-18 12:11:31 - [MESSAGE][INFO] - Finding Test Object 'Object Repository/Olusturma/Genel/Olusturma/EklenenSatir'

2021-11-18 12:11:31 - [MESSAGE][INFO] - Finding web element from Test Object's properties

2021-11-18 12:11:31 - [MESSAGE][INFO] - Checking timeout

2021-11-18 12:11:31 - [MESSAGE][INFO] - Finding web element with id: 'Object Repository/Olusturma/Genel/Olusturma/EklenenSatir' located by 'By.cssSelector: #divmalhizmet .dxgvInlineEditRow_LECustomTheme' in '30' second(s)

2021-11-18 12:11:31 - [MESSAGE][INFO] - Smart Wait Function is triggered

2021-11-18 12:11:31 - [MESSAGE][INFO] - Found 1 web elements with id: 'Object Repository/Olusturma/Genel/Olusturma/EklenenSatir' located by 'By.cssSelector: #divmalhizmet .dxgvInlineEditRow_LECustomTheme' in '30' second(s)

2021-11-18 12:11:31 - [MESSAGE][INFO] - Smart Wait Function is triggered

2021-11-18 12:11:32 - [TEST_STEP][PASSED] - if (!(getAttribute("value").contains("Vkn"))): null

2021-11-18 12:11:32 - [TEST_STEP][PASSED] - son.clear(): null

2021-11-18 12:11:32 - [TEST_STEP][PASSED] - son.sendKeys(Deger): null

2021-11-18 12:11:32 - [MESSAGE][PASSED] - Call Test Case 'Test Cases/Olusturma/Genel/Olusturma' successfully

2021-11-18 12:11:32 - [MESSAGE][INFO] - Checking called Test Case

2021-11-18 12:11:32 - [MESSAGE][INFO] - Starting to call Test Case 'Test Cases/Olusturma/Genel/NotGirilir'

2021-11-18 12:11:32 - [TEST_CASE][PASSED] - Test Cases/Olusturma/Genel/NotGirilir: Test Cases/Olusturma/Genel/NotGirilir

2021-11-18 12:11:32 - [TEST_STEP][PASSED] - i = 0: null

2021-11-18 12:11:32 - [TEST_STEP][PASSED] - waitForElementClickable(findTestObject("Olusturma/Genel/Not/Notlar"), 10): Object 'Object Repository/Olusturma/Genel/Not/Notlar' is clickable

2021-11-18 12:11:32 - [MESSAGE][INFO] - Finding Test Object 'Object Repository/Olusturma/Genel/Not/Notlar'

2021-11-18 12:11:32 - [MESSAGE][INFO] - Checking object

2021-11-18 12:11:32 - [MESSAGE][INFO] - Checking timeout

2021-11-18 12:11:32 - [MESSAGE][INFO] - Finding web element from Test Object's properties

2021-11-18 12:11:32 - [MESSAGE][INFO] - Checking timeout

2021-11-18 12:11:32 - [MESSAGE][INFO] - Finding web element with id: 'Object Repository/Olusturma/Genel/Not/Notlar' located by 'By.xpath: //*[@id = 'txtNote_I']' in '10' second(s)

2021-11-18 12:11:32 - [MESSAGE][INFO] - Smart Wait Function is triggered

2021-11-18 12:11:32 - [MESSAGE][INFO] - Found 1 web elements with id: 'Object Repository/Olusturma/Genel/Not/Notlar' located by 'By.xpath: //*[@id = 'txtNote_I']' in '10' second(s)

2021-11-18 12:11:32 - [MESSAGE][PASSED] - Object 'Object Repository/Olusturma/Genel/Not/Notlar' is clickable

2021-11-18 12:11:32 - [TEST_STEP][PASSED] - clearText(findTestObject("Olusturma/Genel/Not/Notlar")): Text of object 'Object Repository/Olusturma/Genel/Not/Notlar' is cleared

2021-11-18 12:11:32 - [MESSAGE][INFO] - Finding Test Object 'Object Repository/Olusturma/Genel/Not/Notlar'

2021-11-18 12:11:33 - [MESSAGE][INFO] - Checking object

2021-11-18 12:11:33 - [MESSAGE][INFO] - Finding web element from Test Object's properties

2021-11-18 12:11:33 - [MESSAGE][INFO] - Checking timeout

2021-11-18 12:11:33 - [MESSAGE][INFO] - Finding web element with id: 'Object Repository/Olusturma/Genel/Not/Notlar' located by 'By.xpath: //*[@id = 'txtNote_I']' in '30' second(s)

2021-11-18 12:11:33 - [MESSAGE][INFO] - Smart Wait Function is triggered

2021-11-18 12:11:33 - [MESSAGE][INFO] - Found 1 web elements with id: 'Object Repository/Olusturma/Genel/Not/Notlar' located by 'By.xpath: //*[@id = 'txtNote_I']' in '30' second(s)

2021-11-18 12:11:33 - [MESSAGE][INFO] - Clearing text of object 'Object Repository/Olusturma/Genel/Not/Notlar'

2021-11-18 12:11:33 - [MESSAGE][PASSED] - Text of object 'Object Repository/Olusturma/Genel/Not/Notlar' is cleared

2021-11-18 12:11:33 - [TEST_STEP][PASSED] - click(findTestObject("Olusturma/Genel/Not/Notlar")): Object: 'Object Repository/Olusturma/Genel/Not/Notlar' is clicked on

2021-11-18 12:11:33 - [MESSAGE][INFO] - Finding Test Object 'Object Repository/Olusturma/Genel/Not/Notlar'

2021-11-18 12:11:33 - [MESSAGE][INFO] - Checking object

2021-11-18 12:11:33 - [MESSAGE][INFO] - Finding web element from Test Object's properties

2021-11-18 12:11:33 - [MESSAGE][INFO] - Checking timeout

2021-11-18 12:11:33 - [MESSAGE][INFO] - Finding web element with id: 'Object Repository/Olusturma/Genel/Not/Notlar' located by 'By.xpath: //*[@id = 'txtNote_I']' in '30' second(s)

2021-11-18 12:11:33 - [MESSAGE][INFO] - Smart Wait Function is triggered

2021-11-18 12:11:33 - [MESSAGE][INFO] - Found 1 web elements with id: 'Object Repository/Olusturma/Genel/Not/Notlar' located by 'By.xpath: //*[@id = 'txtNote_I']' in '30' second(s)

2021-11-18 12:11:33 - [MESSAGE][INFO] - Clicking on object: 'Object Repository/Olusturma/Genel/Not/Notlar'

2021-11-18 12:11:33 - [MESSAGE][PASSED] - Object: 'Object Repository/Olusturma/Genel/Not/Notlar' is clicked on

2021-11-18 12:11:33 - [TEST_STEP][PASSED] - while (true): null

2021-11-18 12:11:33 - [TEST_STEP][PASSED] - delay(1): Delayed 1 second(s)

2021-11-18 12:11:33 - [MESSAGE][INFO] - Delaying browser in 1 second(s)

2021-11-18 12:11:34 - [MESSAGE][PASSED] - Delayed 1 second(s)

2021-11-18 12:11:34 - [TEST_STEP][PASSED] - ajaxIsComplete = executeJavaScript("return jQuery.active == 0", null): Execute JavaScript 'return jQuery.active == 0' successfully

2021-11-18 12:11:34 - [MESSAGE][PASSED] - Execute JavaScript 'return jQuery.active == 0' successfully

2021-11-18 12:11:34 - [TEST_STEP][PASSED] - if (ajaxIsComplete): null

2021-11-18 12:11:34 - [TEST_STEP][PASSED] - break: null

2021-11-18 12:11:34 - [TEST_STEP][PASSED] - sendKeys(findTestObject("Olusturma/Genel/Not/Notlar"), Not): Keys 'Otomasyon Not' sent to object: 'Object Repository/Olusturma/Genel/Not/Notlar'

2021-11-18 12:11:34 - [MESSAGE][INFO] - Finding Test Object 'Object Repository/Olusturma/Genel/Not/Notlar'

2021-11-18 12:11:35 - [MESSAGE][INFO] - Sending keys 'Otomasyon Not' to object: 'Object Repository/Olusturma/Genel/Not/Notlar'

2021-11-18 12:11:35 - [MESSAGE][INFO] - Finding web element from Test Object's properties

2021-11-18 12:11:35 - [MESSAGE][INFO] - Checking timeout

2021-11-18 12:11:35 - [MESSAGE][INFO] - Finding web element with id: 'Object Repository/Olusturma/Genel/Not/Notlar' located by 'By.xpath: //*[@id = 'txtNote_I']' in '30' second(s)

2021-11-18 12:11:35 - [MESSAGE][INFO] - Smart Wait Function is triggered

2021-11-18 12:11:35 - [MESSAGE][INFO] - Found 1 web elements with id: 'Object Repository/Olusturma/Genel/Not/Notlar' located by 'By.xpath: //*[@id = 'txtNote_I']' in '30' second(s)

2021-11-18 12:11:35 - [MESSAGE][PASSED] - Keys 'Otomasyon Not' sent to object: 'Object Repository/Olusturma/Genel/Not/Notlar'

2021-11-18 12:11:35 - [MESSAGE][PASSED] - Call Test Case 'Test Cases/Olusturma/Genel/NotGirilir' successfully

2021-11-18 12:11:35 - [MESSAGE][INFO] - Checking called Test Case

2021-11-18 12:11:35 - [MESSAGE][INFO] - Starting to call Test Case 'Test Cases/Olusturma/Genel/EttnBilgisiKayitEdilir'

2021-11-18 12:11:35 - [TEST_CASE][PASSED] - Test Cases/Olusturma/Genel/EttnBilgisiKayitEdilir: Test Cases/Olusturma/Genel/EttnBilgisiKayitEdilir

2021-11-18 12:11:35 - [TEST_STEP][PASSED] - verifyElementPresent(findTestObject("Object Repository/Olusturma/Genel/Olusturma/eArsivEttnBilgisi"), 7): Object 'Object Repository/Olusturma/Genel/Olusturma/eArsivEttnBilgisi' is present

2021-11-18 12:11:35 - [MESSAGE][INFO] - Finding Test Object 'Object Repository/Olusturma/Genel/Olusturma/eArsivEttnBilgisi'

2021-11-18 12:11:35 - [MESSAGE][INFO] - Checking object

2021-11-18 12:11:35 - [MESSAGE][INFO] - Finding web element from Test Object's properties

2021-11-18 12:11:35 - [MESSAGE][INFO] - Checking timeout

2021-11-18 12:11:35 - [MESSAGE][INFO] - Finding web element with id: 'Object Repository/Olusturma/Genel/Olusturma/eArsivEttnBilgisi' located by 'By.xpath: //*[@id = 'Uuid_I']' in '7' second(s)

2021-11-18 12:11:35 - [MESSAGE][INFO] - Smart Wait Function is triggered

2021-11-18 12:11:35 - [MESSAGE][INFO] - Found 1 web elements with id: 'Object Repository/Olusturma/Genel/Olusturma/eArsivEttnBilgisi' located by 'By.xpath: //*[@id = 'Uuid_I']' in '7' second(s)

2021-11-18 12:11:35 - [MESSAGE][PASSED] - Object 'Object Repository/Olusturma/Genel/Olusturma/eArsivEttnBilgisi' is present

2021-11-18 12:11:35 - [TEST_STEP][PASSED] - ettn = getAttribute(findTestObject("Object Repository/Olusturma/Genel/Olusturma/eArsivEttnBilgisi"), "value"): Attribute 'value' of object 'Object Repository/Olusturma/Genel/Olusturma/eArsivEttnBilgisi' is: 'beac690c-ee2c-472f-83a7-573913d096a2'

2021-11-18 12:11:35 - [MESSAGE][INFO] - Finding Test Object 'Object Repository/Olusturma/Genel/Olusturma/eArsivEttnBilgisi'

2021-11-18 12:11:35 - [MESSAGE][INFO] - Checking object

2021-11-18 12:11:35 - [MESSAGE][INFO] - Checking attribute

2021-11-18 12:11:35 - [MESSAGE][INFO] - Finding web element from Test Object's properties

2021-11-18 12:11:35 - [MESSAGE][INFO] - Checking timeout

2021-11-18 12:11:35 - [MESSAGE][INFO] - Finding web element with id: 'Object Repository/Olusturma/Genel/Olusturma/eArsivEttnBilgisi' located by 'By.xpath: //*[@id = 'Uuid_I']' in '30' second(s)

2021-11-18 12:11:35 - [MESSAGE][INFO] - Smart Wait Function is triggered

2021-11-18 12:11:36 - [MESSAGE][INFO] - Found 1 web elements with id: 'Object Repository/Olusturma/Genel/Olusturma/eArsivEttnBilgisi' located by 'By.xpath: //*[@id = 'Uuid_I']' in '30' second(s)

2021-11-18 12:11:36 - [MESSAGE][INFO] - Getting attribute 'value' of object 'Object Repository/Olusturma/Genel/Olusturma/eArsivEttnBilgisi'

2021-11-18 12:11:36 - [MESSAGE][PASSED] - Attribute 'value' of object 'Object Repository/Olusturma/Genel/Olusturma/eArsivEttnBilgisi' is: 'beac690c-ee2c-472f-83a7-573913d096a2'

2021-11-18 12:11:36 - [MESSAGE][PASSED] - Call Test Case 'Test Cases/Olusturma/Genel/EttnBilgisiKayitEdilir' successfully

2021-11-18 12:11:36 - [MESSAGE][INFO] - Checking called Test Case

2021-11-18 12:11:36 - [MESSAGE][INFO] - Starting to call Test Case 'Test Cases/Olusturma/Genel/KaydetButonunaTiklanir'

2021-11-18 12:11:36 - [TEST_CASE][PASSED] - Test Cases/Olusturma/Genel/KaydetButonunaTiklanir: Test Cases/Olusturma/Genel/KaydetButonunaTiklanir

2021-11-18 12:11:36 - [TEST_STEP][PASSED] - i = 0: null

2021-11-18 12:11:36 - [TEST_STEP][PASSED] - waitForElementPresent(findTestObject("Olusturma/Genel/Not/Notlar"), 10): Object 'Object Repository/Olusturma/Genel/Not/Notlar' is present

2021-11-18 12:11:36 - [MESSAGE][INFO] - Finding Test Object 'Object Repository/Olusturma/Genel/Not/Notlar'

2021-11-18 12:11:36 - [MESSAGE][INFO] - Checking object

2021-11-18 12:11:36 - [MESSAGE][INFO] - Finding web element from Test Object's properties

2021-11-18 12:11:36 - [MESSAGE][INFO] - Checking timeout

2021-11-18 12:11:36 - [MESSAGE][INFO] - Finding web element with id: 'Object Repository/Olusturma/Genel/Not/Notlar' located by 'By.xpath: //*[@id = 'txtNote_I']' in '10' second(s)

2021-11-18 12:11:36 - [MESSAGE][INFO] - Smart Wait Function is triggered

2021-11-18 12:11:36 - [MESSAGE][INFO] - Found 1 web elements with id: 'Object Repository/Olusturma/Genel/Not/Notlar' located by 'By.xpath: //*[@id = 'txtNote_I']' in '10' second(s)

2021-11-18 12:11:36 - [MESSAGE][PASSED] - Object 'Object Repository/Olusturma/Genel/Not/Notlar' is present

2021-11-18 12:11:36 - [TEST_STEP][PASSED] - click(findTestObject("Olusturma/Genel/Not/Notlar")): Object: 'Object Repository/Olusturma/Genel/Not/Notlar' is clicked on

2021-11-18 12:11:36 - [MESSAGE][INFO] - Finding Test Object 'Object Repository/Olusturma/Genel/Not/Notlar'

2021-11-18 12:11:36 - [MESSAGE][INFO] - Checking object

2021-11-18 12:11:36 - [MESSAGE][INFO] - Finding web element from Test Object's properties

2021-11-18 12:11:36 - [MESSAGE][INFO] - Checking timeout

2021-11-18 12:11:36 - [MESSAGE][INFO] - Finding web element with id: 'Object Repository/Olusturma/Genel/Not/Notlar' located by 'By.xpath: //*[@id = 'txtNote_I']' in '30' second(s)

2021-11-18 12:11:36 - [MESSAGE][INFO] - Smart Wait Function is triggered

2021-11-18 12:11:37 - [MESSAGE][INFO] - Found 1 web elements with id: 'Object Repository/Olusturma/Genel/Not/Notlar' located by 'By.xpath: //*[@id = 'txtNote_I']' in '30' second(s)

2021-11-18 12:11:37 - [MESSAGE][INFO] - Clicking on object: 'Object Repository/Olusturma/Genel/Not/Notlar'

2021-11-18 12:11:37 - [MESSAGE][PASSED] - Object: 'Object Repository/Olusturma/Genel/Not/Notlar' is clicked on

2021-11-18 12:11:37 - [TEST_STEP][PASSED] - while (true): null

2021-11-18 12:11:37 - [TEST_STEP][PASSED] - delay(1): Delayed 1 second(s)

2021-11-18 12:11:37 - [MESSAGE][INFO] - Delaying browser in 1 second(s)

2021-11-18 12:11:38 - [MESSAGE][PASSED] - Delayed 1 second(s)

2021-11-18 12:11:38 - [TEST_STEP][PASSED] - ajaxIsComplete = executeJavaScript("return jQuery.active == 0", null): Execute JavaScript 'return jQuery.active == 0' successfully

2021-11-18 12:11:38 - [MESSAGE][PASSED] - Execute JavaScript 'return jQuery.active == 0' successfully

2021-11-18 12:11:38 - [TEST_STEP][PASSED] - if (ajaxIsComplete): null

2021-11-18 12:11:38 - [TEST_STEP][PASSED] - break: null

2021-11-18 12:11:38 - [TEST_STEP][PASSED] - waitForElementClickable(findTestObject("Object Repository/Olusturma/Genel/Buton"), 10): Object 'Object Repository/Olusturma/Genel/Buton' is clickable

2021-11-18 12:11:38 - [MESSAGE][INFO] - Finding Test Object 'Object Repository/Olusturma/Genel/Buton'

2021-11-18 12:11:38 - [MESSAGE][INFO] - Checking object

2021-11-18 12:11:38 - [MESSAGE][INFO] - Checking timeout

2021-11-18 12:11:38 - [MESSAGE][INFO] - Finding web element from Test Object's properties

2021-11-18 12:11:38 - [MESSAGE][INFO] - Checking timeout

2021-11-18 12:11:38 - [MESSAGE][INFO] - Finding web element with id: 'Object Repository/Olusturma/Genel/Buton' located by 'By.xpath: //*[@id = 'btnKaydet']' in '10' second(s)

2021-11-18 12:11:38 - [MESSAGE][INFO] - Smart Wait Function is triggered

2021-11-18 12:11:38 - [MESSAGE][INFO] - Found 1 web elements with id: 'Object Repository/Olusturma/Genel/Buton' located by 'By.xpath: //*[@id = 'btnKaydet']' in '10' second(s)

2021-11-18 12:11:38 - [MESSAGE][PASSED] - Object 'Object Repository/Olusturma/Genel/Buton' is clickable

2021-11-18 12:11:38 - [TEST_STEP][PASSED] - click(findTestObject("Object Repository/Olusturma/Genel/Buton")): Object: 'Object Repository/Olusturma/Genel/Buton' is clicked on

2021-11-18 12:11:38 - [MESSAGE][INFO] - Finding Test Object 'Object Repository/Olusturma/Genel/Buton'

2021-11-18 12:11:38 - [MESSAGE][INFO] - Checking object

2021-11-18 12:11:38 - [MESSAGE][INFO] - Finding web element from Test Object's properties

2021-11-18 12:11:38 - [MESSAGE][INFO] - Checking timeout

2021-11-18 12:11:38 - [MESSAGE][INFO] - Finding web element with id: 'Object Repository/Olusturma/Genel/Buton' located by 'By.xpath: //*[@id = 'btnKaydet']' in '30' second(s)

2021-11-18 12:11:38 - [MESSAGE][INFO] - Smart Wait Function is triggered

2021-11-18 12:11:38 - [MESSAGE][INFO] - Found 1 web elements with id: 'Object Repository/Olusturma/Genel/Buton' located by 'By.xpath: //*[@id = 'btnKaydet']' in '30' second(s)

2021-11-18 12:11:38 - [MESSAGE][INFO] - Clicking on object: 'Object Repository/Olusturma/Genel/Buton'

2021-11-18 12:11:41 - [MESSAGE][PASSED] - Object: 'Object Repository/Olusturma/Genel/Buton' is clicked on

2021-11-18 12:11:41 - [MESSAGE][PASSED] - Call Test Case 'Test Cases/Olusturma/Genel/KaydetButonunaTiklanir' successfully

2021-11-18 12:11:41 - [MESSAGE][INFO] - Checking called Test Case

2021-11-18 12:11:41 - [MESSAGE][INFO] - Starting to call Test Case 'Test Cases/Tablo/TablodaEttnliVeriOlusturulduMu'

2021-11-18 12:11:41 - [TEST_CASE][PASSED] - Test Cases/Tablo/TablodaEttnliVeriOlusturulduMu: Test Cases/Tablo/TablodaEttnliVeriOlusturulduMu

2021-11-18 12:11:41 - [TEST_STEP][PASSED] - Method.TextDegerineEsitElementVarMi(findTestObject("Tablo/OlusturulanVeri"), ettn): Method.TextDegerineEsitElementVarMi is PASSED

2021-11-18 12:11:41 - [MESSAGE][INFO] - Finding Test Object 'Object Repository/Tablo/OlusturulanVeri'

2021-11-18 12:11:41 - [MESSAGE][INFO] - Checking timeout

2021-11-18 12:11:41 - [MESSAGE][INFO] - Finding web element with id: 'Object Repository/Tablo/OlusturulanVeri' located by 'By.cssSelector: table.dxgvTable_LECustomTheme>tbody>tr:nth-child(3)>td.dxgv b,table.dxgvTable_LECustomTheme>tbody>tr:nth-child(3)>td.dxgv' in '10' second(s)

2021-11-18 12:11:41 - [MESSAGE][INFO] - Smart Wait Function is triggered

2021-11-18 12:11:41 - [MESSAGE][INFO] - Found 14 web elements with id: 'Object Repository/Tablo/OlusturulanVeri' located by 'By.cssSelector: table.dxgvTable_LECustomTheme>tbody>tr:nth-child(3)>td.dxgv b,table.dxgvTable_LECustomTheme>tbody>tr:nth-child(3)>td.dxgv' in '10' second(s)

2021-11-18 12:11:41 - [MESSAGE][PASSED] - Method.TextDegerineEsitElementVarMi is PASSED

2021-11-18 12:11:41 - [MESSAGE][PASSED] - Call Test Case 'Test Cases/Tablo/TablodaEttnliVeriOlusturulduMu' successfully

2021-11-18 12:11:41 - [MESSAGE][INFO] - Checking called Test Case

2021-11-18 12:11:41 - [MESSAGE][INFO] - Starting to call Test Case 'Test Cases/Tablo/TablodanEttnliVeriSec'

2021-11-18 12:11:42 - [TEST_CASE][PASSED] - Test Cases/Tablo/TablodanEttnliVeriSec: Test Cases/Tablo/TablodanEttnliVeriSec

2021-11-18 12:11:42 - [TEST_STEP][PASSED] - Method.TextDegerineEsitElementinAltindakineTikla(findTestObject("Tablo/Veriler"), findTestObject("Tablo/VerininCheckBoxi"), ettn): Method.TextDegerineEsitElementinAltindakineTikla is PASSED

2021-11-18 12:11:42 - [MESSAGE][INFO] - Finding Test Object 'Object Repository/Tablo/Veriler'

2021-11-18 12:11:42 - [MESSAGE][INFO] - Finding Test Object 'Object Repository/Tablo/VerininCheckBoxi'

2021-11-18 12:11:42 - [MESSAGE][INFO] - Checking timeout

2021-11-18 12:11:42 - [MESSAGE][INFO] - Finding web element with id: 'Object Repository/Tablo/Veriler' located by 'By.cssSelector: td.dxgv b ,td.dxgv' in '10' second(s)

2021-11-18 12:11:42 - [MESSAGE][INFO] - Smart Wait Function is triggered

2021-11-18 12:11:42 - [MESSAGE][INFO] - Found 140 web elements with id: 'Object Repository/Tablo/Veriler' located by 'By.cssSelector: td.dxgv b ,td.dxgv' in '10' second(s)

2021-11-18 12:11:42 - [MESSAGE][INFO] - Smart Wait Function is triggered

2021-11-18 12:11:42 - [MESSAGE][PASSED] - Method.TextDegerineEsitElementinAltindakineTikla is PASSED

2021-11-18 12:11:42 - [MESSAGE][PASSED] - Call Test Case 'Test Cases/Tablo/TablodanEttnliVeriSec' successfully

2021-11-18 12:11:42 - [MESSAGE][INFO] - Checking called Test Case

2021-11-18 12:11:42 - [MESSAGE][INFO] - Starting to call Test Case 'Test Cases/Butonlar/ButonaTikla'

2021-11-18 12:11:42 - [TEST_CASE][PASSED] - Test Cases/Butonlar/ButonaTikla: Test Cases/Butonlar/ButonaTikla

2021-11-18 12:11:42 - [TEST_STEP][PASSED] - Method.TextDegerineEsitElementeTiklaEquals(findTestObject("Butonlar/Butonlar"), Buton_Adi): Method.TextDegerineEsitElementeTiklaEquals is PASSED

2021-11-18 12:11:42 - [MESSAGE][INFO] - Finding Test Object 'Object Repository/Butonlar/Butonlar'

2021-11-18 12:11:42 - [MESSAGE][INFO] - Checking timeout

2021-11-18 12:11:42 - [MESSAGE][INFO] - Finding web element with id: 'Object Repository/Butonlar/Butonlar' located by 'By.cssSelector: .panel.panel-default.text-center.footerPanel .btn,.btn.btn-primary.btnControls' in '10' second(s)

2021-11-18 12:11:42 - [MESSAGE][INFO] - Smart Wait Function is triggered

2021-11-18 12:11:43 - [MESSAGE][INFO] - Found 9 web elements with id: 'Object Repository/Butonlar/Butonlar' located by 'By.cssSelector: .panel.panel-default.text-center.footerPanel .btn,.btn.btn-primary.btnControls' in '10' second(s)

2021-11-18 12:11:43 - [MESSAGE][PASSED] - Method.TextDegerineEsitElementeTiklaEquals is PASSED

2021-11-18 12:11:43 - [MESSAGE][PASSED] - Call Test Case 'Test Cases/Butonlar/ButonaTikla' successfully

2021-11-18 12:11:43 - [MESSAGE][INFO] - Checking called Test Case

2021-11-18 12:11:43 - [MESSAGE][INFO] - Starting to call Test Case 'Test Cases/Popup/PopupMesajiIceriyorMu'

2021-11-18 12:11:43 - [TEST_CASE][PASSED] - Test Cases/Popup/PopupMesajiIceriyorMu: Test Cases/Popup/PopupMesajiIceriyorMu

2021-11-18 12:11:43 - [TEST_STEP][PASSED] - waitForElementVisible(findTestObject("Popup/Popup"), 10): Object 'Object Repository/Popup/Popup' is visible

2021-11-18 12:11:43 - [MESSAGE][INFO] - Finding Test Object 'Object Repository/Popup/Popup'

2021-11-18 12:11:43 - [MESSAGE][INFO] - Checking object

2021-11-18 12:11:43 - [MESSAGE][INFO] - Checking timeout

2021-11-18 12:11:43 - [MESSAGE][INFO] - Finding web element from Test Object's properties

2021-11-18 12:11:43 - [MESSAGE][INFO] - Checking timeout

2021-11-18 12:11:43 - [MESSAGE][INFO] - Finding web element with id: 'Object Repository/Popup/Popup' located by 'By.cssSelector: .bootbox-body' in '10' second(s)

2021-11-18 12:11:43 - [MESSAGE][INFO] - Smart Wait Function is triggered

2021-11-18 12:11:44 - [MESSAGE][INFO] - Found 1 web elements with id: 'Object Repository/Popup/Popup' located by 'By.cssSelector: .bootbox-body' in '10' second(s)

2021-11-18 12:11:44 - [MESSAGE][PASSED] - Object 'Object Repository/Popup/Popup' is visible

2021-11-18 12:11:44 - [TEST_STEP][PASSED] - if (!(getText(findTestObject("Popup/Popup")).contains(Mesaj))): Text of object 'Object Repository/Popup/Popup' is: 'Oluşturulacak fatura numarası : INT2021000000114 Fatura numarası oluşturulduktan sonra fatura silinemez. Fatura numarası, tarihi ve ön eki değiştirilemez. Devam etmek istiyor musunuz?'

2021-11-18 12:11:44 - [MESSAGE][INFO] - Finding Test Object 'Object Repository/Popup/Popup'

2021-11-18 12:11:44 - [MESSAGE][INFO] - Checking object

2021-11-18 12:11:44 - [MESSAGE][INFO] - Finding web element from Test Object's properties

2021-11-18 12:11:44 - [MESSAGE][INFO] - Checking timeout

2021-11-18 12:11:44 - [MESSAGE][INFO] - Finding web element with id: 'Object Repository/Popup/Popup' located by 'By.cssSelector: .bootbox-body' in '30' second(s)

2021-11-18 12:11:44 - [MESSAGE][INFO] - Smart Wait Function is triggered

2021-11-18 12:11:44 - [MESSAGE][INFO] - Found 1 web elements with id: 'Object Repository/Popup/Popup' located by 'By.cssSelector: .bootbox-body' in '30' second(s)

2021-11-18 12:11:44 - [MESSAGE][INFO] - Getting text of object 'Object Repository/Popup/Popup'

2021-11-18 12:11:44 - [MESSAGE][PASSED] - Text of object 'Object Repository/Popup/Popup' is: 'Oluşturulacak fatura numarası : INT2021000000114 Fatura numarası oluşturulduktan sonra fatura silinemez. Fatura numarası, tarihi ve ön eki değiştirilemez. Devam etmek istiyor musunuz?'

2021-11-18 12:11:44 - [TEST_STEP][PASSED] - RaporNo = getText(findTestObject("Popup/Popup")).substring(0, 6): Text of object 'Object Repository/Popup/Popup' is: 'Oluşturulacak fatura numarası : INT2021000000114 Fatura numarası oluşturulduktan sonra fatura silinemez. Fatura numarası, tarihi ve ön eki değiştirilemez. Devam etmek istiyor musunuz?'

2021-11-18 12:11:44 - [MESSAGE][INFO] - Finding Test Object 'Object Repository/Popup/Popup'

2021-11-18 12:11:45 - [MESSAGE][INFO] - Checking object

2021-11-18 12:11:45 - [MESSAGE][INFO] - Finding web element from Test Object's properties

2021-11-18 12:11:45 - [MESSAGE][INFO] - Checking timeout

2021-11-18 12:11:45 - [MESSAGE][INFO] - Finding web element with id: 'Object Repository/Popup/Popup' located by 'By.cssSelector: .bootbox-body' in '30' second(s)

2021-11-18 12:11:45 - [MESSAGE][INFO] - Smart Wait Function is triggered

2021-11-18 12:11:45 - [MESSAGE][INFO] - Found 1 web elements with id: 'Object Repository/Popup/Popup' located by 'By.cssSelector: .bootbox-body' in '30' second(s)

2021-11-18 12:11:45 - [MESSAGE][INFO] - Getting text of object 'Object Repository/Popup/Popup'

2021-11-18 12:11:45 - [MESSAGE][PASSED] - Text of object 'Object Repository/Popup/Popup' is: 'Oluşturulacak fatura numarası : INT2021000000114 Fatura numarası oluşturulduktan sonra fatura silinemez. Fatura numarası, tarihi ve ön eki değiştirilemez. Devam etmek istiyor musunuz?'

2021-11-18 12:11:45 - [TEST_STEP][PASSED] - Console.println(RaporNo): null

2021-11-18 12:11:45 - [MESSAGE][PASSED] - Call Test Case 'Test Cases/Popup/PopupMesajiIceriyorMu' successfully

2021-11-18 12:11:45 - [MESSAGE][INFO] - Checking called Test Case

2021-11-18 12:11:45 - [MESSAGE][INFO] - Starting to call Test Case 'Test Cases/Popup/PopupButonSecilir'

2021-11-18 12:11:45 - [TEST_CASE][PASSED] - Test Cases/Popup/PopupButonSecilir: Test Cases/Popup/PopupButonSecilir

2021-11-18 12:11:45 - [TEST_STEP][PASSED] - Method.TextDegerineEsitElementeTikla(findTestObject("Popup/Popup_Butons"), Buton): Method.TextDegerineEsitElementeTikla is PASSED

2021-11-18 12:11:45 - [MESSAGE][INFO] - Finding Test Object 'Object Repository/Popup/Popup_Butons'

2021-11-18 12:11:45 - [MESSAGE][INFO] - Checking timeout

2021-11-18 12:11:45 - [MESSAGE][INFO] - Finding web element with id: 'Object Repository/Popup/Popup_Butons' located by 'By.cssSelector: .modal-footer>button' in '10' second(s)

2021-11-18 12:11:45 - [MESSAGE][INFO] - Smart Wait Function is triggered

2021-11-18 12:11:45 - [MESSAGE][INFO] - Found 2 web elements with id: 'Object Repository/Popup/Popup_Butons' located by 'By.cssSelector: .modal-footer>button' in '10' second(s)

2021-11-18 12:11:45 - [MESSAGE][PASSED] - Method.TextDegerineEsitElementeTikla is PASSED

2021-11-18 12:11:45 - [MESSAGE][PASSED] - Call Test Case 'Test Cases/Popup/PopupButonSecilir' successfully

2021-11-18 12:11:45 - [MESSAGE][INFO] - Checking called Test Case

2021-11-18 12:11:45 - [MESSAGE][INFO] - Starting to call Test Case 'Test Cases/Popup/PopupMesajiIceriyorMu'

2021-11-18 12:11:45 - [TEST_CASE][PASSED] - Test Cases/Popup/PopupMesajiIceriyorMu: Test Cases/Popup/PopupMesajiIceriyorMu

2021-11-18 12:11:45 - [TEST_STEP][PASSED] - waitForElementVisible(findTestObject("Popup/Popup"), 10): Object 'Object Repository/Popup/Popup' is visible

2021-11-18 12:11:45 - [MESSAGE][INFO] - Finding Test Object 'Object Repository/Popup/Popup'

2021-11-18 12:11:46 - [MESSAGE][INFO] - Checking object

2021-11-18 12:11:46 - [MESSAGE][INFO] - Checking timeout

2021-11-18 12:11:46 - [MESSAGE][INFO] - Finding web element from Test Object's properties

2021-11-18 12:11:46 - [MESSAGE][INFO] - Checking timeout

2021-11-18 12:11:46 - [MESSAGE][INFO] - Finding web element with id: 'Object Repository/Popup/Popup' located by 'By.cssSelector: .bootbox-body' in '10' second(s)

2021-11-18 12:11:46 - [MESSAGE][INFO] - Smart Wait Function is triggered

2021-11-18 12:11:46 - [MESSAGE][INFO] - Found 1 web elements with id: 'Object Repository/Popup/Popup' located by 'By.cssSelector: .bootbox-body' in '10' second(s)

2021-11-18 12:11:46 - [MESSAGE][PASSED] - Object 'Object Repository/Popup/Popup' is visible

2021-11-18 12:11:46 - [TEST_STEP][PASSED] - if (!(getText(findTestObject("Popup/Popup")).contains(Mesaj))): Text of object 'Object Repository/Popup/Popup' is: 'Fatura numaranız INT2021000000114 olarak oluşmuştur.'

2021-11-18 12:11:46 - [MESSAGE][INFO] - Finding Test Object 'Object Repository/Popup/Popup'

2021-11-18 12:11:46 - [MESSAGE][INFO] - Checking object

2021-11-18 12:11:46 - [MESSAGE][INFO] - Finding web element from Test Object's properties

2021-11-18 12:11:46 - [MESSAGE][INFO] - Checking timeout

2021-11-18 12:11:46 - [MESSAGE][INFO] - Finding web element with id: 'Object Repository/Popup/Popup' located by 'By.cssSelector: .bootbox-body' in '30' second(s)

2021-11-18 12:11:46 - [MESSAGE][INFO] - Smart Wait Function is triggered

2021-11-18 12:11:47 - [MESSAGE][INFO] - Found 1 web elements with id: 'Object Repository/Popup/Popup' located by 'By.cssSelector: .bootbox-body' in '30' second(s)

2021-11-18 12:11:47 - [MESSAGE][INFO] - Getting text of object 'Object Repository/Popup/Popup'

2021-11-18 12:11:47 - [MESSAGE][PASSED] - Text of object 'Object Repository/Popup/Popup' is: 'Fatura numaranız INT2021000000114 olarak oluşmuştur.'

2021-11-18 12:11:47 - [TEST_STEP][PASSED] - RaporNo = getText(findTestObject("Popup/Popup")).substring(0, 6): Text of object 'Object Repository/Popup/Popup' is: 'Fatura numaranız INT2021000000114 olarak oluşmuştur.'

2021-11-18 12:11:47 - [MESSAGE][INFO] - Finding Test Object 'Object Repository/Popup/Popup'

2021-11-18 12:11:47 - [MESSAGE][INFO] - Checking object

2021-11-18 12:11:47 - [MESSAGE][INFO] - Finding web element from Test Object's properties

2021-11-18 12:11:47 - [MESSAGE][INFO] - Checking timeout

2021-11-18 12:11:47 - [MESSAGE][INFO] - Finding web element with id: 'Object Repository/Popup/Popup' located by 'By.cssSelector: .bootbox-body' in '30' second(s)

2021-11-18 12:11:47 - [MESSAGE][INFO] - Smart Wait Function is triggered

2021-11-18 12:11:47 - [MESSAGE][INFO] - Found 1 web elements with id: 'Object Repository/Popup/Popup' located by 'By.cssSelector: .bootbox-body' in '30' second(s)

2021-11-18 12:11:47 - [MESSAGE][INFO] - Getting text of object 'Object Repository/Popup/Popup'

2021-11-18 12:11:47 - [MESSAGE][PASSED] - Text of object 'Object Repository/Popup/Popup' is: 'Fatura numaranız INT2021000000114 olarak oluşmuştur.'

2021-11-18 12:11:47 - [TEST_STEP][PASSED] - Console.println(RaporNo): null

2021-11-18 12:11:47 - [MESSAGE][PASSED] - Call Test Case 'Test Cases/Popup/PopupMesajiIceriyorMu' successfully

2021-11-18 12:11:47 - [MESSAGE][INFO] - Checking called Test Case

2021-11-18 12:11:47 - [MESSAGE][INFO] - Starting to call Test Case 'Test Cases/Popup/PopupButonSecilir'

2021-11-18 12:11:47 - [TEST_CASE][PASSED] - Test Cases/Popup/PopupButonSecilir: Test Cases/Popup/PopupButonSecilir

2021-11-18 12:11:47 - [TEST_STEP][PASSED] - Method.TextDegerineEsitElementeTikla(findTestObject("Popup/Popup_Butons"), Buton): Method.TextDegerineEsitElementeTikla is PASSED

2021-11-18 12:11:47 - [MESSAGE][INFO] - Finding Test Object 'Object Repository/Popup/Popup_Butons'

2021-11-18 12:11:47 - [MESSAGE][INFO] - Checking timeout

2021-11-18 12:11:47 - [MESSAGE][INFO] - Finding web element with id: 'Object Repository/Popup/Popup_Butons' located by 'By.cssSelector: .modal-footer>button' in '10' second(s)

2021-11-18 12:11:47 - [MESSAGE][INFO] - Smart Wait Function is triggered

2021-11-18 12:11:47 - [MESSAGE][INFO] - Found 1 web elements with id: 'Object Repository/Popup/Popup_Butons' located by 'By.cssSelector: .modal-footer>button' in '10' second(s)

2021-11-18 12:11:47 - [MESSAGE][PASSED] - Method.TextDegerineEsitElementeTikla is PASSED

2021-11-18 12:11:47 - [MESSAGE][PASSED] - Call Test Case 'Test Cases/Popup/PopupButonSecilir' successfully

2021-11-18 12:11:47 - [MESSAGE][INFO] - Checking called Test Case

2021-11-18 12:11:47 - [MESSAGE][INFO] - Starting to call Test Case 'Test Cases/Tablo/TablodanEttnliVeriSec'

2021-11-18 12:11:47 - [TEST_CASE][PASSED] - Test Cases/Tablo/TablodanEttnliVeriSec: Test Cases/Tablo/TablodanEttnliVeriSec

2021-11-18 12:11:47 - [TEST_STEP][PASSED] - Method.TextDegerineEsitElementinAltindakineTikla(findTestObject("Tablo/Veriler"), findTestObject("Tablo/VerininCheckBoxi"), ettn): Method.TextDegerineEsitElementinAltindakineTikla is PASSED

2021-11-18 12:11:47 - [MESSAGE][INFO] - Finding Test Object 'Object Repository/Tablo/Veriler'

2021-11-18 12:11:48 - [MESSAGE][INFO] - Finding Test Object 'Object Repository/Tablo/VerininCheckBoxi'

2021-11-18 12:11:48 - [MESSAGE][INFO] - Checking timeout

2021-11-18 12:11:48 - [MESSAGE][INFO] - Finding web element with id: 'Object Repository/Tablo/Veriler' located by 'By.cssSelector: td.dxgv b ,td.dxgv' in '10' second(s)

2021-11-18 12:11:48 - [MESSAGE][INFO] - Smart Wait Function is triggered

2021-11-18 12:11:48 - [MESSAGE][INFO] - Found 140 web elements with id: 'Object Repository/Tablo/Veriler' located by 'By.cssSelector: td.dxgv b ,td.dxgv' in '10' second(s)

2021-11-18 12:11:48 - [MESSAGE][INFO] - Smart Wait Function is triggered

2021-11-18 12:11:49 - [MESSAGE][PASSED] - Method.TextDegerineEsitElementinAltindakineTikla is PASSED

2021-11-18 12:11:49 - [MESSAGE][PASSED] - Call Test Case 'Test Cases/Tablo/TablodanEttnliVeriSec' successfully

2021-11-18 12:11:49 - [MESSAGE][INFO] - Checking called Test Case

2021-11-18 12:11:49 - [MESSAGE][INFO] - Starting to call Test Case 'Test Cases/Butonlar/ButonaTikla'

2021-11-18 12:11:49 - [TEST_CASE][PASSED] - Test Cases/Butonlar/ButonaTikla: Test Cases/Butonlar/ButonaTikla

2021-11-18 12:11:49 - [TEST_STEP][PASSED] - Method.TextDegerineEsitElementeTiklaEquals(findTestObject("Butonlar/Butonlar"), Buton_Adi): Method.TextDegerineEsitElementeTiklaEquals is PASSED

2021-11-18 12:11:49 - [MESSAGE][INFO] - Finding Test Object 'Object Repository/Butonlar/Butonlar'

2021-11-18 12:11:49 - [MESSAGE][INFO] - Checking timeout

2021-11-18 12:11:49 - [MESSAGE][INFO] - Finding web element with id: 'Object Repository/Butonlar/Butonlar' located by 'By.cssSelector: .panel.panel-default.text-center.footerPanel .btn,.btn.btn-primary.btnControls' in '10' second(s)

2021-11-18 12:11:49 - [MESSAGE][INFO] - Smart Wait Function is triggered

2021-11-18 12:11:49 - [MESSAGE][INFO] - Found 9 web elements with id: 'Object Repository/Butonlar/Butonlar' located by 'By.cssSelector: .panel.panel-default.text-center.footerPanel .btn,.btn.btn-primary.btnControls' in '10' second(s)

2021-11-18 12:11:50 - [MESSAGE][PASSED] - Method.TextDegerineEsitElementeTiklaEquals is PASSED

2021-11-18 12:11:50 - [MESSAGE][PASSED] - Call Test Case 'Test Cases/Butonlar/ButonaTikla' successfully

2021-11-18 12:11:50 - [MESSAGE][INFO] - Checking called Test Case

2021-11-18 12:11:50 - [MESSAGE][INFO] - Starting to call Test Case 'Test Cases/Popup/PopupMesajiIceriyorMu'

2021-11-18 12:11:50 - [TEST_CASE][PASSED] - Test Cases/Popup/PopupMesajiIceriyorMu: Test Cases/Popup/PopupMesajiIceriyorMu

2021-11-18 12:11:50 - [TEST_STEP][PASSED] - waitForElementVisible(findTestObject("Popup/Popup"), 10): Object 'Object Repository/Popup/Popup' is visible

2021-11-18 12:11:50 - [MESSAGE][INFO] - Finding Test Object 'Object Repository/Popup/Popup'

2021-11-18 12:11:50 - [MESSAGE][INFO] - Checking object

2021-11-18 12:11:50 - [MESSAGE][INFO] - Checking timeout

2021-11-18 12:11:50 - [MESSAGE][INFO] - Finding web element from Test Object's properties

2021-11-18 12:11:50 - [MESSAGE][INFO] - Checking timeout

2021-11-18 12:11:50 - [MESSAGE][INFO] - Finding web element with id: 'Object Repository/Popup/Popup' located by 'By.cssSelector: .bootbox-body' in '10' second(s)

2021-11-18 12:11:50 - [MESSAGE][INFO] - Smart Wait Function is triggered

2021-11-18 12:11:50 - [MESSAGE][INFO] - Found 1 web elements with id: 'Object Repository/Popup/Popup' located by 'By.cssSelector: .bootbox-body' in '10' second(s)

2021-11-18 12:11:50 - [MESSAGE][PASSED] - Object 'Object Repository/Popup/Popup' is visible

2021-11-18 12:11:50 - [TEST_STEP][PASSED] - if (!(getText(findTestObject("Popup/Popup")).contains(Mesaj))): Text of object 'Object Repository/Popup/Popup' is: 'Seçilen faturalarınız onaylanacaktır. Onaylanan faturalar üzerinde değişiklik yapılamaz. Devam etmek istiyor musunuz?'

2021-11-18 12:11:50 - [MESSAGE][INFO] - Finding Test Object 'Object Repository/Popup/Popup'

2021-11-18 12:11:50 - [MESSAGE][INFO] - Checking object

2021-11-18 12:11:50 - [MESSAGE][INFO] - Finding web element from Test Object's properties

2021-11-18 12:11:50 - [MESSAGE][INFO] - Checking timeout

2021-11-18 12:11:50 - [MESSAGE][INFO] - Finding web element with id: 'Object Repository/Popup/Popup' located by 'By.cssSelector: .bootbox-body' in '30' second(s)

2021-11-18 12:11:50 - [MESSAGE][INFO] - Smart Wait Function is triggered

2021-11-18 12:11:50 - [MESSAGE][INFO] - Found 1 web elements with id: 'Object Repository/Popup/Popup' located by 'By.cssSelector: .bootbox-body' in '30' second(s)

2021-11-18 12:11:50 - [MESSAGE][INFO] - Getting text of object 'Object Repository/Popup/Popup'

2021-11-18 12:11:50 - [MESSAGE][PASSED] - Text of object 'Object Repository/Popup/Popup' is: 'Seçilen faturalarınız onaylanacaktır. Onaylanan faturalar üzerinde değişiklik yapılamaz. Devam etmek istiyor musunuz?'

2021-11-18 12:11:50 - [TEST_STEP][PASSED] - RaporNo = getText(findTestObject("Popup/Popup")).substring(0, 6): Text of object 'Object Repository/Popup/Popup' is: 'Seçilen faturalarınız onaylanacaktır. Onaylanan faturalar üzerinde değişiklik yapılamaz. Devam etmek istiyor musunuz?'

2021-11-18 12:11:50 - [MESSAGE][INFO] - Finding Test Object 'Object Repository/Popup/Popup'

2021-11-18 12:11:51 - [MESSAGE][INFO] - Checking object

2021-11-18 12:11:51 - [MESSAGE][INFO] - Finding web element from Test Object's properties

2021-11-18 12:11:51 - [MESSAGE][INFO] - Checking timeout

2021-11-18 12:11:51 - [MESSAGE][INFO] - Finding web element with id: 'Object Repository/Popup/Popup' located by 'By.cssSelector: .bootbox-body' in '30' second(s)

2021-11-18 12:11:51 - [MESSAGE][INFO] - Smart Wait Function is triggered

2021-11-18 12:11:51 - [MESSAGE][INFO] - Found 1 web elements with id: 'Object Repository/Popup/Popup' located by 'By.cssSelector: .bootbox-body' in '30' second(s)

2021-11-18 12:11:51 - [MESSAGE][INFO] - Getting text of object 'Object Repository/Popup/Popup'

2021-11-18 12:11:51 - [MESSAGE][PASSED] - Text of object 'Object Repository/Popup/Popup' is: 'Seçilen faturalarınız onaylanacaktır. Onaylanan faturalar üzerinde değişiklik yapılamaz. Devam etmek istiyor musunuz?'

2021-11-18 12:11:51 - [TEST_STEP][PASSED] - Console.println(RaporNo): null

2021-11-18 12:11:51 - [MESSAGE][PASSED] - Call Test Case 'Test Cases/Popup/PopupMesajiIceriyorMu' successfully

2021-11-18 12:11:51 - [MESSAGE][INFO] - Checking called Test Case

2021-11-18 12:11:51 - [MESSAGE][INFO] - Starting to call Test Case 'Test Cases/Popup/PopupButonSecilir'

2021-11-18 12:11:51 - [TEST_CASE][PASSED] - Test Cases/Popup/PopupButonSecilir: Test Cases/Popup/PopupButonSecilir

2021-11-18 12:11:51 - [TEST_STEP][PASSED] - Method.TextDegerineEsitElementeTikla(findTestObject("Popup/Popup_Butons"), Buton): Method.TextDegerineEsitElementeTikla is PASSED

2021-11-18 12:11:51 - [MESSAGE][INFO] - Finding Test Object 'Object Repository/Popup/Popup_Butons'

2021-11-18 12:11:51 - [MESSAGE][INFO] - Checking timeout

2021-11-18 12:11:51 - [MESSAGE][INFO] - Finding web element with id: 'Object Repository/Popup/Popup_Butons' located by 'By.cssSelector: .modal-footer>button' in '10' second(s)

2021-11-18 12:11:51 - [MESSAGE][INFO] - Smart Wait Function is triggered

2021-11-18 12:11:51 - [MESSAGE][INFO] - Found 2 web elements with id: 'Object Repository/Popup/Popup_Butons' located by 'By.cssSelector: .modal-footer>button' in '10' second(s)

2021-11-18 12:11:51 - [MESSAGE][PASSED] - Method.TextDegerineEsitElementeTikla is PASSED

2021-11-18 12:11:51 - [MESSAGE][PASSED] - Call Test Case 'Test Cases/Popup/PopupButonSecilir' successfully

2021-11-18 12:11:51 - [MESSAGE][INFO] - Checking called Test Case

2021-11-18 12:11:51 - [MESSAGE][INFO] - Starting to call Test Case 'Test Cases/Menu/AnaMenuSecimi'

2021-11-18 12:11:51 - [TEST_CASE][PASSED] - Test Cases/Menu/AnaMenuSecimi: Test Cases/Menu/AnaMenuSecimi

2021-11-18 12:11:51 - [TEST_STEP][PASSED] - Method.TextDegerineEsitElementeTikla(findTestObject("Menu/Ana_Menu"), Ana_Menu): Method.TextDegerineEsitElementeTikla is PASSED

2021-11-18 12:11:51 - [MESSAGE][INFO] - Finding Test Object 'Object Repository/Menu/Ana_Menu'

2021-11-18 12:11:51 - [MESSAGE][INFO] - Checking timeout

2021-11-18 12:11:51 - [MESSAGE][INFO] - Finding web element with id: 'Object Repository/Menu/Ana_Menu' located by 'By.xpath: //*[@class = 'dropdown-toggle']' in '10' second(s)

2021-11-18 12:11:51 - [MESSAGE][INFO] - Smart Wait Function is triggered

2021-11-18 12:11:53 - [MESSAGE][INFO] - Found 14 web elements with id: 'Object Repository/Menu/Ana_Menu' located by 'By.xpath: //*[@class = 'dropdown-toggle']' in '10' second(s)

2021-11-18 12:11:53 - [MESSAGE][PASSED] - Method.TextDegerineEsitElementeTikla is PASSED

2021-11-18 12:11:53 - [MESSAGE][PASSED] - Call Test Case 'Test Cases/Menu/AnaMenuSecimi' successfully

2021-11-18 12:11:53 - [MESSAGE][INFO] - Checking called Test Case

2021-11-18 12:11:53 - [MESSAGE][INFO] - Starting to call Test Case 'Test Cases/Menu/BasligaGoreAltMenuSecimi'

2021-11-18 12:11:53 - [TEST_CASE][PASSED] - Test Cases/Menu/BasligaGoreAltMenuSecimi: Test Cases/Menu/BasligaGoreAltMenuSecimi

2021-11-18 12:11:53 - [TEST_STEP][PASSED] - Method.TextDegerineEsitElementinAltindakiTextDegerineEsitOlanaTikla(findTestObject("Menu/Menu_Basligi"), findTestObject("Menu/Basliga_Gore_Alt_Menu"), Baslik, Alt_Menu): Method.TextDegerineEsitElementinAltindakiTextDegerineEsitOlanaTikla is PASSED

2021-11-18 12:11:53 - [MESSAGE][INFO] - Finding Test Object 'Object Repository/Menu/Menu_Basligi'

2021-11-18 12:11:53 - [MESSAGE][INFO] - Finding Test Object 'Object Repository/Menu/Basliga_Gore_Alt_Menu'

2021-11-18 12:11:53 - [MESSAGE][INFO] - Checking timeout

2021-11-18 12:11:53 - [MESSAGE][INFO] - Finding web element with id: 'Object Repository/Menu/Menu_Basligi' located by 'By.xpath: //li[@class='dropdown dropdown-large open']//li[@class='dropdown-header']' in '10' second(s)

2021-11-18 12:11:53 - [MESSAGE][INFO] - Smart Wait Function is triggered

2021-11-18 12:11:53 - [MESSAGE][INFO] - Found 2 web elements with id: 'Object Repository/Menu/Menu_Basligi' located by 'By.xpath: //li[@class='dropdown dropdown-large open']//li[@class='dropdown-header']' in '10' second(s)

2021-11-18 12:11:53 - [MESSAGE][INFO] - Smart Wait Function is triggered

2021-11-18 12:11:54 - [MESSAGE][PASSED] - Method.TextDegerineEsitElementinAltindakiTextDegerineEsitOlanaTikla is PASSED

2021-11-18 12:11:54 - [MESSAGE][PASSED] - Call Test Case 'Test Cases/Menu/BasligaGoreAltMenuSecimi' successfully

2021-11-18 12:11:54 - [MESSAGE][INFO] - Checking called Test Case

2021-11-18 12:11:54 - [MESSAGE][INFO] - Starting to call Test Case 'Test Cases/Filtreler/EttnYaz'

2021-11-18 12:11:54 - [TEST_CASE][PASSED] - Test Cases/Filtreler/EttnYaz: Test Cases/Filtreler/EttnYaz

2021-11-18 12:11:54 - [TEST_STEP][PASSED] - Method.TextDegerineEsitElementinAltindakiTextboxtaYaz(findTestObject("Filtreler/Basliklar"), findTestObject("Filtreler/Basliga_Gore_Textbox"), "ETTN", ettn): Method.TextDegerineEsitElementinAltindakiTextboxtaYaz is PASSED

2021-11-18 12:11:54 - [MESSAGE][INFO] - Finding Test Object 'Object Repository/Filtreler/Basliklar'

2021-11-18 12:11:54 - [MESSAGE][INFO] - Finding Test Object 'Object Repository/Filtreler/Basliga_Gore_Textbox'

2021-11-18 12:11:55 - [MESSAGE][INFO] - Checking timeout

2021-11-18 12:11:55 - [MESSAGE][INFO] - Finding web element with id: 'Object Repository/Filtreler/Basliklar' located by 'By.cssSelector: .control-label.col-sm-4.paddingMarginRLC' in '10' second(s)

2021-11-18 12:11:55 - [MESSAGE][INFO] - Smart Wait Function is triggered

2021-11-18 12:11:55 - [MESSAGE][INFO] - Found 19 web elements with id: 'Object Repository/Filtreler/Basliklar' located by 'By.cssSelector: .control-label.col-sm-4.paddingMarginRLC' in '10' second(s)

2021-11-18 12:11:55 - [MESSAGE][INFO] - Smart Wait Function is triggered

2021-11-18 12:11:55 - [MESSAGE][PASSED] - Method.TextDegerineEsitElementinAltindakiTextboxtaYaz is PASSED

2021-11-18 12:11:55 - [MESSAGE][PASSED] - Call Test Case 'Test Cases/Filtreler/EttnYaz' successfully

2021-11-18 12:11:55 - [MESSAGE][INFO] - Checking called Test Case

2021-11-18 12:11:55 - [MESSAGE][INFO] - Starting to call Test Case 'Test Cases/Filtreler/ButonaTikla'

2021-11-18 12:11:55 - [TEST_CASE][PASSED] - Test Cases/Filtreler/ButonaTikla: Test Cases/Filtreler/ButonaTikla

2021-11-18 12:11:55 - [TEST_STEP][PASSED] - Method.TextDegerineEsitElementeTikla(findTestObject("Filtreler/Butonlar"), Filtre_Buton): Method.TextDegerineEsitElementeTikla is PASSED

2021-11-18 12:11:55 - [MESSAGE][INFO] - Finding Test Object 'Object Repository/Filtreler/Butonlar'

2021-11-18 12:11:55 - [MESSAGE][INFO] - Checking timeout

2021-11-18 12:11:55 - [MESSAGE][INFO] - Finding web element with id: 'Object Repository/Filtreler/Butonlar' located by 'By.cssSelector: .dxb>span' in '10' second(s)

2021-11-18 12:11:55 - [MESSAGE][INFO] - Smart Wait Function is triggered

2021-11-18 12:11:56 - [MESSAGE][INFO] - Found 3 web elements with id: 'Object Repository/Filtreler/Butonlar' located by 'By.cssSelector: .dxb>span' in '10' second(s)

2021-11-18 12:11:56 - [MESSAGE][PASSED] - Method.TextDegerineEsitElementeTikla is PASSED

2021-11-18 12:11:56 - [MESSAGE][PASSED] - Call Test Case 'Test Cases/Filtreler/ButonaTikla' successfully

2021-11-18 12:11:56 - [MESSAGE][INFO] - Checking called Test Case

2021-11-18 12:11:56 - [MESSAGE][INFO] - Starting to call Test Case 'Test Cases/Tablo/TablodaVeriVarMi'

2021-11-18 12:11:56 - [TEST_CASE][PASSED] - Test Cases/Tablo/TablodaVeriVarMi: Test Cases/Tablo/TablodaVeriVarMi

2021-11-18 12:11:56 - [TEST_STEP][PASSED] - verifyTextNotPresent("Görüntülenecek veri yok", true): Text 'Görüntülenecek veri yok' is not present on page using regular expression

2021-11-18 12:11:56 - [MESSAGE][INFO] - Checking text present  using regular expression

2021-11-18 12:11:56 - [MESSAGE][INFO] - Smart Wait Function is triggered

2021-11-18 12:11:56 - [MESSAGE][INFO] - Finding text 'Görüntülenecek veri yok' on page  using regular expression

2021-11-18 12:11:56 - [MESSAGE][PASSED] - Text 'Görüntülenecek veri yok' is not present on page using regular expression

2021-11-18 12:11:56 - [MESSAGE][PASSED] - Call Test Case 'Test Cases/Tablo/TablodaVeriVarMi' successfully

2021-11-18 12:11:56 - [MESSAGE][INFO] - Checking called Test Case

2021-11-18 12:11:56 - [MESSAGE][INFO] - Starting to call Test Case 'Test Cases/Tablo/TablodaVeriBasariliMiArsiv'

2021-11-18 12:11:56 - [TEST_CASE][PASSED] - Test Cases/Tablo/TablodaVeriBasariliMiArsiv: Test Cases/Tablo/TablodaVeriBasariliMiArsiv

2021-11-18 12:11:57 - [TEST_STEP][PASSED] - sayac = 80: null

2021-11-18 12:11:57 - [TEST_STEP][PASSED] - while (verifyElementText(findTestObject("Object Repository/Tablo/DurumBilgisiArsiv"), "Henüz Sonuçlanmadı", OPTIONAL)): Actual text 'Başarılı' and expected text 'Henüz Sonuçlanmadı' of test object 'Object Repository/Tablo/DurumBilgisiArsiv' are NOT matched. (Root cause: com.kms.katalon.core.exception.StepFailedException: Actual text 'Başarılı' and expected text 'Henüz Sonuçlanmadı' of test object 'Object Repository/Tablo/DurumBilgisiArsiv' are NOT matched.
	at com.kms.katalon.core.webui.keyword.internal.WebUIKeywordMain.stepFailed(WebUIKeywordMain.groovy:64)
	at com.kms.katalon.core.webui.keyword.builtin.VerifyElementTextKeyword$_verifyElementText_closure1.doCall(VerifyElementTextKeyword.groovy:57)
	at com.kms.katalon.core.webui.keyword.builtin.VerifyElementTextKeyword$_verifyElementText_closure1.call(VerifyElementTextKeyword.groovy)
	at com.kms.katalon.core.webui.keyword.internal.WebUIKeywordMain.runKeyword(WebUIKeywordMain.groovy:20)
	at com.kms.katalon.core.webui.keyword.builtin.VerifyElementTextKeyword.verifyElementText(VerifyElementTextKeyword.groovy:72)
	at com.kms.katalon.core.webui.keyword.builtin.VerifyElementTextKeyword.execute(VerifyElementTextKeyword.groovy:40)
	at com.kms.katalon.core.keyword.internal.KeywordExecutor.executeKeywordForPlatform(KeywordExecutor.groovy:73)
	at com.kms.katalon.core.webui.keyword.WebUiBuiltInKeywords.verifyElementText(WebUiBuiltInKeywords.groovy:4733)
	at com.kms.katalon.core.webui.keyword.WebUiBuiltInKeywords$verifyElementText$20.call(Unknown Source)
	at TablodaVeriBasariliMiArsiv.run(TablodaVeriBasariliMiArsiv:22)
	at com.kms.katalon.core.main.ScriptEngine.run(ScriptEngine.java:194)
	at com.kms.katalon.core.main.ScriptEngine.runScriptAsRawText(ScriptEngine.java:119)
	at com.kms.katalon.core.main.TestCaseExecutor.runScript(TestCaseExecutor.java:369)
	at com.kms.katalon.core.main.TestCaseExecutor.doExecute(TestCaseExecutor.java:360)
	at com.kms.katalon.core.main.TestCaseExecutor.processExecutionPhase(TestCaseExecutor.java:339)
	at com.kms.katalon.core.main.TestCaseExecutor.accessMainPhase(TestCaseExecutor.java:331)
	at com.kms.katalon.core.main.TestCaseExecutor.execute(TestCaseExecutor.java:248)
	at com.kms.katalon.core.main.TestCaseMain.runTestCase(TestCaseMain.java:138)
	at com.kms.katalon.core.keyword.builtin.CallTestCaseKeyword$_callTestCase_closure1.doCall(CallTestCaseKeyword.groovy:59)
	at com.kms.katalon.core.keyword.builtin.CallTestCaseKeyword$_callTestCase_closure1.call(CallTestCaseKeyword.groovy)
	at com.kms.katalon.core.keyword.internal.KeywordMain.runKeyword(KeywordMain.groovy:68)
	at com.kms.katalon.core.keyword.builtin.CallTestCaseKeyword.callTestCase(CallTestCaseKeyword.groovy:81)
	at com.kms.katalon.core.keyword.builtin.CallTestCaseKeyword.execute(CallTestCaseKeyword.groovy:44)
	at com.kms.katalon.core.keyword.internal.KeywordExecutor.executeKeywordForPlatform(KeywordExecutor.groovy:73)
	at com.kms.katalon.core.keyword.BuiltinKeywords.callTestCase(BuiltinKeywords.groovy:334)
	at tablo.tablo.tablodaVeriBasariliMiArsiv(tablo.groovy:95)
	at cucumber.runtime.Utils$1.call(Utils.java:26)
	at cucumber.runtime.Timeout.timeout(Timeout.java:16)
	at cucumber.runtime.Utils.invoke(Utils.java:20)
	at cucumber.runtime.java.JavaStepDefinition.execute(JavaStepDefinition.java:49)
	at cucumber.runner.PickleStepDefinitionMatch.runStep(PickleStepDefinitionMatch.java:50)
	at cucumber.runner.TestStep.executeStep(TestStep.java:63)
	at cucumber.runner.TestStep.run(TestStep.java:49)
	at cucumber.runner.PickleStepTestStep.run(PickleStepTestStep.java:43)
	at cucumber.runner.TestCase.run(TestCase.java:44)
	at cucumber.runner.Runner.runPickle(Runner.java:40)
	at cucumber.runtime.Runtime$1.run(Runtime.java:84)
	at cucumber.runtime.Runtime$SameThreadExecutorService.execute(Runtime.java:220)
	at cucumber.runtime.Runtime.run(Runtime.java:81)
	at cucumber.api.cli.Main.run(Main.java:26)
	at cucumber.api.cli.Main$run.call(Unknown Source)
	at com.kms.katalon.core.cucumber.keyword.CucumberBuiltinKeywords$_runFeatureFile_closure1.doCall(CucumberBuiltinKeywords.groovy:106)
	at com.kms.katalon.core.cucumber.keyword.CucumberBuiltinKeywords$_runFeatureFile_closure1.doCall(CucumberBuiltinKeywords.groovy)
	at com.kms.katalon.core.keyword.internal.KeywordMain.runKeyword(KeywordMain.groovy:68)
	at com.kms.katalon.core.keyword.internal.KeywordMain$runKeyword.call(Unknown Source)
	at com.kms.katalon.core.cucumber.keyword.CucumberBuiltinKeywords.runFeatureFile(CucumberBuiltinKeywords.groovy:73)
	at com.kms.katalon.core.cucumber.keyword.CucumberBuiltinKeywords$runFeatureFile$0.callStatic(Unknown Source)
	at com.kms.katalon.core.cucumber.keyword.CucumberBuiltinKeywords.runFeatureFile(CucumberBuiltinKeywords.groovy:246)
	at com.kms.katalon.core.cucumber.keyword.CucumberBuiltinKeywords$runFeatureFile.call(Unknown Source)
	at VKN-Internet.run(VKN-Internet:20)
	at com.kms.katalon.core.main.ScriptEngine.run(ScriptEngine.java:194)
	at com.kms.katalon.core.main.ScriptEngine.runScriptAsRawText(ScriptEngine.java:119)
	at com.kms.katalon.core.main.TestCaseExecutor.runScript(TestCaseExecutor.java:369)
	at com.kms.katalon.core.main.TestCaseExecutor.doExecute(TestCaseExecutor.java:360)
	at com.kms.katalon.core.main.TestCaseExecutor.processExecutionPhase(TestCaseExecutor.java:339)
	at com.kms.katalon.core.main.TestCaseExecutor.accessMainPhase(TestCaseExecutor.java:331)
	at com.kms.katalon.core.main.TestCaseExecutor.execute(TestCaseExecutor.java:248)
	at com.kms.katalon.core.main.TestSuiteExecutor.accessTestCaseMainPhase(TestSuiteExecutor.java:191)
	at com.kms.katalon.core.main.TestSuiteExecutor.accessTestSuiteMainPhase(TestSuiteExecutor.java:140)
	at com.kms.katalon.core.main.TestSuiteExecutor.execute(TestSuiteExecutor.java:89)
	at com.kms.katalon.core.main.TestCaseMain.startTestSuite(TestCaseMain.java:181)
	at com.kms.katalon.core.main.TestCaseMain$startTestSuite$0.call(Unknown Source)
	at TempTestSuite1637225344330.run(TempTestSuite1637225344330.groovy:39)
)

2021-11-18 12:11:57 - [MESSAGE][INFO] - Finding Test Object 'Object Repository/Tablo/DurumBilgisiArsiv'

2021-11-18 12:11:57 - [MESSAGE][INFO] - Checking object

2021-11-18 12:11:57 - [MESSAGE][INFO] - Finding web element from Test Object's properties

2021-11-18 12:11:57 - [MESSAGE][INFO] - Checking timeout

2021-11-18 12:11:57 - [MESSAGE][INFO] - Finding web element with id: 'Object Repository/Tablo/DurumBilgisiArsiv' located by 'By.xpath: //*[@id = 'GridViewEArchiveInvoices_tccell0_9']' in '30' second(s)

2021-11-18 12:11:57 - [MESSAGE][INFO] - Smart Wait Function is triggered

2021-11-18 12:11:57 - [MESSAGE][INFO] - Found 1 web elements with id: 'Object Repository/Tablo/DurumBilgisiArsiv' located by 'By.xpath: //*[@id = 'GridViewEArchiveInvoices_tccell0_9']' in '30' second(s)

2021-11-18 12:11:57 - [MESSAGE][WARNING] - Actual text 'Başarılı' and expected text 'Henüz Sonuçlanmadı' of test object 'Object Repository/Tablo/DurumBilgisiArsiv' are NOT matched. (Root cause: com.kms.katalon.core.exception.StepFailedException: Actual text 'Başarılı' and expected text 'Henüz Sonuçlanmadı' of test object 'Object Repository/Tablo/DurumBilgisiArsiv' are NOT matched.
	at com.kms.katalon.core.webui.keyword.internal.WebUIKeywordMain.stepFailed(WebUIKeywordMain.groovy:64)
	at com.kms.katalon.core.webui.keyword.builtin.VerifyElementTextKeyword$_verifyElementText_closure1.doCall(VerifyElementTextKeyword.groovy:57)
	at com.kms.katalon.core.webui.keyword.builtin.VerifyElementTextKeyword$_verifyElementText_closure1.call(VerifyElementTextKeyword.groovy)
	at com.kms.katalon.core.webui.keyword.internal.WebUIKeywordMain.runKeyword(WebUIKeywordMain.groovy:20)
	at com.kms.katalon.core.webui.keyword.builtin.VerifyElementTextKeyword.verifyElementText(VerifyElementTextKeyword.groovy:72)
	at com.kms.katalon.core.webui.keyword.builtin.VerifyElementTextKeyword.execute(VerifyElementTextKeyword.groovy:40)
	at com.kms.katalon.core.keyword.internal.KeywordExecutor.executeKeywordForPlatform(KeywordExecutor.groovy:73)
	at com.kms.katalon.core.webui.keyword.WebUiBuiltInKeywords.verifyElementText(WebUiBuiltInKeywords.groovy:4733)
	at com.kms.katalon.core.webui.keyword.WebUiBuiltInKeywords$verifyElementText$20.call(Unknown Source)
	at TablodaVeriBasariliMiArsiv.run(TablodaVeriBasariliMiArsiv:22)
	at com.kms.katalon.core.main.ScriptEngine.run(ScriptEngine.java:194)
	at com.kms.katalon.core.main.ScriptEngine.runScriptAsRawText(ScriptEngine.java:119)
	at com.kms.katalon.core.main.TestCaseExecutor.runScript(TestCaseExecutor.java:369)
	at com.kms.katalon.core.main.TestCaseExecutor.doExecute(TestCaseExecutor.java:360)
	at com.kms.katalon.core.main.TestCaseExecutor.processExecutionPhase(TestCaseExecutor.java:339)
	at com.kms.katalon.core.main.TestCaseExecutor.accessMainPhase(TestCaseExecutor.java:331)
	at com.kms.katalon.core.main.TestCaseExecutor.execute(TestCaseExecutor.java:248)
	at com.kms.katalon.core.main.TestCaseMain.runTestCase(TestCaseMain.java:138)
	at com.kms.katalon.core.keyword.builtin.CallTestCaseKeyword$_callTestCase_closure1.doCall(CallTestCaseKeyword.groovy:59)
	at com.kms.katalon.core.keyword.builtin.CallTestCaseKeyword$_callTestCase_closure1.call(CallTestCaseKeyword.groovy)
	at com.kms.katalon.core.keyword.internal.KeywordMain.runKeyword(KeywordMain.groovy:68)
	at com.kms.katalon.core.keyword.builtin.CallTestCaseKeyword.callTestCase(CallTestCaseKeyword.groovy:81)
	at com.kms.katalon.core.keyword.builtin.CallTestCaseKeyword.execute(CallTestCaseKeyword.groovy:44)
	at com.kms.katalon.core.keyword.internal.KeywordExecutor.executeKeywordForPlatform(KeywordExecutor.groovy:73)
	at com.kms.katalon.core.keyword.BuiltinKeywords.callTestCase(BuiltinKeywords.groovy:334)
	at tablo.tablo.tablodaVeriBasariliMiArsiv(tablo.groovy:95)
	at cucumber.runtime.Utils$1.call(Utils.java:26)
	at cucumber.runtime.Timeout.timeout(Timeout.java:16)
	at cucumber.runtime.Utils.invoke(Utils.java:20)
	at cucumber.runtime.java.JavaStepDefinition.execute(JavaStepDefinition.java:49)
	at cucumber.runner.PickleStepDefinitionMatch.runStep(PickleStepDefinitionMatch.java:50)
	at cucumber.runner.TestStep.executeStep(TestStep.java:63)
	at cucumber.runner.TestStep.run(TestStep.java:49)
	at cucumber.runner.PickleStepTestStep.run(PickleStepTestStep.java:43)
	at cucumber.runner.TestCase.run(TestCase.java:44)
	at cucumber.runner.Runner.runPickle(Runner.java:40)
	at cucumber.runtime.Runtime$1.run(Runtime.java:84)
	at cucumber.runtime.Runtime$SameThreadExecutorService.execute(Runtime.java:220)
	at cucumber.runtime.Runtime.run(Runtime.java:81)
	at cucumber.api.cli.Main.run(Main.java:26)
	at cucumber.api.cli.Main$run.call(Unknown Source)
	at com.kms.katalon.core.cucumber.keyword.CucumberBuiltinKeywords$_runFeatureFile_closure1.doCall(CucumberBuiltinKeywords.groovy:106)
	at com.kms.katalon.core.cucumber.keyword.CucumberBuiltinKeywords$_runFeatureFile_closure1.doCall(CucumberBuiltinKeywords.groovy)
	at com.kms.katalon.core.keyword.internal.KeywordMain.runKeyword(KeywordMain.groovy:68)
	at com.kms.katalon.core.keyword.internal.KeywordMain$runKeyword.call(Unknown Source)
	at com.kms.katalon.core.cucumber.keyword.CucumberBuiltinKeywords.runFeatureFile(CucumberBuiltinKeywords.groovy:73)
	at com.kms.katalon.core.cucumber.keyword.CucumberBuiltinKeywords$runFeatureFile$0.callStatic(Unknown Source)
	at com.kms.katalon.core.cucumber.keyword.CucumberBuiltinKeywords.runFeatureFile(CucumberBuiltinKeywords.groovy:246)
	at com.kms.katalon.core.cucumber.keyword.CucumberBuiltinKeywords$runFeatureFile.call(Unknown Source)
	at VKN-Internet.run(VKN-Internet:20)
	at com.kms.katalon.core.main.ScriptEngine.run(ScriptEngine.java:194)
	at com.kms.katalon.core.main.ScriptEngine.runScriptAsRawText(ScriptEngine.java:119)
	at com.kms.katalon.core.main.TestCaseExecutor.runScript(TestCaseExecutor.java:369)
	at com.kms.katalon.core.main.TestCaseExecutor.doExecute(TestCaseExecutor.java:360)
	at com.kms.katalon.core.main.TestCaseExecutor.processExecutionPhase(TestCaseExecutor.java:339)
	at com.kms.katalon.core.main.TestCaseExecutor.accessMainPhase(TestCaseExecutor.java:331)
	at com.kms.katalon.core.main.TestCaseExecutor.execute(TestCaseExecutor.java:248)
	at com.kms.katalon.core.main.TestSuiteExecutor.accessTestCaseMainPhase(TestSuiteExecutor.java:191)
	at com.kms.katalon.core.main.TestSuiteExecutor.accessTestSuiteMainPhase(TestSuiteExecutor.java:140)
	at com.kms.katalon.core.main.TestSuiteExecutor.execute(TestSuiteExecutor.java:89)
	at com.kms.katalon.core.main.TestCaseMain.startTestSuite(TestCaseMain.java:181)
	at com.kms.katalon.core.main.TestCaseMain$startTestSuite$0.call(Unknown Source)
	at TempTestSuite1637225344330.run(TempTestSuite1637225344330.groovy:39)
)

2021-11-18 12:11:57 - [TEST_STEP][PASSED] - Method.TextDegerineEsitElementVarMi(findTestObject("Object Repository/Tablo/DurumBilgisiArsiv"), "Başarılı"): Method.TextDegerineEsitElementVarMi is PASSED

2021-11-18 12:11:57 - [MESSAGE][INFO] - Finding Test Object 'Object Repository/Tablo/DurumBilgisiArsiv'

2021-11-18 12:11:57 - [MESSAGE][INFO] - Checking timeout

2021-11-18 12:11:57 - [MESSAGE][INFO] - Finding web element with id: 'Object Repository/Tablo/DurumBilgisiArsiv' located by 'By.xpath: //*[@id = 'GridViewEArchiveInvoices_tccell0_9']' in '10' second(s)

2021-11-18 12:11:57 - [MESSAGE][INFO] - Smart Wait Function is triggered

2021-11-18 12:11:57 - [MESSAGE][INFO] - Found 1 web elements with id: 'Object Repository/Tablo/DurumBilgisiArsiv' located by 'By.xpath: //*[@id = 'GridViewEArchiveInvoices_tccell0_9']' in '10' second(s)

2021-11-18 12:11:57 - [MESSAGE][PASSED] - Method.TextDegerineEsitElementVarMi is PASSED

2021-11-18 12:11:57 - [MESSAGE][PASSED] - Call Test Case 'Test Cases/Tablo/TablodaVeriBasariliMiArsiv' successfully

2021-11-18 12:11:57 - [MESSAGE][INFO] - Checking called Test Case

2021-11-18 12:11:57 - [MESSAGE][INFO] - Starting to call Test Case 'Test Cases/Kullanici_Islemleri/KullaniciIslemlerindenSecimYapilir'

2021-11-18 12:11:57 - [TEST_CASE][PASSED] - Test Cases/Kullanici_Islemleri/KullaniciIslemlerindenSecimYapilir: Test Cases/Kullanici_Islemleri/KullaniciIslemlerindenSecimYapilir

2021-11-18 12:11:57 - [TEST_STEP][PASSED] - waitForElementClickable(findTestObject("Object Repository/Kullanici_Islemleri/KullaniciIslemleri"), 10): Object 'Object Repository/Kullanici_Islemleri/KullaniciIslemleri' is clickable

2021-11-18 12:11:57 - [MESSAGE][INFO] - Finding Test Object 'Object Repository/Kullanici_Islemleri/KullaniciIslemleri'

2021-11-18 12:11:57 - [MESSAGE][INFO] - Checking object

2021-11-18 12:11:57 - [MESSAGE][INFO] - Checking timeout

2021-11-18 12:11:57 - [MESSAGE][INFO] - Finding web element from Test Object's properties

2021-11-18 12:11:57 - [MESSAGE][INFO] - Checking timeout

2021-11-18 12:11:57 - [MESSAGE][INFO] - Finding web element with id: 'Object Repository/Kullanici_Islemleri/KullaniciIslemleri' located by 'By.cssSelector: .dropdown>a>img' in '10' second(s)

2021-11-18 12:11:57 - [MESSAGE][INFO] - Smart Wait Function is triggered

2021-11-18 12:11:58 - [MESSAGE][INFO] - Found 1 web elements with id: 'Object Repository/Kullanici_Islemleri/KullaniciIslemleri' located by 'By.cssSelector: .dropdown>a>img' in '10' second(s)

2021-11-18 12:11:58 - [MESSAGE][PASSED] - Object 'Object Repository/Kullanici_Islemleri/KullaniciIslemleri' is clickable

2021-11-18 12:11:58 - [TEST_STEP][PASSED] - click(findTestObject("Object Repository/Kullanici_Islemleri/KullaniciIslemleri")): Object: 'Object Repository/Kullanici_Islemleri/KullaniciIslemleri' is clicked on

2021-11-18 12:11:58 - [MESSAGE][INFO] - Finding Test Object 'Object Repository/Kullanici_Islemleri/KullaniciIslemleri'

2021-11-18 12:11:58 - [MESSAGE][INFO] - Checking object

2021-11-18 12:11:58 - [MESSAGE][INFO] - Finding web element from Test Object's properties

2021-11-18 12:11:58 - [MESSAGE][INFO] - Checking timeout

2021-11-18 12:11:58 - [MESSAGE][INFO] - Finding web element with id: 'Object Repository/Kullanici_Islemleri/KullaniciIslemleri' located by 'By.cssSelector: .dropdown>a>img' in '30' second(s)

2021-11-18 12:11:58 - [MESSAGE][INFO] - Smart Wait Function is triggered

2021-11-18 12:11:58 - [MESSAGE][INFO] - Found 1 web elements with id: 'Object Repository/Kullanici_Islemleri/KullaniciIslemleri' located by 'By.cssSelector: .dropdown>a>img' in '30' second(s)

2021-11-18 12:11:58 - [MESSAGE][INFO] - Clicking on object: 'Object Repository/Kullanici_Islemleri/KullaniciIslemleri'

2021-11-18 12:11:58 - [MESSAGE][PASSED] - Object: 'Object Repository/Kullanici_Islemleri/KullaniciIslemleri' is clicked on

2021-11-18 12:11:58 - [TEST_STEP][PASSED] - Method.TextDegerineEsitElementeTikla(findTestObject("Object Repository/Kullanici_Islemleri/Secenekler"), Islem): Method.TextDegerineEsitElementeTikla is PASSED

2021-11-18 12:11:58 - [MESSAGE][INFO] - Finding Test Object 'Object Repository/Kullanici_Islemleri/Secenekler'

2021-11-18 12:11:58 - [MESSAGE][INFO] - Checking timeout

2021-11-18 12:11:58 - [MESSAGE][INFO] - Finding web element with id: 'Object Repository/Kullanici_Islemleri/Secenekler' located by 'By.cssSelector: .nav.navbar-nav.navbar-right li a' in '10' second(s)

2021-11-18 12:11:58 - [MESSAGE][INFO] - Smart Wait Function is triggered

2021-11-18 12:11:58 - [MESSAGE][INFO] - Found 22 web elements with id: 'Object Repository/Kullanici_Islemleri/Secenekler' located by 'By.cssSelector: .nav.navbar-nav.navbar-right li a' in '10' second(s)

2021-11-18 12:12:00 - [MESSAGE][PASSED] - Method.TextDegerineEsitElementeTikla is PASSED

2021-11-18 12:12:00 - [TEST_STEP][PASSED] - verifyElementNotPresent(findTestObject("Object Repository/Kullanici_Islemleri/Secenekler"), 10): Web element with id: 'Object Repository/Kullanici_Islemleri/Secenekler' located by 'By.cssSelector: .nav.navbar-nav.navbar-right li a' is not present after '10' second(s)

2021-11-18 12:12:00 - [MESSAGE][INFO] - Finding Test Object 'Object Repository/Kullanici_Islemleri/Secenekler'

2021-11-18 12:12:00 - [MESSAGE][INFO] - Checking object

2021-11-18 12:12:00 - [MESSAGE][INFO] - Checking timeout

2021-11-18 12:12:00 - [MESSAGE][INFO] - Finding web element with id: 'Object Repository/Kullanici_Islemleri/Secenekler' located by 'By.cssSelector: .nav.navbar-nav.navbar-right li a' in '10' second(s)

2021-11-18 12:12:00 - [MESSAGE][INFO] - Smart Wait Function is triggered

2021-11-18 12:12:00 - [MESSAGE][PASSED] - Web element with id: 'Object Repository/Kullanici_Islemleri/Secenekler' located by 'By.cssSelector: .nav.navbar-nav.navbar-right li a' is not present after '10' second(s)

2021-11-18 12:12:00 - [MESSAGE][PASSED] - Call Test Case 'Test Cases/Kullanici_Islemleri/KullaniciIslemlerindenSecimYapilir' successfully

2021-11-18 12:12:00 - [TEST_CASE][PASSED] - Start Test Case : SCENARIO Gonderim tipi Internet tipinde e-Arsiv faturasi olusturulmasi: SCENARIO Gonderim tipi Internet tipinde e-Arsiv faturasi olusturulmasi

2021-11-18 12:12:00 - [TEST_STEP][PASSED] - Kullanıcı adı ELOGO6 ve Şifre 123456 olarak giriş yapılır: Kullanıcı adı ELOGO6 ve Şifre 123456 olarak giriş yapılır

2021-11-18 12:12:00 - [MESSAGE][PASSED] - Kullanıcı adı ELOGO6 ve Şifre 123456 olarak giriş yapılır

2021-11-18 12:12:00 - [TEST_STEP][PASSED] - Ana menüden e-Arşiv seçilir: Ana menüden e-Arşiv seçilir

2021-11-18 12:12:00 - [MESSAGE][PASSED] - Ana menüden e-Arşiv seçilir

2021-11-18 12:12:00 - [TEST_STEP][PASSED] - Alt menü e-Arşiv Araçları başlığı altındaki e-Arşiv Fatura Oluşturma seçilir: Alt menü e-Arşiv Araçları başlığı altındaki e-Arşiv Fatura Oluşturma seçilir

2021-11-18 12:12:00 - [MESSAGE][PASSED] - Alt menü e-Arşiv Araçları başlığı altındaki e-Arşiv Fatura Oluşturma seçilir

2021-11-18 12:12:00 - [TEST_STEP][PASSED] - Tablodaki tüm veriler silinir: Tablodaki tüm veriler silinir

2021-11-18 12:12:00 - [MESSAGE][PASSED] - Tablodaki tüm veriler silinir

2021-11-18 12:12:00 - [TEST_STEP][PASSED] - Fatura tipi alanından e-Arşiv İnternet seçilir: Fatura tipi alanından e-Arşiv İnternet seçilir

2021-11-18 12:12:00 - [MESSAGE][PASSED] - Fatura tipi alanından e-Arşiv İnternet seçilir

2021-11-18 12:12:00 - [TEST_STEP][PASSED] - Butonlardan Ekle isimli butona tıklanır: Butonlardan Ekle isimli butona tıklanır

2021-11-18 12:12:00 - [MESSAGE][PASSED] - Butonlardan Ekle isimli butona tıklanır

2021-11-18 12:12:00 - [TEST_STEP][PASSED] - Görsel tasarım sayfasının e-Arşiv Fatura (İnternet) Bilgileri başlığını içerdiği kontrol edilir: Görsel tasarım sayfasının e-Arşiv Fatura (İnternet) Bilgileri başlığını içerdiği kontrol edilir

2021-11-18 12:12:00 - [MESSAGE][PASSED] - Görsel tasarım sayfasının e-Arşiv Fatura (İnternet) Bilgileri başlığını içerdiği kontrol edilir

2021-11-18 12:12:00 - [TEST_STEP][PASSED] - Alıcı adı alanına VirgosolArsivVKN girilir: Alıcı adı alanına VirgosolArsivVKN girilir

2021-11-18 12:12:00 - [MESSAGE][PASSED] - Alıcı adı alanına VirgosolArsivVKN girilir

2021-11-18 12:12:00 - [TEST_STEP][PASSED] - Ön Ek INT olarak seçilir: Ön Ek INT olarak seçilir

2021-11-18 12:12:00 - [MESSAGE][PASSED] - Ön Ek INT olarak seçilir

2021-11-18 12:12:00 - [TEST_STEP][PASSED] - Gönderim Şekli Elektronik olarak seçilir: Gönderim Şekli Elektronik olarak seçilir

2021-11-18 12:12:00 - [MESSAGE][PASSED] - Gönderim Şekli Elektronik olarak seçilir

2021-11-18 12:12:00 - [TEST_STEP][PASSED] - Tip alanından Satış seçilir: Tip alanından Satış seçilir

2021-11-18 12:12:00 - [MESSAGE][PASSED] - Tip alanından Satış seçilir

2021-11-18 12:12:00 - [TEST_STEP][PASSED] - Döküman Para Birimi alanından Türk Lirası seçilir: Döküman Para Birimi alanından Türk Lirası seçilir

2021-11-18 12:12:00 - [MESSAGE][PASSED] - Döküman Para Birimi alanından Türk Lirası seçilir

2021-11-18 12:12:00 - [TEST_STEP][PASSED] - Tasarım alanından e-Arşiv Öndeğer Şablon Tasarım seçilir: Tasarım alanından e-Arşiv Öndeğer Şablon Tasarım seçilir

2021-11-18 12:12:00 - [MESSAGE][PASSED] - Tasarım alanından e-Arşiv Öndeğer Şablon Tasarım seçilir

2021-11-18 12:12:00 - [TEST_STEP][PASSED] - Sipariş bilgileri UUC-SAT-1200001 ve 31.06.2021 olarak girilir: Sipariş bilgileri UUC-SAT-1200001 ve 31.06.2021 olarak girilir

2021-11-18 12:12:00 - [MESSAGE][PASSED] - Sipariş bilgileri UUC-SAT-1200001 ve 31.06.2021 olarak girilir

2021-11-18 12:12:00 - [TEST_STEP][PASSED] - İrsaliye Bilgileri AAAAAAAAAA,31.06.2021 olarak girilir: İrsaliye Bilgileri AAAAAAAAAA,31.06.2021 olarak girilir

2021-11-18 12:12:00 - [MESSAGE][PASSED] - İrsaliye Bilgileri AAAAAAAAAA,31.06.2021 olarak girilir

2021-11-18 12:12:00 - [TEST_STEP][PASSED] - e-Arşiv İnternet Bilgileri Kredi Kartı / Banka Kartı,www.elogo.com,1234567806,elogo,Virgosol olarak girilir: e-Arşiv İnternet Bilgileri Kredi Kartı / Banka Kartı,www.elogo.com,1234567806,elogo,Virgosol olarak girilir

2021-11-18 12:12:00 - [MESSAGE][PASSED] - e-Arşiv İnternet Bilgileri Kredi Kartı / Banka Kartı,www.elogo.com,1234567806,elogo,Virgosol olarak girilir

2021-11-18 12:12:00 - [TEST_STEP][PASSED] - Ekle butonuna basılır: Ekle butonuna basılır

2021-11-18 12:12:00 - [MESSAGE][PASSED] - Ekle butonuna basılır

2021-11-18 12:12:00 - [TEST_STEP][PASSED] - Ürün ekleme alanında Mal/Hizmet başlığına Otomasyon girilir: Ürün ekleme alanında Mal/Hizmet başlığına Otomasyon girilir

2021-11-18 12:12:00 - [MESSAGE][PASSED] - Ürün ekleme alanında Mal/Hizmet başlığına Otomasyon girilir

2021-11-18 12:12:00 - [TEST_STEP][PASSED] - Ürün ekleme alanında Açıklaması başlığına Virgosol girilir: Ürün ekleme alanında Açıklaması başlığına Virgosol girilir

2021-11-18 12:12:00 - [MESSAGE][PASSED] - Ürün ekleme alanında Açıklaması başlığına Virgosol girilir

2021-11-18 12:12:00 - [TEST_STEP][PASSED] - Ürün ekleme alanında Miktarı başlığına 400 girilir: Ürün ekleme alanında Miktarı başlığına 400 girilir

2021-11-18 12:12:00 - [MESSAGE][PASSED] - Ürün ekleme alanında Miktarı başlığına 400 girilir

2021-11-18 12:12:00 - [TEST_STEP][PASSED] - Ürün ekleme alanında Birim Fiyat başlığına 100 girilir: Ürün ekleme alanında Birim Fiyat başlığına 100 girilir

2021-11-18 12:12:00 - [MESSAGE][PASSED] - Ürün ekleme alanında Birim Fiyat başlığına 100 girilir

2021-11-18 12:12:00 - [TEST_STEP][PASSED] - Ürün ekleme alanında İskonto Oranı % başlığına 10 girilir: Ürün ekleme alanında İskonto Oranı % başlığına 10 girilir

2021-11-18 12:12:00 - [MESSAGE][PASSED] - Ürün ekleme alanında İskonto Oranı % başlığına 10 girilir

2021-11-18 12:12:00 - [TEST_STEP][PASSED] - Notlar alanına Otomasyon Not girilir: Notlar alanına Otomasyon Not girilir

2021-11-18 12:12:00 - [MESSAGE][PASSED] - Notlar alanına Otomasyon Not girilir

2021-11-18 12:12:00 - [TEST_STEP][PASSED] - Ettn bilgisi kayıt edilir: Ettn bilgisi kayıt edilir

2021-11-18 12:12:00 - [MESSAGE][PASSED] - Ettn bilgisi kayıt edilir

2021-11-18 12:12:00 - [TEST_STEP][PASSED] - Kaydet butonu seçilir: Kaydet butonu seçilir

2021-11-18 12:12:00 - [MESSAGE][PASSED] - Kaydet butonu seçilir

2021-11-18 12:12:00 - [TEST_STEP][PASSED] - Tabloda Ettn bilgisi kaydedilen veri oluşturuldu mu: Tabloda Ettn bilgisi kaydedilen veri oluşturuldu mu

2021-11-18 12:12:00 - [MESSAGE][PASSED] - Tabloda Ettn bilgisi kaydedilen veri oluşturuldu mu

2021-11-18 12:12:00 - [TEST_STEP][PASSED] - Tablodan Ettn bilgisi kaydedilen veri seçilir: Tablodan Ettn bilgisi kaydedilen veri seçilir

2021-11-18 12:12:00 - [MESSAGE][PASSED] - Tablodan Ettn bilgisi kaydedilen veri seçilir

2021-11-18 12:12:00 - [TEST_STEP][PASSED] - Butonlardan Numara Oluştur isimli butona tıklanır: Butonlardan Numara Oluştur isimli butona tıklanır

2021-11-18 12:12:00 - [MESSAGE][PASSED] - Butonlardan Numara Oluştur isimli butona tıklanır

2021-11-18 12:12:00 - [TEST_STEP][PASSED] - Popup mesajı Devam etmek istiyor musunuz içeriyor mu: Popup mesajı Devam etmek istiyor musunuz içeriyor mu

2021-11-18 12:12:00 - [MESSAGE][PASSED] - Popup mesajı Devam etmek istiyor musunuz içeriyor mu

2021-11-18 12:12:00 - [TEST_STEP][PASSED] - Yönetim popupında Evet seçilir: Yönetim popupında Evet seçilir

2021-11-18 12:12:00 - [MESSAGE][PASSED] - Yönetim popupında Evet seçilir

2021-11-18 12:12:00 - [TEST_STEP][PASSED] - Popup mesajı oluşmuştur içeriyor mu: Popup mesajı oluşmuştur içeriyor mu

2021-11-18 12:12:00 - [MESSAGE][PASSED] - Popup mesajı oluşmuştur içeriyor mu

2021-11-18 12:12:00 - [TEST_STEP][PASSED] - Yönetim popupında Tamam seçilir: Yönetim popupında Tamam seçilir

2021-11-18 12:12:00 - [MESSAGE][PASSED] - Yönetim popupında Tamam seçilir

2021-11-18 12:12:00 - [TEST_STEP][PASSED] - Tablodan Ettn bilgisi kaydedilen veri seçilir: Tablodan Ettn bilgisi kaydedilen veri seçilir

2021-11-18 12:12:00 - [MESSAGE][PASSED] - Tablodan Ettn bilgisi kaydedilen veri seçilir

2021-11-18 12:12:00 - [TEST_STEP][PASSED] - Butonlardan Gönder isimli butona tıklanır: Butonlardan Gönder isimli butona tıklanır

2021-11-18 12:12:00 - [MESSAGE][PASSED] - Butonlardan Gönder isimli butona tıklanır

2021-11-18 12:12:00 - [TEST_STEP][PASSED] - Popup mesajı Devam etmek istiyor musunuz içeriyor mu: Popup mesajı Devam etmek istiyor musunuz içeriyor mu

2021-11-18 12:12:00 - [MESSAGE][PASSED] - Popup mesajı Devam etmek istiyor musunuz içeriyor mu

2021-11-18 12:12:00 - [TEST_STEP][PASSED] - Yönetim popupında Evet seçilir: Yönetim popupında Evet seçilir

2021-11-18 12:12:00 - [MESSAGE][PASSED] - Yönetim popupında Evet seçilir

2021-11-18 12:12:00 - [TEST_STEP][PASSED] - Ana menüden e-Arşiv seçilir: Ana menüden e-Arşiv seçilir

2021-11-18 12:12:00 - [MESSAGE][PASSED] - Ana menüden e-Arşiv seçilir

2021-11-18 12:12:00 - [TEST_STEP][PASSED] - Alt menü e-Arşiv Hareketleri başlığı altındaki e-Arşiv Faturaları seçilir: Alt menü e-Arşiv Hareketleri başlığı altındaki e-Arşiv Faturaları seçilir

2021-11-18 12:12:00 - [MESSAGE][PASSED] - Alt menü e-Arşiv Hareketleri başlığı altındaki e-Arşiv Faturaları seçilir

2021-11-18 12:12:00 - [TEST_STEP][PASSED] - Filtrelerden Ettn filtresine Ettn bilgisi yaz: Filtrelerden Ettn filtresine Ettn bilgisi yaz

2021-11-18 12:12:00 - [MESSAGE][PASSED] - Filtrelerden Ettn filtresine Ettn bilgisi yaz

2021-11-18 12:12:00 - [TEST_STEP][PASSED] - Filtre butonlarından Listele seçilir: Filtre butonlarından Listele seçilir

2021-11-18 12:12:00 - [MESSAGE][PASSED] - Filtre butonlarından Listele seçilir

2021-11-18 12:12:00 - [TEST_STEP][PASSED] - Tabloda veri var mı kontrol edilir: Tabloda veri var mı kontrol edilir

2021-11-18 12:12:00 - [MESSAGE][PASSED] - Tabloda veri var mı kontrol edilir

2021-11-18 12:12:00 - [TEST_STEP][PASSED] - Tabloda yeni oluşturulan eArsiv verisi başarılı mı: Tabloda yeni oluşturulan eArsiv verisi başarılı mı

2021-11-18 12:12:00 - [MESSAGE][PASSED] - Tabloda yeni oluşturulan eArsiv verisi başarılı mı

2021-11-18 12:12:00 - [TEST_STEP][PASSED] - Kullanıcı işlemlerinden Çıkış seçilir: Kullanıcı işlemlerinden Çıkış seçilir

2021-11-18 12:12:00 - [MESSAGE][PASSED] - Kullanıcı işlemlerinden Çıkış seçilir

2021-11-18 12:12:00 - [MESSAGE][PASSED] - Feature file: 'Include/features/Regresyon/e-Arsiv/VKN-Internet.feature' was passed

2021-11-18 12:12:00 - [TEST_STEP][PASSED] - Start listener action : sampleAfterTestSuite: Invoke 'com.kms.katalon.core.annotation.AfterTestCase' method: 'Listener.sampleAfterTestSuite(...)' completed.

2021-11-18 12:12:00 - [MESSAGE][INFO] - Starting invoke 'com.kms.katalon.core.annotation.AfterTestCase' method: 'Listener.sampleAfterTestSuite(...)'

2021-11-18 12:12:00 - [TEST_STEP][PASSED] - closeBrowser(): Invoke 'com.kms.katalon.core.annotation.AfterTestCase' method: 'Listener.sampleAfterTestSuite(...)' completed.

2021-11-18 12:12:00 - [MESSAGE][INFO] - Closing browser

2021-11-18 12:12:01 - [MESSAGE][PASSED] - Browser is closed

2021-11-18 12:12:01 - [MESSAGE][INFO] - Invoke 'com.kms.katalon.core.annotation.AfterTestCase' method: 'Listener.sampleAfterTestSuite(...)' completed.]]></system-out>
         <system-err><![CDATA[]]></system-err>
      </testcase>
      <testcase name="Test Cases/Case Repository/Regresyon/e-Arsiv/VKN-Kagit-Hal Komisyoncu" time="101.087" classname="Test Cases/Case Repository/Regresyon/e-Arsiv/VKN-Kagit-Hal Komisyoncu" status="PASSED">
         <system-out><![CDATA[2021-11-18 12:12:01 - [TEST_CASE][PASSED] - Test Cases/Case Repository/Regresyon/e-Arsiv/VKN-Kagit-Hal Komisyoncu: Test Cases/Case Repository/Regresyon/e-Arsiv/VKN-Kagit-Hal Komisyoncu

2021-11-18 12:12:01 - [TEST_STEP][PASSED] - Start listener action : sampleBeforeTestSuite: Invoke 'com.kms.katalon.core.annotation.BeforeTestCase' method: 'Listener.sampleBeforeTestSuite(...)' completed.

2021-11-18 12:12:01 - [MESSAGE][INFO] - Starting invoke 'com.kms.katalon.core.annotation.BeforeTestCase' method: 'Listener.sampleBeforeTestSuite(...)'

2021-11-18 12:12:01 - [TEST_STEP][PASSED] - openBrowser(baseUrl): Browser is opened with url: 'https://efatura-stage.elogo.com.tr/'

2021-11-18 12:12:01 - [MESSAGE][INFO] - Opening browser

2021-11-18 12:12:01 - [MESSAGE][INFO] - Starting 'Chrome' driver

2021-11-18 12:12:01 - [MESSAGE][INFO] - User set preference: ['prefs', '{download.default_directory=C:\otomasyondownfiles}']

2021-11-18 12:12:01 - [MESSAGE][INFO] - Action delay is set to 0 milliseconds

2021-11-18 12:12:02 - [MESSAGE][INFO] - Navigating browser to: 'https://efatura-stage.elogo.com.tr/'

2021-11-18 12:12:04 - [MESSAGE][PASSED] - Browser is opened with url: 'https://efatura-stage.elogo.com.tr/'

2021-11-18 12:12:04 - [TEST_STEP][PASSED] - maximizeWindow(): Invoke 'com.kms.katalon.core.annotation.BeforeTestCase' method: 'Listener.sampleBeforeTestSuite(...)' completed.

2021-11-18 12:12:04 - [MESSAGE][INFO] - Maximizing current window

2021-11-18 12:12:04 - [MESSAGE][PASSED] - Current window maximized

2021-11-18 12:12:04 - [MESSAGE][INFO] - Invoke 'com.kms.katalon.core.annotation.BeforeTestCase' method: 'Listener.sampleBeforeTestSuite(...)' completed.

2021-11-18 12:12:05 - [TEST_STEP][PASSED] - runFeatureFile("Include/features/Regresyon/e-Arsiv/VKN-Kagit-Hal Komisyoncu.feature"): Feature file: 'Include/features/Regresyon/e-Arsiv/VKN-Kagit-Hal Komisyoncu.feature' was passed

2021-11-18 12:12:05 - [MESSAGE][INFO] - Starting run keyword runFeatureFile: 'Include/features/Regresyon/e-Arsiv/VKN-Kagit-Hal Komisyoncu.feature' and extract report to folder: 'C:\Users\DELL\Documents\GitHub\EES_KatalonLogo\Reports\20211118_114904\Suite Repository\Regresyon-eArsiv-eMakbuz\20211118_114904/cucumber_report/1637226725324'...

2021-11-18 12:12:05 - [MESSAGE][INFO] - Glue: []

2021-11-18 12:12:06 - [MESSAGE][INFO] - Checking called Test Case

2021-11-18 12:12:06 - [MESSAGE][INFO] - Starting to call Test Case 'Test Cases/Sayfalar/Giris_Sayfasi/Login'

2021-11-18 12:12:06 - [TEST_CASE][PASSED] - Test Cases/Sayfalar/Giris_Sayfasi/Login: Test Cases/Sayfalar/Giris_Sayfasi/Login

2021-11-18 12:12:06 - [TEST_STEP][PASSED] - Sayfa_Basligi = getWindowTitle(): Current window's title is: 'LOGO e-Fatura'

2021-11-18 12:12:06 - [MESSAGE][INFO] - Getting current window's title

2021-11-18 12:12:06 - [MESSAGE][PASSED] - Current window's title is: 'LOGO e-Fatura'

2021-11-18 12:12:06 - [TEST_STEP][PASSED] - verifyMatch(Sayfa_Basligi, "LOGO e-Fatura", false): Actual text 'LOGO e-Fatura' and expected text 'LOGO e-Fatura' are matched 

2021-11-18 12:12:06 - [MESSAGE][INFO] - Matching actual text 'LOGO e-Fatura' with expected text 'LOGO e-Fatura'

2021-11-18 12:12:06 - [MESSAGE][PASSED] - Actual text 'LOGO e-Fatura' and expected text 'LOGO e-Fatura' are matched 

2021-11-18 12:12:06 - [TEST_STEP][PASSED] - sendKeys(findTestObject("Sayfalar/Giris_Sayfasi/Firma_Kodu"), KullaniciAdi): Keys 'HALKOMIS' sent to object: 'Object Repository/Sayfalar/Giris_Sayfasi/Firma_Kodu'

2021-11-18 12:12:06 - [MESSAGE][INFO] - Finding Test Object 'Object Repository/Sayfalar/Giris_Sayfasi/Firma_Kodu'

2021-11-18 12:12:06 - [MESSAGE][INFO] - Sending keys 'HALKOMIS' to object: 'Object Repository/Sayfalar/Giris_Sayfasi/Firma_Kodu'

2021-11-18 12:12:06 - [MESSAGE][INFO] - Finding web element from Test Object's properties

2021-11-18 12:12:06 - [MESSAGE][INFO] - Checking timeout

2021-11-18 12:12:06 - [MESSAGE][INFO] - Finding web element with id: 'Object Repository/Sayfalar/Giris_Sayfasi/Firma_Kodu' located by 'By.xpath: //*[@id = 'AccountName']' in '30' second(s)

2021-11-18 12:12:06 - [MESSAGE][INFO] - Smart Wait Function is triggered

2021-11-18 12:12:06 - [MESSAGE][INFO] - Found 1 web elements with id: 'Object Repository/Sayfalar/Giris_Sayfasi/Firma_Kodu' located by 'By.xpath: //*[@id = 'AccountName']' in '30' second(s)

2021-11-18 12:12:06 - [MESSAGE][PASSED] - Keys 'HALKOMIS' sent to object: 'Object Repository/Sayfalar/Giris_Sayfasi/Firma_Kodu'

2021-11-18 12:12:06 - [TEST_STEP][PASSED] - sendKeys(findTestObject("Sayfalar/Giris_Sayfasi/Sifre"), Sifre): Keys 'test1234' sent to object: 'Object Repository/Sayfalar/Giris_Sayfasi/Sifre'

2021-11-18 12:12:06 - [MESSAGE][INFO] - Finding Test Object 'Object Repository/Sayfalar/Giris_Sayfasi/Sifre'

2021-11-18 12:12:07 - [MESSAGE][INFO] - Sending keys 'test1234' to object: 'Object Repository/Sayfalar/Giris_Sayfasi/Sifre'

2021-11-18 12:12:07 - [MESSAGE][INFO] - Finding web element from Test Object's properties

2021-11-18 12:12:07 - [MESSAGE][INFO] - Checking timeout

2021-11-18 12:12:07 - [MESSAGE][INFO] - Finding web element with id: 'Object Repository/Sayfalar/Giris_Sayfasi/Sifre' located by 'By.xpath: //*[@id = 'Password']' in '30' second(s)

2021-11-18 12:12:07 - [MESSAGE][INFO] - Smart Wait Function is triggered

2021-11-18 12:12:07 - [MESSAGE][INFO] - Found 1 web elements with id: 'Object Repository/Sayfalar/Giris_Sayfasi/Sifre' located by 'By.xpath: //*[@id = 'Password']' in '30' second(s)

2021-11-18 12:12:07 - [MESSAGE][PASSED] - Keys 'test1234' sent to object: 'Object Repository/Sayfalar/Giris_Sayfasi/Sifre'

2021-11-18 12:12:07 - [TEST_STEP][PASSED] - findWebElement(findTestObject("Sayfalar/Giris_Sayfasi/Giris_Butonu")).click(): Found 1 web elements with id: 'Object Repository/Sayfalar/Giris_Sayfasi/Giris_Butonu' located by 'By.cssSelector: #btnLogin' in '30' second(s)

2021-11-18 12:12:07 - [MESSAGE][INFO] - Finding Test Object 'Object Repository/Sayfalar/Giris_Sayfasi/Giris_Butonu'

2021-11-18 12:12:07 - [MESSAGE][INFO] - Finding web element from Test Object's properties

2021-11-18 12:12:07 - [MESSAGE][INFO] - Checking timeout

2021-11-18 12:12:07 - [MESSAGE][INFO] - Finding web element with id: 'Object Repository/Sayfalar/Giris_Sayfasi/Giris_Butonu' located by 'By.cssSelector: #btnLogin' in '30' second(s)

2021-11-18 12:12:07 - [MESSAGE][INFO] - Smart Wait Function is triggered

2021-11-18 12:12:07 - [MESSAGE][INFO] - Found 1 web elements with id: 'Object Repository/Sayfalar/Giris_Sayfasi/Giris_Butonu' located by 'By.cssSelector: #btnLogin' in '30' second(s)

2021-11-18 12:12:09 - [TEST_STEP][PASSED] - if (verifyElementPresent(findTestObject("Object Repository/Sayfalar/Giris_Sayfasi/RetveTamam_Butonu"), 5, OPTIONAL)): null

2021-11-18 12:12:09 - [MESSAGE][INFO] - Finding Test Object 'Object Repository/Sayfalar/Giris_Sayfasi/RetveTamam_Butonu'

2021-11-18 12:12:09 - [MESSAGE][INFO] - Checking object

2021-11-18 12:12:09 - [MESSAGE][INFO] - Finding web element from Test Object's properties

2021-11-18 12:12:09 - [MESSAGE][INFO] - Checking timeout

2021-11-18 12:12:09 - [MESSAGE][INFO] - Finding web element with id: 'Object Repository/Sayfalar/Giris_Sayfasi/RetveTamam_Butonu' located by 'By.xpath: //*[@class = 'btn btn-default']' in '5' second(s)

2021-11-18 12:12:09 - [MESSAGE][INFO] - Smart Wait Function is triggered

2021-11-18 12:12:09 - [MESSAGE][INFO] - Found 1 web elements with id: 'Object Repository/Sayfalar/Giris_Sayfasi/RetveTamam_Butonu' located by 'By.xpath: //*[@class = 'btn btn-default']' in '5' second(s)

2021-11-18 12:12:09 - [MESSAGE][PASSED] - Object 'Object Repository/Sayfalar/Giris_Sayfasi/RetveTamam_Butonu' is present

2021-11-18 12:12:09 - [TEST_STEP][PASSED] - click(findTestObject("Object Repository/Sayfalar/Giris_Sayfasi/RetveTamam_Butonu")): Object: 'Object Repository/Sayfalar/Giris_Sayfasi/RetveTamam_Butonu' is clicked on

2021-11-18 12:12:09 - [MESSAGE][INFO] - Finding Test Object 'Object Repository/Sayfalar/Giris_Sayfasi/RetveTamam_Butonu'

2021-11-18 12:12:09 - [MESSAGE][INFO] - Checking object

2021-11-18 12:12:09 - [MESSAGE][INFO] - Finding web element from Test Object's properties

2021-11-18 12:12:09 - [MESSAGE][INFO] - Checking timeout

2021-11-18 12:12:09 - [MESSAGE][INFO] - Finding web element with id: 'Object Repository/Sayfalar/Giris_Sayfasi/RetveTamam_Butonu' located by 'By.xpath: //*[@class = 'btn btn-default']' in '30' second(s)

2021-11-18 12:12:09 - [MESSAGE][INFO] - Smart Wait Function is triggered

2021-11-18 12:12:10 - [MESSAGE][INFO] - Found 1 web elements with id: 'Object Repository/Sayfalar/Giris_Sayfasi/RetveTamam_Butonu' located by 'By.xpath: //*[@class = 'btn btn-default']' in '30' second(s)

2021-11-18 12:12:10 - [MESSAGE][INFO] - Clicking on object: 'Object Repository/Sayfalar/Giris_Sayfasi/RetveTamam_Butonu'

2021-11-18 12:12:10 - [MESSAGE][PASSED] - Object: 'Object Repository/Sayfalar/Giris_Sayfasi/RetveTamam_Butonu' is clicked on

2021-11-18 12:12:10 - [TEST_STEP][PASSED] - click(findTestObject("Object Repository/Sayfalar/Giris_Sayfasi/RetveTamam_Butonu")): Object: 'Object Repository/Sayfalar/Giris_Sayfasi/RetveTamam_Butonu' is clicked on

2021-11-18 12:12:10 - [MESSAGE][INFO] - Finding Test Object 'Object Repository/Sayfalar/Giris_Sayfasi/RetveTamam_Butonu'

2021-11-18 12:12:10 - [MESSAGE][INFO] - Checking object

2021-11-18 12:12:10 - [MESSAGE][INFO] - Finding web element from Test Object's properties

2021-11-18 12:12:10 - [MESSAGE][INFO] - Checking timeout

2021-11-18 12:12:10 - [MESSAGE][INFO] - Finding web element with id: 'Object Repository/Sayfalar/Giris_Sayfasi/RetveTamam_Butonu' located by 'By.xpath: //*[@class = 'btn btn-default']' in '30' second(s)

2021-11-18 12:12:10 - [MESSAGE][INFO] - Smart Wait Function is triggered

2021-11-18 12:12:14 - [MESSAGE][INFO] - Found 1 web elements with id: 'Object Repository/Sayfalar/Giris_Sayfasi/RetveTamam_Butonu' located by 'By.xpath: //*[@class = 'btn btn-default']' in '30' second(s)

2021-11-18 12:12:14 - [MESSAGE][INFO] - Clicking on object: 'Object Repository/Sayfalar/Giris_Sayfasi/RetveTamam_Butonu'

2021-11-18 12:12:14 - [MESSAGE][PASSED] - Object: 'Object Repository/Sayfalar/Giris_Sayfasi/RetveTamam_Butonu' is clicked on

2021-11-18 12:12:14 - [TEST_STEP][PASSED] - if (verifyElementPresent(findTestObject("Sayfalar/Giris_Sayfasi/PopupOK"), 5, OPTIONAL)): null

2021-11-18 12:12:14 - [MESSAGE][INFO] - Finding Test Object 'Object Repository/Sayfalar/Giris_Sayfasi/PopupOK'

2021-11-18 12:12:14 - [MESSAGE][INFO] - Checking object

2021-11-18 12:12:14 - [MESSAGE][INFO] - Finding web element from Test Object's properties

2021-11-18 12:12:14 - [MESSAGE][INFO] - Checking timeout

2021-11-18 12:12:14 - [MESSAGE][INFO] - Finding web element with id: 'Object Repository/Sayfalar/Giris_Sayfasi/PopupOK' located by 'By.cssSelector: .btn.btn-success' in '5' second(s)

2021-11-18 12:12:14 - [MESSAGE][INFO] - Smart Wait Function is triggered

2021-11-18 12:12:14 - [MESSAGE][INFO] - Found 1 web elements with id: 'Object Repository/Sayfalar/Giris_Sayfasi/PopupOK' located by 'By.cssSelector: .btn.btn-success' in '5' second(s)

2021-11-18 12:12:14 - [MESSAGE][PASSED] - Object 'Object Repository/Sayfalar/Giris_Sayfasi/PopupOK' is present

2021-11-18 12:12:14 - [TEST_STEP][PASSED] - click(findTestObject("Object Repository/Sayfalar/Giris_Sayfasi/PopupCarpiGiris")): Object: 'Object Repository/Sayfalar/Giris_Sayfasi/PopupCarpiGiris' is clicked on

2021-11-18 12:12:14 - [MESSAGE][INFO] - Finding Test Object 'Object Repository/Sayfalar/Giris_Sayfasi/PopupCarpiGiris'

2021-11-18 12:12:14 - [MESSAGE][INFO] - Checking object

2021-11-18 12:12:14 - [MESSAGE][INFO] - Finding web element from Test Object's properties

2021-11-18 12:12:14 - [MESSAGE][INFO] - Checking timeout

2021-11-18 12:12:14 - [MESSAGE][INFO] - Finding web element with id: 'Object Repository/Sayfalar/Giris_Sayfasi/PopupCarpiGiris' located by 'By.cssSelector: .bootbox-close-button.close' in '30' second(s)

2021-11-18 12:12:14 - [MESSAGE][INFO] - Smart Wait Function is triggered

2021-11-18 12:12:15 - [MESSAGE][INFO] - Found 1 web elements with id: 'Object Repository/Sayfalar/Giris_Sayfasi/PopupCarpiGiris' located by 'By.cssSelector: .bootbox-close-button.close' in '30' second(s)

2021-11-18 12:12:15 - [MESSAGE][INFO] - Clicking on object: 'Object Repository/Sayfalar/Giris_Sayfasi/PopupCarpiGiris'

2021-11-18 12:12:15 - [MESSAGE][PASSED] - Object: 'Object Repository/Sayfalar/Giris_Sayfasi/PopupCarpiGiris' is clicked on

2021-11-18 12:12:15 - [TEST_STEP][PASSED] - verifyElementVisible(findTestObject("Object Repository/Kullanici_Islemleri/KullaniciIslemleri")): Object 'Object Repository/Kullanici_Islemleri/KullaniciIslemleri' is visible

2021-11-18 12:12:15 - [MESSAGE][INFO] - Finding Test Object 'Object Repository/Kullanici_Islemleri/KullaniciIslemleri'

2021-11-18 12:12:15 - [MESSAGE][INFO] - Checking object

2021-11-18 12:12:15 - [MESSAGE][INFO] - Finding web element from Test Object's properties

2021-11-18 12:12:15 - [MESSAGE][INFO] - Checking timeout

2021-11-18 12:12:15 - [MESSAGE][INFO] - Finding web element with id: 'Object Repository/Kullanici_Islemleri/KullaniciIslemleri' located by 'By.cssSelector: .dropdown>a>img' in '30' second(s)

2021-11-18 12:12:15 - [MESSAGE][INFO] - Smart Wait Function is triggered

2021-11-18 12:12:15 - [MESSAGE][INFO] - Found 1 web elements with id: 'Object Repository/Kullanici_Islemleri/KullaniciIslemleri' located by 'By.cssSelector: .dropdown>a>img' in '30' second(s)

2021-11-18 12:12:15 - [MESSAGE][PASSED] - Object 'Object Repository/Kullanici_Islemleri/KullaniciIslemleri' is visible

2021-11-18 12:12:15 - [MESSAGE][PASSED] - Call Test Case 'Test Cases/Sayfalar/Giris_Sayfasi/Login' successfully

2021-11-18 12:12:15 - [MESSAGE][INFO] - Checking called Test Case

2021-11-18 12:12:15 - [MESSAGE][INFO] - Starting to call Test Case 'Test Cases/Menu/AnaMenuSecimi'

2021-11-18 12:12:15 - [TEST_CASE][PASSED] - Test Cases/Menu/AnaMenuSecimi: Test Cases/Menu/AnaMenuSecimi

2021-11-18 12:12:15 - [TEST_STEP][PASSED] - Method.TextDegerineEsitElementeTikla(findTestObject("Menu/Ana_Menu"), Ana_Menu): Method.TextDegerineEsitElementeTikla is PASSED

2021-11-18 12:12:15 - [MESSAGE][INFO] - Finding Test Object 'Object Repository/Menu/Ana_Menu'

2021-11-18 12:12:15 - [MESSAGE][INFO] - Checking timeout

2021-11-18 12:12:15 - [MESSAGE][INFO] - Finding web element with id: 'Object Repository/Menu/Ana_Menu' located by 'By.xpath: //*[@class = 'dropdown-toggle']' in '10' second(s)

2021-11-18 12:12:15 - [MESSAGE][INFO] - Smart Wait Function is triggered

2021-11-18 12:12:16 - [MESSAGE][INFO] - Found 13 web elements with id: 'Object Repository/Menu/Ana_Menu' located by 'By.xpath: //*[@class = 'dropdown-toggle']' in '10' second(s)

2021-11-18 12:12:16 - [MESSAGE][PASSED] - Method.TextDegerineEsitElementeTikla is PASSED

2021-11-18 12:12:16 - [MESSAGE][PASSED] - Call Test Case 'Test Cases/Menu/AnaMenuSecimi' successfully

2021-11-18 12:12:16 - [MESSAGE][INFO] - Checking called Test Case

2021-11-18 12:12:16 - [MESSAGE][INFO] - Starting to call Test Case 'Test Cases/Menu/BasligaGoreAltMenuSecimi'

2021-11-18 12:12:16 - [TEST_CASE][PASSED] - Test Cases/Menu/BasligaGoreAltMenuSecimi: Test Cases/Menu/BasligaGoreAltMenuSecimi

2021-11-18 12:12:16 - [TEST_STEP][PASSED] - Method.TextDegerineEsitElementinAltindakiTextDegerineEsitOlanaTikla(findTestObject("Menu/Menu_Basligi"), findTestObject("Menu/Basliga_Gore_Alt_Menu"), Baslik, Alt_Menu): Method.TextDegerineEsitElementinAltindakiTextDegerineEsitOlanaTikla is PASSED

2021-11-18 12:12:16 - [MESSAGE][INFO] - Finding Test Object 'Object Repository/Menu/Menu_Basligi'

2021-11-18 12:12:16 - [MESSAGE][INFO] - Finding Test Object 'Object Repository/Menu/Basliga_Gore_Alt_Menu'

2021-11-18 12:12:16 - [MESSAGE][INFO] - Checking timeout

2021-11-18 12:12:16 - [MESSAGE][INFO] - Finding web element with id: 'Object Repository/Menu/Menu_Basligi' located by 'By.xpath: //li[@class='dropdown dropdown-large open']//li[@class='dropdown-header']' in '10' second(s)

2021-11-18 12:12:16 - [MESSAGE][INFO] - Smart Wait Function is triggered

2021-11-18 12:12:16 - [MESSAGE][INFO] - Found 2 web elements with id: 'Object Repository/Menu/Menu_Basligi' located by 'By.xpath: //li[@class='dropdown dropdown-large open']//li[@class='dropdown-header']' in '10' second(s)

2021-11-18 12:12:16 - [MESSAGE][INFO] - Smart Wait Function is triggered

2021-11-18 12:12:18 - [MESSAGE][PASSED] - Method.TextDegerineEsitElementinAltindakiTextDegerineEsitOlanaTikla is PASSED

2021-11-18 12:12:18 - [MESSAGE][PASSED] - Call Test Case 'Test Cases/Menu/BasligaGoreAltMenuSecimi' successfully

2021-11-18 12:12:18 - [MESSAGE][INFO] - Checking called Test Case

2021-11-18 12:12:18 - [MESSAGE][INFO] - Starting to call Test Case 'Test Cases/Tablo/Olusturma Tarihi'

2021-11-18 12:12:18 - [TEST_CASE][PASSED] - Test Cases/Tablo/Olusturma Tarihi: Test Cases/Tablo/Olusturma Tarihi

2021-11-18 12:12:18 - [TEST_STEP][PASSED] - if (verifyTextNotPresent("Görüntülenecek veri yok", true, OPTIONAL)): null

2021-11-18 12:12:18 - [MESSAGE][INFO] - Checking text present  using regular expression

2021-11-18 12:12:18 - [MESSAGE][INFO] - Smart Wait Function is triggered

2021-11-18 12:12:19 - [MESSAGE][INFO] - Finding text 'Görüntülenecek veri yok' on page  using regular expression

2021-11-18 12:12:19 - [MESSAGE][PASSED] - Text 'Görüntülenecek veri yok' is not present on page using regular expression

2021-11-18 12:12:19 - [TEST_STEP][PASSED] - click(findTestObject("Temizle/Olusturma_Tarihi_CheckBox")): Object: 'Object Repository/Temizle/Olusturma_Tarihi_CheckBox' is clicked on

2021-11-18 12:12:19 - [MESSAGE][INFO] - Finding Test Object 'Object Repository/Temizle/Olusturma_Tarihi_CheckBox'

2021-11-18 12:12:19 - [MESSAGE][INFO] - Checking object

2021-11-18 12:12:19 - [MESSAGE][INFO] - Finding web element from Test Object's properties

2021-11-18 12:12:19 - [MESSAGE][INFO] - Checking timeout

2021-11-18 12:12:19 - [MESSAGE][INFO] - Finding web element with id: 'Object Repository/Temizle/Olusturma_Tarihi_CheckBox' located by 'By.xpath: //*[@title = 'Bu sayfadaki tüm satırları Seç']' in '30' second(s)

2021-11-18 12:12:19 - [MESSAGE][INFO] - Smart Wait Function is triggered

2021-11-18 12:12:19 - [MESSAGE][INFO] - Found 1 web elements with id: 'Object Repository/Temizle/Olusturma_Tarihi_CheckBox' located by 'By.xpath: //*[@title = 'Bu sayfadaki tüm satırları Seç']' in '30' second(s)

2021-11-18 12:12:19 - [MESSAGE][INFO] - Clicking on object: 'Object Repository/Temizle/Olusturma_Tarihi_CheckBox'

2021-11-18 12:12:19 - [MESSAGE][PASSED] - Object: 'Object Repository/Temizle/Olusturma_Tarihi_CheckBox' is clicked on

2021-11-18 12:12:19 - [TEST_STEP][PASSED] - Method.TextDegerineEsitElementeTiklaEquals(findTestObject("Butonlar/Butonlar"), "Sil"): Method.TextDegerineEsitElementeTiklaEquals is PASSED

2021-11-18 12:12:19 - [MESSAGE][INFO] - Finding Test Object 'Object Repository/Butonlar/Butonlar'

2021-11-18 12:12:19 - [MESSAGE][INFO] - Checking timeout

2021-11-18 12:12:19 - [MESSAGE][INFO] - Finding web element with id: 'Object Repository/Butonlar/Butonlar' located by 'By.cssSelector: .panel.panel-default.text-center.footerPanel .btn,.btn.btn-primary.btnControls' in '10' second(s)

2021-11-18 12:12:19 - [MESSAGE][INFO] - Smart Wait Function is triggered

2021-11-18 12:12:19 - [MESSAGE][INFO] - Found 9 web elements with id: 'Object Repository/Butonlar/Butonlar' located by 'By.cssSelector: .panel.panel-default.text-center.footerPanel .btn,.btn.btn-primary.btnControls' in '10' second(s)

2021-11-18 12:12:19 - [MESSAGE][PASSED] - Method.TextDegerineEsitElementeTiklaEquals is PASSED

2021-11-18 12:12:19 - [TEST_STEP][PASSED] - Method.TextDegerineEsitElementeTikla(findTestObject("Popup/Popup_Butons"), "Evet"): Method.TextDegerineEsitElementeTikla is PASSED

2021-11-18 12:12:19 - [MESSAGE][INFO] - Finding Test Object 'Object Repository/Popup/Popup_Butons'

2021-11-18 12:12:20 - [MESSAGE][INFO] - Checking timeout

2021-11-18 12:12:20 - [MESSAGE][INFO] - Finding web element with id: 'Object Repository/Popup/Popup_Butons' located by 'By.cssSelector: .modal-footer>button' in '10' second(s)

2021-11-18 12:12:20 - [MESSAGE][INFO] - Smart Wait Function is triggered

2021-11-18 12:12:20 - [MESSAGE][INFO] - Found 2 web elements with id: 'Object Repository/Popup/Popup_Butons' located by 'By.cssSelector: .modal-footer>button' in '10' second(s)

2021-11-18 12:12:21 - [MESSAGE][PASSED] - Method.TextDegerineEsitElementeTikla is PASSED

2021-11-18 12:12:21 - [TEST_STEP][PASSED] - Method.TextDegerineEsitElementeTikla(findTestObject("Popup/Popup_Butons"), "Tamam"): Method.TextDegerineEsitElementeTikla is PASSED

2021-11-18 12:12:21 - [MESSAGE][INFO] - Finding Test Object 'Object Repository/Popup/Popup_Butons'

2021-11-18 12:12:21 - [MESSAGE][INFO] - Checking timeout

2021-11-18 12:12:21 - [MESSAGE][INFO] - Finding web element with id: 'Object Repository/Popup/Popup_Butons' located by 'By.cssSelector: .modal-footer>button' in '10' second(s)

2021-11-18 12:12:21 - [MESSAGE][INFO] - Smart Wait Function is triggered

2021-11-18 12:12:21 - [MESSAGE][INFO] - Found 1 web elements with id: 'Object Repository/Popup/Popup_Butons' located by 'By.cssSelector: .modal-footer>button' in '10' second(s)

2021-11-18 12:12:21 - [MESSAGE][PASSED] - Method.TextDegerineEsitElementeTikla is PASSED

2021-11-18 12:12:21 - [MESSAGE][PASSED] - Call Test Case 'Test Cases/Tablo/Olusturma Tarihi' successfully

2021-11-18 12:12:21 - [MESSAGE][INFO] - Checking called Test Case

2021-11-18 12:12:21 - [MESSAGE][INFO] - Starting to call Test Case 'Test Cases/Butonlar/ButonaTikla'

2021-11-18 12:12:21 - [TEST_CASE][PASSED] - Test Cases/Butonlar/ButonaTikla: Test Cases/Butonlar/ButonaTikla

2021-11-18 12:12:21 - [TEST_STEP][PASSED] - Method.TextDegerineEsitElementeTiklaEquals(findTestObject("Butonlar/Butonlar"), Buton_Adi): Method.TextDegerineEsitElementeTiklaEquals is PASSED

2021-11-18 12:12:21 - [MESSAGE][INFO] - Finding Test Object 'Object Repository/Butonlar/Butonlar'

2021-11-18 12:12:22 - [MESSAGE][INFO] - Checking timeout

2021-11-18 12:12:22 - [MESSAGE][INFO] - Finding web element with id: 'Object Repository/Butonlar/Butonlar' located by 'By.cssSelector: .panel.panel-default.text-center.footerPanel .btn,.btn.btn-primary.btnControls' in '10' second(s)

2021-11-18 12:12:22 - [MESSAGE][INFO] - Smart Wait Function is triggered

2021-11-18 12:12:22 - [MESSAGE][INFO] - Found 9 web elements with id: 'Object Repository/Butonlar/Butonlar' located by 'By.cssSelector: .panel.panel-default.text-center.footerPanel .btn,.btn.btn-primary.btnControls' in '10' second(s)

2021-11-18 12:12:22 - [MESSAGE][PASSED] - Method.TextDegerineEsitElementeTiklaEquals is PASSED

2021-11-18 12:12:22 - [MESSAGE][PASSED] - Call Test Case 'Test Cases/Butonlar/ButonaTikla' successfully

2021-11-18 12:12:22 - [MESSAGE][INFO] - Checking called Test Case

2021-11-18 12:12:22 - [MESSAGE][INFO] - Starting to call Test Case 'Test Cases/Olusturma/Genel/GorselTasarimSayfasıBasligiIceriyorMu'

2021-11-18 12:12:22 - [TEST_CASE][PASSED] - Test Cases/Olusturma/Genel/GorselTasarimSayfasıBasligiIceriyorMu: Test Cases/Olusturma/Genel/GorselTasarimSayfasıBasligiIceriyorMu

2021-11-18 12:12:22 - [TEST_STEP][PASSED] - verifyElementText(findTestObject("Object Repository/Olusturma/Genel/GorselTasarimBaslik"), Baslik): Actual text and expected text of test object 'Object Repository/Olusturma/Genel/GorselTasarimBaslik' are matched.

2021-11-18 12:12:22 - [MESSAGE][INFO] - Finding Test Object 'Object Repository/Olusturma/Genel/GorselTasarimBaslik'

2021-11-18 12:12:22 - [MESSAGE][INFO] - Checking object

2021-11-18 12:12:22 - [MESSAGE][INFO] - Finding web element from Test Object's properties

2021-11-18 12:12:22 - [MESSAGE][INFO] - Checking timeout

2021-11-18 12:12:22 - [MESSAGE][INFO] - Finding web element with id: 'Object Repository/Olusturma/Genel/GorselTasarimBaslik' located by 'By.cssSelector: #flAlici_0>div>span' in '30' second(s)

2021-11-18 12:12:22 - [MESSAGE][INFO] - Smart Wait Function is triggered

2021-11-18 12:12:28 - [MESSAGE][INFO] - Found 1 web elements with id: 'Object Repository/Olusturma/Genel/GorselTasarimBaslik' located by 'By.cssSelector: #flAlici_0>div>span' in '30' second(s)

2021-11-18 12:12:28 - [MESSAGE][PASSED] - Actual text and expected text of test object 'Object Repository/Olusturma/Genel/GorselTasarimBaslik' are matched.

2021-11-18 12:12:28 - [MESSAGE][PASSED] - Call Test Case 'Test Cases/Olusturma/Genel/GorselTasarimSayfasıBasligiIceriyorMu' successfully

2021-11-18 12:12:28 - [MESSAGE][INFO] - Checking called Test Case

2021-11-18 12:12:28 - [MESSAGE][INFO] - Starting to call Test Case 'Test Cases/Olusturma/Genel/AliciSecilir'

2021-11-18 12:12:28 - [TEST_CASE][PASSED] - Test Cases/Olusturma/Genel/AliciSecilir: Test Cases/Olusturma/Genel/AliciSecilir

2021-11-18 12:12:28 - [TEST_STEP][PASSED] - click(findTestObject("Olusturma/Genel/AliciBilgisi/Alici_Ara")): Object: 'Object Repository/Olusturma/Genel/AliciBilgisi/Alici_Ara' is clicked on

2021-11-18 12:12:28 - [MESSAGE][INFO] - Finding Test Object 'Object Repository/Olusturma/Genel/AliciBilgisi/Alici_Ara'

2021-11-18 12:12:29 - [MESSAGE][INFO] - Checking object

2021-11-18 12:12:29 - [MESSAGE][INFO] - Finding web element from Test Object's properties

2021-11-18 12:12:29 - [MESSAGE][INFO] - Checking timeout

2021-11-18 12:12:29 - [MESSAGE][INFO] - Finding web element with id: 'Object Repository/Olusturma/Genel/AliciBilgisi/Alici_Ara' located by 'By.xpath: //td[@id='txtCustomerText_B-1']' in '30' second(s)

2021-11-18 12:12:29 - [MESSAGE][INFO] - Smart Wait Function is triggered

2021-11-18 12:12:29 - [MESSAGE][INFO] - Found 1 web elements with id: 'Object Repository/Olusturma/Genel/AliciBilgisi/Alici_Ara' located by 'By.xpath: //td[@id='txtCustomerText_B-1']' in '30' second(s)

2021-11-18 12:12:29 - [MESSAGE][INFO] - Clicking on object: 'Object Repository/Olusturma/Genel/AliciBilgisi/Alici_Ara'

2021-11-18 12:12:29 - [MESSAGE][PASSED] - Object: 'Object Repository/Olusturma/Genel/AliciBilgisi/Alici_Ara' is clicked on

2021-11-18 12:12:29 - [TEST_STEP][PASSED] - click(findTestObject("Olusturma/Genel/AliciBilgisi/Alici_Bilgisi")): Object: 'Object Repository/Olusturma/Genel/AliciBilgisi/Alici_Bilgisi' is clicked on

2021-11-18 12:12:29 - [MESSAGE][INFO] - Finding Test Object 'Object Repository/Olusturma/Genel/AliciBilgisi/Alici_Bilgisi'

2021-11-18 12:12:29 - [MESSAGE][INFO] - Checking object

2021-11-18 12:12:29 - [MESSAGE][INFO] - Finding web element from Test Object's properties

2021-11-18 12:12:29 - [MESSAGE][INFO] - Checking timeout

2021-11-18 12:12:29 - [MESSAGE][INFO] - Finding web element with id: 'Object Repository/Olusturma/Genel/AliciBilgisi/Alici_Bilgisi' located by 'By.xpath: //iframe[@id='customerselectiframe']' in '30' second(s)

2021-11-18 12:12:29 - [MESSAGE][INFO] - Smart Wait Function is triggered

2021-11-18 12:12:29 - [MESSAGE][INFO] - Found 1 web elements with id: 'Object Repository/Olusturma/Genel/AliciBilgisi/Alici_Bilgisi' located by 'By.xpath: //iframe[@id='customerselectiframe']' in '30' second(s)

2021-11-18 12:12:29 - [MESSAGE][INFO] - Clicking on object: 'Object Repository/Olusturma/Genel/AliciBilgisi/Alici_Bilgisi'

2021-11-18 12:12:29 - [MESSAGE][PASSED] - Object: 'Object Repository/Olusturma/Genel/AliciBilgisi/Alici_Bilgisi' is clicked on

2021-11-18 12:12:29 - [TEST_STEP][PASSED] - setText(findTestObject("Olusturma/Genel/AliciBilgisi/Alici_Gir"), Alici_Adi): Switching to default content

2021-11-18 12:12:29 - [MESSAGE][INFO] - Finding Test Object 'Object Repository/Olusturma/Genel/AliciBilgisi/Alici_Gir'

2021-11-18 12:12:29 - [MESSAGE][INFO] - Finding Test Object 'Object Repository/Olusturma/Genel/AliciBilgisi/Alici_Bilgisi'

2021-11-18 12:12:30 - [MESSAGE][INFO] - Checking object

2021-11-18 12:12:30 - [MESSAGE][INFO] - Checking text

2021-11-18 12:12:30 - [MESSAGE][INFO] - Object: 'Object Repository/Olusturma/Genel/AliciBilgisi/Alici_Gir' has parent object(s)

2021-11-18 12:12:30 - [MESSAGE][INFO] - Switching to iframe: 'Object Repository/Olusturma/Genel/AliciBilgisi/Alici_Bilgisi'

2021-11-18 12:12:30 - [MESSAGE][INFO] - Finding web element from Test Object's properties

2021-11-18 12:12:30 - [MESSAGE][INFO] - Checking timeout

2021-11-18 12:12:30 - [MESSAGE][INFO] - Finding web element with id: 'Object Repository/Olusturma/Genel/AliciBilgisi/Alici_Bilgisi' located by 'By.xpath: //iframe[@id='customerselectiframe']' in '30' second(s)

2021-11-18 12:12:30 - [MESSAGE][INFO] - Smart Wait Function is triggered

2021-11-18 12:12:30 - [MESSAGE][INFO] - Found 1 web elements with id: 'Object Repository/Olusturma/Genel/AliciBilgisi/Alici_Bilgisi' located by 'By.xpath: //iframe[@id='customerselectiframe']' in '30' second(s)

2021-11-18 12:12:30 - [MESSAGE][INFO] - Switched to iframe: 'Object Repository/Olusturma/Genel/AliciBilgisi/Alici_Bilgisi'

2021-11-18 12:12:30 - [MESSAGE][INFO] - Finding web element from Test Object's properties

2021-11-18 12:12:30 - [MESSAGE][INFO] - Checking timeout

2021-11-18 12:12:30 - [MESSAGE][INFO] - Finding web element with id: 'Object Repository/Olusturma/Genel/AliciBilgisi/Alici_Gir' located by 'By.xpath: //input[@id='GridViewCustomer_DXFREditorcol1_I']' in '30' second(s)

2021-11-18 12:12:30 - [MESSAGE][INFO] - Smart Wait Function is triggered

2021-11-18 12:12:30 - [MESSAGE][INFO] - Found 1 web elements with id: 'Object Repository/Olusturma/Genel/AliciBilgisi/Alici_Gir' located by 'By.xpath: //input[@id='GridViewCustomer_DXFREditorcol1_I']' in '30' second(s)

2021-11-18 12:12:30 - [MESSAGE][INFO] - Clearing text of object 'Object Repository/Olusturma/Genel/AliciBilgisi/Alici_Gir'

2021-11-18 12:12:30 - [MESSAGE][INFO] - Finding web element from Test Object's properties

2021-11-18 12:12:30 - [MESSAGE][INFO] - Checking timeout

2021-11-18 12:12:30 - [MESSAGE][INFO] - Finding web element with id: 'Object Repository/Olusturma/Genel/AliciBilgisi/Alici_Gir' located by 'By.xpath: //input[@id='GridViewCustomer_DXFREditorcol1_I']' in '30' second(s)

2021-11-18 12:12:30 - [MESSAGE][INFO] - Smart Wait Function is triggered

2021-11-18 12:12:30 - [MESSAGE][INFO] - Found 1 web elements with id: 'Object Repository/Olusturma/Genel/AliciBilgisi/Alici_Gir' located by 'By.xpath: //input[@id='GridViewCustomer_DXFREditorcol1_I']' in '30' second(s)

2021-11-18 12:12:30 - [MESSAGE][INFO] - Setting text of object 'Object Repository/Olusturma/Genel/AliciBilgisi/Alici_Gir' to value 'UC0009'

2021-11-18 12:12:30 - [MESSAGE][PASSED] - Text 'UC0009' is set on object 'Object Repository/Olusturma/Genel/AliciBilgisi/Alici_Gir'

2021-11-18 12:12:30 - [MESSAGE][INFO] - Switching to default content

2021-11-18 12:12:30 - [TEST_STEP][PASSED] - waitForElementClickable(findTestObject("Olusturma/Genel/AliciBilgisi/Alici_Adi"), 10): Switching to default content

2021-11-18 12:12:30 - [MESSAGE][INFO] - Finding Test Object 'Object Repository/Olusturma/Genel/AliciBilgisi/Alici_Adi'

2021-11-18 12:12:30 - [MESSAGE][INFO] - Finding Test Object 'Object Repository/Olusturma/Genel/AliciBilgisi/iframe_Alc Bilgisi_customerselectiframe'

2021-11-18 12:12:30 - [MESSAGE][INFO] - Checking object

2021-11-18 12:12:30 - [MESSAGE][INFO] - Checking timeout

2021-11-18 12:12:30 - [MESSAGE][INFO] - Object: 'Object Repository/Olusturma/Genel/AliciBilgisi/Alici_Adi' has parent object(s)

2021-11-18 12:12:30 - [MESSAGE][INFO] - Switching to iframe: 'Object Repository/Olusturma/Genel/AliciBilgisi/iframe_Alc Bilgisi_customerselectiframe'

2021-11-18 12:12:30 - [MESSAGE][INFO] - Finding web element from Test Object's properties

2021-11-18 12:12:30 - [MESSAGE][INFO] - Checking timeout

2021-11-18 12:12:30 - [MESSAGE][INFO] - Finding web element with id: 'Object Repository/Olusturma/Genel/AliciBilgisi/iframe_Alc Bilgisi_customerselectiframe' located by 'By.xpath: //iframe[@id='customerselectiframe']' in '10' second(s)

2021-11-18 12:12:30 - [MESSAGE][INFO] - Smart Wait Function is triggered

2021-11-18 12:12:30 - [MESSAGE][INFO] - Found 1 web elements with id: 'Object Repository/Olusturma/Genel/AliciBilgisi/iframe_Alc Bilgisi_customerselectiframe' located by 'By.xpath: //iframe[@id='customerselectiframe']' in '10' second(s)

2021-11-18 12:12:30 - [MESSAGE][INFO] - Switched to iframe: 'Object Repository/Olusturma/Genel/AliciBilgisi/iframe_Alc Bilgisi_customerselectiframe'

2021-11-18 12:12:30 - [MESSAGE][INFO] - Finding web element from Test Object's properties

2021-11-18 12:12:30 - [MESSAGE][INFO] - Checking timeout

2021-11-18 12:12:30 - [MESSAGE][INFO] - Finding web element with id: 'Object Repository/Olusturma/Genel/AliciBilgisi/Alici_Adi' located by 'By.xpath: //tr[@id='GridViewCustomer_DXDataRow0']/td[2]' in '10' second(s)

2021-11-18 12:12:30 - [MESSAGE][INFO] - Smart Wait Function is triggered

2021-11-18 12:12:30 - [MESSAGE][INFO] - Found 1 web elements with id: 'Object Repository/Olusturma/Genel/AliciBilgisi/Alici_Adi' located by 'By.xpath: //tr[@id='GridViewCustomer_DXDataRow0']/td[2]' in '10' second(s)

2021-11-18 12:12:30 - [MESSAGE][PASSED] - Object 'Object Repository/Olusturma/Genel/AliciBilgisi/Alici_Adi' is clickable

2021-11-18 12:12:30 - [MESSAGE][INFO] - Switching to default content

2021-11-18 12:12:30 - [TEST_STEP][PASSED] - click(findTestObject("Olusturma/Genel/AliciBilgisi/frame")): Switching to default content

2021-11-18 12:12:30 - [MESSAGE][INFO] - Finding Test Object 'Object Repository/Olusturma/Genel/AliciBilgisi/frame'

2021-11-18 12:12:31 - [MESSAGE][INFO] - Finding Test Object 'Object Repository/Olusturma/Genel/AliciBilgisi/iframe_Alc Bilgisi_customerselectiframe'

2021-11-18 12:12:31 - [MESSAGE][INFO] - Checking object

2021-11-18 12:12:31 - [MESSAGE][INFO] - Object: 'Object Repository/Olusturma/Genel/AliciBilgisi/frame' has parent object(s)

2021-11-18 12:12:31 - [MESSAGE][INFO] - Switching to iframe: 'Object Repository/Olusturma/Genel/AliciBilgisi/iframe_Alc Bilgisi_customerselectiframe'

2021-11-18 12:12:31 - [MESSAGE][INFO] - Finding web element from Test Object's properties

2021-11-18 12:12:31 - [MESSAGE][INFO] - Checking timeout

2021-11-18 12:12:31 - [MESSAGE][INFO] - Finding web element with id: 'Object Repository/Olusturma/Genel/AliciBilgisi/iframe_Alc Bilgisi_customerselectiframe' located by 'By.xpath: //iframe[@id='customerselectiframe']' in '30' second(s)

2021-11-18 12:12:31 - [MESSAGE][INFO] - Smart Wait Function is triggered

2021-11-18 12:12:31 - [MESSAGE][INFO] - Found 1 web elements with id: 'Object Repository/Olusturma/Genel/AliciBilgisi/iframe_Alc Bilgisi_customerselectiframe' located by 'By.xpath: //iframe[@id='customerselectiframe']' in '30' second(s)

2021-11-18 12:12:31 - [MESSAGE][INFO] - Switched to iframe: 'Object Repository/Olusturma/Genel/AliciBilgisi/iframe_Alc Bilgisi_customerselectiframe'

2021-11-18 12:12:31 - [MESSAGE][INFO] - Finding web element from Test Object's properties

2021-11-18 12:12:31 - [MESSAGE][INFO] - Checking timeout

2021-11-18 12:12:31 - [MESSAGE][INFO] - Finding web element with id: 'Object Repository/Olusturma/Genel/AliciBilgisi/frame' located by 'By.xpath: //*/text()[normalize-space(.)='']/parent::*' in '30' second(s)

2021-11-18 12:12:31 - [MESSAGE][INFO] - Smart Wait Function is triggered

2021-11-18 12:12:31 - [MESSAGE][INFO] - Found 66 web elements with id: 'Object Repository/Olusturma/Genel/AliciBilgisi/frame' located by 'By.xpath: //*/text()[normalize-space(.)='']/parent::*' in '30' second(s)

2021-11-18 12:12:31 - [MESSAGE][INFO] - Clicking on object: 'Object Repository/Olusturma/Genel/AliciBilgisi/frame'

2021-11-18 12:12:31 - [MESSAGE][PASSED] - Object: 'Object Repository/Olusturma/Genel/AliciBilgisi/frame' is clicked on

2021-11-18 12:12:31 - [MESSAGE][INFO] - Switching to default content

2021-11-18 12:12:31 - [TEST_STEP][PASSED] - click(findTestObject("Olusturma/Genel/AliciBilgisi/Alici_Adi")): Switching to default content

2021-11-18 12:12:31 - [MESSAGE][INFO] - Finding Test Object 'Object Repository/Olusturma/Genel/AliciBilgisi/Alici_Adi'

2021-11-18 12:12:31 - [MESSAGE][INFO] - Finding Test Object 'Object Repository/Olusturma/Genel/AliciBilgisi/iframe_Alc Bilgisi_customerselectiframe'

2021-11-18 12:12:31 - [MESSAGE][INFO] - Checking object

2021-11-18 12:12:31 - [MESSAGE][INFO] - Object: 'Object Repository/Olusturma/Genel/AliciBilgisi/Alici_Adi' has parent object(s)

2021-11-18 12:12:31 - [MESSAGE][INFO] - Switching to iframe: 'Object Repository/Olusturma/Genel/AliciBilgisi/iframe_Alc Bilgisi_customerselectiframe'

2021-11-18 12:12:31 - [MESSAGE][INFO] - Finding web element from Test Object's properties

2021-11-18 12:12:31 - [MESSAGE][INFO] - Checking timeout

2021-11-18 12:12:31 - [MESSAGE][INFO] - Finding web element with id: 'Object Repository/Olusturma/Genel/AliciBilgisi/iframe_Alc Bilgisi_customerselectiframe' located by 'By.xpath: //iframe[@id='customerselectiframe']' in '30' second(s)

2021-11-18 12:12:31 - [MESSAGE][INFO] - Smart Wait Function is triggered

2021-11-18 12:12:31 - [MESSAGE][INFO] - Found 1 web elements with id: 'Object Repository/Olusturma/Genel/AliciBilgisi/iframe_Alc Bilgisi_customerselectiframe' located by 'By.xpath: //iframe[@id='customerselectiframe']' in '30' second(s)

2021-11-18 12:12:31 - [MESSAGE][INFO] - Switched to iframe: 'Object Repository/Olusturma/Genel/AliciBilgisi/iframe_Alc Bilgisi_customerselectiframe'

2021-11-18 12:12:31 - [MESSAGE][INFO] - Finding web element from Test Object's properties

2021-11-18 12:12:31 - [MESSAGE][INFO] - Checking timeout

2021-11-18 12:12:31 - [MESSAGE][INFO] - Finding web element with id: 'Object Repository/Olusturma/Genel/AliciBilgisi/Alici_Adi' located by 'By.xpath: //tr[@id='GridViewCustomer_DXDataRow0']/td[2]' in '30' second(s)

2021-11-18 12:12:31 - [MESSAGE][INFO] - Smart Wait Function is triggered

2021-11-18 12:12:31 - [MESSAGE][INFO] - Found 1 web elements with id: 'Object Repository/Olusturma/Genel/AliciBilgisi/Alici_Adi' located by 'By.xpath: //tr[@id='GridViewCustomer_DXDataRow0']/td[2]' in '30' second(s)

2021-11-18 12:12:31 - [MESSAGE][INFO] - Clicking on object: 'Object Repository/Olusturma/Genel/AliciBilgisi/Alici_Adi'

2021-11-18 12:12:32 - [MESSAGE][PASSED] - Object: 'Object Repository/Olusturma/Genel/AliciBilgisi/Alici_Adi' is clicked on

2021-11-18 12:12:32 - [MESSAGE][INFO] - Switching to default content

2021-11-18 12:12:32 - [TEST_STEP][PASSED] - click(findTestObject("Olusturma/Genel/AliciBilgisi/Tamam_Bosluk")): Switching to default content

2021-11-18 12:12:32 - [MESSAGE][INFO] - Finding Test Object 'Object Repository/Olusturma/Genel/AliciBilgisi/Tamam_Bosluk'

2021-11-18 12:12:32 - [MESSAGE][INFO] - Finding Test Object 'Object Repository/Olusturma/Genel/AliciBilgisi/Alici_Bilgisi'

2021-11-18 12:12:32 - [MESSAGE][INFO] - Checking object

2021-11-18 12:12:32 - [MESSAGE][INFO] - Object: 'Object Repository/Olusturma/Genel/AliciBilgisi/Tamam_Bosluk' has parent object(s)

2021-11-18 12:12:32 - [MESSAGE][INFO] - Switching to iframe: 'Object Repository/Olusturma/Genel/AliciBilgisi/Alici_Bilgisi'

2021-11-18 12:12:32 - [MESSAGE][INFO] - Finding web element from Test Object's properties

2021-11-18 12:12:32 - [MESSAGE][INFO] - Checking timeout

2021-11-18 12:12:32 - [MESSAGE][INFO] - Finding web element with id: 'Object Repository/Olusturma/Genel/AliciBilgisi/Alici_Bilgisi' located by 'By.xpath: //iframe[@id='customerselectiframe']' in '30' second(s)

2021-11-18 12:12:32 - [MESSAGE][INFO] - Smart Wait Function is triggered

2021-11-18 12:12:32 - [MESSAGE][INFO] - Found 1 web elements with id: 'Object Repository/Olusturma/Genel/AliciBilgisi/Alici_Bilgisi' located by 'By.xpath: //iframe[@id='customerselectiframe']' in '30' second(s)

2021-11-18 12:12:32 - [MESSAGE][INFO] - Switched to iframe: 'Object Repository/Olusturma/Genel/AliciBilgisi/Alici_Bilgisi'

2021-11-18 12:12:32 - [MESSAGE][INFO] - Finding web element from Test Object's properties

2021-11-18 12:12:32 - [MESSAGE][INFO] - Checking timeout

2021-11-18 12:12:32 - [MESSAGE][INFO] - Finding web element with id: 'Object Repository/Olusturma/Genel/AliciBilgisi/Tamam_Bosluk' located by 'By.xpath: (.//*[normalize-space(text()) and normalize-space(.)='Sayfa Boyutu:'])[1]/following::div[7]' in '30' second(s)

2021-11-18 12:12:32 - [MESSAGE][INFO] - Smart Wait Function is triggered

2021-11-18 12:12:32 - [MESSAGE][INFO] - Found 1 web elements with id: 'Object Repository/Olusturma/Genel/AliciBilgisi/Tamam_Bosluk' located by 'By.xpath: (.//*[normalize-space(text()) and normalize-space(.)='Sayfa Boyutu:'])[1]/following::div[7]' in '30' second(s)

2021-11-18 12:12:32 - [MESSAGE][INFO] - Clicking on object: 'Object Repository/Olusturma/Genel/AliciBilgisi/Tamam_Bosluk'

2021-11-18 12:12:32 - [MESSAGE][PASSED] - Object: 'Object Repository/Olusturma/Genel/AliciBilgisi/Tamam_Bosluk' is clicked on

2021-11-18 12:12:32 - [MESSAGE][INFO] - Switching to default content

2021-11-18 12:12:32 - [TEST_STEP][PASSED] - waitForElementClickable(findTestObject("Olusturma/Genel/AliciBilgisi/Tamam_Butonu"), 10): Switching to default content

2021-11-18 12:12:32 - [MESSAGE][INFO] - Finding Test Object 'Object Repository/Olusturma/Genel/AliciBilgisi/Tamam_Butonu'

2021-11-18 12:12:32 - [MESSAGE][INFO] - Finding Test Object 'Object Repository/Olusturma/Genel/AliciBilgisi/Alici_Bilgisi'

2021-11-18 12:12:32 - [MESSAGE][INFO] - Checking object

2021-11-18 12:12:32 - [MESSAGE][INFO] - Checking timeout

2021-11-18 12:12:32 - [MESSAGE][INFO] - Object: 'Object Repository/Olusturma/Genel/AliciBilgisi/Tamam_Butonu' has parent object(s)

2021-11-18 12:12:32 - [MESSAGE][INFO] - Switching to iframe: 'Object Repository/Olusturma/Genel/AliciBilgisi/Alici_Bilgisi'

2021-11-18 12:12:32 - [MESSAGE][INFO] - Finding web element from Test Object's properties

2021-11-18 12:12:32 - [MESSAGE][INFO] - Checking timeout

2021-11-18 12:12:32 - [MESSAGE][INFO] - Finding web element with id: 'Object Repository/Olusturma/Genel/AliciBilgisi/Alici_Bilgisi' located by 'By.xpath: //iframe[@id='customerselectiframe']' in '10' second(s)

2021-11-18 12:12:32 - [MESSAGE][INFO] - Smart Wait Function is triggered

2021-11-18 12:12:33 - [MESSAGE][INFO] - Found 1 web elements with id: 'Object Repository/Olusturma/Genel/AliciBilgisi/Alici_Bilgisi' located by 'By.xpath: //iframe[@id='customerselectiframe']' in '10' second(s)

2021-11-18 12:12:33 - [MESSAGE][INFO] - Switched to iframe: 'Object Repository/Olusturma/Genel/AliciBilgisi/Alici_Bilgisi'

2021-11-18 12:12:33 - [MESSAGE][INFO] - Finding web element from Test Object's properties

2021-11-18 12:12:33 - [MESSAGE][INFO] - Checking timeout

2021-11-18 12:12:33 - [MESSAGE][INFO] - Finding web element with id: 'Object Repository/Olusturma/Genel/AliciBilgisi/Tamam_Butonu' located by 'By.xpath: //div[@id='btnSelectCustomer_CD']/span' in '10' second(s)

2021-11-18 12:12:33 - [MESSAGE][INFO] - Smart Wait Function is triggered

2021-11-18 12:12:33 - [MESSAGE][INFO] - Found 1 web elements with id: 'Object Repository/Olusturma/Genel/AliciBilgisi/Tamam_Butonu' located by 'By.xpath: //div[@id='btnSelectCustomer_CD']/span' in '10' second(s)

2021-11-18 12:12:33 - [MESSAGE][PASSED] - Object 'Object Repository/Olusturma/Genel/AliciBilgisi/Tamam_Butonu' is clickable

2021-11-18 12:12:33 - [MESSAGE][INFO] - Switching to default content

2021-11-18 12:12:33 - [TEST_STEP][PASSED] - click(findTestObject("Olusturma/Genel/AliciBilgisi/Tamam_Butonu")): Switching to default content

2021-11-18 12:12:33 - [MESSAGE][INFO] - Finding Test Object 'Object Repository/Olusturma/Genel/AliciBilgisi/Tamam_Butonu'

2021-11-18 12:12:33 - [MESSAGE][INFO] - Finding Test Object 'Object Repository/Olusturma/Genel/AliciBilgisi/Alici_Bilgisi'

2021-11-18 12:12:33 - [MESSAGE][INFO] - Checking object

2021-11-18 12:12:33 - [MESSAGE][INFO] - Object: 'Object Repository/Olusturma/Genel/AliciBilgisi/Tamam_Butonu' has parent object(s)

2021-11-18 12:12:33 - [MESSAGE][INFO] - Switching to iframe: 'Object Repository/Olusturma/Genel/AliciBilgisi/Alici_Bilgisi'

2021-11-18 12:12:33 - [MESSAGE][INFO] - Finding web element from Test Object's properties

2021-11-18 12:12:33 - [MESSAGE][INFO] - Checking timeout

2021-11-18 12:12:33 - [MESSAGE][INFO] - Finding web element with id: 'Object Repository/Olusturma/Genel/AliciBilgisi/Alici_Bilgisi' located by 'By.xpath: //iframe[@id='customerselectiframe']' in '30' second(s)

2021-11-18 12:12:33 - [MESSAGE][INFO] - Smart Wait Function is triggered

2021-11-18 12:12:33 - [MESSAGE][INFO] - Found 1 web elements with id: 'Object Repository/Olusturma/Genel/AliciBilgisi/Alici_Bilgisi' located by 'By.xpath: //iframe[@id='customerselectiframe']' in '30' second(s)

2021-11-18 12:12:33 - [MESSAGE][INFO] - Switched to iframe: 'Object Repository/Olusturma/Genel/AliciBilgisi/Alici_Bilgisi'

2021-11-18 12:12:33 - [MESSAGE][INFO] - Finding web element from Test Object's properties

2021-11-18 12:12:33 - [MESSAGE][INFO] - Checking timeout

2021-11-18 12:12:33 - [MESSAGE][INFO] - Finding web element with id: 'Object Repository/Olusturma/Genel/AliciBilgisi/Tamam_Butonu' located by 'By.xpath: //div[@id='btnSelectCustomer_CD']/span' in '30' second(s)

2021-11-18 12:12:33 - [MESSAGE][INFO] - Smart Wait Function is triggered

2021-11-18 12:12:33 - [MESSAGE][INFO] - Found 1 web elements with id: 'Object Repository/Olusturma/Genel/AliciBilgisi/Tamam_Butonu' located by 'By.xpath: //div[@id='btnSelectCustomer_CD']/span' in '30' second(s)

2021-11-18 12:12:33 - [MESSAGE][INFO] - Clicking on object: 'Object Repository/Olusturma/Genel/AliciBilgisi/Tamam_Butonu'

2021-11-18 12:12:33 - [MESSAGE][PASSED] - Object: 'Object Repository/Olusturma/Genel/AliciBilgisi/Tamam_Butonu' is clicked on

2021-11-18 12:12:33 - [MESSAGE][INFO] - Switching to default content

2021-11-18 12:12:33 - [TEST_STEP][PASSED] - waitForElementPresent(findTestObject("Olusturma/Genel/AliciBilgisi/VKN-TCKN"), 10): Object 'Object Repository/Olusturma/Genel/AliciBilgisi/VKN-TCKN' is present

2021-11-18 12:12:33 - [MESSAGE][INFO] - Finding Test Object 'Object Repository/Olusturma/Genel/AliciBilgisi/VKN-TCKN'

2021-11-18 12:12:33 - [MESSAGE][INFO] - Checking object

2021-11-18 12:12:33 - [MESSAGE][INFO] - Finding web element from Test Object's properties

2021-11-18 12:12:33 - [MESSAGE][INFO] - Checking timeout

2021-11-18 12:12:33 - [MESSAGE][INFO] - Finding web element with id: 'Object Repository/Olusturma/Genel/AliciBilgisi/VKN-TCKN' located by 'By.xpath: //*[@id = 'txtVknTckn_I']' in '10' second(s)

2021-11-18 12:12:33 - [MESSAGE][INFO] - Smart Wait Function is triggered

2021-11-18 12:12:34 - [MESSAGE][INFO] - Found 1 web elements with id: 'Object Repository/Olusturma/Genel/AliciBilgisi/VKN-TCKN' located by 'By.xpath: //*[@id = 'txtVknTckn_I']' in '10' second(s)

2021-11-18 12:12:34 - [MESSAGE][PASSED] - Object 'Object Repository/Olusturma/Genel/AliciBilgisi/VKN-TCKN' is present

2021-11-18 12:12:34 - [TEST_STEP][PASSED] - text = getAttribute(findTestObject("Olusturma/Genel/AliciBilgisi/VKN-TCKN"), "value"): Attribute 'value' of object 'Object Repository/Olusturma/Genel/AliciBilgisi/VKN-TCKN' is: '5325011910'

2021-11-18 12:12:34 - [MESSAGE][INFO] - Finding Test Object 'Object Repository/Olusturma/Genel/AliciBilgisi/VKN-TCKN'

2021-11-18 12:12:34 - [MESSAGE][INFO] - Checking object

2021-11-18 12:12:34 - [MESSAGE][INFO] - Checking attribute

2021-11-18 12:12:34 - [MESSAGE][INFO] - Finding web element from Test Object's properties

2021-11-18 12:12:34 - [MESSAGE][INFO] - Checking timeout

2021-11-18 12:12:34 - [MESSAGE][INFO] - Finding web element with id: 'Object Repository/Olusturma/Genel/AliciBilgisi/VKN-TCKN' located by 'By.xpath: //*[@id = 'txtVknTckn_I']' in '30' second(s)

2021-11-18 12:12:34 - [MESSAGE][INFO] - Smart Wait Function is triggered

2021-11-18 12:12:34 - [MESSAGE][INFO] - Found 1 web elements with id: 'Object Repository/Olusturma/Genel/AliciBilgisi/VKN-TCKN' located by 'By.xpath: //*[@id = 'txtVknTckn_I']' in '30' second(s)

2021-11-18 12:12:34 - [MESSAGE][INFO] - Getting attribute 'value' of object 'Object Repository/Olusturma/Genel/AliciBilgisi/VKN-TCKN'

2021-11-18 12:12:34 - [MESSAGE][PASSED] - Attribute 'value' of object 'Object Repository/Olusturma/Genel/AliciBilgisi/VKN-TCKN' is: '5325011910'

2021-11-18 12:12:34 - [TEST_STEP][PASSED] - if (text.equals("")): null

2021-11-18 12:12:34 - [MESSAGE][PASSED] - Call Test Case 'Test Cases/Olusturma/Genel/AliciSecilir' successfully

2021-11-18 12:12:34 - [MESSAGE][INFO] - Checking called Test Case

2021-11-18 12:12:34 - [MESSAGE][INFO] - Starting to call Test Case 'Test Cases/Olusturma/Genel/GonderimSekliSecilir'

2021-11-18 12:12:34 - [TEST_CASE][PASSED] - Test Cases/Olusturma/Genel/GonderimSekliSecilir: Test Cases/Olusturma/Genel/GonderimSekliSecilir

2021-11-18 12:12:34 - [TEST_STEP][PASSED] - waitForElementClickable(findTestObject("Object Repository/Olusturma/Genel/GonderimSekli/GonderimSekli"), 10): Object 'Object Repository/Olusturma/Genel/GonderimSekli/GonderimSekli' is clickable

2021-11-18 12:12:34 - [MESSAGE][INFO] - Finding Test Object 'Object Repository/Olusturma/Genel/GonderimSekli/GonderimSekli'

2021-11-18 12:12:34 - [MESSAGE][INFO] - Checking object

2021-11-18 12:12:34 - [MESSAGE][INFO] - Checking timeout

2021-11-18 12:12:34 - [MESSAGE][INFO] - Finding web element from Test Object's properties

2021-11-18 12:12:34 - [MESSAGE][INFO] - Checking timeout

2021-11-18 12:12:34 - [MESSAGE][INFO] - Finding web element with id: 'Object Repository/Olusturma/Genel/GonderimSekli/GonderimSekli' located by 'By.xpath: //*[@id = 'txtGonderimSekil_I']' in '10' second(s)

2021-11-18 12:12:34 - [MESSAGE][INFO] - Smart Wait Function is triggered

2021-11-18 12:12:35 - [MESSAGE][INFO] - Found 1 web elements with id: 'Object Repository/Olusturma/Genel/GonderimSekli/GonderimSekli' located by 'By.xpath: //*[@id = 'txtGonderimSekil_I']' in '10' second(s)

2021-11-18 12:12:35 - [MESSAGE][PASSED] - Object 'Object Repository/Olusturma/Genel/GonderimSekli/GonderimSekli' is clickable

2021-11-18 12:12:35 - [TEST_STEP][PASSED] - click(findTestObject("Object Repository/Olusturma/Genel/GonderimSekli/GonderimSekli")): Object: 'Object Repository/Olusturma/Genel/GonderimSekli/GonderimSekli' is clicked on

2021-11-18 12:12:35 - [MESSAGE][INFO] - Finding Test Object 'Object Repository/Olusturma/Genel/GonderimSekli/GonderimSekli'

2021-11-18 12:12:35 - [MESSAGE][INFO] - Checking object

2021-11-18 12:12:35 - [MESSAGE][INFO] - Finding web element from Test Object's properties

2021-11-18 12:12:35 - [MESSAGE][INFO] - Checking timeout

2021-11-18 12:12:35 - [MESSAGE][INFO] - Finding web element with id: 'Object Repository/Olusturma/Genel/GonderimSekli/GonderimSekli' located by 'By.xpath: //*[@id = 'txtGonderimSekil_I']' in '30' second(s)

2021-11-18 12:12:35 - [MESSAGE][INFO] - Smart Wait Function is triggered

2021-11-18 12:12:35 - [MESSAGE][INFO] - Found 1 web elements with id: 'Object Repository/Olusturma/Genel/GonderimSekli/GonderimSekli' located by 'By.xpath: //*[@id = 'txtGonderimSekil_I']' in '30' second(s)

2021-11-18 12:12:35 - [MESSAGE][INFO] - Clicking on object: 'Object Repository/Olusturma/Genel/GonderimSekli/GonderimSekli'

2021-11-18 12:12:35 - [MESSAGE][PASSED] - Object: 'Object Repository/Olusturma/Genel/GonderimSekli/GonderimSekli' is clicked on

2021-11-18 12:12:35 - [TEST_STEP][PASSED] - Method.TextDegerineEsitElementeTikla(findTestObject("Object Repository/Olusturma/Genel/GonderimSekli/GonderimSekliAdi"), GonderimSekli): Method.TextDegerineEsitElementeTikla is PASSED

2021-11-18 12:12:35 - [MESSAGE][INFO] - Finding Test Object 'Object Repository/Olusturma/Genel/GonderimSekli/GonderimSekliAdi'

2021-11-18 12:12:35 - [MESSAGE][INFO] - Checking timeout

2021-11-18 12:12:35 - [MESSAGE][INFO] - Finding web element with id: 'Object Repository/Olusturma/Genel/GonderimSekli/GonderimSekliAdi' located by 'By.cssSelector: #txtGonderimSekil_DDD_L_LBT td' in '10' second(s)

2021-11-18 12:12:35 - [MESSAGE][INFO] - Smart Wait Function is triggered

2021-11-18 12:12:35 - [MESSAGE][INFO] - Found 2 web elements with id: 'Object Repository/Olusturma/Genel/GonderimSekli/GonderimSekliAdi' located by 'By.cssSelector: #txtGonderimSekil_DDD_L_LBT td' in '10' second(s)

2021-11-18 12:12:36 - [MESSAGE][PASSED] - Method.TextDegerineEsitElementeTikla is PASSED

2021-11-18 12:12:36 - [MESSAGE][PASSED] - Call Test Case 'Test Cases/Olusturma/Genel/GonderimSekliSecilir' successfully

2021-11-18 12:12:36 - [MESSAGE][INFO] - Checking called Test Case

2021-11-18 12:12:36 - [MESSAGE][INFO] - Starting to call Test Case 'Test Cases/Olusturma/Genel/TipSecilir'

2021-11-18 12:12:36 - [TEST_CASE][PASSED] - Test Cases/Olusturma/Genel/TipSecilir: Test Cases/Olusturma/Genel/TipSecilir

2021-11-18 12:12:36 - [TEST_STEP][PASSED] - waitForElementClickable(findTestObject("Olusturma/Genel/TipSecilir/Tip"), 10): Object 'Object Repository/Olusturma/Genel/TipSecilir/Tip' is clickable

2021-11-18 12:12:36 - [MESSAGE][INFO] - Finding Test Object 'Object Repository/Olusturma/Genel/TipSecilir/Tip'

2021-11-18 12:12:36 - [MESSAGE][INFO] - Checking object

2021-11-18 12:12:36 - [MESSAGE][INFO] - Checking timeout

2021-11-18 12:12:36 - [MESSAGE][INFO] - Finding web element from Test Object's properties

2021-11-18 12:12:36 - [MESSAGE][INFO] - Checking timeout

2021-11-18 12:12:36 - [MESSAGE][INFO] - Finding web element with id: 'Object Repository/Olusturma/Genel/TipSecilir/Tip' located by 'By.xpath: //*[@id = 'DocumentTypeCode_I']' in '10' second(s)

2021-11-18 12:12:36 - [MESSAGE][INFO] - Smart Wait Function is triggered

2021-11-18 12:12:36 - [MESSAGE][INFO] - Found 1 web elements with id: 'Object Repository/Olusturma/Genel/TipSecilir/Tip' located by 'By.xpath: //*[@id = 'DocumentTypeCode_I']' in '10' second(s)

2021-11-18 12:12:36 - [MESSAGE][PASSED] - Object 'Object Repository/Olusturma/Genel/TipSecilir/Tip' is clickable

2021-11-18 12:12:36 - [TEST_STEP][PASSED] - click(findTestObject("Olusturma/Genel/TipSecilir/Tip")): Object: 'Object Repository/Olusturma/Genel/TipSecilir/Tip' is clicked on

2021-11-18 12:12:36 - [MESSAGE][INFO] - Finding Test Object 'Object Repository/Olusturma/Genel/TipSecilir/Tip'

2021-11-18 12:12:36 - [MESSAGE][INFO] - Checking object

2021-11-18 12:12:36 - [MESSAGE][INFO] - Finding web element from Test Object's properties

2021-11-18 12:12:36 - [MESSAGE][INFO] - Checking timeout

2021-11-18 12:12:36 - [MESSAGE][INFO] - Finding web element with id: 'Object Repository/Olusturma/Genel/TipSecilir/Tip' located by 'By.xpath: //*[@id = 'DocumentTypeCode_I']' in '30' second(s)

2021-11-18 12:12:36 - [MESSAGE][INFO] - Smart Wait Function is triggered

2021-11-18 12:12:36 - [MESSAGE][INFO] - Found 1 web elements with id: 'Object Repository/Olusturma/Genel/TipSecilir/Tip' located by 'By.xpath: //*[@id = 'DocumentTypeCode_I']' in '30' second(s)

2021-11-18 12:12:36 - [MESSAGE][INFO] - Clicking on object: 'Object Repository/Olusturma/Genel/TipSecilir/Tip'

2021-11-18 12:12:36 - [MESSAGE][PASSED] - Object: 'Object Repository/Olusturma/Genel/TipSecilir/Tip' is clicked on

2021-11-18 12:12:36 - [TEST_STEP][PASSED] - Method.TextDegerineEsitElementeTikla(findTestObject("Object Repository/Olusturma/Genel/TipSecilir/Tip_Adi"), Tip): Method.TextDegerineEsitElementeTikla is PASSED

2021-11-18 12:12:36 - [MESSAGE][INFO] - Finding Test Object 'Object Repository/Olusturma/Genel/TipSecilir/Tip_Adi'

2021-11-18 12:12:36 - [MESSAGE][INFO] - Checking timeout

2021-11-18 12:12:36 - [MESSAGE][INFO] - Finding web element with id: 'Object Repository/Olusturma/Genel/TipSecilir/Tip_Adi' located by 'By.cssSelector: #DocumentTypeCode_DDD_L_LBT td' in '10' second(s)

2021-11-18 12:12:36 - [MESSAGE][INFO] - Smart Wait Function is triggered

2021-11-18 12:12:37 - [MESSAGE][INFO] - Found 9 web elements with id: 'Object Repository/Olusturma/Genel/TipSecilir/Tip_Adi' located by 'By.cssSelector: #DocumentTypeCode_DDD_L_LBT td' in '10' second(s)

2021-11-18 12:12:37 - [MESSAGE][PASSED] - Method.TextDegerineEsitElementeTikla is PASSED

2021-11-18 12:12:37 - [MESSAGE][PASSED] - Call Test Case 'Test Cases/Olusturma/Genel/TipSecilir' successfully

2021-11-18 12:12:37 - [MESSAGE][INFO] - Checking called Test Case

2021-11-18 12:12:37 - [MESSAGE][INFO] - Starting to call Test Case 'Test Cases/Olusturma/Genel/DokumanParaBirimiSecilir'

2021-11-18 12:12:37 - [TEST_CASE][PASSED] - Test Cases/Olusturma/Genel/DokumanParaBirimiSecilir: Test Cases/Olusturma/Genel/DokumanParaBirimiSecilir

2021-11-18 12:12:37 - [TEST_STEP][PASSED] - waitForElementClickable(findTestObject("Object Repository/Olusturma/Genel/DokumanParaBirimiSecilir/Para"), 10): Object 'Object Repository/Olusturma/Genel/DokumanParaBirimiSecilir/Para' is clickable

2021-11-18 12:12:37 - [MESSAGE][INFO] - Finding Test Object 'Object Repository/Olusturma/Genel/DokumanParaBirimiSecilir/Para'

2021-11-18 12:12:37 - [MESSAGE][INFO] - Checking object

2021-11-18 12:12:37 - [MESSAGE][INFO] - Checking timeout

2021-11-18 12:12:37 - [MESSAGE][INFO] - Finding web element from Test Object's properties

2021-11-18 12:12:37 - [MESSAGE][INFO] - Checking timeout

2021-11-18 12:12:37 - [MESSAGE][INFO] - Finding web element with id: 'Object Repository/Olusturma/Genel/DokumanParaBirimiSecilir/Para' located by 'By.xpath: //*[@id = 'CurrencyUnit_I']' in '10' second(s)

2021-11-18 12:12:37 - [MESSAGE][INFO] - Smart Wait Function is triggered

2021-11-18 12:12:39 - [MESSAGE][INFO] - Found 1 web elements with id: 'Object Repository/Olusturma/Genel/DokumanParaBirimiSecilir/Para' located by 'By.xpath: //*[@id = 'CurrencyUnit_I']' in '10' second(s)

2021-11-18 12:12:39 - [MESSAGE][PASSED] - Object 'Object Repository/Olusturma/Genel/DokumanParaBirimiSecilir/Para' is clickable

2021-11-18 12:12:39 - [TEST_STEP][PASSED] - click(findTestObject("Object Repository/Olusturma/Genel/DokumanParaBirimiSecilir/Para")): Object: 'Object Repository/Olusturma/Genel/DokumanParaBirimiSecilir/Para' is clicked on

2021-11-18 12:12:39 - [MESSAGE][INFO] - Finding Test Object 'Object Repository/Olusturma/Genel/DokumanParaBirimiSecilir/Para'

2021-11-18 12:12:39 - [MESSAGE][INFO] - Checking object

2021-11-18 12:12:39 - [MESSAGE][INFO] - Finding web element from Test Object's properties

2021-11-18 12:12:39 - [MESSAGE][INFO] - Checking timeout

2021-11-18 12:12:39 - [MESSAGE][INFO] - Finding web element with id: 'Object Repository/Olusturma/Genel/DokumanParaBirimiSecilir/Para' located by 'By.xpath: //*[@id = 'CurrencyUnit_I']' in '30' second(s)

2021-11-18 12:12:39 - [MESSAGE][INFO] - Smart Wait Function is triggered

2021-11-18 12:12:40 - [MESSAGE][INFO] - Found 1 web elements with id: 'Object Repository/Olusturma/Genel/DokumanParaBirimiSecilir/Para' located by 'By.xpath: //*[@id = 'CurrencyUnit_I']' in '30' second(s)

2021-11-18 12:12:40 - [MESSAGE][INFO] - Clicking on object: 'Object Repository/Olusturma/Genel/DokumanParaBirimiSecilir/Para'

2021-11-18 12:12:40 - [MESSAGE][PASSED] - Object: 'Object Repository/Olusturma/Genel/DokumanParaBirimiSecilir/Para' is clicked on

2021-11-18 12:12:40 - [TEST_STEP][PASSED] - Method.TextDegerineEsitElementeTikla(findTestObject("Object Repository/Olusturma/Genel/DokumanParaBirimiSecilir/Para_Adi"), Para): Method.TextDegerineEsitElementeTikla is PASSED

2021-11-18 12:12:40 - [MESSAGE][INFO] - Finding Test Object 'Object Repository/Olusturma/Genel/DokumanParaBirimiSecilir/Para_Adi'

2021-11-18 12:12:40 - [MESSAGE][INFO] - Checking timeout

2021-11-18 12:12:40 - [MESSAGE][INFO] - Finding web element with id: 'Object Repository/Olusturma/Genel/DokumanParaBirimiSecilir/Para_Adi' located by 'By.cssSelector: #CurrencyUnit_DDD_L_LBT td' in '10' second(s)

2021-11-18 12:12:40 - [MESSAGE][INFO] - Smart Wait Function is triggered

2021-11-18 12:12:40 - [MESSAGE][INFO] - Found 203 web elements with id: 'Object Repository/Olusturma/Genel/DokumanParaBirimiSecilir/Para_Adi' located by 'By.cssSelector: #CurrencyUnit_DDD_L_LBT td' in '10' second(s)

2021-11-18 12:12:44 - [MESSAGE][PASSED] - Method.TextDegerineEsitElementeTikla is PASSED

2021-11-18 12:12:44 - [MESSAGE][PASSED] - Call Test Case 'Test Cases/Olusturma/Genel/DokumanParaBirimiSecilir' successfully

2021-11-18 12:12:44 - [MESSAGE][INFO] - Checking called Test Case

2021-11-18 12:12:44 - [MESSAGE][INFO] - Starting to call Test Case 'Test Cases/Olusturma/Genel/OnEkSecilir'

2021-11-18 12:12:44 - [TEST_CASE][PASSED] - Test Cases/Olusturma/Genel/OnEkSecilir: Test Cases/Olusturma/Genel/OnEkSecilir

2021-11-18 12:12:44 - [TEST_STEP][PASSED] - waitForElementClickable(findTestObject("Object Repository/Olusturma/Genel/OnEkSecilir/OnEk"), 10): Object 'Object Repository/Olusturma/Genel/OnEkSecilir/OnEk' is clickable

2021-11-18 12:12:44 - [MESSAGE][INFO] - Finding Test Object 'Object Repository/Olusturma/Genel/OnEkSecilir/OnEk'

2021-11-18 12:12:44 - [MESSAGE][INFO] - Checking object

2021-11-18 12:12:44 - [MESSAGE][INFO] - Checking timeout

2021-11-18 12:12:44 - [MESSAGE][INFO] - Finding web element from Test Object's properties

2021-11-18 12:12:44 - [MESSAGE][INFO] - Checking timeout

2021-11-18 12:12:44 - [MESSAGE][INFO] - Finding web element with id: 'Object Repository/Olusturma/Genel/OnEkSecilir/OnEk' located by 'By.xpath: //*[@id = 'InvoicePrefix_I']' in '10' second(s)

2021-11-18 12:12:44 - [MESSAGE][INFO] - Smart Wait Function is triggered

2021-11-18 12:12:44 - [MESSAGE][INFO] - Found 1 web elements with id: 'Object Repository/Olusturma/Genel/OnEkSecilir/OnEk' located by 'By.xpath: //*[@id = 'InvoicePrefix_I']' in '10' second(s)

2021-11-18 12:12:44 - [MESSAGE][PASSED] - Object 'Object Repository/Olusturma/Genel/OnEkSecilir/OnEk' is clickable

2021-11-18 12:12:44 - [TEST_STEP][PASSED] - click(findTestObject("Object Repository/Olusturma/Genel/OnEkSecilir/OnEk")): Object: 'Object Repository/Olusturma/Genel/OnEkSecilir/OnEk' is clicked on

2021-11-18 12:12:44 - [MESSAGE][INFO] - Finding Test Object 'Object Repository/Olusturma/Genel/OnEkSecilir/OnEk'

2021-11-18 12:12:44 - [MESSAGE][INFO] - Checking object

2021-11-18 12:12:44 - [MESSAGE][INFO] - Finding web element from Test Object's properties

2021-11-18 12:12:44 - [MESSAGE][INFO] - Checking timeout

2021-11-18 12:12:44 - [MESSAGE][INFO] - Finding web element with id: 'Object Repository/Olusturma/Genel/OnEkSecilir/OnEk' located by 'By.xpath: //*[@id = 'InvoicePrefix_I']' in '30' second(s)

2021-11-18 12:12:44 - [MESSAGE][INFO] - Smart Wait Function is triggered

2021-11-18 12:12:45 - [MESSAGE][INFO] - Found 1 web elements with id: 'Object Repository/Olusturma/Genel/OnEkSecilir/OnEk' located by 'By.xpath: //*[@id = 'InvoicePrefix_I']' in '30' second(s)

2021-11-18 12:12:45 - [MESSAGE][INFO] - Clicking on object: 'Object Repository/Olusturma/Genel/OnEkSecilir/OnEk'

2021-11-18 12:12:45 - [MESSAGE][PASSED] - Object: 'Object Repository/Olusturma/Genel/OnEkSecilir/OnEk' is clicked on

2021-11-18 12:12:45 - [TEST_STEP][PASSED] - Method.TextDegerineEsitElementeTiklaEquals(findTestObject("Object Repository/Olusturma/Genel/OnEkSecilir/OnEkAdi"), Ek): Method.TextDegerineEsitElementeTiklaEquals is PASSED

2021-11-18 12:12:45 - [MESSAGE][INFO] - Finding Test Object 'Object Repository/Olusturma/Genel/OnEkSecilir/OnEkAdi'

2021-11-18 12:12:45 - [MESSAGE][INFO] - Checking timeout

2021-11-18 12:12:45 - [MESSAGE][INFO] - Finding web element with id: 'Object Repository/Olusturma/Genel/OnEkSecilir/OnEkAdi' located by 'By.cssSelector: #InvoicePrefix_DDD_L_LBT td' in '10' second(s)

2021-11-18 12:12:45 - [MESSAGE][INFO] - Smart Wait Function is triggered

2021-11-18 12:12:45 - [MESSAGE][INFO] - Found 1 web elements with id: 'Object Repository/Olusturma/Genel/OnEkSecilir/OnEkAdi' located by 'By.cssSelector: #InvoicePrefix_DDD_L_LBT td' in '10' second(s)

2021-11-18 12:12:45 - [MESSAGE][PASSED] - Method.TextDegerineEsitElementeTiklaEquals is PASSED

2021-11-18 12:12:45 - [MESSAGE][PASSED] - Call Test Case 'Test Cases/Olusturma/Genel/OnEkSecilir' successfully

2021-11-18 12:12:45 - [MESSAGE][INFO] - Checking called Test Case

2021-11-18 12:12:45 - [MESSAGE][INFO] - Starting to call Test Case 'Test Cases/Olusturma/Genel/TasarimSecilir'

2021-11-18 12:12:45 - [TEST_CASE][PASSED] - Test Cases/Olusturma/Genel/TasarimSecilir: Test Cases/Olusturma/Genel/TasarimSecilir

2021-11-18 12:12:45 - [TEST_STEP][PASSED] - waitForElementClickable(findTestObject("Object Repository/Olusturma/Genel/TasarimSecilir/Tasarim"), 10): Object 'Object Repository/Olusturma/Genel/TasarimSecilir/Tasarim' is clickable

2021-11-18 12:12:45 - [MESSAGE][INFO] - Finding Test Object 'Object Repository/Olusturma/Genel/TasarimSecilir/Tasarim'

2021-11-18 12:12:45 - [MESSAGE][INFO] - Checking object

2021-11-18 12:12:45 - [MESSAGE][INFO] - Checking timeout

2021-11-18 12:12:45 - [MESSAGE][INFO] - Finding web element from Test Object's properties

2021-11-18 12:12:45 - [MESSAGE][INFO] - Checking timeout

2021-11-18 12:12:45 - [MESSAGE][INFO] - Finding web element with id: 'Object Repository/Olusturma/Genel/TasarimSecilir/Tasarim' located by 'By.xpath: //*[@id = 'DesignId_I']' in '10' second(s)

2021-11-18 12:12:45 - [MESSAGE][INFO] - Smart Wait Function is triggered

2021-11-18 12:12:46 - [MESSAGE][INFO] - Found 1 web elements with id: 'Object Repository/Olusturma/Genel/TasarimSecilir/Tasarim' located by 'By.xpath: //*[@id = 'DesignId_I']' in '10' second(s)

2021-11-18 12:12:46 - [MESSAGE][PASSED] - Object 'Object Repository/Olusturma/Genel/TasarimSecilir/Tasarim' is clickable

2021-11-18 12:12:46 - [TEST_STEP][PASSED] - click(findTestObject("Object Repository/Olusturma/Genel/TasarimSecilir/Tasarim")): Object: 'Object Repository/Olusturma/Genel/TasarimSecilir/Tasarim' is clicked on

2021-11-18 12:12:46 - [MESSAGE][INFO] - Finding Test Object 'Object Repository/Olusturma/Genel/TasarimSecilir/Tasarim'

2021-11-18 12:12:46 - [MESSAGE][INFO] - Checking object

2021-11-18 12:12:46 - [MESSAGE][INFO] - Finding web element from Test Object's properties

2021-11-18 12:12:46 - [MESSAGE][INFO] - Checking timeout

2021-11-18 12:12:46 - [MESSAGE][INFO] - Finding web element with id: 'Object Repository/Olusturma/Genel/TasarimSecilir/Tasarim' located by 'By.xpath: //*[@id = 'DesignId_I']' in '30' second(s)

2021-11-18 12:12:46 - [MESSAGE][INFO] - Smart Wait Function is triggered

2021-11-18 12:12:46 - [MESSAGE][INFO] - Found 1 web elements with id: 'Object Repository/Olusturma/Genel/TasarimSecilir/Tasarim' located by 'By.xpath: //*[@id = 'DesignId_I']' in '30' second(s)

2021-11-18 12:12:46 - [MESSAGE][INFO] - Clicking on object: 'Object Repository/Olusturma/Genel/TasarimSecilir/Tasarim'

2021-11-18 12:12:46 - [MESSAGE][PASSED] - Object: 'Object Repository/Olusturma/Genel/TasarimSecilir/Tasarim' is clicked on

2021-11-18 12:12:46 - [TEST_STEP][PASSED] - Method.TextDegerineEsitElementeTikla(findTestObject("Object Repository/Olusturma/Genel/TasarimSecilir/Tasarim_Adi"), Tasarim): Method.TextDegerineEsitElementeTikla is PASSED

2021-11-18 12:12:46 - [MESSAGE][INFO] - Finding Test Object 'Object Repository/Olusturma/Genel/TasarimSecilir/Tasarim_Adi'

2021-11-18 12:12:46 - [MESSAGE][INFO] - Checking timeout

2021-11-18 12:12:46 - [MESSAGE][INFO] - Finding web element with id: 'Object Repository/Olusturma/Genel/TasarimSecilir/Tasarim_Adi' located by 'By.cssSelector: #DesignId_DDD_L_LBT td' in '10' second(s)

2021-11-18 12:12:46 - [MESSAGE][INFO] - Smart Wait Function is triggered

2021-11-18 12:12:46 - [MESSAGE][INFO] - Found 1 web elements with id: 'Object Repository/Olusturma/Genel/TasarimSecilir/Tasarim_Adi' located by 'By.cssSelector: #DesignId_DDD_L_LBT td' in '10' second(s)

2021-11-18 12:12:47 - [MESSAGE][PASSED] - Method.TextDegerineEsitElementeTikla is PASSED

2021-11-18 12:12:47 - [MESSAGE][PASSED] - Call Test Case 'Test Cases/Olusturma/Genel/TasarimSecilir' successfully

2021-11-18 12:12:47 - [MESSAGE][INFO] - Checking called Test Case

2021-11-18 12:12:47 - [MESSAGE][INFO] - Starting to call Test Case 'Test Cases/Olusturma/Genel/Kutular/SiparisBilgileriGirilir'

2021-11-18 12:12:47 - [TEST_CASE][PASSED] - Test Cases/Olusturma/Genel/Kutular/SiparisBilgileriGirilir: Test Cases/Olusturma/Genel/Kutular/SiparisBilgileriGirilir

2021-11-18 12:12:47 - [TEST_STEP][PASSED] - Method.TextDegerineEsitElementeTikla(findTestObject("Olusturma/Genel/Kutular/KapaliKutular"), "Sipariş Bilgileri"): Method.TextDegerineEsitElementeTikla is PASSED

2021-11-18 12:12:47 - [MESSAGE][INFO] - Finding Test Object 'Object Repository/Olusturma/Genel/Kutular/KapaliKutular'

2021-11-18 12:12:47 - [MESSAGE][INFO] - Checking timeout

2021-11-18 12:12:47 - [MESSAGE][INFO] - Finding web element with id: 'Object Repository/Olusturma/Genel/Kutular/KapaliKutular' located by 'By.cssSelector: .dxnb-headerCollapsed>span' in '10' second(s)

2021-11-18 12:12:47 - [MESSAGE][INFO] - Smart Wait Function is triggered

2021-11-18 12:12:47 - [MESSAGE][INFO] - Found 8 web elements with id: 'Object Repository/Olusturma/Genel/Kutular/KapaliKutular' located by 'By.cssSelector: .dxnb-headerCollapsed>span' in '10' second(s)

2021-11-18 12:12:47 - [MESSAGE][PASSED] - Method.TextDegerineEsitElementeTikla is PASSED

2021-11-18 12:12:47 - [TEST_STEP][PASSED] - waitForElementPresent(findTestObject("Object Repository/Olusturma/Genel/Kutular/SiparisBilgileri/SiparisNo"), 10): Object 'Object Repository/Olusturma/Genel/Kutular/SiparisBilgileri/SiparisNo' is present

2021-11-18 12:12:47 - [MESSAGE][INFO] - Finding Test Object 'Object Repository/Olusturma/Genel/Kutular/SiparisBilgileri/SiparisNo'

2021-11-18 12:12:47 - [MESSAGE][INFO] - Checking object

2021-11-18 12:12:47 - [MESSAGE][INFO] - Finding web element from Test Object's properties

2021-11-18 12:12:47 - [MESSAGE][INFO] - Checking timeout

2021-11-18 12:12:47 - [MESSAGE][INFO] - Finding web element with id: 'Object Repository/Olusturma/Genel/Kutular/SiparisBilgileri/SiparisNo' located by 'By.xpath: //*[@id = 'txtSiparisNo_I']' in '10' second(s)

2021-11-18 12:12:47 - [MESSAGE][INFO] - Smart Wait Function is triggered

2021-11-18 12:12:48 - [MESSAGE][INFO] - Found 1 web elements with id: 'Object Repository/Olusturma/Genel/Kutular/SiparisBilgileri/SiparisNo' located by 'By.xpath: //*[@id = 'txtSiparisNo_I']' in '10' second(s)

2021-11-18 12:12:48 - [MESSAGE][PASSED] - Object 'Object Repository/Olusturma/Genel/Kutular/SiparisBilgileri/SiparisNo' is present

2021-11-18 12:12:48 - [TEST_STEP][PASSED] - clearText(findTestObject("Object Repository/Olusturma/Genel/Kutular/SiparisBilgileri/SiparisNo")): Text of object 'Object Repository/Olusturma/Genel/Kutular/SiparisBilgileri/SiparisNo' is cleared

2021-11-18 12:12:48 - [MESSAGE][INFO] - Finding Test Object 'Object Repository/Olusturma/Genel/Kutular/SiparisBilgileri/SiparisNo'

2021-11-18 12:12:48 - [MESSAGE][INFO] - Checking object

2021-11-18 12:12:48 - [MESSAGE][INFO] - Finding web element from Test Object's properties

2021-11-18 12:12:48 - [MESSAGE][INFO] - Checking timeout

2021-11-18 12:12:48 - [MESSAGE][INFO] - Finding web element with id: 'Object Repository/Olusturma/Genel/Kutular/SiparisBilgileri/SiparisNo' located by 'By.xpath: //*[@id = 'txtSiparisNo_I']' in '30' second(s)

2021-11-18 12:12:48 - [MESSAGE][INFO] - Smart Wait Function is triggered

2021-11-18 12:12:48 - [MESSAGE][INFO] - Found 1 web elements with id: 'Object Repository/Olusturma/Genel/Kutular/SiparisBilgileri/SiparisNo' located by 'By.xpath: //*[@id = 'txtSiparisNo_I']' in '30' second(s)

2021-11-18 12:12:48 - [MESSAGE][INFO] - Clearing text of object 'Object Repository/Olusturma/Genel/Kutular/SiparisBilgileri/SiparisNo'

2021-11-18 12:12:48 - [MESSAGE][PASSED] - Text of object 'Object Repository/Olusturma/Genel/Kutular/SiparisBilgileri/SiparisNo' is cleared

2021-11-18 12:12:48 - [TEST_STEP][PASSED] - sendKeys(findTestObject("Object Repository/Olusturma/Genel/Kutular/SiparisBilgileri/SiparisNo"), SiparisNo): Keys 'UUC-SAT-1200001' sent to object: 'Object Repository/Olusturma/Genel/Kutular/SiparisBilgileri/SiparisNo'

2021-11-18 12:12:48 - [MESSAGE][INFO] - Finding Test Object 'Object Repository/Olusturma/Genel/Kutular/SiparisBilgileri/SiparisNo'

2021-11-18 12:12:48 - [MESSAGE][INFO] - Sending keys 'UUC-SAT-1200001' to object: 'Object Repository/Olusturma/Genel/Kutular/SiparisBilgileri/SiparisNo'

2021-11-18 12:12:48 - [MESSAGE][INFO] - Finding web element from Test Object's properties

2021-11-18 12:12:48 - [MESSAGE][INFO] - Checking timeout

2021-11-18 12:12:48 - [MESSAGE][INFO] - Finding web element with id: 'Object Repository/Olusturma/Genel/Kutular/SiparisBilgileri/SiparisNo' located by 'By.xpath: //*[@id = 'txtSiparisNo_I']' in '30' second(s)

2021-11-18 12:12:48 - [MESSAGE][INFO] - Smart Wait Function is triggered

2021-11-18 12:12:48 - [MESSAGE][INFO] - Found 1 web elements with id: 'Object Repository/Olusturma/Genel/Kutular/SiparisBilgileri/SiparisNo' located by 'By.xpath: //*[@id = 'txtSiparisNo_I']' in '30' second(s)

2021-11-18 12:12:49 - [MESSAGE][PASSED] - Keys 'UUC-SAT-1200001' sent to object: 'Object Repository/Olusturma/Genel/Kutular/SiparisBilgileri/SiparisNo'

2021-11-18 12:12:49 - [TEST_STEP][PASSED] - waitForElementClickable(findTestObject("Object Repository/Olusturma/Genel/Kutular/SiparisBilgileri/SiparisTarihiImage"), 10): Object 'Object Repository/Olusturma/Genel/Kutular/SiparisBilgileri/SiparisTarihiImage' is clickable

2021-11-18 12:12:49 - [MESSAGE][INFO] - Finding Test Object 'Object Repository/Olusturma/Genel/Kutular/SiparisBilgileri/SiparisTarihiImage'

2021-11-18 12:12:49 - [MESSAGE][INFO] - Checking object

2021-11-18 12:12:49 - [MESSAGE][INFO] - Checking timeout

2021-11-18 12:12:49 - [MESSAGE][INFO] - Finding web element from Test Object's properties

2021-11-18 12:12:49 - [MESSAGE][INFO] - Checking timeout

2021-11-18 12:12:49 - [MESSAGE][INFO] - Finding web element with id: 'Object Repository/Olusturma/Genel/Kutular/SiparisBilgileri/SiparisTarihiImage' located by 'By.cssSelector: #dateSiparisTarih img' in '10' second(s)

2021-11-18 12:12:49 - [MESSAGE][INFO] - Smart Wait Function is triggered

2021-11-18 12:12:49 - [MESSAGE][INFO] - Found 1 web elements with id: 'Object Repository/Olusturma/Genel/Kutular/SiparisBilgileri/SiparisTarihiImage' located by 'By.cssSelector: #dateSiparisTarih img' in '10' second(s)

2021-11-18 12:12:49 - [MESSAGE][PASSED] - Object 'Object Repository/Olusturma/Genel/Kutular/SiparisBilgileri/SiparisTarihiImage' is clickable

2021-11-18 12:12:49 - [TEST_STEP][PASSED] - click(findTestObject("Object Repository/Olusturma/Genel/Kutular/SiparisBilgileri/SiparisTarihiImage")): Object: 'Object Repository/Olusturma/Genel/Kutular/SiparisBilgileri/SiparisTarihiImage' is clicked on

2021-11-18 12:12:49 - [MESSAGE][INFO] - Finding Test Object 'Object Repository/Olusturma/Genel/Kutular/SiparisBilgileri/SiparisTarihiImage'

2021-11-18 12:12:49 - [MESSAGE][INFO] - Checking object

2021-11-18 12:12:49 - [MESSAGE][INFO] - Finding web element from Test Object's properties

2021-11-18 12:12:49 - [MESSAGE][INFO] - Checking timeout

2021-11-18 12:12:49 - [MESSAGE][INFO] - Finding web element with id: 'Object Repository/Olusturma/Genel/Kutular/SiparisBilgileri/SiparisTarihiImage' located by 'By.cssSelector: #dateSiparisTarih img' in '30' second(s)

2021-11-18 12:12:49 - [MESSAGE][INFO] - Smart Wait Function is triggered

2021-11-18 12:12:49 - [MESSAGE][INFO] - Found 1 web elements with id: 'Object Repository/Olusturma/Genel/Kutular/SiparisBilgileri/SiparisTarihiImage' located by 'By.cssSelector: #dateSiparisTarih img' in '30' second(s)

2021-11-18 12:12:49 - [MESSAGE][INFO] - Clicking on object: 'Object Repository/Olusturma/Genel/Kutular/SiparisBilgileri/SiparisTarihiImage'

2021-11-18 12:12:49 - [MESSAGE][PASSED] - Object: 'Object Repository/Olusturma/Genel/Kutular/SiparisBilgileri/SiparisTarihiImage' is clicked on

2021-11-18 12:12:49 - [TEST_STEP][PASSED] - waitForElementPresent(findTestObject("Object Repository/Olusturma/Genel/Kutular/SiparisBilgileri/SiparisTarihi"), 10): Object 'Object Repository/Olusturma/Genel/Kutular/SiparisBilgileri/SiparisTarihi' is present

2021-11-18 12:12:49 - [MESSAGE][INFO] - Finding Test Object 'Object Repository/Olusturma/Genel/Kutular/SiparisBilgileri/SiparisTarihi'

2021-11-18 12:12:50 - [MESSAGE][INFO] - Checking object

2021-11-18 12:12:50 - [MESSAGE][INFO] - Finding web element from Test Object's properties

2021-11-18 12:12:50 - [MESSAGE][INFO] - Checking timeout

2021-11-18 12:12:50 - [MESSAGE][INFO] - Finding web element with id: 'Object Repository/Olusturma/Genel/Kutular/SiparisBilgileri/SiparisTarihi' located by 'By.xpath: //*[@id = 'dateSiparisTarih_I']' in '10' second(s)

2021-11-18 12:12:50 - [MESSAGE][INFO] - Smart Wait Function is triggered

2021-11-18 12:12:50 - [MESSAGE][INFO] - Found 1 web elements with id: 'Object Repository/Olusturma/Genel/Kutular/SiparisBilgileri/SiparisTarihi' located by 'By.xpath: //*[@id = 'dateSiparisTarih_I']' in '10' second(s)

2021-11-18 12:12:50 - [MESSAGE][PASSED] - Object 'Object Repository/Olusturma/Genel/Kutular/SiparisBilgileri/SiparisTarihi' is present

2021-11-18 12:12:50 - [TEST_STEP][PASSED] - clearText(findTestObject("Object Repository/Olusturma/Genel/Kutular/SiparisBilgileri/SiparisTarihi")): Text of object 'Object Repository/Olusturma/Genel/Kutular/SiparisBilgileri/SiparisTarihi' is cleared

2021-11-18 12:12:50 - [MESSAGE][INFO] - Finding Test Object 'Object Repository/Olusturma/Genel/Kutular/SiparisBilgileri/SiparisTarihi'

2021-11-18 12:12:50 - [MESSAGE][INFO] - Checking object

2021-11-18 12:12:50 - [MESSAGE][INFO] - Finding web element from Test Object's properties

2021-11-18 12:12:50 - [MESSAGE][INFO] - Checking timeout

2021-11-18 12:12:50 - [MESSAGE][INFO] - Finding web element with id: 'Object Repository/Olusturma/Genel/Kutular/SiparisBilgileri/SiparisTarihi' located by 'By.xpath: //*[@id = 'dateSiparisTarih_I']' in '30' second(s)

2021-11-18 12:12:50 - [MESSAGE][INFO] - Smart Wait Function is triggered

2021-11-18 12:12:50 - [MESSAGE][INFO] - Found 1 web elements with id: 'Object Repository/Olusturma/Genel/Kutular/SiparisBilgileri/SiparisTarihi' located by 'By.xpath: //*[@id = 'dateSiparisTarih_I']' in '30' second(s)

2021-11-18 12:12:50 - [MESSAGE][INFO] - Clearing text of object 'Object Repository/Olusturma/Genel/Kutular/SiparisBilgileri/SiparisTarihi'

2021-11-18 12:12:51 - [MESSAGE][PASSED] - Text of object 'Object Repository/Olusturma/Genel/Kutular/SiparisBilgileri/SiparisTarihi' is cleared

2021-11-18 12:12:51 - [TEST_STEP][PASSED] - sendKeys(findTestObject("Object Repository/Olusturma/Genel/Kutular/SiparisBilgileri/SiparisTarihi"), Tarih): Keys '31.04.2020' sent to object: 'Object Repository/Olusturma/Genel/Kutular/SiparisBilgileri/SiparisTarihi'

2021-11-18 12:12:51 - [MESSAGE][INFO] - Finding Test Object 'Object Repository/Olusturma/Genel/Kutular/SiparisBilgileri/SiparisTarihi'

2021-11-18 12:12:51 - [MESSAGE][INFO] - Sending keys '31.04.2020' to object: 'Object Repository/Olusturma/Genel/Kutular/SiparisBilgileri/SiparisTarihi'

2021-11-18 12:12:51 - [MESSAGE][INFO] - Finding web element from Test Object's properties

2021-11-18 12:12:51 - [MESSAGE][INFO] - Checking timeout

2021-11-18 12:12:51 - [MESSAGE][INFO] - Finding web element with id: 'Object Repository/Olusturma/Genel/Kutular/SiparisBilgileri/SiparisTarihi' located by 'By.xpath: //*[@id = 'dateSiparisTarih_I']' in '30' second(s)

2021-11-18 12:12:51 - [MESSAGE][INFO] - Smart Wait Function is triggered

2021-11-18 12:12:51 - [MESSAGE][INFO] - Found 1 web elements with id: 'Object Repository/Olusturma/Genel/Kutular/SiparisBilgileri/SiparisTarihi' located by 'By.xpath: //*[@id = 'dateSiparisTarih_I']' in '30' second(s)

2021-11-18 12:12:51 - [MESSAGE][PASSED] - Keys '31.04.2020' sent to object: 'Object Repository/Olusturma/Genel/Kutular/SiparisBilgileri/SiparisTarihi'

2021-11-18 12:12:51 - [MESSAGE][PASSED] - Call Test Case 'Test Cases/Olusturma/Genel/Kutular/SiparisBilgileriGirilir' successfully

2021-11-18 12:12:51 - [MESSAGE][INFO] - Checking called Test Case

2021-11-18 12:12:51 - [MESSAGE][INFO] - Starting to call Test Case 'Test Cases/Olusturma/Genel/Kutular/IrsaliyeBilgileri'

2021-11-18 12:12:51 - [TEST_CASE][PASSED] - Test Cases/Olusturma/Genel/Kutular/IrsaliyeBilgileri: Test Cases/Olusturma/Genel/Kutular/IrsaliyeBilgileri

2021-11-18 12:12:51 - [TEST_STEP][PASSED] - Method.TextDegerineEsitElementeTikla(findTestObject("Olusturma/Genel/Kutular/KapaliKutular"), "İrsaliye Bilgileri"): Method.TextDegerineEsitElementeTikla is PASSED

2021-11-18 12:12:51 - [MESSAGE][INFO] - Finding Test Object 'Object Repository/Olusturma/Genel/Kutular/KapaliKutular'

2021-11-18 12:12:51 - [MESSAGE][INFO] - Checking timeout

2021-11-18 12:12:51 - [MESSAGE][INFO] - Finding web element with id: 'Object Repository/Olusturma/Genel/Kutular/KapaliKutular' located by 'By.cssSelector: .dxnb-headerCollapsed>span' in '10' second(s)

2021-11-18 12:12:51 - [MESSAGE][INFO] - Smart Wait Function is triggered

2021-11-18 12:12:51 - [MESSAGE][INFO] - Found 8 web elements with id: 'Object Repository/Olusturma/Genel/Kutular/KapaliKutular' located by 'By.cssSelector: .dxnb-headerCollapsed>span' in '10' second(s)

2021-11-18 12:12:52 - [MESSAGE][PASSED] - Method.TextDegerineEsitElementeTikla is PASSED

2021-11-18 12:12:52 - [TEST_STEP][PASSED] - waitForElementClickable(findTestObject("Olusturma/Genel/Kutular/IrsaliyeBilgileri/Ekle"), 10): Object 'Object Repository/Olusturma/Genel/Kutular/IrsaliyeBilgileri/Ekle' is clickable

2021-11-18 12:12:52 - [MESSAGE][INFO] - Finding Test Object 'Object Repository/Olusturma/Genel/Kutular/IrsaliyeBilgileri/Ekle'

2021-11-18 12:12:52 - [MESSAGE][INFO] - Checking object

2021-11-18 12:12:52 - [MESSAGE][INFO] - Checking timeout

2021-11-18 12:12:52 - [MESSAGE][INFO] - Finding web element from Test Object's properties

2021-11-18 12:12:52 - [MESSAGE][INFO] - Checking timeout

2021-11-18 12:12:52 - [MESSAGE][INFO] - Finding web element with id: 'Object Repository/Olusturma/Genel/Kutular/IrsaliyeBilgileri/Ekle' located by 'By.xpath: //*[@id = 'DXEditorgvUserInvoiceBillsNewRowBtn']' in '10' second(s)

2021-11-18 12:12:52 - [MESSAGE][INFO] - Smart Wait Function is triggered

2021-11-18 12:12:52 - [MESSAGE][INFO] - Found 1 web elements with id: 'Object Repository/Olusturma/Genel/Kutular/IrsaliyeBilgileri/Ekle' located by 'By.xpath: //*[@id = 'DXEditorgvUserInvoiceBillsNewRowBtn']' in '10' second(s)

2021-11-18 12:12:52 - [MESSAGE][PASSED] - Object 'Object Repository/Olusturma/Genel/Kutular/IrsaliyeBilgileri/Ekle' is clickable

2021-11-18 12:12:52 - [TEST_STEP][PASSED] - click(findTestObject("Olusturma/Genel/Kutular/IrsaliyeBilgileri/Ekle")): Object: 'Object Repository/Olusturma/Genel/Kutular/IrsaliyeBilgileri/Ekle' is clicked on

2021-11-18 12:12:52 - [MESSAGE][INFO] - Finding Test Object 'Object Repository/Olusturma/Genel/Kutular/IrsaliyeBilgileri/Ekle'

2021-11-18 12:12:52 - [MESSAGE][INFO] - Checking object

2021-11-18 12:12:52 - [MESSAGE][INFO] - Finding web element from Test Object's properties

2021-11-18 12:12:52 - [MESSAGE][INFO] - Checking timeout

2021-11-18 12:12:52 - [MESSAGE][INFO] - Finding web element with id: 'Object Repository/Olusturma/Genel/Kutular/IrsaliyeBilgileri/Ekle' located by 'By.xpath: //*[@id = 'DXEditorgvUserInvoiceBillsNewRowBtn']' in '30' second(s)

2021-11-18 12:12:52 - [MESSAGE][INFO] - Smart Wait Function is triggered

2021-11-18 12:12:52 - [MESSAGE][INFO] - Found 1 web elements with id: 'Object Repository/Olusturma/Genel/Kutular/IrsaliyeBilgileri/Ekle' located by 'By.xpath: //*[@id = 'DXEditorgvUserInvoiceBillsNewRowBtn']' in '30' second(s)

2021-11-18 12:12:52 - [MESSAGE][INFO] - Clicking on object: 'Object Repository/Olusturma/Genel/Kutular/IrsaliyeBilgileri/Ekle'

2021-11-18 12:12:52 - [MESSAGE][PASSED] - Object: 'Object Repository/Olusturma/Genel/Kutular/IrsaliyeBilgileri/Ekle' is clicked on

2021-11-18 12:12:52 - [TEST_STEP][PASSED] - waitForElementPresent(findTestObject("Object Repository/Olusturma/Genel/Kutular/IrsaliyeBilgileri/IrsaliyeNumarasi"), 10): Object 'Object Repository/Olusturma/Genel/Kutular/IrsaliyeBilgileri/IrsaliyeNumarasi' is present

2021-11-18 12:12:52 - [MESSAGE][INFO] - Finding Test Object 'Object Repository/Olusturma/Genel/Kutular/IrsaliyeBilgileri/IrsaliyeNumarasi'

2021-11-18 12:12:53 - [MESSAGE][INFO] - Checking object

2021-11-18 12:12:53 - [MESSAGE][INFO] - Finding web element from Test Object's properties

2021-11-18 12:12:53 - [MESSAGE][INFO] - Checking timeout

2021-11-18 12:12:53 - [MESSAGE][INFO] - Finding web element with id: 'Object Repository/Olusturma/Genel/Kutular/IrsaliyeBilgileri/IrsaliyeNumarasi' located by 'By.xpath: //*[@id = 'gvUserInvoiceBills_DXEditor1_I']' in '10' second(s)

2021-11-18 12:12:53 - [MESSAGE][INFO] - Smart Wait Function is triggered

2021-11-18 12:12:53 - [MESSAGE][INFO] - Smart Wait Function is triggered

2021-11-18 12:12:54 - [MESSAGE][INFO] - Found 1 web elements with id: 'Object Repository/Olusturma/Genel/Kutular/IrsaliyeBilgileri/IrsaliyeNumarasi' located by 'By.xpath: //*[@id = 'gvUserInvoiceBills_DXEditor1_I']' in '10' second(s)

2021-11-18 12:12:54 - [MESSAGE][PASSED] - Object 'Object Repository/Olusturma/Genel/Kutular/IrsaliyeBilgileri/IrsaliyeNumarasi' is present

2021-11-18 12:12:54 - [TEST_STEP][PASSED] - clearText(findTestObject("Object Repository/Olusturma/Genel/Kutular/IrsaliyeBilgileri/IrsaliyeNumarasi")): Text of object 'Object Repository/Olusturma/Genel/Kutular/IrsaliyeBilgileri/IrsaliyeNumarasi' is cleared

2021-11-18 12:12:54 - [MESSAGE][INFO] - Finding Test Object 'Object Repository/Olusturma/Genel/Kutular/IrsaliyeBilgileri/IrsaliyeNumarasi'

2021-11-18 12:12:54 - [MESSAGE][INFO] - Checking object

2021-11-18 12:12:54 - [MESSAGE][INFO] - Finding web element from Test Object's properties

2021-11-18 12:12:54 - [MESSAGE][INFO] - Checking timeout

2021-11-18 12:12:54 - [MESSAGE][INFO] - Finding web element with id: 'Object Repository/Olusturma/Genel/Kutular/IrsaliyeBilgileri/IrsaliyeNumarasi' located by 'By.xpath: //*[@id = 'gvUserInvoiceBills_DXEditor1_I']' in '30' second(s)

2021-11-18 12:12:54 - [MESSAGE][INFO] - Smart Wait Function is triggered

2021-11-18 12:12:54 - [MESSAGE][INFO] - Found 1 web elements with id: 'Object Repository/Olusturma/Genel/Kutular/IrsaliyeBilgileri/IrsaliyeNumarasi' located by 'By.xpath: //*[@id = 'gvUserInvoiceBills_DXEditor1_I']' in '30' second(s)

2021-11-18 12:12:54 - [MESSAGE][INFO] - Clearing text of object 'Object Repository/Olusturma/Genel/Kutular/IrsaliyeBilgileri/IrsaliyeNumarasi'

2021-11-18 12:12:54 - [MESSAGE][PASSED] - Text of object 'Object Repository/Olusturma/Genel/Kutular/IrsaliyeBilgileri/IrsaliyeNumarasi' is cleared

2021-11-18 12:12:54 - [TEST_STEP][PASSED] - sendKeys(findTestObject("Object Repository/Olusturma/Genel/Kutular/IrsaliyeBilgileri/IrsaliyeNumarasi"), Numara): Keys 'AAAAAAAAAA' sent to object: 'Object Repository/Olusturma/Genel/Kutular/IrsaliyeBilgileri/IrsaliyeNumarasi'

2021-11-18 12:12:54 - [MESSAGE][INFO] - Finding Test Object 'Object Repository/Olusturma/Genel/Kutular/IrsaliyeBilgileri/IrsaliyeNumarasi'

2021-11-18 12:12:54 - [MESSAGE][INFO] - Sending keys 'AAAAAAAAAA' to object: 'Object Repository/Olusturma/Genel/Kutular/IrsaliyeBilgileri/IrsaliyeNumarasi'

2021-11-18 12:12:54 - [MESSAGE][INFO] - Finding web element from Test Object's properties

2021-11-18 12:12:54 - [MESSAGE][INFO] - Checking timeout

2021-11-18 12:12:54 - [MESSAGE][INFO] - Finding web element with id: 'Object Repository/Olusturma/Genel/Kutular/IrsaliyeBilgileri/IrsaliyeNumarasi' located by 'By.xpath: //*[@id = 'gvUserInvoiceBills_DXEditor1_I']' in '30' second(s)

2021-11-18 12:12:54 - [MESSAGE][INFO] - Smart Wait Function is triggered

2021-11-18 12:12:55 - [MESSAGE][INFO] - Found 1 web elements with id: 'Object Repository/Olusturma/Genel/Kutular/IrsaliyeBilgileri/IrsaliyeNumarasi' located by 'By.xpath: //*[@id = 'gvUserInvoiceBills_DXEditor1_I']' in '30' second(s)

2021-11-18 12:12:55 - [MESSAGE][PASSED] - Keys 'AAAAAAAAAA' sent to object: 'Object Repository/Olusturma/Genel/Kutular/IrsaliyeBilgileri/IrsaliyeNumarasi'

2021-11-18 12:12:55 - [TEST_STEP][PASSED] - waitForElementClickable(findTestObject("Object Repository/Olusturma/Genel/Kutular/IrsaliyeBilgileri/IrsaliyeTarihi"), 10): Object 'Object Repository/Olusturma/Genel/Kutular/IrsaliyeBilgileri/IrsaliyeTarihi' is clickable

2021-11-18 12:12:55 - [MESSAGE][INFO] - Finding Test Object 'Object Repository/Olusturma/Genel/Kutular/IrsaliyeBilgileri/IrsaliyeTarihi'

2021-11-18 12:12:55 - [MESSAGE][INFO] - Checking object

2021-11-18 12:12:55 - [MESSAGE][INFO] - Checking timeout

2021-11-18 12:12:55 - [MESSAGE][INFO] - Finding web element from Test Object's properties

2021-11-18 12:12:55 - [MESSAGE][INFO] - Checking timeout

2021-11-18 12:12:55 - [MESSAGE][INFO] - Finding web element with id: 'Object Repository/Olusturma/Genel/Kutular/IrsaliyeBilgileri/IrsaliyeTarihi' located by 'By.xpath: //*[@id = 'gvUserInvoiceBills_DXEditor2_I']' in '10' second(s)

2021-11-18 12:12:55 - [MESSAGE][INFO] - Smart Wait Function is triggered

2021-11-18 12:12:55 - [MESSAGE][INFO] - Found 1 web elements with id: 'Object Repository/Olusturma/Genel/Kutular/IrsaliyeBilgileri/IrsaliyeTarihi' located by 'By.xpath: //*[@id = 'gvUserInvoiceBills_DXEditor2_I']' in '10' second(s)

2021-11-18 12:12:55 - [MESSAGE][PASSED] - Object 'Object Repository/Olusturma/Genel/Kutular/IrsaliyeBilgileri/IrsaliyeTarihi' is clickable

2021-11-18 12:12:55 - [TEST_STEP][PASSED] - click(findTestObject("Object Repository/Olusturma/Genel/Kutular/IrsaliyeBilgileri/IrsaliyeTarihi")): Object: 'Object Repository/Olusturma/Genel/Kutular/IrsaliyeBilgileri/IrsaliyeTarihi' is clicked on

2021-11-18 12:12:55 - [MESSAGE][INFO] - Finding Test Object 'Object Repository/Olusturma/Genel/Kutular/IrsaliyeBilgileri/IrsaliyeTarihi'

2021-11-18 12:12:55 - [MESSAGE][INFO] - Checking object

2021-11-18 12:12:55 - [MESSAGE][INFO] - Finding web element from Test Object's properties

2021-11-18 12:12:55 - [MESSAGE][INFO] - Checking timeout

2021-11-18 12:12:55 - [MESSAGE][INFO] - Finding web element with id: 'Object Repository/Olusturma/Genel/Kutular/IrsaliyeBilgileri/IrsaliyeTarihi' located by 'By.xpath: //*[@id = 'gvUserInvoiceBills_DXEditor2_I']' in '30' second(s)

2021-11-18 12:12:55 - [MESSAGE][INFO] - Smart Wait Function is triggered

2021-11-18 12:12:55 - [MESSAGE][INFO] - Found 1 web elements with id: 'Object Repository/Olusturma/Genel/Kutular/IrsaliyeBilgileri/IrsaliyeTarihi' located by 'By.xpath: //*[@id = 'gvUserInvoiceBills_DXEditor2_I']' in '30' second(s)

2021-11-18 12:12:55 - [MESSAGE][INFO] - Clicking on object: 'Object Repository/Olusturma/Genel/Kutular/IrsaliyeBilgileri/IrsaliyeTarihi'

2021-11-18 12:12:55 - [MESSAGE][PASSED] - Object: 'Object Repository/Olusturma/Genel/Kutular/IrsaliyeBilgileri/IrsaliyeTarihi' is clicked on

2021-11-18 12:12:55 - [TEST_STEP][PASSED] - sendKeys(findTestObject("Object Repository/Olusturma/Genel/Kutular/IrsaliyeBilgileri/IrsaliyeTarihi"), Tarih): Keys '31.04.2020' sent to object: 'Object Repository/Olusturma/Genel/Kutular/IrsaliyeBilgileri/IrsaliyeTarihi'

2021-11-18 12:12:55 - [MESSAGE][INFO] - Finding Test Object 'Object Repository/Olusturma/Genel/Kutular/IrsaliyeBilgileri/IrsaliyeTarihi'

2021-11-18 12:12:56 - [MESSAGE][INFO] - Sending keys '31.04.2020' to object: 'Object Repository/Olusturma/Genel/Kutular/IrsaliyeBilgileri/IrsaliyeTarihi'

2021-11-18 12:12:56 - [MESSAGE][INFO] - Finding web element from Test Object's properties

2021-11-18 12:12:56 - [MESSAGE][INFO] - Checking timeout

2021-11-18 12:12:56 - [MESSAGE][INFO] - Finding web element with id: 'Object Repository/Olusturma/Genel/Kutular/IrsaliyeBilgileri/IrsaliyeTarihi' located by 'By.xpath: //*[@id = 'gvUserInvoiceBills_DXEditor2_I']' in '30' second(s)

2021-11-18 12:12:56 - [MESSAGE][INFO] - Smart Wait Function is triggered

2021-11-18 12:12:56 - [MESSAGE][INFO] - Found 1 web elements with id: 'Object Repository/Olusturma/Genel/Kutular/IrsaliyeBilgileri/IrsaliyeTarihi' located by 'By.xpath: //*[@id = 'gvUserInvoiceBills_DXEditor2_I']' in '30' second(s)

2021-11-18 12:12:56 - [MESSAGE][PASSED] - Keys '31.04.2020' sent to object: 'Object Repository/Olusturma/Genel/Kutular/IrsaliyeBilgileri/IrsaliyeTarihi'

2021-11-18 12:12:56 - [MESSAGE][PASSED] - Call Test Case 'Test Cases/Olusturma/Genel/Kutular/IrsaliyeBilgileri' successfully

2021-11-18 12:12:56 - [MESSAGE][INFO] - Checking called Test Case

2021-11-18 12:12:56 - [MESSAGE][INFO] - Starting to call Test Case 'Test Cases/Olusturma/Genel/EkleButonunaBasilir'

2021-11-18 12:12:56 - [TEST_CASE][PASSED] - Test Cases/Olusturma/Genel/EkleButonunaBasilir: Test Cases/Olusturma/Genel/EkleButonunaBasilir

2021-11-18 12:12:56 - [TEST_STEP][PASSED] - waitForElementClickable(findTestObject("Object Repository/Olusturma/Genel/Olusturma/Ekle"), 10): Object 'Object Repository/Olusturma/Genel/Olusturma/Ekle' is clickable

2021-11-18 12:12:56 - [MESSAGE][INFO] - Finding Test Object 'Object Repository/Olusturma/Genel/Olusturma/Ekle'

2021-11-18 12:12:56 - [MESSAGE][INFO] - Checking object

2021-11-18 12:12:56 - [MESSAGE][INFO] - Checking timeout

2021-11-18 12:12:56 - [MESSAGE][INFO] - Finding web element from Test Object's properties

2021-11-18 12:12:56 - [MESSAGE][INFO] - Checking timeout

2021-11-18 12:12:56 - [MESSAGE][INFO] - Finding web element with id: 'Object Repository/Olusturma/Genel/Olusturma/Ekle' located by 'By.cssSelector: #divmalhizmet i.fa.fa-plus.fa-lg.text-muted' in '10' second(s)

2021-11-18 12:12:56 - [MESSAGE][INFO] - Smart Wait Function is triggered

2021-11-18 12:12:56 - [MESSAGE][INFO] - Found 1 web elements with id: 'Object Repository/Olusturma/Genel/Olusturma/Ekle' located by 'By.cssSelector: #divmalhizmet i.fa.fa-plus.fa-lg.text-muted' in '10' second(s)

2021-11-18 12:12:56 - [MESSAGE][PASSED] - Object 'Object Repository/Olusturma/Genel/Olusturma/Ekle' is clickable

2021-11-18 12:12:56 - [TEST_STEP][PASSED] - click(findTestObject("Object Repository/Olusturma/Genel/Olusturma/Ekle")): Object: 'Object Repository/Olusturma/Genel/Olusturma/Ekle' is clicked on

2021-11-18 12:12:56 - [MESSAGE][INFO] - Finding Test Object 'Object Repository/Olusturma/Genel/Olusturma/Ekle'

2021-11-18 12:12:56 - [MESSAGE][INFO] - Checking object

2021-11-18 12:12:56 - [MESSAGE][INFO] - Finding web element from Test Object's properties

2021-11-18 12:12:56 - [MESSAGE][INFO] - Checking timeout

2021-11-18 12:12:56 - [MESSAGE][INFO] - Finding web element with id: 'Object Repository/Olusturma/Genel/Olusturma/Ekle' located by 'By.cssSelector: #divmalhizmet i.fa.fa-plus.fa-lg.text-muted' in '30' second(s)

2021-11-18 12:12:56 - [MESSAGE][INFO] - Smart Wait Function is triggered

2021-11-18 12:12:57 - [MESSAGE][INFO] - Found 1 web elements with id: 'Object Repository/Olusturma/Genel/Olusturma/Ekle' located by 'By.cssSelector: #divmalhizmet i.fa.fa-plus.fa-lg.text-muted' in '30' second(s)

2021-11-18 12:12:57 - [MESSAGE][INFO] - Clicking on object: 'Object Repository/Olusturma/Genel/Olusturma/Ekle'

2021-11-18 12:12:57 - [MESSAGE][PASSED] - Object: 'Object Repository/Olusturma/Genel/Olusturma/Ekle' is clicked on

2021-11-18 12:12:57 - [TEST_STEP][PASSED] - waitForElementClickable(findTestObject("Olusturma/Genel/Olusturma/EklenenSatirCarpiImage"), 10): Object 'Object Repository/Olusturma/Genel/Olusturma/EklenenSatirCarpiImage' is clickable

2021-11-18 12:12:57 - [MESSAGE][INFO] - Finding Test Object 'Object Repository/Olusturma/Genel/Olusturma/EklenenSatirCarpiImage'

2021-11-18 12:12:57 - [MESSAGE][INFO] - Checking object

2021-11-18 12:12:57 - [MESSAGE][INFO] - Checking timeout

2021-11-18 12:12:57 - [MESSAGE][INFO] - Finding web element from Test Object's properties

2021-11-18 12:12:57 - [MESSAGE][INFO] - Checking timeout

2021-11-18 12:12:57 - [MESSAGE][INFO] - Finding web element with id: 'Object Repository/Olusturma/Genel/Olusturma/EklenenSatirCarpiImage' located by 'By.cssSelector: .fa.fa-times.fa-lg.text-primary' in '10' second(s)

2021-11-18 12:12:57 - [MESSAGE][INFO] - Smart Wait Function is triggered

2021-11-18 12:12:57 - [MESSAGE][INFO] - Found 1 web elements with id: 'Object Repository/Olusturma/Genel/Olusturma/EklenenSatirCarpiImage' located by 'By.cssSelector: .fa.fa-times.fa-lg.text-primary' in '10' second(s)

2021-11-18 12:12:57 - [MESSAGE][PASSED] - Object 'Object Repository/Olusturma/Genel/Olusturma/EklenenSatirCarpiImage' is clickable

2021-11-18 12:12:57 - [MESSAGE][PASSED] - Call Test Case 'Test Cases/Olusturma/Genel/EkleButonunaBasilir' successfully

2021-11-18 12:12:57 - [MESSAGE][INFO] - Checking called Test Case

2021-11-18 12:12:57 - [MESSAGE][INFO] - Starting to call Test Case 'Test Cases/Olusturma/Genel/Olusturma'

2021-11-18 12:12:57 - [TEST_CASE][PASSED] - Test Cases/Olusturma/Genel/Olusturma: Test Cases/Olusturma/Genel/Olusturma

2021-11-18 12:12:57 - [TEST_STEP][PASSED] - driver = getWebDriver(): null

2021-11-18 12:12:57 - [TEST_STEP][PASSED] - action = new org.openqa.selenium.interactions.Actions(driver): null

2021-11-18 12:12:57 - [TEST_STEP][PASSED] - baslikElement = <not implemented yet for class: org.codehaus.groovy.ast.expr.EmptyExpression>: null

2021-11-18 12:12:57 - [TEST_STEP][PASSED] - sonElement = <not implemented yet for class: org.codehaus.groovy.ast.expr.EmptyExpression>: null

2021-11-18 12:12:57 - [TEST_STEP][PASSED] - attr = <not implemented yet for class: org.codehaus.groovy.ast.expr.EmptyExpression>: null

2021-11-18 12:12:57 - [TEST_STEP][PASSED] - a = 0: null

2021-11-18 12:12:57 - [TEST_STEP][PASSED] - elements = findWebElements(findTestObject("Object Repository/Olusturma/Genel/Olusturma/TabloBasliklari"), 10): Found 14 web elements with id: 'Object Repository/Olusturma/Genel/Olusturma/TabloBasliklari' located by 'By.cssSelector: div#divmalhizmet .dxgvTable_LECustomTheme td.dxgvHeader_LECustomTheme tr>td:nth-child(1)' in '10' second(s)

2021-11-18 12:12:57 - [MESSAGE][INFO] - Finding Test Object 'Object Repository/Olusturma/Genel/Olusturma/TabloBasliklari'

2021-11-18 12:12:57 - [MESSAGE][INFO] - Checking timeout

2021-11-18 12:12:57 - [MESSAGE][INFO] - Finding web element with id: 'Object Repository/Olusturma/Genel/Olusturma/TabloBasliklari' located by 'By.cssSelector: div#divmalhizmet .dxgvTable_LECustomTheme td.dxgvHeader_LECustomTheme tr>td:nth-child(1)' in '10' second(s)

2021-11-18 12:12:57 - [MESSAGE][INFO] - Smart Wait Function is triggered

2021-11-18 12:12:58 - [MESSAGE][INFO] - Found 14 web elements with id: 'Object Repository/Olusturma/Genel/Olusturma/TabloBasliklari' located by 'By.cssSelector: div#divmalhizmet .dxgvTable_LECustomTheme td.dxgvHeader_LECustomTheme tr>td:nth-child(1)' in '10' second(s)

2021-11-18 12:12:58 - [TEST_STEP][PASSED] - for (def element : elements): null

2021-11-18 12:12:58 - [TEST_STEP][PASSED] - build().perform(): null

2021-11-18 12:12:59 - [TEST_STEP][PASSED] - if (getText().equals(Baslik)): null

2021-11-18 12:12:59 - [TEST_STEP][PASSED] - baslikElement = element.findElement(By.xpath("../../../..")): Smart Wait Function is triggered

2021-11-18 12:12:59 - [MESSAGE][INFO] - Smart Wait Function is triggered

2021-11-18 12:12:59 - [TEST_STEP][PASSED] - attr = baslikElement.getAttribute("id"): null

2021-11-18 12:12:59 - [TEST_STEP][PASSED] - println("girdi ve idsini aldı = " + attr): null

2021-11-18 12:12:59 - [TEST_STEP][PASSED] - break: null

2021-11-18 12:12:59 - [TEST_STEP][PASSED] - countElement = baslikElement.findElements(By.xpath("../td")): Smart Wait Function is triggered

2021-11-18 12:12:59 - [MESSAGE][INFO] - Smart Wait Function is triggered

2021-11-18 12:12:59 - [TEST_STEP][PASSED] - for (def element : countElement): null

2021-11-18 12:12:59 - [TEST_STEP][PASSED] - if (toString().equals(attr.toString())): null

2021-11-18 12:12:59 - [TEST_STEP][PASSED] - (a++): null

2021-11-18 12:12:59 - [TEST_STEP][PASSED] - if (toString().equals(attr.toString())): null

2021-11-18 12:12:59 - [TEST_STEP][PASSED] - break: null

2021-11-18 12:12:59 - [TEST_STEP][PASSED] - son = findWebElement(findTestObject("Object Repository/Olusturma/Genel/Olusturma/EklenenSatir")).findElement(By.xpath("td[@class='dxgvInlineEditCell_LECustomTheme dxgv'][" + a + "]//td[@class='dxic']/input")): Smart Wait Function is triggered

2021-11-18 12:12:59 - [MESSAGE][INFO] - Finding Test Object 'Object Repository/Olusturma/Genel/Olusturma/EklenenSatir'

2021-11-18 12:12:59 - [MESSAGE][INFO] - Finding web element from Test Object's properties

2021-11-18 12:12:59 - [MESSAGE][INFO] - Checking timeout

2021-11-18 12:12:59 - [MESSAGE][INFO] - Finding web element with id: 'Object Repository/Olusturma/Genel/Olusturma/EklenenSatir' located by 'By.cssSelector: #divmalhizmet .dxgvInlineEditRow_LECustomTheme' in '30' second(s)

2021-11-18 12:12:59 - [MESSAGE][INFO] - Smart Wait Function is triggered

2021-11-18 12:13:00 - [MESSAGE][INFO] - Found 1 web elements with id: 'Object Repository/Olusturma/Genel/Olusturma/EklenenSatir' located by 'By.cssSelector: #divmalhizmet .dxgvInlineEditRow_LECustomTheme' in '30' second(s)

2021-11-18 12:13:00 - [MESSAGE][INFO] - Smart Wait Function is triggered

2021-11-18 12:13:00 - [TEST_STEP][PASSED] - if (!(getAttribute("value").contains("Vkn"))): null

2021-11-18 12:13:00 - [TEST_STEP][PASSED] - son.clear(): null

2021-11-18 12:13:00 - [TEST_STEP][PASSED] - son.sendKeys(Deger): null

2021-11-18 12:13:00 - [MESSAGE][PASSED] - Call Test Case 'Test Cases/Olusturma/Genel/Olusturma' successfully

2021-11-18 12:13:00 - [MESSAGE][INFO] - Checking called Test Case

2021-11-18 12:13:00 - [MESSAGE][INFO] - Starting to call Test Case 'Test Cases/Olusturma/Genel/Olusturma'

2021-11-18 12:13:00 - [TEST_CASE][PASSED] - Test Cases/Olusturma/Genel/Olusturma: Test Cases/Olusturma/Genel/Olusturma

2021-11-18 12:13:00 - [TEST_STEP][PASSED] - driver = getWebDriver(): null

2021-11-18 12:13:00 - [TEST_STEP][PASSED] - action = new org.openqa.selenium.interactions.Actions(driver): null

2021-11-18 12:13:00 - [TEST_STEP][PASSED] - baslikElement = <not implemented yet for class: org.codehaus.groovy.ast.expr.EmptyExpression>: null

2021-11-18 12:13:00 - [TEST_STEP][PASSED] - sonElement = <not implemented yet for class: org.codehaus.groovy.ast.expr.EmptyExpression>: null

2021-11-18 12:13:00 - [TEST_STEP][PASSED] - attr = <not implemented yet for class: org.codehaus.groovy.ast.expr.EmptyExpression>: null

2021-11-18 12:13:00 - [TEST_STEP][PASSED] - a = 0: null

2021-11-18 12:13:00 - [TEST_STEP][PASSED] - elements = findWebElements(findTestObject("Object Repository/Olusturma/Genel/Olusturma/TabloBasliklari"), 10): Found 14 web elements with id: 'Object Repository/Olusturma/Genel/Olusturma/TabloBasliklari' located by 'By.cssSelector: div#divmalhizmet .dxgvTable_LECustomTheme td.dxgvHeader_LECustomTheme tr>td:nth-child(1)' in '10' second(s)

2021-11-18 12:13:00 - [MESSAGE][INFO] - Finding Test Object 'Object Repository/Olusturma/Genel/Olusturma/TabloBasliklari'

2021-11-18 12:13:00 - [MESSAGE][INFO] - Checking timeout

2021-11-18 12:13:00 - [MESSAGE][INFO] - Finding web element with id: 'Object Repository/Olusturma/Genel/Olusturma/TabloBasliklari' located by 'By.cssSelector: div#divmalhizmet .dxgvTable_LECustomTheme td.dxgvHeader_LECustomTheme tr>td:nth-child(1)' in '10' second(s)

2021-11-18 12:13:00 - [MESSAGE][INFO] - Smart Wait Function is triggered

2021-11-18 12:13:00 - [MESSAGE][INFO] - Found 14 web elements with id: 'Object Repository/Olusturma/Genel/Olusturma/TabloBasliklari' located by 'By.cssSelector: div#divmalhizmet .dxgvTable_LECustomTheme td.dxgvHeader_LECustomTheme tr>td:nth-child(1)' in '10' second(s)

2021-11-18 12:13:00 - [TEST_STEP][PASSED] - for (def element : elements): null

2021-11-18 12:13:00 - [TEST_STEP][PASSED] - build().perform(): null

2021-11-18 12:13:01 - [TEST_STEP][PASSED] - if (getText().equals(Baslik)): null

2021-11-18 12:13:01 - [TEST_STEP][PASSED] - build().perform(): null

2021-11-18 12:13:01 - [TEST_STEP][PASSED] - if (getText().equals(Baslik)): null

2021-11-18 12:13:01 - [TEST_STEP][PASSED] - baslikElement = element.findElement(By.xpath("../../../..")): Smart Wait Function is triggered

2021-11-18 12:13:01 - [MESSAGE][INFO] - Smart Wait Function is triggered

2021-11-18 12:13:01 - [TEST_STEP][PASSED] - attr = baslikElement.getAttribute("id"): null

2021-11-18 12:13:01 - [TEST_STEP][PASSED] - println("girdi ve idsini aldı = " + attr): null

2021-11-18 12:13:01 - [TEST_STEP][PASSED] - break: null

2021-11-18 12:13:01 - [TEST_STEP][PASSED] - countElement = baslikElement.findElements(By.xpath("../td")): Smart Wait Function is triggered

2021-11-18 12:13:01 - [MESSAGE][INFO] - Smart Wait Function is triggered

2021-11-18 12:13:01 - [TEST_STEP][PASSED] - for (def element : countElement): null

2021-11-18 12:13:01 - [TEST_STEP][PASSED] - if (toString().equals(attr.toString())): null

2021-11-18 12:13:01 - [TEST_STEP][PASSED] - (a++): null

2021-11-18 12:13:01 - [TEST_STEP][PASSED] - if (toString().equals(attr.toString())): null

2021-11-18 12:13:01 - [TEST_STEP][PASSED] - (a++): null

2021-11-18 12:13:01 - [TEST_STEP][PASSED] - if (toString().equals(attr.toString())): null

2021-11-18 12:13:01 - [TEST_STEP][PASSED] - break: null

2021-11-18 12:13:01 - [TEST_STEP][PASSED] - son = findWebElement(findTestObject("Object Repository/Olusturma/Genel/Olusturma/EklenenSatir")).findElement(By.xpath("td[@class='dxgvInlineEditCell_LECustomTheme dxgv'][" + a + "]//td[@class='dxic']/input")): Smart Wait Function is triggered

2021-11-18 12:13:01 - [MESSAGE][INFO] - Finding Test Object 'Object Repository/Olusturma/Genel/Olusturma/EklenenSatir'

2021-11-18 12:13:01 - [MESSAGE][INFO] - Finding web element from Test Object's properties

2021-11-18 12:13:01 - [MESSAGE][INFO] - Checking timeout

2021-11-18 12:13:01 - [MESSAGE][INFO] - Finding web element with id: 'Object Repository/Olusturma/Genel/Olusturma/EklenenSatir' located by 'By.cssSelector: #divmalhizmet .dxgvInlineEditRow_LECustomTheme' in '30' second(s)

2021-11-18 12:13:01 - [MESSAGE][INFO] - Smart Wait Function is triggered

2021-11-18 12:13:02 - [MESSAGE][INFO] - Found 1 web elements with id: 'Object Repository/Olusturma/Genel/Olusturma/EklenenSatir' located by 'By.cssSelector: #divmalhizmet .dxgvInlineEditRow_LECustomTheme' in '30' second(s)

2021-11-18 12:13:02 - [MESSAGE][INFO] - Smart Wait Function is triggered

2021-11-18 12:13:02 - [TEST_STEP][PASSED] - if (!(getAttribute("value").contains("Vkn"))): null

2021-11-18 12:13:02 - [TEST_STEP][PASSED] - son.clear(): null

2021-11-18 12:13:02 - [TEST_STEP][PASSED] - son.sendKeys(Deger): null

2021-11-18 12:13:02 - [MESSAGE][PASSED] - Call Test Case 'Test Cases/Olusturma/Genel/Olusturma' successfully

2021-11-18 12:13:02 - [MESSAGE][INFO] - Checking called Test Case

2021-11-18 12:13:02 - [MESSAGE][INFO] - Starting to call Test Case 'Test Cases/Olusturma/Genel/Olusturma'

2021-11-18 12:13:02 - [TEST_CASE][PASSED] - Test Cases/Olusturma/Genel/Olusturma: Test Cases/Olusturma/Genel/Olusturma

2021-11-18 12:13:02 - [TEST_STEP][PASSED] - driver = getWebDriver(): null

2021-11-18 12:13:02 - [TEST_STEP][PASSED] - action = new org.openqa.selenium.interactions.Actions(driver): null

2021-11-18 12:13:02 - [TEST_STEP][PASSED] - baslikElement = <not implemented yet for class: org.codehaus.groovy.ast.expr.EmptyExpression>: null

2021-11-18 12:13:02 - [TEST_STEP][PASSED] - sonElement = <not implemented yet for class: org.codehaus.groovy.ast.expr.EmptyExpression>: null

2021-11-18 12:13:02 - [TEST_STEP][PASSED] - attr = <not implemented yet for class: org.codehaus.groovy.ast.expr.EmptyExpression>: null

2021-11-18 12:13:02 - [TEST_STEP][PASSED] - a = 0: null

2021-11-18 12:13:02 - [TEST_STEP][PASSED] - elements = findWebElements(findTestObject("Object Repository/Olusturma/Genel/Olusturma/TabloBasliklari"), 10): Found 14 web elements with id: 'Object Repository/Olusturma/Genel/Olusturma/TabloBasliklari' located by 'By.cssSelector: div#divmalhizmet .dxgvTable_LECustomTheme td.dxgvHeader_LECustomTheme tr>td:nth-child(1)' in '10' second(s)

2021-11-18 12:13:02 - [MESSAGE][INFO] - Finding Test Object 'Object Repository/Olusturma/Genel/Olusturma/TabloBasliklari'

2021-11-18 12:13:02 - [MESSAGE][INFO] - Checking timeout

2021-11-18 12:13:02 - [MESSAGE][INFO] - Finding web element with id: 'Object Repository/Olusturma/Genel/Olusturma/TabloBasliklari' located by 'By.cssSelector: div#divmalhizmet .dxgvTable_LECustomTheme td.dxgvHeader_LECustomTheme tr>td:nth-child(1)' in '10' second(s)

2021-11-18 12:13:02 - [MESSAGE][INFO] - Smart Wait Function is triggered

2021-11-18 12:13:03 - [MESSAGE][INFO] - Found 14 web elements with id: 'Object Repository/Olusturma/Genel/Olusturma/TabloBasliklari' located by 'By.cssSelector: div#divmalhizmet .dxgvTable_LECustomTheme td.dxgvHeader_LECustomTheme tr>td:nth-child(1)' in '10' second(s)

2021-11-18 12:13:03 - [TEST_STEP][PASSED] - for (def element : elements): null

2021-11-18 12:13:03 - [TEST_STEP][PASSED] - build().perform(): null

2021-11-18 12:13:03 - [TEST_STEP][PASSED] - if (getText().equals(Baslik)): null

2021-11-18 12:13:03 - [TEST_STEP][PASSED] - build().perform(): null

2021-11-18 12:13:03 - [TEST_STEP][PASSED] - if (getText().equals(Baslik)): null

2021-11-18 12:13:03 - [TEST_STEP][PASSED] - build().perform(): null

2021-11-18 12:13:03 - [TEST_STEP][PASSED] - if (getText().equals(Baslik)): null

2021-11-18 12:13:03 - [TEST_STEP][PASSED] - build().perform(): null

2021-11-18 12:13:03 - [TEST_STEP][PASSED] - if (getText().equals(Baslik)): null

2021-11-18 12:13:03 - [TEST_STEP][PASSED] - baslikElement = element.findElement(By.xpath("../../../..")): Smart Wait Function is triggered

2021-11-18 12:13:03 - [MESSAGE][INFO] - Smart Wait Function is triggered

2021-11-18 12:13:03 - [TEST_STEP][PASSED] - attr = baslikElement.getAttribute("id"): null

2021-11-18 12:13:03 - [TEST_STEP][PASSED] - println("girdi ve idsini aldı = " + attr): null

2021-11-18 12:13:03 - [TEST_STEP][PASSED] - break: null

2021-11-18 12:13:03 - [TEST_STEP][PASSED] - countElement = baslikElement.findElements(By.xpath("../td")): Smart Wait Function is triggered

2021-11-18 12:13:03 - [MESSAGE][INFO] - Smart Wait Function is triggered

2021-11-18 12:13:04 - [TEST_STEP][PASSED] - for (def element : countElement): null

2021-11-18 12:13:04 - [TEST_STEP][PASSED] - if (toString().equals(attr.toString())): null

2021-11-18 12:13:04 - [TEST_STEP][PASSED] - (a++): null

2021-11-18 12:13:04 - [TEST_STEP][PASSED] - if (toString().equals(attr.toString())): null

2021-11-18 12:13:04 - [TEST_STEP][PASSED] - (a++): null

2021-11-18 12:13:04 - [TEST_STEP][PASSED] - if (toString().equals(attr.toString())): null

2021-11-18 12:13:04 - [TEST_STEP][PASSED] - (a++): null

2021-11-18 12:13:04 - [TEST_STEP][PASSED] - if (toString().equals(attr.toString())): null

2021-11-18 12:13:04 - [TEST_STEP][PASSED] - (a++): null

2021-11-18 12:13:04 - [TEST_STEP][PASSED] - if (toString().equals(attr.toString())): null

2021-11-18 12:13:04 - [TEST_STEP][PASSED] - break: null

2021-11-18 12:13:04 - [TEST_STEP][PASSED] - son = findWebElement(findTestObject("Object Repository/Olusturma/Genel/Olusturma/EklenenSatir")).findElement(By.xpath("td[@class='dxgvInlineEditCell_LECustomTheme dxgv'][" + a + "]//td[@class='dxic']/input")): Smart Wait Function is triggered

2021-11-18 12:13:04 - [MESSAGE][INFO] - Finding Test Object 'Object Repository/Olusturma/Genel/Olusturma/EklenenSatir'

2021-11-18 12:13:04 - [MESSAGE][INFO] - Finding web element from Test Object's properties

2021-11-18 12:13:04 - [MESSAGE][INFO] - Checking timeout

2021-11-18 12:13:04 - [MESSAGE][INFO] - Finding web element with id: 'Object Repository/Olusturma/Genel/Olusturma/EklenenSatir' located by 'By.cssSelector: #divmalhizmet .dxgvInlineEditRow_LECustomTheme' in '30' second(s)

2021-11-18 12:13:04 - [MESSAGE][INFO] - Smart Wait Function is triggered

2021-11-18 12:13:04 - [MESSAGE][INFO] - Found 1 web elements with id: 'Object Repository/Olusturma/Genel/Olusturma/EklenenSatir' located by 'By.cssSelector: #divmalhizmet .dxgvInlineEditRow_LECustomTheme' in '30' second(s)

2021-11-18 12:13:04 - [MESSAGE][INFO] - Smart Wait Function is triggered

2021-11-18 12:13:04 - [TEST_STEP][PASSED] - if (!(getAttribute("value").contains("Vkn"))): null

2021-11-18 12:13:04 - [TEST_STEP][PASSED] - son.clear(): null

2021-11-18 12:13:04 - [TEST_STEP][PASSED] - son.sendKeys(Deger): null

2021-11-18 12:13:05 - [MESSAGE][PASSED] - Call Test Case 'Test Cases/Olusturma/Genel/Olusturma' successfully

2021-11-18 12:13:05 - [MESSAGE][INFO] - Checking called Test Case

2021-11-18 12:13:05 - [MESSAGE][INFO] - Starting to call Test Case 'Test Cases/Olusturma/Genel/Olusturma'

2021-11-18 12:13:05 - [TEST_CASE][PASSED] - Test Cases/Olusturma/Genel/Olusturma: Test Cases/Olusturma/Genel/Olusturma

2021-11-18 12:13:05 - [TEST_STEP][PASSED] - driver = getWebDriver(): null

2021-11-18 12:13:05 - [TEST_STEP][PASSED] - action = new org.openqa.selenium.interactions.Actions(driver): null

2021-11-18 12:13:05 - [TEST_STEP][PASSED] - baslikElement = <not implemented yet for class: org.codehaus.groovy.ast.expr.EmptyExpression>: null

2021-11-18 12:13:05 - [TEST_STEP][PASSED] - sonElement = <not implemented yet for class: org.codehaus.groovy.ast.expr.EmptyExpression>: null

2021-11-18 12:13:05 - [TEST_STEP][PASSED] - attr = <not implemented yet for class: org.codehaus.groovy.ast.expr.EmptyExpression>: null

2021-11-18 12:13:05 - [TEST_STEP][PASSED] - a = 0: null

2021-11-18 12:13:05 - [TEST_STEP][PASSED] - elements = findWebElements(findTestObject("Object Repository/Olusturma/Genel/Olusturma/TabloBasliklari"), 10): Found 14 web elements with id: 'Object Repository/Olusturma/Genel/Olusturma/TabloBasliklari' located by 'By.cssSelector: div#divmalhizmet .dxgvTable_LECustomTheme td.dxgvHeader_LECustomTheme tr>td:nth-child(1)' in '10' second(s)

2021-11-18 12:13:05 - [MESSAGE][INFO] - Finding Test Object 'Object Repository/Olusturma/Genel/Olusturma/TabloBasliklari'

2021-11-18 12:13:05 - [MESSAGE][INFO] - Checking timeout

2021-11-18 12:13:05 - [MESSAGE][INFO] - Finding web element with id: 'Object Repository/Olusturma/Genel/Olusturma/TabloBasliklari' located by 'By.cssSelector: div#divmalhizmet .dxgvTable_LECustomTheme td.dxgvHeader_LECustomTheme tr>td:nth-child(1)' in '10' second(s)

2021-11-18 12:13:05 - [MESSAGE][INFO] - Smart Wait Function is triggered

2021-11-18 12:13:05 - [MESSAGE][INFO] - Found 14 web elements with id: 'Object Repository/Olusturma/Genel/Olusturma/TabloBasliklari' located by 'By.cssSelector: div#divmalhizmet .dxgvTable_LECustomTheme td.dxgvHeader_LECustomTheme tr>td:nth-child(1)' in '10' second(s)

2021-11-18 12:13:05 - [TEST_STEP][PASSED] - for (def element : elements): null

2021-11-18 12:13:05 - [TEST_STEP][PASSED] - build().perform(): null

2021-11-18 12:13:05 - [TEST_STEP][PASSED] - if (getText().equals(Baslik)): null

2021-11-18 12:13:05 - [TEST_STEP][PASSED] - build().perform(): null

2021-11-18 12:13:05 - [TEST_STEP][PASSED] - if (getText().equals(Baslik)): null

2021-11-18 12:13:05 - [TEST_STEP][PASSED] - build().perform(): null

2021-11-18 12:13:05 - [TEST_STEP][PASSED] - if (getText().equals(Baslik)): null

2021-11-18 12:13:05 - [TEST_STEP][PASSED] - build().perform(): null

2021-11-18 12:13:06 - [TEST_STEP][PASSED] - if (getText().equals(Baslik)): null

2021-11-18 12:13:06 - [TEST_STEP][PASSED] - build().perform(): null

2021-11-18 12:13:06 - [TEST_STEP][PASSED] - if (getText().equals(Baslik)): null

2021-11-18 12:13:06 - [TEST_STEP][PASSED] - baslikElement = element.findElement(By.xpath("../../../..")): Smart Wait Function is triggered

2021-11-18 12:13:06 - [MESSAGE][INFO] - Smart Wait Function is triggered

2021-11-18 12:13:06 - [TEST_STEP][PASSED] - attr = baslikElement.getAttribute("id"): null

2021-11-18 12:13:06 - [TEST_STEP][PASSED] - println("girdi ve idsini aldı = " + attr): null

2021-11-18 12:13:06 - [TEST_STEP][PASSED] - break: null

2021-11-18 12:13:06 - [TEST_STEP][PASSED] - countElement = baslikElement.findElements(By.xpath("../td")): Smart Wait Function is triggered

2021-11-18 12:13:06 - [MESSAGE][INFO] - Smart Wait Function is triggered

2021-11-18 12:13:06 - [TEST_STEP][PASSED] - for (def element : countElement): null

2021-11-18 12:13:06 - [TEST_STEP][PASSED] - if (toString().equals(attr.toString())): null

2021-11-18 12:13:06 - [TEST_STEP][PASSED] - (a++): null

2021-11-18 12:13:06 - [TEST_STEP][PASSED] - if (toString().equals(attr.toString())): null

2021-11-18 12:13:06 - [TEST_STEP][PASSED] - (a++): null

2021-11-18 12:13:06 - [TEST_STEP][PASSED] - if (toString().equals(attr.toString())): null

2021-11-18 12:13:06 - [TEST_STEP][PASSED] - (a++): null

2021-11-18 12:13:06 - [TEST_STEP][PASSED] - if (toString().equals(attr.toString())): null

2021-11-18 12:13:06 - [TEST_STEP][PASSED] - (a++): null

2021-11-18 12:13:06 - [TEST_STEP][PASSED] - if (toString().equals(attr.toString())): null

2021-11-18 12:13:06 - [TEST_STEP][PASSED] - (a++): null

2021-11-18 12:13:06 - [TEST_STEP][PASSED] - if (toString().equals(attr.toString())): null

2021-11-18 12:13:06 - [TEST_STEP][PASSED] - break: null

2021-11-18 12:13:06 - [TEST_STEP][PASSED] - son = findWebElement(findTestObject("Object Repository/Olusturma/Genel/Olusturma/EklenenSatir")).findElement(By.xpath("td[@class='dxgvInlineEditCell_LECustomTheme dxgv'][" + a + "]//td[@class='dxic']/input")): Smart Wait Function is triggered

2021-11-18 12:13:06 - [MESSAGE][INFO] - Finding Test Object 'Object Repository/Olusturma/Genel/Olusturma/EklenenSatir'

2021-11-18 12:13:06 - [MESSAGE][INFO] - Finding web element from Test Object's properties

2021-11-18 12:13:06 - [MESSAGE][INFO] - Checking timeout

2021-11-18 12:13:06 - [MESSAGE][INFO] - Finding web element with id: 'Object Repository/Olusturma/Genel/Olusturma/EklenenSatir' located by 'By.cssSelector: #divmalhizmet .dxgvInlineEditRow_LECustomTheme' in '30' second(s)

2021-11-18 12:13:06 - [MESSAGE][INFO] - Smart Wait Function is triggered

2021-11-18 12:13:07 - [MESSAGE][INFO] - Found 1 web elements with id: 'Object Repository/Olusturma/Genel/Olusturma/EklenenSatir' located by 'By.cssSelector: #divmalhizmet .dxgvInlineEditRow_LECustomTheme' in '30' second(s)

2021-11-18 12:13:07 - [MESSAGE][INFO] - Smart Wait Function is triggered

2021-11-18 12:13:07 - [TEST_STEP][PASSED] - if (!(getAttribute("value").contains("Vkn"))): null

2021-11-18 12:13:07 - [TEST_STEP][PASSED] - son.clear(): null

2021-11-18 12:13:07 - [TEST_STEP][PASSED] - son.sendKeys(Deger): null

2021-11-18 12:13:07 - [MESSAGE][PASSED] - Call Test Case 'Test Cases/Olusturma/Genel/Olusturma' successfully

2021-11-18 12:13:07 - [MESSAGE][INFO] - Checking called Test Case

2021-11-18 12:13:07 - [MESSAGE][INFO] - Starting to call Test Case 'Test Cases/Olusturma/Genel/Olusturma'

2021-11-18 12:13:07 - [TEST_CASE][PASSED] - Test Cases/Olusturma/Genel/Olusturma: Test Cases/Olusturma/Genel/Olusturma

2021-11-18 12:13:07 - [TEST_STEP][PASSED] - driver = getWebDriver(): null

2021-11-18 12:13:07 - [TEST_STEP][PASSED] - action = new org.openqa.selenium.interactions.Actions(driver): null

2021-11-18 12:13:07 - [TEST_STEP][PASSED] - baslikElement = <not implemented yet for class: org.codehaus.groovy.ast.expr.EmptyExpression>: null

2021-11-18 12:13:07 - [TEST_STEP][PASSED] - sonElement = <not implemented yet for class: org.codehaus.groovy.ast.expr.EmptyExpression>: null

2021-11-18 12:13:07 - [TEST_STEP][PASSED] - attr = <not implemented yet for class: org.codehaus.groovy.ast.expr.EmptyExpression>: null

2021-11-18 12:13:07 - [TEST_STEP][PASSED] - a = 0: null

2021-11-18 12:13:07 - [TEST_STEP][PASSED] - elements = findWebElements(findTestObject("Object Repository/Olusturma/Genel/Olusturma/TabloBasliklari"), 10): Found 14 web elements with id: 'Object Repository/Olusturma/Genel/Olusturma/TabloBasliklari' located by 'By.cssSelector: div#divmalhizmet .dxgvTable_LECustomTheme td.dxgvHeader_LECustomTheme tr>td:nth-child(1)' in '10' second(s)

2021-11-18 12:13:07 - [MESSAGE][INFO] - Finding Test Object 'Object Repository/Olusturma/Genel/Olusturma/TabloBasliklari'

2021-11-18 12:13:07 - [MESSAGE][INFO] - Checking timeout

2021-11-18 12:13:07 - [MESSAGE][INFO] - Finding web element with id: 'Object Repository/Olusturma/Genel/Olusturma/TabloBasliklari' located by 'By.cssSelector: div#divmalhizmet .dxgvTable_LECustomTheme td.dxgvHeader_LECustomTheme tr>td:nth-child(1)' in '10' second(s)

2021-11-18 12:13:07 - [MESSAGE][INFO] - Smart Wait Function is triggered

2021-11-18 12:13:08 - [MESSAGE][INFO] - Found 14 web elements with id: 'Object Repository/Olusturma/Genel/Olusturma/TabloBasliklari' located by 'By.cssSelector: div#divmalhizmet .dxgvTable_LECustomTheme td.dxgvHeader_LECustomTheme tr>td:nth-child(1)' in '10' second(s)

2021-11-18 12:13:08 - [TEST_STEP][PASSED] - for (def element : elements): null

2021-11-18 12:13:08 - [TEST_STEP][PASSED] - build().perform(): null

2021-11-18 12:13:08 - [TEST_STEP][PASSED] - if (getText().equals(Baslik)): null

2021-11-18 12:13:08 - [TEST_STEP][PASSED] - build().perform(): null

2021-11-18 12:13:08 - [TEST_STEP][PASSED] - if (getText().equals(Baslik)): null

2021-11-18 12:13:08 - [TEST_STEP][PASSED] - build().perform(): null

2021-11-18 12:13:08 - [TEST_STEP][PASSED] - if (getText().equals(Baslik)): null

2021-11-18 12:13:08 - [TEST_STEP][PASSED] - build().perform(): null

2021-11-18 12:13:08 - [TEST_STEP][PASSED] - if (getText().equals(Baslik)): null

2021-11-18 12:13:08 - [TEST_STEP][PASSED] - build().perform(): null

2021-11-18 12:13:08 - [TEST_STEP][PASSED] - if (getText().equals(Baslik)): null

2021-11-18 12:13:08 - [TEST_STEP][PASSED] - build().perform(): null

2021-11-18 12:13:09 - [TEST_STEP][PASSED] - if (getText().equals(Baslik)): null

2021-11-18 12:13:09 - [TEST_STEP][PASSED] - build().perform(): null

2021-11-18 12:13:09 - [TEST_STEP][PASSED] - if (getText().equals(Baslik)): null

2021-11-18 12:13:09 - [TEST_STEP][PASSED] - baslikElement = element.findElement(By.xpath("../../../..")): Smart Wait Function is triggered

2021-11-18 12:13:09 - [MESSAGE][INFO] - Smart Wait Function is triggered

2021-11-18 12:13:09 - [TEST_STEP][PASSED] - attr = baslikElement.getAttribute("id"): null

2021-11-18 12:13:09 - [TEST_STEP][PASSED] - println("girdi ve idsini aldı = " + attr): null

2021-11-18 12:13:09 - [TEST_STEP][PASSED] - break: null

2021-11-18 12:13:09 - [TEST_STEP][PASSED] - countElement = baslikElement.findElements(By.xpath("../td")): Smart Wait Function is triggered

2021-11-18 12:13:09 - [MESSAGE][INFO] - Smart Wait Function is triggered

2021-11-18 12:13:09 - [TEST_STEP][PASSED] - for (def element : countElement): null

2021-11-18 12:13:09 - [TEST_STEP][PASSED] - if (toString().equals(attr.toString())): null

2021-11-18 12:13:09 - [TEST_STEP][PASSED] - (a++): null

2021-11-18 12:13:09 - [TEST_STEP][PASSED] - if (toString().equals(attr.toString())): null

2021-11-18 12:13:09 - [TEST_STEP][PASSED] - (a++): null

2021-11-18 12:13:09 - [TEST_STEP][PASSED] - if (toString().equals(attr.toString())): null

2021-11-18 12:13:09 - [TEST_STEP][PASSED] - (a++): null

2021-11-18 12:13:09 - [TEST_STEP][PASSED] - if (toString().equals(attr.toString())): null

2021-11-18 12:13:09 - [TEST_STEP][PASSED] - (a++): null

2021-11-18 12:13:09 - [TEST_STEP][PASSED] - if (toString().equals(attr.toString())): null

2021-11-18 12:13:09 - [TEST_STEP][PASSED] - (a++): null

2021-11-18 12:13:09 - [TEST_STEP][PASSED] - if (toString().equals(attr.toString())): null

2021-11-18 12:13:09 - [TEST_STEP][PASSED] - (a++): null

2021-11-18 12:13:09 - [TEST_STEP][PASSED] - if (toString().equals(attr.toString())): null

2021-11-18 12:13:10 - [TEST_STEP][PASSED] - (a++): null

2021-11-18 12:13:10 - [TEST_STEP][PASSED] - if (toString().equals(attr.toString())): null

2021-11-18 12:13:10 - [TEST_STEP][PASSED] - break: null

2021-11-18 12:13:10 - [TEST_STEP][PASSED] - son = findWebElement(findTestObject("Object Repository/Olusturma/Genel/Olusturma/EklenenSatir")).findElement(By.xpath("td[@class='dxgvInlineEditCell_LECustomTheme dxgv'][" + a + "]//td[@class='dxic']/input")): Smart Wait Function is triggered

2021-11-18 12:13:10 - [MESSAGE][INFO] - Finding Test Object 'Object Repository/Olusturma/Genel/Olusturma/EklenenSatir'

2021-11-18 12:13:10 - [MESSAGE][INFO] - Finding web element from Test Object's properties

2021-11-18 12:13:10 - [MESSAGE][INFO] - Checking timeout

2021-11-18 12:13:10 - [MESSAGE][INFO] - Finding web element with id: 'Object Repository/Olusturma/Genel/Olusturma/EklenenSatir' located by 'By.cssSelector: #divmalhizmet .dxgvInlineEditRow_LECustomTheme' in '30' second(s)

2021-11-18 12:13:10 - [MESSAGE][INFO] - Smart Wait Function is triggered

2021-11-18 12:13:10 - [MESSAGE][INFO] - Found 1 web elements with id: 'Object Repository/Olusturma/Genel/Olusturma/EklenenSatir' located by 'By.cssSelector: #divmalhizmet .dxgvInlineEditRow_LECustomTheme' in '30' second(s)

2021-11-18 12:13:10 - [MESSAGE][INFO] - Smart Wait Function is triggered

2021-11-18 12:13:10 - [TEST_STEP][PASSED] - if (!(getAttribute("value").contains("Vkn"))): null

2021-11-18 12:13:10 - [TEST_STEP][PASSED] - son.clear(): null

2021-11-18 12:13:10 - [TEST_STEP][PASSED] - son.sendKeys(Deger): null

2021-11-18 12:13:10 - [MESSAGE][PASSED] - Call Test Case 'Test Cases/Olusturma/Genel/Olusturma' successfully

2021-11-18 12:13:10 - [MESSAGE][INFO] - Checking called Test Case

2021-11-18 12:13:10 - [MESSAGE][INFO] - Starting to call Test Case 'Test Cases/Olusturma/Genel/Olusturma'

2021-11-18 12:13:10 - [TEST_CASE][PASSED] - Test Cases/Olusturma/Genel/Olusturma: Test Cases/Olusturma/Genel/Olusturma

2021-11-18 12:13:10 - [TEST_STEP][PASSED] - driver = getWebDriver(): null

2021-11-18 12:13:10 - [TEST_STEP][PASSED] - action = new org.openqa.selenium.interactions.Actions(driver): null

2021-11-18 12:13:10 - [TEST_STEP][PASSED] - baslikElement = <not implemented yet for class: org.codehaus.groovy.ast.expr.EmptyExpression>: null

2021-11-18 12:13:10 - [TEST_STEP][PASSED] - sonElement = <not implemented yet for class: org.codehaus.groovy.ast.expr.EmptyExpression>: null

2021-11-18 12:13:10 - [TEST_STEP][PASSED] - attr = <not implemented yet for class: org.codehaus.groovy.ast.expr.EmptyExpression>: null

2021-11-18 12:13:10 - [TEST_STEP][PASSED] - a = 0: null

2021-11-18 12:13:10 - [TEST_STEP][PASSED] - elements = findWebElements(findTestObject("Object Repository/Olusturma/Genel/Olusturma/TabloBasliklari"), 10): Found 14 web elements with id: 'Object Repository/Olusturma/Genel/Olusturma/TabloBasliklari' located by 'By.cssSelector: div#divmalhizmet .dxgvTable_LECustomTheme td.dxgvHeader_LECustomTheme tr>td:nth-child(1)' in '10' second(s)

2021-11-18 12:13:10 - [MESSAGE][INFO] - Finding Test Object 'Object Repository/Olusturma/Genel/Olusturma/TabloBasliklari'

2021-11-18 12:13:11 - [MESSAGE][INFO] - Checking timeout

2021-11-18 12:13:11 - [MESSAGE][INFO] - Finding web element with id: 'Object Repository/Olusturma/Genel/Olusturma/TabloBasliklari' located by 'By.cssSelector: div#divmalhizmet .dxgvTable_LECustomTheme td.dxgvHeader_LECustomTheme tr>td:nth-child(1)' in '10' second(s)

2021-11-18 12:13:11 - [MESSAGE][INFO] - Smart Wait Function is triggered

2021-11-18 12:13:11 - [MESSAGE][INFO] - Found 14 web elements with id: 'Object Repository/Olusturma/Genel/Olusturma/TabloBasliklari' located by 'By.cssSelector: div#divmalhizmet .dxgvTable_LECustomTheme td.dxgvHeader_LECustomTheme tr>td:nth-child(1)' in '10' second(s)

2021-11-18 12:13:11 - [TEST_STEP][PASSED] - for (def element : elements): null

2021-11-18 12:13:11 - [TEST_STEP][PASSED] - build().perform(): null

2021-11-18 12:13:11 - [TEST_STEP][PASSED] - if (getText().equals(Baslik)): null

2021-11-18 12:13:11 - [TEST_STEP][PASSED] - build().perform(): null

2021-11-18 12:13:11 - [TEST_STEP][PASSED] - if (getText().equals(Baslik)): null

2021-11-18 12:13:11 - [TEST_STEP][PASSED] - build().perform(): null

2021-11-18 12:13:11 - [TEST_STEP][PASSED] - if (getText().equals(Baslik)): null

2021-11-18 12:13:11 - [TEST_STEP][PASSED] - build().perform(): null

2021-11-18 12:13:11 - [TEST_STEP][PASSED] - if (getText().equals(Baslik)): null

2021-11-18 12:13:11 - [TEST_STEP][PASSED] - build().perform(): null

2021-11-18 12:13:12 - [TEST_STEP][PASSED] - if (getText().equals(Baslik)): null

2021-11-18 12:13:12 - [TEST_STEP][PASSED] - build().perform(): null

2021-11-18 12:13:12 - [TEST_STEP][PASSED] - if (getText().equals(Baslik)): null

2021-11-18 12:13:12 - [TEST_STEP][PASSED] - build().perform(): null

2021-11-18 12:13:12 - [TEST_STEP][PASSED] - if (getText().equals(Baslik)): null

2021-11-18 12:13:12 - [TEST_STEP][PASSED] - build().perform(): null

2021-11-18 12:13:12 - [TEST_STEP][PASSED] - if (getText().equals(Baslik)): null

2021-11-18 12:13:12 - [TEST_STEP][PASSED] - baslikElement = element.findElement(By.xpath("../../../..")): Smart Wait Function is triggered

2021-11-18 12:13:12 - [MESSAGE][INFO] - Smart Wait Function is triggered

2021-11-18 12:13:12 - [TEST_STEP][PASSED] - attr = baslikElement.getAttribute("id"): null

2021-11-18 12:13:12 - [TEST_STEP][PASSED] - println("girdi ve idsini aldı = " + attr): null

2021-11-18 12:13:12 - [TEST_STEP][PASSED] - break: null

2021-11-18 12:13:12 - [TEST_STEP][PASSED] - countElement = baslikElement.findElements(By.xpath("../td")): Smart Wait Function is triggered

2021-11-18 12:13:12 - [MESSAGE][INFO] - Smart Wait Function is triggered

2021-11-18 12:13:13 - [TEST_STEP][PASSED] - for (def element : countElement): null

2021-11-18 12:13:13 - [TEST_STEP][PASSED] - if (toString().equals(attr.toString())): null

2021-11-18 12:13:13 - [TEST_STEP][PASSED] - (a++): null

2021-11-18 12:13:13 - [TEST_STEP][PASSED] - if (toString().equals(attr.toString())): null

2021-11-18 12:13:13 - [TEST_STEP][PASSED] - (a++): null

2021-11-18 12:13:13 - [TEST_STEP][PASSED] - if (toString().equals(attr.toString())): null

2021-11-18 12:13:13 - [TEST_STEP][PASSED] - (a++): null

2021-11-18 12:13:13 - [TEST_STEP][PASSED] - if (toString().equals(attr.toString())): null

2021-11-18 12:13:13 - [TEST_STEP][PASSED] - (a++): null

2021-11-18 12:13:13 - [TEST_STEP][PASSED] - if (toString().equals(attr.toString())): null

2021-11-18 12:13:13 - [TEST_STEP][PASSED] - (a++): null

2021-11-18 12:13:13 - [TEST_STEP][PASSED] - if (toString().equals(attr.toString())): null

2021-11-18 12:13:13 - [TEST_STEP][PASSED] - (a++): null

2021-11-18 12:13:13 - [TEST_STEP][PASSED] - if (toString().equals(attr.toString())): null

2021-11-18 12:13:13 - [TEST_STEP][PASSED] - (a++): null

2021-11-18 12:13:13 - [TEST_STEP][PASSED] - if (toString().equals(attr.toString())): null

2021-11-18 12:13:13 - [TEST_STEP][PASSED] - (a++): null

2021-11-18 12:13:13 - [TEST_STEP][PASSED] - if (toString().equals(attr.toString())): null

2021-11-18 12:13:13 - [TEST_STEP][PASSED] - break: null

2021-11-18 12:13:13 - [TEST_STEP][PASSED] - son = findWebElement(findTestObject("Object Repository/Olusturma/Genel/Olusturma/EklenenSatir")).findElement(By.xpath("td[@class='dxgvInlineEditCell_LECustomTheme dxgv'][" + a + "]//td[@class='dxic']/input")): Smart Wait Function is triggered

2021-11-18 12:13:13 - [MESSAGE][INFO] - Finding Test Object 'Object Repository/Olusturma/Genel/Olusturma/EklenenSatir'

2021-11-18 12:13:13 - [MESSAGE][INFO] - Finding web element from Test Object's properties

2021-11-18 12:13:13 - [MESSAGE][INFO] - Checking timeout

2021-11-18 12:13:13 - [MESSAGE][INFO] - Finding web element with id: 'Object Repository/Olusturma/Genel/Olusturma/EklenenSatir' located by 'By.cssSelector: #divmalhizmet .dxgvInlineEditRow_LECustomTheme' in '30' second(s)

2021-11-18 12:13:13 - [MESSAGE][INFO] - Smart Wait Function is triggered

2021-11-18 12:13:13 - [MESSAGE][INFO] - Found 1 web elements with id: 'Object Repository/Olusturma/Genel/Olusturma/EklenenSatir' located by 'By.cssSelector: #divmalhizmet .dxgvInlineEditRow_LECustomTheme' in '30' second(s)

2021-11-18 12:13:13 - [MESSAGE][INFO] - Smart Wait Function is triggered

2021-11-18 12:13:13 - [TEST_STEP][PASSED] - if (!(getAttribute("value").contains("Vkn"))): null

2021-11-18 12:13:13 - [TEST_STEP][PASSED] - son.clear(): null

2021-11-18 12:13:13 - [TEST_STEP][PASSED] - son.sendKeys(Deger): null

2021-11-18 12:13:14 - [MESSAGE][PASSED] - Call Test Case 'Test Cases/Olusturma/Genel/Olusturma' successfully

2021-11-18 12:13:14 - [MESSAGE][INFO] - Checking called Test Case

2021-11-18 12:13:14 - [MESSAGE][INFO] - Starting to call Test Case 'Test Cases/Olusturma/Genel/NotGirilir'

2021-11-18 12:13:14 - [TEST_CASE][PASSED] - Test Cases/Olusturma/Genel/NotGirilir: Test Cases/Olusturma/Genel/NotGirilir

2021-11-18 12:13:14 - [TEST_STEP][PASSED] - i = 0: null

2021-11-18 12:13:14 - [TEST_STEP][PASSED] - waitForElementClickable(findTestObject("Olusturma/Genel/Not/Notlar"), 10): Object 'Object Repository/Olusturma/Genel/Not/Notlar' is clickable

2021-11-18 12:13:14 - [MESSAGE][INFO] - Finding Test Object 'Object Repository/Olusturma/Genel/Not/Notlar'

2021-11-18 12:13:14 - [MESSAGE][INFO] - Checking object

2021-11-18 12:13:14 - [MESSAGE][INFO] - Checking timeout

2021-11-18 12:13:14 - [MESSAGE][INFO] - Finding web element from Test Object's properties

2021-11-18 12:13:14 - [MESSAGE][INFO] - Checking timeout

2021-11-18 12:13:14 - [MESSAGE][INFO] - Finding web element with id: 'Object Repository/Olusturma/Genel/Not/Notlar' located by 'By.xpath: //*[@id = 'txtNote_I']' in '10' second(s)

2021-11-18 12:13:14 - [MESSAGE][INFO] - Smart Wait Function is triggered

2021-11-18 12:13:14 - [MESSAGE][INFO] - Found 1 web elements with id: 'Object Repository/Olusturma/Genel/Not/Notlar' located by 'By.xpath: //*[@id = 'txtNote_I']' in '10' second(s)

2021-11-18 12:13:14 - [MESSAGE][PASSED] - Object 'Object Repository/Olusturma/Genel/Not/Notlar' is clickable

2021-11-18 12:13:14 - [TEST_STEP][PASSED] - clearText(findTestObject("Olusturma/Genel/Not/Notlar")): Text of object 'Object Repository/Olusturma/Genel/Not/Notlar' is cleared

2021-11-18 12:13:14 - [MESSAGE][INFO] - Finding Test Object 'Object Repository/Olusturma/Genel/Not/Notlar'

2021-11-18 12:13:14 - [MESSAGE][INFO] - Checking object

2021-11-18 12:13:14 - [MESSAGE][INFO] - Finding web element from Test Object's properties

2021-11-18 12:13:14 - [MESSAGE][INFO] - Checking timeout

2021-11-18 12:13:14 - [MESSAGE][INFO] - Finding web element with id: 'Object Repository/Olusturma/Genel/Not/Notlar' located by 'By.xpath: //*[@id = 'txtNote_I']' in '30' second(s)

2021-11-18 12:13:14 - [MESSAGE][INFO] - Smart Wait Function is triggered

2021-11-18 12:13:14 - [MESSAGE][INFO] - Found 1 web elements with id: 'Object Repository/Olusturma/Genel/Not/Notlar' located by 'By.xpath: //*[@id = 'txtNote_I']' in '30' second(s)

2021-11-18 12:13:14 - [MESSAGE][INFO] - Clearing text of object 'Object Repository/Olusturma/Genel/Not/Notlar'

2021-11-18 12:13:14 - [MESSAGE][PASSED] - Text of object 'Object Repository/Olusturma/Genel/Not/Notlar' is cleared

2021-11-18 12:13:14 - [TEST_STEP][PASSED] - click(findTestObject("Olusturma/Genel/Not/Notlar")): Object: 'Object Repository/Olusturma/Genel/Not/Notlar' is clicked on

2021-11-18 12:13:14 - [MESSAGE][INFO] - Finding Test Object 'Object Repository/Olusturma/Genel/Not/Notlar'

2021-11-18 12:13:15 - [MESSAGE][INFO] - Checking object

2021-11-18 12:13:15 - [MESSAGE][INFO] - Finding web element from Test Object's properties

2021-11-18 12:13:15 - [MESSAGE][INFO] - Checking timeout

2021-11-18 12:13:15 - [MESSAGE][INFO] - Finding web element with id: 'Object Repository/Olusturma/Genel/Not/Notlar' located by 'By.xpath: //*[@id = 'txtNote_I']' in '30' second(s)

2021-11-18 12:13:15 - [MESSAGE][INFO] - Smart Wait Function is triggered

2021-11-18 12:13:15 - [MESSAGE][INFO] - Found 1 web elements with id: 'Object Repository/Olusturma/Genel/Not/Notlar' located by 'By.xpath: //*[@id = 'txtNote_I']' in '30' second(s)

2021-11-18 12:13:15 - [MESSAGE][INFO] - Clicking on object: 'Object Repository/Olusturma/Genel/Not/Notlar'

2021-11-18 12:13:15 - [MESSAGE][PASSED] - Object: 'Object Repository/Olusturma/Genel/Not/Notlar' is clicked on

2021-11-18 12:13:15 - [TEST_STEP][PASSED] - while (true): null

2021-11-18 12:13:15 - [TEST_STEP][PASSED] - delay(1): Delayed 1 second(s)

2021-11-18 12:13:15 - [MESSAGE][INFO] - Delaying browser in 1 second(s)

2021-11-18 12:13:16 - [MESSAGE][PASSED] - Delayed 1 second(s)

2021-11-18 12:13:16 - [TEST_STEP][PASSED] - ajaxIsComplete = executeJavaScript("return jQuery.active == 0", null): Execute JavaScript 'return jQuery.active == 0' successfully

2021-11-18 12:13:16 - [MESSAGE][PASSED] - Execute JavaScript 'return jQuery.active == 0' successfully

2021-11-18 12:13:16 - [TEST_STEP][PASSED] - if (ajaxIsComplete): null

2021-11-18 12:13:16 - [TEST_STEP][PASSED] - break: null

2021-11-18 12:13:16 - [TEST_STEP][PASSED] - sendKeys(findTestObject("Olusturma/Genel/Not/Notlar"), Not): Keys 'Otomasyon Not' sent to object: 'Object Repository/Olusturma/Genel/Not/Notlar'

2021-11-18 12:13:16 - [MESSAGE][INFO] - Finding Test Object 'Object Repository/Olusturma/Genel/Not/Notlar'

2021-11-18 12:13:16 - [MESSAGE][INFO] - Sending keys 'Otomasyon Not' to object: 'Object Repository/Olusturma/Genel/Not/Notlar'

2021-11-18 12:13:16 - [MESSAGE][INFO] - Finding web element from Test Object's properties

2021-11-18 12:13:16 - [MESSAGE][INFO] - Checking timeout

2021-11-18 12:13:16 - [MESSAGE][INFO] - Finding web element with id: 'Object Repository/Olusturma/Genel/Not/Notlar' located by 'By.xpath: //*[@id = 'txtNote_I']' in '30' second(s)

2021-11-18 12:13:16 - [MESSAGE][INFO] - Smart Wait Function is triggered

2021-11-18 12:13:16 - [MESSAGE][INFO] - Found 1 web elements with id: 'Object Repository/Olusturma/Genel/Not/Notlar' located by 'By.xpath: //*[@id = 'txtNote_I']' in '30' second(s)

2021-11-18 12:13:17 - [MESSAGE][PASSED] - Keys 'Otomasyon Not' sent to object: 'Object Repository/Olusturma/Genel/Not/Notlar'

2021-11-18 12:13:17 - [MESSAGE][PASSED] - Call Test Case 'Test Cases/Olusturma/Genel/NotGirilir' successfully

2021-11-18 12:13:17 - [MESSAGE][INFO] - Checking called Test Case

2021-11-18 12:13:17 - [MESSAGE][INFO] - Starting to call Test Case 'Test Cases/Olusturma/Genel/EttnBilgisiKayitEdilir'

2021-11-18 12:13:17 - [TEST_CASE][PASSED] - Test Cases/Olusturma/Genel/EttnBilgisiKayitEdilir: Test Cases/Olusturma/Genel/EttnBilgisiKayitEdilir

2021-11-18 12:13:17 - [TEST_STEP][PASSED] - verifyElementPresent(findTestObject("Object Repository/Olusturma/Genel/Olusturma/eArsivEttnBilgisi"), 7): Object 'Object Repository/Olusturma/Genel/Olusturma/eArsivEttnBilgisi' is present

2021-11-18 12:13:17 - [MESSAGE][INFO] - Finding Test Object 'Object Repository/Olusturma/Genel/Olusturma/eArsivEttnBilgisi'

2021-11-18 12:13:17 - [MESSAGE][INFO] - Checking object

2021-11-18 12:13:17 - [MESSAGE][INFO] - Finding web element from Test Object's properties

2021-11-18 12:13:17 - [MESSAGE][INFO] - Checking timeout

2021-11-18 12:13:17 - [MESSAGE][INFO] - Finding web element with id: 'Object Repository/Olusturma/Genel/Olusturma/eArsivEttnBilgisi' located by 'By.xpath: //*[@id = 'Uuid_I']' in '7' second(s)

2021-11-18 12:13:17 - [MESSAGE][INFO] - Smart Wait Function is triggered

2021-11-18 12:13:17 - [MESSAGE][INFO] - Found 1 web elements with id: 'Object Repository/Olusturma/Genel/Olusturma/eArsivEttnBilgisi' located by 'By.xpath: //*[@id = 'Uuid_I']' in '7' second(s)

2021-11-18 12:13:17 - [MESSAGE][PASSED] - Object 'Object Repository/Olusturma/Genel/Olusturma/eArsivEttnBilgisi' is present

2021-11-18 12:13:17 - [TEST_STEP][PASSED] - ettn = getAttribute(findTestObject("Object Repository/Olusturma/Genel/Olusturma/eArsivEttnBilgisi"), "value"): Attribute 'value' of object 'Object Repository/Olusturma/Genel/Olusturma/eArsivEttnBilgisi' is: '6209b64a-b552-420d-a9f6-425fe3ce964e'

2021-11-18 12:13:17 - [MESSAGE][INFO] - Finding Test Object 'Object Repository/Olusturma/Genel/Olusturma/eArsivEttnBilgisi'

2021-11-18 12:13:17 - [MESSAGE][INFO] - Checking object

2021-11-18 12:13:17 - [MESSAGE][INFO] - Checking attribute

2021-11-18 12:13:17 - [MESSAGE][INFO] - Finding web element from Test Object's properties

2021-11-18 12:13:17 - [MESSAGE][INFO] - Checking timeout

2021-11-18 12:13:17 - [MESSAGE][INFO] - Finding web element with id: 'Object Repository/Olusturma/Genel/Olusturma/eArsivEttnBilgisi' located by 'By.xpath: //*[@id = 'Uuid_I']' in '30' second(s)

2021-11-18 12:13:17 - [MESSAGE][INFO] - Smart Wait Function is triggered

2021-11-18 12:13:17 - [MESSAGE][INFO] - Found 1 web elements with id: 'Object Repository/Olusturma/Genel/Olusturma/eArsivEttnBilgisi' located by 'By.xpath: //*[@id = 'Uuid_I']' in '30' second(s)

2021-11-18 12:13:17 - [MESSAGE][INFO] - Getting attribute 'value' of object 'Object Repository/Olusturma/Genel/Olusturma/eArsivEttnBilgisi'

2021-11-18 12:13:17 - [MESSAGE][PASSED] - Attribute 'value' of object 'Object Repository/Olusturma/Genel/Olusturma/eArsivEttnBilgisi' is: '6209b64a-b552-420d-a9f6-425fe3ce964e'

2021-11-18 12:13:17 - [MESSAGE][PASSED] - Call Test Case 'Test Cases/Olusturma/Genel/EttnBilgisiKayitEdilir' successfully

2021-11-18 12:13:17 - [MESSAGE][INFO] - Checking called Test Case

2021-11-18 12:13:17 - [MESSAGE][INFO] - Starting to call Test Case 'Test Cases/Olusturma/Genel/KaydetButonunaTiklanir'

2021-11-18 12:13:17 - [TEST_CASE][PASSED] - Test Cases/Olusturma/Genel/KaydetButonunaTiklanir: Test Cases/Olusturma/Genel/KaydetButonunaTiklanir

2021-11-18 12:13:17 - [TEST_STEP][PASSED] - i = 0: null

2021-11-18 12:13:17 - [TEST_STEP][PASSED] - waitForElementPresent(findTestObject("Olusturma/Genel/Not/Notlar"), 10): Object 'Object Repository/Olusturma/Genel/Not/Notlar' is present

2021-11-18 12:13:17 - [MESSAGE][INFO] - Finding Test Object 'Object Repository/Olusturma/Genel/Not/Notlar'

2021-11-18 12:13:18 - [MESSAGE][INFO] - Checking object

2021-11-18 12:13:18 - [MESSAGE][INFO] - Finding web element from Test Object's properties

2021-11-18 12:13:18 - [MESSAGE][INFO] - Checking timeout

2021-11-18 12:13:18 - [MESSAGE][INFO] - Finding web element with id: 'Object Repository/Olusturma/Genel/Not/Notlar' located by 'By.xpath: //*[@id = 'txtNote_I']' in '10' second(s)

2021-11-18 12:13:18 - [MESSAGE][INFO] - Smart Wait Function is triggered

2021-11-18 12:13:18 - [MESSAGE][INFO] - Found 1 web elements with id: 'Object Repository/Olusturma/Genel/Not/Notlar' located by 'By.xpath: //*[@id = 'txtNote_I']' in '10' second(s)

2021-11-18 12:13:18 - [MESSAGE][PASSED] - Object 'Object Repository/Olusturma/Genel/Not/Notlar' is present

2021-11-18 12:13:18 - [TEST_STEP][PASSED] - click(findTestObject("Olusturma/Genel/Not/Notlar")): Object: 'Object Repository/Olusturma/Genel/Not/Notlar' is clicked on

2021-11-18 12:13:18 - [MESSAGE][INFO] - Finding Test Object 'Object Repository/Olusturma/Genel/Not/Notlar'

2021-11-18 12:13:18 - [MESSAGE][INFO] - Checking object

2021-11-18 12:13:18 - [MESSAGE][INFO] - Finding web element from Test Object's properties

2021-11-18 12:13:18 - [MESSAGE][INFO] - Checking timeout

2021-11-18 12:13:18 - [MESSAGE][INFO] - Finding web element with id: 'Object Repository/Olusturma/Genel/Not/Notlar' located by 'By.xpath: //*[@id = 'txtNote_I']' in '30' second(s)

2021-11-18 12:13:18 - [MESSAGE][INFO] - Smart Wait Function is triggered

2021-11-18 12:13:18 - [MESSAGE][INFO] - Found 1 web elements with id: 'Object Repository/Olusturma/Genel/Not/Notlar' located by 'By.xpath: //*[@id = 'txtNote_I']' in '30' second(s)

2021-11-18 12:13:18 - [MESSAGE][INFO] - Clicking on object: 'Object Repository/Olusturma/Genel/Not/Notlar'

2021-11-18 12:13:18 - [MESSAGE][PASSED] - Object: 'Object Repository/Olusturma/Genel/Not/Notlar' is clicked on

2021-11-18 12:13:18 - [TEST_STEP][PASSED] - while (true): null

2021-11-18 12:13:18 - [TEST_STEP][PASSED] - delay(1): Delayed 1 second(s)

2021-11-18 12:13:18 - [MESSAGE][INFO] - Delaying browser in 1 second(s)

2021-11-18 12:13:19 - [MESSAGE][PASSED] - Delayed 1 second(s)

2021-11-18 12:13:19 - [TEST_STEP][PASSED] - ajaxIsComplete = executeJavaScript("return jQuery.active == 0", null): Execute JavaScript 'return jQuery.active == 0' successfully

2021-11-18 12:13:19 - [MESSAGE][PASSED] - Execute JavaScript 'return jQuery.active == 0' successfully

2021-11-18 12:13:19 - [TEST_STEP][PASSED] - if (ajaxIsComplete): null

2021-11-18 12:13:19 - [TEST_STEP][PASSED] - break: null

2021-11-18 12:13:19 - [TEST_STEP][PASSED] - waitForElementClickable(findTestObject("Object Repository/Olusturma/Genel/Buton"), 10): Object 'Object Repository/Olusturma/Genel/Buton' is clickable

2021-11-18 12:13:19 - [MESSAGE][INFO] - Finding Test Object 'Object Repository/Olusturma/Genel/Buton'

2021-11-18 12:13:19 - [MESSAGE][INFO] - Checking object

2021-11-18 12:13:19 - [MESSAGE][INFO] - Checking timeout

2021-11-18 12:13:19 - [MESSAGE][INFO] - Finding web element from Test Object's properties

2021-11-18 12:13:19 - [MESSAGE][INFO] - Checking timeout

2021-11-18 12:13:19 - [MESSAGE][INFO] - Finding web element with id: 'Object Repository/Olusturma/Genel/Buton' located by 'By.xpath: //*[@id = 'btnKaydet']' in '10' second(s)

2021-11-18 12:13:19 - [MESSAGE][INFO] - Smart Wait Function is triggered

2021-11-18 12:13:20 - [MESSAGE][INFO] - Found 1 web elements with id: 'Object Repository/Olusturma/Genel/Buton' located by 'By.xpath: //*[@id = 'btnKaydet']' in '10' second(s)

2021-11-18 12:13:20 - [MESSAGE][PASSED] - Object 'Object Repository/Olusturma/Genel/Buton' is clickable

2021-11-18 12:13:20 - [TEST_STEP][PASSED] - click(findTestObject("Object Repository/Olusturma/Genel/Buton")): Object: 'Object Repository/Olusturma/Genel/Buton' is clicked on

2021-11-18 12:13:20 - [MESSAGE][INFO] - Finding Test Object 'Object Repository/Olusturma/Genel/Buton'

2021-11-18 12:13:20 - [MESSAGE][INFO] - Checking object

2021-11-18 12:13:20 - [MESSAGE][INFO] - Finding web element from Test Object's properties

2021-11-18 12:13:20 - [MESSAGE][INFO] - Checking timeout

2021-11-18 12:13:20 - [MESSAGE][INFO] - Finding web element with id: 'Object Repository/Olusturma/Genel/Buton' located by 'By.xpath: //*[@id = 'btnKaydet']' in '30' second(s)

2021-11-18 12:13:20 - [MESSAGE][INFO] - Smart Wait Function is triggered

2021-11-18 12:13:20 - [MESSAGE][INFO] - Found 1 web elements with id: 'Object Repository/Olusturma/Genel/Buton' located by 'By.xpath: //*[@id = 'btnKaydet']' in '30' second(s)

2021-11-18 12:13:20 - [MESSAGE][INFO] - Clicking on object: 'Object Repository/Olusturma/Genel/Buton'

2021-11-18 12:13:22 - [MESSAGE][PASSED] - Object: 'Object Repository/Olusturma/Genel/Buton' is clicked on

2021-11-18 12:13:22 - [MESSAGE][PASSED] - Call Test Case 'Test Cases/Olusturma/Genel/KaydetButonunaTiklanir' successfully

2021-11-18 12:13:22 - [MESSAGE][INFO] - Checking called Test Case

2021-11-18 12:13:22 - [MESSAGE][INFO] - Starting to call Test Case 'Test Cases/Tablo/TablodaEttnliVeriOlusturulduMu'

2021-11-18 12:13:22 - [TEST_CASE][PASSED] - Test Cases/Tablo/TablodaEttnliVeriOlusturulduMu: Test Cases/Tablo/TablodaEttnliVeriOlusturulduMu

2021-11-18 12:13:22 - [TEST_STEP][PASSED] - Method.TextDegerineEsitElementVarMi(findTestObject("Tablo/OlusturulanVeri"), ettn): Method.TextDegerineEsitElementVarMi is PASSED

2021-11-18 12:13:22 - [MESSAGE][INFO] - Finding Test Object 'Object Repository/Tablo/OlusturulanVeri'

2021-11-18 12:13:22 - [MESSAGE][INFO] - Checking timeout

2021-11-18 12:13:22 - [MESSAGE][INFO] - Finding web element with id: 'Object Repository/Tablo/OlusturulanVeri' located by 'By.cssSelector: table.dxgvTable_LECustomTheme>tbody>tr:nth-child(3)>td.dxgv b,table.dxgvTable_LECustomTheme>tbody>tr:nth-child(3)>td.dxgv' in '10' second(s)

2021-11-18 12:13:22 - [MESSAGE][INFO] - Smart Wait Function is triggered

2021-11-18 12:13:23 - [MESSAGE][INFO] - Found 14 web elements with id: 'Object Repository/Tablo/OlusturulanVeri' located by 'By.cssSelector: table.dxgvTable_LECustomTheme>tbody>tr:nth-child(3)>td.dxgv b,table.dxgvTable_LECustomTheme>tbody>tr:nth-child(3)>td.dxgv' in '10' second(s)

2021-11-18 12:13:23 - [MESSAGE][PASSED] - Method.TextDegerineEsitElementVarMi is PASSED

2021-11-18 12:13:23 - [MESSAGE][PASSED] - Call Test Case 'Test Cases/Tablo/TablodaEttnliVeriOlusturulduMu' successfully

2021-11-18 12:13:23 - [MESSAGE][INFO] - Checking called Test Case

2021-11-18 12:13:23 - [MESSAGE][INFO] - Starting to call Test Case 'Test Cases/Tablo/TablodanEttnliVeriSec'

2021-11-18 12:13:23 - [TEST_CASE][PASSED] - Test Cases/Tablo/TablodanEttnliVeriSec: Test Cases/Tablo/TablodanEttnliVeriSec

2021-11-18 12:13:23 - [TEST_STEP][PASSED] - Method.TextDegerineEsitElementinAltindakineTikla(findTestObject("Tablo/Veriler"), findTestObject("Tablo/VerininCheckBoxi"), ettn): Method.TextDegerineEsitElementinAltindakineTikla is PASSED

2021-11-18 12:13:23 - [MESSAGE][INFO] - Finding Test Object 'Object Repository/Tablo/Veriler'

2021-11-18 12:13:23 - [MESSAGE][INFO] - Finding Test Object 'Object Repository/Tablo/VerininCheckBoxi'

2021-11-18 12:13:23 - [MESSAGE][INFO] - Checking timeout

2021-11-18 12:13:23 - [MESSAGE][INFO] - Finding web element with id: 'Object Repository/Tablo/Veriler' located by 'By.cssSelector: td.dxgv b ,td.dxgv' in '10' second(s)

2021-11-18 12:13:23 - [MESSAGE][INFO] - Smart Wait Function is triggered

2021-11-18 12:13:23 - [MESSAGE][INFO] - Found 70 web elements with id: 'Object Repository/Tablo/Veriler' located by 'By.cssSelector: td.dxgv b ,td.dxgv' in '10' second(s)

2021-11-18 12:13:23 - [MESSAGE][INFO] - Smart Wait Function is triggered

2021-11-18 12:13:24 - [MESSAGE][PASSED] - Method.TextDegerineEsitElementinAltindakineTikla is PASSED

2021-11-18 12:13:24 - [MESSAGE][PASSED] - Call Test Case 'Test Cases/Tablo/TablodanEttnliVeriSec' successfully

2021-11-18 12:13:24 - [MESSAGE][INFO] - Checking called Test Case

2021-11-18 12:13:24 - [MESSAGE][INFO] - Starting to call Test Case 'Test Cases/Butonlar/ButonaTikla'

2021-11-18 12:13:24 - [TEST_CASE][PASSED] - Test Cases/Butonlar/ButonaTikla: Test Cases/Butonlar/ButonaTikla

2021-11-18 12:13:24 - [TEST_STEP][PASSED] - Method.TextDegerineEsitElementeTiklaEquals(findTestObject("Butonlar/Butonlar"), Buton_Adi): Method.TextDegerineEsitElementeTiklaEquals is PASSED

2021-11-18 12:13:24 - [MESSAGE][INFO] - Finding Test Object 'Object Repository/Butonlar/Butonlar'

2021-11-18 12:13:24 - [MESSAGE][INFO] - Checking timeout

2021-11-18 12:13:24 - [MESSAGE][INFO] - Finding web element with id: 'Object Repository/Butonlar/Butonlar' located by 'By.cssSelector: .panel.panel-default.text-center.footerPanel .btn,.btn.btn-primary.btnControls' in '10' second(s)

2021-11-18 12:13:24 - [MESSAGE][INFO] - Smart Wait Function is triggered

2021-11-18 12:13:24 - [MESSAGE][INFO] - Found 9 web elements with id: 'Object Repository/Butonlar/Butonlar' located by 'By.cssSelector: .panel.panel-default.text-center.footerPanel .btn,.btn.btn-primary.btnControls' in '10' second(s)

2021-11-18 12:13:24 - [MESSAGE][PASSED] - Method.TextDegerineEsitElementeTiklaEquals is PASSED

2021-11-18 12:13:24 - [MESSAGE][PASSED] - Call Test Case 'Test Cases/Butonlar/ButonaTikla' successfully

2021-11-18 12:13:24 - [MESSAGE][INFO] - Checking called Test Case

2021-11-18 12:13:24 - [MESSAGE][INFO] - Starting to call Test Case 'Test Cases/Popup/PopupMesajiIceriyorMu'

2021-11-18 12:13:25 - [TEST_CASE][PASSED] - Test Cases/Popup/PopupMesajiIceriyorMu: Test Cases/Popup/PopupMesajiIceriyorMu

2021-11-18 12:13:25 - [TEST_STEP][PASSED] - waitForElementVisible(findTestObject("Popup/Popup"), 10): Object 'Object Repository/Popup/Popup' is visible

2021-11-18 12:13:25 - [MESSAGE][INFO] - Finding Test Object 'Object Repository/Popup/Popup'

2021-11-18 12:13:25 - [MESSAGE][INFO] - Checking object

2021-11-18 12:13:25 - [MESSAGE][INFO] - Checking timeout

2021-11-18 12:13:25 - [MESSAGE][INFO] - Finding web element from Test Object's properties

2021-11-18 12:13:25 - [MESSAGE][INFO] - Checking timeout

2021-11-18 12:13:25 - [MESSAGE][INFO] - Finding web element with id: 'Object Repository/Popup/Popup' located by 'By.cssSelector: .bootbox-body' in '10' second(s)

2021-11-18 12:13:25 - [MESSAGE][INFO] - Smart Wait Function is triggered

2021-11-18 12:13:25 - [MESSAGE][INFO] - Found 1 web elements with id: 'Object Repository/Popup/Popup' located by 'By.cssSelector: .bootbox-body' in '10' second(s)

2021-11-18 12:13:25 - [MESSAGE][PASSED] - Object 'Object Repository/Popup/Popup' is visible

2021-11-18 12:13:25 - [TEST_STEP][PASSED] - if (!(getText(findTestObject("Popup/Popup")).contains(Mesaj))): Text of object 'Object Repository/Popup/Popup' is: 'Oluşturulacak fatura numarası : FGX2021000000504 Fatura numarası oluşturulduktan sonra fatura silinemez. Fatura numarası, tarihi ve ön eki değiştirilemez. Devam etmek istiyor musunuz?'

2021-11-18 12:13:25 - [MESSAGE][INFO] - Finding Test Object 'Object Repository/Popup/Popup'

2021-11-18 12:13:26 - [MESSAGE][INFO] - Checking object

2021-11-18 12:13:26 - [MESSAGE][INFO] - Finding web element from Test Object's properties

2021-11-18 12:13:26 - [MESSAGE][INFO] - Checking timeout

2021-11-18 12:13:26 - [MESSAGE][INFO] - Finding web element with id: 'Object Repository/Popup/Popup' located by 'By.cssSelector: .bootbox-body' in '30' second(s)

2021-11-18 12:13:26 - [MESSAGE][INFO] - Smart Wait Function is triggered

2021-11-18 12:13:26 - [MESSAGE][INFO] - Found 1 web elements with id: 'Object Repository/Popup/Popup' located by 'By.cssSelector: .bootbox-body' in '30' second(s)

2021-11-18 12:13:26 - [MESSAGE][INFO] - Getting text of object 'Object Repository/Popup/Popup'

2021-11-18 12:13:26 - [MESSAGE][PASSED] - Text of object 'Object Repository/Popup/Popup' is: 'Oluşturulacak fatura numarası : FGX2021000000504 Fatura numarası oluşturulduktan sonra fatura silinemez. Fatura numarası, tarihi ve ön eki değiştirilemez. Devam etmek istiyor musunuz?'

2021-11-18 12:13:26 - [TEST_STEP][PASSED] - RaporNo = getText(findTestObject("Popup/Popup")).substring(0, 6): Text of object 'Object Repository/Popup/Popup' is: 'Oluşturulacak fatura numarası : FGX2021000000504 Fatura numarası oluşturulduktan sonra fatura silinemez. Fatura numarası, tarihi ve ön eki değiştirilemez. Devam etmek istiyor musunuz?'

2021-11-18 12:13:26 - [MESSAGE][INFO] - Finding Test Object 'Object Repository/Popup/Popup'

2021-11-18 12:13:26 - [MESSAGE][INFO] - Checking object

2021-11-18 12:13:26 - [MESSAGE][INFO] - Finding web element from Test Object's properties

2021-11-18 12:13:26 - [MESSAGE][INFO] - Checking timeout

2021-11-18 12:13:26 - [MESSAGE][INFO] - Finding web element with id: 'Object Repository/Popup/Popup' located by 'By.cssSelector: .bootbox-body' in '30' second(s)

2021-11-18 12:13:26 - [MESSAGE][INFO] - Smart Wait Function is triggered

2021-11-18 12:13:26 - [MESSAGE][INFO] - Found 1 web elements with id: 'Object Repository/Popup/Popup' located by 'By.cssSelector: .bootbox-body' in '30' second(s)

2021-11-18 12:13:26 - [MESSAGE][INFO] - Getting text of object 'Object Repository/Popup/Popup'

2021-11-18 12:13:26 - [MESSAGE][PASSED] - Text of object 'Object Repository/Popup/Popup' is: 'Oluşturulacak fatura numarası : FGX2021000000504 Fatura numarası oluşturulduktan sonra fatura silinemez. Fatura numarası, tarihi ve ön eki değiştirilemez. Devam etmek istiyor musunuz?'

2021-11-18 12:13:26 - [TEST_STEP][PASSED] - Console.println(RaporNo): null

2021-11-18 12:13:26 - [MESSAGE][PASSED] - Call Test Case 'Test Cases/Popup/PopupMesajiIceriyorMu' successfully

2021-11-18 12:13:26 - [MESSAGE][INFO] - Checking called Test Case

2021-11-18 12:13:26 - [MESSAGE][INFO] - Starting to call Test Case 'Test Cases/Popup/PopupButonSecilir'

2021-11-18 12:13:26 - [TEST_CASE][PASSED] - Test Cases/Popup/PopupButonSecilir: Test Cases/Popup/PopupButonSecilir

2021-11-18 12:13:26 - [TEST_STEP][PASSED] - Method.TextDegerineEsitElementeTikla(findTestObject("Popup/Popup_Butons"), Buton): Method.TextDegerineEsitElementeTikla is PASSED

2021-11-18 12:13:26 - [MESSAGE][INFO] - Finding Test Object 'Object Repository/Popup/Popup_Butons'

2021-11-18 12:13:26 - [MESSAGE][INFO] - Checking timeout

2021-11-18 12:13:26 - [MESSAGE][INFO] - Finding web element with id: 'Object Repository/Popup/Popup_Butons' located by 'By.cssSelector: .modal-footer>button' in '10' second(s)

2021-11-18 12:13:26 - [MESSAGE][INFO] - Smart Wait Function is triggered

2021-11-18 12:13:27 - [MESSAGE][INFO] - Found 2 web elements with id: 'Object Repository/Popup/Popup_Butons' located by 'By.cssSelector: .modal-footer>button' in '10' second(s)

2021-11-18 12:13:27 - [MESSAGE][PASSED] - Method.TextDegerineEsitElementeTikla is PASSED

2021-11-18 12:13:27 - [MESSAGE][PASSED] - Call Test Case 'Test Cases/Popup/PopupButonSecilir' successfully

2021-11-18 12:13:27 - [MESSAGE][INFO] - Checking called Test Case

2021-11-18 12:13:27 - [MESSAGE][INFO] - Starting to call Test Case 'Test Cases/Popup/PopupMesajiIceriyorMu'

2021-11-18 12:13:27 - [TEST_CASE][PASSED] - Test Cases/Popup/PopupMesajiIceriyorMu: Test Cases/Popup/PopupMesajiIceriyorMu

2021-11-18 12:13:27 - [TEST_STEP][PASSED] - waitForElementVisible(findTestObject("Popup/Popup"), 10): Object 'Object Repository/Popup/Popup' is visible

2021-11-18 12:13:27 - [MESSAGE][INFO] - Finding Test Object 'Object Repository/Popup/Popup'

2021-11-18 12:13:27 - [MESSAGE][INFO] - Checking object

2021-11-18 12:13:27 - [MESSAGE][INFO] - Checking timeout

2021-11-18 12:13:27 - [MESSAGE][INFO] - Finding web element from Test Object's properties

2021-11-18 12:13:27 - [MESSAGE][INFO] - Checking timeout

2021-11-18 12:13:27 - [MESSAGE][INFO] - Finding web element with id: 'Object Repository/Popup/Popup' located by 'By.cssSelector: .bootbox-body' in '10' second(s)

2021-11-18 12:13:27 - [MESSAGE][INFO] - Smart Wait Function is triggered

2021-11-18 12:13:28 - [MESSAGE][INFO] - Found 1 web elements with id: 'Object Repository/Popup/Popup' located by 'By.cssSelector: .bootbox-body' in '10' second(s)

2021-11-18 12:13:28 - [MESSAGE][PASSED] - Object 'Object Repository/Popup/Popup' is visible

2021-11-18 12:13:28 - [TEST_STEP][PASSED] - if (!(getText(findTestObject("Popup/Popup")).contains(Mesaj))): Text of object 'Object Repository/Popup/Popup' is: 'Fatura numaranız FGX2021000000504 olarak oluşmuştur.'

2021-11-18 12:13:28 - [MESSAGE][INFO] - Finding Test Object 'Object Repository/Popup/Popup'

2021-11-18 12:13:28 - [MESSAGE][INFO] - Checking object

2021-11-18 12:13:28 - [MESSAGE][INFO] - Finding web element from Test Object's properties

2021-11-18 12:13:28 - [MESSAGE][INFO] - Checking timeout

2021-11-18 12:13:28 - [MESSAGE][INFO] - Finding web element with id: 'Object Repository/Popup/Popup' located by 'By.cssSelector: .bootbox-body' in '30' second(s)

2021-11-18 12:13:28 - [MESSAGE][INFO] - Smart Wait Function is triggered

2021-11-18 12:13:28 - [MESSAGE][INFO] - Found 1 web elements with id: 'Object Repository/Popup/Popup' located by 'By.cssSelector: .bootbox-body' in '30' second(s)

2021-11-18 12:13:28 - [MESSAGE][INFO] - Getting text of object 'Object Repository/Popup/Popup'

2021-11-18 12:13:28 - [MESSAGE][PASSED] - Text of object 'Object Repository/Popup/Popup' is: 'Fatura numaranız FGX2021000000504 olarak oluşmuştur.'

2021-11-18 12:13:28 - [TEST_STEP][PASSED] - RaporNo = getText(findTestObject("Popup/Popup")).substring(0, 6): Text of object 'Object Repository/Popup/Popup' is: 'Fatura numaranız FGX2021000000504 olarak oluşmuştur.'

2021-11-18 12:13:28 - [MESSAGE][INFO] - Finding Test Object 'Object Repository/Popup/Popup'

2021-11-18 12:13:28 - [MESSAGE][INFO] - Checking object

2021-11-18 12:13:28 - [MESSAGE][INFO] - Finding web element from Test Object's properties

2021-11-18 12:13:28 - [MESSAGE][INFO] - Checking timeout

2021-11-18 12:13:28 - [MESSAGE][INFO] - Finding web element with id: 'Object Repository/Popup/Popup' located by 'By.cssSelector: .bootbox-body' in '30' second(s)

2021-11-18 12:13:28 - [MESSAGE][INFO] - Smart Wait Function is triggered

2021-11-18 12:13:28 - [MESSAGE][INFO] - Found 1 web elements with id: 'Object Repository/Popup/Popup' located by 'By.cssSelector: .bootbox-body' in '30' second(s)

2021-11-18 12:13:28 - [MESSAGE][INFO] - Getting text of object 'Object Repository/Popup/Popup'

2021-11-18 12:13:28 - [MESSAGE][PASSED] - Text of object 'Object Repository/Popup/Popup' is: 'Fatura numaranız FGX2021000000504 olarak oluşmuştur.'

2021-11-18 12:13:28 - [TEST_STEP][PASSED] - Console.println(RaporNo): null

2021-11-18 12:13:28 - [MESSAGE][PASSED] - Call Test Case 'Test Cases/Popup/PopupMesajiIceriyorMu' successfully

2021-11-18 12:13:28 - [MESSAGE][INFO] - Checking called Test Case

2021-11-18 12:13:28 - [MESSAGE][INFO] - Starting to call Test Case 'Test Cases/Popup/PopupButonSecilir'

2021-11-18 12:13:28 - [TEST_CASE][PASSED] - Test Cases/Popup/PopupButonSecilir: Test Cases/Popup/PopupButonSecilir

2021-11-18 12:13:28 - [TEST_STEP][PASSED] - Method.TextDegerineEsitElementeTikla(findTestObject("Popup/Popup_Butons"), Buton): Method.TextDegerineEsitElementeTikla is PASSED

2021-11-18 12:13:28 - [MESSAGE][INFO] - Finding Test Object 'Object Repository/Popup/Popup_Butons'

2021-11-18 12:13:29 - [MESSAGE][INFO] - Checking timeout

2021-11-18 12:13:29 - [MESSAGE][INFO] - Finding web element with id: 'Object Repository/Popup/Popup_Butons' located by 'By.cssSelector: .modal-footer>button' in '10' second(s)

2021-11-18 12:13:29 - [MESSAGE][INFO] - Smart Wait Function is triggered

2021-11-18 12:13:29 - [MESSAGE][INFO] - Found 1 web elements with id: 'Object Repository/Popup/Popup_Butons' located by 'By.cssSelector: .modal-footer>button' in '10' second(s)

2021-11-18 12:13:29 - [MESSAGE][PASSED] - Method.TextDegerineEsitElementeTikla is PASSED

2021-11-18 12:13:29 - [MESSAGE][PASSED] - Call Test Case 'Test Cases/Popup/PopupButonSecilir' successfully

2021-11-18 12:13:29 - [MESSAGE][INFO] - Checking called Test Case

2021-11-18 12:13:29 - [MESSAGE][INFO] - Starting to call Test Case 'Test Cases/Tablo/TablodanEttnliVeriSec'

2021-11-18 12:13:29 - [TEST_CASE][PASSED] - Test Cases/Tablo/TablodanEttnliVeriSec: Test Cases/Tablo/TablodanEttnliVeriSec

2021-11-18 12:13:29 - [TEST_STEP][PASSED] - Method.TextDegerineEsitElementinAltindakineTikla(findTestObject("Tablo/Veriler"), findTestObject("Tablo/VerininCheckBoxi"), ettn): Method.TextDegerineEsitElementinAltindakineTikla is PASSED

2021-11-18 12:13:29 - [MESSAGE][INFO] - Finding Test Object 'Object Repository/Tablo/Veriler'

2021-11-18 12:13:29 - [MESSAGE][INFO] - Finding Test Object 'Object Repository/Tablo/VerininCheckBoxi'

2021-11-18 12:13:29 - [MESSAGE][INFO] - Checking timeout

2021-11-18 12:13:29 - [MESSAGE][INFO] - Finding web element with id: 'Object Repository/Tablo/Veriler' located by 'By.cssSelector: td.dxgv b ,td.dxgv' in '10' second(s)

2021-11-18 12:13:29 - [MESSAGE][INFO] - Smart Wait Function is triggered

2021-11-18 12:13:30 - [MESSAGE][INFO] - Found 70 web elements with id: 'Object Repository/Tablo/Veriler' located by 'By.cssSelector: td.dxgv b ,td.dxgv' in '10' second(s)

2021-11-18 12:13:30 - [MESSAGE][INFO] - Smart Wait Function is triggered

2021-11-18 12:13:30 - [MESSAGE][PASSED] - Method.TextDegerineEsitElementinAltindakineTikla is PASSED

2021-11-18 12:13:30 - [MESSAGE][PASSED] - Call Test Case 'Test Cases/Tablo/TablodanEttnliVeriSec' successfully

2021-11-18 12:13:30 - [MESSAGE][INFO] - Checking called Test Case

2021-11-18 12:13:30 - [MESSAGE][INFO] - Starting to call Test Case 'Test Cases/Butonlar/ButonaTikla'

2021-11-18 12:13:30 - [TEST_CASE][PASSED] - Test Cases/Butonlar/ButonaTikla: Test Cases/Butonlar/ButonaTikla

2021-11-18 12:13:30 - [TEST_STEP][PASSED] - Method.TextDegerineEsitElementeTiklaEquals(findTestObject("Butonlar/Butonlar"), Buton_Adi): Method.TextDegerineEsitElementeTiklaEquals is PASSED

2021-11-18 12:13:30 - [MESSAGE][INFO] - Finding Test Object 'Object Repository/Butonlar/Butonlar'

2021-11-18 12:13:30 - [MESSAGE][INFO] - Checking timeout

2021-11-18 12:13:30 - [MESSAGE][INFO] - Finding web element with id: 'Object Repository/Butonlar/Butonlar' located by 'By.cssSelector: .panel.panel-default.text-center.footerPanel .btn,.btn.btn-primary.btnControls' in '10' second(s)

2021-11-18 12:13:30 - [MESSAGE][INFO] - Smart Wait Function is triggered

2021-11-18 12:13:31 - [MESSAGE][INFO] - Found 9 web elements with id: 'Object Repository/Butonlar/Butonlar' located by 'By.cssSelector: .panel.panel-default.text-center.footerPanel .btn,.btn.btn-primary.btnControls' in '10' second(s)

2021-11-18 12:13:31 - [MESSAGE][PASSED] - Method.TextDegerineEsitElementeTiklaEquals is PASSED

2021-11-18 12:13:31 - [MESSAGE][PASSED] - Call Test Case 'Test Cases/Butonlar/ButonaTikla' successfully

2021-11-18 12:13:31 - [MESSAGE][INFO] - Checking called Test Case

2021-11-18 12:13:31 - [MESSAGE][INFO] - Starting to call Test Case 'Test Cases/Popup/PopupMesajiIceriyorMu'

2021-11-18 12:13:31 - [TEST_CASE][PASSED] - Test Cases/Popup/PopupMesajiIceriyorMu: Test Cases/Popup/PopupMesajiIceriyorMu

2021-11-18 12:13:31 - [TEST_STEP][PASSED] - waitForElementVisible(findTestObject("Popup/Popup"), 10): Object 'Object Repository/Popup/Popup' is visible

2021-11-18 12:13:31 - [MESSAGE][INFO] - Finding Test Object 'Object Repository/Popup/Popup'

2021-11-18 12:13:31 - [MESSAGE][INFO] - Checking object

2021-11-18 12:13:31 - [MESSAGE][INFO] - Checking timeout

2021-11-18 12:13:31 - [MESSAGE][INFO] - Finding web element from Test Object's properties

2021-11-18 12:13:31 - [MESSAGE][INFO] - Checking timeout

2021-11-18 12:13:31 - [MESSAGE][INFO] - Finding web element with id: 'Object Repository/Popup/Popup' located by 'By.cssSelector: .bootbox-body' in '10' second(s)

2021-11-18 12:13:31 - [MESSAGE][INFO] - Smart Wait Function is triggered

2021-11-18 12:13:32 - [MESSAGE][INFO] - Found 1 web elements with id: 'Object Repository/Popup/Popup' located by 'By.cssSelector: .bootbox-body' in '10' second(s)

2021-11-18 12:13:32 - [MESSAGE][PASSED] - Object 'Object Repository/Popup/Popup' is visible

2021-11-18 12:13:32 - [TEST_STEP][PASSED] - if (!(getText(findTestObject("Popup/Popup")).contains(Mesaj))): Text of object 'Object Repository/Popup/Popup' is: 'Seçilen faturalarınız onaylanacaktır. Onaylanan faturalar üzerinde değişiklik yapılamaz. Devam etmek istiyor musunuz?'

2021-11-18 12:13:32 - [MESSAGE][INFO] - Finding Test Object 'Object Repository/Popup/Popup'

2021-11-18 12:13:32 - [MESSAGE][INFO] - Checking object

2021-11-18 12:13:32 - [MESSAGE][INFO] - Finding web element from Test Object's properties

2021-11-18 12:13:32 - [MESSAGE][INFO] - Checking timeout

2021-11-18 12:13:32 - [MESSAGE][INFO] - Finding web element with id: 'Object Repository/Popup/Popup' located by 'By.cssSelector: .bootbox-body' in '30' second(s)

2021-11-18 12:13:32 - [MESSAGE][INFO] - Smart Wait Function is triggered

2021-11-18 12:13:32 - [MESSAGE][INFO] - Found 1 web elements with id: 'Object Repository/Popup/Popup' located by 'By.cssSelector: .bootbox-body' in '30' second(s)

2021-11-18 12:13:32 - [MESSAGE][INFO] - Getting text of object 'Object Repository/Popup/Popup'

2021-11-18 12:13:32 - [MESSAGE][PASSED] - Text of object 'Object Repository/Popup/Popup' is: 'Seçilen faturalarınız onaylanacaktır. Onaylanan faturalar üzerinde değişiklik yapılamaz. Devam etmek istiyor musunuz?'

2021-11-18 12:13:32 - [TEST_STEP][PASSED] - RaporNo = getText(findTestObject("Popup/Popup")).substring(0, 6): Text of object 'Object Repository/Popup/Popup' is: 'Seçilen faturalarınız onaylanacaktır. Onaylanan faturalar üzerinde değişiklik yapılamaz. Devam etmek istiyor musunuz?'

2021-11-18 12:13:32 - [MESSAGE][INFO] - Finding Test Object 'Object Repository/Popup/Popup'

2021-11-18 12:13:32 - [MESSAGE][INFO] - Checking object

2021-11-18 12:13:32 - [MESSAGE][INFO] - Finding web element from Test Object's properties

2021-11-18 12:13:32 - [MESSAGE][INFO] - Checking timeout

2021-11-18 12:13:32 - [MESSAGE][INFO] - Finding web element with id: 'Object Repository/Popup/Popup' located by 'By.cssSelector: .bootbox-body' in '30' second(s)

2021-11-18 12:13:32 - [MESSAGE][INFO] - Smart Wait Function is triggered

2021-11-18 12:13:32 - [MESSAGE][INFO] - Found 1 web elements with id: 'Object Repository/Popup/Popup' located by 'By.cssSelector: .bootbox-body' in '30' second(s)

2021-11-18 12:13:32 - [MESSAGE][INFO] - Getting text of object 'Object Repository/Popup/Popup'

2021-11-18 12:13:32 - [MESSAGE][PASSED] - Text of object 'Object Repository/Popup/Popup' is: 'Seçilen faturalarınız onaylanacaktır. Onaylanan faturalar üzerinde değişiklik yapılamaz. Devam etmek istiyor musunuz?'

2021-11-18 12:13:32 - [TEST_STEP][PASSED] - Console.println(RaporNo): null

2021-11-18 12:13:32 - [MESSAGE][PASSED] - Call Test Case 'Test Cases/Popup/PopupMesajiIceriyorMu' successfully

2021-11-18 12:13:32 - [MESSAGE][INFO] - Checking called Test Case

2021-11-18 12:13:32 - [MESSAGE][INFO] - Starting to call Test Case 'Test Cases/Popup/PopupButonSecilir'

2021-11-18 12:13:32 - [TEST_CASE][PASSED] - Test Cases/Popup/PopupButonSecilir: Test Cases/Popup/PopupButonSecilir

2021-11-18 12:13:32 - [TEST_STEP][PASSED] - Method.TextDegerineEsitElementeTikla(findTestObject("Popup/Popup_Butons"), Buton): Method.TextDegerineEsitElementeTikla is PASSED

2021-11-18 12:13:32 - [MESSAGE][INFO] - Finding Test Object 'Object Repository/Popup/Popup_Butons'

2021-11-18 12:13:32 - [MESSAGE][INFO] - Checking timeout

2021-11-18 12:13:32 - [MESSAGE][INFO] - Finding web element with id: 'Object Repository/Popup/Popup_Butons' located by 'By.cssSelector: .modal-footer>button' in '10' second(s)

2021-11-18 12:13:32 - [MESSAGE][INFO] - Smart Wait Function is triggered

2021-11-18 12:13:33 - [MESSAGE][INFO] - Found 2 web elements with id: 'Object Repository/Popup/Popup_Butons' located by 'By.cssSelector: .modal-footer>button' in '10' second(s)

2021-11-18 12:13:33 - [MESSAGE][PASSED] - Method.TextDegerineEsitElementeTikla is PASSED

2021-11-18 12:13:33 - [MESSAGE][PASSED] - Call Test Case 'Test Cases/Popup/PopupButonSecilir' successfully

2021-11-18 12:13:33 - [MESSAGE][INFO] - Checking called Test Case

2021-11-18 12:13:33 - [MESSAGE][INFO] - Starting to call Test Case 'Test Cases/Menu/AnaMenuSecimi'

2021-11-18 12:13:33 - [TEST_CASE][PASSED] - Test Cases/Menu/AnaMenuSecimi: Test Cases/Menu/AnaMenuSecimi

2021-11-18 12:13:33 - [TEST_STEP][PASSED] - Method.TextDegerineEsitElementeTikla(findTestObject("Menu/Ana_Menu"), Ana_Menu): Method.TextDegerineEsitElementeTikla is PASSED

2021-11-18 12:13:33 - [MESSAGE][INFO] - Finding Test Object 'Object Repository/Menu/Ana_Menu'

2021-11-18 12:13:33 - [MESSAGE][INFO] - Checking timeout

2021-11-18 12:13:33 - [MESSAGE][INFO] - Finding web element with id: 'Object Repository/Menu/Ana_Menu' located by 'By.xpath: //*[@class = 'dropdown-toggle']' in '10' second(s)

2021-11-18 12:13:33 - [MESSAGE][INFO] - Smart Wait Function is triggered

2021-11-18 12:13:34 - [MESSAGE][INFO] - Found 13 web elements with id: 'Object Repository/Menu/Ana_Menu' located by 'By.xpath: //*[@class = 'dropdown-toggle']' in '10' second(s)

2021-11-18 12:13:34 - [MESSAGE][PASSED] - Method.TextDegerineEsitElementeTikla is PASSED

2021-11-18 12:13:34 - [MESSAGE][PASSED] - Call Test Case 'Test Cases/Menu/AnaMenuSecimi' successfully

2021-11-18 12:13:34 - [MESSAGE][INFO] - Checking called Test Case

2021-11-18 12:13:34 - [MESSAGE][INFO] - Starting to call Test Case 'Test Cases/Menu/BasligaGoreAltMenuSecimi'

2021-11-18 12:13:34 - [TEST_CASE][PASSED] - Test Cases/Menu/BasligaGoreAltMenuSecimi: Test Cases/Menu/BasligaGoreAltMenuSecimi

2021-11-18 12:13:34 - [TEST_STEP][PASSED] - Method.TextDegerineEsitElementinAltindakiTextDegerineEsitOlanaTikla(findTestObject("Menu/Menu_Basligi"), findTestObject("Menu/Basliga_Gore_Alt_Menu"), Baslik, Alt_Menu): Method.TextDegerineEsitElementinAltindakiTextDegerineEsitOlanaTikla is PASSED

2021-11-18 12:13:34 - [MESSAGE][INFO] - Finding Test Object 'Object Repository/Menu/Menu_Basligi'

2021-11-18 12:13:34 - [MESSAGE][INFO] - Finding Test Object 'Object Repository/Menu/Basliga_Gore_Alt_Menu'

2021-11-18 12:13:34 - [MESSAGE][INFO] - Checking timeout

2021-11-18 12:13:34 - [MESSAGE][INFO] - Finding web element with id: 'Object Repository/Menu/Menu_Basligi' located by 'By.xpath: //li[@class='dropdown dropdown-large open']//li[@class='dropdown-header']' in '10' second(s)

2021-11-18 12:13:34 - [MESSAGE][INFO] - Smart Wait Function is triggered

2021-11-18 12:13:34 - [MESSAGE][INFO] - Found 2 web elements with id: 'Object Repository/Menu/Menu_Basligi' located by 'By.xpath: //li[@class='dropdown dropdown-large open']//li[@class='dropdown-header']' in '10' second(s)

2021-11-18 12:13:34 - [MESSAGE][INFO] - Smart Wait Function is triggered

2021-11-18 12:13:35 - [MESSAGE][PASSED] - Method.TextDegerineEsitElementinAltindakiTextDegerineEsitOlanaTikla is PASSED

2021-11-18 12:13:35 - [MESSAGE][PASSED] - Call Test Case 'Test Cases/Menu/BasligaGoreAltMenuSecimi' successfully

2021-11-18 12:13:35 - [MESSAGE][INFO] - Checking called Test Case

2021-11-18 12:13:35 - [MESSAGE][INFO] - Starting to call Test Case 'Test Cases/Filtreler/EttnYaz'

2021-11-18 12:13:35 - [TEST_CASE][PASSED] - Test Cases/Filtreler/EttnYaz: Test Cases/Filtreler/EttnYaz

2021-11-18 12:13:35 - [TEST_STEP][PASSED] - Method.TextDegerineEsitElementinAltindakiTextboxtaYaz(findTestObject("Filtreler/Basliklar"), findTestObject("Filtreler/Basliga_Gore_Textbox"), "ETTN", ettn): Method.TextDegerineEsitElementinAltindakiTextboxtaYaz is PASSED

2021-11-18 12:13:35 - [MESSAGE][INFO] - Finding Test Object 'Object Repository/Filtreler/Basliklar'

2021-11-18 12:13:36 - [MESSAGE][INFO] - Finding Test Object 'Object Repository/Filtreler/Basliga_Gore_Textbox'

2021-11-18 12:13:36 - [MESSAGE][INFO] - Checking timeout

2021-11-18 12:13:36 - [MESSAGE][INFO] - Finding web element with id: 'Object Repository/Filtreler/Basliklar' located by 'By.cssSelector: .control-label.col-sm-4.paddingMarginRLC' in '10' second(s)

2021-11-18 12:13:36 - [MESSAGE][INFO] - Smart Wait Function is triggered

2021-11-18 12:13:36 - [MESSAGE][INFO] - Found 19 web elements with id: 'Object Repository/Filtreler/Basliklar' located by 'By.cssSelector: .control-label.col-sm-4.paddingMarginRLC' in '10' second(s)

2021-11-18 12:13:36 - [MESSAGE][INFO] - Smart Wait Function is triggered

2021-11-18 12:13:36 - [MESSAGE][PASSED] - Method.TextDegerineEsitElementinAltindakiTextboxtaYaz is PASSED

2021-11-18 12:13:36 - [MESSAGE][PASSED] - Call Test Case 'Test Cases/Filtreler/EttnYaz' successfully

2021-11-18 12:13:36 - [MESSAGE][INFO] - Checking called Test Case

2021-11-18 12:13:36 - [MESSAGE][INFO] - Starting to call Test Case 'Test Cases/Filtreler/ButonaTikla'

2021-11-18 12:13:36 - [TEST_CASE][PASSED] - Test Cases/Filtreler/ButonaTikla: Test Cases/Filtreler/ButonaTikla

2021-11-18 12:13:36 - [TEST_STEP][PASSED] - Method.TextDegerineEsitElementeTikla(findTestObject("Filtreler/Butonlar"), Filtre_Buton): Method.TextDegerineEsitElementeTikla is PASSED

2021-11-18 12:13:36 - [MESSAGE][INFO] - Finding Test Object 'Object Repository/Filtreler/Butonlar'

2021-11-18 12:13:36 - [MESSAGE][INFO] - Checking timeout

2021-11-18 12:13:36 - [MESSAGE][INFO] - Finding web element with id: 'Object Repository/Filtreler/Butonlar' located by 'By.cssSelector: .dxb>span' in '10' second(s)

2021-11-18 12:13:36 - [MESSAGE][INFO] - Smart Wait Function is triggered

2021-11-18 12:13:37 - [MESSAGE][INFO] - Found 3 web elements with id: 'Object Repository/Filtreler/Butonlar' located by 'By.cssSelector: .dxb>span' in '10' second(s)

2021-11-18 12:13:37 - [MESSAGE][PASSED] - Method.TextDegerineEsitElementeTikla is PASSED

2021-11-18 12:13:37 - [MESSAGE][PASSED] - Call Test Case 'Test Cases/Filtreler/ButonaTikla' successfully

2021-11-18 12:13:37 - [MESSAGE][INFO] - Checking called Test Case

2021-11-18 12:13:37 - [MESSAGE][INFO] - Starting to call Test Case 'Test Cases/Tablo/TablodaVeriVarMi'

2021-11-18 12:13:37 - [TEST_CASE][PASSED] - Test Cases/Tablo/TablodaVeriVarMi: Test Cases/Tablo/TablodaVeriVarMi

2021-11-18 12:13:37 - [TEST_STEP][PASSED] - verifyTextNotPresent("Görüntülenecek veri yok", true): Text 'Görüntülenecek veri yok' is not present on page using regular expression

2021-11-18 12:13:37 - [MESSAGE][INFO] - Checking text present  using regular expression

2021-11-18 12:13:37 - [MESSAGE][INFO] - Smart Wait Function is triggered

2021-11-18 12:13:38 - [MESSAGE][INFO] - Finding text 'Görüntülenecek veri yok' on page  using regular expression

2021-11-18 12:13:38 - [MESSAGE][PASSED] - Text 'Görüntülenecek veri yok' is not present on page using regular expression

2021-11-18 12:13:38 - [MESSAGE][PASSED] - Call Test Case 'Test Cases/Tablo/TablodaVeriVarMi' successfully

2021-11-18 12:13:38 - [MESSAGE][INFO] - Checking called Test Case

2021-11-18 12:13:38 - [MESSAGE][INFO] - Starting to call Test Case 'Test Cases/Tablo/TablodaVeriBasariliMiArsiv'

2021-11-18 12:13:38 - [TEST_CASE][PASSED] - Test Cases/Tablo/TablodaVeriBasariliMiArsiv: Test Cases/Tablo/TablodaVeriBasariliMiArsiv

2021-11-18 12:13:38 - [TEST_STEP][PASSED] - sayac = 80: null

2021-11-18 12:13:38 - [TEST_STEP][PASSED] - while (verifyElementText(findTestObject("Object Repository/Tablo/DurumBilgisiArsiv"), "Henüz Sonuçlanmadı", OPTIONAL)): Actual text 'Başarılı' and expected text 'Henüz Sonuçlanmadı' of test object 'Object Repository/Tablo/DurumBilgisiArsiv' are NOT matched. (Root cause: com.kms.katalon.core.exception.StepFailedException: Actual text 'Başarılı' and expected text 'Henüz Sonuçlanmadı' of test object 'Object Repository/Tablo/DurumBilgisiArsiv' are NOT matched.
	at com.kms.katalon.core.webui.keyword.internal.WebUIKeywordMain.stepFailed(WebUIKeywordMain.groovy:64)
	at com.kms.katalon.core.webui.keyword.builtin.VerifyElementTextKeyword$_verifyElementText_closure1.doCall(VerifyElementTextKeyword.groovy:57)
	at com.kms.katalon.core.webui.keyword.builtin.VerifyElementTextKeyword$_verifyElementText_closure1.call(VerifyElementTextKeyword.groovy)
	at com.kms.katalon.core.webui.keyword.internal.WebUIKeywordMain.runKeyword(WebUIKeywordMain.groovy:20)
	at com.kms.katalon.core.webui.keyword.builtin.VerifyElementTextKeyword.verifyElementText(VerifyElementTextKeyword.groovy:72)
	at com.kms.katalon.core.webui.keyword.builtin.VerifyElementTextKeyword.execute(VerifyElementTextKeyword.groovy:40)
	at com.kms.katalon.core.keyword.internal.KeywordExecutor.executeKeywordForPlatform(KeywordExecutor.groovy:73)
	at com.kms.katalon.core.webui.keyword.WebUiBuiltInKeywords.verifyElementText(WebUiBuiltInKeywords.groovy:4733)
	at com.kms.katalon.core.webui.keyword.WebUiBuiltInKeywords$verifyElementText$20.call(Unknown Source)
	at TablodaVeriBasariliMiArsiv.run(TablodaVeriBasariliMiArsiv:22)
	at com.kms.katalon.core.main.ScriptEngine.run(ScriptEngine.java:194)
	at com.kms.katalon.core.main.ScriptEngine.runScriptAsRawText(ScriptEngine.java:119)
	at com.kms.katalon.core.main.TestCaseExecutor.runScript(TestCaseExecutor.java:369)
	at com.kms.katalon.core.main.TestCaseExecutor.doExecute(TestCaseExecutor.java:360)
	at com.kms.katalon.core.main.TestCaseExecutor.processExecutionPhase(TestCaseExecutor.java:339)
	at com.kms.katalon.core.main.TestCaseExecutor.accessMainPhase(TestCaseExecutor.java:331)
	at com.kms.katalon.core.main.TestCaseExecutor.execute(TestCaseExecutor.java:248)
	at com.kms.katalon.core.main.TestCaseMain.runTestCase(TestCaseMain.java:138)
	at com.kms.katalon.core.keyword.builtin.CallTestCaseKeyword$_callTestCase_closure1.doCall(CallTestCaseKeyword.groovy:59)
	at com.kms.katalon.core.keyword.builtin.CallTestCaseKeyword$_callTestCase_closure1.call(CallTestCaseKeyword.groovy)
	at com.kms.katalon.core.keyword.internal.KeywordMain.runKeyword(KeywordMain.groovy:68)
	at com.kms.katalon.core.keyword.builtin.CallTestCaseKeyword.callTestCase(CallTestCaseKeyword.groovy:81)
	at com.kms.katalon.core.keyword.builtin.CallTestCaseKeyword.execute(CallTestCaseKeyword.groovy:44)
	at com.kms.katalon.core.keyword.internal.KeywordExecutor.executeKeywordForPlatform(KeywordExecutor.groovy:73)
	at com.kms.katalon.core.keyword.BuiltinKeywords.callTestCase(BuiltinKeywords.groovy:334)
	at tablo.tablo.tablodaVeriBasariliMiArsiv(tablo.groovy:95)
	at cucumber.runtime.Utils$1.call(Utils.java:26)
	at cucumber.runtime.Timeout.timeout(Timeout.java:16)
	at cucumber.runtime.Utils.invoke(Utils.java:20)
	at cucumber.runtime.java.JavaStepDefinition.execute(JavaStepDefinition.java:49)
	at cucumber.runner.PickleStepDefinitionMatch.runStep(PickleStepDefinitionMatch.java:50)
	at cucumber.runner.TestStep.executeStep(TestStep.java:63)
	at cucumber.runner.TestStep.run(TestStep.java:49)
	at cucumber.runner.PickleStepTestStep.run(PickleStepTestStep.java:43)
	at cucumber.runner.TestCase.run(TestCase.java:44)
	at cucumber.runner.Runner.runPickle(Runner.java:40)
	at cucumber.runtime.Runtime$1.run(Runtime.java:84)
	at cucumber.runtime.Runtime$SameThreadExecutorService.execute(Runtime.java:220)
	at cucumber.runtime.Runtime.run(Runtime.java:81)
	at cucumber.api.cli.Main.run(Main.java:26)
	at cucumber.api.cli.Main$run.call(Unknown Source)
	at com.kms.katalon.core.cucumber.keyword.CucumberBuiltinKeywords$_runFeatureFile_closure1.doCall(CucumberBuiltinKeywords.groovy:106)
	at com.kms.katalon.core.cucumber.keyword.CucumberBuiltinKeywords$_runFeatureFile_closure1.doCall(CucumberBuiltinKeywords.groovy)
	at com.kms.katalon.core.keyword.internal.KeywordMain.runKeyword(KeywordMain.groovy:68)
	at com.kms.katalon.core.keyword.internal.KeywordMain$runKeyword.call(Unknown Source)
	at com.kms.katalon.core.cucumber.keyword.CucumberBuiltinKeywords.runFeatureFile(CucumberBuiltinKeywords.groovy:73)
	at com.kms.katalon.core.cucumber.keyword.CucumberBuiltinKeywords$runFeatureFile$0.callStatic(Unknown Source)
	at com.kms.katalon.core.cucumber.keyword.CucumberBuiltinKeywords.runFeatureFile(CucumberBuiltinKeywords.groovy:246)
	at com.kms.katalon.core.cucumber.keyword.CucumberBuiltinKeywords$runFeatureFile.call(Unknown Source)
	at VKN-Kagit-Hal Komisyoncu.run(VKN-Kagit-Hal Komisyoncu:19)
	at com.kms.katalon.core.main.ScriptEngine.run(ScriptEngine.java:194)
	at com.kms.katalon.core.main.ScriptEngine.runScriptAsRawText(ScriptEngine.java:119)
	at com.kms.katalon.core.main.TestCaseExecutor.runScript(TestCaseExecutor.java:369)
	at com.kms.katalon.core.main.TestCaseExecutor.doExecute(TestCaseExecutor.java:360)
	at com.kms.katalon.core.main.TestCaseExecutor.processExecutionPhase(TestCaseExecutor.java:339)
	at com.kms.katalon.core.main.TestCaseExecutor.accessMainPhase(TestCaseExecutor.java:331)
	at com.kms.katalon.core.main.TestCaseExecutor.execute(TestCaseExecutor.java:248)
	at com.kms.katalon.core.main.TestSuiteExecutor.accessTestCaseMainPhase(TestSuiteExecutor.java:191)
	at com.kms.katalon.core.main.TestSuiteExecutor.accessTestSuiteMainPhase(TestSuiteExecutor.java:140)
	at com.kms.katalon.core.main.TestSuiteExecutor.execute(TestSuiteExecutor.java:89)
	at com.kms.katalon.core.main.TestCaseMain.startTestSuite(TestCaseMain.java:181)
	at com.kms.katalon.core.main.TestCaseMain$startTestSuite$0.call(Unknown Source)
	at TempTestSuite1637225344330.run(TempTestSuite1637225344330.groovy:39)
)

2021-11-18 12:13:38 - [MESSAGE][INFO] - Finding Test Object 'Object Repository/Tablo/DurumBilgisiArsiv'

2021-11-18 12:13:38 - [MESSAGE][INFO] - Checking object

2021-11-18 12:13:38 - [MESSAGE][INFO] - Finding web element from Test Object's properties

2021-11-18 12:13:38 - [MESSAGE][INFO] - Checking timeout

2021-11-18 12:13:38 - [MESSAGE][INFO] - Finding web element with id: 'Object Repository/Tablo/DurumBilgisiArsiv' located by 'By.xpath: //*[@id = 'GridViewEArchiveInvoices_tccell0_9']' in '30' second(s)

2021-11-18 12:13:38 - [MESSAGE][INFO] - Smart Wait Function is triggered

2021-11-18 12:13:38 - [MESSAGE][INFO] - Found 1 web elements with id: 'Object Repository/Tablo/DurumBilgisiArsiv' located by 'By.xpath: //*[@id = 'GridViewEArchiveInvoices_tccell0_9']' in '30' second(s)

2021-11-18 12:13:38 - [MESSAGE][WARNING] - Actual text 'Başarılı' and expected text 'Henüz Sonuçlanmadı' of test object 'Object Repository/Tablo/DurumBilgisiArsiv' are NOT matched. (Root cause: com.kms.katalon.core.exception.StepFailedException: Actual text 'Başarılı' and expected text 'Henüz Sonuçlanmadı' of test object 'Object Repository/Tablo/DurumBilgisiArsiv' are NOT matched.
	at com.kms.katalon.core.webui.keyword.internal.WebUIKeywordMain.stepFailed(WebUIKeywordMain.groovy:64)
	at com.kms.katalon.core.webui.keyword.builtin.VerifyElementTextKeyword$_verifyElementText_closure1.doCall(VerifyElementTextKeyword.groovy:57)
	at com.kms.katalon.core.webui.keyword.builtin.VerifyElementTextKeyword$_verifyElementText_closure1.call(VerifyElementTextKeyword.groovy)
	at com.kms.katalon.core.webui.keyword.internal.WebUIKeywordMain.runKeyword(WebUIKeywordMain.groovy:20)
	at com.kms.katalon.core.webui.keyword.builtin.VerifyElementTextKeyword.verifyElementText(VerifyElementTextKeyword.groovy:72)
	at com.kms.katalon.core.webui.keyword.builtin.VerifyElementTextKeyword.execute(VerifyElementTextKeyword.groovy:40)
	at com.kms.katalon.core.keyword.internal.KeywordExecutor.executeKeywordForPlatform(KeywordExecutor.groovy:73)
	at com.kms.katalon.core.webui.keyword.WebUiBuiltInKeywords.verifyElementText(WebUiBuiltInKeywords.groovy:4733)
	at com.kms.katalon.core.webui.keyword.WebUiBuiltInKeywords$verifyElementText$20.call(Unknown Source)
	at TablodaVeriBasariliMiArsiv.run(TablodaVeriBasariliMiArsiv:22)
	at com.kms.katalon.core.main.ScriptEngine.run(ScriptEngine.java:194)
	at com.kms.katalon.core.main.ScriptEngine.runScriptAsRawText(ScriptEngine.java:119)
	at com.kms.katalon.core.main.TestCaseExecutor.runScript(TestCaseExecutor.java:369)
	at com.kms.katalon.core.main.TestCaseExecutor.doExecute(TestCaseExecutor.java:360)
	at com.kms.katalon.core.main.TestCaseExecutor.processExecutionPhase(TestCaseExecutor.java:339)
	at com.kms.katalon.core.main.TestCaseExecutor.accessMainPhase(TestCaseExecutor.java:331)
	at com.kms.katalon.core.main.TestCaseExecutor.execute(TestCaseExecutor.java:248)
	at com.kms.katalon.core.main.TestCaseMain.runTestCase(TestCaseMain.java:138)
	at com.kms.katalon.core.keyword.builtin.CallTestCaseKeyword$_callTestCase_closure1.doCall(CallTestCaseKeyword.groovy:59)
	at com.kms.katalon.core.keyword.builtin.CallTestCaseKeyword$_callTestCase_closure1.call(CallTestCaseKeyword.groovy)
	at com.kms.katalon.core.keyword.internal.KeywordMain.runKeyword(KeywordMain.groovy:68)
	at com.kms.katalon.core.keyword.builtin.CallTestCaseKeyword.callTestCase(CallTestCaseKeyword.groovy:81)
	at com.kms.katalon.core.keyword.builtin.CallTestCaseKeyword.execute(CallTestCaseKeyword.groovy:44)
	at com.kms.katalon.core.keyword.internal.KeywordExecutor.executeKeywordForPlatform(KeywordExecutor.groovy:73)
	at com.kms.katalon.core.keyword.BuiltinKeywords.callTestCase(BuiltinKeywords.groovy:334)
	at tablo.tablo.tablodaVeriBasariliMiArsiv(tablo.groovy:95)
	at cucumber.runtime.Utils$1.call(Utils.java:26)
	at cucumber.runtime.Timeout.timeout(Timeout.java:16)
	at cucumber.runtime.Utils.invoke(Utils.java:20)
	at cucumber.runtime.java.JavaStepDefinition.execute(JavaStepDefinition.java:49)
	at cucumber.runner.PickleStepDefinitionMatch.runStep(PickleStepDefinitionMatch.java:50)
	at cucumber.runner.TestStep.executeStep(TestStep.java:63)
	at cucumber.runner.TestStep.run(TestStep.java:49)
	at cucumber.runner.PickleStepTestStep.run(PickleStepTestStep.java:43)
	at cucumber.runner.TestCase.run(TestCase.java:44)
	at cucumber.runner.Runner.runPickle(Runner.java:40)
	at cucumber.runtime.Runtime$1.run(Runtime.java:84)
	at cucumber.runtime.Runtime$SameThreadExecutorService.execute(Runtime.java:220)
	at cucumber.runtime.Runtime.run(Runtime.java:81)
	at cucumber.api.cli.Main.run(Main.java:26)
	at cucumber.api.cli.Main$run.call(Unknown Source)
	at com.kms.katalon.core.cucumber.keyword.CucumberBuiltinKeywords$_runFeatureFile_closure1.doCall(CucumberBuiltinKeywords.groovy:106)
	at com.kms.katalon.core.cucumber.keyword.CucumberBuiltinKeywords$_runFeatureFile_closure1.doCall(CucumberBuiltinKeywords.groovy)
	at com.kms.katalon.core.keyword.internal.KeywordMain.runKeyword(KeywordMain.groovy:68)
	at com.kms.katalon.core.keyword.internal.KeywordMain$runKeyword.call(Unknown Source)
	at com.kms.katalon.core.cucumber.keyword.CucumberBuiltinKeywords.runFeatureFile(CucumberBuiltinKeywords.groovy:73)
	at com.kms.katalon.core.cucumber.keyword.CucumberBuiltinKeywords$runFeatureFile$0.callStatic(Unknown Source)
	at com.kms.katalon.core.cucumber.keyword.CucumberBuiltinKeywords.runFeatureFile(CucumberBuiltinKeywords.groovy:246)
	at com.kms.katalon.core.cucumber.keyword.CucumberBuiltinKeywords$runFeatureFile.call(Unknown Source)
	at VKN-Kagit-Hal Komisyoncu.run(VKN-Kagit-Hal Komisyoncu:19)
	at com.kms.katalon.core.main.ScriptEngine.run(ScriptEngine.java:194)
	at com.kms.katalon.core.main.ScriptEngine.runScriptAsRawText(ScriptEngine.java:119)
	at com.kms.katalon.core.main.TestCaseExecutor.runScript(TestCaseExecutor.java:369)
	at com.kms.katalon.core.main.TestCaseExecutor.doExecute(TestCaseExecutor.java:360)
	at com.kms.katalon.core.main.TestCaseExecutor.processExecutionPhase(TestCaseExecutor.java:339)
	at com.kms.katalon.core.main.TestCaseExecutor.accessMainPhase(TestCaseExecutor.java:331)
	at com.kms.katalon.core.main.TestCaseExecutor.execute(TestCaseExecutor.java:248)
	at com.kms.katalon.core.main.TestSuiteExecutor.accessTestCaseMainPhase(TestSuiteExecutor.java:191)
	at com.kms.katalon.core.main.TestSuiteExecutor.accessTestSuiteMainPhase(TestSuiteExecutor.java:140)
	at com.kms.katalon.core.main.TestSuiteExecutor.execute(TestSuiteExecutor.java:89)
	at com.kms.katalon.core.main.TestCaseMain.startTestSuite(TestCaseMain.java:181)
	at com.kms.katalon.core.main.TestCaseMain$startTestSuite$0.call(Unknown Source)
	at TempTestSuite1637225344330.run(TempTestSuite1637225344330.groovy:39)
)

2021-11-18 12:13:38 - [TEST_STEP][PASSED] - Method.TextDegerineEsitElementVarMi(findTestObject("Object Repository/Tablo/DurumBilgisiArsiv"), "Başarılı"): Method.TextDegerineEsitElementVarMi is PASSED

2021-11-18 12:13:38 - [MESSAGE][INFO] - Finding Test Object 'Object Repository/Tablo/DurumBilgisiArsiv'

2021-11-18 12:13:38 - [MESSAGE][INFO] - Checking timeout

2021-11-18 12:13:38 - [MESSAGE][INFO] - Finding web element with id: 'Object Repository/Tablo/DurumBilgisiArsiv' located by 'By.xpath: //*[@id = 'GridViewEArchiveInvoices_tccell0_9']' in '10' second(s)

2021-11-18 12:13:38 - [MESSAGE][INFO] - Smart Wait Function is triggered

2021-11-18 12:13:38 - [MESSAGE][INFO] - Found 1 web elements with id: 'Object Repository/Tablo/DurumBilgisiArsiv' located by 'By.xpath: //*[@id = 'GridViewEArchiveInvoices_tccell0_9']' in '10' second(s)

2021-11-18 12:13:38 - [MESSAGE][PASSED] - Method.TextDegerineEsitElementVarMi is PASSED

2021-11-18 12:13:38 - [MESSAGE][PASSED] - Call Test Case 'Test Cases/Tablo/TablodaVeriBasariliMiArsiv' successfully

2021-11-18 12:13:38 - [MESSAGE][INFO] - Checking called Test Case

2021-11-18 12:13:38 - [MESSAGE][INFO] - Starting to call Test Case 'Test Cases/Kullanici_Islemleri/KullaniciIslemlerindenSecimYapilir'

2021-11-18 12:13:39 - [TEST_CASE][PASSED] - Test Cases/Kullanici_Islemleri/KullaniciIslemlerindenSecimYapilir: Test Cases/Kullanici_Islemleri/KullaniciIslemlerindenSecimYapilir

2021-11-18 12:13:39 - [TEST_STEP][PASSED] - waitForElementClickable(findTestObject("Object Repository/Kullanici_Islemleri/KullaniciIslemleri"), 10): Object 'Object Repository/Kullanici_Islemleri/KullaniciIslemleri' is clickable

2021-11-18 12:13:39 - [MESSAGE][INFO] - Finding Test Object 'Object Repository/Kullanici_Islemleri/KullaniciIslemleri'

2021-11-18 12:13:39 - [MESSAGE][INFO] - Checking object

2021-11-18 12:13:39 - [MESSAGE][INFO] - Checking timeout

2021-11-18 12:13:39 - [MESSAGE][INFO] - Finding web element from Test Object's properties

2021-11-18 12:13:39 - [MESSAGE][INFO] - Checking timeout

2021-11-18 12:13:39 - [MESSAGE][INFO] - Finding web element with id: 'Object Repository/Kullanici_Islemleri/KullaniciIslemleri' located by 'By.cssSelector: .dropdown>a>img' in '10' second(s)

2021-11-18 12:13:39 - [MESSAGE][INFO] - Smart Wait Function is triggered

2021-11-18 12:13:39 - [MESSAGE][INFO] - Found 1 web elements with id: 'Object Repository/Kullanici_Islemleri/KullaniciIslemleri' located by 'By.cssSelector: .dropdown>a>img' in '10' second(s)

2021-11-18 12:13:39 - [MESSAGE][PASSED] - Object 'Object Repository/Kullanici_Islemleri/KullaniciIslemleri' is clickable

2021-11-18 12:13:39 - [TEST_STEP][PASSED] - click(findTestObject("Object Repository/Kullanici_Islemleri/KullaniciIslemleri")): Object: 'Object Repository/Kullanici_Islemleri/KullaniciIslemleri' is clicked on

2021-11-18 12:13:39 - [MESSAGE][INFO] - Finding Test Object 'Object Repository/Kullanici_Islemleri/KullaniciIslemleri'

2021-11-18 12:13:39 - [MESSAGE][INFO] - Checking object

2021-11-18 12:13:39 - [MESSAGE][INFO] - Finding web element from Test Object's properties

2021-11-18 12:13:39 - [MESSAGE][INFO] - Checking timeout

2021-11-18 12:13:39 - [MESSAGE][INFO] - Finding web element with id: 'Object Repository/Kullanici_Islemleri/KullaniciIslemleri' located by 'By.cssSelector: .dropdown>a>img' in '30' second(s)

2021-11-18 12:13:39 - [MESSAGE][INFO] - Smart Wait Function is triggered

2021-11-18 12:13:39 - [MESSAGE][INFO] - Found 1 web elements with id: 'Object Repository/Kullanici_Islemleri/KullaniciIslemleri' located by 'By.cssSelector: .dropdown>a>img' in '30' second(s)

2021-11-18 12:13:39 - [MESSAGE][INFO] - Clicking on object: 'Object Repository/Kullanici_Islemleri/KullaniciIslemleri'

2021-11-18 12:13:39 - [MESSAGE][PASSED] - Object: 'Object Repository/Kullanici_Islemleri/KullaniciIslemleri' is clicked on

2021-11-18 12:13:39 - [TEST_STEP][PASSED] - Method.TextDegerineEsitElementeTikla(findTestObject("Object Repository/Kullanici_Islemleri/Secenekler"), Islem): Method.TextDegerineEsitElementeTikla is PASSED

2021-11-18 12:13:39 - [MESSAGE][INFO] - Finding Test Object 'Object Repository/Kullanici_Islemleri/Secenekler'

2021-11-18 12:13:39 - [MESSAGE][INFO] - Checking timeout

2021-11-18 12:13:39 - [MESSAGE][INFO] - Finding web element with id: 'Object Repository/Kullanici_Islemleri/Secenekler' located by 'By.cssSelector: .nav.navbar-nav.navbar-right li a' in '10' second(s)

2021-11-18 12:13:39 - [MESSAGE][INFO] - Smart Wait Function is triggered

2021-11-18 12:13:40 - [MESSAGE][INFO] - Found 22 web elements with id: 'Object Repository/Kullanici_Islemleri/Secenekler' located by 'By.cssSelector: .nav.navbar-nav.navbar-right li a' in '10' second(s)

2021-11-18 12:13:41 - [MESSAGE][PASSED] - Method.TextDegerineEsitElementeTikla is PASSED

2021-11-18 12:13:41 - [TEST_STEP][PASSED] - verifyElementNotPresent(findTestObject("Object Repository/Kullanici_Islemleri/Secenekler"), 10): Web element with id: 'Object Repository/Kullanici_Islemleri/Secenekler' located by 'By.cssSelector: .nav.navbar-nav.navbar-right li a' is not present after '10' second(s)

2021-11-18 12:13:41 - [MESSAGE][INFO] - Finding Test Object 'Object Repository/Kullanici_Islemleri/Secenekler'

2021-11-18 12:13:41 - [MESSAGE][INFO] - Checking object

2021-11-18 12:13:41 - [MESSAGE][INFO] - Checking timeout

2021-11-18 12:13:41 - [MESSAGE][INFO] - Finding web element with id: 'Object Repository/Kullanici_Islemleri/Secenekler' located by 'By.cssSelector: .nav.navbar-nav.navbar-right li a' in '10' second(s)

2021-11-18 12:13:41 - [MESSAGE][INFO] - Smart Wait Function is triggered

2021-11-18 12:13:41 - [MESSAGE][PASSED] - Web element with id: 'Object Repository/Kullanici_Islemleri/Secenekler' located by 'By.cssSelector: .nav.navbar-nav.navbar-right li a' is not present after '10' second(s)

2021-11-18 12:13:41 - [MESSAGE][PASSED] - Call Test Case 'Test Cases/Kullanici_Islemleri/KullaniciIslemlerindenSecimYapilir' successfully

2021-11-18 12:13:41 - [TEST_CASE][PASSED] - Start Test Case : SCENARIO Gonderim tipi Kagit ve Hal Komisyoncu tipinde e-Arsiv faturasi olusturulmasi: SCENARIO Gonderim tipi Kagit ve Hal Komisyoncu tipinde e-Arsiv faturasi olusturulmasi

2021-11-18 12:13:41 - [TEST_STEP][PASSED] - Kullanıcı adı HALKOMIS ve Şifre test1234 olarak giriş yapılır: Kullanıcı adı HALKOMIS ve Şifre test1234 olarak giriş yapılır

2021-11-18 12:13:41 - [MESSAGE][PASSED] - Kullanıcı adı HALKOMIS ve Şifre test1234 olarak giriş yapılır

2021-11-18 12:13:41 - [TEST_STEP][PASSED] - Ana menüden e-Arşiv seçilir: Ana menüden e-Arşiv seçilir

2021-11-18 12:13:41 - [MESSAGE][PASSED] - Ana menüden e-Arşiv seçilir

2021-11-18 12:13:41 - [TEST_STEP][PASSED] - Alt menü e-Arşiv Araçları başlığı altındaki e-Arşiv Fatura Oluşturma seçilir: Alt menü e-Arşiv Araçları başlığı altındaki e-Arşiv Fatura Oluşturma seçilir

2021-11-18 12:13:41 - [MESSAGE][PASSED] - Alt menü e-Arşiv Araçları başlığı altındaki e-Arşiv Fatura Oluşturma seçilir

2021-11-18 12:13:41 - [TEST_STEP][PASSED] - Tablodaki tüm veriler silinir: Tablodaki tüm veriler silinir

2021-11-18 12:13:41 - [MESSAGE][PASSED] - Tablodaki tüm veriler silinir

2021-11-18 12:13:41 - [TEST_STEP][PASSED] - Butonlardan Ekle isimli butona tıklanır: Butonlardan Ekle isimli butona tıklanır

2021-11-18 12:13:41 - [MESSAGE][PASSED] - Butonlardan Ekle isimli butona tıklanır

2021-11-18 12:13:41 - [TEST_STEP][PASSED] - Görsel tasarım sayfasının e-Arşiv Fatura Bilgileri başlığını içerdiği kontrol edilir: Görsel tasarım sayfasının e-Arşiv Fatura Bilgileri başlığını içerdiği kontrol edilir

2021-11-18 12:13:41 - [MESSAGE][PASSED] - Görsel tasarım sayfasının e-Arşiv Fatura Bilgileri başlığını içerdiği kontrol edilir

2021-11-18 12:13:41 - [TEST_STEP][PASSED] - Alıcı adı alanına UC0009 girilir: Alıcı adı alanına UC0009 girilir

2021-11-18 12:13:41 - [MESSAGE][PASSED] - Alıcı adı alanına UC0009 girilir

2021-11-18 12:13:41 - [TEST_STEP][PASSED] - Gönderim Şekli Kağıt olarak seçilir: Gönderim Şekli Kağıt olarak seçilir

2021-11-18 12:13:41 - [MESSAGE][PASSED] - Gönderim Şekli Kağıt olarak seçilir

2021-11-18 12:13:41 - [TEST_STEP][PASSED] - Tip alanından Hal Komisyoncu seçilir: Tip alanından Hal Komisyoncu seçilir

2021-11-18 12:13:41 - [MESSAGE][PASSED] - Tip alanından Hal Komisyoncu seçilir

2021-11-18 12:13:41 - [TEST_STEP][PASSED] - Döküman Para Birimi alanından Türk Lirası seçilir: Döküman Para Birimi alanından Türk Lirası seçilir

2021-11-18 12:13:41 - [MESSAGE][PASSED] - Döküman Para Birimi alanından Türk Lirası seçilir

2021-11-18 12:13:41 - [TEST_STEP][PASSED] - Ön Ek FGX olarak seçilir: Ön Ek FGX olarak seçilir

2021-11-18 12:13:41 - [MESSAGE][PASSED] - Ön Ek FGX olarak seçilir

2021-11-18 12:13:41 - [TEST_STEP][PASSED] - Tasarım alanından Otomasyon seçilir: Tasarım alanından Otomasyon seçilir

2021-11-18 12:13:41 - [MESSAGE][PASSED] - Tasarım alanından Otomasyon seçilir

2021-11-18 12:13:41 - [TEST_STEP][PASSED] - Sipariş bilgileri UUC-SAT-1200001 ve 31.04.2020 olarak girilir: Sipariş bilgileri UUC-SAT-1200001 ve 31.04.2020 olarak girilir

2021-11-18 12:13:41 - [MESSAGE][PASSED] - Sipariş bilgileri UUC-SAT-1200001 ve 31.04.2020 olarak girilir

2021-11-18 12:13:41 - [TEST_STEP][PASSED] - İrsaliye Bilgileri AAAAAAAAAA,31.04.2020 olarak girilir: İrsaliye Bilgileri AAAAAAAAAA,31.04.2020 olarak girilir

2021-11-18 12:13:41 - [MESSAGE][PASSED] - İrsaliye Bilgileri AAAAAAAAAA,31.04.2020 olarak girilir

2021-11-18 12:13:41 - [TEST_STEP][PASSED] - Ekle butonuna basılır: Ekle butonuna basılır

2021-11-18 12:13:41 - [MESSAGE][PASSED] - Ekle butonuna basılır

2021-11-18 12:13:41 - [TEST_STEP][PASSED] - Ürün ekleme alanında Mal/Hizmet başlığına Otomasyon girilir: Ürün ekleme alanında Mal/Hizmet başlığına Otomasyon girilir

2021-11-18 12:13:41 - [MESSAGE][PASSED] - Ürün ekleme alanında Mal/Hizmet başlığına Otomasyon girilir

2021-11-18 12:13:41 - [TEST_STEP][PASSED] - Ürün ekleme alanında Açıklaması başlığına Virgosol girilir: Ürün ekleme alanında Açıklaması başlığına Virgosol girilir

2021-11-18 12:13:41 - [MESSAGE][PASSED] - Ürün ekleme alanında Açıklaması başlığına Virgosol girilir

2021-11-18 12:13:41 - [TEST_STEP][PASSED] - Ürün ekleme alanında Künye Numarası başlığına 1234567890123456789 girilir: Ürün ekleme alanında Künye Numarası başlığına 1234567890123456789 girilir

2021-11-18 12:13:41 - [MESSAGE][PASSED] - Ürün ekleme alanında Künye Numarası başlığına 1234567890123456789 girilir

2021-11-18 12:13:41 - [TEST_STEP][PASSED] - Ürün ekleme alanında Miktarı başlığına 400 girilir: Ürün ekleme alanında Miktarı başlığına 400 girilir

2021-11-18 12:13:41 - [MESSAGE][PASSED] - Ürün ekleme alanında Miktarı başlığına 400 girilir

2021-11-18 12:13:41 - [TEST_STEP][PASSED] - Ürün ekleme alanında Birim Fiyat başlığına 100 girilir: Ürün ekleme alanında Birim Fiyat başlığına 100 girilir

2021-11-18 12:13:41 - [MESSAGE][PASSED] - Ürün ekleme alanında Birim Fiyat başlığına 100 girilir

2021-11-18 12:13:41 - [TEST_STEP][PASSED] - Ürün ekleme alanında İskonto Oranı % başlığına 10 girilir: Ürün ekleme alanında İskonto Oranı % başlığına 10 girilir

2021-11-18 12:13:41 - [MESSAGE][PASSED] - Ürün ekleme alanında İskonto Oranı % başlığına 10 girilir

2021-11-18 12:13:41 - [TEST_STEP][PASSED] - Notlar alanına Otomasyon Not girilir: Notlar alanına Otomasyon Not girilir

2021-11-18 12:13:41 - [MESSAGE][PASSED] - Notlar alanına Otomasyon Not girilir

2021-11-18 12:13:41 - [TEST_STEP][PASSED] - Ettn bilgisi kayıt edilir: Ettn bilgisi kayıt edilir

2021-11-18 12:13:41 - [MESSAGE][PASSED] - Ettn bilgisi kayıt edilir

2021-11-18 12:13:41 - [TEST_STEP][PASSED] - Kaydet butonu seçilir: Kaydet butonu seçilir

2021-11-18 12:13:41 - [MESSAGE][PASSED] - Kaydet butonu seçilir

2021-11-18 12:13:41 - [TEST_STEP][PASSED] - Tabloda Ettn bilgisi kaydedilen veri oluşturuldu mu: Tabloda Ettn bilgisi kaydedilen veri oluşturuldu mu

2021-11-18 12:13:41 - [MESSAGE][PASSED] - Tabloda Ettn bilgisi kaydedilen veri oluşturuldu mu

2021-11-18 12:13:41 - [TEST_STEP][PASSED] - Tablodan Ettn bilgisi kaydedilen veri seçilir: Tablodan Ettn bilgisi kaydedilen veri seçilir

2021-11-18 12:13:41 - [MESSAGE][PASSED] - Tablodan Ettn bilgisi kaydedilen veri seçilir

2021-11-18 12:13:41 - [TEST_STEP][PASSED] - Butonlardan Numara Oluştur isimli butona tıklanır: Butonlardan Numara Oluştur isimli butona tıklanır

2021-11-18 12:13:41 - [MESSAGE][PASSED] - Butonlardan Numara Oluştur isimli butona tıklanır

2021-11-18 12:13:41 - [TEST_STEP][PASSED] - Popup mesajı Devam etmek istiyor musunuz içeriyor mu: Popup mesajı Devam etmek istiyor musunuz içeriyor mu

2021-11-18 12:13:41 - [MESSAGE][PASSED] - Popup mesajı Devam etmek istiyor musunuz içeriyor mu

2021-11-18 12:13:41 - [TEST_STEP][PASSED] - Yönetim popupında Evet seçilir: Yönetim popupında Evet seçilir

2021-11-18 12:13:41 - [MESSAGE][PASSED] - Yönetim popupında Evet seçilir

2021-11-18 12:13:41 - [TEST_STEP][PASSED] - Popup mesajı oluşmuştur içeriyor mu: Popup mesajı oluşmuştur içeriyor mu

2021-11-18 12:13:41 - [MESSAGE][PASSED] - Popup mesajı oluşmuştur içeriyor mu

2021-11-18 12:13:41 - [TEST_STEP][PASSED] - Yönetim popupında Tamam seçilir: Yönetim popupında Tamam seçilir

2021-11-18 12:13:41 - [MESSAGE][PASSED] - Yönetim popupında Tamam seçilir

2021-11-18 12:13:41 - [TEST_STEP][PASSED] - Tablodan Ettn bilgisi kaydedilen veri seçilir: Tablodan Ettn bilgisi kaydedilen veri seçilir

2021-11-18 12:13:41 - [MESSAGE][PASSED] - Tablodan Ettn bilgisi kaydedilen veri seçilir

2021-11-18 12:13:41 - [TEST_STEP][PASSED] - Butonlardan Gönder isimli butona tıklanır: Butonlardan Gönder isimli butona tıklanır

2021-11-18 12:13:41 - [MESSAGE][PASSED] - Butonlardan Gönder isimli butona tıklanır

2021-11-18 12:13:41 - [TEST_STEP][PASSED] - Popup mesajı Devam etmek istiyor musunuz içeriyor mu: Popup mesajı Devam etmek istiyor musunuz içeriyor mu

2021-11-18 12:13:41 - [MESSAGE][PASSED] - Popup mesajı Devam etmek istiyor musunuz içeriyor mu

2021-11-18 12:13:41 - [TEST_STEP][PASSED] - Yönetim popupında Evet seçilir: Yönetim popupında Evet seçilir

2021-11-18 12:13:41 - [MESSAGE][PASSED] - Yönetim popupında Evet seçilir

2021-11-18 12:13:41 - [TEST_STEP][PASSED] - Ana menüden e-Arşiv seçilir: Ana menüden e-Arşiv seçilir

2021-11-18 12:13:41 - [MESSAGE][PASSED] - Ana menüden e-Arşiv seçilir

2021-11-18 12:13:41 - [TEST_STEP][PASSED] - Alt menü e-Arşiv Hareketleri başlığı altındaki e-Arşiv Faturaları seçilir: Alt menü e-Arşiv Hareketleri başlığı altındaki e-Arşiv Faturaları seçilir

2021-11-18 12:13:41 - [MESSAGE][PASSED] - Alt menü e-Arşiv Hareketleri başlığı altındaki e-Arşiv Faturaları seçilir

2021-11-18 12:13:41 - [TEST_STEP][PASSED] - Filtrelerden Ettn filtresine Ettn bilgisi yaz: Filtrelerden Ettn filtresine Ettn bilgisi yaz

2021-11-18 12:13:41 - [MESSAGE][PASSED] - Filtrelerden Ettn filtresine Ettn bilgisi yaz

2021-11-18 12:13:41 - [TEST_STEP][PASSED] - Filtre butonlarından Listele seçilir: Filtre butonlarından Listele seçilir

2021-11-18 12:13:41 - [MESSAGE][PASSED] - Filtre butonlarından Listele seçilir

2021-11-18 12:13:41 - [TEST_STEP][PASSED] - Tabloda veri var mı kontrol edilir: Tabloda veri var mı kontrol edilir

2021-11-18 12:13:41 - [MESSAGE][PASSED] - Tabloda veri var mı kontrol edilir

2021-11-18 12:13:41 - [TEST_STEP][PASSED] - Tabloda yeni oluşturulan eArsiv verisi başarılı mı: Tabloda yeni oluşturulan eArsiv verisi başarılı mı

2021-11-18 12:13:41 - [MESSAGE][PASSED] - Tabloda yeni oluşturulan eArsiv verisi başarılı mı

2021-11-18 12:13:41 - [TEST_STEP][PASSED] - Kullanıcı işlemlerinden Çıkış seçilir: Kullanıcı işlemlerinden Çıkış seçilir

2021-11-18 12:13:41 - [MESSAGE][PASSED] - Kullanıcı işlemlerinden Çıkış seçilir

2021-11-18 12:13:42 - [MESSAGE][PASSED] - Feature file: 'Include/features/Regresyon/e-Arsiv/VKN-Kagit-Hal Komisyoncu.feature' was passed

2021-11-18 12:13:42 - [TEST_STEP][PASSED] - Start listener action : sampleAfterTestSuite: Invoke 'com.kms.katalon.core.annotation.AfterTestCase' method: 'Listener.sampleAfterTestSuite(...)' completed.

2021-11-18 12:13:42 - [MESSAGE][INFO] - Starting invoke 'com.kms.katalon.core.annotation.AfterTestCase' method: 'Listener.sampleAfterTestSuite(...)'

2021-11-18 12:13:42 - [TEST_STEP][PASSED] - closeBrowser(): Invoke 'com.kms.katalon.core.annotation.AfterTestCase' method: 'Listener.sampleAfterTestSuite(...)' completed.

2021-11-18 12:13:42 - [MESSAGE][INFO] - Closing browser

2021-11-18 12:13:42 - [MESSAGE][PASSED] - Browser is closed

2021-11-18 12:13:42 - [MESSAGE][INFO] - Invoke 'com.kms.katalon.core.annotation.AfterTestCase' method: 'Listener.sampleAfterTestSuite(...)' completed.]]></system-out>
         <system-err><![CDATA[]]></system-err>
      </testcase>
      <testcase name="Test Cases/Case Repository/Regresyon/e-Arsiv/VKN-Kagit-Hal Satis" time="103.937" classname="Test Cases/Case Repository/Regresyon/e-Arsiv/VKN-Kagit-Hal Satis" status="PASSED">
         <system-out><![CDATA[2021-11-18 12:13:42 - [TEST_CASE][PASSED] - Test Cases/Case Repository/Regresyon/e-Arsiv/VKN-Kagit-Hal Satis: Test Cases/Case Repository/Regresyon/e-Arsiv/VKN-Kagit-Hal Satis

2021-11-18 12:13:42 - [TEST_STEP][PASSED] - Start listener action : sampleBeforeTestSuite: Invoke 'com.kms.katalon.core.annotation.BeforeTestCase' method: 'Listener.sampleBeforeTestSuite(...)' completed.

2021-11-18 12:13:42 - [MESSAGE][INFO] - Starting invoke 'com.kms.katalon.core.annotation.BeforeTestCase' method: 'Listener.sampleBeforeTestSuite(...)'

2021-11-18 12:13:42 - [TEST_STEP][PASSED] - openBrowser(baseUrl): Browser is opened with url: 'https://efatura-stage.elogo.com.tr/'

2021-11-18 12:13:42 - [MESSAGE][INFO] - Opening browser

2021-11-18 12:13:42 - [MESSAGE][INFO] - Starting 'Chrome' driver

2021-11-18 12:13:42 - [MESSAGE][INFO] - User set preference: ['prefs', '{download.default_directory=C:\otomasyondownfiles}']

2021-11-18 12:13:42 - [MESSAGE][INFO] - Action delay is set to 0 milliseconds

2021-11-18 12:13:43 - [MESSAGE][INFO] - Navigating browser to: 'https://efatura-stage.elogo.com.tr/'

2021-11-18 12:13:45 - [MESSAGE][PASSED] - Browser is opened with url: 'https://efatura-stage.elogo.com.tr/'

2021-11-18 12:13:45 - [TEST_STEP][PASSED] - maximizeWindow(): Invoke 'com.kms.katalon.core.annotation.BeforeTestCase' method: 'Listener.sampleBeforeTestSuite(...)' completed.

2021-11-18 12:13:45 - [MESSAGE][INFO] - Maximizing current window

2021-11-18 12:13:46 - [MESSAGE][PASSED] - Current window maximized

2021-11-18 12:13:46 - [MESSAGE][INFO] - Invoke 'com.kms.katalon.core.annotation.BeforeTestCase' method: 'Listener.sampleBeforeTestSuite(...)' completed.

2021-11-18 12:13:46 - [TEST_STEP][PASSED] - runFeatureFile("Include/features/Regresyon/e-Arsiv/VKN-Kagit-Hal Satis.feature"): Feature file: 'Include/features/Regresyon/e-Arsiv/VKN-Kagit-Hal Satis.feature' was passed

2021-11-18 12:13:46 - [MESSAGE][INFO] - Starting run keyword runFeatureFile: 'Include/features/Regresyon/e-Arsiv/VKN-Kagit-Hal Satis.feature' and extract report to folder: 'C:\Users\DELL\Documents\GitHub\EES_KatalonLogo\Reports\20211118_114904\Suite Repository\Regresyon-eArsiv-eMakbuz\20211118_114904/cucumber_report/1637226826362'...

2021-11-18 12:13:46 - [MESSAGE][INFO] - Glue: []

2021-11-18 12:13:47 - [MESSAGE][INFO] - Checking called Test Case

2021-11-18 12:13:47 - [MESSAGE][INFO] - Starting to call Test Case 'Test Cases/Sayfalar/Giris_Sayfasi/Login'

2021-11-18 12:13:47 - [TEST_CASE][PASSED] - Test Cases/Sayfalar/Giris_Sayfasi/Login: Test Cases/Sayfalar/Giris_Sayfasi/Login

2021-11-18 12:13:47 - [TEST_STEP][PASSED] - Sayfa_Basligi = getWindowTitle(): Current window's title is: 'LOGO e-Fatura'

2021-11-18 12:13:47 - [MESSAGE][INFO] - Getting current window's title

2021-11-18 12:13:47 - [MESSAGE][PASSED] - Current window's title is: 'LOGO e-Fatura'

2021-11-18 12:13:47 - [TEST_STEP][PASSED] - verifyMatch(Sayfa_Basligi, "LOGO e-Fatura", false): Actual text 'LOGO e-Fatura' and expected text 'LOGO e-Fatura' are matched 

2021-11-18 12:13:47 - [MESSAGE][INFO] - Matching actual text 'LOGO e-Fatura' with expected text 'LOGO e-Fatura'

2021-11-18 12:13:47 - [MESSAGE][PASSED] - Actual text 'LOGO e-Fatura' and expected text 'LOGO e-Fatura' are matched 

2021-11-18 12:13:47 - [TEST_STEP][PASSED] - sendKeys(findTestObject("Sayfalar/Giris_Sayfasi/Firma_Kodu"), KullaniciAdi): Keys 'HALSATIS' sent to object: 'Object Repository/Sayfalar/Giris_Sayfasi/Firma_Kodu'

2021-11-18 12:13:47 - [MESSAGE][INFO] - Finding Test Object 'Object Repository/Sayfalar/Giris_Sayfasi/Firma_Kodu'

2021-11-18 12:13:47 - [MESSAGE][INFO] - Sending keys 'HALSATIS' to object: 'Object Repository/Sayfalar/Giris_Sayfasi/Firma_Kodu'

2021-11-18 12:13:47 - [MESSAGE][INFO] - Finding web element from Test Object's properties

2021-11-18 12:13:47 - [MESSAGE][INFO] - Checking timeout

2021-11-18 12:13:47 - [MESSAGE][INFO] - Finding web element with id: 'Object Repository/Sayfalar/Giris_Sayfasi/Firma_Kodu' located by 'By.xpath: //*[@id = 'AccountName']' in '30' second(s)

2021-11-18 12:13:47 - [MESSAGE][INFO] - Smart Wait Function is triggered

2021-11-18 12:13:47 - [MESSAGE][INFO] - Found 1 web elements with id: 'Object Repository/Sayfalar/Giris_Sayfasi/Firma_Kodu' located by 'By.xpath: //*[@id = 'AccountName']' in '30' second(s)

2021-11-18 12:13:47 - [MESSAGE][PASSED] - Keys 'HALSATIS' sent to object: 'Object Repository/Sayfalar/Giris_Sayfasi/Firma_Kodu'

2021-11-18 12:13:47 - [TEST_STEP][PASSED] - sendKeys(findTestObject("Sayfalar/Giris_Sayfasi/Sifre"), Sifre): Keys 'test1234' sent to object: 'Object Repository/Sayfalar/Giris_Sayfasi/Sifre'

2021-11-18 12:13:47 - [MESSAGE][INFO] - Finding Test Object 'Object Repository/Sayfalar/Giris_Sayfasi/Sifre'

2021-11-18 12:13:47 - [MESSAGE][INFO] - Sending keys 'test1234' to object: 'Object Repository/Sayfalar/Giris_Sayfasi/Sifre'

2021-11-18 12:13:47 - [MESSAGE][INFO] - Finding web element from Test Object's properties

2021-11-18 12:13:47 - [MESSAGE][INFO] - Checking timeout

2021-11-18 12:13:47 - [MESSAGE][INFO] - Finding web element with id: 'Object Repository/Sayfalar/Giris_Sayfasi/Sifre' located by 'By.xpath: //*[@id = 'Password']' in '30' second(s)

2021-11-18 12:13:47 - [MESSAGE][INFO] - Smart Wait Function is triggered

2021-11-18 12:13:47 - [MESSAGE][INFO] - Found 1 web elements with id: 'Object Repository/Sayfalar/Giris_Sayfasi/Sifre' located by 'By.xpath: //*[@id = 'Password']' in '30' second(s)

2021-11-18 12:13:47 - [MESSAGE][PASSED] - Keys 'test1234' sent to object: 'Object Repository/Sayfalar/Giris_Sayfasi/Sifre'

2021-11-18 12:13:47 - [TEST_STEP][PASSED] - findWebElement(findTestObject("Sayfalar/Giris_Sayfasi/Giris_Butonu")).click(): Found 1 web elements with id: 'Object Repository/Sayfalar/Giris_Sayfasi/Giris_Butonu' located by 'By.cssSelector: #btnLogin' in '30' second(s)

2021-11-18 12:13:47 - [MESSAGE][INFO] - Finding Test Object 'Object Repository/Sayfalar/Giris_Sayfasi/Giris_Butonu'

2021-11-18 12:13:48 - [MESSAGE][INFO] - Finding web element from Test Object's properties

2021-11-18 12:13:48 - [MESSAGE][INFO] - Checking timeout

2021-11-18 12:13:48 - [MESSAGE][INFO] - Finding web element with id: 'Object Repository/Sayfalar/Giris_Sayfasi/Giris_Butonu' located by 'By.cssSelector: #btnLogin' in '30' second(s)

2021-11-18 12:13:48 - [MESSAGE][INFO] - Smart Wait Function is triggered

2021-11-18 12:13:48 - [MESSAGE][INFO] - Found 1 web elements with id: 'Object Repository/Sayfalar/Giris_Sayfasi/Giris_Butonu' located by 'By.cssSelector: #btnLogin' in '30' second(s)

2021-11-18 12:13:50 - [TEST_STEP][PASSED] - if (verifyElementPresent(findTestObject("Object Repository/Sayfalar/Giris_Sayfasi/RetveTamam_Butonu"), 5, OPTIONAL)): null

2021-11-18 12:13:50 - [MESSAGE][INFO] - Finding Test Object 'Object Repository/Sayfalar/Giris_Sayfasi/RetveTamam_Butonu'

2021-11-18 12:13:50 - [MESSAGE][INFO] - Checking object

2021-11-18 12:13:50 - [MESSAGE][INFO] - Finding web element from Test Object's properties

2021-11-18 12:13:50 - [MESSAGE][INFO] - Checking timeout

2021-11-18 12:13:50 - [MESSAGE][INFO] - Finding web element with id: 'Object Repository/Sayfalar/Giris_Sayfasi/RetveTamam_Butonu' located by 'By.xpath: //*[@class = 'btn btn-default']' in '5' second(s)

2021-11-18 12:13:50 - [MESSAGE][INFO] - Smart Wait Function is triggered

2021-11-18 12:13:50 - [MESSAGE][INFO] - Found 1 web elements with id: 'Object Repository/Sayfalar/Giris_Sayfasi/RetveTamam_Butonu' located by 'By.xpath: //*[@class = 'btn btn-default']' in '5' second(s)

2021-11-18 12:13:50 - [MESSAGE][PASSED] - Object 'Object Repository/Sayfalar/Giris_Sayfasi/RetveTamam_Butonu' is present

2021-11-18 12:13:50 - [TEST_STEP][PASSED] - click(findTestObject("Object Repository/Sayfalar/Giris_Sayfasi/RetveTamam_Butonu")): Object: 'Object Repository/Sayfalar/Giris_Sayfasi/RetveTamam_Butonu' is clicked on

2021-11-18 12:13:50 - [MESSAGE][INFO] - Finding Test Object 'Object Repository/Sayfalar/Giris_Sayfasi/RetveTamam_Butonu'

2021-11-18 12:13:50 - [MESSAGE][INFO] - Checking object

2021-11-18 12:13:50 - [MESSAGE][INFO] - Finding web element from Test Object's properties

2021-11-18 12:13:50 - [MESSAGE][INFO] - Checking timeout

2021-11-18 12:13:50 - [MESSAGE][INFO] - Finding web element with id: 'Object Repository/Sayfalar/Giris_Sayfasi/RetveTamam_Butonu' located by 'By.xpath: //*[@class = 'btn btn-default']' in '30' second(s)

2021-11-18 12:13:50 - [MESSAGE][INFO] - Smart Wait Function is triggered

2021-11-18 12:13:50 - [MESSAGE][INFO] - Found 1 web elements with id: 'Object Repository/Sayfalar/Giris_Sayfasi/RetveTamam_Butonu' located by 'By.xpath: //*[@class = 'btn btn-default']' in '30' second(s)

2021-11-18 12:13:50 - [MESSAGE][INFO] - Clicking on object: 'Object Repository/Sayfalar/Giris_Sayfasi/RetveTamam_Butonu'

2021-11-18 12:13:50 - [MESSAGE][PASSED] - Object: 'Object Repository/Sayfalar/Giris_Sayfasi/RetveTamam_Butonu' is clicked on

2021-11-18 12:13:50 - [TEST_STEP][PASSED] - click(findTestObject("Object Repository/Sayfalar/Giris_Sayfasi/RetveTamam_Butonu")): Object: 'Object Repository/Sayfalar/Giris_Sayfasi/RetveTamam_Butonu' is clicked on

2021-11-18 12:13:50 - [MESSAGE][INFO] - Finding Test Object 'Object Repository/Sayfalar/Giris_Sayfasi/RetveTamam_Butonu'

2021-11-18 12:13:50 - [MESSAGE][INFO] - Checking object

2021-11-18 12:13:50 - [MESSAGE][INFO] - Finding web element from Test Object's properties

2021-11-18 12:13:50 - [MESSAGE][INFO] - Checking timeout

2021-11-18 12:13:50 - [MESSAGE][INFO] - Finding web element with id: 'Object Repository/Sayfalar/Giris_Sayfasi/RetveTamam_Butonu' located by 'By.xpath: //*[@class = 'btn btn-default']' in '30' second(s)

2021-11-18 12:13:50 - [MESSAGE][INFO] - Smart Wait Function is triggered

2021-11-18 12:13:55 - [MESSAGE][INFO] - Found 1 web elements with id: 'Object Repository/Sayfalar/Giris_Sayfasi/RetveTamam_Butonu' located by 'By.xpath: //*[@class = 'btn btn-default']' in '30' second(s)

2021-11-18 12:13:55 - [MESSAGE][INFO] - Clicking on object: 'Object Repository/Sayfalar/Giris_Sayfasi/RetveTamam_Butonu'

2021-11-18 12:13:55 - [MESSAGE][PASSED] - Object: 'Object Repository/Sayfalar/Giris_Sayfasi/RetveTamam_Butonu' is clicked on

2021-11-18 12:13:55 - [TEST_STEP][PASSED] - if (verifyElementPresent(findTestObject("Sayfalar/Giris_Sayfasi/PopupOK"), 5, OPTIONAL)): null

2021-11-18 12:13:55 - [MESSAGE][INFO] - Finding Test Object 'Object Repository/Sayfalar/Giris_Sayfasi/PopupOK'

2021-11-18 12:13:55 - [MESSAGE][INFO] - Checking object

2021-11-18 12:13:55 - [MESSAGE][INFO] - Finding web element from Test Object's properties

2021-11-18 12:13:55 - [MESSAGE][INFO] - Checking timeout

2021-11-18 12:13:55 - [MESSAGE][INFO] - Finding web element with id: 'Object Repository/Sayfalar/Giris_Sayfasi/PopupOK' located by 'By.cssSelector: .btn.btn-success' in '5' second(s)

2021-11-18 12:13:55 - [MESSAGE][INFO] - Smart Wait Function is triggered

2021-11-18 12:13:55 - [MESSAGE][INFO] - Found 1 web elements with id: 'Object Repository/Sayfalar/Giris_Sayfasi/PopupOK' located by 'By.cssSelector: .btn.btn-success' in '5' second(s)

2021-11-18 12:13:55 - [MESSAGE][PASSED] - Object 'Object Repository/Sayfalar/Giris_Sayfasi/PopupOK' is present

2021-11-18 12:13:55 - [TEST_STEP][PASSED] - click(findTestObject("Object Repository/Sayfalar/Giris_Sayfasi/PopupCarpiGiris")): Object: 'Object Repository/Sayfalar/Giris_Sayfasi/PopupCarpiGiris' is clicked on

2021-11-18 12:13:55 - [MESSAGE][INFO] - Finding Test Object 'Object Repository/Sayfalar/Giris_Sayfasi/PopupCarpiGiris'

2021-11-18 12:13:55 - [MESSAGE][INFO] - Checking object

2021-11-18 12:13:55 - [MESSAGE][INFO] - Finding web element from Test Object's properties

2021-11-18 12:13:55 - [MESSAGE][INFO] - Checking timeout

2021-11-18 12:13:55 - [MESSAGE][INFO] - Finding web element with id: 'Object Repository/Sayfalar/Giris_Sayfasi/PopupCarpiGiris' located by 'By.cssSelector: .bootbox-close-button.close' in '30' second(s)

2021-11-18 12:13:55 - [MESSAGE][INFO] - Smart Wait Function is triggered

2021-11-18 12:13:55 - [MESSAGE][INFO] - Found 1 web elements with id: 'Object Repository/Sayfalar/Giris_Sayfasi/PopupCarpiGiris' located by 'By.cssSelector: .bootbox-close-button.close' in '30' second(s)

2021-11-18 12:13:55 - [MESSAGE][INFO] - Clicking on object: 'Object Repository/Sayfalar/Giris_Sayfasi/PopupCarpiGiris'

2021-11-18 12:13:55 - [MESSAGE][PASSED] - Object: 'Object Repository/Sayfalar/Giris_Sayfasi/PopupCarpiGiris' is clicked on

2021-11-18 12:13:55 - [TEST_STEP][PASSED] - verifyElementVisible(findTestObject("Object Repository/Kullanici_Islemleri/KullaniciIslemleri")): Object 'Object Repository/Kullanici_Islemleri/KullaniciIslemleri' is visible

2021-11-18 12:13:55 - [MESSAGE][INFO] - Finding Test Object 'Object Repository/Kullanici_Islemleri/KullaniciIslemleri'

2021-11-18 12:13:56 - [MESSAGE][INFO] - Checking object

2021-11-18 12:13:56 - [MESSAGE][INFO] - Finding web element from Test Object's properties

2021-11-18 12:13:56 - [MESSAGE][INFO] - Checking timeout

2021-11-18 12:13:56 - [MESSAGE][INFO] - Finding web element with id: 'Object Repository/Kullanici_Islemleri/KullaniciIslemleri' located by 'By.cssSelector: .dropdown>a>img' in '30' second(s)

2021-11-18 12:13:56 - [MESSAGE][INFO] - Smart Wait Function is triggered

2021-11-18 12:13:56 - [MESSAGE][INFO] - Found 1 web elements with id: 'Object Repository/Kullanici_Islemleri/KullaniciIslemleri' located by 'By.cssSelector: .dropdown>a>img' in '30' second(s)

2021-11-18 12:13:56 - [MESSAGE][PASSED] - Object 'Object Repository/Kullanici_Islemleri/KullaniciIslemleri' is visible

2021-11-18 12:13:56 - [MESSAGE][PASSED] - Call Test Case 'Test Cases/Sayfalar/Giris_Sayfasi/Login' successfully

2021-11-18 12:13:56 - [MESSAGE][INFO] - Checking called Test Case

2021-11-18 12:13:56 - [MESSAGE][INFO] - Starting to call Test Case 'Test Cases/Menu/AnaMenuSecimi'

2021-11-18 12:13:56 - [TEST_CASE][PASSED] - Test Cases/Menu/AnaMenuSecimi: Test Cases/Menu/AnaMenuSecimi

2021-11-18 12:13:56 - [TEST_STEP][PASSED] - Method.TextDegerineEsitElementeTikla(findTestObject("Menu/Ana_Menu"), Ana_Menu): Method.TextDegerineEsitElementeTikla is PASSED

2021-11-18 12:13:56 - [MESSAGE][INFO] - Finding Test Object 'Object Repository/Menu/Ana_Menu'

2021-11-18 12:13:56 - [MESSAGE][INFO] - Checking timeout

2021-11-18 12:13:56 - [MESSAGE][INFO] - Finding web element with id: 'Object Repository/Menu/Ana_Menu' located by 'By.xpath: //*[@class = 'dropdown-toggle']' in '10' second(s)

2021-11-18 12:13:56 - [MESSAGE][INFO] - Smart Wait Function is triggered

2021-11-18 12:13:56 - [MESSAGE][INFO] - Found 13 web elements with id: 'Object Repository/Menu/Ana_Menu' located by 'By.xpath: //*[@class = 'dropdown-toggle']' in '10' second(s)

2021-11-18 12:13:56 - [MESSAGE][PASSED] - Method.TextDegerineEsitElementeTikla is PASSED

2021-11-18 12:13:56 - [MESSAGE][PASSED] - Call Test Case 'Test Cases/Menu/AnaMenuSecimi' successfully

2021-11-18 12:13:56 - [MESSAGE][INFO] - Checking called Test Case

2021-11-18 12:13:56 - [MESSAGE][INFO] - Starting to call Test Case 'Test Cases/Menu/BasligaGoreAltMenuSecimi'

2021-11-18 12:13:56 - [TEST_CASE][PASSED] - Test Cases/Menu/BasligaGoreAltMenuSecimi: Test Cases/Menu/BasligaGoreAltMenuSecimi

2021-11-18 12:13:56 - [TEST_STEP][PASSED] - Method.TextDegerineEsitElementinAltindakiTextDegerineEsitOlanaTikla(findTestObject("Menu/Menu_Basligi"), findTestObject("Menu/Basliga_Gore_Alt_Menu"), Baslik, Alt_Menu): Method.TextDegerineEsitElementinAltindakiTextDegerineEsitOlanaTikla is PASSED

2021-11-18 12:13:56 - [MESSAGE][INFO] - Finding Test Object 'Object Repository/Menu/Menu_Basligi'

2021-11-18 12:13:57 - [MESSAGE][INFO] - Finding Test Object 'Object Repository/Menu/Basliga_Gore_Alt_Menu'

2021-11-18 12:13:57 - [MESSAGE][INFO] - Checking timeout

2021-11-18 12:13:57 - [MESSAGE][INFO] - Finding web element with id: 'Object Repository/Menu/Menu_Basligi' located by 'By.xpath: //li[@class='dropdown dropdown-large open']//li[@class='dropdown-header']' in '10' second(s)

2021-11-18 12:13:57 - [MESSAGE][INFO] - Smart Wait Function is triggered

2021-11-18 12:13:57 - [MESSAGE][INFO] - Found 2 web elements with id: 'Object Repository/Menu/Menu_Basligi' located by 'By.xpath: //li[@class='dropdown dropdown-large open']//li[@class='dropdown-header']' in '10' second(s)

2021-11-18 12:13:57 - [MESSAGE][INFO] - Smart Wait Function is triggered

2021-11-18 12:13:59 - [MESSAGE][PASSED] - Method.TextDegerineEsitElementinAltindakiTextDegerineEsitOlanaTikla is PASSED

2021-11-18 12:13:59 - [MESSAGE][PASSED] - Call Test Case 'Test Cases/Menu/BasligaGoreAltMenuSecimi' successfully

2021-11-18 12:13:59 - [MESSAGE][INFO] - Checking called Test Case

2021-11-18 12:13:59 - [MESSAGE][INFO] - Starting to call Test Case 'Test Cases/Tablo/Olusturma Tarihi'

2021-11-18 12:13:59 - [TEST_CASE][PASSED] - Test Cases/Tablo/Olusturma Tarihi: Test Cases/Tablo/Olusturma Tarihi

2021-11-18 12:13:59 - [TEST_STEP][PASSED] - if (verifyTextNotPresent("Görüntülenecek veri yok", true, OPTIONAL)): null

2021-11-18 12:13:59 - [MESSAGE][INFO] - Checking text present  using regular expression

2021-11-18 12:13:59 - [MESSAGE][INFO] - Smart Wait Function is triggered

2021-11-18 12:14:00 - [MESSAGE][INFO] - Finding text 'Görüntülenecek veri yok' on page  using regular expression

2021-11-18 12:14:00 - [MESSAGE][PASSED] - Text 'Görüntülenecek veri yok' is not present on page using regular expression

2021-11-18 12:14:00 - [TEST_STEP][PASSED] - click(findTestObject("Temizle/Olusturma_Tarihi_CheckBox")): Object: 'Object Repository/Temizle/Olusturma_Tarihi_CheckBox' is clicked on

2021-11-18 12:14:00 - [MESSAGE][INFO] - Finding Test Object 'Object Repository/Temizle/Olusturma_Tarihi_CheckBox'

2021-11-18 12:14:00 - [MESSAGE][INFO] - Checking object

2021-11-18 12:14:00 - [MESSAGE][INFO] - Finding web element from Test Object's properties

2021-11-18 12:14:00 - [MESSAGE][INFO] - Checking timeout

2021-11-18 12:14:00 - [MESSAGE][INFO] - Finding web element with id: 'Object Repository/Temizle/Olusturma_Tarihi_CheckBox' located by 'By.xpath: //*[@title = 'Bu sayfadaki tüm satırları Seç']' in '30' second(s)

2021-11-18 12:14:00 - [MESSAGE][INFO] - Smart Wait Function is triggered

2021-11-18 12:14:00 - [MESSAGE][INFO] - Found 1 web elements with id: 'Object Repository/Temizle/Olusturma_Tarihi_CheckBox' located by 'By.xpath: //*[@title = 'Bu sayfadaki tüm satırları Seç']' in '30' second(s)

2021-11-18 12:14:00 - [MESSAGE][INFO] - Clicking on object: 'Object Repository/Temizle/Olusturma_Tarihi_CheckBox'

2021-11-18 12:14:00 - [MESSAGE][PASSED] - Object: 'Object Repository/Temizle/Olusturma_Tarihi_CheckBox' is clicked on

2021-11-18 12:14:00 - [TEST_STEP][PASSED] - Method.TextDegerineEsitElementeTiklaEquals(findTestObject("Butonlar/Butonlar"), "Sil"): Method.TextDegerineEsitElementeTiklaEquals is PASSED

2021-11-18 12:14:00 - [MESSAGE][INFO] - Finding Test Object 'Object Repository/Butonlar/Butonlar'

2021-11-18 12:14:00 - [MESSAGE][INFO] - Checking timeout

2021-11-18 12:14:00 - [MESSAGE][INFO] - Finding web element with id: 'Object Repository/Butonlar/Butonlar' located by 'By.cssSelector: .panel.panel-default.text-center.footerPanel .btn,.btn.btn-primary.btnControls' in '10' second(s)

2021-11-18 12:14:00 - [MESSAGE][INFO] - Smart Wait Function is triggered

2021-11-18 12:14:00 - [MESSAGE][INFO] - Found 9 web elements with id: 'Object Repository/Butonlar/Butonlar' located by 'By.cssSelector: .panel.panel-default.text-center.footerPanel .btn,.btn.btn-primary.btnControls' in '10' second(s)

2021-11-18 12:14:00 - [MESSAGE][PASSED] - Method.TextDegerineEsitElementeTiklaEquals is PASSED

2021-11-18 12:14:00 - [TEST_STEP][PASSED] - Method.TextDegerineEsitElementeTikla(findTestObject("Popup/Popup_Butons"), "Evet"): Method.TextDegerineEsitElementeTikla is PASSED

2021-11-18 12:14:00 - [MESSAGE][INFO] - Finding Test Object 'Object Repository/Popup/Popup_Butons'

2021-11-18 12:14:01 - [MESSAGE][INFO] - Checking timeout

2021-11-18 12:14:01 - [MESSAGE][INFO] - Finding web element with id: 'Object Repository/Popup/Popup_Butons' located by 'By.cssSelector: .modal-footer>button' in '10' second(s)

2021-11-18 12:14:01 - [MESSAGE][INFO] - Smart Wait Function is triggered

2021-11-18 12:14:01 - [MESSAGE][INFO] - Found 2 web elements with id: 'Object Repository/Popup/Popup_Butons' located by 'By.cssSelector: .modal-footer>button' in '10' second(s)

2021-11-18 12:14:02 - [MESSAGE][PASSED] - Method.TextDegerineEsitElementeTikla is PASSED

2021-11-18 12:14:02 - [TEST_STEP][PASSED] - Method.TextDegerineEsitElementeTikla(findTestObject("Popup/Popup_Butons"), "Tamam"): Method.TextDegerineEsitElementeTikla is PASSED

2021-11-18 12:14:02 - [MESSAGE][INFO] - Finding Test Object 'Object Repository/Popup/Popup_Butons'

2021-11-18 12:14:02 - [MESSAGE][INFO] - Checking timeout

2021-11-18 12:14:02 - [MESSAGE][INFO] - Finding web element with id: 'Object Repository/Popup/Popup_Butons' located by 'By.cssSelector: .modal-footer>button' in '10' second(s)

2021-11-18 12:14:02 - [MESSAGE][INFO] - Smart Wait Function is triggered

2021-11-18 12:14:02 - [MESSAGE][INFO] - Found 1 web elements with id: 'Object Repository/Popup/Popup_Butons' located by 'By.cssSelector: .modal-footer>button' in '10' second(s)

2021-11-18 12:14:02 - [MESSAGE][PASSED] - Method.TextDegerineEsitElementeTikla is PASSED

2021-11-18 12:14:02 - [MESSAGE][PASSED] - Call Test Case 'Test Cases/Tablo/Olusturma Tarihi' successfully

2021-11-18 12:14:02 - [MESSAGE][INFO] - Checking called Test Case

2021-11-18 12:14:02 - [MESSAGE][INFO] - Starting to call Test Case 'Test Cases/Butonlar/ButonaTikla'

2021-11-18 12:14:02 - [TEST_CASE][PASSED] - Test Cases/Butonlar/ButonaTikla: Test Cases/Butonlar/ButonaTikla

2021-11-18 12:14:02 - [TEST_STEP][PASSED] - Method.TextDegerineEsitElementeTiklaEquals(findTestObject("Butonlar/Butonlar"), Buton_Adi): Method.TextDegerineEsitElementeTiklaEquals is PASSED

2021-11-18 12:14:02 - [MESSAGE][INFO] - Finding Test Object 'Object Repository/Butonlar/Butonlar'

2021-11-18 12:14:03 - [MESSAGE][INFO] - Checking timeout

2021-11-18 12:14:03 - [MESSAGE][INFO] - Finding web element with id: 'Object Repository/Butonlar/Butonlar' located by 'By.cssSelector: .panel.panel-default.text-center.footerPanel .btn,.btn.btn-primary.btnControls' in '10' second(s)

2021-11-18 12:14:03 - [MESSAGE][INFO] - Smart Wait Function is triggered

2021-11-18 12:14:03 - [MESSAGE][INFO] - Found 9 web elements with id: 'Object Repository/Butonlar/Butonlar' located by 'By.cssSelector: .panel.panel-default.text-center.footerPanel .btn,.btn.btn-primary.btnControls' in '10' second(s)

2021-11-18 12:14:03 - [MESSAGE][PASSED] - Method.TextDegerineEsitElementeTiklaEquals is PASSED

2021-11-18 12:14:03 - [MESSAGE][PASSED] - Call Test Case 'Test Cases/Butonlar/ButonaTikla' successfully

2021-11-18 12:14:03 - [MESSAGE][INFO] - Checking called Test Case

2021-11-18 12:14:03 - [MESSAGE][INFO] - Starting to call Test Case 'Test Cases/Olusturma/Genel/GorselTasarimSayfasıBasligiIceriyorMu'

2021-11-18 12:14:03 - [TEST_CASE][PASSED] - Test Cases/Olusturma/Genel/GorselTasarimSayfasıBasligiIceriyorMu: Test Cases/Olusturma/Genel/GorselTasarimSayfasıBasligiIceriyorMu

2021-11-18 12:14:03 - [TEST_STEP][PASSED] - verifyElementText(findTestObject("Object Repository/Olusturma/Genel/GorselTasarimBaslik"), Baslik): Actual text and expected text of test object 'Object Repository/Olusturma/Genel/GorselTasarimBaslik' are matched.

2021-11-18 12:14:03 - [MESSAGE][INFO] - Finding Test Object 'Object Repository/Olusturma/Genel/GorselTasarimBaslik'

2021-11-18 12:14:03 - [MESSAGE][INFO] - Checking object

2021-11-18 12:14:03 - [MESSAGE][INFO] - Finding web element from Test Object's properties

2021-11-18 12:14:03 - [MESSAGE][INFO] - Checking timeout

2021-11-18 12:14:03 - [MESSAGE][INFO] - Finding web element with id: 'Object Repository/Olusturma/Genel/GorselTasarimBaslik' located by 'By.cssSelector: #flAlici_0>div>span' in '30' second(s)

2021-11-18 12:14:03 - [MESSAGE][INFO] - Smart Wait Function is triggered

2021-11-18 12:14:09 - [MESSAGE][INFO] - Found 1 web elements with id: 'Object Repository/Olusturma/Genel/GorselTasarimBaslik' located by 'By.cssSelector: #flAlici_0>div>span' in '30' second(s)

2021-11-18 12:14:09 - [MESSAGE][PASSED] - Actual text and expected text of test object 'Object Repository/Olusturma/Genel/GorselTasarimBaslik' are matched.

2021-11-18 12:14:09 - [MESSAGE][PASSED] - Call Test Case 'Test Cases/Olusturma/Genel/GorselTasarimSayfasıBasligiIceriyorMu' successfully

2021-11-18 12:14:09 - [MESSAGE][INFO] - Checking called Test Case

2021-11-18 12:14:09 - [MESSAGE][INFO] - Starting to call Test Case 'Test Cases/Olusturma/Genel/AliciSecilir'

2021-11-18 12:14:10 - [TEST_CASE][PASSED] - Test Cases/Olusturma/Genel/AliciSecilir: Test Cases/Olusturma/Genel/AliciSecilir

2021-11-18 12:14:10 - [TEST_STEP][PASSED] - click(findTestObject("Olusturma/Genel/AliciBilgisi/Alici_Ara")): Object: 'Object Repository/Olusturma/Genel/AliciBilgisi/Alici_Ara' is clicked on

2021-11-18 12:14:10 - [MESSAGE][INFO] - Finding Test Object 'Object Repository/Olusturma/Genel/AliciBilgisi/Alici_Ara'

2021-11-18 12:14:10 - [MESSAGE][INFO] - Checking object

2021-11-18 12:14:10 - [MESSAGE][INFO] - Finding web element from Test Object's properties

2021-11-18 12:14:10 - [MESSAGE][INFO] - Checking timeout

2021-11-18 12:14:10 - [MESSAGE][INFO] - Finding web element with id: 'Object Repository/Olusturma/Genel/AliciBilgisi/Alici_Ara' located by 'By.xpath: //td[@id='txtCustomerText_B-1']' in '30' second(s)

2021-11-18 12:14:10 - [MESSAGE][INFO] - Smart Wait Function is triggered

2021-11-18 12:14:10 - [MESSAGE][INFO] - Found 1 web elements with id: 'Object Repository/Olusturma/Genel/AliciBilgisi/Alici_Ara' located by 'By.xpath: //td[@id='txtCustomerText_B-1']' in '30' second(s)

2021-11-18 12:14:10 - [MESSAGE][INFO] - Clicking on object: 'Object Repository/Olusturma/Genel/AliciBilgisi/Alici_Ara'

2021-11-18 12:14:10 - [MESSAGE][PASSED] - Object: 'Object Repository/Olusturma/Genel/AliciBilgisi/Alici_Ara' is clicked on

2021-11-18 12:14:10 - [TEST_STEP][PASSED] - click(findTestObject("Olusturma/Genel/AliciBilgisi/Alici_Bilgisi")): Object: 'Object Repository/Olusturma/Genel/AliciBilgisi/Alici_Bilgisi' is clicked on

2021-11-18 12:14:10 - [MESSAGE][INFO] - Finding Test Object 'Object Repository/Olusturma/Genel/AliciBilgisi/Alici_Bilgisi'

2021-11-18 12:14:10 - [MESSAGE][INFO] - Checking object

2021-11-18 12:14:10 - [MESSAGE][INFO] - Finding web element from Test Object's properties

2021-11-18 12:14:10 - [MESSAGE][INFO] - Checking timeout

2021-11-18 12:14:10 - [MESSAGE][INFO] - Finding web element with id: 'Object Repository/Olusturma/Genel/AliciBilgisi/Alici_Bilgisi' located by 'By.xpath: //iframe[@id='customerselectiframe']' in '30' second(s)

2021-11-18 12:14:10 - [MESSAGE][INFO] - Smart Wait Function is triggered

2021-11-18 12:14:10 - [MESSAGE][INFO] - Found 1 web elements with id: 'Object Repository/Olusturma/Genel/AliciBilgisi/Alici_Bilgisi' located by 'By.xpath: //iframe[@id='customerselectiframe']' in '30' second(s)

2021-11-18 12:14:10 - [MESSAGE][INFO] - Clicking on object: 'Object Repository/Olusturma/Genel/AliciBilgisi/Alici_Bilgisi'

2021-11-18 12:14:10 - [MESSAGE][PASSED] - Object: 'Object Repository/Olusturma/Genel/AliciBilgisi/Alici_Bilgisi' is clicked on

2021-11-18 12:14:10 - [TEST_STEP][PASSED] - setText(findTestObject("Olusturma/Genel/AliciBilgisi/Alici_Gir"), Alici_Adi): Switching to default content

2021-11-18 12:14:10 - [MESSAGE][INFO] - Finding Test Object 'Object Repository/Olusturma/Genel/AliciBilgisi/Alici_Gir'

2021-11-18 12:14:10 - [MESSAGE][INFO] - Finding Test Object 'Object Repository/Olusturma/Genel/AliciBilgisi/Alici_Bilgisi'

2021-11-18 12:14:11 - [MESSAGE][INFO] - Checking object

2021-11-18 12:14:11 - [MESSAGE][INFO] - Checking text

2021-11-18 12:14:11 - [MESSAGE][INFO] - Object: 'Object Repository/Olusturma/Genel/AliciBilgisi/Alici_Gir' has parent object(s)

2021-11-18 12:14:11 - [MESSAGE][INFO] - Switching to iframe: 'Object Repository/Olusturma/Genel/AliciBilgisi/Alici_Bilgisi'

2021-11-18 12:14:11 - [MESSAGE][INFO] - Finding web element from Test Object's properties

2021-11-18 12:14:11 - [MESSAGE][INFO] - Checking timeout

2021-11-18 12:14:11 - [MESSAGE][INFO] - Finding web element with id: 'Object Repository/Olusturma/Genel/AliciBilgisi/Alici_Bilgisi' located by 'By.xpath: //iframe[@id='customerselectiframe']' in '30' second(s)

2021-11-18 12:14:11 - [MESSAGE][INFO] - Smart Wait Function is triggered

2021-11-18 12:14:11 - [MESSAGE][INFO] - Found 1 web elements with id: 'Object Repository/Olusturma/Genel/AliciBilgisi/Alici_Bilgisi' located by 'By.xpath: //iframe[@id='customerselectiframe']' in '30' second(s)

2021-11-18 12:14:11 - [MESSAGE][INFO] - Switched to iframe: 'Object Repository/Olusturma/Genel/AliciBilgisi/Alici_Bilgisi'

2021-11-18 12:14:11 - [MESSAGE][INFO] - Finding web element from Test Object's properties

2021-11-18 12:14:11 - [MESSAGE][INFO] - Checking timeout

2021-11-18 12:14:11 - [MESSAGE][INFO] - Finding web element with id: 'Object Repository/Olusturma/Genel/AliciBilgisi/Alici_Gir' located by 'By.xpath: //input[@id='GridViewCustomer_DXFREditorcol1_I']' in '30' second(s)

2021-11-18 12:14:11 - [MESSAGE][INFO] - Smart Wait Function is triggered

2021-11-18 12:14:11 - [MESSAGE][INFO] - Found 1 web elements with id: 'Object Repository/Olusturma/Genel/AliciBilgisi/Alici_Gir' located by 'By.xpath: //input[@id='GridViewCustomer_DXFREditorcol1_I']' in '30' second(s)

2021-11-18 12:14:11 - [MESSAGE][INFO] - Clearing text of object 'Object Repository/Olusturma/Genel/AliciBilgisi/Alici_Gir'

2021-11-18 12:14:11 - [MESSAGE][INFO] - Finding web element from Test Object's properties

2021-11-18 12:14:11 - [MESSAGE][INFO] - Checking timeout

2021-11-18 12:14:11 - [MESSAGE][INFO] - Finding web element with id: 'Object Repository/Olusturma/Genel/AliciBilgisi/Alici_Gir' located by 'By.xpath: //input[@id='GridViewCustomer_DXFREditorcol1_I']' in '30' second(s)

2021-11-18 12:14:11 - [MESSAGE][INFO] - Smart Wait Function is triggered

2021-11-18 12:14:11 - [MESSAGE][INFO] - Found 1 web elements with id: 'Object Repository/Olusturma/Genel/AliciBilgisi/Alici_Gir' located by 'By.xpath: //input[@id='GridViewCustomer_DXFREditorcol1_I']' in '30' second(s)

2021-11-18 12:14:11 - [MESSAGE][INFO] - Setting text of object 'Object Repository/Olusturma/Genel/AliciBilgisi/Alici_Gir' to value 'UC0010'

2021-11-18 12:14:11 - [MESSAGE][PASSED] - Text 'UC0010' is set on object 'Object Repository/Olusturma/Genel/AliciBilgisi/Alici_Gir'

2021-11-18 12:14:11 - [MESSAGE][INFO] - Switching to default content

2021-11-18 12:14:11 - [TEST_STEP][PASSED] - waitForElementClickable(findTestObject("Olusturma/Genel/AliciBilgisi/Alici_Adi"), 10): Switching to default content

2021-11-18 12:14:11 - [MESSAGE][INFO] - Finding Test Object 'Object Repository/Olusturma/Genel/AliciBilgisi/Alici_Adi'

2021-11-18 12:14:11 - [MESSAGE][INFO] - Finding Test Object 'Object Repository/Olusturma/Genel/AliciBilgisi/iframe_Alc Bilgisi_customerselectiframe'

2021-11-18 12:14:11 - [MESSAGE][INFO] - Checking object

2021-11-18 12:14:11 - [MESSAGE][INFO] - Checking timeout

2021-11-18 12:14:11 - [MESSAGE][INFO] - Object: 'Object Repository/Olusturma/Genel/AliciBilgisi/Alici_Adi' has parent object(s)

2021-11-18 12:14:11 - [MESSAGE][INFO] - Switching to iframe: 'Object Repository/Olusturma/Genel/AliciBilgisi/iframe_Alc Bilgisi_customerselectiframe'

2021-11-18 12:14:11 - [MESSAGE][INFO] - Finding web element from Test Object's properties

2021-11-18 12:14:11 - [MESSAGE][INFO] - Checking timeout

2021-11-18 12:14:11 - [MESSAGE][INFO] - Finding web element with id: 'Object Repository/Olusturma/Genel/AliciBilgisi/iframe_Alc Bilgisi_customerselectiframe' located by 'By.xpath: //iframe[@id='customerselectiframe']' in '10' second(s)

2021-11-18 12:14:11 - [MESSAGE][INFO] - Smart Wait Function is triggered

2021-11-18 12:14:11 - [MESSAGE][INFO] - Found 1 web elements with id: 'Object Repository/Olusturma/Genel/AliciBilgisi/iframe_Alc Bilgisi_customerselectiframe' located by 'By.xpath: //iframe[@id='customerselectiframe']' in '10' second(s)

2021-11-18 12:14:11 - [MESSAGE][INFO] - Switched to iframe: 'Object Repository/Olusturma/Genel/AliciBilgisi/iframe_Alc Bilgisi_customerselectiframe'

2021-11-18 12:14:11 - [MESSAGE][INFO] - Finding web element from Test Object's properties

2021-11-18 12:14:11 - [MESSAGE][INFO] - Checking timeout

2021-11-18 12:14:11 - [MESSAGE][INFO] - Finding web element with id: 'Object Repository/Olusturma/Genel/AliciBilgisi/Alici_Adi' located by 'By.xpath: //tr[@id='GridViewCustomer_DXDataRow0']/td[2]' in '10' second(s)

2021-11-18 12:14:11 - [MESSAGE][INFO] - Smart Wait Function is triggered

2021-11-18 12:14:11 - [MESSAGE][INFO] - Found 1 web elements with id: 'Object Repository/Olusturma/Genel/AliciBilgisi/Alici_Adi' located by 'By.xpath: //tr[@id='GridViewCustomer_DXDataRow0']/td[2]' in '10' second(s)

2021-11-18 12:14:11 - [MESSAGE][PASSED] - Object 'Object Repository/Olusturma/Genel/AliciBilgisi/Alici_Adi' is clickable

2021-11-18 12:14:11 - [MESSAGE][INFO] - Switching to default content

2021-11-18 12:14:11 - [TEST_STEP][PASSED] - click(findTestObject("Olusturma/Genel/AliciBilgisi/frame")): Switching to default content

2021-11-18 12:14:11 - [MESSAGE][INFO] - Finding Test Object 'Object Repository/Olusturma/Genel/AliciBilgisi/frame'

2021-11-18 12:14:12 - [MESSAGE][INFO] - Finding Test Object 'Object Repository/Olusturma/Genel/AliciBilgisi/iframe_Alc Bilgisi_customerselectiframe'

2021-11-18 12:14:12 - [MESSAGE][INFO] - Checking object

2021-11-18 12:14:12 - [MESSAGE][INFO] - Object: 'Object Repository/Olusturma/Genel/AliciBilgisi/frame' has parent object(s)

2021-11-18 12:14:12 - [MESSAGE][INFO] - Switching to iframe: 'Object Repository/Olusturma/Genel/AliciBilgisi/iframe_Alc Bilgisi_customerselectiframe'

2021-11-18 12:14:12 - [MESSAGE][INFO] - Finding web element from Test Object's properties

2021-11-18 12:14:12 - [MESSAGE][INFO] - Checking timeout

2021-11-18 12:14:12 - [MESSAGE][INFO] - Finding web element with id: 'Object Repository/Olusturma/Genel/AliciBilgisi/iframe_Alc Bilgisi_customerselectiframe' located by 'By.xpath: //iframe[@id='customerselectiframe']' in '30' second(s)

2021-11-18 12:14:12 - [MESSAGE][INFO] - Smart Wait Function is triggered

2021-11-18 12:14:12 - [MESSAGE][INFO] - Found 1 web elements with id: 'Object Repository/Olusturma/Genel/AliciBilgisi/iframe_Alc Bilgisi_customerselectiframe' located by 'By.xpath: //iframe[@id='customerselectiframe']' in '30' second(s)

2021-11-18 12:14:12 - [MESSAGE][INFO] - Switched to iframe: 'Object Repository/Olusturma/Genel/AliciBilgisi/iframe_Alc Bilgisi_customerselectiframe'

2021-11-18 12:14:12 - [MESSAGE][INFO] - Finding web element from Test Object's properties

2021-11-18 12:14:12 - [MESSAGE][INFO] - Checking timeout

2021-11-18 12:14:12 - [MESSAGE][INFO] - Finding web element with id: 'Object Repository/Olusturma/Genel/AliciBilgisi/frame' located by 'By.xpath: //*/text()[normalize-space(.)='']/parent::*' in '30' second(s)

2021-11-18 12:14:12 - [MESSAGE][INFO] - Smart Wait Function is triggered

2021-11-18 12:14:12 - [MESSAGE][INFO] - Found 65 web elements with id: 'Object Repository/Olusturma/Genel/AliciBilgisi/frame' located by 'By.xpath: //*/text()[normalize-space(.)='']/parent::*' in '30' second(s)

2021-11-18 12:14:12 - [MESSAGE][INFO] - Clicking on object: 'Object Repository/Olusturma/Genel/AliciBilgisi/frame'

2021-11-18 12:14:12 - [MESSAGE][PASSED] - Object: 'Object Repository/Olusturma/Genel/AliciBilgisi/frame' is clicked on

2021-11-18 12:14:12 - [MESSAGE][INFO] - Switching to default content

2021-11-18 12:14:12 - [TEST_STEP][PASSED] - click(findTestObject("Olusturma/Genel/AliciBilgisi/Alici_Adi")): Switching to default content

2021-11-18 12:14:12 - [MESSAGE][INFO] - Finding Test Object 'Object Repository/Olusturma/Genel/AliciBilgisi/Alici_Adi'

2021-11-18 12:14:12 - [MESSAGE][INFO] - Finding Test Object 'Object Repository/Olusturma/Genel/AliciBilgisi/iframe_Alc Bilgisi_customerselectiframe'

2021-11-18 12:14:12 - [MESSAGE][INFO] - Checking object

2021-11-18 12:14:12 - [MESSAGE][INFO] - Object: 'Object Repository/Olusturma/Genel/AliciBilgisi/Alici_Adi' has parent object(s)

2021-11-18 12:14:12 - [MESSAGE][INFO] - Switching to iframe: 'Object Repository/Olusturma/Genel/AliciBilgisi/iframe_Alc Bilgisi_customerselectiframe'

2021-11-18 12:14:12 - [MESSAGE][INFO] - Finding web element from Test Object's properties

2021-11-18 12:14:12 - [MESSAGE][INFO] - Checking timeout

2021-11-18 12:14:12 - [MESSAGE][INFO] - Finding web element with id: 'Object Repository/Olusturma/Genel/AliciBilgisi/iframe_Alc Bilgisi_customerselectiframe' located by 'By.xpath: //iframe[@id='customerselectiframe']' in '30' second(s)

2021-11-18 12:14:12 - [MESSAGE][INFO] - Smart Wait Function is triggered

2021-11-18 12:14:12 - [MESSAGE][INFO] - Found 1 web elements with id: 'Object Repository/Olusturma/Genel/AliciBilgisi/iframe_Alc Bilgisi_customerselectiframe' located by 'By.xpath: //iframe[@id='customerselectiframe']' in '30' second(s)

2021-11-18 12:14:12 - [MESSAGE][INFO] - Switched to iframe: 'Object Repository/Olusturma/Genel/AliciBilgisi/iframe_Alc Bilgisi_customerselectiframe'

2021-11-18 12:14:12 - [MESSAGE][INFO] - Finding web element from Test Object's properties

2021-11-18 12:14:12 - [MESSAGE][INFO] - Checking timeout

2021-11-18 12:14:12 - [MESSAGE][INFO] - Finding web element with id: 'Object Repository/Olusturma/Genel/AliciBilgisi/Alici_Adi' located by 'By.xpath: //tr[@id='GridViewCustomer_DXDataRow0']/td[2]' in '30' second(s)

2021-11-18 12:14:12 - [MESSAGE][INFO] - Smart Wait Function is triggered

2021-11-18 12:14:12 - [MESSAGE][INFO] - Found 1 web elements with id: 'Object Repository/Olusturma/Genel/AliciBilgisi/Alici_Adi' located by 'By.xpath: //tr[@id='GridViewCustomer_DXDataRow0']/td[2]' in '30' second(s)

2021-11-18 12:14:12 - [MESSAGE][INFO] - Clicking on object: 'Object Repository/Olusturma/Genel/AliciBilgisi/Alici_Adi'

2021-11-18 12:14:13 - [MESSAGE][PASSED] - Object: 'Object Repository/Olusturma/Genel/AliciBilgisi/Alici_Adi' is clicked on

2021-11-18 12:14:13 - [MESSAGE][INFO] - Switching to default content

2021-11-18 12:14:13 - [TEST_STEP][PASSED] - click(findTestObject("Olusturma/Genel/AliciBilgisi/Tamam_Bosluk")): Switching to default content

2021-11-18 12:14:13 - [MESSAGE][INFO] - Finding Test Object 'Object Repository/Olusturma/Genel/AliciBilgisi/Tamam_Bosluk'

2021-11-18 12:14:13 - [MESSAGE][INFO] - Finding Test Object 'Object Repository/Olusturma/Genel/AliciBilgisi/Alici_Bilgisi'

2021-11-18 12:14:13 - [MESSAGE][INFO] - Checking object

2021-11-18 12:14:13 - [MESSAGE][INFO] - Object: 'Object Repository/Olusturma/Genel/AliciBilgisi/Tamam_Bosluk' has parent object(s)

2021-11-18 12:14:13 - [MESSAGE][INFO] - Switching to iframe: 'Object Repository/Olusturma/Genel/AliciBilgisi/Alici_Bilgisi'

2021-11-18 12:14:13 - [MESSAGE][INFO] - Finding web element from Test Object's properties

2021-11-18 12:14:13 - [MESSAGE][INFO] - Checking timeout

2021-11-18 12:14:13 - [MESSAGE][INFO] - Finding web element with id: 'Object Repository/Olusturma/Genel/AliciBilgisi/Alici_Bilgisi' located by 'By.xpath: //iframe[@id='customerselectiframe']' in '30' second(s)

2021-11-18 12:14:13 - [MESSAGE][INFO] - Smart Wait Function is triggered

2021-11-18 12:14:13 - [MESSAGE][INFO] - Found 1 web elements with id: 'Object Repository/Olusturma/Genel/AliciBilgisi/Alici_Bilgisi' located by 'By.xpath: //iframe[@id='customerselectiframe']' in '30' second(s)

2021-11-18 12:14:13 - [MESSAGE][INFO] - Switched to iframe: 'Object Repository/Olusturma/Genel/AliciBilgisi/Alici_Bilgisi'

2021-11-18 12:14:13 - [MESSAGE][INFO] - Finding web element from Test Object's properties

2021-11-18 12:14:13 - [MESSAGE][INFO] - Checking timeout

2021-11-18 12:14:13 - [MESSAGE][INFO] - Finding web element with id: 'Object Repository/Olusturma/Genel/AliciBilgisi/Tamam_Bosluk' located by 'By.xpath: (.//*[normalize-space(text()) and normalize-space(.)='Sayfa Boyutu:'])[1]/following::div[7]' in '30' second(s)

2021-11-18 12:14:13 - [MESSAGE][INFO] - Smart Wait Function is triggered

2021-11-18 12:14:13 - [MESSAGE][INFO] - Found 1 web elements with id: 'Object Repository/Olusturma/Genel/AliciBilgisi/Tamam_Bosluk' located by 'By.xpath: (.//*[normalize-space(text()) and normalize-space(.)='Sayfa Boyutu:'])[1]/following::div[7]' in '30' second(s)

2021-11-18 12:14:13 - [MESSAGE][INFO] - Clicking on object: 'Object Repository/Olusturma/Genel/AliciBilgisi/Tamam_Bosluk'

2021-11-18 12:14:13 - [MESSAGE][PASSED] - Object: 'Object Repository/Olusturma/Genel/AliciBilgisi/Tamam_Bosluk' is clicked on

2021-11-18 12:14:13 - [MESSAGE][INFO] - Switching to default content

2021-11-18 12:14:13 - [TEST_STEP][PASSED] - waitForElementClickable(findTestObject("Olusturma/Genel/AliciBilgisi/Tamam_Butonu"), 10): Switching to default content

2021-11-18 12:14:13 - [MESSAGE][INFO] - Finding Test Object 'Object Repository/Olusturma/Genel/AliciBilgisi/Tamam_Butonu'

2021-11-18 12:14:13 - [MESSAGE][INFO] - Finding Test Object 'Object Repository/Olusturma/Genel/AliciBilgisi/Alici_Bilgisi'

2021-11-18 12:14:13 - [MESSAGE][INFO] - Checking object

2021-11-18 12:14:13 - [MESSAGE][INFO] - Checking timeout

2021-11-18 12:14:13 - [MESSAGE][INFO] - Object: 'Object Repository/Olusturma/Genel/AliciBilgisi/Tamam_Butonu' has parent object(s)

2021-11-18 12:14:13 - [MESSAGE][INFO] - Switching to iframe: 'Object Repository/Olusturma/Genel/AliciBilgisi/Alici_Bilgisi'

2021-11-18 12:14:13 - [MESSAGE][INFO] - Finding web element from Test Object's properties

2021-11-18 12:14:13 - [MESSAGE][INFO] - Checking timeout

2021-11-18 12:14:13 - [MESSAGE][INFO] - Finding web element with id: 'Object Repository/Olusturma/Genel/AliciBilgisi/Alici_Bilgisi' located by 'By.xpath: //iframe[@id='customerselectiframe']' in '10' second(s)

2021-11-18 12:14:13 - [MESSAGE][INFO] - Smart Wait Function is triggered

2021-11-18 12:14:14 - [MESSAGE][INFO] - Found 1 web elements with id: 'Object Repository/Olusturma/Genel/AliciBilgisi/Alici_Bilgisi' located by 'By.xpath: //iframe[@id='customerselectiframe']' in '10' second(s)

2021-11-18 12:14:14 - [MESSAGE][INFO] - Switched to iframe: 'Object Repository/Olusturma/Genel/AliciBilgisi/Alici_Bilgisi'

2021-11-18 12:14:14 - [MESSAGE][INFO] - Finding web element from Test Object's properties

2021-11-18 12:14:14 - [MESSAGE][INFO] - Checking timeout

2021-11-18 12:14:14 - [MESSAGE][INFO] - Finding web element with id: 'Object Repository/Olusturma/Genel/AliciBilgisi/Tamam_Butonu' located by 'By.xpath: //div[@id='btnSelectCustomer_CD']/span' in '10' second(s)

2021-11-18 12:14:14 - [MESSAGE][INFO] - Smart Wait Function is triggered

2021-11-18 12:14:14 - [MESSAGE][INFO] - Found 1 web elements with id: 'Object Repository/Olusturma/Genel/AliciBilgisi/Tamam_Butonu' located by 'By.xpath: //div[@id='btnSelectCustomer_CD']/span' in '10' second(s)

2021-11-18 12:14:14 - [MESSAGE][PASSED] - Object 'Object Repository/Olusturma/Genel/AliciBilgisi/Tamam_Butonu' is clickable

2021-11-18 12:14:14 - [MESSAGE][INFO] - Switching to default content

2021-11-18 12:14:14 - [TEST_STEP][PASSED] - click(findTestObject("Olusturma/Genel/AliciBilgisi/Tamam_Butonu")): Switching to default content

2021-11-18 12:14:14 - [MESSAGE][INFO] - Finding Test Object 'Object Repository/Olusturma/Genel/AliciBilgisi/Tamam_Butonu'

2021-11-18 12:14:14 - [MESSAGE][INFO] - Finding Test Object 'Object Repository/Olusturma/Genel/AliciBilgisi/Alici_Bilgisi'

2021-11-18 12:14:14 - [MESSAGE][INFO] - Checking object

2021-11-18 12:14:14 - [MESSAGE][INFO] - Object: 'Object Repository/Olusturma/Genel/AliciBilgisi/Tamam_Butonu' has parent object(s)

2021-11-18 12:14:14 - [MESSAGE][INFO] - Switching to iframe: 'Object Repository/Olusturma/Genel/AliciBilgisi/Alici_Bilgisi'

2021-11-18 12:14:14 - [MESSAGE][INFO] - Finding web element from Test Object's properties

2021-11-18 12:14:14 - [MESSAGE][INFO] - Checking timeout

2021-11-18 12:14:14 - [MESSAGE][INFO] - Finding web element with id: 'Object Repository/Olusturma/Genel/AliciBilgisi/Alici_Bilgisi' located by 'By.xpath: //iframe[@id='customerselectiframe']' in '30' second(s)

2021-11-18 12:14:14 - [MESSAGE][INFO] - Smart Wait Function is triggered

2021-11-18 12:14:14 - [MESSAGE][INFO] - Found 1 web elements with id: 'Object Repository/Olusturma/Genel/AliciBilgisi/Alici_Bilgisi' located by 'By.xpath: //iframe[@id='customerselectiframe']' in '30' second(s)

2021-11-18 12:14:14 - [MESSAGE][INFO] - Switched to iframe: 'Object Repository/Olusturma/Genel/AliciBilgisi/Alici_Bilgisi'

2021-11-18 12:14:14 - [MESSAGE][INFO] - Finding web element from Test Object's properties

2021-11-18 12:14:14 - [MESSAGE][INFO] - Checking timeout

2021-11-18 12:14:14 - [MESSAGE][INFO] - Finding web element with id: 'Object Repository/Olusturma/Genel/AliciBilgisi/Tamam_Butonu' located by 'By.xpath: //div[@id='btnSelectCustomer_CD']/span' in '30' second(s)

2021-11-18 12:14:14 - [MESSAGE][INFO] - Smart Wait Function is triggered

2021-11-18 12:14:14 - [MESSAGE][INFO] - Found 1 web elements with id: 'Object Repository/Olusturma/Genel/AliciBilgisi/Tamam_Butonu' located by 'By.xpath: //div[@id='btnSelectCustomer_CD']/span' in '30' second(s)

2021-11-18 12:14:14 - [MESSAGE][INFO] - Clicking on object: 'Object Repository/Olusturma/Genel/AliciBilgisi/Tamam_Butonu'

2021-11-18 12:14:14 - [MESSAGE][PASSED] - Object: 'Object Repository/Olusturma/Genel/AliciBilgisi/Tamam_Butonu' is clicked on

2021-11-18 12:14:14 - [MESSAGE][INFO] - Switching to default content

2021-11-18 12:14:14 - [TEST_STEP][PASSED] - waitForElementPresent(findTestObject("Olusturma/Genel/AliciBilgisi/VKN-TCKN"), 10): Object 'Object Repository/Olusturma/Genel/AliciBilgisi/VKN-TCKN' is present

2021-11-18 12:14:14 - [MESSAGE][INFO] - Finding Test Object 'Object Repository/Olusturma/Genel/AliciBilgisi/VKN-TCKN'

2021-11-18 12:14:14 - [MESSAGE][INFO] - Checking object

2021-11-18 12:14:14 - [MESSAGE][INFO] - Finding web element from Test Object's properties

2021-11-18 12:14:14 - [MESSAGE][INFO] - Checking timeout

2021-11-18 12:14:14 - [MESSAGE][INFO] - Finding web element with id: 'Object Repository/Olusturma/Genel/AliciBilgisi/VKN-TCKN' located by 'By.xpath: //*[@id = 'txtVknTckn_I']' in '10' second(s)

2021-11-18 12:14:14 - [MESSAGE][INFO] - Smart Wait Function is triggered

2021-11-18 12:14:15 - [MESSAGE][INFO] - Found 1 web elements with id: 'Object Repository/Olusturma/Genel/AliciBilgisi/VKN-TCKN' located by 'By.xpath: //*[@id = 'txtVknTckn_I']' in '10' second(s)

2021-11-18 12:14:15 - [MESSAGE][PASSED] - Object 'Object Repository/Olusturma/Genel/AliciBilgisi/VKN-TCKN' is present

2021-11-18 12:14:15 - [TEST_STEP][PASSED] - text = getAttribute(findTestObject("Olusturma/Genel/AliciBilgisi/VKN-TCKN"), "value"): Attribute 'value' of object 'Object Repository/Olusturma/Genel/AliciBilgisi/VKN-TCKN' is: '5326376795'

2021-11-18 12:14:15 - [MESSAGE][INFO] - Finding Test Object 'Object Repository/Olusturma/Genel/AliciBilgisi/VKN-TCKN'

2021-11-18 12:14:15 - [MESSAGE][INFO] - Checking object

2021-11-18 12:14:15 - [MESSAGE][INFO] - Checking attribute

2021-11-18 12:14:15 - [MESSAGE][INFO] - Finding web element from Test Object's properties

2021-11-18 12:14:15 - [MESSAGE][INFO] - Checking timeout

2021-11-18 12:14:15 - [MESSAGE][INFO] - Finding web element with id: 'Object Repository/Olusturma/Genel/AliciBilgisi/VKN-TCKN' located by 'By.xpath: //*[@id = 'txtVknTckn_I']' in '30' second(s)

2021-11-18 12:14:15 - [MESSAGE][INFO] - Smart Wait Function is triggered

2021-11-18 12:14:15 - [MESSAGE][INFO] - Found 1 web elements with id: 'Object Repository/Olusturma/Genel/AliciBilgisi/VKN-TCKN' located by 'By.xpath: //*[@id = 'txtVknTckn_I']' in '30' second(s)

2021-11-18 12:14:15 - [MESSAGE][INFO] - Getting attribute 'value' of object 'Object Repository/Olusturma/Genel/AliciBilgisi/VKN-TCKN'

2021-11-18 12:14:15 - [MESSAGE][PASSED] - Attribute 'value' of object 'Object Repository/Olusturma/Genel/AliciBilgisi/VKN-TCKN' is: '5326376795'

2021-11-18 12:14:15 - [TEST_STEP][PASSED] - if (text.equals("")): null

2021-11-18 12:14:15 - [MESSAGE][PASSED] - Call Test Case 'Test Cases/Olusturma/Genel/AliciSecilir' successfully

2021-11-18 12:14:15 - [MESSAGE][INFO] - Checking called Test Case

2021-11-18 12:14:15 - [MESSAGE][INFO] - Starting to call Test Case 'Test Cases/Olusturma/Genel/GonderimSekliSecilir'

2021-11-18 12:14:15 - [TEST_CASE][PASSED] - Test Cases/Olusturma/Genel/GonderimSekliSecilir: Test Cases/Olusturma/Genel/GonderimSekliSecilir

2021-11-18 12:14:15 - [TEST_STEP][PASSED] - waitForElementClickable(findTestObject("Object Repository/Olusturma/Genel/GonderimSekli/GonderimSekli"), 10): Object 'Object Repository/Olusturma/Genel/GonderimSekli/GonderimSekli' is clickable

2021-11-18 12:14:15 - [MESSAGE][INFO] - Finding Test Object 'Object Repository/Olusturma/Genel/GonderimSekli/GonderimSekli'

2021-11-18 12:14:15 - [MESSAGE][INFO] - Checking object

2021-11-18 12:14:15 - [MESSAGE][INFO] - Checking timeout

2021-11-18 12:14:15 - [MESSAGE][INFO] - Finding web element from Test Object's properties

2021-11-18 12:14:15 - [MESSAGE][INFO] - Checking timeout

2021-11-18 12:14:15 - [MESSAGE][INFO] - Finding web element with id: 'Object Repository/Olusturma/Genel/GonderimSekli/GonderimSekli' located by 'By.xpath: //*[@id = 'txtGonderimSekil_I']' in '10' second(s)

2021-11-18 12:14:15 - [MESSAGE][INFO] - Smart Wait Function is triggered

2021-11-18 12:14:16 - [MESSAGE][INFO] - Found 1 web elements with id: 'Object Repository/Olusturma/Genel/GonderimSekli/GonderimSekli' located by 'By.xpath: //*[@id = 'txtGonderimSekil_I']' in '10' second(s)

2021-11-18 12:14:16 - [MESSAGE][PASSED] - Object 'Object Repository/Olusturma/Genel/GonderimSekli/GonderimSekli' is clickable

2021-11-18 12:14:16 - [TEST_STEP][PASSED] - click(findTestObject("Object Repository/Olusturma/Genel/GonderimSekli/GonderimSekli")): Object: 'Object Repository/Olusturma/Genel/GonderimSekli/GonderimSekli' is clicked on

2021-11-18 12:14:16 - [MESSAGE][INFO] - Finding Test Object 'Object Repository/Olusturma/Genel/GonderimSekli/GonderimSekli'

2021-11-18 12:14:16 - [MESSAGE][INFO] - Checking object

2021-11-18 12:14:16 - [MESSAGE][INFO] - Finding web element from Test Object's properties

2021-11-18 12:14:16 - [MESSAGE][INFO] - Checking timeout

2021-11-18 12:14:16 - [MESSAGE][INFO] - Finding web element with id: 'Object Repository/Olusturma/Genel/GonderimSekli/GonderimSekli' located by 'By.xpath: //*[@id = 'txtGonderimSekil_I']' in '30' second(s)

2021-11-18 12:14:16 - [MESSAGE][INFO] - Smart Wait Function is triggered

2021-11-18 12:14:16 - [MESSAGE][INFO] - Found 1 web elements with id: 'Object Repository/Olusturma/Genel/GonderimSekli/GonderimSekli' located by 'By.xpath: //*[@id = 'txtGonderimSekil_I']' in '30' second(s)

2021-11-18 12:14:16 - [MESSAGE][INFO] - Clicking on object: 'Object Repository/Olusturma/Genel/GonderimSekli/GonderimSekli'

2021-11-18 12:14:16 - [MESSAGE][PASSED] - Object: 'Object Repository/Olusturma/Genel/GonderimSekli/GonderimSekli' is clicked on

2021-11-18 12:14:16 - [TEST_STEP][PASSED] - Method.TextDegerineEsitElementeTikla(findTestObject("Object Repository/Olusturma/Genel/GonderimSekli/GonderimSekliAdi"), GonderimSekli): Method.TextDegerineEsitElementeTikla is PASSED

2021-11-18 12:14:16 - [MESSAGE][INFO] - Finding Test Object 'Object Repository/Olusturma/Genel/GonderimSekli/GonderimSekliAdi'

2021-11-18 12:14:16 - [MESSAGE][INFO] - Checking timeout

2021-11-18 12:14:16 - [MESSAGE][INFO] - Finding web element with id: 'Object Repository/Olusturma/Genel/GonderimSekli/GonderimSekliAdi' located by 'By.cssSelector: #txtGonderimSekil_DDD_L_LBT td' in '10' second(s)

2021-11-18 12:14:16 - [MESSAGE][INFO] - Smart Wait Function is triggered

2021-11-18 12:14:16 - [MESSAGE][INFO] - Found 2 web elements with id: 'Object Repository/Olusturma/Genel/GonderimSekli/GonderimSekliAdi' located by 'By.cssSelector: #txtGonderimSekil_DDD_L_LBT td' in '10' second(s)

2021-11-18 12:14:17 - [MESSAGE][PASSED] - Method.TextDegerineEsitElementeTikla is PASSED

2021-11-18 12:14:17 - [MESSAGE][PASSED] - Call Test Case 'Test Cases/Olusturma/Genel/GonderimSekliSecilir' successfully

2021-11-18 12:14:17 - [MESSAGE][INFO] - Checking called Test Case

2021-11-18 12:14:17 - [MESSAGE][INFO] - Starting to call Test Case 'Test Cases/Olusturma/Genel/TipSecilir'

2021-11-18 12:14:17 - [TEST_CASE][PASSED] - Test Cases/Olusturma/Genel/TipSecilir: Test Cases/Olusturma/Genel/TipSecilir

2021-11-18 12:14:17 - [TEST_STEP][PASSED] - waitForElementClickable(findTestObject("Olusturma/Genel/TipSecilir/Tip"), 10): Object 'Object Repository/Olusturma/Genel/TipSecilir/Tip' is clickable

2021-11-18 12:14:17 - [MESSAGE][INFO] - Finding Test Object 'Object Repository/Olusturma/Genel/TipSecilir/Tip'

2021-11-18 12:14:17 - [MESSAGE][INFO] - Checking object

2021-11-18 12:14:17 - [MESSAGE][INFO] - Checking timeout

2021-11-18 12:14:17 - [MESSAGE][INFO] - Finding web element from Test Object's properties

2021-11-18 12:14:17 - [MESSAGE][INFO] - Checking timeout

2021-11-18 12:14:17 - [MESSAGE][INFO] - Finding web element with id: 'Object Repository/Olusturma/Genel/TipSecilir/Tip' located by 'By.xpath: //*[@id = 'DocumentTypeCode_I']' in '10' second(s)

2021-11-18 12:14:17 - [MESSAGE][INFO] - Smart Wait Function is triggered

2021-11-18 12:14:17 - [MESSAGE][INFO] - Found 1 web elements with id: 'Object Repository/Olusturma/Genel/TipSecilir/Tip' located by 'By.xpath: //*[@id = 'DocumentTypeCode_I']' in '10' second(s)

2021-11-18 12:14:17 - [MESSAGE][PASSED] - Object 'Object Repository/Olusturma/Genel/TipSecilir/Tip' is clickable

2021-11-18 12:14:17 - [TEST_STEP][PASSED] - click(findTestObject("Olusturma/Genel/TipSecilir/Tip")): Object: 'Object Repository/Olusturma/Genel/TipSecilir/Tip' is clicked on

2021-11-18 12:14:17 - [MESSAGE][INFO] - Finding Test Object 'Object Repository/Olusturma/Genel/TipSecilir/Tip'

2021-11-18 12:14:17 - [MESSAGE][INFO] - Checking object

2021-11-18 12:14:17 - [MESSAGE][INFO] - Finding web element from Test Object's properties

2021-11-18 12:14:17 - [MESSAGE][INFO] - Checking timeout

2021-11-18 12:14:17 - [MESSAGE][INFO] - Finding web element with id: 'Object Repository/Olusturma/Genel/TipSecilir/Tip' located by 'By.xpath: //*[@id = 'DocumentTypeCode_I']' in '30' second(s)

2021-11-18 12:14:17 - [MESSAGE][INFO] - Smart Wait Function is triggered

2021-11-18 12:14:17 - [MESSAGE][INFO] - Found 1 web elements with id: 'Object Repository/Olusturma/Genel/TipSecilir/Tip' located by 'By.xpath: //*[@id = 'DocumentTypeCode_I']' in '30' second(s)

2021-11-18 12:14:17 - [MESSAGE][INFO] - Clicking on object: 'Object Repository/Olusturma/Genel/TipSecilir/Tip'

2021-11-18 12:14:17 - [MESSAGE][PASSED] - Object: 'Object Repository/Olusturma/Genel/TipSecilir/Tip' is clicked on

2021-11-18 12:14:17 - [TEST_STEP][PASSED] - Method.TextDegerineEsitElementeTikla(findTestObject("Object Repository/Olusturma/Genel/TipSecilir/Tip_Adi"), Tip): Method.TextDegerineEsitElementeTikla is PASSED

2021-11-18 12:14:17 - [MESSAGE][INFO] - Finding Test Object 'Object Repository/Olusturma/Genel/TipSecilir/Tip_Adi'

2021-11-18 12:14:18 - [MESSAGE][INFO] - Checking timeout

2021-11-18 12:14:18 - [MESSAGE][INFO] - Finding web element with id: 'Object Repository/Olusturma/Genel/TipSecilir/Tip_Adi' located by 'By.cssSelector: #DocumentTypeCode_DDD_L_LBT td' in '10' second(s)

2021-11-18 12:14:18 - [MESSAGE][INFO] - Smart Wait Function is triggered

2021-11-18 12:14:18 - [MESSAGE][INFO] - Found 9 web elements with id: 'Object Repository/Olusturma/Genel/TipSecilir/Tip_Adi' located by 'By.cssSelector: #DocumentTypeCode_DDD_L_LBT td' in '10' second(s)

2021-11-18 12:14:18 - [MESSAGE][PASSED] - Method.TextDegerineEsitElementeTikla is PASSED

2021-11-18 12:14:18 - [MESSAGE][PASSED] - Call Test Case 'Test Cases/Olusturma/Genel/TipSecilir' successfully

2021-11-18 12:14:18 - [MESSAGE][INFO] - Checking called Test Case

2021-11-18 12:14:18 - [MESSAGE][INFO] - Starting to call Test Case 'Test Cases/Olusturma/Genel/DokumanParaBirimiSecilir'

2021-11-18 12:14:18 - [TEST_CASE][PASSED] - Test Cases/Olusturma/Genel/DokumanParaBirimiSecilir: Test Cases/Olusturma/Genel/DokumanParaBirimiSecilir

2021-11-18 12:14:18 - [TEST_STEP][PASSED] - waitForElementClickable(findTestObject("Object Repository/Olusturma/Genel/DokumanParaBirimiSecilir/Para"), 10): Object 'Object Repository/Olusturma/Genel/DokumanParaBirimiSecilir/Para' is clickable

2021-11-18 12:14:18 - [MESSAGE][INFO] - Finding Test Object 'Object Repository/Olusturma/Genel/DokumanParaBirimiSecilir/Para'

2021-11-18 12:14:18 - [MESSAGE][INFO] - Checking object

2021-11-18 12:14:18 - [MESSAGE][INFO] - Checking timeout

2021-11-18 12:14:18 - [MESSAGE][INFO] - Finding web element from Test Object's properties

2021-11-18 12:14:18 - [MESSAGE][INFO] - Checking timeout

2021-11-18 12:14:18 - [MESSAGE][INFO] - Finding web element with id: 'Object Repository/Olusturma/Genel/DokumanParaBirimiSecilir/Para' located by 'By.xpath: //*[@id = 'CurrencyUnit_I']' in '10' second(s)

2021-11-18 12:14:18 - [MESSAGE][INFO] - Smart Wait Function is triggered

2021-11-18 12:14:19 - [MESSAGE][INFO] - Found 1 web elements with id: 'Object Repository/Olusturma/Genel/DokumanParaBirimiSecilir/Para' located by 'By.xpath: //*[@id = 'CurrencyUnit_I']' in '10' second(s)

2021-11-18 12:14:19 - [MESSAGE][PASSED] - Object 'Object Repository/Olusturma/Genel/DokumanParaBirimiSecilir/Para' is clickable

2021-11-18 12:14:19 - [TEST_STEP][PASSED] - click(findTestObject("Object Repository/Olusturma/Genel/DokumanParaBirimiSecilir/Para")): Object: 'Object Repository/Olusturma/Genel/DokumanParaBirimiSecilir/Para' is clicked on

2021-11-18 12:14:19 - [MESSAGE][INFO] - Finding Test Object 'Object Repository/Olusturma/Genel/DokumanParaBirimiSecilir/Para'

2021-11-18 12:14:19 - [MESSAGE][INFO] - Checking object

2021-11-18 12:14:19 - [MESSAGE][INFO] - Finding web element from Test Object's properties

2021-11-18 12:14:19 - [MESSAGE][INFO] - Checking timeout

2021-11-18 12:14:19 - [MESSAGE][INFO] - Finding web element with id: 'Object Repository/Olusturma/Genel/DokumanParaBirimiSecilir/Para' located by 'By.xpath: //*[@id = 'CurrencyUnit_I']' in '30' second(s)

2021-11-18 12:14:19 - [MESSAGE][INFO] - Smart Wait Function is triggered

2021-11-18 12:14:20 - [MESSAGE][INFO] - Found 1 web elements with id: 'Object Repository/Olusturma/Genel/DokumanParaBirimiSecilir/Para' located by 'By.xpath: //*[@id = 'CurrencyUnit_I']' in '30' second(s)

2021-11-18 12:14:20 - [MESSAGE][INFO] - Clicking on object: 'Object Repository/Olusturma/Genel/DokumanParaBirimiSecilir/Para'

2021-11-18 12:14:20 - [MESSAGE][PASSED] - Object: 'Object Repository/Olusturma/Genel/DokumanParaBirimiSecilir/Para' is clicked on

2021-11-18 12:14:20 - [TEST_STEP][PASSED] - Method.TextDegerineEsitElementeTikla(findTestObject("Object Repository/Olusturma/Genel/DokumanParaBirimiSecilir/Para_Adi"), Para): Method.TextDegerineEsitElementeTikla is PASSED

2021-11-18 12:14:20 - [MESSAGE][INFO] - Finding Test Object 'Object Repository/Olusturma/Genel/DokumanParaBirimiSecilir/Para_Adi'

2021-11-18 12:14:20 - [MESSAGE][INFO] - Checking timeout

2021-11-18 12:14:20 - [MESSAGE][INFO] - Finding web element with id: 'Object Repository/Olusturma/Genel/DokumanParaBirimiSecilir/Para_Adi' located by 'By.cssSelector: #CurrencyUnit_DDD_L_LBT td' in '10' second(s)

2021-11-18 12:14:20 - [MESSAGE][INFO] - Smart Wait Function is triggered

2021-11-18 12:14:20 - [MESSAGE][INFO] - Found 203 web elements with id: 'Object Repository/Olusturma/Genel/DokumanParaBirimiSecilir/Para_Adi' located by 'By.cssSelector: #CurrencyUnit_DDD_L_LBT td' in '10' second(s)

2021-11-18 12:14:23 - [MESSAGE][PASSED] - Method.TextDegerineEsitElementeTikla is PASSED

2021-11-18 12:14:23 - [MESSAGE][PASSED] - Call Test Case 'Test Cases/Olusturma/Genel/DokumanParaBirimiSecilir' successfully

2021-11-18 12:14:23 - [MESSAGE][INFO] - Checking called Test Case

2021-11-18 12:14:23 - [MESSAGE][INFO] - Starting to call Test Case 'Test Cases/Olusturma/Genel/OnEkSecilir'

2021-11-18 12:14:23 - [TEST_CASE][PASSED] - Test Cases/Olusturma/Genel/OnEkSecilir: Test Cases/Olusturma/Genel/OnEkSecilir

2021-11-18 12:14:23 - [TEST_STEP][PASSED] - waitForElementClickable(findTestObject("Object Repository/Olusturma/Genel/OnEkSecilir/OnEk"), 10): Object 'Object Repository/Olusturma/Genel/OnEkSecilir/OnEk' is clickable

2021-11-18 12:14:23 - [MESSAGE][INFO] - Finding Test Object 'Object Repository/Olusturma/Genel/OnEkSecilir/OnEk'

2021-11-18 12:14:23 - [MESSAGE][INFO] - Checking object

2021-11-18 12:14:23 - [MESSAGE][INFO] - Checking timeout

2021-11-18 12:14:23 - [MESSAGE][INFO] - Finding web element from Test Object's properties

2021-11-18 12:14:23 - [MESSAGE][INFO] - Checking timeout

2021-11-18 12:14:23 - [MESSAGE][INFO] - Finding web element with id: 'Object Repository/Olusturma/Genel/OnEkSecilir/OnEk' located by 'By.xpath: //*[@id = 'InvoicePrefix_I']' in '10' second(s)

2021-11-18 12:14:23 - [MESSAGE][INFO] - Smart Wait Function is triggered

2021-11-18 12:14:23 - [MESSAGE][INFO] - Found 1 web elements with id: 'Object Repository/Olusturma/Genel/OnEkSecilir/OnEk' located by 'By.xpath: //*[@id = 'InvoicePrefix_I']' in '10' second(s)

2021-11-18 12:14:23 - [MESSAGE][PASSED] - Object 'Object Repository/Olusturma/Genel/OnEkSecilir/OnEk' is clickable

2021-11-18 12:14:23 - [TEST_STEP][PASSED] - click(findTestObject("Object Repository/Olusturma/Genel/OnEkSecilir/OnEk")): Object: 'Object Repository/Olusturma/Genel/OnEkSecilir/OnEk' is clicked on

2021-11-18 12:14:23 - [MESSAGE][INFO] - Finding Test Object 'Object Repository/Olusturma/Genel/OnEkSecilir/OnEk'

2021-11-18 12:14:23 - [MESSAGE][INFO] - Checking object

2021-11-18 12:14:23 - [MESSAGE][INFO] - Finding web element from Test Object's properties

2021-11-18 12:14:23 - [MESSAGE][INFO] - Checking timeout

2021-11-18 12:14:23 - [MESSAGE][INFO] - Finding web element with id: 'Object Repository/Olusturma/Genel/OnEkSecilir/OnEk' located by 'By.xpath: //*[@id = 'InvoicePrefix_I']' in '30' second(s)

2021-11-18 12:14:23 - [MESSAGE][INFO] - Smart Wait Function is triggered

2021-11-18 12:14:24 - [MESSAGE][INFO] - Found 1 web elements with id: 'Object Repository/Olusturma/Genel/OnEkSecilir/OnEk' located by 'By.xpath: //*[@id = 'InvoicePrefix_I']' in '30' second(s)

2021-11-18 12:14:24 - [MESSAGE][INFO] - Clicking on object: 'Object Repository/Olusturma/Genel/OnEkSecilir/OnEk'

2021-11-18 12:14:24 - [MESSAGE][PASSED] - Object: 'Object Repository/Olusturma/Genel/OnEkSecilir/OnEk' is clicked on

2021-11-18 12:14:24 - [TEST_STEP][PASSED] - Method.TextDegerineEsitElementeTiklaEquals(findTestObject("Object Repository/Olusturma/Genel/OnEkSecilir/OnEkAdi"), Ek): Method.TextDegerineEsitElementeTiklaEquals is PASSED

2021-11-18 12:14:24 - [MESSAGE][INFO] - Finding Test Object 'Object Repository/Olusturma/Genel/OnEkSecilir/OnEkAdi'

2021-11-18 12:14:24 - [MESSAGE][INFO] - Checking timeout

2021-11-18 12:14:24 - [MESSAGE][INFO] - Finding web element with id: 'Object Repository/Olusturma/Genel/OnEkSecilir/OnEkAdi' located by 'By.cssSelector: #InvoicePrefix_DDD_L_LBT td' in '10' second(s)

2021-11-18 12:14:24 - [MESSAGE][INFO] - Smart Wait Function is triggered

2021-11-18 12:14:24 - [MESSAGE][INFO] - Found 1 web elements with id: 'Object Repository/Olusturma/Genel/OnEkSecilir/OnEkAdi' located by 'By.cssSelector: #InvoicePrefix_DDD_L_LBT td' in '10' second(s)

2021-11-18 12:14:24 - [MESSAGE][PASSED] - Method.TextDegerineEsitElementeTiklaEquals is PASSED

2021-11-18 12:14:24 - [MESSAGE][PASSED] - Call Test Case 'Test Cases/Olusturma/Genel/OnEkSecilir' successfully

2021-11-18 12:14:24 - [MESSAGE][INFO] - Checking called Test Case

2021-11-18 12:14:24 - [MESSAGE][INFO] - Starting to call Test Case 'Test Cases/Olusturma/Genel/TasarimSecilir'

2021-11-18 12:14:24 - [TEST_CASE][PASSED] - Test Cases/Olusturma/Genel/TasarimSecilir: Test Cases/Olusturma/Genel/TasarimSecilir

2021-11-18 12:14:24 - [TEST_STEP][PASSED] - waitForElementClickable(findTestObject("Object Repository/Olusturma/Genel/TasarimSecilir/Tasarim"), 10): Object 'Object Repository/Olusturma/Genel/TasarimSecilir/Tasarim' is clickable

2021-11-18 12:14:24 - [MESSAGE][INFO] - Finding Test Object 'Object Repository/Olusturma/Genel/TasarimSecilir/Tasarim'

2021-11-18 12:14:24 - [MESSAGE][INFO] - Checking object

2021-11-18 12:14:24 - [MESSAGE][INFO] - Checking timeout

2021-11-18 12:14:24 - [MESSAGE][INFO] - Finding web element from Test Object's properties

2021-11-18 12:14:24 - [MESSAGE][INFO] - Checking timeout

2021-11-18 12:14:24 - [MESSAGE][INFO] - Finding web element with id: 'Object Repository/Olusturma/Genel/TasarimSecilir/Tasarim' located by 'By.xpath: //*[@id = 'DesignId_I']' in '10' second(s)

2021-11-18 12:14:24 - [MESSAGE][INFO] - Smart Wait Function is triggered

2021-11-18 12:14:25 - [MESSAGE][INFO] - Found 1 web elements with id: 'Object Repository/Olusturma/Genel/TasarimSecilir/Tasarim' located by 'By.xpath: //*[@id = 'DesignId_I']' in '10' second(s)

2021-11-18 12:14:25 - [MESSAGE][PASSED] - Object 'Object Repository/Olusturma/Genel/TasarimSecilir/Tasarim' is clickable

2021-11-18 12:14:25 - [TEST_STEP][PASSED] - click(findTestObject("Object Repository/Olusturma/Genel/TasarimSecilir/Tasarim")): Object: 'Object Repository/Olusturma/Genel/TasarimSecilir/Tasarim' is clicked on

2021-11-18 12:14:25 - [MESSAGE][INFO] - Finding Test Object 'Object Repository/Olusturma/Genel/TasarimSecilir/Tasarim'

2021-11-18 12:14:25 - [MESSAGE][INFO] - Checking object

2021-11-18 12:14:25 - [MESSAGE][INFO] - Finding web element from Test Object's properties

2021-11-18 12:14:25 - [MESSAGE][INFO] - Checking timeout

2021-11-18 12:14:25 - [MESSAGE][INFO] - Finding web element with id: 'Object Repository/Olusturma/Genel/TasarimSecilir/Tasarim' located by 'By.xpath: //*[@id = 'DesignId_I']' in '30' second(s)

2021-11-18 12:14:25 - [MESSAGE][INFO] - Smart Wait Function is triggered

2021-11-18 12:14:25 - [MESSAGE][INFO] - Found 1 web elements with id: 'Object Repository/Olusturma/Genel/TasarimSecilir/Tasarim' located by 'By.xpath: //*[@id = 'DesignId_I']' in '30' second(s)

2021-11-18 12:14:25 - [MESSAGE][INFO] - Clicking on object: 'Object Repository/Olusturma/Genel/TasarimSecilir/Tasarim'

2021-11-18 12:14:25 - [MESSAGE][PASSED] - Object: 'Object Repository/Olusturma/Genel/TasarimSecilir/Tasarim' is clicked on

2021-11-18 12:14:25 - [TEST_STEP][PASSED] - Method.TextDegerineEsitElementeTikla(findTestObject("Object Repository/Olusturma/Genel/TasarimSecilir/Tasarim_Adi"), Tasarim): Method.TextDegerineEsitElementeTikla is PASSED

2021-11-18 12:14:25 - [MESSAGE][INFO] - Finding Test Object 'Object Repository/Olusturma/Genel/TasarimSecilir/Tasarim_Adi'

2021-11-18 12:14:25 - [MESSAGE][INFO] - Checking timeout

2021-11-18 12:14:25 - [MESSAGE][INFO] - Finding web element with id: 'Object Repository/Olusturma/Genel/TasarimSecilir/Tasarim_Adi' located by 'By.cssSelector: #DesignId_DDD_L_LBT td' in '10' second(s)

2021-11-18 12:14:25 - [MESSAGE][INFO] - Smart Wait Function is triggered

2021-11-18 12:14:25 - [MESSAGE][INFO] - Found 1 web elements with id: 'Object Repository/Olusturma/Genel/TasarimSecilir/Tasarim_Adi' located by 'By.cssSelector: #DesignId_DDD_L_LBT td' in '10' second(s)

2021-11-18 12:14:26 - [MESSAGE][PASSED] - Method.TextDegerineEsitElementeTikla is PASSED

2021-11-18 12:14:26 - [MESSAGE][PASSED] - Call Test Case 'Test Cases/Olusturma/Genel/TasarimSecilir' successfully

2021-11-18 12:14:26 - [MESSAGE][INFO] - Checking called Test Case

2021-11-18 12:14:26 - [MESSAGE][INFO] - Starting to call Test Case 'Test Cases/Olusturma/Genel/Kutular/SiparisBilgileriGirilir'

2021-11-18 12:14:26 - [TEST_CASE][PASSED] - Test Cases/Olusturma/Genel/Kutular/SiparisBilgileriGirilir: Test Cases/Olusturma/Genel/Kutular/SiparisBilgileriGirilir

2021-11-18 12:14:26 - [TEST_STEP][PASSED] - Method.TextDegerineEsitElementeTikla(findTestObject("Olusturma/Genel/Kutular/KapaliKutular"), "Sipariş Bilgileri"): Method.TextDegerineEsitElementeTikla is PASSED

2021-11-18 12:14:26 - [MESSAGE][INFO] - Finding Test Object 'Object Repository/Olusturma/Genel/Kutular/KapaliKutular'

2021-11-18 12:14:26 - [MESSAGE][INFO] - Checking timeout

2021-11-18 12:14:26 - [MESSAGE][INFO] - Finding web element with id: 'Object Repository/Olusturma/Genel/Kutular/KapaliKutular' located by 'By.cssSelector: .dxnb-headerCollapsed>span' in '10' second(s)

2021-11-18 12:14:26 - [MESSAGE][INFO] - Smart Wait Function is triggered

2021-11-18 12:14:26 - [MESSAGE][INFO] - Found 8 web elements with id: 'Object Repository/Olusturma/Genel/Kutular/KapaliKutular' located by 'By.cssSelector: .dxnb-headerCollapsed>span' in '10' second(s)

2021-11-18 12:14:26 - [MESSAGE][PASSED] - Method.TextDegerineEsitElementeTikla is PASSED

2021-11-18 12:14:26 - [TEST_STEP][PASSED] - waitForElementPresent(findTestObject("Object Repository/Olusturma/Genel/Kutular/SiparisBilgileri/SiparisNo"), 10): Object 'Object Repository/Olusturma/Genel/Kutular/SiparisBilgileri/SiparisNo' is present

2021-11-18 12:14:26 - [MESSAGE][INFO] - Finding Test Object 'Object Repository/Olusturma/Genel/Kutular/SiparisBilgileri/SiparisNo'

2021-11-18 12:14:26 - [MESSAGE][INFO] - Checking object

2021-11-18 12:14:26 - [MESSAGE][INFO] - Finding web element from Test Object's properties

2021-11-18 12:14:26 - [MESSAGE][INFO] - Checking timeout

2021-11-18 12:14:26 - [MESSAGE][INFO] - Finding web element with id: 'Object Repository/Olusturma/Genel/Kutular/SiparisBilgileri/SiparisNo' located by 'By.xpath: //*[@id = 'txtSiparisNo_I']' in '10' second(s)

2021-11-18 12:14:26 - [MESSAGE][INFO] - Smart Wait Function is triggered

2021-11-18 12:14:26 - [MESSAGE][INFO] - Found 1 web elements with id: 'Object Repository/Olusturma/Genel/Kutular/SiparisBilgileri/SiparisNo' located by 'By.xpath: //*[@id = 'txtSiparisNo_I']' in '10' second(s)

2021-11-18 12:14:26 - [MESSAGE][PASSED] - Object 'Object Repository/Olusturma/Genel/Kutular/SiparisBilgileri/SiparisNo' is present

2021-11-18 12:14:26 - [TEST_STEP][PASSED] - clearText(findTestObject("Object Repository/Olusturma/Genel/Kutular/SiparisBilgileri/SiparisNo")): Text of object 'Object Repository/Olusturma/Genel/Kutular/SiparisBilgileri/SiparisNo' is cleared

2021-11-18 12:14:26 - [MESSAGE][INFO] - Finding Test Object 'Object Repository/Olusturma/Genel/Kutular/SiparisBilgileri/SiparisNo'

2021-11-18 12:14:26 - [MESSAGE][INFO] - Checking object

2021-11-18 12:14:26 - [MESSAGE][INFO] - Finding web element from Test Object's properties

2021-11-18 12:14:26 - [MESSAGE][INFO] - Checking timeout

2021-11-18 12:14:26 - [MESSAGE][INFO] - Finding web element with id: 'Object Repository/Olusturma/Genel/Kutular/SiparisBilgileri/SiparisNo' located by 'By.xpath: //*[@id = 'txtSiparisNo_I']' in '30' second(s)

2021-11-18 12:14:26 - [MESSAGE][INFO] - Smart Wait Function is triggered

2021-11-18 12:14:27 - [MESSAGE][INFO] - Found 1 web elements with id: 'Object Repository/Olusturma/Genel/Kutular/SiparisBilgileri/SiparisNo' located by 'By.xpath: //*[@id = 'txtSiparisNo_I']' in '30' second(s)

2021-11-18 12:14:27 - [MESSAGE][INFO] - Clearing text of object 'Object Repository/Olusturma/Genel/Kutular/SiparisBilgileri/SiparisNo'

2021-11-18 12:14:27 - [MESSAGE][PASSED] - Text of object 'Object Repository/Olusturma/Genel/Kutular/SiparisBilgileri/SiparisNo' is cleared

2021-11-18 12:14:27 - [TEST_STEP][PASSED] - sendKeys(findTestObject("Object Repository/Olusturma/Genel/Kutular/SiparisBilgileri/SiparisNo"), SiparisNo): Keys 'UUC-SAT-1200001' sent to object: 'Object Repository/Olusturma/Genel/Kutular/SiparisBilgileri/SiparisNo'

2021-11-18 12:14:27 - [MESSAGE][INFO] - Finding Test Object 'Object Repository/Olusturma/Genel/Kutular/SiparisBilgileri/SiparisNo'

2021-11-18 12:14:27 - [MESSAGE][INFO] - Sending keys 'UUC-SAT-1200001' to object: 'Object Repository/Olusturma/Genel/Kutular/SiparisBilgileri/SiparisNo'

2021-11-18 12:14:27 - [MESSAGE][INFO] - Finding web element from Test Object's properties

2021-11-18 12:14:27 - [MESSAGE][INFO] - Checking timeout

2021-11-18 12:14:27 - [MESSAGE][INFO] - Finding web element with id: 'Object Repository/Olusturma/Genel/Kutular/SiparisBilgileri/SiparisNo' located by 'By.xpath: //*[@id = 'txtSiparisNo_I']' in '30' second(s)

2021-11-18 12:14:27 - [MESSAGE][INFO] - Smart Wait Function is triggered

2021-11-18 12:14:27 - [MESSAGE][INFO] - Found 1 web elements with id: 'Object Repository/Olusturma/Genel/Kutular/SiparisBilgileri/SiparisNo' located by 'By.xpath: //*[@id = 'txtSiparisNo_I']' in '30' second(s)

2021-11-18 12:14:27 - [MESSAGE][PASSED] - Keys 'UUC-SAT-1200001' sent to object: 'Object Repository/Olusturma/Genel/Kutular/SiparisBilgileri/SiparisNo'

2021-11-18 12:14:27 - [TEST_STEP][PASSED] - waitForElementClickable(findTestObject("Object Repository/Olusturma/Genel/Kutular/SiparisBilgileri/SiparisTarihiImage"), 10): Object 'Object Repository/Olusturma/Genel/Kutular/SiparisBilgileri/SiparisTarihiImage' is clickable

2021-11-18 12:14:27 - [MESSAGE][INFO] - Finding Test Object 'Object Repository/Olusturma/Genel/Kutular/SiparisBilgileri/SiparisTarihiImage'

2021-11-18 12:14:27 - [MESSAGE][INFO] - Checking object

2021-11-18 12:14:27 - [MESSAGE][INFO] - Checking timeout

2021-11-18 12:14:27 - [MESSAGE][INFO] - Finding web element from Test Object's properties

2021-11-18 12:14:27 - [MESSAGE][INFO] - Checking timeout

2021-11-18 12:14:27 - [MESSAGE][INFO] - Finding web element with id: 'Object Repository/Olusturma/Genel/Kutular/SiparisBilgileri/SiparisTarihiImage' located by 'By.cssSelector: #dateSiparisTarih img' in '10' second(s)

2021-11-18 12:14:27 - [MESSAGE][INFO] - Smart Wait Function is triggered

2021-11-18 12:14:28 - [MESSAGE][INFO] - Found 1 web elements with id: 'Object Repository/Olusturma/Genel/Kutular/SiparisBilgileri/SiparisTarihiImage' located by 'By.cssSelector: #dateSiparisTarih img' in '10' second(s)

2021-11-18 12:14:28 - [MESSAGE][PASSED] - Object 'Object Repository/Olusturma/Genel/Kutular/SiparisBilgileri/SiparisTarihiImage' is clickable

2021-11-18 12:14:28 - [TEST_STEP][PASSED] - click(findTestObject("Object Repository/Olusturma/Genel/Kutular/SiparisBilgileri/SiparisTarihiImage")): Object: 'Object Repository/Olusturma/Genel/Kutular/SiparisBilgileri/SiparisTarihiImage' is clicked on

2021-11-18 12:14:28 - [MESSAGE][INFO] - Finding Test Object 'Object Repository/Olusturma/Genel/Kutular/SiparisBilgileri/SiparisTarihiImage'

2021-11-18 12:14:28 - [MESSAGE][INFO] - Checking object

2021-11-18 12:14:28 - [MESSAGE][INFO] - Finding web element from Test Object's properties

2021-11-18 12:14:28 - [MESSAGE][INFO] - Checking timeout

2021-11-18 12:14:28 - [MESSAGE][INFO] - Finding web element with id: 'Object Repository/Olusturma/Genel/Kutular/SiparisBilgileri/SiparisTarihiImage' located by 'By.cssSelector: #dateSiparisTarih img' in '30' second(s)

2021-11-18 12:14:28 - [MESSAGE][INFO] - Smart Wait Function is triggered

2021-11-18 12:14:28 - [MESSAGE][INFO] - Found 1 web elements with id: 'Object Repository/Olusturma/Genel/Kutular/SiparisBilgileri/SiparisTarihiImage' located by 'By.cssSelector: #dateSiparisTarih img' in '30' second(s)

2021-11-18 12:14:28 - [MESSAGE][INFO] - Clicking on object: 'Object Repository/Olusturma/Genel/Kutular/SiparisBilgileri/SiparisTarihiImage'

2021-11-18 12:14:28 - [MESSAGE][PASSED] - Object: 'Object Repository/Olusturma/Genel/Kutular/SiparisBilgileri/SiparisTarihiImage' is clicked on

2021-11-18 12:14:28 - [TEST_STEP][PASSED] - waitForElementPresent(findTestObject("Object Repository/Olusturma/Genel/Kutular/SiparisBilgileri/SiparisTarihi"), 10): Object 'Object Repository/Olusturma/Genel/Kutular/SiparisBilgileri/SiparisTarihi' is present

2021-11-18 12:14:28 - [MESSAGE][INFO] - Finding Test Object 'Object Repository/Olusturma/Genel/Kutular/SiparisBilgileri/SiparisTarihi'

2021-11-18 12:14:28 - [MESSAGE][INFO] - Checking object

2021-11-18 12:14:28 - [MESSAGE][INFO] - Finding web element from Test Object's properties

2021-11-18 12:14:28 - [MESSAGE][INFO] - Checking timeout

2021-11-18 12:14:28 - [MESSAGE][INFO] - Finding web element with id: 'Object Repository/Olusturma/Genel/Kutular/SiparisBilgileri/SiparisTarihi' located by 'By.xpath: //*[@id = 'dateSiparisTarih_I']' in '10' second(s)

2021-11-18 12:14:28 - [MESSAGE][INFO] - Smart Wait Function is triggered

2021-11-18 12:14:29 - [MESSAGE][INFO] - Found 1 web elements with id: 'Object Repository/Olusturma/Genel/Kutular/SiparisBilgileri/SiparisTarihi' located by 'By.xpath: //*[@id = 'dateSiparisTarih_I']' in '10' second(s)

2021-11-18 12:14:29 - [MESSAGE][PASSED] - Object 'Object Repository/Olusturma/Genel/Kutular/SiparisBilgileri/SiparisTarihi' is present

2021-11-18 12:14:29 - [TEST_STEP][PASSED] - clearText(findTestObject("Object Repository/Olusturma/Genel/Kutular/SiparisBilgileri/SiparisTarihi")): Text of object 'Object Repository/Olusturma/Genel/Kutular/SiparisBilgileri/SiparisTarihi' is cleared

2021-11-18 12:14:29 - [MESSAGE][INFO] - Finding Test Object 'Object Repository/Olusturma/Genel/Kutular/SiparisBilgileri/SiparisTarihi'

2021-11-18 12:14:29 - [MESSAGE][INFO] - Checking object

2021-11-18 12:14:29 - [MESSAGE][INFO] - Finding web element from Test Object's properties

2021-11-18 12:14:29 - [MESSAGE][INFO] - Checking timeout

2021-11-18 12:14:29 - [MESSAGE][INFO] - Finding web element with id: 'Object Repository/Olusturma/Genel/Kutular/SiparisBilgileri/SiparisTarihi' located by 'By.xpath: //*[@id = 'dateSiparisTarih_I']' in '30' second(s)

2021-11-18 12:14:29 - [MESSAGE][INFO] - Smart Wait Function is triggered

2021-11-18 12:14:29 - [MESSAGE][INFO] - Found 1 web elements with id: 'Object Repository/Olusturma/Genel/Kutular/SiparisBilgileri/SiparisTarihi' located by 'By.xpath: //*[@id = 'dateSiparisTarih_I']' in '30' second(s)

2021-11-18 12:14:29 - [MESSAGE][INFO] - Clearing text of object 'Object Repository/Olusturma/Genel/Kutular/SiparisBilgileri/SiparisTarihi'

2021-11-18 12:14:29 - [MESSAGE][PASSED] - Text of object 'Object Repository/Olusturma/Genel/Kutular/SiparisBilgileri/SiparisTarihi' is cleared

2021-11-18 12:14:29 - [TEST_STEP][PASSED] - sendKeys(findTestObject("Object Repository/Olusturma/Genel/Kutular/SiparisBilgileri/SiparisTarihi"), Tarih): Keys '31.04.2020' sent to object: 'Object Repository/Olusturma/Genel/Kutular/SiparisBilgileri/SiparisTarihi'

2021-11-18 12:14:29 - [MESSAGE][INFO] - Finding Test Object 'Object Repository/Olusturma/Genel/Kutular/SiparisBilgileri/SiparisTarihi'

2021-11-18 12:14:29 - [MESSAGE][INFO] - Sending keys '31.04.2020' to object: 'Object Repository/Olusturma/Genel/Kutular/SiparisBilgileri/SiparisTarihi'

2021-11-18 12:14:29 - [MESSAGE][INFO] - Finding web element from Test Object's properties

2021-11-18 12:14:29 - [MESSAGE][INFO] - Checking timeout

2021-11-18 12:14:29 - [MESSAGE][INFO] - Finding web element with id: 'Object Repository/Olusturma/Genel/Kutular/SiparisBilgileri/SiparisTarihi' located by 'By.xpath: //*[@id = 'dateSiparisTarih_I']' in '30' second(s)

2021-11-18 12:14:29 - [MESSAGE][INFO] - Smart Wait Function is triggered

2021-11-18 12:14:29 - [MESSAGE][INFO] - Found 1 web elements with id: 'Object Repository/Olusturma/Genel/Kutular/SiparisBilgileri/SiparisTarihi' located by 'By.xpath: //*[@id = 'dateSiparisTarih_I']' in '30' second(s)

2021-11-18 12:14:30 - [MESSAGE][PASSED] - Keys '31.04.2020' sent to object: 'Object Repository/Olusturma/Genel/Kutular/SiparisBilgileri/SiparisTarihi'

2021-11-18 12:14:30 - [MESSAGE][PASSED] - Call Test Case 'Test Cases/Olusturma/Genel/Kutular/SiparisBilgileriGirilir' successfully

2021-11-18 12:14:30 - [MESSAGE][INFO] - Checking called Test Case

2021-11-18 12:14:30 - [MESSAGE][INFO] - Starting to call Test Case 'Test Cases/Olusturma/Genel/Kutular/IrsaliyeBilgileri'

2021-11-18 12:14:30 - [TEST_CASE][PASSED] - Test Cases/Olusturma/Genel/Kutular/IrsaliyeBilgileri: Test Cases/Olusturma/Genel/Kutular/IrsaliyeBilgileri

2021-11-18 12:14:30 - [TEST_STEP][PASSED] - Method.TextDegerineEsitElementeTikla(findTestObject("Olusturma/Genel/Kutular/KapaliKutular"), "İrsaliye Bilgileri"): Method.TextDegerineEsitElementeTikla is PASSED

2021-11-18 12:14:30 - [MESSAGE][INFO] - Finding Test Object 'Object Repository/Olusturma/Genel/Kutular/KapaliKutular'

2021-11-18 12:14:30 - [MESSAGE][INFO] - Checking timeout

2021-11-18 12:14:30 - [MESSAGE][INFO] - Finding web element with id: 'Object Repository/Olusturma/Genel/Kutular/KapaliKutular' located by 'By.cssSelector: .dxnb-headerCollapsed>span' in '10' second(s)

2021-11-18 12:14:30 - [MESSAGE][INFO] - Smart Wait Function is triggered

2021-11-18 12:14:30 - [MESSAGE][INFO] - Found 8 web elements with id: 'Object Repository/Olusturma/Genel/Kutular/KapaliKutular' located by 'By.cssSelector: .dxnb-headerCollapsed>span' in '10' second(s)

2021-11-18 12:14:30 - [MESSAGE][PASSED] - Method.TextDegerineEsitElementeTikla is PASSED

2021-11-18 12:14:30 - [TEST_STEP][PASSED] - waitForElementClickable(findTestObject("Olusturma/Genel/Kutular/IrsaliyeBilgileri/Ekle"), 10): Object 'Object Repository/Olusturma/Genel/Kutular/IrsaliyeBilgileri/Ekle' is clickable

2021-11-18 12:14:30 - [MESSAGE][INFO] - Finding Test Object 'Object Repository/Olusturma/Genel/Kutular/IrsaliyeBilgileri/Ekle'

2021-11-18 12:14:30 - [MESSAGE][INFO] - Checking object

2021-11-18 12:14:30 - [MESSAGE][INFO] - Checking timeout

2021-11-18 12:14:30 - [MESSAGE][INFO] - Finding web element from Test Object's properties

2021-11-18 12:14:30 - [MESSAGE][INFO] - Checking timeout

2021-11-18 12:14:30 - [MESSAGE][INFO] - Finding web element with id: 'Object Repository/Olusturma/Genel/Kutular/IrsaliyeBilgileri/Ekle' located by 'By.xpath: //*[@id = 'DXEditorgvUserInvoiceBillsNewRowBtn']' in '10' second(s)

2021-11-18 12:14:30 - [MESSAGE][INFO] - Smart Wait Function is triggered

2021-11-18 12:14:31 - [MESSAGE][INFO] - Found 1 web elements with id: 'Object Repository/Olusturma/Genel/Kutular/IrsaliyeBilgileri/Ekle' located by 'By.xpath: //*[@id = 'DXEditorgvUserInvoiceBillsNewRowBtn']' in '10' second(s)

2021-11-18 12:14:31 - [MESSAGE][PASSED] - Object 'Object Repository/Olusturma/Genel/Kutular/IrsaliyeBilgileri/Ekle' is clickable

2021-11-18 12:14:31 - [TEST_STEP][PASSED] - click(findTestObject("Olusturma/Genel/Kutular/IrsaliyeBilgileri/Ekle")): Object: 'Object Repository/Olusturma/Genel/Kutular/IrsaliyeBilgileri/Ekle' is clicked on

2021-11-18 12:14:31 - [MESSAGE][INFO] - Finding Test Object 'Object Repository/Olusturma/Genel/Kutular/IrsaliyeBilgileri/Ekle'

2021-11-18 12:14:31 - [MESSAGE][INFO] - Checking object

2021-11-18 12:14:31 - [MESSAGE][INFO] - Finding web element from Test Object's properties

2021-11-18 12:14:31 - [MESSAGE][INFO] - Checking timeout

2021-11-18 12:14:31 - [MESSAGE][INFO] - Finding web element with id: 'Object Repository/Olusturma/Genel/Kutular/IrsaliyeBilgileri/Ekle' located by 'By.xpath: //*[@id = 'DXEditorgvUserInvoiceBillsNewRowBtn']' in '30' second(s)

2021-11-18 12:14:31 - [MESSAGE][INFO] - Smart Wait Function is triggered

2021-11-18 12:14:31 - [MESSAGE][INFO] - Found 1 web elements with id: 'Object Repository/Olusturma/Genel/Kutular/IrsaliyeBilgileri/Ekle' located by 'By.xpath: //*[@id = 'DXEditorgvUserInvoiceBillsNewRowBtn']' in '30' second(s)

2021-11-18 12:14:31 - [MESSAGE][INFO] - Clicking on object: 'Object Repository/Olusturma/Genel/Kutular/IrsaliyeBilgileri/Ekle'

2021-11-18 12:14:31 - [MESSAGE][PASSED] - Object: 'Object Repository/Olusturma/Genel/Kutular/IrsaliyeBilgileri/Ekle' is clicked on

2021-11-18 12:14:31 - [TEST_STEP][PASSED] - waitForElementPresent(findTestObject("Object Repository/Olusturma/Genel/Kutular/IrsaliyeBilgileri/IrsaliyeNumarasi"), 10): Object 'Object Repository/Olusturma/Genel/Kutular/IrsaliyeBilgileri/IrsaliyeNumarasi' is present

2021-11-18 12:14:31 - [MESSAGE][INFO] - Finding Test Object 'Object Repository/Olusturma/Genel/Kutular/IrsaliyeBilgileri/IrsaliyeNumarasi'

2021-11-18 12:14:31 - [MESSAGE][INFO] - Checking object

2021-11-18 12:14:31 - [MESSAGE][INFO] - Finding web element from Test Object's properties

2021-11-18 12:14:31 - [MESSAGE][INFO] - Checking timeout

2021-11-18 12:14:31 - [MESSAGE][INFO] - Finding web element with id: 'Object Repository/Olusturma/Genel/Kutular/IrsaliyeBilgileri/IrsaliyeNumarasi' located by 'By.xpath: //*[@id = 'gvUserInvoiceBills_DXEditor1_I']' in '10' second(s)

2021-11-18 12:14:31 - [MESSAGE][INFO] - Smart Wait Function is triggered

2021-11-18 12:14:31 - [MESSAGE][INFO] - Smart Wait Function is triggered

2021-11-18 12:14:32 - [MESSAGE][INFO] - Found 1 web elements with id: 'Object Repository/Olusturma/Genel/Kutular/IrsaliyeBilgileri/IrsaliyeNumarasi' located by 'By.xpath: //*[@id = 'gvUserInvoiceBills_DXEditor1_I']' in '10' second(s)

2021-11-18 12:14:32 - [MESSAGE][PASSED] - Object 'Object Repository/Olusturma/Genel/Kutular/IrsaliyeBilgileri/IrsaliyeNumarasi' is present

2021-11-18 12:14:32 - [TEST_STEP][PASSED] - clearText(findTestObject("Object Repository/Olusturma/Genel/Kutular/IrsaliyeBilgileri/IrsaliyeNumarasi")): Text of object 'Object Repository/Olusturma/Genel/Kutular/IrsaliyeBilgileri/IrsaliyeNumarasi' is cleared

2021-11-18 12:14:32 - [MESSAGE][INFO] - Finding Test Object 'Object Repository/Olusturma/Genel/Kutular/IrsaliyeBilgileri/IrsaliyeNumarasi'

2021-11-18 12:14:32 - [MESSAGE][INFO] - Checking object

2021-11-18 12:14:32 - [MESSAGE][INFO] - Finding web element from Test Object's properties

2021-11-18 12:14:32 - [MESSAGE][INFO] - Checking timeout

2021-11-18 12:14:32 - [MESSAGE][INFO] - Finding web element with id: 'Object Repository/Olusturma/Genel/Kutular/IrsaliyeBilgileri/IrsaliyeNumarasi' located by 'By.xpath: //*[@id = 'gvUserInvoiceBills_DXEditor1_I']' in '30' second(s)

2021-11-18 12:14:32 - [MESSAGE][INFO] - Smart Wait Function is triggered

2021-11-18 12:14:33 - [MESSAGE][INFO] - Found 1 web elements with id: 'Object Repository/Olusturma/Genel/Kutular/IrsaliyeBilgileri/IrsaliyeNumarasi' located by 'By.xpath: //*[@id = 'gvUserInvoiceBills_DXEditor1_I']' in '30' second(s)

2021-11-18 12:14:33 - [MESSAGE][INFO] - Clearing text of object 'Object Repository/Olusturma/Genel/Kutular/IrsaliyeBilgileri/IrsaliyeNumarasi'

2021-11-18 12:14:33 - [MESSAGE][PASSED] - Text of object 'Object Repository/Olusturma/Genel/Kutular/IrsaliyeBilgileri/IrsaliyeNumarasi' is cleared

2021-11-18 12:14:33 - [TEST_STEP][PASSED] - sendKeys(findTestObject("Object Repository/Olusturma/Genel/Kutular/IrsaliyeBilgileri/IrsaliyeNumarasi"), Numara): Keys 'AAAAAAAAAA' sent to object: 'Object Repository/Olusturma/Genel/Kutular/IrsaliyeBilgileri/IrsaliyeNumarasi'

2021-11-18 12:14:33 - [MESSAGE][INFO] - Finding Test Object 'Object Repository/Olusturma/Genel/Kutular/IrsaliyeBilgileri/IrsaliyeNumarasi'

2021-11-18 12:14:33 - [MESSAGE][INFO] - Sending keys 'AAAAAAAAAA' to object: 'Object Repository/Olusturma/Genel/Kutular/IrsaliyeBilgileri/IrsaliyeNumarasi'

2021-11-18 12:14:33 - [MESSAGE][INFO] - Finding web element from Test Object's properties

2021-11-18 12:14:33 - [MESSAGE][INFO] - Checking timeout

2021-11-18 12:14:33 - [MESSAGE][INFO] - Finding web element with id: 'Object Repository/Olusturma/Genel/Kutular/IrsaliyeBilgileri/IrsaliyeNumarasi' located by 'By.xpath: //*[@id = 'gvUserInvoiceBills_DXEditor1_I']' in '30' second(s)

2021-11-18 12:14:33 - [MESSAGE][INFO] - Smart Wait Function is triggered

2021-11-18 12:14:33 - [MESSAGE][INFO] - Found 1 web elements with id: 'Object Repository/Olusturma/Genel/Kutular/IrsaliyeBilgileri/IrsaliyeNumarasi' located by 'By.xpath: //*[@id = 'gvUserInvoiceBills_DXEditor1_I']' in '30' second(s)

2021-11-18 12:14:33 - [MESSAGE][PASSED] - Keys 'AAAAAAAAAA' sent to object: 'Object Repository/Olusturma/Genel/Kutular/IrsaliyeBilgileri/IrsaliyeNumarasi'

2021-11-18 12:14:33 - [TEST_STEP][PASSED] - waitForElementClickable(findTestObject("Object Repository/Olusturma/Genel/Kutular/IrsaliyeBilgileri/IrsaliyeTarihi"), 10): Object 'Object Repository/Olusturma/Genel/Kutular/IrsaliyeBilgileri/IrsaliyeTarihi' is clickable

2021-11-18 12:14:33 - [MESSAGE][INFO] - Finding Test Object 'Object Repository/Olusturma/Genel/Kutular/IrsaliyeBilgileri/IrsaliyeTarihi'

2021-11-18 12:14:33 - [MESSAGE][INFO] - Checking object

2021-11-18 12:14:33 - [MESSAGE][INFO] - Checking timeout

2021-11-18 12:14:33 - [MESSAGE][INFO] - Finding web element from Test Object's properties

2021-11-18 12:14:33 - [MESSAGE][INFO] - Checking timeout

2021-11-18 12:14:33 - [MESSAGE][INFO] - Finding web element with id: 'Object Repository/Olusturma/Genel/Kutular/IrsaliyeBilgileri/IrsaliyeTarihi' located by 'By.xpath: //*[@id = 'gvUserInvoiceBills_DXEditor2_I']' in '10' second(s)

2021-11-18 12:14:33 - [MESSAGE][INFO] - Smart Wait Function is triggered

2021-11-18 12:14:33 - [MESSAGE][INFO] - Found 1 web elements with id: 'Object Repository/Olusturma/Genel/Kutular/IrsaliyeBilgileri/IrsaliyeTarihi' located by 'By.xpath: //*[@id = 'gvUserInvoiceBills_DXEditor2_I']' in '10' second(s)

2021-11-18 12:14:33 - [MESSAGE][PASSED] - Object 'Object Repository/Olusturma/Genel/Kutular/IrsaliyeBilgileri/IrsaliyeTarihi' is clickable

2021-11-18 12:14:33 - [TEST_STEP][PASSED] - click(findTestObject("Object Repository/Olusturma/Genel/Kutular/IrsaliyeBilgileri/IrsaliyeTarihi")): Object: 'Object Repository/Olusturma/Genel/Kutular/IrsaliyeBilgileri/IrsaliyeTarihi' is clicked on

2021-11-18 12:14:33 - [MESSAGE][INFO] - Finding Test Object 'Object Repository/Olusturma/Genel/Kutular/IrsaliyeBilgileri/IrsaliyeTarihi'

2021-11-18 12:14:33 - [MESSAGE][INFO] - Checking object

2021-11-18 12:14:33 - [MESSAGE][INFO] - Finding web element from Test Object's properties

2021-11-18 12:14:33 - [MESSAGE][INFO] - Checking timeout

2021-11-18 12:14:33 - [MESSAGE][INFO] - Finding web element with id: 'Object Repository/Olusturma/Genel/Kutular/IrsaliyeBilgileri/IrsaliyeTarihi' located by 'By.xpath: //*[@id = 'gvUserInvoiceBills_DXEditor2_I']' in '30' second(s)

2021-11-18 12:14:33 - [MESSAGE][INFO] - Smart Wait Function is triggered

2021-11-18 12:14:34 - [MESSAGE][INFO] - Found 1 web elements with id: 'Object Repository/Olusturma/Genel/Kutular/IrsaliyeBilgileri/IrsaliyeTarihi' located by 'By.xpath: //*[@id = 'gvUserInvoiceBills_DXEditor2_I']' in '30' second(s)

2021-11-18 12:14:34 - [MESSAGE][INFO] - Clicking on object: 'Object Repository/Olusturma/Genel/Kutular/IrsaliyeBilgileri/IrsaliyeTarihi'

2021-11-18 12:14:34 - [MESSAGE][PASSED] - Object: 'Object Repository/Olusturma/Genel/Kutular/IrsaliyeBilgileri/IrsaliyeTarihi' is clicked on

2021-11-18 12:14:34 - [TEST_STEP][PASSED] - sendKeys(findTestObject("Object Repository/Olusturma/Genel/Kutular/IrsaliyeBilgileri/IrsaliyeTarihi"), Tarih): Keys '31.04.2020' sent to object: 'Object Repository/Olusturma/Genel/Kutular/IrsaliyeBilgileri/IrsaliyeTarihi'

2021-11-18 12:14:34 - [MESSAGE][INFO] - Finding Test Object 'Object Repository/Olusturma/Genel/Kutular/IrsaliyeBilgileri/IrsaliyeTarihi'

2021-11-18 12:14:34 - [MESSAGE][INFO] - Sending keys '31.04.2020' to object: 'Object Repository/Olusturma/Genel/Kutular/IrsaliyeBilgileri/IrsaliyeTarihi'

2021-11-18 12:14:34 - [MESSAGE][INFO] - Finding web element from Test Object's properties

2021-11-18 12:14:34 - [MESSAGE][INFO] - Checking timeout

2021-11-18 12:14:34 - [MESSAGE][INFO] - Finding web element with id: 'Object Repository/Olusturma/Genel/Kutular/IrsaliyeBilgileri/IrsaliyeTarihi' located by 'By.xpath: //*[@id = 'gvUserInvoiceBills_DXEditor2_I']' in '30' second(s)

2021-11-18 12:14:34 - [MESSAGE][INFO] - Smart Wait Function is triggered

2021-11-18 12:14:34 - [MESSAGE][INFO] - Found 1 web elements with id: 'Object Repository/Olusturma/Genel/Kutular/IrsaliyeBilgileri/IrsaliyeTarihi' located by 'By.xpath: //*[@id = 'gvUserInvoiceBills_DXEditor2_I']' in '30' second(s)

2021-11-18 12:14:34 - [MESSAGE][PASSED] - Keys '31.04.2020' sent to object: 'Object Repository/Olusturma/Genel/Kutular/IrsaliyeBilgileri/IrsaliyeTarihi'

2021-11-18 12:14:34 - [MESSAGE][PASSED] - Call Test Case 'Test Cases/Olusturma/Genel/Kutular/IrsaliyeBilgileri' successfully

2021-11-18 12:14:34 - [MESSAGE][INFO] - Checking called Test Case

2021-11-18 12:14:34 - [MESSAGE][INFO] - Starting to call Test Case 'Test Cases/Olusturma/Genel/EkleButonunaBasilir'

2021-11-18 12:14:34 - [TEST_CASE][PASSED] - Test Cases/Olusturma/Genel/EkleButonunaBasilir: Test Cases/Olusturma/Genel/EkleButonunaBasilir

2021-11-18 12:14:34 - [TEST_STEP][PASSED] - waitForElementClickable(findTestObject("Object Repository/Olusturma/Genel/Olusturma/Ekle"), 10): Object 'Object Repository/Olusturma/Genel/Olusturma/Ekle' is clickable

2021-11-18 12:14:34 - [MESSAGE][INFO] - Finding Test Object 'Object Repository/Olusturma/Genel/Olusturma/Ekle'

2021-11-18 12:14:34 - [MESSAGE][INFO] - Checking object

2021-11-18 12:14:34 - [MESSAGE][INFO] - Checking timeout

2021-11-18 12:14:34 - [MESSAGE][INFO] - Finding web element from Test Object's properties

2021-11-18 12:14:34 - [MESSAGE][INFO] - Checking timeout

2021-11-18 12:14:34 - [MESSAGE][INFO] - Finding web element with id: 'Object Repository/Olusturma/Genel/Olusturma/Ekle' located by 'By.cssSelector: #divmalhizmet i.fa.fa-plus.fa-lg.text-muted' in '10' second(s)

2021-11-18 12:14:34 - [MESSAGE][INFO] - Smart Wait Function is triggered

2021-11-18 12:14:35 - [MESSAGE][INFO] - Found 1 web elements with id: 'Object Repository/Olusturma/Genel/Olusturma/Ekle' located by 'By.cssSelector: #divmalhizmet i.fa.fa-plus.fa-lg.text-muted' in '10' second(s)

2021-11-18 12:14:35 - [MESSAGE][PASSED] - Object 'Object Repository/Olusturma/Genel/Olusturma/Ekle' is clickable

2021-11-18 12:14:35 - [TEST_STEP][PASSED] - click(findTestObject("Object Repository/Olusturma/Genel/Olusturma/Ekle")): Object: 'Object Repository/Olusturma/Genel/Olusturma/Ekle' is clicked on

2021-11-18 12:14:35 - [MESSAGE][INFO] - Finding Test Object 'Object Repository/Olusturma/Genel/Olusturma/Ekle'

2021-11-18 12:14:35 - [MESSAGE][INFO] - Checking object

2021-11-18 12:14:35 - [MESSAGE][INFO] - Finding web element from Test Object's properties

2021-11-18 12:14:35 - [MESSAGE][INFO] - Checking timeout

2021-11-18 12:14:35 - [MESSAGE][INFO] - Finding web element with id: 'Object Repository/Olusturma/Genel/Olusturma/Ekle' located by 'By.cssSelector: #divmalhizmet i.fa.fa-plus.fa-lg.text-muted' in '30' second(s)

2021-11-18 12:14:35 - [MESSAGE][INFO] - Smart Wait Function is triggered

2021-11-18 12:14:35 - [MESSAGE][INFO] - Found 1 web elements with id: 'Object Repository/Olusturma/Genel/Olusturma/Ekle' located by 'By.cssSelector: #divmalhizmet i.fa.fa-plus.fa-lg.text-muted' in '30' second(s)

2021-11-18 12:14:35 - [MESSAGE][INFO] - Clicking on object: 'Object Repository/Olusturma/Genel/Olusturma/Ekle'

2021-11-18 12:14:35 - [MESSAGE][PASSED] - Object: 'Object Repository/Olusturma/Genel/Olusturma/Ekle' is clicked on

2021-11-18 12:14:35 - [TEST_STEP][PASSED] - waitForElementClickable(findTestObject("Olusturma/Genel/Olusturma/EklenenSatirCarpiImage"), 10): Object 'Object Repository/Olusturma/Genel/Olusturma/EklenenSatirCarpiImage' is clickable

2021-11-18 12:14:35 - [MESSAGE][INFO] - Finding Test Object 'Object Repository/Olusturma/Genel/Olusturma/EklenenSatirCarpiImage'

2021-11-18 12:14:35 - [MESSAGE][INFO] - Checking object

2021-11-18 12:14:35 - [MESSAGE][INFO] - Checking timeout

2021-11-18 12:14:35 - [MESSAGE][INFO] - Finding web element from Test Object's properties

2021-11-18 12:14:35 - [MESSAGE][INFO] - Checking timeout

2021-11-18 12:14:35 - [MESSAGE][INFO] - Finding web element with id: 'Object Repository/Olusturma/Genel/Olusturma/EklenenSatirCarpiImage' located by 'By.cssSelector: .fa.fa-times.fa-lg.text-primary' in '10' second(s)

2021-11-18 12:14:35 - [MESSAGE][INFO] - Smart Wait Function is triggered

2021-11-18 12:14:35 - [MESSAGE][INFO] - Found 1 web elements with id: 'Object Repository/Olusturma/Genel/Olusturma/EklenenSatirCarpiImage' located by 'By.cssSelector: .fa.fa-times.fa-lg.text-primary' in '10' second(s)

2021-11-18 12:14:35 - [MESSAGE][PASSED] - Object 'Object Repository/Olusturma/Genel/Olusturma/EklenenSatirCarpiImage' is clickable

2021-11-18 12:14:35 - [MESSAGE][PASSED] - Call Test Case 'Test Cases/Olusturma/Genel/EkleButonunaBasilir' successfully

2021-11-18 12:14:35 - [MESSAGE][INFO] - Checking called Test Case

2021-11-18 12:14:35 - [MESSAGE][INFO] - Starting to call Test Case 'Test Cases/Olusturma/Genel/Olusturma'

2021-11-18 12:14:36 - [TEST_CASE][PASSED] - Test Cases/Olusturma/Genel/Olusturma: Test Cases/Olusturma/Genel/Olusturma

2021-11-18 12:14:36 - [TEST_STEP][PASSED] - driver = getWebDriver(): null

2021-11-18 12:14:36 - [TEST_STEP][PASSED] - action = new org.openqa.selenium.interactions.Actions(driver): null

2021-11-18 12:14:36 - [TEST_STEP][PASSED] - baslikElement = <not implemented yet for class: org.codehaus.groovy.ast.expr.EmptyExpression>: null

2021-11-18 12:14:36 - [TEST_STEP][PASSED] - sonElement = <not implemented yet for class: org.codehaus.groovy.ast.expr.EmptyExpression>: null

2021-11-18 12:14:36 - [TEST_STEP][PASSED] - attr = <not implemented yet for class: org.codehaus.groovy.ast.expr.EmptyExpression>: null

2021-11-18 12:14:36 - [TEST_STEP][PASSED] - a = 0: null

2021-11-18 12:14:36 - [TEST_STEP][PASSED] - elements = findWebElements(findTestObject("Object Repository/Olusturma/Genel/Olusturma/TabloBasliklari"), 10): Found 16 web elements with id: 'Object Repository/Olusturma/Genel/Olusturma/TabloBasliklari' located by 'By.cssSelector: div#divmalhizmet .dxgvTable_LECustomTheme td.dxgvHeader_LECustomTheme tr>td:nth-child(1)' in '10' second(s)

2021-11-18 12:14:36 - [MESSAGE][INFO] - Finding Test Object 'Object Repository/Olusturma/Genel/Olusturma/TabloBasliklari'

2021-11-18 12:14:36 - [MESSAGE][INFO] - Checking timeout

2021-11-18 12:14:36 - [MESSAGE][INFO] - Finding web element with id: 'Object Repository/Olusturma/Genel/Olusturma/TabloBasliklari' located by 'By.cssSelector: div#divmalhizmet .dxgvTable_LECustomTheme td.dxgvHeader_LECustomTheme tr>td:nth-child(1)' in '10' second(s)

2021-11-18 12:14:36 - [MESSAGE][INFO] - Smart Wait Function is triggered

2021-11-18 12:14:37 - [MESSAGE][INFO] - Found 16 web elements with id: 'Object Repository/Olusturma/Genel/Olusturma/TabloBasliklari' located by 'By.cssSelector: div#divmalhizmet .dxgvTable_LECustomTheme td.dxgvHeader_LECustomTheme tr>td:nth-child(1)' in '10' second(s)

2021-11-18 12:14:37 - [TEST_STEP][PASSED] - for (def element : elements): null

2021-11-18 12:14:37 - [TEST_STEP][PASSED] - build().perform(): null

2021-11-18 12:14:37 - [TEST_STEP][PASSED] - if (getText().equals(Baslik)): null

2021-11-18 12:14:37 - [TEST_STEP][PASSED] - baslikElement = element.findElement(By.xpath("../../../..")): Smart Wait Function is triggered

2021-11-18 12:14:37 - [MESSAGE][INFO] - Smart Wait Function is triggered

2021-11-18 12:14:37 - [TEST_STEP][PASSED] - attr = baslikElement.getAttribute("id"): null

2021-11-18 12:14:37 - [TEST_STEP][PASSED] - println("girdi ve idsini aldı = " + attr): null

2021-11-18 12:14:37 - [TEST_STEP][PASSED] - break: null

2021-11-18 12:14:37 - [TEST_STEP][PASSED] - countElement = baslikElement.findElements(By.xpath("../td")): Smart Wait Function is triggered

2021-11-18 12:14:37 - [MESSAGE][INFO] - Smart Wait Function is triggered

2021-11-18 12:14:37 - [TEST_STEP][PASSED] - for (def element : countElement): null

2021-11-18 12:14:37 - [TEST_STEP][PASSED] - if (toString().equals(attr.toString())): null

2021-11-18 12:14:37 - [TEST_STEP][PASSED] - (a++): null

2021-11-18 12:14:37 - [TEST_STEP][PASSED] - if (toString().equals(attr.toString())): null

2021-11-18 12:14:37 - [TEST_STEP][PASSED] - break: null

2021-11-18 12:14:37 - [TEST_STEP][PASSED] - son = findWebElement(findTestObject("Object Repository/Olusturma/Genel/Olusturma/EklenenSatir")).findElement(By.xpath("td[@class='dxgvInlineEditCell_LECustomTheme dxgv'][" + a + "]//td[@class='dxic']/input")): Smart Wait Function is triggered

2021-11-18 12:14:37 - [MESSAGE][INFO] - Finding Test Object 'Object Repository/Olusturma/Genel/Olusturma/EklenenSatir'

2021-11-18 12:14:37 - [MESSAGE][INFO] - Finding web element from Test Object's properties

2021-11-18 12:14:37 - [MESSAGE][INFO] - Checking timeout

2021-11-18 12:14:37 - [MESSAGE][INFO] - Finding web element with id: 'Object Repository/Olusturma/Genel/Olusturma/EklenenSatir' located by 'By.cssSelector: #divmalhizmet .dxgvInlineEditRow_LECustomTheme' in '30' second(s)

2021-11-18 12:14:37 - [MESSAGE][INFO] - Smart Wait Function is triggered

2021-11-18 12:14:38 - [MESSAGE][INFO] - Found 1 web elements with id: 'Object Repository/Olusturma/Genel/Olusturma/EklenenSatir' located by 'By.cssSelector: #divmalhizmet .dxgvInlineEditRow_LECustomTheme' in '30' second(s)

2021-11-18 12:14:38 - [MESSAGE][INFO] - Smart Wait Function is triggered

2021-11-18 12:14:38 - [TEST_STEP][PASSED] - if (!(getAttribute("value").contains("Vkn"))): null

2021-11-18 12:14:38 - [TEST_STEP][PASSED] - son.clear(): null

2021-11-18 12:14:38 - [TEST_STEP][PASSED] - son.sendKeys(Deger): null

2021-11-18 12:14:38 - [MESSAGE][PASSED] - Call Test Case 'Test Cases/Olusturma/Genel/Olusturma' successfully

2021-11-18 12:14:38 - [MESSAGE][INFO] - Checking called Test Case

2021-11-18 12:14:38 - [MESSAGE][INFO] - Starting to call Test Case 'Test Cases/Olusturma/Genel/Olusturma'

2021-11-18 12:14:38 - [TEST_CASE][PASSED] - Test Cases/Olusturma/Genel/Olusturma: Test Cases/Olusturma/Genel/Olusturma

2021-11-18 12:14:38 - [TEST_STEP][PASSED] - driver = getWebDriver(): null

2021-11-18 12:14:38 - [TEST_STEP][PASSED] - action = new org.openqa.selenium.interactions.Actions(driver): null

2021-11-18 12:14:38 - [TEST_STEP][PASSED] - baslikElement = <not implemented yet for class: org.codehaus.groovy.ast.expr.EmptyExpression>: null

2021-11-18 12:14:38 - [TEST_STEP][PASSED] - sonElement = <not implemented yet for class: org.codehaus.groovy.ast.expr.EmptyExpression>: null

2021-11-18 12:14:38 - [TEST_STEP][PASSED] - attr = <not implemented yet for class: org.codehaus.groovy.ast.expr.EmptyExpression>: null

2021-11-18 12:14:38 - [TEST_STEP][PASSED] - a = 0: null

2021-11-18 12:14:38 - [TEST_STEP][PASSED] - elements = findWebElements(findTestObject("Object Repository/Olusturma/Genel/Olusturma/TabloBasliklari"), 10): Found 16 web elements with id: 'Object Repository/Olusturma/Genel/Olusturma/TabloBasliklari' located by 'By.cssSelector: div#divmalhizmet .dxgvTable_LECustomTheme td.dxgvHeader_LECustomTheme tr>td:nth-child(1)' in '10' second(s)

2021-11-18 12:14:38 - [MESSAGE][INFO] - Finding Test Object 'Object Repository/Olusturma/Genel/Olusturma/TabloBasliklari'

2021-11-18 12:14:38 - [MESSAGE][INFO] - Checking timeout

2021-11-18 12:14:38 - [MESSAGE][INFO] - Finding web element with id: 'Object Repository/Olusturma/Genel/Olusturma/TabloBasliklari' located by 'By.cssSelector: div#divmalhizmet .dxgvTable_LECustomTheme td.dxgvHeader_LECustomTheme tr>td:nth-child(1)' in '10' second(s)

2021-11-18 12:14:38 - [MESSAGE][INFO] - Smart Wait Function is triggered

2021-11-18 12:14:39 - [MESSAGE][INFO] - Found 16 web elements with id: 'Object Repository/Olusturma/Genel/Olusturma/TabloBasliklari' located by 'By.cssSelector: div#divmalhizmet .dxgvTable_LECustomTheme td.dxgvHeader_LECustomTheme tr>td:nth-child(1)' in '10' second(s)

2021-11-18 12:14:39 - [TEST_STEP][PASSED] - for (def element : elements): null

2021-11-18 12:14:39 - [TEST_STEP][PASSED] - build().perform(): null

2021-11-18 12:14:39 - [TEST_STEP][PASSED] - if (getText().equals(Baslik)): null

2021-11-18 12:14:39 - [TEST_STEP][PASSED] - build().perform(): null

2021-11-18 12:14:39 - [TEST_STEP][PASSED] - if (getText().equals(Baslik)): null

2021-11-18 12:14:39 - [TEST_STEP][PASSED] - baslikElement = element.findElement(By.xpath("../../../..")): Smart Wait Function is triggered

2021-11-18 12:14:39 - [MESSAGE][INFO] - Smart Wait Function is triggered

2021-11-18 12:14:39 - [TEST_STEP][PASSED] - attr = baslikElement.getAttribute("id"): null

2021-11-18 12:14:39 - [TEST_STEP][PASSED] - println("girdi ve idsini aldı = " + attr): null

2021-11-18 12:14:39 - [TEST_STEP][PASSED] - break: null

2021-11-18 12:14:39 - [TEST_STEP][PASSED] - countElement = baslikElement.findElements(By.xpath("../td")): Smart Wait Function is triggered

2021-11-18 12:14:39 - [MESSAGE][INFO] - Smart Wait Function is triggered

2021-11-18 12:14:39 - [TEST_STEP][PASSED] - for (def element : countElement): null

2021-11-18 12:14:39 - [TEST_STEP][PASSED] - if (toString().equals(attr.toString())): null

2021-11-18 12:14:39 - [TEST_STEP][PASSED] - (a++): null

2021-11-18 12:14:39 - [TEST_STEP][PASSED] - if (toString().equals(attr.toString())): null

2021-11-18 12:14:39 - [TEST_STEP][PASSED] - (a++): null

2021-11-18 12:14:39 - [TEST_STEP][PASSED] - if (toString().equals(attr.toString())): null

2021-11-18 12:14:39 - [TEST_STEP][PASSED] - break: null

2021-11-18 12:14:39 - [TEST_STEP][PASSED] - son = findWebElement(findTestObject("Object Repository/Olusturma/Genel/Olusturma/EklenenSatir")).findElement(By.xpath("td[@class='dxgvInlineEditCell_LECustomTheme dxgv'][" + a + "]//td[@class='dxic']/input")): Smart Wait Function is triggered

2021-11-18 12:14:39 - [MESSAGE][INFO] - Finding Test Object 'Object Repository/Olusturma/Genel/Olusturma/EklenenSatir'

2021-11-18 12:14:40 - [MESSAGE][INFO] - Finding web element from Test Object's properties

2021-11-18 12:14:40 - [MESSAGE][INFO] - Checking timeout

2021-11-18 12:14:40 - [MESSAGE][INFO] - Finding web element with id: 'Object Repository/Olusturma/Genel/Olusturma/EklenenSatir' located by 'By.cssSelector: #divmalhizmet .dxgvInlineEditRow_LECustomTheme' in '30' second(s)

2021-11-18 12:14:40 - [MESSAGE][INFO] - Smart Wait Function is triggered

2021-11-18 12:14:40 - [MESSAGE][INFO] - Found 1 web elements with id: 'Object Repository/Olusturma/Genel/Olusturma/EklenenSatir' located by 'By.cssSelector: #divmalhizmet .dxgvInlineEditRow_LECustomTheme' in '30' second(s)

2021-11-18 12:14:40 - [MESSAGE][INFO] - Smart Wait Function is triggered

2021-11-18 12:14:40 - [TEST_STEP][PASSED] - if (!(getAttribute("value").contains("Vkn"))): null

2021-11-18 12:14:40 - [TEST_STEP][PASSED] - son.clear(): null

2021-11-18 12:14:40 - [TEST_STEP][PASSED] - son.sendKeys(Deger): null

2021-11-18 12:14:40 - [MESSAGE][PASSED] - Call Test Case 'Test Cases/Olusturma/Genel/Olusturma' successfully

2021-11-18 12:14:40 - [MESSAGE][INFO] - Checking called Test Case

2021-11-18 12:14:40 - [MESSAGE][INFO] - Starting to call Test Case 'Test Cases/Olusturma/Genel/Olusturma'

2021-11-18 12:14:40 - [TEST_CASE][PASSED] - Test Cases/Olusturma/Genel/Olusturma: Test Cases/Olusturma/Genel/Olusturma

2021-11-18 12:14:40 - [TEST_STEP][PASSED] - driver = getWebDriver(): null

2021-11-18 12:14:40 - [TEST_STEP][PASSED] - action = new org.openqa.selenium.interactions.Actions(driver): null

2021-11-18 12:14:40 - [TEST_STEP][PASSED] - baslikElement = <not implemented yet for class: org.codehaus.groovy.ast.expr.EmptyExpression>: null

2021-11-18 12:14:40 - [TEST_STEP][PASSED] - sonElement = <not implemented yet for class: org.codehaus.groovy.ast.expr.EmptyExpression>: null

2021-11-18 12:14:40 - [TEST_STEP][PASSED] - attr = <not implemented yet for class: org.codehaus.groovy.ast.expr.EmptyExpression>: null

2021-11-18 12:14:40 - [TEST_STEP][PASSED] - a = 0: null

2021-11-18 12:14:40 - [TEST_STEP][PASSED] - elements = findWebElements(findTestObject("Object Repository/Olusturma/Genel/Olusturma/TabloBasliklari"), 10): Found 16 web elements with id: 'Object Repository/Olusturma/Genel/Olusturma/TabloBasliklari' located by 'By.cssSelector: div#divmalhizmet .dxgvTable_LECustomTheme td.dxgvHeader_LECustomTheme tr>td:nth-child(1)' in '10' second(s)

2021-11-18 12:14:40 - [MESSAGE][INFO] - Finding Test Object 'Object Repository/Olusturma/Genel/Olusturma/TabloBasliklari'

2021-11-18 12:14:40 - [MESSAGE][INFO] - Checking timeout

2021-11-18 12:14:40 - [MESSAGE][INFO] - Finding web element with id: 'Object Repository/Olusturma/Genel/Olusturma/TabloBasliklari' located by 'By.cssSelector: div#divmalhizmet .dxgvTable_LECustomTheme td.dxgvHeader_LECustomTheme tr>td:nth-child(1)' in '10' second(s)

2021-11-18 12:14:40 - [MESSAGE][INFO] - Smart Wait Function is triggered

2021-11-18 12:14:41 - [MESSAGE][INFO] - Found 16 web elements with id: 'Object Repository/Olusturma/Genel/Olusturma/TabloBasliklari' located by 'By.cssSelector: div#divmalhizmet .dxgvTable_LECustomTheme td.dxgvHeader_LECustomTheme tr>td:nth-child(1)' in '10' second(s)

2021-11-18 12:14:41 - [TEST_STEP][PASSED] - for (def element : elements): null

2021-11-18 12:14:41 - [TEST_STEP][PASSED] - build().perform(): null

2021-11-18 12:14:41 - [TEST_STEP][PASSED] - if (getText().equals(Baslik)): null

2021-11-18 12:14:41 - [TEST_STEP][PASSED] - build().perform(): null

2021-11-18 12:14:41 - [TEST_STEP][PASSED] - if (getText().equals(Baslik)): null

2021-11-18 12:14:41 - [TEST_STEP][PASSED] - build().perform(): null

2021-11-18 12:14:41 - [TEST_STEP][PASSED] - if (getText().equals(Baslik)): null

2021-11-18 12:14:41 - [TEST_STEP][PASSED] - build().perform(): null

2021-11-18 12:14:41 - [TEST_STEP][PASSED] - if (getText().equals(Baslik)): null

2021-11-18 12:14:41 - [TEST_STEP][PASSED] - baslikElement = element.findElement(By.xpath("../../../..")): Smart Wait Function is triggered

2021-11-18 12:14:41 - [MESSAGE][INFO] - Smart Wait Function is triggered

2021-11-18 12:14:42 - [TEST_STEP][PASSED] - attr = baslikElement.getAttribute("id"): null

2021-11-18 12:14:42 - [TEST_STEP][PASSED] - println("girdi ve idsini aldı = " + attr): null

2021-11-18 12:14:42 - [TEST_STEP][PASSED] - break: null

2021-11-18 12:14:42 - [TEST_STEP][PASSED] - countElement = baslikElement.findElements(By.xpath("../td")): Smart Wait Function is triggered

2021-11-18 12:14:42 - [MESSAGE][INFO] - Smart Wait Function is triggered

2021-11-18 12:14:42 - [TEST_STEP][PASSED] - for (def element : countElement): null

2021-11-18 12:14:42 - [TEST_STEP][PASSED] - if (toString().equals(attr.toString())): null

2021-11-18 12:14:42 - [TEST_STEP][PASSED] - (a++): null

2021-11-18 12:14:42 - [TEST_STEP][PASSED] - if (toString().equals(attr.toString())): null

2021-11-18 12:14:42 - [TEST_STEP][PASSED] - (a++): null

2021-11-18 12:14:42 - [TEST_STEP][PASSED] - if (toString().equals(attr.toString())): null

2021-11-18 12:14:42 - [TEST_STEP][PASSED] - (a++): null

2021-11-18 12:14:42 - [TEST_STEP][PASSED] - if (toString().equals(attr.toString())): null

2021-11-18 12:14:42 - [TEST_STEP][PASSED] - (a++): null

2021-11-18 12:14:42 - [TEST_STEP][PASSED] - if (toString().equals(attr.toString())): null

2021-11-18 12:14:42 - [TEST_STEP][PASSED] - break: null

2021-11-18 12:14:42 - [TEST_STEP][PASSED] - son = findWebElement(findTestObject("Object Repository/Olusturma/Genel/Olusturma/EklenenSatir")).findElement(By.xpath("td[@class='dxgvInlineEditCell_LECustomTheme dxgv'][" + a + "]//td[@class='dxic']/input")): Smart Wait Function is triggered

2021-11-18 12:14:42 - [MESSAGE][INFO] - Finding Test Object 'Object Repository/Olusturma/Genel/Olusturma/EklenenSatir'

2021-11-18 12:14:42 - [MESSAGE][INFO] - Finding web element from Test Object's properties

2021-11-18 12:14:42 - [MESSAGE][INFO] - Checking timeout

2021-11-18 12:14:42 - [MESSAGE][INFO] - Finding web element with id: 'Object Repository/Olusturma/Genel/Olusturma/EklenenSatir' located by 'By.cssSelector: #divmalhizmet .dxgvInlineEditRow_LECustomTheme' in '30' second(s)

2021-11-18 12:14:42 - [MESSAGE][INFO] - Smart Wait Function is triggered

2021-11-18 12:14:42 - [MESSAGE][INFO] - Found 1 web elements with id: 'Object Repository/Olusturma/Genel/Olusturma/EklenenSatir' located by 'By.cssSelector: #divmalhizmet .dxgvInlineEditRow_LECustomTheme' in '30' second(s)

2021-11-18 12:14:42 - [MESSAGE][INFO] - Smart Wait Function is triggered

2021-11-18 12:14:43 - [TEST_STEP][PASSED] - if (!(getAttribute("value").contains("Vkn"))): null

2021-11-18 12:14:43 - [TEST_STEP][PASSED] - son.clear(): null

2021-11-18 12:14:43 - [TEST_STEP][PASSED] - son.sendKeys(Deger): null

2021-11-18 12:14:43 - [MESSAGE][PASSED] - Call Test Case 'Test Cases/Olusturma/Genel/Olusturma' successfully

2021-11-18 12:14:43 - [MESSAGE][INFO] - Checking called Test Case

2021-11-18 12:14:43 - [MESSAGE][INFO] - Starting to call Test Case 'Test Cases/Olusturma/Genel/Olusturma'

2021-11-18 12:14:43 - [TEST_CASE][PASSED] - Test Cases/Olusturma/Genel/Olusturma: Test Cases/Olusturma/Genel/Olusturma

2021-11-18 12:14:43 - [TEST_STEP][PASSED] - driver = getWebDriver(): null

2021-11-18 12:14:43 - [TEST_STEP][PASSED] - action = new org.openqa.selenium.interactions.Actions(driver): null

2021-11-18 12:14:43 - [TEST_STEP][PASSED] - baslikElement = <not implemented yet for class: org.codehaus.groovy.ast.expr.EmptyExpression>: null

2021-11-18 12:14:43 - [TEST_STEP][PASSED] - sonElement = <not implemented yet for class: org.codehaus.groovy.ast.expr.EmptyExpression>: null

2021-11-18 12:14:43 - [TEST_STEP][PASSED] - attr = <not implemented yet for class: org.codehaus.groovy.ast.expr.EmptyExpression>: null

2021-11-18 12:14:43 - [TEST_STEP][PASSED] - a = 0: null

2021-11-18 12:14:43 - [TEST_STEP][PASSED] - elements = findWebElements(findTestObject("Object Repository/Olusturma/Genel/Olusturma/TabloBasliklari"), 10): Found 16 web elements with id: 'Object Repository/Olusturma/Genel/Olusturma/TabloBasliklari' located by 'By.cssSelector: div#divmalhizmet .dxgvTable_LECustomTheme td.dxgvHeader_LECustomTheme tr>td:nth-child(1)' in '10' second(s)

2021-11-18 12:14:43 - [MESSAGE][INFO] - Finding Test Object 'Object Repository/Olusturma/Genel/Olusturma/TabloBasliklari'

2021-11-18 12:14:43 - [MESSAGE][INFO] - Checking timeout

2021-11-18 12:14:43 - [MESSAGE][INFO] - Finding web element with id: 'Object Repository/Olusturma/Genel/Olusturma/TabloBasliklari' located by 'By.cssSelector: div#divmalhizmet .dxgvTable_LECustomTheme td.dxgvHeader_LECustomTheme tr>td:nth-child(1)' in '10' second(s)

2021-11-18 12:14:43 - [MESSAGE][INFO] - Smart Wait Function is triggered

2021-11-18 12:14:43 - [MESSAGE][INFO] - Found 16 web elements with id: 'Object Repository/Olusturma/Genel/Olusturma/TabloBasliklari' located by 'By.cssSelector: div#divmalhizmet .dxgvTable_LECustomTheme td.dxgvHeader_LECustomTheme tr>td:nth-child(1)' in '10' second(s)

2021-11-18 12:14:43 - [TEST_STEP][PASSED] - for (def element : elements): null

2021-11-18 12:14:43 - [TEST_STEP][PASSED] - build().perform(): null

2021-11-18 12:14:43 - [TEST_STEP][PASSED] - if (getText().equals(Baslik)): null

2021-11-18 12:14:43 - [TEST_STEP][PASSED] - build().perform(): null

2021-11-18 12:14:43 - [TEST_STEP][PASSED] - if (getText().equals(Baslik)): null

2021-11-18 12:14:43 - [TEST_STEP][PASSED] - build().perform(): null

2021-11-18 12:14:44 - [TEST_STEP][PASSED] - if (getText().equals(Baslik)): null

2021-11-18 12:14:44 - [TEST_STEP][PASSED] - build().perform(): null

2021-11-18 12:14:44 - [TEST_STEP][PASSED] - if (getText().equals(Baslik)): null

2021-11-18 12:14:44 - [TEST_STEP][PASSED] - build().perform(): null

2021-11-18 12:14:44 - [TEST_STEP][PASSED] - if (getText().equals(Baslik)): null

2021-11-18 12:14:44 - [TEST_STEP][PASSED] - baslikElement = element.findElement(By.xpath("../../../..")): Smart Wait Function is triggered

2021-11-18 12:14:44 - [MESSAGE][INFO] - Smart Wait Function is triggered

2021-11-18 12:14:44 - [TEST_STEP][PASSED] - attr = baslikElement.getAttribute("id"): null

2021-11-18 12:14:44 - [TEST_STEP][PASSED] - println("girdi ve idsini aldı = " + attr): null

2021-11-18 12:14:44 - [TEST_STEP][PASSED] - break: null

2021-11-18 12:14:44 - [TEST_STEP][PASSED] - countElement = baslikElement.findElements(By.xpath("../td")): Smart Wait Function is triggered

2021-11-18 12:14:44 - [MESSAGE][INFO] - Smart Wait Function is triggered

2021-11-18 12:14:44 - [TEST_STEP][PASSED] - for (def element : countElement): null

2021-11-18 12:14:44 - [TEST_STEP][PASSED] - if (toString().equals(attr.toString())): null

2021-11-18 12:14:44 - [TEST_STEP][PASSED] - (a++): null

2021-11-18 12:14:44 - [TEST_STEP][PASSED] - if (toString().equals(attr.toString())): null

2021-11-18 12:14:44 - [TEST_STEP][PASSED] - (a++): null

2021-11-18 12:14:44 - [TEST_STEP][PASSED] - if (toString().equals(attr.toString())): null

2021-11-18 12:14:44 - [TEST_STEP][PASSED] - (a++): null

2021-11-18 12:14:44 - [TEST_STEP][PASSED] - if (toString().equals(attr.toString())): null

2021-11-18 12:14:44 - [TEST_STEP][PASSED] - (a++): null

2021-11-18 12:14:44 - [TEST_STEP][PASSED] - if (toString().equals(attr.toString())): null

2021-11-18 12:14:44 - [TEST_STEP][PASSED] - (a++): null

2021-11-18 12:14:44 - [TEST_STEP][PASSED] - if (toString().equals(attr.toString())): null

2021-11-18 12:14:44 - [TEST_STEP][PASSED] - break: null

2021-11-18 12:14:44 - [TEST_STEP][PASSED] - son = findWebElement(findTestObject("Object Repository/Olusturma/Genel/Olusturma/EklenenSatir")).findElement(By.xpath("td[@class='dxgvInlineEditCell_LECustomTheme dxgv'][" + a + "]//td[@class='dxic']/input")): Smart Wait Function is triggered

2021-11-18 12:14:44 - [MESSAGE][INFO] - Finding Test Object 'Object Repository/Olusturma/Genel/Olusturma/EklenenSatir'

2021-11-18 12:14:44 - [MESSAGE][INFO] - Finding web element from Test Object's properties

2021-11-18 12:14:44 - [MESSAGE][INFO] - Checking timeout

2021-11-18 12:14:44 - [MESSAGE][INFO] - Finding web element with id: 'Object Repository/Olusturma/Genel/Olusturma/EklenenSatir' located by 'By.cssSelector: #divmalhizmet .dxgvInlineEditRow_LECustomTheme' in '30' second(s)

2021-11-18 12:14:44 - [MESSAGE][INFO] - Smart Wait Function is triggered

2021-11-18 12:14:45 - [MESSAGE][INFO] - Found 1 web elements with id: 'Object Repository/Olusturma/Genel/Olusturma/EklenenSatir' located by 'By.cssSelector: #divmalhizmet .dxgvInlineEditRow_LECustomTheme' in '30' second(s)

2021-11-18 12:14:45 - [MESSAGE][INFO] - Smart Wait Function is triggered

2021-11-18 12:14:45 - [TEST_STEP][PASSED] - if (!(getAttribute("value").contains("Vkn"))): null

2021-11-18 12:14:45 - [TEST_STEP][PASSED] - else: null

2021-11-18 12:14:45 - [TEST_STEP][PASSED] - son.click(): null

2021-11-18 12:14:45 - [TEST_STEP][PASSED] - son.sendKeys(Deger): null

2021-11-18 12:14:45 - [MESSAGE][PASSED] - Call Test Case 'Test Cases/Olusturma/Genel/Olusturma' successfully

2021-11-18 12:14:45 - [MESSAGE][INFO] - Checking called Test Case

2021-11-18 12:14:45 - [MESSAGE][INFO] - Starting to call Test Case 'Test Cases/Olusturma/Genel/Olusturma'

2021-11-18 12:14:45 - [TEST_CASE][PASSED] - Test Cases/Olusturma/Genel/Olusturma: Test Cases/Olusturma/Genel/Olusturma

2021-11-18 12:14:45 - [TEST_STEP][PASSED] - driver = getWebDriver(): null

2021-11-18 12:14:45 - [TEST_STEP][PASSED] - action = new org.openqa.selenium.interactions.Actions(driver): null

2021-11-18 12:14:45 - [TEST_STEP][PASSED] - baslikElement = <not implemented yet for class: org.codehaus.groovy.ast.expr.EmptyExpression>: null

2021-11-18 12:14:45 - [TEST_STEP][PASSED] - sonElement = <not implemented yet for class: org.codehaus.groovy.ast.expr.EmptyExpression>: null

2021-11-18 12:14:45 - [TEST_STEP][PASSED] - attr = <not implemented yet for class: org.codehaus.groovy.ast.expr.EmptyExpression>: null

2021-11-18 12:14:45 - [TEST_STEP][PASSED] - a = 0: null

2021-11-18 12:14:45 - [TEST_STEP][PASSED] - elements = findWebElements(findTestObject("Object Repository/Olusturma/Genel/Olusturma/TabloBasliklari"), 10): Found 16 web elements with id: 'Object Repository/Olusturma/Genel/Olusturma/TabloBasliklari' located by 'By.cssSelector: div#divmalhizmet .dxgvTable_LECustomTheme td.dxgvHeader_LECustomTheme tr>td:nth-child(1)' in '10' second(s)

2021-11-18 12:14:45 - [MESSAGE][INFO] - Finding Test Object 'Object Repository/Olusturma/Genel/Olusturma/TabloBasliklari'

2021-11-18 12:14:45 - [MESSAGE][INFO] - Checking timeout

2021-11-18 12:14:45 - [MESSAGE][INFO] - Finding web element with id: 'Object Repository/Olusturma/Genel/Olusturma/TabloBasliklari' located by 'By.cssSelector: div#divmalhizmet .dxgvTable_LECustomTheme td.dxgvHeader_LECustomTheme tr>td:nth-child(1)' in '10' second(s)

2021-11-18 12:14:45 - [MESSAGE][INFO] - Smart Wait Function is triggered

2021-11-18 12:14:46 - [MESSAGE][INFO] - Found 16 web elements with id: 'Object Repository/Olusturma/Genel/Olusturma/TabloBasliklari' located by 'By.cssSelector: div#divmalhizmet .dxgvTable_LECustomTheme td.dxgvHeader_LECustomTheme tr>td:nth-child(1)' in '10' second(s)

2021-11-18 12:14:46 - [TEST_STEP][PASSED] - for (def element : elements): null

2021-11-18 12:14:46 - [TEST_STEP][PASSED] - build().perform(): null

2021-11-18 12:14:46 - [TEST_STEP][PASSED] - if (getText().equals(Baslik)): null

2021-11-18 12:14:46 - [TEST_STEP][PASSED] - build().perform(): null

2021-11-18 12:14:46 - [TEST_STEP][PASSED] - if (getText().equals(Baslik)): null

2021-11-18 12:14:46 - [TEST_STEP][PASSED] - build().perform(): null

2021-11-18 12:14:46 - [TEST_STEP][PASSED] - if (getText().equals(Baslik)): null

2021-11-18 12:14:46 - [TEST_STEP][PASSED] - build().perform(): null

2021-11-18 12:14:46 - [TEST_STEP][PASSED] - if (getText().equals(Baslik)): null

2021-11-18 12:14:46 - [TEST_STEP][PASSED] - build().perform(): null

2021-11-18 12:14:46 - [TEST_STEP][PASSED] - if (getText().equals(Baslik)): null

2021-11-18 12:14:46 - [TEST_STEP][PASSED] - build().perform(): null

2021-11-18 12:14:46 - [TEST_STEP][PASSED] - if (getText().equals(Baslik)): null

2021-11-18 12:14:46 - [TEST_STEP][PASSED] - baslikElement = element.findElement(By.xpath("../../../..")): Smart Wait Function is triggered

2021-11-18 12:14:46 - [MESSAGE][INFO] - Smart Wait Function is triggered

2021-11-18 12:14:47 - [TEST_STEP][PASSED] - attr = baslikElement.getAttribute("id"): null

2021-11-18 12:14:47 - [TEST_STEP][PASSED] - println("girdi ve idsini aldı = " + attr): null

2021-11-18 12:14:47 - [TEST_STEP][PASSED] - break: null

2021-11-18 12:14:47 - [TEST_STEP][PASSED] - countElement = baslikElement.findElements(By.xpath("../td")): Smart Wait Function is triggered

2021-11-18 12:14:47 - [MESSAGE][INFO] - Smart Wait Function is triggered

2021-11-18 12:14:47 - [TEST_STEP][PASSED] - for (def element : countElement): null

2021-11-18 12:14:47 - [TEST_STEP][PASSED] - if (toString().equals(attr.toString())): null

2021-11-18 12:14:47 - [TEST_STEP][PASSED] - (a++): null

2021-11-18 12:14:47 - [TEST_STEP][PASSED] - if (toString().equals(attr.toString())): null

2021-11-18 12:14:47 - [TEST_STEP][PASSED] - (a++): null

2021-11-18 12:14:47 - [TEST_STEP][PASSED] - if (toString().equals(attr.toString())): null

2021-11-18 12:14:47 - [TEST_STEP][PASSED] - (a++): null

2021-11-18 12:14:47 - [TEST_STEP][PASSED] - if (toString().equals(attr.toString())): null

2021-11-18 12:14:47 - [TEST_STEP][PASSED] - (a++): null

2021-11-18 12:14:47 - [TEST_STEP][PASSED] - if (toString().equals(attr.toString())): null

2021-11-18 12:14:47 - [TEST_STEP][PASSED] - (a++): null

2021-11-18 12:14:47 - [TEST_STEP][PASSED] - if (toString().equals(attr.toString())): null

2021-11-18 12:14:47 - [TEST_STEP][PASSED] - (a++): null

2021-11-18 12:14:47 - [TEST_STEP][PASSED] - if (toString().equals(attr.toString())): null

2021-11-18 12:14:47 - [TEST_STEP][PASSED] - break: null

2021-11-18 12:14:47 - [TEST_STEP][PASSED] - son = findWebElement(findTestObject("Object Repository/Olusturma/Genel/Olusturma/EklenenSatir")).findElement(By.xpath("td[@class='dxgvInlineEditCell_LECustomTheme dxgv'][" + a + "]//td[@class='dxic']/input")): Smart Wait Function is triggered

2021-11-18 12:14:47 - [MESSAGE][INFO] - Finding Test Object 'Object Repository/Olusturma/Genel/Olusturma/EklenenSatir'

2021-11-18 12:14:47 - [MESSAGE][INFO] - Finding web element from Test Object's properties

2021-11-18 12:14:47 - [MESSAGE][INFO] - Checking timeout

2021-11-18 12:14:47 - [MESSAGE][INFO] - Finding web element with id: 'Object Repository/Olusturma/Genel/Olusturma/EklenenSatir' located by 'By.cssSelector: #divmalhizmet .dxgvInlineEditRow_LECustomTheme' in '30' second(s)

2021-11-18 12:14:47 - [MESSAGE][INFO] - Smart Wait Function is triggered

2021-11-18 12:14:47 - [MESSAGE][INFO] - Found 1 web elements with id: 'Object Repository/Olusturma/Genel/Olusturma/EklenenSatir' located by 'By.cssSelector: #divmalhizmet .dxgvInlineEditRow_LECustomTheme' in '30' second(s)

2021-11-18 12:14:47 - [MESSAGE][INFO] - Smart Wait Function is triggered

2021-11-18 12:14:48 - [TEST_STEP][PASSED] - if (!(getAttribute("value").contains("Vkn"))): null

2021-11-18 12:14:48 - [TEST_STEP][PASSED] - son.clear(): null

2021-11-18 12:14:48 - [TEST_STEP][PASSED] - son.sendKeys(Deger): null

2021-11-18 12:14:48 - [MESSAGE][PASSED] - Call Test Case 'Test Cases/Olusturma/Genel/Olusturma' successfully

2021-11-18 12:14:48 - [MESSAGE][INFO] - Checking called Test Case

2021-11-18 12:14:48 - [MESSAGE][INFO] - Starting to call Test Case 'Test Cases/Olusturma/Genel/Olusturma'

2021-11-18 12:14:48 - [TEST_CASE][PASSED] - Test Cases/Olusturma/Genel/Olusturma: Test Cases/Olusturma/Genel/Olusturma

2021-11-18 12:14:48 - [TEST_STEP][PASSED] - driver = getWebDriver(): null

2021-11-18 12:14:48 - [TEST_STEP][PASSED] - action = new org.openqa.selenium.interactions.Actions(driver): null

2021-11-18 12:14:48 - [TEST_STEP][PASSED] - baslikElement = <not implemented yet for class: org.codehaus.groovy.ast.expr.EmptyExpression>: null

2021-11-18 12:14:48 - [TEST_STEP][PASSED] - sonElement = <not implemented yet for class: org.codehaus.groovy.ast.expr.EmptyExpression>: null

2021-11-18 12:14:48 - [TEST_STEP][PASSED] - attr = <not implemented yet for class: org.codehaus.groovy.ast.expr.EmptyExpression>: null

2021-11-18 12:14:48 - [TEST_STEP][PASSED] - a = 0: null

2021-11-18 12:14:48 - [TEST_STEP][PASSED] - elements = findWebElements(findTestObject("Object Repository/Olusturma/Genel/Olusturma/TabloBasliklari"), 10): Found 16 web elements with id: 'Object Repository/Olusturma/Genel/Olusturma/TabloBasliklari' located by 'By.cssSelector: div#divmalhizmet .dxgvTable_LECustomTheme td.dxgvHeader_LECustomTheme tr>td:nth-child(1)' in '10' second(s)

2021-11-18 12:14:48 - [MESSAGE][INFO] - Finding Test Object 'Object Repository/Olusturma/Genel/Olusturma/TabloBasliklari'

2021-11-18 12:14:48 - [MESSAGE][INFO] - Checking timeout

2021-11-18 12:14:48 - [MESSAGE][INFO] - Finding web element with id: 'Object Repository/Olusturma/Genel/Olusturma/TabloBasliklari' located by 'By.cssSelector: div#divmalhizmet .dxgvTable_LECustomTheme td.dxgvHeader_LECustomTheme tr>td:nth-child(1)' in '10' second(s)

2021-11-18 12:14:48 - [MESSAGE][INFO] - Smart Wait Function is triggered

2021-11-18 12:14:48 - [MESSAGE][INFO] - Found 16 web elements with id: 'Object Repository/Olusturma/Genel/Olusturma/TabloBasliklari' located by 'By.cssSelector: div#divmalhizmet .dxgvTable_LECustomTheme td.dxgvHeader_LECustomTheme tr>td:nth-child(1)' in '10' second(s)

2021-11-18 12:14:48 - [TEST_STEP][PASSED] - for (def element : elements): null

2021-11-18 12:14:48 - [TEST_STEP][PASSED] - build().perform(): null

2021-11-18 12:14:48 - [TEST_STEP][PASSED] - if (getText().equals(Baslik)): null

2021-11-18 12:14:48 - [TEST_STEP][PASSED] - build().perform(): null

2021-11-18 12:14:48 - [TEST_STEP][PASSED] - if (getText().equals(Baslik)): null

2021-11-18 12:14:48 - [TEST_STEP][PASSED] - build().perform(): null

2021-11-18 12:14:49 - [TEST_STEP][PASSED] - if (getText().equals(Baslik)): null

2021-11-18 12:14:49 - [TEST_STEP][PASSED] - build().perform(): null

2021-11-18 12:14:49 - [TEST_STEP][PASSED] - if (getText().equals(Baslik)): null

2021-11-18 12:14:49 - [TEST_STEP][PASSED] - build().perform(): null

2021-11-18 12:14:49 - [TEST_STEP][PASSED] - if (getText().equals(Baslik)): null

2021-11-18 12:14:49 - [TEST_STEP][PASSED] - build().perform(): null

2021-11-18 12:14:49 - [TEST_STEP][PASSED] - if (getText().equals(Baslik)): null

2021-11-18 12:14:49 - [TEST_STEP][PASSED] - build().perform(): null

2021-11-18 12:14:49 - [TEST_STEP][PASSED] - if (getText().equals(Baslik)): null

2021-11-18 12:14:49 - [TEST_STEP][PASSED] - baslikElement = element.findElement(By.xpath("../../../..")): Smart Wait Function is triggered

2021-11-18 12:14:49 - [MESSAGE][INFO] - Smart Wait Function is triggered

2021-11-18 12:14:49 - [TEST_STEP][PASSED] - attr = baslikElement.getAttribute("id"): null

2021-11-18 12:14:50 - [TEST_STEP][PASSED] - println("girdi ve idsini aldı = " + attr): null

2021-11-18 12:14:50 - [TEST_STEP][PASSED] - break: null

2021-11-18 12:14:50 - [TEST_STEP][PASSED] - countElement = baslikElement.findElements(By.xpath("../td")): Smart Wait Function is triggered

2021-11-18 12:14:50 - [MESSAGE][INFO] - Smart Wait Function is triggered

2021-11-18 12:14:50 - [TEST_STEP][PASSED] - for (def element : countElement): null

2021-11-18 12:14:50 - [TEST_STEP][PASSED] - if (toString().equals(attr.toString())): null

2021-11-18 12:14:50 - [TEST_STEP][PASSED] - (a++): null

2021-11-18 12:14:50 - [TEST_STEP][PASSED] - if (toString().equals(attr.toString())): null

2021-11-18 12:14:50 - [TEST_STEP][PASSED] - (a++): null

2021-11-18 12:14:50 - [TEST_STEP][PASSED] - if (toString().equals(attr.toString())): null

2021-11-18 12:14:50 - [TEST_STEP][PASSED] - (a++): null

2021-11-18 12:14:50 - [TEST_STEP][PASSED] - if (toString().equals(attr.toString())): null

2021-11-18 12:14:50 - [TEST_STEP][PASSED] - (a++): null

2021-11-18 12:14:50 - [TEST_STEP][PASSED] - if (toString().equals(attr.toString())): null

2021-11-18 12:14:50 - [TEST_STEP][PASSED] - (a++): null

2021-11-18 12:14:50 - [TEST_STEP][PASSED] - if (toString().equals(attr.toString())): null

2021-11-18 12:14:50 - [TEST_STEP][PASSED] - (a++): null

2021-11-18 12:14:50 - [TEST_STEP][PASSED] - if (toString().equals(attr.toString())): null

2021-11-18 12:14:50 - [TEST_STEP][PASSED] - (a++): null

2021-11-18 12:14:50 - [TEST_STEP][PASSED] - if (toString().equals(attr.toString())): null

2021-11-18 12:14:50 - [TEST_STEP][PASSED] - break: null

2021-11-18 12:14:50 - [TEST_STEP][PASSED] - son = findWebElement(findTestObject("Object Repository/Olusturma/Genel/Olusturma/EklenenSatir")).findElement(By.xpath("td[@class='dxgvInlineEditCell_LECustomTheme dxgv'][" + a + "]//td[@class='dxic']/input")): Smart Wait Function is triggered

2021-11-18 12:14:50 - [MESSAGE][INFO] - Finding Test Object 'Object Repository/Olusturma/Genel/Olusturma/EklenenSatir'

2021-11-18 12:14:50 - [MESSAGE][INFO] - Finding web element from Test Object's properties

2021-11-18 12:14:50 - [MESSAGE][INFO] - Checking timeout

2021-11-18 12:14:50 - [MESSAGE][INFO] - Finding web element with id: 'Object Repository/Olusturma/Genel/Olusturma/EklenenSatir' located by 'By.cssSelector: #divmalhizmet .dxgvInlineEditRow_LECustomTheme' in '30' second(s)

2021-11-18 12:14:50 - [MESSAGE][INFO] - Smart Wait Function is triggered

2021-11-18 12:14:50 - [MESSAGE][INFO] - Found 1 web elements with id: 'Object Repository/Olusturma/Genel/Olusturma/EklenenSatir' located by 'By.cssSelector: #divmalhizmet .dxgvInlineEditRow_LECustomTheme' in '30' second(s)

2021-11-18 12:14:50 - [MESSAGE][INFO] - Smart Wait Function is triggered

2021-11-18 12:14:51 - [TEST_STEP][PASSED] - if (!(getAttribute("value").contains("Vkn"))): null

2021-11-18 12:14:51 - [TEST_STEP][PASSED] - son.clear(): null

2021-11-18 12:14:51 - [TEST_STEP][PASSED] - son.sendKeys(Deger): null

2021-11-18 12:14:51 - [MESSAGE][PASSED] - Call Test Case 'Test Cases/Olusturma/Genel/Olusturma' successfully

2021-11-18 12:14:51 - [MESSAGE][INFO] - Checking called Test Case

2021-11-18 12:14:51 - [MESSAGE][INFO] - Starting to call Test Case 'Test Cases/Olusturma/Genel/Olusturma'

2021-11-18 12:14:51 - [TEST_CASE][PASSED] - Test Cases/Olusturma/Genel/Olusturma: Test Cases/Olusturma/Genel/Olusturma

2021-11-18 12:14:51 - [TEST_STEP][PASSED] - driver = getWebDriver(): null

2021-11-18 12:14:51 - [TEST_STEP][PASSED] - action = new org.openqa.selenium.interactions.Actions(driver): null

2021-11-18 12:14:51 - [TEST_STEP][PASSED] - baslikElement = <not implemented yet for class: org.codehaus.groovy.ast.expr.EmptyExpression>: null

2021-11-18 12:14:51 - [TEST_STEP][PASSED] - sonElement = <not implemented yet for class: org.codehaus.groovy.ast.expr.EmptyExpression>: null

2021-11-18 12:14:51 - [TEST_STEP][PASSED] - attr = <not implemented yet for class: org.codehaus.groovy.ast.expr.EmptyExpression>: null

2021-11-18 12:14:51 - [TEST_STEP][PASSED] - a = 0: null

2021-11-18 12:14:51 - [TEST_STEP][PASSED] - elements = findWebElements(findTestObject("Object Repository/Olusturma/Genel/Olusturma/TabloBasliklari"), 10): Found 16 web elements with id: 'Object Repository/Olusturma/Genel/Olusturma/TabloBasliklari' located by 'By.cssSelector: div#divmalhizmet .dxgvTable_LECustomTheme td.dxgvHeader_LECustomTheme tr>td:nth-child(1)' in '10' second(s)

2021-11-18 12:14:51 - [MESSAGE][INFO] - Finding Test Object 'Object Repository/Olusturma/Genel/Olusturma/TabloBasliklari'

2021-11-18 12:14:51 - [MESSAGE][INFO] - Checking timeout

2021-11-18 12:14:51 - [MESSAGE][INFO] - Finding web element with id: 'Object Repository/Olusturma/Genel/Olusturma/TabloBasliklari' located by 'By.cssSelector: div#divmalhizmet .dxgvTable_LECustomTheme td.dxgvHeader_LECustomTheme tr>td:nth-child(1)' in '10' second(s)

2021-11-18 12:14:51 - [MESSAGE][INFO] - Smart Wait Function is triggered

2021-11-18 12:14:51 - [MESSAGE][INFO] - Found 16 web elements with id: 'Object Repository/Olusturma/Genel/Olusturma/TabloBasliklari' located by 'By.cssSelector: div#divmalhizmet .dxgvTable_LECustomTheme td.dxgvHeader_LECustomTheme tr>td:nth-child(1)' in '10' second(s)

2021-11-18 12:14:51 - [TEST_STEP][PASSED] - for (def element : elements): null

2021-11-18 12:14:51 - [TEST_STEP][PASSED] - build().perform(): null

2021-11-18 12:14:51 - [TEST_STEP][PASSED] - if (getText().equals(Baslik)): null

2021-11-18 12:14:51 - [TEST_STEP][PASSED] - build().perform(): null

2021-11-18 12:14:51 - [TEST_STEP][PASSED] - if (getText().equals(Baslik)): null

2021-11-18 12:14:51 - [TEST_STEP][PASSED] - build().perform(): null

2021-11-18 12:14:51 - [TEST_STEP][PASSED] - if (getText().equals(Baslik)): null

2021-11-18 12:14:51 - [TEST_STEP][PASSED] - build().perform(): null

2021-11-18 12:14:52 - [TEST_STEP][PASSED] - if (getText().equals(Baslik)): null

2021-11-18 12:14:52 - [TEST_STEP][PASSED] - build().perform(): null

2021-11-18 12:14:52 - [TEST_STEP][PASSED] - if (getText().equals(Baslik)): null

2021-11-18 12:14:52 - [TEST_STEP][PASSED] - build().perform(): null

2021-11-18 12:14:52 - [TEST_STEP][PASSED] - if (getText().equals(Baslik)): null

2021-11-18 12:14:52 - [TEST_STEP][PASSED] - build().perform(): null

2021-11-18 12:14:52 - [TEST_STEP][PASSED] - if (getText().equals(Baslik)): null

2021-11-18 12:14:52 - [TEST_STEP][PASSED] - build().perform(): null

2021-11-18 12:14:52 - [TEST_STEP][PASSED] - if (getText().equals(Baslik)): null

2021-11-18 12:14:52 - [TEST_STEP][PASSED] - build().perform(): null

2021-11-18 12:14:52 - [TEST_STEP][PASSED] - if (getText().equals(Baslik)): null

2021-11-18 12:14:52 - [TEST_STEP][PASSED] - baslikElement = element.findElement(By.xpath("../../../..")): Smart Wait Function is triggered

2021-11-18 12:14:52 - [MESSAGE][INFO] - Smart Wait Function is triggered

2021-11-18 12:14:53 - [TEST_STEP][PASSED] - attr = baslikElement.getAttribute("id"): null

2021-11-18 12:14:53 - [TEST_STEP][PASSED] - println("girdi ve idsini aldı = " + attr): null

2021-11-18 12:14:53 - [TEST_STEP][PASSED] - break: null

2021-11-18 12:14:53 - [TEST_STEP][PASSED] - countElement = baslikElement.findElements(By.xpath("../td")): Smart Wait Function is triggered

2021-11-18 12:14:53 - [MESSAGE][INFO] - Smart Wait Function is triggered

2021-11-18 12:14:53 - [TEST_STEP][PASSED] - for (def element : countElement): null

2021-11-18 12:14:53 - [TEST_STEP][PASSED] - if (toString().equals(attr.toString())): null

2021-11-18 12:14:53 - [TEST_STEP][PASSED] - (a++): null

2021-11-18 12:14:53 - [TEST_STEP][PASSED] - if (toString().equals(attr.toString())): null

2021-11-18 12:14:53 - [TEST_STEP][PASSED] - (a++): null

2021-11-18 12:14:53 - [TEST_STEP][PASSED] - if (toString().equals(attr.toString())): null

2021-11-18 12:14:53 - [TEST_STEP][PASSED] - (a++): null

2021-11-18 12:14:53 - [TEST_STEP][PASSED] - if (toString().equals(attr.toString())): null

2021-11-18 12:14:53 - [TEST_STEP][PASSED] - (a++): null

2021-11-18 12:14:53 - [TEST_STEP][PASSED] - if (toString().equals(attr.toString())): null

2021-11-18 12:14:53 - [TEST_STEP][PASSED] - (a++): null

2021-11-18 12:14:53 - [TEST_STEP][PASSED] - if (toString().equals(attr.toString())): null

2021-11-18 12:14:53 - [TEST_STEP][PASSED] - (a++): null

2021-11-18 12:14:53 - [TEST_STEP][PASSED] - if (toString().equals(attr.toString())): null

2021-11-18 12:14:53 - [TEST_STEP][PASSED] - (a++): null

2021-11-18 12:14:53 - [TEST_STEP][PASSED] - if (toString().equals(attr.toString())): null

2021-11-18 12:14:53 - [TEST_STEP][PASSED] - (a++): null

2021-11-18 12:14:53 - [TEST_STEP][PASSED] - if (toString().equals(attr.toString())): null

2021-11-18 12:14:53 - [TEST_STEP][PASSED] - (a++): null

2021-11-18 12:14:53 - [TEST_STEP][PASSED] - if (toString().equals(attr.toString())): null

2021-11-18 12:14:53 - [TEST_STEP][PASSED] - break: null

2021-11-18 12:14:53 - [TEST_STEP][PASSED] - son = findWebElement(findTestObject("Object Repository/Olusturma/Genel/Olusturma/EklenenSatir")).findElement(By.xpath("td[@class='dxgvInlineEditCell_LECustomTheme dxgv'][" + a + "]//td[@class='dxic']/input")): Smart Wait Function is triggered

2021-11-18 12:14:53 - [MESSAGE][INFO] - Finding Test Object 'Object Repository/Olusturma/Genel/Olusturma/EklenenSatir'

2021-11-18 12:14:53 - [MESSAGE][INFO] - Finding web element from Test Object's properties

2021-11-18 12:14:53 - [MESSAGE][INFO] - Checking timeout

2021-11-18 12:14:53 - [MESSAGE][INFO] - Finding web element with id: 'Object Repository/Olusturma/Genel/Olusturma/EklenenSatir' located by 'By.cssSelector: #divmalhizmet .dxgvInlineEditRow_LECustomTheme' in '30' second(s)

2021-11-18 12:14:53 - [MESSAGE][INFO] - Smart Wait Function is triggered

2021-11-18 12:14:53 - [MESSAGE][INFO] - Found 1 web elements with id: 'Object Repository/Olusturma/Genel/Olusturma/EklenenSatir' located by 'By.cssSelector: #divmalhizmet .dxgvInlineEditRow_LECustomTheme' in '30' second(s)

2021-11-18 12:14:53 - [MESSAGE][INFO] - Smart Wait Function is triggered

2021-11-18 12:14:54 - [TEST_STEP][PASSED] - if (!(getAttribute("value").contains("Vkn"))): null

2021-11-18 12:14:54 - [TEST_STEP][PASSED] - son.clear(): null

2021-11-18 12:14:54 - [TEST_STEP][PASSED] - son.sendKeys(Deger): null

2021-11-18 12:14:54 - [MESSAGE][PASSED] - Call Test Case 'Test Cases/Olusturma/Genel/Olusturma' successfully

2021-11-18 12:14:54 - [MESSAGE][INFO] - Checking called Test Case

2021-11-18 12:14:54 - [MESSAGE][INFO] - Starting to call Test Case 'Test Cases/Olusturma/Genel/Olusturma'

2021-11-18 12:14:54 - [TEST_CASE][PASSED] - Test Cases/Olusturma/Genel/Olusturma: Test Cases/Olusturma/Genel/Olusturma

2021-11-18 12:14:54 - [TEST_STEP][PASSED] - driver = getWebDriver(): null

2021-11-18 12:14:54 - [TEST_STEP][PASSED] - action = new org.openqa.selenium.interactions.Actions(driver): null

2021-11-18 12:14:54 - [TEST_STEP][PASSED] - baslikElement = <not implemented yet for class: org.codehaus.groovy.ast.expr.EmptyExpression>: null

2021-11-18 12:14:54 - [TEST_STEP][PASSED] - sonElement = <not implemented yet for class: org.codehaus.groovy.ast.expr.EmptyExpression>: null

2021-11-18 12:14:54 - [TEST_STEP][PASSED] - attr = <not implemented yet for class: org.codehaus.groovy.ast.expr.EmptyExpression>: null

2021-11-18 12:14:54 - [TEST_STEP][PASSED] - a = 0: null

2021-11-18 12:14:54 - [TEST_STEP][PASSED] - elements = findWebElements(findTestObject("Object Repository/Olusturma/Genel/Olusturma/TabloBasliklari"), 10): Found 16 web elements with id: 'Object Repository/Olusturma/Genel/Olusturma/TabloBasliklari' located by 'By.cssSelector: div#divmalhizmet .dxgvTable_LECustomTheme td.dxgvHeader_LECustomTheme tr>td:nth-child(1)' in '10' second(s)

2021-11-18 12:14:54 - [MESSAGE][INFO] - Finding Test Object 'Object Repository/Olusturma/Genel/Olusturma/TabloBasliklari'

2021-11-18 12:14:54 - [MESSAGE][INFO] - Checking timeout

2021-11-18 12:14:54 - [MESSAGE][INFO] - Finding web element with id: 'Object Repository/Olusturma/Genel/Olusturma/TabloBasliklari' located by 'By.cssSelector: div#divmalhizmet .dxgvTable_LECustomTheme td.dxgvHeader_LECustomTheme tr>td:nth-child(1)' in '10' second(s)

2021-11-18 12:14:54 - [MESSAGE][INFO] - Smart Wait Function is triggered

2021-11-18 12:14:54 - [MESSAGE][INFO] - Found 16 web elements with id: 'Object Repository/Olusturma/Genel/Olusturma/TabloBasliklari' located by 'By.cssSelector: div#divmalhizmet .dxgvTable_LECustomTheme td.dxgvHeader_LECustomTheme tr>td:nth-child(1)' in '10' second(s)

2021-11-18 12:14:54 - [TEST_STEP][PASSED] - for (def element : elements): null

2021-11-18 12:14:54 - [TEST_STEP][PASSED] - build().perform(): null

2021-11-18 12:14:54 - [TEST_STEP][PASSED] - if (getText().equals(Baslik)): null

2021-11-18 12:14:54 - [TEST_STEP][PASSED] - build().perform(): null

2021-11-18 12:14:55 - [TEST_STEP][PASSED] - if (getText().equals(Baslik)): null

2021-11-18 12:14:55 - [TEST_STEP][PASSED] - build().perform(): null

2021-11-18 12:14:55 - [TEST_STEP][PASSED] - if (getText().equals(Baslik)): null

2021-11-18 12:14:55 - [TEST_STEP][PASSED] - build().perform(): null

2021-11-18 12:14:55 - [TEST_STEP][PASSED] - if (getText().equals(Baslik)): null

2021-11-18 12:14:55 - [TEST_STEP][PASSED] - build().perform(): null

2021-11-18 12:14:55 - [TEST_STEP][PASSED] - if (getText().equals(Baslik)): null

2021-11-18 12:14:55 - [TEST_STEP][PASSED] - build().perform(): null

2021-11-18 12:14:55 - [TEST_STEP][PASSED] - if (getText().equals(Baslik)): null

2021-11-18 12:14:55 - [TEST_STEP][PASSED] - build().perform(): null

2021-11-18 12:14:55 - [TEST_STEP][PASSED] - if (getText().equals(Baslik)): null

2021-11-18 12:14:55 - [TEST_STEP][PASSED] - build().perform(): null

2021-11-18 12:14:55 - [TEST_STEP][PASSED] - if (getText().equals(Baslik)): null

2021-11-18 12:14:55 - [TEST_STEP][PASSED] - build().perform(): null

2021-11-18 12:14:56 - [TEST_STEP][PASSED] - if (getText().equals(Baslik)): null

2021-11-18 12:14:56 - [TEST_STEP][PASSED] - build().perform(): null

2021-11-18 12:14:56 - [TEST_STEP][PASSED] - if (getText().equals(Baslik)): null

2021-11-18 12:14:56 - [TEST_STEP][PASSED] - baslikElement = element.findElement(By.xpath("../../../..")): Smart Wait Function is triggered

2021-11-18 12:14:56 - [MESSAGE][INFO] - Smart Wait Function is triggered

2021-11-18 12:14:56 - [TEST_STEP][PASSED] - attr = baslikElement.getAttribute("id"): null

2021-11-18 12:14:56 - [TEST_STEP][PASSED] - println("girdi ve idsini aldı = " + attr): null

2021-11-18 12:14:56 - [TEST_STEP][PASSED] - break: null

2021-11-18 12:14:56 - [TEST_STEP][PASSED] - countElement = baslikElement.findElements(By.xpath("../td")): Smart Wait Function is triggered

2021-11-18 12:14:56 - [MESSAGE][INFO] - Smart Wait Function is triggered

2021-11-18 12:14:56 - [TEST_STEP][PASSED] - for (def element : countElement): null

2021-11-18 12:14:56 - [TEST_STEP][PASSED] - if (toString().equals(attr.toString())): null

2021-11-18 12:14:56 - [TEST_STEP][PASSED] - (a++): null

2021-11-18 12:14:56 - [TEST_STEP][PASSED] - if (toString().equals(attr.toString())): null

2021-11-18 12:14:56 - [TEST_STEP][PASSED] - (a++): null

2021-11-18 12:14:56 - [TEST_STEP][PASSED] - if (toString().equals(attr.toString())): null

2021-11-18 12:14:56 - [TEST_STEP][PASSED] - (a++): null

2021-11-18 12:14:56 - [TEST_STEP][PASSED] - if (toString().equals(attr.toString())): null

2021-11-18 12:14:56 - [TEST_STEP][PASSED] - (a++): null

2021-11-18 12:14:56 - [TEST_STEP][PASSED] - if (toString().equals(attr.toString())): null

2021-11-18 12:14:56 - [TEST_STEP][PASSED] - (a++): null

2021-11-18 12:14:56 - [TEST_STEP][PASSED] - if (toString().equals(attr.toString())): null

2021-11-18 12:14:56 - [TEST_STEP][PASSED] - (a++): null

2021-11-18 12:14:56 - [TEST_STEP][PASSED] - if (toString().equals(attr.toString())): null

2021-11-18 12:14:56 - [TEST_STEP][PASSED] - (a++): null

2021-11-18 12:14:56 - [TEST_STEP][PASSED] - if (toString().equals(attr.toString())): null

2021-11-18 12:14:56 - [TEST_STEP][PASSED] - (a++): null

2021-11-18 12:14:56 - [TEST_STEP][PASSED] - if (toString().equals(attr.toString())): null

2021-11-18 12:14:56 - [TEST_STEP][PASSED] - (a++): null

2021-11-18 12:14:56 - [TEST_STEP][PASSED] - if (toString().equals(attr.toString())): null

2021-11-18 12:14:56 - [TEST_STEP][PASSED] - (a++): null

2021-11-18 12:14:56 - [TEST_STEP][PASSED] - if (toString().equals(attr.toString())): null

2021-11-18 12:14:56 - [TEST_STEP][PASSED] - break: null

2021-11-18 12:14:56 - [TEST_STEP][PASSED] - son = findWebElement(findTestObject("Object Repository/Olusturma/Genel/Olusturma/EklenenSatir")).findElement(By.xpath("td[@class='dxgvInlineEditCell_LECustomTheme dxgv'][" + a + "]//td[@class='dxic']/input")): Smart Wait Function is triggered

2021-11-18 12:14:56 - [MESSAGE][INFO] - Finding Test Object 'Object Repository/Olusturma/Genel/Olusturma/EklenenSatir'

2021-11-18 12:14:57 - [MESSAGE][INFO] - Finding web element from Test Object's properties

2021-11-18 12:14:57 - [MESSAGE][INFO] - Checking timeout

2021-11-18 12:14:57 - [MESSAGE][INFO] - Finding web element with id: 'Object Repository/Olusturma/Genel/Olusturma/EklenenSatir' located by 'By.cssSelector: #divmalhizmet .dxgvInlineEditRow_LECustomTheme' in '30' second(s)

2021-11-18 12:14:57 - [MESSAGE][INFO] - Smart Wait Function is triggered

2021-11-18 12:14:57 - [MESSAGE][INFO] - Found 1 web elements with id: 'Object Repository/Olusturma/Genel/Olusturma/EklenenSatir' located by 'By.cssSelector: #divmalhizmet .dxgvInlineEditRow_LECustomTheme' in '30' second(s)

2021-11-18 12:14:57 - [MESSAGE][INFO] - Smart Wait Function is triggered

2021-11-18 12:14:57 - [TEST_STEP][PASSED] - if (!(getAttribute("value").contains("Vkn"))): null

2021-11-18 12:14:57 - [TEST_STEP][PASSED] - son.clear(): null

2021-11-18 12:14:57 - [TEST_STEP][PASSED] - son.sendKeys(Deger): null

2021-11-18 12:14:57 - [MESSAGE][PASSED] - Call Test Case 'Test Cases/Olusturma/Genel/Olusturma' successfully

2021-11-18 12:14:57 - [MESSAGE][INFO] - Checking called Test Case

2021-11-18 12:14:57 - [MESSAGE][INFO] - Starting to call Test Case 'Test Cases/Olusturma/Genel/NotGirilir'

2021-11-18 12:14:57 - [TEST_CASE][PASSED] - Test Cases/Olusturma/Genel/NotGirilir: Test Cases/Olusturma/Genel/NotGirilir

2021-11-18 12:14:57 - [TEST_STEP][PASSED] - i = 0: null

2021-11-18 12:14:57 - [TEST_STEP][PASSED] - waitForElementClickable(findTestObject("Olusturma/Genel/Not/Notlar"), 10): Object 'Object Repository/Olusturma/Genel/Not/Notlar' is clickable

2021-11-18 12:14:57 - [MESSAGE][INFO] - Finding Test Object 'Object Repository/Olusturma/Genel/Not/Notlar'

2021-11-18 12:14:57 - [MESSAGE][INFO] - Checking object

2021-11-18 12:14:57 - [MESSAGE][INFO] - Checking timeout

2021-11-18 12:14:57 - [MESSAGE][INFO] - Finding web element from Test Object's properties

2021-11-18 12:14:57 - [MESSAGE][INFO] - Checking timeout

2021-11-18 12:14:57 - [MESSAGE][INFO] - Finding web element with id: 'Object Repository/Olusturma/Genel/Not/Notlar' located by 'By.xpath: //*[@id = 'txtNote_I']' in '10' second(s)

2021-11-18 12:14:57 - [MESSAGE][INFO] - Smart Wait Function is triggered

2021-11-18 12:14:58 - [MESSAGE][INFO] - Found 1 web elements with id: 'Object Repository/Olusturma/Genel/Not/Notlar' located by 'By.xpath: //*[@id = 'txtNote_I']' in '10' second(s)

2021-11-18 12:14:58 - [MESSAGE][PASSED] - Object 'Object Repository/Olusturma/Genel/Not/Notlar' is clickable

2021-11-18 12:14:58 - [TEST_STEP][PASSED] - clearText(findTestObject("Olusturma/Genel/Not/Notlar")): Text of object 'Object Repository/Olusturma/Genel/Not/Notlar' is cleared

2021-11-18 12:14:58 - [MESSAGE][INFO] - Finding Test Object 'Object Repository/Olusturma/Genel/Not/Notlar'

2021-11-18 12:14:58 - [MESSAGE][INFO] - Checking object

2021-11-18 12:14:58 - [MESSAGE][INFO] - Finding web element from Test Object's properties

2021-11-18 12:14:58 - [MESSAGE][INFO] - Checking timeout

2021-11-18 12:14:58 - [MESSAGE][INFO] - Finding web element with id: 'Object Repository/Olusturma/Genel/Not/Notlar' located by 'By.xpath: //*[@id = 'txtNote_I']' in '30' second(s)

2021-11-18 12:14:58 - [MESSAGE][INFO] - Smart Wait Function is triggered

2021-11-18 12:14:58 - [MESSAGE][INFO] - Found 1 web elements with id: 'Object Repository/Olusturma/Genel/Not/Notlar' located by 'By.xpath: //*[@id = 'txtNote_I']' in '30' second(s)

2021-11-18 12:14:58 - [MESSAGE][INFO] - Clearing text of object 'Object Repository/Olusturma/Genel/Not/Notlar'

2021-11-18 12:14:58 - [MESSAGE][PASSED] - Text of object 'Object Repository/Olusturma/Genel/Not/Notlar' is cleared

2021-11-18 12:14:58 - [TEST_STEP][PASSED] - click(findTestObject("Olusturma/Genel/Not/Notlar")): Object: 'Object Repository/Olusturma/Genel/Not/Notlar' is clicked on

2021-11-18 12:14:58 - [MESSAGE][INFO] - Finding Test Object 'Object Repository/Olusturma/Genel/Not/Notlar'

2021-11-18 12:14:58 - [MESSAGE][INFO] - Checking object

2021-11-18 12:14:58 - [MESSAGE][INFO] - Finding web element from Test Object's properties

2021-11-18 12:14:58 - [MESSAGE][INFO] - Checking timeout

2021-11-18 12:14:58 - [MESSAGE][INFO] - Finding web element with id: 'Object Repository/Olusturma/Genel/Not/Notlar' located by 'By.xpath: //*[@id = 'txtNote_I']' in '30' second(s)

2021-11-18 12:14:58 - [MESSAGE][INFO] - Smart Wait Function is triggered

2021-11-18 12:14:58 - [MESSAGE][INFO] - Found 1 web elements with id: 'Object Repository/Olusturma/Genel/Not/Notlar' located by 'By.xpath: //*[@id = 'txtNote_I']' in '30' second(s)

2021-11-18 12:14:58 - [MESSAGE][INFO] - Clicking on object: 'Object Repository/Olusturma/Genel/Not/Notlar'

2021-11-18 12:14:59 - [MESSAGE][PASSED] - Object: 'Object Repository/Olusturma/Genel/Not/Notlar' is clicked on

2021-11-18 12:14:59 - [TEST_STEP][PASSED] - while (true): null

2021-11-18 12:14:59 - [TEST_STEP][PASSED] - delay(1): Delayed 1 second(s)

2021-11-18 12:14:59 - [MESSAGE][INFO] - Delaying browser in 1 second(s)

2021-11-18 12:15:00 - [MESSAGE][PASSED] - Delayed 1 second(s)

2021-11-18 12:15:00 - [TEST_STEP][PASSED] - ajaxIsComplete = executeJavaScript("return jQuery.active == 0", null): Execute JavaScript 'return jQuery.active == 0' successfully

2021-11-18 12:15:00 - [MESSAGE][PASSED] - Execute JavaScript 'return jQuery.active == 0' successfully

2021-11-18 12:15:00 - [TEST_STEP][PASSED] - if (ajaxIsComplete): null

2021-11-18 12:15:00 - [TEST_STEP][PASSED] - break: null

2021-11-18 12:15:00 - [TEST_STEP][PASSED] - sendKeys(findTestObject("Olusturma/Genel/Not/Notlar"), Not): Keys 'Otomasyon Not' sent to object: 'Object Repository/Olusturma/Genel/Not/Notlar'

2021-11-18 12:15:00 - [MESSAGE][INFO] - Finding Test Object 'Object Repository/Olusturma/Genel/Not/Notlar'

2021-11-18 12:15:00 - [MESSAGE][INFO] - Sending keys 'Otomasyon Not' to object: 'Object Repository/Olusturma/Genel/Not/Notlar'

2021-11-18 12:15:00 - [MESSAGE][INFO] - Finding web element from Test Object's properties

2021-11-18 12:15:00 - [MESSAGE][INFO] - Checking timeout

2021-11-18 12:15:00 - [MESSAGE][INFO] - Finding web element with id: 'Object Repository/Olusturma/Genel/Not/Notlar' located by 'By.xpath: //*[@id = 'txtNote_I']' in '30' second(s)

2021-11-18 12:15:00 - [MESSAGE][INFO] - Smart Wait Function is triggered

2021-11-18 12:15:00 - [MESSAGE][INFO] - Found 1 web elements with id: 'Object Repository/Olusturma/Genel/Not/Notlar' located by 'By.xpath: //*[@id = 'txtNote_I']' in '30' second(s)

2021-11-18 12:15:00 - [MESSAGE][PASSED] - Keys 'Otomasyon Not' sent to object: 'Object Repository/Olusturma/Genel/Not/Notlar'

2021-11-18 12:15:00 - [MESSAGE][PASSED] - Call Test Case 'Test Cases/Olusturma/Genel/NotGirilir' successfully

2021-11-18 12:15:00 - [MESSAGE][INFO] - Checking called Test Case

2021-11-18 12:15:00 - [MESSAGE][INFO] - Starting to call Test Case 'Test Cases/Olusturma/Genel/EttnBilgisiKayitEdilir'

2021-11-18 12:15:00 - [TEST_CASE][PASSED] - Test Cases/Olusturma/Genel/EttnBilgisiKayitEdilir: Test Cases/Olusturma/Genel/EttnBilgisiKayitEdilir

2021-11-18 12:15:00 - [TEST_STEP][PASSED] - verifyElementPresent(findTestObject("Object Repository/Olusturma/Genel/Olusturma/eArsivEttnBilgisi"), 7): Object 'Object Repository/Olusturma/Genel/Olusturma/eArsivEttnBilgisi' is present

2021-11-18 12:15:00 - [MESSAGE][INFO] - Finding Test Object 'Object Repository/Olusturma/Genel/Olusturma/eArsivEttnBilgisi'

2021-11-18 12:15:00 - [MESSAGE][INFO] - Checking object

2021-11-18 12:15:00 - [MESSAGE][INFO] - Finding web element from Test Object's properties

2021-11-18 12:15:00 - [MESSAGE][INFO] - Checking timeout

2021-11-18 12:15:00 - [MESSAGE][INFO] - Finding web element with id: 'Object Repository/Olusturma/Genel/Olusturma/eArsivEttnBilgisi' located by 'By.xpath: //*[@id = 'Uuid_I']' in '7' second(s)

2021-11-18 12:15:00 - [MESSAGE][INFO] - Smart Wait Function is triggered

2021-11-18 12:15:00 - [MESSAGE][INFO] - Found 1 web elements with id: 'Object Repository/Olusturma/Genel/Olusturma/eArsivEttnBilgisi' located by 'By.xpath: //*[@id = 'Uuid_I']' in '7' second(s)

2021-11-18 12:15:00 - [MESSAGE][PASSED] - Object 'Object Repository/Olusturma/Genel/Olusturma/eArsivEttnBilgisi' is present

2021-11-18 12:15:00 - [TEST_STEP][PASSED] - ettn = getAttribute(findTestObject("Object Repository/Olusturma/Genel/Olusturma/eArsivEttnBilgisi"), "value"): Attribute 'value' of object 'Object Repository/Olusturma/Genel/Olusturma/eArsivEttnBilgisi' is: '2ad4dc75-0ab3-49c3-a4e8-1316fa44300e'

2021-11-18 12:15:00 - [MESSAGE][INFO] - Finding Test Object 'Object Repository/Olusturma/Genel/Olusturma/eArsivEttnBilgisi'

2021-11-18 12:15:00 - [MESSAGE][INFO] - Checking object

2021-11-18 12:15:00 - [MESSAGE][INFO] - Checking attribute

2021-11-18 12:15:00 - [MESSAGE][INFO] - Finding web element from Test Object's properties

2021-11-18 12:15:00 - [MESSAGE][INFO] - Checking timeout

2021-11-18 12:15:00 - [MESSAGE][INFO] - Finding web element with id: 'Object Repository/Olusturma/Genel/Olusturma/eArsivEttnBilgisi' located by 'By.xpath: //*[@id = 'Uuid_I']' in '30' second(s)

2021-11-18 12:15:00 - [MESSAGE][INFO] - Smart Wait Function is triggered

2021-11-18 12:15:01 - [MESSAGE][INFO] - Found 1 web elements with id: 'Object Repository/Olusturma/Genel/Olusturma/eArsivEttnBilgisi' located by 'By.xpath: //*[@id = 'Uuid_I']' in '30' second(s)

2021-11-18 12:15:01 - [MESSAGE][INFO] - Getting attribute 'value' of object 'Object Repository/Olusturma/Genel/Olusturma/eArsivEttnBilgisi'

2021-11-18 12:15:01 - [MESSAGE][PASSED] - Attribute 'value' of object 'Object Repository/Olusturma/Genel/Olusturma/eArsivEttnBilgisi' is: '2ad4dc75-0ab3-49c3-a4e8-1316fa44300e'

2021-11-18 12:15:01 - [MESSAGE][PASSED] - Call Test Case 'Test Cases/Olusturma/Genel/EttnBilgisiKayitEdilir' successfully

2021-11-18 12:15:01 - [MESSAGE][INFO] - Checking called Test Case

2021-11-18 12:15:01 - [MESSAGE][INFO] - Starting to call Test Case 'Test Cases/Olusturma/Genel/KaydetButonunaTiklanir'

2021-11-18 12:15:01 - [TEST_CASE][PASSED] - Test Cases/Olusturma/Genel/KaydetButonunaTiklanir: Test Cases/Olusturma/Genel/KaydetButonunaTiklanir

2021-11-18 12:15:01 - [TEST_STEP][PASSED] - i = 0: null

2021-11-18 12:15:01 - [TEST_STEP][PASSED] - waitForElementPresent(findTestObject("Olusturma/Genel/Not/Notlar"), 10): Object 'Object Repository/Olusturma/Genel/Not/Notlar' is present

2021-11-18 12:15:01 - [MESSAGE][INFO] - Finding Test Object 'Object Repository/Olusturma/Genel/Not/Notlar'

2021-11-18 12:15:01 - [MESSAGE][INFO] - Checking object

2021-11-18 12:15:01 - [MESSAGE][INFO] - Finding web element from Test Object's properties

2021-11-18 12:15:01 - [MESSAGE][INFO] - Checking timeout

2021-11-18 12:15:01 - [MESSAGE][INFO] - Finding web element with id: 'Object Repository/Olusturma/Genel/Not/Notlar' located by 'By.xpath: //*[@id = 'txtNote_I']' in '10' second(s)

2021-11-18 12:15:01 - [MESSAGE][INFO] - Smart Wait Function is triggered

2021-11-18 12:15:01 - [MESSAGE][INFO] - Found 1 web elements with id: 'Object Repository/Olusturma/Genel/Not/Notlar' located by 'By.xpath: //*[@id = 'txtNote_I']' in '10' second(s)

2021-11-18 12:15:01 - [MESSAGE][PASSED] - Object 'Object Repository/Olusturma/Genel/Not/Notlar' is present

2021-11-18 12:15:01 - [TEST_STEP][PASSED] - click(findTestObject("Olusturma/Genel/Not/Notlar")): Object: 'Object Repository/Olusturma/Genel/Not/Notlar' is clicked on

2021-11-18 12:15:01 - [MESSAGE][INFO] - Finding Test Object 'Object Repository/Olusturma/Genel/Not/Notlar'

2021-11-18 12:15:01 - [MESSAGE][INFO] - Checking object

2021-11-18 12:15:01 - [MESSAGE][INFO] - Finding web element from Test Object's properties

2021-11-18 12:15:01 - [MESSAGE][INFO] - Checking timeout

2021-11-18 12:15:01 - [MESSAGE][INFO] - Finding web element with id: 'Object Repository/Olusturma/Genel/Not/Notlar' located by 'By.xpath: //*[@id = 'txtNote_I']' in '30' second(s)

2021-11-18 12:15:01 - [MESSAGE][INFO] - Smart Wait Function is triggered

2021-11-18 12:15:02 - [MESSAGE][INFO] - Found 1 web elements with id: 'Object Repository/Olusturma/Genel/Not/Notlar' located by 'By.xpath: //*[@id = 'txtNote_I']' in '30' second(s)

2021-11-18 12:15:02 - [MESSAGE][INFO] - Clicking on object: 'Object Repository/Olusturma/Genel/Not/Notlar'

2021-11-18 12:15:02 - [MESSAGE][PASSED] - Object: 'Object Repository/Olusturma/Genel/Not/Notlar' is clicked on

2021-11-18 12:15:02 - [TEST_STEP][PASSED] - while (true): null

2021-11-18 12:15:02 - [TEST_STEP][PASSED] - delay(1): Delayed 1 second(s)

2021-11-18 12:15:02 - [MESSAGE][INFO] - Delaying browser in 1 second(s)

2021-11-18 12:15:03 - [MESSAGE][PASSED] - Delayed 1 second(s)

2021-11-18 12:15:03 - [TEST_STEP][PASSED] - ajaxIsComplete = executeJavaScript("return jQuery.active == 0", null): Execute JavaScript 'return jQuery.active == 0' successfully

2021-11-18 12:15:03 - [MESSAGE][PASSED] - Execute JavaScript 'return jQuery.active == 0' successfully

2021-11-18 12:15:03 - [TEST_STEP][PASSED] - if (ajaxIsComplete): null

2021-11-18 12:15:03 - [TEST_STEP][PASSED] - break: null

2021-11-18 12:15:03 - [TEST_STEP][PASSED] - waitForElementClickable(findTestObject("Object Repository/Olusturma/Genel/Buton"), 10): Object 'Object Repository/Olusturma/Genel/Buton' is clickable

2021-11-18 12:15:03 - [MESSAGE][INFO] - Finding Test Object 'Object Repository/Olusturma/Genel/Buton'

2021-11-18 12:15:03 - [MESSAGE][INFO] - Checking object

2021-11-18 12:15:03 - [MESSAGE][INFO] - Checking timeout

2021-11-18 12:15:03 - [MESSAGE][INFO] - Finding web element from Test Object's properties

2021-11-18 12:15:03 - [MESSAGE][INFO] - Checking timeout

2021-11-18 12:15:03 - [MESSAGE][INFO] - Finding web element with id: 'Object Repository/Olusturma/Genel/Buton' located by 'By.xpath: //*[@id = 'btnKaydet']' in '10' second(s)

2021-11-18 12:15:03 - [MESSAGE][INFO] - Smart Wait Function is triggered

2021-11-18 12:15:03 - [MESSAGE][INFO] - Found 1 web elements with id: 'Object Repository/Olusturma/Genel/Buton' located by 'By.xpath: //*[@id = 'btnKaydet']' in '10' second(s)

2021-11-18 12:15:03 - [MESSAGE][PASSED] - Object 'Object Repository/Olusturma/Genel/Buton' is clickable

2021-11-18 12:15:03 - [TEST_STEP][PASSED] - click(findTestObject("Object Repository/Olusturma/Genel/Buton")): Object: 'Object Repository/Olusturma/Genel/Buton' is clicked on

2021-11-18 12:15:03 - [MESSAGE][INFO] - Finding Test Object 'Object Repository/Olusturma/Genel/Buton'

2021-11-18 12:15:03 - [MESSAGE][INFO] - Checking object

2021-11-18 12:15:03 - [MESSAGE][INFO] - Finding web element from Test Object's properties

2021-11-18 12:15:03 - [MESSAGE][INFO] - Checking timeout

2021-11-18 12:15:03 - [MESSAGE][INFO] - Finding web element with id: 'Object Repository/Olusturma/Genel/Buton' located by 'By.xpath: //*[@id = 'btnKaydet']' in '30' second(s)

2021-11-18 12:15:03 - [MESSAGE][INFO] - Smart Wait Function is triggered

2021-11-18 12:15:03 - [MESSAGE][INFO] - Found 1 web elements with id: 'Object Repository/Olusturma/Genel/Buton' located by 'By.xpath: //*[@id = 'btnKaydet']' in '30' second(s)

2021-11-18 12:15:03 - [MESSAGE][INFO] - Clicking on object: 'Object Repository/Olusturma/Genel/Buton'

2021-11-18 12:15:06 - [MESSAGE][PASSED] - Object: 'Object Repository/Olusturma/Genel/Buton' is clicked on

2021-11-18 12:15:06 - [MESSAGE][PASSED] - Call Test Case 'Test Cases/Olusturma/Genel/KaydetButonunaTiklanir' successfully

2021-11-18 12:15:06 - [MESSAGE][INFO] - Checking called Test Case

2021-11-18 12:15:06 - [MESSAGE][INFO] - Starting to call Test Case 'Test Cases/Tablo/TablodaEttnliVeriOlusturulduMu'

2021-11-18 12:15:06 - [TEST_CASE][PASSED] - Test Cases/Tablo/TablodaEttnliVeriOlusturulduMu: Test Cases/Tablo/TablodaEttnliVeriOlusturulduMu

2021-11-18 12:15:06 - [TEST_STEP][PASSED] - Method.TextDegerineEsitElementVarMi(findTestObject("Tablo/OlusturulanVeri"), ettn): Method.TextDegerineEsitElementVarMi is PASSED

2021-11-18 12:15:06 - [MESSAGE][INFO] - Finding Test Object 'Object Repository/Tablo/OlusturulanVeri'

2021-11-18 12:15:06 - [MESSAGE][INFO] - Checking timeout

2021-11-18 12:15:06 - [MESSAGE][INFO] - Finding web element with id: 'Object Repository/Tablo/OlusturulanVeri' located by 'By.cssSelector: table.dxgvTable_LECustomTheme>tbody>tr:nth-child(3)>td.dxgv b,table.dxgvTable_LECustomTheme>tbody>tr:nth-child(3)>td.dxgv' in '10' second(s)

2021-11-18 12:15:06 - [MESSAGE][INFO] - Smart Wait Function is triggered

2021-11-18 12:15:07 - [MESSAGE][INFO] - Found 14 web elements with id: 'Object Repository/Tablo/OlusturulanVeri' located by 'By.cssSelector: table.dxgvTable_LECustomTheme>tbody>tr:nth-child(3)>td.dxgv b,table.dxgvTable_LECustomTheme>tbody>tr:nth-child(3)>td.dxgv' in '10' second(s)

2021-11-18 12:15:07 - [MESSAGE][PASSED] - Method.TextDegerineEsitElementVarMi is PASSED

2021-11-18 12:15:07 - [MESSAGE][PASSED] - Call Test Case 'Test Cases/Tablo/TablodaEttnliVeriOlusturulduMu' successfully

2021-11-18 12:15:07 - [MESSAGE][INFO] - Checking called Test Case

2021-11-18 12:15:07 - [MESSAGE][INFO] - Starting to call Test Case 'Test Cases/Tablo/TablodanEttnliVeriSec'

2021-11-18 12:15:07 - [TEST_CASE][PASSED] - Test Cases/Tablo/TablodanEttnliVeriSec: Test Cases/Tablo/TablodanEttnliVeriSec

2021-11-18 12:15:07 - [TEST_STEP][PASSED] - Method.TextDegerineEsitElementinAltindakineTikla(findTestObject("Tablo/Veriler"), findTestObject("Tablo/VerininCheckBoxi"), ettn): Method.TextDegerineEsitElementinAltindakineTikla is PASSED

2021-11-18 12:15:07 - [MESSAGE][INFO] - Finding Test Object 'Object Repository/Tablo/Veriler'

2021-11-18 12:15:07 - [MESSAGE][INFO] - Finding Test Object 'Object Repository/Tablo/VerininCheckBoxi'

2021-11-18 12:15:07 - [MESSAGE][INFO] - Checking timeout

2021-11-18 12:15:07 - [MESSAGE][INFO] - Finding web element with id: 'Object Repository/Tablo/Veriler' located by 'By.cssSelector: td.dxgv b ,td.dxgv' in '10' second(s)

2021-11-18 12:15:07 - [MESSAGE][INFO] - Smart Wait Function is triggered

2021-11-18 12:15:07 - [MESSAGE][INFO] - Found 112 web elements with id: 'Object Repository/Tablo/Veriler' located by 'By.cssSelector: td.dxgv b ,td.dxgv' in '10' second(s)

2021-11-18 12:15:07 - [MESSAGE][INFO] - Smart Wait Function is triggered

2021-11-18 12:15:08 - [MESSAGE][PASSED] - Method.TextDegerineEsitElementinAltindakineTikla is PASSED

2021-11-18 12:15:08 - [MESSAGE][PASSED] - Call Test Case 'Test Cases/Tablo/TablodanEttnliVeriSec' successfully

2021-11-18 12:15:08 - [MESSAGE][INFO] - Checking called Test Case

2021-11-18 12:15:08 - [MESSAGE][INFO] - Starting to call Test Case 'Test Cases/Butonlar/ButonaTikla'

2021-11-18 12:15:08 - [TEST_CASE][PASSED] - Test Cases/Butonlar/ButonaTikla: Test Cases/Butonlar/ButonaTikla

2021-11-18 12:15:08 - [TEST_STEP][PASSED] - Method.TextDegerineEsitElementeTiklaEquals(findTestObject("Butonlar/Butonlar"), Buton_Adi): Method.TextDegerineEsitElementeTiklaEquals is PASSED

2021-11-18 12:15:08 - [MESSAGE][INFO] - Finding Test Object 'Object Repository/Butonlar/Butonlar'

2021-11-18 12:15:08 - [MESSAGE][INFO] - Checking timeout

2021-11-18 12:15:08 - [MESSAGE][INFO] - Finding web element with id: 'Object Repository/Butonlar/Butonlar' located by 'By.cssSelector: .panel.panel-default.text-center.footerPanel .btn,.btn.btn-primary.btnControls' in '10' second(s)

2021-11-18 12:15:08 - [MESSAGE][INFO] - Smart Wait Function is triggered

2021-11-18 12:15:08 - [MESSAGE][INFO] - Found 9 web elements with id: 'Object Repository/Butonlar/Butonlar' located by 'By.cssSelector: .panel.panel-default.text-center.footerPanel .btn,.btn.btn-primary.btnControls' in '10' second(s)

2021-11-18 12:15:08 - [MESSAGE][PASSED] - Method.TextDegerineEsitElementeTiklaEquals is PASSED

2021-11-18 12:15:08 - [MESSAGE][PASSED] - Call Test Case 'Test Cases/Butonlar/ButonaTikla' successfully

2021-11-18 12:15:09 - [MESSAGE][INFO] - Checking called Test Case

2021-11-18 12:15:09 - [MESSAGE][INFO] - Starting to call Test Case 'Test Cases/Popup/PopupMesajiIceriyorMu'

2021-11-18 12:15:09 - [TEST_CASE][PASSED] - Test Cases/Popup/PopupMesajiIceriyorMu: Test Cases/Popup/PopupMesajiIceriyorMu

2021-11-18 12:15:09 - [TEST_STEP][PASSED] - waitForElementVisible(findTestObject("Popup/Popup"), 10): Object 'Object Repository/Popup/Popup' is visible

2021-11-18 12:15:09 - [MESSAGE][INFO] - Finding Test Object 'Object Repository/Popup/Popup'

2021-11-18 12:15:09 - [MESSAGE][INFO] - Checking object

2021-11-18 12:15:09 - [MESSAGE][INFO] - Checking timeout

2021-11-18 12:15:09 - [MESSAGE][INFO] - Finding web element from Test Object's properties

2021-11-18 12:15:09 - [MESSAGE][INFO] - Checking timeout

2021-11-18 12:15:09 - [MESSAGE][INFO] - Finding web element with id: 'Object Repository/Popup/Popup' located by 'By.cssSelector: .bootbox-body' in '10' second(s)

2021-11-18 12:15:09 - [MESSAGE][INFO] - Smart Wait Function is triggered

2021-11-18 12:15:09 - [MESSAGE][INFO] - Found 1 web elements with id: 'Object Repository/Popup/Popup' located by 'By.cssSelector: .bootbox-body' in '10' second(s)

2021-11-18 12:15:09 - [MESSAGE][PASSED] - Object 'Object Repository/Popup/Popup' is visible

2021-11-18 12:15:09 - [TEST_STEP][PASSED] - if (!(getText(findTestObject("Popup/Popup")).contains(Mesaj))): Text of object 'Object Repository/Popup/Popup' is: 'Oluşturulacak fatura numarası : YIG2021000000491 Fatura numarası oluşturulduktan sonra fatura silinemez. Fatura numarası, tarihi ve ön eki değiştirilemez. Devam etmek istiyor musunuz?'

2021-11-18 12:15:09 - [MESSAGE][INFO] - Finding Test Object 'Object Repository/Popup/Popup'

2021-11-18 12:15:10 - [MESSAGE][INFO] - Checking object

2021-11-18 12:15:10 - [MESSAGE][INFO] - Finding web element from Test Object's properties

2021-11-18 12:15:10 - [MESSAGE][INFO] - Checking timeout

2021-11-18 12:15:10 - [MESSAGE][INFO] - Finding web element with id: 'Object Repository/Popup/Popup' located by 'By.cssSelector: .bootbox-body' in '30' second(s)

2021-11-18 12:15:10 - [MESSAGE][INFO] - Smart Wait Function is triggered

2021-11-18 12:15:10 - [MESSAGE][INFO] - Found 1 web elements with id: 'Object Repository/Popup/Popup' located by 'By.cssSelector: .bootbox-body' in '30' second(s)

2021-11-18 12:15:10 - [MESSAGE][INFO] - Getting text of object 'Object Repository/Popup/Popup'

2021-11-18 12:15:10 - [MESSAGE][PASSED] - Text of object 'Object Repository/Popup/Popup' is: 'Oluşturulacak fatura numarası : YIG2021000000491 Fatura numarası oluşturulduktan sonra fatura silinemez. Fatura numarası, tarihi ve ön eki değiştirilemez. Devam etmek istiyor musunuz?'

2021-11-18 12:15:10 - [TEST_STEP][PASSED] - RaporNo = getText(findTestObject("Popup/Popup")).substring(0, 6): Text of object 'Object Repository/Popup/Popup' is: 'Oluşturulacak fatura numarası : YIG2021000000491 Fatura numarası oluşturulduktan sonra fatura silinemez. Fatura numarası, tarihi ve ön eki değiştirilemez. Devam etmek istiyor musunuz?'

2021-11-18 12:15:10 - [MESSAGE][INFO] - Finding Test Object 'Object Repository/Popup/Popup'

2021-11-18 12:15:10 - [MESSAGE][INFO] - Checking object

2021-11-18 12:15:10 - [MESSAGE][INFO] - Finding web element from Test Object's properties

2021-11-18 12:15:10 - [MESSAGE][INFO] - Checking timeout

2021-11-18 12:15:10 - [MESSAGE][INFO] - Finding web element with id: 'Object Repository/Popup/Popup' located by 'By.cssSelector: .bootbox-body' in '30' second(s)

2021-11-18 12:15:10 - [MESSAGE][INFO] - Smart Wait Function is triggered

2021-11-18 12:15:10 - [MESSAGE][INFO] - Found 1 web elements with id: 'Object Repository/Popup/Popup' located by 'By.cssSelector: .bootbox-body' in '30' second(s)

2021-11-18 12:15:10 - [MESSAGE][INFO] - Getting text of object 'Object Repository/Popup/Popup'

2021-11-18 12:15:10 - [MESSAGE][PASSED] - Text of object 'Object Repository/Popup/Popup' is: 'Oluşturulacak fatura numarası : YIG2021000000491 Fatura numarası oluşturulduktan sonra fatura silinemez. Fatura numarası, tarihi ve ön eki değiştirilemez. Devam etmek istiyor musunuz?'

2021-11-18 12:15:10 - [TEST_STEP][PASSED] - Console.println(RaporNo): null

2021-11-18 12:15:10 - [MESSAGE][PASSED] - Call Test Case 'Test Cases/Popup/PopupMesajiIceriyorMu' successfully

2021-11-18 12:15:10 - [MESSAGE][INFO] - Checking called Test Case

2021-11-18 12:15:10 - [MESSAGE][INFO] - Starting to call Test Case 'Test Cases/Popup/PopupButonSecilir'

2021-11-18 12:15:10 - [TEST_CASE][PASSED] - Test Cases/Popup/PopupButonSecilir: Test Cases/Popup/PopupButonSecilir

2021-11-18 12:15:10 - [TEST_STEP][PASSED] - Method.TextDegerineEsitElementeTikla(findTestObject("Popup/Popup_Butons"), Buton): Method.TextDegerineEsitElementeTikla is PASSED

2021-11-18 12:15:10 - [MESSAGE][INFO] - Finding Test Object 'Object Repository/Popup/Popup_Butons'

2021-11-18 12:15:10 - [MESSAGE][INFO] - Checking timeout

2021-11-18 12:15:10 - [MESSAGE][INFO] - Finding web element with id: 'Object Repository/Popup/Popup_Butons' located by 'By.cssSelector: .modal-footer>button' in '10' second(s)

2021-11-18 12:15:10 - [MESSAGE][INFO] - Smart Wait Function is triggered

2021-11-18 12:15:11 - [MESSAGE][INFO] - Found 2 web elements with id: 'Object Repository/Popup/Popup_Butons' located by 'By.cssSelector: .modal-footer>button' in '10' second(s)

2021-11-18 12:15:11 - [MESSAGE][PASSED] - Method.TextDegerineEsitElementeTikla is PASSED

2021-11-18 12:15:11 - [MESSAGE][PASSED] - Call Test Case 'Test Cases/Popup/PopupButonSecilir' successfully

2021-11-18 12:15:11 - [MESSAGE][INFO] - Checking called Test Case

2021-11-18 12:15:11 - [MESSAGE][INFO] - Starting to call Test Case 'Test Cases/Popup/PopupMesajiIceriyorMu'

2021-11-18 12:15:11 - [TEST_CASE][PASSED] - Test Cases/Popup/PopupMesajiIceriyorMu: Test Cases/Popup/PopupMesajiIceriyorMu

2021-11-18 12:15:11 - [TEST_STEP][PASSED] - waitForElementVisible(findTestObject("Popup/Popup"), 10): Object 'Object Repository/Popup/Popup' is visible

2021-11-18 12:15:11 - [MESSAGE][INFO] - Finding Test Object 'Object Repository/Popup/Popup'

2021-11-18 12:15:11 - [MESSAGE][INFO] - Checking object

2021-11-18 12:15:11 - [MESSAGE][INFO] - Checking timeout

2021-11-18 12:15:11 - [MESSAGE][INFO] - Finding web element from Test Object's properties

2021-11-18 12:15:11 - [MESSAGE][INFO] - Checking timeout

2021-11-18 12:15:11 - [MESSAGE][INFO] - Finding web element with id: 'Object Repository/Popup/Popup' located by 'By.cssSelector: .bootbox-body' in '10' second(s)

2021-11-18 12:15:11 - [MESSAGE][INFO] - Smart Wait Function is triggered

2021-11-18 12:15:12 - [MESSAGE][INFO] - Found 1 web elements with id: 'Object Repository/Popup/Popup' located by 'By.cssSelector: .bootbox-body' in '10' second(s)

2021-11-18 12:15:12 - [MESSAGE][PASSED] - Object 'Object Repository/Popup/Popup' is visible

2021-11-18 12:15:12 - [TEST_STEP][PASSED] - if (!(getText(findTestObject("Popup/Popup")).contains(Mesaj))): Text of object 'Object Repository/Popup/Popup' is: 'Fatura numaranız YIG2021000000491 olarak oluşmuştur.'

2021-11-18 12:15:12 - [MESSAGE][INFO] - Finding Test Object 'Object Repository/Popup/Popup'

2021-11-18 12:15:12 - [MESSAGE][INFO] - Checking object

2021-11-18 12:15:12 - [MESSAGE][INFO] - Finding web element from Test Object's properties

2021-11-18 12:15:12 - [MESSAGE][INFO] - Checking timeout

2021-11-18 12:15:12 - [MESSAGE][INFO] - Finding web element with id: 'Object Repository/Popup/Popup' located by 'By.cssSelector: .bootbox-body' in '30' second(s)

2021-11-18 12:15:12 - [MESSAGE][INFO] - Smart Wait Function is triggered

2021-11-18 12:15:12 - [MESSAGE][INFO] - Found 1 web elements with id: 'Object Repository/Popup/Popup' located by 'By.cssSelector: .bootbox-body' in '30' second(s)

2021-11-18 12:15:12 - [MESSAGE][INFO] - Getting text of object 'Object Repository/Popup/Popup'

2021-11-18 12:15:12 - [MESSAGE][PASSED] - Text of object 'Object Repository/Popup/Popup' is: 'Fatura numaranız YIG2021000000491 olarak oluşmuştur.'

2021-11-18 12:15:12 - [TEST_STEP][PASSED] - RaporNo = getText(findTestObject("Popup/Popup")).substring(0, 6): Text of object 'Object Repository/Popup/Popup' is: 'Fatura numaranız YIG2021000000491 olarak oluşmuştur.'

2021-11-18 12:15:12 - [MESSAGE][INFO] - Finding Test Object 'Object Repository/Popup/Popup'

2021-11-18 12:15:12 - [MESSAGE][INFO] - Checking object

2021-11-18 12:15:12 - [MESSAGE][INFO] - Finding web element from Test Object's properties

2021-11-18 12:15:12 - [MESSAGE][INFO] - Checking timeout

2021-11-18 12:15:12 - [MESSAGE][INFO] - Finding web element with id: 'Object Repository/Popup/Popup' located by 'By.cssSelector: .bootbox-body' in '30' second(s)

2021-11-18 12:15:12 - [MESSAGE][INFO] - Smart Wait Function is triggered

2021-11-18 12:15:12 - [MESSAGE][INFO] - Found 1 web elements with id: 'Object Repository/Popup/Popup' located by 'By.cssSelector: .bootbox-body' in '30' second(s)

2021-11-18 12:15:12 - [MESSAGE][INFO] - Getting text of object 'Object Repository/Popup/Popup'

2021-11-18 12:15:12 - [MESSAGE][PASSED] - Text of object 'Object Repository/Popup/Popup' is: 'Fatura numaranız YIG2021000000491 olarak oluşmuştur.'

2021-11-18 12:15:12 - [TEST_STEP][PASSED] - Console.println(RaporNo): null

2021-11-18 12:15:12 - [MESSAGE][PASSED] - Call Test Case 'Test Cases/Popup/PopupMesajiIceriyorMu' successfully

2021-11-18 12:15:12 - [MESSAGE][INFO] - Checking called Test Case

2021-11-18 12:15:12 - [MESSAGE][INFO] - Starting to call Test Case 'Test Cases/Popup/PopupButonSecilir'

2021-11-18 12:15:12 - [TEST_CASE][PASSED] - Test Cases/Popup/PopupButonSecilir: Test Cases/Popup/PopupButonSecilir

2021-11-18 12:15:12 - [TEST_STEP][PASSED] - Method.TextDegerineEsitElementeTikla(findTestObject("Popup/Popup_Butons"), Buton): Method.TextDegerineEsitElementeTikla is PASSED

2021-11-18 12:15:12 - [MESSAGE][INFO] - Finding Test Object 'Object Repository/Popup/Popup_Butons'

2021-11-18 12:15:13 - [MESSAGE][INFO] - Checking timeout

2021-11-18 12:15:13 - [MESSAGE][INFO] - Finding web element with id: 'Object Repository/Popup/Popup_Butons' located by 'By.cssSelector: .modal-footer>button' in '10' second(s)

2021-11-18 12:15:13 - [MESSAGE][INFO] - Smart Wait Function is triggered

2021-11-18 12:15:13 - [MESSAGE][INFO] - Found 1 web elements with id: 'Object Repository/Popup/Popup_Butons' located by 'By.cssSelector: .modal-footer>button' in '10' second(s)

2021-11-18 12:15:13 - [MESSAGE][PASSED] - Method.TextDegerineEsitElementeTikla is PASSED

2021-11-18 12:15:13 - [MESSAGE][PASSED] - Call Test Case 'Test Cases/Popup/PopupButonSecilir' successfully

2021-11-18 12:15:13 - [MESSAGE][INFO] - Checking called Test Case

2021-11-18 12:15:13 - [MESSAGE][INFO] - Starting to call Test Case 'Test Cases/Tablo/TablodanEttnliVeriSec'

2021-11-18 12:15:13 - [TEST_CASE][PASSED] - Test Cases/Tablo/TablodanEttnliVeriSec: Test Cases/Tablo/TablodanEttnliVeriSec

2021-11-18 12:15:13 - [TEST_STEP][PASSED] - Method.TextDegerineEsitElementinAltindakineTikla(findTestObject("Tablo/Veriler"), findTestObject("Tablo/VerininCheckBoxi"), ettn): Method.TextDegerineEsitElementinAltindakineTikla is PASSED

2021-11-18 12:15:13 - [MESSAGE][INFO] - Finding Test Object 'Object Repository/Tablo/Veriler'

2021-11-18 12:15:13 - [MESSAGE][INFO] - Finding Test Object 'Object Repository/Tablo/VerininCheckBoxi'

2021-11-18 12:15:13 - [MESSAGE][INFO] - Checking timeout

2021-11-18 12:15:13 - [MESSAGE][INFO] - Finding web element with id: 'Object Repository/Tablo/Veriler' located by 'By.cssSelector: td.dxgv b ,td.dxgv' in '10' second(s)

2021-11-18 12:15:13 - [MESSAGE][INFO] - Smart Wait Function is triggered

2021-11-18 12:15:14 - [MESSAGE][INFO] - Found 112 web elements with id: 'Object Repository/Tablo/Veriler' located by 'By.cssSelector: td.dxgv b ,td.dxgv' in '10' second(s)

2021-11-18 12:15:14 - [MESSAGE][INFO] - Smart Wait Function is triggered

2021-11-18 12:15:14 - [MESSAGE][PASSED] - Method.TextDegerineEsitElementinAltindakineTikla is PASSED

2021-11-18 12:15:14 - [MESSAGE][PASSED] - Call Test Case 'Test Cases/Tablo/TablodanEttnliVeriSec' successfully

2021-11-18 12:15:14 - [MESSAGE][INFO] - Checking called Test Case

2021-11-18 12:15:14 - [MESSAGE][INFO] - Starting to call Test Case 'Test Cases/Butonlar/ButonaTikla'

2021-11-18 12:15:14 - [TEST_CASE][PASSED] - Test Cases/Butonlar/ButonaTikla: Test Cases/Butonlar/ButonaTikla

2021-11-18 12:15:14 - [TEST_STEP][PASSED] - Method.TextDegerineEsitElementeTiklaEquals(findTestObject("Butonlar/Butonlar"), Buton_Adi): Method.TextDegerineEsitElementeTiklaEquals is PASSED

2021-11-18 12:15:14 - [MESSAGE][INFO] - Finding Test Object 'Object Repository/Butonlar/Butonlar'

2021-11-18 12:15:14 - [MESSAGE][INFO] - Checking timeout

2021-11-18 12:15:14 - [MESSAGE][INFO] - Finding web element with id: 'Object Repository/Butonlar/Butonlar' located by 'By.cssSelector: .panel.panel-default.text-center.footerPanel .btn,.btn.btn-primary.btnControls' in '10' second(s)

2021-11-18 12:15:14 - [MESSAGE][INFO] - Smart Wait Function is triggered

2021-11-18 12:15:15 - [MESSAGE][INFO] - Found 9 web elements with id: 'Object Repository/Butonlar/Butonlar' located by 'By.cssSelector: .panel.panel-default.text-center.footerPanel .btn,.btn.btn-primary.btnControls' in '10' second(s)

2021-11-18 12:15:15 - [MESSAGE][PASSED] - Method.TextDegerineEsitElementeTiklaEquals is PASSED

2021-11-18 12:15:15 - [MESSAGE][PASSED] - Call Test Case 'Test Cases/Butonlar/ButonaTikla' successfully

2021-11-18 12:15:15 - [MESSAGE][INFO] - Checking called Test Case

2021-11-18 12:15:15 - [MESSAGE][INFO] - Starting to call Test Case 'Test Cases/Popup/PopupMesajiIceriyorMu'

2021-11-18 12:15:15 - [TEST_CASE][PASSED] - Test Cases/Popup/PopupMesajiIceriyorMu: Test Cases/Popup/PopupMesajiIceriyorMu

2021-11-18 12:15:15 - [TEST_STEP][PASSED] - waitForElementVisible(findTestObject("Popup/Popup"), 10): Object 'Object Repository/Popup/Popup' is visible

2021-11-18 12:15:15 - [MESSAGE][INFO] - Finding Test Object 'Object Repository/Popup/Popup'

2021-11-18 12:15:15 - [MESSAGE][INFO] - Checking object

2021-11-18 12:15:15 - [MESSAGE][INFO] - Checking timeout

2021-11-18 12:15:15 - [MESSAGE][INFO] - Finding web element from Test Object's properties

2021-11-18 12:15:15 - [MESSAGE][INFO] - Checking timeout

2021-11-18 12:15:15 - [MESSAGE][INFO] - Finding web element with id: 'Object Repository/Popup/Popup' located by 'By.cssSelector: .bootbox-body' in '10' second(s)

2021-11-18 12:15:15 - [MESSAGE][INFO] - Smart Wait Function is triggered

2021-11-18 12:15:16 - [MESSAGE][INFO] - Found 1 web elements with id: 'Object Repository/Popup/Popup' located by 'By.cssSelector: .bootbox-body' in '10' second(s)

2021-11-18 12:15:16 - [MESSAGE][PASSED] - Object 'Object Repository/Popup/Popup' is visible

2021-11-18 12:15:16 - [TEST_STEP][PASSED] - if (!(getText(findTestObject("Popup/Popup")).contains(Mesaj))): Text of object 'Object Repository/Popup/Popup' is: 'Seçilen faturalarınız onaylanacaktır. Onaylanan faturalar üzerinde değişiklik yapılamaz. Devam etmek istiyor musunuz?'

2021-11-18 12:15:16 - [MESSAGE][INFO] - Finding Test Object 'Object Repository/Popup/Popup'

2021-11-18 12:15:16 - [MESSAGE][INFO] - Checking object

2021-11-18 12:15:16 - [MESSAGE][INFO] - Finding web element from Test Object's properties

2021-11-18 12:15:16 - [MESSAGE][INFO] - Checking timeout

2021-11-18 12:15:16 - [MESSAGE][INFO] - Finding web element with id: 'Object Repository/Popup/Popup' located by 'By.cssSelector: .bootbox-body' in '30' second(s)

2021-11-18 12:15:16 - [MESSAGE][INFO] - Smart Wait Function is triggered

2021-11-18 12:15:16 - [MESSAGE][INFO] - Found 1 web elements with id: 'Object Repository/Popup/Popup' located by 'By.cssSelector: .bootbox-body' in '30' second(s)

2021-11-18 12:15:16 - [MESSAGE][INFO] - Getting text of object 'Object Repository/Popup/Popup'

2021-11-18 12:15:16 - [MESSAGE][PASSED] - Text of object 'Object Repository/Popup/Popup' is: 'Seçilen faturalarınız onaylanacaktır. Onaylanan faturalar üzerinde değişiklik yapılamaz. Devam etmek istiyor musunuz?'

2021-11-18 12:15:16 - [TEST_STEP][PASSED] - RaporNo = getText(findTestObject("Popup/Popup")).substring(0, 6): Text of object 'Object Repository/Popup/Popup' is: 'Seçilen faturalarınız onaylanacaktır. Onaylanan faturalar üzerinde değişiklik yapılamaz. Devam etmek istiyor musunuz?'

2021-11-18 12:15:16 - [MESSAGE][INFO] - Finding Test Object 'Object Repository/Popup/Popup'

2021-11-18 12:15:16 - [MESSAGE][INFO] - Checking object

2021-11-18 12:15:16 - [MESSAGE][INFO] - Finding web element from Test Object's properties

2021-11-18 12:15:16 - [MESSAGE][INFO] - Checking timeout

2021-11-18 12:15:16 - [MESSAGE][INFO] - Finding web element with id: 'Object Repository/Popup/Popup' located by 'By.cssSelector: .bootbox-body' in '30' second(s)

2021-11-18 12:15:16 - [MESSAGE][INFO] - Smart Wait Function is triggered

2021-11-18 12:15:16 - [MESSAGE][INFO] - Found 1 web elements with id: 'Object Repository/Popup/Popup' located by 'By.cssSelector: .bootbox-body' in '30' second(s)

2021-11-18 12:15:16 - [MESSAGE][INFO] - Getting text of object 'Object Repository/Popup/Popup'

2021-11-18 12:15:16 - [MESSAGE][PASSED] - Text of object 'Object Repository/Popup/Popup' is: 'Seçilen faturalarınız onaylanacaktır. Onaylanan faturalar üzerinde değişiklik yapılamaz. Devam etmek istiyor musunuz?'

2021-11-18 12:15:16 - [TEST_STEP][PASSED] - Console.println(RaporNo): null

2021-11-18 12:15:16 - [MESSAGE][PASSED] - Call Test Case 'Test Cases/Popup/PopupMesajiIceriyorMu' successfully

2021-11-18 12:15:16 - [MESSAGE][INFO] - Checking called Test Case

2021-11-18 12:15:16 - [MESSAGE][INFO] - Starting to call Test Case 'Test Cases/Popup/PopupButonSecilir'

2021-11-18 12:15:16 - [TEST_CASE][PASSED] - Test Cases/Popup/PopupButonSecilir: Test Cases/Popup/PopupButonSecilir

2021-11-18 12:15:16 - [TEST_STEP][PASSED] - Method.TextDegerineEsitElementeTikla(findTestObject("Popup/Popup_Butons"), Buton): Method.TextDegerineEsitElementeTikla is PASSED

2021-11-18 12:15:16 - [MESSAGE][INFO] - Finding Test Object 'Object Repository/Popup/Popup_Butons'

2021-11-18 12:15:16 - [MESSAGE][INFO] - Checking timeout

2021-11-18 12:15:16 - [MESSAGE][INFO] - Finding web element with id: 'Object Repository/Popup/Popup_Butons' located by 'By.cssSelector: .modal-footer>button' in '10' second(s)

2021-11-18 12:15:16 - [MESSAGE][INFO] - Smart Wait Function is triggered

2021-11-18 12:15:17 - [MESSAGE][INFO] - Found 2 web elements with id: 'Object Repository/Popup/Popup_Butons' located by 'By.cssSelector: .modal-footer>button' in '10' second(s)

2021-11-18 12:15:17 - [MESSAGE][PASSED] - Method.TextDegerineEsitElementeTikla is PASSED

2021-11-18 12:15:17 - [MESSAGE][PASSED] - Call Test Case 'Test Cases/Popup/PopupButonSecilir' successfully

2021-11-18 12:15:17 - [MESSAGE][INFO] - Checking called Test Case

2021-11-18 12:15:17 - [MESSAGE][INFO] - Starting to call Test Case 'Test Cases/Menu/AnaMenuSecimi'

2021-11-18 12:15:17 - [TEST_CASE][PASSED] - Test Cases/Menu/AnaMenuSecimi: Test Cases/Menu/AnaMenuSecimi

2021-11-18 12:15:17 - [TEST_STEP][PASSED] - Method.TextDegerineEsitElementeTikla(findTestObject("Menu/Ana_Menu"), Ana_Menu): Method.TextDegerineEsitElementeTikla is PASSED

2021-11-18 12:15:17 - [MESSAGE][INFO] - Finding Test Object 'Object Repository/Menu/Ana_Menu'

2021-11-18 12:15:17 - [MESSAGE][INFO] - Checking timeout

2021-11-18 12:15:17 - [MESSAGE][INFO] - Finding web element with id: 'Object Repository/Menu/Ana_Menu' located by 'By.xpath: //*[@class = 'dropdown-toggle']' in '10' second(s)

2021-11-18 12:15:17 - [MESSAGE][INFO] - Smart Wait Function is triggered

2021-11-18 12:15:18 - [MESSAGE][INFO] - Found 13 web elements with id: 'Object Repository/Menu/Ana_Menu' located by 'By.xpath: //*[@class = 'dropdown-toggle']' in '10' second(s)

2021-11-18 12:15:18 - [MESSAGE][PASSED] - Method.TextDegerineEsitElementeTikla is PASSED

2021-11-18 12:15:18 - [MESSAGE][PASSED] - Call Test Case 'Test Cases/Menu/AnaMenuSecimi' successfully

2021-11-18 12:15:18 - [MESSAGE][INFO] - Checking called Test Case

2021-11-18 12:15:18 - [MESSAGE][INFO] - Starting to call Test Case 'Test Cases/Menu/BasligaGoreAltMenuSecimi'

2021-11-18 12:15:18 - [TEST_CASE][PASSED] - Test Cases/Menu/BasligaGoreAltMenuSecimi: Test Cases/Menu/BasligaGoreAltMenuSecimi

2021-11-18 12:15:18 - [TEST_STEP][PASSED] - Method.TextDegerineEsitElementinAltindakiTextDegerineEsitOlanaTikla(findTestObject("Menu/Menu_Basligi"), findTestObject("Menu/Basliga_Gore_Alt_Menu"), Baslik, Alt_Menu): Method.TextDegerineEsitElementinAltindakiTextDegerineEsitOlanaTikla is PASSED

2021-11-18 12:15:18 - [MESSAGE][INFO] - Finding Test Object 'Object Repository/Menu/Menu_Basligi'

2021-11-18 12:15:18 - [MESSAGE][INFO] - Finding Test Object 'Object Repository/Menu/Basliga_Gore_Alt_Menu'

2021-11-18 12:15:18 - [MESSAGE][INFO] - Checking timeout

2021-11-18 12:15:18 - [MESSAGE][INFO] - Finding web element with id: 'Object Repository/Menu/Menu_Basligi' located by 'By.xpath: //li[@class='dropdown dropdown-large open']//li[@class='dropdown-header']' in '10' second(s)

2021-11-18 12:15:18 - [MESSAGE][INFO] - Smart Wait Function is triggered

2021-11-18 12:15:18 - [MESSAGE][INFO] - Found 2 web elements with id: 'Object Repository/Menu/Menu_Basligi' located by 'By.xpath: //li[@class='dropdown dropdown-large open']//li[@class='dropdown-header']' in '10' second(s)

2021-11-18 12:15:18 - [MESSAGE][INFO] - Smart Wait Function is triggered

2021-11-18 12:15:19 - [MESSAGE][PASSED] - Method.TextDegerineEsitElementinAltindakiTextDegerineEsitOlanaTikla is PASSED

2021-11-18 12:15:19 - [MESSAGE][PASSED] - Call Test Case 'Test Cases/Menu/BasligaGoreAltMenuSecimi' successfully

2021-11-18 12:15:19 - [MESSAGE][INFO] - Checking called Test Case

2021-11-18 12:15:19 - [MESSAGE][INFO] - Starting to call Test Case 'Test Cases/Filtreler/EttnYaz'

2021-11-18 12:15:20 - [TEST_CASE][PASSED] - Test Cases/Filtreler/EttnYaz: Test Cases/Filtreler/EttnYaz

2021-11-18 12:15:20 - [TEST_STEP][PASSED] - Method.TextDegerineEsitElementinAltindakiTextboxtaYaz(findTestObject("Filtreler/Basliklar"), findTestObject("Filtreler/Basliga_Gore_Textbox"), "ETTN", ettn): Method.TextDegerineEsitElementinAltindakiTextboxtaYaz is PASSED

2021-11-18 12:15:20 - [MESSAGE][INFO] - Finding Test Object 'Object Repository/Filtreler/Basliklar'

2021-11-18 12:15:20 - [MESSAGE][INFO] - Finding Test Object 'Object Repository/Filtreler/Basliga_Gore_Textbox'

2021-11-18 12:15:20 - [MESSAGE][INFO] - Checking timeout

2021-11-18 12:15:20 - [MESSAGE][INFO] - Finding web element with id: 'Object Repository/Filtreler/Basliklar' located by 'By.cssSelector: .control-label.col-sm-4.paddingMarginRLC' in '10' second(s)

2021-11-18 12:15:20 - [MESSAGE][INFO] - Smart Wait Function is triggered

2021-11-18 12:15:20 - [MESSAGE][INFO] - Found 19 web elements with id: 'Object Repository/Filtreler/Basliklar' located by 'By.cssSelector: .control-label.col-sm-4.paddingMarginRLC' in '10' second(s)

2021-11-18 12:15:20 - [MESSAGE][INFO] - Smart Wait Function is triggered

2021-11-18 12:15:20 - [MESSAGE][PASSED] - Method.TextDegerineEsitElementinAltindakiTextboxtaYaz is PASSED

2021-11-18 12:15:20 - [MESSAGE][PASSED] - Call Test Case 'Test Cases/Filtreler/EttnYaz' successfully

2021-11-18 12:15:20 - [MESSAGE][INFO] - Checking called Test Case

2021-11-18 12:15:20 - [MESSAGE][INFO] - Starting to call Test Case 'Test Cases/Filtreler/ButonaTikla'

2021-11-18 12:15:20 - [TEST_CASE][PASSED] - Test Cases/Filtreler/ButonaTikla: Test Cases/Filtreler/ButonaTikla

2021-11-18 12:15:20 - [TEST_STEP][PASSED] - Method.TextDegerineEsitElementeTikla(findTestObject("Filtreler/Butonlar"), Filtre_Buton): Method.TextDegerineEsitElementeTikla is PASSED

2021-11-18 12:15:20 - [MESSAGE][INFO] - Finding Test Object 'Object Repository/Filtreler/Butonlar'

2021-11-18 12:15:21 - [MESSAGE][INFO] - Checking timeout

2021-11-18 12:15:21 - [MESSAGE][INFO] - Finding web element with id: 'Object Repository/Filtreler/Butonlar' located by 'By.cssSelector: .dxb>span' in '10' second(s)

2021-11-18 12:15:21 - [MESSAGE][INFO] - Smart Wait Function is triggered

2021-11-18 12:15:21 - [MESSAGE][INFO] - Found 3 web elements with id: 'Object Repository/Filtreler/Butonlar' located by 'By.cssSelector: .dxb>span' in '10' second(s)

2021-11-18 12:15:21 - [MESSAGE][PASSED] - Method.TextDegerineEsitElementeTikla is PASSED

2021-11-18 12:15:21 - [MESSAGE][PASSED] - Call Test Case 'Test Cases/Filtreler/ButonaTikla' successfully

2021-11-18 12:15:21 - [MESSAGE][INFO] - Checking called Test Case

2021-11-18 12:15:21 - [MESSAGE][INFO] - Starting to call Test Case 'Test Cases/Tablo/TablodaVeriVarMi'

2021-11-18 12:15:21 - [TEST_CASE][PASSED] - Test Cases/Tablo/TablodaVeriVarMi: Test Cases/Tablo/TablodaVeriVarMi

2021-11-18 12:15:21 - [TEST_STEP][PASSED] - verifyTextNotPresent("Görüntülenecek veri yok", true): Text 'Görüntülenecek veri yok' is not present on page using regular expression

2021-11-18 12:15:21 - [MESSAGE][INFO] - Checking text present  using regular expression

2021-11-18 12:15:21 - [MESSAGE][INFO] - Smart Wait Function is triggered

2021-11-18 12:15:22 - [MESSAGE][INFO] - Finding text 'Görüntülenecek veri yok' on page  using regular expression

2021-11-18 12:15:22 - [MESSAGE][PASSED] - Text 'Görüntülenecek veri yok' is not present on page using regular expression

2021-11-18 12:15:22 - [MESSAGE][PASSED] - Call Test Case 'Test Cases/Tablo/TablodaVeriVarMi' successfully

2021-11-18 12:15:22 - [MESSAGE][INFO] - Checking called Test Case

2021-11-18 12:15:22 - [MESSAGE][INFO] - Starting to call Test Case 'Test Cases/Tablo/TablodaVeriBasariliMiArsiv'

2021-11-18 12:15:22 - [TEST_CASE][PASSED] - Test Cases/Tablo/TablodaVeriBasariliMiArsiv: Test Cases/Tablo/TablodaVeriBasariliMiArsiv

2021-11-18 12:15:22 - [TEST_STEP][PASSED] - sayac = 80: null

2021-11-18 12:15:22 - [TEST_STEP][PASSED] - while (verifyElementText(findTestObject("Object Repository/Tablo/DurumBilgisiArsiv"), "Henüz Sonuçlanmadı", OPTIONAL)): Actual text 'Başarılı' and expected text 'Henüz Sonuçlanmadı' of test object 'Object Repository/Tablo/DurumBilgisiArsiv' are NOT matched. (Root cause: com.kms.katalon.core.exception.StepFailedException: Actual text 'Başarılı' and expected text 'Henüz Sonuçlanmadı' of test object 'Object Repository/Tablo/DurumBilgisiArsiv' are NOT matched.
	at com.kms.katalon.core.webui.keyword.internal.WebUIKeywordMain.stepFailed(WebUIKeywordMain.groovy:64)
	at com.kms.katalon.core.webui.keyword.builtin.VerifyElementTextKeyword$_verifyElementText_closure1.doCall(VerifyElementTextKeyword.groovy:57)
	at com.kms.katalon.core.webui.keyword.builtin.VerifyElementTextKeyword$_verifyElementText_closure1.call(VerifyElementTextKeyword.groovy)
	at com.kms.katalon.core.webui.keyword.internal.WebUIKeywordMain.runKeyword(WebUIKeywordMain.groovy:20)
	at com.kms.katalon.core.webui.keyword.builtin.VerifyElementTextKeyword.verifyElementText(VerifyElementTextKeyword.groovy:72)
	at com.kms.katalon.core.webui.keyword.builtin.VerifyElementTextKeyword.execute(VerifyElementTextKeyword.groovy:40)
	at com.kms.katalon.core.keyword.internal.KeywordExecutor.executeKeywordForPlatform(KeywordExecutor.groovy:73)
	at com.kms.katalon.core.webui.keyword.WebUiBuiltInKeywords.verifyElementText(WebUiBuiltInKeywords.groovy:4733)
	at com.kms.katalon.core.webui.keyword.WebUiBuiltInKeywords$verifyElementText$20.call(Unknown Source)
	at TablodaVeriBasariliMiArsiv.run(TablodaVeriBasariliMiArsiv:22)
	at com.kms.katalon.core.main.ScriptEngine.run(ScriptEngine.java:194)
	at com.kms.katalon.core.main.ScriptEngine.runScriptAsRawText(ScriptEngine.java:119)
	at com.kms.katalon.core.main.TestCaseExecutor.runScript(TestCaseExecutor.java:369)
	at com.kms.katalon.core.main.TestCaseExecutor.doExecute(TestCaseExecutor.java:360)
	at com.kms.katalon.core.main.TestCaseExecutor.processExecutionPhase(TestCaseExecutor.java:339)
	at com.kms.katalon.core.main.TestCaseExecutor.accessMainPhase(TestCaseExecutor.java:331)
	at com.kms.katalon.core.main.TestCaseExecutor.execute(TestCaseExecutor.java:248)
	at com.kms.katalon.core.main.TestCaseMain.runTestCase(TestCaseMain.java:138)
	at com.kms.katalon.core.keyword.builtin.CallTestCaseKeyword$_callTestCase_closure1.doCall(CallTestCaseKeyword.groovy:59)
	at com.kms.katalon.core.keyword.builtin.CallTestCaseKeyword$_callTestCase_closure1.call(CallTestCaseKeyword.groovy)
	at com.kms.katalon.core.keyword.internal.KeywordMain.runKeyword(KeywordMain.groovy:68)
	at com.kms.katalon.core.keyword.builtin.CallTestCaseKeyword.callTestCase(CallTestCaseKeyword.groovy:81)
	at com.kms.katalon.core.keyword.builtin.CallTestCaseKeyword.execute(CallTestCaseKeyword.groovy:44)
	at com.kms.katalon.core.keyword.internal.KeywordExecutor.executeKeywordForPlatform(KeywordExecutor.groovy:73)
	at com.kms.katalon.core.keyword.BuiltinKeywords.callTestCase(BuiltinKeywords.groovy:334)
	at tablo.tablo.tablodaVeriBasariliMiArsiv(tablo.groovy:95)
	at cucumber.runtime.Utils$1.call(Utils.java:26)
	at cucumber.runtime.Timeout.timeout(Timeout.java:16)
	at cucumber.runtime.Utils.invoke(Utils.java:20)
	at cucumber.runtime.java.JavaStepDefinition.execute(JavaStepDefinition.java:49)
	at cucumber.runner.PickleStepDefinitionMatch.runStep(PickleStepDefinitionMatch.java:50)
	at cucumber.runner.TestStep.executeStep(TestStep.java:63)
	at cucumber.runner.TestStep.run(TestStep.java:49)
	at cucumber.runner.PickleStepTestStep.run(PickleStepTestStep.java:43)
	at cucumber.runner.TestCase.run(TestCase.java:44)
	at cucumber.runner.Runner.runPickle(Runner.java:40)
	at cucumber.runtime.Runtime$1.run(Runtime.java:84)
	at cucumber.runtime.Runtime$SameThreadExecutorService.execute(Runtime.java:220)
	at cucumber.runtime.Runtime.run(Runtime.java:81)
	at cucumber.api.cli.Main.run(Main.java:26)
	at cucumber.api.cli.Main$run.call(Unknown Source)
	at com.kms.katalon.core.cucumber.keyword.CucumberBuiltinKeywords$_runFeatureFile_closure1.doCall(CucumberBuiltinKeywords.groovy:106)
	at com.kms.katalon.core.cucumber.keyword.CucumberBuiltinKeywords$_runFeatureFile_closure1.doCall(CucumberBuiltinKeywords.groovy)
	at com.kms.katalon.core.keyword.internal.KeywordMain.runKeyword(KeywordMain.groovy:68)
	at com.kms.katalon.core.keyword.internal.KeywordMain$runKeyword.call(Unknown Source)
	at com.kms.katalon.core.cucumber.keyword.CucumberBuiltinKeywords.runFeatureFile(CucumberBuiltinKeywords.groovy:73)
	at com.kms.katalon.core.cucumber.keyword.CucumberBuiltinKeywords$runFeatureFile$0.callStatic(Unknown Source)
	at com.kms.katalon.core.cucumber.keyword.CucumberBuiltinKeywords.runFeatureFile(CucumberBuiltinKeywords.groovy:246)
	at com.kms.katalon.core.cucumber.keyword.CucumberBuiltinKeywords$runFeatureFile.call(Unknown Source)
	at VKN-Kagit-Hal Satis.run(VKN-Kagit-Hal Satis:19)
	at com.kms.katalon.core.main.ScriptEngine.run(ScriptEngine.java:194)
	at com.kms.katalon.core.main.ScriptEngine.runScriptAsRawText(ScriptEngine.java:119)
	at com.kms.katalon.core.main.TestCaseExecutor.runScript(TestCaseExecutor.java:369)
	at com.kms.katalon.core.main.TestCaseExecutor.doExecute(TestCaseExecutor.java:360)
	at com.kms.katalon.core.main.TestCaseExecutor.processExecutionPhase(TestCaseExecutor.java:339)
	at com.kms.katalon.core.main.TestCaseExecutor.accessMainPhase(TestCaseExecutor.java:331)
	at com.kms.katalon.core.main.TestCaseExecutor.execute(TestCaseExecutor.java:248)
	at com.kms.katalon.core.main.TestSuiteExecutor.accessTestCaseMainPhase(TestSuiteExecutor.java:191)
	at com.kms.katalon.core.main.TestSuiteExecutor.accessTestSuiteMainPhase(TestSuiteExecutor.java:140)
	at com.kms.katalon.core.main.TestSuiteExecutor.execute(TestSuiteExecutor.java:89)
	at com.kms.katalon.core.main.TestCaseMain.startTestSuite(TestCaseMain.java:181)
	at com.kms.katalon.core.main.TestCaseMain$startTestSuite$0.call(Unknown Source)
	at TempTestSuite1637225344330.run(TempTestSuite1637225344330.groovy:39)
)

2021-11-18 12:15:22 - [MESSAGE][INFO] - Finding Test Object 'Object Repository/Tablo/DurumBilgisiArsiv'

2021-11-18 12:15:22 - [MESSAGE][INFO] - Checking object

2021-11-18 12:15:22 - [MESSAGE][INFO] - Finding web element from Test Object's properties

2021-11-18 12:15:22 - [MESSAGE][INFO] - Checking timeout

2021-11-18 12:15:22 - [MESSAGE][INFO] - Finding web element with id: 'Object Repository/Tablo/DurumBilgisiArsiv' located by 'By.xpath: //*[@id = 'GridViewEArchiveInvoices_tccell0_9']' in '30' second(s)

2021-11-18 12:15:22 - [MESSAGE][INFO] - Smart Wait Function is triggered

2021-11-18 12:15:22 - [MESSAGE][INFO] - Found 1 web elements with id: 'Object Repository/Tablo/DurumBilgisiArsiv' located by 'By.xpath: //*[@id = 'GridViewEArchiveInvoices_tccell0_9']' in '30' second(s)

2021-11-18 12:15:22 - [MESSAGE][WARNING] - Actual text 'Başarılı' and expected text 'Henüz Sonuçlanmadı' of test object 'Object Repository/Tablo/DurumBilgisiArsiv' are NOT matched. (Root cause: com.kms.katalon.core.exception.StepFailedException: Actual text 'Başarılı' and expected text 'Henüz Sonuçlanmadı' of test object 'Object Repository/Tablo/DurumBilgisiArsiv' are NOT matched.
	at com.kms.katalon.core.webui.keyword.internal.WebUIKeywordMain.stepFailed(WebUIKeywordMain.groovy:64)
	at com.kms.katalon.core.webui.keyword.builtin.VerifyElementTextKeyword$_verifyElementText_closure1.doCall(VerifyElementTextKeyword.groovy:57)
	at com.kms.katalon.core.webui.keyword.builtin.VerifyElementTextKeyword$_verifyElementText_closure1.call(VerifyElementTextKeyword.groovy)
	at com.kms.katalon.core.webui.keyword.internal.WebUIKeywordMain.runKeyword(WebUIKeywordMain.groovy:20)
	at com.kms.katalon.core.webui.keyword.builtin.VerifyElementTextKeyword.verifyElementText(VerifyElementTextKeyword.groovy:72)
	at com.kms.katalon.core.webui.keyword.builtin.VerifyElementTextKeyword.execute(VerifyElementTextKeyword.groovy:40)
	at com.kms.katalon.core.keyword.internal.KeywordExecutor.executeKeywordForPlatform(KeywordExecutor.groovy:73)
	at com.kms.katalon.core.webui.keyword.WebUiBuiltInKeywords.verifyElementText(WebUiBuiltInKeywords.groovy:4733)
	at com.kms.katalon.core.webui.keyword.WebUiBuiltInKeywords$verifyElementText$20.call(Unknown Source)
	at TablodaVeriBasariliMiArsiv.run(TablodaVeriBasariliMiArsiv:22)
	at com.kms.katalon.core.main.ScriptEngine.run(ScriptEngine.java:194)
	at com.kms.katalon.core.main.ScriptEngine.runScriptAsRawText(ScriptEngine.java:119)
	at com.kms.katalon.core.main.TestCaseExecutor.runScript(TestCaseExecutor.java:369)
	at com.kms.katalon.core.main.TestCaseExecutor.doExecute(TestCaseExecutor.java:360)
	at com.kms.katalon.core.main.TestCaseExecutor.processExecutionPhase(TestCaseExecutor.java:339)
	at com.kms.katalon.core.main.TestCaseExecutor.accessMainPhase(TestCaseExecutor.java:331)
	at com.kms.katalon.core.main.TestCaseExecutor.execute(TestCaseExecutor.java:248)
	at com.kms.katalon.core.main.TestCaseMain.runTestCase(TestCaseMain.java:138)
	at com.kms.katalon.core.keyword.builtin.CallTestCaseKeyword$_callTestCase_closure1.doCall(CallTestCaseKeyword.groovy:59)
	at com.kms.katalon.core.keyword.builtin.CallTestCaseKeyword$_callTestCase_closure1.call(CallTestCaseKeyword.groovy)
	at com.kms.katalon.core.keyword.internal.KeywordMain.runKeyword(KeywordMain.groovy:68)
	at com.kms.katalon.core.keyword.builtin.CallTestCaseKeyword.callTestCase(CallTestCaseKeyword.groovy:81)
	at com.kms.katalon.core.keyword.builtin.CallTestCaseKeyword.execute(CallTestCaseKeyword.groovy:44)
	at com.kms.katalon.core.keyword.internal.KeywordExecutor.executeKeywordForPlatform(KeywordExecutor.groovy:73)
	at com.kms.katalon.core.keyword.BuiltinKeywords.callTestCase(BuiltinKeywords.groovy:334)
	at tablo.tablo.tablodaVeriBasariliMiArsiv(tablo.groovy:95)
	at cucumber.runtime.Utils$1.call(Utils.java:26)
	at cucumber.runtime.Timeout.timeout(Timeout.java:16)
	at cucumber.runtime.Utils.invoke(Utils.java:20)
	at cucumber.runtime.java.JavaStepDefinition.execute(JavaStepDefinition.java:49)
	at cucumber.runner.PickleStepDefinitionMatch.runStep(PickleStepDefinitionMatch.java:50)
	at cucumber.runner.TestStep.executeStep(TestStep.java:63)
	at cucumber.runner.TestStep.run(TestStep.java:49)
	at cucumber.runner.PickleStepTestStep.run(PickleStepTestStep.java:43)
	at cucumber.runner.TestCase.run(TestCase.java:44)
	at cucumber.runner.Runner.runPickle(Runner.java:40)
	at cucumber.runtime.Runtime$1.run(Runtime.java:84)
	at cucumber.runtime.Runtime$SameThreadExecutorService.execute(Runtime.java:220)
	at cucumber.runtime.Runtime.run(Runtime.java:81)
	at cucumber.api.cli.Main.run(Main.java:26)
	at cucumber.api.cli.Main$run.call(Unknown Source)
	at com.kms.katalon.core.cucumber.keyword.CucumberBuiltinKeywords$_runFeatureFile_closure1.doCall(CucumberBuiltinKeywords.groovy:106)
	at com.kms.katalon.core.cucumber.keyword.CucumberBuiltinKeywords$_runFeatureFile_closure1.doCall(CucumberBuiltinKeywords.groovy)
	at com.kms.katalon.core.keyword.internal.KeywordMain.runKeyword(KeywordMain.groovy:68)
	at com.kms.katalon.core.keyword.internal.KeywordMain$runKeyword.call(Unknown Source)
	at com.kms.katalon.core.cucumber.keyword.CucumberBuiltinKeywords.runFeatureFile(CucumberBuiltinKeywords.groovy:73)
	at com.kms.katalon.core.cucumber.keyword.CucumberBuiltinKeywords$runFeatureFile$0.callStatic(Unknown Source)
	at com.kms.katalon.core.cucumber.keyword.CucumberBuiltinKeywords.runFeatureFile(CucumberBuiltinKeywords.groovy:246)
	at com.kms.katalon.core.cucumber.keyword.CucumberBuiltinKeywords$runFeatureFile.call(Unknown Source)
	at VKN-Kagit-Hal Satis.run(VKN-Kagit-Hal Satis:19)
	at com.kms.katalon.core.main.ScriptEngine.run(ScriptEngine.java:194)
	at com.kms.katalon.core.main.ScriptEngine.runScriptAsRawText(ScriptEngine.java:119)
	at com.kms.katalon.core.main.TestCaseExecutor.runScript(TestCaseExecutor.java:369)
	at com.kms.katalon.core.main.TestCaseExecutor.doExecute(TestCaseExecutor.java:360)
	at com.kms.katalon.core.main.TestCaseExecutor.processExecutionPhase(TestCaseExecutor.java:339)
	at com.kms.katalon.core.main.TestCaseExecutor.accessMainPhase(TestCaseExecutor.java:331)
	at com.kms.katalon.core.main.TestCaseExecutor.execute(TestCaseExecutor.java:248)
	at com.kms.katalon.core.main.TestSuiteExecutor.accessTestCaseMainPhase(TestSuiteExecutor.java:191)
	at com.kms.katalon.core.main.TestSuiteExecutor.accessTestSuiteMainPhase(TestSuiteExecutor.java:140)
	at com.kms.katalon.core.main.TestSuiteExecutor.execute(TestSuiteExecutor.java:89)
	at com.kms.katalon.core.main.TestCaseMain.startTestSuite(TestCaseMain.java:181)
	at com.kms.katalon.core.main.TestCaseMain$startTestSuite$0.call(Unknown Source)
	at TempTestSuite1637225344330.run(TempTestSuite1637225344330.groovy:39)
)

2021-11-18 12:15:22 - [TEST_STEP][PASSED] - Method.TextDegerineEsitElementVarMi(findTestObject("Object Repository/Tablo/DurumBilgisiArsiv"), "Başarılı"): Method.TextDegerineEsitElementVarMi is PASSED

2021-11-18 12:15:22 - [MESSAGE][INFO] - Finding Test Object 'Object Repository/Tablo/DurumBilgisiArsiv'

2021-11-18 12:15:22 - [MESSAGE][INFO] - Checking timeout

2021-11-18 12:15:22 - [MESSAGE][INFO] - Finding web element with id: 'Object Repository/Tablo/DurumBilgisiArsiv' located by 'By.xpath: //*[@id = 'GridViewEArchiveInvoices_tccell0_9']' in '10' second(s)

2021-11-18 12:15:22 - [MESSAGE][INFO] - Smart Wait Function is triggered

2021-11-18 12:15:22 - [MESSAGE][INFO] - Found 1 web elements with id: 'Object Repository/Tablo/DurumBilgisiArsiv' located by 'By.xpath: //*[@id = 'GridViewEArchiveInvoices_tccell0_9']' in '10' second(s)

2021-11-18 12:15:22 - [MESSAGE][PASSED] - Method.TextDegerineEsitElementVarMi is PASSED

2021-11-18 12:15:22 - [MESSAGE][PASSED] - Call Test Case 'Test Cases/Tablo/TablodaVeriBasariliMiArsiv' successfully

2021-11-18 12:15:22 - [MESSAGE][INFO] - Checking called Test Case

2021-11-18 12:15:22 - [MESSAGE][INFO] - Starting to call Test Case 'Test Cases/Kullanici_Islemleri/KullaniciIslemlerindenSecimYapilir'

2021-11-18 12:15:23 - [TEST_CASE][PASSED] - Test Cases/Kullanici_Islemleri/KullaniciIslemlerindenSecimYapilir: Test Cases/Kullanici_Islemleri/KullaniciIslemlerindenSecimYapilir

2021-11-18 12:15:23 - [TEST_STEP][PASSED] - waitForElementClickable(findTestObject("Object Repository/Kullanici_Islemleri/KullaniciIslemleri"), 10): Object 'Object Repository/Kullanici_Islemleri/KullaniciIslemleri' is clickable

2021-11-18 12:15:23 - [MESSAGE][INFO] - Finding Test Object 'Object Repository/Kullanici_Islemleri/KullaniciIslemleri'

2021-11-18 12:15:23 - [MESSAGE][INFO] - Checking object

2021-11-18 12:15:23 - [MESSAGE][INFO] - Checking timeout

2021-11-18 12:15:23 - [MESSAGE][INFO] - Finding web element from Test Object's properties

2021-11-18 12:15:23 - [MESSAGE][INFO] - Checking timeout

2021-11-18 12:15:23 - [MESSAGE][INFO] - Finding web element with id: 'Object Repository/Kullanici_Islemleri/KullaniciIslemleri' located by 'By.cssSelector: .dropdown>a>img' in '10' second(s)

2021-11-18 12:15:23 - [MESSAGE][INFO] - Smart Wait Function is triggered

2021-11-18 12:15:23 - [MESSAGE][INFO] - Found 1 web elements with id: 'Object Repository/Kullanici_Islemleri/KullaniciIslemleri' located by 'By.cssSelector: .dropdown>a>img' in '10' second(s)

2021-11-18 12:15:23 - [MESSAGE][PASSED] - Object 'Object Repository/Kullanici_Islemleri/KullaniciIslemleri' is clickable

2021-11-18 12:15:23 - [TEST_STEP][PASSED] - click(findTestObject("Object Repository/Kullanici_Islemleri/KullaniciIslemleri")): Object: 'Object Repository/Kullanici_Islemleri/KullaniciIslemleri' is clicked on

2021-11-18 12:15:23 - [MESSAGE][INFO] - Finding Test Object 'Object Repository/Kullanici_Islemleri/KullaniciIslemleri'

2021-11-18 12:15:23 - [MESSAGE][INFO] - Checking object

2021-11-18 12:15:23 - [MESSAGE][INFO] - Finding web element from Test Object's properties

2021-11-18 12:15:23 - [MESSAGE][INFO] - Checking timeout

2021-11-18 12:15:23 - [MESSAGE][INFO] - Finding web element with id: 'Object Repository/Kullanici_Islemleri/KullaniciIslemleri' located by 'By.cssSelector: .dropdown>a>img' in '30' second(s)

2021-11-18 12:15:23 - [MESSAGE][INFO] - Smart Wait Function is triggered

2021-11-18 12:15:23 - [MESSAGE][INFO] - Found 1 web elements with id: 'Object Repository/Kullanici_Islemleri/KullaniciIslemleri' located by 'By.cssSelector: .dropdown>a>img' in '30' second(s)

2021-11-18 12:15:23 - [MESSAGE][INFO] - Clicking on object: 'Object Repository/Kullanici_Islemleri/KullaniciIslemleri'

2021-11-18 12:15:23 - [MESSAGE][PASSED] - Object: 'Object Repository/Kullanici_Islemleri/KullaniciIslemleri' is clicked on

2021-11-18 12:15:23 - [TEST_STEP][PASSED] - Method.TextDegerineEsitElementeTikla(findTestObject("Object Repository/Kullanici_Islemleri/Secenekler"), Islem): Method.TextDegerineEsitElementeTikla is PASSED

2021-11-18 12:15:23 - [MESSAGE][INFO] - Finding Test Object 'Object Repository/Kullanici_Islemleri/Secenekler'

2021-11-18 12:15:23 - [MESSAGE][INFO] - Checking timeout

2021-11-18 12:15:23 - [MESSAGE][INFO] - Finding web element with id: 'Object Repository/Kullanici_Islemleri/Secenekler' located by 'By.cssSelector: .nav.navbar-nav.navbar-right li a' in '10' second(s)

2021-11-18 12:15:23 - [MESSAGE][INFO] - Smart Wait Function is triggered

2021-11-18 12:15:24 - [MESSAGE][INFO] - Found 22 web elements with id: 'Object Repository/Kullanici_Islemleri/Secenekler' located by 'By.cssSelector: .nav.navbar-nav.navbar-right li a' in '10' second(s)

2021-11-18 12:15:25 - [MESSAGE][PASSED] - Method.TextDegerineEsitElementeTikla is PASSED

2021-11-18 12:15:25 - [TEST_STEP][PASSED] - verifyElementNotPresent(findTestObject("Object Repository/Kullanici_Islemleri/Secenekler"), 10): Web element with id: 'Object Repository/Kullanici_Islemleri/Secenekler' located by 'By.cssSelector: .nav.navbar-nav.navbar-right li a' is not present after '10' second(s)

2021-11-18 12:15:25 - [MESSAGE][INFO] - Finding Test Object 'Object Repository/Kullanici_Islemleri/Secenekler'

2021-11-18 12:15:25 - [MESSAGE][INFO] - Checking object

2021-11-18 12:15:25 - [MESSAGE][INFO] - Checking timeout

2021-11-18 12:15:25 - [MESSAGE][INFO] - Finding web element with id: 'Object Repository/Kullanici_Islemleri/Secenekler' located by 'By.cssSelector: .nav.navbar-nav.navbar-right li a' in '10' second(s)

2021-11-18 12:15:25 - [MESSAGE][INFO] - Smart Wait Function is triggered

2021-11-18 12:15:25 - [MESSAGE][PASSED] - Web element with id: 'Object Repository/Kullanici_Islemleri/Secenekler' located by 'By.cssSelector: .nav.navbar-nav.navbar-right li a' is not present after '10' second(s)

2021-11-18 12:15:25 - [MESSAGE][PASSED] - Call Test Case 'Test Cases/Kullanici_Islemleri/KullaniciIslemlerindenSecimYapilir' successfully

2021-11-18 12:15:25 - [TEST_CASE][PASSED] - Start Test Case : SCENARIO Gonderim tipi Kagit ve Hal Satis tipinde e-Arsiv faturasi olusturulmasi: SCENARIO Gonderim tipi Kagit ve Hal Satis tipinde e-Arsiv faturasi olusturulmasi

2021-11-18 12:15:25 - [TEST_STEP][PASSED] - Kullanıcı adı HALSATIS ve Şifre test1234 olarak giriş yapılır: Kullanıcı adı HALSATIS ve Şifre test1234 olarak giriş yapılır

2021-11-18 12:15:25 - [MESSAGE][PASSED] - Kullanıcı adı HALSATIS ve Şifre test1234 olarak giriş yapılır

2021-11-18 12:15:25 - [TEST_STEP][PASSED] - Ana menüden e-Arşiv seçilir: Ana menüden e-Arşiv seçilir

2021-11-18 12:15:25 - [MESSAGE][PASSED] - Ana menüden e-Arşiv seçilir

2021-11-18 12:15:25 - [TEST_STEP][PASSED] - Alt menü e-Arşiv Araçları başlığı altındaki e-Arşiv Fatura Oluşturma seçilir: Alt menü e-Arşiv Araçları başlığı altındaki e-Arşiv Fatura Oluşturma seçilir

2021-11-18 12:15:25 - [MESSAGE][PASSED] - Alt menü e-Arşiv Araçları başlığı altındaki e-Arşiv Fatura Oluşturma seçilir

2021-11-18 12:15:25 - [TEST_STEP][PASSED] - Tablodaki tüm veriler silinir: Tablodaki tüm veriler silinir

2021-11-18 12:15:25 - [MESSAGE][PASSED] - Tablodaki tüm veriler silinir

2021-11-18 12:15:25 - [TEST_STEP][PASSED] - Butonlardan Ekle isimli butona tıklanır: Butonlardan Ekle isimli butona tıklanır

2021-11-18 12:15:25 - [MESSAGE][PASSED] - Butonlardan Ekle isimli butona tıklanır

2021-11-18 12:15:25 - [TEST_STEP][PASSED] - Görsel tasarım sayfasının e-Arşiv Fatura Bilgileri başlığını içerdiği kontrol edilir: Görsel tasarım sayfasının e-Arşiv Fatura Bilgileri başlığını içerdiği kontrol edilir

2021-11-18 12:15:25 - [MESSAGE][PASSED] - Görsel tasarım sayfasının e-Arşiv Fatura Bilgileri başlığını içerdiği kontrol edilir

2021-11-18 12:15:25 - [TEST_STEP][PASSED] - Alıcı adı alanına UC0010 girilir: Alıcı adı alanına UC0010 girilir

2021-11-18 12:15:25 - [MESSAGE][PASSED] - Alıcı adı alanına UC0010 girilir

2021-11-18 12:15:25 - [TEST_STEP][PASSED] - Gönderim Şekli Kağıt olarak seçilir: Gönderim Şekli Kağıt olarak seçilir

2021-11-18 12:15:25 - [MESSAGE][PASSED] - Gönderim Şekli Kağıt olarak seçilir

2021-11-18 12:15:25 - [TEST_STEP][PASSED] - Tip alanından Hal Satış seçilir: Tip alanından Hal Satış seçilir

2021-11-18 12:15:25 - [MESSAGE][PASSED] - Tip alanından Hal Satış seçilir

2021-11-18 12:15:25 - [TEST_STEP][PASSED] - Döküman Para Birimi alanından Türk Lirası seçilir: Döküman Para Birimi alanından Türk Lirası seçilir

2021-11-18 12:15:25 - [MESSAGE][PASSED] - Döküman Para Birimi alanından Türk Lirası seçilir

2021-11-18 12:15:25 - [TEST_STEP][PASSED] - Ön Ek YIG olarak seçilir: Ön Ek YIG olarak seçilir

2021-11-18 12:15:25 - [MESSAGE][PASSED] - Ön Ek YIG olarak seçilir

2021-11-18 12:15:25 - [TEST_STEP][PASSED] - Tasarım alanından Otomasyon seçilir: Tasarım alanından Otomasyon seçilir

2021-11-18 12:15:25 - [MESSAGE][PASSED] - Tasarım alanından Otomasyon seçilir

2021-11-18 12:15:25 - [TEST_STEP][PASSED] - Sipariş bilgileri UUC-SAT-1200001 ve 31.04.2020 olarak girilir: Sipariş bilgileri UUC-SAT-1200001 ve 31.04.2020 olarak girilir

2021-11-18 12:15:25 - [MESSAGE][PASSED] - Sipariş bilgileri UUC-SAT-1200001 ve 31.04.2020 olarak girilir

2021-11-18 12:15:25 - [TEST_STEP][PASSED] - İrsaliye Bilgileri AAAAAAAAAA,31.04.2020 olarak girilir: İrsaliye Bilgileri AAAAAAAAAA,31.04.2020 olarak girilir

2021-11-18 12:15:25 - [MESSAGE][PASSED] - İrsaliye Bilgileri AAAAAAAAAA,31.04.2020 olarak girilir

2021-11-18 12:15:25 - [TEST_STEP][PASSED] - Ekle butonuna basılır: Ekle butonuna basılır

2021-11-18 12:15:25 - [MESSAGE][PASSED] - Ekle butonuna basılır

2021-11-18 12:15:25 - [TEST_STEP][PASSED] - Ürün ekleme alanında Mal/Hizmet başlığına Otomasyon girilir: Ürün ekleme alanında Mal/Hizmet başlığına Otomasyon girilir

2021-11-18 12:15:25 - [MESSAGE][PASSED] - Ürün ekleme alanında Mal/Hizmet başlığına Otomasyon girilir

2021-11-18 12:15:25 - [TEST_STEP][PASSED] - Ürün ekleme alanında Açıklaması başlığına Virgosol girilir: Ürün ekleme alanında Açıklaması başlığına Virgosol girilir

2021-11-18 12:15:25 - [MESSAGE][PASSED] - Ürün ekleme alanında Açıklaması başlığına Virgosol girilir

2021-11-18 12:15:25 - [TEST_STEP][PASSED] - Ürün ekleme alanında Künye Numarası başlığına 1234567890123456789 girilir: Ürün ekleme alanında Künye Numarası başlığına 1234567890123456789 girilir

2021-11-18 12:15:25 - [MESSAGE][PASSED] - Ürün ekleme alanında Künye Numarası başlığına 1234567890123456789 girilir

2021-11-18 12:15:25 - [TEST_STEP][PASSED] - Ürün ekleme alanında Vkn/Tckn başlığına 24647325036 girilir: Ürün ekleme alanında Vkn/Tckn başlığına 24647325036 girilir

2021-11-18 12:15:25 - [MESSAGE][PASSED] - Ürün ekleme alanında Vkn/Tckn başlığına 24647325036 girilir

2021-11-18 12:15:25 - [TEST_STEP][PASSED] - Ürün ekleme alanında Mal Sahibi başlığına AAAAAAAAA girilir: Ürün ekleme alanında Mal Sahibi başlığına AAAAAAAAA girilir

2021-11-18 12:15:25 - [MESSAGE][PASSED] - Ürün ekleme alanında Mal Sahibi başlığına AAAAAAAAA girilir

2021-11-18 12:15:25 - [TEST_STEP][PASSED] - Ürün ekleme alanında Miktarı başlığına 400 girilir: Ürün ekleme alanında Miktarı başlığına 400 girilir

2021-11-18 12:15:25 - [MESSAGE][PASSED] - Ürün ekleme alanında Miktarı başlığına 400 girilir

2021-11-18 12:15:25 - [TEST_STEP][PASSED] - Ürün ekleme alanında Birim Fiyat başlığına 100 girilir: Ürün ekleme alanında Birim Fiyat başlığına 100 girilir

2021-11-18 12:15:25 - [MESSAGE][PASSED] - Ürün ekleme alanında Birim Fiyat başlığına 100 girilir

2021-11-18 12:15:25 - [TEST_STEP][PASSED] - Ürün ekleme alanında İskonto Oranı % başlığına 10 girilir: Ürün ekleme alanında İskonto Oranı % başlığına 10 girilir

2021-11-18 12:15:25 - [MESSAGE][PASSED] - Ürün ekleme alanında İskonto Oranı % başlığına 10 girilir

2021-11-18 12:15:25 - [TEST_STEP][PASSED] - Notlar alanına Otomasyon Not girilir: Notlar alanına Otomasyon Not girilir

2021-11-18 12:15:25 - [MESSAGE][PASSED] - Notlar alanına Otomasyon Not girilir

2021-11-18 12:15:25 - [TEST_STEP][PASSED] - Ettn bilgisi kayıt edilir: Ettn bilgisi kayıt edilir

2021-11-18 12:15:25 - [MESSAGE][PASSED] - Ettn bilgisi kayıt edilir

2021-11-18 12:15:25 - [TEST_STEP][PASSED] - Kaydet butonu seçilir: Kaydet butonu seçilir

2021-11-18 12:15:25 - [MESSAGE][PASSED] - Kaydet butonu seçilir

2021-11-18 12:15:25 - [TEST_STEP][PASSED] - Tabloda Ettn bilgisi kaydedilen veri oluşturuldu mu: Tabloda Ettn bilgisi kaydedilen veri oluşturuldu mu

2021-11-18 12:15:25 - [MESSAGE][PASSED] - Tabloda Ettn bilgisi kaydedilen veri oluşturuldu mu

2021-11-18 12:15:25 - [TEST_STEP][PASSED] - Tablodan Ettn bilgisi kaydedilen veri seçilir: Tablodan Ettn bilgisi kaydedilen veri seçilir

2021-11-18 12:15:25 - [MESSAGE][PASSED] - Tablodan Ettn bilgisi kaydedilen veri seçilir

2021-11-18 12:15:25 - [TEST_STEP][PASSED] - Butonlardan Numara Oluştur isimli butona tıklanır: Butonlardan Numara Oluştur isimli butona tıklanır

2021-11-18 12:15:25 - [MESSAGE][PASSED] - Butonlardan Numara Oluştur isimli butona tıklanır

2021-11-18 12:15:25 - [TEST_STEP][PASSED] - Popup mesajı Devam etmek istiyor musunuz içeriyor mu: Popup mesajı Devam etmek istiyor musunuz içeriyor mu

2021-11-18 12:15:25 - [MESSAGE][PASSED] - Popup mesajı Devam etmek istiyor musunuz içeriyor mu

2021-11-18 12:15:25 - [TEST_STEP][PASSED] - Yönetim popupında Evet seçilir: Yönetim popupında Evet seçilir

2021-11-18 12:15:25 - [MESSAGE][PASSED] - Yönetim popupında Evet seçilir

2021-11-18 12:15:25 - [TEST_STEP][PASSED] - Popup mesajı oluşmuştur içeriyor mu: Popup mesajı oluşmuştur içeriyor mu

2021-11-18 12:15:25 - [MESSAGE][PASSED] - Popup mesajı oluşmuştur içeriyor mu

2021-11-18 12:15:25 - [TEST_STEP][PASSED] - Yönetim popupında Tamam seçilir: Yönetim popupında Tamam seçilir

2021-11-18 12:15:25 - [MESSAGE][PASSED] - Yönetim popupında Tamam seçilir

2021-11-18 12:15:25 - [TEST_STEP][PASSED] - Tablodan Ettn bilgisi kaydedilen veri seçilir: Tablodan Ettn bilgisi kaydedilen veri seçilir

2021-11-18 12:15:25 - [MESSAGE][PASSED] - Tablodan Ettn bilgisi kaydedilen veri seçilir

2021-11-18 12:15:25 - [TEST_STEP][PASSED] - Butonlardan Gönder isimli butona tıklanır: Butonlardan Gönder isimli butona tıklanır

2021-11-18 12:15:25 - [MESSAGE][PASSED] - Butonlardan Gönder isimli butona tıklanır

2021-11-18 12:15:25 - [TEST_STEP][PASSED] - Popup mesajı Devam etmek istiyor musunuz içeriyor mu: Popup mesajı Devam etmek istiyor musunuz içeriyor mu

2021-11-18 12:15:25 - [MESSAGE][PASSED] - Popup mesajı Devam etmek istiyor musunuz içeriyor mu

2021-11-18 12:15:25 - [TEST_STEP][PASSED] - Yönetim popupında Evet seçilir: Yönetim popupında Evet seçilir

2021-11-18 12:15:25 - [MESSAGE][PASSED] - Yönetim popupında Evet seçilir

2021-11-18 12:15:25 - [TEST_STEP][PASSED] - Ana menüden e-Arşiv seçilir: Ana menüden e-Arşiv seçilir

2021-11-18 12:15:25 - [MESSAGE][PASSED] - Ana menüden e-Arşiv seçilir

2021-11-18 12:15:25 - [TEST_STEP][PASSED] - Alt menü e-Arşiv Hareketleri başlığı altındaki e-Arşiv Faturaları seçilir: Alt menü e-Arşiv Hareketleri başlığı altındaki e-Arşiv Faturaları seçilir

2021-11-18 12:15:25 - [MESSAGE][PASSED] - Alt menü e-Arşiv Hareketleri başlığı altındaki e-Arşiv Faturaları seçilir

2021-11-18 12:15:25 - [TEST_STEP][PASSED] - Filtrelerden Ettn filtresine Ettn bilgisi yaz: Filtrelerden Ettn filtresine Ettn bilgisi yaz

2021-11-18 12:15:25 - [MESSAGE][PASSED] - Filtrelerden Ettn filtresine Ettn bilgisi yaz

2021-11-18 12:15:25 - [TEST_STEP][PASSED] - Filtre butonlarından Listele seçilir: Filtre butonlarından Listele seçilir

2021-11-18 12:15:25 - [MESSAGE][PASSED] - Filtre butonlarından Listele seçilir

2021-11-18 12:15:25 - [TEST_STEP][PASSED] - Tabloda veri var mı kontrol edilir: Tabloda veri var mı kontrol edilir

2021-11-18 12:15:25 - [MESSAGE][PASSED] - Tabloda veri var mı kontrol edilir

2021-11-18 12:15:25 - [TEST_STEP][PASSED] - Tabloda yeni oluşturulan eArsiv verisi başarılı mı: Tabloda yeni oluşturulan eArsiv verisi başarılı mı

2021-11-18 12:15:25 - [MESSAGE][PASSED] - Tabloda yeni oluşturulan eArsiv verisi başarılı mı

2021-11-18 12:15:25 - [TEST_STEP][PASSED] - Kullanıcı işlemlerinden Çıkış seçilir: Kullanıcı işlemlerinden Çıkış seçilir

2021-11-18 12:15:25 - [MESSAGE][PASSED] - Kullanıcı işlemlerinden Çıkış seçilir

2021-11-18 12:15:25 - [MESSAGE][PASSED] - Feature file: 'Include/features/Regresyon/e-Arsiv/VKN-Kagit-Hal Satis.feature' was passed

2021-11-18 12:15:25 - [TEST_STEP][PASSED] - Start listener action : sampleAfterTestSuite: Invoke 'com.kms.katalon.core.annotation.AfterTestCase' method: 'Listener.sampleAfterTestSuite(...)' completed.

2021-11-18 12:15:25 - [MESSAGE][INFO] - Starting invoke 'com.kms.katalon.core.annotation.AfterTestCase' method: 'Listener.sampleAfterTestSuite(...)'

2021-11-18 12:15:25 - [TEST_STEP][PASSED] - closeBrowser(): Invoke 'com.kms.katalon.core.annotation.AfterTestCase' method: 'Listener.sampleAfterTestSuite(...)' completed.

2021-11-18 12:15:25 - [MESSAGE][INFO] - Closing browser

2021-11-18 12:15:26 - [MESSAGE][PASSED] - Browser is closed

2021-11-18 12:15:26 - [MESSAGE][INFO] - Invoke 'com.kms.katalon.core.annotation.AfterTestCase' method: 'Listener.sampleAfterTestSuite(...)' completed.]]></system-out>
         <system-err><![CDATA[]]></system-err>
      </testcase>
      <testcase name="Test Cases/Case Repository/Regresyon/e-Arsiv/VKN-Kagit-Iade" time="104.023" classname="Test Cases/Case Repository/Regresyon/e-Arsiv/VKN-Kagit-Iade" status="PASSED">
         <system-out><![CDATA[2021-11-18 12:15:26 - [TEST_CASE][PASSED] - Test Cases/Case Repository/Regresyon/e-Arsiv/VKN-Kagit-Iade: Test Cases/Case Repository/Regresyon/e-Arsiv/VKN-Kagit-Iade

2021-11-18 12:15:26 - [TEST_STEP][PASSED] - Start listener action : sampleBeforeTestSuite: Invoke 'com.kms.katalon.core.annotation.BeforeTestCase' method: 'Listener.sampleBeforeTestSuite(...)' completed.

2021-11-18 12:15:26 - [MESSAGE][INFO] - Starting invoke 'com.kms.katalon.core.annotation.BeforeTestCase' method: 'Listener.sampleBeforeTestSuite(...)'

2021-11-18 12:15:26 - [TEST_STEP][PASSED] - openBrowser(baseUrl): Browser is opened with url: 'https://efatura-stage.elogo.com.tr/'

2021-11-18 12:15:26 - [MESSAGE][INFO] - Opening browser

2021-11-18 12:15:26 - [MESSAGE][INFO] - Starting 'Chrome' driver

2021-11-18 12:15:26 - [MESSAGE][INFO] - User set preference: ['prefs', '{download.default_directory=C:\otomasyondownfiles}']

2021-11-18 12:15:26 - [MESSAGE][INFO] - Action delay is set to 0 milliseconds

2021-11-18 12:15:27 - [MESSAGE][INFO] - Navigating browser to: 'https://efatura-stage.elogo.com.tr/'

2021-11-18 12:15:29 - [MESSAGE][PASSED] - Browser is opened with url: 'https://efatura-stage.elogo.com.tr/'

2021-11-18 12:15:29 - [TEST_STEP][PASSED] - maximizeWindow(): Invoke 'com.kms.katalon.core.annotation.BeforeTestCase' method: 'Listener.sampleBeforeTestSuite(...)' completed.

2021-11-18 12:15:29 - [MESSAGE][INFO] - Maximizing current window

2021-11-18 12:15:29 - [MESSAGE][PASSED] - Current window maximized

2021-11-18 12:15:29 - [MESSAGE][INFO] - Invoke 'com.kms.katalon.core.annotation.BeforeTestCase' method: 'Listener.sampleBeforeTestSuite(...)' completed.

2021-11-18 12:15:30 - [TEST_STEP][PASSED] - runFeatureFile("Include/features/Regresyon/e-Arsiv/VKN-Kagit-Iade.feature"): Feature file: 'Include/features/Regresyon/e-Arsiv/VKN-Kagit-Iade.feature' was passed

2021-11-18 12:15:30 - [MESSAGE][INFO] - Starting run keyword runFeatureFile: 'Include/features/Regresyon/e-Arsiv/VKN-Kagit-Iade.feature' and extract report to folder: 'C:\Users\DELL\Documents\GitHub\EES_KatalonLogo\Reports\20211118_114904\Suite Repository\Regresyon-eArsiv-eMakbuz\20211118_114904/cucumber_report/1637226930193'...

2021-11-18 12:15:30 - [MESSAGE][INFO] - Glue: []

2021-11-18 12:15:31 - [MESSAGE][INFO] - Checking called Test Case

2021-11-18 12:15:31 - [MESSAGE][INFO] - Starting to call Test Case 'Test Cases/Sayfalar/Giris_Sayfasi/Login'

2021-11-18 12:15:31 - [TEST_CASE][PASSED] - Test Cases/Sayfalar/Giris_Sayfasi/Login: Test Cases/Sayfalar/Giris_Sayfasi/Login

2021-11-18 12:15:31 - [TEST_STEP][PASSED] - Sayfa_Basligi = getWindowTitle(): Current window's title is: 'LOGO e-Fatura'

2021-11-18 12:15:31 - [MESSAGE][INFO] - Getting current window's title

2021-11-18 12:15:31 - [MESSAGE][PASSED] - Current window's title is: 'LOGO e-Fatura'

2021-11-18 12:15:31 - [TEST_STEP][PASSED] - verifyMatch(Sayfa_Basligi, "LOGO e-Fatura", false): Actual text 'LOGO e-Fatura' and expected text 'LOGO e-Fatura' are matched 

2021-11-18 12:15:31 - [MESSAGE][INFO] - Matching actual text 'LOGO e-Fatura' with expected text 'LOGO e-Fatura'

2021-11-18 12:15:31 - [MESSAGE][PASSED] - Actual text 'LOGO e-Fatura' and expected text 'LOGO e-Fatura' are matched 

2021-11-18 12:15:31 - [TEST_STEP][PASSED] - sendKeys(findTestObject("Sayfalar/Giris_Sayfasi/Firma_Kodu"), KullaniciAdi): Keys 'EARIADE' sent to object: 'Object Repository/Sayfalar/Giris_Sayfasi/Firma_Kodu'

2021-11-18 12:15:31 - [MESSAGE][INFO] - Finding Test Object 'Object Repository/Sayfalar/Giris_Sayfasi/Firma_Kodu'

2021-11-18 12:15:31 - [MESSAGE][INFO] - Sending keys 'EARIADE' to object: 'Object Repository/Sayfalar/Giris_Sayfasi/Firma_Kodu'

2021-11-18 12:15:31 - [MESSAGE][INFO] - Finding web element from Test Object's properties

2021-11-18 12:15:31 - [MESSAGE][INFO] - Checking timeout

2021-11-18 12:15:31 - [MESSAGE][INFO] - Finding web element with id: 'Object Repository/Sayfalar/Giris_Sayfasi/Firma_Kodu' located by 'By.xpath: //*[@id = 'AccountName']' in '30' second(s)

2021-11-18 12:15:31 - [MESSAGE][INFO] - Smart Wait Function is triggered

2021-11-18 12:15:31 - [MESSAGE][INFO] - Found 1 web elements with id: 'Object Repository/Sayfalar/Giris_Sayfasi/Firma_Kodu' located by 'By.xpath: //*[@id = 'AccountName']' in '30' second(s)

2021-11-18 12:15:31 - [MESSAGE][PASSED] - Keys 'EARIADE' sent to object: 'Object Repository/Sayfalar/Giris_Sayfasi/Firma_Kodu'

2021-11-18 12:15:31 - [TEST_STEP][PASSED] - sendKeys(findTestObject("Sayfalar/Giris_Sayfasi/Sifre"), Sifre): Keys 'test1234' sent to object: 'Object Repository/Sayfalar/Giris_Sayfasi/Sifre'

2021-11-18 12:15:31 - [MESSAGE][INFO] - Finding Test Object 'Object Repository/Sayfalar/Giris_Sayfasi/Sifre'

2021-11-18 12:15:32 - [MESSAGE][INFO] - Sending keys 'test1234' to object: 'Object Repository/Sayfalar/Giris_Sayfasi/Sifre'

2021-11-18 12:15:32 - [MESSAGE][INFO] - Finding web element from Test Object's properties

2021-11-18 12:15:32 - [MESSAGE][INFO] - Checking timeout

2021-11-18 12:15:32 - [MESSAGE][INFO] - Finding web element with id: 'Object Repository/Sayfalar/Giris_Sayfasi/Sifre' located by 'By.xpath: //*[@id = 'Password']' in '30' second(s)

2021-11-18 12:15:32 - [MESSAGE][INFO] - Smart Wait Function is triggered

2021-11-18 12:15:32 - [MESSAGE][INFO] - Found 1 web elements with id: 'Object Repository/Sayfalar/Giris_Sayfasi/Sifre' located by 'By.xpath: //*[@id = 'Password']' in '30' second(s)

2021-11-18 12:15:32 - [MESSAGE][PASSED] - Keys 'test1234' sent to object: 'Object Repository/Sayfalar/Giris_Sayfasi/Sifre'

2021-11-18 12:15:32 - [TEST_STEP][PASSED] - findWebElement(findTestObject("Sayfalar/Giris_Sayfasi/Giris_Butonu")).click(): Found 1 web elements with id: 'Object Repository/Sayfalar/Giris_Sayfasi/Giris_Butonu' located by 'By.cssSelector: #btnLogin' in '30' second(s)

2021-11-18 12:15:32 - [MESSAGE][INFO] - Finding Test Object 'Object Repository/Sayfalar/Giris_Sayfasi/Giris_Butonu'

2021-11-18 12:15:32 - [MESSAGE][INFO] - Finding web element from Test Object's properties

2021-11-18 12:15:32 - [MESSAGE][INFO] - Checking timeout

2021-11-18 12:15:32 - [MESSAGE][INFO] - Finding web element with id: 'Object Repository/Sayfalar/Giris_Sayfasi/Giris_Butonu' located by 'By.cssSelector: #btnLogin' in '30' second(s)

2021-11-18 12:15:32 - [MESSAGE][INFO] - Smart Wait Function is triggered

2021-11-18 12:15:32 - [MESSAGE][INFO] - Found 1 web elements with id: 'Object Repository/Sayfalar/Giris_Sayfasi/Giris_Butonu' located by 'By.cssSelector: #btnLogin' in '30' second(s)

2021-11-18 12:15:34 - [TEST_STEP][PASSED] - if (verifyElementPresent(findTestObject("Object Repository/Sayfalar/Giris_Sayfasi/RetveTamam_Butonu"), 5, OPTIONAL)): null

2021-11-18 12:15:34 - [MESSAGE][INFO] - Finding Test Object 'Object Repository/Sayfalar/Giris_Sayfasi/RetveTamam_Butonu'

2021-11-18 12:15:34 - [MESSAGE][INFO] - Checking object

2021-11-18 12:15:34 - [MESSAGE][INFO] - Finding web element from Test Object's properties

2021-11-18 12:15:34 - [MESSAGE][INFO] - Checking timeout

2021-11-18 12:15:34 - [MESSAGE][INFO] - Finding web element with id: 'Object Repository/Sayfalar/Giris_Sayfasi/RetveTamam_Butonu' located by 'By.xpath: //*[@class = 'btn btn-default']' in '5' second(s)

2021-11-18 12:15:34 - [MESSAGE][INFO] - Smart Wait Function is triggered

2021-11-18 12:15:34 - [MESSAGE][INFO] - Found 1 web elements with id: 'Object Repository/Sayfalar/Giris_Sayfasi/RetveTamam_Butonu' located by 'By.xpath: //*[@class = 'btn btn-default']' in '5' second(s)

2021-11-18 12:15:34 - [MESSAGE][PASSED] - Object 'Object Repository/Sayfalar/Giris_Sayfasi/RetveTamam_Butonu' is present

2021-11-18 12:15:34 - [TEST_STEP][PASSED] - click(findTestObject("Object Repository/Sayfalar/Giris_Sayfasi/RetveTamam_Butonu")): Object: 'Object Repository/Sayfalar/Giris_Sayfasi/RetveTamam_Butonu' is clicked on

2021-11-18 12:15:34 - [MESSAGE][INFO] - Finding Test Object 'Object Repository/Sayfalar/Giris_Sayfasi/RetveTamam_Butonu'

2021-11-18 12:15:34 - [MESSAGE][INFO] - Checking object

2021-11-18 12:15:34 - [MESSAGE][INFO] - Finding web element from Test Object's properties

2021-11-18 12:15:34 - [MESSAGE][INFO] - Checking timeout

2021-11-18 12:15:34 - [MESSAGE][INFO] - Finding web element with id: 'Object Repository/Sayfalar/Giris_Sayfasi/RetveTamam_Butonu' located by 'By.xpath: //*[@class = 'btn btn-default']' in '30' second(s)

2021-11-18 12:15:34 - [MESSAGE][INFO] - Smart Wait Function is triggered

2021-11-18 12:15:34 - [MESSAGE][INFO] - Found 1 web elements with id: 'Object Repository/Sayfalar/Giris_Sayfasi/RetveTamam_Butonu' located by 'By.xpath: //*[@class = 'btn btn-default']' in '30' second(s)

2021-11-18 12:15:34 - [MESSAGE][INFO] - Clicking on object: 'Object Repository/Sayfalar/Giris_Sayfasi/RetveTamam_Butonu'

2021-11-18 12:15:34 - [MESSAGE][PASSED] - Object: 'Object Repository/Sayfalar/Giris_Sayfasi/RetveTamam_Butonu' is clicked on

2021-11-18 12:15:34 - [TEST_STEP][PASSED] - click(findTestObject("Object Repository/Sayfalar/Giris_Sayfasi/RetveTamam_Butonu")): Object: 'Object Repository/Sayfalar/Giris_Sayfasi/RetveTamam_Butonu' is clicked on

2021-11-18 12:15:34 - [MESSAGE][INFO] - Finding Test Object 'Object Repository/Sayfalar/Giris_Sayfasi/RetveTamam_Butonu'

2021-11-18 12:15:34 - [MESSAGE][INFO] - Checking object

2021-11-18 12:15:34 - [MESSAGE][INFO] - Finding web element from Test Object's properties

2021-11-18 12:15:34 - [MESSAGE][INFO] - Checking timeout

2021-11-18 12:15:34 - [MESSAGE][INFO] - Finding web element with id: 'Object Repository/Sayfalar/Giris_Sayfasi/RetveTamam_Butonu' located by 'By.xpath: //*[@class = 'btn btn-default']' in '30' second(s)

2021-11-18 12:15:34 - [MESSAGE][INFO] - Smart Wait Function is triggered

2021-11-18 12:15:39 - [MESSAGE][INFO] - Found 1 web elements with id: 'Object Repository/Sayfalar/Giris_Sayfasi/RetveTamam_Butonu' located by 'By.xpath: //*[@class = 'btn btn-default']' in '30' second(s)

2021-11-18 12:15:39 - [MESSAGE][INFO] - Clicking on object: 'Object Repository/Sayfalar/Giris_Sayfasi/RetveTamam_Butonu'

2021-11-18 12:15:39 - [MESSAGE][PASSED] - Object: 'Object Repository/Sayfalar/Giris_Sayfasi/RetveTamam_Butonu' is clicked on

2021-11-18 12:15:39 - [TEST_STEP][PASSED] - if (verifyElementPresent(findTestObject("Sayfalar/Giris_Sayfasi/PopupOK"), 5, OPTIONAL)): com.kms.katalon.core.webui.exception.WebElementNotFoundException: Web element with id: 'Object Repository/Sayfalar/Giris_Sayfasi/PopupOK' located by '.btn.btn-success' not found (Root cause: com.kms.katalon.core.exception.StepFailedException: com.kms.katalon.core.webui.exception.WebElementNotFoundException: Web element with id: 'Object Repository/Sayfalar/Giris_Sayfasi/PopupOK' located by '.btn.btn-success' not found
	at com.kms.katalon.core.webui.keyword.internal.WebUIKeywordMain.stepFailed(WebUIKeywordMain.groovy:64)
	at com.kms.katalon.core.webui.keyword.builtin.VerifyElementPresentKeyword$_verifyElementPresent_closure1.doCall(VerifyElementPresentKeyword.groovy:85)
	at com.kms.katalon.core.webui.keyword.builtin.VerifyElementPresentKeyword$_verifyElementPresent_closure1.call(VerifyElementPresentKeyword.groovy)
	at com.kms.katalon.core.webui.keyword.internal.WebUIKeywordMain.runKeyword(WebUIKeywordMain.groovy:20)
	at com.kms.katalon.core.webui.keyword.builtin.VerifyElementPresentKeyword.verifyElementPresent(VerifyElementPresentKeyword.groovy:92)
	at com.kms.katalon.core.webui.keyword.builtin.VerifyElementPresentKeyword.execute(VerifyElementPresentKeyword.groovy:68)
	at com.kms.katalon.core.keyword.internal.KeywordExecutor.executeKeywordForPlatform(KeywordExecutor.groovy:73)
	at com.kms.katalon.core.webui.keyword.WebUiBuiltInKeywords.verifyElementPresent(WebUiBuiltInKeywords.groovy:1448)
	at com.kms.katalon.core.webui.keyword.WebUiBuiltInKeywords$verifyElementPresent$4.call(Unknown Source)
	at Login.run(Login:40)
	at com.kms.katalon.core.main.ScriptEngine.run(ScriptEngine.java:194)
	at com.kms.katalon.core.main.ScriptEngine.runScriptAsRawText(ScriptEngine.java:119)
	at com.kms.katalon.core.main.TestCaseExecutor.runScript(TestCaseExecutor.java:369)
	at com.kms.katalon.core.main.TestCaseExecutor.doExecute(TestCaseExecutor.java:360)
	at com.kms.katalon.core.main.TestCaseExecutor.processExecutionPhase(TestCaseExecutor.java:339)
	at com.kms.katalon.core.main.TestCaseExecutor.accessMainPhase(TestCaseExecutor.java:331)
	at com.kms.katalon.core.main.TestCaseExecutor.execute(TestCaseExecutor.java:248)
	at com.kms.katalon.core.main.TestCaseMain.runTestCase(TestCaseMain.java:138)
	at com.kms.katalon.core.keyword.builtin.CallTestCaseKeyword$_callTestCase_closure1.doCall(CallTestCaseKeyword.groovy:59)
	at com.kms.katalon.core.keyword.builtin.CallTestCaseKeyword$_callTestCase_closure1.call(CallTestCaseKeyword.groovy)
	at com.kms.katalon.core.keyword.internal.KeywordMain.runKeyword(KeywordMain.groovy:68)
	at com.kms.katalon.core.keyword.builtin.CallTestCaseKeyword.callTestCase(CallTestCaseKeyword.groovy:81)
	at com.kms.katalon.core.keyword.builtin.CallTestCaseKeyword.execute(CallTestCaseKeyword.groovy:44)
	at com.kms.katalon.core.keyword.internal.KeywordExecutor.executeKeywordForPlatform(KeywordExecutor.groovy:73)
	at com.kms.katalon.core.keyword.BuiltinKeywords.callTestCase(BuiltinKeywords.groovy:334)
	at sayfalar.girisSayfasi.login(girisSayfasi.groovy:50)
	at cucumber.runtime.Utils$1.call(Utils.java:26)
	at cucumber.runtime.Timeout.timeout(Timeout.java:16)
	at cucumber.runtime.Utils.invoke(Utils.java:20)
	at cucumber.runtime.java.JavaStepDefinition.execute(JavaStepDefinition.java:49)
	at cucumber.runner.PickleStepDefinitionMatch.runStep(PickleStepDefinitionMatch.java:50)
	at cucumber.runner.TestStep.executeStep(TestStep.java:63)
	at cucumber.runner.TestStep.run(TestStep.java:49)
	at cucumber.runner.PickleStepTestStep.run(PickleStepTestStep.java:43)
	at cucumber.runner.TestCase.run(TestCase.java:44)
	at cucumber.runner.Runner.runPickle(Runner.java:40)
	at cucumber.runtime.Runtime$1.run(Runtime.java:84)
	at cucumber.runtime.Runtime$SameThreadExecutorService.execute(Runtime.java:220)
	at cucumber.runtime.Runtime.run(Runtime.java:81)
	at cucumber.api.cli.Main.run(Main.java:26)
	at cucumber.api.cli.Main$run.call(Unknown Source)
	at com.kms.katalon.core.cucumber.keyword.CucumberBuiltinKeywords$_runFeatureFile_closure1.doCall(CucumberBuiltinKeywords.groovy:106)
	at com.kms.katalon.core.cucumber.keyword.CucumberBuiltinKeywords$_runFeatureFile_closure1.doCall(CucumberBuiltinKeywords.groovy)
	at com.kms.katalon.core.keyword.internal.KeywordMain.runKeyword(KeywordMain.groovy:68)
	at com.kms.katalon.core.keyword.internal.KeywordMain$runKeyword.call(Unknown Source)
	at com.kms.katalon.core.cucumber.keyword.CucumberBuiltinKeywords.runFeatureFile(CucumberBuiltinKeywords.groovy:73)
	at com.kms.katalon.core.cucumber.keyword.CucumberBuiltinKeywords$runFeatureFile$0.callStatic(Unknown Source)
	at com.kms.katalon.core.cucumber.keyword.CucumberBuiltinKeywords.runFeatureFile(CucumberBuiltinKeywords.groovy:246)
	at com.kms.katalon.core.cucumber.keyword.CucumberBuiltinKeywords$runFeatureFile.call(Unknown Source)
	at VKN-Kagit-Iade.run(VKN-Kagit-Iade:19)
	at com.kms.katalon.core.main.ScriptEngine.run(ScriptEngine.java:194)
	at com.kms.katalon.core.main.ScriptEngine.runScriptAsRawText(ScriptEngine.java:119)
	at com.kms.katalon.core.main.TestCaseExecutor.runScript(TestCaseExecutor.java:369)
	at com.kms.katalon.core.main.TestCaseExecutor.doExecute(TestCaseExecutor.java:360)
	at com.kms.katalon.core.main.TestCaseExecutor.processExecutionPhase(TestCaseExecutor.java:339)
	at com.kms.katalon.core.main.TestCaseExecutor.accessMainPhase(TestCaseExecutor.java:331)
	at com.kms.katalon.core.main.TestCaseExecutor.execute(TestCaseExecutor.java:248)
	at com.kms.katalon.core.main.TestSuiteExecutor.accessTestCaseMainPhase(TestSuiteExecutor.java:191)
	at com.kms.katalon.core.main.TestSuiteExecutor.accessTestSuiteMainPhase(TestSuiteExecutor.java:140)
	at com.kms.katalon.core.main.TestSuiteExecutor.execute(TestSuiteExecutor.java:89)
	at com.kms.katalon.core.main.TestCaseMain.startTestSuite(TestCaseMain.java:181)
	at com.kms.katalon.core.main.TestCaseMain$startTestSuite$0.call(Unknown Source)
	at TempTestSuite1637225344330.run(TempTestSuite1637225344330.groovy:39)
)

2021-11-18 12:15:39 - [MESSAGE][INFO] - Finding Test Object 'Object Repository/Sayfalar/Giris_Sayfasi/PopupOK'

2021-11-18 12:15:39 - [MESSAGE][INFO] - Checking object

2021-11-18 12:15:39 - [MESSAGE][INFO] - Finding web element from Test Object's properties

2021-11-18 12:15:39 - [MESSAGE][INFO] - Checking timeout

2021-11-18 12:15:39 - [MESSAGE][INFO] - Finding web element with id: 'Object Repository/Sayfalar/Giris_Sayfasi/PopupOK' located by 'By.cssSelector: .btn.btn-success' in '5' second(s)

2021-11-18 12:15:39 - [MESSAGE][INFO] - Smart Wait Function is triggered

2021-11-18 12:15:39 - [MESSAGE][INFO] - Smart Wait Function is triggered

2021-11-18 12:15:40 - [MESSAGE][INFO] - Smart Wait Function is triggered

2021-11-18 12:15:40 - [MESSAGE][INFO] - Smart Wait Function is triggered

2021-11-18 12:15:40 - [MESSAGE][INFO] - Smart Wait Function is triggered

2021-11-18 12:15:41 - [MESSAGE][INFO] - Smart Wait Function is triggered

2021-11-18 12:15:41 - [MESSAGE][INFO] - Smart Wait Function is triggered

2021-11-18 12:15:41 - [MESSAGE][INFO] - Smart Wait Function is triggered

2021-11-18 12:15:41 - [MESSAGE][INFO] - Smart Wait Function is triggered

2021-11-18 12:15:42 - [MESSAGE][INFO] - Smart Wait Function is triggered

2021-11-18 12:15:42 - [MESSAGE][INFO] - Smart Wait Function is triggered

2021-11-18 12:15:42 - [MESSAGE][INFO] - Smart Wait Function is triggered

2021-11-18 12:15:42 - [MESSAGE][INFO] - Smart Wait Function is triggered

2021-11-18 12:15:43 - [MESSAGE][INFO] - Smart Wait Function is triggered

2021-11-18 12:15:43 - [MESSAGE][INFO] - Smart Wait Function is triggered

2021-11-18 12:15:43 - [MESSAGE][INFO] - Smart Wait Function is triggered

2021-11-18 12:15:43 - [MESSAGE][INFO] - Smart Wait Function is triggered

2021-11-18 12:15:44 - [MESSAGE][INFO] - Smart Wait Function is triggered

2021-11-18 12:15:44 - [MESSAGE][INFO] - Smart Wait Function is triggered

2021-11-18 12:15:44 - [MESSAGE][INFO] - Smart Wait Function is triggered

2021-11-18 12:15:44 - [MESSAGE][INFO] - Smart Wait Function is triggered

2021-11-18 12:15:45 - [MESSAGE][INFO] - Unable to find the element located by 'By.cssSelector: .btn.btn-success'. Please recheck the objects properties to make sure the desired element is located. 

2021-11-18 12:15:45 - [MESSAGE][WARNING] - com.kms.katalon.core.webui.exception.WebElementNotFoundException: Web element with id: 'Object Repository/Sayfalar/Giris_Sayfasi/PopupOK' located by '.btn.btn-success' not found (Root cause: com.kms.katalon.core.exception.StepFailedException: com.kms.katalon.core.webui.exception.WebElementNotFoundException: Web element with id: 'Object Repository/Sayfalar/Giris_Sayfasi/PopupOK' located by '.btn.btn-success' not found
	at com.kms.katalon.core.webui.keyword.internal.WebUIKeywordMain.stepFailed(WebUIKeywordMain.groovy:64)
	at com.kms.katalon.core.webui.keyword.builtin.VerifyElementPresentKeyword$_verifyElementPresent_closure1.doCall(VerifyElementPresentKeyword.groovy:85)
	at com.kms.katalon.core.webui.keyword.builtin.VerifyElementPresentKeyword$_verifyElementPresent_closure1.call(VerifyElementPresentKeyword.groovy)
	at com.kms.katalon.core.webui.keyword.internal.WebUIKeywordMain.runKeyword(WebUIKeywordMain.groovy:20)
	at com.kms.katalon.core.webui.keyword.builtin.VerifyElementPresentKeyword.verifyElementPresent(VerifyElementPresentKeyword.groovy:92)
	at com.kms.katalon.core.webui.keyword.builtin.VerifyElementPresentKeyword.execute(VerifyElementPresentKeyword.groovy:68)
	at com.kms.katalon.core.keyword.internal.KeywordExecutor.executeKeywordForPlatform(KeywordExecutor.groovy:73)
	at com.kms.katalon.core.webui.keyword.WebUiBuiltInKeywords.verifyElementPresent(WebUiBuiltInKeywords.groovy:1448)
	at com.kms.katalon.core.webui.keyword.WebUiBuiltInKeywords$verifyElementPresent$4.call(Unknown Source)
	at Login.run(Login:40)
	at com.kms.katalon.core.main.ScriptEngine.run(ScriptEngine.java:194)
	at com.kms.katalon.core.main.ScriptEngine.runScriptAsRawText(ScriptEngine.java:119)
	at com.kms.katalon.core.main.TestCaseExecutor.runScript(TestCaseExecutor.java:369)
	at com.kms.katalon.core.main.TestCaseExecutor.doExecute(TestCaseExecutor.java:360)
	at com.kms.katalon.core.main.TestCaseExecutor.processExecutionPhase(TestCaseExecutor.java:339)
	at com.kms.katalon.core.main.TestCaseExecutor.accessMainPhase(TestCaseExecutor.java:331)
	at com.kms.katalon.core.main.TestCaseExecutor.execute(TestCaseExecutor.java:248)
	at com.kms.katalon.core.main.TestCaseMain.runTestCase(TestCaseMain.java:138)
	at com.kms.katalon.core.keyword.builtin.CallTestCaseKeyword$_callTestCase_closure1.doCall(CallTestCaseKeyword.groovy:59)
	at com.kms.katalon.core.keyword.builtin.CallTestCaseKeyword$_callTestCase_closure1.call(CallTestCaseKeyword.groovy)
	at com.kms.katalon.core.keyword.internal.KeywordMain.runKeyword(KeywordMain.groovy:68)
	at com.kms.katalon.core.keyword.builtin.CallTestCaseKeyword.callTestCase(CallTestCaseKeyword.groovy:81)
	at com.kms.katalon.core.keyword.builtin.CallTestCaseKeyword.execute(CallTestCaseKeyword.groovy:44)
	at com.kms.katalon.core.keyword.internal.KeywordExecutor.executeKeywordForPlatform(KeywordExecutor.groovy:73)
	at com.kms.katalon.core.keyword.BuiltinKeywords.callTestCase(BuiltinKeywords.groovy:334)
	at sayfalar.girisSayfasi.login(girisSayfasi.groovy:50)
	at cucumber.runtime.Utils$1.call(Utils.java:26)
	at cucumber.runtime.Timeout.timeout(Timeout.java:16)
	at cucumber.runtime.Utils.invoke(Utils.java:20)
	at cucumber.runtime.java.JavaStepDefinition.execute(JavaStepDefinition.java:49)
	at cucumber.runner.PickleStepDefinitionMatch.runStep(PickleStepDefinitionMatch.java:50)
	at cucumber.runner.TestStep.executeStep(TestStep.java:63)
	at cucumber.runner.TestStep.run(TestStep.java:49)
	at cucumber.runner.PickleStepTestStep.run(PickleStepTestStep.java:43)
	at cucumber.runner.TestCase.run(TestCase.java:44)
	at cucumber.runner.Runner.runPickle(Runner.java:40)
	at cucumber.runtime.Runtime$1.run(Runtime.java:84)
	at cucumber.runtime.Runtime$SameThreadExecutorService.execute(Runtime.java:220)
	at cucumber.runtime.Runtime.run(Runtime.java:81)
	at cucumber.api.cli.Main.run(Main.java:26)
	at cucumber.api.cli.Main$run.call(Unknown Source)
	at com.kms.katalon.core.cucumber.keyword.CucumberBuiltinKeywords$_runFeatureFile_closure1.doCall(CucumberBuiltinKeywords.groovy:106)
	at com.kms.katalon.core.cucumber.keyword.CucumberBuiltinKeywords$_runFeatureFile_closure1.doCall(CucumberBuiltinKeywords.groovy)
	at com.kms.katalon.core.keyword.internal.KeywordMain.runKeyword(KeywordMain.groovy:68)
	at com.kms.katalon.core.keyword.internal.KeywordMain$runKeyword.call(Unknown Source)
	at com.kms.katalon.core.cucumber.keyword.CucumberBuiltinKeywords.runFeatureFile(CucumberBuiltinKeywords.groovy:73)
	at com.kms.katalon.core.cucumber.keyword.CucumberBuiltinKeywords$runFeatureFile$0.callStatic(Unknown Source)
	at com.kms.katalon.core.cucumber.keyword.CucumberBuiltinKeywords.runFeatureFile(CucumberBuiltinKeywords.groovy:246)
	at com.kms.katalon.core.cucumber.keyword.CucumberBuiltinKeywords$runFeatureFile.call(Unknown Source)
	at VKN-Kagit-Iade.run(VKN-Kagit-Iade:19)
	at com.kms.katalon.core.main.ScriptEngine.run(ScriptEngine.java:194)
	at com.kms.katalon.core.main.ScriptEngine.runScriptAsRawText(ScriptEngine.java:119)
	at com.kms.katalon.core.main.TestCaseExecutor.runScript(TestCaseExecutor.java:369)
	at com.kms.katalon.core.main.TestCaseExecutor.doExecute(TestCaseExecutor.java:360)
	at com.kms.katalon.core.main.TestCaseExecutor.processExecutionPhase(TestCaseExecutor.java:339)
	at com.kms.katalon.core.main.TestCaseExecutor.accessMainPhase(TestCaseExecutor.java:331)
	at com.kms.katalon.core.main.TestCaseExecutor.execute(TestCaseExecutor.java:248)
	at com.kms.katalon.core.main.TestSuiteExecutor.accessTestCaseMainPhase(TestSuiteExecutor.java:191)
	at com.kms.katalon.core.main.TestSuiteExecutor.accessTestSuiteMainPhase(TestSuiteExecutor.java:140)
	at com.kms.katalon.core.main.TestSuiteExecutor.execute(TestSuiteExecutor.java:89)
	at com.kms.katalon.core.main.TestCaseMain.startTestSuite(TestCaseMain.java:181)
	at com.kms.katalon.core.main.TestCaseMain$startTestSuite$0.call(Unknown Source)
	at TempTestSuite1637225344330.run(TempTestSuite1637225344330.groovy:39)
)

2021-11-18 12:15:45 - [TEST_STEP][PASSED] - verifyElementVisible(findTestObject("Object Repository/Kullanici_Islemleri/KullaniciIslemleri")): Object 'Object Repository/Kullanici_Islemleri/KullaniciIslemleri' is visible

2021-11-18 12:15:45 - [MESSAGE][INFO] - Finding Test Object 'Object Repository/Kullanici_Islemleri/KullaniciIslemleri'

2021-11-18 12:15:45 - [MESSAGE][INFO] - Checking object

2021-11-18 12:15:45 - [MESSAGE][INFO] - Finding web element from Test Object's properties

2021-11-18 12:15:45 - [MESSAGE][INFO] - Checking timeout

2021-11-18 12:15:45 - [MESSAGE][INFO] - Finding web element with id: 'Object Repository/Kullanici_Islemleri/KullaniciIslemleri' located by 'By.cssSelector: .dropdown>a>img' in '30' second(s)

2021-11-18 12:15:45 - [MESSAGE][INFO] - Smart Wait Function is triggered

2021-11-18 12:15:45 - [MESSAGE][INFO] - Found 1 web elements with id: 'Object Repository/Kullanici_Islemleri/KullaniciIslemleri' located by 'By.cssSelector: .dropdown>a>img' in '30' second(s)

2021-11-18 12:15:45 - [MESSAGE][PASSED] - Object 'Object Repository/Kullanici_Islemleri/KullaniciIslemleri' is visible

2021-11-18 12:15:45 - [MESSAGE][PASSED] - Call Test Case 'Test Cases/Sayfalar/Giris_Sayfasi/Login' successfully

2021-11-18 12:15:45 - [MESSAGE][INFO] - Checking called Test Case

2021-11-18 12:15:45 - [MESSAGE][INFO] - Starting to call Test Case 'Test Cases/Menu/AnaMenuSecimi'

2021-11-18 12:15:45 - [TEST_CASE][PASSED] - Test Cases/Menu/AnaMenuSecimi: Test Cases/Menu/AnaMenuSecimi

2021-11-18 12:15:45 - [TEST_STEP][PASSED] - Method.TextDegerineEsitElementeTikla(findTestObject("Menu/Ana_Menu"), Ana_Menu): Method.TextDegerineEsitElementeTikla is PASSED

2021-11-18 12:15:45 - [MESSAGE][INFO] - Finding Test Object 'Object Repository/Menu/Ana_Menu'

2021-11-18 12:15:45 - [MESSAGE][INFO] - Checking timeout

2021-11-18 12:15:45 - [MESSAGE][INFO] - Finding web element with id: 'Object Repository/Menu/Ana_Menu' located by 'By.xpath: //*[@class = 'dropdown-toggle']' in '10' second(s)

2021-11-18 12:15:45 - [MESSAGE][INFO] - Smart Wait Function is triggered

2021-11-18 12:15:46 - [MESSAGE][INFO] - Found 13 web elements with id: 'Object Repository/Menu/Ana_Menu' located by 'By.xpath: //*[@class = 'dropdown-toggle']' in '10' second(s)

2021-11-18 12:15:46 - [MESSAGE][PASSED] - Method.TextDegerineEsitElementeTikla is PASSED

2021-11-18 12:15:46 - [MESSAGE][PASSED] - Call Test Case 'Test Cases/Menu/AnaMenuSecimi' successfully

2021-11-18 12:15:46 - [MESSAGE][INFO] - Checking called Test Case

2021-11-18 12:15:46 - [MESSAGE][INFO] - Starting to call Test Case 'Test Cases/Menu/BasligaGoreAltMenuSecimi'

2021-11-18 12:15:46 - [TEST_CASE][PASSED] - Test Cases/Menu/BasligaGoreAltMenuSecimi: Test Cases/Menu/BasligaGoreAltMenuSecimi

2021-11-18 12:15:46 - [TEST_STEP][PASSED] - Method.TextDegerineEsitElementinAltindakiTextDegerineEsitOlanaTikla(findTestObject("Menu/Menu_Basligi"), findTestObject("Menu/Basliga_Gore_Alt_Menu"), Baslik, Alt_Menu): Method.TextDegerineEsitElementinAltindakiTextDegerineEsitOlanaTikla is PASSED

2021-11-18 12:15:46 - [MESSAGE][INFO] - Finding Test Object 'Object Repository/Menu/Menu_Basligi'

2021-11-18 12:15:46 - [MESSAGE][INFO] - Finding Test Object 'Object Repository/Menu/Basliga_Gore_Alt_Menu'

2021-11-18 12:15:46 - [MESSAGE][INFO] - Checking timeout

2021-11-18 12:15:46 - [MESSAGE][INFO] - Finding web element with id: 'Object Repository/Menu/Menu_Basligi' located by 'By.xpath: //li[@class='dropdown dropdown-large open']//li[@class='dropdown-header']' in '10' second(s)

2021-11-18 12:15:46 - [MESSAGE][INFO] - Smart Wait Function is triggered

2021-11-18 12:15:46 - [MESSAGE][INFO] - Found 2 web elements with id: 'Object Repository/Menu/Menu_Basligi' located by 'By.xpath: //li[@class='dropdown dropdown-large open']//li[@class='dropdown-header']' in '10' second(s)

2021-11-18 12:15:46 - [MESSAGE][INFO] - Smart Wait Function is triggered

2021-11-18 12:15:48 - [MESSAGE][PASSED] - Method.TextDegerineEsitElementinAltindakiTextDegerineEsitOlanaTikla is PASSED

2021-11-18 12:15:48 - [MESSAGE][PASSED] - Call Test Case 'Test Cases/Menu/BasligaGoreAltMenuSecimi' successfully

2021-11-18 12:15:48 - [MESSAGE][INFO] - Checking called Test Case

2021-11-18 12:15:48 - [MESSAGE][INFO] - Starting to call Test Case 'Test Cases/Tablo/Olusturma Tarihi'

2021-11-18 12:15:48 - [TEST_CASE][PASSED] - Test Cases/Tablo/Olusturma Tarihi: Test Cases/Tablo/Olusturma Tarihi

2021-11-18 12:15:48 - [TEST_STEP][PASSED] - if (verifyTextNotPresent("Görüntülenecek veri yok", true, OPTIONAL)): null

2021-11-18 12:15:48 - [MESSAGE][INFO] - Checking text present  using regular expression

2021-11-18 12:15:48 - [MESSAGE][INFO] - Smart Wait Function is triggered

2021-11-18 12:15:49 - [MESSAGE][INFO] - Finding text 'Görüntülenecek veri yok' on page  using regular expression

2021-11-18 12:15:49 - [MESSAGE][PASSED] - Text 'Görüntülenecek veri yok' is not present on page using regular expression

2021-11-18 12:15:49 - [TEST_STEP][PASSED] - click(findTestObject("Temizle/Olusturma_Tarihi_CheckBox")): Object: 'Object Repository/Temizle/Olusturma_Tarihi_CheckBox' is clicked on

2021-11-18 12:15:49 - [MESSAGE][INFO] - Finding Test Object 'Object Repository/Temizle/Olusturma_Tarihi_CheckBox'

2021-11-18 12:15:49 - [MESSAGE][INFO] - Checking object

2021-11-18 12:15:49 - [MESSAGE][INFO] - Finding web element from Test Object's properties

2021-11-18 12:15:49 - [MESSAGE][INFO] - Checking timeout

2021-11-18 12:15:49 - [MESSAGE][INFO] - Finding web element with id: 'Object Repository/Temizle/Olusturma_Tarihi_CheckBox' located by 'By.xpath: //*[@title = 'Bu sayfadaki tüm satırları Seç']' in '30' second(s)

2021-11-18 12:15:49 - [MESSAGE][INFO] - Smart Wait Function is triggered

2021-11-18 12:15:49 - [MESSAGE][INFO] - Found 1 web elements with id: 'Object Repository/Temizle/Olusturma_Tarihi_CheckBox' located by 'By.xpath: //*[@title = 'Bu sayfadaki tüm satırları Seç']' in '30' second(s)

2021-11-18 12:15:49 - [MESSAGE][INFO] - Clicking on object: 'Object Repository/Temizle/Olusturma_Tarihi_CheckBox'

2021-11-18 12:15:49 - [MESSAGE][PASSED] - Object: 'Object Repository/Temizle/Olusturma_Tarihi_CheckBox' is clicked on

2021-11-18 12:15:49 - [TEST_STEP][PASSED] - Method.TextDegerineEsitElementeTiklaEquals(findTestObject("Butonlar/Butonlar"), "Sil"): Method.TextDegerineEsitElementeTiklaEquals is PASSED

2021-11-18 12:15:49 - [MESSAGE][INFO] - Finding Test Object 'Object Repository/Butonlar/Butonlar'

2021-11-18 12:15:49 - [MESSAGE][INFO] - Checking timeout

2021-11-18 12:15:49 - [MESSAGE][INFO] - Finding web element with id: 'Object Repository/Butonlar/Butonlar' located by 'By.cssSelector: .panel.panel-default.text-center.footerPanel .btn,.btn.btn-primary.btnControls' in '10' second(s)

2021-11-18 12:15:49 - [MESSAGE][INFO] - Smart Wait Function is triggered

2021-11-18 12:15:49 - [MESSAGE][INFO] - Found 9 web elements with id: 'Object Repository/Butonlar/Butonlar' located by 'By.cssSelector: .panel.panel-default.text-center.footerPanel .btn,.btn.btn-primary.btnControls' in '10' second(s)

2021-11-18 12:15:49 - [MESSAGE][PASSED] - Method.TextDegerineEsitElementeTiklaEquals is PASSED

2021-11-18 12:15:49 - [TEST_STEP][PASSED] - Method.TextDegerineEsitElementeTikla(findTestObject("Popup/Popup_Butons"), "Evet"): Method.TextDegerineEsitElementeTikla is PASSED

2021-11-18 12:15:49 - [MESSAGE][INFO] - Finding Test Object 'Object Repository/Popup/Popup_Butons'

2021-11-18 12:15:50 - [MESSAGE][INFO] - Checking timeout

2021-11-18 12:15:50 - [MESSAGE][INFO] - Finding web element with id: 'Object Repository/Popup/Popup_Butons' located by 'By.cssSelector: .modal-footer>button' in '10' second(s)

2021-11-18 12:15:50 - [MESSAGE][INFO] - Smart Wait Function is triggered

2021-11-18 12:15:50 - [MESSAGE][INFO] - Found 2 web elements with id: 'Object Repository/Popup/Popup_Butons' located by 'By.cssSelector: .modal-footer>button' in '10' second(s)

2021-11-18 12:15:51 - [MESSAGE][PASSED] - Method.TextDegerineEsitElementeTikla is PASSED

2021-11-18 12:15:51 - [TEST_STEP][PASSED] - Method.TextDegerineEsitElementeTikla(findTestObject("Popup/Popup_Butons"), "Tamam"): Method.TextDegerineEsitElementeTikla is PASSED

2021-11-18 12:15:51 - [MESSAGE][INFO] - Finding Test Object 'Object Repository/Popup/Popup_Butons'

2021-11-18 12:15:51 - [MESSAGE][INFO] - Checking timeout

2021-11-18 12:15:51 - [MESSAGE][INFO] - Finding web element with id: 'Object Repository/Popup/Popup_Butons' located by 'By.cssSelector: .modal-footer>button' in '10' second(s)

2021-11-18 12:15:51 - [MESSAGE][INFO] - Smart Wait Function is triggered

2021-11-18 12:15:51 - [MESSAGE][INFO] - Found 1 web elements with id: 'Object Repository/Popup/Popup_Butons' located by 'By.cssSelector: .modal-footer>button' in '10' second(s)

2021-11-18 12:15:51 - [MESSAGE][PASSED] - Method.TextDegerineEsitElementeTikla is PASSED

2021-11-18 12:15:51 - [MESSAGE][PASSED] - Call Test Case 'Test Cases/Tablo/Olusturma Tarihi' successfully

2021-11-18 12:15:51 - [MESSAGE][INFO] - Checking called Test Case

2021-11-18 12:15:51 - [MESSAGE][INFO] - Starting to call Test Case 'Test Cases/Butonlar/ButonaTikla'

2021-11-18 12:15:52 - [TEST_CASE][PASSED] - Test Cases/Butonlar/ButonaTikla: Test Cases/Butonlar/ButonaTikla

2021-11-18 12:15:52 - [TEST_STEP][PASSED] - Method.TextDegerineEsitElementeTiklaEquals(findTestObject("Butonlar/Butonlar"), Buton_Adi): Method.TextDegerineEsitElementeTiklaEquals is PASSED

2021-11-18 12:15:52 - [MESSAGE][INFO] - Finding Test Object 'Object Repository/Butonlar/Butonlar'

2021-11-18 12:15:52 - [MESSAGE][INFO] - Checking timeout

2021-11-18 12:15:52 - [MESSAGE][INFO] - Finding web element with id: 'Object Repository/Butonlar/Butonlar' located by 'By.cssSelector: .panel.panel-default.text-center.footerPanel .btn,.btn.btn-primary.btnControls' in '10' second(s)

2021-11-18 12:15:52 - [MESSAGE][INFO] - Smart Wait Function is triggered

2021-11-18 12:15:52 - [MESSAGE][INFO] - Found 9 web elements with id: 'Object Repository/Butonlar/Butonlar' located by 'By.cssSelector: .panel.panel-default.text-center.footerPanel .btn,.btn.btn-primary.btnControls' in '10' second(s)

2021-11-18 12:15:52 - [MESSAGE][PASSED] - Method.TextDegerineEsitElementeTiklaEquals is PASSED

2021-11-18 12:15:52 - [MESSAGE][PASSED] - Call Test Case 'Test Cases/Butonlar/ButonaTikla' successfully

2021-11-18 12:15:52 - [MESSAGE][INFO] - Checking called Test Case

2021-11-18 12:15:52 - [MESSAGE][INFO] - Starting to call Test Case 'Test Cases/Olusturma/Genel/GorselTasarimSayfasıBasligiIceriyorMu'

2021-11-18 12:15:52 - [TEST_CASE][PASSED] - Test Cases/Olusturma/Genel/GorselTasarimSayfasıBasligiIceriyorMu: Test Cases/Olusturma/Genel/GorselTasarimSayfasıBasligiIceriyorMu

2021-11-18 12:15:52 - [TEST_STEP][PASSED] - verifyElementText(findTestObject("Object Repository/Olusturma/Genel/GorselTasarimBaslik"), Baslik): Actual text and expected text of test object 'Object Repository/Olusturma/Genel/GorselTasarimBaslik' are matched.

2021-11-18 12:15:52 - [MESSAGE][INFO] - Finding Test Object 'Object Repository/Olusturma/Genel/GorselTasarimBaslik'

2021-11-18 12:15:53 - [MESSAGE][INFO] - Checking object

2021-11-18 12:15:53 - [MESSAGE][INFO] - Finding web element from Test Object's properties

2021-11-18 12:15:53 - [MESSAGE][INFO] - Checking timeout

2021-11-18 12:15:53 - [MESSAGE][INFO] - Finding web element with id: 'Object Repository/Olusturma/Genel/GorselTasarimBaslik' located by 'By.cssSelector: #flAlici_0>div>span' in '30' second(s)

2021-11-18 12:15:53 - [MESSAGE][INFO] - Smart Wait Function is triggered

2021-11-18 12:15:59 - [MESSAGE][INFO] - Found 1 web elements with id: 'Object Repository/Olusturma/Genel/GorselTasarimBaslik' located by 'By.cssSelector: #flAlici_0>div>span' in '30' second(s)

2021-11-18 12:15:59 - [MESSAGE][PASSED] - Actual text and expected text of test object 'Object Repository/Olusturma/Genel/GorselTasarimBaslik' are matched.

2021-11-18 12:15:59 - [MESSAGE][PASSED] - Call Test Case 'Test Cases/Olusturma/Genel/GorselTasarimSayfasıBasligiIceriyorMu' successfully

2021-11-18 12:15:59 - [MESSAGE][INFO] - Checking called Test Case

2021-11-18 12:15:59 - [MESSAGE][INFO] - Starting to call Test Case 'Test Cases/Olusturma/Genel/AliciSecilir'

2021-11-18 12:15:59 - [TEST_CASE][PASSED] - Test Cases/Olusturma/Genel/AliciSecilir: Test Cases/Olusturma/Genel/AliciSecilir

2021-11-18 12:15:59 - [TEST_STEP][PASSED] - click(findTestObject("Olusturma/Genel/AliciBilgisi/Alici_Ara")): Object: 'Object Repository/Olusturma/Genel/AliciBilgisi/Alici_Ara' is clicked on

2021-11-18 12:15:59 - [MESSAGE][INFO] - Finding Test Object 'Object Repository/Olusturma/Genel/AliciBilgisi/Alici_Ara'

2021-11-18 12:15:59 - [MESSAGE][INFO] - Checking object

2021-11-18 12:15:59 - [MESSAGE][INFO] - Finding web element from Test Object's properties

2021-11-18 12:15:59 - [MESSAGE][INFO] - Checking timeout

2021-11-18 12:15:59 - [MESSAGE][INFO] - Finding web element with id: 'Object Repository/Olusturma/Genel/AliciBilgisi/Alici_Ara' located by 'By.xpath: //td[@id='txtCustomerText_B-1']' in '30' second(s)

2021-11-18 12:15:59 - [MESSAGE][INFO] - Smart Wait Function is triggered

2021-11-18 12:15:59 - [MESSAGE][INFO] - Found 1 web elements with id: 'Object Repository/Olusturma/Genel/AliciBilgisi/Alici_Ara' located by 'By.xpath: //td[@id='txtCustomerText_B-1']' in '30' second(s)

2021-11-18 12:15:59 - [MESSAGE][INFO] - Clicking on object: 'Object Repository/Olusturma/Genel/AliciBilgisi/Alici_Ara'

2021-11-18 12:15:59 - [MESSAGE][PASSED] - Object: 'Object Repository/Olusturma/Genel/AliciBilgisi/Alici_Ara' is clicked on

2021-11-18 12:15:59 - [TEST_STEP][PASSED] - click(findTestObject("Olusturma/Genel/AliciBilgisi/Alici_Bilgisi")): Object: 'Object Repository/Olusturma/Genel/AliciBilgisi/Alici_Bilgisi' is clicked on

2021-11-18 12:15:59 - [MESSAGE][INFO] - Finding Test Object 'Object Repository/Olusturma/Genel/AliciBilgisi/Alici_Bilgisi'

2021-11-18 12:15:59 - [MESSAGE][INFO] - Checking object

2021-11-18 12:15:59 - [MESSAGE][INFO] - Finding web element from Test Object's properties

2021-11-18 12:15:59 - [MESSAGE][INFO] - Checking timeout

2021-11-18 12:15:59 - [MESSAGE][INFO] - Finding web element with id: 'Object Repository/Olusturma/Genel/AliciBilgisi/Alici_Bilgisi' located by 'By.xpath: //iframe[@id='customerselectiframe']' in '30' second(s)

2021-11-18 12:15:59 - [MESSAGE][INFO] - Smart Wait Function is triggered

2021-11-18 12:16:00 - [MESSAGE][INFO] - Found 1 web elements with id: 'Object Repository/Olusturma/Genel/AliciBilgisi/Alici_Bilgisi' located by 'By.xpath: //iframe[@id='customerselectiframe']' in '30' second(s)

2021-11-18 12:16:00 - [MESSAGE][INFO] - Clicking on object: 'Object Repository/Olusturma/Genel/AliciBilgisi/Alici_Bilgisi'

2021-11-18 12:16:00 - [MESSAGE][PASSED] - Object: 'Object Repository/Olusturma/Genel/AliciBilgisi/Alici_Bilgisi' is clicked on

2021-11-18 12:16:00 - [TEST_STEP][PASSED] - setText(findTestObject("Olusturma/Genel/AliciBilgisi/Alici_Gir"), Alici_Adi): Switching to default content

2021-11-18 12:16:00 - [MESSAGE][INFO] - Finding Test Object 'Object Repository/Olusturma/Genel/AliciBilgisi/Alici_Gir'

2021-11-18 12:16:00 - [MESSAGE][INFO] - Finding Test Object 'Object Repository/Olusturma/Genel/AliciBilgisi/Alici_Bilgisi'

2021-11-18 12:16:00 - [MESSAGE][INFO] - Checking object

2021-11-18 12:16:00 - [MESSAGE][INFO] - Checking text

2021-11-18 12:16:00 - [MESSAGE][INFO] - Object: 'Object Repository/Olusturma/Genel/AliciBilgisi/Alici_Gir' has parent object(s)

2021-11-18 12:16:00 - [MESSAGE][INFO] - Switching to iframe: 'Object Repository/Olusturma/Genel/AliciBilgisi/Alici_Bilgisi'

2021-11-18 12:16:00 - [MESSAGE][INFO] - Finding web element from Test Object's properties

2021-11-18 12:16:00 - [MESSAGE][INFO] - Checking timeout

2021-11-18 12:16:00 - [MESSAGE][INFO] - Finding web element with id: 'Object Repository/Olusturma/Genel/AliciBilgisi/Alici_Bilgisi' located by 'By.xpath: //iframe[@id='customerselectiframe']' in '30' second(s)

2021-11-18 12:16:00 - [MESSAGE][INFO] - Smart Wait Function is triggered

2021-11-18 12:16:00 - [MESSAGE][INFO] - Found 1 web elements with id: 'Object Repository/Olusturma/Genel/AliciBilgisi/Alici_Bilgisi' located by 'By.xpath: //iframe[@id='customerselectiframe']' in '30' second(s)

2021-11-18 12:16:00 - [MESSAGE][INFO] - Switched to iframe: 'Object Repository/Olusturma/Genel/AliciBilgisi/Alici_Bilgisi'

2021-11-18 12:16:00 - [MESSAGE][INFO] - Finding web element from Test Object's properties

2021-11-18 12:16:00 - [MESSAGE][INFO] - Checking timeout

2021-11-18 12:16:00 - [MESSAGE][INFO] - Finding web element with id: 'Object Repository/Olusturma/Genel/AliciBilgisi/Alici_Gir' located by 'By.xpath: //input[@id='GridViewCustomer_DXFREditorcol1_I']' in '30' second(s)

2021-11-18 12:16:00 - [MESSAGE][INFO] - Smart Wait Function is triggered

2021-11-18 12:16:00 - [MESSAGE][INFO] - Found 1 web elements with id: 'Object Repository/Olusturma/Genel/AliciBilgisi/Alici_Gir' located by 'By.xpath: //input[@id='GridViewCustomer_DXFREditorcol1_I']' in '30' second(s)

2021-11-18 12:16:00 - [MESSAGE][INFO] - Clearing text of object 'Object Repository/Olusturma/Genel/AliciBilgisi/Alici_Gir'

2021-11-18 12:16:00 - [MESSAGE][INFO] - Finding web element from Test Object's properties

2021-11-18 12:16:00 - [MESSAGE][INFO] - Checking timeout

2021-11-18 12:16:00 - [MESSAGE][INFO] - Finding web element with id: 'Object Repository/Olusturma/Genel/AliciBilgisi/Alici_Gir' located by 'By.xpath: //input[@id='GridViewCustomer_DXFREditorcol1_I']' in '30' second(s)

2021-11-18 12:16:00 - [MESSAGE][INFO] - Smart Wait Function is triggered

2021-11-18 12:16:00 - [MESSAGE][INFO] - Found 1 web elements with id: 'Object Repository/Olusturma/Genel/AliciBilgisi/Alici_Gir' located by 'By.xpath: //input[@id='GridViewCustomer_DXFREditorcol1_I']' in '30' second(s)

2021-11-18 12:16:00 - [MESSAGE][INFO] - Setting text of object 'Object Repository/Olusturma/Genel/AliciBilgisi/Alici_Gir' to value 'UC0011'

2021-11-18 12:16:00 - [MESSAGE][PASSED] - Text 'UC0011' is set on object 'Object Repository/Olusturma/Genel/AliciBilgisi/Alici_Gir'

2021-11-18 12:16:00 - [MESSAGE][INFO] - Switching to default content

2021-11-18 12:16:00 - [TEST_STEP][PASSED] - waitForElementClickable(findTestObject("Olusturma/Genel/AliciBilgisi/Alici_Adi"), 10): Switching to default content

2021-11-18 12:16:00 - [MESSAGE][INFO] - Finding Test Object 'Object Repository/Olusturma/Genel/AliciBilgisi/Alici_Adi'

2021-11-18 12:16:00 - [MESSAGE][INFO] - Finding Test Object 'Object Repository/Olusturma/Genel/AliciBilgisi/iframe_Alc Bilgisi_customerselectiframe'

2021-11-18 12:16:00 - [MESSAGE][INFO] - Checking object

2021-11-18 12:16:00 - [MESSAGE][INFO] - Checking timeout

2021-11-18 12:16:00 - [MESSAGE][INFO] - Object: 'Object Repository/Olusturma/Genel/AliciBilgisi/Alici_Adi' has parent object(s)

2021-11-18 12:16:00 - [MESSAGE][INFO] - Switching to iframe: 'Object Repository/Olusturma/Genel/AliciBilgisi/iframe_Alc Bilgisi_customerselectiframe'

2021-11-18 12:16:00 - [MESSAGE][INFO] - Finding web element from Test Object's properties

2021-11-18 12:16:00 - [MESSAGE][INFO] - Checking timeout

2021-11-18 12:16:00 - [MESSAGE][INFO] - Finding web element with id: 'Object Repository/Olusturma/Genel/AliciBilgisi/iframe_Alc Bilgisi_customerselectiframe' located by 'By.xpath: //iframe[@id='customerselectiframe']' in '10' second(s)

2021-11-18 12:16:00 - [MESSAGE][INFO] - Smart Wait Function is triggered

2021-11-18 12:16:01 - [MESSAGE][INFO] - Found 1 web elements with id: 'Object Repository/Olusturma/Genel/AliciBilgisi/iframe_Alc Bilgisi_customerselectiframe' located by 'By.xpath: //iframe[@id='customerselectiframe']' in '10' second(s)

2021-11-18 12:16:01 - [MESSAGE][INFO] - Switched to iframe: 'Object Repository/Olusturma/Genel/AliciBilgisi/iframe_Alc Bilgisi_customerselectiframe'

2021-11-18 12:16:01 - [MESSAGE][INFO] - Finding web element from Test Object's properties

2021-11-18 12:16:01 - [MESSAGE][INFO] - Checking timeout

2021-11-18 12:16:01 - [MESSAGE][INFO] - Finding web element with id: 'Object Repository/Olusturma/Genel/AliciBilgisi/Alici_Adi' located by 'By.xpath: //tr[@id='GridViewCustomer_DXDataRow0']/td[2]' in '10' second(s)

2021-11-18 12:16:01 - [MESSAGE][INFO] - Smart Wait Function is triggered

2021-11-18 12:16:01 - [MESSAGE][INFO] - Found 1 web elements with id: 'Object Repository/Olusturma/Genel/AliciBilgisi/Alici_Adi' located by 'By.xpath: //tr[@id='GridViewCustomer_DXDataRow0']/td[2]' in '10' second(s)

2021-11-18 12:16:01 - [MESSAGE][PASSED] - Object 'Object Repository/Olusturma/Genel/AliciBilgisi/Alici_Adi' is clickable

2021-11-18 12:16:01 - [MESSAGE][INFO] - Switching to default content

2021-11-18 12:16:01 - [TEST_STEP][PASSED] - click(findTestObject("Olusturma/Genel/AliciBilgisi/frame")): Switching to default content

2021-11-18 12:16:01 - [MESSAGE][INFO] - Finding Test Object 'Object Repository/Olusturma/Genel/AliciBilgisi/frame'

2021-11-18 12:16:01 - [MESSAGE][INFO] - Finding Test Object 'Object Repository/Olusturma/Genel/AliciBilgisi/iframe_Alc Bilgisi_customerselectiframe'

2021-11-18 12:16:01 - [MESSAGE][INFO] - Checking object

2021-11-18 12:16:01 - [MESSAGE][INFO] - Object: 'Object Repository/Olusturma/Genel/AliciBilgisi/frame' has parent object(s)

2021-11-18 12:16:01 - [MESSAGE][INFO] - Switching to iframe: 'Object Repository/Olusturma/Genel/AliciBilgisi/iframe_Alc Bilgisi_customerselectiframe'

2021-11-18 12:16:01 - [MESSAGE][INFO] - Finding web element from Test Object's properties

2021-11-18 12:16:01 - [MESSAGE][INFO] - Checking timeout

2021-11-18 12:16:01 - [MESSAGE][INFO] - Finding web element with id: 'Object Repository/Olusturma/Genel/AliciBilgisi/iframe_Alc Bilgisi_customerselectiframe' located by 'By.xpath: //iframe[@id='customerselectiframe']' in '30' second(s)

2021-11-18 12:16:01 - [MESSAGE][INFO] - Smart Wait Function is triggered

2021-11-18 12:16:01 - [MESSAGE][INFO] - Found 1 web elements with id: 'Object Repository/Olusturma/Genel/AliciBilgisi/iframe_Alc Bilgisi_customerselectiframe' located by 'By.xpath: //iframe[@id='customerselectiframe']' in '30' second(s)

2021-11-18 12:16:01 - [MESSAGE][INFO] - Switched to iframe: 'Object Repository/Olusturma/Genel/AliciBilgisi/iframe_Alc Bilgisi_customerselectiframe'

2021-11-18 12:16:01 - [MESSAGE][INFO] - Finding web element from Test Object's properties

2021-11-18 12:16:01 - [MESSAGE][INFO] - Checking timeout

2021-11-18 12:16:01 - [MESSAGE][INFO] - Finding web element with id: 'Object Repository/Olusturma/Genel/AliciBilgisi/frame' located by 'By.xpath: //*/text()[normalize-space(.)='']/parent::*' in '30' second(s)

2021-11-18 12:16:01 - [MESSAGE][INFO] - Smart Wait Function is triggered

2021-11-18 12:16:01 - [MESSAGE][INFO] - Found 66 web elements with id: 'Object Repository/Olusturma/Genel/AliciBilgisi/frame' located by 'By.xpath: //*/text()[normalize-space(.)='']/parent::*' in '30' second(s)

2021-11-18 12:16:01 - [MESSAGE][INFO] - Clicking on object: 'Object Repository/Olusturma/Genel/AliciBilgisi/frame'

2021-11-18 12:16:01 - [MESSAGE][PASSED] - Object: 'Object Repository/Olusturma/Genel/AliciBilgisi/frame' is clicked on

2021-11-18 12:16:01 - [MESSAGE][INFO] - Switching to default content

2021-11-18 12:16:01 - [TEST_STEP][PASSED] - click(findTestObject("Olusturma/Genel/AliciBilgisi/Alici_Adi")): Switching to default content

2021-11-18 12:16:01 - [MESSAGE][INFO] - Finding Test Object 'Object Repository/Olusturma/Genel/AliciBilgisi/Alici_Adi'

2021-11-18 12:16:01 - [MESSAGE][INFO] - Finding Test Object 'Object Repository/Olusturma/Genel/AliciBilgisi/iframe_Alc Bilgisi_customerselectiframe'

2021-11-18 12:16:02 - [MESSAGE][INFO] - Checking object

2021-11-18 12:16:02 - [MESSAGE][INFO] - Object: 'Object Repository/Olusturma/Genel/AliciBilgisi/Alici_Adi' has parent object(s)

2021-11-18 12:16:02 - [MESSAGE][INFO] - Switching to iframe: 'Object Repository/Olusturma/Genel/AliciBilgisi/iframe_Alc Bilgisi_customerselectiframe'

2021-11-18 12:16:02 - [MESSAGE][INFO] - Finding web element from Test Object's properties

2021-11-18 12:16:02 - [MESSAGE][INFO] - Checking timeout

2021-11-18 12:16:02 - [MESSAGE][INFO] - Finding web element with id: 'Object Repository/Olusturma/Genel/AliciBilgisi/iframe_Alc Bilgisi_customerselectiframe' located by 'By.xpath: //iframe[@id='customerselectiframe']' in '30' second(s)

2021-11-18 12:16:02 - [MESSAGE][INFO] - Smart Wait Function is triggered

2021-11-18 12:16:02 - [MESSAGE][INFO] - Found 1 web elements with id: 'Object Repository/Olusturma/Genel/AliciBilgisi/iframe_Alc Bilgisi_customerselectiframe' located by 'By.xpath: //iframe[@id='customerselectiframe']' in '30' second(s)

2021-11-18 12:16:02 - [MESSAGE][INFO] - Switched to iframe: 'Object Repository/Olusturma/Genel/AliciBilgisi/iframe_Alc Bilgisi_customerselectiframe'

2021-11-18 12:16:02 - [MESSAGE][INFO] - Finding web element from Test Object's properties

2021-11-18 12:16:02 - [MESSAGE][INFO] - Checking timeout

2021-11-18 12:16:02 - [MESSAGE][INFO] - Finding web element with id: 'Object Repository/Olusturma/Genel/AliciBilgisi/Alici_Adi' located by 'By.xpath: //tr[@id='GridViewCustomer_DXDataRow0']/td[2]' in '30' second(s)

2021-11-18 12:16:02 - [MESSAGE][INFO] - Smart Wait Function is triggered

2021-11-18 12:16:02 - [MESSAGE][INFO] - Found 1 web elements with id: 'Object Repository/Olusturma/Genel/AliciBilgisi/Alici_Adi' located by 'By.xpath: //tr[@id='GridViewCustomer_DXDataRow0']/td[2]' in '30' second(s)

2021-11-18 12:16:02 - [MESSAGE][INFO] - Clicking on object: 'Object Repository/Olusturma/Genel/AliciBilgisi/Alici_Adi'

2021-11-18 12:16:02 - [MESSAGE][PASSED] - Object: 'Object Repository/Olusturma/Genel/AliciBilgisi/Alici_Adi' is clicked on

2021-11-18 12:16:02 - [MESSAGE][INFO] - Switching to default content

2021-11-18 12:16:02 - [TEST_STEP][PASSED] - click(findTestObject("Olusturma/Genel/AliciBilgisi/Tamam_Bosluk")): Switching to default content

2021-11-18 12:16:02 - [MESSAGE][INFO] - Finding Test Object 'Object Repository/Olusturma/Genel/AliciBilgisi/Tamam_Bosluk'

2021-11-18 12:16:02 - [MESSAGE][INFO] - Finding Test Object 'Object Repository/Olusturma/Genel/AliciBilgisi/Alici_Bilgisi'

2021-11-18 12:16:02 - [MESSAGE][INFO] - Checking object

2021-11-18 12:16:02 - [MESSAGE][INFO] - Object: 'Object Repository/Olusturma/Genel/AliciBilgisi/Tamam_Bosluk' has parent object(s)

2021-11-18 12:16:02 - [MESSAGE][INFO] - Switching to iframe: 'Object Repository/Olusturma/Genel/AliciBilgisi/Alici_Bilgisi'

2021-11-18 12:16:02 - [MESSAGE][INFO] - Finding web element from Test Object's properties

2021-11-18 12:16:02 - [MESSAGE][INFO] - Checking timeout

2021-11-18 12:16:02 - [MESSAGE][INFO] - Finding web element with id: 'Object Repository/Olusturma/Genel/AliciBilgisi/Alici_Bilgisi' located by 'By.xpath: //iframe[@id='customerselectiframe']' in '30' second(s)

2021-11-18 12:16:02 - [MESSAGE][INFO] - Smart Wait Function is triggered

2021-11-18 12:16:02 - [MESSAGE][INFO] - Found 1 web elements with id: 'Object Repository/Olusturma/Genel/AliciBilgisi/Alici_Bilgisi' located by 'By.xpath: //iframe[@id='customerselectiframe']' in '30' second(s)

2021-11-18 12:16:02 - [MESSAGE][INFO] - Switched to iframe: 'Object Repository/Olusturma/Genel/AliciBilgisi/Alici_Bilgisi'

2021-11-18 12:16:02 - [MESSAGE][INFO] - Finding web element from Test Object's properties

2021-11-18 12:16:02 - [MESSAGE][INFO] - Checking timeout

2021-11-18 12:16:02 - [MESSAGE][INFO] - Finding web element with id: 'Object Repository/Olusturma/Genel/AliciBilgisi/Tamam_Bosluk' located by 'By.xpath: (.//*[normalize-space(text()) and normalize-space(.)='Sayfa Boyutu:'])[1]/following::div[7]' in '30' second(s)

2021-11-18 12:16:02 - [MESSAGE][INFO] - Smart Wait Function is triggered

2021-11-18 12:16:02 - [MESSAGE][INFO] - Found 1 web elements with id: 'Object Repository/Olusturma/Genel/AliciBilgisi/Tamam_Bosluk' located by 'By.xpath: (.//*[normalize-space(text()) and normalize-space(.)='Sayfa Boyutu:'])[1]/following::div[7]' in '30' second(s)

2021-11-18 12:16:02 - [MESSAGE][INFO] - Clicking on object: 'Object Repository/Olusturma/Genel/AliciBilgisi/Tamam_Bosluk'

2021-11-18 12:16:02 - [MESSAGE][PASSED] - Object: 'Object Repository/Olusturma/Genel/AliciBilgisi/Tamam_Bosluk' is clicked on

2021-11-18 12:16:02 - [MESSAGE][INFO] - Switching to default content

2021-11-18 12:16:02 - [TEST_STEP][PASSED] - waitForElementClickable(findTestObject("Olusturma/Genel/AliciBilgisi/Tamam_Butonu"), 10): Switching to default content

2021-11-18 12:16:02 - [MESSAGE][INFO] - Finding Test Object 'Object Repository/Olusturma/Genel/AliciBilgisi/Tamam_Butonu'

2021-11-18 12:16:03 - [MESSAGE][INFO] - Finding Test Object 'Object Repository/Olusturma/Genel/AliciBilgisi/Alici_Bilgisi'

2021-11-18 12:16:03 - [MESSAGE][INFO] - Checking object

2021-11-18 12:16:03 - [MESSAGE][INFO] - Checking timeout

2021-11-18 12:16:03 - [MESSAGE][INFO] - Object: 'Object Repository/Olusturma/Genel/AliciBilgisi/Tamam_Butonu' has parent object(s)

2021-11-18 12:16:03 - [MESSAGE][INFO] - Switching to iframe: 'Object Repository/Olusturma/Genel/AliciBilgisi/Alici_Bilgisi'

2021-11-18 12:16:03 - [MESSAGE][INFO] - Finding web element from Test Object's properties

2021-11-18 12:16:03 - [MESSAGE][INFO] - Checking timeout

2021-11-18 12:16:03 - [MESSAGE][INFO] - Finding web element with id: 'Object Repository/Olusturma/Genel/AliciBilgisi/Alici_Bilgisi' located by 'By.xpath: //iframe[@id='customerselectiframe']' in '10' second(s)

2021-11-18 12:16:03 - [MESSAGE][INFO] - Smart Wait Function is triggered

2021-11-18 12:16:03 - [MESSAGE][INFO] - Found 1 web elements with id: 'Object Repository/Olusturma/Genel/AliciBilgisi/Alici_Bilgisi' located by 'By.xpath: //iframe[@id='customerselectiframe']' in '10' second(s)

2021-11-18 12:16:03 - [MESSAGE][INFO] - Switched to iframe: 'Object Repository/Olusturma/Genel/AliciBilgisi/Alici_Bilgisi'

2021-11-18 12:16:03 - [MESSAGE][INFO] - Finding web element from Test Object's properties

2021-11-18 12:16:03 - [MESSAGE][INFO] - Checking timeout

2021-11-18 12:16:03 - [MESSAGE][INFO] - Finding web element with id: 'Object Repository/Olusturma/Genel/AliciBilgisi/Tamam_Butonu' located by 'By.xpath: //div[@id='btnSelectCustomer_CD']/span' in '10' second(s)

2021-11-18 12:16:03 - [MESSAGE][INFO] - Smart Wait Function is triggered

2021-11-18 12:16:03 - [MESSAGE][INFO] - Found 1 web elements with id: 'Object Repository/Olusturma/Genel/AliciBilgisi/Tamam_Butonu' located by 'By.xpath: //div[@id='btnSelectCustomer_CD']/span' in '10' second(s)

2021-11-18 12:16:03 - [MESSAGE][PASSED] - Object 'Object Repository/Olusturma/Genel/AliciBilgisi/Tamam_Butonu' is clickable

2021-11-18 12:16:03 - [MESSAGE][INFO] - Switching to default content

2021-11-18 12:16:03 - [TEST_STEP][PASSED] - click(findTestObject("Olusturma/Genel/AliciBilgisi/Tamam_Butonu")): Switching to default content

2021-11-18 12:16:03 - [MESSAGE][INFO] - Finding Test Object 'Object Repository/Olusturma/Genel/AliciBilgisi/Tamam_Butonu'

2021-11-18 12:16:03 - [MESSAGE][INFO] - Finding Test Object 'Object Repository/Olusturma/Genel/AliciBilgisi/Alici_Bilgisi'

2021-11-18 12:16:03 - [MESSAGE][INFO] - Checking object

2021-11-18 12:16:03 - [MESSAGE][INFO] - Object: 'Object Repository/Olusturma/Genel/AliciBilgisi/Tamam_Butonu' has parent object(s)

2021-11-18 12:16:03 - [MESSAGE][INFO] - Switching to iframe: 'Object Repository/Olusturma/Genel/AliciBilgisi/Alici_Bilgisi'

2021-11-18 12:16:03 - [MESSAGE][INFO] - Finding web element from Test Object's properties

2021-11-18 12:16:03 - [MESSAGE][INFO] - Checking timeout

2021-11-18 12:16:03 - [MESSAGE][INFO] - Finding web element with id: 'Object Repository/Olusturma/Genel/AliciBilgisi/Alici_Bilgisi' located by 'By.xpath: //iframe[@id='customerselectiframe']' in '30' second(s)

2021-11-18 12:16:03 - [MESSAGE][INFO] - Smart Wait Function is triggered

2021-11-18 12:16:03 - [MESSAGE][INFO] - Found 1 web elements with id: 'Object Repository/Olusturma/Genel/AliciBilgisi/Alici_Bilgisi' located by 'By.xpath: //iframe[@id='customerselectiframe']' in '30' second(s)

2021-11-18 12:16:03 - [MESSAGE][INFO] - Switched to iframe: 'Object Repository/Olusturma/Genel/AliciBilgisi/Alici_Bilgisi'

2021-11-18 12:16:03 - [MESSAGE][INFO] - Finding web element from Test Object's properties

2021-11-18 12:16:03 - [MESSAGE][INFO] - Checking timeout

2021-11-18 12:16:03 - [MESSAGE][INFO] - Finding web element with id: 'Object Repository/Olusturma/Genel/AliciBilgisi/Tamam_Butonu' located by 'By.xpath: //div[@id='btnSelectCustomer_CD']/span' in '30' second(s)

2021-11-18 12:16:03 - [MESSAGE][INFO] - Smart Wait Function is triggered

2021-11-18 12:16:03 - [MESSAGE][INFO] - Found 1 web elements with id: 'Object Repository/Olusturma/Genel/AliciBilgisi/Tamam_Butonu' located by 'By.xpath: //div[@id='btnSelectCustomer_CD']/span' in '30' second(s)

2021-11-18 12:16:03 - [MESSAGE][INFO] - Clicking on object: 'Object Repository/Olusturma/Genel/AliciBilgisi/Tamam_Butonu'

2021-11-18 12:16:04 - [MESSAGE][PASSED] - Object: 'Object Repository/Olusturma/Genel/AliciBilgisi/Tamam_Butonu' is clicked on

2021-11-18 12:16:04 - [MESSAGE][INFO] - Switching to default content

2021-11-18 12:16:04 - [TEST_STEP][PASSED] - waitForElementPresent(findTestObject("Olusturma/Genel/AliciBilgisi/VKN-TCKN"), 10): Object 'Object Repository/Olusturma/Genel/AliciBilgisi/VKN-TCKN' is present

2021-11-18 12:16:04 - [MESSAGE][INFO] - Finding Test Object 'Object Repository/Olusturma/Genel/AliciBilgisi/VKN-TCKN'

2021-11-18 12:16:04 - [MESSAGE][INFO] - Checking object

2021-11-18 12:16:04 - [MESSAGE][INFO] - Finding web element from Test Object's properties

2021-11-18 12:16:04 - [MESSAGE][INFO] - Checking timeout

2021-11-18 12:16:04 - [MESSAGE][INFO] - Finding web element with id: 'Object Repository/Olusturma/Genel/AliciBilgisi/VKN-TCKN' located by 'By.xpath: //*[@id = 'txtVknTckn_I']' in '10' second(s)

2021-11-18 12:16:04 - [MESSAGE][INFO] - Smart Wait Function is triggered

2021-11-18 12:16:04 - [MESSAGE][INFO] - Found 1 web elements with id: 'Object Repository/Olusturma/Genel/AliciBilgisi/VKN-TCKN' located by 'By.xpath: //*[@id = 'txtVknTckn_I']' in '10' second(s)

2021-11-18 12:16:04 - [MESSAGE][PASSED] - Object 'Object Repository/Olusturma/Genel/AliciBilgisi/VKN-TCKN' is present

2021-11-18 12:16:04 - [TEST_STEP][PASSED] - text = getAttribute(findTestObject("Olusturma/Genel/AliciBilgisi/VKN-TCKN"), "value"): Attribute 'value' of object 'Object Repository/Olusturma/Genel/AliciBilgisi/VKN-TCKN' is: '5323383845'

2021-11-18 12:16:04 - [MESSAGE][INFO] - Finding Test Object 'Object Repository/Olusturma/Genel/AliciBilgisi/VKN-TCKN'

2021-11-18 12:16:04 - [MESSAGE][INFO] - Checking object

2021-11-18 12:16:04 - [MESSAGE][INFO] - Checking attribute

2021-11-18 12:16:04 - [MESSAGE][INFO] - Finding web element from Test Object's properties

2021-11-18 12:16:04 - [MESSAGE][INFO] - Checking timeout

2021-11-18 12:16:04 - [MESSAGE][INFO] - Finding web element with id: 'Object Repository/Olusturma/Genel/AliciBilgisi/VKN-TCKN' located by 'By.xpath: //*[@id = 'txtVknTckn_I']' in '30' second(s)

2021-11-18 12:16:04 - [MESSAGE][INFO] - Smart Wait Function is triggered

2021-11-18 12:16:04 - [MESSAGE][INFO] - Found 1 web elements with id: 'Object Repository/Olusturma/Genel/AliciBilgisi/VKN-TCKN' located by 'By.xpath: //*[@id = 'txtVknTckn_I']' in '30' second(s)

2021-11-18 12:16:04 - [MESSAGE][INFO] - Getting attribute 'value' of object 'Object Repository/Olusturma/Genel/AliciBilgisi/VKN-TCKN'

2021-11-18 12:16:04 - [MESSAGE][PASSED] - Attribute 'value' of object 'Object Repository/Olusturma/Genel/AliciBilgisi/VKN-TCKN' is: '5323383845'

2021-11-18 12:16:04 - [TEST_STEP][PASSED] - if (text.equals("")): null

2021-11-18 12:16:04 - [MESSAGE][PASSED] - Call Test Case 'Test Cases/Olusturma/Genel/AliciSecilir' successfully

2021-11-18 12:16:04 - [MESSAGE][INFO] - Checking called Test Case

2021-11-18 12:16:04 - [MESSAGE][INFO] - Starting to call Test Case 'Test Cases/Olusturma/Genel/GonderimSekliSecilir'

2021-11-18 12:16:05 - [TEST_CASE][PASSED] - Test Cases/Olusturma/Genel/GonderimSekliSecilir: Test Cases/Olusturma/Genel/GonderimSekliSecilir

2021-11-18 12:16:05 - [TEST_STEP][PASSED] - waitForElementClickable(findTestObject("Object Repository/Olusturma/Genel/GonderimSekli/GonderimSekli"), 10): Object 'Object Repository/Olusturma/Genel/GonderimSekli/GonderimSekli' is clickable

2021-11-18 12:16:05 - [MESSAGE][INFO] - Finding Test Object 'Object Repository/Olusturma/Genel/GonderimSekli/GonderimSekli'

2021-11-18 12:16:05 - [MESSAGE][INFO] - Checking object

2021-11-18 12:16:05 - [MESSAGE][INFO] - Checking timeout

2021-11-18 12:16:05 - [MESSAGE][INFO] - Finding web element from Test Object's properties

2021-11-18 12:16:05 - [MESSAGE][INFO] - Checking timeout

2021-11-18 12:16:05 - [MESSAGE][INFO] - Finding web element with id: 'Object Repository/Olusturma/Genel/GonderimSekli/GonderimSekli' located by 'By.xpath: //*[@id = 'txtGonderimSekil_I']' in '10' second(s)

2021-11-18 12:16:05 - [MESSAGE][INFO] - Smart Wait Function is triggered

2021-11-18 12:16:05 - [MESSAGE][INFO] - Found 1 web elements with id: 'Object Repository/Olusturma/Genel/GonderimSekli/GonderimSekli' located by 'By.xpath: //*[@id = 'txtGonderimSekil_I']' in '10' second(s)

2021-11-18 12:16:05 - [MESSAGE][PASSED] - Object 'Object Repository/Olusturma/Genel/GonderimSekli/GonderimSekli' is clickable

2021-11-18 12:16:05 - [TEST_STEP][PASSED] - click(findTestObject("Object Repository/Olusturma/Genel/GonderimSekli/GonderimSekli")): Object: 'Object Repository/Olusturma/Genel/GonderimSekli/GonderimSekli' is clicked on

2021-11-18 12:16:05 - [MESSAGE][INFO] - Finding Test Object 'Object Repository/Olusturma/Genel/GonderimSekli/GonderimSekli'

2021-11-18 12:16:05 - [MESSAGE][INFO] - Checking object

2021-11-18 12:16:05 - [MESSAGE][INFO] - Finding web element from Test Object's properties

2021-11-18 12:16:05 - [MESSAGE][INFO] - Checking timeout

2021-11-18 12:16:05 - [MESSAGE][INFO] - Finding web element with id: 'Object Repository/Olusturma/Genel/GonderimSekli/GonderimSekli' located by 'By.xpath: //*[@id = 'txtGonderimSekil_I']' in '30' second(s)

2021-11-18 12:16:05 - [MESSAGE][INFO] - Smart Wait Function is triggered

2021-11-18 12:16:05 - [MESSAGE][INFO] - Found 1 web elements with id: 'Object Repository/Olusturma/Genel/GonderimSekli/GonderimSekli' located by 'By.xpath: //*[@id = 'txtGonderimSekil_I']' in '30' second(s)

2021-11-18 12:16:05 - [MESSAGE][INFO] - Clicking on object: 'Object Repository/Olusturma/Genel/GonderimSekli/GonderimSekli'

2021-11-18 12:16:05 - [MESSAGE][PASSED] - Object: 'Object Repository/Olusturma/Genel/GonderimSekli/GonderimSekli' is clicked on

2021-11-18 12:16:05 - [TEST_STEP][PASSED] - Method.TextDegerineEsitElementeTikla(findTestObject("Object Repository/Olusturma/Genel/GonderimSekli/GonderimSekliAdi"), GonderimSekli): Method.TextDegerineEsitElementeTikla is PASSED

2021-11-18 12:16:05 - [MESSAGE][INFO] - Finding Test Object 'Object Repository/Olusturma/Genel/GonderimSekli/GonderimSekliAdi'

2021-11-18 12:16:05 - [MESSAGE][INFO] - Checking timeout

2021-11-18 12:16:05 - [MESSAGE][INFO] - Finding web element with id: 'Object Repository/Olusturma/Genel/GonderimSekli/GonderimSekliAdi' located by 'By.cssSelector: #txtGonderimSekil_DDD_L_LBT td' in '10' second(s)

2021-11-18 12:16:05 - [MESSAGE][INFO] - Smart Wait Function is triggered

2021-11-18 12:16:06 - [MESSAGE][INFO] - Found 2 web elements with id: 'Object Repository/Olusturma/Genel/GonderimSekli/GonderimSekliAdi' located by 'By.cssSelector: #txtGonderimSekil_DDD_L_LBT td' in '10' second(s)

2021-11-18 12:16:06 - [MESSAGE][PASSED] - Method.TextDegerineEsitElementeTikla is PASSED

2021-11-18 12:16:06 - [MESSAGE][PASSED] - Call Test Case 'Test Cases/Olusturma/Genel/GonderimSekliSecilir' successfully

2021-11-18 12:16:06 - [MESSAGE][INFO] - Checking called Test Case

2021-11-18 12:16:06 - [MESSAGE][INFO] - Starting to call Test Case 'Test Cases/Olusturma/Genel/TipSecilir'

2021-11-18 12:16:06 - [TEST_CASE][PASSED] - Test Cases/Olusturma/Genel/TipSecilir: Test Cases/Olusturma/Genel/TipSecilir

2021-11-18 12:16:06 - [TEST_STEP][PASSED] - waitForElementClickable(findTestObject("Olusturma/Genel/TipSecilir/Tip"), 10): Object 'Object Repository/Olusturma/Genel/TipSecilir/Tip' is clickable

2021-11-18 12:16:06 - [MESSAGE][INFO] - Finding Test Object 'Object Repository/Olusturma/Genel/TipSecilir/Tip'

2021-11-18 12:16:06 - [MESSAGE][INFO] - Checking object

2021-11-18 12:16:06 - [MESSAGE][INFO] - Checking timeout

2021-11-18 12:16:06 - [MESSAGE][INFO] - Finding web element from Test Object's properties

2021-11-18 12:16:06 - [MESSAGE][INFO] - Checking timeout

2021-11-18 12:16:06 - [MESSAGE][INFO] - Finding web element with id: 'Object Repository/Olusturma/Genel/TipSecilir/Tip' located by 'By.xpath: //*[@id = 'DocumentTypeCode_I']' in '10' second(s)

2021-11-18 12:16:06 - [MESSAGE][INFO] - Smart Wait Function is triggered

2021-11-18 12:16:06 - [MESSAGE][INFO] - Found 1 web elements with id: 'Object Repository/Olusturma/Genel/TipSecilir/Tip' located by 'By.xpath: //*[@id = 'DocumentTypeCode_I']' in '10' second(s)

2021-11-18 12:16:06 - [MESSAGE][PASSED] - Object 'Object Repository/Olusturma/Genel/TipSecilir/Tip' is clickable

2021-11-18 12:16:06 - [TEST_STEP][PASSED] - click(findTestObject("Olusturma/Genel/TipSecilir/Tip")): Object: 'Object Repository/Olusturma/Genel/TipSecilir/Tip' is clicked on

2021-11-18 12:16:06 - [MESSAGE][INFO] - Finding Test Object 'Object Repository/Olusturma/Genel/TipSecilir/Tip'

2021-11-18 12:16:06 - [MESSAGE][INFO] - Checking object

2021-11-18 12:16:06 - [MESSAGE][INFO] - Finding web element from Test Object's properties

2021-11-18 12:16:06 - [MESSAGE][INFO] - Checking timeout

2021-11-18 12:16:06 - [MESSAGE][INFO] - Finding web element with id: 'Object Repository/Olusturma/Genel/TipSecilir/Tip' located by 'By.xpath: //*[@id = 'DocumentTypeCode_I']' in '30' second(s)

2021-11-18 12:16:06 - [MESSAGE][INFO] - Smart Wait Function is triggered

2021-11-18 12:16:07 - [MESSAGE][INFO] - Found 1 web elements with id: 'Object Repository/Olusturma/Genel/TipSecilir/Tip' located by 'By.xpath: //*[@id = 'DocumentTypeCode_I']' in '30' second(s)

2021-11-18 12:16:07 - [MESSAGE][INFO] - Clicking on object: 'Object Repository/Olusturma/Genel/TipSecilir/Tip'

2021-11-18 12:16:07 - [MESSAGE][PASSED] - Object: 'Object Repository/Olusturma/Genel/TipSecilir/Tip' is clicked on

2021-11-18 12:16:07 - [TEST_STEP][PASSED] - Method.TextDegerineEsitElementeTikla(findTestObject("Object Repository/Olusturma/Genel/TipSecilir/Tip_Adi"), Tip): Method.TextDegerineEsitElementeTikla is PASSED

2021-11-18 12:16:07 - [MESSAGE][INFO] - Finding Test Object 'Object Repository/Olusturma/Genel/TipSecilir/Tip_Adi'

2021-11-18 12:16:07 - [MESSAGE][INFO] - Checking timeout

2021-11-18 12:16:07 - [MESSAGE][INFO] - Finding web element with id: 'Object Repository/Olusturma/Genel/TipSecilir/Tip_Adi' located by 'By.cssSelector: #DocumentTypeCode_DDD_L_LBT td' in '10' second(s)

2021-11-18 12:16:07 - [MESSAGE][INFO] - Smart Wait Function is triggered

2021-11-18 12:16:07 - [MESSAGE][INFO] - Found 9 web elements with id: 'Object Repository/Olusturma/Genel/TipSecilir/Tip_Adi' located by 'By.cssSelector: #DocumentTypeCode_DDD_L_LBT td' in '10' second(s)

2021-11-18 12:16:07 - [MESSAGE][PASSED] - Method.TextDegerineEsitElementeTikla is PASSED

2021-11-18 12:16:07 - [MESSAGE][PASSED] - Call Test Case 'Test Cases/Olusturma/Genel/TipSecilir' successfully

2021-11-18 12:16:07 - [MESSAGE][INFO] - Checking called Test Case

2021-11-18 12:16:07 - [MESSAGE][INFO] - Starting to call Test Case 'Test Cases/Olusturma/Genel/DokumanParaBirimiSecilir'

2021-11-18 12:16:07 - [TEST_CASE][PASSED] - Test Cases/Olusturma/Genel/DokumanParaBirimiSecilir: Test Cases/Olusturma/Genel/DokumanParaBirimiSecilir

2021-11-18 12:16:07 - [TEST_STEP][PASSED] - waitForElementClickable(findTestObject("Object Repository/Olusturma/Genel/DokumanParaBirimiSecilir/Para"), 10): Object 'Object Repository/Olusturma/Genel/DokumanParaBirimiSecilir/Para' is clickable

2021-11-18 12:16:07 - [MESSAGE][INFO] - Finding Test Object 'Object Repository/Olusturma/Genel/DokumanParaBirimiSecilir/Para'

2021-11-18 12:16:07 - [MESSAGE][INFO] - Checking object

2021-11-18 12:16:07 - [MESSAGE][INFO] - Checking timeout

2021-11-18 12:16:07 - [MESSAGE][INFO] - Finding web element from Test Object's properties

2021-11-18 12:16:07 - [MESSAGE][INFO] - Checking timeout

2021-11-18 12:16:07 - [MESSAGE][INFO] - Finding web element with id: 'Object Repository/Olusturma/Genel/DokumanParaBirimiSecilir/Para' located by 'By.xpath: //*[@id = 'CurrencyUnit_I']' in '10' second(s)

2021-11-18 12:16:07 - [MESSAGE][INFO] - Smart Wait Function is triggered

2021-11-18 12:16:09 - [MESSAGE][INFO] - Found 1 web elements with id: 'Object Repository/Olusturma/Genel/DokumanParaBirimiSecilir/Para' located by 'By.xpath: //*[@id = 'CurrencyUnit_I']' in '10' second(s)

2021-11-18 12:16:09 - [MESSAGE][PASSED] - Object 'Object Repository/Olusturma/Genel/DokumanParaBirimiSecilir/Para' is clickable

2021-11-18 12:16:09 - [TEST_STEP][PASSED] - click(findTestObject("Object Repository/Olusturma/Genel/DokumanParaBirimiSecilir/Para")): Object: 'Object Repository/Olusturma/Genel/DokumanParaBirimiSecilir/Para' is clicked on

2021-11-18 12:16:09 - [MESSAGE][INFO] - Finding Test Object 'Object Repository/Olusturma/Genel/DokumanParaBirimiSecilir/Para'

2021-11-18 12:16:09 - [MESSAGE][INFO] - Checking object

2021-11-18 12:16:09 - [MESSAGE][INFO] - Finding web element from Test Object's properties

2021-11-18 12:16:09 - [MESSAGE][INFO] - Checking timeout

2021-11-18 12:16:09 - [MESSAGE][INFO] - Finding web element with id: 'Object Repository/Olusturma/Genel/DokumanParaBirimiSecilir/Para' located by 'By.xpath: //*[@id = 'CurrencyUnit_I']' in '30' second(s)

2021-11-18 12:16:09 - [MESSAGE][INFO] - Smart Wait Function is triggered

2021-11-18 12:16:10 - [MESSAGE][INFO] - Found 1 web elements with id: 'Object Repository/Olusturma/Genel/DokumanParaBirimiSecilir/Para' located by 'By.xpath: //*[@id = 'CurrencyUnit_I']' in '30' second(s)

2021-11-18 12:16:10 - [MESSAGE][INFO] - Clicking on object: 'Object Repository/Olusturma/Genel/DokumanParaBirimiSecilir/Para'

2021-11-18 12:16:10 - [MESSAGE][PASSED] - Object: 'Object Repository/Olusturma/Genel/DokumanParaBirimiSecilir/Para' is clicked on

2021-11-18 12:16:10 - [TEST_STEP][PASSED] - Method.TextDegerineEsitElementeTikla(findTestObject("Object Repository/Olusturma/Genel/DokumanParaBirimiSecilir/Para_Adi"), Para): Method.TextDegerineEsitElementeTikla is PASSED

2021-11-18 12:16:10 - [MESSAGE][INFO] - Finding Test Object 'Object Repository/Olusturma/Genel/DokumanParaBirimiSecilir/Para_Adi'

2021-11-18 12:16:10 - [MESSAGE][INFO] - Checking timeout

2021-11-18 12:16:10 - [MESSAGE][INFO] - Finding web element with id: 'Object Repository/Olusturma/Genel/DokumanParaBirimiSecilir/Para_Adi' located by 'By.cssSelector: #CurrencyUnit_DDD_L_LBT td' in '10' second(s)

2021-11-18 12:16:10 - [MESSAGE][INFO] - Smart Wait Function is triggered

2021-11-18 12:16:10 - [MESSAGE][INFO] - Found 203 web elements with id: 'Object Repository/Olusturma/Genel/DokumanParaBirimiSecilir/Para_Adi' located by 'By.cssSelector: #CurrencyUnit_DDD_L_LBT td' in '10' second(s)

2021-11-18 12:16:13 - [MESSAGE][PASSED] - Method.TextDegerineEsitElementeTikla is PASSED

2021-11-18 12:16:13 - [MESSAGE][PASSED] - Call Test Case 'Test Cases/Olusturma/Genel/DokumanParaBirimiSecilir' successfully

2021-11-18 12:16:13 - [MESSAGE][INFO] - Checking called Test Case

2021-11-18 12:16:13 - [MESSAGE][INFO] - Starting to call Test Case 'Test Cases/Olusturma/Genel/OnEkSecilir'

2021-11-18 12:16:13 - [TEST_CASE][PASSED] - Test Cases/Olusturma/Genel/OnEkSecilir: Test Cases/Olusturma/Genel/OnEkSecilir

2021-11-18 12:16:13 - [TEST_STEP][PASSED] - waitForElementClickable(findTestObject("Object Repository/Olusturma/Genel/OnEkSecilir/OnEk"), 10): Object 'Object Repository/Olusturma/Genel/OnEkSecilir/OnEk' is clickable

2021-11-18 12:16:13 - [MESSAGE][INFO] - Finding Test Object 'Object Repository/Olusturma/Genel/OnEkSecilir/OnEk'

2021-11-18 12:16:13 - [MESSAGE][INFO] - Checking object

2021-11-18 12:16:13 - [MESSAGE][INFO] - Checking timeout

2021-11-18 12:16:13 - [MESSAGE][INFO] - Finding web element from Test Object's properties

2021-11-18 12:16:13 - [MESSAGE][INFO] - Checking timeout

2021-11-18 12:16:13 - [MESSAGE][INFO] - Finding web element with id: 'Object Repository/Olusturma/Genel/OnEkSecilir/OnEk' located by 'By.xpath: //*[@id = 'InvoicePrefix_I']' in '10' second(s)

2021-11-18 12:16:13 - [MESSAGE][INFO] - Smart Wait Function is triggered

2021-11-18 12:16:13 - [MESSAGE][INFO] - Found 1 web elements with id: 'Object Repository/Olusturma/Genel/OnEkSecilir/OnEk' located by 'By.xpath: //*[@id = 'InvoicePrefix_I']' in '10' second(s)

2021-11-18 12:16:13 - [MESSAGE][PASSED] - Object 'Object Repository/Olusturma/Genel/OnEkSecilir/OnEk' is clickable

2021-11-18 12:16:13 - [TEST_STEP][PASSED] - click(findTestObject("Object Repository/Olusturma/Genel/OnEkSecilir/OnEk")): Object: 'Object Repository/Olusturma/Genel/OnEkSecilir/OnEk' is clicked on

2021-11-18 12:16:13 - [MESSAGE][INFO] - Finding Test Object 'Object Repository/Olusturma/Genel/OnEkSecilir/OnEk'

2021-11-18 12:16:13 - [MESSAGE][INFO] - Checking object

2021-11-18 12:16:13 - [MESSAGE][INFO] - Finding web element from Test Object's properties

2021-11-18 12:16:13 - [MESSAGE][INFO] - Checking timeout

2021-11-18 12:16:13 - [MESSAGE][INFO] - Finding web element with id: 'Object Repository/Olusturma/Genel/OnEkSecilir/OnEk' located by 'By.xpath: //*[@id = 'InvoicePrefix_I']' in '30' second(s)

2021-11-18 12:16:13 - [MESSAGE][INFO] - Smart Wait Function is triggered

2021-11-18 12:16:14 - [MESSAGE][INFO] - Found 1 web elements with id: 'Object Repository/Olusturma/Genel/OnEkSecilir/OnEk' located by 'By.xpath: //*[@id = 'InvoicePrefix_I']' in '30' second(s)

2021-11-18 12:16:14 - [MESSAGE][INFO] - Clicking on object: 'Object Repository/Olusturma/Genel/OnEkSecilir/OnEk'

2021-11-18 12:16:14 - [MESSAGE][PASSED] - Object: 'Object Repository/Olusturma/Genel/OnEkSecilir/OnEk' is clicked on

2021-11-18 12:16:14 - [TEST_STEP][PASSED] - Method.TextDegerineEsitElementeTiklaEquals(findTestObject("Object Repository/Olusturma/Genel/OnEkSecilir/OnEkAdi"), Ek): Method.TextDegerineEsitElementeTiklaEquals is PASSED

2021-11-18 12:16:14 - [MESSAGE][INFO] - Finding Test Object 'Object Repository/Olusturma/Genel/OnEkSecilir/OnEkAdi'

2021-11-18 12:16:14 - [MESSAGE][INFO] - Checking timeout

2021-11-18 12:16:14 - [MESSAGE][INFO] - Finding web element with id: 'Object Repository/Olusturma/Genel/OnEkSecilir/OnEkAdi' located by 'By.cssSelector: #InvoicePrefix_DDD_L_LBT td' in '10' second(s)

2021-11-18 12:16:14 - [MESSAGE][INFO] - Smart Wait Function is triggered

2021-11-18 12:16:14 - [MESSAGE][INFO] - Found 1 web elements with id: 'Object Repository/Olusturma/Genel/OnEkSecilir/OnEkAdi' located by 'By.cssSelector: #InvoicePrefix_DDD_L_LBT td' in '10' second(s)

2021-11-18 12:16:14 - [MESSAGE][PASSED] - Method.TextDegerineEsitElementeTiklaEquals is PASSED

2021-11-18 12:16:14 - [MESSAGE][PASSED] - Call Test Case 'Test Cases/Olusturma/Genel/OnEkSecilir' successfully

2021-11-18 12:16:14 - [MESSAGE][INFO] - Checking called Test Case

2021-11-18 12:16:14 - [MESSAGE][INFO] - Starting to call Test Case 'Test Cases/Olusturma/Genel/TasarimSecilir'

2021-11-18 12:16:14 - [TEST_CASE][PASSED] - Test Cases/Olusturma/Genel/TasarimSecilir: Test Cases/Olusturma/Genel/TasarimSecilir

2021-11-18 12:16:14 - [TEST_STEP][PASSED] - waitForElementClickable(findTestObject("Object Repository/Olusturma/Genel/TasarimSecilir/Tasarim"), 10): Object 'Object Repository/Olusturma/Genel/TasarimSecilir/Tasarim' is clickable

2021-11-18 12:16:14 - [MESSAGE][INFO] - Finding Test Object 'Object Repository/Olusturma/Genel/TasarimSecilir/Tasarim'

2021-11-18 12:16:14 - [MESSAGE][INFO] - Checking object

2021-11-18 12:16:14 - [MESSAGE][INFO] - Checking timeout

2021-11-18 12:16:14 - [MESSAGE][INFO] - Finding web element from Test Object's properties

2021-11-18 12:16:14 - [MESSAGE][INFO] - Checking timeout

2021-11-18 12:16:14 - [MESSAGE][INFO] - Finding web element with id: 'Object Repository/Olusturma/Genel/TasarimSecilir/Tasarim' located by 'By.xpath: //*[@id = 'DesignId_I']' in '10' second(s)

2021-11-18 12:16:14 - [MESSAGE][INFO] - Smart Wait Function is triggered

2021-11-18 12:16:15 - [MESSAGE][INFO] - Found 1 web elements with id: 'Object Repository/Olusturma/Genel/TasarimSecilir/Tasarim' located by 'By.xpath: //*[@id = 'DesignId_I']' in '10' second(s)

2021-11-18 12:16:15 - [MESSAGE][PASSED] - Object 'Object Repository/Olusturma/Genel/TasarimSecilir/Tasarim' is clickable

2021-11-18 12:16:15 - [TEST_STEP][PASSED] - click(findTestObject("Object Repository/Olusturma/Genel/TasarimSecilir/Tasarim")): Object: 'Object Repository/Olusturma/Genel/TasarimSecilir/Tasarim' is clicked on

2021-11-18 12:16:15 - [MESSAGE][INFO] - Finding Test Object 'Object Repository/Olusturma/Genel/TasarimSecilir/Tasarim'

2021-11-18 12:16:15 - [MESSAGE][INFO] - Checking object

2021-11-18 12:16:15 - [MESSAGE][INFO] - Finding web element from Test Object's properties

2021-11-18 12:16:15 - [MESSAGE][INFO] - Checking timeout

2021-11-18 12:16:15 - [MESSAGE][INFO] - Finding web element with id: 'Object Repository/Olusturma/Genel/TasarimSecilir/Tasarim' located by 'By.xpath: //*[@id = 'DesignId_I']' in '30' second(s)

2021-11-18 12:16:15 - [MESSAGE][INFO] - Smart Wait Function is triggered

2021-11-18 12:16:15 - [MESSAGE][INFO] - Found 1 web elements with id: 'Object Repository/Olusturma/Genel/TasarimSecilir/Tasarim' located by 'By.xpath: //*[@id = 'DesignId_I']' in '30' second(s)

2021-11-18 12:16:15 - [MESSAGE][INFO] - Clicking on object: 'Object Repository/Olusturma/Genel/TasarimSecilir/Tasarim'

2021-11-18 12:16:15 - [MESSAGE][PASSED] - Object: 'Object Repository/Olusturma/Genel/TasarimSecilir/Tasarim' is clicked on

2021-11-18 12:16:15 - [TEST_STEP][PASSED] - Method.TextDegerineEsitElementeTikla(findTestObject("Object Repository/Olusturma/Genel/TasarimSecilir/Tasarim_Adi"), Tasarim): Method.TextDegerineEsitElementeTikla is PASSED

2021-11-18 12:16:15 - [MESSAGE][INFO] - Finding Test Object 'Object Repository/Olusturma/Genel/TasarimSecilir/Tasarim_Adi'

2021-11-18 12:16:15 - [MESSAGE][INFO] - Checking timeout

2021-11-18 12:16:15 - [MESSAGE][INFO] - Finding web element with id: 'Object Repository/Olusturma/Genel/TasarimSecilir/Tasarim_Adi' located by 'By.cssSelector: #DesignId_DDD_L_LBT td' in '10' second(s)

2021-11-18 12:16:15 - [MESSAGE][INFO] - Smart Wait Function is triggered

2021-11-18 12:16:15 - [MESSAGE][INFO] - Found 1 web elements with id: 'Object Repository/Olusturma/Genel/TasarimSecilir/Tasarim_Adi' located by 'By.cssSelector: #DesignId_DDD_L_LBT td' in '10' second(s)

2021-11-18 12:16:16 - [MESSAGE][PASSED] - Method.TextDegerineEsitElementeTikla is PASSED

2021-11-18 12:16:16 - [MESSAGE][PASSED] - Call Test Case 'Test Cases/Olusturma/Genel/TasarimSecilir' successfully

2021-11-18 12:16:16 - [MESSAGE][INFO] - Checking called Test Case

2021-11-18 12:16:16 - [MESSAGE][INFO] - Starting to call Test Case 'Test Cases/Olusturma/Genel/Kutular/SiparisBilgileriGirilir'

2021-11-18 12:16:16 - [TEST_CASE][PASSED] - Test Cases/Olusturma/Genel/Kutular/SiparisBilgileriGirilir: Test Cases/Olusturma/Genel/Kutular/SiparisBilgileriGirilir

2021-11-18 12:16:16 - [TEST_STEP][PASSED] - Method.TextDegerineEsitElementeTikla(findTestObject("Olusturma/Genel/Kutular/KapaliKutular"), "Sipariş Bilgileri"): Method.TextDegerineEsitElementeTikla is PASSED

2021-11-18 12:16:16 - [MESSAGE][INFO] - Finding Test Object 'Object Repository/Olusturma/Genel/Kutular/KapaliKutular'

2021-11-18 12:16:16 - [MESSAGE][INFO] - Checking timeout

2021-11-18 12:16:16 - [MESSAGE][INFO] - Finding web element with id: 'Object Repository/Olusturma/Genel/Kutular/KapaliKutular' located by 'By.cssSelector: .dxnb-headerCollapsed>span' in '10' second(s)

2021-11-18 12:16:16 - [MESSAGE][INFO] - Smart Wait Function is triggered

2021-11-18 12:16:16 - [MESSAGE][INFO] - Found 8 web elements with id: 'Object Repository/Olusturma/Genel/Kutular/KapaliKutular' located by 'By.cssSelector: .dxnb-headerCollapsed>span' in '10' second(s)

2021-11-18 12:16:16 - [MESSAGE][PASSED] - Method.TextDegerineEsitElementeTikla is PASSED

2021-11-18 12:16:16 - [TEST_STEP][PASSED] - waitForElementPresent(findTestObject("Object Repository/Olusturma/Genel/Kutular/SiparisBilgileri/SiparisNo"), 10): Object 'Object Repository/Olusturma/Genel/Kutular/SiparisBilgileri/SiparisNo' is present

2021-11-18 12:16:16 - [MESSAGE][INFO] - Finding Test Object 'Object Repository/Olusturma/Genel/Kutular/SiparisBilgileri/SiparisNo'

2021-11-18 12:16:16 - [MESSAGE][INFO] - Checking object

2021-11-18 12:16:16 - [MESSAGE][INFO] - Finding web element from Test Object's properties

2021-11-18 12:16:16 - [MESSAGE][INFO] - Checking timeout

2021-11-18 12:16:16 - [MESSAGE][INFO] - Finding web element with id: 'Object Repository/Olusturma/Genel/Kutular/SiparisBilgileri/SiparisNo' located by 'By.xpath: //*[@id = 'txtSiparisNo_I']' in '10' second(s)

2021-11-18 12:16:16 - [MESSAGE][INFO] - Smart Wait Function is triggered

2021-11-18 12:16:16 - [MESSAGE][INFO] - Found 1 web elements with id: 'Object Repository/Olusturma/Genel/Kutular/SiparisBilgileri/SiparisNo' located by 'By.xpath: //*[@id = 'txtSiparisNo_I']' in '10' second(s)

2021-11-18 12:16:16 - [MESSAGE][PASSED] - Object 'Object Repository/Olusturma/Genel/Kutular/SiparisBilgileri/SiparisNo' is present

2021-11-18 12:16:16 - [TEST_STEP][PASSED] - clearText(findTestObject("Object Repository/Olusturma/Genel/Kutular/SiparisBilgileri/SiparisNo")): Text of object 'Object Repository/Olusturma/Genel/Kutular/SiparisBilgileri/SiparisNo' is cleared

2021-11-18 12:16:16 - [MESSAGE][INFO] - Finding Test Object 'Object Repository/Olusturma/Genel/Kutular/SiparisBilgileri/SiparisNo'

2021-11-18 12:16:16 - [MESSAGE][INFO] - Checking object

2021-11-18 12:16:16 - [MESSAGE][INFO] - Finding web element from Test Object's properties

2021-11-18 12:16:16 - [MESSAGE][INFO] - Checking timeout

2021-11-18 12:16:16 - [MESSAGE][INFO] - Finding web element with id: 'Object Repository/Olusturma/Genel/Kutular/SiparisBilgileri/SiparisNo' located by 'By.xpath: //*[@id = 'txtSiparisNo_I']' in '30' second(s)

2021-11-18 12:16:16 - [MESSAGE][INFO] - Smart Wait Function is triggered

2021-11-18 12:16:17 - [MESSAGE][INFO] - Found 1 web elements with id: 'Object Repository/Olusturma/Genel/Kutular/SiparisBilgileri/SiparisNo' located by 'By.xpath: //*[@id = 'txtSiparisNo_I']' in '30' second(s)

2021-11-18 12:16:17 - [MESSAGE][INFO] - Clearing text of object 'Object Repository/Olusturma/Genel/Kutular/SiparisBilgileri/SiparisNo'

2021-11-18 12:16:17 - [MESSAGE][PASSED] - Text of object 'Object Repository/Olusturma/Genel/Kutular/SiparisBilgileri/SiparisNo' is cleared

2021-11-18 12:16:17 - [TEST_STEP][PASSED] - sendKeys(findTestObject("Object Repository/Olusturma/Genel/Kutular/SiparisBilgileri/SiparisNo"), SiparisNo): Keys 'UUC-SAT-1200001' sent to object: 'Object Repository/Olusturma/Genel/Kutular/SiparisBilgileri/SiparisNo'

2021-11-18 12:16:17 - [MESSAGE][INFO] - Finding Test Object 'Object Repository/Olusturma/Genel/Kutular/SiparisBilgileri/SiparisNo'

2021-11-18 12:16:17 - [MESSAGE][INFO] - Sending keys 'UUC-SAT-1200001' to object: 'Object Repository/Olusturma/Genel/Kutular/SiparisBilgileri/SiparisNo'

2021-11-18 12:16:17 - [MESSAGE][INFO] - Finding web element from Test Object's properties

2021-11-18 12:16:17 - [MESSAGE][INFO] - Checking timeout

2021-11-18 12:16:17 - [MESSAGE][INFO] - Finding web element with id: 'Object Repository/Olusturma/Genel/Kutular/SiparisBilgileri/SiparisNo' located by 'By.xpath: //*[@id = 'txtSiparisNo_I']' in '30' second(s)

2021-11-18 12:16:17 - [MESSAGE][INFO] - Smart Wait Function is triggered

2021-11-18 12:16:17 - [MESSAGE][INFO] - Found 1 web elements with id: 'Object Repository/Olusturma/Genel/Kutular/SiparisBilgileri/SiparisNo' located by 'By.xpath: //*[@id = 'txtSiparisNo_I']' in '30' second(s)

2021-11-18 12:16:17 - [MESSAGE][PASSED] - Keys 'UUC-SAT-1200001' sent to object: 'Object Repository/Olusturma/Genel/Kutular/SiparisBilgileri/SiparisNo'

2021-11-18 12:16:17 - [TEST_STEP][PASSED] - waitForElementClickable(findTestObject("Object Repository/Olusturma/Genel/Kutular/SiparisBilgileri/SiparisTarihiImage"), 10): Object 'Object Repository/Olusturma/Genel/Kutular/SiparisBilgileri/SiparisTarihiImage' is clickable

2021-11-18 12:16:17 - [MESSAGE][INFO] - Finding Test Object 'Object Repository/Olusturma/Genel/Kutular/SiparisBilgileri/SiparisTarihiImage'

2021-11-18 12:16:17 - [MESSAGE][INFO] - Checking object

2021-11-18 12:16:17 - [MESSAGE][INFO] - Checking timeout

2021-11-18 12:16:17 - [MESSAGE][INFO] - Finding web element from Test Object's properties

2021-11-18 12:16:17 - [MESSAGE][INFO] - Checking timeout

2021-11-18 12:16:17 - [MESSAGE][INFO] - Finding web element with id: 'Object Repository/Olusturma/Genel/Kutular/SiparisBilgileri/SiparisTarihiImage' located by 'By.cssSelector: #dateSiparisTarih img' in '10' second(s)

2021-11-18 12:16:17 - [MESSAGE][INFO] - Smart Wait Function is triggered

2021-11-18 12:16:18 - [MESSAGE][INFO] - Found 1 web elements with id: 'Object Repository/Olusturma/Genel/Kutular/SiparisBilgileri/SiparisTarihiImage' located by 'By.cssSelector: #dateSiparisTarih img' in '10' second(s)

2021-11-18 12:16:18 - [MESSAGE][PASSED] - Object 'Object Repository/Olusturma/Genel/Kutular/SiparisBilgileri/SiparisTarihiImage' is clickable

2021-11-18 12:16:18 - [TEST_STEP][PASSED] - click(findTestObject("Object Repository/Olusturma/Genel/Kutular/SiparisBilgileri/SiparisTarihiImage")): Object: 'Object Repository/Olusturma/Genel/Kutular/SiparisBilgileri/SiparisTarihiImage' is clicked on

2021-11-18 12:16:18 - [MESSAGE][INFO] - Finding Test Object 'Object Repository/Olusturma/Genel/Kutular/SiparisBilgileri/SiparisTarihiImage'

2021-11-18 12:16:18 - [MESSAGE][INFO] - Checking object

2021-11-18 12:16:18 - [MESSAGE][INFO] - Finding web element from Test Object's properties

2021-11-18 12:16:18 - [MESSAGE][INFO] - Checking timeout

2021-11-18 12:16:18 - [MESSAGE][INFO] - Finding web element with id: 'Object Repository/Olusturma/Genel/Kutular/SiparisBilgileri/SiparisTarihiImage' located by 'By.cssSelector: #dateSiparisTarih img' in '30' second(s)

2021-11-18 12:16:18 - [MESSAGE][INFO] - Smart Wait Function is triggered

2021-11-18 12:16:18 - [MESSAGE][INFO] - Found 1 web elements with id: 'Object Repository/Olusturma/Genel/Kutular/SiparisBilgileri/SiparisTarihiImage' located by 'By.cssSelector: #dateSiparisTarih img' in '30' second(s)

2021-11-18 12:16:18 - [MESSAGE][INFO] - Clicking on object: 'Object Repository/Olusturma/Genel/Kutular/SiparisBilgileri/SiparisTarihiImage'

2021-11-18 12:16:18 - [MESSAGE][PASSED] - Object: 'Object Repository/Olusturma/Genel/Kutular/SiparisBilgileri/SiparisTarihiImage' is clicked on

2021-11-18 12:16:18 - [TEST_STEP][PASSED] - waitForElementPresent(findTestObject("Object Repository/Olusturma/Genel/Kutular/SiparisBilgileri/SiparisTarihi"), 10): Object 'Object Repository/Olusturma/Genel/Kutular/SiparisBilgileri/SiparisTarihi' is present

2021-11-18 12:16:18 - [MESSAGE][INFO] - Finding Test Object 'Object Repository/Olusturma/Genel/Kutular/SiparisBilgileri/SiparisTarihi'

2021-11-18 12:16:18 - [MESSAGE][INFO] - Checking object

2021-11-18 12:16:18 - [MESSAGE][INFO] - Finding web element from Test Object's properties

2021-11-18 12:16:18 - [MESSAGE][INFO] - Checking timeout

2021-11-18 12:16:18 - [MESSAGE][INFO] - Finding web element with id: 'Object Repository/Olusturma/Genel/Kutular/SiparisBilgileri/SiparisTarihi' located by 'By.xpath: //*[@id = 'dateSiparisTarih_I']' in '10' second(s)

2021-11-18 12:16:18 - [MESSAGE][INFO] - Smart Wait Function is triggered

2021-11-18 12:16:19 - [MESSAGE][INFO] - Found 1 web elements with id: 'Object Repository/Olusturma/Genel/Kutular/SiparisBilgileri/SiparisTarihi' located by 'By.xpath: //*[@id = 'dateSiparisTarih_I']' in '10' second(s)

2021-11-18 12:16:19 - [MESSAGE][PASSED] - Object 'Object Repository/Olusturma/Genel/Kutular/SiparisBilgileri/SiparisTarihi' is present

2021-11-18 12:16:19 - [TEST_STEP][PASSED] - clearText(findTestObject("Object Repository/Olusturma/Genel/Kutular/SiparisBilgileri/SiparisTarihi")): Text of object 'Object Repository/Olusturma/Genel/Kutular/SiparisBilgileri/SiparisTarihi' is cleared

2021-11-18 12:16:19 - [MESSAGE][INFO] - Finding Test Object 'Object Repository/Olusturma/Genel/Kutular/SiparisBilgileri/SiparisTarihi'

2021-11-18 12:16:19 - [MESSAGE][INFO] - Checking object

2021-11-18 12:16:19 - [MESSAGE][INFO] - Finding web element from Test Object's properties

2021-11-18 12:16:19 - [MESSAGE][INFO] - Checking timeout

2021-11-18 12:16:19 - [MESSAGE][INFO] - Finding web element with id: 'Object Repository/Olusturma/Genel/Kutular/SiparisBilgileri/SiparisTarihi' located by 'By.xpath: //*[@id = 'dateSiparisTarih_I']' in '30' second(s)

2021-11-18 12:16:19 - [MESSAGE][INFO] - Smart Wait Function is triggered

2021-11-18 12:16:19 - [MESSAGE][INFO] - Found 1 web elements with id: 'Object Repository/Olusturma/Genel/Kutular/SiparisBilgileri/SiparisTarihi' located by 'By.xpath: //*[@id = 'dateSiparisTarih_I']' in '30' second(s)

2021-11-18 12:16:19 - [MESSAGE][INFO] - Clearing text of object 'Object Repository/Olusturma/Genel/Kutular/SiparisBilgileri/SiparisTarihi'

2021-11-18 12:16:19 - [MESSAGE][PASSED] - Text of object 'Object Repository/Olusturma/Genel/Kutular/SiparisBilgileri/SiparisTarihi' is cleared

2021-11-18 12:16:19 - [TEST_STEP][PASSED] - sendKeys(findTestObject("Object Repository/Olusturma/Genel/Kutular/SiparisBilgileri/SiparisTarihi"), Tarih): Keys '31.04.2020' sent to object: 'Object Repository/Olusturma/Genel/Kutular/SiparisBilgileri/SiparisTarihi'

2021-11-18 12:16:19 - [MESSAGE][INFO] - Finding Test Object 'Object Repository/Olusturma/Genel/Kutular/SiparisBilgileri/SiparisTarihi'

2021-11-18 12:16:19 - [MESSAGE][INFO] - Sending keys '31.04.2020' to object: 'Object Repository/Olusturma/Genel/Kutular/SiparisBilgileri/SiparisTarihi'

2021-11-18 12:16:19 - [MESSAGE][INFO] - Finding web element from Test Object's properties

2021-11-18 12:16:19 - [MESSAGE][INFO] - Checking timeout

2021-11-18 12:16:19 - [MESSAGE][INFO] - Finding web element with id: 'Object Repository/Olusturma/Genel/Kutular/SiparisBilgileri/SiparisTarihi' located by 'By.xpath: //*[@id = 'dateSiparisTarih_I']' in '30' second(s)

2021-11-18 12:16:19 - [MESSAGE][INFO] - Smart Wait Function is triggered

2021-11-18 12:16:20 - [MESSAGE][INFO] - Found 1 web elements with id: 'Object Repository/Olusturma/Genel/Kutular/SiparisBilgileri/SiparisTarihi' located by 'By.xpath: //*[@id = 'dateSiparisTarih_I']' in '30' second(s)

2021-11-18 12:16:20 - [MESSAGE][PASSED] - Keys '31.04.2020' sent to object: 'Object Repository/Olusturma/Genel/Kutular/SiparisBilgileri/SiparisTarihi'

2021-11-18 12:16:20 - [MESSAGE][PASSED] - Call Test Case 'Test Cases/Olusturma/Genel/Kutular/SiparisBilgileriGirilir' successfully

2021-11-18 12:16:20 - [MESSAGE][INFO] - Checking called Test Case

2021-11-18 12:16:20 - [MESSAGE][INFO] - Starting to call Test Case 'Test Cases/Olusturma/Genel/Kutular/IrsaliyeBilgileri'

2021-11-18 12:16:20 - [TEST_CASE][PASSED] - Test Cases/Olusturma/Genel/Kutular/IrsaliyeBilgileri: Test Cases/Olusturma/Genel/Kutular/IrsaliyeBilgileri

2021-11-18 12:16:20 - [TEST_STEP][PASSED] - Method.TextDegerineEsitElementeTikla(findTestObject("Olusturma/Genel/Kutular/KapaliKutular"), "İrsaliye Bilgileri"): Method.TextDegerineEsitElementeTikla is PASSED

2021-11-18 12:16:20 - [MESSAGE][INFO] - Finding Test Object 'Object Repository/Olusturma/Genel/Kutular/KapaliKutular'

2021-11-18 12:16:20 - [MESSAGE][INFO] - Checking timeout

2021-11-18 12:16:20 - [MESSAGE][INFO] - Finding web element with id: 'Object Repository/Olusturma/Genel/Kutular/KapaliKutular' located by 'By.cssSelector: .dxnb-headerCollapsed>span' in '10' second(s)

2021-11-18 12:16:20 - [MESSAGE][INFO] - Smart Wait Function is triggered

2021-11-18 12:16:20 - [MESSAGE][INFO] - Found 8 web elements with id: 'Object Repository/Olusturma/Genel/Kutular/KapaliKutular' located by 'By.cssSelector: .dxnb-headerCollapsed>span' in '10' second(s)

2021-11-18 12:16:20 - [MESSAGE][PASSED] - Method.TextDegerineEsitElementeTikla is PASSED

2021-11-18 12:16:20 - [TEST_STEP][PASSED] - waitForElementClickable(findTestObject("Olusturma/Genel/Kutular/IrsaliyeBilgileri/Ekle"), 10): Object 'Object Repository/Olusturma/Genel/Kutular/IrsaliyeBilgileri/Ekle' is clickable

2021-11-18 12:16:20 - [MESSAGE][INFO] - Finding Test Object 'Object Repository/Olusturma/Genel/Kutular/IrsaliyeBilgileri/Ekle'

2021-11-18 12:16:20 - [MESSAGE][INFO] - Checking object

2021-11-18 12:16:20 - [MESSAGE][INFO] - Checking timeout

2021-11-18 12:16:20 - [MESSAGE][INFO] - Finding web element from Test Object's properties

2021-11-18 12:16:20 - [MESSAGE][INFO] - Checking timeout

2021-11-18 12:16:20 - [MESSAGE][INFO] - Finding web element with id: 'Object Repository/Olusturma/Genel/Kutular/IrsaliyeBilgileri/Ekle' located by 'By.xpath: //*[@id = 'DXEditorgvUserInvoiceBillsNewRowBtn']' in '10' second(s)

2021-11-18 12:16:20 - [MESSAGE][INFO] - Smart Wait Function is triggered

2021-11-18 12:16:21 - [MESSAGE][INFO] - Found 1 web elements with id: 'Object Repository/Olusturma/Genel/Kutular/IrsaliyeBilgileri/Ekle' located by 'By.xpath: //*[@id = 'DXEditorgvUserInvoiceBillsNewRowBtn']' in '10' second(s)

2021-11-18 12:16:21 - [MESSAGE][PASSED] - Object 'Object Repository/Olusturma/Genel/Kutular/IrsaliyeBilgileri/Ekle' is clickable

2021-11-18 12:16:21 - [TEST_STEP][PASSED] - click(findTestObject("Olusturma/Genel/Kutular/IrsaliyeBilgileri/Ekle")): Object: 'Object Repository/Olusturma/Genel/Kutular/IrsaliyeBilgileri/Ekle' is clicked on

2021-11-18 12:16:21 - [MESSAGE][INFO] - Finding Test Object 'Object Repository/Olusturma/Genel/Kutular/IrsaliyeBilgileri/Ekle'

2021-11-18 12:16:21 - [MESSAGE][INFO] - Checking object

2021-11-18 12:16:21 - [MESSAGE][INFO] - Finding web element from Test Object's properties

2021-11-18 12:16:21 - [MESSAGE][INFO] - Checking timeout

2021-11-18 12:16:21 - [MESSAGE][INFO] - Finding web element with id: 'Object Repository/Olusturma/Genel/Kutular/IrsaliyeBilgileri/Ekle' located by 'By.xpath: //*[@id = 'DXEditorgvUserInvoiceBillsNewRowBtn']' in '30' second(s)

2021-11-18 12:16:21 - [MESSAGE][INFO] - Smart Wait Function is triggered

2021-11-18 12:16:21 - [MESSAGE][INFO] - Found 1 web elements with id: 'Object Repository/Olusturma/Genel/Kutular/IrsaliyeBilgileri/Ekle' located by 'By.xpath: //*[@id = 'DXEditorgvUserInvoiceBillsNewRowBtn']' in '30' second(s)

2021-11-18 12:16:21 - [MESSAGE][INFO] - Clicking on object: 'Object Repository/Olusturma/Genel/Kutular/IrsaliyeBilgileri/Ekle'

2021-11-18 12:16:21 - [MESSAGE][PASSED] - Object: 'Object Repository/Olusturma/Genel/Kutular/IrsaliyeBilgileri/Ekle' is clicked on

2021-11-18 12:16:21 - [TEST_STEP][PASSED] - waitForElementPresent(findTestObject("Object Repository/Olusturma/Genel/Kutular/IrsaliyeBilgileri/IrsaliyeNumarasi"), 10): Object 'Object Repository/Olusturma/Genel/Kutular/IrsaliyeBilgileri/IrsaliyeNumarasi' is present

2021-11-18 12:16:21 - [MESSAGE][INFO] - Finding Test Object 'Object Repository/Olusturma/Genel/Kutular/IrsaliyeBilgileri/IrsaliyeNumarasi'

2021-11-18 12:16:21 - [MESSAGE][INFO] - Checking object

2021-11-18 12:16:21 - [MESSAGE][INFO] - Finding web element from Test Object's properties

2021-11-18 12:16:21 - [MESSAGE][INFO] - Checking timeout

2021-11-18 12:16:21 - [MESSAGE][INFO] - Finding web element with id: 'Object Repository/Olusturma/Genel/Kutular/IrsaliyeBilgileri/IrsaliyeNumarasi' located by 'By.xpath: //*[@id = 'gvUserInvoiceBills_DXEditor1_I']' in '10' second(s)

2021-11-18 12:16:21 - [MESSAGE][INFO] - Smart Wait Function is triggered

2021-11-18 12:16:21 - [MESSAGE][INFO] - Smart Wait Function is triggered

2021-11-18 12:16:22 - [MESSAGE][INFO] - Found 1 web elements with id: 'Object Repository/Olusturma/Genel/Kutular/IrsaliyeBilgileri/IrsaliyeNumarasi' located by 'By.xpath: //*[@id = 'gvUserInvoiceBills_DXEditor1_I']' in '10' second(s)

2021-11-18 12:16:22 - [MESSAGE][PASSED] - Object 'Object Repository/Olusturma/Genel/Kutular/IrsaliyeBilgileri/IrsaliyeNumarasi' is present

2021-11-18 12:16:22 - [TEST_STEP][PASSED] - clearText(findTestObject("Object Repository/Olusturma/Genel/Kutular/IrsaliyeBilgileri/IrsaliyeNumarasi")): Text of object 'Object Repository/Olusturma/Genel/Kutular/IrsaliyeBilgileri/IrsaliyeNumarasi' is cleared

2021-11-18 12:16:22 - [MESSAGE][INFO] - Finding Test Object 'Object Repository/Olusturma/Genel/Kutular/IrsaliyeBilgileri/IrsaliyeNumarasi'

2021-11-18 12:16:22 - [MESSAGE][INFO] - Checking object

2021-11-18 12:16:22 - [MESSAGE][INFO] - Finding web element from Test Object's properties

2021-11-18 12:16:22 - [MESSAGE][INFO] - Checking timeout

2021-11-18 12:16:22 - [MESSAGE][INFO] - Finding web element with id: 'Object Repository/Olusturma/Genel/Kutular/IrsaliyeBilgileri/IrsaliyeNumarasi' located by 'By.xpath: //*[@id = 'gvUserInvoiceBills_DXEditor1_I']' in '30' second(s)

2021-11-18 12:16:22 - [MESSAGE][INFO] - Smart Wait Function is triggered

2021-11-18 12:16:23 - [MESSAGE][INFO] - Found 1 web elements with id: 'Object Repository/Olusturma/Genel/Kutular/IrsaliyeBilgileri/IrsaliyeNumarasi' located by 'By.xpath: //*[@id = 'gvUserInvoiceBills_DXEditor1_I']' in '30' second(s)

2021-11-18 12:16:23 - [MESSAGE][INFO] - Clearing text of object 'Object Repository/Olusturma/Genel/Kutular/IrsaliyeBilgileri/IrsaliyeNumarasi'

2021-11-18 12:16:23 - [MESSAGE][PASSED] - Text of object 'Object Repository/Olusturma/Genel/Kutular/IrsaliyeBilgileri/IrsaliyeNumarasi' is cleared

2021-11-18 12:16:23 - [TEST_STEP][PASSED] - sendKeys(findTestObject("Object Repository/Olusturma/Genel/Kutular/IrsaliyeBilgileri/IrsaliyeNumarasi"), Numara): Keys 'AAAAAAAAAA' sent to object: 'Object Repository/Olusturma/Genel/Kutular/IrsaliyeBilgileri/IrsaliyeNumarasi'

2021-11-18 12:16:23 - [MESSAGE][INFO] - Finding Test Object 'Object Repository/Olusturma/Genel/Kutular/IrsaliyeBilgileri/IrsaliyeNumarasi'

2021-11-18 12:16:23 - [MESSAGE][INFO] - Sending keys 'AAAAAAAAAA' to object: 'Object Repository/Olusturma/Genel/Kutular/IrsaliyeBilgileri/IrsaliyeNumarasi'

2021-11-18 12:16:23 - [MESSAGE][INFO] - Finding web element from Test Object's properties

2021-11-18 12:16:23 - [MESSAGE][INFO] - Checking timeout

2021-11-18 12:16:23 - [MESSAGE][INFO] - Finding web element with id: 'Object Repository/Olusturma/Genel/Kutular/IrsaliyeBilgileri/IrsaliyeNumarasi' located by 'By.xpath: //*[@id = 'gvUserInvoiceBills_DXEditor1_I']' in '30' second(s)

2021-11-18 12:16:23 - [MESSAGE][INFO] - Smart Wait Function is triggered

2021-11-18 12:16:23 - [MESSAGE][INFO] - Found 1 web elements with id: 'Object Repository/Olusturma/Genel/Kutular/IrsaliyeBilgileri/IrsaliyeNumarasi' located by 'By.xpath: //*[@id = 'gvUserInvoiceBills_DXEditor1_I']' in '30' second(s)

2021-11-18 12:16:23 - [MESSAGE][PASSED] - Keys 'AAAAAAAAAA' sent to object: 'Object Repository/Olusturma/Genel/Kutular/IrsaliyeBilgileri/IrsaliyeNumarasi'

2021-11-18 12:16:23 - [TEST_STEP][PASSED] - waitForElementClickable(findTestObject("Object Repository/Olusturma/Genel/Kutular/IrsaliyeBilgileri/IrsaliyeTarihi"), 10): Object 'Object Repository/Olusturma/Genel/Kutular/IrsaliyeBilgileri/IrsaliyeTarihi' is clickable

2021-11-18 12:16:23 - [MESSAGE][INFO] - Finding Test Object 'Object Repository/Olusturma/Genel/Kutular/IrsaliyeBilgileri/IrsaliyeTarihi'

2021-11-18 12:16:23 - [MESSAGE][INFO] - Checking object

2021-11-18 12:16:23 - [MESSAGE][INFO] - Checking timeout

2021-11-18 12:16:23 - [MESSAGE][INFO] - Finding web element from Test Object's properties

2021-11-18 12:16:23 - [MESSAGE][INFO] - Checking timeout

2021-11-18 12:16:23 - [MESSAGE][INFO] - Finding web element with id: 'Object Repository/Olusturma/Genel/Kutular/IrsaliyeBilgileri/IrsaliyeTarihi' located by 'By.xpath: //*[@id = 'gvUserInvoiceBills_DXEditor2_I']' in '10' second(s)

2021-11-18 12:16:23 - [MESSAGE][INFO] - Smart Wait Function is triggered

2021-11-18 12:16:24 - [MESSAGE][INFO] - Found 1 web elements with id: 'Object Repository/Olusturma/Genel/Kutular/IrsaliyeBilgileri/IrsaliyeTarihi' located by 'By.xpath: //*[@id = 'gvUserInvoiceBills_DXEditor2_I']' in '10' second(s)

2021-11-18 12:16:24 - [MESSAGE][PASSED] - Object 'Object Repository/Olusturma/Genel/Kutular/IrsaliyeBilgileri/IrsaliyeTarihi' is clickable

2021-11-18 12:16:24 - [TEST_STEP][PASSED] - click(findTestObject("Object Repository/Olusturma/Genel/Kutular/IrsaliyeBilgileri/IrsaliyeTarihi")): Object: 'Object Repository/Olusturma/Genel/Kutular/IrsaliyeBilgileri/IrsaliyeTarihi' is clicked on

2021-11-18 12:16:24 - [MESSAGE][INFO] - Finding Test Object 'Object Repository/Olusturma/Genel/Kutular/IrsaliyeBilgileri/IrsaliyeTarihi'

2021-11-18 12:16:24 - [MESSAGE][INFO] - Checking object

2021-11-18 12:16:24 - [MESSAGE][INFO] - Finding web element from Test Object's properties

2021-11-18 12:16:24 - [MESSAGE][INFO] - Checking timeout

2021-11-18 12:16:24 - [MESSAGE][INFO] - Finding web element with id: 'Object Repository/Olusturma/Genel/Kutular/IrsaliyeBilgileri/IrsaliyeTarihi' located by 'By.xpath: //*[@id = 'gvUserInvoiceBills_DXEditor2_I']' in '30' second(s)

2021-11-18 12:16:24 - [MESSAGE][INFO] - Smart Wait Function is triggered

2021-11-18 12:16:24 - [MESSAGE][INFO] - Found 1 web elements with id: 'Object Repository/Olusturma/Genel/Kutular/IrsaliyeBilgileri/IrsaliyeTarihi' located by 'By.xpath: //*[@id = 'gvUserInvoiceBills_DXEditor2_I']' in '30' second(s)

2021-11-18 12:16:24 - [MESSAGE][INFO] - Clicking on object: 'Object Repository/Olusturma/Genel/Kutular/IrsaliyeBilgileri/IrsaliyeTarihi'

2021-11-18 12:16:24 - [MESSAGE][PASSED] - Object: 'Object Repository/Olusturma/Genel/Kutular/IrsaliyeBilgileri/IrsaliyeTarihi' is clicked on

2021-11-18 12:16:24 - [TEST_STEP][PASSED] - sendKeys(findTestObject("Object Repository/Olusturma/Genel/Kutular/IrsaliyeBilgileri/IrsaliyeTarihi"), Tarih): Keys '31.04.2020' sent to object: 'Object Repository/Olusturma/Genel/Kutular/IrsaliyeBilgileri/IrsaliyeTarihi'

2021-11-18 12:16:24 - [MESSAGE][INFO] - Finding Test Object 'Object Repository/Olusturma/Genel/Kutular/IrsaliyeBilgileri/IrsaliyeTarihi'

2021-11-18 12:16:24 - [MESSAGE][INFO] - Sending keys '31.04.2020' to object: 'Object Repository/Olusturma/Genel/Kutular/IrsaliyeBilgileri/IrsaliyeTarihi'

2021-11-18 12:16:24 - [MESSAGE][INFO] - Finding web element from Test Object's properties

2021-11-18 12:16:24 - [MESSAGE][INFO] - Checking timeout

2021-11-18 12:16:24 - [MESSAGE][INFO] - Finding web element with id: 'Object Repository/Olusturma/Genel/Kutular/IrsaliyeBilgileri/IrsaliyeTarihi' located by 'By.xpath: //*[@id = 'gvUserInvoiceBills_DXEditor2_I']' in '30' second(s)

2021-11-18 12:16:24 - [MESSAGE][INFO] - Smart Wait Function is triggered

2021-11-18 12:16:24 - [MESSAGE][INFO] - Found 1 web elements with id: 'Object Repository/Olusturma/Genel/Kutular/IrsaliyeBilgileri/IrsaliyeTarihi' located by 'By.xpath: //*[@id = 'gvUserInvoiceBills_DXEditor2_I']' in '30' second(s)

2021-11-18 12:16:25 - [MESSAGE][PASSED] - Keys '31.04.2020' sent to object: 'Object Repository/Olusturma/Genel/Kutular/IrsaliyeBilgileri/IrsaliyeTarihi'

2021-11-18 12:16:25 - [MESSAGE][PASSED] - Call Test Case 'Test Cases/Olusturma/Genel/Kutular/IrsaliyeBilgileri' successfully

2021-11-18 12:16:25 - [MESSAGE][INFO] - Checking called Test Case

2021-11-18 12:16:25 - [MESSAGE][INFO] - Starting to call Test Case 'Test Cases/Olusturma/Genel/EkleButonunaBasilir'

2021-11-18 12:16:25 - [TEST_CASE][PASSED] - Test Cases/Olusturma/Genel/EkleButonunaBasilir: Test Cases/Olusturma/Genel/EkleButonunaBasilir

2021-11-18 12:16:25 - [TEST_STEP][PASSED] - waitForElementClickable(findTestObject("Object Repository/Olusturma/Genel/Olusturma/Ekle"), 10): Object 'Object Repository/Olusturma/Genel/Olusturma/Ekle' is clickable

2021-11-18 12:16:25 - [MESSAGE][INFO] - Finding Test Object 'Object Repository/Olusturma/Genel/Olusturma/Ekle'

2021-11-18 12:16:25 - [MESSAGE][INFO] - Checking object

2021-11-18 12:16:25 - [MESSAGE][INFO] - Checking timeout

2021-11-18 12:16:25 - [MESSAGE][INFO] - Finding web element from Test Object's properties

2021-11-18 12:16:25 - [MESSAGE][INFO] - Checking timeout

2021-11-18 12:16:25 - [MESSAGE][INFO] - Finding web element with id: 'Object Repository/Olusturma/Genel/Olusturma/Ekle' located by 'By.cssSelector: #divmalhizmet i.fa.fa-plus.fa-lg.text-muted' in '10' second(s)

2021-11-18 12:16:25 - [MESSAGE][INFO] - Smart Wait Function is triggered

2021-11-18 12:16:25 - [MESSAGE][INFO] - Found 1 web elements with id: 'Object Repository/Olusturma/Genel/Olusturma/Ekle' located by 'By.cssSelector: #divmalhizmet i.fa.fa-plus.fa-lg.text-muted' in '10' second(s)

2021-11-18 12:16:25 - [MESSAGE][PASSED] - Object 'Object Repository/Olusturma/Genel/Olusturma/Ekle' is clickable

2021-11-18 12:16:25 - [TEST_STEP][PASSED] - click(findTestObject("Object Repository/Olusturma/Genel/Olusturma/Ekle")): Object: 'Object Repository/Olusturma/Genel/Olusturma/Ekle' is clicked on

2021-11-18 12:16:25 - [MESSAGE][INFO] - Finding Test Object 'Object Repository/Olusturma/Genel/Olusturma/Ekle'

2021-11-18 12:16:25 - [MESSAGE][INFO] - Checking object

2021-11-18 12:16:25 - [MESSAGE][INFO] - Finding web element from Test Object's properties

2021-11-18 12:16:25 - [MESSAGE][INFO] - Checking timeout

2021-11-18 12:16:25 - [MESSAGE][INFO] - Finding web element with id: 'Object Repository/Olusturma/Genel/Olusturma/Ekle' located by 'By.cssSelector: #divmalhizmet i.fa.fa-plus.fa-lg.text-muted' in '30' second(s)

2021-11-18 12:16:25 - [MESSAGE][INFO] - Smart Wait Function is triggered

2021-11-18 12:16:25 - [MESSAGE][INFO] - Found 1 web elements with id: 'Object Repository/Olusturma/Genel/Olusturma/Ekle' located by 'By.cssSelector: #divmalhizmet i.fa.fa-plus.fa-lg.text-muted' in '30' second(s)

2021-11-18 12:16:25 - [MESSAGE][INFO] - Clicking on object: 'Object Repository/Olusturma/Genel/Olusturma/Ekle'

2021-11-18 12:16:25 - [MESSAGE][PASSED] - Object: 'Object Repository/Olusturma/Genel/Olusturma/Ekle' is clicked on

2021-11-18 12:16:25 - [TEST_STEP][PASSED] - waitForElementClickable(findTestObject("Olusturma/Genel/Olusturma/EklenenSatirCarpiImage"), 10): Object 'Object Repository/Olusturma/Genel/Olusturma/EklenenSatirCarpiImage' is clickable

2021-11-18 12:16:25 - [MESSAGE][INFO] - Finding Test Object 'Object Repository/Olusturma/Genel/Olusturma/EklenenSatirCarpiImage'

2021-11-18 12:16:25 - [MESSAGE][INFO] - Checking object

2021-11-18 12:16:25 - [MESSAGE][INFO] - Checking timeout

2021-11-18 12:16:25 - [MESSAGE][INFO] - Finding web element from Test Object's properties

2021-11-18 12:16:25 - [MESSAGE][INFO] - Checking timeout

2021-11-18 12:16:25 - [MESSAGE][INFO] - Finding web element with id: 'Object Repository/Olusturma/Genel/Olusturma/EklenenSatirCarpiImage' located by 'By.cssSelector: .fa.fa-times.fa-lg.text-primary' in '10' second(s)

2021-11-18 12:16:25 - [MESSAGE][INFO] - Smart Wait Function is triggered

2021-11-18 12:16:26 - [MESSAGE][INFO] - Found 1 web elements with id: 'Object Repository/Olusturma/Genel/Olusturma/EklenenSatirCarpiImage' located by 'By.cssSelector: .fa.fa-times.fa-lg.text-primary' in '10' second(s)

2021-11-18 12:16:26 - [MESSAGE][PASSED] - Object 'Object Repository/Olusturma/Genel/Olusturma/EklenenSatirCarpiImage' is clickable

2021-11-18 12:16:26 - [MESSAGE][PASSED] - Call Test Case 'Test Cases/Olusturma/Genel/EkleButonunaBasilir' successfully

2021-11-18 12:16:26 - [MESSAGE][INFO] - Checking called Test Case

2021-11-18 12:16:26 - [MESSAGE][INFO] - Starting to call Test Case 'Test Cases/Olusturma/Genel/Olusturma'

2021-11-18 12:16:26 - [TEST_CASE][PASSED] - Test Cases/Olusturma/Genel/Olusturma: Test Cases/Olusturma/Genel/Olusturma

2021-11-18 12:16:26 - [TEST_STEP][PASSED] - driver = getWebDriver(): null

2021-11-18 12:16:26 - [TEST_STEP][PASSED] - action = new org.openqa.selenium.interactions.Actions(driver): null

2021-11-18 12:16:26 - [TEST_STEP][PASSED] - baslikElement = <not implemented yet for class: org.codehaus.groovy.ast.expr.EmptyExpression>: null

2021-11-18 12:16:26 - [TEST_STEP][PASSED] - sonElement = <not implemented yet for class: org.codehaus.groovy.ast.expr.EmptyExpression>: null

2021-11-18 12:16:26 - [TEST_STEP][PASSED] - attr = <not implemented yet for class: org.codehaus.groovy.ast.expr.EmptyExpression>: null

2021-11-18 12:16:26 - [TEST_STEP][PASSED] - a = 0: null

2021-11-18 12:16:26 - [TEST_STEP][PASSED] - elements = findWebElements(findTestObject("Object Repository/Olusturma/Genel/Olusturma/TabloBasliklari"), 10): Found 13 web elements with id: 'Object Repository/Olusturma/Genel/Olusturma/TabloBasliklari' located by 'By.cssSelector: div#divmalhizmet .dxgvTable_LECustomTheme td.dxgvHeader_LECustomTheme tr>td:nth-child(1)' in '10' second(s)

2021-11-18 12:16:26 - [MESSAGE][INFO] - Finding Test Object 'Object Repository/Olusturma/Genel/Olusturma/TabloBasliklari'

2021-11-18 12:16:26 - [MESSAGE][INFO] - Checking timeout

2021-11-18 12:16:26 - [MESSAGE][INFO] - Finding web element with id: 'Object Repository/Olusturma/Genel/Olusturma/TabloBasliklari' located by 'By.cssSelector: div#divmalhizmet .dxgvTable_LECustomTheme td.dxgvHeader_LECustomTheme tr>td:nth-child(1)' in '10' second(s)

2021-11-18 12:16:26 - [MESSAGE][INFO] - Smart Wait Function is triggered

2021-11-18 12:16:27 - [MESSAGE][INFO] - Found 13 web elements with id: 'Object Repository/Olusturma/Genel/Olusturma/TabloBasliklari' located by 'By.cssSelector: div#divmalhizmet .dxgvTable_LECustomTheme td.dxgvHeader_LECustomTheme tr>td:nth-child(1)' in '10' second(s)

2021-11-18 12:16:27 - [TEST_STEP][PASSED] - for (def element : elements): null

2021-11-18 12:16:27 - [TEST_STEP][PASSED] - build().perform(): null

2021-11-18 12:16:27 - [TEST_STEP][PASSED] - if (getText().equals(Baslik)): null

2021-11-18 12:16:27 - [TEST_STEP][PASSED] - baslikElement = element.findElement(By.xpath("../../../..")): Smart Wait Function is triggered

2021-11-18 12:16:27 - [MESSAGE][INFO] - Smart Wait Function is triggered

2021-11-18 12:16:27 - [TEST_STEP][PASSED] - attr = baslikElement.getAttribute("id"): null

2021-11-18 12:16:27 - [TEST_STEP][PASSED] - println("girdi ve idsini aldı = " + attr): null

2021-11-18 12:16:27 - [TEST_STEP][PASSED] - break: null

2021-11-18 12:16:27 - [TEST_STEP][PASSED] - countElement = baslikElement.findElements(By.xpath("../td")): Smart Wait Function is triggered

2021-11-18 12:16:27 - [MESSAGE][INFO] - Smart Wait Function is triggered

2021-11-18 12:16:28 - [TEST_STEP][PASSED] - for (def element : countElement): null

2021-11-18 12:16:28 - [TEST_STEP][PASSED] - if (toString().equals(attr.toString())): null

2021-11-18 12:16:28 - [TEST_STEP][PASSED] - (a++): null

2021-11-18 12:16:28 - [TEST_STEP][PASSED] - if (toString().equals(attr.toString())): null

2021-11-18 12:16:28 - [TEST_STEP][PASSED] - break: null

2021-11-18 12:16:28 - [TEST_STEP][PASSED] - son = findWebElement(findTestObject("Object Repository/Olusturma/Genel/Olusturma/EklenenSatir")).findElement(By.xpath("td[@class='dxgvInlineEditCell_LECustomTheme dxgv'][" + a + "]//td[@class='dxic']/input")): Smart Wait Function is triggered

2021-11-18 12:16:28 - [MESSAGE][INFO] - Finding Test Object 'Object Repository/Olusturma/Genel/Olusturma/EklenenSatir'

2021-11-18 12:16:28 - [MESSAGE][INFO] - Finding web element from Test Object's properties

2021-11-18 12:16:28 - [MESSAGE][INFO] - Checking timeout

2021-11-18 12:16:28 - [MESSAGE][INFO] - Finding web element with id: 'Object Repository/Olusturma/Genel/Olusturma/EklenenSatir' located by 'By.cssSelector: #divmalhizmet .dxgvInlineEditRow_LECustomTheme' in '30' second(s)

2021-11-18 12:16:28 - [MESSAGE][INFO] - Smart Wait Function is triggered

2021-11-18 12:16:28 - [MESSAGE][INFO] - Found 1 web elements with id: 'Object Repository/Olusturma/Genel/Olusturma/EklenenSatir' located by 'By.cssSelector: #divmalhizmet .dxgvInlineEditRow_LECustomTheme' in '30' second(s)

2021-11-18 12:16:28 - [MESSAGE][INFO] - Smart Wait Function is triggered

2021-11-18 12:16:28 - [TEST_STEP][PASSED] - if (!(getAttribute("value").contains("Vkn"))): null

2021-11-18 12:16:28 - [TEST_STEP][PASSED] - son.clear(): null

2021-11-18 12:16:28 - [TEST_STEP][PASSED] - son.sendKeys(Deger): null

2021-11-18 12:16:28 - [MESSAGE][PASSED] - Call Test Case 'Test Cases/Olusturma/Genel/Olusturma' successfully

2021-11-18 12:16:28 - [MESSAGE][INFO] - Checking called Test Case

2021-11-18 12:16:28 - [MESSAGE][INFO] - Starting to call Test Case 'Test Cases/Olusturma/Genel/Olusturma'

2021-11-18 12:16:29 - [TEST_CASE][PASSED] - Test Cases/Olusturma/Genel/Olusturma: Test Cases/Olusturma/Genel/Olusturma

2021-11-18 12:16:29 - [TEST_STEP][PASSED] - driver = getWebDriver(): null

2021-11-18 12:16:29 - [TEST_STEP][PASSED] - action = new org.openqa.selenium.interactions.Actions(driver): null

2021-11-18 12:16:29 - [TEST_STEP][PASSED] - baslikElement = <not implemented yet for class: org.codehaus.groovy.ast.expr.EmptyExpression>: null

2021-11-18 12:16:29 - [TEST_STEP][PASSED] - sonElement = <not implemented yet for class: org.codehaus.groovy.ast.expr.EmptyExpression>: null

2021-11-18 12:16:29 - [TEST_STEP][PASSED] - attr = <not implemented yet for class: org.codehaus.groovy.ast.expr.EmptyExpression>: null

2021-11-18 12:16:29 - [TEST_STEP][PASSED] - a = 0: null

2021-11-18 12:16:29 - [TEST_STEP][PASSED] - elements = findWebElements(findTestObject("Object Repository/Olusturma/Genel/Olusturma/TabloBasliklari"), 10): Found 13 web elements with id: 'Object Repository/Olusturma/Genel/Olusturma/TabloBasliklari' located by 'By.cssSelector: div#divmalhizmet .dxgvTable_LECustomTheme td.dxgvHeader_LECustomTheme tr>td:nth-child(1)' in '10' second(s)

2021-11-18 12:16:29 - [MESSAGE][INFO] - Finding Test Object 'Object Repository/Olusturma/Genel/Olusturma/TabloBasliklari'

2021-11-18 12:16:29 - [MESSAGE][INFO] - Checking timeout

2021-11-18 12:16:29 - [MESSAGE][INFO] - Finding web element with id: 'Object Repository/Olusturma/Genel/Olusturma/TabloBasliklari' located by 'By.cssSelector: div#divmalhizmet .dxgvTable_LECustomTheme td.dxgvHeader_LECustomTheme tr>td:nth-child(1)' in '10' second(s)

2021-11-18 12:16:29 - [MESSAGE][INFO] - Smart Wait Function is triggered

2021-11-18 12:16:29 - [MESSAGE][INFO] - Found 13 web elements with id: 'Object Repository/Olusturma/Genel/Olusturma/TabloBasliklari' located by 'By.cssSelector: div#divmalhizmet .dxgvTable_LECustomTheme td.dxgvHeader_LECustomTheme tr>td:nth-child(1)' in '10' second(s)

2021-11-18 12:16:29 - [TEST_STEP][PASSED] - for (def element : elements): null

2021-11-18 12:16:29 - [TEST_STEP][PASSED] - build().perform(): null

2021-11-18 12:16:29 - [TEST_STEP][PASSED] - if (getText().equals(Baslik)): null

2021-11-18 12:16:29 - [TEST_STEP][PASSED] - build().perform(): null

2021-11-18 12:16:29 - [TEST_STEP][PASSED] - if (getText().equals(Baslik)): null

2021-11-18 12:16:29 - [TEST_STEP][PASSED] - baslikElement = element.findElement(By.xpath("../../../..")): Smart Wait Function is triggered

2021-11-18 12:16:29 - [MESSAGE][INFO] - Smart Wait Function is triggered

2021-11-18 12:16:29 - [TEST_STEP][PASSED] - attr = baslikElement.getAttribute("id"): null

2021-11-18 12:16:29 - [TEST_STEP][PASSED] - println("girdi ve idsini aldı = " + attr): null

2021-11-18 12:16:29 - [TEST_STEP][PASSED] - break: null

2021-11-18 12:16:29 - [TEST_STEP][PASSED] - countElement = baslikElement.findElements(By.xpath("../td")): Smart Wait Function is triggered

2021-11-18 12:16:29 - [MESSAGE][INFO] - Smart Wait Function is triggered

2021-11-18 12:16:30 - [TEST_STEP][PASSED] - for (def element : countElement): null

2021-11-18 12:16:30 - [TEST_STEP][PASSED] - if (toString().equals(attr.toString())): null

2021-11-18 12:16:30 - [TEST_STEP][PASSED] - (a++): null

2021-11-18 12:16:30 - [TEST_STEP][PASSED] - if (toString().equals(attr.toString())): null

2021-11-18 12:16:30 - [TEST_STEP][PASSED] - (a++): null

2021-11-18 12:16:30 - [TEST_STEP][PASSED] - if (toString().equals(attr.toString())): null

2021-11-18 12:16:30 - [TEST_STEP][PASSED] - break: null

2021-11-18 12:16:30 - [TEST_STEP][PASSED] - son = findWebElement(findTestObject("Object Repository/Olusturma/Genel/Olusturma/EklenenSatir")).findElement(By.xpath("td[@class='dxgvInlineEditCell_LECustomTheme dxgv'][" + a + "]//td[@class='dxic']/input")): Smart Wait Function is triggered

2021-11-18 12:16:30 - [MESSAGE][INFO] - Finding Test Object 'Object Repository/Olusturma/Genel/Olusturma/EklenenSatir'

2021-11-18 12:16:30 - [MESSAGE][INFO] - Finding web element from Test Object's properties

2021-11-18 12:16:30 - [MESSAGE][INFO] - Checking timeout

2021-11-18 12:16:30 - [MESSAGE][INFO] - Finding web element with id: 'Object Repository/Olusturma/Genel/Olusturma/EklenenSatir' located by 'By.cssSelector: #divmalhizmet .dxgvInlineEditRow_LECustomTheme' in '30' second(s)

2021-11-18 12:16:30 - [MESSAGE][INFO] - Smart Wait Function is triggered

2021-11-18 12:16:30 - [MESSAGE][INFO] - Found 1 web elements with id: 'Object Repository/Olusturma/Genel/Olusturma/EklenenSatir' located by 'By.cssSelector: #divmalhizmet .dxgvInlineEditRow_LECustomTheme' in '30' second(s)

2021-11-18 12:16:30 - [MESSAGE][INFO] - Smart Wait Function is triggered

2021-11-18 12:16:30 - [TEST_STEP][PASSED] - if (!(getAttribute("value").contains("Vkn"))): null

2021-11-18 12:16:30 - [TEST_STEP][PASSED] - son.clear(): null

2021-11-18 12:16:30 - [TEST_STEP][PASSED] - son.sendKeys(Deger): null

2021-11-18 12:16:31 - [MESSAGE][PASSED] - Call Test Case 'Test Cases/Olusturma/Genel/Olusturma' successfully

2021-11-18 12:16:31 - [MESSAGE][INFO] - Checking called Test Case

2021-11-18 12:16:31 - [MESSAGE][INFO] - Starting to call Test Case 'Test Cases/Olusturma/Genel/Olusturma'

2021-11-18 12:16:31 - [TEST_CASE][PASSED] - Test Cases/Olusturma/Genel/Olusturma: Test Cases/Olusturma/Genel/Olusturma

2021-11-18 12:16:31 - [TEST_STEP][PASSED] - driver = getWebDriver(): null

2021-11-18 12:16:31 - [TEST_STEP][PASSED] - action = new org.openqa.selenium.interactions.Actions(driver): null

2021-11-18 12:16:31 - [TEST_STEP][PASSED] - baslikElement = <not implemented yet for class: org.codehaus.groovy.ast.expr.EmptyExpression>: null

2021-11-18 12:16:31 - [TEST_STEP][PASSED] - sonElement = <not implemented yet for class: org.codehaus.groovy.ast.expr.EmptyExpression>: null

2021-11-18 12:16:31 - [TEST_STEP][PASSED] - attr = <not implemented yet for class: org.codehaus.groovy.ast.expr.EmptyExpression>: null

2021-11-18 12:16:31 - [TEST_STEP][PASSED] - a = 0: null

2021-11-18 12:16:31 - [TEST_STEP][PASSED] - elements = findWebElements(findTestObject("Object Repository/Olusturma/Genel/Olusturma/TabloBasliklari"), 10): Found 13 web elements with id: 'Object Repository/Olusturma/Genel/Olusturma/TabloBasliklari' located by 'By.cssSelector: div#divmalhizmet .dxgvTable_LECustomTheme td.dxgvHeader_LECustomTheme tr>td:nth-child(1)' in '10' second(s)

2021-11-18 12:16:31 - [MESSAGE][INFO] - Finding Test Object 'Object Repository/Olusturma/Genel/Olusturma/TabloBasliklari'

2021-11-18 12:16:31 - [MESSAGE][INFO] - Checking timeout

2021-11-18 12:16:31 - [MESSAGE][INFO] - Finding web element with id: 'Object Repository/Olusturma/Genel/Olusturma/TabloBasliklari' located by 'By.cssSelector: div#divmalhizmet .dxgvTable_LECustomTheme td.dxgvHeader_LECustomTheme tr>td:nth-child(1)' in '10' second(s)

2021-11-18 12:16:31 - [MESSAGE][INFO] - Smart Wait Function is triggered

2021-11-18 12:16:31 - [MESSAGE][INFO] - Found 13 web elements with id: 'Object Repository/Olusturma/Genel/Olusturma/TabloBasliklari' located by 'By.cssSelector: div#divmalhizmet .dxgvTable_LECustomTheme td.dxgvHeader_LECustomTheme tr>td:nth-child(1)' in '10' second(s)

2021-11-18 12:16:31 - [TEST_STEP][PASSED] - for (def element : elements): null

2021-11-18 12:16:31 - [TEST_STEP][PASSED] - build().perform(): null

2021-11-18 12:16:31 - [TEST_STEP][PASSED] - if (getText().equals(Baslik)): null

2021-11-18 12:16:31 - [TEST_STEP][PASSED] - build().perform(): null

2021-11-18 12:16:31 - [TEST_STEP][PASSED] - if (getText().equals(Baslik)): null

2021-11-18 12:16:31 - [TEST_STEP][PASSED] - build().perform(): null

2021-11-18 12:16:31 - [TEST_STEP][PASSED] - if (getText().equals(Baslik)): null

2021-11-18 12:16:31 - [TEST_STEP][PASSED] - build().perform(): null

2021-11-18 12:16:32 - [TEST_STEP][PASSED] - if (getText().equals(Baslik)): null

2021-11-18 12:16:32 - [TEST_STEP][PASSED] - baslikElement = element.findElement(By.xpath("../../../..")): Smart Wait Function is triggered

2021-11-18 12:16:32 - [MESSAGE][INFO] - Smart Wait Function is triggered

2021-11-18 12:16:32 - [TEST_STEP][PASSED] - attr = baslikElement.getAttribute("id"): null

2021-11-18 12:16:32 - [TEST_STEP][PASSED] - println("girdi ve idsini aldı = " + attr): null

2021-11-18 12:16:32 - [TEST_STEP][PASSED] - break: null

2021-11-18 12:16:32 - [TEST_STEP][PASSED] - countElement = baslikElement.findElements(By.xpath("../td")): Smart Wait Function is triggered

2021-11-18 12:16:32 - [MESSAGE][INFO] - Smart Wait Function is triggered

2021-11-18 12:16:32 - [TEST_STEP][PASSED] - for (def element : countElement): null

2021-11-18 12:16:32 - [TEST_STEP][PASSED] - if (toString().equals(attr.toString())): null

2021-11-18 12:16:32 - [TEST_STEP][PASSED] - (a++): null

2021-11-18 12:16:32 - [TEST_STEP][PASSED] - if (toString().equals(attr.toString())): null

2021-11-18 12:16:32 - [TEST_STEP][PASSED] - (a++): null

2021-11-18 12:16:32 - [TEST_STEP][PASSED] - if (toString().equals(attr.toString())): null

2021-11-18 12:16:32 - [TEST_STEP][PASSED] - (a++): null

2021-11-18 12:16:32 - [TEST_STEP][PASSED] - if (toString().equals(attr.toString())): null

2021-11-18 12:16:32 - [TEST_STEP][PASSED] - (a++): null

2021-11-18 12:16:32 - [TEST_STEP][PASSED] - if (toString().equals(attr.toString())): null

2021-11-18 12:16:32 - [TEST_STEP][PASSED] - break: null

2021-11-18 12:16:32 - [TEST_STEP][PASSED] - son = findWebElement(findTestObject("Object Repository/Olusturma/Genel/Olusturma/EklenenSatir")).findElement(By.xpath("td[@class='dxgvInlineEditCell_LECustomTheme dxgv'][" + a + "]//td[@class='dxic']/input")): Smart Wait Function is triggered

2021-11-18 12:16:32 - [MESSAGE][INFO] - Finding Test Object 'Object Repository/Olusturma/Genel/Olusturma/EklenenSatir'

2021-11-18 12:16:32 - [MESSAGE][INFO] - Finding web element from Test Object's properties

2021-11-18 12:16:32 - [MESSAGE][INFO] - Checking timeout

2021-11-18 12:16:32 - [MESSAGE][INFO] - Finding web element with id: 'Object Repository/Olusturma/Genel/Olusturma/EklenenSatir' located by 'By.cssSelector: #divmalhizmet .dxgvInlineEditRow_LECustomTheme' in '30' second(s)

2021-11-18 12:16:32 - [MESSAGE][INFO] - Smart Wait Function is triggered

2021-11-18 12:16:33 - [MESSAGE][INFO] - Found 1 web elements with id: 'Object Repository/Olusturma/Genel/Olusturma/EklenenSatir' located by 'By.cssSelector: #divmalhizmet .dxgvInlineEditRow_LECustomTheme' in '30' second(s)

2021-11-18 12:16:33 - [MESSAGE][INFO] - Smart Wait Function is triggered

2021-11-18 12:16:33 - [TEST_STEP][PASSED] - if (!(getAttribute("value").contains("Vkn"))): null

2021-11-18 12:16:33 - [TEST_STEP][PASSED] - son.clear(): null

2021-11-18 12:16:33 - [TEST_STEP][PASSED] - son.sendKeys(Deger): null

2021-11-18 12:16:33 - [MESSAGE][PASSED] - Call Test Case 'Test Cases/Olusturma/Genel/Olusturma' successfully

2021-11-18 12:16:33 - [MESSAGE][INFO] - Checking called Test Case

2021-11-18 12:16:33 - [MESSAGE][INFO] - Starting to call Test Case 'Test Cases/Olusturma/Genel/Olusturma'

2021-11-18 12:16:33 - [TEST_CASE][PASSED] - Test Cases/Olusturma/Genel/Olusturma: Test Cases/Olusturma/Genel/Olusturma

2021-11-18 12:16:33 - [TEST_STEP][PASSED] - driver = getWebDriver(): null

2021-11-18 12:16:33 - [TEST_STEP][PASSED] - action = new org.openqa.selenium.interactions.Actions(driver): null

2021-11-18 12:16:33 - [TEST_STEP][PASSED] - baslikElement = <not implemented yet for class: org.codehaus.groovy.ast.expr.EmptyExpression>: null

2021-11-18 12:16:33 - [TEST_STEP][PASSED] - sonElement = <not implemented yet for class: org.codehaus.groovy.ast.expr.EmptyExpression>: null

2021-11-18 12:16:33 - [TEST_STEP][PASSED] - attr = <not implemented yet for class: org.codehaus.groovy.ast.expr.EmptyExpression>: null

2021-11-18 12:16:33 - [TEST_STEP][PASSED] - a = 0: null

2021-11-18 12:16:33 - [TEST_STEP][PASSED] - elements = findWebElements(findTestObject("Object Repository/Olusturma/Genel/Olusturma/TabloBasliklari"), 10): Found 13 web elements with id: 'Object Repository/Olusturma/Genel/Olusturma/TabloBasliklari' located by 'By.cssSelector: div#divmalhizmet .dxgvTable_LECustomTheme td.dxgvHeader_LECustomTheme tr>td:nth-child(1)' in '10' second(s)

2021-11-18 12:16:33 - [MESSAGE][INFO] - Finding Test Object 'Object Repository/Olusturma/Genel/Olusturma/TabloBasliklari'

2021-11-18 12:16:33 - [MESSAGE][INFO] - Checking timeout

2021-11-18 12:16:33 - [MESSAGE][INFO] - Finding web element with id: 'Object Repository/Olusturma/Genel/Olusturma/TabloBasliklari' located by 'By.cssSelector: div#divmalhizmet .dxgvTable_LECustomTheme td.dxgvHeader_LECustomTheme tr>td:nth-child(1)' in '10' second(s)

2021-11-18 12:16:33 - [MESSAGE][INFO] - Smart Wait Function is triggered

2021-11-18 12:16:33 - [MESSAGE][INFO] - Found 13 web elements with id: 'Object Repository/Olusturma/Genel/Olusturma/TabloBasliklari' located by 'By.cssSelector: div#divmalhizmet .dxgvTable_LECustomTheme td.dxgvHeader_LECustomTheme tr>td:nth-child(1)' in '10' second(s)

2021-11-18 12:16:33 - [TEST_STEP][PASSED] - for (def element : elements): null

2021-11-18 12:16:33 - [TEST_STEP][PASSED] - build().perform(): null

2021-11-18 12:16:34 - [TEST_STEP][PASSED] - if (getText().equals(Baslik)): null

2021-11-18 12:16:34 - [TEST_STEP][PASSED] - build().perform(): null

2021-11-18 12:16:34 - [TEST_STEP][PASSED] - if (getText().equals(Baslik)): null

2021-11-18 12:16:34 - [TEST_STEP][PASSED] - build().perform(): null

2021-11-18 12:16:34 - [TEST_STEP][PASSED] - if (getText().equals(Baslik)): null

2021-11-18 12:16:34 - [TEST_STEP][PASSED] - build().perform(): null

2021-11-18 12:16:34 - [TEST_STEP][PASSED] - if (getText().equals(Baslik)): null

2021-11-18 12:16:34 - [TEST_STEP][PASSED] - build().perform(): null

2021-11-18 12:16:34 - [TEST_STEP][PASSED] - if (getText().equals(Baslik)): null

2021-11-18 12:16:34 - [TEST_STEP][PASSED] - build().perform(): null

2021-11-18 12:16:34 - [TEST_STEP][PASSED] - if (getText().equals(Baslik)): null

2021-11-18 12:16:34 - [TEST_STEP][PASSED] - baslikElement = element.findElement(By.xpath("../../../..")): Smart Wait Function is triggered

2021-11-18 12:16:34 - [MESSAGE][INFO] - Smart Wait Function is triggered

2021-11-18 12:16:35 - [TEST_STEP][PASSED] - attr = baslikElement.getAttribute("id"): null

2021-11-18 12:16:35 - [TEST_STEP][PASSED] - println("girdi ve idsini aldı = " + attr): null

2021-11-18 12:16:35 - [TEST_STEP][PASSED] - break: null

2021-11-18 12:16:35 - [TEST_STEP][PASSED] - countElement = baslikElement.findElements(By.xpath("../td")): Smart Wait Function is triggered

2021-11-18 12:16:35 - [MESSAGE][INFO] - Smart Wait Function is triggered

2021-11-18 12:16:35 - [TEST_STEP][PASSED] - for (def element : countElement): null

2021-11-18 12:16:35 - [TEST_STEP][PASSED] - if (toString().equals(attr.toString())): null

2021-11-18 12:16:35 - [TEST_STEP][PASSED] - (a++): null

2021-11-18 12:16:35 - [TEST_STEP][PASSED] - if (toString().equals(attr.toString())): null

2021-11-18 12:16:35 - [TEST_STEP][PASSED] - (a++): null

2021-11-18 12:16:35 - [TEST_STEP][PASSED] - if (toString().equals(attr.toString())): null

2021-11-18 12:16:35 - [TEST_STEP][PASSED] - (a++): null

2021-11-18 12:16:35 - [TEST_STEP][PASSED] - if (toString().equals(attr.toString())): null

2021-11-18 12:16:35 - [TEST_STEP][PASSED] - (a++): null

2021-11-18 12:16:35 - [TEST_STEP][PASSED] - if (toString().equals(attr.toString())): null

2021-11-18 12:16:35 - [TEST_STEP][PASSED] - (a++): null

2021-11-18 12:16:35 - [TEST_STEP][PASSED] - if (toString().equals(attr.toString())): null

2021-11-18 12:16:35 - [TEST_STEP][PASSED] - (a++): null

2021-11-18 12:16:35 - [TEST_STEP][PASSED] - if (toString().equals(attr.toString())): null

2021-11-18 12:16:35 - [TEST_STEP][PASSED] - break: null

2021-11-18 12:16:35 - [TEST_STEP][PASSED] - son = findWebElement(findTestObject("Object Repository/Olusturma/Genel/Olusturma/EklenenSatir")).findElement(By.xpath("td[@class='dxgvInlineEditCell_LECustomTheme dxgv'][" + a + "]//td[@class='dxic']/input")): Smart Wait Function is triggered

2021-11-18 12:16:35 - [MESSAGE][INFO] - Finding Test Object 'Object Repository/Olusturma/Genel/Olusturma/EklenenSatir'

2021-11-18 12:16:35 - [MESSAGE][INFO] - Finding web element from Test Object's properties

2021-11-18 12:16:35 - [MESSAGE][INFO] - Checking timeout

2021-11-18 12:16:35 - [MESSAGE][INFO] - Finding web element with id: 'Object Repository/Olusturma/Genel/Olusturma/EklenenSatir' located by 'By.cssSelector: #divmalhizmet .dxgvInlineEditRow_LECustomTheme' in '30' second(s)

2021-11-18 12:16:35 - [MESSAGE][INFO] - Smart Wait Function is triggered

2021-11-18 12:16:35 - [MESSAGE][INFO] - Found 1 web elements with id: 'Object Repository/Olusturma/Genel/Olusturma/EklenenSatir' located by 'By.cssSelector: #divmalhizmet .dxgvInlineEditRow_LECustomTheme' in '30' second(s)

2021-11-18 12:16:35 - [MESSAGE][INFO] - Smart Wait Function is triggered

2021-11-18 12:16:36 - [TEST_STEP][PASSED] - if (!(getAttribute("value").contains("Vkn"))): null

2021-11-18 12:16:36 - [TEST_STEP][PASSED] - son.clear(): null

2021-11-18 12:16:36 - [TEST_STEP][PASSED] - son.sendKeys(Deger): null

2021-11-18 12:16:36 - [MESSAGE][PASSED] - Call Test Case 'Test Cases/Olusturma/Genel/Olusturma' successfully

2021-11-18 12:16:36 - [MESSAGE][INFO] - Checking called Test Case

2021-11-18 12:16:36 - [MESSAGE][INFO] - Starting to call Test Case 'Test Cases/Olusturma/Genel/Olusturma'

2021-11-18 12:16:36 - [TEST_CASE][PASSED] - Test Cases/Olusturma/Genel/Olusturma: Test Cases/Olusturma/Genel/Olusturma

2021-11-18 12:16:36 - [TEST_STEP][PASSED] - driver = getWebDriver(): null

2021-11-18 12:16:36 - [TEST_STEP][PASSED] - action = new org.openqa.selenium.interactions.Actions(driver): null

2021-11-18 12:16:36 - [TEST_STEP][PASSED] - baslikElement = <not implemented yet for class: org.codehaus.groovy.ast.expr.EmptyExpression>: null

2021-11-18 12:16:36 - [TEST_STEP][PASSED] - sonElement = <not implemented yet for class: org.codehaus.groovy.ast.expr.EmptyExpression>: null

2021-11-18 12:16:36 - [TEST_STEP][PASSED] - attr = <not implemented yet for class: org.codehaus.groovy.ast.expr.EmptyExpression>: null

2021-11-18 12:16:36 - [TEST_STEP][PASSED] - a = 0: null

2021-11-18 12:16:36 - [TEST_STEP][PASSED] - elements = findWebElements(findTestObject("Object Repository/Olusturma/Genel/Olusturma/TabloBasliklari"), 10): Found 13 web elements with id: 'Object Repository/Olusturma/Genel/Olusturma/TabloBasliklari' located by 'By.cssSelector: div#divmalhizmet .dxgvTable_LECustomTheme td.dxgvHeader_LECustomTheme tr>td:nth-child(1)' in '10' second(s)

2021-11-18 12:16:36 - [MESSAGE][INFO] - Finding Test Object 'Object Repository/Olusturma/Genel/Olusturma/TabloBasliklari'

2021-11-18 12:16:36 - [MESSAGE][INFO] - Checking timeout

2021-11-18 12:16:36 - [MESSAGE][INFO] - Finding web element with id: 'Object Repository/Olusturma/Genel/Olusturma/TabloBasliklari' located by 'By.cssSelector: div#divmalhizmet .dxgvTable_LECustomTheme td.dxgvHeader_LECustomTheme tr>td:nth-child(1)' in '10' second(s)

2021-11-18 12:16:36 - [MESSAGE][INFO] - Smart Wait Function is triggered

2021-11-18 12:16:36 - [MESSAGE][INFO] - Found 13 web elements with id: 'Object Repository/Olusturma/Genel/Olusturma/TabloBasliklari' located by 'By.cssSelector: div#divmalhizmet .dxgvTable_LECustomTheme td.dxgvHeader_LECustomTheme tr>td:nth-child(1)' in '10' second(s)

2021-11-18 12:16:36 - [TEST_STEP][PASSED] - for (def element : elements): null

2021-11-18 12:16:36 - [TEST_STEP][PASSED] - build().perform(): null

2021-11-18 12:16:36 - [TEST_STEP][PASSED] - if (getText().equals(Baslik)): null

2021-11-18 12:16:36 - [TEST_STEP][PASSED] - build().perform(): null

2021-11-18 12:16:36 - [TEST_STEP][PASSED] - if (getText().equals(Baslik)): null

2021-11-18 12:16:37 - [TEST_STEP][PASSED] - build().perform(): null

2021-11-18 12:16:37 - [TEST_STEP][PASSED] - if (getText().equals(Baslik)): null

2021-11-18 12:16:37 - [TEST_STEP][PASSED] - build().perform(): null

2021-11-18 12:16:37 - [TEST_STEP][PASSED] - if (getText().equals(Baslik)): null

2021-11-18 12:16:37 - [TEST_STEP][PASSED] - build().perform(): null

2021-11-18 12:16:37 - [TEST_STEP][PASSED] - if (getText().equals(Baslik)): null

2021-11-18 12:16:37 - [TEST_STEP][PASSED] - build().perform(): null

2021-11-18 12:16:37 - [TEST_STEP][PASSED] - if (getText().equals(Baslik)): null

2021-11-18 12:16:37 - [TEST_STEP][PASSED] - build().perform(): null

2021-11-18 12:16:37 - [TEST_STEP][PASSED] - if (getText().equals(Baslik)): null

2021-11-18 12:16:37 - [TEST_STEP][PASSED] - baslikElement = element.findElement(By.xpath("../../../..")): Smart Wait Function is triggered

2021-11-18 12:16:37 - [MESSAGE][INFO] - Smart Wait Function is triggered

2021-11-18 12:16:38 - [TEST_STEP][PASSED] - attr = baslikElement.getAttribute("id"): null

2021-11-18 12:16:38 - [TEST_STEP][PASSED] - println("girdi ve idsini aldı = " + attr): null

2021-11-18 12:16:38 - [TEST_STEP][PASSED] - break: null

2021-11-18 12:16:38 - [TEST_STEP][PASSED] - countElement = baslikElement.findElements(By.xpath("../td")): Smart Wait Function is triggered

2021-11-18 12:16:38 - [MESSAGE][INFO] - Smart Wait Function is triggered

2021-11-18 12:16:38 - [TEST_STEP][PASSED] - for (def element : countElement): null

2021-11-18 12:16:38 - [TEST_STEP][PASSED] - if (toString().equals(attr.toString())): null

2021-11-18 12:16:38 - [TEST_STEP][PASSED] - (a++): null

2021-11-18 12:16:38 - [TEST_STEP][PASSED] - if (toString().equals(attr.toString())): null

2021-11-18 12:16:38 - [TEST_STEP][PASSED] - (a++): null

2021-11-18 12:16:38 - [TEST_STEP][PASSED] - if (toString().equals(attr.toString())): null

2021-11-18 12:16:38 - [TEST_STEP][PASSED] - (a++): null

2021-11-18 12:16:38 - [TEST_STEP][PASSED] - if (toString().equals(attr.toString())): null

2021-11-18 12:16:38 - [TEST_STEP][PASSED] - (a++): null

2021-11-18 12:16:38 - [TEST_STEP][PASSED] - if (toString().equals(attr.toString())): null

2021-11-18 12:16:38 - [TEST_STEP][PASSED] - (a++): null

2021-11-18 12:16:38 - [TEST_STEP][PASSED] - if (toString().equals(attr.toString())): null

2021-11-18 12:16:38 - [TEST_STEP][PASSED] - (a++): null

2021-11-18 12:16:38 - [TEST_STEP][PASSED] - if (toString().equals(attr.toString())): null

2021-11-18 12:16:38 - [TEST_STEP][PASSED] - (a++): null

2021-11-18 12:16:38 - [TEST_STEP][PASSED] - if (toString().equals(attr.toString())): null

2021-11-18 12:16:38 - [TEST_STEP][PASSED] - break: null

2021-11-18 12:16:38 - [TEST_STEP][PASSED] - son = findWebElement(findTestObject("Object Repository/Olusturma/Genel/Olusturma/EklenenSatir")).findElement(By.xpath("td[@class='dxgvInlineEditCell_LECustomTheme dxgv'][" + a + "]//td[@class='dxic']/input")): Smart Wait Function is triggered

2021-11-18 12:16:38 - [MESSAGE][INFO] - Finding Test Object 'Object Repository/Olusturma/Genel/Olusturma/EklenenSatir'

2021-11-18 12:16:38 - [MESSAGE][INFO] - Finding web element from Test Object's properties

2021-11-18 12:16:38 - [MESSAGE][INFO] - Checking timeout

2021-11-18 12:16:38 - [MESSAGE][INFO] - Finding web element with id: 'Object Repository/Olusturma/Genel/Olusturma/EklenenSatir' located by 'By.cssSelector: #divmalhizmet .dxgvInlineEditRow_LECustomTheme' in '30' second(s)

2021-11-18 12:16:38 - [MESSAGE][INFO] - Smart Wait Function is triggered

2021-11-18 12:16:38 - [MESSAGE][INFO] - Found 1 web elements with id: 'Object Repository/Olusturma/Genel/Olusturma/EklenenSatir' located by 'By.cssSelector: #divmalhizmet .dxgvInlineEditRow_LECustomTheme' in '30' second(s)

2021-11-18 12:16:38 - [MESSAGE][INFO] - Smart Wait Function is triggered

2021-11-18 12:16:39 - [TEST_STEP][PASSED] - if (!(getAttribute("value").contains("Vkn"))): null

2021-11-18 12:16:39 - [TEST_STEP][PASSED] - son.clear(): null

2021-11-18 12:16:39 - [TEST_STEP][PASSED] - son.sendKeys(Deger): null

2021-11-18 12:16:39 - [MESSAGE][PASSED] - Call Test Case 'Test Cases/Olusturma/Genel/Olusturma' successfully

2021-11-18 12:16:39 - [MESSAGE][INFO] - Checking called Test Case

2021-11-18 12:16:39 - [MESSAGE][INFO] - Starting to call Test Case 'Test Cases/Olusturma/Genel/NotGirilir'

2021-11-18 12:16:39 - [TEST_CASE][PASSED] - Test Cases/Olusturma/Genel/NotGirilir: Test Cases/Olusturma/Genel/NotGirilir

2021-11-18 12:16:39 - [TEST_STEP][PASSED] - i = 0: null

2021-11-18 12:16:39 - [TEST_STEP][PASSED] - waitForElementClickable(findTestObject("Olusturma/Genel/Not/Notlar"), 10): Object 'Object Repository/Olusturma/Genel/Not/Notlar' is clickable

2021-11-18 12:16:39 - [MESSAGE][INFO] - Finding Test Object 'Object Repository/Olusturma/Genel/Not/Notlar'

2021-11-18 12:16:39 - [MESSAGE][INFO] - Checking object

2021-11-18 12:16:39 - [MESSAGE][INFO] - Checking timeout

2021-11-18 12:16:39 - [MESSAGE][INFO] - Finding web element from Test Object's properties

2021-11-18 12:16:39 - [MESSAGE][INFO] - Checking timeout

2021-11-18 12:16:39 - [MESSAGE][INFO] - Finding web element with id: 'Object Repository/Olusturma/Genel/Not/Notlar' located by 'By.xpath: //*[@id = 'txtNote_I']' in '10' second(s)

2021-11-18 12:16:39 - [MESSAGE][INFO] - Smart Wait Function is triggered

2021-11-18 12:16:39 - [MESSAGE][INFO] - Found 1 web elements with id: 'Object Repository/Olusturma/Genel/Not/Notlar' located by 'By.xpath: //*[@id = 'txtNote_I']' in '10' second(s)

2021-11-18 12:16:39 - [MESSAGE][PASSED] - Object 'Object Repository/Olusturma/Genel/Not/Notlar' is clickable

2021-11-18 12:16:39 - [TEST_STEP][PASSED] - clearText(findTestObject("Olusturma/Genel/Not/Notlar")): Text of object 'Object Repository/Olusturma/Genel/Not/Notlar' is cleared

2021-11-18 12:16:39 - [MESSAGE][INFO] - Finding Test Object 'Object Repository/Olusturma/Genel/Not/Notlar'

2021-11-18 12:16:39 - [MESSAGE][INFO] - Checking object

2021-11-18 12:16:39 - [MESSAGE][INFO] - Finding web element from Test Object's properties

2021-11-18 12:16:39 - [MESSAGE][INFO] - Checking timeout

2021-11-18 12:16:39 - [MESSAGE][INFO] - Finding web element with id: 'Object Repository/Olusturma/Genel/Not/Notlar' located by 'By.xpath: //*[@id = 'txtNote_I']' in '30' second(s)

2021-11-18 12:16:39 - [MESSAGE][INFO] - Smart Wait Function is triggered

2021-11-18 12:16:40 - [MESSAGE][INFO] - Found 1 web elements with id: 'Object Repository/Olusturma/Genel/Not/Notlar' located by 'By.xpath: //*[@id = 'txtNote_I']' in '30' second(s)

2021-11-18 12:16:40 - [MESSAGE][INFO] - Clearing text of object 'Object Repository/Olusturma/Genel/Not/Notlar'

2021-11-18 12:16:40 - [MESSAGE][PASSED] - Text of object 'Object Repository/Olusturma/Genel/Not/Notlar' is cleared

2021-11-18 12:16:40 - [TEST_STEP][PASSED] - click(findTestObject("Olusturma/Genel/Not/Notlar")): Object: 'Object Repository/Olusturma/Genel/Not/Notlar' is clicked on

2021-11-18 12:16:40 - [MESSAGE][INFO] - Finding Test Object 'Object Repository/Olusturma/Genel/Not/Notlar'

2021-11-18 12:16:40 - [MESSAGE][INFO] - Checking object

2021-11-18 12:16:40 - [MESSAGE][INFO] - Finding web element from Test Object's properties

2021-11-18 12:16:40 - [MESSAGE][INFO] - Checking timeout

2021-11-18 12:16:40 - [MESSAGE][INFO] - Finding web element with id: 'Object Repository/Olusturma/Genel/Not/Notlar' located by 'By.xpath: //*[@id = 'txtNote_I']' in '30' second(s)

2021-11-18 12:16:40 - [MESSAGE][INFO] - Smart Wait Function is triggered

2021-11-18 12:16:40 - [MESSAGE][INFO] - Found 1 web elements with id: 'Object Repository/Olusturma/Genel/Not/Notlar' located by 'By.xpath: //*[@id = 'txtNote_I']' in '30' second(s)

2021-11-18 12:16:40 - [MESSAGE][INFO] - Clicking on object: 'Object Repository/Olusturma/Genel/Not/Notlar'

2021-11-18 12:16:40 - [MESSAGE][PASSED] - Object: 'Object Repository/Olusturma/Genel/Not/Notlar' is clicked on

2021-11-18 12:16:40 - [TEST_STEP][PASSED] - while (true): null

2021-11-18 12:16:40 - [TEST_STEP][PASSED] - delay(1): Delayed 1 second(s)

2021-11-18 12:16:40 - [MESSAGE][INFO] - Delaying browser in 1 second(s)

2021-11-18 12:16:41 - [MESSAGE][PASSED] - Delayed 1 second(s)

2021-11-18 12:16:41 - [TEST_STEP][PASSED] - ajaxIsComplete = executeJavaScript("return jQuery.active == 0", null): Execute JavaScript 'return jQuery.active == 0' successfully

2021-11-18 12:16:41 - [MESSAGE][PASSED] - Execute JavaScript 'return jQuery.active == 0' successfully

2021-11-18 12:16:41 - [TEST_STEP][PASSED] - if (ajaxIsComplete): null

2021-11-18 12:16:41 - [TEST_STEP][PASSED] - if (i > 10): null

2021-11-18 12:16:41 - [TEST_STEP][PASSED] - (i++): null

2021-11-18 12:16:41 - [TEST_STEP][PASSED] - delay(1): Delayed 1 second(s)

2021-11-18 12:16:41 - [MESSAGE][INFO] - Delaying browser in 1 second(s)

2021-11-18 12:16:42 - [MESSAGE][PASSED] - Delayed 1 second(s)

2021-11-18 12:16:42 - [TEST_STEP][PASSED] - ajaxIsComplete = executeJavaScript("return jQuery.active == 0", null): Execute JavaScript 'return jQuery.active == 0' successfully

2021-11-18 12:16:42 - [MESSAGE][PASSED] - Execute JavaScript 'return jQuery.active == 0' successfully

2021-11-18 12:16:42 - [TEST_STEP][PASSED] - if (ajaxIsComplete): null

2021-11-18 12:16:42 - [TEST_STEP][PASSED] - break: null

2021-11-18 12:16:42 - [TEST_STEP][PASSED] - sendKeys(findTestObject("Olusturma/Genel/Not/Notlar"), Not): Keys 'Otomasyon Not' sent to object: 'Object Repository/Olusturma/Genel/Not/Notlar'

2021-11-18 12:16:42 - [MESSAGE][INFO] - Finding Test Object 'Object Repository/Olusturma/Genel/Not/Notlar'

2021-11-18 12:16:42 - [MESSAGE][INFO] - Sending keys 'Otomasyon Not' to object: 'Object Repository/Olusturma/Genel/Not/Notlar'

2021-11-18 12:16:42 - [MESSAGE][INFO] - Finding web element from Test Object's properties

2021-11-18 12:16:42 - [MESSAGE][INFO] - Checking timeout

2021-11-18 12:16:42 - [MESSAGE][INFO] - Finding web element with id: 'Object Repository/Olusturma/Genel/Not/Notlar' located by 'By.xpath: //*[@id = 'txtNote_I']' in '30' second(s)

2021-11-18 12:16:42 - [MESSAGE][INFO] - Smart Wait Function is triggered

2021-11-18 12:16:42 - [MESSAGE][INFO] - Found 1 web elements with id: 'Object Repository/Olusturma/Genel/Not/Notlar' located by 'By.xpath: //*[@id = 'txtNote_I']' in '30' second(s)

2021-11-18 12:16:43 - [MESSAGE][PASSED] - Keys 'Otomasyon Not' sent to object: 'Object Repository/Olusturma/Genel/Not/Notlar'

2021-11-18 12:16:43 - [MESSAGE][PASSED] - Call Test Case 'Test Cases/Olusturma/Genel/NotGirilir' successfully

2021-11-18 12:16:43 - [MESSAGE][INFO] - Checking called Test Case

2021-11-18 12:16:43 - [MESSAGE][INFO] - Starting to call Test Case 'Test Cases/Olusturma/Genel/EttnBilgisiKayitEdilir'

2021-11-18 12:16:43 - [TEST_CASE][PASSED] - Test Cases/Olusturma/Genel/EttnBilgisiKayitEdilir: Test Cases/Olusturma/Genel/EttnBilgisiKayitEdilir

2021-11-18 12:16:43 - [TEST_STEP][PASSED] - verifyElementPresent(findTestObject("Object Repository/Olusturma/Genel/Olusturma/eArsivEttnBilgisi"), 7): Object 'Object Repository/Olusturma/Genel/Olusturma/eArsivEttnBilgisi' is present

2021-11-18 12:16:43 - [MESSAGE][INFO] - Finding Test Object 'Object Repository/Olusturma/Genel/Olusturma/eArsivEttnBilgisi'

2021-11-18 12:16:43 - [MESSAGE][INFO] - Checking object

2021-11-18 12:16:43 - [MESSAGE][INFO] - Finding web element from Test Object's properties

2021-11-18 12:16:43 - [MESSAGE][INFO] - Checking timeout

2021-11-18 12:16:43 - [MESSAGE][INFO] - Finding web element with id: 'Object Repository/Olusturma/Genel/Olusturma/eArsivEttnBilgisi' located by 'By.xpath: //*[@id = 'Uuid_I']' in '7' second(s)

2021-11-18 12:16:43 - [MESSAGE][INFO] - Smart Wait Function is triggered

2021-11-18 12:16:43 - [MESSAGE][INFO] - Found 1 web elements with id: 'Object Repository/Olusturma/Genel/Olusturma/eArsivEttnBilgisi' located by 'By.xpath: //*[@id = 'Uuid_I']' in '7' second(s)

2021-11-18 12:16:43 - [MESSAGE][PASSED] - Object 'Object Repository/Olusturma/Genel/Olusturma/eArsivEttnBilgisi' is present

2021-11-18 12:16:43 - [TEST_STEP][PASSED] - ettn = getAttribute(findTestObject("Object Repository/Olusturma/Genel/Olusturma/eArsivEttnBilgisi"), "value"): Attribute 'value' of object 'Object Repository/Olusturma/Genel/Olusturma/eArsivEttnBilgisi' is: 'eba88fe5-7f24-4cc4-8ba0-06437fcc280e'

2021-11-18 12:16:43 - [MESSAGE][INFO] - Finding Test Object 'Object Repository/Olusturma/Genel/Olusturma/eArsivEttnBilgisi'

2021-11-18 12:16:43 - [MESSAGE][INFO] - Checking object

2021-11-18 12:16:43 - [MESSAGE][INFO] - Checking attribute

2021-11-18 12:16:43 - [MESSAGE][INFO] - Finding web element from Test Object's properties

2021-11-18 12:16:43 - [MESSAGE][INFO] - Checking timeout

2021-11-18 12:16:43 - [MESSAGE][INFO] - Finding web element with id: 'Object Repository/Olusturma/Genel/Olusturma/eArsivEttnBilgisi' located by 'By.xpath: //*[@id = 'Uuid_I']' in '30' second(s)

2021-11-18 12:16:43 - [MESSAGE][INFO] - Smart Wait Function is triggered

2021-11-18 12:16:43 - [MESSAGE][INFO] - Found 1 web elements with id: 'Object Repository/Olusturma/Genel/Olusturma/eArsivEttnBilgisi' located by 'By.xpath: //*[@id = 'Uuid_I']' in '30' second(s)

2021-11-18 12:16:43 - [MESSAGE][INFO] - Getting attribute 'value' of object 'Object Repository/Olusturma/Genel/Olusturma/eArsivEttnBilgisi'

2021-11-18 12:16:43 - [MESSAGE][PASSED] - Attribute 'value' of object 'Object Repository/Olusturma/Genel/Olusturma/eArsivEttnBilgisi' is: 'eba88fe5-7f24-4cc4-8ba0-06437fcc280e'

2021-11-18 12:16:43 - [MESSAGE][PASSED] - Call Test Case 'Test Cases/Olusturma/Genel/EttnBilgisiKayitEdilir' successfully

2021-11-18 12:16:43 - [MESSAGE][INFO] - Checking called Test Case

2021-11-18 12:16:43 - [MESSAGE][INFO] - Starting to call Test Case 'Test Cases/Olusturma/Genel/KaydetButonunaTiklanir'

2021-11-18 12:16:43 - [TEST_CASE][PASSED] - Test Cases/Olusturma/Genel/KaydetButonunaTiklanir: Test Cases/Olusturma/Genel/KaydetButonunaTiklanir

2021-11-18 12:16:43 - [TEST_STEP][PASSED] - i = 0: null

2021-11-18 12:16:43 - [TEST_STEP][PASSED] - waitForElementPresent(findTestObject("Olusturma/Genel/Not/Notlar"), 10): Object 'Object Repository/Olusturma/Genel/Not/Notlar' is present

2021-11-18 12:16:43 - [MESSAGE][INFO] - Finding Test Object 'Object Repository/Olusturma/Genel/Not/Notlar'

2021-11-18 12:16:44 - [MESSAGE][INFO] - Checking object

2021-11-18 12:16:44 - [MESSAGE][INFO] - Finding web element from Test Object's properties

2021-11-18 12:16:44 - [MESSAGE][INFO] - Checking timeout

2021-11-18 12:16:44 - [MESSAGE][INFO] - Finding web element with id: 'Object Repository/Olusturma/Genel/Not/Notlar' located by 'By.xpath: //*[@id = 'txtNote_I']' in '10' second(s)

2021-11-18 12:16:44 - [MESSAGE][INFO] - Smart Wait Function is triggered

2021-11-18 12:16:44 - [MESSAGE][INFO] - Found 1 web elements with id: 'Object Repository/Olusturma/Genel/Not/Notlar' located by 'By.xpath: //*[@id = 'txtNote_I']' in '10' second(s)

2021-11-18 12:16:44 - [MESSAGE][PASSED] - Object 'Object Repository/Olusturma/Genel/Not/Notlar' is present

2021-11-18 12:16:44 - [TEST_STEP][PASSED] - click(findTestObject("Olusturma/Genel/Not/Notlar")): Object: 'Object Repository/Olusturma/Genel/Not/Notlar' is clicked on

2021-11-18 12:16:44 - [MESSAGE][INFO] - Finding Test Object 'Object Repository/Olusturma/Genel/Not/Notlar'

2021-11-18 12:16:44 - [MESSAGE][INFO] - Checking object

2021-11-18 12:16:44 - [MESSAGE][INFO] - Finding web element from Test Object's properties

2021-11-18 12:16:44 - [MESSAGE][INFO] - Checking timeout

2021-11-18 12:16:44 - [MESSAGE][INFO] - Finding web element with id: 'Object Repository/Olusturma/Genel/Not/Notlar' located by 'By.xpath: //*[@id = 'txtNote_I']' in '30' second(s)

2021-11-18 12:16:44 - [MESSAGE][INFO] - Smart Wait Function is triggered

2021-11-18 12:16:44 - [MESSAGE][INFO] - Found 1 web elements with id: 'Object Repository/Olusturma/Genel/Not/Notlar' located by 'By.xpath: //*[@id = 'txtNote_I']' in '30' second(s)

2021-11-18 12:16:44 - [MESSAGE][INFO] - Clicking on object: 'Object Repository/Olusturma/Genel/Not/Notlar'

2021-11-18 12:16:44 - [MESSAGE][PASSED] - Object: 'Object Repository/Olusturma/Genel/Not/Notlar' is clicked on

2021-11-18 12:16:44 - [TEST_STEP][PASSED] - while (true): null

2021-11-18 12:16:44 - [TEST_STEP][PASSED] - delay(1): Delayed 1 second(s)

2021-11-18 12:16:44 - [MESSAGE][INFO] - Delaying browser in 1 second(s)

2021-11-18 12:16:45 - [MESSAGE][PASSED] - Delayed 1 second(s)

2021-11-18 12:16:45 - [TEST_STEP][PASSED] - ajaxIsComplete = executeJavaScript("return jQuery.active == 0", null): Execute JavaScript 'return jQuery.active == 0' successfully

2021-11-18 12:16:45 - [MESSAGE][PASSED] - Execute JavaScript 'return jQuery.active == 0' successfully

2021-11-18 12:16:45 - [TEST_STEP][PASSED] - if (ajaxIsComplete): null

2021-11-18 12:16:45 - [TEST_STEP][PASSED] - break: null

2021-11-18 12:16:45 - [TEST_STEP][PASSED] - waitForElementClickable(findTestObject("Object Repository/Olusturma/Genel/Buton"), 10): Object 'Object Repository/Olusturma/Genel/Buton' is clickable

2021-11-18 12:16:45 - [MESSAGE][INFO] - Finding Test Object 'Object Repository/Olusturma/Genel/Buton'

2021-11-18 12:16:45 - [MESSAGE][INFO] - Checking object

2021-11-18 12:16:45 - [MESSAGE][INFO] - Checking timeout

2021-11-18 12:16:45 - [MESSAGE][INFO] - Finding web element from Test Object's properties

2021-11-18 12:16:45 - [MESSAGE][INFO] - Checking timeout

2021-11-18 12:16:45 - [MESSAGE][INFO] - Finding web element with id: 'Object Repository/Olusturma/Genel/Buton' located by 'By.xpath: //*[@id = 'btnKaydet']' in '10' second(s)

2021-11-18 12:16:45 - [MESSAGE][INFO] - Smart Wait Function is triggered

2021-11-18 12:16:46 - [MESSAGE][INFO] - Found 1 web elements with id: 'Object Repository/Olusturma/Genel/Buton' located by 'By.xpath: //*[@id = 'btnKaydet']' in '10' second(s)

2021-11-18 12:16:46 - [MESSAGE][PASSED] - Object 'Object Repository/Olusturma/Genel/Buton' is clickable

2021-11-18 12:16:46 - [TEST_STEP][PASSED] - click(findTestObject("Object Repository/Olusturma/Genel/Buton")): Object: 'Object Repository/Olusturma/Genel/Buton' is clicked on

2021-11-18 12:16:46 - [MESSAGE][INFO] - Finding Test Object 'Object Repository/Olusturma/Genel/Buton'

2021-11-18 12:16:46 - [MESSAGE][INFO] - Checking object

2021-11-18 12:16:46 - [MESSAGE][INFO] - Finding web element from Test Object's properties

2021-11-18 12:16:46 - [MESSAGE][INFO] - Checking timeout

2021-11-18 12:16:46 - [MESSAGE][INFO] - Finding web element with id: 'Object Repository/Olusturma/Genel/Buton' located by 'By.xpath: //*[@id = 'btnKaydet']' in '30' second(s)

2021-11-18 12:16:46 - [MESSAGE][INFO] - Smart Wait Function is triggered

2021-11-18 12:16:46 - [MESSAGE][INFO] - Found 1 web elements with id: 'Object Repository/Olusturma/Genel/Buton' located by 'By.xpath: //*[@id = 'btnKaydet']' in '30' second(s)

2021-11-18 12:16:46 - [MESSAGE][INFO] - Clicking on object: 'Object Repository/Olusturma/Genel/Buton'

2021-11-18 12:16:48 - [MESSAGE][PASSED] - Object: 'Object Repository/Olusturma/Genel/Buton' is clicked on

2021-11-18 12:16:48 - [MESSAGE][PASSED] - Call Test Case 'Test Cases/Olusturma/Genel/KaydetButonunaTiklanir' successfully

2021-11-18 12:16:48 - [MESSAGE][INFO] - Checking called Test Case

2021-11-18 12:16:48 - [MESSAGE][INFO] - Starting to call Test Case 'Test Cases/Tablo/TablodaEttnliVeriOlusturulduMu'

2021-11-18 12:16:48 - [TEST_CASE][PASSED] - Test Cases/Tablo/TablodaEttnliVeriOlusturulduMu: Test Cases/Tablo/TablodaEttnliVeriOlusturulduMu

2021-11-18 12:16:48 - [TEST_STEP][PASSED] - Method.TextDegerineEsitElementVarMi(findTestObject("Tablo/OlusturulanVeri"), ettn): Method.TextDegerineEsitElementVarMi is PASSED

2021-11-18 12:16:48 - [MESSAGE][INFO] - Finding Test Object 'Object Repository/Tablo/OlusturulanVeri'

2021-11-18 12:16:49 - [MESSAGE][INFO] - Checking timeout

2021-11-18 12:16:49 - [MESSAGE][INFO] - Finding web element with id: 'Object Repository/Tablo/OlusturulanVeri' located by 'By.cssSelector: table.dxgvTable_LECustomTheme>tbody>tr:nth-child(3)>td.dxgv b,table.dxgvTable_LECustomTheme>tbody>tr:nth-child(3)>td.dxgv' in '10' second(s)

2021-11-18 12:16:49 - [MESSAGE][INFO] - Smart Wait Function is triggered

2021-11-18 12:16:49 - [MESSAGE][INFO] - Found 14 web elements with id: 'Object Repository/Tablo/OlusturulanVeri' located by 'By.cssSelector: table.dxgvTable_LECustomTheme>tbody>tr:nth-child(3)>td.dxgv b,table.dxgvTable_LECustomTheme>tbody>tr:nth-child(3)>td.dxgv' in '10' second(s)

2021-11-18 12:16:49 - [MESSAGE][PASSED] - Method.TextDegerineEsitElementVarMi is PASSED

2021-11-18 12:16:49 - [MESSAGE][PASSED] - Call Test Case 'Test Cases/Tablo/TablodaEttnliVeriOlusturulduMu' successfully

2021-11-18 12:16:49 - [MESSAGE][INFO] - Checking called Test Case

2021-11-18 12:16:49 - [MESSAGE][INFO] - Starting to call Test Case 'Test Cases/Tablo/TablodanEttnliVeriSec'

2021-11-18 12:16:49 - [TEST_CASE][PASSED] - Test Cases/Tablo/TablodanEttnliVeriSec: Test Cases/Tablo/TablodanEttnliVeriSec

2021-11-18 12:16:49 - [TEST_STEP][PASSED] - Method.TextDegerineEsitElementinAltindakineTikla(findTestObject("Tablo/Veriler"), findTestObject("Tablo/VerininCheckBoxi"), ettn): Method.TextDegerineEsitElementinAltindakineTikla is PASSED

2021-11-18 12:16:49 - [MESSAGE][INFO] - Finding Test Object 'Object Repository/Tablo/Veriler'

2021-11-18 12:16:49 - [MESSAGE][INFO] - Finding Test Object 'Object Repository/Tablo/VerininCheckBoxi'

2021-11-18 12:16:50 - [MESSAGE][INFO] - Checking timeout

2021-11-18 12:16:50 - [MESSAGE][INFO] - Finding web element with id: 'Object Repository/Tablo/Veriler' located by 'By.cssSelector: td.dxgv b ,td.dxgv' in '10' second(s)

2021-11-18 12:16:50 - [MESSAGE][INFO] - Smart Wait Function is triggered

2021-11-18 12:16:50 - [MESSAGE][INFO] - Found 84 web elements with id: 'Object Repository/Tablo/Veriler' located by 'By.cssSelector: td.dxgv b ,td.dxgv' in '10' second(s)

2021-11-18 12:16:50 - [MESSAGE][INFO] - Smart Wait Function is triggered

2021-11-18 12:16:50 - [MESSAGE][PASSED] - Method.TextDegerineEsitElementinAltindakineTikla is PASSED

2021-11-18 12:16:50 - [MESSAGE][PASSED] - Call Test Case 'Test Cases/Tablo/TablodanEttnliVeriSec' successfully

2021-11-18 12:16:50 - [MESSAGE][INFO] - Checking called Test Case

2021-11-18 12:16:50 - [MESSAGE][INFO] - Starting to call Test Case 'Test Cases/Butonlar/ButonaTikla'

2021-11-18 12:16:50 - [TEST_CASE][PASSED] - Test Cases/Butonlar/ButonaTikla: Test Cases/Butonlar/ButonaTikla

2021-11-18 12:16:50 - [TEST_STEP][PASSED] - Method.TextDegerineEsitElementeTiklaEquals(findTestObject("Butonlar/Butonlar"), Buton_Adi): Method.TextDegerineEsitElementeTiklaEquals is PASSED

2021-11-18 12:16:50 - [MESSAGE][INFO] - Finding Test Object 'Object Repository/Butonlar/Butonlar'

2021-11-18 12:16:50 - [MESSAGE][INFO] - Checking timeout

2021-11-18 12:16:50 - [MESSAGE][INFO] - Finding web element with id: 'Object Repository/Butonlar/Butonlar' located by 'By.cssSelector: .panel.panel-default.text-center.footerPanel .btn,.btn.btn-primary.btnControls' in '10' second(s)

2021-11-18 12:16:50 - [MESSAGE][INFO] - Smart Wait Function is triggered

2021-11-18 12:16:51 - [MESSAGE][INFO] - Found 9 web elements with id: 'Object Repository/Butonlar/Butonlar' located by 'By.cssSelector: .panel.panel-default.text-center.footerPanel .btn,.btn.btn-primary.btnControls' in '10' second(s)

2021-11-18 12:16:51 - [MESSAGE][PASSED] - Method.TextDegerineEsitElementeTiklaEquals is PASSED

2021-11-18 12:16:51 - [MESSAGE][PASSED] - Call Test Case 'Test Cases/Butonlar/ButonaTikla' successfully

2021-11-18 12:16:51 - [MESSAGE][INFO] - Checking called Test Case

2021-11-18 12:16:51 - [MESSAGE][INFO] - Starting to call Test Case 'Test Cases/Popup/PopupMesajiIceriyorMu'

2021-11-18 12:16:51 - [TEST_CASE][PASSED] - Test Cases/Popup/PopupMesajiIceriyorMu: Test Cases/Popup/PopupMesajiIceriyorMu

2021-11-18 12:16:51 - [TEST_STEP][PASSED] - waitForElementVisible(findTestObject("Popup/Popup"), 10): Object 'Object Repository/Popup/Popup' is visible

2021-11-18 12:16:51 - [MESSAGE][INFO] - Finding Test Object 'Object Repository/Popup/Popup'

2021-11-18 12:16:51 - [MESSAGE][INFO] - Checking object

2021-11-18 12:16:51 - [MESSAGE][INFO] - Checking timeout

2021-11-18 12:16:51 - [MESSAGE][INFO] - Finding web element from Test Object's properties

2021-11-18 12:16:51 - [MESSAGE][INFO] - Checking timeout

2021-11-18 12:16:51 - [MESSAGE][INFO] - Finding web element with id: 'Object Repository/Popup/Popup' located by 'By.cssSelector: .bootbox-body' in '10' second(s)

2021-11-18 12:16:51 - [MESSAGE][INFO] - Smart Wait Function is triggered

2021-11-18 12:16:52 - [MESSAGE][INFO] - Found 1 web elements with id: 'Object Repository/Popup/Popup' located by 'By.cssSelector: .bootbox-body' in '10' second(s)

2021-11-18 12:16:52 - [MESSAGE][PASSED] - Object 'Object Repository/Popup/Popup' is visible

2021-11-18 12:16:52 - [TEST_STEP][PASSED] - if (!(getText(findTestObject("Popup/Popup")).contains(Mesaj))): Text of object 'Object Repository/Popup/Popup' is: 'Oluşturulacak fatura numarası : EAR2021000000493 Fatura numarası oluşturulduktan sonra fatura silinemez. Fatura numarası, tarihi ve ön eki değiştirilemez. Devam etmek istiyor musunuz?'

2021-11-18 12:16:52 - [MESSAGE][INFO] - Finding Test Object 'Object Repository/Popup/Popup'

2021-11-18 12:16:52 - [MESSAGE][INFO] - Checking object

2021-11-18 12:16:52 - [MESSAGE][INFO] - Finding web element from Test Object's properties

2021-11-18 12:16:52 - [MESSAGE][INFO] - Checking timeout

2021-11-18 12:16:52 - [MESSAGE][INFO] - Finding web element with id: 'Object Repository/Popup/Popup' located by 'By.cssSelector: .bootbox-body' in '30' second(s)

2021-11-18 12:16:52 - [MESSAGE][INFO] - Smart Wait Function is triggered

2021-11-18 12:16:52 - [MESSAGE][INFO] - Found 1 web elements with id: 'Object Repository/Popup/Popup' located by 'By.cssSelector: .bootbox-body' in '30' second(s)

2021-11-18 12:16:52 - [MESSAGE][INFO] - Getting text of object 'Object Repository/Popup/Popup'

2021-11-18 12:16:52 - [MESSAGE][PASSED] - Text of object 'Object Repository/Popup/Popup' is: 'Oluşturulacak fatura numarası : EAR2021000000493 Fatura numarası oluşturulduktan sonra fatura silinemez. Fatura numarası, tarihi ve ön eki değiştirilemez. Devam etmek istiyor musunuz?'

2021-11-18 12:16:52 - [TEST_STEP][PASSED] - RaporNo = getText(findTestObject("Popup/Popup")).substring(0, 6): Text of object 'Object Repository/Popup/Popup' is: 'Oluşturulacak fatura numarası : EAR2021000000493 Fatura numarası oluşturulduktan sonra fatura silinemez. Fatura numarası, tarihi ve ön eki değiştirilemez. Devam etmek istiyor musunuz?'

2021-11-18 12:16:52 - [MESSAGE][INFO] - Finding Test Object 'Object Repository/Popup/Popup'

2021-11-18 12:16:53 - [MESSAGE][INFO] - Checking object

2021-11-18 12:16:53 - [MESSAGE][INFO] - Finding web element from Test Object's properties

2021-11-18 12:16:53 - [MESSAGE][INFO] - Checking timeout

2021-11-18 12:16:53 - [MESSAGE][INFO] - Finding web element with id: 'Object Repository/Popup/Popup' located by 'By.cssSelector: .bootbox-body' in '30' second(s)

2021-11-18 12:16:53 - [MESSAGE][INFO] - Smart Wait Function is triggered

2021-11-18 12:16:53 - [MESSAGE][INFO] - Found 1 web elements with id: 'Object Repository/Popup/Popup' located by 'By.cssSelector: .bootbox-body' in '30' second(s)

2021-11-18 12:16:53 - [MESSAGE][INFO] - Getting text of object 'Object Repository/Popup/Popup'

2021-11-18 12:16:53 - [MESSAGE][PASSED] - Text of object 'Object Repository/Popup/Popup' is: 'Oluşturulacak fatura numarası : EAR2021000000493 Fatura numarası oluşturulduktan sonra fatura silinemez. Fatura numarası, tarihi ve ön eki değiştirilemez. Devam etmek istiyor musunuz?'

2021-11-18 12:16:53 - [TEST_STEP][PASSED] - Console.println(RaporNo): null

2021-11-18 12:16:53 - [MESSAGE][PASSED] - Call Test Case 'Test Cases/Popup/PopupMesajiIceriyorMu' successfully

2021-11-18 12:16:53 - [MESSAGE][INFO] - Checking called Test Case

2021-11-18 12:16:53 - [MESSAGE][INFO] - Starting to call Test Case 'Test Cases/Popup/PopupButonSecilir'

2021-11-18 12:16:53 - [TEST_CASE][PASSED] - Test Cases/Popup/PopupButonSecilir: Test Cases/Popup/PopupButonSecilir

2021-11-18 12:16:53 - [TEST_STEP][PASSED] - Method.TextDegerineEsitElementeTikla(findTestObject("Popup/Popup_Butons"), Buton): Method.TextDegerineEsitElementeTikla is PASSED

2021-11-18 12:16:53 - [MESSAGE][INFO] - Finding Test Object 'Object Repository/Popup/Popup_Butons'

2021-11-18 12:16:53 - [MESSAGE][INFO] - Checking timeout

2021-11-18 12:16:53 - [MESSAGE][INFO] - Finding web element with id: 'Object Repository/Popup/Popup_Butons' located by 'By.cssSelector: .modal-footer>button' in '10' second(s)

2021-11-18 12:16:53 - [MESSAGE][INFO] - Smart Wait Function is triggered

2021-11-18 12:16:53 - [MESSAGE][INFO] - Found 2 web elements with id: 'Object Repository/Popup/Popup_Butons' located by 'By.cssSelector: .modal-footer>button' in '10' second(s)

2021-11-18 12:16:53 - [MESSAGE][PASSED] - Method.TextDegerineEsitElementeTikla is PASSED

2021-11-18 12:16:53 - [MESSAGE][PASSED] - Call Test Case 'Test Cases/Popup/PopupButonSecilir' successfully

2021-11-18 12:16:53 - [MESSAGE][INFO] - Checking called Test Case

2021-11-18 12:16:53 - [MESSAGE][INFO] - Starting to call Test Case 'Test Cases/Popup/PopupMesajiIceriyorMu'

2021-11-18 12:16:54 - [TEST_CASE][PASSED] - Test Cases/Popup/PopupMesajiIceriyorMu: Test Cases/Popup/PopupMesajiIceriyorMu

2021-11-18 12:16:54 - [TEST_STEP][PASSED] - waitForElementVisible(findTestObject("Popup/Popup"), 10): Object 'Object Repository/Popup/Popup' is visible

2021-11-18 12:16:54 - [MESSAGE][INFO] - Finding Test Object 'Object Repository/Popup/Popup'

2021-11-18 12:16:54 - [MESSAGE][INFO] - Checking object

2021-11-18 12:16:54 - [MESSAGE][INFO] - Checking timeout

2021-11-18 12:16:54 - [MESSAGE][INFO] - Finding web element from Test Object's properties

2021-11-18 12:16:54 - [MESSAGE][INFO] - Checking timeout

2021-11-18 12:16:54 - [MESSAGE][INFO] - Finding web element with id: 'Object Repository/Popup/Popup' located by 'By.cssSelector: .bootbox-body' in '10' second(s)

2021-11-18 12:16:54 - [MESSAGE][INFO] - Smart Wait Function is triggered

2021-11-18 12:16:54 - [MESSAGE][INFO] - Found 1 web elements with id: 'Object Repository/Popup/Popup' located by 'By.cssSelector: .bootbox-body' in '10' second(s)

2021-11-18 12:16:54 - [MESSAGE][PASSED] - Object 'Object Repository/Popup/Popup' is visible

2021-11-18 12:16:54 - [TEST_STEP][PASSED] - if (!(getText(findTestObject("Popup/Popup")).contains(Mesaj))): Text of object 'Object Repository/Popup/Popup' is: 'Fatura numaranız EAR2021000000493 olarak oluşmuştur.'

2021-11-18 12:16:54 - [MESSAGE][INFO] - Finding Test Object 'Object Repository/Popup/Popup'

2021-11-18 12:16:54 - [MESSAGE][INFO] - Checking object

2021-11-18 12:16:54 - [MESSAGE][INFO] - Finding web element from Test Object's properties

2021-11-18 12:16:54 - [MESSAGE][INFO] - Checking timeout

2021-11-18 12:16:54 - [MESSAGE][INFO] - Finding web element with id: 'Object Repository/Popup/Popup' located by 'By.cssSelector: .bootbox-body' in '30' second(s)

2021-11-18 12:16:54 - [MESSAGE][INFO] - Smart Wait Function is triggered

2021-11-18 12:16:55 - [MESSAGE][INFO] - Found 1 web elements with id: 'Object Repository/Popup/Popup' located by 'By.cssSelector: .bootbox-body' in '30' second(s)

2021-11-18 12:16:55 - [MESSAGE][INFO] - Getting text of object 'Object Repository/Popup/Popup'

2021-11-18 12:16:55 - [MESSAGE][PASSED] - Text of object 'Object Repository/Popup/Popup' is: 'Fatura numaranız EAR2021000000493 olarak oluşmuştur.'

2021-11-18 12:16:55 - [TEST_STEP][PASSED] - RaporNo = getText(findTestObject("Popup/Popup")).substring(0, 6): Text of object 'Object Repository/Popup/Popup' is: 'Fatura numaranız EAR2021000000493 olarak oluşmuştur.'

2021-11-18 12:16:55 - [MESSAGE][INFO] - Finding Test Object 'Object Repository/Popup/Popup'

2021-11-18 12:16:55 - [MESSAGE][INFO] - Checking object

2021-11-18 12:16:55 - [MESSAGE][INFO] - Finding web element from Test Object's properties

2021-11-18 12:16:55 - [MESSAGE][INFO] - Checking timeout

2021-11-18 12:16:55 - [MESSAGE][INFO] - Finding web element with id: 'Object Repository/Popup/Popup' located by 'By.cssSelector: .bootbox-body' in '30' second(s)

2021-11-18 12:16:55 - [MESSAGE][INFO] - Smart Wait Function is triggered

2021-11-18 12:16:55 - [MESSAGE][INFO] - Found 1 web elements with id: 'Object Repository/Popup/Popup' located by 'By.cssSelector: .bootbox-body' in '30' second(s)

2021-11-18 12:16:55 - [MESSAGE][INFO] - Getting text of object 'Object Repository/Popup/Popup'

2021-11-18 12:16:55 - [MESSAGE][PASSED] - Text of object 'Object Repository/Popup/Popup' is: 'Fatura numaranız EAR2021000000493 olarak oluşmuştur.'

2021-11-18 12:16:55 - [TEST_STEP][PASSED] - Console.println(RaporNo): null

2021-11-18 12:16:55 - [MESSAGE][PASSED] - Call Test Case 'Test Cases/Popup/PopupMesajiIceriyorMu' successfully

2021-11-18 12:16:55 - [MESSAGE][INFO] - Checking called Test Case

2021-11-18 12:16:55 - [MESSAGE][INFO] - Starting to call Test Case 'Test Cases/Popup/PopupButonSecilir'

2021-11-18 12:16:55 - [TEST_CASE][PASSED] - Test Cases/Popup/PopupButonSecilir: Test Cases/Popup/PopupButonSecilir

2021-11-18 12:16:55 - [TEST_STEP][PASSED] - Method.TextDegerineEsitElementeTikla(findTestObject("Popup/Popup_Butons"), Buton): Method.TextDegerineEsitElementeTikla is PASSED

2021-11-18 12:16:55 - [MESSAGE][INFO] - Finding Test Object 'Object Repository/Popup/Popup_Butons'

2021-11-18 12:16:55 - [MESSAGE][INFO] - Checking timeout

2021-11-18 12:16:55 - [MESSAGE][INFO] - Finding web element with id: 'Object Repository/Popup/Popup_Butons' located by 'By.cssSelector: .modal-footer>button' in '10' second(s)

2021-11-18 12:16:55 - [MESSAGE][INFO] - Smart Wait Function is triggered

2021-11-18 12:16:55 - [MESSAGE][INFO] - Found 1 web elements with id: 'Object Repository/Popup/Popup_Butons' located by 'By.cssSelector: .modal-footer>button' in '10' second(s)

2021-11-18 12:16:56 - [MESSAGE][PASSED] - Method.TextDegerineEsitElementeTikla is PASSED

2021-11-18 12:16:56 - [MESSAGE][PASSED] - Call Test Case 'Test Cases/Popup/PopupButonSecilir' successfully

2021-11-18 12:16:56 - [MESSAGE][INFO] - Checking called Test Case

2021-11-18 12:16:56 - [MESSAGE][INFO] - Starting to call Test Case 'Test Cases/Tablo/TablodanEttnliVeriSec'

2021-11-18 12:16:56 - [TEST_CASE][PASSED] - Test Cases/Tablo/TablodanEttnliVeriSec: Test Cases/Tablo/TablodanEttnliVeriSec

2021-11-18 12:16:56 - [TEST_STEP][PASSED] - Method.TextDegerineEsitElementinAltindakineTikla(findTestObject("Tablo/Veriler"), findTestObject("Tablo/VerininCheckBoxi"), ettn): Method.TextDegerineEsitElementinAltindakineTikla is PASSED

2021-11-18 12:16:56 - [MESSAGE][INFO] - Finding Test Object 'Object Repository/Tablo/Veriler'

2021-11-18 12:16:56 - [MESSAGE][INFO] - Finding Test Object 'Object Repository/Tablo/VerininCheckBoxi'

2021-11-18 12:16:56 - [MESSAGE][INFO] - Checking timeout

2021-11-18 12:16:56 - [MESSAGE][INFO] - Finding web element with id: 'Object Repository/Tablo/Veriler' located by 'By.cssSelector: td.dxgv b ,td.dxgv' in '10' second(s)

2021-11-18 12:16:56 - [MESSAGE][INFO] - Smart Wait Function is triggered

2021-11-18 12:16:56 - [MESSAGE][INFO] - Found 84 web elements with id: 'Object Repository/Tablo/Veriler' located by 'By.cssSelector: td.dxgv b ,td.dxgv' in '10' second(s)

2021-11-18 12:16:56 - [MESSAGE][INFO] - Smart Wait Function is triggered

2021-11-18 12:16:57 - [MESSAGE][PASSED] - Method.TextDegerineEsitElementinAltindakineTikla is PASSED

2021-11-18 12:16:57 - [MESSAGE][PASSED] - Call Test Case 'Test Cases/Tablo/TablodanEttnliVeriSec' successfully

2021-11-18 12:16:57 - [MESSAGE][INFO] - Checking called Test Case

2021-11-18 12:16:57 - [MESSAGE][INFO] - Starting to call Test Case 'Test Cases/Butonlar/ButonaTikla'

2021-11-18 12:16:57 - [TEST_CASE][PASSED] - Test Cases/Butonlar/ButonaTikla: Test Cases/Butonlar/ButonaTikla

2021-11-18 12:16:57 - [TEST_STEP][PASSED] - Method.TextDegerineEsitElementeTiklaEquals(findTestObject("Butonlar/Butonlar"), Buton_Adi): Method.TextDegerineEsitElementeTiklaEquals is PASSED

2021-11-18 12:16:57 - [MESSAGE][INFO] - Finding Test Object 'Object Repository/Butonlar/Butonlar'

2021-11-18 12:16:57 - [MESSAGE][INFO] - Checking timeout

2021-11-18 12:16:57 - [MESSAGE][INFO] - Finding web element with id: 'Object Repository/Butonlar/Butonlar' located by 'By.cssSelector: .panel.panel-default.text-center.footerPanel .btn,.btn.btn-primary.btnControls' in '10' second(s)

2021-11-18 12:16:57 - [MESSAGE][INFO] - Smart Wait Function is triggered

2021-11-18 12:16:57 - [MESSAGE][INFO] - Found 9 web elements with id: 'Object Repository/Butonlar/Butonlar' located by 'By.cssSelector: .panel.panel-default.text-center.footerPanel .btn,.btn.btn-primary.btnControls' in '10' second(s)

2021-11-18 12:16:58 - [MESSAGE][PASSED] - Method.TextDegerineEsitElementeTiklaEquals is PASSED

2021-11-18 12:16:58 - [MESSAGE][PASSED] - Call Test Case 'Test Cases/Butonlar/ButonaTikla' successfully

2021-11-18 12:16:58 - [MESSAGE][INFO] - Checking called Test Case

2021-11-18 12:16:58 - [MESSAGE][INFO] - Starting to call Test Case 'Test Cases/Popup/PopupMesajiIceriyorMu'

2021-11-18 12:16:58 - [TEST_CASE][PASSED] - Test Cases/Popup/PopupMesajiIceriyorMu: Test Cases/Popup/PopupMesajiIceriyorMu

2021-11-18 12:16:58 - [TEST_STEP][PASSED] - waitForElementVisible(findTestObject("Popup/Popup"), 10): Object 'Object Repository/Popup/Popup' is visible

2021-11-18 12:16:58 - [MESSAGE][INFO] - Finding Test Object 'Object Repository/Popup/Popup'

2021-11-18 12:16:58 - [MESSAGE][INFO] - Checking object

2021-11-18 12:16:58 - [MESSAGE][INFO] - Checking timeout

2021-11-18 12:16:58 - [MESSAGE][INFO] - Finding web element from Test Object's properties

2021-11-18 12:16:58 - [MESSAGE][INFO] - Checking timeout

2021-11-18 12:16:58 - [MESSAGE][INFO] - Finding web element with id: 'Object Repository/Popup/Popup' located by 'By.cssSelector: .bootbox-body' in '10' second(s)

2021-11-18 12:16:58 - [MESSAGE][INFO] - Smart Wait Function is triggered

2021-11-18 12:16:58 - [MESSAGE][INFO] - Found 1 web elements with id: 'Object Repository/Popup/Popup' located by 'By.cssSelector: .bootbox-body' in '10' second(s)

2021-11-18 12:16:58 - [MESSAGE][PASSED] - Object 'Object Repository/Popup/Popup' is visible

2021-11-18 12:16:58 - [TEST_STEP][PASSED] - if (!(getText(findTestObject("Popup/Popup")).contains(Mesaj))): Text of object 'Object Repository/Popup/Popup' is: 'EAR serisi için onaylanmamış belge(leri)niz bulunmaktadır.
Devam etmek istiyor musunuz?'

2021-11-18 12:16:58 - [MESSAGE][INFO] - Finding Test Object 'Object Repository/Popup/Popup'

2021-11-18 12:16:58 - [MESSAGE][INFO] - Checking object

2021-11-18 12:16:58 - [MESSAGE][INFO] - Finding web element from Test Object's properties

2021-11-18 12:16:58 - [MESSAGE][INFO] - Checking timeout

2021-11-18 12:16:58 - [MESSAGE][INFO] - Finding web element with id: 'Object Repository/Popup/Popup' located by 'By.cssSelector: .bootbox-body' in '30' second(s)

2021-11-18 12:16:58 - [MESSAGE][INFO] - Smart Wait Function is triggered

2021-11-18 12:16:59 - [MESSAGE][INFO] - Found 1 web elements with id: 'Object Repository/Popup/Popup' located by 'By.cssSelector: .bootbox-body' in '30' second(s)

2021-11-18 12:16:59 - [MESSAGE][INFO] - Getting text of object 'Object Repository/Popup/Popup'

2021-11-18 12:16:59 - [MESSAGE][PASSED] - Text of object 'Object Repository/Popup/Popup' is: 'EAR serisi için onaylanmamış belge(leri)niz bulunmaktadır.
Devam etmek istiyor musunuz?'

2021-11-18 12:16:59 - [TEST_STEP][PASSED] - RaporNo = getText(findTestObject("Popup/Popup")).substring(0, 6): Text of object 'Object Repository/Popup/Popup' is: 'EAR serisi için onaylanmamış belge(leri)niz bulunmaktadır.
Devam etmek istiyor musunuz?'

2021-11-18 12:16:59 - [MESSAGE][INFO] - Finding Test Object 'Object Repository/Popup/Popup'

2021-11-18 12:16:59 - [MESSAGE][INFO] - Checking object

2021-11-18 12:16:59 - [MESSAGE][INFO] - Finding web element from Test Object's properties

2021-11-18 12:16:59 - [MESSAGE][INFO] - Checking timeout

2021-11-18 12:16:59 - [MESSAGE][INFO] - Finding web element with id: 'Object Repository/Popup/Popup' located by 'By.cssSelector: .bootbox-body' in '30' second(s)

2021-11-18 12:16:59 - [MESSAGE][INFO] - Smart Wait Function is triggered

2021-11-18 12:16:59 - [MESSAGE][INFO] - Found 1 web elements with id: 'Object Repository/Popup/Popup' located by 'By.cssSelector: .bootbox-body' in '30' second(s)

2021-11-18 12:16:59 - [MESSAGE][INFO] - Getting text of object 'Object Repository/Popup/Popup'

2021-11-18 12:16:59 - [MESSAGE][PASSED] - Text of object 'Object Repository/Popup/Popup' is: 'EAR serisi için onaylanmamış belge(leri)niz bulunmaktadır.
Devam etmek istiyor musunuz?'

2021-11-18 12:16:59 - [TEST_STEP][PASSED] - Console.println(RaporNo): null

2021-11-18 12:16:59 - [MESSAGE][PASSED] - Call Test Case 'Test Cases/Popup/PopupMesajiIceriyorMu' successfully

2021-11-18 12:16:59 - [MESSAGE][INFO] - Checking called Test Case

2021-11-18 12:16:59 - [MESSAGE][INFO] - Starting to call Test Case 'Test Cases/Popup/PopupButonSecilir'

2021-11-18 12:16:59 - [TEST_CASE][PASSED] - Test Cases/Popup/PopupButonSecilir: Test Cases/Popup/PopupButonSecilir

2021-11-18 12:16:59 - [TEST_STEP][PASSED] - Method.TextDegerineEsitElementeTikla(findTestObject("Popup/Popup_Butons"), Buton): Method.TextDegerineEsitElementeTikla is PASSED

2021-11-18 12:16:59 - [MESSAGE][INFO] - Finding Test Object 'Object Repository/Popup/Popup_Butons'

2021-11-18 12:16:59 - [MESSAGE][INFO] - Checking timeout

2021-11-18 12:16:59 - [MESSAGE][INFO] - Finding web element with id: 'Object Repository/Popup/Popup_Butons' located by 'By.cssSelector: .modal-footer>button' in '10' second(s)

2021-11-18 12:16:59 - [MESSAGE][INFO] - Smart Wait Function is triggered

2021-11-18 12:16:59 - [MESSAGE][INFO] - Found 2 web elements with id: 'Object Repository/Popup/Popup_Butons' located by 'By.cssSelector: .modal-footer>button' in '10' second(s)

2021-11-18 12:16:59 - [MESSAGE][PASSED] - Method.TextDegerineEsitElementeTikla is PASSED

2021-11-18 12:16:59 - [MESSAGE][PASSED] - Call Test Case 'Test Cases/Popup/PopupButonSecilir' successfully

2021-11-18 12:16:59 - [MESSAGE][INFO] - Checking called Test Case

2021-11-18 12:16:59 - [MESSAGE][INFO] - Starting to call Test Case 'Test Cases/Menu/AnaMenuSecimi'

2021-11-18 12:16:59 - [TEST_CASE][PASSED] - Test Cases/Menu/AnaMenuSecimi: Test Cases/Menu/AnaMenuSecimi

2021-11-18 12:16:59 - [TEST_STEP][PASSED] - Method.TextDegerineEsitElementeTikla(findTestObject("Menu/Ana_Menu"), Ana_Menu): Method.TextDegerineEsitElementeTikla is PASSED

2021-11-18 12:16:59 - [MESSAGE][INFO] - Finding Test Object 'Object Repository/Menu/Ana_Menu'

2021-11-18 12:17:00 - [MESSAGE][INFO] - Checking timeout

2021-11-18 12:17:00 - [MESSAGE][INFO] - Finding web element with id: 'Object Repository/Menu/Ana_Menu' located by 'By.xpath: //*[@class = 'dropdown-toggle']' in '10' second(s)

2021-11-18 12:17:00 - [MESSAGE][INFO] - Smart Wait Function is triggered

2021-11-18 12:17:00 - [MESSAGE][INFO] - Found 13 web elements with id: 'Object Repository/Menu/Ana_Menu' located by 'By.xpath: //*[@class = 'dropdown-toggle']' in '10' second(s)

2021-11-18 12:17:00 - [MESSAGE][PASSED] - Method.TextDegerineEsitElementeTikla is PASSED

2021-11-18 12:17:00 - [MESSAGE][PASSED] - Call Test Case 'Test Cases/Menu/AnaMenuSecimi' successfully

2021-11-18 12:17:00 - [MESSAGE][INFO] - Checking called Test Case

2021-11-18 12:17:00 - [MESSAGE][INFO] - Starting to call Test Case 'Test Cases/Menu/BasligaGoreAltMenuSecimi'

2021-11-18 12:17:01 - [TEST_CASE][PASSED] - Test Cases/Menu/BasligaGoreAltMenuSecimi: Test Cases/Menu/BasligaGoreAltMenuSecimi

2021-11-18 12:17:01 - [TEST_STEP][PASSED] - Method.TextDegerineEsitElementinAltindakiTextDegerineEsitOlanaTikla(findTestObject("Menu/Menu_Basligi"), findTestObject("Menu/Basliga_Gore_Alt_Menu"), Baslik, Alt_Menu): Method.TextDegerineEsitElementinAltindakiTextDegerineEsitOlanaTikla is PASSED

2021-11-18 12:17:01 - [MESSAGE][INFO] - Finding Test Object 'Object Repository/Menu/Menu_Basligi'

2021-11-18 12:17:01 - [MESSAGE][INFO] - Finding Test Object 'Object Repository/Menu/Basliga_Gore_Alt_Menu'

2021-11-18 12:17:01 - [MESSAGE][INFO] - Checking timeout

2021-11-18 12:17:01 - [MESSAGE][INFO] - Finding web element with id: 'Object Repository/Menu/Menu_Basligi' located by 'By.xpath: //li[@class='dropdown dropdown-large open']//li[@class='dropdown-header']' in '10' second(s)

2021-11-18 12:17:01 - [MESSAGE][INFO] - Smart Wait Function is triggered

2021-11-18 12:17:01 - [MESSAGE][INFO] - Found 2 web elements with id: 'Object Repository/Menu/Menu_Basligi' located by 'By.xpath: //li[@class='dropdown dropdown-large open']//li[@class='dropdown-header']' in '10' second(s)

2021-11-18 12:17:01 - [MESSAGE][INFO] - Smart Wait Function is triggered

2021-11-18 12:17:02 - [MESSAGE][PASSED] - Method.TextDegerineEsitElementinAltindakiTextDegerineEsitOlanaTikla is PASSED

2021-11-18 12:17:02 - [MESSAGE][PASSED] - Call Test Case 'Test Cases/Menu/BasligaGoreAltMenuSecimi' successfully

2021-11-18 12:17:02 - [MESSAGE][INFO] - Checking called Test Case

2021-11-18 12:17:02 - [MESSAGE][INFO] - Starting to call Test Case 'Test Cases/Filtreler/EttnYaz'

2021-11-18 12:17:02 - [TEST_CASE][PASSED] - Test Cases/Filtreler/EttnYaz: Test Cases/Filtreler/EttnYaz

2021-11-18 12:17:02 - [TEST_STEP][PASSED] - Method.TextDegerineEsitElementinAltindakiTextboxtaYaz(findTestObject("Filtreler/Basliklar"), findTestObject("Filtreler/Basliga_Gore_Textbox"), "ETTN", ettn): Method.TextDegerineEsitElementinAltindakiTextboxtaYaz is PASSED

2021-11-18 12:17:02 - [MESSAGE][INFO] - Finding Test Object 'Object Repository/Filtreler/Basliklar'

2021-11-18 12:17:02 - [MESSAGE][INFO] - Finding Test Object 'Object Repository/Filtreler/Basliga_Gore_Textbox'

2021-11-18 12:17:02 - [MESSAGE][INFO] - Checking timeout

2021-11-18 12:17:02 - [MESSAGE][INFO] - Finding web element with id: 'Object Repository/Filtreler/Basliklar' located by 'By.cssSelector: .control-label.col-sm-4.paddingMarginRLC' in '10' second(s)

2021-11-18 12:17:02 - [MESSAGE][INFO] - Smart Wait Function is triggered

2021-11-18 12:17:03 - [MESSAGE][INFO] - Found 19 web elements with id: 'Object Repository/Filtreler/Basliklar' located by 'By.cssSelector: .control-label.col-sm-4.paddingMarginRLC' in '10' second(s)

2021-11-18 12:17:03 - [MESSAGE][INFO] - Smart Wait Function is triggered

2021-11-18 12:17:03 - [MESSAGE][PASSED] - Method.TextDegerineEsitElementinAltindakiTextboxtaYaz is PASSED

2021-11-18 12:17:03 - [MESSAGE][PASSED] - Call Test Case 'Test Cases/Filtreler/EttnYaz' successfully

2021-11-18 12:17:03 - [MESSAGE][INFO] - Checking called Test Case

2021-11-18 12:17:03 - [MESSAGE][INFO] - Starting to call Test Case 'Test Cases/Filtreler/ButonaTikla'

2021-11-18 12:17:03 - [TEST_CASE][PASSED] - Test Cases/Filtreler/ButonaTikla: Test Cases/Filtreler/ButonaTikla

2021-11-18 12:17:03 - [TEST_STEP][PASSED] - Method.TextDegerineEsitElementeTikla(findTestObject("Filtreler/Butonlar"), Filtre_Buton): Method.TextDegerineEsitElementeTikla is PASSED

2021-11-18 12:17:03 - [MESSAGE][INFO] - Finding Test Object 'Object Repository/Filtreler/Butonlar'

2021-11-18 12:17:03 - [MESSAGE][INFO] - Checking timeout

2021-11-18 12:17:03 - [MESSAGE][INFO] - Finding web element with id: 'Object Repository/Filtreler/Butonlar' located by 'By.cssSelector: .dxb>span' in '10' second(s)

2021-11-18 12:17:03 - [MESSAGE][INFO] - Smart Wait Function is triggered

2021-11-18 12:17:03 - [MESSAGE][INFO] - Found 3 web elements with id: 'Object Repository/Filtreler/Butonlar' located by 'By.cssSelector: .dxb>span' in '10' second(s)

2021-11-18 12:17:04 - [MESSAGE][PASSED] - Method.TextDegerineEsitElementeTikla is PASSED

2021-11-18 12:17:04 - [MESSAGE][PASSED] - Call Test Case 'Test Cases/Filtreler/ButonaTikla' successfully

2021-11-18 12:17:04 - [MESSAGE][INFO] - Checking called Test Case

2021-11-18 12:17:04 - [MESSAGE][INFO] - Starting to call Test Case 'Test Cases/Tablo/TablodaVeriVarMi'

2021-11-18 12:17:04 - [TEST_CASE][PASSED] - Test Cases/Tablo/TablodaVeriVarMi: Test Cases/Tablo/TablodaVeriVarMi

2021-11-18 12:17:04 - [TEST_STEP][PASSED] - verifyTextNotPresent("Görüntülenecek veri yok", true): Text 'Görüntülenecek veri yok' is not present on page using regular expression

2021-11-18 12:17:04 - [MESSAGE][INFO] - Checking text present  using regular expression

2021-11-18 12:17:04 - [MESSAGE][INFO] - Smart Wait Function is triggered

2021-11-18 12:17:04 - [MESSAGE][INFO] - Finding text 'Görüntülenecek veri yok' on page  using regular expression

2021-11-18 12:17:04 - [MESSAGE][PASSED] - Text 'Görüntülenecek veri yok' is not present on page using regular expression

2021-11-18 12:17:04 - [MESSAGE][PASSED] - Call Test Case 'Test Cases/Tablo/TablodaVeriVarMi' successfully

2021-11-18 12:17:04 - [MESSAGE][INFO] - Checking called Test Case

2021-11-18 12:17:04 - [MESSAGE][INFO] - Starting to call Test Case 'Test Cases/Tablo/TablodaVeriBasariliMiArsiv'

2021-11-18 12:17:04 - [TEST_CASE][PASSED] - Test Cases/Tablo/TablodaVeriBasariliMiArsiv: Test Cases/Tablo/TablodaVeriBasariliMiArsiv

2021-11-18 12:17:04 - [TEST_STEP][PASSED] - sayac = 80: null

2021-11-18 12:17:04 - [TEST_STEP][PASSED] - while (verifyElementText(findTestObject("Object Repository/Tablo/DurumBilgisiArsiv"), "Henüz Sonuçlanmadı", OPTIONAL)): Actual text 'Başarılı' and expected text 'Henüz Sonuçlanmadı' of test object 'Object Repository/Tablo/DurumBilgisiArsiv' are NOT matched. (Root cause: com.kms.katalon.core.exception.StepFailedException: Actual text 'Başarılı' and expected text 'Henüz Sonuçlanmadı' of test object 'Object Repository/Tablo/DurumBilgisiArsiv' are NOT matched.
	at com.kms.katalon.core.webui.keyword.internal.WebUIKeywordMain.stepFailed(WebUIKeywordMain.groovy:64)
	at com.kms.katalon.core.webui.keyword.builtin.VerifyElementTextKeyword$_verifyElementText_closure1.doCall(VerifyElementTextKeyword.groovy:57)
	at com.kms.katalon.core.webui.keyword.builtin.VerifyElementTextKeyword$_verifyElementText_closure1.call(VerifyElementTextKeyword.groovy)
	at com.kms.katalon.core.webui.keyword.internal.WebUIKeywordMain.runKeyword(WebUIKeywordMain.groovy:20)
	at com.kms.katalon.core.webui.keyword.builtin.VerifyElementTextKeyword.verifyElementText(VerifyElementTextKeyword.groovy:72)
	at com.kms.katalon.core.webui.keyword.builtin.VerifyElementTextKeyword.execute(VerifyElementTextKeyword.groovy:40)
	at com.kms.katalon.core.keyword.internal.KeywordExecutor.executeKeywordForPlatform(KeywordExecutor.groovy:73)
	at com.kms.katalon.core.webui.keyword.WebUiBuiltInKeywords.verifyElementText(WebUiBuiltInKeywords.groovy:4733)
	at com.kms.katalon.core.webui.keyword.WebUiBuiltInKeywords$verifyElementText$20.call(Unknown Source)
	at TablodaVeriBasariliMiArsiv.run(TablodaVeriBasariliMiArsiv:22)
	at com.kms.katalon.core.main.ScriptEngine.run(ScriptEngine.java:194)
	at com.kms.katalon.core.main.ScriptEngine.runScriptAsRawText(ScriptEngine.java:119)
	at com.kms.katalon.core.main.TestCaseExecutor.runScript(TestCaseExecutor.java:369)
	at com.kms.katalon.core.main.TestCaseExecutor.doExecute(TestCaseExecutor.java:360)
	at com.kms.katalon.core.main.TestCaseExecutor.processExecutionPhase(TestCaseExecutor.java:339)
	at com.kms.katalon.core.main.TestCaseExecutor.accessMainPhase(TestCaseExecutor.java:331)
	at com.kms.katalon.core.main.TestCaseExecutor.execute(TestCaseExecutor.java:248)
	at com.kms.katalon.core.main.TestCaseMain.runTestCase(TestCaseMain.java:138)
	at com.kms.katalon.core.keyword.builtin.CallTestCaseKeyword$_callTestCase_closure1.doCall(CallTestCaseKeyword.groovy:59)
	at com.kms.katalon.core.keyword.builtin.CallTestCaseKeyword$_callTestCase_closure1.call(CallTestCaseKeyword.groovy)
	at com.kms.katalon.core.keyword.internal.KeywordMain.runKeyword(KeywordMain.groovy:68)
	at com.kms.katalon.core.keyword.builtin.CallTestCaseKeyword.callTestCase(CallTestCaseKeyword.groovy:81)
	at com.kms.katalon.core.keyword.builtin.CallTestCaseKeyword.execute(CallTestCaseKeyword.groovy:44)
	at com.kms.katalon.core.keyword.internal.KeywordExecutor.executeKeywordForPlatform(KeywordExecutor.groovy:73)
	at com.kms.katalon.core.keyword.BuiltinKeywords.callTestCase(BuiltinKeywords.groovy:334)
	at tablo.tablo.tablodaVeriBasariliMiArsiv(tablo.groovy:95)
	at cucumber.runtime.Utils$1.call(Utils.java:26)
	at cucumber.runtime.Timeout.timeout(Timeout.java:16)
	at cucumber.runtime.Utils.invoke(Utils.java:20)
	at cucumber.runtime.java.JavaStepDefinition.execute(JavaStepDefinition.java:49)
	at cucumber.runner.PickleStepDefinitionMatch.runStep(PickleStepDefinitionMatch.java:50)
	at cucumber.runner.TestStep.executeStep(TestStep.java:63)
	at cucumber.runner.TestStep.run(TestStep.java:49)
	at cucumber.runner.PickleStepTestStep.run(PickleStepTestStep.java:43)
	at cucumber.runner.TestCase.run(TestCase.java:44)
	at cucumber.runner.Runner.runPickle(Runner.java:40)
	at cucumber.runtime.Runtime$1.run(Runtime.java:84)
	at cucumber.runtime.Runtime$SameThreadExecutorService.execute(Runtime.java:220)
	at cucumber.runtime.Runtime.run(Runtime.java:81)
	at cucumber.api.cli.Main.run(Main.java:26)
	at cucumber.api.cli.Main$run.call(Unknown Source)
	at com.kms.katalon.core.cucumber.keyword.CucumberBuiltinKeywords$_runFeatureFile_closure1.doCall(CucumberBuiltinKeywords.groovy:106)
	at com.kms.katalon.core.cucumber.keyword.CucumberBuiltinKeywords$_runFeatureFile_closure1.doCall(CucumberBuiltinKeywords.groovy)
	at com.kms.katalon.core.keyword.internal.KeywordMain.runKeyword(KeywordMain.groovy:68)
	at com.kms.katalon.core.keyword.internal.KeywordMain$runKeyword.call(Unknown Source)
	at com.kms.katalon.core.cucumber.keyword.CucumberBuiltinKeywords.runFeatureFile(CucumberBuiltinKeywords.groovy:73)
	at com.kms.katalon.core.cucumber.keyword.CucumberBuiltinKeywords$runFeatureFile$0.callStatic(Unknown Source)
	at com.kms.katalon.core.cucumber.keyword.CucumberBuiltinKeywords.runFeatureFile(CucumberBuiltinKeywords.groovy:246)
	at com.kms.katalon.core.cucumber.keyword.CucumberBuiltinKeywords$runFeatureFile.call(Unknown Source)
	at VKN-Kagit-Iade.run(VKN-Kagit-Iade:19)
	at com.kms.katalon.core.main.ScriptEngine.run(ScriptEngine.java:194)
	at com.kms.katalon.core.main.ScriptEngine.runScriptAsRawText(ScriptEngine.java:119)
	at com.kms.katalon.core.main.TestCaseExecutor.runScript(TestCaseExecutor.java:369)
	at com.kms.katalon.core.main.TestCaseExecutor.doExecute(TestCaseExecutor.java:360)
	at com.kms.katalon.core.main.TestCaseExecutor.processExecutionPhase(TestCaseExecutor.java:339)
	at com.kms.katalon.core.main.TestCaseExecutor.accessMainPhase(TestCaseExecutor.java:331)
	at com.kms.katalon.core.main.TestCaseExecutor.execute(TestCaseExecutor.java:248)
	at com.kms.katalon.core.main.TestSuiteExecutor.accessTestCaseMainPhase(TestSuiteExecutor.java:191)
	at com.kms.katalon.core.main.TestSuiteExecutor.accessTestSuiteMainPhase(TestSuiteExecutor.java:140)
	at com.kms.katalon.core.main.TestSuiteExecutor.execute(TestSuiteExecutor.java:89)
	at com.kms.katalon.core.main.TestCaseMain.startTestSuite(TestCaseMain.java:181)
	at com.kms.katalon.core.main.TestCaseMain$startTestSuite$0.call(Unknown Source)
	at TempTestSuite1637225344330.run(TempTestSuite1637225344330.groovy:39)
)

2021-11-18 12:17:04 - [MESSAGE][INFO] - Finding Test Object 'Object Repository/Tablo/DurumBilgisiArsiv'

2021-11-18 12:17:05 - [MESSAGE][INFO] - Checking object

2021-11-18 12:17:05 - [MESSAGE][INFO] - Finding web element from Test Object's properties

2021-11-18 12:17:05 - [MESSAGE][INFO] - Checking timeout

2021-11-18 12:17:05 - [MESSAGE][INFO] - Finding web element with id: 'Object Repository/Tablo/DurumBilgisiArsiv' located by 'By.xpath: //*[@id = 'GridViewEArchiveInvoices_tccell0_9']' in '30' second(s)

2021-11-18 12:17:05 - [MESSAGE][INFO] - Smart Wait Function is triggered

2021-11-18 12:17:05 - [MESSAGE][INFO] - Found 1 web elements with id: 'Object Repository/Tablo/DurumBilgisiArsiv' located by 'By.xpath: //*[@id = 'GridViewEArchiveInvoices_tccell0_9']' in '30' second(s)

2021-11-18 12:17:05 - [MESSAGE][WARNING] - Actual text 'Başarılı' and expected text 'Henüz Sonuçlanmadı' of test object 'Object Repository/Tablo/DurumBilgisiArsiv' are NOT matched. (Root cause: com.kms.katalon.core.exception.StepFailedException: Actual text 'Başarılı' and expected text 'Henüz Sonuçlanmadı' of test object 'Object Repository/Tablo/DurumBilgisiArsiv' are NOT matched.
	at com.kms.katalon.core.webui.keyword.internal.WebUIKeywordMain.stepFailed(WebUIKeywordMain.groovy:64)
	at com.kms.katalon.core.webui.keyword.builtin.VerifyElementTextKeyword$_verifyElementText_closure1.doCall(VerifyElementTextKeyword.groovy:57)
	at com.kms.katalon.core.webui.keyword.builtin.VerifyElementTextKeyword$_verifyElementText_closure1.call(VerifyElementTextKeyword.groovy)
	at com.kms.katalon.core.webui.keyword.internal.WebUIKeywordMain.runKeyword(WebUIKeywordMain.groovy:20)
	at com.kms.katalon.core.webui.keyword.builtin.VerifyElementTextKeyword.verifyElementText(VerifyElementTextKeyword.groovy:72)
	at com.kms.katalon.core.webui.keyword.builtin.VerifyElementTextKeyword.execute(VerifyElementTextKeyword.groovy:40)
	at com.kms.katalon.core.keyword.internal.KeywordExecutor.executeKeywordForPlatform(KeywordExecutor.groovy:73)
	at com.kms.katalon.core.webui.keyword.WebUiBuiltInKeywords.verifyElementText(WebUiBuiltInKeywords.groovy:4733)
	at com.kms.katalon.core.webui.keyword.WebUiBuiltInKeywords$verifyElementText$20.call(Unknown Source)
	at TablodaVeriBasariliMiArsiv.run(TablodaVeriBasariliMiArsiv:22)
	at com.kms.katalon.core.main.ScriptEngine.run(ScriptEngine.java:194)
	at com.kms.katalon.core.main.ScriptEngine.runScriptAsRawText(ScriptEngine.java:119)
	at com.kms.katalon.core.main.TestCaseExecutor.runScript(TestCaseExecutor.java:369)
	at com.kms.katalon.core.main.TestCaseExecutor.doExecute(TestCaseExecutor.java:360)
	at com.kms.katalon.core.main.TestCaseExecutor.processExecutionPhase(TestCaseExecutor.java:339)
	at com.kms.katalon.core.main.TestCaseExecutor.accessMainPhase(TestCaseExecutor.java:331)
	at com.kms.katalon.core.main.TestCaseExecutor.execute(TestCaseExecutor.java:248)
	at com.kms.katalon.core.main.TestCaseMain.runTestCase(TestCaseMain.java:138)
	at com.kms.katalon.core.keyword.builtin.CallTestCaseKeyword$_callTestCase_closure1.doCall(CallTestCaseKeyword.groovy:59)
	at com.kms.katalon.core.keyword.builtin.CallTestCaseKeyword$_callTestCase_closure1.call(CallTestCaseKeyword.groovy)
	at com.kms.katalon.core.keyword.internal.KeywordMain.runKeyword(KeywordMain.groovy:68)
	at com.kms.katalon.core.keyword.builtin.CallTestCaseKeyword.callTestCase(CallTestCaseKeyword.groovy:81)
	at com.kms.katalon.core.keyword.builtin.CallTestCaseKeyword.execute(CallTestCaseKeyword.groovy:44)
	at com.kms.katalon.core.keyword.internal.KeywordExecutor.executeKeywordForPlatform(KeywordExecutor.groovy:73)
	at com.kms.katalon.core.keyword.BuiltinKeywords.callTestCase(BuiltinKeywords.groovy:334)
	at tablo.tablo.tablodaVeriBasariliMiArsiv(tablo.groovy:95)
	at cucumber.runtime.Utils$1.call(Utils.java:26)
	at cucumber.runtime.Timeout.timeout(Timeout.java:16)
	at cucumber.runtime.Utils.invoke(Utils.java:20)
	at cucumber.runtime.java.JavaStepDefinition.execute(JavaStepDefinition.java:49)
	at cucumber.runner.PickleStepDefinitionMatch.runStep(PickleStepDefinitionMatch.java:50)
	at cucumber.runner.TestStep.executeStep(TestStep.java:63)
	at cucumber.runner.TestStep.run(TestStep.java:49)
	at cucumber.runner.PickleStepTestStep.run(PickleStepTestStep.java:43)
	at cucumber.runner.TestCase.run(TestCase.java:44)
	at cucumber.runner.Runner.runPickle(Runner.java:40)
	at cucumber.runtime.Runtime$1.run(Runtime.java:84)
	at cucumber.runtime.Runtime$SameThreadExecutorService.execute(Runtime.java:220)
	at cucumber.runtime.Runtime.run(Runtime.java:81)
	at cucumber.api.cli.Main.run(Main.java:26)
	at cucumber.api.cli.Main$run.call(Unknown Source)
	at com.kms.katalon.core.cucumber.keyword.CucumberBuiltinKeywords$_runFeatureFile_closure1.doCall(CucumberBuiltinKeywords.groovy:106)
	at com.kms.katalon.core.cucumber.keyword.CucumberBuiltinKeywords$_runFeatureFile_closure1.doCall(CucumberBuiltinKeywords.groovy)
	at com.kms.katalon.core.keyword.internal.KeywordMain.runKeyword(KeywordMain.groovy:68)
	at com.kms.katalon.core.keyword.internal.KeywordMain$runKeyword.call(Unknown Source)
	at com.kms.katalon.core.cucumber.keyword.CucumberBuiltinKeywords.runFeatureFile(CucumberBuiltinKeywords.groovy:73)
	at com.kms.katalon.core.cucumber.keyword.CucumberBuiltinKeywords$runFeatureFile$0.callStatic(Unknown Source)
	at com.kms.katalon.core.cucumber.keyword.CucumberBuiltinKeywords.runFeatureFile(CucumberBuiltinKeywords.groovy:246)
	at com.kms.katalon.core.cucumber.keyword.CucumberBuiltinKeywords$runFeatureFile.call(Unknown Source)
	at VKN-Kagit-Iade.run(VKN-Kagit-Iade:19)
	at com.kms.katalon.core.main.ScriptEngine.run(ScriptEngine.java:194)
	at com.kms.katalon.core.main.ScriptEngine.runScriptAsRawText(ScriptEngine.java:119)
	at com.kms.katalon.core.main.TestCaseExecutor.runScript(TestCaseExecutor.java:369)
	at com.kms.katalon.core.main.TestCaseExecutor.doExecute(TestCaseExecutor.java:360)
	at com.kms.katalon.core.main.TestCaseExecutor.processExecutionPhase(TestCaseExecutor.java:339)
	at com.kms.katalon.core.main.TestCaseExecutor.accessMainPhase(TestCaseExecutor.java:331)
	at com.kms.katalon.core.main.TestCaseExecutor.execute(TestCaseExecutor.java:248)
	at com.kms.katalon.core.main.TestSuiteExecutor.accessTestCaseMainPhase(TestSuiteExecutor.java:191)
	at com.kms.katalon.core.main.TestSuiteExecutor.accessTestSuiteMainPhase(TestSuiteExecutor.java:140)
	at com.kms.katalon.core.main.TestSuiteExecutor.execute(TestSuiteExecutor.java:89)
	at com.kms.katalon.core.main.TestCaseMain.startTestSuite(TestCaseMain.java:181)
	at com.kms.katalon.core.main.TestCaseMain$startTestSuite$0.call(Unknown Source)
	at TempTestSuite1637225344330.run(TempTestSuite1637225344330.groovy:39)
)

2021-11-18 12:17:05 - [TEST_STEP][PASSED] - Method.TextDegerineEsitElementVarMi(findTestObject("Object Repository/Tablo/DurumBilgisiArsiv"), "Başarılı"): Method.TextDegerineEsitElementVarMi is PASSED

2021-11-18 12:17:05 - [MESSAGE][INFO] - Finding Test Object 'Object Repository/Tablo/DurumBilgisiArsiv'

2021-11-18 12:17:05 - [MESSAGE][INFO] - Checking timeout

2021-11-18 12:17:05 - [MESSAGE][INFO] - Finding web element with id: 'Object Repository/Tablo/DurumBilgisiArsiv' located by 'By.xpath: //*[@id = 'GridViewEArchiveInvoices_tccell0_9']' in '10' second(s)

2021-11-18 12:17:05 - [MESSAGE][INFO] - Smart Wait Function is triggered

2021-11-18 12:17:05 - [MESSAGE][INFO] - Found 1 web elements with id: 'Object Repository/Tablo/DurumBilgisiArsiv' located by 'By.xpath: //*[@id = 'GridViewEArchiveInvoices_tccell0_9']' in '10' second(s)

2021-11-18 12:17:05 - [MESSAGE][PASSED] - Method.TextDegerineEsitElementVarMi is PASSED

2021-11-18 12:17:05 - [MESSAGE][PASSED] - Call Test Case 'Test Cases/Tablo/TablodaVeriBasariliMiArsiv' successfully

2021-11-18 12:17:05 - [MESSAGE][INFO] - Checking called Test Case

2021-11-18 12:17:05 - [MESSAGE][INFO] - Starting to call Test Case 'Test Cases/Kullanici_Islemleri/KullaniciIslemlerindenSecimYapilir'

2021-11-18 12:17:05 - [TEST_CASE][PASSED] - Test Cases/Kullanici_Islemleri/KullaniciIslemlerindenSecimYapilir: Test Cases/Kullanici_Islemleri/KullaniciIslemlerindenSecimYapilir

2021-11-18 12:17:05 - [TEST_STEP][PASSED] - waitForElementClickable(findTestObject("Object Repository/Kullanici_Islemleri/KullaniciIslemleri"), 10): Object 'Object Repository/Kullanici_Islemleri/KullaniciIslemleri' is clickable

2021-11-18 12:17:05 - [MESSAGE][INFO] - Finding Test Object 'Object Repository/Kullanici_Islemleri/KullaniciIslemleri'

2021-11-18 12:17:05 - [MESSAGE][INFO] - Checking object

2021-11-18 12:17:05 - [MESSAGE][INFO] - Checking timeout

2021-11-18 12:17:05 - [MESSAGE][INFO] - Finding web element from Test Object's properties

2021-11-18 12:17:05 - [MESSAGE][INFO] - Checking timeout

2021-11-18 12:17:05 - [MESSAGE][INFO] - Finding web element with id: 'Object Repository/Kullanici_Islemleri/KullaniciIslemleri' located by 'By.cssSelector: .dropdown>a>img' in '10' second(s)

2021-11-18 12:17:05 - [MESSAGE][INFO] - Smart Wait Function is triggered

2021-11-18 12:17:06 - [MESSAGE][INFO] - Found 1 web elements with id: 'Object Repository/Kullanici_Islemleri/KullaniciIslemleri' located by 'By.cssSelector: .dropdown>a>img' in '10' second(s)

2021-11-18 12:17:06 - [MESSAGE][PASSED] - Object 'Object Repository/Kullanici_Islemleri/KullaniciIslemleri' is clickable

2021-11-18 12:17:06 - [TEST_STEP][PASSED] - click(findTestObject("Object Repository/Kullanici_Islemleri/KullaniciIslemleri")): Object: 'Object Repository/Kullanici_Islemleri/KullaniciIslemleri' is clicked on

2021-11-18 12:17:06 - [MESSAGE][INFO] - Finding Test Object 'Object Repository/Kullanici_Islemleri/KullaniciIslemleri'

2021-11-18 12:17:06 - [MESSAGE][INFO] - Checking object

2021-11-18 12:17:06 - [MESSAGE][INFO] - Finding web element from Test Object's properties

2021-11-18 12:17:06 - [MESSAGE][INFO] - Checking timeout

2021-11-18 12:17:06 - [MESSAGE][INFO] - Finding web element with id: 'Object Repository/Kullanici_Islemleri/KullaniciIslemleri' located by 'By.cssSelector: .dropdown>a>img' in '30' second(s)

2021-11-18 12:17:06 - [MESSAGE][INFO] - Smart Wait Function is triggered

2021-11-18 12:17:06 - [MESSAGE][INFO] - Found 1 web elements with id: 'Object Repository/Kullanici_Islemleri/KullaniciIslemleri' located by 'By.cssSelector: .dropdown>a>img' in '30' second(s)

2021-11-18 12:17:06 - [MESSAGE][INFO] - Clicking on object: 'Object Repository/Kullanici_Islemleri/KullaniciIslemleri'

2021-11-18 12:17:06 - [MESSAGE][PASSED] - Object: 'Object Repository/Kullanici_Islemleri/KullaniciIslemleri' is clicked on

2021-11-18 12:17:06 - [TEST_STEP][PASSED] - Method.TextDegerineEsitElementeTikla(findTestObject("Object Repository/Kullanici_Islemleri/Secenekler"), Islem): Method.TextDegerineEsitElementeTikla is PASSED

2021-11-18 12:17:06 - [MESSAGE][INFO] - Finding Test Object 'Object Repository/Kullanici_Islemleri/Secenekler'

2021-11-18 12:17:06 - [MESSAGE][INFO] - Checking timeout

2021-11-18 12:17:06 - [MESSAGE][INFO] - Finding web element with id: 'Object Repository/Kullanici_Islemleri/Secenekler' located by 'By.cssSelector: .nav.navbar-nav.navbar-right li a' in '10' second(s)

2021-11-18 12:17:06 - [MESSAGE][INFO] - Smart Wait Function is triggered

2021-11-18 12:17:06 - [MESSAGE][INFO] - Found 20 web elements with id: 'Object Repository/Kullanici_Islemleri/Secenekler' located by 'By.cssSelector: .nav.navbar-nav.navbar-right li a' in '10' second(s)

2021-11-18 12:17:09 - [MESSAGE][PASSED] - Method.TextDegerineEsitElementeTikla is PASSED

2021-11-18 12:17:09 - [TEST_STEP][PASSED] - verifyElementNotPresent(findTestObject("Object Repository/Kullanici_Islemleri/Secenekler"), 10): Web element with id: 'Object Repository/Kullanici_Islemleri/Secenekler' located by 'By.cssSelector: .nav.navbar-nav.navbar-right li a' is not present after '10' second(s)

2021-11-18 12:17:09 - [MESSAGE][INFO] - Finding Test Object 'Object Repository/Kullanici_Islemleri/Secenekler'

2021-11-18 12:17:09 - [MESSAGE][INFO] - Checking object

2021-11-18 12:17:09 - [MESSAGE][INFO] - Checking timeout

2021-11-18 12:17:09 - [MESSAGE][INFO] - Finding web element with id: 'Object Repository/Kullanici_Islemleri/Secenekler' located by 'By.cssSelector: .nav.navbar-nav.navbar-right li a' in '10' second(s)

2021-11-18 12:17:09 - [MESSAGE][INFO] - Smart Wait Function is triggered

2021-11-18 12:17:09 - [MESSAGE][PASSED] - Web element with id: 'Object Repository/Kullanici_Islemleri/Secenekler' located by 'By.cssSelector: .nav.navbar-nav.navbar-right li a' is not present after '10' second(s)

2021-11-18 12:17:09 - [MESSAGE][PASSED] - Call Test Case 'Test Cases/Kullanici_Islemleri/KullaniciIslemlerindenSecimYapilir' successfully

2021-11-18 12:17:09 - [TEST_CASE][PASSED] - Start Test Case : SCENARIO Gonderim tipi Kagit ve Iade tipinde e-Arsiv faturasi olusturulmasi: SCENARIO Gonderim tipi Kagit ve Iade tipinde e-Arsiv faturasi olusturulmasi

2021-11-18 12:17:09 - [TEST_STEP][PASSED] - Kullanıcı adı EARIADE ve Şifre test1234 olarak giriş yapılır: Kullanıcı adı EARIADE ve Şifre test1234 olarak giriş yapılır

2021-11-18 12:17:09 - [MESSAGE][PASSED] - Kullanıcı adı EARIADE ve Şifre test1234 olarak giriş yapılır

2021-11-18 12:17:09 - [TEST_STEP][PASSED] - Ana menüden e-Arşiv seçilir: Ana menüden e-Arşiv seçilir

2021-11-18 12:17:09 - [MESSAGE][PASSED] - Ana menüden e-Arşiv seçilir

2021-11-18 12:17:09 - [TEST_STEP][PASSED] - Alt menü e-Arşiv Araçları başlığı altındaki e-Arşiv Fatura Oluşturma seçilir: Alt menü e-Arşiv Araçları başlığı altındaki e-Arşiv Fatura Oluşturma seçilir

2021-11-18 12:17:09 - [MESSAGE][PASSED] - Alt menü e-Arşiv Araçları başlığı altındaki e-Arşiv Fatura Oluşturma seçilir

2021-11-18 12:17:09 - [TEST_STEP][PASSED] - Tablodaki tüm veriler silinir: Tablodaki tüm veriler silinir

2021-11-18 12:17:09 - [MESSAGE][PASSED] - Tablodaki tüm veriler silinir

2021-11-18 12:17:09 - [TEST_STEP][PASSED] - Butonlardan Ekle isimli butona tıklanır: Butonlardan Ekle isimli butona tıklanır

2021-11-18 12:17:09 - [MESSAGE][PASSED] - Butonlardan Ekle isimli butona tıklanır

2021-11-18 12:17:09 - [TEST_STEP][PASSED] - Görsel tasarım sayfasının e-Arşiv Fatura Bilgileri başlığını içerdiği kontrol edilir: Görsel tasarım sayfasının e-Arşiv Fatura Bilgileri başlığını içerdiği kontrol edilir

2021-11-18 12:17:09 - [MESSAGE][PASSED] - Görsel tasarım sayfasının e-Arşiv Fatura Bilgileri başlığını içerdiği kontrol edilir

2021-11-18 12:17:09 - [TEST_STEP][PASSED] - Alıcı adı alanına UC0011 girilir: Alıcı adı alanına UC0011 girilir

2021-11-18 12:17:09 - [MESSAGE][PASSED] - Alıcı adı alanına UC0011 girilir

2021-11-18 12:17:09 - [TEST_STEP][PASSED] - Gönderim Şekli Kağıt olarak seçilir: Gönderim Şekli Kağıt olarak seçilir

2021-11-18 12:17:09 - [MESSAGE][PASSED] - Gönderim Şekli Kağıt olarak seçilir

2021-11-18 12:17:09 - [TEST_STEP][PASSED] - Tip alanından İade seçilir: Tip alanından İade seçilir

2021-11-18 12:17:09 - [MESSAGE][PASSED] - Tip alanından İade seçilir

2021-11-18 12:17:09 - [TEST_STEP][PASSED] - Döküman Para Birimi alanından Türk Lirası seçilir: Döküman Para Birimi alanından Türk Lirası seçilir

2021-11-18 12:17:09 - [MESSAGE][PASSED] - Döküman Para Birimi alanından Türk Lirası seçilir

2021-11-18 12:17:09 - [TEST_STEP][PASSED] - Ön Ek EAR olarak seçilir: Ön Ek EAR olarak seçilir

2021-11-18 12:17:09 - [MESSAGE][PASSED] - Ön Ek EAR olarak seçilir

2021-11-18 12:17:09 - [TEST_STEP][PASSED] - Tasarım alanından Otomasyon seçilir: Tasarım alanından Otomasyon seçilir

2021-11-18 12:17:09 - [MESSAGE][PASSED] - Tasarım alanından Otomasyon seçilir

2021-11-18 12:17:09 - [TEST_STEP][PASSED] - Sipariş bilgileri UUC-SAT-1200001 ve 31.04.2020 olarak girilir: Sipariş bilgileri UUC-SAT-1200001 ve 31.04.2020 olarak girilir

2021-11-18 12:17:09 - [MESSAGE][PASSED] - Sipariş bilgileri UUC-SAT-1200001 ve 31.04.2020 olarak girilir

2021-11-18 12:17:09 - [TEST_STEP][PASSED] - İrsaliye Bilgileri AAAAAAAAAA,31.04.2020 olarak girilir: İrsaliye Bilgileri AAAAAAAAAA,31.04.2020 olarak girilir

2021-11-18 12:17:09 - [MESSAGE][PASSED] - İrsaliye Bilgileri AAAAAAAAAA,31.04.2020 olarak girilir

2021-11-18 12:17:09 - [TEST_STEP][PASSED] - Ekle butonuna basılır: Ekle butonuna basılır

2021-11-18 12:17:09 - [MESSAGE][PASSED] - Ekle butonuna basılır

2021-11-18 12:17:09 - [TEST_STEP][PASSED] - Ürün ekleme alanında Mal/Hizmet başlığına Otomasyon girilir: Ürün ekleme alanında Mal/Hizmet başlığına Otomasyon girilir

2021-11-18 12:17:09 - [MESSAGE][PASSED] - Ürün ekleme alanında Mal/Hizmet başlığına Otomasyon girilir

2021-11-18 12:17:09 - [TEST_STEP][PASSED] - Ürün ekleme alanında Açıklaması başlığına Virgosol girilir: Ürün ekleme alanında Açıklaması başlığına Virgosol girilir

2021-11-18 12:17:09 - [MESSAGE][PASSED] - Ürün ekleme alanında Açıklaması başlığına Virgosol girilir

2021-11-18 12:17:09 - [TEST_STEP][PASSED] - Ürün ekleme alanında Miktarı başlığına 400 girilir: Ürün ekleme alanında Miktarı başlığına 400 girilir

2021-11-18 12:17:09 - [MESSAGE][PASSED] - Ürün ekleme alanında Miktarı başlığına 400 girilir

2021-11-18 12:17:09 - [TEST_STEP][PASSED] - Ürün ekleme alanında Birim Fiyat başlığına 100 girilir: Ürün ekleme alanında Birim Fiyat başlığına 100 girilir

2021-11-18 12:17:09 - [MESSAGE][PASSED] - Ürün ekleme alanında Birim Fiyat başlığına 100 girilir

2021-11-18 12:17:09 - [TEST_STEP][PASSED] - Ürün ekleme alanında İskonto Oranı % başlığına 10 girilir: Ürün ekleme alanında İskonto Oranı % başlığına 10 girilir

2021-11-18 12:17:09 - [MESSAGE][PASSED] - Ürün ekleme alanında İskonto Oranı % başlığına 10 girilir

2021-11-18 12:17:09 - [TEST_STEP][PASSED] - Notlar alanına Otomasyon Not girilir: Notlar alanına Otomasyon Not girilir

2021-11-18 12:17:09 - [MESSAGE][PASSED] - Notlar alanına Otomasyon Not girilir

2021-11-18 12:17:09 - [TEST_STEP][PASSED] - Ettn bilgisi kayıt edilir: Ettn bilgisi kayıt edilir

2021-11-18 12:17:09 - [MESSAGE][PASSED] - Ettn bilgisi kayıt edilir

2021-11-18 12:17:09 - [TEST_STEP][PASSED] - Kaydet butonu seçilir: Kaydet butonu seçilir

2021-11-18 12:17:09 - [MESSAGE][PASSED] - Kaydet butonu seçilir

2021-11-18 12:17:09 - [TEST_STEP][PASSED] - Tabloda Ettn bilgisi kaydedilen veri oluşturuldu mu: Tabloda Ettn bilgisi kaydedilen veri oluşturuldu mu

2021-11-18 12:17:09 - [MESSAGE][PASSED] - Tabloda Ettn bilgisi kaydedilen veri oluşturuldu mu

2021-11-18 12:17:09 - [TEST_STEP][PASSED] - Tablodan Ettn bilgisi kaydedilen veri seçilir: Tablodan Ettn bilgisi kaydedilen veri seçilir

2021-11-18 12:17:09 - [MESSAGE][PASSED] - Tablodan Ettn bilgisi kaydedilen veri seçilir

2021-11-18 12:17:09 - [TEST_STEP][PASSED] - Butonlardan Numara Oluştur isimli butona tıklanır: Butonlardan Numara Oluştur isimli butona tıklanır

2021-11-18 12:17:09 - [MESSAGE][PASSED] - Butonlardan Numara Oluştur isimli butona tıklanır

2021-11-18 12:17:09 - [TEST_STEP][PASSED] - Popup mesajı Devam etmek istiyor musunuz içeriyor mu: Popup mesajı Devam etmek istiyor musunuz içeriyor mu

2021-11-18 12:17:09 - [MESSAGE][PASSED] - Popup mesajı Devam etmek istiyor musunuz içeriyor mu

2021-11-18 12:17:09 - [TEST_STEP][PASSED] - Yönetim popupında Evet seçilir: Yönetim popupında Evet seçilir

2021-11-18 12:17:09 - [MESSAGE][PASSED] - Yönetim popupında Evet seçilir

2021-11-18 12:17:09 - [TEST_STEP][PASSED] - Popup mesajı oluşmuştur içeriyor mu: Popup mesajı oluşmuştur içeriyor mu

2021-11-18 12:17:09 - [MESSAGE][PASSED] - Popup mesajı oluşmuştur içeriyor mu

2021-11-18 12:17:09 - [TEST_STEP][PASSED] - Yönetim popupında Tamam seçilir: Yönetim popupında Tamam seçilir

2021-11-18 12:17:09 - [MESSAGE][PASSED] - Yönetim popupında Tamam seçilir

2021-11-18 12:17:09 - [TEST_STEP][PASSED] - Tablodan Ettn bilgisi kaydedilen veri seçilir: Tablodan Ettn bilgisi kaydedilen veri seçilir

2021-11-18 12:17:09 - [MESSAGE][PASSED] - Tablodan Ettn bilgisi kaydedilen veri seçilir

2021-11-18 12:17:09 - [TEST_STEP][PASSED] - Butonlardan Gönder isimli butona tıklanır: Butonlardan Gönder isimli butona tıklanır

2021-11-18 12:17:09 - [MESSAGE][PASSED] - Butonlardan Gönder isimli butona tıklanır

2021-11-18 12:17:09 - [TEST_STEP][PASSED] - Popup mesajı Devam etmek istiyor musunuz içeriyor mu: Popup mesajı Devam etmek istiyor musunuz içeriyor mu

2021-11-18 12:17:09 - [MESSAGE][PASSED] - Popup mesajı Devam etmek istiyor musunuz içeriyor mu

2021-11-18 12:17:09 - [TEST_STEP][PASSED] - Yönetim popupında Evet seçilir: Yönetim popupında Evet seçilir

2021-11-18 12:17:09 - [MESSAGE][PASSED] - Yönetim popupında Evet seçilir

2021-11-18 12:17:09 - [TEST_STEP][PASSED] - Ana menüden e-Arşiv seçilir: Ana menüden e-Arşiv seçilir

2021-11-18 12:17:09 - [MESSAGE][PASSED] - Ana menüden e-Arşiv seçilir

2021-11-18 12:17:09 - [TEST_STEP][PASSED] - Alt menü e-Arşiv Hareketleri başlığı altındaki e-Arşiv Faturaları seçilir: Alt menü e-Arşiv Hareketleri başlığı altındaki e-Arşiv Faturaları seçilir

2021-11-18 12:17:09 - [MESSAGE][PASSED] - Alt menü e-Arşiv Hareketleri başlığı altındaki e-Arşiv Faturaları seçilir

2021-11-18 12:17:09 - [TEST_STEP][PASSED] - Filtrelerden Ettn filtresine Ettn bilgisi yaz: Filtrelerden Ettn filtresine Ettn bilgisi yaz

2021-11-18 12:17:09 - [MESSAGE][PASSED] - Filtrelerden Ettn filtresine Ettn bilgisi yaz

2021-11-18 12:17:09 - [TEST_STEP][PASSED] - Filtre butonlarından Listele seçilir: Filtre butonlarından Listele seçilir

2021-11-18 12:17:09 - [MESSAGE][PASSED] - Filtre butonlarından Listele seçilir

2021-11-18 12:17:09 - [TEST_STEP][PASSED] - Tabloda veri var mı kontrol edilir: Tabloda veri var mı kontrol edilir

2021-11-18 12:17:09 - [MESSAGE][PASSED] - Tabloda veri var mı kontrol edilir

2021-11-18 12:17:09 - [TEST_STEP][PASSED] - Tabloda yeni oluşturulan eArsiv verisi başarılı mı: Tabloda yeni oluşturulan eArsiv verisi başarılı mı

2021-11-18 12:17:09 - [MESSAGE][PASSED] - Tabloda yeni oluşturulan eArsiv verisi başarılı mı

2021-11-18 12:17:09 - [TEST_STEP][PASSED] - Kullanıcı işlemlerinden Çıkış seçilir: Kullanıcı işlemlerinden Çıkış seçilir

2021-11-18 12:17:09 - [MESSAGE][PASSED] - Kullanıcı işlemlerinden Çıkış seçilir

2021-11-18 12:17:09 - [MESSAGE][PASSED] - Feature file: 'Include/features/Regresyon/e-Arsiv/VKN-Kagit-Iade.feature' was passed

2021-11-18 12:17:09 - [TEST_STEP][PASSED] - Start listener action : sampleAfterTestSuite: Invoke 'com.kms.katalon.core.annotation.AfterTestCase' method: 'Listener.sampleAfterTestSuite(...)' completed.

2021-11-18 12:17:09 - [MESSAGE][INFO] - Starting invoke 'com.kms.katalon.core.annotation.AfterTestCase' method: 'Listener.sampleAfterTestSuite(...)'

2021-11-18 12:17:09 - [TEST_STEP][PASSED] - closeBrowser(): Invoke 'com.kms.katalon.core.annotation.AfterTestCase' method: 'Listener.sampleAfterTestSuite(...)' completed.

2021-11-18 12:17:09 - [MESSAGE][INFO] - Closing browser

2021-11-18 12:17:10 - [MESSAGE][PASSED] - Browser is closed

2021-11-18 12:17:10 - [MESSAGE][INFO] - Invoke 'com.kms.katalon.core.annotation.AfterTestCase' method: 'Listener.sampleAfterTestSuite(...)' completed.]]></system-out>
         <system-err><![CDATA[]]></system-err>
      </testcase>
      <testcase name="Test Cases/Case Repository/Regresyon/e-Arsiv/VKN-Kagit-Ihrac Kayitli" time="106.342" classname="Test Cases/Case Repository/Regresyon/e-Arsiv/VKN-Kagit-Ihrac Kayitli" status="PASSED">
         <system-out><![CDATA[2021-11-18 12:17:10 - [TEST_CASE][PASSED] - Test Cases/Case Repository/Regresyon/e-Arsiv/VKN-Kagit-Ihrac Kayitli: Test Cases/Case Repository/Regresyon/e-Arsiv/VKN-Kagit-Ihrac Kayitli

2021-11-18 12:17:10 - [TEST_STEP][PASSED] - Start listener action : sampleBeforeTestSuite: Invoke 'com.kms.katalon.core.annotation.BeforeTestCase' method: 'Listener.sampleBeforeTestSuite(...)' completed.

2021-11-18 12:17:10 - [MESSAGE][INFO] - Starting invoke 'com.kms.katalon.core.annotation.BeforeTestCase' method: 'Listener.sampleBeforeTestSuite(...)'

2021-11-18 12:17:10 - [TEST_STEP][PASSED] - openBrowser(baseUrl): Browser is opened with url: 'https://efatura-stage.elogo.com.tr/'

2021-11-18 12:17:10 - [MESSAGE][INFO] - Opening browser

2021-11-18 12:17:10 - [MESSAGE][INFO] - Starting 'Chrome' driver

2021-11-18 12:17:10 - [MESSAGE][INFO] - User set preference: ['prefs', '{download.default_directory=C:\otomasyondownfiles}']

2021-11-18 12:17:10 - [MESSAGE][INFO] - Action delay is set to 0 milliseconds

2021-11-18 12:17:11 - [MESSAGE][INFO] - Navigating browser to: 'https://efatura-stage.elogo.com.tr/'

2021-11-18 12:17:13 - [MESSAGE][PASSED] - Browser is opened with url: 'https://efatura-stage.elogo.com.tr/'

2021-11-18 12:17:13 - [TEST_STEP][PASSED] - maximizeWindow(): Invoke 'com.kms.katalon.core.annotation.BeforeTestCase' method: 'Listener.sampleBeforeTestSuite(...)' completed.

2021-11-18 12:17:13 - [MESSAGE][INFO] - Maximizing current window

2021-11-18 12:17:14 - [MESSAGE][PASSED] - Current window maximized

2021-11-18 12:17:14 - [MESSAGE][INFO] - Invoke 'com.kms.katalon.core.annotation.BeforeTestCase' method: 'Listener.sampleBeforeTestSuite(...)' completed.

2021-11-18 12:17:14 - [TEST_STEP][PASSED] - runFeatureFile("Include/features/Regresyon/e-Arsiv/VKN-Kagit-Ihrac Kayitli.feature"): Feature file: 'Include/features/Regresyon/e-Arsiv/VKN-Kagit-Ihrac Kayitli.feature' was passed

2021-11-18 12:17:14 - [MESSAGE][INFO] - Starting run keyword runFeatureFile: 'Include/features/Regresyon/e-Arsiv/VKN-Kagit-Ihrac Kayitli.feature' and extract report to folder: 'C:\Users\DELL\Documents\GitHub\EES_KatalonLogo\Reports\20211118_114904\Suite Repository\Regresyon-eArsiv-eMakbuz\20211118_114904/cucumber_report/1637227034461'...

2021-11-18 12:17:14 - [MESSAGE][INFO] - Glue: []

2021-11-18 12:17:15 - [MESSAGE][INFO] - Checking called Test Case

2021-11-18 12:17:15 - [MESSAGE][INFO] - Starting to call Test Case 'Test Cases/Sayfalar/Giris_Sayfasi/Login'

2021-11-18 12:17:15 - [TEST_CASE][PASSED] - Test Cases/Sayfalar/Giris_Sayfasi/Login: Test Cases/Sayfalar/Giris_Sayfasi/Login

2021-11-18 12:17:15 - [TEST_STEP][PASSED] - Sayfa_Basligi = getWindowTitle(): Current window's title is: 'LOGO e-Fatura'

2021-11-18 12:17:15 - [MESSAGE][INFO] - Getting current window's title

2021-11-18 12:17:15 - [MESSAGE][PASSED] - Current window's title is: 'LOGO e-Fatura'

2021-11-18 12:17:15 - [TEST_STEP][PASSED] - verifyMatch(Sayfa_Basligi, "LOGO e-Fatura", false): Actual text 'LOGO e-Fatura' and expected text 'LOGO e-Fatura' are matched 

2021-11-18 12:17:15 - [MESSAGE][INFO] - Matching actual text 'LOGO e-Fatura' with expected text 'LOGO e-Fatura'

2021-11-18 12:17:15 - [MESSAGE][PASSED] - Actual text 'LOGO e-Fatura' and expected text 'LOGO e-Fatura' are matched 

2021-11-18 12:17:15 - [TEST_STEP][PASSED] - sendKeys(findTestObject("Sayfalar/Giris_Sayfasi/Firma_Kodu"), KullaniciAdi): Keys 'EARIHRAC' sent to object: 'Object Repository/Sayfalar/Giris_Sayfasi/Firma_Kodu'

2021-11-18 12:17:15 - [MESSAGE][INFO] - Finding Test Object 'Object Repository/Sayfalar/Giris_Sayfasi/Firma_Kodu'

2021-11-18 12:17:15 - [MESSAGE][INFO] - Sending keys 'EARIHRAC' to object: 'Object Repository/Sayfalar/Giris_Sayfasi/Firma_Kodu'

2021-11-18 12:17:15 - [MESSAGE][INFO] - Finding web element from Test Object's properties

2021-11-18 12:17:15 - [MESSAGE][INFO] - Checking timeout

2021-11-18 12:17:15 - [MESSAGE][INFO] - Finding web element with id: 'Object Repository/Sayfalar/Giris_Sayfasi/Firma_Kodu' located by 'By.xpath: //*[@id = 'AccountName']' in '30' second(s)

2021-11-18 12:17:15 - [MESSAGE][INFO] - Smart Wait Function is triggered

2021-11-18 12:17:16 - [MESSAGE][INFO] - Found 1 web elements with id: 'Object Repository/Sayfalar/Giris_Sayfasi/Firma_Kodu' located by 'By.xpath: //*[@id = 'AccountName']' in '30' second(s)

2021-11-18 12:17:16 - [MESSAGE][PASSED] - Keys 'EARIHRAC' sent to object: 'Object Repository/Sayfalar/Giris_Sayfasi/Firma_Kodu'

2021-11-18 12:17:16 - [TEST_STEP][PASSED] - sendKeys(findTestObject("Sayfalar/Giris_Sayfasi/Sifre"), Sifre): Keys 'test1234' sent to object: 'Object Repository/Sayfalar/Giris_Sayfasi/Sifre'

2021-11-18 12:17:16 - [MESSAGE][INFO] - Finding Test Object 'Object Repository/Sayfalar/Giris_Sayfasi/Sifre'

2021-11-18 12:17:16 - [MESSAGE][INFO] - Sending keys 'test1234' to object: 'Object Repository/Sayfalar/Giris_Sayfasi/Sifre'

2021-11-18 12:17:16 - [MESSAGE][INFO] - Finding web element from Test Object's properties

2021-11-18 12:17:16 - [MESSAGE][INFO] - Checking timeout

2021-11-18 12:17:16 - [MESSAGE][INFO] - Finding web element with id: 'Object Repository/Sayfalar/Giris_Sayfasi/Sifre' located by 'By.xpath: //*[@id = 'Password']' in '30' second(s)

2021-11-18 12:17:16 - [MESSAGE][INFO] - Smart Wait Function is triggered

2021-11-18 12:17:16 - [MESSAGE][INFO] - Found 1 web elements with id: 'Object Repository/Sayfalar/Giris_Sayfasi/Sifre' located by 'By.xpath: //*[@id = 'Password']' in '30' second(s)

2021-11-18 12:17:16 - [MESSAGE][PASSED] - Keys 'test1234' sent to object: 'Object Repository/Sayfalar/Giris_Sayfasi/Sifre'

2021-11-18 12:17:16 - [TEST_STEP][PASSED] - findWebElement(findTestObject("Sayfalar/Giris_Sayfasi/Giris_Butonu")).click(): Found 1 web elements with id: 'Object Repository/Sayfalar/Giris_Sayfasi/Giris_Butonu' located by 'By.cssSelector: #btnLogin' in '30' second(s)

2021-11-18 12:17:16 - [MESSAGE][INFO] - Finding Test Object 'Object Repository/Sayfalar/Giris_Sayfasi/Giris_Butonu'

2021-11-18 12:17:16 - [MESSAGE][INFO] - Finding web element from Test Object's properties

2021-11-18 12:17:16 - [MESSAGE][INFO] - Checking timeout

2021-11-18 12:17:16 - [MESSAGE][INFO] - Finding web element with id: 'Object Repository/Sayfalar/Giris_Sayfasi/Giris_Butonu' located by 'By.cssSelector: #btnLogin' in '30' second(s)

2021-11-18 12:17:16 - [MESSAGE][INFO] - Smart Wait Function is triggered

2021-11-18 12:17:16 - [MESSAGE][INFO] - Found 1 web elements with id: 'Object Repository/Sayfalar/Giris_Sayfasi/Giris_Butonu' located by 'By.cssSelector: #btnLogin' in '30' second(s)

2021-11-18 12:17:18 - [TEST_STEP][PASSED] - if (verifyElementPresent(findTestObject("Object Repository/Sayfalar/Giris_Sayfasi/RetveTamam_Butonu"), 5, OPTIONAL)): null

2021-11-18 12:17:18 - [MESSAGE][INFO] - Finding Test Object 'Object Repository/Sayfalar/Giris_Sayfasi/RetveTamam_Butonu'

2021-11-18 12:17:18 - [MESSAGE][INFO] - Checking object

2021-11-18 12:17:18 - [MESSAGE][INFO] - Finding web element from Test Object's properties

2021-11-18 12:17:18 - [MESSAGE][INFO] - Checking timeout

2021-11-18 12:17:18 - [MESSAGE][INFO] - Finding web element with id: 'Object Repository/Sayfalar/Giris_Sayfasi/RetveTamam_Butonu' located by 'By.xpath: //*[@class = 'btn btn-default']' in '5' second(s)

2021-11-18 12:17:18 - [MESSAGE][INFO] - Smart Wait Function is triggered

2021-11-18 12:17:18 - [MESSAGE][INFO] - Found 1 web elements with id: 'Object Repository/Sayfalar/Giris_Sayfasi/RetveTamam_Butonu' located by 'By.xpath: //*[@class = 'btn btn-default']' in '5' second(s)

2021-11-18 12:17:18 - [MESSAGE][PASSED] - Object 'Object Repository/Sayfalar/Giris_Sayfasi/RetveTamam_Butonu' is present

2021-11-18 12:17:18 - [TEST_STEP][PASSED] - click(findTestObject("Object Repository/Sayfalar/Giris_Sayfasi/RetveTamam_Butonu")): Object: 'Object Repository/Sayfalar/Giris_Sayfasi/RetveTamam_Butonu' is clicked on

2021-11-18 12:17:18 - [MESSAGE][INFO] - Finding Test Object 'Object Repository/Sayfalar/Giris_Sayfasi/RetveTamam_Butonu'

2021-11-18 12:17:18 - [MESSAGE][INFO] - Checking object

2021-11-18 12:17:18 - [MESSAGE][INFO] - Finding web element from Test Object's properties

2021-11-18 12:17:18 - [MESSAGE][INFO] - Checking timeout

2021-11-18 12:17:18 - [MESSAGE][INFO] - Finding web element with id: 'Object Repository/Sayfalar/Giris_Sayfasi/RetveTamam_Butonu' located by 'By.xpath: //*[@class = 'btn btn-default']' in '30' second(s)

2021-11-18 12:17:18 - [MESSAGE][INFO] - Smart Wait Function is triggered

2021-11-18 12:17:18 - [MESSAGE][INFO] - Found 1 web elements with id: 'Object Repository/Sayfalar/Giris_Sayfasi/RetveTamam_Butonu' located by 'By.xpath: //*[@class = 'btn btn-default']' in '30' second(s)

2021-11-18 12:17:18 - [MESSAGE][INFO] - Clicking on object: 'Object Repository/Sayfalar/Giris_Sayfasi/RetveTamam_Butonu'

2021-11-18 12:17:19 - [MESSAGE][PASSED] - Object: 'Object Repository/Sayfalar/Giris_Sayfasi/RetveTamam_Butonu' is clicked on

2021-11-18 12:17:19 - [TEST_STEP][PASSED] - click(findTestObject("Object Repository/Sayfalar/Giris_Sayfasi/RetveTamam_Butonu")): Object: 'Object Repository/Sayfalar/Giris_Sayfasi/RetveTamam_Butonu' is clicked on

2021-11-18 12:17:19 - [MESSAGE][INFO] - Finding Test Object 'Object Repository/Sayfalar/Giris_Sayfasi/RetveTamam_Butonu'

2021-11-18 12:17:19 - [MESSAGE][INFO] - Checking object

2021-11-18 12:17:19 - [MESSAGE][INFO] - Finding web element from Test Object's properties

2021-11-18 12:17:19 - [MESSAGE][INFO] - Checking timeout

2021-11-18 12:17:19 - [MESSAGE][INFO] - Finding web element with id: 'Object Repository/Sayfalar/Giris_Sayfasi/RetveTamam_Butonu' located by 'By.xpath: //*[@class = 'btn btn-default']' in '30' second(s)

2021-11-18 12:17:19 - [MESSAGE][INFO] - Smart Wait Function is triggered

2021-11-18 12:17:23 - [MESSAGE][INFO] - Found 1 web elements with id: 'Object Repository/Sayfalar/Giris_Sayfasi/RetveTamam_Butonu' located by 'By.xpath: //*[@class = 'btn btn-default']' in '30' second(s)

2021-11-18 12:17:23 - [MESSAGE][INFO] - Clicking on object: 'Object Repository/Sayfalar/Giris_Sayfasi/RetveTamam_Butonu'

2021-11-18 12:17:23 - [MESSAGE][PASSED] - Object: 'Object Repository/Sayfalar/Giris_Sayfasi/RetveTamam_Butonu' is clicked on

2021-11-18 12:17:23 - [TEST_STEP][PASSED] - if (verifyElementPresent(findTestObject("Sayfalar/Giris_Sayfasi/PopupOK"), 5, OPTIONAL)): com.kms.katalon.core.webui.exception.WebElementNotFoundException: Web element with id: 'Object Repository/Sayfalar/Giris_Sayfasi/PopupOK' located by '.btn.btn-success' not found (Root cause: com.kms.katalon.core.exception.StepFailedException: com.kms.katalon.core.webui.exception.WebElementNotFoundException: Web element with id: 'Object Repository/Sayfalar/Giris_Sayfasi/PopupOK' located by '.btn.btn-success' not found
	at com.kms.katalon.core.webui.keyword.internal.WebUIKeywordMain.stepFailed(WebUIKeywordMain.groovy:64)
	at com.kms.katalon.core.webui.keyword.builtin.VerifyElementPresentKeyword$_verifyElementPresent_closure1.doCall(VerifyElementPresentKeyword.groovy:85)
	at com.kms.katalon.core.webui.keyword.builtin.VerifyElementPresentKeyword$_verifyElementPresent_closure1.call(VerifyElementPresentKeyword.groovy)
	at com.kms.katalon.core.webui.keyword.internal.WebUIKeywordMain.runKeyword(WebUIKeywordMain.groovy:20)
	at com.kms.katalon.core.webui.keyword.builtin.VerifyElementPresentKeyword.verifyElementPresent(VerifyElementPresentKeyword.groovy:92)
	at com.kms.katalon.core.webui.keyword.builtin.VerifyElementPresentKeyword.execute(VerifyElementPresentKeyword.groovy:68)
	at com.kms.katalon.core.keyword.internal.KeywordExecutor.executeKeywordForPlatform(KeywordExecutor.groovy:73)
	at com.kms.katalon.core.webui.keyword.WebUiBuiltInKeywords.verifyElementPresent(WebUiBuiltInKeywords.groovy:1448)
	at com.kms.katalon.core.webui.keyword.WebUiBuiltInKeywords$verifyElementPresent$4.call(Unknown Source)
	at Login.run(Login:40)
	at com.kms.katalon.core.main.ScriptEngine.run(ScriptEngine.java:194)
	at com.kms.katalon.core.main.ScriptEngine.runScriptAsRawText(ScriptEngine.java:119)
	at com.kms.katalon.core.main.TestCaseExecutor.runScript(TestCaseExecutor.java:369)
	at com.kms.katalon.core.main.TestCaseExecutor.doExecute(TestCaseExecutor.java:360)
	at com.kms.katalon.core.main.TestCaseExecutor.processExecutionPhase(TestCaseExecutor.java:339)
	at com.kms.katalon.core.main.TestCaseExecutor.accessMainPhase(TestCaseExecutor.java:331)
	at com.kms.katalon.core.main.TestCaseExecutor.execute(TestCaseExecutor.java:248)
	at com.kms.katalon.core.main.TestCaseMain.runTestCase(TestCaseMain.java:138)
	at com.kms.katalon.core.keyword.builtin.CallTestCaseKeyword$_callTestCase_closure1.doCall(CallTestCaseKeyword.groovy:59)
	at com.kms.katalon.core.keyword.builtin.CallTestCaseKeyword$_callTestCase_closure1.call(CallTestCaseKeyword.groovy)
	at com.kms.katalon.core.keyword.internal.KeywordMain.runKeyword(KeywordMain.groovy:68)
	at com.kms.katalon.core.keyword.builtin.CallTestCaseKeyword.callTestCase(CallTestCaseKeyword.groovy:81)
	at com.kms.katalon.core.keyword.builtin.CallTestCaseKeyword.execute(CallTestCaseKeyword.groovy:44)
	at com.kms.katalon.core.keyword.internal.KeywordExecutor.executeKeywordForPlatform(KeywordExecutor.groovy:73)
	at com.kms.katalon.core.keyword.BuiltinKeywords.callTestCase(BuiltinKeywords.groovy:334)
	at sayfalar.girisSayfasi.login(girisSayfasi.groovy:50)
	at cucumber.runtime.Utils$1.call(Utils.java:26)
	at cucumber.runtime.Timeout.timeout(Timeout.java:16)
	at cucumber.runtime.Utils.invoke(Utils.java:20)
	at cucumber.runtime.java.JavaStepDefinition.execute(JavaStepDefinition.java:49)
	at cucumber.runner.PickleStepDefinitionMatch.runStep(PickleStepDefinitionMatch.java:50)
	at cucumber.runner.TestStep.executeStep(TestStep.java:63)
	at cucumber.runner.TestStep.run(TestStep.java:49)
	at cucumber.runner.PickleStepTestStep.run(PickleStepTestStep.java:43)
	at cucumber.runner.TestCase.run(TestCase.java:44)
	at cucumber.runner.Runner.runPickle(Runner.java:40)
	at cucumber.runtime.Runtime$1.run(Runtime.java:84)
	at cucumber.runtime.Runtime$SameThreadExecutorService.execute(Runtime.java:220)
	at cucumber.runtime.Runtime.run(Runtime.java:81)
	at cucumber.api.cli.Main.run(Main.java:26)
	at cucumber.api.cli.Main$run.call(Unknown Source)
	at com.kms.katalon.core.cucumber.keyword.CucumberBuiltinKeywords$_runFeatureFile_closure1.doCall(CucumberBuiltinKeywords.groovy:106)
	at com.kms.katalon.core.cucumber.keyword.CucumberBuiltinKeywords$_runFeatureFile_closure1.doCall(CucumberBuiltinKeywords.groovy)
	at com.kms.katalon.core.keyword.internal.KeywordMain.runKeyword(KeywordMain.groovy:68)
	at com.kms.katalon.core.keyword.internal.KeywordMain$runKeyword.call(Unknown Source)
	at com.kms.katalon.core.cucumber.keyword.CucumberBuiltinKeywords.runFeatureFile(CucumberBuiltinKeywords.groovy:73)
	at com.kms.katalon.core.cucumber.keyword.CucumberBuiltinKeywords$runFeatureFile$0.callStatic(Unknown Source)
	at com.kms.katalon.core.cucumber.keyword.CucumberBuiltinKeywords.runFeatureFile(CucumberBuiltinKeywords.groovy:246)
	at com.kms.katalon.core.cucumber.keyword.CucumberBuiltinKeywords$runFeatureFile.call(Unknown Source)
	at VKN-Kagit-Ihrac Kayitli.run(VKN-Kagit-Ihrac Kayitli:19)
	at com.kms.katalon.core.main.ScriptEngine.run(ScriptEngine.java:194)
	at com.kms.katalon.core.main.ScriptEngine.runScriptAsRawText(ScriptEngine.java:119)
	at com.kms.katalon.core.main.TestCaseExecutor.runScript(TestCaseExecutor.java:369)
	at com.kms.katalon.core.main.TestCaseExecutor.doExecute(TestCaseExecutor.java:360)
	at com.kms.katalon.core.main.TestCaseExecutor.processExecutionPhase(TestCaseExecutor.java:339)
	at com.kms.katalon.core.main.TestCaseExecutor.accessMainPhase(TestCaseExecutor.java:331)
	at com.kms.katalon.core.main.TestCaseExecutor.execute(TestCaseExecutor.java:248)
	at com.kms.katalon.core.main.TestSuiteExecutor.accessTestCaseMainPhase(TestSuiteExecutor.java:191)
	at com.kms.katalon.core.main.TestSuiteExecutor.accessTestSuiteMainPhase(TestSuiteExecutor.java:140)
	at com.kms.katalon.core.main.TestSuiteExecutor.execute(TestSuiteExecutor.java:89)
	at com.kms.katalon.core.main.TestCaseMain.startTestSuite(TestCaseMain.java:181)
	at com.kms.katalon.core.main.TestCaseMain$startTestSuite$0.call(Unknown Source)
	at TempTestSuite1637225344330.run(TempTestSuite1637225344330.groovy:39)
)

2021-11-18 12:17:23 - [MESSAGE][INFO] - Finding Test Object 'Object Repository/Sayfalar/Giris_Sayfasi/PopupOK'

2021-11-18 12:17:23 - [MESSAGE][INFO] - Checking object

2021-11-18 12:17:23 - [MESSAGE][INFO] - Finding web element from Test Object's properties

2021-11-18 12:17:23 - [MESSAGE][INFO] - Checking timeout

2021-11-18 12:17:23 - [MESSAGE][INFO] - Finding web element with id: 'Object Repository/Sayfalar/Giris_Sayfasi/PopupOK' located by 'By.cssSelector: .btn.btn-success' in '5' second(s)

2021-11-18 12:17:23 - [MESSAGE][INFO] - Smart Wait Function is triggered

2021-11-18 12:17:24 - [MESSAGE][INFO] - Smart Wait Function is triggered

2021-11-18 12:17:24 - [MESSAGE][INFO] - Smart Wait Function is triggered

2021-11-18 12:17:24 - [MESSAGE][INFO] - Smart Wait Function is triggered

2021-11-18 12:17:25 - [MESSAGE][INFO] - Smart Wait Function is triggered

2021-11-18 12:17:25 - [MESSAGE][INFO] - Smart Wait Function is triggered

2021-11-18 12:17:25 - [MESSAGE][INFO] - Smart Wait Function is triggered

2021-11-18 12:17:25 - [MESSAGE][INFO] - Smart Wait Function is triggered

2021-11-18 12:17:26 - [MESSAGE][INFO] - Smart Wait Function is triggered

2021-11-18 12:17:26 - [MESSAGE][INFO] - Smart Wait Function is triggered

2021-11-18 12:17:26 - [MESSAGE][INFO] - Smart Wait Function is triggered

2021-11-18 12:17:26 - [MESSAGE][INFO] - Smart Wait Function is triggered

2021-11-18 12:17:27 - [MESSAGE][INFO] - Smart Wait Function is triggered

2021-11-18 12:17:27 - [MESSAGE][INFO] - Smart Wait Function is triggered

2021-11-18 12:17:27 - [MESSAGE][INFO] - Smart Wait Function is triggered

2021-11-18 12:17:27 - [MESSAGE][INFO] - Smart Wait Function is triggered

2021-11-18 12:17:28 - [MESSAGE][INFO] - Smart Wait Function is triggered

2021-11-18 12:17:28 - [MESSAGE][INFO] - Smart Wait Function is triggered

2021-11-18 12:17:28 - [MESSAGE][INFO] - Smart Wait Function is triggered

2021-11-18 12:17:29 - [MESSAGE][INFO] - Smart Wait Function is triggered

2021-11-18 12:17:29 - [MESSAGE][INFO] - Smart Wait Function is triggered

2021-11-18 12:17:29 - [MESSAGE][INFO] - Unable to find the element located by 'By.cssSelector: .btn.btn-success'. Please recheck the objects properties to make sure the desired element is located. 

2021-11-18 12:17:29 - [MESSAGE][WARNING] - com.kms.katalon.core.webui.exception.WebElementNotFoundException: Web element with id: 'Object Repository/Sayfalar/Giris_Sayfasi/PopupOK' located by '.btn.btn-success' not found (Root cause: com.kms.katalon.core.exception.StepFailedException: com.kms.katalon.core.webui.exception.WebElementNotFoundException: Web element with id: 'Object Repository/Sayfalar/Giris_Sayfasi/PopupOK' located by '.btn.btn-success' not found
	at com.kms.katalon.core.webui.keyword.internal.WebUIKeywordMain.stepFailed(WebUIKeywordMain.groovy:64)
	at com.kms.katalon.core.webui.keyword.builtin.VerifyElementPresentKeyword$_verifyElementPresent_closure1.doCall(VerifyElementPresentKeyword.groovy:85)
	at com.kms.katalon.core.webui.keyword.builtin.VerifyElementPresentKeyword$_verifyElementPresent_closure1.call(VerifyElementPresentKeyword.groovy)
	at com.kms.katalon.core.webui.keyword.internal.WebUIKeywordMain.runKeyword(WebUIKeywordMain.groovy:20)
	at com.kms.katalon.core.webui.keyword.builtin.VerifyElementPresentKeyword.verifyElementPresent(VerifyElementPresentKeyword.groovy:92)
	at com.kms.katalon.core.webui.keyword.builtin.VerifyElementPresentKeyword.execute(VerifyElementPresentKeyword.groovy:68)
	at com.kms.katalon.core.keyword.internal.KeywordExecutor.executeKeywordForPlatform(KeywordExecutor.groovy:73)
	at com.kms.katalon.core.webui.keyword.WebUiBuiltInKeywords.verifyElementPresent(WebUiBuiltInKeywords.groovy:1448)
	at com.kms.katalon.core.webui.keyword.WebUiBuiltInKeywords$verifyElementPresent$4.call(Unknown Source)
	at Login.run(Login:40)
	at com.kms.katalon.core.main.ScriptEngine.run(ScriptEngine.java:194)
	at com.kms.katalon.core.main.ScriptEngine.runScriptAsRawText(ScriptEngine.java:119)
	at com.kms.katalon.core.main.TestCaseExecutor.runScript(TestCaseExecutor.java:369)
	at com.kms.katalon.core.main.TestCaseExecutor.doExecute(TestCaseExecutor.java:360)
	at com.kms.katalon.core.main.TestCaseExecutor.processExecutionPhase(TestCaseExecutor.java:339)
	at com.kms.katalon.core.main.TestCaseExecutor.accessMainPhase(TestCaseExecutor.java:331)
	at com.kms.katalon.core.main.TestCaseExecutor.execute(TestCaseExecutor.java:248)
	at com.kms.katalon.core.main.TestCaseMain.runTestCase(TestCaseMain.java:138)
	at com.kms.katalon.core.keyword.builtin.CallTestCaseKeyword$_callTestCase_closure1.doCall(CallTestCaseKeyword.groovy:59)
	at com.kms.katalon.core.keyword.builtin.CallTestCaseKeyword$_callTestCase_closure1.call(CallTestCaseKeyword.groovy)
	at com.kms.katalon.core.keyword.internal.KeywordMain.runKeyword(KeywordMain.groovy:68)
	at com.kms.katalon.core.keyword.builtin.CallTestCaseKeyword.callTestCase(CallTestCaseKeyword.groovy:81)
	at com.kms.katalon.core.keyword.builtin.CallTestCaseKeyword.execute(CallTestCaseKeyword.groovy:44)
	at com.kms.katalon.core.keyword.internal.KeywordExecutor.executeKeywordForPlatform(KeywordExecutor.groovy:73)
	at com.kms.katalon.core.keyword.BuiltinKeywords.callTestCase(BuiltinKeywords.groovy:334)
	at sayfalar.girisSayfasi.login(girisSayfasi.groovy:50)
	at cucumber.runtime.Utils$1.call(Utils.java:26)
	at cucumber.runtime.Timeout.timeout(Timeout.java:16)
	at cucumber.runtime.Utils.invoke(Utils.java:20)
	at cucumber.runtime.java.JavaStepDefinition.execute(JavaStepDefinition.java:49)
	at cucumber.runner.PickleStepDefinitionMatch.runStep(PickleStepDefinitionMatch.java:50)
	at cucumber.runner.TestStep.executeStep(TestStep.java:63)
	at cucumber.runner.TestStep.run(TestStep.java:49)
	at cucumber.runner.PickleStepTestStep.run(PickleStepTestStep.java:43)
	at cucumber.runner.TestCase.run(TestCase.java:44)
	at cucumber.runner.Runner.runPickle(Runner.java:40)
	at cucumber.runtime.Runtime$1.run(Runtime.java:84)
	at cucumber.runtime.Runtime$SameThreadExecutorService.execute(Runtime.java:220)
	at cucumber.runtime.Runtime.run(Runtime.java:81)
	at cucumber.api.cli.Main.run(Main.java:26)
	at cucumber.api.cli.Main$run.call(Unknown Source)
	at com.kms.katalon.core.cucumber.keyword.CucumberBuiltinKeywords$_runFeatureFile_closure1.doCall(CucumberBuiltinKeywords.groovy:106)
	at com.kms.katalon.core.cucumber.keyword.CucumberBuiltinKeywords$_runFeatureFile_closure1.doCall(CucumberBuiltinKeywords.groovy)
	at com.kms.katalon.core.keyword.internal.KeywordMain.runKeyword(KeywordMain.groovy:68)
	at com.kms.katalon.core.keyword.internal.KeywordMain$runKeyword.call(Unknown Source)
	at com.kms.katalon.core.cucumber.keyword.CucumberBuiltinKeywords.runFeatureFile(CucumberBuiltinKeywords.groovy:73)
	at com.kms.katalon.core.cucumber.keyword.CucumberBuiltinKeywords$runFeatureFile$0.callStatic(Unknown Source)
	at com.kms.katalon.core.cucumber.keyword.CucumberBuiltinKeywords.runFeatureFile(CucumberBuiltinKeywords.groovy:246)
	at com.kms.katalon.core.cucumber.keyword.CucumberBuiltinKeywords$runFeatureFile.call(Unknown Source)
	at VKN-Kagit-Ihrac Kayitli.run(VKN-Kagit-Ihrac Kayitli:19)
	at com.kms.katalon.core.main.ScriptEngine.run(ScriptEngine.java:194)
	at com.kms.katalon.core.main.ScriptEngine.runScriptAsRawText(ScriptEngine.java:119)
	at com.kms.katalon.core.main.TestCaseExecutor.runScript(TestCaseExecutor.java:369)
	at com.kms.katalon.core.main.TestCaseExecutor.doExecute(TestCaseExecutor.java:360)
	at com.kms.katalon.core.main.TestCaseExecutor.processExecutionPhase(TestCaseExecutor.java:339)
	at com.kms.katalon.core.main.TestCaseExecutor.accessMainPhase(TestCaseExecutor.java:331)
	at com.kms.katalon.core.main.TestCaseExecutor.execute(TestCaseExecutor.java:248)
	at com.kms.katalon.core.main.TestSuiteExecutor.accessTestCaseMainPhase(TestSuiteExecutor.java:191)
	at com.kms.katalon.core.main.TestSuiteExecutor.accessTestSuiteMainPhase(TestSuiteExecutor.java:140)
	at com.kms.katalon.core.main.TestSuiteExecutor.execute(TestSuiteExecutor.java:89)
	at com.kms.katalon.core.main.TestCaseMain.startTestSuite(TestCaseMain.java:181)
	at com.kms.katalon.core.main.TestCaseMain$startTestSuite$0.call(Unknown Source)
	at TempTestSuite1637225344330.run(TempTestSuite1637225344330.groovy:39)
)

2021-11-18 12:17:29 - [TEST_STEP][PASSED] - verifyElementVisible(findTestObject("Object Repository/Kullanici_Islemleri/KullaniciIslemleri")): Object 'Object Repository/Kullanici_Islemleri/KullaniciIslemleri' is visible

2021-11-18 12:17:29 - [MESSAGE][INFO] - Finding Test Object 'Object Repository/Kullanici_Islemleri/KullaniciIslemleri'

2021-11-18 12:17:29 - [MESSAGE][INFO] - Checking object

2021-11-18 12:17:29 - [MESSAGE][INFO] - Finding web element from Test Object's properties

2021-11-18 12:17:29 - [MESSAGE][INFO] - Checking timeout

2021-11-18 12:17:29 - [MESSAGE][INFO] - Finding web element with id: 'Object Repository/Kullanici_Islemleri/KullaniciIslemleri' located by 'By.cssSelector: .dropdown>a>img' in '30' second(s)

2021-11-18 12:17:29 - [MESSAGE][INFO] - Smart Wait Function is triggered

2021-11-18 12:17:29 - [MESSAGE][INFO] - Found 1 web elements with id: 'Object Repository/Kullanici_Islemleri/KullaniciIslemleri' located by 'By.cssSelector: .dropdown>a>img' in '30' second(s)

2021-11-18 12:17:29 - [MESSAGE][PASSED] - Object 'Object Repository/Kullanici_Islemleri/KullaniciIslemleri' is visible

2021-11-18 12:17:29 - [MESSAGE][PASSED] - Call Test Case 'Test Cases/Sayfalar/Giris_Sayfasi/Login' successfully

2021-11-18 12:17:29 - [MESSAGE][INFO] - Checking called Test Case

2021-11-18 12:17:29 - [MESSAGE][INFO] - Starting to call Test Case 'Test Cases/Menu/AnaMenuSecimi'

2021-11-18 12:17:29 - [TEST_CASE][PASSED] - Test Cases/Menu/AnaMenuSecimi: Test Cases/Menu/AnaMenuSecimi

2021-11-18 12:17:29 - [TEST_STEP][PASSED] - Method.TextDegerineEsitElementeTikla(findTestObject("Menu/Ana_Menu"), Ana_Menu): Method.TextDegerineEsitElementeTikla is PASSED

2021-11-18 12:17:29 - [MESSAGE][INFO] - Finding Test Object 'Object Repository/Menu/Ana_Menu'

2021-11-18 12:17:30 - [MESSAGE][INFO] - Checking timeout

2021-11-18 12:17:30 - [MESSAGE][INFO] - Finding web element with id: 'Object Repository/Menu/Ana_Menu' located by 'By.xpath: //*[@class = 'dropdown-toggle']' in '10' second(s)

2021-11-18 12:17:30 - [MESSAGE][INFO] - Smart Wait Function is triggered

2021-11-18 12:17:30 - [MESSAGE][INFO] - Found 13 web elements with id: 'Object Repository/Menu/Ana_Menu' located by 'By.xpath: //*[@class = 'dropdown-toggle']' in '10' second(s)

2021-11-18 12:17:30 - [MESSAGE][PASSED] - Method.TextDegerineEsitElementeTikla is PASSED

2021-11-18 12:17:30 - [MESSAGE][PASSED] - Call Test Case 'Test Cases/Menu/AnaMenuSecimi' successfully

2021-11-18 12:17:30 - [MESSAGE][INFO] - Checking called Test Case

2021-11-18 12:17:30 - [MESSAGE][INFO] - Starting to call Test Case 'Test Cases/Menu/BasligaGoreAltMenuSecimi'

2021-11-18 12:17:30 - [TEST_CASE][PASSED] - Test Cases/Menu/BasligaGoreAltMenuSecimi: Test Cases/Menu/BasligaGoreAltMenuSecimi

2021-11-18 12:17:30 - [TEST_STEP][PASSED] - Method.TextDegerineEsitElementinAltindakiTextDegerineEsitOlanaTikla(findTestObject("Menu/Menu_Basligi"), findTestObject("Menu/Basliga_Gore_Alt_Menu"), Baslik, Alt_Menu): Method.TextDegerineEsitElementinAltindakiTextDegerineEsitOlanaTikla is PASSED

2021-11-18 12:17:30 - [MESSAGE][INFO] - Finding Test Object 'Object Repository/Menu/Menu_Basligi'

2021-11-18 12:17:30 - [MESSAGE][INFO] - Finding Test Object 'Object Repository/Menu/Basliga_Gore_Alt_Menu'

2021-11-18 12:17:30 - [MESSAGE][INFO] - Checking timeout

2021-11-18 12:17:30 - [MESSAGE][INFO] - Finding web element with id: 'Object Repository/Menu/Menu_Basligi' located by 'By.xpath: //li[@class='dropdown dropdown-large open']//li[@class='dropdown-header']' in '10' second(s)

2021-11-18 12:17:30 - [MESSAGE][INFO] - Smart Wait Function is triggered

2021-11-18 12:17:30 - [MESSAGE][INFO] - Found 2 web elements with id: 'Object Repository/Menu/Menu_Basligi' located by 'By.xpath: //li[@class='dropdown dropdown-large open']//li[@class='dropdown-header']' in '10' second(s)

2021-11-18 12:17:30 - [MESSAGE][INFO] - Smart Wait Function is triggered

2021-11-18 12:17:35 - [MESSAGE][PASSED] - Method.TextDegerineEsitElementinAltindakiTextDegerineEsitOlanaTikla is PASSED

2021-11-18 12:17:35 - [MESSAGE][PASSED] - Call Test Case 'Test Cases/Menu/BasligaGoreAltMenuSecimi' successfully

2021-11-18 12:17:35 - [MESSAGE][INFO] - Checking called Test Case

2021-11-18 12:17:35 - [MESSAGE][INFO] - Starting to call Test Case 'Test Cases/Tablo/Olusturma Tarihi'

2021-11-18 12:17:35 - [TEST_CASE][PASSED] - Test Cases/Tablo/Olusturma Tarihi: Test Cases/Tablo/Olusturma Tarihi

2021-11-18 12:17:35 - [TEST_STEP][PASSED] - if (verifyTextNotPresent("Görüntülenecek veri yok", true, OPTIONAL)): null

2021-11-18 12:17:35 - [MESSAGE][INFO] - Checking text present  using regular expression

2021-11-18 12:17:35 - [MESSAGE][INFO] - Smart Wait Function is triggered

2021-11-18 12:17:36 - [MESSAGE][INFO] - Finding text 'Görüntülenecek veri yok' on page  using regular expression

2021-11-18 12:17:36 - [MESSAGE][PASSED] - Text 'Görüntülenecek veri yok' is not present on page using regular expression

2021-11-18 12:17:36 - [TEST_STEP][PASSED] - click(findTestObject("Temizle/Olusturma_Tarihi_CheckBox")): Object: 'Object Repository/Temizle/Olusturma_Tarihi_CheckBox' is clicked on

2021-11-18 12:17:36 - [MESSAGE][INFO] - Finding Test Object 'Object Repository/Temizle/Olusturma_Tarihi_CheckBox'

2021-11-18 12:17:36 - [MESSAGE][INFO] - Checking object

2021-11-18 12:17:36 - [MESSAGE][INFO] - Finding web element from Test Object's properties

2021-11-18 12:17:36 - [MESSAGE][INFO] - Checking timeout

2021-11-18 12:17:36 - [MESSAGE][INFO] - Finding web element with id: 'Object Repository/Temizle/Olusturma_Tarihi_CheckBox' located by 'By.xpath: //*[@title = 'Bu sayfadaki tüm satırları Seç']' in '30' second(s)

2021-11-18 12:17:36 - [MESSAGE][INFO] - Smart Wait Function is triggered

2021-11-18 12:17:36 - [MESSAGE][INFO] - Found 1 web elements with id: 'Object Repository/Temizle/Olusturma_Tarihi_CheckBox' located by 'By.xpath: //*[@title = 'Bu sayfadaki tüm satırları Seç']' in '30' second(s)

2021-11-18 12:17:36 - [MESSAGE][INFO] - Clicking on object: 'Object Repository/Temizle/Olusturma_Tarihi_CheckBox'

2021-11-18 12:17:36 - [MESSAGE][PASSED] - Object: 'Object Repository/Temizle/Olusturma_Tarihi_CheckBox' is clicked on

2021-11-18 12:17:36 - [TEST_STEP][PASSED] - Method.TextDegerineEsitElementeTiklaEquals(findTestObject("Butonlar/Butonlar"), "Sil"): Method.TextDegerineEsitElementeTiklaEquals is PASSED

2021-11-18 12:17:36 - [MESSAGE][INFO] - Finding Test Object 'Object Repository/Butonlar/Butonlar'

2021-11-18 12:17:36 - [MESSAGE][INFO] - Checking timeout

2021-11-18 12:17:36 - [MESSAGE][INFO] - Finding web element with id: 'Object Repository/Butonlar/Butonlar' located by 'By.cssSelector: .panel.panel-default.text-center.footerPanel .btn,.btn.btn-primary.btnControls' in '10' second(s)

2021-11-18 12:17:36 - [MESSAGE][INFO] - Smart Wait Function is triggered

2021-11-18 12:17:37 - [MESSAGE][INFO] - Found 9 web elements with id: 'Object Repository/Butonlar/Butonlar' located by 'By.cssSelector: .panel.panel-default.text-center.footerPanel .btn,.btn.btn-primary.btnControls' in '10' second(s)

2021-11-18 12:17:37 - [MESSAGE][PASSED] - Method.TextDegerineEsitElementeTiklaEquals is PASSED

2021-11-18 12:17:37 - [TEST_STEP][PASSED] - Method.TextDegerineEsitElementeTikla(findTestObject("Popup/Popup_Butons"), "Evet"): Method.TextDegerineEsitElementeTikla is PASSED

2021-11-18 12:17:37 - [MESSAGE][INFO] - Finding Test Object 'Object Repository/Popup/Popup_Butons'

2021-11-18 12:17:37 - [MESSAGE][INFO] - Checking timeout

2021-11-18 12:17:37 - [MESSAGE][INFO] - Finding web element with id: 'Object Repository/Popup/Popup_Butons' located by 'By.cssSelector: .modal-footer>button' in '10' second(s)

2021-11-18 12:17:37 - [MESSAGE][INFO] - Smart Wait Function is triggered

2021-11-18 12:17:38 - [MESSAGE][INFO] - Found 2 web elements with id: 'Object Repository/Popup/Popup_Butons' located by 'By.cssSelector: .modal-footer>button' in '10' second(s)

2021-11-18 12:17:38 - [MESSAGE][PASSED] - Method.TextDegerineEsitElementeTikla is PASSED

2021-11-18 12:17:38 - [TEST_STEP][PASSED] - Method.TextDegerineEsitElementeTikla(findTestObject("Popup/Popup_Butons"), "Tamam"): Method.TextDegerineEsitElementeTikla is PASSED

2021-11-18 12:17:38 - [MESSAGE][INFO] - Finding Test Object 'Object Repository/Popup/Popup_Butons'

2021-11-18 12:17:38 - [MESSAGE][INFO] - Checking timeout

2021-11-18 12:17:38 - [MESSAGE][INFO] - Finding web element with id: 'Object Repository/Popup/Popup_Butons' located by 'By.cssSelector: .modal-footer>button' in '10' second(s)

2021-11-18 12:17:38 - [MESSAGE][INFO] - Smart Wait Function is triggered

2021-11-18 12:17:39 - [MESSAGE][INFO] - Found 1 web elements with id: 'Object Repository/Popup/Popup_Butons' located by 'By.cssSelector: .modal-footer>button' in '10' second(s)

2021-11-18 12:17:39 - [MESSAGE][PASSED] - Method.TextDegerineEsitElementeTikla is PASSED

2021-11-18 12:17:39 - [MESSAGE][PASSED] - Call Test Case 'Test Cases/Tablo/Olusturma Tarihi' successfully

2021-11-18 12:17:39 - [MESSAGE][INFO] - Checking called Test Case

2021-11-18 12:17:39 - [MESSAGE][INFO] - Starting to call Test Case 'Test Cases/Butonlar/ButonaTikla'

2021-11-18 12:17:39 - [TEST_CASE][PASSED] - Test Cases/Butonlar/ButonaTikla: Test Cases/Butonlar/ButonaTikla

2021-11-18 12:17:39 - [TEST_STEP][PASSED] - Method.TextDegerineEsitElementeTiklaEquals(findTestObject("Butonlar/Butonlar"), Buton_Adi): Method.TextDegerineEsitElementeTiklaEquals is PASSED

2021-11-18 12:17:39 - [MESSAGE][INFO] - Finding Test Object 'Object Repository/Butonlar/Butonlar'

2021-11-18 12:17:39 - [MESSAGE][INFO] - Checking timeout

2021-11-18 12:17:39 - [MESSAGE][INFO] - Finding web element with id: 'Object Repository/Butonlar/Butonlar' located by 'By.cssSelector: .panel.panel-default.text-center.footerPanel .btn,.btn.btn-primary.btnControls' in '10' second(s)

2021-11-18 12:17:39 - [MESSAGE][INFO] - Smart Wait Function is triggered

2021-11-18 12:17:40 - [MESSAGE][INFO] - Found 9 web elements with id: 'Object Repository/Butonlar/Butonlar' located by 'By.cssSelector: .panel.panel-default.text-center.footerPanel .btn,.btn.btn-primary.btnControls' in '10' second(s)

2021-11-18 12:17:40 - [MESSAGE][PASSED] - Method.TextDegerineEsitElementeTiklaEquals is PASSED

2021-11-18 12:17:40 - [MESSAGE][PASSED] - Call Test Case 'Test Cases/Butonlar/ButonaTikla' successfully

2021-11-18 12:17:40 - [MESSAGE][INFO] - Checking called Test Case

2021-11-18 12:17:40 - [MESSAGE][INFO] - Starting to call Test Case 'Test Cases/Olusturma/Genel/GorselTasarimSayfasıBasligiIceriyorMu'

2021-11-18 12:17:40 - [TEST_CASE][PASSED] - Test Cases/Olusturma/Genel/GorselTasarimSayfasıBasligiIceriyorMu: Test Cases/Olusturma/Genel/GorselTasarimSayfasıBasligiIceriyorMu

2021-11-18 12:17:40 - [TEST_STEP][PASSED] - verifyElementText(findTestObject("Object Repository/Olusturma/Genel/GorselTasarimBaslik"), Baslik): Actual text and expected text of test object 'Object Repository/Olusturma/Genel/GorselTasarimBaslik' are matched.

2021-11-18 12:17:40 - [MESSAGE][INFO] - Finding Test Object 'Object Repository/Olusturma/Genel/GorselTasarimBaslik'

2021-11-18 12:17:40 - [MESSAGE][INFO] - Checking object

2021-11-18 12:17:40 - [MESSAGE][INFO] - Finding web element from Test Object's properties

2021-11-18 12:17:40 - [MESSAGE][INFO] - Checking timeout

2021-11-18 12:17:40 - [MESSAGE][INFO] - Finding web element with id: 'Object Repository/Olusturma/Genel/GorselTasarimBaslik' located by 'By.cssSelector: #flAlici_0>div>span' in '30' second(s)

2021-11-18 12:17:40 - [MESSAGE][INFO] - Smart Wait Function is triggered

2021-11-18 12:17:47 - [MESSAGE][INFO] - Found 1 web elements with id: 'Object Repository/Olusturma/Genel/GorselTasarimBaslik' located by 'By.cssSelector: #flAlici_0>div>span' in '30' second(s)

2021-11-18 12:17:47 - [MESSAGE][PASSED] - Actual text and expected text of test object 'Object Repository/Olusturma/Genel/GorselTasarimBaslik' are matched.

2021-11-18 12:17:47 - [MESSAGE][PASSED] - Call Test Case 'Test Cases/Olusturma/Genel/GorselTasarimSayfasıBasligiIceriyorMu' successfully

2021-11-18 12:17:47 - [MESSAGE][INFO] - Checking called Test Case

2021-11-18 12:17:47 - [MESSAGE][INFO] - Starting to call Test Case 'Test Cases/Olusturma/Genel/AliciSecilir'

2021-11-18 12:17:47 - [TEST_CASE][PASSED] - Test Cases/Olusturma/Genel/AliciSecilir: Test Cases/Olusturma/Genel/AliciSecilir

2021-11-18 12:17:47 - [TEST_STEP][PASSED] - click(findTestObject("Olusturma/Genel/AliciBilgisi/Alici_Ara")): Object: 'Object Repository/Olusturma/Genel/AliciBilgisi/Alici_Ara' is clicked on

2021-11-18 12:17:47 - [MESSAGE][INFO] - Finding Test Object 'Object Repository/Olusturma/Genel/AliciBilgisi/Alici_Ara'

2021-11-18 12:17:47 - [MESSAGE][INFO] - Checking object

2021-11-18 12:17:47 - [MESSAGE][INFO] - Finding web element from Test Object's properties

2021-11-18 12:17:47 - [MESSAGE][INFO] - Checking timeout

2021-11-18 12:17:47 - [MESSAGE][INFO] - Finding web element with id: 'Object Repository/Olusturma/Genel/AliciBilgisi/Alici_Ara' located by 'By.xpath: //td[@id='txtCustomerText_B-1']' in '30' second(s)

2021-11-18 12:17:47 - [MESSAGE][INFO] - Smart Wait Function is triggered

2021-11-18 12:17:47 - [MESSAGE][INFO] - Found 1 web elements with id: 'Object Repository/Olusturma/Genel/AliciBilgisi/Alici_Ara' located by 'By.xpath: //td[@id='txtCustomerText_B-1']' in '30' second(s)

2021-11-18 12:17:47 - [MESSAGE][INFO] - Clicking on object: 'Object Repository/Olusturma/Genel/AliciBilgisi/Alici_Ara'

2021-11-18 12:17:47 - [MESSAGE][PASSED] - Object: 'Object Repository/Olusturma/Genel/AliciBilgisi/Alici_Ara' is clicked on

2021-11-18 12:17:47 - [TEST_STEP][PASSED] - click(findTestObject("Olusturma/Genel/AliciBilgisi/Alici_Bilgisi")): Object: 'Object Repository/Olusturma/Genel/AliciBilgisi/Alici_Bilgisi' is clicked on

2021-11-18 12:17:47 - [MESSAGE][INFO] - Finding Test Object 'Object Repository/Olusturma/Genel/AliciBilgisi/Alici_Bilgisi'

2021-11-18 12:17:47 - [MESSAGE][INFO] - Checking object

2021-11-18 12:17:47 - [MESSAGE][INFO] - Finding web element from Test Object's properties

2021-11-18 12:17:47 - [MESSAGE][INFO] - Checking timeout

2021-11-18 12:17:47 - [MESSAGE][INFO] - Finding web element with id: 'Object Repository/Olusturma/Genel/AliciBilgisi/Alici_Bilgisi' located by 'By.xpath: //iframe[@id='customerselectiframe']' in '30' second(s)

2021-11-18 12:17:47 - [MESSAGE][INFO] - Smart Wait Function is triggered

2021-11-18 12:17:48 - [MESSAGE][INFO] - Found 1 web elements with id: 'Object Repository/Olusturma/Genel/AliciBilgisi/Alici_Bilgisi' located by 'By.xpath: //iframe[@id='customerselectiframe']' in '30' second(s)

2021-11-18 12:17:48 - [MESSAGE][INFO] - Clicking on object: 'Object Repository/Olusturma/Genel/AliciBilgisi/Alici_Bilgisi'

2021-11-18 12:17:48 - [MESSAGE][PASSED] - Object: 'Object Repository/Olusturma/Genel/AliciBilgisi/Alici_Bilgisi' is clicked on

2021-11-18 12:17:48 - [TEST_STEP][PASSED] - setText(findTestObject("Olusturma/Genel/AliciBilgisi/Alici_Gir"), Alici_Adi): Switching to default content

2021-11-18 12:17:48 - [MESSAGE][INFO] - Finding Test Object 'Object Repository/Olusturma/Genel/AliciBilgisi/Alici_Gir'

2021-11-18 12:17:48 - [MESSAGE][INFO] - Finding Test Object 'Object Repository/Olusturma/Genel/AliciBilgisi/Alici_Bilgisi'

2021-11-18 12:17:48 - [MESSAGE][INFO] - Checking object

2021-11-18 12:17:48 - [MESSAGE][INFO] - Checking text

2021-11-18 12:17:48 - [MESSAGE][INFO] - Object: 'Object Repository/Olusturma/Genel/AliciBilgisi/Alici_Gir' has parent object(s)

2021-11-18 12:17:48 - [MESSAGE][INFO] - Switching to iframe: 'Object Repository/Olusturma/Genel/AliciBilgisi/Alici_Bilgisi'

2021-11-18 12:17:48 - [MESSAGE][INFO] - Finding web element from Test Object's properties

2021-11-18 12:17:48 - [MESSAGE][INFO] - Checking timeout

2021-11-18 12:17:48 - [MESSAGE][INFO] - Finding web element with id: 'Object Repository/Olusturma/Genel/AliciBilgisi/Alici_Bilgisi' located by 'By.xpath: //iframe[@id='customerselectiframe']' in '30' second(s)

2021-11-18 12:17:48 - [MESSAGE][INFO] - Smart Wait Function is triggered

2021-11-18 12:17:48 - [MESSAGE][INFO] - Found 1 web elements with id: 'Object Repository/Olusturma/Genel/AliciBilgisi/Alici_Bilgisi' located by 'By.xpath: //iframe[@id='customerselectiframe']' in '30' second(s)

2021-11-18 12:17:48 - [MESSAGE][INFO] - Switched to iframe: 'Object Repository/Olusturma/Genel/AliciBilgisi/Alici_Bilgisi'

2021-11-18 12:17:48 - [MESSAGE][INFO] - Finding web element from Test Object's properties

2021-11-18 12:17:48 - [MESSAGE][INFO] - Checking timeout

2021-11-18 12:17:48 - [MESSAGE][INFO] - Finding web element with id: 'Object Repository/Olusturma/Genel/AliciBilgisi/Alici_Gir' located by 'By.xpath: //input[@id='GridViewCustomer_DXFREditorcol1_I']' in '30' second(s)

2021-11-18 12:17:48 - [MESSAGE][INFO] - Smart Wait Function is triggered

2021-11-18 12:17:48 - [MESSAGE][INFO] - Found 1 web elements with id: 'Object Repository/Olusturma/Genel/AliciBilgisi/Alici_Gir' located by 'By.xpath: //input[@id='GridViewCustomer_DXFREditorcol1_I']' in '30' second(s)

2021-11-18 12:17:48 - [MESSAGE][INFO] - Clearing text of object 'Object Repository/Olusturma/Genel/AliciBilgisi/Alici_Gir'

2021-11-18 12:17:48 - [MESSAGE][INFO] - Finding web element from Test Object's properties

2021-11-18 12:17:48 - [MESSAGE][INFO] - Checking timeout

2021-11-18 12:17:48 - [MESSAGE][INFO] - Finding web element with id: 'Object Repository/Olusturma/Genel/AliciBilgisi/Alici_Gir' located by 'By.xpath: //input[@id='GridViewCustomer_DXFREditorcol1_I']' in '30' second(s)

2021-11-18 12:17:48 - [MESSAGE][INFO] - Smart Wait Function is triggered

2021-11-18 12:17:48 - [MESSAGE][INFO] - Found 1 web elements with id: 'Object Repository/Olusturma/Genel/AliciBilgisi/Alici_Gir' located by 'By.xpath: //input[@id='GridViewCustomer_DXFREditorcol1_I']' in '30' second(s)

2021-11-18 12:17:48 - [MESSAGE][INFO] - Setting text of object 'Object Repository/Olusturma/Genel/AliciBilgisi/Alici_Gir' to value 'UC0012'

2021-11-18 12:17:48 - [MESSAGE][PASSED] - Text 'UC0012' is set on object 'Object Repository/Olusturma/Genel/AliciBilgisi/Alici_Gir'

2021-11-18 12:17:48 - [MESSAGE][INFO] - Switching to default content

2021-11-18 12:17:48 - [TEST_STEP][PASSED] - waitForElementClickable(findTestObject("Olusturma/Genel/AliciBilgisi/Alici_Adi"), 10): Switching to default content

2021-11-18 12:17:48 - [MESSAGE][INFO] - Finding Test Object 'Object Repository/Olusturma/Genel/AliciBilgisi/Alici_Adi'

2021-11-18 12:17:48 - [MESSAGE][INFO] - Finding Test Object 'Object Repository/Olusturma/Genel/AliciBilgisi/iframe_Alc Bilgisi_customerselectiframe'

2021-11-18 12:17:48 - [MESSAGE][INFO] - Checking object

2021-11-18 12:17:48 - [MESSAGE][INFO] - Checking timeout

2021-11-18 12:17:48 - [MESSAGE][INFO] - Object: 'Object Repository/Olusturma/Genel/AliciBilgisi/Alici_Adi' has parent object(s)

2021-11-18 12:17:48 - [MESSAGE][INFO] - Switching to iframe: 'Object Repository/Olusturma/Genel/AliciBilgisi/iframe_Alc Bilgisi_customerselectiframe'

2021-11-18 12:17:48 - [MESSAGE][INFO] - Finding web element from Test Object's properties

2021-11-18 12:17:48 - [MESSAGE][INFO] - Checking timeout

2021-11-18 12:17:48 - [MESSAGE][INFO] - Finding web element with id: 'Object Repository/Olusturma/Genel/AliciBilgisi/iframe_Alc Bilgisi_customerselectiframe' located by 'By.xpath: //iframe[@id='customerselectiframe']' in '10' second(s)

2021-11-18 12:17:48 - [MESSAGE][INFO] - Smart Wait Function is triggered

2021-11-18 12:17:49 - [MESSAGE][INFO] - Found 1 web elements with id: 'Object Repository/Olusturma/Genel/AliciBilgisi/iframe_Alc Bilgisi_customerselectiframe' located by 'By.xpath: //iframe[@id='customerselectiframe']' in '10' second(s)

2021-11-18 12:17:49 - [MESSAGE][INFO] - Switched to iframe: 'Object Repository/Olusturma/Genel/AliciBilgisi/iframe_Alc Bilgisi_customerselectiframe'

2021-11-18 12:17:49 - [MESSAGE][INFO] - Finding web element from Test Object's properties

2021-11-18 12:17:49 - [MESSAGE][INFO] - Checking timeout

2021-11-18 12:17:49 - [MESSAGE][INFO] - Finding web element with id: 'Object Repository/Olusturma/Genel/AliciBilgisi/Alici_Adi' located by 'By.xpath: //tr[@id='GridViewCustomer_DXDataRow0']/td[2]' in '10' second(s)

2021-11-18 12:17:49 - [MESSAGE][INFO] - Smart Wait Function is triggered

2021-11-18 12:17:49 - [MESSAGE][INFO] - Found 1 web elements with id: 'Object Repository/Olusturma/Genel/AliciBilgisi/Alici_Adi' located by 'By.xpath: //tr[@id='GridViewCustomer_DXDataRow0']/td[2]' in '10' second(s)

2021-11-18 12:17:49 - [MESSAGE][PASSED] - Object 'Object Repository/Olusturma/Genel/AliciBilgisi/Alici_Adi' is clickable

2021-11-18 12:17:49 - [MESSAGE][INFO] - Switching to default content

2021-11-18 12:17:49 - [TEST_STEP][PASSED] - click(findTestObject("Olusturma/Genel/AliciBilgisi/frame")): Switching to default content

2021-11-18 12:17:49 - [MESSAGE][INFO] - Finding Test Object 'Object Repository/Olusturma/Genel/AliciBilgisi/frame'

2021-11-18 12:17:49 - [MESSAGE][INFO] - Finding Test Object 'Object Repository/Olusturma/Genel/AliciBilgisi/iframe_Alc Bilgisi_customerselectiframe'

2021-11-18 12:17:49 - [MESSAGE][INFO] - Checking object

2021-11-18 12:17:49 - [MESSAGE][INFO] - Object: 'Object Repository/Olusturma/Genel/AliciBilgisi/frame' has parent object(s)

2021-11-18 12:17:49 - [MESSAGE][INFO] - Switching to iframe: 'Object Repository/Olusturma/Genel/AliciBilgisi/iframe_Alc Bilgisi_customerselectiframe'

2021-11-18 12:17:49 - [MESSAGE][INFO] - Finding web element from Test Object's properties

2021-11-18 12:17:49 - [MESSAGE][INFO] - Checking timeout

2021-11-18 12:17:49 - [MESSAGE][INFO] - Finding web element with id: 'Object Repository/Olusturma/Genel/AliciBilgisi/iframe_Alc Bilgisi_customerselectiframe' located by 'By.xpath: //iframe[@id='customerselectiframe']' in '30' second(s)

2021-11-18 12:17:49 - [MESSAGE][INFO] - Smart Wait Function is triggered

2021-11-18 12:17:49 - [MESSAGE][INFO] - Found 1 web elements with id: 'Object Repository/Olusturma/Genel/AliciBilgisi/iframe_Alc Bilgisi_customerselectiframe' located by 'By.xpath: //iframe[@id='customerselectiframe']' in '30' second(s)

2021-11-18 12:17:49 - [MESSAGE][INFO] - Switched to iframe: 'Object Repository/Olusturma/Genel/AliciBilgisi/iframe_Alc Bilgisi_customerselectiframe'

2021-11-18 12:17:49 - [MESSAGE][INFO] - Finding web element from Test Object's properties

2021-11-18 12:17:49 - [MESSAGE][INFO] - Checking timeout

2021-11-18 12:17:49 - [MESSAGE][INFO] - Finding web element with id: 'Object Repository/Olusturma/Genel/AliciBilgisi/frame' located by 'By.xpath: //*/text()[normalize-space(.)='']/parent::*' in '30' second(s)

2021-11-18 12:17:49 - [MESSAGE][INFO] - Smart Wait Function is triggered

2021-11-18 12:17:49 - [MESSAGE][INFO] - Found 66 web elements with id: 'Object Repository/Olusturma/Genel/AliciBilgisi/frame' located by 'By.xpath: //*/text()[normalize-space(.)='']/parent::*' in '30' second(s)

2021-11-18 12:17:49 - [MESSAGE][INFO] - Clicking on object: 'Object Repository/Olusturma/Genel/AliciBilgisi/frame'

2021-11-18 12:17:49 - [MESSAGE][PASSED] - Object: 'Object Repository/Olusturma/Genel/AliciBilgisi/frame' is clicked on

2021-11-18 12:17:49 - [MESSAGE][INFO] - Switching to default content

2021-11-18 12:17:49 - [TEST_STEP][PASSED] - click(findTestObject("Olusturma/Genel/AliciBilgisi/Alici_Adi")): Switching to default content

2021-11-18 12:17:49 - [MESSAGE][INFO] - Finding Test Object 'Object Repository/Olusturma/Genel/AliciBilgisi/Alici_Adi'

2021-11-18 12:17:49 - [MESSAGE][INFO] - Finding Test Object 'Object Repository/Olusturma/Genel/AliciBilgisi/iframe_Alc Bilgisi_customerselectiframe'

2021-11-18 12:17:49 - [MESSAGE][INFO] - Checking object

2021-11-18 12:17:49 - [MESSAGE][INFO] - Object: 'Object Repository/Olusturma/Genel/AliciBilgisi/Alici_Adi' has parent object(s)

2021-11-18 12:17:49 - [MESSAGE][INFO] - Switching to iframe: 'Object Repository/Olusturma/Genel/AliciBilgisi/iframe_Alc Bilgisi_customerselectiframe'

2021-11-18 12:17:49 - [MESSAGE][INFO] - Finding web element from Test Object's properties

2021-11-18 12:17:49 - [MESSAGE][INFO] - Checking timeout

2021-11-18 12:17:49 - [MESSAGE][INFO] - Finding web element with id: 'Object Repository/Olusturma/Genel/AliciBilgisi/iframe_Alc Bilgisi_customerselectiframe' located by 'By.xpath: //iframe[@id='customerselectiframe']' in '30' second(s)

2021-11-18 12:17:49 - [MESSAGE][INFO] - Smart Wait Function is triggered

2021-11-18 12:17:50 - [MESSAGE][INFO] - Found 1 web elements with id: 'Object Repository/Olusturma/Genel/AliciBilgisi/iframe_Alc Bilgisi_customerselectiframe' located by 'By.xpath: //iframe[@id='customerselectiframe']' in '30' second(s)

2021-11-18 12:17:50 - [MESSAGE][INFO] - Switched to iframe: 'Object Repository/Olusturma/Genel/AliciBilgisi/iframe_Alc Bilgisi_customerselectiframe'

2021-11-18 12:17:50 - [MESSAGE][INFO] - Finding web element from Test Object's properties

2021-11-18 12:17:50 - [MESSAGE][INFO] - Checking timeout

2021-11-18 12:17:50 - [MESSAGE][INFO] - Finding web element with id: 'Object Repository/Olusturma/Genel/AliciBilgisi/Alici_Adi' located by 'By.xpath: //tr[@id='GridViewCustomer_DXDataRow0']/td[2]' in '30' second(s)

2021-11-18 12:17:50 - [MESSAGE][INFO] - Smart Wait Function is triggered

2021-11-18 12:17:50 - [MESSAGE][INFO] - Found 1 web elements with id: 'Object Repository/Olusturma/Genel/AliciBilgisi/Alici_Adi' located by 'By.xpath: //tr[@id='GridViewCustomer_DXDataRow0']/td[2]' in '30' second(s)

2021-11-18 12:17:50 - [MESSAGE][INFO] - Clicking on object: 'Object Repository/Olusturma/Genel/AliciBilgisi/Alici_Adi'

2021-11-18 12:17:50 - [MESSAGE][PASSED] - Object: 'Object Repository/Olusturma/Genel/AliciBilgisi/Alici_Adi' is clicked on

2021-11-18 12:17:50 - [MESSAGE][INFO] - Switching to default content

2021-11-18 12:17:50 - [TEST_STEP][PASSED] - click(findTestObject("Olusturma/Genel/AliciBilgisi/Tamam_Bosluk")): Switching to default content

2021-11-18 12:17:50 - [MESSAGE][INFO] - Finding Test Object 'Object Repository/Olusturma/Genel/AliciBilgisi/Tamam_Bosluk'

2021-11-18 12:17:50 - [MESSAGE][INFO] - Finding Test Object 'Object Repository/Olusturma/Genel/AliciBilgisi/Alici_Bilgisi'

2021-11-18 12:17:50 - [MESSAGE][INFO] - Checking object

2021-11-18 12:17:50 - [MESSAGE][INFO] - Object: 'Object Repository/Olusturma/Genel/AliciBilgisi/Tamam_Bosluk' has parent object(s)

2021-11-18 12:17:50 - [MESSAGE][INFO] - Switching to iframe: 'Object Repository/Olusturma/Genel/AliciBilgisi/Alici_Bilgisi'

2021-11-18 12:17:50 - [MESSAGE][INFO] - Finding web element from Test Object's properties

2021-11-18 12:17:50 - [MESSAGE][INFO] - Checking timeout

2021-11-18 12:17:50 - [MESSAGE][INFO] - Finding web element with id: 'Object Repository/Olusturma/Genel/AliciBilgisi/Alici_Bilgisi' located by 'By.xpath: //iframe[@id='customerselectiframe']' in '30' second(s)

2021-11-18 12:17:50 - [MESSAGE][INFO] - Smart Wait Function is triggered

2021-11-18 12:17:50 - [MESSAGE][INFO] - Found 1 web elements with id: 'Object Repository/Olusturma/Genel/AliciBilgisi/Alici_Bilgisi' located by 'By.xpath: //iframe[@id='customerselectiframe']' in '30' second(s)

2021-11-18 12:17:50 - [MESSAGE][INFO] - Switched to iframe: 'Object Repository/Olusturma/Genel/AliciBilgisi/Alici_Bilgisi'

2021-11-18 12:17:50 - [MESSAGE][INFO] - Finding web element from Test Object's properties

2021-11-18 12:17:50 - [MESSAGE][INFO] - Checking timeout

2021-11-18 12:17:50 - [MESSAGE][INFO] - Finding web element with id: 'Object Repository/Olusturma/Genel/AliciBilgisi/Tamam_Bosluk' located by 'By.xpath: (.//*[normalize-space(text()) and normalize-space(.)='Sayfa Boyutu:'])[1]/following::div[7]' in '30' second(s)

2021-11-18 12:17:50 - [MESSAGE][INFO] - Smart Wait Function is triggered

2021-11-18 12:17:50 - [MESSAGE][INFO] - Found 1 web elements with id: 'Object Repository/Olusturma/Genel/AliciBilgisi/Tamam_Bosluk' located by 'By.xpath: (.//*[normalize-space(text()) and normalize-space(.)='Sayfa Boyutu:'])[1]/following::div[7]' in '30' second(s)

2021-11-18 12:17:50 - [MESSAGE][INFO] - Clicking on object: 'Object Repository/Olusturma/Genel/AliciBilgisi/Tamam_Bosluk'

2021-11-18 12:17:50 - [MESSAGE][PASSED] - Object: 'Object Repository/Olusturma/Genel/AliciBilgisi/Tamam_Bosluk' is clicked on

2021-11-18 12:17:50 - [MESSAGE][INFO] - Switching to default content

2021-11-18 12:17:50 - [TEST_STEP][PASSED] - waitForElementClickable(findTestObject("Olusturma/Genel/AliciBilgisi/Tamam_Butonu"), 10): Switching to default content

2021-11-18 12:17:50 - [MESSAGE][INFO] - Finding Test Object 'Object Repository/Olusturma/Genel/AliciBilgisi/Tamam_Butonu'

2021-11-18 12:17:50 - [MESSAGE][INFO] - Finding Test Object 'Object Repository/Olusturma/Genel/AliciBilgisi/Alici_Bilgisi'

2021-11-18 12:17:51 - [MESSAGE][INFO] - Checking object

2021-11-18 12:17:51 - [MESSAGE][INFO] - Checking timeout

2021-11-18 12:17:51 - [MESSAGE][INFO] - Object: 'Object Repository/Olusturma/Genel/AliciBilgisi/Tamam_Butonu' has parent object(s)

2021-11-18 12:17:51 - [MESSAGE][INFO] - Switching to iframe: 'Object Repository/Olusturma/Genel/AliciBilgisi/Alici_Bilgisi'

2021-11-18 12:17:51 - [MESSAGE][INFO] - Finding web element from Test Object's properties

2021-11-18 12:17:51 - [MESSAGE][INFO] - Checking timeout

2021-11-18 12:17:51 - [MESSAGE][INFO] - Finding web element with id: 'Object Repository/Olusturma/Genel/AliciBilgisi/Alici_Bilgisi' located by 'By.xpath: //iframe[@id='customerselectiframe']' in '10' second(s)

2021-11-18 12:17:51 - [MESSAGE][INFO] - Smart Wait Function is triggered

2021-11-18 12:17:51 - [MESSAGE][INFO] - Found 1 web elements with id: 'Object Repository/Olusturma/Genel/AliciBilgisi/Alici_Bilgisi' located by 'By.xpath: //iframe[@id='customerselectiframe']' in '10' second(s)

2021-11-18 12:17:51 - [MESSAGE][INFO] - Switched to iframe: 'Object Repository/Olusturma/Genel/AliciBilgisi/Alici_Bilgisi'

2021-11-18 12:17:51 - [MESSAGE][INFO] - Finding web element from Test Object's properties

2021-11-18 12:17:51 - [MESSAGE][INFO] - Checking timeout

2021-11-18 12:17:51 - [MESSAGE][INFO] - Finding web element with id: 'Object Repository/Olusturma/Genel/AliciBilgisi/Tamam_Butonu' located by 'By.xpath: //div[@id='btnSelectCustomer_CD']/span' in '10' second(s)

2021-11-18 12:17:51 - [MESSAGE][INFO] - Smart Wait Function is triggered

2021-11-18 12:17:51 - [MESSAGE][INFO] - Found 1 web elements with id: 'Object Repository/Olusturma/Genel/AliciBilgisi/Tamam_Butonu' located by 'By.xpath: //div[@id='btnSelectCustomer_CD']/span' in '10' second(s)

2021-11-18 12:17:51 - [MESSAGE][PASSED] - Object 'Object Repository/Olusturma/Genel/AliciBilgisi/Tamam_Butonu' is clickable

2021-11-18 12:17:51 - [MESSAGE][INFO] - Switching to default content

2021-11-18 12:17:51 - [TEST_STEP][PASSED] - click(findTestObject("Olusturma/Genel/AliciBilgisi/Tamam_Butonu")): Switching to default content

2021-11-18 12:17:51 - [MESSAGE][INFO] - Finding Test Object 'Object Repository/Olusturma/Genel/AliciBilgisi/Tamam_Butonu'

2021-11-18 12:17:51 - [MESSAGE][INFO] - Finding Test Object 'Object Repository/Olusturma/Genel/AliciBilgisi/Alici_Bilgisi'

2021-11-18 12:17:51 - [MESSAGE][INFO] - Checking object

2021-11-18 12:17:51 - [MESSAGE][INFO] - Object: 'Object Repository/Olusturma/Genel/AliciBilgisi/Tamam_Butonu' has parent object(s)

2021-11-18 12:17:51 - [MESSAGE][INFO] - Switching to iframe: 'Object Repository/Olusturma/Genel/AliciBilgisi/Alici_Bilgisi'

2021-11-18 12:17:51 - [MESSAGE][INFO] - Finding web element from Test Object's properties

2021-11-18 12:17:51 - [MESSAGE][INFO] - Checking timeout

2021-11-18 12:17:51 - [MESSAGE][INFO] - Finding web element with id: 'Object Repository/Olusturma/Genel/AliciBilgisi/Alici_Bilgisi' located by 'By.xpath: //iframe[@id='customerselectiframe']' in '30' second(s)

2021-11-18 12:17:51 - [MESSAGE][INFO] - Smart Wait Function is triggered

2021-11-18 12:17:51 - [MESSAGE][INFO] - Found 1 web elements with id: 'Object Repository/Olusturma/Genel/AliciBilgisi/Alici_Bilgisi' located by 'By.xpath: //iframe[@id='customerselectiframe']' in '30' second(s)

2021-11-18 12:17:51 - [MESSAGE][INFO] - Switched to iframe: 'Object Repository/Olusturma/Genel/AliciBilgisi/Alici_Bilgisi'

2021-11-18 12:17:51 - [MESSAGE][INFO] - Finding web element from Test Object's properties

2021-11-18 12:17:51 - [MESSAGE][INFO] - Checking timeout

2021-11-18 12:17:51 - [MESSAGE][INFO] - Finding web element with id: 'Object Repository/Olusturma/Genel/AliciBilgisi/Tamam_Butonu' located by 'By.xpath: //div[@id='btnSelectCustomer_CD']/span' in '30' second(s)

2021-11-18 12:17:51 - [MESSAGE][INFO] - Smart Wait Function is triggered

2021-11-18 12:17:51 - [MESSAGE][INFO] - Found 1 web elements with id: 'Object Repository/Olusturma/Genel/AliciBilgisi/Tamam_Butonu' located by 'By.xpath: //div[@id='btnSelectCustomer_CD']/span' in '30' second(s)

2021-11-18 12:17:51 - [MESSAGE][INFO] - Clicking on object: 'Object Repository/Olusturma/Genel/AliciBilgisi/Tamam_Butonu'

2021-11-18 12:17:51 - [MESSAGE][PASSED] - Object: 'Object Repository/Olusturma/Genel/AliciBilgisi/Tamam_Butonu' is clicked on

2021-11-18 12:17:51 - [MESSAGE][INFO] - Switching to default content

2021-11-18 12:17:51 - [TEST_STEP][PASSED] - waitForElementPresent(findTestObject("Olusturma/Genel/AliciBilgisi/VKN-TCKN"), 10): Object 'Object Repository/Olusturma/Genel/AliciBilgisi/VKN-TCKN' is present

2021-11-18 12:17:51 - [MESSAGE][INFO] - Finding Test Object 'Object Repository/Olusturma/Genel/AliciBilgisi/VKN-TCKN'

2021-11-18 12:17:52 - [MESSAGE][INFO] - Checking object

2021-11-18 12:17:52 - [MESSAGE][INFO] - Finding web element from Test Object's properties

2021-11-18 12:17:52 - [MESSAGE][INFO] - Checking timeout

2021-11-18 12:17:52 - [MESSAGE][INFO] - Finding web element with id: 'Object Repository/Olusturma/Genel/AliciBilgisi/VKN-TCKN' located by 'By.xpath: //*[@id = 'txtVknTckn_I']' in '10' second(s)

2021-11-18 12:17:52 - [MESSAGE][INFO] - Smart Wait Function is triggered

2021-11-18 12:17:52 - [MESSAGE][INFO] - Found 1 web elements with id: 'Object Repository/Olusturma/Genel/AliciBilgisi/VKN-TCKN' located by 'By.xpath: //*[@id = 'txtVknTckn_I']' in '10' second(s)

2021-11-18 12:17:52 - [MESSAGE][PASSED] - Object 'Object Repository/Olusturma/Genel/AliciBilgisi/VKN-TCKN' is present

2021-11-18 12:17:52 - [TEST_STEP][PASSED] - text = getAttribute(findTestObject("Olusturma/Genel/AliciBilgisi/VKN-TCKN"), "value"): Attribute 'value' of object 'Object Repository/Olusturma/Genel/AliciBilgisi/VKN-TCKN' is: '5328419252'

2021-11-18 12:17:52 - [MESSAGE][INFO] - Finding Test Object 'Object Repository/Olusturma/Genel/AliciBilgisi/VKN-TCKN'

2021-11-18 12:17:52 - [MESSAGE][INFO] - Checking object

2021-11-18 12:17:52 - [MESSAGE][INFO] - Checking attribute

2021-11-18 12:17:52 - [MESSAGE][INFO] - Finding web element from Test Object's properties

2021-11-18 12:17:52 - [MESSAGE][INFO] - Checking timeout

2021-11-18 12:17:52 - [MESSAGE][INFO] - Finding web element with id: 'Object Repository/Olusturma/Genel/AliciBilgisi/VKN-TCKN' located by 'By.xpath: //*[@id = 'txtVknTckn_I']' in '30' second(s)

2021-11-18 12:17:52 - [MESSAGE][INFO] - Smart Wait Function is triggered

2021-11-18 12:17:52 - [MESSAGE][INFO] - Found 1 web elements with id: 'Object Repository/Olusturma/Genel/AliciBilgisi/VKN-TCKN' located by 'By.xpath: //*[@id = 'txtVknTckn_I']' in '30' second(s)

2021-11-18 12:17:52 - [MESSAGE][INFO] - Getting attribute 'value' of object 'Object Repository/Olusturma/Genel/AliciBilgisi/VKN-TCKN'

2021-11-18 12:17:52 - [MESSAGE][PASSED] - Attribute 'value' of object 'Object Repository/Olusturma/Genel/AliciBilgisi/VKN-TCKN' is: '5328419252'

2021-11-18 12:17:52 - [TEST_STEP][PASSED] - if (text.equals("")): null

2021-11-18 12:17:52 - [MESSAGE][PASSED] - Call Test Case 'Test Cases/Olusturma/Genel/AliciSecilir' successfully

2021-11-18 12:17:52 - [MESSAGE][INFO] - Checking called Test Case

2021-11-18 12:17:52 - [MESSAGE][INFO] - Starting to call Test Case 'Test Cases/Olusturma/Genel/GonderimSekliSecilir'

2021-11-18 12:17:52 - [TEST_CASE][PASSED] - Test Cases/Olusturma/Genel/GonderimSekliSecilir: Test Cases/Olusturma/Genel/GonderimSekliSecilir

2021-11-18 12:17:52 - [TEST_STEP][PASSED] - waitForElementClickable(findTestObject("Object Repository/Olusturma/Genel/GonderimSekli/GonderimSekli"), 10): Object 'Object Repository/Olusturma/Genel/GonderimSekli/GonderimSekli' is clickable

2021-11-18 12:17:52 - [MESSAGE][INFO] - Finding Test Object 'Object Repository/Olusturma/Genel/GonderimSekli/GonderimSekli'

2021-11-18 12:17:53 - [MESSAGE][INFO] - Checking object

2021-11-18 12:17:53 - [MESSAGE][INFO] - Checking timeout

2021-11-18 12:17:53 - [MESSAGE][INFO] - Finding web element from Test Object's properties

2021-11-18 12:17:53 - [MESSAGE][INFO] - Checking timeout

2021-11-18 12:17:53 - [MESSAGE][INFO] - Finding web element with id: 'Object Repository/Olusturma/Genel/GonderimSekli/GonderimSekli' located by 'By.xpath: //*[@id = 'txtGonderimSekil_I']' in '10' second(s)

2021-11-18 12:17:53 - [MESSAGE][INFO] - Smart Wait Function is triggered

2021-11-18 12:17:53 - [MESSAGE][INFO] - Found 1 web elements with id: 'Object Repository/Olusturma/Genel/GonderimSekli/GonderimSekli' located by 'By.xpath: //*[@id = 'txtGonderimSekil_I']' in '10' second(s)

2021-11-18 12:17:53 - [MESSAGE][PASSED] - Object 'Object Repository/Olusturma/Genel/GonderimSekli/GonderimSekli' is clickable

2021-11-18 12:17:53 - [TEST_STEP][PASSED] - click(findTestObject("Object Repository/Olusturma/Genel/GonderimSekli/GonderimSekli")): Object: 'Object Repository/Olusturma/Genel/GonderimSekli/GonderimSekli' is clicked on

2021-11-18 12:17:53 - [MESSAGE][INFO] - Finding Test Object 'Object Repository/Olusturma/Genel/GonderimSekli/GonderimSekli'

2021-11-18 12:17:53 - [MESSAGE][INFO] - Checking object

2021-11-18 12:17:53 - [MESSAGE][INFO] - Finding web element from Test Object's properties

2021-11-18 12:17:53 - [MESSAGE][INFO] - Checking timeout

2021-11-18 12:17:53 - [MESSAGE][INFO] - Finding web element with id: 'Object Repository/Olusturma/Genel/GonderimSekli/GonderimSekli' located by 'By.xpath: //*[@id = 'txtGonderimSekil_I']' in '30' second(s)

2021-11-18 12:17:53 - [MESSAGE][INFO] - Smart Wait Function is triggered

2021-11-18 12:17:53 - [MESSAGE][INFO] - Found 1 web elements with id: 'Object Repository/Olusturma/Genel/GonderimSekli/GonderimSekli' located by 'By.xpath: //*[@id = 'txtGonderimSekil_I']' in '30' second(s)

2021-11-18 12:17:53 - [MESSAGE][INFO] - Clicking on object: 'Object Repository/Olusturma/Genel/GonderimSekli/GonderimSekli'

2021-11-18 12:17:53 - [MESSAGE][PASSED] - Object: 'Object Repository/Olusturma/Genel/GonderimSekli/GonderimSekli' is clicked on

2021-11-18 12:17:53 - [TEST_STEP][PASSED] - Method.TextDegerineEsitElementeTikla(findTestObject("Object Repository/Olusturma/Genel/GonderimSekli/GonderimSekliAdi"), GonderimSekli): Method.TextDegerineEsitElementeTikla is PASSED

2021-11-18 12:17:53 - [MESSAGE][INFO] - Finding Test Object 'Object Repository/Olusturma/Genel/GonderimSekli/GonderimSekliAdi'

2021-11-18 12:17:53 - [MESSAGE][INFO] - Checking timeout

2021-11-18 12:17:53 - [MESSAGE][INFO] - Finding web element with id: 'Object Repository/Olusturma/Genel/GonderimSekli/GonderimSekliAdi' located by 'By.cssSelector: #txtGonderimSekil_DDD_L_LBT td' in '10' second(s)

2021-11-18 12:17:53 - [MESSAGE][INFO] - Smart Wait Function is triggered

2021-11-18 12:17:54 - [MESSAGE][INFO] - Found 2 web elements with id: 'Object Repository/Olusturma/Genel/GonderimSekli/GonderimSekliAdi' located by 'By.cssSelector: #txtGonderimSekil_DDD_L_LBT td' in '10' second(s)

2021-11-18 12:17:54 - [MESSAGE][PASSED] - Method.TextDegerineEsitElementeTikla is PASSED

2021-11-18 12:17:54 - [MESSAGE][PASSED] - Call Test Case 'Test Cases/Olusturma/Genel/GonderimSekliSecilir' successfully

2021-11-18 12:17:54 - [MESSAGE][INFO] - Checking called Test Case

2021-11-18 12:17:54 - [MESSAGE][INFO] - Starting to call Test Case 'Test Cases/Olusturma/Genel/TipSecilir'

2021-11-18 12:17:54 - [TEST_CASE][PASSED] - Test Cases/Olusturma/Genel/TipSecilir: Test Cases/Olusturma/Genel/TipSecilir

2021-11-18 12:17:54 - [TEST_STEP][PASSED] - waitForElementClickable(findTestObject("Olusturma/Genel/TipSecilir/Tip"), 10): Object 'Object Repository/Olusturma/Genel/TipSecilir/Tip' is clickable

2021-11-18 12:17:54 - [MESSAGE][INFO] - Finding Test Object 'Object Repository/Olusturma/Genel/TipSecilir/Tip'

2021-11-18 12:17:54 - [MESSAGE][INFO] - Checking object

2021-11-18 12:17:54 - [MESSAGE][INFO] - Checking timeout

2021-11-18 12:17:54 - [MESSAGE][INFO] - Finding web element from Test Object's properties

2021-11-18 12:17:54 - [MESSAGE][INFO] - Checking timeout

2021-11-18 12:17:54 - [MESSAGE][INFO] - Finding web element with id: 'Object Repository/Olusturma/Genel/TipSecilir/Tip' located by 'By.xpath: //*[@id = 'DocumentTypeCode_I']' in '10' second(s)

2021-11-18 12:17:54 - [MESSAGE][INFO] - Smart Wait Function is triggered

2021-11-18 12:17:54 - [MESSAGE][INFO] - Found 1 web elements with id: 'Object Repository/Olusturma/Genel/TipSecilir/Tip' located by 'By.xpath: //*[@id = 'DocumentTypeCode_I']' in '10' second(s)

2021-11-18 12:17:54 - [MESSAGE][PASSED] - Object 'Object Repository/Olusturma/Genel/TipSecilir/Tip' is clickable

2021-11-18 12:17:54 - [TEST_STEP][PASSED] - click(findTestObject("Olusturma/Genel/TipSecilir/Tip")): Object: 'Object Repository/Olusturma/Genel/TipSecilir/Tip' is clicked on

2021-11-18 12:17:54 - [MESSAGE][INFO] - Finding Test Object 'Object Repository/Olusturma/Genel/TipSecilir/Tip'

2021-11-18 12:17:54 - [MESSAGE][INFO] - Checking object

2021-11-18 12:17:54 - [MESSAGE][INFO] - Finding web element from Test Object's properties

2021-11-18 12:17:54 - [MESSAGE][INFO] - Checking timeout

2021-11-18 12:17:54 - [MESSAGE][INFO] - Finding web element with id: 'Object Repository/Olusturma/Genel/TipSecilir/Tip' located by 'By.xpath: //*[@id = 'DocumentTypeCode_I']' in '30' second(s)

2021-11-18 12:17:54 - [MESSAGE][INFO] - Smart Wait Function is triggered

2021-11-18 12:17:55 - [MESSAGE][INFO] - Found 1 web elements with id: 'Object Repository/Olusturma/Genel/TipSecilir/Tip' located by 'By.xpath: //*[@id = 'DocumentTypeCode_I']' in '30' second(s)

2021-11-18 12:17:55 - [MESSAGE][INFO] - Clicking on object: 'Object Repository/Olusturma/Genel/TipSecilir/Tip'

2021-11-18 12:17:55 - [MESSAGE][PASSED] - Object: 'Object Repository/Olusturma/Genel/TipSecilir/Tip' is clicked on

2021-11-18 12:17:55 - [TEST_STEP][PASSED] - Method.TextDegerineEsitElementeTikla(findTestObject("Object Repository/Olusturma/Genel/TipSecilir/Tip_Adi"), Tip): Method.TextDegerineEsitElementeTikla is PASSED

2021-11-18 12:17:55 - [MESSAGE][INFO] - Finding Test Object 'Object Repository/Olusturma/Genel/TipSecilir/Tip_Adi'

2021-11-18 12:17:55 - [MESSAGE][INFO] - Checking timeout

2021-11-18 12:17:55 - [MESSAGE][INFO] - Finding web element with id: 'Object Repository/Olusturma/Genel/TipSecilir/Tip_Adi' located by 'By.cssSelector: #DocumentTypeCode_DDD_L_LBT td' in '10' second(s)

2021-11-18 12:17:55 - [MESSAGE][INFO] - Smart Wait Function is triggered

2021-11-18 12:17:55 - [MESSAGE][INFO] - Found 9 web elements with id: 'Object Repository/Olusturma/Genel/TipSecilir/Tip_Adi' located by 'By.cssSelector: #DocumentTypeCode_DDD_L_LBT td' in '10' second(s)

2021-11-18 12:17:55 - [MESSAGE][PASSED] - Method.TextDegerineEsitElementeTikla is PASSED

2021-11-18 12:17:55 - [MESSAGE][PASSED] - Call Test Case 'Test Cases/Olusturma/Genel/TipSecilir' successfully

2021-11-18 12:17:55 - [MESSAGE][INFO] - Checking called Test Case

2021-11-18 12:17:55 - [MESSAGE][INFO] - Starting to call Test Case 'Test Cases/Olusturma/Genel/DokumanParaBirimiSecilir'

2021-11-18 12:17:55 - [TEST_CASE][PASSED] - Test Cases/Olusturma/Genel/DokumanParaBirimiSecilir: Test Cases/Olusturma/Genel/DokumanParaBirimiSecilir

2021-11-18 12:17:55 - [TEST_STEP][PASSED] - waitForElementClickable(findTestObject("Object Repository/Olusturma/Genel/DokumanParaBirimiSecilir/Para"), 10): Object 'Object Repository/Olusturma/Genel/DokumanParaBirimiSecilir/Para' is clickable

2021-11-18 12:17:55 - [MESSAGE][INFO] - Finding Test Object 'Object Repository/Olusturma/Genel/DokumanParaBirimiSecilir/Para'

2021-11-18 12:17:55 - [MESSAGE][INFO] - Checking object

2021-11-18 12:17:55 - [MESSAGE][INFO] - Checking timeout

2021-11-18 12:17:55 - [MESSAGE][INFO] - Finding web element from Test Object's properties

2021-11-18 12:17:55 - [MESSAGE][INFO] - Checking timeout

2021-11-18 12:17:55 - [MESSAGE][INFO] - Finding web element with id: 'Object Repository/Olusturma/Genel/DokumanParaBirimiSecilir/Para' located by 'By.xpath: //*[@id = 'CurrencyUnit_I']' in '10' second(s)

2021-11-18 12:17:55 - [MESSAGE][INFO] - Smart Wait Function is triggered

2021-11-18 12:17:57 - [MESSAGE][INFO] - Found 1 web elements with id: 'Object Repository/Olusturma/Genel/DokumanParaBirimiSecilir/Para' located by 'By.xpath: //*[@id = 'CurrencyUnit_I']' in '10' second(s)

2021-11-18 12:17:57 - [MESSAGE][PASSED] - Object 'Object Repository/Olusturma/Genel/DokumanParaBirimiSecilir/Para' is clickable

2021-11-18 12:17:57 - [TEST_STEP][PASSED] - click(findTestObject("Object Repository/Olusturma/Genel/DokumanParaBirimiSecilir/Para")): Object: 'Object Repository/Olusturma/Genel/DokumanParaBirimiSecilir/Para' is clicked on

2021-11-18 12:17:57 - [MESSAGE][INFO] - Finding Test Object 'Object Repository/Olusturma/Genel/DokumanParaBirimiSecilir/Para'

2021-11-18 12:17:57 - [MESSAGE][INFO] - Checking object

2021-11-18 12:17:57 - [MESSAGE][INFO] - Finding web element from Test Object's properties

2021-11-18 12:17:57 - [MESSAGE][INFO] - Checking timeout

2021-11-18 12:17:57 - [MESSAGE][INFO] - Finding web element with id: 'Object Repository/Olusturma/Genel/DokumanParaBirimiSecilir/Para' located by 'By.xpath: //*[@id = 'CurrencyUnit_I']' in '30' second(s)

2021-11-18 12:17:57 - [MESSAGE][INFO] - Smart Wait Function is triggered

2021-11-18 12:17:57 - [MESSAGE][INFO] - Found 1 web elements with id: 'Object Repository/Olusturma/Genel/DokumanParaBirimiSecilir/Para' located by 'By.xpath: //*[@id = 'CurrencyUnit_I']' in '30' second(s)

2021-11-18 12:17:57 - [MESSAGE][INFO] - Clicking on object: 'Object Repository/Olusturma/Genel/DokumanParaBirimiSecilir/Para'

2021-11-18 12:17:57 - [MESSAGE][PASSED] - Object: 'Object Repository/Olusturma/Genel/DokumanParaBirimiSecilir/Para' is clicked on

2021-11-18 12:17:57 - [TEST_STEP][PASSED] - Method.TextDegerineEsitElementeTikla(findTestObject("Object Repository/Olusturma/Genel/DokumanParaBirimiSecilir/Para_Adi"), Para): Method.TextDegerineEsitElementeTikla is PASSED

2021-11-18 12:17:57 - [MESSAGE][INFO] - Finding Test Object 'Object Repository/Olusturma/Genel/DokumanParaBirimiSecilir/Para_Adi'

2021-11-18 12:17:57 - [MESSAGE][INFO] - Checking timeout

2021-11-18 12:17:57 - [MESSAGE][INFO] - Finding web element with id: 'Object Repository/Olusturma/Genel/DokumanParaBirimiSecilir/Para_Adi' located by 'By.cssSelector: #CurrencyUnit_DDD_L_LBT td' in '10' second(s)

2021-11-18 12:17:57 - [MESSAGE][INFO] - Smart Wait Function is triggered

2021-11-18 12:17:58 - [MESSAGE][INFO] - Found 203 web elements with id: 'Object Repository/Olusturma/Genel/DokumanParaBirimiSecilir/Para_Adi' located by 'By.cssSelector: #CurrencyUnit_DDD_L_LBT td' in '10' second(s)

2021-11-18 12:18:01 - [MESSAGE][PASSED] - Method.TextDegerineEsitElementeTikla is PASSED

2021-11-18 12:18:01 - [MESSAGE][PASSED] - Call Test Case 'Test Cases/Olusturma/Genel/DokumanParaBirimiSecilir' successfully

2021-11-18 12:18:01 - [MESSAGE][INFO] - Checking called Test Case

2021-11-18 12:18:01 - [MESSAGE][INFO] - Starting to call Test Case 'Test Cases/Olusturma/Genel/OnEkSecilir'

2021-11-18 12:18:01 - [TEST_CASE][PASSED] - Test Cases/Olusturma/Genel/OnEkSecilir: Test Cases/Olusturma/Genel/OnEkSecilir

2021-11-18 12:18:01 - [TEST_STEP][PASSED] - waitForElementClickable(findTestObject("Object Repository/Olusturma/Genel/OnEkSecilir/OnEk"), 10): Object 'Object Repository/Olusturma/Genel/OnEkSecilir/OnEk' is clickable

2021-11-18 12:18:01 - [MESSAGE][INFO] - Finding Test Object 'Object Repository/Olusturma/Genel/OnEkSecilir/OnEk'

2021-11-18 12:18:01 - [MESSAGE][INFO] - Checking object

2021-11-18 12:18:01 - [MESSAGE][INFO] - Checking timeout

2021-11-18 12:18:01 - [MESSAGE][INFO] - Finding web element from Test Object's properties

2021-11-18 12:18:01 - [MESSAGE][INFO] - Checking timeout

2021-11-18 12:18:01 - [MESSAGE][INFO] - Finding web element with id: 'Object Repository/Olusturma/Genel/OnEkSecilir/OnEk' located by 'By.xpath: //*[@id = 'InvoicePrefix_I']' in '10' second(s)

2021-11-18 12:18:01 - [MESSAGE][INFO] - Smart Wait Function is triggered

2021-11-18 12:18:01 - [MESSAGE][INFO] - Found 1 web elements with id: 'Object Repository/Olusturma/Genel/OnEkSecilir/OnEk' located by 'By.xpath: //*[@id = 'InvoicePrefix_I']' in '10' second(s)

2021-11-18 12:18:01 - [MESSAGE][PASSED] - Object 'Object Repository/Olusturma/Genel/OnEkSecilir/OnEk' is clickable

2021-11-18 12:18:01 - [TEST_STEP][PASSED] - click(findTestObject("Object Repository/Olusturma/Genel/OnEkSecilir/OnEk")): Object: 'Object Repository/Olusturma/Genel/OnEkSecilir/OnEk' is clicked on

2021-11-18 12:18:01 - [MESSAGE][INFO] - Finding Test Object 'Object Repository/Olusturma/Genel/OnEkSecilir/OnEk'

2021-11-18 12:18:01 - [MESSAGE][INFO] - Checking object

2021-11-18 12:18:01 - [MESSAGE][INFO] - Finding web element from Test Object's properties

2021-11-18 12:18:01 - [MESSAGE][INFO] - Checking timeout

2021-11-18 12:18:01 - [MESSAGE][INFO] - Finding web element with id: 'Object Repository/Olusturma/Genel/OnEkSecilir/OnEk' located by 'By.xpath: //*[@id = 'InvoicePrefix_I']' in '30' second(s)

2021-11-18 12:18:01 - [MESSAGE][INFO] - Smart Wait Function is triggered

2021-11-18 12:18:01 - [MESSAGE][INFO] - Found 1 web elements with id: 'Object Repository/Olusturma/Genel/OnEkSecilir/OnEk' located by 'By.xpath: //*[@id = 'InvoicePrefix_I']' in '30' second(s)

2021-11-18 12:18:01 - [MESSAGE][INFO] - Clicking on object: 'Object Repository/Olusturma/Genel/OnEkSecilir/OnEk'

2021-11-18 12:18:01 - [MESSAGE][PASSED] - Object: 'Object Repository/Olusturma/Genel/OnEkSecilir/OnEk' is clicked on

2021-11-18 12:18:01 - [TEST_STEP][PASSED] - Method.TextDegerineEsitElementeTiklaEquals(findTestObject("Object Repository/Olusturma/Genel/OnEkSecilir/OnEkAdi"), Ek): Method.TextDegerineEsitElementeTiklaEquals is PASSED

2021-11-18 12:18:01 - [MESSAGE][INFO] - Finding Test Object 'Object Repository/Olusturma/Genel/OnEkSecilir/OnEkAdi'

2021-11-18 12:18:02 - [MESSAGE][INFO] - Checking timeout

2021-11-18 12:18:02 - [MESSAGE][INFO] - Finding web element with id: 'Object Repository/Olusturma/Genel/OnEkSecilir/OnEkAdi' located by 'By.cssSelector: #InvoicePrefix_DDD_L_LBT td' in '10' second(s)

2021-11-18 12:18:02 - [MESSAGE][INFO] - Smart Wait Function is triggered

2021-11-18 12:18:02 - [MESSAGE][INFO] - Found 1 web elements with id: 'Object Repository/Olusturma/Genel/OnEkSecilir/OnEkAdi' located by 'By.cssSelector: #InvoicePrefix_DDD_L_LBT td' in '10' second(s)

2021-11-18 12:18:02 - [MESSAGE][PASSED] - Method.TextDegerineEsitElementeTiklaEquals is PASSED

2021-11-18 12:18:02 - [MESSAGE][PASSED] - Call Test Case 'Test Cases/Olusturma/Genel/OnEkSecilir' successfully

2021-11-18 12:18:02 - [MESSAGE][INFO] - Checking called Test Case

2021-11-18 12:18:02 - [MESSAGE][INFO] - Starting to call Test Case 'Test Cases/Olusturma/Genel/TasarimSecilir'

2021-11-18 12:18:02 - [TEST_CASE][PASSED] - Test Cases/Olusturma/Genel/TasarimSecilir: Test Cases/Olusturma/Genel/TasarimSecilir

2021-11-18 12:18:02 - [TEST_STEP][PASSED] - waitForElementClickable(findTestObject("Object Repository/Olusturma/Genel/TasarimSecilir/Tasarim"), 10): Object 'Object Repository/Olusturma/Genel/TasarimSecilir/Tasarim' is clickable

2021-11-18 12:18:02 - [MESSAGE][INFO] - Finding Test Object 'Object Repository/Olusturma/Genel/TasarimSecilir/Tasarim'

2021-11-18 12:18:02 - [MESSAGE][INFO] - Checking object

2021-11-18 12:18:02 - [MESSAGE][INFO] - Checking timeout

2021-11-18 12:18:02 - [MESSAGE][INFO] - Finding web element from Test Object's properties

2021-11-18 12:18:02 - [MESSAGE][INFO] - Checking timeout

2021-11-18 12:18:02 - [MESSAGE][INFO] - Finding web element with id: 'Object Repository/Olusturma/Genel/TasarimSecilir/Tasarim' located by 'By.xpath: //*[@id = 'DesignId_I']' in '10' second(s)

2021-11-18 12:18:02 - [MESSAGE][INFO] - Smart Wait Function is triggered

2021-11-18 12:18:02 - [MESSAGE][INFO] - Found 1 web elements with id: 'Object Repository/Olusturma/Genel/TasarimSecilir/Tasarim' located by 'By.xpath: //*[@id = 'DesignId_I']' in '10' second(s)

2021-11-18 12:18:02 - [MESSAGE][PASSED] - Object 'Object Repository/Olusturma/Genel/TasarimSecilir/Tasarim' is clickable

2021-11-18 12:18:02 - [TEST_STEP][PASSED] - click(findTestObject("Object Repository/Olusturma/Genel/TasarimSecilir/Tasarim")): Object: 'Object Repository/Olusturma/Genel/TasarimSecilir/Tasarim' is clicked on

2021-11-18 12:18:02 - [MESSAGE][INFO] - Finding Test Object 'Object Repository/Olusturma/Genel/TasarimSecilir/Tasarim'

2021-11-18 12:18:02 - [MESSAGE][INFO] - Checking object

2021-11-18 12:18:02 - [MESSAGE][INFO] - Finding web element from Test Object's properties

2021-11-18 12:18:02 - [MESSAGE][INFO] - Checking timeout

2021-11-18 12:18:02 - [MESSAGE][INFO] - Finding web element with id: 'Object Repository/Olusturma/Genel/TasarimSecilir/Tasarim' located by 'By.xpath: //*[@id = 'DesignId_I']' in '30' second(s)

2021-11-18 12:18:02 - [MESSAGE][INFO] - Smart Wait Function is triggered

2021-11-18 12:18:03 - [MESSAGE][INFO] - Found 1 web elements with id: 'Object Repository/Olusturma/Genel/TasarimSecilir/Tasarim' located by 'By.xpath: //*[@id = 'DesignId_I']' in '30' second(s)

2021-11-18 12:18:03 - [MESSAGE][INFO] - Clicking on object: 'Object Repository/Olusturma/Genel/TasarimSecilir/Tasarim'

2021-11-18 12:18:03 - [MESSAGE][PASSED] - Object: 'Object Repository/Olusturma/Genel/TasarimSecilir/Tasarim' is clicked on

2021-11-18 12:18:03 - [TEST_STEP][PASSED] - Method.TextDegerineEsitElementeTikla(findTestObject("Object Repository/Olusturma/Genel/TasarimSecilir/Tasarim_Adi"), Tasarim): Method.TextDegerineEsitElementeTikla is PASSED

2021-11-18 12:18:03 - [MESSAGE][INFO] - Finding Test Object 'Object Repository/Olusturma/Genel/TasarimSecilir/Tasarim_Adi'

2021-11-18 12:18:03 - [MESSAGE][INFO] - Checking timeout

2021-11-18 12:18:03 - [MESSAGE][INFO] - Finding web element with id: 'Object Repository/Olusturma/Genel/TasarimSecilir/Tasarim_Adi' located by 'By.cssSelector: #DesignId_DDD_L_LBT td' in '10' second(s)

2021-11-18 12:18:03 - [MESSAGE][INFO] - Smart Wait Function is triggered

2021-11-18 12:18:03 - [MESSAGE][INFO] - Found 1 web elements with id: 'Object Repository/Olusturma/Genel/TasarimSecilir/Tasarim_Adi' located by 'By.cssSelector: #DesignId_DDD_L_LBT td' in '10' second(s)

2021-11-18 12:18:03 - [MESSAGE][PASSED] - Method.TextDegerineEsitElementeTikla is PASSED

2021-11-18 12:18:03 - [MESSAGE][PASSED] - Call Test Case 'Test Cases/Olusturma/Genel/TasarimSecilir' successfully

2021-11-18 12:18:03 - [MESSAGE][INFO] - Checking called Test Case

2021-11-18 12:18:03 - [MESSAGE][INFO] - Starting to call Test Case 'Test Cases/Olusturma/Genel/Kutular/SiparisBilgileriGirilir'

2021-11-18 12:18:03 - [TEST_CASE][PASSED] - Test Cases/Olusturma/Genel/Kutular/SiparisBilgileriGirilir: Test Cases/Olusturma/Genel/Kutular/SiparisBilgileriGirilir

2021-11-18 12:18:03 - [TEST_STEP][PASSED] - Method.TextDegerineEsitElementeTikla(findTestObject("Olusturma/Genel/Kutular/KapaliKutular"), "Sipariş Bilgileri"): Method.TextDegerineEsitElementeTikla is PASSED

2021-11-18 12:18:03 - [MESSAGE][INFO] - Finding Test Object 'Object Repository/Olusturma/Genel/Kutular/KapaliKutular'

2021-11-18 12:18:03 - [MESSAGE][INFO] - Checking timeout

2021-11-18 12:18:03 - [MESSAGE][INFO] - Finding web element with id: 'Object Repository/Olusturma/Genel/Kutular/KapaliKutular' located by 'By.cssSelector: .dxnb-headerCollapsed>span' in '10' second(s)

2021-11-18 12:18:03 - [MESSAGE][INFO] - Smart Wait Function is triggered

2021-11-18 12:18:04 - [MESSAGE][INFO] - Found 8 web elements with id: 'Object Repository/Olusturma/Genel/Kutular/KapaliKutular' located by 'By.cssSelector: .dxnb-headerCollapsed>span' in '10' second(s)

2021-11-18 12:18:04 - [MESSAGE][PASSED] - Method.TextDegerineEsitElementeTikla is PASSED

2021-11-18 12:18:04 - [TEST_STEP][PASSED] - waitForElementPresent(findTestObject("Object Repository/Olusturma/Genel/Kutular/SiparisBilgileri/SiparisNo"), 10): Object 'Object Repository/Olusturma/Genel/Kutular/SiparisBilgileri/SiparisNo' is present

2021-11-18 12:18:04 - [MESSAGE][INFO] - Finding Test Object 'Object Repository/Olusturma/Genel/Kutular/SiparisBilgileri/SiparisNo'

2021-11-18 12:18:04 - [MESSAGE][INFO] - Checking object

2021-11-18 12:18:04 - [MESSAGE][INFO] - Finding web element from Test Object's properties

2021-11-18 12:18:04 - [MESSAGE][INFO] - Checking timeout

2021-11-18 12:18:04 - [MESSAGE][INFO] - Finding web element with id: 'Object Repository/Olusturma/Genel/Kutular/SiparisBilgileri/SiparisNo' located by 'By.xpath: //*[@id = 'txtSiparisNo_I']' in '10' second(s)

2021-11-18 12:18:04 - [MESSAGE][INFO] - Smart Wait Function is triggered

2021-11-18 12:18:04 - [MESSAGE][INFO] - Found 1 web elements with id: 'Object Repository/Olusturma/Genel/Kutular/SiparisBilgileri/SiparisNo' located by 'By.xpath: //*[@id = 'txtSiparisNo_I']' in '10' second(s)

2021-11-18 12:18:04 - [MESSAGE][PASSED] - Object 'Object Repository/Olusturma/Genel/Kutular/SiparisBilgileri/SiparisNo' is present

2021-11-18 12:18:04 - [TEST_STEP][PASSED] - clearText(findTestObject("Object Repository/Olusturma/Genel/Kutular/SiparisBilgileri/SiparisNo")): Text of object 'Object Repository/Olusturma/Genel/Kutular/SiparisBilgileri/SiparisNo' is cleared

2021-11-18 12:18:04 - [MESSAGE][INFO] - Finding Test Object 'Object Repository/Olusturma/Genel/Kutular/SiparisBilgileri/SiparisNo'

2021-11-18 12:18:04 - [MESSAGE][INFO] - Checking object

2021-11-18 12:18:04 - [MESSAGE][INFO] - Finding web element from Test Object's properties

2021-11-18 12:18:04 - [MESSAGE][INFO] - Checking timeout

2021-11-18 12:18:04 - [MESSAGE][INFO] - Finding web element with id: 'Object Repository/Olusturma/Genel/Kutular/SiparisBilgileri/SiparisNo' located by 'By.xpath: //*[@id = 'txtSiparisNo_I']' in '30' second(s)

2021-11-18 12:18:04 - [MESSAGE][INFO] - Smart Wait Function is triggered

2021-11-18 12:18:04 - [MESSAGE][INFO] - Found 1 web elements with id: 'Object Repository/Olusturma/Genel/Kutular/SiparisBilgileri/SiparisNo' located by 'By.xpath: //*[@id = 'txtSiparisNo_I']' in '30' second(s)

2021-11-18 12:18:04 - [MESSAGE][INFO] - Clearing text of object 'Object Repository/Olusturma/Genel/Kutular/SiparisBilgileri/SiparisNo'

2021-11-18 12:18:04 - [MESSAGE][PASSED] - Text of object 'Object Repository/Olusturma/Genel/Kutular/SiparisBilgileri/SiparisNo' is cleared

2021-11-18 12:18:04 - [TEST_STEP][PASSED] - sendKeys(findTestObject("Object Repository/Olusturma/Genel/Kutular/SiparisBilgileri/SiparisNo"), SiparisNo): Keys 'UUC-SAT-1200001' sent to object: 'Object Repository/Olusturma/Genel/Kutular/SiparisBilgileri/SiparisNo'

2021-11-18 12:18:04 - [MESSAGE][INFO] - Finding Test Object 'Object Repository/Olusturma/Genel/Kutular/SiparisBilgileri/SiparisNo'

2021-11-18 12:18:05 - [MESSAGE][INFO] - Sending keys 'UUC-SAT-1200001' to object: 'Object Repository/Olusturma/Genel/Kutular/SiparisBilgileri/SiparisNo'

2021-11-18 12:18:05 - [MESSAGE][INFO] - Finding web element from Test Object's properties

2021-11-18 12:18:05 - [MESSAGE][INFO] - Checking timeout

2021-11-18 12:18:05 - [MESSAGE][INFO] - Finding web element with id: 'Object Repository/Olusturma/Genel/Kutular/SiparisBilgileri/SiparisNo' located by 'By.xpath: //*[@id = 'txtSiparisNo_I']' in '30' second(s)

2021-11-18 12:18:05 - [MESSAGE][INFO] - Smart Wait Function is triggered

2021-11-18 12:18:05 - [MESSAGE][INFO] - Found 1 web elements with id: 'Object Repository/Olusturma/Genel/Kutular/SiparisBilgileri/SiparisNo' located by 'By.xpath: //*[@id = 'txtSiparisNo_I']' in '30' second(s)

2021-11-18 12:18:05 - [MESSAGE][PASSED] - Keys 'UUC-SAT-1200001' sent to object: 'Object Repository/Olusturma/Genel/Kutular/SiparisBilgileri/SiparisNo'

2021-11-18 12:18:05 - [TEST_STEP][PASSED] - waitForElementClickable(findTestObject("Object Repository/Olusturma/Genel/Kutular/SiparisBilgileri/SiparisTarihiImage"), 10): Object 'Object Repository/Olusturma/Genel/Kutular/SiparisBilgileri/SiparisTarihiImage' is clickable

2021-11-18 12:18:05 - [MESSAGE][INFO] - Finding Test Object 'Object Repository/Olusturma/Genel/Kutular/SiparisBilgileri/SiparisTarihiImage'

2021-11-18 12:18:05 - [MESSAGE][INFO] - Checking object

2021-11-18 12:18:05 - [MESSAGE][INFO] - Checking timeout

2021-11-18 12:18:05 - [MESSAGE][INFO] - Finding web element from Test Object's properties

2021-11-18 12:18:05 - [MESSAGE][INFO] - Checking timeout

2021-11-18 12:18:05 - [MESSAGE][INFO] - Finding web element with id: 'Object Repository/Olusturma/Genel/Kutular/SiparisBilgileri/SiparisTarihiImage' located by 'By.cssSelector: #dateSiparisTarih img' in '10' second(s)

2021-11-18 12:18:05 - [MESSAGE][INFO] - Smart Wait Function is triggered

2021-11-18 12:18:05 - [MESSAGE][INFO] - Found 1 web elements with id: 'Object Repository/Olusturma/Genel/Kutular/SiparisBilgileri/SiparisTarihiImage' located by 'By.cssSelector: #dateSiparisTarih img' in '10' second(s)

2021-11-18 12:18:05 - [MESSAGE][PASSED] - Object 'Object Repository/Olusturma/Genel/Kutular/SiparisBilgileri/SiparisTarihiImage' is clickable

2021-11-18 12:18:05 - [TEST_STEP][PASSED] - click(findTestObject("Object Repository/Olusturma/Genel/Kutular/SiparisBilgileri/SiparisTarihiImage")): Object: 'Object Repository/Olusturma/Genel/Kutular/SiparisBilgileri/SiparisTarihiImage' is clicked on

2021-11-18 12:18:05 - [MESSAGE][INFO] - Finding Test Object 'Object Repository/Olusturma/Genel/Kutular/SiparisBilgileri/SiparisTarihiImage'

2021-11-18 12:18:06 - [MESSAGE][INFO] - Checking object

2021-11-18 12:18:06 - [MESSAGE][INFO] - Finding web element from Test Object's properties

2021-11-18 12:18:06 - [MESSAGE][INFO] - Checking timeout

2021-11-18 12:18:06 - [MESSAGE][INFO] - Finding web element with id: 'Object Repository/Olusturma/Genel/Kutular/SiparisBilgileri/SiparisTarihiImage' located by 'By.cssSelector: #dateSiparisTarih img' in '30' second(s)

2021-11-18 12:18:06 - [MESSAGE][INFO] - Smart Wait Function is triggered

2021-11-18 12:18:06 - [MESSAGE][INFO] - Found 1 web elements with id: 'Object Repository/Olusturma/Genel/Kutular/SiparisBilgileri/SiparisTarihiImage' located by 'By.cssSelector: #dateSiparisTarih img' in '30' second(s)

2021-11-18 12:18:06 - [MESSAGE][INFO] - Clicking on object: 'Object Repository/Olusturma/Genel/Kutular/SiparisBilgileri/SiparisTarihiImage'

2021-11-18 12:18:06 - [MESSAGE][PASSED] - Object: 'Object Repository/Olusturma/Genel/Kutular/SiparisBilgileri/SiparisTarihiImage' is clicked on

2021-11-18 12:18:06 - [TEST_STEP][PASSED] - waitForElementPresent(findTestObject("Object Repository/Olusturma/Genel/Kutular/SiparisBilgileri/SiparisTarihi"), 10): Object 'Object Repository/Olusturma/Genel/Kutular/SiparisBilgileri/SiparisTarihi' is present

2021-11-18 12:18:06 - [MESSAGE][INFO] - Finding Test Object 'Object Repository/Olusturma/Genel/Kutular/SiparisBilgileri/SiparisTarihi'

2021-11-18 12:18:06 - [MESSAGE][INFO] - Checking object

2021-11-18 12:18:06 - [MESSAGE][INFO] - Finding web element from Test Object's properties

2021-11-18 12:18:06 - [MESSAGE][INFO] - Checking timeout

2021-11-18 12:18:06 - [MESSAGE][INFO] - Finding web element with id: 'Object Repository/Olusturma/Genel/Kutular/SiparisBilgileri/SiparisTarihi' located by 'By.xpath: //*[@id = 'dateSiparisTarih_I']' in '10' second(s)

2021-11-18 12:18:06 - [MESSAGE][INFO] - Smart Wait Function is triggered

2021-11-18 12:18:06 - [MESSAGE][INFO] - Found 1 web elements with id: 'Object Repository/Olusturma/Genel/Kutular/SiparisBilgileri/SiparisTarihi' located by 'By.xpath: //*[@id = 'dateSiparisTarih_I']' in '10' second(s)

2021-11-18 12:18:06 - [MESSAGE][PASSED] - Object 'Object Repository/Olusturma/Genel/Kutular/SiparisBilgileri/SiparisTarihi' is present

2021-11-18 12:18:06 - [TEST_STEP][PASSED] - clearText(findTestObject("Object Repository/Olusturma/Genel/Kutular/SiparisBilgileri/SiparisTarihi")): Text of object 'Object Repository/Olusturma/Genel/Kutular/SiparisBilgileri/SiparisTarihi' is cleared

2021-11-18 12:18:06 - [MESSAGE][INFO] - Finding Test Object 'Object Repository/Olusturma/Genel/Kutular/SiparisBilgileri/SiparisTarihi'

2021-11-18 12:18:07 - [MESSAGE][INFO] - Checking object

2021-11-18 12:18:07 - [MESSAGE][INFO] - Finding web element from Test Object's properties

2021-11-18 12:18:07 - [MESSAGE][INFO] - Checking timeout

2021-11-18 12:18:07 - [MESSAGE][INFO] - Finding web element with id: 'Object Repository/Olusturma/Genel/Kutular/SiparisBilgileri/SiparisTarihi' located by 'By.xpath: //*[@id = 'dateSiparisTarih_I']' in '30' second(s)

2021-11-18 12:18:07 - [MESSAGE][INFO] - Smart Wait Function is triggered

2021-11-18 12:18:07 - [MESSAGE][INFO] - Found 1 web elements with id: 'Object Repository/Olusturma/Genel/Kutular/SiparisBilgileri/SiparisTarihi' located by 'By.xpath: //*[@id = 'dateSiparisTarih_I']' in '30' second(s)

2021-11-18 12:18:07 - [MESSAGE][INFO] - Clearing text of object 'Object Repository/Olusturma/Genel/Kutular/SiparisBilgileri/SiparisTarihi'

2021-11-18 12:18:07 - [MESSAGE][PASSED] - Text of object 'Object Repository/Olusturma/Genel/Kutular/SiparisBilgileri/SiparisTarihi' is cleared

2021-11-18 12:18:07 - [TEST_STEP][PASSED] - sendKeys(findTestObject("Object Repository/Olusturma/Genel/Kutular/SiparisBilgileri/SiparisTarihi"), Tarih): Keys '31.04.2020' sent to object: 'Object Repository/Olusturma/Genel/Kutular/SiparisBilgileri/SiparisTarihi'

2021-11-18 12:18:07 - [MESSAGE][INFO] - Finding Test Object 'Object Repository/Olusturma/Genel/Kutular/SiparisBilgileri/SiparisTarihi'

2021-11-18 12:18:07 - [MESSAGE][INFO] - Sending keys '31.04.2020' to object: 'Object Repository/Olusturma/Genel/Kutular/SiparisBilgileri/SiparisTarihi'

2021-11-18 12:18:07 - [MESSAGE][INFO] - Finding web element from Test Object's properties

2021-11-18 12:18:07 - [MESSAGE][INFO] - Checking timeout

2021-11-18 12:18:07 - [MESSAGE][INFO] - Finding web element with id: 'Object Repository/Olusturma/Genel/Kutular/SiparisBilgileri/SiparisTarihi' located by 'By.xpath: //*[@id = 'dateSiparisTarih_I']' in '30' second(s)

2021-11-18 12:18:07 - [MESSAGE][INFO] - Smart Wait Function is triggered

2021-11-18 12:18:07 - [MESSAGE][INFO] - Found 1 web elements with id: 'Object Repository/Olusturma/Genel/Kutular/SiparisBilgileri/SiparisTarihi' located by 'By.xpath: //*[@id = 'dateSiparisTarih_I']' in '30' second(s)

2021-11-18 12:18:07 - [MESSAGE][PASSED] - Keys '31.04.2020' sent to object: 'Object Repository/Olusturma/Genel/Kutular/SiparisBilgileri/SiparisTarihi'

2021-11-18 12:18:07 - [MESSAGE][PASSED] - Call Test Case 'Test Cases/Olusturma/Genel/Kutular/SiparisBilgileriGirilir' successfully

2021-11-18 12:18:07 - [MESSAGE][INFO] - Checking called Test Case

2021-11-18 12:18:07 - [MESSAGE][INFO] - Starting to call Test Case 'Test Cases/Olusturma/Genel/Kutular/IrsaliyeBilgileri'

2021-11-18 12:18:07 - [TEST_CASE][PASSED] - Test Cases/Olusturma/Genel/Kutular/IrsaliyeBilgileri: Test Cases/Olusturma/Genel/Kutular/IrsaliyeBilgileri

2021-11-18 12:18:07 - [TEST_STEP][PASSED] - Method.TextDegerineEsitElementeTikla(findTestObject("Olusturma/Genel/Kutular/KapaliKutular"), "İrsaliye Bilgileri"): Method.TextDegerineEsitElementeTikla is PASSED

2021-11-18 12:18:07 - [MESSAGE][INFO] - Finding Test Object 'Object Repository/Olusturma/Genel/Kutular/KapaliKutular'

2021-11-18 12:18:07 - [MESSAGE][INFO] - Checking timeout

2021-11-18 12:18:07 - [MESSAGE][INFO] - Finding web element with id: 'Object Repository/Olusturma/Genel/Kutular/KapaliKutular' located by 'By.cssSelector: .dxnb-headerCollapsed>span' in '10' second(s)

2021-11-18 12:18:07 - [MESSAGE][INFO] - Smart Wait Function is triggered

2021-11-18 12:18:08 - [MESSAGE][INFO] - Found 8 web elements with id: 'Object Repository/Olusturma/Genel/Kutular/KapaliKutular' located by 'By.cssSelector: .dxnb-headerCollapsed>span' in '10' second(s)

2021-11-18 12:18:08 - [MESSAGE][PASSED] - Method.TextDegerineEsitElementeTikla is PASSED

2021-11-18 12:18:08 - [TEST_STEP][PASSED] - waitForElementClickable(findTestObject("Olusturma/Genel/Kutular/IrsaliyeBilgileri/Ekle"), 10): Object 'Object Repository/Olusturma/Genel/Kutular/IrsaliyeBilgileri/Ekle' is clickable

2021-11-18 12:18:08 - [MESSAGE][INFO] - Finding Test Object 'Object Repository/Olusturma/Genel/Kutular/IrsaliyeBilgileri/Ekle'

2021-11-18 12:18:08 - [MESSAGE][INFO] - Checking object

2021-11-18 12:18:08 - [MESSAGE][INFO] - Checking timeout

2021-11-18 12:18:08 - [MESSAGE][INFO] - Finding web element from Test Object's properties

2021-11-18 12:18:08 - [MESSAGE][INFO] - Checking timeout

2021-11-18 12:18:08 - [MESSAGE][INFO] - Finding web element with id: 'Object Repository/Olusturma/Genel/Kutular/IrsaliyeBilgileri/Ekle' located by 'By.xpath: //*[@id = 'DXEditorgvUserInvoiceBillsNewRowBtn']' in '10' second(s)

2021-11-18 12:18:08 - [MESSAGE][INFO] - Smart Wait Function is triggered

2021-11-18 12:18:08 - [MESSAGE][INFO] - Found 1 web elements with id: 'Object Repository/Olusturma/Genel/Kutular/IrsaliyeBilgileri/Ekle' located by 'By.xpath: //*[@id = 'DXEditorgvUserInvoiceBillsNewRowBtn']' in '10' second(s)

2021-11-18 12:18:08 - [MESSAGE][PASSED] - Object 'Object Repository/Olusturma/Genel/Kutular/IrsaliyeBilgileri/Ekle' is clickable

2021-11-18 12:18:08 - [TEST_STEP][PASSED] - click(findTestObject("Olusturma/Genel/Kutular/IrsaliyeBilgileri/Ekle")): Object: 'Object Repository/Olusturma/Genel/Kutular/IrsaliyeBilgileri/Ekle' is clicked on

2021-11-18 12:18:08 - [MESSAGE][INFO] - Finding Test Object 'Object Repository/Olusturma/Genel/Kutular/IrsaliyeBilgileri/Ekle'

2021-11-18 12:18:08 - [MESSAGE][INFO] - Checking object

2021-11-18 12:18:08 - [MESSAGE][INFO] - Finding web element from Test Object's properties

2021-11-18 12:18:08 - [MESSAGE][INFO] - Checking timeout

2021-11-18 12:18:08 - [MESSAGE][INFO] - Finding web element with id: 'Object Repository/Olusturma/Genel/Kutular/IrsaliyeBilgileri/Ekle' located by 'By.xpath: //*[@id = 'DXEditorgvUserInvoiceBillsNewRowBtn']' in '30' second(s)

2021-11-18 12:18:08 - [MESSAGE][INFO] - Smart Wait Function is triggered

2021-11-18 12:18:09 - [MESSAGE][INFO] - Found 1 web elements with id: 'Object Repository/Olusturma/Genel/Kutular/IrsaliyeBilgileri/Ekle' located by 'By.xpath: //*[@id = 'DXEditorgvUserInvoiceBillsNewRowBtn']' in '30' second(s)

2021-11-18 12:18:09 - [MESSAGE][INFO] - Clicking on object: 'Object Repository/Olusturma/Genel/Kutular/IrsaliyeBilgileri/Ekle'

2021-11-18 12:18:09 - [MESSAGE][PASSED] - Object: 'Object Repository/Olusturma/Genel/Kutular/IrsaliyeBilgileri/Ekle' is clicked on

2021-11-18 12:18:09 - [TEST_STEP][PASSED] - waitForElementPresent(findTestObject("Object Repository/Olusturma/Genel/Kutular/IrsaliyeBilgileri/IrsaliyeNumarasi"), 10): Object 'Object Repository/Olusturma/Genel/Kutular/IrsaliyeBilgileri/IrsaliyeNumarasi' is present

2021-11-18 12:18:09 - [MESSAGE][INFO] - Finding Test Object 'Object Repository/Olusturma/Genel/Kutular/IrsaliyeBilgileri/IrsaliyeNumarasi'

2021-11-18 12:18:09 - [MESSAGE][INFO] - Checking object

2021-11-18 12:18:09 - [MESSAGE][INFO] - Finding web element from Test Object's properties

2021-11-18 12:18:09 - [MESSAGE][INFO] - Checking timeout

2021-11-18 12:18:09 - [MESSAGE][INFO] - Finding web element with id: 'Object Repository/Olusturma/Genel/Kutular/IrsaliyeBilgileri/IrsaliyeNumarasi' located by 'By.xpath: //*[@id = 'gvUserInvoiceBills_DXEditor1_I']' in '10' second(s)

2021-11-18 12:18:09 - [MESSAGE][INFO] - Smart Wait Function is triggered

2021-11-18 12:18:09 - [MESSAGE][INFO] - Smart Wait Function is triggered

2021-11-18 12:18:10 - [MESSAGE][INFO] - Found 1 web elements with id: 'Object Repository/Olusturma/Genel/Kutular/IrsaliyeBilgileri/IrsaliyeNumarasi' located by 'By.xpath: //*[@id = 'gvUserInvoiceBills_DXEditor1_I']' in '10' second(s)

2021-11-18 12:18:10 - [MESSAGE][PASSED] - Object 'Object Repository/Olusturma/Genel/Kutular/IrsaliyeBilgileri/IrsaliyeNumarasi' is present

2021-11-18 12:18:10 - [TEST_STEP][PASSED] - clearText(findTestObject("Object Repository/Olusturma/Genel/Kutular/IrsaliyeBilgileri/IrsaliyeNumarasi")): Text of object 'Object Repository/Olusturma/Genel/Kutular/IrsaliyeBilgileri/IrsaliyeNumarasi' is cleared

2021-11-18 12:18:10 - [MESSAGE][INFO] - Finding Test Object 'Object Repository/Olusturma/Genel/Kutular/IrsaliyeBilgileri/IrsaliyeNumarasi'

2021-11-18 12:18:10 - [MESSAGE][INFO] - Checking object

2021-11-18 12:18:10 - [MESSAGE][INFO] - Finding web element from Test Object's properties

2021-11-18 12:18:10 - [MESSAGE][INFO] - Checking timeout

2021-11-18 12:18:10 - [MESSAGE][INFO] - Finding web element with id: 'Object Repository/Olusturma/Genel/Kutular/IrsaliyeBilgileri/IrsaliyeNumarasi' located by 'By.xpath: //*[@id = 'gvUserInvoiceBills_DXEditor1_I']' in '30' second(s)

2021-11-18 12:18:10 - [MESSAGE][INFO] - Smart Wait Function is triggered

2021-11-18 12:18:10 - [MESSAGE][INFO] - Found 1 web elements with id: 'Object Repository/Olusturma/Genel/Kutular/IrsaliyeBilgileri/IrsaliyeNumarasi' located by 'By.xpath: //*[@id = 'gvUserInvoiceBills_DXEditor1_I']' in '30' second(s)

2021-11-18 12:18:10 - [MESSAGE][INFO] - Clearing text of object 'Object Repository/Olusturma/Genel/Kutular/IrsaliyeBilgileri/IrsaliyeNumarasi'

2021-11-18 12:18:10 - [MESSAGE][PASSED] - Text of object 'Object Repository/Olusturma/Genel/Kutular/IrsaliyeBilgileri/IrsaliyeNumarasi' is cleared

2021-11-18 12:18:10 - [TEST_STEP][PASSED] - sendKeys(findTestObject("Object Repository/Olusturma/Genel/Kutular/IrsaliyeBilgileri/IrsaliyeNumarasi"), Numara): Keys 'AAAAAAAAAA' sent to object: 'Object Repository/Olusturma/Genel/Kutular/IrsaliyeBilgileri/IrsaliyeNumarasi'

2021-11-18 12:18:10 - [MESSAGE][INFO] - Finding Test Object 'Object Repository/Olusturma/Genel/Kutular/IrsaliyeBilgileri/IrsaliyeNumarasi'

2021-11-18 12:18:10 - [MESSAGE][INFO] - Sending keys 'AAAAAAAAAA' to object: 'Object Repository/Olusturma/Genel/Kutular/IrsaliyeBilgileri/IrsaliyeNumarasi'

2021-11-18 12:18:10 - [MESSAGE][INFO] - Finding web element from Test Object's properties

2021-11-18 12:18:10 - [MESSAGE][INFO] - Checking timeout

2021-11-18 12:18:10 - [MESSAGE][INFO] - Finding web element with id: 'Object Repository/Olusturma/Genel/Kutular/IrsaliyeBilgileri/IrsaliyeNumarasi' located by 'By.xpath: //*[@id = 'gvUserInvoiceBills_DXEditor1_I']' in '30' second(s)

2021-11-18 12:18:10 - [MESSAGE][INFO] - Smart Wait Function is triggered

2021-11-18 12:18:11 - [MESSAGE][INFO] - Found 1 web elements with id: 'Object Repository/Olusturma/Genel/Kutular/IrsaliyeBilgileri/IrsaliyeNumarasi' located by 'By.xpath: //*[@id = 'gvUserInvoiceBills_DXEditor1_I']' in '30' second(s)

2021-11-18 12:18:11 - [MESSAGE][PASSED] - Keys 'AAAAAAAAAA' sent to object: 'Object Repository/Olusturma/Genel/Kutular/IrsaliyeBilgileri/IrsaliyeNumarasi'

2021-11-18 12:18:11 - [TEST_STEP][PASSED] - waitForElementClickable(findTestObject("Object Repository/Olusturma/Genel/Kutular/IrsaliyeBilgileri/IrsaliyeTarihi"), 10): Object 'Object Repository/Olusturma/Genel/Kutular/IrsaliyeBilgileri/IrsaliyeTarihi' is clickable

2021-11-18 12:18:11 - [MESSAGE][INFO] - Finding Test Object 'Object Repository/Olusturma/Genel/Kutular/IrsaliyeBilgileri/IrsaliyeTarihi'

2021-11-18 12:18:11 - [MESSAGE][INFO] - Checking object

2021-11-18 12:18:11 - [MESSAGE][INFO] - Checking timeout

2021-11-18 12:18:11 - [MESSAGE][INFO] - Finding web element from Test Object's properties

2021-11-18 12:18:11 - [MESSAGE][INFO] - Checking timeout

2021-11-18 12:18:11 - [MESSAGE][INFO] - Finding web element with id: 'Object Repository/Olusturma/Genel/Kutular/IrsaliyeBilgileri/IrsaliyeTarihi' located by 'By.xpath: //*[@id = 'gvUserInvoiceBills_DXEditor2_I']' in '10' second(s)

2021-11-18 12:18:11 - [MESSAGE][INFO] - Smart Wait Function is triggered

2021-11-18 12:18:11 - [MESSAGE][INFO] - Found 1 web elements with id: 'Object Repository/Olusturma/Genel/Kutular/IrsaliyeBilgileri/IrsaliyeTarihi' located by 'By.xpath: //*[@id = 'gvUserInvoiceBills_DXEditor2_I']' in '10' second(s)

2021-11-18 12:18:11 - [MESSAGE][PASSED] - Object 'Object Repository/Olusturma/Genel/Kutular/IrsaliyeBilgileri/IrsaliyeTarihi' is clickable

2021-11-18 12:18:11 - [TEST_STEP][PASSED] - click(findTestObject("Object Repository/Olusturma/Genel/Kutular/IrsaliyeBilgileri/IrsaliyeTarihi")): Object: 'Object Repository/Olusturma/Genel/Kutular/IrsaliyeBilgileri/IrsaliyeTarihi' is clicked on

2021-11-18 12:18:11 - [MESSAGE][INFO] - Finding Test Object 'Object Repository/Olusturma/Genel/Kutular/IrsaliyeBilgileri/IrsaliyeTarihi'

2021-11-18 12:18:11 - [MESSAGE][INFO] - Checking object

2021-11-18 12:18:11 - [MESSAGE][INFO] - Finding web element from Test Object's properties

2021-11-18 12:18:11 - [MESSAGE][INFO] - Checking timeout

2021-11-18 12:18:11 - [MESSAGE][INFO] - Finding web element with id: 'Object Repository/Olusturma/Genel/Kutular/IrsaliyeBilgileri/IrsaliyeTarihi' located by 'By.xpath: //*[@id = 'gvUserInvoiceBills_DXEditor2_I']' in '30' second(s)

2021-11-18 12:18:11 - [MESSAGE][INFO] - Smart Wait Function is triggered

2021-11-18 12:18:11 - [MESSAGE][INFO] - Found 1 web elements with id: 'Object Repository/Olusturma/Genel/Kutular/IrsaliyeBilgileri/IrsaliyeTarihi' located by 'By.xpath: //*[@id = 'gvUserInvoiceBills_DXEditor2_I']' in '30' second(s)

2021-11-18 12:18:11 - [MESSAGE][INFO] - Clicking on object: 'Object Repository/Olusturma/Genel/Kutular/IrsaliyeBilgileri/IrsaliyeTarihi'

2021-11-18 12:18:12 - [MESSAGE][PASSED] - Object: 'Object Repository/Olusturma/Genel/Kutular/IrsaliyeBilgileri/IrsaliyeTarihi' is clicked on

2021-11-18 12:18:12 - [TEST_STEP][PASSED] - sendKeys(findTestObject("Object Repository/Olusturma/Genel/Kutular/IrsaliyeBilgileri/IrsaliyeTarihi"), Tarih): Keys '31.04.2020' sent to object: 'Object Repository/Olusturma/Genel/Kutular/IrsaliyeBilgileri/IrsaliyeTarihi'

2021-11-18 12:18:12 - [MESSAGE][INFO] - Finding Test Object 'Object Repository/Olusturma/Genel/Kutular/IrsaliyeBilgileri/IrsaliyeTarihi'

2021-11-18 12:18:12 - [MESSAGE][INFO] - Sending keys '31.04.2020' to object: 'Object Repository/Olusturma/Genel/Kutular/IrsaliyeBilgileri/IrsaliyeTarihi'

2021-11-18 12:18:12 - [MESSAGE][INFO] - Finding web element from Test Object's properties

2021-11-18 12:18:12 - [MESSAGE][INFO] - Checking timeout

2021-11-18 12:18:12 - [MESSAGE][INFO] - Finding web element with id: 'Object Repository/Olusturma/Genel/Kutular/IrsaliyeBilgileri/IrsaliyeTarihi' located by 'By.xpath: //*[@id = 'gvUserInvoiceBills_DXEditor2_I']' in '30' second(s)

2021-11-18 12:18:12 - [MESSAGE][INFO] - Smart Wait Function is triggered

2021-11-18 12:18:12 - [MESSAGE][INFO] - Found 1 web elements with id: 'Object Repository/Olusturma/Genel/Kutular/IrsaliyeBilgileri/IrsaliyeTarihi' located by 'By.xpath: //*[@id = 'gvUserInvoiceBills_DXEditor2_I']' in '30' second(s)

2021-11-18 12:18:12 - [MESSAGE][PASSED] - Keys '31.04.2020' sent to object: 'Object Repository/Olusturma/Genel/Kutular/IrsaliyeBilgileri/IrsaliyeTarihi'

2021-11-18 12:18:12 - [MESSAGE][PASSED] - Call Test Case 'Test Cases/Olusturma/Genel/Kutular/IrsaliyeBilgileri' successfully

2021-11-18 12:18:12 - [MESSAGE][INFO] - Checking called Test Case

2021-11-18 12:18:12 - [MESSAGE][INFO] - Starting to call Test Case 'Test Cases/Olusturma/Genel/EkleButonunaBasilir'

2021-11-18 12:18:12 - [TEST_CASE][PASSED] - Test Cases/Olusturma/Genel/EkleButonunaBasilir: Test Cases/Olusturma/Genel/EkleButonunaBasilir

2021-11-18 12:18:12 - [TEST_STEP][PASSED] - waitForElementClickable(findTestObject("Object Repository/Olusturma/Genel/Olusturma/Ekle"), 10): Object 'Object Repository/Olusturma/Genel/Olusturma/Ekle' is clickable

2021-11-18 12:18:12 - [MESSAGE][INFO] - Finding Test Object 'Object Repository/Olusturma/Genel/Olusturma/Ekle'

2021-11-18 12:18:12 - [MESSAGE][INFO] - Checking object

2021-11-18 12:18:12 - [MESSAGE][INFO] - Checking timeout

2021-11-18 12:18:12 - [MESSAGE][INFO] - Finding web element from Test Object's properties

2021-11-18 12:18:12 - [MESSAGE][INFO] - Checking timeout

2021-11-18 12:18:12 - [MESSAGE][INFO] - Finding web element with id: 'Object Repository/Olusturma/Genel/Olusturma/Ekle' located by 'By.cssSelector: #divmalhizmet i.fa.fa-plus.fa-lg.text-muted' in '10' second(s)

2021-11-18 12:18:12 - [MESSAGE][INFO] - Smart Wait Function is triggered

2021-11-18 12:18:12 - [MESSAGE][INFO] - Found 1 web elements with id: 'Object Repository/Olusturma/Genel/Olusturma/Ekle' located by 'By.cssSelector: #divmalhizmet i.fa.fa-plus.fa-lg.text-muted' in '10' second(s)

2021-11-18 12:18:12 - [MESSAGE][PASSED] - Object 'Object Repository/Olusturma/Genel/Olusturma/Ekle' is clickable

2021-11-18 12:18:12 - [TEST_STEP][PASSED] - click(findTestObject("Object Repository/Olusturma/Genel/Olusturma/Ekle")): Object: 'Object Repository/Olusturma/Genel/Olusturma/Ekle' is clicked on

2021-11-18 12:18:12 - [MESSAGE][INFO] - Finding Test Object 'Object Repository/Olusturma/Genel/Olusturma/Ekle'

2021-11-18 12:18:13 - [MESSAGE][INFO] - Checking object

2021-11-18 12:18:13 - [MESSAGE][INFO] - Finding web element from Test Object's properties

2021-11-18 12:18:13 - [MESSAGE][INFO] - Checking timeout

2021-11-18 12:18:13 - [MESSAGE][INFO] - Finding web element with id: 'Object Repository/Olusturma/Genel/Olusturma/Ekle' located by 'By.cssSelector: #divmalhizmet i.fa.fa-plus.fa-lg.text-muted' in '30' second(s)

2021-11-18 12:18:13 - [MESSAGE][INFO] - Smart Wait Function is triggered

2021-11-18 12:18:13 - [MESSAGE][INFO] - Found 1 web elements with id: 'Object Repository/Olusturma/Genel/Olusturma/Ekle' located by 'By.cssSelector: #divmalhizmet i.fa.fa-plus.fa-lg.text-muted' in '30' second(s)

2021-11-18 12:18:13 - [MESSAGE][INFO] - Clicking on object: 'Object Repository/Olusturma/Genel/Olusturma/Ekle'

2021-11-18 12:18:13 - [MESSAGE][PASSED] - Object: 'Object Repository/Olusturma/Genel/Olusturma/Ekle' is clicked on

2021-11-18 12:18:13 - [TEST_STEP][PASSED] - waitForElementClickable(findTestObject("Olusturma/Genel/Olusturma/EklenenSatirCarpiImage"), 10): Object 'Object Repository/Olusturma/Genel/Olusturma/EklenenSatirCarpiImage' is clickable

2021-11-18 12:18:13 - [MESSAGE][INFO] - Finding Test Object 'Object Repository/Olusturma/Genel/Olusturma/EklenenSatirCarpiImage'

2021-11-18 12:18:13 - [MESSAGE][INFO] - Checking object

2021-11-18 12:18:13 - [MESSAGE][INFO] - Checking timeout

2021-11-18 12:18:13 - [MESSAGE][INFO] - Finding web element from Test Object's properties

2021-11-18 12:18:13 - [MESSAGE][INFO] - Checking timeout

2021-11-18 12:18:13 - [MESSAGE][INFO] - Finding web element with id: 'Object Repository/Olusturma/Genel/Olusturma/EklenenSatirCarpiImage' located by 'By.cssSelector: .fa.fa-times.fa-lg.text-primary' in '10' second(s)

2021-11-18 12:18:13 - [MESSAGE][INFO] - Smart Wait Function is triggered

2021-11-18 12:18:13 - [MESSAGE][INFO] - Found 1 web elements with id: 'Object Repository/Olusturma/Genel/Olusturma/EklenenSatirCarpiImage' located by 'By.cssSelector: .fa.fa-times.fa-lg.text-primary' in '10' second(s)

2021-11-18 12:18:13 - [MESSAGE][PASSED] - Object 'Object Repository/Olusturma/Genel/Olusturma/EklenenSatirCarpiImage' is clickable

2021-11-18 12:18:13 - [MESSAGE][PASSED] - Call Test Case 'Test Cases/Olusturma/Genel/EkleButonunaBasilir' successfully

2021-11-18 12:18:13 - [MESSAGE][INFO] - Checking called Test Case

2021-11-18 12:18:13 - [MESSAGE][INFO] - Starting to call Test Case 'Test Cases/Olusturma/Genel/Olusturma'

2021-11-18 12:18:13 - [TEST_CASE][PASSED] - Test Cases/Olusturma/Genel/Olusturma: Test Cases/Olusturma/Genel/Olusturma

2021-11-18 12:18:13 - [TEST_STEP][PASSED] - driver = getWebDriver(): null

2021-11-18 12:18:13 - [TEST_STEP][PASSED] - action = new org.openqa.selenium.interactions.Actions(driver): null

2021-11-18 12:18:13 - [TEST_STEP][PASSED] - baslikElement = <not implemented yet for class: org.codehaus.groovy.ast.expr.EmptyExpression>: null

2021-11-18 12:18:13 - [TEST_STEP][PASSED] - sonElement = <not implemented yet for class: org.codehaus.groovy.ast.expr.EmptyExpression>: null

2021-11-18 12:18:13 - [TEST_STEP][PASSED] - attr = <not implemented yet for class: org.codehaus.groovy.ast.expr.EmptyExpression>: null

2021-11-18 12:18:13 - [TEST_STEP][PASSED] - a = 0: null

2021-11-18 12:18:13 - [TEST_STEP][PASSED] - elements = findWebElements(findTestObject("Object Repository/Olusturma/Genel/Olusturma/TabloBasliklari"), 10): Found 13 web elements with id: 'Object Repository/Olusturma/Genel/Olusturma/TabloBasliklari' located by 'By.cssSelector: div#divmalhizmet .dxgvTable_LECustomTheme td.dxgvHeader_LECustomTheme tr>td:nth-child(1)' in '10' second(s)

2021-11-18 12:18:13 - [MESSAGE][INFO] - Finding Test Object 'Object Repository/Olusturma/Genel/Olusturma/TabloBasliklari'

2021-11-18 12:18:13 - [MESSAGE][INFO] - Checking timeout

2021-11-18 12:18:13 - [MESSAGE][INFO] - Finding web element with id: 'Object Repository/Olusturma/Genel/Olusturma/TabloBasliklari' located by 'By.cssSelector: div#divmalhizmet .dxgvTable_LECustomTheme td.dxgvHeader_LECustomTheme tr>td:nth-child(1)' in '10' second(s)

2021-11-18 12:18:13 - [MESSAGE][INFO] - Smart Wait Function is triggered

2021-11-18 12:18:14 - [MESSAGE][INFO] - Found 13 web elements with id: 'Object Repository/Olusturma/Genel/Olusturma/TabloBasliklari' located by 'By.cssSelector: div#divmalhizmet .dxgvTable_LECustomTheme td.dxgvHeader_LECustomTheme tr>td:nth-child(1)' in '10' second(s)

2021-11-18 12:18:14 - [TEST_STEP][PASSED] - for (def element : elements): null

2021-11-18 12:18:14 - [TEST_STEP][PASSED] - build().perform(): null

2021-11-18 12:18:15 - [TEST_STEP][PASSED] - if (getText().equals(Baslik)): null

2021-11-18 12:18:15 - [TEST_STEP][PASSED] - baslikElement = element.findElement(By.xpath("../../../..")): Smart Wait Function is triggered

2021-11-18 12:18:15 - [MESSAGE][INFO] - Smart Wait Function is triggered

2021-11-18 12:18:15 - [TEST_STEP][PASSED] - attr = baslikElement.getAttribute("id"): null

2021-11-18 12:18:15 - [TEST_STEP][PASSED] - println("girdi ve idsini aldı = " + attr): null

2021-11-18 12:18:15 - [TEST_STEP][PASSED] - break: null

2021-11-18 12:18:15 - [TEST_STEP][PASSED] - countElement = baslikElement.findElements(By.xpath("../td")): Smart Wait Function is triggered

2021-11-18 12:18:15 - [MESSAGE][INFO] - Smart Wait Function is triggered

2021-11-18 12:18:15 - [TEST_STEP][PASSED] - for (def element : countElement): null

2021-11-18 12:18:15 - [TEST_STEP][PASSED] - if (toString().equals(attr.toString())): null

2021-11-18 12:18:15 - [TEST_STEP][PASSED] - (a++): null

2021-11-18 12:18:15 - [TEST_STEP][PASSED] - if (toString().equals(attr.toString())): null

2021-11-18 12:18:15 - [TEST_STEP][PASSED] - break: null

2021-11-18 12:18:15 - [TEST_STEP][PASSED] - son = findWebElement(findTestObject("Object Repository/Olusturma/Genel/Olusturma/EklenenSatir")).findElement(By.xpath("td[@class='dxgvInlineEditCell_LECustomTheme dxgv'][" + a + "]//td[@class='dxic']/input")): Smart Wait Function is triggered

2021-11-18 12:18:15 - [MESSAGE][INFO] - Finding Test Object 'Object Repository/Olusturma/Genel/Olusturma/EklenenSatir'

2021-11-18 12:18:15 - [MESSAGE][INFO] - Finding web element from Test Object's properties

2021-11-18 12:18:15 - [MESSAGE][INFO] - Checking timeout

2021-11-18 12:18:15 - [MESSAGE][INFO] - Finding web element with id: 'Object Repository/Olusturma/Genel/Olusturma/EklenenSatir' located by 'By.cssSelector: #divmalhizmet .dxgvInlineEditRow_LECustomTheme' in '30' second(s)

2021-11-18 12:18:15 - [MESSAGE][INFO] - Smart Wait Function is triggered

2021-11-18 12:18:15 - [MESSAGE][INFO] - Found 1 web elements with id: 'Object Repository/Olusturma/Genel/Olusturma/EklenenSatir' located by 'By.cssSelector: #divmalhizmet .dxgvInlineEditRow_LECustomTheme' in '30' second(s)

2021-11-18 12:18:15 - [MESSAGE][INFO] - Smart Wait Function is triggered

2021-11-18 12:18:16 - [TEST_STEP][PASSED] - if (!(getAttribute("value").contains("Vkn"))): null

2021-11-18 12:18:16 - [TEST_STEP][PASSED] - son.clear(): null

2021-11-18 12:18:16 - [TEST_STEP][PASSED] - son.sendKeys(Deger): null

2021-11-18 12:18:16 - [MESSAGE][PASSED] - Call Test Case 'Test Cases/Olusturma/Genel/Olusturma' successfully

2021-11-18 12:18:16 - [MESSAGE][INFO] - Checking called Test Case

2021-11-18 12:18:16 - [MESSAGE][INFO] - Starting to call Test Case 'Test Cases/Olusturma/Genel/Olusturma'

2021-11-18 12:18:16 - [TEST_CASE][PASSED] - Test Cases/Olusturma/Genel/Olusturma: Test Cases/Olusturma/Genel/Olusturma

2021-11-18 12:18:16 - [TEST_STEP][PASSED] - driver = getWebDriver(): null

2021-11-18 12:18:16 - [TEST_STEP][PASSED] - action = new org.openqa.selenium.interactions.Actions(driver): null

2021-11-18 12:18:16 - [TEST_STEP][PASSED] - baslikElement = <not implemented yet for class: org.codehaus.groovy.ast.expr.EmptyExpression>: null

2021-11-18 12:18:16 - [TEST_STEP][PASSED] - sonElement = <not implemented yet for class: org.codehaus.groovy.ast.expr.EmptyExpression>: null

2021-11-18 12:18:16 - [TEST_STEP][PASSED] - attr = <not implemented yet for class: org.codehaus.groovy.ast.expr.EmptyExpression>: null

2021-11-18 12:18:16 - [TEST_STEP][PASSED] - a = 0: null

2021-11-18 12:18:16 - [TEST_STEP][PASSED] - elements = findWebElements(findTestObject("Object Repository/Olusturma/Genel/Olusturma/TabloBasliklari"), 10): Found 13 web elements with id: 'Object Repository/Olusturma/Genel/Olusturma/TabloBasliklari' located by 'By.cssSelector: div#divmalhizmet .dxgvTable_LECustomTheme td.dxgvHeader_LECustomTheme tr>td:nth-child(1)' in '10' second(s)

2021-11-18 12:18:16 - [MESSAGE][INFO] - Finding Test Object 'Object Repository/Olusturma/Genel/Olusturma/TabloBasliklari'

2021-11-18 12:18:16 - [MESSAGE][INFO] - Checking timeout

2021-11-18 12:18:16 - [MESSAGE][INFO] - Finding web element with id: 'Object Repository/Olusturma/Genel/Olusturma/TabloBasliklari' located by 'By.cssSelector: div#divmalhizmet .dxgvTable_LECustomTheme td.dxgvHeader_LECustomTheme tr>td:nth-child(1)' in '10' second(s)

2021-11-18 12:18:16 - [MESSAGE][INFO] - Smart Wait Function is triggered

2021-11-18 12:18:16 - [MESSAGE][INFO] - Found 13 web elements with id: 'Object Repository/Olusturma/Genel/Olusturma/TabloBasliklari' located by 'By.cssSelector: div#divmalhizmet .dxgvTable_LECustomTheme td.dxgvHeader_LECustomTheme tr>td:nth-child(1)' in '10' second(s)

2021-11-18 12:18:16 - [TEST_STEP][PASSED] - for (def element : elements): null

2021-11-18 12:18:16 - [TEST_STEP][PASSED] - build().perform(): null

2021-11-18 12:18:16 - [TEST_STEP][PASSED] - if (getText().equals(Baslik)): null

2021-11-18 12:18:16 - [TEST_STEP][PASSED] - build().perform(): null

2021-11-18 12:18:17 - [TEST_STEP][PASSED] - if (getText().equals(Baslik)): null

2021-11-18 12:18:17 - [TEST_STEP][PASSED] - baslikElement = element.findElement(By.xpath("../../../..")): Smart Wait Function is triggered

2021-11-18 12:18:17 - [MESSAGE][INFO] - Smart Wait Function is triggered

2021-11-18 12:18:17 - [TEST_STEP][PASSED] - attr = baslikElement.getAttribute("id"): null

2021-11-18 12:18:17 - [TEST_STEP][PASSED] - println("girdi ve idsini aldı = " + attr): null

2021-11-18 12:18:17 - [TEST_STEP][PASSED] - break: null

2021-11-18 12:18:17 - [TEST_STEP][PASSED] - countElement = baslikElement.findElements(By.xpath("../td")): Smart Wait Function is triggered

2021-11-18 12:18:17 - [MESSAGE][INFO] - Smart Wait Function is triggered

2021-11-18 12:18:17 - [TEST_STEP][PASSED] - for (def element : countElement): null

2021-11-18 12:18:17 - [TEST_STEP][PASSED] - if (toString().equals(attr.toString())): null

2021-11-18 12:18:17 - [TEST_STEP][PASSED] - (a++): null

2021-11-18 12:18:17 - [TEST_STEP][PASSED] - if (toString().equals(attr.toString())): null

2021-11-18 12:18:17 - [TEST_STEP][PASSED] - (a++): null

2021-11-18 12:18:17 - [TEST_STEP][PASSED] - if (toString().equals(attr.toString())): null

2021-11-18 12:18:17 - [TEST_STEP][PASSED] - break: null

2021-11-18 12:18:17 - [TEST_STEP][PASSED] - son = findWebElement(findTestObject("Object Repository/Olusturma/Genel/Olusturma/EklenenSatir")).findElement(By.xpath("td[@class='dxgvInlineEditCell_LECustomTheme dxgv'][" + a + "]//td[@class='dxic']/input")): Smart Wait Function is triggered

2021-11-18 12:18:17 - [MESSAGE][INFO] - Finding Test Object 'Object Repository/Olusturma/Genel/Olusturma/EklenenSatir'

2021-11-18 12:18:17 - [MESSAGE][INFO] - Finding web element from Test Object's properties

2021-11-18 12:18:17 - [MESSAGE][INFO] - Checking timeout

2021-11-18 12:18:17 - [MESSAGE][INFO] - Finding web element with id: 'Object Repository/Olusturma/Genel/Olusturma/EklenenSatir' located by 'By.cssSelector: #divmalhizmet .dxgvInlineEditRow_LECustomTheme' in '30' second(s)

2021-11-18 12:18:17 - [MESSAGE][INFO] - Smart Wait Function is triggered

2021-11-18 12:18:18 - [MESSAGE][INFO] - Found 1 web elements with id: 'Object Repository/Olusturma/Genel/Olusturma/EklenenSatir' located by 'By.cssSelector: #divmalhizmet .dxgvInlineEditRow_LECustomTheme' in '30' second(s)

2021-11-18 12:18:18 - [MESSAGE][INFO] - Smart Wait Function is triggered

2021-11-18 12:18:18 - [TEST_STEP][PASSED] - if (!(getAttribute("value").contains("Vkn"))): null

2021-11-18 12:18:18 - [TEST_STEP][PASSED] - son.clear(): null

2021-11-18 12:18:18 - [TEST_STEP][PASSED] - son.sendKeys(Deger): null

2021-11-18 12:18:18 - [MESSAGE][PASSED] - Call Test Case 'Test Cases/Olusturma/Genel/Olusturma' successfully

2021-11-18 12:18:18 - [MESSAGE][INFO] - Checking called Test Case

2021-11-18 12:18:18 - [MESSAGE][INFO] - Starting to call Test Case 'Test Cases/Olusturma/Genel/Olusturma'

2021-11-18 12:18:18 - [TEST_CASE][PASSED] - Test Cases/Olusturma/Genel/Olusturma: Test Cases/Olusturma/Genel/Olusturma

2021-11-18 12:18:18 - [TEST_STEP][PASSED] - driver = getWebDriver(): null

2021-11-18 12:18:18 - [TEST_STEP][PASSED] - action = new org.openqa.selenium.interactions.Actions(driver): null

2021-11-18 12:18:18 - [TEST_STEP][PASSED] - baslikElement = <not implemented yet for class: org.codehaus.groovy.ast.expr.EmptyExpression>: null

2021-11-18 12:18:18 - [TEST_STEP][PASSED] - sonElement = <not implemented yet for class: org.codehaus.groovy.ast.expr.EmptyExpression>: null

2021-11-18 12:18:18 - [TEST_STEP][PASSED] - attr = <not implemented yet for class: org.codehaus.groovy.ast.expr.EmptyExpression>: null

2021-11-18 12:18:18 - [TEST_STEP][PASSED] - a = 0: null

2021-11-18 12:18:18 - [TEST_STEP][PASSED] - elements = findWebElements(findTestObject("Object Repository/Olusturma/Genel/Olusturma/TabloBasliklari"), 10): Found 13 web elements with id: 'Object Repository/Olusturma/Genel/Olusturma/TabloBasliklari' located by 'By.cssSelector: div#divmalhizmet .dxgvTable_LECustomTheme td.dxgvHeader_LECustomTheme tr>td:nth-child(1)' in '10' second(s)

2021-11-18 12:18:18 - [MESSAGE][INFO] - Finding Test Object 'Object Repository/Olusturma/Genel/Olusturma/TabloBasliklari'

2021-11-18 12:18:18 - [MESSAGE][INFO] - Checking timeout

2021-11-18 12:18:18 - [MESSAGE][INFO] - Finding web element with id: 'Object Repository/Olusturma/Genel/Olusturma/TabloBasliklari' located by 'By.cssSelector: div#divmalhizmet .dxgvTable_LECustomTheme td.dxgvHeader_LECustomTheme tr>td:nth-child(1)' in '10' second(s)

2021-11-18 12:18:18 - [MESSAGE][INFO] - Smart Wait Function is triggered

2021-11-18 12:18:18 - [MESSAGE][INFO] - Found 13 web elements with id: 'Object Repository/Olusturma/Genel/Olusturma/TabloBasliklari' located by 'By.cssSelector: div#divmalhizmet .dxgvTable_LECustomTheme td.dxgvHeader_LECustomTheme tr>td:nth-child(1)' in '10' second(s)

2021-11-18 12:18:18 - [TEST_STEP][PASSED] - for (def element : elements): null

2021-11-18 12:18:18 - [TEST_STEP][PASSED] - build().perform(): null

2021-11-18 12:18:18 - [TEST_STEP][PASSED] - if (getText().equals(Baslik)): null

2021-11-18 12:18:18 - [TEST_STEP][PASSED] - build().perform(): null

2021-11-18 12:18:19 - [TEST_STEP][PASSED] - if (getText().equals(Baslik)): null

2021-11-18 12:18:19 - [TEST_STEP][PASSED] - build().perform(): null

2021-11-18 12:18:19 - [TEST_STEP][PASSED] - if (getText().equals(Baslik)): null

2021-11-18 12:18:19 - [TEST_STEP][PASSED] - build().perform(): null

2021-11-18 12:18:19 - [TEST_STEP][PASSED] - if (getText().equals(Baslik)): null

2021-11-18 12:18:19 - [TEST_STEP][PASSED] - baslikElement = element.findElement(By.xpath("../../../..")): Smart Wait Function is triggered

2021-11-18 12:18:19 - [MESSAGE][INFO] - Smart Wait Function is triggered

2021-11-18 12:18:19 - [TEST_STEP][PASSED] - attr = baslikElement.getAttribute("id"): null

2021-11-18 12:18:19 - [TEST_STEP][PASSED] - println("girdi ve idsini aldı = " + attr): null

2021-11-18 12:18:19 - [TEST_STEP][PASSED] - break: null

2021-11-18 12:18:19 - [TEST_STEP][PASSED] - countElement = baslikElement.findElements(By.xpath("../td")): Smart Wait Function is triggered

2021-11-18 12:18:19 - [MESSAGE][INFO] - Smart Wait Function is triggered

2021-11-18 12:18:19 - [TEST_STEP][PASSED] - for (def element : countElement): null

2021-11-18 12:18:19 - [TEST_STEP][PASSED] - if (toString().equals(attr.toString())): null

2021-11-18 12:18:19 - [TEST_STEP][PASSED] - (a++): null

2021-11-18 12:18:19 - [TEST_STEP][PASSED] - if (toString().equals(attr.toString())): null

2021-11-18 12:18:20 - [TEST_STEP][PASSED] - (a++): null

2021-11-18 12:18:20 - [TEST_STEP][PASSED] - if (toString().equals(attr.toString())): null

2021-11-18 12:18:20 - [TEST_STEP][PASSED] - (a++): null

2021-11-18 12:18:20 - [TEST_STEP][PASSED] - if (toString().equals(attr.toString())): null

2021-11-18 12:18:20 - [TEST_STEP][PASSED] - (a++): null

2021-11-18 12:18:20 - [TEST_STEP][PASSED] - if (toString().equals(attr.toString())): null

2021-11-18 12:18:20 - [TEST_STEP][PASSED] - break: null

2021-11-18 12:18:20 - [TEST_STEP][PASSED] - son = findWebElement(findTestObject("Object Repository/Olusturma/Genel/Olusturma/EklenenSatir")).findElement(By.xpath("td[@class='dxgvInlineEditCell_LECustomTheme dxgv'][" + a + "]//td[@class='dxic']/input")): Smart Wait Function is triggered

2021-11-18 12:18:20 - [MESSAGE][INFO] - Finding Test Object 'Object Repository/Olusturma/Genel/Olusturma/EklenenSatir'

2021-11-18 12:18:20 - [MESSAGE][INFO] - Finding web element from Test Object's properties

2021-11-18 12:18:20 - [MESSAGE][INFO] - Checking timeout

2021-11-18 12:18:20 - [MESSAGE][INFO] - Finding web element with id: 'Object Repository/Olusturma/Genel/Olusturma/EklenenSatir' located by 'By.cssSelector: #divmalhizmet .dxgvInlineEditRow_LECustomTheme' in '30' second(s)

2021-11-18 12:18:20 - [MESSAGE][INFO] - Smart Wait Function is triggered

2021-11-18 12:18:20 - [MESSAGE][INFO] - Found 1 web elements with id: 'Object Repository/Olusturma/Genel/Olusturma/EklenenSatir' located by 'By.cssSelector: #divmalhizmet .dxgvInlineEditRow_LECustomTheme' in '30' second(s)

2021-11-18 12:18:20 - [MESSAGE][INFO] - Smart Wait Function is triggered

2021-11-18 12:18:20 - [TEST_STEP][PASSED] - if (!(getAttribute("value").contains("Vkn"))): null

2021-11-18 12:18:20 - [TEST_STEP][PASSED] - son.clear(): null

2021-11-18 12:18:20 - [TEST_STEP][PASSED] - son.sendKeys(Deger): null

2021-11-18 12:18:20 - [MESSAGE][PASSED] - Call Test Case 'Test Cases/Olusturma/Genel/Olusturma' successfully

2021-11-18 12:18:20 - [MESSAGE][INFO] - Checking called Test Case

2021-11-18 12:18:20 - [MESSAGE][INFO] - Starting to call Test Case 'Test Cases/Olusturma/Genel/Olusturma'

2021-11-18 12:18:20 - [TEST_CASE][PASSED] - Test Cases/Olusturma/Genel/Olusturma: Test Cases/Olusturma/Genel/Olusturma

2021-11-18 12:18:20 - [TEST_STEP][PASSED] - driver = getWebDriver(): null

2021-11-18 12:18:20 - [TEST_STEP][PASSED] - action = new org.openqa.selenium.interactions.Actions(driver): null

2021-11-18 12:18:20 - [TEST_STEP][PASSED] - baslikElement = <not implemented yet for class: org.codehaus.groovy.ast.expr.EmptyExpression>: null

2021-11-18 12:18:20 - [TEST_STEP][PASSED] - sonElement = <not implemented yet for class: org.codehaus.groovy.ast.expr.EmptyExpression>: null

2021-11-18 12:18:20 - [TEST_STEP][PASSED] - attr = <not implemented yet for class: org.codehaus.groovy.ast.expr.EmptyExpression>: null

2021-11-18 12:18:20 - [TEST_STEP][PASSED] - a = 0: null

2021-11-18 12:18:20 - [TEST_STEP][PASSED] - elements = findWebElements(findTestObject("Object Repository/Olusturma/Genel/Olusturma/TabloBasliklari"), 10): Found 13 web elements with id: 'Object Repository/Olusturma/Genel/Olusturma/TabloBasliklari' located by 'By.cssSelector: div#divmalhizmet .dxgvTable_LECustomTheme td.dxgvHeader_LECustomTheme tr>td:nth-child(1)' in '10' second(s)

2021-11-18 12:18:20 - [MESSAGE][INFO] - Finding Test Object 'Object Repository/Olusturma/Genel/Olusturma/TabloBasliklari'

2021-11-18 12:18:20 - [MESSAGE][INFO] - Checking timeout

2021-11-18 12:18:20 - [MESSAGE][INFO] - Finding web element with id: 'Object Repository/Olusturma/Genel/Olusturma/TabloBasliklari' located by 'By.cssSelector: div#divmalhizmet .dxgvTable_LECustomTheme td.dxgvHeader_LECustomTheme tr>td:nth-child(1)' in '10' second(s)

2021-11-18 12:18:20 - [MESSAGE][INFO] - Smart Wait Function is triggered

2021-11-18 12:18:21 - [MESSAGE][INFO] - Found 13 web elements with id: 'Object Repository/Olusturma/Genel/Olusturma/TabloBasliklari' located by 'By.cssSelector: div#divmalhizmet .dxgvTable_LECustomTheme td.dxgvHeader_LECustomTheme tr>td:nth-child(1)' in '10' second(s)

2021-11-18 12:18:21 - [TEST_STEP][PASSED] - for (def element : elements): null

2021-11-18 12:18:21 - [TEST_STEP][PASSED] - build().perform(): null

2021-11-18 12:18:21 - [TEST_STEP][PASSED] - if (getText().equals(Baslik)): null

2021-11-18 12:18:21 - [TEST_STEP][PASSED] - build().perform(): null

2021-11-18 12:18:21 - [TEST_STEP][PASSED] - if (getText().equals(Baslik)): null

2021-11-18 12:18:21 - [TEST_STEP][PASSED] - build().perform(): null

2021-11-18 12:18:21 - [TEST_STEP][PASSED] - if (getText().equals(Baslik)): null

2021-11-18 12:18:21 - [TEST_STEP][PASSED] - build().perform(): null

2021-11-18 12:18:21 - [TEST_STEP][PASSED] - if (getText().equals(Baslik)): null

2021-11-18 12:18:21 - [TEST_STEP][PASSED] - build().perform(): null

2021-11-18 12:18:21 - [TEST_STEP][PASSED] - if (getText().equals(Baslik)): null

2021-11-18 12:18:21 - [TEST_STEP][PASSED] - build().perform(): null

2021-11-18 12:18:22 - [TEST_STEP][PASSED] - if (getText().equals(Baslik)): null

2021-11-18 12:18:22 - [TEST_STEP][PASSED] - baslikElement = element.findElement(By.xpath("../../../..")): Smart Wait Function is triggered

2021-11-18 12:18:22 - [MESSAGE][INFO] - Smart Wait Function is triggered

2021-11-18 12:18:22 - [TEST_STEP][PASSED] - attr = baslikElement.getAttribute("id"): null

2021-11-18 12:18:22 - [TEST_STEP][PASSED] - println("girdi ve idsini aldı = " + attr): null

2021-11-18 12:18:22 - [TEST_STEP][PASSED] - break: null

2021-11-18 12:18:22 - [TEST_STEP][PASSED] - countElement = baslikElement.findElements(By.xpath("../td")): Smart Wait Function is triggered

2021-11-18 12:18:22 - [MESSAGE][INFO] - Smart Wait Function is triggered

2021-11-18 12:18:22 - [TEST_STEP][PASSED] - for (def element : countElement): null

2021-11-18 12:18:22 - [TEST_STEP][PASSED] - if (toString().equals(attr.toString())): null

2021-11-18 12:18:22 - [TEST_STEP][PASSED] - (a++): null

2021-11-18 12:18:22 - [TEST_STEP][PASSED] - if (toString().equals(attr.toString())): null

2021-11-18 12:18:22 - [TEST_STEP][PASSED] - (a++): null

2021-11-18 12:18:22 - [TEST_STEP][PASSED] - if (toString().equals(attr.toString())): null

2021-11-18 12:18:22 - [TEST_STEP][PASSED] - (a++): null

2021-11-18 12:18:22 - [TEST_STEP][PASSED] - if (toString().equals(attr.toString())): null

2021-11-18 12:18:22 - [TEST_STEP][PASSED] - (a++): null

2021-11-18 12:18:22 - [TEST_STEP][PASSED] - if (toString().equals(attr.toString())): null

2021-11-18 12:18:22 - [TEST_STEP][PASSED] - (a++): null

2021-11-18 12:18:22 - [TEST_STEP][PASSED] - if (toString().equals(attr.toString())): null

2021-11-18 12:18:22 - [TEST_STEP][PASSED] - (a++): null

2021-11-18 12:18:22 - [TEST_STEP][PASSED] - if (toString().equals(attr.toString())): null

2021-11-18 12:18:22 - [TEST_STEP][PASSED] - break: null

2021-11-18 12:18:22 - [TEST_STEP][PASSED] - son = findWebElement(findTestObject("Object Repository/Olusturma/Genel/Olusturma/EklenenSatir")).findElement(By.xpath("td[@class='dxgvInlineEditCell_LECustomTheme dxgv'][" + a + "]//td[@class='dxic']/input")): Smart Wait Function is triggered

2021-11-18 12:18:22 - [MESSAGE][INFO] - Finding Test Object 'Object Repository/Olusturma/Genel/Olusturma/EklenenSatir'

2021-11-18 12:18:23 - [MESSAGE][INFO] - Finding web element from Test Object's properties

2021-11-18 12:18:23 - [MESSAGE][INFO] - Checking timeout

2021-11-18 12:18:23 - [MESSAGE][INFO] - Finding web element with id: 'Object Repository/Olusturma/Genel/Olusturma/EklenenSatir' located by 'By.cssSelector: #divmalhizmet .dxgvInlineEditRow_LECustomTheme' in '30' second(s)

2021-11-18 12:18:23 - [MESSAGE][INFO] - Smart Wait Function is triggered

2021-11-18 12:18:23 - [MESSAGE][INFO] - Found 1 web elements with id: 'Object Repository/Olusturma/Genel/Olusturma/EklenenSatir' located by 'By.cssSelector: #divmalhizmet .dxgvInlineEditRow_LECustomTheme' in '30' second(s)

2021-11-18 12:18:23 - [MESSAGE][INFO] - Smart Wait Function is triggered

2021-11-18 12:18:23 - [TEST_STEP][PASSED] - if (!(getAttribute("value").contains("Vkn"))): null

2021-11-18 12:18:23 - [TEST_STEP][PASSED] - son.clear(): null

2021-11-18 12:18:23 - [TEST_STEP][PASSED] - son.sendKeys(Deger): null

2021-11-18 12:18:23 - [MESSAGE][PASSED] - Call Test Case 'Test Cases/Olusturma/Genel/Olusturma' successfully

2021-11-18 12:18:23 - [MESSAGE][INFO] - Checking called Test Case

2021-11-18 12:18:23 - [MESSAGE][INFO] - Starting to call Test Case 'Test Cases/Olusturma/Genel/Olusturma'

2021-11-18 12:18:23 - [TEST_CASE][PASSED] - Test Cases/Olusturma/Genel/Olusturma: Test Cases/Olusturma/Genel/Olusturma

2021-11-18 12:18:23 - [TEST_STEP][PASSED] - driver = getWebDriver(): null

2021-11-18 12:18:23 - [TEST_STEP][PASSED] - action = new org.openqa.selenium.interactions.Actions(driver): null

2021-11-18 12:18:23 - [TEST_STEP][PASSED] - baslikElement = <not implemented yet for class: org.codehaus.groovy.ast.expr.EmptyExpression>: null

2021-11-18 12:18:23 - [TEST_STEP][PASSED] - sonElement = <not implemented yet for class: org.codehaus.groovy.ast.expr.EmptyExpression>: null

2021-11-18 12:18:23 - [TEST_STEP][PASSED] - attr = <not implemented yet for class: org.codehaus.groovy.ast.expr.EmptyExpression>: null

2021-11-18 12:18:23 - [TEST_STEP][PASSED] - a = 0: null

2021-11-18 12:18:23 - [TEST_STEP][PASSED] - elements = findWebElements(findTestObject("Object Repository/Olusturma/Genel/Olusturma/TabloBasliklari"), 10): Found 13 web elements with id: 'Object Repository/Olusturma/Genel/Olusturma/TabloBasliklari' located by 'By.cssSelector: div#divmalhizmet .dxgvTable_LECustomTheme td.dxgvHeader_LECustomTheme tr>td:nth-child(1)' in '10' second(s)

2021-11-18 12:18:23 - [MESSAGE][INFO] - Finding Test Object 'Object Repository/Olusturma/Genel/Olusturma/TabloBasliklari'

2021-11-18 12:18:23 - [MESSAGE][INFO] - Checking timeout

2021-11-18 12:18:23 - [MESSAGE][INFO] - Finding web element with id: 'Object Repository/Olusturma/Genel/Olusturma/TabloBasliklari' located by 'By.cssSelector: div#divmalhizmet .dxgvTable_LECustomTheme td.dxgvHeader_LECustomTheme tr>td:nth-child(1)' in '10' second(s)

2021-11-18 12:18:23 - [MESSAGE][INFO] - Smart Wait Function is triggered

2021-11-18 12:18:24 - [MESSAGE][INFO] - Found 13 web elements with id: 'Object Repository/Olusturma/Genel/Olusturma/TabloBasliklari' located by 'By.cssSelector: div#divmalhizmet .dxgvTable_LECustomTheme td.dxgvHeader_LECustomTheme tr>td:nth-child(1)' in '10' second(s)

2021-11-18 12:18:24 - [TEST_STEP][PASSED] - for (def element : elements): null

2021-11-18 12:18:24 - [TEST_STEP][PASSED] - build().perform(): null

2021-11-18 12:18:24 - [TEST_STEP][PASSED] - if (getText().equals(Baslik)): null

2021-11-18 12:18:24 - [TEST_STEP][PASSED] - build().perform(): null

2021-11-18 12:18:24 - [TEST_STEP][PASSED] - if (getText().equals(Baslik)): null

2021-11-18 12:18:24 - [TEST_STEP][PASSED] - build().perform(): null

2021-11-18 12:18:24 - [TEST_STEP][PASSED] - if (getText().equals(Baslik)): null

2021-11-18 12:18:24 - [TEST_STEP][PASSED] - build().perform(): null

2021-11-18 12:18:24 - [TEST_STEP][PASSED] - if (getText().equals(Baslik)): null

2021-11-18 12:18:24 - [TEST_STEP][PASSED] - build().perform(): null

2021-11-18 12:18:24 - [TEST_STEP][PASSED] - if (getText().equals(Baslik)): null

2021-11-18 12:18:24 - [TEST_STEP][PASSED] - build().perform(): null

2021-11-18 12:18:25 - [TEST_STEP][PASSED] - if (getText().equals(Baslik)): null

2021-11-18 12:18:25 - [TEST_STEP][PASSED] - build().perform(): null

2021-11-18 12:18:25 - [TEST_STEP][PASSED] - if (getText().equals(Baslik)): null

2021-11-18 12:18:25 - [TEST_STEP][PASSED] - baslikElement = element.findElement(By.xpath("../../../..")): Smart Wait Function is triggered

2021-11-18 12:18:25 - [MESSAGE][INFO] - Smart Wait Function is triggered

2021-11-18 12:18:25 - [TEST_STEP][PASSED] - attr = baslikElement.getAttribute("id"): null

2021-11-18 12:18:25 - [TEST_STEP][PASSED] - println("girdi ve idsini aldı = " + attr): null

2021-11-18 12:18:25 - [TEST_STEP][PASSED] - break: null

2021-11-18 12:18:25 - [TEST_STEP][PASSED] - countElement = baslikElement.findElements(By.xpath("../td")): Smart Wait Function is triggered

2021-11-18 12:18:25 - [MESSAGE][INFO] - Smart Wait Function is triggered

2021-11-18 12:18:25 - [TEST_STEP][PASSED] - for (def element : countElement): null

2021-11-18 12:18:25 - [TEST_STEP][PASSED] - if (toString().equals(attr.toString())): null

2021-11-18 12:18:25 - [TEST_STEP][PASSED] - (a++): null

2021-11-18 12:18:25 - [TEST_STEP][PASSED] - if (toString().equals(attr.toString())): null

2021-11-18 12:18:25 - [TEST_STEP][PASSED] - (a++): null

2021-11-18 12:18:25 - [TEST_STEP][PASSED] - if (toString().equals(attr.toString())): null

2021-11-18 12:18:25 - [TEST_STEP][PASSED] - (a++): null

2021-11-18 12:18:25 - [TEST_STEP][PASSED] - if (toString().equals(attr.toString())): null

2021-11-18 12:18:25 - [TEST_STEP][PASSED] - (a++): null

2021-11-18 12:18:25 - [TEST_STEP][PASSED] - if (toString().equals(attr.toString())): null

2021-11-18 12:18:25 - [TEST_STEP][PASSED] - (a++): null

2021-11-18 12:18:25 - [TEST_STEP][PASSED] - if (toString().equals(attr.toString())): null

2021-11-18 12:18:25 - [TEST_STEP][PASSED] - (a++): null

2021-11-18 12:18:25 - [TEST_STEP][PASSED] - if (toString().equals(attr.toString())): null

2021-11-18 12:18:25 - [TEST_STEP][PASSED] - (a++): null

2021-11-18 12:18:25 - [TEST_STEP][PASSED] - if (toString().equals(attr.toString())): null

2021-11-18 12:18:25 - [TEST_STEP][PASSED] - break: null

2021-11-18 12:18:25 - [TEST_STEP][PASSED] - son = findWebElement(findTestObject("Object Repository/Olusturma/Genel/Olusturma/EklenenSatir")).findElement(By.xpath("td[@class='dxgvInlineEditCell_LECustomTheme dxgv'][" + a + "]//td[@class='dxic']/input")): Smart Wait Function is triggered

2021-11-18 12:18:25 - [MESSAGE][INFO] - Finding Test Object 'Object Repository/Olusturma/Genel/Olusturma/EklenenSatir'

2021-11-18 12:18:26 - [MESSAGE][INFO] - Finding web element from Test Object's properties

2021-11-18 12:18:26 - [MESSAGE][INFO] - Checking timeout

2021-11-18 12:18:26 - [MESSAGE][INFO] - Finding web element with id: 'Object Repository/Olusturma/Genel/Olusturma/EklenenSatir' located by 'By.cssSelector: #divmalhizmet .dxgvInlineEditRow_LECustomTheme' in '30' second(s)

2021-11-18 12:18:26 - [MESSAGE][INFO] - Smart Wait Function is triggered

2021-11-18 12:18:26 - [MESSAGE][INFO] - Found 1 web elements with id: 'Object Repository/Olusturma/Genel/Olusturma/EklenenSatir' located by 'By.cssSelector: #divmalhizmet .dxgvInlineEditRow_LECustomTheme' in '30' second(s)

2021-11-18 12:18:26 - [MESSAGE][INFO] - Smart Wait Function is triggered

2021-11-18 12:18:26 - [TEST_STEP][PASSED] - if (!(getAttribute("value").contains("Vkn"))): null

2021-11-18 12:18:26 - [TEST_STEP][PASSED] - son.clear(): null

2021-11-18 12:18:26 - [TEST_STEP][PASSED] - son.sendKeys(Deger): null

2021-11-18 12:18:26 - [MESSAGE][PASSED] - Call Test Case 'Test Cases/Olusturma/Genel/Olusturma' successfully

2021-11-18 12:18:26 - [MESSAGE][INFO] - Checking called Test Case

2021-11-18 12:18:26 - [MESSAGE][INFO] - Starting to call Test Case 'Test Cases/Olusturma/Genel/NotGirilir'

2021-11-18 12:18:26 - [TEST_CASE][PASSED] - Test Cases/Olusturma/Genel/NotGirilir: Test Cases/Olusturma/Genel/NotGirilir

2021-11-18 12:18:26 - [TEST_STEP][PASSED] - i = 0: null

2021-11-18 12:18:26 - [TEST_STEP][PASSED] - waitForElementClickable(findTestObject("Olusturma/Genel/Not/Notlar"), 10): Object 'Object Repository/Olusturma/Genel/Not/Notlar' is clickable

2021-11-18 12:18:26 - [MESSAGE][INFO] - Finding Test Object 'Object Repository/Olusturma/Genel/Not/Notlar'

2021-11-18 12:18:26 - [MESSAGE][INFO] - Checking object

2021-11-18 12:18:26 - [MESSAGE][INFO] - Checking timeout

2021-11-18 12:18:26 - [MESSAGE][INFO] - Finding web element from Test Object's properties

2021-11-18 12:18:26 - [MESSAGE][INFO] - Checking timeout

2021-11-18 12:18:26 - [MESSAGE][INFO] - Finding web element with id: 'Object Repository/Olusturma/Genel/Not/Notlar' located by 'By.xpath: //*[@id = 'txtNote_I']' in '10' second(s)

2021-11-18 12:18:26 - [MESSAGE][INFO] - Smart Wait Function is triggered

2021-11-18 12:18:27 - [MESSAGE][INFO] - Found 1 web elements with id: 'Object Repository/Olusturma/Genel/Not/Notlar' located by 'By.xpath: //*[@id = 'txtNote_I']' in '10' second(s)

2021-11-18 12:18:27 - [MESSAGE][PASSED] - Object 'Object Repository/Olusturma/Genel/Not/Notlar' is clickable

2021-11-18 12:18:27 - [TEST_STEP][PASSED] - clearText(findTestObject("Olusturma/Genel/Not/Notlar")): Text of object 'Object Repository/Olusturma/Genel/Not/Notlar' is cleared

2021-11-18 12:18:27 - [MESSAGE][INFO] - Finding Test Object 'Object Repository/Olusturma/Genel/Not/Notlar'

2021-11-18 12:18:27 - [MESSAGE][INFO] - Checking object

2021-11-18 12:18:27 - [MESSAGE][INFO] - Finding web element from Test Object's properties

2021-11-18 12:18:27 - [MESSAGE][INFO] - Checking timeout

2021-11-18 12:18:27 - [MESSAGE][INFO] - Finding web element with id: 'Object Repository/Olusturma/Genel/Not/Notlar' located by 'By.xpath: //*[@id = 'txtNote_I']' in '30' second(s)

2021-11-18 12:18:27 - [MESSAGE][INFO] - Smart Wait Function is triggered

2021-11-18 12:18:27 - [MESSAGE][INFO] - Found 1 web elements with id: 'Object Repository/Olusturma/Genel/Not/Notlar' located by 'By.xpath: //*[@id = 'txtNote_I']' in '30' second(s)

2021-11-18 12:18:27 - [MESSAGE][INFO] - Clearing text of object 'Object Repository/Olusturma/Genel/Not/Notlar'

2021-11-18 12:18:27 - [MESSAGE][PASSED] - Text of object 'Object Repository/Olusturma/Genel/Not/Notlar' is cleared

2021-11-18 12:18:27 - [TEST_STEP][PASSED] - click(findTestObject("Olusturma/Genel/Not/Notlar")): Object: 'Object Repository/Olusturma/Genel/Not/Notlar' is clicked on

2021-11-18 12:18:27 - [MESSAGE][INFO] - Finding Test Object 'Object Repository/Olusturma/Genel/Not/Notlar'

2021-11-18 12:18:27 - [MESSAGE][INFO] - Checking object

2021-11-18 12:18:27 - [MESSAGE][INFO] - Finding web element from Test Object's properties

2021-11-18 12:18:27 - [MESSAGE][INFO] - Checking timeout

2021-11-18 12:18:27 - [MESSAGE][INFO] - Finding web element with id: 'Object Repository/Olusturma/Genel/Not/Notlar' located by 'By.xpath: //*[@id = 'txtNote_I']' in '30' second(s)

2021-11-18 12:18:27 - [MESSAGE][INFO] - Smart Wait Function is triggered

2021-11-18 12:18:27 - [MESSAGE][INFO] - Found 1 web elements with id: 'Object Repository/Olusturma/Genel/Not/Notlar' located by 'By.xpath: //*[@id = 'txtNote_I']' in '30' second(s)

2021-11-18 12:18:27 - [MESSAGE][INFO] - Clicking on object: 'Object Repository/Olusturma/Genel/Not/Notlar'

2021-11-18 12:18:27 - [MESSAGE][PASSED] - Object: 'Object Repository/Olusturma/Genel/Not/Notlar' is clicked on

2021-11-18 12:18:27 - [TEST_STEP][PASSED] - while (true): null

2021-11-18 12:18:27 - [TEST_STEP][PASSED] - delay(1): Delayed 1 second(s)

2021-11-18 12:18:27 - [MESSAGE][INFO] - Delaying browser in 1 second(s)

2021-11-18 12:18:28 - [MESSAGE][PASSED] - Delayed 1 second(s)

2021-11-18 12:18:28 - [TEST_STEP][PASSED] - ajaxIsComplete = executeJavaScript("return jQuery.active == 0", null): Execute JavaScript 'return jQuery.active == 0' successfully

2021-11-18 12:18:28 - [MESSAGE][PASSED] - Execute JavaScript 'return jQuery.active == 0' successfully

2021-11-18 12:18:28 - [TEST_STEP][PASSED] - if (ajaxIsComplete): null

2021-11-18 12:18:28 - [TEST_STEP][PASSED] - if (i > 10): null

2021-11-18 12:18:28 - [TEST_STEP][PASSED] - (i++): null

2021-11-18 12:18:28 - [TEST_STEP][PASSED] - delay(1): Delayed 1 second(s)

2021-11-18 12:18:28 - [MESSAGE][INFO] - Delaying browser in 1 second(s)

2021-11-18 12:18:29 - [MESSAGE][PASSED] - Delayed 1 second(s)

2021-11-18 12:18:29 - [TEST_STEP][PASSED] - ajaxIsComplete = executeJavaScript("return jQuery.active == 0", null): Execute JavaScript 'return jQuery.active == 0' successfully

2021-11-18 12:18:30 - [MESSAGE][PASSED] - Execute JavaScript 'return jQuery.active == 0' successfully

2021-11-18 12:18:30 - [TEST_STEP][PASSED] - if (ajaxIsComplete): null

2021-11-18 12:18:30 - [TEST_STEP][PASSED] - if (i > 10): null

2021-11-18 12:18:30 - [TEST_STEP][PASSED] - (i++): null

2021-11-18 12:18:30 - [TEST_STEP][PASSED] - delay(1): Delayed 1 second(s)

2021-11-18 12:18:30 - [MESSAGE][INFO] - Delaying browser in 1 second(s)

2021-11-18 12:18:31 - [MESSAGE][PASSED] - Delayed 1 second(s)

2021-11-18 12:18:31 - [TEST_STEP][PASSED] - ajaxIsComplete = executeJavaScript("return jQuery.active == 0", null): Execute JavaScript 'return jQuery.active == 0' successfully

2021-11-18 12:18:31 - [MESSAGE][PASSED] - Execute JavaScript 'return jQuery.active == 0' successfully

2021-11-18 12:18:31 - [TEST_STEP][PASSED] - if (ajaxIsComplete): null

2021-11-18 12:18:31 - [TEST_STEP][PASSED] - break: null

2021-11-18 12:18:31 - [TEST_STEP][PASSED] - sendKeys(findTestObject("Olusturma/Genel/Not/Notlar"), Not): Keys 'Otomasyon Not' sent to object: 'Object Repository/Olusturma/Genel/Not/Notlar'

2021-11-18 12:18:31 - [MESSAGE][INFO] - Finding Test Object 'Object Repository/Olusturma/Genel/Not/Notlar'

2021-11-18 12:18:31 - [MESSAGE][INFO] - Sending keys 'Otomasyon Not' to object: 'Object Repository/Olusturma/Genel/Not/Notlar'

2021-11-18 12:18:31 - [MESSAGE][INFO] - Finding web element from Test Object's properties

2021-11-18 12:18:31 - [MESSAGE][INFO] - Checking timeout

2021-11-18 12:18:31 - [MESSAGE][INFO] - Finding web element with id: 'Object Repository/Olusturma/Genel/Not/Notlar' located by 'By.xpath: //*[@id = 'txtNote_I']' in '30' second(s)

2021-11-18 12:18:31 - [MESSAGE][INFO] - Smart Wait Function is triggered

2021-11-18 12:18:31 - [MESSAGE][INFO] - Found 1 web elements with id: 'Object Repository/Olusturma/Genel/Not/Notlar' located by 'By.xpath: //*[@id = 'txtNote_I']' in '30' second(s)

2021-11-18 12:18:31 - [MESSAGE][PASSED] - Keys 'Otomasyon Not' sent to object: 'Object Repository/Olusturma/Genel/Not/Notlar'

2021-11-18 12:18:31 - [MESSAGE][PASSED] - Call Test Case 'Test Cases/Olusturma/Genel/NotGirilir' successfully

2021-11-18 12:18:31 - [MESSAGE][INFO] - Checking called Test Case

2021-11-18 12:18:31 - [MESSAGE][INFO] - Starting to call Test Case 'Test Cases/Olusturma/Genel/EttnBilgisiKayitEdilir'

2021-11-18 12:18:31 - [TEST_CASE][PASSED] - Test Cases/Olusturma/Genel/EttnBilgisiKayitEdilir: Test Cases/Olusturma/Genel/EttnBilgisiKayitEdilir

2021-11-18 12:18:31 - [TEST_STEP][PASSED] - verifyElementPresent(findTestObject("Object Repository/Olusturma/Genel/Olusturma/eArsivEttnBilgisi"), 7): Object 'Object Repository/Olusturma/Genel/Olusturma/eArsivEttnBilgisi' is present

2021-11-18 12:18:31 - [MESSAGE][INFO] - Finding Test Object 'Object Repository/Olusturma/Genel/Olusturma/eArsivEttnBilgisi'

2021-11-18 12:18:31 - [MESSAGE][INFO] - Checking object

2021-11-18 12:18:31 - [MESSAGE][INFO] - Finding web element from Test Object's properties

2021-11-18 12:18:31 - [MESSAGE][INFO] - Checking timeout

2021-11-18 12:18:31 - [MESSAGE][INFO] - Finding web element with id: 'Object Repository/Olusturma/Genel/Olusturma/eArsivEttnBilgisi' located by 'By.xpath: //*[@id = 'Uuid_I']' in '7' second(s)

2021-11-18 12:18:31 - [MESSAGE][INFO] - Smart Wait Function is triggered

2021-11-18 12:18:31 - [MESSAGE][INFO] - Found 1 web elements with id: 'Object Repository/Olusturma/Genel/Olusturma/eArsivEttnBilgisi' located by 'By.xpath: //*[@id = 'Uuid_I']' in '7' second(s)

2021-11-18 12:18:31 - [MESSAGE][PASSED] - Object 'Object Repository/Olusturma/Genel/Olusturma/eArsivEttnBilgisi' is present

2021-11-18 12:18:31 - [TEST_STEP][PASSED] - ettn = getAttribute(findTestObject("Object Repository/Olusturma/Genel/Olusturma/eArsivEttnBilgisi"), "value"): Attribute 'value' of object 'Object Repository/Olusturma/Genel/Olusturma/eArsivEttnBilgisi' is: 'fe5aa075-bed4-45f7-8ad5-1eecda28c95c'

2021-11-18 12:18:31 - [MESSAGE][INFO] - Finding Test Object 'Object Repository/Olusturma/Genel/Olusturma/eArsivEttnBilgisi'

2021-11-18 12:18:32 - [MESSAGE][INFO] - Checking object

2021-11-18 12:18:32 - [MESSAGE][INFO] - Checking attribute

2021-11-18 12:18:32 - [MESSAGE][INFO] - Finding web element from Test Object's properties

2021-11-18 12:18:32 - [MESSAGE][INFO] - Checking timeout

2021-11-18 12:18:32 - [MESSAGE][INFO] - Finding web element with id: 'Object Repository/Olusturma/Genel/Olusturma/eArsivEttnBilgisi' located by 'By.xpath: //*[@id = 'Uuid_I']' in '30' second(s)

2021-11-18 12:18:32 - [MESSAGE][INFO] - Smart Wait Function is triggered

2021-11-18 12:18:32 - [MESSAGE][INFO] - Found 1 web elements with id: 'Object Repository/Olusturma/Genel/Olusturma/eArsivEttnBilgisi' located by 'By.xpath: //*[@id = 'Uuid_I']' in '30' second(s)

2021-11-18 12:18:32 - [MESSAGE][INFO] - Getting attribute 'value' of object 'Object Repository/Olusturma/Genel/Olusturma/eArsivEttnBilgisi'

2021-11-18 12:18:32 - [MESSAGE][PASSED] - Attribute 'value' of object 'Object Repository/Olusturma/Genel/Olusturma/eArsivEttnBilgisi' is: 'fe5aa075-bed4-45f7-8ad5-1eecda28c95c'

2021-11-18 12:18:32 - [MESSAGE][PASSED] - Call Test Case 'Test Cases/Olusturma/Genel/EttnBilgisiKayitEdilir' successfully

2021-11-18 12:18:32 - [MESSAGE][INFO] - Checking called Test Case

2021-11-18 12:18:32 - [MESSAGE][INFO] - Starting to call Test Case 'Test Cases/Olusturma/Genel/KaydetButonunaTiklanir'

2021-11-18 12:18:32 - [TEST_CASE][PASSED] - Test Cases/Olusturma/Genel/KaydetButonunaTiklanir: Test Cases/Olusturma/Genel/KaydetButonunaTiklanir

2021-11-18 12:18:32 - [TEST_STEP][PASSED] - i = 0: null

2021-11-18 12:18:32 - [TEST_STEP][PASSED] - waitForElementPresent(findTestObject("Olusturma/Genel/Not/Notlar"), 10): Object 'Object Repository/Olusturma/Genel/Not/Notlar' is present

2021-11-18 12:18:32 - [MESSAGE][INFO] - Finding Test Object 'Object Repository/Olusturma/Genel/Not/Notlar'

2021-11-18 12:18:32 - [MESSAGE][INFO] - Checking object

2021-11-18 12:18:32 - [MESSAGE][INFO] - Finding web element from Test Object's properties

2021-11-18 12:18:32 - [MESSAGE][INFO] - Checking timeout

2021-11-18 12:18:32 - [MESSAGE][INFO] - Finding web element with id: 'Object Repository/Olusturma/Genel/Not/Notlar' located by 'By.xpath: //*[@id = 'txtNote_I']' in '10' second(s)

2021-11-18 12:18:32 - [MESSAGE][INFO] - Smart Wait Function is triggered

2021-11-18 12:18:32 - [MESSAGE][INFO] - Found 1 web elements with id: 'Object Repository/Olusturma/Genel/Not/Notlar' located by 'By.xpath: //*[@id = 'txtNote_I']' in '10' second(s)

2021-11-18 12:18:32 - [MESSAGE][PASSED] - Object 'Object Repository/Olusturma/Genel/Not/Notlar' is present

2021-11-18 12:18:32 - [TEST_STEP][PASSED] - click(findTestObject("Olusturma/Genel/Not/Notlar")): Object: 'Object Repository/Olusturma/Genel/Not/Notlar' is clicked on

2021-11-18 12:18:32 - [MESSAGE][INFO] - Finding Test Object 'Object Repository/Olusturma/Genel/Not/Notlar'

2021-11-18 12:18:32 - [MESSAGE][INFO] - Checking object

2021-11-18 12:18:32 - [MESSAGE][INFO] - Finding web element from Test Object's properties

2021-11-18 12:18:32 - [MESSAGE][INFO] - Checking timeout

2021-11-18 12:18:32 - [MESSAGE][INFO] - Finding web element with id: 'Object Repository/Olusturma/Genel/Not/Notlar' located by 'By.xpath: //*[@id = 'txtNote_I']' in '30' second(s)

2021-11-18 12:18:32 - [MESSAGE][INFO] - Smart Wait Function is triggered

2021-11-18 12:18:33 - [MESSAGE][INFO] - Found 1 web elements with id: 'Object Repository/Olusturma/Genel/Not/Notlar' located by 'By.xpath: //*[@id = 'txtNote_I']' in '30' second(s)

2021-11-18 12:18:33 - [MESSAGE][INFO] - Clicking on object: 'Object Repository/Olusturma/Genel/Not/Notlar'

2021-11-18 12:18:33 - [MESSAGE][PASSED] - Object: 'Object Repository/Olusturma/Genel/Not/Notlar' is clicked on

2021-11-18 12:18:33 - [TEST_STEP][PASSED] - while (true): null

2021-11-18 12:18:33 - [TEST_STEP][PASSED] - delay(1): Delayed 1 second(s)

2021-11-18 12:18:33 - [MESSAGE][INFO] - Delaying browser in 1 second(s)

2021-11-18 12:18:34 - [MESSAGE][PASSED] - Delayed 1 second(s)

2021-11-18 12:18:34 - [TEST_STEP][PASSED] - ajaxIsComplete = executeJavaScript("return jQuery.active == 0", null): Execute JavaScript 'return jQuery.active == 0' successfully

2021-11-18 12:18:34 - [MESSAGE][PASSED] - Execute JavaScript 'return jQuery.active == 0' successfully

2021-11-18 12:18:34 - [TEST_STEP][PASSED] - if (ajaxIsComplete): null

2021-11-18 12:18:34 - [TEST_STEP][PASSED] - break: null

2021-11-18 12:18:34 - [TEST_STEP][PASSED] - waitForElementClickable(findTestObject("Object Repository/Olusturma/Genel/Buton"), 10): Object 'Object Repository/Olusturma/Genel/Buton' is clickable

2021-11-18 12:18:34 - [MESSAGE][INFO] - Finding Test Object 'Object Repository/Olusturma/Genel/Buton'

2021-11-18 12:18:34 - [MESSAGE][INFO] - Checking object

2021-11-18 12:18:34 - [MESSAGE][INFO] - Checking timeout

2021-11-18 12:18:34 - [MESSAGE][INFO] - Finding web element from Test Object's properties

2021-11-18 12:18:34 - [MESSAGE][INFO] - Checking timeout

2021-11-18 12:18:34 - [MESSAGE][INFO] - Finding web element with id: 'Object Repository/Olusturma/Genel/Buton' located by 'By.xpath: //*[@id = 'btnKaydet']' in '10' second(s)

2021-11-18 12:18:34 - [MESSAGE][INFO] - Smart Wait Function is triggered

2021-11-18 12:18:34 - [MESSAGE][INFO] - Found 1 web elements with id: 'Object Repository/Olusturma/Genel/Buton' located by 'By.xpath: //*[@id = 'btnKaydet']' in '10' second(s)

2021-11-18 12:18:34 - [MESSAGE][PASSED] - Object 'Object Repository/Olusturma/Genel/Buton' is clickable

2021-11-18 12:18:34 - [TEST_STEP][PASSED] - click(findTestObject("Object Repository/Olusturma/Genel/Buton")): Object: 'Object Repository/Olusturma/Genel/Buton' is clicked on

2021-11-18 12:18:34 - [MESSAGE][INFO] - Finding Test Object 'Object Repository/Olusturma/Genel/Buton'

2021-11-18 12:18:34 - [MESSAGE][INFO] - Checking object

2021-11-18 12:18:34 - [MESSAGE][INFO] - Finding web element from Test Object's properties

2021-11-18 12:18:34 - [MESSAGE][INFO] - Checking timeout

2021-11-18 12:18:34 - [MESSAGE][INFO] - Finding web element with id: 'Object Repository/Olusturma/Genel/Buton' located by 'By.xpath: //*[@id = 'btnKaydet']' in '30' second(s)

2021-11-18 12:18:34 - [MESSAGE][INFO] - Smart Wait Function is triggered

2021-11-18 12:18:34 - [MESSAGE][INFO] - Found 1 web elements with id: 'Object Repository/Olusturma/Genel/Buton' located by 'By.xpath: //*[@id = 'btnKaydet']' in '30' second(s)

2021-11-18 12:18:34 - [MESSAGE][INFO] - Clicking on object: 'Object Repository/Olusturma/Genel/Buton'

2021-11-18 12:18:36 - [MESSAGE][PASSED] - Object: 'Object Repository/Olusturma/Genel/Buton' is clicked on

2021-11-18 12:18:36 - [MESSAGE][PASSED] - Call Test Case 'Test Cases/Olusturma/Genel/KaydetButonunaTiklanir' successfully

2021-11-18 12:18:36 - [MESSAGE][INFO] - Checking called Test Case

2021-11-18 12:18:36 - [MESSAGE][INFO] - Starting to call Test Case 'Test Cases/Tablo/TablodaEttnliVeriOlusturulduMu'

2021-11-18 12:18:36 - [TEST_CASE][PASSED] - Test Cases/Tablo/TablodaEttnliVeriOlusturulduMu: Test Cases/Tablo/TablodaEttnliVeriOlusturulduMu

2021-11-18 12:18:36 - [TEST_STEP][PASSED] - Method.TextDegerineEsitElementVarMi(findTestObject("Tablo/OlusturulanVeri"), ettn): Method.TextDegerineEsitElementVarMi is PASSED

2021-11-18 12:18:36 - [MESSAGE][INFO] - Finding Test Object 'Object Repository/Tablo/OlusturulanVeri'

2021-11-18 12:18:37 - [MESSAGE][INFO] - Checking timeout

2021-11-18 12:18:37 - [MESSAGE][INFO] - Finding web element with id: 'Object Repository/Tablo/OlusturulanVeri' located by 'By.cssSelector: table.dxgvTable_LECustomTheme>tbody>tr:nth-child(3)>td.dxgv b,table.dxgvTable_LECustomTheme>tbody>tr:nth-child(3)>td.dxgv' in '10' second(s)

2021-11-18 12:18:37 - [MESSAGE][INFO] - Smart Wait Function is triggered

2021-11-18 12:18:37 - [MESSAGE][INFO] - Found 14 web elements with id: 'Object Repository/Tablo/OlusturulanVeri' located by 'By.cssSelector: table.dxgvTable_LECustomTheme>tbody>tr:nth-child(3)>td.dxgv b,table.dxgvTable_LECustomTheme>tbody>tr:nth-child(3)>td.dxgv' in '10' second(s)

2021-11-18 12:18:37 - [MESSAGE][PASSED] - Method.TextDegerineEsitElementVarMi is PASSED

2021-11-18 12:18:37 - [MESSAGE][PASSED] - Call Test Case 'Test Cases/Tablo/TablodaEttnliVeriOlusturulduMu' successfully

2021-11-18 12:18:37 - [MESSAGE][INFO] - Checking called Test Case

2021-11-18 12:18:37 - [MESSAGE][INFO] - Starting to call Test Case 'Test Cases/Tablo/TablodanEttnliVeriSec'

2021-11-18 12:18:37 - [TEST_CASE][PASSED] - Test Cases/Tablo/TablodanEttnliVeriSec: Test Cases/Tablo/TablodanEttnliVeriSec

2021-11-18 12:18:37 - [TEST_STEP][PASSED] - Method.TextDegerineEsitElementinAltindakineTikla(findTestObject("Tablo/Veriler"), findTestObject("Tablo/VerininCheckBoxi"), ettn): Method.TextDegerineEsitElementinAltindakineTikla is PASSED

2021-11-18 12:18:37 - [MESSAGE][INFO] - Finding Test Object 'Object Repository/Tablo/Veriler'

2021-11-18 12:18:37 - [MESSAGE][INFO] - Finding Test Object 'Object Repository/Tablo/VerininCheckBoxi'

2021-11-18 12:18:37 - [MESSAGE][INFO] - Checking timeout

2021-11-18 12:18:37 - [MESSAGE][INFO] - Finding web element with id: 'Object Repository/Tablo/Veriler' located by 'By.cssSelector: td.dxgv b ,td.dxgv' in '10' second(s)

2021-11-18 12:18:37 - [MESSAGE][INFO] - Smart Wait Function is triggered

2021-11-18 12:18:38 - [MESSAGE][INFO] - Found 70 web elements with id: 'Object Repository/Tablo/Veriler' located by 'By.cssSelector: td.dxgv b ,td.dxgv' in '10' second(s)

2021-11-18 12:18:38 - [MESSAGE][INFO] - Smart Wait Function is triggered

2021-11-18 12:18:38 - [MESSAGE][PASSED] - Method.TextDegerineEsitElementinAltindakineTikla is PASSED

2021-11-18 12:18:38 - [MESSAGE][PASSED] - Call Test Case 'Test Cases/Tablo/TablodanEttnliVeriSec' successfully

2021-11-18 12:18:38 - [MESSAGE][INFO] - Checking called Test Case

2021-11-18 12:18:38 - [MESSAGE][INFO] - Starting to call Test Case 'Test Cases/Butonlar/ButonaTikla'

2021-11-18 12:18:38 - [TEST_CASE][PASSED] - Test Cases/Butonlar/ButonaTikla: Test Cases/Butonlar/ButonaTikla

2021-11-18 12:18:38 - [TEST_STEP][PASSED] - Method.TextDegerineEsitElementeTiklaEquals(findTestObject("Butonlar/Butonlar"), Buton_Adi): Method.TextDegerineEsitElementeTiklaEquals is PASSED

2021-11-18 12:18:38 - [MESSAGE][INFO] - Finding Test Object 'Object Repository/Butonlar/Butonlar'

2021-11-18 12:18:38 - [MESSAGE][INFO] - Checking timeout

2021-11-18 12:18:38 - [MESSAGE][INFO] - Finding web element with id: 'Object Repository/Butonlar/Butonlar' located by 'By.cssSelector: .panel.panel-default.text-center.footerPanel .btn,.btn.btn-primary.btnControls' in '10' second(s)

2021-11-18 12:18:38 - [MESSAGE][INFO] - Smart Wait Function is triggered

2021-11-18 12:18:39 - [MESSAGE][INFO] - Found 9 web elements with id: 'Object Repository/Butonlar/Butonlar' located by 'By.cssSelector: .panel.panel-default.text-center.footerPanel .btn,.btn.btn-primary.btnControls' in '10' second(s)

2021-11-18 12:18:39 - [MESSAGE][PASSED] - Method.TextDegerineEsitElementeTiklaEquals is PASSED

2021-11-18 12:18:39 - [MESSAGE][PASSED] - Call Test Case 'Test Cases/Butonlar/ButonaTikla' successfully

2021-11-18 12:18:39 - [MESSAGE][INFO] - Checking called Test Case

2021-11-18 12:18:39 - [MESSAGE][INFO] - Starting to call Test Case 'Test Cases/Popup/PopupMesajiIceriyorMu'

2021-11-18 12:18:39 - [TEST_CASE][PASSED] - Test Cases/Popup/PopupMesajiIceriyorMu: Test Cases/Popup/PopupMesajiIceriyorMu

2021-11-18 12:18:39 - [TEST_STEP][PASSED] - waitForElementVisible(findTestObject("Popup/Popup"), 10): Object 'Object Repository/Popup/Popup' is visible

2021-11-18 12:18:39 - [MESSAGE][INFO] - Finding Test Object 'Object Repository/Popup/Popup'

2021-11-18 12:18:39 - [MESSAGE][INFO] - Checking object

2021-11-18 12:18:39 - [MESSAGE][INFO] - Checking timeout

2021-11-18 12:18:39 - [MESSAGE][INFO] - Finding web element from Test Object's properties

2021-11-18 12:18:39 - [MESSAGE][INFO] - Checking timeout

2021-11-18 12:18:39 - [MESSAGE][INFO] - Finding web element with id: 'Object Repository/Popup/Popup' located by 'By.cssSelector: .bootbox-body' in '10' second(s)

2021-11-18 12:18:39 - [MESSAGE][INFO] - Smart Wait Function is triggered

2021-11-18 12:18:40 - [MESSAGE][INFO] - Found 1 web elements with id: 'Object Repository/Popup/Popup' located by 'By.cssSelector: .bootbox-body' in '10' second(s)

2021-11-18 12:18:40 - [MESSAGE][PASSED] - Object 'Object Repository/Popup/Popup' is visible

2021-11-18 12:18:40 - [TEST_STEP][PASSED] - if (!(getText(findTestObject("Popup/Popup")).contains(Mesaj))): Text of object 'Object Repository/Popup/Popup' is: 'Oluşturulacak fatura numarası : EAR2021000000482 Fatura numarası oluşturulduktan sonra fatura silinemez. Fatura numarası, tarihi ve ön eki değiştirilemez. Devam etmek istiyor musunuz?'

2021-11-18 12:18:40 - [MESSAGE][INFO] - Finding Test Object 'Object Repository/Popup/Popup'

2021-11-18 12:18:40 - [MESSAGE][INFO] - Checking object

2021-11-18 12:18:40 - [MESSAGE][INFO] - Finding web element from Test Object's properties

2021-11-18 12:18:40 - [MESSAGE][INFO] - Checking timeout

2021-11-18 12:18:40 - [MESSAGE][INFO] - Finding web element with id: 'Object Repository/Popup/Popup' located by 'By.cssSelector: .bootbox-body' in '30' second(s)

2021-11-18 12:18:40 - [MESSAGE][INFO] - Smart Wait Function is triggered

2021-11-18 12:18:40 - [MESSAGE][INFO] - Found 1 web elements with id: 'Object Repository/Popup/Popup' located by 'By.cssSelector: .bootbox-body' in '30' second(s)

2021-11-18 12:18:40 - [MESSAGE][INFO] - Getting text of object 'Object Repository/Popup/Popup'

2021-11-18 12:18:40 - [MESSAGE][PASSED] - Text of object 'Object Repository/Popup/Popup' is: 'Oluşturulacak fatura numarası : EAR2021000000482 Fatura numarası oluşturulduktan sonra fatura silinemez. Fatura numarası, tarihi ve ön eki değiştirilemez. Devam etmek istiyor musunuz?'

2021-11-18 12:18:40 - [TEST_STEP][PASSED] - RaporNo = getText(findTestObject("Popup/Popup")).substring(0, 6): Text of object 'Object Repository/Popup/Popup' is: 'Oluşturulacak fatura numarası : EAR2021000000482 Fatura numarası oluşturulduktan sonra fatura silinemez. Fatura numarası, tarihi ve ön eki değiştirilemez. Devam etmek istiyor musunuz?'

2021-11-18 12:18:40 - [MESSAGE][INFO] - Finding Test Object 'Object Repository/Popup/Popup'

2021-11-18 12:18:40 - [MESSAGE][INFO] - Checking object

2021-11-18 12:18:40 - [MESSAGE][INFO] - Finding web element from Test Object's properties

2021-11-18 12:18:40 - [MESSAGE][INFO] - Checking timeout

2021-11-18 12:18:40 - [MESSAGE][INFO] - Finding web element with id: 'Object Repository/Popup/Popup' located by 'By.cssSelector: .bootbox-body' in '30' second(s)

2021-11-18 12:18:40 - [MESSAGE][INFO] - Smart Wait Function is triggered

2021-11-18 12:18:41 - [MESSAGE][INFO] - Found 1 web elements with id: 'Object Repository/Popup/Popup' located by 'By.cssSelector: .bootbox-body' in '30' second(s)

2021-11-18 12:18:41 - [MESSAGE][INFO] - Getting text of object 'Object Repository/Popup/Popup'

2021-11-18 12:18:41 - [MESSAGE][PASSED] - Text of object 'Object Repository/Popup/Popup' is: 'Oluşturulacak fatura numarası : EAR2021000000482 Fatura numarası oluşturulduktan sonra fatura silinemez. Fatura numarası, tarihi ve ön eki değiştirilemez. Devam etmek istiyor musunuz?'

2021-11-18 12:18:41 - [TEST_STEP][PASSED] - Console.println(RaporNo): null

2021-11-18 12:18:41 - [MESSAGE][PASSED] - Call Test Case 'Test Cases/Popup/PopupMesajiIceriyorMu' successfully

2021-11-18 12:18:41 - [MESSAGE][INFO] - Checking called Test Case

2021-11-18 12:18:41 - [MESSAGE][INFO] - Starting to call Test Case 'Test Cases/Popup/PopupButonSecilir'

2021-11-18 12:18:41 - [TEST_CASE][PASSED] - Test Cases/Popup/PopupButonSecilir: Test Cases/Popup/PopupButonSecilir

2021-11-18 12:18:41 - [TEST_STEP][PASSED] - Method.TextDegerineEsitElementeTikla(findTestObject("Popup/Popup_Butons"), Buton): Method.TextDegerineEsitElementeTikla is PASSED

2021-11-18 12:18:41 - [MESSAGE][INFO] - Finding Test Object 'Object Repository/Popup/Popup_Butons'

2021-11-18 12:18:41 - [MESSAGE][INFO] - Checking timeout

2021-11-18 12:18:41 - [MESSAGE][INFO] - Finding web element with id: 'Object Repository/Popup/Popup_Butons' located by 'By.cssSelector: .modal-footer>button' in '10' second(s)

2021-11-18 12:18:41 - [MESSAGE][INFO] - Smart Wait Function is triggered

2021-11-18 12:18:41 - [MESSAGE][INFO] - Found 2 web elements with id: 'Object Repository/Popup/Popup_Butons' located by 'By.cssSelector: .modal-footer>button' in '10' second(s)

2021-11-18 12:18:41 - [MESSAGE][PASSED] - Method.TextDegerineEsitElementeTikla is PASSED

2021-11-18 12:18:41 - [MESSAGE][PASSED] - Call Test Case 'Test Cases/Popup/PopupButonSecilir' successfully

2021-11-18 12:18:41 - [MESSAGE][INFO] - Checking called Test Case

2021-11-18 12:18:41 - [MESSAGE][INFO] - Starting to call Test Case 'Test Cases/Popup/PopupMesajiIceriyorMu'

2021-11-18 12:18:41 - [TEST_CASE][PASSED] - Test Cases/Popup/PopupMesajiIceriyorMu: Test Cases/Popup/PopupMesajiIceriyorMu

2021-11-18 12:18:41 - [TEST_STEP][PASSED] - waitForElementVisible(findTestObject("Popup/Popup"), 10): Object 'Object Repository/Popup/Popup' is visible

2021-11-18 12:18:41 - [MESSAGE][INFO] - Finding Test Object 'Object Repository/Popup/Popup'

2021-11-18 12:18:41 - [MESSAGE][INFO] - Checking object

2021-11-18 12:18:41 - [MESSAGE][INFO] - Checking timeout

2021-11-18 12:18:41 - [MESSAGE][INFO] - Finding web element from Test Object's properties

2021-11-18 12:18:41 - [MESSAGE][INFO] - Checking timeout

2021-11-18 12:18:41 - [MESSAGE][INFO] - Finding web element with id: 'Object Repository/Popup/Popup' located by 'By.cssSelector: .bootbox-body' in '10' second(s)

2021-11-18 12:18:41 - [MESSAGE][INFO] - Smart Wait Function is triggered

2021-11-18 12:18:42 - [MESSAGE][INFO] - Found 1 web elements with id: 'Object Repository/Popup/Popup' located by 'By.cssSelector: .bootbox-body' in '10' second(s)

2021-11-18 12:18:42 - [MESSAGE][PASSED] - Object 'Object Repository/Popup/Popup' is visible

2021-11-18 12:18:42 - [TEST_STEP][PASSED] - if (!(getText(findTestObject("Popup/Popup")).contains(Mesaj))): Text of object 'Object Repository/Popup/Popup' is: 'Fatura numaranız EAR2021000000482 olarak oluşmuştur.'

2021-11-18 12:18:42 - [MESSAGE][INFO] - Finding Test Object 'Object Repository/Popup/Popup'

2021-11-18 12:18:42 - [MESSAGE][INFO] - Checking object

2021-11-18 12:18:42 - [MESSAGE][INFO] - Finding web element from Test Object's properties

2021-11-18 12:18:42 - [MESSAGE][INFO] - Checking timeout

2021-11-18 12:18:42 - [MESSAGE][INFO] - Finding web element with id: 'Object Repository/Popup/Popup' located by 'By.cssSelector: .bootbox-body' in '30' second(s)

2021-11-18 12:18:42 - [MESSAGE][INFO] - Smart Wait Function is triggered

2021-11-18 12:18:42 - [MESSAGE][INFO] - Found 1 web elements with id: 'Object Repository/Popup/Popup' located by 'By.cssSelector: .bootbox-body' in '30' second(s)

2021-11-18 12:18:42 - [MESSAGE][INFO] - Getting text of object 'Object Repository/Popup/Popup'

2021-11-18 12:18:42 - [MESSAGE][PASSED] - Text of object 'Object Repository/Popup/Popup' is: 'Fatura numaranız EAR2021000000482 olarak oluşmuştur.'

2021-11-18 12:18:42 - [TEST_STEP][PASSED] - RaporNo = getText(findTestObject("Popup/Popup")).substring(0, 6): Text of object 'Object Repository/Popup/Popup' is: 'Fatura numaranız EAR2021000000482 olarak oluşmuştur.'

2021-11-18 12:18:42 - [MESSAGE][INFO] - Finding Test Object 'Object Repository/Popup/Popup'

2021-11-18 12:18:42 - [MESSAGE][INFO] - Checking object

2021-11-18 12:18:42 - [MESSAGE][INFO] - Finding web element from Test Object's properties

2021-11-18 12:18:42 - [MESSAGE][INFO] - Checking timeout

2021-11-18 12:18:42 - [MESSAGE][INFO] - Finding web element with id: 'Object Repository/Popup/Popup' located by 'By.cssSelector: .bootbox-body' in '30' second(s)

2021-11-18 12:18:42 - [MESSAGE][INFO] - Smart Wait Function is triggered

2021-11-18 12:18:43 - [MESSAGE][INFO] - Found 1 web elements with id: 'Object Repository/Popup/Popup' located by 'By.cssSelector: .bootbox-body' in '30' second(s)

2021-11-18 12:18:43 - [MESSAGE][INFO] - Getting text of object 'Object Repository/Popup/Popup'

2021-11-18 12:18:43 - [MESSAGE][PASSED] - Text of object 'Object Repository/Popup/Popup' is: 'Fatura numaranız EAR2021000000482 olarak oluşmuştur.'

2021-11-18 12:18:43 - [TEST_STEP][PASSED] - Console.println(RaporNo): null

2021-11-18 12:18:43 - [MESSAGE][PASSED] - Call Test Case 'Test Cases/Popup/PopupMesajiIceriyorMu' successfully

2021-11-18 12:18:43 - [MESSAGE][INFO] - Checking called Test Case

2021-11-18 12:18:43 - [MESSAGE][INFO] - Starting to call Test Case 'Test Cases/Popup/PopupButonSecilir'

2021-11-18 12:18:43 - [TEST_CASE][PASSED] - Test Cases/Popup/PopupButonSecilir: Test Cases/Popup/PopupButonSecilir

2021-11-18 12:18:43 - [TEST_STEP][PASSED] - Method.TextDegerineEsitElementeTikla(findTestObject("Popup/Popup_Butons"), Buton): Method.TextDegerineEsitElementeTikla is PASSED

2021-11-18 12:18:43 - [MESSAGE][INFO] - Finding Test Object 'Object Repository/Popup/Popup_Butons'

2021-11-18 12:18:43 - [MESSAGE][INFO] - Checking timeout

2021-11-18 12:18:43 - [MESSAGE][INFO] - Finding web element with id: 'Object Repository/Popup/Popup_Butons' located by 'By.cssSelector: .modal-footer>button' in '10' second(s)

2021-11-18 12:18:43 - [MESSAGE][INFO] - Smart Wait Function is triggered

2021-11-18 12:18:43 - [MESSAGE][INFO] - Found 1 web elements with id: 'Object Repository/Popup/Popup_Butons' located by 'By.cssSelector: .modal-footer>button' in '10' second(s)

2021-11-18 12:18:43 - [MESSAGE][PASSED] - Method.TextDegerineEsitElementeTikla is PASSED

2021-11-18 12:18:43 - [MESSAGE][PASSED] - Call Test Case 'Test Cases/Popup/PopupButonSecilir' successfully

2021-11-18 12:18:43 - [MESSAGE][INFO] - Checking called Test Case

2021-11-18 12:18:43 - [MESSAGE][INFO] - Starting to call Test Case 'Test Cases/Tablo/TablodanEttnliVeriSec'

2021-11-18 12:18:43 - [TEST_CASE][PASSED] - Test Cases/Tablo/TablodanEttnliVeriSec: Test Cases/Tablo/TablodanEttnliVeriSec

2021-11-18 12:18:43 - [TEST_STEP][PASSED] - Method.TextDegerineEsitElementinAltindakineTikla(findTestObject("Tablo/Veriler"), findTestObject("Tablo/VerininCheckBoxi"), ettn): Method.TextDegerineEsitElementinAltindakineTikla is PASSED

2021-11-18 12:18:43 - [MESSAGE][INFO] - Finding Test Object 'Object Repository/Tablo/Veriler'

2021-11-18 12:18:43 - [MESSAGE][INFO] - Finding Test Object 'Object Repository/Tablo/VerininCheckBoxi'

2021-11-18 12:18:44 - [MESSAGE][INFO] - Checking timeout

2021-11-18 12:18:44 - [MESSAGE][INFO] - Finding web element with id: 'Object Repository/Tablo/Veriler' located by 'By.cssSelector: td.dxgv b ,td.dxgv' in '10' second(s)

2021-11-18 12:18:44 - [MESSAGE][INFO] - Smart Wait Function is triggered

2021-11-18 12:18:44 - [MESSAGE][INFO] - Found 70 web elements with id: 'Object Repository/Tablo/Veriler' located by 'By.cssSelector: td.dxgv b ,td.dxgv' in '10' second(s)

2021-11-18 12:18:44 - [MESSAGE][INFO] - Smart Wait Function is triggered

2021-11-18 12:18:44 - [MESSAGE][PASSED] - Method.TextDegerineEsitElementinAltindakineTikla is PASSED

2021-11-18 12:18:44 - [MESSAGE][PASSED] - Call Test Case 'Test Cases/Tablo/TablodanEttnliVeriSec' successfully

2021-11-18 12:18:44 - [MESSAGE][INFO] - Checking called Test Case

2021-11-18 12:18:44 - [MESSAGE][INFO] - Starting to call Test Case 'Test Cases/Butonlar/ButonaTikla'

2021-11-18 12:18:45 - [TEST_CASE][PASSED] - Test Cases/Butonlar/ButonaTikla: Test Cases/Butonlar/ButonaTikla

2021-11-18 12:18:45 - [TEST_STEP][PASSED] - Method.TextDegerineEsitElementeTiklaEquals(findTestObject("Butonlar/Butonlar"), Buton_Adi): Method.TextDegerineEsitElementeTiklaEquals is PASSED

2021-11-18 12:18:45 - [MESSAGE][INFO] - Finding Test Object 'Object Repository/Butonlar/Butonlar'

2021-11-18 12:18:45 - [MESSAGE][INFO] - Checking timeout

2021-11-18 12:18:45 - [MESSAGE][INFO] - Finding web element with id: 'Object Repository/Butonlar/Butonlar' located by 'By.cssSelector: .panel.panel-default.text-center.footerPanel .btn,.btn.btn-primary.btnControls' in '10' second(s)

2021-11-18 12:18:45 - [MESSAGE][INFO] - Smart Wait Function is triggered

2021-11-18 12:18:45 - [MESSAGE][INFO] - Found 9 web elements with id: 'Object Repository/Butonlar/Butonlar' located by 'By.cssSelector: .panel.panel-default.text-center.footerPanel .btn,.btn.btn-primary.btnControls' in '10' second(s)

2021-11-18 12:18:45 - [MESSAGE][PASSED] - Method.TextDegerineEsitElementeTiklaEquals is PASSED

2021-11-18 12:18:45 - [MESSAGE][PASSED] - Call Test Case 'Test Cases/Butonlar/ButonaTikla' successfully

2021-11-18 12:18:45 - [MESSAGE][INFO] - Checking called Test Case

2021-11-18 12:18:45 - [MESSAGE][INFO] - Starting to call Test Case 'Test Cases/Popup/PopupMesajiIceriyorMu'

2021-11-18 12:18:45 - [TEST_CASE][PASSED] - Test Cases/Popup/PopupMesajiIceriyorMu: Test Cases/Popup/PopupMesajiIceriyorMu

2021-11-18 12:18:45 - [TEST_STEP][PASSED] - waitForElementVisible(findTestObject("Popup/Popup"), 10): Object 'Object Repository/Popup/Popup' is visible

2021-11-18 12:18:45 - [MESSAGE][INFO] - Finding Test Object 'Object Repository/Popup/Popup'

2021-11-18 12:18:46 - [MESSAGE][INFO] - Checking object

2021-11-18 12:18:46 - [MESSAGE][INFO] - Checking timeout

2021-11-18 12:18:46 - [MESSAGE][INFO] - Finding web element from Test Object's properties

2021-11-18 12:18:46 - [MESSAGE][INFO] - Checking timeout

2021-11-18 12:18:46 - [MESSAGE][INFO] - Finding web element with id: 'Object Repository/Popup/Popup' located by 'By.cssSelector: .bootbox-body' in '10' second(s)

2021-11-18 12:18:46 - [MESSAGE][INFO] - Smart Wait Function is triggered

2021-11-18 12:18:46 - [MESSAGE][INFO] - Found 1 web elements with id: 'Object Repository/Popup/Popup' located by 'By.cssSelector: .bootbox-body' in '10' second(s)

2021-11-18 12:18:46 - [MESSAGE][PASSED] - Object 'Object Repository/Popup/Popup' is visible

2021-11-18 12:18:46 - [TEST_STEP][PASSED] - if (!(getText(findTestObject("Popup/Popup")).contains(Mesaj))): Text of object 'Object Repository/Popup/Popup' is: 'Seçilen faturalarınız onaylanacaktır. Onaylanan faturalar üzerinde değişiklik yapılamaz. Devam etmek istiyor musunuz?'

2021-11-18 12:18:46 - [MESSAGE][INFO] - Finding Test Object 'Object Repository/Popup/Popup'

2021-11-18 12:18:46 - [MESSAGE][INFO] - Checking object

2021-11-18 12:18:46 - [MESSAGE][INFO] - Finding web element from Test Object's properties

2021-11-18 12:18:46 - [MESSAGE][INFO] - Checking timeout

2021-11-18 12:18:46 - [MESSAGE][INFO] - Finding web element with id: 'Object Repository/Popup/Popup' located by 'By.cssSelector: .bootbox-body' in '30' second(s)

2021-11-18 12:18:46 - [MESSAGE][INFO] - Smart Wait Function is triggered

2021-11-18 12:18:46 - [MESSAGE][INFO] - Found 1 web elements with id: 'Object Repository/Popup/Popup' located by 'By.cssSelector: .bootbox-body' in '30' second(s)

2021-11-18 12:18:46 - [MESSAGE][INFO] - Getting text of object 'Object Repository/Popup/Popup'

2021-11-18 12:18:46 - [MESSAGE][PASSED] - Text of object 'Object Repository/Popup/Popup' is: 'Seçilen faturalarınız onaylanacaktır. Onaylanan faturalar üzerinde değişiklik yapılamaz. Devam etmek istiyor musunuz?'

2021-11-18 12:18:46 - [TEST_STEP][PASSED] - RaporNo = getText(findTestObject("Popup/Popup")).substring(0, 6): Text of object 'Object Repository/Popup/Popup' is: 'Seçilen faturalarınız onaylanacaktır. Onaylanan faturalar üzerinde değişiklik yapılamaz. Devam etmek istiyor musunuz?'

2021-11-18 12:18:46 - [MESSAGE][INFO] - Finding Test Object 'Object Repository/Popup/Popup'

2021-11-18 12:18:46 - [MESSAGE][INFO] - Checking object

2021-11-18 12:18:46 - [MESSAGE][INFO] - Finding web element from Test Object's properties

2021-11-18 12:18:46 - [MESSAGE][INFO] - Checking timeout

2021-11-18 12:18:46 - [MESSAGE][INFO] - Finding web element with id: 'Object Repository/Popup/Popup' located by 'By.cssSelector: .bootbox-body' in '30' second(s)

2021-11-18 12:18:46 - [MESSAGE][INFO] - Smart Wait Function is triggered

2021-11-18 12:18:47 - [MESSAGE][INFO] - Found 1 web elements with id: 'Object Repository/Popup/Popup' located by 'By.cssSelector: .bootbox-body' in '30' second(s)

2021-11-18 12:18:47 - [MESSAGE][INFO] - Getting text of object 'Object Repository/Popup/Popup'

2021-11-18 12:18:47 - [MESSAGE][PASSED] - Text of object 'Object Repository/Popup/Popup' is: 'Seçilen faturalarınız onaylanacaktır. Onaylanan faturalar üzerinde değişiklik yapılamaz. Devam etmek istiyor musunuz?'

2021-11-18 12:18:47 - [TEST_STEP][PASSED] - Console.println(RaporNo): null

2021-11-18 12:18:47 - [MESSAGE][PASSED] - Call Test Case 'Test Cases/Popup/PopupMesajiIceriyorMu' successfully

2021-11-18 12:18:47 - [MESSAGE][INFO] - Checking called Test Case

2021-11-18 12:18:47 - [MESSAGE][INFO] - Starting to call Test Case 'Test Cases/Popup/PopupButonSecilir'

2021-11-18 12:18:47 - [TEST_CASE][PASSED] - Test Cases/Popup/PopupButonSecilir: Test Cases/Popup/PopupButonSecilir

2021-11-18 12:18:47 - [TEST_STEP][PASSED] - Method.TextDegerineEsitElementeTikla(findTestObject("Popup/Popup_Butons"), Buton): Method.TextDegerineEsitElementeTikla is PASSED

2021-11-18 12:18:47 - [MESSAGE][INFO] - Finding Test Object 'Object Repository/Popup/Popup_Butons'

2021-11-18 12:18:47 - [MESSAGE][INFO] - Checking timeout

2021-11-18 12:18:47 - [MESSAGE][INFO] - Finding web element with id: 'Object Repository/Popup/Popup_Butons' located by 'By.cssSelector: .modal-footer>button' in '10' second(s)

2021-11-18 12:18:47 - [MESSAGE][INFO] - Smart Wait Function is triggered

2021-11-18 12:18:47 - [MESSAGE][INFO] - Found 2 web elements with id: 'Object Repository/Popup/Popup_Butons' located by 'By.cssSelector: .modal-footer>button' in '10' second(s)

2021-11-18 12:18:47 - [MESSAGE][PASSED] - Method.TextDegerineEsitElementeTikla is PASSED

2021-11-18 12:18:47 - [MESSAGE][PASSED] - Call Test Case 'Test Cases/Popup/PopupButonSecilir' successfully

2021-11-18 12:18:47 - [MESSAGE][INFO] - Checking called Test Case

2021-11-18 12:18:47 - [MESSAGE][INFO] - Starting to call Test Case 'Test Cases/Menu/AnaMenuSecimi'

2021-11-18 12:18:47 - [TEST_CASE][PASSED] - Test Cases/Menu/AnaMenuSecimi: Test Cases/Menu/AnaMenuSecimi

2021-11-18 12:18:47 - [TEST_STEP][PASSED] - Method.TextDegerineEsitElementeTikla(findTestObject("Menu/Ana_Menu"), Ana_Menu): Method.TextDegerineEsitElementeTikla is PASSED

2021-11-18 12:18:47 - [MESSAGE][INFO] - Finding Test Object 'Object Repository/Menu/Ana_Menu'

2021-11-18 12:18:47 - [MESSAGE][INFO] - Checking timeout

2021-11-18 12:18:47 - [MESSAGE][INFO] - Finding web element with id: 'Object Repository/Menu/Ana_Menu' located by 'By.xpath: //*[@class = 'dropdown-toggle']' in '10' second(s)

2021-11-18 12:18:47 - [MESSAGE][INFO] - Smart Wait Function is triggered

2021-11-18 12:18:48 - [MESSAGE][INFO] - Found 13 web elements with id: 'Object Repository/Menu/Ana_Menu' located by 'By.xpath: //*[@class = 'dropdown-toggle']' in '10' second(s)

2021-11-18 12:18:48 - [MESSAGE][PASSED] - Method.TextDegerineEsitElementeTikla is PASSED

2021-11-18 12:18:48 - [MESSAGE][PASSED] - Call Test Case 'Test Cases/Menu/AnaMenuSecimi' successfully

2021-11-18 12:18:48 - [MESSAGE][INFO] - Checking called Test Case

2021-11-18 12:18:48 - [MESSAGE][INFO] - Starting to call Test Case 'Test Cases/Menu/BasligaGoreAltMenuSecimi'

2021-11-18 12:18:48 - [TEST_CASE][PASSED] - Test Cases/Menu/BasligaGoreAltMenuSecimi: Test Cases/Menu/BasligaGoreAltMenuSecimi

2021-11-18 12:18:48 - [TEST_STEP][PASSED] - Method.TextDegerineEsitElementinAltindakiTextDegerineEsitOlanaTikla(findTestObject("Menu/Menu_Basligi"), findTestObject("Menu/Basliga_Gore_Alt_Menu"), Baslik, Alt_Menu): Method.TextDegerineEsitElementinAltindakiTextDegerineEsitOlanaTikla is PASSED

2021-11-18 12:18:48 - [MESSAGE][INFO] - Finding Test Object 'Object Repository/Menu/Menu_Basligi'

2021-11-18 12:18:48 - [MESSAGE][INFO] - Finding Test Object 'Object Repository/Menu/Basliga_Gore_Alt_Menu'

2021-11-18 12:18:48 - [MESSAGE][INFO] - Checking timeout

2021-11-18 12:18:48 - [MESSAGE][INFO] - Finding web element with id: 'Object Repository/Menu/Menu_Basligi' located by 'By.xpath: //li[@class='dropdown dropdown-large open']//li[@class='dropdown-header']' in '10' second(s)

2021-11-18 12:18:48 - [MESSAGE][INFO] - Smart Wait Function is triggered

2021-11-18 12:18:49 - [MESSAGE][INFO] - Found 2 web elements with id: 'Object Repository/Menu/Menu_Basligi' located by 'By.xpath: //li[@class='dropdown dropdown-large open']//li[@class='dropdown-header']' in '10' second(s)

2021-11-18 12:18:49 - [MESSAGE][INFO] - Smart Wait Function is triggered

2021-11-18 12:18:50 - [MESSAGE][PASSED] - Method.TextDegerineEsitElementinAltindakiTextDegerineEsitOlanaTikla is PASSED

2021-11-18 12:18:50 - [MESSAGE][PASSED] - Call Test Case 'Test Cases/Menu/BasligaGoreAltMenuSecimi' successfully

2021-11-18 12:18:50 - [MESSAGE][INFO] - Checking called Test Case

2021-11-18 12:18:50 - [MESSAGE][INFO] - Starting to call Test Case 'Test Cases/Filtreler/EttnYaz'

2021-11-18 12:18:50 - [TEST_CASE][PASSED] - Test Cases/Filtreler/EttnYaz: Test Cases/Filtreler/EttnYaz

2021-11-18 12:18:50 - [TEST_STEP][PASSED] - Method.TextDegerineEsitElementinAltindakiTextboxtaYaz(findTestObject("Filtreler/Basliklar"), findTestObject("Filtreler/Basliga_Gore_Textbox"), "ETTN", ettn): Method.TextDegerineEsitElementinAltindakiTextboxtaYaz is PASSED

2021-11-18 12:18:50 - [MESSAGE][INFO] - Finding Test Object 'Object Repository/Filtreler/Basliklar'

2021-11-18 12:18:50 - [MESSAGE][INFO] - Finding Test Object 'Object Repository/Filtreler/Basliga_Gore_Textbox'

2021-11-18 12:18:50 - [MESSAGE][INFO] - Checking timeout

2021-11-18 12:18:50 - [MESSAGE][INFO] - Finding web element with id: 'Object Repository/Filtreler/Basliklar' located by 'By.cssSelector: .control-label.col-sm-4.paddingMarginRLC' in '10' second(s)

2021-11-18 12:18:50 - [MESSAGE][INFO] - Smart Wait Function is triggered

2021-11-18 12:18:50 - [MESSAGE][INFO] - Found 19 web elements with id: 'Object Repository/Filtreler/Basliklar' located by 'By.cssSelector: .control-label.col-sm-4.paddingMarginRLC' in '10' second(s)

2021-11-18 12:18:50 - [MESSAGE][INFO] - Smart Wait Function is triggered

2021-11-18 12:18:51 - [MESSAGE][PASSED] - Method.TextDegerineEsitElementinAltindakiTextboxtaYaz is PASSED

2021-11-18 12:18:51 - [MESSAGE][PASSED] - Call Test Case 'Test Cases/Filtreler/EttnYaz' successfully

2021-11-18 12:18:51 - [MESSAGE][INFO] - Checking called Test Case

2021-11-18 12:18:51 - [MESSAGE][INFO] - Starting to call Test Case 'Test Cases/Filtreler/ButonaTikla'

2021-11-18 12:18:51 - [TEST_CASE][PASSED] - Test Cases/Filtreler/ButonaTikla: Test Cases/Filtreler/ButonaTikla

2021-11-18 12:18:51 - [TEST_STEP][PASSED] - Method.TextDegerineEsitElementeTikla(findTestObject("Filtreler/Butonlar"), Filtre_Buton): Method.TextDegerineEsitElementeTikla is PASSED

2021-11-18 12:18:51 - [MESSAGE][INFO] - Finding Test Object 'Object Repository/Filtreler/Butonlar'

2021-11-18 12:18:51 - [MESSAGE][INFO] - Checking timeout

2021-11-18 12:18:51 - [MESSAGE][INFO] - Finding web element with id: 'Object Repository/Filtreler/Butonlar' located by 'By.cssSelector: .dxb>span' in '10' second(s)

2021-11-18 12:18:51 - [MESSAGE][INFO] - Smart Wait Function is triggered

2021-11-18 12:18:51 - [MESSAGE][INFO] - Found 3 web elements with id: 'Object Repository/Filtreler/Butonlar' located by 'By.cssSelector: .dxb>span' in '10' second(s)

2021-11-18 12:18:51 - [MESSAGE][PASSED] - Method.TextDegerineEsitElementeTikla is PASSED

2021-11-18 12:18:51 - [MESSAGE][PASSED] - Call Test Case 'Test Cases/Filtreler/ButonaTikla' successfully

2021-11-18 12:18:51 - [MESSAGE][INFO] - Checking called Test Case

2021-11-18 12:18:51 - [MESSAGE][INFO] - Starting to call Test Case 'Test Cases/Tablo/TablodaVeriVarMi'

2021-11-18 12:18:51 - [TEST_CASE][PASSED] - Test Cases/Tablo/TablodaVeriVarMi: Test Cases/Tablo/TablodaVeriVarMi

2021-11-18 12:18:51 - [TEST_STEP][PASSED] - verifyTextNotPresent("Görüntülenecek veri yok", true): Text 'Görüntülenecek veri yok' is not present on page using regular expression

2021-11-18 12:18:51 - [MESSAGE][INFO] - Checking text present  using regular expression

2021-11-18 12:18:51 - [MESSAGE][INFO] - Smart Wait Function is triggered

2021-11-18 12:18:52 - [MESSAGE][INFO] - Finding text 'Görüntülenecek veri yok' on page  using regular expression

2021-11-18 12:18:52 - [MESSAGE][PASSED] - Text 'Görüntülenecek veri yok' is not present on page using regular expression

2021-11-18 12:18:52 - [MESSAGE][PASSED] - Call Test Case 'Test Cases/Tablo/TablodaVeriVarMi' successfully

2021-11-18 12:18:52 - [MESSAGE][INFO] - Checking called Test Case

2021-11-18 12:18:52 - [MESSAGE][INFO] - Starting to call Test Case 'Test Cases/Tablo/TablodaVeriBasariliMiArsiv'

2021-11-18 12:18:52 - [TEST_CASE][PASSED] - Test Cases/Tablo/TablodaVeriBasariliMiArsiv: Test Cases/Tablo/TablodaVeriBasariliMiArsiv

2021-11-18 12:18:52 - [TEST_STEP][PASSED] - sayac = 80: null

2021-11-18 12:18:52 - [TEST_STEP][PASSED] - while (verifyElementText(findTestObject("Object Repository/Tablo/DurumBilgisiArsiv"), "Henüz Sonuçlanmadı", OPTIONAL)): Actual text 'Başarılı' and expected text 'Henüz Sonuçlanmadı' of test object 'Object Repository/Tablo/DurumBilgisiArsiv' are NOT matched. (Root cause: com.kms.katalon.core.exception.StepFailedException: Actual text 'Başarılı' and expected text 'Henüz Sonuçlanmadı' of test object 'Object Repository/Tablo/DurumBilgisiArsiv' are NOT matched.
	at com.kms.katalon.core.webui.keyword.internal.WebUIKeywordMain.stepFailed(WebUIKeywordMain.groovy:64)
	at com.kms.katalon.core.webui.keyword.builtin.VerifyElementTextKeyword$_verifyElementText_closure1.doCall(VerifyElementTextKeyword.groovy:57)
	at com.kms.katalon.core.webui.keyword.builtin.VerifyElementTextKeyword$_verifyElementText_closure1.call(VerifyElementTextKeyword.groovy)
	at com.kms.katalon.core.webui.keyword.internal.WebUIKeywordMain.runKeyword(WebUIKeywordMain.groovy:20)
	at com.kms.katalon.core.webui.keyword.builtin.VerifyElementTextKeyword.verifyElementText(VerifyElementTextKeyword.groovy:72)
	at com.kms.katalon.core.webui.keyword.builtin.VerifyElementTextKeyword.execute(VerifyElementTextKeyword.groovy:40)
	at com.kms.katalon.core.keyword.internal.KeywordExecutor.executeKeywordForPlatform(KeywordExecutor.groovy:73)
	at com.kms.katalon.core.webui.keyword.WebUiBuiltInKeywords.verifyElementText(WebUiBuiltInKeywords.groovy:4733)
	at com.kms.katalon.core.webui.keyword.WebUiBuiltInKeywords$verifyElementText$20.call(Unknown Source)
	at TablodaVeriBasariliMiArsiv.run(TablodaVeriBasariliMiArsiv:22)
	at com.kms.katalon.core.main.ScriptEngine.run(ScriptEngine.java:194)
	at com.kms.katalon.core.main.ScriptEngine.runScriptAsRawText(ScriptEngine.java:119)
	at com.kms.katalon.core.main.TestCaseExecutor.runScript(TestCaseExecutor.java:369)
	at com.kms.katalon.core.main.TestCaseExecutor.doExecute(TestCaseExecutor.java:360)
	at com.kms.katalon.core.main.TestCaseExecutor.processExecutionPhase(TestCaseExecutor.java:339)
	at com.kms.katalon.core.main.TestCaseExecutor.accessMainPhase(TestCaseExecutor.java:331)
	at com.kms.katalon.core.main.TestCaseExecutor.execute(TestCaseExecutor.java:248)
	at com.kms.katalon.core.main.TestCaseMain.runTestCase(TestCaseMain.java:138)
	at com.kms.katalon.core.keyword.builtin.CallTestCaseKeyword$_callTestCase_closure1.doCall(CallTestCaseKeyword.groovy:59)
	at com.kms.katalon.core.keyword.builtin.CallTestCaseKeyword$_callTestCase_closure1.call(CallTestCaseKeyword.groovy)
	at com.kms.katalon.core.keyword.internal.KeywordMain.runKeyword(KeywordMain.groovy:68)
	at com.kms.katalon.core.keyword.builtin.CallTestCaseKeyword.callTestCase(CallTestCaseKeyword.groovy:81)
	at com.kms.katalon.core.keyword.builtin.CallTestCaseKeyword.execute(CallTestCaseKeyword.groovy:44)
	at com.kms.katalon.core.keyword.internal.KeywordExecutor.executeKeywordForPlatform(KeywordExecutor.groovy:73)
	at com.kms.katalon.core.keyword.BuiltinKeywords.callTestCase(BuiltinKeywords.groovy:334)
	at tablo.tablo.tablodaVeriBasariliMiArsiv(tablo.groovy:95)
	at cucumber.runtime.Utils$1.call(Utils.java:26)
	at cucumber.runtime.Timeout.timeout(Timeout.java:16)
	at cucumber.runtime.Utils.invoke(Utils.java:20)
	at cucumber.runtime.java.JavaStepDefinition.execute(JavaStepDefinition.java:49)
	at cucumber.runner.PickleStepDefinitionMatch.runStep(PickleStepDefinitionMatch.java:50)
	at cucumber.runner.TestStep.executeStep(TestStep.java:63)
	at cucumber.runner.TestStep.run(TestStep.java:49)
	at cucumber.runner.PickleStepTestStep.run(PickleStepTestStep.java:43)
	at cucumber.runner.TestCase.run(TestCase.java:44)
	at cucumber.runner.Runner.runPickle(Runner.java:40)
	at cucumber.runtime.Runtime$1.run(Runtime.java:84)
	at cucumber.runtime.Runtime$SameThreadExecutorService.execute(Runtime.java:220)
	at cucumber.runtime.Runtime.run(Runtime.java:81)
	at cucumber.api.cli.Main.run(Main.java:26)
	at cucumber.api.cli.Main$run.call(Unknown Source)
	at com.kms.katalon.core.cucumber.keyword.CucumberBuiltinKeywords$_runFeatureFile_closure1.doCall(CucumberBuiltinKeywords.groovy:106)
	at com.kms.katalon.core.cucumber.keyword.CucumberBuiltinKeywords$_runFeatureFile_closure1.doCall(CucumberBuiltinKeywords.groovy)
	at com.kms.katalon.core.keyword.internal.KeywordMain.runKeyword(KeywordMain.groovy:68)
	at com.kms.katalon.core.keyword.internal.KeywordMain$runKeyword.call(Unknown Source)
	at com.kms.katalon.core.cucumber.keyword.CucumberBuiltinKeywords.runFeatureFile(CucumberBuiltinKeywords.groovy:73)
	at com.kms.katalon.core.cucumber.keyword.CucumberBuiltinKeywords$runFeatureFile$0.callStatic(Unknown Source)
	at com.kms.katalon.core.cucumber.keyword.CucumberBuiltinKeywords.runFeatureFile(CucumberBuiltinKeywords.groovy:246)
	at com.kms.katalon.core.cucumber.keyword.CucumberBuiltinKeywords$runFeatureFile.call(Unknown Source)
	at VKN-Kagit-Ihrac Kayitli.run(VKN-Kagit-Ihrac Kayitli:19)
	at com.kms.katalon.core.main.ScriptEngine.run(ScriptEngine.java:194)
	at com.kms.katalon.core.main.ScriptEngine.runScriptAsRawText(ScriptEngine.java:119)
	at com.kms.katalon.core.main.TestCaseExecutor.runScript(TestCaseExecutor.java:369)
	at com.kms.katalon.core.main.TestCaseExecutor.doExecute(TestCaseExecutor.java:360)
	at com.kms.katalon.core.main.TestCaseExecutor.processExecutionPhase(TestCaseExecutor.java:339)
	at com.kms.katalon.core.main.TestCaseExecutor.accessMainPhase(TestCaseExecutor.java:331)
	at com.kms.katalon.core.main.TestCaseExecutor.execute(TestCaseExecutor.java:248)
	at com.kms.katalon.core.main.TestSuiteExecutor.accessTestCaseMainPhase(TestSuiteExecutor.java:191)
	at com.kms.katalon.core.main.TestSuiteExecutor.accessTestSuiteMainPhase(TestSuiteExecutor.java:140)
	at com.kms.katalon.core.main.TestSuiteExecutor.execute(TestSuiteExecutor.java:89)
	at com.kms.katalon.core.main.TestCaseMain.startTestSuite(TestCaseMain.java:181)
	at com.kms.katalon.core.main.TestCaseMain$startTestSuite$0.call(Unknown Source)
	at TempTestSuite1637225344330.run(TempTestSuite1637225344330.groovy:39)
)

2021-11-18 12:18:52 - [MESSAGE][INFO] - Finding Test Object 'Object Repository/Tablo/DurumBilgisiArsiv'

2021-11-18 12:18:52 - [MESSAGE][INFO] - Checking object

2021-11-18 12:18:52 - [MESSAGE][INFO] - Finding web element from Test Object's properties

2021-11-18 12:18:52 - [MESSAGE][INFO] - Checking timeout

2021-11-18 12:18:52 - [MESSAGE][INFO] - Finding web element with id: 'Object Repository/Tablo/DurumBilgisiArsiv' located by 'By.xpath: //*[@id = 'GridViewEArchiveInvoices_tccell0_9']' in '30' second(s)

2021-11-18 12:18:52 - [MESSAGE][INFO] - Smart Wait Function is triggered

2021-11-18 12:18:52 - [MESSAGE][INFO] - Found 1 web elements with id: 'Object Repository/Tablo/DurumBilgisiArsiv' located by 'By.xpath: //*[@id = 'GridViewEArchiveInvoices_tccell0_9']' in '30' second(s)

2021-11-18 12:18:52 - [MESSAGE][WARNING] - Actual text 'Başarılı' and expected text 'Henüz Sonuçlanmadı' of test object 'Object Repository/Tablo/DurumBilgisiArsiv' are NOT matched. (Root cause: com.kms.katalon.core.exception.StepFailedException: Actual text 'Başarılı' and expected text 'Henüz Sonuçlanmadı' of test object 'Object Repository/Tablo/DurumBilgisiArsiv' are NOT matched.
	at com.kms.katalon.core.webui.keyword.internal.WebUIKeywordMain.stepFailed(WebUIKeywordMain.groovy:64)
	at com.kms.katalon.core.webui.keyword.builtin.VerifyElementTextKeyword$_verifyElementText_closure1.doCall(VerifyElementTextKeyword.groovy:57)
	at com.kms.katalon.core.webui.keyword.builtin.VerifyElementTextKeyword$_verifyElementText_closure1.call(VerifyElementTextKeyword.groovy)
	at com.kms.katalon.core.webui.keyword.internal.WebUIKeywordMain.runKeyword(WebUIKeywordMain.groovy:20)
	at com.kms.katalon.core.webui.keyword.builtin.VerifyElementTextKeyword.verifyElementText(VerifyElementTextKeyword.groovy:72)
	at com.kms.katalon.core.webui.keyword.builtin.VerifyElementTextKeyword.execute(VerifyElementTextKeyword.groovy:40)
	at com.kms.katalon.core.keyword.internal.KeywordExecutor.executeKeywordForPlatform(KeywordExecutor.groovy:73)
	at com.kms.katalon.core.webui.keyword.WebUiBuiltInKeywords.verifyElementText(WebUiBuiltInKeywords.groovy:4733)
	at com.kms.katalon.core.webui.keyword.WebUiBuiltInKeywords$verifyElementText$20.call(Unknown Source)
	at TablodaVeriBasariliMiArsiv.run(TablodaVeriBasariliMiArsiv:22)
	at com.kms.katalon.core.main.ScriptEngine.run(ScriptEngine.java:194)
	at com.kms.katalon.core.main.ScriptEngine.runScriptAsRawText(ScriptEngine.java:119)
	at com.kms.katalon.core.main.TestCaseExecutor.runScript(TestCaseExecutor.java:369)
	at com.kms.katalon.core.main.TestCaseExecutor.doExecute(TestCaseExecutor.java:360)
	at com.kms.katalon.core.main.TestCaseExecutor.processExecutionPhase(TestCaseExecutor.java:339)
	at com.kms.katalon.core.main.TestCaseExecutor.accessMainPhase(TestCaseExecutor.java:331)
	at com.kms.katalon.core.main.TestCaseExecutor.execute(TestCaseExecutor.java:248)
	at com.kms.katalon.core.main.TestCaseMain.runTestCase(TestCaseMain.java:138)
	at com.kms.katalon.core.keyword.builtin.CallTestCaseKeyword$_callTestCase_closure1.doCall(CallTestCaseKeyword.groovy:59)
	at com.kms.katalon.core.keyword.builtin.CallTestCaseKeyword$_callTestCase_closure1.call(CallTestCaseKeyword.groovy)
	at com.kms.katalon.core.keyword.internal.KeywordMain.runKeyword(KeywordMain.groovy:68)
	at com.kms.katalon.core.keyword.builtin.CallTestCaseKeyword.callTestCase(CallTestCaseKeyword.groovy:81)
	at com.kms.katalon.core.keyword.builtin.CallTestCaseKeyword.execute(CallTestCaseKeyword.groovy:44)
	at com.kms.katalon.core.keyword.internal.KeywordExecutor.executeKeywordForPlatform(KeywordExecutor.groovy:73)
	at com.kms.katalon.core.keyword.BuiltinKeywords.callTestCase(BuiltinKeywords.groovy:334)
	at tablo.tablo.tablodaVeriBasariliMiArsiv(tablo.groovy:95)
	at cucumber.runtime.Utils$1.call(Utils.java:26)
	at cucumber.runtime.Timeout.timeout(Timeout.java:16)
	at cucumber.runtime.Utils.invoke(Utils.java:20)
	at cucumber.runtime.java.JavaStepDefinition.execute(JavaStepDefinition.java:49)
	at cucumber.runner.PickleStepDefinitionMatch.runStep(PickleStepDefinitionMatch.java:50)
	at cucumber.runner.TestStep.executeStep(TestStep.java:63)
	at cucumber.runner.TestStep.run(TestStep.java:49)
	at cucumber.runner.PickleStepTestStep.run(PickleStepTestStep.java:43)
	at cucumber.runner.TestCase.run(TestCase.java:44)
	at cucumber.runner.Runner.runPickle(Runner.java:40)
	at cucumber.runtime.Runtime$1.run(Runtime.java:84)
	at cucumber.runtime.Runtime$SameThreadExecutorService.execute(Runtime.java:220)
	at cucumber.runtime.Runtime.run(Runtime.java:81)
	at cucumber.api.cli.Main.run(Main.java:26)
	at cucumber.api.cli.Main$run.call(Unknown Source)
	at com.kms.katalon.core.cucumber.keyword.CucumberBuiltinKeywords$_runFeatureFile_closure1.doCall(CucumberBuiltinKeywords.groovy:106)
	at com.kms.katalon.core.cucumber.keyword.CucumberBuiltinKeywords$_runFeatureFile_closure1.doCall(CucumberBuiltinKeywords.groovy)
	at com.kms.katalon.core.keyword.internal.KeywordMain.runKeyword(KeywordMain.groovy:68)
	at com.kms.katalon.core.keyword.internal.KeywordMain$runKeyword.call(Unknown Source)
	at com.kms.katalon.core.cucumber.keyword.CucumberBuiltinKeywords.runFeatureFile(CucumberBuiltinKeywords.groovy:73)
	at com.kms.katalon.core.cucumber.keyword.CucumberBuiltinKeywords$runFeatureFile$0.callStatic(Unknown Source)
	at com.kms.katalon.core.cucumber.keyword.CucumberBuiltinKeywords.runFeatureFile(CucumberBuiltinKeywords.groovy:246)
	at com.kms.katalon.core.cucumber.keyword.CucumberBuiltinKeywords$runFeatureFile.call(Unknown Source)
	at VKN-Kagit-Ihrac Kayitli.run(VKN-Kagit-Ihrac Kayitli:19)
	at com.kms.katalon.core.main.ScriptEngine.run(ScriptEngine.java:194)
	at com.kms.katalon.core.main.ScriptEngine.runScriptAsRawText(ScriptEngine.java:119)
	at com.kms.katalon.core.main.TestCaseExecutor.runScript(TestCaseExecutor.java:369)
	at com.kms.katalon.core.main.TestCaseExecutor.doExecute(TestCaseExecutor.java:360)
	at com.kms.katalon.core.main.TestCaseExecutor.processExecutionPhase(TestCaseExecutor.java:339)
	at com.kms.katalon.core.main.TestCaseExecutor.accessMainPhase(TestCaseExecutor.java:331)
	at com.kms.katalon.core.main.TestCaseExecutor.execute(TestCaseExecutor.java:248)
	at com.kms.katalon.core.main.TestSuiteExecutor.accessTestCaseMainPhase(TestSuiteExecutor.java:191)
	at com.kms.katalon.core.main.TestSuiteExecutor.accessTestSuiteMainPhase(TestSuiteExecutor.java:140)
	at com.kms.katalon.core.main.TestSuiteExecutor.execute(TestSuiteExecutor.java:89)
	at com.kms.katalon.core.main.TestCaseMain.startTestSuite(TestCaseMain.java:181)
	at com.kms.katalon.core.main.TestCaseMain$startTestSuite$0.call(Unknown Source)
	at TempTestSuite1637225344330.run(TempTestSuite1637225344330.groovy:39)
)

2021-11-18 12:18:52 - [TEST_STEP][PASSED] - Method.TextDegerineEsitElementVarMi(findTestObject("Object Repository/Tablo/DurumBilgisiArsiv"), "Başarılı"): Method.TextDegerineEsitElementVarMi is PASSED

2021-11-18 12:18:52 - [MESSAGE][INFO] - Finding Test Object 'Object Repository/Tablo/DurumBilgisiArsiv'

2021-11-18 12:18:52 - [MESSAGE][INFO] - Checking timeout

2021-11-18 12:18:52 - [MESSAGE][INFO] - Finding web element with id: 'Object Repository/Tablo/DurumBilgisiArsiv' located by 'By.xpath: //*[@id = 'GridViewEArchiveInvoices_tccell0_9']' in '10' second(s)

2021-11-18 12:18:52 - [MESSAGE][INFO] - Smart Wait Function is triggered

2021-11-18 12:18:53 - [MESSAGE][INFO] - Found 1 web elements with id: 'Object Repository/Tablo/DurumBilgisiArsiv' located by 'By.xpath: //*[@id = 'GridViewEArchiveInvoices_tccell0_9']' in '10' second(s)

2021-11-18 12:18:53 - [MESSAGE][PASSED] - Method.TextDegerineEsitElementVarMi is PASSED

2021-11-18 12:18:53 - [MESSAGE][PASSED] - Call Test Case 'Test Cases/Tablo/TablodaVeriBasariliMiArsiv' successfully

2021-11-18 12:18:53 - [MESSAGE][INFO] - Checking called Test Case

2021-11-18 12:18:53 - [MESSAGE][INFO] - Starting to call Test Case 'Test Cases/Kullanici_Islemleri/KullaniciIslemlerindenSecimYapilir'

2021-11-18 12:18:53 - [TEST_CASE][PASSED] - Test Cases/Kullanici_Islemleri/KullaniciIslemlerindenSecimYapilir: Test Cases/Kullanici_Islemleri/KullaniciIslemlerindenSecimYapilir

2021-11-18 12:18:53 - [TEST_STEP][PASSED] - waitForElementClickable(findTestObject("Object Repository/Kullanici_Islemleri/KullaniciIslemleri"), 10): Object 'Object Repository/Kullanici_Islemleri/KullaniciIslemleri' is clickable

2021-11-18 12:18:53 - [MESSAGE][INFO] - Finding Test Object 'Object Repository/Kullanici_Islemleri/KullaniciIslemleri'

2021-11-18 12:18:53 - [MESSAGE][INFO] - Checking object

2021-11-18 12:18:53 - [MESSAGE][INFO] - Checking timeout

2021-11-18 12:18:53 - [MESSAGE][INFO] - Finding web element from Test Object's properties

2021-11-18 12:18:53 - [MESSAGE][INFO] - Checking timeout

2021-11-18 12:18:53 - [MESSAGE][INFO] - Finding web element with id: 'Object Repository/Kullanici_Islemleri/KullaniciIslemleri' located by 'By.cssSelector: .dropdown>a>img' in '10' second(s)

2021-11-18 12:18:53 - [MESSAGE][INFO] - Smart Wait Function is triggered

2021-11-18 12:18:53 - [MESSAGE][INFO] - Found 1 web elements with id: 'Object Repository/Kullanici_Islemleri/KullaniciIslemleri' located by 'By.cssSelector: .dropdown>a>img' in '10' second(s)

2021-11-18 12:18:53 - [MESSAGE][PASSED] - Object 'Object Repository/Kullanici_Islemleri/KullaniciIslemleri' is clickable

2021-11-18 12:18:53 - [TEST_STEP][PASSED] - click(findTestObject("Object Repository/Kullanici_Islemleri/KullaniciIslemleri")): Object: 'Object Repository/Kullanici_Islemleri/KullaniciIslemleri' is clicked on

2021-11-18 12:18:53 - [MESSAGE][INFO] - Finding Test Object 'Object Repository/Kullanici_Islemleri/KullaniciIslemleri'

2021-11-18 12:18:53 - [MESSAGE][INFO] - Checking object

2021-11-18 12:18:53 - [MESSAGE][INFO] - Finding web element from Test Object's properties

2021-11-18 12:18:53 - [MESSAGE][INFO] - Checking timeout

2021-11-18 12:18:53 - [MESSAGE][INFO] - Finding web element with id: 'Object Repository/Kullanici_Islemleri/KullaniciIslemleri' located by 'By.cssSelector: .dropdown>a>img' in '30' second(s)

2021-11-18 12:18:53 - [MESSAGE][INFO] - Smart Wait Function is triggered

2021-11-18 12:18:54 - [MESSAGE][INFO] - Found 1 web elements with id: 'Object Repository/Kullanici_Islemleri/KullaniciIslemleri' located by 'By.cssSelector: .dropdown>a>img' in '30' second(s)

2021-11-18 12:18:54 - [MESSAGE][INFO] - Clicking on object: 'Object Repository/Kullanici_Islemleri/KullaniciIslemleri'

2021-11-18 12:18:54 - [MESSAGE][PASSED] - Object: 'Object Repository/Kullanici_Islemleri/KullaniciIslemleri' is clicked on

2021-11-18 12:18:54 - [TEST_STEP][PASSED] - Method.TextDegerineEsitElementeTikla(findTestObject("Object Repository/Kullanici_Islemleri/Secenekler"), Islem): Method.TextDegerineEsitElementeTikla is PASSED

2021-11-18 12:18:54 - [MESSAGE][INFO] - Finding Test Object 'Object Repository/Kullanici_Islemleri/Secenekler'

2021-11-18 12:18:54 - [MESSAGE][INFO] - Checking timeout

2021-11-18 12:18:54 - [MESSAGE][INFO] - Finding web element with id: 'Object Repository/Kullanici_Islemleri/Secenekler' located by 'By.cssSelector: .nav.navbar-nav.navbar-right li a' in '10' second(s)

2021-11-18 12:18:54 - [MESSAGE][INFO] - Smart Wait Function is triggered

2021-11-18 12:18:54 - [MESSAGE][INFO] - Found 20 web elements with id: 'Object Repository/Kullanici_Islemleri/Secenekler' located by 'By.cssSelector: .nav.navbar-nav.navbar-right li a' in '10' second(s)

2021-11-18 12:18:55 - [MESSAGE][PASSED] - Method.TextDegerineEsitElementeTikla is PASSED

2021-11-18 12:18:55 - [TEST_STEP][PASSED] - verifyElementNotPresent(findTestObject("Object Repository/Kullanici_Islemleri/Secenekler"), 10): Web element with id: 'Object Repository/Kullanici_Islemleri/Secenekler' located by 'By.cssSelector: .nav.navbar-nav.navbar-right li a' is not present after '10' second(s)

2021-11-18 12:18:55 - [MESSAGE][INFO] - Finding Test Object 'Object Repository/Kullanici_Islemleri/Secenekler'

2021-11-18 12:18:55 - [MESSAGE][INFO] - Checking object

2021-11-18 12:18:55 - [MESSAGE][INFO] - Checking timeout

2021-11-18 12:18:55 - [MESSAGE][INFO] - Finding web element with id: 'Object Repository/Kullanici_Islemleri/Secenekler' located by 'By.cssSelector: .nav.navbar-nav.navbar-right li a' in '10' second(s)

2021-11-18 12:18:55 - [MESSAGE][INFO] - Smart Wait Function is triggered

2021-11-18 12:18:56 - [MESSAGE][PASSED] - Web element with id: 'Object Repository/Kullanici_Islemleri/Secenekler' located by 'By.cssSelector: .nav.navbar-nav.navbar-right li a' is not present after '10' second(s)

2021-11-18 12:18:56 - [MESSAGE][PASSED] - Call Test Case 'Test Cases/Kullanici_Islemleri/KullaniciIslemlerindenSecimYapilir' successfully

2021-11-18 12:18:56 - [TEST_CASE][PASSED] - Start Test Case : SCENARIO Gonderim tipi Kagit ve Ihrac Kayitli tipinde e-Arsiv faturasi olusturulmasi: SCENARIO Gonderim tipi Kagit ve Ihrac Kayitli tipinde e-Arsiv faturasi olusturulmasi

2021-11-18 12:18:56 - [TEST_STEP][PASSED] - Kullanıcı adı EARIHRAC ve Şifre test1234 olarak giriş yapılır: Kullanıcı adı EARIHRAC ve Şifre test1234 olarak giriş yapılır

2021-11-18 12:18:56 - [MESSAGE][PASSED] - Kullanıcı adı EARIHRAC ve Şifre test1234 olarak giriş yapılır

2021-11-18 12:18:56 - [TEST_STEP][PASSED] - Ana menüden e-Arşiv seçilir: Ana menüden e-Arşiv seçilir

2021-11-18 12:18:56 - [MESSAGE][PASSED] - Ana menüden e-Arşiv seçilir

2021-11-18 12:18:56 - [TEST_STEP][PASSED] - Alt menü e-Arşiv Araçları başlığı altındaki e-Arşiv Fatura Oluşturma seçilir: Alt menü e-Arşiv Araçları başlığı altındaki e-Arşiv Fatura Oluşturma seçilir

2021-11-18 12:18:56 - [MESSAGE][PASSED] - Alt menü e-Arşiv Araçları başlığı altındaki e-Arşiv Fatura Oluşturma seçilir

2021-11-18 12:18:56 - [TEST_STEP][PASSED] - Tablodaki tüm veriler silinir: Tablodaki tüm veriler silinir

2021-11-18 12:18:56 - [MESSAGE][PASSED] - Tablodaki tüm veriler silinir

2021-11-18 12:18:56 - [TEST_STEP][PASSED] - Butonlardan Ekle isimli butona tıklanır: Butonlardan Ekle isimli butona tıklanır

2021-11-18 12:18:56 - [MESSAGE][PASSED] - Butonlardan Ekle isimli butona tıklanır

2021-11-18 12:18:56 - [TEST_STEP][PASSED] - Görsel tasarım sayfasının e-Arşiv Fatura Bilgileri başlığını içerdiği kontrol edilir: Görsel tasarım sayfasının e-Arşiv Fatura Bilgileri başlığını içerdiği kontrol edilir

2021-11-18 12:18:56 - [MESSAGE][PASSED] - Görsel tasarım sayfasının e-Arşiv Fatura Bilgileri başlığını içerdiği kontrol edilir

2021-11-18 12:18:56 - [TEST_STEP][PASSED] - Alıcı adı alanına UC0012 girilir: Alıcı adı alanına UC0012 girilir

2021-11-18 12:18:56 - [MESSAGE][PASSED] - Alıcı adı alanına UC0012 girilir

2021-11-18 12:18:56 - [TEST_STEP][PASSED] - Gönderim Şekli Kağıt olarak seçilir: Gönderim Şekli Kağıt olarak seçilir

2021-11-18 12:18:56 - [MESSAGE][PASSED] - Gönderim Şekli Kağıt olarak seçilir

2021-11-18 12:18:56 - [TEST_STEP][PASSED] - Tip alanından İhraç Kayıtlı seçilir: Tip alanından İhraç Kayıtlı seçilir

2021-11-18 12:18:56 - [MESSAGE][PASSED] - Tip alanından İhraç Kayıtlı seçilir

2021-11-18 12:18:56 - [TEST_STEP][PASSED] - Döküman Para Birimi alanından Türk Lirası seçilir: Döküman Para Birimi alanından Türk Lirası seçilir

2021-11-18 12:18:56 - [MESSAGE][PASSED] - Döküman Para Birimi alanından Türk Lirası seçilir

2021-11-18 12:18:56 - [TEST_STEP][PASSED] - Ön Ek EAR olarak seçilir: Ön Ek EAR olarak seçilir

2021-11-18 12:18:56 - [MESSAGE][PASSED] - Ön Ek EAR olarak seçilir

2021-11-18 12:18:56 - [TEST_STEP][PASSED] - Tasarım alanından Otomasyon seçilir: Tasarım alanından Otomasyon seçilir

2021-11-18 12:18:56 - [MESSAGE][PASSED] - Tasarım alanından Otomasyon seçilir

2021-11-18 12:18:56 - [TEST_STEP][PASSED] - Sipariş bilgileri UUC-SAT-1200001 ve 31.04.2020 olarak girilir: Sipariş bilgileri UUC-SAT-1200001 ve 31.04.2020 olarak girilir

2021-11-18 12:18:56 - [MESSAGE][PASSED] - Sipariş bilgileri UUC-SAT-1200001 ve 31.04.2020 olarak girilir

2021-11-18 12:18:56 - [TEST_STEP][PASSED] - İrsaliye Bilgileri AAAAAAAAAA,31.04.2020 olarak girilir: İrsaliye Bilgileri AAAAAAAAAA,31.04.2020 olarak girilir

2021-11-18 12:18:56 - [MESSAGE][PASSED] - İrsaliye Bilgileri AAAAAAAAAA,31.04.2020 olarak girilir

2021-11-18 12:18:56 - [TEST_STEP][PASSED] - Ekle butonuna basılır: Ekle butonuna basılır

2021-11-18 12:18:56 - [MESSAGE][PASSED] - Ekle butonuna basılır

2021-11-18 12:18:56 - [TEST_STEP][PASSED] - Ürün ekleme alanında Mal/Hizmet başlığına Otomasyon girilir: Ürün ekleme alanında Mal/Hizmet başlığına Otomasyon girilir

2021-11-18 12:18:56 - [MESSAGE][PASSED] - Ürün ekleme alanında Mal/Hizmet başlığına Otomasyon girilir

2021-11-18 12:18:56 - [TEST_STEP][PASSED] - Ürün ekleme alanında Açıklaması başlığına Virgosol girilir: Ürün ekleme alanında Açıklaması başlığına Virgosol girilir

2021-11-18 12:18:56 - [MESSAGE][PASSED] - Ürün ekleme alanında Açıklaması başlığına Virgosol girilir

2021-11-18 12:18:56 - [TEST_STEP][PASSED] - Ürün ekleme alanında Miktarı başlığına 400 girilir: Ürün ekleme alanında Miktarı başlığına 400 girilir

2021-11-18 12:18:56 - [MESSAGE][PASSED] - Ürün ekleme alanında Miktarı başlığına 400 girilir

2021-11-18 12:18:56 - [TEST_STEP][PASSED] - Ürün ekleme alanında Birim Fiyat başlığına 100 girilir: Ürün ekleme alanında Birim Fiyat başlığına 100 girilir

2021-11-18 12:18:56 - [MESSAGE][PASSED] - Ürün ekleme alanında Birim Fiyat başlığına 100 girilir

2021-11-18 12:18:56 - [TEST_STEP][PASSED] - Ürün ekleme alanında İskonto Oranı % başlığına 10 girilir: Ürün ekleme alanında İskonto Oranı % başlığına 10 girilir

2021-11-18 12:18:56 - [MESSAGE][PASSED] - Ürün ekleme alanında İskonto Oranı % başlığına 10 girilir

2021-11-18 12:18:56 - [TEST_STEP][PASSED] - Notlar alanına Otomasyon Not girilir: Notlar alanına Otomasyon Not girilir

2021-11-18 12:18:56 - [MESSAGE][PASSED] - Notlar alanına Otomasyon Not girilir

2021-11-18 12:18:56 - [TEST_STEP][PASSED] - Ettn bilgisi kayıt edilir: Ettn bilgisi kayıt edilir

2021-11-18 12:18:56 - [MESSAGE][PASSED] - Ettn bilgisi kayıt edilir

2021-11-18 12:18:56 - [TEST_STEP][PASSED] - Kaydet butonu seçilir: Kaydet butonu seçilir

2021-11-18 12:18:56 - [MESSAGE][PASSED] - Kaydet butonu seçilir

2021-11-18 12:18:56 - [TEST_STEP][PASSED] - Tabloda Ettn bilgisi kaydedilen veri oluşturuldu mu: Tabloda Ettn bilgisi kaydedilen veri oluşturuldu mu

2021-11-18 12:18:56 - [MESSAGE][PASSED] - Tabloda Ettn bilgisi kaydedilen veri oluşturuldu mu

2021-11-18 12:18:56 - [TEST_STEP][PASSED] - Tablodan Ettn bilgisi kaydedilen veri seçilir: Tablodan Ettn bilgisi kaydedilen veri seçilir

2021-11-18 12:18:56 - [MESSAGE][PASSED] - Tablodan Ettn bilgisi kaydedilen veri seçilir

2021-11-18 12:18:56 - [TEST_STEP][PASSED] - Butonlardan Numara Oluştur isimli butona tıklanır: Butonlardan Numara Oluştur isimli butona tıklanır

2021-11-18 12:18:56 - [MESSAGE][PASSED] - Butonlardan Numara Oluştur isimli butona tıklanır

2021-11-18 12:18:56 - [TEST_STEP][PASSED] - Popup mesajı Devam etmek istiyor musunuz içeriyor mu: Popup mesajı Devam etmek istiyor musunuz içeriyor mu

2021-11-18 12:18:56 - [MESSAGE][PASSED] - Popup mesajı Devam etmek istiyor musunuz içeriyor mu

2021-11-18 12:18:56 - [TEST_STEP][PASSED] - Yönetim popupında Evet seçilir: Yönetim popupında Evet seçilir

2021-11-18 12:18:56 - [MESSAGE][PASSED] - Yönetim popupında Evet seçilir

2021-11-18 12:18:56 - [TEST_STEP][PASSED] - Popup mesajı oluşmuştur içeriyor mu: Popup mesajı oluşmuştur içeriyor mu

2021-11-18 12:18:56 - [MESSAGE][PASSED] - Popup mesajı oluşmuştur içeriyor mu

2021-11-18 12:18:56 - [TEST_STEP][PASSED] - Yönetim popupında Tamam seçilir: Yönetim popupında Tamam seçilir

2021-11-18 12:18:56 - [MESSAGE][PASSED] - Yönetim popupında Tamam seçilir

2021-11-18 12:18:56 - [TEST_STEP][PASSED] - Tablodan Ettn bilgisi kaydedilen veri seçilir: Tablodan Ettn bilgisi kaydedilen veri seçilir

2021-11-18 12:18:56 - [MESSAGE][PASSED] - Tablodan Ettn bilgisi kaydedilen veri seçilir

2021-11-18 12:18:56 - [TEST_STEP][PASSED] - Butonlardan Gönder isimli butona tıklanır: Butonlardan Gönder isimli butona tıklanır

2021-11-18 12:18:56 - [MESSAGE][PASSED] - Butonlardan Gönder isimli butona tıklanır

2021-11-18 12:18:56 - [TEST_STEP][PASSED] - Popup mesajı Devam etmek istiyor musunuz içeriyor mu: Popup mesajı Devam etmek istiyor musunuz içeriyor mu

2021-11-18 12:18:56 - [MESSAGE][PASSED] - Popup mesajı Devam etmek istiyor musunuz içeriyor mu

2021-11-18 12:18:56 - [TEST_STEP][PASSED] - Yönetim popupında Evet seçilir: Yönetim popupında Evet seçilir

2021-11-18 12:18:56 - [MESSAGE][PASSED] - Yönetim popupında Evet seçilir

2021-11-18 12:18:56 - [TEST_STEP][PASSED] - Ana menüden e-Arşiv seçilir: Ana menüden e-Arşiv seçilir

2021-11-18 12:18:56 - [MESSAGE][PASSED] - Ana menüden e-Arşiv seçilir

2021-11-18 12:18:56 - [TEST_STEP][PASSED] - Alt menü e-Arşiv Hareketleri başlığı altındaki e-Arşiv Faturaları seçilir: Alt menü e-Arşiv Hareketleri başlığı altındaki e-Arşiv Faturaları seçilir

2021-11-18 12:18:56 - [MESSAGE][PASSED] - Alt menü e-Arşiv Hareketleri başlığı altındaki e-Arşiv Faturaları seçilir

2021-11-18 12:18:56 - [TEST_STEP][PASSED] - Filtrelerden Ettn filtresine Ettn bilgisi yaz: Filtrelerden Ettn filtresine Ettn bilgisi yaz

2021-11-18 12:18:56 - [MESSAGE][PASSED] - Filtrelerden Ettn filtresine Ettn bilgisi yaz

2021-11-18 12:18:56 - [TEST_STEP][PASSED] - Filtre butonlarından Listele seçilir: Filtre butonlarından Listele seçilir

2021-11-18 12:18:56 - [MESSAGE][PASSED] - Filtre butonlarından Listele seçilir

2021-11-18 12:18:56 - [TEST_STEP][PASSED] - Tabloda veri var mı kontrol edilir: Tabloda veri var mı kontrol edilir

2021-11-18 12:18:56 - [MESSAGE][PASSED] - Tabloda veri var mı kontrol edilir

2021-11-18 12:18:56 - [TEST_STEP][PASSED] - Tabloda yeni oluşturulan eArsiv verisi başarılı mı: Tabloda yeni oluşturulan eArsiv verisi başarılı mı

2021-11-18 12:18:56 - [MESSAGE][PASSED] - Tabloda yeni oluşturulan eArsiv verisi başarılı mı

2021-11-18 12:18:56 - [TEST_STEP][PASSED] - Kullanıcı işlemlerinden Çıkış seçilir: Kullanıcı işlemlerinden Çıkış seçilir

2021-11-18 12:18:56 - [MESSAGE][PASSED] - Kullanıcı işlemlerinden Çıkış seçilir

2021-11-18 12:18:56 - [MESSAGE][PASSED] - Feature file: 'Include/features/Regresyon/e-Arsiv/VKN-Kagit-Ihrac Kayitli.feature' was passed

2021-11-18 12:18:56 - [TEST_STEP][PASSED] - Start listener action : sampleAfterTestSuite: Invoke 'com.kms.katalon.core.annotation.AfterTestCase' method: 'Listener.sampleAfterTestSuite(...)' completed.

2021-11-18 12:18:56 - [MESSAGE][INFO] - Starting invoke 'com.kms.katalon.core.annotation.AfterTestCase' method: 'Listener.sampleAfterTestSuite(...)'

2021-11-18 12:18:56 - [TEST_STEP][PASSED] - closeBrowser(): Invoke 'com.kms.katalon.core.annotation.AfterTestCase' method: 'Listener.sampleAfterTestSuite(...)' completed.

2021-11-18 12:18:56 - [MESSAGE][INFO] - Closing browser

2021-11-18 12:18:56 - [MESSAGE][PASSED] - Browser is closed

2021-11-18 12:18:56 - [MESSAGE][INFO] - Invoke 'com.kms.katalon.core.annotation.AfterTestCase' method: 'Listener.sampleAfterTestSuite(...)' completed.]]></system-out>
         <system-err><![CDATA[]]></system-err>
      </testcase>
      <testcase name="Test Cases/Case Repository/Regresyon/e-Arsiv/VKN-Kagit-Istisna" time="101.138" classname="Test Cases/Case Repository/Regresyon/e-Arsiv/VKN-Kagit-Istisna" status="PASSED">
         <system-out><![CDATA[2021-11-18 12:18:57 - [TEST_CASE][PASSED] - Test Cases/Case Repository/Regresyon/e-Arsiv/VKN-Kagit-Istisna: Test Cases/Case Repository/Regresyon/e-Arsiv/VKN-Kagit-Istisna

2021-11-18 12:18:57 - [TEST_STEP][PASSED] - Start listener action : sampleBeforeTestSuite: Invoke 'com.kms.katalon.core.annotation.BeforeTestCase' method: 'Listener.sampleBeforeTestSuite(...)' completed.

2021-11-18 12:18:57 - [MESSAGE][INFO] - Starting invoke 'com.kms.katalon.core.annotation.BeforeTestCase' method: 'Listener.sampleBeforeTestSuite(...)'

2021-11-18 12:18:57 - [TEST_STEP][PASSED] - openBrowser(baseUrl): Browser is opened with url: 'https://efatura-stage.elogo.com.tr/'

2021-11-18 12:18:57 - [MESSAGE][INFO] - Opening browser

2021-11-18 12:18:57 - [MESSAGE][INFO] - Starting 'Chrome' driver

2021-11-18 12:18:57 - [MESSAGE][INFO] - User set preference: ['prefs', '{download.default_directory=C:\otomasyondownfiles}']

2021-11-18 12:18:57 - [MESSAGE][INFO] - Action delay is set to 0 milliseconds

2021-11-18 12:18:58 - [MESSAGE][INFO] - Navigating browser to: 'https://efatura-stage.elogo.com.tr/'

2021-11-18 12:19:00 - [MESSAGE][PASSED] - Browser is opened with url: 'https://efatura-stage.elogo.com.tr/'

2021-11-18 12:19:00 - [TEST_STEP][PASSED] - maximizeWindow(): Invoke 'com.kms.katalon.core.annotation.BeforeTestCase' method: 'Listener.sampleBeforeTestSuite(...)' completed.

2021-11-18 12:19:00 - [MESSAGE][INFO] - Maximizing current window

2021-11-18 12:19:00 - [MESSAGE][PASSED] - Current window maximized

2021-11-18 12:19:00 - [MESSAGE][INFO] - Invoke 'com.kms.katalon.core.annotation.BeforeTestCase' method: 'Listener.sampleBeforeTestSuite(...)' completed.

2021-11-18 12:19:00 - [TEST_STEP][PASSED] - runFeatureFile("Include/features/Regresyon/e-Arsiv/VKN-Kagit-Istisna.feature"): Feature file: 'Include/features/Regresyon/e-Arsiv/VKN-Kagit-Istisna.feature' was passed

2021-11-18 12:19:00 - [MESSAGE][INFO] - Starting run keyword runFeatureFile: 'Include/features/Regresyon/e-Arsiv/VKN-Kagit-Istisna.feature' and extract report to folder: 'C:\Users\DELL\Documents\GitHub\EES_KatalonLogo\Reports\20211118_114904\Suite Repository\Regresyon-eArsiv-eMakbuz\20211118_114904/cucumber_report/1637227140597'...

2021-11-18 12:19:00 - [MESSAGE][INFO] - Glue: []

2021-11-18 12:19:01 - [MESSAGE][INFO] - Checking called Test Case

2021-11-18 12:19:01 - [MESSAGE][INFO] - Starting to call Test Case 'Test Cases/Sayfalar/Giris_Sayfasi/Login'

2021-11-18 12:19:01 - [TEST_CASE][PASSED] - Test Cases/Sayfalar/Giris_Sayfasi/Login: Test Cases/Sayfalar/Giris_Sayfasi/Login

2021-11-18 12:19:01 - [TEST_STEP][PASSED] - Sayfa_Basligi = getWindowTitle(): Current window's title is: 'LOGO e-Fatura'

2021-11-18 12:19:01 - [MESSAGE][INFO] - Getting current window's title

2021-11-18 12:19:01 - [MESSAGE][PASSED] - Current window's title is: 'LOGO e-Fatura'

2021-11-18 12:19:01 - [TEST_STEP][PASSED] - verifyMatch(Sayfa_Basligi, "LOGO e-Fatura", false): Actual text 'LOGO e-Fatura' and expected text 'LOGO e-Fatura' are matched 

2021-11-18 12:19:01 - [MESSAGE][INFO] - Matching actual text 'LOGO e-Fatura' with expected text 'LOGO e-Fatura'

2021-11-18 12:19:01 - [MESSAGE][PASSED] - Actual text 'LOGO e-Fatura' and expected text 'LOGO e-Fatura' are matched 

2021-11-18 12:19:01 - [TEST_STEP][PASSED] - sendKeys(findTestObject("Sayfalar/Giris_Sayfasi/Firma_Kodu"), KullaniciAdi): Keys 'EARISTISNA' sent to object: 'Object Repository/Sayfalar/Giris_Sayfasi/Firma_Kodu'

2021-11-18 12:19:01 - [MESSAGE][INFO] - Finding Test Object 'Object Repository/Sayfalar/Giris_Sayfasi/Firma_Kodu'

2021-11-18 12:19:01 - [MESSAGE][INFO] - Sending keys 'EARISTISNA' to object: 'Object Repository/Sayfalar/Giris_Sayfasi/Firma_Kodu'

2021-11-18 12:19:01 - [MESSAGE][INFO] - Finding web element from Test Object's properties

2021-11-18 12:19:01 - [MESSAGE][INFO] - Checking timeout

2021-11-18 12:19:01 - [MESSAGE][INFO] - Finding web element with id: 'Object Repository/Sayfalar/Giris_Sayfasi/Firma_Kodu' located by 'By.xpath: //*[@id = 'AccountName']' in '30' second(s)

2021-11-18 12:19:01 - [MESSAGE][INFO] - Smart Wait Function is triggered

2021-11-18 12:19:02 - [MESSAGE][INFO] - Found 1 web elements with id: 'Object Repository/Sayfalar/Giris_Sayfasi/Firma_Kodu' located by 'By.xpath: //*[@id = 'AccountName']' in '30' second(s)

2021-11-18 12:19:02 - [MESSAGE][PASSED] - Keys 'EARISTISNA' sent to object: 'Object Repository/Sayfalar/Giris_Sayfasi/Firma_Kodu'

2021-11-18 12:19:02 - [TEST_STEP][PASSED] - sendKeys(findTestObject("Sayfalar/Giris_Sayfasi/Sifre"), Sifre): Keys 'test1234' sent to object: 'Object Repository/Sayfalar/Giris_Sayfasi/Sifre'

2021-11-18 12:19:02 - [MESSAGE][INFO] - Finding Test Object 'Object Repository/Sayfalar/Giris_Sayfasi/Sifre'

2021-11-18 12:19:02 - [MESSAGE][INFO] - Sending keys 'test1234' to object: 'Object Repository/Sayfalar/Giris_Sayfasi/Sifre'

2021-11-18 12:19:02 - [MESSAGE][INFO] - Finding web element from Test Object's properties

2021-11-18 12:19:02 - [MESSAGE][INFO] - Checking timeout

2021-11-18 12:19:02 - [MESSAGE][INFO] - Finding web element with id: 'Object Repository/Sayfalar/Giris_Sayfasi/Sifre' located by 'By.xpath: //*[@id = 'Password']' in '30' second(s)

2021-11-18 12:19:02 - [MESSAGE][INFO] - Smart Wait Function is triggered

2021-11-18 12:19:02 - [MESSAGE][INFO] - Found 1 web elements with id: 'Object Repository/Sayfalar/Giris_Sayfasi/Sifre' located by 'By.xpath: //*[@id = 'Password']' in '30' second(s)

2021-11-18 12:19:02 - [MESSAGE][PASSED] - Keys 'test1234' sent to object: 'Object Repository/Sayfalar/Giris_Sayfasi/Sifre'

2021-11-18 12:19:02 - [TEST_STEP][PASSED] - findWebElement(findTestObject("Sayfalar/Giris_Sayfasi/Giris_Butonu")).click(): Found 1 web elements with id: 'Object Repository/Sayfalar/Giris_Sayfasi/Giris_Butonu' located by 'By.cssSelector: #btnLogin' in '30' second(s)

2021-11-18 12:19:02 - [MESSAGE][INFO] - Finding Test Object 'Object Repository/Sayfalar/Giris_Sayfasi/Giris_Butonu'

2021-11-18 12:19:02 - [MESSAGE][INFO] - Finding web element from Test Object's properties

2021-11-18 12:19:02 - [MESSAGE][INFO] - Checking timeout

2021-11-18 12:19:02 - [MESSAGE][INFO] - Finding web element with id: 'Object Repository/Sayfalar/Giris_Sayfasi/Giris_Butonu' located by 'By.cssSelector: #btnLogin' in '30' second(s)

2021-11-18 12:19:02 - [MESSAGE][INFO] - Smart Wait Function is triggered

2021-11-18 12:19:02 - [MESSAGE][INFO] - Found 1 web elements with id: 'Object Repository/Sayfalar/Giris_Sayfasi/Giris_Butonu' located by 'By.cssSelector: #btnLogin' in '30' second(s)

2021-11-18 12:19:04 - [TEST_STEP][PASSED] - if (verifyElementPresent(findTestObject("Object Repository/Sayfalar/Giris_Sayfasi/RetveTamam_Butonu"), 5, OPTIONAL)): null

2021-11-18 12:19:04 - [MESSAGE][INFO] - Finding Test Object 'Object Repository/Sayfalar/Giris_Sayfasi/RetveTamam_Butonu'

2021-11-18 12:19:04 - [MESSAGE][INFO] - Checking object

2021-11-18 12:19:04 - [MESSAGE][INFO] - Finding web element from Test Object's properties

2021-11-18 12:19:04 - [MESSAGE][INFO] - Checking timeout

2021-11-18 12:19:04 - [MESSAGE][INFO] - Finding web element with id: 'Object Repository/Sayfalar/Giris_Sayfasi/RetveTamam_Butonu' located by 'By.xpath: //*[@class = 'btn btn-default']' in '5' second(s)

2021-11-18 12:19:04 - [MESSAGE][INFO] - Smart Wait Function is triggered

2021-11-18 12:19:04 - [MESSAGE][INFO] - Found 1 web elements with id: 'Object Repository/Sayfalar/Giris_Sayfasi/RetveTamam_Butonu' located by 'By.xpath: //*[@class = 'btn btn-default']' in '5' second(s)

2021-11-18 12:19:04 - [MESSAGE][PASSED] - Object 'Object Repository/Sayfalar/Giris_Sayfasi/RetveTamam_Butonu' is present

2021-11-18 12:19:04 - [TEST_STEP][PASSED] - click(findTestObject("Object Repository/Sayfalar/Giris_Sayfasi/RetveTamam_Butonu")): Object: 'Object Repository/Sayfalar/Giris_Sayfasi/RetveTamam_Butonu' is clicked on

2021-11-18 12:19:04 - [MESSAGE][INFO] - Finding Test Object 'Object Repository/Sayfalar/Giris_Sayfasi/RetveTamam_Butonu'

2021-11-18 12:19:04 - [MESSAGE][INFO] - Checking object

2021-11-18 12:19:04 - [MESSAGE][INFO] - Finding web element from Test Object's properties

2021-11-18 12:19:04 - [MESSAGE][INFO] - Checking timeout

2021-11-18 12:19:04 - [MESSAGE][INFO] - Finding web element with id: 'Object Repository/Sayfalar/Giris_Sayfasi/RetveTamam_Butonu' located by 'By.xpath: //*[@class = 'btn btn-default']' in '30' second(s)

2021-11-18 12:19:04 - [MESSAGE][INFO] - Smart Wait Function is triggered

2021-11-18 12:19:04 - [MESSAGE][INFO] - Found 1 web elements with id: 'Object Repository/Sayfalar/Giris_Sayfasi/RetveTamam_Butonu' located by 'By.xpath: //*[@class = 'btn btn-default']' in '30' second(s)

2021-11-18 12:19:04 - [MESSAGE][INFO] - Clicking on object: 'Object Repository/Sayfalar/Giris_Sayfasi/RetveTamam_Butonu'

2021-11-18 12:19:04 - [MESSAGE][PASSED] - Object: 'Object Repository/Sayfalar/Giris_Sayfasi/RetveTamam_Butonu' is clicked on

2021-11-18 12:19:04 - [TEST_STEP][PASSED] - click(findTestObject("Object Repository/Sayfalar/Giris_Sayfasi/RetveTamam_Butonu")): Object: 'Object Repository/Sayfalar/Giris_Sayfasi/RetveTamam_Butonu' is clicked on

2021-11-18 12:19:04 - [MESSAGE][INFO] - Finding Test Object 'Object Repository/Sayfalar/Giris_Sayfasi/RetveTamam_Butonu'

2021-11-18 12:19:04 - [MESSAGE][INFO] - Checking object

2021-11-18 12:19:04 - [MESSAGE][INFO] - Finding web element from Test Object's properties

2021-11-18 12:19:04 - [MESSAGE][INFO] - Checking timeout

2021-11-18 12:19:04 - [MESSAGE][INFO] - Finding web element with id: 'Object Repository/Sayfalar/Giris_Sayfasi/RetveTamam_Butonu' located by 'By.xpath: //*[@class = 'btn btn-default']' in '30' second(s)

2021-11-18 12:19:04 - [MESSAGE][INFO] - Smart Wait Function is triggered

2021-11-18 12:19:09 - [MESSAGE][INFO] - Found 1 web elements with id: 'Object Repository/Sayfalar/Giris_Sayfasi/RetveTamam_Butonu' located by 'By.xpath: //*[@class = 'btn btn-default']' in '30' second(s)

2021-11-18 12:19:09 - [MESSAGE][INFO] - Clicking on object: 'Object Repository/Sayfalar/Giris_Sayfasi/RetveTamam_Butonu'

2021-11-18 12:19:09 - [MESSAGE][PASSED] - Object: 'Object Repository/Sayfalar/Giris_Sayfasi/RetveTamam_Butonu' is clicked on

2021-11-18 12:19:09 - [TEST_STEP][PASSED] - if (verifyElementPresent(findTestObject("Sayfalar/Giris_Sayfasi/PopupOK"), 5, OPTIONAL)): com.kms.katalon.core.webui.exception.WebElementNotFoundException: Web element with id: 'Object Repository/Sayfalar/Giris_Sayfasi/PopupOK' located by '.btn.btn-success' not found (Root cause: com.kms.katalon.core.exception.StepFailedException: com.kms.katalon.core.webui.exception.WebElementNotFoundException: Web element with id: 'Object Repository/Sayfalar/Giris_Sayfasi/PopupOK' located by '.btn.btn-success' not found
	at com.kms.katalon.core.webui.keyword.internal.WebUIKeywordMain.stepFailed(WebUIKeywordMain.groovy:64)
	at com.kms.katalon.core.webui.keyword.builtin.VerifyElementPresentKeyword$_verifyElementPresent_closure1.doCall(VerifyElementPresentKeyword.groovy:85)
	at com.kms.katalon.core.webui.keyword.builtin.VerifyElementPresentKeyword$_verifyElementPresent_closure1.call(VerifyElementPresentKeyword.groovy)
	at com.kms.katalon.core.webui.keyword.internal.WebUIKeywordMain.runKeyword(WebUIKeywordMain.groovy:20)
	at com.kms.katalon.core.webui.keyword.builtin.VerifyElementPresentKeyword.verifyElementPresent(VerifyElementPresentKeyword.groovy:92)
	at com.kms.katalon.core.webui.keyword.builtin.VerifyElementPresentKeyword.execute(VerifyElementPresentKeyword.groovy:68)
	at com.kms.katalon.core.keyword.internal.KeywordExecutor.executeKeywordForPlatform(KeywordExecutor.groovy:73)
	at com.kms.katalon.core.webui.keyword.WebUiBuiltInKeywords.verifyElementPresent(WebUiBuiltInKeywords.groovy:1448)
	at com.kms.katalon.core.webui.keyword.WebUiBuiltInKeywords$verifyElementPresent$4.call(Unknown Source)
	at Login.run(Login:40)
	at com.kms.katalon.core.main.ScriptEngine.run(ScriptEngine.java:194)
	at com.kms.katalon.core.main.ScriptEngine.runScriptAsRawText(ScriptEngine.java:119)
	at com.kms.katalon.core.main.TestCaseExecutor.runScript(TestCaseExecutor.java:369)
	at com.kms.katalon.core.main.TestCaseExecutor.doExecute(TestCaseExecutor.java:360)
	at com.kms.katalon.core.main.TestCaseExecutor.processExecutionPhase(TestCaseExecutor.java:339)
	at com.kms.katalon.core.main.TestCaseExecutor.accessMainPhase(TestCaseExecutor.java:331)
	at com.kms.katalon.core.main.TestCaseExecutor.execute(TestCaseExecutor.java:248)
	at com.kms.katalon.core.main.TestCaseMain.runTestCase(TestCaseMain.java:138)
	at com.kms.katalon.core.keyword.builtin.CallTestCaseKeyword$_callTestCase_closure1.doCall(CallTestCaseKeyword.groovy:59)
	at com.kms.katalon.core.keyword.builtin.CallTestCaseKeyword$_callTestCase_closure1.call(CallTestCaseKeyword.groovy)
	at com.kms.katalon.core.keyword.internal.KeywordMain.runKeyword(KeywordMain.groovy:68)
	at com.kms.katalon.core.keyword.builtin.CallTestCaseKeyword.callTestCase(CallTestCaseKeyword.groovy:81)
	at com.kms.katalon.core.keyword.builtin.CallTestCaseKeyword.execute(CallTestCaseKeyword.groovy:44)
	at com.kms.katalon.core.keyword.internal.KeywordExecutor.executeKeywordForPlatform(KeywordExecutor.groovy:73)
	at com.kms.katalon.core.keyword.BuiltinKeywords.callTestCase(BuiltinKeywords.groovy:334)
	at sayfalar.girisSayfasi.login(girisSayfasi.groovy:50)
	at cucumber.runtime.Utils$1.call(Utils.java:26)
	at cucumber.runtime.Timeout.timeout(Timeout.java:16)
	at cucumber.runtime.Utils.invoke(Utils.java:20)
	at cucumber.runtime.java.JavaStepDefinition.execute(JavaStepDefinition.java:49)
	at cucumber.runner.PickleStepDefinitionMatch.runStep(PickleStepDefinitionMatch.java:50)
	at cucumber.runner.TestStep.executeStep(TestStep.java:63)
	at cucumber.runner.TestStep.run(TestStep.java:49)
	at cucumber.runner.PickleStepTestStep.run(PickleStepTestStep.java:43)
	at cucumber.runner.TestCase.run(TestCase.java:44)
	at cucumber.runner.Runner.runPickle(Runner.java:40)
	at cucumber.runtime.Runtime$1.run(Runtime.java:84)
	at cucumber.runtime.Runtime$SameThreadExecutorService.execute(Runtime.java:220)
	at cucumber.runtime.Runtime.run(Runtime.java:81)
	at cucumber.api.cli.Main.run(Main.java:26)
	at cucumber.api.cli.Main$run.call(Unknown Source)
	at com.kms.katalon.core.cucumber.keyword.CucumberBuiltinKeywords$_runFeatureFile_closure1.doCall(CucumberBuiltinKeywords.groovy:106)
	at com.kms.katalon.core.cucumber.keyword.CucumberBuiltinKeywords$_runFeatureFile_closure1.doCall(CucumberBuiltinKeywords.groovy)
	at com.kms.katalon.core.keyword.internal.KeywordMain.runKeyword(KeywordMain.groovy:68)
	at com.kms.katalon.core.keyword.internal.KeywordMain$runKeyword.call(Unknown Source)
	at com.kms.katalon.core.cucumber.keyword.CucumberBuiltinKeywords.runFeatureFile(CucumberBuiltinKeywords.groovy:73)
	at com.kms.katalon.core.cucumber.keyword.CucumberBuiltinKeywords$runFeatureFile$0.callStatic(Unknown Source)
	at com.kms.katalon.core.cucumber.keyword.CucumberBuiltinKeywords.runFeatureFile(CucumberBuiltinKeywords.groovy:246)
	at com.kms.katalon.core.cucumber.keyword.CucumberBuiltinKeywords$runFeatureFile.call(Unknown Source)
	at VKN-Kagit-Istisna.run(VKN-Kagit-Istisna:19)
	at com.kms.katalon.core.main.ScriptEngine.run(ScriptEngine.java:194)
	at com.kms.katalon.core.main.ScriptEngine.runScriptAsRawText(ScriptEngine.java:119)
	at com.kms.katalon.core.main.TestCaseExecutor.runScript(TestCaseExecutor.java:369)
	at com.kms.katalon.core.main.TestCaseExecutor.doExecute(TestCaseExecutor.java:360)
	at com.kms.katalon.core.main.TestCaseExecutor.processExecutionPhase(TestCaseExecutor.java:339)
	at com.kms.katalon.core.main.TestCaseExecutor.accessMainPhase(TestCaseExecutor.java:331)
	at com.kms.katalon.core.main.TestCaseExecutor.execute(TestCaseExecutor.java:248)
	at com.kms.katalon.core.main.TestSuiteExecutor.accessTestCaseMainPhase(TestSuiteExecutor.java:191)
	at com.kms.katalon.core.main.TestSuiteExecutor.accessTestSuiteMainPhase(TestSuiteExecutor.java:140)
	at com.kms.katalon.core.main.TestSuiteExecutor.execute(TestSuiteExecutor.java:89)
	at com.kms.katalon.core.main.TestCaseMain.startTestSuite(TestCaseMain.java:181)
	at com.kms.katalon.core.main.TestCaseMain$startTestSuite$0.call(Unknown Source)
	at TempTestSuite1637225344330.run(TempTestSuite1637225344330.groovy:39)
)

2021-11-18 12:19:09 - [MESSAGE][INFO] - Finding Test Object 'Object Repository/Sayfalar/Giris_Sayfasi/PopupOK'

2021-11-18 12:19:09 - [MESSAGE][INFO] - Checking object

2021-11-18 12:19:09 - [MESSAGE][INFO] - Finding web element from Test Object's properties

2021-11-18 12:19:09 - [MESSAGE][INFO] - Checking timeout

2021-11-18 12:19:09 - [MESSAGE][INFO] - Finding web element with id: 'Object Repository/Sayfalar/Giris_Sayfasi/PopupOK' located by 'By.cssSelector: .btn.btn-success' in '5' second(s)

2021-11-18 12:19:09 - [MESSAGE][INFO] - Smart Wait Function is triggered

2021-11-18 12:19:10 - [MESSAGE][INFO] - Smart Wait Function is triggered

2021-11-18 12:19:10 - [MESSAGE][INFO] - Smart Wait Function is triggered

2021-11-18 12:19:10 - [MESSAGE][INFO] - Smart Wait Function is triggered

2021-11-18 12:19:10 - [MESSAGE][INFO] - Smart Wait Function is triggered

2021-11-18 12:19:11 - [MESSAGE][INFO] - Smart Wait Function is triggered

2021-11-18 12:19:11 - [MESSAGE][INFO] - Smart Wait Function is triggered

2021-11-18 12:19:11 - [MESSAGE][INFO] - Smart Wait Function is triggered

2021-11-18 12:19:11 - [MESSAGE][INFO] - Smart Wait Function is triggered

2021-11-18 12:19:12 - [MESSAGE][INFO] - Smart Wait Function is triggered

2021-11-18 12:19:12 - [MESSAGE][INFO] - Smart Wait Function is triggered

2021-11-18 12:19:12 - [MESSAGE][INFO] - Smart Wait Function is triggered

2021-11-18 12:19:12 - [MESSAGE][INFO] - Smart Wait Function is triggered

2021-11-18 12:19:13 - [MESSAGE][INFO] - Smart Wait Function is triggered

2021-11-18 12:19:13 - [MESSAGE][INFO] - Smart Wait Function is triggered

2021-11-18 12:19:13 - [MESSAGE][INFO] - Smart Wait Function is triggered

2021-11-18 12:19:14 - [MESSAGE][INFO] - Smart Wait Function is triggered

2021-11-18 12:19:14 - [MESSAGE][INFO] - Smart Wait Function is triggered

2021-11-18 12:19:14 - [MESSAGE][INFO] - Smart Wait Function is triggered

2021-11-18 12:19:14 - [MESSAGE][INFO] - Smart Wait Function is triggered

2021-11-18 12:19:15 - [MESSAGE][INFO] - Smart Wait Function is triggered

2021-11-18 12:19:15 - [MESSAGE][INFO] - Unable to find the element located by 'By.cssSelector: .btn.btn-success'. Please recheck the objects properties to make sure the desired element is located. 

2021-11-18 12:19:15 - [MESSAGE][WARNING] - com.kms.katalon.core.webui.exception.WebElementNotFoundException: Web element with id: 'Object Repository/Sayfalar/Giris_Sayfasi/PopupOK' located by '.btn.btn-success' not found (Root cause: com.kms.katalon.core.exception.StepFailedException: com.kms.katalon.core.webui.exception.WebElementNotFoundException: Web element with id: 'Object Repository/Sayfalar/Giris_Sayfasi/PopupOK' located by '.btn.btn-success' not found
	at com.kms.katalon.core.webui.keyword.internal.WebUIKeywordMain.stepFailed(WebUIKeywordMain.groovy:64)
	at com.kms.katalon.core.webui.keyword.builtin.VerifyElementPresentKeyword$_verifyElementPresent_closure1.doCall(VerifyElementPresentKeyword.groovy:85)
	at com.kms.katalon.core.webui.keyword.builtin.VerifyElementPresentKeyword$_verifyElementPresent_closure1.call(VerifyElementPresentKeyword.groovy)
	at com.kms.katalon.core.webui.keyword.internal.WebUIKeywordMain.runKeyword(WebUIKeywordMain.groovy:20)
	at com.kms.katalon.core.webui.keyword.builtin.VerifyElementPresentKeyword.verifyElementPresent(VerifyElementPresentKeyword.groovy:92)
	at com.kms.katalon.core.webui.keyword.builtin.VerifyElementPresentKeyword.execute(VerifyElementPresentKeyword.groovy:68)
	at com.kms.katalon.core.keyword.internal.KeywordExecutor.executeKeywordForPlatform(KeywordExecutor.groovy:73)
	at com.kms.katalon.core.webui.keyword.WebUiBuiltInKeywords.verifyElementPresent(WebUiBuiltInKeywords.groovy:1448)
	at com.kms.katalon.core.webui.keyword.WebUiBuiltInKeywords$verifyElementPresent$4.call(Unknown Source)
	at Login.run(Login:40)
	at com.kms.katalon.core.main.ScriptEngine.run(ScriptEngine.java:194)
	at com.kms.katalon.core.main.ScriptEngine.runScriptAsRawText(ScriptEngine.java:119)
	at com.kms.katalon.core.main.TestCaseExecutor.runScript(TestCaseExecutor.java:369)
	at com.kms.katalon.core.main.TestCaseExecutor.doExecute(TestCaseExecutor.java:360)
	at com.kms.katalon.core.main.TestCaseExecutor.processExecutionPhase(TestCaseExecutor.java:339)
	at com.kms.katalon.core.main.TestCaseExecutor.accessMainPhase(TestCaseExecutor.java:331)
	at com.kms.katalon.core.main.TestCaseExecutor.execute(TestCaseExecutor.java:248)
	at com.kms.katalon.core.main.TestCaseMain.runTestCase(TestCaseMain.java:138)
	at com.kms.katalon.core.keyword.builtin.CallTestCaseKeyword$_callTestCase_closure1.doCall(CallTestCaseKeyword.groovy:59)
	at com.kms.katalon.core.keyword.builtin.CallTestCaseKeyword$_callTestCase_closure1.call(CallTestCaseKeyword.groovy)
	at com.kms.katalon.core.keyword.internal.KeywordMain.runKeyword(KeywordMain.groovy:68)
	at com.kms.katalon.core.keyword.builtin.CallTestCaseKeyword.callTestCase(CallTestCaseKeyword.groovy:81)
	at com.kms.katalon.core.keyword.builtin.CallTestCaseKeyword.execute(CallTestCaseKeyword.groovy:44)
	at com.kms.katalon.core.keyword.internal.KeywordExecutor.executeKeywordForPlatform(KeywordExecutor.groovy:73)
	at com.kms.katalon.core.keyword.BuiltinKeywords.callTestCase(BuiltinKeywords.groovy:334)
	at sayfalar.girisSayfasi.login(girisSayfasi.groovy:50)
	at cucumber.runtime.Utils$1.call(Utils.java:26)
	at cucumber.runtime.Timeout.timeout(Timeout.java:16)
	at cucumber.runtime.Utils.invoke(Utils.java:20)
	at cucumber.runtime.java.JavaStepDefinition.execute(JavaStepDefinition.java:49)
	at cucumber.runner.PickleStepDefinitionMatch.runStep(PickleStepDefinitionMatch.java:50)
	at cucumber.runner.TestStep.executeStep(TestStep.java:63)
	at cucumber.runner.TestStep.run(TestStep.java:49)
	at cucumber.runner.PickleStepTestStep.run(PickleStepTestStep.java:43)
	at cucumber.runner.TestCase.run(TestCase.java:44)
	at cucumber.runner.Runner.runPickle(Runner.java:40)
	at cucumber.runtime.Runtime$1.run(Runtime.java:84)
	at cucumber.runtime.Runtime$SameThreadExecutorService.execute(Runtime.java:220)
	at cucumber.runtime.Runtime.run(Runtime.java:81)
	at cucumber.api.cli.Main.run(Main.java:26)
	at cucumber.api.cli.Main$run.call(Unknown Source)
	at com.kms.katalon.core.cucumber.keyword.CucumberBuiltinKeywords$_runFeatureFile_closure1.doCall(CucumberBuiltinKeywords.groovy:106)
	at com.kms.katalon.core.cucumber.keyword.CucumberBuiltinKeywords$_runFeatureFile_closure1.doCall(CucumberBuiltinKeywords.groovy)
	at com.kms.katalon.core.keyword.internal.KeywordMain.runKeyword(KeywordMain.groovy:68)
	at com.kms.katalon.core.keyword.internal.KeywordMain$runKeyword.call(Unknown Source)
	at com.kms.katalon.core.cucumber.keyword.CucumberBuiltinKeywords.runFeatureFile(CucumberBuiltinKeywords.groovy:73)
	at com.kms.katalon.core.cucumber.keyword.CucumberBuiltinKeywords$runFeatureFile$0.callStatic(Unknown Source)
	at com.kms.katalon.core.cucumber.keyword.CucumberBuiltinKeywords.runFeatureFile(CucumberBuiltinKeywords.groovy:246)
	at com.kms.katalon.core.cucumber.keyword.CucumberBuiltinKeywords$runFeatureFile.call(Unknown Source)
	at VKN-Kagit-Istisna.run(VKN-Kagit-Istisna:19)
	at com.kms.katalon.core.main.ScriptEngine.run(ScriptEngine.java:194)
	at com.kms.katalon.core.main.ScriptEngine.runScriptAsRawText(ScriptEngine.java:119)
	at com.kms.katalon.core.main.TestCaseExecutor.runScript(TestCaseExecutor.java:369)
	at com.kms.katalon.core.main.TestCaseExecutor.doExecute(TestCaseExecutor.java:360)
	at com.kms.katalon.core.main.TestCaseExecutor.processExecutionPhase(TestCaseExecutor.java:339)
	at com.kms.katalon.core.main.TestCaseExecutor.accessMainPhase(TestCaseExecutor.java:331)
	at com.kms.katalon.core.main.TestCaseExecutor.execute(TestCaseExecutor.java:248)
	at com.kms.katalon.core.main.TestSuiteExecutor.accessTestCaseMainPhase(TestSuiteExecutor.java:191)
	at com.kms.katalon.core.main.TestSuiteExecutor.accessTestSuiteMainPhase(TestSuiteExecutor.java:140)
	at com.kms.katalon.core.main.TestSuiteExecutor.execute(TestSuiteExecutor.java:89)
	at com.kms.katalon.core.main.TestCaseMain.startTestSuite(TestCaseMain.java:181)
	at com.kms.katalon.core.main.TestCaseMain$startTestSuite$0.call(Unknown Source)
	at TempTestSuite1637225344330.run(TempTestSuite1637225344330.groovy:39)
)

2021-11-18 12:19:15 - [TEST_STEP][PASSED] - verifyElementVisible(findTestObject("Object Repository/Kullanici_Islemleri/KullaniciIslemleri")): Object 'Object Repository/Kullanici_Islemleri/KullaniciIslemleri' is visible

2021-11-18 12:19:15 - [MESSAGE][INFO] - Finding Test Object 'Object Repository/Kullanici_Islemleri/KullaniciIslemleri'

2021-11-18 12:19:15 - [MESSAGE][INFO] - Checking object

2021-11-18 12:19:15 - [MESSAGE][INFO] - Finding web element from Test Object's properties

2021-11-18 12:19:15 - [MESSAGE][INFO] - Checking timeout

2021-11-18 12:19:15 - [MESSAGE][INFO] - Finding web element with id: 'Object Repository/Kullanici_Islemleri/KullaniciIslemleri' located by 'By.cssSelector: .dropdown>a>img' in '30' second(s)

2021-11-18 12:19:15 - [MESSAGE][INFO] - Smart Wait Function is triggered

2021-11-18 12:19:15 - [MESSAGE][INFO] - Found 1 web elements with id: 'Object Repository/Kullanici_Islemleri/KullaniciIslemleri' located by 'By.cssSelector: .dropdown>a>img' in '30' second(s)

2021-11-18 12:19:15 - [MESSAGE][PASSED] - Object 'Object Repository/Kullanici_Islemleri/KullaniciIslemleri' is visible

2021-11-18 12:19:15 - [MESSAGE][PASSED] - Call Test Case 'Test Cases/Sayfalar/Giris_Sayfasi/Login' successfully

2021-11-18 12:19:15 - [MESSAGE][INFO] - Checking called Test Case

2021-11-18 12:19:15 - [MESSAGE][INFO] - Starting to call Test Case 'Test Cases/Menu/AnaMenuSecimi'

2021-11-18 12:19:15 - [TEST_CASE][PASSED] - Test Cases/Menu/AnaMenuSecimi: Test Cases/Menu/AnaMenuSecimi

2021-11-18 12:19:15 - [TEST_STEP][PASSED] - Method.TextDegerineEsitElementeTikla(findTestObject("Menu/Ana_Menu"), Ana_Menu): Method.TextDegerineEsitElementeTikla is PASSED

2021-11-18 12:19:15 - [MESSAGE][INFO] - Finding Test Object 'Object Repository/Menu/Ana_Menu'

2021-11-18 12:19:15 - [MESSAGE][INFO] - Checking timeout

2021-11-18 12:19:15 - [MESSAGE][INFO] - Finding web element with id: 'Object Repository/Menu/Ana_Menu' located by 'By.xpath: //*[@class = 'dropdown-toggle']' in '10' second(s)

2021-11-18 12:19:15 - [MESSAGE][INFO] - Smart Wait Function is triggered

2021-11-18 12:19:16 - [MESSAGE][INFO] - Found 14 web elements with id: 'Object Repository/Menu/Ana_Menu' located by 'By.xpath: //*[@class = 'dropdown-toggle']' in '10' second(s)

2021-11-18 12:19:16 - [MESSAGE][PASSED] - Method.TextDegerineEsitElementeTikla is PASSED

2021-11-18 12:19:16 - [MESSAGE][PASSED] - Call Test Case 'Test Cases/Menu/AnaMenuSecimi' successfully

2021-11-18 12:19:16 - [MESSAGE][INFO] - Checking called Test Case

2021-11-18 12:19:16 - [MESSAGE][INFO] - Starting to call Test Case 'Test Cases/Menu/BasligaGoreAltMenuSecimi'

2021-11-18 12:19:16 - [TEST_CASE][PASSED] - Test Cases/Menu/BasligaGoreAltMenuSecimi: Test Cases/Menu/BasligaGoreAltMenuSecimi

2021-11-18 12:19:16 - [TEST_STEP][PASSED] - Method.TextDegerineEsitElementinAltindakiTextDegerineEsitOlanaTikla(findTestObject("Menu/Menu_Basligi"), findTestObject("Menu/Basliga_Gore_Alt_Menu"), Baslik, Alt_Menu): Method.TextDegerineEsitElementinAltindakiTextDegerineEsitOlanaTikla is PASSED

2021-11-18 12:19:16 - [MESSAGE][INFO] - Finding Test Object 'Object Repository/Menu/Menu_Basligi'

2021-11-18 12:19:16 - [MESSAGE][INFO] - Finding Test Object 'Object Repository/Menu/Basliga_Gore_Alt_Menu'

2021-11-18 12:19:16 - [MESSAGE][INFO] - Checking timeout

2021-11-18 12:19:16 - [MESSAGE][INFO] - Finding web element with id: 'Object Repository/Menu/Menu_Basligi' located by 'By.xpath: //li[@class='dropdown dropdown-large open']//li[@class='dropdown-header']' in '10' second(s)

2021-11-18 12:19:16 - [MESSAGE][INFO] - Smart Wait Function is triggered

2021-11-18 12:19:16 - [MESSAGE][INFO] - Found 2 web elements with id: 'Object Repository/Menu/Menu_Basligi' located by 'By.xpath: //li[@class='dropdown dropdown-large open']//li[@class='dropdown-header']' in '10' second(s)

2021-11-18 12:19:16 - [MESSAGE][INFO] - Smart Wait Function is triggered

2021-11-18 12:19:20 - [MESSAGE][PASSED] - Method.TextDegerineEsitElementinAltindakiTextDegerineEsitOlanaTikla is PASSED

2021-11-18 12:19:20 - [MESSAGE][PASSED] - Call Test Case 'Test Cases/Menu/BasligaGoreAltMenuSecimi' successfully

2021-11-18 12:19:20 - [MESSAGE][INFO] - Checking called Test Case

2021-11-18 12:19:20 - [MESSAGE][INFO] - Starting to call Test Case 'Test Cases/Tablo/Olusturma Tarihi'

2021-11-18 12:19:20 - [TEST_CASE][PASSED] - Test Cases/Tablo/Olusturma Tarihi: Test Cases/Tablo/Olusturma Tarihi

2021-11-18 12:19:20 - [TEST_STEP][PASSED] - if (verifyTextNotPresent("Görüntülenecek veri yok", true, OPTIONAL)): null

2021-11-18 12:19:20 - [MESSAGE][INFO] - Checking text present  using regular expression

2021-11-18 12:19:20 - [MESSAGE][INFO] - Smart Wait Function is triggered

2021-11-18 12:19:20 - [MESSAGE][INFO] - Finding text 'Görüntülenecek veri yok' on page  using regular expression

2021-11-18 12:19:20 - [MESSAGE][PASSED] - Text 'Görüntülenecek veri yok' is not present on page using regular expression

2021-11-18 12:19:20 - [TEST_STEP][PASSED] - click(findTestObject("Temizle/Olusturma_Tarihi_CheckBox")): Object: 'Object Repository/Temizle/Olusturma_Tarihi_CheckBox' is clicked on

2021-11-18 12:19:20 - [MESSAGE][INFO] - Finding Test Object 'Object Repository/Temizle/Olusturma_Tarihi_CheckBox'

2021-11-18 12:19:20 - [MESSAGE][INFO] - Checking object

2021-11-18 12:19:20 - [MESSAGE][INFO] - Finding web element from Test Object's properties

2021-11-18 12:19:20 - [MESSAGE][INFO] - Checking timeout

2021-11-18 12:19:20 - [MESSAGE][INFO] - Finding web element with id: 'Object Repository/Temizle/Olusturma_Tarihi_CheckBox' located by 'By.xpath: //*[@title = 'Bu sayfadaki tüm satırları Seç']' in '30' second(s)

2021-11-18 12:19:20 - [MESSAGE][INFO] - Smart Wait Function is triggered

2021-11-18 12:19:21 - [MESSAGE][INFO] - Found 1 web elements with id: 'Object Repository/Temizle/Olusturma_Tarihi_CheckBox' located by 'By.xpath: //*[@title = 'Bu sayfadaki tüm satırları Seç']' in '30' second(s)

2021-11-18 12:19:21 - [MESSAGE][INFO] - Clicking on object: 'Object Repository/Temizle/Olusturma_Tarihi_CheckBox'

2021-11-18 12:19:21 - [MESSAGE][PASSED] - Object: 'Object Repository/Temizle/Olusturma_Tarihi_CheckBox' is clicked on

2021-11-18 12:19:21 - [TEST_STEP][PASSED] - Method.TextDegerineEsitElementeTiklaEquals(findTestObject("Butonlar/Butonlar"), "Sil"): Method.TextDegerineEsitElementeTiklaEquals is PASSED

2021-11-18 12:19:21 - [MESSAGE][INFO] - Finding Test Object 'Object Repository/Butonlar/Butonlar'

2021-11-18 12:19:21 - [MESSAGE][INFO] - Checking timeout

2021-11-18 12:19:21 - [MESSAGE][INFO] - Finding web element with id: 'Object Repository/Butonlar/Butonlar' located by 'By.cssSelector: .panel.panel-default.text-center.footerPanel .btn,.btn.btn-primary.btnControls' in '10' second(s)

2021-11-18 12:19:21 - [MESSAGE][INFO] - Smart Wait Function is triggered

2021-11-18 12:19:21 - [MESSAGE][INFO] - Found 9 web elements with id: 'Object Repository/Butonlar/Butonlar' located by 'By.cssSelector: .panel.panel-default.text-center.footerPanel .btn,.btn.btn-primary.btnControls' in '10' second(s)

2021-11-18 12:19:21 - [MESSAGE][PASSED] - Method.TextDegerineEsitElementeTiklaEquals is PASSED

2021-11-18 12:19:21 - [TEST_STEP][PASSED] - Method.TextDegerineEsitElementeTikla(findTestObject("Popup/Popup_Butons"), "Evet"): Method.TextDegerineEsitElementeTikla is PASSED

2021-11-18 12:19:21 - [MESSAGE][INFO] - Finding Test Object 'Object Repository/Popup/Popup_Butons'

2021-11-18 12:19:21 - [MESSAGE][INFO] - Checking timeout

2021-11-18 12:19:21 - [MESSAGE][INFO] - Finding web element with id: 'Object Repository/Popup/Popup_Butons' located by 'By.cssSelector: .modal-footer>button' in '10' second(s)

2021-11-18 12:19:21 - [MESSAGE][INFO] - Smart Wait Function is triggered

2021-11-18 12:19:22 - [MESSAGE][INFO] - Found 2 web elements with id: 'Object Repository/Popup/Popup_Butons' located by 'By.cssSelector: .modal-footer>button' in '10' second(s)

2021-11-18 12:19:22 - [MESSAGE][PASSED] - Method.TextDegerineEsitElementeTikla is PASSED

2021-11-18 12:19:22 - [TEST_STEP][PASSED] - Method.TextDegerineEsitElementeTikla(findTestObject("Popup/Popup_Butons"), "Tamam"): Method.TextDegerineEsitElementeTikla is PASSED

2021-11-18 12:19:22 - [MESSAGE][INFO] - Finding Test Object 'Object Repository/Popup/Popup_Butons'

2021-11-18 12:19:22 - [MESSAGE][INFO] - Checking timeout

2021-11-18 12:19:22 - [MESSAGE][INFO] - Finding web element with id: 'Object Repository/Popup/Popup_Butons' located by 'By.cssSelector: .modal-footer>button' in '10' second(s)

2021-11-18 12:19:22 - [MESSAGE][INFO] - Smart Wait Function is triggered

2021-11-18 12:19:23 - [MESSAGE][INFO] - Found 1 web elements with id: 'Object Repository/Popup/Popup_Butons' located by 'By.cssSelector: .modal-footer>button' in '10' second(s)

2021-11-18 12:19:23 - [MESSAGE][PASSED] - Method.TextDegerineEsitElementeTikla is PASSED

2021-11-18 12:19:23 - [MESSAGE][PASSED] - Call Test Case 'Test Cases/Tablo/Olusturma Tarihi' successfully

2021-11-18 12:19:23 - [MESSAGE][INFO] - Checking called Test Case

2021-11-18 12:19:23 - [MESSAGE][INFO] - Starting to call Test Case 'Test Cases/Butonlar/ButonaTikla'

2021-11-18 12:19:23 - [TEST_CASE][PASSED] - Test Cases/Butonlar/ButonaTikla: Test Cases/Butonlar/ButonaTikla

2021-11-18 12:19:23 - [TEST_STEP][PASSED] - Method.TextDegerineEsitElementeTiklaEquals(findTestObject("Butonlar/Butonlar"), Buton_Adi): Method.TextDegerineEsitElementeTiklaEquals is PASSED

2021-11-18 12:19:23 - [MESSAGE][INFO] - Finding Test Object 'Object Repository/Butonlar/Butonlar'

2021-11-18 12:19:23 - [MESSAGE][INFO] - Checking timeout

2021-11-18 12:19:23 - [MESSAGE][INFO] - Finding web element with id: 'Object Repository/Butonlar/Butonlar' located by 'By.cssSelector: .panel.panel-default.text-center.footerPanel .btn,.btn.btn-primary.btnControls' in '10' second(s)

2021-11-18 12:19:23 - [MESSAGE][INFO] - Smart Wait Function is triggered

2021-11-18 12:19:24 - [MESSAGE][INFO] - Found 9 web elements with id: 'Object Repository/Butonlar/Butonlar' located by 'By.cssSelector: .panel.panel-default.text-center.footerPanel .btn,.btn.btn-primary.btnControls' in '10' second(s)

2021-11-18 12:19:24 - [MESSAGE][PASSED] - Method.TextDegerineEsitElementeTiklaEquals is PASSED

2021-11-18 12:19:24 - [MESSAGE][PASSED] - Call Test Case 'Test Cases/Butonlar/ButonaTikla' successfully

2021-11-18 12:19:24 - [MESSAGE][INFO] - Checking called Test Case

2021-11-18 12:19:24 - [MESSAGE][INFO] - Starting to call Test Case 'Test Cases/Olusturma/Genel/GorselTasarimSayfasıBasligiIceriyorMu'

2021-11-18 12:19:24 - [TEST_CASE][PASSED] - Test Cases/Olusturma/Genel/GorselTasarimSayfasıBasligiIceriyorMu: Test Cases/Olusturma/Genel/GorselTasarimSayfasıBasligiIceriyorMu

2021-11-18 12:19:24 - [TEST_STEP][PASSED] - verifyElementText(findTestObject("Object Repository/Olusturma/Genel/GorselTasarimBaslik"), Baslik): Actual text and expected text of test object 'Object Repository/Olusturma/Genel/GorselTasarimBaslik' are matched.

2021-11-18 12:19:24 - [MESSAGE][INFO] - Finding Test Object 'Object Repository/Olusturma/Genel/GorselTasarimBaslik'

2021-11-18 12:19:24 - [MESSAGE][INFO] - Checking object

2021-11-18 12:19:24 - [MESSAGE][INFO] - Finding web element from Test Object's properties

2021-11-18 12:19:24 - [MESSAGE][INFO] - Checking timeout

2021-11-18 12:19:24 - [MESSAGE][INFO] - Finding web element with id: 'Object Repository/Olusturma/Genel/GorselTasarimBaslik' located by 'By.cssSelector: #flAlici_0>div>span' in '30' second(s)

2021-11-18 12:19:24 - [MESSAGE][INFO] - Smart Wait Function is triggered

2021-11-18 12:19:30 - [MESSAGE][INFO] - Found 1 web elements with id: 'Object Repository/Olusturma/Genel/GorselTasarimBaslik' located by 'By.cssSelector: #flAlici_0>div>span' in '30' second(s)

2021-11-18 12:19:30 - [MESSAGE][PASSED] - Actual text and expected text of test object 'Object Repository/Olusturma/Genel/GorselTasarimBaslik' are matched.

2021-11-18 12:19:30 - [MESSAGE][PASSED] - Call Test Case 'Test Cases/Olusturma/Genel/GorselTasarimSayfasıBasligiIceriyorMu' successfully

2021-11-18 12:19:30 - [MESSAGE][INFO] - Checking called Test Case

2021-11-18 12:19:30 - [MESSAGE][INFO] - Starting to call Test Case 'Test Cases/Olusturma/Genel/AliciSecilir'

2021-11-18 12:19:30 - [TEST_CASE][PASSED] - Test Cases/Olusturma/Genel/AliciSecilir: Test Cases/Olusturma/Genel/AliciSecilir

2021-11-18 12:19:30 - [TEST_STEP][PASSED] - click(findTestObject("Olusturma/Genel/AliciBilgisi/Alici_Ara")): Object: 'Object Repository/Olusturma/Genel/AliciBilgisi/Alici_Ara' is clicked on

2021-11-18 12:19:30 - [MESSAGE][INFO] - Finding Test Object 'Object Repository/Olusturma/Genel/AliciBilgisi/Alici_Ara'

2021-11-18 12:19:30 - [MESSAGE][INFO] - Checking object

2021-11-18 12:19:30 - [MESSAGE][INFO] - Finding web element from Test Object's properties

2021-11-18 12:19:30 - [MESSAGE][INFO] - Checking timeout

2021-11-18 12:19:30 - [MESSAGE][INFO] - Finding web element with id: 'Object Repository/Olusturma/Genel/AliciBilgisi/Alici_Ara' located by 'By.xpath: //td[@id='txtCustomerText_B-1']' in '30' second(s)

2021-11-18 12:19:30 - [MESSAGE][INFO] - Smart Wait Function is triggered

2021-11-18 12:19:30 - [MESSAGE][INFO] - Found 1 web elements with id: 'Object Repository/Olusturma/Genel/AliciBilgisi/Alici_Ara' located by 'By.xpath: //td[@id='txtCustomerText_B-1']' in '30' second(s)

2021-11-18 12:19:30 - [MESSAGE][INFO] - Clicking on object: 'Object Repository/Olusturma/Genel/AliciBilgisi/Alici_Ara'

2021-11-18 12:19:30 - [MESSAGE][PASSED] - Object: 'Object Repository/Olusturma/Genel/AliciBilgisi/Alici_Ara' is clicked on

2021-11-18 12:19:30 - [TEST_STEP][PASSED] - click(findTestObject("Olusturma/Genel/AliciBilgisi/Alici_Bilgisi")): Object: 'Object Repository/Olusturma/Genel/AliciBilgisi/Alici_Bilgisi' is clicked on

2021-11-18 12:19:30 - [MESSAGE][INFO] - Finding Test Object 'Object Repository/Olusturma/Genel/AliciBilgisi/Alici_Bilgisi'

2021-11-18 12:19:30 - [MESSAGE][INFO] - Checking object

2021-11-18 12:19:30 - [MESSAGE][INFO] - Finding web element from Test Object's properties

2021-11-18 12:19:30 - [MESSAGE][INFO] - Checking timeout

2021-11-18 12:19:30 - [MESSAGE][INFO] - Finding web element with id: 'Object Repository/Olusturma/Genel/AliciBilgisi/Alici_Bilgisi' located by 'By.xpath: //iframe[@id='customerselectiframe']' in '30' second(s)

2021-11-18 12:19:30 - [MESSAGE][INFO] - Smart Wait Function is triggered

2021-11-18 12:19:31 - [MESSAGE][INFO] - Found 1 web elements with id: 'Object Repository/Olusturma/Genel/AliciBilgisi/Alici_Bilgisi' located by 'By.xpath: //iframe[@id='customerselectiframe']' in '30' second(s)

2021-11-18 12:19:31 - [MESSAGE][INFO] - Clicking on object: 'Object Repository/Olusturma/Genel/AliciBilgisi/Alici_Bilgisi'

2021-11-18 12:19:31 - [MESSAGE][PASSED] - Object: 'Object Repository/Olusturma/Genel/AliciBilgisi/Alici_Bilgisi' is clicked on

2021-11-18 12:19:31 - [TEST_STEP][PASSED] - setText(findTestObject("Olusturma/Genel/AliciBilgisi/Alici_Gir"), Alici_Adi): Switching to default content

2021-11-18 12:19:31 - [MESSAGE][INFO] - Finding Test Object 'Object Repository/Olusturma/Genel/AliciBilgisi/Alici_Gir'

2021-11-18 12:19:31 - [MESSAGE][INFO] - Finding Test Object 'Object Repository/Olusturma/Genel/AliciBilgisi/Alici_Bilgisi'

2021-11-18 12:19:31 - [MESSAGE][INFO] - Checking object

2021-11-18 12:19:31 - [MESSAGE][INFO] - Checking text

2021-11-18 12:19:31 - [MESSAGE][INFO] - Object: 'Object Repository/Olusturma/Genel/AliciBilgisi/Alici_Gir' has parent object(s)

2021-11-18 12:19:31 - [MESSAGE][INFO] - Switching to iframe: 'Object Repository/Olusturma/Genel/AliciBilgisi/Alici_Bilgisi'

2021-11-18 12:19:31 - [MESSAGE][INFO] - Finding web element from Test Object's properties

2021-11-18 12:19:31 - [MESSAGE][INFO] - Checking timeout

2021-11-18 12:19:31 - [MESSAGE][INFO] - Finding web element with id: 'Object Repository/Olusturma/Genel/AliciBilgisi/Alici_Bilgisi' located by 'By.xpath: //iframe[@id='customerselectiframe']' in '30' second(s)

2021-11-18 12:19:31 - [MESSAGE][INFO] - Smart Wait Function is triggered

2021-11-18 12:19:31 - [MESSAGE][INFO] - Found 1 web elements with id: 'Object Repository/Olusturma/Genel/AliciBilgisi/Alici_Bilgisi' located by 'By.xpath: //iframe[@id='customerselectiframe']' in '30' second(s)

2021-11-18 12:19:31 - [MESSAGE][INFO] - Switched to iframe: 'Object Repository/Olusturma/Genel/AliciBilgisi/Alici_Bilgisi'

2021-11-18 12:19:31 - [MESSAGE][INFO] - Finding web element from Test Object's properties

2021-11-18 12:19:31 - [MESSAGE][INFO] - Checking timeout

2021-11-18 12:19:31 - [MESSAGE][INFO] - Finding web element with id: 'Object Repository/Olusturma/Genel/AliciBilgisi/Alici_Gir' located by 'By.xpath: //input[@id='GridViewCustomer_DXFREditorcol1_I']' in '30' second(s)

2021-11-18 12:19:31 - [MESSAGE][INFO] - Smart Wait Function is triggered

2021-11-18 12:19:31 - [MESSAGE][INFO] - Found 1 web elements with id: 'Object Repository/Olusturma/Genel/AliciBilgisi/Alici_Gir' located by 'By.xpath: //input[@id='GridViewCustomer_DXFREditorcol1_I']' in '30' second(s)

2021-11-18 12:19:31 - [MESSAGE][INFO] - Clearing text of object 'Object Repository/Olusturma/Genel/AliciBilgisi/Alici_Gir'

2021-11-18 12:19:31 - [MESSAGE][INFO] - Finding web element from Test Object's properties

2021-11-18 12:19:31 - [MESSAGE][INFO] - Checking timeout

2021-11-18 12:19:31 - [MESSAGE][INFO] - Finding web element with id: 'Object Repository/Olusturma/Genel/AliciBilgisi/Alici_Gir' located by 'By.xpath: //input[@id='GridViewCustomer_DXFREditorcol1_I']' in '30' second(s)

2021-11-18 12:19:31 - [MESSAGE][INFO] - Smart Wait Function is triggered

2021-11-18 12:19:31 - [MESSAGE][INFO] - Found 1 web elements with id: 'Object Repository/Olusturma/Genel/AliciBilgisi/Alici_Gir' located by 'By.xpath: //input[@id='GridViewCustomer_DXFREditorcol1_I']' in '30' second(s)

2021-11-18 12:19:31 - [MESSAGE][INFO] - Setting text of object 'Object Repository/Olusturma/Genel/AliciBilgisi/Alici_Gir' to value 'UC0013'

2021-11-18 12:19:31 - [MESSAGE][PASSED] - Text 'UC0013' is set on object 'Object Repository/Olusturma/Genel/AliciBilgisi/Alici_Gir'

2021-11-18 12:19:31 - [MESSAGE][INFO] - Switching to default content

2021-11-18 12:19:31 - [TEST_STEP][PASSED] - waitForElementClickable(findTestObject("Olusturma/Genel/AliciBilgisi/Alici_Adi"), 10): Switching to default content

2021-11-18 12:19:31 - [MESSAGE][INFO] - Finding Test Object 'Object Repository/Olusturma/Genel/AliciBilgisi/Alici_Adi'

2021-11-18 12:19:31 - [MESSAGE][INFO] - Finding Test Object 'Object Repository/Olusturma/Genel/AliciBilgisi/iframe_Alc Bilgisi_customerselectiframe'

2021-11-18 12:19:31 - [MESSAGE][INFO] - Checking object

2021-11-18 12:19:31 - [MESSAGE][INFO] - Checking timeout

2021-11-18 12:19:31 - [MESSAGE][INFO] - Object: 'Object Repository/Olusturma/Genel/AliciBilgisi/Alici_Adi' has parent object(s)

2021-11-18 12:19:31 - [MESSAGE][INFO] - Switching to iframe: 'Object Repository/Olusturma/Genel/AliciBilgisi/iframe_Alc Bilgisi_customerselectiframe'

2021-11-18 12:19:31 - [MESSAGE][INFO] - Finding web element from Test Object's properties

2021-11-18 12:19:31 - [MESSAGE][INFO] - Checking timeout

2021-11-18 12:19:31 - [MESSAGE][INFO] - Finding web element with id: 'Object Repository/Olusturma/Genel/AliciBilgisi/iframe_Alc Bilgisi_customerselectiframe' located by 'By.xpath: //iframe[@id='customerselectiframe']' in '10' second(s)

2021-11-18 12:19:31 - [MESSAGE][INFO] - Smart Wait Function is triggered

2021-11-18 12:19:32 - [MESSAGE][INFO] - Found 1 web elements with id: 'Object Repository/Olusturma/Genel/AliciBilgisi/iframe_Alc Bilgisi_customerselectiframe' located by 'By.xpath: //iframe[@id='customerselectiframe']' in '10' second(s)

2021-11-18 12:19:32 - [MESSAGE][INFO] - Switched to iframe: 'Object Repository/Olusturma/Genel/AliciBilgisi/iframe_Alc Bilgisi_customerselectiframe'

2021-11-18 12:19:32 - [MESSAGE][INFO] - Finding web element from Test Object's properties

2021-11-18 12:19:32 - [MESSAGE][INFO] - Checking timeout

2021-11-18 12:19:32 - [MESSAGE][INFO] - Finding web element with id: 'Object Repository/Olusturma/Genel/AliciBilgisi/Alici_Adi' located by 'By.xpath: //tr[@id='GridViewCustomer_DXDataRow0']/td[2]' in '10' second(s)

2021-11-18 12:19:32 - [MESSAGE][INFO] - Smart Wait Function is triggered

2021-11-18 12:19:32 - [MESSAGE][INFO] - Found 1 web elements with id: 'Object Repository/Olusturma/Genel/AliciBilgisi/Alici_Adi' located by 'By.xpath: //tr[@id='GridViewCustomer_DXDataRow0']/td[2]' in '10' second(s)

2021-11-18 12:19:32 - [MESSAGE][PASSED] - Object 'Object Repository/Olusturma/Genel/AliciBilgisi/Alici_Adi' is clickable

2021-11-18 12:19:32 - [MESSAGE][INFO] - Switching to default content

2021-11-18 12:19:32 - [TEST_STEP][PASSED] - click(findTestObject("Olusturma/Genel/AliciBilgisi/frame")): Switching to default content

2021-11-18 12:19:32 - [MESSAGE][INFO] - Finding Test Object 'Object Repository/Olusturma/Genel/AliciBilgisi/frame'

2021-11-18 12:19:32 - [MESSAGE][INFO] - Finding Test Object 'Object Repository/Olusturma/Genel/AliciBilgisi/iframe_Alc Bilgisi_customerselectiframe'

2021-11-18 12:19:32 - [MESSAGE][INFO] - Checking object

2021-11-18 12:19:32 - [MESSAGE][INFO] - Object: 'Object Repository/Olusturma/Genel/AliciBilgisi/frame' has parent object(s)

2021-11-18 12:19:32 - [MESSAGE][INFO] - Switching to iframe: 'Object Repository/Olusturma/Genel/AliciBilgisi/iframe_Alc Bilgisi_customerselectiframe'

2021-11-18 12:19:32 - [MESSAGE][INFO] - Finding web element from Test Object's properties

2021-11-18 12:19:32 - [MESSAGE][INFO] - Checking timeout

2021-11-18 12:19:32 - [MESSAGE][INFO] - Finding web element with id: 'Object Repository/Olusturma/Genel/AliciBilgisi/iframe_Alc Bilgisi_customerselectiframe' located by 'By.xpath: //iframe[@id='customerselectiframe']' in '30' second(s)

2021-11-18 12:19:32 - [MESSAGE][INFO] - Smart Wait Function is triggered

2021-11-18 12:19:32 - [MESSAGE][INFO] - Found 1 web elements with id: 'Object Repository/Olusturma/Genel/AliciBilgisi/iframe_Alc Bilgisi_customerselectiframe' located by 'By.xpath: //iframe[@id='customerselectiframe']' in '30' second(s)

2021-11-18 12:19:32 - [MESSAGE][INFO] - Switched to iframe: 'Object Repository/Olusturma/Genel/AliciBilgisi/iframe_Alc Bilgisi_customerselectiframe'

2021-11-18 12:19:32 - [MESSAGE][INFO] - Finding web element from Test Object's properties

2021-11-18 12:19:32 - [MESSAGE][INFO] - Checking timeout

2021-11-18 12:19:32 - [MESSAGE][INFO] - Finding web element with id: 'Object Repository/Olusturma/Genel/AliciBilgisi/frame' located by 'By.xpath: //*/text()[normalize-space(.)='']/parent::*' in '30' second(s)

2021-11-18 12:19:32 - [MESSAGE][INFO] - Smart Wait Function is triggered

2021-11-18 12:19:32 - [MESSAGE][INFO] - Found 66 web elements with id: 'Object Repository/Olusturma/Genel/AliciBilgisi/frame' located by 'By.xpath: //*/text()[normalize-space(.)='']/parent::*' in '30' second(s)

2021-11-18 12:19:32 - [MESSAGE][INFO] - Clicking on object: 'Object Repository/Olusturma/Genel/AliciBilgisi/frame'

2021-11-18 12:19:32 - [MESSAGE][PASSED] - Object: 'Object Repository/Olusturma/Genel/AliciBilgisi/frame' is clicked on

2021-11-18 12:19:32 - [MESSAGE][INFO] - Switching to default content

2021-11-18 12:19:32 - [TEST_STEP][PASSED] - click(findTestObject("Olusturma/Genel/AliciBilgisi/Alici_Adi")): Switching to default content

2021-11-18 12:19:32 - [MESSAGE][INFO] - Finding Test Object 'Object Repository/Olusturma/Genel/AliciBilgisi/Alici_Adi'

2021-11-18 12:19:32 - [MESSAGE][INFO] - Finding Test Object 'Object Repository/Olusturma/Genel/AliciBilgisi/iframe_Alc Bilgisi_customerselectiframe'

2021-11-18 12:19:32 - [MESSAGE][INFO] - Checking object

2021-11-18 12:19:32 - [MESSAGE][INFO] - Object: 'Object Repository/Olusturma/Genel/AliciBilgisi/Alici_Adi' has parent object(s)

2021-11-18 12:19:32 - [MESSAGE][INFO] - Switching to iframe: 'Object Repository/Olusturma/Genel/AliciBilgisi/iframe_Alc Bilgisi_customerselectiframe'

2021-11-18 12:19:32 - [MESSAGE][INFO] - Finding web element from Test Object's properties

2021-11-18 12:19:32 - [MESSAGE][INFO] - Checking timeout

2021-11-18 12:19:32 - [MESSAGE][INFO] - Finding web element with id: 'Object Repository/Olusturma/Genel/AliciBilgisi/iframe_Alc Bilgisi_customerselectiframe' located by 'By.xpath: //iframe[@id='customerselectiframe']' in '30' second(s)

2021-11-18 12:19:32 - [MESSAGE][INFO] - Smart Wait Function is triggered

2021-11-18 12:19:33 - [MESSAGE][INFO] - Found 1 web elements with id: 'Object Repository/Olusturma/Genel/AliciBilgisi/iframe_Alc Bilgisi_customerselectiframe' located by 'By.xpath: //iframe[@id='customerselectiframe']' in '30' second(s)

2021-11-18 12:19:33 - [MESSAGE][INFO] - Switched to iframe: 'Object Repository/Olusturma/Genel/AliciBilgisi/iframe_Alc Bilgisi_customerselectiframe'

2021-11-18 12:19:33 - [MESSAGE][INFO] - Finding web element from Test Object's properties

2021-11-18 12:19:33 - [MESSAGE][INFO] - Checking timeout

2021-11-18 12:19:33 - [MESSAGE][INFO] - Finding web element with id: 'Object Repository/Olusturma/Genel/AliciBilgisi/Alici_Adi' located by 'By.xpath: //tr[@id='GridViewCustomer_DXDataRow0']/td[2]' in '30' second(s)

2021-11-18 12:19:33 - [MESSAGE][INFO] - Smart Wait Function is triggered

2021-11-18 12:19:33 - [MESSAGE][INFO] - Found 1 web elements with id: 'Object Repository/Olusturma/Genel/AliciBilgisi/Alici_Adi' located by 'By.xpath: //tr[@id='GridViewCustomer_DXDataRow0']/td[2]' in '30' second(s)

2021-11-18 12:19:33 - [MESSAGE][INFO] - Clicking on object: 'Object Repository/Olusturma/Genel/AliciBilgisi/Alici_Adi'

2021-11-18 12:19:33 - [MESSAGE][PASSED] - Object: 'Object Repository/Olusturma/Genel/AliciBilgisi/Alici_Adi' is clicked on

2021-11-18 12:19:33 - [MESSAGE][INFO] - Switching to default content

2021-11-18 12:19:33 - [TEST_STEP][PASSED] - click(findTestObject("Olusturma/Genel/AliciBilgisi/Tamam_Bosluk")): Switching to default content

2021-11-18 12:19:33 - [MESSAGE][INFO] - Finding Test Object 'Object Repository/Olusturma/Genel/AliciBilgisi/Tamam_Bosluk'

2021-11-18 12:19:33 - [MESSAGE][INFO] - Finding Test Object 'Object Repository/Olusturma/Genel/AliciBilgisi/Alici_Bilgisi'

2021-11-18 12:19:33 - [MESSAGE][INFO] - Checking object

2021-11-18 12:19:33 - [MESSAGE][INFO] - Object: 'Object Repository/Olusturma/Genel/AliciBilgisi/Tamam_Bosluk' has parent object(s)

2021-11-18 12:19:33 - [MESSAGE][INFO] - Switching to iframe: 'Object Repository/Olusturma/Genel/AliciBilgisi/Alici_Bilgisi'

2021-11-18 12:19:33 - [MESSAGE][INFO] - Finding web element from Test Object's properties

2021-11-18 12:19:33 - [MESSAGE][INFO] - Checking timeout

2021-11-18 12:19:33 - [MESSAGE][INFO] - Finding web element with id: 'Object Repository/Olusturma/Genel/AliciBilgisi/Alici_Bilgisi' located by 'By.xpath: //iframe[@id='customerselectiframe']' in '30' second(s)

2021-11-18 12:19:33 - [MESSAGE][INFO] - Smart Wait Function is triggered

2021-11-18 12:19:33 - [MESSAGE][INFO] - Found 1 web elements with id: 'Object Repository/Olusturma/Genel/AliciBilgisi/Alici_Bilgisi' located by 'By.xpath: //iframe[@id='customerselectiframe']' in '30' second(s)

2021-11-18 12:19:33 - [MESSAGE][INFO] - Switched to iframe: 'Object Repository/Olusturma/Genel/AliciBilgisi/Alici_Bilgisi'

2021-11-18 12:19:33 - [MESSAGE][INFO] - Finding web element from Test Object's properties

2021-11-18 12:19:33 - [MESSAGE][INFO] - Checking timeout

2021-11-18 12:19:33 - [MESSAGE][INFO] - Finding web element with id: 'Object Repository/Olusturma/Genel/AliciBilgisi/Tamam_Bosluk' located by 'By.xpath: (.//*[normalize-space(text()) and normalize-space(.)='Sayfa Boyutu:'])[1]/following::div[7]' in '30' second(s)

2021-11-18 12:19:33 - [MESSAGE][INFO] - Smart Wait Function is triggered

2021-11-18 12:19:33 - [MESSAGE][INFO] - Found 1 web elements with id: 'Object Repository/Olusturma/Genel/AliciBilgisi/Tamam_Bosluk' located by 'By.xpath: (.//*[normalize-space(text()) and normalize-space(.)='Sayfa Boyutu:'])[1]/following::div[7]' in '30' second(s)

2021-11-18 12:19:33 - [MESSAGE][INFO] - Clicking on object: 'Object Repository/Olusturma/Genel/AliciBilgisi/Tamam_Bosluk'

2021-11-18 12:19:33 - [MESSAGE][PASSED] - Object: 'Object Repository/Olusturma/Genel/AliciBilgisi/Tamam_Bosluk' is clicked on

2021-11-18 12:19:33 - [MESSAGE][INFO] - Switching to default content

2021-11-18 12:19:33 - [TEST_STEP][PASSED] - waitForElementClickable(findTestObject("Olusturma/Genel/AliciBilgisi/Tamam_Butonu"), 10): Switching to default content

2021-11-18 12:19:33 - [MESSAGE][INFO] - Finding Test Object 'Object Repository/Olusturma/Genel/AliciBilgisi/Tamam_Butonu'

2021-11-18 12:19:34 - [MESSAGE][INFO] - Finding Test Object 'Object Repository/Olusturma/Genel/AliciBilgisi/Alici_Bilgisi'

2021-11-18 12:19:34 - [MESSAGE][INFO] - Checking object

2021-11-18 12:19:34 - [MESSAGE][INFO] - Checking timeout

2021-11-18 12:19:34 - [MESSAGE][INFO] - Object: 'Object Repository/Olusturma/Genel/AliciBilgisi/Tamam_Butonu' has parent object(s)

2021-11-18 12:19:34 - [MESSAGE][INFO] - Switching to iframe: 'Object Repository/Olusturma/Genel/AliciBilgisi/Alici_Bilgisi'

2021-11-18 12:19:34 - [MESSAGE][INFO] - Finding web element from Test Object's properties

2021-11-18 12:19:34 - [MESSAGE][INFO] - Checking timeout

2021-11-18 12:19:34 - [MESSAGE][INFO] - Finding web element with id: 'Object Repository/Olusturma/Genel/AliciBilgisi/Alici_Bilgisi' located by 'By.xpath: //iframe[@id='customerselectiframe']' in '10' second(s)

2021-11-18 12:19:34 - [MESSAGE][INFO] - Smart Wait Function is triggered

2021-11-18 12:19:34 - [MESSAGE][INFO] - Found 1 web elements with id: 'Object Repository/Olusturma/Genel/AliciBilgisi/Alici_Bilgisi' located by 'By.xpath: //iframe[@id='customerselectiframe']' in '10' second(s)

2021-11-18 12:19:34 - [MESSAGE][INFO] - Switched to iframe: 'Object Repository/Olusturma/Genel/AliciBilgisi/Alici_Bilgisi'

2021-11-18 12:19:34 - [MESSAGE][INFO] - Finding web element from Test Object's properties

2021-11-18 12:19:34 - [MESSAGE][INFO] - Checking timeout

2021-11-18 12:19:34 - [MESSAGE][INFO] - Finding web element with id: 'Object Repository/Olusturma/Genel/AliciBilgisi/Tamam_Butonu' located by 'By.xpath: //div[@id='btnSelectCustomer_CD']/span' in '10' second(s)

2021-11-18 12:19:34 - [MESSAGE][INFO] - Smart Wait Function is triggered

2021-11-18 12:19:34 - [MESSAGE][INFO] - Found 1 web elements with id: 'Object Repository/Olusturma/Genel/AliciBilgisi/Tamam_Butonu' located by 'By.xpath: //div[@id='btnSelectCustomer_CD']/span' in '10' second(s)

2021-11-18 12:19:34 - [MESSAGE][PASSED] - Object 'Object Repository/Olusturma/Genel/AliciBilgisi/Tamam_Butonu' is clickable

2021-11-18 12:19:34 - [MESSAGE][INFO] - Switching to default content

2021-11-18 12:19:34 - [TEST_STEP][PASSED] - click(findTestObject("Olusturma/Genel/AliciBilgisi/Tamam_Butonu")): Switching to default content

2021-11-18 12:19:34 - [MESSAGE][INFO] - Finding Test Object 'Object Repository/Olusturma/Genel/AliciBilgisi/Tamam_Butonu'

2021-11-18 12:19:34 - [MESSAGE][INFO] - Finding Test Object 'Object Repository/Olusturma/Genel/AliciBilgisi/Alici_Bilgisi'

2021-11-18 12:19:34 - [MESSAGE][INFO] - Checking object

2021-11-18 12:19:34 - [MESSAGE][INFO] - Object: 'Object Repository/Olusturma/Genel/AliciBilgisi/Tamam_Butonu' has parent object(s)

2021-11-18 12:19:34 - [MESSAGE][INFO] - Switching to iframe: 'Object Repository/Olusturma/Genel/AliciBilgisi/Alici_Bilgisi'

2021-11-18 12:19:34 - [MESSAGE][INFO] - Finding web element from Test Object's properties

2021-11-18 12:19:34 - [MESSAGE][INFO] - Checking timeout

2021-11-18 12:19:34 - [MESSAGE][INFO] - Finding web element with id: 'Object Repository/Olusturma/Genel/AliciBilgisi/Alici_Bilgisi' located by 'By.xpath: //iframe[@id='customerselectiframe']' in '30' second(s)

2021-11-18 12:19:34 - [MESSAGE][INFO] - Smart Wait Function is triggered

2021-11-18 12:19:34 - [MESSAGE][INFO] - Found 1 web elements with id: 'Object Repository/Olusturma/Genel/AliciBilgisi/Alici_Bilgisi' located by 'By.xpath: //iframe[@id='customerselectiframe']' in '30' second(s)

2021-11-18 12:19:34 - [MESSAGE][INFO] - Switched to iframe: 'Object Repository/Olusturma/Genel/AliciBilgisi/Alici_Bilgisi'

2021-11-18 12:19:34 - [MESSAGE][INFO] - Finding web element from Test Object's properties

2021-11-18 12:19:34 - [MESSAGE][INFO] - Checking timeout

2021-11-18 12:19:34 - [MESSAGE][INFO] - Finding web element with id: 'Object Repository/Olusturma/Genel/AliciBilgisi/Tamam_Butonu' located by 'By.xpath: //div[@id='btnSelectCustomer_CD']/span' in '30' second(s)

2021-11-18 12:19:34 - [MESSAGE][INFO] - Smart Wait Function is triggered

2021-11-18 12:19:34 - [MESSAGE][INFO] - Found 1 web elements with id: 'Object Repository/Olusturma/Genel/AliciBilgisi/Tamam_Butonu' located by 'By.xpath: //div[@id='btnSelectCustomer_CD']/span' in '30' second(s)

2021-11-18 12:19:34 - [MESSAGE][INFO] - Clicking on object: 'Object Repository/Olusturma/Genel/AliciBilgisi/Tamam_Butonu'

2021-11-18 12:19:35 - [MESSAGE][PASSED] - Object: 'Object Repository/Olusturma/Genel/AliciBilgisi/Tamam_Butonu' is clicked on

2021-11-18 12:19:35 - [MESSAGE][INFO] - Switching to default content

2021-11-18 12:19:35 - [TEST_STEP][PASSED] - waitForElementPresent(findTestObject("Olusturma/Genel/AliciBilgisi/VKN-TCKN"), 10): Object 'Object Repository/Olusturma/Genel/AliciBilgisi/VKN-TCKN' is present

2021-11-18 12:19:35 - [MESSAGE][INFO] - Finding Test Object 'Object Repository/Olusturma/Genel/AliciBilgisi/VKN-TCKN'

2021-11-18 12:19:35 - [MESSAGE][INFO] - Checking object

2021-11-18 12:19:35 - [MESSAGE][INFO] - Finding web element from Test Object's properties

2021-11-18 12:19:35 - [MESSAGE][INFO] - Checking timeout

2021-11-18 12:19:35 - [MESSAGE][INFO] - Finding web element with id: 'Object Repository/Olusturma/Genel/AliciBilgisi/VKN-TCKN' located by 'By.xpath: //*[@id = 'txtVknTckn_I']' in '10' second(s)

2021-11-18 12:19:35 - [MESSAGE][INFO] - Smart Wait Function is triggered

2021-11-18 12:19:35 - [MESSAGE][INFO] - Found 1 web elements with id: 'Object Repository/Olusturma/Genel/AliciBilgisi/VKN-TCKN' located by 'By.xpath: //*[@id = 'txtVknTckn_I']' in '10' second(s)

2021-11-18 12:19:35 - [MESSAGE][PASSED] - Object 'Object Repository/Olusturma/Genel/AliciBilgisi/VKN-TCKN' is present

2021-11-18 12:19:35 - [TEST_STEP][PASSED] - text = getAttribute(findTestObject("Olusturma/Genel/AliciBilgisi/VKN-TCKN"), "value"): Attribute 'value' of object 'Object Repository/Olusturma/Genel/AliciBilgisi/VKN-TCKN' is: '5328440227'

2021-11-18 12:19:35 - [MESSAGE][INFO] - Finding Test Object 'Object Repository/Olusturma/Genel/AliciBilgisi/VKN-TCKN'

2021-11-18 12:19:35 - [MESSAGE][INFO] - Checking object

2021-11-18 12:19:35 - [MESSAGE][INFO] - Checking attribute

2021-11-18 12:19:35 - [MESSAGE][INFO] - Finding web element from Test Object's properties

2021-11-18 12:19:35 - [MESSAGE][INFO] - Checking timeout

2021-11-18 12:19:35 - [MESSAGE][INFO] - Finding web element with id: 'Object Repository/Olusturma/Genel/AliciBilgisi/VKN-TCKN' located by 'By.xpath: //*[@id = 'txtVknTckn_I']' in '30' second(s)

2021-11-18 12:19:35 - [MESSAGE][INFO] - Smart Wait Function is triggered

2021-11-18 12:19:35 - [MESSAGE][INFO] - Found 1 web elements with id: 'Object Repository/Olusturma/Genel/AliciBilgisi/VKN-TCKN' located by 'By.xpath: //*[@id = 'txtVknTckn_I']' in '30' second(s)

2021-11-18 12:19:35 - [MESSAGE][INFO] - Getting attribute 'value' of object 'Object Repository/Olusturma/Genel/AliciBilgisi/VKN-TCKN'

2021-11-18 12:19:35 - [MESSAGE][PASSED] - Attribute 'value' of object 'Object Repository/Olusturma/Genel/AliciBilgisi/VKN-TCKN' is: '5328440227'

2021-11-18 12:19:35 - [TEST_STEP][PASSED] - if (text.equals("")): null

2021-11-18 12:19:35 - [MESSAGE][PASSED] - Call Test Case 'Test Cases/Olusturma/Genel/AliciSecilir' successfully

2021-11-18 12:19:35 - [MESSAGE][INFO] - Checking called Test Case

2021-11-18 12:19:35 - [MESSAGE][INFO] - Starting to call Test Case 'Test Cases/Olusturma/Genel/GonderimSekliSecilir'

2021-11-18 12:19:36 - [TEST_CASE][PASSED] - Test Cases/Olusturma/Genel/GonderimSekliSecilir: Test Cases/Olusturma/Genel/GonderimSekliSecilir

2021-11-18 12:19:36 - [TEST_STEP][PASSED] - waitForElementClickable(findTestObject("Object Repository/Olusturma/Genel/GonderimSekli/GonderimSekli"), 10): Object 'Object Repository/Olusturma/Genel/GonderimSekli/GonderimSekli' is clickable

2021-11-18 12:19:36 - [MESSAGE][INFO] - Finding Test Object 'Object Repository/Olusturma/Genel/GonderimSekli/GonderimSekli'

2021-11-18 12:19:36 - [MESSAGE][INFO] - Checking object

2021-11-18 12:19:36 - [MESSAGE][INFO] - Checking timeout

2021-11-18 12:19:36 - [MESSAGE][INFO] - Finding web element from Test Object's properties

2021-11-18 12:19:36 - [MESSAGE][INFO] - Checking timeout

2021-11-18 12:19:36 - [MESSAGE][INFO] - Finding web element with id: 'Object Repository/Olusturma/Genel/GonderimSekli/GonderimSekli' located by 'By.xpath: //*[@id = 'txtGonderimSekil_I']' in '10' second(s)

2021-11-18 12:19:36 - [MESSAGE][INFO] - Smart Wait Function is triggered

2021-11-18 12:19:36 - [MESSAGE][INFO] - Found 1 web elements with id: 'Object Repository/Olusturma/Genel/GonderimSekli/GonderimSekli' located by 'By.xpath: //*[@id = 'txtGonderimSekil_I']' in '10' second(s)

2021-11-18 12:19:36 - [MESSAGE][PASSED] - Object 'Object Repository/Olusturma/Genel/GonderimSekli/GonderimSekli' is clickable

2021-11-18 12:19:36 - [TEST_STEP][PASSED] - click(findTestObject("Object Repository/Olusturma/Genel/GonderimSekli/GonderimSekli")): Object: 'Object Repository/Olusturma/Genel/GonderimSekli/GonderimSekli' is clicked on

2021-11-18 12:19:36 - [MESSAGE][INFO] - Finding Test Object 'Object Repository/Olusturma/Genel/GonderimSekli/GonderimSekli'

2021-11-18 12:19:36 - [MESSAGE][INFO] - Checking object

2021-11-18 12:19:36 - [MESSAGE][INFO] - Finding web element from Test Object's properties

2021-11-18 12:19:36 - [MESSAGE][INFO] - Checking timeout

2021-11-18 12:19:36 - [MESSAGE][INFO] - Finding web element with id: 'Object Repository/Olusturma/Genel/GonderimSekli/GonderimSekli' located by 'By.xpath: //*[@id = 'txtGonderimSekil_I']' in '30' second(s)

2021-11-18 12:19:36 - [MESSAGE][INFO] - Smart Wait Function is triggered

2021-11-18 12:19:36 - [MESSAGE][INFO] - Found 1 web elements with id: 'Object Repository/Olusturma/Genel/GonderimSekli/GonderimSekli' located by 'By.xpath: //*[@id = 'txtGonderimSekil_I']' in '30' second(s)

2021-11-18 12:19:36 - [MESSAGE][INFO] - Clicking on object: 'Object Repository/Olusturma/Genel/GonderimSekli/GonderimSekli'

2021-11-18 12:19:36 - [MESSAGE][PASSED] - Object: 'Object Repository/Olusturma/Genel/GonderimSekli/GonderimSekli' is clicked on

2021-11-18 12:19:36 - [TEST_STEP][PASSED] - Method.TextDegerineEsitElementeTikla(findTestObject("Object Repository/Olusturma/Genel/GonderimSekli/GonderimSekliAdi"), GonderimSekli): Method.TextDegerineEsitElementeTikla is PASSED

2021-11-18 12:19:36 - [MESSAGE][INFO] - Finding Test Object 'Object Repository/Olusturma/Genel/GonderimSekli/GonderimSekliAdi'

2021-11-18 12:19:36 - [MESSAGE][INFO] - Checking timeout

2021-11-18 12:19:36 - [MESSAGE][INFO] - Finding web element with id: 'Object Repository/Olusturma/Genel/GonderimSekli/GonderimSekliAdi' located by 'By.cssSelector: #txtGonderimSekil_DDD_L_LBT td' in '10' second(s)

2021-11-18 12:19:36 - [MESSAGE][INFO] - Smart Wait Function is triggered

2021-11-18 12:19:37 - [MESSAGE][INFO] - Found 2 web elements with id: 'Object Repository/Olusturma/Genel/GonderimSekli/GonderimSekliAdi' located by 'By.cssSelector: #txtGonderimSekil_DDD_L_LBT td' in '10' second(s)

2021-11-18 12:19:37 - [MESSAGE][PASSED] - Method.TextDegerineEsitElementeTikla is PASSED

2021-11-18 12:19:37 - [MESSAGE][PASSED] - Call Test Case 'Test Cases/Olusturma/Genel/GonderimSekliSecilir' successfully

2021-11-18 12:19:37 - [MESSAGE][INFO] - Checking called Test Case

2021-11-18 12:19:37 - [MESSAGE][INFO] - Starting to call Test Case 'Test Cases/Olusturma/Genel/TipSecilir'

2021-11-18 12:19:37 - [TEST_CASE][PASSED] - Test Cases/Olusturma/Genel/TipSecilir: Test Cases/Olusturma/Genel/TipSecilir

2021-11-18 12:19:37 - [TEST_STEP][PASSED] - waitForElementClickable(findTestObject("Olusturma/Genel/TipSecilir/Tip"), 10): Object 'Object Repository/Olusturma/Genel/TipSecilir/Tip' is clickable

2021-11-18 12:19:37 - [MESSAGE][INFO] - Finding Test Object 'Object Repository/Olusturma/Genel/TipSecilir/Tip'

2021-11-18 12:19:37 - [MESSAGE][INFO] - Checking object

2021-11-18 12:19:37 - [MESSAGE][INFO] - Checking timeout

2021-11-18 12:19:37 - [MESSAGE][INFO] - Finding web element from Test Object's properties

2021-11-18 12:19:37 - [MESSAGE][INFO] - Checking timeout

2021-11-18 12:19:37 - [MESSAGE][INFO] - Finding web element with id: 'Object Repository/Olusturma/Genel/TipSecilir/Tip' located by 'By.xpath: //*[@id = 'DocumentTypeCode_I']' in '10' second(s)

2021-11-18 12:19:37 - [MESSAGE][INFO] - Smart Wait Function is triggered

2021-11-18 12:19:37 - [MESSAGE][INFO] - Found 1 web elements with id: 'Object Repository/Olusturma/Genel/TipSecilir/Tip' located by 'By.xpath: //*[@id = 'DocumentTypeCode_I']' in '10' second(s)

2021-11-18 12:19:37 - [MESSAGE][PASSED] - Object 'Object Repository/Olusturma/Genel/TipSecilir/Tip' is clickable

2021-11-18 12:19:37 - [TEST_STEP][PASSED] - click(findTestObject("Olusturma/Genel/TipSecilir/Tip")): Object: 'Object Repository/Olusturma/Genel/TipSecilir/Tip' is clicked on

2021-11-18 12:19:37 - [MESSAGE][INFO] - Finding Test Object 'Object Repository/Olusturma/Genel/TipSecilir/Tip'

2021-11-18 12:19:37 - [MESSAGE][INFO] - Checking object

2021-11-18 12:19:37 - [MESSAGE][INFO] - Finding web element from Test Object's properties

2021-11-18 12:19:37 - [MESSAGE][INFO] - Checking timeout

2021-11-18 12:19:37 - [MESSAGE][INFO] - Finding web element with id: 'Object Repository/Olusturma/Genel/TipSecilir/Tip' located by 'By.xpath: //*[@id = 'DocumentTypeCode_I']' in '30' second(s)

2021-11-18 12:19:37 - [MESSAGE][INFO] - Smart Wait Function is triggered

2021-11-18 12:19:38 - [MESSAGE][INFO] - Found 1 web elements with id: 'Object Repository/Olusturma/Genel/TipSecilir/Tip' located by 'By.xpath: //*[@id = 'DocumentTypeCode_I']' in '30' second(s)

2021-11-18 12:19:38 - [MESSAGE][INFO] - Clicking on object: 'Object Repository/Olusturma/Genel/TipSecilir/Tip'

2021-11-18 12:19:38 - [MESSAGE][PASSED] - Object: 'Object Repository/Olusturma/Genel/TipSecilir/Tip' is clicked on

2021-11-18 12:19:38 - [TEST_STEP][PASSED] - Method.TextDegerineEsitElementeTikla(findTestObject("Object Repository/Olusturma/Genel/TipSecilir/Tip_Adi"), Tip): Method.TextDegerineEsitElementeTikla is PASSED

2021-11-18 12:19:38 - [MESSAGE][INFO] - Finding Test Object 'Object Repository/Olusturma/Genel/TipSecilir/Tip_Adi'

2021-11-18 12:19:38 - [MESSAGE][INFO] - Checking timeout

2021-11-18 12:19:38 - [MESSAGE][INFO] - Finding web element with id: 'Object Repository/Olusturma/Genel/TipSecilir/Tip_Adi' located by 'By.cssSelector: #DocumentTypeCode_DDD_L_LBT td' in '10' second(s)

2021-11-18 12:19:38 - [MESSAGE][INFO] - Smart Wait Function is triggered

2021-11-18 12:19:38 - [MESSAGE][INFO] - Found 9 web elements with id: 'Object Repository/Olusturma/Genel/TipSecilir/Tip_Adi' located by 'By.cssSelector: #DocumentTypeCode_DDD_L_LBT td' in '10' second(s)

2021-11-18 12:19:38 - [MESSAGE][PASSED] - Method.TextDegerineEsitElementeTikla is PASSED

2021-11-18 12:19:38 - [MESSAGE][PASSED] - Call Test Case 'Test Cases/Olusturma/Genel/TipSecilir' successfully

2021-11-18 12:19:38 - [MESSAGE][INFO] - Checking called Test Case

2021-11-18 12:19:38 - [MESSAGE][INFO] - Starting to call Test Case 'Test Cases/Olusturma/Genel/DokumanParaBirimiSecilir'

2021-11-18 12:19:38 - [TEST_CASE][PASSED] - Test Cases/Olusturma/Genel/DokumanParaBirimiSecilir: Test Cases/Olusturma/Genel/DokumanParaBirimiSecilir

2021-11-18 12:19:38 - [TEST_STEP][PASSED] - waitForElementClickable(findTestObject("Object Repository/Olusturma/Genel/DokumanParaBirimiSecilir/Para"), 10): Object 'Object Repository/Olusturma/Genel/DokumanParaBirimiSecilir/Para' is clickable

2021-11-18 12:19:38 - [MESSAGE][INFO] - Finding Test Object 'Object Repository/Olusturma/Genel/DokumanParaBirimiSecilir/Para'

2021-11-18 12:19:38 - [MESSAGE][INFO] - Checking object

2021-11-18 12:19:38 - [MESSAGE][INFO] - Checking timeout

2021-11-18 12:19:38 - [MESSAGE][INFO] - Finding web element from Test Object's properties

2021-11-18 12:19:38 - [MESSAGE][INFO] - Checking timeout

2021-11-18 12:19:38 - [MESSAGE][INFO] - Finding web element with id: 'Object Repository/Olusturma/Genel/DokumanParaBirimiSecilir/Para' located by 'By.xpath: //*[@id = 'CurrencyUnit_I']' in '10' second(s)

2021-11-18 12:19:38 - [MESSAGE][INFO] - Smart Wait Function is triggered

2021-11-18 12:19:40 - [MESSAGE][INFO] - Found 1 web elements with id: 'Object Repository/Olusturma/Genel/DokumanParaBirimiSecilir/Para' located by 'By.xpath: //*[@id = 'CurrencyUnit_I']' in '10' second(s)

2021-11-18 12:19:40 - [MESSAGE][PASSED] - Object 'Object Repository/Olusturma/Genel/DokumanParaBirimiSecilir/Para' is clickable

2021-11-18 12:19:40 - [TEST_STEP][PASSED] - click(findTestObject("Object Repository/Olusturma/Genel/DokumanParaBirimiSecilir/Para")): Object: 'Object Repository/Olusturma/Genel/DokumanParaBirimiSecilir/Para' is clicked on

2021-11-18 12:19:40 - [MESSAGE][INFO] - Finding Test Object 'Object Repository/Olusturma/Genel/DokumanParaBirimiSecilir/Para'

2021-11-18 12:19:40 - [MESSAGE][INFO] - Checking object

2021-11-18 12:19:40 - [MESSAGE][INFO] - Finding web element from Test Object's properties

2021-11-18 12:19:40 - [MESSAGE][INFO] - Checking timeout

2021-11-18 12:19:40 - [MESSAGE][INFO] - Finding web element with id: 'Object Repository/Olusturma/Genel/DokumanParaBirimiSecilir/Para' located by 'By.xpath: //*[@id = 'CurrencyUnit_I']' in '30' second(s)

2021-11-18 12:19:40 - [MESSAGE][INFO] - Smart Wait Function is triggered

2021-11-18 12:19:40 - [MESSAGE][INFO] - Found 1 web elements with id: 'Object Repository/Olusturma/Genel/DokumanParaBirimiSecilir/Para' located by 'By.xpath: //*[@id = 'CurrencyUnit_I']' in '30' second(s)

2021-11-18 12:19:40 - [MESSAGE][INFO] - Clicking on object: 'Object Repository/Olusturma/Genel/DokumanParaBirimiSecilir/Para'

2021-11-18 12:19:40 - [MESSAGE][PASSED] - Object: 'Object Repository/Olusturma/Genel/DokumanParaBirimiSecilir/Para' is clicked on

2021-11-18 12:19:40 - [TEST_STEP][PASSED] - Method.TextDegerineEsitElementeTikla(findTestObject("Object Repository/Olusturma/Genel/DokumanParaBirimiSecilir/Para_Adi"), Para): Method.TextDegerineEsitElementeTikla is PASSED

2021-11-18 12:19:40 - [MESSAGE][INFO] - Finding Test Object 'Object Repository/Olusturma/Genel/DokumanParaBirimiSecilir/Para_Adi'

2021-11-18 12:19:40 - [MESSAGE][INFO] - Checking timeout

2021-11-18 12:19:40 - [MESSAGE][INFO] - Finding web element with id: 'Object Repository/Olusturma/Genel/DokumanParaBirimiSecilir/Para_Adi' located by 'By.cssSelector: #CurrencyUnit_DDD_L_LBT td' in '10' second(s)

2021-11-18 12:19:40 - [MESSAGE][INFO] - Smart Wait Function is triggered

2021-11-18 12:19:41 - [MESSAGE][INFO] - Found 203 web elements with id: 'Object Repository/Olusturma/Genel/DokumanParaBirimiSecilir/Para_Adi' located by 'By.cssSelector: #CurrencyUnit_DDD_L_LBT td' in '10' second(s)

2021-11-18 12:19:44 - [MESSAGE][PASSED] - Method.TextDegerineEsitElementeTikla is PASSED

2021-11-18 12:19:44 - [MESSAGE][PASSED] - Call Test Case 'Test Cases/Olusturma/Genel/DokumanParaBirimiSecilir' successfully

2021-11-18 12:19:44 - [MESSAGE][INFO] - Checking called Test Case

2021-11-18 12:19:44 - [MESSAGE][INFO] - Starting to call Test Case 'Test Cases/Olusturma/Genel/OnEkSecilir'

2021-11-18 12:19:44 - [TEST_CASE][PASSED] - Test Cases/Olusturma/Genel/OnEkSecilir: Test Cases/Olusturma/Genel/OnEkSecilir

2021-11-18 12:19:44 - [TEST_STEP][PASSED] - waitForElementClickable(findTestObject("Object Repository/Olusturma/Genel/OnEkSecilir/OnEk"), 10): Object 'Object Repository/Olusturma/Genel/OnEkSecilir/OnEk' is clickable

2021-11-18 12:19:44 - [MESSAGE][INFO] - Finding Test Object 'Object Repository/Olusturma/Genel/OnEkSecilir/OnEk'

2021-11-18 12:19:44 - [MESSAGE][INFO] - Checking object

2021-11-18 12:19:44 - [MESSAGE][INFO] - Checking timeout

2021-11-18 12:19:44 - [MESSAGE][INFO] - Finding web element from Test Object's properties

2021-11-18 12:19:44 - [MESSAGE][INFO] - Checking timeout

2021-11-18 12:19:44 - [MESSAGE][INFO] - Finding web element with id: 'Object Repository/Olusturma/Genel/OnEkSecilir/OnEk' located by 'By.xpath: //*[@id = 'InvoicePrefix_I']' in '10' second(s)

2021-11-18 12:19:44 - [MESSAGE][INFO] - Smart Wait Function is triggered

2021-11-18 12:19:44 - [MESSAGE][INFO] - Found 1 web elements with id: 'Object Repository/Olusturma/Genel/OnEkSecilir/OnEk' located by 'By.xpath: //*[@id = 'InvoicePrefix_I']' in '10' second(s)

2021-11-18 12:19:44 - [MESSAGE][PASSED] - Object 'Object Repository/Olusturma/Genel/OnEkSecilir/OnEk' is clickable

2021-11-18 12:19:44 - [TEST_STEP][PASSED] - click(findTestObject("Object Repository/Olusturma/Genel/OnEkSecilir/OnEk")): Object: 'Object Repository/Olusturma/Genel/OnEkSecilir/OnEk' is clicked on

2021-11-18 12:19:44 - [MESSAGE][INFO] - Finding Test Object 'Object Repository/Olusturma/Genel/OnEkSecilir/OnEk'

2021-11-18 12:19:44 - [MESSAGE][INFO] - Checking object

2021-11-18 12:19:44 - [MESSAGE][INFO] - Finding web element from Test Object's properties

2021-11-18 12:19:44 - [MESSAGE][INFO] - Checking timeout

2021-11-18 12:19:44 - [MESSAGE][INFO] - Finding web element with id: 'Object Repository/Olusturma/Genel/OnEkSecilir/OnEk' located by 'By.xpath: //*[@id = 'InvoicePrefix_I']' in '30' second(s)

2021-11-18 12:19:44 - [MESSAGE][INFO] - Smart Wait Function is triggered

2021-11-18 12:19:44 - [MESSAGE][INFO] - Found 1 web elements with id: 'Object Repository/Olusturma/Genel/OnEkSecilir/OnEk' located by 'By.xpath: //*[@id = 'InvoicePrefix_I']' in '30' second(s)

2021-11-18 12:19:44 - [MESSAGE][INFO] - Clicking on object: 'Object Repository/Olusturma/Genel/OnEkSecilir/OnEk'

2021-11-18 12:19:44 - [MESSAGE][PASSED] - Object: 'Object Repository/Olusturma/Genel/OnEkSecilir/OnEk' is clicked on

2021-11-18 12:19:44 - [TEST_STEP][PASSED] - Method.TextDegerineEsitElementeTiklaEquals(findTestObject("Object Repository/Olusturma/Genel/OnEkSecilir/OnEkAdi"), Ek): Method.TextDegerineEsitElementeTiklaEquals is PASSED

2021-11-18 12:19:44 - [MESSAGE][INFO] - Finding Test Object 'Object Repository/Olusturma/Genel/OnEkSecilir/OnEkAdi'

2021-11-18 12:19:44 - [MESSAGE][INFO] - Checking timeout

2021-11-18 12:19:44 - [MESSAGE][INFO] - Finding web element with id: 'Object Repository/Olusturma/Genel/OnEkSecilir/OnEkAdi' located by 'By.cssSelector: #InvoicePrefix_DDD_L_LBT td' in '10' second(s)

2021-11-18 12:19:44 - [MESSAGE][INFO] - Smart Wait Function is triggered

2021-11-18 12:19:45 - [MESSAGE][INFO] - Found 1 web elements with id: 'Object Repository/Olusturma/Genel/OnEkSecilir/OnEkAdi' located by 'By.cssSelector: #InvoicePrefix_DDD_L_LBT td' in '10' second(s)

2021-11-18 12:19:45 - [MESSAGE][PASSED] - Method.TextDegerineEsitElementeTiklaEquals is PASSED

2021-11-18 12:19:45 - [MESSAGE][PASSED] - Call Test Case 'Test Cases/Olusturma/Genel/OnEkSecilir' successfully

2021-11-18 12:19:45 - [MESSAGE][INFO] - Checking called Test Case

2021-11-18 12:19:45 - [MESSAGE][INFO] - Starting to call Test Case 'Test Cases/Olusturma/Genel/TasarimSecilir'

2021-11-18 12:19:45 - [TEST_CASE][PASSED] - Test Cases/Olusturma/Genel/TasarimSecilir: Test Cases/Olusturma/Genel/TasarimSecilir

2021-11-18 12:19:45 - [TEST_STEP][PASSED] - waitForElementClickable(findTestObject("Object Repository/Olusturma/Genel/TasarimSecilir/Tasarim"), 10): Object 'Object Repository/Olusturma/Genel/TasarimSecilir/Tasarim' is clickable

2021-11-18 12:19:45 - [MESSAGE][INFO] - Finding Test Object 'Object Repository/Olusturma/Genel/TasarimSecilir/Tasarim'

2021-11-18 12:19:45 - [MESSAGE][INFO] - Checking object

2021-11-18 12:19:45 - [MESSAGE][INFO] - Checking timeout

2021-11-18 12:19:45 - [MESSAGE][INFO] - Finding web element from Test Object's properties

2021-11-18 12:19:45 - [MESSAGE][INFO] - Checking timeout

2021-11-18 12:19:45 - [MESSAGE][INFO] - Finding web element with id: 'Object Repository/Olusturma/Genel/TasarimSecilir/Tasarim' located by 'By.xpath: //*[@id = 'DesignId_I']' in '10' second(s)

2021-11-18 12:19:45 - [MESSAGE][INFO] - Smart Wait Function is triggered

2021-11-18 12:19:45 - [MESSAGE][INFO] - Found 1 web elements with id: 'Object Repository/Olusturma/Genel/TasarimSecilir/Tasarim' located by 'By.xpath: //*[@id = 'DesignId_I']' in '10' second(s)

2021-11-18 12:19:45 - [MESSAGE][PASSED] - Object 'Object Repository/Olusturma/Genel/TasarimSecilir/Tasarim' is clickable

2021-11-18 12:19:45 - [TEST_STEP][PASSED] - click(findTestObject("Object Repository/Olusturma/Genel/TasarimSecilir/Tasarim")): Object: 'Object Repository/Olusturma/Genel/TasarimSecilir/Tasarim' is clicked on

2021-11-18 12:19:45 - [MESSAGE][INFO] - Finding Test Object 'Object Repository/Olusturma/Genel/TasarimSecilir/Tasarim'

2021-11-18 12:19:45 - [MESSAGE][INFO] - Checking object

2021-11-18 12:19:45 - [MESSAGE][INFO] - Finding web element from Test Object's properties

2021-11-18 12:19:45 - [MESSAGE][INFO] - Checking timeout

2021-11-18 12:19:45 - [MESSAGE][INFO] - Finding web element with id: 'Object Repository/Olusturma/Genel/TasarimSecilir/Tasarim' located by 'By.xpath: //*[@id = 'DesignId_I']' in '30' second(s)

2021-11-18 12:19:45 - [MESSAGE][INFO] - Smart Wait Function is triggered

2021-11-18 12:19:46 - [MESSAGE][INFO] - Found 1 web elements with id: 'Object Repository/Olusturma/Genel/TasarimSecilir/Tasarim' located by 'By.xpath: //*[@id = 'DesignId_I']' in '30' second(s)

2021-11-18 12:19:46 - [MESSAGE][INFO] - Clicking on object: 'Object Repository/Olusturma/Genel/TasarimSecilir/Tasarim'

2021-11-18 12:19:46 - [MESSAGE][PASSED] - Object: 'Object Repository/Olusturma/Genel/TasarimSecilir/Tasarim' is clicked on

2021-11-18 12:19:46 - [TEST_STEP][PASSED] - Method.TextDegerineEsitElementeTikla(findTestObject("Object Repository/Olusturma/Genel/TasarimSecilir/Tasarim_Adi"), Tasarim): Method.TextDegerineEsitElementeTikla is PASSED

2021-11-18 12:19:46 - [MESSAGE][INFO] - Finding Test Object 'Object Repository/Olusturma/Genel/TasarimSecilir/Tasarim_Adi'

2021-11-18 12:19:46 - [MESSAGE][INFO] - Checking timeout

2021-11-18 12:19:46 - [MESSAGE][INFO] - Finding web element with id: 'Object Repository/Olusturma/Genel/TasarimSecilir/Tasarim_Adi' located by 'By.cssSelector: #DesignId_DDD_L_LBT td' in '10' second(s)

2021-11-18 12:19:46 - [MESSAGE][INFO] - Smart Wait Function is triggered

2021-11-18 12:19:46 - [MESSAGE][INFO] - Found 1 web elements with id: 'Object Repository/Olusturma/Genel/TasarimSecilir/Tasarim_Adi' located by 'By.cssSelector: #DesignId_DDD_L_LBT td' in '10' second(s)

2021-11-18 12:19:46 - [MESSAGE][PASSED] - Method.TextDegerineEsitElementeTikla is PASSED

2021-11-18 12:19:46 - [MESSAGE][PASSED] - Call Test Case 'Test Cases/Olusturma/Genel/TasarimSecilir' successfully

2021-11-18 12:19:46 - [MESSAGE][INFO] - Checking called Test Case

2021-11-18 12:19:46 - [MESSAGE][INFO] - Starting to call Test Case 'Test Cases/Olusturma/Genel/Kutular/SiparisBilgileriGirilir'

2021-11-18 12:19:46 - [TEST_CASE][PASSED] - Test Cases/Olusturma/Genel/Kutular/SiparisBilgileriGirilir: Test Cases/Olusturma/Genel/Kutular/SiparisBilgileriGirilir

2021-11-18 12:19:46 - [TEST_STEP][PASSED] - Method.TextDegerineEsitElementeTikla(findTestObject("Olusturma/Genel/Kutular/KapaliKutular"), "Sipariş Bilgileri"): Method.TextDegerineEsitElementeTikla is PASSED

2021-11-18 12:19:46 - [MESSAGE][INFO] - Finding Test Object 'Object Repository/Olusturma/Genel/Kutular/KapaliKutular'

2021-11-18 12:19:46 - [MESSAGE][INFO] - Checking timeout

2021-11-18 12:19:46 - [MESSAGE][INFO] - Finding web element with id: 'Object Repository/Olusturma/Genel/Kutular/KapaliKutular' located by 'By.cssSelector: .dxnb-headerCollapsed>span' in '10' second(s)

2021-11-18 12:19:46 - [MESSAGE][INFO] - Smart Wait Function is triggered

2021-11-18 12:19:47 - [MESSAGE][INFO] - Found 8 web elements with id: 'Object Repository/Olusturma/Genel/Kutular/KapaliKutular' located by 'By.cssSelector: .dxnb-headerCollapsed>span' in '10' second(s)

2021-11-18 12:19:47 - [MESSAGE][PASSED] - Method.TextDegerineEsitElementeTikla is PASSED

2021-11-18 12:19:47 - [TEST_STEP][PASSED] - waitForElementPresent(findTestObject("Object Repository/Olusturma/Genel/Kutular/SiparisBilgileri/SiparisNo"), 10): Object 'Object Repository/Olusturma/Genel/Kutular/SiparisBilgileri/SiparisNo' is present

2021-11-18 12:19:47 - [MESSAGE][INFO] - Finding Test Object 'Object Repository/Olusturma/Genel/Kutular/SiparisBilgileri/SiparisNo'

2021-11-18 12:19:47 - [MESSAGE][INFO] - Checking object

2021-11-18 12:19:47 - [MESSAGE][INFO] - Finding web element from Test Object's properties

2021-11-18 12:19:47 - [MESSAGE][INFO] - Checking timeout

2021-11-18 12:19:47 - [MESSAGE][INFO] - Finding web element with id: 'Object Repository/Olusturma/Genel/Kutular/SiparisBilgileri/SiparisNo' located by 'By.xpath: //*[@id = 'txtSiparisNo_I']' in '10' second(s)

2021-11-18 12:19:47 - [MESSAGE][INFO] - Smart Wait Function is triggered

2021-11-18 12:19:47 - [MESSAGE][INFO] - Found 1 web elements with id: 'Object Repository/Olusturma/Genel/Kutular/SiparisBilgileri/SiparisNo' located by 'By.xpath: //*[@id = 'txtSiparisNo_I']' in '10' second(s)

2021-11-18 12:19:47 - [MESSAGE][PASSED] - Object 'Object Repository/Olusturma/Genel/Kutular/SiparisBilgileri/SiparisNo' is present

2021-11-18 12:19:47 - [TEST_STEP][PASSED] - clearText(findTestObject("Object Repository/Olusturma/Genel/Kutular/SiparisBilgileri/SiparisNo")): Text of object 'Object Repository/Olusturma/Genel/Kutular/SiparisBilgileri/SiparisNo' is cleared

2021-11-18 12:19:47 - [MESSAGE][INFO] - Finding Test Object 'Object Repository/Olusturma/Genel/Kutular/SiparisBilgileri/SiparisNo'

2021-11-18 12:19:47 - [MESSAGE][INFO] - Checking object

2021-11-18 12:19:47 - [MESSAGE][INFO] - Finding web element from Test Object's properties

2021-11-18 12:19:47 - [MESSAGE][INFO] - Checking timeout

2021-11-18 12:19:47 - [MESSAGE][INFO] - Finding web element with id: 'Object Repository/Olusturma/Genel/Kutular/SiparisBilgileri/SiparisNo' located by 'By.xpath: //*[@id = 'txtSiparisNo_I']' in '30' second(s)

2021-11-18 12:19:47 - [MESSAGE][INFO] - Smart Wait Function is triggered

2021-11-18 12:19:47 - [MESSAGE][INFO] - Found 1 web elements with id: 'Object Repository/Olusturma/Genel/Kutular/SiparisBilgileri/SiparisNo' located by 'By.xpath: //*[@id = 'txtSiparisNo_I']' in '30' second(s)

2021-11-18 12:19:47 - [MESSAGE][INFO] - Clearing text of object 'Object Repository/Olusturma/Genel/Kutular/SiparisBilgileri/SiparisNo'

2021-11-18 12:19:47 - [MESSAGE][PASSED] - Text of object 'Object Repository/Olusturma/Genel/Kutular/SiparisBilgileri/SiparisNo' is cleared

2021-11-18 12:19:47 - [TEST_STEP][PASSED] - sendKeys(findTestObject("Object Repository/Olusturma/Genel/Kutular/SiparisBilgileri/SiparisNo"), SiparisNo): Keys 'UUC-SAT-1200001' sent to object: 'Object Repository/Olusturma/Genel/Kutular/SiparisBilgileri/SiparisNo'

2021-11-18 12:19:47 - [MESSAGE][INFO] - Finding Test Object 'Object Repository/Olusturma/Genel/Kutular/SiparisBilgileri/SiparisNo'

2021-11-18 12:19:48 - [MESSAGE][INFO] - Sending keys 'UUC-SAT-1200001' to object: 'Object Repository/Olusturma/Genel/Kutular/SiparisBilgileri/SiparisNo'

2021-11-18 12:19:48 - [MESSAGE][INFO] - Finding web element from Test Object's properties

2021-11-18 12:19:48 - [MESSAGE][INFO] - Checking timeout

2021-11-18 12:19:48 - [MESSAGE][INFO] - Finding web element with id: 'Object Repository/Olusturma/Genel/Kutular/SiparisBilgileri/SiparisNo' located by 'By.xpath: //*[@id = 'txtSiparisNo_I']' in '30' second(s)

2021-11-18 12:19:48 - [MESSAGE][INFO] - Smart Wait Function is triggered

2021-11-18 12:19:48 - [MESSAGE][INFO] - Found 1 web elements with id: 'Object Repository/Olusturma/Genel/Kutular/SiparisBilgileri/SiparisNo' located by 'By.xpath: //*[@id = 'txtSiparisNo_I']' in '30' second(s)

2021-11-18 12:19:48 - [MESSAGE][PASSED] - Keys 'UUC-SAT-1200001' sent to object: 'Object Repository/Olusturma/Genel/Kutular/SiparisBilgileri/SiparisNo'

2021-11-18 12:19:48 - [TEST_STEP][PASSED] - waitForElementClickable(findTestObject("Object Repository/Olusturma/Genel/Kutular/SiparisBilgileri/SiparisTarihiImage"), 10): Object 'Object Repository/Olusturma/Genel/Kutular/SiparisBilgileri/SiparisTarihiImage' is clickable

2021-11-18 12:19:48 - [MESSAGE][INFO] - Finding Test Object 'Object Repository/Olusturma/Genel/Kutular/SiparisBilgileri/SiparisTarihiImage'

2021-11-18 12:19:48 - [MESSAGE][INFO] - Checking object

2021-11-18 12:19:48 - [MESSAGE][INFO] - Checking timeout

2021-11-18 12:19:48 - [MESSAGE][INFO] - Finding web element from Test Object's properties

2021-11-18 12:19:48 - [MESSAGE][INFO] - Checking timeout

2021-11-18 12:19:48 - [MESSAGE][INFO] - Finding web element with id: 'Object Repository/Olusturma/Genel/Kutular/SiparisBilgileri/SiparisTarihiImage' located by 'By.cssSelector: #dateSiparisTarih img' in '10' second(s)

2021-11-18 12:19:48 - [MESSAGE][INFO] - Smart Wait Function is triggered

2021-11-18 12:19:48 - [MESSAGE][INFO] - Found 1 web elements with id: 'Object Repository/Olusturma/Genel/Kutular/SiparisBilgileri/SiparisTarihiImage' located by 'By.cssSelector: #dateSiparisTarih img' in '10' second(s)

2021-11-18 12:19:48 - [MESSAGE][PASSED] - Object 'Object Repository/Olusturma/Genel/Kutular/SiparisBilgileri/SiparisTarihiImage' is clickable

2021-11-18 12:19:48 - [TEST_STEP][PASSED] - click(findTestObject("Object Repository/Olusturma/Genel/Kutular/SiparisBilgileri/SiparisTarihiImage")): Object: 'Object Repository/Olusturma/Genel/Kutular/SiparisBilgileri/SiparisTarihiImage' is clicked on

2021-11-18 12:19:48 - [MESSAGE][INFO] - Finding Test Object 'Object Repository/Olusturma/Genel/Kutular/SiparisBilgileri/SiparisTarihiImage'

2021-11-18 12:19:49 - [MESSAGE][INFO] - Checking object

2021-11-18 12:19:49 - [MESSAGE][INFO] - Finding web element from Test Object's properties

2021-11-18 12:19:49 - [MESSAGE][INFO] - Checking timeout

2021-11-18 12:19:49 - [MESSAGE][INFO] - Finding web element with id: 'Object Repository/Olusturma/Genel/Kutular/SiparisBilgileri/SiparisTarihiImage' located by 'By.cssSelector: #dateSiparisTarih img' in '30' second(s)

2021-11-18 12:19:49 - [MESSAGE][INFO] - Smart Wait Function is triggered

2021-11-18 12:19:49 - [MESSAGE][INFO] - Found 1 web elements with id: 'Object Repository/Olusturma/Genel/Kutular/SiparisBilgileri/SiparisTarihiImage' located by 'By.cssSelector: #dateSiparisTarih img' in '30' second(s)

2021-11-18 12:19:49 - [MESSAGE][INFO] - Clicking on object: 'Object Repository/Olusturma/Genel/Kutular/SiparisBilgileri/SiparisTarihiImage'

2021-11-18 12:19:49 - [MESSAGE][PASSED] - Object: 'Object Repository/Olusturma/Genel/Kutular/SiparisBilgileri/SiparisTarihiImage' is clicked on

2021-11-18 12:19:49 - [TEST_STEP][PASSED] - waitForElementPresent(findTestObject("Object Repository/Olusturma/Genel/Kutular/SiparisBilgileri/SiparisTarihi"), 10): Object 'Object Repository/Olusturma/Genel/Kutular/SiparisBilgileri/SiparisTarihi' is present

2021-11-18 12:19:49 - [MESSAGE][INFO] - Finding Test Object 'Object Repository/Olusturma/Genel/Kutular/SiparisBilgileri/SiparisTarihi'

2021-11-18 12:19:49 - [MESSAGE][INFO] - Checking object

2021-11-18 12:19:49 - [MESSAGE][INFO] - Finding web element from Test Object's properties

2021-11-18 12:19:49 - [MESSAGE][INFO] - Checking timeout

2021-11-18 12:19:49 - [MESSAGE][INFO] - Finding web element with id: 'Object Repository/Olusturma/Genel/Kutular/SiparisBilgileri/SiparisTarihi' located by 'By.xpath: //*[@id = 'dateSiparisTarih_I']' in '10' second(s)

2021-11-18 12:19:49 - [MESSAGE][INFO] - Smart Wait Function is triggered

2021-11-18 12:19:49 - [MESSAGE][INFO] - Found 1 web elements with id: 'Object Repository/Olusturma/Genel/Kutular/SiparisBilgileri/SiparisTarihi' located by 'By.xpath: //*[@id = 'dateSiparisTarih_I']' in '10' second(s)

2021-11-18 12:19:49 - [MESSAGE][PASSED] - Object 'Object Repository/Olusturma/Genel/Kutular/SiparisBilgileri/SiparisTarihi' is present

2021-11-18 12:19:49 - [TEST_STEP][PASSED] - clearText(findTestObject("Object Repository/Olusturma/Genel/Kutular/SiparisBilgileri/SiparisTarihi")): Text of object 'Object Repository/Olusturma/Genel/Kutular/SiparisBilgileri/SiparisTarihi' is cleared

2021-11-18 12:19:49 - [MESSAGE][INFO] - Finding Test Object 'Object Repository/Olusturma/Genel/Kutular/SiparisBilgileri/SiparisTarihi'

2021-11-18 12:19:50 - [MESSAGE][INFO] - Checking object

2021-11-18 12:19:50 - [MESSAGE][INFO] - Finding web element from Test Object's properties

2021-11-18 12:19:50 - [MESSAGE][INFO] - Checking timeout

2021-11-18 12:19:50 - [MESSAGE][INFO] - Finding web element with id: 'Object Repository/Olusturma/Genel/Kutular/SiparisBilgileri/SiparisTarihi' located by 'By.xpath: //*[@id = 'dateSiparisTarih_I']' in '30' second(s)

2021-11-18 12:19:50 - [MESSAGE][INFO] - Smart Wait Function is triggered

2021-11-18 12:19:50 - [MESSAGE][INFO] - Found 1 web elements with id: 'Object Repository/Olusturma/Genel/Kutular/SiparisBilgileri/SiparisTarihi' located by 'By.xpath: //*[@id = 'dateSiparisTarih_I']' in '30' second(s)

2021-11-18 12:19:50 - [MESSAGE][INFO] - Clearing text of object 'Object Repository/Olusturma/Genel/Kutular/SiparisBilgileri/SiparisTarihi'

2021-11-18 12:19:50 - [MESSAGE][PASSED] - Text of object 'Object Repository/Olusturma/Genel/Kutular/SiparisBilgileri/SiparisTarihi' is cleared

2021-11-18 12:19:50 - [TEST_STEP][PASSED] - sendKeys(findTestObject("Object Repository/Olusturma/Genel/Kutular/SiparisBilgileri/SiparisTarihi"), Tarih): Keys '31.04.2020' sent to object: 'Object Repository/Olusturma/Genel/Kutular/SiparisBilgileri/SiparisTarihi'

2021-11-18 12:19:50 - [MESSAGE][INFO] - Finding Test Object 'Object Repository/Olusturma/Genel/Kutular/SiparisBilgileri/SiparisTarihi'

2021-11-18 12:19:50 - [MESSAGE][INFO] - Sending keys '31.04.2020' to object: 'Object Repository/Olusturma/Genel/Kutular/SiparisBilgileri/SiparisTarihi'

2021-11-18 12:19:50 - [MESSAGE][INFO] - Finding web element from Test Object's properties

2021-11-18 12:19:50 - [MESSAGE][INFO] - Checking timeout

2021-11-18 12:19:50 - [MESSAGE][INFO] - Finding web element with id: 'Object Repository/Olusturma/Genel/Kutular/SiparisBilgileri/SiparisTarihi' located by 'By.xpath: //*[@id = 'dateSiparisTarih_I']' in '30' second(s)

2021-11-18 12:19:50 - [MESSAGE][INFO] - Smart Wait Function is triggered

2021-11-18 12:19:50 - [MESSAGE][INFO] - Found 1 web elements with id: 'Object Repository/Olusturma/Genel/Kutular/SiparisBilgileri/SiparisTarihi' located by 'By.xpath: //*[@id = 'dateSiparisTarih_I']' in '30' second(s)

2021-11-18 12:19:50 - [MESSAGE][PASSED] - Keys '31.04.2020' sent to object: 'Object Repository/Olusturma/Genel/Kutular/SiparisBilgileri/SiparisTarihi'

2021-11-18 12:19:50 - [MESSAGE][PASSED] - Call Test Case 'Test Cases/Olusturma/Genel/Kutular/SiparisBilgileriGirilir' successfully

2021-11-18 12:19:50 - [MESSAGE][INFO] - Checking called Test Case

2021-11-18 12:19:50 - [MESSAGE][INFO] - Starting to call Test Case 'Test Cases/Olusturma/Genel/Kutular/IrsaliyeBilgileri'

2021-11-18 12:19:50 - [TEST_CASE][PASSED] - Test Cases/Olusturma/Genel/Kutular/IrsaliyeBilgileri: Test Cases/Olusturma/Genel/Kutular/IrsaliyeBilgileri

2021-11-18 12:19:50 - [TEST_STEP][PASSED] - Method.TextDegerineEsitElementeTikla(findTestObject("Olusturma/Genel/Kutular/KapaliKutular"), "İrsaliye Bilgileri"): Method.TextDegerineEsitElementeTikla is PASSED

2021-11-18 12:19:50 - [MESSAGE][INFO] - Finding Test Object 'Object Repository/Olusturma/Genel/Kutular/KapaliKutular'

2021-11-18 12:19:50 - [MESSAGE][INFO] - Checking timeout

2021-11-18 12:19:50 - [MESSAGE][INFO] - Finding web element with id: 'Object Repository/Olusturma/Genel/Kutular/KapaliKutular' located by 'By.cssSelector: .dxnb-headerCollapsed>span' in '10' second(s)

2021-11-18 12:19:50 - [MESSAGE][INFO] - Smart Wait Function is triggered

2021-11-18 12:19:51 - [MESSAGE][INFO] - Found 8 web elements with id: 'Object Repository/Olusturma/Genel/Kutular/KapaliKutular' located by 'By.cssSelector: .dxnb-headerCollapsed>span' in '10' second(s)

2021-11-18 12:19:51 - [MESSAGE][PASSED] - Method.TextDegerineEsitElementeTikla is PASSED

2021-11-18 12:19:51 - [TEST_STEP][PASSED] - waitForElementClickable(findTestObject("Olusturma/Genel/Kutular/IrsaliyeBilgileri/Ekle"), 10): Object 'Object Repository/Olusturma/Genel/Kutular/IrsaliyeBilgileri/Ekle' is clickable

2021-11-18 12:19:51 - [MESSAGE][INFO] - Finding Test Object 'Object Repository/Olusturma/Genel/Kutular/IrsaliyeBilgileri/Ekle'

2021-11-18 12:19:51 - [MESSAGE][INFO] - Checking object

2021-11-18 12:19:51 - [MESSAGE][INFO] - Checking timeout

2021-11-18 12:19:51 - [MESSAGE][INFO] - Finding web element from Test Object's properties

2021-11-18 12:19:51 - [MESSAGE][INFO] - Checking timeout

2021-11-18 12:19:51 - [MESSAGE][INFO] - Finding web element with id: 'Object Repository/Olusturma/Genel/Kutular/IrsaliyeBilgileri/Ekle' located by 'By.xpath: //*[@id = 'DXEditorgvUserInvoiceBillsNewRowBtn']' in '10' second(s)

2021-11-18 12:19:51 - [MESSAGE][INFO] - Smart Wait Function is triggered

2021-11-18 12:19:51 - [MESSAGE][INFO] - Found 1 web elements with id: 'Object Repository/Olusturma/Genel/Kutular/IrsaliyeBilgileri/Ekle' located by 'By.xpath: //*[@id = 'DXEditorgvUserInvoiceBillsNewRowBtn']' in '10' second(s)

2021-11-18 12:19:51 - [MESSAGE][PASSED] - Object 'Object Repository/Olusturma/Genel/Kutular/IrsaliyeBilgileri/Ekle' is clickable

2021-11-18 12:19:51 - [TEST_STEP][PASSED] - click(findTestObject("Olusturma/Genel/Kutular/IrsaliyeBilgileri/Ekle")): Object: 'Object Repository/Olusturma/Genel/Kutular/IrsaliyeBilgileri/Ekle' is clicked on

2021-11-18 12:19:51 - [MESSAGE][INFO] - Finding Test Object 'Object Repository/Olusturma/Genel/Kutular/IrsaliyeBilgileri/Ekle'

2021-11-18 12:19:51 - [MESSAGE][INFO] - Checking object

2021-11-18 12:19:51 - [MESSAGE][INFO] - Finding web element from Test Object's properties

2021-11-18 12:19:51 - [MESSAGE][INFO] - Checking timeout

2021-11-18 12:19:51 - [MESSAGE][INFO] - Finding web element with id: 'Object Repository/Olusturma/Genel/Kutular/IrsaliyeBilgileri/Ekle' located by 'By.xpath: //*[@id = 'DXEditorgvUserInvoiceBillsNewRowBtn']' in '30' second(s)

2021-11-18 12:19:51 - [MESSAGE][INFO] - Smart Wait Function is triggered

2021-11-18 12:19:52 - [MESSAGE][INFO] - Found 1 web elements with id: 'Object Repository/Olusturma/Genel/Kutular/IrsaliyeBilgileri/Ekle' located by 'By.xpath: //*[@id = 'DXEditorgvUserInvoiceBillsNewRowBtn']' in '30' second(s)

2021-11-18 12:19:52 - [MESSAGE][INFO] - Clicking on object: 'Object Repository/Olusturma/Genel/Kutular/IrsaliyeBilgileri/Ekle'

2021-11-18 12:19:52 - [MESSAGE][PASSED] - Object: 'Object Repository/Olusturma/Genel/Kutular/IrsaliyeBilgileri/Ekle' is clicked on

2021-11-18 12:19:52 - [TEST_STEP][PASSED] - waitForElementPresent(findTestObject("Object Repository/Olusturma/Genel/Kutular/IrsaliyeBilgileri/IrsaliyeNumarasi"), 10): Object 'Object Repository/Olusturma/Genel/Kutular/IrsaliyeBilgileri/IrsaliyeNumarasi' is present

2021-11-18 12:19:52 - [MESSAGE][INFO] - Finding Test Object 'Object Repository/Olusturma/Genel/Kutular/IrsaliyeBilgileri/IrsaliyeNumarasi'

2021-11-18 12:19:52 - [MESSAGE][INFO] - Checking object

2021-11-18 12:19:52 - [MESSAGE][INFO] - Finding web element from Test Object's properties

2021-11-18 12:19:52 - [MESSAGE][INFO] - Checking timeout

2021-11-18 12:19:52 - [MESSAGE][INFO] - Finding web element with id: 'Object Repository/Olusturma/Genel/Kutular/IrsaliyeBilgileri/IrsaliyeNumarasi' located by 'By.xpath: //*[@id = 'gvUserInvoiceBills_DXEditor1_I']' in '10' second(s)

2021-11-18 12:19:52 - [MESSAGE][INFO] - Smart Wait Function is triggered

2021-11-18 12:19:52 - [MESSAGE][INFO] - Smart Wait Function is triggered

2021-11-18 12:19:53 - [MESSAGE][INFO] - Found 1 web elements with id: 'Object Repository/Olusturma/Genel/Kutular/IrsaliyeBilgileri/IrsaliyeNumarasi' located by 'By.xpath: //*[@id = 'gvUserInvoiceBills_DXEditor1_I']' in '10' second(s)

2021-11-18 12:19:53 - [MESSAGE][PASSED] - Object 'Object Repository/Olusturma/Genel/Kutular/IrsaliyeBilgileri/IrsaliyeNumarasi' is present

2021-11-18 12:19:53 - [TEST_STEP][PASSED] - clearText(findTestObject("Object Repository/Olusturma/Genel/Kutular/IrsaliyeBilgileri/IrsaliyeNumarasi")): Text of object 'Object Repository/Olusturma/Genel/Kutular/IrsaliyeBilgileri/IrsaliyeNumarasi' is cleared

2021-11-18 12:19:53 - [MESSAGE][INFO] - Finding Test Object 'Object Repository/Olusturma/Genel/Kutular/IrsaliyeBilgileri/IrsaliyeNumarasi'

2021-11-18 12:19:53 - [MESSAGE][INFO] - Checking object

2021-11-18 12:19:53 - [MESSAGE][INFO] - Finding web element from Test Object's properties

2021-11-18 12:19:53 - [MESSAGE][INFO] - Checking timeout

2021-11-18 12:19:53 - [MESSAGE][INFO] - Finding web element with id: 'Object Repository/Olusturma/Genel/Kutular/IrsaliyeBilgileri/IrsaliyeNumarasi' located by 'By.xpath: //*[@id = 'gvUserInvoiceBills_DXEditor1_I']' in '30' second(s)

2021-11-18 12:19:53 - [MESSAGE][INFO] - Smart Wait Function is triggered

2021-11-18 12:19:53 - [MESSAGE][INFO] - Found 1 web elements with id: 'Object Repository/Olusturma/Genel/Kutular/IrsaliyeBilgileri/IrsaliyeNumarasi' located by 'By.xpath: //*[@id = 'gvUserInvoiceBills_DXEditor1_I']' in '30' second(s)

2021-11-18 12:19:53 - [MESSAGE][INFO] - Clearing text of object 'Object Repository/Olusturma/Genel/Kutular/IrsaliyeBilgileri/IrsaliyeNumarasi'

2021-11-18 12:19:53 - [MESSAGE][PASSED] - Text of object 'Object Repository/Olusturma/Genel/Kutular/IrsaliyeBilgileri/IrsaliyeNumarasi' is cleared

2021-11-18 12:19:53 - [TEST_STEP][PASSED] - sendKeys(findTestObject("Object Repository/Olusturma/Genel/Kutular/IrsaliyeBilgileri/IrsaliyeNumarasi"), Numara): Keys 'AAAAAAAAAA' sent to object: 'Object Repository/Olusturma/Genel/Kutular/IrsaliyeBilgileri/IrsaliyeNumarasi'

2021-11-18 12:19:53 - [MESSAGE][INFO] - Finding Test Object 'Object Repository/Olusturma/Genel/Kutular/IrsaliyeBilgileri/IrsaliyeNumarasi'

2021-11-18 12:19:53 - [MESSAGE][INFO] - Sending keys 'AAAAAAAAAA' to object: 'Object Repository/Olusturma/Genel/Kutular/IrsaliyeBilgileri/IrsaliyeNumarasi'

2021-11-18 12:19:53 - [MESSAGE][INFO] - Finding web element from Test Object's properties

2021-11-18 12:19:53 - [MESSAGE][INFO] - Checking timeout

2021-11-18 12:19:53 - [MESSAGE][INFO] - Finding web element with id: 'Object Repository/Olusturma/Genel/Kutular/IrsaliyeBilgileri/IrsaliyeNumarasi' located by 'By.xpath: //*[@id = 'gvUserInvoiceBills_DXEditor1_I']' in '30' second(s)

2021-11-18 12:19:53 - [MESSAGE][INFO] - Smart Wait Function is triggered

2021-11-18 12:19:54 - [MESSAGE][INFO] - Found 1 web elements with id: 'Object Repository/Olusturma/Genel/Kutular/IrsaliyeBilgileri/IrsaliyeNumarasi' located by 'By.xpath: //*[@id = 'gvUserInvoiceBills_DXEditor1_I']' in '30' second(s)

2021-11-18 12:19:54 - [MESSAGE][PASSED] - Keys 'AAAAAAAAAA' sent to object: 'Object Repository/Olusturma/Genel/Kutular/IrsaliyeBilgileri/IrsaliyeNumarasi'

2021-11-18 12:19:54 - [TEST_STEP][PASSED] - waitForElementClickable(findTestObject("Object Repository/Olusturma/Genel/Kutular/IrsaliyeBilgileri/IrsaliyeTarihi"), 10): Object 'Object Repository/Olusturma/Genel/Kutular/IrsaliyeBilgileri/IrsaliyeTarihi' is clickable

2021-11-18 12:19:54 - [MESSAGE][INFO] - Finding Test Object 'Object Repository/Olusturma/Genel/Kutular/IrsaliyeBilgileri/IrsaliyeTarihi'

2021-11-18 12:19:54 - [MESSAGE][INFO] - Checking object

2021-11-18 12:19:54 - [MESSAGE][INFO] - Checking timeout

2021-11-18 12:19:54 - [MESSAGE][INFO] - Finding web element from Test Object's properties

2021-11-18 12:19:54 - [MESSAGE][INFO] - Checking timeout

2021-11-18 12:19:54 - [MESSAGE][INFO] - Finding web element with id: 'Object Repository/Olusturma/Genel/Kutular/IrsaliyeBilgileri/IrsaliyeTarihi' located by 'By.xpath: //*[@id = 'gvUserInvoiceBills_DXEditor2_I']' in '10' second(s)

2021-11-18 12:19:54 - [MESSAGE][INFO] - Smart Wait Function is triggered

2021-11-18 12:19:54 - [MESSAGE][INFO] - Found 1 web elements with id: 'Object Repository/Olusturma/Genel/Kutular/IrsaliyeBilgileri/IrsaliyeTarihi' located by 'By.xpath: //*[@id = 'gvUserInvoiceBills_DXEditor2_I']' in '10' second(s)

2021-11-18 12:19:54 - [MESSAGE][PASSED] - Object 'Object Repository/Olusturma/Genel/Kutular/IrsaliyeBilgileri/IrsaliyeTarihi' is clickable

2021-11-18 12:19:54 - [TEST_STEP][PASSED] - click(findTestObject("Object Repository/Olusturma/Genel/Kutular/IrsaliyeBilgileri/IrsaliyeTarihi")): Object: 'Object Repository/Olusturma/Genel/Kutular/IrsaliyeBilgileri/IrsaliyeTarihi' is clicked on

2021-11-18 12:19:54 - [MESSAGE][INFO] - Finding Test Object 'Object Repository/Olusturma/Genel/Kutular/IrsaliyeBilgileri/IrsaliyeTarihi'

2021-11-18 12:19:54 - [MESSAGE][INFO] - Checking object

2021-11-18 12:19:54 - [MESSAGE][INFO] - Finding web element from Test Object's properties

2021-11-18 12:19:54 - [MESSAGE][INFO] - Checking timeout

2021-11-18 12:19:54 - [MESSAGE][INFO] - Finding web element with id: 'Object Repository/Olusturma/Genel/Kutular/IrsaliyeBilgileri/IrsaliyeTarihi' located by 'By.xpath: //*[@id = 'gvUserInvoiceBills_DXEditor2_I']' in '30' second(s)

2021-11-18 12:19:54 - [MESSAGE][INFO] - Smart Wait Function is triggered

2021-11-18 12:19:54 - [MESSAGE][INFO] - Found 1 web elements with id: 'Object Repository/Olusturma/Genel/Kutular/IrsaliyeBilgileri/IrsaliyeTarihi' located by 'By.xpath: //*[@id = 'gvUserInvoiceBills_DXEditor2_I']' in '30' second(s)

2021-11-18 12:19:54 - [MESSAGE][INFO] - Clicking on object: 'Object Repository/Olusturma/Genel/Kutular/IrsaliyeBilgileri/IrsaliyeTarihi'

2021-11-18 12:19:54 - [MESSAGE][PASSED] - Object: 'Object Repository/Olusturma/Genel/Kutular/IrsaliyeBilgileri/IrsaliyeTarihi' is clicked on

2021-11-18 12:19:54 - [TEST_STEP][PASSED] - sendKeys(findTestObject("Object Repository/Olusturma/Genel/Kutular/IrsaliyeBilgileri/IrsaliyeTarihi"), Tarih): Keys '31.04.2020' sent to object: 'Object Repository/Olusturma/Genel/Kutular/IrsaliyeBilgileri/IrsaliyeTarihi'

2021-11-18 12:19:54 - [MESSAGE][INFO] - Finding Test Object 'Object Repository/Olusturma/Genel/Kutular/IrsaliyeBilgileri/IrsaliyeTarihi'

2021-11-18 12:19:55 - [MESSAGE][INFO] - Sending keys '31.04.2020' to object: 'Object Repository/Olusturma/Genel/Kutular/IrsaliyeBilgileri/IrsaliyeTarihi'

2021-11-18 12:19:55 - [MESSAGE][INFO] - Finding web element from Test Object's properties

2021-11-18 12:19:55 - [MESSAGE][INFO] - Checking timeout

2021-11-18 12:19:55 - [MESSAGE][INFO] - Finding web element with id: 'Object Repository/Olusturma/Genel/Kutular/IrsaliyeBilgileri/IrsaliyeTarihi' located by 'By.xpath: //*[@id = 'gvUserInvoiceBills_DXEditor2_I']' in '30' second(s)

2021-11-18 12:19:55 - [MESSAGE][INFO] - Smart Wait Function is triggered

2021-11-18 12:19:55 - [MESSAGE][INFO] - Found 1 web elements with id: 'Object Repository/Olusturma/Genel/Kutular/IrsaliyeBilgileri/IrsaliyeTarihi' located by 'By.xpath: //*[@id = 'gvUserInvoiceBills_DXEditor2_I']' in '30' second(s)

2021-11-18 12:19:55 - [MESSAGE][PASSED] - Keys '31.04.2020' sent to object: 'Object Repository/Olusturma/Genel/Kutular/IrsaliyeBilgileri/IrsaliyeTarihi'

2021-11-18 12:19:55 - [MESSAGE][PASSED] - Call Test Case 'Test Cases/Olusturma/Genel/Kutular/IrsaliyeBilgileri' successfully

2021-11-18 12:19:55 - [MESSAGE][INFO] - Checking called Test Case

2021-11-18 12:19:55 - [MESSAGE][INFO] - Starting to call Test Case 'Test Cases/Olusturma/Genel/EkleButonunaBasilir'

2021-11-18 12:19:55 - [TEST_CASE][PASSED] - Test Cases/Olusturma/Genel/EkleButonunaBasilir: Test Cases/Olusturma/Genel/EkleButonunaBasilir

2021-11-18 12:19:55 - [TEST_STEP][PASSED] - waitForElementClickable(findTestObject("Object Repository/Olusturma/Genel/Olusturma/Ekle"), 10): Object 'Object Repository/Olusturma/Genel/Olusturma/Ekle' is clickable

2021-11-18 12:19:55 - [MESSAGE][INFO] - Finding Test Object 'Object Repository/Olusturma/Genel/Olusturma/Ekle'

2021-11-18 12:19:55 - [MESSAGE][INFO] - Checking object

2021-11-18 12:19:55 - [MESSAGE][INFO] - Checking timeout

2021-11-18 12:19:55 - [MESSAGE][INFO] - Finding web element from Test Object's properties

2021-11-18 12:19:55 - [MESSAGE][INFO] - Checking timeout

2021-11-18 12:19:55 - [MESSAGE][INFO] - Finding web element with id: 'Object Repository/Olusturma/Genel/Olusturma/Ekle' located by 'By.cssSelector: #divmalhizmet i.fa.fa-plus.fa-lg.text-muted' in '10' second(s)

2021-11-18 12:19:55 - [MESSAGE][INFO] - Smart Wait Function is triggered

2021-11-18 12:19:55 - [MESSAGE][INFO] - Found 1 web elements with id: 'Object Repository/Olusturma/Genel/Olusturma/Ekle' located by 'By.cssSelector: #divmalhizmet i.fa.fa-plus.fa-lg.text-muted' in '10' second(s)

2021-11-18 12:19:55 - [MESSAGE][PASSED] - Object 'Object Repository/Olusturma/Genel/Olusturma/Ekle' is clickable

2021-11-18 12:19:55 - [TEST_STEP][PASSED] - click(findTestObject("Object Repository/Olusturma/Genel/Olusturma/Ekle")): Object: 'Object Repository/Olusturma/Genel/Olusturma/Ekle' is clicked on

2021-11-18 12:19:55 - [MESSAGE][INFO] - Finding Test Object 'Object Repository/Olusturma/Genel/Olusturma/Ekle'

2021-11-18 12:19:56 - [MESSAGE][INFO] - Checking object

2021-11-18 12:19:56 - [MESSAGE][INFO] - Finding web element from Test Object's properties

2021-11-18 12:19:56 - [MESSAGE][INFO] - Checking timeout

2021-11-18 12:19:56 - [MESSAGE][INFO] - Finding web element with id: 'Object Repository/Olusturma/Genel/Olusturma/Ekle' located by 'By.cssSelector: #divmalhizmet i.fa.fa-plus.fa-lg.text-muted' in '30' second(s)

2021-11-18 12:19:56 - [MESSAGE][INFO] - Smart Wait Function is triggered

2021-11-18 12:19:56 - [MESSAGE][INFO] - Found 1 web elements with id: 'Object Repository/Olusturma/Genel/Olusturma/Ekle' located by 'By.cssSelector: #divmalhizmet i.fa.fa-plus.fa-lg.text-muted' in '30' second(s)

2021-11-18 12:19:56 - [MESSAGE][INFO] - Clicking on object: 'Object Repository/Olusturma/Genel/Olusturma/Ekle'

2021-11-18 12:19:56 - [MESSAGE][PASSED] - Object: 'Object Repository/Olusturma/Genel/Olusturma/Ekle' is clicked on

2021-11-18 12:19:56 - [TEST_STEP][PASSED] - waitForElementClickable(findTestObject("Olusturma/Genel/Olusturma/EklenenSatirCarpiImage"), 10): Object 'Object Repository/Olusturma/Genel/Olusturma/EklenenSatirCarpiImage' is clickable

2021-11-18 12:19:56 - [MESSAGE][INFO] - Finding Test Object 'Object Repository/Olusturma/Genel/Olusturma/EklenenSatirCarpiImage'

2021-11-18 12:19:56 - [MESSAGE][INFO] - Checking object

2021-11-18 12:19:56 - [MESSAGE][INFO] - Checking timeout

2021-11-18 12:19:56 - [MESSAGE][INFO] - Finding web element from Test Object's properties

2021-11-18 12:19:56 - [MESSAGE][INFO] - Checking timeout

2021-11-18 12:19:56 - [MESSAGE][INFO] - Finding web element with id: 'Object Repository/Olusturma/Genel/Olusturma/EklenenSatirCarpiImage' located by 'By.cssSelector: .fa.fa-times.fa-lg.text-primary' in '10' second(s)

2021-11-18 12:19:56 - [MESSAGE][INFO] - Smart Wait Function is triggered

2021-11-18 12:19:56 - [MESSAGE][INFO] - Found 1 web elements with id: 'Object Repository/Olusturma/Genel/Olusturma/EklenenSatirCarpiImage' located by 'By.cssSelector: .fa.fa-times.fa-lg.text-primary' in '10' second(s)

2021-11-18 12:19:56 - [MESSAGE][PASSED] - Object 'Object Repository/Olusturma/Genel/Olusturma/EklenenSatirCarpiImage' is clickable

2021-11-18 12:19:56 - [MESSAGE][PASSED] - Call Test Case 'Test Cases/Olusturma/Genel/EkleButonunaBasilir' successfully

2021-11-18 12:19:56 - [MESSAGE][INFO] - Checking called Test Case

2021-11-18 12:19:56 - [MESSAGE][INFO] - Starting to call Test Case 'Test Cases/Olusturma/Genel/Olusturma'

2021-11-18 12:19:56 - [TEST_CASE][PASSED] - Test Cases/Olusturma/Genel/Olusturma: Test Cases/Olusturma/Genel/Olusturma

2021-11-18 12:19:56 - [TEST_STEP][PASSED] - driver = getWebDriver(): null

2021-11-18 12:19:56 - [TEST_STEP][PASSED] - action = new org.openqa.selenium.interactions.Actions(driver): null

2021-11-18 12:19:56 - [TEST_STEP][PASSED] - baslikElement = <not implemented yet for class: org.codehaus.groovy.ast.expr.EmptyExpression>: null

2021-11-18 12:19:56 - [TEST_STEP][PASSED] - sonElement = <not implemented yet for class: org.codehaus.groovy.ast.expr.EmptyExpression>: null

2021-11-18 12:19:56 - [TEST_STEP][PASSED] - attr = <not implemented yet for class: org.codehaus.groovy.ast.expr.EmptyExpression>: null

2021-11-18 12:19:56 - [TEST_STEP][PASSED] - a = 0: null

2021-11-18 12:19:56 - [TEST_STEP][PASSED] - elements = findWebElements(findTestObject("Object Repository/Olusturma/Genel/Olusturma/TabloBasliklari"), 10): Found 14 web elements with id: 'Object Repository/Olusturma/Genel/Olusturma/TabloBasliklari' located by 'By.cssSelector: div#divmalhizmet .dxgvTable_LECustomTheme td.dxgvHeader_LECustomTheme tr>td:nth-child(1)' in '10' second(s)

2021-11-18 12:19:56 - [MESSAGE][INFO] - Finding Test Object 'Object Repository/Olusturma/Genel/Olusturma/TabloBasliklari'

2021-11-18 12:19:56 - [MESSAGE][INFO] - Checking timeout

2021-11-18 12:19:56 - [MESSAGE][INFO] - Finding web element with id: 'Object Repository/Olusturma/Genel/Olusturma/TabloBasliklari' located by 'By.cssSelector: div#divmalhizmet .dxgvTable_LECustomTheme td.dxgvHeader_LECustomTheme tr>td:nth-child(1)' in '10' second(s)

2021-11-18 12:19:56 - [MESSAGE][INFO] - Smart Wait Function is triggered

2021-11-18 12:19:57 - [MESSAGE][INFO] - Found 14 web elements with id: 'Object Repository/Olusturma/Genel/Olusturma/TabloBasliklari' located by 'By.cssSelector: div#divmalhizmet .dxgvTable_LECustomTheme td.dxgvHeader_LECustomTheme tr>td:nth-child(1)' in '10' second(s)

2021-11-18 12:19:57 - [TEST_STEP][PASSED] - for (def element : elements): null

2021-11-18 12:19:57 - [TEST_STEP][PASSED] - build().perform(): null

2021-11-18 12:19:57 - [TEST_STEP][PASSED] - if (getText().equals(Baslik)): null

2021-11-18 12:19:57 - [TEST_STEP][PASSED] - baslikElement = element.findElement(By.xpath("../../../..")): Smart Wait Function is triggered

2021-11-18 12:19:57 - [MESSAGE][INFO] - Smart Wait Function is triggered

2021-11-18 12:19:58 - [TEST_STEP][PASSED] - attr = baslikElement.getAttribute("id"): null

2021-11-18 12:19:58 - [TEST_STEP][PASSED] - println("girdi ve idsini aldı = " + attr): null

2021-11-18 12:19:58 - [TEST_STEP][PASSED] - break: null

2021-11-18 12:19:58 - [TEST_STEP][PASSED] - countElement = baslikElement.findElements(By.xpath("../td")): Smart Wait Function is triggered

2021-11-18 12:19:58 - [MESSAGE][INFO] - Smart Wait Function is triggered

2021-11-18 12:19:58 - [TEST_STEP][PASSED] - for (def element : countElement): null

2021-11-18 12:19:58 - [TEST_STEP][PASSED] - if (toString().equals(attr.toString())): null

2021-11-18 12:19:58 - [TEST_STEP][PASSED] - (a++): null

2021-11-18 12:19:58 - [TEST_STEP][PASSED] - if (toString().equals(attr.toString())): null

2021-11-18 12:19:58 - [TEST_STEP][PASSED] - break: null

2021-11-18 12:19:58 - [TEST_STEP][PASSED] - son = findWebElement(findTestObject("Object Repository/Olusturma/Genel/Olusturma/EklenenSatir")).findElement(By.xpath("td[@class='dxgvInlineEditCell_LECustomTheme dxgv'][" + a + "]//td[@class='dxic']/input")): Smart Wait Function is triggered

2021-11-18 12:19:58 - [MESSAGE][INFO] - Finding Test Object 'Object Repository/Olusturma/Genel/Olusturma/EklenenSatir'

2021-11-18 12:19:58 - [MESSAGE][INFO] - Finding web element from Test Object's properties

2021-11-18 12:19:58 - [MESSAGE][INFO] - Checking timeout

2021-11-18 12:19:58 - [MESSAGE][INFO] - Finding web element with id: 'Object Repository/Olusturma/Genel/Olusturma/EklenenSatir' located by 'By.cssSelector: #divmalhizmet .dxgvInlineEditRow_LECustomTheme' in '30' second(s)

2021-11-18 12:19:58 - [MESSAGE][INFO] - Smart Wait Function is triggered

2021-11-18 12:19:58 - [MESSAGE][INFO] - Found 1 web elements with id: 'Object Repository/Olusturma/Genel/Olusturma/EklenenSatir' located by 'By.cssSelector: #divmalhizmet .dxgvInlineEditRow_LECustomTheme' in '30' second(s)

2021-11-18 12:19:58 - [MESSAGE][INFO] - Smart Wait Function is triggered

2021-11-18 12:19:59 - [TEST_STEP][PASSED] - if (!(getAttribute("value").contains("Vkn"))): null

2021-11-18 12:19:59 - [TEST_STEP][PASSED] - son.clear(): null

2021-11-18 12:19:59 - [TEST_STEP][PASSED] - son.sendKeys(Deger): null

2021-11-18 12:19:59 - [MESSAGE][PASSED] - Call Test Case 'Test Cases/Olusturma/Genel/Olusturma' successfully

2021-11-18 12:19:59 - [MESSAGE][INFO] - Checking called Test Case

2021-11-18 12:19:59 - [MESSAGE][INFO] - Starting to call Test Case 'Test Cases/Olusturma/Genel/Olusturma'

2021-11-18 12:19:59 - [TEST_CASE][PASSED] - Test Cases/Olusturma/Genel/Olusturma: Test Cases/Olusturma/Genel/Olusturma

2021-11-18 12:19:59 - [TEST_STEP][PASSED] - driver = getWebDriver(): null

2021-11-18 12:19:59 - [TEST_STEP][PASSED] - action = new org.openqa.selenium.interactions.Actions(driver): null

2021-11-18 12:19:59 - [TEST_STEP][PASSED] - baslikElement = <not implemented yet for class: org.codehaus.groovy.ast.expr.EmptyExpression>: null

2021-11-18 12:19:59 - [TEST_STEP][PASSED] - sonElement = <not implemented yet for class: org.codehaus.groovy.ast.expr.EmptyExpression>: null

2021-11-18 12:19:59 - [TEST_STEP][PASSED] - attr = <not implemented yet for class: org.codehaus.groovy.ast.expr.EmptyExpression>: null

2021-11-18 12:19:59 - [TEST_STEP][PASSED] - a = 0: null

2021-11-18 12:19:59 - [TEST_STEP][PASSED] - elements = findWebElements(findTestObject("Object Repository/Olusturma/Genel/Olusturma/TabloBasliklari"), 10): Found 14 web elements with id: 'Object Repository/Olusturma/Genel/Olusturma/TabloBasliklari' located by 'By.cssSelector: div#divmalhizmet .dxgvTable_LECustomTheme td.dxgvHeader_LECustomTheme tr>td:nth-child(1)' in '10' second(s)

2021-11-18 12:19:59 - [MESSAGE][INFO] - Finding Test Object 'Object Repository/Olusturma/Genel/Olusturma/TabloBasliklari'

2021-11-18 12:19:59 - [MESSAGE][INFO] - Checking timeout

2021-11-18 12:19:59 - [MESSAGE][INFO] - Finding web element with id: 'Object Repository/Olusturma/Genel/Olusturma/TabloBasliklari' located by 'By.cssSelector: div#divmalhizmet .dxgvTable_LECustomTheme td.dxgvHeader_LECustomTheme tr>td:nth-child(1)' in '10' second(s)

2021-11-18 12:19:59 - [MESSAGE][INFO] - Smart Wait Function is triggered

2021-11-18 12:19:59 - [MESSAGE][INFO] - Found 14 web elements with id: 'Object Repository/Olusturma/Genel/Olusturma/TabloBasliklari' located by 'By.cssSelector: div#divmalhizmet .dxgvTable_LECustomTheme td.dxgvHeader_LECustomTheme tr>td:nth-child(1)' in '10' second(s)

2021-11-18 12:19:59 - [TEST_STEP][PASSED] - for (def element : elements): null

2021-11-18 12:19:59 - [TEST_STEP][PASSED] - build().perform(): null

2021-11-18 12:19:59 - [TEST_STEP][PASSED] - if (getText().equals(Baslik)): null

2021-11-18 12:19:59 - [TEST_STEP][PASSED] - build().perform(): null

2021-11-18 12:20:00 - [TEST_STEP][PASSED] - if (getText().equals(Baslik)): null

2021-11-18 12:20:00 - [TEST_STEP][PASSED] - baslikElement = element.findElement(By.xpath("../../../..")): Smart Wait Function is triggered

2021-11-18 12:20:00 - [MESSAGE][INFO] - Smart Wait Function is triggered

2021-11-18 12:20:00 - [TEST_STEP][PASSED] - attr = baslikElement.getAttribute("id"): null

2021-11-18 12:20:00 - [TEST_STEP][PASSED] - println("girdi ve idsini aldı = " + attr): null

2021-11-18 12:20:00 - [TEST_STEP][PASSED] - break: null

2021-11-18 12:20:00 - [TEST_STEP][PASSED] - countElement = baslikElement.findElements(By.xpath("../td")): Smart Wait Function is triggered

2021-11-18 12:20:00 - [MESSAGE][INFO] - Smart Wait Function is triggered

2021-11-18 12:20:00 - [TEST_STEP][PASSED] - for (def element : countElement): null

2021-11-18 12:20:00 - [TEST_STEP][PASSED] - if (toString().equals(attr.toString())): null

2021-11-18 12:20:00 - [TEST_STEP][PASSED] - (a++): null

2021-11-18 12:20:00 - [TEST_STEP][PASSED] - if (toString().equals(attr.toString())): null

2021-11-18 12:20:00 - [TEST_STEP][PASSED] - (a++): null

2021-11-18 12:20:00 - [TEST_STEP][PASSED] - if (toString().equals(attr.toString())): null

2021-11-18 12:20:00 - [TEST_STEP][PASSED] - break: null

2021-11-18 12:20:00 - [TEST_STEP][PASSED] - son = findWebElement(findTestObject("Object Repository/Olusturma/Genel/Olusturma/EklenenSatir")).findElement(By.xpath("td[@class='dxgvInlineEditCell_LECustomTheme dxgv'][" + a + "]//td[@class='dxic']/input")): Smart Wait Function is triggered

2021-11-18 12:20:00 - [MESSAGE][INFO] - Finding Test Object 'Object Repository/Olusturma/Genel/Olusturma/EklenenSatir'

2021-11-18 12:20:00 - [MESSAGE][INFO] - Finding web element from Test Object's properties

2021-11-18 12:20:00 - [MESSAGE][INFO] - Checking timeout

2021-11-18 12:20:00 - [MESSAGE][INFO] - Finding web element with id: 'Object Repository/Olusturma/Genel/Olusturma/EklenenSatir' located by 'By.cssSelector: #divmalhizmet .dxgvInlineEditRow_LECustomTheme' in '30' second(s)

2021-11-18 12:20:00 - [MESSAGE][INFO] - Smart Wait Function is triggered

2021-11-18 12:20:01 - [MESSAGE][INFO] - Found 1 web elements with id: 'Object Repository/Olusturma/Genel/Olusturma/EklenenSatir' located by 'By.cssSelector: #divmalhizmet .dxgvInlineEditRow_LECustomTheme' in '30' second(s)

2021-11-18 12:20:01 - [MESSAGE][INFO] - Smart Wait Function is triggered

2021-11-18 12:20:01 - [TEST_STEP][PASSED] - if (!(getAttribute("value").contains("Vkn"))): null

2021-11-18 12:20:01 - [TEST_STEP][PASSED] - son.clear(): null

2021-11-18 12:20:01 - [TEST_STEP][PASSED] - son.sendKeys(Deger): null

2021-11-18 12:20:01 - [MESSAGE][PASSED] - Call Test Case 'Test Cases/Olusturma/Genel/Olusturma' successfully

2021-11-18 12:20:01 - [MESSAGE][INFO] - Checking called Test Case

2021-11-18 12:20:01 - [MESSAGE][INFO] - Starting to call Test Case 'Test Cases/Olusturma/Genel/Olusturma'

2021-11-18 12:20:01 - [TEST_CASE][PASSED] - Test Cases/Olusturma/Genel/Olusturma: Test Cases/Olusturma/Genel/Olusturma

2021-11-18 12:20:01 - [TEST_STEP][PASSED] - driver = getWebDriver(): null

2021-11-18 12:20:01 - [TEST_STEP][PASSED] - action = new org.openqa.selenium.interactions.Actions(driver): null

2021-11-18 12:20:01 - [TEST_STEP][PASSED] - baslikElement = <not implemented yet for class: org.codehaus.groovy.ast.expr.EmptyExpression>: null

2021-11-18 12:20:01 - [TEST_STEP][PASSED] - sonElement = <not implemented yet for class: org.codehaus.groovy.ast.expr.EmptyExpression>: null

2021-11-18 12:20:01 - [TEST_STEP][PASSED] - attr = <not implemented yet for class: org.codehaus.groovy.ast.expr.EmptyExpression>: null

2021-11-18 12:20:01 - [TEST_STEP][PASSED] - a = 0: null

2021-11-18 12:20:01 - [TEST_STEP][PASSED] - elements = findWebElements(findTestObject("Object Repository/Olusturma/Genel/Olusturma/TabloBasliklari"), 10): Found 14 web elements with id: 'Object Repository/Olusturma/Genel/Olusturma/TabloBasliklari' located by 'By.cssSelector: div#divmalhizmet .dxgvTable_LECustomTheme td.dxgvHeader_LECustomTheme tr>td:nth-child(1)' in '10' second(s)

2021-11-18 12:20:01 - [MESSAGE][INFO] - Finding Test Object 'Object Repository/Olusturma/Genel/Olusturma/TabloBasliklari'

2021-11-18 12:20:01 - [MESSAGE][INFO] - Checking timeout

2021-11-18 12:20:01 - [MESSAGE][INFO] - Finding web element with id: 'Object Repository/Olusturma/Genel/Olusturma/TabloBasliklari' located by 'By.cssSelector: div#divmalhizmet .dxgvTable_LECustomTheme td.dxgvHeader_LECustomTheme tr>td:nth-child(1)' in '10' second(s)

2021-11-18 12:20:01 - [MESSAGE][INFO] - Smart Wait Function is triggered

2021-11-18 12:20:01 - [MESSAGE][INFO] - Found 14 web elements with id: 'Object Repository/Olusturma/Genel/Olusturma/TabloBasliklari' located by 'By.cssSelector: div#divmalhizmet .dxgvTable_LECustomTheme td.dxgvHeader_LECustomTheme tr>td:nth-child(1)' in '10' second(s)

2021-11-18 12:20:01 - [TEST_STEP][PASSED] - for (def element : elements): null

2021-11-18 12:20:01 - [TEST_STEP][PASSED] - build().perform(): null

2021-11-18 12:20:01 - [TEST_STEP][PASSED] - if (getText().equals(Baslik)): null

2021-11-18 12:20:01 - [TEST_STEP][PASSED] - build().perform(): null

2021-11-18 12:20:02 - [TEST_STEP][PASSED] - if (getText().equals(Baslik)): null

2021-11-18 12:20:02 - [TEST_STEP][PASSED] - build().perform(): null

2021-11-18 12:20:02 - [TEST_STEP][PASSED] - if (getText().equals(Baslik)): null

2021-11-18 12:20:02 - [TEST_STEP][PASSED] - build().perform(): null

2021-11-18 12:20:02 - [TEST_STEP][PASSED] - if (getText().equals(Baslik)): null

2021-11-18 12:20:02 - [TEST_STEP][PASSED] - baslikElement = element.findElement(By.xpath("../../../..")): Smart Wait Function is triggered

2021-11-18 12:20:02 - [MESSAGE][INFO] - Smart Wait Function is triggered

2021-11-18 12:20:02 - [TEST_STEP][PASSED] - attr = baslikElement.getAttribute("id"): null

2021-11-18 12:20:02 - [TEST_STEP][PASSED] - println("girdi ve idsini aldı = " + attr): null

2021-11-18 12:20:02 - [TEST_STEP][PASSED] - break: null

2021-11-18 12:20:02 - [TEST_STEP][PASSED] - countElement = baslikElement.findElements(By.xpath("../td")): Smart Wait Function is triggered

2021-11-18 12:20:02 - [MESSAGE][INFO] - Smart Wait Function is triggered

2021-11-18 12:20:03 - [TEST_STEP][PASSED] - for (def element : countElement): null

2021-11-18 12:20:03 - [TEST_STEP][PASSED] - if (toString().equals(attr.toString())): null

2021-11-18 12:20:03 - [TEST_STEP][PASSED] - (a++): null

2021-11-18 12:20:03 - [TEST_STEP][PASSED] - if (toString().equals(attr.toString())): null

2021-11-18 12:20:03 - [TEST_STEP][PASSED] - (a++): null

2021-11-18 12:20:03 - [TEST_STEP][PASSED] - if (toString().equals(attr.toString())): null

2021-11-18 12:20:03 - [TEST_STEP][PASSED] - (a++): null

2021-11-18 12:20:03 - [TEST_STEP][PASSED] - if (toString().equals(attr.toString())): null

2021-11-18 12:20:03 - [TEST_STEP][PASSED] - (a++): null

2021-11-18 12:20:03 - [TEST_STEP][PASSED] - if (toString().equals(attr.toString())): null

2021-11-18 12:20:03 - [TEST_STEP][PASSED] - break: null

2021-11-18 12:20:03 - [TEST_STEP][PASSED] - son = findWebElement(findTestObject("Object Repository/Olusturma/Genel/Olusturma/EklenenSatir")).findElement(By.xpath("td[@class='dxgvInlineEditCell_LECustomTheme dxgv'][" + a + "]//td[@class='dxic']/input")): Smart Wait Function is triggered

2021-11-18 12:20:03 - [MESSAGE][INFO] - Finding Test Object 'Object Repository/Olusturma/Genel/Olusturma/EklenenSatir'

2021-11-18 12:20:03 - [MESSAGE][INFO] - Finding web element from Test Object's properties

2021-11-18 12:20:03 - [MESSAGE][INFO] - Checking timeout

2021-11-18 12:20:03 - [MESSAGE][INFO] - Finding web element with id: 'Object Repository/Olusturma/Genel/Olusturma/EklenenSatir' located by 'By.cssSelector: #divmalhizmet .dxgvInlineEditRow_LECustomTheme' in '30' second(s)

2021-11-18 12:20:03 - [MESSAGE][INFO] - Smart Wait Function is triggered

2021-11-18 12:20:03 - [MESSAGE][INFO] - Found 1 web elements with id: 'Object Repository/Olusturma/Genel/Olusturma/EklenenSatir' located by 'By.cssSelector: #divmalhizmet .dxgvInlineEditRow_LECustomTheme' in '30' second(s)

2021-11-18 12:20:03 - [MESSAGE][INFO] - Smart Wait Function is triggered

2021-11-18 12:20:03 - [TEST_STEP][PASSED] - if (!(getAttribute("value").contains("Vkn"))): null

2021-11-18 12:20:03 - [TEST_STEP][PASSED] - son.clear(): null

2021-11-18 12:20:03 - [TEST_STEP][PASSED] - son.sendKeys(Deger): null

2021-11-18 12:20:03 - [MESSAGE][PASSED] - Call Test Case 'Test Cases/Olusturma/Genel/Olusturma' successfully

2021-11-18 12:20:03 - [MESSAGE][INFO] - Checking called Test Case

2021-11-18 12:20:03 - [MESSAGE][INFO] - Starting to call Test Case 'Test Cases/Olusturma/Genel/Olusturma'

2021-11-18 12:20:03 - [TEST_CASE][PASSED] - Test Cases/Olusturma/Genel/Olusturma: Test Cases/Olusturma/Genel/Olusturma

2021-11-18 12:20:03 - [TEST_STEP][PASSED] - driver = getWebDriver(): null

2021-11-18 12:20:03 - [TEST_STEP][PASSED] - action = new org.openqa.selenium.interactions.Actions(driver): null

2021-11-18 12:20:03 - [TEST_STEP][PASSED] - baslikElement = <not implemented yet for class: org.codehaus.groovy.ast.expr.EmptyExpression>: null

2021-11-18 12:20:03 - [TEST_STEP][PASSED] - sonElement = <not implemented yet for class: org.codehaus.groovy.ast.expr.EmptyExpression>: null

2021-11-18 12:20:03 - [TEST_STEP][PASSED] - attr = <not implemented yet for class: org.codehaus.groovy.ast.expr.EmptyExpression>: null

2021-11-18 12:20:03 - [TEST_STEP][PASSED] - a = 0: null

2021-11-18 12:20:03 - [TEST_STEP][PASSED] - elements = findWebElements(findTestObject("Object Repository/Olusturma/Genel/Olusturma/TabloBasliklari"), 10): Found 14 web elements with id: 'Object Repository/Olusturma/Genel/Olusturma/TabloBasliklari' located by 'By.cssSelector: div#divmalhizmet .dxgvTable_LECustomTheme td.dxgvHeader_LECustomTheme tr>td:nth-child(1)' in '10' second(s)

2021-11-18 12:20:03 - [MESSAGE][INFO] - Finding Test Object 'Object Repository/Olusturma/Genel/Olusturma/TabloBasliklari'

2021-11-18 12:20:04 - [MESSAGE][INFO] - Checking timeout

2021-11-18 12:20:04 - [MESSAGE][INFO] - Finding web element with id: 'Object Repository/Olusturma/Genel/Olusturma/TabloBasliklari' located by 'By.cssSelector: div#divmalhizmet .dxgvTable_LECustomTheme td.dxgvHeader_LECustomTheme tr>td:nth-child(1)' in '10' second(s)

2021-11-18 12:20:04 - [MESSAGE][INFO] - Smart Wait Function is triggered

2021-11-18 12:20:04 - [MESSAGE][INFO] - Found 14 web elements with id: 'Object Repository/Olusturma/Genel/Olusturma/TabloBasliklari' located by 'By.cssSelector: div#divmalhizmet .dxgvTable_LECustomTheme td.dxgvHeader_LECustomTheme tr>td:nth-child(1)' in '10' second(s)

2021-11-18 12:20:04 - [TEST_STEP][PASSED] - for (def element : elements): null

2021-11-18 12:20:04 - [TEST_STEP][PASSED] - build().perform(): null

2021-11-18 12:20:04 - [TEST_STEP][PASSED] - if (getText().equals(Baslik)): null

2021-11-18 12:20:04 - [TEST_STEP][PASSED] - build().perform(): null

2021-11-18 12:20:04 - [TEST_STEP][PASSED] - if (getText().equals(Baslik)): null

2021-11-18 12:20:04 - [TEST_STEP][PASSED] - build().perform(): null

2021-11-18 12:20:04 - [TEST_STEP][PASSED] - if (getText().equals(Baslik)): null

2021-11-18 12:20:04 - [TEST_STEP][PASSED] - build().perform(): null

2021-11-18 12:20:04 - [TEST_STEP][PASSED] - if (getText().equals(Baslik)): null

2021-11-18 12:20:04 - [TEST_STEP][PASSED] - build().perform(): null

2021-11-18 12:20:05 - [TEST_STEP][PASSED] - if (getText().equals(Baslik)): null

2021-11-18 12:20:05 - [TEST_STEP][PASSED] - build().perform(): null

2021-11-18 12:20:05 - [TEST_STEP][PASSED] - if (getText().equals(Baslik)): null

2021-11-18 12:20:05 - [TEST_STEP][PASSED] - baslikElement = element.findElement(By.xpath("../../../..")): Smart Wait Function is triggered

2021-11-18 12:20:05 - [MESSAGE][INFO] - Smart Wait Function is triggered

2021-11-18 12:20:05 - [TEST_STEP][PASSED] - attr = baslikElement.getAttribute("id"): null

2021-11-18 12:20:05 - [TEST_STEP][PASSED] - println("girdi ve idsini aldı = " + attr): null

2021-11-18 12:20:05 - [TEST_STEP][PASSED] - break: null

2021-11-18 12:20:05 - [TEST_STEP][PASSED] - countElement = baslikElement.findElements(By.xpath("../td")): Smart Wait Function is triggered

2021-11-18 12:20:05 - [MESSAGE][INFO] - Smart Wait Function is triggered

2021-11-18 12:20:05 - [TEST_STEP][PASSED] - for (def element : countElement): null

2021-11-18 12:20:05 - [TEST_STEP][PASSED] - if (toString().equals(attr.toString())): null

2021-11-18 12:20:05 - [TEST_STEP][PASSED] - (a++): null

2021-11-18 12:20:05 - [TEST_STEP][PASSED] - if (toString().equals(attr.toString())): null

2021-11-18 12:20:05 - [TEST_STEP][PASSED] - (a++): null

2021-11-18 12:20:05 - [TEST_STEP][PASSED] - if (toString().equals(attr.toString())): null

2021-11-18 12:20:05 - [TEST_STEP][PASSED] - (a++): null

2021-11-18 12:20:05 - [TEST_STEP][PASSED] - if (toString().equals(attr.toString())): null

2021-11-18 12:20:05 - [TEST_STEP][PASSED] - (a++): null

2021-11-18 12:20:05 - [TEST_STEP][PASSED] - if (toString().equals(attr.toString())): null

2021-11-18 12:20:05 - [TEST_STEP][PASSED] - (a++): null

2021-11-18 12:20:05 - [TEST_STEP][PASSED] - if (toString().equals(attr.toString())): null

2021-11-18 12:20:05 - [TEST_STEP][PASSED] - (a++): null

2021-11-18 12:20:05 - [TEST_STEP][PASSED] - if (toString().equals(attr.toString())): null

2021-11-18 12:20:05 - [TEST_STEP][PASSED] - break: null

2021-11-18 12:20:05 - [TEST_STEP][PASSED] - son = findWebElement(findTestObject("Object Repository/Olusturma/Genel/Olusturma/EklenenSatir")).findElement(By.xpath("td[@class='dxgvInlineEditCell_LECustomTheme dxgv'][" + a + "]//td[@class='dxic']/input")): Smart Wait Function is triggered

2021-11-18 12:20:05 - [MESSAGE][INFO] - Finding Test Object 'Object Repository/Olusturma/Genel/Olusturma/EklenenSatir'

2021-11-18 12:20:06 - [MESSAGE][INFO] - Finding web element from Test Object's properties

2021-11-18 12:20:06 - [MESSAGE][INFO] - Checking timeout

2021-11-18 12:20:06 - [MESSAGE][INFO] - Finding web element with id: 'Object Repository/Olusturma/Genel/Olusturma/EklenenSatir' located by 'By.cssSelector: #divmalhizmet .dxgvInlineEditRow_LECustomTheme' in '30' second(s)

2021-11-18 12:20:06 - [MESSAGE][INFO] - Smart Wait Function is triggered

2021-11-18 12:20:06 - [MESSAGE][INFO] - Found 1 web elements with id: 'Object Repository/Olusturma/Genel/Olusturma/EklenenSatir' located by 'By.cssSelector: #divmalhizmet .dxgvInlineEditRow_LECustomTheme' in '30' second(s)

2021-11-18 12:20:06 - [MESSAGE][INFO] - Smart Wait Function is triggered

2021-11-18 12:20:06 - [TEST_STEP][PASSED] - if (!(getAttribute("value").contains("Vkn"))): null

2021-11-18 12:20:06 - [TEST_STEP][PASSED] - son.clear(): null

2021-11-18 12:20:06 - [TEST_STEP][PASSED] - son.sendKeys(Deger): null

2021-11-18 12:20:06 - [MESSAGE][PASSED] - Call Test Case 'Test Cases/Olusturma/Genel/Olusturma' successfully

2021-11-18 12:20:06 - [MESSAGE][INFO] - Checking called Test Case

2021-11-18 12:20:06 - [MESSAGE][INFO] - Starting to call Test Case 'Test Cases/Olusturma/Genel/Olusturma'

2021-11-18 12:20:06 - [TEST_CASE][PASSED] - Test Cases/Olusturma/Genel/Olusturma: Test Cases/Olusturma/Genel/Olusturma

2021-11-18 12:20:06 - [TEST_STEP][PASSED] - driver = getWebDriver(): null

2021-11-18 12:20:06 - [TEST_STEP][PASSED] - action = new org.openqa.selenium.interactions.Actions(driver): null

2021-11-18 12:20:06 - [TEST_STEP][PASSED] - baslikElement = <not implemented yet for class: org.codehaus.groovy.ast.expr.EmptyExpression>: null

2021-11-18 12:20:06 - [TEST_STEP][PASSED] - sonElement = <not implemented yet for class: org.codehaus.groovy.ast.expr.EmptyExpression>: null

2021-11-18 12:20:06 - [TEST_STEP][PASSED] - attr = <not implemented yet for class: org.codehaus.groovy.ast.expr.EmptyExpression>: null

2021-11-18 12:20:06 - [TEST_STEP][PASSED] - a = 0: null

2021-11-18 12:20:06 - [TEST_STEP][PASSED] - elements = findWebElements(findTestObject("Object Repository/Olusturma/Genel/Olusturma/TabloBasliklari"), 10): Found 14 web elements with id: 'Object Repository/Olusturma/Genel/Olusturma/TabloBasliklari' located by 'By.cssSelector: div#divmalhizmet .dxgvTable_LECustomTheme td.dxgvHeader_LECustomTheme tr>td:nth-child(1)' in '10' second(s)

2021-11-18 12:20:06 - [MESSAGE][INFO] - Finding Test Object 'Object Repository/Olusturma/Genel/Olusturma/TabloBasliklari'

2021-11-18 12:20:06 - [MESSAGE][INFO] - Checking timeout

2021-11-18 12:20:06 - [MESSAGE][INFO] - Finding web element with id: 'Object Repository/Olusturma/Genel/Olusturma/TabloBasliklari' located by 'By.cssSelector: div#divmalhizmet .dxgvTable_LECustomTheme td.dxgvHeader_LECustomTheme tr>td:nth-child(1)' in '10' second(s)

2021-11-18 12:20:06 - [MESSAGE][INFO] - Smart Wait Function is triggered

2021-11-18 12:20:07 - [MESSAGE][INFO] - Found 14 web elements with id: 'Object Repository/Olusturma/Genel/Olusturma/TabloBasliklari' located by 'By.cssSelector: div#divmalhizmet .dxgvTable_LECustomTheme td.dxgvHeader_LECustomTheme tr>td:nth-child(1)' in '10' second(s)

2021-11-18 12:20:07 - [TEST_STEP][PASSED] - for (def element : elements): null

2021-11-18 12:20:07 - [TEST_STEP][PASSED] - build().perform(): null

2021-11-18 12:20:07 - [TEST_STEP][PASSED] - if (getText().equals(Baslik)): null

2021-11-18 12:20:07 - [TEST_STEP][PASSED] - build().perform(): null

2021-11-18 12:20:07 - [TEST_STEP][PASSED] - if (getText().equals(Baslik)): null

2021-11-18 12:20:07 - [TEST_STEP][PASSED] - build().perform(): null

2021-11-18 12:20:07 - [TEST_STEP][PASSED] - if (getText().equals(Baslik)): null

2021-11-18 12:20:07 - [TEST_STEP][PASSED] - build().perform(): null

2021-11-18 12:20:07 - [TEST_STEP][PASSED] - if (getText().equals(Baslik)): null

2021-11-18 12:20:07 - [TEST_STEP][PASSED] - build().perform(): null

2021-11-18 12:20:07 - [TEST_STEP][PASSED] - if (getText().equals(Baslik)): null

2021-11-18 12:20:07 - [TEST_STEP][PASSED] - build().perform(): null

2021-11-18 12:20:07 - [TEST_STEP][PASSED] - if (getText().equals(Baslik)): null

2021-11-18 12:20:07 - [TEST_STEP][PASSED] - build().perform(): null

2021-11-18 12:20:08 - [TEST_STEP][PASSED] - if (getText().equals(Baslik)): null

2021-11-18 12:20:08 - [TEST_STEP][PASSED] - baslikElement = element.findElement(By.xpath("../../../..")): Smart Wait Function is triggered

2021-11-18 12:20:08 - [MESSAGE][INFO] - Smart Wait Function is triggered

2021-11-18 12:20:08 - [TEST_STEP][PASSED] - attr = baslikElement.getAttribute("id"): null

2021-11-18 12:20:08 - [TEST_STEP][PASSED] - println("girdi ve idsini aldı = " + attr): null

2021-11-18 12:20:08 - [TEST_STEP][PASSED] - break: null

2021-11-18 12:20:08 - [TEST_STEP][PASSED] - countElement = baslikElement.findElements(By.xpath("../td")): Smart Wait Function is triggered

2021-11-18 12:20:08 - [MESSAGE][INFO] - Smart Wait Function is triggered

2021-11-18 12:20:08 - [TEST_STEP][PASSED] - for (def element : countElement): null

2021-11-18 12:20:08 - [TEST_STEP][PASSED] - if (toString().equals(attr.toString())): null

2021-11-18 12:20:08 - [TEST_STEP][PASSED] - (a++): null

2021-11-18 12:20:08 - [TEST_STEP][PASSED] - if (toString().equals(attr.toString())): null

2021-11-18 12:20:08 - [TEST_STEP][PASSED] - (a++): null

2021-11-18 12:20:08 - [TEST_STEP][PASSED] - if (toString().equals(attr.toString())): null

2021-11-18 12:20:08 - [TEST_STEP][PASSED] - (a++): null

2021-11-18 12:20:08 - [TEST_STEP][PASSED] - if (toString().equals(attr.toString())): null

2021-11-18 12:20:08 - [TEST_STEP][PASSED] - (a++): null

2021-11-18 12:20:08 - [TEST_STEP][PASSED] - if (toString().equals(attr.toString())): null

2021-11-18 12:20:08 - [TEST_STEP][PASSED] - (a++): null

2021-11-18 12:20:08 - [TEST_STEP][PASSED] - if (toString().equals(attr.toString())): null

2021-11-18 12:20:08 - [TEST_STEP][PASSED] - (a++): null

2021-11-18 12:20:08 - [TEST_STEP][PASSED] - if (toString().equals(attr.toString())): null

2021-11-18 12:20:08 - [TEST_STEP][PASSED] - (a++): null

2021-11-18 12:20:08 - [TEST_STEP][PASSED] - if (toString().equals(attr.toString())): null

2021-11-18 12:20:08 - [TEST_STEP][PASSED] - break: null

2021-11-18 12:20:08 - [TEST_STEP][PASSED] - son = findWebElement(findTestObject("Object Repository/Olusturma/Genel/Olusturma/EklenenSatir")).findElement(By.xpath("td[@class='dxgvInlineEditCell_LECustomTheme dxgv'][" + a + "]//td[@class='dxic']/input")): Smart Wait Function is triggered

2021-11-18 12:20:08 - [MESSAGE][INFO] - Finding Test Object 'Object Repository/Olusturma/Genel/Olusturma/EklenenSatir'

2021-11-18 12:20:08 - [MESSAGE][INFO] - Finding web element from Test Object's properties

2021-11-18 12:20:08 - [MESSAGE][INFO] - Checking timeout

2021-11-18 12:20:08 - [MESSAGE][INFO] - Finding web element with id: 'Object Repository/Olusturma/Genel/Olusturma/EklenenSatir' located by 'By.cssSelector: #divmalhizmet .dxgvInlineEditRow_LECustomTheme' in '30' second(s)

2021-11-18 12:20:08 - [MESSAGE][INFO] - Smart Wait Function is triggered

2021-11-18 12:20:09 - [MESSAGE][INFO] - Found 1 web elements with id: 'Object Repository/Olusturma/Genel/Olusturma/EklenenSatir' located by 'By.cssSelector: #divmalhizmet .dxgvInlineEditRow_LECustomTheme' in '30' second(s)

2021-11-18 12:20:09 - [MESSAGE][INFO] - Smart Wait Function is triggered

2021-11-18 12:20:09 - [TEST_STEP][PASSED] - if (!(getAttribute("value").contains("Vkn"))): null

2021-11-18 12:20:09 - [TEST_STEP][PASSED] - son.clear(): null

2021-11-18 12:20:09 - [TEST_STEP][PASSED] - son.sendKeys(Deger): null

2021-11-18 12:20:09 - [MESSAGE][PASSED] - Call Test Case 'Test Cases/Olusturma/Genel/Olusturma' successfully

2021-11-18 12:20:09 - [MESSAGE][INFO] - Checking called Test Case

2021-11-18 12:20:09 - [MESSAGE][INFO] - Starting to call Test Case 'Test Cases/Olusturma/Genel/NotGirilir'

2021-11-18 12:20:09 - [TEST_CASE][PASSED] - Test Cases/Olusturma/Genel/NotGirilir: Test Cases/Olusturma/Genel/NotGirilir

2021-11-18 12:20:09 - [TEST_STEP][PASSED] - i = 0: null

2021-11-18 12:20:09 - [TEST_STEP][PASSED] - waitForElementClickable(findTestObject("Olusturma/Genel/Not/Notlar"), 10): Object 'Object Repository/Olusturma/Genel/Not/Notlar' is clickable

2021-11-18 12:20:09 - [MESSAGE][INFO] - Finding Test Object 'Object Repository/Olusturma/Genel/Not/Notlar'

2021-11-18 12:20:09 - [MESSAGE][INFO] - Checking object

2021-11-18 12:20:09 - [MESSAGE][INFO] - Checking timeout

2021-11-18 12:20:09 - [MESSAGE][INFO] - Finding web element from Test Object's properties

2021-11-18 12:20:09 - [MESSAGE][INFO] - Checking timeout

2021-11-18 12:20:09 - [MESSAGE][INFO] - Finding web element with id: 'Object Repository/Olusturma/Genel/Not/Notlar' located by 'By.xpath: //*[@id = 'txtNote_I']' in '10' second(s)

2021-11-18 12:20:09 - [MESSAGE][INFO] - Smart Wait Function is triggered

2021-11-18 12:20:09 - [MESSAGE][INFO] - Found 1 web elements with id: 'Object Repository/Olusturma/Genel/Not/Notlar' located by 'By.xpath: //*[@id = 'txtNote_I']' in '10' second(s)

2021-11-18 12:20:09 - [MESSAGE][PASSED] - Object 'Object Repository/Olusturma/Genel/Not/Notlar' is clickable

2021-11-18 12:20:09 - [TEST_STEP][PASSED] - clearText(findTestObject("Olusturma/Genel/Not/Notlar")): Text of object 'Object Repository/Olusturma/Genel/Not/Notlar' is cleared

2021-11-18 12:20:09 - [MESSAGE][INFO] - Finding Test Object 'Object Repository/Olusturma/Genel/Not/Notlar'

2021-11-18 12:20:10 - [MESSAGE][INFO] - Checking object

2021-11-18 12:20:10 - [MESSAGE][INFO] - Finding web element from Test Object's properties

2021-11-18 12:20:10 - [MESSAGE][INFO] - Checking timeout

2021-11-18 12:20:10 - [MESSAGE][INFO] - Finding web element with id: 'Object Repository/Olusturma/Genel/Not/Notlar' located by 'By.xpath: //*[@id = 'txtNote_I']' in '30' second(s)

2021-11-18 12:20:10 - [MESSAGE][INFO] - Smart Wait Function is triggered

2021-11-18 12:20:10 - [MESSAGE][INFO] - Found 1 web elements with id: 'Object Repository/Olusturma/Genel/Not/Notlar' located by 'By.xpath: //*[@id = 'txtNote_I']' in '30' second(s)

2021-11-18 12:20:10 - [MESSAGE][INFO] - Clearing text of object 'Object Repository/Olusturma/Genel/Not/Notlar'

2021-11-18 12:20:10 - [MESSAGE][PASSED] - Text of object 'Object Repository/Olusturma/Genel/Not/Notlar' is cleared

2021-11-18 12:20:10 - [TEST_STEP][PASSED] - click(findTestObject("Olusturma/Genel/Not/Notlar")): Object: 'Object Repository/Olusturma/Genel/Not/Notlar' is clicked on

2021-11-18 12:20:10 - [MESSAGE][INFO] - Finding Test Object 'Object Repository/Olusturma/Genel/Not/Notlar'

2021-11-18 12:20:10 - [MESSAGE][INFO] - Checking object

2021-11-18 12:20:10 - [MESSAGE][INFO] - Finding web element from Test Object's properties

2021-11-18 12:20:10 - [MESSAGE][INFO] - Checking timeout

2021-11-18 12:20:10 - [MESSAGE][INFO] - Finding web element with id: 'Object Repository/Olusturma/Genel/Not/Notlar' located by 'By.xpath: //*[@id = 'txtNote_I']' in '30' second(s)

2021-11-18 12:20:10 - [MESSAGE][INFO] - Smart Wait Function is triggered

2021-11-18 12:20:10 - [MESSAGE][INFO] - Found 1 web elements with id: 'Object Repository/Olusturma/Genel/Not/Notlar' located by 'By.xpath: //*[@id = 'txtNote_I']' in '30' second(s)

2021-11-18 12:20:10 - [MESSAGE][INFO] - Clicking on object: 'Object Repository/Olusturma/Genel/Not/Notlar'

2021-11-18 12:20:10 - [MESSAGE][PASSED] - Object: 'Object Repository/Olusturma/Genel/Not/Notlar' is clicked on

2021-11-18 12:20:10 - [TEST_STEP][PASSED] - while (true): null

2021-11-18 12:20:10 - [TEST_STEP][PASSED] - delay(1): Delayed 1 second(s)

2021-11-18 12:20:10 - [MESSAGE][INFO] - Delaying browser in 1 second(s)

2021-11-18 12:20:11 - [MESSAGE][PASSED] - Delayed 1 second(s)

2021-11-18 12:20:11 - [TEST_STEP][PASSED] - ajaxIsComplete = executeJavaScript("return jQuery.active == 0", null): Execute JavaScript 'return jQuery.active == 0' successfully

2021-11-18 12:20:11 - [MESSAGE][PASSED] - Execute JavaScript 'return jQuery.active == 0' successfully

2021-11-18 12:20:11 - [TEST_STEP][PASSED] - if (ajaxIsComplete): null

2021-11-18 12:20:11 - [TEST_STEP][PASSED] - break: null

2021-11-18 12:20:11 - [TEST_STEP][PASSED] - sendKeys(findTestObject("Olusturma/Genel/Not/Notlar"), Not): Keys 'Otomasyon Not' sent to object: 'Object Repository/Olusturma/Genel/Not/Notlar'

2021-11-18 12:20:11 - [MESSAGE][INFO] - Finding Test Object 'Object Repository/Olusturma/Genel/Not/Notlar'

2021-11-18 12:20:11 - [MESSAGE][INFO] - Sending keys 'Otomasyon Not' to object: 'Object Repository/Olusturma/Genel/Not/Notlar'

2021-11-18 12:20:11 - [MESSAGE][INFO] - Finding web element from Test Object's properties

2021-11-18 12:20:11 - [MESSAGE][INFO] - Checking timeout

2021-11-18 12:20:11 - [MESSAGE][INFO] - Finding web element with id: 'Object Repository/Olusturma/Genel/Not/Notlar' located by 'By.xpath: //*[@id = 'txtNote_I']' in '30' second(s)

2021-11-18 12:20:11 - [MESSAGE][INFO] - Smart Wait Function is triggered

2021-11-18 12:20:12 - [MESSAGE][INFO] - Found 1 web elements with id: 'Object Repository/Olusturma/Genel/Not/Notlar' located by 'By.xpath: //*[@id = 'txtNote_I']' in '30' second(s)

2021-11-18 12:20:12 - [MESSAGE][PASSED] - Keys 'Otomasyon Not' sent to object: 'Object Repository/Olusturma/Genel/Not/Notlar'

2021-11-18 12:20:12 - [MESSAGE][PASSED] - Call Test Case 'Test Cases/Olusturma/Genel/NotGirilir' successfully

2021-11-18 12:20:12 - [MESSAGE][INFO] - Checking called Test Case

2021-11-18 12:20:12 - [MESSAGE][INFO] - Starting to call Test Case 'Test Cases/Olusturma/Genel/EttnBilgisiKayitEdilir'

2021-11-18 12:20:12 - [TEST_CASE][PASSED] - Test Cases/Olusturma/Genel/EttnBilgisiKayitEdilir: Test Cases/Olusturma/Genel/EttnBilgisiKayitEdilir

2021-11-18 12:20:12 - [TEST_STEP][PASSED] - verifyElementPresent(findTestObject("Object Repository/Olusturma/Genel/Olusturma/eArsivEttnBilgisi"), 7): Object 'Object Repository/Olusturma/Genel/Olusturma/eArsivEttnBilgisi' is present

2021-11-18 12:20:12 - [MESSAGE][INFO] - Finding Test Object 'Object Repository/Olusturma/Genel/Olusturma/eArsivEttnBilgisi'

2021-11-18 12:20:12 - [MESSAGE][INFO] - Checking object

2021-11-18 12:20:12 - [MESSAGE][INFO] - Finding web element from Test Object's properties

2021-11-18 12:20:12 - [MESSAGE][INFO] - Checking timeout

2021-11-18 12:20:12 - [MESSAGE][INFO] - Finding web element with id: 'Object Repository/Olusturma/Genel/Olusturma/eArsivEttnBilgisi' located by 'By.xpath: //*[@id = 'Uuid_I']' in '7' second(s)

2021-11-18 12:20:12 - [MESSAGE][INFO] - Smart Wait Function is triggered

2021-11-18 12:20:12 - [MESSAGE][INFO] - Found 1 web elements with id: 'Object Repository/Olusturma/Genel/Olusturma/eArsivEttnBilgisi' located by 'By.xpath: //*[@id = 'Uuid_I']' in '7' second(s)

2021-11-18 12:20:12 - [MESSAGE][PASSED] - Object 'Object Repository/Olusturma/Genel/Olusturma/eArsivEttnBilgisi' is present

2021-11-18 12:20:12 - [TEST_STEP][PASSED] - ettn = getAttribute(findTestObject("Object Repository/Olusturma/Genel/Olusturma/eArsivEttnBilgisi"), "value"): Attribute 'value' of object 'Object Repository/Olusturma/Genel/Olusturma/eArsivEttnBilgisi' is: '1af7e14b-8320-439f-9d3d-9eb4061ec054'

2021-11-18 12:20:12 - [MESSAGE][INFO] - Finding Test Object 'Object Repository/Olusturma/Genel/Olusturma/eArsivEttnBilgisi'

2021-11-18 12:20:12 - [MESSAGE][INFO] - Checking object

2021-11-18 12:20:12 - [MESSAGE][INFO] - Checking attribute

2021-11-18 12:20:12 - [MESSAGE][INFO] - Finding web element from Test Object's properties

2021-11-18 12:20:12 - [MESSAGE][INFO] - Checking timeout

2021-11-18 12:20:12 - [MESSAGE][INFO] - Finding web element with id: 'Object Repository/Olusturma/Genel/Olusturma/eArsivEttnBilgisi' located by 'By.xpath: //*[@id = 'Uuid_I']' in '30' second(s)

2021-11-18 12:20:12 - [MESSAGE][INFO] - Smart Wait Function is triggered

2021-11-18 12:20:13 - [MESSAGE][INFO] - Found 1 web elements with id: 'Object Repository/Olusturma/Genel/Olusturma/eArsivEttnBilgisi' located by 'By.xpath: //*[@id = 'Uuid_I']' in '30' second(s)

2021-11-18 12:20:13 - [MESSAGE][INFO] - Getting attribute 'value' of object 'Object Repository/Olusturma/Genel/Olusturma/eArsivEttnBilgisi'

2021-11-18 12:20:13 - [MESSAGE][PASSED] - Attribute 'value' of object 'Object Repository/Olusturma/Genel/Olusturma/eArsivEttnBilgisi' is: '1af7e14b-8320-439f-9d3d-9eb4061ec054'

2021-11-18 12:20:13 - [MESSAGE][PASSED] - Call Test Case 'Test Cases/Olusturma/Genel/EttnBilgisiKayitEdilir' successfully

2021-11-18 12:20:13 - [MESSAGE][INFO] - Checking called Test Case

2021-11-18 12:20:13 - [MESSAGE][INFO] - Starting to call Test Case 'Test Cases/Olusturma/Genel/KaydetButonunaTiklanir'

2021-11-18 12:20:13 - [TEST_CASE][PASSED] - Test Cases/Olusturma/Genel/KaydetButonunaTiklanir: Test Cases/Olusturma/Genel/KaydetButonunaTiklanir

2021-11-18 12:20:13 - [TEST_STEP][PASSED] - i = 0: null

2021-11-18 12:20:13 - [TEST_STEP][PASSED] - waitForElementPresent(findTestObject("Olusturma/Genel/Not/Notlar"), 10): Object 'Object Repository/Olusturma/Genel/Not/Notlar' is present

2021-11-18 12:20:13 - [MESSAGE][INFO] - Finding Test Object 'Object Repository/Olusturma/Genel/Not/Notlar'

2021-11-18 12:20:13 - [MESSAGE][INFO] - Checking object

2021-11-18 12:20:13 - [MESSAGE][INFO] - Finding web element from Test Object's properties

2021-11-18 12:20:13 - [MESSAGE][INFO] - Checking timeout

2021-11-18 12:20:13 - [MESSAGE][INFO] - Finding web element with id: 'Object Repository/Olusturma/Genel/Not/Notlar' located by 'By.xpath: //*[@id = 'txtNote_I']' in '10' second(s)

2021-11-18 12:20:13 - [MESSAGE][INFO] - Smart Wait Function is triggered

2021-11-18 12:20:13 - [MESSAGE][INFO] - Found 1 web elements with id: 'Object Repository/Olusturma/Genel/Not/Notlar' located by 'By.xpath: //*[@id = 'txtNote_I']' in '10' second(s)

2021-11-18 12:20:13 - [MESSAGE][PASSED] - Object 'Object Repository/Olusturma/Genel/Not/Notlar' is present

2021-11-18 12:20:13 - [TEST_STEP][PASSED] - click(findTestObject("Olusturma/Genel/Not/Notlar")): Object: 'Object Repository/Olusturma/Genel/Not/Notlar' is clicked on

2021-11-18 12:20:13 - [MESSAGE][INFO] - Finding Test Object 'Object Repository/Olusturma/Genel/Not/Notlar'

2021-11-18 12:20:13 - [MESSAGE][INFO] - Checking object

2021-11-18 12:20:13 - [MESSAGE][INFO] - Finding web element from Test Object's properties

2021-11-18 12:20:13 - [MESSAGE][INFO] - Checking timeout

2021-11-18 12:20:13 - [MESSAGE][INFO] - Finding web element with id: 'Object Repository/Olusturma/Genel/Not/Notlar' located by 'By.xpath: //*[@id = 'txtNote_I']' in '30' second(s)

2021-11-18 12:20:13 - [MESSAGE][INFO] - Smart Wait Function is triggered

2021-11-18 12:20:13 - [MESSAGE][INFO] - Found 1 web elements with id: 'Object Repository/Olusturma/Genel/Not/Notlar' located by 'By.xpath: //*[@id = 'txtNote_I']' in '30' second(s)

2021-11-18 12:20:13 - [MESSAGE][INFO] - Clicking on object: 'Object Repository/Olusturma/Genel/Not/Notlar'

2021-11-18 12:20:13 - [MESSAGE][PASSED] - Object: 'Object Repository/Olusturma/Genel/Not/Notlar' is clicked on

2021-11-18 12:20:13 - [TEST_STEP][PASSED] - while (true): null

2021-11-18 12:20:13 - [TEST_STEP][PASSED] - delay(1): Delayed 1 second(s)

2021-11-18 12:20:13 - [MESSAGE][INFO] - Delaying browser in 1 second(s)

2021-11-18 12:20:14 - [MESSAGE][PASSED] - Delayed 1 second(s)

2021-11-18 12:20:14 - [TEST_STEP][PASSED] - ajaxIsComplete = executeJavaScript("return jQuery.active == 0", null): Execute JavaScript 'return jQuery.active == 0' successfully

2021-11-18 12:20:14 - [MESSAGE][PASSED] - Execute JavaScript 'return jQuery.active == 0' successfully

2021-11-18 12:20:14 - [TEST_STEP][PASSED] - if (ajaxIsComplete): null

2021-11-18 12:20:14 - [TEST_STEP][PASSED] - break: null

2021-11-18 12:20:14 - [TEST_STEP][PASSED] - waitForElementClickable(findTestObject("Object Repository/Olusturma/Genel/Buton"), 10): Object 'Object Repository/Olusturma/Genel/Buton' is clickable

2021-11-18 12:20:14 - [MESSAGE][INFO] - Finding Test Object 'Object Repository/Olusturma/Genel/Buton'

2021-11-18 12:20:14 - [MESSAGE][INFO] - Checking object

2021-11-18 12:20:14 - [MESSAGE][INFO] - Checking timeout

2021-11-18 12:20:14 - [MESSAGE][INFO] - Finding web element from Test Object's properties

2021-11-18 12:20:14 - [MESSAGE][INFO] - Checking timeout

2021-11-18 12:20:14 - [MESSAGE][INFO] - Finding web element with id: 'Object Repository/Olusturma/Genel/Buton' located by 'By.xpath: //*[@id = 'btnKaydet']' in '10' second(s)

2021-11-18 12:20:14 - [MESSAGE][INFO] - Smart Wait Function is triggered

2021-11-18 12:20:15 - [MESSAGE][INFO] - Found 1 web elements with id: 'Object Repository/Olusturma/Genel/Buton' located by 'By.xpath: //*[@id = 'btnKaydet']' in '10' second(s)

2021-11-18 12:20:15 - [MESSAGE][PASSED] - Object 'Object Repository/Olusturma/Genel/Buton' is clickable

2021-11-18 12:20:15 - [TEST_STEP][PASSED] - click(findTestObject("Object Repository/Olusturma/Genel/Buton")): Object: 'Object Repository/Olusturma/Genel/Buton' is clicked on

2021-11-18 12:20:15 - [MESSAGE][INFO] - Finding Test Object 'Object Repository/Olusturma/Genel/Buton'

2021-11-18 12:20:15 - [MESSAGE][INFO] - Checking object

2021-11-18 12:20:15 - [MESSAGE][INFO] - Finding web element from Test Object's properties

2021-11-18 12:20:15 - [MESSAGE][INFO] - Checking timeout

2021-11-18 12:20:15 - [MESSAGE][INFO] - Finding web element with id: 'Object Repository/Olusturma/Genel/Buton' located by 'By.xpath: //*[@id = 'btnKaydet']' in '30' second(s)

2021-11-18 12:20:15 - [MESSAGE][INFO] - Smart Wait Function is triggered

2021-11-18 12:20:15 - [MESSAGE][INFO] - Found 1 web elements with id: 'Object Repository/Olusturma/Genel/Buton' located by 'By.xpath: //*[@id = 'btnKaydet']' in '30' second(s)

2021-11-18 12:20:15 - [MESSAGE][INFO] - Clicking on object: 'Object Repository/Olusturma/Genel/Buton'

2021-11-18 12:20:17 - [MESSAGE][PASSED] - Object: 'Object Repository/Olusturma/Genel/Buton' is clicked on

2021-11-18 12:20:17 - [MESSAGE][PASSED] - Call Test Case 'Test Cases/Olusturma/Genel/KaydetButonunaTiklanir' successfully

2021-11-18 12:20:17 - [MESSAGE][INFO] - Checking called Test Case

2021-11-18 12:20:17 - [MESSAGE][INFO] - Starting to call Test Case 'Test Cases/Tablo/TablodaEttnliVeriOlusturulduMu'

2021-11-18 12:20:17 - [TEST_CASE][PASSED] - Test Cases/Tablo/TablodaEttnliVeriOlusturulduMu: Test Cases/Tablo/TablodaEttnliVeriOlusturulduMu

2021-11-18 12:20:17 - [TEST_STEP][PASSED] - Method.TextDegerineEsitElementVarMi(findTestObject("Tablo/OlusturulanVeri"), ettn): Method.TextDegerineEsitElementVarMi is PASSED

2021-11-18 12:20:17 - [MESSAGE][INFO] - Finding Test Object 'Object Repository/Tablo/OlusturulanVeri'

2021-11-18 12:20:17 - [MESSAGE][INFO] - Checking timeout

2021-11-18 12:20:17 - [MESSAGE][INFO] - Finding web element with id: 'Object Repository/Tablo/OlusturulanVeri' located by 'By.cssSelector: table.dxgvTable_LECustomTheme>tbody>tr:nth-child(3)>td.dxgv b,table.dxgvTable_LECustomTheme>tbody>tr:nth-child(3)>td.dxgv' in '10' second(s)

2021-11-18 12:20:17 - [MESSAGE][INFO] - Smart Wait Function is triggered

2021-11-18 12:20:18 - [MESSAGE][INFO] - Found 14 web elements with id: 'Object Repository/Tablo/OlusturulanVeri' located by 'By.cssSelector: table.dxgvTable_LECustomTheme>tbody>tr:nth-child(3)>td.dxgv b,table.dxgvTable_LECustomTheme>tbody>tr:nth-child(3)>td.dxgv' in '10' second(s)

2021-11-18 12:20:18 - [MESSAGE][PASSED] - Method.TextDegerineEsitElementVarMi is PASSED

2021-11-18 12:20:18 - [MESSAGE][PASSED] - Call Test Case 'Test Cases/Tablo/TablodaEttnliVeriOlusturulduMu' successfully

2021-11-18 12:20:18 - [MESSAGE][INFO] - Checking called Test Case

2021-11-18 12:20:18 - [MESSAGE][INFO] - Starting to call Test Case 'Test Cases/Tablo/TablodanEttnliVeriSec'

2021-11-18 12:20:18 - [TEST_CASE][PASSED] - Test Cases/Tablo/TablodanEttnliVeriSec: Test Cases/Tablo/TablodanEttnliVeriSec

2021-11-18 12:20:18 - [TEST_STEP][PASSED] - Method.TextDegerineEsitElementinAltindakineTikla(findTestObject("Tablo/Veriler"), findTestObject("Tablo/VerininCheckBoxi"), ettn): Method.TextDegerineEsitElementinAltindakineTikla is PASSED

2021-11-18 12:20:18 - [MESSAGE][INFO] - Finding Test Object 'Object Repository/Tablo/Veriler'

2021-11-18 12:20:18 - [MESSAGE][INFO] - Finding Test Object 'Object Repository/Tablo/VerininCheckBoxi'

2021-11-18 12:20:18 - [MESSAGE][INFO] - Checking timeout

2021-11-18 12:20:18 - [MESSAGE][INFO] - Finding web element with id: 'Object Repository/Tablo/Veriler' located by 'By.cssSelector: td.dxgv b ,td.dxgv' in '10' second(s)

2021-11-18 12:20:18 - [MESSAGE][INFO] - Smart Wait Function is triggered

2021-11-18 12:20:19 - [MESSAGE][INFO] - Found 84 web elements with id: 'Object Repository/Tablo/Veriler' located by 'By.cssSelector: td.dxgv b ,td.dxgv' in '10' second(s)

2021-11-18 12:20:19 - [MESSAGE][INFO] - Smart Wait Function is triggered

2021-11-18 12:20:19 - [MESSAGE][PASSED] - Method.TextDegerineEsitElementinAltindakineTikla is PASSED

2021-11-18 12:20:19 - [MESSAGE][PASSED] - Call Test Case 'Test Cases/Tablo/TablodanEttnliVeriSec' successfully

2021-11-18 12:20:19 - [MESSAGE][INFO] - Checking called Test Case

2021-11-18 12:20:19 - [MESSAGE][INFO] - Starting to call Test Case 'Test Cases/Butonlar/ButonaTikla'

2021-11-18 12:20:19 - [TEST_CASE][PASSED] - Test Cases/Butonlar/ButonaTikla: Test Cases/Butonlar/ButonaTikla

2021-11-18 12:20:19 - [TEST_STEP][PASSED] - Method.TextDegerineEsitElementeTiklaEquals(findTestObject("Butonlar/Butonlar"), Buton_Adi): Method.TextDegerineEsitElementeTiklaEquals is PASSED

2021-11-18 12:20:19 - [MESSAGE][INFO] - Finding Test Object 'Object Repository/Butonlar/Butonlar'

2021-11-18 12:20:19 - [MESSAGE][INFO] - Checking timeout

2021-11-18 12:20:19 - [MESSAGE][INFO] - Finding web element with id: 'Object Repository/Butonlar/Butonlar' located by 'By.cssSelector: .panel.panel-default.text-center.footerPanel .btn,.btn.btn-primary.btnControls' in '10' second(s)

2021-11-18 12:20:19 - [MESSAGE][INFO] - Smart Wait Function is triggered

2021-11-18 12:20:19 - [MESSAGE][INFO] - Found 9 web elements with id: 'Object Repository/Butonlar/Butonlar' located by 'By.cssSelector: .panel.panel-default.text-center.footerPanel .btn,.btn.btn-primary.btnControls' in '10' second(s)

2021-11-18 12:20:20 - [MESSAGE][PASSED] - Method.TextDegerineEsitElementeTiklaEquals is PASSED

2021-11-18 12:20:20 - [MESSAGE][PASSED] - Call Test Case 'Test Cases/Butonlar/ButonaTikla' successfully

2021-11-18 12:20:20 - [MESSAGE][INFO] - Checking called Test Case

2021-11-18 12:20:20 - [MESSAGE][INFO] - Starting to call Test Case 'Test Cases/Popup/PopupMesajiIceriyorMu'

2021-11-18 12:20:20 - [TEST_CASE][PASSED] - Test Cases/Popup/PopupMesajiIceriyorMu: Test Cases/Popup/PopupMesajiIceriyorMu

2021-11-18 12:20:20 - [TEST_STEP][PASSED] - waitForElementVisible(findTestObject("Popup/Popup"), 10): Object 'Object Repository/Popup/Popup' is visible

2021-11-18 12:20:20 - [MESSAGE][INFO] - Finding Test Object 'Object Repository/Popup/Popup'

2021-11-18 12:20:20 - [MESSAGE][INFO] - Checking object

2021-11-18 12:20:20 - [MESSAGE][INFO] - Checking timeout

2021-11-18 12:20:20 - [MESSAGE][INFO] - Finding web element from Test Object's properties

2021-11-18 12:20:20 - [MESSAGE][INFO] - Checking timeout

2021-11-18 12:20:20 - [MESSAGE][INFO] - Finding web element with id: 'Object Repository/Popup/Popup' located by 'By.cssSelector: .bootbox-body' in '10' second(s)

2021-11-18 12:20:20 - [MESSAGE][INFO] - Smart Wait Function is triggered

2021-11-18 12:20:21 - [MESSAGE][INFO] - Found 1 web elements with id: 'Object Repository/Popup/Popup' located by 'By.cssSelector: .bootbox-body' in '10' second(s)

2021-11-18 12:20:21 - [MESSAGE][PASSED] - Object 'Object Repository/Popup/Popup' is visible

2021-11-18 12:20:21 - [TEST_STEP][PASSED] - if (!(getText(findTestObject("Popup/Popup")).contains(Mesaj))): Text of object 'Object Repository/Popup/Popup' is: 'Oluşturulacak fatura numarası : EAR2021000000483 Fatura numarası oluşturulduktan sonra fatura silinemez. Fatura numarası, tarihi ve ön eki değiştirilemez. Devam etmek istiyor musunuz?'

2021-11-18 12:20:21 - [MESSAGE][INFO] - Finding Test Object 'Object Repository/Popup/Popup'

2021-11-18 12:20:21 - [MESSAGE][INFO] - Checking object

2021-11-18 12:20:21 - [MESSAGE][INFO] - Finding web element from Test Object's properties

2021-11-18 12:20:21 - [MESSAGE][INFO] - Checking timeout

2021-11-18 12:20:21 - [MESSAGE][INFO] - Finding web element with id: 'Object Repository/Popup/Popup' located by 'By.cssSelector: .bootbox-body' in '30' second(s)

2021-11-18 12:20:21 - [MESSAGE][INFO] - Smart Wait Function is triggered

2021-11-18 12:20:21 - [MESSAGE][INFO] - Found 1 web elements with id: 'Object Repository/Popup/Popup' located by 'By.cssSelector: .bootbox-body' in '30' second(s)

2021-11-18 12:20:21 - [MESSAGE][INFO] - Getting text of object 'Object Repository/Popup/Popup'

2021-11-18 12:20:21 - [MESSAGE][PASSED] - Text of object 'Object Repository/Popup/Popup' is: 'Oluşturulacak fatura numarası : EAR2021000000483 Fatura numarası oluşturulduktan sonra fatura silinemez. Fatura numarası, tarihi ve ön eki değiştirilemez. Devam etmek istiyor musunuz?'

2021-11-18 12:20:21 - [TEST_STEP][PASSED] - RaporNo = getText(findTestObject("Popup/Popup")).substring(0, 6): Text of object 'Object Repository/Popup/Popup' is: 'Oluşturulacak fatura numarası : EAR2021000000483 Fatura numarası oluşturulduktan sonra fatura silinemez. Fatura numarası, tarihi ve ön eki değiştirilemez. Devam etmek istiyor musunuz?'

2021-11-18 12:20:21 - [MESSAGE][INFO] - Finding Test Object 'Object Repository/Popup/Popup'

2021-11-18 12:20:21 - [MESSAGE][INFO] - Checking object

2021-11-18 12:20:21 - [MESSAGE][INFO] - Finding web element from Test Object's properties

2021-11-18 12:20:21 - [MESSAGE][INFO] - Checking timeout

2021-11-18 12:20:21 - [MESSAGE][INFO] - Finding web element with id: 'Object Repository/Popup/Popup' located by 'By.cssSelector: .bootbox-body' in '30' second(s)

2021-11-18 12:20:21 - [MESSAGE][INFO] - Smart Wait Function is triggered

2021-11-18 12:20:21 - [MESSAGE][INFO] - Found 1 web elements with id: 'Object Repository/Popup/Popup' located by 'By.cssSelector: .bootbox-body' in '30' second(s)

2021-11-18 12:20:21 - [MESSAGE][INFO] - Getting text of object 'Object Repository/Popup/Popup'

2021-11-18 12:20:21 - [MESSAGE][PASSED] - Text of object 'Object Repository/Popup/Popup' is: 'Oluşturulacak fatura numarası : EAR2021000000483 Fatura numarası oluşturulduktan sonra fatura silinemez. Fatura numarası, tarihi ve ön eki değiştirilemez. Devam etmek istiyor musunuz?'

2021-11-18 12:20:21 - [TEST_STEP][PASSED] - Console.println(RaporNo): null

2021-11-18 12:20:21 - [MESSAGE][PASSED] - Call Test Case 'Test Cases/Popup/PopupMesajiIceriyorMu' successfully

2021-11-18 12:20:21 - [MESSAGE][INFO] - Checking called Test Case

2021-11-18 12:20:21 - [MESSAGE][INFO] - Starting to call Test Case 'Test Cases/Popup/PopupButonSecilir'

2021-11-18 12:20:21 - [TEST_CASE][PASSED] - Test Cases/Popup/PopupButonSecilir: Test Cases/Popup/PopupButonSecilir

2021-11-18 12:20:21 - [TEST_STEP][PASSED] - Method.TextDegerineEsitElementeTikla(findTestObject("Popup/Popup_Butons"), Buton): Method.TextDegerineEsitElementeTikla is PASSED

2021-11-18 12:20:21 - [MESSAGE][INFO] - Finding Test Object 'Object Repository/Popup/Popup_Butons'

2021-11-18 12:20:21 - [MESSAGE][INFO] - Checking timeout

2021-11-18 12:20:21 - [MESSAGE][INFO] - Finding web element with id: 'Object Repository/Popup/Popup_Butons' located by 'By.cssSelector: .modal-footer>button' in '10' second(s)

2021-11-18 12:20:21 - [MESSAGE][INFO] - Smart Wait Function is triggered

2021-11-18 12:20:22 - [MESSAGE][INFO] - Found 2 web elements with id: 'Object Repository/Popup/Popup_Butons' located by 'By.cssSelector: .modal-footer>button' in '10' second(s)

2021-11-18 12:20:22 - [MESSAGE][PASSED] - Method.TextDegerineEsitElementeTikla is PASSED

2021-11-18 12:20:22 - [MESSAGE][PASSED] - Call Test Case 'Test Cases/Popup/PopupButonSecilir' successfully

2021-11-18 12:20:22 - [MESSAGE][INFO] - Checking called Test Case

2021-11-18 12:20:22 - [MESSAGE][INFO] - Starting to call Test Case 'Test Cases/Popup/PopupMesajiIceriyorMu'

2021-11-18 12:20:22 - [TEST_CASE][PASSED] - Test Cases/Popup/PopupMesajiIceriyorMu: Test Cases/Popup/PopupMesajiIceriyorMu

2021-11-18 12:20:22 - [TEST_STEP][PASSED] - waitForElementVisible(findTestObject("Popup/Popup"), 10): Object 'Object Repository/Popup/Popup' is visible

2021-11-18 12:20:22 - [MESSAGE][INFO] - Finding Test Object 'Object Repository/Popup/Popup'

2021-11-18 12:20:22 - [MESSAGE][INFO] - Checking object

2021-11-18 12:20:22 - [MESSAGE][INFO] - Checking timeout

2021-11-18 12:20:22 - [MESSAGE][INFO] - Finding web element from Test Object's properties

2021-11-18 12:20:22 - [MESSAGE][INFO] - Checking timeout

2021-11-18 12:20:22 - [MESSAGE][INFO] - Finding web element with id: 'Object Repository/Popup/Popup' located by 'By.cssSelector: .bootbox-body' in '10' second(s)

2021-11-18 12:20:22 - [MESSAGE][INFO] - Smart Wait Function is triggered

2021-11-18 12:20:23 - [MESSAGE][INFO] - Found 1 web elements with id: 'Object Repository/Popup/Popup' located by 'By.cssSelector: .bootbox-body' in '10' second(s)

2021-11-18 12:20:23 - [MESSAGE][PASSED] - Object 'Object Repository/Popup/Popup' is visible

2021-11-18 12:20:23 - [TEST_STEP][PASSED] - if (!(getText(findTestObject("Popup/Popup")).contains(Mesaj))): Text of object 'Object Repository/Popup/Popup' is: 'Fatura numaranız EAR2021000000483 olarak oluşmuştur.'

2021-11-18 12:20:23 - [MESSAGE][INFO] - Finding Test Object 'Object Repository/Popup/Popup'

2021-11-18 12:20:23 - [MESSAGE][INFO] - Checking object

2021-11-18 12:20:23 - [MESSAGE][INFO] - Finding web element from Test Object's properties

2021-11-18 12:20:23 - [MESSAGE][INFO] - Checking timeout

2021-11-18 12:20:23 - [MESSAGE][INFO] - Finding web element with id: 'Object Repository/Popup/Popup' located by 'By.cssSelector: .bootbox-body' in '30' second(s)

2021-11-18 12:20:23 - [MESSAGE][INFO] - Smart Wait Function is triggered

2021-11-18 12:20:23 - [MESSAGE][INFO] - Found 1 web elements with id: 'Object Repository/Popup/Popup' located by 'By.cssSelector: .bootbox-body' in '30' second(s)

2021-11-18 12:20:23 - [MESSAGE][INFO] - Getting text of object 'Object Repository/Popup/Popup'

2021-11-18 12:20:23 - [MESSAGE][PASSED] - Text of object 'Object Repository/Popup/Popup' is: 'Fatura numaranız EAR2021000000483 olarak oluşmuştur.'

2021-11-18 12:20:23 - [TEST_STEP][PASSED] - RaporNo = getText(findTestObject("Popup/Popup")).substring(0, 6): Text of object 'Object Repository/Popup/Popup' is: 'Fatura numaranız EAR2021000000483 olarak oluşmuştur.'

2021-11-18 12:20:23 - [MESSAGE][INFO] - Finding Test Object 'Object Repository/Popup/Popup'

2021-11-18 12:20:23 - [MESSAGE][INFO] - Checking object

2021-11-18 12:20:23 - [MESSAGE][INFO] - Finding web element from Test Object's properties

2021-11-18 12:20:23 - [MESSAGE][INFO] - Checking timeout

2021-11-18 12:20:23 - [MESSAGE][INFO] - Finding web element with id: 'Object Repository/Popup/Popup' located by 'By.cssSelector: .bootbox-body' in '30' second(s)

2021-11-18 12:20:23 - [MESSAGE][INFO] - Smart Wait Function is triggered

2021-11-18 12:20:24 - [MESSAGE][INFO] - Found 1 web elements with id: 'Object Repository/Popup/Popup' located by 'By.cssSelector: .bootbox-body' in '30' second(s)

2021-11-18 12:20:24 - [MESSAGE][INFO] - Getting text of object 'Object Repository/Popup/Popup'

2021-11-18 12:20:24 - [MESSAGE][PASSED] - Text of object 'Object Repository/Popup/Popup' is: 'Fatura numaranız EAR2021000000483 olarak oluşmuştur.'

2021-11-18 12:20:24 - [TEST_STEP][PASSED] - Console.println(RaporNo): null

2021-11-18 12:20:24 - [MESSAGE][PASSED] - Call Test Case 'Test Cases/Popup/PopupMesajiIceriyorMu' successfully

2021-11-18 12:20:24 - [MESSAGE][INFO] - Checking called Test Case

2021-11-18 12:20:24 - [MESSAGE][INFO] - Starting to call Test Case 'Test Cases/Popup/PopupButonSecilir'

2021-11-18 12:20:24 - [TEST_CASE][PASSED] - Test Cases/Popup/PopupButonSecilir: Test Cases/Popup/PopupButonSecilir

2021-11-18 12:20:24 - [TEST_STEP][PASSED] - Method.TextDegerineEsitElementeTikla(findTestObject("Popup/Popup_Butons"), Buton): Method.TextDegerineEsitElementeTikla is PASSED

2021-11-18 12:20:24 - [MESSAGE][INFO] - Finding Test Object 'Object Repository/Popup/Popup_Butons'

2021-11-18 12:20:24 - [MESSAGE][INFO] - Checking timeout

2021-11-18 12:20:24 - [MESSAGE][INFO] - Finding web element with id: 'Object Repository/Popup/Popup_Butons' located by 'By.cssSelector: .modal-footer>button' in '10' second(s)

2021-11-18 12:20:24 - [MESSAGE][INFO] - Smart Wait Function is triggered

2021-11-18 12:20:24 - [MESSAGE][INFO] - Found 1 web elements with id: 'Object Repository/Popup/Popup_Butons' located by 'By.cssSelector: .modal-footer>button' in '10' second(s)

2021-11-18 12:20:24 - [MESSAGE][PASSED] - Method.TextDegerineEsitElementeTikla is PASSED

2021-11-18 12:20:24 - [MESSAGE][PASSED] - Call Test Case 'Test Cases/Popup/PopupButonSecilir' successfully

2021-11-18 12:20:24 - [MESSAGE][INFO] - Checking called Test Case

2021-11-18 12:20:24 - [MESSAGE][INFO] - Starting to call Test Case 'Test Cases/Tablo/TablodanEttnliVeriSec'

2021-11-18 12:20:24 - [TEST_CASE][PASSED] - Test Cases/Tablo/TablodanEttnliVeriSec: Test Cases/Tablo/TablodanEttnliVeriSec

2021-11-18 12:20:24 - [TEST_STEP][PASSED] - Method.TextDegerineEsitElementinAltindakineTikla(findTestObject("Tablo/Veriler"), findTestObject("Tablo/VerininCheckBoxi"), ettn): Method.TextDegerineEsitElementinAltindakineTikla is PASSED

2021-11-18 12:20:24 - [MESSAGE][INFO] - Finding Test Object 'Object Repository/Tablo/Veriler'

2021-11-18 12:20:24 - [MESSAGE][INFO] - Finding Test Object 'Object Repository/Tablo/VerininCheckBoxi'

2021-11-18 12:20:24 - [MESSAGE][INFO] - Checking timeout

2021-11-18 12:20:24 - [MESSAGE][INFO] - Finding web element with id: 'Object Repository/Tablo/Veriler' located by 'By.cssSelector: td.dxgv b ,td.dxgv' in '10' second(s)

2021-11-18 12:20:24 - [MESSAGE][INFO] - Smart Wait Function is triggered

2021-11-18 12:20:25 - [MESSAGE][INFO] - Found 84 web elements with id: 'Object Repository/Tablo/Veriler' located by 'By.cssSelector: td.dxgv b ,td.dxgv' in '10' second(s)

2021-11-18 12:20:25 - [MESSAGE][INFO] - Smart Wait Function is triggered

2021-11-18 12:20:25 - [MESSAGE][PASSED] - Method.TextDegerineEsitElementinAltindakineTikla is PASSED

2021-11-18 12:20:25 - [MESSAGE][PASSED] - Call Test Case 'Test Cases/Tablo/TablodanEttnliVeriSec' successfully

2021-11-18 12:20:25 - [MESSAGE][INFO] - Checking called Test Case

2021-11-18 12:20:25 - [MESSAGE][INFO] - Starting to call Test Case 'Test Cases/Butonlar/ButonaTikla'

2021-11-18 12:20:25 - [TEST_CASE][PASSED] - Test Cases/Butonlar/ButonaTikla: Test Cases/Butonlar/ButonaTikla

2021-11-18 12:20:25 - [TEST_STEP][PASSED] - Method.TextDegerineEsitElementeTiklaEquals(findTestObject("Butonlar/Butonlar"), Buton_Adi): Method.TextDegerineEsitElementeTiklaEquals is PASSED

2021-11-18 12:20:25 - [MESSAGE][INFO] - Finding Test Object 'Object Repository/Butonlar/Butonlar'

2021-11-18 12:20:25 - [MESSAGE][INFO] - Checking timeout

2021-11-18 12:20:25 - [MESSAGE][INFO] - Finding web element with id: 'Object Repository/Butonlar/Butonlar' located by 'By.cssSelector: .panel.panel-default.text-center.footerPanel .btn,.btn.btn-primary.btnControls' in '10' second(s)

2021-11-18 12:20:25 - [MESSAGE][INFO] - Smart Wait Function is triggered

2021-11-18 12:20:26 - [MESSAGE][INFO] - Found 9 web elements with id: 'Object Repository/Butonlar/Butonlar' located by 'By.cssSelector: .panel.panel-default.text-center.footerPanel .btn,.btn.btn-primary.btnControls' in '10' second(s)

2021-11-18 12:20:26 - [MESSAGE][PASSED] - Method.TextDegerineEsitElementeTiklaEquals is PASSED

2021-11-18 12:20:26 - [MESSAGE][PASSED] - Call Test Case 'Test Cases/Butonlar/ButonaTikla' successfully

2021-11-18 12:20:26 - [MESSAGE][INFO] - Checking called Test Case

2021-11-18 12:20:26 - [MESSAGE][INFO] - Starting to call Test Case 'Test Cases/Popup/PopupMesajiIceriyorMu'

2021-11-18 12:20:26 - [TEST_CASE][PASSED] - Test Cases/Popup/PopupMesajiIceriyorMu: Test Cases/Popup/PopupMesajiIceriyorMu

2021-11-18 12:20:26 - [TEST_STEP][PASSED] - waitForElementVisible(findTestObject("Popup/Popup"), 10): Object 'Object Repository/Popup/Popup' is visible

2021-11-18 12:20:26 - [MESSAGE][INFO] - Finding Test Object 'Object Repository/Popup/Popup'

2021-11-18 12:20:27 - [MESSAGE][INFO] - Checking object

2021-11-18 12:20:27 - [MESSAGE][INFO] - Checking timeout

2021-11-18 12:20:27 - [MESSAGE][INFO] - Finding web element from Test Object's properties

2021-11-18 12:20:27 - [MESSAGE][INFO] - Checking timeout

2021-11-18 12:20:27 - [MESSAGE][INFO] - Finding web element with id: 'Object Repository/Popup/Popup' located by 'By.cssSelector: .bootbox-body' in '10' second(s)

2021-11-18 12:20:27 - [MESSAGE][INFO] - Smart Wait Function is triggered

2021-11-18 12:20:27 - [MESSAGE][INFO] - Found 1 web elements with id: 'Object Repository/Popup/Popup' located by 'By.cssSelector: .bootbox-body' in '10' second(s)

2021-11-18 12:20:27 - [MESSAGE][PASSED] - Object 'Object Repository/Popup/Popup' is visible

2021-11-18 12:20:27 - [TEST_STEP][PASSED] - if (!(getText(findTestObject("Popup/Popup")).contains(Mesaj))): Text of object 'Object Repository/Popup/Popup' is: 'EAR serisi için onaylanmamış belge(leri)niz bulunmaktadır.
Devam etmek istiyor musunuz?'

2021-11-18 12:20:27 - [MESSAGE][INFO] - Finding Test Object 'Object Repository/Popup/Popup'

2021-11-18 12:20:27 - [MESSAGE][INFO] - Checking object

2021-11-18 12:20:27 - [MESSAGE][INFO] - Finding web element from Test Object's properties

2021-11-18 12:20:27 - [MESSAGE][INFO] - Checking timeout

2021-11-18 12:20:27 - [MESSAGE][INFO] - Finding web element with id: 'Object Repository/Popup/Popup' located by 'By.cssSelector: .bootbox-body' in '30' second(s)

2021-11-18 12:20:27 - [MESSAGE][INFO] - Smart Wait Function is triggered

2021-11-18 12:20:27 - [MESSAGE][INFO] - Found 1 web elements with id: 'Object Repository/Popup/Popup' located by 'By.cssSelector: .bootbox-body' in '30' second(s)

2021-11-18 12:20:27 - [MESSAGE][INFO] - Getting text of object 'Object Repository/Popup/Popup'

2021-11-18 12:20:27 - [MESSAGE][PASSED] - Text of object 'Object Repository/Popup/Popup' is: 'EAR serisi için onaylanmamış belge(leri)niz bulunmaktadır.
Devam etmek istiyor musunuz?'

2021-11-18 12:20:27 - [TEST_STEP][PASSED] - RaporNo = getText(findTestObject("Popup/Popup")).substring(0, 6): Text of object 'Object Repository/Popup/Popup' is: 'EAR serisi için onaylanmamış belge(leri)niz bulunmaktadır.
Devam etmek istiyor musunuz?'

2021-11-18 12:20:27 - [MESSAGE][INFO] - Finding Test Object 'Object Repository/Popup/Popup'

2021-11-18 12:20:27 - [MESSAGE][INFO] - Checking object

2021-11-18 12:20:27 - [MESSAGE][INFO] - Finding web element from Test Object's properties

2021-11-18 12:20:27 - [MESSAGE][INFO] - Checking timeout

2021-11-18 12:20:27 - [MESSAGE][INFO] - Finding web element with id: 'Object Repository/Popup/Popup' located by 'By.cssSelector: .bootbox-body' in '30' second(s)

2021-11-18 12:20:27 - [MESSAGE][INFO] - Smart Wait Function is triggered

2021-11-18 12:20:28 - [MESSAGE][INFO] - Found 1 web elements with id: 'Object Repository/Popup/Popup' located by 'By.cssSelector: .bootbox-body' in '30' second(s)

2021-11-18 12:20:28 - [MESSAGE][INFO] - Getting text of object 'Object Repository/Popup/Popup'

2021-11-18 12:20:28 - [MESSAGE][PASSED] - Text of object 'Object Repository/Popup/Popup' is: 'EAR serisi için onaylanmamış belge(leri)niz bulunmaktadır.
Devam etmek istiyor musunuz?'

2021-11-18 12:20:28 - [TEST_STEP][PASSED] - Console.println(RaporNo): null

2021-11-18 12:20:28 - [MESSAGE][PASSED] - Call Test Case 'Test Cases/Popup/PopupMesajiIceriyorMu' successfully

2021-11-18 12:20:28 - [MESSAGE][INFO] - Checking called Test Case

2021-11-18 12:20:28 - [MESSAGE][INFO] - Starting to call Test Case 'Test Cases/Popup/PopupButonSecilir'

2021-11-18 12:20:28 - [TEST_CASE][PASSED] - Test Cases/Popup/PopupButonSecilir: Test Cases/Popup/PopupButonSecilir

2021-11-18 12:20:28 - [TEST_STEP][PASSED] - Method.TextDegerineEsitElementeTikla(findTestObject("Popup/Popup_Butons"), Buton): Method.TextDegerineEsitElementeTikla is PASSED

2021-11-18 12:20:28 - [MESSAGE][INFO] - Finding Test Object 'Object Repository/Popup/Popup_Butons'

2021-11-18 12:20:28 - [MESSAGE][INFO] - Checking timeout

2021-11-18 12:20:28 - [MESSAGE][INFO] - Finding web element with id: 'Object Repository/Popup/Popup_Butons' located by 'By.cssSelector: .modal-footer>button' in '10' second(s)

2021-11-18 12:20:28 - [MESSAGE][INFO] - Smart Wait Function is triggered

2021-11-18 12:20:28 - [MESSAGE][INFO] - Found 2 web elements with id: 'Object Repository/Popup/Popup_Butons' located by 'By.cssSelector: .modal-footer>button' in '10' second(s)

2021-11-18 12:20:28 - [MESSAGE][PASSED] - Method.TextDegerineEsitElementeTikla is PASSED

2021-11-18 12:20:28 - [MESSAGE][PASSED] - Call Test Case 'Test Cases/Popup/PopupButonSecilir' successfully

2021-11-18 12:20:28 - [MESSAGE][INFO] - Checking called Test Case

2021-11-18 12:20:28 - [MESSAGE][INFO] - Starting to call Test Case 'Test Cases/Menu/AnaMenuSecimi'

2021-11-18 12:20:28 - [TEST_CASE][PASSED] - Test Cases/Menu/AnaMenuSecimi: Test Cases/Menu/AnaMenuSecimi

2021-11-18 12:20:28 - [TEST_STEP][PASSED] - Method.TextDegerineEsitElementeTikla(findTestObject("Menu/Ana_Menu"), Ana_Menu): Method.TextDegerineEsitElementeTikla is PASSED

2021-11-18 12:20:28 - [MESSAGE][INFO] - Finding Test Object 'Object Repository/Menu/Ana_Menu'

2021-11-18 12:20:28 - [MESSAGE][INFO] - Checking timeout

2021-11-18 12:20:28 - [MESSAGE][INFO] - Finding web element with id: 'Object Repository/Menu/Ana_Menu' located by 'By.xpath: //*[@class = 'dropdown-toggle']' in '10' second(s)

2021-11-18 12:20:28 - [MESSAGE][INFO] - Smart Wait Function is triggered

2021-11-18 12:20:29 - [MESSAGE][INFO] - Found 14 web elements with id: 'Object Repository/Menu/Ana_Menu' located by 'By.xpath: //*[@class = 'dropdown-toggle']' in '10' second(s)

2021-11-18 12:20:29 - [MESSAGE][PASSED] - Method.TextDegerineEsitElementeTikla is PASSED

2021-11-18 12:20:29 - [MESSAGE][PASSED] - Call Test Case 'Test Cases/Menu/AnaMenuSecimi' successfully

2021-11-18 12:20:29 - [MESSAGE][INFO] - Checking called Test Case

2021-11-18 12:20:29 - [MESSAGE][INFO] - Starting to call Test Case 'Test Cases/Menu/BasligaGoreAltMenuSecimi'

2021-11-18 12:20:29 - [TEST_CASE][PASSED] - Test Cases/Menu/BasligaGoreAltMenuSecimi: Test Cases/Menu/BasligaGoreAltMenuSecimi

2021-11-18 12:20:29 - [TEST_STEP][PASSED] - Method.TextDegerineEsitElementinAltindakiTextDegerineEsitOlanaTikla(findTestObject("Menu/Menu_Basligi"), findTestObject("Menu/Basliga_Gore_Alt_Menu"), Baslik, Alt_Menu): Method.TextDegerineEsitElementinAltindakiTextDegerineEsitOlanaTikla is PASSED

2021-11-18 12:20:29 - [MESSAGE][INFO] - Finding Test Object 'Object Repository/Menu/Menu_Basligi'

2021-11-18 12:20:29 - [MESSAGE][INFO] - Finding Test Object 'Object Repository/Menu/Basliga_Gore_Alt_Menu'

2021-11-18 12:20:29 - [MESSAGE][INFO] - Checking timeout

2021-11-18 12:20:29 - [MESSAGE][INFO] - Finding web element with id: 'Object Repository/Menu/Menu_Basligi' located by 'By.xpath: //li[@class='dropdown dropdown-large open']//li[@class='dropdown-header']' in '10' second(s)

2021-11-18 12:20:29 - [MESSAGE][INFO] - Smart Wait Function is triggered

2021-11-18 12:20:30 - [MESSAGE][INFO] - Found 2 web elements with id: 'Object Repository/Menu/Menu_Basligi' located by 'By.xpath: //li[@class='dropdown dropdown-large open']//li[@class='dropdown-header']' in '10' second(s)

2021-11-18 12:20:30 - [MESSAGE][INFO] - Smart Wait Function is triggered

2021-11-18 12:20:31 - [MESSAGE][PASSED] - Method.TextDegerineEsitElementinAltindakiTextDegerineEsitOlanaTikla is PASSED

2021-11-18 12:20:31 - [MESSAGE][PASSED] - Call Test Case 'Test Cases/Menu/BasligaGoreAltMenuSecimi' successfully

2021-11-18 12:20:31 - [MESSAGE][INFO] - Checking called Test Case

2021-11-18 12:20:31 - [MESSAGE][INFO] - Starting to call Test Case 'Test Cases/Filtreler/EttnYaz'

2021-11-18 12:20:31 - [TEST_CASE][PASSED] - Test Cases/Filtreler/EttnYaz: Test Cases/Filtreler/EttnYaz

2021-11-18 12:20:31 - [TEST_STEP][PASSED] - Method.TextDegerineEsitElementinAltindakiTextboxtaYaz(findTestObject("Filtreler/Basliklar"), findTestObject("Filtreler/Basliga_Gore_Textbox"), "ETTN", ettn): Method.TextDegerineEsitElementinAltindakiTextboxtaYaz is PASSED

2021-11-18 12:20:31 - [MESSAGE][INFO] - Finding Test Object 'Object Repository/Filtreler/Basliklar'

2021-11-18 12:20:31 - [MESSAGE][INFO] - Finding Test Object 'Object Repository/Filtreler/Basliga_Gore_Textbox'

2021-11-18 12:20:31 - [MESSAGE][INFO] - Checking timeout

2021-11-18 12:20:31 - [MESSAGE][INFO] - Finding web element with id: 'Object Repository/Filtreler/Basliklar' located by 'By.cssSelector: .control-label.col-sm-4.paddingMarginRLC' in '10' second(s)

2021-11-18 12:20:31 - [MESSAGE][INFO] - Smart Wait Function is triggered

2021-11-18 12:20:31 - [MESSAGE][INFO] - Found 19 web elements with id: 'Object Repository/Filtreler/Basliklar' located by 'By.cssSelector: .control-label.col-sm-4.paddingMarginRLC' in '10' second(s)

2021-11-18 12:20:31 - [MESSAGE][INFO] - Smart Wait Function is triggered

2021-11-18 12:20:32 - [MESSAGE][PASSED] - Method.TextDegerineEsitElementinAltindakiTextboxtaYaz is PASSED

2021-11-18 12:20:32 - [MESSAGE][PASSED] - Call Test Case 'Test Cases/Filtreler/EttnYaz' successfully

2021-11-18 12:20:32 - [MESSAGE][INFO] - Checking called Test Case

2021-11-18 12:20:32 - [MESSAGE][INFO] - Starting to call Test Case 'Test Cases/Filtreler/ButonaTikla'

2021-11-18 12:20:32 - [TEST_CASE][PASSED] - Test Cases/Filtreler/ButonaTikla: Test Cases/Filtreler/ButonaTikla

2021-11-18 12:20:32 - [TEST_STEP][PASSED] - Method.TextDegerineEsitElementeTikla(findTestObject("Filtreler/Butonlar"), Filtre_Buton): Method.TextDegerineEsitElementeTikla is PASSED

2021-11-18 12:20:32 - [MESSAGE][INFO] - Finding Test Object 'Object Repository/Filtreler/Butonlar'

2021-11-18 12:20:32 - [MESSAGE][INFO] - Checking timeout

2021-11-18 12:20:32 - [MESSAGE][INFO] - Finding web element with id: 'Object Repository/Filtreler/Butonlar' located by 'By.cssSelector: .dxb>span' in '10' second(s)

2021-11-18 12:20:32 - [MESSAGE][INFO] - Smart Wait Function is triggered

2021-11-18 12:20:32 - [MESSAGE][INFO] - Found 3 web elements with id: 'Object Repository/Filtreler/Butonlar' located by 'By.cssSelector: .dxb>span' in '10' second(s)

2021-11-18 12:20:32 - [MESSAGE][PASSED] - Method.TextDegerineEsitElementeTikla is PASSED

2021-11-18 12:20:32 - [MESSAGE][PASSED] - Call Test Case 'Test Cases/Filtreler/ButonaTikla' successfully

2021-11-18 12:20:32 - [MESSAGE][INFO] - Checking called Test Case

2021-11-18 12:20:32 - [MESSAGE][INFO] - Starting to call Test Case 'Test Cases/Tablo/TablodaVeriVarMi'

2021-11-18 12:20:32 - [TEST_CASE][PASSED] - Test Cases/Tablo/TablodaVeriVarMi: Test Cases/Tablo/TablodaVeriVarMi

2021-11-18 12:20:32 - [TEST_STEP][PASSED] - verifyTextNotPresent("Görüntülenecek veri yok", true): Text 'Görüntülenecek veri yok' is not present on page using regular expression

2021-11-18 12:20:32 - [MESSAGE][INFO] - Checking text present  using regular expression

2021-11-18 12:20:32 - [MESSAGE][INFO] - Smart Wait Function is triggered

2021-11-18 12:20:33 - [MESSAGE][INFO] - Finding text 'Görüntülenecek veri yok' on page  using regular expression

2021-11-18 12:20:33 - [MESSAGE][PASSED] - Text 'Görüntülenecek veri yok' is not present on page using regular expression

2021-11-18 12:20:33 - [MESSAGE][PASSED] - Call Test Case 'Test Cases/Tablo/TablodaVeriVarMi' successfully

2021-11-18 12:20:33 - [MESSAGE][INFO] - Checking called Test Case

2021-11-18 12:20:33 - [MESSAGE][INFO] - Starting to call Test Case 'Test Cases/Tablo/TablodaVeriBasariliMiArsiv'

2021-11-18 12:20:33 - [TEST_CASE][PASSED] - Test Cases/Tablo/TablodaVeriBasariliMiArsiv: Test Cases/Tablo/TablodaVeriBasariliMiArsiv

2021-11-18 12:20:33 - [TEST_STEP][PASSED] - sayac = 80: null

2021-11-18 12:20:33 - [TEST_STEP][PASSED] - while (verifyElementText(findTestObject("Object Repository/Tablo/DurumBilgisiArsiv"), "Henüz Sonuçlanmadı", OPTIONAL)): Actual text 'Başarılı' and expected text 'Henüz Sonuçlanmadı' of test object 'Object Repository/Tablo/DurumBilgisiArsiv' are NOT matched. (Root cause: com.kms.katalon.core.exception.StepFailedException: Actual text 'Başarılı' and expected text 'Henüz Sonuçlanmadı' of test object 'Object Repository/Tablo/DurumBilgisiArsiv' are NOT matched.
	at com.kms.katalon.core.webui.keyword.internal.WebUIKeywordMain.stepFailed(WebUIKeywordMain.groovy:64)
	at com.kms.katalon.core.webui.keyword.builtin.VerifyElementTextKeyword$_verifyElementText_closure1.doCall(VerifyElementTextKeyword.groovy:57)
	at com.kms.katalon.core.webui.keyword.builtin.VerifyElementTextKeyword$_verifyElementText_closure1.call(VerifyElementTextKeyword.groovy)
	at com.kms.katalon.core.webui.keyword.internal.WebUIKeywordMain.runKeyword(WebUIKeywordMain.groovy:20)
	at com.kms.katalon.core.webui.keyword.builtin.VerifyElementTextKeyword.verifyElementText(VerifyElementTextKeyword.groovy:72)
	at com.kms.katalon.core.webui.keyword.builtin.VerifyElementTextKeyword.execute(VerifyElementTextKeyword.groovy:40)
	at com.kms.katalon.core.keyword.internal.KeywordExecutor.executeKeywordForPlatform(KeywordExecutor.groovy:73)
	at com.kms.katalon.core.webui.keyword.WebUiBuiltInKeywords.verifyElementText(WebUiBuiltInKeywords.groovy:4733)
	at com.kms.katalon.core.webui.keyword.WebUiBuiltInKeywords$verifyElementText$20.call(Unknown Source)
	at TablodaVeriBasariliMiArsiv.run(TablodaVeriBasariliMiArsiv:22)
	at com.kms.katalon.core.main.ScriptEngine.run(ScriptEngine.java:194)
	at com.kms.katalon.core.main.ScriptEngine.runScriptAsRawText(ScriptEngine.java:119)
	at com.kms.katalon.core.main.TestCaseExecutor.runScript(TestCaseExecutor.java:369)
	at com.kms.katalon.core.main.TestCaseExecutor.doExecute(TestCaseExecutor.java:360)
	at com.kms.katalon.core.main.TestCaseExecutor.processExecutionPhase(TestCaseExecutor.java:339)
	at com.kms.katalon.core.main.TestCaseExecutor.accessMainPhase(TestCaseExecutor.java:331)
	at com.kms.katalon.core.main.TestCaseExecutor.execute(TestCaseExecutor.java:248)
	at com.kms.katalon.core.main.TestCaseMain.runTestCase(TestCaseMain.java:138)
	at com.kms.katalon.core.keyword.builtin.CallTestCaseKeyword$_callTestCase_closure1.doCall(CallTestCaseKeyword.groovy:59)
	at com.kms.katalon.core.keyword.builtin.CallTestCaseKeyword$_callTestCase_closure1.call(CallTestCaseKeyword.groovy)
	at com.kms.katalon.core.keyword.internal.KeywordMain.runKeyword(KeywordMain.groovy:68)
	at com.kms.katalon.core.keyword.builtin.CallTestCaseKeyword.callTestCase(CallTestCaseKeyword.groovy:81)
	at com.kms.katalon.core.keyword.builtin.CallTestCaseKeyword.execute(CallTestCaseKeyword.groovy:44)
	at com.kms.katalon.core.keyword.internal.KeywordExecutor.executeKeywordForPlatform(KeywordExecutor.groovy:73)
	at com.kms.katalon.core.keyword.BuiltinKeywords.callTestCase(BuiltinKeywords.groovy:334)
	at tablo.tablo.tablodaVeriBasariliMiArsiv(tablo.groovy:95)
	at cucumber.runtime.Utils$1.call(Utils.java:26)
	at cucumber.runtime.Timeout.timeout(Timeout.java:16)
	at cucumber.runtime.Utils.invoke(Utils.java:20)
	at cucumber.runtime.java.JavaStepDefinition.execute(JavaStepDefinition.java:49)
	at cucumber.runner.PickleStepDefinitionMatch.runStep(PickleStepDefinitionMatch.java:50)
	at cucumber.runner.TestStep.executeStep(TestStep.java:63)
	at cucumber.runner.TestStep.run(TestStep.java:49)
	at cucumber.runner.PickleStepTestStep.run(PickleStepTestStep.java:43)
	at cucumber.runner.TestCase.run(TestCase.java:44)
	at cucumber.runner.Runner.runPickle(Runner.java:40)
	at cucumber.runtime.Runtime$1.run(Runtime.java:84)
	at cucumber.runtime.Runtime$SameThreadExecutorService.execute(Runtime.java:220)
	at cucumber.runtime.Runtime.run(Runtime.java:81)
	at cucumber.api.cli.Main.run(Main.java:26)
	at cucumber.api.cli.Main$run.call(Unknown Source)
	at com.kms.katalon.core.cucumber.keyword.CucumberBuiltinKeywords$_runFeatureFile_closure1.doCall(CucumberBuiltinKeywords.groovy:106)
	at com.kms.katalon.core.cucumber.keyword.CucumberBuiltinKeywords$_runFeatureFile_closure1.doCall(CucumberBuiltinKeywords.groovy)
	at com.kms.katalon.core.keyword.internal.KeywordMain.runKeyword(KeywordMain.groovy:68)
	at com.kms.katalon.core.keyword.internal.KeywordMain$runKeyword.call(Unknown Source)
	at com.kms.katalon.core.cucumber.keyword.CucumberBuiltinKeywords.runFeatureFile(CucumberBuiltinKeywords.groovy:73)
	at com.kms.katalon.core.cucumber.keyword.CucumberBuiltinKeywords$runFeatureFile$0.callStatic(Unknown Source)
	at com.kms.katalon.core.cucumber.keyword.CucumberBuiltinKeywords.runFeatureFile(CucumberBuiltinKeywords.groovy:246)
	at com.kms.katalon.core.cucumber.keyword.CucumberBuiltinKeywords$runFeatureFile.call(Unknown Source)
	at VKN-Kagit-Istisna.run(VKN-Kagit-Istisna:19)
	at com.kms.katalon.core.main.ScriptEngine.run(ScriptEngine.java:194)
	at com.kms.katalon.core.main.ScriptEngine.runScriptAsRawText(ScriptEngine.java:119)
	at com.kms.katalon.core.main.TestCaseExecutor.runScript(TestCaseExecutor.java:369)
	at com.kms.katalon.core.main.TestCaseExecutor.doExecute(TestCaseExecutor.java:360)
	at com.kms.katalon.core.main.TestCaseExecutor.processExecutionPhase(TestCaseExecutor.java:339)
	at com.kms.katalon.core.main.TestCaseExecutor.accessMainPhase(TestCaseExecutor.java:331)
	at com.kms.katalon.core.main.TestCaseExecutor.execute(TestCaseExecutor.java:248)
	at com.kms.katalon.core.main.TestSuiteExecutor.accessTestCaseMainPhase(TestSuiteExecutor.java:191)
	at com.kms.katalon.core.main.TestSuiteExecutor.accessTestSuiteMainPhase(TestSuiteExecutor.java:140)
	at com.kms.katalon.core.main.TestSuiteExecutor.execute(TestSuiteExecutor.java:89)
	at com.kms.katalon.core.main.TestCaseMain.startTestSuite(TestCaseMain.java:181)
	at com.kms.katalon.core.main.TestCaseMain$startTestSuite$0.call(Unknown Source)
	at TempTestSuite1637225344330.run(TempTestSuite1637225344330.groovy:39)
)

2021-11-18 12:20:33 - [MESSAGE][INFO] - Finding Test Object 'Object Repository/Tablo/DurumBilgisiArsiv'

2021-11-18 12:20:33 - [MESSAGE][INFO] - Checking object

2021-11-18 12:20:33 - [MESSAGE][INFO] - Finding web element from Test Object's properties

2021-11-18 12:20:33 - [MESSAGE][INFO] - Checking timeout

2021-11-18 12:20:33 - [MESSAGE][INFO] - Finding web element with id: 'Object Repository/Tablo/DurumBilgisiArsiv' located by 'By.xpath: //*[@id = 'GridViewEArchiveInvoices_tccell0_9']' in '30' second(s)

2021-11-18 12:20:33 - [MESSAGE][INFO] - Smart Wait Function is triggered

2021-11-18 12:20:34 - [MESSAGE][INFO] - Found 1 web elements with id: 'Object Repository/Tablo/DurumBilgisiArsiv' located by 'By.xpath: //*[@id = 'GridViewEArchiveInvoices_tccell0_9']' in '30' second(s)

2021-11-18 12:20:34 - [MESSAGE][WARNING] - Actual text 'Başarılı' and expected text 'Henüz Sonuçlanmadı' of test object 'Object Repository/Tablo/DurumBilgisiArsiv' are NOT matched. (Root cause: com.kms.katalon.core.exception.StepFailedException: Actual text 'Başarılı' and expected text 'Henüz Sonuçlanmadı' of test object 'Object Repository/Tablo/DurumBilgisiArsiv' are NOT matched.
	at com.kms.katalon.core.webui.keyword.internal.WebUIKeywordMain.stepFailed(WebUIKeywordMain.groovy:64)
	at com.kms.katalon.core.webui.keyword.builtin.VerifyElementTextKeyword$_verifyElementText_closure1.doCall(VerifyElementTextKeyword.groovy:57)
	at com.kms.katalon.core.webui.keyword.builtin.VerifyElementTextKeyword$_verifyElementText_closure1.call(VerifyElementTextKeyword.groovy)
	at com.kms.katalon.core.webui.keyword.internal.WebUIKeywordMain.runKeyword(WebUIKeywordMain.groovy:20)
	at com.kms.katalon.core.webui.keyword.builtin.VerifyElementTextKeyword.verifyElementText(VerifyElementTextKeyword.groovy:72)
	at com.kms.katalon.core.webui.keyword.builtin.VerifyElementTextKeyword.execute(VerifyElementTextKeyword.groovy:40)
	at com.kms.katalon.core.keyword.internal.KeywordExecutor.executeKeywordForPlatform(KeywordExecutor.groovy:73)
	at com.kms.katalon.core.webui.keyword.WebUiBuiltInKeywords.verifyElementText(WebUiBuiltInKeywords.groovy:4733)
	at com.kms.katalon.core.webui.keyword.WebUiBuiltInKeywords$verifyElementText$20.call(Unknown Source)
	at TablodaVeriBasariliMiArsiv.run(TablodaVeriBasariliMiArsiv:22)
	at com.kms.katalon.core.main.ScriptEngine.run(ScriptEngine.java:194)
	at com.kms.katalon.core.main.ScriptEngine.runScriptAsRawText(ScriptEngine.java:119)
	at com.kms.katalon.core.main.TestCaseExecutor.runScript(TestCaseExecutor.java:369)
	at com.kms.katalon.core.main.TestCaseExecutor.doExecute(TestCaseExecutor.java:360)
	at com.kms.katalon.core.main.TestCaseExecutor.processExecutionPhase(TestCaseExecutor.java:339)
	at com.kms.katalon.core.main.TestCaseExecutor.accessMainPhase(TestCaseExecutor.java:331)
	at com.kms.katalon.core.main.TestCaseExecutor.execute(TestCaseExecutor.java:248)
	at com.kms.katalon.core.main.TestCaseMain.runTestCase(TestCaseMain.java:138)
	at com.kms.katalon.core.keyword.builtin.CallTestCaseKeyword$_callTestCase_closure1.doCall(CallTestCaseKeyword.groovy:59)
	at com.kms.katalon.core.keyword.builtin.CallTestCaseKeyword$_callTestCase_closure1.call(CallTestCaseKeyword.groovy)
	at com.kms.katalon.core.keyword.internal.KeywordMain.runKeyword(KeywordMain.groovy:68)
	at com.kms.katalon.core.keyword.builtin.CallTestCaseKeyword.callTestCase(CallTestCaseKeyword.groovy:81)
	at com.kms.katalon.core.keyword.builtin.CallTestCaseKeyword.execute(CallTestCaseKeyword.groovy:44)
	at com.kms.katalon.core.keyword.internal.KeywordExecutor.executeKeywordForPlatform(KeywordExecutor.groovy:73)
	at com.kms.katalon.core.keyword.BuiltinKeywords.callTestCase(BuiltinKeywords.groovy:334)
	at tablo.tablo.tablodaVeriBasariliMiArsiv(tablo.groovy:95)
	at cucumber.runtime.Utils$1.call(Utils.java:26)
	at cucumber.runtime.Timeout.timeout(Timeout.java:16)
	at cucumber.runtime.Utils.invoke(Utils.java:20)
	at cucumber.runtime.java.JavaStepDefinition.execute(JavaStepDefinition.java:49)
	at cucumber.runner.PickleStepDefinitionMatch.runStep(PickleStepDefinitionMatch.java:50)
	at cucumber.runner.TestStep.executeStep(TestStep.java:63)
	at cucumber.runner.TestStep.run(TestStep.java:49)
	at cucumber.runner.PickleStepTestStep.run(PickleStepTestStep.java:43)
	at cucumber.runner.TestCase.run(TestCase.java:44)
	at cucumber.runner.Runner.runPickle(Runner.java:40)
	at cucumber.runtime.Runtime$1.run(Runtime.java:84)
	at cucumber.runtime.Runtime$SameThreadExecutorService.execute(Runtime.java:220)
	at cucumber.runtime.Runtime.run(Runtime.java:81)
	at cucumber.api.cli.Main.run(Main.java:26)
	at cucumber.api.cli.Main$run.call(Unknown Source)
	at com.kms.katalon.core.cucumber.keyword.CucumberBuiltinKeywords$_runFeatureFile_closure1.doCall(CucumberBuiltinKeywords.groovy:106)
	at com.kms.katalon.core.cucumber.keyword.CucumberBuiltinKeywords$_runFeatureFile_closure1.doCall(CucumberBuiltinKeywords.groovy)
	at com.kms.katalon.core.keyword.internal.KeywordMain.runKeyword(KeywordMain.groovy:68)
	at com.kms.katalon.core.keyword.internal.KeywordMain$runKeyword.call(Unknown Source)
	at com.kms.katalon.core.cucumber.keyword.CucumberBuiltinKeywords.runFeatureFile(CucumberBuiltinKeywords.groovy:73)
	at com.kms.katalon.core.cucumber.keyword.CucumberBuiltinKeywords$runFeatureFile$0.callStatic(Unknown Source)
	at com.kms.katalon.core.cucumber.keyword.CucumberBuiltinKeywords.runFeatureFile(CucumberBuiltinKeywords.groovy:246)
	at com.kms.katalon.core.cucumber.keyword.CucumberBuiltinKeywords$runFeatureFile.call(Unknown Source)
	at VKN-Kagit-Istisna.run(VKN-Kagit-Istisna:19)
	at com.kms.katalon.core.main.ScriptEngine.run(ScriptEngine.java:194)
	at com.kms.katalon.core.main.ScriptEngine.runScriptAsRawText(ScriptEngine.java:119)
	at com.kms.katalon.core.main.TestCaseExecutor.runScript(TestCaseExecutor.java:369)
	at com.kms.katalon.core.main.TestCaseExecutor.doExecute(TestCaseExecutor.java:360)
	at com.kms.katalon.core.main.TestCaseExecutor.processExecutionPhase(TestCaseExecutor.java:339)
	at com.kms.katalon.core.main.TestCaseExecutor.accessMainPhase(TestCaseExecutor.java:331)
	at com.kms.katalon.core.main.TestCaseExecutor.execute(TestCaseExecutor.java:248)
	at com.kms.katalon.core.main.TestSuiteExecutor.accessTestCaseMainPhase(TestSuiteExecutor.java:191)
	at com.kms.katalon.core.main.TestSuiteExecutor.accessTestSuiteMainPhase(TestSuiteExecutor.java:140)
	at com.kms.katalon.core.main.TestSuiteExecutor.execute(TestSuiteExecutor.java:89)
	at com.kms.katalon.core.main.TestCaseMain.startTestSuite(TestCaseMain.java:181)
	at com.kms.katalon.core.main.TestCaseMain$startTestSuite$0.call(Unknown Source)
	at TempTestSuite1637225344330.run(TempTestSuite1637225344330.groovy:39)
)

2021-11-18 12:20:34 - [TEST_STEP][PASSED] - Method.TextDegerineEsitElementVarMi(findTestObject("Object Repository/Tablo/DurumBilgisiArsiv"), "Başarılı"): Method.TextDegerineEsitElementVarMi is PASSED

2021-11-18 12:20:34 - [MESSAGE][INFO] - Finding Test Object 'Object Repository/Tablo/DurumBilgisiArsiv'

2021-11-18 12:20:34 - [MESSAGE][INFO] - Checking timeout

2021-11-18 12:20:34 - [MESSAGE][INFO] - Finding web element with id: 'Object Repository/Tablo/DurumBilgisiArsiv' located by 'By.xpath: //*[@id = 'GridViewEArchiveInvoices_tccell0_9']' in '10' second(s)

2021-11-18 12:20:34 - [MESSAGE][INFO] - Smart Wait Function is triggered

2021-11-18 12:20:34 - [MESSAGE][INFO] - Found 1 web elements with id: 'Object Repository/Tablo/DurumBilgisiArsiv' located by 'By.xpath: //*[@id = 'GridViewEArchiveInvoices_tccell0_9']' in '10' second(s)

2021-11-18 12:20:34 - [MESSAGE][PASSED] - Method.TextDegerineEsitElementVarMi is PASSED

2021-11-18 12:20:34 - [MESSAGE][PASSED] - Call Test Case 'Test Cases/Tablo/TablodaVeriBasariliMiArsiv' successfully

2021-11-18 12:20:34 - [MESSAGE][INFO] - Checking called Test Case

2021-11-18 12:20:34 - [MESSAGE][INFO] - Starting to call Test Case 'Test Cases/Kullanici_Islemleri/KullaniciIslemlerindenSecimYapilir'

2021-11-18 12:20:34 - [TEST_CASE][PASSED] - Test Cases/Kullanici_Islemleri/KullaniciIslemlerindenSecimYapilir: Test Cases/Kullanici_Islemleri/KullaniciIslemlerindenSecimYapilir

2021-11-18 12:20:34 - [TEST_STEP][PASSED] - waitForElementClickable(findTestObject("Object Repository/Kullanici_Islemleri/KullaniciIslemleri"), 10): Object 'Object Repository/Kullanici_Islemleri/KullaniciIslemleri' is clickable

2021-11-18 12:20:34 - [MESSAGE][INFO] - Finding Test Object 'Object Repository/Kullanici_Islemleri/KullaniciIslemleri'

2021-11-18 12:20:34 - [MESSAGE][INFO] - Checking object

2021-11-18 12:20:34 - [MESSAGE][INFO] - Checking timeout

2021-11-18 12:20:34 - [MESSAGE][INFO] - Finding web element from Test Object's properties

2021-11-18 12:20:34 - [MESSAGE][INFO] - Checking timeout

2021-11-18 12:20:34 - [MESSAGE][INFO] - Finding web element with id: 'Object Repository/Kullanici_Islemleri/KullaniciIslemleri' located by 'By.cssSelector: .dropdown>a>img' in '10' second(s)

2021-11-18 12:20:34 - [MESSAGE][INFO] - Smart Wait Function is triggered

2021-11-18 12:20:34 - [MESSAGE][INFO] - Found 1 web elements with id: 'Object Repository/Kullanici_Islemleri/KullaniciIslemleri' located by 'By.cssSelector: .dropdown>a>img' in '10' second(s)

2021-11-18 12:20:34 - [MESSAGE][PASSED] - Object 'Object Repository/Kullanici_Islemleri/KullaniciIslemleri' is clickable

2021-11-18 12:20:34 - [TEST_STEP][PASSED] - click(findTestObject("Object Repository/Kullanici_Islemleri/KullaniciIslemleri")): Object: 'Object Repository/Kullanici_Islemleri/KullaniciIslemleri' is clicked on

2021-11-18 12:20:34 - [MESSAGE][INFO] - Finding Test Object 'Object Repository/Kullanici_Islemleri/KullaniciIslemleri'

2021-11-18 12:20:34 - [MESSAGE][INFO] - Checking object

2021-11-18 12:20:34 - [MESSAGE][INFO] - Finding web element from Test Object's properties

2021-11-18 12:20:34 - [MESSAGE][INFO] - Checking timeout

2021-11-18 12:20:34 - [MESSAGE][INFO] - Finding web element with id: 'Object Repository/Kullanici_Islemleri/KullaniciIslemleri' located by 'By.cssSelector: .dropdown>a>img' in '30' second(s)

2021-11-18 12:20:34 - [MESSAGE][INFO] - Smart Wait Function is triggered

2021-11-18 12:20:35 - [MESSAGE][INFO] - Found 1 web elements with id: 'Object Repository/Kullanici_Islemleri/KullaniciIslemleri' located by 'By.cssSelector: .dropdown>a>img' in '30' second(s)

2021-11-18 12:20:35 - [MESSAGE][INFO] - Clicking on object: 'Object Repository/Kullanici_Islemleri/KullaniciIslemleri'

2021-11-18 12:20:35 - [MESSAGE][PASSED] - Object: 'Object Repository/Kullanici_Islemleri/KullaniciIslemleri' is clicked on

2021-11-18 12:20:35 - [TEST_STEP][PASSED] - Method.TextDegerineEsitElementeTikla(findTestObject("Object Repository/Kullanici_Islemleri/Secenekler"), Islem): Method.TextDegerineEsitElementeTikla is PASSED

2021-11-18 12:20:35 - [MESSAGE][INFO] - Finding Test Object 'Object Repository/Kullanici_Islemleri/Secenekler'

2021-11-18 12:20:35 - [MESSAGE][INFO] - Checking timeout

2021-11-18 12:20:35 - [MESSAGE][INFO] - Finding web element with id: 'Object Repository/Kullanici_Islemleri/Secenekler' located by 'By.cssSelector: .nav.navbar-nav.navbar-right li a' in '10' second(s)

2021-11-18 12:20:35 - [MESSAGE][INFO] - Smart Wait Function is triggered

2021-11-18 12:20:35 - [MESSAGE][INFO] - Found 20 web elements with id: 'Object Repository/Kullanici_Islemleri/Secenekler' located by 'By.cssSelector: .nav.navbar-nav.navbar-right li a' in '10' second(s)

2021-11-18 12:20:36 - [MESSAGE][PASSED] - Method.TextDegerineEsitElementeTikla is PASSED

2021-11-18 12:20:36 - [TEST_STEP][PASSED] - verifyElementNotPresent(findTestObject("Object Repository/Kullanici_Islemleri/Secenekler"), 10): Web element with id: 'Object Repository/Kullanici_Islemleri/Secenekler' located by 'By.cssSelector: .nav.navbar-nav.navbar-right li a' is not present after '10' second(s)

2021-11-18 12:20:36 - [MESSAGE][INFO] - Finding Test Object 'Object Repository/Kullanici_Islemleri/Secenekler'

2021-11-18 12:20:37 - [MESSAGE][INFO] - Checking object

2021-11-18 12:20:37 - [MESSAGE][INFO] - Checking timeout

2021-11-18 12:20:37 - [MESSAGE][INFO] - Finding web element with id: 'Object Repository/Kullanici_Islemleri/Secenekler' located by 'By.cssSelector: .nav.navbar-nav.navbar-right li a' in '10' second(s)

2021-11-18 12:20:37 - [MESSAGE][INFO] - Smart Wait Function is triggered

2021-11-18 12:20:37 - [MESSAGE][PASSED] - Web element with id: 'Object Repository/Kullanici_Islemleri/Secenekler' located by 'By.cssSelector: .nav.navbar-nav.navbar-right li a' is not present after '10' second(s)

2021-11-18 12:20:37 - [MESSAGE][PASSED] - Call Test Case 'Test Cases/Kullanici_Islemleri/KullaniciIslemlerindenSecimYapilir' successfully

2021-11-18 12:20:37 - [TEST_CASE][PASSED] - Start Test Case : SCENARIO Gonderim tipi Kagit ve Istisna tipinde e-Arsiv faturasi olusturulmasi: SCENARIO Gonderim tipi Kagit ve Istisna tipinde e-Arsiv faturasi olusturulmasi

2021-11-18 12:20:37 - [TEST_STEP][PASSED] - Kullanıcı adı EARISTISNA ve Şifre test1234 olarak giriş yapılır: Kullanıcı adı EARISTISNA ve Şifre test1234 olarak giriş yapılır

2021-11-18 12:20:37 - [MESSAGE][PASSED] - Kullanıcı adı EARISTISNA ve Şifre test1234 olarak giriş yapılır

2021-11-18 12:20:37 - [TEST_STEP][PASSED] - Ana menüden e-Arşiv seçilir: Ana menüden e-Arşiv seçilir

2021-11-18 12:20:37 - [MESSAGE][PASSED] - Ana menüden e-Arşiv seçilir

2021-11-18 12:20:37 - [TEST_STEP][PASSED] - Alt menü e-Arşiv Araçları başlığı altındaki e-Arşiv Fatura Oluşturma seçilir: Alt menü e-Arşiv Araçları başlığı altındaki e-Arşiv Fatura Oluşturma seçilir

2021-11-18 12:20:37 - [MESSAGE][PASSED] - Alt menü e-Arşiv Araçları başlığı altındaki e-Arşiv Fatura Oluşturma seçilir

2021-11-18 12:20:37 - [TEST_STEP][PASSED] - Tablodaki tüm veriler silinir: Tablodaki tüm veriler silinir

2021-11-18 12:20:37 - [MESSAGE][PASSED] - Tablodaki tüm veriler silinir

2021-11-18 12:20:37 - [TEST_STEP][PASSED] - Butonlardan Ekle isimli butona tıklanır: Butonlardan Ekle isimli butona tıklanır

2021-11-18 12:20:37 - [MESSAGE][PASSED] - Butonlardan Ekle isimli butona tıklanır

2021-11-18 12:20:37 - [TEST_STEP][PASSED] - Görsel tasarım sayfasının e-Arşiv Fatura Bilgileri başlığını içerdiği kontrol edilir: Görsel tasarım sayfasının e-Arşiv Fatura Bilgileri başlığını içerdiği kontrol edilir

2021-11-18 12:20:37 - [MESSAGE][PASSED] - Görsel tasarım sayfasının e-Arşiv Fatura Bilgileri başlığını içerdiği kontrol edilir

2021-11-18 12:20:37 - [TEST_STEP][PASSED] - Alıcı adı alanına UC0013 girilir: Alıcı adı alanına UC0013 girilir

2021-11-18 12:20:37 - [MESSAGE][PASSED] - Alıcı adı alanına UC0013 girilir

2021-11-18 12:20:37 - [TEST_STEP][PASSED] - Gönderim Şekli Kağıt olarak seçilir: Gönderim Şekli Kağıt olarak seçilir

2021-11-18 12:20:37 - [MESSAGE][PASSED] - Gönderim Şekli Kağıt olarak seçilir

2021-11-18 12:20:37 - [TEST_STEP][PASSED] - Tip alanından İstisna seçilir: Tip alanından İstisna seçilir

2021-11-18 12:20:37 - [MESSAGE][PASSED] - Tip alanından İstisna seçilir

2021-11-18 12:20:37 - [TEST_STEP][PASSED] - Döküman Para Birimi alanından Türk Lirası seçilir: Döküman Para Birimi alanından Türk Lirası seçilir

2021-11-18 12:20:37 - [MESSAGE][PASSED] - Döküman Para Birimi alanından Türk Lirası seçilir

2021-11-18 12:20:37 - [TEST_STEP][PASSED] - Ön Ek EAR olarak seçilir: Ön Ek EAR olarak seçilir

2021-11-18 12:20:37 - [MESSAGE][PASSED] - Ön Ek EAR olarak seçilir

2021-11-18 12:20:37 - [TEST_STEP][PASSED] - Tasarım alanından Otomasyon seçilir: Tasarım alanından Otomasyon seçilir

2021-11-18 12:20:37 - [MESSAGE][PASSED] - Tasarım alanından Otomasyon seçilir

2021-11-18 12:20:37 - [TEST_STEP][PASSED] - Sipariş bilgileri UUC-SAT-1200001 ve 31.04.2020 olarak girilir: Sipariş bilgileri UUC-SAT-1200001 ve 31.04.2020 olarak girilir

2021-11-18 12:20:37 - [MESSAGE][PASSED] - Sipariş bilgileri UUC-SAT-1200001 ve 31.04.2020 olarak girilir

2021-11-18 12:20:37 - [TEST_STEP][PASSED] - İrsaliye Bilgileri AAAAAAAAAA,31.04.2020 olarak girilir: İrsaliye Bilgileri AAAAAAAAAA,31.04.2020 olarak girilir

2021-11-18 12:20:37 - [MESSAGE][PASSED] - İrsaliye Bilgileri AAAAAAAAAA,31.04.2020 olarak girilir

2021-11-18 12:20:37 - [TEST_STEP][PASSED] - Ekle butonuna basılır: Ekle butonuna basılır

2021-11-18 12:20:37 - [MESSAGE][PASSED] - Ekle butonuna basılır

2021-11-18 12:20:37 - [TEST_STEP][PASSED] - Ürün ekleme alanında Mal/Hizmet başlığına Otomasyon girilir: Ürün ekleme alanında Mal/Hizmet başlığına Otomasyon girilir

2021-11-18 12:20:37 - [MESSAGE][PASSED] - Ürün ekleme alanında Mal/Hizmet başlığına Otomasyon girilir

2021-11-18 12:20:37 - [TEST_STEP][PASSED] - Ürün ekleme alanında Açıklaması başlığına Virgosol girilir: Ürün ekleme alanında Açıklaması başlığına Virgosol girilir

2021-11-18 12:20:37 - [MESSAGE][PASSED] - Ürün ekleme alanında Açıklaması başlığına Virgosol girilir

2021-11-18 12:20:37 - [TEST_STEP][PASSED] - Ürün ekleme alanında Miktarı başlığına 400 girilir: Ürün ekleme alanında Miktarı başlığına 400 girilir

2021-11-18 12:20:37 - [MESSAGE][PASSED] - Ürün ekleme alanında Miktarı başlığına 400 girilir

2021-11-18 12:20:37 - [TEST_STEP][PASSED] - Ürün ekleme alanında Birim Fiyat başlığına 100 girilir: Ürün ekleme alanında Birim Fiyat başlığına 100 girilir

2021-11-18 12:20:37 - [MESSAGE][PASSED] - Ürün ekleme alanında Birim Fiyat başlığına 100 girilir

2021-11-18 12:20:37 - [TEST_STEP][PASSED] - Ürün ekleme alanında İskonto Oranı % başlığına 10 girilir: Ürün ekleme alanında İskonto Oranı % başlığına 10 girilir

2021-11-18 12:20:37 - [MESSAGE][PASSED] - Ürün ekleme alanında İskonto Oranı % başlığına 10 girilir

2021-11-18 12:20:37 - [TEST_STEP][PASSED] - Notlar alanına Otomasyon Not girilir: Notlar alanına Otomasyon Not girilir

2021-11-18 12:20:37 - [MESSAGE][PASSED] - Notlar alanına Otomasyon Not girilir

2021-11-18 12:20:37 - [TEST_STEP][PASSED] - Ettn bilgisi kayıt edilir: Ettn bilgisi kayıt edilir

2021-11-18 12:20:37 - [MESSAGE][PASSED] - Ettn bilgisi kayıt edilir

2021-11-18 12:20:37 - [TEST_STEP][PASSED] - Kaydet butonu seçilir: Kaydet butonu seçilir

2021-11-18 12:20:37 - [MESSAGE][PASSED] - Kaydet butonu seçilir

2021-11-18 12:20:37 - [TEST_STEP][PASSED] - Tabloda Ettn bilgisi kaydedilen veri oluşturuldu mu: Tabloda Ettn bilgisi kaydedilen veri oluşturuldu mu

2021-11-18 12:20:37 - [MESSAGE][PASSED] - Tabloda Ettn bilgisi kaydedilen veri oluşturuldu mu

2021-11-18 12:20:37 - [TEST_STEP][PASSED] - Tablodan Ettn bilgisi kaydedilen veri seçilir: Tablodan Ettn bilgisi kaydedilen veri seçilir

2021-11-18 12:20:37 - [MESSAGE][PASSED] - Tablodan Ettn bilgisi kaydedilen veri seçilir

2021-11-18 12:20:37 - [TEST_STEP][PASSED] - Butonlardan Numara Oluştur isimli butona tıklanır: Butonlardan Numara Oluştur isimli butona tıklanır

2021-11-18 12:20:37 - [MESSAGE][PASSED] - Butonlardan Numara Oluştur isimli butona tıklanır

2021-11-18 12:20:37 - [TEST_STEP][PASSED] - Popup mesajı Devam etmek istiyor musunuz içeriyor mu: Popup mesajı Devam etmek istiyor musunuz içeriyor mu

2021-11-18 12:20:37 - [MESSAGE][PASSED] - Popup mesajı Devam etmek istiyor musunuz içeriyor mu

2021-11-18 12:20:37 - [TEST_STEP][PASSED] - Yönetim popupında Evet seçilir: Yönetim popupında Evet seçilir

2021-11-18 12:20:37 - [MESSAGE][PASSED] - Yönetim popupında Evet seçilir

2021-11-18 12:20:37 - [TEST_STEP][PASSED] - Popup mesajı oluşmuştur içeriyor mu: Popup mesajı oluşmuştur içeriyor mu

2021-11-18 12:20:37 - [MESSAGE][PASSED] - Popup mesajı oluşmuştur içeriyor mu

2021-11-18 12:20:37 - [TEST_STEP][PASSED] - Yönetim popupında Tamam seçilir: Yönetim popupında Tamam seçilir

2021-11-18 12:20:37 - [MESSAGE][PASSED] - Yönetim popupında Tamam seçilir

2021-11-18 12:20:37 - [TEST_STEP][PASSED] - Tablodan Ettn bilgisi kaydedilen veri seçilir: Tablodan Ettn bilgisi kaydedilen veri seçilir

2021-11-18 12:20:37 - [MESSAGE][PASSED] - Tablodan Ettn bilgisi kaydedilen veri seçilir

2021-11-18 12:20:37 - [TEST_STEP][PASSED] - Butonlardan Gönder isimli butona tıklanır: Butonlardan Gönder isimli butona tıklanır

2021-11-18 12:20:37 - [MESSAGE][PASSED] - Butonlardan Gönder isimli butona tıklanır

2021-11-18 12:20:37 - [TEST_STEP][PASSED] - Popup mesajı Devam etmek istiyor musunuz içeriyor mu: Popup mesajı Devam etmek istiyor musunuz içeriyor mu

2021-11-18 12:20:37 - [MESSAGE][PASSED] - Popup mesajı Devam etmek istiyor musunuz içeriyor mu

2021-11-18 12:20:37 - [TEST_STEP][PASSED] - Yönetim popupında Evet seçilir: Yönetim popupında Evet seçilir

2021-11-18 12:20:37 - [MESSAGE][PASSED] - Yönetim popupında Evet seçilir

2021-11-18 12:20:37 - [TEST_STEP][PASSED] - Ana menüden e-Arşiv seçilir: Ana menüden e-Arşiv seçilir

2021-11-18 12:20:37 - [MESSAGE][PASSED] - Ana menüden e-Arşiv seçilir

2021-11-18 12:20:37 - [TEST_STEP][PASSED] - Alt menü e-Arşiv Hareketleri başlığı altındaki e-Arşiv Faturaları seçilir: Alt menü e-Arşiv Hareketleri başlığı altındaki e-Arşiv Faturaları seçilir

2021-11-18 12:20:37 - [MESSAGE][PASSED] - Alt menü e-Arşiv Hareketleri başlığı altındaki e-Arşiv Faturaları seçilir

2021-11-18 12:20:37 - [TEST_STEP][PASSED] - Filtrelerden Ettn filtresine Ettn bilgisi yaz: Filtrelerden Ettn filtresine Ettn bilgisi yaz

2021-11-18 12:20:37 - [MESSAGE][PASSED] - Filtrelerden Ettn filtresine Ettn bilgisi yaz

2021-11-18 12:20:37 - [TEST_STEP][PASSED] - Filtre butonlarından Listele seçilir: Filtre butonlarından Listele seçilir

2021-11-18 12:20:37 - [MESSAGE][PASSED] - Filtre butonlarından Listele seçilir

2021-11-18 12:20:37 - [TEST_STEP][PASSED] - Tabloda veri var mı kontrol edilir: Tabloda veri var mı kontrol edilir

2021-11-18 12:20:37 - [MESSAGE][PASSED] - Tabloda veri var mı kontrol edilir

2021-11-18 12:20:37 - [TEST_STEP][PASSED] - Tabloda yeni oluşturulan eArsiv verisi başarılı mı: Tabloda yeni oluşturulan eArsiv verisi başarılı mı

2021-11-18 12:20:37 - [MESSAGE][PASSED] - Tabloda yeni oluşturulan eArsiv verisi başarılı mı

2021-11-18 12:20:37 - [TEST_STEP][PASSED] - Kullanıcı işlemlerinden Çıkış seçilir: Kullanıcı işlemlerinden Çıkış seçilir

2021-11-18 12:20:37 - [MESSAGE][PASSED] - Kullanıcı işlemlerinden Çıkış seçilir

2021-11-18 12:20:37 - [MESSAGE][PASSED] - Feature file: 'Include/features/Regresyon/e-Arsiv/VKN-Kagit-Istisna.feature' was passed

2021-11-18 12:20:37 - [TEST_STEP][PASSED] - Start listener action : sampleAfterTestSuite: Invoke 'com.kms.katalon.core.annotation.AfterTestCase' method: 'Listener.sampleAfterTestSuite(...)' completed.

2021-11-18 12:20:37 - [MESSAGE][INFO] - Starting invoke 'com.kms.katalon.core.annotation.AfterTestCase' method: 'Listener.sampleAfterTestSuite(...)'

2021-11-18 12:20:37 - [TEST_STEP][PASSED] - closeBrowser(): Invoke 'com.kms.katalon.core.annotation.AfterTestCase' method: 'Listener.sampleAfterTestSuite(...)' completed.

2021-11-18 12:20:37 - [MESSAGE][INFO] - Closing browser

2021-11-18 12:20:38 - [MESSAGE][PASSED] - Browser is closed

2021-11-18 12:20:38 - [MESSAGE][INFO] - Invoke 'com.kms.katalon.core.annotation.AfterTestCase' method: 'Listener.sampleAfterTestSuite(...)' completed.]]></system-out>
         <system-err><![CDATA[]]></system-err>
      </testcase>
      <testcase name="Test Cases/Case Repository/Regresyon/e-Arsiv/VKN-Kagit-Ozel Matrah" time="100.806" classname="Test Cases/Case Repository/Regresyon/e-Arsiv/VKN-Kagit-Ozel Matrah" status="PASSED">
         <system-out><![CDATA[2021-11-18 12:20:38 - [TEST_CASE][PASSED] - Test Cases/Case Repository/Regresyon/e-Arsiv/VKN-Kagit-Ozel Matrah: Test Cases/Case Repository/Regresyon/e-Arsiv/VKN-Kagit-Ozel Matrah

2021-11-18 12:20:38 - [TEST_STEP][PASSED] - Start listener action : sampleBeforeTestSuite: Invoke 'com.kms.katalon.core.annotation.BeforeTestCase' method: 'Listener.sampleBeforeTestSuite(...)' completed.

2021-11-18 12:20:38 - [MESSAGE][INFO] - Starting invoke 'com.kms.katalon.core.annotation.BeforeTestCase' method: 'Listener.sampleBeforeTestSuite(...)'

2021-11-18 12:20:38 - [TEST_STEP][PASSED] - openBrowser(baseUrl): Browser is opened with url: 'https://efatura-stage.elogo.com.tr/'

2021-11-18 12:20:38 - [MESSAGE][INFO] - Opening browser

2021-11-18 12:20:38 - [MESSAGE][INFO] - Starting 'Chrome' driver

2021-11-18 12:20:38 - [MESSAGE][INFO] - User set preference: ['prefs', '{download.default_directory=C:\otomasyondownfiles}']

2021-11-18 12:20:38 - [MESSAGE][INFO] - Action delay is set to 0 milliseconds

2021-11-18 12:20:39 - [MESSAGE][INFO] - Navigating browser to: 'https://efatura-stage.elogo.com.tr/'

2021-11-18 12:20:41 - [MESSAGE][PASSED] - Browser is opened with url: 'https://efatura-stage.elogo.com.tr/'

2021-11-18 12:20:41 - [TEST_STEP][PASSED] - maximizeWindow(): Invoke 'com.kms.katalon.core.annotation.BeforeTestCase' method: 'Listener.sampleBeforeTestSuite(...)' completed.

2021-11-18 12:20:41 - [MESSAGE][INFO] - Maximizing current window

2021-11-18 12:20:41 - [MESSAGE][PASSED] - Current window maximized

2021-11-18 12:20:41 - [MESSAGE][INFO] - Invoke 'com.kms.katalon.core.annotation.BeforeTestCase' method: 'Listener.sampleBeforeTestSuite(...)' completed.

2021-11-18 12:20:41 - [TEST_STEP][PASSED] - runFeatureFile("Include/features/Regresyon/e-Arsiv/VKN-Kagit-Ozel Matrah.feature"): Feature file: 'Include/features/Regresyon/e-Arsiv/VKN-Kagit-Ozel Matrah.feature' was passed

2021-11-18 12:20:41 - [MESSAGE][INFO] - Starting run keyword runFeatureFile: 'Include/features/Regresyon/e-Arsiv/VKN-Kagit-Ozel Matrah.feature' and extract report to folder: 'C:\Users\DELL\Documents\GitHub\EES_KatalonLogo\Reports\20211118_114904\Suite Repository\Regresyon-eArsiv-eMakbuz\20211118_114904/cucumber_report/1637227241787'...

2021-11-18 12:20:41 - [MESSAGE][INFO] - Glue: []

2021-11-18 12:20:42 - [MESSAGE][INFO] - Checking called Test Case

2021-11-18 12:20:42 - [MESSAGE][INFO] - Starting to call Test Case 'Test Cases/Sayfalar/Giris_Sayfasi/Login'

2021-11-18 12:20:42 - [TEST_CASE][PASSED] - Test Cases/Sayfalar/Giris_Sayfasi/Login: Test Cases/Sayfalar/Giris_Sayfasi/Login

2021-11-18 12:20:42 - [TEST_STEP][PASSED] - Sayfa_Basligi = getWindowTitle(): Current window's title is: 'LOGO e-Fatura'

2021-11-18 12:20:42 - [MESSAGE][INFO] - Getting current window's title

2021-11-18 12:20:42 - [MESSAGE][PASSED] - Current window's title is: 'LOGO e-Fatura'

2021-11-18 12:20:42 - [TEST_STEP][PASSED] - verifyMatch(Sayfa_Basligi, "LOGO e-Fatura", false): Actual text 'LOGO e-Fatura' and expected text 'LOGO e-Fatura' are matched 

2021-11-18 12:20:42 - [MESSAGE][INFO] - Matching actual text 'LOGO e-Fatura' with expected text 'LOGO e-Fatura'

2021-11-18 12:20:42 - [MESSAGE][PASSED] - Actual text 'LOGO e-Fatura' and expected text 'LOGO e-Fatura' are matched 

2021-11-18 12:20:42 - [TEST_STEP][PASSED] - sendKeys(findTestObject("Sayfalar/Giris_Sayfasi/Firma_Kodu"), KullaniciAdi): Keys 'EARMATRAH' sent to object: 'Object Repository/Sayfalar/Giris_Sayfasi/Firma_Kodu'

2021-11-18 12:20:42 - [MESSAGE][INFO] - Finding Test Object 'Object Repository/Sayfalar/Giris_Sayfasi/Firma_Kodu'

2021-11-18 12:20:42 - [MESSAGE][INFO] - Sending keys 'EARMATRAH' to object: 'Object Repository/Sayfalar/Giris_Sayfasi/Firma_Kodu'

2021-11-18 12:20:42 - [MESSAGE][INFO] - Finding web element from Test Object's properties

2021-11-18 12:20:42 - [MESSAGE][INFO] - Checking timeout

2021-11-18 12:20:42 - [MESSAGE][INFO] - Finding web element with id: 'Object Repository/Sayfalar/Giris_Sayfasi/Firma_Kodu' located by 'By.xpath: //*[@id = 'AccountName']' in '30' second(s)

2021-11-18 12:20:42 - [MESSAGE][INFO] - Smart Wait Function is triggered

2021-11-18 12:20:43 - [MESSAGE][INFO] - Found 1 web elements with id: 'Object Repository/Sayfalar/Giris_Sayfasi/Firma_Kodu' located by 'By.xpath: //*[@id = 'AccountName']' in '30' second(s)

2021-11-18 12:20:43 - [MESSAGE][PASSED] - Keys 'EARMATRAH' sent to object: 'Object Repository/Sayfalar/Giris_Sayfasi/Firma_Kodu'

2021-11-18 12:20:43 - [TEST_STEP][PASSED] - sendKeys(findTestObject("Sayfalar/Giris_Sayfasi/Sifre"), Sifre): Keys 'test1234' sent to object: 'Object Repository/Sayfalar/Giris_Sayfasi/Sifre'

2021-11-18 12:20:43 - [MESSAGE][INFO] - Finding Test Object 'Object Repository/Sayfalar/Giris_Sayfasi/Sifre'

2021-11-18 12:20:43 - [MESSAGE][INFO] - Sending keys 'test1234' to object: 'Object Repository/Sayfalar/Giris_Sayfasi/Sifre'

2021-11-18 12:20:43 - [MESSAGE][INFO] - Finding web element from Test Object's properties

2021-11-18 12:20:43 - [MESSAGE][INFO] - Checking timeout

2021-11-18 12:20:43 - [MESSAGE][INFO] - Finding web element with id: 'Object Repository/Sayfalar/Giris_Sayfasi/Sifre' located by 'By.xpath: //*[@id = 'Password']' in '30' second(s)

2021-11-18 12:20:43 - [MESSAGE][INFO] - Smart Wait Function is triggered

2021-11-18 12:20:43 - [MESSAGE][INFO] - Found 1 web elements with id: 'Object Repository/Sayfalar/Giris_Sayfasi/Sifre' located by 'By.xpath: //*[@id = 'Password']' in '30' second(s)

2021-11-18 12:20:43 - [MESSAGE][PASSED] - Keys 'test1234' sent to object: 'Object Repository/Sayfalar/Giris_Sayfasi/Sifre'

2021-11-18 12:20:43 - [TEST_STEP][PASSED] - findWebElement(findTestObject("Sayfalar/Giris_Sayfasi/Giris_Butonu")).click(): Found 1 web elements with id: 'Object Repository/Sayfalar/Giris_Sayfasi/Giris_Butonu' located by 'By.cssSelector: #btnLogin' in '30' second(s)

2021-11-18 12:20:43 - [MESSAGE][INFO] - Finding Test Object 'Object Repository/Sayfalar/Giris_Sayfasi/Giris_Butonu'

2021-11-18 12:20:43 - [MESSAGE][INFO] - Finding web element from Test Object's properties

2021-11-18 12:20:43 - [MESSAGE][INFO] - Checking timeout

2021-11-18 12:20:43 - [MESSAGE][INFO] - Finding web element with id: 'Object Repository/Sayfalar/Giris_Sayfasi/Giris_Butonu' located by 'By.cssSelector: #btnLogin' in '30' second(s)

2021-11-18 12:20:43 - [MESSAGE][INFO] - Smart Wait Function is triggered

2021-11-18 12:20:43 - [MESSAGE][INFO] - Found 1 web elements with id: 'Object Repository/Sayfalar/Giris_Sayfasi/Giris_Butonu' located by 'By.cssSelector: #btnLogin' in '30' second(s)

2021-11-18 12:20:45 - [TEST_STEP][PASSED] - if (verifyElementPresent(findTestObject("Object Repository/Sayfalar/Giris_Sayfasi/RetveTamam_Butonu"), 5, OPTIONAL)): null

2021-11-18 12:20:45 - [MESSAGE][INFO] - Finding Test Object 'Object Repository/Sayfalar/Giris_Sayfasi/RetveTamam_Butonu'

2021-11-18 12:20:45 - [MESSAGE][INFO] - Checking object

2021-11-18 12:20:45 - [MESSAGE][INFO] - Finding web element from Test Object's properties

2021-11-18 12:20:45 - [MESSAGE][INFO] - Checking timeout

2021-11-18 12:20:45 - [MESSAGE][INFO] - Finding web element with id: 'Object Repository/Sayfalar/Giris_Sayfasi/RetveTamam_Butonu' located by 'By.xpath: //*[@class = 'btn btn-default']' in '5' second(s)

2021-11-18 12:20:45 - [MESSAGE][INFO] - Smart Wait Function is triggered

2021-11-18 12:20:45 - [MESSAGE][INFO] - Found 1 web elements with id: 'Object Repository/Sayfalar/Giris_Sayfasi/RetveTamam_Butonu' located by 'By.xpath: //*[@class = 'btn btn-default']' in '5' second(s)

2021-11-18 12:20:45 - [MESSAGE][PASSED] - Object 'Object Repository/Sayfalar/Giris_Sayfasi/RetveTamam_Butonu' is present

2021-11-18 12:20:45 - [TEST_STEP][PASSED] - click(findTestObject("Object Repository/Sayfalar/Giris_Sayfasi/RetveTamam_Butonu")): Object: 'Object Repository/Sayfalar/Giris_Sayfasi/RetveTamam_Butonu' is clicked on

2021-11-18 12:20:45 - [MESSAGE][INFO] - Finding Test Object 'Object Repository/Sayfalar/Giris_Sayfasi/RetveTamam_Butonu'

2021-11-18 12:20:45 - [MESSAGE][INFO] - Checking object

2021-11-18 12:20:45 - [MESSAGE][INFO] - Finding web element from Test Object's properties

2021-11-18 12:20:45 - [MESSAGE][INFO] - Checking timeout

2021-11-18 12:20:45 - [MESSAGE][INFO] - Finding web element with id: 'Object Repository/Sayfalar/Giris_Sayfasi/RetveTamam_Butonu' located by 'By.xpath: //*[@class = 'btn btn-default']' in '30' second(s)

2021-11-18 12:20:45 - [MESSAGE][INFO] - Smart Wait Function is triggered

2021-11-18 12:20:46 - [MESSAGE][INFO] - Found 1 web elements with id: 'Object Repository/Sayfalar/Giris_Sayfasi/RetveTamam_Butonu' located by 'By.xpath: //*[@class = 'btn btn-default']' in '30' second(s)

2021-11-18 12:20:46 - [MESSAGE][INFO] - Clicking on object: 'Object Repository/Sayfalar/Giris_Sayfasi/RetveTamam_Butonu'

2021-11-18 12:20:46 - [MESSAGE][PASSED] - Object: 'Object Repository/Sayfalar/Giris_Sayfasi/RetveTamam_Butonu' is clicked on

2021-11-18 12:20:46 - [TEST_STEP][PASSED] - click(findTestObject("Object Repository/Sayfalar/Giris_Sayfasi/RetveTamam_Butonu")): Object: 'Object Repository/Sayfalar/Giris_Sayfasi/RetveTamam_Butonu' is clicked on

2021-11-18 12:20:46 - [MESSAGE][INFO] - Finding Test Object 'Object Repository/Sayfalar/Giris_Sayfasi/RetveTamam_Butonu'

2021-11-18 12:20:46 - [MESSAGE][INFO] - Checking object

2021-11-18 12:20:46 - [MESSAGE][INFO] - Finding web element from Test Object's properties

2021-11-18 12:20:46 - [MESSAGE][INFO] - Checking timeout

2021-11-18 12:20:46 - [MESSAGE][INFO] - Finding web element with id: 'Object Repository/Sayfalar/Giris_Sayfasi/RetveTamam_Butonu' located by 'By.xpath: //*[@class = 'btn btn-default']' in '30' second(s)

2021-11-18 12:20:46 - [MESSAGE][INFO] - Smart Wait Function is triggered

2021-11-18 12:20:50 - [MESSAGE][INFO] - Found 1 web elements with id: 'Object Repository/Sayfalar/Giris_Sayfasi/RetveTamam_Butonu' located by 'By.xpath: //*[@class = 'btn btn-default']' in '30' second(s)

2021-11-18 12:20:50 - [MESSAGE][INFO] - Clicking on object: 'Object Repository/Sayfalar/Giris_Sayfasi/RetveTamam_Butonu'

2021-11-18 12:20:50 - [MESSAGE][PASSED] - Object: 'Object Repository/Sayfalar/Giris_Sayfasi/RetveTamam_Butonu' is clicked on

2021-11-18 12:20:50 - [TEST_STEP][PASSED] - if (verifyElementPresent(findTestObject("Sayfalar/Giris_Sayfasi/PopupOK"), 5, OPTIONAL)): com.kms.katalon.core.webui.exception.WebElementNotFoundException: Web element with id: 'Object Repository/Sayfalar/Giris_Sayfasi/PopupOK' located by '.btn.btn-success' not found (Root cause: com.kms.katalon.core.exception.StepFailedException: com.kms.katalon.core.webui.exception.WebElementNotFoundException: Web element with id: 'Object Repository/Sayfalar/Giris_Sayfasi/PopupOK' located by '.btn.btn-success' not found
	at com.kms.katalon.core.webui.keyword.internal.WebUIKeywordMain.stepFailed(WebUIKeywordMain.groovy:64)
	at com.kms.katalon.core.webui.keyword.builtin.VerifyElementPresentKeyword$_verifyElementPresent_closure1.doCall(VerifyElementPresentKeyword.groovy:85)
	at com.kms.katalon.core.webui.keyword.builtin.VerifyElementPresentKeyword$_verifyElementPresent_closure1.call(VerifyElementPresentKeyword.groovy)
	at com.kms.katalon.core.webui.keyword.internal.WebUIKeywordMain.runKeyword(WebUIKeywordMain.groovy:20)
	at com.kms.katalon.core.webui.keyword.builtin.VerifyElementPresentKeyword.verifyElementPresent(VerifyElementPresentKeyword.groovy:92)
	at com.kms.katalon.core.webui.keyword.builtin.VerifyElementPresentKeyword.execute(VerifyElementPresentKeyword.groovy:68)
	at com.kms.katalon.core.keyword.internal.KeywordExecutor.executeKeywordForPlatform(KeywordExecutor.groovy:73)
	at com.kms.katalon.core.webui.keyword.WebUiBuiltInKeywords.verifyElementPresent(WebUiBuiltInKeywords.groovy:1448)
	at com.kms.katalon.core.webui.keyword.WebUiBuiltInKeywords$verifyElementPresent$4.call(Unknown Source)
	at Login.run(Login:40)
	at com.kms.katalon.core.main.ScriptEngine.run(ScriptEngine.java:194)
	at com.kms.katalon.core.main.ScriptEngine.runScriptAsRawText(ScriptEngine.java:119)
	at com.kms.katalon.core.main.TestCaseExecutor.runScript(TestCaseExecutor.java:369)
	at com.kms.katalon.core.main.TestCaseExecutor.doExecute(TestCaseExecutor.java:360)
	at com.kms.katalon.core.main.TestCaseExecutor.processExecutionPhase(TestCaseExecutor.java:339)
	at com.kms.katalon.core.main.TestCaseExecutor.accessMainPhase(TestCaseExecutor.java:331)
	at com.kms.katalon.core.main.TestCaseExecutor.execute(TestCaseExecutor.java:248)
	at com.kms.katalon.core.main.TestCaseMain.runTestCase(TestCaseMain.java:138)
	at com.kms.katalon.core.keyword.builtin.CallTestCaseKeyword$_callTestCase_closure1.doCall(CallTestCaseKeyword.groovy:59)
	at com.kms.katalon.core.keyword.builtin.CallTestCaseKeyword$_callTestCase_closure1.call(CallTestCaseKeyword.groovy)
	at com.kms.katalon.core.keyword.internal.KeywordMain.runKeyword(KeywordMain.groovy:68)
	at com.kms.katalon.core.keyword.builtin.CallTestCaseKeyword.callTestCase(CallTestCaseKeyword.groovy:81)
	at com.kms.katalon.core.keyword.builtin.CallTestCaseKeyword.execute(CallTestCaseKeyword.groovy:44)
	at com.kms.katalon.core.keyword.internal.KeywordExecutor.executeKeywordForPlatform(KeywordExecutor.groovy:73)
	at com.kms.katalon.core.keyword.BuiltinKeywords.callTestCase(BuiltinKeywords.groovy:334)
	at sayfalar.girisSayfasi.login(girisSayfasi.groovy:50)
	at cucumber.runtime.Utils$1.call(Utils.java:26)
	at cucumber.runtime.Timeout.timeout(Timeout.java:16)
	at cucumber.runtime.Utils.invoke(Utils.java:20)
	at cucumber.runtime.java.JavaStepDefinition.execute(JavaStepDefinition.java:49)
	at cucumber.runner.PickleStepDefinitionMatch.runStep(PickleStepDefinitionMatch.java:50)
	at cucumber.runner.TestStep.executeStep(TestStep.java:63)
	at cucumber.runner.TestStep.run(TestStep.java:49)
	at cucumber.runner.PickleStepTestStep.run(PickleStepTestStep.java:43)
	at cucumber.runner.TestCase.run(TestCase.java:44)
	at cucumber.runner.Runner.runPickle(Runner.java:40)
	at cucumber.runtime.Runtime$1.run(Runtime.java:84)
	at cucumber.runtime.Runtime$SameThreadExecutorService.execute(Runtime.java:220)
	at cucumber.runtime.Runtime.run(Runtime.java:81)
	at cucumber.api.cli.Main.run(Main.java:26)
	at cucumber.api.cli.Main$run.call(Unknown Source)
	at com.kms.katalon.core.cucumber.keyword.CucumberBuiltinKeywords$_runFeatureFile_closure1.doCall(CucumberBuiltinKeywords.groovy:106)
	at com.kms.katalon.core.cucumber.keyword.CucumberBuiltinKeywords$_runFeatureFile_closure1.doCall(CucumberBuiltinKeywords.groovy)
	at com.kms.katalon.core.keyword.internal.KeywordMain.runKeyword(KeywordMain.groovy:68)
	at com.kms.katalon.core.keyword.internal.KeywordMain$runKeyword.call(Unknown Source)
	at com.kms.katalon.core.cucumber.keyword.CucumberBuiltinKeywords.runFeatureFile(CucumberBuiltinKeywords.groovy:73)
	at com.kms.katalon.core.cucumber.keyword.CucumberBuiltinKeywords$runFeatureFile$0.callStatic(Unknown Source)
	at com.kms.katalon.core.cucumber.keyword.CucumberBuiltinKeywords.runFeatureFile(CucumberBuiltinKeywords.groovy:246)
	at com.kms.katalon.core.cucumber.keyword.CucumberBuiltinKeywords$runFeatureFile.call(Unknown Source)
	at VKN-Kagit-Ozel Matrah.run(VKN-Kagit-Ozel Matrah:19)
	at com.kms.katalon.core.main.ScriptEngine.run(ScriptEngine.java:194)
	at com.kms.katalon.core.main.ScriptEngine.runScriptAsRawText(ScriptEngine.java:119)
	at com.kms.katalon.core.main.TestCaseExecutor.runScript(TestCaseExecutor.java:369)
	at com.kms.katalon.core.main.TestCaseExecutor.doExecute(TestCaseExecutor.java:360)
	at com.kms.katalon.core.main.TestCaseExecutor.processExecutionPhase(TestCaseExecutor.java:339)
	at com.kms.katalon.core.main.TestCaseExecutor.accessMainPhase(TestCaseExecutor.java:331)
	at com.kms.katalon.core.main.TestCaseExecutor.execute(TestCaseExecutor.java:248)
	at com.kms.katalon.core.main.TestSuiteExecutor.accessTestCaseMainPhase(TestSuiteExecutor.java:191)
	at com.kms.katalon.core.main.TestSuiteExecutor.accessTestSuiteMainPhase(TestSuiteExecutor.java:140)
	at com.kms.katalon.core.main.TestSuiteExecutor.execute(TestSuiteExecutor.java:89)
	at com.kms.katalon.core.main.TestCaseMain.startTestSuite(TestCaseMain.java:181)
	at com.kms.katalon.core.main.TestCaseMain$startTestSuite$0.call(Unknown Source)
	at TempTestSuite1637225344330.run(TempTestSuite1637225344330.groovy:39)
)

2021-11-18 12:20:50 - [MESSAGE][INFO] - Finding Test Object 'Object Repository/Sayfalar/Giris_Sayfasi/PopupOK'

2021-11-18 12:20:50 - [MESSAGE][INFO] - Checking object

2021-11-18 12:20:50 - [MESSAGE][INFO] - Finding web element from Test Object's properties

2021-11-18 12:20:50 - [MESSAGE][INFO] - Checking timeout

2021-11-18 12:20:50 - [MESSAGE][INFO] - Finding web element with id: 'Object Repository/Sayfalar/Giris_Sayfasi/PopupOK' located by 'By.cssSelector: .btn.btn-success' in '5' second(s)

2021-11-18 12:20:50 - [MESSAGE][INFO] - Smart Wait Function is triggered

2021-11-18 12:20:50 - [MESSAGE][INFO] - Smart Wait Function is triggered

2021-11-18 12:20:51 - [MESSAGE][INFO] - Smart Wait Function is triggered

2021-11-18 12:20:51 - [MESSAGE][INFO] - Smart Wait Function is triggered

2021-11-18 12:20:51 - [MESSAGE][INFO] - Smart Wait Function is triggered

2021-11-18 12:20:51 - [MESSAGE][INFO] - Smart Wait Function is triggered

2021-11-18 12:20:52 - [MESSAGE][INFO] - Smart Wait Function is triggered

2021-11-18 12:20:52 - [MESSAGE][INFO] - Smart Wait Function is triggered

2021-11-18 12:20:52 - [MESSAGE][INFO] - Smart Wait Function is triggered

2021-11-18 12:20:53 - [MESSAGE][INFO] - Smart Wait Function is triggered

2021-11-18 12:20:53 - [MESSAGE][INFO] - Smart Wait Function is triggered

2021-11-18 12:20:53 - [MESSAGE][INFO] - Smart Wait Function is triggered

2021-11-18 12:20:53 - [MESSAGE][INFO] - Smart Wait Function is triggered

2021-11-18 12:20:54 - [MESSAGE][INFO] - Smart Wait Function is triggered

2021-11-18 12:20:54 - [MESSAGE][INFO] - Smart Wait Function is triggered

2021-11-18 12:20:54 - [MESSAGE][INFO] - Smart Wait Function is triggered

2021-11-18 12:20:54 - [MESSAGE][INFO] - Smart Wait Function is triggered

2021-11-18 12:20:55 - [MESSAGE][INFO] - Smart Wait Function is triggered

2021-11-18 12:20:55 - [MESSAGE][INFO] - Smart Wait Function is triggered

2021-11-18 12:20:55 - [MESSAGE][INFO] - Smart Wait Function is triggered

2021-11-18 12:20:55 - [MESSAGE][INFO] - Smart Wait Function is triggered

2021-11-18 12:20:56 - [MESSAGE][INFO] - Smart Wait Function is triggered

2021-11-18 12:20:56 - [MESSAGE][INFO] - Unable to find the element located by 'By.cssSelector: .btn.btn-success'. Please recheck the objects properties to make sure the desired element is located. 

2021-11-18 12:20:56 - [MESSAGE][WARNING] - com.kms.katalon.core.webui.exception.WebElementNotFoundException: Web element with id: 'Object Repository/Sayfalar/Giris_Sayfasi/PopupOK' located by '.btn.btn-success' not found (Root cause: com.kms.katalon.core.exception.StepFailedException: com.kms.katalon.core.webui.exception.WebElementNotFoundException: Web element with id: 'Object Repository/Sayfalar/Giris_Sayfasi/PopupOK' located by '.btn.btn-success' not found
	at com.kms.katalon.core.webui.keyword.internal.WebUIKeywordMain.stepFailed(WebUIKeywordMain.groovy:64)
	at com.kms.katalon.core.webui.keyword.builtin.VerifyElementPresentKeyword$_verifyElementPresent_closure1.doCall(VerifyElementPresentKeyword.groovy:85)
	at com.kms.katalon.core.webui.keyword.builtin.VerifyElementPresentKeyword$_verifyElementPresent_closure1.call(VerifyElementPresentKeyword.groovy)
	at com.kms.katalon.core.webui.keyword.internal.WebUIKeywordMain.runKeyword(WebUIKeywordMain.groovy:20)
	at com.kms.katalon.core.webui.keyword.builtin.VerifyElementPresentKeyword.verifyElementPresent(VerifyElementPresentKeyword.groovy:92)
	at com.kms.katalon.core.webui.keyword.builtin.VerifyElementPresentKeyword.execute(VerifyElementPresentKeyword.groovy:68)
	at com.kms.katalon.core.keyword.internal.KeywordExecutor.executeKeywordForPlatform(KeywordExecutor.groovy:73)
	at com.kms.katalon.core.webui.keyword.WebUiBuiltInKeywords.verifyElementPresent(WebUiBuiltInKeywords.groovy:1448)
	at com.kms.katalon.core.webui.keyword.WebUiBuiltInKeywords$verifyElementPresent$4.call(Unknown Source)
	at Login.run(Login:40)
	at com.kms.katalon.core.main.ScriptEngine.run(ScriptEngine.java:194)
	at com.kms.katalon.core.main.ScriptEngine.runScriptAsRawText(ScriptEngine.java:119)
	at com.kms.katalon.core.main.TestCaseExecutor.runScript(TestCaseExecutor.java:369)
	at com.kms.katalon.core.main.TestCaseExecutor.doExecute(TestCaseExecutor.java:360)
	at com.kms.katalon.core.main.TestCaseExecutor.processExecutionPhase(TestCaseExecutor.java:339)
	at com.kms.katalon.core.main.TestCaseExecutor.accessMainPhase(TestCaseExecutor.java:331)
	at com.kms.katalon.core.main.TestCaseExecutor.execute(TestCaseExecutor.java:248)
	at com.kms.katalon.core.main.TestCaseMain.runTestCase(TestCaseMain.java:138)
	at com.kms.katalon.core.keyword.builtin.CallTestCaseKeyword$_callTestCase_closure1.doCall(CallTestCaseKeyword.groovy:59)
	at com.kms.katalon.core.keyword.builtin.CallTestCaseKeyword$_callTestCase_closure1.call(CallTestCaseKeyword.groovy)
	at com.kms.katalon.core.keyword.internal.KeywordMain.runKeyword(KeywordMain.groovy:68)
	at com.kms.katalon.core.keyword.builtin.CallTestCaseKeyword.callTestCase(CallTestCaseKeyword.groovy:81)
	at com.kms.katalon.core.keyword.builtin.CallTestCaseKeyword.execute(CallTestCaseKeyword.groovy:44)
	at com.kms.katalon.core.keyword.internal.KeywordExecutor.executeKeywordForPlatform(KeywordExecutor.groovy:73)
	at com.kms.katalon.core.keyword.BuiltinKeywords.callTestCase(BuiltinKeywords.groovy:334)
	at sayfalar.girisSayfasi.login(girisSayfasi.groovy:50)
	at cucumber.runtime.Utils$1.call(Utils.java:26)
	at cucumber.runtime.Timeout.timeout(Timeout.java:16)
	at cucumber.runtime.Utils.invoke(Utils.java:20)
	at cucumber.runtime.java.JavaStepDefinition.execute(JavaStepDefinition.java:49)
	at cucumber.runner.PickleStepDefinitionMatch.runStep(PickleStepDefinitionMatch.java:50)
	at cucumber.runner.TestStep.executeStep(TestStep.java:63)
	at cucumber.runner.TestStep.run(TestStep.java:49)
	at cucumber.runner.PickleStepTestStep.run(PickleStepTestStep.java:43)
	at cucumber.runner.TestCase.run(TestCase.java:44)
	at cucumber.runner.Runner.runPickle(Runner.java:40)
	at cucumber.runtime.Runtime$1.run(Runtime.java:84)
	at cucumber.runtime.Runtime$SameThreadExecutorService.execute(Runtime.java:220)
	at cucumber.runtime.Runtime.run(Runtime.java:81)
	at cucumber.api.cli.Main.run(Main.java:26)
	at cucumber.api.cli.Main$run.call(Unknown Source)
	at com.kms.katalon.core.cucumber.keyword.CucumberBuiltinKeywords$_runFeatureFile_closure1.doCall(CucumberBuiltinKeywords.groovy:106)
	at com.kms.katalon.core.cucumber.keyword.CucumberBuiltinKeywords$_runFeatureFile_closure1.doCall(CucumberBuiltinKeywords.groovy)
	at com.kms.katalon.core.keyword.internal.KeywordMain.runKeyword(KeywordMain.groovy:68)
	at com.kms.katalon.core.keyword.internal.KeywordMain$runKeyword.call(Unknown Source)
	at com.kms.katalon.core.cucumber.keyword.CucumberBuiltinKeywords.runFeatureFile(CucumberBuiltinKeywords.groovy:73)
	at com.kms.katalon.core.cucumber.keyword.CucumberBuiltinKeywords$runFeatureFile$0.callStatic(Unknown Source)
	at com.kms.katalon.core.cucumber.keyword.CucumberBuiltinKeywords.runFeatureFile(CucumberBuiltinKeywords.groovy:246)
	at com.kms.katalon.core.cucumber.keyword.CucumberBuiltinKeywords$runFeatureFile.call(Unknown Source)
	at VKN-Kagit-Ozel Matrah.run(VKN-Kagit-Ozel Matrah:19)
	at com.kms.katalon.core.main.ScriptEngine.run(ScriptEngine.java:194)
	at com.kms.katalon.core.main.ScriptEngine.runScriptAsRawText(ScriptEngine.java:119)
	at com.kms.katalon.core.main.TestCaseExecutor.runScript(TestCaseExecutor.java:369)
	at com.kms.katalon.core.main.TestCaseExecutor.doExecute(TestCaseExecutor.java:360)
	at com.kms.katalon.core.main.TestCaseExecutor.processExecutionPhase(TestCaseExecutor.java:339)
	at com.kms.katalon.core.main.TestCaseExecutor.accessMainPhase(TestCaseExecutor.java:331)
	at com.kms.katalon.core.main.TestCaseExecutor.execute(TestCaseExecutor.java:248)
	at com.kms.katalon.core.main.TestSuiteExecutor.accessTestCaseMainPhase(TestSuiteExecutor.java:191)
	at com.kms.katalon.core.main.TestSuiteExecutor.accessTestSuiteMainPhase(TestSuiteExecutor.java:140)
	at com.kms.katalon.core.main.TestSuiteExecutor.execute(TestSuiteExecutor.java:89)
	at com.kms.katalon.core.main.TestCaseMain.startTestSuite(TestCaseMain.java:181)
	at com.kms.katalon.core.main.TestCaseMain$startTestSuite$0.call(Unknown Source)
	at TempTestSuite1637225344330.run(TempTestSuite1637225344330.groovy:39)
)

2021-11-18 12:20:56 - [TEST_STEP][PASSED] - verifyElementVisible(findTestObject("Object Repository/Kullanici_Islemleri/KullaniciIslemleri")): Object 'Object Repository/Kullanici_Islemleri/KullaniciIslemleri' is visible

2021-11-18 12:20:56 - [MESSAGE][INFO] - Finding Test Object 'Object Repository/Kullanici_Islemleri/KullaniciIslemleri'

2021-11-18 12:20:56 - [MESSAGE][INFO] - Checking object

2021-11-18 12:20:56 - [MESSAGE][INFO] - Finding web element from Test Object's properties

2021-11-18 12:20:56 - [MESSAGE][INFO] - Checking timeout

2021-11-18 12:20:56 - [MESSAGE][INFO] - Finding web element with id: 'Object Repository/Kullanici_Islemleri/KullaniciIslemleri' located by 'By.cssSelector: .dropdown>a>img' in '30' second(s)

2021-11-18 12:20:56 - [MESSAGE][INFO] - Smart Wait Function is triggered

2021-11-18 12:20:56 - [MESSAGE][INFO] - Found 1 web elements with id: 'Object Repository/Kullanici_Islemleri/KullaniciIslemleri' located by 'By.cssSelector: .dropdown>a>img' in '30' second(s)

2021-11-18 12:20:56 - [MESSAGE][PASSED] - Object 'Object Repository/Kullanici_Islemleri/KullaniciIslemleri' is visible

2021-11-18 12:20:56 - [MESSAGE][PASSED] - Call Test Case 'Test Cases/Sayfalar/Giris_Sayfasi/Login' successfully

2021-11-18 12:20:56 - [MESSAGE][INFO] - Checking called Test Case

2021-11-18 12:20:56 - [MESSAGE][INFO] - Starting to call Test Case 'Test Cases/Menu/AnaMenuSecimi'

2021-11-18 12:20:56 - [TEST_CASE][PASSED] - Test Cases/Menu/AnaMenuSecimi: Test Cases/Menu/AnaMenuSecimi

2021-11-18 12:20:56 - [TEST_STEP][PASSED] - Method.TextDegerineEsitElementeTikla(findTestObject("Menu/Ana_Menu"), Ana_Menu): Method.TextDegerineEsitElementeTikla is PASSED

2021-11-18 12:20:56 - [MESSAGE][INFO] - Finding Test Object 'Object Repository/Menu/Ana_Menu'

2021-11-18 12:20:57 - [MESSAGE][INFO] - Checking timeout

2021-11-18 12:20:57 - [MESSAGE][INFO] - Finding web element with id: 'Object Repository/Menu/Ana_Menu' located by 'By.xpath: //*[@class = 'dropdown-toggle']' in '10' second(s)

2021-11-18 12:20:57 - [MESSAGE][INFO] - Smart Wait Function is triggered

2021-11-18 12:20:57 - [MESSAGE][INFO] - Found 13 web elements with id: 'Object Repository/Menu/Ana_Menu' located by 'By.xpath: //*[@class = 'dropdown-toggle']' in '10' second(s)

2021-11-18 12:20:57 - [MESSAGE][PASSED] - Method.TextDegerineEsitElementeTikla is PASSED

2021-11-18 12:20:57 - [MESSAGE][PASSED] - Call Test Case 'Test Cases/Menu/AnaMenuSecimi' successfully

2021-11-18 12:20:57 - [MESSAGE][INFO] - Checking called Test Case

2021-11-18 12:20:57 - [MESSAGE][INFO] - Starting to call Test Case 'Test Cases/Menu/BasligaGoreAltMenuSecimi'

2021-11-18 12:20:57 - [TEST_CASE][PASSED] - Test Cases/Menu/BasligaGoreAltMenuSecimi: Test Cases/Menu/BasligaGoreAltMenuSecimi

2021-11-18 12:20:57 - [TEST_STEP][PASSED] - Method.TextDegerineEsitElementinAltindakiTextDegerineEsitOlanaTikla(findTestObject("Menu/Menu_Basligi"), findTestObject("Menu/Basliga_Gore_Alt_Menu"), Baslik, Alt_Menu): Method.TextDegerineEsitElementinAltindakiTextDegerineEsitOlanaTikla is PASSED

2021-11-18 12:20:57 - [MESSAGE][INFO] - Finding Test Object 'Object Repository/Menu/Menu_Basligi'

2021-11-18 12:20:57 - [MESSAGE][INFO] - Finding Test Object 'Object Repository/Menu/Basliga_Gore_Alt_Menu'

2021-11-18 12:20:57 - [MESSAGE][INFO] - Checking timeout

2021-11-18 12:20:57 - [MESSAGE][INFO] - Finding web element with id: 'Object Repository/Menu/Menu_Basligi' located by 'By.xpath: //li[@class='dropdown dropdown-large open']//li[@class='dropdown-header']' in '10' second(s)

2021-11-18 12:20:57 - [MESSAGE][INFO] - Smart Wait Function is triggered

2021-11-18 12:20:57 - [MESSAGE][INFO] - Found 2 web elements with id: 'Object Repository/Menu/Menu_Basligi' located by 'By.xpath: //li[@class='dropdown dropdown-large open']//li[@class='dropdown-header']' in '10' second(s)

2021-11-18 12:20:57 - [MESSAGE][INFO] - Smart Wait Function is triggered

2021-11-18 12:20:59 - [MESSAGE][PASSED] - Method.TextDegerineEsitElementinAltindakiTextDegerineEsitOlanaTikla is PASSED

2021-11-18 12:20:59 - [MESSAGE][PASSED] - Call Test Case 'Test Cases/Menu/BasligaGoreAltMenuSecimi' successfully

2021-11-18 12:20:59 - [MESSAGE][INFO] - Checking called Test Case

2021-11-18 12:20:59 - [MESSAGE][INFO] - Starting to call Test Case 'Test Cases/Tablo/Olusturma Tarihi'

2021-11-18 12:20:59 - [TEST_CASE][PASSED] - Test Cases/Tablo/Olusturma Tarihi: Test Cases/Tablo/Olusturma Tarihi

2021-11-18 12:20:59 - [TEST_STEP][PASSED] - if (verifyTextNotPresent("Görüntülenecek veri yok", true, OPTIONAL)): null

2021-11-18 12:20:59 - [MESSAGE][INFO] - Checking text present  using regular expression

2021-11-18 12:20:59 - [MESSAGE][INFO] - Smart Wait Function is triggered

2021-11-18 12:21:00 - [MESSAGE][INFO] - Finding text 'Görüntülenecek veri yok' on page  using regular expression

2021-11-18 12:21:00 - [MESSAGE][PASSED] - Text 'Görüntülenecek veri yok' is not present on page using regular expression

2021-11-18 12:21:00 - [TEST_STEP][PASSED] - click(findTestObject("Temizle/Olusturma_Tarihi_CheckBox")): Object: 'Object Repository/Temizle/Olusturma_Tarihi_CheckBox' is clicked on

2021-11-18 12:21:00 - [MESSAGE][INFO] - Finding Test Object 'Object Repository/Temizle/Olusturma_Tarihi_CheckBox'

2021-11-18 12:21:00 - [MESSAGE][INFO] - Checking object

2021-11-18 12:21:00 - [MESSAGE][INFO] - Finding web element from Test Object's properties

2021-11-18 12:21:00 - [MESSAGE][INFO] - Checking timeout

2021-11-18 12:21:00 - [MESSAGE][INFO] - Finding web element with id: 'Object Repository/Temizle/Olusturma_Tarihi_CheckBox' located by 'By.xpath: //*[@title = 'Bu sayfadaki tüm satırları Seç']' in '30' second(s)

2021-11-18 12:21:00 - [MESSAGE][INFO] - Smart Wait Function is triggered

2021-11-18 12:21:00 - [MESSAGE][INFO] - Found 1 web elements with id: 'Object Repository/Temizle/Olusturma_Tarihi_CheckBox' located by 'By.xpath: //*[@title = 'Bu sayfadaki tüm satırları Seç']' in '30' second(s)

2021-11-18 12:21:00 - [MESSAGE][INFO] - Clicking on object: 'Object Repository/Temizle/Olusturma_Tarihi_CheckBox'

2021-11-18 12:21:00 - [MESSAGE][PASSED] - Object: 'Object Repository/Temizle/Olusturma_Tarihi_CheckBox' is clicked on

2021-11-18 12:21:00 - [TEST_STEP][PASSED] - Method.TextDegerineEsitElementeTiklaEquals(findTestObject("Butonlar/Butonlar"), "Sil"): Method.TextDegerineEsitElementeTiklaEquals is PASSED

2021-11-18 12:21:00 - [MESSAGE][INFO] - Finding Test Object 'Object Repository/Butonlar/Butonlar'

2021-11-18 12:21:00 - [MESSAGE][INFO] - Checking timeout

2021-11-18 12:21:00 - [MESSAGE][INFO] - Finding web element with id: 'Object Repository/Butonlar/Butonlar' located by 'By.cssSelector: .panel.panel-default.text-center.footerPanel .btn,.btn.btn-primary.btnControls' in '10' second(s)

2021-11-18 12:21:00 - [MESSAGE][INFO] - Smart Wait Function is triggered

2021-11-18 12:21:01 - [MESSAGE][INFO] - Found 9 web elements with id: 'Object Repository/Butonlar/Butonlar' located by 'By.cssSelector: .panel.panel-default.text-center.footerPanel .btn,.btn.btn-primary.btnControls' in '10' second(s)

2021-11-18 12:21:01 - [MESSAGE][PASSED] - Method.TextDegerineEsitElementeTiklaEquals is PASSED

2021-11-18 12:21:01 - [TEST_STEP][PASSED] - Method.TextDegerineEsitElementeTikla(findTestObject("Popup/Popup_Butons"), "Evet"): Method.TextDegerineEsitElementeTikla is PASSED

2021-11-18 12:21:01 - [MESSAGE][INFO] - Finding Test Object 'Object Repository/Popup/Popup_Butons'

2021-11-18 12:21:01 - [MESSAGE][INFO] - Checking timeout

2021-11-18 12:21:01 - [MESSAGE][INFO] - Finding web element with id: 'Object Repository/Popup/Popup_Butons' located by 'By.cssSelector: .modal-footer>button' in '10' second(s)

2021-11-18 12:21:01 - [MESSAGE][INFO] - Smart Wait Function is triggered

2021-11-18 12:21:02 - [MESSAGE][INFO] - Found 2 web elements with id: 'Object Repository/Popup/Popup_Butons' located by 'By.cssSelector: .modal-footer>button' in '10' second(s)

2021-11-18 12:21:02 - [MESSAGE][PASSED] - Method.TextDegerineEsitElementeTikla is PASSED

2021-11-18 12:21:02 - [TEST_STEP][PASSED] - Method.TextDegerineEsitElementeTikla(findTestObject("Popup/Popup_Butons"), "Tamam"): Method.TextDegerineEsitElementeTikla is PASSED

2021-11-18 12:21:02 - [MESSAGE][INFO] - Finding Test Object 'Object Repository/Popup/Popup_Butons'

2021-11-18 12:21:02 - [MESSAGE][INFO] - Checking timeout

2021-11-18 12:21:02 - [MESSAGE][INFO] - Finding web element with id: 'Object Repository/Popup/Popup_Butons' located by 'By.cssSelector: .modal-footer>button' in '10' second(s)

2021-11-18 12:21:02 - [MESSAGE][INFO] - Smart Wait Function is triggered

2021-11-18 12:21:03 - [MESSAGE][INFO] - Found 1 web elements with id: 'Object Repository/Popup/Popup_Butons' located by 'By.cssSelector: .modal-footer>button' in '10' second(s)

2021-11-18 12:21:03 - [MESSAGE][PASSED] - Method.TextDegerineEsitElementeTikla is PASSED

2021-11-18 12:21:03 - [MESSAGE][PASSED] - Call Test Case 'Test Cases/Tablo/Olusturma Tarihi' successfully

2021-11-18 12:21:03 - [MESSAGE][INFO] - Checking called Test Case

2021-11-18 12:21:03 - [MESSAGE][INFO] - Starting to call Test Case 'Test Cases/Butonlar/ButonaTikla'

2021-11-18 12:21:03 - [TEST_CASE][PASSED] - Test Cases/Butonlar/ButonaTikla: Test Cases/Butonlar/ButonaTikla

2021-11-18 12:21:03 - [TEST_STEP][PASSED] - Method.TextDegerineEsitElementeTiklaEquals(findTestObject("Butonlar/Butonlar"), Buton_Adi): Method.TextDegerineEsitElementeTiklaEquals is PASSED

2021-11-18 12:21:03 - [MESSAGE][INFO] - Finding Test Object 'Object Repository/Butonlar/Butonlar'

2021-11-18 12:21:03 - [MESSAGE][INFO] - Checking timeout

2021-11-18 12:21:03 - [MESSAGE][INFO] - Finding web element with id: 'Object Repository/Butonlar/Butonlar' located by 'By.cssSelector: .panel.panel-default.text-center.footerPanel .btn,.btn.btn-primary.btnControls' in '10' second(s)

2021-11-18 12:21:03 - [MESSAGE][INFO] - Smart Wait Function is triggered

2021-11-18 12:21:04 - [MESSAGE][INFO] - Found 9 web elements with id: 'Object Repository/Butonlar/Butonlar' located by 'By.cssSelector: .panel.panel-default.text-center.footerPanel .btn,.btn.btn-primary.btnControls' in '10' second(s)

2021-11-18 12:21:04 - [MESSAGE][PASSED] - Method.TextDegerineEsitElementeTiklaEquals is PASSED

2021-11-18 12:21:04 - [MESSAGE][PASSED] - Call Test Case 'Test Cases/Butonlar/ButonaTikla' successfully

2021-11-18 12:21:04 - [MESSAGE][INFO] - Checking called Test Case

2021-11-18 12:21:04 - [MESSAGE][INFO] - Starting to call Test Case 'Test Cases/Olusturma/Genel/GorselTasarimSayfasıBasligiIceriyorMu'

2021-11-18 12:21:04 - [TEST_CASE][PASSED] - Test Cases/Olusturma/Genel/GorselTasarimSayfasıBasligiIceriyorMu: Test Cases/Olusturma/Genel/GorselTasarimSayfasıBasligiIceriyorMu

2021-11-18 12:21:04 - [TEST_STEP][PASSED] - verifyElementText(findTestObject("Object Repository/Olusturma/Genel/GorselTasarimBaslik"), Baslik): Actual text and expected text of test object 'Object Repository/Olusturma/Genel/GorselTasarimBaslik' are matched.

2021-11-18 12:21:04 - [MESSAGE][INFO] - Finding Test Object 'Object Repository/Olusturma/Genel/GorselTasarimBaslik'

2021-11-18 12:21:04 - [MESSAGE][INFO] - Checking object

2021-11-18 12:21:04 - [MESSAGE][INFO] - Finding web element from Test Object's properties

2021-11-18 12:21:04 - [MESSAGE][INFO] - Checking timeout

2021-11-18 12:21:04 - [MESSAGE][INFO] - Finding web element with id: 'Object Repository/Olusturma/Genel/GorselTasarimBaslik' located by 'By.cssSelector: #flAlici_0>div>span' in '30' second(s)

2021-11-18 12:21:04 - [MESSAGE][INFO] - Smart Wait Function is triggered

2021-11-18 12:21:10 - [MESSAGE][INFO] - Found 1 web elements with id: 'Object Repository/Olusturma/Genel/GorselTasarimBaslik' located by 'By.cssSelector: #flAlici_0>div>span' in '30' second(s)

2021-11-18 12:21:10 - [MESSAGE][PASSED] - Actual text and expected text of test object 'Object Repository/Olusturma/Genel/GorselTasarimBaslik' are matched.

2021-11-18 12:21:10 - [MESSAGE][PASSED] - Call Test Case 'Test Cases/Olusturma/Genel/GorselTasarimSayfasıBasligiIceriyorMu' successfully

2021-11-18 12:21:10 - [MESSAGE][INFO] - Checking called Test Case

2021-11-18 12:21:10 - [MESSAGE][INFO] - Starting to call Test Case 'Test Cases/Olusturma/Genel/AliciSecilir'

2021-11-18 12:21:10 - [TEST_CASE][PASSED] - Test Cases/Olusturma/Genel/AliciSecilir: Test Cases/Olusturma/Genel/AliciSecilir

2021-11-18 12:21:10 - [TEST_STEP][PASSED] - click(findTestObject("Olusturma/Genel/AliciBilgisi/Alici_Ara")): Object: 'Object Repository/Olusturma/Genel/AliciBilgisi/Alici_Ara' is clicked on

2021-11-18 12:21:10 - [MESSAGE][INFO] - Finding Test Object 'Object Repository/Olusturma/Genel/AliciBilgisi/Alici_Ara'

2021-11-18 12:21:10 - [MESSAGE][INFO] - Checking object

2021-11-18 12:21:10 - [MESSAGE][INFO] - Finding web element from Test Object's properties

2021-11-18 12:21:10 - [MESSAGE][INFO] - Checking timeout

2021-11-18 12:21:10 - [MESSAGE][INFO] - Finding web element with id: 'Object Repository/Olusturma/Genel/AliciBilgisi/Alici_Ara' located by 'By.xpath: //td[@id='txtCustomerText_B-1']' in '30' second(s)

2021-11-18 12:21:10 - [MESSAGE][INFO] - Smart Wait Function is triggered

2021-11-18 12:21:10 - [MESSAGE][INFO] - Found 1 web elements with id: 'Object Repository/Olusturma/Genel/AliciBilgisi/Alici_Ara' located by 'By.xpath: //td[@id='txtCustomerText_B-1']' in '30' second(s)

2021-11-18 12:21:10 - [MESSAGE][INFO] - Clicking on object: 'Object Repository/Olusturma/Genel/AliciBilgisi/Alici_Ara'

2021-11-18 12:21:10 - [MESSAGE][PASSED] - Object: 'Object Repository/Olusturma/Genel/AliciBilgisi/Alici_Ara' is clicked on

2021-11-18 12:21:10 - [TEST_STEP][PASSED] - click(findTestObject("Olusturma/Genel/AliciBilgisi/Alici_Bilgisi")): Object: 'Object Repository/Olusturma/Genel/AliciBilgisi/Alici_Bilgisi' is clicked on

2021-11-18 12:21:10 - [MESSAGE][INFO] - Finding Test Object 'Object Repository/Olusturma/Genel/AliciBilgisi/Alici_Bilgisi'

2021-11-18 12:21:10 - [MESSAGE][INFO] - Checking object

2021-11-18 12:21:10 - [MESSAGE][INFO] - Finding web element from Test Object's properties

2021-11-18 12:21:10 - [MESSAGE][INFO] - Checking timeout

2021-11-18 12:21:10 - [MESSAGE][INFO] - Finding web element with id: 'Object Repository/Olusturma/Genel/AliciBilgisi/Alici_Bilgisi' located by 'By.xpath: //iframe[@id='customerselectiframe']' in '30' second(s)

2021-11-18 12:21:10 - [MESSAGE][INFO] - Smart Wait Function is triggered

2021-11-18 12:21:11 - [MESSAGE][INFO] - Found 1 web elements with id: 'Object Repository/Olusturma/Genel/AliciBilgisi/Alici_Bilgisi' located by 'By.xpath: //iframe[@id='customerselectiframe']' in '30' second(s)

2021-11-18 12:21:11 - [MESSAGE][INFO] - Clicking on object: 'Object Repository/Olusturma/Genel/AliciBilgisi/Alici_Bilgisi'

2021-11-18 12:21:11 - [MESSAGE][PASSED] - Object: 'Object Repository/Olusturma/Genel/AliciBilgisi/Alici_Bilgisi' is clicked on

2021-11-18 12:21:11 - [TEST_STEP][PASSED] - setText(findTestObject("Olusturma/Genel/AliciBilgisi/Alici_Gir"), Alici_Adi): Switching to default content

2021-11-18 12:21:11 - [MESSAGE][INFO] - Finding Test Object 'Object Repository/Olusturma/Genel/AliciBilgisi/Alici_Gir'

2021-11-18 12:21:11 - [MESSAGE][INFO] - Finding Test Object 'Object Repository/Olusturma/Genel/AliciBilgisi/Alici_Bilgisi'

2021-11-18 12:21:11 - [MESSAGE][INFO] - Checking object

2021-11-18 12:21:11 - [MESSAGE][INFO] - Checking text

2021-11-18 12:21:11 - [MESSAGE][INFO] - Object: 'Object Repository/Olusturma/Genel/AliciBilgisi/Alici_Gir' has parent object(s)

2021-11-18 12:21:11 - [MESSAGE][INFO] - Switching to iframe: 'Object Repository/Olusturma/Genel/AliciBilgisi/Alici_Bilgisi'

2021-11-18 12:21:11 - [MESSAGE][INFO] - Finding web element from Test Object's properties

2021-11-18 12:21:11 - [MESSAGE][INFO] - Checking timeout

2021-11-18 12:21:11 - [MESSAGE][INFO] - Finding web element with id: 'Object Repository/Olusturma/Genel/AliciBilgisi/Alici_Bilgisi' located by 'By.xpath: //iframe[@id='customerselectiframe']' in '30' second(s)

2021-11-18 12:21:11 - [MESSAGE][INFO] - Smart Wait Function is triggered

2021-11-18 12:21:11 - [MESSAGE][INFO] - Found 1 web elements with id: 'Object Repository/Olusturma/Genel/AliciBilgisi/Alici_Bilgisi' located by 'By.xpath: //iframe[@id='customerselectiframe']' in '30' second(s)

2021-11-18 12:21:11 - [MESSAGE][INFO] - Switched to iframe: 'Object Repository/Olusturma/Genel/AliciBilgisi/Alici_Bilgisi'

2021-11-18 12:21:11 - [MESSAGE][INFO] - Finding web element from Test Object's properties

2021-11-18 12:21:11 - [MESSAGE][INFO] - Checking timeout

2021-11-18 12:21:11 - [MESSAGE][INFO] - Finding web element with id: 'Object Repository/Olusturma/Genel/AliciBilgisi/Alici_Gir' located by 'By.xpath: //input[@id='GridViewCustomer_DXFREditorcol1_I']' in '30' second(s)

2021-11-18 12:21:11 - [MESSAGE][INFO] - Smart Wait Function is triggered

2021-11-18 12:21:11 - [MESSAGE][INFO] - Found 1 web elements with id: 'Object Repository/Olusturma/Genel/AliciBilgisi/Alici_Gir' located by 'By.xpath: //input[@id='GridViewCustomer_DXFREditorcol1_I']' in '30' second(s)

2021-11-18 12:21:11 - [MESSAGE][INFO] - Clearing text of object 'Object Repository/Olusturma/Genel/AliciBilgisi/Alici_Gir'

2021-11-18 12:21:11 - [MESSAGE][INFO] - Finding web element from Test Object's properties

2021-11-18 12:21:11 - [MESSAGE][INFO] - Checking timeout

2021-11-18 12:21:11 - [MESSAGE][INFO] - Finding web element with id: 'Object Repository/Olusturma/Genel/AliciBilgisi/Alici_Gir' located by 'By.xpath: //input[@id='GridViewCustomer_DXFREditorcol1_I']' in '30' second(s)

2021-11-18 12:21:11 - [MESSAGE][INFO] - Smart Wait Function is triggered

2021-11-18 12:21:11 - [MESSAGE][INFO] - Found 1 web elements with id: 'Object Repository/Olusturma/Genel/AliciBilgisi/Alici_Gir' located by 'By.xpath: //input[@id='GridViewCustomer_DXFREditorcol1_I']' in '30' second(s)

2021-11-18 12:21:11 - [MESSAGE][INFO] - Setting text of object 'Object Repository/Olusturma/Genel/AliciBilgisi/Alici_Gir' to value 'UC0014'

2021-11-18 12:21:11 - [MESSAGE][PASSED] - Text 'UC0014' is set on object 'Object Repository/Olusturma/Genel/AliciBilgisi/Alici_Gir'

2021-11-18 12:21:11 - [MESSAGE][INFO] - Switching to default content

2021-11-18 12:21:11 - [TEST_STEP][PASSED] - waitForElementClickable(findTestObject("Olusturma/Genel/AliciBilgisi/Alici_Adi"), 10): Switching to default content

2021-11-18 12:21:11 - [MESSAGE][INFO] - Finding Test Object 'Object Repository/Olusturma/Genel/AliciBilgisi/Alici_Adi'

2021-11-18 12:21:11 - [MESSAGE][INFO] - Finding Test Object 'Object Repository/Olusturma/Genel/AliciBilgisi/iframe_Alc Bilgisi_customerselectiframe'

2021-11-18 12:21:11 - [MESSAGE][INFO] - Checking object

2021-11-18 12:21:11 - [MESSAGE][INFO] - Checking timeout

2021-11-18 12:21:11 - [MESSAGE][INFO] - Object: 'Object Repository/Olusturma/Genel/AliciBilgisi/Alici_Adi' has parent object(s)

2021-11-18 12:21:11 - [MESSAGE][INFO] - Switching to iframe: 'Object Repository/Olusturma/Genel/AliciBilgisi/iframe_Alc Bilgisi_customerselectiframe'

2021-11-18 12:21:11 - [MESSAGE][INFO] - Finding web element from Test Object's properties

2021-11-18 12:21:11 - [MESSAGE][INFO] - Checking timeout

2021-11-18 12:21:11 - [MESSAGE][INFO] - Finding web element with id: 'Object Repository/Olusturma/Genel/AliciBilgisi/iframe_Alc Bilgisi_customerselectiframe' located by 'By.xpath: //iframe[@id='customerselectiframe']' in '10' second(s)

2021-11-18 12:21:12 - [MESSAGE][INFO] - Smart Wait Function is triggered

2021-11-18 12:21:12 - [MESSAGE][INFO] - Found 1 web elements with id: 'Object Repository/Olusturma/Genel/AliciBilgisi/iframe_Alc Bilgisi_customerselectiframe' located by 'By.xpath: //iframe[@id='customerselectiframe']' in '10' second(s)

2021-11-18 12:21:12 - [MESSAGE][INFO] - Switched to iframe: 'Object Repository/Olusturma/Genel/AliciBilgisi/iframe_Alc Bilgisi_customerselectiframe'

2021-11-18 12:21:12 - [MESSAGE][INFO] - Finding web element from Test Object's properties

2021-11-18 12:21:12 - [MESSAGE][INFO] - Checking timeout

2021-11-18 12:21:12 - [MESSAGE][INFO] - Finding web element with id: 'Object Repository/Olusturma/Genel/AliciBilgisi/Alici_Adi' located by 'By.xpath: //tr[@id='GridViewCustomer_DXDataRow0']/td[2]' in '10' second(s)

2021-11-18 12:21:12 - [MESSAGE][INFO] - Smart Wait Function is triggered

2021-11-18 12:21:12 - [MESSAGE][INFO] - Found 1 web elements with id: 'Object Repository/Olusturma/Genel/AliciBilgisi/Alici_Adi' located by 'By.xpath: //tr[@id='GridViewCustomer_DXDataRow0']/td[2]' in '10' second(s)

2021-11-18 12:21:12 - [MESSAGE][PASSED] - Object 'Object Repository/Olusturma/Genel/AliciBilgisi/Alici_Adi' is clickable

2021-11-18 12:21:12 - [MESSAGE][INFO] - Switching to default content

2021-11-18 12:21:12 - [TEST_STEP][PASSED] - click(findTestObject("Olusturma/Genel/AliciBilgisi/frame")): Switching to default content

2021-11-18 12:21:12 - [MESSAGE][INFO] - Finding Test Object 'Object Repository/Olusturma/Genel/AliciBilgisi/frame'

2021-11-18 12:21:12 - [MESSAGE][INFO] - Finding Test Object 'Object Repository/Olusturma/Genel/AliciBilgisi/iframe_Alc Bilgisi_customerselectiframe'

2021-11-18 12:21:12 - [MESSAGE][INFO] - Checking object

2021-11-18 12:21:12 - [MESSAGE][INFO] - Object: 'Object Repository/Olusturma/Genel/AliciBilgisi/frame' has parent object(s)

2021-11-18 12:21:12 - [MESSAGE][INFO] - Switching to iframe: 'Object Repository/Olusturma/Genel/AliciBilgisi/iframe_Alc Bilgisi_customerselectiframe'

2021-11-18 12:21:12 - [MESSAGE][INFO] - Finding web element from Test Object's properties

2021-11-18 12:21:12 - [MESSAGE][INFO] - Checking timeout

2021-11-18 12:21:12 - [MESSAGE][INFO] - Finding web element with id: 'Object Repository/Olusturma/Genel/AliciBilgisi/iframe_Alc Bilgisi_customerselectiframe' located by 'By.xpath: //iframe[@id='customerselectiframe']' in '30' second(s)

2021-11-18 12:21:12 - [MESSAGE][INFO] - Smart Wait Function is triggered

2021-11-18 12:21:12 - [MESSAGE][INFO] - Found 1 web elements with id: 'Object Repository/Olusturma/Genel/AliciBilgisi/iframe_Alc Bilgisi_customerselectiframe' located by 'By.xpath: //iframe[@id='customerselectiframe']' in '30' second(s)

2021-11-18 12:21:12 - [MESSAGE][INFO] - Switched to iframe: 'Object Repository/Olusturma/Genel/AliciBilgisi/iframe_Alc Bilgisi_customerselectiframe'

2021-11-18 12:21:12 - [MESSAGE][INFO] - Finding web element from Test Object's properties

2021-11-18 12:21:12 - [MESSAGE][INFO] - Checking timeout

2021-11-18 12:21:12 - [MESSAGE][INFO] - Finding web element with id: 'Object Repository/Olusturma/Genel/AliciBilgisi/frame' located by 'By.xpath: //*/text()[normalize-space(.)='']/parent::*' in '30' second(s)

2021-11-18 12:21:12 - [MESSAGE][INFO] - Smart Wait Function is triggered

2021-11-18 12:21:12 - [MESSAGE][INFO] - Found 66 web elements with id: 'Object Repository/Olusturma/Genel/AliciBilgisi/frame' located by 'By.xpath: //*/text()[normalize-space(.)='']/parent::*' in '30' second(s)

2021-11-18 12:21:12 - [MESSAGE][INFO] - Clicking on object: 'Object Repository/Olusturma/Genel/AliciBilgisi/frame'

2021-11-18 12:21:12 - [MESSAGE][PASSED] - Object: 'Object Repository/Olusturma/Genel/AliciBilgisi/frame' is clicked on

2021-11-18 12:21:12 - [MESSAGE][INFO] - Switching to default content

2021-11-18 12:21:12 - [TEST_STEP][PASSED] - click(findTestObject("Olusturma/Genel/AliciBilgisi/Alici_Adi")): Switching to default content

2021-11-18 12:21:12 - [MESSAGE][INFO] - Finding Test Object 'Object Repository/Olusturma/Genel/AliciBilgisi/Alici_Adi'

2021-11-18 12:21:12 - [MESSAGE][INFO] - Finding Test Object 'Object Repository/Olusturma/Genel/AliciBilgisi/iframe_Alc Bilgisi_customerselectiframe'

2021-11-18 12:21:13 - [MESSAGE][INFO] - Checking object

2021-11-18 12:21:13 - [MESSAGE][INFO] - Object: 'Object Repository/Olusturma/Genel/AliciBilgisi/Alici_Adi' has parent object(s)

2021-11-18 12:21:13 - [MESSAGE][INFO] - Switching to iframe: 'Object Repository/Olusturma/Genel/AliciBilgisi/iframe_Alc Bilgisi_customerselectiframe'

2021-11-18 12:21:13 - [MESSAGE][INFO] - Finding web element from Test Object's properties

2021-11-18 12:21:13 - [MESSAGE][INFO] - Checking timeout

2021-11-18 12:21:13 - [MESSAGE][INFO] - Finding web element with id: 'Object Repository/Olusturma/Genel/AliciBilgisi/iframe_Alc Bilgisi_customerselectiframe' located by 'By.xpath: //iframe[@id='customerselectiframe']' in '30' second(s)

2021-11-18 12:21:13 - [MESSAGE][INFO] - Smart Wait Function is triggered

2021-11-18 12:21:13 - [MESSAGE][INFO] - Found 1 web elements with id: 'Object Repository/Olusturma/Genel/AliciBilgisi/iframe_Alc Bilgisi_customerselectiframe' located by 'By.xpath: //iframe[@id='customerselectiframe']' in '30' second(s)

2021-11-18 12:21:13 - [MESSAGE][INFO] - Switched to iframe: 'Object Repository/Olusturma/Genel/AliciBilgisi/iframe_Alc Bilgisi_customerselectiframe'

2021-11-18 12:21:13 - [MESSAGE][INFO] - Finding web element from Test Object's properties

2021-11-18 12:21:13 - [MESSAGE][INFO] - Checking timeout

2021-11-18 12:21:13 - [MESSAGE][INFO] - Finding web element with id: 'Object Repository/Olusturma/Genel/AliciBilgisi/Alici_Adi' located by 'By.xpath: //tr[@id='GridViewCustomer_DXDataRow0']/td[2]' in '30' second(s)

2021-11-18 12:21:13 - [MESSAGE][INFO] - Smart Wait Function is triggered

2021-11-18 12:21:13 - [MESSAGE][INFO] - Found 1 web elements with id: 'Object Repository/Olusturma/Genel/AliciBilgisi/Alici_Adi' located by 'By.xpath: //tr[@id='GridViewCustomer_DXDataRow0']/td[2]' in '30' second(s)

2021-11-18 12:21:13 - [MESSAGE][INFO] - Clicking on object: 'Object Repository/Olusturma/Genel/AliciBilgisi/Alici_Adi'

2021-11-18 12:21:13 - [MESSAGE][PASSED] - Object: 'Object Repository/Olusturma/Genel/AliciBilgisi/Alici_Adi' is clicked on

2021-11-18 12:21:13 - [MESSAGE][INFO] - Switching to default content

2021-11-18 12:21:13 - [TEST_STEP][PASSED] - click(findTestObject("Olusturma/Genel/AliciBilgisi/Tamam_Bosluk")): Switching to default content

2021-11-18 12:21:13 - [MESSAGE][INFO] - Finding Test Object 'Object Repository/Olusturma/Genel/AliciBilgisi/Tamam_Bosluk'

2021-11-18 12:21:13 - [MESSAGE][INFO] - Finding Test Object 'Object Repository/Olusturma/Genel/AliciBilgisi/Alici_Bilgisi'

2021-11-18 12:21:13 - [MESSAGE][INFO] - Checking object

2021-11-18 12:21:13 - [MESSAGE][INFO] - Object: 'Object Repository/Olusturma/Genel/AliciBilgisi/Tamam_Bosluk' has parent object(s)

2021-11-18 12:21:13 - [MESSAGE][INFO] - Switching to iframe: 'Object Repository/Olusturma/Genel/AliciBilgisi/Alici_Bilgisi'

2021-11-18 12:21:13 - [MESSAGE][INFO] - Finding web element from Test Object's properties

2021-11-18 12:21:13 - [MESSAGE][INFO] - Checking timeout

2021-11-18 12:21:13 - [MESSAGE][INFO] - Finding web element with id: 'Object Repository/Olusturma/Genel/AliciBilgisi/Alici_Bilgisi' located by 'By.xpath: //iframe[@id='customerselectiframe']' in '30' second(s)

2021-11-18 12:21:13 - [MESSAGE][INFO] - Smart Wait Function is triggered

2021-11-18 12:21:13 - [MESSAGE][INFO] - Found 1 web elements with id: 'Object Repository/Olusturma/Genel/AliciBilgisi/Alici_Bilgisi' located by 'By.xpath: //iframe[@id='customerselectiframe']' in '30' second(s)

2021-11-18 12:21:13 - [MESSAGE][INFO] - Switched to iframe: 'Object Repository/Olusturma/Genel/AliciBilgisi/Alici_Bilgisi'

2021-11-18 12:21:13 - [MESSAGE][INFO] - Finding web element from Test Object's properties

2021-11-18 12:21:13 - [MESSAGE][INFO] - Checking timeout

2021-11-18 12:21:13 - [MESSAGE][INFO] - Finding web element with id: 'Object Repository/Olusturma/Genel/AliciBilgisi/Tamam_Bosluk' located by 'By.xpath: (.//*[normalize-space(text()) and normalize-space(.)='Sayfa Boyutu:'])[1]/following::div[7]' in '30' second(s)

2021-11-18 12:21:13 - [MESSAGE][INFO] - Smart Wait Function is triggered

2021-11-18 12:21:13 - [MESSAGE][INFO] - Found 1 web elements with id: 'Object Repository/Olusturma/Genel/AliciBilgisi/Tamam_Bosluk' located by 'By.xpath: (.//*[normalize-space(text()) and normalize-space(.)='Sayfa Boyutu:'])[1]/following::div[7]' in '30' second(s)

2021-11-18 12:21:13 - [MESSAGE][INFO] - Clicking on object: 'Object Repository/Olusturma/Genel/AliciBilgisi/Tamam_Bosluk'

2021-11-18 12:21:13 - [MESSAGE][PASSED] - Object: 'Object Repository/Olusturma/Genel/AliciBilgisi/Tamam_Bosluk' is clicked on

2021-11-18 12:21:13 - [MESSAGE][INFO] - Switching to default content

2021-11-18 12:21:13 - [TEST_STEP][PASSED] - waitForElementClickable(findTestObject("Olusturma/Genel/AliciBilgisi/Tamam_Butonu"), 10): Switching to default content

2021-11-18 12:21:13 - [MESSAGE][INFO] - Finding Test Object 'Object Repository/Olusturma/Genel/AliciBilgisi/Tamam_Butonu'

2021-11-18 12:21:14 - [MESSAGE][INFO] - Finding Test Object 'Object Repository/Olusturma/Genel/AliciBilgisi/Alici_Bilgisi'

2021-11-18 12:21:14 - [MESSAGE][INFO] - Checking object

2021-11-18 12:21:14 - [MESSAGE][INFO] - Checking timeout

2021-11-18 12:21:14 - [MESSAGE][INFO] - Object: 'Object Repository/Olusturma/Genel/AliciBilgisi/Tamam_Butonu' has parent object(s)

2021-11-18 12:21:14 - [MESSAGE][INFO] - Switching to iframe: 'Object Repository/Olusturma/Genel/AliciBilgisi/Alici_Bilgisi'

2021-11-18 12:21:14 - [MESSAGE][INFO] - Finding web element from Test Object's properties

2021-11-18 12:21:14 - [MESSAGE][INFO] - Checking timeout

2021-11-18 12:21:14 - [MESSAGE][INFO] - Finding web element with id: 'Object Repository/Olusturma/Genel/AliciBilgisi/Alici_Bilgisi' located by 'By.xpath: //iframe[@id='customerselectiframe']' in '10' second(s)

2021-11-18 12:21:14 - [MESSAGE][INFO] - Smart Wait Function is triggered

2021-11-18 12:21:14 - [MESSAGE][INFO] - Found 1 web elements with id: 'Object Repository/Olusturma/Genel/AliciBilgisi/Alici_Bilgisi' located by 'By.xpath: //iframe[@id='customerselectiframe']' in '10' second(s)

2021-11-18 12:21:14 - [MESSAGE][INFO] - Switched to iframe: 'Object Repository/Olusturma/Genel/AliciBilgisi/Alici_Bilgisi'

2021-11-18 12:21:14 - [MESSAGE][INFO] - Finding web element from Test Object's properties

2021-11-18 12:21:14 - [MESSAGE][INFO] - Checking timeout

2021-11-18 12:21:14 - [MESSAGE][INFO] - Finding web element with id: 'Object Repository/Olusturma/Genel/AliciBilgisi/Tamam_Butonu' located by 'By.xpath: //div[@id='btnSelectCustomer_CD']/span' in '10' second(s)

2021-11-18 12:21:14 - [MESSAGE][INFO] - Smart Wait Function is triggered

2021-11-18 12:21:14 - [MESSAGE][INFO] - Found 1 web elements with id: 'Object Repository/Olusturma/Genel/AliciBilgisi/Tamam_Butonu' located by 'By.xpath: //div[@id='btnSelectCustomer_CD']/span' in '10' second(s)

2021-11-18 12:21:14 - [MESSAGE][PASSED] - Object 'Object Repository/Olusturma/Genel/AliciBilgisi/Tamam_Butonu' is clickable

2021-11-18 12:21:14 - [MESSAGE][INFO] - Switching to default content

2021-11-18 12:21:14 - [TEST_STEP][PASSED] - click(findTestObject("Olusturma/Genel/AliciBilgisi/Tamam_Butonu")): Switching to default content

2021-11-18 12:21:14 - [MESSAGE][INFO] - Finding Test Object 'Object Repository/Olusturma/Genel/AliciBilgisi/Tamam_Butonu'

2021-11-18 12:21:14 - [MESSAGE][INFO] - Finding Test Object 'Object Repository/Olusturma/Genel/AliciBilgisi/Alici_Bilgisi'

2021-11-18 12:21:14 - [MESSAGE][INFO] - Checking object

2021-11-18 12:21:14 - [MESSAGE][INFO] - Object: 'Object Repository/Olusturma/Genel/AliciBilgisi/Tamam_Butonu' has parent object(s)

2021-11-18 12:21:14 - [MESSAGE][INFO] - Switching to iframe: 'Object Repository/Olusturma/Genel/AliciBilgisi/Alici_Bilgisi'

2021-11-18 12:21:14 - [MESSAGE][INFO] - Finding web element from Test Object's properties

2021-11-18 12:21:14 - [MESSAGE][INFO] - Checking timeout

2021-11-18 12:21:14 - [MESSAGE][INFO] - Finding web element with id: 'Object Repository/Olusturma/Genel/AliciBilgisi/Alici_Bilgisi' located by 'By.xpath: //iframe[@id='customerselectiframe']' in '30' second(s)

2021-11-18 12:21:14 - [MESSAGE][INFO] - Smart Wait Function is triggered

2021-11-18 12:21:14 - [MESSAGE][INFO] - Found 1 web elements with id: 'Object Repository/Olusturma/Genel/AliciBilgisi/Alici_Bilgisi' located by 'By.xpath: //iframe[@id='customerselectiframe']' in '30' second(s)

2021-11-18 12:21:14 - [MESSAGE][INFO] - Switched to iframe: 'Object Repository/Olusturma/Genel/AliciBilgisi/Alici_Bilgisi'

2021-11-18 12:21:14 - [MESSAGE][INFO] - Finding web element from Test Object's properties

2021-11-18 12:21:14 - [MESSAGE][INFO] - Checking timeout

2021-11-18 12:21:14 - [MESSAGE][INFO] - Finding web element with id: 'Object Repository/Olusturma/Genel/AliciBilgisi/Tamam_Butonu' located by 'By.xpath: //div[@id='btnSelectCustomer_CD']/span' in '30' second(s)

2021-11-18 12:21:14 - [MESSAGE][INFO] - Smart Wait Function is triggered

2021-11-18 12:21:14 - [MESSAGE][INFO] - Found 1 web elements with id: 'Object Repository/Olusturma/Genel/AliciBilgisi/Tamam_Butonu' located by 'By.xpath: //div[@id='btnSelectCustomer_CD']/span' in '30' second(s)

2021-11-18 12:21:14 - [MESSAGE][INFO] - Clicking on object: 'Object Repository/Olusturma/Genel/AliciBilgisi/Tamam_Butonu'

2021-11-18 12:21:15 - [MESSAGE][PASSED] - Object: 'Object Repository/Olusturma/Genel/AliciBilgisi/Tamam_Butonu' is clicked on

2021-11-18 12:21:15 - [MESSAGE][INFO] - Switching to default content

2021-11-18 12:21:15 - [TEST_STEP][PASSED] - waitForElementPresent(findTestObject("Olusturma/Genel/AliciBilgisi/VKN-TCKN"), 10): Object 'Object Repository/Olusturma/Genel/AliciBilgisi/VKN-TCKN' is present

2021-11-18 12:21:15 - [MESSAGE][INFO] - Finding Test Object 'Object Repository/Olusturma/Genel/AliciBilgisi/VKN-TCKN'

2021-11-18 12:21:15 - [MESSAGE][INFO] - Checking object

2021-11-18 12:21:15 - [MESSAGE][INFO] - Finding web element from Test Object's properties

2021-11-18 12:21:15 - [MESSAGE][INFO] - Checking timeout

2021-11-18 12:21:15 - [MESSAGE][INFO] - Finding web element with id: 'Object Repository/Olusturma/Genel/AliciBilgisi/VKN-TCKN' located by 'By.xpath: //*[@id = 'txtVknTckn_I']' in '10' second(s)

2021-11-18 12:21:15 - [MESSAGE][INFO] - Smart Wait Function is triggered

2021-11-18 12:21:15 - [MESSAGE][INFO] - Found 1 web elements with id: 'Object Repository/Olusturma/Genel/AliciBilgisi/VKN-TCKN' located by 'By.xpath: //*[@id = 'txtVknTckn_I']' in '10' second(s)

2021-11-18 12:21:15 - [MESSAGE][PASSED] - Object 'Object Repository/Olusturma/Genel/AliciBilgisi/VKN-TCKN' is present

2021-11-18 12:21:15 - [TEST_STEP][PASSED] - text = getAttribute(findTestObject("Olusturma/Genel/AliciBilgisi/VKN-TCKN"), "value"): Attribute 'value' of object 'Object Repository/Olusturma/Genel/AliciBilgisi/VKN-TCKN' is: '5323285392'

2021-11-18 12:21:15 - [MESSAGE][INFO] - Finding Test Object 'Object Repository/Olusturma/Genel/AliciBilgisi/VKN-TCKN'

2021-11-18 12:21:15 - [MESSAGE][INFO] - Checking object

2021-11-18 12:21:15 - [MESSAGE][INFO] - Checking attribute

2021-11-18 12:21:15 - [MESSAGE][INFO] - Finding web element from Test Object's properties

2021-11-18 12:21:15 - [MESSAGE][INFO] - Checking timeout

2021-11-18 12:21:15 - [MESSAGE][INFO] - Finding web element with id: 'Object Repository/Olusturma/Genel/AliciBilgisi/VKN-TCKN' located by 'By.xpath: //*[@id = 'txtVknTckn_I']' in '30' second(s)

2021-11-18 12:21:15 - [MESSAGE][INFO] - Smart Wait Function is triggered

2021-11-18 12:21:15 - [MESSAGE][INFO] - Found 1 web elements with id: 'Object Repository/Olusturma/Genel/AliciBilgisi/VKN-TCKN' located by 'By.xpath: //*[@id = 'txtVknTckn_I']' in '30' second(s)

2021-11-18 12:21:15 - [MESSAGE][INFO] - Getting attribute 'value' of object 'Object Repository/Olusturma/Genel/AliciBilgisi/VKN-TCKN'

2021-11-18 12:21:15 - [MESSAGE][PASSED] - Attribute 'value' of object 'Object Repository/Olusturma/Genel/AliciBilgisi/VKN-TCKN' is: '5323285392'

2021-11-18 12:21:15 - [TEST_STEP][PASSED] - if (text.equals("")): null

2021-11-18 12:21:15 - [MESSAGE][PASSED] - Call Test Case 'Test Cases/Olusturma/Genel/AliciSecilir' successfully

2021-11-18 12:21:15 - [MESSAGE][INFO] - Checking called Test Case

2021-11-18 12:21:15 - [MESSAGE][INFO] - Starting to call Test Case 'Test Cases/Olusturma/Genel/GonderimSekliSecilir'

2021-11-18 12:21:16 - [TEST_CASE][PASSED] - Test Cases/Olusturma/Genel/GonderimSekliSecilir: Test Cases/Olusturma/Genel/GonderimSekliSecilir

2021-11-18 12:21:16 - [TEST_STEP][PASSED] - waitForElementClickable(findTestObject("Object Repository/Olusturma/Genel/GonderimSekli/GonderimSekli"), 10): Object 'Object Repository/Olusturma/Genel/GonderimSekli/GonderimSekli' is clickable

2021-11-18 12:21:16 - [MESSAGE][INFO] - Finding Test Object 'Object Repository/Olusturma/Genel/GonderimSekli/GonderimSekli'

2021-11-18 12:21:16 - [MESSAGE][INFO] - Checking object

2021-11-18 12:21:16 - [MESSAGE][INFO] - Checking timeout

2021-11-18 12:21:16 - [MESSAGE][INFO] - Finding web element from Test Object's properties

2021-11-18 12:21:16 - [MESSAGE][INFO] - Checking timeout

2021-11-18 12:21:16 - [MESSAGE][INFO] - Finding web element with id: 'Object Repository/Olusturma/Genel/GonderimSekli/GonderimSekli' located by 'By.xpath: //*[@id = 'txtGonderimSekil_I']' in '10' second(s)

2021-11-18 12:21:16 - [MESSAGE][INFO] - Smart Wait Function is triggered

2021-11-18 12:21:16 - [MESSAGE][INFO] - Found 1 web elements with id: 'Object Repository/Olusturma/Genel/GonderimSekli/GonderimSekli' located by 'By.xpath: //*[@id = 'txtGonderimSekil_I']' in '10' second(s)

2021-11-18 12:21:16 - [MESSAGE][PASSED] - Object 'Object Repository/Olusturma/Genel/GonderimSekli/GonderimSekli' is clickable

2021-11-18 12:21:16 - [TEST_STEP][PASSED] - click(findTestObject("Object Repository/Olusturma/Genel/GonderimSekli/GonderimSekli")): Object: 'Object Repository/Olusturma/Genel/GonderimSekli/GonderimSekli' is clicked on

2021-11-18 12:21:16 - [MESSAGE][INFO] - Finding Test Object 'Object Repository/Olusturma/Genel/GonderimSekli/GonderimSekli'

2021-11-18 12:21:16 - [MESSAGE][INFO] - Checking object

2021-11-18 12:21:16 - [MESSAGE][INFO] - Finding web element from Test Object's properties

2021-11-18 12:21:16 - [MESSAGE][INFO] - Checking timeout

2021-11-18 12:21:16 - [MESSAGE][INFO] - Finding web element with id: 'Object Repository/Olusturma/Genel/GonderimSekli/GonderimSekli' located by 'By.xpath: //*[@id = 'txtGonderimSekil_I']' in '30' second(s)

2021-11-18 12:21:16 - [MESSAGE][INFO] - Smart Wait Function is triggered

2021-11-18 12:21:16 - [MESSAGE][INFO] - Found 1 web elements with id: 'Object Repository/Olusturma/Genel/GonderimSekli/GonderimSekli' located by 'By.xpath: //*[@id = 'txtGonderimSekil_I']' in '30' second(s)

2021-11-18 12:21:16 - [MESSAGE][INFO] - Clicking on object: 'Object Repository/Olusturma/Genel/GonderimSekli/GonderimSekli'

2021-11-18 12:21:16 - [MESSAGE][PASSED] - Object: 'Object Repository/Olusturma/Genel/GonderimSekli/GonderimSekli' is clicked on

2021-11-18 12:21:16 - [TEST_STEP][PASSED] - Method.TextDegerineEsitElementeTikla(findTestObject("Object Repository/Olusturma/Genel/GonderimSekli/GonderimSekliAdi"), GonderimSekli): Method.TextDegerineEsitElementeTikla is PASSED

2021-11-18 12:21:16 - [MESSAGE][INFO] - Finding Test Object 'Object Repository/Olusturma/Genel/GonderimSekli/GonderimSekliAdi'

2021-11-18 12:21:16 - [MESSAGE][INFO] - Checking timeout

2021-11-18 12:21:16 - [MESSAGE][INFO] - Finding web element with id: 'Object Repository/Olusturma/Genel/GonderimSekli/GonderimSekliAdi' located by 'By.cssSelector: #txtGonderimSekil_DDD_L_LBT td' in '10' second(s)

2021-11-18 12:21:16 - [MESSAGE][INFO] - Smart Wait Function is triggered

2021-11-18 12:21:17 - [MESSAGE][INFO] - Found 2 web elements with id: 'Object Repository/Olusturma/Genel/GonderimSekli/GonderimSekliAdi' located by 'By.cssSelector: #txtGonderimSekil_DDD_L_LBT td' in '10' second(s)

2021-11-18 12:21:17 - [MESSAGE][PASSED] - Method.TextDegerineEsitElementeTikla is PASSED

2021-11-18 12:21:17 - [MESSAGE][PASSED] - Call Test Case 'Test Cases/Olusturma/Genel/GonderimSekliSecilir' successfully

2021-11-18 12:21:17 - [MESSAGE][INFO] - Checking called Test Case

2021-11-18 12:21:17 - [MESSAGE][INFO] - Starting to call Test Case 'Test Cases/Olusturma/Genel/TipSecilir'

2021-11-18 12:21:17 - [TEST_CASE][PASSED] - Test Cases/Olusturma/Genel/TipSecilir: Test Cases/Olusturma/Genel/TipSecilir

2021-11-18 12:21:17 - [TEST_STEP][PASSED] - waitForElementClickable(findTestObject("Olusturma/Genel/TipSecilir/Tip"), 10): Object 'Object Repository/Olusturma/Genel/TipSecilir/Tip' is clickable

2021-11-18 12:21:17 - [MESSAGE][INFO] - Finding Test Object 'Object Repository/Olusturma/Genel/TipSecilir/Tip'

2021-11-18 12:21:17 - [MESSAGE][INFO] - Checking object

2021-11-18 12:21:17 - [MESSAGE][INFO] - Checking timeout

2021-11-18 12:21:17 - [MESSAGE][INFO] - Finding web element from Test Object's properties

2021-11-18 12:21:17 - [MESSAGE][INFO] - Checking timeout

2021-11-18 12:21:17 - [MESSAGE][INFO] - Finding web element with id: 'Object Repository/Olusturma/Genel/TipSecilir/Tip' located by 'By.xpath: //*[@id = 'DocumentTypeCode_I']' in '10' second(s)

2021-11-18 12:21:17 - [MESSAGE][INFO] - Smart Wait Function is triggered

2021-11-18 12:21:17 - [MESSAGE][INFO] - Found 1 web elements with id: 'Object Repository/Olusturma/Genel/TipSecilir/Tip' located by 'By.xpath: //*[@id = 'DocumentTypeCode_I']' in '10' second(s)

2021-11-18 12:21:17 - [MESSAGE][PASSED] - Object 'Object Repository/Olusturma/Genel/TipSecilir/Tip' is clickable

2021-11-18 12:21:17 - [TEST_STEP][PASSED] - click(findTestObject("Olusturma/Genel/TipSecilir/Tip")): Object: 'Object Repository/Olusturma/Genel/TipSecilir/Tip' is clicked on

2021-11-18 12:21:17 - [MESSAGE][INFO] - Finding Test Object 'Object Repository/Olusturma/Genel/TipSecilir/Tip'

2021-11-18 12:21:17 - [MESSAGE][INFO] - Checking object

2021-11-18 12:21:17 - [MESSAGE][INFO] - Finding web element from Test Object's properties

2021-11-18 12:21:17 - [MESSAGE][INFO] - Checking timeout

2021-11-18 12:21:17 - [MESSAGE][INFO] - Finding web element with id: 'Object Repository/Olusturma/Genel/TipSecilir/Tip' located by 'By.xpath: //*[@id = 'DocumentTypeCode_I']' in '30' second(s)

2021-11-18 12:21:17 - [MESSAGE][INFO] - Smart Wait Function is triggered

2021-11-18 12:21:18 - [MESSAGE][INFO] - Found 1 web elements with id: 'Object Repository/Olusturma/Genel/TipSecilir/Tip' located by 'By.xpath: //*[@id = 'DocumentTypeCode_I']' in '30' second(s)

2021-11-18 12:21:18 - [MESSAGE][INFO] - Clicking on object: 'Object Repository/Olusturma/Genel/TipSecilir/Tip'

2021-11-18 12:21:18 - [MESSAGE][PASSED] - Object: 'Object Repository/Olusturma/Genel/TipSecilir/Tip' is clicked on

2021-11-18 12:21:18 - [TEST_STEP][PASSED] - Method.TextDegerineEsitElementeTikla(findTestObject("Object Repository/Olusturma/Genel/TipSecilir/Tip_Adi"), Tip): Method.TextDegerineEsitElementeTikla is PASSED

2021-11-18 12:21:18 - [MESSAGE][INFO] - Finding Test Object 'Object Repository/Olusturma/Genel/TipSecilir/Tip_Adi'

2021-11-18 12:21:18 - [MESSAGE][INFO] - Checking timeout

2021-11-18 12:21:18 - [MESSAGE][INFO] - Finding web element with id: 'Object Repository/Olusturma/Genel/TipSecilir/Tip_Adi' located by 'By.cssSelector: #DocumentTypeCode_DDD_L_LBT td' in '10' second(s)

2021-11-18 12:21:18 - [MESSAGE][INFO] - Smart Wait Function is triggered

2021-11-18 12:21:18 - [MESSAGE][INFO] - Found 9 web elements with id: 'Object Repository/Olusturma/Genel/TipSecilir/Tip_Adi' located by 'By.cssSelector: #DocumentTypeCode_DDD_L_LBT td' in '10' second(s)

2021-11-18 12:21:18 - [MESSAGE][PASSED] - Method.TextDegerineEsitElementeTikla is PASSED

2021-11-18 12:21:18 - [MESSAGE][PASSED] - Call Test Case 'Test Cases/Olusturma/Genel/TipSecilir' successfully

2021-11-18 12:21:18 - [MESSAGE][INFO] - Checking called Test Case

2021-11-18 12:21:18 - [MESSAGE][INFO] - Starting to call Test Case 'Test Cases/Olusturma/Genel/DokumanParaBirimiSecilir'

2021-11-18 12:21:18 - [TEST_CASE][PASSED] - Test Cases/Olusturma/Genel/DokumanParaBirimiSecilir: Test Cases/Olusturma/Genel/DokumanParaBirimiSecilir

2021-11-18 12:21:18 - [TEST_STEP][PASSED] - waitForElementClickable(findTestObject("Object Repository/Olusturma/Genel/DokumanParaBirimiSecilir/Para"), 10): Object 'Object Repository/Olusturma/Genel/DokumanParaBirimiSecilir/Para' is clickable

2021-11-18 12:21:18 - [MESSAGE][INFO] - Finding Test Object 'Object Repository/Olusturma/Genel/DokumanParaBirimiSecilir/Para'

2021-11-18 12:21:18 - [MESSAGE][INFO] - Checking object

2021-11-18 12:21:18 - [MESSAGE][INFO] - Checking timeout

2021-11-18 12:21:18 - [MESSAGE][INFO] - Finding web element from Test Object's properties

2021-11-18 12:21:18 - [MESSAGE][INFO] - Checking timeout

2021-11-18 12:21:18 - [MESSAGE][INFO] - Finding web element with id: 'Object Repository/Olusturma/Genel/DokumanParaBirimiSecilir/Para' located by 'By.xpath: //*[@id = 'CurrencyUnit_I']' in '10' second(s)

2021-11-18 12:21:18 - [MESSAGE][INFO] - Smart Wait Function is triggered

2021-11-18 12:21:20 - [MESSAGE][INFO] - Found 1 web elements with id: 'Object Repository/Olusturma/Genel/DokumanParaBirimiSecilir/Para' located by 'By.xpath: //*[@id = 'CurrencyUnit_I']' in '10' second(s)

2021-11-18 12:21:20 - [MESSAGE][PASSED] - Object 'Object Repository/Olusturma/Genel/DokumanParaBirimiSecilir/Para' is clickable

2021-11-18 12:21:20 - [TEST_STEP][PASSED] - click(findTestObject("Object Repository/Olusturma/Genel/DokumanParaBirimiSecilir/Para")): Object: 'Object Repository/Olusturma/Genel/DokumanParaBirimiSecilir/Para' is clicked on

2021-11-18 12:21:20 - [MESSAGE][INFO] - Finding Test Object 'Object Repository/Olusturma/Genel/DokumanParaBirimiSecilir/Para'

2021-11-18 12:21:20 - [MESSAGE][INFO] - Checking object

2021-11-18 12:21:20 - [MESSAGE][INFO] - Finding web element from Test Object's properties

2021-11-18 12:21:20 - [MESSAGE][INFO] - Checking timeout

2021-11-18 12:21:20 - [MESSAGE][INFO] - Finding web element with id: 'Object Repository/Olusturma/Genel/DokumanParaBirimiSecilir/Para' located by 'By.xpath: //*[@id = 'CurrencyUnit_I']' in '30' second(s)

2021-11-18 12:21:20 - [MESSAGE][INFO] - Smart Wait Function is triggered

2021-11-18 12:21:20 - [MESSAGE][INFO] - Found 1 web elements with id: 'Object Repository/Olusturma/Genel/DokumanParaBirimiSecilir/Para' located by 'By.xpath: //*[@id = 'CurrencyUnit_I']' in '30' second(s)

2021-11-18 12:21:20 - [MESSAGE][INFO] - Clicking on object: 'Object Repository/Olusturma/Genel/DokumanParaBirimiSecilir/Para'

2021-11-18 12:21:20 - [MESSAGE][PASSED] - Object: 'Object Repository/Olusturma/Genel/DokumanParaBirimiSecilir/Para' is clicked on

2021-11-18 12:21:20 - [TEST_STEP][PASSED] - Method.TextDegerineEsitElementeTikla(findTestObject("Object Repository/Olusturma/Genel/DokumanParaBirimiSecilir/Para_Adi"), Para): Method.TextDegerineEsitElementeTikla is PASSED

2021-11-18 12:21:20 - [MESSAGE][INFO] - Finding Test Object 'Object Repository/Olusturma/Genel/DokumanParaBirimiSecilir/Para_Adi'

2021-11-18 12:21:20 - [MESSAGE][INFO] - Checking timeout

2021-11-18 12:21:20 - [MESSAGE][INFO] - Finding web element with id: 'Object Repository/Olusturma/Genel/DokumanParaBirimiSecilir/Para_Adi' located by 'By.cssSelector: #CurrencyUnit_DDD_L_LBT td' in '10' second(s)

2021-11-18 12:21:20 - [MESSAGE][INFO] - Smart Wait Function is triggered

2021-11-18 12:21:21 - [MESSAGE][INFO] - Found 203 web elements with id: 'Object Repository/Olusturma/Genel/DokumanParaBirimiSecilir/Para_Adi' located by 'By.cssSelector: #CurrencyUnit_DDD_L_LBT td' in '10' second(s)

2021-11-18 12:21:24 - [MESSAGE][PASSED] - Method.TextDegerineEsitElementeTikla is PASSED

2021-11-18 12:21:24 - [MESSAGE][PASSED] - Call Test Case 'Test Cases/Olusturma/Genel/DokumanParaBirimiSecilir' successfully

2021-11-18 12:21:24 - [MESSAGE][INFO] - Checking called Test Case

2021-11-18 12:21:24 - [MESSAGE][INFO] - Starting to call Test Case 'Test Cases/Olusturma/Genel/OnEkSecilir'

2021-11-18 12:21:24 - [TEST_CASE][PASSED] - Test Cases/Olusturma/Genel/OnEkSecilir: Test Cases/Olusturma/Genel/OnEkSecilir

2021-11-18 12:21:24 - [TEST_STEP][PASSED] - waitForElementClickable(findTestObject("Object Repository/Olusturma/Genel/OnEkSecilir/OnEk"), 10): Object 'Object Repository/Olusturma/Genel/OnEkSecilir/OnEk' is clickable

2021-11-18 12:21:24 - [MESSAGE][INFO] - Finding Test Object 'Object Repository/Olusturma/Genel/OnEkSecilir/OnEk'

2021-11-18 12:21:24 - [MESSAGE][INFO] - Checking object

2021-11-18 12:21:24 - [MESSAGE][INFO] - Checking timeout

2021-11-18 12:21:24 - [MESSAGE][INFO] - Finding web element from Test Object's properties

2021-11-18 12:21:24 - [MESSAGE][INFO] - Checking timeout

2021-11-18 12:21:24 - [MESSAGE][INFO] - Finding web element with id: 'Object Repository/Olusturma/Genel/OnEkSecilir/OnEk' located by 'By.xpath: //*[@id = 'InvoicePrefix_I']' in '10' second(s)

2021-11-18 12:21:24 - [MESSAGE][INFO] - Smart Wait Function is triggered

2021-11-18 12:21:24 - [MESSAGE][INFO] - Found 1 web elements with id: 'Object Repository/Olusturma/Genel/OnEkSecilir/OnEk' located by 'By.xpath: //*[@id = 'InvoicePrefix_I']' in '10' second(s)

2021-11-18 12:21:24 - [MESSAGE][PASSED] - Object 'Object Repository/Olusturma/Genel/OnEkSecilir/OnEk' is clickable

2021-11-18 12:21:24 - [TEST_STEP][PASSED] - click(findTestObject("Object Repository/Olusturma/Genel/OnEkSecilir/OnEk")): Object: 'Object Repository/Olusturma/Genel/OnEkSecilir/OnEk' is clicked on

2021-11-18 12:21:24 - [MESSAGE][INFO] - Finding Test Object 'Object Repository/Olusturma/Genel/OnEkSecilir/OnEk'

2021-11-18 12:21:24 - [MESSAGE][INFO] - Checking object

2021-11-18 12:21:24 - [MESSAGE][INFO] - Finding web element from Test Object's properties

2021-11-18 12:21:24 - [MESSAGE][INFO] - Checking timeout

2021-11-18 12:21:24 - [MESSAGE][INFO] - Finding web element with id: 'Object Repository/Olusturma/Genel/OnEkSecilir/OnEk' located by 'By.xpath: //*[@id = 'InvoicePrefix_I']' in '30' second(s)

2021-11-18 12:21:24 - [MESSAGE][INFO] - Smart Wait Function is triggered

2021-11-18 12:21:24 - [MESSAGE][INFO] - Found 1 web elements with id: 'Object Repository/Olusturma/Genel/OnEkSecilir/OnEk' located by 'By.xpath: //*[@id = 'InvoicePrefix_I']' in '30' second(s)

2021-11-18 12:21:24 - [MESSAGE][INFO] - Clicking on object: 'Object Repository/Olusturma/Genel/OnEkSecilir/OnEk'

2021-11-18 12:21:24 - [MESSAGE][PASSED] - Object: 'Object Repository/Olusturma/Genel/OnEkSecilir/OnEk' is clicked on

2021-11-18 12:21:24 - [TEST_STEP][PASSED] - Method.TextDegerineEsitElementeTiklaEquals(findTestObject("Object Repository/Olusturma/Genel/OnEkSecilir/OnEkAdi"), Ek): Method.TextDegerineEsitElementeTiklaEquals is PASSED

2021-11-18 12:21:24 - [MESSAGE][INFO] - Finding Test Object 'Object Repository/Olusturma/Genel/OnEkSecilir/OnEkAdi'

2021-11-18 12:21:25 - [MESSAGE][INFO] - Checking timeout

2021-11-18 12:21:25 - [MESSAGE][INFO] - Finding web element with id: 'Object Repository/Olusturma/Genel/OnEkSecilir/OnEkAdi' located by 'By.cssSelector: #InvoicePrefix_DDD_L_LBT td' in '10' second(s)

2021-11-18 12:21:25 - [MESSAGE][INFO] - Smart Wait Function is triggered

2021-11-18 12:21:25 - [MESSAGE][INFO] - Found 1 web elements with id: 'Object Repository/Olusturma/Genel/OnEkSecilir/OnEkAdi' located by 'By.cssSelector: #InvoicePrefix_DDD_L_LBT td' in '10' second(s)

2021-11-18 12:21:25 - [MESSAGE][PASSED] - Method.TextDegerineEsitElementeTiklaEquals is PASSED

2021-11-18 12:21:25 - [MESSAGE][PASSED] - Call Test Case 'Test Cases/Olusturma/Genel/OnEkSecilir' successfully

2021-11-18 12:21:25 - [MESSAGE][INFO] - Checking called Test Case

2021-11-18 12:21:25 - [MESSAGE][INFO] - Starting to call Test Case 'Test Cases/Olusturma/Genel/TasarimSecilir'

2021-11-18 12:21:25 - [TEST_CASE][PASSED] - Test Cases/Olusturma/Genel/TasarimSecilir: Test Cases/Olusturma/Genel/TasarimSecilir

2021-11-18 12:21:25 - [TEST_STEP][PASSED] - waitForElementClickable(findTestObject("Object Repository/Olusturma/Genel/TasarimSecilir/Tasarim"), 10): Object 'Object Repository/Olusturma/Genel/TasarimSecilir/Tasarim' is clickable

2021-11-18 12:21:25 - [MESSAGE][INFO] - Finding Test Object 'Object Repository/Olusturma/Genel/TasarimSecilir/Tasarim'

2021-11-18 12:21:25 - [MESSAGE][INFO] - Checking object

2021-11-18 12:21:25 - [MESSAGE][INFO] - Checking timeout

2021-11-18 12:21:25 - [MESSAGE][INFO] - Finding web element from Test Object's properties

2021-11-18 12:21:25 - [MESSAGE][INFO] - Checking timeout

2021-11-18 12:21:25 - [MESSAGE][INFO] - Finding web element with id: 'Object Repository/Olusturma/Genel/TasarimSecilir/Tasarim' located by 'By.xpath: //*[@id = 'DesignId_I']' in '10' second(s)

2021-11-18 12:21:25 - [MESSAGE][INFO] - Smart Wait Function is triggered

2021-11-18 12:21:25 - [MESSAGE][INFO] - Found 1 web elements with id: 'Object Repository/Olusturma/Genel/TasarimSecilir/Tasarim' located by 'By.xpath: //*[@id = 'DesignId_I']' in '10' second(s)

2021-11-18 12:21:25 - [MESSAGE][PASSED] - Object 'Object Repository/Olusturma/Genel/TasarimSecilir/Tasarim' is clickable

2021-11-18 12:21:25 - [TEST_STEP][PASSED] - click(findTestObject("Object Repository/Olusturma/Genel/TasarimSecilir/Tasarim")): Object: 'Object Repository/Olusturma/Genel/TasarimSecilir/Tasarim' is clicked on

2021-11-18 12:21:25 - [MESSAGE][INFO] - Finding Test Object 'Object Repository/Olusturma/Genel/TasarimSecilir/Tasarim'

2021-11-18 12:21:25 - [MESSAGE][INFO] - Checking object

2021-11-18 12:21:25 - [MESSAGE][INFO] - Finding web element from Test Object's properties

2021-11-18 12:21:25 - [MESSAGE][INFO] - Checking timeout

2021-11-18 12:21:25 - [MESSAGE][INFO] - Finding web element with id: 'Object Repository/Olusturma/Genel/TasarimSecilir/Tasarim' located by 'By.xpath: //*[@id = 'DesignId_I']' in '30' second(s)

2021-11-18 12:21:25 - [MESSAGE][INFO] - Smart Wait Function is triggered

2021-11-18 12:21:26 - [MESSAGE][INFO] - Found 1 web elements with id: 'Object Repository/Olusturma/Genel/TasarimSecilir/Tasarim' located by 'By.xpath: //*[@id = 'DesignId_I']' in '30' second(s)

2021-11-18 12:21:26 - [MESSAGE][INFO] - Clicking on object: 'Object Repository/Olusturma/Genel/TasarimSecilir/Tasarim'

2021-11-18 12:21:26 - [MESSAGE][PASSED] - Object: 'Object Repository/Olusturma/Genel/TasarimSecilir/Tasarim' is clicked on

2021-11-18 12:21:26 - [TEST_STEP][PASSED] - Method.TextDegerineEsitElementeTikla(findTestObject("Object Repository/Olusturma/Genel/TasarimSecilir/Tasarim_Adi"), Tasarim): Method.TextDegerineEsitElementeTikla is PASSED

2021-11-18 12:21:26 - [MESSAGE][INFO] - Finding Test Object 'Object Repository/Olusturma/Genel/TasarimSecilir/Tasarim_Adi'

2021-11-18 12:21:26 - [MESSAGE][INFO] - Checking timeout

2021-11-18 12:21:26 - [MESSAGE][INFO] - Finding web element with id: 'Object Repository/Olusturma/Genel/TasarimSecilir/Tasarim_Adi' located by 'By.cssSelector: #DesignId_DDD_L_LBT td' in '10' second(s)

2021-11-18 12:21:26 - [MESSAGE][INFO] - Smart Wait Function is triggered

2021-11-18 12:21:26 - [MESSAGE][INFO] - Found 1 web elements with id: 'Object Repository/Olusturma/Genel/TasarimSecilir/Tasarim_Adi' located by 'By.cssSelector: #DesignId_DDD_L_LBT td' in '10' second(s)

2021-11-18 12:21:26 - [MESSAGE][PASSED] - Method.TextDegerineEsitElementeTikla is PASSED

2021-11-18 12:21:26 - [MESSAGE][PASSED] - Call Test Case 'Test Cases/Olusturma/Genel/TasarimSecilir' successfully

2021-11-18 12:21:26 - [MESSAGE][INFO] - Checking called Test Case

2021-11-18 12:21:26 - [MESSAGE][INFO] - Starting to call Test Case 'Test Cases/Olusturma/Genel/Kutular/SiparisBilgileriGirilir'

2021-11-18 12:21:26 - [TEST_CASE][PASSED] - Test Cases/Olusturma/Genel/Kutular/SiparisBilgileriGirilir: Test Cases/Olusturma/Genel/Kutular/SiparisBilgileriGirilir

2021-11-18 12:21:26 - [TEST_STEP][PASSED] - Method.TextDegerineEsitElementeTikla(findTestObject("Olusturma/Genel/Kutular/KapaliKutular"), "Sipariş Bilgileri"): Method.TextDegerineEsitElementeTikla is PASSED

2021-11-18 12:21:26 - [MESSAGE][INFO] - Finding Test Object 'Object Repository/Olusturma/Genel/Kutular/KapaliKutular'

2021-11-18 12:21:26 - [MESSAGE][INFO] - Checking timeout

2021-11-18 12:21:26 - [MESSAGE][INFO] - Finding web element with id: 'Object Repository/Olusturma/Genel/Kutular/KapaliKutular' located by 'By.cssSelector: .dxnb-headerCollapsed>span' in '10' second(s)

2021-11-18 12:21:26 - [MESSAGE][INFO] - Smart Wait Function is triggered

2021-11-18 12:21:27 - [MESSAGE][INFO] - Found 8 web elements with id: 'Object Repository/Olusturma/Genel/Kutular/KapaliKutular' located by 'By.cssSelector: .dxnb-headerCollapsed>span' in '10' second(s)

2021-11-18 12:21:27 - [MESSAGE][PASSED] - Method.TextDegerineEsitElementeTikla is PASSED

2021-11-18 12:21:27 - [TEST_STEP][PASSED] - waitForElementPresent(findTestObject("Object Repository/Olusturma/Genel/Kutular/SiparisBilgileri/SiparisNo"), 10): Object 'Object Repository/Olusturma/Genel/Kutular/SiparisBilgileri/SiparisNo' is present

2021-11-18 12:21:27 - [MESSAGE][INFO] - Finding Test Object 'Object Repository/Olusturma/Genel/Kutular/SiparisBilgileri/SiparisNo'

2021-11-18 12:21:27 - [MESSAGE][INFO] - Checking object

2021-11-18 12:21:27 - [MESSAGE][INFO] - Finding web element from Test Object's properties

2021-11-18 12:21:27 - [MESSAGE][INFO] - Checking timeout

2021-11-18 12:21:27 - [MESSAGE][INFO] - Finding web element with id: 'Object Repository/Olusturma/Genel/Kutular/SiparisBilgileri/SiparisNo' located by 'By.xpath: //*[@id = 'txtSiparisNo_I']' in '10' second(s)

2021-11-18 12:21:27 - [MESSAGE][INFO] - Smart Wait Function is triggered

2021-11-18 12:21:27 - [MESSAGE][INFO] - Found 1 web elements with id: 'Object Repository/Olusturma/Genel/Kutular/SiparisBilgileri/SiparisNo' located by 'By.xpath: //*[@id = 'txtSiparisNo_I']' in '10' second(s)

2021-11-18 12:21:27 - [MESSAGE][PASSED] - Object 'Object Repository/Olusturma/Genel/Kutular/SiparisBilgileri/SiparisNo' is present

2021-11-18 12:21:27 - [TEST_STEP][PASSED] - clearText(findTestObject("Object Repository/Olusturma/Genel/Kutular/SiparisBilgileri/SiparisNo")): Text of object 'Object Repository/Olusturma/Genel/Kutular/SiparisBilgileri/SiparisNo' is cleared

2021-11-18 12:21:27 - [MESSAGE][INFO] - Finding Test Object 'Object Repository/Olusturma/Genel/Kutular/SiparisBilgileri/SiparisNo'

2021-11-18 12:21:27 - [MESSAGE][INFO] - Checking object

2021-11-18 12:21:27 - [MESSAGE][INFO] - Finding web element from Test Object's properties

2021-11-18 12:21:27 - [MESSAGE][INFO] - Checking timeout

2021-11-18 12:21:27 - [MESSAGE][INFO] - Finding web element with id: 'Object Repository/Olusturma/Genel/Kutular/SiparisBilgileri/SiparisNo' located by 'By.xpath: //*[@id = 'txtSiparisNo_I']' in '30' second(s)

2021-11-18 12:21:27 - [MESSAGE][INFO] - Smart Wait Function is triggered

2021-11-18 12:21:27 - [MESSAGE][INFO] - Found 1 web elements with id: 'Object Repository/Olusturma/Genel/Kutular/SiparisBilgileri/SiparisNo' located by 'By.xpath: //*[@id = 'txtSiparisNo_I']' in '30' second(s)

2021-11-18 12:21:27 - [MESSAGE][INFO] - Clearing text of object 'Object Repository/Olusturma/Genel/Kutular/SiparisBilgileri/SiparisNo'

2021-11-18 12:21:27 - [MESSAGE][PASSED] - Text of object 'Object Repository/Olusturma/Genel/Kutular/SiparisBilgileri/SiparisNo' is cleared

2021-11-18 12:21:27 - [TEST_STEP][PASSED] - sendKeys(findTestObject("Object Repository/Olusturma/Genel/Kutular/SiparisBilgileri/SiparisNo"), SiparisNo): Keys 'UUC-SAT-1200001' sent to object: 'Object Repository/Olusturma/Genel/Kutular/SiparisBilgileri/SiparisNo'

2021-11-18 12:21:27 - [MESSAGE][INFO] - Finding Test Object 'Object Repository/Olusturma/Genel/Kutular/SiparisBilgileri/SiparisNo'

2021-11-18 12:21:27 - [MESSAGE][INFO] - Sending keys 'UUC-SAT-1200001' to object: 'Object Repository/Olusturma/Genel/Kutular/SiparisBilgileri/SiparisNo'

2021-11-18 12:21:27 - [MESSAGE][INFO] - Finding web element from Test Object's properties

2021-11-18 12:21:27 - [MESSAGE][INFO] - Checking timeout

2021-11-18 12:21:27 - [MESSAGE][INFO] - Finding web element with id: 'Object Repository/Olusturma/Genel/Kutular/SiparisBilgileri/SiparisNo' located by 'By.xpath: //*[@id = 'txtSiparisNo_I']' in '30' second(s)

2021-11-18 12:21:27 - [MESSAGE][INFO] - Smart Wait Function is triggered

2021-11-18 12:21:28 - [MESSAGE][INFO] - Found 1 web elements with id: 'Object Repository/Olusturma/Genel/Kutular/SiparisBilgileri/SiparisNo' located by 'By.xpath: //*[@id = 'txtSiparisNo_I']' in '30' second(s)

2021-11-18 12:21:28 - [MESSAGE][PASSED] - Keys 'UUC-SAT-1200001' sent to object: 'Object Repository/Olusturma/Genel/Kutular/SiparisBilgileri/SiparisNo'

2021-11-18 12:21:28 - [TEST_STEP][PASSED] - waitForElementClickable(findTestObject("Object Repository/Olusturma/Genel/Kutular/SiparisBilgileri/SiparisTarihiImage"), 10): Object 'Object Repository/Olusturma/Genel/Kutular/SiparisBilgileri/SiparisTarihiImage' is clickable

2021-11-18 12:21:28 - [MESSAGE][INFO] - Finding Test Object 'Object Repository/Olusturma/Genel/Kutular/SiparisBilgileri/SiparisTarihiImage'

2021-11-18 12:21:28 - [MESSAGE][INFO] - Checking object

2021-11-18 12:21:28 - [MESSAGE][INFO] - Checking timeout

2021-11-18 12:21:28 - [MESSAGE][INFO] - Finding web element from Test Object's properties

2021-11-18 12:21:28 - [MESSAGE][INFO] - Checking timeout

2021-11-18 12:21:28 - [MESSAGE][INFO] - Finding web element with id: 'Object Repository/Olusturma/Genel/Kutular/SiparisBilgileri/SiparisTarihiImage' located by 'By.cssSelector: #dateSiparisTarih img' in '10' second(s)

2021-11-18 12:21:28 - [MESSAGE][INFO] - Smart Wait Function is triggered

2021-11-18 12:21:28 - [MESSAGE][INFO] - Found 1 web elements with id: 'Object Repository/Olusturma/Genel/Kutular/SiparisBilgileri/SiparisTarihiImage' located by 'By.cssSelector: #dateSiparisTarih img' in '10' second(s)

2021-11-18 12:21:28 - [MESSAGE][PASSED] - Object 'Object Repository/Olusturma/Genel/Kutular/SiparisBilgileri/SiparisTarihiImage' is clickable

2021-11-18 12:21:28 - [TEST_STEP][PASSED] - click(findTestObject("Object Repository/Olusturma/Genel/Kutular/SiparisBilgileri/SiparisTarihiImage")): Object: 'Object Repository/Olusturma/Genel/Kutular/SiparisBilgileri/SiparisTarihiImage' is clicked on

2021-11-18 12:21:28 - [MESSAGE][INFO] - Finding Test Object 'Object Repository/Olusturma/Genel/Kutular/SiparisBilgileri/SiparisTarihiImage'

2021-11-18 12:21:28 - [MESSAGE][INFO] - Checking object

2021-11-18 12:21:28 - [MESSAGE][INFO] - Finding web element from Test Object's properties

2021-11-18 12:21:28 - [MESSAGE][INFO] - Checking timeout

2021-11-18 12:21:28 - [MESSAGE][INFO] - Finding web element with id: 'Object Repository/Olusturma/Genel/Kutular/SiparisBilgileri/SiparisTarihiImage' located by 'By.cssSelector: #dateSiparisTarih img' in '30' second(s)

2021-11-18 12:21:28 - [MESSAGE][INFO] - Smart Wait Function is triggered

2021-11-18 12:21:29 - [MESSAGE][INFO] - Found 1 web elements with id: 'Object Repository/Olusturma/Genel/Kutular/SiparisBilgileri/SiparisTarihiImage' located by 'By.cssSelector: #dateSiparisTarih img' in '30' second(s)

2021-11-18 12:21:29 - [MESSAGE][INFO] - Clicking on object: 'Object Repository/Olusturma/Genel/Kutular/SiparisBilgileri/SiparisTarihiImage'

2021-11-18 12:21:29 - [MESSAGE][PASSED] - Object: 'Object Repository/Olusturma/Genel/Kutular/SiparisBilgileri/SiparisTarihiImage' is clicked on

2021-11-18 12:21:29 - [TEST_STEP][PASSED] - waitForElementPresent(findTestObject("Object Repository/Olusturma/Genel/Kutular/SiparisBilgileri/SiparisTarihi"), 10): Object 'Object Repository/Olusturma/Genel/Kutular/SiparisBilgileri/SiparisTarihi' is present

2021-11-18 12:21:29 - [MESSAGE][INFO] - Finding Test Object 'Object Repository/Olusturma/Genel/Kutular/SiparisBilgileri/SiparisTarihi'

2021-11-18 12:21:29 - [MESSAGE][INFO] - Checking object

2021-11-18 12:21:29 - [MESSAGE][INFO] - Finding web element from Test Object's properties

2021-11-18 12:21:29 - [MESSAGE][INFO] - Checking timeout

2021-11-18 12:21:29 - [MESSAGE][INFO] - Finding web element with id: 'Object Repository/Olusturma/Genel/Kutular/SiparisBilgileri/SiparisTarihi' located by 'By.xpath: //*[@id = 'dateSiparisTarih_I']' in '10' second(s)

2021-11-18 12:21:29 - [MESSAGE][INFO] - Smart Wait Function is triggered

2021-11-18 12:21:29 - [MESSAGE][INFO] - Found 1 web elements with id: 'Object Repository/Olusturma/Genel/Kutular/SiparisBilgileri/SiparisTarihi' located by 'By.xpath: //*[@id = 'dateSiparisTarih_I']' in '10' second(s)

2021-11-18 12:21:29 - [MESSAGE][PASSED] - Object 'Object Repository/Olusturma/Genel/Kutular/SiparisBilgileri/SiparisTarihi' is present

2021-11-18 12:21:29 - [TEST_STEP][PASSED] - clearText(findTestObject("Object Repository/Olusturma/Genel/Kutular/SiparisBilgileri/SiparisTarihi")): Text of object 'Object Repository/Olusturma/Genel/Kutular/SiparisBilgileri/SiparisTarihi' is cleared

2021-11-18 12:21:29 - [MESSAGE][INFO] - Finding Test Object 'Object Repository/Olusturma/Genel/Kutular/SiparisBilgileri/SiparisTarihi'

2021-11-18 12:21:29 - [MESSAGE][INFO] - Checking object

2021-11-18 12:21:29 - [MESSAGE][INFO] - Finding web element from Test Object's properties

2021-11-18 12:21:29 - [MESSAGE][INFO] - Checking timeout

2021-11-18 12:21:29 - [MESSAGE][INFO] - Finding web element with id: 'Object Repository/Olusturma/Genel/Kutular/SiparisBilgileri/SiparisTarihi' located by 'By.xpath: //*[@id = 'dateSiparisTarih_I']' in '30' second(s)

2021-11-18 12:21:29 - [MESSAGE][INFO] - Smart Wait Function is triggered

2021-11-18 12:21:30 - [MESSAGE][INFO] - Found 1 web elements with id: 'Object Repository/Olusturma/Genel/Kutular/SiparisBilgileri/SiparisTarihi' located by 'By.xpath: //*[@id = 'dateSiparisTarih_I']' in '30' second(s)

2021-11-18 12:21:30 - [MESSAGE][INFO] - Clearing text of object 'Object Repository/Olusturma/Genel/Kutular/SiparisBilgileri/SiparisTarihi'

2021-11-18 12:21:30 - [MESSAGE][PASSED] - Text of object 'Object Repository/Olusturma/Genel/Kutular/SiparisBilgileri/SiparisTarihi' is cleared

2021-11-18 12:21:30 - [TEST_STEP][PASSED] - sendKeys(findTestObject("Object Repository/Olusturma/Genel/Kutular/SiparisBilgileri/SiparisTarihi"), Tarih): Keys '31.04.2020' sent to object: 'Object Repository/Olusturma/Genel/Kutular/SiparisBilgileri/SiparisTarihi'

2021-11-18 12:21:30 - [MESSAGE][INFO] - Finding Test Object 'Object Repository/Olusturma/Genel/Kutular/SiparisBilgileri/SiparisTarihi'

2021-11-18 12:21:30 - [MESSAGE][INFO] - Sending keys '31.04.2020' to object: 'Object Repository/Olusturma/Genel/Kutular/SiparisBilgileri/SiparisTarihi'

2021-11-18 12:21:30 - [MESSAGE][INFO] - Finding web element from Test Object's properties

2021-11-18 12:21:30 - [MESSAGE][INFO] - Checking timeout

2021-11-18 12:21:30 - [MESSAGE][INFO] - Finding web element with id: 'Object Repository/Olusturma/Genel/Kutular/SiparisBilgileri/SiparisTarihi' located by 'By.xpath: //*[@id = 'dateSiparisTarih_I']' in '30' second(s)

2021-11-18 12:21:30 - [MESSAGE][INFO] - Smart Wait Function is triggered

2021-11-18 12:21:30 - [MESSAGE][INFO] - Found 1 web elements with id: 'Object Repository/Olusturma/Genel/Kutular/SiparisBilgileri/SiparisTarihi' located by 'By.xpath: //*[@id = 'dateSiparisTarih_I']' in '30' second(s)

2021-11-18 12:21:30 - [MESSAGE][PASSED] - Keys '31.04.2020' sent to object: 'Object Repository/Olusturma/Genel/Kutular/SiparisBilgileri/SiparisTarihi'

2021-11-18 12:21:30 - [MESSAGE][PASSED] - Call Test Case 'Test Cases/Olusturma/Genel/Kutular/SiparisBilgileriGirilir' successfully

2021-11-18 12:21:30 - [MESSAGE][INFO] - Checking called Test Case

2021-11-18 12:21:30 - [MESSAGE][INFO] - Starting to call Test Case 'Test Cases/Olusturma/Genel/Kutular/IrsaliyeBilgileri'

2021-11-18 12:21:30 - [TEST_CASE][PASSED] - Test Cases/Olusturma/Genel/Kutular/IrsaliyeBilgileri: Test Cases/Olusturma/Genel/Kutular/IrsaliyeBilgileri

2021-11-18 12:21:30 - [TEST_STEP][PASSED] - Method.TextDegerineEsitElementeTikla(findTestObject("Olusturma/Genel/Kutular/KapaliKutular"), "İrsaliye Bilgileri"): Method.TextDegerineEsitElementeTikla is PASSED

2021-11-18 12:21:30 - [MESSAGE][INFO] - Finding Test Object 'Object Repository/Olusturma/Genel/Kutular/KapaliKutular'

2021-11-18 12:21:30 - [MESSAGE][INFO] - Checking timeout

2021-11-18 12:21:30 - [MESSAGE][INFO] - Finding web element with id: 'Object Repository/Olusturma/Genel/Kutular/KapaliKutular' located by 'By.cssSelector: .dxnb-headerCollapsed>span' in '10' second(s)

2021-11-18 12:21:30 - [MESSAGE][INFO] - Smart Wait Function is triggered

2021-11-18 12:21:31 - [MESSAGE][INFO] - Found 8 web elements with id: 'Object Repository/Olusturma/Genel/Kutular/KapaliKutular' located by 'By.cssSelector: .dxnb-headerCollapsed>span' in '10' second(s)

2021-11-18 12:21:31 - [MESSAGE][PASSED] - Method.TextDegerineEsitElementeTikla is PASSED

2021-11-18 12:21:31 - [TEST_STEP][PASSED] - waitForElementClickable(findTestObject("Olusturma/Genel/Kutular/IrsaliyeBilgileri/Ekle"), 10): Object 'Object Repository/Olusturma/Genel/Kutular/IrsaliyeBilgileri/Ekle' is clickable

2021-11-18 12:21:31 - [MESSAGE][INFO] - Finding Test Object 'Object Repository/Olusturma/Genel/Kutular/IrsaliyeBilgileri/Ekle'

2021-11-18 12:21:31 - [MESSAGE][INFO] - Checking object

2021-11-18 12:21:31 - [MESSAGE][INFO] - Checking timeout

2021-11-18 12:21:31 - [MESSAGE][INFO] - Finding web element from Test Object's properties

2021-11-18 12:21:31 - [MESSAGE][INFO] - Checking timeout

2021-11-18 12:21:31 - [MESSAGE][INFO] - Finding web element with id: 'Object Repository/Olusturma/Genel/Kutular/IrsaliyeBilgileri/Ekle' located by 'By.xpath: //*[@id = 'DXEditorgvUserInvoiceBillsNewRowBtn']' in '10' second(s)

2021-11-18 12:21:31 - [MESSAGE][INFO] - Smart Wait Function is triggered

2021-11-18 12:21:31 - [MESSAGE][INFO] - Found 1 web elements with id: 'Object Repository/Olusturma/Genel/Kutular/IrsaliyeBilgileri/Ekle' located by 'By.xpath: //*[@id = 'DXEditorgvUserInvoiceBillsNewRowBtn']' in '10' second(s)

2021-11-18 12:21:31 - [MESSAGE][PASSED] - Object 'Object Repository/Olusturma/Genel/Kutular/IrsaliyeBilgileri/Ekle' is clickable

2021-11-18 12:21:31 - [TEST_STEP][PASSED] - click(findTestObject("Olusturma/Genel/Kutular/IrsaliyeBilgileri/Ekle")): Object: 'Object Repository/Olusturma/Genel/Kutular/IrsaliyeBilgileri/Ekle' is clicked on

2021-11-18 12:21:31 - [MESSAGE][INFO] - Finding Test Object 'Object Repository/Olusturma/Genel/Kutular/IrsaliyeBilgileri/Ekle'

2021-11-18 12:21:31 - [MESSAGE][INFO] - Checking object

2021-11-18 12:21:31 - [MESSAGE][INFO] - Finding web element from Test Object's properties

2021-11-18 12:21:31 - [MESSAGE][INFO] - Checking timeout

2021-11-18 12:21:31 - [MESSAGE][INFO] - Finding web element with id: 'Object Repository/Olusturma/Genel/Kutular/IrsaliyeBilgileri/Ekle' located by 'By.xpath: //*[@id = 'DXEditorgvUserInvoiceBillsNewRowBtn']' in '30' second(s)

2021-11-18 12:21:31 - [MESSAGE][INFO] - Smart Wait Function is triggered

2021-11-18 12:21:31 - [MESSAGE][INFO] - Found 1 web elements with id: 'Object Repository/Olusturma/Genel/Kutular/IrsaliyeBilgileri/Ekle' located by 'By.xpath: //*[@id = 'DXEditorgvUserInvoiceBillsNewRowBtn']' in '30' second(s)

2021-11-18 12:21:32 - [MESSAGE][INFO] - Clicking on object: 'Object Repository/Olusturma/Genel/Kutular/IrsaliyeBilgileri/Ekle'

2021-11-18 12:21:32 - [MESSAGE][PASSED] - Object: 'Object Repository/Olusturma/Genel/Kutular/IrsaliyeBilgileri/Ekle' is clicked on

2021-11-18 12:21:32 - [TEST_STEP][PASSED] - waitForElementPresent(findTestObject("Object Repository/Olusturma/Genel/Kutular/IrsaliyeBilgileri/IrsaliyeNumarasi"), 10): Object 'Object Repository/Olusturma/Genel/Kutular/IrsaliyeBilgileri/IrsaliyeNumarasi' is present

2021-11-18 12:21:32 - [MESSAGE][INFO] - Finding Test Object 'Object Repository/Olusturma/Genel/Kutular/IrsaliyeBilgileri/IrsaliyeNumarasi'

2021-11-18 12:21:32 - [MESSAGE][INFO] - Checking object

2021-11-18 12:21:32 - [MESSAGE][INFO] - Finding web element from Test Object's properties

2021-11-18 12:21:32 - [MESSAGE][INFO] - Checking timeout

2021-11-18 12:21:32 - [MESSAGE][INFO] - Finding web element with id: 'Object Repository/Olusturma/Genel/Kutular/IrsaliyeBilgileri/IrsaliyeNumarasi' located by 'By.xpath: //*[@id = 'gvUserInvoiceBills_DXEditor1_I']' in '10' second(s)

2021-11-18 12:21:32 - [MESSAGE][INFO] - Smart Wait Function is triggered

2021-11-18 12:21:32 - [MESSAGE][INFO] - Smart Wait Function is triggered

2021-11-18 12:21:33 - [MESSAGE][INFO] - Found 1 web elements with id: 'Object Repository/Olusturma/Genel/Kutular/IrsaliyeBilgileri/IrsaliyeNumarasi' located by 'By.xpath: //*[@id = 'gvUserInvoiceBills_DXEditor1_I']' in '10' second(s)

2021-11-18 12:21:33 - [MESSAGE][PASSED] - Object 'Object Repository/Olusturma/Genel/Kutular/IrsaliyeBilgileri/IrsaliyeNumarasi' is present

2021-11-18 12:21:33 - [TEST_STEP][PASSED] - clearText(findTestObject("Object Repository/Olusturma/Genel/Kutular/IrsaliyeBilgileri/IrsaliyeNumarasi")): Text of object 'Object Repository/Olusturma/Genel/Kutular/IrsaliyeBilgileri/IrsaliyeNumarasi' is cleared

2021-11-18 12:21:33 - [MESSAGE][INFO] - Finding Test Object 'Object Repository/Olusturma/Genel/Kutular/IrsaliyeBilgileri/IrsaliyeNumarasi'

2021-11-18 12:21:33 - [MESSAGE][INFO] - Checking object

2021-11-18 12:21:33 - [MESSAGE][INFO] - Finding web element from Test Object's properties

2021-11-18 12:21:33 - [MESSAGE][INFO] - Checking timeout

2021-11-18 12:21:33 - [MESSAGE][INFO] - Finding web element with id: 'Object Repository/Olusturma/Genel/Kutular/IrsaliyeBilgileri/IrsaliyeNumarasi' located by 'By.xpath: //*[@id = 'gvUserInvoiceBills_DXEditor1_I']' in '30' second(s)

2021-11-18 12:21:33 - [MESSAGE][INFO] - Smart Wait Function is triggered

2021-11-18 12:21:33 - [MESSAGE][INFO] - Found 1 web elements with id: 'Object Repository/Olusturma/Genel/Kutular/IrsaliyeBilgileri/IrsaliyeNumarasi' located by 'By.xpath: //*[@id = 'gvUserInvoiceBills_DXEditor1_I']' in '30' second(s)

2021-11-18 12:21:33 - [MESSAGE][INFO] - Clearing text of object 'Object Repository/Olusturma/Genel/Kutular/IrsaliyeBilgileri/IrsaliyeNumarasi'

2021-11-18 12:21:33 - [MESSAGE][PASSED] - Text of object 'Object Repository/Olusturma/Genel/Kutular/IrsaliyeBilgileri/IrsaliyeNumarasi' is cleared

2021-11-18 12:21:33 - [TEST_STEP][PASSED] - sendKeys(findTestObject("Object Repository/Olusturma/Genel/Kutular/IrsaliyeBilgileri/IrsaliyeNumarasi"), Numara): Keys 'AAAAAAAAAA' sent to object: 'Object Repository/Olusturma/Genel/Kutular/IrsaliyeBilgileri/IrsaliyeNumarasi'

2021-11-18 12:21:33 - [MESSAGE][INFO] - Finding Test Object 'Object Repository/Olusturma/Genel/Kutular/IrsaliyeBilgileri/IrsaliyeNumarasi'

2021-11-18 12:21:33 - [MESSAGE][INFO] - Sending keys 'AAAAAAAAAA' to object: 'Object Repository/Olusturma/Genel/Kutular/IrsaliyeBilgileri/IrsaliyeNumarasi'

2021-11-18 12:21:33 - [MESSAGE][INFO] - Finding web element from Test Object's properties

2021-11-18 12:21:33 - [MESSAGE][INFO] - Checking timeout

2021-11-18 12:21:33 - [MESSAGE][INFO] - Finding web element with id: 'Object Repository/Olusturma/Genel/Kutular/IrsaliyeBilgileri/IrsaliyeNumarasi' located by 'By.xpath: //*[@id = 'gvUserInvoiceBills_DXEditor1_I']' in '30' second(s)

2021-11-18 12:21:33 - [MESSAGE][INFO] - Smart Wait Function is triggered

2021-11-18 12:21:33 - [MESSAGE][INFO] - Found 1 web elements with id: 'Object Repository/Olusturma/Genel/Kutular/IrsaliyeBilgileri/IrsaliyeNumarasi' located by 'By.xpath: //*[@id = 'gvUserInvoiceBills_DXEditor1_I']' in '30' second(s)

2021-11-18 12:21:34 - [MESSAGE][PASSED] - Keys 'AAAAAAAAAA' sent to object: 'Object Repository/Olusturma/Genel/Kutular/IrsaliyeBilgileri/IrsaliyeNumarasi'

2021-11-18 12:21:34 - [TEST_STEP][PASSED] - waitForElementClickable(findTestObject("Object Repository/Olusturma/Genel/Kutular/IrsaliyeBilgileri/IrsaliyeTarihi"), 10): Object 'Object Repository/Olusturma/Genel/Kutular/IrsaliyeBilgileri/IrsaliyeTarihi' is clickable

2021-11-18 12:21:34 - [MESSAGE][INFO] - Finding Test Object 'Object Repository/Olusturma/Genel/Kutular/IrsaliyeBilgileri/IrsaliyeTarihi'

2021-11-18 12:21:34 - [MESSAGE][INFO] - Checking object

2021-11-18 12:21:34 - [MESSAGE][INFO] - Checking timeout

2021-11-18 12:21:34 - [MESSAGE][INFO] - Finding web element from Test Object's properties

2021-11-18 12:21:34 - [MESSAGE][INFO] - Checking timeout

2021-11-18 12:21:34 - [MESSAGE][INFO] - Finding web element with id: 'Object Repository/Olusturma/Genel/Kutular/IrsaliyeBilgileri/IrsaliyeTarihi' located by 'By.xpath: //*[@id = 'gvUserInvoiceBills_DXEditor2_I']' in '10' second(s)

2021-11-18 12:21:34 - [MESSAGE][INFO] - Smart Wait Function is triggered

2021-11-18 12:21:34 - [MESSAGE][INFO] - Found 1 web elements with id: 'Object Repository/Olusturma/Genel/Kutular/IrsaliyeBilgileri/IrsaliyeTarihi' located by 'By.xpath: //*[@id = 'gvUserInvoiceBills_DXEditor2_I']' in '10' second(s)

2021-11-18 12:21:34 - [MESSAGE][PASSED] - Object 'Object Repository/Olusturma/Genel/Kutular/IrsaliyeBilgileri/IrsaliyeTarihi' is clickable

2021-11-18 12:21:34 - [TEST_STEP][PASSED] - click(findTestObject("Object Repository/Olusturma/Genel/Kutular/IrsaliyeBilgileri/IrsaliyeTarihi")): Object: 'Object Repository/Olusturma/Genel/Kutular/IrsaliyeBilgileri/IrsaliyeTarihi' is clicked on

2021-11-18 12:21:34 - [MESSAGE][INFO] - Finding Test Object 'Object Repository/Olusturma/Genel/Kutular/IrsaliyeBilgileri/IrsaliyeTarihi'

2021-11-18 12:21:34 - [MESSAGE][INFO] - Checking object

2021-11-18 12:21:34 - [MESSAGE][INFO] - Finding web element from Test Object's properties

2021-11-18 12:21:34 - [MESSAGE][INFO] - Checking timeout

2021-11-18 12:21:34 - [MESSAGE][INFO] - Finding web element with id: 'Object Repository/Olusturma/Genel/Kutular/IrsaliyeBilgileri/IrsaliyeTarihi' located by 'By.xpath: //*[@id = 'gvUserInvoiceBills_DXEditor2_I']' in '30' second(s)

2021-11-18 12:21:34 - [MESSAGE][INFO] - Smart Wait Function is triggered

2021-11-18 12:21:34 - [MESSAGE][INFO] - Found 1 web elements with id: 'Object Repository/Olusturma/Genel/Kutular/IrsaliyeBilgileri/IrsaliyeTarihi' located by 'By.xpath: //*[@id = 'gvUserInvoiceBills_DXEditor2_I']' in '30' second(s)

2021-11-18 12:21:34 - [MESSAGE][INFO] - Clicking on object: 'Object Repository/Olusturma/Genel/Kutular/IrsaliyeBilgileri/IrsaliyeTarihi'

2021-11-18 12:21:34 - [MESSAGE][PASSED] - Object: 'Object Repository/Olusturma/Genel/Kutular/IrsaliyeBilgileri/IrsaliyeTarihi' is clicked on

2021-11-18 12:21:34 - [TEST_STEP][PASSED] - sendKeys(findTestObject("Object Repository/Olusturma/Genel/Kutular/IrsaliyeBilgileri/IrsaliyeTarihi"), Tarih): Keys '31.04.2020' sent to object: 'Object Repository/Olusturma/Genel/Kutular/IrsaliyeBilgileri/IrsaliyeTarihi'

2021-11-18 12:21:34 - [MESSAGE][INFO] - Finding Test Object 'Object Repository/Olusturma/Genel/Kutular/IrsaliyeBilgileri/IrsaliyeTarihi'

2021-11-18 12:21:34 - [MESSAGE][INFO] - Sending keys '31.04.2020' to object: 'Object Repository/Olusturma/Genel/Kutular/IrsaliyeBilgileri/IrsaliyeTarihi'

2021-11-18 12:21:34 - [MESSAGE][INFO] - Finding web element from Test Object's properties

2021-11-18 12:21:34 - [MESSAGE][INFO] - Checking timeout

2021-11-18 12:21:34 - [MESSAGE][INFO] - Finding web element with id: 'Object Repository/Olusturma/Genel/Kutular/IrsaliyeBilgileri/IrsaliyeTarihi' located by 'By.xpath: //*[@id = 'gvUserInvoiceBills_DXEditor2_I']' in '30' second(s)

2021-11-18 12:21:34 - [MESSAGE][INFO] - Smart Wait Function is triggered

2021-11-18 12:21:35 - [MESSAGE][INFO] - Found 1 web elements with id: 'Object Repository/Olusturma/Genel/Kutular/IrsaliyeBilgileri/IrsaliyeTarihi' located by 'By.xpath: //*[@id = 'gvUserInvoiceBills_DXEditor2_I']' in '30' second(s)

2021-11-18 12:21:35 - [MESSAGE][PASSED] - Keys '31.04.2020' sent to object: 'Object Repository/Olusturma/Genel/Kutular/IrsaliyeBilgileri/IrsaliyeTarihi'

2021-11-18 12:21:35 - [MESSAGE][PASSED] - Call Test Case 'Test Cases/Olusturma/Genel/Kutular/IrsaliyeBilgileri' successfully

2021-11-18 12:21:35 - [MESSAGE][INFO] - Checking called Test Case

2021-11-18 12:21:35 - [MESSAGE][INFO] - Starting to call Test Case 'Test Cases/Olusturma/Genel/EkleButonunaBasilir'

2021-11-18 12:21:35 - [TEST_CASE][PASSED] - Test Cases/Olusturma/Genel/EkleButonunaBasilir: Test Cases/Olusturma/Genel/EkleButonunaBasilir

2021-11-18 12:21:35 - [TEST_STEP][PASSED] - waitForElementClickable(findTestObject("Object Repository/Olusturma/Genel/Olusturma/Ekle"), 10): Object 'Object Repository/Olusturma/Genel/Olusturma/Ekle' is clickable

2021-11-18 12:21:35 - [MESSAGE][INFO] - Finding Test Object 'Object Repository/Olusturma/Genel/Olusturma/Ekle'

2021-11-18 12:21:35 - [MESSAGE][INFO] - Checking object

2021-11-18 12:21:35 - [MESSAGE][INFO] - Checking timeout

2021-11-18 12:21:35 - [MESSAGE][INFO] - Finding web element from Test Object's properties

2021-11-18 12:21:35 - [MESSAGE][INFO] - Checking timeout

2021-11-18 12:21:35 - [MESSAGE][INFO] - Finding web element with id: 'Object Repository/Olusturma/Genel/Olusturma/Ekle' located by 'By.cssSelector: #divmalhizmet i.fa.fa-plus.fa-lg.text-muted' in '10' second(s)

2021-11-18 12:21:35 - [MESSAGE][INFO] - Smart Wait Function is triggered

2021-11-18 12:21:35 - [MESSAGE][INFO] - Found 1 web elements with id: 'Object Repository/Olusturma/Genel/Olusturma/Ekle' located by 'By.cssSelector: #divmalhizmet i.fa.fa-plus.fa-lg.text-muted' in '10' second(s)

2021-11-18 12:21:35 - [MESSAGE][PASSED] - Object 'Object Repository/Olusturma/Genel/Olusturma/Ekle' is clickable

2021-11-18 12:21:35 - [TEST_STEP][PASSED] - click(findTestObject("Object Repository/Olusturma/Genel/Olusturma/Ekle")): Object: 'Object Repository/Olusturma/Genel/Olusturma/Ekle' is clicked on

2021-11-18 12:21:35 - [MESSAGE][INFO] - Finding Test Object 'Object Repository/Olusturma/Genel/Olusturma/Ekle'

2021-11-18 12:21:35 - [MESSAGE][INFO] - Checking object

2021-11-18 12:21:35 - [MESSAGE][INFO] - Finding web element from Test Object's properties

2021-11-18 12:21:35 - [MESSAGE][INFO] - Checking timeout

2021-11-18 12:21:35 - [MESSAGE][INFO] - Finding web element with id: 'Object Repository/Olusturma/Genel/Olusturma/Ekle' located by 'By.cssSelector: #divmalhizmet i.fa.fa-plus.fa-lg.text-muted' in '30' second(s)

2021-11-18 12:21:35 - [MESSAGE][INFO] - Smart Wait Function is triggered

2021-11-18 12:21:36 - [MESSAGE][INFO] - Found 1 web elements with id: 'Object Repository/Olusturma/Genel/Olusturma/Ekle' located by 'By.cssSelector: #divmalhizmet i.fa.fa-plus.fa-lg.text-muted' in '30' second(s)

2021-11-18 12:21:36 - [MESSAGE][INFO] - Clicking on object: 'Object Repository/Olusturma/Genel/Olusturma/Ekle'

2021-11-18 12:21:36 - [MESSAGE][PASSED] - Object: 'Object Repository/Olusturma/Genel/Olusturma/Ekle' is clicked on

2021-11-18 12:21:36 - [TEST_STEP][PASSED] - waitForElementClickable(findTestObject("Olusturma/Genel/Olusturma/EklenenSatirCarpiImage"), 10): Object 'Object Repository/Olusturma/Genel/Olusturma/EklenenSatirCarpiImage' is clickable

2021-11-18 12:21:36 - [MESSAGE][INFO] - Finding Test Object 'Object Repository/Olusturma/Genel/Olusturma/EklenenSatirCarpiImage'

2021-11-18 12:21:36 - [MESSAGE][INFO] - Checking object

2021-11-18 12:21:36 - [MESSAGE][INFO] - Checking timeout

2021-11-18 12:21:36 - [MESSAGE][INFO] - Finding web element from Test Object's properties

2021-11-18 12:21:36 - [MESSAGE][INFO] - Checking timeout

2021-11-18 12:21:36 - [MESSAGE][INFO] - Finding web element with id: 'Object Repository/Olusturma/Genel/Olusturma/EklenenSatirCarpiImage' located by 'By.cssSelector: .fa.fa-times.fa-lg.text-primary' in '10' second(s)

2021-11-18 12:21:36 - [MESSAGE][INFO] - Smart Wait Function is triggered

2021-11-18 12:21:36 - [MESSAGE][INFO] - Found 1 web elements with id: 'Object Repository/Olusturma/Genel/Olusturma/EklenenSatirCarpiImage' located by 'By.cssSelector: .fa.fa-times.fa-lg.text-primary' in '10' second(s)

2021-11-18 12:21:36 - [MESSAGE][PASSED] - Object 'Object Repository/Olusturma/Genel/Olusturma/EklenenSatirCarpiImage' is clickable

2021-11-18 12:21:36 - [MESSAGE][PASSED] - Call Test Case 'Test Cases/Olusturma/Genel/EkleButonunaBasilir' successfully

2021-11-18 12:21:36 - [MESSAGE][INFO] - Checking called Test Case

2021-11-18 12:21:36 - [MESSAGE][INFO] - Starting to call Test Case 'Test Cases/Olusturma/Genel/Olusturma'

2021-11-18 12:21:36 - [TEST_CASE][PASSED] - Test Cases/Olusturma/Genel/Olusturma: Test Cases/Olusturma/Genel/Olusturma

2021-11-18 12:21:36 - [TEST_STEP][PASSED] - driver = getWebDriver(): null

2021-11-18 12:21:36 - [TEST_STEP][PASSED] - action = new org.openqa.selenium.interactions.Actions(driver): null

2021-11-18 12:21:36 - [TEST_STEP][PASSED] - baslikElement = <not implemented yet for class: org.codehaus.groovy.ast.expr.EmptyExpression>: null

2021-11-18 12:21:36 - [TEST_STEP][PASSED] - sonElement = <not implemented yet for class: org.codehaus.groovy.ast.expr.EmptyExpression>: null

2021-11-18 12:21:36 - [TEST_STEP][PASSED] - attr = <not implemented yet for class: org.codehaus.groovy.ast.expr.EmptyExpression>: null

2021-11-18 12:21:36 - [TEST_STEP][PASSED] - a = 0: null

2021-11-18 12:21:36 - [TEST_STEP][PASSED] - elements = findWebElements(findTestObject("Object Repository/Olusturma/Genel/Olusturma/TabloBasliklari"), 10): Found 13 web elements with id: 'Object Repository/Olusturma/Genel/Olusturma/TabloBasliklari' located by 'By.cssSelector: div#divmalhizmet .dxgvTable_LECustomTheme td.dxgvHeader_LECustomTheme tr>td:nth-child(1)' in '10' second(s)

2021-11-18 12:21:36 - [MESSAGE][INFO] - Finding Test Object 'Object Repository/Olusturma/Genel/Olusturma/TabloBasliklari'

2021-11-18 12:21:36 - [MESSAGE][INFO] - Checking timeout

2021-11-18 12:21:36 - [MESSAGE][INFO] - Finding web element with id: 'Object Repository/Olusturma/Genel/Olusturma/TabloBasliklari' located by 'By.cssSelector: div#divmalhizmet .dxgvTable_LECustomTheme td.dxgvHeader_LECustomTheme tr>td:nth-child(1)' in '10' second(s)

2021-11-18 12:21:36 - [MESSAGE][INFO] - Smart Wait Function is triggered

2021-11-18 12:21:37 - [MESSAGE][INFO] - Found 13 web elements with id: 'Object Repository/Olusturma/Genel/Olusturma/TabloBasliklari' located by 'By.cssSelector: div#divmalhizmet .dxgvTable_LECustomTheme td.dxgvHeader_LECustomTheme tr>td:nth-child(1)' in '10' second(s)

2021-11-18 12:21:37 - [TEST_STEP][PASSED] - for (def element : elements): null

2021-11-18 12:21:37 - [TEST_STEP][PASSED] - build().perform(): null

2021-11-18 12:21:37 - [TEST_STEP][PASSED] - if (getText().equals(Baslik)): null

2021-11-18 12:21:37 - [TEST_STEP][PASSED] - baslikElement = element.findElement(By.xpath("../../../..")): Smart Wait Function is triggered

2021-11-18 12:21:37 - [MESSAGE][INFO] - Smart Wait Function is triggered

2021-11-18 12:21:38 - [TEST_STEP][PASSED] - attr = baslikElement.getAttribute("id"): null

2021-11-18 12:21:38 - [TEST_STEP][PASSED] - println("girdi ve idsini aldı = " + attr): null

2021-11-18 12:21:38 - [TEST_STEP][PASSED] - break: null

2021-11-18 12:21:38 - [TEST_STEP][PASSED] - countElement = baslikElement.findElements(By.xpath("../td")): Smart Wait Function is triggered

2021-11-18 12:21:38 - [MESSAGE][INFO] - Smart Wait Function is triggered

2021-11-18 12:21:38 - [TEST_STEP][PASSED] - for (def element : countElement): null

2021-11-18 12:21:38 - [TEST_STEP][PASSED] - if (toString().equals(attr.toString())): null

2021-11-18 12:21:38 - [TEST_STEP][PASSED] - (a++): null

2021-11-18 12:21:38 - [TEST_STEP][PASSED] - if (toString().equals(attr.toString())): null

2021-11-18 12:21:38 - [TEST_STEP][PASSED] - break: null

2021-11-18 12:21:38 - [TEST_STEP][PASSED] - son = findWebElement(findTestObject("Object Repository/Olusturma/Genel/Olusturma/EklenenSatir")).findElement(By.xpath("td[@class='dxgvInlineEditCell_LECustomTheme dxgv'][" + a + "]//td[@class='dxic']/input")): Smart Wait Function is triggered

2021-11-18 12:21:38 - [MESSAGE][INFO] - Finding Test Object 'Object Repository/Olusturma/Genel/Olusturma/EklenenSatir'

2021-11-18 12:21:38 - [MESSAGE][INFO] - Finding web element from Test Object's properties

2021-11-18 12:21:38 - [MESSAGE][INFO] - Checking timeout

2021-11-18 12:21:38 - [MESSAGE][INFO] - Finding web element with id: 'Object Repository/Olusturma/Genel/Olusturma/EklenenSatir' located by 'By.cssSelector: #divmalhizmet .dxgvInlineEditRow_LECustomTheme' in '30' second(s)

2021-11-18 12:21:38 - [MESSAGE][INFO] - Smart Wait Function is triggered

2021-11-18 12:21:38 - [MESSAGE][INFO] - Found 1 web elements with id: 'Object Repository/Olusturma/Genel/Olusturma/EklenenSatir' located by 'By.cssSelector: #divmalhizmet .dxgvInlineEditRow_LECustomTheme' in '30' second(s)

2021-11-18 12:21:38 - [MESSAGE][INFO] - Smart Wait Function is triggered

2021-11-18 12:21:39 - [TEST_STEP][PASSED] - if (!(getAttribute("value").contains("Vkn"))): null

2021-11-18 12:21:39 - [TEST_STEP][PASSED] - son.clear(): null

2021-11-18 12:21:39 - [TEST_STEP][PASSED] - son.sendKeys(Deger): null

2021-11-18 12:21:39 - [MESSAGE][PASSED] - Call Test Case 'Test Cases/Olusturma/Genel/Olusturma' successfully

2021-11-18 12:21:39 - [MESSAGE][INFO] - Checking called Test Case

2021-11-18 12:21:39 - [MESSAGE][INFO] - Starting to call Test Case 'Test Cases/Olusturma/Genel/Olusturma'

2021-11-18 12:21:39 - [TEST_CASE][PASSED] - Test Cases/Olusturma/Genel/Olusturma: Test Cases/Olusturma/Genel/Olusturma

2021-11-18 12:21:39 - [TEST_STEP][PASSED] - driver = getWebDriver(): null

2021-11-18 12:21:39 - [TEST_STEP][PASSED] - action = new org.openqa.selenium.interactions.Actions(driver): null

2021-11-18 12:21:39 - [TEST_STEP][PASSED] - baslikElement = <not implemented yet for class: org.codehaus.groovy.ast.expr.EmptyExpression>: null

2021-11-18 12:21:39 - [TEST_STEP][PASSED] - sonElement = <not implemented yet for class: org.codehaus.groovy.ast.expr.EmptyExpression>: null

2021-11-18 12:21:39 - [TEST_STEP][PASSED] - attr = <not implemented yet for class: org.codehaus.groovy.ast.expr.EmptyExpression>: null

2021-11-18 12:21:39 - [TEST_STEP][PASSED] - a = 0: null

2021-11-18 12:21:39 - [TEST_STEP][PASSED] - elements = findWebElements(findTestObject("Object Repository/Olusturma/Genel/Olusturma/TabloBasliklari"), 10): Found 13 web elements with id: 'Object Repository/Olusturma/Genel/Olusturma/TabloBasliklari' located by 'By.cssSelector: div#divmalhizmet .dxgvTable_LECustomTheme td.dxgvHeader_LECustomTheme tr>td:nth-child(1)' in '10' second(s)

2021-11-18 12:21:39 - [MESSAGE][INFO] - Finding Test Object 'Object Repository/Olusturma/Genel/Olusturma/TabloBasliklari'

2021-11-18 12:21:39 - [MESSAGE][INFO] - Checking timeout

2021-11-18 12:21:39 - [MESSAGE][INFO] - Finding web element with id: 'Object Repository/Olusturma/Genel/Olusturma/TabloBasliklari' located by 'By.cssSelector: div#divmalhizmet .dxgvTable_LECustomTheme td.dxgvHeader_LECustomTheme tr>td:nth-child(1)' in '10' second(s)

2021-11-18 12:21:39 - [MESSAGE][INFO] - Smart Wait Function is triggered

2021-11-18 12:21:39 - [MESSAGE][INFO] - Found 13 web elements with id: 'Object Repository/Olusturma/Genel/Olusturma/TabloBasliklari' located by 'By.cssSelector: div#divmalhizmet .dxgvTable_LECustomTheme td.dxgvHeader_LECustomTheme tr>td:nth-child(1)' in '10' second(s)

2021-11-18 12:21:39 - [TEST_STEP][PASSED] - for (def element : elements): null

2021-11-18 12:21:39 - [TEST_STEP][PASSED] - build().perform(): null

2021-11-18 12:21:39 - [TEST_STEP][PASSED] - if (getText().equals(Baslik)): null

2021-11-18 12:21:39 - [TEST_STEP][PASSED] - build().perform(): null

2021-11-18 12:21:39 - [TEST_STEP][PASSED] - if (getText().equals(Baslik)): null

2021-11-18 12:21:39 - [TEST_STEP][PASSED] - baslikElement = element.findElement(By.xpath("../../../..")): Smart Wait Function is triggered

2021-11-18 12:21:39 - [MESSAGE][INFO] - Smart Wait Function is triggered

2021-11-18 12:21:40 - [TEST_STEP][PASSED] - attr = baslikElement.getAttribute("id"): null

2021-11-18 12:21:40 - [TEST_STEP][PASSED] - println("girdi ve idsini aldı = " + attr): null

2021-11-18 12:21:40 - [TEST_STEP][PASSED] - break: null

2021-11-18 12:21:40 - [TEST_STEP][PASSED] - countElement = baslikElement.findElements(By.xpath("../td")): Smart Wait Function is triggered

2021-11-18 12:21:40 - [MESSAGE][INFO] - Smart Wait Function is triggered

2021-11-18 12:21:40 - [TEST_STEP][PASSED] - for (def element : countElement): null

2021-11-18 12:21:40 - [TEST_STEP][PASSED] - if (toString().equals(attr.toString())): null

2021-11-18 12:21:40 - [TEST_STEP][PASSED] - (a++): null

2021-11-18 12:21:40 - [TEST_STEP][PASSED] - if (toString().equals(attr.toString())): null

2021-11-18 12:21:40 - [TEST_STEP][PASSED] - (a++): null

2021-11-18 12:21:40 - [TEST_STEP][PASSED] - if (toString().equals(attr.toString())): null

2021-11-18 12:21:40 - [TEST_STEP][PASSED] - break: null

2021-11-18 12:21:40 - [TEST_STEP][PASSED] - son = findWebElement(findTestObject("Object Repository/Olusturma/Genel/Olusturma/EklenenSatir")).findElement(By.xpath("td[@class='dxgvInlineEditCell_LECustomTheme dxgv'][" + a + "]//td[@class='dxic']/input")): Smart Wait Function is triggered

2021-11-18 12:21:40 - [MESSAGE][INFO] - Finding Test Object 'Object Repository/Olusturma/Genel/Olusturma/EklenenSatir'

2021-11-18 12:21:40 - [MESSAGE][INFO] - Finding web element from Test Object's properties

2021-11-18 12:21:40 - [MESSAGE][INFO] - Checking timeout

2021-11-18 12:21:40 - [MESSAGE][INFO] - Finding web element with id: 'Object Repository/Olusturma/Genel/Olusturma/EklenenSatir' located by 'By.cssSelector: #divmalhizmet .dxgvInlineEditRow_LECustomTheme' in '30' second(s)

2021-11-18 12:21:40 - [MESSAGE][INFO] - Smart Wait Function is triggered

2021-11-18 12:21:40 - [MESSAGE][INFO] - Found 1 web elements with id: 'Object Repository/Olusturma/Genel/Olusturma/EklenenSatir' located by 'By.cssSelector: #divmalhizmet .dxgvInlineEditRow_LECustomTheme' in '30' second(s)

2021-11-18 12:21:40 - [MESSAGE][INFO] - Smart Wait Function is triggered

2021-11-18 12:21:41 - [TEST_STEP][PASSED] - if (!(getAttribute("value").contains("Vkn"))): null

2021-11-18 12:21:41 - [TEST_STEP][PASSED] - son.clear(): null

2021-11-18 12:21:41 - [TEST_STEP][PASSED] - son.sendKeys(Deger): null

2021-11-18 12:21:41 - [MESSAGE][PASSED] - Call Test Case 'Test Cases/Olusturma/Genel/Olusturma' successfully

2021-11-18 12:21:41 - [MESSAGE][INFO] - Checking called Test Case

2021-11-18 12:21:41 - [MESSAGE][INFO] - Starting to call Test Case 'Test Cases/Olusturma/Genel/Olusturma'

2021-11-18 12:21:41 - [TEST_CASE][PASSED] - Test Cases/Olusturma/Genel/Olusturma: Test Cases/Olusturma/Genel/Olusturma

2021-11-18 12:21:41 - [TEST_STEP][PASSED] - driver = getWebDriver(): null

2021-11-18 12:21:41 - [TEST_STEP][PASSED] - action = new org.openqa.selenium.interactions.Actions(driver): null

2021-11-18 12:21:41 - [TEST_STEP][PASSED] - baslikElement = <not implemented yet for class: org.codehaus.groovy.ast.expr.EmptyExpression>: null

2021-11-18 12:21:41 - [TEST_STEP][PASSED] - sonElement = <not implemented yet for class: org.codehaus.groovy.ast.expr.EmptyExpression>: null

2021-11-18 12:21:41 - [TEST_STEP][PASSED] - attr = <not implemented yet for class: org.codehaus.groovy.ast.expr.EmptyExpression>: null

2021-11-18 12:21:41 - [TEST_STEP][PASSED] - a = 0: null

2021-11-18 12:21:41 - [TEST_STEP][PASSED] - elements = findWebElements(findTestObject("Object Repository/Olusturma/Genel/Olusturma/TabloBasliklari"), 10): Found 13 web elements with id: 'Object Repository/Olusturma/Genel/Olusturma/TabloBasliklari' located by 'By.cssSelector: div#divmalhizmet .dxgvTable_LECustomTheme td.dxgvHeader_LECustomTheme tr>td:nth-child(1)' in '10' second(s)

2021-11-18 12:21:41 - [MESSAGE][INFO] - Finding Test Object 'Object Repository/Olusturma/Genel/Olusturma/TabloBasliklari'

2021-11-18 12:21:41 - [MESSAGE][INFO] - Checking timeout

2021-11-18 12:21:41 - [MESSAGE][INFO] - Finding web element with id: 'Object Repository/Olusturma/Genel/Olusturma/TabloBasliklari' located by 'By.cssSelector: div#divmalhizmet .dxgvTable_LECustomTheme td.dxgvHeader_LECustomTheme tr>td:nth-child(1)' in '10' second(s)

2021-11-18 12:21:41 - [MESSAGE][INFO] - Smart Wait Function is triggered

2021-11-18 12:21:41 - [MESSAGE][INFO] - Found 13 web elements with id: 'Object Repository/Olusturma/Genel/Olusturma/TabloBasliklari' located by 'By.cssSelector: div#divmalhizmet .dxgvTable_LECustomTheme td.dxgvHeader_LECustomTheme tr>td:nth-child(1)' in '10' second(s)

2021-11-18 12:21:41 - [TEST_STEP][PASSED] - for (def element : elements): null

2021-11-18 12:21:41 - [TEST_STEP][PASSED] - build().perform(): null

2021-11-18 12:21:41 - [TEST_STEP][PASSED] - if (getText().equals(Baslik)): null

2021-11-18 12:21:41 - [TEST_STEP][PASSED] - build().perform(): null

2021-11-18 12:21:41 - [TEST_STEP][PASSED] - if (getText().equals(Baslik)): null

2021-11-18 12:21:41 - [TEST_STEP][PASSED] - build().perform(): null

2021-11-18 12:21:42 - [TEST_STEP][PASSED] - if (getText().equals(Baslik)): null

2021-11-18 12:21:42 - [TEST_STEP][PASSED] - build().perform(): null

2021-11-18 12:21:42 - [TEST_STEP][PASSED] - if (getText().equals(Baslik)): null

2021-11-18 12:21:42 - [TEST_STEP][PASSED] - baslikElement = element.findElement(By.xpath("../../../..")): Smart Wait Function is triggered

2021-11-18 12:21:42 - [MESSAGE][INFO] - Smart Wait Function is triggered

2021-11-18 12:21:42 - [TEST_STEP][PASSED] - attr = baslikElement.getAttribute("id"): null

2021-11-18 12:21:42 - [TEST_STEP][PASSED] - println("girdi ve idsini aldı = " + attr): null

2021-11-18 12:21:42 - [TEST_STEP][PASSED] - break: null

2021-11-18 12:21:42 - [TEST_STEP][PASSED] - countElement = baslikElement.findElements(By.xpath("../td")): Smart Wait Function is triggered

2021-11-18 12:21:42 - [MESSAGE][INFO] - Smart Wait Function is triggered

2021-11-18 12:21:42 - [TEST_STEP][PASSED] - for (def element : countElement): null

2021-11-18 12:21:42 - [TEST_STEP][PASSED] - if (toString().equals(attr.toString())): null

2021-11-18 12:21:42 - [TEST_STEP][PASSED] - (a++): null

2021-11-18 12:21:42 - [TEST_STEP][PASSED] - if (toString().equals(attr.toString())): null

2021-11-18 12:21:42 - [TEST_STEP][PASSED] - (a++): null

2021-11-18 12:21:42 - [TEST_STEP][PASSED] - if (toString().equals(attr.toString())): null

2021-11-18 12:21:42 - [TEST_STEP][PASSED] - (a++): null

2021-11-18 12:21:42 - [TEST_STEP][PASSED] - if (toString().equals(attr.toString())): null

2021-11-18 12:21:42 - [TEST_STEP][PASSED] - (a++): null

2021-11-18 12:21:42 - [TEST_STEP][PASSED] - if (toString().equals(attr.toString())): null

2021-11-18 12:21:42 - [TEST_STEP][PASSED] - break: null

2021-11-18 12:21:42 - [TEST_STEP][PASSED] - son = findWebElement(findTestObject("Object Repository/Olusturma/Genel/Olusturma/EklenenSatir")).findElement(By.xpath("td[@class='dxgvInlineEditCell_LECustomTheme dxgv'][" + a + "]//td[@class='dxic']/input")): Smart Wait Function is triggered

2021-11-18 12:21:42 - [MESSAGE][INFO] - Finding Test Object 'Object Repository/Olusturma/Genel/Olusturma/EklenenSatir'

2021-11-18 12:21:42 - [MESSAGE][INFO] - Finding web element from Test Object's properties

2021-11-18 12:21:42 - [MESSAGE][INFO] - Checking timeout

2021-11-18 12:21:42 - [MESSAGE][INFO] - Finding web element with id: 'Object Repository/Olusturma/Genel/Olusturma/EklenenSatir' located by 'By.cssSelector: #divmalhizmet .dxgvInlineEditRow_LECustomTheme' in '30' second(s)

2021-11-18 12:21:42 - [MESSAGE][INFO] - Smart Wait Function is triggered

2021-11-18 12:21:43 - [MESSAGE][INFO] - Found 1 web elements with id: 'Object Repository/Olusturma/Genel/Olusturma/EklenenSatir' located by 'By.cssSelector: #divmalhizmet .dxgvInlineEditRow_LECustomTheme' in '30' second(s)

2021-11-18 12:21:43 - [MESSAGE][INFO] - Smart Wait Function is triggered

2021-11-18 12:21:43 - [TEST_STEP][PASSED] - if (!(getAttribute("value").contains("Vkn"))): null

2021-11-18 12:21:43 - [TEST_STEP][PASSED] - son.clear(): null

2021-11-18 12:21:43 - [TEST_STEP][PASSED] - son.sendKeys(Deger): null

2021-11-18 12:21:43 - [MESSAGE][PASSED] - Call Test Case 'Test Cases/Olusturma/Genel/Olusturma' successfully

2021-11-18 12:21:43 - [MESSAGE][INFO] - Checking called Test Case

2021-11-18 12:21:43 - [MESSAGE][INFO] - Starting to call Test Case 'Test Cases/Olusturma/Genel/Olusturma'

2021-11-18 12:21:43 - [TEST_CASE][PASSED] - Test Cases/Olusturma/Genel/Olusturma: Test Cases/Olusturma/Genel/Olusturma

2021-11-18 12:21:43 - [TEST_STEP][PASSED] - driver = getWebDriver(): null

2021-11-18 12:21:43 - [TEST_STEP][PASSED] - action = new org.openqa.selenium.interactions.Actions(driver): null

2021-11-18 12:21:43 - [TEST_STEP][PASSED] - baslikElement = <not implemented yet for class: org.codehaus.groovy.ast.expr.EmptyExpression>: null

2021-11-18 12:21:43 - [TEST_STEP][PASSED] - sonElement = <not implemented yet for class: org.codehaus.groovy.ast.expr.EmptyExpression>: null

2021-11-18 12:21:43 - [TEST_STEP][PASSED] - attr = <not implemented yet for class: org.codehaus.groovy.ast.expr.EmptyExpression>: null

2021-11-18 12:21:43 - [TEST_STEP][PASSED] - a = 0: null

2021-11-18 12:21:43 - [TEST_STEP][PASSED] - elements = findWebElements(findTestObject("Object Repository/Olusturma/Genel/Olusturma/TabloBasliklari"), 10): Found 13 web elements with id: 'Object Repository/Olusturma/Genel/Olusturma/TabloBasliklari' located by 'By.cssSelector: div#divmalhizmet .dxgvTable_LECustomTheme td.dxgvHeader_LECustomTheme tr>td:nth-child(1)' in '10' second(s)

2021-11-18 12:21:43 - [MESSAGE][INFO] - Finding Test Object 'Object Repository/Olusturma/Genel/Olusturma/TabloBasliklari'

2021-11-18 12:21:43 - [MESSAGE][INFO] - Checking timeout

2021-11-18 12:21:43 - [MESSAGE][INFO] - Finding web element with id: 'Object Repository/Olusturma/Genel/Olusturma/TabloBasliklari' located by 'By.cssSelector: div#divmalhizmet .dxgvTable_LECustomTheme td.dxgvHeader_LECustomTheme tr>td:nth-child(1)' in '10' second(s)

2021-11-18 12:21:43 - [MESSAGE][INFO] - Smart Wait Function is triggered

2021-11-18 12:21:44 - [MESSAGE][INFO] - Found 13 web elements with id: 'Object Repository/Olusturma/Genel/Olusturma/TabloBasliklari' located by 'By.cssSelector: div#divmalhizmet .dxgvTable_LECustomTheme td.dxgvHeader_LECustomTheme tr>td:nth-child(1)' in '10' second(s)

2021-11-18 12:21:44 - [TEST_STEP][PASSED] - for (def element : elements): null

2021-11-18 12:21:44 - [TEST_STEP][PASSED] - build().perform(): null

2021-11-18 12:21:44 - [TEST_STEP][PASSED] - if (getText().equals(Baslik)): null

2021-11-18 12:21:44 - [TEST_STEP][PASSED] - build().perform(): null

2021-11-18 12:21:44 - [TEST_STEP][PASSED] - if (getText().equals(Baslik)): null

2021-11-18 12:21:44 - [TEST_STEP][PASSED] - build().perform(): null

2021-11-18 12:21:44 - [TEST_STEP][PASSED] - if (getText().equals(Baslik)): null

2021-11-18 12:21:44 - [TEST_STEP][PASSED] - build().perform(): null

2021-11-18 12:21:44 - [TEST_STEP][PASSED] - if (getText().equals(Baslik)): null

2021-11-18 12:21:44 - [TEST_STEP][PASSED] - build().perform(): null

2021-11-18 12:21:44 - [TEST_STEP][PASSED] - if (getText().equals(Baslik)): null

2021-11-18 12:21:44 - [TEST_STEP][PASSED] - build().perform(): null

2021-11-18 12:21:44 - [TEST_STEP][PASSED] - if (getText().equals(Baslik)): null

2021-11-18 12:21:45 - [TEST_STEP][PASSED] - baslikElement = element.findElement(By.xpath("../../../..")): Smart Wait Function is triggered

2021-11-18 12:21:45 - [MESSAGE][INFO] - Smart Wait Function is triggered

2021-11-18 12:21:45 - [TEST_STEP][PASSED] - attr = baslikElement.getAttribute("id"): null

2021-11-18 12:21:45 - [TEST_STEP][PASSED] - println("girdi ve idsini aldı = " + attr): null

2021-11-18 12:21:45 - [TEST_STEP][PASSED] - break: null

2021-11-18 12:21:45 - [TEST_STEP][PASSED] - countElement = baslikElement.findElements(By.xpath("../td")): Smart Wait Function is triggered

2021-11-18 12:21:45 - [MESSAGE][INFO] - Smart Wait Function is triggered

2021-11-18 12:21:45 - [TEST_STEP][PASSED] - for (def element : countElement): null

2021-11-18 12:21:45 - [TEST_STEP][PASSED] - if (toString().equals(attr.toString())): null

2021-11-18 12:21:45 - [TEST_STEP][PASSED] - (a++): null

2021-11-18 12:21:45 - [TEST_STEP][PASSED] - if (toString().equals(attr.toString())): null

2021-11-18 12:21:45 - [TEST_STEP][PASSED] - (a++): null

2021-11-18 12:21:45 - [TEST_STEP][PASSED] - if (toString().equals(attr.toString())): null

2021-11-18 12:21:45 - [TEST_STEP][PASSED] - (a++): null

2021-11-18 12:21:45 - [TEST_STEP][PASSED] - if (toString().equals(attr.toString())): null

2021-11-18 12:21:45 - [TEST_STEP][PASSED] - (a++): null

2021-11-18 12:21:45 - [TEST_STEP][PASSED] - if (toString().equals(attr.toString())): null

2021-11-18 12:21:45 - [TEST_STEP][PASSED] - (a++): null

2021-11-18 12:21:45 - [TEST_STEP][PASSED] - if (toString().equals(attr.toString())): null

2021-11-18 12:21:45 - [TEST_STEP][PASSED] - (a++): null

2021-11-18 12:21:45 - [TEST_STEP][PASSED] - if (toString().equals(attr.toString())): null

2021-11-18 12:21:45 - [TEST_STEP][PASSED] - break: null

2021-11-18 12:21:45 - [TEST_STEP][PASSED] - son = findWebElement(findTestObject("Object Repository/Olusturma/Genel/Olusturma/EklenenSatir")).findElement(By.xpath("td[@class='dxgvInlineEditCell_LECustomTheme dxgv'][" + a + "]//td[@class='dxic']/input")): Smart Wait Function is triggered

2021-11-18 12:21:45 - [MESSAGE][INFO] - Finding Test Object 'Object Repository/Olusturma/Genel/Olusturma/EklenenSatir'

2021-11-18 12:21:45 - [MESSAGE][INFO] - Finding web element from Test Object's properties

2021-11-18 12:21:45 - [MESSAGE][INFO] - Checking timeout

2021-11-18 12:21:45 - [MESSAGE][INFO] - Finding web element with id: 'Object Repository/Olusturma/Genel/Olusturma/EklenenSatir' located by 'By.cssSelector: #divmalhizmet .dxgvInlineEditRow_LECustomTheme' in '30' second(s)

2021-11-18 12:21:45 - [MESSAGE][INFO] - Smart Wait Function is triggered

2021-11-18 12:21:46 - [MESSAGE][INFO] - Found 1 web elements with id: 'Object Repository/Olusturma/Genel/Olusturma/EklenenSatir' located by 'By.cssSelector: #divmalhizmet .dxgvInlineEditRow_LECustomTheme' in '30' second(s)

2021-11-18 12:21:46 - [MESSAGE][INFO] - Smart Wait Function is triggered

2021-11-18 12:21:46 - [TEST_STEP][PASSED] - if (!(getAttribute("value").contains("Vkn"))): null

2021-11-18 12:21:46 - [TEST_STEP][PASSED] - son.clear(): null

2021-11-18 12:21:46 - [TEST_STEP][PASSED] - son.sendKeys(Deger): null

2021-11-18 12:21:46 - [MESSAGE][PASSED] - Call Test Case 'Test Cases/Olusturma/Genel/Olusturma' successfully

2021-11-18 12:21:46 - [MESSAGE][INFO] - Checking called Test Case

2021-11-18 12:21:46 - [MESSAGE][INFO] - Starting to call Test Case 'Test Cases/Olusturma/Genel/Olusturma'

2021-11-18 12:21:46 - [TEST_CASE][PASSED] - Test Cases/Olusturma/Genel/Olusturma: Test Cases/Olusturma/Genel/Olusturma

2021-11-18 12:21:46 - [TEST_STEP][PASSED] - driver = getWebDriver(): null

2021-11-18 12:21:46 - [TEST_STEP][PASSED] - action = new org.openqa.selenium.interactions.Actions(driver): null

2021-11-18 12:21:46 - [TEST_STEP][PASSED] - baslikElement = <not implemented yet for class: org.codehaus.groovy.ast.expr.EmptyExpression>: null

2021-11-18 12:21:46 - [TEST_STEP][PASSED] - sonElement = <not implemented yet for class: org.codehaus.groovy.ast.expr.EmptyExpression>: null

2021-11-18 12:21:46 - [TEST_STEP][PASSED] - attr = <not implemented yet for class: org.codehaus.groovy.ast.expr.EmptyExpression>: null

2021-11-18 12:21:46 - [TEST_STEP][PASSED] - a = 0: null

2021-11-18 12:21:46 - [TEST_STEP][PASSED] - elements = findWebElements(findTestObject("Object Repository/Olusturma/Genel/Olusturma/TabloBasliklari"), 10): Found 13 web elements with id: 'Object Repository/Olusturma/Genel/Olusturma/TabloBasliklari' located by 'By.cssSelector: div#divmalhizmet .dxgvTable_LECustomTheme td.dxgvHeader_LECustomTheme tr>td:nth-child(1)' in '10' second(s)

2021-11-18 12:21:46 - [MESSAGE][INFO] - Finding Test Object 'Object Repository/Olusturma/Genel/Olusturma/TabloBasliklari'

2021-11-18 12:21:46 - [MESSAGE][INFO] - Checking timeout

2021-11-18 12:21:46 - [MESSAGE][INFO] - Finding web element with id: 'Object Repository/Olusturma/Genel/Olusturma/TabloBasliklari' located by 'By.cssSelector: div#divmalhizmet .dxgvTable_LECustomTheme td.dxgvHeader_LECustomTheme tr>td:nth-child(1)' in '10' second(s)

2021-11-18 12:21:46 - [MESSAGE][INFO] - Smart Wait Function is triggered

2021-11-18 12:21:46 - [MESSAGE][INFO] - Found 13 web elements with id: 'Object Repository/Olusturma/Genel/Olusturma/TabloBasliklari' located by 'By.cssSelector: div#divmalhizmet .dxgvTable_LECustomTheme td.dxgvHeader_LECustomTheme tr>td:nth-child(1)' in '10' second(s)

2021-11-18 12:21:46 - [TEST_STEP][PASSED] - for (def element : elements): null

2021-11-18 12:21:46 - [TEST_STEP][PASSED] - build().perform(): null

2021-11-18 12:21:47 - [TEST_STEP][PASSED] - if (getText().equals(Baslik)): null

2021-11-18 12:21:47 - [TEST_STEP][PASSED] - build().perform(): null

2021-11-18 12:21:47 - [TEST_STEP][PASSED] - if (getText().equals(Baslik)): null

2021-11-18 12:21:47 - [TEST_STEP][PASSED] - build().perform(): null

2021-11-18 12:21:47 - [TEST_STEP][PASSED] - if (getText().equals(Baslik)): null

2021-11-18 12:21:47 - [TEST_STEP][PASSED] - build().perform(): null

2021-11-18 12:21:47 - [TEST_STEP][PASSED] - if (getText().equals(Baslik)): null

2021-11-18 12:21:47 - [TEST_STEP][PASSED] - build().perform(): null

2021-11-18 12:21:47 - [TEST_STEP][PASSED] - if (getText().equals(Baslik)): null

2021-11-18 12:21:47 - [TEST_STEP][PASSED] - build().perform(): null

2021-11-18 12:21:47 - [TEST_STEP][PASSED] - if (getText().equals(Baslik)): null

2021-11-18 12:21:47 - [TEST_STEP][PASSED] - build().perform(): null

2021-11-18 12:21:47 - [TEST_STEP][PASSED] - if (getText().equals(Baslik)): null

2021-11-18 12:21:47 - [TEST_STEP][PASSED] - baslikElement = element.findElement(By.xpath("../../../..")): Smart Wait Function is triggered

2021-11-18 12:21:47 - [MESSAGE][INFO] - Smart Wait Function is triggered

2021-11-18 12:21:48 - [TEST_STEP][PASSED] - attr = baslikElement.getAttribute("id"): null

2021-11-18 12:21:48 - [TEST_STEP][PASSED] - println("girdi ve idsini aldı = " + attr): null

2021-11-18 12:21:48 - [TEST_STEP][PASSED] - break: null

2021-11-18 12:21:48 - [TEST_STEP][PASSED] - countElement = baslikElement.findElements(By.xpath("../td")): Smart Wait Function is triggered

2021-11-18 12:21:48 - [MESSAGE][INFO] - Smart Wait Function is triggered

2021-11-18 12:21:48 - [TEST_STEP][PASSED] - for (def element : countElement): null

2021-11-18 12:21:48 - [TEST_STEP][PASSED] - if (toString().equals(attr.toString())): null

2021-11-18 12:21:48 - [TEST_STEP][PASSED] - (a++): null

2021-11-18 12:21:48 - [TEST_STEP][PASSED] - if (toString().equals(attr.toString())): null

2021-11-18 12:21:48 - [TEST_STEP][PASSED] - (a++): null

2021-11-18 12:21:48 - [TEST_STEP][PASSED] - if (toString().equals(attr.toString())): null

2021-11-18 12:21:48 - [TEST_STEP][PASSED] - (a++): null

2021-11-18 12:21:48 - [TEST_STEP][PASSED] - if (toString().equals(attr.toString())): null

2021-11-18 12:21:48 - [TEST_STEP][PASSED] - (a++): null

2021-11-18 12:21:48 - [TEST_STEP][PASSED] - if (toString().equals(attr.toString())): null

2021-11-18 12:21:48 - [TEST_STEP][PASSED] - (a++): null

2021-11-18 12:21:48 - [TEST_STEP][PASSED] - if (toString().equals(attr.toString())): null

2021-11-18 12:21:48 - [TEST_STEP][PASSED] - (a++): null

2021-11-18 12:21:48 - [TEST_STEP][PASSED] - if (toString().equals(attr.toString())): null

2021-11-18 12:21:48 - [TEST_STEP][PASSED] - (a++): null

2021-11-18 12:21:48 - [TEST_STEP][PASSED] - if (toString().equals(attr.toString())): null

2021-11-18 12:21:48 - [TEST_STEP][PASSED] - break: null

2021-11-18 12:21:48 - [TEST_STEP][PASSED] - son = findWebElement(findTestObject("Object Repository/Olusturma/Genel/Olusturma/EklenenSatir")).findElement(By.xpath("td[@class='dxgvInlineEditCell_LECustomTheme dxgv'][" + a + "]//td[@class='dxic']/input")): Smart Wait Function is triggered

2021-11-18 12:21:48 - [MESSAGE][INFO] - Finding Test Object 'Object Repository/Olusturma/Genel/Olusturma/EklenenSatir'

2021-11-18 12:21:48 - [MESSAGE][INFO] - Finding web element from Test Object's properties

2021-11-18 12:21:48 - [MESSAGE][INFO] - Checking timeout

2021-11-18 12:21:48 - [MESSAGE][INFO] - Finding web element with id: 'Object Repository/Olusturma/Genel/Olusturma/EklenenSatir' located by 'By.cssSelector: #divmalhizmet .dxgvInlineEditRow_LECustomTheme' in '30' second(s)

2021-11-18 12:21:48 - [MESSAGE][INFO] - Smart Wait Function is triggered

2021-11-18 12:21:48 - [MESSAGE][INFO] - Found 1 web elements with id: 'Object Repository/Olusturma/Genel/Olusturma/EklenenSatir' located by 'By.cssSelector: #divmalhizmet .dxgvInlineEditRow_LECustomTheme' in '30' second(s)

2021-11-18 12:21:48 - [MESSAGE][INFO] - Smart Wait Function is triggered

2021-11-18 12:21:49 - [TEST_STEP][PASSED] - if (!(getAttribute("value").contains("Vkn"))): null

2021-11-18 12:21:49 - [TEST_STEP][PASSED] - son.clear(): null

2021-11-18 12:21:49 - [TEST_STEP][PASSED] - son.sendKeys(Deger): null

2021-11-18 12:21:49 - [MESSAGE][PASSED] - Call Test Case 'Test Cases/Olusturma/Genel/Olusturma' successfully

2021-11-18 12:21:49 - [MESSAGE][INFO] - Checking called Test Case

2021-11-18 12:21:49 - [MESSAGE][INFO] - Starting to call Test Case 'Test Cases/Olusturma/Genel/NotGirilir'

2021-11-18 12:21:49 - [TEST_CASE][PASSED] - Test Cases/Olusturma/Genel/NotGirilir: Test Cases/Olusturma/Genel/NotGirilir

2021-11-18 12:21:49 - [TEST_STEP][PASSED] - i = 0: null

2021-11-18 12:21:49 - [TEST_STEP][PASSED] - waitForElementClickable(findTestObject("Olusturma/Genel/Not/Notlar"), 10): Object 'Object Repository/Olusturma/Genel/Not/Notlar' is clickable

2021-11-18 12:21:49 - [MESSAGE][INFO] - Finding Test Object 'Object Repository/Olusturma/Genel/Not/Notlar'

2021-11-18 12:21:49 - [MESSAGE][INFO] - Checking object

2021-11-18 12:21:49 - [MESSAGE][INFO] - Checking timeout

2021-11-18 12:21:49 - [MESSAGE][INFO] - Finding web element from Test Object's properties

2021-11-18 12:21:49 - [MESSAGE][INFO] - Checking timeout

2021-11-18 12:21:49 - [MESSAGE][INFO] - Finding web element with id: 'Object Repository/Olusturma/Genel/Not/Notlar' located by 'By.xpath: //*[@id = 'txtNote_I']' in '10' second(s)

2021-11-18 12:21:49 - [MESSAGE][INFO] - Smart Wait Function is triggered

2021-11-18 12:21:49 - [MESSAGE][INFO] - Found 1 web elements with id: 'Object Repository/Olusturma/Genel/Not/Notlar' located by 'By.xpath: //*[@id = 'txtNote_I']' in '10' second(s)

2021-11-18 12:21:49 - [MESSAGE][PASSED] - Object 'Object Repository/Olusturma/Genel/Not/Notlar' is clickable

2021-11-18 12:21:49 - [TEST_STEP][PASSED] - clearText(findTestObject("Olusturma/Genel/Not/Notlar")): Text of object 'Object Repository/Olusturma/Genel/Not/Notlar' is cleared

2021-11-18 12:21:49 - [MESSAGE][INFO] - Finding Test Object 'Object Repository/Olusturma/Genel/Not/Notlar'

2021-11-18 12:21:49 - [MESSAGE][INFO] - Checking object

2021-11-18 12:21:49 - [MESSAGE][INFO] - Finding web element from Test Object's properties

2021-11-18 12:21:49 - [MESSAGE][INFO] - Checking timeout

2021-11-18 12:21:49 - [MESSAGE][INFO] - Finding web element with id: 'Object Repository/Olusturma/Genel/Not/Notlar' located by 'By.xpath: //*[@id = 'txtNote_I']' in '30' second(s)

2021-11-18 12:21:49 - [MESSAGE][INFO] - Smart Wait Function is triggered

2021-11-18 12:21:50 - [MESSAGE][INFO] - Found 1 web elements with id: 'Object Repository/Olusturma/Genel/Not/Notlar' located by 'By.xpath: //*[@id = 'txtNote_I']' in '30' second(s)

2021-11-18 12:21:50 - [MESSAGE][INFO] - Clearing text of object 'Object Repository/Olusturma/Genel/Not/Notlar'

2021-11-18 12:21:50 - [MESSAGE][PASSED] - Text of object 'Object Repository/Olusturma/Genel/Not/Notlar' is cleared

2021-11-18 12:21:50 - [TEST_STEP][PASSED] - click(findTestObject("Olusturma/Genel/Not/Notlar")): Object: 'Object Repository/Olusturma/Genel/Not/Notlar' is clicked on

2021-11-18 12:21:50 - [MESSAGE][INFO] - Finding Test Object 'Object Repository/Olusturma/Genel/Not/Notlar'

2021-11-18 12:21:50 - [MESSAGE][INFO] - Checking object

2021-11-18 12:21:50 - [MESSAGE][INFO] - Finding web element from Test Object's properties

2021-11-18 12:21:50 - [MESSAGE][INFO] - Checking timeout

2021-11-18 12:21:50 - [MESSAGE][INFO] - Finding web element with id: 'Object Repository/Olusturma/Genel/Not/Notlar' located by 'By.xpath: //*[@id = 'txtNote_I']' in '30' second(s)

2021-11-18 12:21:50 - [MESSAGE][INFO] - Smart Wait Function is triggered

2021-11-18 12:21:50 - [MESSAGE][INFO] - Found 1 web elements with id: 'Object Repository/Olusturma/Genel/Not/Notlar' located by 'By.xpath: //*[@id = 'txtNote_I']' in '30' second(s)

2021-11-18 12:21:50 - [MESSAGE][INFO] - Clicking on object: 'Object Repository/Olusturma/Genel/Not/Notlar'

2021-11-18 12:21:50 - [MESSAGE][PASSED] - Object: 'Object Repository/Olusturma/Genel/Not/Notlar' is clicked on

2021-11-18 12:21:50 - [TEST_STEP][PASSED] - while (true): null

2021-11-18 12:21:50 - [TEST_STEP][PASSED] - delay(1): Delayed 1 second(s)

2021-11-18 12:21:50 - [MESSAGE][INFO] - Delaying browser in 1 second(s)

2021-11-18 12:21:51 - [MESSAGE][PASSED] - Delayed 1 second(s)

2021-11-18 12:21:51 - [TEST_STEP][PASSED] - ajaxIsComplete = executeJavaScript("return jQuery.active == 0", null): Execute JavaScript 'return jQuery.active == 0' successfully

2021-11-18 12:21:51 - [MESSAGE][PASSED] - Execute JavaScript 'return jQuery.active == 0' successfully

2021-11-18 12:21:51 - [TEST_STEP][PASSED] - if (ajaxIsComplete): null

2021-11-18 12:21:51 - [TEST_STEP][PASSED] - if (i > 10): null

2021-11-18 12:21:51 - [TEST_STEP][PASSED] - (i++): null

2021-11-18 12:21:51 - [TEST_STEP][PASSED] - delay(1): Delayed 1 second(s)

2021-11-18 12:21:51 - [MESSAGE][INFO] - Delaying browser in 1 second(s)

2021-11-18 12:21:52 - [MESSAGE][PASSED] - Delayed 1 second(s)

2021-11-18 12:21:52 - [TEST_STEP][PASSED] - ajaxIsComplete = executeJavaScript("return jQuery.active == 0", null): Execute JavaScript 'return jQuery.active == 0' successfully

2021-11-18 12:21:52 - [MESSAGE][PASSED] - Execute JavaScript 'return jQuery.active == 0' successfully

2021-11-18 12:21:52 - [TEST_STEP][PASSED] - if (ajaxIsComplete): null

2021-11-18 12:21:52 - [TEST_STEP][PASSED] - break: null

2021-11-18 12:21:52 - [TEST_STEP][PASSED] - sendKeys(findTestObject("Olusturma/Genel/Not/Notlar"), Not): Keys 'Otomasyon Not' sent to object: 'Object Repository/Olusturma/Genel/Not/Notlar'

2021-11-18 12:21:52 - [MESSAGE][INFO] - Finding Test Object 'Object Repository/Olusturma/Genel/Not/Notlar'

2021-11-18 12:21:52 - [MESSAGE][INFO] - Sending keys 'Otomasyon Not' to object: 'Object Repository/Olusturma/Genel/Not/Notlar'

2021-11-18 12:21:52 - [MESSAGE][INFO] - Finding web element from Test Object's properties

2021-11-18 12:21:52 - [MESSAGE][INFO] - Checking timeout

2021-11-18 12:21:52 - [MESSAGE][INFO] - Finding web element with id: 'Object Repository/Olusturma/Genel/Not/Notlar' located by 'By.xpath: //*[@id = 'txtNote_I']' in '30' second(s)

2021-11-18 12:21:52 - [MESSAGE][INFO] - Smart Wait Function is triggered

2021-11-18 12:21:53 - [MESSAGE][INFO] - Found 1 web elements with id: 'Object Repository/Olusturma/Genel/Not/Notlar' located by 'By.xpath: //*[@id = 'txtNote_I']' in '30' second(s)

2021-11-18 12:21:53 - [MESSAGE][PASSED] - Keys 'Otomasyon Not' sent to object: 'Object Repository/Olusturma/Genel/Not/Notlar'

2021-11-18 12:21:53 - [MESSAGE][PASSED] - Call Test Case 'Test Cases/Olusturma/Genel/NotGirilir' successfully

2021-11-18 12:21:53 - [MESSAGE][INFO] - Checking called Test Case

2021-11-18 12:21:53 - [MESSAGE][INFO] - Starting to call Test Case 'Test Cases/Olusturma/Genel/EttnBilgisiKayitEdilir'

2021-11-18 12:21:53 - [TEST_CASE][PASSED] - Test Cases/Olusturma/Genel/EttnBilgisiKayitEdilir: Test Cases/Olusturma/Genel/EttnBilgisiKayitEdilir

2021-11-18 12:21:53 - [TEST_STEP][PASSED] - verifyElementPresent(findTestObject("Object Repository/Olusturma/Genel/Olusturma/eArsivEttnBilgisi"), 7): Object 'Object Repository/Olusturma/Genel/Olusturma/eArsivEttnBilgisi' is present

2021-11-18 12:21:53 - [MESSAGE][INFO] - Finding Test Object 'Object Repository/Olusturma/Genel/Olusturma/eArsivEttnBilgisi'

2021-11-18 12:21:53 - [MESSAGE][INFO] - Checking object

2021-11-18 12:21:53 - [MESSAGE][INFO] - Finding web element from Test Object's properties

2021-11-18 12:21:53 - [MESSAGE][INFO] - Checking timeout

2021-11-18 12:21:53 - [MESSAGE][INFO] - Finding web element with id: 'Object Repository/Olusturma/Genel/Olusturma/eArsivEttnBilgisi' located by 'By.xpath: //*[@id = 'Uuid_I']' in '7' second(s)

2021-11-18 12:21:53 - [MESSAGE][INFO] - Smart Wait Function is triggered

2021-11-18 12:21:53 - [MESSAGE][INFO] - Found 1 web elements with id: 'Object Repository/Olusturma/Genel/Olusturma/eArsivEttnBilgisi' located by 'By.xpath: //*[@id = 'Uuid_I']' in '7' second(s)

2021-11-18 12:21:53 - [MESSAGE][PASSED] - Object 'Object Repository/Olusturma/Genel/Olusturma/eArsivEttnBilgisi' is present

2021-11-18 12:21:53 - [TEST_STEP][PASSED] - ettn = getAttribute(findTestObject("Object Repository/Olusturma/Genel/Olusturma/eArsivEttnBilgisi"), "value"): Attribute 'value' of object 'Object Repository/Olusturma/Genel/Olusturma/eArsivEttnBilgisi' is: 'bcdc804f-ce80-4bb5-8318-d7cecc8b9a81'

2021-11-18 12:21:53 - [MESSAGE][INFO] - Finding Test Object 'Object Repository/Olusturma/Genel/Olusturma/eArsivEttnBilgisi'

2021-11-18 12:21:53 - [MESSAGE][INFO] - Checking object

2021-11-18 12:21:53 - [MESSAGE][INFO] - Checking attribute

2021-11-18 12:21:53 - [MESSAGE][INFO] - Finding web element from Test Object's properties

2021-11-18 12:21:53 - [MESSAGE][INFO] - Checking timeout

2021-11-18 12:21:53 - [MESSAGE][INFO] - Finding web element with id: 'Object Repository/Olusturma/Genel/Olusturma/eArsivEttnBilgisi' located by 'By.xpath: //*[@id = 'Uuid_I']' in '30' second(s)

2021-11-18 12:21:53 - [MESSAGE][INFO] - Smart Wait Function is triggered

2021-11-18 12:21:53 - [MESSAGE][INFO] - Found 1 web elements with id: 'Object Repository/Olusturma/Genel/Olusturma/eArsivEttnBilgisi' located by 'By.xpath: //*[@id = 'Uuid_I']' in '30' second(s)

2021-11-18 12:21:53 - [MESSAGE][INFO] - Getting attribute 'value' of object 'Object Repository/Olusturma/Genel/Olusturma/eArsivEttnBilgisi'

2021-11-18 12:21:53 - [MESSAGE][PASSED] - Attribute 'value' of object 'Object Repository/Olusturma/Genel/Olusturma/eArsivEttnBilgisi' is: 'bcdc804f-ce80-4bb5-8318-d7cecc8b9a81'

2021-11-18 12:21:53 - [MESSAGE][PASSED] - Call Test Case 'Test Cases/Olusturma/Genel/EttnBilgisiKayitEdilir' successfully

2021-11-18 12:21:53 - [MESSAGE][INFO] - Checking called Test Case

2021-11-18 12:21:53 - [MESSAGE][INFO] - Starting to call Test Case 'Test Cases/Olusturma/Genel/KaydetButonunaTiklanir'

2021-11-18 12:21:53 - [TEST_CASE][PASSED] - Test Cases/Olusturma/Genel/KaydetButonunaTiklanir: Test Cases/Olusturma/Genel/KaydetButonunaTiklanir

2021-11-18 12:21:53 - [TEST_STEP][PASSED] - i = 0: null

2021-11-18 12:21:53 - [TEST_STEP][PASSED] - waitForElementPresent(findTestObject("Olusturma/Genel/Not/Notlar"), 10): Object 'Object Repository/Olusturma/Genel/Not/Notlar' is present

2021-11-18 12:21:53 - [MESSAGE][INFO] - Finding Test Object 'Object Repository/Olusturma/Genel/Not/Notlar'

2021-11-18 12:21:54 - [MESSAGE][INFO] - Checking object

2021-11-18 12:21:54 - [MESSAGE][INFO] - Finding web element from Test Object's properties

2021-11-18 12:21:54 - [MESSAGE][INFO] - Checking timeout

2021-11-18 12:21:54 - [MESSAGE][INFO] - Finding web element with id: 'Object Repository/Olusturma/Genel/Not/Notlar' located by 'By.xpath: //*[@id = 'txtNote_I']' in '10' second(s)

2021-11-18 12:21:54 - [MESSAGE][INFO] - Smart Wait Function is triggered

2021-11-18 12:21:54 - [MESSAGE][INFO] - Found 1 web elements with id: 'Object Repository/Olusturma/Genel/Not/Notlar' located by 'By.xpath: //*[@id = 'txtNote_I']' in '10' second(s)

2021-11-18 12:21:54 - [MESSAGE][PASSED] - Object 'Object Repository/Olusturma/Genel/Not/Notlar' is present

2021-11-18 12:21:54 - [TEST_STEP][PASSED] - click(findTestObject("Olusturma/Genel/Not/Notlar")): Object: 'Object Repository/Olusturma/Genel/Not/Notlar' is clicked on

2021-11-18 12:21:54 - [MESSAGE][INFO] - Finding Test Object 'Object Repository/Olusturma/Genel/Not/Notlar'

2021-11-18 12:21:54 - [MESSAGE][INFO] - Checking object

2021-11-18 12:21:54 - [MESSAGE][INFO] - Finding web element from Test Object's properties

2021-11-18 12:21:54 - [MESSAGE][INFO] - Checking timeout

2021-11-18 12:21:54 - [MESSAGE][INFO] - Finding web element with id: 'Object Repository/Olusturma/Genel/Not/Notlar' located by 'By.xpath: //*[@id = 'txtNote_I']' in '30' second(s)

2021-11-18 12:21:54 - [MESSAGE][INFO] - Smart Wait Function is triggered

2021-11-18 12:21:54 - [MESSAGE][INFO] - Found 1 web elements with id: 'Object Repository/Olusturma/Genel/Not/Notlar' located by 'By.xpath: //*[@id = 'txtNote_I']' in '30' second(s)

2021-11-18 12:21:54 - [MESSAGE][INFO] - Clicking on object: 'Object Repository/Olusturma/Genel/Not/Notlar'

2021-11-18 12:21:54 - [MESSAGE][PASSED] - Object: 'Object Repository/Olusturma/Genel/Not/Notlar' is clicked on

2021-11-18 12:21:54 - [TEST_STEP][PASSED] - while (true): null

2021-11-18 12:21:54 - [TEST_STEP][PASSED] - delay(1): Delayed 1 second(s)

2021-11-18 12:21:54 - [MESSAGE][INFO] - Delaying browser in 1 second(s)

2021-11-18 12:21:55 - [MESSAGE][PASSED] - Delayed 1 second(s)

2021-11-18 12:21:55 - [TEST_STEP][PASSED] - ajaxIsComplete = executeJavaScript("return jQuery.active == 0", null): Execute JavaScript 'return jQuery.active == 0' successfully

2021-11-18 12:21:55 - [MESSAGE][PASSED] - Execute JavaScript 'return jQuery.active == 0' successfully

2021-11-18 12:21:55 - [TEST_STEP][PASSED] - if (ajaxIsComplete): null

2021-11-18 12:21:55 - [TEST_STEP][PASSED] - break: null

2021-11-18 12:21:55 - [TEST_STEP][PASSED] - waitForElementClickable(findTestObject("Object Repository/Olusturma/Genel/Buton"), 10): Object 'Object Repository/Olusturma/Genel/Buton' is clickable

2021-11-18 12:21:55 - [MESSAGE][INFO] - Finding Test Object 'Object Repository/Olusturma/Genel/Buton'

2021-11-18 12:21:55 - [MESSAGE][INFO] - Checking object

2021-11-18 12:21:55 - [MESSAGE][INFO] - Checking timeout

2021-11-18 12:21:55 - [MESSAGE][INFO] - Finding web element from Test Object's properties

2021-11-18 12:21:55 - [MESSAGE][INFO] - Checking timeout

2021-11-18 12:21:55 - [MESSAGE][INFO] - Finding web element with id: 'Object Repository/Olusturma/Genel/Buton' located by 'By.xpath: //*[@id = 'btnKaydet']' in '10' second(s)

2021-11-18 12:21:55 - [MESSAGE][INFO] - Smart Wait Function is triggered

2021-11-18 12:21:56 - [MESSAGE][INFO] - Found 1 web elements with id: 'Object Repository/Olusturma/Genel/Buton' located by 'By.xpath: //*[@id = 'btnKaydet']' in '10' second(s)

2021-11-18 12:21:56 - [MESSAGE][PASSED] - Object 'Object Repository/Olusturma/Genel/Buton' is clickable

2021-11-18 12:21:56 - [TEST_STEP][PASSED] - click(findTestObject("Object Repository/Olusturma/Genel/Buton")): Object: 'Object Repository/Olusturma/Genel/Buton' is clicked on

2021-11-18 12:21:56 - [MESSAGE][INFO] - Finding Test Object 'Object Repository/Olusturma/Genel/Buton'

2021-11-18 12:21:56 - [MESSAGE][INFO] - Checking object

2021-11-18 12:21:56 - [MESSAGE][INFO] - Finding web element from Test Object's properties

2021-11-18 12:21:56 - [MESSAGE][INFO] - Checking timeout

2021-11-18 12:21:56 - [MESSAGE][INFO] - Finding web element with id: 'Object Repository/Olusturma/Genel/Buton' located by 'By.xpath: //*[@id = 'btnKaydet']' in '30' second(s)

2021-11-18 12:21:56 - [MESSAGE][INFO] - Smart Wait Function is triggered

2021-11-18 12:21:56 - [MESSAGE][INFO] - Found 1 web elements with id: 'Object Repository/Olusturma/Genel/Buton' located by 'By.xpath: //*[@id = 'btnKaydet']' in '30' second(s)

2021-11-18 12:21:56 - [MESSAGE][INFO] - Clicking on object: 'Object Repository/Olusturma/Genel/Buton'

2021-11-18 12:21:58 - [MESSAGE][PASSED] - Object: 'Object Repository/Olusturma/Genel/Buton' is clicked on

2021-11-18 12:21:58 - [MESSAGE][PASSED] - Call Test Case 'Test Cases/Olusturma/Genel/KaydetButonunaTiklanir' successfully

2021-11-18 12:21:58 - [MESSAGE][INFO] - Checking called Test Case

2021-11-18 12:21:58 - [MESSAGE][INFO] - Starting to call Test Case 'Test Cases/Tablo/TablodaEttnliVeriOlusturulduMu'

2021-11-18 12:21:58 - [TEST_CASE][PASSED] - Test Cases/Tablo/TablodaEttnliVeriOlusturulduMu: Test Cases/Tablo/TablodaEttnliVeriOlusturulduMu

2021-11-18 12:21:58 - [TEST_STEP][PASSED] - Method.TextDegerineEsitElementVarMi(findTestObject("Tablo/OlusturulanVeri"), ettn): Method.TextDegerineEsitElementVarMi is PASSED

2021-11-18 12:21:58 - [MESSAGE][INFO] - Finding Test Object 'Object Repository/Tablo/OlusturulanVeri'

2021-11-18 12:21:58 - [MESSAGE][INFO] - Checking timeout

2021-11-18 12:21:58 - [MESSAGE][INFO] - Finding web element with id: 'Object Repository/Tablo/OlusturulanVeri' located by 'By.cssSelector: table.dxgvTable_LECustomTheme>tbody>tr:nth-child(3)>td.dxgv b,table.dxgvTable_LECustomTheme>tbody>tr:nth-child(3)>td.dxgv' in '10' second(s)

2021-11-18 12:21:58 - [MESSAGE][INFO] - Smart Wait Function is triggered

2021-11-18 12:21:58 - [MESSAGE][INFO] - Found 14 web elements with id: 'Object Repository/Tablo/OlusturulanVeri' located by 'By.cssSelector: table.dxgvTable_LECustomTheme>tbody>tr:nth-child(3)>td.dxgv b,table.dxgvTable_LECustomTheme>tbody>tr:nth-child(3)>td.dxgv' in '10' second(s)

2021-11-18 12:21:59 - [MESSAGE][PASSED] - Method.TextDegerineEsitElementVarMi is PASSED

2021-11-18 12:21:59 - [MESSAGE][PASSED] - Call Test Case 'Test Cases/Tablo/TablodaEttnliVeriOlusturulduMu' successfully

2021-11-18 12:21:59 - [MESSAGE][INFO] - Checking called Test Case

2021-11-18 12:21:59 - [MESSAGE][INFO] - Starting to call Test Case 'Test Cases/Tablo/TablodanEttnliVeriSec'

2021-11-18 12:21:59 - [TEST_CASE][PASSED] - Test Cases/Tablo/TablodanEttnliVeriSec: Test Cases/Tablo/TablodanEttnliVeriSec

2021-11-18 12:21:59 - [TEST_STEP][PASSED] - Method.TextDegerineEsitElementinAltindakineTikla(findTestObject("Tablo/Veriler"), findTestObject("Tablo/VerininCheckBoxi"), ettn): Method.TextDegerineEsitElementinAltindakineTikla is PASSED

2021-11-18 12:21:59 - [MESSAGE][INFO] - Finding Test Object 'Object Repository/Tablo/Veriler'

2021-11-18 12:21:59 - [MESSAGE][INFO] - Finding Test Object 'Object Repository/Tablo/VerininCheckBoxi'

2021-11-18 12:21:59 - [MESSAGE][INFO] - Checking timeout

2021-11-18 12:21:59 - [MESSAGE][INFO] - Finding web element with id: 'Object Repository/Tablo/Veriler' located by 'By.cssSelector: td.dxgv b ,td.dxgv' in '10' second(s)

2021-11-18 12:21:59 - [MESSAGE][INFO] - Smart Wait Function is triggered

2021-11-18 12:21:59 - [MESSAGE][INFO] - Found 70 web elements with id: 'Object Repository/Tablo/Veriler' located by 'By.cssSelector: td.dxgv b ,td.dxgv' in '10' second(s)

2021-11-18 12:21:59 - [MESSAGE][INFO] - Smart Wait Function is triggered

2021-11-18 12:21:59 - [MESSAGE][PASSED] - Method.TextDegerineEsitElementinAltindakineTikla is PASSED

2021-11-18 12:21:59 - [MESSAGE][PASSED] - Call Test Case 'Test Cases/Tablo/TablodanEttnliVeriSec' successfully

2021-11-18 12:21:59 - [MESSAGE][INFO] - Checking called Test Case

2021-11-18 12:21:59 - [MESSAGE][INFO] - Starting to call Test Case 'Test Cases/Butonlar/ButonaTikla'

2021-11-18 12:22:00 - [TEST_CASE][PASSED] - Test Cases/Butonlar/ButonaTikla: Test Cases/Butonlar/ButonaTikla

2021-11-18 12:22:00 - [TEST_STEP][PASSED] - Method.TextDegerineEsitElementeTiklaEquals(findTestObject("Butonlar/Butonlar"), Buton_Adi): Method.TextDegerineEsitElementeTiklaEquals is PASSED

2021-11-18 12:22:00 - [MESSAGE][INFO] - Finding Test Object 'Object Repository/Butonlar/Butonlar'

2021-11-18 12:22:00 - [MESSAGE][INFO] - Checking timeout

2021-11-18 12:22:00 - [MESSAGE][INFO] - Finding web element with id: 'Object Repository/Butonlar/Butonlar' located by 'By.cssSelector: .panel.panel-default.text-center.footerPanel .btn,.btn.btn-primary.btnControls' in '10' second(s)

2021-11-18 12:22:00 - [MESSAGE][INFO] - Smart Wait Function is triggered

2021-11-18 12:22:00 - [MESSAGE][INFO] - Found 9 web elements with id: 'Object Repository/Butonlar/Butonlar' located by 'By.cssSelector: .panel.panel-default.text-center.footerPanel .btn,.btn.btn-primary.btnControls' in '10' second(s)

2021-11-18 12:22:00 - [MESSAGE][PASSED] - Method.TextDegerineEsitElementeTiklaEquals is PASSED

2021-11-18 12:22:00 - [MESSAGE][PASSED] - Call Test Case 'Test Cases/Butonlar/ButonaTikla' successfully

2021-11-18 12:22:00 - [MESSAGE][INFO] - Checking called Test Case

2021-11-18 12:22:00 - [MESSAGE][INFO] - Starting to call Test Case 'Test Cases/Popup/PopupMesajiIceriyorMu'

2021-11-18 12:22:00 - [TEST_CASE][PASSED] - Test Cases/Popup/PopupMesajiIceriyorMu: Test Cases/Popup/PopupMesajiIceriyorMu

2021-11-18 12:22:00 - [TEST_STEP][PASSED] - waitForElementVisible(findTestObject("Popup/Popup"), 10): Object 'Object Repository/Popup/Popup' is visible

2021-11-18 12:22:00 - [MESSAGE][INFO] - Finding Test Object 'Object Repository/Popup/Popup'

2021-11-18 12:22:00 - [MESSAGE][INFO] - Checking object

2021-11-18 12:22:00 - [MESSAGE][INFO] - Checking timeout

2021-11-18 12:22:00 - [MESSAGE][INFO] - Finding web element from Test Object's properties

2021-11-18 12:22:00 - [MESSAGE][INFO] - Checking timeout

2021-11-18 12:22:00 - [MESSAGE][INFO] - Finding web element with id: 'Object Repository/Popup/Popup' located by 'By.cssSelector: .bootbox-body' in '10' second(s)

2021-11-18 12:22:00 - [MESSAGE][INFO] - Smart Wait Function is triggered

2021-11-18 12:22:01 - [MESSAGE][INFO] - Found 1 web elements with id: 'Object Repository/Popup/Popup' located by 'By.cssSelector: .bootbox-body' in '10' second(s)

2021-11-18 12:22:01 - [MESSAGE][PASSED] - Object 'Object Repository/Popup/Popup' is visible

2021-11-18 12:22:01 - [TEST_STEP][PASSED] - if (!(getText(findTestObject("Popup/Popup")).contains(Mesaj))): Text of object 'Object Repository/Popup/Popup' is: 'Oluşturulacak fatura numarası : EAR2021000000479 Fatura numarası oluşturulduktan sonra fatura silinemez. Fatura numarası, tarihi ve ön eki değiştirilemez. Devam etmek istiyor musunuz?'

2021-11-18 12:22:01 - [MESSAGE][INFO] - Finding Test Object 'Object Repository/Popup/Popup'

2021-11-18 12:22:01 - [MESSAGE][INFO] - Checking object

2021-11-18 12:22:01 - [MESSAGE][INFO] - Finding web element from Test Object's properties

2021-11-18 12:22:01 - [MESSAGE][INFO] - Checking timeout

2021-11-18 12:22:01 - [MESSAGE][INFO] - Finding web element with id: 'Object Repository/Popup/Popup' located by 'By.cssSelector: .bootbox-body' in '30' second(s)

2021-11-18 12:22:01 - [MESSAGE][INFO] - Smart Wait Function is triggered

2021-11-18 12:22:02 - [MESSAGE][INFO] - Found 1 web elements with id: 'Object Repository/Popup/Popup' located by 'By.cssSelector: .bootbox-body' in '30' second(s)

2021-11-18 12:22:02 - [MESSAGE][INFO] - Getting text of object 'Object Repository/Popup/Popup'

2021-11-18 12:22:02 - [MESSAGE][PASSED] - Text of object 'Object Repository/Popup/Popup' is: 'Oluşturulacak fatura numarası : EAR2021000000479 Fatura numarası oluşturulduktan sonra fatura silinemez. Fatura numarası, tarihi ve ön eki değiştirilemez. Devam etmek istiyor musunuz?'

2021-11-18 12:22:02 - [TEST_STEP][PASSED] - RaporNo = getText(findTestObject("Popup/Popup")).substring(0, 6): Text of object 'Object Repository/Popup/Popup' is: 'Oluşturulacak fatura numarası : EAR2021000000479 Fatura numarası oluşturulduktan sonra fatura silinemez. Fatura numarası, tarihi ve ön eki değiştirilemez. Devam etmek istiyor musunuz?'

2021-11-18 12:22:02 - [MESSAGE][INFO] - Finding Test Object 'Object Repository/Popup/Popup'

2021-11-18 12:22:02 - [MESSAGE][INFO] - Checking object

2021-11-18 12:22:02 - [MESSAGE][INFO] - Finding web element from Test Object's properties

2021-11-18 12:22:02 - [MESSAGE][INFO] - Checking timeout

2021-11-18 12:22:02 - [MESSAGE][INFO] - Finding web element with id: 'Object Repository/Popup/Popup' located by 'By.cssSelector: .bootbox-body' in '30' second(s)

2021-11-18 12:22:02 - [MESSAGE][INFO] - Smart Wait Function is triggered

2021-11-18 12:22:02 - [MESSAGE][INFO] - Found 1 web elements with id: 'Object Repository/Popup/Popup' located by 'By.cssSelector: .bootbox-body' in '30' second(s)

2021-11-18 12:22:02 - [MESSAGE][INFO] - Getting text of object 'Object Repository/Popup/Popup'

2021-11-18 12:22:02 - [MESSAGE][PASSED] - Text of object 'Object Repository/Popup/Popup' is: 'Oluşturulacak fatura numarası : EAR2021000000479 Fatura numarası oluşturulduktan sonra fatura silinemez. Fatura numarası, tarihi ve ön eki değiştirilemez. Devam etmek istiyor musunuz?'

2021-11-18 12:22:02 - [TEST_STEP][PASSED] - Console.println(RaporNo): null

2021-11-18 12:22:02 - [MESSAGE][PASSED] - Call Test Case 'Test Cases/Popup/PopupMesajiIceriyorMu' successfully

2021-11-18 12:22:02 - [MESSAGE][INFO] - Checking called Test Case

2021-11-18 12:22:02 - [MESSAGE][INFO] - Starting to call Test Case 'Test Cases/Popup/PopupButonSecilir'

2021-11-18 12:22:02 - [TEST_CASE][PASSED] - Test Cases/Popup/PopupButonSecilir: Test Cases/Popup/PopupButonSecilir

2021-11-18 12:22:02 - [TEST_STEP][PASSED] - Method.TextDegerineEsitElementeTikla(findTestObject("Popup/Popup_Butons"), Buton): Method.TextDegerineEsitElementeTikla is PASSED

2021-11-18 12:22:02 - [MESSAGE][INFO] - Finding Test Object 'Object Repository/Popup/Popup_Butons'

2021-11-18 12:22:02 - [MESSAGE][INFO] - Checking timeout

2021-11-18 12:22:02 - [MESSAGE][INFO] - Finding web element with id: 'Object Repository/Popup/Popup_Butons' located by 'By.cssSelector: .modal-footer>button' in '10' second(s)

2021-11-18 12:22:02 - [MESSAGE][INFO] - Smart Wait Function is triggered

2021-11-18 12:22:02 - [MESSAGE][INFO] - Found 2 web elements with id: 'Object Repository/Popup/Popup_Butons' located by 'By.cssSelector: .modal-footer>button' in '10' second(s)

2021-11-18 12:22:03 - [MESSAGE][PASSED] - Method.TextDegerineEsitElementeTikla is PASSED

2021-11-18 12:22:03 - [MESSAGE][PASSED] - Call Test Case 'Test Cases/Popup/PopupButonSecilir' successfully

2021-11-18 12:22:03 - [MESSAGE][INFO] - Checking called Test Case

2021-11-18 12:22:03 - [MESSAGE][INFO] - Starting to call Test Case 'Test Cases/Popup/PopupMesajiIceriyorMu'

2021-11-18 12:22:03 - [TEST_CASE][PASSED] - Test Cases/Popup/PopupMesajiIceriyorMu: Test Cases/Popup/PopupMesajiIceriyorMu

2021-11-18 12:22:03 - [TEST_STEP][PASSED] - waitForElementVisible(findTestObject("Popup/Popup"), 10): Object 'Object Repository/Popup/Popup' is visible

2021-11-18 12:22:03 - [MESSAGE][INFO] - Finding Test Object 'Object Repository/Popup/Popup'

2021-11-18 12:22:03 - [MESSAGE][INFO] - Checking object

2021-11-18 12:22:03 - [MESSAGE][INFO] - Checking timeout

2021-11-18 12:22:03 - [MESSAGE][INFO] - Finding web element from Test Object's properties

2021-11-18 12:22:03 - [MESSAGE][INFO] - Checking timeout

2021-11-18 12:22:03 - [MESSAGE][INFO] - Finding web element with id: 'Object Repository/Popup/Popup' located by 'By.cssSelector: .bootbox-body' in '10' second(s)

2021-11-18 12:22:03 - [MESSAGE][INFO] - Smart Wait Function is triggered

2021-11-18 12:22:03 - [MESSAGE][INFO] - Found 1 web elements with id: 'Object Repository/Popup/Popup' located by 'By.cssSelector: .bootbox-body' in '10' second(s)

2021-11-18 12:22:03 - [MESSAGE][PASSED] - Object 'Object Repository/Popup/Popup' is visible

2021-11-18 12:22:03 - [TEST_STEP][PASSED] - if (!(getText(findTestObject("Popup/Popup")).contains(Mesaj))): Text of object 'Object Repository/Popup/Popup' is: 'Fatura numaranız EAR2021000000479 olarak oluşmuştur.'

2021-11-18 12:22:03 - [MESSAGE][INFO] - Finding Test Object 'Object Repository/Popup/Popup'

2021-11-18 12:22:04 - [MESSAGE][INFO] - Checking object

2021-11-18 12:22:04 - [MESSAGE][INFO] - Finding web element from Test Object's properties

2021-11-18 12:22:04 - [MESSAGE][INFO] - Checking timeout

2021-11-18 12:22:04 - [MESSAGE][INFO] - Finding web element with id: 'Object Repository/Popup/Popup' located by 'By.cssSelector: .bootbox-body' in '30' second(s)

2021-11-18 12:22:04 - [MESSAGE][INFO] - Smart Wait Function is triggered

2021-11-18 12:22:04 - [MESSAGE][INFO] - Found 1 web elements with id: 'Object Repository/Popup/Popup' located by 'By.cssSelector: .bootbox-body' in '30' second(s)

2021-11-18 12:22:04 - [MESSAGE][INFO] - Getting text of object 'Object Repository/Popup/Popup'

2021-11-18 12:22:04 - [MESSAGE][PASSED] - Text of object 'Object Repository/Popup/Popup' is: 'Fatura numaranız EAR2021000000479 olarak oluşmuştur.'

2021-11-18 12:22:04 - [TEST_STEP][PASSED] - RaporNo = getText(findTestObject("Popup/Popup")).substring(0, 6): Text of object 'Object Repository/Popup/Popup' is: 'Fatura numaranız EAR2021000000479 olarak oluşmuştur.'

2021-11-18 12:22:04 - [MESSAGE][INFO] - Finding Test Object 'Object Repository/Popup/Popup'

2021-11-18 12:22:04 - [MESSAGE][INFO] - Checking object

2021-11-18 12:22:04 - [MESSAGE][INFO] - Finding web element from Test Object's properties

2021-11-18 12:22:04 - [MESSAGE][INFO] - Checking timeout

2021-11-18 12:22:04 - [MESSAGE][INFO] - Finding web element with id: 'Object Repository/Popup/Popup' located by 'By.cssSelector: .bootbox-body' in '30' second(s)

2021-11-18 12:22:04 - [MESSAGE][INFO] - Smart Wait Function is triggered

2021-11-18 12:22:04 - [MESSAGE][INFO] - Found 1 web elements with id: 'Object Repository/Popup/Popup' located by 'By.cssSelector: .bootbox-body' in '30' second(s)

2021-11-18 12:22:04 - [MESSAGE][INFO] - Getting text of object 'Object Repository/Popup/Popup'

2021-11-18 12:22:04 - [MESSAGE][PASSED] - Text of object 'Object Repository/Popup/Popup' is: 'Fatura numaranız EAR2021000000479 olarak oluşmuştur.'

2021-11-18 12:22:04 - [TEST_STEP][PASSED] - Console.println(RaporNo): null

2021-11-18 12:22:04 - [MESSAGE][PASSED] - Call Test Case 'Test Cases/Popup/PopupMesajiIceriyorMu' successfully

2021-11-18 12:22:04 - [MESSAGE][INFO] - Checking called Test Case

2021-11-18 12:22:04 - [MESSAGE][INFO] - Starting to call Test Case 'Test Cases/Popup/PopupButonSecilir'

2021-11-18 12:22:04 - [TEST_CASE][PASSED] - Test Cases/Popup/PopupButonSecilir: Test Cases/Popup/PopupButonSecilir

2021-11-18 12:22:04 - [TEST_STEP][PASSED] - Method.TextDegerineEsitElementeTikla(findTestObject("Popup/Popup_Butons"), Buton): Method.TextDegerineEsitElementeTikla is PASSED

2021-11-18 12:22:04 - [MESSAGE][INFO] - Finding Test Object 'Object Repository/Popup/Popup_Butons'

2021-11-18 12:22:04 - [MESSAGE][INFO] - Checking timeout

2021-11-18 12:22:04 - [MESSAGE][INFO] - Finding web element with id: 'Object Repository/Popup/Popup_Butons' located by 'By.cssSelector: .modal-footer>button' in '10' second(s)

2021-11-18 12:22:04 - [MESSAGE][INFO] - Smart Wait Function is triggered

2021-11-18 12:22:05 - [MESSAGE][INFO] - Found 1 web elements with id: 'Object Repository/Popup/Popup_Butons' located by 'By.cssSelector: .modal-footer>button' in '10' second(s)

2021-11-18 12:22:05 - [MESSAGE][PASSED] - Method.TextDegerineEsitElementeTikla is PASSED

2021-11-18 12:22:05 - [MESSAGE][PASSED] - Call Test Case 'Test Cases/Popup/PopupButonSecilir' successfully

2021-11-18 12:22:05 - [MESSAGE][INFO] - Checking called Test Case

2021-11-18 12:22:05 - [MESSAGE][INFO] - Starting to call Test Case 'Test Cases/Tablo/TablodanEttnliVeriSec'

2021-11-18 12:22:05 - [TEST_CASE][PASSED] - Test Cases/Tablo/TablodanEttnliVeriSec: Test Cases/Tablo/TablodanEttnliVeriSec

2021-11-18 12:22:05 - [TEST_STEP][PASSED] - Method.TextDegerineEsitElementinAltindakineTikla(findTestObject("Tablo/Veriler"), findTestObject("Tablo/VerininCheckBoxi"), ettn): Method.TextDegerineEsitElementinAltindakineTikla is PASSED

2021-11-18 12:22:05 - [MESSAGE][INFO] - Finding Test Object 'Object Repository/Tablo/Veriler'

2021-11-18 12:22:05 - [MESSAGE][INFO] - Finding Test Object 'Object Repository/Tablo/VerininCheckBoxi'

2021-11-18 12:22:05 - [MESSAGE][INFO] - Checking timeout

2021-11-18 12:22:05 - [MESSAGE][INFO] - Finding web element with id: 'Object Repository/Tablo/Veriler' located by 'By.cssSelector: td.dxgv b ,td.dxgv' in '10' second(s)

2021-11-18 12:22:05 - [MESSAGE][INFO] - Smart Wait Function is triggered

2021-11-18 12:22:06 - [MESSAGE][INFO] - Found 70 web elements with id: 'Object Repository/Tablo/Veriler' located by 'By.cssSelector: td.dxgv b ,td.dxgv' in '10' second(s)

2021-11-18 12:22:06 - [MESSAGE][INFO] - Smart Wait Function is triggered

2021-11-18 12:22:06 - [MESSAGE][PASSED] - Method.TextDegerineEsitElementinAltindakineTikla is PASSED

2021-11-18 12:22:06 - [MESSAGE][PASSED] - Call Test Case 'Test Cases/Tablo/TablodanEttnliVeriSec' successfully

2021-11-18 12:22:06 - [MESSAGE][INFO] - Checking called Test Case

2021-11-18 12:22:06 - [MESSAGE][INFO] - Starting to call Test Case 'Test Cases/Butonlar/ButonaTikla'

2021-11-18 12:22:06 - [TEST_CASE][PASSED] - Test Cases/Butonlar/ButonaTikla: Test Cases/Butonlar/ButonaTikla

2021-11-18 12:22:06 - [TEST_STEP][PASSED] - Method.TextDegerineEsitElementeTiklaEquals(findTestObject("Butonlar/Butonlar"), Buton_Adi): Method.TextDegerineEsitElementeTiklaEquals is PASSED

2021-11-18 12:22:06 - [MESSAGE][INFO] - Finding Test Object 'Object Repository/Butonlar/Butonlar'

2021-11-18 12:22:06 - [MESSAGE][INFO] - Checking timeout

2021-11-18 12:22:06 - [MESSAGE][INFO] - Finding web element with id: 'Object Repository/Butonlar/Butonlar' located by 'By.cssSelector: .panel.panel-default.text-center.footerPanel .btn,.btn.btn-primary.btnControls' in '10' second(s)

2021-11-18 12:22:06 - [MESSAGE][INFO] - Smart Wait Function is triggered

2021-11-18 12:22:06 - [MESSAGE][INFO] - Found 9 web elements with id: 'Object Repository/Butonlar/Butonlar' located by 'By.cssSelector: .panel.panel-default.text-center.footerPanel .btn,.btn.btn-primary.btnControls' in '10' second(s)

2021-11-18 12:22:07 - [MESSAGE][PASSED] - Method.TextDegerineEsitElementeTiklaEquals is PASSED

2021-11-18 12:22:07 - [MESSAGE][PASSED] - Call Test Case 'Test Cases/Butonlar/ButonaTikla' successfully

2021-11-18 12:22:07 - [MESSAGE][INFO] - Checking called Test Case

2021-11-18 12:22:07 - [MESSAGE][INFO] - Starting to call Test Case 'Test Cases/Popup/PopupMesajiIceriyorMu'

2021-11-18 12:22:07 - [TEST_CASE][PASSED] - Test Cases/Popup/PopupMesajiIceriyorMu: Test Cases/Popup/PopupMesajiIceriyorMu

2021-11-18 12:22:07 - [TEST_STEP][PASSED] - waitForElementVisible(findTestObject("Popup/Popup"), 10): Object 'Object Repository/Popup/Popup' is visible

2021-11-18 12:22:07 - [MESSAGE][INFO] - Finding Test Object 'Object Repository/Popup/Popup'

2021-11-18 12:22:07 - [MESSAGE][INFO] - Checking object

2021-11-18 12:22:07 - [MESSAGE][INFO] - Checking timeout

2021-11-18 12:22:07 - [MESSAGE][INFO] - Finding web element from Test Object's properties

2021-11-18 12:22:07 - [MESSAGE][INFO] - Checking timeout

2021-11-18 12:22:07 - [MESSAGE][INFO] - Finding web element with id: 'Object Repository/Popup/Popup' located by 'By.cssSelector: .bootbox-body' in '10' second(s)

2021-11-18 12:22:07 - [MESSAGE][INFO] - Smart Wait Function is triggered

2021-11-18 12:22:07 - [MESSAGE][INFO] - Found 1 web elements with id: 'Object Repository/Popup/Popup' located by 'By.cssSelector: .bootbox-body' in '10' second(s)

2021-11-18 12:22:07 - [MESSAGE][PASSED] - Object 'Object Repository/Popup/Popup' is visible

2021-11-18 12:22:07 - [TEST_STEP][PASSED] - if (!(getText(findTestObject("Popup/Popup")).contains(Mesaj))): Text of object 'Object Repository/Popup/Popup' is: 'Seçilen faturalarınız onaylanacaktır. Onaylanan faturalar üzerinde değişiklik yapılamaz. Devam etmek istiyor musunuz?'

2021-11-18 12:22:07 - [MESSAGE][INFO] - Finding Test Object 'Object Repository/Popup/Popup'

2021-11-18 12:22:07 - [MESSAGE][INFO] - Checking object

2021-11-18 12:22:07 - [MESSAGE][INFO] - Finding web element from Test Object's properties

2021-11-18 12:22:07 - [MESSAGE][INFO] - Checking timeout

2021-11-18 12:22:07 - [MESSAGE][INFO] - Finding web element with id: 'Object Repository/Popup/Popup' located by 'By.cssSelector: .bootbox-body' in '30' second(s)

2021-11-18 12:22:07 - [MESSAGE][INFO] - Smart Wait Function is triggered

2021-11-18 12:22:08 - [MESSAGE][INFO] - Found 1 web elements with id: 'Object Repository/Popup/Popup' located by 'By.cssSelector: .bootbox-body' in '30' second(s)

2021-11-18 12:22:08 - [MESSAGE][INFO] - Getting text of object 'Object Repository/Popup/Popup'

2021-11-18 12:22:08 - [MESSAGE][PASSED] - Text of object 'Object Repository/Popup/Popup' is: 'Seçilen faturalarınız onaylanacaktır. Onaylanan faturalar üzerinde değişiklik yapılamaz. Devam etmek istiyor musunuz?'

2021-11-18 12:22:08 - [TEST_STEP][PASSED] - RaporNo = getText(findTestObject("Popup/Popup")).substring(0, 6): Text of object 'Object Repository/Popup/Popup' is: 'Seçilen faturalarınız onaylanacaktır. Onaylanan faturalar üzerinde değişiklik yapılamaz. Devam etmek istiyor musunuz?'

2021-11-18 12:22:08 - [MESSAGE][INFO] - Finding Test Object 'Object Repository/Popup/Popup'

2021-11-18 12:22:08 - [MESSAGE][INFO] - Checking object

2021-11-18 12:22:08 - [MESSAGE][INFO] - Finding web element from Test Object's properties

2021-11-18 12:22:08 - [MESSAGE][INFO] - Checking timeout

2021-11-18 12:22:08 - [MESSAGE][INFO] - Finding web element with id: 'Object Repository/Popup/Popup' located by 'By.cssSelector: .bootbox-body' in '30' second(s)

2021-11-18 12:22:08 - [MESSAGE][INFO] - Smart Wait Function is triggered

2021-11-18 12:22:08 - [MESSAGE][INFO] - Found 1 web elements with id: 'Object Repository/Popup/Popup' located by 'By.cssSelector: .bootbox-body' in '30' second(s)

2021-11-18 12:22:08 - [MESSAGE][INFO] - Getting text of object 'Object Repository/Popup/Popup'

2021-11-18 12:22:08 - [MESSAGE][PASSED] - Text of object 'Object Repository/Popup/Popup' is: 'Seçilen faturalarınız onaylanacaktır. Onaylanan faturalar üzerinde değişiklik yapılamaz. Devam etmek istiyor musunuz?'

2021-11-18 12:22:08 - [TEST_STEP][PASSED] - Console.println(RaporNo): null

2021-11-18 12:22:08 - [MESSAGE][PASSED] - Call Test Case 'Test Cases/Popup/PopupMesajiIceriyorMu' successfully

2021-11-18 12:22:08 - [MESSAGE][INFO] - Checking called Test Case

2021-11-18 12:22:08 - [MESSAGE][INFO] - Starting to call Test Case 'Test Cases/Popup/PopupButonSecilir'

2021-11-18 12:22:08 - [TEST_CASE][PASSED] - Test Cases/Popup/PopupButonSecilir: Test Cases/Popup/PopupButonSecilir

2021-11-18 12:22:08 - [TEST_STEP][PASSED] - Method.TextDegerineEsitElementeTikla(findTestObject("Popup/Popup_Butons"), Buton): Method.TextDegerineEsitElementeTikla is PASSED

2021-11-18 12:22:08 - [MESSAGE][INFO] - Finding Test Object 'Object Repository/Popup/Popup_Butons'

2021-11-18 12:22:08 - [MESSAGE][INFO] - Checking timeout

2021-11-18 12:22:08 - [MESSAGE][INFO] - Finding web element with id: 'Object Repository/Popup/Popup_Butons' located by 'By.cssSelector: .modal-footer>button' in '10' second(s)

2021-11-18 12:22:08 - [MESSAGE][INFO] - Smart Wait Function is triggered

2021-11-18 12:22:09 - [MESSAGE][INFO] - Found 2 web elements with id: 'Object Repository/Popup/Popup_Butons' located by 'By.cssSelector: .modal-footer>button' in '10' second(s)

2021-11-18 12:22:09 - [MESSAGE][PASSED] - Method.TextDegerineEsitElementeTikla is PASSED

2021-11-18 12:22:09 - [MESSAGE][PASSED] - Call Test Case 'Test Cases/Popup/PopupButonSecilir' successfully

2021-11-18 12:22:09 - [MESSAGE][INFO] - Checking called Test Case

2021-11-18 12:22:09 - [MESSAGE][INFO] - Starting to call Test Case 'Test Cases/Menu/AnaMenuSecimi'

2021-11-18 12:22:09 - [TEST_CASE][PASSED] - Test Cases/Menu/AnaMenuSecimi: Test Cases/Menu/AnaMenuSecimi

2021-11-18 12:22:09 - [TEST_STEP][PASSED] - Method.TextDegerineEsitElementeTikla(findTestObject("Menu/Ana_Menu"), Ana_Menu): Method.TextDegerineEsitElementeTikla is PASSED

2021-11-18 12:22:09 - [MESSAGE][INFO] - Finding Test Object 'Object Repository/Menu/Ana_Menu'

2021-11-18 12:22:09 - [MESSAGE][INFO] - Checking timeout

2021-11-18 12:22:09 - [MESSAGE][INFO] - Finding web element with id: 'Object Repository/Menu/Ana_Menu' located by 'By.xpath: //*[@class = 'dropdown-toggle']' in '10' second(s)

2021-11-18 12:22:09 - [MESSAGE][INFO] - Smart Wait Function is triggered

2021-11-18 12:22:10 - [MESSAGE][INFO] - Found 13 web elements with id: 'Object Repository/Menu/Ana_Menu' located by 'By.xpath: //*[@class = 'dropdown-toggle']' in '10' second(s)

2021-11-18 12:22:10 - [MESSAGE][PASSED] - Method.TextDegerineEsitElementeTikla is PASSED

2021-11-18 12:22:10 - [MESSAGE][PASSED] - Call Test Case 'Test Cases/Menu/AnaMenuSecimi' successfully

2021-11-18 12:22:10 - [MESSAGE][INFO] - Checking called Test Case

2021-11-18 12:22:10 - [MESSAGE][INFO] - Starting to call Test Case 'Test Cases/Menu/BasligaGoreAltMenuSecimi'

2021-11-18 12:22:10 - [TEST_CASE][PASSED] - Test Cases/Menu/BasligaGoreAltMenuSecimi: Test Cases/Menu/BasligaGoreAltMenuSecimi

2021-11-18 12:22:10 - [TEST_STEP][PASSED] - Method.TextDegerineEsitElementinAltindakiTextDegerineEsitOlanaTikla(findTestObject("Menu/Menu_Basligi"), findTestObject("Menu/Basliga_Gore_Alt_Menu"), Baslik, Alt_Menu): Method.TextDegerineEsitElementinAltindakiTextDegerineEsitOlanaTikla is PASSED

2021-11-18 12:22:10 - [MESSAGE][INFO] - Finding Test Object 'Object Repository/Menu/Menu_Basligi'

2021-11-18 12:22:10 - [MESSAGE][INFO] - Finding Test Object 'Object Repository/Menu/Basliga_Gore_Alt_Menu'

2021-11-18 12:22:10 - [MESSAGE][INFO] - Checking timeout

2021-11-18 12:22:10 - [MESSAGE][INFO] - Finding web element with id: 'Object Repository/Menu/Menu_Basligi' located by 'By.xpath: //li[@class='dropdown dropdown-large open']//li[@class='dropdown-header']' in '10' second(s)

2021-11-18 12:22:10 - [MESSAGE][INFO] - Smart Wait Function is triggered

2021-11-18 12:22:10 - [MESSAGE][INFO] - Found 2 web elements with id: 'Object Repository/Menu/Menu_Basligi' located by 'By.xpath: //li[@class='dropdown dropdown-large open']//li[@class='dropdown-header']' in '10' second(s)

2021-11-18 12:22:10 - [MESSAGE][INFO] - Smart Wait Function is triggered

2021-11-18 12:22:12 - [MESSAGE][PASSED] - Method.TextDegerineEsitElementinAltindakiTextDegerineEsitOlanaTikla is PASSED

2021-11-18 12:22:12 - [MESSAGE][PASSED] - Call Test Case 'Test Cases/Menu/BasligaGoreAltMenuSecimi' successfully

2021-11-18 12:22:12 - [MESSAGE][INFO] - Checking called Test Case

2021-11-18 12:22:12 - [MESSAGE][INFO] - Starting to call Test Case 'Test Cases/Filtreler/EttnYaz'

2021-11-18 12:22:12 - [TEST_CASE][PASSED] - Test Cases/Filtreler/EttnYaz: Test Cases/Filtreler/EttnYaz

2021-11-18 12:22:12 - [TEST_STEP][PASSED] - Method.TextDegerineEsitElementinAltindakiTextboxtaYaz(findTestObject("Filtreler/Basliklar"), findTestObject("Filtreler/Basliga_Gore_Textbox"), "ETTN", ettn): Method.TextDegerineEsitElementinAltindakiTextboxtaYaz is PASSED

2021-11-18 12:22:12 - [MESSAGE][INFO] - Finding Test Object 'Object Repository/Filtreler/Basliklar'

2021-11-18 12:22:12 - [MESSAGE][INFO] - Finding Test Object 'Object Repository/Filtreler/Basliga_Gore_Textbox'

2021-11-18 12:22:12 - [MESSAGE][INFO] - Checking timeout

2021-11-18 12:22:12 - [MESSAGE][INFO] - Finding web element with id: 'Object Repository/Filtreler/Basliklar' located by 'By.cssSelector: .control-label.col-sm-4.paddingMarginRLC' in '10' second(s)

2021-11-18 12:22:12 - [MESSAGE][INFO] - Smart Wait Function is triggered

2021-11-18 12:22:12 - [MESSAGE][INFO] - Found 19 web elements with id: 'Object Repository/Filtreler/Basliklar' located by 'By.cssSelector: .control-label.col-sm-4.paddingMarginRLC' in '10' second(s)

2021-11-18 12:22:12 - [MESSAGE][INFO] - Smart Wait Function is triggered

2021-11-18 12:22:13 - [MESSAGE][PASSED] - Method.TextDegerineEsitElementinAltindakiTextboxtaYaz is PASSED

2021-11-18 12:22:13 - [MESSAGE][PASSED] - Call Test Case 'Test Cases/Filtreler/EttnYaz' successfully

2021-11-18 12:22:13 - [MESSAGE][INFO] - Checking called Test Case

2021-11-18 12:22:13 - [MESSAGE][INFO] - Starting to call Test Case 'Test Cases/Filtreler/ButonaTikla'

2021-11-18 12:22:13 - [TEST_CASE][PASSED] - Test Cases/Filtreler/ButonaTikla: Test Cases/Filtreler/ButonaTikla

2021-11-18 12:22:13 - [TEST_STEP][PASSED] - Method.TextDegerineEsitElementeTikla(findTestObject("Filtreler/Butonlar"), Filtre_Buton): Method.TextDegerineEsitElementeTikla is PASSED

2021-11-18 12:22:13 - [MESSAGE][INFO] - Finding Test Object 'Object Repository/Filtreler/Butonlar'

2021-11-18 12:22:13 - [MESSAGE][INFO] - Checking timeout

2021-11-18 12:22:13 - [MESSAGE][INFO] - Finding web element with id: 'Object Repository/Filtreler/Butonlar' located by 'By.cssSelector: .dxb>span' in '10' second(s)

2021-11-18 12:22:13 - [MESSAGE][INFO] - Smart Wait Function is triggered

2021-11-18 12:22:13 - [MESSAGE][INFO] - Found 3 web elements with id: 'Object Repository/Filtreler/Butonlar' located by 'By.cssSelector: .dxb>span' in '10' second(s)

2021-11-18 12:22:13 - [MESSAGE][PASSED] - Method.TextDegerineEsitElementeTikla is PASSED

2021-11-18 12:22:13 - [MESSAGE][PASSED] - Call Test Case 'Test Cases/Filtreler/ButonaTikla' successfully

2021-11-18 12:22:13 - [MESSAGE][INFO] - Checking called Test Case

2021-11-18 12:22:13 - [MESSAGE][INFO] - Starting to call Test Case 'Test Cases/Tablo/TablodaVeriVarMi'

2021-11-18 12:22:13 - [TEST_CASE][PASSED] - Test Cases/Tablo/TablodaVeriVarMi: Test Cases/Tablo/TablodaVeriVarMi

2021-11-18 12:22:13 - [TEST_STEP][PASSED] - verifyTextNotPresent("Görüntülenecek veri yok", true): Text 'Görüntülenecek veri yok' is not present on page using regular expression

2021-11-18 12:22:13 - [MESSAGE][INFO] - Checking text present  using regular expression

2021-11-18 12:22:13 - [MESSAGE][INFO] - Smart Wait Function is triggered

2021-11-18 12:22:14 - [MESSAGE][INFO] - Finding text 'Görüntülenecek veri yok' on page  using regular expression

2021-11-18 12:22:14 - [MESSAGE][PASSED] - Text 'Görüntülenecek veri yok' is not present on page using regular expression

2021-11-18 12:22:14 - [MESSAGE][PASSED] - Call Test Case 'Test Cases/Tablo/TablodaVeriVarMi' successfully

2021-11-18 12:22:14 - [MESSAGE][INFO] - Checking called Test Case

2021-11-18 12:22:14 - [MESSAGE][INFO] - Starting to call Test Case 'Test Cases/Tablo/TablodaVeriBasariliMiArsiv'

2021-11-18 12:22:14 - [TEST_CASE][PASSED] - Test Cases/Tablo/TablodaVeriBasariliMiArsiv: Test Cases/Tablo/TablodaVeriBasariliMiArsiv

2021-11-18 12:22:14 - [TEST_STEP][PASSED] - sayac = 80: null

2021-11-18 12:22:14 - [TEST_STEP][PASSED] - while (verifyElementText(findTestObject("Object Repository/Tablo/DurumBilgisiArsiv"), "Henüz Sonuçlanmadı", OPTIONAL)): Actual text 'Başarılı' and expected text 'Henüz Sonuçlanmadı' of test object 'Object Repository/Tablo/DurumBilgisiArsiv' are NOT matched. (Root cause: com.kms.katalon.core.exception.StepFailedException: Actual text 'Başarılı' and expected text 'Henüz Sonuçlanmadı' of test object 'Object Repository/Tablo/DurumBilgisiArsiv' are NOT matched.
	at com.kms.katalon.core.webui.keyword.internal.WebUIKeywordMain.stepFailed(WebUIKeywordMain.groovy:64)
	at com.kms.katalon.core.webui.keyword.builtin.VerifyElementTextKeyword$_verifyElementText_closure1.doCall(VerifyElementTextKeyword.groovy:57)
	at com.kms.katalon.core.webui.keyword.builtin.VerifyElementTextKeyword$_verifyElementText_closure1.call(VerifyElementTextKeyword.groovy)
	at com.kms.katalon.core.webui.keyword.internal.WebUIKeywordMain.runKeyword(WebUIKeywordMain.groovy:20)
	at com.kms.katalon.core.webui.keyword.builtin.VerifyElementTextKeyword.verifyElementText(VerifyElementTextKeyword.groovy:72)
	at com.kms.katalon.core.webui.keyword.builtin.VerifyElementTextKeyword.execute(VerifyElementTextKeyword.groovy:40)
	at com.kms.katalon.core.keyword.internal.KeywordExecutor.executeKeywordForPlatform(KeywordExecutor.groovy:73)
	at com.kms.katalon.core.webui.keyword.WebUiBuiltInKeywords.verifyElementText(WebUiBuiltInKeywords.groovy:4733)
	at com.kms.katalon.core.webui.keyword.WebUiBuiltInKeywords$verifyElementText$20.call(Unknown Source)
	at TablodaVeriBasariliMiArsiv.run(TablodaVeriBasariliMiArsiv:22)
	at com.kms.katalon.core.main.ScriptEngine.run(ScriptEngine.java:194)
	at com.kms.katalon.core.main.ScriptEngine.runScriptAsRawText(ScriptEngine.java:119)
	at com.kms.katalon.core.main.TestCaseExecutor.runScript(TestCaseExecutor.java:369)
	at com.kms.katalon.core.main.TestCaseExecutor.doExecute(TestCaseExecutor.java:360)
	at com.kms.katalon.core.main.TestCaseExecutor.processExecutionPhase(TestCaseExecutor.java:339)
	at com.kms.katalon.core.main.TestCaseExecutor.accessMainPhase(TestCaseExecutor.java:331)
	at com.kms.katalon.core.main.TestCaseExecutor.execute(TestCaseExecutor.java:248)
	at com.kms.katalon.core.main.TestCaseMain.runTestCase(TestCaseMain.java:138)
	at com.kms.katalon.core.keyword.builtin.CallTestCaseKeyword$_callTestCase_closure1.doCall(CallTestCaseKeyword.groovy:59)
	at com.kms.katalon.core.keyword.builtin.CallTestCaseKeyword$_callTestCase_closure1.call(CallTestCaseKeyword.groovy)
	at com.kms.katalon.core.keyword.internal.KeywordMain.runKeyword(KeywordMain.groovy:68)
	at com.kms.katalon.core.keyword.builtin.CallTestCaseKeyword.callTestCase(CallTestCaseKeyword.groovy:81)
	at com.kms.katalon.core.keyword.builtin.CallTestCaseKeyword.execute(CallTestCaseKeyword.groovy:44)
	at com.kms.katalon.core.keyword.internal.KeywordExecutor.executeKeywordForPlatform(KeywordExecutor.groovy:73)
	at com.kms.katalon.core.keyword.BuiltinKeywords.callTestCase(BuiltinKeywords.groovy:334)
	at tablo.tablo.tablodaVeriBasariliMiArsiv(tablo.groovy:95)
	at cucumber.runtime.Utils$1.call(Utils.java:26)
	at cucumber.runtime.Timeout.timeout(Timeout.java:16)
	at cucumber.runtime.Utils.invoke(Utils.java:20)
	at cucumber.runtime.java.JavaStepDefinition.execute(JavaStepDefinition.java:49)
	at cucumber.runner.PickleStepDefinitionMatch.runStep(PickleStepDefinitionMatch.java:50)
	at cucumber.runner.TestStep.executeStep(TestStep.java:63)
	at cucumber.runner.TestStep.run(TestStep.java:49)
	at cucumber.runner.PickleStepTestStep.run(PickleStepTestStep.java:43)
	at cucumber.runner.TestCase.run(TestCase.java:44)
	at cucumber.runner.Runner.runPickle(Runner.java:40)
	at cucumber.runtime.Runtime$1.run(Runtime.java:84)
	at cucumber.runtime.Runtime$SameThreadExecutorService.execute(Runtime.java:220)
	at cucumber.runtime.Runtime.run(Runtime.java:81)
	at cucumber.api.cli.Main.run(Main.java:26)
	at cucumber.api.cli.Main$run.call(Unknown Source)
	at com.kms.katalon.core.cucumber.keyword.CucumberBuiltinKeywords$_runFeatureFile_closure1.doCall(CucumberBuiltinKeywords.groovy:106)
	at com.kms.katalon.core.cucumber.keyword.CucumberBuiltinKeywords$_runFeatureFile_closure1.doCall(CucumberBuiltinKeywords.groovy)
	at com.kms.katalon.core.keyword.internal.KeywordMain.runKeyword(KeywordMain.groovy:68)
	at com.kms.katalon.core.keyword.internal.KeywordMain$runKeyword.call(Unknown Source)
	at com.kms.katalon.core.cucumber.keyword.CucumberBuiltinKeywords.runFeatureFile(CucumberBuiltinKeywords.groovy:73)
	at com.kms.katalon.core.cucumber.keyword.CucumberBuiltinKeywords$runFeatureFile$0.callStatic(Unknown Source)
	at com.kms.katalon.core.cucumber.keyword.CucumberBuiltinKeywords.runFeatureFile(CucumberBuiltinKeywords.groovy:246)
	at com.kms.katalon.core.cucumber.keyword.CucumberBuiltinKeywords$runFeatureFile.call(Unknown Source)
	at VKN-Kagit-Ozel Matrah.run(VKN-Kagit-Ozel Matrah:19)
	at com.kms.katalon.core.main.ScriptEngine.run(ScriptEngine.java:194)
	at com.kms.katalon.core.main.ScriptEngine.runScriptAsRawText(ScriptEngine.java:119)
	at com.kms.katalon.core.main.TestCaseExecutor.runScript(TestCaseExecutor.java:369)
	at com.kms.katalon.core.main.TestCaseExecutor.doExecute(TestCaseExecutor.java:360)
	at com.kms.katalon.core.main.TestCaseExecutor.processExecutionPhase(TestCaseExecutor.java:339)
	at com.kms.katalon.core.main.TestCaseExecutor.accessMainPhase(TestCaseExecutor.java:331)
	at com.kms.katalon.core.main.TestCaseExecutor.execute(TestCaseExecutor.java:248)
	at com.kms.katalon.core.main.TestSuiteExecutor.accessTestCaseMainPhase(TestSuiteExecutor.java:191)
	at com.kms.katalon.core.main.TestSuiteExecutor.accessTestSuiteMainPhase(TestSuiteExecutor.java:140)
	at com.kms.katalon.core.main.TestSuiteExecutor.execute(TestSuiteExecutor.java:89)
	at com.kms.katalon.core.main.TestCaseMain.startTestSuite(TestCaseMain.java:181)
	at com.kms.katalon.core.main.TestCaseMain$startTestSuite$0.call(Unknown Source)
	at TempTestSuite1637225344330.run(TempTestSuite1637225344330.groovy:39)
)

2021-11-18 12:22:14 - [MESSAGE][INFO] - Finding Test Object 'Object Repository/Tablo/DurumBilgisiArsiv'

2021-11-18 12:22:14 - [MESSAGE][INFO] - Checking object

2021-11-18 12:22:14 - [MESSAGE][INFO] - Finding web element from Test Object's properties

2021-11-18 12:22:14 - [MESSAGE][INFO] - Checking timeout

2021-11-18 12:22:14 - [MESSAGE][INFO] - Finding web element with id: 'Object Repository/Tablo/DurumBilgisiArsiv' located by 'By.xpath: //*[@id = 'GridViewEArchiveInvoices_tccell0_9']' in '30' second(s)

2021-11-18 12:22:14 - [MESSAGE][INFO] - Smart Wait Function is triggered

2021-11-18 12:22:14 - [MESSAGE][INFO] - Found 1 web elements with id: 'Object Repository/Tablo/DurumBilgisiArsiv' located by 'By.xpath: //*[@id = 'GridViewEArchiveInvoices_tccell0_9']' in '30' second(s)

2021-11-18 12:22:14 - [MESSAGE][WARNING] - Actual text 'Başarılı' and expected text 'Henüz Sonuçlanmadı' of test object 'Object Repository/Tablo/DurumBilgisiArsiv' are NOT matched. (Root cause: com.kms.katalon.core.exception.StepFailedException: Actual text 'Başarılı' and expected text 'Henüz Sonuçlanmadı' of test object 'Object Repository/Tablo/DurumBilgisiArsiv' are NOT matched.
	at com.kms.katalon.core.webui.keyword.internal.WebUIKeywordMain.stepFailed(WebUIKeywordMain.groovy:64)
	at com.kms.katalon.core.webui.keyword.builtin.VerifyElementTextKeyword$_verifyElementText_closure1.doCall(VerifyElementTextKeyword.groovy:57)
	at com.kms.katalon.core.webui.keyword.builtin.VerifyElementTextKeyword$_verifyElementText_closure1.call(VerifyElementTextKeyword.groovy)
	at com.kms.katalon.core.webui.keyword.internal.WebUIKeywordMain.runKeyword(WebUIKeywordMain.groovy:20)
	at com.kms.katalon.core.webui.keyword.builtin.VerifyElementTextKeyword.verifyElementText(VerifyElementTextKeyword.groovy:72)
	at com.kms.katalon.core.webui.keyword.builtin.VerifyElementTextKeyword.execute(VerifyElementTextKeyword.groovy:40)
	at com.kms.katalon.core.keyword.internal.KeywordExecutor.executeKeywordForPlatform(KeywordExecutor.groovy:73)
	at com.kms.katalon.core.webui.keyword.WebUiBuiltInKeywords.verifyElementText(WebUiBuiltInKeywords.groovy:4733)
	at com.kms.katalon.core.webui.keyword.WebUiBuiltInKeywords$verifyElementText$20.call(Unknown Source)
	at TablodaVeriBasariliMiArsiv.run(TablodaVeriBasariliMiArsiv:22)
	at com.kms.katalon.core.main.ScriptEngine.run(ScriptEngine.java:194)
	at com.kms.katalon.core.main.ScriptEngine.runScriptAsRawText(ScriptEngine.java:119)
	at com.kms.katalon.core.main.TestCaseExecutor.runScript(TestCaseExecutor.java:369)
	at com.kms.katalon.core.main.TestCaseExecutor.doExecute(TestCaseExecutor.java:360)
	at com.kms.katalon.core.main.TestCaseExecutor.processExecutionPhase(TestCaseExecutor.java:339)
	at com.kms.katalon.core.main.TestCaseExecutor.accessMainPhase(TestCaseExecutor.java:331)
	at com.kms.katalon.core.main.TestCaseExecutor.execute(TestCaseExecutor.java:248)
	at com.kms.katalon.core.main.TestCaseMain.runTestCase(TestCaseMain.java:138)
	at com.kms.katalon.core.keyword.builtin.CallTestCaseKeyword$_callTestCase_closure1.doCall(CallTestCaseKeyword.groovy:59)
	at com.kms.katalon.core.keyword.builtin.CallTestCaseKeyword$_callTestCase_closure1.call(CallTestCaseKeyword.groovy)
	at com.kms.katalon.core.keyword.internal.KeywordMain.runKeyword(KeywordMain.groovy:68)
	at com.kms.katalon.core.keyword.builtin.CallTestCaseKeyword.callTestCase(CallTestCaseKeyword.groovy:81)
	at com.kms.katalon.core.keyword.builtin.CallTestCaseKeyword.execute(CallTestCaseKeyword.groovy:44)
	at com.kms.katalon.core.keyword.internal.KeywordExecutor.executeKeywordForPlatform(KeywordExecutor.groovy:73)
	at com.kms.katalon.core.keyword.BuiltinKeywords.callTestCase(BuiltinKeywords.groovy:334)
	at tablo.tablo.tablodaVeriBasariliMiArsiv(tablo.groovy:95)
	at cucumber.runtime.Utils$1.call(Utils.java:26)
	at cucumber.runtime.Timeout.timeout(Timeout.java:16)
	at cucumber.runtime.Utils.invoke(Utils.java:20)
	at cucumber.runtime.java.JavaStepDefinition.execute(JavaStepDefinition.java:49)
	at cucumber.runner.PickleStepDefinitionMatch.runStep(PickleStepDefinitionMatch.java:50)
	at cucumber.runner.TestStep.executeStep(TestStep.java:63)
	at cucumber.runner.TestStep.run(TestStep.java:49)
	at cucumber.runner.PickleStepTestStep.run(PickleStepTestStep.java:43)
	at cucumber.runner.TestCase.run(TestCase.java:44)
	at cucumber.runner.Runner.runPickle(Runner.java:40)
	at cucumber.runtime.Runtime$1.run(Runtime.java:84)
	at cucumber.runtime.Runtime$SameThreadExecutorService.execute(Runtime.java:220)
	at cucumber.runtime.Runtime.run(Runtime.java:81)
	at cucumber.api.cli.Main.run(Main.java:26)
	at cucumber.api.cli.Main$run.call(Unknown Source)
	at com.kms.katalon.core.cucumber.keyword.CucumberBuiltinKeywords$_runFeatureFile_closure1.doCall(CucumberBuiltinKeywords.groovy:106)
	at com.kms.katalon.core.cucumber.keyword.CucumberBuiltinKeywords$_runFeatureFile_closure1.doCall(CucumberBuiltinKeywords.groovy)
	at com.kms.katalon.core.keyword.internal.KeywordMain.runKeyword(KeywordMain.groovy:68)
	at com.kms.katalon.core.keyword.internal.KeywordMain$runKeyword.call(Unknown Source)
	at com.kms.katalon.core.cucumber.keyword.CucumberBuiltinKeywords.runFeatureFile(CucumberBuiltinKeywords.groovy:73)
	at com.kms.katalon.core.cucumber.keyword.CucumberBuiltinKeywords$runFeatureFile$0.callStatic(Unknown Source)
	at com.kms.katalon.core.cucumber.keyword.CucumberBuiltinKeywords.runFeatureFile(CucumberBuiltinKeywords.groovy:246)
	at com.kms.katalon.core.cucumber.keyword.CucumberBuiltinKeywords$runFeatureFile.call(Unknown Source)
	at VKN-Kagit-Ozel Matrah.run(VKN-Kagit-Ozel Matrah:19)
	at com.kms.katalon.core.main.ScriptEngine.run(ScriptEngine.java:194)
	at com.kms.katalon.core.main.ScriptEngine.runScriptAsRawText(ScriptEngine.java:119)
	at com.kms.katalon.core.main.TestCaseExecutor.runScript(TestCaseExecutor.java:369)
	at com.kms.katalon.core.main.TestCaseExecutor.doExecute(TestCaseExecutor.java:360)
	at com.kms.katalon.core.main.TestCaseExecutor.processExecutionPhase(TestCaseExecutor.java:339)
	at com.kms.katalon.core.main.TestCaseExecutor.accessMainPhase(TestCaseExecutor.java:331)
	at com.kms.katalon.core.main.TestCaseExecutor.execute(TestCaseExecutor.java:248)
	at com.kms.katalon.core.main.TestSuiteExecutor.accessTestCaseMainPhase(TestSuiteExecutor.java:191)
	at com.kms.katalon.core.main.TestSuiteExecutor.accessTestSuiteMainPhase(TestSuiteExecutor.java:140)
	at com.kms.katalon.core.main.TestSuiteExecutor.execute(TestSuiteExecutor.java:89)
	at com.kms.katalon.core.main.TestCaseMain.startTestSuite(TestCaseMain.java:181)
	at com.kms.katalon.core.main.TestCaseMain$startTestSuite$0.call(Unknown Source)
	at TempTestSuite1637225344330.run(TempTestSuite1637225344330.groovy:39)
)

2021-11-18 12:22:14 - [TEST_STEP][PASSED] - Method.TextDegerineEsitElementVarMi(findTestObject("Object Repository/Tablo/DurumBilgisiArsiv"), "Başarılı"): Method.TextDegerineEsitElementVarMi is PASSED

2021-11-18 12:22:14 - [MESSAGE][INFO] - Finding Test Object 'Object Repository/Tablo/DurumBilgisiArsiv'

2021-11-18 12:22:14 - [MESSAGE][INFO] - Checking timeout

2021-11-18 12:22:14 - [MESSAGE][INFO] - Finding web element with id: 'Object Repository/Tablo/DurumBilgisiArsiv' located by 'By.xpath: //*[@id = 'GridViewEArchiveInvoices_tccell0_9']' in '10' second(s)

2021-11-18 12:22:14 - [MESSAGE][INFO] - Smart Wait Function is triggered

2021-11-18 12:22:15 - [MESSAGE][INFO] - Found 1 web elements with id: 'Object Repository/Tablo/DurumBilgisiArsiv' located by 'By.xpath: //*[@id = 'GridViewEArchiveInvoices_tccell0_9']' in '10' second(s)

2021-11-18 12:22:15 - [MESSAGE][PASSED] - Method.TextDegerineEsitElementVarMi is PASSED

2021-11-18 12:22:15 - [MESSAGE][PASSED] - Call Test Case 'Test Cases/Tablo/TablodaVeriBasariliMiArsiv' successfully

2021-11-18 12:22:15 - [MESSAGE][INFO] - Checking called Test Case

2021-11-18 12:22:15 - [MESSAGE][INFO] - Starting to call Test Case 'Test Cases/Kullanici_Islemleri/KullaniciIslemlerindenSecimYapilir'

2021-11-18 12:22:15 - [TEST_CASE][PASSED] - Test Cases/Kullanici_Islemleri/KullaniciIslemlerindenSecimYapilir: Test Cases/Kullanici_Islemleri/KullaniciIslemlerindenSecimYapilir

2021-11-18 12:22:15 - [TEST_STEP][PASSED] - waitForElementClickable(findTestObject("Object Repository/Kullanici_Islemleri/KullaniciIslemleri"), 10): Object 'Object Repository/Kullanici_Islemleri/KullaniciIslemleri' is clickable

2021-11-18 12:22:15 - [MESSAGE][INFO] - Finding Test Object 'Object Repository/Kullanici_Islemleri/KullaniciIslemleri'

2021-11-18 12:22:15 - [MESSAGE][INFO] - Checking object

2021-11-18 12:22:15 - [MESSAGE][INFO] - Checking timeout

2021-11-18 12:22:15 - [MESSAGE][INFO] - Finding web element from Test Object's properties

2021-11-18 12:22:15 - [MESSAGE][INFO] - Checking timeout

2021-11-18 12:22:15 - [MESSAGE][INFO] - Finding web element with id: 'Object Repository/Kullanici_Islemleri/KullaniciIslemleri' located by 'By.cssSelector: .dropdown>a>img' in '10' second(s)

2021-11-18 12:22:15 - [MESSAGE][INFO] - Smart Wait Function is triggered

2021-11-18 12:22:15 - [MESSAGE][INFO] - Found 1 web elements with id: 'Object Repository/Kullanici_Islemleri/KullaniciIslemleri' located by 'By.cssSelector: .dropdown>a>img' in '10' second(s)

2021-11-18 12:22:15 - [MESSAGE][PASSED] - Object 'Object Repository/Kullanici_Islemleri/KullaniciIslemleri' is clickable

2021-11-18 12:22:15 - [TEST_STEP][PASSED] - click(findTestObject("Object Repository/Kullanici_Islemleri/KullaniciIslemleri")): Object: 'Object Repository/Kullanici_Islemleri/KullaniciIslemleri' is clicked on

2021-11-18 12:22:15 - [MESSAGE][INFO] - Finding Test Object 'Object Repository/Kullanici_Islemleri/KullaniciIslemleri'

2021-11-18 12:22:15 - [MESSAGE][INFO] - Checking object

2021-11-18 12:22:15 - [MESSAGE][INFO] - Finding web element from Test Object's properties

2021-11-18 12:22:15 - [MESSAGE][INFO] - Checking timeout

2021-11-18 12:22:15 - [MESSAGE][INFO] - Finding web element with id: 'Object Repository/Kullanici_Islemleri/KullaniciIslemleri' located by 'By.cssSelector: .dropdown>a>img' in '30' second(s)

2021-11-18 12:22:15 - [MESSAGE][INFO] - Smart Wait Function is triggered

2021-11-18 12:22:15 - [MESSAGE][INFO] - Found 1 web elements with id: 'Object Repository/Kullanici_Islemleri/KullaniciIslemleri' located by 'By.cssSelector: .dropdown>a>img' in '30' second(s)

2021-11-18 12:22:15 - [MESSAGE][INFO] - Clicking on object: 'Object Repository/Kullanici_Islemleri/KullaniciIslemleri'

2021-11-18 12:22:15 - [MESSAGE][PASSED] - Object: 'Object Repository/Kullanici_Islemleri/KullaniciIslemleri' is clicked on

2021-11-18 12:22:15 - [TEST_STEP][PASSED] - Method.TextDegerineEsitElementeTikla(findTestObject("Object Repository/Kullanici_Islemleri/Secenekler"), Islem): Method.TextDegerineEsitElementeTikla is PASSED

2021-11-18 12:22:15 - [MESSAGE][INFO] - Finding Test Object 'Object Repository/Kullanici_Islemleri/Secenekler'

2021-11-18 12:22:16 - [MESSAGE][INFO] - Checking timeout

2021-11-18 12:22:16 - [MESSAGE][INFO] - Finding web element with id: 'Object Repository/Kullanici_Islemleri/Secenekler' located by 'By.cssSelector: .nav.navbar-nav.navbar-right li a' in '10' second(s)

2021-11-18 12:22:16 - [MESSAGE][INFO] - Smart Wait Function is triggered

2021-11-18 12:22:16 - [MESSAGE][INFO] - Found 20 web elements with id: 'Object Repository/Kullanici_Islemleri/Secenekler' located by 'By.cssSelector: .nav.navbar-nav.navbar-right li a' in '10' second(s)

2021-11-18 12:22:17 - [MESSAGE][PASSED] - Method.TextDegerineEsitElementeTikla is PASSED

2021-11-18 12:22:17 - [TEST_STEP][PASSED] - verifyElementNotPresent(findTestObject("Object Repository/Kullanici_Islemleri/Secenekler"), 10): Web element with id: 'Object Repository/Kullanici_Islemleri/Secenekler' located by 'By.cssSelector: .nav.navbar-nav.navbar-right li a' is not present after '10' second(s)

2021-11-18 12:22:17 - [MESSAGE][INFO] - Finding Test Object 'Object Repository/Kullanici_Islemleri/Secenekler'

2021-11-18 12:22:17 - [MESSAGE][INFO] - Checking object

2021-11-18 12:22:17 - [MESSAGE][INFO] - Checking timeout

2021-11-18 12:22:17 - [MESSAGE][INFO] - Finding web element with id: 'Object Repository/Kullanici_Islemleri/Secenekler' located by 'By.cssSelector: .nav.navbar-nav.navbar-right li a' in '10' second(s)

2021-11-18 12:22:17 - [MESSAGE][INFO] - Smart Wait Function is triggered

2021-11-18 12:22:18 - [MESSAGE][PASSED] - Web element with id: 'Object Repository/Kullanici_Islemleri/Secenekler' located by 'By.cssSelector: .nav.navbar-nav.navbar-right li a' is not present after '10' second(s)

2021-11-18 12:22:18 - [MESSAGE][PASSED] - Call Test Case 'Test Cases/Kullanici_Islemleri/KullaniciIslemlerindenSecimYapilir' successfully

2021-11-18 12:22:18 - [TEST_CASE][PASSED] - Start Test Case : SCENARIO Gonderim tipi Kagit ve Ozel Matrah tipinde e-Arsiv faturasi olusturulmasi: SCENARIO Gonderim tipi Kagit ve Ozel Matrah tipinde e-Arsiv faturasi olusturulmasi

2021-11-18 12:22:18 - [TEST_STEP][PASSED] - Kullanıcı adı EARMATRAH ve Şifre test1234 olarak giriş yapılır: Kullanıcı adı EARMATRAH ve Şifre test1234 olarak giriş yapılır

2021-11-18 12:22:18 - [MESSAGE][PASSED] - Kullanıcı adı EARMATRAH ve Şifre test1234 olarak giriş yapılır

2021-11-18 12:22:18 - [TEST_STEP][PASSED] - Ana menüden e-Arşiv seçilir: Ana menüden e-Arşiv seçilir

2021-11-18 12:22:18 - [MESSAGE][PASSED] - Ana menüden e-Arşiv seçilir

2021-11-18 12:22:18 - [TEST_STEP][PASSED] - Alt menü e-Arşiv Araçları başlığı altındaki e-Arşiv Fatura Oluşturma seçilir: Alt menü e-Arşiv Araçları başlığı altındaki e-Arşiv Fatura Oluşturma seçilir

2021-11-18 12:22:18 - [MESSAGE][PASSED] - Alt menü e-Arşiv Araçları başlığı altındaki e-Arşiv Fatura Oluşturma seçilir

2021-11-18 12:22:18 - [TEST_STEP][PASSED] - Tablodaki tüm veriler silinir: Tablodaki tüm veriler silinir

2021-11-18 12:22:18 - [MESSAGE][PASSED] - Tablodaki tüm veriler silinir

2021-11-18 12:22:18 - [TEST_STEP][PASSED] - Butonlardan Ekle isimli butona tıklanır: Butonlardan Ekle isimli butona tıklanır

2021-11-18 12:22:18 - [MESSAGE][PASSED] - Butonlardan Ekle isimli butona tıklanır

2021-11-18 12:22:18 - [TEST_STEP][PASSED] - Görsel tasarım sayfasının e-Arşiv Fatura Bilgileri başlığını içerdiği kontrol edilir: Görsel tasarım sayfasının e-Arşiv Fatura Bilgileri başlığını içerdiği kontrol edilir

2021-11-18 12:22:18 - [MESSAGE][PASSED] - Görsel tasarım sayfasının e-Arşiv Fatura Bilgileri başlığını içerdiği kontrol edilir

2021-11-18 12:22:18 - [TEST_STEP][PASSED] - Alıcı adı alanına UC0014 girilir: Alıcı adı alanına UC0014 girilir

2021-11-18 12:22:18 - [MESSAGE][PASSED] - Alıcı adı alanına UC0014 girilir

2021-11-18 12:22:18 - [TEST_STEP][PASSED] - Gönderim Şekli Kağıt olarak seçilir: Gönderim Şekli Kağıt olarak seçilir

2021-11-18 12:22:18 - [MESSAGE][PASSED] - Gönderim Şekli Kağıt olarak seçilir

2021-11-18 12:22:18 - [TEST_STEP][PASSED] - Tip alanından Özel Matrah seçilir: Tip alanından Özel Matrah seçilir

2021-11-18 12:22:18 - [MESSAGE][PASSED] - Tip alanından Özel Matrah seçilir

2021-11-18 12:22:18 - [TEST_STEP][PASSED] - Döküman Para Birimi alanından Türk Lirası seçilir: Döküman Para Birimi alanından Türk Lirası seçilir

2021-11-18 12:22:18 - [MESSAGE][PASSED] - Döküman Para Birimi alanından Türk Lirası seçilir

2021-11-18 12:22:18 - [TEST_STEP][PASSED] - Ön Ek EAR olarak seçilir: Ön Ek EAR olarak seçilir

2021-11-18 12:22:18 - [MESSAGE][PASSED] - Ön Ek EAR olarak seçilir

2021-11-18 12:22:18 - [TEST_STEP][PASSED] - Tasarım alanından Otomasyon seçilir: Tasarım alanından Otomasyon seçilir

2021-11-18 12:22:18 - [MESSAGE][PASSED] - Tasarım alanından Otomasyon seçilir

2021-11-18 12:22:18 - [TEST_STEP][PASSED] - Sipariş bilgileri UUC-SAT-1200001 ve 31.04.2020 olarak girilir: Sipariş bilgileri UUC-SAT-1200001 ve 31.04.2020 olarak girilir

2021-11-18 12:22:18 - [MESSAGE][PASSED] - Sipariş bilgileri UUC-SAT-1200001 ve 31.04.2020 olarak girilir

2021-11-18 12:22:18 - [TEST_STEP][PASSED] - İrsaliye Bilgileri AAAAAAAAAA,31.04.2020 olarak girilir: İrsaliye Bilgileri AAAAAAAAAA,31.04.2020 olarak girilir

2021-11-18 12:22:18 - [MESSAGE][PASSED] - İrsaliye Bilgileri AAAAAAAAAA,31.04.2020 olarak girilir

2021-11-18 12:22:18 - [TEST_STEP][PASSED] - Ekle butonuna basılır: Ekle butonuna basılır

2021-11-18 12:22:18 - [MESSAGE][PASSED] - Ekle butonuna basılır

2021-11-18 12:22:18 - [TEST_STEP][PASSED] - Ürün ekleme alanında Mal/Hizmet başlığına Otomasyon girilir: Ürün ekleme alanında Mal/Hizmet başlığına Otomasyon girilir

2021-11-18 12:22:18 - [MESSAGE][PASSED] - Ürün ekleme alanında Mal/Hizmet başlığına Otomasyon girilir

2021-11-18 12:22:18 - [TEST_STEP][PASSED] - Ürün ekleme alanında Açıklaması başlığına Virgosol girilir: Ürün ekleme alanında Açıklaması başlığına Virgosol girilir

2021-11-18 12:22:18 - [MESSAGE][PASSED] - Ürün ekleme alanında Açıklaması başlığına Virgosol girilir

2021-11-18 12:22:18 - [TEST_STEP][PASSED] - Ürün ekleme alanında Miktarı başlığına 400 girilir: Ürün ekleme alanında Miktarı başlığına 400 girilir

2021-11-18 12:22:18 - [MESSAGE][PASSED] - Ürün ekleme alanında Miktarı başlığına 400 girilir

2021-11-18 12:22:18 - [TEST_STEP][PASSED] - Ürün ekleme alanında Birim Fiyat başlığına 100 girilir: Ürün ekleme alanında Birim Fiyat başlığına 100 girilir

2021-11-18 12:22:18 - [MESSAGE][PASSED] - Ürün ekleme alanında Birim Fiyat başlığına 100 girilir

2021-11-18 12:22:18 - [TEST_STEP][PASSED] - Ürün ekleme alanında İskonto Oranı % başlığına 10 girilir: Ürün ekleme alanında İskonto Oranı % başlığına 10 girilir

2021-11-18 12:22:18 - [MESSAGE][PASSED] - Ürün ekleme alanında İskonto Oranı % başlığına 10 girilir

2021-11-18 12:22:18 - [TEST_STEP][PASSED] - Notlar alanına Otomasyon Not girilir: Notlar alanına Otomasyon Not girilir

2021-11-18 12:22:18 - [MESSAGE][PASSED] - Notlar alanına Otomasyon Not girilir

2021-11-18 12:22:18 - [TEST_STEP][PASSED] - Ettn bilgisi kayıt edilir: Ettn bilgisi kayıt edilir

2021-11-18 12:22:18 - [MESSAGE][PASSED] - Ettn bilgisi kayıt edilir

2021-11-18 12:22:18 - [TEST_STEP][PASSED] - Kaydet butonu seçilir: Kaydet butonu seçilir

2021-11-18 12:22:18 - [MESSAGE][PASSED] - Kaydet butonu seçilir

2021-11-18 12:22:18 - [TEST_STEP][PASSED] - Tabloda Ettn bilgisi kaydedilen veri oluşturuldu mu: Tabloda Ettn bilgisi kaydedilen veri oluşturuldu mu

2021-11-18 12:22:18 - [MESSAGE][PASSED] - Tabloda Ettn bilgisi kaydedilen veri oluşturuldu mu

2021-11-18 12:22:18 - [TEST_STEP][PASSED] - Tablodan Ettn bilgisi kaydedilen veri seçilir: Tablodan Ettn bilgisi kaydedilen veri seçilir

2021-11-18 12:22:18 - [MESSAGE][PASSED] - Tablodan Ettn bilgisi kaydedilen veri seçilir

2021-11-18 12:22:18 - [TEST_STEP][PASSED] - Butonlardan Numara Oluştur isimli butona tıklanır: Butonlardan Numara Oluştur isimli butona tıklanır

2021-11-18 12:22:18 - [MESSAGE][PASSED] - Butonlardan Numara Oluştur isimli butona tıklanır

2021-11-18 12:22:18 - [TEST_STEP][PASSED] - Popup mesajı Devam etmek istiyor musunuz içeriyor mu: Popup mesajı Devam etmek istiyor musunuz içeriyor mu

2021-11-18 12:22:18 - [MESSAGE][PASSED] - Popup mesajı Devam etmek istiyor musunuz içeriyor mu

2021-11-18 12:22:18 - [TEST_STEP][PASSED] - Yönetim popupında Evet seçilir: Yönetim popupında Evet seçilir

2021-11-18 12:22:18 - [MESSAGE][PASSED] - Yönetim popupında Evet seçilir

2021-11-18 12:22:18 - [TEST_STEP][PASSED] - Popup mesajı oluşmuştur içeriyor mu: Popup mesajı oluşmuştur içeriyor mu

2021-11-18 12:22:18 - [MESSAGE][PASSED] - Popup mesajı oluşmuştur içeriyor mu

2021-11-18 12:22:18 - [TEST_STEP][PASSED] - Yönetim popupında Tamam seçilir: Yönetim popupında Tamam seçilir

2021-11-18 12:22:18 - [MESSAGE][PASSED] - Yönetim popupında Tamam seçilir

2021-11-18 12:22:18 - [TEST_STEP][PASSED] - Tablodan Ettn bilgisi kaydedilen veri seçilir: Tablodan Ettn bilgisi kaydedilen veri seçilir

2021-11-18 12:22:18 - [MESSAGE][PASSED] - Tablodan Ettn bilgisi kaydedilen veri seçilir

2021-11-18 12:22:18 - [TEST_STEP][PASSED] - Butonlardan Gönder isimli butona tıklanır: Butonlardan Gönder isimli butona tıklanır

2021-11-18 12:22:18 - [MESSAGE][PASSED] - Butonlardan Gönder isimli butona tıklanır

2021-11-18 12:22:18 - [TEST_STEP][PASSED] - Popup mesajı Devam etmek istiyor musunuz içeriyor mu: Popup mesajı Devam etmek istiyor musunuz içeriyor mu

2021-11-18 12:22:18 - [MESSAGE][PASSED] - Popup mesajı Devam etmek istiyor musunuz içeriyor mu

2021-11-18 12:22:18 - [TEST_STEP][PASSED] - Yönetim popupında Evet seçilir: Yönetim popupında Evet seçilir

2021-11-18 12:22:18 - [MESSAGE][PASSED] - Yönetim popupında Evet seçilir

2021-11-18 12:22:18 - [TEST_STEP][PASSED] - Ana menüden e-Arşiv seçilir: Ana menüden e-Arşiv seçilir

2021-11-18 12:22:18 - [MESSAGE][PASSED] - Ana menüden e-Arşiv seçilir

2021-11-18 12:22:18 - [TEST_STEP][PASSED] - Alt menü e-Arşiv Hareketleri başlığı altındaki e-Arşiv Faturaları seçilir: Alt menü e-Arşiv Hareketleri başlığı altındaki e-Arşiv Faturaları seçilir

2021-11-18 12:22:18 - [MESSAGE][PASSED] - Alt menü e-Arşiv Hareketleri başlığı altındaki e-Arşiv Faturaları seçilir

2021-11-18 12:22:18 - [TEST_STEP][PASSED] - Filtrelerden Ettn filtresine Ettn bilgisi yaz: Filtrelerden Ettn filtresine Ettn bilgisi yaz

2021-11-18 12:22:18 - [MESSAGE][PASSED] - Filtrelerden Ettn filtresine Ettn bilgisi yaz

2021-11-18 12:22:18 - [TEST_STEP][PASSED] - Filtre butonlarından Listele seçilir: Filtre butonlarından Listele seçilir

2021-11-18 12:22:18 - [MESSAGE][PASSED] - Filtre butonlarından Listele seçilir

2021-11-18 12:22:18 - [TEST_STEP][PASSED] - Tabloda veri var mı kontrol edilir: Tabloda veri var mı kontrol edilir

2021-11-18 12:22:18 - [MESSAGE][PASSED] - Tabloda veri var mı kontrol edilir

2021-11-18 12:22:18 - [TEST_STEP][PASSED] - Tabloda yeni oluşturulan eArsiv verisi başarılı mı: Tabloda yeni oluşturulan eArsiv verisi başarılı mı

2021-11-18 12:22:18 - [MESSAGE][PASSED] - Tabloda yeni oluşturulan eArsiv verisi başarılı mı

2021-11-18 12:22:18 - [TEST_STEP][PASSED] - Kullanıcı işlemlerinden Çıkış seçilir: Kullanıcı işlemlerinden Çıkış seçilir

2021-11-18 12:22:18 - [MESSAGE][PASSED] - Kullanıcı işlemlerinden Çıkış seçilir

2021-11-18 12:22:18 - [MESSAGE][PASSED] - Feature file: 'Include/features/Regresyon/e-Arsiv/VKN-Kagit-Ozel Matrah.feature' was passed

2021-11-18 12:22:18 - [TEST_STEP][PASSED] - Start listener action : sampleAfterTestSuite: Invoke 'com.kms.katalon.core.annotation.AfterTestCase' method: 'Listener.sampleAfterTestSuite(...)' completed.

2021-11-18 12:22:18 - [MESSAGE][INFO] - Starting invoke 'com.kms.katalon.core.annotation.AfterTestCase' method: 'Listener.sampleAfterTestSuite(...)'

2021-11-18 12:22:18 - [TEST_STEP][PASSED] - closeBrowser(): Invoke 'com.kms.katalon.core.annotation.AfterTestCase' method: 'Listener.sampleAfterTestSuite(...)' completed.

2021-11-18 12:22:18 - [MESSAGE][INFO] - Closing browser

2021-11-18 12:22:18 - [MESSAGE][PASSED] - Browser is closed

2021-11-18 12:22:18 - [MESSAGE][INFO] - Invoke 'com.kms.katalon.core.annotation.AfterTestCase' method: 'Listener.sampleAfterTestSuite(...)' completed.]]></system-out>
         <system-err><![CDATA[]]></system-err>
      </testcase>
      <testcase name="Test Cases/Case Repository/Regresyon/e-Arsiv/VKN-Kagit-Satis" time="101.389" classname="Test Cases/Case Repository/Regresyon/e-Arsiv/VKN-Kagit-Satis" status="PASSED">
         <system-out><![CDATA[2021-11-18 12:22:18 - [TEST_CASE][PASSED] - Test Cases/Case Repository/Regresyon/e-Arsiv/VKN-Kagit-Satis: Test Cases/Case Repository/Regresyon/e-Arsiv/VKN-Kagit-Satis

2021-11-18 12:22:18 - [TEST_STEP][PASSED] - Start listener action : sampleBeforeTestSuite: Invoke 'com.kms.katalon.core.annotation.BeforeTestCase' method: 'Listener.sampleBeforeTestSuite(...)' completed.

2021-11-18 12:22:18 - [MESSAGE][INFO] - Starting invoke 'com.kms.katalon.core.annotation.BeforeTestCase' method: 'Listener.sampleBeforeTestSuite(...)'

2021-11-18 12:22:18 - [TEST_STEP][PASSED] - openBrowser(baseUrl): Browser is opened with url: 'https://efatura-stage.elogo.com.tr/'

2021-11-18 12:22:18 - [MESSAGE][INFO] - Opening browser

2021-11-18 12:22:18 - [MESSAGE][INFO] - Starting 'Chrome' driver

2021-11-18 12:22:18 - [MESSAGE][INFO] - User set preference: ['prefs', '{download.default_directory=C:\otomasyondownfiles}']

2021-11-18 12:22:18 - [MESSAGE][INFO] - Action delay is set to 0 milliseconds

2021-11-18 12:22:20 - [MESSAGE][INFO] - Navigating browser to: 'https://efatura-stage.elogo.com.tr/'

2021-11-18 12:22:23 - [MESSAGE][PASSED] - Browser is opened with url: 'https://efatura-stage.elogo.com.tr/'

2021-11-18 12:22:23 - [TEST_STEP][PASSED] - maximizeWindow(): Invoke 'com.kms.katalon.core.annotation.BeforeTestCase' method: 'Listener.sampleBeforeTestSuite(...)' completed.

2021-11-18 12:22:23 - [MESSAGE][INFO] - Maximizing current window

2021-11-18 12:22:23 - [MESSAGE][PASSED] - Current window maximized

2021-11-18 12:22:23 - [MESSAGE][INFO] - Invoke 'com.kms.katalon.core.annotation.BeforeTestCase' method: 'Listener.sampleBeforeTestSuite(...)' completed.

2021-11-18 12:22:23 - [TEST_STEP][PASSED] - runFeatureFile("Include/features/Regresyon/e-Arsiv/VKN-Kagit-Satis.feature"): Feature file: 'Include/features/Regresyon/e-Arsiv/VKN-Kagit-Satis.feature' was passed

2021-11-18 12:22:23 - [MESSAGE][INFO] - Starting run keyword runFeatureFile: 'Include/features/Regresyon/e-Arsiv/VKN-Kagit-Satis.feature' and extract report to folder: 'C:\Users\DELL\Documents\GitHub\EES_KatalonLogo\Reports\20211118_114904\Suite Repository\Regresyon-eArsiv-eMakbuz\20211118_114904/cucumber_report/1637227343736'...

2021-11-18 12:22:23 - [MESSAGE][INFO] - Glue: []

2021-11-18 12:22:24 - [MESSAGE][INFO] - Checking called Test Case

2021-11-18 12:22:24 - [MESSAGE][INFO] - Starting to call Test Case 'Test Cases/Sayfalar/Giris_Sayfasi/Login'

2021-11-18 12:22:24 - [TEST_CASE][PASSED] - Test Cases/Sayfalar/Giris_Sayfasi/Login: Test Cases/Sayfalar/Giris_Sayfasi/Login

2021-11-18 12:22:24 - [TEST_STEP][PASSED] - Sayfa_Basligi = getWindowTitle(): Current window's title is: 'LOGO e-Fatura'

2021-11-18 12:22:24 - [MESSAGE][INFO] - Getting current window's title

2021-11-18 12:22:24 - [MESSAGE][PASSED] - Current window's title is: 'LOGO e-Fatura'

2021-11-18 12:22:24 - [TEST_STEP][PASSED] - verifyMatch(Sayfa_Basligi, "LOGO e-Fatura", false): Actual text 'LOGO e-Fatura' and expected text 'LOGO e-Fatura' are matched 

2021-11-18 12:22:24 - [MESSAGE][INFO] - Matching actual text 'LOGO e-Fatura' with expected text 'LOGO e-Fatura'

2021-11-18 12:22:24 - [MESSAGE][PASSED] - Actual text 'LOGO e-Fatura' and expected text 'LOGO e-Fatura' are matched 

2021-11-18 12:22:24 - [TEST_STEP][PASSED] - sendKeys(findTestObject("Sayfalar/Giris_Sayfasi/Firma_Kodu"), KullaniciAdi): Keys 'EARSATIS' sent to object: 'Object Repository/Sayfalar/Giris_Sayfasi/Firma_Kodu'

2021-11-18 12:22:24 - [MESSAGE][INFO] - Finding Test Object 'Object Repository/Sayfalar/Giris_Sayfasi/Firma_Kodu'

2021-11-18 12:22:24 - [MESSAGE][INFO] - Sending keys 'EARSATIS' to object: 'Object Repository/Sayfalar/Giris_Sayfasi/Firma_Kodu'

2021-11-18 12:22:24 - [MESSAGE][INFO] - Finding web element from Test Object's properties

2021-11-18 12:22:24 - [MESSAGE][INFO] - Checking timeout

2021-11-18 12:22:24 - [MESSAGE][INFO] - Finding web element with id: 'Object Repository/Sayfalar/Giris_Sayfasi/Firma_Kodu' located by 'By.xpath: //*[@id = 'AccountName']' in '30' second(s)

2021-11-18 12:22:24 - [MESSAGE][INFO] - Smart Wait Function is triggered

2021-11-18 12:22:25 - [MESSAGE][INFO] - Found 1 web elements with id: 'Object Repository/Sayfalar/Giris_Sayfasi/Firma_Kodu' located by 'By.xpath: //*[@id = 'AccountName']' in '30' second(s)

2021-11-18 12:22:25 - [MESSAGE][PASSED] - Keys 'EARSATIS' sent to object: 'Object Repository/Sayfalar/Giris_Sayfasi/Firma_Kodu'

2021-11-18 12:22:25 - [TEST_STEP][PASSED] - sendKeys(findTestObject("Sayfalar/Giris_Sayfasi/Sifre"), Sifre): Keys 'test1234' sent to object: 'Object Repository/Sayfalar/Giris_Sayfasi/Sifre'

2021-11-18 12:22:25 - [MESSAGE][INFO] - Finding Test Object 'Object Repository/Sayfalar/Giris_Sayfasi/Sifre'

2021-11-18 12:22:25 - [MESSAGE][INFO] - Sending keys 'test1234' to object: 'Object Repository/Sayfalar/Giris_Sayfasi/Sifre'

2021-11-18 12:22:25 - [MESSAGE][INFO] - Finding web element from Test Object's properties

2021-11-18 12:22:25 - [MESSAGE][INFO] - Checking timeout

2021-11-18 12:22:25 - [MESSAGE][INFO] - Finding web element with id: 'Object Repository/Sayfalar/Giris_Sayfasi/Sifre' located by 'By.xpath: //*[@id = 'Password']' in '30' second(s)

2021-11-18 12:22:25 - [MESSAGE][INFO] - Smart Wait Function is triggered

2021-11-18 12:22:25 - [MESSAGE][INFO] - Found 1 web elements with id: 'Object Repository/Sayfalar/Giris_Sayfasi/Sifre' located by 'By.xpath: //*[@id = 'Password']' in '30' second(s)

2021-11-18 12:22:25 - [MESSAGE][PASSED] - Keys 'test1234' sent to object: 'Object Repository/Sayfalar/Giris_Sayfasi/Sifre'

2021-11-18 12:22:25 - [TEST_STEP][PASSED] - findWebElement(findTestObject("Sayfalar/Giris_Sayfasi/Giris_Butonu")).click(): Found 1 web elements with id: 'Object Repository/Sayfalar/Giris_Sayfasi/Giris_Butonu' located by 'By.cssSelector: #btnLogin' in '30' second(s)

2021-11-18 12:22:25 - [MESSAGE][INFO] - Finding Test Object 'Object Repository/Sayfalar/Giris_Sayfasi/Giris_Butonu'

2021-11-18 12:22:25 - [MESSAGE][INFO] - Finding web element from Test Object's properties

2021-11-18 12:22:25 - [MESSAGE][INFO] - Checking timeout

2021-11-18 12:22:25 - [MESSAGE][INFO] - Finding web element with id: 'Object Repository/Sayfalar/Giris_Sayfasi/Giris_Butonu' located by 'By.cssSelector: #btnLogin' in '30' second(s)

2021-11-18 12:22:25 - [MESSAGE][INFO] - Smart Wait Function is triggered

2021-11-18 12:22:25 - [MESSAGE][INFO] - Found 1 web elements with id: 'Object Repository/Sayfalar/Giris_Sayfasi/Giris_Butonu' located by 'By.cssSelector: #btnLogin' in '30' second(s)

2021-11-18 12:22:27 - [TEST_STEP][PASSED] - if (verifyElementPresent(findTestObject("Object Repository/Sayfalar/Giris_Sayfasi/RetveTamam_Butonu"), 5, OPTIONAL)): null

2021-11-18 12:22:27 - [MESSAGE][INFO] - Finding Test Object 'Object Repository/Sayfalar/Giris_Sayfasi/RetveTamam_Butonu'

2021-11-18 12:22:27 - [MESSAGE][INFO] - Checking object

2021-11-18 12:22:27 - [MESSAGE][INFO] - Finding web element from Test Object's properties

2021-11-18 12:22:27 - [MESSAGE][INFO] - Checking timeout

2021-11-18 12:22:27 - [MESSAGE][INFO] - Finding web element with id: 'Object Repository/Sayfalar/Giris_Sayfasi/RetveTamam_Butonu' located by 'By.xpath: //*[@class = 'btn btn-default']' in '5' second(s)

2021-11-18 12:22:27 - [MESSAGE][INFO] - Smart Wait Function is triggered

2021-11-18 12:22:27 - [MESSAGE][INFO] - Found 1 web elements with id: 'Object Repository/Sayfalar/Giris_Sayfasi/RetveTamam_Butonu' located by 'By.xpath: //*[@class = 'btn btn-default']' in '5' second(s)

2021-11-18 12:22:27 - [MESSAGE][PASSED] - Object 'Object Repository/Sayfalar/Giris_Sayfasi/RetveTamam_Butonu' is present

2021-11-18 12:22:27 - [TEST_STEP][PASSED] - click(findTestObject("Object Repository/Sayfalar/Giris_Sayfasi/RetveTamam_Butonu")): Object: 'Object Repository/Sayfalar/Giris_Sayfasi/RetveTamam_Butonu' is clicked on

2021-11-18 12:22:27 - [MESSAGE][INFO] - Finding Test Object 'Object Repository/Sayfalar/Giris_Sayfasi/RetveTamam_Butonu'

2021-11-18 12:22:27 - [MESSAGE][INFO] - Checking object

2021-11-18 12:22:27 - [MESSAGE][INFO] - Finding web element from Test Object's properties

2021-11-18 12:22:27 - [MESSAGE][INFO] - Checking timeout

2021-11-18 12:22:27 - [MESSAGE][INFO] - Finding web element with id: 'Object Repository/Sayfalar/Giris_Sayfasi/RetveTamam_Butonu' located by 'By.xpath: //*[@class = 'btn btn-default']' in '30' second(s)

2021-11-18 12:22:27 - [MESSAGE][INFO] - Smart Wait Function is triggered

2021-11-18 12:22:28 - [MESSAGE][INFO] - Found 1 web elements with id: 'Object Repository/Sayfalar/Giris_Sayfasi/RetveTamam_Butonu' located by 'By.xpath: //*[@class = 'btn btn-default']' in '30' second(s)

2021-11-18 12:22:28 - [MESSAGE][INFO] - Clicking on object: 'Object Repository/Sayfalar/Giris_Sayfasi/RetveTamam_Butonu'

2021-11-18 12:22:28 - [MESSAGE][PASSED] - Object: 'Object Repository/Sayfalar/Giris_Sayfasi/RetveTamam_Butonu' is clicked on

2021-11-18 12:22:28 - [TEST_STEP][PASSED] - click(findTestObject("Object Repository/Sayfalar/Giris_Sayfasi/RetveTamam_Butonu")): Object: 'Object Repository/Sayfalar/Giris_Sayfasi/RetveTamam_Butonu' is clicked on

2021-11-18 12:22:28 - [MESSAGE][INFO] - Finding Test Object 'Object Repository/Sayfalar/Giris_Sayfasi/RetveTamam_Butonu'

2021-11-18 12:22:28 - [MESSAGE][INFO] - Checking object

2021-11-18 12:22:28 - [MESSAGE][INFO] - Finding web element from Test Object's properties

2021-11-18 12:22:28 - [MESSAGE][INFO] - Checking timeout

2021-11-18 12:22:28 - [MESSAGE][INFO] - Finding web element with id: 'Object Repository/Sayfalar/Giris_Sayfasi/RetveTamam_Butonu' located by 'By.xpath: //*[@class = 'btn btn-default']' in '30' second(s)

2021-11-18 12:22:28 - [MESSAGE][INFO] - Smart Wait Function is triggered

2021-11-18 12:22:32 - [MESSAGE][INFO] - Found 1 web elements with id: 'Object Repository/Sayfalar/Giris_Sayfasi/RetveTamam_Butonu' located by 'By.xpath: //*[@class = 'btn btn-default']' in '30' second(s)

2021-11-18 12:22:32 - [MESSAGE][INFO] - Clicking on object: 'Object Repository/Sayfalar/Giris_Sayfasi/RetveTamam_Butonu'

2021-11-18 12:22:32 - [MESSAGE][PASSED] - Object: 'Object Repository/Sayfalar/Giris_Sayfasi/RetveTamam_Butonu' is clicked on

2021-11-18 12:22:32 - [TEST_STEP][PASSED] - if (verifyElementPresent(findTestObject("Sayfalar/Giris_Sayfasi/PopupOK"), 5, OPTIONAL)): com.kms.katalon.core.webui.exception.WebElementNotFoundException: Web element with id: 'Object Repository/Sayfalar/Giris_Sayfasi/PopupOK' located by '.btn.btn-success' not found (Root cause: com.kms.katalon.core.exception.StepFailedException: com.kms.katalon.core.webui.exception.WebElementNotFoundException: Web element with id: 'Object Repository/Sayfalar/Giris_Sayfasi/PopupOK' located by '.btn.btn-success' not found
	at com.kms.katalon.core.webui.keyword.internal.WebUIKeywordMain.stepFailed(WebUIKeywordMain.groovy:64)
	at com.kms.katalon.core.webui.keyword.builtin.VerifyElementPresentKeyword$_verifyElementPresent_closure1.doCall(VerifyElementPresentKeyword.groovy:85)
	at com.kms.katalon.core.webui.keyword.builtin.VerifyElementPresentKeyword$_verifyElementPresent_closure1.call(VerifyElementPresentKeyword.groovy)
	at com.kms.katalon.core.webui.keyword.internal.WebUIKeywordMain.runKeyword(WebUIKeywordMain.groovy:20)
	at com.kms.katalon.core.webui.keyword.builtin.VerifyElementPresentKeyword.verifyElementPresent(VerifyElementPresentKeyword.groovy:92)
	at com.kms.katalon.core.webui.keyword.builtin.VerifyElementPresentKeyword.execute(VerifyElementPresentKeyword.groovy:68)
	at com.kms.katalon.core.keyword.internal.KeywordExecutor.executeKeywordForPlatform(KeywordExecutor.groovy:73)
	at com.kms.katalon.core.webui.keyword.WebUiBuiltInKeywords.verifyElementPresent(WebUiBuiltInKeywords.groovy:1448)
	at com.kms.katalon.core.webui.keyword.WebUiBuiltInKeywords$verifyElementPresent$4.call(Unknown Source)
	at Login.run(Login:40)
	at com.kms.katalon.core.main.ScriptEngine.run(ScriptEngine.java:194)
	at com.kms.katalon.core.main.ScriptEngine.runScriptAsRawText(ScriptEngine.java:119)
	at com.kms.katalon.core.main.TestCaseExecutor.runScript(TestCaseExecutor.java:369)
	at com.kms.katalon.core.main.TestCaseExecutor.doExecute(TestCaseExecutor.java:360)
	at com.kms.katalon.core.main.TestCaseExecutor.processExecutionPhase(TestCaseExecutor.java:339)
	at com.kms.katalon.core.main.TestCaseExecutor.accessMainPhase(TestCaseExecutor.java:331)
	at com.kms.katalon.core.main.TestCaseExecutor.execute(TestCaseExecutor.java:248)
	at com.kms.katalon.core.main.TestCaseMain.runTestCase(TestCaseMain.java:138)
	at com.kms.katalon.core.keyword.builtin.CallTestCaseKeyword$_callTestCase_closure1.doCall(CallTestCaseKeyword.groovy:59)
	at com.kms.katalon.core.keyword.builtin.CallTestCaseKeyword$_callTestCase_closure1.call(CallTestCaseKeyword.groovy)
	at com.kms.katalon.core.keyword.internal.KeywordMain.runKeyword(KeywordMain.groovy:68)
	at com.kms.katalon.core.keyword.builtin.CallTestCaseKeyword.callTestCase(CallTestCaseKeyword.groovy:81)
	at com.kms.katalon.core.keyword.builtin.CallTestCaseKeyword.execute(CallTestCaseKeyword.groovy:44)
	at com.kms.katalon.core.keyword.internal.KeywordExecutor.executeKeywordForPlatform(KeywordExecutor.groovy:73)
	at com.kms.katalon.core.keyword.BuiltinKeywords.callTestCase(BuiltinKeywords.groovy:334)
	at sayfalar.girisSayfasi.login(girisSayfasi.groovy:50)
	at cucumber.runtime.Utils$1.call(Utils.java:26)
	at cucumber.runtime.Timeout.timeout(Timeout.java:16)
	at cucumber.runtime.Utils.invoke(Utils.java:20)
	at cucumber.runtime.java.JavaStepDefinition.execute(JavaStepDefinition.java:49)
	at cucumber.runner.PickleStepDefinitionMatch.runStep(PickleStepDefinitionMatch.java:50)
	at cucumber.runner.TestStep.executeStep(TestStep.java:63)
	at cucumber.runner.TestStep.run(TestStep.java:49)
	at cucumber.runner.PickleStepTestStep.run(PickleStepTestStep.java:43)
	at cucumber.runner.TestCase.run(TestCase.java:44)
	at cucumber.runner.Runner.runPickle(Runner.java:40)
	at cucumber.runtime.Runtime$1.run(Runtime.java:84)
	at cucumber.runtime.Runtime$SameThreadExecutorService.execute(Runtime.java:220)
	at cucumber.runtime.Runtime.run(Runtime.java:81)
	at cucumber.api.cli.Main.run(Main.java:26)
	at cucumber.api.cli.Main$run.call(Unknown Source)
	at com.kms.katalon.core.cucumber.keyword.CucumberBuiltinKeywords$_runFeatureFile_closure1.doCall(CucumberBuiltinKeywords.groovy:106)
	at com.kms.katalon.core.cucumber.keyword.CucumberBuiltinKeywords$_runFeatureFile_closure1.doCall(CucumberBuiltinKeywords.groovy)
	at com.kms.katalon.core.keyword.internal.KeywordMain.runKeyword(KeywordMain.groovy:68)
	at com.kms.katalon.core.keyword.internal.KeywordMain$runKeyword.call(Unknown Source)
	at com.kms.katalon.core.cucumber.keyword.CucumberBuiltinKeywords.runFeatureFile(CucumberBuiltinKeywords.groovy:73)
	at com.kms.katalon.core.cucumber.keyword.CucumberBuiltinKeywords$runFeatureFile$0.callStatic(Unknown Source)
	at com.kms.katalon.core.cucumber.keyword.CucumberBuiltinKeywords.runFeatureFile(CucumberBuiltinKeywords.groovy:246)
	at com.kms.katalon.core.cucumber.keyword.CucumberBuiltinKeywords$runFeatureFile.call(Unknown Source)
	at VKN-Kagit-Satis.run(VKN-Kagit-Satis:19)
	at com.kms.katalon.core.main.ScriptEngine.run(ScriptEngine.java:194)
	at com.kms.katalon.core.main.ScriptEngine.runScriptAsRawText(ScriptEngine.java:119)
	at com.kms.katalon.core.main.TestCaseExecutor.runScript(TestCaseExecutor.java:369)
	at com.kms.katalon.core.main.TestCaseExecutor.doExecute(TestCaseExecutor.java:360)
	at com.kms.katalon.core.main.TestCaseExecutor.processExecutionPhase(TestCaseExecutor.java:339)
	at com.kms.katalon.core.main.TestCaseExecutor.accessMainPhase(TestCaseExecutor.java:331)
	at com.kms.katalon.core.main.TestCaseExecutor.execute(TestCaseExecutor.java:248)
	at com.kms.katalon.core.main.TestSuiteExecutor.accessTestCaseMainPhase(TestSuiteExecutor.java:191)
	at com.kms.katalon.core.main.TestSuiteExecutor.accessTestSuiteMainPhase(TestSuiteExecutor.java:140)
	at com.kms.katalon.core.main.TestSuiteExecutor.execute(TestSuiteExecutor.java:89)
	at com.kms.katalon.core.main.TestCaseMain.startTestSuite(TestCaseMain.java:181)
	at com.kms.katalon.core.main.TestCaseMain$startTestSuite$0.call(Unknown Source)
	at TempTestSuite1637225344330.run(TempTestSuite1637225344330.groovy:39)
)

2021-11-18 12:22:32 - [MESSAGE][INFO] - Finding Test Object 'Object Repository/Sayfalar/Giris_Sayfasi/PopupOK'

2021-11-18 12:22:32 - [MESSAGE][INFO] - Checking object

2021-11-18 12:22:32 - [MESSAGE][INFO] - Finding web element from Test Object's properties

2021-11-18 12:22:32 - [MESSAGE][INFO] - Checking timeout

2021-11-18 12:22:32 - [MESSAGE][INFO] - Finding web element with id: 'Object Repository/Sayfalar/Giris_Sayfasi/PopupOK' located by 'By.cssSelector: .btn.btn-success' in '5' second(s)

2021-11-18 12:22:32 - [MESSAGE][INFO] - Smart Wait Function is triggered

2021-11-18 12:22:32 - [MESSAGE][INFO] - Smart Wait Function is triggered

2021-11-18 12:22:33 - [MESSAGE][INFO] - Smart Wait Function is triggered

2021-11-18 12:22:33 - [MESSAGE][INFO] - Smart Wait Function is triggered

2021-11-18 12:22:33 - [MESSAGE][INFO] - Smart Wait Function is triggered

2021-11-18 12:22:33 - [MESSAGE][INFO] - Smart Wait Function is triggered

2021-11-18 12:22:34 - [MESSAGE][INFO] - Smart Wait Function is triggered

2021-11-18 12:22:34 - [MESSAGE][INFO] - Smart Wait Function is triggered

2021-11-18 12:22:34 - [MESSAGE][INFO] - Smart Wait Function is triggered

2021-11-18 12:22:35 - [MESSAGE][INFO] - Smart Wait Function is triggered

2021-11-18 12:22:35 - [MESSAGE][INFO] - Smart Wait Function is triggered

2021-11-18 12:22:35 - [MESSAGE][INFO] - Smart Wait Function is triggered

2021-11-18 12:22:35 - [MESSAGE][INFO] - Smart Wait Function is triggered

2021-11-18 12:22:36 - [MESSAGE][INFO] - Smart Wait Function is triggered

2021-11-18 12:22:36 - [MESSAGE][INFO] - Smart Wait Function is triggered

2021-11-18 12:22:36 - [MESSAGE][INFO] - Smart Wait Function is triggered

2021-11-18 12:22:36 - [MESSAGE][INFO] - Smart Wait Function is triggered

2021-11-18 12:22:37 - [MESSAGE][INFO] - Smart Wait Function is triggered

2021-11-18 12:22:37 - [MESSAGE][INFO] - Smart Wait Function is triggered

2021-11-18 12:22:37 - [MESSAGE][INFO] - Smart Wait Function is triggered

2021-11-18 12:22:37 - [MESSAGE][INFO] - Smart Wait Function is triggered

2021-11-18 12:22:38 - [MESSAGE][INFO] - Smart Wait Function is triggered

2021-11-18 12:22:38 - [MESSAGE][INFO] - Unable to find the element located by 'By.cssSelector: .btn.btn-success'. Please recheck the objects properties to make sure the desired element is located. 

2021-11-18 12:22:38 - [MESSAGE][WARNING] - com.kms.katalon.core.webui.exception.WebElementNotFoundException: Web element with id: 'Object Repository/Sayfalar/Giris_Sayfasi/PopupOK' located by '.btn.btn-success' not found (Root cause: com.kms.katalon.core.exception.StepFailedException: com.kms.katalon.core.webui.exception.WebElementNotFoundException: Web element with id: 'Object Repository/Sayfalar/Giris_Sayfasi/PopupOK' located by '.btn.btn-success' not found
	at com.kms.katalon.core.webui.keyword.internal.WebUIKeywordMain.stepFailed(WebUIKeywordMain.groovy:64)
	at com.kms.katalon.core.webui.keyword.builtin.VerifyElementPresentKeyword$_verifyElementPresent_closure1.doCall(VerifyElementPresentKeyword.groovy:85)
	at com.kms.katalon.core.webui.keyword.builtin.VerifyElementPresentKeyword$_verifyElementPresent_closure1.call(VerifyElementPresentKeyword.groovy)
	at com.kms.katalon.core.webui.keyword.internal.WebUIKeywordMain.runKeyword(WebUIKeywordMain.groovy:20)
	at com.kms.katalon.core.webui.keyword.builtin.VerifyElementPresentKeyword.verifyElementPresent(VerifyElementPresentKeyword.groovy:92)
	at com.kms.katalon.core.webui.keyword.builtin.VerifyElementPresentKeyword.execute(VerifyElementPresentKeyword.groovy:68)
	at com.kms.katalon.core.keyword.internal.KeywordExecutor.executeKeywordForPlatform(KeywordExecutor.groovy:73)
	at com.kms.katalon.core.webui.keyword.WebUiBuiltInKeywords.verifyElementPresent(WebUiBuiltInKeywords.groovy:1448)
	at com.kms.katalon.core.webui.keyword.WebUiBuiltInKeywords$verifyElementPresent$4.call(Unknown Source)
	at Login.run(Login:40)
	at com.kms.katalon.core.main.ScriptEngine.run(ScriptEngine.java:194)
	at com.kms.katalon.core.main.ScriptEngine.runScriptAsRawText(ScriptEngine.java:119)
	at com.kms.katalon.core.main.TestCaseExecutor.runScript(TestCaseExecutor.java:369)
	at com.kms.katalon.core.main.TestCaseExecutor.doExecute(TestCaseExecutor.java:360)
	at com.kms.katalon.core.main.TestCaseExecutor.processExecutionPhase(TestCaseExecutor.java:339)
	at com.kms.katalon.core.main.TestCaseExecutor.accessMainPhase(TestCaseExecutor.java:331)
	at com.kms.katalon.core.main.TestCaseExecutor.execute(TestCaseExecutor.java:248)
	at com.kms.katalon.core.main.TestCaseMain.runTestCase(TestCaseMain.java:138)
	at com.kms.katalon.core.keyword.builtin.CallTestCaseKeyword$_callTestCase_closure1.doCall(CallTestCaseKeyword.groovy:59)
	at com.kms.katalon.core.keyword.builtin.CallTestCaseKeyword$_callTestCase_closure1.call(CallTestCaseKeyword.groovy)
	at com.kms.katalon.core.keyword.internal.KeywordMain.runKeyword(KeywordMain.groovy:68)
	at com.kms.katalon.core.keyword.builtin.CallTestCaseKeyword.callTestCase(CallTestCaseKeyword.groovy:81)
	at com.kms.katalon.core.keyword.builtin.CallTestCaseKeyword.execute(CallTestCaseKeyword.groovy:44)
	at com.kms.katalon.core.keyword.internal.KeywordExecutor.executeKeywordForPlatform(KeywordExecutor.groovy:73)
	at com.kms.katalon.core.keyword.BuiltinKeywords.callTestCase(BuiltinKeywords.groovy:334)
	at sayfalar.girisSayfasi.login(girisSayfasi.groovy:50)
	at cucumber.runtime.Utils$1.call(Utils.java:26)
	at cucumber.runtime.Timeout.timeout(Timeout.java:16)
	at cucumber.runtime.Utils.invoke(Utils.java:20)
	at cucumber.runtime.java.JavaStepDefinition.execute(JavaStepDefinition.java:49)
	at cucumber.runner.PickleStepDefinitionMatch.runStep(PickleStepDefinitionMatch.java:50)
	at cucumber.runner.TestStep.executeStep(TestStep.java:63)
	at cucumber.runner.TestStep.run(TestStep.java:49)
	at cucumber.runner.PickleStepTestStep.run(PickleStepTestStep.java:43)
	at cucumber.runner.TestCase.run(TestCase.java:44)
	at cucumber.runner.Runner.runPickle(Runner.java:40)
	at cucumber.runtime.Runtime$1.run(Runtime.java:84)
	at cucumber.runtime.Runtime$SameThreadExecutorService.execute(Runtime.java:220)
	at cucumber.runtime.Runtime.run(Runtime.java:81)
	at cucumber.api.cli.Main.run(Main.java:26)
	at cucumber.api.cli.Main$run.call(Unknown Source)
	at com.kms.katalon.core.cucumber.keyword.CucumberBuiltinKeywords$_runFeatureFile_closure1.doCall(CucumberBuiltinKeywords.groovy:106)
	at com.kms.katalon.core.cucumber.keyword.CucumberBuiltinKeywords$_runFeatureFile_closure1.doCall(CucumberBuiltinKeywords.groovy)
	at com.kms.katalon.core.keyword.internal.KeywordMain.runKeyword(KeywordMain.groovy:68)
	at com.kms.katalon.core.keyword.internal.KeywordMain$runKeyword.call(Unknown Source)
	at com.kms.katalon.core.cucumber.keyword.CucumberBuiltinKeywords.runFeatureFile(CucumberBuiltinKeywords.groovy:73)
	at com.kms.katalon.core.cucumber.keyword.CucumberBuiltinKeywords$runFeatureFile$0.callStatic(Unknown Source)
	at com.kms.katalon.core.cucumber.keyword.CucumberBuiltinKeywords.runFeatureFile(CucumberBuiltinKeywords.groovy:246)
	at com.kms.katalon.core.cucumber.keyword.CucumberBuiltinKeywords$runFeatureFile.call(Unknown Source)
	at VKN-Kagit-Satis.run(VKN-Kagit-Satis:19)
	at com.kms.katalon.core.main.ScriptEngine.run(ScriptEngine.java:194)
	at com.kms.katalon.core.main.ScriptEngine.runScriptAsRawText(ScriptEngine.java:119)
	at com.kms.katalon.core.main.TestCaseExecutor.runScript(TestCaseExecutor.java:369)
	at com.kms.katalon.core.main.TestCaseExecutor.doExecute(TestCaseExecutor.java:360)
	at com.kms.katalon.core.main.TestCaseExecutor.processExecutionPhase(TestCaseExecutor.java:339)
	at com.kms.katalon.core.main.TestCaseExecutor.accessMainPhase(TestCaseExecutor.java:331)
	at com.kms.katalon.core.main.TestCaseExecutor.execute(TestCaseExecutor.java:248)
	at com.kms.katalon.core.main.TestSuiteExecutor.accessTestCaseMainPhase(TestSuiteExecutor.java:191)
	at com.kms.katalon.core.main.TestSuiteExecutor.accessTestSuiteMainPhase(TestSuiteExecutor.java:140)
	at com.kms.katalon.core.main.TestSuiteExecutor.execute(TestSuiteExecutor.java:89)
	at com.kms.katalon.core.main.TestCaseMain.startTestSuite(TestCaseMain.java:181)
	at com.kms.katalon.core.main.TestCaseMain$startTestSuite$0.call(Unknown Source)
	at TempTestSuite1637225344330.run(TempTestSuite1637225344330.groovy:39)
)

2021-11-18 12:22:38 - [TEST_STEP][PASSED] - verifyElementVisible(findTestObject("Object Repository/Kullanici_Islemleri/KullaniciIslemleri")): Object 'Object Repository/Kullanici_Islemleri/KullaniciIslemleri' is visible

2021-11-18 12:22:38 - [MESSAGE][INFO] - Finding Test Object 'Object Repository/Kullanici_Islemleri/KullaniciIslemleri'

2021-11-18 12:22:38 - [MESSAGE][INFO] - Checking object

2021-11-18 12:22:38 - [MESSAGE][INFO] - Finding web element from Test Object's properties

2021-11-18 12:22:38 - [MESSAGE][INFO] - Checking timeout

2021-11-18 12:22:38 - [MESSAGE][INFO] - Finding web element with id: 'Object Repository/Kullanici_Islemleri/KullaniciIslemleri' located by 'By.cssSelector: .dropdown>a>img' in '30' second(s)

2021-11-18 12:22:38 - [MESSAGE][INFO] - Smart Wait Function is triggered

2021-11-18 12:22:38 - [MESSAGE][INFO] - Found 1 web elements with id: 'Object Repository/Kullanici_Islemleri/KullaniciIslemleri' located by 'By.cssSelector: .dropdown>a>img' in '30' second(s)

2021-11-18 12:22:38 - [MESSAGE][PASSED] - Object 'Object Repository/Kullanici_Islemleri/KullaniciIslemleri' is visible

2021-11-18 12:22:38 - [MESSAGE][PASSED] - Call Test Case 'Test Cases/Sayfalar/Giris_Sayfasi/Login' successfully

2021-11-18 12:22:38 - [MESSAGE][INFO] - Checking called Test Case

2021-11-18 12:22:38 - [MESSAGE][INFO] - Starting to call Test Case 'Test Cases/Menu/AnaMenuSecimi'

2021-11-18 12:22:38 - [TEST_CASE][PASSED] - Test Cases/Menu/AnaMenuSecimi: Test Cases/Menu/AnaMenuSecimi

2021-11-18 12:22:38 - [TEST_STEP][PASSED] - Method.TextDegerineEsitElementeTikla(findTestObject("Menu/Ana_Menu"), Ana_Menu): Method.TextDegerineEsitElementeTikla is PASSED

2021-11-18 12:22:38 - [MESSAGE][INFO] - Finding Test Object 'Object Repository/Menu/Ana_Menu'

2021-11-18 12:22:38 - [MESSAGE][INFO] - Checking timeout

2021-11-18 12:22:38 - [MESSAGE][INFO] - Finding web element with id: 'Object Repository/Menu/Ana_Menu' located by 'By.xpath: //*[@class = 'dropdown-toggle']' in '10' second(s)

2021-11-18 12:22:38 - [MESSAGE][INFO] - Smart Wait Function is triggered

2021-11-18 12:22:39 - [MESSAGE][INFO] - Found 13 web elements with id: 'Object Repository/Menu/Ana_Menu' located by 'By.xpath: //*[@class = 'dropdown-toggle']' in '10' second(s)

2021-11-18 12:22:39 - [MESSAGE][PASSED] - Method.TextDegerineEsitElementeTikla is PASSED

2021-11-18 12:22:39 - [MESSAGE][PASSED] - Call Test Case 'Test Cases/Menu/AnaMenuSecimi' successfully

2021-11-18 12:22:39 - [MESSAGE][INFO] - Checking called Test Case

2021-11-18 12:22:39 - [MESSAGE][INFO] - Starting to call Test Case 'Test Cases/Menu/BasligaGoreAltMenuSecimi'

2021-11-18 12:22:39 - [TEST_CASE][PASSED] - Test Cases/Menu/BasligaGoreAltMenuSecimi: Test Cases/Menu/BasligaGoreAltMenuSecimi

2021-11-18 12:22:39 - [TEST_STEP][PASSED] - Method.TextDegerineEsitElementinAltindakiTextDegerineEsitOlanaTikla(findTestObject("Menu/Menu_Basligi"), findTestObject("Menu/Basliga_Gore_Alt_Menu"), Baslik, Alt_Menu): Method.TextDegerineEsitElementinAltindakiTextDegerineEsitOlanaTikla is PASSED

2021-11-18 12:22:39 - [MESSAGE][INFO] - Finding Test Object 'Object Repository/Menu/Menu_Basligi'

2021-11-18 12:22:39 - [MESSAGE][INFO] - Finding Test Object 'Object Repository/Menu/Basliga_Gore_Alt_Menu'

2021-11-18 12:22:39 - [MESSAGE][INFO] - Checking timeout

2021-11-18 12:22:39 - [MESSAGE][INFO] - Finding web element with id: 'Object Repository/Menu/Menu_Basligi' located by 'By.xpath: //li[@class='dropdown dropdown-large open']//li[@class='dropdown-header']' in '10' second(s)

2021-11-18 12:22:39 - [MESSAGE][INFO] - Smart Wait Function is triggered

2021-11-18 12:22:39 - [MESSAGE][INFO] - Found 2 web elements with id: 'Object Repository/Menu/Menu_Basligi' located by 'By.xpath: //li[@class='dropdown dropdown-large open']//li[@class='dropdown-header']' in '10' second(s)

2021-11-18 12:22:39 - [MESSAGE][INFO] - Smart Wait Function is triggered

2021-11-18 12:22:42 - [MESSAGE][PASSED] - Method.TextDegerineEsitElementinAltindakiTextDegerineEsitOlanaTikla is PASSED

2021-11-18 12:22:42 - [MESSAGE][PASSED] - Call Test Case 'Test Cases/Menu/BasligaGoreAltMenuSecimi' successfully

2021-11-18 12:22:42 - [MESSAGE][INFO] - Checking called Test Case

2021-11-18 12:22:42 - [MESSAGE][INFO] - Starting to call Test Case 'Test Cases/Tablo/Olusturma Tarihi'

2021-11-18 12:22:42 - [TEST_CASE][PASSED] - Test Cases/Tablo/Olusturma Tarihi: Test Cases/Tablo/Olusturma Tarihi

2021-11-18 12:22:42 - [TEST_STEP][PASSED] - if (verifyTextNotPresent("Görüntülenecek veri yok", true, OPTIONAL)): null

2021-11-18 12:22:42 - [MESSAGE][INFO] - Checking text present  using regular expression

2021-11-18 12:22:42 - [MESSAGE][INFO] - Smart Wait Function is triggered

2021-11-18 12:22:42 - [MESSAGE][INFO] - Finding text 'Görüntülenecek veri yok' on page  using regular expression

2021-11-18 12:22:42 - [MESSAGE][PASSED] - Text 'Görüntülenecek veri yok' is not present on page using regular expression

2021-11-18 12:22:42 - [TEST_STEP][PASSED] - click(findTestObject("Temizle/Olusturma_Tarihi_CheckBox")): Object: 'Object Repository/Temizle/Olusturma_Tarihi_CheckBox' is clicked on

2021-11-18 12:22:42 - [MESSAGE][INFO] - Finding Test Object 'Object Repository/Temizle/Olusturma_Tarihi_CheckBox'

2021-11-18 12:22:42 - [MESSAGE][INFO] - Checking object

2021-11-18 12:22:42 - [MESSAGE][INFO] - Finding web element from Test Object's properties

2021-11-18 12:22:42 - [MESSAGE][INFO] - Checking timeout

2021-11-18 12:22:42 - [MESSAGE][INFO] - Finding web element with id: 'Object Repository/Temizle/Olusturma_Tarihi_CheckBox' located by 'By.xpath: //*[@title = 'Bu sayfadaki tüm satırları Seç']' in '30' second(s)

2021-11-18 12:22:42 - [MESSAGE][INFO] - Smart Wait Function is triggered

2021-11-18 12:22:42 - [MESSAGE][INFO] - Found 1 web elements with id: 'Object Repository/Temizle/Olusturma_Tarihi_CheckBox' located by 'By.xpath: //*[@title = 'Bu sayfadaki tüm satırları Seç']' in '30' second(s)

2021-11-18 12:22:42 - [MESSAGE][INFO] - Clicking on object: 'Object Repository/Temizle/Olusturma_Tarihi_CheckBox'

2021-11-18 12:22:42 - [MESSAGE][PASSED] - Object: 'Object Repository/Temizle/Olusturma_Tarihi_CheckBox' is clicked on

2021-11-18 12:22:42 - [TEST_STEP][PASSED] - Method.TextDegerineEsitElementeTiklaEquals(findTestObject("Butonlar/Butonlar"), "Sil"): Method.TextDegerineEsitElementeTiklaEquals is PASSED

2021-11-18 12:22:42 - [MESSAGE][INFO] - Finding Test Object 'Object Repository/Butonlar/Butonlar'

2021-11-18 12:22:43 - [MESSAGE][INFO] - Checking timeout

2021-11-18 12:22:43 - [MESSAGE][INFO] - Finding web element with id: 'Object Repository/Butonlar/Butonlar' located by 'By.cssSelector: .panel.panel-default.text-center.footerPanel .btn,.btn.btn-primary.btnControls' in '10' second(s)

2021-11-18 12:22:43 - [MESSAGE][INFO] - Smart Wait Function is triggered

2021-11-18 12:22:43 - [MESSAGE][INFO] - Found 9 web elements with id: 'Object Repository/Butonlar/Butonlar' located by 'By.cssSelector: .panel.panel-default.text-center.footerPanel .btn,.btn.btn-primary.btnControls' in '10' second(s)

2021-11-18 12:22:43 - [MESSAGE][PASSED] - Method.TextDegerineEsitElementeTiklaEquals is PASSED

2021-11-18 12:22:43 - [TEST_STEP][PASSED] - Method.TextDegerineEsitElementeTikla(findTestObject("Popup/Popup_Butons"), "Evet"): Method.TextDegerineEsitElementeTikla is PASSED

2021-11-18 12:22:43 - [MESSAGE][INFO] - Finding Test Object 'Object Repository/Popup/Popup_Butons'

2021-11-18 12:22:43 - [MESSAGE][INFO] - Checking timeout

2021-11-18 12:22:43 - [MESSAGE][INFO] - Finding web element with id: 'Object Repository/Popup/Popup_Butons' located by 'By.cssSelector: .modal-footer>button' in '10' second(s)

2021-11-18 12:22:43 - [MESSAGE][INFO] - Smart Wait Function is triggered

2021-11-18 12:22:44 - [MESSAGE][INFO] - Found 2 web elements with id: 'Object Repository/Popup/Popup_Butons' located by 'By.cssSelector: .modal-footer>button' in '10' second(s)

2021-11-18 12:22:44 - [MESSAGE][PASSED] - Method.TextDegerineEsitElementeTikla is PASSED

2021-11-18 12:22:44 - [TEST_STEP][PASSED] - Method.TextDegerineEsitElementeTikla(findTestObject("Popup/Popup_Butons"), "Tamam"): Method.TextDegerineEsitElementeTikla is PASSED

2021-11-18 12:22:44 - [MESSAGE][INFO] - Finding Test Object 'Object Repository/Popup/Popup_Butons'

2021-11-18 12:22:44 - [MESSAGE][INFO] - Checking timeout

2021-11-18 12:22:44 - [MESSAGE][INFO] - Finding web element with id: 'Object Repository/Popup/Popup_Butons' located by 'By.cssSelector: .modal-footer>button' in '10' second(s)

2021-11-18 12:22:44 - [MESSAGE][INFO] - Smart Wait Function is triggered

2021-11-18 12:22:45 - [MESSAGE][INFO] - Found 1 web elements with id: 'Object Repository/Popup/Popup_Butons' located by 'By.cssSelector: .modal-footer>button' in '10' second(s)

2021-11-18 12:22:45 - [MESSAGE][PASSED] - Method.TextDegerineEsitElementeTikla is PASSED

2021-11-18 12:22:45 - [MESSAGE][PASSED] - Call Test Case 'Test Cases/Tablo/Olusturma Tarihi' successfully

2021-11-18 12:22:45 - [MESSAGE][INFO] - Checking called Test Case

2021-11-18 12:22:45 - [MESSAGE][INFO] - Starting to call Test Case 'Test Cases/Butonlar/ButonaTikla'

2021-11-18 12:22:45 - [TEST_CASE][PASSED] - Test Cases/Butonlar/ButonaTikla: Test Cases/Butonlar/ButonaTikla

2021-11-18 12:22:45 - [TEST_STEP][PASSED] - Method.TextDegerineEsitElementeTiklaEquals(findTestObject("Butonlar/Butonlar"), Buton_Adi): Method.TextDegerineEsitElementeTiklaEquals is PASSED

2021-11-18 12:22:45 - [MESSAGE][INFO] - Finding Test Object 'Object Repository/Butonlar/Butonlar'

2021-11-18 12:22:45 - [MESSAGE][INFO] - Checking timeout

2021-11-18 12:22:45 - [MESSAGE][INFO] - Finding web element with id: 'Object Repository/Butonlar/Butonlar' located by 'By.cssSelector: .panel.panel-default.text-center.footerPanel .btn,.btn.btn-primary.btnControls' in '10' second(s)

2021-11-18 12:22:45 - [MESSAGE][INFO] - Smart Wait Function is triggered

2021-11-18 12:22:46 - [MESSAGE][INFO] - Found 9 web elements with id: 'Object Repository/Butonlar/Butonlar' located by 'By.cssSelector: .panel.panel-default.text-center.footerPanel .btn,.btn.btn-primary.btnControls' in '10' second(s)

2021-11-18 12:22:46 - [MESSAGE][PASSED] - Method.TextDegerineEsitElementeTiklaEquals is PASSED

2021-11-18 12:22:46 - [MESSAGE][PASSED] - Call Test Case 'Test Cases/Butonlar/ButonaTikla' successfully

2021-11-18 12:22:46 - [MESSAGE][INFO] - Checking called Test Case

2021-11-18 12:22:46 - [MESSAGE][INFO] - Starting to call Test Case 'Test Cases/Olusturma/Genel/GorselTasarimSayfasıBasligiIceriyorMu'

2021-11-18 12:22:46 - [TEST_CASE][PASSED] - Test Cases/Olusturma/Genel/GorselTasarimSayfasıBasligiIceriyorMu: Test Cases/Olusturma/Genel/GorselTasarimSayfasıBasligiIceriyorMu

2021-11-18 12:22:46 - [TEST_STEP][PASSED] - verifyElementText(findTestObject("Object Repository/Olusturma/Genel/GorselTasarimBaslik"), Baslik): Actual text and expected text of test object 'Object Repository/Olusturma/Genel/GorselTasarimBaslik' are matched.

2021-11-18 12:22:46 - [MESSAGE][INFO] - Finding Test Object 'Object Repository/Olusturma/Genel/GorselTasarimBaslik'

2021-11-18 12:22:46 - [MESSAGE][INFO] - Checking object

2021-11-18 12:22:46 - [MESSAGE][INFO] - Finding web element from Test Object's properties

2021-11-18 12:22:46 - [MESSAGE][INFO] - Checking timeout

2021-11-18 12:22:46 - [MESSAGE][INFO] - Finding web element with id: 'Object Repository/Olusturma/Genel/GorselTasarimBaslik' located by 'By.cssSelector: #flAlici_0>div>span' in '30' second(s)

2021-11-18 12:22:46 - [MESSAGE][INFO] - Smart Wait Function is triggered

2021-11-18 12:22:52 - [MESSAGE][INFO] - Found 1 web elements with id: 'Object Repository/Olusturma/Genel/GorselTasarimBaslik' located by 'By.cssSelector: #flAlici_0>div>span' in '30' second(s)

2021-11-18 12:22:52 - [MESSAGE][PASSED] - Actual text and expected text of test object 'Object Repository/Olusturma/Genel/GorselTasarimBaslik' are matched.

2021-11-18 12:22:52 - [MESSAGE][PASSED] - Call Test Case 'Test Cases/Olusturma/Genel/GorselTasarimSayfasıBasligiIceriyorMu' successfully

2021-11-18 12:22:52 - [MESSAGE][INFO] - Checking called Test Case

2021-11-18 12:22:52 - [MESSAGE][INFO] - Starting to call Test Case 'Test Cases/Olusturma/Genel/AliciSecilir'

2021-11-18 12:22:52 - [TEST_CASE][PASSED] - Test Cases/Olusturma/Genel/AliciSecilir: Test Cases/Olusturma/Genel/AliciSecilir

2021-11-18 12:22:52 - [TEST_STEP][PASSED] - click(findTestObject("Olusturma/Genel/AliciBilgisi/Alici_Ara")): Object: 'Object Repository/Olusturma/Genel/AliciBilgisi/Alici_Ara' is clicked on

2021-11-18 12:22:52 - [MESSAGE][INFO] - Finding Test Object 'Object Repository/Olusturma/Genel/AliciBilgisi/Alici_Ara'

2021-11-18 12:22:53 - [MESSAGE][INFO] - Checking object

2021-11-18 12:22:53 - [MESSAGE][INFO] - Finding web element from Test Object's properties

2021-11-18 12:22:53 - [MESSAGE][INFO] - Checking timeout

2021-11-18 12:22:53 - [MESSAGE][INFO] - Finding web element with id: 'Object Repository/Olusturma/Genel/AliciBilgisi/Alici_Ara' located by 'By.xpath: //td[@id='txtCustomerText_B-1']' in '30' second(s)

2021-11-18 12:22:53 - [MESSAGE][INFO] - Smart Wait Function is triggered

2021-11-18 12:22:53 - [MESSAGE][INFO] - Found 1 web elements with id: 'Object Repository/Olusturma/Genel/AliciBilgisi/Alici_Ara' located by 'By.xpath: //td[@id='txtCustomerText_B-1']' in '30' second(s)

2021-11-18 12:22:53 - [MESSAGE][INFO] - Clicking on object: 'Object Repository/Olusturma/Genel/AliciBilgisi/Alici_Ara'

2021-11-18 12:22:53 - [MESSAGE][PASSED] - Object: 'Object Repository/Olusturma/Genel/AliciBilgisi/Alici_Ara' is clicked on

2021-11-18 12:22:53 - [TEST_STEP][PASSED] - click(findTestObject("Olusturma/Genel/AliciBilgisi/Alici_Bilgisi")): Object: 'Object Repository/Olusturma/Genel/AliciBilgisi/Alici_Bilgisi' is clicked on

2021-11-18 12:22:53 - [MESSAGE][INFO] - Finding Test Object 'Object Repository/Olusturma/Genel/AliciBilgisi/Alici_Bilgisi'

2021-11-18 12:22:53 - [MESSAGE][INFO] - Checking object

2021-11-18 12:22:53 - [MESSAGE][INFO] - Finding web element from Test Object's properties

2021-11-18 12:22:53 - [MESSAGE][INFO] - Checking timeout

2021-11-18 12:22:53 - [MESSAGE][INFO] - Finding web element with id: 'Object Repository/Olusturma/Genel/AliciBilgisi/Alici_Bilgisi' located by 'By.xpath: //iframe[@id='customerselectiframe']' in '30' second(s)

2021-11-18 12:22:53 - [MESSAGE][INFO] - Smart Wait Function is triggered

2021-11-18 12:22:53 - [MESSAGE][INFO] - Found 1 web elements with id: 'Object Repository/Olusturma/Genel/AliciBilgisi/Alici_Bilgisi' located by 'By.xpath: //iframe[@id='customerselectiframe']' in '30' second(s)

2021-11-18 12:22:53 - [MESSAGE][INFO] - Clicking on object: 'Object Repository/Olusturma/Genel/AliciBilgisi/Alici_Bilgisi'

2021-11-18 12:22:53 - [MESSAGE][PASSED] - Object: 'Object Repository/Olusturma/Genel/AliciBilgisi/Alici_Bilgisi' is clicked on

2021-11-18 12:22:53 - [TEST_STEP][PASSED] - setText(findTestObject("Olusturma/Genel/AliciBilgisi/Alici_Gir"), Alici_Adi): Switching to default content

2021-11-18 12:22:53 - [MESSAGE][INFO] - Finding Test Object 'Object Repository/Olusturma/Genel/AliciBilgisi/Alici_Gir'

2021-11-18 12:22:53 - [MESSAGE][INFO] - Finding Test Object 'Object Repository/Olusturma/Genel/AliciBilgisi/Alici_Bilgisi'

2021-11-18 12:22:54 - [MESSAGE][INFO] - Checking object

2021-11-18 12:22:54 - [MESSAGE][INFO] - Checking text

2021-11-18 12:22:54 - [MESSAGE][INFO] - Object: 'Object Repository/Olusturma/Genel/AliciBilgisi/Alici_Gir' has parent object(s)

2021-11-18 12:22:54 - [MESSAGE][INFO] - Switching to iframe: 'Object Repository/Olusturma/Genel/AliciBilgisi/Alici_Bilgisi'

2021-11-18 12:22:54 - [MESSAGE][INFO] - Finding web element from Test Object's properties

2021-11-18 12:22:54 - [MESSAGE][INFO] - Checking timeout

2021-11-18 12:22:54 - [MESSAGE][INFO] - Finding web element with id: 'Object Repository/Olusturma/Genel/AliciBilgisi/Alici_Bilgisi' located by 'By.xpath: //iframe[@id='customerselectiframe']' in '30' second(s)

2021-11-18 12:22:54 - [MESSAGE][INFO] - Smart Wait Function is triggered

2021-11-18 12:22:54 - [MESSAGE][INFO] - Found 1 web elements with id: 'Object Repository/Olusturma/Genel/AliciBilgisi/Alici_Bilgisi' located by 'By.xpath: //iframe[@id='customerselectiframe']' in '30' second(s)

2021-11-18 12:22:54 - [MESSAGE][INFO] - Switched to iframe: 'Object Repository/Olusturma/Genel/AliciBilgisi/Alici_Bilgisi'

2021-11-18 12:22:54 - [MESSAGE][INFO] - Finding web element from Test Object's properties

2021-11-18 12:22:54 - [MESSAGE][INFO] - Checking timeout

2021-11-18 12:22:54 - [MESSAGE][INFO] - Finding web element with id: 'Object Repository/Olusturma/Genel/AliciBilgisi/Alici_Gir' located by 'By.xpath: //input[@id='GridViewCustomer_DXFREditorcol1_I']' in '30' second(s)

2021-11-18 12:22:54 - [MESSAGE][INFO] - Smart Wait Function is triggered

2021-11-18 12:22:54 - [MESSAGE][INFO] - Found 1 web elements with id: 'Object Repository/Olusturma/Genel/AliciBilgisi/Alici_Gir' located by 'By.xpath: //input[@id='GridViewCustomer_DXFREditorcol1_I']' in '30' second(s)

2021-11-18 12:22:54 - [MESSAGE][INFO] - Clearing text of object 'Object Repository/Olusturma/Genel/AliciBilgisi/Alici_Gir'

2021-11-18 12:22:54 - [MESSAGE][INFO] - Finding web element from Test Object's properties

2021-11-18 12:22:54 - [MESSAGE][INFO] - Checking timeout

2021-11-18 12:22:54 - [MESSAGE][INFO] - Finding web element with id: 'Object Repository/Olusturma/Genel/AliciBilgisi/Alici_Gir' located by 'By.xpath: //input[@id='GridViewCustomer_DXFREditorcol1_I']' in '30' second(s)

2021-11-18 12:22:54 - [MESSAGE][INFO] - Smart Wait Function is triggered

2021-11-18 12:22:54 - [MESSAGE][INFO] - Found 1 web elements with id: 'Object Repository/Olusturma/Genel/AliciBilgisi/Alici_Gir' located by 'By.xpath: //input[@id='GridViewCustomer_DXFREditorcol1_I']' in '30' second(s)

2021-11-18 12:22:54 - [MESSAGE][INFO] - Setting text of object 'Object Repository/Olusturma/Genel/AliciBilgisi/Alici_Gir' to value 'UC0015'

2021-11-18 12:22:54 - [MESSAGE][PASSED] - Text 'UC0015' is set on object 'Object Repository/Olusturma/Genel/AliciBilgisi/Alici_Gir'

2021-11-18 12:22:54 - [MESSAGE][INFO] - Switching to default content

2021-11-18 12:22:54 - [TEST_STEP][PASSED] - waitForElementClickable(findTestObject("Olusturma/Genel/AliciBilgisi/Alici_Adi"), 10): Switching to default content

2021-11-18 12:22:54 - [MESSAGE][INFO] - Finding Test Object 'Object Repository/Olusturma/Genel/AliciBilgisi/Alici_Adi'

2021-11-18 12:22:54 - [MESSAGE][INFO] - Finding Test Object 'Object Repository/Olusturma/Genel/AliciBilgisi/iframe_Alc Bilgisi_customerselectiframe'

2021-11-18 12:22:54 - [MESSAGE][INFO] - Checking object

2021-11-18 12:22:54 - [MESSAGE][INFO] - Checking timeout

2021-11-18 12:22:54 - [MESSAGE][INFO] - Object: 'Object Repository/Olusturma/Genel/AliciBilgisi/Alici_Adi' has parent object(s)

2021-11-18 12:22:54 - [MESSAGE][INFO] - Switching to iframe: 'Object Repository/Olusturma/Genel/AliciBilgisi/iframe_Alc Bilgisi_customerselectiframe'

2021-11-18 12:22:54 - [MESSAGE][INFO] - Finding web element from Test Object's properties

2021-11-18 12:22:54 - [MESSAGE][INFO] - Checking timeout

2021-11-18 12:22:54 - [MESSAGE][INFO] - Finding web element with id: 'Object Repository/Olusturma/Genel/AliciBilgisi/iframe_Alc Bilgisi_customerselectiframe' located by 'By.xpath: //iframe[@id='customerselectiframe']' in '10' second(s)

2021-11-18 12:22:54 - [MESSAGE][INFO] - Smart Wait Function is triggered

2021-11-18 12:22:54 - [MESSAGE][INFO] - Found 1 web elements with id: 'Object Repository/Olusturma/Genel/AliciBilgisi/iframe_Alc Bilgisi_customerselectiframe' located by 'By.xpath: //iframe[@id='customerselectiframe']' in '10' second(s)

2021-11-18 12:22:54 - [MESSAGE][INFO] - Switched to iframe: 'Object Repository/Olusturma/Genel/AliciBilgisi/iframe_Alc Bilgisi_customerselectiframe'

2021-11-18 12:22:54 - [MESSAGE][INFO] - Finding web element from Test Object's properties

2021-11-18 12:22:54 - [MESSAGE][INFO] - Checking timeout

2021-11-18 12:22:54 - [MESSAGE][INFO] - Finding web element with id: 'Object Repository/Olusturma/Genel/AliciBilgisi/Alici_Adi' located by 'By.xpath: //tr[@id='GridViewCustomer_DXDataRow0']/td[2]' in '10' second(s)

2021-11-18 12:22:54 - [MESSAGE][INFO] - Smart Wait Function is triggered

2021-11-18 12:22:54 - [MESSAGE][INFO] - Found 1 web elements with id: 'Object Repository/Olusturma/Genel/AliciBilgisi/Alici_Adi' located by 'By.xpath: //tr[@id='GridViewCustomer_DXDataRow0']/td[2]' in '10' second(s)

2021-11-18 12:22:54 - [MESSAGE][PASSED] - Object 'Object Repository/Olusturma/Genel/AliciBilgisi/Alici_Adi' is clickable

2021-11-18 12:22:54 - [MESSAGE][INFO] - Switching to default content

2021-11-18 12:22:54 - [TEST_STEP][PASSED] - click(findTestObject("Olusturma/Genel/AliciBilgisi/frame")): Switching to default content

2021-11-18 12:22:54 - [MESSAGE][INFO] - Finding Test Object 'Object Repository/Olusturma/Genel/AliciBilgisi/frame'

2021-11-18 12:22:55 - [MESSAGE][INFO] - Finding Test Object 'Object Repository/Olusturma/Genel/AliciBilgisi/iframe_Alc Bilgisi_customerselectiframe'

2021-11-18 12:22:55 - [MESSAGE][INFO] - Checking object

2021-11-18 12:22:55 - [MESSAGE][INFO] - Object: 'Object Repository/Olusturma/Genel/AliciBilgisi/frame' has parent object(s)

2021-11-18 12:22:55 - [MESSAGE][INFO] - Switching to iframe: 'Object Repository/Olusturma/Genel/AliciBilgisi/iframe_Alc Bilgisi_customerselectiframe'

2021-11-18 12:22:55 - [MESSAGE][INFO] - Finding web element from Test Object's properties

2021-11-18 12:22:55 - [MESSAGE][INFO] - Checking timeout

2021-11-18 12:22:55 - [MESSAGE][INFO] - Finding web element with id: 'Object Repository/Olusturma/Genel/AliciBilgisi/iframe_Alc Bilgisi_customerselectiframe' located by 'By.xpath: //iframe[@id='customerselectiframe']' in '30' second(s)

2021-11-18 12:22:55 - [MESSAGE][INFO] - Smart Wait Function is triggered

2021-11-18 12:22:55 - [MESSAGE][INFO] - Found 1 web elements with id: 'Object Repository/Olusturma/Genel/AliciBilgisi/iframe_Alc Bilgisi_customerselectiframe' located by 'By.xpath: //iframe[@id='customerselectiframe']' in '30' second(s)

2021-11-18 12:22:55 - [MESSAGE][INFO] - Switched to iframe: 'Object Repository/Olusturma/Genel/AliciBilgisi/iframe_Alc Bilgisi_customerselectiframe'

2021-11-18 12:22:55 - [MESSAGE][INFO] - Finding web element from Test Object's properties

2021-11-18 12:22:55 - [MESSAGE][INFO] - Checking timeout

2021-11-18 12:22:55 - [MESSAGE][INFO] - Finding web element with id: 'Object Repository/Olusturma/Genel/AliciBilgisi/frame' located by 'By.xpath: //*/text()[normalize-space(.)='']/parent::*' in '30' second(s)

2021-11-18 12:22:55 - [MESSAGE][INFO] - Smart Wait Function is triggered

2021-11-18 12:22:55 - [MESSAGE][INFO] - Found 66 web elements with id: 'Object Repository/Olusturma/Genel/AliciBilgisi/frame' located by 'By.xpath: //*/text()[normalize-space(.)='']/parent::*' in '30' second(s)

2021-11-18 12:22:55 - [MESSAGE][INFO] - Clicking on object: 'Object Repository/Olusturma/Genel/AliciBilgisi/frame'

2021-11-18 12:22:55 - [MESSAGE][PASSED] - Object: 'Object Repository/Olusturma/Genel/AliciBilgisi/frame' is clicked on

2021-11-18 12:22:55 - [MESSAGE][INFO] - Switching to default content

2021-11-18 12:22:55 - [TEST_STEP][PASSED] - click(findTestObject("Olusturma/Genel/AliciBilgisi/Alici_Adi")): Switching to default content

2021-11-18 12:22:55 - [MESSAGE][INFO] - Finding Test Object 'Object Repository/Olusturma/Genel/AliciBilgisi/Alici_Adi'

2021-11-18 12:22:55 - [MESSAGE][INFO] - Finding Test Object 'Object Repository/Olusturma/Genel/AliciBilgisi/iframe_Alc Bilgisi_customerselectiframe'

2021-11-18 12:22:55 - [MESSAGE][INFO] - Checking object

2021-11-18 12:22:55 - [MESSAGE][INFO] - Object: 'Object Repository/Olusturma/Genel/AliciBilgisi/Alici_Adi' has parent object(s)

2021-11-18 12:22:55 - [MESSAGE][INFO] - Switching to iframe: 'Object Repository/Olusturma/Genel/AliciBilgisi/iframe_Alc Bilgisi_customerselectiframe'

2021-11-18 12:22:55 - [MESSAGE][INFO] - Finding web element from Test Object's properties

2021-11-18 12:22:55 - [MESSAGE][INFO] - Checking timeout

2021-11-18 12:22:55 - [MESSAGE][INFO] - Finding web element with id: 'Object Repository/Olusturma/Genel/AliciBilgisi/iframe_Alc Bilgisi_customerselectiframe' located by 'By.xpath: //iframe[@id='customerselectiframe']' in '30' second(s)

2021-11-18 12:22:55 - [MESSAGE][INFO] - Smart Wait Function is triggered

2021-11-18 12:22:55 - [MESSAGE][INFO] - Found 1 web elements with id: 'Object Repository/Olusturma/Genel/AliciBilgisi/iframe_Alc Bilgisi_customerselectiframe' located by 'By.xpath: //iframe[@id='customerselectiframe']' in '30' second(s)

2021-11-18 12:22:55 - [MESSAGE][INFO] - Switched to iframe: 'Object Repository/Olusturma/Genel/AliciBilgisi/iframe_Alc Bilgisi_customerselectiframe'

2021-11-18 12:22:55 - [MESSAGE][INFO] - Finding web element from Test Object's properties

2021-11-18 12:22:55 - [MESSAGE][INFO] - Checking timeout

2021-11-18 12:22:55 - [MESSAGE][INFO] - Finding web element with id: 'Object Repository/Olusturma/Genel/AliciBilgisi/Alici_Adi' located by 'By.xpath: //tr[@id='GridViewCustomer_DXDataRow0']/td[2]' in '30' second(s)

2021-11-18 12:22:55 - [MESSAGE][INFO] - Smart Wait Function is triggered

2021-11-18 12:22:56 - [MESSAGE][INFO] - Found 1 web elements with id: 'Object Repository/Olusturma/Genel/AliciBilgisi/Alici_Adi' located by 'By.xpath: //tr[@id='GridViewCustomer_DXDataRow0']/td[2]' in '30' second(s)

2021-11-18 12:22:56 - [MESSAGE][INFO] - Clicking on object: 'Object Repository/Olusturma/Genel/AliciBilgisi/Alici_Adi'

2021-11-18 12:22:56 - [MESSAGE][PASSED] - Object: 'Object Repository/Olusturma/Genel/AliciBilgisi/Alici_Adi' is clicked on

2021-11-18 12:22:56 - [MESSAGE][INFO] - Switching to default content

2021-11-18 12:22:56 - [TEST_STEP][PASSED] - click(findTestObject("Olusturma/Genel/AliciBilgisi/Tamam_Bosluk")): Switching to default content

2021-11-18 12:22:56 - [MESSAGE][INFO] - Finding Test Object 'Object Repository/Olusturma/Genel/AliciBilgisi/Tamam_Bosluk'

2021-11-18 12:22:56 - [MESSAGE][INFO] - Finding Test Object 'Object Repository/Olusturma/Genel/AliciBilgisi/Alici_Bilgisi'

2021-11-18 12:22:56 - [MESSAGE][INFO] - Checking object

2021-11-18 12:22:56 - [MESSAGE][INFO] - Object: 'Object Repository/Olusturma/Genel/AliciBilgisi/Tamam_Bosluk' has parent object(s)

2021-11-18 12:22:56 - [MESSAGE][INFO] - Switching to iframe: 'Object Repository/Olusturma/Genel/AliciBilgisi/Alici_Bilgisi'

2021-11-18 12:22:56 - [MESSAGE][INFO] - Finding web element from Test Object's properties

2021-11-18 12:22:56 - [MESSAGE][INFO] - Checking timeout

2021-11-18 12:22:56 - [MESSAGE][INFO] - Finding web element with id: 'Object Repository/Olusturma/Genel/AliciBilgisi/Alici_Bilgisi' located by 'By.xpath: //iframe[@id='customerselectiframe']' in '30' second(s)

2021-11-18 12:22:56 - [MESSAGE][INFO] - Smart Wait Function is triggered

2021-11-18 12:22:56 - [MESSAGE][INFO] - Found 1 web elements with id: 'Object Repository/Olusturma/Genel/AliciBilgisi/Alici_Bilgisi' located by 'By.xpath: //iframe[@id='customerselectiframe']' in '30' second(s)

2021-11-18 12:22:56 - [MESSAGE][INFO] - Switched to iframe: 'Object Repository/Olusturma/Genel/AliciBilgisi/Alici_Bilgisi'

2021-11-18 12:22:56 - [MESSAGE][INFO] - Finding web element from Test Object's properties

2021-11-18 12:22:56 - [MESSAGE][INFO] - Checking timeout

2021-11-18 12:22:56 - [MESSAGE][INFO] - Finding web element with id: 'Object Repository/Olusturma/Genel/AliciBilgisi/Tamam_Bosluk' located by 'By.xpath: (.//*[normalize-space(text()) and normalize-space(.)='Sayfa Boyutu:'])[1]/following::div[7]' in '30' second(s)

2021-11-18 12:22:56 - [MESSAGE][INFO] - Smart Wait Function is triggered

2021-11-18 12:22:56 - [MESSAGE][INFO] - Found 1 web elements with id: 'Object Repository/Olusturma/Genel/AliciBilgisi/Tamam_Bosluk' located by 'By.xpath: (.//*[normalize-space(text()) and normalize-space(.)='Sayfa Boyutu:'])[1]/following::div[7]' in '30' second(s)

2021-11-18 12:22:56 - [MESSAGE][INFO] - Clicking on object: 'Object Repository/Olusturma/Genel/AliciBilgisi/Tamam_Bosluk'

2021-11-18 12:22:56 - [MESSAGE][PASSED] - Object: 'Object Repository/Olusturma/Genel/AliciBilgisi/Tamam_Bosluk' is clicked on

2021-11-18 12:22:56 - [MESSAGE][INFO] - Switching to default content

2021-11-18 12:22:56 - [TEST_STEP][PASSED] - waitForElementClickable(findTestObject("Olusturma/Genel/AliciBilgisi/Tamam_Butonu"), 10): Switching to default content

2021-11-18 12:22:56 - [MESSAGE][INFO] - Finding Test Object 'Object Repository/Olusturma/Genel/AliciBilgisi/Tamam_Butonu'

2021-11-18 12:22:56 - [MESSAGE][INFO] - Finding Test Object 'Object Repository/Olusturma/Genel/AliciBilgisi/Alici_Bilgisi'

2021-11-18 12:22:56 - [MESSAGE][INFO] - Checking object

2021-11-18 12:22:56 - [MESSAGE][INFO] - Checking timeout

2021-11-18 12:22:56 - [MESSAGE][INFO] - Object: 'Object Repository/Olusturma/Genel/AliciBilgisi/Tamam_Butonu' has parent object(s)

2021-11-18 12:22:56 - [MESSAGE][INFO] - Switching to iframe: 'Object Repository/Olusturma/Genel/AliciBilgisi/Alici_Bilgisi'

2021-11-18 12:22:56 - [MESSAGE][INFO] - Finding web element from Test Object's properties

2021-11-18 12:22:56 - [MESSAGE][INFO] - Checking timeout

2021-11-18 12:22:56 - [MESSAGE][INFO] - Finding web element with id: 'Object Repository/Olusturma/Genel/AliciBilgisi/Alici_Bilgisi' located by 'By.xpath: //iframe[@id='customerselectiframe']' in '10' second(s)

2021-11-18 12:22:56 - [MESSAGE][INFO] - Smart Wait Function is triggered

2021-11-18 12:22:57 - [MESSAGE][INFO] - Found 1 web elements with id: 'Object Repository/Olusturma/Genel/AliciBilgisi/Alici_Bilgisi' located by 'By.xpath: //iframe[@id='customerselectiframe']' in '10' second(s)

2021-11-18 12:22:57 - [MESSAGE][INFO] - Switched to iframe: 'Object Repository/Olusturma/Genel/AliciBilgisi/Alici_Bilgisi'

2021-11-18 12:22:57 - [MESSAGE][INFO] - Finding web element from Test Object's properties

2021-11-18 12:22:57 - [MESSAGE][INFO] - Checking timeout

2021-11-18 12:22:57 - [MESSAGE][INFO] - Finding web element with id: 'Object Repository/Olusturma/Genel/AliciBilgisi/Tamam_Butonu' located by 'By.xpath: //div[@id='btnSelectCustomer_CD']/span' in '10' second(s)

2021-11-18 12:22:57 - [MESSAGE][INFO] - Smart Wait Function is triggered

2021-11-18 12:22:57 - [MESSAGE][INFO] - Found 1 web elements with id: 'Object Repository/Olusturma/Genel/AliciBilgisi/Tamam_Butonu' located by 'By.xpath: //div[@id='btnSelectCustomer_CD']/span' in '10' second(s)

2021-11-18 12:22:57 - [MESSAGE][PASSED] - Object 'Object Repository/Olusturma/Genel/AliciBilgisi/Tamam_Butonu' is clickable

2021-11-18 12:22:57 - [MESSAGE][INFO] - Switching to default content

2021-11-18 12:22:57 - [TEST_STEP][PASSED] - click(findTestObject("Olusturma/Genel/AliciBilgisi/Tamam_Butonu")): Switching to default content

2021-11-18 12:22:57 - [MESSAGE][INFO] - Finding Test Object 'Object Repository/Olusturma/Genel/AliciBilgisi/Tamam_Butonu'

2021-11-18 12:22:57 - [MESSAGE][INFO] - Finding Test Object 'Object Repository/Olusturma/Genel/AliciBilgisi/Alici_Bilgisi'

2021-11-18 12:22:57 - [MESSAGE][INFO] - Checking object

2021-11-18 12:22:57 - [MESSAGE][INFO] - Object: 'Object Repository/Olusturma/Genel/AliciBilgisi/Tamam_Butonu' has parent object(s)

2021-11-18 12:22:57 - [MESSAGE][INFO] - Switching to iframe: 'Object Repository/Olusturma/Genel/AliciBilgisi/Alici_Bilgisi'

2021-11-18 12:22:57 - [MESSAGE][INFO] - Finding web element from Test Object's properties

2021-11-18 12:22:57 - [MESSAGE][INFO] - Checking timeout

2021-11-18 12:22:57 - [MESSAGE][INFO] - Finding web element with id: 'Object Repository/Olusturma/Genel/AliciBilgisi/Alici_Bilgisi' located by 'By.xpath: //iframe[@id='customerselectiframe']' in '30' second(s)

2021-11-18 12:22:57 - [MESSAGE][INFO] - Smart Wait Function is triggered

2021-11-18 12:22:57 - [MESSAGE][INFO] - Found 1 web elements with id: 'Object Repository/Olusturma/Genel/AliciBilgisi/Alici_Bilgisi' located by 'By.xpath: //iframe[@id='customerselectiframe']' in '30' second(s)

2021-11-18 12:22:57 - [MESSAGE][INFO] - Switched to iframe: 'Object Repository/Olusturma/Genel/AliciBilgisi/Alici_Bilgisi'

2021-11-18 12:22:57 - [MESSAGE][INFO] - Finding web element from Test Object's properties

2021-11-18 12:22:57 - [MESSAGE][INFO] - Checking timeout

2021-11-18 12:22:57 - [MESSAGE][INFO] - Finding web element with id: 'Object Repository/Olusturma/Genel/AliciBilgisi/Tamam_Butonu' located by 'By.xpath: //div[@id='btnSelectCustomer_CD']/span' in '30' second(s)

2021-11-18 12:22:57 - [MESSAGE][INFO] - Smart Wait Function is triggered

2021-11-18 12:22:57 - [MESSAGE][INFO] - Found 1 web elements with id: 'Object Repository/Olusturma/Genel/AliciBilgisi/Tamam_Butonu' located by 'By.xpath: //div[@id='btnSelectCustomer_CD']/span' in '30' second(s)

2021-11-18 12:22:57 - [MESSAGE][INFO] - Clicking on object: 'Object Repository/Olusturma/Genel/AliciBilgisi/Tamam_Butonu'

2021-11-18 12:22:57 - [MESSAGE][PASSED] - Object: 'Object Repository/Olusturma/Genel/AliciBilgisi/Tamam_Butonu' is clicked on

2021-11-18 12:22:57 - [MESSAGE][INFO] - Switching to default content

2021-11-18 12:22:57 - [TEST_STEP][PASSED] - waitForElementPresent(findTestObject("Olusturma/Genel/AliciBilgisi/VKN-TCKN"), 10): Object 'Object Repository/Olusturma/Genel/AliciBilgisi/VKN-TCKN' is present

2021-11-18 12:22:57 - [MESSAGE][INFO] - Finding Test Object 'Object Repository/Olusturma/Genel/AliciBilgisi/VKN-TCKN'

2021-11-18 12:22:57 - [MESSAGE][INFO] - Checking object

2021-11-18 12:22:57 - [MESSAGE][INFO] - Finding web element from Test Object's properties

2021-11-18 12:22:57 - [MESSAGE][INFO] - Checking timeout

2021-11-18 12:22:57 - [MESSAGE][INFO] - Finding web element with id: 'Object Repository/Olusturma/Genel/AliciBilgisi/VKN-TCKN' located by 'By.xpath: //*[@id = 'txtVknTckn_I']' in '10' second(s)

2021-11-18 12:22:57 - [MESSAGE][INFO] - Smart Wait Function is triggered

2021-11-18 12:22:58 - [MESSAGE][INFO] - Found 1 web elements with id: 'Object Repository/Olusturma/Genel/AliciBilgisi/VKN-TCKN' located by 'By.xpath: //*[@id = 'txtVknTckn_I']' in '10' second(s)

2021-11-18 12:22:58 - [MESSAGE][PASSED] - Object 'Object Repository/Olusturma/Genel/AliciBilgisi/VKN-TCKN' is present

2021-11-18 12:22:58 - [TEST_STEP][PASSED] - text = getAttribute(findTestObject("Olusturma/Genel/AliciBilgisi/VKN-TCKN"), "value"): Attribute 'value' of object 'Object Repository/Olusturma/Genel/AliciBilgisi/VKN-TCKN' is: '5329805376'

2021-11-18 12:22:58 - [MESSAGE][INFO] - Finding Test Object 'Object Repository/Olusturma/Genel/AliciBilgisi/VKN-TCKN'

2021-11-18 12:22:58 - [MESSAGE][INFO] - Checking object

2021-11-18 12:22:58 - [MESSAGE][INFO] - Checking attribute

2021-11-18 12:22:58 - [MESSAGE][INFO] - Finding web element from Test Object's properties

2021-11-18 12:22:58 - [MESSAGE][INFO] - Checking timeout

2021-11-18 12:22:58 - [MESSAGE][INFO] - Finding web element with id: 'Object Repository/Olusturma/Genel/AliciBilgisi/VKN-TCKN' located by 'By.xpath: //*[@id = 'txtVknTckn_I']' in '30' second(s)

2021-11-18 12:22:58 - [MESSAGE][INFO] - Smart Wait Function is triggered

2021-11-18 12:22:58 - [MESSAGE][INFO] - Found 1 web elements with id: 'Object Repository/Olusturma/Genel/AliciBilgisi/VKN-TCKN' located by 'By.xpath: //*[@id = 'txtVknTckn_I']' in '30' second(s)

2021-11-18 12:22:58 - [MESSAGE][INFO] - Getting attribute 'value' of object 'Object Repository/Olusturma/Genel/AliciBilgisi/VKN-TCKN'

2021-11-18 12:22:58 - [MESSAGE][PASSED] - Attribute 'value' of object 'Object Repository/Olusturma/Genel/AliciBilgisi/VKN-TCKN' is: '5329805376'

2021-11-18 12:22:58 - [TEST_STEP][PASSED] - if (text.equals("")): null

2021-11-18 12:22:58 - [MESSAGE][PASSED] - Call Test Case 'Test Cases/Olusturma/Genel/AliciSecilir' successfully

2021-11-18 12:22:58 - [MESSAGE][INFO] - Checking called Test Case

2021-11-18 12:22:58 - [MESSAGE][INFO] - Starting to call Test Case 'Test Cases/Olusturma/Genel/GonderimSekliSecilir'

2021-11-18 12:22:58 - [TEST_CASE][PASSED] - Test Cases/Olusturma/Genel/GonderimSekliSecilir: Test Cases/Olusturma/Genel/GonderimSekliSecilir

2021-11-18 12:22:58 - [TEST_STEP][PASSED] - waitForElementClickable(findTestObject("Object Repository/Olusturma/Genel/GonderimSekli/GonderimSekli"), 10): Object 'Object Repository/Olusturma/Genel/GonderimSekli/GonderimSekli' is clickable

2021-11-18 12:22:58 - [MESSAGE][INFO] - Finding Test Object 'Object Repository/Olusturma/Genel/GonderimSekli/GonderimSekli'

2021-11-18 12:22:58 - [MESSAGE][INFO] - Checking object

2021-11-18 12:22:58 - [MESSAGE][INFO] - Checking timeout

2021-11-18 12:22:58 - [MESSAGE][INFO] - Finding web element from Test Object's properties

2021-11-18 12:22:58 - [MESSAGE][INFO] - Checking timeout

2021-11-18 12:22:58 - [MESSAGE][INFO] - Finding web element with id: 'Object Repository/Olusturma/Genel/GonderimSekli/GonderimSekli' located by 'By.xpath: //*[@id = 'txtGonderimSekil_I']' in '10' second(s)

2021-11-18 12:22:58 - [MESSAGE][INFO] - Smart Wait Function is triggered

2021-11-18 12:22:59 - [MESSAGE][INFO] - Found 1 web elements with id: 'Object Repository/Olusturma/Genel/GonderimSekli/GonderimSekli' located by 'By.xpath: //*[@id = 'txtGonderimSekil_I']' in '10' second(s)

2021-11-18 12:22:59 - [MESSAGE][PASSED] - Object 'Object Repository/Olusturma/Genel/GonderimSekli/GonderimSekli' is clickable

2021-11-18 12:22:59 - [TEST_STEP][PASSED] - click(findTestObject("Object Repository/Olusturma/Genel/GonderimSekli/GonderimSekli")): Object: 'Object Repository/Olusturma/Genel/GonderimSekli/GonderimSekli' is clicked on

2021-11-18 12:22:59 - [MESSAGE][INFO] - Finding Test Object 'Object Repository/Olusturma/Genel/GonderimSekli/GonderimSekli'

2021-11-18 12:22:59 - [MESSAGE][INFO] - Checking object

2021-11-18 12:22:59 - [MESSAGE][INFO] - Finding web element from Test Object's properties

2021-11-18 12:22:59 - [MESSAGE][INFO] - Checking timeout

2021-11-18 12:22:59 - [MESSAGE][INFO] - Finding web element with id: 'Object Repository/Olusturma/Genel/GonderimSekli/GonderimSekli' located by 'By.xpath: //*[@id = 'txtGonderimSekil_I']' in '30' second(s)

2021-11-18 12:22:59 - [MESSAGE][INFO] - Smart Wait Function is triggered

2021-11-18 12:22:59 - [MESSAGE][INFO] - Found 1 web elements with id: 'Object Repository/Olusturma/Genel/GonderimSekli/GonderimSekli' located by 'By.xpath: //*[@id = 'txtGonderimSekil_I']' in '30' second(s)

2021-11-18 12:22:59 - [MESSAGE][INFO] - Clicking on object: 'Object Repository/Olusturma/Genel/GonderimSekli/GonderimSekli'

2021-11-18 12:22:59 - [MESSAGE][PASSED] - Object: 'Object Repository/Olusturma/Genel/GonderimSekli/GonderimSekli' is clicked on

2021-11-18 12:22:59 - [TEST_STEP][PASSED] - Method.TextDegerineEsitElementeTikla(findTestObject("Object Repository/Olusturma/Genel/GonderimSekli/GonderimSekliAdi"), GonderimSekli): Method.TextDegerineEsitElementeTikla is PASSED

2021-11-18 12:22:59 - [MESSAGE][INFO] - Finding Test Object 'Object Repository/Olusturma/Genel/GonderimSekli/GonderimSekliAdi'

2021-11-18 12:22:59 - [MESSAGE][INFO] - Checking timeout

2021-11-18 12:22:59 - [MESSAGE][INFO] - Finding web element with id: 'Object Repository/Olusturma/Genel/GonderimSekli/GonderimSekliAdi' located by 'By.cssSelector: #txtGonderimSekil_DDD_L_LBT td' in '10' second(s)

2021-11-18 12:22:59 - [MESSAGE][INFO] - Smart Wait Function is triggered

2021-11-18 12:22:59 - [MESSAGE][INFO] - Found 2 web elements with id: 'Object Repository/Olusturma/Genel/GonderimSekli/GonderimSekliAdi' located by 'By.cssSelector: #txtGonderimSekil_DDD_L_LBT td' in '10' second(s)

2021-11-18 12:23:00 - [MESSAGE][PASSED] - Method.TextDegerineEsitElementeTikla is PASSED

2021-11-18 12:23:00 - [MESSAGE][PASSED] - Call Test Case 'Test Cases/Olusturma/Genel/GonderimSekliSecilir' successfully

2021-11-18 12:23:00 - [MESSAGE][INFO] - Checking called Test Case

2021-11-18 12:23:00 - [MESSAGE][INFO] - Starting to call Test Case 'Test Cases/Olusturma/Genel/TipSecilir'

2021-11-18 12:23:00 - [TEST_CASE][PASSED] - Test Cases/Olusturma/Genel/TipSecilir: Test Cases/Olusturma/Genel/TipSecilir

2021-11-18 12:23:00 - [TEST_STEP][PASSED] - waitForElementClickable(findTestObject("Olusturma/Genel/TipSecilir/Tip"), 10): Object 'Object Repository/Olusturma/Genel/TipSecilir/Tip' is clickable

2021-11-18 12:23:00 - [MESSAGE][INFO] - Finding Test Object 'Object Repository/Olusturma/Genel/TipSecilir/Tip'

2021-11-18 12:23:00 - [MESSAGE][INFO] - Checking object

2021-11-18 12:23:00 - [MESSAGE][INFO] - Checking timeout

2021-11-18 12:23:00 - [MESSAGE][INFO] - Finding web element from Test Object's properties

2021-11-18 12:23:00 - [MESSAGE][INFO] - Checking timeout

2021-11-18 12:23:00 - [MESSAGE][INFO] - Finding web element with id: 'Object Repository/Olusturma/Genel/TipSecilir/Tip' located by 'By.xpath: //*[@id = 'DocumentTypeCode_I']' in '10' second(s)

2021-11-18 12:23:00 - [MESSAGE][INFO] - Smart Wait Function is triggered

2021-11-18 12:23:00 - [MESSAGE][INFO] - Found 1 web elements with id: 'Object Repository/Olusturma/Genel/TipSecilir/Tip' located by 'By.xpath: //*[@id = 'DocumentTypeCode_I']' in '10' second(s)

2021-11-18 12:23:00 - [MESSAGE][PASSED] - Object 'Object Repository/Olusturma/Genel/TipSecilir/Tip' is clickable

2021-11-18 12:23:00 - [TEST_STEP][PASSED] - click(findTestObject("Olusturma/Genel/TipSecilir/Tip")): Object: 'Object Repository/Olusturma/Genel/TipSecilir/Tip' is clicked on

2021-11-18 12:23:00 - [MESSAGE][INFO] - Finding Test Object 'Object Repository/Olusturma/Genel/TipSecilir/Tip'

2021-11-18 12:23:00 - [MESSAGE][INFO] - Checking object

2021-11-18 12:23:00 - [MESSAGE][INFO] - Finding web element from Test Object's properties

2021-11-18 12:23:00 - [MESSAGE][INFO] - Checking timeout

2021-11-18 12:23:00 - [MESSAGE][INFO] - Finding web element with id: 'Object Repository/Olusturma/Genel/TipSecilir/Tip' located by 'By.xpath: //*[@id = 'DocumentTypeCode_I']' in '30' second(s)

2021-11-18 12:23:00 - [MESSAGE][INFO] - Smart Wait Function is triggered

2021-11-18 12:23:00 - [MESSAGE][INFO] - Found 1 web elements with id: 'Object Repository/Olusturma/Genel/TipSecilir/Tip' located by 'By.xpath: //*[@id = 'DocumentTypeCode_I']' in '30' second(s)

2021-11-18 12:23:00 - [MESSAGE][INFO] - Clicking on object: 'Object Repository/Olusturma/Genel/TipSecilir/Tip'

2021-11-18 12:23:00 - [MESSAGE][PASSED] - Object: 'Object Repository/Olusturma/Genel/TipSecilir/Tip' is clicked on

2021-11-18 12:23:00 - [TEST_STEP][PASSED] - Method.TextDegerineEsitElementeTikla(findTestObject("Object Repository/Olusturma/Genel/TipSecilir/Tip_Adi"), Tip): Method.TextDegerineEsitElementeTikla is PASSED

2021-11-18 12:23:00 - [MESSAGE][INFO] - Finding Test Object 'Object Repository/Olusturma/Genel/TipSecilir/Tip_Adi'

2021-11-18 12:23:01 - [MESSAGE][INFO] - Checking timeout

2021-11-18 12:23:01 - [MESSAGE][INFO] - Finding web element with id: 'Object Repository/Olusturma/Genel/TipSecilir/Tip_Adi' located by 'By.cssSelector: #DocumentTypeCode_DDD_L_LBT td' in '10' second(s)

2021-11-18 12:23:01 - [MESSAGE][INFO] - Smart Wait Function is triggered

2021-11-18 12:23:01 - [MESSAGE][INFO] - Found 9 web elements with id: 'Object Repository/Olusturma/Genel/TipSecilir/Tip_Adi' located by 'By.cssSelector: #DocumentTypeCode_DDD_L_LBT td' in '10' second(s)

2021-11-18 12:23:01 - [MESSAGE][PASSED] - Method.TextDegerineEsitElementeTikla is PASSED

2021-11-18 12:23:01 - [MESSAGE][PASSED] - Call Test Case 'Test Cases/Olusturma/Genel/TipSecilir' successfully

2021-11-18 12:23:01 - [MESSAGE][INFO] - Checking called Test Case

2021-11-18 12:23:01 - [MESSAGE][INFO] - Starting to call Test Case 'Test Cases/Olusturma/Genel/DokumanParaBirimiSecilir'

2021-11-18 12:23:01 - [TEST_CASE][PASSED] - Test Cases/Olusturma/Genel/DokumanParaBirimiSecilir: Test Cases/Olusturma/Genel/DokumanParaBirimiSecilir

2021-11-18 12:23:01 - [TEST_STEP][PASSED] - waitForElementClickable(findTestObject("Object Repository/Olusturma/Genel/DokumanParaBirimiSecilir/Para"), 10): Object 'Object Repository/Olusturma/Genel/DokumanParaBirimiSecilir/Para' is clickable

2021-11-18 12:23:01 - [MESSAGE][INFO] - Finding Test Object 'Object Repository/Olusturma/Genel/DokumanParaBirimiSecilir/Para'

2021-11-18 12:23:01 - [MESSAGE][INFO] - Checking object

2021-11-18 12:23:01 - [MESSAGE][INFO] - Checking timeout

2021-11-18 12:23:01 - [MESSAGE][INFO] - Finding web element from Test Object's properties

2021-11-18 12:23:01 - [MESSAGE][INFO] - Checking timeout

2021-11-18 12:23:01 - [MESSAGE][INFO] - Finding web element with id: 'Object Repository/Olusturma/Genel/DokumanParaBirimiSecilir/Para' located by 'By.xpath: //*[@id = 'CurrencyUnit_I']' in '10' second(s)

2021-11-18 12:23:01 - [MESSAGE][INFO] - Smart Wait Function is triggered

2021-11-18 12:23:01 - [MESSAGE][INFO] - Found 1 web elements with id: 'Object Repository/Olusturma/Genel/DokumanParaBirimiSecilir/Para' located by 'By.xpath: //*[@id = 'CurrencyUnit_I']' in '10' second(s)

2021-11-18 12:23:01 - [MESSAGE][PASSED] - Object 'Object Repository/Olusturma/Genel/DokumanParaBirimiSecilir/Para' is clickable

2021-11-18 12:23:01 - [TEST_STEP][PASSED] - click(findTestObject("Object Repository/Olusturma/Genel/DokumanParaBirimiSecilir/Para")): Object: 'Object Repository/Olusturma/Genel/DokumanParaBirimiSecilir/Para' is clicked on

2021-11-18 12:23:01 - [MESSAGE][INFO] - Finding Test Object 'Object Repository/Olusturma/Genel/DokumanParaBirimiSecilir/Para'

2021-11-18 12:23:01 - [MESSAGE][INFO] - Checking object

2021-11-18 12:23:01 - [MESSAGE][INFO] - Finding web element from Test Object's properties

2021-11-18 12:23:01 - [MESSAGE][INFO] - Checking timeout

2021-11-18 12:23:01 - [MESSAGE][INFO] - Finding web element with id: 'Object Repository/Olusturma/Genel/DokumanParaBirimiSecilir/Para' located by 'By.xpath: //*[@id = 'CurrencyUnit_I']' in '30' second(s)

2021-11-18 12:23:01 - [MESSAGE][INFO] - Smart Wait Function is triggered

2021-11-18 12:23:02 - [MESSAGE][INFO] - Found 1 web elements with id: 'Object Repository/Olusturma/Genel/DokumanParaBirimiSecilir/Para' located by 'By.xpath: //*[@id = 'CurrencyUnit_I']' in '30' second(s)

2021-11-18 12:23:02 - [MESSAGE][INFO] - Clicking on object: 'Object Repository/Olusturma/Genel/DokumanParaBirimiSecilir/Para'

2021-11-18 12:23:02 - [MESSAGE][PASSED] - Object: 'Object Repository/Olusturma/Genel/DokumanParaBirimiSecilir/Para' is clicked on

2021-11-18 12:23:02 - [TEST_STEP][PASSED] - Method.TextDegerineEsitElementeTikla(findTestObject("Object Repository/Olusturma/Genel/DokumanParaBirimiSecilir/Para_Adi"), Para): Method.TextDegerineEsitElementeTikla is PASSED

2021-11-18 12:23:02 - [MESSAGE][INFO] - Finding Test Object 'Object Repository/Olusturma/Genel/DokumanParaBirimiSecilir/Para_Adi'

2021-11-18 12:23:02 - [MESSAGE][INFO] - Checking timeout

2021-11-18 12:23:02 - [MESSAGE][INFO] - Finding web element with id: 'Object Repository/Olusturma/Genel/DokumanParaBirimiSecilir/Para_Adi' located by 'By.cssSelector: #CurrencyUnit_DDD_L_LBT td' in '10' second(s)

2021-11-18 12:23:02 - [MESSAGE][INFO] - Smart Wait Function is triggered

2021-11-18 12:23:02 - [MESSAGE][INFO] - Found 203 web elements with id: 'Object Repository/Olusturma/Genel/DokumanParaBirimiSecilir/Para_Adi' located by 'By.cssSelector: #CurrencyUnit_DDD_L_LBT td' in '10' second(s)

2021-11-18 12:23:05 - [MESSAGE][PASSED] - Method.TextDegerineEsitElementeTikla is PASSED

2021-11-18 12:23:05 - [MESSAGE][PASSED] - Call Test Case 'Test Cases/Olusturma/Genel/DokumanParaBirimiSecilir' successfully

2021-11-18 12:23:05 - [MESSAGE][INFO] - Checking called Test Case

2021-11-18 12:23:05 - [MESSAGE][INFO] - Starting to call Test Case 'Test Cases/Olusturma/Genel/OnEkSecilir'

2021-11-18 12:23:05 - [TEST_CASE][PASSED] - Test Cases/Olusturma/Genel/OnEkSecilir: Test Cases/Olusturma/Genel/OnEkSecilir

2021-11-18 12:23:05 - [TEST_STEP][PASSED] - waitForElementClickable(findTestObject("Object Repository/Olusturma/Genel/OnEkSecilir/OnEk"), 10): Object 'Object Repository/Olusturma/Genel/OnEkSecilir/OnEk' is clickable

2021-11-18 12:23:05 - [MESSAGE][INFO] - Finding Test Object 'Object Repository/Olusturma/Genel/OnEkSecilir/OnEk'

2021-11-18 12:23:05 - [MESSAGE][INFO] - Checking object

2021-11-18 12:23:05 - [MESSAGE][INFO] - Checking timeout

2021-11-18 12:23:05 - [MESSAGE][INFO] - Finding web element from Test Object's properties

2021-11-18 12:23:05 - [MESSAGE][INFO] - Checking timeout

2021-11-18 12:23:05 - [MESSAGE][INFO] - Finding web element with id: 'Object Repository/Olusturma/Genel/OnEkSecilir/OnEk' located by 'By.xpath: //*[@id = 'InvoicePrefix_I']' in '10' second(s)

2021-11-18 12:23:05 - [MESSAGE][INFO] - Smart Wait Function is triggered

2021-11-18 12:23:06 - [MESSAGE][INFO] - Found 1 web elements with id: 'Object Repository/Olusturma/Genel/OnEkSecilir/OnEk' located by 'By.xpath: //*[@id = 'InvoicePrefix_I']' in '10' second(s)

2021-11-18 12:23:06 - [MESSAGE][PASSED] - Object 'Object Repository/Olusturma/Genel/OnEkSecilir/OnEk' is clickable

2021-11-18 12:23:06 - [TEST_STEP][PASSED] - click(findTestObject("Object Repository/Olusturma/Genel/OnEkSecilir/OnEk")): Object: 'Object Repository/Olusturma/Genel/OnEkSecilir/OnEk' is clicked on

2021-11-18 12:23:06 - [MESSAGE][INFO] - Finding Test Object 'Object Repository/Olusturma/Genel/OnEkSecilir/OnEk'

2021-11-18 12:23:06 - [MESSAGE][INFO] - Checking object

2021-11-18 12:23:06 - [MESSAGE][INFO] - Finding web element from Test Object's properties

2021-11-18 12:23:06 - [MESSAGE][INFO] - Checking timeout

2021-11-18 12:23:06 - [MESSAGE][INFO] - Finding web element with id: 'Object Repository/Olusturma/Genel/OnEkSecilir/OnEk' located by 'By.xpath: //*[@id = 'InvoicePrefix_I']' in '30' second(s)

2021-11-18 12:23:06 - [MESSAGE][INFO] - Smart Wait Function is triggered

2021-11-18 12:23:06 - [MESSAGE][INFO] - Found 1 web elements with id: 'Object Repository/Olusturma/Genel/OnEkSecilir/OnEk' located by 'By.xpath: //*[@id = 'InvoicePrefix_I']' in '30' second(s)

2021-11-18 12:23:06 - [MESSAGE][INFO] - Clicking on object: 'Object Repository/Olusturma/Genel/OnEkSecilir/OnEk'

2021-11-18 12:23:06 - [MESSAGE][PASSED] - Object: 'Object Repository/Olusturma/Genel/OnEkSecilir/OnEk' is clicked on

2021-11-18 12:23:06 - [TEST_STEP][PASSED] - Method.TextDegerineEsitElementeTiklaEquals(findTestObject("Object Repository/Olusturma/Genel/OnEkSecilir/OnEkAdi"), Ek): Method.TextDegerineEsitElementeTiklaEquals is PASSED

2021-11-18 12:23:06 - [MESSAGE][INFO] - Finding Test Object 'Object Repository/Olusturma/Genel/OnEkSecilir/OnEkAdi'

2021-11-18 12:23:06 - [MESSAGE][INFO] - Checking timeout

2021-11-18 12:23:06 - [MESSAGE][INFO] - Finding web element with id: 'Object Repository/Olusturma/Genel/OnEkSecilir/OnEkAdi' located by 'By.cssSelector: #InvoicePrefix_DDD_L_LBT td' in '10' second(s)

2021-11-18 12:23:06 - [MESSAGE][INFO] - Smart Wait Function is triggered

2021-11-18 12:23:07 - [MESSAGE][INFO] - Found 1 web elements with id: 'Object Repository/Olusturma/Genel/OnEkSecilir/OnEkAdi' located by 'By.cssSelector: #InvoicePrefix_DDD_L_LBT td' in '10' second(s)

2021-11-18 12:23:07 - [MESSAGE][PASSED] - Method.TextDegerineEsitElementeTiklaEquals is PASSED

2021-11-18 12:23:07 - [MESSAGE][PASSED] - Call Test Case 'Test Cases/Olusturma/Genel/OnEkSecilir' successfully

2021-11-18 12:23:07 - [MESSAGE][INFO] - Checking called Test Case

2021-11-18 12:23:07 - [MESSAGE][INFO] - Starting to call Test Case 'Test Cases/Olusturma/Genel/TasarimSecilir'

2021-11-18 12:23:07 - [TEST_CASE][PASSED] - Test Cases/Olusturma/Genel/TasarimSecilir: Test Cases/Olusturma/Genel/TasarimSecilir

2021-11-18 12:23:07 - [TEST_STEP][PASSED] - waitForElementClickable(findTestObject("Object Repository/Olusturma/Genel/TasarimSecilir/Tasarim"), 10): Object 'Object Repository/Olusturma/Genel/TasarimSecilir/Tasarim' is clickable

2021-11-18 12:23:07 - [MESSAGE][INFO] - Finding Test Object 'Object Repository/Olusturma/Genel/TasarimSecilir/Tasarim'

2021-11-18 12:23:07 - [MESSAGE][INFO] - Checking object

2021-11-18 12:23:07 - [MESSAGE][INFO] - Checking timeout

2021-11-18 12:23:07 - [MESSAGE][INFO] - Finding web element from Test Object's properties

2021-11-18 12:23:07 - [MESSAGE][INFO] - Checking timeout

2021-11-18 12:23:07 - [MESSAGE][INFO] - Finding web element with id: 'Object Repository/Olusturma/Genel/TasarimSecilir/Tasarim' located by 'By.xpath: //*[@id = 'DesignId_I']' in '10' second(s)

2021-11-18 12:23:07 - [MESSAGE][INFO] - Smart Wait Function is triggered

2021-11-18 12:23:07 - [MESSAGE][INFO] - Found 1 web elements with id: 'Object Repository/Olusturma/Genel/TasarimSecilir/Tasarim' located by 'By.xpath: //*[@id = 'DesignId_I']' in '10' second(s)

2021-11-18 12:23:07 - [MESSAGE][PASSED] - Object 'Object Repository/Olusturma/Genel/TasarimSecilir/Tasarim' is clickable

2021-11-18 12:23:07 - [TEST_STEP][PASSED] - click(findTestObject("Object Repository/Olusturma/Genel/TasarimSecilir/Tasarim")): Object: 'Object Repository/Olusturma/Genel/TasarimSecilir/Tasarim' is clicked on

2021-11-18 12:23:07 - [MESSAGE][INFO] - Finding Test Object 'Object Repository/Olusturma/Genel/TasarimSecilir/Tasarim'

2021-11-18 12:23:07 - [MESSAGE][INFO] - Checking object

2021-11-18 12:23:07 - [MESSAGE][INFO] - Finding web element from Test Object's properties

2021-11-18 12:23:07 - [MESSAGE][INFO] - Checking timeout

2021-11-18 12:23:07 - [MESSAGE][INFO] - Finding web element with id: 'Object Repository/Olusturma/Genel/TasarimSecilir/Tasarim' located by 'By.xpath: //*[@id = 'DesignId_I']' in '30' second(s)

2021-11-18 12:23:07 - [MESSAGE][INFO] - Smart Wait Function is triggered

2021-11-18 12:23:07 - [MESSAGE][INFO] - Found 1 web elements with id: 'Object Repository/Olusturma/Genel/TasarimSecilir/Tasarim' located by 'By.xpath: //*[@id = 'DesignId_I']' in '30' second(s)

2021-11-18 12:23:07 - [MESSAGE][INFO] - Clicking on object: 'Object Repository/Olusturma/Genel/TasarimSecilir/Tasarim'

2021-11-18 12:23:07 - [MESSAGE][PASSED] - Object: 'Object Repository/Olusturma/Genel/TasarimSecilir/Tasarim' is clicked on

2021-11-18 12:23:07 - [TEST_STEP][PASSED] - Method.TextDegerineEsitElementeTikla(findTestObject("Object Repository/Olusturma/Genel/TasarimSecilir/Tasarim_Adi"), Tasarim): Method.TextDegerineEsitElementeTikla is PASSED

2021-11-18 12:23:07 - [MESSAGE][INFO] - Finding Test Object 'Object Repository/Olusturma/Genel/TasarimSecilir/Tasarim_Adi'

2021-11-18 12:23:08 - [MESSAGE][INFO] - Checking timeout

2021-11-18 12:23:08 - [MESSAGE][INFO] - Finding web element with id: 'Object Repository/Olusturma/Genel/TasarimSecilir/Tasarim_Adi' located by 'By.cssSelector: #DesignId_DDD_L_LBT td' in '10' second(s)

2021-11-18 12:23:08 - [MESSAGE][INFO] - Smart Wait Function is triggered

2021-11-18 12:23:08 - [MESSAGE][INFO] - Found 1 web elements with id: 'Object Repository/Olusturma/Genel/TasarimSecilir/Tasarim_Adi' located by 'By.cssSelector: #DesignId_DDD_L_LBT td' in '10' second(s)

2021-11-18 12:23:08 - [MESSAGE][PASSED] - Method.TextDegerineEsitElementeTikla is PASSED

2021-11-18 12:23:08 - [MESSAGE][PASSED] - Call Test Case 'Test Cases/Olusturma/Genel/TasarimSecilir' successfully

2021-11-18 12:23:08 - [MESSAGE][INFO] - Checking called Test Case

2021-11-18 12:23:08 - [MESSAGE][INFO] - Starting to call Test Case 'Test Cases/Olusturma/Genel/Kutular/SiparisBilgileriGirilir'

2021-11-18 12:23:08 - [TEST_CASE][PASSED] - Test Cases/Olusturma/Genel/Kutular/SiparisBilgileriGirilir: Test Cases/Olusturma/Genel/Kutular/SiparisBilgileriGirilir

2021-11-18 12:23:08 - [TEST_STEP][PASSED] - Method.TextDegerineEsitElementeTikla(findTestObject("Olusturma/Genel/Kutular/KapaliKutular"), "Sipariş Bilgileri"): Method.TextDegerineEsitElementeTikla is PASSED

2021-11-18 12:23:08 - [MESSAGE][INFO] - Finding Test Object 'Object Repository/Olusturma/Genel/Kutular/KapaliKutular'

2021-11-18 12:23:08 - [MESSAGE][INFO] - Checking timeout

2021-11-18 12:23:08 - [MESSAGE][INFO] - Finding web element with id: 'Object Repository/Olusturma/Genel/Kutular/KapaliKutular' located by 'By.cssSelector: .dxnb-headerCollapsed>span' in '10' second(s)

2021-11-18 12:23:08 - [MESSAGE][INFO] - Smart Wait Function is triggered

2021-11-18 12:23:08 - [MESSAGE][INFO] - Found 8 web elements with id: 'Object Repository/Olusturma/Genel/Kutular/KapaliKutular' located by 'By.cssSelector: .dxnb-headerCollapsed>span' in '10' second(s)

2021-11-18 12:23:08 - [MESSAGE][PASSED] - Method.TextDegerineEsitElementeTikla is PASSED

2021-11-18 12:23:08 - [TEST_STEP][PASSED] - waitForElementPresent(findTestObject("Object Repository/Olusturma/Genel/Kutular/SiparisBilgileri/SiparisNo"), 10): Object 'Object Repository/Olusturma/Genel/Kutular/SiparisBilgileri/SiparisNo' is present

2021-11-18 12:23:08 - [MESSAGE][INFO] - Finding Test Object 'Object Repository/Olusturma/Genel/Kutular/SiparisBilgileri/SiparisNo'

2021-11-18 12:23:09 - [MESSAGE][INFO] - Checking object

2021-11-18 12:23:09 - [MESSAGE][INFO] - Finding web element from Test Object's properties

2021-11-18 12:23:09 - [MESSAGE][INFO] - Checking timeout

2021-11-18 12:23:09 - [MESSAGE][INFO] - Finding web element with id: 'Object Repository/Olusturma/Genel/Kutular/SiparisBilgileri/SiparisNo' located by 'By.xpath: //*[@id = 'txtSiparisNo_I']' in '10' second(s)

2021-11-18 12:23:09 - [MESSAGE][INFO] - Smart Wait Function is triggered

2021-11-18 12:23:09 - [MESSAGE][INFO] - Found 1 web elements with id: 'Object Repository/Olusturma/Genel/Kutular/SiparisBilgileri/SiparisNo' located by 'By.xpath: //*[@id = 'txtSiparisNo_I']' in '10' second(s)

2021-11-18 12:23:09 - [MESSAGE][PASSED] - Object 'Object Repository/Olusturma/Genel/Kutular/SiparisBilgileri/SiparisNo' is present

2021-11-18 12:23:09 - [TEST_STEP][PASSED] - clearText(findTestObject("Object Repository/Olusturma/Genel/Kutular/SiparisBilgileri/SiparisNo")): Text of object 'Object Repository/Olusturma/Genel/Kutular/SiparisBilgileri/SiparisNo' is cleared

2021-11-18 12:23:09 - [MESSAGE][INFO] - Finding Test Object 'Object Repository/Olusturma/Genel/Kutular/SiparisBilgileri/SiparisNo'

2021-11-18 12:23:09 - [MESSAGE][INFO] - Checking object

2021-11-18 12:23:09 - [MESSAGE][INFO] - Finding web element from Test Object's properties

2021-11-18 12:23:09 - [MESSAGE][INFO] - Checking timeout

2021-11-18 12:23:09 - [MESSAGE][INFO] - Finding web element with id: 'Object Repository/Olusturma/Genel/Kutular/SiparisBilgileri/SiparisNo' located by 'By.xpath: //*[@id = 'txtSiparisNo_I']' in '30' second(s)

2021-11-18 12:23:09 - [MESSAGE][INFO] - Smart Wait Function is triggered

2021-11-18 12:23:09 - [MESSAGE][INFO] - Found 1 web elements with id: 'Object Repository/Olusturma/Genel/Kutular/SiparisBilgileri/SiparisNo' located by 'By.xpath: //*[@id = 'txtSiparisNo_I']' in '30' second(s)

2021-11-18 12:23:09 - [MESSAGE][INFO] - Clearing text of object 'Object Repository/Olusturma/Genel/Kutular/SiparisBilgileri/SiparisNo'

2021-11-18 12:23:09 - [MESSAGE][PASSED] - Text of object 'Object Repository/Olusturma/Genel/Kutular/SiparisBilgileri/SiparisNo' is cleared

2021-11-18 12:23:09 - [TEST_STEP][PASSED] - sendKeys(findTestObject("Object Repository/Olusturma/Genel/Kutular/SiparisBilgileri/SiparisNo"), SiparisNo): Keys 'UUC-SAT-1200001' sent to object: 'Object Repository/Olusturma/Genel/Kutular/SiparisBilgileri/SiparisNo'

2021-11-18 12:23:09 - [MESSAGE][INFO] - Finding Test Object 'Object Repository/Olusturma/Genel/Kutular/SiparisBilgileri/SiparisNo'

2021-11-18 12:23:09 - [MESSAGE][INFO] - Sending keys 'UUC-SAT-1200001' to object: 'Object Repository/Olusturma/Genel/Kutular/SiparisBilgileri/SiparisNo'

2021-11-18 12:23:09 - [MESSAGE][INFO] - Finding web element from Test Object's properties

2021-11-18 12:23:09 - [MESSAGE][INFO] - Checking timeout

2021-11-18 12:23:09 - [MESSAGE][INFO] - Finding web element with id: 'Object Repository/Olusturma/Genel/Kutular/SiparisBilgileri/SiparisNo' located by 'By.xpath: //*[@id = 'txtSiparisNo_I']' in '30' second(s)

2021-11-18 12:23:09 - [MESSAGE][INFO] - Smart Wait Function is triggered

2021-11-18 12:23:10 - [MESSAGE][INFO] - Found 1 web elements with id: 'Object Repository/Olusturma/Genel/Kutular/SiparisBilgileri/SiparisNo' located by 'By.xpath: //*[@id = 'txtSiparisNo_I']' in '30' second(s)

2021-11-18 12:23:10 - [MESSAGE][PASSED] - Keys 'UUC-SAT-1200001' sent to object: 'Object Repository/Olusturma/Genel/Kutular/SiparisBilgileri/SiparisNo'

2021-11-18 12:23:10 - [TEST_STEP][PASSED] - waitForElementClickable(findTestObject("Object Repository/Olusturma/Genel/Kutular/SiparisBilgileri/SiparisTarihiImage"), 10): Object 'Object Repository/Olusturma/Genel/Kutular/SiparisBilgileri/SiparisTarihiImage' is clickable

2021-11-18 12:23:10 - [MESSAGE][INFO] - Finding Test Object 'Object Repository/Olusturma/Genel/Kutular/SiparisBilgileri/SiparisTarihiImage'

2021-11-18 12:23:10 - [MESSAGE][INFO] - Checking object

2021-11-18 12:23:10 - [MESSAGE][INFO] - Checking timeout

2021-11-18 12:23:10 - [MESSAGE][INFO] - Finding web element from Test Object's properties

2021-11-18 12:23:10 - [MESSAGE][INFO] - Checking timeout

2021-11-18 12:23:10 - [MESSAGE][INFO] - Finding web element with id: 'Object Repository/Olusturma/Genel/Kutular/SiparisBilgileri/SiparisTarihiImage' located by 'By.cssSelector: #dateSiparisTarih img' in '10' second(s)

2021-11-18 12:23:10 - [MESSAGE][INFO] - Smart Wait Function is triggered

2021-11-18 12:23:10 - [MESSAGE][INFO] - Found 1 web elements with id: 'Object Repository/Olusturma/Genel/Kutular/SiparisBilgileri/SiparisTarihiImage' located by 'By.cssSelector: #dateSiparisTarih img' in '10' second(s)

2021-11-18 12:23:10 - [MESSAGE][PASSED] - Object 'Object Repository/Olusturma/Genel/Kutular/SiparisBilgileri/SiparisTarihiImage' is clickable

2021-11-18 12:23:10 - [TEST_STEP][PASSED] - click(findTestObject("Object Repository/Olusturma/Genel/Kutular/SiparisBilgileri/SiparisTarihiImage")): Object: 'Object Repository/Olusturma/Genel/Kutular/SiparisBilgileri/SiparisTarihiImage' is clicked on

2021-11-18 12:23:10 - [MESSAGE][INFO] - Finding Test Object 'Object Repository/Olusturma/Genel/Kutular/SiparisBilgileri/SiparisTarihiImage'

2021-11-18 12:23:10 - [MESSAGE][INFO] - Checking object

2021-11-18 12:23:10 - [MESSAGE][INFO] - Finding web element from Test Object's properties

2021-11-18 12:23:10 - [MESSAGE][INFO] - Checking timeout

2021-11-18 12:23:10 - [MESSAGE][INFO] - Finding web element with id: 'Object Repository/Olusturma/Genel/Kutular/SiparisBilgileri/SiparisTarihiImage' located by 'By.cssSelector: #dateSiparisTarih img' in '30' second(s)

2021-11-18 12:23:10 - [MESSAGE][INFO] - Smart Wait Function is triggered

2021-11-18 12:23:10 - [MESSAGE][INFO] - Found 1 web elements with id: 'Object Repository/Olusturma/Genel/Kutular/SiparisBilgileri/SiparisTarihiImage' located by 'By.cssSelector: #dateSiparisTarih img' in '30' second(s)

2021-11-18 12:23:10 - [MESSAGE][INFO] - Clicking on object: 'Object Repository/Olusturma/Genel/Kutular/SiparisBilgileri/SiparisTarihiImage'

2021-11-18 12:23:11 - [MESSAGE][PASSED] - Object: 'Object Repository/Olusturma/Genel/Kutular/SiparisBilgileri/SiparisTarihiImage' is clicked on

2021-11-18 12:23:11 - [TEST_STEP][PASSED] - waitForElementPresent(findTestObject("Object Repository/Olusturma/Genel/Kutular/SiparisBilgileri/SiparisTarihi"), 10): Object 'Object Repository/Olusturma/Genel/Kutular/SiparisBilgileri/SiparisTarihi' is present

2021-11-18 12:23:11 - [MESSAGE][INFO] - Finding Test Object 'Object Repository/Olusturma/Genel/Kutular/SiparisBilgileri/SiparisTarihi'

2021-11-18 12:23:11 - [MESSAGE][INFO] - Checking object

2021-11-18 12:23:11 - [MESSAGE][INFO] - Finding web element from Test Object's properties

2021-11-18 12:23:11 - [MESSAGE][INFO] - Checking timeout

2021-11-18 12:23:11 - [MESSAGE][INFO] - Finding web element with id: 'Object Repository/Olusturma/Genel/Kutular/SiparisBilgileri/SiparisTarihi' located by 'By.xpath: //*[@id = 'dateSiparisTarih_I']' in '10' second(s)

2021-11-18 12:23:11 - [MESSAGE][INFO] - Smart Wait Function is triggered

2021-11-18 12:23:11 - [MESSAGE][INFO] - Found 1 web elements with id: 'Object Repository/Olusturma/Genel/Kutular/SiparisBilgileri/SiparisTarihi' located by 'By.xpath: //*[@id = 'dateSiparisTarih_I']' in '10' second(s)

2021-11-18 12:23:11 - [MESSAGE][PASSED] - Object 'Object Repository/Olusturma/Genel/Kutular/SiparisBilgileri/SiparisTarihi' is present

2021-11-18 12:23:11 - [TEST_STEP][PASSED] - clearText(findTestObject("Object Repository/Olusturma/Genel/Kutular/SiparisBilgileri/SiparisTarihi")): Text of object 'Object Repository/Olusturma/Genel/Kutular/SiparisBilgileri/SiparisTarihi' is cleared

2021-11-18 12:23:11 - [MESSAGE][INFO] - Finding Test Object 'Object Repository/Olusturma/Genel/Kutular/SiparisBilgileri/SiparisTarihi'

2021-11-18 12:23:11 - [MESSAGE][INFO] - Checking object

2021-11-18 12:23:11 - [MESSAGE][INFO] - Finding web element from Test Object's properties

2021-11-18 12:23:11 - [MESSAGE][INFO] - Checking timeout

2021-11-18 12:23:11 - [MESSAGE][INFO] - Finding web element with id: 'Object Repository/Olusturma/Genel/Kutular/SiparisBilgileri/SiparisTarihi' located by 'By.xpath: //*[@id = 'dateSiparisTarih_I']' in '30' second(s)

2021-11-18 12:23:11 - [MESSAGE][INFO] - Smart Wait Function is triggered

2021-11-18 12:23:11 - [MESSAGE][INFO] - Found 1 web elements with id: 'Object Repository/Olusturma/Genel/Kutular/SiparisBilgileri/SiparisTarihi' located by 'By.xpath: //*[@id = 'dateSiparisTarih_I']' in '30' second(s)

2021-11-18 12:23:11 - [MESSAGE][INFO] - Clearing text of object 'Object Repository/Olusturma/Genel/Kutular/SiparisBilgileri/SiparisTarihi'

2021-11-18 12:23:11 - [MESSAGE][PASSED] - Text of object 'Object Repository/Olusturma/Genel/Kutular/SiparisBilgileri/SiparisTarihi' is cleared

2021-11-18 12:23:11 - [TEST_STEP][PASSED] - sendKeys(findTestObject("Object Repository/Olusturma/Genel/Kutular/SiparisBilgileri/SiparisTarihi"), Tarih): Keys '31.04.2020' sent to object: 'Object Repository/Olusturma/Genel/Kutular/SiparisBilgileri/SiparisTarihi'

2021-11-18 12:23:11 - [MESSAGE][INFO] - Finding Test Object 'Object Repository/Olusturma/Genel/Kutular/SiparisBilgileri/SiparisTarihi'

2021-11-18 12:23:12 - [MESSAGE][INFO] - Sending keys '31.04.2020' to object: 'Object Repository/Olusturma/Genel/Kutular/SiparisBilgileri/SiparisTarihi'

2021-11-18 12:23:12 - [MESSAGE][INFO] - Finding web element from Test Object's properties

2021-11-18 12:23:12 - [MESSAGE][INFO] - Checking timeout

2021-11-18 12:23:12 - [MESSAGE][INFO] - Finding web element with id: 'Object Repository/Olusturma/Genel/Kutular/SiparisBilgileri/SiparisTarihi' located by 'By.xpath: //*[@id = 'dateSiparisTarih_I']' in '30' second(s)

2021-11-18 12:23:12 - [MESSAGE][INFO] - Smart Wait Function is triggered

2021-11-18 12:23:12 - [MESSAGE][INFO] - Found 1 web elements with id: 'Object Repository/Olusturma/Genel/Kutular/SiparisBilgileri/SiparisTarihi' located by 'By.xpath: //*[@id = 'dateSiparisTarih_I']' in '30' second(s)

2021-11-18 12:23:12 - [MESSAGE][PASSED] - Keys '31.04.2020' sent to object: 'Object Repository/Olusturma/Genel/Kutular/SiparisBilgileri/SiparisTarihi'

2021-11-18 12:23:12 - [MESSAGE][PASSED] - Call Test Case 'Test Cases/Olusturma/Genel/Kutular/SiparisBilgileriGirilir' successfully

2021-11-18 12:23:12 - [MESSAGE][INFO] - Checking called Test Case

2021-11-18 12:23:12 - [MESSAGE][INFO] - Starting to call Test Case 'Test Cases/Olusturma/Genel/Kutular/IrsaliyeBilgileri'

2021-11-18 12:23:12 - [TEST_CASE][PASSED] - Test Cases/Olusturma/Genel/Kutular/IrsaliyeBilgileri: Test Cases/Olusturma/Genel/Kutular/IrsaliyeBilgileri

2021-11-18 12:23:12 - [TEST_STEP][PASSED] - Method.TextDegerineEsitElementeTikla(findTestObject("Olusturma/Genel/Kutular/KapaliKutular"), "İrsaliye Bilgileri"): Method.TextDegerineEsitElementeTikla is PASSED

2021-11-18 12:23:12 - [MESSAGE][INFO] - Finding Test Object 'Object Repository/Olusturma/Genel/Kutular/KapaliKutular'

2021-11-18 12:23:12 - [MESSAGE][INFO] - Checking timeout

2021-11-18 12:23:12 - [MESSAGE][INFO] - Finding web element with id: 'Object Repository/Olusturma/Genel/Kutular/KapaliKutular' located by 'By.cssSelector: .dxnb-headerCollapsed>span' in '10' second(s)

2021-11-18 12:23:12 - [MESSAGE][INFO] - Smart Wait Function is triggered

2021-11-18 12:23:12 - [MESSAGE][INFO] - Found 8 web elements with id: 'Object Repository/Olusturma/Genel/Kutular/KapaliKutular' located by 'By.cssSelector: .dxnb-headerCollapsed>span' in '10' second(s)

2021-11-18 12:23:12 - [MESSAGE][PASSED] - Method.TextDegerineEsitElementeTikla is PASSED

2021-11-18 12:23:12 - [TEST_STEP][PASSED] - waitForElementClickable(findTestObject("Olusturma/Genel/Kutular/IrsaliyeBilgileri/Ekle"), 10): Object 'Object Repository/Olusturma/Genel/Kutular/IrsaliyeBilgileri/Ekle' is clickable

2021-11-18 12:23:12 - [MESSAGE][INFO] - Finding Test Object 'Object Repository/Olusturma/Genel/Kutular/IrsaliyeBilgileri/Ekle'

2021-11-18 12:23:12 - [MESSAGE][INFO] - Checking object

2021-11-18 12:23:12 - [MESSAGE][INFO] - Checking timeout

2021-11-18 12:23:12 - [MESSAGE][INFO] - Finding web element from Test Object's properties

2021-11-18 12:23:12 - [MESSAGE][INFO] - Checking timeout

2021-11-18 12:23:12 - [MESSAGE][INFO] - Finding web element with id: 'Object Repository/Olusturma/Genel/Kutular/IrsaliyeBilgileri/Ekle' located by 'By.xpath: //*[@id = 'DXEditorgvUserInvoiceBillsNewRowBtn']' in '10' second(s)

2021-11-18 12:23:12 - [MESSAGE][INFO] - Smart Wait Function is triggered

2021-11-18 12:23:13 - [MESSAGE][INFO] - Found 1 web elements with id: 'Object Repository/Olusturma/Genel/Kutular/IrsaliyeBilgileri/Ekle' located by 'By.xpath: //*[@id = 'DXEditorgvUserInvoiceBillsNewRowBtn']' in '10' second(s)

2021-11-18 12:23:13 - [MESSAGE][PASSED] - Object 'Object Repository/Olusturma/Genel/Kutular/IrsaliyeBilgileri/Ekle' is clickable

2021-11-18 12:23:13 - [TEST_STEP][PASSED] - click(findTestObject("Olusturma/Genel/Kutular/IrsaliyeBilgileri/Ekle")): Object: 'Object Repository/Olusturma/Genel/Kutular/IrsaliyeBilgileri/Ekle' is clicked on

2021-11-18 12:23:13 - [MESSAGE][INFO] - Finding Test Object 'Object Repository/Olusturma/Genel/Kutular/IrsaliyeBilgileri/Ekle'

2021-11-18 12:23:13 - [MESSAGE][INFO] - Checking object

2021-11-18 12:23:13 - [MESSAGE][INFO] - Finding web element from Test Object's properties

2021-11-18 12:23:13 - [MESSAGE][INFO] - Checking timeout

2021-11-18 12:23:13 - [MESSAGE][INFO] - Finding web element with id: 'Object Repository/Olusturma/Genel/Kutular/IrsaliyeBilgileri/Ekle' located by 'By.xpath: //*[@id = 'DXEditorgvUserInvoiceBillsNewRowBtn']' in '30' second(s)

2021-11-18 12:23:13 - [MESSAGE][INFO] - Smart Wait Function is triggered

2021-11-18 12:23:13 - [MESSAGE][INFO] - Found 1 web elements with id: 'Object Repository/Olusturma/Genel/Kutular/IrsaliyeBilgileri/Ekle' located by 'By.xpath: //*[@id = 'DXEditorgvUserInvoiceBillsNewRowBtn']' in '30' second(s)

2021-11-18 12:23:13 - [MESSAGE][INFO] - Clicking on object: 'Object Repository/Olusturma/Genel/Kutular/IrsaliyeBilgileri/Ekle'

2021-11-18 12:23:13 - [MESSAGE][PASSED] - Object: 'Object Repository/Olusturma/Genel/Kutular/IrsaliyeBilgileri/Ekle' is clicked on

2021-11-18 12:23:13 - [TEST_STEP][PASSED] - waitForElementPresent(findTestObject("Object Repository/Olusturma/Genel/Kutular/IrsaliyeBilgileri/IrsaliyeNumarasi"), 10): Object 'Object Repository/Olusturma/Genel/Kutular/IrsaliyeBilgileri/IrsaliyeNumarasi' is present

2021-11-18 12:23:13 - [MESSAGE][INFO] - Finding Test Object 'Object Repository/Olusturma/Genel/Kutular/IrsaliyeBilgileri/IrsaliyeNumarasi'

2021-11-18 12:23:13 - [MESSAGE][INFO] - Checking object

2021-11-18 12:23:13 - [MESSAGE][INFO] - Finding web element from Test Object's properties

2021-11-18 12:23:13 - [MESSAGE][INFO] - Checking timeout

2021-11-18 12:23:13 - [MESSAGE][INFO] - Finding web element with id: 'Object Repository/Olusturma/Genel/Kutular/IrsaliyeBilgileri/IrsaliyeNumarasi' located by 'By.xpath: //*[@id = 'gvUserInvoiceBills_DXEditor1_I']' in '10' second(s)

2021-11-18 12:23:13 - [MESSAGE][INFO] - Smart Wait Function is triggered

2021-11-18 12:23:14 - [MESSAGE][INFO] - Smart Wait Function is triggered

2021-11-18 12:23:14 - [MESSAGE][INFO] - Smart Wait Function is triggered

2021-11-18 12:23:15 - [MESSAGE][INFO] - Found 1 web elements with id: 'Object Repository/Olusturma/Genel/Kutular/IrsaliyeBilgileri/IrsaliyeNumarasi' located by 'By.xpath: //*[@id = 'gvUserInvoiceBills_DXEditor1_I']' in '10' second(s)

2021-11-18 12:23:15 - [MESSAGE][PASSED] - Object 'Object Repository/Olusturma/Genel/Kutular/IrsaliyeBilgileri/IrsaliyeNumarasi' is present

2021-11-18 12:23:15 - [TEST_STEP][PASSED] - clearText(findTestObject("Object Repository/Olusturma/Genel/Kutular/IrsaliyeBilgileri/IrsaliyeNumarasi")): Text of object 'Object Repository/Olusturma/Genel/Kutular/IrsaliyeBilgileri/IrsaliyeNumarasi' is cleared

2021-11-18 12:23:15 - [MESSAGE][INFO] - Finding Test Object 'Object Repository/Olusturma/Genel/Kutular/IrsaliyeBilgileri/IrsaliyeNumarasi'

2021-11-18 12:23:15 - [MESSAGE][INFO] - Checking object

2021-11-18 12:23:15 - [MESSAGE][INFO] - Finding web element from Test Object's properties

2021-11-18 12:23:15 - [MESSAGE][INFO] - Checking timeout

2021-11-18 12:23:15 - [MESSAGE][INFO] - Finding web element with id: 'Object Repository/Olusturma/Genel/Kutular/IrsaliyeBilgileri/IrsaliyeNumarasi' located by 'By.xpath: //*[@id = 'gvUserInvoiceBills_DXEditor1_I']' in '30' second(s)

2021-11-18 12:23:15 - [MESSAGE][INFO] - Smart Wait Function is triggered

2021-11-18 12:23:15 - [MESSAGE][INFO] - Found 1 web elements with id: 'Object Repository/Olusturma/Genel/Kutular/IrsaliyeBilgileri/IrsaliyeNumarasi' located by 'By.xpath: //*[@id = 'gvUserInvoiceBills_DXEditor1_I']' in '30' second(s)

2021-11-18 12:23:15 - [MESSAGE][INFO] - Clearing text of object 'Object Repository/Olusturma/Genel/Kutular/IrsaliyeBilgileri/IrsaliyeNumarasi'

2021-11-18 12:23:15 - [MESSAGE][PASSED] - Text of object 'Object Repository/Olusturma/Genel/Kutular/IrsaliyeBilgileri/IrsaliyeNumarasi' is cleared

2021-11-18 12:23:15 - [TEST_STEP][PASSED] - sendKeys(findTestObject("Object Repository/Olusturma/Genel/Kutular/IrsaliyeBilgileri/IrsaliyeNumarasi"), Numara): Keys 'AAAAAAAAAA' sent to object: 'Object Repository/Olusturma/Genel/Kutular/IrsaliyeBilgileri/IrsaliyeNumarasi'

2021-11-18 12:23:15 - [MESSAGE][INFO] - Finding Test Object 'Object Repository/Olusturma/Genel/Kutular/IrsaliyeBilgileri/IrsaliyeNumarasi'

2021-11-18 12:23:15 - [MESSAGE][INFO] - Sending keys 'AAAAAAAAAA' to object: 'Object Repository/Olusturma/Genel/Kutular/IrsaliyeBilgileri/IrsaliyeNumarasi'

2021-11-18 12:23:15 - [MESSAGE][INFO] - Finding web element from Test Object's properties

2021-11-18 12:23:15 - [MESSAGE][INFO] - Checking timeout

2021-11-18 12:23:15 - [MESSAGE][INFO] - Finding web element with id: 'Object Repository/Olusturma/Genel/Kutular/IrsaliyeBilgileri/IrsaliyeNumarasi' located by 'By.xpath: //*[@id = 'gvUserInvoiceBills_DXEditor1_I']' in '30' second(s)

2021-11-18 12:23:15 - [MESSAGE][INFO] - Smart Wait Function is triggered

2021-11-18 12:23:15 - [MESSAGE][INFO] - Found 1 web elements with id: 'Object Repository/Olusturma/Genel/Kutular/IrsaliyeBilgileri/IrsaliyeNumarasi' located by 'By.xpath: //*[@id = 'gvUserInvoiceBills_DXEditor1_I']' in '30' second(s)

2021-11-18 12:23:15 - [MESSAGE][PASSED] - Keys 'AAAAAAAAAA' sent to object: 'Object Repository/Olusturma/Genel/Kutular/IrsaliyeBilgileri/IrsaliyeNumarasi'

2021-11-18 12:23:15 - [TEST_STEP][PASSED] - waitForElementClickable(findTestObject("Object Repository/Olusturma/Genel/Kutular/IrsaliyeBilgileri/IrsaliyeTarihi"), 10): Object 'Object Repository/Olusturma/Genel/Kutular/IrsaliyeBilgileri/IrsaliyeTarihi' is clickable

2021-11-18 12:23:15 - [MESSAGE][INFO] - Finding Test Object 'Object Repository/Olusturma/Genel/Kutular/IrsaliyeBilgileri/IrsaliyeTarihi'

2021-11-18 12:23:15 - [MESSAGE][INFO] - Checking object

2021-11-18 12:23:15 - [MESSAGE][INFO] - Checking timeout

2021-11-18 12:23:15 - [MESSAGE][INFO] - Finding web element from Test Object's properties

2021-11-18 12:23:15 - [MESSAGE][INFO] - Checking timeout

2021-11-18 12:23:15 - [MESSAGE][INFO] - Finding web element with id: 'Object Repository/Olusturma/Genel/Kutular/IrsaliyeBilgileri/IrsaliyeTarihi' located by 'By.xpath: //*[@id = 'gvUserInvoiceBills_DXEditor2_I']' in '10' second(s)

2021-11-18 12:23:15 - [MESSAGE][INFO] - Smart Wait Function is triggered

2021-11-18 12:23:16 - [MESSAGE][INFO] - Found 1 web elements with id: 'Object Repository/Olusturma/Genel/Kutular/IrsaliyeBilgileri/IrsaliyeTarihi' located by 'By.xpath: //*[@id = 'gvUserInvoiceBills_DXEditor2_I']' in '10' second(s)

2021-11-18 12:23:16 - [MESSAGE][PASSED] - Object 'Object Repository/Olusturma/Genel/Kutular/IrsaliyeBilgileri/IrsaliyeTarihi' is clickable

2021-11-18 12:23:16 - [TEST_STEP][PASSED] - click(findTestObject("Object Repository/Olusturma/Genel/Kutular/IrsaliyeBilgileri/IrsaliyeTarihi")): Object: 'Object Repository/Olusturma/Genel/Kutular/IrsaliyeBilgileri/IrsaliyeTarihi' is clicked on

2021-11-18 12:23:16 - [MESSAGE][INFO] - Finding Test Object 'Object Repository/Olusturma/Genel/Kutular/IrsaliyeBilgileri/IrsaliyeTarihi'

2021-11-18 12:23:16 - [MESSAGE][INFO] - Checking object

2021-11-18 12:23:16 - [MESSAGE][INFO] - Finding web element from Test Object's properties

2021-11-18 12:23:16 - [MESSAGE][INFO] - Checking timeout

2021-11-18 12:23:16 - [MESSAGE][INFO] - Finding web element with id: 'Object Repository/Olusturma/Genel/Kutular/IrsaliyeBilgileri/IrsaliyeTarihi' located by 'By.xpath: //*[@id = 'gvUserInvoiceBills_DXEditor2_I']' in '30' second(s)

2021-11-18 12:23:16 - [MESSAGE][INFO] - Smart Wait Function is triggered

2021-11-18 12:23:16 - [MESSAGE][INFO] - Found 1 web elements with id: 'Object Repository/Olusturma/Genel/Kutular/IrsaliyeBilgileri/IrsaliyeTarihi' located by 'By.xpath: //*[@id = 'gvUserInvoiceBills_DXEditor2_I']' in '30' second(s)

2021-11-18 12:23:16 - [MESSAGE][INFO] - Clicking on object: 'Object Repository/Olusturma/Genel/Kutular/IrsaliyeBilgileri/IrsaliyeTarihi'

2021-11-18 12:23:16 - [MESSAGE][PASSED] - Object: 'Object Repository/Olusturma/Genel/Kutular/IrsaliyeBilgileri/IrsaliyeTarihi' is clicked on

2021-11-18 12:23:16 - [TEST_STEP][PASSED] - sendKeys(findTestObject("Object Repository/Olusturma/Genel/Kutular/IrsaliyeBilgileri/IrsaliyeTarihi"), Tarih): Keys '31.04.2020' sent to object: 'Object Repository/Olusturma/Genel/Kutular/IrsaliyeBilgileri/IrsaliyeTarihi'

2021-11-18 12:23:16 - [MESSAGE][INFO] - Finding Test Object 'Object Repository/Olusturma/Genel/Kutular/IrsaliyeBilgileri/IrsaliyeTarihi'

2021-11-18 12:23:16 - [MESSAGE][INFO] - Sending keys '31.04.2020' to object: 'Object Repository/Olusturma/Genel/Kutular/IrsaliyeBilgileri/IrsaliyeTarihi'

2021-11-18 12:23:16 - [MESSAGE][INFO] - Finding web element from Test Object's properties

2021-11-18 12:23:16 - [MESSAGE][INFO] - Checking timeout

2021-11-18 12:23:16 - [MESSAGE][INFO] - Finding web element with id: 'Object Repository/Olusturma/Genel/Kutular/IrsaliyeBilgileri/IrsaliyeTarihi' located by 'By.xpath: //*[@id = 'gvUserInvoiceBills_DXEditor2_I']' in '30' second(s)

2021-11-18 12:23:16 - [MESSAGE][INFO] - Smart Wait Function is triggered

2021-11-18 12:23:17 - [MESSAGE][INFO] - Found 1 web elements with id: 'Object Repository/Olusturma/Genel/Kutular/IrsaliyeBilgileri/IrsaliyeTarihi' located by 'By.xpath: //*[@id = 'gvUserInvoiceBills_DXEditor2_I']' in '30' second(s)

2021-11-18 12:23:17 - [MESSAGE][PASSED] - Keys '31.04.2020' sent to object: 'Object Repository/Olusturma/Genel/Kutular/IrsaliyeBilgileri/IrsaliyeTarihi'

2021-11-18 12:23:17 - [MESSAGE][PASSED] - Call Test Case 'Test Cases/Olusturma/Genel/Kutular/IrsaliyeBilgileri' successfully

2021-11-18 12:23:17 - [MESSAGE][INFO] - Checking called Test Case

2021-11-18 12:23:17 - [MESSAGE][INFO] - Starting to call Test Case 'Test Cases/Olusturma/Genel/EkleButonunaBasilir'

2021-11-18 12:23:17 - [TEST_CASE][PASSED] - Test Cases/Olusturma/Genel/EkleButonunaBasilir: Test Cases/Olusturma/Genel/EkleButonunaBasilir

2021-11-18 12:23:17 - [TEST_STEP][PASSED] - waitForElementClickable(findTestObject("Object Repository/Olusturma/Genel/Olusturma/Ekle"), 10): Object 'Object Repository/Olusturma/Genel/Olusturma/Ekle' is clickable

2021-11-18 12:23:17 - [MESSAGE][INFO] - Finding Test Object 'Object Repository/Olusturma/Genel/Olusturma/Ekle'

2021-11-18 12:23:17 - [MESSAGE][INFO] - Checking object

2021-11-18 12:23:17 - [MESSAGE][INFO] - Checking timeout

2021-11-18 12:23:17 - [MESSAGE][INFO] - Finding web element from Test Object's properties

2021-11-18 12:23:17 - [MESSAGE][INFO] - Checking timeout

2021-11-18 12:23:17 - [MESSAGE][INFO] - Finding web element with id: 'Object Repository/Olusturma/Genel/Olusturma/Ekle' located by 'By.cssSelector: #divmalhizmet i.fa.fa-plus.fa-lg.text-muted' in '10' second(s)

2021-11-18 12:23:17 - [MESSAGE][INFO] - Smart Wait Function is triggered

2021-11-18 12:23:17 - [MESSAGE][INFO] - Found 1 web elements with id: 'Object Repository/Olusturma/Genel/Olusturma/Ekle' located by 'By.cssSelector: #divmalhizmet i.fa.fa-plus.fa-lg.text-muted' in '10' second(s)

2021-11-18 12:23:17 - [MESSAGE][PASSED] - Object 'Object Repository/Olusturma/Genel/Olusturma/Ekle' is clickable

2021-11-18 12:23:17 - [TEST_STEP][PASSED] - click(findTestObject("Object Repository/Olusturma/Genel/Olusturma/Ekle")): Object: 'Object Repository/Olusturma/Genel/Olusturma/Ekle' is clicked on

2021-11-18 12:23:17 - [MESSAGE][INFO] - Finding Test Object 'Object Repository/Olusturma/Genel/Olusturma/Ekle'

2021-11-18 12:23:17 - [MESSAGE][INFO] - Checking object

2021-11-18 12:23:17 - [MESSAGE][INFO] - Finding web element from Test Object's properties

2021-11-18 12:23:17 - [MESSAGE][INFO] - Checking timeout

2021-11-18 12:23:17 - [MESSAGE][INFO] - Finding web element with id: 'Object Repository/Olusturma/Genel/Olusturma/Ekle' located by 'By.cssSelector: #divmalhizmet i.fa.fa-plus.fa-lg.text-muted' in '30' second(s)

2021-11-18 12:23:17 - [MESSAGE][INFO] - Smart Wait Function is triggered

2021-11-18 12:23:18 - [MESSAGE][INFO] - Found 1 web elements with id: 'Object Repository/Olusturma/Genel/Olusturma/Ekle' located by 'By.cssSelector: #divmalhizmet i.fa.fa-plus.fa-lg.text-muted' in '30' second(s)

2021-11-18 12:23:18 - [MESSAGE][INFO] - Clicking on object: 'Object Repository/Olusturma/Genel/Olusturma/Ekle'

2021-11-18 12:23:18 - [MESSAGE][PASSED] - Object: 'Object Repository/Olusturma/Genel/Olusturma/Ekle' is clicked on

2021-11-18 12:23:18 - [TEST_STEP][PASSED] - waitForElementClickable(findTestObject("Olusturma/Genel/Olusturma/EklenenSatirCarpiImage"), 10): Object 'Object Repository/Olusturma/Genel/Olusturma/EklenenSatirCarpiImage' is clickable

2021-11-18 12:23:18 - [MESSAGE][INFO] - Finding Test Object 'Object Repository/Olusturma/Genel/Olusturma/EklenenSatirCarpiImage'

2021-11-18 12:23:18 - [MESSAGE][INFO] - Checking object

2021-11-18 12:23:18 - [MESSAGE][INFO] - Checking timeout

2021-11-18 12:23:18 - [MESSAGE][INFO] - Finding web element from Test Object's properties

2021-11-18 12:23:18 - [MESSAGE][INFO] - Checking timeout

2021-11-18 12:23:18 - [MESSAGE][INFO] - Finding web element with id: 'Object Repository/Olusturma/Genel/Olusturma/EklenenSatirCarpiImage' located by 'By.cssSelector: .fa.fa-times.fa-lg.text-primary' in '10' second(s)

2021-11-18 12:23:18 - [MESSAGE][INFO] - Smart Wait Function is triggered

2021-11-18 12:23:18 - [MESSAGE][INFO] - Found 1 web elements with id: 'Object Repository/Olusturma/Genel/Olusturma/EklenenSatirCarpiImage' located by 'By.cssSelector: .fa.fa-times.fa-lg.text-primary' in '10' second(s)

2021-11-18 12:23:18 - [MESSAGE][PASSED] - Object 'Object Repository/Olusturma/Genel/Olusturma/EklenenSatirCarpiImage' is clickable

2021-11-18 12:23:18 - [MESSAGE][PASSED] - Call Test Case 'Test Cases/Olusturma/Genel/EkleButonunaBasilir' successfully

2021-11-18 12:23:18 - [MESSAGE][INFO] - Checking called Test Case

2021-11-18 12:23:18 - [MESSAGE][INFO] - Starting to call Test Case 'Test Cases/Olusturma/Genel/Olusturma'

2021-11-18 12:23:18 - [TEST_CASE][PASSED] - Test Cases/Olusturma/Genel/Olusturma: Test Cases/Olusturma/Genel/Olusturma

2021-11-18 12:23:18 - [TEST_STEP][PASSED] - driver = getWebDriver(): null

2021-11-18 12:23:18 - [TEST_STEP][PASSED] - action = new org.openqa.selenium.interactions.Actions(driver): null

2021-11-18 12:23:18 - [TEST_STEP][PASSED] - baslikElement = <not implemented yet for class: org.codehaus.groovy.ast.expr.EmptyExpression>: null

2021-11-18 12:23:18 - [TEST_STEP][PASSED] - sonElement = <not implemented yet for class: org.codehaus.groovy.ast.expr.EmptyExpression>: null

2021-11-18 12:23:18 - [TEST_STEP][PASSED] - attr = <not implemented yet for class: org.codehaus.groovy.ast.expr.EmptyExpression>: null

2021-11-18 12:23:18 - [TEST_STEP][PASSED] - a = 0: null

2021-11-18 12:23:18 - [TEST_STEP][PASSED] - elements = findWebElements(findTestObject("Object Repository/Olusturma/Genel/Olusturma/TabloBasliklari"), 10): Found 13 web elements with id: 'Object Repository/Olusturma/Genel/Olusturma/TabloBasliklari' located by 'By.cssSelector: div#divmalhizmet .dxgvTable_LECustomTheme td.dxgvHeader_LECustomTheme tr>td:nth-child(1)' in '10' second(s)

2021-11-18 12:23:18 - [MESSAGE][INFO] - Finding Test Object 'Object Repository/Olusturma/Genel/Olusturma/TabloBasliklari'

2021-11-18 12:23:18 - [MESSAGE][INFO] - Checking timeout

2021-11-18 12:23:18 - [MESSAGE][INFO] - Finding web element with id: 'Object Repository/Olusturma/Genel/Olusturma/TabloBasliklari' located by 'By.cssSelector: div#divmalhizmet .dxgvTable_LECustomTheme td.dxgvHeader_LECustomTheme tr>td:nth-child(1)' in '10' second(s)

2021-11-18 12:23:18 - [MESSAGE][INFO] - Smart Wait Function is triggered

2021-11-18 12:23:19 - [MESSAGE][INFO] - Found 13 web elements with id: 'Object Repository/Olusturma/Genel/Olusturma/TabloBasliklari' located by 'By.cssSelector: div#divmalhizmet .dxgvTable_LECustomTheme td.dxgvHeader_LECustomTheme tr>td:nth-child(1)' in '10' second(s)

2021-11-18 12:23:19 - [TEST_STEP][PASSED] - for (def element : elements): null

2021-11-18 12:23:19 - [TEST_STEP][PASSED] - build().perform(): null

2021-11-18 12:23:19 - [TEST_STEP][PASSED] - if (getText().equals(Baslik)): null

2021-11-18 12:23:19 - [TEST_STEP][PASSED] - baslikElement = element.findElement(By.xpath("../../../..")): Smart Wait Function is triggered

2021-11-18 12:23:19 - [MESSAGE][INFO] - Smart Wait Function is triggered

2021-11-18 12:23:20 - [TEST_STEP][PASSED] - attr = baslikElement.getAttribute("id"): null

2021-11-18 12:23:20 - [TEST_STEP][PASSED] - println("girdi ve idsini aldı = " + attr): null

2021-11-18 12:23:20 - [TEST_STEP][PASSED] - break: null

2021-11-18 12:23:20 - [TEST_STEP][PASSED] - countElement = baslikElement.findElements(By.xpath("../td")): Smart Wait Function is triggered

2021-11-18 12:23:20 - [MESSAGE][INFO] - Smart Wait Function is triggered

2021-11-18 12:23:20 - [TEST_STEP][PASSED] - for (def element : countElement): null

2021-11-18 12:23:20 - [TEST_STEP][PASSED] - if (toString().equals(attr.toString())): null

2021-11-18 12:23:20 - [TEST_STEP][PASSED] - (a++): null

2021-11-18 12:23:20 - [TEST_STEP][PASSED] - if (toString().equals(attr.toString())): null

2021-11-18 12:23:20 - [TEST_STEP][PASSED] - break: null

2021-11-18 12:23:20 - [TEST_STEP][PASSED] - son = findWebElement(findTestObject("Object Repository/Olusturma/Genel/Olusturma/EklenenSatir")).findElement(By.xpath("td[@class='dxgvInlineEditCell_LECustomTheme dxgv'][" + a + "]//td[@class='dxic']/input")): Smart Wait Function is triggered

2021-11-18 12:23:20 - [MESSAGE][INFO] - Finding Test Object 'Object Repository/Olusturma/Genel/Olusturma/EklenenSatir'

2021-11-18 12:23:20 - [MESSAGE][INFO] - Finding web element from Test Object's properties

2021-11-18 12:23:20 - [MESSAGE][INFO] - Checking timeout

2021-11-18 12:23:20 - [MESSAGE][INFO] - Finding web element with id: 'Object Repository/Olusturma/Genel/Olusturma/EklenenSatir' located by 'By.cssSelector: #divmalhizmet .dxgvInlineEditRow_LECustomTheme' in '30' second(s)

2021-11-18 12:23:20 - [MESSAGE][INFO] - Smart Wait Function is triggered

2021-11-18 12:23:20 - [MESSAGE][INFO] - Found 1 web elements with id: 'Object Repository/Olusturma/Genel/Olusturma/EklenenSatir' located by 'By.cssSelector: #divmalhizmet .dxgvInlineEditRow_LECustomTheme' in '30' second(s)

2021-11-18 12:23:20 - [MESSAGE][INFO] - Smart Wait Function is triggered

2021-11-18 12:23:20 - [TEST_STEP][PASSED] - if (!(getAttribute("value").contains("Vkn"))): null

2021-11-18 12:23:20 - [TEST_STEP][PASSED] - son.clear(): null

2021-11-18 12:23:21 - [TEST_STEP][PASSED] - son.sendKeys(Deger): null

2021-11-18 12:23:21 - [MESSAGE][PASSED] - Call Test Case 'Test Cases/Olusturma/Genel/Olusturma' successfully

2021-11-18 12:23:21 - [MESSAGE][INFO] - Checking called Test Case

2021-11-18 12:23:21 - [MESSAGE][INFO] - Starting to call Test Case 'Test Cases/Olusturma/Genel/Olusturma'

2021-11-18 12:23:21 - [TEST_CASE][PASSED] - Test Cases/Olusturma/Genel/Olusturma: Test Cases/Olusturma/Genel/Olusturma

2021-11-18 12:23:21 - [TEST_STEP][PASSED] - driver = getWebDriver(): null

2021-11-18 12:23:21 - [TEST_STEP][PASSED] - action = new org.openqa.selenium.interactions.Actions(driver): null

2021-11-18 12:23:21 - [TEST_STEP][PASSED] - baslikElement = <not implemented yet for class: org.codehaus.groovy.ast.expr.EmptyExpression>: null

2021-11-18 12:23:21 - [TEST_STEP][PASSED] - sonElement = <not implemented yet for class: org.codehaus.groovy.ast.expr.EmptyExpression>: null

2021-11-18 12:23:21 - [TEST_STEP][PASSED] - attr = <not implemented yet for class: org.codehaus.groovy.ast.expr.EmptyExpression>: null

2021-11-18 12:23:21 - [TEST_STEP][PASSED] - a = 0: null

2021-11-18 12:23:21 - [TEST_STEP][PASSED] - elements = findWebElements(findTestObject("Object Repository/Olusturma/Genel/Olusturma/TabloBasliklari"), 10): Found 13 web elements with id: 'Object Repository/Olusturma/Genel/Olusturma/TabloBasliklari' located by 'By.cssSelector: div#divmalhizmet .dxgvTable_LECustomTheme td.dxgvHeader_LECustomTheme tr>td:nth-child(1)' in '10' second(s)

2021-11-18 12:23:21 - [MESSAGE][INFO] - Finding Test Object 'Object Repository/Olusturma/Genel/Olusturma/TabloBasliklari'

2021-11-18 12:23:21 - [MESSAGE][INFO] - Checking timeout

2021-11-18 12:23:21 - [MESSAGE][INFO] - Finding web element with id: 'Object Repository/Olusturma/Genel/Olusturma/TabloBasliklari' located by 'By.cssSelector: div#divmalhizmet .dxgvTable_LECustomTheme td.dxgvHeader_LECustomTheme tr>td:nth-child(1)' in '10' second(s)

2021-11-18 12:23:21 - [MESSAGE][INFO] - Smart Wait Function is triggered

2021-11-18 12:23:21 - [MESSAGE][INFO] - Found 13 web elements with id: 'Object Repository/Olusturma/Genel/Olusturma/TabloBasliklari' located by 'By.cssSelector: div#divmalhizmet .dxgvTable_LECustomTheme td.dxgvHeader_LECustomTheme tr>td:nth-child(1)' in '10' second(s)

2021-11-18 12:23:21 - [TEST_STEP][PASSED] - for (def element : elements): null

2021-11-18 12:23:21 - [TEST_STEP][PASSED] - build().perform(): null

2021-11-18 12:23:21 - [TEST_STEP][PASSED] - if (getText().equals(Baslik)): null

2021-11-18 12:23:21 - [TEST_STEP][PASSED] - build().perform(): null

2021-11-18 12:23:21 - [TEST_STEP][PASSED] - if (getText().equals(Baslik)): null

2021-11-18 12:23:21 - [TEST_STEP][PASSED] - baslikElement = element.findElement(By.xpath("../../../..")): Smart Wait Function is triggered

2021-11-18 12:23:21 - [MESSAGE][INFO] - Smart Wait Function is triggered

2021-11-18 12:23:22 - [TEST_STEP][PASSED] - attr = baslikElement.getAttribute("id"): null

2021-11-18 12:23:22 - [TEST_STEP][PASSED] - println("girdi ve idsini aldı = " + attr): null

2021-11-18 12:23:22 - [TEST_STEP][PASSED] - break: null

2021-11-18 12:23:22 - [TEST_STEP][PASSED] - countElement = baslikElement.findElements(By.xpath("../td")): Smart Wait Function is triggered

2021-11-18 12:23:22 - [MESSAGE][INFO] - Smart Wait Function is triggered

2021-11-18 12:23:22 - [TEST_STEP][PASSED] - for (def element : countElement): null

2021-11-18 12:23:22 - [TEST_STEP][PASSED] - if (toString().equals(attr.toString())): null

2021-11-18 12:23:22 - [TEST_STEP][PASSED] - (a++): null

2021-11-18 12:23:22 - [TEST_STEP][PASSED] - if (toString().equals(attr.toString())): null

2021-11-18 12:23:22 - [TEST_STEP][PASSED] - (a++): null

2021-11-18 12:23:22 - [TEST_STEP][PASSED] - if (toString().equals(attr.toString())): null

2021-11-18 12:23:22 - [TEST_STEP][PASSED] - break: null

2021-11-18 12:23:22 - [TEST_STEP][PASSED] - son = findWebElement(findTestObject("Object Repository/Olusturma/Genel/Olusturma/EklenenSatir")).findElement(By.xpath("td[@class='dxgvInlineEditCell_LECustomTheme dxgv'][" + a + "]//td[@class='dxic']/input")): Smart Wait Function is triggered

2021-11-18 12:23:22 - [MESSAGE][INFO] - Finding Test Object 'Object Repository/Olusturma/Genel/Olusturma/EklenenSatir'

2021-11-18 12:23:22 - [MESSAGE][INFO] - Finding web element from Test Object's properties

2021-11-18 12:23:22 - [MESSAGE][INFO] - Checking timeout

2021-11-18 12:23:22 - [MESSAGE][INFO] - Finding web element with id: 'Object Repository/Olusturma/Genel/Olusturma/EklenenSatir' located by 'By.cssSelector: #divmalhizmet .dxgvInlineEditRow_LECustomTheme' in '30' second(s)

2021-11-18 12:23:22 - [MESSAGE][INFO] - Smart Wait Function is triggered

2021-11-18 12:23:22 - [MESSAGE][INFO] - Found 1 web elements with id: 'Object Repository/Olusturma/Genel/Olusturma/EklenenSatir' located by 'By.cssSelector: #divmalhizmet .dxgvInlineEditRow_LECustomTheme' in '30' second(s)

2021-11-18 12:23:22 - [MESSAGE][INFO] - Smart Wait Function is triggered

2021-11-18 12:23:22 - [TEST_STEP][PASSED] - if (!(getAttribute("value").contains("Vkn"))): null

2021-11-18 12:23:23 - [TEST_STEP][PASSED] - son.clear(): null

2021-11-18 12:23:23 - [TEST_STEP][PASSED] - son.sendKeys(Deger): null

2021-11-18 12:23:23 - [MESSAGE][PASSED] - Call Test Case 'Test Cases/Olusturma/Genel/Olusturma' successfully

2021-11-18 12:23:23 - [MESSAGE][INFO] - Checking called Test Case

2021-11-18 12:23:23 - [MESSAGE][INFO] - Starting to call Test Case 'Test Cases/Olusturma/Genel/Olusturma'

2021-11-18 12:23:23 - [TEST_CASE][PASSED] - Test Cases/Olusturma/Genel/Olusturma: Test Cases/Olusturma/Genel/Olusturma

2021-11-18 12:23:23 - [TEST_STEP][PASSED] - driver = getWebDriver(): null

2021-11-18 12:23:23 - [TEST_STEP][PASSED] - action = new org.openqa.selenium.interactions.Actions(driver): null

2021-11-18 12:23:23 - [TEST_STEP][PASSED] - baslikElement = <not implemented yet for class: org.codehaus.groovy.ast.expr.EmptyExpression>: null

2021-11-18 12:23:23 - [TEST_STEP][PASSED] - sonElement = <not implemented yet for class: org.codehaus.groovy.ast.expr.EmptyExpression>: null

2021-11-18 12:23:23 - [TEST_STEP][PASSED] - attr = <not implemented yet for class: org.codehaus.groovy.ast.expr.EmptyExpression>: null

2021-11-18 12:23:23 - [TEST_STEP][PASSED] - a = 0: null

2021-11-18 12:23:23 - [TEST_STEP][PASSED] - elements = findWebElements(findTestObject("Object Repository/Olusturma/Genel/Olusturma/TabloBasliklari"), 10): Found 13 web elements with id: 'Object Repository/Olusturma/Genel/Olusturma/TabloBasliklari' located by 'By.cssSelector: div#divmalhizmet .dxgvTable_LECustomTheme td.dxgvHeader_LECustomTheme tr>td:nth-child(1)' in '10' second(s)

2021-11-18 12:23:23 - [MESSAGE][INFO] - Finding Test Object 'Object Repository/Olusturma/Genel/Olusturma/TabloBasliklari'

2021-11-18 12:23:23 - [MESSAGE][INFO] - Checking timeout

2021-11-18 12:23:23 - [MESSAGE][INFO] - Finding web element with id: 'Object Repository/Olusturma/Genel/Olusturma/TabloBasliklari' located by 'By.cssSelector: div#divmalhizmet .dxgvTable_LECustomTheme td.dxgvHeader_LECustomTheme tr>td:nth-child(1)' in '10' second(s)

2021-11-18 12:23:23 - [MESSAGE][INFO] - Smart Wait Function is triggered

2021-11-18 12:23:23 - [MESSAGE][INFO] - Found 13 web elements with id: 'Object Repository/Olusturma/Genel/Olusturma/TabloBasliklari' located by 'By.cssSelector: div#divmalhizmet .dxgvTable_LECustomTheme td.dxgvHeader_LECustomTheme tr>td:nth-child(1)' in '10' second(s)

2021-11-18 12:23:23 - [TEST_STEP][PASSED] - for (def element : elements): null

2021-11-18 12:23:23 - [TEST_STEP][PASSED] - build().perform(): null

2021-11-18 12:23:23 - [TEST_STEP][PASSED] - if (getText().equals(Baslik)): null

2021-11-18 12:23:23 - [TEST_STEP][PASSED] - build().perform(): null

2021-11-18 12:23:23 - [TEST_STEP][PASSED] - if (getText().equals(Baslik)): null

2021-11-18 12:23:23 - [TEST_STEP][PASSED] - build().perform(): null

2021-11-18 12:23:23 - [TEST_STEP][PASSED] - if (getText().equals(Baslik)): null

2021-11-18 12:23:23 - [TEST_STEP][PASSED] - build().perform(): null

2021-11-18 12:23:24 - [TEST_STEP][PASSED] - if (getText().equals(Baslik)): null

2021-11-18 12:23:24 - [TEST_STEP][PASSED] - baslikElement = element.findElement(By.xpath("../../../..")): Smart Wait Function is triggered

2021-11-18 12:23:24 - [MESSAGE][INFO] - Smart Wait Function is triggered

2021-11-18 12:23:24 - [TEST_STEP][PASSED] - attr = baslikElement.getAttribute("id"): null

2021-11-18 12:23:24 - [TEST_STEP][PASSED] - println("girdi ve idsini aldı = " + attr): null

2021-11-18 12:23:24 - [TEST_STEP][PASSED] - break: null

2021-11-18 12:23:24 - [TEST_STEP][PASSED] - countElement = baslikElement.findElements(By.xpath("../td")): Smart Wait Function is triggered

2021-11-18 12:23:24 - [MESSAGE][INFO] - Smart Wait Function is triggered

2021-11-18 12:23:24 - [TEST_STEP][PASSED] - for (def element : countElement): null

2021-11-18 12:23:24 - [TEST_STEP][PASSED] - if (toString().equals(attr.toString())): null

2021-11-18 12:23:24 - [TEST_STEP][PASSED] - (a++): null

2021-11-18 12:23:24 - [TEST_STEP][PASSED] - if (toString().equals(attr.toString())): null

2021-11-18 12:23:24 - [TEST_STEP][PASSED] - (a++): null

2021-11-18 12:23:24 - [TEST_STEP][PASSED] - if (toString().equals(attr.toString())): null

2021-11-18 12:23:24 - [TEST_STEP][PASSED] - (a++): null

2021-11-18 12:23:24 - [TEST_STEP][PASSED] - if (toString().equals(attr.toString())): null

2021-11-18 12:23:24 - [TEST_STEP][PASSED] - (a++): null

2021-11-18 12:23:24 - [TEST_STEP][PASSED] - if (toString().equals(attr.toString())): null

2021-11-18 12:23:24 - [TEST_STEP][PASSED] - break: null

2021-11-18 12:23:24 - [TEST_STEP][PASSED] - son = findWebElement(findTestObject("Object Repository/Olusturma/Genel/Olusturma/EklenenSatir")).findElement(By.xpath("td[@class='dxgvInlineEditCell_LECustomTheme dxgv'][" + a + "]//td[@class='dxic']/input")): Smart Wait Function is triggered

2021-11-18 12:23:24 - [MESSAGE][INFO] - Finding Test Object 'Object Repository/Olusturma/Genel/Olusturma/EklenenSatir'

2021-11-18 12:23:24 - [MESSAGE][INFO] - Finding web element from Test Object's properties

2021-11-18 12:23:24 - [MESSAGE][INFO] - Checking timeout

2021-11-18 12:23:24 - [MESSAGE][INFO] - Finding web element with id: 'Object Repository/Olusturma/Genel/Olusturma/EklenenSatir' located by 'By.cssSelector: #divmalhizmet .dxgvInlineEditRow_LECustomTheme' in '30' second(s)

2021-11-18 12:23:24 - [MESSAGE][INFO] - Smart Wait Function is triggered

2021-11-18 12:23:25 - [MESSAGE][INFO] - Found 1 web elements with id: 'Object Repository/Olusturma/Genel/Olusturma/EklenenSatir' located by 'By.cssSelector: #divmalhizmet .dxgvInlineEditRow_LECustomTheme' in '30' second(s)

2021-11-18 12:23:25 - [MESSAGE][INFO] - Smart Wait Function is triggered

2021-11-18 12:23:25 - [TEST_STEP][PASSED] - if (!(getAttribute("value").contains("Vkn"))): null

2021-11-18 12:23:25 - [TEST_STEP][PASSED] - son.clear(): null

2021-11-18 12:23:25 - [TEST_STEP][PASSED] - son.sendKeys(Deger): null

2021-11-18 12:23:25 - [MESSAGE][PASSED] - Call Test Case 'Test Cases/Olusturma/Genel/Olusturma' successfully

2021-11-18 12:23:25 - [MESSAGE][INFO] - Checking called Test Case

2021-11-18 12:23:25 - [MESSAGE][INFO] - Starting to call Test Case 'Test Cases/Olusturma/Genel/Olusturma'

2021-11-18 12:23:25 - [TEST_CASE][PASSED] - Test Cases/Olusturma/Genel/Olusturma: Test Cases/Olusturma/Genel/Olusturma

2021-11-18 12:23:25 - [TEST_STEP][PASSED] - driver = getWebDriver(): null

2021-11-18 12:23:25 - [TEST_STEP][PASSED] - action = new org.openqa.selenium.interactions.Actions(driver): null

2021-11-18 12:23:25 - [TEST_STEP][PASSED] - baslikElement = <not implemented yet for class: org.codehaus.groovy.ast.expr.EmptyExpression>: null

2021-11-18 12:23:25 - [TEST_STEP][PASSED] - sonElement = <not implemented yet for class: org.codehaus.groovy.ast.expr.EmptyExpression>: null

2021-11-18 12:23:25 - [TEST_STEP][PASSED] - attr = <not implemented yet for class: org.codehaus.groovy.ast.expr.EmptyExpression>: null

2021-11-18 12:23:25 - [TEST_STEP][PASSED] - a = 0: null

2021-11-18 12:23:25 - [TEST_STEP][PASSED] - elements = findWebElements(findTestObject("Object Repository/Olusturma/Genel/Olusturma/TabloBasliklari"), 10): Found 13 web elements with id: 'Object Repository/Olusturma/Genel/Olusturma/TabloBasliklari' located by 'By.cssSelector: div#divmalhizmet .dxgvTable_LECustomTheme td.dxgvHeader_LECustomTheme tr>td:nth-child(1)' in '10' second(s)

2021-11-18 12:23:25 - [MESSAGE][INFO] - Finding Test Object 'Object Repository/Olusturma/Genel/Olusturma/TabloBasliklari'

2021-11-18 12:23:25 - [MESSAGE][INFO] - Checking timeout

2021-11-18 12:23:25 - [MESSAGE][INFO] - Finding web element with id: 'Object Repository/Olusturma/Genel/Olusturma/TabloBasliklari' located by 'By.cssSelector: div#divmalhizmet .dxgvTable_LECustomTheme td.dxgvHeader_LECustomTheme tr>td:nth-child(1)' in '10' second(s)

2021-11-18 12:23:25 - [MESSAGE][INFO] - Smart Wait Function is triggered

2021-11-18 12:23:25 - [MESSAGE][INFO] - Found 13 web elements with id: 'Object Repository/Olusturma/Genel/Olusturma/TabloBasliklari' located by 'By.cssSelector: div#divmalhizmet .dxgvTable_LECustomTheme td.dxgvHeader_LECustomTheme tr>td:nth-child(1)' in '10' second(s)

2021-11-18 12:23:25 - [TEST_STEP][PASSED] - for (def element : elements): null

2021-11-18 12:23:25 - [TEST_STEP][PASSED] - build().perform(): null

2021-11-18 12:23:26 - [TEST_STEP][PASSED] - if (getText().equals(Baslik)): null

2021-11-18 12:23:26 - [TEST_STEP][PASSED] - build().perform(): null

2021-11-18 12:23:26 - [TEST_STEP][PASSED] - if (getText().equals(Baslik)): null

2021-11-18 12:23:26 - [TEST_STEP][PASSED] - build().perform(): null

2021-11-18 12:23:26 - [TEST_STEP][PASSED] - if (getText().equals(Baslik)): null

2021-11-18 12:23:26 - [TEST_STEP][PASSED] - build().perform(): null

2021-11-18 12:23:26 - [TEST_STEP][PASSED] - if (getText().equals(Baslik)): null

2021-11-18 12:23:26 - [TEST_STEP][PASSED] - build().perform(): null

2021-11-18 12:23:26 - [TEST_STEP][PASSED] - if (getText().equals(Baslik)): null

2021-11-18 12:23:26 - [TEST_STEP][PASSED] - build().perform(): null

2021-11-18 12:23:26 - [TEST_STEP][PASSED] - if (getText().equals(Baslik)): null

2021-11-18 12:23:26 - [TEST_STEP][PASSED] - baslikElement = element.findElement(By.xpath("../../../..")): Smart Wait Function is triggered

2021-11-18 12:23:26 - [MESSAGE][INFO] - Smart Wait Function is triggered

2021-11-18 12:23:27 - [TEST_STEP][PASSED] - attr = baslikElement.getAttribute("id"): null

2021-11-18 12:23:27 - [TEST_STEP][PASSED] - println("girdi ve idsini aldı = " + attr): null

2021-11-18 12:23:27 - [TEST_STEP][PASSED] - break: null

2021-11-18 12:23:27 - [TEST_STEP][PASSED] - countElement = baslikElement.findElements(By.xpath("../td")): Smart Wait Function is triggered

2021-11-18 12:23:27 - [MESSAGE][INFO] - Smart Wait Function is triggered

2021-11-18 12:23:27 - [TEST_STEP][PASSED] - for (def element : countElement): null

2021-11-18 12:23:27 - [TEST_STEP][PASSED] - if (toString().equals(attr.toString())): null

2021-11-18 12:23:27 - [TEST_STEP][PASSED] - (a++): null

2021-11-18 12:23:27 - [TEST_STEP][PASSED] - if (toString().equals(attr.toString())): null

2021-11-18 12:23:27 - [TEST_STEP][PASSED] - (a++): null

2021-11-18 12:23:27 - [TEST_STEP][PASSED] - if (toString().equals(attr.toString())): null

2021-11-18 12:23:27 - [TEST_STEP][PASSED] - (a++): null

2021-11-18 12:23:27 - [TEST_STEP][PASSED] - if (toString().equals(attr.toString())): null

2021-11-18 12:23:27 - [TEST_STEP][PASSED] - (a++): null

2021-11-18 12:23:27 - [TEST_STEP][PASSED] - if (toString().equals(attr.toString())): null

2021-11-18 12:23:27 - [TEST_STEP][PASSED] - (a++): null

2021-11-18 12:23:27 - [TEST_STEP][PASSED] - if (toString().equals(attr.toString())): null

2021-11-18 12:23:27 - [TEST_STEP][PASSED] - (a++): null

2021-11-18 12:23:27 - [TEST_STEP][PASSED] - if (toString().equals(attr.toString())): null

2021-11-18 12:23:27 - [TEST_STEP][PASSED] - break: null

2021-11-18 12:23:27 - [TEST_STEP][PASSED] - son = findWebElement(findTestObject("Object Repository/Olusturma/Genel/Olusturma/EklenenSatir")).findElement(By.xpath("td[@class='dxgvInlineEditCell_LECustomTheme dxgv'][" + a + "]//td[@class='dxic']/input")): Smart Wait Function is triggered

2021-11-18 12:23:27 - [MESSAGE][INFO] - Finding Test Object 'Object Repository/Olusturma/Genel/Olusturma/EklenenSatir'

2021-11-18 12:23:27 - [MESSAGE][INFO] - Finding web element from Test Object's properties

2021-11-18 12:23:27 - [MESSAGE][INFO] - Checking timeout

2021-11-18 12:23:27 - [MESSAGE][INFO] - Finding web element with id: 'Object Repository/Olusturma/Genel/Olusturma/EklenenSatir' located by 'By.cssSelector: #divmalhizmet .dxgvInlineEditRow_LECustomTheme' in '30' second(s)

2021-11-18 12:23:27 - [MESSAGE][INFO] - Smart Wait Function is triggered

2021-11-18 12:23:27 - [MESSAGE][INFO] - Found 1 web elements with id: 'Object Repository/Olusturma/Genel/Olusturma/EklenenSatir' located by 'By.cssSelector: #divmalhizmet .dxgvInlineEditRow_LECustomTheme' in '30' second(s)

2021-11-18 12:23:27 - [MESSAGE][INFO] - Smart Wait Function is triggered

2021-11-18 12:23:28 - [TEST_STEP][PASSED] - if (!(getAttribute("value").contains("Vkn"))): null

2021-11-18 12:23:28 - [TEST_STEP][PASSED] - son.clear(): null

2021-11-18 12:23:28 - [TEST_STEP][PASSED] - son.sendKeys(Deger): null

2021-11-18 12:23:28 - [MESSAGE][PASSED] - Call Test Case 'Test Cases/Olusturma/Genel/Olusturma' successfully

2021-11-18 12:23:28 - [MESSAGE][INFO] - Checking called Test Case

2021-11-18 12:23:28 - [MESSAGE][INFO] - Starting to call Test Case 'Test Cases/Olusturma/Genel/Olusturma'

2021-11-18 12:23:28 - [TEST_CASE][PASSED] - Test Cases/Olusturma/Genel/Olusturma: Test Cases/Olusturma/Genel/Olusturma

2021-11-18 12:23:28 - [TEST_STEP][PASSED] - driver = getWebDriver(): null

2021-11-18 12:23:28 - [TEST_STEP][PASSED] - action = new org.openqa.selenium.interactions.Actions(driver): null

2021-11-18 12:23:28 - [TEST_STEP][PASSED] - baslikElement = <not implemented yet for class: org.codehaus.groovy.ast.expr.EmptyExpression>: null

2021-11-18 12:23:28 - [TEST_STEP][PASSED] - sonElement = <not implemented yet for class: org.codehaus.groovy.ast.expr.EmptyExpression>: null

2021-11-18 12:23:28 - [TEST_STEP][PASSED] - attr = <not implemented yet for class: org.codehaus.groovy.ast.expr.EmptyExpression>: null

2021-11-18 12:23:28 - [TEST_STEP][PASSED] - a = 0: null

2021-11-18 12:23:28 - [TEST_STEP][PASSED] - elements = findWebElements(findTestObject("Object Repository/Olusturma/Genel/Olusturma/TabloBasliklari"), 10): Found 13 web elements with id: 'Object Repository/Olusturma/Genel/Olusturma/TabloBasliklari' located by 'By.cssSelector: div#divmalhizmet .dxgvTable_LECustomTheme td.dxgvHeader_LECustomTheme tr>td:nth-child(1)' in '10' second(s)

2021-11-18 12:23:28 - [MESSAGE][INFO] - Finding Test Object 'Object Repository/Olusturma/Genel/Olusturma/TabloBasliklari'

2021-11-18 12:23:28 - [MESSAGE][INFO] - Checking timeout

2021-11-18 12:23:28 - [MESSAGE][INFO] - Finding web element with id: 'Object Repository/Olusturma/Genel/Olusturma/TabloBasliklari' located by 'By.cssSelector: div#divmalhizmet .dxgvTable_LECustomTheme td.dxgvHeader_LECustomTheme tr>td:nth-child(1)' in '10' second(s)

2021-11-18 12:23:28 - [MESSAGE][INFO] - Smart Wait Function is triggered

2021-11-18 12:23:28 - [MESSAGE][INFO] - Found 13 web elements with id: 'Object Repository/Olusturma/Genel/Olusturma/TabloBasliklari' located by 'By.cssSelector: div#divmalhizmet .dxgvTable_LECustomTheme td.dxgvHeader_LECustomTheme tr>td:nth-child(1)' in '10' second(s)

2021-11-18 12:23:28 - [TEST_STEP][PASSED] - for (def element : elements): null

2021-11-18 12:23:28 - [TEST_STEP][PASSED] - build().perform(): null

2021-11-18 12:23:28 - [TEST_STEP][PASSED] - if (getText().equals(Baslik)): null

2021-11-18 12:23:28 - [TEST_STEP][PASSED] - build().perform(): null

2021-11-18 12:23:28 - [TEST_STEP][PASSED] - if (getText().equals(Baslik)): null

2021-11-18 12:23:28 - [TEST_STEP][PASSED] - build().perform(): null

2021-11-18 12:23:29 - [TEST_STEP][PASSED] - if (getText().equals(Baslik)): null

2021-11-18 12:23:29 - [TEST_STEP][PASSED] - build().perform(): null

2021-11-18 12:23:29 - [TEST_STEP][PASSED] - if (getText().equals(Baslik)): null

2021-11-18 12:23:29 - [TEST_STEP][PASSED] - build().perform(): null

2021-11-18 12:23:29 - [TEST_STEP][PASSED] - if (getText().equals(Baslik)): null

2021-11-18 12:23:29 - [TEST_STEP][PASSED] - build().perform(): null

2021-11-18 12:23:29 - [TEST_STEP][PASSED] - if (getText().equals(Baslik)): null

2021-11-18 12:23:29 - [TEST_STEP][PASSED] - build().perform(): null

2021-11-18 12:23:29 - [TEST_STEP][PASSED] - if (getText().equals(Baslik)): null

2021-11-18 12:23:29 - [TEST_STEP][PASSED] - baslikElement = element.findElement(By.xpath("../../../..")): Smart Wait Function is triggered

2021-11-18 12:23:29 - [MESSAGE][INFO] - Smart Wait Function is triggered

2021-11-18 12:23:29 - [TEST_STEP][PASSED] - attr = baslikElement.getAttribute("id"): null

2021-11-18 12:23:30 - [TEST_STEP][PASSED] - println("girdi ve idsini aldı = " + attr): null

2021-11-18 12:23:30 - [TEST_STEP][PASSED] - break: null

2021-11-18 12:23:30 - [TEST_STEP][PASSED] - countElement = baslikElement.findElements(By.xpath("../td")): Smart Wait Function is triggered

2021-11-18 12:23:30 - [MESSAGE][INFO] - Smart Wait Function is triggered

2021-11-18 12:23:30 - [TEST_STEP][PASSED] - for (def element : countElement): null

2021-11-18 12:23:30 - [TEST_STEP][PASSED] - if (toString().equals(attr.toString())): null

2021-11-18 12:23:30 - [TEST_STEP][PASSED] - (a++): null

2021-11-18 12:23:30 - [TEST_STEP][PASSED] - if (toString().equals(attr.toString())): null

2021-11-18 12:23:30 - [TEST_STEP][PASSED] - (a++): null

2021-11-18 12:23:30 - [TEST_STEP][PASSED] - if (toString().equals(attr.toString())): null

2021-11-18 12:23:30 - [TEST_STEP][PASSED] - (a++): null

2021-11-18 12:23:30 - [TEST_STEP][PASSED] - if (toString().equals(attr.toString())): null

2021-11-18 12:23:30 - [TEST_STEP][PASSED] - (a++): null

2021-11-18 12:23:30 - [TEST_STEP][PASSED] - if (toString().equals(attr.toString())): null

2021-11-18 12:23:30 - [TEST_STEP][PASSED] - (a++): null

2021-11-18 12:23:30 - [TEST_STEP][PASSED] - if (toString().equals(attr.toString())): null

2021-11-18 12:23:30 - [TEST_STEP][PASSED] - (a++): null

2021-11-18 12:23:30 - [TEST_STEP][PASSED] - if (toString().equals(attr.toString())): null

2021-11-18 12:23:30 - [TEST_STEP][PASSED] - (a++): null

2021-11-18 12:23:30 - [TEST_STEP][PASSED] - if (toString().equals(attr.toString())): null

2021-11-18 12:23:30 - [TEST_STEP][PASSED] - break: null

2021-11-18 12:23:30 - [TEST_STEP][PASSED] - son = findWebElement(findTestObject("Object Repository/Olusturma/Genel/Olusturma/EklenenSatir")).findElement(By.xpath("td[@class='dxgvInlineEditCell_LECustomTheme dxgv'][" + a + "]//td[@class='dxic']/input")): Smart Wait Function is triggered

2021-11-18 12:23:30 - [MESSAGE][INFO] - Finding Test Object 'Object Repository/Olusturma/Genel/Olusturma/EklenenSatir'

2021-11-18 12:23:30 - [MESSAGE][INFO] - Finding web element from Test Object's properties

2021-11-18 12:23:30 - [MESSAGE][INFO] - Checking timeout

2021-11-18 12:23:30 - [MESSAGE][INFO] - Finding web element with id: 'Object Repository/Olusturma/Genel/Olusturma/EklenenSatir' located by 'By.cssSelector: #divmalhizmet .dxgvInlineEditRow_LECustomTheme' in '30' second(s)

2021-11-18 12:23:30 - [MESSAGE][INFO] - Smart Wait Function is triggered

2021-11-18 12:23:30 - [MESSAGE][INFO] - Found 1 web elements with id: 'Object Repository/Olusturma/Genel/Olusturma/EklenenSatir' located by 'By.cssSelector: #divmalhizmet .dxgvInlineEditRow_LECustomTheme' in '30' second(s)

2021-11-18 12:23:30 - [MESSAGE][INFO] - Smart Wait Function is triggered

2021-11-18 12:23:31 - [TEST_STEP][PASSED] - if (!(getAttribute("value").contains("Vkn"))): null

2021-11-18 12:23:31 - [TEST_STEP][PASSED] - son.clear(): null

2021-11-18 12:23:31 - [TEST_STEP][PASSED] - son.sendKeys(Deger): null

2021-11-18 12:23:31 - [MESSAGE][PASSED] - Call Test Case 'Test Cases/Olusturma/Genel/Olusturma' successfully

2021-11-18 12:23:31 - [MESSAGE][INFO] - Checking called Test Case

2021-11-18 12:23:31 - [MESSAGE][INFO] - Starting to call Test Case 'Test Cases/Olusturma/Genel/NotGirilir'

2021-11-18 12:23:31 - [TEST_CASE][PASSED] - Test Cases/Olusturma/Genel/NotGirilir: Test Cases/Olusturma/Genel/NotGirilir

2021-11-18 12:23:31 - [TEST_STEP][PASSED] - i = 0: null

2021-11-18 12:23:31 - [TEST_STEP][PASSED] - waitForElementClickable(findTestObject("Olusturma/Genel/Not/Notlar"), 10): Object 'Object Repository/Olusturma/Genel/Not/Notlar' is clickable

2021-11-18 12:23:31 - [MESSAGE][INFO] - Finding Test Object 'Object Repository/Olusturma/Genel/Not/Notlar'

2021-11-18 12:23:31 - [MESSAGE][INFO] - Checking object

2021-11-18 12:23:31 - [MESSAGE][INFO] - Checking timeout

2021-11-18 12:23:31 - [MESSAGE][INFO] - Finding web element from Test Object's properties

2021-11-18 12:23:31 - [MESSAGE][INFO] - Checking timeout

2021-11-18 12:23:31 - [MESSAGE][INFO] - Finding web element with id: 'Object Repository/Olusturma/Genel/Not/Notlar' located by 'By.xpath: //*[@id = 'txtNote_I']' in '10' second(s)

2021-11-18 12:23:31 - [MESSAGE][INFO] - Smart Wait Function is triggered

2021-11-18 12:23:31 - [MESSAGE][INFO] - Found 1 web elements with id: 'Object Repository/Olusturma/Genel/Not/Notlar' located by 'By.xpath: //*[@id = 'txtNote_I']' in '10' second(s)

2021-11-18 12:23:31 - [MESSAGE][PASSED] - Object 'Object Repository/Olusturma/Genel/Not/Notlar' is clickable

2021-11-18 12:23:31 - [TEST_STEP][PASSED] - clearText(findTestObject("Olusturma/Genel/Not/Notlar")): Text of object 'Object Repository/Olusturma/Genel/Not/Notlar' is cleared

2021-11-18 12:23:31 - [MESSAGE][INFO] - Finding Test Object 'Object Repository/Olusturma/Genel/Not/Notlar'

2021-11-18 12:23:31 - [MESSAGE][INFO] - Checking object

2021-11-18 12:23:31 - [MESSAGE][INFO] - Finding web element from Test Object's properties

2021-11-18 12:23:31 - [MESSAGE][INFO] - Checking timeout

2021-11-18 12:23:31 - [MESSAGE][INFO] - Finding web element with id: 'Object Repository/Olusturma/Genel/Not/Notlar' located by 'By.xpath: //*[@id = 'txtNote_I']' in '30' second(s)

2021-11-18 12:23:31 - [MESSAGE][INFO] - Smart Wait Function is triggered

2021-11-18 12:23:31 - [MESSAGE][INFO] - Found 1 web elements with id: 'Object Repository/Olusturma/Genel/Not/Notlar' located by 'By.xpath: //*[@id = 'txtNote_I']' in '30' second(s)

2021-11-18 12:23:31 - [MESSAGE][INFO] - Clearing text of object 'Object Repository/Olusturma/Genel/Not/Notlar'

2021-11-18 12:23:32 - [MESSAGE][PASSED] - Text of object 'Object Repository/Olusturma/Genel/Not/Notlar' is cleared

2021-11-18 12:23:32 - [TEST_STEP][PASSED] - click(findTestObject("Olusturma/Genel/Not/Notlar")): Object: 'Object Repository/Olusturma/Genel/Not/Notlar' is clicked on

2021-11-18 12:23:32 - [MESSAGE][INFO] - Finding Test Object 'Object Repository/Olusturma/Genel/Not/Notlar'

2021-11-18 12:23:32 - [MESSAGE][INFO] - Checking object

2021-11-18 12:23:32 - [MESSAGE][INFO] - Finding web element from Test Object's properties

2021-11-18 12:23:32 - [MESSAGE][INFO] - Checking timeout

2021-11-18 12:23:32 - [MESSAGE][INFO] - Finding web element with id: 'Object Repository/Olusturma/Genel/Not/Notlar' located by 'By.xpath: //*[@id = 'txtNote_I']' in '30' second(s)

2021-11-18 12:23:32 - [MESSAGE][INFO] - Smart Wait Function is triggered

2021-11-18 12:23:32 - [MESSAGE][INFO] - Found 1 web elements with id: 'Object Repository/Olusturma/Genel/Not/Notlar' located by 'By.xpath: //*[@id = 'txtNote_I']' in '30' second(s)

2021-11-18 12:23:32 - [MESSAGE][INFO] - Clicking on object: 'Object Repository/Olusturma/Genel/Not/Notlar'

2021-11-18 12:23:32 - [MESSAGE][PASSED] - Object: 'Object Repository/Olusturma/Genel/Not/Notlar' is clicked on

2021-11-18 12:23:32 - [TEST_STEP][PASSED] - while (true): null

2021-11-18 12:23:32 - [TEST_STEP][PASSED] - delay(1): Delayed 1 second(s)

2021-11-18 12:23:32 - [MESSAGE][INFO] - Delaying browser in 1 second(s)

2021-11-18 12:23:33 - [MESSAGE][PASSED] - Delayed 1 second(s)

2021-11-18 12:23:33 - [TEST_STEP][PASSED] - ajaxIsComplete = executeJavaScript("return jQuery.active == 0", null): Execute JavaScript 'return jQuery.active == 0' successfully

2021-11-18 12:23:33 - [MESSAGE][PASSED] - Execute JavaScript 'return jQuery.active == 0' successfully

2021-11-18 12:23:33 - [TEST_STEP][PASSED] - if (ajaxIsComplete): null

2021-11-18 12:23:33 - [TEST_STEP][PASSED] - if (i > 10): null

2021-11-18 12:23:33 - [TEST_STEP][PASSED] - (i++): null

2021-11-18 12:23:33 - [TEST_STEP][PASSED] - delay(1): Delayed 1 second(s)

2021-11-18 12:23:33 - [MESSAGE][INFO] - Delaying browser in 1 second(s)

2021-11-18 12:23:34 - [MESSAGE][PASSED] - Delayed 1 second(s)

2021-11-18 12:23:34 - [TEST_STEP][PASSED] - ajaxIsComplete = executeJavaScript("return jQuery.active == 0", null): Execute JavaScript 'return jQuery.active == 0' successfully

2021-11-18 12:23:34 - [MESSAGE][PASSED] - Execute JavaScript 'return jQuery.active == 0' successfully

2021-11-18 12:23:34 - [TEST_STEP][PASSED] - if (ajaxIsComplete): null

2021-11-18 12:23:34 - [TEST_STEP][PASSED] - break: null

2021-11-18 12:23:34 - [TEST_STEP][PASSED] - sendKeys(findTestObject("Olusturma/Genel/Not/Notlar"), Not): Keys 'Otomasyon Not' sent to object: 'Object Repository/Olusturma/Genel/Not/Notlar'

2021-11-18 12:23:34 - [MESSAGE][INFO] - Finding Test Object 'Object Repository/Olusturma/Genel/Not/Notlar'

2021-11-18 12:23:34 - [MESSAGE][INFO] - Sending keys 'Otomasyon Not' to object: 'Object Repository/Olusturma/Genel/Not/Notlar'

2021-11-18 12:23:34 - [MESSAGE][INFO] - Finding web element from Test Object's properties

2021-11-18 12:23:34 - [MESSAGE][INFO] - Checking timeout

2021-11-18 12:23:34 - [MESSAGE][INFO] - Finding web element with id: 'Object Repository/Olusturma/Genel/Not/Notlar' located by 'By.xpath: //*[@id = 'txtNote_I']' in '30' second(s)

2021-11-18 12:23:34 - [MESSAGE][INFO] - Smart Wait Function is triggered

2021-11-18 12:23:34 - [MESSAGE][INFO] - Found 1 web elements with id: 'Object Repository/Olusturma/Genel/Not/Notlar' located by 'By.xpath: //*[@id = 'txtNote_I']' in '30' second(s)

2021-11-18 12:23:34 - [MESSAGE][PASSED] - Keys 'Otomasyon Not' sent to object: 'Object Repository/Olusturma/Genel/Not/Notlar'

2021-11-18 12:23:34 - [MESSAGE][PASSED] - Call Test Case 'Test Cases/Olusturma/Genel/NotGirilir' successfully

2021-11-18 12:23:34 - [MESSAGE][INFO] - Checking called Test Case

2021-11-18 12:23:34 - [MESSAGE][INFO] - Starting to call Test Case 'Test Cases/Olusturma/Genel/EttnBilgisiKayitEdilir'

2021-11-18 12:23:34 - [TEST_CASE][PASSED] - Test Cases/Olusturma/Genel/EttnBilgisiKayitEdilir: Test Cases/Olusturma/Genel/EttnBilgisiKayitEdilir

2021-11-18 12:23:34 - [TEST_STEP][PASSED] - verifyElementPresent(findTestObject("Object Repository/Olusturma/Genel/Olusturma/eArsivEttnBilgisi"), 7): Object 'Object Repository/Olusturma/Genel/Olusturma/eArsivEttnBilgisi' is present

2021-11-18 12:23:34 - [MESSAGE][INFO] - Finding Test Object 'Object Repository/Olusturma/Genel/Olusturma/eArsivEttnBilgisi'

2021-11-18 12:23:35 - [MESSAGE][INFO] - Checking object

2021-11-18 12:23:35 - [MESSAGE][INFO] - Finding web element from Test Object's properties

2021-11-18 12:23:35 - [MESSAGE][INFO] - Checking timeout

2021-11-18 12:23:35 - [MESSAGE][INFO] - Finding web element with id: 'Object Repository/Olusturma/Genel/Olusturma/eArsivEttnBilgisi' located by 'By.xpath: //*[@id = 'Uuid_I']' in '7' second(s)

2021-11-18 12:23:35 - [MESSAGE][INFO] - Smart Wait Function is triggered

2021-11-18 12:23:35 - [MESSAGE][INFO] - Found 1 web elements with id: 'Object Repository/Olusturma/Genel/Olusturma/eArsivEttnBilgisi' located by 'By.xpath: //*[@id = 'Uuid_I']' in '7' second(s)

2021-11-18 12:23:35 - [MESSAGE][PASSED] - Object 'Object Repository/Olusturma/Genel/Olusturma/eArsivEttnBilgisi' is present

2021-11-18 12:23:35 - [TEST_STEP][PASSED] - ettn = getAttribute(findTestObject("Object Repository/Olusturma/Genel/Olusturma/eArsivEttnBilgisi"), "value"): Attribute 'value' of object 'Object Repository/Olusturma/Genel/Olusturma/eArsivEttnBilgisi' is: '6ace1202-dc81-4bd7-a48a-19997a1e6a31'

2021-11-18 12:23:35 - [MESSAGE][INFO] - Finding Test Object 'Object Repository/Olusturma/Genel/Olusturma/eArsivEttnBilgisi'

2021-11-18 12:23:35 - [MESSAGE][INFO] - Checking object

2021-11-18 12:23:35 - [MESSAGE][INFO] - Checking attribute

2021-11-18 12:23:35 - [MESSAGE][INFO] - Finding web element from Test Object's properties

2021-11-18 12:23:35 - [MESSAGE][INFO] - Checking timeout

2021-11-18 12:23:35 - [MESSAGE][INFO] - Finding web element with id: 'Object Repository/Olusturma/Genel/Olusturma/eArsivEttnBilgisi' located by 'By.xpath: //*[@id = 'Uuid_I']' in '30' second(s)

2021-11-18 12:23:35 - [MESSAGE][INFO] - Smart Wait Function is triggered

2021-11-18 12:23:35 - [MESSAGE][INFO] - Found 1 web elements with id: 'Object Repository/Olusturma/Genel/Olusturma/eArsivEttnBilgisi' located by 'By.xpath: //*[@id = 'Uuid_I']' in '30' second(s)

2021-11-18 12:23:35 - [MESSAGE][INFO] - Getting attribute 'value' of object 'Object Repository/Olusturma/Genel/Olusturma/eArsivEttnBilgisi'

2021-11-18 12:23:35 - [MESSAGE][PASSED] - Attribute 'value' of object 'Object Repository/Olusturma/Genel/Olusturma/eArsivEttnBilgisi' is: '6ace1202-dc81-4bd7-a48a-19997a1e6a31'

2021-11-18 12:23:35 - [MESSAGE][PASSED] - Call Test Case 'Test Cases/Olusturma/Genel/EttnBilgisiKayitEdilir' successfully

2021-11-18 12:23:35 - [MESSAGE][INFO] - Checking called Test Case

2021-11-18 12:23:35 - [MESSAGE][INFO] - Starting to call Test Case 'Test Cases/Olusturma/Genel/KaydetButonunaTiklanir'

2021-11-18 12:23:35 - [TEST_CASE][PASSED] - Test Cases/Olusturma/Genel/KaydetButonunaTiklanir: Test Cases/Olusturma/Genel/KaydetButonunaTiklanir

2021-11-18 12:23:35 - [TEST_STEP][PASSED] - i = 0: null

2021-11-18 12:23:35 - [TEST_STEP][PASSED] - waitForElementPresent(findTestObject("Olusturma/Genel/Not/Notlar"), 10): Object 'Object Repository/Olusturma/Genel/Not/Notlar' is present

2021-11-18 12:23:35 - [MESSAGE][INFO] - Finding Test Object 'Object Repository/Olusturma/Genel/Not/Notlar'

2021-11-18 12:23:35 - [MESSAGE][INFO] - Checking object

2021-11-18 12:23:35 - [MESSAGE][INFO] - Finding web element from Test Object's properties

2021-11-18 12:23:35 - [MESSAGE][INFO] - Checking timeout

2021-11-18 12:23:35 - [MESSAGE][INFO] - Finding web element with id: 'Object Repository/Olusturma/Genel/Not/Notlar' located by 'By.xpath: //*[@id = 'txtNote_I']' in '10' second(s)

2021-11-18 12:23:35 - [MESSAGE][INFO] - Smart Wait Function is triggered

2021-11-18 12:23:36 - [MESSAGE][INFO] - Found 1 web elements with id: 'Object Repository/Olusturma/Genel/Not/Notlar' located by 'By.xpath: //*[@id = 'txtNote_I']' in '10' second(s)

2021-11-18 12:23:36 - [MESSAGE][PASSED] - Object 'Object Repository/Olusturma/Genel/Not/Notlar' is present

2021-11-18 12:23:36 - [TEST_STEP][PASSED] - click(findTestObject("Olusturma/Genel/Not/Notlar")): Object: 'Object Repository/Olusturma/Genel/Not/Notlar' is clicked on

2021-11-18 12:23:36 - [MESSAGE][INFO] - Finding Test Object 'Object Repository/Olusturma/Genel/Not/Notlar'

2021-11-18 12:23:36 - [MESSAGE][INFO] - Checking object

2021-11-18 12:23:36 - [MESSAGE][INFO] - Finding web element from Test Object's properties

2021-11-18 12:23:36 - [MESSAGE][INFO] - Checking timeout

2021-11-18 12:23:36 - [MESSAGE][INFO] - Finding web element with id: 'Object Repository/Olusturma/Genel/Not/Notlar' located by 'By.xpath: //*[@id = 'txtNote_I']' in '30' second(s)

2021-11-18 12:23:36 - [MESSAGE][INFO] - Smart Wait Function is triggered

2021-11-18 12:23:36 - [MESSAGE][INFO] - Found 1 web elements with id: 'Object Repository/Olusturma/Genel/Not/Notlar' located by 'By.xpath: //*[@id = 'txtNote_I']' in '30' second(s)

2021-11-18 12:23:36 - [MESSAGE][INFO] - Clicking on object: 'Object Repository/Olusturma/Genel/Not/Notlar'

2021-11-18 12:23:36 - [MESSAGE][PASSED] - Object: 'Object Repository/Olusturma/Genel/Not/Notlar' is clicked on

2021-11-18 12:23:36 - [TEST_STEP][PASSED] - while (true): null

2021-11-18 12:23:36 - [TEST_STEP][PASSED] - delay(1): Delayed 1 second(s)

2021-11-18 12:23:36 - [MESSAGE][INFO] - Delaying browser in 1 second(s)

2021-11-18 12:23:37 - [MESSAGE][PASSED] - Delayed 1 second(s)

2021-11-18 12:23:37 - [TEST_STEP][PASSED] - ajaxIsComplete = executeJavaScript("return jQuery.active == 0", null): Execute JavaScript 'return jQuery.active == 0' successfully

2021-11-18 12:23:37 - [MESSAGE][PASSED] - Execute JavaScript 'return jQuery.active == 0' successfully

2021-11-18 12:23:37 - [TEST_STEP][PASSED] - if (ajaxIsComplete): null

2021-11-18 12:23:37 - [TEST_STEP][PASSED] - break: null

2021-11-18 12:23:37 - [TEST_STEP][PASSED] - waitForElementClickable(findTestObject("Object Repository/Olusturma/Genel/Buton"), 10): Object 'Object Repository/Olusturma/Genel/Buton' is clickable

2021-11-18 12:23:37 - [MESSAGE][INFO] - Finding Test Object 'Object Repository/Olusturma/Genel/Buton'

2021-11-18 12:23:37 - [MESSAGE][INFO] - Checking object

2021-11-18 12:23:37 - [MESSAGE][INFO] - Checking timeout

2021-11-18 12:23:37 - [MESSAGE][INFO] - Finding web element from Test Object's properties

2021-11-18 12:23:37 - [MESSAGE][INFO] - Checking timeout

2021-11-18 12:23:37 - [MESSAGE][INFO] - Finding web element with id: 'Object Repository/Olusturma/Genel/Buton' located by 'By.xpath: //*[@id = 'btnKaydet']' in '10' second(s)

2021-11-18 12:23:37 - [MESSAGE][INFO] - Smart Wait Function is triggered

2021-11-18 12:23:37 - [MESSAGE][INFO] - Found 1 web elements with id: 'Object Repository/Olusturma/Genel/Buton' located by 'By.xpath: //*[@id = 'btnKaydet']' in '10' second(s)

2021-11-18 12:23:37 - [MESSAGE][PASSED] - Object 'Object Repository/Olusturma/Genel/Buton' is clickable

2021-11-18 12:23:37 - [TEST_STEP][PASSED] - click(findTestObject("Object Repository/Olusturma/Genel/Buton")): Object: 'Object Repository/Olusturma/Genel/Buton' is clicked on

2021-11-18 12:23:37 - [MESSAGE][INFO] - Finding Test Object 'Object Repository/Olusturma/Genel/Buton'

2021-11-18 12:23:37 - [MESSAGE][INFO] - Checking object

2021-11-18 12:23:37 - [MESSAGE][INFO] - Finding web element from Test Object's properties

2021-11-18 12:23:37 - [MESSAGE][INFO] - Checking timeout

2021-11-18 12:23:37 - [MESSAGE][INFO] - Finding web element with id: 'Object Repository/Olusturma/Genel/Buton' located by 'By.xpath: //*[@id = 'btnKaydet']' in '30' second(s)

2021-11-18 12:23:37 - [MESSAGE][INFO] - Smart Wait Function is triggered

2021-11-18 12:23:38 - [MESSAGE][INFO] - Found 1 web elements with id: 'Object Repository/Olusturma/Genel/Buton' located by 'By.xpath: //*[@id = 'btnKaydet']' in '30' second(s)

2021-11-18 12:23:38 - [MESSAGE][INFO] - Clicking on object: 'Object Repository/Olusturma/Genel/Buton'

2021-11-18 12:23:40 - [MESSAGE][PASSED] - Object: 'Object Repository/Olusturma/Genel/Buton' is clicked on

2021-11-18 12:23:40 - [MESSAGE][PASSED] - Call Test Case 'Test Cases/Olusturma/Genel/KaydetButonunaTiklanir' successfully

2021-11-18 12:23:40 - [MESSAGE][INFO] - Checking called Test Case

2021-11-18 12:23:40 - [MESSAGE][INFO] - Starting to call Test Case 'Test Cases/Tablo/TablodaEttnliVeriOlusturulduMu'

2021-11-18 12:23:40 - [TEST_CASE][PASSED] - Test Cases/Tablo/TablodaEttnliVeriOlusturulduMu: Test Cases/Tablo/TablodaEttnliVeriOlusturulduMu

2021-11-18 12:23:40 - [TEST_STEP][PASSED] - Method.TextDegerineEsitElementVarMi(findTestObject("Tablo/OlusturulanVeri"), ettn): Method.TextDegerineEsitElementVarMi is PASSED

2021-11-18 12:23:40 - [MESSAGE][INFO] - Finding Test Object 'Object Repository/Tablo/OlusturulanVeri'

2021-11-18 12:23:40 - [MESSAGE][INFO] - Checking timeout

2021-11-18 12:23:40 - [MESSAGE][INFO] - Finding web element with id: 'Object Repository/Tablo/OlusturulanVeri' located by 'By.cssSelector: table.dxgvTable_LECustomTheme>tbody>tr:nth-child(3)>td.dxgv b,table.dxgvTable_LECustomTheme>tbody>tr:nth-child(3)>td.dxgv' in '10' second(s)

2021-11-18 12:23:40 - [MESSAGE][INFO] - Smart Wait Function is triggered

2021-11-18 12:23:40 - [MESSAGE][INFO] - Found 14 web elements with id: 'Object Repository/Tablo/OlusturulanVeri' located by 'By.cssSelector: table.dxgvTable_LECustomTheme>tbody>tr:nth-child(3)>td.dxgv b,table.dxgvTable_LECustomTheme>tbody>tr:nth-child(3)>td.dxgv' in '10' second(s)

2021-11-18 12:23:40 - [MESSAGE][PASSED] - Method.TextDegerineEsitElementVarMi is PASSED

2021-11-18 12:23:40 - [MESSAGE][PASSED] - Call Test Case 'Test Cases/Tablo/TablodaEttnliVeriOlusturulduMu' successfully

2021-11-18 12:23:40 - [MESSAGE][INFO] - Checking called Test Case

2021-11-18 12:23:40 - [MESSAGE][INFO] - Starting to call Test Case 'Test Cases/Tablo/TablodanEttnliVeriSec'

2021-11-18 12:23:40 - [TEST_CASE][PASSED] - Test Cases/Tablo/TablodanEttnliVeriSec: Test Cases/Tablo/TablodanEttnliVeriSec

2021-11-18 12:23:40 - [TEST_STEP][PASSED] - Method.TextDegerineEsitElementinAltindakineTikla(findTestObject("Tablo/Veriler"), findTestObject("Tablo/VerininCheckBoxi"), ettn): Method.TextDegerineEsitElementinAltindakineTikla is PASSED

2021-11-18 12:23:40 - [MESSAGE][INFO] - Finding Test Object 'Object Repository/Tablo/Veriler'

2021-11-18 12:23:41 - [MESSAGE][INFO] - Finding Test Object 'Object Repository/Tablo/VerininCheckBoxi'

2021-11-18 12:23:41 - [MESSAGE][INFO] - Checking timeout

2021-11-18 12:23:41 - [MESSAGE][INFO] - Finding web element with id: 'Object Repository/Tablo/Veriler' located by 'By.cssSelector: td.dxgv b ,td.dxgv' in '10' second(s)

2021-11-18 12:23:41 - [MESSAGE][INFO] - Smart Wait Function is triggered

2021-11-18 12:23:41 - [MESSAGE][INFO] - Found 70 web elements with id: 'Object Repository/Tablo/Veriler' located by 'By.cssSelector: td.dxgv b ,td.dxgv' in '10' second(s)

2021-11-18 12:23:41 - [MESSAGE][INFO] - Smart Wait Function is triggered

2021-11-18 12:23:41 - [MESSAGE][PASSED] - Method.TextDegerineEsitElementinAltindakineTikla is PASSED

2021-11-18 12:23:41 - [MESSAGE][PASSED] - Call Test Case 'Test Cases/Tablo/TablodanEttnliVeriSec' successfully

2021-11-18 12:23:41 - [MESSAGE][INFO] - Checking called Test Case

2021-11-18 12:23:41 - [MESSAGE][INFO] - Starting to call Test Case 'Test Cases/Butonlar/ButonaTikla'

2021-11-18 12:23:41 - [TEST_CASE][PASSED] - Test Cases/Butonlar/ButonaTikla: Test Cases/Butonlar/ButonaTikla

2021-11-18 12:23:41 - [TEST_STEP][PASSED] - Method.TextDegerineEsitElementeTiklaEquals(findTestObject("Butonlar/Butonlar"), Buton_Adi): Method.TextDegerineEsitElementeTiklaEquals is PASSED

2021-11-18 12:23:41 - [MESSAGE][INFO] - Finding Test Object 'Object Repository/Butonlar/Butonlar'

2021-11-18 12:23:41 - [MESSAGE][INFO] - Checking timeout

2021-11-18 12:23:41 - [MESSAGE][INFO] - Finding web element with id: 'Object Repository/Butonlar/Butonlar' located by 'By.cssSelector: .panel.panel-default.text-center.footerPanel .btn,.btn.btn-primary.btnControls' in '10' second(s)

2021-11-18 12:23:41 - [MESSAGE][INFO] - Smart Wait Function is triggered

2021-11-18 12:23:42 - [MESSAGE][INFO] - Found 9 web elements with id: 'Object Repository/Butonlar/Butonlar' located by 'By.cssSelector: .panel.panel-default.text-center.footerPanel .btn,.btn.btn-primary.btnControls' in '10' second(s)

2021-11-18 12:23:42 - [MESSAGE][PASSED] - Method.TextDegerineEsitElementeTiklaEquals is PASSED

2021-11-18 12:23:42 - [MESSAGE][PASSED] - Call Test Case 'Test Cases/Butonlar/ButonaTikla' successfully

2021-11-18 12:23:42 - [MESSAGE][INFO] - Checking called Test Case

2021-11-18 12:23:42 - [MESSAGE][INFO] - Starting to call Test Case 'Test Cases/Popup/PopupMesajiIceriyorMu'

2021-11-18 12:23:42 - [TEST_CASE][PASSED] - Test Cases/Popup/PopupMesajiIceriyorMu: Test Cases/Popup/PopupMesajiIceriyorMu

2021-11-18 12:23:42 - [TEST_STEP][PASSED] - waitForElementVisible(findTestObject("Popup/Popup"), 10): Object 'Object Repository/Popup/Popup' is visible

2021-11-18 12:23:42 - [MESSAGE][INFO] - Finding Test Object 'Object Repository/Popup/Popup'

2021-11-18 12:23:42 - [MESSAGE][INFO] - Checking object

2021-11-18 12:23:42 - [MESSAGE][INFO] - Checking timeout

2021-11-18 12:23:42 - [MESSAGE][INFO] - Finding web element from Test Object's properties

2021-11-18 12:23:42 - [MESSAGE][INFO] - Checking timeout

2021-11-18 12:23:42 - [MESSAGE][INFO] - Finding web element with id: 'Object Repository/Popup/Popup' located by 'By.cssSelector: .bootbox-body' in '10' second(s)

2021-11-18 12:23:42 - [MESSAGE][INFO] - Smart Wait Function is triggered

2021-11-18 12:23:43 - [MESSAGE][INFO] - Found 1 web elements with id: 'Object Repository/Popup/Popup' located by 'By.cssSelector: .bootbox-body' in '10' second(s)

2021-11-18 12:23:43 - [MESSAGE][PASSED] - Object 'Object Repository/Popup/Popup' is visible

2021-11-18 12:23:43 - [TEST_STEP][PASSED] - if (!(getText(findTestObject("Popup/Popup")).contains(Mesaj))): Text of object 'Object Repository/Popup/Popup' is: 'Oluşturulacak fatura numarası : EAR2021000000476 Fatura numarası oluşturulduktan sonra fatura silinemez. Fatura numarası, tarihi ve ön eki değiştirilemez. Devam etmek istiyor musunuz?'

2021-11-18 12:23:43 - [MESSAGE][INFO] - Finding Test Object 'Object Repository/Popup/Popup'

2021-11-18 12:23:43 - [MESSAGE][INFO] - Checking object

2021-11-18 12:23:43 - [MESSAGE][INFO] - Finding web element from Test Object's properties

2021-11-18 12:23:43 - [MESSAGE][INFO] - Checking timeout

2021-11-18 12:23:43 - [MESSAGE][INFO] - Finding web element with id: 'Object Repository/Popup/Popup' located by 'By.cssSelector: .bootbox-body' in '30' second(s)

2021-11-18 12:23:43 - [MESSAGE][INFO] - Smart Wait Function is triggered

2021-11-18 12:23:43 - [MESSAGE][INFO] - Found 1 web elements with id: 'Object Repository/Popup/Popup' located by 'By.cssSelector: .bootbox-body' in '30' second(s)

2021-11-18 12:23:43 - [MESSAGE][INFO] - Getting text of object 'Object Repository/Popup/Popup'

2021-11-18 12:23:43 - [MESSAGE][PASSED] - Text of object 'Object Repository/Popup/Popup' is: 'Oluşturulacak fatura numarası : EAR2021000000476 Fatura numarası oluşturulduktan sonra fatura silinemez. Fatura numarası, tarihi ve ön eki değiştirilemez. Devam etmek istiyor musunuz?'

2021-11-18 12:23:43 - [TEST_STEP][PASSED] - RaporNo = getText(findTestObject("Popup/Popup")).substring(0, 6): Text of object 'Object Repository/Popup/Popup' is: 'Oluşturulacak fatura numarası : EAR2021000000476 Fatura numarası oluşturulduktan sonra fatura silinemez. Fatura numarası, tarihi ve ön eki değiştirilemez. Devam etmek istiyor musunuz?'

2021-11-18 12:23:43 - [MESSAGE][INFO] - Finding Test Object 'Object Repository/Popup/Popup'

2021-11-18 12:23:43 - [MESSAGE][INFO] - Checking object

2021-11-18 12:23:43 - [MESSAGE][INFO] - Finding web element from Test Object's properties

2021-11-18 12:23:43 - [MESSAGE][INFO] - Checking timeout

2021-11-18 12:23:43 - [MESSAGE][INFO] - Finding web element with id: 'Object Repository/Popup/Popup' located by 'By.cssSelector: .bootbox-body' in '30' second(s)

2021-11-18 12:23:43 - [MESSAGE][INFO] - Smart Wait Function is triggered

2021-11-18 12:23:44 - [MESSAGE][INFO] - Found 1 web elements with id: 'Object Repository/Popup/Popup' located by 'By.cssSelector: .bootbox-body' in '30' second(s)

2021-11-18 12:23:44 - [MESSAGE][INFO] - Getting text of object 'Object Repository/Popup/Popup'

2021-11-18 12:23:44 - [MESSAGE][PASSED] - Text of object 'Object Repository/Popup/Popup' is: 'Oluşturulacak fatura numarası : EAR2021000000476 Fatura numarası oluşturulduktan sonra fatura silinemez. Fatura numarası, tarihi ve ön eki değiştirilemez. Devam etmek istiyor musunuz?'

2021-11-18 12:23:44 - [TEST_STEP][PASSED] - Console.println(RaporNo): null

2021-11-18 12:23:44 - [MESSAGE][PASSED] - Call Test Case 'Test Cases/Popup/PopupMesajiIceriyorMu' successfully

2021-11-18 12:23:44 - [MESSAGE][INFO] - Checking called Test Case

2021-11-18 12:23:44 - [MESSAGE][INFO] - Starting to call Test Case 'Test Cases/Popup/PopupButonSecilir'

2021-11-18 12:23:44 - [TEST_CASE][PASSED] - Test Cases/Popup/PopupButonSecilir: Test Cases/Popup/PopupButonSecilir

2021-11-18 12:23:44 - [TEST_STEP][PASSED] - Method.TextDegerineEsitElementeTikla(findTestObject("Popup/Popup_Butons"), Buton): Method.TextDegerineEsitElementeTikla is PASSED

2021-11-18 12:23:44 - [MESSAGE][INFO] - Finding Test Object 'Object Repository/Popup/Popup_Butons'

2021-11-18 12:23:44 - [MESSAGE][INFO] - Checking timeout

2021-11-18 12:23:44 - [MESSAGE][INFO] - Finding web element with id: 'Object Repository/Popup/Popup_Butons' located by 'By.cssSelector: .modal-footer>button' in '10' second(s)

2021-11-18 12:23:44 - [MESSAGE][INFO] - Smart Wait Function is triggered

2021-11-18 12:23:44 - [MESSAGE][INFO] - Found 2 web elements with id: 'Object Repository/Popup/Popup_Butons' located by 'By.cssSelector: .modal-footer>button' in '10' second(s)

2021-11-18 12:23:44 - [MESSAGE][PASSED] - Method.TextDegerineEsitElementeTikla is PASSED

2021-11-18 12:23:44 - [MESSAGE][PASSED] - Call Test Case 'Test Cases/Popup/PopupButonSecilir' successfully

2021-11-18 12:23:44 - [MESSAGE][INFO] - Checking called Test Case

2021-11-18 12:23:44 - [MESSAGE][INFO] - Starting to call Test Case 'Test Cases/Popup/PopupMesajiIceriyorMu'

2021-11-18 12:23:44 - [TEST_CASE][PASSED] - Test Cases/Popup/PopupMesajiIceriyorMu: Test Cases/Popup/PopupMesajiIceriyorMu

2021-11-18 12:23:44 - [TEST_STEP][PASSED] - waitForElementVisible(findTestObject("Popup/Popup"), 10): Object 'Object Repository/Popup/Popup' is visible

2021-11-18 12:23:44 - [MESSAGE][INFO] - Finding Test Object 'Object Repository/Popup/Popup'

2021-11-18 12:23:44 - [MESSAGE][INFO] - Checking object

2021-11-18 12:23:44 - [MESSAGE][INFO] - Checking timeout

2021-11-18 12:23:44 - [MESSAGE][INFO] - Finding web element from Test Object's properties

2021-11-18 12:23:44 - [MESSAGE][INFO] - Checking timeout

2021-11-18 12:23:44 - [MESSAGE][INFO] - Finding web element with id: 'Object Repository/Popup/Popup' located by 'By.cssSelector: .bootbox-body' in '10' second(s)

2021-11-18 12:23:44 - [MESSAGE][INFO] - Smart Wait Function is triggered

2021-11-18 12:23:45 - [MESSAGE][INFO] - Found 1 web elements with id: 'Object Repository/Popup/Popup' located by 'By.cssSelector: .bootbox-body' in '10' second(s)

2021-11-18 12:23:45 - [MESSAGE][PASSED] - Object 'Object Repository/Popup/Popup' is visible

2021-11-18 12:23:45 - [TEST_STEP][PASSED] - if (!(getText(findTestObject("Popup/Popup")).contains(Mesaj))): Text of object 'Object Repository/Popup/Popup' is: 'Fatura numaranız EAR2021000000476 olarak oluşmuştur.'

2021-11-18 12:23:45 - [MESSAGE][INFO] - Finding Test Object 'Object Repository/Popup/Popup'

2021-11-18 12:23:45 - [MESSAGE][INFO] - Checking object

2021-11-18 12:23:45 - [MESSAGE][INFO] - Finding web element from Test Object's properties

2021-11-18 12:23:45 - [MESSAGE][INFO] - Checking timeout

2021-11-18 12:23:45 - [MESSAGE][INFO] - Finding web element with id: 'Object Repository/Popup/Popup' located by 'By.cssSelector: .bootbox-body' in '30' second(s)

2021-11-18 12:23:45 - [MESSAGE][INFO] - Smart Wait Function is triggered

2021-11-18 12:23:45 - [MESSAGE][INFO] - Found 1 web elements with id: 'Object Repository/Popup/Popup' located by 'By.cssSelector: .bootbox-body' in '30' second(s)

2021-11-18 12:23:45 - [MESSAGE][INFO] - Getting text of object 'Object Repository/Popup/Popup'

2021-11-18 12:23:45 - [MESSAGE][PASSED] - Text of object 'Object Repository/Popup/Popup' is: 'Fatura numaranız EAR2021000000476 olarak oluşmuştur.'

2021-11-18 12:23:45 - [TEST_STEP][PASSED] - RaporNo = getText(findTestObject("Popup/Popup")).substring(0, 6): Text of object 'Object Repository/Popup/Popup' is: 'Fatura numaranız EAR2021000000476 olarak oluşmuştur.'

2021-11-18 12:23:45 - [MESSAGE][INFO] - Finding Test Object 'Object Repository/Popup/Popup'

2021-11-18 12:23:46 - [MESSAGE][INFO] - Checking object

2021-11-18 12:23:46 - [MESSAGE][INFO] - Finding web element from Test Object's properties

2021-11-18 12:23:46 - [MESSAGE][INFO] - Checking timeout

2021-11-18 12:23:46 - [MESSAGE][INFO] - Finding web element with id: 'Object Repository/Popup/Popup' located by 'By.cssSelector: .bootbox-body' in '30' second(s)

2021-11-18 12:23:46 - [MESSAGE][INFO] - Smart Wait Function is triggered

2021-11-18 12:23:46 - [MESSAGE][INFO] - Found 1 web elements with id: 'Object Repository/Popup/Popup' located by 'By.cssSelector: .bootbox-body' in '30' second(s)

2021-11-18 12:23:46 - [MESSAGE][INFO] - Getting text of object 'Object Repository/Popup/Popup'

2021-11-18 12:23:46 - [MESSAGE][PASSED] - Text of object 'Object Repository/Popup/Popup' is: 'Fatura numaranız EAR2021000000476 olarak oluşmuştur.'

2021-11-18 12:23:46 - [TEST_STEP][PASSED] - Console.println(RaporNo): null

2021-11-18 12:23:46 - [MESSAGE][PASSED] - Call Test Case 'Test Cases/Popup/PopupMesajiIceriyorMu' successfully

2021-11-18 12:23:46 - [MESSAGE][INFO] - Checking called Test Case

2021-11-18 12:23:46 - [MESSAGE][INFO] - Starting to call Test Case 'Test Cases/Popup/PopupButonSecilir'

2021-11-18 12:23:46 - [TEST_CASE][PASSED] - Test Cases/Popup/PopupButonSecilir: Test Cases/Popup/PopupButonSecilir

2021-11-18 12:23:46 - [TEST_STEP][PASSED] - Method.TextDegerineEsitElementeTikla(findTestObject("Popup/Popup_Butons"), Buton): Method.TextDegerineEsitElementeTikla is PASSED

2021-11-18 12:23:46 - [MESSAGE][INFO] - Finding Test Object 'Object Repository/Popup/Popup_Butons'

2021-11-18 12:23:46 - [MESSAGE][INFO] - Checking timeout

2021-11-18 12:23:46 - [MESSAGE][INFO] - Finding web element with id: 'Object Repository/Popup/Popup_Butons' located by 'By.cssSelector: .modal-footer>button' in '10' second(s)

2021-11-18 12:23:46 - [MESSAGE][INFO] - Smart Wait Function is triggered

2021-11-18 12:23:46 - [MESSAGE][INFO] - Found 1 web elements with id: 'Object Repository/Popup/Popup_Butons' located by 'By.cssSelector: .modal-footer>button' in '10' second(s)

2021-11-18 12:23:46 - [MESSAGE][PASSED] - Method.TextDegerineEsitElementeTikla is PASSED

2021-11-18 12:23:46 - [MESSAGE][PASSED] - Call Test Case 'Test Cases/Popup/PopupButonSecilir' successfully

2021-11-18 12:23:46 - [MESSAGE][INFO] - Checking called Test Case

2021-11-18 12:23:46 - [MESSAGE][INFO] - Starting to call Test Case 'Test Cases/Tablo/TablodanEttnliVeriSec'

2021-11-18 12:23:46 - [TEST_CASE][PASSED] - Test Cases/Tablo/TablodanEttnliVeriSec: Test Cases/Tablo/TablodanEttnliVeriSec

2021-11-18 12:23:46 - [TEST_STEP][PASSED] - Method.TextDegerineEsitElementinAltindakineTikla(findTestObject("Tablo/Veriler"), findTestObject("Tablo/VerininCheckBoxi"), ettn): Method.TextDegerineEsitElementinAltindakineTikla is PASSED

2021-11-18 12:23:46 - [MESSAGE][INFO] - Finding Test Object 'Object Repository/Tablo/Veriler'

2021-11-18 12:23:46 - [MESSAGE][INFO] - Finding Test Object 'Object Repository/Tablo/VerininCheckBoxi'

2021-11-18 12:23:47 - [MESSAGE][INFO] - Checking timeout

2021-11-18 12:23:47 - [MESSAGE][INFO] - Finding web element with id: 'Object Repository/Tablo/Veriler' located by 'By.cssSelector: td.dxgv b ,td.dxgv' in '10' second(s)

2021-11-18 12:23:47 - [MESSAGE][INFO] - Smart Wait Function is triggered

2021-11-18 12:23:47 - [MESSAGE][INFO] - Found 70 web elements with id: 'Object Repository/Tablo/Veriler' located by 'By.cssSelector: td.dxgv b ,td.dxgv' in '10' second(s)

2021-11-18 12:23:47 - [MESSAGE][INFO] - Smart Wait Function is triggered

2021-11-18 12:23:48 - [MESSAGE][PASSED] - Method.TextDegerineEsitElementinAltindakineTikla is PASSED

2021-11-18 12:23:48 - [MESSAGE][PASSED] - Call Test Case 'Test Cases/Tablo/TablodanEttnliVeriSec' successfully

2021-11-18 12:23:48 - [MESSAGE][INFO] - Checking called Test Case

2021-11-18 12:23:48 - [MESSAGE][INFO] - Starting to call Test Case 'Test Cases/Butonlar/ButonaTikla'

2021-11-18 12:23:48 - [TEST_CASE][PASSED] - Test Cases/Butonlar/ButonaTikla: Test Cases/Butonlar/ButonaTikla

2021-11-18 12:23:48 - [TEST_STEP][PASSED] - Method.TextDegerineEsitElementeTiklaEquals(findTestObject("Butonlar/Butonlar"), Buton_Adi): Method.TextDegerineEsitElementeTiklaEquals is PASSED

2021-11-18 12:23:48 - [MESSAGE][INFO] - Finding Test Object 'Object Repository/Butonlar/Butonlar'

2021-11-18 12:23:48 - [MESSAGE][INFO] - Checking timeout

2021-11-18 12:23:48 - [MESSAGE][INFO] - Finding web element with id: 'Object Repository/Butonlar/Butonlar' located by 'By.cssSelector: .panel.panel-default.text-center.footerPanel .btn,.btn.btn-primary.btnControls' in '10' second(s)

2021-11-18 12:23:48 - [MESSAGE][INFO] - Smart Wait Function is triggered

2021-11-18 12:23:48 - [MESSAGE][INFO] - Found 9 web elements with id: 'Object Repository/Butonlar/Butonlar' located by 'By.cssSelector: .panel.panel-default.text-center.footerPanel .btn,.btn.btn-primary.btnControls' in '10' second(s)

2021-11-18 12:23:49 - [MESSAGE][PASSED] - Method.TextDegerineEsitElementeTiklaEquals is PASSED

2021-11-18 12:23:49 - [MESSAGE][PASSED] - Call Test Case 'Test Cases/Butonlar/ButonaTikla' successfully

2021-11-18 12:23:49 - [MESSAGE][INFO] - Checking called Test Case

2021-11-18 12:23:49 - [MESSAGE][INFO] - Starting to call Test Case 'Test Cases/Popup/PopupMesajiIceriyorMu'

2021-11-18 12:23:49 - [TEST_CASE][PASSED] - Test Cases/Popup/PopupMesajiIceriyorMu: Test Cases/Popup/PopupMesajiIceriyorMu

2021-11-18 12:23:49 - [TEST_STEP][PASSED] - waitForElementVisible(findTestObject("Popup/Popup"), 10): Object 'Object Repository/Popup/Popup' is visible

2021-11-18 12:23:49 - [MESSAGE][INFO] - Finding Test Object 'Object Repository/Popup/Popup'

2021-11-18 12:23:49 - [MESSAGE][INFO] - Checking object

2021-11-18 12:23:49 - [MESSAGE][INFO] - Checking timeout

2021-11-18 12:23:49 - [MESSAGE][INFO] - Finding web element from Test Object's properties

2021-11-18 12:23:49 - [MESSAGE][INFO] - Checking timeout

2021-11-18 12:23:49 - [MESSAGE][INFO] - Finding web element with id: 'Object Repository/Popup/Popup' located by 'By.cssSelector: .bootbox-body' in '10' second(s)

2021-11-18 12:23:49 - [MESSAGE][INFO] - Smart Wait Function is triggered

2021-11-18 12:23:49 - [MESSAGE][INFO] - Found 1 web elements with id: 'Object Repository/Popup/Popup' located by 'By.cssSelector: .bootbox-body' in '10' second(s)

2021-11-18 12:23:49 - [MESSAGE][PASSED] - Object 'Object Repository/Popup/Popup' is visible

2021-11-18 12:23:49 - [TEST_STEP][PASSED] - if (!(getText(findTestObject("Popup/Popup")).contains(Mesaj))): Text of object 'Object Repository/Popup/Popup' is: 'Seçilen faturalarınız onaylanacaktır. Onaylanan faturalar üzerinde değişiklik yapılamaz. Devam etmek istiyor musunuz?'

2021-11-18 12:23:49 - [MESSAGE][INFO] - Finding Test Object 'Object Repository/Popup/Popup'

2021-11-18 12:23:49 - [MESSAGE][INFO] - Checking object

2021-11-18 12:23:49 - [MESSAGE][INFO] - Finding web element from Test Object's properties

2021-11-18 12:23:49 - [MESSAGE][INFO] - Checking timeout

2021-11-18 12:23:49 - [MESSAGE][INFO] - Finding web element with id: 'Object Repository/Popup/Popup' located by 'By.cssSelector: .bootbox-body' in '30' second(s)

2021-11-18 12:23:49 - [MESSAGE][INFO] - Smart Wait Function is triggered

2021-11-18 12:23:49 - [MESSAGE][INFO] - Found 1 web elements with id: 'Object Repository/Popup/Popup' located by 'By.cssSelector: .bootbox-body' in '30' second(s)

2021-11-18 12:23:49 - [MESSAGE][INFO] - Getting text of object 'Object Repository/Popup/Popup'

2021-11-18 12:23:49 - [MESSAGE][PASSED] - Text of object 'Object Repository/Popup/Popup' is: 'Seçilen faturalarınız onaylanacaktır. Onaylanan faturalar üzerinde değişiklik yapılamaz. Devam etmek istiyor musunuz?'

2021-11-18 12:23:49 - [TEST_STEP][PASSED] - RaporNo = getText(findTestObject("Popup/Popup")).substring(0, 6): Text of object 'Object Repository/Popup/Popup' is: 'Seçilen faturalarınız onaylanacaktır. Onaylanan faturalar üzerinde değişiklik yapılamaz. Devam etmek istiyor musunuz?'

2021-11-18 12:23:49 - [MESSAGE][INFO] - Finding Test Object 'Object Repository/Popup/Popup'

2021-11-18 12:23:49 - [MESSAGE][INFO] - Checking object

2021-11-18 12:23:49 - [MESSAGE][INFO] - Finding web element from Test Object's properties

2021-11-18 12:23:49 - [MESSAGE][INFO] - Checking timeout

2021-11-18 12:23:49 - [MESSAGE][INFO] - Finding web element with id: 'Object Repository/Popup/Popup' located by 'By.cssSelector: .bootbox-body' in '30' second(s)

2021-11-18 12:23:49 - [MESSAGE][INFO] - Smart Wait Function is triggered

2021-11-18 12:23:50 - [MESSAGE][INFO] - Found 1 web elements with id: 'Object Repository/Popup/Popup' located by 'By.cssSelector: .bootbox-body' in '30' second(s)

2021-11-18 12:23:50 - [MESSAGE][INFO] - Getting text of object 'Object Repository/Popup/Popup'

2021-11-18 12:23:50 - [MESSAGE][PASSED] - Text of object 'Object Repository/Popup/Popup' is: 'Seçilen faturalarınız onaylanacaktır. Onaylanan faturalar üzerinde değişiklik yapılamaz. Devam etmek istiyor musunuz?'

2021-11-18 12:23:50 - [TEST_STEP][PASSED] - Console.println(RaporNo): null

2021-11-18 12:23:50 - [MESSAGE][PASSED] - Call Test Case 'Test Cases/Popup/PopupMesajiIceriyorMu' successfully

2021-11-18 12:23:50 - [MESSAGE][INFO] - Checking called Test Case

2021-11-18 12:23:50 - [MESSAGE][INFO] - Starting to call Test Case 'Test Cases/Popup/PopupButonSecilir'

2021-11-18 12:23:50 - [TEST_CASE][PASSED] - Test Cases/Popup/PopupButonSecilir: Test Cases/Popup/PopupButonSecilir

2021-11-18 12:23:50 - [TEST_STEP][PASSED] - Method.TextDegerineEsitElementeTikla(findTestObject("Popup/Popup_Butons"), Buton): Method.TextDegerineEsitElementeTikla is PASSED

2021-11-18 12:23:50 - [MESSAGE][INFO] - Finding Test Object 'Object Repository/Popup/Popup_Butons'

2021-11-18 12:23:50 - [MESSAGE][INFO] - Checking timeout

2021-11-18 12:23:50 - [MESSAGE][INFO] - Finding web element with id: 'Object Repository/Popup/Popup_Butons' located by 'By.cssSelector: .modal-footer>button' in '10' second(s)

2021-11-18 12:23:50 - [MESSAGE][INFO] - Smart Wait Function is triggered

2021-11-18 12:23:50 - [MESSAGE][INFO] - Found 2 web elements with id: 'Object Repository/Popup/Popup_Butons' located by 'By.cssSelector: .modal-footer>button' in '10' second(s)

2021-11-18 12:23:50 - [MESSAGE][PASSED] - Method.TextDegerineEsitElementeTikla is PASSED

2021-11-18 12:23:50 - [MESSAGE][PASSED] - Call Test Case 'Test Cases/Popup/PopupButonSecilir' successfully

2021-11-18 12:23:50 - [MESSAGE][INFO] - Checking called Test Case

2021-11-18 12:23:50 - [MESSAGE][INFO] - Starting to call Test Case 'Test Cases/Menu/AnaMenuSecimi'

2021-11-18 12:23:50 - [TEST_CASE][PASSED] - Test Cases/Menu/AnaMenuSecimi: Test Cases/Menu/AnaMenuSecimi

2021-11-18 12:23:50 - [TEST_STEP][PASSED] - Method.TextDegerineEsitElementeTikla(findTestObject("Menu/Ana_Menu"), Ana_Menu): Method.TextDegerineEsitElementeTikla is PASSED

2021-11-18 12:23:50 - [MESSAGE][INFO] - Finding Test Object 'Object Repository/Menu/Ana_Menu'

2021-11-18 12:23:50 - [MESSAGE][INFO] - Checking timeout

2021-11-18 12:23:50 - [MESSAGE][INFO] - Finding web element with id: 'Object Repository/Menu/Ana_Menu' located by 'By.xpath: //*[@class = 'dropdown-toggle']' in '10' second(s)

2021-11-18 12:23:50 - [MESSAGE][INFO] - Smart Wait Function is triggered

2021-11-18 12:23:51 - [MESSAGE][INFO] - Found 13 web elements with id: 'Object Repository/Menu/Ana_Menu' located by 'By.xpath: //*[@class = 'dropdown-toggle']' in '10' second(s)

2021-11-18 12:23:51 - [MESSAGE][PASSED] - Method.TextDegerineEsitElementeTikla is PASSED

2021-11-18 12:23:51 - [MESSAGE][PASSED] - Call Test Case 'Test Cases/Menu/AnaMenuSecimi' successfully

2021-11-18 12:23:51 - [MESSAGE][INFO] - Checking called Test Case

2021-11-18 12:23:51 - [MESSAGE][INFO] - Starting to call Test Case 'Test Cases/Menu/BasligaGoreAltMenuSecimi'

2021-11-18 12:23:51 - [TEST_CASE][PASSED] - Test Cases/Menu/BasligaGoreAltMenuSecimi: Test Cases/Menu/BasligaGoreAltMenuSecimi

2021-11-18 12:23:51 - [TEST_STEP][PASSED] - Method.TextDegerineEsitElementinAltindakiTextDegerineEsitOlanaTikla(findTestObject("Menu/Menu_Basligi"), findTestObject("Menu/Basliga_Gore_Alt_Menu"), Baslik, Alt_Menu): Method.TextDegerineEsitElementinAltindakiTextDegerineEsitOlanaTikla is PASSED

2021-11-18 12:23:51 - [MESSAGE][INFO] - Finding Test Object 'Object Repository/Menu/Menu_Basligi'

2021-11-18 12:23:51 - [MESSAGE][INFO] - Finding Test Object 'Object Repository/Menu/Basliga_Gore_Alt_Menu'

2021-11-18 12:23:52 - [MESSAGE][INFO] - Checking timeout

2021-11-18 12:23:52 - [MESSAGE][INFO] - Finding web element with id: 'Object Repository/Menu/Menu_Basligi' located by 'By.xpath: //li[@class='dropdown dropdown-large open']//li[@class='dropdown-header']' in '10' second(s)

2021-11-18 12:23:52 - [MESSAGE][INFO] - Smart Wait Function is triggered

2021-11-18 12:23:52 - [MESSAGE][INFO] - Found 2 web elements with id: 'Object Repository/Menu/Menu_Basligi' located by 'By.xpath: //li[@class='dropdown dropdown-large open']//li[@class='dropdown-header']' in '10' second(s)

2021-11-18 12:23:52 - [MESSAGE][INFO] - Smart Wait Function is triggered

2021-11-18 12:23:53 - [MESSAGE][PASSED] - Method.TextDegerineEsitElementinAltindakiTextDegerineEsitOlanaTikla is PASSED

2021-11-18 12:23:53 - [MESSAGE][PASSED] - Call Test Case 'Test Cases/Menu/BasligaGoreAltMenuSecimi' successfully

2021-11-18 12:23:53 - [MESSAGE][INFO] - Checking called Test Case

2021-11-18 12:23:53 - [MESSAGE][INFO] - Starting to call Test Case 'Test Cases/Filtreler/EttnYaz'

2021-11-18 12:23:53 - [TEST_CASE][PASSED] - Test Cases/Filtreler/EttnYaz: Test Cases/Filtreler/EttnYaz

2021-11-18 12:23:53 - [TEST_STEP][PASSED] - Method.TextDegerineEsitElementinAltindakiTextboxtaYaz(findTestObject("Filtreler/Basliklar"), findTestObject("Filtreler/Basliga_Gore_Textbox"), "ETTN", ettn): Method.TextDegerineEsitElementinAltindakiTextboxtaYaz is PASSED

2021-11-18 12:23:53 - [MESSAGE][INFO] - Finding Test Object 'Object Repository/Filtreler/Basliklar'

2021-11-18 12:23:53 - [MESSAGE][INFO] - Finding Test Object 'Object Repository/Filtreler/Basliga_Gore_Textbox'

2021-11-18 12:23:53 - [MESSAGE][INFO] - Checking timeout

2021-11-18 12:23:53 - [MESSAGE][INFO] - Finding web element with id: 'Object Repository/Filtreler/Basliklar' located by 'By.cssSelector: .control-label.col-sm-4.paddingMarginRLC' in '10' second(s)

2021-11-18 12:23:53 - [MESSAGE][INFO] - Smart Wait Function is triggered

2021-11-18 12:23:53 - [MESSAGE][INFO] - Found 19 web elements with id: 'Object Repository/Filtreler/Basliklar' located by 'By.cssSelector: .control-label.col-sm-4.paddingMarginRLC' in '10' second(s)

2021-11-18 12:23:53 - [MESSAGE][INFO] - Smart Wait Function is triggered

2021-11-18 12:23:54 - [MESSAGE][PASSED] - Method.TextDegerineEsitElementinAltindakiTextboxtaYaz is PASSED

2021-11-18 12:23:54 - [MESSAGE][PASSED] - Call Test Case 'Test Cases/Filtreler/EttnYaz' successfully

2021-11-18 12:23:54 - [MESSAGE][INFO] - Checking called Test Case

2021-11-18 12:23:54 - [MESSAGE][INFO] - Starting to call Test Case 'Test Cases/Filtreler/ButonaTikla'

2021-11-18 12:23:54 - [TEST_CASE][PASSED] - Test Cases/Filtreler/ButonaTikla: Test Cases/Filtreler/ButonaTikla

2021-11-18 12:23:54 - [TEST_STEP][PASSED] - Method.TextDegerineEsitElementeTikla(findTestObject("Filtreler/Butonlar"), Filtre_Buton): Method.TextDegerineEsitElementeTikla is PASSED

2021-11-18 12:23:54 - [MESSAGE][INFO] - Finding Test Object 'Object Repository/Filtreler/Butonlar'

2021-11-18 12:23:54 - [MESSAGE][INFO] - Checking timeout

2021-11-18 12:23:54 - [MESSAGE][INFO] - Finding web element with id: 'Object Repository/Filtreler/Butonlar' located by 'By.cssSelector: .dxb>span' in '10' second(s)

2021-11-18 12:23:54 - [MESSAGE][INFO] - Smart Wait Function is triggered

2021-11-18 12:23:54 - [MESSAGE][INFO] - Found 3 web elements with id: 'Object Repository/Filtreler/Butonlar' located by 'By.cssSelector: .dxb>span' in '10' second(s)

2021-11-18 12:23:54 - [MESSAGE][PASSED] - Method.TextDegerineEsitElementeTikla is PASSED

2021-11-18 12:23:54 - [MESSAGE][PASSED] - Call Test Case 'Test Cases/Filtreler/ButonaTikla' successfully

2021-11-18 12:23:54 - [MESSAGE][INFO] - Checking called Test Case

2021-11-18 12:23:54 - [MESSAGE][INFO] - Starting to call Test Case 'Test Cases/Tablo/TablodaVeriVarMi'

2021-11-18 12:23:55 - [TEST_CASE][PASSED] - Test Cases/Tablo/TablodaVeriVarMi: Test Cases/Tablo/TablodaVeriVarMi

2021-11-18 12:23:55 - [TEST_STEP][PASSED] - verifyTextNotPresent("Görüntülenecek veri yok", true): Text 'Görüntülenecek veri yok' is not present on page using regular expression

2021-11-18 12:23:55 - [MESSAGE][INFO] - Checking text present  using regular expression

2021-11-18 12:23:55 - [MESSAGE][INFO] - Smart Wait Function is triggered

2021-11-18 12:23:55 - [MESSAGE][INFO] - Finding text 'Görüntülenecek veri yok' on page  using regular expression

2021-11-18 12:23:55 - [MESSAGE][PASSED] - Text 'Görüntülenecek veri yok' is not present on page using regular expression

2021-11-18 12:23:55 - [MESSAGE][PASSED] - Call Test Case 'Test Cases/Tablo/TablodaVeriVarMi' successfully

2021-11-18 12:23:55 - [MESSAGE][INFO] - Checking called Test Case

2021-11-18 12:23:55 - [MESSAGE][INFO] - Starting to call Test Case 'Test Cases/Tablo/TablodaVeriBasariliMiArsiv'

2021-11-18 12:23:55 - [TEST_CASE][PASSED] - Test Cases/Tablo/TablodaVeriBasariliMiArsiv: Test Cases/Tablo/TablodaVeriBasariliMiArsiv

2021-11-18 12:23:55 - [TEST_STEP][PASSED] - sayac = 80: null

2021-11-18 12:23:55 - [TEST_STEP][PASSED] - while (verifyElementText(findTestObject("Object Repository/Tablo/DurumBilgisiArsiv"), "Henüz Sonuçlanmadı", OPTIONAL)): Actual text 'Başarılı' and expected text 'Henüz Sonuçlanmadı' of test object 'Object Repository/Tablo/DurumBilgisiArsiv' are NOT matched. (Root cause: com.kms.katalon.core.exception.StepFailedException: Actual text 'Başarılı' and expected text 'Henüz Sonuçlanmadı' of test object 'Object Repository/Tablo/DurumBilgisiArsiv' are NOT matched.
	at com.kms.katalon.core.webui.keyword.internal.WebUIKeywordMain.stepFailed(WebUIKeywordMain.groovy:64)
	at com.kms.katalon.core.webui.keyword.builtin.VerifyElementTextKeyword$_verifyElementText_closure1.doCall(VerifyElementTextKeyword.groovy:57)
	at com.kms.katalon.core.webui.keyword.builtin.VerifyElementTextKeyword$_verifyElementText_closure1.call(VerifyElementTextKeyword.groovy)
	at com.kms.katalon.core.webui.keyword.internal.WebUIKeywordMain.runKeyword(WebUIKeywordMain.groovy:20)
	at com.kms.katalon.core.webui.keyword.builtin.VerifyElementTextKeyword.verifyElementText(VerifyElementTextKeyword.groovy:72)
	at com.kms.katalon.core.webui.keyword.builtin.VerifyElementTextKeyword.execute(VerifyElementTextKeyword.groovy:40)
	at com.kms.katalon.core.keyword.internal.KeywordExecutor.executeKeywordForPlatform(KeywordExecutor.groovy:73)
	at com.kms.katalon.core.webui.keyword.WebUiBuiltInKeywords.verifyElementText(WebUiBuiltInKeywords.groovy:4733)
	at com.kms.katalon.core.webui.keyword.WebUiBuiltInKeywords$verifyElementText$20.call(Unknown Source)
	at TablodaVeriBasariliMiArsiv.run(TablodaVeriBasariliMiArsiv:22)
	at com.kms.katalon.core.main.ScriptEngine.run(ScriptEngine.java:194)
	at com.kms.katalon.core.main.ScriptEngine.runScriptAsRawText(ScriptEngine.java:119)
	at com.kms.katalon.core.main.TestCaseExecutor.runScript(TestCaseExecutor.java:369)
	at com.kms.katalon.core.main.TestCaseExecutor.doExecute(TestCaseExecutor.java:360)
	at com.kms.katalon.core.main.TestCaseExecutor.processExecutionPhase(TestCaseExecutor.java:339)
	at com.kms.katalon.core.main.TestCaseExecutor.accessMainPhase(TestCaseExecutor.java:331)
	at com.kms.katalon.core.main.TestCaseExecutor.execute(TestCaseExecutor.java:248)
	at com.kms.katalon.core.main.TestCaseMain.runTestCase(TestCaseMain.java:138)
	at com.kms.katalon.core.keyword.builtin.CallTestCaseKeyword$_callTestCase_closure1.doCall(CallTestCaseKeyword.groovy:59)
	at com.kms.katalon.core.keyword.builtin.CallTestCaseKeyword$_callTestCase_closure1.call(CallTestCaseKeyword.groovy)
	at com.kms.katalon.core.keyword.internal.KeywordMain.runKeyword(KeywordMain.groovy:68)
	at com.kms.katalon.core.keyword.builtin.CallTestCaseKeyword.callTestCase(CallTestCaseKeyword.groovy:81)
	at com.kms.katalon.core.keyword.builtin.CallTestCaseKeyword.execute(CallTestCaseKeyword.groovy:44)
	at com.kms.katalon.core.keyword.internal.KeywordExecutor.executeKeywordForPlatform(KeywordExecutor.groovy:73)
	at com.kms.katalon.core.keyword.BuiltinKeywords.callTestCase(BuiltinKeywords.groovy:334)
	at tablo.tablo.tablodaVeriBasariliMiArsiv(tablo.groovy:95)
	at cucumber.runtime.Utils$1.call(Utils.java:26)
	at cucumber.runtime.Timeout.timeout(Timeout.java:16)
	at cucumber.runtime.Utils.invoke(Utils.java:20)
	at cucumber.runtime.java.JavaStepDefinition.execute(JavaStepDefinition.java:49)
	at cucumber.runner.PickleStepDefinitionMatch.runStep(PickleStepDefinitionMatch.java:50)
	at cucumber.runner.TestStep.executeStep(TestStep.java:63)
	at cucumber.runner.TestStep.run(TestStep.java:49)
	at cucumber.runner.PickleStepTestStep.run(PickleStepTestStep.java:43)
	at cucumber.runner.TestCase.run(TestCase.java:44)
	at cucumber.runner.Runner.runPickle(Runner.java:40)
	at cucumber.runtime.Runtime$1.run(Runtime.java:84)
	at cucumber.runtime.Runtime$SameThreadExecutorService.execute(Runtime.java:220)
	at cucumber.runtime.Runtime.run(Runtime.java:81)
	at cucumber.api.cli.Main.run(Main.java:26)
	at cucumber.api.cli.Main$run.call(Unknown Source)
	at com.kms.katalon.core.cucumber.keyword.CucumberBuiltinKeywords$_runFeatureFile_closure1.doCall(CucumberBuiltinKeywords.groovy:106)
	at com.kms.katalon.core.cucumber.keyword.CucumberBuiltinKeywords$_runFeatureFile_closure1.doCall(CucumberBuiltinKeywords.groovy)
	at com.kms.katalon.core.keyword.internal.KeywordMain.runKeyword(KeywordMain.groovy:68)
	at com.kms.katalon.core.keyword.internal.KeywordMain$runKeyword.call(Unknown Source)
	at com.kms.katalon.core.cucumber.keyword.CucumberBuiltinKeywords.runFeatureFile(CucumberBuiltinKeywords.groovy:73)
	at com.kms.katalon.core.cucumber.keyword.CucumberBuiltinKeywords$runFeatureFile$0.callStatic(Unknown Source)
	at com.kms.katalon.core.cucumber.keyword.CucumberBuiltinKeywords.runFeatureFile(CucumberBuiltinKeywords.groovy:246)
	at com.kms.katalon.core.cucumber.keyword.CucumberBuiltinKeywords$runFeatureFile.call(Unknown Source)
	at VKN-Kagit-Satis.run(VKN-Kagit-Satis:19)
	at com.kms.katalon.core.main.ScriptEngine.run(ScriptEngine.java:194)
	at com.kms.katalon.core.main.ScriptEngine.runScriptAsRawText(ScriptEngine.java:119)
	at com.kms.katalon.core.main.TestCaseExecutor.runScript(TestCaseExecutor.java:369)
	at com.kms.katalon.core.main.TestCaseExecutor.doExecute(TestCaseExecutor.java:360)
	at com.kms.katalon.core.main.TestCaseExecutor.processExecutionPhase(TestCaseExecutor.java:339)
	at com.kms.katalon.core.main.TestCaseExecutor.accessMainPhase(TestCaseExecutor.java:331)
	at com.kms.katalon.core.main.TestCaseExecutor.execute(TestCaseExecutor.java:248)
	at com.kms.katalon.core.main.TestSuiteExecutor.accessTestCaseMainPhase(TestSuiteExecutor.java:191)
	at com.kms.katalon.core.main.TestSuiteExecutor.accessTestSuiteMainPhase(TestSuiteExecutor.java:140)
	at com.kms.katalon.core.main.TestSuiteExecutor.execute(TestSuiteExecutor.java:89)
	at com.kms.katalon.core.main.TestCaseMain.startTestSuite(TestCaseMain.java:181)
	at com.kms.katalon.core.main.TestCaseMain$startTestSuite$0.call(Unknown Source)
	at TempTestSuite1637225344330.run(TempTestSuite1637225344330.groovy:39)
)

2021-11-18 12:23:55 - [MESSAGE][INFO] - Finding Test Object 'Object Repository/Tablo/DurumBilgisiArsiv'

2021-11-18 12:23:55 - [MESSAGE][INFO] - Checking object

2021-11-18 12:23:55 - [MESSAGE][INFO] - Finding web element from Test Object's properties

2021-11-18 12:23:55 - [MESSAGE][INFO] - Checking timeout

2021-11-18 12:23:55 - [MESSAGE][INFO] - Finding web element with id: 'Object Repository/Tablo/DurumBilgisiArsiv' located by 'By.xpath: //*[@id = 'GridViewEArchiveInvoices_tccell0_9']' in '30' second(s)

2021-11-18 12:23:55 - [MESSAGE][INFO] - Smart Wait Function is triggered

2021-11-18 12:23:56 - [MESSAGE][INFO] - Found 1 web elements with id: 'Object Repository/Tablo/DurumBilgisiArsiv' located by 'By.xpath: //*[@id = 'GridViewEArchiveInvoices_tccell0_9']' in '30' second(s)

2021-11-18 12:23:56 - [MESSAGE][WARNING] - Actual text 'Başarılı' and expected text 'Henüz Sonuçlanmadı' of test object 'Object Repository/Tablo/DurumBilgisiArsiv' are NOT matched. (Root cause: com.kms.katalon.core.exception.StepFailedException: Actual text 'Başarılı' and expected text 'Henüz Sonuçlanmadı' of test object 'Object Repository/Tablo/DurumBilgisiArsiv' are NOT matched.
	at com.kms.katalon.core.webui.keyword.internal.WebUIKeywordMain.stepFailed(WebUIKeywordMain.groovy:64)
	at com.kms.katalon.core.webui.keyword.builtin.VerifyElementTextKeyword$_verifyElementText_closure1.doCall(VerifyElementTextKeyword.groovy:57)
	at com.kms.katalon.core.webui.keyword.builtin.VerifyElementTextKeyword$_verifyElementText_closure1.call(VerifyElementTextKeyword.groovy)
	at com.kms.katalon.core.webui.keyword.internal.WebUIKeywordMain.runKeyword(WebUIKeywordMain.groovy:20)
	at com.kms.katalon.core.webui.keyword.builtin.VerifyElementTextKeyword.verifyElementText(VerifyElementTextKeyword.groovy:72)
	at com.kms.katalon.core.webui.keyword.builtin.VerifyElementTextKeyword.execute(VerifyElementTextKeyword.groovy:40)
	at com.kms.katalon.core.keyword.internal.KeywordExecutor.executeKeywordForPlatform(KeywordExecutor.groovy:73)
	at com.kms.katalon.core.webui.keyword.WebUiBuiltInKeywords.verifyElementText(WebUiBuiltInKeywords.groovy:4733)
	at com.kms.katalon.core.webui.keyword.WebUiBuiltInKeywords$verifyElementText$20.call(Unknown Source)
	at TablodaVeriBasariliMiArsiv.run(TablodaVeriBasariliMiArsiv:22)
	at com.kms.katalon.core.main.ScriptEngine.run(ScriptEngine.java:194)
	at com.kms.katalon.core.main.ScriptEngine.runScriptAsRawText(ScriptEngine.java:119)
	at com.kms.katalon.core.main.TestCaseExecutor.runScript(TestCaseExecutor.java:369)
	at com.kms.katalon.core.main.TestCaseExecutor.doExecute(TestCaseExecutor.java:360)
	at com.kms.katalon.core.main.TestCaseExecutor.processExecutionPhase(TestCaseExecutor.java:339)
	at com.kms.katalon.core.main.TestCaseExecutor.accessMainPhase(TestCaseExecutor.java:331)
	at com.kms.katalon.core.main.TestCaseExecutor.execute(TestCaseExecutor.java:248)
	at com.kms.katalon.core.main.TestCaseMain.runTestCase(TestCaseMain.java:138)
	at com.kms.katalon.core.keyword.builtin.CallTestCaseKeyword$_callTestCase_closure1.doCall(CallTestCaseKeyword.groovy:59)
	at com.kms.katalon.core.keyword.builtin.CallTestCaseKeyword$_callTestCase_closure1.call(CallTestCaseKeyword.groovy)
	at com.kms.katalon.core.keyword.internal.KeywordMain.runKeyword(KeywordMain.groovy:68)
	at com.kms.katalon.core.keyword.builtin.CallTestCaseKeyword.callTestCase(CallTestCaseKeyword.groovy:81)
	at com.kms.katalon.core.keyword.builtin.CallTestCaseKeyword.execute(CallTestCaseKeyword.groovy:44)
	at com.kms.katalon.core.keyword.internal.KeywordExecutor.executeKeywordForPlatform(KeywordExecutor.groovy:73)
	at com.kms.katalon.core.keyword.BuiltinKeywords.callTestCase(BuiltinKeywords.groovy:334)
	at tablo.tablo.tablodaVeriBasariliMiArsiv(tablo.groovy:95)
	at cucumber.runtime.Utils$1.call(Utils.java:26)
	at cucumber.runtime.Timeout.timeout(Timeout.java:16)
	at cucumber.runtime.Utils.invoke(Utils.java:20)
	at cucumber.runtime.java.JavaStepDefinition.execute(JavaStepDefinition.java:49)
	at cucumber.runner.PickleStepDefinitionMatch.runStep(PickleStepDefinitionMatch.java:50)
	at cucumber.runner.TestStep.executeStep(TestStep.java:63)
	at cucumber.runner.TestStep.run(TestStep.java:49)
	at cucumber.runner.PickleStepTestStep.run(PickleStepTestStep.java:43)
	at cucumber.runner.TestCase.run(TestCase.java:44)
	at cucumber.runner.Runner.runPickle(Runner.java:40)
	at cucumber.runtime.Runtime$1.run(Runtime.java:84)
	at cucumber.runtime.Runtime$SameThreadExecutorService.execute(Runtime.java:220)
	at cucumber.runtime.Runtime.run(Runtime.java:81)
	at cucumber.api.cli.Main.run(Main.java:26)
	at cucumber.api.cli.Main$run.call(Unknown Source)
	at com.kms.katalon.core.cucumber.keyword.CucumberBuiltinKeywords$_runFeatureFile_closure1.doCall(CucumberBuiltinKeywords.groovy:106)
	at com.kms.katalon.core.cucumber.keyword.CucumberBuiltinKeywords$_runFeatureFile_closure1.doCall(CucumberBuiltinKeywords.groovy)
	at com.kms.katalon.core.keyword.internal.KeywordMain.runKeyword(KeywordMain.groovy:68)
	at com.kms.katalon.core.keyword.internal.KeywordMain$runKeyword.call(Unknown Source)
	at com.kms.katalon.core.cucumber.keyword.CucumberBuiltinKeywords.runFeatureFile(CucumberBuiltinKeywords.groovy:73)
	at com.kms.katalon.core.cucumber.keyword.CucumberBuiltinKeywords$runFeatureFile$0.callStatic(Unknown Source)
	at com.kms.katalon.core.cucumber.keyword.CucumberBuiltinKeywords.runFeatureFile(CucumberBuiltinKeywords.groovy:246)
	at com.kms.katalon.core.cucumber.keyword.CucumberBuiltinKeywords$runFeatureFile.call(Unknown Source)
	at VKN-Kagit-Satis.run(VKN-Kagit-Satis:19)
	at com.kms.katalon.core.main.ScriptEngine.run(ScriptEngine.java:194)
	at com.kms.katalon.core.main.ScriptEngine.runScriptAsRawText(ScriptEngine.java:119)
	at com.kms.katalon.core.main.TestCaseExecutor.runScript(TestCaseExecutor.java:369)
	at com.kms.katalon.core.main.TestCaseExecutor.doExecute(TestCaseExecutor.java:360)
	at com.kms.katalon.core.main.TestCaseExecutor.processExecutionPhase(TestCaseExecutor.java:339)
	at com.kms.katalon.core.main.TestCaseExecutor.accessMainPhase(TestCaseExecutor.java:331)
	at com.kms.katalon.core.main.TestCaseExecutor.execute(TestCaseExecutor.java:248)
	at com.kms.katalon.core.main.TestSuiteExecutor.accessTestCaseMainPhase(TestSuiteExecutor.java:191)
	at com.kms.katalon.core.main.TestSuiteExecutor.accessTestSuiteMainPhase(TestSuiteExecutor.java:140)
	at com.kms.katalon.core.main.TestSuiteExecutor.execute(TestSuiteExecutor.java:89)
	at com.kms.katalon.core.main.TestCaseMain.startTestSuite(TestCaseMain.java:181)
	at com.kms.katalon.core.main.TestCaseMain$startTestSuite$0.call(Unknown Source)
	at TempTestSuite1637225344330.run(TempTestSuite1637225344330.groovy:39)
)

2021-11-18 12:23:56 - [TEST_STEP][PASSED] - Method.TextDegerineEsitElementVarMi(findTestObject("Object Repository/Tablo/DurumBilgisiArsiv"), "Başarılı"): Method.TextDegerineEsitElementVarMi is PASSED

2021-11-18 12:23:56 - [MESSAGE][INFO] - Finding Test Object 'Object Repository/Tablo/DurumBilgisiArsiv'

2021-11-18 12:23:56 - [MESSAGE][INFO] - Checking timeout

2021-11-18 12:23:56 - [MESSAGE][INFO] - Finding web element with id: 'Object Repository/Tablo/DurumBilgisiArsiv' located by 'By.xpath: //*[@id = 'GridViewEArchiveInvoices_tccell0_9']' in '10' second(s)

2021-11-18 12:23:56 - [MESSAGE][INFO] - Smart Wait Function is triggered

2021-11-18 12:23:56 - [MESSAGE][INFO] - Found 1 web elements with id: 'Object Repository/Tablo/DurumBilgisiArsiv' located by 'By.xpath: //*[@id = 'GridViewEArchiveInvoices_tccell0_9']' in '10' second(s)

2021-11-18 12:23:56 - [MESSAGE][PASSED] - Method.TextDegerineEsitElementVarMi is PASSED

2021-11-18 12:23:56 - [MESSAGE][PASSED] - Call Test Case 'Test Cases/Tablo/TablodaVeriBasariliMiArsiv' successfully

2021-11-18 12:23:56 - [MESSAGE][INFO] - Checking called Test Case

2021-11-18 12:23:56 - [MESSAGE][INFO] - Starting to call Test Case 'Test Cases/Kullanici_Islemleri/KullaniciIslemlerindenSecimYapilir'

2021-11-18 12:23:56 - [TEST_CASE][PASSED] - Test Cases/Kullanici_Islemleri/KullaniciIslemlerindenSecimYapilir: Test Cases/Kullanici_Islemleri/KullaniciIslemlerindenSecimYapilir

2021-11-18 12:23:56 - [TEST_STEP][PASSED] - waitForElementClickable(findTestObject("Object Repository/Kullanici_Islemleri/KullaniciIslemleri"), 10): Object 'Object Repository/Kullanici_Islemleri/KullaniciIslemleri' is clickable

2021-11-18 12:23:56 - [MESSAGE][INFO] - Finding Test Object 'Object Repository/Kullanici_Islemleri/KullaniciIslemleri'

2021-11-18 12:23:56 - [MESSAGE][INFO] - Checking object

2021-11-18 12:23:56 - [MESSAGE][INFO] - Checking timeout

2021-11-18 12:23:56 - [MESSAGE][INFO] - Finding web element from Test Object's properties

2021-11-18 12:23:56 - [MESSAGE][INFO] - Checking timeout

2021-11-18 12:23:56 - [MESSAGE][INFO] - Finding web element with id: 'Object Repository/Kullanici_Islemleri/KullaniciIslemleri' located by 'By.cssSelector: .dropdown>a>img' in '10' second(s)

2021-11-18 12:23:56 - [MESSAGE][INFO] - Smart Wait Function is triggered

2021-11-18 12:23:56 - [MESSAGE][INFO] - Found 1 web elements with id: 'Object Repository/Kullanici_Islemleri/KullaniciIslemleri' located by 'By.cssSelector: .dropdown>a>img' in '10' second(s)

2021-11-18 12:23:56 - [MESSAGE][PASSED] - Object 'Object Repository/Kullanici_Islemleri/KullaniciIslemleri' is clickable

2021-11-18 12:23:56 - [TEST_STEP][PASSED] - click(findTestObject("Object Repository/Kullanici_Islemleri/KullaniciIslemleri")): Object: 'Object Repository/Kullanici_Islemleri/KullaniciIslemleri' is clicked on

2021-11-18 12:23:56 - [MESSAGE][INFO] - Finding Test Object 'Object Repository/Kullanici_Islemleri/KullaniciIslemleri'

2021-11-18 12:23:56 - [MESSAGE][INFO] - Checking object

2021-11-18 12:23:56 - [MESSAGE][INFO] - Finding web element from Test Object's properties

2021-11-18 12:23:56 - [MESSAGE][INFO] - Checking timeout

2021-11-18 12:23:56 - [MESSAGE][INFO] - Finding web element with id: 'Object Repository/Kullanici_Islemleri/KullaniciIslemleri' located by 'By.cssSelector: .dropdown>a>img' in '30' second(s)

2021-11-18 12:23:56 - [MESSAGE][INFO] - Smart Wait Function is triggered

2021-11-18 12:23:57 - [MESSAGE][INFO] - Found 1 web elements with id: 'Object Repository/Kullanici_Islemleri/KullaniciIslemleri' located by 'By.cssSelector: .dropdown>a>img' in '30' second(s)

2021-11-18 12:23:57 - [MESSAGE][INFO] - Clicking on object: 'Object Repository/Kullanici_Islemleri/KullaniciIslemleri'

2021-11-18 12:23:57 - [MESSAGE][PASSED] - Object: 'Object Repository/Kullanici_Islemleri/KullaniciIslemleri' is clicked on

2021-11-18 12:23:57 - [TEST_STEP][PASSED] - Method.TextDegerineEsitElementeTikla(findTestObject("Object Repository/Kullanici_Islemleri/Secenekler"), Islem): Method.TextDegerineEsitElementeTikla is PASSED

2021-11-18 12:23:57 - [MESSAGE][INFO] - Finding Test Object 'Object Repository/Kullanici_Islemleri/Secenekler'

2021-11-18 12:23:57 - [MESSAGE][INFO] - Checking timeout

2021-11-18 12:23:57 - [MESSAGE][INFO] - Finding web element with id: 'Object Repository/Kullanici_Islemleri/Secenekler' located by 'By.cssSelector: .nav.navbar-nav.navbar-right li a' in '10' second(s)

2021-11-18 12:23:57 - [MESSAGE][INFO] - Smart Wait Function is triggered

2021-11-18 12:23:57 - [MESSAGE][INFO] - Found 20 web elements with id: 'Object Repository/Kullanici_Islemleri/Secenekler' located by 'By.cssSelector: .nav.navbar-nav.navbar-right li a' in '10' second(s)

2021-11-18 12:23:59 - [MESSAGE][PASSED] - Method.TextDegerineEsitElementeTikla is PASSED

2021-11-18 12:23:59 - [TEST_STEP][PASSED] - verifyElementNotPresent(findTestObject("Object Repository/Kullanici_Islemleri/Secenekler"), 10): Web element with id: 'Object Repository/Kullanici_Islemleri/Secenekler' located by 'By.cssSelector: .nav.navbar-nav.navbar-right li a' is not present after '10' second(s)

2021-11-18 12:23:59 - [MESSAGE][INFO] - Finding Test Object 'Object Repository/Kullanici_Islemleri/Secenekler'

2021-11-18 12:23:59 - [MESSAGE][INFO] - Checking object

2021-11-18 12:23:59 - [MESSAGE][INFO] - Checking timeout

2021-11-18 12:23:59 - [MESSAGE][INFO] - Finding web element with id: 'Object Repository/Kullanici_Islemleri/Secenekler' located by 'By.cssSelector: .nav.navbar-nav.navbar-right li a' in '10' second(s)

2021-11-18 12:23:59 - [MESSAGE][INFO] - Smart Wait Function is triggered

2021-11-18 12:23:59 - [MESSAGE][PASSED] - Web element with id: 'Object Repository/Kullanici_Islemleri/Secenekler' located by 'By.cssSelector: .nav.navbar-nav.navbar-right li a' is not present after '10' second(s)

2021-11-18 12:23:59 - [MESSAGE][PASSED] - Call Test Case 'Test Cases/Kullanici_Islemleri/KullaniciIslemlerindenSecimYapilir' successfully

2021-11-18 12:23:59 - [TEST_CASE][PASSED] - Start Test Case : SCENARIO Gonderim tipi Kagit ve Satis tipinde e-Arsiv faturasi olusturulmasi: SCENARIO Gonderim tipi Kagit ve Satis tipinde e-Arsiv faturasi olusturulmasi

2021-11-18 12:23:59 - [TEST_STEP][PASSED] - Kullanıcı adı EARSATIS ve Şifre test1234 olarak giriş yapılır: Kullanıcı adı EARSATIS ve Şifre test1234 olarak giriş yapılır

2021-11-18 12:23:59 - [MESSAGE][PASSED] - Kullanıcı adı EARSATIS ve Şifre test1234 olarak giriş yapılır

2021-11-18 12:23:59 - [TEST_STEP][PASSED] - Ana menüden e-Arşiv seçilir: Ana menüden e-Arşiv seçilir

2021-11-18 12:23:59 - [MESSAGE][PASSED] - Ana menüden e-Arşiv seçilir

2021-11-18 12:23:59 - [TEST_STEP][PASSED] - Alt menü e-Arşiv Araçları başlığı altındaki e-Arşiv Fatura Oluşturma seçilir: Alt menü e-Arşiv Araçları başlığı altındaki e-Arşiv Fatura Oluşturma seçilir

2021-11-18 12:23:59 - [MESSAGE][PASSED] - Alt menü e-Arşiv Araçları başlığı altındaki e-Arşiv Fatura Oluşturma seçilir

2021-11-18 12:23:59 - [TEST_STEP][PASSED] - Tablodaki tüm veriler silinir: Tablodaki tüm veriler silinir

2021-11-18 12:23:59 - [MESSAGE][PASSED] - Tablodaki tüm veriler silinir

2021-11-18 12:23:59 - [TEST_STEP][PASSED] - Butonlardan Ekle isimli butona tıklanır: Butonlardan Ekle isimli butona tıklanır

2021-11-18 12:23:59 - [MESSAGE][PASSED] - Butonlardan Ekle isimli butona tıklanır

2021-11-18 12:23:59 - [TEST_STEP][PASSED] - Görsel tasarım sayfasının e-Arşiv Fatura Bilgileri başlığını içerdiği kontrol edilir: Görsel tasarım sayfasının e-Arşiv Fatura Bilgileri başlığını içerdiği kontrol edilir

2021-11-18 12:23:59 - [MESSAGE][PASSED] - Görsel tasarım sayfasının e-Arşiv Fatura Bilgileri başlığını içerdiği kontrol edilir

2021-11-18 12:23:59 - [TEST_STEP][PASSED] - Alıcı adı alanına UC0015 girilir: Alıcı adı alanına UC0015 girilir

2021-11-18 12:23:59 - [MESSAGE][PASSED] - Alıcı adı alanına UC0015 girilir

2021-11-18 12:23:59 - [TEST_STEP][PASSED] - Gönderim Şekli Kağıt olarak seçilir: Gönderim Şekli Kağıt olarak seçilir

2021-11-18 12:23:59 - [MESSAGE][PASSED] - Gönderim Şekli Kağıt olarak seçilir

2021-11-18 12:23:59 - [TEST_STEP][PASSED] - Tip alanından Satış seçilir: Tip alanından Satış seçilir

2021-11-18 12:23:59 - [MESSAGE][PASSED] - Tip alanından Satış seçilir

2021-11-18 12:23:59 - [TEST_STEP][PASSED] - Döküman Para Birimi alanından Türk Lirası seçilir: Döküman Para Birimi alanından Türk Lirası seçilir

2021-11-18 12:23:59 - [MESSAGE][PASSED] - Döküman Para Birimi alanından Türk Lirası seçilir

2021-11-18 12:23:59 - [TEST_STEP][PASSED] - Ön Ek EAR olarak seçilir: Ön Ek EAR olarak seçilir

2021-11-18 12:23:59 - [MESSAGE][PASSED] - Ön Ek EAR olarak seçilir

2021-11-18 12:23:59 - [TEST_STEP][PASSED] - Tasarım alanından Otomasyon seçilir: Tasarım alanından Otomasyon seçilir

2021-11-18 12:23:59 - [MESSAGE][PASSED] - Tasarım alanından Otomasyon seçilir

2021-11-18 12:23:59 - [TEST_STEP][PASSED] - Sipariş bilgileri UUC-SAT-1200001 ve 31.04.2020 olarak girilir: Sipariş bilgileri UUC-SAT-1200001 ve 31.04.2020 olarak girilir

2021-11-18 12:23:59 - [MESSAGE][PASSED] - Sipariş bilgileri UUC-SAT-1200001 ve 31.04.2020 olarak girilir

2021-11-18 12:23:59 - [TEST_STEP][PASSED] - İrsaliye Bilgileri AAAAAAAAAA,31.04.2020 olarak girilir: İrsaliye Bilgileri AAAAAAAAAA,31.04.2020 olarak girilir

2021-11-18 12:23:59 - [MESSAGE][PASSED] - İrsaliye Bilgileri AAAAAAAAAA,31.04.2020 olarak girilir

2021-11-18 12:23:59 - [TEST_STEP][PASSED] - Ekle butonuna basılır: Ekle butonuna basılır

2021-11-18 12:23:59 - [MESSAGE][PASSED] - Ekle butonuna basılır

2021-11-18 12:23:59 - [TEST_STEP][PASSED] - Ürün ekleme alanında Mal/Hizmet başlığına Otomasyon girilir: Ürün ekleme alanında Mal/Hizmet başlığına Otomasyon girilir

2021-11-18 12:23:59 - [MESSAGE][PASSED] - Ürün ekleme alanında Mal/Hizmet başlığına Otomasyon girilir

2021-11-18 12:23:59 - [TEST_STEP][PASSED] - Ürün ekleme alanında Açıklaması başlığına Virgosol girilir: Ürün ekleme alanında Açıklaması başlığına Virgosol girilir

2021-11-18 12:23:59 - [MESSAGE][PASSED] - Ürün ekleme alanında Açıklaması başlığına Virgosol girilir

2021-11-18 12:23:59 - [TEST_STEP][PASSED] - Ürün ekleme alanında Miktarı başlığına 400 girilir: Ürün ekleme alanında Miktarı başlığına 400 girilir

2021-11-18 12:23:59 - [MESSAGE][PASSED] - Ürün ekleme alanında Miktarı başlığına 400 girilir

2021-11-18 12:23:59 - [TEST_STEP][PASSED] - Ürün ekleme alanında Birim Fiyat başlığına 100 girilir: Ürün ekleme alanında Birim Fiyat başlığına 100 girilir

2021-11-18 12:23:59 - [MESSAGE][PASSED] - Ürün ekleme alanında Birim Fiyat başlığına 100 girilir

2021-11-18 12:23:59 - [TEST_STEP][PASSED] - Ürün ekleme alanında İskonto Oranı % başlığına 10 girilir: Ürün ekleme alanında İskonto Oranı % başlığına 10 girilir

2021-11-18 12:23:59 - [MESSAGE][PASSED] - Ürün ekleme alanında İskonto Oranı % başlığına 10 girilir

2021-11-18 12:23:59 - [TEST_STEP][PASSED] - Notlar alanına Otomasyon Not girilir: Notlar alanına Otomasyon Not girilir

2021-11-18 12:23:59 - [MESSAGE][PASSED] - Notlar alanına Otomasyon Not girilir

2021-11-18 12:23:59 - [TEST_STEP][PASSED] - Ettn bilgisi kayıt edilir: Ettn bilgisi kayıt edilir

2021-11-18 12:23:59 - [MESSAGE][PASSED] - Ettn bilgisi kayıt edilir

2021-11-18 12:23:59 - [TEST_STEP][PASSED] - Kaydet butonu seçilir: Kaydet butonu seçilir

2021-11-18 12:23:59 - [MESSAGE][PASSED] - Kaydet butonu seçilir

2021-11-18 12:23:59 - [TEST_STEP][PASSED] - Tabloda Ettn bilgisi kaydedilen veri oluşturuldu mu: Tabloda Ettn bilgisi kaydedilen veri oluşturuldu mu

2021-11-18 12:23:59 - [MESSAGE][PASSED] - Tabloda Ettn bilgisi kaydedilen veri oluşturuldu mu

2021-11-18 12:23:59 - [TEST_STEP][PASSED] - Tablodan Ettn bilgisi kaydedilen veri seçilir: Tablodan Ettn bilgisi kaydedilen veri seçilir

2021-11-18 12:23:59 - [MESSAGE][PASSED] - Tablodan Ettn bilgisi kaydedilen veri seçilir

2021-11-18 12:23:59 - [TEST_STEP][PASSED] - Butonlardan Numara Oluştur isimli butona tıklanır: Butonlardan Numara Oluştur isimli butona tıklanır

2021-11-18 12:23:59 - [MESSAGE][PASSED] - Butonlardan Numara Oluştur isimli butona tıklanır

2021-11-18 12:23:59 - [TEST_STEP][PASSED] - Popup mesajı Devam etmek istiyor musunuz içeriyor mu: Popup mesajı Devam etmek istiyor musunuz içeriyor mu

2021-11-18 12:23:59 - [MESSAGE][PASSED] - Popup mesajı Devam etmek istiyor musunuz içeriyor mu

2021-11-18 12:23:59 - [TEST_STEP][PASSED] - Yönetim popupında Evet seçilir: Yönetim popupında Evet seçilir

2021-11-18 12:23:59 - [MESSAGE][PASSED] - Yönetim popupında Evet seçilir

2021-11-18 12:23:59 - [TEST_STEP][PASSED] - Popup mesajı oluşmuştur içeriyor mu: Popup mesajı oluşmuştur içeriyor mu

2021-11-18 12:23:59 - [MESSAGE][PASSED] - Popup mesajı oluşmuştur içeriyor mu

2021-11-18 12:23:59 - [TEST_STEP][PASSED] - Yönetim popupında Tamam seçilir: Yönetim popupında Tamam seçilir

2021-11-18 12:23:59 - [MESSAGE][PASSED] - Yönetim popupında Tamam seçilir

2021-11-18 12:23:59 - [TEST_STEP][PASSED] - Tablodan Ettn bilgisi kaydedilen veri seçilir: Tablodan Ettn bilgisi kaydedilen veri seçilir

2021-11-18 12:23:59 - [MESSAGE][PASSED] - Tablodan Ettn bilgisi kaydedilen veri seçilir

2021-11-18 12:23:59 - [TEST_STEP][PASSED] - Butonlardan Gönder isimli butona tıklanır: Butonlardan Gönder isimli butona tıklanır

2021-11-18 12:23:59 - [MESSAGE][PASSED] - Butonlardan Gönder isimli butona tıklanır

2021-11-18 12:23:59 - [TEST_STEP][PASSED] - Popup mesajı Devam etmek istiyor musunuz içeriyor mu: Popup mesajı Devam etmek istiyor musunuz içeriyor mu

2021-11-18 12:23:59 - [MESSAGE][PASSED] - Popup mesajı Devam etmek istiyor musunuz içeriyor mu

2021-11-18 12:23:59 - [TEST_STEP][PASSED] - Yönetim popupında Evet seçilir: Yönetim popupında Evet seçilir

2021-11-18 12:23:59 - [MESSAGE][PASSED] - Yönetim popupında Evet seçilir

2021-11-18 12:23:59 - [TEST_STEP][PASSED] - Ana menüden e-Arşiv seçilir: Ana menüden e-Arşiv seçilir

2021-11-18 12:23:59 - [MESSAGE][PASSED] - Ana menüden e-Arşiv seçilir

2021-11-18 12:23:59 - [TEST_STEP][PASSED] - Alt menü e-Arşiv Hareketleri başlığı altındaki e-Arşiv Faturaları seçilir: Alt menü e-Arşiv Hareketleri başlığı altındaki e-Arşiv Faturaları seçilir

2021-11-18 12:23:59 - [MESSAGE][PASSED] - Alt menü e-Arşiv Hareketleri başlığı altındaki e-Arşiv Faturaları seçilir

2021-11-18 12:23:59 - [TEST_STEP][PASSED] - Filtrelerden Ettn filtresine Ettn bilgisi yaz: Filtrelerden Ettn filtresine Ettn bilgisi yaz

2021-11-18 12:23:59 - [MESSAGE][PASSED] - Filtrelerden Ettn filtresine Ettn bilgisi yaz

2021-11-18 12:23:59 - [TEST_STEP][PASSED] - Filtre butonlarından Listele seçilir: Filtre butonlarından Listele seçilir

2021-11-18 12:23:59 - [MESSAGE][PASSED] - Filtre butonlarından Listele seçilir

2021-11-18 12:23:59 - [TEST_STEP][PASSED] - Tabloda veri var mı kontrol edilir: Tabloda veri var mı kontrol edilir

2021-11-18 12:23:59 - [MESSAGE][PASSED] - Tabloda veri var mı kontrol edilir

2021-11-18 12:23:59 - [TEST_STEP][PASSED] - Tabloda yeni oluşturulan eArsiv verisi başarılı mı: Tabloda yeni oluşturulan eArsiv verisi başarılı mı

2021-11-18 12:23:59 - [MESSAGE][PASSED] - Tabloda yeni oluşturulan eArsiv verisi başarılı mı

2021-11-18 12:23:59 - [TEST_STEP][PASSED] - Kullanıcı işlemlerinden Çıkış seçilir: Kullanıcı işlemlerinden Çıkış seçilir

2021-11-18 12:23:59 - [MESSAGE][PASSED] - Kullanıcı işlemlerinden Çıkış seçilir

2021-11-18 12:23:59 - [MESSAGE][PASSED] - Feature file: 'Include/features/Regresyon/e-Arsiv/VKN-Kagit-Satis.feature' was passed

2021-11-18 12:23:59 - [TEST_STEP][PASSED] - Start listener action : sampleAfterTestSuite: Invoke 'com.kms.katalon.core.annotation.AfterTestCase' method: 'Listener.sampleAfterTestSuite(...)' completed.

2021-11-18 12:23:59 - [MESSAGE][INFO] - Starting invoke 'com.kms.katalon.core.annotation.AfterTestCase' method: 'Listener.sampleAfterTestSuite(...)'

2021-11-18 12:23:59 - [TEST_STEP][PASSED] - closeBrowser(): Invoke 'com.kms.katalon.core.annotation.AfterTestCase' method: 'Listener.sampleAfterTestSuite(...)' completed.

2021-11-18 12:23:59 - [MESSAGE][INFO] - Closing browser

2021-11-18 12:24:00 - [MESSAGE][PASSED] - Browser is closed

2021-11-18 12:24:00 - [MESSAGE][INFO] - Invoke 'com.kms.katalon.core.annotation.AfterTestCase' method: 'Listener.sampleAfterTestSuite(...)' completed.]]></system-out>
         <system-err><![CDATA[]]></system-err>
      </testcase>
      <testcase name="Test Cases/Case Repository/Regresyon/e-Arsiv/VKN-Kagit-Tevkifat" time="111.182" classname="Test Cases/Case Repository/Regresyon/e-Arsiv/VKN-Kagit-Tevkifat" status="PASSED">
         <system-out><![CDATA[2021-11-18 12:24:00 - [TEST_CASE][PASSED] - Test Cases/Case Repository/Regresyon/e-Arsiv/VKN-Kagit-Tevkifat: Test Cases/Case Repository/Regresyon/e-Arsiv/VKN-Kagit-Tevkifat

2021-11-18 12:24:00 - [TEST_STEP][PASSED] - Start listener action : sampleBeforeTestSuite: Invoke 'com.kms.katalon.core.annotation.BeforeTestCase' method: 'Listener.sampleBeforeTestSuite(...)' completed.

2021-11-18 12:24:00 - [MESSAGE][INFO] - Starting invoke 'com.kms.katalon.core.annotation.BeforeTestCase' method: 'Listener.sampleBeforeTestSuite(...)'

2021-11-18 12:24:00 - [TEST_STEP][PASSED] - openBrowser(baseUrl): Browser is opened with url: 'https://efatura-stage.elogo.com.tr/'

2021-11-18 12:24:00 - [MESSAGE][INFO] - Opening browser

2021-11-18 12:24:00 - [MESSAGE][INFO] - Starting 'Chrome' driver

2021-11-18 12:24:00 - [MESSAGE][INFO] - User set preference: ['prefs', '{download.default_directory=C:\otomasyondownfiles}']

2021-11-18 12:24:00 - [MESSAGE][INFO] - Action delay is set to 0 milliseconds

2021-11-18 12:24:01 - [MESSAGE][INFO] - Navigating browser to: 'https://efatura-stage.elogo.com.tr/'

2021-11-18 12:24:05 - [MESSAGE][PASSED] - Browser is opened with url: 'https://efatura-stage.elogo.com.tr/'

2021-11-18 12:24:05 - [TEST_STEP][PASSED] - maximizeWindow(): Invoke 'com.kms.katalon.core.annotation.BeforeTestCase' method: 'Listener.sampleBeforeTestSuite(...)' completed.

2021-11-18 12:24:05 - [MESSAGE][INFO] - Maximizing current window

2021-11-18 12:24:05 - [MESSAGE][PASSED] - Current window maximized

2021-11-18 12:24:05 - [MESSAGE][INFO] - Invoke 'com.kms.katalon.core.annotation.BeforeTestCase' method: 'Listener.sampleBeforeTestSuite(...)' completed.

2021-11-18 12:24:05 - [TEST_STEP][PASSED] - runFeatureFile("Include/features/Regresyon/e-Arsiv/VKN-Kagit-Tevkifat.feature"): Feature file: 'Include/features/Regresyon/e-Arsiv/VKN-Kagit-Tevkifat.feature' was passed

2021-11-18 12:24:05 - [MESSAGE][INFO] - Starting run keyword runFeatureFile: 'Include/features/Regresyon/e-Arsiv/VKN-Kagit-Tevkifat.feature' and extract report to folder: 'C:\Users\DELL\Documents\GitHub\EES_KatalonLogo\Reports\20211118_114904\Suite Repository\Regresyon-eArsiv-eMakbuz\20211118_114904/cucumber_report/1637227445874'...

2021-11-18 12:24:05 - [MESSAGE][INFO] - Glue: []

2021-11-18 12:24:06 - [MESSAGE][INFO] - Checking called Test Case

2021-11-18 12:24:06 - [MESSAGE][INFO] - Starting to call Test Case 'Test Cases/Sayfalar/Giris_Sayfasi/Login'

2021-11-18 12:24:07 - [TEST_CASE][PASSED] - Test Cases/Sayfalar/Giris_Sayfasi/Login: Test Cases/Sayfalar/Giris_Sayfasi/Login

2021-11-18 12:24:07 - [TEST_STEP][PASSED] - Sayfa_Basligi = getWindowTitle(): Current window's title is: 'LOGO e-Fatura'

2021-11-18 12:24:07 - [MESSAGE][INFO] - Getting current window's title

2021-11-18 12:24:07 - [MESSAGE][PASSED] - Current window's title is: 'LOGO e-Fatura'

2021-11-18 12:24:07 - [TEST_STEP][PASSED] - verifyMatch(Sayfa_Basligi, "LOGO e-Fatura", false): Actual text 'LOGO e-Fatura' and expected text 'LOGO e-Fatura' are matched 

2021-11-18 12:24:07 - [MESSAGE][INFO] - Matching actual text 'LOGO e-Fatura' with expected text 'LOGO e-Fatura'

2021-11-18 12:24:07 - [MESSAGE][PASSED] - Actual text 'LOGO e-Fatura' and expected text 'LOGO e-Fatura' are matched 

2021-11-18 12:24:07 - [TEST_STEP][PASSED] - sendKeys(findTestObject("Sayfalar/Giris_Sayfasi/Firma_Kodu"), KullaniciAdi): Keys 'EARTEVKIFAT' sent to object: 'Object Repository/Sayfalar/Giris_Sayfasi/Firma_Kodu'

2021-11-18 12:24:07 - [MESSAGE][INFO] - Finding Test Object 'Object Repository/Sayfalar/Giris_Sayfasi/Firma_Kodu'

2021-11-18 12:24:07 - [MESSAGE][INFO] - Sending keys 'EARTEVKIFAT' to object: 'Object Repository/Sayfalar/Giris_Sayfasi/Firma_Kodu'

2021-11-18 12:24:07 - [MESSAGE][INFO] - Finding web element from Test Object's properties

2021-11-18 12:24:07 - [MESSAGE][INFO] - Checking timeout

2021-11-18 12:24:07 - [MESSAGE][INFO] - Finding web element with id: 'Object Repository/Sayfalar/Giris_Sayfasi/Firma_Kodu' located by 'By.xpath: //*[@id = 'AccountName']' in '30' second(s)

2021-11-18 12:24:07 - [MESSAGE][INFO] - Smart Wait Function is triggered

2021-11-18 12:24:07 - [MESSAGE][INFO] - Found 1 web elements with id: 'Object Repository/Sayfalar/Giris_Sayfasi/Firma_Kodu' located by 'By.xpath: //*[@id = 'AccountName']' in '30' second(s)

2021-11-18 12:24:07 - [MESSAGE][PASSED] - Keys 'EARTEVKIFAT' sent to object: 'Object Repository/Sayfalar/Giris_Sayfasi/Firma_Kodu'

2021-11-18 12:24:07 - [TEST_STEP][PASSED] - sendKeys(findTestObject("Sayfalar/Giris_Sayfasi/Sifre"), Sifre): Keys 'test1234' sent to object: 'Object Repository/Sayfalar/Giris_Sayfasi/Sifre'

2021-11-18 12:24:07 - [MESSAGE][INFO] - Finding Test Object 'Object Repository/Sayfalar/Giris_Sayfasi/Sifre'

2021-11-18 12:24:07 - [MESSAGE][INFO] - Sending keys 'test1234' to object: 'Object Repository/Sayfalar/Giris_Sayfasi/Sifre'

2021-11-18 12:24:07 - [MESSAGE][INFO] - Finding web element from Test Object's properties

2021-11-18 12:24:07 - [MESSAGE][INFO] - Checking timeout

2021-11-18 12:24:07 - [MESSAGE][INFO] - Finding web element with id: 'Object Repository/Sayfalar/Giris_Sayfasi/Sifre' located by 'By.xpath: //*[@id = 'Password']' in '30' second(s)

2021-11-18 12:24:07 - [MESSAGE][INFO] - Smart Wait Function is triggered

2021-11-18 12:24:07 - [MESSAGE][INFO] - Found 1 web elements with id: 'Object Repository/Sayfalar/Giris_Sayfasi/Sifre' located by 'By.xpath: //*[@id = 'Password']' in '30' second(s)

2021-11-18 12:24:07 - [MESSAGE][PASSED] - Keys 'test1234' sent to object: 'Object Repository/Sayfalar/Giris_Sayfasi/Sifre'

2021-11-18 12:24:07 - [TEST_STEP][PASSED] - findWebElement(findTestObject("Sayfalar/Giris_Sayfasi/Giris_Butonu")).click(): Found 1 web elements with id: 'Object Repository/Sayfalar/Giris_Sayfasi/Giris_Butonu' located by 'By.cssSelector: #btnLogin' in '30' second(s)

2021-11-18 12:24:07 - [MESSAGE][INFO] - Finding Test Object 'Object Repository/Sayfalar/Giris_Sayfasi/Giris_Butonu'

2021-11-18 12:24:07 - [MESSAGE][INFO] - Finding web element from Test Object's properties

2021-11-18 12:24:07 - [MESSAGE][INFO] - Checking timeout

2021-11-18 12:24:07 - [MESSAGE][INFO] - Finding web element with id: 'Object Repository/Sayfalar/Giris_Sayfasi/Giris_Butonu' located by 'By.cssSelector: #btnLogin' in '30' second(s)

2021-11-18 12:24:07 - [MESSAGE][INFO] - Smart Wait Function is triggered

2021-11-18 12:24:08 - [MESSAGE][INFO] - Found 1 web elements with id: 'Object Repository/Sayfalar/Giris_Sayfasi/Giris_Butonu' located by 'By.cssSelector: #btnLogin' in '30' second(s)

2021-11-18 12:24:11 - [TEST_STEP][PASSED] - if (verifyElementPresent(findTestObject("Object Repository/Sayfalar/Giris_Sayfasi/RetveTamam_Butonu"), 5, OPTIONAL)): null

2021-11-18 12:24:11 - [MESSAGE][INFO] - Finding Test Object 'Object Repository/Sayfalar/Giris_Sayfasi/RetveTamam_Butonu'

2021-11-18 12:24:11 - [MESSAGE][INFO] - Checking object

2021-11-18 12:24:11 - [MESSAGE][INFO] - Finding web element from Test Object's properties

2021-11-18 12:24:11 - [MESSAGE][INFO] - Checking timeout

2021-11-18 12:24:11 - [MESSAGE][INFO] - Finding web element with id: 'Object Repository/Sayfalar/Giris_Sayfasi/RetveTamam_Butonu' located by 'By.xpath: //*[@class = 'btn btn-default']' in '5' second(s)

2021-11-18 12:24:11 - [MESSAGE][INFO] - Smart Wait Function is triggered

2021-11-18 12:24:11 - [MESSAGE][INFO] - Found 1 web elements with id: 'Object Repository/Sayfalar/Giris_Sayfasi/RetveTamam_Butonu' located by 'By.xpath: //*[@class = 'btn btn-default']' in '5' second(s)

2021-11-18 12:24:11 - [MESSAGE][PASSED] - Object 'Object Repository/Sayfalar/Giris_Sayfasi/RetveTamam_Butonu' is present

2021-11-18 12:24:11 - [TEST_STEP][PASSED] - click(findTestObject("Object Repository/Sayfalar/Giris_Sayfasi/RetveTamam_Butonu")): Object: 'Object Repository/Sayfalar/Giris_Sayfasi/RetveTamam_Butonu' is clicked on

2021-11-18 12:24:11 - [MESSAGE][INFO] - Finding Test Object 'Object Repository/Sayfalar/Giris_Sayfasi/RetveTamam_Butonu'

2021-11-18 12:24:11 - [MESSAGE][INFO] - Checking object

2021-11-18 12:24:11 - [MESSAGE][INFO] - Finding web element from Test Object's properties

2021-11-18 12:24:11 - [MESSAGE][INFO] - Checking timeout

2021-11-18 12:24:11 - [MESSAGE][INFO] - Finding web element with id: 'Object Repository/Sayfalar/Giris_Sayfasi/RetveTamam_Butonu' located by 'By.xpath: //*[@class = 'btn btn-default']' in '30' second(s)

2021-11-18 12:24:11 - [MESSAGE][INFO] - Smart Wait Function is triggered

2021-11-18 12:24:11 - [MESSAGE][INFO] - Found 1 web elements with id: 'Object Repository/Sayfalar/Giris_Sayfasi/RetveTamam_Butonu' located by 'By.xpath: //*[@class = 'btn btn-default']' in '30' second(s)

2021-11-18 12:24:11 - [MESSAGE][INFO] - Clicking on object: 'Object Repository/Sayfalar/Giris_Sayfasi/RetveTamam_Butonu'

2021-11-18 12:24:11 - [MESSAGE][PASSED] - Object: 'Object Repository/Sayfalar/Giris_Sayfasi/RetveTamam_Butonu' is clicked on

2021-11-18 12:24:11 - [TEST_STEP][PASSED] - click(findTestObject("Object Repository/Sayfalar/Giris_Sayfasi/RetveTamam_Butonu")): Object: 'Object Repository/Sayfalar/Giris_Sayfasi/RetveTamam_Butonu' is clicked on

2021-11-18 12:24:11 - [MESSAGE][INFO] - Finding Test Object 'Object Repository/Sayfalar/Giris_Sayfasi/RetveTamam_Butonu'

2021-11-18 12:24:11 - [MESSAGE][INFO] - Checking object

2021-11-18 12:24:11 - [MESSAGE][INFO] - Finding web element from Test Object's properties

2021-11-18 12:24:11 - [MESSAGE][INFO] - Checking timeout

2021-11-18 12:24:11 - [MESSAGE][INFO] - Finding web element with id: 'Object Repository/Sayfalar/Giris_Sayfasi/RetveTamam_Butonu' located by 'By.xpath: //*[@class = 'btn btn-default']' in '30' second(s)

2021-11-18 12:24:11 - [MESSAGE][INFO] - Smart Wait Function is triggered

2021-11-18 12:24:16 - [MESSAGE][INFO] - Found 1 web elements with id: 'Object Repository/Sayfalar/Giris_Sayfasi/RetveTamam_Butonu' located by 'By.xpath: //*[@class = 'btn btn-default']' in '30' second(s)

2021-11-18 12:24:16 - [MESSAGE][INFO] - Clicking on object: 'Object Repository/Sayfalar/Giris_Sayfasi/RetveTamam_Butonu'

2021-11-18 12:24:16 - [MESSAGE][PASSED] - Object: 'Object Repository/Sayfalar/Giris_Sayfasi/RetveTamam_Butonu' is clicked on

2021-11-18 12:24:16 - [TEST_STEP][PASSED] - if (verifyElementPresent(findTestObject("Sayfalar/Giris_Sayfasi/PopupOK"), 5, OPTIONAL)): com.kms.katalon.core.webui.exception.WebElementNotFoundException: Web element with id: 'Object Repository/Sayfalar/Giris_Sayfasi/PopupOK' located by '.btn.btn-success' not found (Root cause: com.kms.katalon.core.exception.StepFailedException: com.kms.katalon.core.webui.exception.WebElementNotFoundException: Web element with id: 'Object Repository/Sayfalar/Giris_Sayfasi/PopupOK' located by '.btn.btn-success' not found
	at com.kms.katalon.core.webui.keyword.internal.WebUIKeywordMain.stepFailed(WebUIKeywordMain.groovy:64)
	at com.kms.katalon.core.webui.keyword.builtin.VerifyElementPresentKeyword$_verifyElementPresent_closure1.doCall(VerifyElementPresentKeyword.groovy:85)
	at com.kms.katalon.core.webui.keyword.builtin.VerifyElementPresentKeyword$_verifyElementPresent_closure1.call(VerifyElementPresentKeyword.groovy)
	at com.kms.katalon.core.webui.keyword.internal.WebUIKeywordMain.runKeyword(WebUIKeywordMain.groovy:20)
	at com.kms.katalon.core.webui.keyword.builtin.VerifyElementPresentKeyword.verifyElementPresent(VerifyElementPresentKeyword.groovy:92)
	at com.kms.katalon.core.webui.keyword.builtin.VerifyElementPresentKeyword.execute(VerifyElementPresentKeyword.groovy:68)
	at com.kms.katalon.core.keyword.internal.KeywordExecutor.executeKeywordForPlatform(KeywordExecutor.groovy:73)
	at com.kms.katalon.core.webui.keyword.WebUiBuiltInKeywords.verifyElementPresent(WebUiBuiltInKeywords.groovy:1448)
	at com.kms.katalon.core.webui.keyword.WebUiBuiltInKeywords$verifyElementPresent$4.call(Unknown Source)
	at Login.run(Login:40)
	at com.kms.katalon.core.main.ScriptEngine.run(ScriptEngine.java:194)
	at com.kms.katalon.core.main.ScriptEngine.runScriptAsRawText(ScriptEngine.java:119)
	at com.kms.katalon.core.main.TestCaseExecutor.runScript(TestCaseExecutor.java:369)
	at com.kms.katalon.core.main.TestCaseExecutor.doExecute(TestCaseExecutor.java:360)
	at com.kms.katalon.core.main.TestCaseExecutor.processExecutionPhase(TestCaseExecutor.java:339)
	at com.kms.katalon.core.main.TestCaseExecutor.accessMainPhase(TestCaseExecutor.java:331)
	at com.kms.katalon.core.main.TestCaseExecutor.execute(TestCaseExecutor.java:248)
	at com.kms.katalon.core.main.TestCaseMain.runTestCase(TestCaseMain.java:138)
	at com.kms.katalon.core.keyword.builtin.CallTestCaseKeyword$_callTestCase_closure1.doCall(CallTestCaseKeyword.groovy:59)
	at com.kms.katalon.core.keyword.builtin.CallTestCaseKeyword$_callTestCase_closure1.call(CallTestCaseKeyword.groovy)
	at com.kms.katalon.core.keyword.internal.KeywordMain.runKeyword(KeywordMain.groovy:68)
	at com.kms.katalon.core.keyword.builtin.CallTestCaseKeyword.callTestCase(CallTestCaseKeyword.groovy:81)
	at com.kms.katalon.core.keyword.builtin.CallTestCaseKeyword.execute(CallTestCaseKeyword.groovy:44)
	at com.kms.katalon.core.keyword.internal.KeywordExecutor.executeKeywordForPlatform(KeywordExecutor.groovy:73)
	at com.kms.katalon.core.keyword.BuiltinKeywords.callTestCase(BuiltinKeywords.groovy:334)
	at sayfalar.girisSayfasi.login(girisSayfasi.groovy:50)
	at cucumber.runtime.Utils$1.call(Utils.java:26)
	at cucumber.runtime.Timeout.timeout(Timeout.java:16)
	at cucumber.runtime.Utils.invoke(Utils.java:20)
	at cucumber.runtime.java.JavaStepDefinition.execute(JavaStepDefinition.java:49)
	at cucumber.runner.PickleStepDefinitionMatch.runStep(PickleStepDefinitionMatch.java:50)
	at cucumber.runner.TestStep.executeStep(TestStep.java:63)
	at cucumber.runner.TestStep.run(TestStep.java:49)
	at cucumber.runner.PickleStepTestStep.run(PickleStepTestStep.java:43)
	at cucumber.runner.TestCase.run(TestCase.java:44)
	at cucumber.runner.Runner.runPickle(Runner.java:40)
	at cucumber.runtime.Runtime$1.run(Runtime.java:84)
	at cucumber.runtime.Runtime$SameThreadExecutorService.execute(Runtime.java:220)
	at cucumber.runtime.Runtime.run(Runtime.java:81)
	at cucumber.api.cli.Main.run(Main.java:26)
	at cucumber.api.cli.Main$run.call(Unknown Source)
	at com.kms.katalon.core.cucumber.keyword.CucumberBuiltinKeywords$_runFeatureFile_closure1.doCall(CucumberBuiltinKeywords.groovy:106)
	at com.kms.katalon.core.cucumber.keyword.CucumberBuiltinKeywords$_runFeatureFile_closure1.doCall(CucumberBuiltinKeywords.groovy)
	at com.kms.katalon.core.keyword.internal.KeywordMain.runKeyword(KeywordMain.groovy:68)
	at com.kms.katalon.core.keyword.internal.KeywordMain$runKeyword.call(Unknown Source)
	at com.kms.katalon.core.cucumber.keyword.CucumberBuiltinKeywords.runFeatureFile(CucumberBuiltinKeywords.groovy:73)
	at com.kms.katalon.core.cucumber.keyword.CucumberBuiltinKeywords$runFeatureFile$0.callStatic(Unknown Source)
	at com.kms.katalon.core.cucumber.keyword.CucumberBuiltinKeywords.runFeatureFile(CucumberBuiltinKeywords.groovy:246)
	at com.kms.katalon.core.cucumber.keyword.CucumberBuiltinKeywords$runFeatureFile.call(Unknown Source)
	at VKN-Kagit-Tevkifat.run(VKN-Kagit-Tevkifat:19)
	at com.kms.katalon.core.main.ScriptEngine.run(ScriptEngine.java:194)
	at com.kms.katalon.core.main.ScriptEngine.runScriptAsRawText(ScriptEngine.java:119)
	at com.kms.katalon.core.main.TestCaseExecutor.runScript(TestCaseExecutor.java:369)
	at com.kms.katalon.core.main.TestCaseExecutor.doExecute(TestCaseExecutor.java:360)
	at com.kms.katalon.core.main.TestCaseExecutor.processExecutionPhase(TestCaseExecutor.java:339)
	at com.kms.katalon.core.main.TestCaseExecutor.accessMainPhase(TestCaseExecutor.java:331)
	at com.kms.katalon.core.main.TestCaseExecutor.execute(TestCaseExecutor.java:248)
	at com.kms.katalon.core.main.TestSuiteExecutor.accessTestCaseMainPhase(TestSuiteExecutor.java:191)
	at com.kms.katalon.core.main.TestSuiteExecutor.accessTestSuiteMainPhase(TestSuiteExecutor.java:140)
	at com.kms.katalon.core.main.TestSuiteExecutor.execute(TestSuiteExecutor.java:89)
	at com.kms.katalon.core.main.TestCaseMain.startTestSuite(TestCaseMain.java:181)
	at com.kms.katalon.core.main.TestCaseMain$startTestSuite$0.call(Unknown Source)
	at TempTestSuite1637225344330.run(TempTestSuite1637225344330.groovy:39)
)

2021-11-18 12:24:16 - [MESSAGE][INFO] - Finding Test Object 'Object Repository/Sayfalar/Giris_Sayfasi/PopupOK'

2021-11-18 12:24:16 - [MESSAGE][INFO] - Checking object

2021-11-18 12:24:16 - [MESSAGE][INFO] - Finding web element from Test Object's properties

2021-11-18 12:24:16 - [MESSAGE][INFO] - Checking timeout

2021-11-18 12:24:16 - [MESSAGE][INFO] - Finding web element with id: 'Object Repository/Sayfalar/Giris_Sayfasi/PopupOK' located by 'By.cssSelector: .btn.btn-success' in '5' second(s)

2021-11-18 12:24:16 - [MESSAGE][INFO] - Smart Wait Function is triggered

2021-11-18 12:24:17 - [MESSAGE][INFO] - Smart Wait Function is triggered

2021-11-18 12:24:17 - [MESSAGE][INFO] - Smart Wait Function is triggered

2021-11-18 12:24:17 - [MESSAGE][INFO] - Smart Wait Function is triggered

2021-11-18 12:24:17 - [MESSAGE][INFO] - Smart Wait Function is triggered

2021-11-18 12:24:18 - [MESSAGE][INFO] - Smart Wait Function is triggered

2021-11-18 12:24:18 - [MESSAGE][INFO] - Smart Wait Function is triggered

2021-11-18 12:24:18 - [MESSAGE][INFO] - Smart Wait Function is triggered

2021-11-18 12:24:18 - [MESSAGE][INFO] - Smart Wait Function is triggered

2021-11-18 12:24:19 - [MESSAGE][INFO] - Smart Wait Function is triggered

2021-11-18 12:24:19 - [MESSAGE][INFO] - Smart Wait Function is triggered

2021-11-18 12:24:19 - [MESSAGE][INFO] - Smart Wait Function is triggered

2021-11-18 12:24:19 - [MESSAGE][INFO] - Smart Wait Function is triggered

2021-11-18 12:24:20 - [MESSAGE][INFO] - Smart Wait Function is triggered

2021-11-18 12:24:20 - [MESSAGE][INFO] - Smart Wait Function is triggered

2021-11-18 12:24:20 - [MESSAGE][INFO] - Smart Wait Function is triggered

2021-11-18 12:24:21 - [MESSAGE][INFO] - Smart Wait Function is triggered

2021-11-18 12:24:21 - [MESSAGE][INFO] - Smart Wait Function is triggered

2021-11-18 12:24:21 - [MESSAGE][INFO] - Smart Wait Function is triggered

2021-11-18 12:24:21 - [MESSAGE][INFO] - Smart Wait Function is triggered

2021-11-18 12:24:22 - [MESSAGE][INFO] - Smart Wait Function is triggered

2021-11-18 12:24:22 - [MESSAGE][INFO] - Unable to find the element located by 'By.cssSelector: .btn.btn-success'. Please recheck the objects properties to make sure the desired element is located. 

2021-11-18 12:24:22 - [MESSAGE][WARNING] - com.kms.katalon.core.webui.exception.WebElementNotFoundException: Web element with id: 'Object Repository/Sayfalar/Giris_Sayfasi/PopupOK' located by '.btn.btn-success' not found (Root cause: com.kms.katalon.core.exception.StepFailedException: com.kms.katalon.core.webui.exception.WebElementNotFoundException: Web element with id: 'Object Repository/Sayfalar/Giris_Sayfasi/PopupOK' located by '.btn.btn-success' not found
	at com.kms.katalon.core.webui.keyword.internal.WebUIKeywordMain.stepFailed(WebUIKeywordMain.groovy:64)
	at com.kms.katalon.core.webui.keyword.builtin.VerifyElementPresentKeyword$_verifyElementPresent_closure1.doCall(VerifyElementPresentKeyword.groovy:85)
	at com.kms.katalon.core.webui.keyword.builtin.VerifyElementPresentKeyword$_verifyElementPresent_closure1.call(VerifyElementPresentKeyword.groovy)
	at com.kms.katalon.core.webui.keyword.internal.WebUIKeywordMain.runKeyword(WebUIKeywordMain.groovy:20)
	at com.kms.katalon.core.webui.keyword.builtin.VerifyElementPresentKeyword.verifyElementPresent(VerifyElementPresentKeyword.groovy:92)
	at com.kms.katalon.core.webui.keyword.builtin.VerifyElementPresentKeyword.execute(VerifyElementPresentKeyword.groovy:68)
	at com.kms.katalon.core.keyword.internal.KeywordExecutor.executeKeywordForPlatform(KeywordExecutor.groovy:73)
	at com.kms.katalon.core.webui.keyword.WebUiBuiltInKeywords.verifyElementPresent(WebUiBuiltInKeywords.groovy:1448)
	at com.kms.katalon.core.webui.keyword.WebUiBuiltInKeywords$verifyElementPresent$4.call(Unknown Source)
	at Login.run(Login:40)
	at com.kms.katalon.core.main.ScriptEngine.run(ScriptEngine.java:194)
	at com.kms.katalon.core.main.ScriptEngine.runScriptAsRawText(ScriptEngine.java:119)
	at com.kms.katalon.core.main.TestCaseExecutor.runScript(TestCaseExecutor.java:369)
	at com.kms.katalon.core.main.TestCaseExecutor.doExecute(TestCaseExecutor.java:360)
	at com.kms.katalon.core.main.TestCaseExecutor.processExecutionPhase(TestCaseExecutor.java:339)
	at com.kms.katalon.core.main.TestCaseExecutor.accessMainPhase(TestCaseExecutor.java:331)
	at com.kms.katalon.core.main.TestCaseExecutor.execute(TestCaseExecutor.java:248)
	at com.kms.katalon.core.main.TestCaseMain.runTestCase(TestCaseMain.java:138)
	at com.kms.katalon.core.keyword.builtin.CallTestCaseKeyword$_callTestCase_closure1.doCall(CallTestCaseKeyword.groovy:59)
	at com.kms.katalon.core.keyword.builtin.CallTestCaseKeyword$_callTestCase_closure1.call(CallTestCaseKeyword.groovy)
	at com.kms.katalon.core.keyword.internal.KeywordMain.runKeyword(KeywordMain.groovy:68)
	at com.kms.katalon.core.keyword.builtin.CallTestCaseKeyword.callTestCase(CallTestCaseKeyword.groovy:81)
	at com.kms.katalon.core.keyword.builtin.CallTestCaseKeyword.execute(CallTestCaseKeyword.groovy:44)
	at com.kms.katalon.core.keyword.internal.KeywordExecutor.executeKeywordForPlatform(KeywordExecutor.groovy:73)
	at com.kms.katalon.core.keyword.BuiltinKeywords.callTestCase(BuiltinKeywords.groovy:334)
	at sayfalar.girisSayfasi.login(girisSayfasi.groovy:50)
	at cucumber.runtime.Utils$1.call(Utils.java:26)
	at cucumber.runtime.Timeout.timeout(Timeout.java:16)
	at cucumber.runtime.Utils.invoke(Utils.java:20)
	at cucumber.runtime.java.JavaStepDefinition.execute(JavaStepDefinition.java:49)
	at cucumber.runner.PickleStepDefinitionMatch.runStep(PickleStepDefinitionMatch.java:50)
	at cucumber.runner.TestStep.executeStep(TestStep.java:63)
	at cucumber.runner.TestStep.run(TestStep.java:49)
	at cucumber.runner.PickleStepTestStep.run(PickleStepTestStep.java:43)
	at cucumber.runner.TestCase.run(TestCase.java:44)
	at cucumber.runner.Runner.runPickle(Runner.java:40)
	at cucumber.runtime.Runtime$1.run(Runtime.java:84)
	at cucumber.runtime.Runtime$SameThreadExecutorService.execute(Runtime.java:220)
	at cucumber.runtime.Runtime.run(Runtime.java:81)
	at cucumber.api.cli.Main.run(Main.java:26)
	at cucumber.api.cli.Main$run.call(Unknown Source)
	at com.kms.katalon.core.cucumber.keyword.CucumberBuiltinKeywords$_runFeatureFile_closure1.doCall(CucumberBuiltinKeywords.groovy:106)
	at com.kms.katalon.core.cucumber.keyword.CucumberBuiltinKeywords$_runFeatureFile_closure1.doCall(CucumberBuiltinKeywords.groovy)
	at com.kms.katalon.core.keyword.internal.KeywordMain.runKeyword(KeywordMain.groovy:68)
	at com.kms.katalon.core.keyword.internal.KeywordMain$runKeyword.call(Unknown Source)
	at com.kms.katalon.core.cucumber.keyword.CucumberBuiltinKeywords.runFeatureFile(CucumberBuiltinKeywords.groovy:73)
	at com.kms.katalon.core.cucumber.keyword.CucumberBuiltinKeywords$runFeatureFile$0.callStatic(Unknown Source)
	at com.kms.katalon.core.cucumber.keyword.CucumberBuiltinKeywords.runFeatureFile(CucumberBuiltinKeywords.groovy:246)
	at com.kms.katalon.core.cucumber.keyword.CucumberBuiltinKeywords$runFeatureFile.call(Unknown Source)
	at VKN-Kagit-Tevkifat.run(VKN-Kagit-Tevkifat:19)
	at com.kms.katalon.core.main.ScriptEngine.run(ScriptEngine.java:194)
	at com.kms.katalon.core.main.ScriptEngine.runScriptAsRawText(ScriptEngine.java:119)
	at com.kms.katalon.core.main.TestCaseExecutor.runScript(TestCaseExecutor.java:369)
	at com.kms.katalon.core.main.TestCaseExecutor.doExecute(TestCaseExecutor.java:360)
	at com.kms.katalon.core.main.TestCaseExecutor.processExecutionPhase(TestCaseExecutor.java:339)
	at com.kms.katalon.core.main.TestCaseExecutor.accessMainPhase(TestCaseExecutor.java:331)
	at com.kms.katalon.core.main.TestCaseExecutor.execute(TestCaseExecutor.java:248)
	at com.kms.katalon.core.main.TestSuiteExecutor.accessTestCaseMainPhase(TestSuiteExecutor.java:191)
	at com.kms.katalon.core.main.TestSuiteExecutor.accessTestSuiteMainPhase(TestSuiteExecutor.java:140)
	at com.kms.katalon.core.main.TestSuiteExecutor.execute(TestSuiteExecutor.java:89)
	at com.kms.katalon.core.main.TestCaseMain.startTestSuite(TestCaseMain.java:181)
	at com.kms.katalon.core.main.TestCaseMain$startTestSuite$0.call(Unknown Source)
	at TempTestSuite1637225344330.run(TempTestSuite1637225344330.groovy:39)
)

2021-11-18 12:24:22 - [TEST_STEP][PASSED] - verifyElementVisible(findTestObject("Object Repository/Kullanici_Islemleri/KullaniciIslemleri")): Object 'Object Repository/Kullanici_Islemleri/KullaniciIslemleri' is visible

2021-11-18 12:24:22 - [MESSAGE][INFO] - Finding Test Object 'Object Repository/Kullanici_Islemleri/KullaniciIslemleri'

2021-11-18 12:24:22 - [MESSAGE][INFO] - Checking object

2021-11-18 12:24:22 - [MESSAGE][INFO] - Finding web element from Test Object's properties

2021-11-18 12:24:22 - [MESSAGE][INFO] - Checking timeout

2021-11-18 12:24:22 - [MESSAGE][INFO] - Finding web element with id: 'Object Repository/Kullanici_Islemleri/KullaniciIslemleri' located by 'By.cssSelector: .dropdown>a>img' in '30' second(s)

2021-11-18 12:24:22 - [MESSAGE][INFO] - Smart Wait Function is triggered

2021-11-18 12:24:22 - [MESSAGE][INFO] - Found 1 web elements with id: 'Object Repository/Kullanici_Islemleri/KullaniciIslemleri' located by 'By.cssSelector: .dropdown>a>img' in '30' second(s)

2021-11-18 12:24:22 - [MESSAGE][PASSED] - Object 'Object Repository/Kullanici_Islemleri/KullaniciIslemleri' is visible

2021-11-18 12:24:22 - [MESSAGE][PASSED] - Call Test Case 'Test Cases/Sayfalar/Giris_Sayfasi/Login' successfully

2021-11-18 12:24:22 - [MESSAGE][INFO] - Checking called Test Case

2021-11-18 12:24:22 - [MESSAGE][INFO] - Starting to call Test Case 'Test Cases/Menu/AnaMenuSecimi'

2021-11-18 12:24:22 - [TEST_CASE][PASSED] - Test Cases/Menu/AnaMenuSecimi: Test Cases/Menu/AnaMenuSecimi

2021-11-18 12:24:22 - [TEST_STEP][PASSED] - Method.TextDegerineEsitElementeTikla(findTestObject("Menu/Ana_Menu"), Ana_Menu): Method.TextDegerineEsitElementeTikla is PASSED

2021-11-18 12:24:22 - [MESSAGE][INFO] - Finding Test Object 'Object Repository/Menu/Ana_Menu'

2021-11-18 12:24:22 - [MESSAGE][INFO] - Checking timeout

2021-11-18 12:24:22 - [MESSAGE][INFO] - Finding web element with id: 'Object Repository/Menu/Ana_Menu' located by 'By.xpath: //*[@class = 'dropdown-toggle']' in '10' second(s)

2021-11-18 12:24:22 - [MESSAGE][INFO] - Smart Wait Function is triggered

2021-11-18 12:24:23 - [MESSAGE][INFO] - Found 13 web elements with id: 'Object Repository/Menu/Ana_Menu' located by 'By.xpath: //*[@class = 'dropdown-toggle']' in '10' second(s)

2021-11-18 12:24:23 - [MESSAGE][PASSED] - Method.TextDegerineEsitElementeTikla is PASSED

2021-11-18 12:24:23 - [MESSAGE][PASSED] - Call Test Case 'Test Cases/Menu/AnaMenuSecimi' successfully

2021-11-18 12:24:23 - [MESSAGE][INFO] - Checking called Test Case

2021-11-18 12:24:23 - [MESSAGE][INFO] - Starting to call Test Case 'Test Cases/Menu/BasligaGoreAltMenuSecimi'

2021-11-18 12:24:23 - [TEST_CASE][PASSED] - Test Cases/Menu/BasligaGoreAltMenuSecimi: Test Cases/Menu/BasligaGoreAltMenuSecimi

2021-11-18 12:24:23 - [TEST_STEP][PASSED] - Method.TextDegerineEsitElementinAltindakiTextDegerineEsitOlanaTikla(findTestObject("Menu/Menu_Basligi"), findTestObject("Menu/Basliga_Gore_Alt_Menu"), Baslik, Alt_Menu): Method.TextDegerineEsitElementinAltindakiTextDegerineEsitOlanaTikla is PASSED

2021-11-18 12:24:23 - [MESSAGE][INFO] - Finding Test Object 'Object Repository/Menu/Menu_Basligi'

2021-11-18 12:24:23 - [MESSAGE][INFO] - Finding Test Object 'Object Repository/Menu/Basliga_Gore_Alt_Menu'

2021-11-18 12:24:23 - [MESSAGE][INFO] - Checking timeout

2021-11-18 12:24:23 - [MESSAGE][INFO] - Finding web element with id: 'Object Repository/Menu/Menu_Basligi' located by 'By.xpath: //li[@class='dropdown dropdown-large open']//li[@class='dropdown-header']' in '10' second(s)

2021-11-18 12:24:23 - [MESSAGE][INFO] - Smart Wait Function is triggered

2021-11-18 12:24:23 - [MESSAGE][INFO] - Found 2 web elements with id: 'Object Repository/Menu/Menu_Basligi' located by 'By.xpath: //li[@class='dropdown dropdown-large open']//li[@class='dropdown-header']' in '10' second(s)

2021-11-18 12:24:23 - [MESSAGE][INFO] - Smart Wait Function is triggered

2021-11-18 12:24:26 - [MESSAGE][PASSED] - Method.TextDegerineEsitElementinAltindakiTextDegerineEsitOlanaTikla is PASSED

2021-11-18 12:24:26 - [MESSAGE][PASSED] - Call Test Case 'Test Cases/Menu/BasligaGoreAltMenuSecimi' successfully

2021-11-18 12:24:26 - [MESSAGE][INFO] - Checking called Test Case

2021-11-18 12:24:26 - [MESSAGE][INFO] - Starting to call Test Case 'Test Cases/Tablo/Olusturma Tarihi'

2021-11-18 12:24:26 - [TEST_CASE][PASSED] - Test Cases/Tablo/Olusturma Tarihi: Test Cases/Tablo/Olusturma Tarihi

2021-11-18 12:24:26 - [TEST_STEP][PASSED] - if (verifyTextNotPresent("Görüntülenecek veri yok", true, OPTIONAL)): null

2021-11-18 12:24:26 - [MESSAGE][INFO] - Checking text present  using regular expression

2021-11-18 12:24:26 - [MESSAGE][INFO] - Smart Wait Function is triggered

2021-11-18 12:24:26 - [MESSAGE][INFO] - Finding text 'Görüntülenecek veri yok' on page  using regular expression

2021-11-18 12:24:26 - [MESSAGE][PASSED] - Text 'Görüntülenecek veri yok' is not present on page using regular expression

2021-11-18 12:24:26 - [TEST_STEP][PASSED] - click(findTestObject("Temizle/Olusturma_Tarihi_CheckBox")): Object: 'Object Repository/Temizle/Olusturma_Tarihi_CheckBox' is clicked on

2021-11-18 12:24:26 - [MESSAGE][INFO] - Finding Test Object 'Object Repository/Temizle/Olusturma_Tarihi_CheckBox'

2021-11-18 12:24:26 - [MESSAGE][INFO] - Checking object

2021-11-18 12:24:26 - [MESSAGE][INFO] - Finding web element from Test Object's properties

2021-11-18 12:24:26 - [MESSAGE][INFO] - Checking timeout

2021-11-18 12:24:26 - [MESSAGE][INFO] - Finding web element with id: 'Object Repository/Temizle/Olusturma_Tarihi_CheckBox' located by 'By.xpath: //*[@title = 'Bu sayfadaki tüm satırları Seç']' in '30' second(s)

2021-11-18 12:24:26 - [MESSAGE][INFO] - Smart Wait Function is triggered

2021-11-18 12:24:26 - [MESSAGE][INFO] - Found 1 web elements with id: 'Object Repository/Temizle/Olusturma_Tarihi_CheckBox' located by 'By.xpath: //*[@title = 'Bu sayfadaki tüm satırları Seç']' in '30' second(s)

2021-11-18 12:24:26 - [MESSAGE][INFO] - Clicking on object: 'Object Repository/Temizle/Olusturma_Tarihi_CheckBox'

2021-11-18 12:24:27 - [MESSAGE][PASSED] - Object: 'Object Repository/Temizle/Olusturma_Tarihi_CheckBox' is clicked on

2021-11-18 12:24:27 - [TEST_STEP][PASSED] - Method.TextDegerineEsitElementeTiklaEquals(findTestObject("Butonlar/Butonlar"), "Sil"): Method.TextDegerineEsitElementeTiklaEquals is PASSED

2021-11-18 12:24:27 - [MESSAGE][INFO] - Finding Test Object 'Object Repository/Butonlar/Butonlar'

2021-11-18 12:24:27 - [MESSAGE][INFO] - Checking timeout

2021-11-18 12:24:27 - [MESSAGE][INFO] - Finding web element with id: 'Object Repository/Butonlar/Butonlar' located by 'By.cssSelector: .panel.panel-default.text-center.footerPanel .btn,.btn.btn-primary.btnControls' in '10' second(s)

2021-11-18 12:24:27 - [MESSAGE][INFO] - Smart Wait Function is triggered

2021-11-18 12:24:27 - [MESSAGE][INFO] - Found 9 web elements with id: 'Object Repository/Butonlar/Butonlar' located by 'By.cssSelector: .panel.panel-default.text-center.footerPanel .btn,.btn.btn-primary.btnControls' in '10' second(s)

2021-11-18 12:24:27 - [MESSAGE][PASSED] - Method.TextDegerineEsitElementeTiklaEquals is PASSED

2021-11-18 12:24:27 - [TEST_STEP][PASSED] - Method.TextDegerineEsitElementeTikla(findTestObject("Popup/Popup_Butons"), "Evet"): Method.TextDegerineEsitElementeTikla is PASSED

2021-11-18 12:24:27 - [MESSAGE][INFO] - Finding Test Object 'Object Repository/Popup/Popup_Butons'

2021-11-18 12:24:27 - [MESSAGE][INFO] - Checking timeout

2021-11-18 12:24:27 - [MESSAGE][INFO] - Finding web element with id: 'Object Repository/Popup/Popup_Butons' located by 'By.cssSelector: .modal-footer>button' in '10' second(s)

2021-11-18 12:24:27 - [MESSAGE][INFO] - Smart Wait Function is triggered

2021-11-18 12:24:28 - [MESSAGE][INFO] - Found 2 web elements with id: 'Object Repository/Popup/Popup_Butons' located by 'By.cssSelector: .modal-footer>button' in '10' second(s)

2021-11-18 12:24:28 - [MESSAGE][PASSED] - Method.TextDegerineEsitElementeTikla is PASSED

2021-11-18 12:24:28 - [TEST_STEP][PASSED] - Method.TextDegerineEsitElementeTikla(findTestObject("Popup/Popup_Butons"), "Tamam"): Method.TextDegerineEsitElementeTikla is PASSED

2021-11-18 12:24:28 - [MESSAGE][INFO] - Finding Test Object 'Object Repository/Popup/Popup_Butons'

2021-11-18 12:24:28 - [MESSAGE][INFO] - Checking timeout

2021-11-18 12:24:28 - [MESSAGE][INFO] - Finding web element with id: 'Object Repository/Popup/Popup_Butons' located by 'By.cssSelector: .modal-footer>button' in '10' second(s)

2021-11-18 12:24:28 - [MESSAGE][INFO] - Smart Wait Function is triggered

2021-11-18 12:24:29 - [MESSAGE][INFO] - Found 1 web elements with id: 'Object Repository/Popup/Popup_Butons' located by 'By.cssSelector: .modal-footer>button' in '10' second(s)

2021-11-18 12:24:29 - [MESSAGE][PASSED] - Method.TextDegerineEsitElementeTikla is PASSED

2021-11-18 12:24:29 - [MESSAGE][PASSED] - Call Test Case 'Test Cases/Tablo/Olusturma Tarihi' successfully

2021-11-18 12:24:29 - [MESSAGE][INFO] - Checking called Test Case

2021-11-18 12:24:29 - [MESSAGE][INFO] - Starting to call Test Case 'Test Cases/Butonlar/ButonaTikla'

2021-11-18 12:24:29 - [TEST_CASE][PASSED] - Test Cases/Butonlar/ButonaTikla: Test Cases/Butonlar/ButonaTikla

2021-11-18 12:24:29 - [TEST_STEP][PASSED] - Method.TextDegerineEsitElementeTiklaEquals(findTestObject("Butonlar/Butonlar"), Buton_Adi): Method.TextDegerineEsitElementeTiklaEquals is PASSED

2021-11-18 12:24:29 - [MESSAGE][INFO] - Finding Test Object 'Object Repository/Butonlar/Butonlar'

2021-11-18 12:24:29 - [MESSAGE][INFO] - Checking timeout

2021-11-18 12:24:29 - [MESSAGE][INFO] - Finding web element with id: 'Object Repository/Butonlar/Butonlar' located by 'By.cssSelector: .panel.panel-default.text-center.footerPanel .btn,.btn.btn-primary.btnControls' in '10' second(s)

2021-11-18 12:24:29 - [MESSAGE][INFO] - Smart Wait Function is triggered

2021-11-18 12:24:30 - [MESSAGE][INFO] - Found 9 web elements with id: 'Object Repository/Butonlar/Butonlar' located by 'By.cssSelector: .panel.panel-default.text-center.footerPanel .btn,.btn.btn-primary.btnControls' in '10' second(s)

2021-11-18 12:24:30 - [MESSAGE][PASSED] - Method.TextDegerineEsitElementeTiklaEquals is PASSED

2021-11-18 12:24:30 - [MESSAGE][PASSED] - Call Test Case 'Test Cases/Butonlar/ButonaTikla' successfully

2021-11-18 12:24:30 - [MESSAGE][INFO] - Checking called Test Case

2021-11-18 12:24:30 - [MESSAGE][INFO] - Starting to call Test Case 'Test Cases/Olusturma/Genel/GorselTasarimSayfasıBasligiIceriyorMu'

2021-11-18 12:24:30 - [TEST_CASE][PASSED] - Test Cases/Olusturma/Genel/GorselTasarimSayfasıBasligiIceriyorMu: Test Cases/Olusturma/Genel/GorselTasarimSayfasıBasligiIceriyorMu

2021-11-18 12:24:30 - [TEST_STEP][PASSED] - verifyElementText(findTestObject("Object Repository/Olusturma/Genel/GorselTasarimBaslik"), Baslik): Actual text and expected text of test object 'Object Repository/Olusturma/Genel/GorselTasarimBaslik' are matched.

2021-11-18 12:24:30 - [MESSAGE][INFO] - Finding Test Object 'Object Repository/Olusturma/Genel/GorselTasarimBaslik'

2021-11-18 12:24:30 - [MESSAGE][INFO] - Checking object

2021-11-18 12:24:30 - [MESSAGE][INFO] - Finding web element from Test Object's properties

2021-11-18 12:24:30 - [MESSAGE][INFO] - Checking timeout

2021-11-18 12:24:30 - [MESSAGE][INFO] - Finding web element with id: 'Object Repository/Olusturma/Genel/GorselTasarimBaslik' located by 'By.cssSelector: #flAlici_0>div>span' in '30' second(s)

2021-11-18 12:24:30 - [MESSAGE][INFO] - Smart Wait Function is triggered

2021-11-18 12:24:36 - [MESSAGE][INFO] - Found 1 web elements with id: 'Object Repository/Olusturma/Genel/GorselTasarimBaslik' located by 'By.cssSelector: #flAlici_0>div>span' in '30' second(s)

2021-11-18 12:24:36 - [MESSAGE][PASSED] - Actual text and expected text of test object 'Object Repository/Olusturma/Genel/GorselTasarimBaslik' are matched.

2021-11-18 12:24:36 - [MESSAGE][PASSED] - Call Test Case 'Test Cases/Olusturma/Genel/GorselTasarimSayfasıBasligiIceriyorMu' successfully

2021-11-18 12:24:36 - [MESSAGE][INFO] - Checking called Test Case

2021-11-18 12:24:36 - [MESSAGE][INFO] - Starting to call Test Case 'Test Cases/Olusturma/Genel/AliciSecilir'

2021-11-18 12:24:36 - [TEST_CASE][PASSED] - Test Cases/Olusturma/Genel/AliciSecilir: Test Cases/Olusturma/Genel/AliciSecilir

2021-11-18 12:24:36 - [TEST_STEP][PASSED] - click(findTestObject("Olusturma/Genel/AliciBilgisi/Alici_Ara")): Object: 'Object Repository/Olusturma/Genel/AliciBilgisi/Alici_Ara' is clicked on

2021-11-18 12:24:36 - [MESSAGE][INFO] - Finding Test Object 'Object Repository/Olusturma/Genel/AliciBilgisi/Alici_Ara'

2021-11-18 12:24:37 - [MESSAGE][INFO] - Checking object

2021-11-18 12:24:37 - [MESSAGE][INFO] - Finding web element from Test Object's properties

2021-11-18 12:24:37 - [MESSAGE][INFO] - Checking timeout

2021-11-18 12:24:37 - [MESSAGE][INFO] - Finding web element with id: 'Object Repository/Olusturma/Genel/AliciBilgisi/Alici_Ara' located by 'By.xpath: //td[@id='txtCustomerText_B-1']' in '30' second(s)

2021-11-18 12:24:37 - [MESSAGE][INFO] - Smart Wait Function is triggered

2021-11-18 12:24:37 - [MESSAGE][INFO] - Found 1 web elements with id: 'Object Repository/Olusturma/Genel/AliciBilgisi/Alici_Ara' located by 'By.xpath: //td[@id='txtCustomerText_B-1']' in '30' second(s)

2021-11-18 12:24:37 - [MESSAGE][INFO] - Clicking on object: 'Object Repository/Olusturma/Genel/AliciBilgisi/Alici_Ara'

2021-11-18 12:24:37 - [MESSAGE][PASSED] - Object: 'Object Repository/Olusturma/Genel/AliciBilgisi/Alici_Ara' is clicked on

2021-11-18 12:24:37 - [TEST_STEP][PASSED] - click(findTestObject("Olusturma/Genel/AliciBilgisi/Alici_Bilgisi")): Object: 'Object Repository/Olusturma/Genel/AliciBilgisi/Alici_Bilgisi' is clicked on

2021-11-18 12:24:37 - [MESSAGE][INFO] - Finding Test Object 'Object Repository/Olusturma/Genel/AliciBilgisi/Alici_Bilgisi'

2021-11-18 12:24:37 - [MESSAGE][INFO] - Checking object

2021-11-18 12:24:37 - [MESSAGE][INFO] - Finding web element from Test Object's properties

2021-11-18 12:24:37 - [MESSAGE][INFO] - Checking timeout

2021-11-18 12:24:37 - [MESSAGE][INFO] - Finding web element with id: 'Object Repository/Olusturma/Genel/AliciBilgisi/Alici_Bilgisi' located by 'By.xpath: //iframe[@id='customerselectiframe']' in '30' second(s)

2021-11-18 12:24:37 - [MESSAGE][INFO] - Smart Wait Function is triggered

2021-11-18 12:24:37 - [MESSAGE][INFO] - Found 1 web elements with id: 'Object Repository/Olusturma/Genel/AliciBilgisi/Alici_Bilgisi' located by 'By.xpath: //iframe[@id='customerselectiframe']' in '30' second(s)

2021-11-18 12:24:37 - [MESSAGE][INFO] - Clicking on object: 'Object Repository/Olusturma/Genel/AliciBilgisi/Alici_Bilgisi'

2021-11-18 12:24:37 - [MESSAGE][PASSED] - Object: 'Object Repository/Olusturma/Genel/AliciBilgisi/Alici_Bilgisi' is clicked on

2021-11-18 12:24:37 - [TEST_STEP][PASSED] - setText(findTestObject("Olusturma/Genel/AliciBilgisi/Alici_Gir"), Alici_Adi): Switching to default content

2021-11-18 12:24:37 - [MESSAGE][INFO] - Finding Test Object 'Object Repository/Olusturma/Genel/AliciBilgisi/Alici_Gir'

2021-11-18 12:24:38 - [MESSAGE][INFO] - Finding Test Object 'Object Repository/Olusturma/Genel/AliciBilgisi/Alici_Bilgisi'

2021-11-18 12:24:38 - [MESSAGE][INFO] - Checking object

2021-11-18 12:24:38 - [MESSAGE][INFO] - Checking text

2021-11-18 12:24:38 - [MESSAGE][INFO] - Object: 'Object Repository/Olusturma/Genel/AliciBilgisi/Alici_Gir' has parent object(s)

2021-11-18 12:24:38 - [MESSAGE][INFO] - Switching to iframe: 'Object Repository/Olusturma/Genel/AliciBilgisi/Alici_Bilgisi'

2021-11-18 12:24:38 - [MESSAGE][INFO] - Finding web element from Test Object's properties

2021-11-18 12:24:38 - [MESSAGE][INFO] - Checking timeout

2021-11-18 12:24:38 - [MESSAGE][INFO] - Finding web element with id: 'Object Repository/Olusturma/Genel/AliciBilgisi/Alici_Bilgisi' located by 'By.xpath: //iframe[@id='customerselectiframe']' in '30' second(s)

2021-11-18 12:24:38 - [MESSAGE][INFO] - Smart Wait Function is triggered

2021-11-18 12:24:38 - [MESSAGE][INFO] - Found 1 web elements with id: 'Object Repository/Olusturma/Genel/AliciBilgisi/Alici_Bilgisi' located by 'By.xpath: //iframe[@id='customerselectiframe']' in '30' second(s)

2021-11-18 12:24:38 - [MESSAGE][INFO] - Switched to iframe: 'Object Repository/Olusturma/Genel/AliciBilgisi/Alici_Bilgisi'

2021-11-18 12:24:38 - [MESSAGE][INFO] - Finding web element from Test Object's properties

2021-11-18 12:24:38 - [MESSAGE][INFO] - Checking timeout

2021-11-18 12:24:38 - [MESSAGE][INFO] - Finding web element with id: 'Object Repository/Olusturma/Genel/AliciBilgisi/Alici_Gir' located by 'By.xpath: //input[@id='GridViewCustomer_DXFREditorcol1_I']' in '30' second(s)

2021-11-18 12:24:38 - [MESSAGE][INFO] - Smart Wait Function is triggered

2021-11-18 12:24:38 - [MESSAGE][INFO] - Found 1 web elements with id: 'Object Repository/Olusturma/Genel/AliciBilgisi/Alici_Gir' located by 'By.xpath: //input[@id='GridViewCustomer_DXFREditorcol1_I']' in '30' second(s)

2021-11-18 12:24:38 - [MESSAGE][INFO] - Clearing text of object 'Object Repository/Olusturma/Genel/AliciBilgisi/Alici_Gir'

2021-11-18 12:24:38 - [MESSAGE][INFO] - Finding web element from Test Object's properties

2021-11-18 12:24:38 - [MESSAGE][INFO] - Checking timeout

2021-11-18 12:24:38 - [MESSAGE][INFO] - Finding web element with id: 'Object Repository/Olusturma/Genel/AliciBilgisi/Alici_Gir' located by 'By.xpath: //input[@id='GridViewCustomer_DXFREditorcol1_I']' in '30' second(s)

2021-11-18 12:24:38 - [MESSAGE][INFO] - Smart Wait Function is triggered

2021-11-18 12:24:38 - [MESSAGE][INFO] - Found 1 web elements with id: 'Object Repository/Olusturma/Genel/AliciBilgisi/Alici_Gir' located by 'By.xpath: //input[@id='GridViewCustomer_DXFREditorcol1_I']' in '30' second(s)

2021-11-18 12:24:38 - [MESSAGE][INFO] - Setting text of object 'Object Repository/Olusturma/Genel/AliciBilgisi/Alici_Gir' to value 'UC0016'

2021-11-18 12:24:38 - [MESSAGE][PASSED] - Text 'UC0016' is set on object 'Object Repository/Olusturma/Genel/AliciBilgisi/Alici_Gir'

2021-11-18 12:24:38 - [MESSAGE][INFO] - Switching to default content

2021-11-18 12:24:38 - [TEST_STEP][PASSED] - waitForElementClickable(findTestObject("Olusturma/Genel/AliciBilgisi/Alici_Adi"), 10): Switching to default content

2021-11-18 12:24:38 - [MESSAGE][INFO] - Finding Test Object 'Object Repository/Olusturma/Genel/AliciBilgisi/Alici_Adi'

2021-11-18 12:24:38 - [MESSAGE][INFO] - Finding Test Object 'Object Repository/Olusturma/Genel/AliciBilgisi/iframe_Alc Bilgisi_customerselectiframe'

2021-11-18 12:24:38 - [MESSAGE][INFO] - Checking object

2021-11-18 12:24:38 - [MESSAGE][INFO] - Checking timeout

2021-11-18 12:24:38 - [MESSAGE][INFO] - Object: 'Object Repository/Olusturma/Genel/AliciBilgisi/Alici_Adi' has parent object(s)

2021-11-18 12:24:38 - [MESSAGE][INFO] - Switching to iframe: 'Object Repository/Olusturma/Genel/AliciBilgisi/iframe_Alc Bilgisi_customerselectiframe'

2021-11-18 12:24:38 - [MESSAGE][INFO] - Finding web element from Test Object's properties

2021-11-18 12:24:38 - [MESSAGE][INFO] - Checking timeout

2021-11-18 12:24:38 - [MESSAGE][INFO] - Finding web element with id: 'Object Repository/Olusturma/Genel/AliciBilgisi/iframe_Alc Bilgisi_customerselectiframe' located by 'By.xpath: //iframe[@id='customerselectiframe']' in '10' second(s)

2021-11-18 12:24:38 - [MESSAGE][INFO] - Smart Wait Function is triggered

2021-11-18 12:24:39 - [MESSAGE][INFO] - Found 1 web elements with id: 'Object Repository/Olusturma/Genel/AliciBilgisi/iframe_Alc Bilgisi_customerselectiframe' located by 'By.xpath: //iframe[@id='customerselectiframe']' in '10' second(s)

2021-11-18 12:24:39 - [MESSAGE][INFO] - Switched to iframe: 'Object Repository/Olusturma/Genel/AliciBilgisi/iframe_Alc Bilgisi_customerselectiframe'

2021-11-18 12:24:39 - [MESSAGE][INFO] - Finding web element from Test Object's properties

2021-11-18 12:24:39 - [MESSAGE][INFO] - Checking timeout

2021-11-18 12:24:39 - [MESSAGE][INFO] - Finding web element with id: 'Object Repository/Olusturma/Genel/AliciBilgisi/Alici_Adi' located by 'By.xpath: //tr[@id='GridViewCustomer_DXDataRow0']/td[2]' in '10' second(s)

2021-11-18 12:24:39 - [MESSAGE][INFO] - Smart Wait Function is triggered

2021-11-18 12:24:39 - [MESSAGE][INFO] - Found 1 web elements with id: 'Object Repository/Olusturma/Genel/AliciBilgisi/Alici_Adi' located by 'By.xpath: //tr[@id='GridViewCustomer_DXDataRow0']/td[2]' in '10' second(s)

2021-11-18 12:24:39 - [MESSAGE][PASSED] - Object 'Object Repository/Olusturma/Genel/AliciBilgisi/Alici_Adi' is clickable

2021-11-18 12:24:39 - [MESSAGE][INFO] - Switching to default content

2021-11-18 12:24:39 - [TEST_STEP][PASSED] - click(findTestObject("Olusturma/Genel/AliciBilgisi/frame")): Switching to default content

2021-11-18 12:24:39 - [MESSAGE][INFO] - Finding Test Object 'Object Repository/Olusturma/Genel/AliciBilgisi/frame'

2021-11-18 12:24:39 - [MESSAGE][INFO] - Finding Test Object 'Object Repository/Olusturma/Genel/AliciBilgisi/iframe_Alc Bilgisi_customerselectiframe'

2021-11-18 12:24:39 - [MESSAGE][INFO] - Checking object

2021-11-18 12:24:39 - [MESSAGE][INFO] - Object: 'Object Repository/Olusturma/Genel/AliciBilgisi/frame' has parent object(s)

2021-11-18 12:24:39 - [MESSAGE][INFO] - Switching to iframe: 'Object Repository/Olusturma/Genel/AliciBilgisi/iframe_Alc Bilgisi_customerselectiframe'

2021-11-18 12:24:39 - [MESSAGE][INFO] - Finding web element from Test Object's properties

2021-11-18 12:24:39 - [MESSAGE][INFO] - Checking timeout

2021-11-18 12:24:39 - [MESSAGE][INFO] - Finding web element with id: 'Object Repository/Olusturma/Genel/AliciBilgisi/iframe_Alc Bilgisi_customerselectiframe' located by 'By.xpath: //iframe[@id='customerselectiframe']' in '30' second(s)

2021-11-18 12:24:39 - [MESSAGE][INFO] - Smart Wait Function is triggered

2021-11-18 12:24:39 - [MESSAGE][INFO] - Found 1 web elements with id: 'Object Repository/Olusturma/Genel/AliciBilgisi/iframe_Alc Bilgisi_customerselectiframe' located by 'By.xpath: //iframe[@id='customerselectiframe']' in '30' second(s)

2021-11-18 12:24:39 - [MESSAGE][INFO] - Switched to iframe: 'Object Repository/Olusturma/Genel/AliciBilgisi/iframe_Alc Bilgisi_customerselectiframe'

2021-11-18 12:24:39 - [MESSAGE][INFO] - Finding web element from Test Object's properties

2021-11-18 12:24:39 - [MESSAGE][INFO] - Checking timeout

2021-11-18 12:24:39 - [MESSAGE][INFO] - Finding web element with id: 'Object Repository/Olusturma/Genel/AliciBilgisi/frame' located by 'By.xpath: //*/text()[normalize-space(.)='']/parent::*' in '30' second(s)

2021-11-18 12:24:39 - [MESSAGE][INFO] - Smart Wait Function is triggered

2021-11-18 12:24:39 - [MESSAGE][INFO] - Found 66 web elements with id: 'Object Repository/Olusturma/Genel/AliciBilgisi/frame' located by 'By.xpath: //*/text()[normalize-space(.)='']/parent::*' in '30' second(s)

2021-11-18 12:24:39 - [MESSAGE][INFO] - Clicking on object: 'Object Repository/Olusturma/Genel/AliciBilgisi/frame'

2021-11-18 12:24:39 - [MESSAGE][PASSED] - Object: 'Object Repository/Olusturma/Genel/AliciBilgisi/frame' is clicked on

2021-11-18 12:24:39 - [MESSAGE][INFO] - Switching to default content

2021-11-18 12:24:39 - [TEST_STEP][PASSED] - click(findTestObject("Olusturma/Genel/AliciBilgisi/Alici_Adi")): Switching to default content

2021-11-18 12:24:39 - [MESSAGE][INFO] - Finding Test Object 'Object Repository/Olusturma/Genel/AliciBilgisi/Alici_Adi'

2021-11-18 12:24:39 - [MESSAGE][INFO] - Finding Test Object 'Object Repository/Olusturma/Genel/AliciBilgisi/iframe_Alc Bilgisi_customerselectiframe'

2021-11-18 12:24:39 - [MESSAGE][INFO] - Checking object

2021-11-18 12:24:39 - [MESSAGE][INFO] - Object: 'Object Repository/Olusturma/Genel/AliciBilgisi/Alici_Adi' has parent object(s)

2021-11-18 12:24:39 - [MESSAGE][INFO] - Switching to iframe: 'Object Repository/Olusturma/Genel/AliciBilgisi/iframe_Alc Bilgisi_customerselectiframe'

2021-11-18 12:24:39 - [MESSAGE][INFO] - Finding web element from Test Object's properties

2021-11-18 12:24:39 - [MESSAGE][INFO] - Checking timeout

2021-11-18 12:24:39 - [MESSAGE][INFO] - Finding web element with id: 'Object Repository/Olusturma/Genel/AliciBilgisi/iframe_Alc Bilgisi_customerselectiframe' located by 'By.xpath: //iframe[@id='customerselectiframe']' in '30' second(s)

2021-11-18 12:24:39 - [MESSAGE][INFO] - Smart Wait Function is triggered

2021-11-18 12:24:40 - [MESSAGE][INFO] - Found 1 web elements with id: 'Object Repository/Olusturma/Genel/AliciBilgisi/iframe_Alc Bilgisi_customerselectiframe' located by 'By.xpath: //iframe[@id='customerselectiframe']' in '30' second(s)

2021-11-18 12:24:40 - [MESSAGE][INFO] - Switched to iframe: 'Object Repository/Olusturma/Genel/AliciBilgisi/iframe_Alc Bilgisi_customerselectiframe'

2021-11-18 12:24:40 - [MESSAGE][INFO] - Finding web element from Test Object's properties

2021-11-18 12:24:40 - [MESSAGE][INFO] - Checking timeout

2021-11-18 12:24:40 - [MESSAGE][INFO] - Finding web element with id: 'Object Repository/Olusturma/Genel/AliciBilgisi/Alici_Adi' located by 'By.xpath: //tr[@id='GridViewCustomer_DXDataRow0']/td[2]' in '30' second(s)

2021-11-18 12:24:40 - [MESSAGE][INFO] - Smart Wait Function is triggered

2021-11-18 12:24:40 - [MESSAGE][INFO] - Found 1 web elements with id: 'Object Repository/Olusturma/Genel/AliciBilgisi/Alici_Adi' located by 'By.xpath: //tr[@id='GridViewCustomer_DXDataRow0']/td[2]' in '30' second(s)

2021-11-18 12:24:40 - [MESSAGE][INFO] - Clicking on object: 'Object Repository/Olusturma/Genel/AliciBilgisi/Alici_Adi'

2021-11-18 12:24:40 - [MESSAGE][PASSED] - Object: 'Object Repository/Olusturma/Genel/AliciBilgisi/Alici_Adi' is clicked on

2021-11-18 12:24:40 - [MESSAGE][INFO] - Switching to default content

2021-11-18 12:24:40 - [TEST_STEP][PASSED] - click(findTestObject("Olusturma/Genel/AliciBilgisi/Tamam_Bosluk")): Switching to default content

2021-11-18 12:24:40 - [MESSAGE][INFO] - Finding Test Object 'Object Repository/Olusturma/Genel/AliciBilgisi/Tamam_Bosluk'

2021-11-18 12:24:40 - [MESSAGE][INFO] - Finding Test Object 'Object Repository/Olusturma/Genel/AliciBilgisi/Alici_Bilgisi'

2021-11-18 12:24:40 - [MESSAGE][INFO] - Checking object

2021-11-18 12:24:40 - [MESSAGE][INFO] - Object: 'Object Repository/Olusturma/Genel/AliciBilgisi/Tamam_Bosluk' has parent object(s)

2021-11-18 12:24:40 - [MESSAGE][INFO] - Switching to iframe: 'Object Repository/Olusturma/Genel/AliciBilgisi/Alici_Bilgisi'

2021-11-18 12:24:40 - [MESSAGE][INFO] - Finding web element from Test Object's properties

2021-11-18 12:24:40 - [MESSAGE][INFO] - Checking timeout

2021-11-18 12:24:40 - [MESSAGE][INFO] - Finding web element with id: 'Object Repository/Olusturma/Genel/AliciBilgisi/Alici_Bilgisi' located by 'By.xpath: //iframe[@id='customerselectiframe']' in '30' second(s)

2021-11-18 12:24:40 - [MESSAGE][INFO] - Smart Wait Function is triggered

2021-11-18 12:24:40 - [MESSAGE][INFO] - Found 1 web elements with id: 'Object Repository/Olusturma/Genel/AliciBilgisi/Alici_Bilgisi' located by 'By.xpath: //iframe[@id='customerselectiframe']' in '30' second(s)

2021-11-18 12:24:40 - [MESSAGE][INFO] - Switched to iframe: 'Object Repository/Olusturma/Genel/AliciBilgisi/Alici_Bilgisi'

2021-11-18 12:24:40 - [MESSAGE][INFO] - Finding web element from Test Object's properties

2021-11-18 12:24:40 - [MESSAGE][INFO] - Checking timeout

2021-11-18 12:24:40 - [MESSAGE][INFO] - Finding web element with id: 'Object Repository/Olusturma/Genel/AliciBilgisi/Tamam_Bosluk' located by 'By.xpath: (.//*[normalize-space(text()) and normalize-space(.)='Sayfa Boyutu:'])[1]/following::div[7]' in '30' second(s)

2021-11-18 12:24:40 - [MESSAGE][INFO] - Smart Wait Function is triggered

2021-11-18 12:24:40 - [MESSAGE][INFO] - Found 1 web elements with id: 'Object Repository/Olusturma/Genel/AliciBilgisi/Tamam_Bosluk' located by 'By.xpath: (.//*[normalize-space(text()) and normalize-space(.)='Sayfa Boyutu:'])[1]/following::div[7]' in '30' second(s)

2021-11-18 12:24:40 - [MESSAGE][INFO] - Clicking on object: 'Object Repository/Olusturma/Genel/AliciBilgisi/Tamam_Bosluk'

2021-11-18 12:24:40 - [MESSAGE][PASSED] - Object: 'Object Repository/Olusturma/Genel/AliciBilgisi/Tamam_Bosluk' is clicked on

2021-11-18 12:24:40 - [MESSAGE][INFO] - Switching to default content

2021-11-18 12:24:40 - [TEST_STEP][PASSED] - waitForElementClickable(findTestObject("Olusturma/Genel/AliciBilgisi/Tamam_Butonu"), 10): Switching to default content

2021-11-18 12:24:40 - [MESSAGE][INFO] - Finding Test Object 'Object Repository/Olusturma/Genel/AliciBilgisi/Tamam_Butonu'

2021-11-18 12:24:40 - [MESSAGE][INFO] - Finding Test Object 'Object Repository/Olusturma/Genel/AliciBilgisi/Alici_Bilgisi'

2021-11-18 12:24:40 - [MESSAGE][INFO] - Checking object

2021-11-18 12:24:40 - [MESSAGE][INFO] - Checking timeout

2021-11-18 12:24:40 - [MESSAGE][INFO] - Object: 'Object Repository/Olusturma/Genel/AliciBilgisi/Tamam_Butonu' has parent object(s)

2021-11-18 12:24:40 - [MESSAGE][INFO] - Switching to iframe: 'Object Repository/Olusturma/Genel/AliciBilgisi/Alici_Bilgisi'

2021-11-18 12:24:40 - [MESSAGE][INFO] - Finding web element from Test Object's properties

2021-11-18 12:24:40 - [MESSAGE][INFO] - Checking timeout

2021-11-18 12:24:40 - [MESSAGE][INFO] - Finding web element with id: 'Object Repository/Olusturma/Genel/AliciBilgisi/Alici_Bilgisi' located by 'By.xpath: //iframe[@id='customerselectiframe']' in '10' second(s)

2021-11-18 12:24:40 - [MESSAGE][INFO] - Smart Wait Function is triggered

2021-11-18 12:24:41 - [MESSAGE][INFO] - Found 1 web elements with id: 'Object Repository/Olusturma/Genel/AliciBilgisi/Alici_Bilgisi' located by 'By.xpath: //iframe[@id='customerselectiframe']' in '10' second(s)

2021-11-18 12:24:41 - [MESSAGE][INFO] - Switched to iframe: 'Object Repository/Olusturma/Genel/AliciBilgisi/Alici_Bilgisi'

2021-11-18 12:24:41 - [MESSAGE][INFO] - Finding web element from Test Object's properties

2021-11-18 12:24:41 - [MESSAGE][INFO] - Checking timeout

2021-11-18 12:24:41 - [MESSAGE][INFO] - Finding web element with id: 'Object Repository/Olusturma/Genel/AliciBilgisi/Tamam_Butonu' located by 'By.xpath: //div[@id='btnSelectCustomer_CD']/span' in '10' second(s)

2021-11-18 12:24:41 - [MESSAGE][INFO] - Smart Wait Function is triggered

2021-11-18 12:24:41 - [MESSAGE][INFO] - Found 1 web elements with id: 'Object Repository/Olusturma/Genel/AliciBilgisi/Tamam_Butonu' located by 'By.xpath: //div[@id='btnSelectCustomer_CD']/span' in '10' second(s)

2021-11-18 12:24:41 - [MESSAGE][PASSED] - Object 'Object Repository/Olusturma/Genel/AliciBilgisi/Tamam_Butonu' is clickable

2021-11-18 12:24:41 - [MESSAGE][INFO] - Switching to default content

2021-11-18 12:24:41 - [TEST_STEP][PASSED] - click(findTestObject("Olusturma/Genel/AliciBilgisi/Tamam_Butonu")): Switching to default content

2021-11-18 12:24:41 - [MESSAGE][INFO] - Finding Test Object 'Object Repository/Olusturma/Genel/AliciBilgisi/Tamam_Butonu'

2021-11-18 12:24:41 - [MESSAGE][INFO] - Finding Test Object 'Object Repository/Olusturma/Genel/AliciBilgisi/Alici_Bilgisi'

2021-11-18 12:24:41 - [MESSAGE][INFO] - Checking object

2021-11-18 12:24:41 - [MESSAGE][INFO] - Object: 'Object Repository/Olusturma/Genel/AliciBilgisi/Tamam_Butonu' has parent object(s)

2021-11-18 12:24:41 - [MESSAGE][INFO] - Switching to iframe: 'Object Repository/Olusturma/Genel/AliciBilgisi/Alici_Bilgisi'

2021-11-18 12:24:41 - [MESSAGE][INFO] - Finding web element from Test Object's properties

2021-11-18 12:24:41 - [MESSAGE][INFO] - Checking timeout

2021-11-18 12:24:41 - [MESSAGE][INFO] - Finding web element with id: 'Object Repository/Olusturma/Genel/AliciBilgisi/Alici_Bilgisi' located by 'By.xpath: //iframe[@id='customerselectiframe']' in '30' second(s)

2021-11-18 12:24:41 - [MESSAGE][INFO] - Smart Wait Function is triggered

2021-11-18 12:24:41 - [MESSAGE][INFO] - Found 1 web elements with id: 'Object Repository/Olusturma/Genel/AliciBilgisi/Alici_Bilgisi' located by 'By.xpath: //iframe[@id='customerselectiframe']' in '30' second(s)

2021-11-18 12:24:41 - [MESSAGE][INFO] - Switched to iframe: 'Object Repository/Olusturma/Genel/AliciBilgisi/Alici_Bilgisi'

2021-11-18 12:24:41 - [MESSAGE][INFO] - Finding web element from Test Object's properties

2021-11-18 12:24:41 - [MESSAGE][INFO] - Checking timeout

2021-11-18 12:24:41 - [MESSAGE][INFO] - Finding web element with id: 'Object Repository/Olusturma/Genel/AliciBilgisi/Tamam_Butonu' located by 'By.xpath: //div[@id='btnSelectCustomer_CD']/span' in '30' second(s)

2021-11-18 12:24:41 - [MESSAGE][INFO] - Smart Wait Function is triggered

2021-11-18 12:24:41 - [MESSAGE][INFO] - Found 1 web elements with id: 'Object Repository/Olusturma/Genel/AliciBilgisi/Tamam_Butonu' located by 'By.xpath: //div[@id='btnSelectCustomer_CD']/span' in '30' second(s)

2021-11-18 12:24:41 - [MESSAGE][INFO] - Clicking on object: 'Object Repository/Olusturma/Genel/AliciBilgisi/Tamam_Butonu'

2021-11-18 12:24:41 - [MESSAGE][PASSED] - Object: 'Object Repository/Olusturma/Genel/AliciBilgisi/Tamam_Butonu' is clicked on

2021-11-18 12:24:41 - [MESSAGE][INFO] - Switching to default content

2021-11-18 12:24:41 - [TEST_STEP][PASSED] - waitForElementPresent(findTestObject("Olusturma/Genel/AliciBilgisi/VKN-TCKN"), 10): Object 'Object Repository/Olusturma/Genel/AliciBilgisi/VKN-TCKN' is present

2021-11-18 12:24:41 - [MESSAGE][INFO] - Finding Test Object 'Object Repository/Olusturma/Genel/AliciBilgisi/VKN-TCKN'

2021-11-18 12:24:41 - [MESSAGE][INFO] - Checking object

2021-11-18 12:24:41 - [MESSAGE][INFO] - Finding web element from Test Object's properties

2021-11-18 12:24:41 - [MESSAGE][INFO] - Checking timeout

2021-11-18 12:24:41 - [MESSAGE][INFO] - Finding web element with id: 'Object Repository/Olusturma/Genel/AliciBilgisi/VKN-TCKN' located by 'By.xpath: //*[@id = 'txtVknTckn_I']' in '10' second(s)

2021-11-18 12:24:41 - [MESSAGE][INFO] - Smart Wait Function is triggered

2021-11-18 12:24:42 - [MESSAGE][INFO] - Found 1 web elements with id: 'Object Repository/Olusturma/Genel/AliciBilgisi/VKN-TCKN' located by 'By.xpath: //*[@id = 'txtVknTckn_I']' in '10' second(s)

2021-11-18 12:24:42 - [MESSAGE][PASSED] - Object 'Object Repository/Olusturma/Genel/AliciBilgisi/VKN-TCKN' is present

2021-11-18 12:24:42 - [TEST_STEP][PASSED] - text = getAttribute(findTestObject("Olusturma/Genel/AliciBilgisi/VKN-TCKN"), "value"): Attribute 'value' of object 'Object Repository/Olusturma/Genel/AliciBilgisi/VKN-TCKN' is: '5324398537'

2021-11-18 12:24:42 - [MESSAGE][INFO] - Finding Test Object 'Object Repository/Olusturma/Genel/AliciBilgisi/VKN-TCKN'

2021-11-18 12:24:42 - [MESSAGE][INFO] - Checking object

2021-11-18 12:24:42 - [MESSAGE][INFO] - Checking attribute

2021-11-18 12:24:42 - [MESSAGE][INFO] - Finding web element from Test Object's properties

2021-11-18 12:24:42 - [MESSAGE][INFO] - Checking timeout

2021-11-18 12:24:42 - [MESSAGE][INFO] - Finding web element with id: 'Object Repository/Olusturma/Genel/AliciBilgisi/VKN-TCKN' located by 'By.xpath: //*[@id = 'txtVknTckn_I']' in '30' second(s)

2021-11-18 12:24:42 - [MESSAGE][INFO] - Smart Wait Function is triggered

2021-11-18 12:24:42 - [MESSAGE][INFO] - Found 1 web elements with id: 'Object Repository/Olusturma/Genel/AliciBilgisi/VKN-TCKN' located by 'By.xpath: //*[@id = 'txtVknTckn_I']' in '30' second(s)

2021-11-18 12:24:42 - [MESSAGE][INFO] - Getting attribute 'value' of object 'Object Repository/Olusturma/Genel/AliciBilgisi/VKN-TCKN'

2021-11-18 12:24:42 - [MESSAGE][PASSED] - Attribute 'value' of object 'Object Repository/Olusturma/Genel/AliciBilgisi/VKN-TCKN' is: '5324398537'

2021-11-18 12:24:42 - [TEST_STEP][PASSED] - if (text.equals("")): null

2021-11-18 12:24:42 - [MESSAGE][PASSED] - Call Test Case 'Test Cases/Olusturma/Genel/AliciSecilir' successfully

2021-11-18 12:24:42 - [MESSAGE][INFO] - Checking called Test Case

2021-11-18 12:24:42 - [MESSAGE][INFO] - Starting to call Test Case 'Test Cases/Olusturma/Genel/GonderimSekliSecilir'

2021-11-18 12:24:42 - [TEST_CASE][PASSED] - Test Cases/Olusturma/Genel/GonderimSekliSecilir: Test Cases/Olusturma/Genel/GonderimSekliSecilir

2021-11-18 12:24:42 - [TEST_STEP][PASSED] - waitForElementClickable(findTestObject("Object Repository/Olusturma/Genel/GonderimSekli/GonderimSekli"), 10): Object 'Object Repository/Olusturma/Genel/GonderimSekli/GonderimSekli' is clickable

2021-11-18 12:24:42 - [MESSAGE][INFO] - Finding Test Object 'Object Repository/Olusturma/Genel/GonderimSekli/GonderimSekli'

2021-11-18 12:24:42 - [MESSAGE][INFO] - Checking object

2021-11-18 12:24:42 - [MESSAGE][INFO] - Checking timeout

2021-11-18 12:24:42 - [MESSAGE][INFO] - Finding web element from Test Object's properties

2021-11-18 12:24:42 - [MESSAGE][INFO] - Checking timeout

2021-11-18 12:24:42 - [MESSAGE][INFO] - Finding web element with id: 'Object Repository/Olusturma/Genel/GonderimSekli/GonderimSekli' located by 'By.xpath: //*[@id = 'txtGonderimSekil_I']' in '10' second(s)

2021-11-18 12:24:42 - [MESSAGE][INFO] - Smart Wait Function is triggered

2021-11-18 12:24:43 - [MESSAGE][INFO] - Found 1 web elements with id: 'Object Repository/Olusturma/Genel/GonderimSekli/GonderimSekli' located by 'By.xpath: //*[@id = 'txtGonderimSekil_I']' in '10' second(s)

2021-11-18 12:24:43 - [MESSAGE][PASSED] - Object 'Object Repository/Olusturma/Genel/GonderimSekli/GonderimSekli' is clickable

2021-11-18 12:24:43 - [TEST_STEP][PASSED] - click(findTestObject("Object Repository/Olusturma/Genel/GonderimSekli/GonderimSekli")): Object: 'Object Repository/Olusturma/Genel/GonderimSekli/GonderimSekli' is clicked on

2021-11-18 12:24:43 - [MESSAGE][INFO] - Finding Test Object 'Object Repository/Olusturma/Genel/GonderimSekli/GonderimSekli'

2021-11-18 12:24:43 - [MESSAGE][INFO] - Checking object

2021-11-18 12:24:43 - [MESSAGE][INFO] - Finding web element from Test Object's properties

2021-11-18 12:24:43 - [MESSAGE][INFO] - Checking timeout

2021-11-18 12:24:43 - [MESSAGE][INFO] - Finding web element with id: 'Object Repository/Olusturma/Genel/GonderimSekli/GonderimSekli' located by 'By.xpath: //*[@id = 'txtGonderimSekil_I']' in '30' second(s)

2021-11-18 12:24:43 - [MESSAGE][INFO] - Smart Wait Function is triggered

2021-11-18 12:24:43 - [MESSAGE][INFO] - Found 1 web elements with id: 'Object Repository/Olusturma/Genel/GonderimSekli/GonderimSekli' located by 'By.xpath: //*[@id = 'txtGonderimSekil_I']' in '30' second(s)

2021-11-18 12:24:43 - [MESSAGE][INFO] - Clicking on object: 'Object Repository/Olusturma/Genel/GonderimSekli/GonderimSekli'

2021-11-18 12:24:43 - [MESSAGE][PASSED] - Object: 'Object Repository/Olusturma/Genel/GonderimSekli/GonderimSekli' is clicked on

2021-11-18 12:24:43 - [TEST_STEP][PASSED] - Method.TextDegerineEsitElementeTikla(findTestObject("Object Repository/Olusturma/Genel/GonderimSekli/GonderimSekliAdi"), GonderimSekli): Method.TextDegerineEsitElementeTikla is PASSED

2021-11-18 12:24:43 - [MESSAGE][INFO] - Finding Test Object 'Object Repository/Olusturma/Genel/GonderimSekli/GonderimSekliAdi'

2021-11-18 12:24:43 - [MESSAGE][INFO] - Checking timeout

2021-11-18 12:24:43 - [MESSAGE][INFO] - Finding web element with id: 'Object Repository/Olusturma/Genel/GonderimSekli/GonderimSekliAdi' located by 'By.cssSelector: #txtGonderimSekil_DDD_L_LBT td' in '10' second(s)

2021-11-18 12:24:43 - [MESSAGE][INFO] - Smart Wait Function is triggered

2021-11-18 12:24:44 - [MESSAGE][INFO] - Found 2 web elements with id: 'Object Repository/Olusturma/Genel/GonderimSekli/GonderimSekliAdi' located by 'By.cssSelector: #txtGonderimSekil_DDD_L_LBT td' in '10' second(s)

2021-11-18 12:24:44 - [MESSAGE][PASSED] - Method.TextDegerineEsitElementeTikla is PASSED

2021-11-18 12:24:44 - [MESSAGE][PASSED] - Call Test Case 'Test Cases/Olusturma/Genel/GonderimSekliSecilir' successfully

2021-11-18 12:24:44 - [MESSAGE][INFO] - Checking called Test Case

2021-11-18 12:24:44 - [MESSAGE][INFO] - Starting to call Test Case 'Test Cases/Olusturma/Genel/TipSecilir'

2021-11-18 12:24:44 - [TEST_CASE][PASSED] - Test Cases/Olusturma/Genel/TipSecilir: Test Cases/Olusturma/Genel/TipSecilir

2021-11-18 12:24:44 - [TEST_STEP][PASSED] - waitForElementClickable(findTestObject("Olusturma/Genel/TipSecilir/Tip"), 10): Object 'Object Repository/Olusturma/Genel/TipSecilir/Tip' is clickable

2021-11-18 12:24:44 - [MESSAGE][INFO] - Finding Test Object 'Object Repository/Olusturma/Genel/TipSecilir/Tip'

2021-11-18 12:24:44 - [MESSAGE][INFO] - Checking object

2021-11-18 12:24:44 - [MESSAGE][INFO] - Checking timeout

2021-11-18 12:24:44 - [MESSAGE][INFO] - Finding web element from Test Object's properties

2021-11-18 12:24:44 - [MESSAGE][INFO] - Checking timeout

2021-11-18 12:24:44 - [MESSAGE][INFO] - Finding web element with id: 'Object Repository/Olusturma/Genel/TipSecilir/Tip' located by 'By.xpath: //*[@id = 'DocumentTypeCode_I']' in '10' second(s)

2021-11-18 12:24:44 - [MESSAGE][INFO] - Smart Wait Function is triggered

2021-11-18 12:24:44 - [MESSAGE][INFO] - Found 1 web elements with id: 'Object Repository/Olusturma/Genel/TipSecilir/Tip' located by 'By.xpath: //*[@id = 'DocumentTypeCode_I']' in '10' second(s)

2021-11-18 12:24:44 - [MESSAGE][PASSED] - Object 'Object Repository/Olusturma/Genel/TipSecilir/Tip' is clickable

2021-11-18 12:24:44 - [TEST_STEP][PASSED] - click(findTestObject("Olusturma/Genel/TipSecilir/Tip")): Object: 'Object Repository/Olusturma/Genel/TipSecilir/Tip' is clicked on

2021-11-18 12:24:44 - [MESSAGE][INFO] - Finding Test Object 'Object Repository/Olusturma/Genel/TipSecilir/Tip'

2021-11-18 12:24:44 - [MESSAGE][INFO] - Checking object

2021-11-18 12:24:44 - [MESSAGE][INFO] - Finding web element from Test Object's properties

2021-11-18 12:24:44 - [MESSAGE][INFO] - Checking timeout

2021-11-18 12:24:44 - [MESSAGE][INFO] - Finding web element with id: 'Object Repository/Olusturma/Genel/TipSecilir/Tip' located by 'By.xpath: //*[@id = 'DocumentTypeCode_I']' in '30' second(s)

2021-11-18 12:24:44 - [MESSAGE][INFO] - Smart Wait Function is triggered

2021-11-18 12:24:45 - [MESSAGE][INFO] - Found 1 web elements with id: 'Object Repository/Olusturma/Genel/TipSecilir/Tip' located by 'By.xpath: //*[@id = 'DocumentTypeCode_I']' in '30' second(s)

2021-11-18 12:24:45 - [MESSAGE][INFO] - Clicking on object: 'Object Repository/Olusturma/Genel/TipSecilir/Tip'

2021-11-18 12:24:45 - [MESSAGE][PASSED] - Object: 'Object Repository/Olusturma/Genel/TipSecilir/Tip' is clicked on

2021-11-18 12:24:45 - [TEST_STEP][PASSED] - Method.TextDegerineEsitElementeTikla(findTestObject("Object Repository/Olusturma/Genel/TipSecilir/Tip_Adi"), Tip): Method.TextDegerineEsitElementeTikla is PASSED

2021-11-18 12:24:45 - [MESSAGE][INFO] - Finding Test Object 'Object Repository/Olusturma/Genel/TipSecilir/Tip_Adi'

2021-11-18 12:24:45 - [MESSAGE][INFO] - Checking timeout

2021-11-18 12:24:45 - [MESSAGE][INFO] - Finding web element with id: 'Object Repository/Olusturma/Genel/TipSecilir/Tip_Adi' located by 'By.cssSelector: #DocumentTypeCode_DDD_L_LBT td' in '10' second(s)

2021-11-18 12:24:45 - [MESSAGE][INFO] - Smart Wait Function is triggered

2021-11-18 12:24:45 - [MESSAGE][INFO] - Found 9 web elements with id: 'Object Repository/Olusturma/Genel/TipSecilir/Tip_Adi' located by 'By.cssSelector: #DocumentTypeCode_DDD_L_LBT td' in '10' second(s)

2021-11-18 12:24:45 - [MESSAGE][PASSED] - Method.TextDegerineEsitElementeTikla is PASSED

2021-11-18 12:24:45 - [MESSAGE][PASSED] - Call Test Case 'Test Cases/Olusturma/Genel/TipSecilir' successfully

2021-11-18 12:24:45 - [MESSAGE][INFO] - Checking called Test Case

2021-11-18 12:24:45 - [MESSAGE][INFO] - Starting to call Test Case 'Test Cases/Olusturma/Genel/DokumanParaBirimiSecilir'

2021-11-18 12:24:45 - [TEST_CASE][PASSED] - Test Cases/Olusturma/Genel/DokumanParaBirimiSecilir: Test Cases/Olusturma/Genel/DokumanParaBirimiSecilir

2021-11-18 12:24:45 - [TEST_STEP][PASSED] - waitForElementClickable(findTestObject("Object Repository/Olusturma/Genel/DokumanParaBirimiSecilir/Para"), 10): Object 'Object Repository/Olusturma/Genel/DokumanParaBirimiSecilir/Para' is clickable

2021-11-18 12:24:45 - [MESSAGE][INFO] - Finding Test Object 'Object Repository/Olusturma/Genel/DokumanParaBirimiSecilir/Para'

2021-11-18 12:24:45 - [MESSAGE][INFO] - Checking object

2021-11-18 12:24:45 - [MESSAGE][INFO] - Checking timeout

2021-11-18 12:24:45 - [MESSAGE][INFO] - Finding web element from Test Object's properties

2021-11-18 12:24:45 - [MESSAGE][INFO] - Checking timeout

2021-11-18 12:24:45 - [MESSAGE][INFO] - Finding web element with id: 'Object Repository/Olusturma/Genel/DokumanParaBirimiSecilir/Para' located by 'By.xpath: //*[@id = 'CurrencyUnit_I']' in '10' second(s)

2021-11-18 12:24:45 - [MESSAGE][INFO] - Smart Wait Function is triggered

2021-11-18 12:24:47 - [MESSAGE][INFO] - Found 1 web elements with id: 'Object Repository/Olusturma/Genel/DokumanParaBirimiSecilir/Para' located by 'By.xpath: //*[@id = 'CurrencyUnit_I']' in '10' second(s)

2021-11-18 12:24:47 - [MESSAGE][PASSED] - Object 'Object Repository/Olusturma/Genel/DokumanParaBirimiSecilir/Para' is clickable

2021-11-18 12:24:47 - [TEST_STEP][PASSED] - click(findTestObject("Object Repository/Olusturma/Genel/DokumanParaBirimiSecilir/Para")): Object: 'Object Repository/Olusturma/Genel/DokumanParaBirimiSecilir/Para' is clicked on

2021-11-18 12:24:47 - [MESSAGE][INFO] - Finding Test Object 'Object Repository/Olusturma/Genel/DokumanParaBirimiSecilir/Para'

2021-11-18 12:24:47 - [MESSAGE][INFO] - Checking object

2021-11-18 12:24:47 - [MESSAGE][INFO] - Finding web element from Test Object's properties

2021-11-18 12:24:47 - [MESSAGE][INFO] - Checking timeout

2021-11-18 12:24:47 - [MESSAGE][INFO] - Finding web element with id: 'Object Repository/Olusturma/Genel/DokumanParaBirimiSecilir/Para' located by 'By.xpath: //*[@id = 'CurrencyUnit_I']' in '30' second(s)

2021-11-18 12:24:47 - [MESSAGE][INFO] - Smart Wait Function is triggered

2021-11-18 12:24:47 - [MESSAGE][INFO] - Found 1 web elements with id: 'Object Repository/Olusturma/Genel/DokumanParaBirimiSecilir/Para' located by 'By.xpath: //*[@id = 'CurrencyUnit_I']' in '30' second(s)

2021-11-18 12:24:47 - [MESSAGE][INFO] - Clicking on object: 'Object Repository/Olusturma/Genel/DokumanParaBirimiSecilir/Para'

2021-11-18 12:24:48 - [MESSAGE][PASSED] - Object: 'Object Repository/Olusturma/Genel/DokumanParaBirimiSecilir/Para' is clicked on

2021-11-18 12:24:48 - [TEST_STEP][PASSED] - Method.TextDegerineEsitElementeTikla(findTestObject("Object Repository/Olusturma/Genel/DokumanParaBirimiSecilir/Para_Adi"), Para): Method.TextDegerineEsitElementeTikla is PASSED

2021-11-18 12:24:48 - [MESSAGE][INFO] - Finding Test Object 'Object Repository/Olusturma/Genel/DokumanParaBirimiSecilir/Para_Adi'

2021-11-18 12:24:48 - [MESSAGE][INFO] - Checking timeout

2021-11-18 12:24:48 - [MESSAGE][INFO] - Finding web element with id: 'Object Repository/Olusturma/Genel/DokumanParaBirimiSecilir/Para_Adi' located by 'By.cssSelector: #CurrencyUnit_DDD_L_LBT td' in '10' second(s)

2021-11-18 12:24:48 - [MESSAGE][INFO] - Smart Wait Function is triggered

2021-11-18 12:24:48 - [MESSAGE][INFO] - Found 203 web elements with id: 'Object Repository/Olusturma/Genel/DokumanParaBirimiSecilir/Para_Adi' located by 'By.cssSelector: #CurrencyUnit_DDD_L_LBT td' in '10' second(s)

2021-11-18 12:24:52 - [MESSAGE][PASSED] - Method.TextDegerineEsitElementeTikla is PASSED

2021-11-18 12:24:52 - [MESSAGE][PASSED] - Call Test Case 'Test Cases/Olusturma/Genel/DokumanParaBirimiSecilir' successfully

2021-11-18 12:24:52 - [MESSAGE][INFO] - Checking called Test Case

2021-11-18 12:24:52 - [MESSAGE][INFO] - Starting to call Test Case 'Test Cases/Olusturma/Genel/OnEkSecilir'

2021-11-18 12:24:52 - [TEST_CASE][PASSED] - Test Cases/Olusturma/Genel/OnEkSecilir: Test Cases/Olusturma/Genel/OnEkSecilir

2021-11-18 12:24:52 - [TEST_STEP][PASSED] - waitForElementClickable(findTestObject("Object Repository/Olusturma/Genel/OnEkSecilir/OnEk"), 10): Object 'Object Repository/Olusturma/Genel/OnEkSecilir/OnEk' is clickable

2021-11-18 12:24:52 - [MESSAGE][INFO] - Finding Test Object 'Object Repository/Olusturma/Genel/OnEkSecilir/OnEk'

2021-11-18 12:24:53 - [MESSAGE][INFO] - Checking object

2021-11-18 12:24:53 - [MESSAGE][INFO] - Checking timeout

2021-11-18 12:24:53 - [MESSAGE][INFO] - Finding web element from Test Object's properties

2021-11-18 12:24:53 - [MESSAGE][INFO] - Checking timeout

2021-11-18 12:24:53 - [MESSAGE][INFO] - Finding web element with id: 'Object Repository/Olusturma/Genel/OnEkSecilir/OnEk' located by 'By.xpath: //*[@id = 'InvoicePrefix_I']' in '10' second(s)

2021-11-18 12:24:53 - [MESSAGE][INFO] - Smart Wait Function is triggered

2021-11-18 12:24:53 - [MESSAGE][INFO] - Found 1 web elements with id: 'Object Repository/Olusturma/Genel/OnEkSecilir/OnEk' located by 'By.xpath: //*[@id = 'InvoicePrefix_I']' in '10' second(s)

2021-11-18 12:24:53 - [MESSAGE][PASSED] - Object 'Object Repository/Olusturma/Genel/OnEkSecilir/OnEk' is clickable

2021-11-18 12:24:53 - [TEST_STEP][PASSED] - click(findTestObject("Object Repository/Olusturma/Genel/OnEkSecilir/OnEk")): Object: 'Object Repository/Olusturma/Genel/OnEkSecilir/OnEk' is clicked on

2021-11-18 12:24:53 - [MESSAGE][INFO] - Finding Test Object 'Object Repository/Olusturma/Genel/OnEkSecilir/OnEk'

2021-11-18 12:24:53 - [MESSAGE][INFO] - Checking object

2021-11-18 12:24:53 - [MESSAGE][INFO] - Finding web element from Test Object's properties

2021-11-18 12:24:53 - [MESSAGE][INFO] - Checking timeout

2021-11-18 12:24:53 - [MESSAGE][INFO] - Finding web element with id: 'Object Repository/Olusturma/Genel/OnEkSecilir/OnEk' located by 'By.xpath: //*[@id = 'InvoicePrefix_I']' in '30' second(s)

2021-11-18 12:24:53 - [MESSAGE][INFO] - Smart Wait Function is triggered

2021-11-18 12:24:53 - [MESSAGE][INFO] - Found 1 web elements with id: 'Object Repository/Olusturma/Genel/OnEkSecilir/OnEk' located by 'By.xpath: //*[@id = 'InvoicePrefix_I']' in '30' second(s)

2021-11-18 12:24:53 - [MESSAGE][INFO] - Clicking on object: 'Object Repository/Olusturma/Genel/OnEkSecilir/OnEk'

2021-11-18 12:24:53 - [MESSAGE][PASSED] - Object: 'Object Repository/Olusturma/Genel/OnEkSecilir/OnEk' is clicked on

2021-11-18 12:24:53 - [TEST_STEP][PASSED] - Method.TextDegerineEsitElementeTiklaEquals(findTestObject("Object Repository/Olusturma/Genel/OnEkSecilir/OnEkAdi"), Ek): Method.TextDegerineEsitElementeTiklaEquals is PASSED

2021-11-18 12:24:53 - [MESSAGE][INFO] - Finding Test Object 'Object Repository/Olusturma/Genel/OnEkSecilir/OnEkAdi'

2021-11-18 12:24:53 - [MESSAGE][INFO] - Checking timeout

2021-11-18 12:24:53 - [MESSAGE][INFO] - Finding web element with id: 'Object Repository/Olusturma/Genel/OnEkSecilir/OnEkAdi' located by 'By.cssSelector: #InvoicePrefix_DDD_L_LBT td' in '10' second(s)

2021-11-18 12:24:53 - [MESSAGE][INFO] - Smart Wait Function is triggered

2021-11-18 12:24:54 - [MESSAGE][INFO] - Found 1 web elements with id: 'Object Repository/Olusturma/Genel/OnEkSecilir/OnEkAdi' located by 'By.cssSelector: #InvoicePrefix_DDD_L_LBT td' in '10' second(s)

2021-11-18 12:24:54 - [MESSAGE][PASSED] - Method.TextDegerineEsitElementeTiklaEquals is PASSED

2021-11-18 12:24:54 - [MESSAGE][PASSED] - Call Test Case 'Test Cases/Olusturma/Genel/OnEkSecilir' successfully

2021-11-18 12:24:54 - [MESSAGE][INFO] - Checking called Test Case

2021-11-18 12:24:54 - [MESSAGE][INFO] - Starting to call Test Case 'Test Cases/Olusturma/Genel/TasarimSecilir'

2021-11-18 12:24:54 - [TEST_CASE][PASSED] - Test Cases/Olusturma/Genel/TasarimSecilir: Test Cases/Olusturma/Genel/TasarimSecilir

2021-11-18 12:24:54 - [TEST_STEP][PASSED] - waitForElementClickable(findTestObject("Object Repository/Olusturma/Genel/TasarimSecilir/Tasarim"), 10): Object 'Object Repository/Olusturma/Genel/TasarimSecilir/Tasarim' is clickable

2021-11-18 12:24:54 - [MESSAGE][INFO] - Finding Test Object 'Object Repository/Olusturma/Genel/TasarimSecilir/Tasarim'

2021-11-18 12:24:54 - [MESSAGE][INFO] - Checking object

2021-11-18 12:24:54 - [MESSAGE][INFO] - Checking timeout

2021-11-18 12:24:54 - [MESSAGE][INFO] - Finding web element from Test Object's properties

2021-11-18 12:24:54 - [MESSAGE][INFO] - Checking timeout

2021-11-18 12:24:54 - [MESSAGE][INFO] - Finding web element with id: 'Object Repository/Olusturma/Genel/TasarimSecilir/Tasarim' located by 'By.xpath: //*[@id = 'DesignId_I']' in '10' second(s)

2021-11-18 12:24:54 - [MESSAGE][INFO] - Smart Wait Function is triggered

2021-11-18 12:24:54 - [MESSAGE][INFO] - Found 1 web elements with id: 'Object Repository/Olusturma/Genel/TasarimSecilir/Tasarim' located by 'By.xpath: //*[@id = 'DesignId_I']' in '10' second(s)

2021-11-18 12:24:54 - [MESSAGE][PASSED] - Object 'Object Repository/Olusturma/Genel/TasarimSecilir/Tasarim' is clickable

2021-11-18 12:24:54 - [TEST_STEP][PASSED] - click(findTestObject("Object Repository/Olusturma/Genel/TasarimSecilir/Tasarim")): Object: 'Object Repository/Olusturma/Genel/TasarimSecilir/Tasarim' is clicked on

2021-11-18 12:24:54 - [MESSAGE][INFO] - Finding Test Object 'Object Repository/Olusturma/Genel/TasarimSecilir/Tasarim'

2021-11-18 12:24:54 - [MESSAGE][INFO] - Checking object

2021-11-18 12:24:54 - [MESSAGE][INFO] - Finding web element from Test Object's properties

2021-11-18 12:24:54 - [MESSAGE][INFO] - Checking timeout

2021-11-18 12:24:54 - [MESSAGE][INFO] - Finding web element with id: 'Object Repository/Olusturma/Genel/TasarimSecilir/Tasarim' located by 'By.xpath: //*[@id = 'DesignId_I']' in '30' second(s)

2021-11-18 12:24:54 - [MESSAGE][INFO] - Smart Wait Function is triggered

2021-11-18 12:24:54 - [MESSAGE][INFO] - Found 1 web elements with id: 'Object Repository/Olusturma/Genel/TasarimSecilir/Tasarim' located by 'By.xpath: //*[@id = 'DesignId_I']' in '30' second(s)

2021-11-18 12:24:54 - [MESSAGE][INFO] - Clicking on object: 'Object Repository/Olusturma/Genel/TasarimSecilir/Tasarim'

2021-11-18 12:24:55 - [MESSAGE][PASSED] - Object: 'Object Repository/Olusturma/Genel/TasarimSecilir/Tasarim' is clicked on

2021-11-18 12:24:55 - [TEST_STEP][PASSED] - Method.TextDegerineEsitElementeTikla(findTestObject("Object Repository/Olusturma/Genel/TasarimSecilir/Tasarim_Adi"), Tasarim): Method.TextDegerineEsitElementeTikla is PASSED

2021-11-18 12:24:55 - [MESSAGE][INFO] - Finding Test Object 'Object Repository/Olusturma/Genel/TasarimSecilir/Tasarim_Adi'

2021-11-18 12:24:55 - [MESSAGE][INFO] - Checking timeout

2021-11-18 12:24:55 - [MESSAGE][INFO] - Finding web element with id: 'Object Repository/Olusturma/Genel/TasarimSecilir/Tasarim_Adi' located by 'By.cssSelector: #DesignId_DDD_L_LBT td' in '10' second(s)

2021-11-18 12:24:55 - [MESSAGE][INFO] - Smart Wait Function is triggered

2021-11-18 12:24:55 - [MESSAGE][INFO] - Found 1 web elements with id: 'Object Repository/Olusturma/Genel/TasarimSecilir/Tasarim_Adi' located by 'By.cssSelector: #DesignId_DDD_L_LBT td' in '10' second(s)

2021-11-18 12:24:55 - [MESSAGE][PASSED] - Method.TextDegerineEsitElementeTikla is PASSED

2021-11-18 12:24:55 - [MESSAGE][PASSED] - Call Test Case 'Test Cases/Olusturma/Genel/TasarimSecilir' successfully

2021-11-18 12:24:55 - [MESSAGE][INFO] - Checking called Test Case

2021-11-18 12:24:55 - [MESSAGE][INFO] - Starting to call Test Case 'Test Cases/Olusturma/Genel/Kutular/SiparisBilgileriGirilir'

2021-11-18 12:24:55 - [TEST_CASE][PASSED] - Test Cases/Olusturma/Genel/Kutular/SiparisBilgileriGirilir: Test Cases/Olusturma/Genel/Kutular/SiparisBilgileriGirilir

2021-11-18 12:24:55 - [TEST_STEP][PASSED] - Method.TextDegerineEsitElementeTikla(findTestObject("Olusturma/Genel/Kutular/KapaliKutular"), "Sipariş Bilgileri"): Method.TextDegerineEsitElementeTikla is PASSED

2021-11-18 12:24:55 - [MESSAGE][INFO] - Finding Test Object 'Object Repository/Olusturma/Genel/Kutular/KapaliKutular'

2021-11-18 12:24:55 - [MESSAGE][INFO] - Checking timeout

2021-11-18 12:24:55 - [MESSAGE][INFO] - Finding web element with id: 'Object Repository/Olusturma/Genel/Kutular/KapaliKutular' located by 'By.cssSelector: .dxnb-headerCollapsed>span' in '10' second(s)

2021-11-18 12:24:55 - [MESSAGE][INFO] - Smart Wait Function is triggered

2021-11-18 12:24:55 - [MESSAGE][INFO] - Found 8 web elements with id: 'Object Repository/Olusturma/Genel/Kutular/KapaliKutular' located by 'By.cssSelector: .dxnb-headerCollapsed>span' in '10' second(s)

2021-11-18 12:24:55 - [MESSAGE][PASSED] - Method.TextDegerineEsitElementeTikla is PASSED

2021-11-18 12:24:55 - [TEST_STEP][PASSED] - waitForElementPresent(findTestObject("Object Repository/Olusturma/Genel/Kutular/SiparisBilgileri/SiparisNo"), 10): Object 'Object Repository/Olusturma/Genel/Kutular/SiparisBilgileri/SiparisNo' is present

2021-11-18 12:24:55 - [MESSAGE][INFO] - Finding Test Object 'Object Repository/Olusturma/Genel/Kutular/SiparisBilgileri/SiparisNo'

2021-11-18 12:24:56 - [MESSAGE][INFO] - Checking object

2021-11-18 12:24:56 - [MESSAGE][INFO] - Finding web element from Test Object's properties

2021-11-18 12:24:56 - [MESSAGE][INFO] - Checking timeout

2021-11-18 12:24:56 - [MESSAGE][INFO] - Finding web element with id: 'Object Repository/Olusturma/Genel/Kutular/SiparisBilgileri/SiparisNo' located by 'By.xpath: //*[@id = 'txtSiparisNo_I']' in '10' second(s)

2021-11-18 12:24:56 - [MESSAGE][INFO] - Smart Wait Function is triggered

2021-11-18 12:24:56 - [MESSAGE][INFO] - Found 1 web elements with id: 'Object Repository/Olusturma/Genel/Kutular/SiparisBilgileri/SiparisNo' located by 'By.xpath: //*[@id = 'txtSiparisNo_I']' in '10' second(s)

2021-11-18 12:24:56 - [MESSAGE][PASSED] - Object 'Object Repository/Olusturma/Genel/Kutular/SiparisBilgileri/SiparisNo' is present

2021-11-18 12:24:56 - [TEST_STEP][PASSED] - clearText(findTestObject("Object Repository/Olusturma/Genel/Kutular/SiparisBilgileri/SiparisNo")): Text of object 'Object Repository/Olusturma/Genel/Kutular/SiparisBilgileri/SiparisNo' is cleared

2021-11-18 12:24:56 - [MESSAGE][INFO] - Finding Test Object 'Object Repository/Olusturma/Genel/Kutular/SiparisBilgileri/SiparisNo'

2021-11-18 12:24:56 - [MESSAGE][INFO] - Checking object

2021-11-18 12:24:56 - [MESSAGE][INFO] - Finding web element from Test Object's properties

2021-11-18 12:24:56 - [MESSAGE][INFO] - Checking timeout

2021-11-18 12:24:56 - [MESSAGE][INFO] - Finding web element with id: 'Object Repository/Olusturma/Genel/Kutular/SiparisBilgileri/SiparisNo' located by 'By.xpath: //*[@id = 'txtSiparisNo_I']' in '30' second(s)

2021-11-18 12:24:56 - [MESSAGE][INFO] - Smart Wait Function is triggered

2021-11-18 12:24:56 - [MESSAGE][INFO] - Found 1 web elements with id: 'Object Repository/Olusturma/Genel/Kutular/SiparisBilgileri/SiparisNo' located by 'By.xpath: //*[@id = 'txtSiparisNo_I']' in '30' second(s)

2021-11-18 12:24:56 - [MESSAGE][INFO] - Clearing text of object 'Object Repository/Olusturma/Genel/Kutular/SiparisBilgileri/SiparisNo'

2021-11-18 12:24:56 - [MESSAGE][PASSED] - Text of object 'Object Repository/Olusturma/Genel/Kutular/SiparisBilgileri/SiparisNo' is cleared

2021-11-18 12:24:56 - [TEST_STEP][PASSED] - sendKeys(findTestObject("Object Repository/Olusturma/Genel/Kutular/SiparisBilgileri/SiparisNo"), SiparisNo): Keys 'UUC-SAT-1200001' sent to object: 'Object Repository/Olusturma/Genel/Kutular/SiparisBilgileri/SiparisNo'

2021-11-18 12:24:56 - [MESSAGE][INFO] - Finding Test Object 'Object Repository/Olusturma/Genel/Kutular/SiparisBilgileri/SiparisNo'

2021-11-18 12:24:56 - [MESSAGE][INFO] - Sending keys 'UUC-SAT-1200001' to object: 'Object Repository/Olusturma/Genel/Kutular/SiparisBilgileri/SiparisNo'

2021-11-18 12:24:56 - [MESSAGE][INFO] - Finding web element from Test Object's properties

2021-11-18 12:24:56 - [MESSAGE][INFO] - Checking timeout

2021-11-18 12:24:56 - [MESSAGE][INFO] - Finding web element with id: 'Object Repository/Olusturma/Genel/Kutular/SiparisBilgileri/SiparisNo' located by 'By.xpath: //*[@id = 'txtSiparisNo_I']' in '30' second(s)

2021-11-18 12:24:56 - [MESSAGE][INFO] - Smart Wait Function is triggered

2021-11-18 12:24:57 - [MESSAGE][INFO] - Found 1 web elements with id: 'Object Repository/Olusturma/Genel/Kutular/SiparisBilgileri/SiparisNo' located by 'By.xpath: //*[@id = 'txtSiparisNo_I']' in '30' second(s)

2021-11-18 12:24:57 - [MESSAGE][PASSED] - Keys 'UUC-SAT-1200001' sent to object: 'Object Repository/Olusturma/Genel/Kutular/SiparisBilgileri/SiparisNo'

2021-11-18 12:24:57 - [TEST_STEP][PASSED] - waitForElementClickable(findTestObject("Object Repository/Olusturma/Genel/Kutular/SiparisBilgileri/SiparisTarihiImage"), 10): Object 'Object Repository/Olusturma/Genel/Kutular/SiparisBilgileri/SiparisTarihiImage' is clickable

2021-11-18 12:24:57 - [MESSAGE][INFO] - Finding Test Object 'Object Repository/Olusturma/Genel/Kutular/SiparisBilgileri/SiparisTarihiImage'

2021-11-18 12:24:57 - [MESSAGE][INFO] - Checking object

2021-11-18 12:24:57 - [MESSAGE][INFO] - Checking timeout

2021-11-18 12:24:57 - [MESSAGE][INFO] - Finding web element from Test Object's properties

2021-11-18 12:24:57 - [MESSAGE][INFO] - Checking timeout

2021-11-18 12:24:57 - [MESSAGE][INFO] - Finding web element with id: 'Object Repository/Olusturma/Genel/Kutular/SiparisBilgileri/SiparisTarihiImage' located by 'By.cssSelector: #dateSiparisTarih img' in '10' second(s)

2021-11-18 12:24:57 - [MESSAGE][INFO] - Smart Wait Function is triggered

2021-11-18 12:24:57 - [MESSAGE][INFO] - Found 1 web elements with id: 'Object Repository/Olusturma/Genel/Kutular/SiparisBilgileri/SiparisTarihiImage' located by 'By.cssSelector: #dateSiparisTarih img' in '10' second(s)

2021-11-18 12:24:57 - [MESSAGE][PASSED] - Object 'Object Repository/Olusturma/Genel/Kutular/SiparisBilgileri/SiparisTarihiImage' is clickable

2021-11-18 12:24:57 - [TEST_STEP][PASSED] - click(findTestObject("Object Repository/Olusturma/Genel/Kutular/SiparisBilgileri/SiparisTarihiImage")): Object: 'Object Repository/Olusturma/Genel/Kutular/SiparisBilgileri/SiparisTarihiImage' is clicked on

2021-11-18 12:24:57 - [MESSAGE][INFO] - Finding Test Object 'Object Repository/Olusturma/Genel/Kutular/SiparisBilgileri/SiparisTarihiImage'

2021-11-18 12:24:57 - [MESSAGE][INFO] - Checking object

2021-11-18 12:24:57 - [MESSAGE][INFO] - Finding web element from Test Object's properties

2021-11-18 12:24:57 - [MESSAGE][INFO] - Checking timeout

2021-11-18 12:24:57 - [MESSAGE][INFO] - Finding web element with id: 'Object Repository/Olusturma/Genel/Kutular/SiparisBilgileri/SiparisTarihiImage' located by 'By.cssSelector: #dateSiparisTarih img' in '30' second(s)

2021-11-18 12:24:57 - [MESSAGE][INFO] - Smart Wait Function is triggered

2021-11-18 12:24:58 - [MESSAGE][INFO] - Found 1 web elements with id: 'Object Repository/Olusturma/Genel/Kutular/SiparisBilgileri/SiparisTarihiImage' located by 'By.cssSelector: #dateSiparisTarih img' in '30' second(s)

2021-11-18 12:24:58 - [MESSAGE][INFO] - Clicking on object: 'Object Repository/Olusturma/Genel/Kutular/SiparisBilgileri/SiparisTarihiImage'

2021-11-18 12:24:58 - [MESSAGE][PASSED] - Object: 'Object Repository/Olusturma/Genel/Kutular/SiparisBilgileri/SiparisTarihiImage' is clicked on

2021-11-18 12:24:58 - [TEST_STEP][PASSED] - waitForElementPresent(findTestObject("Object Repository/Olusturma/Genel/Kutular/SiparisBilgileri/SiparisTarihi"), 10): Object 'Object Repository/Olusturma/Genel/Kutular/SiparisBilgileri/SiparisTarihi' is present

2021-11-18 12:24:58 - [MESSAGE][INFO] - Finding Test Object 'Object Repository/Olusturma/Genel/Kutular/SiparisBilgileri/SiparisTarihi'

2021-11-18 12:24:58 - [MESSAGE][INFO] - Checking object

2021-11-18 12:24:58 - [MESSAGE][INFO] - Finding web element from Test Object's properties

2021-11-18 12:24:58 - [MESSAGE][INFO] - Checking timeout

2021-11-18 12:24:58 - [MESSAGE][INFO] - Finding web element with id: 'Object Repository/Olusturma/Genel/Kutular/SiparisBilgileri/SiparisTarihi' located by 'By.xpath: //*[@id = 'dateSiparisTarih_I']' in '10' second(s)

2021-11-18 12:24:58 - [MESSAGE][INFO] - Smart Wait Function is triggered

2021-11-18 12:24:58 - [MESSAGE][INFO] - Found 1 web elements with id: 'Object Repository/Olusturma/Genel/Kutular/SiparisBilgileri/SiparisTarihi' located by 'By.xpath: //*[@id = 'dateSiparisTarih_I']' in '10' second(s)

2021-11-18 12:24:58 - [MESSAGE][PASSED] - Object 'Object Repository/Olusturma/Genel/Kutular/SiparisBilgileri/SiparisTarihi' is present

2021-11-18 12:24:58 - [TEST_STEP][PASSED] - clearText(findTestObject("Object Repository/Olusturma/Genel/Kutular/SiparisBilgileri/SiparisTarihi")): Text of object 'Object Repository/Olusturma/Genel/Kutular/SiparisBilgileri/SiparisTarihi' is cleared

2021-11-18 12:24:58 - [MESSAGE][INFO] - Finding Test Object 'Object Repository/Olusturma/Genel/Kutular/SiparisBilgileri/SiparisTarihi'

2021-11-18 12:24:58 - [MESSAGE][INFO] - Checking object

2021-11-18 12:24:58 - [MESSAGE][INFO] - Finding web element from Test Object's properties

2021-11-18 12:24:58 - [MESSAGE][INFO] - Checking timeout

2021-11-18 12:24:58 - [MESSAGE][INFO] - Finding web element with id: 'Object Repository/Olusturma/Genel/Kutular/SiparisBilgileri/SiparisTarihi' located by 'By.xpath: //*[@id = 'dateSiparisTarih_I']' in '30' second(s)

2021-11-18 12:24:58 - [MESSAGE][INFO] - Smart Wait Function is triggered

2021-11-18 12:24:59 - [MESSAGE][INFO] - Found 1 web elements with id: 'Object Repository/Olusturma/Genel/Kutular/SiparisBilgileri/SiparisTarihi' located by 'By.xpath: //*[@id = 'dateSiparisTarih_I']' in '30' second(s)

2021-11-18 12:24:59 - [MESSAGE][INFO] - Clearing text of object 'Object Repository/Olusturma/Genel/Kutular/SiparisBilgileri/SiparisTarihi'

2021-11-18 12:24:59 - [MESSAGE][PASSED] - Text of object 'Object Repository/Olusturma/Genel/Kutular/SiparisBilgileri/SiparisTarihi' is cleared

2021-11-18 12:24:59 - [TEST_STEP][PASSED] - sendKeys(findTestObject("Object Repository/Olusturma/Genel/Kutular/SiparisBilgileri/SiparisTarihi"), Tarih): Keys '31.04.2020' sent to object: 'Object Repository/Olusturma/Genel/Kutular/SiparisBilgileri/SiparisTarihi'

2021-11-18 12:24:59 - [MESSAGE][INFO] - Finding Test Object 'Object Repository/Olusturma/Genel/Kutular/SiparisBilgileri/SiparisTarihi'

2021-11-18 12:24:59 - [MESSAGE][INFO] - Sending keys '31.04.2020' to object: 'Object Repository/Olusturma/Genel/Kutular/SiparisBilgileri/SiparisTarihi'

2021-11-18 12:24:59 - [MESSAGE][INFO] - Finding web element from Test Object's properties

2021-11-18 12:24:59 - [MESSAGE][INFO] - Checking timeout

2021-11-18 12:24:59 - [MESSAGE][INFO] - Finding web element with id: 'Object Repository/Olusturma/Genel/Kutular/SiparisBilgileri/SiparisTarihi' located by 'By.xpath: //*[@id = 'dateSiparisTarih_I']' in '30' second(s)

2021-11-18 12:24:59 - [MESSAGE][INFO] - Smart Wait Function is triggered

2021-11-18 12:24:59 - [MESSAGE][INFO] - Found 1 web elements with id: 'Object Repository/Olusturma/Genel/Kutular/SiparisBilgileri/SiparisTarihi' located by 'By.xpath: //*[@id = 'dateSiparisTarih_I']' in '30' second(s)

2021-11-18 12:24:59 - [MESSAGE][PASSED] - Keys '31.04.2020' sent to object: 'Object Repository/Olusturma/Genel/Kutular/SiparisBilgileri/SiparisTarihi'

2021-11-18 12:24:59 - [MESSAGE][PASSED] - Call Test Case 'Test Cases/Olusturma/Genel/Kutular/SiparisBilgileriGirilir' successfully

2021-11-18 12:24:59 - [MESSAGE][INFO] - Checking called Test Case

2021-11-18 12:24:59 - [MESSAGE][INFO] - Starting to call Test Case 'Test Cases/Olusturma/Genel/Kutular/IrsaliyeBilgileri'

2021-11-18 12:24:59 - [TEST_CASE][PASSED] - Test Cases/Olusturma/Genel/Kutular/IrsaliyeBilgileri: Test Cases/Olusturma/Genel/Kutular/IrsaliyeBilgileri

2021-11-18 12:24:59 - [TEST_STEP][PASSED] - Method.TextDegerineEsitElementeTikla(findTestObject("Olusturma/Genel/Kutular/KapaliKutular"), "İrsaliye Bilgileri"): Method.TextDegerineEsitElementeTikla is PASSED

2021-11-18 12:24:59 - [MESSAGE][INFO] - Finding Test Object 'Object Repository/Olusturma/Genel/Kutular/KapaliKutular'

2021-11-18 12:24:59 - [MESSAGE][INFO] - Checking timeout

2021-11-18 12:24:59 - [MESSAGE][INFO] - Finding web element with id: 'Object Repository/Olusturma/Genel/Kutular/KapaliKutular' located by 'By.cssSelector: .dxnb-headerCollapsed>span' in '10' second(s)

2021-11-18 12:24:59 - [MESSAGE][INFO] - Smart Wait Function is triggered

2021-11-18 12:24:59 - [MESSAGE][INFO] - Found 8 web elements with id: 'Object Repository/Olusturma/Genel/Kutular/KapaliKutular' located by 'By.cssSelector: .dxnb-headerCollapsed>span' in '10' second(s)

2021-11-18 12:24:59 - [MESSAGE][PASSED] - Method.TextDegerineEsitElementeTikla is PASSED

2021-11-18 12:24:59 - [TEST_STEP][PASSED] - waitForElementClickable(findTestObject("Olusturma/Genel/Kutular/IrsaliyeBilgileri/Ekle"), 10): Object 'Object Repository/Olusturma/Genel/Kutular/IrsaliyeBilgileri/Ekle' is clickable

2021-11-18 12:24:59 - [MESSAGE][INFO] - Finding Test Object 'Object Repository/Olusturma/Genel/Kutular/IrsaliyeBilgileri/Ekle'

2021-11-18 12:25:00 - [MESSAGE][INFO] - Checking object

2021-11-18 12:25:00 - [MESSAGE][INFO] - Checking timeout

2021-11-18 12:25:00 - [MESSAGE][INFO] - Finding web element from Test Object's properties

2021-11-18 12:25:00 - [MESSAGE][INFO] - Checking timeout

2021-11-18 12:25:00 - [MESSAGE][INFO] - Finding web element with id: 'Object Repository/Olusturma/Genel/Kutular/IrsaliyeBilgileri/Ekle' located by 'By.xpath: //*[@id = 'DXEditorgvUserInvoiceBillsNewRowBtn']' in '10' second(s)

2021-11-18 12:25:00 - [MESSAGE][INFO] - Smart Wait Function is triggered

2021-11-18 12:25:00 - [MESSAGE][INFO] - Found 1 web elements with id: 'Object Repository/Olusturma/Genel/Kutular/IrsaliyeBilgileri/Ekle' located by 'By.xpath: //*[@id = 'DXEditorgvUserInvoiceBillsNewRowBtn']' in '10' second(s)

2021-11-18 12:25:00 - [MESSAGE][PASSED] - Object 'Object Repository/Olusturma/Genel/Kutular/IrsaliyeBilgileri/Ekle' is clickable

2021-11-18 12:25:00 - [TEST_STEP][PASSED] - click(findTestObject("Olusturma/Genel/Kutular/IrsaliyeBilgileri/Ekle")): Object: 'Object Repository/Olusturma/Genel/Kutular/IrsaliyeBilgileri/Ekle' is clicked on

2021-11-18 12:25:00 - [MESSAGE][INFO] - Finding Test Object 'Object Repository/Olusturma/Genel/Kutular/IrsaliyeBilgileri/Ekle'

2021-11-18 12:25:00 - [MESSAGE][INFO] - Checking object

2021-11-18 12:25:00 - [MESSAGE][INFO] - Finding web element from Test Object's properties

2021-11-18 12:25:00 - [MESSAGE][INFO] - Checking timeout

2021-11-18 12:25:00 - [MESSAGE][INFO] - Finding web element with id: 'Object Repository/Olusturma/Genel/Kutular/IrsaliyeBilgileri/Ekle' located by 'By.xpath: //*[@id = 'DXEditorgvUserInvoiceBillsNewRowBtn']' in '30' second(s)

2021-11-18 12:25:00 - [MESSAGE][INFO] - Smart Wait Function is triggered

2021-11-18 12:25:00 - [MESSAGE][INFO] - Found 1 web elements with id: 'Object Repository/Olusturma/Genel/Kutular/IrsaliyeBilgileri/Ekle' located by 'By.xpath: //*[@id = 'DXEditorgvUserInvoiceBillsNewRowBtn']' in '30' second(s)

2021-11-18 12:25:00 - [MESSAGE][INFO] - Clicking on object: 'Object Repository/Olusturma/Genel/Kutular/IrsaliyeBilgileri/Ekle'

2021-11-18 12:25:00 - [MESSAGE][PASSED] - Object: 'Object Repository/Olusturma/Genel/Kutular/IrsaliyeBilgileri/Ekle' is clicked on

2021-11-18 12:25:00 - [TEST_STEP][PASSED] - waitForElementPresent(findTestObject("Object Repository/Olusturma/Genel/Kutular/IrsaliyeBilgileri/IrsaliyeNumarasi"), 10): Object 'Object Repository/Olusturma/Genel/Kutular/IrsaliyeBilgileri/IrsaliyeNumarasi' is present

2021-11-18 12:25:00 - [MESSAGE][INFO] - Finding Test Object 'Object Repository/Olusturma/Genel/Kutular/IrsaliyeBilgileri/IrsaliyeNumarasi'

2021-11-18 12:25:00 - [MESSAGE][INFO] - Checking object

2021-11-18 12:25:00 - [MESSAGE][INFO] - Finding web element from Test Object's properties

2021-11-18 12:25:00 - [MESSAGE][INFO] - Checking timeout

2021-11-18 12:25:00 - [MESSAGE][INFO] - Finding web element with id: 'Object Repository/Olusturma/Genel/Kutular/IrsaliyeBilgileri/IrsaliyeNumarasi' located by 'By.xpath: //*[@id = 'gvUserInvoiceBills_DXEditor1_I']' in '10' second(s)

2021-11-18 12:25:00 - [MESSAGE][INFO] - Smart Wait Function is triggered

2021-11-18 12:25:01 - [MESSAGE][INFO] - Smart Wait Function is triggered

2021-11-18 12:25:01 - [MESSAGE][INFO] - Smart Wait Function is triggered

2021-11-18 12:25:02 - [MESSAGE][INFO] - Found 1 web elements with id: 'Object Repository/Olusturma/Genel/Kutular/IrsaliyeBilgileri/IrsaliyeNumarasi' located by 'By.xpath: //*[@id = 'gvUserInvoiceBills_DXEditor1_I']' in '10' second(s)

2021-11-18 12:25:02 - [MESSAGE][PASSED] - Object 'Object Repository/Olusturma/Genel/Kutular/IrsaliyeBilgileri/IrsaliyeNumarasi' is present

2021-11-18 12:25:02 - [TEST_STEP][PASSED] - clearText(findTestObject("Object Repository/Olusturma/Genel/Kutular/IrsaliyeBilgileri/IrsaliyeNumarasi")): Text of object 'Object Repository/Olusturma/Genel/Kutular/IrsaliyeBilgileri/IrsaliyeNumarasi' is cleared

2021-11-18 12:25:02 - [MESSAGE][INFO] - Finding Test Object 'Object Repository/Olusturma/Genel/Kutular/IrsaliyeBilgileri/IrsaliyeNumarasi'

2021-11-18 12:25:02 - [MESSAGE][INFO] - Checking object

2021-11-18 12:25:02 - [MESSAGE][INFO] - Finding web element from Test Object's properties

2021-11-18 12:25:02 - [MESSAGE][INFO] - Checking timeout

2021-11-18 12:25:02 - [MESSAGE][INFO] - Finding web element with id: 'Object Repository/Olusturma/Genel/Kutular/IrsaliyeBilgileri/IrsaliyeNumarasi' located by 'By.xpath: //*[@id = 'gvUserInvoiceBills_DXEditor1_I']' in '30' second(s)

2021-11-18 12:25:02 - [MESSAGE][INFO] - Smart Wait Function is triggered

2021-11-18 12:25:02 - [MESSAGE][INFO] - Found 1 web elements with id: 'Object Repository/Olusturma/Genel/Kutular/IrsaliyeBilgileri/IrsaliyeNumarasi' located by 'By.xpath: //*[@id = 'gvUserInvoiceBills_DXEditor1_I']' in '30' second(s)

2021-11-18 12:25:02 - [MESSAGE][INFO] - Clearing text of object 'Object Repository/Olusturma/Genel/Kutular/IrsaliyeBilgileri/IrsaliyeNumarasi'

2021-11-18 12:25:02 - [MESSAGE][PASSED] - Text of object 'Object Repository/Olusturma/Genel/Kutular/IrsaliyeBilgileri/IrsaliyeNumarasi' is cleared

2021-11-18 12:25:02 - [TEST_STEP][PASSED] - sendKeys(findTestObject("Object Repository/Olusturma/Genel/Kutular/IrsaliyeBilgileri/IrsaliyeNumarasi"), Numara): Keys 'AAAAAAAAAA' sent to object: 'Object Repository/Olusturma/Genel/Kutular/IrsaliyeBilgileri/IrsaliyeNumarasi'

2021-11-18 12:25:02 - [MESSAGE][INFO] - Finding Test Object 'Object Repository/Olusturma/Genel/Kutular/IrsaliyeBilgileri/IrsaliyeNumarasi'

2021-11-18 12:25:02 - [MESSAGE][INFO] - Sending keys 'AAAAAAAAAA' to object: 'Object Repository/Olusturma/Genel/Kutular/IrsaliyeBilgileri/IrsaliyeNumarasi'

2021-11-18 12:25:02 - [MESSAGE][INFO] - Finding web element from Test Object's properties

2021-11-18 12:25:02 - [MESSAGE][INFO] - Checking timeout

2021-11-18 12:25:02 - [MESSAGE][INFO] - Finding web element with id: 'Object Repository/Olusturma/Genel/Kutular/IrsaliyeBilgileri/IrsaliyeNumarasi' located by 'By.xpath: //*[@id = 'gvUserInvoiceBills_DXEditor1_I']' in '30' second(s)

2021-11-18 12:25:02 - [MESSAGE][INFO] - Smart Wait Function is triggered

2021-11-18 12:25:02 - [MESSAGE][INFO] - Found 1 web elements with id: 'Object Repository/Olusturma/Genel/Kutular/IrsaliyeBilgileri/IrsaliyeNumarasi' located by 'By.xpath: //*[@id = 'gvUserInvoiceBills_DXEditor1_I']' in '30' second(s)

2021-11-18 12:25:02 - [MESSAGE][PASSED] - Keys 'AAAAAAAAAA' sent to object: 'Object Repository/Olusturma/Genel/Kutular/IrsaliyeBilgileri/IrsaliyeNumarasi'

2021-11-18 12:25:02 - [TEST_STEP][PASSED] - waitForElementClickable(findTestObject("Object Repository/Olusturma/Genel/Kutular/IrsaliyeBilgileri/IrsaliyeTarihi"), 10): Object 'Object Repository/Olusturma/Genel/Kutular/IrsaliyeBilgileri/IrsaliyeTarihi' is clickable

2021-11-18 12:25:02 - [MESSAGE][INFO] - Finding Test Object 'Object Repository/Olusturma/Genel/Kutular/IrsaliyeBilgileri/IrsaliyeTarihi'

2021-11-18 12:25:02 - [MESSAGE][INFO] - Checking object

2021-11-18 12:25:02 - [MESSAGE][INFO] - Checking timeout

2021-11-18 12:25:02 - [MESSAGE][INFO] - Finding web element from Test Object's properties

2021-11-18 12:25:02 - [MESSAGE][INFO] - Checking timeout

2021-11-18 12:25:02 - [MESSAGE][INFO] - Finding web element with id: 'Object Repository/Olusturma/Genel/Kutular/IrsaliyeBilgileri/IrsaliyeTarihi' located by 'By.xpath: //*[@id = 'gvUserInvoiceBills_DXEditor2_I']' in '10' second(s)

2021-11-18 12:25:02 - [MESSAGE][INFO] - Smart Wait Function is triggered

2021-11-18 12:25:03 - [MESSAGE][INFO] - Found 1 web elements with id: 'Object Repository/Olusturma/Genel/Kutular/IrsaliyeBilgileri/IrsaliyeTarihi' located by 'By.xpath: //*[@id = 'gvUserInvoiceBills_DXEditor2_I']' in '10' second(s)

2021-11-18 12:25:03 - [MESSAGE][PASSED] - Object 'Object Repository/Olusturma/Genel/Kutular/IrsaliyeBilgileri/IrsaliyeTarihi' is clickable

2021-11-18 12:25:03 - [TEST_STEP][PASSED] - click(findTestObject("Object Repository/Olusturma/Genel/Kutular/IrsaliyeBilgileri/IrsaliyeTarihi")): Object: 'Object Repository/Olusturma/Genel/Kutular/IrsaliyeBilgileri/IrsaliyeTarihi' is clicked on

2021-11-18 12:25:03 - [MESSAGE][INFO] - Finding Test Object 'Object Repository/Olusturma/Genel/Kutular/IrsaliyeBilgileri/IrsaliyeTarihi'

2021-11-18 12:25:03 - [MESSAGE][INFO] - Checking object

2021-11-18 12:25:03 - [MESSAGE][INFO] - Finding web element from Test Object's properties

2021-11-18 12:25:03 - [MESSAGE][INFO] - Checking timeout

2021-11-18 12:25:03 - [MESSAGE][INFO] - Finding web element with id: 'Object Repository/Olusturma/Genel/Kutular/IrsaliyeBilgileri/IrsaliyeTarihi' located by 'By.xpath: //*[@id = 'gvUserInvoiceBills_DXEditor2_I']' in '30' second(s)

2021-11-18 12:25:03 - [MESSAGE][INFO] - Smart Wait Function is triggered

2021-11-18 12:25:03 - [MESSAGE][INFO] - Found 1 web elements with id: 'Object Repository/Olusturma/Genel/Kutular/IrsaliyeBilgileri/IrsaliyeTarihi' located by 'By.xpath: //*[@id = 'gvUserInvoiceBills_DXEditor2_I']' in '30' second(s)

2021-11-18 12:25:03 - [MESSAGE][INFO] - Clicking on object: 'Object Repository/Olusturma/Genel/Kutular/IrsaliyeBilgileri/IrsaliyeTarihi'

2021-11-18 12:25:03 - [MESSAGE][PASSED] - Object: 'Object Repository/Olusturma/Genel/Kutular/IrsaliyeBilgileri/IrsaliyeTarihi' is clicked on

2021-11-18 12:25:03 - [TEST_STEP][PASSED] - sendKeys(findTestObject("Object Repository/Olusturma/Genel/Kutular/IrsaliyeBilgileri/IrsaliyeTarihi"), Tarih): Keys '31.04.2020' sent to object: 'Object Repository/Olusturma/Genel/Kutular/IrsaliyeBilgileri/IrsaliyeTarihi'

2021-11-18 12:25:03 - [MESSAGE][INFO] - Finding Test Object 'Object Repository/Olusturma/Genel/Kutular/IrsaliyeBilgileri/IrsaliyeTarihi'

2021-11-18 12:25:03 - [MESSAGE][INFO] - Sending keys '31.04.2020' to object: 'Object Repository/Olusturma/Genel/Kutular/IrsaliyeBilgileri/IrsaliyeTarihi'

2021-11-18 12:25:03 - [MESSAGE][INFO] - Finding web element from Test Object's properties

2021-11-18 12:25:03 - [MESSAGE][INFO] - Checking timeout

2021-11-18 12:25:03 - [MESSAGE][INFO] - Finding web element with id: 'Object Repository/Olusturma/Genel/Kutular/IrsaliyeBilgileri/IrsaliyeTarihi' located by 'By.xpath: //*[@id = 'gvUserInvoiceBills_DXEditor2_I']' in '30' second(s)

2021-11-18 12:25:03 - [MESSAGE][INFO] - Smart Wait Function is triggered

2021-11-18 12:25:04 - [MESSAGE][INFO] - Found 1 web elements with id: 'Object Repository/Olusturma/Genel/Kutular/IrsaliyeBilgileri/IrsaliyeTarihi' located by 'By.xpath: //*[@id = 'gvUserInvoiceBills_DXEditor2_I']' in '30' second(s)

2021-11-18 12:25:04 - [MESSAGE][PASSED] - Keys '31.04.2020' sent to object: 'Object Repository/Olusturma/Genel/Kutular/IrsaliyeBilgileri/IrsaliyeTarihi'

2021-11-18 12:25:04 - [MESSAGE][PASSED] - Call Test Case 'Test Cases/Olusturma/Genel/Kutular/IrsaliyeBilgileri' successfully

2021-11-18 12:25:04 - [MESSAGE][INFO] - Checking called Test Case

2021-11-18 12:25:04 - [MESSAGE][INFO] - Starting to call Test Case 'Test Cases/Olusturma/Genel/EkleButonunaBasilir'

2021-11-18 12:25:04 - [TEST_CASE][PASSED] - Test Cases/Olusturma/Genel/EkleButonunaBasilir: Test Cases/Olusturma/Genel/EkleButonunaBasilir

2021-11-18 12:25:04 - [TEST_STEP][PASSED] - waitForElementClickable(findTestObject("Object Repository/Olusturma/Genel/Olusturma/Ekle"), 10): Object 'Object Repository/Olusturma/Genel/Olusturma/Ekle' is clickable

2021-11-18 12:25:04 - [MESSAGE][INFO] - Finding Test Object 'Object Repository/Olusturma/Genel/Olusturma/Ekle'

2021-11-18 12:25:04 - [MESSAGE][INFO] - Checking object

2021-11-18 12:25:04 - [MESSAGE][INFO] - Checking timeout

2021-11-18 12:25:04 - [MESSAGE][INFO] - Finding web element from Test Object's properties

2021-11-18 12:25:04 - [MESSAGE][INFO] - Checking timeout

2021-11-18 12:25:04 - [MESSAGE][INFO] - Finding web element with id: 'Object Repository/Olusturma/Genel/Olusturma/Ekle' located by 'By.cssSelector: #divmalhizmet i.fa.fa-plus.fa-lg.text-muted' in '10' second(s)

2021-11-18 12:25:04 - [MESSAGE][INFO] - Smart Wait Function is triggered

2021-11-18 12:25:04 - [MESSAGE][INFO] - Found 1 web elements with id: 'Object Repository/Olusturma/Genel/Olusturma/Ekle' located by 'By.cssSelector: #divmalhizmet i.fa.fa-plus.fa-lg.text-muted' in '10' second(s)

2021-11-18 12:25:04 - [MESSAGE][PASSED] - Object 'Object Repository/Olusturma/Genel/Olusturma/Ekle' is clickable

2021-11-18 12:25:04 - [TEST_STEP][PASSED] - click(findTestObject("Object Repository/Olusturma/Genel/Olusturma/Ekle")): Object: 'Object Repository/Olusturma/Genel/Olusturma/Ekle' is clicked on

2021-11-18 12:25:04 - [MESSAGE][INFO] - Finding Test Object 'Object Repository/Olusturma/Genel/Olusturma/Ekle'

2021-11-18 12:25:04 - [MESSAGE][INFO] - Checking object

2021-11-18 12:25:04 - [MESSAGE][INFO] - Finding web element from Test Object's properties

2021-11-18 12:25:04 - [MESSAGE][INFO] - Checking timeout

2021-11-18 12:25:04 - [MESSAGE][INFO] - Finding web element with id: 'Object Repository/Olusturma/Genel/Olusturma/Ekle' located by 'By.cssSelector: #divmalhizmet i.fa.fa-plus.fa-lg.text-muted' in '30' second(s)

2021-11-18 12:25:04 - [MESSAGE][INFO] - Smart Wait Function is triggered

2021-11-18 12:25:04 - [MESSAGE][INFO] - Found 1 web elements with id: 'Object Repository/Olusturma/Genel/Olusturma/Ekle' located by 'By.cssSelector: #divmalhizmet i.fa.fa-plus.fa-lg.text-muted' in '30' second(s)

2021-11-18 12:25:04 - [MESSAGE][INFO] - Clicking on object: 'Object Repository/Olusturma/Genel/Olusturma/Ekle'

2021-11-18 12:25:04 - [MESSAGE][PASSED] - Object: 'Object Repository/Olusturma/Genel/Olusturma/Ekle' is clicked on

2021-11-18 12:25:04 - [TEST_STEP][PASSED] - waitForElementClickable(findTestObject("Olusturma/Genel/Olusturma/EklenenSatirCarpiImage"), 10): Object 'Object Repository/Olusturma/Genel/Olusturma/EklenenSatirCarpiImage' is clickable

2021-11-18 12:25:04 - [MESSAGE][INFO] - Finding Test Object 'Object Repository/Olusturma/Genel/Olusturma/EklenenSatirCarpiImage'

2021-11-18 12:25:04 - [MESSAGE][INFO] - Checking object

2021-11-18 12:25:04 - [MESSAGE][INFO] - Checking timeout

2021-11-18 12:25:04 - [MESSAGE][INFO] - Finding web element from Test Object's properties

2021-11-18 12:25:04 - [MESSAGE][INFO] - Checking timeout

2021-11-18 12:25:04 - [MESSAGE][INFO] - Finding web element with id: 'Object Repository/Olusturma/Genel/Olusturma/EklenenSatirCarpiImage' located by 'By.cssSelector: .fa.fa-times.fa-lg.text-primary' in '10' second(s)

2021-11-18 12:25:04 - [MESSAGE][INFO] - Smart Wait Function is triggered

2021-11-18 12:25:05 - [MESSAGE][INFO] - Found 1 web elements with id: 'Object Repository/Olusturma/Genel/Olusturma/EklenenSatirCarpiImage' located by 'By.cssSelector: .fa.fa-times.fa-lg.text-primary' in '10' second(s)

2021-11-18 12:25:05 - [MESSAGE][PASSED] - Object 'Object Repository/Olusturma/Genel/Olusturma/EklenenSatirCarpiImage' is clickable

2021-11-18 12:25:05 - [MESSAGE][PASSED] - Call Test Case 'Test Cases/Olusturma/Genel/EkleButonunaBasilir' successfully

2021-11-18 12:25:05 - [MESSAGE][INFO] - Checking called Test Case

2021-11-18 12:25:05 - [MESSAGE][INFO] - Starting to call Test Case 'Test Cases/Olusturma/Genel/Olusturma'

2021-11-18 12:25:05 - [TEST_CASE][PASSED] - Test Cases/Olusturma/Genel/Olusturma: Test Cases/Olusturma/Genel/Olusturma

2021-11-18 12:25:05 - [TEST_STEP][PASSED] - driver = getWebDriver(): null

2021-11-18 12:25:05 - [TEST_STEP][PASSED] - action = new org.openqa.selenium.interactions.Actions(driver): null

2021-11-18 12:25:05 - [TEST_STEP][PASSED] - baslikElement = <not implemented yet for class: org.codehaus.groovy.ast.expr.EmptyExpression>: null

2021-11-18 12:25:05 - [TEST_STEP][PASSED] - sonElement = <not implemented yet for class: org.codehaus.groovy.ast.expr.EmptyExpression>: null

2021-11-18 12:25:05 - [TEST_STEP][PASSED] - attr = <not implemented yet for class: org.codehaus.groovy.ast.expr.EmptyExpression>: null

2021-11-18 12:25:05 - [TEST_STEP][PASSED] - a = 0: null

2021-11-18 12:25:05 - [TEST_STEP][PASSED] - elements = findWebElements(findTestObject("Object Repository/Olusturma/Genel/Olusturma/TabloBasliklari"), 10): Found 17 web elements with id: 'Object Repository/Olusturma/Genel/Olusturma/TabloBasliklari' located by 'By.cssSelector: div#divmalhizmet .dxgvTable_LECustomTheme td.dxgvHeader_LECustomTheme tr>td:nth-child(1)' in '10' second(s)

2021-11-18 12:25:05 - [MESSAGE][INFO] - Finding Test Object 'Object Repository/Olusturma/Genel/Olusturma/TabloBasliklari'

2021-11-18 12:25:05 - [MESSAGE][INFO] - Checking timeout

2021-11-18 12:25:05 - [MESSAGE][INFO] - Finding web element with id: 'Object Repository/Olusturma/Genel/Olusturma/TabloBasliklari' located by 'By.cssSelector: div#divmalhizmet .dxgvTable_LECustomTheme td.dxgvHeader_LECustomTheme tr>td:nth-child(1)' in '10' second(s)

2021-11-18 12:25:05 - [MESSAGE][INFO] - Smart Wait Function is triggered

2021-11-18 12:25:06 - [MESSAGE][INFO] - Found 17 web elements with id: 'Object Repository/Olusturma/Genel/Olusturma/TabloBasliklari' located by 'By.cssSelector: div#divmalhizmet .dxgvTable_LECustomTheme td.dxgvHeader_LECustomTheme tr>td:nth-child(1)' in '10' second(s)

2021-11-18 12:25:06 - [TEST_STEP][PASSED] - for (def element : elements): null

2021-11-18 12:25:06 - [TEST_STEP][PASSED] - build().perform(): null

2021-11-18 12:25:06 - [TEST_STEP][PASSED] - if (getText().equals(Baslik)): null

2021-11-18 12:25:06 - [TEST_STEP][PASSED] - baslikElement = element.findElement(By.xpath("../../../..")): Smart Wait Function is triggered

2021-11-18 12:25:06 - [MESSAGE][INFO] - Smart Wait Function is triggered

2021-11-18 12:25:07 - [TEST_STEP][PASSED] - attr = baslikElement.getAttribute("id"): null

2021-11-18 12:25:07 - [TEST_STEP][PASSED] - println("girdi ve idsini aldı = " + attr): null

2021-11-18 12:25:07 - [TEST_STEP][PASSED] - break: null

2021-11-18 12:25:07 - [TEST_STEP][PASSED] - countElement = baslikElement.findElements(By.xpath("../td")): Smart Wait Function is triggered

2021-11-18 12:25:07 - [MESSAGE][INFO] - Smart Wait Function is triggered

2021-11-18 12:25:07 - [TEST_STEP][PASSED] - for (def element : countElement): null

2021-11-18 12:25:07 - [TEST_STEP][PASSED] - if (toString().equals(attr.toString())): null

2021-11-18 12:25:07 - [TEST_STEP][PASSED] - (a++): null

2021-11-18 12:25:07 - [TEST_STEP][PASSED] - if (toString().equals(attr.toString())): null

2021-11-18 12:25:07 - [TEST_STEP][PASSED] - break: null

2021-11-18 12:25:07 - [TEST_STEP][PASSED] - son = findWebElement(findTestObject("Object Repository/Olusturma/Genel/Olusturma/EklenenSatir")).findElement(By.xpath("td[@class='dxgvInlineEditCell_LECustomTheme dxgv'][" + a + "]//td[@class='dxic']/input")): Smart Wait Function is triggered

2021-11-18 12:25:07 - [MESSAGE][INFO] - Finding Test Object 'Object Repository/Olusturma/Genel/Olusturma/EklenenSatir'

2021-11-18 12:25:07 - [MESSAGE][INFO] - Finding web element from Test Object's properties

2021-11-18 12:25:07 - [MESSAGE][INFO] - Checking timeout

2021-11-18 12:25:07 - [MESSAGE][INFO] - Finding web element with id: 'Object Repository/Olusturma/Genel/Olusturma/EklenenSatir' located by 'By.cssSelector: #divmalhizmet .dxgvInlineEditRow_LECustomTheme' in '30' second(s)

2021-11-18 12:25:07 - [MESSAGE][INFO] - Smart Wait Function is triggered

2021-11-18 12:25:07 - [MESSAGE][INFO] - Found 1 web elements with id: 'Object Repository/Olusturma/Genel/Olusturma/EklenenSatir' located by 'By.cssSelector: #divmalhizmet .dxgvInlineEditRow_LECustomTheme' in '30' second(s)

2021-11-18 12:25:07 - [MESSAGE][INFO] - Smart Wait Function is triggered

2021-11-18 12:25:07 - [TEST_STEP][PASSED] - if (!(getAttribute("value").contains("Vkn"))): null

2021-11-18 12:25:07 - [TEST_STEP][PASSED] - son.clear(): null

2021-11-18 12:25:08 - [TEST_STEP][PASSED] - son.sendKeys(Deger): null

2021-11-18 12:25:08 - [MESSAGE][PASSED] - Call Test Case 'Test Cases/Olusturma/Genel/Olusturma' successfully

2021-11-18 12:25:08 - [MESSAGE][INFO] - Checking called Test Case

2021-11-18 12:25:08 - [MESSAGE][INFO] - Starting to call Test Case 'Test Cases/Olusturma/Genel/Olusturma'

2021-11-18 12:25:08 - [TEST_CASE][PASSED] - Test Cases/Olusturma/Genel/Olusturma: Test Cases/Olusturma/Genel/Olusturma

2021-11-18 12:25:08 - [TEST_STEP][PASSED] - driver = getWebDriver(): null

2021-11-18 12:25:08 - [TEST_STEP][PASSED] - action = new org.openqa.selenium.interactions.Actions(driver): null

2021-11-18 12:25:08 - [TEST_STEP][PASSED] - baslikElement = <not implemented yet for class: org.codehaus.groovy.ast.expr.EmptyExpression>: null

2021-11-18 12:25:08 - [TEST_STEP][PASSED] - sonElement = <not implemented yet for class: org.codehaus.groovy.ast.expr.EmptyExpression>: null

2021-11-18 12:25:08 - [TEST_STEP][PASSED] - attr = <not implemented yet for class: org.codehaus.groovy.ast.expr.EmptyExpression>: null

2021-11-18 12:25:08 - [TEST_STEP][PASSED] - a = 0: null

2021-11-18 12:25:08 - [TEST_STEP][PASSED] - elements = findWebElements(findTestObject("Object Repository/Olusturma/Genel/Olusturma/TabloBasliklari"), 10): Found 17 web elements with id: 'Object Repository/Olusturma/Genel/Olusturma/TabloBasliklari' located by 'By.cssSelector: div#divmalhizmet .dxgvTable_LECustomTheme td.dxgvHeader_LECustomTheme tr>td:nth-child(1)' in '10' second(s)

2021-11-18 12:25:08 - [MESSAGE][INFO] - Finding Test Object 'Object Repository/Olusturma/Genel/Olusturma/TabloBasliklari'

2021-11-18 12:25:08 - [MESSAGE][INFO] - Checking timeout

2021-11-18 12:25:08 - [MESSAGE][INFO] - Finding web element with id: 'Object Repository/Olusturma/Genel/Olusturma/TabloBasliklari' located by 'By.cssSelector: div#divmalhizmet .dxgvTable_LECustomTheme td.dxgvHeader_LECustomTheme tr>td:nth-child(1)' in '10' second(s)

2021-11-18 12:25:08 - [MESSAGE][INFO] - Smart Wait Function is triggered

2021-11-18 12:25:08 - [MESSAGE][INFO] - Found 17 web elements with id: 'Object Repository/Olusturma/Genel/Olusturma/TabloBasliklari' located by 'By.cssSelector: div#divmalhizmet .dxgvTable_LECustomTheme td.dxgvHeader_LECustomTheme tr>td:nth-child(1)' in '10' second(s)

2021-11-18 12:25:08 - [TEST_STEP][PASSED] - for (def element : elements): null

2021-11-18 12:25:08 - [TEST_STEP][PASSED] - build().perform(): null

2021-11-18 12:25:08 - [TEST_STEP][PASSED] - if (getText().equals(Baslik)): null

2021-11-18 12:25:08 - [TEST_STEP][PASSED] - build().perform(): null

2021-11-18 12:25:08 - [TEST_STEP][PASSED] - if (getText().equals(Baslik)): null

2021-11-18 12:25:08 - [TEST_STEP][PASSED] - baslikElement = element.findElement(By.xpath("../../../..")): Smart Wait Function is triggered

2021-11-18 12:25:08 - [MESSAGE][INFO] - Smart Wait Function is triggered

2021-11-18 12:25:09 - [TEST_STEP][PASSED] - attr = baslikElement.getAttribute("id"): null

2021-11-18 12:25:09 - [TEST_STEP][PASSED] - println("girdi ve idsini aldı = " + attr): null

2021-11-18 12:25:09 - [TEST_STEP][PASSED] - break: null

2021-11-18 12:25:09 - [TEST_STEP][PASSED] - countElement = baslikElement.findElements(By.xpath("../td")): Smart Wait Function is triggered

2021-11-18 12:25:09 - [MESSAGE][INFO] - Smart Wait Function is triggered

2021-11-18 12:25:09 - [TEST_STEP][PASSED] - for (def element : countElement): null

2021-11-18 12:25:09 - [TEST_STEP][PASSED] - if (toString().equals(attr.toString())): null

2021-11-18 12:25:09 - [TEST_STEP][PASSED] - (a++): null

2021-11-18 12:25:09 - [TEST_STEP][PASSED] - if (toString().equals(attr.toString())): null

2021-11-18 12:25:09 - [TEST_STEP][PASSED] - (a++): null

2021-11-18 12:25:09 - [TEST_STEP][PASSED] - if (toString().equals(attr.toString())): null

2021-11-18 12:25:09 - [TEST_STEP][PASSED] - break: null

2021-11-18 12:25:09 - [TEST_STEP][PASSED] - son = findWebElement(findTestObject("Object Repository/Olusturma/Genel/Olusturma/EklenenSatir")).findElement(By.xpath("td[@class='dxgvInlineEditCell_LECustomTheme dxgv'][" + a + "]//td[@class='dxic']/input")): Smart Wait Function is triggered

2021-11-18 12:25:09 - [MESSAGE][INFO] - Finding Test Object 'Object Repository/Olusturma/Genel/Olusturma/EklenenSatir'

2021-11-18 12:25:09 - [MESSAGE][INFO] - Finding web element from Test Object's properties

2021-11-18 12:25:09 - [MESSAGE][INFO] - Checking timeout

2021-11-18 12:25:09 - [MESSAGE][INFO] - Finding web element with id: 'Object Repository/Olusturma/Genel/Olusturma/EklenenSatir' located by 'By.cssSelector: #divmalhizmet .dxgvInlineEditRow_LECustomTheme' in '30' second(s)

2021-11-18 12:25:09 - [MESSAGE][INFO] - Smart Wait Function is triggered

2021-11-18 12:25:09 - [MESSAGE][INFO] - Found 1 web elements with id: 'Object Repository/Olusturma/Genel/Olusturma/EklenenSatir' located by 'By.cssSelector: #divmalhizmet .dxgvInlineEditRow_LECustomTheme' in '30' second(s)

2021-11-18 12:25:09 - [MESSAGE][INFO] - Smart Wait Function is triggered

2021-11-18 12:25:10 - [TEST_STEP][PASSED] - if (!(getAttribute("value").contains("Vkn"))): null

2021-11-18 12:25:10 - [TEST_STEP][PASSED] - son.clear(): null

2021-11-18 12:25:10 - [TEST_STEP][PASSED] - son.sendKeys(Deger): null

2021-11-18 12:25:10 - [MESSAGE][PASSED] - Call Test Case 'Test Cases/Olusturma/Genel/Olusturma' successfully

2021-11-18 12:25:10 - [MESSAGE][INFO] - Checking called Test Case

2021-11-18 12:25:10 - [MESSAGE][INFO] - Starting to call Test Case 'Test Cases/Olusturma/Genel/Olusturma'

2021-11-18 12:25:10 - [TEST_CASE][PASSED] - Test Cases/Olusturma/Genel/Olusturma: Test Cases/Olusturma/Genel/Olusturma

2021-11-18 12:25:10 - [TEST_STEP][PASSED] - driver = getWebDriver(): null

2021-11-18 12:25:10 - [TEST_STEP][PASSED] - action = new org.openqa.selenium.interactions.Actions(driver): null

2021-11-18 12:25:10 - [TEST_STEP][PASSED] - baslikElement = <not implemented yet for class: org.codehaus.groovy.ast.expr.EmptyExpression>: null

2021-11-18 12:25:10 - [TEST_STEP][PASSED] - sonElement = <not implemented yet for class: org.codehaus.groovy.ast.expr.EmptyExpression>: null

2021-11-18 12:25:10 - [TEST_STEP][PASSED] - attr = <not implemented yet for class: org.codehaus.groovy.ast.expr.EmptyExpression>: null

2021-11-18 12:25:10 - [TEST_STEP][PASSED] - a = 0: null

2021-11-18 12:25:10 - [TEST_STEP][PASSED] - elements = findWebElements(findTestObject("Object Repository/Olusturma/Genel/Olusturma/TabloBasliklari"), 10): Found 17 web elements with id: 'Object Repository/Olusturma/Genel/Olusturma/TabloBasliklari' located by 'By.cssSelector: div#divmalhizmet .dxgvTable_LECustomTheme td.dxgvHeader_LECustomTheme tr>td:nth-child(1)' in '10' second(s)

2021-11-18 12:25:10 - [MESSAGE][INFO] - Finding Test Object 'Object Repository/Olusturma/Genel/Olusturma/TabloBasliklari'

2021-11-18 12:25:10 - [MESSAGE][INFO] - Checking timeout

2021-11-18 12:25:10 - [MESSAGE][INFO] - Finding web element with id: 'Object Repository/Olusturma/Genel/Olusturma/TabloBasliklari' located by 'By.cssSelector: div#divmalhizmet .dxgvTable_LECustomTheme td.dxgvHeader_LECustomTheme tr>td:nth-child(1)' in '10' second(s)

2021-11-18 12:25:10 - [MESSAGE][INFO] - Smart Wait Function is triggered

2021-11-18 12:25:10 - [MESSAGE][INFO] - Found 17 web elements with id: 'Object Repository/Olusturma/Genel/Olusturma/TabloBasliklari' located by 'By.cssSelector: div#divmalhizmet .dxgvTable_LECustomTheme td.dxgvHeader_LECustomTheme tr>td:nth-child(1)' in '10' second(s)

2021-11-18 12:25:10 - [TEST_STEP][PASSED] - for (def element : elements): null

2021-11-18 12:25:10 - [TEST_STEP][PASSED] - build().perform(): null

2021-11-18 12:25:10 - [TEST_STEP][PASSED] - if (getText().equals(Baslik)): null

2021-11-18 12:25:10 - [TEST_STEP][PASSED] - build().perform(): null

2021-11-18 12:25:11 - [TEST_STEP][PASSED] - if (getText().equals(Baslik)): null

2021-11-18 12:25:11 - [TEST_STEP][PASSED] - build().perform(): null

2021-11-18 12:25:11 - [TEST_STEP][PASSED] - if (getText().equals(Baslik)): null

2021-11-18 12:25:11 - [TEST_STEP][PASSED] - build().perform(): null

2021-11-18 12:25:11 - [TEST_STEP][PASSED] - if (getText().equals(Baslik)): null

2021-11-18 12:25:11 - [TEST_STEP][PASSED] - baslikElement = element.findElement(By.xpath("../../../..")): Smart Wait Function is triggered

2021-11-18 12:25:11 - [MESSAGE][INFO] - Smart Wait Function is triggered

2021-11-18 12:25:11 - [TEST_STEP][PASSED] - attr = baslikElement.getAttribute("id"): null

2021-11-18 12:25:11 - [TEST_STEP][PASSED] - println("girdi ve idsini aldı = " + attr): null

2021-11-18 12:25:11 - [TEST_STEP][PASSED] - break: null

2021-11-18 12:25:11 - [TEST_STEP][PASSED] - countElement = baslikElement.findElements(By.xpath("../td")): Smart Wait Function is triggered

2021-11-18 12:25:11 - [MESSAGE][INFO] - Smart Wait Function is triggered

2021-11-18 12:25:11 - [TEST_STEP][PASSED] - for (def element : countElement): null

2021-11-18 12:25:11 - [TEST_STEP][PASSED] - if (toString().equals(attr.toString())): null

2021-11-18 12:25:11 - [TEST_STEP][PASSED] - (a++): null

2021-11-18 12:25:11 - [TEST_STEP][PASSED] - if (toString().equals(attr.toString())): null

2021-11-18 12:25:11 - [TEST_STEP][PASSED] - (a++): null

2021-11-18 12:25:11 - [TEST_STEP][PASSED] - if (toString().equals(attr.toString())): null

2021-11-18 12:25:11 - [TEST_STEP][PASSED] - (a++): null

2021-11-18 12:25:11 - [TEST_STEP][PASSED] - if (toString().equals(attr.toString())): null

2021-11-18 12:25:11 - [TEST_STEP][PASSED] - (a++): null

2021-11-18 12:25:11 - [TEST_STEP][PASSED] - if (toString().equals(attr.toString())): null

2021-11-18 12:25:12 - [TEST_STEP][PASSED] - break: null

2021-11-18 12:25:12 - [TEST_STEP][PASSED] - son = findWebElement(findTestObject("Object Repository/Olusturma/Genel/Olusturma/EklenenSatir")).findElement(By.xpath("td[@class='dxgvInlineEditCell_LECustomTheme dxgv'][" + a + "]//td[@class='dxic']/input")): Smart Wait Function is triggered

2021-11-18 12:25:12 - [MESSAGE][INFO] - Finding Test Object 'Object Repository/Olusturma/Genel/Olusturma/EklenenSatir'

2021-11-18 12:25:12 - [MESSAGE][INFO] - Finding web element from Test Object's properties

2021-11-18 12:25:12 - [MESSAGE][INFO] - Checking timeout

2021-11-18 12:25:12 - [MESSAGE][INFO] - Finding web element with id: 'Object Repository/Olusturma/Genel/Olusturma/EklenenSatir' located by 'By.cssSelector: #divmalhizmet .dxgvInlineEditRow_LECustomTheme' in '30' second(s)

2021-11-18 12:25:12 - [MESSAGE][INFO] - Smart Wait Function is triggered

2021-11-18 12:25:12 - [MESSAGE][INFO] - Found 1 web elements with id: 'Object Repository/Olusturma/Genel/Olusturma/EklenenSatir' located by 'By.cssSelector: #divmalhizmet .dxgvInlineEditRow_LECustomTheme' in '30' second(s)

2021-11-18 12:25:12 - [MESSAGE][INFO] - Smart Wait Function is triggered

2021-11-18 12:25:12 - [TEST_STEP][PASSED] - if (!(getAttribute("value").contains("Vkn"))): null

2021-11-18 12:25:12 - [TEST_STEP][PASSED] - son.clear(): null

2021-11-18 12:25:12 - [TEST_STEP][PASSED] - son.sendKeys(Deger): null

2021-11-18 12:25:12 - [MESSAGE][PASSED] - Call Test Case 'Test Cases/Olusturma/Genel/Olusturma' successfully

2021-11-18 12:25:12 - [MESSAGE][INFO] - Checking called Test Case

2021-11-18 12:25:12 - [MESSAGE][INFO] - Starting to call Test Case 'Test Cases/Olusturma/Genel/Olusturma'

2021-11-18 12:25:12 - [TEST_CASE][PASSED] - Test Cases/Olusturma/Genel/Olusturma: Test Cases/Olusturma/Genel/Olusturma

2021-11-18 12:25:12 - [TEST_STEP][PASSED] - driver = getWebDriver(): null

2021-11-18 12:25:12 - [TEST_STEP][PASSED] - action = new org.openqa.selenium.interactions.Actions(driver): null

2021-11-18 12:25:12 - [TEST_STEP][PASSED] - baslikElement = <not implemented yet for class: org.codehaus.groovy.ast.expr.EmptyExpression>: null

2021-11-18 12:25:12 - [TEST_STEP][PASSED] - sonElement = <not implemented yet for class: org.codehaus.groovy.ast.expr.EmptyExpression>: null

2021-11-18 12:25:12 - [TEST_STEP][PASSED] - attr = <not implemented yet for class: org.codehaus.groovy.ast.expr.EmptyExpression>: null

2021-11-18 12:25:12 - [TEST_STEP][PASSED] - a = 0: null

2021-11-18 12:25:12 - [TEST_STEP][PASSED] - elements = findWebElements(findTestObject("Object Repository/Olusturma/Genel/Olusturma/TabloBasliklari"), 10): Found 17 web elements with id: 'Object Repository/Olusturma/Genel/Olusturma/TabloBasliklari' located by 'By.cssSelector: div#divmalhizmet .dxgvTable_LECustomTheme td.dxgvHeader_LECustomTheme tr>td:nth-child(1)' in '10' second(s)

2021-11-18 12:25:12 - [MESSAGE][INFO] - Finding Test Object 'Object Repository/Olusturma/Genel/Olusturma/TabloBasliklari'

2021-11-18 12:25:12 - [MESSAGE][INFO] - Checking timeout

2021-11-18 12:25:12 - [MESSAGE][INFO] - Finding web element with id: 'Object Repository/Olusturma/Genel/Olusturma/TabloBasliklari' located by 'By.cssSelector: div#divmalhizmet .dxgvTable_LECustomTheme td.dxgvHeader_LECustomTheme tr>td:nth-child(1)' in '10' second(s)

2021-11-18 12:25:12 - [MESSAGE][INFO] - Smart Wait Function is triggered

2021-11-18 12:25:13 - [MESSAGE][INFO] - Found 17 web elements with id: 'Object Repository/Olusturma/Genel/Olusturma/TabloBasliklari' located by 'By.cssSelector: div#divmalhizmet .dxgvTable_LECustomTheme td.dxgvHeader_LECustomTheme tr>td:nth-child(1)' in '10' second(s)

2021-11-18 12:25:13 - [TEST_STEP][PASSED] - for (def element : elements): null

2021-11-18 12:25:13 - [TEST_STEP][PASSED] - build().perform(): null

2021-11-18 12:25:13 - [TEST_STEP][PASSED] - if (getText().equals(Baslik)): null

2021-11-18 12:25:13 - [TEST_STEP][PASSED] - build().perform(): null

2021-11-18 12:25:13 - [TEST_STEP][PASSED] - if (getText().equals(Baslik)): null

2021-11-18 12:25:13 - [TEST_STEP][PASSED] - build().perform(): null

2021-11-18 12:25:13 - [TEST_STEP][PASSED] - if (getText().equals(Baslik)): null

2021-11-18 12:25:13 - [TEST_STEP][PASSED] - build().perform(): null

2021-11-18 12:25:13 - [TEST_STEP][PASSED] - if (getText().equals(Baslik)): null

2021-11-18 12:25:13 - [TEST_STEP][PASSED] - build().perform(): null

2021-11-18 12:25:13 - [TEST_STEP][PASSED] - if (getText().equals(Baslik)): null

2021-11-18 12:25:13 - [TEST_STEP][PASSED] - build().perform(): null

2021-11-18 12:25:14 - [TEST_STEP][PASSED] - if (getText().equals(Baslik)): null

2021-11-18 12:25:14 - [TEST_STEP][PASSED] - baslikElement = element.findElement(By.xpath("../../../..")): Smart Wait Function is triggered

2021-11-18 12:25:14 - [MESSAGE][INFO] - Smart Wait Function is triggered

2021-11-18 12:25:14 - [TEST_STEP][PASSED] - attr = baslikElement.getAttribute("id"): null

2021-11-18 12:25:14 - [TEST_STEP][PASSED] - println("girdi ve idsini aldı = " + attr): null

2021-11-18 12:25:14 - [TEST_STEP][PASSED] - break: null

2021-11-18 12:25:14 - [TEST_STEP][PASSED] - countElement = baslikElement.findElements(By.xpath("../td")): Smart Wait Function is triggered

2021-11-18 12:25:14 - [MESSAGE][INFO] - Smart Wait Function is triggered

2021-11-18 12:25:14 - [TEST_STEP][PASSED] - for (def element : countElement): null

2021-11-18 12:25:14 - [TEST_STEP][PASSED] - if (toString().equals(attr.toString())): null

2021-11-18 12:25:14 - [TEST_STEP][PASSED] - (a++): null

2021-11-18 12:25:14 - [TEST_STEP][PASSED] - if (toString().equals(attr.toString())): null

2021-11-18 12:25:14 - [TEST_STEP][PASSED] - (a++): null

2021-11-18 12:25:14 - [TEST_STEP][PASSED] - if (toString().equals(attr.toString())): null

2021-11-18 12:25:14 - [TEST_STEP][PASSED] - (a++): null

2021-11-18 12:25:14 - [TEST_STEP][PASSED] - if (toString().equals(attr.toString())): null

2021-11-18 12:25:14 - [TEST_STEP][PASSED] - (a++): null

2021-11-18 12:25:14 - [TEST_STEP][PASSED] - if (toString().equals(attr.toString())): null

2021-11-18 12:25:14 - [TEST_STEP][PASSED] - (a++): null

2021-11-18 12:25:14 - [TEST_STEP][PASSED] - if (toString().equals(attr.toString())): null

2021-11-18 12:25:14 - [TEST_STEP][PASSED] - (a++): null

2021-11-18 12:25:14 - [TEST_STEP][PASSED] - if (toString().equals(attr.toString())): null

2021-11-18 12:25:14 - [TEST_STEP][PASSED] - break: null

2021-11-18 12:25:14 - [TEST_STEP][PASSED] - son = findWebElement(findTestObject("Object Repository/Olusturma/Genel/Olusturma/EklenenSatir")).findElement(By.xpath("td[@class='dxgvInlineEditCell_LECustomTheme dxgv'][" + a + "]//td[@class='dxic']/input")): Smart Wait Function is triggered

2021-11-18 12:25:14 - [MESSAGE][INFO] - Finding Test Object 'Object Repository/Olusturma/Genel/Olusturma/EklenenSatir'

2021-11-18 12:25:14 - [MESSAGE][INFO] - Finding web element from Test Object's properties

2021-11-18 12:25:14 - [MESSAGE][INFO] - Checking timeout

2021-11-18 12:25:14 - [MESSAGE][INFO] - Finding web element with id: 'Object Repository/Olusturma/Genel/Olusturma/EklenenSatir' located by 'By.cssSelector: #divmalhizmet .dxgvInlineEditRow_LECustomTheme' in '30' second(s)

2021-11-18 12:25:14 - [MESSAGE][INFO] - Smart Wait Function is triggered

2021-11-18 12:25:15 - [MESSAGE][INFO] - Found 1 web elements with id: 'Object Repository/Olusturma/Genel/Olusturma/EklenenSatir' located by 'By.cssSelector: #divmalhizmet .dxgvInlineEditRow_LECustomTheme' in '30' second(s)

2021-11-18 12:25:15 - [MESSAGE][INFO] - Smart Wait Function is triggered

2021-11-18 12:25:15 - [TEST_STEP][PASSED] - if (!(getAttribute("value").contains("Vkn"))): null

2021-11-18 12:25:15 - [TEST_STEP][PASSED] - son.clear(): null

2021-11-18 12:25:15 - [TEST_STEP][PASSED] - son.sendKeys(Deger): null

2021-11-18 12:25:15 - [MESSAGE][PASSED] - Call Test Case 'Test Cases/Olusturma/Genel/Olusturma' successfully

2021-11-18 12:25:15 - [MESSAGE][INFO] - Checking called Test Case

2021-11-18 12:25:15 - [MESSAGE][INFO] - Starting to call Test Case 'Test Cases/Olusturma/Genel/Olusturma'

2021-11-18 12:25:15 - [TEST_CASE][PASSED] - Test Cases/Olusturma/Genel/Olusturma: Test Cases/Olusturma/Genel/Olusturma

2021-11-18 12:25:15 - [TEST_STEP][PASSED] - driver = getWebDriver(): null

2021-11-18 12:25:15 - [TEST_STEP][PASSED] - action = new org.openqa.selenium.interactions.Actions(driver): null

2021-11-18 12:25:15 - [TEST_STEP][PASSED] - baslikElement = <not implemented yet for class: org.codehaus.groovy.ast.expr.EmptyExpression>: null

2021-11-18 12:25:15 - [TEST_STEP][PASSED] - sonElement = <not implemented yet for class: org.codehaus.groovy.ast.expr.EmptyExpression>: null

2021-11-18 12:25:15 - [TEST_STEP][PASSED] - attr = <not implemented yet for class: org.codehaus.groovy.ast.expr.EmptyExpression>: null

2021-11-18 12:25:15 - [TEST_STEP][PASSED] - a = 0: null

2021-11-18 12:25:15 - [TEST_STEP][PASSED] - elements = findWebElements(findTestObject("Object Repository/Olusturma/Genel/Olusturma/TabloBasliklari"), 10): Found 17 web elements with id: 'Object Repository/Olusturma/Genel/Olusturma/TabloBasliklari' located by 'By.cssSelector: div#divmalhizmet .dxgvTable_LECustomTheme td.dxgvHeader_LECustomTheme tr>td:nth-child(1)' in '10' second(s)

2021-11-18 12:25:15 - [MESSAGE][INFO] - Finding Test Object 'Object Repository/Olusturma/Genel/Olusturma/TabloBasliklari'

2021-11-18 12:25:15 - [MESSAGE][INFO] - Checking timeout

2021-11-18 12:25:15 - [MESSAGE][INFO] - Finding web element with id: 'Object Repository/Olusturma/Genel/Olusturma/TabloBasliklari' located by 'By.cssSelector: div#divmalhizmet .dxgvTable_LECustomTheme td.dxgvHeader_LECustomTheme tr>td:nth-child(1)' in '10' second(s)

2021-11-18 12:25:15 - [MESSAGE][INFO] - Smart Wait Function is triggered

2021-11-18 12:25:16 - [MESSAGE][INFO] - Found 17 web elements with id: 'Object Repository/Olusturma/Genel/Olusturma/TabloBasliklari' located by 'By.cssSelector: div#divmalhizmet .dxgvTable_LECustomTheme td.dxgvHeader_LECustomTheme tr>td:nth-child(1)' in '10' second(s)

2021-11-18 12:25:16 - [TEST_STEP][PASSED] - for (def element : elements): null

2021-11-18 12:25:16 - [TEST_STEP][PASSED] - build().perform(): null

2021-11-18 12:25:16 - [TEST_STEP][PASSED] - if (getText().equals(Baslik)): null

2021-11-18 12:25:16 - [TEST_STEP][PASSED] - build().perform(): null

2021-11-18 12:25:16 - [TEST_STEP][PASSED] - if (getText().equals(Baslik)): null

2021-11-18 12:25:16 - [TEST_STEP][PASSED] - build().perform(): null

2021-11-18 12:25:16 - [TEST_STEP][PASSED] - if (getText().equals(Baslik)): null

2021-11-18 12:25:16 - [TEST_STEP][PASSED] - build().perform(): null

2021-11-18 12:25:16 - [TEST_STEP][PASSED] - if (getText().equals(Baslik)): null

2021-11-18 12:25:16 - [TEST_STEP][PASSED] - build().perform(): null

2021-11-18 12:25:16 - [TEST_STEP][PASSED] - if (getText().equals(Baslik)): null

2021-11-18 12:25:16 - [TEST_STEP][PASSED] - build().perform(): null

2021-11-18 12:25:16 - [TEST_STEP][PASSED] - if (getText().equals(Baslik)): null

2021-11-18 12:25:16 - [TEST_STEP][PASSED] - build().perform(): null

2021-11-18 12:25:17 - [TEST_STEP][PASSED] - if (getText().equals(Baslik)): null

2021-11-18 12:25:17 - [TEST_STEP][PASSED] - baslikElement = element.findElement(By.xpath("../../../..")): Smart Wait Function is triggered

2021-11-18 12:25:17 - [MESSAGE][INFO] - Smart Wait Function is triggered

2021-11-18 12:25:17 - [TEST_STEP][PASSED] - attr = baslikElement.getAttribute("id"): null

2021-11-18 12:25:17 - [TEST_STEP][PASSED] - println("girdi ve idsini aldı = " + attr): null

2021-11-18 12:25:17 - [TEST_STEP][PASSED] - break: null

2021-11-18 12:25:17 - [TEST_STEP][PASSED] - countElement = baslikElement.findElements(By.xpath("../td")): Smart Wait Function is triggered

2021-11-18 12:25:17 - [MESSAGE][INFO] - Smart Wait Function is triggered

2021-11-18 12:25:17 - [TEST_STEP][PASSED] - for (def element : countElement): null

2021-11-18 12:25:17 - [TEST_STEP][PASSED] - if (toString().equals(attr.toString())): null

2021-11-18 12:25:17 - [TEST_STEP][PASSED] - (a++): null

2021-11-18 12:25:17 - [TEST_STEP][PASSED] - if (toString().equals(attr.toString())): null

2021-11-18 12:25:17 - [TEST_STEP][PASSED] - (a++): null

2021-11-18 12:25:17 - [TEST_STEP][PASSED] - if (toString().equals(attr.toString())): null

2021-11-18 12:25:17 - [TEST_STEP][PASSED] - (a++): null

2021-11-18 12:25:17 - [TEST_STEP][PASSED] - if (toString().equals(attr.toString())): null

2021-11-18 12:25:17 - [TEST_STEP][PASSED] - (a++): null

2021-11-18 12:25:17 - [TEST_STEP][PASSED] - if (toString().equals(attr.toString())): null

2021-11-18 12:25:17 - [TEST_STEP][PASSED] - (a++): null

2021-11-18 12:25:17 - [TEST_STEP][PASSED] - if (toString().equals(attr.toString())): null

2021-11-18 12:25:17 - [TEST_STEP][PASSED] - (a++): null

2021-11-18 12:25:17 - [TEST_STEP][PASSED] - if (toString().equals(attr.toString())): null

2021-11-18 12:25:17 - [TEST_STEP][PASSED] - (a++): null

2021-11-18 12:25:17 - [TEST_STEP][PASSED] - if (toString().equals(attr.toString())): null

2021-11-18 12:25:17 - [TEST_STEP][PASSED] - break: null

2021-11-18 12:25:17 - [TEST_STEP][PASSED] - son = findWebElement(findTestObject("Object Repository/Olusturma/Genel/Olusturma/EklenenSatir")).findElement(By.xpath("td[@class='dxgvInlineEditCell_LECustomTheme dxgv'][" + a + "]//td[@class='dxic']/input")): Smart Wait Function is triggered

2021-11-18 12:25:17 - [MESSAGE][INFO] - Finding Test Object 'Object Repository/Olusturma/Genel/Olusturma/EklenenSatir'

2021-11-18 12:25:17 - [MESSAGE][INFO] - Finding web element from Test Object's properties

2021-11-18 12:25:17 - [MESSAGE][INFO] - Checking timeout

2021-11-18 12:25:17 - [MESSAGE][INFO] - Finding web element with id: 'Object Repository/Olusturma/Genel/Olusturma/EklenenSatir' located by 'By.cssSelector: #divmalhizmet .dxgvInlineEditRow_LECustomTheme' in '30' second(s)

2021-11-18 12:25:17 - [MESSAGE][INFO] - Smart Wait Function is triggered

2021-11-18 12:25:18 - [MESSAGE][INFO] - Found 1 web elements with id: 'Object Repository/Olusturma/Genel/Olusturma/EklenenSatir' located by 'By.cssSelector: #divmalhizmet .dxgvInlineEditRow_LECustomTheme' in '30' second(s)

2021-11-18 12:25:18 - [MESSAGE][INFO] - Smart Wait Function is triggered

2021-11-18 12:25:18 - [TEST_STEP][PASSED] - if (!(getAttribute("value").contains("Vkn"))): null

2021-11-18 12:25:18 - [TEST_STEP][PASSED] - son.clear(): null

2021-11-18 12:25:18 - [TEST_STEP][PASSED] - son.sendKeys(Deger): null

2021-11-18 12:25:18 - [MESSAGE][PASSED] - Call Test Case 'Test Cases/Olusturma/Genel/Olusturma' successfully

2021-11-18 12:25:18 - [MESSAGE][INFO] - Checking called Test Case

2021-11-18 12:25:18 - [MESSAGE][INFO] - Starting to call Test Case 'Test Cases/Olusturma/Genel/Olusturma'

2021-11-18 12:25:18 - [TEST_CASE][PASSED] - Test Cases/Olusturma/Genel/Olusturma: Test Cases/Olusturma/Genel/Olusturma

2021-11-18 12:25:18 - [TEST_STEP][PASSED] - driver = getWebDriver(): null

2021-11-18 12:25:18 - [TEST_STEP][PASSED] - action = new org.openqa.selenium.interactions.Actions(driver): null

2021-11-18 12:25:18 - [TEST_STEP][PASSED] - baslikElement = <not implemented yet for class: org.codehaus.groovy.ast.expr.EmptyExpression>: null

2021-11-18 12:25:18 - [TEST_STEP][PASSED] - sonElement = <not implemented yet for class: org.codehaus.groovy.ast.expr.EmptyExpression>: null

2021-11-18 12:25:18 - [TEST_STEP][PASSED] - attr = <not implemented yet for class: org.codehaus.groovy.ast.expr.EmptyExpression>: null

2021-11-18 12:25:18 - [TEST_STEP][PASSED] - a = 0: null

2021-11-18 12:25:18 - [TEST_STEP][PASSED] - elements = findWebElements(findTestObject("Object Repository/Olusturma/Genel/Olusturma/TabloBasliklari"), 10): Found 17 web elements with id: 'Object Repository/Olusturma/Genel/Olusturma/TabloBasliklari' located by 'By.cssSelector: div#divmalhizmet .dxgvTable_LECustomTheme td.dxgvHeader_LECustomTheme tr>td:nth-child(1)' in '10' second(s)

2021-11-18 12:25:18 - [MESSAGE][INFO] - Finding Test Object 'Object Repository/Olusturma/Genel/Olusturma/TabloBasliklari'

2021-11-18 12:25:18 - [MESSAGE][INFO] - Checking timeout

2021-11-18 12:25:18 - [MESSAGE][INFO] - Finding web element with id: 'Object Repository/Olusturma/Genel/Olusturma/TabloBasliklari' located by 'By.cssSelector: div#divmalhizmet .dxgvTable_LECustomTheme td.dxgvHeader_LECustomTheme tr>td:nth-child(1)' in '10' second(s)

2021-11-18 12:25:18 - [MESSAGE][INFO] - Smart Wait Function is triggered

2021-11-18 12:25:18 - [MESSAGE][INFO] - Found 17 web elements with id: 'Object Repository/Olusturma/Genel/Olusturma/TabloBasliklari' located by 'By.cssSelector: div#divmalhizmet .dxgvTable_LECustomTheme td.dxgvHeader_LECustomTheme tr>td:nth-child(1)' in '10' second(s)

2021-11-18 12:25:18 - [TEST_STEP][PASSED] - for (def element : elements): null

2021-11-18 12:25:18 - [TEST_STEP][PASSED] - build().perform(): null

2021-11-18 12:25:19 - [TEST_STEP][PASSED] - if (getText().equals(Baslik)): null

2021-11-18 12:25:19 - [TEST_STEP][PASSED] - build().perform(): null

2021-11-18 12:25:19 - [TEST_STEP][PASSED] - if (getText().equals(Baslik)): null

2021-11-18 12:25:19 - [TEST_STEP][PASSED] - build().perform(): null

2021-11-18 12:25:19 - [TEST_STEP][PASSED] - if (getText().equals(Baslik)): null

2021-11-18 12:25:19 - [TEST_STEP][PASSED] - build().perform(): null

2021-11-18 12:25:19 - [TEST_STEP][PASSED] - if (getText().equals(Baslik)): null

2021-11-18 12:25:19 - [TEST_STEP][PASSED] - build().perform(): null

2021-11-18 12:25:19 - [TEST_STEP][PASSED] - if (getText().equals(Baslik)): null

2021-11-18 12:25:19 - [TEST_STEP][PASSED] - build().perform(): null

2021-11-18 12:25:19 - [TEST_STEP][PASSED] - if (getText().equals(Baslik)): null

2021-11-18 12:25:19 - [TEST_STEP][PASSED] - build().perform(): null

2021-11-18 12:25:19 - [TEST_STEP][PASSED] - if (getText().equals(Baslik)): null

2021-11-18 12:25:19 - [TEST_STEP][PASSED] - build().perform(): null

2021-11-18 12:25:20 - [TEST_STEP][PASSED] - if (getText().equals(Baslik)): null

2021-11-18 12:25:20 - [TEST_STEP][PASSED] - build().perform(): null

2021-11-18 12:25:20 - [TEST_STEP][PASSED] - if (getText().equals(Baslik)): null

2021-11-18 12:25:20 - [TEST_STEP][PASSED] - build().perform(): null

2021-11-18 12:25:20 - [TEST_STEP][PASSED] - if (getText().equals(Baslik)): null

2021-11-18 12:25:20 - [TEST_STEP][PASSED] - build().perform(): null

2021-11-18 12:25:20 - [TEST_STEP][PASSED] - if (getText().equals(Baslik)): null

2021-11-18 12:25:20 - [TEST_STEP][PASSED] - build().perform(): null

2021-11-18 12:25:20 - [TEST_STEP][PASSED] - if (getText().equals(Baslik)): null

2021-11-18 12:25:20 - [TEST_STEP][PASSED] - build().perform(): null

2021-11-18 12:25:20 - [TEST_STEP][PASSED] - if (getText().equals(Baslik)): null

2021-11-18 12:25:20 - [TEST_STEP][PASSED] - build().perform(): null

2021-11-18 12:25:20 - [TEST_STEP][PASSED] - if (getText().equals(Baslik)): null

2021-11-18 12:25:20 - [TEST_STEP][PASSED] - build().perform(): null

2021-11-18 12:25:21 - [TEST_STEP][PASSED] - if (getText().equals(Baslik)): null

2021-11-18 12:25:21 - [TEST_STEP][PASSED] - build().perform(): null

2021-11-18 12:25:21 - [TEST_STEP][PASSED] - if (getText().equals(Baslik)): null

2021-11-18 12:25:21 - [TEST_STEP][PASSED] - baslikElement = element.findElement(By.xpath("../../../..")): Smart Wait Function is triggered

2021-11-18 12:25:21 - [MESSAGE][INFO] - Smart Wait Function is triggered

2021-11-18 12:25:21 - [TEST_STEP][PASSED] - attr = baslikElement.getAttribute("id"): null

2021-11-18 12:25:21 - [TEST_STEP][PASSED] - println("girdi ve idsini aldı = " + attr): null

2021-11-18 12:25:21 - [TEST_STEP][PASSED] - break: null

2021-11-18 12:25:21 - [TEST_STEP][PASSED] - countElement = baslikElement.findElements(By.xpath("../td")): Smart Wait Function is triggered

2021-11-18 12:25:21 - [MESSAGE][INFO] - Smart Wait Function is triggered

2021-11-18 12:25:21 - [TEST_STEP][PASSED] - for (def element : countElement): null

2021-11-18 12:25:21 - [TEST_STEP][PASSED] - if (toString().equals(attr.toString())): null

2021-11-18 12:25:21 - [TEST_STEP][PASSED] - (a++): null

2021-11-18 12:25:21 - [TEST_STEP][PASSED] - if (toString().equals(attr.toString())): null

2021-11-18 12:25:21 - [TEST_STEP][PASSED] - (a++): null

2021-11-18 12:25:21 - [TEST_STEP][PASSED] - if (toString().equals(attr.toString())): null

2021-11-18 12:25:21 - [TEST_STEP][PASSED] - (a++): null

2021-11-18 12:25:21 - [TEST_STEP][PASSED] - if (toString().equals(attr.toString())): null

2021-11-18 12:25:21 - [TEST_STEP][PASSED] - (a++): null

2021-11-18 12:25:21 - [TEST_STEP][PASSED] - if (toString().equals(attr.toString())): null

2021-11-18 12:25:21 - [TEST_STEP][PASSED] - (a++): null

2021-11-18 12:25:21 - [TEST_STEP][PASSED] - if (toString().equals(attr.toString())): null

2021-11-18 12:25:21 - [TEST_STEP][PASSED] - (a++): null

2021-11-18 12:25:21 - [TEST_STEP][PASSED] - if (toString().equals(attr.toString())): null

2021-11-18 12:25:21 - [TEST_STEP][PASSED] - (a++): null

2021-11-18 12:25:21 - [TEST_STEP][PASSED] - if (toString().equals(attr.toString())): null

2021-11-18 12:25:21 - [TEST_STEP][PASSED] - (a++): null

2021-11-18 12:25:21 - [TEST_STEP][PASSED] - if (toString().equals(attr.toString())): null

2021-11-18 12:25:22 - [TEST_STEP][PASSED] - (a++): null

2021-11-18 12:25:22 - [TEST_STEP][PASSED] - if (toString().equals(attr.toString())): null

2021-11-18 12:25:22 - [TEST_STEP][PASSED] - (a++): null

2021-11-18 12:25:22 - [TEST_STEP][PASSED] - if (toString().equals(attr.toString())): null

2021-11-18 12:25:22 - [TEST_STEP][PASSED] - (a++): null

2021-11-18 12:25:22 - [TEST_STEP][PASSED] - if (toString().equals(attr.toString())): null

2021-11-18 12:25:22 - [TEST_STEP][PASSED] - (a++): null

2021-11-18 12:25:22 - [TEST_STEP][PASSED] - if (toString().equals(attr.toString())): null

2021-11-18 12:25:22 - [TEST_STEP][PASSED] - (a++): null

2021-11-18 12:25:22 - [TEST_STEP][PASSED] - if (toString().equals(attr.toString())): null

2021-11-18 12:25:22 - [TEST_STEP][PASSED] - (a++): null

2021-11-18 12:25:22 - [TEST_STEP][PASSED] - if (toString().equals(attr.toString())): null

2021-11-18 12:25:22 - [TEST_STEP][PASSED] - (a++): null

2021-11-18 12:25:22 - [TEST_STEP][PASSED] - if (toString().equals(attr.toString())): null

2021-11-18 12:25:22 - [TEST_STEP][PASSED] - (a++): null

2021-11-18 12:25:22 - [TEST_STEP][PASSED] - if (toString().equals(attr.toString())): null

2021-11-18 12:25:22 - [TEST_STEP][PASSED] - break: null

2021-11-18 12:25:22 - [TEST_STEP][PASSED] - son = findWebElement(findTestObject("Object Repository/Olusturma/Genel/Olusturma/EklenenSatir")).findElement(By.xpath("td[@class='dxgvInlineEditCell_LECustomTheme dxgv'][" + a + "]//td[@class='dxic']/input")): Smart Wait Function is triggered

2021-11-18 12:25:22 - [MESSAGE][INFO] - Finding Test Object 'Object Repository/Olusturma/Genel/Olusturma/EklenenSatir'

2021-11-18 12:25:22 - [MESSAGE][INFO] - Finding web element from Test Object's properties

2021-11-18 12:25:22 - [MESSAGE][INFO] - Checking timeout

2021-11-18 12:25:22 - [MESSAGE][INFO] - Finding web element with id: 'Object Repository/Olusturma/Genel/Olusturma/EklenenSatir' located by 'By.cssSelector: #divmalhizmet .dxgvInlineEditRow_LECustomTheme' in '30' second(s)

2021-11-18 12:25:22 - [MESSAGE][INFO] - Smart Wait Function is triggered

2021-11-18 12:25:22 - [MESSAGE][INFO] - Found 1 web elements with id: 'Object Repository/Olusturma/Genel/Olusturma/EklenenSatir' located by 'By.cssSelector: #divmalhizmet .dxgvInlineEditRow_LECustomTheme' in '30' second(s)

2021-11-18 12:25:22 - [MESSAGE][INFO] - Smart Wait Function is triggered

2021-11-18 12:25:22 - [TEST_STEP][PASSED] - if (!(getAttribute("value").contains("Vkn"))): null

2021-11-18 12:25:22 - [TEST_STEP][PASSED] - son.clear(): null

2021-11-18 12:25:22 - [TEST_STEP][PASSED] - son.sendKeys(Deger): null

2021-11-18 12:25:22 - [MESSAGE][PASSED] - Call Test Case 'Test Cases/Olusturma/Genel/Olusturma' successfully

2021-11-18 12:25:22 - [MESSAGE][INFO] - Checking called Test Case

2021-11-18 12:25:22 - [MESSAGE][INFO] - Starting to call Test Case 'Test Cases/Olusturma/Genel/NotGirilir'

2021-11-18 12:25:22 - [TEST_CASE][PASSED] - Test Cases/Olusturma/Genel/NotGirilir: Test Cases/Olusturma/Genel/NotGirilir

2021-11-18 12:25:22 - [TEST_STEP][PASSED] - i = 0: null

2021-11-18 12:25:22 - [TEST_STEP][PASSED] - waitForElementClickable(findTestObject("Olusturma/Genel/Not/Notlar"), 10): Object 'Object Repository/Olusturma/Genel/Not/Notlar' is clickable

2021-11-18 12:25:22 - [MESSAGE][INFO] - Finding Test Object 'Object Repository/Olusturma/Genel/Not/Notlar'

2021-11-18 12:25:23 - [MESSAGE][INFO] - Checking object

2021-11-18 12:25:23 - [MESSAGE][INFO] - Checking timeout

2021-11-18 12:25:23 - [MESSAGE][INFO] - Finding web element from Test Object's properties

2021-11-18 12:25:23 - [MESSAGE][INFO] - Checking timeout

2021-11-18 12:25:23 - [MESSAGE][INFO] - Finding web element with id: 'Object Repository/Olusturma/Genel/Not/Notlar' located by 'By.xpath: //*[@id = 'txtNote_I']' in '10' second(s)

2021-11-18 12:25:23 - [MESSAGE][INFO] - Smart Wait Function is triggered

2021-11-18 12:25:23 - [MESSAGE][INFO] - Found 1 web elements with id: 'Object Repository/Olusturma/Genel/Not/Notlar' located by 'By.xpath: //*[@id = 'txtNote_I']' in '10' second(s)

2021-11-18 12:25:23 - [MESSAGE][PASSED] - Object 'Object Repository/Olusturma/Genel/Not/Notlar' is clickable

2021-11-18 12:25:23 - [TEST_STEP][PASSED] - clearText(findTestObject("Olusturma/Genel/Not/Notlar")): Text of object 'Object Repository/Olusturma/Genel/Not/Notlar' is cleared

2021-11-18 12:25:23 - [MESSAGE][INFO] - Finding Test Object 'Object Repository/Olusturma/Genel/Not/Notlar'

2021-11-18 12:25:23 - [MESSAGE][INFO] - Checking object

2021-11-18 12:25:23 - [MESSAGE][INFO] - Finding web element from Test Object's properties

2021-11-18 12:25:23 - [MESSAGE][INFO] - Checking timeout

2021-11-18 12:25:23 - [MESSAGE][INFO] - Finding web element with id: 'Object Repository/Olusturma/Genel/Not/Notlar' located by 'By.xpath: //*[@id = 'txtNote_I']' in '30' second(s)

2021-11-18 12:25:23 - [MESSAGE][INFO] - Smart Wait Function is triggered

2021-11-18 12:25:23 - [MESSAGE][INFO] - Found 1 web elements with id: 'Object Repository/Olusturma/Genel/Not/Notlar' located by 'By.xpath: //*[@id = 'txtNote_I']' in '30' second(s)

2021-11-18 12:25:23 - [MESSAGE][INFO] - Clearing text of object 'Object Repository/Olusturma/Genel/Not/Notlar'

2021-11-18 12:25:23 - [MESSAGE][PASSED] - Text of object 'Object Repository/Olusturma/Genel/Not/Notlar' is cleared

2021-11-18 12:25:23 - [TEST_STEP][PASSED] - click(findTestObject("Olusturma/Genel/Not/Notlar")): Object: 'Object Repository/Olusturma/Genel/Not/Notlar' is clicked on

2021-11-18 12:25:23 - [MESSAGE][INFO] - Finding Test Object 'Object Repository/Olusturma/Genel/Not/Notlar'

2021-11-18 12:25:24 - [MESSAGE][INFO] - Checking object

2021-11-18 12:25:24 - [MESSAGE][INFO] - Finding web element from Test Object's properties

2021-11-18 12:25:24 - [MESSAGE][INFO] - Checking timeout

2021-11-18 12:25:24 - [MESSAGE][INFO] - Finding web element with id: 'Object Repository/Olusturma/Genel/Not/Notlar' located by 'By.xpath: //*[@id = 'txtNote_I']' in '30' second(s)

2021-11-18 12:25:24 - [MESSAGE][INFO] - Smart Wait Function is triggered

2021-11-18 12:25:24 - [MESSAGE][INFO] - Found 1 web elements with id: 'Object Repository/Olusturma/Genel/Not/Notlar' located by 'By.xpath: //*[@id = 'txtNote_I']' in '30' second(s)

2021-11-18 12:25:24 - [MESSAGE][INFO] - Clicking on object: 'Object Repository/Olusturma/Genel/Not/Notlar'

2021-11-18 12:25:24 - [MESSAGE][PASSED] - Object: 'Object Repository/Olusturma/Genel/Not/Notlar' is clicked on

2021-11-18 12:25:24 - [TEST_STEP][PASSED] - while (true): null

2021-11-18 12:25:24 - [TEST_STEP][PASSED] - delay(1): Delayed 1 second(s)

2021-11-18 12:25:24 - [MESSAGE][INFO] - Delaying browser in 1 second(s)

2021-11-18 12:25:25 - [MESSAGE][PASSED] - Delayed 1 second(s)

2021-11-18 12:25:25 - [TEST_STEP][PASSED] - ajaxIsComplete = executeJavaScript("return jQuery.active == 0", null): Execute JavaScript 'return jQuery.active == 0' successfully

2021-11-18 12:25:25 - [MESSAGE][PASSED] - Execute JavaScript 'return jQuery.active == 0' successfully

2021-11-18 12:25:25 - [TEST_STEP][PASSED] - if (ajaxIsComplete): null

2021-11-18 12:25:25 - [TEST_STEP][PASSED] - break: null

2021-11-18 12:25:25 - [TEST_STEP][PASSED] - sendKeys(findTestObject("Olusturma/Genel/Not/Notlar"), Not): Keys 'Otomasyon Not' sent to object: 'Object Repository/Olusturma/Genel/Not/Notlar'

2021-11-18 12:25:25 - [MESSAGE][INFO] - Finding Test Object 'Object Repository/Olusturma/Genel/Not/Notlar'

2021-11-18 12:25:25 - [MESSAGE][INFO] - Sending keys 'Otomasyon Not' to object: 'Object Repository/Olusturma/Genel/Not/Notlar'

2021-11-18 12:25:25 - [MESSAGE][INFO] - Finding web element from Test Object's properties

2021-11-18 12:25:25 - [MESSAGE][INFO] - Checking timeout

2021-11-18 12:25:25 - [MESSAGE][INFO] - Finding web element with id: 'Object Repository/Olusturma/Genel/Not/Notlar' located by 'By.xpath: //*[@id = 'txtNote_I']' in '30' second(s)

2021-11-18 12:25:25 - [MESSAGE][INFO] - Smart Wait Function is triggered

2021-11-18 12:25:25 - [MESSAGE][INFO] - Found 1 web elements with id: 'Object Repository/Olusturma/Genel/Not/Notlar' located by 'By.xpath: //*[@id = 'txtNote_I']' in '30' second(s)

2021-11-18 12:25:25 - [MESSAGE][PASSED] - Keys 'Otomasyon Not' sent to object: 'Object Repository/Olusturma/Genel/Not/Notlar'

2021-11-18 12:25:25 - [MESSAGE][PASSED] - Call Test Case 'Test Cases/Olusturma/Genel/NotGirilir' successfully

2021-11-18 12:25:25 - [MESSAGE][INFO] - Checking called Test Case

2021-11-18 12:25:25 - [MESSAGE][INFO] - Starting to call Test Case 'Test Cases/Olusturma/Genel/EttnBilgisiKayitEdilir'

2021-11-18 12:25:26 - [TEST_CASE][PASSED] - Test Cases/Olusturma/Genel/EttnBilgisiKayitEdilir: Test Cases/Olusturma/Genel/EttnBilgisiKayitEdilir

2021-11-18 12:25:26 - [TEST_STEP][PASSED] - verifyElementPresent(findTestObject("Object Repository/Olusturma/Genel/Olusturma/eArsivEttnBilgisi"), 7): Object 'Object Repository/Olusturma/Genel/Olusturma/eArsivEttnBilgisi' is present

2021-11-18 12:25:26 - [MESSAGE][INFO] - Finding Test Object 'Object Repository/Olusturma/Genel/Olusturma/eArsivEttnBilgisi'

2021-11-18 12:25:26 - [MESSAGE][INFO] - Checking object

2021-11-18 12:25:26 - [MESSAGE][INFO] - Finding web element from Test Object's properties

2021-11-18 12:25:26 - [MESSAGE][INFO] - Checking timeout

2021-11-18 12:25:26 - [MESSAGE][INFO] - Finding web element with id: 'Object Repository/Olusturma/Genel/Olusturma/eArsivEttnBilgisi' located by 'By.xpath: //*[@id = 'Uuid_I']' in '7' second(s)

2021-11-18 12:25:26 - [MESSAGE][INFO] - Smart Wait Function is triggered

2021-11-18 12:25:26 - [MESSAGE][INFO] - Found 1 web elements with id: 'Object Repository/Olusturma/Genel/Olusturma/eArsivEttnBilgisi' located by 'By.xpath: //*[@id = 'Uuid_I']' in '7' second(s)

2021-11-18 12:25:26 - [MESSAGE][PASSED] - Object 'Object Repository/Olusturma/Genel/Olusturma/eArsivEttnBilgisi' is present

2021-11-18 12:25:26 - [TEST_STEP][PASSED] - ettn = getAttribute(findTestObject("Object Repository/Olusturma/Genel/Olusturma/eArsivEttnBilgisi"), "value"): Attribute 'value' of object 'Object Repository/Olusturma/Genel/Olusturma/eArsivEttnBilgisi' is: '4646ac2b-3de3-4c5e-9de2-271bc9cf4ebd'

2021-11-18 12:25:26 - [MESSAGE][INFO] - Finding Test Object 'Object Repository/Olusturma/Genel/Olusturma/eArsivEttnBilgisi'

2021-11-18 12:25:26 - [MESSAGE][INFO] - Checking object

2021-11-18 12:25:26 - [MESSAGE][INFO] - Checking attribute

2021-11-18 12:25:26 - [MESSAGE][INFO] - Finding web element from Test Object's properties

2021-11-18 12:25:26 - [MESSAGE][INFO] - Checking timeout

2021-11-18 12:25:26 - [MESSAGE][INFO] - Finding web element with id: 'Object Repository/Olusturma/Genel/Olusturma/eArsivEttnBilgisi' located by 'By.xpath: //*[@id = 'Uuid_I']' in '30' second(s)

2021-11-18 12:25:26 - [MESSAGE][INFO] - Smart Wait Function is triggered

2021-11-18 12:25:26 - [MESSAGE][INFO] - Found 1 web elements with id: 'Object Repository/Olusturma/Genel/Olusturma/eArsivEttnBilgisi' located by 'By.xpath: //*[@id = 'Uuid_I']' in '30' second(s)

2021-11-18 12:25:26 - [MESSAGE][INFO] - Getting attribute 'value' of object 'Object Repository/Olusturma/Genel/Olusturma/eArsivEttnBilgisi'

2021-11-18 12:25:26 - [MESSAGE][PASSED] - Attribute 'value' of object 'Object Repository/Olusturma/Genel/Olusturma/eArsivEttnBilgisi' is: '4646ac2b-3de3-4c5e-9de2-271bc9cf4ebd'

2021-11-18 12:25:26 - [MESSAGE][PASSED] - Call Test Case 'Test Cases/Olusturma/Genel/EttnBilgisiKayitEdilir' successfully

2021-11-18 12:25:26 - [MESSAGE][INFO] - Checking called Test Case

2021-11-18 12:25:26 - [MESSAGE][INFO] - Starting to call Test Case 'Test Cases/Olusturma/Genel/KaydetButonunaTiklanir'

2021-11-18 12:25:26 - [TEST_CASE][PASSED] - Test Cases/Olusturma/Genel/KaydetButonunaTiklanir: Test Cases/Olusturma/Genel/KaydetButonunaTiklanir

2021-11-18 12:25:26 - [TEST_STEP][PASSED] - i = 0: null

2021-11-18 12:25:26 - [TEST_STEP][PASSED] - waitForElementPresent(findTestObject("Olusturma/Genel/Not/Notlar"), 10): Object 'Object Repository/Olusturma/Genel/Not/Notlar' is present

2021-11-18 12:25:26 - [MESSAGE][INFO] - Finding Test Object 'Object Repository/Olusturma/Genel/Not/Notlar'

2021-11-18 12:25:26 - [MESSAGE][INFO] - Checking object

2021-11-18 12:25:26 - [MESSAGE][INFO] - Finding web element from Test Object's properties

2021-11-18 12:25:26 - [MESSAGE][INFO] - Checking timeout

2021-11-18 12:25:26 - [MESSAGE][INFO] - Finding web element with id: 'Object Repository/Olusturma/Genel/Not/Notlar' located by 'By.xpath: //*[@id = 'txtNote_I']' in '10' second(s)

2021-11-18 12:25:26 - [MESSAGE][INFO] - Smart Wait Function is triggered

2021-11-18 12:25:27 - [MESSAGE][INFO] - Found 1 web elements with id: 'Object Repository/Olusturma/Genel/Not/Notlar' located by 'By.xpath: //*[@id = 'txtNote_I']' in '10' second(s)

2021-11-18 12:25:27 - [MESSAGE][PASSED] - Object 'Object Repository/Olusturma/Genel/Not/Notlar' is present

2021-11-18 12:25:27 - [TEST_STEP][PASSED] - click(findTestObject("Olusturma/Genel/Not/Notlar")): Object: 'Object Repository/Olusturma/Genel/Not/Notlar' is clicked on

2021-11-18 12:25:27 - [MESSAGE][INFO] - Finding Test Object 'Object Repository/Olusturma/Genel/Not/Notlar'

2021-11-18 12:25:27 - [MESSAGE][INFO] - Checking object

2021-11-18 12:25:27 - [MESSAGE][INFO] - Finding web element from Test Object's properties

2021-11-18 12:25:27 - [MESSAGE][INFO] - Checking timeout

2021-11-18 12:25:27 - [MESSAGE][INFO] - Finding web element with id: 'Object Repository/Olusturma/Genel/Not/Notlar' located by 'By.xpath: //*[@id = 'txtNote_I']' in '30' second(s)

2021-11-18 12:25:27 - [MESSAGE][INFO] - Smart Wait Function is triggered

2021-11-18 12:25:27 - [MESSAGE][INFO] - Found 1 web elements with id: 'Object Repository/Olusturma/Genel/Not/Notlar' located by 'By.xpath: //*[@id = 'txtNote_I']' in '30' second(s)

2021-11-18 12:25:27 - [MESSAGE][INFO] - Clicking on object: 'Object Repository/Olusturma/Genel/Not/Notlar'

2021-11-18 12:25:27 - [MESSAGE][PASSED] - Object: 'Object Repository/Olusturma/Genel/Not/Notlar' is clicked on

2021-11-18 12:25:27 - [TEST_STEP][PASSED] - while (true): null

2021-11-18 12:25:27 - [TEST_STEP][PASSED] - delay(1): Delayed 1 second(s)

2021-11-18 12:25:27 - [MESSAGE][INFO] - Delaying browser in 1 second(s)

2021-11-18 12:25:28 - [MESSAGE][PASSED] - Delayed 1 second(s)

2021-11-18 12:25:28 - [TEST_STEP][PASSED] - ajaxIsComplete = executeJavaScript("return jQuery.active == 0", null): Execute JavaScript 'return jQuery.active == 0' successfully

2021-11-18 12:25:28 - [MESSAGE][PASSED] - Execute JavaScript 'return jQuery.active == 0' successfully

2021-11-18 12:25:28 - [TEST_STEP][PASSED] - if (ajaxIsComplete): null

2021-11-18 12:25:28 - [TEST_STEP][PASSED] - break: null

2021-11-18 12:25:28 - [TEST_STEP][PASSED] - waitForElementClickable(findTestObject("Object Repository/Olusturma/Genel/Buton"), 10): Object 'Object Repository/Olusturma/Genel/Buton' is clickable

2021-11-18 12:25:28 - [MESSAGE][INFO] - Finding Test Object 'Object Repository/Olusturma/Genel/Buton'

2021-11-18 12:25:28 - [MESSAGE][INFO] - Checking object

2021-11-18 12:25:28 - [MESSAGE][INFO] - Checking timeout

2021-11-18 12:25:28 - [MESSAGE][INFO] - Finding web element from Test Object's properties

2021-11-18 12:25:28 - [MESSAGE][INFO] - Checking timeout

2021-11-18 12:25:28 - [MESSAGE][INFO] - Finding web element with id: 'Object Repository/Olusturma/Genel/Buton' located by 'By.xpath: //*[@id = 'btnKaydet']' in '10' second(s)

2021-11-18 12:25:28 - [MESSAGE][INFO] - Smart Wait Function is triggered

2021-11-18 12:25:28 - [MESSAGE][INFO] - Found 1 web elements with id: 'Object Repository/Olusturma/Genel/Buton' located by 'By.xpath: //*[@id = 'btnKaydet']' in '10' second(s)

2021-11-18 12:25:28 - [MESSAGE][PASSED] - Object 'Object Repository/Olusturma/Genel/Buton' is clickable

2021-11-18 12:25:28 - [TEST_STEP][PASSED] - click(findTestObject("Object Repository/Olusturma/Genel/Buton")): Object: 'Object Repository/Olusturma/Genel/Buton' is clicked on

2021-11-18 12:25:28 - [MESSAGE][INFO] - Finding Test Object 'Object Repository/Olusturma/Genel/Buton'

2021-11-18 12:25:29 - [MESSAGE][INFO] - Checking object

2021-11-18 12:25:29 - [MESSAGE][INFO] - Finding web element from Test Object's properties

2021-11-18 12:25:29 - [MESSAGE][INFO] - Checking timeout

2021-11-18 12:25:29 - [MESSAGE][INFO] - Finding web element with id: 'Object Repository/Olusturma/Genel/Buton' located by 'By.xpath: //*[@id = 'btnKaydet']' in '30' second(s)

2021-11-18 12:25:29 - [MESSAGE][INFO] - Smart Wait Function is triggered

2021-11-18 12:25:29 - [MESSAGE][INFO] - Found 1 web elements with id: 'Object Repository/Olusturma/Genel/Buton' located by 'By.xpath: //*[@id = 'btnKaydet']' in '30' second(s)

2021-11-18 12:25:29 - [MESSAGE][INFO] - Clicking on object: 'Object Repository/Olusturma/Genel/Buton'

2021-11-18 12:25:31 - [MESSAGE][PASSED] - Object: 'Object Repository/Olusturma/Genel/Buton' is clicked on

2021-11-18 12:25:31 - [MESSAGE][PASSED] - Call Test Case 'Test Cases/Olusturma/Genel/KaydetButonunaTiklanir' successfully

2021-11-18 12:25:31 - [MESSAGE][INFO] - Checking called Test Case

2021-11-18 12:25:31 - [MESSAGE][INFO] - Starting to call Test Case 'Test Cases/Tablo/TablodaEttnliVeriOlusturulduMu'

2021-11-18 12:25:31 - [TEST_CASE][PASSED] - Test Cases/Tablo/TablodaEttnliVeriOlusturulduMu: Test Cases/Tablo/TablodaEttnliVeriOlusturulduMu

2021-11-18 12:25:31 - [TEST_STEP][PASSED] - Method.TextDegerineEsitElementVarMi(findTestObject("Tablo/OlusturulanVeri"), ettn): Method.TextDegerineEsitElementVarMi is PASSED

2021-11-18 12:25:31 - [MESSAGE][INFO] - Finding Test Object 'Object Repository/Tablo/OlusturulanVeri'

2021-11-18 12:25:31 - [MESSAGE][INFO] - Checking timeout

2021-11-18 12:25:31 - [MESSAGE][INFO] - Finding web element with id: 'Object Repository/Tablo/OlusturulanVeri' located by 'By.cssSelector: table.dxgvTable_LECustomTheme>tbody>tr:nth-child(3)>td.dxgv b,table.dxgvTable_LECustomTheme>tbody>tr:nth-child(3)>td.dxgv' in '10' second(s)

2021-11-18 12:25:31 - [MESSAGE][INFO] - Smart Wait Function is triggered

2021-11-18 12:25:31 - [MESSAGE][INFO] - Found 14 web elements with id: 'Object Repository/Tablo/OlusturulanVeri' located by 'By.cssSelector: table.dxgvTable_LECustomTheme>tbody>tr:nth-child(3)>td.dxgv b,table.dxgvTable_LECustomTheme>tbody>tr:nth-child(3)>td.dxgv' in '10' second(s)

2021-11-18 12:25:32 - [MESSAGE][PASSED] - Method.TextDegerineEsitElementVarMi is PASSED

2021-11-18 12:25:32 - [MESSAGE][PASSED] - Call Test Case 'Test Cases/Tablo/TablodaEttnliVeriOlusturulduMu' successfully

2021-11-18 12:25:32 - [MESSAGE][INFO] - Checking called Test Case

2021-11-18 12:25:32 - [MESSAGE][INFO] - Starting to call Test Case 'Test Cases/Tablo/TablodanEttnliVeriSec'

2021-11-18 12:25:32 - [TEST_CASE][PASSED] - Test Cases/Tablo/TablodanEttnliVeriSec: Test Cases/Tablo/TablodanEttnliVeriSec

2021-11-18 12:25:32 - [TEST_STEP][PASSED] - Method.TextDegerineEsitElementinAltindakineTikla(findTestObject("Tablo/Veriler"), findTestObject("Tablo/VerininCheckBoxi"), ettn): Method.TextDegerineEsitElementinAltindakineTikla is PASSED

2021-11-18 12:25:32 - [MESSAGE][INFO] - Finding Test Object 'Object Repository/Tablo/Veriler'

2021-11-18 12:25:32 - [MESSAGE][INFO] - Finding Test Object 'Object Repository/Tablo/VerininCheckBoxi'

2021-11-18 12:25:32 - [MESSAGE][INFO] - Checking timeout

2021-11-18 12:25:32 - [MESSAGE][INFO] - Finding web element with id: 'Object Repository/Tablo/Veriler' located by 'By.cssSelector: td.dxgv b ,td.dxgv' in '10' second(s)

2021-11-18 12:25:32 - [MESSAGE][INFO] - Smart Wait Function is triggered

2021-11-18 12:25:32 - [MESSAGE][INFO] - Found 70 web elements with id: 'Object Repository/Tablo/Veriler' located by 'By.cssSelector: td.dxgv b ,td.dxgv' in '10' second(s)

2021-11-18 12:25:32 - [MESSAGE][INFO] - Smart Wait Function is triggered

2021-11-18 12:25:32 - [MESSAGE][PASSED] - Method.TextDegerineEsitElementinAltindakineTikla is PASSED

2021-11-18 12:25:32 - [MESSAGE][PASSED] - Call Test Case 'Test Cases/Tablo/TablodanEttnliVeriSec' successfully

2021-11-18 12:25:32 - [MESSAGE][INFO] - Checking called Test Case

2021-11-18 12:25:32 - [MESSAGE][INFO] - Starting to call Test Case 'Test Cases/Butonlar/ButonaTikla'

2021-11-18 12:25:32 - [TEST_CASE][PASSED] - Test Cases/Butonlar/ButonaTikla: Test Cases/Butonlar/ButonaTikla

2021-11-18 12:25:33 - [TEST_STEP][PASSED] - Method.TextDegerineEsitElementeTiklaEquals(findTestObject("Butonlar/Butonlar"), Buton_Adi): Method.TextDegerineEsitElementeTiklaEquals is PASSED

2021-11-18 12:25:33 - [MESSAGE][INFO] - Finding Test Object 'Object Repository/Butonlar/Butonlar'

2021-11-18 12:25:33 - [MESSAGE][INFO] - Checking timeout

2021-11-18 12:25:33 - [MESSAGE][INFO] - Finding web element with id: 'Object Repository/Butonlar/Butonlar' located by 'By.cssSelector: .panel.panel-default.text-center.footerPanel .btn,.btn.btn-primary.btnControls' in '10' second(s)

2021-11-18 12:25:33 - [MESSAGE][INFO] - Smart Wait Function is triggered

2021-11-18 12:25:33 - [MESSAGE][INFO] - Found 9 web elements with id: 'Object Repository/Butonlar/Butonlar' located by 'By.cssSelector: .panel.panel-default.text-center.footerPanel .btn,.btn.btn-primary.btnControls' in '10' second(s)

2021-11-18 12:25:33 - [MESSAGE][PASSED] - Method.TextDegerineEsitElementeTiklaEquals is PASSED

2021-11-18 12:25:33 - [MESSAGE][PASSED] - Call Test Case 'Test Cases/Butonlar/ButonaTikla' successfully

2021-11-18 12:25:33 - [MESSAGE][INFO] - Checking called Test Case

2021-11-18 12:25:33 - [MESSAGE][INFO] - Starting to call Test Case 'Test Cases/Popup/PopupMesajiIceriyorMu'

2021-11-18 12:25:33 - [TEST_CASE][PASSED] - Test Cases/Popup/PopupMesajiIceriyorMu: Test Cases/Popup/PopupMesajiIceriyorMu

2021-11-18 12:25:33 - [TEST_STEP][PASSED] - waitForElementVisible(findTestObject("Popup/Popup"), 10): Object 'Object Repository/Popup/Popup' is visible

2021-11-18 12:25:33 - [MESSAGE][INFO] - Finding Test Object 'Object Repository/Popup/Popup'

2021-11-18 12:25:33 - [MESSAGE][INFO] - Checking object

2021-11-18 12:25:33 - [MESSAGE][INFO] - Checking timeout

2021-11-18 12:25:33 - [MESSAGE][INFO] - Finding web element from Test Object's properties

2021-11-18 12:25:33 - [MESSAGE][INFO] - Checking timeout

2021-11-18 12:25:33 - [MESSAGE][INFO] - Finding web element with id: 'Object Repository/Popup/Popup' located by 'By.cssSelector: .bootbox-body' in '10' second(s)

2021-11-18 12:25:33 - [MESSAGE][INFO] - Smart Wait Function is triggered

2021-11-18 12:25:34 - [MESSAGE][INFO] - Found 1 web elements with id: 'Object Repository/Popup/Popup' located by 'By.cssSelector: .bootbox-body' in '10' second(s)

2021-11-18 12:25:34 - [MESSAGE][PASSED] - Object 'Object Repository/Popup/Popup' is visible

2021-11-18 12:25:34 - [TEST_STEP][PASSED] - if (!(getText(findTestObject("Popup/Popup")).contains(Mesaj))): Text of object 'Object Repository/Popup/Popup' is: 'Oluşturulacak fatura numarası : EAR2021000000471 Fatura numarası oluşturulduktan sonra fatura silinemez. Fatura numarası, tarihi ve ön eki değiştirilemez. Devam etmek istiyor musunuz?'

2021-11-18 12:25:34 - [MESSAGE][INFO] - Finding Test Object 'Object Repository/Popup/Popup'

2021-11-18 12:25:34 - [MESSAGE][INFO] - Checking object

2021-11-18 12:25:34 - [MESSAGE][INFO] - Finding web element from Test Object's properties

2021-11-18 12:25:34 - [MESSAGE][INFO] - Checking timeout

2021-11-18 12:25:34 - [MESSAGE][INFO] - Finding web element with id: 'Object Repository/Popup/Popup' located by 'By.cssSelector: .bootbox-body' in '30' second(s)

2021-11-18 12:25:34 - [MESSAGE][INFO] - Smart Wait Function is triggered

2021-11-18 12:25:34 - [MESSAGE][INFO] - Found 1 web elements with id: 'Object Repository/Popup/Popup' located by 'By.cssSelector: .bootbox-body' in '30' second(s)

2021-11-18 12:25:34 - [MESSAGE][INFO] - Getting text of object 'Object Repository/Popup/Popup'

2021-11-18 12:25:35 - [MESSAGE][PASSED] - Text of object 'Object Repository/Popup/Popup' is: 'Oluşturulacak fatura numarası : EAR2021000000471 Fatura numarası oluşturulduktan sonra fatura silinemez. Fatura numarası, tarihi ve ön eki değiştirilemez. Devam etmek istiyor musunuz?'

2021-11-18 12:25:35 - [TEST_STEP][PASSED] - RaporNo = getText(findTestObject("Popup/Popup")).substring(0, 6): Text of object 'Object Repository/Popup/Popup' is: 'Oluşturulacak fatura numarası : EAR2021000000471 Fatura numarası oluşturulduktan sonra fatura silinemez. Fatura numarası, tarihi ve ön eki değiştirilemez. Devam etmek istiyor musunuz?'

2021-11-18 12:25:35 - [MESSAGE][INFO] - Finding Test Object 'Object Repository/Popup/Popup'

2021-11-18 12:25:35 - [MESSAGE][INFO] - Checking object

2021-11-18 12:25:35 - [MESSAGE][INFO] - Finding web element from Test Object's properties

2021-11-18 12:25:35 - [MESSAGE][INFO] - Checking timeout

2021-11-18 12:25:35 - [MESSAGE][INFO] - Finding web element with id: 'Object Repository/Popup/Popup' located by 'By.cssSelector: .bootbox-body' in '30' second(s)

2021-11-18 12:25:35 - [MESSAGE][INFO] - Smart Wait Function is triggered

2021-11-18 12:25:35 - [MESSAGE][INFO] - Found 1 web elements with id: 'Object Repository/Popup/Popup' located by 'By.cssSelector: .bootbox-body' in '30' second(s)

2021-11-18 12:25:35 - [MESSAGE][INFO] - Getting text of object 'Object Repository/Popup/Popup'

2021-11-18 12:25:35 - [MESSAGE][PASSED] - Text of object 'Object Repository/Popup/Popup' is: 'Oluşturulacak fatura numarası : EAR2021000000471 Fatura numarası oluşturulduktan sonra fatura silinemez. Fatura numarası, tarihi ve ön eki değiştirilemez. Devam etmek istiyor musunuz?'

2021-11-18 12:25:35 - [TEST_STEP][PASSED] - Console.println(RaporNo): null

2021-11-18 12:25:35 - [MESSAGE][PASSED] - Call Test Case 'Test Cases/Popup/PopupMesajiIceriyorMu' successfully

2021-11-18 12:25:35 - [MESSAGE][INFO] - Checking called Test Case

2021-11-18 12:25:35 - [MESSAGE][INFO] - Starting to call Test Case 'Test Cases/Popup/PopupButonSecilir'

2021-11-18 12:25:35 - [TEST_CASE][PASSED] - Test Cases/Popup/PopupButonSecilir: Test Cases/Popup/PopupButonSecilir

2021-11-18 12:25:35 - [TEST_STEP][PASSED] - Method.TextDegerineEsitElementeTikla(findTestObject("Popup/Popup_Butons"), Buton): Method.TextDegerineEsitElementeTikla is PASSED

2021-11-18 12:25:35 - [MESSAGE][INFO] - Finding Test Object 'Object Repository/Popup/Popup_Butons'

2021-11-18 12:25:35 - [MESSAGE][INFO] - Checking timeout

2021-11-18 12:25:35 - [MESSAGE][INFO] - Finding web element with id: 'Object Repository/Popup/Popup_Butons' located by 'By.cssSelector: .modal-footer>button' in '10' second(s)

2021-11-18 12:25:35 - [MESSAGE][INFO] - Smart Wait Function is triggered

2021-11-18 12:25:35 - [MESSAGE][INFO] - Found 2 web elements with id: 'Object Repository/Popup/Popup_Butons' located by 'By.cssSelector: .modal-footer>button' in '10' second(s)

2021-11-18 12:25:36 - [MESSAGE][PASSED] - Method.TextDegerineEsitElementeTikla is PASSED

2021-11-18 12:25:36 - [MESSAGE][PASSED] - Call Test Case 'Test Cases/Popup/PopupButonSecilir' successfully

2021-11-18 12:25:36 - [MESSAGE][INFO] - Checking called Test Case

2021-11-18 12:25:36 - [MESSAGE][INFO] - Starting to call Test Case 'Test Cases/Popup/PopupMesajiIceriyorMu'

2021-11-18 12:25:36 - [TEST_CASE][PASSED] - Test Cases/Popup/PopupMesajiIceriyorMu: Test Cases/Popup/PopupMesajiIceriyorMu

2021-11-18 12:25:36 - [TEST_STEP][PASSED] - waitForElementVisible(findTestObject("Popup/Popup"), 10): Object 'Object Repository/Popup/Popup' is visible

2021-11-18 12:25:36 - [MESSAGE][INFO] - Finding Test Object 'Object Repository/Popup/Popup'

2021-11-18 12:25:36 - [MESSAGE][INFO] - Checking object

2021-11-18 12:25:36 - [MESSAGE][INFO] - Checking timeout

2021-11-18 12:25:36 - [MESSAGE][INFO] - Finding web element from Test Object's properties

2021-11-18 12:25:36 - [MESSAGE][INFO] - Checking timeout

2021-11-18 12:25:36 - [MESSAGE][INFO] - Finding web element with id: 'Object Repository/Popup/Popup' located by 'By.cssSelector: .bootbox-body' in '10' second(s)

2021-11-18 12:25:36 - [MESSAGE][INFO] - Smart Wait Function is triggered

2021-11-18 12:25:36 - [MESSAGE][INFO] - Found 1 web elements with id: 'Object Repository/Popup/Popup' located by 'By.cssSelector: .bootbox-body' in '10' second(s)

2021-11-18 12:25:36 - [MESSAGE][PASSED] - Object 'Object Repository/Popup/Popup' is visible

2021-11-18 12:25:36 - [TEST_STEP][PASSED] - if (!(getText(findTestObject("Popup/Popup")).contains(Mesaj))): Text of object 'Object Repository/Popup/Popup' is: 'Fatura numaranız EAR2021000000471 olarak oluşmuştur.'

2021-11-18 12:25:36 - [MESSAGE][INFO] - Finding Test Object 'Object Repository/Popup/Popup'

2021-11-18 12:25:36 - [MESSAGE][INFO] - Checking object

2021-11-18 12:25:36 - [MESSAGE][INFO] - Finding web element from Test Object's properties

2021-11-18 12:25:36 - [MESSAGE][INFO] - Checking timeout

2021-11-18 12:25:36 - [MESSAGE][INFO] - Finding web element with id: 'Object Repository/Popup/Popup' located by 'By.cssSelector: .bootbox-body' in '30' second(s)

2021-11-18 12:25:36 - [MESSAGE][INFO] - Smart Wait Function is triggered

2021-11-18 12:25:37 - [MESSAGE][INFO] - Found 1 web elements with id: 'Object Repository/Popup/Popup' located by 'By.cssSelector: .bootbox-body' in '30' second(s)

2021-11-18 12:25:37 - [MESSAGE][INFO] - Getting text of object 'Object Repository/Popup/Popup'

2021-11-18 12:25:37 - [MESSAGE][PASSED] - Text of object 'Object Repository/Popup/Popup' is: 'Fatura numaranız EAR2021000000471 olarak oluşmuştur.'

2021-11-18 12:25:37 - [TEST_STEP][PASSED] - RaporNo = getText(findTestObject("Popup/Popup")).substring(0, 6): Text of object 'Object Repository/Popup/Popup' is: 'Fatura numaranız EAR2021000000471 olarak oluşmuştur.'

2021-11-18 12:25:37 - [MESSAGE][INFO] - Finding Test Object 'Object Repository/Popup/Popup'

2021-11-18 12:25:37 - [MESSAGE][INFO] - Checking object

2021-11-18 12:25:37 - [MESSAGE][INFO] - Finding web element from Test Object's properties

2021-11-18 12:25:37 - [MESSAGE][INFO] - Checking timeout

2021-11-18 12:25:37 - [MESSAGE][INFO] - Finding web element with id: 'Object Repository/Popup/Popup' located by 'By.cssSelector: .bootbox-body' in '30' second(s)

2021-11-18 12:25:37 - [MESSAGE][INFO] - Smart Wait Function is triggered

2021-11-18 12:25:37 - [MESSAGE][INFO] - Found 1 web elements with id: 'Object Repository/Popup/Popup' located by 'By.cssSelector: .bootbox-body' in '30' second(s)

2021-11-18 12:25:37 - [MESSAGE][INFO] - Getting text of object 'Object Repository/Popup/Popup'

2021-11-18 12:25:37 - [MESSAGE][PASSED] - Text of object 'Object Repository/Popup/Popup' is: 'Fatura numaranız EAR2021000000471 olarak oluşmuştur.'

2021-11-18 12:25:37 - [TEST_STEP][PASSED] - Console.println(RaporNo): null

2021-11-18 12:25:37 - [MESSAGE][PASSED] - Call Test Case 'Test Cases/Popup/PopupMesajiIceriyorMu' successfully

2021-11-18 12:25:37 - [MESSAGE][INFO] - Checking called Test Case

2021-11-18 12:25:37 - [MESSAGE][INFO] - Starting to call Test Case 'Test Cases/Popup/PopupButonSecilir'

2021-11-18 12:25:37 - [TEST_CASE][PASSED] - Test Cases/Popup/PopupButonSecilir: Test Cases/Popup/PopupButonSecilir

2021-11-18 12:25:37 - [TEST_STEP][PASSED] - Method.TextDegerineEsitElementeTikla(findTestObject("Popup/Popup_Butons"), Buton): Method.TextDegerineEsitElementeTikla is PASSED

2021-11-18 12:25:37 - [MESSAGE][INFO] - Finding Test Object 'Object Repository/Popup/Popup_Butons'

2021-11-18 12:25:37 - [MESSAGE][INFO] - Checking timeout

2021-11-18 12:25:37 - [MESSAGE][INFO] - Finding web element with id: 'Object Repository/Popup/Popup_Butons' located by 'By.cssSelector: .modal-footer>button' in '10' second(s)

2021-11-18 12:25:37 - [MESSAGE][INFO] - Smart Wait Function is triggered

2021-11-18 12:25:37 - [MESSAGE][INFO] - Found 1 web elements with id: 'Object Repository/Popup/Popup_Butons' located by 'By.cssSelector: .modal-footer>button' in '10' second(s)

2021-11-18 12:25:38 - [MESSAGE][PASSED] - Method.TextDegerineEsitElementeTikla is PASSED

2021-11-18 12:25:38 - [MESSAGE][PASSED] - Call Test Case 'Test Cases/Popup/PopupButonSecilir' successfully

2021-11-18 12:25:38 - [MESSAGE][INFO] - Checking called Test Case

2021-11-18 12:25:38 - [MESSAGE][INFO] - Starting to call Test Case 'Test Cases/Tablo/TablodanEttnliVeriSec'

2021-11-18 12:25:38 - [TEST_CASE][PASSED] - Test Cases/Tablo/TablodanEttnliVeriSec: Test Cases/Tablo/TablodanEttnliVeriSec

2021-11-18 12:25:38 - [TEST_STEP][PASSED] - Method.TextDegerineEsitElementinAltindakineTikla(findTestObject("Tablo/Veriler"), findTestObject("Tablo/VerininCheckBoxi"), ettn): Method.TextDegerineEsitElementinAltindakineTikla is PASSED

2021-11-18 12:25:38 - [MESSAGE][INFO] - Finding Test Object 'Object Repository/Tablo/Veriler'

2021-11-18 12:25:38 - [MESSAGE][INFO] - Finding Test Object 'Object Repository/Tablo/VerininCheckBoxi'

2021-11-18 12:25:38 - [MESSAGE][INFO] - Checking timeout

2021-11-18 12:25:38 - [MESSAGE][INFO] - Finding web element with id: 'Object Repository/Tablo/Veriler' located by 'By.cssSelector: td.dxgv b ,td.dxgv' in '10' second(s)

2021-11-18 12:25:38 - [MESSAGE][INFO] - Smart Wait Function is triggered

2021-11-18 12:25:38 - [MESSAGE][INFO] - Found 70 web elements with id: 'Object Repository/Tablo/Veriler' located by 'By.cssSelector: td.dxgv b ,td.dxgv' in '10' second(s)

2021-11-18 12:25:39 - [MESSAGE][INFO] - Smart Wait Function is triggered

2021-11-18 12:25:39 - [MESSAGE][PASSED] - Method.TextDegerineEsitElementinAltindakineTikla is PASSED

2021-11-18 12:25:39 - [MESSAGE][PASSED] - Call Test Case 'Test Cases/Tablo/TablodanEttnliVeriSec' successfully

2021-11-18 12:25:39 - [MESSAGE][INFO] - Checking called Test Case

2021-11-18 12:25:39 - [MESSAGE][INFO] - Starting to call Test Case 'Test Cases/Butonlar/ButonaTikla'

2021-11-18 12:25:39 - [TEST_CASE][PASSED] - Test Cases/Butonlar/ButonaTikla: Test Cases/Butonlar/ButonaTikla

2021-11-18 12:25:39 - [TEST_STEP][PASSED] - Method.TextDegerineEsitElementeTiklaEquals(findTestObject("Butonlar/Butonlar"), Buton_Adi): Method.TextDegerineEsitElementeTiklaEquals is PASSED

2021-11-18 12:25:39 - [MESSAGE][INFO] - Finding Test Object 'Object Repository/Butonlar/Butonlar'

2021-11-18 12:25:39 - [MESSAGE][INFO] - Checking timeout

2021-11-18 12:25:39 - [MESSAGE][INFO] - Finding web element with id: 'Object Repository/Butonlar/Butonlar' located by 'By.cssSelector: .panel.panel-default.text-center.footerPanel .btn,.btn.btn-primary.btnControls' in '10' second(s)

2021-11-18 12:25:39 - [MESSAGE][INFO] - Smart Wait Function is triggered

2021-11-18 12:25:39 - [MESSAGE][INFO] - Found 9 web elements with id: 'Object Repository/Butonlar/Butonlar' located by 'By.cssSelector: .panel.panel-default.text-center.footerPanel .btn,.btn.btn-primary.btnControls' in '10' second(s)

2021-11-18 12:25:40 - [MESSAGE][PASSED] - Method.TextDegerineEsitElementeTiklaEquals is PASSED

2021-11-18 12:25:40 - [MESSAGE][PASSED] - Call Test Case 'Test Cases/Butonlar/ButonaTikla' successfully

2021-11-18 12:25:40 - [MESSAGE][INFO] - Checking called Test Case

2021-11-18 12:25:40 - [MESSAGE][INFO] - Starting to call Test Case 'Test Cases/Popup/PopupMesajiIceriyorMu'

2021-11-18 12:25:40 - [TEST_CASE][PASSED] - Test Cases/Popup/PopupMesajiIceriyorMu: Test Cases/Popup/PopupMesajiIceriyorMu

2021-11-18 12:25:40 - [TEST_STEP][PASSED] - waitForElementVisible(findTestObject("Popup/Popup"), 10): Object 'Object Repository/Popup/Popup' is visible

2021-11-18 12:25:40 - [MESSAGE][INFO] - Finding Test Object 'Object Repository/Popup/Popup'

2021-11-18 12:25:40 - [MESSAGE][INFO] - Checking object

2021-11-18 12:25:40 - [MESSAGE][INFO] - Checking timeout

2021-11-18 12:25:40 - [MESSAGE][INFO] - Finding web element from Test Object's properties

2021-11-18 12:25:40 - [MESSAGE][INFO] - Checking timeout

2021-11-18 12:25:40 - [MESSAGE][INFO] - Finding web element with id: 'Object Repository/Popup/Popup' located by 'By.cssSelector: .bootbox-body' in '10' second(s)

2021-11-18 12:25:40 - [MESSAGE][INFO] - Smart Wait Function is triggered

2021-11-18 12:25:40 - [MESSAGE][INFO] - Found 1 web elements with id: 'Object Repository/Popup/Popup' located by 'By.cssSelector: .bootbox-body' in '10' second(s)

2021-11-18 12:25:40 - [MESSAGE][PASSED] - Object 'Object Repository/Popup/Popup' is visible

2021-11-18 12:25:40 - [TEST_STEP][PASSED] - if (!(getText(findTestObject("Popup/Popup")).contains(Mesaj))): Text of object 'Object Repository/Popup/Popup' is: 'Seçilen faturalarınız onaylanacaktır. Onaylanan faturalar üzerinde değişiklik yapılamaz. Devam etmek istiyor musunuz?'

2021-11-18 12:25:40 - [MESSAGE][INFO] - Finding Test Object 'Object Repository/Popup/Popup'

2021-11-18 12:25:40 - [MESSAGE][INFO] - Checking object

2021-11-18 12:25:40 - [MESSAGE][INFO] - Finding web element from Test Object's properties

2021-11-18 12:25:40 - [MESSAGE][INFO] - Checking timeout

2021-11-18 12:25:40 - [MESSAGE][INFO] - Finding web element with id: 'Object Repository/Popup/Popup' located by 'By.cssSelector: .bootbox-body' in '30' second(s)

2021-11-18 12:25:40 - [MESSAGE][INFO] - Smart Wait Function is triggered

2021-11-18 12:25:41 - [MESSAGE][INFO] - Found 1 web elements with id: 'Object Repository/Popup/Popup' located by 'By.cssSelector: .bootbox-body' in '30' second(s)

2021-11-18 12:25:41 - [MESSAGE][INFO] - Getting text of object 'Object Repository/Popup/Popup'

2021-11-18 12:25:41 - [MESSAGE][PASSED] - Text of object 'Object Repository/Popup/Popup' is: 'Seçilen faturalarınız onaylanacaktır. Onaylanan faturalar üzerinde değişiklik yapılamaz. Devam etmek istiyor musunuz?'

2021-11-18 12:25:41 - [TEST_STEP][PASSED] - RaporNo = getText(findTestObject("Popup/Popup")).substring(0, 6): Text of object 'Object Repository/Popup/Popup' is: 'Seçilen faturalarınız onaylanacaktır. Onaylanan faturalar üzerinde değişiklik yapılamaz. Devam etmek istiyor musunuz?'

2021-11-18 12:25:41 - [MESSAGE][INFO] - Finding Test Object 'Object Repository/Popup/Popup'

2021-11-18 12:25:41 - [MESSAGE][INFO] - Checking object

2021-11-18 12:25:41 - [MESSAGE][INFO] - Finding web element from Test Object's properties

2021-11-18 12:25:41 - [MESSAGE][INFO] - Checking timeout

2021-11-18 12:25:41 - [MESSAGE][INFO] - Finding web element with id: 'Object Repository/Popup/Popup' located by 'By.cssSelector: .bootbox-body' in '30' second(s)

2021-11-18 12:25:41 - [MESSAGE][INFO] - Smart Wait Function is triggered

2021-11-18 12:25:41 - [MESSAGE][INFO] - Found 1 web elements with id: 'Object Repository/Popup/Popup' located by 'By.cssSelector: .bootbox-body' in '30' second(s)

2021-11-18 12:25:41 - [MESSAGE][INFO] - Getting text of object 'Object Repository/Popup/Popup'

2021-11-18 12:25:41 - [MESSAGE][PASSED] - Text of object 'Object Repository/Popup/Popup' is: 'Seçilen faturalarınız onaylanacaktır. Onaylanan faturalar üzerinde değişiklik yapılamaz. Devam etmek istiyor musunuz?'

2021-11-18 12:25:41 - [TEST_STEP][PASSED] - Console.println(RaporNo): null

2021-11-18 12:25:41 - [MESSAGE][PASSED] - Call Test Case 'Test Cases/Popup/PopupMesajiIceriyorMu' successfully

2021-11-18 12:25:41 - [MESSAGE][INFO] - Checking called Test Case

2021-11-18 12:25:41 - [MESSAGE][INFO] - Starting to call Test Case 'Test Cases/Popup/PopupButonSecilir'

2021-11-18 12:25:41 - [TEST_CASE][PASSED] - Test Cases/Popup/PopupButonSecilir: Test Cases/Popup/PopupButonSecilir

2021-11-18 12:25:41 - [TEST_STEP][PASSED] - Method.TextDegerineEsitElementeTikla(findTestObject("Popup/Popup_Butons"), Buton): Method.TextDegerineEsitElementeTikla is PASSED

2021-11-18 12:25:41 - [MESSAGE][INFO] - Finding Test Object 'Object Repository/Popup/Popup_Butons'

2021-11-18 12:25:41 - [MESSAGE][INFO] - Checking timeout

2021-11-18 12:25:41 - [MESSAGE][INFO] - Finding web element with id: 'Object Repository/Popup/Popup_Butons' located by 'By.cssSelector: .modal-footer>button' in '10' second(s)

2021-11-18 12:25:41 - [MESSAGE][INFO] - Smart Wait Function is triggered

2021-11-18 12:25:41 - [MESSAGE][INFO] - Found 2 web elements with id: 'Object Repository/Popup/Popup_Butons' located by 'By.cssSelector: .modal-footer>button' in '10' second(s)

2021-11-18 12:25:42 - [MESSAGE][PASSED] - Method.TextDegerineEsitElementeTikla is PASSED

2021-11-18 12:25:42 - [MESSAGE][PASSED] - Call Test Case 'Test Cases/Popup/PopupButonSecilir' successfully

2021-11-18 12:25:42 - [MESSAGE][INFO] - Checking called Test Case

2021-11-18 12:25:42 - [MESSAGE][INFO] - Starting to call Test Case 'Test Cases/Menu/AnaMenuSecimi'

2021-11-18 12:25:42 - [TEST_CASE][PASSED] - Test Cases/Menu/AnaMenuSecimi: Test Cases/Menu/AnaMenuSecimi

2021-11-18 12:25:42 - [TEST_STEP][PASSED] - Method.TextDegerineEsitElementeTikla(findTestObject("Menu/Ana_Menu"), Ana_Menu): Method.TextDegerineEsitElementeTikla is PASSED

2021-11-18 12:25:42 - [MESSAGE][INFO] - Finding Test Object 'Object Repository/Menu/Ana_Menu'

2021-11-18 12:25:42 - [MESSAGE][INFO] - Checking timeout

2021-11-18 12:25:42 - [MESSAGE][INFO] - Finding web element with id: 'Object Repository/Menu/Ana_Menu' located by 'By.xpath: //*[@class = 'dropdown-toggle']' in '10' second(s)

2021-11-18 12:25:42 - [MESSAGE][INFO] - Smart Wait Function is triggered

2021-11-18 12:25:43 - [MESSAGE][INFO] - Found 13 web elements with id: 'Object Repository/Menu/Ana_Menu' located by 'By.xpath: //*[@class = 'dropdown-toggle']' in '10' second(s)

2021-11-18 12:25:43 - [MESSAGE][PASSED] - Method.TextDegerineEsitElementeTikla is PASSED

2021-11-18 12:25:43 - [MESSAGE][PASSED] - Call Test Case 'Test Cases/Menu/AnaMenuSecimi' successfully

2021-11-18 12:25:43 - [MESSAGE][INFO] - Checking called Test Case

2021-11-18 12:25:43 - [MESSAGE][INFO] - Starting to call Test Case 'Test Cases/Menu/BasligaGoreAltMenuSecimi'

2021-11-18 12:25:43 - [TEST_CASE][PASSED] - Test Cases/Menu/BasligaGoreAltMenuSecimi: Test Cases/Menu/BasligaGoreAltMenuSecimi

2021-11-18 12:25:43 - [TEST_STEP][PASSED] - Method.TextDegerineEsitElementinAltindakiTextDegerineEsitOlanaTikla(findTestObject("Menu/Menu_Basligi"), findTestObject("Menu/Basliga_Gore_Alt_Menu"), Baslik, Alt_Menu): Method.TextDegerineEsitElementinAltindakiTextDegerineEsitOlanaTikla is PASSED

2021-11-18 12:25:43 - [MESSAGE][INFO] - Finding Test Object 'Object Repository/Menu/Menu_Basligi'

2021-11-18 12:25:43 - [MESSAGE][INFO] - Finding Test Object 'Object Repository/Menu/Basliga_Gore_Alt_Menu'

2021-11-18 12:25:43 - [MESSAGE][INFO] - Checking timeout

2021-11-18 12:25:43 - [MESSAGE][INFO] - Finding web element with id: 'Object Repository/Menu/Menu_Basligi' located by 'By.xpath: //li[@class='dropdown dropdown-large open']//li[@class='dropdown-header']' in '10' second(s)

2021-11-18 12:25:43 - [MESSAGE][INFO] - Smart Wait Function is triggered

2021-11-18 12:25:43 - [MESSAGE][INFO] - Found 2 web elements with id: 'Object Repository/Menu/Menu_Basligi' located by 'By.xpath: //li[@class='dropdown dropdown-large open']//li[@class='dropdown-header']' in '10' second(s)

2021-11-18 12:25:43 - [MESSAGE][INFO] - Smart Wait Function is triggered

2021-11-18 12:25:44 - [MESSAGE][PASSED] - Method.TextDegerineEsitElementinAltindakiTextDegerineEsitOlanaTikla is PASSED

2021-11-18 12:25:44 - [MESSAGE][PASSED] - Call Test Case 'Test Cases/Menu/BasligaGoreAltMenuSecimi' successfully

2021-11-18 12:25:44 - [MESSAGE][INFO] - Checking called Test Case

2021-11-18 12:25:44 - [MESSAGE][INFO] - Starting to call Test Case 'Test Cases/Filtreler/EttnYaz'

2021-11-18 12:25:44 - [TEST_CASE][PASSED] - Test Cases/Filtreler/EttnYaz: Test Cases/Filtreler/EttnYaz

2021-11-18 12:25:44 - [TEST_STEP][PASSED] - Method.TextDegerineEsitElementinAltindakiTextboxtaYaz(findTestObject("Filtreler/Basliklar"), findTestObject("Filtreler/Basliga_Gore_Textbox"), "ETTN", ettn): Method.TextDegerineEsitElementinAltindakiTextboxtaYaz is PASSED

2021-11-18 12:25:44 - [MESSAGE][INFO] - Finding Test Object 'Object Repository/Filtreler/Basliklar'

2021-11-18 12:25:44 - [MESSAGE][INFO] - Finding Test Object 'Object Repository/Filtreler/Basliga_Gore_Textbox'

2021-11-18 12:25:45 - [MESSAGE][INFO] - Checking timeout

2021-11-18 12:25:45 - [MESSAGE][INFO] - Finding web element with id: 'Object Repository/Filtreler/Basliklar' located by 'By.cssSelector: .control-label.col-sm-4.paddingMarginRLC' in '10' second(s)

2021-11-18 12:25:45 - [MESSAGE][INFO] - Smart Wait Function is triggered

2021-11-18 12:25:45 - [MESSAGE][INFO] - Found 19 web elements with id: 'Object Repository/Filtreler/Basliklar' located by 'By.cssSelector: .control-label.col-sm-4.paddingMarginRLC' in '10' second(s)

2021-11-18 12:25:45 - [MESSAGE][INFO] - Smart Wait Function is triggered

2021-11-18 12:25:45 - [MESSAGE][PASSED] - Method.TextDegerineEsitElementinAltindakiTextboxtaYaz is PASSED

2021-11-18 12:25:45 - [MESSAGE][PASSED] - Call Test Case 'Test Cases/Filtreler/EttnYaz' successfully

2021-11-18 12:25:45 - [MESSAGE][INFO] - Checking called Test Case

2021-11-18 12:25:45 - [MESSAGE][INFO] - Starting to call Test Case 'Test Cases/Filtreler/ButonaTikla'

2021-11-18 12:25:45 - [TEST_CASE][PASSED] - Test Cases/Filtreler/ButonaTikla: Test Cases/Filtreler/ButonaTikla

2021-11-18 12:25:45 - [TEST_STEP][PASSED] - Method.TextDegerineEsitElementeTikla(findTestObject("Filtreler/Butonlar"), Filtre_Buton): Method.TextDegerineEsitElementeTikla is PASSED

2021-11-18 12:25:45 - [MESSAGE][INFO] - Finding Test Object 'Object Repository/Filtreler/Butonlar'

2021-11-18 12:25:45 - [MESSAGE][INFO] - Checking timeout

2021-11-18 12:25:45 - [MESSAGE][INFO] - Finding web element with id: 'Object Repository/Filtreler/Butonlar' located by 'By.cssSelector: .dxb>span' in '10' second(s)

2021-11-18 12:25:45 - [MESSAGE][INFO] - Smart Wait Function is triggered

2021-11-18 12:25:46 - [MESSAGE][INFO] - Found 3 web elements with id: 'Object Repository/Filtreler/Butonlar' located by 'By.cssSelector: .dxb>span' in '10' second(s)

2021-11-18 12:25:46 - [MESSAGE][PASSED] - Method.TextDegerineEsitElementeTikla is PASSED

2021-11-18 12:25:46 - [MESSAGE][PASSED] - Call Test Case 'Test Cases/Filtreler/ButonaTikla' successfully

2021-11-18 12:25:46 - [MESSAGE][INFO] - Checking called Test Case

2021-11-18 12:25:46 - [MESSAGE][INFO] - Starting to call Test Case 'Test Cases/Tablo/TablodaVeriVarMi'

2021-11-18 12:25:46 - [TEST_CASE][PASSED] - Test Cases/Tablo/TablodaVeriVarMi: Test Cases/Tablo/TablodaVeriVarMi

2021-11-18 12:25:46 - [TEST_STEP][PASSED] - verifyTextNotPresent("Görüntülenecek veri yok", true): Text 'Görüntülenecek veri yok' is not present on page using regular expression

2021-11-18 12:25:46 - [MESSAGE][INFO] - Checking text present  using regular expression

2021-11-18 12:25:46 - [MESSAGE][INFO] - Smart Wait Function is triggered

2021-11-18 12:25:47 - [MESSAGE][INFO] - Finding text 'Görüntülenecek veri yok' on page  using regular expression

2021-11-18 12:25:47 - [MESSAGE][PASSED] - Text 'Görüntülenecek veri yok' is not present on page using regular expression

2021-11-18 12:25:47 - [MESSAGE][PASSED] - Call Test Case 'Test Cases/Tablo/TablodaVeriVarMi' successfully

2021-11-18 12:25:47 - [MESSAGE][INFO] - Checking called Test Case

2021-11-18 12:25:47 - [MESSAGE][INFO] - Starting to call Test Case 'Test Cases/Tablo/TablodaVeriBasariliMiArsiv'

2021-11-18 12:25:47 - [TEST_CASE][PASSED] - Test Cases/Tablo/TablodaVeriBasariliMiArsiv: Test Cases/Tablo/TablodaVeriBasariliMiArsiv

2021-11-18 12:25:47 - [TEST_STEP][PASSED] - sayac = 80: null

2021-11-18 12:25:47 - [TEST_STEP][PASSED] - while (verifyElementText(findTestObject("Object Repository/Tablo/DurumBilgisiArsiv"), "Henüz Sonuçlanmadı", OPTIONAL)): Actual text 'Başarılı' and expected text 'Henüz Sonuçlanmadı' of test object 'Object Repository/Tablo/DurumBilgisiArsiv' are NOT matched. (Root cause: com.kms.katalon.core.exception.StepFailedException: Actual text 'Başarılı' and expected text 'Henüz Sonuçlanmadı' of test object 'Object Repository/Tablo/DurumBilgisiArsiv' are NOT matched.
	at com.kms.katalon.core.webui.keyword.internal.WebUIKeywordMain.stepFailed(WebUIKeywordMain.groovy:64)
	at com.kms.katalon.core.webui.keyword.builtin.VerifyElementTextKeyword$_verifyElementText_closure1.doCall(VerifyElementTextKeyword.groovy:57)
	at com.kms.katalon.core.webui.keyword.builtin.VerifyElementTextKeyword$_verifyElementText_closure1.call(VerifyElementTextKeyword.groovy)
	at com.kms.katalon.core.webui.keyword.internal.WebUIKeywordMain.runKeyword(WebUIKeywordMain.groovy:20)
	at com.kms.katalon.core.webui.keyword.builtin.VerifyElementTextKeyword.verifyElementText(VerifyElementTextKeyword.groovy:72)
	at com.kms.katalon.core.webui.keyword.builtin.VerifyElementTextKeyword.execute(VerifyElementTextKeyword.groovy:40)
	at com.kms.katalon.core.keyword.internal.KeywordExecutor.executeKeywordForPlatform(KeywordExecutor.groovy:73)
	at com.kms.katalon.core.webui.keyword.WebUiBuiltInKeywords.verifyElementText(WebUiBuiltInKeywords.groovy:4733)
	at com.kms.katalon.core.webui.keyword.WebUiBuiltInKeywords$verifyElementText$20.call(Unknown Source)
	at TablodaVeriBasariliMiArsiv.run(TablodaVeriBasariliMiArsiv:22)
	at com.kms.katalon.core.main.ScriptEngine.run(ScriptEngine.java:194)
	at com.kms.katalon.core.main.ScriptEngine.runScriptAsRawText(ScriptEngine.java:119)
	at com.kms.katalon.core.main.TestCaseExecutor.runScript(TestCaseExecutor.java:369)
	at com.kms.katalon.core.main.TestCaseExecutor.doExecute(TestCaseExecutor.java:360)
	at com.kms.katalon.core.main.TestCaseExecutor.processExecutionPhase(TestCaseExecutor.java:339)
	at com.kms.katalon.core.main.TestCaseExecutor.accessMainPhase(TestCaseExecutor.java:331)
	at com.kms.katalon.core.main.TestCaseExecutor.execute(TestCaseExecutor.java:248)
	at com.kms.katalon.core.main.TestCaseMain.runTestCase(TestCaseMain.java:138)
	at com.kms.katalon.core.keyword.builtin.CallTestCaseKeyword$_callTestCase_closure1.doCall(CallTestCaseKeyword.groovy:59)
	at com.kms.katalon.core.keyword.builtin.CallTestCaseKeyword$_callTestCase_closure1.call(CallTestCaseKeyword.groovy)
	at com.kms.katalon.core.keyword.internal.KeywordMain.runKeyword(KeywordMain.groovy:68)
	at com.kms.katalon.core.keyword.builtin.CallTestCaseKeyword.callTestCase(CallTestCaseKeyword.groovy:81)
	at com.kms.katalon.core.keyword.builtin.CallTestCaseKeyword.execute(CallTestCaseKeyword.groovy:44)
	at com.kms.katalon.core.keyword.internal.KeywordExecutor.executeKeywordForPlatform(KeywordExecutor.groovy:73)
	at com.kms.katalon.core.keyword.BuiltinKeywords.callTestCase(BuiltinKeywords.groovy:334)
	at tablo.tablo.tablodaVeriBasariliMiArsiv(tablo.groovy:95)
	at cucumber.runtime.Utils$1.call(Utils.java:26)
	at cucumber.runtime.Timeout.timeout(Timeout.java:16)
	at cucumber.runtime.Utils.invoke(Utils.java:20)
	at cucumber.runtime.java.JavaStepDefinition.execute(JavaStepDefinition.java:49)
	at cucumber.runner.PickleStepDefinitionMatch.runStep(PickleStepDefinitionMatch.java:50)
	at cucumber.runner.TestStep.executeStep(TestStep.java:63)
	at cucumber.runner.TestStep.run(TestStep.java:49)
	at cucumber.runner.PickleStepTestStep.run(PickleStepTestStep.java:43)
	at cucumber.runner.TestCase.run(TestCase.java:44)
	at cucumber.runner.Runner.runPickle(Runner.java:40)
	at cucumber.runtime.Runtime$1.run(Runtime.java:84)
	at cucumber.runtime.Runtime$SameThreadExecutorService.execute(Runtime.java:220)
	at cucumber.runtime.Runtime.run(Runtime.java:81)
	at cucumber.api.cli.Main.run(Main.java:26)
	at cucumber.api.cli.Main$run.call(Unknown Source)
	at com.kms.katalon.core.cucumber.keyword.CucumberBuiltinKeywords$_runFeatureFile_closure1.doCall(CucumberBuiltinKeywords.groovy:106)
	at com.kms.katalon.core.cucumber.keyword.CucumberBuiltinKeywords$_runFeatureFile_closure1.doCall(CucumberBuiltinKeywords.groovy)
	at com.kms.katalon.core.keyword.internal.KeywordMain.runKeyword(KeywordMain.groovy:68)
	at com.kms.katalon.core.keyword.internal.KeywordMain$runKeyword.call(Unknown Source)
	at com.kms.katalon.core.cucumber.keyword.CucumberBuiltinKeywords.runFeatureFile(CucumberBuiltinKeywords.groovy:73)
	at com.kms.katalon.core.cucumber.keyword.CucumberBuiltinKeywords$runFeatureFile$0.callStatic(Unknown Source)
	at com.kms.katalon.core.cucumber.keyword.CucumberBuiltinKeywords.runFeatureFile(CucumberBuiltinKeywords.groovy:246)
	at com.kms.katalon.core.cucumber.keyword.CucumberBuiltinKeywords$runFeatureFile.call(Unknown Source)
	at VKN-Kagit-Tevkifat.run(VKN-Kagit-Tevkifat:19)
	at com.kms.katalon.core.main.ScriptEngine.run(ScriptEngine.java:194)
	at com.kms.katalon.core.main.ScriptEngine.runScriptAsRawText(ScriptEngine.java:119)
	at com.kms.katalon.core.main.TestCaseExecutor.runScript(TestCaseExecutor.java:369)
	at com.kms.katalon.core.main.TestCaseExecutor.doExecute(TestCaseExecutor.java:360)
	at com.kms.katalon.core.main.TestCaseExecutor.processExecutionPhase(TestCaseExecutor.java:339)
	at com.kms.katalon.core.main.TestCaseExecutor.accessMainPhase(TestCaseExecutor.java:331)
	at com.kms.katalon.core.main.TestCaseExecutor.execute(TestCaseExecutor.java:248)
	at com.kms.katalon.core.main.TestSuiteExecutor.accessTestCaseMainPhase(TestSuiteExecutor.java:191)
	at com.kms.katalon.core.main.TestSuiteExecutor.accessTestSuiteMainPhase(TestSuiteExecutor.java:140)
	at com.kms.katalon.core.main.TestSuiteExecutor.execute(TestSuiteExecutor.java:89)
	at com.kms.katalon.core.main.TestCaseMain.startTestSuite(TestCaseMain.java:181)
	at com.kms.katalon.core.main.TestCaseMain$startTestSuite$0.call(Unknown Source)
	at TempTestSuite1637225344330.run(TempTestSuite1637225344330.groovy:39)
)

2021-11-18 12:25:47 - [MESSAGE][INFO] - Finding Test Object 'Object Repository/Tablo/DurumBilgisiArsiv'

2021-11-18 12:25:47 - [MESSAGE][INFO] - Checking object

2021-11-18 12:25:47 - [MESSAGE][INFO] - Finding web element from Test Object's properties

2021-11-18 12:25:47 - [MESSAGE][INFO] - Checking timeout

2021-11-18 12:25:47 - [MESSAGE][INFO] - Finding web element with id: 'Object Repository/Tablo/DurumBilgisiArsiv' located by 'By.xpath: //*[@id = 'GridViewEArchiveInvoices_tccell0_9']' in '30' second(s)

2021-11-18 12:25:47 - [MESSAGE][INFO] - Smart Wait Function is triggered

2021-11-18 12:25:47 - [MESSAGE][INFO] - Found 1 web elements with id: 'Object Repository/Tablo/DurumBilgisiArsiv' located by 'By.xpath: //*[@id = 'GridViewEArchiveInvoices_tccell0_9']' in '30' second(s)

2021-11-18 12:25:47 - [MESSAGE][WARNING] - Actual text 'Başarılı' and expected text 'Henüz Sonuçlanmadı' of test object 'Object Repository/Tablo/DurumBilgisiArsiv' are NOT matched. (Root cause: com.kms.katalon.core.exception.StepFailedException: Actual text 'Başarılı' and expected text 'Henüz Sonuçlanmadı' of test object 'Object Repository/Tablo/DurumBilgisiArsiv' are NOT matched.
	at com.kms.katalon.core.webui.keyword.internal.WebUIKeywordMain.stepFailed(WebUIKeywordMain.groovy:64)
	at com.kms.katalon.core.webui.keyword.builtin.VerifyElementTextKeyword$_verifyElementText_closure1.doCall(VerifyElementTextKeyword.groovy:57)
	at com.kms.katalon.core.webui.keyword.builtin.VerifyElementTextKeyword$_verifyElementText_closure1.call(VerifyElementTextKeyword.groovy)
	at com.kms.katalon.core.webui.keyword.internal.WebUIKeywordMain.runKeyword(WebUIKeywordMain.groovy:20)
	at com.kms.katalon.core.webui.keyword.builtin.VerifyElementTextKeyword.verifyElementText(VerifyElementTextKeyword.groovy:72)
	at com.kms.katalon.core.webui.keyword.builtin.VerifyElementTextKeyword.execute(VerifyElementTextKeyword.groovy:40)
	at com.kms.katalon.core.keyword.internal.KeywordExecutor.executeKeywordForPlatform(KeywordExecutor.groovy:73)
	at com.kms.katalon.core.webui.keyword.WebUiBuiltInKeywords.verifyElementText(WebUiBuiltInKeywords.groovy:4733)
	at com.kms.katalon.core.webui.keyword.WebUiBuiltInKeywords$verifyElementText$20.call(Unknown Source)
	at TablodaVeriBasariliMiArsiv.run(TablodaVeriBasariliMiArsiv:22)
	at com.kms.katalon.core.main.ScriptEngine.run(ScriptEngine.java:194)
	at com.kms.katalon.core.main.ScriptEngine.runScriptAsRawText(ScriptEngine.java:119)
	at com.kms.katalon.core.main.TestCaseExecutor.runScript(TestCaseExecutor.java:369)
	at com.kms.katalon.core.main.TestCaseExecutor.doExecute(TestCaseExecutor.java:360)
	at com.kms.katalon.core.main.TestCaseExecutor.processExecutionPhase(TestCaseExecutor.java:339)
	at com.kms.katalon.core.main.TestCaseExecutor.accessMainPhase(TestCaseExecutor.java:331)
	at com.kms.katalon.core.main.TestCaseExecutor.execute(TestCaseExecutor.java:248)
	at com.kms.katalon.core.main.TestCaseMain.runTestCase(TestCaseMain.java:138)
	at com.kms.katalon.core.keyword.builtin.CallTestCaseKeyword$_callTestCase_closure1.doCall(CallTestCaseKeyword.groovy:59)
	at com.kms.katalon.core.keyword.builtin.CallTestCaseKeyword$_callTestCase_closure1.call(CallTestCaseKeyword.groovy)
	at com.kms.katalon.core.keyword.internal.KeywordMain.runKeyword(KeywordMain.groovy:68)
	at com.kms.katalon.core.keyword.builtin.CallTestCaseKeyword.callTestCase(CallTestCaseKeyword.groovy:81)
	at com.kms.katalon.core.keyword.builtin.CallTestCaseKeyword.execute(CallTestCaseKeyword.groovy:44)
	at com.kms.katalon.core.keyword.internal.KeywordExecutor.executeKeywordForPlatform(KeywordExecutor.groovy:73)
	at com.kms.katalon.core.keyword.BuiltinKeywords.callTestCase(BuiltinKeywords.groovy:334)
	at tablo.tablo.tablodaVeriBasariliMiArsiv(tablo.groovy:95)
	at cucumber.runtime.Utils$1.call(Utils.java:26)
	at cucumber.runtime.Timeout.timeout(Timeout.java:16)
	at cucumber.runtime.Utils.invoke(Utils.java:20)
	at cucumber.runtime.java.JavaStepDefinition.execute(JavaStepDefinition.java:49)
	at cucumber.runner.PickleStepDefinitionMatch.runStep(PickleStepDefinitionMatch.java:50)
	at cucumber.runner.TestStep.executeStep(TestStep.java:63)
	at cucumber.runner.TestStep.run(TestStep.java:49)
	at cucumber.runner.PickleStepTestStep.run(PickleStepTestStep.java:43)
	at cucumber.runner.TestCase.run(TestCase.java:44)
	at cucumber.runner.Runner.runPickle(Runner.java:40)
	at cucumber.runtime.Runtime$1.run(Runtime.java:84)
	at cucumber.runtime.Runtime$SameThreadExecutorService.execute(Runtime.java:220)
	at cucumber.runtime.Runtime.run(Runtime.java:81)
	at cucumber.api.cli.Main.run(Main.java:26)
	at cucumber.api.cli.Main$run.call(Unknown Source)
	at com.kms.katalon.core.cucumber.keyword.CucumberBuiltinKeywords$_runFeatureFile_closure1.doCall(CucumberBuiltinKeywords.groovy:106)
	at com.kms.katalon.core.cucumber.keyword.CucumberBuiltinKeywords$_runFeatureFile_closure1.doCall(CucumberBuiltinKeywords.groovy)
	at com.kms.katalon.core.keyword.internal.KeywordMain.runKeyword(KeywordMain.groovy:68)
	at com.kms.katalon.core.keyword.internal.KeywordMain$runKeyword.call(Unknown Source)
	at com.kms.katalon.core.cucumber.keyword.CucumberBuiltinKeywords.runFeatureFile(CucumberBuiltinKeywords.groovy:73)
	at com.kms.katalon.core.cucumber.keyword.CucumberBuiltinKeywords$runFeatureFile$0.callStatic(Unknown Source)
	at com.kms.katalon.core.cucumber.keyword.CucumberBuiltinKeywords.runFeatureFile(CucumberBuiltinKeywords.groovy:246)
	at com.kms.katalon.core.cucumber.keyword.CucumberBuiltinKeywords$runFeatureFile.call(Unknown Source)
	at VKN-Kagit-Tevkifat.run(VKN-Kagit-Tevkifat:19)
	at com.kms.katalon.core.main.ScriptEngine.run(ScriptEngine.java:194)
	at com.kms.katalon.core.main.ScriptEngine.runScriptAsRawText(ScriptEngine.java:119)
	at com.kms.katalon.core.main.TestCaseExecutor.runScript(TestCaseExecutor.java:369)
	at com.kms.katalon.core.main.TestCaseExecutor.doExecute(TestCaseExecutor.java:360)
	at com.kms.katalon.core.main.TestCaseExecutor.processExecutionPhase(TestCaseExecutor.java:339)
	at com.kms.katalon.core.main.TestCaseExecutor.accessMainPhase(TestCaseExecutor.java:331)
	at com.kms.katalon.core.main.TestCaseExecutor.execute(TestCaseExecutor.java:248)
	at com.kms.katalon.core.main.TestSuiteExecutor.accessTestCaseMainPhase(TestSuiteExecutor.java:191)
	at com.kms.katalon.core.main.TestSuiteExecutor.accessTestSuiteMainPhase(TestSuiteExecutor.java:140)
	at com.kms.katalon.core.main.TestSuiteExecutor.execute(TestSuiteExecutor.java:89)
	at com.kms.katalon.core.main.TestCaseMain.startTestSuite(TestCaseMain.java:181)
	at com.kms.katalon.core.main.TestCaseMain$startTestSuite$0.call(Unknown Source)
	at TempTestSuite1637225344330.run(TempTestSuite1637225344330.groovy:39)
)

2021-11-18 12:25:47 - [TEST_STEP][PASSED] - Method.TextDegerineEsitElementVarMi(findTestObject("Object Repository/Tablo/DurumBilgisiArsiv"), "Başarılı"): Method.TextDegerineEsitElementVarMi is PASSED

2021-11-18 12:25:47 - [MESSAGE][INFO] - Finding Test Object 'Object Repository/Tablo/DurumBilgisiArsiv'

2021-11-18 12:25:47 - [MESSAGE][INFO] - Checking timeout

2021-11-18 12:25:47 - [MESSAGE][INFO] - Finding web element with id: 'Object Repository/Tablo/DurumBilgisiArsiv' located by 'By.xpath: //*[@id = 'GridViewEArchiveInvoices_tccell0_9']' in '10' second(s)

2021-11-18 12:25:47 - [MESSAGE][INFO] - Smart Wait Function is triggered

2021-11-18 12:25:47 - [MESSAGE][INFO] - Found 1 web elements with id: 'Object Repository/Tablo/DurumBilgisiArsiv' located by 'By.xpath: //*[@id = 'GridViewEArchiveInvoices_tccell0_9']' in '10' second(s)

2021-11-18 12:25:47 - [MESSAGE][PASSED] - Method.TextDegerineEsitElementVarMi is PASSED

2021-11-18 12:25:47 - [MESSAGE][PASSED] - Call Test Case 'Test Cases/Tablo/TablodaVeriBasariliMiArsiv' successfully

2021-11-18 12:25:47 - [MESSAGE][INFO] - Checking called Test Case

2021-11-18 12:25:47 - [MESSAGE][INFO] - Starting to call Test Case 'Test Cases/Kullanici_Islemleri/KullaniciIslemlerindenSecimYapilir'

2021-11-18 12:25:47 - [TEST_CASE][PASSED] - Test Cases/Kullanici_Islemleri/KullaniciIslemlerindenSecimYapilir: Test Cases/Kullanici_Islemleri/KullaniciIslemlerindenSecimYapilir

2021-11-18 12:25:47 - [TEST_STEP][PASSED] - waitForElementClickable(findTestObject("Object Repository/Kullanici_Islemleri/KullaniciIslemleri"), 10): Object 'Object Repository/Kullanici_Islemleri/KullaniciIslemleri' is clickable

2021-11-18 12:25:47 - [MESSAGE][INFO] - Finding Test Object 'Object Repository/Kullanici_Islemleri/KullaniciIslemleri'

2021-11-18 12:25:47 - [MESSAGE][INFO] - Checking object

2021-11-18 12:25:47 - [MESSAGE][INFO] - Checking timeout

2021-11-18 12:25:47 - [MESSAGE][INFO] - Finding web element from Test Object's properties

2021-11-18 12:25:47 - [MESSAGE][INFO] - Checking timeout

2021-11-18 12:25:47 - [MESSAGE][INFO] - Finding web element with id: 'Object Repository/Kullanici_Islemleri/KullaniciIslemleri' located by 'By.cssSelector: .dropdown>a>img' in '10' second(s)

2021-11-18 12:25:47 - [MESSAGE][INFO] - Smart Wait Function is triggered

2021-11-18 12:25:48 - [MESSAGE][INFO] - Found 1 web elements with id: 'Object Repository/Kullanici_Islemleri/KullaniciIslemleri' located by 'By.cssSelector: .dropdown>a>img' in '10' second(s)

2021-11-18 12:25:48 - [MESSAGE][PASSED] - Object 'Object Repository/Kullanici_Islemleri/KullaniciIslemleri' is clickable

2021-11-18 12:25:48 - [TEST_STEP][PASSED] - click(findTestObject("Object Repository/Kullanici_Islemleri/KullaniciIslemleri")): Object: 'Object Repository/Kullanici_Islemleri/KullaniciIslemleri' is clicked on

2021-11-18 12:25:48 - [MESSAGE][INFO] - Finding Test Object 'Object Repository/Kullanici_Islemleri/KullaniciIslemleri'

2021-11-18 12:25:48 - [MESSAGE][INFO] - Checking object

2021-11-18 12:25:48 - [MESSAGE][INFO] - Finding web element from Test Object's properties

2021-11-18 12:25:48 - [MESSAGE][INFO] - Checking timeout

2021-11-18 12:25:48 - [MESSAGE][INFO] - Finding web element with id: 'Object Repository/Kullanici_Islemleri/KullaniciIslemleri' located by 'By.cssSelector: .dropdown>a>img' in '30' second(s)

2021-11-18 12:25:48 - [MESSAGE][INFO] - Smart Wait Function is triggered

2021-11-18 12:25:48 - [MESSAGE][INFO] - Found 1 web elements with id: 'Object Repository/Kullanici_Islemleri/KullaniciIslemleri' located by 'By.cssSelector: .dropdown>a>img' in '30' second(s)

2021-11-18 12:25:48 - [MESSAGE][INFO] - Clicking on object: 'Object Repository/Kullanici_Islemleri/KullaniciIslemleri'

2021-11-18 12:25:48 - [MESSAGE][PASSED] - Object: 'Object Repository/Kullanici_Islemleri/KullaniciIslemleri' is clicked on

2021-11-18 12:25:48 - [TEST_STEP][PASSED] - Method.TextDegerineEsitElementeTikla(findTestObject("Object Repository/Kullanici_Islemleri/Secenekler"), Islem): Method.TextDegerineEsitElementeTikla is PASSED

2021-11-18 12:25:48 - [MESSAGE][INFO] - Finding Test Object 'Object Repository/Kullanici_Islemleri/Secenekler'

2021-11-18 12:25:48 - [MESSAGE][INFO] - Checking timeout

2021-11-18 12:25:48 - [MESSAGE][INFO] - Finding web element with id: 'Object Repository/Kullanici_Islemleri/Secenekler' located by 'By.cssSelector: .nav.navbar-nav.navbar-right li a' in '10' second(s)

2021-11-18 12:25:48 - [MESSAGE][INFO] - Smart Wait Function is triggered

2021-11-18 12:25:49 - [MESSAGE][INFO] - Found 20 web elements with id: 'Object Repository/Kullanici_Islemleri/Secenekler' located by 'By.cssSelector: .nav.navbar-nav.navbar-right li a' in '10' second(s)

2021-11-18 12:25:50 - [MESSAGE][PASSED] - Method.TextDegerineEsitElementeTikla is PASSED

2021-11-18 12:25:50 - [TEST_STEP][PASSED] - verifyElementNotPresent(findTestObject("Object Repository/Kullanici_Islemleri/Secenekler"), 10): Web element with id: 'Object Repository/Kullanici_Islemleri/Secenekler' located by 'By.cssSelector: .nav.navbar-nav.navbar-right li a' is not present after '10' second(s)

2021-11-18 12:25:50 - [MESSAGE][INFO] - Finding Test Object 'Object Repository/Kullanici_Islemleri/Secenekler'

2021-11-18 12:25:50 - [MESSAGE][INFO] - Checking object

2021-11-18 12:25:50 - [MESSAGE][INFO] - Checking timeout

2021-11-18 12:25:50 - [MESSAGE][INFO] - Finding web element with id: 'Object Repository/Kullanici_Islemleri/Secenekler' located by 'By.cssSelector: .nav.navbar-nav.navbar-right li a' in '10' second(s)

2021-11-18 12:25:50 - [MESSAGE][INFO] - Smart Wait Function is triggered

2021-11-18 12:25:50 - [MESSAGE][PASSED] - Web element with id: 'Object Repository/Kullanici_Islemleri/Secenekler' located by 'By.cssSelector: .nav.navbar-nav.navbar-right li a' is not present after '10' second(s)

2021-11-18 12:25:50 - [MESSAGE][PASSED] - Call Test Case 'Test Cases/Kullanici_Islemleri/KullaniciIslemlerindenSecimYapilir' successfully

2021-11-18 12:25:50 - [TEST_CASE][PASSED] - Start Test Case : SCENARIO Gonderim tipi Kagit ve Tevkifat tipinde e-Arsiv faturasi olusturulmasi: SCENARIO Gonderim tipi Kagit ve Tevkifat tipinde e-Arsiv faturasi olusturulmasi

2021-11-18 12:25:50 - [TEST_STEP][PASSED] - Kullanıcı adı EARTEVKIFAT ve Şifre test1234 olarak giriş yapılır: Kullanıcı adı EARTEVKIFAT ve Şifre test1234 olarak giriş yapılır

2021-11-18 12:25:50 - [MESSAGE][PASSED] - Kullanıcı adı EARTEVKIFAT ve Şifre test1234 olarak giriş yapılır

2021-11-18 12:25:50 - [TEST_STEP][PASSED] - Ana menüden e-Arşiv seçilir: Ana menüden e-Arşiv seçilir

2021-11-18 12:25:50 - [MESSAGE][PASSED] - Ana menüden e-Arşiv seçilir

2021-11-18 12:25:50 - [TEST_STEP][PASSED] - Alt menü e-Arşiv Araçları başlığı altındaki e-Arşiv Fatura Oluşturma seçilir: Alt menü e-Arşiv Araçları başlığı altındaki e-Arşiv Fatura Oluşturma seçilir

2021-11-18 12:25:50 - [MESSAGE][PASSED] - Alt menü e-Arşiv Araçları başlığı altındaki e-Arşiv Fatura Oluşturma seçilir

2021-11-18 12:25:50 - [TEST_STEP][PASSED] - Tablodaki tüm veriler silinir: Tablodaki tüm veriler silinir

2021-11-18 12:25:50 - [MESSAGE][PASSED] - Tablodaki tüm veriler silinir

2021-11-18 12:25:50 - [TEST_STEP][PASSED] - Butonlardan Ekle isimli butona tıklanır: Butonlardan Ekle isimli butona tıklanır

2021-11-18 12:25:50 - [MESSAGE][PASSED] - Butonlardan Ekle isimli butona tıklanır

2021-11-18 12:25:50 - [TEST_STEP][PASSED] - Görsel tasarım sayfasının e-Arşiv Fatura Bilgileri başlığını içerdiği kontrol edilir: Görsel tasarım sayfasının e-Arşiv Fatura Bilgileri başlığını içerdiği kontrol edilir

2021-11-18 12:25:50 - [MESSAGE][PASSED] - Görsel tasarım sayfasının e-Arşiv Fatura Bilgileri başlığını içerdiği kontrol edilir

2021-11-18 12:25:50 - [TEST_STEP][PASSED] - Alıcı adı alanına UC0016 girilir: Alıcı adı alanına UC0016 girilir

2021-11-18 12:25:50 - [MESSAGE][PASSED] - Alıcı adı alanına UC0016 girilir

2021-11-18 12:25:50 - [TEST_STEP][PASSED] - Gönderim Şekli Kağıt olarak seçilir: Gönderim Şekli Kağıt olarak seçilir

2021-11-18 12:25:50 - [MESSAGE][PASSED] - Gönderim Şekli Kağıt olarak seçilir

2021-11-18 12:25:50 - [TEST_STEP][PASSED] - Tip alanından Tevkifat seçilir: Tip alanından Tevkifat seçilir

2021-11-18 12:25:50 - [MESSAGE][PASSED] - Tip alanından Tevkifat seçilir

2021-11-18 12:25:50 - [TEST_STEP][PASSED] - Döküman Para Birimi alanından Türk Lirası seçilir: Döküman Para Birimi alanından Türk Lirası seçilir

2021-11-18 12:25:50 - [MESSAGE][PASSED] - Döküman Para Birimi alanından Türk Lirası seçilir

2021-11-18 12:25:50 - [TEST_STEP][PASSED] - Ön Ek EAR olarak seçilir: Ön Ek EAR olarak seçilir

2021-11-18 12:25:50 - [MESSAGE][PASSED] - Ön Ek EAR olarak seçilir

2021-11-18 12:25:50 - [TEST_STEP][PASSED] - Tasarım alanından Otomasyon seçilir: Tasarım alanından Otomasyon seçilir

2021-11-18 12:25:50 - [MESSAGE][PASSED] - Tasarım alanından Otomasyon seçilir

2021-11-18 12:25:50 - [TEST_STEP][PASSED] - Sipariş bilgileri UUC-SAT-1200001 ve 31.04.2020 olarak girilir: Sipariş bilgileri UUC-SAT-1200001 ve 31.04.2020 olarak girilir

2021-11-18 12:25:50 - [MESSAGE][PASSED] - Sipariş bilgileri UUC-SAT-1200001 ve 31.04.2020 olarak girilir

2021-11-18 12:25:50 - [TEST_STEP][PASSED] - İrsaliye Bilgileri AAAAAAAAAA,31.04.2020 olarak girilir: İrsaliye Bilgileri AAAAAAAAAA,31.04.2020 olarak girilir

2021-11-18 12:25:50 - [MESSAGE][PASSED] - İrsaliye Bilgileri AAAAAAAAAA,31.04.2020 olarak girilir

2021-11-18 12:25:50 - [TEST_STEP][PASSED] - Ekle butonuna basılır: Ekle butonuna basılır

2021-11-18 12:25:50 - [MESSAGE][PASSED] - Ekle butonuna basılır

2021-11-18 12:25:50 - [TEST_STEP][PASSED] - Ürün ekleme alanında Mal/Hizmet başlığına Otomasyon girilir: Ürün ekleme alanında Mal/Hizmet başlığına Otomasyon girilir

2021-11-18 12:25:50 - [MESSAGE][PASSED] - Ürün ekleme alanında Mal/Hizmet başlığına Otomasyon girilir

2021-11-18 12:25:50 - [TEST_STEP][PASSED] - Ürün ekleme alanında Açıklaması başlığına Virgosol girilir: Ürün ekleme alanında Açıklaması başlığına Virgosol girilir

2021-11-18 12:25:50 - [MESSAGE][PASSED] - Ürün ekleme alanında Açıklaması başlığına Virgosol girilir

2021-11-18 12:25:50 - [TEST_STEP][PASSED] - Ürün ekleme alanında Miktarı başlığına 400 girilir: Ürün ekleme alanında Miktarı başlığına 400 girilir

2021-11-18 12:25:50 - [MESSAGE][PASSED] - Ürün ekleme alanında Miktarı başlığına 400 girilir

2021-11-18 12:25:50 - [TEST_STEP][PASSED] - Ürün ekleme alanında Birim Fiyat başlığına 100 girilir: Ürün ekleme alanında Birim Fiyat başlığına 100 girilir

2021-11-18 12:25:50 - [MESSAGE][PASSED] - Ürün ekleme alanında Birim Fiyat başlığına 100 girilir

2021-11-18 12:25:50 - [TEST_STEP][PASSED] - Ürün ekleme alanında İskonto Oranı % başlığına 10 girilir: Ürün ekleme alanında İskonto Oranı % başlığına 10 girilir

2021-11-18 12:25:50 - [MESSAGE][PASSED] - Ürün ekleme alanında İskonto Oranı % başlığına 10 girilir

2021-11-18 12:25:50 - [TEST_STEP][PASSED] - Ürün ekleme alanında KDV TEVKİFAT Kodu başlığına 604 - YEMEK SERVİS HİZMETİ girilir: Ürün ekleme alanında KDV TEVKİFAT Kodu başlığına 604 - YEMEK SERVİS HİZMETİ girilir

2021-11-18 12:25:50 - [MESSAGE][PASSED] - Ürün ekleme alanında KDV TEVKİFAT Kodu başlığına 604 - YEMEK SERVİS HİZMETİ girilir

2021-11-18 12:25:50 - [TEST_STEP][PASSED] - Notlar alanına Otomasyon Not girilir: Notlar alanına Otomasyon Not girilir

2021-11-18 12:25:50 - [MESSAGE][PASSED] - Notlar alanına Otomasyon Not girilir

2021-11-18 12:25:50 - [TEST_STEP][PASSED] - Ettn bilgisi kayıt edilir: Ettn bilgisi kayıt edilir

2021-11-18 12:25:50 - [MESSAGE][PASSED] - Ettn bilgisi kayıt edilir

2021-11-18 12:25:50 - [TEST_STEP][PASSED] - Kaydet butonu seçilir: Kaydet butonu seçilir

2021-11-18 12:25:50 - [MESSAGE][PASSED] - Kaydet butonu seçilir

2021-11-18 12:25:50 - [TEST_STEP][PASSED] - Tabloda Ettn bilgisi kaydedilen veri oluşturuldu mu: Tabloda Ettn bilgisi kaydedilen veri oluşturuldu mu

2021-11-18 12:25:50 - [MESSAGE][PASSED] - Tabloda Ettn bilgisi kaydedilen veri oluşturuldu mu

2021-11-18 12:25:50 - [TEST_STEP][PASSED] - Tablodan Ettn bilgisi kaydedilen veri seçilir: Tablodan Ettn bilgisi kaydedilen veri seçilir

2021-11-18 12:25:50 - [MESSAGE][PASSED] - Tablodan Ettn bilgisi kaydedilen veri seçilir

2021-11-18 12:25:50 - [TEST_STEP][PASSED] - Butonlardan Numara Oluştur isimli butona tıklanır: Butonlardan Numara Oluştur isimli butona tıklanır

2021-11-18 12:25:50 - [MESSAGE][PASSED] - Butonlardan Numara Oluştur isimli butona tıklanır

2021-11-18 12:25:50 - [TEST_STEP][PASSED] - Popup mesajı Devam etmek istiyor musunuz içeriyor mu: Popup mesajı Devam etmek istiyor musunuz içeriyor mu

2021-11-18 12:25:50 - [MESSAGE][PASSED] - Popup mesajı Devam etmek istiyor musunuz içeriyor mu

2021-11-18 12:25:50 - [TEST_STEP][PASSED] - Yönetim popupında Evet seçilir: Yönetim popupında Evet seçilir

2021-11-18 12:25:50 - [MESSAGE][PASSED] - Yönetim popupında Evet seçilir

2021-11-18 12:25:50 - [TEST_STEP][PASSED] - Popup mesajı oluşmuştur içeriyor mu: Popup mesajı oluşmuştur içeriyor mu

2021-11-18 12:25:50 - [MESSAGE][PASSED] - Popup mesajı oluşmuştur içeriyor mu

2021-11-18 12:25:50 - [TEST_STEP][PASSED] - Yönetim popupında Tamam seçilir: Yönetim popupında Tamam seçilir

2021-11-18 12:25:50 - [MESSAGE][PASSED] - Yönetim popupında Tamam seçilir

2021-11-18 12:25:50 - [TEST_STEP][PASSED] - Tablodan Ettn bilgisi kaydedilen veri seçilir: Tablodan Ettn bilgisi kaydedilen veri seçilir

2021-11-18 12:25:50 - [MESSAGE][PASSED] - Tablodan Ettn bilgisi kaydedilen veri seçilir

2021-11-18 12:25:50 - [TEST_STEP][PASSED] - Butonlardan Gönder isimli butona tıklanır: Butonlardan Gönder isimli butona tıklanır

2021-11-18 12:25:50 - [MESSAGE][PASSED] - Butonlardan Gönder isimli butona tıklanır

2021-11-18 12:25:50 - [TEST_STEP][PASSED] - Popup mesajı Devam etmek istiyor musunuz içeriyor mu: Popup mesajı Devam etmek istiyor musunuz içeriyor mu

2021-11-18 12:25:50 - [MESSAGE][PASSED] - Popup mesajı Devam etmek istiyor musunuz içeriyor mu

2021-11-18 12:25:50 - [TEST_STEP][PASSED] - Yönetim popupında Evet seçilir: Yönetim popupında Evet seçilir

2021-11-18 12:25:50 - [MESSAGE][PASSED] - Yönetim popupında Evet seçilir

2021-11-18 12:25:50 - [TEST_STEP][PASSED] - Ana menüden e-Arşiv seçilir: Ana menüden e-Arşiv seçilir

2021-11-18 12:25:50 - [MESSAGE][PASSED] - Ana menüden e-Arşiv seçilir

2021-11-18 12:25:50 - [TEST_STEP][PASSED] - Alt menü e-Arşiv Hareketleri başlığı altındaki e-Arşiv Faturaları seçilir: Alt menü e-Arşiv Hareketleri başlığı altındaki e-Arşiv Faturaları seçilir

2021-11-18 12:25:50 - [MESSAGE][PASSED] - Alt menü e-Arşiv Hareketleri başlığı altındaki e-Arşiv Faturaları seçilir

2021-11-18 12:25:50 - [TEST_STEP][PASSED] - Filtrelerden Ettn filtresine Ettn bilgisi yaz: Filtrelerden Ettn filtresine Ettn bilgisi yaz

2021-11-18 12:25:50 - [MESSAGE][PASSED] - Filtrelerden Ettn filtresine Ettn bilgisi yaz

2021-11-18 12:25:50 - [TEST_STEP][PASSED] - Filtre butonlarından Listele seçilir: Filtre butonlarından Listele seçilir

2021-11-18 12:25:50 - [MESSAGE][PASSED] - Filtre butonlarından Listele seçilir

2021-11-18 12:25:50 - [TEST_STEP][PASSED] - Tabloda veri var mı kontrol edilir: Tabloda veri var mı kontrol edilir

2021-11-18 12:25:50 - [MESSAGE][PASSED] - Tabloda veri var mı kontrol edilir

2021-11-18 12:25:50 - [TEST_STEP][PASSED] - Tabloda yeni oluşturulan eArsiv verisi başarılı mı: Tabloda yeni oluşturulan eArsiv verisi başarılı mı

2021-11-18 12:25:50 - [MESSAGE][PASSED] - Tabloda yeni oluşturulan eArsiv verisi başarılı mı

2021-11-18 12:25:50 - [TEST_STEP][PASSED] - Kullanıcı işlemlerinden Çıkış seçilir: Kullanıcı işlemlerinden Çıkış seçilir

2021-11-18 12:25:50 - [MESSAGE][PASSED] - Kullanıcı işlemlerinden Çıkış seçilir

2021-11-18 12:25:50 - [MESSAGE][PASSED] - Feature file: 'Include/features/Regresyon/e-Arsiv/VKN-Kagit-Tevkifat.feature' was passed

2021-11-18 12:25:50 - [TEST_STEP][PASSED] - Start listener action : sampleAfterTestSuite: Invoke 'com.kms.katalon.core.annotation.AfterTestCase' method: 'Listener.sampleAfterTestSuite(...)' completed.

2021-11-18 12:25:50 - [MESSAGE][INFO] - Starting invoke 'com.kms.katalon.core.annotation.AfterTestCase' method: 'Listener.sampleAfterTestSuite(...)'

2021-11-18 12:25:50 - [TEST_STEP][PASSED] - closeBrowser(): Invoke 'com.kms.katalon.core.annotation.AfterTestCase' method: 'Listener.sampleAfterTestSuite(...)' completed.

2021-11-18 12:25:50 - [MESSAGE][INFO] - Closing browser

2021-11-18 12:25:51 - [MESSAGE][PASSED] - Browser is closed

2021-11-18 12:25:51 - [MESSAGE][INFO] - Invoke 'com.kms.katalon.core.annotation.AfterTestCase' method: 'Listener.sampleAfterTestSuite(...)' completed.]]></system-out>
         <system-err><![CDATA[]]></system-err>
      </testcase>
      <testcase name="Test Cases/Case Repository/Regresyon/e-Mustahsil Makbuz/TCKN-e-Mustahsil Makbuz" time="68.855" classname="Test Cases/Case Repository/Regresyon/e-Mustahsil Makbuz/TCKN-e-Mustahsil Makbuz" status="PASSED">
         <system-out><![CDATA[2021-11-18 12:25:51 - [TEST_CASE][PASSED] - Test Cases/Case Repository/Regresyon/e-Mustahsil Makbuz/TCKN-e-Mustahsil Makbuz: Test Cases/Case Repository/Regresyon/e-Mustahsil Makbuz/TCKN-e-Mustahsil Makbuz

2021-11-18 12:25:51 - [TEST_STEP][PASSED] - Start listener action : sampleBeforeTestSuite: Invoke 'com.kms.katalon.core.annotation.BeforeTestCase' method: 'Listener.sampleBeforeTestSuite(...)' completed.

2021-11-18 12:25:51 - [MESSAGE][INFO] - Starting invoke 'com.kms.katalon.core.annotation.BeforeTestCase' method: 'Listener.sampleBeforeTestSuite(...)'

2021-11-18 12:25:51 - [TEST_STEP][PASSED] - openBrowser(baseUrl): Browser is opened with url: 'https://efatura-stage.elogo.com.tr/'

2021-11-18 12:25:51 - [MESSAGE][INFO] - Opening browser

2021-11-18 12:25:51 - [MESSAGE][INFO] - Starting 'Chrome' driver

2021-11-18 12:25:51 - [MESSAGE][INFO] - User set preference: ['prefs', '{download.default_directory=C:\otomasyondownfiles}']

2021-11-18 12:25:51 - [MESSAGE][INFO] - Action delay is set to 0 milliseconds

2021-11-18 12:25:52 - [MESSAGE][INFO] - Navigating browser to: 'https://efatura-stage.elogo.com.tr/'

2021-11-18 12:25:54 - [MESSAGE][PASSED] - Browser is opened with url: 'https://efatura-stage.elogo.com.tr/'

2021-11-18 12:25:54 - [TEST_STEP][PASSED] - maximizeWindow(): Invoke 'com.kms.katalon.core.annotation.BeforeTestCase' method: 'Listener.sampleBeforeTestSuite(...)' completed.

2021-11-18 12:25:54 - [MESSAGE][INFO] - Maximizing current window

2021-11-18 12:25:54 - [MESSAGE][PASSED] - Current window maximized

2021-11-18 12:25:54 - [MESSAGE][INFO] - Invoke 'com.kms.katalon.core.annotation.BeforeTestCase' method: 'Listener.sampleBeforeTestSuite(...)' completed.

2021-11-18 12:25:55 - [TEST_STEP][PASSED] - runFeatureFile("Include/features/Regresyon/e-Mustahsil Makbuz/TCKN-e-Mustahsil Makbuz.feature"): Feature file: 'Include/features/Regresyon/e-Mustahsil Makbuz/TCKN-e-Mustahsil Makbuz.feature' was passed

2021-11-18 12:25:55 - [MESSAGE][INFO] - Starting run keyword runFeatureFile: 'Include/features/Regresyon/e-Mustahsil Makbuz/TCKN-e-Mustahsil Makbuz.feature' and extract report to folder: 'C:\Users\DELL\Documents\GitHub\EES_KatalonLogo\Reports\20211118_114904\Suite Repository\Regresyon-eArsiv-eMakbuz\20211118_114904/cucumber_report/1637227555084'...

2021-11-18 12:25:55 - [MESSAGE][INFO] - Glue: []

2021-11-18 12:25:56 - [MESSAGE][INFO] - Checking called Test Case

2021-11-18 12:25:56 - [MESSAGE][INFO] - Starting to call Test Case 'Test Cases/Sayfalar/Giris_Sayfasi/Login'

2021-11-18 12:25:56 - [TEST_CASE][PASSED] - Test Cases/Sayfalar/Giris_Sayfasi/Login: Test Cases/Sayfalar/Giris_Sayfasi/Login

2021-11-18 12:25:56 - [TEST_STEP][PASSED] - Sayfa_Basligi = getWindowTitle(): Current window's title is: 'LOGO e-Fatura'

2021-11-18 12:25:56 - [MESSAGE][INFO] - Getting current window's title

2021-11-18 12:25:56 - [MESSAGE][PASSED] - Current window's title is: 'LOGO e-Fatura'

2021-11-18 12:25:56 - [TEST_STEP][PASSED] - verifyMatch(Sayfa_Basligi, "LOGO e-Fatura", false): Actual text 'LOGO e-Fatura' and expected text 'LOGO e-Fatura' are matched 

2021-11-18 12:25:56 - [MESSAGE][INFO] - Matching actual text 'LOGO e-Fatura' with expected text 'LOGO e-Fatura'

2021-11-18 12:25:56 - [MESSAGE][PASSED] - Actual text 'LOGO e-Fatura' and expected text 'LOGO e-Fatura' are matched 

2021-11-18 12:25:56 - [TEST_STEP][PASSED] - sendKeys(findTestObject("Sayfalar/Giris_Sayfasi/Firma_Kodu"), KullaniciAdi): Keys 'ELOGO6' sent to object: 'Object Repository/Sayfalar/Giris_Sayfasi/Firma_Kodu'

2021-11-18 12:25:56 - [MESSAGE][INFO] - Finding Test Object 'Object Repository/Sayfalar/Giris_Sayfasi/Firma_Kodu'

2021-11-18 12:25:56 - [MESSAGE][INFO] - Sending keys 'ELOGO6' to object: 'Object Repository/Sayfalar/Giris_Sayfasi/Firma_Kodu'

2021-11-18 12:25:56 - [MESSAGE][INFO] - Finding web element from Test Object's properties

2021-11-18 12:25:56 - [MESSAGE][INFO] - Checking timeout

2021-11-18 12:25:56 - [MESSAGE][INFO] - Finding web element with id: 'Object Repository/Sayfalar/Giris_Sayfasi/Firma_Kodu' located by 'By.xpath: //*[@id = 'AccountName']' in '30' second(s)

2021-11-18 12:25:56 - [MESSAGE][INFO] - Smart Wait Function is triggered

2021-11-18 12:25:56 - [MESSAGE][INFO] - Found 1 web elements with id: 'Object Repository/Sayfalar/Giris_Sayfasi/Firma_Kodu' located by 'By.xpath: //*[@id = 'AccountName']' in '30' second(s)

2021-11-18 12:25:56 - [MESSAGE][PASSED] - Keys 'ELOGO6' sent to object: 'Object Repository/Sayfalar/Giris_Sayfasi/Firma_Kodu'

2021-11-18 12:25:56 - [TEST_STEP][PASSED] - sendKeys(findTestObject("Sayfalar/Giris_Sayfasi/Sifre"), Sifre): Keys '123456' sent to object: 'Object Repository/Sayfalar/Giris_Sayfasi/Sifre'

2021-11-18 12:25:56 - [MESSAGE][INFO] - Finding Test Object 'Object Repository/Sayfalar/Giris_Sayfasi/Sifre'

2021-11-18 12:25:56 - [MESSAGE][INFO] - Sending keys '123456' to object: 'Object Repository/Sayfalar/Giris_Sayfasi/Sifre'

2021-11-18 12:25:56 - [MESSAGE][INFO] - Finding web element from Test Object's properties

2021-11-18 12:25:56 - [MESSAGE][INFO] - Checking timeout

2021-11-18 12:25:56 - [MESSAGE][INFO] - Finding web element with id: 'Object Repository/Sayfalar/Giris_Sayfasi/Sifre' located by 'By.xpath: //*[@id = 'Password']' in '30' second(s)

2021-11-18 12:25:56 - [MESSAGE][INFO] - Smart Wait Function is triggered

2021-11-18 12:25:56 - [MESSAGE][INFO] - Found 1 web elements with id: 'Object Repository/Sayfalar/Giris_Sayfasi/Sifre' located by 'By.xpath: //*[@id = 'Password']' in '30' second(s)

2021-11-18 12:25:57 - [MESSAGE][PASSED] - Keys '123456' sent to object: 'Object Repository/Sayfalar/Giris_Sayfasi/Sifre'

2021-11-18 12:25:57 - [TEST_STEP][PASSED] - findWebElement(findTestObject("Sayfalar/Giris_Sayfasi/Giris_Butonu")).click(): Found 1 web elements with id: 'Object Repository/Sayfalar/Giris_Sayfasi/Giris_Butonu' located by 'By.cssSelector: #btnLogin' in '30' second(s)

2021-11-18 12:25:57 - [MESSAGE][INFO] - Finding Test Object 'Object Repository/Sayfalar/Giris_Sayfasi/Giris_Butonu'

2021-11-18 12:25:57 - [MESSAGE][INFO] - Finding web element from Test Object's properties

2021-11-18 12:25:57 - [MESSAGE][INFO] - Checking timeout

2021-11-18 12:25:57 - [MESSAGE][INFO] - Finding web element with id: 'Object Repository/Sayfalar/Giris_Sayfasi/Giris_Butonu' located by 'By.cssSelector: #btnLogin' in '30' second(s)

2021-11-18 12:25:57 - [MESSAGE][INFO] - Smart Wait Function is triggered

2021-11-18 12:25:57 - [MESSAGE][INFO] - Found 1 web elements with id: 'Object Repository/Sayfalar/Giris_Sayfasi/Giris_Butonu' located by 'By.cssSelector: #btnLogin' in '30' second(s)

2021-11-18 12:25:59 - [TEST_STEP][PASSED] - if (verifyElementPresent(findTestObject("Object Repository/Sayfalar/Giris_Sayfasi/RetveTamam_Butonu"), 5, OPTIONAL)): null

2021-11-18 12:25:59 - [MESSAGE][INFO] - Finding Test Object 'Object Repository/Sayfalar/Giris_Sayfasi/RetveTamam_Butonu'

2021-11-18 12:25:59 - [MESSAGE][INFO] - Checking object

2021-11-18 12:25:59 - [MESSAGE][INFO] - Finding web element from Test Object's properties

2021-11-18 12:25:59 - [MESSAGE][INFO] - Checking timeout

2021-11-18 12:25:59 - [MESSAGE][INFO] - Finding web element with id: 'Object Repository/Sayfalar/Giris_Sayfasi/RetveTamam_Butonu' located by 'By.xpath: //*[@class = 'btn btn-default']' in '5' second(s)

2021-11-18 12:25:59 - [MESSAGE][INFO] - Smart Wait Function is triggered

2021-11-18 12:25:59 - [MESSAGE][INFO] - Found 1 web elements with id: 'Object Repository/Sayfalar/Giris_Sayfasi/RetveTamam_Butonu' located by 'By.xpath: //*[@class = 'btn btn-default']' in '5' second(s)

2021-11-18 12:25:59 - [MESSAGE][PASSED] - Object 'Object Repository/Sayfalar/Giris_Sayfasi/RetveTamam_Butonu' is present

2021-11-18 12:25:59 - [TEST_STEP][PASSED] - click(findTestObject("Object Repository/Sayfalar/Giris_Sayfasi/RetveTamam_Butonu")): Object: 'Object Repository/Sayfalar/Giris_Sayfasi/RetveTamam_Butonu' is clicked on

2021-11-18 12:25:59 - [MESSAGE][INFO] - Finding Test Object 'Object Repository/Sayfalar/Giris_Sayfasi/RetveTamam_Butonu'

2021-11-18 12:26:00 - [MESSAGE][INFO] - Checking object

2021-11-18 12:26:00 - [MESSAGE][INFO] - Finding web element from Test Object's properties

2021-11-18 12:26:00 - [MESSAGE][INFO] - Checking timeout

2021-11-18 12:26:00 - [MESSAGE][INFO] - Finding web element with id: 'Object Repository/Sayfalar/Giris_Sayfasi/RetveTamam_Butonu' located by 'By.xpath: //*[@class = 'btn btn-default']' in '30' second(s)

2021-11-18 12:26:00 - [MESSAGE][INFO] - Smart Wait Function is triggered

2021-11-18 12:26:00 - [MESSAGE][INFO] - Found 1 web elements with id: 'Object Repository/Sayfalar/Giris_Sayfasi/RetveTamam_Butonu' located by 'By.xpath: //*[@class = 'btn btn-default']' in '30' second(s)

2021-11-18 12:26:00 - [MESSAGE][INFO] - Clicking on object: 'Object Repository/Sayfalar/Giris_Sayfasi/RetveTamam_Butonu'

2021-11-18 12:26:00 - [MESSAGE][PASSED] - Object: 'Object Repository/Sayfalar/Giris_Sayfasi/RetveTamam_Butonu' is clicked on

2021-11-18 12:26:00 - [TEST_STEP][PASSED] - click(findTestObject("Object Repository/Sayfalar/Giris_Sayfasi/RetveTamam_Butonu")): Object: 'Object Repository/Sayfalar/Giris_Sayfasi/RetveTamam_Butonu' is clicked on

2021-11-18 12:26:00 - [MESSAGE][INFO] - Finding Test Object 'Object Repository/Sayfalar/Giris_Sayfasi/RetveTamam_Butonu'

2021-11-18 12:26:00 - [MESSAGE][INFO] - Checking object

2021-11-18 12:26:00 - [MESSAGE][INFO] - Finding web element from Test Object's properties

2021-11-18 12:26:00 - [MESSAGE][INFO] - Checking timeout

2021-11-18 12:26:00 - [MESSAGE][INFO] - Finding web element with id: 'Object Repository/Sayfalar/Giris_Sayfasi/RetveTamam_Butonu' located by 'By.xpath: //*[@class = 'btn btn-default']' in '30' second(s)

2021-11-18 12:26:00 - [MESSAGE][INFO] - Smart Wait Function is triggered

2021-11-18 12:26:04 - [MESSAGE][INFO] - Found 1 web elements with id: 'Object Repository/Sayfalar/Giris_Sayfasi/RetveTamam_Butonu' located by 'By.xpath: //*[@class = 'btn btn-default']' in '30' second(s)

2021-11-18 12:26:04 - [MESSAGE][INFO] - Clicking on object: 'Object Repository/Sayfalar/Giris_Sayfasi/RetveTamam_Butonu'

2021-11-18 12:26:04 - [MESSAGE][PASSED] - Object: 'Object Repository/Sayfalar/Giris_Sayfasi/RetveTamam_Butonu' is clicked on

2021-11-18 12:26:04 - [TEST_STEP][PASSED] - if (verifyElementPresent(findTestObject("Sayfalar/Giris_Sayfasi/PopupOK"), 5, OPTIONAL)): null

2021-11-18 12:26:04 - [MESSAGE][INFO] - Finding Test Object 'Object Repository/Sayfalar/Giris_Sayfasi/PopupOK'

2021-11-18 12:26:04 - [MESSAGE][INFO] - Checking object

2021-11-18 12:26:04 - [MESSAGE][INFO] - Finding web element from Test Object's properties

2021-11-18 12:26:04 - [MESSAGE][INFO] - Checking timeout

2021-11-18 12:26:04 - [MESSAGE][INFO] - Finding web element with id: 'Object Repository/Sayfalar/Giris_Sayfasi/PopupOK' located by 'By.cssSelector: .btn.btn-success' in '5' second(s)

2021-11-18 12:26:04 - [MESSAGE][INFO] - Smart Wait Function is triggered

2021-11-18 12:26:05 - [MESSAGE][INFO] - Found 1 web elements with id: 'Object Repository/Sayfalar/Giris_Sayfasi/PopupOK' located by 'By.cssSelector: .btn.btn-success' in '5' second(s)

2021-11-18 12:26:05 - [MESSAGE][PASSED] - Object 'Object Repository/Sayfalar/Giris_Sayfasi/PopupOK' is present

2021-11-18 12:26:05 - [TEST_STEP][PASSED] - click(findTestObject("Object Repository/Sayfalar/Giris_Sayfasi/PopupCarpiGiris")): Object: 'Object Repository/Sayfalar/Giris_Sayfasi/PopupCarpiGiris' is clicked on

2021-11-18 12:26:05 - [MESSAGE][INFO] - Finding Test Object 'Object Repository/Sayfalar/Giris_Sayfasi/PopupCarpiGiris'

2021-11-18 12:26:05 - [MESSAGE][INFO] - Checking object

2021-11-18 12:26:05 - [MESSAGE][INFO] - Finding web element from Test Object's properties

2021-11-18 12:26:05 - [MESSAGE][INFO] - Checking timeout

2021-11-18 12:26:05 - [MESSAGE][INFO] - Finding web element with id: 'Object Repository/Sayfalar/Giris_Sayfasi/PopupCarpiGiris' located by 'By.cssSelector: .bootbox-close-button.close' in '30' second(s)

2021-11-18 12:26:05 - [MESSAGE][INFO] - Smart Wait Function is triggered

2021-11-18 12:26:05 - [MESSAGE][INFO] - Found 1 web elements with id: 'Object Repository/Sayfalar/Giris_Sayfasi/PopupCarpiGiris' located by 'By.cssSelector: .bootbox-close-button.close' in '30' second(s)

2021-11-18 12:26:05 - [MESSAGE][INFO] - Clicking on object: 'Object Repository/Sayfalar/Giris_Sayfasi/PopupCarpiGiris'

2021-11-18 12:26:05 - [MESSAGE][PASSED] - Object: 'Object Repository/Sayfalar/Giris_Sayfasi/PopupCarpiGiris' is clicked on

2021-11-18 12:26:05 - [TEST_STEP][PASSED] - verifyElementVisible(findTestObject("Object Repository/Kullanici_Islemleri/KullaniciIslemleri")): Object 'Object Repository/Kullanici_Islemleri/KullaniciIslemleri' is visible

2021-11-18 12:26:05 - [MESSAGE][INFO] - Finding Test Object 'Object Repository/Kullanici_Islemleri/KullaniciIslemleri'

2021-11-18 12:26:05 - [MESSAGE][INFO] - Checking object

2021-11-18 12:26:05 - [MESSAGE][INFO] - Finding web element from Test Object's properties

2021-11-18 12:26:05 - [MESSAGE][INFO] - Checking timeout

2021-11-18 12:26:05 - [MESSAGE][INFO] - Finding web element with id: 'Object Repository/Kullanici_Islemleri/KullaniciIslemleri' located by 'By.cssSelector: .dropdown>a>img' in '30' second(s)

2021-11-18 12:26:05 - [MESSAGE][INFO] - Smart Wait Function is triggered

2021-11-18 12:26:06 - [MESSAGE][INFO] - Found 1 web elements with id: 'Object Repository/Kullanici_Islemleri/KullaniciIslemleri' located by 'By.cssSelector: .dropdown>a>img' in '30' second(s)

2021-11-18 12:26:06 - [MESSAGE][PASSED] - Object 'Object Repository/Kullanici_Islemleri/KullaniciIslemleri' is visible

2021-11-18 12:26:06 - [MESSAGE][PASSED] - Call Test Case 'Test Cases/Sayfalar/Giris_Sayfasi/Login' successfully

2021-11-18 12:26:06 - [MESSAGE][INFO] - Checking called Test Case

2021-11-18 12:26:06 - [MESSAGE][INFO] - Starting to call Test Case 'Test Cases/Menu/AnaMenuSecimi'

2021-11-18 12:26:06 - [TEST_CASE][PASSED] - Test Cases/Menu/AnaMenuSecimi: Test Cases/Menu/AnaMenuSecimi

2021-11-18 12:26:06 - [TEST_STEP][PASSED] - Method.TextDegerineEsitElementeTikla(findTestObject("Menu/Ana_Menu"), Ana_Menu): Method.TextDegerineEsitElementeTikla is PASSED

2021-11-18 12:26:06 - [MESSAGE][INFO] - Finding Test Object 'Object Repository/Menu/Ana_Menu'

2021-11-18 12:26:06 - [MESSAGE][INFO] - Checking timeout

2021-11-18 12:26:06 - [MESSAGE][INFO] - Finding web element with id: 'Object Repository/Menu/Ana_Menu' located by 'By.xpath: //*[@class = 'dropdown-toggle']' in '10' second(s)

2021-11-18 12:26:06 - [MESSAGE][INFO] - Smart Wait Function is triggered

2021-11-18 12:26:07 - [MESSAGE][INFO] - Found 14 web elements with id: 'Object Repository/Menu/Ana_Menu' located by 'By.xpath: //*[@class = 'dropdown-toggle']' in '10' second(s)

2021-11-18 12:26:07 - [MESSAGE][PASSED] - Method.TextDegerineEsitElementeTikla is PASSED

2021-11-18 12:26:07 - [MESSAGE][PASSED] - Call Test Case 'Test Cases/Menu/AnaMenuSecimi' successfully

2021-11-18 12:26:07 - [MESSAGE][INFO] - Checking called Test Case

2021-11-18 12:26:07 - [MESSAGE][INFO] - Starting to call Test Case 'Test Cases/Menu/BasligaGoreAltMenuSecimi'

2021-11-18 12:26:07 - [TEST_CASE][PASSED] - Test Cases/Menu/BasligaGoreAltMenuSecimi: Test Cases/Menu/BasligaGoreAltMenuSecimi

2021-11-18 12:26:07 - [TEST_STEP][PASSED] - Method.TextDegerineEsitElementinAltindakiTextDegerineEsitOlanaTikla(findTestObject("Menu/Menu_Basligi"), findTestObject("Menu/Basliga_Gore_Alt_Menu"), Baslik, Alt_Menu): Method.TextDegerineEsitElementinAltindakiTextDegerineEsitOlanaTikla is PASSED

2021-11-18 12:26:07 - [MESSAGE][INFO] - Finding Test Object 'Object Repository/Menu/Menu_Basligi'

2021-11-18 12:26:07 - [MESSAGE][INFO] - Finding Test Object 'Object Repository/Menu/Basliga_Gore_Alt_Menu'

2021-11-18 12:26:07 - [MESSAGE][INFO] - Checking timeout

2021-11-18 12:26:07 - [MESSAGE][INFO] - Finding web element with id: 'Object Repository/Menu/Menu_Basligi' located by 'By.xpath: //li[@class='dropdown dropdown-large open']//li[@class='dropdown-header']' in '10' second(s)

2021-11-18 12:26:07 - [MESSAGE][INFO] - Smart Wait Function is triggered

2021-11-18 12:26:07 - [MESSAGE][INFO] - Found 2 web elements with id: 'Object Repository/Menu/Menu_Basligi' located by 'By.xpath: //li[@class='dropdown dropdown-large open']//li[@class='dropdown-header']' in '10' second(s)

2021-11-18 12:26:07 - [MESSAGE][INFO] - Smart Wait Function is triggered

2021-11-18 12:26:09 - [MESSAGE][PASSED] - Method.TextDegerineEsitElementinAltindakiTextDegerineEsitOlanaTikla is PASSED

2021-11-18 12:26:09 - [MESSAGE][PASSED] - Call Test Case 'Test Cases/Menu/BasligaGoreAltMenuSecimi' successfully

2021-11-18 12:26:09 - [MESSAGE][INFO] - Checking called Test Case

2021-11-18 12:26:09 - [MESSAGE][INFO] - Starting to call Test Case 'Test Cases/Tablo/Olusturma Tarihi'

2021-11-18 12:26:09 - [TEST_CASE][PASSED] - Test Cases/Tablo/Olusturma Tarihi: Test Cases/Tablo/Olusturma Tarihi

2021-11-18 12:26:09 - [TEST_STEP][PASSED] - if (verifyTextNotPresent("Görüntülenecek veri yok", true, OPTIONAL)): null

2021-11-18 12:26:09 - [MESSAGE][INFO] - Checking text present  using regular expression

2021-11-18 12:26:09 - [MESSAGE][INFO] - Smart Wait Function is triggered

2021-11-18 12:26:10 - [MESSAGE][INFO] - Finding text 'Görüntülenecek veri yok' on page  using regular expression

2021-11-18 12:26:10 - [MESSAGE][PASSED] - Text 'Görüntülenecek veri yok' is not present on page using regular expression

2021-11-18 12:26:10 - [TEST_STEP][PASSED] - click(findTestObject("Temizle/Olusturma_Tarihi_CheckBox")): Object: 'Object Repository/Temizle/Olusturma_Tarihi_CheckBox' is clicked on

2021-11-18 12:26:10 - [MESSAGE][INFO] - Finding Test Object 'Object Repository/Temizle/Olusturma_Tarihi_CheckBox'

2021-11-18 12:26:10 - [MESSAGE][INFO] - Checking object

2021-11-18 12:26:10 - [MESSAGE][INFO] - Finding web element from Test Object's properties

2021-11-18 12:26:10 - [MESSAGE][INFO] - Checking timeout

2021-11-18 12:26:10 - [MESSAGE][INFO] - Finding web element with id: 'Object Repository/Temizle/Olusturma_Tarihi_CheckBox' located by 'By.xpath: //*[@title = 'Bu sayfadaki tüm satırları Seç']' in '30' second(s)

2021-11-18 12:26:10 - [MESSAGE][INFO] - Smart Wait Function is triggered

2021-11-18 12:26:10 - [MESSAGE][INFO] - Found 1 web elements with id: 'Object Repository/Temizle/Olusturma_Tarihi_CheckBox' located by 'By.xpath: //*[@title = 'Bu sayfadaki tüm satırları Seç']' in '30' second(s)

2021-11-18 12:26:10 - [MESSAGE][INFO] - Clicking on object: 'Object Repository/Temizle/Olusturma_Tarihi_CheckBox'

2021-11-18 12:26:10 - [MESSAGE][PASSED] - Object: 'Object Repository/Temizle/Olusturma_Tarihi_CheckBox' is clicked on

2021-11-18 12:26:10 - [TEST_STEP][PASSED] - Method.TextDegerineEsitElementeTiklaEquals(findTestObject("Butonlar/Butonlar"), "Sil"): Method.TextDegerineEsitElementeTiklaEquals is PASSED

2021-11-18 12:26:10 - [MESSAGE][INFO] - Finding Test Object 'Object Repository/Butonlar/Butonlar'

2021-11-18 12:26:10 - [MESSAGE][INFO] - Checking timeout

2021-11-18 12:26:10 - [MESSAGE][INFO] - Finding web element with id: 'Object Repository/Butonlar/Butonlar' located by 'By.cssSelector: .panel.panel-default.text-center.footerPanel .btn,.btn.btn-primary.btnControls' in '10' second(s)

2021-11-18 12:26:10 - [MESSAGE][INFO] - Smart Wait Function is triggered

2021-11-18 12:26:10 - [MESSAGE][INFO] - Found 7 web elements with id: 'Object Repository/Butonlar/Butonlar' located by 'By.cssSelector: .panel.panel-default.text-center.footerPanel .btn,.btn.btn-primary.btnControls' in '10' second(s)

2021-11-18 12:26:11 - [MESSAGE][PASSED] - Method.TextDegerineEsitElementeTiklaEquals is PASSED

2021-11-18 12:26:11 - [TEST_STEP][PASSED] - Method.TextDegerineEsitElementeTikla(findTestObject("Popup/Popup_Butons"), "Evet"): Method.TextDegerineEsitElementeTikla is PASSED

2021-11-18 12:26:11 - [MESSAGE][INFO] - Finding Test Object 'Object Repository/Popup/Popup_Butons'

2021-11-18 12:26:11 - [MESSAGE][INFO] - Checking timeout

2021-11-18 12:26:11 - [MESSAGE][INFO] - Finding web element with id: 'Object Repository/Popup/Popup_Butons' located by 'By.cssSelector: .modal-footer>button' in '10' second(s)

2021-11-18 12:26:11 - [MESSAGE][INFO] - Smart Wait Function is triggered

2021-11-18 12:26:11 - [MESSAGE][INFO] - Found 2 web elements with id: 'Object Repository/Popup/Popup_Butons' located by 'By.cssSelector: .modal-footer>button' in '10' second(s)

2021-11-18 12:26:12 - [MESSAGE][PASSED] - Method.TextDegerineEsitElementeTikla is PASSED

2021-11-18 12:26:12 - [TEST_STEP][PASSED] - Method.TextDegerineEsitElementeTikla(findTestObject("Popup/Popup_Butons"), "Tamam"): Method.TextDegerineEsitElementeTikla is PASSED

2021-11-18 12:26:12 - [MESSAGE][INFO] - Finding Test Object 'Object Repository/Popup/Popup_Butons'

2021-11-18 12:26:12 - [MESSAGE][INFO] - Checking timeout

2021-11-18 12:26:12 - [MESSAGE][INFO] - Finding web element with id: 'Object Repository/Popup/Popup_Butons' located by 'By.cssSelector: .modal-footer>button' in '10' second(s)

2021-11-18 12:26:12 - [MESSAGE][INFO] - Smart Wait Function is triggered

2021-11-18 12:26:12 - [MESSAGE][INFO] - Found 1 web elements with id: 'Object Repository/Popup/Popup_Butons' located by 'By.cssSelector: .modal-footer>button' in '10' second(s)

2021-11-18 12:26:13 - [MESSAGE][PASSED] - Method.TextDegerineEsitElementeTikla is PASSED

2021-11-18 12:26:13 - [MESSAGE][PASSED] - Call Test Case 'Test Cases/Tablo/Olusturma Tarihi' successfully

2021-11-18 12:26:13 - [MESSAGE][INFO] - Checking called Test Case

2021-11-18 12:26:13 - [MESSAGE][INFO] - Starting to call Test Case 'Test Cases/Butonlar/ButonaTikla'

2021-11-18 12:26:13 - [TEST_CASE][PASSED] - Test Cases/Butonlar/ButonaTikla: Test Cases/Butonlar/ButonaTikla

2021-11-18 12:26:13 - [TEST_STEP][PASSED] - Method.TextDegerineEsitElementeTiklaEquals(findTestObject("Butonlar/Butonlar"), Buton_Adi): Method.TextDegerineEsitElementeTiklaEquals is PASSED

2021-11-18 12:26:13 - [MESSAGE][INFO] - Finding Test Object 'Object Repository/Butonlar/Butonlar'

2021-11-18 12:26:13 - [MESSAGE][INFO] - Checking timeout

2021-11-18 12:26:13 - [MESSAGE][INFO] - Finding web element with id: 'Object Repository/Butonlar/Butonlar' located by 'By.cssSelector: .panel.panel-default.text-center.footerPanel .btn,.btn.btn-primary.btnControls' in '10' second(s)

2021-11-18 12:26:13 - [MESSAGE][INFO] - Smart Wait Function is triggered

2021-11-18 12:26:13 - [MESSAGE][INFO] - Found 7 web elements with id: 'Object Repository/Butonlar/Butonlar' located by 'By.cssSelector: .panel.panel-default.text-center.footerPanel .btn,.btn.btn-primary.btnControls' in '10' second(s)

2021-11-18 12:26:13 - [MESSAGE][PASSED] - Method.TextDegerineEsitElementeTiklaEquals is PASSED

2021-11-18 12:26:13 - [MESSAGE][PASSED] - Call Test Case 'Test Cases/Butonlar/ButonaTikla' successfully

2021-11-18 12:26:13 - [MESSAGE][INFO] - Checking called Test Case

2021-11-18 12:26:13 - [MESSAGE][INFO] - Starting to call Test Case 'Test Cases/Olusturma/Genel/GorselTasarimSayfasıBasligiIceriyorMu'

2021-11-18 12:26:13 - [TEST_CASE][PASSED] - Test Cases/Olusturma/Genel/GorselTasarimSayfasıBasligiIceriyorMu: Test Cases/Olusturma/Genel/GorselTasarimSayfasıBasligiIceriyorMu

2021-11-18 12:26:13 - [TEST_STEP][PASSED] - verifyElementText(findTestObject("Object Repository/Olusturma/Genel/GorselTasarimBaslik"), Baslik): Actual text and expected text of test object 'Object Repository/Olusturma/Genel/GorselTasarimBaslik' are matched.

2021-11-18 12:26:13 - [MESSAGE][INFO] - Finding Test Object 'Object Repository/Olusturma/Genel/GorselTasarimBaslik'

2021-11-18 12:26:13 - [MESSAGE][INFO] - Checking object

2021-11-18 12:26:13 - [MESSAGE][INFO] - Finding web element from Test Object's properties

2021-11-18 12:26:13 - [MESSAGE][INFO] - Checking timeout

2021-11-18 12:26:13 - [MESSAGE][INFO] - Finding web element with id: 'Object Repository/Olusturma/Genel/GorselTasarimBaslik' located by 'By.cssSelector: #flAlici_0>div>span' in '30' second(s)

2021-11-18 12:26:13 - [MESSAGE][INFO] - Smart Wait Function is triggered

2021-11-18 12:26:15 - [MESSAGE][INFO] - Found 1 web elements with id: 'Object Repository/Olusturma/Genel/GorselTasarimBaslik' located by 'By.cssSelector: #flAlici_0>div>span' in '30' second(s)

2021-11-18 12:26:15 - [MESSAGE][PASSED] - Actual text and expected text of test object 'Object Repository/Olusturma/Genel/GorselTasarimBaslik' are matched.

2021-11-18 12:26:15 - [MESSAGE][PASSED] - Call Test Case 'Test Cases/Olusturma/Genel/GorselTasarimSayfasıBasligiIceriyorMu' successfully

2021-11-18 12:26:15 - [MESSAGE][INFO] - Checking called Test Case

2021-11-18 12:26:15 - [MESSAGE][INFO] - Starting to call Test Case 'Test Cases/Olusturma/Genel/AliciSecilir'

2021-11-18 12:26:16 - [TEST_CASE][PASSED] - Test Cases/Olusturma/Genel/AliciSecilir: Test Cases/Olusturma/Genel/AliciSecilir

2021-11-18 12:26:16 - [TEST_STEP][PASSED] - click(findTestObject("Olusturma/Genel/AliciBilgisi/Alici_Ara")): Object: 'Object Repository/Olusturma/Genel/AliciBilgisi/Alici_Ara' is clicked on

2021-11-18 12:26:16 - [MESSAGE][INFO] - Finding Test Object 'Object Repository/Olusturma/Genel/AliciBilgisi/Alici_Ara'

2021-11-18 12:26:16 - [MESSAGE][INFO] - Checking object

2021-11-18 12:26:16 - [MESSAGE][INFO] - Finding web element from Test Object's properties

2021-11-18 12:26:16 - [MESSAGE][INFO] - Checking timeout

2021-11-18 12:26:16 - [MESSAGE][INFO] - Finding web element with id: 'Object Repository/Olusturma/Genel/AliciBilgisi/Alici_Ara' located by 'By.xpath: //td[@id='txtCustomerText_B-1']' in '30' second(s)

2021-11-18 12:26:16 - [MESSAGE][INFO] - Smart Wait Function is triggered

2021-11-18 12:26:16 - [MESSAGE][INFO] - Found 1 web elements with id: 'Object Repository/Olusturma/Genel/AliciBilgisi/Alici_Ara' located by 'By.xpath: //td[@id='txtCustomerText_B-1']' in '30' second(s)

2021-11-18 12:26:16 - [MESSAGE][INFO] - Clicking on object: 'Object Repository/Olusturma/Genel/AliciBilgisi/Alici_Ara'

2021-11-18 12:26:16 - [MESSAGE][PASSED] - Object: 'Object Repository/Olusturma/Genel/AliciBilgisi/Alici_Ara' is clicked on

2021-11-18 12:26:16 - [TEST_STEP][PASSED] - click(findTestObject("Olusturma/Genel/AliciBilgisi/Alici_Bilgisi")): Object: 'Object Repository/Olusturma/Genel/AliciBilgisi/Alici_Bilgisi' is clicked on

2021-11-18 12:26:16 - [MESSAGE][INFO] - Finding Test Object 'Object Repository/Olusturma/Genel/AliciBilgisi/Alici_Bilgisi'

2021-11-18 12:26:16 - [MESSAGE][INFO] - Checking object

2021-11-18 12:26:16 - [MESSAGE][INFO] - Finding web element from Test Object's properties

2021-11-18 12:26:16 - [MESSAGE][INFO] - Checking timeout

2021-11-18 12:26:16 - [MESSAGE][INFO] - Finding web element with id: 'Object Repository/Olusturma/Genel/AliciBilgisi/Alici_Bilgisi' located by 'By.xpath: //iframe[@id='customerselectiframe']' in '30' second(s)

2021-11-18 12:26:16 - [MESSAGE][INFO] - Smart Wait Function is triggered

2021-11-18 12:26:16 - [MESSAGE][INFO] - Found 1 web elements with id: 'Object Repository/Olusturma/Genel/AliciBilgisi/Alici_Bilgisi' located by 'By.xpath: //iframe[@id='customerselectiframe']' in '30' second(s)

2021-11-18 12:26:16 - [MESSAGE][INFO] - Clicking on object: 'Object Repository/Olusturma/Genel/AliciBilgisi/Alici_Bilgisi'

2021-11-18 12:26:16 - [MESSAGE][PASSED] - Object: 'Object Repository/Olusturma/Genel/AliciBilgisi/Alici_Bilgisi' is clicked on

2021-11-18 12:26:16 - [TEST_STEP][PASSED] - setText(findTestObject("Olusturma/Genel/AliciBilgisi/Alici_Gir"), Alici_Adi): Switching to default content

2021-11-18 12:26:16 - [MESSAGE][INFO] - Finding Test Object 'Object Repository/Olusturma/Genel/AliciBilgisi/Alici_Gir'

2021-11-18 12:26:17 - [MESSAGE][INFO] - Finding Test Object 'Object Repository/Olusturma/Genel/AliciBilgisi/Alici_Bilgisi'

2021-11-18 12:26:17 - [MESSAGE][INFO] - Checking object

2021-11-18 12:26:17 - [MESSAGE][INFO] - Checking text

2021-11-18 12:26:17 - [MESSAGE][INFO] - Object: 'Object Repository/Olusturma/Genel/AliciBilgisi/Alici_Gir' has parent object(s)

2021-11-18 12:26:17 - [MESSAGE][INFO] - Switching to iframe: 'Object Repository/Olusturma/Genel/AliciBilgisi/Alici_Bilgisi'

2021-11-18 12:26:17 - [MESSAGE][INFO] - Finding web element from Test Object's properties

2021-11-18 12:26:17 - [MESSAGE][INFO] - Checking timeout

2021-11-18 12:26:17 - [MESSAGE][INFO] - Finding web element with id: 'Object Repository/Olusturma/Genel/AliciBilgisi/Alici_Bilgisi' located by 'By.xpath: //iframe[@id='customerselectiframe']' in '30' second(s)

2021-11-18 12:26:17 - [MESSAGE][INFO] - Smart Wait Function is triggered

2021-11-18 12:26:17 - [MESSAGE][INFO] - Found 1 web elements with id: 'Object Repository/Olusturma/Genel/AliciBilgisi/Alici_Bilgisi' located by 'By.xpath: //iframe[@id='customerselectiframe']' in '30' second(s)

2021-11-18 12:26:17 - [MESSAGE][INFO] - Switched to iframe: 'Object Repository/Olusturma/Genel/AliciBilgisi/Alici_Bilgisi'

2021-11-18 12:26:17 - [MESSAGE][INFO] - Finding web element from Test Object's properties

2021-11-18 12:26:17 - [MESSAGE][INFO] - Checking timeout

2021-11-18 12:26:17 - [MESSAGE][INFO] - Finding web element with id: 'Object Repository/Olusturma/Genel/AliciBilgisi/Alici_Gir' located by 'By.xpath: //input[@id='GridViewCustomer_DXFREditorcol1_I']' in '30' second(s)

2021-11-18 12:26:17 - [MESSAGE][INFO] - Smart Wait Function is triggered

2021-11-18 12:26:17 - [MESSAGE][INFO] - Found 1 web elements with id: 'Object Repository/Olusturma/Genel/AliciBilgisi/Alici_Gir' located by 'By.xpath: //input[@id='GridViewCustomer_DXFREditorcol1_I']' in '30' second(s)

2021-11-18 12:26:17 - [MESSAGE][INFO] - Clearing text of object 'Object Repository/Olusturma/Genel/AliciBilgisi/Alici_Gir'

2021-11-18 12:26:17 - [MESSAGE][INFO] - Finding web element from Test Object's properties

2021-11-18 12:26:17 - [MESSAGE][INFO] - Checking timeout

2021-11-18 12:26:17 - [MESSAGE][INFO] - Finding web element with id: 'Object Repository/Olusturma/Genel/AliciBilgisi/Alici_Gir' located by 'By.xpath: //input[@id='GridViewCustomer_DXFREditorcol1_I']' in '30' second(s)

2021-11-18 12:26:17 - [MESSAGE][INFO] - Smart Wait Function is triggered

2021-11-18 12:26:17 - [MESSAGE][INFO] - Found 1 web elements with id: 'Object Repository/Olusturma/Genel/AliciBilgisi/Alici_Gir' located by 'By.xpath: //input[@id='GridViewCustomer_DXFREditorcol1_I']' in '30' second(s)

2021-11-18 12:26:17 - [MESSAGE][INFO] - Setting text of object 'Object Repository/Olusturma/Genel/AliciBilgisi/Alici_Gir' to value 'UC0038'

2021-11-18 12:26:17 - [MESSAGE][PASSED] - Text 'UC0038' is set on object 'Object Repository/Olusturma/Genel/AliciBilgisi/Alici_Gir'

2021-11-18 12:26:17 - [MESSAGE][INFO] - Switching to default content

2021-11-18 12:26:17 - [TEST_STEP][PASSED] - waitForElementClickable(findTestObject("Olusturma/Genel/AliciBilgisi/Alici_Adi"), 10): Switching to default content

2021-11-18 12:26:17 - [MESSAGE][INFO] - Finding Test Object 'Object Repository/Olusturma/Genel/AliciBilgisi/Alici_Adi'

2021-11-18 12:26:17 - [MESSAGE][INFO] - Finding Test Object 'Object Repository/Olusturma/Genel/AliciBilgisi/iframe_Alc Bilgisi_customerselectiframe'

2021-11-18 12:26:17 - [MESSAGE][INFO] - Checking object

2021-11-18 12:26:17 - [MESSAGE][INFO] - Checking timeout

2021-11-18 12:26:17 - [MESSAGE][INFO] - Object: 'Object Repository/Olusturma/Genel/AliciBilgisi/Alici_Adi' has parent object(s)

2021-11-18 12:26:17 - [MESSAGE][INFO] - Switching to iframe: 'Object Repository/Olusturma/Genel/AliciBilgisi/iframe_Alc Bilgisi_customerselectiframe'

2021-11-18 12:26:17 - [MESSAGE][INFO] - Finding web element from Test Object's properties

2021-11-18 12:26:17 - [MESSAGE][INFO] - Checking timeout

2021-11-18 12:26:17 - [MESSAGE][INFO] - Finding web element with id: 'Object Repository/Olusturma/Genel/AliciBilgisi/iframe_Alc Bilgisi_customerselectiframe' located by 'By.xpath: //iframe[@id='customerselectiframe']' in '10' second(s)

2021-11-18 12:26:17 - [MESSAGE][INFO] - Smart Wait Function is triggered

2021-11-18 12:26:17 - [MESSAGE][INFO] - Found 1 web elements with id: 'Object Repository/Olusturma/Genel/AliciBilgisi/iframe_Alc Bilgisi_customerselectiframe' located by 'By.xpath: //iframe[@id='customerselectiframe']' in '10' second(s)

2021-11-18 12:26:17 - [MESSAGE][INFO] - Switched to iframe: 'Object Repository/Olusturma/Genel/AliciBilgisi/iframe_Alc Bilgisi_customerselectiframe'

2021-11-18 12:26:17 - [MESSAGE][INFO] - Finding web element from Test Object's properties

2021-11-18 12:26:17 - [MESSAGE][INFO] - Checking timeout

2021-11-18 12:26:17 - [MESSAGE][INFO] - Finding web element with id: 'Object Repository/Olusturma/Genel/AliciBilgisi/Alici_Adi' located by 'By.xpath: //tr[@id='GridViewCustomer_DXDataRow0']/td[2]' in '10' second(s)

2021-11-18 12:26:17 - [MESSAGE][INFO] - Smart Wait Function is triggered

2021-11-18 12:26:18 - [MESSAGE][INFO] - Found 1 web elements with id: 'Object Repository/Olusturma/Genel/AliciBilgisi/Alici_Adi' located by 'By.xpath: //tr[@id='GridViewCustomer_DXDataRow0']/td[2]' in '10' second(s)

2021-11-18 12:26:18 - [MESSAGE][PASSED] - Object 'Object Repository/Olusturma/Genel/AliciBilgisi/Alici_Adi' is clickable

2021-11-18 12:26:18 - [MESSAGE][INFO] - Switching to default content

2021-11-18 12:26:18 - [TEST_STEP][PASSED] - click(findTestObject("Olusturma/Genel/AliciBilgisi/frame")): Switching to default content

2021-11-18 12:26:18 - [MESSAGE][INFO] - Finding Test Object 'Object Repository/Olusturma/Genel/AliciBilgisi/frame'

2021-11-18 12:26:18 - [MESSAGE][INFO] - Finding Test Object 'Object Repository/Olusturma/Genel/AliciBilgisi/iframe_Alc Bilgisi_customerselectiframe'

2021-11-18 12:26:18 - [MESSAGE][INFO] - Checking object

2021-11-18 12:26:18 - [MESSAGE][INFO] - Object: 'Object Repository/Olusturma/Genel/AliciBilgisi/frame' has parent object(s)

2021-11-18 12:26:18 - [MESSAGE][INFO] - Switching to iframe: 'Object Repository/Olusturma/Genel/AliciBilgisi/iframe_Alc Bilgisi_customerselectiframe'

2021-11-18 12:26:18 - [MESSAGE][INFO] - Finding web element from Test Object's properties

2021-11-18 12:26:18 - [MESSAGE][INFO] - Checking timeout

2021-11-18 12:26:18 - [MESSAGE][INFO] - Finding web element with id: 'Object Repository/Olusturma/Genel/AliciBilgisi/iframe_Alc Bilgisi_customerselectiframe' located by 'By.xpath: //iframe[@id='customerselectiframe']' in '30' second(s)

2021-11-18 12:26:18 - [MESSAGE][INFO] - Smart Wait Function is triggered

2021-11-18 12:26:18 - [MESSAGE][INFO] - Found 1 web elements with id: 'Object Repository/Olusturma/Genel/AliciBilgisi/iframe_Alc Bilgisi_customerselectiframe' located by 'By.xpath: //iframe[@id='customerselectiframe']' in '30' second(s)

2021-11-18 12:26:18 - [MESSAGE][INFO] - Switched to iframe: 'Object Repository/Olusturma/Genel/AliciBilgisi/iframe_Alc Bilgisi_customerselectiframe'

2021-11-18 12:26:18 - [MESSAGE][INFO] - Finding web element from Test Object's properties

2021-11-18 12:26:18 - [MESSAGE][INFO] - Checking timeout

2021-11-18 12:26:18 - [MESSAGE][INFO] - Finding web element with id: 'Object Repository/Olusturma/Genel/AliciBilgisi/frame' located by 'By.xpath: //*/text()[normalize-space(.)='']/parent::*' in '30' second(s)

2021-11-18 12:26:18 - [MESSAGE][INFO] - Smart Wait Function is triggered

2021-11-18 12:26:18 - [MESSAGE][INFO] - Found 73 web elements with id: 'Object Repository/Olusturma/Genel/AliciBilgisi/frame' located by 'By.xpath: //*/text()[normalize-space(.)='']/parent::*' in '30' second(s)

2021-11-18 12:26:18 - [MESSAGE][INFO] - Clicking on object: 'Object Repository/Olusturma/Genel/AliciBilgisi/frame'

2021-11-18 12:26:18 - [MESSAGE][PASSED] - Object: 'Object Repository/Olusturma/Genel/AliciBilgisi/frame' is clicked on

2021-11-18 12:26:18 - [MESSAGE][INFO] - Switching to default content

2021-11-18 12:26:18 - [TEST_STEP][PASSED] - click(findTestObject("Olusturma/Genel/AliciBilgisi/Alici_Adi")): Switching to default content

2021-11-18 12:26:18 - [MESSAGE][INFO] - Finding Test Object 'Object Repository/Olusturma/Genel/AliciBilgisi/Alici_Adi'

2021-11-18 12:26:18 - [MESSAGE][INFO] - Finding Test Object 'Object Repository/Olusturma/Genel/AliciBilgisi/iframe_Alc Bilgisi_customerselectiframe'

2021-11-18 12:26:18 - [MESSAGE][INFO] - Checking object

2021-11-18 12:26:18 - [MESSAGE][INFO] - Object: 'Object Repository/Olusturma/Genel/AliciBilgisi/Alici_Adi' has parent object(s)

2021-11-18 12:26:18 - [MESSAGE][INFO] - Switching to iframe: 'Object Repository/Olusturma/Genel/AliciBilgisi/iframe_Alc Bilgisi_customerselectiframe'

2021-11-18 12:26:18 - [MESSAGE][INFO] - Finding web element from Test Object's properties

2021-11-18 12:26:18 - [MESSAGE][INFO] - Checking timeout

2021-11-18 12:26:18 - [MESSAGE][INFO] - Finding web element with id: 'Object Repository/Olusturma/Genel/AliciBilgisi/iframe_Alc Bilgisi_customerselectiframe' located by 'By.xpath: //iframe[@id='customerselectiframe']' in '30' second(s)

2021-11-18 12:26:18 - [MESSAGE][INFO] - Smart Wait Function is triggered

2021-11-18 12:26:19 - [MESSAGE][INFO] - Found 1 web elements with id: 'Object Repository/Olusturma/Genel/AliciBilgisi/iframe_Alc Bilgisi_customerselectiframe' located by 'By.xpath: //iframe[@id='customerselectiframe']' in '30' second(s)

2021-11-18 12:26:19 - [MESSAGE][INFO] - Switched to iframe: 'Object Repository/Olusturma/Genel/AliciBilgisi/iframe_Alc Bilgisi_customerselectiframe'

2021-11-18 12:26:19 - [MESSAGE][INFO] - Finding web element from Test Object's properties

2021-11-18 12:26:19 - [MESSAGE][INFO] - Checking timeout

2021-11-18 12:26:19 - [MESSAGE][INFO] - Finding web element with id: 'Object Repository/Olusturma/Genel/AliciBilgisi/Alici_Adi' located by 'By.xpath: //tr[@id='GridViewCustomer_DXDataRow0']/td[2]' in '30' second(s)

2021-11-18 12:26:19 - [MESSAGE][INFO] - Smart Wait Function is triggered

2021-11-18 12:26:19 - [MESSAGE][INFO] - Found 1 web elements with id: 'Object Repository/Olusturma/Genel/AliciBilgisi/Alici_Adi' located by 'By.xpath: //tr[@id='GridViewCustomer_DXDataRow0']/td[2]' in '30' second(s)

2021-11-18 12:26:19 - [MESSAGE][INFO] - Clicking on object: 'Object Repository/Olusturma/Genel/AliciBilgisi/Alici_Adi'

2021-11-18 12:26:19 - [MESSAGE][PASSED] - Object: 'Object Repository/Olusturma/Genel/AliciBilgisi/Alici_Adi' is clicked on

2021-11-18 12:26:19 - [MESSAGE][INFO] - Switching to default content

2021-11-18 12:26:19 - [TEST_STEP][PASSED] - click(findTestObject("Olusturma/Genel/AliciBilgisi/Tamam_Bosluk")): Switching to default content

2021-11-18 12:26:19 - [MESSAGE][INFO] - Finding Test Object 'Object Repository/Olusturma/Genel/AliciBilgisi/Tamam_Bosluk'

2021-11-18 12:26:19 - [MESSAGE][INFO] - Finding Test Object 'Object Repository/Olusturma/Genel/AliciBilgisi/Alici_Bilgisi'

2021-11-18 12:26:19 - [MESSAGE][INFO] - Checking object

2021-11-18 12:26:19 - [MESSAGE][INFO] - Object: 'Object Repository/Olusturma/Genel/AliciBilgisi/Tamam_Bosluk' has parent object(s)

2021-11-18 12:26:19 - [MESSAGE][INFO] - Switching to iframe: 'Object Repository/Olusturma/Genel/AliciBilgisi/Alici_Bilgisi'

2021-11-18 12:26:19 - [MESSAGE][INFO] - Finding web element from Test Object's properties

2021-11-18 12:26:19 - [MESSAGE][INFO] - Checking timeout

2021-11-18 12:26:19 - [MESSAGE][INFO] - Finding web element with id: 'Object Repository/Olusturma/Genel/AliciBilgisi/Alici_Bilgisi' located by 'By.xpath: //iframe[@id='customerselectiframe']' in '30' second(s)

2021-11-18 12:26:19 - [MESSAGE][INFO] - Smart Wait Function is triggered

2021-11-18 12:26:19 - [MESSAGE][INFO] - Found 1 web elements with id: 'Object Repository/Olusturma/Genel/AliciBilgisi/Alici_Bilgisi' located by 'By.xpath: //iframe[@id='customerselectiframe']' in '30' second(s)

2021-11-18 12:26:19 - [MESSAGE][INFO] - Switched to iframe: 'Object Repository/Olusturma/Genel/AliciBilgisi/Alici_Bilgisi'

2021-11-18 12:26:19 - [MESSAGE][INFO] - Finding web element from Test Object's properties

2021-11-18 12:26:19 - [MESSAGE][INFO] - Checking timeout

2021-11-18 12:26:19 - [MESSAGE][INFO] - Finding web element with id: 'Object Repository/Olusturma/Genel/AliciBilgisi/Tamam_Bosluk' located by 'By.xpath: (.//*[normalize-space(text()) and normalize-space(.)='Sayfa Boyutu:'])[1]/following::div[7]' in '30' second(s)

2021-11-18 12:26:19 - [MESSAGE][INFO] - Smart Wait Function is triggered

2021-11-18 12:26:19 - [MESSAGE][INFO] - Found 1 web elements with id: 'Object Repository/Olusturma/Genel/AliciBilgisi/Tamam_Bosluk' located by 'By.xpath: (.//*[normalize-space(text()) and normalize-space(.)='Sayfa Boyutu:'])[1]/following::div[7]' in '30' second(s)

2021-11-18 12:26:19 - [MESSAGE][INFO] - Clicking on object: 'Object Repository/Olusturma/Genel/AliciBilgisi/Tamam_Bosluk'

2021-11-18 12:26:19 - [MESSAGE][PASSED] - Object: 'Object Repository/Olusturma/Genel/AliciBilgisi/Tamam_Bosluk' is clicked on

2021-11-18 12:26:19 - [MESSAGE][INFO] - Switching to default content

2021-11-18 12:26:19 - [TEST_STEP][PASSED] - waitForElementClickable(findTestObject("Olusturma/Genel/AliciBilgisi/Tamam_Butonu"), 10): Switching to default content

2021-11-18 12:26:19 - [MESSAGE][INFO] - Finding Test Object 'Object Repository/Olusturma/Genel/AliciBilgisi/Tamam_Butonu'

2021-11-18 12:26:19 - [MESSAGE][INFO] - Finding Test Object 'Object Repository/Olusturma/Genel/AliciBilgisi/Alici_Bilgisi'

2021-11-18 12:26:19 - [MESSAGE][INFO] - Checking object

2021-11-18 12:26:19 - [MESSAGE][INFO] - Checking timeout

2021-11-18 12:26:19 - [MESSAGE][INFO] - Object: 'Object Repository/Olusturma/Genel/AliciBilgisi/Tamam_Butonu' has parent object(s)

2021-11-18 12:26:19 - [MESSAGE][INFO] - Switching to iframe: 'Object Repository/Olusturma/Genel/AliciBilgisi/Alici_Bilgisi'

2021-11-18 12:26:19 - [MESSAGE][INFO] - Finding web element from Test Object's properties

2021-11-18 12:26:19 - [MESSAGE][INFO] - Checking timeout

2021-11-18 12:26:19 - [MESSAGE][INFO] - Finding web element with id: 'Object Repository/Olusturma/Genel/AliciBilgisi/Alici_Bilgisi' located by 'By.xpath: //iframe[@id='customerselectiframe']' in '10' second(s)

2021-11-18 12:26:19 - [MESSAGE][INFO] - Smart Wait Function is triggered

2021-11-18 12:26:20 - [MESSAGE][INFO] - Found 1 web elements with id: 'Object Repository/Olusturma/Genel/AliciBilgisi/Alici_Bilgisi' located by 'By.xpath: //iframe[@id='customerselectiframe']' in '10' second(s)

2021-11-18 12:26:20 - [MESSAGE][INFO] - Switched to iframe: 'Object Repository/Olusturma/Genel/AliciBilgisi/Alici_Bilgisi'

2021-11-18 12:26:20 - [MESSAGE][INFO] - Finding web element from Test Object's properties

2021-11-18 12:26:20 - [MESSAGE][INFO] - Checking timeout

2021-11-18 12:26:20 - [MESSAGE][INFO] - Finding web element with id: 'Object Repository/Olusturma/Genel/AliciBilgisi/Tamam_Butonu' located by 'By.xpath: //div[@id='btnSelectCustomer_CD']/span' in '10' second(s)

2021-11-18 12:26:20 - [MESSAGE][INFO] - Smart Wait Function is triggered

2021-11-18 12:26:20 - [MESSAGE][INFO] - Found 1 web elements with id: 'Object Repository/Olusturma/Genel/AliciBilgisi/Tamam_Butonu' located by 'By.xpath: //div[@id='btnSelectCustomer_CD']/span' in '10' second(s)

2021-11-18 12:26:20 - [MESSAGE][PASSED] - Object 'Object Repository/Olusturma/Genel/AliciBilgisi/Tamam_Butonu' is clickable

2021-11-18 12:26:20 - [MESSAGE][INFO] - Switching to default content

2021-11-18 12:26:20 - [TEST_STEP][PASSED] - click(findTestObject("Olusturma/Genel/AliciBilgisi/Tamam_Butonu")): Switching to default content

2021-11-18 12:26:20 - [MESSAGE][INFO] - Finding Test Object 'Object Repository/Olusturma/Genel/AliciBilgisi/Tamam_Butonu'

2021-11-18 12:26:20 - [MESSAGE][INFO] - Finding Test Object 'Object Repository/Olusturma/Genel/AliciBilgisi/Alici_Bilgisi'

2021-11-18 12:26:20 - [MESSAGE][INFO] - Checking object

2021-11-18 12:26:20 - [MESSAGE][INFO] - Object: 'Object Repository/Olusturma/Genel/AliciBilgisi/Tamam_Butonu' has parent object(s)

2021-11-18 12:26:20 - [MESSAGE][INFO] - Switching to iframe: 'Object Repository/Olusturma/Genel/AliciBilgisi/Alici_Bilgisi'

2021-11-18 12:26:20 - [MESSAGE][INFO] - Finding web element from Test Object's properties

2021-11-18 12:26:20 - [MESSAGE][INFO] - Checking timeout

2021-11-18 12:26:20 - [MESSAGE][INFO] - Finding web element with id: 'Object Repository/Olusturma/Genel/AliciBilgisi/Alici_Bilgisi' located by 'By.xpath: //iframe[@id='customerselectiframe']' in '30' second(s)

2021-11-18 12:26:20 - [MESSAGE][INFO] - Smart Wait Function is triggered

2021-11-18 12:26:20 - [MESSAGE][INFO] - Found 1 web elements with id: 'Object Repository/Olusturma/Genel/AliciBilgisi/Alici_Bilgisi' located by 'By.xpath: //iframe[@id='customerselectiframe']' in '30' second(s)

2021-11-18 12:26:20 - [MESSAGE][INFO] - Switched to iframe: 'Object Repository/Olusturma/Genel/AliciBilgisi/Alici_Bilgisi'

2021-11-18 12:26:20 - [MESSAGE][INFO] - Finding web element from Test Object's properties

2021-11-18 12:26:20 - [MESSAGE][INFO] - Checking timeout

2021-11-18 12:26:20 - [MESSAGE][INFO] - Finding web element with id: 'Object Repository/Olusturma/Genel/AliciBilgisi/Tamam_Butonu' located by 'By.xpath: //div[@id='btnSelectCustomer_CD']/span' in '30' second(s)

2021-11-18 12:26:20 - [MESSAGE][INFO] - Smart Wait Function is triggered

2021-11-18 12:26:20 - [MESSAGE][INFO] - Found 1 web elements with id: 'Object Repository/Olusturma/Genel/AliciBilgisi/Tamam_Butonu' located by 'By.xpath: //div[@id='btnSelectCustomer_CD']/span' in '30' second(s)

2021-11-18 12:26:20 - [MESSAGE][INFO] - Clicking on object: 'Object Repository/Olusturma/Genel/AliciBilgisi/Tamam_Butonu'

2021-11-18 12:26:20 - [MESSAGE][PASSED] - Object: 'Object Repository/Olusturma/Genel/AliciBilgisi/Tamam_Butonu' is clicked on

2021-11-18 12:26:20 - [MESSAGE][INFO] - Switching to default content

2021-11-18 12:26:20 - [TEST_STEP][PASSED] - waitForElementPresent(findTestObject("Olusturma/Genel/AliciBilgisi/VKN-TCKN"), 10): Object 'Object Repository/Olusturma/Genel/AliciBilgisi/VKN-TCKN' is present

2021-11-18 12:26:20 - [MESSAGE][INFO] - Finding Test Object 'Object Repository/Olusturma/Genel/AliciBilgisi/VKN-TCKN'

2021-11-18 12:26:20 - [MESSAGE][INFO] - Checking object

2021-11-18 12:26:20 - [MESSAGE][INFO] - Finding web element from Test Object's properties

2021-11-18 12:26:20 - [MESSAGE][INFO] - Checking timeout

2021-11-18 12:26:20 - [MESSAGE][INFO] - Finding web element with id: 'Object Repository/Olusturma/Genel/AliciBilgisi/VKN-TCKN' located by 'By.xpath: //*[@id = 'txtVknTckn_I']' in '10' second(s)

2021-11-18 12:26:20 - [MESSAGE][INFO] - Smart Wait Function is triggered

2021-11-18 12:26:21 - [MESSAGE][INFO] - Found 1 web elements with id: 'Object Repository/Olusturma/Genel/AliciBilgisi/VKN-TCKN' located by 'By.xpath: //*[@id = 'txtVknTckn_I']' in '10' second(s)

2021-11-18 12:26:21 - [MESSAGE][PASSED] - Object 'Object Repository/Olusturma/Genel/AliciBilgisi/VKN-TCKN' is present

2021-11-18 12:26:21 - [TEST_STEP][PASSED] - text = getAttribute(findTestObject("Olusturma/Genel/AliciBilgisi/VKN-TCKN"), "value"): Attribute 'value' of object 'Object Repository/Olusturma/Genel/AliciBilgisi/VKN-TCKN' is: '5324269312'

2021-11-18 12:26:21 - [MESSAGE][INFO] - Finding Test Object 'Object Repository/Olusturma/Genel/AliciBilgisi/VKN-TCKN'

2021-11-18 12:26:21 - [MESSAGE][INFO] - Checking object

2021-11-18 12:26:21 - [MESSAGE][INFO] - Checking attribute

2021-11-18 12:26:21 - [MESSAGE][INFO] - Finding web element from Test Object's properties

2021-11-18 12:26:21 - [MESSAGE][INFO] - Checking timeout

2021-11-18 12:26:21 - [MESSAGE][INFO] - Finding web element with id: 'Object Repository/Olusturma/Genel/AliciBilgisi/VKN-TCKN' located by 'By.xpath: //*[@id = 'txtVknTckn_I']' in '30' second(s)

2021-11-18 12:26:21 - [MESSAGE][INFO] - Smart Wait Function is triggered

2021-11-18 12:26:21 - [MESSAGE][INFO] - Found 1 web elements with id: 'Object Repository/Olusturma/Genel/AliciBilgisi/VKN-TCKN' located by 'By.xpath: //*[@id = 'txtVknTckn_I']' in '30' second(s)

2021-11-18 12:26:21 - [MESSAGE][INFO] - Getting attribute 'value' of object 'Object Repository/Olusturma/Genel/AliciBilgisi/VKN-TCKN'

2021-11-18 12:26:21 - [MESSAGE][PASSED] - Attribute 'value' of object 'Object Repository/Olusturma/Genel/AliciBilgisi/VKN-TCKN' is: '5324269312'

2021-11-18 12:26:21 - [TEST_STEP][PASSED] - if (text.equals("")): null

2021-11-18 12:26:21 - [MESSAGE][PASSED] - Call Test Case 'Test Cases/Olusturma/Genel/AliciSecilir' successfully

2021-11-18 12:26:21 - [MESSAGE][INFO] - Checking called Test Case

2021-11-18 12:26:21 - [MESSAGE][INFO] - Starting to call Test Case 'Test Cases/Olusturma/Genel/EkleButonunaBasilir'

2021-11-18 12:26:21 - [TEST_CASE][PASSED] - Test Cases/Olusturma/Genel/EkleButonunaBasilir: Test Cases/Olusturma/Genel/EkleButonunaBasilir

2021-11-18 12:26:21 - [TEST_STEP][PASSED] - waitForElementClickable(findTestObject("Object Repository/Olusturma/Genel/Olusturma/Ekle"), 10): Object 'Object Repository/Olusturma/Genel/Olusturma/Ekle' is clickable

2021-11-18 12:26:21 - [MESSAGE][INFO] - Finding Test Object 'Object Repository/Olusturma/Genel/Olusturma/Ekle'

2021-11-18 12:26:21 - [MESSAGE][INFO] - Checking object

2021-11-18 12:26:21 - [MESSAGE][INFO] - Checking timeout

2021-11-18 12:26:21 - [MESSAGE][INFO] - Finding web element from Test Object's properties

2021-11-18 12:26:21 - [MESSAGE][INFO] - Checking timeout

2021-11-18 12:26:21 - [MESSAGE][INFO] - Finding web element with id: 'Object Repository/Olusturma/Genel/Olusturma/Ekle' located by 'By.cssSelector: #divmalhizmet i.fa.fa-plus.fa-lg.text-muted' in '10' second(s)

2021-11-18 12:26:21 - [MESSAGE][INFO] - Smart Wait Function is triggered

2021-11-18 12:26:22 - [MESSAGE][INFO] - Found 1 web elements with id: 'Object Repository/Olusturma/Genel/Olusturma/Ekle' located by 'By.cssSelector: #divmalhizmet i.fa.fa-plus.fa-lg.text-muted' in '10' second(s)

2021-11-18 12:26:22 - [MESSAGE][PASSED] - Object 'Object Repository/Olusturma/Genel/Olusturma/Ekle' is clickable

2021-11-18 12:26:22 - [TEST_STEP][PASSED] - click(findTestObject("Object Repository/Olusturma/Genel/Olusturma/Ekle")): Object: 'Object Repository/Olusturma/Genel/Olusturma/Ekle' is clicked on

2021-11-18 12:26:22 - [MESSAGE][INFO] - Finding Test Object 'Object Repository/Olusturma/Genel/Olusturma/Ekle'

2021-11-18 12:26:22 - [MESSAGE][INFO] - Checking object

2021-11-18 12:26:22 - [MESSAGE][INFO] - Finding web element from Test Object's properties

2021-11-18 12:26:22 - [MESSAGE][INFO] - Checking timeout

2021-11-18 12:26:22 - [MESSAGE][INFO] - Finding web element with id: 'Object Repository/Olusturma/Genel/Olusturma/Ekle' located by 'By.cssSelector: #divmalhizmet i.fa.fa-plus.fa-lg.text-muted' in '30' second(s)

2021-11-18 12:26:22 - [MESSAGE][INFO] - Smart Wait Function is triggered

2021-11-18 12:26:22 - [MESSAGE][INFO] - Found 1 web elements with id: 'Object Repository/Olusturma/Genel/Olusturma/Ekle' located by 'By.cssSelector: #divmalhizmet i.fa.fa-plus.fa-lg.text-muted' in '30' second(s)

2021-11-18 12:26:22 - [MESSAGE][INFO] - Clicking on object: 'Object Repository/Olusturma/Genel/Olusturma/Ekle'

2021-11-18 12:26:22 - [MESSAGE][PASSED] - Object: 'Object Repository/Olusturma/Genel/Olusturma/Ekle' is clicked on

2021-11-18 12:26:22 - [TEST_STEP][PASSED] - waitForElementClickable(findTestObject("Olusturma/Genel/Olusturma/EklenenSatirCarpiImage"), 10): Object 'Object Repository/Olusturma/Genel/Olusturma/EklenenSatirCarpiImage' is clickable

2021-11-18 12:26:22 - [MESSAGE][INFO] - Finding Test Object 'Object Repository/Olusturma/Genel/Olusturma/EklenenSatirCarpiImage'

2021-11-18 12:26:22 - [MESSAGE][INFO] - Checking object

2021-11-18 12:26:22 - [MESSAGE][INFO] - Checking timeout

2021-11-18 12:26:22 - [MESSAGE][INFO] - Finding web element from Test Object's properties

2021-11-18 12:26:22 - [MESSAGE][INFO] - Checking timeout

2021-11-18 12:26:22 - [MESSAGE][INFO] - Finding web element with id: 'Object Repository/Olusturma/Genel/Olusturma/EklenenSatirCarpiImage' located by 'By.cssSelector: .fa.fa-times.fa-lg.text-primary' in '10' second(s)

2021-11-18 12:26:22 - [MESSAGE][INFO] - Smart Wait Function is triggered

2021-11-18 12:26:22 - [MESSAGE][INFO] - Smart Wait Function is triggered

2021-11-18 12:26:23 - [MESSAGE][INFO] - Smart Wait Function is triggered

2021-11-18 12:26:24 - [MESSAGE][INFO] - Found 1 web elements with id: 'Object Repository/Olusturma/Genel/Olusturma/EklenenSatirCarpiImage' located by 'By.cssSelector: .fa.fa-times.fa-lg.text-primary' in '10' second(s)

2021-11-18 12:26:24 - [MESSAGE][PASSED] - Object 'Object Repository/Olusturma/Genel/Olusturma/EklenenSatirCarpiImage' is clickable

2021-11-18 12:26:24 - [MESSAGE][PASSED] - Call Test Case 'Test Cases/Olusturma/Genel/EkleButonunaBasilir' successfully

2021-11-18 12:26:24 - [MESSAGE][INFO] - Checking called Test Case

2021-11-18 12:26:24 - [MESSAGE][INFO] - Starting to call Test Case 'Test Cases/Olusturma/Genel/Olusturma'

2021-11-18 12:26:24 - [TEST_CASE][PASSED] - Test Cases/Olusturma/Genel/Olusturma: Test Cases/Olusturma/Genel/Olusturma

2021-11-18 12:26:24 - [TEST_STEP][PASSED] - driver = getWebDriver(): null

2021-11-18 12:26:24 - [TEST_STEP][PASSED] - action = new org.openqa.selenium.interactions.Actions(driver): null

2021-11-18 12:26:24 - [TEST_STEP][PASSED] - baslikElement = <not implemented yet for class: org.codehaus.groovy.ast.expr.EmptyExpression>: null

2021-11-18 12:26:24 - [TEST_STEP][PASSED] - sonElement = <not implemented yet for class: org.codehaus.groovy.ast.expr.EmptyExpression>: null

2021-11-18 12:26:24 - [TEST_STEP][PASSED] - attr = <not implemented yet for class: org.codehaus.groovy.ast.expr.EmptyExpression>: null

2021-11-18 12:26:24 - [TEST_STEP][PASSED] - a = 0: null

2021-11-18 12:26:24 - [TEST_STEP][PASSED] - elements = findWebElements(findTestObject("Object Repository/Olusturma/Genel/Olusturma/TabloBasliklari"), 10): Found 7 web elements with id: 'Object Repository/Olusturma/Genel/Olusturma/TabloBasliklari' located by 'By.cssSelector: div#divmalhizmet .dxgvTable_LECustomTheme td.dxgvHeader_LECustomTheme tr>td:nth-child(1)' in '10' second(s)

2021-11-18 12:26:24 - [MESSAGE][INFO] - Finding Test Object 'Object Repository/Olusturma/Genel/Olusturma/TabloBasliklari'

2021-11-18 12:26:24 - [MESSAGE][INFO] - Checking timeout

2021-11-18 12:26:24 - [MESSAGE][INFO] - Finding web element with id: 'Object Repository/Olusturma/Genel/Olusturma/TabloBasliklari' located by 'By.cssSelector: div#divmalhizmet .dxgvTable_LECustomTheme td.dxgvHeader_LECustomTheme tr>td:nth-child(1)' in '10' second(s)

2021-11-18 12:26:24 - [MESSAGE][INFO] - Smart Wait Function is triggered

2021-11-18 12:26:24 - [MESSAGE][INFO] - Found 7 web elements with id: 'Object Repository/Olusturma/Genel/Olusturma/TabloBasliklari' located by 'By.cssSelector: div#divmalhizmet .dxgvTable_LECustomTheme td.dxgvHeader_LECustomTheme tr>td:nth-child(1)' in '10' second(s)

2021-11-18 12:26:24 - [TEST_STEP][PASSED] - for (def element : elements): null

2021-11-18 12:26:24 - [TEST_STEP][PASSED] - build().perform(): null

2021-11-18 12:26:24 - [TEST_STEP][PASSED] - if (getText().equals(Baslik)): null

2021-11-18 12:26:24 - [TEST_STEP][PASSED] - baslikElement = element.findElement(By.xpath("../../../..")): Smart Wait Function is triggered

2021-11-18 12:26:24 - [MESSAGE][INFO] - Smart Wait Function is triggered

2021-11-18 12:26:24 - [TEST_STEP][PASSED] - attr = baslikElement.getAttribute("id"): null

2021-11-18 12:26:24 - [TEST_STEP][PASSED] - println("girdi ve idsini aldı = " + attr): null

2021-11-18 12:26:24 - [TEST_STEP][PASSED] - break: null

2021-11-18 12:26:24 - [TEST_STEP][PASSED] - countElement = baslikElement.findElements(By.xpath("../td")): Smart Wait Function is triggered

2021-11-18 12:26:24 - [MESSAGE][INFO] - Smart Wait Function is triggered

2021-11-18 12:26:25 - [TEST_STEP][PASSED] - for (def element : countElement): null

2021-11-18 12:26:25 - [TEST_STEP][PASSED] - if (toString().equals(attr.toString())): null

2021-11-18 12:26:25 - [TEST_STEP][PASSED] - (a++): null

2021-11-18 12:26:25 - [TEST_STEP][PASSED] - if (toString().equals(attr.toString())): null

2021-11-18 12:26:25 - [TEST_STEP][PASSED] - break: null

2021-11-18 12:26:25 - [TEST_STEP][PASSED] - son = findWebElement(findTestObject("Object Repository/Olusturma/Genel/Olusturma/EklenenSatir")).findElement(By.xpath("td[@class='dxgvInlineEditCell_LECustomTheme dxgv'][" + a + "]//td[@class='dxic']/input")): Smart Wait Function is triggered

2021-11-18 12:26:25 - [MESSAGE][INFO] - Finding Test Object 'Object Repository/Olusturma/Genel/Olusturma/EklenenSatir'

2021-11-18 12:26:25 - [MESSAGE][INFO] - Finding web element from Test Object's properties

2021-11-18 12:26:25 - [MESSAGE][INFO] - Checking timeout

2021-11-18 12:26:25 - [MESSAGE][INFO] - Finding web element with id: 'Object Repository/Olusturma/Genel/Olusturma/EklenenSatir' located by 'By.cssSelector: #divmalhizmet .dxgvInlineEditRow_LECustomTheme' in '30' second(s)

2021-11-18 12:26:25 - [MESSAGE][INFO] - Smart Wait Function is triggered

2021-11-18 12:26:25 - [MESSAGE][INFO] - Found 1 web elements with id: 'Object Repository/Olusturma/Genel/Olusturma/EklenenSatir' located by 'By.cssSelector: #divmalhizmet .dxgvInlineEditRow_LECustomTheme' in '30' second(s)

2021-11-18 12:26:25 - [MESSAGE][INFO] - Smart Wait Function is triggered

2021-11-18 12:26:25 - [TEST_STEP][PASSED] - if (!(getAttribute("value").contains("Vkn"))): null

2021-11-18 12:26:25 - [TEST_STEP][PASSED] - son.clear(): null

2021-11-18 12:26:25 - [TEST_STEP][PASSED] - son.sendKeys(Deger): null

2021-11-18 12:26:26 - [MESSAGE][PASSED] - Call Test Case 'Test Cases/Olusturma/Genel/Olusturma' successfully

2021-11-18 12:26:26 - [MESSAGE][INFO] - Checking called Test Case

2021-11-18 12:26:26 - [MESSAGE][INFO] - Starting to call Test Case 'Test Cases/Olusturma/Genel/Olusturma'

2021-11-18 12:26:26 - [TEST_CASE][PASSED] - Test Cases/Olusturma/Genel/Olusturma: Test Cases/Olusturma/Genel/Olusturma

2021-11-18 12:26:26 - [TEST_STEP][PASSED] - driver = getWebDriver(): null

2021-11-18 12:26:26 - [TEST_STEP][PASSED] - action = new org.openqa.selenium.interactions.Actions(driver): null

2021-11-18 12:26:26 - [TEST_STEP][PASSED] - baslikElement = <not implemented yet for class: org.codehaus.groovy.ast.expr.EmptyExpression>: null

2021-11-18 12:26:26 - [TEST_STEP][PASSED] - sonElement = <not implemented yet for class: org.codehaus.groovy.ast.expr.EmptyExpression>: null

2021-11-18 12:26:26 - [TEST_STEP][PASSED] - attr = <not implemented yet for class: org.codehaus.groovy.ast.expr.EmptyExpression>: null

2021-11-18 12:26:26 - [TEST_STEP][PASSED] - a = 0: null

2021-11-18 12:26:26 - [TEST_STEP][PASSED] - elements = findWebElements(findTestObject("Object Repository/Olusturma/Genel/Olusturma/TabloBasliklari"), 10): Found 7 web elements with id: 'Object Repository/Olusturma/Genel/Olusturma/TabloBasliklari' located by 'By.cssSelector: div#divmalhizmet .dxgvTable_LECustomTheme td.dxgvHeader_LECustomTheme tr>td:nth-child(1)' in '10' second(s)

2021-11-18 12:26:26 - [MESSAGE][INFO] - Finding Test Object 'Object Repository/Olusturma/Genel/Olusturma/TabloBasliklari'

2021-11-18 12:26:26 - [MESSAGE][INFO] - Checking timeout

2021-11-18 12:26:26 - [MESSAGE][INFO] - Finding web element with id: 'Object Repository/Olusturma/Genel/Olusturma/TabloBasliklari' located by 'By.cssSelector: div#divmalhizmet .dxgvTable_LECustomTheme td.dxgvHeader_LECustomTheme tr>td:nth-child(1)' in '10' second(s)

2021-11-18 12:26:26 - [MESSAGE][INFO] - Smart Wait Function is triggered

2021-11-18 12:26:26 - [MESSAGE][INFO] - Found 7 web elements with id: 'Object Repository/Olusturma/Genel/Olusturma/TabloBasliklari' located by 'By.cssSelector: div#divmalhizmet .dxgvTable_LECustomTheme td.dxgvHeader_LECustomTheme tr>td:nth-child(1)' in '10' second(s)

2021-11-18 12:26:26 - [TEST_STEP][PASSED] - for (def element : elements): null

2021-11-18 12:26:26 - [TEST_STEP][PASSED] - build().perform(): null

2021-11-18 12:26:26 - [TEST_STEP][PASSED] - if (getText().equals(Baslik)): null

2021-11-18 12:26:26 - [TEST_STEP][PASSED] - build().perform(): null

2021-11-18 12:26:26 - [TEST_STEP][PASSED] - if (getText().equals(Baslik)): null

2021-11-18 12:26:26 - [TEST_STEP][PASSED] - baslikElement = element.findElement(By.xpath("../../../..")): Smart Wait Function is triggered

2021-11-18 12:26:26 - [MESSAGE][INFO] - Smart Wait Function is triggered

2021-11-18 12:26:27 - [TEST_STEP][PASSED] - attr = baslikElement.getAttribute("id"): null

2021-11-18 12:26:27 - [TEST_STEP][PASSED] - println("girdi ve idsini aldı = " + attr): null

2021-11-18 12:26:27 - [TEST_STEP][PASSED] - break: null

2021-11-18 12:26:27 - [TEST_STEP][PASSED] - countElement = baslikElement.findElements(By.xpath("../td")): Smart Wait Function is triggered

2021-11-18 12:26:27 - [MESSAGE][INFO] - Smart Wait Function is triggered

2021-11-18 12:26:27 - [TEST_STEP][PASSED] - for (def element : countElement): null

2021-11-18 12:26:27 - [TEST_STEP][PASSED] - if (toString().equals(attr.toString())): null

2021-11-18 12:26:27 - [TEST_STEP][PASSED] - (a++): null

2021-11-18 12:26:27 - [TEST_STEP][PASSED] - if (toString().equals(attr.toString())): null

2021-11-18 12:26:27 - [TEST_STEP][PASSED] - (a++): null

2021-11-18 12:26:27 - [TEST_STEP][PASSED] - if (toString().equals(attr.toString())): null

2021-11-18 12:26:27 - [TEST_STEP][PASSED] - break: null

2021-11-18 12:26:27 - [TEST_STEP][PASSED] - son = findWebElement(findTestObject("Object Repository/Olusturma/Genel/Olusturma/EklenenSatir")).findElement(By.xpath("td[@class='dxgvInlineEditCell_LECustomTheme dxgv'][" + a + "]//td[@class='dxic']/input")): Smart Wait Function is triggered

2021-11-18 12:26:27 - [MESSAGE][INFO] - Finding Test Object 'Object Repository/Olusturma/Genel/Olusturma/EklenenSatir'

2021-11-18 12:26:27 - [MESSAGE][INFO] - Finding web element from Test Object's properties

2021-11-18 12:26:27 - [MESSAGE][INFO] - Checking timeout

2021-11-18 12:26:27 - [MESSAGE][INFO] - Finding web element with id: 'Object Repository/Olusturma/Genel/Olusturma/EklenenSatir' located by 'By.cssSelector: #divmalhizmet .dxgvInlineEditRow_LECustomTheme' in '30' second(s)

2021-11-18 12:26:27 - [MESSAGE][INFO] - Smart Wait Function is triggered

2021-11-18 12:26:27 - [MESSAGE][INFO] - Found 1 web elements with id: 'Object Repository/Olusturma/Genel/Olusturma/EklenenSatir' located by 'By.cssSelector: #divmalhizmet .dxgvInlineEditRow_LECustomTheme' in '30' second(s)

2021-11-18 12:26:27 - [MESSAGE][INFO] - Smart Wait Function is triggered

2021-11-18 12:26:28 - [TEST_STEP][PASSED] - if (!(getAttribute("value").contains("Vkn"))): null

2021-11-18 12:26:28 - [TEST_STEP][PASSED] - son.clear(): null

2021-11-18 12:26:28 - [TEST_STEP][PASSED] - son.sendKeys(Deger): null

2021-11-18 12:26:28 - [MESSAGE][PASSED] - Call Test Case 'Test Cases/Olusturma/Genel/Olusturma' successfully

2021-11-18 12:26:28 - [MESSAGE][INFO] - Checking called Test Case

2021-11-18 12:26:28 - [MESSAGE][INFO] - Starting to call Test Case 'Test Cases/Olusturma/Genel/Olusturma'

2021-11-18 12:26:28 - [TEST_CASE][PASSED] - Test Cases/Olusturma/Genel/Olusturma: Test Cases/Olusturma/Genel/Olusturma

2021-11-18 12:26:28 - [TEST_STEP][PASSED] - driver = getWebDriver(): null

2021-11-18 12:26:28 - [TEST_STEP][PASSED] - action = new org.openqa.selenium.interactions.Actions(driver): null

2021-11-18 12:26:28 - [TEST_STEP][PASSED] - baslikElement = <not implemented yet for class: org.codehaus.groovy.ast.expr.EmptyExpression>: null

2021-11-18 12:26:28 - [TEST_STEP][PASSED] - sonElement = <not implemented yet for class: org.codehaus.groovy.ast.expr.EmptyExpression>: null

2021-11-18 12:26:28 - [TEST_STEP][PASSED] - attr = <not implemented yet for class: org.codehaus.groovy.ast.expr.EmptyExpression>: null

2021-11-18 12:26:28 - [TEST_STEP][PASSED] - a = 0: null

2021-11-18 12:26:28 - [TEST_STEP][PASSED] - elements = findWebElements(findTestObject("Object Repository/Olusturma/Genel/Olusturma/TabloBasliklari"), 10): Found 7 web elements with id: 'Object Repository/Olusturma/Genel/Olusturma/TabloBasliklari' located by 'By.cssSelector: div#divmalhizmet .dxgvTable_LECustomTheme td.dxgvHeader_LECustomTheme tr>td:nth-child(1)' in '10' second(s)

2021-11-18 12:26:28 - [MESSAGE][INFO] - Finding Test Object 'Object Repository/Olusturma/Genel/Olusturma/TabloBasliklari'

2021-11-18 12:26:28 - [MESSAGE][INFO] - Checking timeout

2021-11-18 12:26:28 - [MESSAGE][INFO] - Finding web element with id: 'Object Repository/Olusturma/Genel/Olusturma/TabloBasliklari' located by 'By.cssSelector: div#divmalhizmet .dxgvTable_LECustomTheme td.dxgvHeader_LECustomTheme tr>td:nth-child(1)' in '10' second(s)

2021-11-18 12:26:28 - [MESSAGE][INFO] - Smart Wait Function is triggered

2021-11-18 12:26:28 - [MESSAGE][INFO] - Found 7 web elements with id: 'Object Repository/Olusturma/Genel/Olusturma/TabloBasliklari' located by 'By.cssSelector: div#divmalhizmet .dxgvTable_LECustomTheme td.dxgvHeader_LECustomTheme tr>td:nth-child(1)' in '10' second(s)

2021-11-18 12:26:28 - [TEST_STEP][PASSED] - for (def element : elements): null

2021-11-18 12:26:28 - [TEST_STEP][PASSED] - build().perform(): null

2021-11-18 12:26:28 - [TEST_STEP][PASSED] - if (getText().equals(Baslik)): null

2021-11-18 12:26:28 - [TEST_STEP][PASSED] - build().perform(): null

2021-11-18 12:26:28 - [TEST_STEP][PASSED] - if (getText().equals(Baslik)): null

2021-11-18 12:26:28 - [TEST_STEP][PASSED] - build().perform(): null

2021-11-18 12:26:29 - [TEST_STEP][PASSED] - if (getText().equals(Baslik)): null

2021-11-18 12:26:29 - [TEST_STEP][PASSED] - build().perform(): null

2021-11-18 12:26:29 - [TEST_STEP][PASSED] - if (getText().equals(Baslik)): null

2021-11-18 12:26:29 - [TEST_STEP][PASSED] - baslikElement = element.findElement(By.xpath("../../../..")): Smart Wait Function is triggered

2021-11-18 12:26:29 - [MESSAGE][INFO] - Smart Wait Function is triggered

2021-11-18 12:26:29 - [TEST_STEP][PASSED] - attr = baslikElement.getAttribute("id"): null

2021-11-18 12:26:29 - [TEST_STEP][PASSED] - println("girdi ve idsini aldı = " + attr): null

2021-11-18 12:26:29 - [TEST_STEP][PASSED] - break: null

2021-11-18 12:26:29 - [TEST_STEP][PASSED] - countElement = baslikElement.findElements(By.xpath("../td")): Smart Wait Function is triggered

2021-11-18 12:26:29 - [MESSAGE][INFO] - Smart Wait Function is triggered

2021-11-18 12:26:29 - [TEST_STEP][PASSED] - for (def element : countElement): null

2021-11-18 12:26:29 - [TEST_STEP][PASSED] - if (toString().equals(attr.toString())): null

2021-11-18 12:26:29 - [TEST_STEP][PASSED] - (a++): null

2021-11-18 12:26:29 - [TEST_STEP][PASSED] - if (toString().equals(attr.toString())): null

2021-11-18 12:26:29 - [TEST_STEP][PASSED] - (a++): null

2021-11-18 12:26:29 - [TEST_STEP][PASSED] - if (toString().equals(attr.toString())): null

2021-11-18 12:26:29 - [TEST_STEP][PASSED] - (a++): null

2021-11-18 12:26:29 - [TEST_STEP][PASSED] - if (toString().equals(attr.toString())): null

2021-11-18 12:26:29 - [TEST_STEP][PASSED] - (a++): null

2021-11-18 12:26:29 - [TEST_STEP][PASSED] - if (toString().equals(attr.toString())): null

2021-11-18 12:26:29 - [TEST_STEP][PASSED] - break: null

2021-11-18 12:26:29 - [TEST_STEP][PASSED] - son = findWebElement(findTestObject("Object Repository/Olusturma/Genel/Olusturma/EklenenSatir")).findElement(By.xpath("td[@class='dxgvInlineEditCell_LECustomTheme dxgv'][" + a + "]//td[@class='dxic']/input")): Smart Wait Function is triggered

2021-11-18 12:26:29 - [MESSAGE][INFO] - Finding Test Object 'Object Repository/Olusturma/Genel/Olusturma/EklenenSatir'

2021-11-18 12:26:30 - [MESSAGE][INFO] - Finding web element from Test Object's properties

2021-11-18 12:26:30 - [MESSAGE][INFO] - Checking timeout

2021-11-18 12:26:30 - [MESSAGE][INFO] - Finding web element with id: 'Object Repository/Olusturma/Genel/Olusturma/EklenenSatir' located by 'By.cssSelector: #divmalhizmet .dxgvInlineEditRow_LECustomTheme' in '30' second(s)

2021-11-18 12:26:30 - [MESSAGE][INFO] - Smart Wait Function is triggered

2021-11-18 12:26:30 - [MESSAGE][INFO] - Found 1 web elements with id: 'Object Repository/Olusturma/Genel/Olusturma/EklenenSatir' located by 'By.cssSelector: #divmalhizmet .dxgvInlineEditRow_LECustomTheme' in '30' second(s)

2021-11-18 12:26:30 - [MESSAGE][INFO] - Smart Wait Function is triggered

2021-11-18 12:26:30 - [TEST_STEP][PASSED] - if (!(getAttribute("value").contains("Vkn"))): null

2021-11-18 12:26:30 - [TEST_STEP][PASSED] - son.clear(): null

2021-11-18 12:26:30 - [TEST_STEP][PASSED] - son.sendKeys(Deger): null

2021-11-18 12:26:30 - [MESSAGE][PASSED] - Call Test Case 'Test Cases/Olusturma/Genel/Olusturma' successfully

2021-11-18 12:26:30 - [MESSAGE][INFO] - Checking called Test Case

2021-11-18 12:26:30 - [MESSAGE][INFO] - Starting to call Test Case 'Test Cases/Olusturma/Genel/Olusturma'

2021-11-18 12:26:30 - [TEST_CASE][PASSED] - Test Cases/Olusturma/Genel/Olusturma: Test Cases/Olusturma/Genel/Olusturma

2021-11-18 12:26:30 - [TEST_STEP][PASSED] - driver = getWebDriver(): null

2021-11-18 12:26:30 - [TEST_STEP][PASSED] - action = new org.openqa.selenium.interactions.Actions(driver): null

2021-11-18 12:26:30 - [TEST_STEP][PASSED] - baslikElement = <not implemented yet for class: org.codehaus.groovy.ast.expr.EmptyExpression>: null

2021-11-18 12:26:30 - [TEST_STEP][PASSED] - sonElement = <not implemented yet for class: org.codehaus.groovy.ast.expr.EmptyExpression>: null

2021-11-18 12:26:30 - [TEST_STEP][PASSED] - attr = <not implemented yet for class: org.codehaus.groovy.ast.expr.EmptyExpression>: null

2021-11-18 12:26:30 - [TEST_STEP][PASSED] - a = 0: null

2021-11-18 12:26:30 - [TEST_STEP][PASSED] - elements = findWebElements(findTestObject("Object Repository/Olusturma/Genel/Olusturma/TabloBasliklari"), 10): Found 7 web elements with id: 'Object Repository/Olusturma/Genel/Olusturma/TabloBasliklari' located by 'By.cssSelector: div#divmalhizmet .dxgvTable_LECustomTheme td.dxgvHeader_LECustomTheme tr>td:nth-child(1)' in '10' second(s)

2021-11-18 12:26:30 - [MESSAGE][INFO] - Finding Test Object 'Object Repository/Olusturma/Genel/Olusturma/TabloBasliklari'

2021-11-18 12:26:30 - [MESSAGE][INFO] - Checking timeout

2021-11-18 12:26:30 - [MESSAGE][INFO] - Finding web element with id: 'Object Repository/Olusturma/Genel/Olusturma/TabloBasliklari' located by 'By.cssSelector: div#divmalhizmet .dxgvTable_LECustomTheme td.dxgvHeader_LECustomTheme tr>td:nth-child(1)' in '10' second(s)

2021-11-18 12:26:30 - [MESSAGE][INFO] - Smart Wait Function is triggered

2021-11-18 12:26:31 - [MESSAGE][INFO] - Found 7 web elements with id: 'Object Repository/Olusturma/Genel/Olusturma/TabloBasliklari' located by 'By.cssSelector: div#divmalhizmet .dxgvTable_LECustomTheme td.dxgvHeader_LECustomTheme tr>td:nth-child(1)' in '10' second(s)

2021-11-18 12:26:31 - [TEST_STEP][PASSED] - for (def element : elements): null

2021-11-18 12:26:31 - [TEST_STEP][PASSED] - build().perform(): null

2021-11-18 12:26:31 - [TEST_STEP][PASSED] - if (getText().equals(Baslik)): null

2021-11-18 12:26:31 - [TEST_STEP][PASSED] - build().perform(): null

2021-11-18 12:26:31 - [TEST_STEP][PASSED] - if (getText().equals(Baslik)): null

2021-11-18 12:26:31 - [TEST_STEP][PASSED] - build().perform(): null

2021-11-18 12:26:31 - [TEST_STEP][PASSED] - if (getText().equals(Baslik)): null

2021-11-18 12:26:31 - [TEST_STEP][PASSED] - build().perform(): null

2021-11-18 12:26:31 - [TEST_STEP][PASSED] - if (getText().equals(Baslik)): null

2021-11-18 12:26:31 - [TEST_STEP][PASSED] - build().perform(): null

2021-11-18 12:26:31 - [TEST_STEP][PASSED] - if (getText().equals(Baslik)): null

2021-11-18 12:26:31 - [TEST_STEP][PASSED] - build().perform(): null

2021-11-18 12:26:32 - [TEST_STEP][PASSED] - if (getText().equals(Baslik)): null

2021-11-18 12:26:32 - [TEST_STEP][PASSED] - baslikElement = element.findElement(By.xpath("../../../..")): Smart Wait Function is triggered

2021-11-18 12:26:32 - [MESSAGE][INFO] - Smart Wait Function is triggered

2021-11-18 12:26:32 - [TEST_STEP][PASSED] - attr = baslikElement.getAttribute("id"): null

2021-11-18 12:26:32 - [TEST_STEP][PASSED] - println("girdi ve idsini aldı = " + attr): null

2021-11-18 12:26:32 - [TEST_STEP][PASSED] - break: null

2021-11-18 12:26:32 - [TEST_STEP][PASSED] - countElement = baslikElement.findElements(By.xpath("../td")): Smart Wait Function is triggered

2021-11-18 12:26:32 - [MESSAGE][INFO] - Smart Wait Function is triggered

2021-11-18 12:26:32 - [TEST_STEP][PASSED] - for (def element : countElement): null

2021-11-18 12:26:32 - [TEST_STEP][PASSED] - if (toString().equals(attr.toString())): null

2021-11-18 12:26:32 - [TEST_STEP][PASSED] - (a++): null

2021-11-18 12:26:32 - [TEST_STEP][PASSED] - if (toString().equals(attr.toString())): null

2021-11-18 12:26:32 - [TEST_STEP][PASSED] - (a++): null

2021-11-18 12:26:32 - [TEST_STEP][PASSED] - if (toString().equals(attr.toString())): null

2021-11-18 12:26:32 - [TEST_STEP][PASSED] - (a++): null

2021-11-18 12:26:32 - [TEST_STEP][PASSED] - if (toString().equals(attr.toString())): null

2021-11-18 12:26:32 - [TEST_STEP][PASSED] - (a++): null

2021-11-18 12:26:32 - [TEST_STEP][PASSED] - if (toString().equals(attr.toString())): null

2021-11-18 12:26:32 - [TEST_STEP][PASSED] - (a++): null

2021-11-18 12:26:32 - [TEST_STEP][PASSED] - if (toString().equals(attr.toString())): null

2021-11-18 12:26:32 - [TEST_STEP][PASSED] - (a++): null

2021-11-18 12:26:32 - [TEST_STEP][PASSED] - if (toString().equals(attr.toString())): null

2021-11-18 12:26:32 - [TEST_STEP][PASSED] - break: null

2021-11-18 12:26:32 - [TEST_STEP][PASSED] - son = findWebElement(findTestObject("Object Repository/Olusturma/Genel/Olusturma/EklenenSatir")).findElement(By.xpath("td[@class='dxgvInlineEditCell_LECustomTheme dxgv'][" + a + "]//td[@class='dxic']/input")): Smart Wait Function is triggered

2021-11-18 12:26:32 - [MESSAGE][INFO] - Finding Test Object 'Object Repository/Olusturma/Genel/Olusturma/EklenenSatir'

2021-11-18 12:26:32 - [MESSAGE][INFO] - Finding web element from Test Object's properties

2021-11-18 12:26:32 - [MESSAGE][INFO] - Checking timeout

2021-11-18 12:26:32 - [MESSAGE][INFO] - Finding web element with id: 'Object Repository/Olusturma/Genel/Olusturma/EklenenSatir' located by 'By.cssSelector: #divmalhizmet .dxgvInlineEditRow_LECustomTheme' in '30' second(s)

2021-11-18 12:26:32 - [MESSAGE][INFO] - Smart Wait Function is triggered

2021-11-18 12:26:33 - [MESSAGE][INFO] - Found 1 web elements with id: 'Object Repository/Olusturma/Genel/Olusturma/EklenenSatir' located by 'By.cssSelector: #divmalhizmet .dxgvInlineEditRow_LECustomTheme' in '30' second(s)

2021-11-18 12:26:33 - [MESSAGE][INFO] - Smart Wait Function is triggered

2021-11-18 12:26:33 - [TEST_STEP][PASSED] - if (!(getAttribute("value").contains("Vkn"))): null

2021-11-18 12:26:33 - [TEST_STEP][PASSED] - son.clear(): null

2021-11-18 12:26:33 - [TEST_STEP][PASSED] - son.sendKeys(Deger): null

2021-11-18 12:26:33 - [MESSAGE][PASSED] - Call Test Case 'Test Cases/Olusturma/Genel/Olusturma' successfully

2021-11-18 12:26:33 - [MESSAGE][INFO] - Checking called Test Case

2021-11-18 12:26:33 - [MESSAGE][INFO] - Starting to call Test Case 'Test Cases/Olusturma/Genel/NotGirilir'

2021-11-18 12:26:33 - [TEST_CASE][PASSED] - Test Cases/Olusturma/Genel/NotGirilir: Test Cases/Olusturma/Genel/NotGirilir

2021-11-18 12:26:33 - [TEST_STEP][PASSED] - i = 0: null

2021-11-18 12:26:33 - [TEST_STEP][PASSED] - waitForElementClickable(findTestObject("Olusturma/Genel/Not/Notlar"), 10): Object 'Object Repository/Olusturma/Genel/Not/Notlar' is clickable

2021-11-18 12:26:33 - [MESSAGE][INFO] - Finding Test Object 'Object Repository/Olusturma/Genel/Not/Notlar'

2021-11-18 12:26:33 - [MESSAGE][INFO] - Checking object

2021-11-18 12:26:33 - [MESSAGE][INFO] - Checking timeout

2021-11-18 12:26:33 - [MESSAGE][INFO] - Finding web element from Test Object's properties

2021-11-18 12:26:33 - [MESSAGE][INFO] - Checking timeout

2021-11-18 12:26:33 - [MESSAGE][INFO] - Finding web element with id: 'Object Repository/Olusturma/Genel/Not/Notlar' located by 'By.xpath: //*[@id = 'txtNote_I']' in '10' second(s)

2021-11-18 12:26:33 - [MESSAGE][INFO] - Smart Wait Function is triggered

2021-11-18 12:26:33 - [MESSAGE][INFO] - Found 1 web elements with id: 'Object Repository/Olusturma/Genel/Not/Notlar' located by 'By.xpath: //*[@id = 'txtNote_I']' in '10' second(s)

2021-11-18 12:26:33 - [MESSAGE][PASSED] - Object 'Object Repository/Olusturma/Genel/Not/Notlar' is clickable

2021-11-18 12:26:33 - [TEST_STEP][PASSED] - clearText(findTestObject("Olusturma/Genel/Not/Notlar")): Text of object 'Object Repository/Olusturma/Genel/Not/Notlar' is cleared

2021-11-18 12:26:33 - [MESSAGE][INFO] - Finding Test Object 'Object Repository/Olusturma/Genel/Not/Notlar'

2021-11-18 12:26:34 - [MESSAGE][INFO] - Checking object

2021-11-18 12:26:34 - [MESSAGE][INFO] - Finding web element from Test Object's properties

2021-11-18 12:26:34 - [MESSAGE][INFO] - Checking timeout

2021-11-18 12:26:34 - [MESSAGE][INFO] - Finding web element with id: 'Object Repository/Olusturma/Genel/Not/Notlar' located by 'By.xpath: //*[@id = 'txtNote_I']' in '30' second(s)

2021-11-18 12:26:34 - [MESSAGE][INFO] - Smart Wait Function is triggered

2021-11-18 12:26:34 - [MESSAGE][INFO] - Found 1 web elements with id: 'Object Repository/Olusturma/Genel/Not/Notlar' located by 'By.xpath: //*[@id = 'txtNote_I']' in '30' second(s)

2021-11-18 12:26:34 - [MESSAGE][INFO] - Clearing text of object 'Object Repository/Olusturma/Genel/Not/Notlar'

2021-11-18 12:26:34 - [MESSAGE][PASSED] - Text of object 'Object Repository/Olusturma/Genel/Not/Notlar' is cleared

2021-11-18 12:26:34 - [TEST_STEP][PASSED] - click(findTestObject("Olusturma/Genel/Not/Notlar")): Object: 'Object Repository/Olusturma/Genel/Not/Notlar' is clicked on

2021-11-18 12:26:34 - [MESSAGE][INFO] - Finding Test Object 'Object Repository/Olusturma/Genel/Not/Notlar'

2021-11-18 12:26:34 - [MESSAGE][INFO] - Checking object

2021-11-18 12:26:34 - [MESSAGE][INFO] - Finding web element from Test Object's properties

2021-11-18 12:26:34 - [MESSAGE][INFO] - Checking timeout

2021-11-18 12:26:34 - [MESSAGE][INFO] - Finding web element with id: 'Object Repository/Olusturma/Genel/Not/Notlar' located by 'By.xpath: //*[@id = 'txtNote_I']' in '30' second(s)

2021-11-18 12:26:34 - [MESSAGE][INFO] - Smart Wait Function is triggered

2021-11-18 12:26:34 - [MESSAGE][INFO] - Found 1 web elements with id: 'Object Repository/Olusturma/Genel/Not/Notlar' located by 'By.xpath: //*[@id = 'txtNote_I']' in '30' second(s)

2021-11-18 12:26:34 - [MESSAGE][INFO] - Clicking on object: 'Object Repository/Olusturma/Genel/Not/Notlar'

2021-11-18 12:26:34 - [MESSAGE][PASSED] - Object: 'Object Repository/Olusturma/Genel/Not/Notlar' is clicked on

2021-11-18 12:26:34 - [TEST_STEP][PASSED] - while (true): null

2021-11-18 12:26:34 - [TEST_STEP][PASSED] - delay(1): Delayed 1 second(s)

2021-11-18 12:26:34 - [MESSAGE][INFO] - Delaying browser in 1 second(s)

2021-11-18 12:26:35 - [MESSAGE][PASSED] - Delayed 1 second(s)

2021-11-18 12:26:35 - [TEST_STEP][PASSED] - ajaxIsComplete = executeJavaScript("return jQuery.active == 0", null): Execute JavaScript 'return jQuery.active == 0' successfully

2021-11-18 12:26:35 - [MESSAGE][PASSED] - Execute JavaScript 'return jQuery.active == 0' successfully

2021-11-18 12:26:35 - [TEST_STEP][PASSED] - if (ajaxIsComplete): null

2021-11-18 12:26:35 - [TEST_STEP][PASSED] - break: null

2021-11-18 12:26:35 - [TEST_STEP][PASSED] - sendKeys(findTestObject("Olusturma/Genel/Not/Notlar"), Not): Keys 'Otomasyon Not' sent to object: 'Object Repository/Olusturma/Genel/Not/Notlar'

2021-11-18 12:26:35 - [MESSAGE][INFO] - Finding Test Object 'Object Repository/Olusturma/Genel/Not/Notlar'

2021-11-18 12:26:35 - [MESSAGE][INFO] - Sending keys 'Otomasyon Not' to object: 'Object Repository/Olusturma/Genel/Not/Notlar'

2021-11-18 12:26:35 - [MESSAGE][INFO] - Finding web element from Test Object's properties

2021-11-18 12:26:35 - [MESSAGE][INFO] - Checking timeout

2021-11-18 12:26:35 - [MESSAGE][INFO] - Finding web element with id: 'Object Repository/Olusturma/Genel/Not/Notlar' located by 'By.xpath: //*[@id = 'txtNote_I']' in '30' second(s)

2021-11-18 12:26:35 - [MESSAGE][INFO] - Smart Wait Function is triggered

2021-11-18 12:26:36 - [MESSAGE][INFO] - Found 1 web elements with id: 'Object Repository/Olusturma/Genel/Not/Notlar' located by 'By.xpath: //*[@id = 'txtNote_I']' in '30' second(s)

2021-11-18 12:26:36 - [MESSAGE][PASSED] - Keys 'Otomasyon Not' sent to object: 'Object Repository/Olusturma/Genel/Not/Notlar'

2021-11-18 12:26:36 - [MESSAGE][PASSED] - Call Test Case 'Test Cases/Olusturma/Genel/NotGirilir' successfully

2021-11-18 12:26:36 - [MESSAGE][INFO] - Checking called Test Case

2021-11-18 12:26:36 - [MESSAGE][INFO] - Starting to call Test Case 'Test Cases/Olusturma/Genel/EttnBilgisiKayitEdilir'

2021-11-18 12:26:36 - [TEST_CASE][PASSED] - Test Cases/Olusturma/Genel/EttnBilgisiKayitEdilir: Test Cases/Olusturma/Genel/EttnBilgisiKayitEdilir

2021-11-18 12:26:36 - [TEST_STEP][PASSED] - verifyElementPresent(findTestObject("Object Repository/Olusturma/Genel/Olusturma/eArsivEttnBilgisi"), 7): Object 'Object Repository/Olusturma/Genel/Olusturma/eArsivEttnBilgisi' is present

2021-11-18 12:26:36 - [MESSAGE][INFO] - Finding Test Object 'Object Repository/Olusturma/Genel/Olusturma/eArsivEttnBilgisi'

2021-11-18 12:26:36 - [MESSAGE][INFO] - Checking object

2021-11-18 12:26:36 - [MESSAGE][INFO] - Finding web element from Test Object's properties

2021-11-18 12:26:36 - [MESSAGE][INFO] - Checking timeout

2021-11-18 12:26:36 - [MESSAGE][INFO] - Finding web element with id: 'Object Repository/Olusturma/Genel/Olusturma/eArsivEttnBilgisi' located by 'By.xpath: //*[@id = 'Uuid_I']' in '7' second(s)

2021-11-18 12:26:36 - [MESSAGE][INFO] - Smart Wait Function is triggered

2021-11-18 12:26:36 - [MESSAGE][INFO] - Found 1 web elements with id: 'Object Repository/Olusturma/Genel/Olusturma/eArsivEttnBilgisi' located by 'By.xpath: //*[@id = 'Uuid_I']' in '7' second(s)

2021-11-18 12:26:36 - [MESSAGE][PASSED] - Object 'Object Repository/Olusturma/Genel/Olusturma/eArsivEttnBilgisi' is present

2021-11-18 12:26:36 - [TEST_STEP][PASSED] - ettn = getAttribute(findTestObject("Object Repository/Olusturma/Genel/Olusturma/eArsivEttnBilgisi"), "value"): Attribute 'value' of object 'Object Repository/Olusturma/Genel/Olusturma/eArsivEttnBilgisi' is: '040c4397-e06a-417e-87b6-9bbb78f3fdbf'

2021-11-18 12:26:36 - [MESSAGE][INFO] - Finding Test Object 'Object Repository/Olusturma/Genel/Olusturma/eArsivEttnBilgisi'

2021-11-18 12:26:36 - [MESSAGE][INFO] - Checking object

2021-11-18 12:26:36 - [MESSAGE][INFO] - Checking attribute

2021-11-18 12:26:36 - [MESSAGE][INFO] - Finding web element from Test Object's properties

2021-11-18 12:26:36 - [MESSAGE][INFO] - Checking timeout

2021-11-18 12:26:36 - [MESSAGE][INFO] - Finding web element with id: 'Object Repository/Olusturma/Genel/Olusturma/eArsivEttnBilgisi' located by 'By.xpath: //*[@id = 'Uuid_I']' in '30' second(s)

2021-11-18 12:26:36 - [MESSAGE][INFO] - Smart Wait Function is triggered

2021-11-18 12:26:37 - [MESSAGE][INFO] - Found 1 web elements with id: 'Object Repository/Olusturma/Genel/Olusturma/eArsivEttnBilgisi' located by 'By.xpath: //*[@id = 'Uuid_I']' in '30' second(s)

2021-11-18 12:26:37 - [MESSAGE][INFO] - Getting attribute 'value' of object 'Object Repository/Olusturma/Genel/Olusturma/eArsivEttnBilgisi'

2021-11-18 12:26:37 - [MESSAGE][PASSED] - Attribute 'value' of object 'Object Repository/Olusturma/Genel/Olusturma/eArsivEttnBilgisi' is: '040c4397-e06a-417e-87b6-9bbb78f3fdbf'

2021-11-18 12:26:37 - [MESSAGE][PASSED] - Call Test Case 'Test Cases/Olusturma/Genel/EttnBilgisiKayitEdilir' successfully

2021-11-18 12:26:37 - [MESSAGE][INFO] - Checking called Test Case

2021-11-18 12:26:37 - [MESSAGE][INFO] - Starting to call Test Case 'Test Cases/Olusturma/Genel/KaydetButonunaTiklanir'

2021-11-18 12:26:37 - [TEST_CASE][PASSED] - Test Cases/Olusturma/Genel/KaydetButonunaTiklanir: Test Cases/Olusturma/Genel/KaydetButonunaTiklanir

2021-11-18 12:26:37 - [TEST_STEP][PASSED] - i = 0: null

2021-11-18 12:26:37 - [TEST_STEP][PASSED] - waitForElementPresent(findTestObject("Olusturma/Genel/Not/Notlar"), 10): Object 'Object Repository/Olusturma/Genel/Not/Notlar' is present

2021-11-18 12:26:37 - [MESSAGE][INFO] - Finding Test Object 'Object Repository/Olusturma/Genel/Not/Notlar'

2021-11-18 12:26:37 - [MESSAGE][INFO] - Checking object

2021-11-18 12:26:37 - [MESSAGE][INFO] - Finding web element from Test Object's properties

2021-11-18 12:26:37 - [MESSAGE][INFO] - Checking timeout

2021-11-18 12:26:37 - [MESSAGE][INFO] - Finding web element with id: 'Object Repository/Olusturma/Genel/Not/Notlar' located by 'By.xpath: //*[@id = 'txtNote_I']' in '10' second(s)

2021-11-18 12:26:37 - [MESSAGE][INFO] - Smart Wait Function is triggered

2021-11-18 12:26:37 - [MESSAGE][INFO] - Found 1 web elements with id: 'Object Repository/Olusturma/Genel/Not/Notlar' located by 'By.xpath: //*[@id = 'txtNote_I']' in '10' second(s)

2021-11-18 12:26:37 - [MESSAGE][PASSED] - Object 'Object Repository/Olusturma/Genel/Not/Notlar' is present

2021-11-18 12:26:37 - [TEST_STEP][PASSED] - click(findTestObject("Olusturma/Genel/Not/Notlar")): Object: 'Object Repository/Olusturma/Genel/Not/Notlar' is clicked on

2021-11-18 12:26:37 - [MESSAGE][INFO] - Finding Test Object 'Object Repository/Olusturma/Genel/Not/Notlar'

2021-11-18 12:26:37 - [MESSAGE][INFO] - Checking object

2021-11-18 12:26:37 - [MESSAGE][INFO] - Finding web element from Test Object's properties

2021-11-18 12:26:37 - [MESSAGE][INFO] - Checking timeout

2021-11-18 12:26:37 - [MESSAGE][INFO] - Finding web element with id: 'Object Repository/Olusturma/Genel/Not/Notlar' located by 'By.xpath: //*[@id = 'txtNote_I']' in '30' second(s)

2021-11-18 12:26:37 - [MESSAGE][INFO] - Smart Wait Function is triggered

2021-11-18 12:26:37 - [MESSAGE][INFO] - Found 1 web elements with id: 'Object Repository/Olusturma/Genel/Not/Notlar' located by 'By.xpath: //*[@id = 'txtNote_I']' in '30' second(s)

2021-11-18 12:26:37 - [MESSAGE][INFO] - Clicking on object: 'Object Repository/Olusturma/Genel/Not/Notlar'

2021-11-18 12:26:37 - [MESSAGE][PASSED] - Object: 'Object Repository/Olusturma/Genel/Not/Notlar' is clicked on

2021-11-18 12:26:37 - [TEST_STEP][PASSED] - while (true): null

2021-11-18 12:26:37 - [TEST_STEP][PASSED] - delay(1): Delayed 1 second(s)

2021-11-18 12:26:37 - [MESSAGE][INFO] - Delaying browser in 1 second(s)

2021-11-18 12:26:38 - [MESSAGE][PASSED] - Delayed 1 second(s)

2021-11-18 12:26:38 - [TEST_STEP][PASSED] - ajaxIsComplete = executeJavaScript("return jQuery.active == 0", null): Execute JavaScript 'return jQuery.active == 0' successfully

2021-11-18 12:26:38 - [MESSAGE][PASSED] - Execute JavaScript 'return jQuery.active == 0' successfully

2021-11-18 12:26:38 - [TEST_STEP][PASSED] - if (ajaxIsComplete): null

2021-11-18 12:26:38 - [TEST_STEP][PASSED] - break: null

2021-11-18 12:26:38 - [TEST_STEP][PASSED] - waitForElementClickable(findTestObject("Object Repository/Olusturma/Genel/Buton"), 10): Object 'Object Repository/Olusturma/Genel/Buton' is clickable

2021-11-18 12:26:38 - [MESSAGE][INFO] - Finding Test Object 'Object Repository/Olusturma/Genel/Buton'

2021-11-18 12:26:38 - [MESSAGE][INFO] - Checking object

2021-11-18 12:26:38 - [MESSAGE][INFO] - Checking timeout

2021-11-18 12:26:38 - [MESSAGE][INFO] - Finding web element from Test Object's properties

2021-11-18 12:26:38 - [MESSAGE][INFO] - Checking timeout

2021-11-18 12:26:38 - [MESSAGE][INFO] - Finding web element with id: 'Object Repository/Olusturma/Genel/Buton' located by 'By.xpath: //*[@id = 'btnKaydet']' in '10' second(s)

2021-11-18 12:26:38 - [MESSAGE][INFO] - Smart Wait Function is triggered

2021-11-18 12:26:39 - [MESSAGE][INFO] - Found 1 web elements with id: 'Object Repository/Olusturma/Genel/Buton' located by 'By.xpath: //*[@id = 'btnKaydet']' in '10' second(s)

2021-11-18 12:26:39 - [MESSAGE][PASSED] - Object 'Object Repository/Olusturma/Genel/Buton' is clickable

2021-11-18 12:26:39 - [TEST_STEP][PASSED] - click(findTestObject("Object Repository/Olusturma/Genel/Buton")): Object: 'Object Repository/Olusturma/Genel/Buton' is clicked on

2021-11-18 12:26:39 - [MESSAGE][INFO] - Finding Test Object 'Object Repository/Olusturma/Genel/Buton'

2021-11-18 12:26:39 - [MESSAGE][INFO] - Checking object

2021-11-18 12:26:39 - [MESSAGE][INFO] - Finding web element from Test Object's properties

2021-11-18 12:26:39 - [MESSAGE][INFO] - Checking timeout

2021-11-18 12:26:39 - [MESSAGE][INFO] - Finding web element with id: 'Object Repository/Olusturma/Genel/Buton' located by 'By.xpath: //*[@id = 'btnKaydet']' in '30' second(s)

2021-11-18 12:26:39 - [MESSAGE][INFO] - Smart Wait Function is triggered

2021-11-18 12:26:39 - [MESSAGE][INFO] - Found 1 web elements with id: 'Object Repository/Olusturma/Genel/Buton' located by 'By.xpath: //*[@id = 'btnKaydet']' in '30' second(s)

2021-11-18 12:26:39 - [MESSAGE][INFO] - Clicking on object: 'Object Repository/Olusturma/Genel/Buton'

2021-11-18 12:26:40 - [MESSAGE][PASSED] - Object: 'Object Repository/Olusturma/Genel/Buton' is clicked on

2021-11-18 12:26:40 - [MESSAGE][PASSED] - Call Test Case 'Test Cases/Olusturma/Genel/KaydetButonunaTiklanir' successfully

2021-11-18 12:26:40 - [MESSAGE][INFO] - Checking called Test Case

2021-11-18 12:26:40 - [MESSAGE][INFO] - Starting to call Test Case 'Test Cases/Tablo/TablodaEttnliVeriOlusturulduMu'

2021-11-18 12:26:40 - [TEST_CASE][PASSED] - Test Cases/Tablo/TablodaEttnliVeriOlusturulduMu: Test Cases/Tablo/TablodaEttnliVeriOlusturulduMu

2021-11-18 12:26:40 - [TEST_STEP][PASSED] - Method.TextDegerineEsitElementVarMi(findTestObject("Tablo/OlusturulanVeri"), ettn): Method.TextDegerineEsitElementVarMi is PASSED

2021-11-18 12:26:40 - [MESSAGE][INFO] - Finding Test Object 'Object Repository/Tablo/OlusturulanVeri'

2021-11-18 12:26:40 - [MESSAGE][INFO] - Checking timeout

2021-11-18 12:26:40 - [MESSAGE][INFO] - Finding web element with id: 'Object Repository/Tablo/OlusturulanVeri' located by 'By.cssSelector: table.dxgvTable_LECustomTheme>tbody>tr:nth-child(3)>td.dxgv b,table.dxgvTable_LECustomTheme>tbody>tr:nth-child(3)>td.dxgv' in '10' second(s)

2021-11-18 12:26:40 - [MESSAGE][INFO] - Smart Wait Function is triggered

2021-11-18 12:26:40 - [MESSAGE][INFO] - Found 10 web elements with id: 'Object Repository/Tablo/OlusturulanVeri' located by 'By.cssSelector: table.dxgvTable_LECustomTheme>tbody>tr:nth-child(3)>td.dxgv b,table.dxgvTable_LECustomTheme>tbody>tr:nth-child(3)>td.dxgv' in '10' second(s)

2021-11-18 12:26:41 - [MESSAGE][PASSED] - Method.TextDegerineEsitElementVarMi is PASSED

2021-11-18 12:26:41 - [MESSAGE][PASSED] - Call Test Case 'Test Cases/Tablo/TablodaEttnliVeriOlusturulduMu' successfully

2021-11-18 12:26:41 - [MESSAGE][INFO] - Checking called Test Case

2021-11-18 12:26:41 - [MESSAGE][INFO] - Starting to call Test Case 'Test Cases/Tablo/TablodanEttnliVeriSec'

2021-11-18 12:26:41 - [TEST_CASE][PASSED] - Test Cases/Tablo/TablodanEttnliVeriSec: Test Cases/Tablo/TablodanEttnliVeriSec

2021-11-18 12:26:41 - [TEST_STEP][PASSED] - Method.TextDegerineEsitElementinAltindakineTikla(findTestObject("Tablo/Veriler"), findTestObject("Tablo/VerininCheckBoxi"), ettn): Method.TextDegerineEsitElementinAltindakineTikla is PASSED

2021-11-18 12:26:41 - [MESSAGE][INFO] - Finding Test Object 'Object Repository/Tablo/Veriler'

2021-11-18 12:26:41 - [MESSAGE][INFO] - Finding Test Object 'Object Repository/Tablo/VerininCheckBoxi'

2021-11-18 12:26:41 - [MESSAGE][INFO] - Checking timeout

2021-11-18 12:26:41 - [MESSAGE][INFO] - Finding web element with id: 'Object Repository/Tablo/Veriler' located by 'By.cssSelector: td.dxgv b ,td.dxgv' in '10' second(s)

2021-11-18 12:26:41 - [MESSAGE][INFO] - Smart Wait Function is triggered

2021-11-18 12:26:41 - [MESSAGE][INFO] - Found 30 web elements with id: 'Object Repository/Tablo/Veriler' located by 'By.cssSelector: td.dxgv b ,td.dxgv' in '10' second(s)

2021-11-18 12:26:41 - [MESSAGE][INFO] - Smart Wait Function is triggered

2021-11-18 12:26:41 - [MESSAGE][PASSED] - Method.TextDegerineEsitElementinAltindakineTikla is PASSED

2021-11-18 12:26:41 - [MESSAGE][PASSED] - Call Test Case 'Test Cases/Tablo/TablodanEttnliVeriSec' successfully

2021-11-18 12:26:41 - [MESSAGE][INFO] - Checking called Test Case

2021-11-18 12:26:41 - [MESSAGE][INFO] - Starting to call Test Case 'Test Cases/Butonlar/ButonaTikla'

2021-11-18 12:26:41 - [TEST_CASE][PASSED] - Test Cases/Butonlar/ButonaTikla: Test Cases/Butonlar/ButonaTikla

2021-11-18 12:26:41 - [TEST_STEP][PASSED] - Method.TextDegerineEsitElementeTiklaEquals(findTestObject("Butonlar/Butonlar"), Buton_Adi): Method.TextDegerineEsitElementeTiklaEquals is PASSED

2021-11-18 12:26:41 - [MESSAGE][INFO] - Finding Test Object 'Object Repository/Butonlar/Butonlar'

2021-11-18 12:26:41 - [MESSAGE][INFO] - Checking timeout

2021-11-18 12:26:41 - [MESSAGE][INFO] - Finding web element with id: 'Object Repository/Butonlar/Butonlar' located by 'By.cssSelector: .panel.panel-default.text-center.footerPanel .btn,.btn.btn-primary.btnControls' in '10' second(s)

2021-11-18 12:26:41 - [MESSAGE][INFO] - Smart Wait Function is triggered

2021-11-18 12:26:42 - [MESSAGE][INFO] - Found 7 web elements with id: 'Object Repository/Butonlar/Butonlar' located by 'By.cssSelector: .panel.panel-default.text-center.footerPanel .btn,.btn.btn-primary.btnControls' in '10' second(s)

2021-11-18 12:26:42 - [MESSAGE][PASSED] - Method.TextDegerineEsitElementeTiklaEquals is PASSED

2021-11-18 12:26:42 - [MESSAGE][PASSED] - Call Test Case 'Test Cases/Butonlar/ButonaTikla' successfully

2021-11-18 12:26:42 - [MESSAGE][INFO] - Checking called Test Case

2021-11-18 12:26:42 - [MESSAGE][INFO] - Starting to call Test Case 'Test Cases/Popup/PopupMesajiIceriyorMu'

2021-11-18 12:26:42 - [TEST_CASE][PASSED] - Test Cases/Popup/PopupMesajiIceriyorMu: Test Cases/Popup/PopupMesajiIceriyorMu

2021-11-18 12:26:42 - [TEST_STEP][PASSED] - waitForElementVisible(findTestObject("Popup/Popup"), 10): Object 'Object Repository/Popup/Popup' is visible

2021-11-18 12:26:42 - [MESSAGE][INFO] - Finding Test Object 'Object Repository/Popup/Popup'

2021-11-18 12:26:42 - [MESSAGE][INFO] - Checking object

2021-11-18 12:26:42 - [MESSAGE][INFO] - Checking timeout

2021-11-18 12:26:42 - [MESSAGE][INFO] - Finding web element from Test Object's properties

2021-11-18 12:26:42 - [MESSAGE][INFO] - Checking timeout

2021-11-18 12:26:42 - [MESSAGE][INFO] - Finding web element with id: 'Object Repository/Popup/Popup' located by 'By.cssSelector: .bootbox-body' in '10' second(s)

2021-11-18 12:26:42 - [MESSAGE][INFO] - Smart Wait Function is triggered

2021-11-18 12:26:43 - [MESSAGE][INFO] - Found 1 web elements with id: 'Object Repository/Popup/Popup' located by 'By.cssSelector: .bootbox-body' in '10' second(s)

2021-11-18 12:26:43 - [MESSAGE][PASSED] - Object 'Object Repository/Popup/Popup' is visible

2021-11-18 12:26:43 - [TEST_STEP][PASSED] - if (!(getText(findTestObject("Popup/Popup")).contains(Mesaj))): Text of object 'Object Repository/Popup/Popup' is: 'Oluşturulacak makbuz numarası : EMM2021000000462 Makbuz numarası oluşturulduktan sonra makbuz silinemez. Makbuz numarası, tarihi ve ön eki değiştirilemez. Devam etmek istiyor musunuz?'

2021-11-18 12:26:43 - [MESSAGE][INFO] - Finding Test Object 'Object Repository/Popup/Popup'

2021-11-18 12:26:43 - [MESSAGE][INFO] - Checking object

2021-11-18 12:26:43 - [MESSAGE][INFO] - Finding web element from Test Object's properties

2021-11-18 12:26:43 - [MESSAGE][INFO] - Checking timeout

2021-11-18 12:26:43 - [MESSAGE][INFO] - Finding web element with id: 'Object Repository/Popup/Popup' located by 'By.cssSelector: .bootbox-body' in '30' second(s)

2021-11-18 12:26:43 - [MESSAGE][INFO] - Smart Wait Function is triggered

2021-11-18 12:26:43 - [MESSAGE][INFO] - Found 1 web elements with id: 'Object Repository/Popup/Popup' located by 'By.cssSelector: .bootbox-body' in '30' second(s)

2021-11-18 12:26:43 - [MESSAGE][INFO] - Getting text of object 'Object Repository/Popup/Popup'

2021-11-18 12:26:43 - [MESSAGE][PASSED] - Text of object 'Object Repository/Popup/Popup' is: 'Oluşturulacak makbuz numarası : EMM2021000000462 Makbuz numarası oluşturulduktan sonra makbuz silinemez. Makbuz numarası, tarihi ve ön eki değiştirilemez. Devam etmek istiyor musunuz?'

2021-11-18 12:26:43 - [TEST_STEP][PASSED] - RaporNo = getText(findTestObject("Popup/Popup")).substring(0, 6): Text of object 'Object Repository/Popup/Popup' is: 'Oluşturulacak makbuz numarası : EMM2021000000462 Makbuz numarası oluşturulduktan sonra makbuz silinemez. Makbuz numarası, tarihi ve ön eki değiştirilemez. Devam etmek istiyor musunuz?'

2021-11-18 12:26:43 - [MESSAGE][INFO] - Finding Test Object 'Object Repository/Popup/Popup'

2021-11-18 12:26:43 - [MESSAGE][INFO] - Checking object

2021-11-18 12:26:43 - [MESSAGE][INFO] - Finding web element from Test Object's properties

2021-11-18 12:26:43 - [MESSAGE][INFO] - Checking timeout

2021-11-18 12:26:43 - [MESSAGE][INFO] - Finding web element with id: 'Object Repository/Popup/Popup' located by 'By.cssSelector: .bootbox-body' in '30' second(s)

2021-11-18 12:26:43 - [MESSAGE][INFO] - Smart Wait Function is triggered

2021-11-18 12:26:44 - [MESSAGE][INFO] - Found 1 web elements with id: 'Object Repository/Popup/Popup' located by 'By.cssSelector: .bootbox-body' in '30' second(s)

2021-11-18 12:26:44 - [MESSAGE][INFO] - Getting text of object 'Object Repository/Popup/Popup'

2021-11-18 12:26:44 - [MESSAGE][PASSED] - Text of object 'Object Repository/Popup/Popup' is: 'Oluşturulacak makbuz numarası : EMM2021000000462 Makbuz numarası oluşturulduktan sonra makbuz silinemez. Makbuz numarası, tarihi ve ön eki değiştirilemez. Devam etmek istiyor musunuz?'

2021-11-18 12:26:44 - [TEST_STEP][PASSED] - Console.println(RaporNo): null

2021-11-18 12:26:44 - [MESSAGE][PASSED] - Call Test Case 'Test Cases/Popup/PopupMesajiIceriyorMu' successfully

2021-11-18 12:26:44 - [MESSAGE][INFO] - Checking called Test Case

2021-11-18 12:26:44 - [MESSAGE][INFO] - Starting to call Test Case 'Test Cases/Popup/PopupButonSecilir'

2021-11-18 12:26:44 - [TEST_CASE][PASSED] - Test Cases/Popup/PopupButonSecilir: Test Cases/Popup/PopupButonSecilir

2021-11-18 12:26:44 - [TEST_STEP][PASSED] - Method.TextDegerineEsitElementeTikla(findTestObject("Popup/Popup_Butons"), Buton): Method.TextDegerineEsitElementeTikla is PASSED

2021-11-18 12:26:44 - [MESSAGE][INFO] - Finding Test Object 'Object Repository/Popup/Popup_Butons'

2021-11-18 12:26:44 - [MESSAGE][INFO] - Checking timeout

2021-11-18 12:26:44 - [MESSAGE][INFO] - Finding web element with id: 'Object Repository/Popup/Popup_Butons' located by 'By.cssSelector: .modal-footer>button' in '10' second(s)

2021-11-18 12:26:44 - [MESSAGE][INFO] - Smart Wait Function is triggered

2021-11-18 12:26:44 - [MESSAGE][INFO] - Found 2 web elements with id: 'Object Repository/Popup/Popup_Butons' located by 'By.cssSelector: .modal-footer>button' in '10' second(s)

2021-11-18 12:26:44 - [MESSAGE][PASSED] - Method.TextDegerineEsitElementeTikla is PASSED

2021-11-18 12:26:44 - [MESSAGE][PASSED] - Call Test Case 'Test Cases/Popup/PopupButonSecilir' successfully

2021-11-18 12:26:44 - [MESSAGE][INFO] - Checking called Test Case

2021-11-18 12:26:44 - [MESSAGE][INFO] - Starting to call Test Case 'Test Cases/Popup/PopupMesajiIceriyorMu'

2021-11-18 12:26:44 - [TEST_CASE][PASSED] - Test Cases/Popup/PopupMesajiIceriyorMu: Test Cases/Popup/PopupMesajiIceriyorMu

2021-11-18 12:26:44 - [TEST_STEP][PASSED] - waitForElementVisible(findTestObject("Popup/Popup"), 10): Object 'Object Repository/Popup/Popup' is visible

2021-11-18 12:26:44 - [MESSAGE][INFO] - Finding Test Object 'Object Repository/Popup/Popup'

2021-11-18 12:26:44 - [MESSAGE][INFO] - Checking object

2021-11-18 12:26:44 - [MESSAGE][INFO] - Checking timeout

2021-11-18 12:26:44 - [MESSAGE][INFO] - Finding web element from Test Object's properties

2021-11-18 12:26:44 - [MESSAGE][INFO] - Checking timeout

2021-11-18 12:26:44 - [MESSAGE][INFO] - Finding web element with id: 'Object Repository/Popup/Popup' located by 'By.cssSelector: .bootbox-body' in '10' second(s)

2021-11-18 12:26:44 - [MESSAGE][INFO] - Smart Wait Function is triggered

2021-11-18 12:26:45 - [MESSAGE][INFO] - Found 1 web elements with id: 'Object Repository/Popup/Popup' located by 'By.cssSelector: .bootbox-body' in '10' second(s)

2021-11-18 12:26:45 - [MESSAGE][PASSED] - Object 'Object Repository/Popup/Popup' is visible

2021-11-18 12:26:45 - [TEST_STEP][PASSED] - if (!(getText(findTestObject("Popup/Popup")).contains(Mesaj))): Text of object 'Object Repository/Popup/Popup' is: 'Makbuz numaranız EMM2021000000462 olarak oluşmuştur.'

2021-11-18 12:26:45 - [MESSAGE][INFO] - Finding Test Object 'Object Repository/Popup/Popup'

2021-11-18 12:26:45 - [MESSAGE][INFO] - Checking object

2021-11-18 12:26:45 - [MESSAGE][INFO] - Finding web element from Test Object's properties

2021-11-18 12:26:45 - [MESSAGE][INFO] - Checking timeout

2021-11-18 12:26:45 - [MESSAGE][INFO] - Finding web element with id: 'Object Repository/Popup/Popup' located by 'By.cssSelector: .bootbox-body' in '30' second(s)

2021-11-18 12:26:45 - [MESSAGE][INFO] - Smart Wait Function is triggered

2021-11-18 12:26:45 - [MESSAGE][INFO] - Found 1 web elements with id: 'Object Repository/Popup/Popup' located by 'By.cssSelector: .bootbox-body' in '30' second(s)

2021-11-18 12:26:45 - [MESSAGE][INFO] - Getting text of object 'Object Repository/Popup/Popup'

2021-11-18 12:26:45 - [MESSAGE][PASSED] - Text of object 'Object Repository/Popup/Popup' is: 'Makbuz numaranız EMM2021000000462 olarak oluşmuştur.'

2021-11-18 12:26:45 - [TEST_STEP][PASSED] - RaporNo = getText(findTestObject("Popup/Popup")).substring(0, 6): Text of object 'Object Repository/Popup/Popup' is: 'Makbuz numaranız EMM2021000000462 olarak oluşmuştur.'

2021-11-18 12:26:45 - [MESSAGE][INFO] - Finding Test Object 'Object Repository/Popup/Popup'

2021-11-18 12:26:46 - [MESSAGE][INFO] - Checking object

2021-11-18 12:26:46 - [MESSAGE][INFO] - Finding web element from Test Object's properties

2021-11-18 12:26:46 - [MESSAGE][INFO] - Checking timeout

2021-11-18 12:26:46 - [MESSAGE][INFO] - Finding web element with id: 'Object Repository/Popup/Popup' located by 'By.cssSelector: .bootbox-body' in '30' second(s)

2021-11-18 12:26:46 - [MESSAGE][INFO] - Smart Wait Function is triggered

2021-11-18 12:26:46 - [MESSAGE][INFO] - Found 1 web elements with id: 'Object Repository/Popup/Popup' located by 'By.cssSelector: .bootbox-body' in '30' second(s)

2021-11-18 12:26:46 - [MESSAGE][INFO] - Getting text of object 'Object Repository/Popup/Popup'

2021-11-18 12:26:46 - [MESSAGE][PASSED] - Text of object 'Object Repository/Popup/Popup' is: 'Makbuz numaranız EMM2021000000462 olarak oluşmuştur.'

2021-11-18 12:26:46 - [TEST_STEP][PASSED] - Console.println(RaporNo): null

2021-11-18 12:26:46 - [MESSAGE][PASSED] - Call Test Case 'Test Cases/Popup/PopupMesajiIceriyorMu' successfully

2021-11-18 12:26:46 - [MESSAGE][INFO] - Checking called Test Case

2021-11-18 12:26:46 - [MESSAGE][INFO] - Starting to call Test Case 'Test Cases/Popup/PopupButonSecilir'

2021-11-18 12:26:46 - [TEST_CASE][PASSED] - Test Cases/Popup/PopupButonSecilir: Test Cases/Popup/PopupButonSecilir

2021-11-18 12:26:46 - [TEST_STEP][PASSED] - Method.TextDegerineEsitElementeTikla(findTestObject("Popup/Popup_Butons"), Buton): Method.TextDegerineEsitElementeTikla is PASSED

2021-11-18 12:26:46 - [MESSAGE][INFO] - Finding Test Object 'Object Repository/Popup/Popup_Butons'

2021-11-18 12:26:46 - [MESSAGE][INFO] - Checking timeout

2021-11-18 12:26:46 - [MESSAGE][INFO] - Finding web element with id: 'Object Repository/Popup/Popup_Butons' located by 'By.cssSelector: .modal-footer>button' in '10' second(s)

2021-11-18 12:26:46 - [MESSAGE][INFO] - Smart Wait Function is triggered

2021-11-18 12:26:46 - [MESSAGE][INFO] - Found 1 web elements with id: 'Object Repository/Popup/Popup_Butons' located by 'By.cssSelector: .modal-footer>button' in '10' second(s)

2021-11-18 12:26:46 - [MESSAGE][PASSED] - Method.TextDegerineEsitElementeTikla is PASSED

2021-11-18 12:26:46 - [MESSAGE][PASSED] - Call Test Case 'Test Cases/Popup/PopupButonSecilir' successfully

2021-11-18 12:26:46 - [MESSAGE][INFO] - Checking called Test Case

2021-11-18 12:26:46 - [MESSAGE][INFO] - Starting to call Test Case 'Test Cases/Tablo/TablodanEttnliVeriSec'

2021-11-18 12:26:46 - [TEST_CASE][PASSED] - Test Cases/Tablo/TablodanEttnliVeriSec: Test Cases/Tablo/TablodanEttnliVeriSec

2021-11-18 12:26:46 - [TEST_STEP][PASSED] - Method.TextDegerineEsitElementinAltindakineTikla(findTestObject("Tablo/Veriler"), findTestObject("Tablo/VerininCheckBoxi"), ettn): Method.TextDegerineEsitElementinAltindakineTikla is PASSED

2021-11-18 12:26:46 - [MESSAGE][INFO] - Finding Test Object 'Object Repository/Tablo/Veriler'

2021-11-18 12:26:47 - [MESSAGE][INFO] - Finding Test Object 'Object Repository/Tablo/VerininCheckBoxi'

2021-11-18 12:26:47 - [MESSAGE][INFO] - Checking timeout

2021-11-18 12:26:47 - [MESSAGE][INFO] - Finding web element with id: 'Object Repository/Tablo/Veriler' located by 'By.cssSelector: td.dxgv b ,td.dxgv' in '10' second(s)

2021-11-18 12:26:47 - [MESSAGE][INFO] - Smart Wait Function is triggered

2021-11-18 12:26:47 - [MESSAGE][INFO] - Found 30 web elements with id: 'Object Repository/Tablo/Veriler' located by 'By.cssSelector: td.dxgv b ,td.dxgv' in '10' second(s)

2021-11-18 12:26:47 - [MESSAGE][INFO] - Smart Wait Function is triggered

2021-11-18 12:26:48 - [MESSAGE][PASSED] - Method.TextDegerineEsitElementinAltindakineTikla is PASSED

2021-11-18 12:26:48 - [MESSAGE][PASSED] - Call Test Case 'Test Cases/Tablo/TablodanEttnliVeriSec' successfully

2021-11-18 12:26:48 - [MESSAGE][INFO] - Checking called Test Case

2021-11-18 12:26:48 - [MESSAGE][INFO] - Starting to call Test Case 'Test Cases/Butonlar/ButonaTikla'

2021-11-18 12:26:48 - [TEST_CASE][PASSED] - Test Cases/Butonlar/ButonaTikla: Test Cases/Butonlar/ButonaTikla

2021-11-18 12:26:48 - [TEST_STEP][PASSED] - Method.TextDegerineEsitElementeTiklaEquals(findTestObject("Butonlar/Butonlar"), Buton_Adi): Method.TextDegerineEsitElementeTiklaEquals is PASSED

2021-11-18 12:26:48 - [MESSAGE][INFO] - Finding Test Object 'Object Repository/Butonlar/Butonlar'

2021-11-18 12:26:48 - [MESSAGE][INFO] - Checking timeout

2021-11-18 12:26:48 - [MESSAGE][INFO] - Finding web element with id: 'Object Repository/Butonlar/Butonlar' located by 'By.cssSelector: .panel.panel-default.text-center.footerPanel .btn,.btn.btn-primary.btnControls' in '10' second(s)

2021-11-18 12:26:48 - [MESSAGE][INFO] - Smart Wait Function is triggered

2021-11-18 12:26:48 - [MESSAGE][INFO] - Found 7 web elements with id: 'Object Repository/Butonlar/Butonlar' located by 'By.cssSelector: .panel.panel-default.text-center.footerPanel .btn,.btn.btn-primary.btnControls' in '10' second(s)

2021-11-18 12:26:48 - [MESSAGE][PASSED] - Method.TextDegerineEsitElementeTiklaEquals is PASSED

2021-11-18 12:26:48 - [MESSAGE][PASSED] - Call Test Case 'Test Cases/Butonlar/ButonaTikla' successfully

2021-11-18 12:26:48 - [MESSAGE][INFO] - Checking called Test Case

2021-11-18 12:26:48 - [MESSAGE][INFO] - Starting to call Test Case 'Test Cases/Popup/PopupMesajiIceriyorMu'

2021-11-18 12:26:48 - [TEST_CASE][PASSED] - Test Cases/Popup/PopupMesajiIceriyorMu: Test Cases/Popup/PopupMesajiIceriyorMu

2021-11-18 12:26:48 - [TEST_STEP][PASSED] - waitForElementVisible(findTestObject("Popup/Popup"), 10): Object 'Object Repository/Popup/Popup' is visible

2021-11-18 12:26:48 - [MESSAGE][INFO] - Finding Test Object 'Object Repository/Popup/Popup'

2021-11-18 12:26:48 - [MESSAGE][INFO] - Checking object

2021-11-18 12:26:48 - [MESSAGE][INFO] - Checking timeout

2021-11-18 12:26:48 - [MESSAGE][INFO] - Finding web element from Test Object's properties

2021-11-18 12:26:48 - [MESSAGE][INFO] - Checking timeout

2021-11-18 12:26:48 - [MESSAGE][INFO] - Finding web element with id: 'Object Repository/Popup/Popup' located by 'By.cssSelector: .bootbox-body' in '10' second(s)

2021-11-18 12:26:48 - [MESSAGE][INFO] - Smart Wait Function is triggered

2021-11-18 12:26:49 - [MESSAGE][INFO] - Found 1 web elements with id: 'Object Repository/Popup/Popup' located by 'By.cssSelector: .bootbox-body' in '10' second(s)

2021-11-18 12:26:49 - [MESSAGE][PASSED] - Object 'Object Repository/Popup/Popup' is visible

2021-11-18 12:26:49 - [TEST_STEP][PASSED] - if (!(getText(findTestObject("Popup/Popup")).contains(Mesaj))): Text of object 'Object Repository/Popup/Popup' is: 'EMM serisi için onaylanmamış belge(leri)niz bulunmaktadır.
Devam etmek istiyor musunuz?'

2021-11-18 12:26:49 - [MESSAGE][INFO] - Finding Test Object 'Object Repository/Popup/Popup'

2021-11-18 12:26:49 - [MESSAGE][INFO] - Checking object

2021-11-18 12:26:49 - [MESSAGE][INFO] - Finding web element from Test Object's properties

2021-11-18 12:26:49 - [MESSAGE][INFO] - Checking timeout

2021-11-18 12:26:49 - [MESSAGE][INFO] - Finding web element with id: 'Object Repository/Popup/Popup' located by 'By.cssSelector: .bootbox-body' in '30' second(s)

2021-11-18 12:26:49 - [MESSAGE][INFO] - Smart Wait Function is triggered

2021-11-18 12:26:49 - [MESSAGE][INFO] - Found 1 web elements with id: 'Object Repository/Popup/Popup' located by 'By.cssSelector: .bootbox-body' in '30' second(s)

2021-11-18 12:26:49 - [MESSAGE][INFO] - Getting text of object 'Object Repository/Popup/Popup'

2021-11-18 12:26:49 - [MESSAGE][PASSED] - Text of object 'Object Repository/Popup/Popup' is: 'EMM serisi için onaylanmamış belge(leri)niz bulunmaktadır.
Devam etmek istiyor musunuz?'

2021-11-18 12:26:49 - [TEST_STEP][PASSED] - RaporNo = getText(findTestObject("Popup/Popup")).substring(0, 6): Text of object 'Object Repository/Popup/Popup' is: 'EMM serisi için onaylanmamış belge(leri)niz bulunmaktadır.
Devam etmek istiyor musunuz?'

2021-11-18 12:26:49 - [MESSAGE][INFO] - Finding Test Object 'Object Repository/Popup/Popup'

2021-11-18 12:26:49 - [MESSAGE][INFO] - Checking object

2021-11-18 12:26:49 - [MESSAGE][INFO] - Finding web element from Test Object's properties

2021-11-18 12:26:49 - [MESSAGE][INFO] - Checking timeout

2021-11-18 12:26:49 - [MESSAGE][INFO] - Finding web element with id: 'Object Repository/Popup/Popup' located by 'By.cssSelector: .bootbox-body' in '30' second(s)

2021-11-18 12:26:49 - [MESSAGE][INFO] - Smart Wait Function is triggered

2021-11-18 12:26:49 - [MESSAGE][INFO] - Found 1 web elements with id: 'Object Repository/Popup/Popup' located by 'By.cssSelector: .bootbox-body' in '30' second(s)

2021-11-18 12:26:49 - [MESSAGE][INFO] - Getting text of object 'Object Repository/Popup/Popup'

2021-11-18 12:26:49 - [MESSAGE][PASSED] - Text of object 'Object Repository/Popup/Popup' is: 'EMM serisi için onaylanmamış belge(leri)niz bulunmaktadır.
Devam etmek istiyor musunuz?'

2021-11-18 12:26:49 - [TEST_STEP][PASSED] - Console.println(RaporNo): null

2021-11-18 12:26:49 - [MESSAGE][PASSED] - Call Test Case 'Test Cases/Popup/PopupMesajiIceriyorMu' successfully

2021-11-18 12:26:49 - [MESSAGE][INFO] - Checking called Test Case

2021-11-18 12:26:49 - [MESSAGE][INFO] - Starting to call Test Case 'Test Cases/Popup/PopupButonSecilir'

2021-11-18 12:26:49 - [TEST_CASE][PASSED] - Test Cases/Popup/PopupButonSecilir: Test Cases/Popup/PopupButonSecilir

2021-11-18 12:26:49 - [TEST_STEP][PASSED] - Method.TextDegerineEsitElementeTikla(findTestObject("Popup/Popup_Butons"), Buton): Method.TextDegerineEsitElementeTikla is PASSED

2021-11-18 12:26:49 - [MESSAGE][INFO] - Finding Test Object 'Object Repository/Popup/Popup_Butons'

2021-11-18 12:26:49 - [MESSAGE][INFO] - Checking timeout

2021-11-18 12:26:49 - [MESSAGE][INFO] - Finding web element with id: 'Object Repository/Popup/Popup_Butons' located by 'By.cssSelector: .modal-footer>button' in '10' second(s)

2021-11-18 12:26:49 - [MESSAGE][INFO] - Smart Wait Function is triggered

2021-11-18 12:26:50 - [MESSAGE][INFO] - Found 2 web elements with id: 'Object Repository/Popup/Popup_Butons' located by 'By.cssSelector: .modal-footer>button' in '10' second(s)

2021-11-18 12:26:50 - [MESSAGE][PASSED] - Method.TextDegerineEsitElementeTikla is PASSED

2021-11-18 12:26:50 - [MESSAGE][PASSED] - Call Test Case 'Test Cases/Popup/PopupButonSecilir' successfully

2021-11-18 12:26:50 - [MESSAGE][INFO] - Checking called Test Case

2021-11-18 12:26:50 - [MESSAGE][INFO] - Starting to call Test Case 'Test Cases/Menu/AnaMenuSecimi'

2021-11-18 12:26:50 - [TEST_CASE][PASSED] - Test Cases/Menu/AnaMenuSecimi: Test Cases/Menu/AnaMenuSecimi

2021-11-18 12:26:50 - [TEST_STEP][PASSED] - Method.TextDegerineEsitElementeTikla(findTestObject("Menu/Ana_Menu"), Ana_Menu): Method.TextDegerineEsitElementeTikla is PASSED

2021-11-18 12:26:50 - [MESSAGE][INFO] - Finding Test Object 'Object Repository/Menu/Ana_Menu'

2021-11-18 12:26:50 - [MESSAGE][INFO] - Checking timeout

2021-11-18 12:26:50 - [MESSAGE][INFO] - Finding web element with id: 'Object Repository/Menu/Ana_Menu' located by 'By.xpath: //*[@class = 'dropdown-toggle']' in '10' second(s)

2021-11-18 12:26:50 - [MESSAGE][INFO] - Smart Wait Function is triggered

2021-11-18 12:26:51 - [MESSAGE][INFO] - Found 14 web elements with id: 'Object Repository/Menu/Ana_Menu' located by 'By.xpath: //*[@class = 'dropdown-toggle']' in '10' second(s)

2021-11-18 12:26:51 - [MESSAGE][PASSED] - Method.TextDegerineEsitElementeTikla is PASSED

2021-11-18 12:26:51 - [MESSAGE][PASSED] - Call Test Case 'Test Cases/Menu/AnaMenuSecimi' successfully

2021-11-18 12:26:51 - [MESSAGE][INFO] - Checking called Test Case

2021-11-18 12:26:51 - [MESSAGE][INFO] - Starting to call Test Case 'Test Cases/Menu/BasligaGoreAltMenuSecimi'

2021-11-18 12:26:51 - [TEST_CASE][PASSED] - Test Cases/Menu/BasligaGoreAltMenuSecimi: Test Cases/Menu/BasligaGoreAltMenuSecimi

2021-11-18 12:26:51 - [TEST_STEP][PASSED] - Method.TextDegerineEsitElementinAltindakiTextDegerineEsitOlanaTikla(findTestObject("Menu/Menu_Basligi"), findTestObject("Menu/Basliga_Gore_Alt_Menu"), Baslik, Alt_Menu): Method.TextDegerineEsitElementinAltindakiTextDegerineEsitOlanaTikla is PASSED

2021-11-18 12:26:51 - [MESSAGE][INFO] - Finding Test Object 'Object Repository/Menu/Menu_Basligi'

2021-11-18 12:26:51 - [MESSAGE][INFO] - Finding Test Object 'Object Repository/Menu/Basliga_Gore_Alt_Menu'

2021-11-18 12:26:51 - [MESSAGE][INFO] - Checking timeout

2021-11-18 12:26:51 - [MESSAGE][INFO] - Finding web element with id: 'Object Repository/Menu/Menu_Basligi' located by 'By.xpath: //li[@class='dropdown dropdown-large open']//li[@class='dropdown-header']' in '10' second(s)

2021-11-18 12:26:51 - [MESSAGE][INFO] - Smart Wait Function is triggered

2021-11-18 12:26:52 - [MESSAGE][INFO] - Found 2 web elements with id: 'Object Repository/Menu/Menu_Basligi' located by 'By.xpath: //li[@class='dropdown dropdown-large open']//li[@class='dropdown-header']' in '10' second(s)

2021-11-18 12:26:52 - [MESSAGE][INFO] - Smart Wait Function is triggered

2021-11-18 12:26:53 - [MESSAGE][PASSED] - Method.TextDegerineEsitElementinAltindakiTextDegerineEsitOlanaTikla is PASSED

2021-11-18 12:26:53 - [MESSAGE][PASSED] - Call Test Case 'Test Cases/Menu/BasligaGoreAltMenuSecimi' successfully

2021-11-18 12:26:53 - [MESSAGE][INFO] - Checking called Test Case

2021-11-18 12:26:53 - [MESSAGE][INFO] - Starting to call Test Case 'Test Cases/Filtreler/EttnYaz'

2021-11-18 12:26:53 - [TEST_CASE][PASSED] - Test Cases/Filtreler/EttnYaz: Test Cases/Filtreler/EttnYaz

2021-11-18 12:26:53 - [TEST_STEP][PASSED] - Method.TextDegerineEsitElementinAltindakiTextboxtaYaz(findTestObject("Filtreler/Basliklar"), findTestObject("Filtreler/Basliga_Gore_Textbox"), "ETTN", ettn): Method.TextDegerineEsitElementinAltindakiTextboxtaYaz is PASSED

2021-11-18 12:26:53 - [MESSAGE][INFO] - Finding Test Object 'Object Repository/Filtreler/Basliklar'

2021-11-18 12:26:53 - [MESSAGE][INFO] - Finding Test Object 'Object Repository/Filtreler/Basliga_Gore_Textbox'

2021-11-18 12:26:53 - [MESSAGE][INFO] - Checking timeout

2021-11-18 12:26:53 - [MESSAGE][INFO] - Finding web element with id: 'Object Repository/Filtreler/Basliklar' located by 'By.cssSelector: .control-label.col-sm-4.paddingMarginRLC' in '10' second(s)

2021-11-18 12:26:53 - [MESSAGE][INFO] - Smart Wait Function is triggered

2021-11-18 12:26:53 - [MESSAGE][INFO] - Found 14 web elements with id: 'Object Repository/Filtreler/Basliklar' located by 'By.cssSelector: .control-label.col-sm-4.paddingMarginRLC' in '10' second(s)

2021-11-18 12:26:53 - [MESSAGE][INFO] - Smart Wait Function is triggered

2021-11-18 12:26:54 - [MESSAGE][PASSED] - Method.TextDegerineEsitElementinAltindakiTextboxtaYaz is PASSED

2021-11-18 12:26:54 - [MESSAGE][PASSED] - Call Test Case 'Test Cases/Filtreler/EttnYaz' successfully

2021-11-18 12:26:54 - [MESSAGE][INFO] - Checking called Test Case

2021-11-18 12:26:54 - [MESSAGE][INFO] - Starting to call Test Case 'Test Cases/Filtreler/ButonaTikla'

2021-11-18 12:26:54 - [TEST_CASE][PASSED] - Test Cases/Filtreler/ButonaTikla: Test Cases/Filtreler/ButonaTikla

2021-11-18 12:26:54 - [TEST_STEP][PASSED] - Method.TextDegerineEsitElementeTikla(findTestObject("Filtreler/Butonlar"), Filtre_Buton): Method.TextDegerineEsitElementeTikla is PASSED

2021-11-18 12:26:54 - [MESSAGE][INFO] - Finding Test Object 'Object Repository/Filtreler/Butonlar'

2021-11-18 12:26:54 - [MESSAGE][INFO] - Checking timeout

2021-11-18 12:26:54 - [MESSAGE][INFO] - Finding web element with id: 'Object Repository/Filtreler/Butonlar' located by 'By.cssSelector: .dxb>span' in '10' second(s)

2021-11-18 12:26:54 - [MESSAGE][INFO] - Smart Wait Function is triggered

2021-11-18 12:26:54 - [MESSAGE][INFO] - Found 3 web elements with id: 'Object Repository/Filtreler/Butonlar' located by 'By.cssSelector: .dxb>span' in '10' second(s)

2021-11-18 12:26:54 - [MESSAGE][PASSED] - Method.TextDegerineEsitElementeTikla is PASSED

2021-11-18 12:26:54 - [MESSAGE][PASSED] - Call Test Case 'Test Cases/Filtreler/ButonaTikla' successfully

2021-11-18 12:26:54 - [MESSAGE][INFO] - Checking called Test Case

2021-11-18 12:26:54 - [MESSAGE][INFO] - Starting to call Test Case 'Test Cases/Tablo/TablodaVeriVarMi'

2021-11-18 12:26:54 - [TEST_CASE][PASSED] - Test Cases/Tablo/TablodaVeriVarMi: Test Cases/Tablo/TablodaVeriVarMi

2021-11-18 12:26:54 - [TEST_STEP][PASSED] - verifyTextNotPresent("Görüntülenecek veri yok", true): Text 'Görüntülenecek veri yok' is not present on page using regular expression

2021-11-18 12:26:54 - [MESSAGE][INFO] - Checking text present  using regular expression

2021-11-18 12:26:54 - [MESSAGE][INFO] - Smart Wait Function is triggered

2021-11-18 12:26:55 - [MESSAGE][INFO] - Finding text 'Görüntülenecek veri yok' on page  using regular expression

2021-11-18 12:26:55 - [MESSAGE][PASSED] - Text 'Görüntülenecek veri yok' is not present on page using regular expression

2021-11-18 12:26:55 - [MESSAGE][PASSED] - Call Test Case 'Test Cases/Tablo/TablodaVeriVarMi' successfully

2021-11-18 12:26:55 - [MESSAGE][INFO] - Checking called Test Case

2021-11-18 12:26:55 - [MESSAGE][INFO] - Starting to call Test Case 'Test Cases/Tablo/TablodaVeriBasariliMiEmm'

2021-11-18 12:26:55 - [TEST_CASE][PASSED] - Test Cases/Tablo/TablodaVeriBasariliMiEmm: Test Cases/Tablo/TablodaVeriBasariliMiEmm

2021-11-18 12:26:55 - [TEST_STEP][PASSED] - sayac = 80: null

2021-11-18 12:26:55 - [TEST_STEP][PASSED] - while (verifyElementText(findTestObject("Object Repository/Tablo/DurumBilgisiEmm"), "Henüz Sonuçlanmadı", OPTIONAL)): Actual text 'Başarılı' and expected text 'Henüz Sonuçlanmadı' of test object 'Object Repository/Tablo/DurumBilgisiEmm' are NOT matched. (Root cause: com.kms.katalon.core.exception.StepFailedException: Actual text 'Başarılı' and expected text 'Henüz Sonuçlanmadı' of test object 'Object Repository/Tablo/DurumBilgisiEmm' are NOT matched.
	at com.kms.katalon.core.webui.keyword.internal.WebUIKeywordMain.stepFailed(WebUIKeywordMain.groovy:64)
	at com.kms.katalon.core.webui.keyword.builtin.VerifyElementTextKeyword$_verifyElementText_closure1.doCall(VerifyElementTextKeyword.groovy:57)
	at com.kms.katalon.core.webui.keyword.builtin.VerifyElementTextKeyword$_verifyElementText_closure1.call(VerifyElementTextKeyword.groovy)
	at com.kms.katalon.core.webui.keyword.internal.WebUIKeywordMain.runKeyword(WebUIKeywordMain.groovy:20)
	at com.kms.katalon.core.webui.keyword.builtin.VerifyElementTextKeyword.verifyElementText(VerifyElementTextKeyword.groovy:72)
	at com.kms.katalon.core.webui.keyword.builtin.VerifyElementTextKeyword.execute(VerifyElementTextKeyword.groovy:40)
	at com.kms.katalon.core.keyword.internal.KeywordExecutor.executeKeywordForPlatform(KeywordExecutor.groovy:73)
	at com.kms.katalon.core.webui.keyword.WebUiBuiltInKeywords.verifyElementText(WebUiBuiltInKeywords.groovy:4733)
	at com.kms.katalon.core.webui.keyword.WebUiBuiltInKeywords$verifyElementText$20.call(Unknown Source)
	at TablodaVeriBasariliMiEmm.run(TablodaVeriBasariliMiEmm:22)
	at com.kms.katalon.core.main.ScriptEngine.run(ScriptEngine.java:194)
	at com.kms.katalon.core.main.ScriptEngine.runScriptAsRawText(ScriptEngine.java:119)
	at com.kms.katalon.core.main.TestCaseExecutor.runScript(TestCaseExecutor.java:369)
	at com.kms.katalon.core.main.TestCaseExecutor.doExecute(TestCaseExecutor.java:360)
	at com.kms.katalon.core.main.TestCaseExecutor.processExecutionPhase(TestCaseExecutor.java:339)
	at com.kms.katalon.core.main.TestCaseExecutor.accessMainPhase(TestCaseExecutor.java:331)
	at com.kms.katalon.core.main.TestCaseExecutor.execute(TestCaseExecutor.java:248)
	at com.kms.katalon.core.main.TestCaseMain.runTestCase(TestCaseMain.java:138)
	at com.kms.katalon.core.keyword.builtin.CallTestCaseKeyword$_callTestCase_closure1.doCall(CallTestCaseKeyword.groovy:59)
	at com.kms.katalon.core.keyword.builtin.CallTestCaseKeyword$_callTestCase_closure1.call(CallTestCaseKeyword.groovy)
	at com.kms.katalon.core.keyword.internal.KeywordMain.runKeyword(KeywordMain.groovy:68)
	at com.kms.katalon.core.keyword.builtin.CallTestCaseKeyword.callTestCase(CallTestCaseKeyword.groovy:81)
	at com.kms.katalon.core.keyword.builtin.CallTestCaseKeyword.execute(CallTestCaseKeyword.groovy:44)
	at com.kms.katalon.core.keyword.internal.KeywordExecutor.executeKeywordForPlatform(KeywordExecutor.groovy:73)
	at com.kms.katalon.core.keyword.BuiltinKeywords.callTestCase(BuiltinKeywords.groovy:334)
	at tablo.tablo.tablodaVeriBasariliMiEmm(tablo.groovy:100)
	at cucumber.runtime.Utils$1.call(Utils.java:26)
	at cucumber.runtime.Timeout.timeout(Timeout.java:16)
	at cucumber.runtime.Utils.invoke(Utils.java:20)
	at cucumber.runtime.java.JavaStepDefinition.execute(JavaStepDefinition.java:49)
	at cucumber.runner.PickleStepDefinitionMatch.runStep(PickleStepDefinitionMatch.java:50)
	at cucumber.runner.TestStep.executeStep(TestStep.java:63)
	at cucumber.runner.TestStep.run(TestStep.java:49)
	at cucumber.runner.PickleStepTestStep.run(PickleStepTestStep.java:43)
	at cucumber.runner.TestCase.run(TestCase.java:44)
	at cucumber.runner.Runner.runPickle(Runner.java:40)
	at cucumber.runtime.Runtime$1.run(Runtime.java:84)
	at cucumber.runtime.Runtime$SameThreadExecutorService.execute(Runtime.java:220)
	at cucumber.runtime.Runtime.run(Runtime.java:81)
	at cucumber.api.cli.Main.run(Main.java:26)
	at cucumber.api.cli.Main$run.call(Unknown Source)
	at com.kms.katalon.core.cucumber.keyword.CucumberBuiltinKeywords$_runFeatureFile_closure1.doCall(CucumberBuiltinKeywords.groovy:106)
	at com.kms.katalon.core.cucumber.keyword.CucumberBuiltinKeywords$_runFeatureFile_closure1.doCall(CucumberBuiltinKeywords.groovy)
	at com.kms.katalon.core.keyword.internal.KeywordMain.runKeyword(KeywordMain.groovy:68)
	at com.kms.katalon.core.keyword.internal.KeywordMain$runKeyword.call(Unknown Source)
	at com.kms.katalon.core.cucumber.keyword.CucumberBuiltinKeywords.runFeatureFile(CucumberBuiltinKeywords.groovy:73)
	at com.kms.katalon.core.cucumber.keyword.CucumberBuiltinKeywords$runFeatureFile$0.callStatic(Unknown Source)
	at com.kms.katalon.core.cucumber.keyword.CucumberBuiltinKeywords.runFeatureFile(CucumberBuiltinKeywords.groovy:246)
	at com.kms.katalon.core.cucumber.keyword.CucumberBuiltinKeywords$runFeatureFile.call(Unknown Source)
	at TCKN-e-Mustahsil Makbuz.run(TCKN-e-Mustahsil Makbuz:19)
	at com.kms.katalon.core.main.ScriptEngine.run(ScriptEngine.java:194)
	at com.kms.katalon.core.main.ScriptEngine.runScriptAsRawText(ScriptEngine.java:119)
	at com.kms.katalon.core.main.TestCaseExecutor.runScript(TestCaseExecutor.java:369)
	at com.kms.katalon.core.main.TestCaseExecutor.doExecute(TestCaseExecutor.java:360)
	at com.kms.katalon.core.main.TestCaseExecutor.processExecutionPhase(TestCaseExecutor.java:339)
	at com.kms.katalon.core.main.TestCaseExecutor.accessMainPhase(TestCaseExecutor.java:331)
	at com.kms.katalon.core.main.TestCaseExecutor.execute(TestCaseExecutor.java:248)
	at com.kms.katalon.core.main.TestSuiteExecutor.accessTestCaseMainPhase(TestSuiteExecutor.java:191)
	at com.kms.katalon.core.main.TestSuiteExecutor.accessTestSuiteMainPhase(TestSuiteExecutor.java:140)
	at com.kms.katalon.core.main.TestSuiteExecutor.execute(TestSuiteExecutor.java:89)
	at com.kms.katalon.core.main.TestCaseMain.startTestSuite(TestCaseMain.java:181)
	at com.kms.katalon.core.main.TestCaseMain$startTestSuite$0.call(Unknown Source)
	at TempTestSuite1637225344330.run(TempTestSuite1637225344330.groovy:39)
)

2021-11-18 12:26:55 - [MESSAGE][INFO] - Finding Test Object 'Object Repository/Tablo/DurumBilgisiEmm'

2021-11-18 12:26:56 - [MESSAGE][INFO] - Checking object

2021-11-18 12:26:56 - [MESSAGE][INFO] - Finding web element from Test Object's properties

2021-11-18 12:26:56 - [MESSAGE][INFO] - Checking timeout

2021-11-18 12:26:56 - [MESSAGE][INFO] - Finding web element with id: 'Object Repository/Tablo/DurumBilgisiEmm' located by 'By.xpath: //*[@id = 'GridViewEPReceipt_tccell0_10']' in '30' second(s)

2021-11-18 12:26:56 - [MESSAGE][INFO] - Smart Wait Function is triggered

2021-11-18 12:26:56 - [MESSAGE][INFO] - Found 1 web elements with id: 'Object Repository/Tablo/DurumBilgisiEmm' located by 'By.xpath: //*[@id = 'GridViewEPReceipt_tccell0_10']' in '30' second(s)

2021-11-18 12:26:56 - [MESSAGE][WARNING] - Actual text 'Başarılı' and expected text 'Henüz Sonuçlanmadı' of test object 'Object Repository/Tablo/DurumBilgisiEmm' are NOT matched. (Root cause: com.kms.katalon.core.exception.StepFailedException: Actual text 'Başarılı' and expected text 'Henüz Sonuçlanmadı' of test object 'Object Repository/Tablo/DurumBilgisiEmm' are NOT matched.
	at com.kms.katalon.core.webui.keyword.internal.WebUIKeywordMain.stepFailed(WebUIKeywordMain.groovy:64)
	at com.kms.katalon.core.webui.keyword.builtin.VerifyElementTextKeyword$_verifyElementText_closure1.doCall(VerifyElementTextKeyword.groovy:57)
	at com.kms.katalon.core.webui.keyword.builtin.VerifyElementTextKeyword$_verifyElementText_closure1.call(VerifyElementTextKeyword.groovy)
	at com.kms.katalon.core.webui.keyword.internal.WebUIKeywordMain.runKeyword(WebUIKeywordMain.groovy:20)
	at com.kms.katalon.core.webui.keyword.builtin.VerifyElementTextKeyword.verifyElementText(VerifyElementTextKeyword.groovy:72)
	at com.kms.katalon.core.webui.keyword.builtin.VerifyElementTextKeyword.execute(VerifyElementTextKeyword.groovy:40)
	at com.kms.katalon.core.keyword.internal.KeywordExecutor.executeKeywordForPlatform(KeywordExecutor.groovy:73)
	at com.kms.katalon.core.webui.keyword.WebUiBuiltInKeywords.verifyElementText(WebUiBuiltInKeywords.groovy:4733)
	at com.kms.katalon.core.webui.keyword.WebUiBuiltInKeywords$verifyElementText$20.call(Unknown Source)
	at TablodaVeriBasariliMiEmm.run(TablodaVeriBasariliMiEmm:22)
	at com.kms.katalon.core.main.ScriptEngine.run(ScriptEngine.java:194)
	at com.kms.katalon.core.main.ScriptEngine.runScriptAsRawText(ScriptEngine.java:119)
	at com.kms.katalon.core.main.TestCaseExecutor.runScript(TestCaseExecutor.java:369)
	at com.kms.katalon.core.main.TestCaseExecutor.doExecute(TestCaseExecutor.java:360)
	at com.kms.katalon.core.main.TestCaseExecutor.processExecutionPhase(TestCaseExecutor.java:339)
	at com.kms.katalon.core.main.TestCaseExecutor.accessMainPhase(TestCaseExecutor.java:331)
	at com.kms.katalon.core.main.TestCaseExecutor.execute(TestCaseExecutor.java:248)
	at com.kms.katalon.core.main.TestCaseMain.runTestCase(TestCaseMain.java:138)
	at com.kms.katalon.core.keyword.builtin.CallTestCaseKeyword$_callTestCase_closure1.doCall(CallTestCaseKeyword.groovy:59)
	at com.kms.katalon.core.keyword.builtin.CallTestCaseKeyword$_callTestCase_closure1.call(CallTestCaseKeyword.groovy)
	at com.kms.katalon.core.keyword.internal.KeywordMain.runKeyword(KeywordMain.groovy:68)
	at com.kms.katalon.core.keyword.builtin.CallTestCaseKeyword.callTestCase(CallTestCaseKeyword.groovy:81)
	at com.kms.katalon.core.keyword.builtin.CallTestCaseKeyword.execute(CallTestCaseKeyword.groovy:44)
	at com.kms.katalon.core.keyword.internal.KeywordExecutor.executeKeywordForPlatform(KeywordExecutor.groovy:73)
	at com.kms.katalon.core.keyword.BuiltinKeywords.callTestCase(BuiltinKeywords.groovy:334)
	at tablo.tablo.tablodaVeriBasariliMiEmm(tablo.groovy:100)
	at cucumber.runtime.Utils$1.call(Utils.java:26)
	at cucumber.runtime.Timeout.timeout(Timeout.java:16)
	at cucumber.runtime.Utils.invoke(Utils.java:20)
	at cucumber.runtime.java.JavaStepDefinition.execute(JavaStepDefinition.java:49)
	at cucumber.runner.PickleStepDefinitionMatch.runStep(PickleStepDefinitionMatch.java:50)
	at cucumber.runner.TestStep.executeStep(TestStep.java:63)
	at cucumber.runner.TestStep.run(TestStep.java:49)
	at cucumber.runner.PickleStepTestStep.run(PickleStepTestStep.java:43)
	at cucumber.runner.TestCase.run(TestCase.java:44)
	at cucumber.runner.Runner.runPickle(Runner.java:40)
	at cucumber.runtime.Runtime$1.run(Runtime.java:84)
	at cucumber.runtime.Runtime$SameThreadExecutorService.execute(Runtime.java:220)
	at cucumber.runtime.Runtime.run(Runtime.java:81)
	at cucumber.api.cli.Main.run(Main.java:26)
	at cucumber.api.cli.Main$run.call(Unknown Source)
	at com.kms.katalon.core.cucumber.keyword.CucumberBuiltinKeywords$_runFeatureFile_closure1.doCall(CucumberBuiltinKeywords.groovy:106)
	at com.kms.katalon.core.cucumber.keyword.CucumberBuiltinKeywords$_runFeatureFile_closure1.doCall(CucumberBuiltinKeywords.groovy)
	at com.kms.katalon.core.keyword.internal.KeywordMain.runKeyword(KeywordMain.groovy:68)
	at com.kms.katalon.core.keyword.internal.KeywordMain$runKeyword.call(Unknown Source)
	at com.kms.katalon.core.cucumber.keyword.CucumberBuiltinKeywords.runFeatureFile(CucumberBuiltinKeywords.groovy:73)
	at com.kms.katalon.core.cucumber.keyword.CucumberBuiltinKeywords$runFeatureFile$0.callStatic(Unknown Source)
	at com.kms.katalon.core.cucumber.keyword.CucumberBuiltinKeywords.runFeatureFile(CucumberBuiltinKeywords.groovy:246)
	at com.kms.katalon.core.cucumber.keyword.CucumberBuiltinKeywords$runFeatureFile.call(Unknown Source)
	at TCKN-e-Mustahsil Makbuz.run(TCKN-e-Mustahsil Makbuz:19)
	at com.kms.katalon.core.main.ScriptEngine.run(ScriptEngine.java:194)
	at com.kms.katalon.core.main.ScriptEngine.runScriptAsRawText(ScriptEngine.java:119)
	at com.kms.katalon.core.main.TestCaseExecutor.runScript(TestCaseExecutor.java:369)
	at com.kms.katalon.core.main.TestCaseExecutor.doExecute(TestCaseExecutor.java:360)
	at com.kms.katalon.core.main.TestCaseExecutor.processExecutionPhase(TestCaseExecutor.java:339)
	at com.kms.katalon.core.main.TestCaseExecutor.accessMainPhase(TestCaseExecutor.java:331)
	at com.kms.katalon.core.main.TestCaseExecutor.execute(TestCaseExecutor.java:248)
	at com.kms.katalon.core.main.TestSuiteExecutor.accessTestCaseMainPhase(TestSuiteExecutor.java:191)
	at com.kms.katalon.core.main.TestSuiteExecutor.accessTestSuiteMainPhase(TestSuiteExecutor.java:140)
	at com.kms.katalon.core.main.TestSuiteExecutor.execute(TestSuiteExecutor.java:89)
	at com.kms.katalon.core.main.TestCaseMain.startTestSuite(TestCaseMain.java:181)
	at com.kms.katalon.core.main.TestCaseMain$startTestSuite$0.call(Unknown Source)
	at TempTestSuite1637225344330.run(TempTestSuite1637225344330.groovy:39)
)

2021-11-18 12:26:56 - [TEST_STEP][PASSED] - Method.TextDegerineEsitElementVarMi(findTestObject("Object Repository/Tablo/DurumBilgisiEmm"), "Başarılı"): Method.TextDegerineEsitElementVarMi is PASSED

2021-11-18 12:26:56 - [MESSAGE][INFO] - Finding Test Object 'Object Repository/Tablo/DurumBilgisiEmm'

2021-11-18 12:26:56 - [MESSAGE][INFO] - Checking timeout

2021-11-18 12:26:56 - [MESSAGE][INFO] - Finding web element with id: 'Object Repository/Tablo/DurumBilgisiEmm' located by 'By.xpath: //*[@id = 'GridViewEPReceipt_tccell0_10']' in '10' second(s)

2021-11-18 12:26:56 - [MESSAGE][INFO] - Smart Wait Function is triggered

2021-11-18 12:26:56 - [MESSAGE][INFO] - Found 1 web elements with id: 'Object Repository/Tablo/DurumBilgisiEmm' located by 'By.xpath: //*[@id = 'GridViewEPReceipt_tccell0_10']' in '10' second(s)

2021-11-18 12:26:56 - [MESSAGE][PASSED] - Method.TextDegerineEsitElementVarMi is PASSED

2021-11-18 12:26:56 - [MESSAGE][PASSED] - Call Test Case 'Test Cases/Tablo/TablodaVeriBasariliMiEmm' successfully

2021-11-18 12:26:56 - [MESSAGE][INFO] - Checking called Test Case

2021-11-18 12:26:56 - [MESSAGE][INFO] - Starting to call Test Case 'Test Cases/Kullanici_Islemleri/KullaniciIslemlerindenSecimYapilir'

2021-11-18 12:26:56 - [TEST_CASE][PASSED] - Test Cases/Kullanici_Islemleri/KullaniciIslemlerindenSecimYapilir: Test Cases/Kullanici_Islemleri/KullaniciIslemlerindenSecimYapilir

2021-11-18 12:26:56 - [TEST_STEP][PASSED] - waitForElementClickable(findTestObject("Object Repository/Kullanici_Islemleri/KullaniciIslemleri"), 10): Object 'Object Repository/Kullanici_Islemleri/KullaniciIslemleri' is clickable

2021-11-18 12:26:56 - [MESSAGE][INFO] - Finding Test Object 'Object Repository/Kullanici_Islemleri/KullaniciIslemleri'

2021-11-18 12:26:56 - [MESSAGE][INFO] - Checking object

2021-11-18 12:26:56 - [MESSAGE][INFO] - Checking timeout

2021-11-18 12:26:56 - [MESSAGE][INFO] - Finding web element from Test Object's properties

2021-11-18 12:26:56 - [MESSAGE][INFO] - Checking timeout

2021-11-18 12:26:56 - [MESSAGE][INFO] - Finding web element with id: 'Object Repository/Kullanici_Islemleri/KullaniciIslemleri' located by 'By.cssSelector: .dropdown>a>img' in '10' second(s)

2021-11-18 12:26:56 - [MESSAGE][INFO] - Smart Wait Function is triggered

2021-11-18 12:26:57 - [MESSAGE][INFO] - Found 1 web elements with id: 'Object Repository/Kullanici_Islemleri/KullaniciIslemleri' located by 'By.cssSelector: .dropdown>a>img' in '10' second(s)

2021-11-18 12:26:57 - [MESSAGE][PASSED] - Object 'Object Repository/Kullanici_Islemleri/KullaniciIslemleri' is clickable

2021-11-18 12:26:57 - [TEST_STEP][PASSED] - click(findTestObject("Object Repository/Kullanici_Islemleri/KullaniciIslemleri")): Object: 'Object Repository/Kullanici_Islemleri/KullaniciIslemleri' is clicked on

2021-11-18 12:26:57 - [MESSAGE][INFO] - Finding Test Object 'Object Repository/Kullanici_Islemleri/KullaniciIslemleri'

2021-11-18 12:26:57 - [MESSAGE][INFO] - Checking object

2021-11-18 12:26:57 - [MESSAGE][INFO] - Finding web element from Test Object's properties

2021-11-18 12:26:57 - [MESSAGE][INFO] - Checking timeout

2021-11-18 12:26:57 - [MESSAGE][INFO] - Finding web element with id: 'Object Repository/Kullanici_Islemleri/KullaniciIslemleri' located by 'By.cssSelector: .dropdown>a>img' in '30' second(s)

2021-11-18 12:26:57 - [MESSAGE][INFO] - Smart Wait Function is triggered

2021-11-18 12:26:57 - [MESSAGE][INFO] - Found 1 web elements with id: 'Object Repository/Kullanici_Islemleri/KullaniciIslemleri' located by 'By.cssSelector: .dropdown>a>img' in '30' second(s)

2021-11-18 12:26:57 - [MESSAGE][INFO] - Clicking on object: 'Object Repository/Kullanici_Islemleri/KullaniciIslemleri'

2021-11-18 12:26:57 - [MESSAGE][PASSED] - Object: 'Object Repository/Kullanici_Islemleri/KullaniciIslemleri' is clicked on

2021-11-18 12:26:57 - [TEST_STEP][PASSED] - Method.TextDegerineEsitElementeTikla(findTestObject("Object Repository/Kullanici_Islemleri/Secenekler"), Islem): Method.TextDegerineEsitElementeTikla is PASSED

2021-11-18 12:26:57 - [MESSAGE][INFO] - Finding Test Object 'Object Repository/Kullanici_Islemleri/Secenekler'

2021-11-18 12:26:57 - [MESSAGE][INFO] - Checking timeout

2021-11-18 12:26:57 - [MESSAGE][INFO] - Finding web element with id: 'Object Repository/Kullanici_Islemleri/Secenekler' located by 'By.cssSelector: .nav.navbar-nav.navbar-right li a' in '10' second(s)

2021-11-18 12:26:57 - [MESSAGE][INFO] - Smart Wait Function is triggered

2021-11-18 12:26:57 - [MESSAGE][INFO] - Found 22 web elements with id: 'Object Repository/Kullanici_Islemleri/Secenekler' located by 'By.cssSelector: .nav.navbar-nav.navbar-right li a' in '10' second(s)

2021-11-18 12:26:59 - [MESSAGE][PASSED] - Method.TextDegerineEsitElementeTikla is PASSED

2021-11-18 12:26:59 - [TEST_STEP][PASSED] - verifyElementNotPresent(findTestObject("Object Repository/Kullanici_Islemleri/Secenekler"), 10): Web element with id: 'Object Repository/Kullanici_Islemleri/Secenekler' located by 'By.cssSelector: .nav.navbar-nav.navbar-right li a' is not present after '10' second(s)

2021-11-18 12:26:59 - [MESSAGE][INFO] - Finding Test Object 'Object Repository/Kullanici_Islemleri/Secenekler'

2021-11-18 12:26:59 - [MESSAGE][INFO] - Checking object

2021-11-18 12:26:59 - [MESSAGE][INFO] - Checking timeout

2021-11-18 12:26:59 - [MESSAGE][INFO] - Finding web element with id: 'Object Repository/Kullanici_Islemleri/Secenekler' located by 'By.cssSelector: .nav.navbar-nav.navbar-right li a' in '10' second(s)

2021-11-18 12:26:59 - [MESSAGE][INFO] - Smart Wait Function is triggered

2021-11-18 12:26:59 - [MESSAGE][PASSED] - Web element with id: 'Object Repository/Kullanici_Islemleri/Secenekler' located by 'By.cssSelector: .nav.navbar-nav.navbar-right li a' is not present after '10' second(s)

2021-11-18 12:26:59 - [MESSAGE][PASSED] - Call Test Case 'Test Cases/Kullanici_Islemleri/KullaniciIslemlerindenSecimYapilir' successfully

2021-11-18 12:26:59 - [TEST_CASE][PASSED] - Start Test Case : SCENARIO TCKNo ile e-Mustahsil Makbuzu Olusturmasi ve Excele aktarilmasi: SCENARIO TCKNo ile e-Mustahsil Makbuzu Olusturmasi ve Excele aktarilmasi

2021-11-18 12:26:59 - [TEST_STEP][PASSED] - Kullanıcı adı ELOGO6 ve Şifre 123456 olarak giriş yapılır: Kullanıcı adı ELOGO6 ve Şifre 123456 olarak giriş yapılır

2021-11-18 12:26:59 - [MESSAGE][PASSED] - Kullanıcı adı ELOGO6 ve Şifre 123456 olarak giriş yapılır

2021-11-18 12:26:59 - [TEST_STEP][PASSED] - Ana menüden e-Makbuz seçilir: Ana menüden e-Makbuz seçilir

2021-11-18 12:26:59 - [MESSAGE][PASSED] - Ana menüden e-Makbuz seçilir

2021-11-18 12:26:59 - [TEST_STEP][PASSED] - Alt menü e-Müstahsil Uygulaması başlığı altındaki e-Müstahsil Makbuzu Oluşturma seçilir: Alt menü e-Müstahsil Uygulaması başlığı altındaki e-Müstahsil Makbuzu Oluşturma seçilir

2021-11-18 12:26:59 - [MESSAGE][PASSED] - Alt menü e-Müstahsil Uygulaması başlığı altındaki e-Müstahsil Makbuzu Oluşturma seçilir

2021-11-18 12:26:59 - [TEST_STEP][PASSED] - Tablodaki tüm veriler silinir: Tablodaki tüm veriler silinir

2021-11-18 12:26:59 - [MESSAGE][PASSED] - Tablodaki tüm veriler silinir

2021-11-18 12:26:59 - [TEST_STEP][PASSED] - Butonlardan Ekle isimli butona tıklanır: Butonlardan Ekle isimli butona tıklanır

2021-11-18 12:26:59 - [MESSAGE][PASSED] - Butonlardan Ekle isimli butona tıklanır

2021-11-18 12:26:59 - [TEST_STEP][PASSED] - Görsel tasarım sayfasının Makbuz Bilgileri başlığını içerdiği kontrol edilir: Görsel tasarım sayfasının Makbuz Bilgileri başlığını içerdiği kontrol edilir

2021-11-18 12:26:59 - [MESSAGE][PASSED] - Görsel tasarım sayfasının Makbuz Bilgileri başlığını içerdiği kontrol edilir

2021-11-18 12:26:59 - [TEST_STEP][PASSED] - Alıcı adı alanına UC0038 girilir: Alıcı adı alanına UC0038 girilir

2021-11-18 12:26:59 - [MESSAGE][PASSED] - Alıcı adı alanına UC0038 girilir

2021-11-18 12:26:59 - [TEST_STEP][PASSED] - Ekle butonuna basılır: Ekle butonuna basılır

2021-11-18 12:26:59 - [MESSAGE][PASSED] - Ekle butonuna basılır

2021-11-18 12:26:59 - [TEST_STEP][PASSED] - Ürün ekleme alanında Mal/Hizmet başlığına Otomasyon girilir: Ürün ekleme alanında Mal/Hizmet başlığına Otomasyon girilir

2021-11-18 12:26:59 - [MESSAGE][PASSED] - Ürün ekleme alanında Mal/Hizmet başlığına Otomasyon girilir

2021-11-18 12:26:59 - [TEST_STEP][PASSED] - Ürün ekleme alanında Miktarı başlığına 400 girilir: Ürün ekleme alanında Miktarı başlığına 400 girilir

2021-11-18 12:26:59 - [MESSAGE][PASSED] - Ürün ekleme alanında Miktarı başlığına 400 girilir

2021-11-18 12:26:59 - [TEST_STEP][PASSED] - Ürün ekleme alanında Birim Fiyat başlığına 100 girilir: Ürün ekleme alanında Birim Fiyat başlığına 100 girilir

2021-11-18 12:26:59 - [MESSAGE][PASSED] - Ürün ekleme alanında Birim Fiyat başlığına 100 girilir

2021-11-18 12:26:59 - [TEST_STEP][PASSED] - Ürün ekleme alanında G.V Stopaj Oranı% başlığına 10 girilir: Ürün ekleme alanında G.V Stopaj Oranı% başlığına 10 girilir

2021-11-18 12:26:59 - [MESSAGE][PASSED] - Ürün ekleme alanında G.V Stopaj Oranı% başlığına 10 girilir

2021-11-18 12:26:59 - [TEST_STEP][PASSED] - Notlar alanına Otomasyon Not girilir: Notlar alanına Otomasyon Not girilir

2021-11-18 12:26:59 - [MESSAGE][PASSED] - Notlar alanına Otomasyon Not girilir

2021-11-18 12:26:59 - [TEST_STEP][PASSED] - Ettn bilgisi kayıt edilir: Ettn bilgisi kayıt edilir

2021-11-18 12:26:59 - [MESSAGE][PASSED] - Ettn bilgisi kayıt edilir

2021-11-18 12:26:59 - [TEST_STEP][PASSED] - Kaydet butonu seçilir: Kaydet butonu seçilir

2021-11-18 12:26:59 - [MESSAGE][PASSED] - Kaydet butonu seçilir

2021-11-18 12:26:59 - [TEST_STEP][PASSED] - Tabloda Ettn bilgisi kaydedilen veri oluşturuldu mu: Tabloda Ettn bilgisi kaydedilen veri oluşturuldu mu

2021-11-18 12:26:59 - [MESSAGE][PASSED] - Tabloda Ettn bilgisi kaydedilen veri oluşturuldu mu

2021-11-18 12:26:59 - [TEST_STEP][PASSED] - Tablodan Ettn bilgisi kaydedilen veri seçilir: Tablodan Ettn bilgisi kaydedilen veri seçilir

2021-11-18 12:26:59 - [MESSAGE][PASSED] - Tablodan Ettn bilgisi kaydedilen veri seçilir

2021-11-18 12:26:59 - [TEST_STEP][PASSED] - Butonlardan Numara Oluştur isimli butona tıklanır: Butonlardan Numara Oluştur isimli butona tıklanır

2021-11-18 12:26:59 - [MESSAGE][PASSED] - Butonlardan Numara Oluştur isimli butona tıklanır

2021-11-18 12:26:59 - [TEST_STEP][PASSED] - Popup mesajı Devam etmek istiyor musunuz içeriyor mu: Popup mesajı Devam etmek istiyor musunuz içeriyor mu

2021-11-18 12:26:59 - [MESSAGE][PASSED] - Popup mesajı Devam etmek istiyor musunuz içeriyor mu

2021-11-18 12:26:59 - [TEST_STEP][PASSED] - Yönetim popupında Evet seçilir: Yönetim popupında Evet seçilir

2021-11-18 12:26:59 - [MESSAGE][PASSED] - Yönetim popupında Evet seçilir

2021-11-18 12:26:59 - [TEST_STEP][PASSED] - Popup mesajı oluşmuştur içeriyor mu: Popup mesajı oluşmuştur içeriyor mu

2021-11-18 12:26:59 - [MESSAGE][PASSED] - Popup mesajı oluşmuştur içeriyor mu

2021-11-18 12:26:59 - [TEST_STEP][PASSED] - Yönetim popupında Tamam seçilir: Yönetim popupında Tamam seçilir

2021-11-18 12:26:59 - [MESSAGE][PASSED] - Yönetim popupında Tamam seçilir

2021-11-18 12:26:59 - [TEST_STEP][PASSED] - Tablodan Ettn bilgisi kaydedilen veri seçilir: Tablodan Ettn bilgisi kaydedilen veri seçilir

2021-11-18 12:26:59 - [MESSAGE][PASSED] - Tablodan Ettn bilgisi kaydedilen veri seçilir

2021-11-18 12:26:59 - [TEST_STEP][PASSED] - Butonlardan Gönder isimli butona tıklanır: Butonlardan Gönder isimli butona tıklanır

2021-11-18 12:26:59 - [MESSAGE][PASSED] - Butonlardan Gönder isimli butona tıklanır

2021-11-18 12:26:59 - [TEST_STEP][PASSED] - Popup mesajı Devam etmek istiyor musunuz içeriyor mu: Popup mesajı Devam etmek istiyor musunuz içeriyor mu

2021-11-18 12:26:59 - [MESSAGE][PASSED] - Popup mesajı Devam etmek istiyor musunuz içeriyor mu

2021-11-18 12:26:59 - [TEST_STEP][PASSED] - Yönetim popupında Evet seçilir: Yönetim popupında Evet seçilir

2021-11-18 12:26:59 - [MESSAGE][PASSED] - Yönetim popupında Evet seçilir

2021-11-18 12:26:59 - [TEST_STEP][PASSED] - Ana menüden e-Makbuz seçilir: Ana menüden e-Makbuz seçilir

2021-11-18 12:26:59 - [MESSAGE][PASSED] - Ana menüden e-Makbuz seçilir

2021-11-18 12:26:59 - [TEST_STEP][PASSED] - Alt menü e-Müstahsil Uygulaması başlığı altındaki e-Müstahsil Makbuzları seçilir: Alt menü e-Müstahsil Uygulaması başlığı altındaki e-Müstahsil Makbuzları seçilir

2021-11-18 12:26:59 - [MESSAGE][PASSED] - Alt menü e-Müstahsil Uygulaması başlığı altındaki e-Müstahsil Makbuzları seçilir

2021-11-18 12:26:59 - [TEST_STEP][PASSED] - Filtrelerden Ettn filtresine Ettn bilgisi yaz: Filtrelerden Ettn filtresine Ettn bilgisi yaz

2021-11-18 12:26:59 - [MESSAGE][PASSED] - Filtrelerden Ettn filtresine Ettn bilgisi yaz

2021-11-18 12:26:59 - [TEST_STEP][PASSED] - Filtre butonlarından Listele seçilir: Filtre butonlarından Listele seçilir

2021-11-18 12:26:59 - [MESSAGE][PASSED] - Filtre butonlarından Listele seçilir

2021-11-18 12:26:59 - [TEST_STEP][PASSED] - Tabloda veri var mı kontrol edilir: Tabloda veri var mı kontrol edilir

2021-11-18 12:26:59 - [MESSAGE][PASSED] - Tabloda veri var mı kontrol edilir

2021-11-18 12:26:59 - [TEST_STEP][PASSED] - Tabloda yeni oluşturulan emm verisi başarılı mı: Tabloda yeni oluşturulan emm verisi başarılı mı

2021-11-18 12:26:59 - [MESSAGE][PASSED] - Tabloda yeni oluşturulan emm verisi başarılı mı

2021-11-18 12:26:59 - [TEST_STEP][PASSED] - Kullanıcı işlemlerinden Çıkış seçilir: Kullanıcı işlemlerinden Çıkış seçilir

2021-11-18 12:26:59 - [MESSAGE][PASSED] - Kullanıcı işlemlerinden Çıkış seçilir

2021-11-18 12:26:59 - [MESSAGE][PASSED] - Feature file: 'Include/features/Regresyon/e-Mustahsil Makbuz/TCKN-e-Mustahsil Makbuz.feature' was passed

2021-11-18 12:26:59 - [TEST_STEP][PASSED] - Start listener action : sampleAfterTestSuite: Invoke 'com.kms.katalon.core.annotation.AfterTestCase' method: 'Listener.sampleAfterTestSuite(...)' completed.

2021-11-18 12:26:59 - [MESSAGE][INFO] - Starting invoke 'com.kms.katalon.core.annotation.AfterTestCase' method: 'Listener.sampleAfterTestSuite(...)'

2021-11-18 12:26:59 - [TEST_STEP][PASSED] - closeBrowser(): Invoke 'com.kms.katalon.core.annotation.AfterTestCase' method: 'Listener.sampleAfterTestSuite(...)' completed.

2021-11-18 12:26:59 - [MESSAGE][INFO] - Closing browser

2021-11-18 12:27:00 - [MESSAGE][PASSED] - Browser is closed

2021-11-18 12:27:00 - [MESSAGE][INFO] - Invoke 'com.kms.katalon.core.annotation.AfterTestCase' method: 'Listener.sampleAfterTestSuite(...)' completed.]]></system-out>
         <system-err><![CDATA[]]></system-err>
      </testcase>
      <testcase name="Test Cases/Case Repository/Regresyon/e-Serbest Meslek Makbuzu/VKN-e-Serbest Meslek Makbuzu-Elektronik" time="85.142" classname="Test Cases/Case Repository/Regresyon/e-Serbest Meslek Makbuzu/VKN-e-Serbest Meslek Makbuzu-Elektronik" status="PASSED">
         <system-out><![CDATA[2021-11-18 12:27:00 - [TEST_CASE][PASSED] - Test Cases/Case Repository/Regresyon/e-Serbest Meslek Makbuzu/VKN-e-Serbest Meslek Makbuzu-Elektronik: Test Cases/Case Repository/Regresyon/e-Serbest Meslek Makbuzu/VKN-e-Serbest Meslek Makbuzu-Elektronik

2021-11-18 12:27:00 - [TEST_STEP][PASSED] - Start listener action : sampleBeforeTestSuite: Invoke 'com.kms.katalon.core.annotation.BeforeTestCase' method: 'Listener.sampleBeforeTestSuite(...)' completed.

2021-11-18 12:27:00 - [MESSAGE][INFO] - Starting invoke 'com.kms.katalon.core.annotation.BeforeTestCase' method: 'Listener.sampleBeforeTestSuite(...)'

2021-11-18 12:27:00 - [TEST_STEP][PASSED] - openBrowser(baseUrl): Browser is opened with url: 'https://efatura-stage.elogo.com.tr/'

2021-11-18 12:27:00 - [MESSAGE][INFO] - Opening browser

2021-11-18 12:27:00 - [MESSAGE][INFO] - Starting 'Chrome' driver

2021-11-18 12:27:00 - [MESSAGE][INFO] - User set preference: ['prefs', '{download.default_directory=C:\otomasyondownfiles}']

2021-11-18 12:27:00 - [MESSAGE][INFO] - Action delay is set to 0 milliseconds

2021-11-18 12:27:01 - [MESSAGE][INFO] - Navigating browser to: 'https://efatura-stage.elogo.com.tr/'

2021-11-18 12:27:03 - [MESSAGE][PASSED] - Browser is opened with url: 'https://efatura-stage.elogo.com.tr/'

2021-11-18 12:27:03 - [TEST_STEP][PASSED] - maximizeWindow(): Invoke 'com.kms.katalon.core.annotation.BeforeTestCase' method: 'Listener.sampleBeforeTestSuite(...)' completed.

2021-11-18 12:27:03 - [MESSAGE][INFO] - Maximizing current window

2021-11-18 12:27:03 - [MESSAGE][PASSED] - Current window maximized

2021-11-18 12:27:03 - [MESSAGE][INFO] - Invoke 'com.kms.katalon.core.annotation.BeforeTestCase' method: 'Listener.sampleBeforeTestSuite(...)' completed.

2021-11-18 12:27:04 - [TEST_STEP][PASSED] - runFeatureFile("Include/features/Regresyon/e-Serbest Meslek Makbuzu/VKN-e-Serbest Meslek Makbuzu-Elektronik.feature"): Feature file: 'Include/features/Regresyon/e-Serbest Meslek Makbuzu/VKN-e-Serbest Meslek Makbuzu-Elektronik.feature' was passed

2021-11-18 12:27:04 - [MESSAGE][INFO] - Starting run keyword runFeatureFile: 'Include/features/Regresyon/e-Serbest Meslek Makbuzu/VKN-e-Serbest Meslek Makbuzu-Elektronik.feature' and extract report to folder: 'C:\Users\DELL\Documents\GitHub\EES_KatalonLogo\Reports\20211118_114904\Suite Repository\Regresyon-eArsiv-eMakbuz\20211118_114904/cucumber_report/1637227624023'...

2021-11-18 12:27:04 - [MESSAGE][INFO] - Glue: []

2021-11-18 12:27:05 - [MESSAGE][INFO] - Checking called Test Case

2021-11-18 12:27:05 - [MESSAGE][INFO] - Starting to call Test Case 'Test Cases/Sayfalar/Giris_Sayfasi/Login'

2021-11-18 12:27:05 - [TEST_CASE][PASSED] - Test Cases/Sayfalar/Giris_Sayfasi/Login: Test Cases/Sayfalar/Giris_Sayfasi/Login

2021-11-18 12:27:05 - [TEST_STEP][PASSED] - Sayfa_Basligi = getWindowTitle(): Current window's title is: 'LOGO e-Fatura'

2021-11-18 12:27:05 - [MESSAGE][INFO] - Getting current window's title

2021-11-18 12:27:05 - [MESSAGE][PASSED] - Current window's title is: 'LOGO e-Fatura'

2021-11-18 12:27:05 - [TEST_STEP][PASSED] - verifyMatch(Sayfa_Basligi, "LOGO e-Fatura", false): Actual text 'LOGO e-Fatura' and expected text 'LOGO e-Fatura' are matched 

2021-11-18 12:27:05 - [MESSAGE][INFO] - Matching actual text 'LOGO e-Fatura' with expected text 'LOGO e-Fatura'

2021-11-18 12:27:05 - [MESSAGE][PASSED] - Actual text 'LOGO e-Fatura' and expected text 'LOGO e-Fatura' are matched 

2021-11-18 12:27:05 - [TEST_STEP][PASSED] - sendKeys(findTestObject("Sayfalar/Giris_Sayfasi/Firma_Kodu"), KullaniciAdi): Keys 'ELOGOGIB' sent to object: 'Object Repository/Sayfalar/Giris_Sayfasi/Firma_Kodu'

2021-11-18 12:27:05 - [MESSAGE][INFO] - Finding Test Object 'Object Repository/Sayfalar/Giris_Sayfasi/Firma_Kodu'

2021-11-18 12:27:05 - [MESSAGE][INFO] - Sending keys 'ELOGOGIB' to object: 'Object Repository/Sayfalar/Giris_Sayfasi/Firma_Kodu'

2021-11-18 12:27:05 - [MESSAGE][INFO] - Finding web element from Test Object's properties

2021-11-18 12:27:05 - [MESSAGE][INFO] - Checking timeout

2021-11-18 12:27:05 - [MESSAGE][INFO] - Finding web element with id: 'Object Repository/Sayfalar/Giris_Sayfasi/Firma_Kodu' located by 'By.xpath: //*[@id = 'AccountName']' in '30' second(s)

2021-11-18 12:27:05 - [MESSAGE][INFO] - Smart Wait Function is triggered

2021-11-18 12:27:05 - [MESSAGE][INFO] - Found 1 web elements with id: 'Object Repository/Sayfalar/Giris_Sayfasi/Firma_Kodu' located by 'By.xpath: //*[@id = 'AccountName']' in '30' second(s)

2021-11-18 12:27:05 - [MESSAGE][PASSED] - Keys 'ELOGOGIB' sent to object: 'Object Repository/Sayfalar/Giris_Sayfasi/Firma_Kodu'

2021-11-18 12:27:05 - [TEST_STEP][PASSED] - sendKeys(findTestObject("Sayfalar/Giris_Sayfasi/Sifre"), Sifre): Keys '123456' sent to object: 'Object Repository/Sayfalar/Giris_Sayfasi/Sifre'

2021-11-18 12:27:05 - [MESSAGE][INFO] - Finding Test Object 'Object Repository/Sayfalar/Giris_Sayfasi/Sifre'

2021-11-18 12:27:05 - [MESSAGE][INFO] - Sending keys '123456' to object: 'Object Repository/Sayfalar/Giris_Sayfasi/Sifre'

2021-11-18 12:27:05 - [MESSAGE][INFO] - Finding web element from Test Object's properties

2021-11-18 12:27:05 - [MESSAGE][INFO] - Checking timeout

2021-11-18 12:27:05 - [MESSAGE][INFO] - Finding web element with id: 'Object Repository/Sayfalar/Giris_Sayfasi/Sifre' located by 'By.xpath: //*[@id = 'Password']' in '30' second(s)

2021-11-18 12:27:05 - [MESSAGE][INFO] - Smart Wait Function is triggered

2021-11-18 12:27:05 - [MESSAGE][INFO] - Found 1 web elements with id: 'Object Repository/Sayfalar/Giris_Sayfasi/Sifre' located by 'By.xpath: //*[@id = 'Password']' in '30' second(s)

2021-11-18 12:27:06 - [MESSAGE][PASSED] - Keys '123456' sent to object: 'Object Repository/Sayfalar/Giris_Sayfasi/Sifre'

2021-11-18 12:27:06 - [TEST_STEP][PASSED] - findWebElement(findTestObject("Sayfalar/Giris_Sayfasi/Giris_Butonu")).click(): Found 1 web elements with id: 'Object Repository/Sayfalar/Giris_Sayfasi/Giris_Butonu' located by 'By.cssSelector: #btnLogin' in '30' second(s)

2021-11-18 12:27:06 - [MESSAGE][INFO] - Finding Test Object 'Object Repository/Sayfalar/Giris_Sayfasi/Giris_Butonu'

2021-11-18 12:27:06 - [MESSAGE][INFO] - Finding web element from Test Object's properties

2021-11-18 12:27:06 - [MESSAGE][INFO] - Checking timeout

2021-11-18 12:27:06 - [MESSAGE][INFO] - Finding web element with id: 'Object Repository/Sayfalar/Giris_Sayfasi/Giris_Butonu' located by 'By.cssSelector: #btnLogin' in '30' second(s)

2021-11-18 12:27:06 - [MESSAGE][INFO] - Smart Wait Function is triggered

2021-11-18 12:27:06 - [MESSAGE][INFO] - Found 1 web elements with id: 'Object Repository/Sayfalar/Giris_Sayfasi/Giris_Butonu' located by 'By.cssSelector: #btnLogin' in '30' second(s)

2021-11-18 12:27:07 - [TEST_STEP][PASSED] - if (verifyElementPresent(findTestObject("Object Repository/Sayfalar/Giris_Sayfasi/RetveTamam_Butonu"), 5, OPTIONAL)): null

2021-11-18 12:27:07 - [MESSAGE][INFO] - Finding Test Object 'Object Repository/Sayfalar/Giris_Sayfasi/RetveTamam_Butonu'

2021-11-18 12:27:07 - [MESSAGE][INFO] - Checking object

2021-11-18 12:27:07 - [MESSAGE][INFO] - Finding web element from Test Object's properties

2021-11-18 12:27:07 - [MESSAGE][INFO] - Checking timeout

2021-11-18 12:27:07 - [MESSAGE][INFO] - Finding web element with id: 'Object Repository/Sayfalar/Giris_Sayfasi/RetveTamam_Butonu' located by 'By.xpath: //*[@class = 'btn btn-default']' in '5' second(s)

2021-11-18 12:27:07 - [MESSAGE][INFO] - Smart Wait Function is triggered

2021-11-18 12:27:08 - [MESSAGE][INFO] - Found 1 web elements with id: 'Object Repository/Sayfalar/Giris_Sayfasi/RetveTamam_Butonu' located by 'By.xpath: //*[@class = 'btn btn-default']' in '5' second(s)

2021-11-18 12:27:08 - [MESSAGE][PASSED] - Object 'Object Repository/Sayfalar/Giris_Sayfasi/RetveTamam_Butonu' is present

2021-11-18 12:27:08 - [TEST_STEP][PASSED] - click(findTestObject("Object Repository/Sayfalar/Giris_Sayfasi/RetveTamam_Butonu")): Object: 'Object Repository/Sayfalar/Giris_Sayfasi/RetveTamam_Butonu' is clicked on

2021-11-18 12:27:08 - [MESSAGE][INFO] - Finding Test Object 'Object Repository/Sayfalar/Giris_Sayfasi/RetveTamam_Butonu'

2021-11-18 12:27:08 - [MESSAGE][INFO] - Checking object

2021-11-18 12:27:08 - [MESSAGE][INFO] - Finding web element from Test Object's properties

2021-11-18 12:27:08 - [MESSAGE][INFO] - Checking timeout

2021-11-18 12:27:08 - [MESSAGE][INFO] - Finding web element with id: 'Object Repository/Sayfalar/Giris_Sayfasi/RetveTamam_Butonu' located by 'By.xpath: //*[@class = 'btn btn-default']' in '30' second(s)

2021-11-18 12:27:08 - [MESSAGE][INFO] - Smart Wait Function is triggered

2021-11-18 12:27:08 - [MESSAGE][INFO] - Found 1 web elements with id: 'Object Repository/Sayfalar/Giris_Sayfasi/RetveTamam_Butonu' located by 'By.xpath: //*[@class = 'btn btn-default']' in '30' second(s)

2021-11-18 12:27:08 - [MESSAGE][INFO] - Clicking on object: 'Object Repository/Sayfalar/Giris_Sayfasi/RetveTamam_Butonu'

2021-11-18 12:27:08 - [MESSAGE][PASSED] - Object: 'Object Repository/Sayfalar/Giris_Sayfasi/RetveTamam_Butonu' is clicked on

2021-11-18 12:27:08 - [TEST_STEP][PASSED] - click(findTestObject("Object Repository/Sayfalar/Giris_Sayfasi/RetveTamam_Butonu")): Object: 'Object Repository/Sayfalar/Giris_Sayfasi/RetveTamam_Butonu' is clicked on

2021-11-18 12:27:08 - [MESSAGE][INFO] - Finding Test Object 'Object Repository/Sayfalar/Giris_Sayfasi/RetveTamam_Butonu'

2021-11-18 12:27:08 - [MESSAGE][INFO] - Checking object

2021-11-18 12:27:08 - [MESSAGE][INFO] - Finding web element from Test Object's properties

2021-11-18 12:27:08 - [MESSAGE][INFO] - Checking timeout

2021-11-18 12:27:08 - [MESSAGE][INFO] - Finding web element with id: 'Object Repository/Sayfalar/Giris_Sayfasi/RetveTamam_Butonu' located by 'By.xpath: //*[@class = 'btn btn-default']' in '30' second(s)

2021-11-18 12:27:08 - [MESSAGE][INFO] - Smart Wait Function is triggered

2021-11-18 12:27:14 - [MESSAGE][INFO] - Found 1 web elements with id: 'Object Repository/Sayfalar/Giris_Sayfasi/RetveTamam_Butonu' located by 'By.xpath: //*[@class = 'btn btn-default']' in '30' second(s)

2021-11-18 12:27:14 - [MESSAGE][INFO] - Clicking on object: 'Object Repository/Sayfalar/Giris_Sayfasi/RetveTamam_Butonu'

2021-11-18 12:27:14 - [MESSAGE][PASSED] - Object: 'Object Repository/Sayfalar/Giris_Sayfasi/RetveTamam_Butonu' is clicked on

2021-11-18 12:27:14 - [TEST_STEP][PASSED] - if (verifyElementPresent(findTestObject("Sayfalar/Giris_Sayfasi/PopupOK"), 5, OPTIONAL)): null

2021-11-18 12:27:14 - [MESSAGE][INFO] - Finding Test Object 'Object Repository/Sayfalar/Giris_Sayfasi/PopupOK'

2021-11-18 12:27:14 - [MESSAGE][INFO] - Checking object

2021-11-18 12:27:14 - [MESSAGE][INFO] - Finding web element from Test Object's properties

2021-11-18 12:27:14 - [MESSAGE][INFO] - Checking timeout

2021-11-18 12:27:14 - [MESSAGE][INFO] - Finding web element with id: 'Object Repository/Sayfalar/Giris_Sayfasi/PopupOK' located by 'By.cssSelector: .btn.btn-success' in '5' second(s)

2021-11-18 12:27:14 - [MESSAGE][INFO] - Smart Wait Function is triggered

2021-11-18 12:27:14 - [MESSAGE][INFO] - Found 1 web elements with id: 'Object Repository/Sayfalar/Giris_Sayfasi/PopupOK' located by 'By.cssSelector: .btn.btn-success' in '5' second(s)

2021-11-18 12:27:14 - [MESSAGE][PASSED] - Object 'Object Repository/Sayfalar/Giris_Sayfasi/PopupOK' is present

2021-11-18 12:27:14 - [TEST_STEP][PASSED] - click(findTestObject("Object Repository/Sayfalar/Giris_Sayfasi/PopupCarpiGiris")): Object: 'Object Repository/Sayfalar/Giris_Sayfasi/PopupCarpiGiris' is clicked on

2021-11-18 12:27:14 - [MESSAGE][INFO] - Finding Test Object 'Object Repository/Sayfalar/Giris_Sayfasi/PopupCarpiGiris'

2021-11-18 12:27:14 - [MESSAGE][INFO] - Checking object

2021-11-18 12:27:14 - [MESSAGE][INFO] - Finding web element from Test Object's properties

2021-11-18 12:27:14 - [MESSAGE][INFO] - Checking timeout

2021-11-18 12:27:14 - [MESSAGE][INFO] - Finding web element with id: 'Object Repository/Sayfalar/Giris_Sayfasi/PopupCarpiGiris' located by 'By.cssSelector: .bootbox-close-button.close' in '30' second(s)

2021-11-18 12:27:14 - [MESSAGE][INFO] - Smart Wait Function is triggered

2021-11-18 12:27:15 - [MESSAGE][INFO] - Found 1 web elements with id: 'Object Repository/Sayfalar/Giris_Sayfasi/PopupCarpiGiris' located by 'By.cssSelector: .bootbox-close-button.close' in '30' second(s)

2021-11-18 12:27:15 - [MESSAGE][INFO] - Clicking on object: 'Object Repository/Sayfalar/Giris_Sayfasi/PopupCarpiGiris'

2021-11-18 12:27:15 - [MESSAGE][PASSED] - Object: 'Object Repository/Sayfalar/Giris_Sayfasi/PopupCarpiGiris' is clicked on

2021-11-18 12:27:15 - [TEST_STEP][PASSED] - verifyElementVisible(findTestObject("Object Repository/Kullanici_Islemleri/KullaniciIslemleri")): Object 'Object Repository/Kullanici_Islemleri/KullaniciIslemleri' is visible

2021-11-18 12:27:15 - [MESSAGE][INFO] - Finding Test Object 'Object Repository/Kullanici_Islemleri/KullaniciIslemleri'

2021-11-18 12:27:15 - [MESSAGE][INFO] - Checking object

2021-11-18 12:27:15 - [MESSAGE][INFO] - Finding web element from Test Object's properties

2021-11-18 12:27:15 - [MESSAGE][INFO] - Checking timeout

2021-11-18 12:27:15 - [MESSAGE][INFO] - Finding web element with id: 'Object Repository/Kullanici_Islemleri/KullaniciIslemleri' located by 'By.cssSelector: .dropdown>a>img' in '30' second(s)

2021-11-18 12:27:15 - [MESSAGE][INFO] - Smart Wait Function is triggered

2021-11-18 12:27:16 - [MESSAGE][INFO] - Found 1 web elements with id: 'Object Repository/Kullanici_Islemleri/KullaniciIslemleri' located by 'By.cssSelector: .dropdown>a>img' in '30' second(s)

2021-11-18 12:27:16 - [MESSAGE][PASSED] - Object 'Object Repository/Kullanici_Islemleri/KullaniciIslemleri' is visible

2021-11-18 12:27:16 - [MESSAGE][PASSED] - Call Test Case 'Test Cases/Sayfalar/Giris_Sayfasi/Login' successfully

2021-11-18 12:27:16 - [MESSAGE][INFO] - Checking called Test Case

2021-11-18 12:27:16 - [MESSAGE][INFO] - Starting to call Test Case 'Test Cases/Menu/AnaMenuSecimi'

2021-11-18 12:27:16 - [TEST_CASE][PASSED] - Test Cases/Menu/AnaMenuSecimi: Test Cases/Menu/AnaMenuSecimi

2021-11-18 12:27:16 - [TEST_STEP][PASSED] - Method.TextDegerineEsitElementeTikla(findTestObject("Menu/Ana_Menu"), Ana_Menu): Method.TextDegerineEsitElementeTikla is PASSED

2021-11-18 12:27:16 - [MESSAGE][INFO] - Finding Test Object 'Object Repository/Menu/Ana_Menu'

2021-11-18 12:27:16 - [MESSAGE][INFO] - Checking timeout

2021-11-18 12:27:16 - [MESSAGE][INFO] - Finding web element with id: 'Object Repository/Menu/Ana_Menu' located by 'By.xpath: //*[@class = 'dropdown-toggle']' in '10' second(s)

2021-11-18 12:27:16 - [MESSAGE][INFO] - Smart Wait Function is triggered

2021-11-18 12:27:16 - [MESSAGE][INFO] - Found 14 web elements with id: 'Object Repository/Menu/Ana_Menu' located by 'By.xpath: //*[@class = 'dropdown-toggle']' in '10' second(s)

2021-11-18 12:27:16 - [MESSAGE][PASSED] - Method.TextDegerineEsitElementeTikla is PASSED

2021-11-18 12:27:16 - [MESSAGE][PASSED] - Call Test Case 'Test Cases/Menu/AnaMenuSecimi' successfully

2021-11-18 12:27:16 - [MESSAGE][INFO] - Checking called Test Case

2021-11-18 12:27:16 - [MESSAGE][INFO] - Starting to call Test Case 'Test Cases/Menu/BasligaGoreAltMenuSecimi'

2021-11-18 12:27:16 - [TEST_CASE][PASSED] - Test Cases/Menu/BasligaGoreAltMenuSecimi: Test Cases/Menu/BasligaGoreAltMenuSecimi

2021-11-18 12:27:16 - [TEST_STEP][PASSED] - Method.TextDegerineEsitElementinAltindakiTextDegerineEsitOlanaTikla(findTestObject("Menu/Menu_Basligi"), findTestObject("Menu/Basliga_Gore_Alt_Menu"), Baslik, Alt_Menu): Method.TextDegerineEsitElementinAltindakiTextDegerineEsitOlanaTikla is PASSED

2021-11-18 12:27:16 - [MESSAGE][INFO] - Finding Test Object 'Object Repository/Menu/Menu_Basligi'

2021-11-18 12:27:16 - [MESSAGE][INFO] - Finding Test Object 'Object Repository/Menu/Basliga_Gore_Alt_Menu'

2021-11-18 12:27:16 - [MESSAGE][INFO] - Checking timeout

2021-11-18 12:27:16 - [MESSAGE][INFO] - Finding web element with id: 'Object Repository/Menu/Menu_Basligi' located by 'By.xpath: //li[@class='dropdown dropdown-large open']//li[@class='dropdown-header']' in '10' second(s)

2021-11-18 12:27:16 - [MESSAGE][INFO] - Smart Wait Function is triggered

2021-11-18 12:27:17 - [MESSAGE][INFO] - Found 2 web elements with id: 'Object Repository/Menu/Menu_Basligi' located by 'By.xpath: //li[@class='dropdown dropdown-large open']//li[@class='dropdown-header']' in '10' second(s)

2021-11-18 12:27:17 - [MESSAGE][INFO] - Smart Wait Function is triggered

2021-11-18 12:27:19 - [MESSAGE][PASSED] - Method.TextDegerineEsitElementinAltindakiTextDegerineEsitOlanaTikla is PASSED

2021-11-18 12:27:19 - [MESSAGE][PASSED] - Call Test Case 'Test Cases/Menu/BasligaGoreAltMenuSecimi' successfully

2021-11-18 12:27:19 - [MESSAGE][INFO] - Checking called Test Case

2021-11-18 12:27:19 - [MESSAGE][INFO] - Starting to call Test Case 'Test Cases/Tablo/Olusturma Tarihi'

2021-11-18 12:27:19 - [TEST_CASE][PASSED] - Test Cases/Tablo/Olusturma Tarihi: Test Cases/Tablo/Olusturma Tarihi

2021-11-18 12:27:19 - [TEST_STEP][PASSED] - if (verifyTextNotPresent("Görüntülenecek veri yok", true, OPTIONAL)): null

2021-11-18 12:27:19 - [MESSAGE][INFO] - Checking text present  using regular expression

2021-11-18 12:27:19 - [MESSAGE][INFO] - Smart Wait Function is triggered

2021-11-18 12:27:19 - [MESSAGE][INFO] - Finding text 'Görüntülenecek veri yok' on page  using regular expression

2021-11-18 12:27:19 - [MESSAGE][PASSED] - Text 'Görüntülenecek veri yok' is not present on page using regular expression

2021-11-18 12:27:19 - [TEST_STEP][PASSED] - click(findTestObject("Temizle/Olusturma_Tarihi_CheckBox")): Object: 'Object Repository/Temizle/Olusturma_Tarihi_CheckBox' is clicked on

2021-11-18 12:27:19 - [MESSAGE][INFO] - Finding Test Object 'Object Repository/Temizle/Olusturma_Tarihi_CheckBox'

2021-11-18 12:27:19 - [MESSAGE][INFO] - Checking object

2021-11-18 12:27:19 - [MESSAGE][INFO] - Finding web element from Test Object's properties

2021-11-18 12:27:19 - [MESSAGE][INFO] - Checking timeout

2021-11-18 12:27:19 - [MESSAGE][INFO] - Finding web element with id: 'Object Repository/Temizle/Olusturma_Tarihi_CheckBox' located by 'By.xpath: //*[@title = 'Bu sayfadaki tüm satırları Seç']' in '30' second(s)

2021-11-18 12:27:19 - [MESSAGE][INFO] - Smart Wait Function is triggered

2021-11-18 12:27:19 - [MESSAGE][INFO] - Found 1 web elements with id: 'Object Repository/Temizle/Olusturma_Tarihi_CheckBox' located by 'By.xpath: //*[@title = 'Bu sayfadaki tüm satırları Seç']' in '30' second(s)

2021-11-18 12:27:19 - [MESSAGE][INFO] - Clicking on object: 'Object Repository/Temizle/Olusturma_Tarihi_CheckBox'

2021-11-18 12:27:19 - [MESSAGE][PASSED] - Object: 'Object Repository/Temizle/Olusturma_Tarihi_CheckBox' is clicked on

2021-11-18 12:27:19 - [TEST_STEP][PASSED] - Method.TextDegerineEsitElementeTiklaEquals(findTestObject("Butonlar/Butonlar"), "Sil"): Method.TextDegerineEsitElementeTiklaEquals is PASSED

2021-11-18 12:27:19 - [MESSAGE][INFO] - Finding Test Object 'Object Repository/Butonlar/Butonlar'

2021-11-18 12:27:20 - [MESSAGE][INFO] - Checking timeout

2021-11-18 12:27:20 - [MESSAGE][INFO] - Finding web element with id: 'Object Repository/Butonlar/Butonlar' located by 'By.cssSelector: .panel.panel-default.text-center.footerPanel .btn,.btn.btn-primary.btnControls' in '10' second(s)

2021-11-18 12:27:20 - [MESSAGE][INFO] - Smart Wait Function is triggered

2021-11-18 12:27:20 - [MESSAGE][INFO] - Found 7 web elements with id: 'Object Repository/Butonlar/Butonlar' located by 'By.cssSelector: .panel.panel-default.text-center.footerPanel .btn,.btn.btn-primary.btnControls' in '10' second(s)

2021-11-18 12:27:20 - [MESSAGE][PASSED] - Method.TextDegerineEsitElementeTiklaEquals is PASSED

2021-11-18 12:27:20 - [TEST_STEP][PASSED] - Method.TextDegerineEsitElementeTikla(findTestObject("Popup/Popup_Butons"), "Evet"): Method.TextDegerineEsitElementeTikla is PASSED

2021-11-18 12:27:20 - [MESSAGE][INFO] - Finding Test Object 'Object Repository/Popup/Popup_Butons'

2021-11-18 12:27:20 - [MESSAGE][INFO] - Checking timeout

2021-11-18 12:27:20 - [MESSAGE][INFO] - Finding web element with id: 'Object Repository/Popup/Popup_Butons' located by 'By.cssSelector: .modal-footer>button' in '10' second(s)

2021-11-18 12:27:20 - [MESSAGE][INFO] - Smart Wait Function is triggered

2021-11-18 12:27:21 - [MESSAGE][INFO] - Found 2 web elements with id: 'Object Repository/Popup/Popup_Butons' located by 'By.cssSelector: .modal-footer>button' in '10' second(s)

2021-11-18 12:27:21 - [MESSAGE][PASSED] - Method.TextDegerineEsitElementeTikla is PASSED

2021-11-18 12:27:21 - [TEST_STEP][PASSED] - Method.TextDegerineEsitElementeTikla(findTestObject("Popup/Popup_Butons"), "Tamam"): Method.TextDegerineEsitElementeTikla is PASSED

2021-11-18 12:27:21 - [MESSAGE][INFO] - Finding Test Object 'Object Repository/Popup/Popup_Butons'

2021-11-18 12:27:21 - [MESSAGE][INFO] - Checking timeout

2021-11-18 12:27:21 - [MESSAGE][INFO] - Finding web element with id: 'Object Repository/Popup/Popup_Butons' located by 'By.cssSelector: .modal-footer>button' in '10' second(s)

2021-11-18 12:27:21 - [MESSAGE][INFO] - Smart Wait Function is triggered

2021-11-18 12:27:22 - [MESSAGE][INFO] - Found 1 web elements with id: 'Object Repository/Popup/Popup_Butons' located by 'By.cssSelector: .modal-footer>button' in '10' second(s)

2021-11-18 12:27:22 - [MESSAGE][PASSED] - Method.TextDegerineEsitElementeTikla is PASSED

2021-11-18 12:27:22 - [MESSAGE][PASSED] - Call Test Case 'Test Cases/Tablo/Olusturma Tarihi' successfully

2021-11-18 12:27:22 - [MESSAGE][INFO] - Checking called Test Case

2021-11-18 12:27:22 - [MESSAGE][INFO] - Starting to call Test Case 'Test Cases/Butonlar/ButonaTikla'

2021-11-18 12:27:22 - [TEST_CASE][PASSED] - Test Cases/Butonlar/ButonaTikla: Test Cases/Butonlar/ButonaTikla

2021-11-18 12:27:22 - [TEST_STEP][PASSED] - Method.TextDegerineEsitElementeTiklaEquals(findTestObject("Butonlar/Butonlar"), Buton_Adi): Method.TextDegerineEsitElementeTiklaEquals is PASSED

2021-11-18 12:27:22 - [MESSAGE][INFO] - Finding Test Object 'Object Repository/Butonlar/Butonlar'

2021-11-18 12:27:22 - [MESSAGE][INFO] - Checking timeout

2021-11-18 12:27:22 - [MESSAGE][INFO] - Finding web element with id: 'Object Repository/Butonlar/Butonlar' located by 'By.cssSelector: .panel.panel-default.text-center.footerPanel .btn,.btn.btn-primary.btnControls' in '10' second(s)

2021-11-18 12:27:22 - [MESSAGE][INFO] - Smart Wait Function is triggered

2021-11-18 12:27:23 - [MESSAGE][INFO] - Found 7 web elements with id: 'Object Repository/Butonlar/Butonlar' located by 'By.cssSelector: .panel.panel-default.text-center.footerPanel .btn,.btn.btn-primary.btnControls' in '10' second(s)

2021-11-18 12:27:23 - [MESSAGE][PASSED] - Method.TextDegerineEsitElementeTiklaEquals is PASSED

2021-11-18 12:27:23 - [MESSAGE][PASSED] - Call Test Case 'Test Cases/Butonlar/ButonaTikla' successfully

2021-11-18 12:27:23 - [MESSAGE][INFO] - Checking called Test Case

2021-11-18 12:27:23 - [MESSAGE][INFO] - Starting to call Test Case 'Test Cases/Olusturma/Genel/GorselTasarimSayfasıBasligiIceriyorMu'

2021-11-18 12:27:23 - [TEST_CASE][PASSED] - Test Cases/Olusturma/Genel/GorselTasarimSayfasıBasligiIceriyorMu: Test Cases/Olusturma/Genel/GorselTasarimSayfasıBasligiIceriyorMu

2021-11-18 12:27:23 - [TEST_STEP][PASSED] - verifyElementText(findTestObject("Object Repository/Olusturma/Genel/GorselTasarimBaslik"), Baslik): Actual text and expected text of test object 'Object Repository/Olusturma/Genel/GorselTasarimBaslik' are matched.

2021-11-18 12:27:23 - [MESSAGE][INFO] - Finding Test Object 'Object Repository/Olusturma/Genel/GorselTasarimBaslik'

2021-11-18 12:27:23 - [MESSAGE][INFO] - Checking object

2021-11-18 12:27:23 - [MESSAGE][INFO] - Finding web element from Test Object's properties

2021-11-18 12:27:23 - [MESSAGE][INFO] - Checking timeout

2021-11-18 12:27:23 - [MESSAGE][INFO] - Finding web element with id: 'Object Repository/Olusturma/Genel/GorselTasarimBaslik' located by 'By.cssSelector: #flAlici_0>div>span' in '30' second(s)

2021-11-18 12:27:23 - [MESSAGE][INFO] - Smart Wait Function is triggered

2021-11-18 12:27:25 - [MESSAGE][INFO] - Found 1 web elements with id: 'Object Repository/Olusturma/Genel/GorselTasarimBaslik' located by 'By.cssSelector: #flAlici_0>div>span' in '30' second(s)

2021-11-18 12:27:25 - [MESSAGE][PASSED] - Actual text and expected text of test object 'Object Repository/Olusturma/Genel/GorselTasarimBaslik' are matched.

2021-11-18 12:27:25 - [MESSAGE][PASSED] - Call Test Case 'Test Cases/Olusturma/Genel/GorselTasarimSayfasıBasligiIceriyorMu' successfully

2021-11-18 12:27:25 - [MESSAGE][INFO] - Checking called Test Case

2021-11-18 12:27:25 - [MESSAGE][INFO] - Starting to call Test Case 'Test Cases/Olusturma/Genel/AliciSecilir'

2021-11-18 12:27:25 - [TEST_CASE][PASSED] - Test Cases/Olusturma/Genel/AliciSecilir: Test Cases/Olusturma/Genel/AliciSecilir

2021-11-18 12:27:25 - [TEST_STEP][PASSED] - click(findTestObject("Olusturma/Genel/AliciBilgisi/Alici_Ara")): Object: 'Object Repository/Olusturma/Genel/AliciBilgisi/Alici_Ara' is clicked on

2021-11-18 12:27:25 - [MESSAGE][INFO] - Finding Test Object 'Object Repository/Olusturma/Genel/AliciBilgisi/Alici_Ara'

2021-11-18 12:27:25 - [MESSAGE][INFO] - Checking object

2021-11-18 12:27:25 - [MESSAGE][INFO] - Finding web element from Test Object's properties

2021-11-18 12:27:25 - [MESSAGE][INFO] - Checking timeout

2021-11-18 12:27:25 - [MESSAGE][INFO] - Finding web element with id: 'Object Repository/Olusturma/Genel/AliciBilgisi/Alici_Ara' located by 'By.xpath: //td[@id='txtCustomerText_B-1']' in '30' second(s)

2021-11-18 12:27:25 - [MESSAGE][INFO] - Smart Wait Function is triggered

2021-11-18 12:27:25 - [MESSAGE][INFO] - Found 1 web elements with id: 'Object Repository/Olusturma/Genel/AliciBilgisi/Alici_Ara' located by 'By.xpath: //td[@id='txtCustomerText_B-1']' in '30' second(s)

2021-11-18 12:27:25 - [MESSAGE][INFO] - Clicking on object: 'Object Repository/Olusturma/Genel/AliciBilgisi/Alici_Ara'

2021-11-18 12:27:25 - [MESSAGE][PASSED] - Object: 'Object Repository/Olusturma/Genel/AliciBilgisi/Alici_Ara' is clicked on

2021-11-18 12:27:25 - [TEST_STEP][PASSED] - click(findTestObject("Olusturma/Genel/AliciBilgisi/Alici_Bilgisi")): Object: 'Object Repository/Olusturma/Genel/AliciBilgisi/Alici_Bilgisi' is clicked on

2021-11-18 12:27:25 - [MESSAGE][INFO] - Finding Test Object 'Object Repository/Olusturma/Genel/AliciBilgisi/Alici_Bilgisi'

2021-11-18 12:27:26 - [MESSAGE][INFO] - Checking object

2021-11-18 12:27:26 - [MESSAGE][INFO] - Finding web element from Test Object's properties

2021-11-18 12:27:26 - [MESSAGE][INFO] - Checking timeout

2021-11-18 12:27:26 - [MESSAGE][INFO] - Finding web element with id: 'Object Repository/Olusturma/Genel/AliciBilgisi/Alici_Bilgisi' located by 'By.xpath: //iframe[@id='customerselectiframe']' in '30' second(s)

2021-11-18 12:27:26 - [MESSAGE][INFO] - Smart Wait Function is triggered

2021-11-18 12:27:26 - [MESSAGE][INFO] - Found 1 web elements with id: 'Object Repository/Olusturma/Genel/AliciBilgisi/Alici_Bilgisi' located by 'By.xpath: //iframe[@id='customerselectiframe']' in '30' second(s)

2021-11-18 12:27:26 - [MESSAGE][INFO] - Clicking on object: 'Object Repository/Olusturma/Genel/AliciBilgisi/Alici_Bilgisi'

2021-11-18 12:27:26 - [MESSAGE][PASSED] - Object: 'Object Repository/Olusturma/Genel/AliciBilgisi/Alici_Bilgisi' is clicked on

2021-11-18 12:27:26 - [TEST_STEP][PASSED] - setText(findTestObject("Olusturma/Genel/AliciBilgisi/Alici_Gir"), Alici_Adi): Switching to default content

2021-11-18 12:27:26 - [MESSAGE][INFO] - Finding Test Object 'Object Repository/Olusturma/Genel/AliciBilgisi/Alici_Gir'

2021-11-18 12:27:26 - [MESSAGE][INFO] - Finding Test Object 'Object Repository/Olusturma/Genel/AliciBilgisi/Alici_Bilgisi'

2021-11-18 12:27:26 - [MESSAGE][INFO] - Checking object

2021-11-18 12:27:26 - [MESSAGE][INFO] - Checking text

2021-11-18 12:27:26 - [MESSAGE][INFO] - Object: 'Object Repository/Olusturma/Genel/AliciBilgisi/Alici_Gir' has parent object(s)

2021-11-18 12:27:26 - [MESSAGE][INFO] - Switching to iframe: 'Object Repository/Olusturma/Genel/AliciBilgisi/Alici_Bilgisi'

2021-11-18 12:27:26 - [MESSAGE][INFO] - Finding web element from Test Object's properties

2021-11-18 12:27:26 - [MESSAGE][INFO] - Checking timeout

2021-11-18 12:27:26 - [MESSAGE][INFO] - Finding web element with id: 'Object Repository/Olusturma/Genel/AliciBilgisi/Alici_Bilgisi' located by 'By.xpath: //iframe[@id='customerselectiframe']' in '30' second(s)

2021-11-18 12:27:26 - [MESSAGE][INFO] - Smart Wait Function is triggered

2021-11-18 12:27:26 - [MESSAGE][INFO] - Found 1 web elements with id: 'Object Repository/Olusturma/Genel/AliciBilgisi/Alici_Bilgisi' located by 'By.xpath: //iframe[@id='customerselectiframe']' in '30' second(s)

2021-11-18 12:27:26 - [MESSAGE][INFO] - Switched to iframe: 'Object Repository/Olusturma/Genel/AliciBilgisi/Alici_Bilgisi'

2021-11-18 12:27:26 - [MESSAGE][INFO] - Finding web element from Test Object's properties

2021-11-18 12:27:26 - [MESSAGE][INFO] - Checking timeout

2021-11-18 12:27:26 - [MESSAGE][INFO] - Finding web element with id: 'Object Repository/Olusturma/Genel/AliciBilgisi/Alici_Gir' located by 'By.xpath: //input[@id='GridViewCustomer_DXFREditorcol1_I']' in '30' second(s)

2021-11-18 12:27:26 - [MESSAGE][INFO] - Smart Wait Function is triggered

2021-11-18 12:27:26 - [MESSAGE][INFO] - Found 1 web elements with id: 'Object Repository/Olusturma/Genel/AliciBilgisi/Alici_Gir' located by 'By.xpath: //input[@id='GridViewCustomer_DXFREditorcol1_I']' in '30' second(s)

2021-11-18 12:27:26 - [MESSAGE][INFO] - Clearing text of object 'Object Repository/Olusturma/Genel/AliciBilgisi/Alici_Gir'

2021-11-18 12:27:26 - [MESSAGE][INFO] - Finding web element from Test Object's properties

2021-11-18 12:27:26 - [MESSAGE][INFO] - Checking timeout

2021-11-18 12:27:26 - [MESSAGE][INFO] - Finding web element with id: 'Object Repository/Olusturma/Genel/AliciBilgisi/Alici_Gir' located by 'By.xpath: //input[@id='GridViewCustomer_DXFREditorcol1_I']' in '30' second(s)

2021-11-18 12:27:26 - [MESSAGE][INFO] - Smart Wait Function is triggered

2021-11-18 12:27:26 - [MESSAGE][INFO] - Found 1 web elements with id: 'Object Repository/Olusturma/Genel/AliciBilgisi/Alici_Gir' located by 'By.xpath: //input[@id='GridViewCustomer_DXFREditorcol1_I']' in '30' second(s)

2021-11-18 12:27:26 - [MESSAGE][INFO] - Setting text of object 'Object Repository/Olusturma/Genel/AliciBilgisi/Alici_Gir' to value 'VirgosolSerbestMeslekVKN'

2021-11-18 12:27:27 - [MESSAGE][PASSED] - Text 'VirgosolSerbestMeslekVKN' is set on object 'Object Repository/Olusturma/Genel/AliciBilgisi/Alici_Gir'

2021-11-18 12:27:27 - [MESSAGE][INFO] - Switching to default content

2021-11-18 12:27:27 - [TEST_STEP][PASSED] - waitForElementClickable(findTestObject("Olusturma/Genel/AliciBilgisi/Alici_Adi"), 10): Switching to default content

2021-11-18 12:27:27 - [MESSAGE][INFO] - Finding Test Object 'Object Repository/Olusturma/Genel/AliciBilgisi/Alici_Adi'

2021-11-18 12:27:27 - [MESSAGE][INFO] - Finding Test Object 'Object Repository/Olusturma/Genel/AliciBilgisi/iframe_Alc Bilgisi_customerselectiframe'

2021-11-18 12:27:27 - [MESSAGE][INFO] - Checking object

2021-11-18 12:27:27 - [MESSAGE][INFO] - Checking timeout

2021-11-18 12:27:27 - [MESSAGE][INFO] - Object: 'Object Repository/Olusturma/Genel/AliciBilgisi/Alici_Adi' has parent object(s)

2021-11-18 12:27:27 - [MESSAGE][INFO] - Switching to iframe: 'Object Repository/Olusturma/Genel/AliciBilgisi/iframe_Alc Bilgisi_customerselectiframe'

2021-11-18 12:27:27 - [MESSAGE][INFO] - Finding web element from Test Object's properties

2021-11-18 12:27:27 - [MESSAGE][INFO] - Checking timeout

2021-11-18 12:27:27 - [MESSAGE][INFO] - Finding web element with id: 'Object Repository/Olusturma/Genel/AliciBilgisi/iframe_Alc Bilgisi_customerselectiframe' located by 'By.xpath: //iframe[@id='customerselectiframe']' in '10' second(s)

2021-11-18 12:27:27 - [MESSAGE][INFO] - Smart Wait Function is triggered

2021-11-18 12:27:27 - [MESSAGE][INFO] - Found 1 web elements with id: 'Object Repository/Olusturma/Genel/AliciBilgisi/iframe_Alc Bilgisi_customerselectiframe' located by 'By.xpath: //iframe[@id='customerselectiframe']' in '10' second(s)

2021-11-18 12:27:27 - [MESSAGE][INFO] - Switched to iframe: 'Object Repository/Olusturma/Genel/AliciBilgisi/iframe_Alc Bilgisi_customerselectiframe'

2021-11-18 12:27:27 - [MESSAGE][INFO] - Finding web element from Test Object's properties

2021-11-18 12:27:27 - [MESSAGE][INFO] - Checking timeout

2021-11-18 12:27:27 - [MESSAGE][INFO] - Finding web element with id: 'Object Repository/Olusturma/Genel/AliciBilgisi/Alici_Adi' located by 'By.xpath: //tr[@id='GridViewCustomer_DXDataRow0']/td[2]' in '10' second(s)

2021-11-18 12:27:27 - [MESSAGE][INFO] - Smart Wait Function is triggered

2021-11-18 12:27:27 - [MESSAGE][INFO] - Found 1 web elements with id: 'Object Repository/Olusturma/Genel/AliciBilgisi/Alici_Adi' located by 'By.xpath: //tr[@id='GridViewCustomer_DXDataRow0']/td[2]' in '10' second(s)

2021-11-18 12:27:27 - [MESSAGE][PASSED] - Object 'Object Repository/Olusturma/Genel/AliciBilgisi/Alici_Adi' is clickable

2021-11-18 12:27:27 - [MESSAGE][INFO] - Switching to default content

2021-11-18 12:27:27 - [TEST_STEP][PASSED] - click(findTestObject("Olusturma/Genel/AliciBilgisi/frame")): Switching to default content

2021-11-18 12:27:27 - [MESSAGE][INFO] - Finding Test Object 'Object Repository/Olusturma/Genel/AliciBilgisi/frame'

2021-11-18 12:27:27 - [MESSAGE][INFO] - Finding Test Object 'Object Repository/Olusturma/Genel/AliciBilgisi/iframe_Alc Bilgisi_customerselectiframe'

2021-11-18 12:27:27 - [MESSAGE][INFO] - Checking object

2021-11-18 12:27:27 - [MESSAGE][INFO] - Object: 'Object Repository/Olusturma/Genel/AliciBilgisi/frame' has parent object(s)

2021-11-18 12:27:27 - [MESSAGE][INFO] - Switching to iframe: 'Object Repository/Olusturma/Genel/AliciBilgisi/iframe_Alc Bilgisi_customerselectiframe'

2021-11-18 12:27:27 - [MESSAGE][INFO] - Finding web element from Test Object's properties

2021-11-18 12:27:27 - [MESSAGE][INFO] - Checking timeout

2021-11-18 12:27:27 - [MESSAGE][INFO] - Finding web element with id: 'Object Repository/Olusturma/Genel/AliciBilgisi/iframe_Alc Bilgisi_customerselectiframe' located by 'By.xpath: //iframe[@id='customerselectiframe']' in '30' second(s)

2021-11-18 12:27:27 - [MESSAGE][INFO] - Smart Wait Function is triggered

2021-11-18 12:27:27 - [MESSAGE][INFO] - Found 1 web elements with id: 'Object Repository/Olusturma/Genel/AliciBilgisi/iframe_Alc Bilgisi_customerselectiframe' located by 'By.xpath: //iframe[@id='customerselectiframe']' in '30' second(s)

2021-11-18 12:27:27 - [MESSAGE][INFO] - Switched to iframe: 'Object Repository/Olusturma/Genel/AliciBilgisi/iframe_Alc Bilgisi_customerselectiframe'

2021-11-18 12:27:27 - [MESSAGE][INFO] - Finding web element from Test Object's properties

2021-11-18 12:27:27 - [MESSAGE][INFO] - Checking timeout

2021-11-18 12:27:27 - [MESSAGE][INFO] - Finding web element with id: 'Object Repository/Olusturma/Genel/AliciBilgisi/frame' located by 'By.xpath: //*/text()[normalize-space(.)='']/parent::*' in '30' second(s)

2021-11-18 12:27:27 - [MESSAGE][INFO] - Smart Wait Function is triggered

2021-11-18 12:27:27 - [MESSAGE][INFO] - Found 73 web elements with id: 'Object Repository/Olusturma/Genel/AliciBilgisi/frame' located by 'By.xpath: //*/text()[normalize-space(.)='']/parent::*' in '30' second(s)

2021-11-18 12:27:27 - [MESSAGE][INFO] - Clicking on object: 'Object Repository/Olusturma/Genel/AliciBilgisi/frame'

2021-11-18 12:27:28 - [MESSAGE][PASSED] - Object: 'Object Repository/Olusturma/Genel/AliciBilgisi/frame' is clicked on

2021-11-18 12:27:28 - [MESSAGE][INFO] - Switching to default content

2021-11-18 12:27:28 - [TEST_STEP][PASSED] - click(findTestObject("Olusturma/Genel/AliciBilgisi/Alici_Adi")): Switching to default content

2021-11-18 12:27:28 - [MESSAGE][INFO] - Finding Test Object 'Object Repository/Olusturma/Genel/AliciBilgisi/Alici_Adi'

2021-11-18 12:27:28 - [MESSAGE][INFO] - Finding Test Object 'Object Repository/Olusturma/Genel/AliciBilgisi/iframe_Alc Bilgisi_customerselectiframe'

2021-11-18 12:27:28 - [MESSAGE][INFO] - Checking object

2021-11-18 12:27:28 - [MESSAGE][INFO] - Object: 'Object Repository/Olusturma/Genel/AliciBilgisi/Alici_Adi' has parent object(s)

2021-11-18 12:27:28 - [MESSAGE][INFO] - Switching to iframe: 'Object Repository/Olusturma/Genel/AliciBilgisi/iframe_Alc Bilgisi_customerselectiframe'

2021-11-18 12:27:28 - [MESSAGE][INFO] - Finding web element from Test Object's properties

2021-11-18 12:27:28 - [MESSAGE][INFO] - Checking timeout

2021-11-18 12:27:28 - [MESSAGE][INFO] - Finding web element with id: 'Object Repository/Olusturma/Genel/AliciBilgisi/iframe_Alc Bilgisi_customerselectiframe' located by 'By.xpath: //iframe[@id='customerselectiframe']' in '30' second(s)

2021-11-18 12:27:28 - [MESSAGE][INFO] - Smart Wait Function is triggered

2021-11-18 12:27:28 - [MESSAGE][INFO] - Found 1 web elements with id: 'Object Repository/Olusturma/Genel/AliciBilgisi/iframe_Alc Bilgisi_customerselectiframe' located by 'By.xpath: //iframe[@id='customerselectiframe']' in '30' second(s)

2021-11-18 12:27:28 - [MESSAGE][INFO] - Switched to iframe: 'Object Repository/Olusturma/Genel/AliciBilgisi/iframe_Alc Bilgisi_customerselectiframe'

2021-11-18 12:27:28 - [MESSAGE][INFO] - Finding web element from Test Object's properties

2021-11-18 12:27:28 - [MESSAGE][INFO] - Checking timeout

2021-11-18 12:27:28 - [MESSAGE][INFO] - Finding web element with id: 'Object Repository/Olusturma/Genel/AliciBilgisi/Alici_Adi' located by 'By.xpath: //tr[@id='GridViewCustomer_DXDataRow0']/td[2]' in '30' second(s)

2021-11-18 12:27:28 - [MESSAGE][INFO] - Smart Wait Function is triggered

2021-11-18 12:27:28 - [MESSAGE][INFO] - Found 1 web elements with id: 'Object Repository/Olusturma/Genel/AliciBilgisi/Alici_Adi' located by 'By.xpath: //tr[@id='GridViewCustomer_DXDataRow0']/td[2]' in '30' second(s)

2021-11-18 12:27:28 - [MESSAGE][INFO] - Clicking on object: 'Object Repository/Olusturma/Genel/AliciBilgisi/Alici_Adi'

2021-11-18 12:27:28 - [MESSAGE][PASSED] - Object: 'Object Repository/Olusturma/Genel/AliciBilgisi/Alici_Adi' is clicked on

2021-11-18 12:27:28 - [MESSAGE][INFO] - Switching to default content

2021-11-18 12:27:28 - [TEST_STEP][PASSED] - click(findTestObject("Olusturma/Genel/AliciBilgisi/Tamam_Bosluk")): Switching to default content

2021-11-18 12:27:28 - [MESSAGE][INFO] - Finding Test Object 'Object Repository/Olusturma/Genel/AliciBilgisi/Tamam_Bosluk'

2021-11-18 12:27:28 - [MESSAGE][INFO] - Finding Test Object 'Object Repository/Olusturma/Genel/AliciBilgisi/Alici_Bilgisi'

2021-11-18 12:27:28 - [MESSAGE][INFO] - Checking object

2021-11-18 12:27:28 - [MESSAGE][INFO] - Object: 'Object Repository/Olusturma/Genel/AliciBilgisi/Tamam_Bosluk' has parent object(s)

2021-11-18 12:27:28 - [MESSAGE][INFO] - Switching to iframe: 'Object Repository/Olusturma/Genel/AliciBilgisi/Alici_Bilgisi'

2021-11-18 12:27:28 - [MESSAGE][INFO] - Finding web element from Test Object's properties

2021-11-18 12:27:28 - [MESSAGE][INFO] - Checking timeout

2021-11-18 12:27:28 - [MESSAGE][INFO] - Finding web element with id: 'Object Repository/Olusturma/Genel/AliciBilgisi/Alici_Bilgisi' located by 'By.xpath: //iframe[@id='customerselectiframe']' in '30' second(s)

2021-11-18 12:27:28 - [MESSAGE][INFO] - Smart Wait Function is triggered

2021-11-18 12:27:28 - [MESSAGE][INFO] - Found 1 web elements with id: 'Object Repository/Olusturma/Genel/AliciBilgisi/Alici_Bilgisi' located by 'By.xpath: //iframe[@id='customerselectiframe']' in '30' second(s)

2021-11-18 12:27:29 - [MESSAGE][INFO] - Switched to iframe: 'Object Repository/Olusturma/Genel/AliciBilgisi/Alici_Bilgisi'

2021-11-18 12:27:29 - [MESSAGE][INFO] - Finding web element from Test Object's properties

2021-11-18 12:27:29 - [MESSAGE][INFO] - Checking timeout

2021-11-18 12:27:29 - [MESSAGE][INFO] - Finding web element with id: 'Object Repository/Olusturma/Genel/AliciBilgisi/Tamam_Bosluk' located by 'By.xpath: (.//*[normalize-space(text()) and normalize-space(.)='Sayfa Boyutu:'])[1]/following::div[7]' in '30' second(s)

2021-11-18 12:27:29 - [MESSAGE][INFO] - Smart Wait Function is triggered

2021-11-18 12:27:29 - [MESSAGE][INFO] - Found 1 web elements with id: 'Object Repository/Olusturma/Genel/AliciBilgisi/Tamam_Bosluk' located by 'By.xpath: (.//*[normalize-space(text()) and normalize-space(.)='Sayfa Boyutu:'])[1]/following::div[7]' in '30' second(s)

2021-11-18 12:27:29 - [MESSAGE][INFO] - Clicking on object: 'Object Repository/Olusturma/Genel/AliciBilgisi/Tamam_Bosluk'

2021-11-18 12:27:29 - [MESSAGE][PASSED] - Object: 'Object Repository/Olusturma/Genel/AliciBilgisi/Tamam_Bosluk' is clicked on

2021-11-18 12:27:29 - [MESSAGE][INFO] - Switching to default content

2021-11-18 12:27:29 - [TEST_STEP][PASSED] - waitForElementClickable(findTestObject("Olusturma/Genel/AliciBilgisi/Tamam_Butonu"), 10): Switching to default content

2021-11-18 12:27:29 - [MESSAGE][INFO] - Finding Test Object 'Object Repository/Olusturma/Genel/AliciBilgisi/Tamam_Butonu'

2021-11-18 12:27:29 - [MESSAGE][INFO] - Finding Test Object 'Object Repository/Olusturma/Genel/AliciBilgisi/Alici_Bilgisi'

2021-11-18 12:27:29 - [MESSAGE][INFO] - Checking object

2021-11-18 12:27:29 - [MESSAGE][INFO] - Checking timeout

2021-11-18 12:27:29 - [MESSAGE][INFO] - Object: 'Object Repository/Olusturma/Genel/AliciBilgisi/Tamam_Butonu' has parent object(s)

2021-11-18 12:27:29 - [MESSAGE][INFO] - Switching to iframe: 'Object Repository/Olusturma/Genel/AliciBilgisi/Alici_Bilgisi'

2021-11-18 12:27:29 - [MESSAGE][INFO] - Finding web element from Test Object's properties

2021-11-18 12:27:29 - [MESSAGE][INFO] - Checking timeout

2021-11-18 12:27:29 - [MESSAGE][INFO] - Finding web element with id: 'Object Repository/Olusturma/Genel/AliciBilgisi/Alici_Bilgisi' located by 'By.xpath: //iframe[@id='customerselectiframe']' in '10' second(s)

2021-11-18 12:27:29 - [MESSAGE][INFO] - Smart Wait Function is triggered

2021-11-18 12:27:29 - [MESSAGE][INFO] - Found 1 web elements with id: 'Object Repository/Olusturma/Genel/AliciBilgisi/Alici_Bilgisi' located by 'By.xpath: //iframe[@id='customerselectiframe']' in '10' second(s)

2021-11-18 12:27:29 - [MESSAGE][INFO] - Switched to iframe: 'Object Repository/Olusturma/Genel/AliciBilgisi/Alici_Bilgisi'

2021-11-18 12:27:29 - [MESSAGE][INFO] - Finding web element from Test Object's properties

2021-11-18 12:27:29 - [MESSAGE][INFO] - Checking timeout

2021-11-18 12:27:29 - [MESSAGE][INFO] - Finding web element with id: 'Object Repository/Olusturma/Genel/AliciBilgisi/Tamam_Butonu' located by 'By.xpath: //div[@id='btnSelectCustomer_CD']/span' in '10' second(s)

2021-11-18 12:27:29 - [MESSAGE][INFO] - Smart Wait Function is triggered

2021-11-18 12:27:29 - [MESSAGE][INFO] - Found 1 web elements with id: 'Object Repository/Olusturma/Genel/AliciBilgisi/Tamam_Butonu' located by 'By.xpath: //div[@id='btnSelectCustomer_CD']/span' in '10' second(s)

2021-11-18 12:27:29 - [MESSAGE][PASSED] - Object 'Object Repository/Olusturma/Genel/AliciBilgisi/Tamam_Butonu' is clickable

2021-11-18 12:27:29 - [MESSAGE][INFO] - Switching to default content

2021-11-18 12:27:29 - [TEST_STEP][PASSED] - click(findTestObject("Olusturma/Genel/AliciBilgisi/Tamam_Butonu")): Switching to default content

2021-11-18 12:27:29 - [MESSAGE][INFO] - Finding Test Object 'Object Repository/Olusturma/Genel/AliciBilgisi/Tamam_Butonu'

2021-11-18 12:27:29 - [MESSAGE][INFO] - Finding Test Object 'Object Repository/Olusturma/Genel/AliciBilgisi/Alici_Bilgisi'

2021-11-18 12:27:29 - [MESSAGE][INFO] - Checking object

2021-11-18 12:27:29 - [MESSAGE][INFO] - Object: 'Object Repository/Olusturma/Genel/AliciBilgisi/Tamam_Butonu' has parent object(s)

2021-11-18 12:27:29 - [MESSAGE][INFO] - Switching to iframe: 'Object Repository/Olusturma/Genel/AliciBilgisi/Alici_Bilgisi'

2021-11-18 12:27:29 - [MESSAGE][INFO] - Finding web element from Test Object's properties

2021-11-18 12:27:29 - [MESSAGE][INFO] - Checking timeout

2021-11-18 12:27:29 - [MESSAGE][INFO] - Finding web element with id: 'Object Repository/Olusturma/Genel/AliciBilgisi/Alici_Bilgisi' located by 'By.xpath: //iframe[@id='customerselectiframe']' in '30' second(s)

2021-11-18 12:27:29 - [MESSAGE][INFO] - Smart Wait Function is triggered

2021-11-18 12:27:29 - [MESSAGE][INFO] - Found 1 web elements with id: 'Object Repository/Olusturma/Genel/AliciBilgisi/Alici_Bilgisi' located by 'By.xpath: //iframe[@id='customerselectiframe']' in '30' second(s)

2021-11-18 12:27:29 - [MESSAGE][INFO] - Switched to iframe: 'Object Repository/Olusturma/Genel/AliciBilgisi/Alici_Bilgisi'

2021-11-18 12:27:29 - [MESSAGE][INFO] - Finding web element from Test Object's properties

2021-11-18 12:27:29 - [MESSAGE][INFO] - Checking timeout

2021-11-18 12:27:29 - [MESSAGE][INFO] - Finding web element with id: 'Object Repository/Olusturma/Genel/AliciBilgisi/Tamam_Butonu' located by 'By.xpath: //div[@id='btnSelectCustomer_CD']/span' in '30' second(s)

2021-11-18 12:27:29 - [MESSAGE][INFO] - Smart Wait Function is triggered

2021-11-18 12:27:29 - [MESSAGE][INFO] - Found 1 web elements with id: 'Object Repository/Olusturma/Genel/AliciBilgisi/Tamam_Butonu' located by 'By.xpath: //div[@id='btnSelectCustomer_CD']/span' in '30' second(s)

2021-11-18 12:27:29 - [MESSAGE][INFO] - Clicking on object: 'Object Repository/Olusturma/Genel/AliciBilgisi/Tamam_Butonu'

2021-11-18 12:27:30 - [MESSAGE][PASSED] - Object: 'Object Repository/Olusturma/Genel/AliciBilgisi/Tamam_Butonu' is clicked on

2021-11-18 12:27:30 - [MESSAGE][INFO] - Switching to default content

2021-11-18 12:27:30 - [TEST_STEP][PASSED] - waitForElementPresent(findTestObject("Olusturma/Genel/AliciBilgisi/VKN-TCKN"), 10): Object 'Object Repository/Olusturma/Genel/AliciBilgisi/VKN-TCKN' is present

2021-11-18 12:27:30 - [MESSAGE][INFO] - Finding Test Object 'Object Repository/Olusturma/Genel/AliciBilgisi/VKN-TCKN'

2021-11-18 12:27:30 - [MESSAGE][INFO] - Checking object

2021-11-18 12:27:30 - [MESSAGE][INFO] - Finding web element from Test Object's properties

2021-11-18 12:27:30 - [MESSAGE][INFO] - Checking timeout

2021-11-18 12:27:30 - [MESSAGE][INFO] - Finding web element with id: 'Object Repository/Olusturma/Genel/AliciBilgisi/VKN-TCKN' located by 'By.xpath: //*[@id = 'txtVknTckn_I']' in '10' second(s)

2021-11-18 12:27:30 - [MESSAGE][INFO] - Smart Wait Function is triggered

2021-11-18 12:27:30 - [MESSAGE][INFO] - Found 1 web elements with id: 'Object Repository/Olusturma/Genel/AliciBilgisi/VKN-TCKN' located by 'By.xpath: //*[@id = 'txtVknTckn_I']' in '10' second(s)

2021-11-18 12:27:30 - [MESSAGE][PASSED] - Object 'Object Repository/Olusturma/Genel/AliciBilgisi/VKN-TCKN' is present

2021-11-18 12:27:30 - [TEST_STEP][PASSED] - text = getAttribute(findTestObject("Olusturma/Genel/AliciBilgisi/VKN-TCKN"), "value"): Attribute 'value' of object 'Object Repository/Olusturma/Genel/AliciBilgisi/VKN-TCKN' is: '6090408038'

2021-11-18 12:27:30 - [MESSAGE][INFO] - Finding Test Object 'Object Repository/Olusturma/Genel/AliciBilgisi/VKN-TCKN'

2021-11-18 12:27:30 - [MESSAGE][INFO] - Checking object

2021-11-18 12:27:30 - [MESSAGE][INFO] - Checking attribute

2021-11-18 12:27:30 - [MESSAGE][INFO] - Finding web element from Test Object's properties

2021-11-18 12:27:30 - [MESSAGE][INFO] - Checking timeout

2021-11-18 12:27:30 - [MESSAGE][INFO] - Finding web element with id: 'Object Repository/Olusturma/Genel/AliciBilgisi/VKN-TCKN' located by 'By.xpath: //*[@id = 'txtVknTckn_I']' in '30' second(s)

2021-11-18 12:27:30 - [MESSAGE][INFO] - Smart Wait Function is triggered

2021-11-18 12:27:30 - [MESSAGE][INFO] - Found 1 web elements with id: 'Object Repository/Olusturma/Genel/AliciBilgisi/VKN-TCKN' located by 'By.xpath: //*[@id = 'txtVknTckn_I']' in '30' second(s)

2021-11-18 12:27:30 - [MESSAGE][INFO] - Getting attribute 'value' of object 'Object Repository/Olusturma/Genel/AliciBilgisi/VKN-TCKN'

2021-11-18 12:27:30 - [MESSAGE][PASSED] - Attribute 'value' of object 'Object Repository/Olusturma/Genel/AliciBilgisi/VKN-TCKN' is: '6090408038'

2021-11-18 12:27:30 - [TEST_STEP][PASSED] - if (text.equals("")): null

2021-11-18 12:27:30 - [MESSAGE][PASSED] - Call Test Case 'Test Cases/Olusturma/Genel/AliciSecilir' successfully

2021-11-18 12:27:30 - [MESSAGE][INFO] - Checking called Test Case

2021-11-18 12:27:30 - [MESSAGE][INFO] - Starting to call Test Case 'Test Cases/Olusturma/Genel/GonderimSekliSecilir'

2021-11-18 12:27:30 - [TEST_CASE][PASSED] - Test Cases/Olusturma/Genel/GonderimSekliSecilir: Test Cases/Olusturma/Genel/GonderimSekliSecilir

2021-11-18 12:27:30 - [TEST_STEP][PASSED] - waitForElementClickable(findTestObject("Object Repository/Olusturma/Genel/GonderimSekli/GonderimSekli"), 10): Object 'Object Repository/Olusturma/Genel/GonderimSekli/GonderimSekli' is clickable

2021-11-18 12:27:30 - [MESSAGE][INFO] - Finding Test Object 'Object Repository/Olusturma/Genel/GonderimSekli/GonderimSekli'

2021-11-18 12:27:31 - [MESSAGE][INFO] - Checking object

2021-11-18 12:27:31 - [MESSAGE][INFO] - Checking timeout

2021-11-18 12:27:31 - [MESSAGE][INFO] - Finding web element from Test Object's properties

2021-11-18 12:27:31 - [MESSAGE][INFO] - Checking timeout

2021-11-18 12:27:31 - [MESSAGE][INFO] - Finding web element with id: 'Object Repository/Olusturma/Genel/GonderimSekli/GonderimSekli' located by 'By.xpath: //*[@id = 'txtGonderimSekil_I']' in '10' second(s)

2021-11-18 12:27:31 - [MESSAGE][INFO] - Smart Wait Function is triggered

2021-11-18 12:27:31 - [MESSAGE][INFO] - Found 1 web elements with id: 'Object Repository/Olusturma/Genel/GonderimSekli/GonderimSekli' located by 'By.xpath: //*[@id = 'txtGonderimSekil_I']' in '10' second(s)

2021-11-18 12:27:31 - [MESSAGE][PASSED] - Object 'Object Repository/Olusturma/Genel/GonderimSekli/GonderimSekli' is clickable

2021-11-18 12:27:31 - [TEST_STEP][PASSED] - click(findTestObject("Object Repository/Olusturma/Genel/GonderimSekli/GonderimSekli")): Object: 'Object Repository/Olusturma/Genel/GonderimSekli/GonderimSekli' is clicked on

2021-11-18 12:27:31 - [MESSAGE][INFO] - Finding Test Object 'Object Repository/Olusturma/Genel/GonderimSekli/GonderimSekli'

2021-11-18 12:27:31 - [MESSAGE][INFO] - Checking object

2021-11-18 12:27:31 - [MESSAGE][INFO] - Finding web element from Test Object's properties

2021-11-18 12:27:31 - [MESSAGE][INFO] - Checking timeout

2021-11-18 12:27:31 - [MESSAGE][INFO] - Finding web element with id: 'Object Repository/Olusturma/Genel/GonderimSekli/GonderimSekli' located by 'By.xpath: //*[@id = 'txtGonderimSekil_I']' in '30' second(s)

2021-11-18 12:27:31 - [MESSAGE][INFO] - Smart Wait Function is triggered

2021-11-18 12:27:31 - [MESSAGE][INFO] - Found 1 web elements with id: 'Object Repository/Olusturma/Genel/GonderimSekli/GonderimSekli' located by 'By.xpath: //*[@id = 'txtGonderimSekil_I']' in '30' second(s)

2021-11-18 12:27:31 - [MESSAGE][INFO] - Clicking on object: 'Object Repository/Olusturma/Genel/GonderimSekli/GonderimSekli'

2021-11-18 12:27:31 - [MESSAGE][PASSED] - Object: 'Object Repository/Olusturma/Genel/GonderimSekli/GonderimSekli' is clicked on

2021-11-18 12:27:31 - [TEST_STEP][PASSED] - Method.TextDegerineEsitElementeTikla(findTestObject("Object Repository/Olusturma/Genel/GonderimSekli/GonderimSekliAdi"), GonderimSekli): Method.TextDegerineEsitElementeTikla is PASSED

2021-11-18 12:27:31 - [MESSAGE][INFO] - Finding Test Object 'Object Repository/Olusturma/Genel/GonderimSekli/GonderimSekliAdi'

2021-11-18 12:27:31 - [MESSAGE][INFO] - Checking timeout

2021-11-18 12:27:31 - [MESSAGE][INFO] - Finding web element with id: 'Object Repository/Olusturma/Genel/GonderimSekli/GonderimSekliAdi' located by 'By.cssSelector: #txtGonderimSekil_DDD_L_LBT td' in '10' second(s)

2021-11-18 12:27:31 - [MESSAGE][INFO] - Smart Wait Function is triggered

2021-11-18 12:27:32 - [MESSAGE][INFO] - Found 2 web elements with id: 'Object Repository/Olusturma/Genel/GonderimSekli/GonderimSekliAdi' located by 'By.cssSelector: #txtGonderimSekil_DDD_L_LBT td' in '10' second(s)

2021-11-18 12:27:32 - [MESSAGE][PASSED] - Method.TextDegerineEsitElementeTikla is PASSED

2021-11-18 12:27:32 - [MESSAGE][PASSED] - Call Test Case 'Test Cases/Olusturma/Genel/GonderimSekliSecilir' successfully

2021-11-18 12:27:32 - [MESSAGE][INFO] - Checking called Test Case

2021-11-18 12:27:32 - [MESSAGE][INFO] - Starting to call Test Case 'Test Cases/Olusturma/Genel/DokumanParaBirimiSecilir'

2021-11-18 12:27:32 - [TEST_CASE][PASSED] - Test Cases/Olusturma/Genel/DokumanParaBirimiSecilir: Test Cases/Olusturma/Genel/DokumanParaBirimiSecilir

2021-11-18 12:27:32 - [TEST_STEP][PASSED] - waitForElementClickable(findTestObject("Object Repository/Olusturma/Genel/DokumanParaBirimiSecilir/Para"), 10): Object 'Object Repository/Olusturma/Genel/DokumanParaBirimiSecilir/Para' is clickable

2021-11-18 12:27:32 - [MESSAGE][INFO] - Finding Test Object 'Object Repository/Olusturma/Genel/DokumanParaBirimiSecilir/Para'

2021-11-18 12:27:32 - [MESSAGE][INFO] - Checking object

2021-11-18 12:27:32 - [MESSAGE][INFO] - Checking timeout

2021-11-18 12:27:32 - [MESSAGE][INFO] - Finding web element from Test Object's properties

2021-11-18 12:27:32 - [MESSAGE][INFO] - Checking timeout

2021-11-18 12:27:32 - [MESSAGE][INFO] - Finding web element with id: 'Object Repository/Olusturma/Genel/DokumanParaBirimiSecilir/Para' located by 'By.xpath: //*[@id = 'CurrencyUnit_I']' in '10' second(s)

2021-11-18 12:27:32 - [MESSAGE][INFO] - Smart Wait Function is triggered

2021-11-18 12:27:32 - [MESSAGE][INFO] - Found 1 web elements with id: 'Object Repository/Olusturma/Genel/DokumanParaBirimiSecilir/Para' located by 'By.xpath: //*[@id = 'CurrencyUnit_I']' in '10' second(s)

2021-11-18 12:27:32 - [MESSAGE][PASSED] - Object 'Object Repository/Olusturma/Genel/DokumanParaBirimiSecilir/Para' is clickable

2021-11-18 12:27:32 - [TEST_STEP][PASSED] - click(findTestObject("Object Repository/Olusturma/Genel/DokumanParaBirimiSecilir/Para")): Object: 'Object Repository/Olusturma/Genel/DokumanParaBirimiSecilir/Para' is clicked on

2021-11-18 12:27:32 - [MESSAGE][INFO] - Finding Test Object 'Object Repository/Olusturma/Genel/DokumanParaBirimiSecilir/Para'

2021-11-18 12:27:32 - [MESSAGE][INFO] - Checking object

2021-11-18 12:27:32 - [MESSAGE][INFO] - Finding web element from Test Object's properties

2021-11-18 12:27:32 - [MESSAGE][INFO] - Checking timeout

2021-11-18 12:27:32 - [MESSAGE][INFO] - Finding web element with id: 'Object Repository/Olusturma/Genel/DokumanParaBirimiSecilir/Para' located by 'By.xpath: //*[@id = 'CurrencyUnit_I']' in '30' second(s)

2021-11-18 12:27:32 - [MESSAGE][INFO] - Smart Wait Function is triggered

2021-11-18 12:27:33 - [MESSAGE][INFO] - Found 1 web elements with id: 'Object Repository/Olusturma/Genel/DokumanParaBirimiSecilir/Para' located by 'By.xpath: //*[@id = 'CurrencyUnit_I']' in '30' second(s)

2021-11-18 12:27:33 - [MESSAGE][INFO] - Clicking on object: 'Object Repository/Olusturma/Genel/DokumanParaBirimiSecilir/Para'

2021-11-18 12:27:33 - [MESSAGE][PASSED] - Object: 'Object Repository/Olusturma/Genel/DokumanParaBirimiSecilir/Para' is clicked on

2021-11-18 12:27:33 - [TEST_STEP][PASSED] - Method.TextDegerineEsitElementeTikla(findTestObject("Object Repository/Olusturma/Genel/DokumanParaBirimiSecilir/Para_Adi"), Para): Method.TextDegerineEsitElementeTikla is PASSED

2021-11-18 12:27:33 - [MESSAGE][INFO] - Finding Test Object 'Object Repository/Olusturma/Genel/DokumanParaBirimiSecilir/Para_Adi'

2021-11-18 12:27:33 - [MESSAGE][INFO] - Checking timeout

2021-11-18 12:27:33 - [MESSAGE][INFO] - Finding web element with id: 'Object Repository/Olusturma/Genel/DokumanParaBirimiSecilir/Para_Adi' located by 'By.cssSelector: #CurrencyUnit_DDD_L_LBT td' in '10' second(s)

2021-11-18 12:27:33 - [MESSAGE][INFO] - Smart Wait Function is triggered

2021-11-18 12:27:33 - [MESSAGE][INFO] - Found 203 web elements with id: 'Object Repository/Olusturma/Genel/DokumanParaBirimiSecilir/Para_Adi' located by 'By.cssSelector: #CurrencyUnit_DDD_L_LBT td' in '10' second(s)

2021-11-18 12:27:38 - [MESSAGE][PASSED] - Method.TextDegerineEsitElementeTikla is PASSED

2021-11-18 12:27:38 - [MESSAGE][PASSED] - Call Test Case 'Test Cases/Olusturma/Genel/DokumanParaBirimiSecilir' successfully

2021-11-18 12:27:38 - [MESSAGE][INFO] - Checking called Test Case

2021-11-18 12:27:38 - [MESSAGE][INFO] - Starting to call Test Case 'Test Cases/Olusturma/Genel/TasarimSecilir'

2021-11-18 12:27:38 - [TEST_CASE][PASSED] - Test Cases/Olusturma/Genel/TasarimSecilir: Test Cases/Olusturma/Genel/TasarimSecilir

2021-11-18 12:27:38 - [TEST_STEP][PASSED] - waitForElementClickable(findTestObject("Object Repository/Olusturma/Genel/TasarimSecilir/Tasarim"), 10): Object 'Object Repository/Olusturma/Genel/TasarimSecilir/Tasarim' is clickable

2021-11-18 12:27:38 - [MESSAGE][INFO] - Finding Test Object 'Object Repository/Olusturma/Genel/TasarimSecilir/Tasarim'

2021-11-18 12:27:38 - [MESSAGE][INFO] - Checking object

2021-11-18 12:27:38 - [MESSAGE][INFO] - Checking timeout

2021-11-18 12:27:38 - [MESSAGE][INFO] - Finding web element from Test Object's properties

2021-11-18 12:27:38 - [MESSAGE][INFO] - Checking timeout

2021-11-18 12:27:38 - [MESSAGE][INFO] - Finding web element with id: 'Object Repository/Olusturma/Genel/TasarimSecilir/Tasarim' located by 'By.xpath: //*[@id = 'DesignId_I']' in '10' second(s)

2021-11-18 12:27:38 - [MESSAGE][INFO] - Smart Wait Function is triggered

2021-11-18 12:27:38 - [MESSAGE][INFO] - Found 1 web elements with id: 'Object Repository/Olusturma/Genel/TasarimSecilir/Tasarim' located by 'By.xpath: //*[@id = 'DesignId_I']' in '10' second(s)

2021-11-18 12:27:38 - [MESSAGE][PASSED] - Object 'Object Repository/Olusturma/Genel/TasarimSecilir/Tasarim' is clickable

2021-11-18 12:27:38 - [TEST_STEP][PASSED] - click(findTestObject("Object Repository/Olusturma/Genel/TasarimSecilir/Tasarim")): Object: 'Object Repository/Olusturma/Genel/TasarimSecilir/Tasarim' is clicked on

2021-11-18 12:27:38 - [MESSAGE][INFO] - Finding Test Object 'Object Repository/Olusturma/Genel/TasarimSecilir/Tasarim'

2021-11-18 12:27:38 - [MESSAGE][INFO] - Checking object

2021-11-18 12:27:38 - [MESSAGE][INFO] - Finding web element from Test Object's properties

2021-11-18 12:27:38 - [MESSAGE][INFO] - Checking timeout

2021-11-18 12:27:38 - [MESSAGE][INFO] - Finding web element with id: 'Object Repository/Olusturma/Genel/TasarimSecilir/Tasarim' located by 'By.xpath: //*[@id = 'DesignId_I']' in '30' second(s)

2021-11-18 12:27:38 - [MESSAGE][INFO] - Smart Wait Function is triggered

2021-11-18 12:27:38 - [MESSAGE][INFO] - Found 1 web elements with id: 'Object Repository/Olusturma/Genel/TasarimSecilir/Tasarim' located by 'By.xpath: //*[@id = 'DesignId_I']' in '30' second(s)

2021-11-18 12:27:38 - [MESSAGE][INFO] - Clicking on object: 'Object Repository/Olusturma/Genel/TasarimSecilir/Tasarim'

2021-11-18 12:27:38 - [MESSAGE][PASSED] - Object: 'Object Repository/Olusturma/Genel/TasarimSecilir/Tasarim' is clicked on

2021-11-18 12:27:38 - [TEST_STEP][PASSED] - Method.TextDegerineEsitElementeTikla(findTestObject("Object Repository/Olusturma/Genel/TasarimSecilir/Tasarim_Adi"), Tasarim): Method.TextDegerineEsitElementeTikla is PASSED

2021-11-18 12:27:38 - [MESSAGE][INFO] - Finding Test Object 'Object Repository/Olusturma/Genel/TasarimSecilir/Tasarim_Adi'

2021-11-18 12:27:39 - [MESSAGE][INFO] - Checking timeout

2021-11-18 12:27:39 - [MESSAGE][INFO] - Finding web element with id: 'Object Repository/Olusturma/Genel/TasarimSecilir/Tasarim_Adi' located by 'By.cssSelector: #DesignId_DDD_L_LBT td' in '10' second(s)

2021-11-18 12:27:39 - [MESSAGE][INFO] - Smart Wait Function is triggered

2021-11-18 12:27:39 - [MESSAGE][INFO] - Found 3 web elements with id: 'Object Repository/Olusturma/Genel/TasarimSecilir/Tasarim_Adi' located by 'By.cssSelector: #DesignId_DDD_L_LBT td' in '10' second(s)

2021-11-18 12:27:39 - [MESSAGE][PASSED] - Method.TextDegerineEsitElementeTikla is PASSED

2021-11-18 12:27:39 - [MESSAGE][PASSED] - Call Test Case 'Test Cases/Olusturma/Genel/TasarimSecilir' successfully

2021-11-18 12:27:39 - [MESSAGE][INFO] - Checking called Test Case

2021-11-18 12:27:39 - [MESSAGE][INFO] - Starting to call Test Case 'Test Cases/Olusturma/Genel/EkleButonunaBasilir'

2021-11-18 12:27:39 - [TEST_CASE][PASSED] - Test Cases/Olusturma/Genel/EkleButonunaBasilir: Test Cases/Olusturma/Genel/EkleButonunaBasilir

2021-11-18 12:27:39 - [TEST_STEP][PASSED] - waitForElementClickable(findTestObject("Object Repository/Olusturma/Genel/Olusturma/Ekle"), 10): Object 'Object Repository/Olusturma/Genel/Olusturma/Ekle' is clickable

2021-11-18 12:27:39 - [MESSAGE][INFO] - Finding Test Object 'Object Repository/Olusturma/Genel/Olusturma/Ekle'

2021-11-18 12:27:39 - [MESSAGE][INFO] - Checking object

2021-11-18 12:27:39 - [MESSAGE][INFO] - Checking timeout

2021-11-18 12:27:39 - [MESSAGE][INFO] - Finding web element from Test Object's properties

2021-11-18 12:27:39 - [MESSAGE][INFO] - Checking timeout

2021-11-18 12:27:39 - [MESSAGE][INFO] - Finding web element with id: 'Object Repository/Olusturma/Genel/Olusturma/Ekle' located by 'By.cssSelector: #divmalhizmet i.fa.fa-plus.fa-lg.text-muted' in '10' second(s)

2021-11-18 12:27:39 - [MESSAGE][INFO] - Smart Wait Function is triggered

2021-11-18 12:27:40 - [MESSAGE][INFO] - Found 1 web elements with id: 'Object Repository/Olusturma/Genel/Olusturma/Ekle' located by 'By.cssSelector: #divmalhizmet i.fa.fa-plus.fa-lg.text-muted' in '10' second(s)

2021-11-18 12:27:40 - [MESSAGE][PASSED] - Object 'Object Repository/Olusturma/Genel/Olusturma/Ekle' is clickable

2021-11-18 12:27:40 - [TEST_STEP][PASSED] - click(findTestObject("Object Repository/Olusturma/Genel/Olusturma/Ekle")): Object: 'Object Repository/Olusturma/Genel/Olusturma/Ekle' is clicked on

2021-11-18 12:27:40 - [MESSAGE][INFO] - Finding Test Object 'Object Repository/Olusturma/Genel/Olusturma/Ekle'

2021-11-18 12:27:40 - [MESSAGE][INFO] - Checking object

2021-11-18 12:27:40 - [MESSAGE][INFO] - Finding web element from Test Object's properties

2021-11-18 12:27:40 - [MESSAGE][INFO] - Checking timeout

2021-11-18 12:27:40 - [MESSAGE][INFO] - Finding web element with id: 'Object Repository/Olusturma/Genel/Olusturma/Ekle' located by 'By.cssSelector: #divmalhizmet i.fa.fa-plus.fa-lg.text-muted' in '30' second(s)

2021-11-18 12:27:40 - [MESSAGE][INFO] - Smart Wait Function is triggered

2021-11-18 12:27:40 - [MESSAGE][INFO] - Found 1 web elements with id: 'Object Repository/Olusturma/Genel/Olusturma/Ekle' located by 'By.cssSelector: #divmalhizmet i.fa.fa-plus.fa-lg.text-muted' in '30' second(s)

2021-11-18 12:27:40 - [MESSAGE][INFO] - Clicking on object: 'Object Repository/Olusturma/Genel/Olusturma/Ekle'

2021-11-18 12:27:40 - [MESSAGE][PASSED] - Object: 'Object Repository/Olusturma/Genel/Olusturma/Ekle' is clicked on

2021-11-18 12:27:40 - [TEST_STEP][PASSED] - waitForElementClickable(findTestObject("Olusturma/Genel/Olusturma/EklenenSatirCarpiImage"), 10): Object 'Object Repository/Olusturma/Genel/Olusturma/EklenenSatirCarpiImage' is clickable

2021-11-18 12:27:40 - [MESSAGE][INFO] - Finding Test Object 'Object Repository/Olusturma/Genel/Olusturma/EklenenSatirCarpiImage'

2021-11-18 12:27:40 - [MESSAGE][INFO] - Checking object

2021-11-18 12:27:40 - [MESSAGE][INFO] - Checking timeout

2021-11-18 12:27:40 - [MESSAGE][INFO] - Finding web element from Test Object's properties

2021-11-18 12:27:40 - [MESSAGE][INFO] - Checking timeout

2021-11-18 12:27:40 - [MESSAGE][INFO] - Finding web element with id: 'Object Repository/Olusturma/Genel/Olusturma/EklenenSatirCarpiImage' located by 'By.cssSelector: .fa.fa-times.fa-lg.text-primary' in '10' second(s)

2021-11-18 12:27:40 - [MESSAGE][INFO] - Smart Wait Function is triggered

2021-11-18 12:27:40 - [MESSAGE][INFO] - Smart Wait Function is triggered

2021-11-18 12:27:41 - [MESSAGE][INFO] - Found 1 web elements with id: 'Object Repository/Olusturma/Genel/Olusturma/EklenenSatirCarpiImage' located by 'By.cssSelector: .fa.fa-times.fa-lg.text-primary' in '10' second(s)

2021-11-18 12:27:41 - [MESSAGE][PASSED] - Object 'Object Repository/Olusturma/Genel/Olusturma/EklenenSatirCarpiImage' is clickable

2021-11-18 12:27:41 - [MESSAGE][PASSED] - Call Test Case 'Test Cases/Olusturma/Genel/EkleButonunaBasilir' successfully

2021-11-18 12:27:41 - [MESSAGE][INFO] - Checking called Test Case

2021-11-18 12:27:41 - [MESSAGE][INFO] - Starting to call Test Case 'Test Cases/Olusturma/Genel/Olusturma'

2021-11-18 12:27:42 - [TEST_CASE][PASSED] - Test Cases/Olusturma/Genel/Olusturma: Test Cases/Olusturma/Genel/Olusturma

2021-11-18 12:27:42 - [TEST_STEP][PASSED] - driver = getWebDriver(): null

2021-11-18 12:27:42 - [TEST_STEP][PASSED] - action = new org.openqa.selenium.interactions.Actions(driver): null

2021-11-18 12:27:42 - [TEST_STEP][PASSED] - baslikElement = <not implemented yet for class: org.codehaus.groovy.ast.expr.EmptyExpression>: null

2021-11-18 12:27:42 - [TEST_STEP][PASSED] - sonElement = <not implemented yet for class: org.codehaus.groovy.ast.expr.EmptyExpression>: null

2021-11-18 12:27:42 - [TEST_STEP][PASSED] - attr = <not implemented yet for class: org.codehaus.groovy.ast.expr.EmptyExpression>: null

2021-11-18 12:27:42 - [TEST_STEP][PASSED] - a = 0: null

2021-11-18 12:27:42 - [TEST_STEP][PASSED] - elements = findWebElements(findTestObject("Object Repository/Olusturma/Genel/Olusturma/TabloBasliklari"), 10): Found 12 web elements with id: 'Object Repository/Olusturma/Genel/Olusturma/TabloBasliklari' located by 'By.cssSelector: div#divmalhizmet .dxgvTable_LECustomTheme td.dxgvHeader_LECustomTheme tr>td:nth-child(1)' in '10' second(s)

2021-11-18 12:27:42 - [MESSAGE][INFO] - Finding Test Object 'Object Repository/Olusturma/Genel/Olusturma/TabloBasliklari'

2021-11-18 12:27:42 - [MESSAGE][INFO] - Checking timeout

2021-11-18 12:27:42 - [MESSAGE][INFO] - Finding web element with id: 'Object Repository/Olusturma/Genel/Olusturma/TabloBasliklari' located by 'By.cssSelector: div#divmalhizmet .dxgvTable_LECustomTheme td.dxgvHeader_LECustomTheme tr>td:nth-child(1)' in '10' second(s)

2021-11-18 12:27:42 - [MESSAGE][INFO] - Smart Wait Function is triggered

2021-11-18 12:27:42 - [MESSAGE][INFO] - Found 12 web elements with id: 'Object Repository/Olusturma/Genel/Olusturma/TabloBasliklari' located by 'By.cssSelector: div#divmalhizmet .dxgvTable_LECustomTheme td.dxgvHeader_LECustomTheme tr>td:nth-child(1)' in '10' second(s)

2021-11-18 12:27:42 - [TEST_STEP][PASSED] - for (def element : elements): null

2021-11-18 12:27:42 - [TEST_STEP][PASSED] - build().perform(): null

2021-11-18 12:27:42 - [TEST_STEP][PASSED] - if (getText().equals(Baslik)): null

2021-11-18 12:27:42 - [TEST_STEP][PASSED] - baslikElement = element.findElement(By.xpath("../../../..")): Smart Wait Function is triggered

2021-11-18 12:27:42 - [MESSAGE][INFO] - Smart Wait Function is triggered

2021-11-18 12:27:42 - [TEST_STEP][PASSED] - attr = baslikElement.getAttribute("id"): null

2021-11-18 12:27:42 - [TEST_STEP][PASSED] - println("girdi ve idsini aldı = " + attr): null

2021-11-18 12:27:42 - [TEST_STEP][PASSED] - break: null

2021-11-18 12:27:42 - [TEST_STEP][PASSED] - countElement = baslikElement.findElements(By.xpath("../td")): Smart Wait Function is triggered

2021-11-18 12:27:42 - [MESSAGE][INFO] - Smart Wait Function is triggered

2021-11-18 12:27:43 - [TEST_STEP][PASSED] - for (def element : countElement): null

2021-11-18 12:27:43 - [TEST_STEP][PASSED] - if (toString().equals(attr.toString())): null

2021-11-18 12:27:43 - [TEST_STEP][PASSED] - (a++): null

2021-11-18 12:27:43 - [TEST_STEP][PASSED] - if (toString().equals(attr.toString())): null

2021-11-18 12:27:43 - [TEST_STEP][PASSED] - break: null

2021-11-18 12:27:43 - [TEST_STEP][PASSED] - son = findWebElement(findTestObject("Object Repository/Olusturma/Genel/Olusturma/EklenenSatir")).findElement(By.xpath("td[@class='dxgvInlineEditCell_LECustomTheme dxgv'][" + a + "]//td[@class='dxic']/input")): Smart Wait Function is triggered

2021-11-18 12:27:43 - [MESSAGE][INFO] - Finding Test Object 'Object Repository/Olusturma/Genel/Olusturma/EklenenSatir'

2021-11-18 12:27:43 - [MESSAGE][INFO] - Finding web element from Test Object's properties

2021-11-18 12:27:43 - [MESSAGE][INFO] - Checking timeout

2021-11-18 12:27:43 - [MESSAGE][INFO] - Finding web element with id: 'Object Repository/Olusturma/Genel/Olusturma/EklenenSatir' located by 'By.cssSelector: #divmalhizmet .dxgvInlineEditRow_LECustomTheme' in '30' second(s)

2021-11-18 12:27:43 - [MESSAGE][INFO] - Smart Wait Function is triggered

2021-11-18 12:27:43 - [MESSAGE][INFO] - Found 1 web elements with id: 'Object Repository/Olusturma/Genel/Olusturma/EklenenSatir' located by 'By.cssSelector: #divmalhizmet .dxgvInlineEditRow_LECustomTheme' in '30' second(s)

2021-11-18 12:27:43 - [MESSAGE][INFO] - Smart Wait Function is triggered

2021-11-18 12:27:43 - [TEST_STEP][PASSED] - if (!(getAttribute("value").contains("Vkn"))): null

2021-11-18 12:27:43 - [TEST_STEP][PASSED] - son.clear(): null

2021-11-18 12:27:43 - [TEST_STEP][PASSED] - son.sendKeys(Deger): null

2021-11-18 12:27:43 - [MESSAGE][PASSED] - Call Test Case 'Test Cases/Olusturma/Genel/Olusturma' successfully

2021-11-18 12:27:43 - [MESSAGE][INFO] - Checking called Test Case

2021-11-18 12:27:43 - [MESSAGE][INFO] - Starting to call Test Case 'Test Cases/Olusturma/Genel/Olusturma'

2021-11-18 12:27:44 - [TEST_CASE][PASSED] - Test Cases/Olusturma/Genel/Olusturma: Test Cases/Olusturma/Genel/Olusturma

2021-11-18 12:27:44 - [TEST_STEP][PASSED] - driver = getWebDriver(): null

2021-11-18 12:27:44 - [TEST_STEP][PASSED] - action = new org.openqa.selenium.interactions.Actions(driver): null

2021-11-18 12:27:44 - [TEST_STEP][PASSED] - baslikElement = <not implemented yet for class: org.codehaus.groovy.ast.expr.EmptyExpression>: null

2021-11-18 12:27:44 - [TEST_STEP][PASSED] - sonElement = <not implemented yet for class: org.codehaus.groovy.ast.expr.EmptyExpression>: null

2021-11-18 12:27:44 - [TEST_STEP][PASSED] - attr = <not implemented yet for class: org.codehaus.groovy.ast.expr.EmptyExpression>: null

2021-11-18 12:27:44 - [TEST_STEP][PASSED] - a = 0: null

2021-11-18 12:27:44 - [TEST_STEP][PASSED] - elements = findWebElements(findTestObject("Object Repository/Olusturma/Genel/Olusturma/TabloBasliklari"), 10): Found 12 web elements with id: 'Object Repository/Olusturma/Genel/Olusturma/TabloBasliklari' located by 'By.cssSelector: div#divmalhizmet .dxgvTable_LECustomTheme td.dxgvHeader_LECustomTheme tr>td:nth-child(1)' in '10' second(s)

2021-11-18 12:27:44 - [MESSAGE][INFO] - Finding Test Object 'Object Repository/Olusturma/Genel/Olusturma/TabloBasliklari'

2021-11-18 12:27:44 - [MESSAGE][INFO] - Checking timeout

2021-11-18 12:27:44 - [MESSAGE][INFO] - Finding web element with id: 'Object Repository/Olusturma/Genel/Olusturma/TabloBasliklari' located by 'By.cssSelector: div#divmalhizmet .dxgvTable_LECustomTheme td.dxgvHeader_LECustomTheme tr>td:nth-child(1)' in '10' second(s)

2021-11-18 12:27:44 - [MESSAGE][INFO] - Smart Wait Function is triggered

2021-11-18 12:27:44 - [MESSAGE][INFO] - Found 12 web elements with id: 'Object Repository/Olusturma/Genel/Olusturma/TabloBasliklari' located by 'By.cssSelector: div#divmalhizmet .dxgvTable_LECustomTheme td.dxgvHeader_LECustomTheme tr>td:nth-child(1)' in '10' second(s)

2021-11-18 12:27:44 - [TEST_STEP][PASSED] - for (def element : elements): null

2021-11-18 12:27:44 - [TEST_STEP][PASSED] - build().perform(): null

2021-11-18 12:27:44 - [TEST_STEP][PASSED] - if (getText().equals(Baslik)): null

2021-11-18 12:27:44 - [TEST_STEP][PASSED] - build().perform(): null

2021-11-18 12:27:44 - [TEST_STEP][PASSED] - if (getText().equals(Baslik)): null

2021-11-18 12:27:44 - [TEST_STEP][PASSED] - baslikElement = element.findElement(By.xpath("../../../..")): Smart Wait Function is triggered

2021-11-18 12:27:44 - [MESSAGE][INFO] - Smart Wait Function is triggered

2021-11-18 12:27:44 - [TEST_STEP][PASSED] - attr = baslikElement.getAttribute("id"): null

2021-11-18 12:27:44 - [TEST_STEP][PASSED] - println("girdi ve idsini aldı = " + attr): null

2021-11-18 12:27:44 - [TEST_STEP][PASSED] - break: null

2021-11-18 12:27:44 - [TEST_STEP][PASSED] - countElement = baslikElement.findElements(By.xpath("../td")): Smart Wait Function is triggered

2021-11-18 12:27:44 - [MESSAGE][INFO] - Smart Wait Function is triggered

2021-11-18 12:27:45 - [TEST_STEP][PASSED] - for (def element : countElement): null

2021-11-18 12:27:45 - [TEST_STEP][PASSED] - if (toString().equals(attr.toString())): null

2021-11-18 12:27:45 - [TEST_STEP][PASSED] - (a++): null

2021-11-18 12:27:45 - [TEST_STEP][PASSED] - if (toString().equals(attr.toString())): null

2021-11-18 12:27:45 - [TEST_STEP][PASSED] - (a++): null

2021-11-18 12:27:45 - [TEST_STEP][PASSED] - if (toString().equals(attr.toString())): null

2021-11-18 12:27:45 - [TEST_STEP][PASSED] - break: null

2021-11-18 12:27:45 - [TEST_STEP][PASSED] - son = findWebElement(findTestObject("Object Repository/Olusturma/Genel/Olusturma/EklenenSatir")).findElement(By.xpath("td[@class='dxgvInlineEditCell_LECustomTheme dxgv'][" + a + "]//td[@class='dxic']/input")): Smart Wait Function is triggered

2021-11-18 12:27:45 - [MESSAGE][INFO] - Finding Test Object 'Object Repository/Olusturma/Genel/Olusturma/EklenenSatir'

2021-11-18 12:27:45 - [MESSAGE][INFO] - Finding web element from Test Object's properties

2021-11-18 12:27:45 - [MESSAGE][INFO] - Checking timeout

2021-11-18 12:27:45 - [MESSAGE][INFO] - Finding web element with id: 'Object Repository/Olusturma/Genel/Olusturma/EklenenSatir' located by 'By.cssSelector: #divmalhizmet .dxgvInlineEditRow_LECustomTheme' in '30' second(s)

2021-11-18 12:27:45 - [MESSAGE][INFO] - Smart Wait Function is triggered

2021-11-18 12:27:45 - [MESSAGE][INFO] - Found 1 web elements with id: 'Object Repository/Olusturma/Genel/Olusturma/EklenenSatir' located by 'By.cssSelector: #divmalhizmet .dxgvInlineEditRow_LECustomTheme' in '30' second(s)

2021-11-18 12:27:45 - [MESSAGE][INFO] - Smart Wait Function is triggered

2021-11-18 12:27:45 - [TEST_STEP][PASSED] - if (!(getAttribute("value").contains("Vkn"))): null

2021-11-18 12:27:45 - [TEST_STEP][PASSED] - son.clear(): null

2021-11-18 12:27:46 - [TEST_STEP][PASSED] - son.sendKeys(Deger): null

2021-11-18 12:27:46 - [MESSAGE][PASSED] - Call Test Case 'Test Cases/Olusturma/Genel/Olusturma' successfully

2021-11-18 12:27:46 - [MESSAGE][INFO] - Checking called Test Case

2021-11-18 12:27:46 - [MESSAGE][INFO] - Starting to call Test Case 'Test Cases/Olusturma/Genel/Olusturma'

2021-11-18 12:27:46 - [TEST_CASE][PASSED] - Test Cases/Olusturma/Genel/Olusturma: Test Cases/Olusturma/Genel/Olusturma

2021-11-18 12:27:46 - [TEST_STEP][PASSED] - driver = getWebDriver(): null

2021-11-18 12:27:46 - [TEST_STEP][PASSED] - action = new org.openqa.selenium.interactions.Actions(driver): null

2021-11-18 12:27:46 - [TEST_STEP][PASSED] - baslikElement = <not implemented yet for class: org.codehaus.groovy.ast.expr.EmptyExpression>: null

2021-11-18 12:27:46 - [TEST_STEP][PASSED] - sonElement = <not implemented yet for class: org.codehaus.groovy.ast.expr.EmptyExpression>: null

2021-11-18 12:27:46 - [TEST_STEP][PASSED] - attr = <not implemented yet for class: org.codehaus.groovy.ast.expr.EmptyExpression>: null

2021-11-18 12:27:46 - [TEST_STEP][PASSED] - a = 0: null

2021-11-18 12:27:46 - [TEST_STEP][PASSED] - elements = findWebElements(findTestObject("Object Repository/Olusturma/Genel/Olusturma/TabloBasliklari"), 10): Found 12 web elements with id: 'Object Repository/Olusturma/Genel/Olusturma/TabloBasliklari' located by 'By.cssSelector: div#divmalhizmet .dxgvTable_LECustomTheme td.dxgvHeader_LECustomTheme tr>td:nth-child(1)' in '10' second(s)

2021-11-18 12:27:46 - [MESSAGE][INFO] - Finding Test Object 'Object Repository/Olusturma/Genel/Olusturma/TabloBasliklari'

2021-11-18 12:27:46 - [MESSAGE][INFO] - Checking timeout

2021-11-18 12:27:46 - [MESSAGE][INFO] - Finding web element with id: 'Object Repository/Olusturma/Genel/Olusturma/TabloBasliklari' located by 'By.cssSelector: div#divmalhizmet .dxgvTable_LECustomTheme td.dxgvHeader_LECustomTheme tr>td:nth-child(1)' in '10' second(s)

2021-11-18 12:27:46 - [MESSAGE][INFO] - Smart Wait Function is triggered

2021-11-18 12:27:46 - [MESSAGE][INFO] - Found 12 web elements with id: 'Object Repository/Olusturma/Genel/Olusturma/TabloBasliklari' located by 'By.cssSelector: div#divmalhizmet .dxgvTable_LECustomTheme td.dxgvHeader_LECustomTheme tr>td:nth-child(1)' in '10' second(s)

2021-11-18 12:27:46 - [TEST_STEP][PASSED] - for (def element : elements): null

2021-11-18 12:27:46 - [TEST_STEP][PASSED] - build().perform(): null

2021-11-18 12:27:46 - [TEST_STEP][PASSED] - if (getText().equals(Baslik)): null

2021-11-18 12:27:46 - [TEST_STEP][PASSED] - build().perform(): null

2021-11-18 12:27:46 - [TEST_STEP][PASSED] - if (getText().equals(Baslik)): null

2021-11-18 12:27:46 - [TEST_STEP][PASSED] - build().perform(): null

2021-11-18 12:27:47 - [TEST_STEP][PASSED] - if (getText().equals(Baslik)): null

2021-11-18 12:27:47 - [TEST_STEP][PASSED] - baslikElement = element.findElement(By.xpath("../../../..")): Smart Wait Function is triggered

2021-11-18 12:27:47 - [MESSAGE][INFO] - Smart Wait Function is triggered

2021-11-18 12:27:47 - [TEST_STEP][PASSED] - attr = baslikElement.getAttribute("id"): null

2021-11-18 12:27:47 - [TEST_STEP][PASSED] - println("girdi ve idsini aldı = " + attr): null

2021-11-18 12:27:47 - [TEST_STEP][PASSED] - break: null

2021-11-18 12:27:47 - [TEST_STEP][PASSED] - countElement = baslikElement.findElements(By.xpath("../td")): Smart Wait Function is triggered

2021-11-18 12:27:47 - [MESSAGE][INFO] - Smart Wait Function is triggered

2021-11-18 12:27:47 - [TEST_STEP][PASSED] - for (def element : countElement): null

2021-11-18 12:27:47 - [TEST_STEP][PASSED] - if (toString().equals(attr.toString())): null

2021-11-18 12:27:47 - [TEST_STEP][PASSED] - (a++): null

2021-11-18 12:27:47 - [TEST_STEP][PASSED] - if (toString().equals(attr.toString())): null

2021-11-18 12:27:47 - [TEST_STEP][PASSED] - (a++): null

2021-11-18 12:27:47 - [TEST_STEP][PASSED] - if (toString().equals(attr.toString())): null

2021-11-18 12:27:47 - [TEST_STEP][PASSED] - (a++): null

2021-11-18 12:27:47 - [TEST_STEP][PASSED] - if (toString().equals(attr.toString())): null

2021-11-18 12:27:47 - [TEST_STEP][PASSED] - break: null

2021-11-18 12:27:47 - [TEST_STEP][PASSED] - son = findWebElement(findTestObject("Object Repository/Olusturma/Genel/Olusturma/EklenenSatir")).findElement(By.xpath("td[@class='dxgvInlineEditCell_LECustomTheme dxgv'][" + a + "]//td[@class='dxic']/input")): Smart Wait Function is triggered

2021-11-18 12:27:47 - [MESSAGE][INFO] - Finding Test Object 'Object Repository/Olusturma/Genel/Olusturma/EklenenSatir'

2021-11-18 12:27:47 - [MESSAGE][INFO] - Finding web element from Test Object's properties

2021-11-18 12:27:47 - [MESSAGE][INFO] - Checking timeout

2021-11-18 12:27:47 - [MESSAGE][INFO] - Finding web element with id: 'Object Repository/Olusturma/Genel/Olusturma/EklenenSatir' located by 'By.cssSelector: #divmalhizmet .dxgvInlineEditRow_LECustomTheme' in '30' second(s)

2021-11-18 12:27:47 - [MESSAGE][INFO] - Smart Wait Function is triggered

2021-11-18 12:27:48 - [MESSAGE][INFO] - Found 1 web elements with id: 'Object Repository/Olusturma/Genel/Olusturma/EklenenSatir' located by 'By.cssSelector: #divmalhizmet .dxgvInlineEditRow_LECustomTheme' in '30' second(s)

2021-11-18 12:27:48 - [MESSAGE][INFO] - Smart Wait Function is triggered

2021-11-18 12:27:48 - [TEST_STEP][PASSED] - if (!(getAttribute("value").contains("Vkn"))): null

2021-11-18 12:27:48 - [TEST_STEP][PASSED] - son.clear(): null

2021-11-18 12:27:48 - [TEST_STEP][PASSED] - son.sendKeys(Deger): null

2021-11-18 12:27:48 - [MESSAGE][PASSED] - Call Test Case 'Test Cases/Olusturma/Genel/Olusturma' successfully

2021-11-18 12:27:48 - [MESSAGE][INFO] - Checking called Test Case

2021-11-18 12:27:48 - [MESSAGE][INFO] - Starting to call Test Case 'Test Cases/Olusturma/Genel/NotGirilir'

2021-11-18 12:27:48 - [TEST_CASE][PASSED] - Test Cases/Olusturma/Genel/NotGirilir: Test Cases/Olusturma/Genel/NotGirilir

2021-11-18 12:27:48 - [TEST_STEP][PASSED] - i = 0: null

2021-11-18 12:27:48 - [TEST_STEP][PASSED] - waitForElementClickable(findTestObject("Olusturma/Genel/Not/Notlar"), 10): Object 'Object Repository/Olusturma/Genel/Not/Notlar' is clickable

2021-11-18 12:27:48 - [MESSAGE][INFO] - Finding Test Object 'Object Repository/Olusturma/Genel/Not/Notlar'

2021-11-18 12:27:48 - [MESSAGE][INFO] - Checking object

2021-11-18 12:27:48 - [MESSAGE][INFO] - Checking timeout

2021-11-18 12:27:48 - [MESSAGE][INFO] - Finding web element from Test Object's properties

2021-11-18 12:27:48 - [MESSAGE][INFO] - Checking timeout

2021-11-18 12:27:48 - [MESSAGE][INFO] - Finding web element with id: 'Object Repository/Olusturma/Genel/Not/Notlar' located by 'By.xpath: //*[@id = 'txtNote_I']' in '10' second(s)

2021-11-18 12:27:48 - [MESSAGE][INFO] - Smart Wait Function is triggered

2021-11-18 12:27:48 - [MESSAGE][INFO] - Found 1 web elements with id: 'Object Repository/Olusturma/Genel/Not/Notlar' located by 'By.xpath: //*[@id = 'txtNote_I']' in '10' second(s)

2021-11-18 12:27:48 - [MESSAGE][PASSED] - Object 'Object Repository/Olusturma/Genel/Not/Notlar' is clickable

2021-11-18 12:27:48 - [TEST_STEP][PASSED] - clearText(findTestObject("Olusturma/Genel/Not/Notlar")): Text of object 'Object Repository/Olusturma/Genel/Not/Notlar' is cleared

2021-11-18 12:27:48 - [MESSAGE][INFO] - Finding Test Object 'Object Repository/Olusturma/Genel/Not/Notlar'

2021-11-18 12:27:49 - [MESSAGE][INFO] - Checking object

2021-11-18 12:27:49 - [MESSAGE][INFO] - Finding web element from Test Object's properties

2021-11-18 12:27:49 - [MESSAGE][INFO] - Checking timeout

2021-11-18 12:27:49 - [MESSAGE][INFO] - Finding web element with id: 'Object Repository/Olusturma/Genel/Not/Notlar' located by 'By.xpath: //*[@id = 'txtNote_I']' in '30' second(s)

2021-11-18 12:27:49 - [MESSAGE][INFO] - Smart Wait Function is triggered

2021-11-18 12:27:49 - [MESSAGE][INFO] - Found 1 web elements with id: 'Object Repository/Olusturma/Genel/Not/Notlar' located by 'By.xpath: //*[@id = 'txtNote_I']' in '30' second(s)

2021-11-18 12:27:49 - [MESSAGE][INFO] - Clearing text of object 'Object Repository/Olusturma/Genel/Not/Notlar'

2021-11-18 12:27:49 - [MESSAGE][PASSED] - Text of object 'Object Repository/Olusturma/Genel/Not/Notlar' is cleared

2021-11-18 12:27:49 - [TEST_STEP][PASSED] - click(findTestObject("Olusturma/Genel/Not/Notlar")): Object: 'Object Repository/Olusturma/Genel/Not/Notlar' is clicked on

2021-11-18 12:27:49 - [MESSAGE][INFO] - Finding Test Object 'Object Repository/Olusturma/Genel/Not/Notlar'

2021-11-18 12:27:49 - [MESSAGE][INFO] - Checking object

2021-11-18 12:27:49 - [MESSAGE][INFO] - Finding web element from Test Object's properties

2021-11-18 12:27:49 - [MESSAGE][INFO] - Checking timeout

2021-11-18 12:27:49 - [MESSAGE][INFO] - Finding web element with id: 'Object Repository/Olusturma/Genel/Not/Notlar' located by 'By.xpath: //*[@id = 'txtNote_I']' in '30' second(s)

2021-11-18 12:27:49 - [MESSAGE][INFO] - Smart Wait Function is triggered

2021-11-18 12:27:49 - [MESSAGE][INFO] - Found 1 web elements with id: 'Object Repository/Olusturma/Genel/Not/Notlar' located by 'By.xpath: //*[@id = 'txtNote_I']' in '30' second(s)

2021-11-18 12:27:49 - [MESSAGE][INFO] - Clicking on object: 'Object Repository/Olusturma/Genel/Not/Notlar'

2021-11-18 12:27:49 - [MESSAGE][PASSED] - Object: 'Object Repository/Olusturma/Genel/Not/Notlar' is clicked on

2021-11-18 12:27:49 - [TEST_STEP][PASSED] - while (true): null

2021-11-18 12:27:49 - [TEST_STEP][PASSED] - delay(1): Delayed 1 second(s)

2021-11-18 12:27:49 - [MESSAGE][INFO] - Delaying browser in 1 second(s)

2021-11-18 12:27:50 - [MESSAGE][PASSED] - Delayed 1 second(s)

2021-11-18 12:27:50 - [TEST_STEP][PASSED] - ajaxIsComplete = executeJavaScript("return jQuery.active == 0", null): Execute JavaScript 'return jQuery.active == 0' successfully

2021-11-18 12:27:51 - [MESSAGE][PASSED] - Execute JavaScript 'return jQuery.active == 0' successfully

2021-11-18 12:27:51 - [TEST_STEP][PASSED] - if (ajaxIsComplete): null

2021-11-18 12:27:51 - [TEST_STEP][PASSED] - break: null

2021-11-18 12:27:51 - [TEST_STEP][PASSED] - sendKeys(findTestObject("Olusturma/Genel/Not/Notlar"), Not): Keys 'Otomasyon Not' sent to object: 'Object Repository/Olusturma/Genel/Not/Notlar'

2021-11-18 12:27:51 - [MESSAGE][INFO] - Finding Test Object 'Object Repository/Olusturma/Genel/Not/Notlar'

2021-11-18 12:27:51 - [MESSAGE][INFO] - Sending keys 'Otomasyon Not' to object: 'Object Repository/Olusturma/Genel/Not/Notlar'

2021-11-18 12:27:51 - [MESSAGE][INFO] - Finding web element from Test Object's properties

2021-11-18 12:27:51 - [MESSAGE][INFO] - Checking timeout

2021-11-18 12:27:51 - [MESSAGE][INFO] - Finding web element with id: 'Object Repository/Olusturma/Genel/Not/Notlar' located by 'By.xpath: //*[@id = 'txtNote_I']' in '30' second(s)

2021-11-18 12:27:51 - [MESSAGE][INFO] - Smart Wait Function is triggered

2021-11-18 12:27:51 - [MESSAGE][INFO] - Found 1 web elements with id: 'Object Repository/Olusturma/Genel/Not/Notlar' located by 'By.xpath: //*[@id = 'txtNote_I']' in '30' second(s)

2021-11-18 12:27:51 - [MESSAGE][PASSED] - Keys 'Otomasyon Not' sent to object: 'Object Repository/Olusturma/Genel/Not/Notlar'

2021-11-18 12:27:51 - [MESSAGE][PASSED] - Call Test Case 'Test Cases/Olusturma/Genel/NotGirilir' successfully

2021-11-18 12:27:51 - [MESSAGE][INFO] - Checking called Test Case

2021-11-18 12:27:51 - [MESSAGE][INFO] - Starting to call Test Case 'Test Cases/Olusturma/Genel/EttnBilgisiKayitEdilir'

2021-11-18 12:27:51 - [TEST_CASE][PASSED] - Test Cases/Olusturma/Genel/EttnBilgisiKayitEdilir: Test Cases/Olusturma/Genel/EttnBilgisiKayitEdilir

2021-11-18 12:27:51 - [TEST_STEP][PASSED] - verifyElementPresent(findTestObject("Object Repository/Olusturma/Genel/Olusturma/eArsivEttnBilgisi"), 7): Object 'Object Repository/Olusturma/Genel/Olusturma/eArsivEttnBilgisi' is present

2021-11-18 12:27:51 - [MESSAGE][INFO] - Finding Test Object 'Object Repository/Olusturma/Genel/Olusturma/eArsivEttnBilgisi'

2021-11-18 12:27:52 - [MESSAGE][INFO] - Checking object

2021-11-18 12:27:52 - [MESSAGE][INFO] - Finding web element from Test Object's properties

2021-11-18 12:27:52 - [MESSAGE][INFO] - Checking timeout

2021-11-18 12:27:52 - [MESSAGE][INFO] - Finding web element with id: 'Object Repository/Olusturma/Genel/Olusturma/eArsivEttnBilgisi' located by 'By.xpath: //*[@id = 'Uuid_I']' in '7' second(s)

2021-11-18 12:27:52 - [MESSAGE][INFO] - Smart Wait Function is triggered

2021-11-18 12:27:52 - [MESSAGE][INFO] - Found 1 web elements with id: 'Object Repository/Olusturma/Genel/Olusturma/eArsivEttnBilgisi' located by 'By.xpath: //*[@id = 'Uuid_I']' in '7' second(s)

2021-11-18 12:27:52 - [MESSAGE][PASSED] - Object 'Object Repository/Olusturma/Genel/Olusturma/eArsivEttnBilgisi' is present

2021-11-18 12:27:52 - [TEST_STEP][PASSED] - ettn = getAttribute(findTestObject("Object Repository/Olusturma/Genel/Olusturma/eArsivEttnBilgisi"), "value"): Attribute 'value' of object 'Object Repository/Olusturma/Genel/Olusturma/eArsivEttnBilgisi' is: '71fc879d-5680-4ab7-bf50-555c4fe75d8d'

2021-11-18 12:27:52 - [MESSAGE][INFO] - Finding Test Object 'Object Repository/Olusturma/Genel/Olusturma/eArsivEttnBilgisi'

2021-11-18 12:27:52 - [MESSAGE][INFO] - Checking object

2021-11-18 12:27:52 - [MESSAGE][INFO] - Checking attribute

2021-11-18 12:27:52 - [MESSAGE][INFO] - Finding web element from Test Object's properties

2021-11-18 12:27:52 - [MESSAGE][INFO] - Checking timeout

2021-11-18 12:27:52 - [MESSAGE][INFO] - Finding web element with id: 'Object Repository/Olusturma/Genel/Olusturma/eArsivEttnBilgisi' located by 'By.xpath: //*[@id = 'Uuid_I']' in '30' second(s)

2021-11-18 12:27:52 - [MESSAGE][INFO] - Smart Wait Function is triggered

2021-11-18 12:27:52 - [MESSAGE][INFO] - Found 1 web elements with id: 'Object Repository/Olusturma/Genel/Olusturma/eArsivEttnBilgisi' located by 'By.xpath: //*[@id = 'Uuid_I']' in '30' second(s)

2021-11-18 12:27:52 - [MESSAGE][INFO] - Getting attribute 'value' of object 'Object Repository/Olusturma/Genel/Olusturma/eArsivEttnBilgisi'

2021-11-18 12:27:52 - [MESSAGE][PASSED] - Attribute 'value' of object 'Object Repository/Olusturma/Genel/Olusturma/eArsivEttnBilgisi' is: '71fc879d-5680-4ab7-bf50-555c4fe75d8d'

2021-11-18 12:27:52 - [MESSAGE][PASSED] - Call Test Case 'Test Cases/Olusturma/Genel/EttnBilgisiKayitEdilir' successfully

2021-11-18 12:27:52 - [MESSAGE][INFO] - Checking called Test Case

2021-11-18 12:27:52 - [MESSAGE][INFO] - Starting to call Test Case 'Test Cases/Olusturma/Genel/KaydetButonunaTiklanir'

2021-11-18 12:27:52 - [TEST_CASE][PASSED] - Test Cases/Olusturma/Genel/KaydetButonunaTiklanir: Test Cases/Olusturma/Genel/KaydetButonunaTiklanir

2021-11-18 12:27:52 - [TEST_STEP][PASSED] - i = 0: null

2021-11-18 12:27:52 - [TEST_STEP][PASSED] - waitForElementPresent(findTestObject("Olusturma/Genel/Not/Notlar"), 10): Object 'Object Repository/Olusturma/Genel/Not/Notlar' is present

2021-11-18 12:27:52 - [MESSAGE][INFO] - Finding Test Object 'Object Repository/Olusturma/Genel/Not/Notlar'

2021-11-18 12:27:52 - [MESSAGE][INFO] - Checking object

2021-11-18 12:27:52 - [MESSAGE][INFO] - Finding web element from Test Object's properties

2021-11-18 12:27:52 - [MESSAGE][INFO] - Checking timeout

2021-11-18 12:27:52 - [MESSAGE][INFO] - Finding web element with id: 'Object Repository/Olusturma/Genel/Not/Notlar' located by 'By.xpath: //*[@id = 'txtNote_I']' in '10' second(s)

2021-11-18 12:27:52 - [MESSAGE][INFO] - Smart Wait Function is triggered

2021-11-18 12:27:53 - [MESSAGE][INFO] - Found 1 web elements with id: 'Object Repository/Olusturma/Genel/Not/Notlar' located by 'By.xpath: //*[@id = 'txtNote_I']' in '10' second(s)

2021-11-18 12:27:53 - [MESSAGE][PASSED] - Object 'Object Repository/Olusturma/Genel/Not/Notlar' is present

2021-11-18 12:27:53 - [TEST_STEP][PASSED] - click(findTestObject("Olusturma/Genel/Not/Notlar")): Object: 'Object Repository/Olusturma/Genel/Not/Notlar' is clicked on

2021-11-18 12:27:53 - [MESSAGE][INFO] - Finding Test Object 'Object Repository/Olusturma/Genel/Not/Notlar'

2021-11-18 12:27:53 - [MESSAGE][INFO] - Checking object

2021-11-18 12:27:53 - [MESSAGE][INFO] - Finding web element from Test Object's properties

2021-11-18 12:27:53 - [MESSAGE][INFO] - Checking timeout

2021-11-18 12:27:53 - [MESSAGE][INFO] - Finding web element with id: 'Object Repository/Olusturma/Genel/Not/Notlar' located by 'By.xpath: //*[@id = 'txtNote_I']' in '30' second(s)

2021-11-18 12:27:53 - [MESSAGE][INFO] - Smart Wait Function is triggered

2021-11-18 12:27:53 - [MESSAGE][INFO] - Found 1 web elements with id: 'Object Repository/Olusturma/Genel/Not/Notlar' located by 'By.xpath: //*[@id = 'txtNote_I']' in '30' second(s)

2021-11-18 12:27:53 - [MESSAGE][INFO] - Clicking on object: 'Object Repository/Olusturma/Genel/Not/Notlar'

2021-11-18 12:27:53 - [MESSAGE][PASSED] - Object: 'Object Repository/Olusturma/Genel/Not/Notlar' is clicked on

2021-11-18 12:27:53 - [TEST_STEP][PASSED] - while (true): null

2021-11-18 12:27:53 - [TEST_STEP][PASSED] - delay(1): Delayed 1 second(s)

2021-11-18 12:27:53 - [MESSAGE][INFO] - Delaying browser in 1 second(s)

2021-11-18 12:27:54 - [MESSAGE][PASSED] - Delayed 1 second(s)

2021-11-18 12:27:54 - [TEST_STEP][PASSED] - ajaxIsComplete = executeJavaScript("return jQuery.active == 0", null): Execute JavaScript 'return jQuery.active == 0' successfully

2021-11-18 12:27:54 - [MESSAGE][PASSED] - Execute JavaScript 'return jQuery.active == 0' successfully

2021-11-18 12:27:54 - [TEST_STEP][PASSED] - if (ajaxIsComplete): null

2021-11-18 12:27:54 - [TEST_STEP][PASSED] - break: null

2021-11-18 12:27:54 - [TEST_STEP][PASSED] - waitForElementClickable(findTestObject("Object Repository/Olusturma/Genel/Buton"), 10): Object 'Object Repository/Olusturma/Genel/Buton' is clickable

2021-11-18 12:27:54 - [MESSAGE][INFO] - Finding Test Object 'Object Repository/Olusturma/Genel/Buton'

2021-11-18 12:27:54 - [MESSAGE][INFO] - Checking object

2021-11-18 12:27:54 - [MESSAGE][INFO] - Checking timeout

2021-11-18 12:27:54 - [MESSAGE][INFO] - Finding web element from Test Object's properties

2021-11-18 12:27:54 - [MESSAGE][INFO] - Checking timeout

2021-11-18 12:27:54 - [MESSAGE][INFO] - Finding web element with id: 'Object Repository/Olusturma/Genel/Buton' located by 'By.xpath: //*[@id = 'btnKaydet']' in '10' second(s)

2021-11-18 12:27:54 - [MESSAGE][INFO] - Smart Wait Function is triggered

2021-11-18 12:27:54 - [MESSAGE][INFO] - Found 1 web elements with id: 'Object Repository/Olusturma/Genel/Buton' located by 'By.xpath: //*[@id = 'btnKaydet']' in '10' second(s)

2021-11-18 12:27:54 - [MESSAGE][PASSED] - Object 'Object Repository/Olusturma/Genel/Buton' is clickable

2021-11-18 12:27:54 - [TEST_STEP][PASSED] - click(findTestObject("Object Repository/Olusturma/Genel/Buton")): Object: 'Object Repository/Olusturma/Genel/Buton' is clicked on

2021-11-18 12:27:54 - [MESSAGE][INFO] - Finding Test Object 'Object Repository/Olusturma/Genel/Buton'

2021-11-18 12:27:55 - [MESSAGE][INFO] - Checking object

2021-11-18 12:27:55 - [MESSAGE][INFO] - Finding web element from Test Object's properties

2021-11-18 12:27:55 - [MESSAGE][INFO] - Checking timeout

2021-11-18 12:27:55 - [MESSAGE][INFO] - Finding web element with id: 'Object Repository/Olusturma/Genel/Buton' located by 'By.xpath: //*[@id = 'btnKaydet']' in '30' second(s)

2021-11-18 12:27:55 - [MESSAGE][INFO] - Smart Wait Function is triggered

2021-11-18 12:27:55 - [MESSAGE][INFO] - Found 1 web elements with id: 'Object Repository/Olusturma/Genel/Buton' located by 'By.xpath: //*[@id = 'btnKaydet']' in '30' second(s)

2021-11-18 12:27:55 - [MESSAGE][INFO] - Clicking on object: 'Object Repository/Olusturma/Genel/Buton'

2021-11-18 12:27:56 - [MESSAGE][PASSED] - Object: 'Object Repository/Olusturma/Genel/Buton' is clicked on

2021-11-18 12:27:56 - [MESSAGE][PASSED] - Call Test Case 'Test Cases/Olusturma/Genel/KaydetButonunaTiklanir' successfully

2021-11-18 12:27:56 - [MESSAGE][INFO] - Checking called Test Case

2021-11-18 12:27:56 - [MESSAGE][INFO] - Starting to call Test Case 'Test Cases/Tablo/TablodaEttnliVeriOlusturulduMu'

2021-11-18 12:27:56 - [TEST_CASE][PASSED] - Test Cases/Tablo/TablodaEttnliVeriOlusturulduMu: Test Cases/Tablo/TablodaEttnliVeriOlusturulduMu

2021-11-18 12:27:56 - [TEST_STEP][PASSED] - Method.TextDegerineEsitElementVarMi(findTestObject("Tablo/OlusturulanVeri"), ettn): Method.TextDegerineEsitElementVarMi is PASSED

2021-11-18 12:27:56 - [MESSAGE][INFO] - Finding Test Object 'Object Repository/Tablo/OlusturulanVeri'

2021-11-18 12:27:56 - [MESSAGE][INFO] - Checking timeout

2021-11-18 12:27:56 - [MESSAGE][INFO] - Finding web element with id: 'Object Repository/Tablo/OlusturulanVeri' located by 'By.cssSelector: table.dxgvTable_LECustomTheme>tbody>tr:nth-child(3)>td.dxgv b,table.dxgvTable_LECustomTheme>tbody>tr:nth-child(3)>td.dxgv' in '10' second(s)

2021-11-18 12:27:56 - [MESSAGE][INFO] - Smart Wait Function is triggered

2021-11-18 12:27:56 - [MESSAGE][INFO] - Found 11 web elements with id: 'Object Repository/Tablo/OlusturulanVeri' located by 'By.cssSelector: table.dxgvTable_LECustomTheme>tbody>tr:nth-child(3)>td.dxgv b,table.dxgvTable_LECustomTheme>tbody>tr:nth-child(3)>td.dxgv' in '10' second(s)

2021-11-18 12:27:56 - [MESSAGE][PASSED] - Method.TextDegerineEsitElementVarMi is PASSED

2021-11-18 12:27:56 - [MESSAGE][PASSED] - Call Test Case 'Test Cases/Tablo/TablodaEttnliVeriOlusturulduMu' successfully

2021-11-18 12:27:56 - [MESSAGE][INFO] - Checking called Test Case

2021-11-18 12:27:56 - [MESSAGE][INFO] - Starting to call Test Case 'Test Cases/Tablo/TablodanEttnliVeriSec'

2021-11-18 12:27:56 - [TEST_CASE][PASSED] - Test Cases/Tablo/TablodanEttnliVeriSec: Test Cases/Tablo/TablodanEttnliVeriSec

2021-11-18 12:27:56 - [TEST_STEP][PASSED] - Method.TextDegerineEsitElementinAltindakineTikla(findTestObject("Tablo/Veriler"), findTestObject("Tablo/VerininCheckBoxi"), ettn): Method.TextDegerineEsitElementinAltindakineTikla is PASSED

2021-11-18 12:27:56 - [MESSAGE][INFO] - Finding Test Object 'Object Repository/Tablo/Veriler'

2021-11-18 12:27:57 - [MESSAGE][INFO] - Finding Test Object 'Object Repository/Tablo/VerininCheckBoxi'

2021-11-18 12:27:57 - [MESSAGE][INFO] - Checking timeout

2021-11-18 12:27:57 - [MESSAGE][INFO] - Finding web element with id: 'Object Repository/Tablo/Veriler' located by 'By.cssSelector: td.dxgv b ,td.dxgv' in '10' second(s)

2021-11-18 12:27:57 - [MESSAGE][INFO] - Smart Wait Function is triggered

2021-11-18 12:27:57 - [MESSAGE][INFO] - Found 110 web elements with id: 'Object Repository/Tablo/Veriler' located by 'By.cssSelector: td.dxgv b ,td.dxgv' in '10' second(s)

2021-11-18 12:27:57 - [MESSAGE][INFO] - Smart Wait Function is triggered

2021-11-18 12:27:57 - [MESSAGE][PASSED] - Method.TextDegerineEsitElementinAltindakineTikla is PASSED

2021-11-18 12:27:57 - [MESSAGE][PASSED] - Call Test Case 'Test Cases/Tablo/TablodanEttnliVeriSec' successfully

2021-11-18 12:27:57 - [MESSAGE][INFO] - Checking called Test Case

2021-11-18 12:27:57 - [MESSAGE][INFO] - Starting to call Test Case 'Test Cases/Butonlar/ButonaTikla'

2021-11-18 12:27:57 - [TEST_CASE][PASSED] - Test Cases/Butonlar/ButonaTikla: Test Cases/Butonlar/ButonaTikla

2021-11-18 12:27:57 - [TEST_STEP][PASSED] - Method.TextDegerineEsitElementeTiklaEquals(findTestObject("Butonlar/Butonlar"), Buton_Adi): Method.TextDegerineEsitElementeTiklaEquals is PASSED

2021-11-18 12:27:57 - [MESSAGE][INFO] - Finding Test Object 'Object Repository/Butonlar/Butonlar'

2021-11-18 12:27:57 - [MESSAGE][INFO] - Checking timeout

2021-11-18 12:27:57 - [MESSAGE][INFO] - Finding web element with id: 'Object Repository/Butonlar/Butonlar' located by 'By.cssSelector: .panel.panel-default.text-center.footerPanel .btn,.btn.btn-primary.btnControls' in '10' second(s)

2021-11-18 12:27:57 - [MESSAGE][INFO] - Smart Wait Function is triggered

2021-11-18 12:27:58 - [MESSAGE][INFO] - Found 7 web elements with id: 'Object Repository/Butonlar/Butonlar' located by 'By.cssSelector: .panel.panel-default.text-center.footerPanel .btn,.btn.btn-primary.btnControls' in '10' second(s)

2021-11-18 12:27:58 - [MESSAGE][PASSED] - Method.TextDegerineEsitElementeTiklaEquals is PASSED

2021-11-18 12:27:58 - [MESSAGE][PASSED] - Call Test Case 'Test Cases/Butonlar/ButonaTikla' successfully

2021-11-18 12:27:58 - [MESSAGE][INFO] - Checking called Test Case

2021-11-18 12:27:58 - [MESSAGE][INFO] - Starting to call Test Case 'Test Cases/Popup/PopupMesajiIceriyorMu'

2021-11-18 12:27:58 - [TEST_CASE][PASSED] - Test Cases/Popup/PopupMesajiIceriyorMu: Test Cases/Popup/PopupMesajiIceriyorMu

2021-11-18 12:27:58 - [TEST_STEP][PASSED] - waitForElementVisible(findTestObject("Popup/Popup"), 10): Object 'Object Repository/Popup/Popup' is visible

2021-11-18 12:27:58 - [MESSAGE][INFO] - Finding Test Object 'Object Repository/Popup/Popup'

2021-11-18 12:27:58 - [MESSAGE][INFO] - Checking object

2021-11-18 12:27:58 - [MESSAGE][INFO] - Checking timeout

2021-11-18 12:27:58 - [MESSAGE][INFO] - Finding web element from Test Object's properties

2021-11-18 12:27:58 - [MESSAGE][INFO] - Checking timeout

2021-11-18 12:27:58 - [MESSAGE][INFO] - Finding web element with id: 'Object Repository/Popup/Popup' located by 'By.cssSelector: .bootbox-body' in '10' second(s)

2021-11-18 12:27:58 - [MESSAGE][INFO] - Smart Wait Function is triggered

2021-11-18 12:27:59 - [MESSAGE][INFO] - Found 1 web elements with id: 'Object Repository/Popup/Popup' located by 'By.cssSelector: .bootbox-body' in '10' second(s)

2021-11-18 12:27:59 - [MESSAGE][PASSED] - Object 'Object Repository/Popup/Popup' is visible

2021-11-18 12:27:59 - [TEST_STEP][PASSED] - if (!(getText(findTestObject("Popup/Popup")).contains(Mesaj))): Text of object 'Object Repository/Popup/Popup' is: 'Oluşturulacak makbuz numarası : FYS2021000000473 Makbuz numarası oluşturulduktan sonra makbuz silinemez. Makbuz numarası, tarihi ve ön eki değiştirilemez. Devam etmek istiyor musunuz?'

2021-11-18 12:27:59 - [MESSAGE][INFO] - Finding Test Object 'Object Repository/Popup/Popup'

2021-11-18 12:27:59 - [MESSAGE][INFO] - Checking object

2021-11-18 12:27:59 - [MESSAGE][INFO] - Finding web element from Test Object's properties

2021-11-18 12:27:59 - [MESSAGE][INFO] - Checking timeout

2021-11-18 12:27:59 - [MESSAGE][INFO] - Finding web element with id: 'Object Repository/Popup/Popup' located by 'By.cssSelector: .bootbox-body' in '30' second(s)

2021-11-18 12:27:59 - [MESSAGE][INFO] - Smart Wait Function is triggered

2021-11-18 12:27:59 - [MESSAGE][INFO] - Found 1 web elements with id: 'Object Repository/Popup/Popup' located by 'By.cssSelector: .bootbox-body' in '30' second(s)

2021-11-18 12:27:59 - [MESSAGE][INFO] - Getting text of object 'Object Repository/Popup/Popup'

2021-11-18 12:27:59 - [MESSAGE][PASSED] - Text of object 'Object Repository/Popup/Popup' is: 'Oluşturulacak makbuz numarası : FYS2021000000473 Makbuz numarası oluşturulduktan sonra makbuz silinemez. Makbuz numarası, tarihi ve ön eki değiştirilemez. Devam etmek istiyor musunuz?'

2021-11-18 12:27:59 - [TEST_STEP][PASSED] - RaporNo = getText(findTestObject("Popup/Popup")).substring(0, 6): Text of object 'Object Repository/Popup/Popup' is: 'Oluşturulacak makbuz numarası : FYS2021000000473 Makbuz numarası oluşturulduktan sonra makbuz silinemez. Makbuz numarası, tarihi ve ön eki değiştirilemez. Devam etmek istiyor musunuz?'

2021-11-18 12:27:59 - [MESSAGE][INFO] - Finding Test Object 'Object Repository/Popup/Popup'

2021-11-18 12:27:59 - [MESSAGE][INFO] - Checking object

2021-11-18 12:27:59 - [MESSAGE][INFO] - Finding web element from Test Object's properties

2021-11-18 12:27:59 - [MESSAGE][INFO] - Checking timeout

2021-11-18 12:27:59 - [MESSAGE][INFO] - Finding web element with id: 'Object Repository/Popup/Popup' located by 'By.cssSelector: .bootbox-body' in '30' second(s)

2021-11-18 12:27:59 - [MESSAGE][INFO] - Smart Wait Function is triggered

2021-11-18 12:28:00 - [MESSAGE][INFO] - Found 1 web elements with id: 'Object Repository/Popup/Popup' located by 'By.cssSelector: .bootbox-body' in '30' second(s)

2021-11-18 12:28:00 - [MESSAGE][INFO] - Getting text of object 'Object Repository/Popup/Popup'

2021-11-18 12:28:00 - [MESSAGE][PASSED] - Text of object 'Object Repository/Popup/Popup' is: 'Oluşturulacak makbuz numarası : FYS2021000000473 Makbuz numarası oluşturulduktan sonra makbuz silinemez. Makbuz numarası, tarihi ve ön eki değiştirilemez. Devam etmek istiyor musunuz?'

2021-11-18 12:28:00 - [TEST_STEP][PASSED] - Console.println(RaporNo): null

2021-11-18 12:28:00 - [MESSAGE][PASSED] - Call Test Case 'Test Cases/Popup/PopupMesajiIceriyorMu' successfully

2021-11-18 12:28:00 - [MESSAGE][INFO] - Checking called Test Case

2021-11-18 12:28:00 - [MESSAGE][INFO] - Starting to call Test Case 'Test Cases/Popup/PopupButonSecilir'

2021-11-18 12:28:00 - [TEST_CASE][PASSED] - Test Cases/Popup/PopupButonSecilir: Test Cases/Popup/PopupButonSecilir

2021-11-18 12:28:00 - [TEST_STEP][PASSED] - Method.TextDegerineEsitElementeTikla(findTestObject("Popup/Popup_Butons"), Buton): Method.TextDegerineEsitElementeTikla is PASSED

2021-11-18 12:28:00 - [MESSAGE][INFO] - Finding Test Object 'Object Repository/Popup/Popup_Butons'

2021-11-18 12:28:00 - [MESSAGE][INFO] - Checking timeout

2021-11-18 12:28:00 - [MESSAGE][INFO] - Finding web element with id: 'Object Repository/Popup/Popup_Butons' located by 'By.cssSelector: .modal-footer>button' in '10' second(s)

2021-11-18 12:28:00 - [MESSAGE][INFO] - Smart Wait Function is triggered

2021-11-18 12:28:00 - [MESSAGE][INFO] - Found 2 web elements with id: 'Object Repository/Popup/Popup_Butons' located by 'By.cssSelector: .modal-footer>button' in '10' second(s)

2021-11-18 12:28:00 - [MESSAGE][PASSED] - Method.TextDegerineEsitElementeTikla is PASSED

2021-11-18 12:28:00 - [MESSAGE][PASSED] - Call Test Case 'Test Cases/Popup/PopupButonSecilir' successfully

2021-11-18 12:28:00 - [MESSAGE][INFO] - Checking called Test Case

2021-11-18 12:28:00 - [MESSAGE][INFO] - Starting to call Test Case 'Test Cases/Popup/PopupMesajiIceriyorMu'

2021-11-18 12:28:00 - [TEST_CASE][PASSED] - Test Cases/Popup/PopupMesajiIceriyorMu: Test Cases/Popup/PopupMesajiIceriyorMu

2021-11-18 12:28:00 - [TEST_STEP][PASSED] - waitForElementVisible(findTestObject("Popup/Popup"), 10): Object 'Object Repository/Popup/Popup' is visible

2021-11-18 12:28:00 - [MESSAGE][INFO] - Finding Test Object 'Object Repository/Popup/Popup'

2021-11-18 12:28:01 - [MESSAGE][INFO] - Checking object

2021-11-18 12:28:01 - [MESSAGE][INFO] - Checking timeout

2021-11-18 12:28:01 - [MESSAGE][INFO] - Finding web element from Test Object's properties

2021-11-18 12:28:01 - [MESSAGE][INFO] - Checking timeout

2021-11-18 12:28:01 - [MESSAGE][INFO] - Finding web element with id: 'Object Repository/Popup/Popup' located by 'By.cssSelector: .bootbox-body' in '10' second(s)

2021-11-18 12:28:01 - [MESSAGE][INFO] - Smart Wait Function is triggered

2021-11-18 12:28:01 - [MESSAGE][INFO] - Found 1 web elements with id: 'Object Repository/Popup/Popup' located by 'By.cssSelector: .bootbox-body' in '10' second(s)

2021-11-18 12:28:01 - [MESSAGE][PASSED] - Object 'Object Repository/Popup/Popup' is visible

2021-11-18 12:28:01 - [TEST_STEP][PASSED] - if (!(getText(findTestObject("Popup/Popup")).contains(Mesaj))): Text of object 'Object Repository/Popup/Popup' is: 'Makbuz numaranız FYS2021000000473 olarak oluşmuştur.'

2021-11-18 12:28:01 - [MESSAGE][INFO] - Finding Test Object 'Object Repository/Popup/Popup'

2021-11-18 12:28:01 - [MESSAGE][INFO] - Checking object

2021-11-18 12:28:01 - [MESSAGE][INFO] - Finding web element from Test Object's properties

2021-11-18 12:28:01 - [MESSAGE][INFO] - Checking timeout

2021-11-18 12:28:01 - [MESSAGE][INFO] - Finding web element with id: 'Object Repository/Popup/Popup' located by 'By.cssSelector: .bootbox-body' in '30' second(s)

2021-11-18 12:28:01 - [MESSAGE][INFO] - Smart Wait Function is triggered

2021-11-18 12:28:02 - [MESSAGE][INFO] - Found 1 web elements with id: 'Object Repository/Popup/Popup' located by 'By.cssSelector: .bootbox-body' in '30' second(s)

2021-11-18 12:28:02 - [MESSAGE][INFO] - Getting text of object 'Object Repository/Popup/Popup'

2021-11-18 12:28:02 - [MESSAGE][PASSED] - Text of object 'Object Repository/Popup/Popup' is: 'Makbuz numaranız FYS2021000000473 olarak oluşmuştur.'

2021-11-18 12:28:02 - [TEST_STEP][PASSED] - RaporNo = getText(findTestObject("Popup/Popup")).substring(0, 6): Text of object 'Object Repository/Popup/Popup' is: 'Makbuz numaranız FYS2021000000473 olarak oluşmuştur.'

2021-11-18 12:28:02 - [MESSAGE][INFO] - Finding Test Object 'Object Repository/Popup/Popup'

2021-11-18 12:28:02 - [MESSAGE][INFO] - Checking object

2021-11-18 12:28:02 - [MESSAGE][INFO] - Finding web element from Test Object's properties

2021-11-18 12:28:02 - [MESSAGE][INFO] - Checking timeout

2021-11-18 12:28:02 - [MESSAGE][INFO] - Finding web element with id: 'Object Repository/Popup/Popup' located by 'By.cssSelector: .bootbox-body' in '30' second(s)

2021-11-18 12:28:02 - [MESSAGE][INFO] - Smart Wait Function is triggered

2021-11-18 12:28:02 - [MESSAGE][INFO] - Found 1 web elements with id: 'Object Repository/Popup/Popup' located by 'By.cssSelector: .bootbox-body' in '30' second(s)

2021-11-18 12:28:02 - [MESSAGE][INFO] - Getting text of object 'Object Repository/Popup/Popup'

2021-11-18 12:28:02 - [MESSAGE][PASSED] - Text of object 'Object Repository/Popup/Popup' is: 'Makbuz numaranız FYS2021000000473 olarak oluşmuştur.'

2021-11-18 12:28:02 - [TEST_STEP][PASSED] - Console.println(RaporNo): null

2021-11-18 12:28:02 - [MESSAGE][PASSED] - Call Test Case 'Test Cases/Popup/PopupMesajiIceriyorMu' successfully

2021-11-18 12:28:02 - [MESSAGE][INFO] - Checking called Test Case

2021-11-18 12:28:02 - [MESSAGE][INFO] - Starting to call Test Case 'Test Cases/Popup/PopupButonSecilir'

2021-11-18 12:28:02 - [TEST_CASE][PASSED] - Test Cases/Popup/PopupButonSecilir: Test Cases/Popup/PopupButonSecilir

2021-11-18 12:28:02 - [TEST_STEP][PASSED] - Method.TextDegerineEsitElementeTikla(findTestObject("Popup/Popup_Butons"), Buton): Method.TextDegerineEsitElementeTikla is PASSED

2021-11-18 12:28:02 - [MESSAGE][INFO] - Finding Test Object 'Object Repository/Popup/Popup_Butons'

2021-11-18 12:28:02 - [MESSAGE][INFO] - Checking timeout

2021-11-18 12:28:02 - [MESSAGE][INFO] - Finding web element with id: 'Object Repository/Popup/Popup_Butons' located by 'By.cssSelector: .modal-footer>button' in '10' second(s)

2021-11-18 12:28:02 - [MESSAGE][INFO] - Smart Wait Function is triggered

2021-11-18 12:28:02 - [MESSAGE][INFO] - Found 1 web elements with id: 'Object Repository/Popup/Popup_Butons' located by 'By.cssSelector: .modal-footer>button' in '10' second(s)

2021-11-18 12:28:02 - [MESSAGE][PASSED] - Method.TextDegerineEsitElementeTikla is PASSED

2021-11-18 12:28:02 - [MESSAGE][PASSED] - Call Test Case 'Test Cases/Popup/PopupButonSecilir' successfully

2021-11-18 12:28:02 - [MESSAGE][INFO] - Checking called Test Case

2021-11-18 12:28:02 - [MESSAGE][INFO] - Starting to call Test Case 'Test Cases/Tablo/TablodanEttnliVeriSec'

2021-11-18 12:28:02 - [TEST_CASE][PASSED] - Test Cases/Tablo/TablodanEttnliVeriSec: Test Cases/Tablo/TablodanEttnliVeriSec

2021-11-18 12:28:02 - [TEST_STEP][PASSED] - Method.TextDegerineEsitElementinAltindakineTikla(findTestObject("Tablo/Veriler"), findTestObject("Tablo/VerininCheckBoxi"), ettn): Method.TextDegerineEsitElementinAltindakineTikla is PASSED

2021-11-18 12:28:02 - [MESSAGE][INFO] - Finding Test Object 'Object Repository/Tablo/Veriler'

2021-11-18 12:28:03 - [MESSAGE][INFO] - Finding Test Object 'Object Repository/Tablo/VerininCheckBoxi'

2021-11-18 12:28:03 - [MESSAGE][INFO] - Checking timeout

2021-11-18 12:28:03 - [MESSAGE][INFO] - Finding web element with id: 'Object Repository/Tablo/Veriler' located by 'By.cssSelector: td.dxgv b ,td.dxgv' in '10' second(s)

2021-11-18 12:28:03 - [MESSAGE][INFO] - Smart Wait Function is triggered

2021-11-18 12:28:03 - [MESSAGE][INFO] - Found 110 web elements with id: 'Object Repository/Tablo/Veriler' located by 'By.cssSelector: td.dxgv b ,td.dxgv' in '10' second(s)

2021-11-18 12:28:03 - [MESSAGE][INFO] - Smart Wait Function is triggered

2021-11-18 12:28:04 - [MESSAGE][PASSED] - Method.TextDegerineEsitElementinAltindakineTikla is PASSED

2021-11-18 12:28:04 - [MESSAGE][PASSED] - Call Test Case 'Test Cases/Tablo/TablodanEttnliVeriSec' successfully

2021-11-18 12:28:04 - [MESSAGE][INFO] - Checking called Test Case

2021-11-18 12:28:04 - [MESSAGE][INFO] - Starting to call Test Case 'Test Cases/Butonlar/ButonaTikla'

2021-11-18 12:28:04 - [TEST_CASE][PASSED] - Test Cases/Butonlar/ButonaTikla: Test Cases/Butonlar/ButonaTikla

2021-11-18 12:28:04 - [TEST_STEP][PASSED] - Method.TextDegerineEsitElementeTiklaEquals(findTestObject("Butonlar/Butonlar"), Buton_Adi): Method.TextDegerineEsitElementeTiklaEquals is PASSED

2021-11-18 12:28:04 - [MESSAGE][INFO] - Finding Test Object 'Object Repository/Butonlar/Butonlar'

2021-11-18 12:28:04 - [MESSAGE][INFO] - Checking timeout

2021-11-18 12:28:04 - [MESSAGE][INFO] - Finding web element with id: 'Object Repository/Butonlar/Butonlar' located by 'By.cssSelector: .panel.panel-default.text-center.footerPanel .btn,.btn.btn-primary.btnControls' in '10' second(s)

2021-11-18 12:28:04 - [MESSAGE][INFO] - Smart Wait Function is triggered

2021-11-18 12:28:04 - [MESSAGE][INFO] - Found 7 web elements with id: 'Object Repository/Butonlar/Butonlar' located by 'By.cssSelector: .panel.panel-default.text-center.footerPanel .btn,.btn.btn-primary.btnControls' in '10' second(s)

2021-11-18 12:28:04 - [MESSAGE][PASSED] - Method.TextDegerineEsitElementeTiklaEquals is PASSED

2021-11-18 12:28:04 - [MESSAGE][PASSED] - Call Test Case 'Test Cases/Butonlar/ButonaTikla' successfully

2021-11-18 12:28:04 - [MESSAGE][INFO] - Checking called Test Case

2021-11-18 12:28:04 - [MESSAGE][INFO] - Starting to call Test Case 'Test Cases/Popup/PopupMesajiIceriyorMu'

2021-11-18 12:28:04 - [TEST_CASE][PASSED] - Test Cases/Popup/PopupMesajiIceriyorMu: Test Cases/Popup/PopupMesajiIceriyorMu

2021-11-18 12:28:04 - [TEST_STEP][PASSED] - waitForElementVisible(findTestObject("Popup/Popup"), 10): Object 'Object Repository/Popup/Popup' is visible

2021-11-18 12:28:04 - [MESSAGE][INFO] - Finding Test Object 'Object Repository/Popup/Popup'

2021-11-18 12:28:05 - [MESSAGE][INFO] - Checking object

2021-11-18 12:28:05 - [MESSAGE][INFO] - Checking timeout

2021-11-18 12:28:05 - [MESSAGE][INFO] - Finding web element from Test Object's properties

2021-11-18 12:28:05 - [MESSAGE][INFO] - Checking timeout

2021-11-18 12:28:05 - [MESSAGE][INFO] - Finding web element with id: 'Object Repository/Popup/Popup' located by 'By.cssSelector: .bootbox-body' in '10' second(s)

2021-11-18 12:28:05 - [MESSAGE][INFO] - Smart Wait Function is triggered

2021-11-18 12:28:05 - [MESSAGE][INFO] - Found 1 web elements with id: 'Object Repository/Popup/Popup' located by 'By.cssSelector: .bootbox-body' in '10' second(s)

2021-11-18 12:28:05 - [MESSAGE][PASSED] - Object 'Object Repository/Popup/Popup' is visible

2021-11-18 12:28:05 - [TEST_STEP][PASSED] - if (!(getText(findTestObject("Popup/Popup")).contains(Mesaj))): Text of object 'Object Repository/Popup/Popup' is: 'FYS serisi için onaylanmamış belge(leri)niz bulunmaktadır.
Devam etmek istiyor musunuz?'

2021-11-18 12:28:05 - [MESSAGE][INFO] - Finding Test Object 'Object Repository/Popup/Popup'

2021-11-18 12:28:05 - [MESSAGE][INFO] - Checking object

2021-11-18 12:28:05 - [MESSAGE][INFO] - Finding web element from Test Object's properties

2021-11-18 12:28:05 - [MESSAGE][INFO] - Checking timeout

2021-11-18 12:28:05 - [MESSAGE][INFO] - Finding web element with id: 'Object Repository/Popup/Popup' located by 'By.cssSelector: .bootbox-body' in '30' second(s)

2021-11-18 12:28:05 - [MESSAGE][INFO] - Smart Wait Function is triggered

2021-11-18 12:28:05 - [MESSAGE][INFO] - Found 1 web elements with id: 'Object Repository/Popup/Popup' located by 'By.cssSelector: .bootbox-body' in '30' second(s)

2021-11-18 12:28:05 - [MESSAGE][INFO] - Getting text of object 'Object Repository/Popup/Popup'

2021-11-18 12:28:05 - [MESSAGE][PASSED] - Text of object 'Object Repository/Popup/Popup' is: 'FYS serisi için onaylanmamış belge(leri)niz bulunmaktadır.
Devam etmek istiyor musunuz?'

2021-11-18 12:28:05 - [TEST_STEP][PASSED] - RaporNo = getText(findTestObject("Popup/Popup")).substring(0, 6): Text of object 'Object Repository/Popup/Popup' is: 'FYS serisi için onaylanmamış belge(leri)niz bulunmaktadır.
Devam etmek istiyor musunuz?'

2021-11-18 12:28:05 - [MESSAGE][INFO] - Finding Test Object 'Object Repository/Popup/Popup'

2021-11-18 12:28:05 - [MESSAGE][INFO] - Checking object

2021-11-18 12:28:05 - [MESSAGE][INFO] - Finding web element from Test Object's properties

2021-11-18 12:28:05 - [MESSAGE][INFO] - Checking timeout

2021-11-18 12:28:05 - [MESSAGE][INFO] - Finding web element with id: 'Object Repository/Popup/Popup' located by 'By.cssSelector: .bootbox-body' in '30' second(s)

2021-11-18 12:28:05 - [MESSAGE][INFO] - Smart Wait Function is triggered

2021-11-18 12:28:06 - [MESSAGE][INFO] - Found 1 web elements with id: 'Object Repository/Popup/Popup' located by 'By.cssSelector: .bootbox-body' in '30' second(s)

2021-11-18 12:28:06 - [MESSAGE][INFO] - Getting text of object 'Object Repository/Popup/Popup'

2021-11-18 12:28:06 - [MESSAGE][PASSED] - Text of object 'Object Repository/Popup/Popup' is: 'FYS serisi için onaylanmamış belge(leri)niz bulunmaktadır.
Devam etmek istiyor musunuz?'

2021-11-18 12:28:06 - [TEST_STEP][PASSED] - Console.println(RaporNo): null

2021-11-18 12:28:06 - [MESSAGE][PASSED] - Call Test Case 'Test Cases/Popup/PopupMesajiIceriyorMu' successfully

2021-11-18 12:28:06 - [MESSAGE][INFO] - Checking called Test Case

2021-11-18 12:28:06 - [MESSAGE][INFO] - Starting to call Test Case 'Test Cases/Popup/PopupButonSecilir'

2021-11-18 12:28:06 - [TEST_CASE][PASSED] - Test Cases/Popup/PopupButonSecilir: Test Cases/Popup/PopupButonSecilir

2021-11-18 12:28:06 - [TEST_STEP][PASSED] - Method.TextDegerineEsitElementeTikla(findTestObject("Popup/Popup_Butons"), Buton): Method.TextDegerineEsitElementeTikla is PASSED

2021-11-18 12:28:06 - [MESSAGE][INFO] - Finding Test Object 'Object Repository/Popup/Popup_Butons'

2021-11-18 12:28:06 - [MESSAGE][INFO] - Checking timeout

2021-11-18 12:28:06 - [MESSAGE][INFO] - Finding web element with id: 'Object Repository/Popup/Popup_Butons' located by 'By.cssSelector: .modal-footer>button' in '10' second(s)

2021-11-18 12:28:06 - [MESSAGE][INFO] - Smart Wait Function is triggered

2021-11-18 12:28:06 - [MESSAGE][INFO] - Found 2 web elements with id: 'Object Repository/Popup/Popup_Butons' located by 'By.cssSelector: .modal-footer>button' in '10' second(s)

2021-11-18 12:28:06 - [MESSAGE][PASSED] - Method.TextDegerineEsitElementeTikla is PASSED

2021-11-18 12:28:06 - [MESSAGE][PASSED] - Call Test Case 'Test Cases/Popup/PopupButonSecilir' successfully

2021-11-18 12:28:06 - [MESSAGE][INFO] - Checking called Test Case

2021-11-18 12:28:06 - [MESSAGE][INFO] - Starting to call Test Case 'Test Cases/Menu/AnaMenuSecimi'

2021-11-18 12:28:06 - [TEST_CASE][PASSED] - Test Cases/Menu/AnaMenuSecimi: Test Cases/Menu/AnaMenuSecimi

2021-11-18 12:28:06 - [TEST_STEP][PASSED] - Method.TextDegerineEsitElementeTikla(findTestObject("Menu/Ana_Menu"), Ana_Menu): Method.TextDegerineEsitElementeTikla is PASSED

2021-11-18 12:28:06 - [MESSAGE][INFO] - Finding Test Object 'Object Repository/Menu/Ana_Menu'

2021-11-18 12:28:06 - [MESSAGE][INFO] - Checking timeout

2021-11-18 12:28:06 - [MESSAGE][INFO] - Finding web element with id: 'Object Repository/Menu/Ana_Menu' located by 'By.xpath: //*[@class = 'dropdown-toggle']' in '10' second(s)

2021-11-18 12:28:06 - [MESSAGE][INFO] - Smart Wait Function is triggered

2021-11-18 12:28:16 - [MESSAGE][INFO] - Found 14 web elements with id: 'Object Repository/Menu/Ana_Menu' located by 'By.xpath: //*[@class = 'dropdown-toggle']' in '10' second(s)

2021-11-18 12:28:16 - [MESSAGE][PASSED] - Method.TextDegerineEsitElementeTikla is PASSED

2021-11-18 12:28:16 - [MESSAGE][PASSED] - Call Test Case 'Test Cases/Menu/AnaMenuSecimi' successfully

2021-11-18 12:28:16 - [MESSAGE][INFO] - Checking called Test Case

2021-11-18 12:28:16 - [MESSAGE][INFO] - Starting to call Test Case 'Test Cases/Menu/BasligaGoreAltMenuSecimi'

2021-11-18 12:28:16 - [TEST_CASE][PASSED] - Test Cases/Menu/BasligaGoreAltMenuSecimi: Test Cases/Menu/BasligaGoreAltMenuSecimi

2021-11-18 12:28:16 - [TEST_STEP][PASSED] - Method.TextDegerineEsitElementinAltindakiTextDegerineEsitOlanaTikla(findTestObject("Menu/Menu_Basligi"), findTestObject("Menu/Basliga_Gore_Alt_Menu"), Baslik, Alt_Menu): Method.TextDegerineEsitElementinAltindakiTextDegerineEsitOlanaTikla is PASSED

2021-11-18 12:28:16 - [MESSAGE][INFO] - Finding Test Object 'Object Repository/Menu/Menu_Basligi'

2021-11-18 12:28:16 - [MESSAGE][INFO] - Finding Test Object 'Object Repository/Menu/Basliga_Gore_Alt_Menu'

2021-11-18 12:28:16 - [MESSAGE][INFO] - Checking timeout

2021-11-18 12:28:16 - [MESSAGE][INFO] - Finding web element with id: 'Object Repository/Menu/Menu_Basligi' located by 'By.xpath: //li[@class='dropdown dropdown-large open']//li[@class='dropdown-header']' in '10' second(s)

2021-11-18 12:28:16 - [MESSAGE][INFO] - Smart Wait Function is triggered

2021-11-18 12:28:17 - [MESSAGE][INFO] - Found 2 web elements with id: 'Object Repository/Menu/Menu_Basligi' located by 'By.xpath: //li[@class='dropdown dropdown-large open']//li[@class='dropdown-header']' in '10' second(s)

2021-11-18 12:28:17 - [MESSAGE][INFO] - Smart Wait Function is triggered

2021-11-18 12:28:18 - [MESSAGE][PASSED] - Method.TextDegerineEsitElementinAltindakiTextDegerineEsitOlanaTikla is PASSED

2021-11-18 12:28:18 - [MESSAGE][PASSED] - Call Test Case 'Test Cases/Menu/BasligaGoreAltMenuSecimi' successfully

2021-11-18 12:28:18 - [MESSAGE][INFO] - Checking called Test Case

2021-11-18 12:28:18 - [MESSAGE][INFO] - Starting to call Test Case 'Test Cases/Filtreler/EttnYaz'

2021-11-18 12:28:18 - [TEST_CASE][PASSED] - Test Cases/Filtreler/EttnYaz: Test Cases/Filtreler/EttnYaz

2021-11-18 12:28:18 - [TEST_STEP][PASSED] - Method.TextDegerineEsitElementinAltindakiTextboxtaYaz(findTestObject("Filtreler/Basliklar"), findTestObject("Filtreler/Basliga_Gore_Textbox"), "ETTN", ettn): Method.TextDegerineEsitElementinAltindakiTextboxtaYaz is PASSED

2021-11-18 12:28:18 - [MESSAGE][INFO] - Finding Test Object 'Object Repository/Filtreler/Basliklar'

2021-11-18 12:28:18 - [MESSAGE][INFO] - Finding Test Object 'Object Repository/Filtreler/Basliga_Gore_Textbox'

2021-11-18 12:28:18 - [MESSAGE][INFO] - Checking timeout

2021-11-18 12:28:18 - [MESSAGE][INFO] - Finding web element with id: 'Object Repository/Filtreler/Basliklar' located by 'By.cssSelector: .control-label.col-sm-4.paddingMarginRLC' in '10' second(s)

2021-11-18 12:28:18 - [MESSAGE][INFO] - Smart Wait Function is triggered

2021-11-18 12:28:18 - [MESSAGE][INFO] - Found 13 web elements with id: 'Object Repository/Filtreler/Basliklar' located by 'By.cssSelector: .control-label.col-sm-4.paddingMarginRLC' in '10' second(s)

2021-11-18 12:28:18 - [MESSAGE][INFO] - Smart Wait Function is triggered

2021-11-18 12:28:19 - [MESSAGE][PASSED] - Method.TextDegerineEsitElementinAltindakiTextboxtaYaz is PASSED

2021-11-18 12:28:19 - [MESSAGE][PASSED] - Call Test Case 'Test Cases/Filtreler/EttnYaz' successfully

2021-11-18 12:28:19 - [MESSAGE][INFO] - Checking called Test Case

2021-11-18 12:28:19 - [MESSAGE][INFO] - Starting to call Test Case 'Test Cases/Filtreler/ButonaTikla'

2021-11-18 12:28:19 - [TEST_CASE][PASSED] - Test Cases/Filtreler/ButonaTikla: Test Cases/Filtreler/ButonaTikla

2021-11-18 12:28:19 - [TEST_STEP][PASSED] - Method.TextDegerineEsitElementeTikla(findTestObject("Filtreler/Butonlar"), Filtre_Buton): Method.TextDegerineEsitElementeTikla is PASSED

2021-11-18 12:28:19 - [MESSAGE][INFO] - Finding Test Object 'Object Repository/Filtreler/Butonlar'

2021-11-18 12:28:19 - [MESSAGE][INFO] - Checking timeout

2021-11-18 12:28:19 - [MESSAGE][INFO] - Finding web element with id: 'Object Repository/Filtreler/Butonlar' located by 'By.cssSelector: .dxb>span' in '10' second(s)

2021-11-18 12:28:19 - [MESSAGE][INFO] - Smart Wait Function is triggered

2021-11-18 12:28:19 - [MESSAGE][INFO] - Found 3 web elements with id: 'Object Repository/Filtreler/Butonlar' located by 'By.cssSelector: .dxb>span' in '10' second(s)

2021-11-18 12:28:19 - [MESSAGE][PASSED] - Method.TextDegerineEsitElementeTikla is PASSED

2021-11-18 12:28:19 - [MESSAGE][PASSED] - Call Test Case 'Test Cases/Filtreler/ButonaTikla' successfully

2021-11-18 12:28:19 - [MESSAGE][INFO] - Checking called Test Case

2021-11-18 12:28:19 - [MESSAGE][INFO] - Starting to call Test Case 'Test Cases/Tablo/TablodaVeriVarMi'

2021-11-18 12:28:19 - [TEST_CASE][PASSED] - Test Cases/Tablo/TablodaVeriVarMi: Test Cases/Tablo/TablodaVeriVarMi

2021-11-18 12:28:19 - [TEST_STEP][PASSED] - verifyTextNotPresent("Görüntülenecek veri yok", true): Text 'Görüntülenecek veri yok' is not present on page using regular expression

2021-11-18 12:28:19 - [MESSAGE][INFO] - Checking text present  using regular expression

2021-11-18 12:28:19 - [MESSAGE][INFO] - Smart Wait Function is triggered

2021-11-18 12:28:20 - [MESSAGE][INFO] - Finding text 'Görüntülenecek veri yok' on page  using regular expression

2021-11-18 12:28:20 - [MESSAGE][PASSED] - Text 'Görüntülenecek veri yok' is not present on page using regular expression

2021-11-18 12:28:20 - [MESSAGE][PASSED] - Call Test Case 'Test Cases/Tablo/TablodaVeriVarMi' successfully

2021-11-18 12:28:20 - [MESSAGE][INFO] - Checking called Test Case

2021-11-18 12:28:20 - [MESSAGE][INFO] - Starting to call Test Case 'Test Cases/Tablo/TablodaVeriBasariliMiSmm'

2021-11-18 12:28:20 - [TEST_CASE][PASSED] - Test Cases/Tablo/TablodaVeriBasariliMiSmm: Test Cases/Tablo/TablodaVeriBasariliMiSmm

2021-11-18 12:28:21 - [TEST_STEP][PASSED] - sayac = 80: null

2021-11-18 12:28:21 - [TEST_STEP][PASSED] - while (verifyElementText(findTestObject("Tablo/DurumBilgisiSmm"), "Henüz Sonuçlanmadı", OPTIONAL)): Actual text 'Başarılı' and expected text 'Henüz Sonuçlanmadı' of test object 'Object Repository/Tablo/DurumBilgisiSmm' are NOT matched. (Root cause: com.kms.katalon.core.exception.StepFailedException: Actual text 'Başarılı' and expected text 'Henüz Sonuçlanmadı' of test object 'Object Repository/Tablo/DurumBilgisiSmm' are NOT matched.
	at com.kms.katalon.core.webui.keyword.internal.WebUIKeywordMain.stepFailed(WebUIKeywordMain.groovy:64)
	at com.kms.katalon.core.webui.keyword.builtin.VerifyElementTextKeyword$_verifyElementText_closure1.doCall(VerifyElementTextKeyword.groovy:57)
	at com.kms.katalon.core.webui.keyword.builtin.VerifyElementTextKeyword$_verifyElementText_closure1.call(VerifyElementTextKeyword.groovy)
	at com.kms.katalon.core.webui.keyword.internal.WebUIKeywordMain.runKeyword(WebUIKeywordMain.groovy:20)
	at com.kms.katalon.core.webui.keyword.builtin.VerifyElementTextKeyword.verifyElementText(VerifyElementTextKeyword.groovy:72)
	at com.kms.katalon.core.webui.keyword.builtin.VerifyElementTextKeyword.execute(VerifyElementTextKeyword.groovy:40)
	at com.kms.katalon.core.keyword.internal.KeywordExecutor.executeKeywordForPlatform(KeywordExecutor.groovy:73)
	at com.kms.katalon.core.webui.keyword.WebUiBuiltInKeywords.verifyElementText(WebUiBuiltInKeywords.groovy:4733)
	at com.kms.katalon.core.webui.keyword.WebUiBuiltInKeywords$verifyElementText$20.call(Unknown Source)
	at TablodaVeriBasariliMiSmm.run(TablodaVeriBasariliMiSmm:22)
	at com.kms.katalon.core.main.ScriptEngine.run(ScriptEngine.java:194)
	at com.kms.katalon.core.main.ScriptEngine.runScriptAsRawText(ScriptEngine.java:119)
	at com.kms.katalon.core.main.TestCaseExecutor.runScript(TestCaseExecutor.java:369)
	at com.kms.katalon.core.main.TestCaseExecutor.doExecute(TestCaseExecutor.java:360)
	at com.kms.katalon.core.main.TestCaseExecutor.processExecutionPhase(TestCaseExecutor.java:339)
	at com.kms.katalon.core.main.TestCaseExecutor.accessMainPhase(TestCaseExecutor.java:331)
	at com.kms.katalon.core.main.TestCaseExecutor.execute(TestCaseExecutor.java:248)
	at com.kms.katalon.core.main.TestCaseMain.runTestCase(TestCaseMain.java:138)
	at com.kms.katalon.core.keyword.builtin.CallTestCaseKeyword$_callTestCase_closure1.doCall(CallTestCaseKeyword.groovy:59)
	at com.kms.katalon.core.keyword.builtin.CallTestCaseKeyword$_callTestCase_closure1.call(CallTestCaseKeyword.groovy)
	at com.kms.katalon.core.keyword.internal.KeywordMain.runKeyword(KeywordMain.groovy:68)
	at com.kms.katalon.core.keyword.builtin.CallTestCaseKeyword.callTestCase(CallTestCaseKeyword.groovy:81)
	at com.kms.katalon.core.keyword.builtin.CallTestCaseKeyword.execute(CallTestCaseKeyword.groovy:44)
	at com.kms.katalon.core.keyword.internal.KeywordExecutor.executeKeywordForPlatform(KeywordExecutor.groovy:73)
	at com.kms.katalon.core.keyword.BuiltinKeywords.callTestCase(BuiltinKeywords.groovy:334)
	at tablo.tablo.tablodaVeriBasariliMiSmm(tablo.groovy:105)
	at cucumber.runtime.Utils$1.call(Utils.java:26)
	at cucumber.runtime.Timeout.timeout(Timeout.java:16)
	at cucumber.runtime.Utils.invoke(Utils.java:20)
	at cucumber.runtime.java.JavaStepDefinition.execute(JavaStepDefinition.java:49)
	at cucumber.runner.PickleStepDefinitionMatch.runStep(PickleStepDefinitionMatch.java:50)
	at cucumber.runner.TestStep.executeStep(TestStep.java:63)
	at cucumber.runner.TestStep.run(TestStep.java:49)
	at cucumber.runner.PickleStepTestStep.run(PickleStepTestStep.java:43)
	at cucumber.runner.TestCase.run(TestCase.java:44)
	at cucumber.runner.Runner.runPickle(Runner.java:40)
	at cucumber.runtime.Runtime$1.run(Runtime.java:84)
	at cucumber.runtime.Runtime$SameThreadExecutorService.execute(Runtime.java:220)
	at cucumber.runtime.Runtime.run(Runtime.java:81)
	at cucumber.api.cli.Main.run(Main.java:26)
	at cucumber.api.cli.Main$run.call(Unknown Source)
	at com.kms.katalon.core.cucumber.keyword.CucumberBuiltinKeywords$_runFeatureFile_closure1.doCall(CucumberBuiltinKeywords.groovy:106)
	at com.kms.katalon.core.cucumber.keyword.CucumberBuiltinKeywords$_runFeatureFile_closure1.doCall(CucumberBuiltinKeywords.groovy)
	at com.kms.katalon.core.keyword.internal.KeywordMain.runKeyword(KeywordMain.groovy:68)
	at com.kms.katalon.core.keyword.internal.KeywordMain$runKeyword.call(Unknown Source)
	at com.kms.katalon.core.cucumber.keyword.CucumberBuiltinKeywords.runFeatureFile(CucumberBuiltinKeywords.groovy:73)
	at com.kms.katalon.core.cucumber.keyword.CucumberBuiltinKeywords$runFeatureFile$0.callStatic(Unknown Source)
	at com.kms.katalon.core.cucumber.keyword.CucumberBuiltinKeywords.runFeatureFile(CucumberBuiltinKeywords.groovy:246)
	at com.kms.katalon.core.cucumber.keyword.CucumberBuiltinKeywords$runFeatureFile.call(Unknown Source)
	at VKN-e-Serbest Meslek Makbuzu-Elektronik.run(VKN-e-Serbest Meslek Makbuzu-Elektronik:19)
	at com.kms.katalon.core.main.ScriptEngine.run(ScriptEngine.java:194)
	at com.kms.katalon.core.main.ScriptEngine.runScriptAsRawText(ScriptEngine.java:119)
	at com.kms.katalon.core.main.TestCaseExecutor.runScript(TestCaseExecutor.java:369)
	at com.kms.katalon.core.main.TestCaseExecutor.doExecute(TestCaseExecutor.java:360)
	at com.kms.katalon.core.main.TestCaseExecutor.processExecutionPhase(TestCaseExecutor.java:339)
	at com.kms.katalon.core.main.TestCaseExecutor.accessMainPhase(TestCaseExecutor.java:331)
	at com.kms.katalon.core.main.TestCaseExecutor.execute(TestCaseExecutor.java:248)
	at com.kms.katalon.core.main.TestSuiteExecutor.accessTestCaseMainPhase(TestSuiteExecutor.java:191)
	at com.kms.katalon.core.main.TestSuiteExecutor.accessTestSuiteMainPhase(TestSuiteExecutor.java:140)
	at com.kms.katalon.core.main.TestSuiteExecutor.execute(TestSuiteExecutor.java:89)
	at com.kms.katalon.core.main.TestCaseMain.startTestSuite(TestCaseMain.java:181)
	at com.kms.katalon.core.main.TestCaseMain$startTestSuite$0.call(Unknown Source)
	at TempTestSuite1637225344330.run(TempTestSuite1637225344330.groovy:39)
)

2021-11-18 12:28:21 - [MESSAGE][INFO] - Finding Test Object 'Object Repository/Tablo/DurumBilgisiSmm'

2021-11-18 12:28:21 - [MESSAGE][INFO] - Checking object

2021-11-18 12:28:21 - [MESSAGE][INFO] - Finding web element from Test Object's properties

2021-11-18 12:28:21 - [MESSAGE][INFO] - Checking timeout

2021-11-18 12:28:21 - [MESSAGE][INFO] - Finding web element with id: 'Object Repository/Tablo/DurumBilgisiSmm' located by 'By.xpath: //*[@id = 'GridViewSEReceipt_tccell0_10']' in '30' second(s)

2021-11-18 12:28:21 - [MESSAGE][INFO] - Smart Wait Function is triggered

2021-11-18 12:28:21 - [MESSAGE][INFO] - Found 1 web elements with id: 'Object Repository/Tablo/DurumBilgisiSmm' located by 'By.xpath: //*[@id = 'GridViewSEReceipt_tccell0_10']' in '30' second(s)

2021-11-18 12:28:21 - [MESSAGE][WARNING] - Actual text 'Başarılı' and expected text 'Henüz Sonuçlanmadı' of test object 'Object Repository/Tablo/DurumBilgisiSmm' are NOT matched. (Root cause: com.kms.katalon.core.exception.StepFailedException: Actual text 'Başarılı' and expected text 'Henüz Sonuçlanmadı' of test object 'Object Repository/Tablo/DurumBilgisiSmm' are NOT matched.
	at com.kms.katalon.core.webui.keyword.internal.WebUIKeywordMain.stepFailed(WebUIKeywordMain.groovy:64)
	at com.kms.katalon.core.webui.keyword.builtin.VerifyElementTextKeyword$_verifyElementText_closure1.doCall(VerifyElementTextKeyword.groovy:57)
	at com.kms.katalon.core.webui.keyword.builtin.VerifyElementTextKeyword$_verifyElementText_closure1.call(VerifyElementTextKeyword.groovy)
	at com.kms.katalon.core.webui.keyword.internal.WebUIKeywordMain.runKeyword(WebUIKeywordMain.groovy:20)
	at com.kms.katalon.core.webui.keyword.builtin.VerifyElementTextKeyword.verifyElementText(VerifyElementTextKeyword.groovy:72)
	at com.kms.katalon.core.webui.keyword.builtin.VerifyElementTextKeyword.execute(VerifyElementTextKeyword.groovy:40)
	at com.kms.katalon.core.keyword.internal.KeywordExecutor.executeKeywordForPlatform(KeywordExecutor.groovy:73)
	at com.kms.katalon.core.webui.keyword.WebUiBuiltInKeywords.verifyElementText(WebUiBuiltInKeywords.groovy:4733)
	at com.kms.katalon.core.webui.keyword.WebUiBuiltInKeywords$verifyElementText$20.call(Unknown Source)
	at TablodaVeriBasariliMiSmm.run(TablodaVeriBasariliMiSmm:22)
	at com.kms.katalon.core.main.ScriptEngine.run(ScriptEngine.java:194)
	at com.kms.katalon.core.main.ScriptEngine.runScriptAsRawText(ScriptEngine.java:119)
	at com.kms.katalon.core.main.TestCaseExecutor.runScript(TestCaseExecutor.java:369)
	at com.kms.katalon.core.main.TestCaseExecutor.doExecute(TestCaseExecutor.java:360)
	at com.kms.katalon.core.main.TestCaseExecutor.processExecutionPhase(TestCaseExecutor.java:339)
	at com.kms.katalon.core.main.TestCaseExecutor.accessMainPhase(TestCaseExecutor.java:331)
	at com.kms.katalon.core.main.TestCaseExecutor.execute(TestCaseExecutor.java:248)
	at com.kms.katalon.core.main.TestCaseMain.runTestCase(TestCaseMain.java:138)
	at com.kms.katalon.core.keyword.builtin.CallTestCaseKeyword$_callTestCase_closure1.doCall(CallTestCaseKeyword.groovy:59)
	at com.kms.katalon.core.keyword.builtin.CallTestCaseKeyword$_callTestCase_closure1.call(CallTestCaseKeyword.groovy)
	at com.kms.katalon.core.keyword.internal.KeywordMain.runKeyword(KeywordMain.groovy:68)
	at com.kms.katalon.core.keyword.builtin.CallTestCaseKeyword.callTestCase(CallTestCaseKeyword.groovy:81)
	at com.kms.katalon.core.keyword.builtin.CallTestCaseKeyword.execute(CallTestCaseKeyword.groovy:44)
	at com.kms.katalon.core.keyword.internal.KeywordExecutor.executeKeywordForPlatform(KeywordExecutor.groovy:73)
	at com.kms.katalon.core.keyword.BuiltinKeywords.callTestCase(BuiltinKeywords.groovy:334)
	at tablo.tablo.tablodaVeriBasariliMiSmm(tablo.groovy:105)
	at cucumber.runtime.Utils$1.call(Utils.java:26)
	at cucumber.runtime.Timeout.timeout(Timeout.java:16)
	at cucumber.runtime.Utils.invoke(Utils.java:20)
	at cucumber.runtime.java.JavaStepDefinition.execute(JavaStepDefinition.java:49)
	at cucumber.runner.PickleStepDefinitionMatch.runStep(PickleStepDefinitionMatch.java:50)
	at cucumber.runner.TestStep.executeStep(TestStep.java:63)
	at cucumber.runner.TestStep.run(TestStep.java:49)
	at cucumber.runner.PickleStepTestStep.run(PickleStepTestStep.java:43)
	at cucumber.runner.TestCase.run(TestCase.java:44)
	at cucumber.runner.Runner.runPickle(Runner.java:40)
	at cucumber.runtime.Runtime$1.run(Runtime.java:84)
	at cucumber.runtime.Runtime$SameThreadExecutorService.execute(Runtime.java:220)
	at cucumber.runtime.Runtime.run(Runtime.java:81)
	at cucumber.api.cli.Main.run(Main.java:26)
	at cucumber.api.cli.Main$run.call(Unknown Source)
	at com.kms.katalon.core.cucumber.keyword.CucumberBuiltinKeywords$_runFeatureFile_closure1.doCall(CucumberBuiltinKeywords.groovy:106)
	at com.kms.katalon.core.cucumber.keyword.CucumberBuiltinKeywords$_runFeatureFile_closure1.doCall(CucumberBuiltinKeywords.groovy)
	at com.kms.katalon.core.keyword.internal.KeywordMain.runKeyword(KeywordMain.groovy:68)
	at com.kms.katalon.core.keyword.internal.KeywordMain$runKeyword.call(Unknown Source)
	at com.kms.katalon.core.cucumber.keyword.CucumberBuiltinKeywords.runFeatureFile(CucumberBuiltinKeywords.groovy:73)
	at com.kms.katalon.core.cucumber.keyword.CucumberBuiltinKeywords$runFeatureFile$0.callStatic(Unknown Source)
	at com.kms.katalon.core.cucumber.keyword.CucumberBuiltinKeywords.runFeatureFile(CucumberBuiltinKeywords.groovy:246)
	at com.kms.katalon.core.cucumber.keyword.CucumberBuiltinKeywords$runFeatureFile.call(Unknown Source)
	at VKN-e-Serbest Meslek Makbuzu-Elektronik.run(VKN-e-Serbest Meslek Makbuzu-Elektronik:19)
	at com.kms.katalon.core.main.ScriptEngine.run(ScriptEngine.java:194)
	at com.kms.katalon.core.main.ScriptEngine.runScriptAsRawText(ScriptEngine.java:119)
	at com.kms.katalon.core.main.TestCaseExecutor.runScript(TestCaseExecutor.java:369)
	at com.kms.katalon.core.main.TestCaseExecutor.doExecute(TestCaseExecutor.java:360)
	at com.kms.katalon.core.main.TestCaseExecutor.processExecutionPhase(TestCaseExecutor.java:339)
	at com.kms.katalon.core.main.TestCaseExecutor.accessMainPhase(TestCaseExecutor.java:331)
	at com.kms.katalon.core.main.TestCaseExecutor.execute(TestCaseExecutor.java:248)
	at com.kms.katalon.core.main.TestSuiteExecutor.accessTestCaseMainPhase(TestSuiteExecutor.java:191)
	at com.kms.katalon.core.main.TestSuiteExecutor.accessTestSuiteMainPhase(TestSuiteExecutor.java:140)
	at com.kms.katalon.core.main.TestSuiteExecutor.execute(TestSuiteExecutor.java:89)
	at com.kms.katalon.core.main.TestCaseMain.startTestSuite(TestCaseMain.java:181)
	at com.kms.katalon.core.main.TestCaseMain$startTestSuite$0.call(Unknown Source)
	at TempTestSuite1637225344330.run(TempTestSuite1637225344330.groovy:39)
)

2021-11-18 12:28:21 - [TEST_STEP][PASSED] - Method.TextDegerineEsitElementVarMi(findTestObject("Tablo/DurumBilgisiSmm"), "Başarılı"): Method.TextDegerineEsitElementVarMi is PASSED

2021-11-18 12:28:21 - [MESSAGE][INFO] - Finding Test Object 'Object Repository/Tablo/DurumBilgisiSmm'

2021-11-18 12:28:21 - [MESSAGE][INFO] - Checking timeout

2021-11-18 12:28:21 - [MESSAGE][INFO] - Finding web element with id: 'Object Repository/Tablo/DurumBilgisiSmm' located by 'By.xpath: //*[@id = 'GridViewSEReceipt_tccell0_10']' in '10' second(s)

2021-11-18 12:28:21 - [MESSAGE][INFO] - Smart Wait Function is triggered

2021-11-18 12:28:21 - [MESSAGE][INFO] - Found 1 web elements with id: 'Object Repository/Tablo/DurumBilgisiSmm' located by 'By.xpath: //*[@id = 'GridViewSEReceipt_tccell0_10']' in '10' second(s)

2021-11-18 12:28:21 - [MESSAGE][PASSED] - Method.TextDegerineEsitElementVarMi is PASSED

2021-11-18 12:28:21 - [MESSAGE][PASSED] - Call Test Case 'Test Cases/Tablo/TablodaVeriBasariliMiSmm' successfully

2021-11-18 12:28:21 - [MESSAGE][INFO] - Checking called Test Case

2021-11-18 12:28:21 - [MESSAGE][INFO] - Starting to call Test Case 'Test Cases/Kullanici_Islemleri/KullaniciIslemlerindenSecimYapilir'

2021-11-18 12:28:21 - [TEST_CASE][PASSED] - Test Cases/Kullanici_Islemleri/KullaniciIslemlerindenSecimYapilir: Test Cases/Kullanici_Islemleri/KullaniciIslemlerindenSecimYapilir

2021-11-18 12:28:21 - [TEST_STEP][PASSED] - waitForElementClickable(findTestObject("Object Repository/Kullanici_Islemleri/KullaniciIslemleri"), 10): Object 'Object Repository/Kullanici_Islemleri/KullaniciIslemleri' is clickable

2021-11-18 12:28:21 - [MESSAGE][INFO] - Finding Test Object 'Object Repository/Kullanici_Islemleri/KullaniciIslemleri'

2021-11-18 12:28:22 - [MESSAGE][INFO] - Checking object

2021-11-18 12:28:22 - [MESSAGE][INFO] - Checking timeout

2021-11-18 12:28:22 - [MESSAGE][INFO] - Finding web element from Test Object's properties

2021-11-18 12:28:22 - [MESSAGE][INFO] - Checking timeout

2021-11-18 12:28:22 - [MESSAGE][INFO] - Finding web element with id: 'Object Repository/Kullanici_Islemleri/KullaniciIslemleri' located by 'By.cssSelector: .dropdown>a>img' in '10' second(s)

2021-11-18 12:28:22 - [MESSAGE][INFO] - Smart Wait Function is triggered

2021-11-18 12:28:22 - [MESSAGE][INFO] - Found 1 web elements with id: 'Object Repository/Kullanici_Islemleri/KullaniciIslemleri' located by 'By.cssSelector: .dropdown>a>img' in '10' second(s)

2021-11-18 12:28:22 - [MESSAGE][PASSED] - Object 'Object Repository/Kullanici_Islemleri/KullaniciIslemleri' is clickable

2021-11-18 12:28:22 - [TEST_STEP][PASSED] - click(findTestObject("Object Repository/Kullanici_Islemleri/KullaniciIslemleri")): Object: 'Object Repository/Kullanici_Islemleri/KullaniciIslemleri' is clicked on

2021-11-18 12:28:22 - [MESSAGE][INFO] - Finding Test Object 'Object Repository/Kullanici_Islemleri/KullaniciIslemleri'

2021-11-18 12:28:22 - [MESSAGE][INFO] - Checking object

2021-11-18 12:28:22 - [MESSAGE][INFO] - Finding web element from Test Object's properties

2021-11-18 12:28:22 - [MESSAGE][INFO] - Checking timeout

2021-11-18 12:28:22 - [MESSAGE][INFO] - Finding web element with id: 'Object Repository/Kullanici_Islemleri/KullaniciIslemleri' located by 'By.cssSelector: .dropdown>a>img' in '30' second(s)

2021-11-18 12:28:22 - [MESSAGE][INFO] - Smart Wait Function is triggered

2021-11-18 12:28:22 - [MESSAGE][INFO] - Found 1 web elements with id: 'Object Repository/Kullanici_Islemleri/KullaniciIslemleri' located by 'By.cssSelector: .dropdown>a>img' in '30' second(s)

2021-11-18 12:28:22 - [MESSAGE][INFO] - Clicking on object: 'Object Repository/Kullanici_Islemleri/KullaniciIslemleri'

2021-11-18 12:28:22 - [MESSAGE][PASSED] - Object: 'Object Repository/Kullanici_Islemleri/KullaniciIslemleri' is clicked on

2021-11-18 12:28:22 - [TEST_STEP][PASSED] - Method.TextDegerineEsitElementeTikla(findTestObject("Object Repository/Kullanici_Islemleri/Secenekler"), Islem): Method.TextDegerineEsitElementeTikla is PASSED

2021-11-18 12:28:22 - [MESSAGE][INFO] - Finding Test Object 'Object Repository/Kullanici_Islemleri/Secenekler'

2021-11-18 12:28:22 - [MESSAGE][INFO] - Checking timeout

2021-11-18 12:28:22 - [MESSAGE][INFO] - Finding web element with id: 'Object Repository/Kullanici_Islemleri/Secenekler' located by 'By.cssSelector: .nav.navbar-nav.navbar-right li a' in '10' second(s)

2021-11-18 12:28:22 - [MESSAGE][INFO] - Smart Wait Function is triggered

2021-11-18 12:28:23 - [MESSAGE][INFO] - Found 22 web elements with id: 'Object Repository/Kullanici_Islemleri/Secenekler' located by 'By.cssSelector: .nav.navbar-nav.navbar-right li a' in '10' second(s)

2021-11-18 12:28:24 - [MESSAGE][PASSED] - Method.TextDegerineEsitElementeTikla is PASSED

2021-11-18 12:28:24 - [TEST_STEP][PASSED] - verifyElementNotPresent(findTestObject("Object Repository/Kullanici_Islemleri/Secenekler"), 10): Web element with id: 'Object Repository/Kullanici_Islemleri/Secenekler' located by 'By.cssSelector: .nav.navbar-nav.navbar-right li a' is not present after '10' second(s)

2021-11-18 12:28:24 - [MESSAGE][INFO] - Finding Test Object 'Object Repository/Kullanici_Islemleri/Secenekler'

2021-11-18 12:28:24 - [MESSAGE][INFO] - Checking object

2021-11-18 12:28:24 - [MESSAGE][INFO] - Checking timeout

2021-11-18 12:28:24 - [MESSAGE][INFO] - Finding web element with id: 'Object Repository/Kullanici_Islemleri/Secenekler' located by 'By.cssSelector: .nav.navbar-nav.navbar-right li a' in '10' second(s)

2021-11-18 12:28:24 - [MESSAGE][INFO] - Smart Wait Function is triggered

2021-11-18 12:28:24 - [MESSAGE][PASSED] - Web element with id: 'Object Repository/Kullanici_Islemleri/Secenekler' located by 'By.cssSelector: .nav.navbar-nav.navbar-right li a' is not present after '10' second(s)

2021-11-18 12:28:24 - [MESSAGE][PASSED] - Call Test Case 'Test Cases/Kullanici_Islemleri/KullaniciIslemlerindenSecimYapilir' successfully

2021-11-18 12:28:24 - [TEST_CASE][PASSED] - Start Test Case : SCENARIO VKN ile e-Serbest Meslek Makbuzu Olusturulmasi ve Excele aktarilmasi: SCENARIO VKN ile e-Serbest Meslek Makbuzu Olusturulmasi ve Excele aktarilmasi

2021-11-18 12:28:24 - [TEST_STEP][PASSED] - Giriş yapılır: Giriş yapılır

2021-11-18 12:28:24 - [MESSAGE][PASSED] - Giriş yapılır

2021-11-18 12:28:24 - [TEST_STEP][PASSED] - Ana menüden e-Makbuz seçilir: Ana menüden e-Makbuz seçilir

2021-11-18 12:28:24 - [MESSAGE][PASSED] - Ana menüden e-Makbuz seçilir

2021-11-18 12:28:24 - [TEST_STEP][PASSED] - Alt menü e-Serbest Meslek Uygulaması başlığı altındaki e-Serbest Meslek Makbuzu Oluşturma seçilir: Alt menü e-Serbest Meslek Uygulaması başlığı altındaki e-Serbest Meslek Makbuzu Oluşturma seçilir

2021-11-18 12:28:24 - [MESSAGE][PASSED] - Alt menü e-Serbest Meslek Uygulaması başlığı altındaki e-Serbest Meslek Makbuzu Oluşturma seçilir

2021-11-18 12:28:24 - [TEST_STEP][PASSED] - Tablodaki tüm veriler silinir: Tablodaki tüm veriler silinir

2021-11-18 12:28:24 - [MESSAGE][PASSED] - Tablodaki tüm veriler silinir

2021-11-18 12:28:24 - [TEST_STEP][PASSED] - Butonlardan Ekle isimli butona tıklanır: Butonlardan Ekle isimli butona tıklanır

2021-11-18 12:28:24 - [MESSAGE][PASSED] - Butonlardan Ekle isimli butona tıklanır

2021-11-18 12:28:24 - [TEST_STEP][PASSED] - Görsel tasarım sayfasının Makbuz Bilgileri başlığını içerdiği kontrol edilir: Görsel tasarım sayfasının Makbuz Bilgileri başlığını içerdiği kontrol edilir

2021-11-18 12:28:24 - [MESSAGE][PASSED] - Görsel tasarım sayfasının Makbuz Bilgileri başlığını içerdiği kontrol edilir

2021-11-18 12:28:24 - [TEST_STEP][PASSED] - Alıcı adı alanına VirgosolSerbestMeslekVKN girilir: Alıcı adı alanına VirgosolSerbestMeslekVKN girilir

2021-11-18 12:28:24 - [MESSAGE][PASSED] - Alıcı adı alanına VirgosolSerbestMeslekVKN girilir

2021-11-18 12:28:24 - [TEST_STEP][PASSED] - Gönderim Şekli Elektronik olarak seçilir: Gönderim Şekli Elektronik olarak seçilir

2021-11-18 12:28:24 - [MESSAGE][PASSED] - Gönderim Şekli Elektronik olarak seçilir

2021-11-18 12:28:24 - [TEST_STEP][PASSED] - Döküman Para Birimi alanından Türk Lirası seçilir: Döküman Para Birimi alanından Türk Lirası seçilir

2021-11-18 12:28:24 - [MESSAGE][PASSED] - Döküman Para Birimi alanından Türk Lirası seçilir

2021-11-18 12:28:24 - [TEST_STEP][PASSED] - Tasarım alanından e-Serbest Meslek Makbuz Öndeger Sablon Tasarim.xslt- seçilir: Tasarım alanından e-Serbest Meslek Makbuz Öndeger Sablon Tasarim.xslt- seçilir

2021-11-18 12:28:24 - [MESSAGE][PASSED] - Tasarım alanından e-Serbest Meslek Makbuz Öndeger Sablon Tasarim.xslt- seçilir

2021-11-18 12:28:24 - [TEST_STEP][PASSED] - Ekle butonuna basılır: Ekle butonuna basılır

2021-11-18 12:28:24 - [MESSAGE][PASSED] - Ekle butonuna basılır

2021-11-18 12:28:24 - [TEST_STEP][PASSED] - Ürün ekleme alanında Ücretin Ne İçin Alındığı başlığına Otomasyon girilir: Ürün ekleme alanında Ücretin Ne İçin Alındığı başlığına Otomasyon girilir

2021-11-18 12:28:24 - [MESSAGE][PASSED] - Ürün ekleme alanında Ücretin Ne İçin Alındığı başlığına Otomasyon girilir

2021-11-18 12:28:24 - [TEST_STEP][PASSED] - Ürün ekleme alanında Brüt Ücret başlığına 400 girilir: Ürün ekleme alanında Brüt Ücret başlığına 400 girilir

2021-11-18 12:28:24 - [MESSAGE][PASSED] - Ürün ekleme alanında Brüt Ücret başlığına 400 girilir

2021-11-18 12:28:24 - [TEST_STEP][PASSED] - Ürün ekleme alanında G.V Stopaj Oranı% başlığına 10 girilir: Ürün ekleme alanında G.V Stopaj Oranı% başlığına 10 girilir

2021-11-18 12:28:24 - [MESSAGE][PASSED] - Ürün ekleme alanında G.V Stopaj Oranı% başlığına 10 girilir

2021-11-18 12:28:24 - [TEST_STEP][PASSED] - Notlar alanına Otomasyon Not girilir: Notlar alanına Otomasyon Not girilir

2021-11-18 12:28:24 - [MESSAGE][PASSED] - Notlar alanına Otomasyon Not girilir

2021-11-18 12:28:24 - [TEST_STEP][PASSED] - Ettn bilgisi kayıt edilir: Ettn bilgisi kayıt edilir

2021-11-18 12:28:24 - [MESSAGE][PASSED] - Ettn bilgisi kayıt edilir

2021-11-18 12:28:24 - [TEST_STEP][PASSED] - Kaydet butonu seçilir: Kaydet butonu seçilir

2021-11-18 12:28:24 - [MESSAGE][PASSED] - Kaydet butonu seçilir

2021-11-18 12:28:24 - [TEST_STEP][PASSED] - Tabloda Ettn bilgisi kaydedilen veri oluşturuldu mu: Tabloda Ettn bilgisi kaydedilen veri oluşturuldu mu

2021-11-18 12:28:24 - [MESSAGE][PASSED] - Tabloda Ettn bilgisi kaydedilen veri oluşturuldu mu

2021-11-18 12:28:24 - [TEST_STEP][PASSED] - Tablodan Ettn bilgisi kaydedilen veri seçilir: Tablodan Ettn bilgisi kaydedilen veri seçilir

2021-11-18 12:28:24 - [MESSAGE][PASSED] - Tablodan Ettn bilgisi kaydedilen veri seçilir

2021-11-18 12:28:24 - [TEST_STEP][PASSED] - Butonlardan Numara Oluştur isimli butona tıklanır: Butonlardan Numara Oluştur isimli butona tıklanır

2021-11-18 12:28:24 - [MESSAGE][PASSED] - Butonlardan Numara Oluştur isimli butona tıklanır

2021-11-18 12:28:24 - [TEST_STEP][PASSED] - Popup mesajı Devam etmek istiyor musunuz içeriyor mu: Popup mesajı Devam etmek istiyor musunuz içeriyor mu

2021-11-18 12:28:24 - [MESSAGE][PASSED] - Popup mesajı Devam etmek istiyor musunuz içeriyor mu

2021-11-18 12:28:24 - [TEST_STEP][PASSED] - Yönetim popupında Evet seçilir: Yönetim popupında Evet seçilir

2021-11-18 12:28:24 - [MESSAGE][PASSED] - Yönetim popupında Evet seçilir

2021-11-18 12:28:24 - [TEST_STEP][PASSED] - Popup mesajı oluşmuştur içeriyor mu: Popup mesajı oluşmuştur içeriyor mu

2021-11-18 12:28:24 - [MESSAGE][PASSED] - Popup mesajı oluşmuştur içeriyor mu

2021-11-18 12:28:24 - [TEST_STEP][PASSED] - Yönetim popupında Tamam seçilir: Yönetim popupında Tamam seçilir

2021-11-18 12:28:24 - [MESSAGE][PASSED] - Yönetim popupında Tamam seçilir

2021-11-18 12:28:24 - [TEST_STEP][PASSED] - Tablodan Ettn bilgisi kaydedilen veri seçilir: Tablodan Ettn bilgisi kaydedilen veri seçilir

2021-11-18 12:28:24 - [MESSAGE][PASSED] - Tablodan Ettn bilgisi kaydedilen veri seçilir

2021-11-18 12:28:24 - [TEST_STEP][PASSED] - Butonlardan Gönder isimli butona tıklanır: Butonlardan Gönder isimli butona tıklanır

2021-11-18 12:28:24 - [MESSAGE][PASSED] - Butonlardan Gönder isimli butona tıklanır

2021-11-18 12:28:24 - [TEST_STEP][PASSED] - Popup mesajı Devam etmek istiyor musunuz içeriyor mu: Popup mesajı Devam etmek istiyor musunuz içeriyor mu

2021-11-18 12:28:24 - [MESSAGE][PASSED] - Popup mesajı Devam etmek istiyor musunuz içeriyor mu

2021-11-18 12:28:24 - [TEST_STEP][PASSED] - Yönetim popupında Evet seçilir: Yönetim popupında Evet seçilir

2021-11-18 12:28:24 - [MESSAGE][PASSED] - Yönetim popupında Evet seçilir

2021-11-18 12:28:24 - [TEST_STEP][PASSED] - Ana menüden e-Makbuz seçilir: Ana menüden e-Makbuz seçilir

2021-11-18 12:28:24 - [MESSAGE][PASSED] - Ana menüden e-Makbuz seçilir

2021-11-18 12:28:24 - [TEST_STEP][PASSED] - Alt menü e-Serbest Meslek Uygulaması başlığı altındaki e-Serbest Meslek Makbuzları seçilir: Alt menü e-Serbest Meslek Uygulaması başlığı altındaki e-Serbest Meslek Makbuzları seçilir

2021-11-18 12:28:24 - [MESSAGE][PASSED] - Alt menü e-Serbest Meslek Uygulaması başlığı altındaki e-Serbest Meslek Makbuzları seçilir

2021-11-18 12:28:24 - [TEST_STEP][PASSED] - Filtrelerden Ettn filtresine Ettn bilgisi yaz: Filtrelerden Ettn filtresine Ettn bilgisi yaz

2021-11-18 12:28:24 - [MESSAGE][PASSED] - Filtrelerden Ettn filtresine Ettn bilgisi yaz

2021-11-18 12:28:24 - [TEST_STEP][PASSED] - Filtre butonlarından Listele seçilir: Filtre butonlarından Listele seçilir

2021-11-18 12:28:24 - [MESSAGE][PASSED] - Filtre butonlarından Listele seçilir

2021-11-18 12:28:24 - [TEST_STEP][PASSED] - Tabloda veri var mı kontrol edilir: Tabloda veri var mı kontrol edilir

2021-11-18 12:28:24 - [MESSAGE][PASSED] - Tabloda veri var mı kontrol edilir

2021-11-18 12:28:24 - [TEST_STEP][PASSED] - Tabloda yeni oluşturulan smm verisi başarılı mı: Tabloda yeni oluşturulan smm verisi başarılı mı

2021-11-18 12:28:24 - [MESSAGE][PASSED] - Tabloda yeni oluşturulan smm verisi başarılı mı

2021-11-18 12:28:24 - [TEST_STEP][PASSED] - Kullanıcı işlemlerinden Çıkış seçilir: Kullanıcı işlemlerinden Çıkış seçilir

2021-11-18 12:28:24 - [MESSAGE][PASSED] - Kullanıcı işlemlerinden Çıkış seçilir

2021-11-18 12:28:24 - [MESSAGE][PASSED] - Feature file: 'Include/features/Regresyon/e-Serbest Meslek Makbuzu/VKN-e-Serbest Meslek Makbuzu-Elektronik.feature' was passed

2021-11-18 12:28:24 - [TEST_STEP][PASSED] - Start listener action : sampleAfterTestSuite: Invoke 'com.kms.katalon.core.annotation.AfterTestCase' method: 'Listener.sampleAfterTestSuite(...)' completed.

2021-11-18 12:28:24 - [MESSAGE][INFO] - Starting invoke 'com.kms.katalon.core.annotation.AfterTestCase' method: 'Listener.sampleAfterTestSuite(...)'

2021-11-18 12:28:24 - [TEST_STEP][PASSED] - closeBrowser(): Invoke 'com.kms.katalon.core.annotation.AfterTestCase' method: 'Listener.sampleAfterTestSuite(...)' completed.

2021-11-18 12:28:24 - [MESSAGE][INFO] - Closing browser

2021-11-18 12:28:25 - [MESSAGE][PASSED] - Browser is closed

2021-11-18 12:28:25 - [MESSAGE][INFO] - Invoke 'com.kms.katalon.core.annotation.AfterTestCase' method: 'Listener.sampleAfterTestSuite(...)' completed.]]></system-out>
         <system-err><![CDATA[]]></system-err>
      </testcase>
      <testcase name="Test Cases/Case Repository/Regresyon/e-Serbest Meslek Makbuzu/VKN-e-Serbest Meslek Makbuzu-Kagit" time="82.204" classname="Test Cases/Case Repository/Regresyon/e-Serbest Meslek Makbuzu/VKN-e-Serbest Meslek Makbuzu-Kagit" status="PASSED">
         <system-out><![CDATA[2021-11-18 12:28:25 - [TEST_CASE][PASSED] - Test Cases/Case Repository/Regresyon/e-Serbest Meslek Makbuzu/VKN-e-Serbest Meslek Makbuzu-Kagit: Test Cases/Case Repository/Regresyon/e-Serbest Meslek Makbuzu/VKN-e-Serbest Meslek Makbuzu-Kagit

2021-11-18 12:28:25 - [TEST_STEP][PASSED] - Start listener action : sampleBeforeTestSuite: Invoke 'com.kms.katalon.core.annotation.BeforeTestCase' method: 'Listener.sampleBeforeTestSuite(...)' completed.

2021-11-18 12:28:25 - [MESSAGE][INFO] - Starting invoke 'com.kms.katalon.core.annotation.BeforeTestCase' method: 'Listener.sampleBeforeTestSuite(...)'

2021-11-18 12:28:25 - [TEST_STEP][PASSED] - openBrowser(baseUrl): Browser is opened with url: 'https://efatura-stage.elogo.com.tr/'

2021-11-18 12:28:25 - [MESSAGE][INFO] - Opening browser

2021-11-18 12:28:25 - [MESSAGE][INFO] - Starting 'Chrome' driver

2021-11-18 12:28:25 - [MESSAGE][INFO] - User set preference: ['prefs', '{download.default_directory=C:\otomasyondownfiles}']

2021-11-18 12:28:25 - [MESSAGE][INFO] - Action delay is set to 0 milliseconds

2021-11-18 12:28:26 - [MESSAGE][INFO] - Navigating browser to: 'https://efatura-stage.elogo.com.tr/'

2021-11-18 12:28:29 - [MESSAGE][PASSED] - Browser is opened with url: 'https://efatura-stage.elogo.com.tr/'

2021-11-18 12:28:29 - [TEST_STEP][PASSED] - maximizeWindow(): Invoke 'com.kms.katalon.core.annotation.BeforeTestCase' method: 'Listener.sampleBeforeTestSuite(...)' completed.

2021-11-18 12:28:29 - [MESSAGE][INFO] - Maximizing current window

2021-11-18 12:28:29 - [MESSAGE][PASSED] - Current window maximized

2021-11-18 12:28:29 - [MESSAGE][INFO] - Invoke 'com.kms.katalon.core.annotation.BeforeTestCase' method: 'Listener.sampleBeforeTestSuite(...)' completed.

2021-11-18 12:28:30 - [TEST_STEP][PASSED] - runFeatureFile("Include/features/Regresyon/e-Serbest Meslek Makbuzu/VKN-e-Serbest Meslek Makbuzu-Kagit.feature"): Feature file: 'Include/features/Regresyon/e-Serbest Meslek Makbuzu/VKN-e-Serbest Meslek Makbuzu-Kagit.feature' was passed

2021-11-18 12:28:30 - [MESSAGE][INFO] - Starting run keyword runFeatureFile: 'Include/features/Regresyon/e-Serbest Meslek Makbuzu/VKN-e-Serbest Meslek Makbuzu-Kagit.feature' and extract report to folder: 'C:\Users\DELL\Documents\GitHub\EES_KatalonLogo\Reports\20211118_114904\Suite Repository\Regresyon-eArsiv-eMakbuz\20211118_114904/cucumber_report/1637227710241'...

2021-11-18 12:28:30 - [MESSAGE][INFO] - Glue: []

2021-11-18 12:28:31 - [MESSAGE][INFO] - Checking called Test Case

2021-11-18 12:28:31 - [MESSAGE][INFO] - Starting to call Test Case 'Test Cases/Sayfalar/Giris_Sayfasi/Login'

2021-11-18 12:28:31 - [TEST_CASE][PASSED] - Test Cases/Sayfalar/Giris_Sayfasi/Login: Test Cases/Sayfalar/Giris_Sayfasi/Login

2021-11-18 12:28:31 - [TEST_STEP][PASSED] - Sayfa_Basligi = getWindowTitle(): Current window's title is: 'LOGO e-Fatura'

2021-11-18 12:28:31 - [MESSAGE][INFO] - Getting current window's title

2021-11-18 12:28:31 - [MESSAGE][PASSED] - Current window's title is: 'LOGO e-Fatura'

2021-11-18 12:28:31 - [TEST_STEP][PASSED] - verifyMatch(Sayfa_Basligi, "LOGO e-Fatura", false): Actual text 'LOGO e-Fatura' and expected text 'LOGO e-Fatura' are matched 

2021-11-18 12:28:31 - [MESSAGE][INFO] - Matching actual text 'LOGO e-Fatura' with expected text 'LOGO e-Fatura'

2021-11-18 12:28:31 - [MESSAGE][PASSED] - Actual text 'LOGO e-Fatura' and expected text 'LOGO e-Fatura' are matched 

2021-11-18 12:28:31 - [TEST_STEP][PASSED] - sendKeys(findTestObject("Sayfalar/Giris_Sayfasi/Firma_Kodu"), KullaniciAdi): Keys 'ELOGOGIB' sent to object: 'Object Repository/Sayfalar/Giris_Sayfasi/Firma_Kodu'

2021-11-18 12:28:31 - [MESSAGE][INFO] - Finding Test Object 'Object Repository/Sayfalar/Giris_Sayfasi/Firma_Kodu'

2021-11-18 12:28:31 - [MESSAGE][INFO] - Sending keys 'ELOGOGIB' to object: 'Object Repository/Sayfalar/Giris_Sayfasi/Firma_Kodu'

2021-11-18 12:28:31 - [MESSAGE][INFO] - Finding web element from Test Object's properties

2021-11-18 12:28:31 - [MESSAGE][INFO] - Checking timeout

2021-11-18 12:28:31 - [MESSAGE][INFO] - Finding web element with id: 'Object Repository/Sayfalar/Giris_Sayfasi/Firma_Kodu' located by 'By.xpath: //*[@id = 'AccountName']' in '30' second(s)

2021-11-18 12:28:31 - [MESSAGE][INFO] - Smart Wait Function is triggered

2021-11-18 12:28:31 - [MESSAGE][INFO] - Found 1 web elements with id: 'Object Repository/Sayfalar/Giris_Sayfasi/Firma_Kodu' located by 'By.xpath: //*[@id = 'AccountName']' in '30' second(s)

2021-11-18 12:28:31 - [MESSAGE][PASSED] - Keys 'ELOGOGIB' sent to object: 'Object Repository/Sayfalar/Giris_Sayfasi/Firma_Kodu'

2021-11-18 12:28:31 - [TEST_STEP][PASSED] - sendKeys(findTestObject("Sayfalar/Giris_Sayfasi/Sifre"), Sifre): Keys '123456' sent to object: 'Object Repository/Sayfalar/Giris_Sayfasi/Sifre'

2021-11-18 12:28:31 - [MESSAGE][INFO] - Finding Test Object 'Object Repository/Sayfalar/Giris_Sayfasi/Sifre'

2021-11-18 12:28:31 - [MESSAGE][INFO] - Sending keys '123456' to object: 'Object Repository/Sayfalar/Giris_Sayfasi/Sifre'

2021-11-18 12:28:31 - [MESSAGE][INFO] - Finding web element from Test Object's properties

2021-11-18 12:28:31 - [MESSAGE][INFO] - Checking timeout

2021-11-18 12:28:31 - [MESSAGE][INFO] - Finding web element with id: 'Object Repository/Sayfalar/Giris_Sayfasi/Sifre' located by 'By.xpath: //*[@id = 'Password']' in '30' second(s)

2021-11-18 12:28:31 - [MESSAGE][INFO] - Smart Wait Function is triggered

2021-11-18 12:28:32 - [MESSAGE][INFO] - Found 1 web elements with id: 'Object Repository/Sayfalar/Giris_Sayfasi/Sifre' located by 'By.xpath: //*[@id = 'Password']' in '30' second(s)

2021-11-18 12:28:32 - [MESSAGE][PASSED] - Keys '123456' sent to object: 'Object Repository/Sayfalar/Giris_Sayfasi/Sifre'

2021-11-18 12:28:32 - [TEST_STEP][PASSED] - findWebElement(findTestObject("Sayfalar/Giris_Sayfasi/Giris_Butonu")).click(): Found 1 web elements with id: 'Object Repository/Sayfalar/Giris_Sayfasi/Giris_Butonu' located by 'By.cssSelector: #btnLogin' in '30' second(s)

2021-11-18 12:28:32 - [MESSAGE][INFO] - Finding Test Object 'Object Repository/Sayfalar/Giris_Sayfasi/Giris_Butonu'

2021-11-18 12:28:32 - [MESSAGE][INFO] - Finding web element from Test Object's properties

2021-11-18 12:28:32 - [MESSAGE][INFO] - Checking timeout

2021-11-18 12:28:32 - [MESSAGE][INFO] - Finding web element with id: 'Object Repository/Sayfalar/Giris_Sayfasi/Giris_Butonu' located by 'By.cssSelector: #btnLogin' in '30' second(s)

2021-11-18 12:28:32 - [MESSAGE][INFO] - Smart Wait Function is triggered

2021-11-18 12:28:32 - [MESSAGE][INFO] - Found 1 web elements with id: 'Object Repository/Sayfalar/Giris_Sayfasi/Giris_Butonu' located by 'By.cssSelector: #btnLogin' in '30' second(s)

2021-11-18 12:28:34 - [TEST_STEP][PASSED] - if (verifyElementPresent(findTestObject("Object Repository/Sayfalar/Giris_Sayfasi/RetveTamam_Butonu"), 5, OPTIONAL)): null

2021-11-18 12:28:34 - [MESSAGE][INFO] - Finding Test Object 'Object Repository/Sayfalar/Giris_Sayfasi/RetveTamam_Butonu'

2021-11-18 12:28:34 - [MESSAGE][INFO] - Checking object

2021-11-18 12:28:34 - [MESSAGE][INFO] - Finding web element from Test Object's properties

2021-11-18 12:28:34 - [MESSAGE][INFO] - Checking timeout

2021-11-18 12:28:34 - [MESSAGE][INFO] - Finding web element with id: 'Object Repository/Sayfalar/Giris_Sayfasi/RetveTamam_Butonu' located by 'By.xpath: //*[@class = 'btn btn-default']' in '5' second(s)

2021-11-18 12:28:34 - [MESSAGE][INFO] - Smart Wait Function is triggered

2021-11-18 12:28:34 - [MESSAGE][INFO] - Found 1 web elements with id: 'Object Repository/Sayfalar/Giris_Sayfasi/RetveTamam_Butonu' located by 'By.xpath: //*[@class = 'btn btn-default']' in '5' second(s)

2021-11-18 12:28:34 - [MESSAGE][PASSED] - Object 'Object Repository/Sayfalar/Giris_Sayfasi/RetveTamam_Butonu' is present

2021-11-18 12:28:34 - [TEST_STEP][PASSED] - click(findTestObject("Object Repository/Sayfalar/Giris_Sayfasi/RetveTamam_Butonu")): Object: 'Object Repository/Sayfalar/Giris_Sayfasi/RetveTamam_Butonu' is clicked on

2021-11-18 12:28:34 - [MESSAGE][INFO] - Finding Test Object 'Object Repository/Sayfalar/Giris_Sayfasi/RetveTamam_Butonu'

2021-11-18 12:28:34 - [MESSAGE][INFO] - Checking object

2021-11-18 12:28:34 - [MESSAGE][INFO] - Finding web element from Test Object's properties

2021-11-18 12:28:34 - [MESSAGE][INFO] - Checking timeout

2021-11-18 12:28:34 - [MESSAGE][INFO] - Finding web element with id: 'Object Repository/Sayfalar/Giris_Sayfasi/RetveTamam_Butonu' located by 'By.xpath: //*[@class = 'btn btn-default']' in '30' second(s)

2021-11-18 12:28:34 - [MESSAGE][INFO] - Smart Wait Function is triggered

2021-11-18 12:28:34 - [MESSAGE][INFO] - Found 1 web elements with id: 'Object Repository/Sayfalar/Giris_Sayfasi/RetveTamam_Butonu' located by 'By.xpath: //*[@class = 'btn btn-default']' in '30' second(s)

2021-11-18 12:28:34 - [MESSAGE][INFO] - Clicking on object: 'Object Repository/Sayfalar/Giris_Sayfasi/RetveTamam_Butonu'

2021-11-18 12:28:34 - [MESSAGE][PASSED] - Object: 'Object Repository/Sayfalar/Giris_Sayfasi/RetveTamam_Butonu' is clicked on

2021-11-18 12:28:34 - [TEST_STEP][PASSED] - click(findTestObject("Object Repository/Sayfalar/Giris_Sayfasi/RetveTamam_Butonu")): Object: 'Object Repository/Sayfalar/Giris_Sayfasi/RetveTamam_Butonu' is clicked on

2021-11-18 12:28:34 - [MESSAGE][INFO] - Finding Test Object 'Object Repository/Sayfalar/Giris_Sayfasi/RetveTamam_Butonu'

2021-11-18 12:28:34 - [MESSAGE][INFO] - Checking object

2021-11-18 12:28:34 - [MESSAGE][INFO] - Finding web element from Test Object's properties

2021-11-18 12:28:34 - [MESSAGE][INFO] - Checking timeout

2021-11-18 12:28:34 - [MESSAGE][INFO] - Finding web element with id: 'Object Repository/Sayfalar/Giris_Sayfasi/RetveTamam_Butonu' located by 'By.xpath: //*[@class = 'btn btn-default']' in '30' second(s)

2021-11-18 12:28:34 - [MESSAGE][INFO] - Smart Wait Function is triggered

2021-11-18 12:28:40 - [MESSAGE][INFO] - Found 1 web elements with id: 'Object Repository/Sayfalar/Giris_Sayfasi/RetveTamam_Butonu' located by 'By.xpath: //*[@class = 'btn btn-default']' in '30' second(s)

2021-11-18 12:28:40 - [MESSAGE][INFO] - Clicking on object: 'Object Repository/Sayfalar/Giris_Sayfasi/RetveTamam_Butonu'

2021-11-18 12:28:40 - [MESSAGE][PASSED] - Object: 'Object Repository/Sayfalar/Giris_Sayfasi/RetveTamam_Butonu' is clicked on

2021-11-18 12:28:40 - [TEST_STEP][PASSED] - if (verifyElementPresent(findTestObject("Sayfalar/Giris_Sayfasi/PopupOK"), 5, OPTIONAL)): null

2021-11-18 12:28:40 - [MESSAGE][INFO] - Finding Test Object 'Object Repository/Sayfalar/Giris_Sayfasi/PopupOK'

2021-11-18 12:28:40 - [MESSAGE][INFO] - Checking object

2021-11-18 12:28:40 - [MESSAGE][INFO] - Finding web element from Test Object's properties

2021-11-18 12:28:40 - [MESSAGE][INFO] - Checking timeout

2021-11-18 12:28:40 - [MESSAGE][INFO] - Finding web element with id: 'Object Repository/Sayfalar/Giris_Sayfasi/PopupOK' located by 'By.cssSelector: .btn.btn-success' in '5' second(s)

2021-11-18 12:28:40 - [MESSAGE][INFO] - Smart Wait Function is triggered

2021-11-18 12:28:41 - [MESSAGE][INFO] - Found 1 web elements with id: 'Object Repository/Sayfalar/Giris_Sayfasi/PopupOK' located by 'By.cssSelector: .btn.btn-success' in '5' second(s)

2021-11-18 12:28:41 - [MESSAGE][PASSED] - Object 'Object Repository/Sayfalar/Giris_Sayfasi/PopupOK' is present

2021-11-18 12:28:41 - [TEST_STEP][PASSED] - click(findTestObject("Object Repository/Sayfalar/Giris_Sayfasi/PopupCarpiGiris")): Object: 'Object Repository/Sayfalar/Giris_Sayfasi/PopupCarpiGiris' is clicked on

2021-11-18 12:28:41 - [MESSAGE][INFO] - Finding Test Object 'Object Repository/Sayfalar/Giris_Sayfasi/PopupCarpiGiris'

2021-11-18 12:28:41 - [MESSAGE][INFO] - Checking object

2021-11-18 12:28:41 - [MESSAGE][INFO] - Finding web element from Test Object's properties

2021-11-18 12:28:41 - [MESSAGE][INFO] - Checking timeout

2021-11-18 12:28:41 - [MESSAGE][INFO] - Finding web element with id: 'Object Repository/Sayfalar/Giris_Sayfasi/PopupCarpiGiris' located by 'By.cssSelector: .bootbox-close-button.close' in '30' second(s)

2021-11-18 12:28:41 - [MESSAGE][INFO] - Smart Wait Function is triggered

2021-11-18 12:28:41 - [MESSAGE][INFO] - Found 1 web elements with id: 'Object Repository/Sayfalar/Giris_Sayfasi/PopupCarpiGiris' located by 'By.cssSelector: .bootbox-close-button.close' in '30' second(s)

2021-11-18 12:28:41 - [MESSAGE][INFO] - Clicking on object: 'Object Repository/Sayfalar/Giris_Sayfasi/PopupCarpiGiris'

2021-11-18 12:28:41 - [MESSAGE][PASSED] - Object: 'Object Repository/Sayfalar/Giris_Sayfasi/PopupCarpiGiris' is clicked on

2021-11-18 12:28:41 - [TEST_STEP][PASSED] - verifyElementVisible(findTestObject("Object Repository/Kullanici_Islemleri/KullaniciIslemleri")): Object 'Object Repository/Kullanici_Islemleri/KullaniciIslemleri' is visible

2021-11-18 12:28:41 - [MESSAGE][INFO] - Finding Test Object 'Object Repository/Kullanici_Islemleri/KullaniciIslemleri'

2021-11-18 12:28:41 - [MESSAGE][INFO] - Checking object

2021-11-18 12:28:41 - [MESSAGE][INFO] - Finding web element from Test Object's properties

2021-11-18 12:28:41 - [MESSAGE][INFO] - Checking timeout

2021-11-18 12:28:41 - [MESSAGE][INFO] - Finding web element with id: 'Object Repository/Kullanici_Islemleri/KullaniciIslemleri' located by 'By.cssSelector: .dropdown>a>img' in '30' second(s)

2021-11-18 12:28:41 - [MESSAGE][INFO] - Smart Wait Function is triggered

2021-11-18 12:28:42 - [MESSAGE][INFO] - Found 1 web elements with id: 'Object Repository/Kullanici_Islemleri/KullaniciIslemleri' located by 'By.cssSelector: .dropdown>a>img' in '30' second(s)

2021-11-18 12:28:42 - [MESSAGE][PASSED] - Object 'Object Repository/Kullanici_Islemleri/KullaniciIslemleri' is visible

2021-11-18 12:28:42 - [MESSAGE][PASSED] - Call Test Case 'Test Cases/Sayfalar/Giris_Sayfasi/Login' successfully

2021-11-18 12:28:42 - [MESSAGE][INFO] - Checking called Test Case

2021-11-18 12:28:42 - [MESSAGE][INFO] - Starting to call Test Case 'Test Cases/Menu/AnaMenuSecimi'

2021-11-18 12:28:42 - [TEST_CASE][PASSED] - Test Cases/Menu/AnaMenuSecimi: Test Cases/Menu/AnaMenuSecimi

2021-11-18 12:28:42 - [TEST_STEP][PASSED] - Method.TextDegerineEsitElementeTikla(findTestObject("Menu/Ana_Menu"), Ana_Menu): Method.TextDegerineEsitElementeTikla is PASSED

2021-11-18 12:28:42 - [MESSAGE][INFO] - Finding Test Object 'Object Repository/Menu/Ana_Menu'

2021-11-18 12:28:42 - [MESSAGE][INFO] - Checking timeout

2021-11-18 12:28:42 - [MESSAGE][INFO] - Finding web element with id: 'Object Repository/Menu/Ana_Menu' located by 'By.xpath: //*[@class = 'dropdown-toggle']' in '10' second(s)

2021-11-18 12:28:42 - [MESSAGE][INFO] - Smart Wait Function is triggered

2021-11-18 12:28:42 - [MESSAGE][INFO] - Found 14 web elements with id: 'Object Repository/Menu/Ana_Menu' located by 'By.xpath: //*[@class = 'dropdown-toggle']' in '10' second(s)

2021-11-18 12:28:42 - [MESSAGE][PASSED] - Method.TextDegerineEsitElementeTikla is PASSED

2021-11-18 12:28:42 - [MESSAGE][PASSED] - Call Test Case 'Test Cases/Menu/AnaMenuSecimi' successfully

2021-11-18 12:28:42 - [MESSAGE][INFO] - Checking called Test Case

2021-11-18 12:28:42 - [MESSAGE][INFO] - Starting to call Test Case 'Test Cases/Menu/BasligaGoreAltMenuSecimi'

2021-11-18 12:28:43 - [TEST_CASE][PASSED] - Test Cases/Menu/BasligaGoreAltMenuSecimi: Test Cases/Menu/BasligaGoreAltMenuSecimi

2021-11-18 12:28:43 - [TEST_STEP][PASSED] - Method.TextDegerineEsitElementinAltindakiTextDegerineEsitOlanaTikla(findTestObject("Menu/Menu_Basligi"), findTestObject("Menu/Basliga_Gore_Alt_Menu"), Baslik, Alt_Menu): Method.TextDegerineEsitElementinAltindakiTextDegerineEsitOlanaTikla is PASSED

2021-11-18 12:28:43 - [MESSAGE][INFO] - Finding Test Object 'Object Repository/Menu/Menu_Basligi'

2021-11-18 12:28:43 - [MESSAGE][INFO] - Finding Test Object 'Object Repository/Menu/Basliga_Gore_Alt_Menu'

2021-11-18 12:28:43 - [MESSAGE][INFO] - Checking timeout

2021-11-18 12:28:43 - [MESSAGE][INFO] - Finding web element with id: 'Object Repository/Menu/Menu_Basligi' located by 'By.xpath: //li[@class='dropdown dropdown-large open']//li[@class='dropdown-header']' in '10' second(s)

2021-11-18 12:28:43 - [MESSAGE][INFO] - Smart Wait Function is triggered

2021-11-18 12:28:43 - [MESSAGE][INFO] - Found 2 web elements with id: 'Object Repository/Menu/Menu_Basligi' located by 'By.xpath: //li[@class='dropdown dropdown-large open']//li[@class='dropdown-header']' in '10' second(s)

2021-11-18 12:28:43 - [MESSAGE][INFO] - Smart Wait Function is triggered

2021-11-18 12:28:45 - [MESSAGE][PASSED] - Method.TextDegerineEsitElementinAltindakiTextDegerineEsitOlanaTikla is PASSED

2021-11-18 12:28:45 - [MESSAGE][PASSED] - Call Test Case 'Test Cases/Menu/BasligaGoreAltMenuSecimi' successfully

2021-11-18 12:28:45 - [MESSAGE][INFO] - Checking called Test Case

2021-11-18 12:28:45 - [MESSAGE][INFO] - Starting to call Test Case 'Test Cases/Tablo/Olusturma Tarihi'

2021-11-18 12:28:45 - [TEST_CASE][PASSED] - Test Cases/Tablo/Olusturma Tarihi: Test Cases/Tablo/Olusturma Tarihi

2021-11-18 12:28:45 - [TEST_STEP][PASSED] - if (verifyTextNotPresent("Görüntülenecek veri yok", true, OPTIONAL)): null

2021-11-18 12:28:45 - [MESSAGE][INFO] - Checking text present  using regular expression

2021-11-18 12:28:45 - [MESSAGE][INFO] - Smart Wait Function is triggered

2021-11-18 12:28:46 - [MESSAGE][INFO] - Finding text 'Görüntülenecek veri yok' on page  using regular expression

2021-11-18 12:28:46 - [MESSAGE][PASSED] - Text 'Görüntülenecek veri yok' is not present on page using regular expression

2021-11-18 12:28:46 - [TEST_STEP][PASSED] - click(findTestObject("Temizle/Olusturma_Tarihi_CheckBox")): Object: 'Object Repository/Temizle/Olusturma_Tarihi_CheckBox' is clicked on

2021-11-18 12:28:46 - [MESSAGE][INFO] - Finding Test Object 'Object Repository/Temizle/Olusturma_Tarihi_CheckBox'

2021-11-18 12:28:46 - [MESSAGE][INFO] - Checking object

2021-11-18 12:28:46 - [MESSAGE][INFO] - Finding web element from Test Object's properties

2021-11-18 12:28:46 - [MESSAGE][INFO] - Checking timeout

2021-11-18 12:28:46 - [MESSAGE][INFO] - Finding web element with id: 'Object Repository/Temizle/Olusturma_Tarihi_CheckBox' located by 'By.xpath: //*[@title = 'Bu sayfadaki tüm satırları Seç']' in '30' second(s)

2021-11-18 12:28:46 - [MESSAGE][INFO] - Smart Wait Function is triggered

2021-11-18 12:28:46 - [MESSAGE][INFO] - Found 1 web elements with id: 'Object Repository/Temizle/Olusturma_Tarihi_CheckBox' located by 'By.xpath: //*[@title = 'Bu sayfadaki tüm satırları Seç']' in '30' second(s)

2021-11-18 12:28:46 - [MESSAGE][INFO] - Clicking on object: 'Object Repository/Temizle/Olusturma_Tarihi_CheckBox'

2021-11-18 12:28:46 - [MESSAGE][PASSED] - Object: 'Object Repository/Temizle/Olusturma_Tarihi_CheckBox' is clicked on

2021-11-18 12:28:46 - [TEST_STEP][PASSED] - Method.TextDegerineEsitElementeTiklaEquals(findTestObject("Butonlar/Butonlar"), "Sil"): Method.TextDegerineEsitElementeTiklaEquals is PASSED

2021-11-18 12:28:46 - [MESSAGE][INFO] - Finding Test Object 'Object Repository/Butonlar/Butonlar'

2021-11-18 12:28:46 - [MESSAGE][INFO] - Checking timeout

2021-11-18 12:28:46 - [MESSAGE][INFO] - Finding web element with id: 'Object Repository/Butonlar/Butonlar' located by 'By.cssSelector: .panel.panel-default.text-center.footerPanel .btn,.btn.btn-primary.btnControls' in '10' second(s)

2021-11-18 12:28:46 - [MESSAGE][INFO] - Smart Wait Function is triggered

2021-11-18 12:28:46 - [MESSAGE][INFO] - Found 7 web elements with id: 'Object Repository/Butonlar/Butonlar' located by 'By.cssSelector: .panel.panel-default.text-center.footerPanel .btn,.btn.btn-primary.btnControls' in '10' second(s)

2021-11-18 12:28:46 - [MESSAGE][PASSED] - Method.TextDegerineEsitElementeTiklaEquals is PASSED

2021-11-18 12:28:46 - [TEST_STEP][PASSED] - Method.TextDegerineEsitElementeTikla(findTestObject("Popup/Popup_Butons"), "Evet"): Method.TextDegerineEsitElementeTikla is PASSED

2021-11-18 12:28:46 - [MESSAGE][INFO] - Finding Test Object 'Object Repository/Popup/Popup_Butons'

2021-11-18 12:28:46 - [MESSAGE][INFO] - Checking timeout

2021-11-18 12:28:46 - [MESSAGE][INFO] - Finding web element with id: 'Object Repository/Popup/Popup_Butons' located by 'By.cssSelector: .modal-footer>button' in '10' second(s)

2021-11-18 12:28:46 - [MESSAGE][INFO] - Smart Wait Function is triggered

2021-11-18 12:28:47 - [MESSAGE][INFO] - Found 2 web elements with id: 'Object Repository/Popup/Popup_Butons' located by 'By.cssSelector: .modal-footer>button' in '10' second(s)

2021-11-18 12:28:48 - [MESSAGE][PASSED] - Method.TextDegerineEsitElementeTikla is PASSED

2021-11-18 12:28:48 - [TEST_STEP][PASSED] - Method.TextDegerineEsitElementeTikla(findTestObject("Popup/Popup_Butons"), "Tamam"): Method.TextDegerineEsitElementeTikla is PASSED

2021-11-18 12:28:48 - [MESSAGE][INFO] - Finding Test Object 'Object Repository/Popup/Popup_Butons'

2021-11-18 12:28:48 - [MESSAGE][INFO] - Checking timeout

2021-11-18 12:28:48 - [MESSAGE][INFO] - Finding web element with id: 'Object Repository/Popup/Popup_Butons' located by 'By.cssSelector: .modal-footer>button' in '10' second(s)

2021-11-18 12:28:48 - [MESSAGE][INFO] - Smart Wait Function is triggered

2021-11-18 12:28:48 - [MESSAGE][INFO] - Found 1 web elements with id: 'Object Repository/Popup/Popup_Butons' located by 'By.cssSelector: .modal-footer>button' in '10' second(s)

2021-11-18 12:28:48 - [MESSAGE][PASSED] - Method.TextDegerineEsitElementeTikla is PASSED

2021-11-18 12:28:48 - [MESSAGE][PASSED] - Call Test Case 'Test Cases/Tablo/Olusturma Tarihi' successfully

2021-11-18 12:28:48 - [MESSAGE][INFO] - Checking called Test Case

2021-11-18 12:28:48 - [MESSAGE][INFO] - Starting to call Test Case 'Test Cases/Butonlar/ButonaTikla'

2021-11-18 12:28:48 - [TEST_CASE][PASSED] - Test Cases/Butonlar/ButonaTikla: Test Cases/Butonlar/ButonaTikla

2021-11-18 12:28:48 - [TEST_STEP][PASSED] - Method.TextDegerineEsitElementeTiklaEquals(findTestObject("Butonlar/Butonlar"), Buton_Adi): Method.TextDegerineEsitElementeTiklaEquals is PASSED

2021-11-18 12:28:48 - [MESSAGE][INFO] - Finding Test Object 'Object Repository/Butonlar/Butonlar'

2021-11-18 12:28:49 - [MESSAGE][INFO] - Checking timeout

2021-11-18 12:28:49 - [MESSAGE][INFO] - Finding web element with id: 'Object Repository/Butonlar/Butonlar' located by 'By.cssSelector: .panel.panel-default.text-center.footerPanel .btn,.btn.btn-primary.btnControls' in '10' second(s)

2021-11-18 12:28:49 - [MESSAGE][INFO] - Smart Wait Function is triggered

2021-11-18 12:28:49 - [MESSAGE][INFO] - Found 7 web elements with id: 'Object Repository/Butonlar/Butonlar' located by 'By.cssSelector: .panel.panel-default.text-center.footerPanel .btn,.btn.btn-primary.btnControls' in '10' second(s)

2021-11-18 12:28:49 - [MESSAGE][PASSED] - Method.TextDegerineEsitElementeTiklaEquals is PASSED

2021-11-18 12:28:49 - [MESSAGE][PASSED] - Call Test Case 'Test Cases/Butonlar/ButonaTikla' successfully

2021-11-18 12:28:49 - [MESSAGE][INFO] - Checking called Test Case

2021-11-18 12:28:49 - [MESSAGE][INFO] - Starting to call Test Case 'Test Cases/Olusturma/Genel/GorselTasarimSayfasıBasligiIceriyorMu'

2021-11-18 12:28:49 - [TEST_CASE][PASSED] - Test Cases/Olusturma/Genel/GorselTasarimSayfasıBasligiIceriyorMu: Test Cases/Olusturma/Genel/GorselTasarimSayfasıBasligiIceriyorMu

2021-11-18 12:28:49 - [TEST_STEP][PASSED] - verifyElementText(findTestObject("Object Repository/Olusturma/Genel/GorselTasarimBaslik"), Baslik): Actual text and expected text of test object 'Object Repository/Olusturma/Genel/GorselTasarimBaslik' are matched.

2021-11-18 12:28:49 - [MESSAGE][INFO] - Finding Test Object 'Object Repository/Olusturma/Genel/GorselTasarimBaslik'

2021-11-18 12:28:49 - [MESSAGE][INFO] - Checking object

2021-11-18 12:28:49 - [MESSAGE][INFO] - Finding web element from Test Object's properties

2021-11-18 12:28:49 - [MESSAGE][INFO] - Checking timeout

2021-11-18 12:28:49 - [MESSAGE][INFO] - Finding web element with id: 'Object Repository/Olusturma/Genel/GorselTasarimBaslik' located by 'By.cssSelector: #flAlici_0>div>span' in '30' second(s)

2021-11-18 12:28:49 - [MESSAGE][INFO] - Smart Wait Function is triggered

2021-11-18 12:28:51 - [MESSAGE][INFO] - Found 1 web elements with id: 'Object Repository/Olusturma/Genel/GorselTasarimBaslik' located by 'By.cssSelector: #flAlici_0>div>span' in '30' second(s)

2021-11-18 12:28:51 - [MESSAGE][PASSED] - Actual text and expected text of test object 'Object Repository/Olusturma/Genel/GorselTasarimBaslik' are matched.

2021-11-18 12:28:51 - [MESSAGE][PASSED] - Call Test Case 'Test Cases/Olusturma/Genel/GorselTasarimSayfasıBasligiIceriyorMu' successfully

2021-11-18 12:28:51 - [MESSAGE][INFO] - Checking called Test Case

2021-11-18 12:28:51 - [MESSAGE][INFO] - Starting to call Test Case 'Test Cases/Olusturma/Genel/AliciSecilir'

2021-11-18 12:28:52 - [TEST_CASE][PASSED] - Test Cases/Olusturma/Genel/AliciSecilir: Test Cases/Olusturma/Genel/AliciSecilir

2021-11-18 12:28:52 - [TEST_STEP][PASSED] - click(findTestObject("Olusturma/Genel/AliciBilgisi/Alici_Ara")): Object: 'Object Repository/Olusturma/Genel/AliciBilgisi/Alici_Ara' is clicked on

2021-11-18 12:28:52 - [MESSAGE][INFO] - Finding Test Object 'Object Repository/Olusturma/Genel/AliciBilgisi/Alici_Ara'

2021-11-18 12:28:52 - [MESSAGE][INFO] - Checking object

2021-11-18 12:28:52 - [MESSAGE][INFO] - Finding web element from Test Object's properties

2021-11-18 12:28:52 - [MESSAGE][INFO] - Checking timeout

2021-11-18 12:28:52 - [MESSAGE][INFO] - Finding web element with id: 'Object Repository/Olusturma/Genel/AliciBilgisi/Alici_Ara' located by 'By.xpath: //td[@id='txtCustomerText_B-1']' in '30' second(s)

2021-11-18 12:28:52 - [MESSAGE][INFO] - Smart Wait Function is triggered

2021-11-18 12:28:52 - [MESSAGE][INFO] - Found 1 web elements with id: 'Object Repository/Olusturma/Genel/AliciBilgisi/Alici_Ara' located by 'By.xpath: //td[@id='txtCustomerText_B-1']' in '30' second(s)

2021-11-18 12:28:52 - [MESSAGE][INFO] - Clicking on object: 'Object Repository/Olusturma/Genel/AliciBilgisi/Alici_Ara'

2021-11-18 12:28:52 - [MESSAGE][PASSED] - Object: 'Object Repository/Olusturma/Genel/AliciBilgisi/Alici_Ara' is clicked on

2021-11-18 12:28:52 - [TEST_STEP][PASSED] - click(findTestObject("Olusturma/Genel/AliciBilgisi/Alici_Bilgisi")): Object: 'Object Repository/Olusturma/Genel/AliciBilgisi/Alici_Bilgisi' is clicked on

2021-11-18 12:28:52 - [MESSAGE][INFO] - Finding Test Object 'Object Repository/Olusturma/Genel/AliciBilgisi/Alici_Bilgisi'

2021-11-18 12:28:52 - [MESSAGE][INFO] - Checking object

2021-11-18 12:28:52 - [MESSAGE][INFO] - Finding web element from Test Object's properties

2021-11-18 12:28:52 - [MESSAGE][INFO] - Checking timeout

2021-11-18 12:28:52 - [MESSAGE][INFO] - Finding web element with id: 'Object Repository/Olusturma/Genel/AliciBilgisi/Alici_Bilgisi' located by 'By.xpath: //iframe[@id='customerselectiframe']' in '30' second(s)

2021-11-18 12:28:52 - [MESSAGE][INFO] - Smart Wait Function is triggered

2021-11-18 12:28:52 - [MESSAGE][INFO] - Found 1 web elements with id: 'Object Repository/Olusturma/Genel/AliciBilgisi/Alici_Bilgisi' located by 'By.xpath: //iframe[@id='customerselectiframe']' in '30' second(s)

2021-11-18 12:28:52 - [MESSAGE][INFO] - Clicking on object: 'Object Repository/Olusturma/Genel/AliciBilgisi/Alici_Bilgisi'

2021-11-18 12:28:52 - [MESSAGE][PASSED] - Object: 'Object Repository/Olusturma/Genel/AliciBilgisi/Alici_Bilgisi' is clicked on

2021-11-18 12:28:52 - [TEST_STEP][PASSED] - setText(findTestObject("Olusturma/Genel/AliciBilgisi/Alici_Gir"), Alici_Adi): Switching to default content

2021-11-18 12:28:52 - [MESSAGE][INFO] - Finding Test Object 'Object Repository/Olusturma/Genel/AliciBilgisi/Alici_Gir'

2021-11-18 12:28:52 - [MESSAGE][INFO] - Finding Test Object 'Object Repository/Olusturma/Genel/AliciBilgisi/Alici_Bilgisi'

2021-11-18 12:28:53 - [MESSAGE][INFO] - Checking object

2021-11-18 12:28:53 - [MESSAGE][INFO] - Checking text

2021-11-18 12:28:53 - [MESSAGE][INFO] - Object: 'Object Repository/Olusturma/Genel/AliciBilgisi/Alici_Gir' has parent object(s)

2021-11-18 12:28:53 - [MESSAGE][INFO] - Switching to iframe: 'Object Repository/Olusturma/Genel/AliciBilgisi/Alici_Bilgisi'

2021-11-18 12:28:53 - [MESSAGE][INFO] - Finding web element from Test Object's properties

2021-11-18 12:28:53 - [MESSAGE][INFO] - Checking timeout

2021-11-18 12:28:53 - [MESSAGE][INFO] - Finding web element with id: 'Object Repository/Olusturma/Genel/AliciBilgisi/Alici_Bilgisi' located by 'By.xpath: //iframe[@id='customerselectiframe']' in '30' second(s)

2021-11-18 12:28:53 - [MESSAGE][INFO] - Smart Wait Function is triggered

2021-11-18 12:28:53 - [MESSAGE][INFO] - Found 1 web elements with id: 'Object Repository/Olusturma/Genel/AliciBilgisi/Alici_Bilgisi' located by 'By.xpath: //iframe[@id='customerselectiframe']' in '30' second(s)

2021-11-18 12:28:53 - [MESSAGE][INFO] - Switched to iframe: 'Object Repository/Olusturma/Genel/AliciBilgisi/Alici_Bilgisi'

2021-11-18 12:28:53 - [MESSAGE][INFO] - Finding web element from Test Object's properties

2021-11-18 12:28:53 - [MESSAGE][INFO] - Checking timeout

2021-11-18 12:28:53 - [MESSAGE][INFO] - Finding web element with id: 'Object Repository/Olusturma/Genel/AliciBilgisi/Alici_Gir' located by 'By.xpath: //input[@id='GridViewCustomer_DXFREditorcol1_I']' in '30' second(s)

2021-11-18 12:28:53 - [MESSAGE][INFO] - Smart Wait Function is triggered

2021-11-18 12:28:53 - [MESSAGE][INFO] - Found 1 web elements with id: 'Object Repository/Olusturma/Genel/AliciBilgisi/Alici_Gir' located by 'By.xpath: //input[@id='GridViewCustomer_DXFREditorcol1_I']' in '30' second(s)

2021-11-18 12:28:53 - [MESSAGE][INFO] - Clearing text of object 'Object Repository/Olusturma/Genel/AliciBilgisi/Alici_Gir'

2021-11-18 12:28:53 - [MESSAGE][INFO] - Finding web element from Test Object's properties

2021-11-18 12:28:53 - [MESSAGE][INFO] - Checking timeout

2021-11-18 12:28:53 - [MESSAGE][INFO] - Finding web element with id: 'Object Repository/Olusturma/Genel/AliciBilgisi/Alici_Gir' located by 'By.xpath: //input[@id='GridViewCustomer_DXFREditorcol1_I']' in '30' second(s)

2021-11-18 12:28:53 - [MESSAGE][INFO] - Smart Wait Function is triggered

2021-11-18 12:28:53 - [MESSAGE][INFO] - Found 1 web elements with id: 'Object Repository/Olusturma/Genel/AliciBilgisi/Alici_Gir' located by 'By.xpath: //input[@id='GridViewCustomer_DXFREditorcol1_I']' in '30' second(s)

2021-11-18 12:28:53 - [MESSAGE][INFO] - Setting text of object 'Object Repository/Olusturma/Genel/AliciBilgisi/Alici_Gir' to value 'VirgosolSerbestMeslekVKN'

2021-11-18 12:28:53 - [MESSAGE][PASSED] - Text 'VirgosolSerbestMeslekVKN' is set on object 'Object Repository/Olusturma/Genel/AliciBilgisi/Alici_Gir'

2021-11-18 12:28:53 - [MESSAGE][INFO] - Switching to default content

2021-11-18 12:28:53 - [TEST_STEP][PASSED] - waitForElementClickable(findTestObject("Olusturma/Genel/AliciBilgisi/Alici_Adi"), 10): Switching to default content

2021-11-18 12:28:53 - [MESSAGE][INFO] - Finding Test Object 'Object Repository/Olusturma/Genel/AliciBilgisi/Alici_Adi'

2021-11-18 12:28:53 - [MESSAGE][INFO] - Finding Test Object 'Object Repository/Olusturma/Genel/AliciBilgisi/iframe_Alc Bilgisi_customerselectiframe'

2021-11-18 12:28:53 - [MESSAGE][INFO] - Checking object

2021-11-18 12:28:53 - [MESSAGE][INFO] - Checking timeout

2021-11-18 12:28:53 - [MESSAGE][INFO] - Object: 'Object Repository/Olusturma/Genel/AliciBilgisi/Alici_Adi' has parent object(s)

2021-11-18 12:28:53 - [MESSAGE][INFO] - Switching to iframe: 'Object Repository/Olusturma/Genel/AliciBilgisi/iframe_Alc Bilgisi_customerselectiframe'

2021-11-18 12:28:53 - [MESSAGE][INFO] - Finding web element from Test Object's properties

2021-11-18 12:28:53 - [MESSAGE][INFO] - Checking timeout

2021-11-18 12:28:53 - [MESSAGE][INFO] - Finding web element with id: 'Object Repository/Olusturma/Genel/AliciBilgisi/iframe_Alc Bilgisi_customerselectiframe' located by 'By.xpath: //iframe[@id='customerselectiframe']' in '10' second(s)

2021-11-18 12:28:53 - [MESSAGE][INFO] - Smart Wait Function is triggered

2021-11-18 12:28:53 - [MESSAGE][INFO] - Found 1 web elements with id: 'Object Repository/Olusturma/Genel/AliciBilgisi/iframe_Alc Bilgisi_customerselectiframe' located by 'By.xpath: //iframe[@id='customerselectiframe']' in '10' second(s)

2021-11-18 12:28:53 - [MESSAGE][INFO] - Switched to iframe: 'Object Repository/Olusturma/Genel/AliciBilgisi/iframe_Alc Bilgisi_customerselectiframe'

2021-11-18 12:28:53 - [MESSAGE][INFO] - Finding web element from Test Object's properties

2021-11-18 12:28:53 - [MESSAGE][INFO] - Checking timeout

2021-11-18 12:28:53 - [MESSAGE][INFO] - Finding web element with id: 'Object Repository/Olusturma/Genel/AliciBilgisi/Alici_Adi' located by 'By.xpath: //tr[@id='GridViewCustomer_DXDataRow0']/td[2]' in '10' second(s)

2021-11-18 12:28:53 - [MESSAGE][INFO] - Smart Wait Function is triggered

2021-11-18 12:28:54 - [MESSAGE][INFO] - Found 1 web elements with id: 'Object Repository/Olusturma/Genel/AliciBilgisi/Alici_Adi' located by 'By.xpath: //tr[@id='GridViewCustomer_DXDataRow0']/td[2]' in '10' second(s)

2021-11-18 12:28:54 - [MESSAGE][PASSED] - Object 'Object Repository/Olusturma/Genel/AliciBilgisi/Alici_Adi' is clickable

2021-11-18 12:28:54 - [MESSAGE][INFO] - Switching to default content

2021-11-18 12:28:54 - [TEST_STEP][PASSED] - click(findTestObject("Olusturma/Genel/AliciBilgisi/frame")): Switching to default content

2021-11-18 12:28:54 - [MESSAGE][INFO] - Finding Test Object 'Object Repository/Olusturma/Genel/AliciBilgisi/frame'

2021-11-18 12:28:54 - [MESSAGE][INFO] - Finding Test Object 'Object Repository/Olusturma/Genel/AliciBilgisi/iframe_Alc Bilgisi_customerselectiframe'

2021-11-18 12:28:54 - [MESSAGE][INFO] - Checking object

2021-11-18 12:28:54 - [MESSAGE][INFO] - Object: 'Object Repository/Olusturma/Genel/AliciBilgisi/frame' has parent object(s)

2021-11-18 12:28:54 - [MESSAGE][INFO] - Switching to iframe: 'Object Repository/Olusturma/Genel/AliciBilgisi/iframe_Alc Bilgisi_customerselectiframe'

2021-11-18 12:28:54 - [MESSAGE][INFO] - Finding web element from Test Object's properties

2021-11-18 12:28:54 - [MESSAGE][INFO] - Checking timeout

2021-11-18 12:28:54 - [MESSAGE][INFO] - Finding web element with id: 'Object Repository/Olusturma/Genel/AliciBilgisi/iframe_Alc Bilgisi_customerselectiframe' located by 'By.xpath: //iframe[@id='customerselectiframe']' in '30' second(s)

2021-11-18 12:28:54 - [MESSAGE][INFO] - Smart Wait Function is triggered

2021-11-18 12:28:54 - [MESSAGE][INFO] - Found 1 web elements with id: 'Object Repository/Olusturma/Genel/AliciBilgisi/iframe_Alc Bilgisi_customerselectiframe' located by 'By.xpath: //iframe[@id='customerselectiframe']' in '30' second(s)

2021-11-18 12:28:54 - [MESSAGE][INFO] - Switched to iframe: 'Object Repository/Olusturma/Genel/AliciBilgisi/iframe_Alc Bilgisi_customerselectiframe'

2021-11-18 12:28:54 - [MESSAGE][INFO] - Finding web element from Test Object's properties

2021-11-18 12:28:54 - [MESSAGE][INFO] - Checking timeout

2021-11-18 12:28:54 - [MESSAGE][INFO] - Finding web element with id: 'Object Repository/Olusturma/Genel/AliciBilgisi/frame' located by 'By.xpath: //*/text()[normalize-space(.)='']/parent::*' in '30' second(s)

2021-11-18 12:28:54 - [MESSAGE][INFO] - Smart Wait Function is triggered

2021-11-18 12:28:54 - [MESSAGE][INFO] - Found 73 web elements with id: 'Object Repository/Olusturma/Genel/AliciBilgisi/frame' located by 'By.xpath: //*/text()[normalize-space(.)='']/parent::*' in '30' second(s)

2021-11-18 12:28:54 - [MESSAGE][INFO] - Clicking on object: 'Object Repository/Olusturma/Genel/AliciBilgisi/frame'

2021-11-18 12:28:54 - [MESSAGE][PASSED] - Object: 'Object Repository/Olusturma/Genel/AliciBilgisi/frame' is clicked on

2021-11-18 12:28:54 - [MESSAGE][INFO] - Switching to default content

2021-11-18 12:28:54 - [TEST_STEP][PASSED] - click(findTestObject("Olusturma/Genel/AliciBilgisi/Alici_Adi")): Switching to default content

2021-11-18 12:28:54 - [MESSAGE][INFO] - Finding Test Object 'Object Repository/Olusturma/Genel/AliciBilgisi/Alici_Adi'

2021-11-18 12:28:54 - [MESSAGE][INFO] - Finding Test Object 'Object Repository/Olusturma/Genel/AliciBilgisi/iframe_Alc Bilgisi_customerselectiframe'

2021-11-18 12:28:54 - [MESSAGE][INFO] - Checking object

2021-11-18 12:28:54 - [MESSAGE][INFO] - Object: 'Object Repository/Olusturma/Genel/AliciBilgisi/Alici_Adi' has parent object(s)

2021-11-18 12:28:54 - [MESSAGE][INFO] - Switching to iframe: 'Object Repository/Olusturma/Genel/AliciBilgisi/iframe_Alc Bilgisi_customerselectiframe'

2021-11-18 12:28:54 - [MESSAGE][INFO] - Finding web element from Test Object's properties

2021-11-18 12:28:54 - [MESSAGE][INFO] - Checking timeout

2021-11-18 12:28:54 - [MESSAGE][INFO] - Finding web element with id: 'Object Repository/Olusturma/Genel/AliciBilgisi/iframe_Alc Bilgisi_customerselectiframe' located by 'By.xpath: //iframe[@id='customerselectiframe']' in '30' second(s)

2021-11-18 12:28:54 - [MESSAGE][INFO] - Smart Wait Function is triggered

2021-11-18 12:28:55 - [MESSAGE][INFO] - Found 1 web elements with id: 'Object Repository/Olusturma/Genel/AliciBilgisi/iframe_Alc Bilgisi_customerselectiframe' located by 'By.xpath: //iframe[@id='customerselectiframe']' in '30' second(s)

2021-11-18 12:28:55 - [MESSAGE][INFO] - Switched to iframe: 'Object Repository/Olusturma/Genel/AliciBilgisi/iframe_Alc Bilgisi_customerselectiframe'

2021-11-18 12:28:55 - [MESSAGE][INFO] - Finding web element from Test Object's properties

2021-11-18 12:28:55 - [MESSAGE][INFO] - Checking timeout

2021-11-18 12:28:55 - [MESSAGE][INFO] - Finding web element with id: 'Object Repository/Olusturma/Genel/AliciBilgisi/Alici_Adi' located by 'By.xpath: //tr[@id='GridViewCustomer_DXDataRow0']/td[2]' in '30' second(s)

2021-11-18 12:28:55 - [MESSAGE][INFO] - Smart Wait Function is triggered

2021-11-18 12:28:55 - [MESSAGE][INFO] - Found 1 web elements with id: 'Object Repository/Olusturma/Genel/AliciBilgisi/Alici_Adi' located by 'By.xpath: //tr[@id='GridViewCustomer_DXDataRow0']/td[2]' in '30' second(s)

2021-11-18 12:28:55 - [MESSAGE][INFO] - Clicking on object: 'Object Repository/Olusturma/Genel/AliciBilgisi/Alici_Adi'

2021-11-18 12:28:55 - [MESSAGE][PASSED] - Object: 'Object Repository/Olusturma/Genel/AliciBilgisi/Alici_Adi' is clicked on

2021-11-18 12:28:55 - [MESSAGE][INFO] - Switching to default content

2021-11-18 12:28:55 - [TEST_STEP][PASSED] - click(findTestObject("Olusturma/Genel/AliciBilgisi/Tamam_Bosluk")): Switching to default content

2021-11-18 12:28:55 - [MESSAGE][INFO] - Finding Test Object 'Object Repository/Olusturma/Genel/AliciBilgisi/Tamam_Bosluk'

2021-11-18 12:28:55 - [MESSAGE][INFO] - Finding Test Object 'Object Repository/Olusturma/Genel/AliciBilgisi/Alici_Bilgisi'

2021-11-18 12:28:55 - [MESSAGE][INFO] - Checking object

2021-11-18 12:28:55 - [MESSAGE][INFO] - Object: 'Object Repository/Olusturma/Genel/AliciBilgisi/Tamam_Bosluk' has parent object(s)

2021-11-18 12:28:55 - [MESSAGE][INFO] - Switching to iframe: 'Object Repository/Olusturma/Genel/AliciBilgisi/Alici_Bilgisi'

2021-11-18 12:28:55 - [MESSAGE][INFO] - Finding web element from Test Object's properties

2021-11-18 12:28:55 - [MESSAGE][INFO] - Checking timeout

2021-11-18 12:28:55 - [MESSAGE][INFO] - Finding web element with id: 'Object Repository/Olusturma/Genel/AliciBilgisi/Alici_Bilgisi' located by 'By.xpath: //iframe[@id='customerselectiframe']' in '30' second(s)

2021-11-18 12:28:55 - [MESSAGE][INFO] - Smart Wait Function is triggered

2021-11-18 12:28:55 - [MESSAGE][INFO] - Found 1 web elements with id: 'Object Repository/Olusturma/Genel/AliciBilgisi/Alici_Bilgisi' located by 'By.xpath: //iframe[@id='customerselectiframe']' in '30' second(s)

2021-11-18 12:28:55 - [MESSAGE][INFO] - Switched to iframe: 'Object Repository/Olusturma/Genel/AliciBilgisi/Alici_Bilgisi'

2021-11-18 12:28:55 - [MESSAGE][INFO] - Finding web element from Test Object's properties

2021-11-18 12:28:55 - [MESSAGE][INFO] - Checking timeout

2021-11-18 12:28:55 - [MESSAGE][INFO] - Finding web element with id: 'Object Repository/Olusturma/Genel/AliciBilgisi/Tamam_Bosluk' located by 'By.xpath: (.//*[normalize-space(text()) and normalize-space(.)='Sayfa Boyutu:'])[1]/following::div[7]' in '30' second(s)

2021-11-18 12:28:55 - [MESSAGE][INFO] - Smart Wait Function is triggered

2021-11-18 12:28:55 - [MESSAGE][INFO] - Found 1 web elements with id: 'Object Repository/Olusturma/Genel/AliciBilgisi/Tamam_Bosluk' located by 'By.xpath: (.//*[normalize-space(text()) and normalize-space(.)='Sayfa Boyutu:'])[1]/following::div[7]' in '30' second(s)

2021-11-18 12:28:55 - [MESSAGE][INFO] - Clicking on object: 'Object Repository/Olusturma/Genel/AliciBilgisi/Tamam_Bosluk'

2021-11-18 12:28:55 - [MESSAGE][PASSED] - Object: 'Object Repository/Olusturma/Genel/AliciBilgisi/Tamam_Bosluk' is clicked on

2021-11-18 12:28:55 - [MESSAGE][INFO] - Switching to default content

2021-11-18 12:28:55 - [TEST_STEP][PASSED] - waitForElementClickable(findTestObject("Olusturma/Genel/AliciBilgisi/Tamam_Butonu"), 10): Switching to default content

2021-11-18 12:28:55 - [MESSAGE][INFO] - Finding Test Object 'Object Repository/Olusturma/Genel/AliciBilgisi/Tamam_Butonu'

2021-11-18 12:28:55 - [MESSAGE][INFO] - Finding Test Object 'Object Repository/Olusturma/Genel/AliciBilgisi/Alici_Bilgisi'

2021-11-18 12:28:55 - [MESSAGE][INFO] - Checking object

2021-11-18 12:28:55 - [MESSAGE][INFO] - Checking timeout

2021-11-18 12:28:55 - [MESSAGE][INFO] - Object: 'Object Repository/Olusturma/Genel/AliciBilgisi/Tamam_Butonu' has parent object(s)

2021-11-18 12:28:55 - [MESSAGE][INFO] - Switching to iframe: 'Object Repository/Olusturma/Genel/AliciBilgisi/Alici_Bilgisi'

2021-11-18 12:28:55 - [MESSAGE][INFO] - Finding web element from Test Object's properties

2021-11-18 12:28:55 - [MESSAGE][INFO] - Checking timeout

2021-11-18 12:28:55 - [MESSAGE][INFO] - Finding web element with id: 'Object Repository/Olusturma/Genel/AliciBilgisi/Alici_Bilgisi' located by 'By.xpath: //iframe[@id='customerselectiframe']' in '10' second(s)

2021-11-18 12:28:55 - [MESSAGE][INFO] - Smart Wait Function is triggered

2021-11-18 12:28:56 - [MESSAGE][INFO] - Found 1 web elements with id: 'Object Repository/Olusturma/Genel/AliciBilgisi/Alici_Bilgisi' located by 'By.xpath: //iframe[@id='customerselectiframe']' in '10' second(s)

2021-11-18 12:28:56 - [MESSAGE][INFO] - Switched to iframe: 'Object Repository/Olusturma/Genel/AliciBilgisi/Alici_Bilgisi'

2021-11-18 12:28:56 - [MESSAGE][INFO] - Finding web element from Test Object's properties

2021-11-18 12:28:56 - [MESSAGE][INFO] - Checking timeout

2021-11-18 12:28:56 - [MESSAGE][INFO] - Finding web element with id: 'Object Repository/Olusturma/Genel/AliciBilgisi/Tamam_Butonu' located by 'By.xpath: //div[@id='btnSelectCustomer_CD']/span' in '10' second(s)

2021-11-18 12:28:56 - [MESSAGE][INFO] - Smart Wait Function is triggered

2021-11-18 12:28:56 - [MESSAGE][INFO] - Found 1 web elements with id: 'Object Repository/Olusturma/Genel/AliciBilgisi/Tamam_Butonu' located by 'By.xpath: //div[@id='btnSelectCustomer_CD']/span' in '10' second(s)

2021-11-18 12:28:56 - [MESSAGE][PASSED] - Object 'Object Repository/Olusturma/Genel/AliciBilgisi/Tamam_Butonu' is clickable

2021-11-18 12:28:56 - [MESSAGE][INFO] - Switching to default content

2021-11-18 12:28:56 - [TEST_STEP][PASSED] - click(findTestObject("Olusturma/Genel/AliciBilgisi/Tamam_Butonu")): Switching to default content

2021-11-18 12:28:56 - [MESSAGE][INFO] - Finding Test Object 'Object Repository/Olusturma/Genel/AliciBilgisi/Tamam_Butonu'

2021-11-18 12:28:56 - [MESSAGE][INFO] - Finding Test Object 'Object Repository/Olusturma/Genel/AliciBilgisi/Alici_Bilgisi'

2021-11-18 12:28:56 - [MESSAGE][INFO] - Checking object

2021-11-18 12:28:56 - [MESSAGE][INFO] - Object: 'Object Repository/Olusturma/Genel/AliciBilgisi/Tamam_Butonu' has parent object(s)

2021-11-18 12:28:56 - [MESSAGE][INFO] - Switching to iframe: 'Object Repository/Olusturma/Genel/AliciBilgisi/Alici_Bilgisi'

2021-11-18 12:28:56 - [MESSAGE][INFO] - Finding web element from Test Object's properties

2021-11-18 12:28:56 - [MESSAGE][INFO] - Checking timeout

2021-11-18 12:28:56 - [MESSAGE][INFO] - Finding web element with id: 'Object Repository/Olusturma/Genel/AliciBilgisi/Alici_Bilgisi' located by 'By.xpath: //iframe[@id='customerselectiframe']' in '30' second(s)

2021-11-18 12:28:56 - [MESSAGE][INFO] - Smart Wait Function is triggered

2021-11-18 12:28:56 - [MESSAGE][INFO] - Found 1 web elements with id: 'Object Repository/Olusturma/Genel/AliciBilgisi/Alici_Bilgisi' located by 'By.xpath: //iframe[@id='customerselectiframe']' in '30' second(s)

2021-11-18 12:28:56 - [MESSAGE][INFO] - Switched to iframe: 'Object Repository/Olusturma/Genel/AliciBilgisi/Alici_Bilgisi'

2021-11-18 12:28:56 - [MESSAGE][INFO] - Finding web element from Test Object's properties

2021-11-18 12:28:56 - [MESSAGE][INFO] - Checking timeout

2021-11-18 12:28:56 - [MESSAGE][INFO] - Finding web element with id: 'Object Repository/Olusturma/Genel/AliciBilgisi/Tamam_Butonu' located by 'By.xpath: //div[@id='btnSelectCustomer_CD']/span' in '30' second(s)

2021-11-18 12:28:56 - [MESSAGE][INFO] - Smart Wait Function is triggered

2021-11-18 12:28:56 - [MESSAGE][INFO] - Found 1 web elements with id: 'Object Repository/Olusturma/Genel/AliciBilgisi/Tamam_Butonu' located by 'By.xpath: //div[@id='btnSelectCustomer_CD']/span' in '30' second(s)

2021-11-18 12:28:56 - [MESSAGE][INFO] - Clicking on object: 'Object Repository/Olusturma/Genel/AliciBilgisi/Tamam_Butonu'

2021-11-18 12:28:56 - [MESSAGE][PASSED] - Object: 'Object Repository/Olusturma/Genel/AliciBilgisi/Tamam_Butonu' is clicked on

2021-11-18 12:28:56 - [MESSAGE][INFO] - Switching to default content

2021-11-18 12:28:56 - [TEST_STEP][PASSED] - waitForElementPresent(findTestObject("Olusturma/Genel/AliciBilgisi/VKN-TCKN"), 10): Object 'Object Repository/Olusturma/Genel/AliciBilgisi/VKN-TCKN' is present

2021-11-18 12:28:56 - [MESSAGE][INFO] - Finding Test Object 'Object Repository/Olusturma/Genel/AliciBilgisi/VKN-TCKN'

2021-11-18 12:28:56 - [MESSAGE][INFO] - Checking object

2021-11-18 12:28:56 - [MESSAGE][INFO] - Finding web element from Test Object's properties

2021-11-18 12:28:56 - [MESSAGE][INFO] - Checking timeout

2021-11-18 12:28:56 - [MESSAGE][INFO] - Finding web element with id: 'Object Repository/Olusturma/Genel/AliciBilgisi/VKN-TCKN' located by 'By.xpath: //*[@id = 'txtVknTckn_I']' in '10' second(s)

2021-11-18 12:28:56 - [MESSAGE][INFO] - Smart Wait Function is triggered

2021-11-18 12:28:57 - [MESSAGE][INFO] - Found 1 web elements with id: 'Object Repository/Olusturma/Genel/AliciBilgisi/VKN-TCKN' located by 'By.xpath: //*[@id = 'txtVknTckn_I']' in '10' second(s)

2021-11-18 12:28:57 - [MESSAGE][PASSED] - Object 'Object Repository/Olusturma/Genel/AliciBilgisi/VKN-TCKN' is present

2021-11-18 12:28:57 - [TEST_STEP][PASSED] - text = getAttribute(findTestObject("Olusturma/Genel/AliciBilgisi/VKN-TCKN"), "value"): Attribute 'value' of object 'Object Repository/Olusturma/Genel/AliciBilgisi/VKN-TCKN' is: '6090408038'

2021-11-18 12:28:57 - [MESSAGE][INFO] - Finding Test Object 'Object Repository/Olusturma/Genel/AliciBilgisi/VKN-TCKN'

2021-11-18 12:28:57 - [MESSAGE][INFO] - Checking object

2021-11-18 12:28:57 - [MESSAGE][INFO] - Checking attribute

2021-11-18 12:28:57 - [MESSAGE][INFO] - Finding web element from Test Object's properties

2021-11-18 12:28:57 - [MESSAGE][INFO] - Checking timeout

2021-11-18 12:28:57 - [MESSAGE][INFO] - Finding web element with id: 'Object Repository/Olusturma/Genel/AliciBilgisi/VKN-TCKN' located by 'By.xpath: //*[@id = 'txtVknTckn_I']' in '30' second(s)

2021-11-18 12:28:57 - [MESSAGE][INFO] - Smart Wait Function is triggered

2021-11-18 12:28:57 - [MESSAGE][INFO] - Found 1 web elements with id: 'Object Repository/Olusturma/Genel/AliciBilgisi/VKN-TCKN' located by 'By.xpath: //*[@id = 'txtVknTckn_I']' in '30' second(s)

2021-11-18 12:28:57 - [MESSAGE][INFO] - Getting attribute 'value' of object 'Object Repository/Olusturma/Genel/AliciBilgisi/VKN-TCKN'

2021-11-18 12:28:57 - [MESSAGE][PASSED] - Attribute 'value' of object 'Object Repository/Olusturma/Genel/AliciBilgisi/VKN-TCKN' is: '6090408038'

2021-11-18 12:28:57 - [TEST_STEP][PASSED] - if (text.equals("")): null

2021-11-18 12:28:57 - [MESSAGE][PASSED] - Call Test Case 'Test Cases/Olusturma/Genel/AliciSecilir' successfully

2021-11-18 12:28:57 - [MESSAGE][INFO] - Checking called Test Case

2021-11-18 12:28:57 - [MESSAGE][INFO] - Starting to call Test Case 'Test Cases/Olusturma/Genel/GonderimSekliSecilir'

2021-11-18 12:28:57 - [TEST_CASE][PASSED] - Test Cases/Olusturma/Genel/GonderimSekliSecilir: Test Cases/Olusturma/Genel/GonderimSekliSecilir

2021-11-18 12:28:57 - [TEST_STEP][PASSED] - waitForElementClickable(findTestObject("Object Repository/Olusturma/Genel/GonderimSekli/GonderimSekli"), 10): Object 'Object Repository/Olusturma/Genel/GonderimSekli/GonderimSekli' is clickable

2021-11-18 12:28:57 - [MESSAGE][INFO] - Finding Test Object 'Object Repository/Olusturma/Genel/GonderimSekli/GonderimSekli'

2021-11-18 12:28:57 - [MESSAGE][INFO] - Checking object

2021-11-18 12:28:57 - [MESSAGE][INFO] - Checking timeout

2021-11-18 12:28:57 - [MESSAGE][INFO] - Finding web element from Test Object's properties

2021-11-18 12:28:57 - [MESSAGE][INFO] - Checking timeout

2021-11-18 12:28:57 - [MESSAGE][INFO] - Finding web element with id: 'Object Repository/Olusturma/Genel/GonderimSekli/GonderimSekli' located by 'By.xpath: //*[@id = 'txtGonderimSekil_I']' in '10' second(s)

2021-11-18 12:28:57 - [MESSAGE][INFO] - Smart Wait Function is triggered

2021-11-18 12:28:58 - [MESSAGE][INFO] - Found 1 web elements with id: 'Object Repository/Olusturma/Genel/GonderimSekli/GonderimSekli' located by 'By.xpath: //*[@id = 'txtGonderimSekil_I']' in '10' second(s)

2021-11-18 12:28:58 - [MESSAGE][PASSED] - Object 'Object Repository/Olusturma/Genel/GonderimSekli/GonderimSekli' is clickable

2021-11-18 12:28:58 - [TEST_STEP][PASSED] - click(findTestObject("Object Repository/Olusturma/Genel/GonderimSekli/GonderimSekli")): Object: 'Object Repository/Olusturma/Genel/GonderimSekli/GonderimSekli' is clicked on

2021-11-18 12:28:58 - [MESSAGE][INFO] - Finding Test Object 'Object Repository/Olusturma/Genel/GonderimSekli/GonderimSekli'

2021-11-18 12:28:58 - [MESSAGE][INFO] - Checking object

2021-11-18 12:28:58 - [MESSAGE][INFO] - Finding web element from Test Object's properties

2021-11-18 12:28:58 - [MESSAGE][INFO] - Checking timeout

2021-11-18 12:28:58 - [MESSAGE][INFO] - Finding web element with id: 'Object Repository/Olusturma/Genel/GonderimSekli/GonderimSekli' located by 'By.xpath: //*[@id = 'txtGonderimSekil_I']' in '30' second(s)

2021-11-18 12:28:58 - [MESSAGE][INFO] - Smart Wait Function is triggered

2021-11-18 12:28:58 - [MESSAGE][INFO] - Found 1 web elements with id: 'Object Repository/Olusturma/Genel/GonderimSekli/GonderimSekli' located by 'By.xpath: //*[@id = 'txtGonderimSekil_I']' in '30' second(s)

2021-11-18 12:28:58 - [MESSAGE][INFO] - Clicking on object: 'Object Repository/Olusturma/Genel/GonderimSekli/GonderimSekli'

2021-11-18 12:28:58 - [MESSAGE][PASSED] - Object: 'Object Repository/Olusturma/Genel/GonderimSekli/GonderimSekli' is clicked on

2021-11-18 12:28:58 - [TEST_STEP][PASSED] - Method.TextDegerineEsitElementeTikla(findTestObject("Object Repository/Olusturma/Genel/GonderimSekli/GonderimSekliAdi"), GonderimSekli): Method.TextDegerineEsitElementeTikla is PASSED

2021-11-18 12:28:58 - [MESSAGE][INFO] - Finding Test Object 'Object Repository/Olusturma/Genel/GonderimSekli/GonderimSekliAdi'

2021-11-18 12:28:58 - [MESSAGE][INFO] - Checking timeout

2021-11-18 12:28:58 - [MESSAGE][INFO] - Finding web element with id: 'Object Repository/Olusturma/Genel/GonderimSekli/GonderimSekliAdi' located by 'By.cssSelector: #txtGonderimSekil_DDD_L_LBT td' in '10' second(s)

2021-11-18 12:28:58 - [MESSAGE][INFO] - Smart Wait Function is triggered

2021-11-18 12:28:59 - [MESSAGE][INFO] - Found 2 web elements with id: 'Object Repository/Olusturma/Genel/GonderimSekli/GonderimSekliAdi' located by 'By.cssSelector: #txtGonderimSekil_DDD_L_LBT td' in '10' second(s)

2021-11-18 12:28:59 - [MESSAGE][PASSED] - Method.TextDegerineEsitElementeTikla is PASSED

2021-11-18 12:28:59 - [MESSAGE][PASSED] - Call Test Case 'Test Cases/Olusturma/Genel/GonderimSekliSecilir' successfully

2021-11-18 12:28:59 - [MESSAGE][INFO] - Checking called Test Case

2021-11-18 12:28:59 - [MESSAGE][INFO] - Starting to call Test Case 'Test Cases/Olusturma/Genel/DokumanParaBirimiSecilir'

2021-11-18 12:28:59 - [TEST_CASE][PASSED] - Test Cases/Olusturma/Genel/DokumanParaBirimiSecilir: Test Cases/Olusturma/Genel/DokumanParaBirimiSecilir

2021-11-18 12:28:59 - [TEST_STEP][PASSED] - waitForElementClickable(findTestObject("Object Repository/Olusturma/Genel/DokumanParaBirimiSecilir/Para"), 10): Object 'Object Repository/Olusturma/Genel/DokumanParaBirimiSecilir/Para' is clickable

2021-11-18 12:28:59 - [MESSAGE][INFO] - Finding Test Object 'Object Repository/Olusturma/Genel/DokumanParaBirimiSecilir/Para'

2021-11-18 12:28:59 - [MESSAGE][INFO] - Checking object

2021-11-18 12:28:59 - [MESSAGE][INFO] - Checking timeout

2021-11-18 12:28:59 - [MESSAGE][INFO] - Finding web element from Test Object's properties

2021-11-18 12:28:59 - [MESSAGE][INFO] - Checking timeout

2021-11-18 12:28:59 - [MESSAGE][INFO] - Finding web element with id: 'Object Repository/Olusturma/Genel/DokumanParaBirimiSecilir/Para' located by 'By.xpath: //*[@id = 'CurrencyUnit_I']' in '10' second(s)

2021-11-18 12:28:59 - [MESSAGE][INFO] - Smart Wait Function is triggered

2021-11-18 12:28:59 - [MESSAGE][INFO] - Found 1 web elements with id: 'Object Repository/Olusturma/Genel/DokumanParaBirimiSecilir/Para' located by 'By.xpath: //*[@id = 'CurrencyUnit_I']' in '10' second(s)

2021-11-18 12:28:59 - [MESSAGE][PASSED] - Object 'Object Repository/Olusturma/Genel/DokumanParaBirimiSecilir/Para' is clickable

2021-11-18 12:28:59 - [TEST_STEP][PASSED] - click(findTestObject("Object Repository/Olusturma/Genel/DokumanParaBirimiSecilir/Para")): Object: 'Object Repository/Olusturma/Genel/DokumanParaBirimiSecilir/Para' is clicked on

2021-11-18 12:28:59 - [MESSAGE][INFO] - Finding Test Object 'Object Repository/Olusturma/Genel/DokumanParaBirimiSecilir/Para'

2021-11-18 12:28:59 - [MESSAGE][INFO] - Checking object

2021-11-18 12:28:59 - [MESSAGE][INFO] - Finding web element from Test Object's properties

2021-11-18 12:28:59 - [MESSAGE][INFO] - Checking timeout

2021-11-18 12:28:59 - [MESSAGE][INFO] - Finding web element with id: 'Object Repository/Olusturma/Genel/DokumanParaBirimiSecilir/Para' located by 'By.xpath: //*[@id = 'CurrencyUnit_I']' in '30' second(s)

2021-11-18 12:28:59 - [MESSAGE][INFO] - Smart Wait Function is triggered

2021-11-18 12:29:00 - [MESSAGE][INFO] - Found 1 web elements with id: 'Object Repository/Olusturma/Genel/DokumanParaBirimiSecilir/Para' located by 'By.xpath: //*[@id = 'CurrencyUnit_I']' in '30' second(s)

2021-11-18 12:29:00 - [MESSAGE][INFO] - Clicking on object: 'Object Repository/Olusturma/Genel/DokumanParaBirimiSecilir/Para'

2021-11-18 12:29:00 - [MESSAGE][PASSED] - Object: 'Object Repository/Olusturma/Genel/DokumanParaBirimiSecilir/Para' is clicked on

2021-11-18 12:29:00 - [TEST_STEP][PASSED] - Method.TextDegerineEsitElementeTikla(findTestObject("Object Repository/Olusturma/Genel/DokumanParaBirimiSecilir/Para_Adi"), Para): Method.TextDegerineEsitElementeTikla is PASSED

2021-11-18 12:29:00 - [MESSAGE][INFO] - Finding Test Object 'Object Repository/Olusturma/Genel/DokumanParaBirimiSecilir/Para_Adi'

2021-11-18 12:29:00 - [MESSAGE][INFO] - Checking timeout

2021-11-18 12:29:00 - [MESSAGE][INFO] - Finding web element with id: 'Object Repository/Olusturma/Genel/DokumanParaBirimiSecilir/Para_Adi' located by 'By.cssSelector: #CurrencyUnit_DDD_L_LBT td' in '10' second(s)

2021-11-18 12:29:00 - [MESSAGE][INFO] - Smart Wait Function is triggered

2021-11-18 12:29:00 - [MESSAGE][INFO] - Found 203 web elements with id: 'Object Repository/Olusturma/Genel/DokumanParaBirimiSecilir/Para_Adi' located by 'By.cssSelector: #CurrencyUnit_DDD_L_LBT td' in '10' second(s)

2021-11-18 12:29:03 - [MESSAGE][PASSED] - Method.TextDegerineEsitElementeTikla is PASSED

2021-11-18 12:29:03 - [MESSAGE][PASSED] - Call Test Case 'Test Cases/Olusturma/Genel/DokumanParaBirimiSecilir' successfully

2021-11-18 12:29:03 - [MESSAGE][INFO] - Checking called Test Case

2021-11-18 12:29:03 - [MESSAGE][INFO] - Starting to call Test Case 'Test Cases/Olusturma/Genel/TasarimSecilir'

2021-11-18 12:29:03 - [TEST_CASE][PASSED] - Test Cases/Olusturma/Genel/TasarimSecilir: Test Cases/Olusturma/Genel/TasarimSecilir

2021-11-18 12:29:03 - [TEST_STEP][PASSED] - waitForElementClickable(findTestObject("Object Repository/Olusturma/Genel/TasarimSecilir/Tasarim"), 10): Object 'Object Repository/Olusturma/Genel/TasarimSecilir/Tasarim' is clickable

2021-11-18 12:29:03 - [MESSAGE][INFO] - Finding Test Object 'Object Repository/Olusturma/Genel/TasarimSecilir/Tasarim'

2021-11-18 12:29:03 - [MESSAGE][INFO] - Checking object

2021-11-18 12:29:03 - [MESSAGE][INFO] - Checking timeout

2021-11-18 12:29:03 - [MESSAGE][INFO] - Finding web element from Test Object's properties

2021-11-18 12:29:03 - [MESSAGE][INFO] - Checking timeout

2021-11-18 12:29:03 - [MESSAGE][INFO] - Finding web element with id: 'Object Repository/Olusturma/Genel/TasarimSecilir/Tasarim' located by 'By.xpath: //*[@id = 'DesignId_I']' in '10' second(s)

2021-11-18 12:29:03 - [MESSAGE][INFO] - Smart Wait Function is triggered

2021-11-18 12:29:04 - [MESSAGE][INFO] - Found 1 web elements with id: 'Object Repository/Olusturma/Genel/TasarimSecilir/Tasarim' located by 'By.xpath: //*[@id = 'DesignId_I']' in '10' second(s)

2021-11-18 12:29:04 - [MESSAGE][PASSED] - Object 'Object Repository/Olusturma/Genel/TasarimSecilir/Tasarim' is clickable

2021-11-18 12:29:04 - [TEST_STEP][PASSED] - click(findTestObject("Object Repository/Olusturma/Genel/TasarimSecilir/Tasarim")): Object: 'Object Repository/Olusturma/Genel/TasarimSecilir/Tasarim' is clicked on

2021-11-18 12:29:04 - [MESSAGE][INFO] - Finding Test Object 'Object Repository/Olusturma/Genel/TasarimSecilir/Tasarim'

2021-11-18 12:29:04 - [MESSAGE][INFO] - Checking object

2021-11-18 12:29:04 - [MESSAGE][INFO] - Finding web element from Test Object's properties

2021-11-18 12:29:04 - [MESSAGE][INFO] - Checking timeout

2021-11-18 12:29:04 - [MESSAGE][INFO] - Finding web element with id: 'Object Repository/Olusturma/Genel/TasarimSecilir/Tasarim' located by 'By.xpath: //*[@id = 'DesignId_I']' in '30' second(s)

2021-11-18 12:29:04 - [MESSAGE][INFO] - Smart Wait Function is triggered

2021-11-18 12:29:04 - [MESSAGE][INFO] - Found 1 web elements with id: 'Object Repository/Olusturma/Genel/TasarimSecilir/Tasarim' located by 'By.xpath: //*[@id = 'DesignId_I']' in '30' second(s)

2021-11-18 12:29:04 - [MESSAGE][INFO] - Clicking on object: 'Object Repository/Olusturma/Genel/TasarimSecilir/Tasarim'

2021-11-18 12:29:04 - [MESSAGE][PASSED] - Object: 'Object Repository/Olusturma/Genel/TasarimSecilir/Tasarim' is clicked on

2021-11-18 12:29:04 - [TEST_STEP][PASSED] - Method.TextDegerineEsitElementeTikla(findTestObject("Object Repository/Olusturma/Genel/TasarimSecilir/Tasarim_Adi"), Tasarim): Method.TextDegerineEsitElementeTikla is PASSED

2021-11-18 12:29:04 - [MESSAGE][INFO] - Finding Test Object 'Object Repository/Olusturma/Genel/TasarimSecilir/Tasarim_Adi'

2021-11-18 12:29:04 - [MESSAGE][INFO] - Checking timeout

2021-11-18 12:29:04 - [MESSAGE][INFO] - Finding web element with id: 'Object Repository/Olusturma/Genel/TasarimSecilir/Tasarim_Adi' located by 'By.cssSelector: #DesignId_DDD_L_LBT td' in '10' second(s)

2021-11-18 12:29:04 - [MESSAGE][INFO] - Smart Wait Function is triggered

2021-11-18 12:29:04 - [MESSAGE][INFO] - Found 3 web elements with id: 'Object Repository/Olusturma/Genel/TasarimSecilir/Tasarim_Adi' located by 'By.cssSelector: #DesignId_DDD_L_LBT td' in '10' second(s)

2021-11-18 12:29:04 - [MESSAGE][PASSED] - Method.TextDegerineEsitElementeTikla is PASSED

2021-11-18 12:29:04 - [MESSAGE][PASSED] - Call Test Case 'Test Cases/Olusturma/Genel/TasarimSecilir' successfully

2021-11-18 12:29:04 - [MESSAGE][INFO] - Checking called Test Case

2021-11-18 12:29:04 - [MESSAGE][INFO] - Starting to call Test Case 'Test Cases/Olusturma/Genel/EkleButonunaBasilir'

2021-11-18 12:29:05 - [TEST_CASE][PASSED] - Test Cases/Olusturma/Genel/EkleButonunaBasilir: Test Cases/Olusturma/Genel/EkleButonunaBasilir

2021-11-18 12:29:05 - [TEST_STEP][PASSED] - waitForElementClickable(findTestObject("Object Repository/Olusturma/Genel/Olusturma/Ekle"), 10): Object 'Object Repository/Olusturma/Genel/Olusturma/Ekle' is clickable

2021-11-18 12:29:05 - [MESSAGE][INFO] - Finding Test Object 'Object Repository/Olusturma/Genel/Olusturma/Ekle'

2021-11-18 12:29:05 - [MESSAGE][INFO] - Checking object

2021-11-18 12:29:05 - [MESSAGE][INFO] - Checking timeout

2021-11-18 12:29:05 - [MESSAGE][INFO] - Finding web element from Test Object's properties

2021-11-18 12:29:05 - [MESSAGE][INFO] - Checking timeout

2021-11-18 12:29:05 - [MESSAGE][INFO] - Finding web element with id: 'Object Repository/Olusturma/Genel/Olusturma/Ekle' located by 'By.cssSelector: #divmalhizmet i.fa.fa-plus.fa-lg.text-muted' in '10' second(s)

2021-11-18 12:29:05 - [MESSAGE][INFO] - Smart Wait Function is triggered

2021-11-18 12:29:05 - [MESSAGE][INFO] - Found 1 web elements with id: 'Object Repository/Olusturma/Genel/Olusturma/Ekle' located by 'By.cssSelector: #divmalhizmet i.fa.fa-plus.fa-lg.text-muted' in '10' second(s)

2021-11-18 12:29:05 - [MESSAGE][PASSED] - Object 'Object Repository/Olusturma/Genel/Olusturma/Ekle' is clickable

2021-11-18 12:29:05 - [TEST_STEP][PASSED] - click(findTestObject("Object Repository/Olusturma/Genel/Olusturma/Ekle")): Object: 'Object Repository/Olusturma/Genel/Olusturma/Ekle' is clicked on

2021-11-18 12:29:05 - [MESSAGE][INFO] - Finding Test Object 'Object Repository/Olusturma/Genel/Olusturma/Ekle'

2021-11-18 12:29:05 - [MESSAGE][INFO] - Checking object

2021-11-18 12:29:05 - [MESSAGE][INFO] - Finding web element from Test Object's properties

2021-11-18 12:29:05 - [MESSAGE][INFO] - Checking timeout

2021-11-18 12:29:05 - [MESSAGE][INFO] - Finding web element with id: 'Object Repository/Olusturma/Genel/Olusturma/Ekle' located by 'By.cssSelector: #divmalhizmet i.fa.fa-plus.fa-lg.text-muted' in '30' second(s)

2021-11-18 12:29:05 - [MESSAGE][INFO] - Smart Wait Function is triggered

2021-11-18 12:29:05 - [MESSAGE][INFO] - Found 1 web elements with id: 'Object Repository/Olusturma/Genel/Olusturma/Ekle' located by 'By.cssSelector: #divmalhizmet i.fa.fa-plus.fa-lg.text-muted' in '30' second(s)

2021-11-18 12:29:05 - [MESSAGE][INFO] - Clicking on object: 'Object Repository/Olusturma/Genel/Olusturma/Ekle'

2021-11-18 12:29:05 - [MESSAGE][PASSED] - Object: 'Object Repository/Olusturma/Genel/Olusturma/Ekle' is clicked on

2021-11-18 12:29:05 - [TEST_STEP][PASSED] - waitForElementClickable(findTestObject("Olusturma/Genel/Olusturma/EklenenSatirCarpiImage"), 10): Object 'Object Repository/Olusturma/Genel/Olusturma/EklenenSatirCarpiImage' is clickable

2021-11-18 12:29:05 - [MESSAGE][INFO] - Finding Test Object 'Object Repository/Olusturma/Genel/Olusturma/EklenenSatirCarpiImage'

2021-11-18 12:29:05 - [MESSAGE][INFO] - Checking object

2021-11-18 12:29:05 - [MESSAGE][INFO] - Checking timeout

2021-11-18 12:29:05 - [MESSAGE][INFO] - Finding web element from Test Object's properties

2021-11-18 12:29:05 - [MESSAGE][INFO] - Checking timeout

2021-11-18 12:29:05 - [MESSAGE][INFO] - Finding web element with id: 'Object Repository/Olusturma/Genel/Olusturma/EklenenSatirCarpiImage' located by 'By.cssSelector: .fa.fa-times.fa-lg.text-primary' in '10' second(s)

2021-11-18 12:29:05 - [MESSAGE][INFO] - Smart Wait Function is triggered

2021-11-18 12:29:06 - [MESSAGE][INFO] - Smart Wait Function is triggered

2021-11-18 12:29:06 - [MESSAGE][INFO] - Smart Wait Function is triggered

2021-11-18 12:29:07 - [MESSAGE][INFO] - Found 1 web elements with id: 'Object Repository/Olusturma/Genel/Olusturma/EklenenSatirCarpiImage' located by 'By.cssSelector: .fa.fa-times.fa-lg.text-primary' in '10' second(s)

2021-11-18 12:29:07 - [MESSAGE][PASSED] - Object 'Object Repository/Olusturma/Genel/Olusturma/EklenenSatirCarpiImage' is clickable

2021-11-18 12:29:07 - [MESSAGE][PASSED] - Call Test Case 'Test Cases/Olusturma/Genel/EkleButonunaBasilir' successfully

2021-11-18 12:29:07 - [MESSAGE][INFO] - Checking called Test Case

2021-11-18 12:29:07 - [MESSAGE][INFO] - Starting to call Test Case 'Test Cases/Olusturma/Genel/Olusturma'

2021-11-18 12:29:07 - [TEST_CASE][PASSED] - Test Cases/Olusturma/Genel/Olusturma: Test Cases/Olusturma/Genel/Olusturma

2021-11-18 12:29:07 - [TEST_STEP][PASSED] - driver = getWebDriver(): null

2021-11-18 12:29:07 - [TEST_STEP][PASSED] - action = new org.openqa.selenium.interactions.Actions(driver): null

2021-11-18 12:29:07 - [TEST_STEP][PASSED] - baslikElement = <not implemented yet for class: org.codehaus.groovy.ast.expr.EmptyExpression>: null

2021-11-18 12:29:07 - [TEST_STEP][PASSED] - sonElement = <not implemented yet for class: org.codehaus.groovy.ast.expr.EmptyExpression>: null

2021-11-18 12:29:07 - [TEST_STEP][PASSED] - attr = <not implemented yet for class: org.codehaus.groovy.ast.expr.EmptyExpression>: null

2021-11-18 12:29:07 - [TEST_STEP][PASSED] - a = 0: null

2021-11-18 12:29:07 - [TEST_STEP][PASSED] - elements = findWebElements(findTestObject("Object Repository/Olusturma/Genel/Olusturma/TabloBasliklari"), 10): Found 12 web elements with id: 'Object Repository/Olusturma/Genel/Olusturma/TabloBasliklari' located by 'By.cssSelector: div#divmalhizmet .dxgvTable_LECustomTheme td.dxgvHeader_LECustomTheme tr>td:nth-child(1)' in '10' second(s)

2021-11-18 12:29:07 - [MESSAGE][INFO] - Finding Test Object 'Object Repository/Olusturma/Genel/Olusturma/TabloBasliklari'

2021-11-18 12:29:07 - [MESSAGE][INFO] - Checking timeout

2021-11-18 12:29:07 - [MESSAGE][INFO] - Finding web element with id: 'Object Repository/Olusturma/Genel/Olusturma/TabloBasliklari' located by 'By.cssSelector: div#divmalhizmet .dxgvTable_LECustomTheme td.dxgvHeader_LECustomTheme tr>td:nth-child(1)' in '10' second(s)

2021-11-18 12:29:07 - [MESSAGE][INFO] - Smart Wait Function is triggered

2021-11-18 12:29:07 - [MESSAGE][INFO] - Found 12 web elements with id: 'Object Repository/Olusturma/Genel/Olusturma/TabloBasliklari' located by 'By.cssSelector: div#divmalhizmet .dxgvTable_LECustomTheme td.dxgvHeader_LECustomTheme tr>td:nth-child(1)' in '10' second(s)

2021-11-18 12:29:07 - [TEST_STEP][PASSED] - for (def element : elements): null

2021-11-18 12:29:07 - [TEST_STEP][PASSED] - build().perform(): null

2021-11-18 12:29:07 - [TEST_STEP][PASSED] - if (getText().equals(Baslik)): null

2021-11-18 12:29:07 - [TEST_STEP][PASSED] - baslikElement = element.findElement(By.xpath("../../../..")): Smart Wait Function is triggered

2021-11-18 12:29:07 - [MESSAGE][INFO] - Smart Wait Function is triggered

2021-11-18 12:29:08 - [TEST_STEP][PASSED] - attr = baslikElement.getAttribute("id"): null

2021-11-18 12:29:08 - [TEST_STEP][PASSED] - println("girdi ve idsini aldı = " + attr): null

2021-11-18 12:29:08 - [TEST_STEP][PASSED] - break: null

2021-11-18 12:29:08 - [TEST_STEP][PASSED] - countElement = baslikElement.findElements(By.xpath("../td")): Smart Wait Function is triggered

2021-11-18 12:29:08 - [MESSAGE][INFO] - Smart Wait Function is triggered

2021-11-18 12:29:08 - [TEST_STEP][PASSED] - for (def element : countElement): null

2021-11-18 12:29:08 - [TEST_STEP][PASSED] - if (toString().equals(attr.toString())): null

2021-11-18 12:29:08 - [TEST_STEP][PASSED] - (a++): null

2021-11-18 12:29:08 - [TEST_STEP][PASSED] - if (toString().equals(attr.toString())): null

2021-11-18 12:29:08 - [TEST_STEP][PASSED] - break: null

2021-11-18 12:29:08 - [TEST_STEP][PASSED] - son = findWebElement(findTestObject("Object Repository/Olusturma/Genel/Olusturma/EklenenSatir")).findElement(By.xpath("td[@class='dxgvInlineEditCell_LECustomTheme dxgv'][" + a + "]//td[@class='dxic']/input")): Smart Wait Function is triggered

2021-11-18 12:29:08 - [MESSAGE][INFO] - Finding Test Object 'Object Repository/Olusturma/Genel/Olusturma/EklenenSatir'

2021-11-18 12:29:08 - [MESSAGE][INFO] - Finding web element from Test Object's properties

2021-11-18 12:29:08 - [MESSAGE][INFO] - Checking timeout

2021-11-18 12:29:08 - [MESSAGE][INFO] - Finding web element with id: 'Object Repository/Olusturma/Genel/Olusturma/EklenenSatir' located by 'By.cssSelector: #divmalhizmet .dxgvInlineEditRow_LECustomTheme' in '30' second(s)

2021-11-18 12:29:08 - [MESSAGE][INFO] - Smart Wait Function is triggered

2021-11-18 12:29:08 - [MESSAGE][INFO] - Found 1 web elements with id: 'Object Repository/Olusturma/Genel/Olusturma/EklenenSatir' located by 'By.cssSelector: #divmalhizmet .dxgvInlineEditRow_LECustomTheme' in '30' second(s)

2021-11-18 12:29:08 - [MESSAGE][INFO] - Smart Wait Function is triggered

2021-11-18 12:29:09 - [TEST_STEP][PASSED] - if (!(getAttribute("value").contains("Vkn"))): null

2021-11-18 12:29:09 - [TEST_STEP][PASSED] - son.clear(): null

2021-11-18 12:29:09 - [TEST_STEP][PASSED] - son.sendKeys(Deger): null

2021-11-18 12:29:09 - [MESSAGE][PASSED] - Call Test Case 'Test Cases/Olusturma/Genel/Olusturma' successfully

2021-11-18 12:29:09 - [MESSAGE][INFO] - Checking called Test Case

2021-11-18 12:29:09 - [MESSAGE][INFO] - Starting to call Test Case 'Test Cases/Olusturma/Genel/Olusturma'

2021-11-18 12:29:09 - [TEST_CASE][PASSED] - Test Cases/Olusturma/Genel/Olusturma: Test Cases/Olusturma/Genel/Olusturma

2021-11-18 12:29:09 - [TEST_STEP][PASSED] - driver = getWebDriver(): null

2021-11-18 12:29:09 - [TEST_STEP][PASSED] - action = new org.openqa.selenium.interactions.Actions(driver): null

2021-11-18 12:29:09 - [TEST_STEP][PASSED] - baslikElement = <not implemented yet for class: org.codehaus.groovy.ast.expr.EmptyExpression>: null

2021-11-18 12:29:09 - [TEST_STEP][PASSED] - sonElement = <not implemented yet for class: org.codehaus.groovy.ast.expr.EmptyExpression>: null

2021-11-18 12:29:09 - [TEST_STEP][PASSED] - attr = <not implemented yet for class: org.codehaus.groovy.ast.expr.EmptyExpression>: null

2021-11-18 12:29:09 - [TEST_STEP][PASSED] - a = 0: null

2021-11-18 12:29:09 - [TEST_STEP][PASSED] - elements = findWebElements(findTestObject("Object Repository/Olusturma/Genel/Olusturma/TabloBasliklari"), 10): Found 12 web elements with id: 'Object Repository/Olusturma/Genel/Olusturma/TabloBasliklari' located by 'By.cssSelector: div#divmalhizmet .dxgvTable_LECustomTheme td.dxgvHeader_LECustomTheme tr>td:nth-child(1)' in '10' second(s)

2021-11-18 12:29:09 - [MESSAGE][INFO] - Finding Test Object 'Object Repository/Olusturma/Genel/Olusturma/TabloBasliklari'

2021-11-18 12:29:09 - [MESSAGE][INFO] - Checking timeout

2021-11-18 12:29:09 - [MESSAGE][INFO] - Finding web element with id: 'Object Repository/Olusturma/Genel/Olusturma/TabloBasliklari' located by 'By.cssSelector: div#divmalhizmet .dxgvTable_LECustomTheme td.dxgvHeader_LECustomTheme tr>td:nth-child(1)' in '10' second(s)

2021-11-18 12:29:09 - [MESSAGE][INFO] - Smart Wait Function is triggered

2021-11-18 12:29:09 - [MESSAGE][INFO] - Found 12 web elements with id: 'Object Repository/Olusturma/Genel/Olusturma/TabloBasliklari' located by 'By.cssSelector: div#divmalhizmet .dxgvTable_LECustomTheme td.dxgvHeader_LECustomTheme tr>td:nth-child(1)' in '10' second(s)

2021-11-18 12:29:09 - [TEST_STEP][PASSED] - for (def element : elements): null

2021-11-18 12:29:09 - [TEST_STEP][PASSED] - build().perform(): null

2021-11-18 12:29:09 - [TEST_STEP][PASSED] - if (getText().equals(Baslik)): null

2021-11-18 12:29:09 - [TEST_STEP][PASSED] - build().perform(): null

2021-11-18 12:29:09 - [TEST_STEP][PASSED] - if (getText().equals(Baslik)): null

2021-11-18 12:29:09 - [TEST_STEP][PASSED] - baslikElement = element.findElement(By.xpath("../../../..")): Smart Wait Function is triggered

2021-11-18 12:29:09 - [MESSAGE][INFO] - Smart Wait Function is triggered

2021-11-18 12:29:10 - [TEST_STEP][PASSED] - attr = baslikElement.getAttribute("id"): null

2021-11-18 12:29:10 - [TEST_STEP][PASSED] - println("girdi ve idsini aldı = " + attr): null

2021-11-18 12:29:10 - [TEST_STEP][PASSED] - break: null

2021-11-18 12:29:10 - [TEST_STEP][PASSED] - countElement = baslikElement.findElements(By.xpath("../td")): Smart Wait Function is triggered

2021-11-18 12:29:10 - [MESSAGE][INFO] - Smart Wait Function is triggered

2021-11-18 12:29:10 - [TEST_STEP][PASSED] - for (def element : countElement): null

2021-11-18 12:29:10 - [TEST_STEP][PASSED] - if (toString().equals(attr.toString())): null

2021-11-18 12:29:10 - [TEST_STEP][PASSED] - (a++): null

2021-11-18 12:29:10 - [TEST_STEP][PASSED] - if (toString().equals(attr.toString())): null

2021-11-18 12:29:10 - [TEST_STEP][PASSED] - (a++): null

2021-11-18 12:29:10 - [TEST_STEP][PASSED] - if (toString().equals(attr.toString())): null

2021-11-18 12:29:10 - [TEST_STEP][PASSED] - break: null

2021-11-18 12:29:10 - [TEST_STEP][PASSED] - son = findWebElement(findTestObject("Object Repository/Olusturma/Genel/Olusturma/EklenenSatir")).findElement(By.xpath("td[@class='dxgvInlineEditCell_LECustomTheme dxgv'][" + a + "]//td[@class='dxic']/input")): Smart Wait Function is triggered

2021-11-18 12:29:10 - [MESSAGE][INFO] - Finding Test Object 'Object Repository/Olusturma/Genel/Olusturma/EklenenSatir'

2021-11-18 12:29:10 - [MESSAGE][INFO] - Finding web element from Test Object's properties

2021-11-18 12:29:10 - [MESSAGE][INFO] - Checking timeout

2021-11-18 12:29:10 - [MESSAGE][INFO] - Finding web element with id: 'Object Repository/Olusturma/Genel/Olusturma/EklenenSatir' located by 'By.cssSelector: #divmalhizmet .dxgvInlineEditRow_LECustomTheme' in '30' second(s)

2021-11-18 12:29:10 - [MESSAGE][INFO] - Smart Wait Function is triggered

2021-11-18 12:29:10 - [MESSAGE][INFO] - Found 1 web elements with id: 'Object Repository/Olusturma/Genel/Olusturma/EklenenSatir' located by 'By.cssSelector: #divmalhizmet .dxgvInlineEditRow_LECustomTheme' in '30' second(s)

2021-11-18 12:29:10 - [MESSAGE][INFO] - Smart Wait Function is triggered

2021-11-18 12:29:11 - [TEST_STEP][PASSED] - if (!(getAttribute("value").contains("Vkn"))): null

2021-11-18 12:29:11 - [TEST_STEP][PASSED] - son.clear(): null

2021-11-18 12:29:11 - [TEST_STEP][PASSED] - son.sendKeys(Deger): null

2021-11-18 12:29:11 - [MESSAGE][PASSED] - Call Test Case 'Test Cases/Olusturma/Genel/Olusturma' successfully

2021-11-18 12:29:11 - [MESSAGE][INFO] - Checking called Test Case

2021-11-18 12:29:11 - [MESSAGE][INFO] - Starting to call Test Case 'Test Cases/Olusturma/Genel/Olusturma'

2021-11-18 12:29:11 - [TEST_CASE][PASSED] - Test Cases/Olusturma/Genel/Olusturma: Test Cases/Olusturma/Genel/Olusturma

2021-11-18 12:29:11 - [TEST_STEP][PASSED] - driver = getWebDriver(): null

2021-11-18 12:29:11 - [TEST_STEP][PASSED] - action = new org.openqa.selenium.interactions.Actions(driver): null

2021-11-18 12:29:11 - [TEST_STEP][PASSED] - baslikElement = <not implemented yet for class: org.codehaus.groovy.ast.expr.EmptyExpression>: null

2021-11-18 12:29:11 - [TEST_STEP][PASSED] - sonElement = <not implemented yet for class: org.codehaus.groovy.ast.expr.EmptyExpression>: null

2021-11-18 12:29:11 - [TEST_STEP][PASSED] - attr = <not implemented yet for class: org.codehaus.groovy.ast.expr.EmptyExpression>: null

2021-11-18 12:29:11 - [TEST_STEP][PASSED] - a = 0: null

2021-11-18 12:29:11 - [TEST_STEP][PASSED] - elements = findWebElements(findTestObject("Object Repository/Olusturma/Genel/Olusturma/TabloBasliklari"), 10): Found 12 web elements with id: 'Object Repository/Olusturma/Genel/Olusturma/TabloBasliklari' located by 'By.cssSelector: div#divmalhizmet .dxgvTable_LECustomTheme td.dxgvHeader_LECustomTheme tr>td:nth-child(1)' in '10' second(s)

2021-11-18 12:29:11 - [MESSAGE][INFO] - Finding Test Object 'Object Repository/Olusturma/Genel/Olusturma/TabloBasliklari'

2021-11-18 12:29:11 - [MESSAGE][INFO] - Checking timeout

2021-11-18 12:29:11 - [MESSAGE][INFO] - Finding web element with id: 'Object Repository/Olusturma/Genel/Olusturma/TabloBasliklari' located by 'By.cssSelector: div#divmalhizmet .dxgvTable_LECustomTheme td.dxgvHeader_LECustomTheme tr>td:nth-child(1)' in '10' second(s)

2021-11-18 12:29:11 - [MESSAGE][INFO] - Smart Wait Function is triggered

2021-11-18 12:29:11 - [MESSAGE][INFO] - Found 12 web elements with id: 'Object Repository/Olusturma/Genel/Olusturma/TabloBasliklari' located by 'By.cssSelector: div#divmalhizmet .dxgvTable_LECustomTheme td.dxgvHeader_LECustomTheme tr>td:nth-child(1)' in '10' second(s)

2021-11-18 12:29:11 - [TEST_STEP][PASSED] - for (def element : elements): null

2021-11-18 12:29:11 - [TEST_STEP][PASSED] - build().perform(): null

2021-11-18 12:29:11 - [TEST_STEP][PASSED] - if (getText().equals(Baslik)): null

2021-11-18 12:29:11 - [TEST_STEP][PASSED] - build().perform(): null

2021-11-18 12:29:12 - [TEST_STEP][PASSED] - if (getText().equals(Baslik)): null

2021-11-18 12:29:12 - [TEST_STEP][PASSED] - build().perform(): null

2021-11-18 12:29:12 - [TEST_STEP][PASSED] - if (getText().equals(Baslik)): null

2021-11-18 12:29:12 - [TEST_STEP][PASSED] - baslikElement = element.findElement(By.xpath("../../../..")): Smart Wait Function is triggered

2021-11-18 12:29:12 - [MESSAGE][INFO] - Smart Wait Function is triggered

2021-11-18 12:29:12 - [TEST_STEP][PASSED] - attr = baslikElement.getAttribute("id"): null

2021-11-18 12:29:12 - [TEST_STEP][PASSED] - println("girdi ve idsini aldı = " + attr): null

2021-11-18 12:29:12 - [TEST_STEP][PASSED] - break: null

2021-11-18 12:29:12 - [TEST_STEP][PASSED] - countElement = baslikElement.findElements(By.xpath("../td")): Smart Wait Function is triggered

2021-11-18 12:29:12 - [MESSAGE][INFO] - Smart Wait Function is triggered

2021-11-18 12:29:12 - [TEST_STEP][PASSED] - for (def element : countElement): null

2021-11-18 12:29:12 - [TEST_STEP][PASSED] - if (toString().equals(attr.toString())): null

2021-11-18 12:29:12 - [TEST_STEP][PASSED] - (a++): null

2021-11-18 12:29:12 - [TEST_STEP][PASSED] - if (toString().equals(attr.toString())): null

2021-11-18 12:29:12 - [TEST_STEP][PASSED] - (a++): null

2021-11-18 12:29:12 - [TEST_STEP][PASSED] - if (toString().equals(attr.toString())): null

2021-11-18 12:29:12 - [TEST_STEP][PASSED] - (a++): null

2021-11-18 12:29:12 - [TEST_STEP][PASSED] - if (toString().equals(attr.toString())): null

2021-11-18 12:29:12 - [TEST_STEP][PASSED] - break: null

2021-11-18 12:29:12 - [TEST_STEP][PASSED] - son = findWebElement(findTestObject("Object Repository/Olusturma/Genel/Olusturma/EklenenSatir")).findElement(By.xpath("td[@class='dxgvInlineEditCell_LECustomTheme dxgv'][" + a + "]//td[@class='dxic']/input")): Smart Wait Function is triggered

2021-11-18 12:29:12 - [MESSAGE][INFO] - Finding Test Object 'Object Repository/Olusturma/Genel/Olusturma/EklenenSatir'

2021-11-18 12:29:12 - [MESSAGE][INFO] - Finding web element from Test Object's properties

2021-11-18 12:29:12 - [MESSAGE][INFO] - Checking timeout

2021-11-18 12:29:12 - [MESSAGE][INFO] - Finding web element with id: 'Object Repository/Olusturma/Genel/Olusturma/EklenenSatir' located by 'By.cssSelector: #divmalhizmet .dxgvInlineEditRow_LECustomTheme' in '30' second(s)

2021-11-18 12:29:12 - [MESSAGE][INFO] - Smart Wait Function is triggered

2021-11-18 12:29:13 - [MESSAGE][INFO] - Found 1 web elements with id: 'Object Repository/Olusturma/Genel/Olusturma/EklenenSatir' located by 'By.cssSelector: #divmalhizmet .dxgvInlineEditRow_LECustomTheme' in '30' second(s)

2021-11-18 12:29:13 - [MESSAGE][INFO] - Smart Wait Function is triggered

2021-11-18 12:29:13 - [TEST_STEP][PASSED] - if (!(getAttribute("value").contains("Vkn"))): null

2021-11-18 12:29:13 - [TEST_STEP][PASSED] - son.clear(): null

2021-11-18 12:29:13 - [TEST_STEP][PASSED] - son.sendKeys(Deger): null

2021-11-18 12:29:13 - [MESSAGE][PASSED] - Call Test Case 'Test Cases/Olusturma/Genel/Olusturma' successfully

2021-11-18 12:29:13 - [MESSAGE][INFO] - Checking called Test Case

2021-11-18 12:29:13 - [MESSAGE][INFO] - Starting to call Test Case 'Test Cases/Olusturma/Genel/NotGirilir'

2021-11-18 12:29:13 - [TEST_CASE][PASSED] - Test Cases/Olusturma/Genel/NotGirilir: Test Cases/Olusturma/Genel/NotGirilir

2021-11-18 12:29:13 - [TEST_STEP][PASSED] - i = 0: null

2021-11-18 12:29:13 - [TEST_STEP][PASSED] - waitForElementClickable(findTestObject("Olusturma/Genel/Not/Notlar"), 10): Object 'Object Repository/Olusturma/Genel/Not/Notlar' is clickable

2021-11-18 12:29:13 - [MESSAGE][INFO] - Finding Test Object 'Object Repository/Olusturma/Genel/Not/Notlar'

2021-11-18 12:29:13 - [MESSAGE][INFO] - Checking object

2021-11-18 12:29:13 - [MESSAGE][INFO] - Checking timeout

2021-11-18 12:29:13 - [MESSAGE][INFO] - Finding web element from Test Object's properties

2021-11-18 12:29:13 - [MESSAGE][INFO] - Checking timeout

2021-11-18 12:29:13 - [MESSAGE][INFO] - Finding web element with id: 'Object Repository/Olusturma/Genel/Not/Notlar' located by 'By.xpath: //*[@id = 'txtNote_I']' in '10' second(s)

2021-11-18 12:29:13 - [MESSAGE][INFO] - Smart Wait Function is triggered

2021-11-18 12:29:14 - [MESSAGE][INFO] - Found 1 web elements with id: 'Object Repository/Olusturma/Genel/Not/Notlar' located by 'By.xpath: //*[@id = 'txtNote_I']' in '10' second(s)

2021-11-18 12:29:14 - [MESSAGE][PASSED] - Object 'Object Repository/Olusturma/Genel/Not/Notlar' is clickable

2021-11-18 12:29:14 - [TEST_STEP][PASSED] - clearText(findTestObject("Olusturma/Genel/Not/Notlar")): Text of object 'Object Repository/Olusturma/Genel/Not/Notlar' is cleared

2021-11-18 12:29:14 - [MESSAGE][INFO] - Finding Test Object 'Object Repository/Olusturma/Genel/Not/Notlar'

2021-11-18 12:29:14 - [MESSAGE][INFO] - Checking object

2021-11-18 12:29:14 - [MESSAGE][INFO] - Finding web element from Test Object's properties

2021-11-18 12:29:14 - [MESSAGE][INFO] - Checking timeout

2021-11-18 12:29:14 - [MESSAGE][INFO] - Finding web element with id: 'Object Repository/Olusturma/Genel/Not/Notlar' located by 'By.xpath: //*[@id = 'txtNote_I']' in '30' second(s)

2021-11-18 12:29:14 - [MESSAGE][INFO] - Smart Wait Function is triggered

2021-11-18 12:29:14 - [MESSAGE][INFO] - Found 1 web elements with id: 'Object Repository/Olusturma/Genel/Not/Notlar' located by 'By.xpath: //*[@id = 'txtNote_I']' in '30' second(s)

2021-11-18 12:29:14 - [MESSAGE][INFO] - Clearing text of object 'Object Repository/Olusturma/Genel/Not/Notlar'

2021-11-18 12:29:14 - [MESSAGE][PASSED] - Text of object 'Object Repository/Olusturma/Genel/Not/Notlar' is cleared

2021-11-18 12:29:14 - [TEST_STEP][PASSED] - click(findTestObject("Olusturma/Genel/Not/Notlar")): Object: 'Object Repository/Olusturma/Genel/Not/Notlar' is clicked on

2021-11-18 12:29:14 - [MESSAGE][INFO] - Finding Test Object 'Object Repository/Olusturma/Genel/Not/Notlar'

2021-11-18 12:29:14 - [MESSAGE][INFO] - Checking object

2021-11-18 12:29:14 - [MESSAGE][INFO] - Finding web element from Test Object's properties

2021-11-18 12:29:14 - [MESSAGE][INFO] - Checking timeout

2021-11-18 12:29:14 - [MESSAGE][INFO] - Finding web element with id: 'Object Repository/Olusturma/Genel/Not/Notlar' located by 'By.xpath: //*[@id = 'txtNote_I']' in '30' second(s)

2021-11-18 12:29:14 - [MESSAGE][INFO] - Smart Wait Function is triggered

2021-11-18 12:29:14 - [MESSAGE][INFO] - Found 1 web elements with id: 'Object Repository/Olusturma/Genel/Not/Notlar' located by 'By.xpath: //*[@id = 'txtNote_I']' in '30' second(s)

2021-11-18 12:29:14 - [MESSAGE][INFO] - Clicking on object: 'Object Repository/Olusturma/Genel/Not/Notlar'

2021-11-18 12:29:14 - [MESSAGE][PASSED] - Object: 'Object Repository/Olusturma/Genel/Not/Notlar' is clicked on

2021-11-18 12:29:14 - [TEST_STEP][PASSED] - while (true): null

2021-11-18 12:29:14 - [TEST_STEP][PASSED] - delay(1): Delayed 1 second(s)

2021-11-18 12:29:14 - [MESSAGE][INFO] - Delaying browser in 1 second(s)

2021-11-18 12:29:15 - [MESSAGE][PASSED] - Delayed 1 second(s)

2021-11-18 12:29:15 - [TEST_STEP][PASSED] - ajaxIsComplete = executeJavaScript("return jQuery.active == 0", null): Execute JavaScript 'return jQuery.active == 0' successfully

2021-11-18 12:29:15 - [MESSAGE][PASSED] - Execute JavaScript 'return jQuery.active == 0' successfully

2021-11-18 12:29:15 - [TEST_STEP][PASSED] - if (ajaxIsComplete): null

2021-11-18 12:29:15 - [TEST_STEP][PASSED] - break: null

2021-11-18 12:29:15 - [TEST_STEP][PASSED] - sendKeys(findTestObject("Olusturma/Genel/Not/Notlar"), Not): Keys 'Otomasyon Not' sent to object: 'Object Repository/Olusturma/Genel/Not/Notlar'

2021-11-18 12:29:15 - [MESSAGE][INFO] - Finding Test Object 'Object Repository/Olusturma/Genel/Not/Notlar'

2021-11-18 12:29:15 - [MESSAGE][INFO] - Sending keys 'Otomasyon Not' to object: 'Object Repository/Olusturma/Genel/Not/Notlar'

2021-11-18 12:29:15 - [MESSAGE][INFO] - Finding web element from Test Object's properties

2021-11-18 12:29:15 - [MESSAGE][INFO] - Checking timeout

2021-11-18 12:29:15 - [MESSAGE][INFO] - Finding web element with id: 'Object Repository/Olusturma/Genel/Not/Notlar' located by 'By.xpath: //*[@id = 'txtNote_I']' in '30' second(s)

2021-11-18 12:29:15 - [MESSAGE][INFO] - Smart Wait Function is triggered

2021-11-18 12:29:16 - [MESSAGE][INFO] - Found 1 web elements with id: 'Object Repository/Olusturma/Genel/Not/Notlar' located by 'By.xpath: //*[@id = 'txtNote_I']' in '30' second(s)

2021-11-18 12:29:16 - [MESSAGE][PASSED] - Keys 'Otomasyon Not' sent to object: 'Object Repository/Olusturma/Genel/Not/Notlar'

2021-11-18 12:29:16 - [MESSAGE][PASSED] - Call Test Case 'Test Cases/Olusturma/Genel/NotGirilir' successfully

2021-11-18 12:29:16 - [MESSAGE][INFO] - Checking called Test Case

2021-11-18 12:29:16 - [MESSAGE][INFO] - Starting to call Test Case 'Test Cases/Olusturma/Genel/EttnBilgisiKayitEdilir'

2021-11-18 12:29:16 - [TEST_CASE][PASSED] - Test Cases/Olusturma/Genel/EttnBilgisiKayitEdilir: Test Cases/Olusturma/Genel/EttnBilgisiKayitEdilir

2021-11-18 12:29:16 - [TEST_STEP][PASSED] - verifyElementPresent(findTestObject("Object Repository/Olusturma/Genel/Olusturma/eArsivEttnBilgisi"), 7): Object 'Object Repository/Olusturma/Genel/Olusturma/eArsivEttnBilgisi' is present

2021-11-18 12:29:16 - [MESSAGE][INFO] - Finding Test Object 'Object Repository/Olusturma/Genel/Olusturma/eArsivEttnBilgisi'

2021-11-18 12:29:16 - [MESSAGE][INFO] - Checking object

2021-11-18 12:29:16 - [MESSAGE][INFO] - Finding web element from Test Object's properties

2021-11-18 12:29:16 - [MESSAGE][INFO] - Checking timeout

2021-11-18 12:29:16 - [MESSAGE][INFO] - Finding web element with id: 'Object Repository/Olusturma/Genel/Olusturma/eArsivEttnBilgisi' located by 'By.xpath: //*[@id = 'Uuid_I']' in '7' second(s)

2021-11-18 12:29:16 - [MESSAGE][INFO] - Smart Wait Function is triggered

2021-11-18 12:29:16 - [MESSAGE][INFO] - Found 1 web elements with id: 'Object Repository/Olusturma/Genel/Olusturma/eArsivEttnBilgisi' located by 'By.xpath: //*[@id = 'Uuid_I']' in '7' second(s)

2021-11-18 12:29:16 - [MESSAGE][PASSED] - Object 'Object Repository/Olusturma/Genel/Olusturma/eArsivEttnBilgisi' is present

2021-11-18 12:29:16 - [TEST_STEP][PASSED] - ettn = getAttribute(findTestObject("Object Repository/Olusturma/Genel/Olusturma/eArsivEttnBilgisi"), "value"): Attribute 'value' of object 'Object Repository/Olusturma/Genel/Olusturma/eArsivEttnBilgisi' is: '02cae14f-4a0b-4c5b-9c0f-30117f4ff706'

2021-11-18 12:29:16 - [MESSAGE][INFO] - Finding Test Object 'Object Repository/Olusturma/Genel/Olusturma/eArsivEttnBilgisi'

2021-11-18 12:29:16 - [MESSAGE][INFO] - Checking object

2021-11-18 12:29:16 - [MESSAGE][INFO] - Checking attribute

2021-11-18 12:29:16 - [MESSAGE][INFO] - Finding web element from Test Object's properties

2021-11-18 12:29:16 - [MESSAGE][INFO] - Checking timeout

2021-11-18 12:29:16 - [MESSAGE][INFO] - Finding web element with id: 'Object Repository/Olusturma/Genel/Olusturma/eArsivEttnBilgisi' located by 'By.xpath: //*[@id = 'Uuid_I']' in '30' second(s)

2021-11-18 12:29:16 - [MESSAGE][INFO] - Smart Wait Function is triggered

2021-11-18 12:29:17 - [MESSAGE][INFO] - Found 1 web elements with id: 'Object Repository/Olusturma/Genel/Olusturma/eArsivEttnBilgisi' located by 'By.xpath: //*[@id = 'Uuid_I']' in '30' second(s)

2021-11-18 12:29:17 - [MESSAGE][INFO] - Getting attribute 'value' of object 'Object Repository/Olusturma/Genel/Olusturma/eArsivEttnBilgisi'

2021-11-18 12:29:17 - [MESSAGE][PASSED] - Attribute 'value' of object 'Object Repository/Olusturma/Genel/Olusturma/eArsivEttnBilgisi' is: '02cae14f-4a0b-4c5b-9c0f-30117f4ff706'

2021-11-18 12:29:17 - [MESSAGE][PASSED] - Call Test Case 'Test Cases/Olusturma/Genel/EttnBilgisiKayitEdilir' successfully

2021-11-18 12:29:17 - [MESSAGE][INFO] - Checking called Test Case

2021-11-18 12:29:17 - [MESSAGE][INFO] - Starting to call Test Case 'Test Cases/Olusturma/Genel/KaydetButonunaTiklanir'

2021-11-18 12:29:17 - [TEST_CASE][PASSED] - Test Cases/Olusturma/Genel/KaydetButonunaTiklanir: Test Cases/Olusturma/Genel/KaydetButonunaTiklanir

2021-11-18 12:29:17 - [TEST_STEP][PASSED] - i = 0: null

2021-11-18 12:29:17 - [TEST_STEP][PASSED] - waitForElementPresent(findTestObject("Olusturma/Genel/Not/Notlar"), 10): Object 'Object Repository/Olusturma/Genel/Not/Notlar' is present

2021-11-18 12:29:17 - [MESSAGE][INFO] - Finding Test Object 'Object Repository/Olusturma/Genel/Not/Notlar'

2021-11-18 12:29:17 - [MESSAGE][INFO] - Checking object

2021-11-18 12:29:17 - [MESSAGE][INFO] - Finding web element from Test Object's properties

2021-11-18 12:29:17 - [MESSAGE][INFO] - Checking timeout

2021-11-18 12:29:17 - [MESSAGE][INFO] - Finding web element with id: 'Object Repository/Olusturma/Genel/Not/Notlar' located by 'By.xpath: //*[@id = 'txtNote_I']' in '10' second(s)

2021-11-18 12:29:17 - [MESSAGE][INFO] - Smart Wait Function is triggered

2021-11-18 12:29:17 - [MESSAGE][INFO] - Found 1 web elements with id: 'Object Repository/Olusturma/Genel/Not/Notlar' located by 'By.xpath: //*[@id = 'txtNote_I']' in '10' second(s)

2021-11-18 12:29:17 - [MESSAGE][PASSED] - Object 'Object Repository/Olusturma/Genel/Not/Notlar' is present

2021-11-18 12:29:17 - [TEST_STEP][PASSED] - click(findTestObject("Olusturma/Genel/Not/Notlar")): Object: 'Object Repository/Olusturma/Genel/Not/Notlar' is clicked on

2021-11-18 12:29:17 - [MESSAGE][INFO] - Finding Test Object 'Object Repository/Olusturma/Genel/Not/Notlar'

2021-11-18 12:29:17 - [MESSAGE][INFO] - Checking object

2021-11-18 12:29:17 - [MESSAGE][INFO] - Finding web element from Test Object's properties

2021-11-18 12:29:17 - [MESSAGE][INFO] - Checking timeout

2021-11-18 12:29:17 - [MESSAGE][INFO] - Finding web element with id: 'Object Repository/Olusturma/Genel/Not/Notlar' located by 'By.xpath: //*[@id = 'txtNote_I']' in '30' second(s)

2021-11-18 12:29:17 - [MESSAGE][INFO] - Smart Wait Function is triggered

2021-11-18 12:29:17 - [MESSAGE][INFO] - Found 1 web elements with id: 'Object Repository/Olusturma/Genel/Not/Notlar' located by 'By.xpath: //*[@id = 'txtNote_I']' in '30' second(s)

2021-11-18 12:29:17 - [MESSAGE][INFO] - Clicking on object: 'Object Repository/Olusturma/Genel/Not/Notlar'

2021-11-18 12:29:17 - [MESSAGE][PASSED] - Object: 'Object Repository/Olusturma/Genel/Not/Notlar' is clicked on

2021-11-18 12:29:17 - [TEST_STEP][PASSED] - while (true): null

2021-11-18 12:29:17 - [TEST_STEP][PASSED] - delay(1): Delayed 1 second(s)

2021-11-18 12:29:17 - [MESSAGE][INFO] - Delaying browser in 1 second(s)

2021-11-18 12:29:19 - [MESSAGE][PASSED] - Delayed 1 second(s)

2021-11-18 12:29:19 - [TEST_STEP][PASSED] - ajaxIsComplete = executeJavaScript("return jQuery.active == 0", null): Execute JavaScript 'return jQuery.active == 0' successfully

2021-11-18 12:29:19 - [MESSAGE][PASSED] - Execute JavaScript 'return jQuery.active == 0' successfully

2021-11-18 12:29:19 - [TEST_STEP][PASSED] - if (ajaxIsComplete): null

2021-11-18 12:29:19 - [TEST_STEP][PASSED] - break: null

2021-11-18 12:29:19 - [TEST_STEP][PASSED] - waitForElementClickable(findTestObject("Object Repository/Olusturma/Genel/Buton"), 10): Object 'Object Repository/Olusturma/Genel/Buton' is clickable

2021-11-18 12:29:19 - [MESSAGE][INFO] - Finding Test Object 'Object Repository/Olusturma/Genel/Buton'

2021-11-18 12:29:19 - [MESSAGE][INFO] - Checking object

2021-11-18 12:29:19 - [MESSAGE][INFO] - Checking timeout

2021-11-18 12:29:19 - [MESSAGE][INFO] - Finding web element from Test Object's properties

2021-11-18 12:29:19 - [MESSAGE][INFO] - Checking timeout

2021-11-18 12:29:19 - [MESSAGE][INFO] - Finding web element with id: 'Object Repository/Olusturma/Genel/Buton' located by 'By.xpath: //*[@id = 'btnKaydet']' in '10' second(s)

2021-11-18 12:29:19 - [MESSAGE][INFO] - Smart Wait Function is triggered

2021-11-18 12:29:19 - [MESSAGE][INFO] - Found 1 web elements with id: 'Object Repository/Olusturma/Genel/Buton' located by 'By.xpath: //*[@id = 'btnKaydet']' in '10' second(s)

2021-11-18 12:29:19 - [MESSAGE][PASSED] - Object 'Object Repository/Olusturma/Genel/Buton' is clickable

2021-11-18 12:29:19 - [TEST_STEP][PASSED] - click(findTestObject("Object Repository/Olusturma/Genel/Buton")): Object: 'Object Repository/Olusturma/Genel/Buton' is clicked on

2021-11-18 12:29:19 - [MESSAGE][INFO] - Finding Test Object 'Object Repository/Olusturma/Genel/Buton'

2021-11-18 12:29:19 - [MESSAGE][INFO] - Checking object

2021-11-18 12:29:19 - [MESSAGE][INFO] - Finding web element from Test Object's properties

2021-11-18 12:29:19 - [MESSAGE][INFO] - Checking timeout

2021-11-18 12:29:19 - [MESSAGE][INFO] - Finding web element with id: 'Object Repository/Olusturma/Genel/Buton' located by 'By.xpath: //*[@id = 'btnKaydet']' in '30' second(s)

2021-11-18 12:29:19 - [MESSAGE][INFO] - Smart Wait Function is triggered

2021-11-18 12:29:19 - [MESSAGE][INFO] - Found 1 web elements with id: 'Object Repository/Olusturma/Genel/Buton' located by 'By.xpath: //*[@id = 'btnKaydet']' in '30' second(s)

2021-11-18 12:29:19 - [MESSAGE][INFO] - Clicking on object: 'Object Repository/Olusturma/Genel/Buton'

2021-11-18 12:29:20 - [MESSAGE][PASSED] - Object: 'Object Repository/Olusturma/Genel/Buton' is clicked on

2021-11-18 12:29:20 - [MESSAGE][PASSED] - Call Test Case 'Test Cases/Olusturma/Genel/KaydetButonunaTiklanir' successfully

2021-11-18 12:29:20 - [MESSAGE][INFO] - Checking called Test Case

2021-11-18 12:29:20 - [MESSAGE][INFO] - Starting to call Test Case 'Test Cases/Tablo/TablodaEttnliVeriOlusturulduMu'

2021-11-18 12:29:20 - [TEST_CASE][PASSED] - Test Cases/Tablo/TablodaEttnliVeriOlusturulduMu: Test Cases/Tablo/TablodaEttnliVeriOlusturulduMu

2021-11-18 12:29:20 - [TEST_STEP][PASSED] - Method.TextDegerineEsitElementVarMi(findTestObject("Tablo/OlusturulanVeri"), ettn): Method.TextDegerineEsitElementVarMi is PASSED

2021-11-18 12:29:20 - [MESSAGE][INFO] - Finding Test Object 'Object Repository/Tablo/OlusturulanVeri'

2021-11-18 12:29:20 - [MESSAGE][INFO] - Checking timeout

2021-11-18 12:29:20 - [MESSAGE][INFO] - Finding web element with id: 'Object Repository/Tablo/OlusturulanVeri' located by 'By.cssSelector: table.dxgvTable_LECustomTheme>tbody>tr:nth-child(3)>td.dxgv b,table.dxgvTable_LECustomTheme>tbody>tr:nth-child(3)>td.dxgv' in '10' second(s)

2021-11-18 12:29:20 - [MESSAGE][INFO] - Smart Wait Function is triggered

2021-11-18 12:29:21 - [MESSAGE][INFO] - Found 11 web elements with id: 'Object Repository/Tablo/OlusturulanVeri' located by 'By.cssSelector: table.dxgvTable_LECustomTheme>tbody>tr:nth-child(3)>td.dxgv b,table.dxgvTable_LECustomTheme>tbody>tr:nth-child(3)>td.dxgv' in '10' second(s)

2021-11-18 12:29:21 - [MESSAGE][PASSED] - Method.TextDegerineEsitElementVarMi is PASSED

2021-11-18 12:29:21 - [MESSAGE][PASSED] - Call Test Case 'Test Cases/Tablo/TablodaEttnliVeriOlusturulduMu' successfully

2021-11-18 12:29:21 - [MESSAGE][INFO] - Checking called Test Case

2021-11-18 12:29:21 - [MESSAGE][INFO] - Starting to call Test Case 'Test Cases/Tablo/TablodanEttnliVeriSec'

2021-11-18 12:29:21 - [TEST_CASE][PASSED] - Test Cases/Tablo/TablodanEttnliVeriSec: Test Cases/Tablo/TablodanEttnliVeriSec

2021-11-18 12:29:21 - [TEST_STEP][PASSED] - Method.TextDegerineEsitElementinAltindakineTikla(findTestObject("Tablo/Veriler"), findTestObject("Tablo/VerininCheckBoxi"), ettn): Method.TextDegerineEsitElementinAltindakineTikla is PASSED

2021-11-18 12:29:21 - [MESSAGE][INFO] - Finding Test Object 'Object Repository/Tablo/Veriler'

2021-11-18 12:29:21 - [MESSAGE][INFO] - Finding Test Object 'Object Repository/Tablo/VerininCheckBoxi'

2021-11-18 12:29:21 - [MESSAGE][INFO] - Checking timeout

2021-11-18 12:29:21 - [MESSAGE][INFO] - Finding web element with id: 'Object Repository/Tablo/Veriler' located by 'By.cssSelector: td.dxgv b ,td.dxgv' in '10' second(s)

2021-11-18 12:29:21 - [MESSAGE][INFO] - Smart Wait Function is triggered

2021-11-18 12:29:21 - [MESSAGE][INFO] - Found 110 web elements with id: 'Object Repository/Tablo/Veriler' located by 'By.cssSelector: td.dxgv b ,td.dxgv' in '10' second(s)

2021-11-18 12:29:21 - [MESSAGE][INFO] - Smart Wait Function is triggered

2021-11-18 12:29:22 - [MESSAGE][PASSED] - Method.TextDegerineEsitElementinAltindakineTikla is PASSED

2021-11-18 12:29:22 - [MESSAGE][PASSED] - Call Test Case 'Test Cases/Tablo/TablodanEttnliVeriSec' successfully

2021-11-18 12:29:22 - [MESSAGE][INFO] - Checking called Test Case

2021-11-18 12:29:22 - [MESSAGE][INFO] - Starting to call Test Case 'Test Cases/Butonlar/ButonaTikla'

2021-11-18 12:29:22 - [TEST_CASE][PASSED] - Test Cases/Butonlar/ButonaTikla: Test Cases/Butonlar/ButonaTikla

2021-11-18 12:29:22 - [TEST_STEP][PASSED] - Method.TextDegerineEsitElementeTiklaEquals(findTestObject("Butonlar/Butonlar"), Buton_Adi): Method.TextDegerineEsitElementeTiklaEquals is PASSED

2021-11-18 12:29:22 - [MESSAGE][INFO] - Finding Test Object 'Object Repository/Butonlar/Butonlar'

2021-11-18 12:29:22 - [MESSAGE][INFO] - Checking timeout

2021-11-18 12:29:22 - [MESSAGE][INFO] - Finding web element with id: 'Object Repository/Butonlar/Butonlar' located by 'By.cssSelector: .panel.panel-default.text-center.footerPanel .btn,.btn.btn-primary.btnControls' in '10' second(s)

2021-11-18 12:29:22 - [MESSAGE][INFO] - Smart Wait Function is triggered

2021-11-18 12:29:22 - [MESSAGE][INFO] - Found 7 web elements with id: 'Object Repository/Butonlar/Butonlar' located by 'By.cssSelector: .panel.panel-default.text-center.footerPanel .btn,.btn.btn-primary.btnControls' in '10' second(s)

2021-11-18 12:29:22 - [MESSAGE][PASSED] - Method.TextDegerineEsitElementeTiklaEquals is PASSED

2021-11-18 12:29:22 - [MESSAGE][PASSED] - Call Test Case 'Test Cases/Butonlar/ButonaTikla' successfully

2021-11-18 12:29:22 - [MESSAGE][INFO] - Checking called Test Case

2021-11-18 12:29:22 - [MESSAGE][INFO] - Starting to call Test Case 'Test Cases/Popup/PopupMesajiIceriyorMu'

2021-11-18 12:29:22 - [TEST_CASE][PASSED] - Test Cases/Popup/PopupMesajiIceriyorMu: Test Cases/Popup/PopupMesajiIceriyorMu

2021-11-18 12:29:22 - [TEST_STEP][PASSED] - waitForElementVisible(findTestObject("Popup/Popup"), 10): Object 'Object Repository/Popup/Popup' is visible

2021-11-18 12:29:22 - [MESSAGE][INFO] - Finding Test Object 'Object Repository/Popup/Popup'

2021-11-18 12:29:22 - [MESSAGE][INFO] - Checking object

2021-11-18 12:29:22 - [MESSAGE][INFO] - Checking timeout

2021-11-18 12:29:22 - [MESSAGE][INFO] - Finding web element from Test Object's properties

2021-11-18 12:29:22 - [MESSAGE][INFO] - Checking timeout

2021-11-18 12:29:22 - [MESSAGE][INFO] - Finding web element with id: 'Object Repository/Popup/Popup' located by 'By.cssSelector: .bootbox-body' in '10' second(s)

2021-11-18 12:29:22 - [MESSAGE][INFO] - Smart Wait Function is triggered

2021-11-18 12:29:23 - [MESSAGE][INFO] - Found 1 web elements with id: 'Object Repository/Popup/Popup' located by 'By.cssSelector: .bootbox-body' in '10' second(s)

2021-11-18 12:29:23 - [MESSAGE][PASSED] - Object 'Object Repository/Popup/Popup' is visible

2021-11-18 12:29:23 - [TEST_STEP][PASSED] - if (!(getText(findTestObject("Popup/Popup")).contains(Mesaj))): Text of object 'Object Repository/Popup/Popup' is: 'Oluşturulacak makbuz numarası : FYS2021000000474 Makbuz numarası oluşturulduktan sonra makbuz silinemez. Makbuz numarası, tarihi ve ön eki değiştirilemez. Devam etmek istiyor musunuz?'

2021-11-18 12:29:23 - [MESSAGE][INFO] - Finding Test Object 'Object Repository/Popup/Popup'

2021-11-18 12:29:23 - [MESSAGE][INFO] - Checking object

2021-11-18 12:29:23 - [MESSAGE][INFO] - Finding web element from Test Object's properties

2021-11-18 12:29:23 - [MESSAGE][INFO] - Checking timeout

2021-11-18 12:29:23 - [MESSAGE][INFO] - Finding web element with id: 'Object Repository/Popup/Popup' located by 'By.cssSelector: .bootbox-body' in '30' second(s)

2021-11-18 12:29:23 - [MESSAGE][INFO] - Smart Wait Function is triggered

2021-11-18 12:29:24 - [MESSAGE][INFO] - Found 1 web elements with id: 'Object Repository/Popup/Popup' located by 'By.cssSelector: .bootbox-body' in '30' second(s)

2021-11-18 12:29:24 - [MESSAGE][INFO] - Getting text of object 'Object Repository/Popup/Popup'

2021-11-18 12:29:24 - [MESSAGE][PASSED] - Text of object 'Object Repository/Popup/Popup' is: 'Oluşturulacak makbuz numarası : FYS2021000000474 Makbuz numarası oluşturulduktan sonra makbuz silinemez. Makbuz numarası, tarihi ve ön eki değiştirilemez. Devam etmek istiyor musunuz?'

2021-11-18 12:29:24 - [TEST_STEP][PASSED] - RaporNo = getText(findTestObject("Popup/Popup")).substring(0, 6): Text of object 'Object Repository/Popup/Popup' is: 'Oluşturulacak makbuz numarası : FYS2021000000474 Makbuz numarası oluşturulduktan sonra makbuz silinemez. Makbuz numarası, tarihi ve ön eki değiştirilemez. Devam etmek istiyor musunuz?'

2021-11-18 12:29:24 - [MESSAGE][INFO] - Finding Test Object 'Object Repository/Popup/Popup'

2021-11-18 12:29:24 - [MESSAGE][INFO] - Checking object

2021-11-18 12:29:24 - [MESSAGE][INFO] - Finding web element from Test Object's properties

2021-11-18 12:29:24 - [MESSAGE][INFO] - Checking timeout

2021-11-18 12:29:24 - [MESSAGE][INFO] - Finding web element with id: 'Object Repository/Popup/Popup' located by 'By.cssSelector: .bootbox-body' in '30' second(s)

2021-11-18 12:29:24 - [MESSAGE][INFO] - Smart Wait Function is triggered

2021-11-18 12:29:24 - [MESSAGE][INFO] - Found 1 web elements with id: 'Object Repository/Popup/Popup' located by 'By.cssSelector: .bootbox-body' in '30' second(s)

2021-11-18 12:29:24 - [MESSAGE][INFO] - Getting text of object 'Object Repository/Popup/Popup'

2021-11-18 12:29:24 - [MESSAGE][PASSED] - Text of object 'Object Repository/Popup/Popup' is: 'Oluşturulacak makbuz numarası : FYS2021000000474 Makbuz numarası oluşturulduktan sonra makbuz silinemez. Makbuz numarası, tarihi ve ön eki değiştirilemez. Devam etmek istiyor musunuz?'

2021-11-18 12:29:24 - [TEST_STEP][PASSED] - Console.println(RaporNo): null

2021-11-18 12:29:24 - [MESSAGE][PASSED] - Call Test Case 'Test Cases/Popup/PopupMesajiIceriyorMu' successfully

2021-11-18 12:29:24 - [MESSAGE][INFO] - Checking called Test Case

2021-11-18 12:29:24 - [MESSAGE][INFO] - Starting to call Test Case 'Test Cases/Popup/PopupButonSecilir'

2021-11-18 12:29:24 - [TEST_CASE][PASSED] - Test Cases/Popup/PopupButonSecilir: Test Cases/Popup/PopupButonSecilir

2021-11-18 12:29:24 - [TEST_STEP][PASSED] - Method.TextDegerineEsitElementeTikla(findTestObject("Popup/Popup_Butons"), Buton): Method.TextDegerineEsitElementeTikla is PASSED

2021-11-18 12:29:24 - [MESSAGE][INFO] - Finding Test Object 'Object Repository/Popup/Popup_Butons'

2021-11-18 12:29:24 - [MESSAGE][INFO] - Checking timeout

2021-11-18 12:29:24 - [MESSAGE][INFO] - Finding web element with id: 'Object Repository/Popup/Popup_Butons' located by 'By.cssSelector: .modal-footer>button' in '10' second(s)

2021-11-18 12:29:24 - [MESSAGE][INFO] - Smart Wait Function is triggered

2021-11-18 12:29:24 - [MESSAGE][INFO] - Found 2 web elements with id: 'Object Repository/Popup/Popup_Butons' located by 'By.cssSelector: .modal-footer>button' in '10' second(s)

2021-11-18 12:29:25 - [MESSAGE][PASSED] - Method.TextDegerineEsitElementeTikla is PASSED

2021-11-18 12:29:25 - [MESSAGE][PASSED] - Call Test Case 'Test Cases/Popup/PopupButonSecilir' successfully

2021-11-18 12:29:25 - [MESSAGE][INFO] - Checking called Test Case

2021-11-18 12:29:25 - [MESSAGE][INFO] - Starting to call Test Case 'Test Cases/Popup/PopupMesajiIceriyorMu'

2021-11-18 12:29:25 - [TEST_CASE][PASSED] - Test Cases/Popup/PopupMesajiIceriyorMu: Test Cases/Popup/PopupMesajiIceriyorMu

2021-11-18 12:29:25 - [TEST_STEP][PASSED] - waitForElementVisible(findTestObject("Popup/Popup"), 10): Object 'Object Repository/Popup/Popup' is visible

2021-11-18 12:29:25 - [MESSAGE][INFO] - Finding Test Object 'Object Repository/Popup/Popup'

2021-11-18 12:29:25 - [MESSAGE][INFO] - Checking object

2021-11-18 12:29:25 - [MESSAGE][INFO] - Checking timeout

2021-11-18 12:29:25 - [MESSAGE][INFO] - Finding web element from Test Object's properties

2021-11-18 12:29:25 - [MESSAGE][INFO] - Checking timeout

2021-11-18 12:29:25 - [MESSAGE][INFO] - Finding web element with id: 'Object Repository/Popup/Popup' located by 'By.cssSelector: .bootbox-body' in '10' second(s)

2021-11-18 12:29:25 - [MESSAGE][INFO] - Smart Wait Function is triggered

2021-11-18 12:29:25 - [MESSAGE][INFO] - Found 1 web elements with id: 'Object Repository/Popup/Popup' located by 'By.cssSelector: .bootbox-body' in '10' second(s)

2021-11-18 12:29:25 - [MESSAGE][PASSED] - Object 'Object Repository/Popup/Popup' is visible

2021-11-18 12:29:25 - [TEST_STEP][PASSED] - if (!(getText(findTestObject("Popup/Popup")).contains(Mesaj))): Text of object 'Object Repository/Popup/Popup' is: 'Makbuz numaranız FYS2021000000474 olarak oluşmuştur.'

2021-11-18 12:29:25 - [MESSAGE][INFO] - Finding Test Object 'Object Repository/Popup/Popup'

2021-11-18 12:29:25 - [MESSAGE][INFO] - Checking object

2021-11-18 12:29:25 - [MESSAGE][INFO] - Finding web element from Test Object's properties

2021-11-18 12:29:25 - [MESSAGE][INFO] - Checking timeout

2021-11-18 12:29:25 - [MESSAGE][INFO] - Finding web element with id: 'Object Repository/Popup/Popup' located by 'By.cssSelector: .bootbox-body' in '30' second(s)

2021-11-18 12:29:25 - [MESSAGE][INFO] - Smart Wait Function is triggered

2021-11-18 12:29:26 - [MESSAGE][INFO] - Found 1 web elements with id: 'Object Repository/Popup/Popup' located by 'By.cssSelector: .bootbox-body' in '30' second(s)

2021-11-18 12:29:26 - [MESSAGE][INFO] - Getting text of object 'Object Repository/Popup/Popup'

2021-11-18 12:29:26 - [MESSAGE][PASSED] - Text of object 'Object Repository/Popup/Popup' is: 'Makbuz numaranız FYS2021000000474 olarak oluşmuştur.'

2021-11-18 12:29:26 - [TEST_STEP][PASSED] - RaporNo = getText(findTestObject("Popup/Popup")).substring(0, 6): Text of object 'Object Repository/Popup/Popup' is: 'Makbuz numaranız FYS2021000000474 olarak oluşmuştur.'

2021-11-18 12:29:26 - [MESSAGE][INFO] - Finding Test Object 'Object Repository/Popup/Popup'

2021-11-18 12:29:26 - [MESSAGE][INFO] - Checking object

2021-11-18 12:29:26 - [MESSAGE][INFO] - Finding web element from Test Object's properties

2021-11-18 12:29:26 - [MESSAGE][INFO] - Checking timeout

2021-11-18 12:29:26 - [MESSAGE][INFO] - Finding web element with id: 'Object Repository/Popup/Popup' located by 'By.cssSelector: .bootbox-body' in '30' second(s)

2021-11-18 12:29:26 - [MESSAGE][INFO] - Smart Wait Function is triggered

2021-11-18 12:29:26 - [MESSAGE][INFO] - Found 1 web elements with id: 'Object Repository/Popup/Popup' located by 'By.cssSelector: .bootbox-body' in '30' second(s)

2021-11-18 12:29:26 - [MESSAGE][INFO] - Getting text of object 'Object Repository/Popup/Popup'

2021-11-18 12:29:26 - [MESSAGE][PASSED] - Text of object 'Object Repository/Popup/Popup' is: 'Makbuz numaranız FYS2021000000474 olarak oluşmuştur.'

2021-11-18 12:29:26 - [TEST_STEP][PASSED] - Console.println(RaporNo): null

2021-11-18 12:29:26 - [MESSAGE][PASSED] - Call Test Case 'Test Cases/Popup/PopupMesajiIceriyorMu' successfully

2021-11-18 12:29:26 - [MESSAGE][INFO] - Checking called Test Case

2021-11-18 12:29:26 - [MESSAGE][INFO] - Starting to call Test Case 'Test Cases/Popup/PopupButonSecilir'

2021-11-18 12:29:26 - [TEST_CASE][PASSED] - Test Cases/Popup/PopupButonSecilir: Test Cases/Popup/PopupButonSecilir

2021-11-18 12:29:26 - [TEST_STEP][PASSED] - Method.TextDegerineEsitElementeTikla(findTestObject("Popup/Popup_Butons"), Buton): Method.TextDegerineEsitElementeTikla is PASSED

2021-11-18 12:29:26 - [MESSAGE][INFO] - Finding Test Object 'Object Repository/Popup/Popup_Butons'

2021-11-18 12:29:26 - [MESSAGE][INFO] - Checking timeout

2021-11-18 12:29:26 - [MESSAGE][INFO] - Finding web element with id: 'Object Repository/Popup/Popup_Butons' located by 'By.cssSelector: .modal-footer>button' in '10' second(s)

2021-11-18 12:29:26 - [MESSAGE][INFO] - Smart Wait Function is triggered

2021-11-18 12:29:27 - [MESSAGE][INFO] - Found 1 web elements with id: 'Object Repository/Popup/Popup_Butons' located by 'By.cssSelector: .modal-footer>button' in '10' second(s)

2021-11-18 12:29:27 - [MESSAGE][PASSED] - Method.TextDegerineEsitElementeTikla is PASSED

2021-11-18 12:29:27 - [MESSAGE][PASSED] - Call Test Case 'Test Cases/Popup/PopupButonSecilir' successfully

2021-11-18 12:29:27 - [MESSAGE][INFO] - Checking called Test Case

2021-11-18 12:29:27 - [MESSAGE][INFO] - Starting to call Test Case 'Test Cases/Tablo/TablodanEttnliVeriSec'

2021-11-18 12:29:27 - [TEST_CASE][PASSED] - Test Cases/Tablo/TablodanEttnliVeriSec: Test Cases/Tablo/TablodanEttnliVeriSec

2021-11-18 12:29:27 - [TEST_STEP][PASSED] - Method.TextDegerineEsitElementinAltindakineTikla(findTestObject("Tablo/Veriler"), findTestObject("Tablo/VerininCheckBoxi"), ettn): Method.TextDegerineEsitElementinAltindakineTikla is PASSED

2021-11-18 12:29:27 - [MESSAGE][INFO] - Finding Test Object 'Object Repository/Tablo/Veriler'

2021-11-18 12:29:27 - [MESSAGE][INFO] - Finding Test Object 'Object Repository/Tablo/VerininCheckBoxi'

2021-11-18 12:29:27 - [MESSAGE][INFO] - Checking timeout

2021-11-18 12:29:27 - [MESSAGE][INFO] - Finding web element with id: 'Object Repository/Tablo/Veriler' located by 'By.cssSelector: td.dxgv b ,td.dxgv' in '10' second(s)

2021-11-18 12:29:27 - [MESSAGE][INFO] - Smart Wait Function is triggered

2021-11-18 12:29:27 - [MESSAGE][INFO] - Found 110 web elements with id: 'Object Repository/Tablo/Veriler' located by 'By.cssSelector: td.dxgv b ,td.dxgv' in '10' second(s)

2021-11-18 12:29:28 - [MESSAGE][INFO] - Smart Wait Function is triggered

2021-11-18 12:29:28 - [MESSAGE][PASSED] - Method.TextDegerineEsitElementinAltindakineTikla is PASSED

2021-11-18 12:29:28 - [MESSAGE][PASSED] - Call Test Case 'Test Cases/Tablo/TablodanEttnliVeriSec' successfully

2021-11-18 12:29:28 - [MESSAGE][INFO] - Checking called Test Case

2021-11-18 12:29:28 - [MESSAGE][INFO] - Starting to call Test Case 'Test Cases/Butonlar/ButonaTikla'

2021-11-18 12:29:28 - [TEST_CASE][PASSED] - Test Cases/Butonlar/ButonaTikla: Test Cases/Butonlar/ButonaTikla

2021-11-18 12:29:28 - [TEST_STEP][PASSED] - Method.TextDegerineEsitElementeTiklaEquals(findTestObject("Butonlar/Butonlar"), Buton_Adi): Method.TextDegerineEsitElementeTiklaEquals is PASSED

2021-11-18 12:29:28 - [MESSAGE][INFO] - Finding Test Object 'Object Repository/Butonlar/Butonlar'

2021-11-18 12:29:28 - [MESSAGE][INFO] - Checking timeout

2021-11-18 12:29:28 - [MESSAGE][INFO] - Finding web element with id: 'Object Repository/Butonlar/Butonlar' located by 'By.cssSelector: .panel.panel-default.text-center.footerPanel .btn,.btn.btn-primary.btnControls' in '10' second(s)

2021-11-18 12:29:28 - [MESSAGE][INFO] - Smart Wait Function is triggered

2021-11-18 12:29:28 - [MESSAGE][INFO] - Found 7 web elements with id: 'Object Repository/Butonlar/Butonlar' located by 'By.cssSelector: .panel.panel-default.text-center.footerPanel .btn,.btn.btn-primary.btnControls' in '10' second(s)

2021-11-18 12:29:28 - [MESSAGE][PASSED] - Method.TextDegerineEsitElementeTiklaEquals is PASSED

2021-11-18 12:29:28 - [MESSAGE][PASSED] - Call Test Case 'Test Cases/Butonlar/ButonaTikla' successfully

2021-11-18 12:29:28 - [MESSAGE][INFO] - Checking called Test Case

2021-11-18 12:29:28 - [MESSAGE][INFO] - Starting to call Test Case 'Test Cases/Popup/PopupMesajiIceriyorMu'

2021-11-18 12:29:29 - [TEST_CASE][PASSED] - Test Cases/Popup/PopupMesajiIceriyorMu: Test Cases/Popup/PopupMesajiIceriyorMu

2021-11-18 12:29:29 - [TEST_STEP][PASSED] - waitForElementVisible(findTestObject("Popup/Popup"), 10): Object 'Object Repository/Popup/Popup' is visible

2021-11-18 12:29:29 - [MESSAGE][INFO] - Finding Test Object 'Object Repository/Popup/Popup'

2021-11-18 12:29:29 - [MESSAGE][INFO] - Checking object

2021-11-18 12:29:29 - [MESSAGE][INFO] - Checking timeout

2021-11-18 12:29:29 - [MESSAGE][INFO] - Finding web element from Test Object's properties

2021-11-18 12:29:29 - [MESSAGE][INFO] - Checking timeout

2021-11-18 12:29:29 - [MESSAGE][INFO] - Finding web element with id: 'Object Repository/Popup/Popup' located by 'By.cssSelector: .bootbox-body' in '10' second(s)

2021-11-18 12:29:29 - [MESSAGE][INFO] - Smart Wait Function is triggered

2021-11-18 12:29:29 - [MESSAGE][INFO] - Found 1 web elements with id: 'Object Repository/Popup/Popup' located by 'By.cssSelector: .bootbox-body' in '10' second(s)

2021-11-18 12:29:29 - [MESSAGE][PASSED] - Object 'Object Repository/Popup/Popup' is visible

2021-11-18 12:29:29 - [TEST_STEP][PASSED] - if (!(getText(findTestObject("Popup/Popup")).contains(Mesaj))): Text of object 'Object Repository/Popup/Popup' is: 'FYS serisi için onaylanmamış belge(leri)niz bulunmaktadır.
Devam etmek istiyor musunuz?'

2021-11-18 12:29:29 - [MESSAGE][INFO] - Finding Test Object 'Object Repository/Popup/Popup'

2021-11-18 12:29:29 - [MESSAGE][INFO] - Checking object

2021-11-18 12:29:29 - [MESSAGE][INFO] - Finding web element from Test Object's properties

2021-11-18 12:29:29 - [MESSAGE][INFO] - Checking timeout

2021-11-18 12:29:29 - [MESSAGE][INFO] - Finding web element with id: 'Object Repository/Popup/Popup' located by 'By.cssSelector: .bootbox-body' in '30' second(s)

2021-11-18 12:29:29 - [MESSAGE][INFO] - Smart Wait Function is triggered

2021-11-18 12:29:29 - [MESSAGE][INFO] - Found 1 web elements with id: 'Object Repository/Popup/Popup' located by 'By.cssSelector: .bootbox-body' in '30' second(s)

2021-11-18 12:29:29 - [MESSAGE][INFO] - Getting text of object 'Object Repository/Popup/Popup'

2021-11-18 12:29:29 - [MESSAGE][PASSED] - Text of object 'Object Repository/Popup/Popup' is: 'FYS serisi için onaylanmamış belge(leri)niz bulunmaktadır.
Devam etmek istiyor musunuz?'

2021-11-18 12:29:29 - [TEST_STEP][PASSED] - RaporNo = getText(findTestObject("Popup/Popup")).substring(0, 6): Text of object 'Object Repository/Popup/Popup' is: 'FYS serisi için onaylanmamış belge(leri)niz bulunmaktadır.
Devam etmek istiyor musunuz?'

2021-11-18 12:29:29 - [MESSAGE][INFO] - Finding Test Object 'Object Repository/Popup/Popup'

2021-11-18 12:29:29 - [MESSAGE][INFO] - Checking object

2021-11-18 12:29:29 - [MESSAGE][INFO] - Finding web element from Test Object's properties

2021-11-18 12:29:29 - [MESSAGE][INFO] - Checking timeout

2021-11-18 12:29:29 - [MESSAGE][INFO] - Finding web element with id: 'Object Repository/Popup/Popup' located by 'By.cssSelector: .bootbox-body' in '30' second(s)

2021-11-18 12:29:29 - [MESSAGE][INFO] - Smart Wait Function is triggered

2021-11-18 12:29:30 - [MESSAGE][INFO] - Found 1 web elements with id: 'Object Repository/Popup/Popup' located by 'By.cssSelector: .bootbox-body' in '30' second(s)

2021-11-18 12:29:30 - [MESSAGE][INFO] - Getting text of object 'Object Repository/Popup/Popup'

2021-11-18 12:29:30 - [MESSAGE][PASSED] - Text of object 'Object Repository/Popup/Popup' is: 'FYS serisi için onaylanmamış belge(leri)niz bulunmaktadır.
Devam etmek istiyor musunuz?'

2021-11-18 12:29:30 - [TEST_STEP][PASSED] - Console.println(RaporNo): null

2021-11-18 12:29:30 - [MESSAGE][PASSED] - Call Test Case 'Test Cases/Popup/PopupMesajiIceriyorMu' successfully

2021-11-18 12:29:30 - [MESSAGE][INFO] - Checking called Test Case

2021-11-18 12:29:30 - [MESSAGE][INFO] - Starting to call Test Case 'Test Cases/Popup/PopupButonSecilir'

2021-11-18 12:29:30 - [TEST_CASE][PASSED] - Test Cases/Popup/PopupButonSecilir: Test Cases/Popup/PopupButonSecilir

2021-11-18 12:29:30 - [TEST_STEP][PASSED] - Method.TextDegerineEsitElementeTikla(findTestObject("Popup/Popup_Butons"), Buton): Method.TextDegerineEsitElementeTikla is PASSED

2021-11-18 12:29:30 - [MESSAGE][INFO] - Finding Test Object 'Object Repository/Popup/Popup_Butons'

2021-11-18 12:29:30 - [MESSAGE][INFO] - Checking timeout

2021-11-18 12:29:30 - [MESSAGE][INFO] - Finding web element with id: 'Object Repository/Popup/Popup_Butons' located by 'By.cssSelector: .modal-footer>button' in '10' second(s)

2021-11-18 12:29:30 - [MESSAGE][INFO] - Smart Wait Function is triggered

2021-11-18 12:29:30 - [MESSAGE][INFO] - Found 2 web elements with id: 'Object Repository/Popup/Popup_Butons' located by 'By.cssSelector: .modal-footer>button' in '10' second(s)

2021-11-18 12:29:30 - [MESSAGE][PASSED] - Method.TextDegerineEsitElementeTikla is PASSED

2021-11-18 12:29:30 - [MESSAGE][PASSED] - Call Test Case 'Test Cases/Popup/PopupButonSecilir' successfully

2021-11-18 12:29:30 - [MESSAGE][INFO] - Checking called Test Case

2021-11-18 12:29:30 - [MESSAGE][INFO] - Starting to call Test Case 'Test Cases/Menu/AnaMenuSecimi'

2021-11-18 12:29:30 - [TEST_CASE][PASSED] - Test Cases/Menu/AnaMenuSecimi: Test Cases/Menu/AnaMenuSecimi

2021-11-18 12:29:30 - [TEST_STEP][PASSED] - Method.TextDegerineEsitElementeTikla(findTestObject("Menu/Ana_Menu"), Ana_Menu): Method.TextDegerineEsitElementeTikla is PASSED

2021-11-18 12:29:30 - [MESSAGE][INFO] - Finding Test Object 'Object Repository/Menu/Ana_Menu'

2021-11-18 12:29:30 - [MESSAGE][INFO] - Checking timeout

2021-11-18 12:29:30 - [MESSAGE][INFO] - Finding web element with id: 'Object Repository/Menu/Ana_Menu' located by 'By.xpath: //*[@class = 'dropdown-toggle']' in '10' second(s)

2021-11-18 12:29:30 - [MESSAGE][INFO] - Smart Wait Function is triggered

2021-11-18 12:29:39 - [MESSAGE][INFO] - Found 14 web elements with id: 'Object Repository/Menu/Ana_Menu' located by 'By.xpath: //*[@class = 'dropdown-toggle']' in '10' second(s)

2021-11-18 12:29:39 - [MESSAGE][PASSED] - Method.TextDegerineEsitElementeTikla is PASSED

2021-11-18 12:29:39 - [MESSAGE][PASSED] - Call Test Case 'Test Cases/Menu/AnaMenuSecimi' successfully

2021-11-18 12:29:39 - [MESSAGE][INFO] - Checking called Test Case

2021-11-18 12:29:39 - [MESSAGE][INFO] - Starting to call Test Case 'Test Cases/Menu/BasligaGoreAltMenuSecimi'

2021-11-18 12:29:39 - [TEST_CASE][PASSED] - Test Cases/Menu/BasligaGoreAltMenuSecimi: Test Cases/Menu/BasligaGoreAltMenuSecimi

2021-11-18 12:29:39 - [TEST_STEP][PASSED] - Method.TextDegerineEsitElementinAltindakiTextDegerineEsitOlanaTikla(findTestObject("Menu/Menu_Basligi"), findTestObject("Menu/Basliga_Gore_Alt_Menu"), Baslik, Alt_Menu): Method.TextDegerineEsitElementinAltindakiTextDegerineEsitOlanaTikla is PASSED

2021-11-18 12:29:39 - [MESSAGE][INFO] - Finding Test Object 'Object Repository/Menu/Menu_Basligi'

2021-11-18 12:29:39 - [MESSAGE][INFO] - Finding Test Object 'Object Repository/Menu/Basliga_Gore_Alt_Menu'

2021-11-18 12:29:39 - [MESSAGE][INFO] - Checking timeout

2021-11-18 12:29:39 - [MESSAGE][INFO] - Finding web element with id: 'Object Repository/Menu/Menu_Basligi' located by 'By.xpath: //li[@class='dropdown dropdown-large open']//li[@class='dropdown-header']' in '10' second(s)

2021-11-18 12:29:39 - [MESSAGE][INFO] - Smart Wait Function is triggered

2021-11-18 12:29:40 - [MESSAGE][INFO] - Found 2 web elements with id: 'Object Repository/Menu/Menu_Basligi' located by 'By.xpath: //li[@class='dropdown dropdown-large open']//li[@class='dropdown-header']' in '10' second(s)

2021-11-18 12:29:40 - [MESSAGE][INFO] - Smart Wait Function is triggered

2021-11-18 12:29:41 - [MESSAGE][PASSED] - Method.TextDegerineEsitElementinAltindakiTextDegerineEsitOlanaTikla is PASSED

2021-11-18 12:29:41 - [MESSAGE][PASSED] - Call Test Case 'Test Cases/Menu/BasligaGoreAltMenuSecimi' successfully

2021-11-18 12:29:41 - [MESSAGE][INFO] - Checking called Test Case

2021-11-18 12:29:41 - [MESSAGE][INFO] - Starting to call Test Case 'Test Cases/Filtreler/EttnYaz'

2021-11-18 12:29:41 - [TEST_CASE][PASSED] - Test Cases/Filtreler/EttnYaz: Test Cases/Filtreler/EttnYaz

2021-11-18 12:29:41 - [TEST_STEP][PASSED] - Method.TextDegerineEsitElementinAltindakiTextboxtaYaz(findTestObject("Filtreler/Basliklar"), findTestObject("Filtreler/Basliga_Gore_Textbox"), "ETTN", ettn): Method.TextDegerineEsitElementinAltindakiTextboxtaYaz is PASSED

2021-11-18 12:29:41 - [MESSAGE][INFO] - Finding Test Object 'Object Repository/Filtreler/Basliklar'

2021-11-18 12:29:41 - [MESSAGE][INFO] - Finding Test Object 'Object Repository/Filtreler/Basliga_Gore_Textbox'

2021-11-18 12:29:41 - [MESSAGE][INFO] - Checking timeout

2021-11-18 12:29:41 - [MESSAGE][INFO] - Finding web element with id: 'Object Repository/Filtreler/Basliklar' located by 'By.cssSelector: .control-label.col-sm-4.paddingMarginRLC' in '10' second(s)

2021-11-18 12:29:41 - [MESSAGE][INFO] - Smart Wait Function is triggered

2021-11-18 12:29:41 - [MESSAGE][INFO] - Found 13 web elements with id: 'Object Repository/Filtreler/Basliklar' located by 'By.cssSelector: .control-label.col-sm-4.paddingMarginRLC' in '10' second(s)

2021-11-18 12:29:41 - [MESSAGE][INFO] - Smart Wait Function is triggered

2021-11-18 12:29:42 - [MESSAGE][PASSED] - Method.TextDegerineEsitElementinAltindakiTextboxtaYaz is PASSED

2021-11-18 12:29:42 - [MESSAGE][PASSED] - Call Test Case 'Test Cases/Filtreler/EttnYaz' successfully

2021-11-18 12:29:42 - [MESSAGE][INFO] - Checking called Test Case

2021-11-18 12:29:42 - [MESSAGE][INFO] - Starting to call Test Case 'Test Cases/Filtreler/ButonaTikla'

2021-11-18 12:29:42 - [TEST_CASE][PASSED] - Test Cases/Filtreler/ButonaTikla: Test Cases/Filtreler/ButonaTikla

2021-11-18 12:29:42 - [TEST_STEP][PASSED] - Method.TextDegerineEsitElementeTikla(findTestObject("Filtreler/Butonlar"), Filtre_Buton): Method.TextDegerineEsitElementeTikla is PASSED

2021-11-18 12:29:42 - [MESSAGE][INFO] - Finding Test Object 'Object Repository/Filtreler/Butonlar'

2021-11-18 12:29:42 - [MESSAGE][INFO] - Checking timeout

2021-11-18 12:29:42 - [MESSAGE][INFO] - Finding web element with id: 'Object Repository/Filtreler/Butonlar' located by 'By.cssSelector: .dxb>span' in '10' second(s)

2021-11-18 12:29:42 - [MESSAGE][INFO] - Smart Wait Function is triggered

2021-11-18 12:29:42 - [MESSAGE][INFO] - Found 3 web elements with id: 'Object Repository/Filtreler/Butonlar' located by 'By.cssSelector: .dxb>span' in '10' second(s)

2021-11-18 12:29:42 - [MESSAGE][PASSED] - Method.TextDegerineEsitElementeTikla is PASSED

2021-11-18 12:29:42 - [MESSAGE][PASSED] - Call Test Case 'Test Cases/Filtreler/ButonaTikla' successfully

2021-11-18 12:29:42 - [MESSAGE][INFO] - Checking called Test Case

2021-11-18 12:29:42 - [MESSAGE][INFO] - Starting to call Test Case 'Test Cases/Tablo/TablodaVeriVarMi'

2021-11-18 12:29:42 - [TEST_CASE][PASSED] - Test Cases/Tablo/TablodaVeriVarMi: Test Cases/Tablo/TablodaVeriVarMi

2021-11-18 12:29:42 - [TEST_STEP][PASSED] - verifyTextNotPresent("Görüntülenecek veri yok", true): Text 'Görüntülenecek veri yok' is not present on page using regular expression

2021-11-18 12:29:42 - [MESSAGE][INFO] - Checking text present  using regular expression

2021-11-18 12:29:42 - [MESSAGE][INFO] - Smart Wait Function is triggered

2021-11-18 12:29:43 - [MESSAGE][INFO] - Finding text 'Görüntülenecek veri yok' on page  using regular expression

2021-11-18 12:29:43 - [MESSAGE][PASSED] - Text 'Görüntülenecek veri yok' is not present on page using regular expression

2021-11-18 12:29:43 - [MESSAGE][PASSED] - Call Test Case 'Test Cases/Tablo/TablodaVeriVarMi' successfully

2021-11-18 12:29:43 - [MESSAGE][INFO] - Checking called Test Case

2021-11-18 12:29:43 - [MESSAGE][INFO] - Starting to call Test Case 'Test Cases/Tablo/TablodaVeriBasariliMiSmm'

2021-11-18 12:29:43 - [TEST_CASE][PASSED] - Test Cases/Tablo/TablodaVeriBasariliMiSmm: Test Cases/Tablo/TablodaVeriBasariliMiSmm

2021-11-18 12:29:43 - [TEST_STEP][PASSED] - sayac = 80: null

2021-11-18 12:29:43 - [TEST_STEP][PASSED] - while (verifyElementText(findTestObject("Tablo/DurumBilgisiSmm"), "Henüz Sonuçlanmadı", OPTIONAL)): Actual text 'Başarılı' and expected text 'Henüz Sonuçlanmadı' of test object 'Object Repository/Tablo/DurumBilgisiSmm' are NOT matched. (Root cause: com.kms.katalon.core.exception.StepFailedException: Actual text 'Başarılı' and expected text 'Henüz Sonuçlanmadı' of test object 'Object Repository/Tablo/DurumBilgisiSmm' are NOT matched.
	at com.kms.katalon.core.webui.keyword.internal.WebUIKeywordMain.stepFailed(WebUIKeywordMain.groovy:64)
	at com.kms.katalon.core.webui.keyword.builtin.VerifyElementTextKeyword$_verifyElementText_closure1.doCall(VerifyElementTextKeyword.groovy:57)
	at com.kms.katalon.core.webui.keyword.builtin.VerifyElementTextKeyword$_verifyElementText_closure1.call(VerifyElementTextKeyword.groovy)
	at com.kms.katalon.core.webui.keyword.internal.WebUIKeywordMain.runKeyword(WebUIKeywordMain.groovy:20)
	at com.kms.katalon.core.webui.keyword.builtin.VerifyElementTextKeyword.verifyElementText(VerifyElementTextKeyword.groovy:72)
	at com.kms.katalon.core.webui.keyword.builtin.VerifyElementTextKeyword.execute(VerifyElementTextKeyword.groovy:40)
	at com.kms.katalon.core.keyword.internal.KeywordExecutor.executeKeywordForPlatform(KeywordExecutor.groovy:73)
	at com.kms.katalon.core.webui.keyword.WebUiBuiltInKeywords.verifyElementText(WebUiBuiltInKeywords.groovy:4733)
	at com.kms.katalon.core.webui.keyword.WebUiBuiltInKeywords$verifyElementText$20.call(Unknown Source)
	at TablodaVeriBasariliMiSmm.run(TablodaVeriBasariliMiSmm:22)
	at com.kms.katalon.core.main.ScriptEngine.run(ScriptEngine.java:194)
	at com.kms.katalon.core.main.ScriptEngine.runScriptAsRawText(ScriptEngine.java:119)
	at com.kms.katalon.core.main.TestCaseExecutor.runScript(TestCaseExecutor.java:369)
	at com.kms.katalon.core.main.TestCaseExecutor.doExecute(TestCaseExecutor.java:360)
	at com.kms.katalon.core.main.TestCaseExecutor.processExecutionPhase(TestCaseExecutor.java:339)
	at com.kms.katalon.core.main.TestCaseExecutor.accessMainPhase(TestCaseExecutor.java:331)
	at com.kms.katalon.core.main.TestCaseExecutor.execute(TestCaseExecutor.java:248)
	at com.kms.katalon.core.main.TestCaseMain.runTestCase(TestCaseMain.java:138)
	at com.kms.katalon.core.keyword.builtin.CallTestCaseKeyword$_callTestCase_closure1.doCall(CallTestCaseKeyword.groovy:59)
	at com.kms.katalon.core.keyword.builtin.CallTestCaseKeyword$_callTestCase_closure1.call(CallTestCaseKeyword.groovy)
	at com.kms.katalon.core.keyword.internal.KeywordMain.runKeyword(KeywordMain.groovy:68)
	at com.kms.katalon.core.keyword.builtin.CallTestCaseKeyword.callTestCase(CallTestCaseKeyword.groovy:81)
	at com.kms.katalon.core.keyword.builtin.CallTestCaseKeyword.execute(CallTestCaseKeyword.groovy:44)
	at com.kms.katalon.core.keyword.internal.KeywordExecutor.executeKeywordForPlatform(KeywordExecutor.groovy:73)
	at com.kms.katalon.core.keyword.BuiltinKeywords.callTestCase(BuiltinKeywords.groovy:334)
	at tablo.tablo.tablodaVeriBasariliMiSmm(tablo.groovy:105)
	at cucumber.runtime.Utils$1.call(Utils.java:26)
	at cucumber.runtime.Timeout.timeout(Timeout.java:16)
	at cucumber.runtime.Utils.invoke(Utils.java:20)
	at cucumber.runtime.java.JavaStepDefinition.execute(JavaStepDefinition.java:49)
	at cucumber.runner.PickleStepDefinitionMatch.runStep(PickleStepDefinitionMatch.java:50)
	at cucumber.runner.TestStep.executeStep(TestStep.java:63)
	at cucumber.runner.TestStep.run(TestStep.java:49)
	at cucumber.runner.PickleStepTestStep.run(PickleStepTestStep.java:43)
	at cucumber.runner.TestCase.run(TestCase.java:44)
	at cucumber.runner.Runner.runPickle(Runner.java:40)
	at cucumber.runtime.Runtime$1.run(Runtime.java:84)
	at cucumber.runtime.Runtime$SameThreadExecutorService.execute(Runtime.java:220)
	at cucumber.runtime.Runtime.run(Runtime.java:81)
	at cucumber.api.cli.Main.run(Main.java:26)
	at cucumber.api.cli.Main$run.call(Unknown Source)
	at com.kms.katalon.core.cucumber.keyword.CucumberBuiltinKeywords$_runFeatureFile_closure1.doCall(CucumberBuiltinKeywords.groovy:106)
	at com.kms.katalon.core.cucumber.keyword.CucumberBuiltinKeywords$_runFeatureFile_closure1.doCall(CucumberBuiltinKeywords.groovy)
	at com.kms.katalon.core.keyword.internal.KeywordMain.runKeyword(KeywordMain.groovy:68)
	at com.kms.katalon.core.keyword.internal.KeywordMain$runKeyword.call(Unknown Source)
	at com.kms.katalon.core.cucumber.keyword.CucumberBuiltinKeywords.runFeatureFile(CucumberBuiltinKeywords.groovy:73)
	at com.kms.katalon.core.cucumber.keyword.CucumberBuiltinKeywords$runFeatureFile$0.callStatic(Unknown Source)
	at com.kms.katalon.core.cucumber.keyword.CucumberBuiltinKeywords.runFeatureFile(CucumberBuiltinKeywords.groovy:246)
	at com.kms.katalon.core.cucumber.keyword.CucumberBuiltinKeywords$runFeatureFile.call(Unknown Source)
	at VKN-e-Serbest Meslek Makbuzu-Kagit.run(VKN-e-Serbest Meslek Makbuzu-Kagit:19)
	at com.kms.katalon.core.main.ScriptEngine.run(ScriptEngine.java:194)
	at com.kms.katalon.core.main.ScriptEngine.runScriptAsRawText(ScriptEngine.java:119)
	at com.kms.katalon.core.main.TestCaseExecutor.runScript(TestCaseExecutor.java:369)
	at com.kms.katalon.core.main.TestCaseExecutor.doExecute(TestCaseExecutor.java:360)
	at com.kms.katalon.core.main.TestCaseExecutor.processExecutionPhase(TestCaseExecutor.java:339)
	at com.kms.katalon.core.main.TestCaseExecutor.accessMainPhase(TestCaseExecutor.java:331)
	at com.kms.katalon.core.main.TestCaseExecutor.execute(TestCaseExecutor.java:248)
	at com.kms.katalon.core.main.TestSuiteExecutor.accessTestCaseMainPhase(TestSuiteExecutor.java:191)
	at com.kms.katalon.core.main.TestSuiteExecutor.accessTestSuiteMainPhase(TestSuiteExecutor.java:140)
	at com.kms.katalon.core.main.TestSuiteExecutor.execute(TestSuiteExecutor.java:89)
	at com.kms.katalon.core.main.TestCaseMain.startTestSuite(TestCaseMain.java:181)
	at com.kms.katalon.core.main.TestCaseMain$startTestSuite$0.call(Unknown Source)
	at TempTestSuite1637225344330.run(TempTestSuite1637225344330.groovy:39)
)

2021-11-18 12:29:43 - [MESSAGE][INFO] - Finding Test Object 'Object Repository/Tablo/DurumBilgisiSmm'

2021-11-18 12:29:43 - [MESSAGE][INFO] - Checking object

2021-11-18 12:29:43 - [MESSAGE][INFO] - Finding web element from Test Object's properties

2021-11-18 12:29:43 - [MESSAGE][INFO] - Checking timeout

2021-11-18 12:29:43 - [MESSAGE][INFO] - Finding web element with id: 'Object Repository/Tablo/DurumBilgisiSmm' located by 'By.xpath: //*[@id = 'GridViewSEReceipt_tccell0_10']' in '30' second(s)

2021-11-18 12:29:43 - [MESSAGE][INFO] - Smart Wait Function is triggered

2021-11-18 12:29:43 - [MESSAGE][INFO] - Found 1 web elements with id: 'Object Repository/Tablo/DurumBilgisiSmm' located by 'By.xpath: //*[@id = 'GridViewSEReceipt_tccell0_10']' in '30' second(s)

2021-11-18 12:29:43 - [MESSAGE][WARNING] - Actual text 'Başarılı' and expected text 'Henüz Sonuçlanmadı' of test object 'Object Repository/Tablo/DurumBilgisiSmm' are NOT matched. (Root cause: com.kms.katalon.core.exception.StepFailedException: Actual text 'Başarılı' and expected text 'Henüz Sonuçlanmadı' of test object 'Object Repository/Tablo/DurumBilgisiSmm' are NOT matched.
	at com.kms.katalon.core.webui.keyword.internal.WebUIKeywordMain.stepFailed(WebUIKeywordMain.groovy:64)
	at com.kms.katalon.core.webui.keyword.builtin.VerifyElementTextKeyword$_verifyElementText_closure1.doCall(VerifyElementTextKeyword.groovy:57)
	at com.kms.katalon.core.webui.keyword.builtin.VerifyElementTextKeyword$_verifyElementText_closure1.call(VerifyElementTextKeyword.groovy)
	at com.kms.katalon.core.webui.keyword.internal.WebUIKeywordMain.runKeyword(WebUIKeywordMain.groovy:20)
	at com.kms.katalon.core.webui.keyword.builtin.VerifyElementTextKeyword.verifyElementText(VerifyElementTextKeyword.groovy:72)
	at com.kms.katalon.core.webui.keyword.builtin.VerifyElementTextKeyword.execute(VerifyElementTextKeyword.groovy:40)
	at com.kms.katalon.core.keyword.internal.KeywordExecutor.executeKeywordForPlatform(KeywordExecutor.groovy:73)
	at com.kms.katalon.core.webui.keyword.WebUiBuiltInKeywords.verifyElementText(WebUiBuiltInKeywords.groovy:4733)
	at com.kms.katalon.core.webui.keyword.WebUiBuiltInKeywords$verifyElementText$20.call(Unknown Source)
	at TablodaVeriBasariliMiSmm.run(TablodaVeriBasariliMiSmm:22)
	at com.kms.katalon.core.main.ScriptEngine.run(ScriptEngine.java:194)
	at com.kms.katalon.core.main.ScriptEngine.runScriptAsRawText(ScriptEngine.java:119)
	at com.kms.katalon.core.main.TestCaseExecutor.runScript(TestCaseExecutor.java:369)
	at com.kms.katalon.core.main.TestCaseExecutor.doExecute(TestCaseExecutor.java:360)
	at com.kms.katalon.core.main.TestCaseExecutor.processExecutionPhase(TestCaseExecutor.java:339)
	at com.kms.katalon.core.main.TestCaseExecutor.accessMainPhase(TestCaseExecutor.java:331)
	at com.kms.katalon.core.main.TestCaseExecutor.execute(TestCaseExecutor.java:248)
	at com.kms.katalon.core.main.TestCaseMain.runTestCase(TestCaseMain.java:138)
	at com.kms.katalon.core.keyword.builtin.CallTestCaseKeyword$_callTestCase_closure1.doCall(CallTestCaseKeyword.groovy:59)
	at com.kms.katalon.core.keyword.builtin.CallTestCaseKeyword$_callTestCase_closure1.call(CallTestCaseKeyword.groovy)
	at com.kms.katalon.core.keyword.internal.KeywordMain.runKeyword(KeywordMain.groovy:68)
	at com.kms.katalon.core.keyword.builtin.CallTestCaseKeyword.callTestCase(CallTestCaseKeyword.groovy:81)
	at com.kms.katalon.core.keyword.builtin.CallTestCaseKeyword.execute(CallTestCaseKeyword.groovy:44)
	at com.kms.katalon.core.keyword.internal.KeywordExecutor.executeKeywordForPlatform(KeywordExecutor.groovy:73)
	at com.kms.katalon.core.keyword.BuiltinKeywords.callTestCase(BuiltinKeywords.groovy:334)
	at tablo.tablo.tablodaVeriBasariliMiSmm(tablo.groovy:105)
	at cucumber.runtime.Utils$1.call(Utils.java:26)
	at cucumber.runtime.Timeout.timeout(Timeout.java:16)
	at cucumber.runtime.Utils.invoke(Utils.java:20)
	at cucumber.runtime.java.JavaStepDefinition.execute(JavaStepDefinition.java:49)
	at cucumber.runner.PickleStepDefinitionMatch.runStep(PickleStepDefinitionMatch.java:50)
	at cucumber.runner.TestStep.executeStep(TestStep.java:63)
	at cucumber.runner.TestStep.run(TestStep.java:49)
	at cucumber.runner.PickleStepTestStep.run(PickleStepTestStep.java:43)
	at cucumber.runner.TestCase.run(TestCase.java:44)
	at cucumber.runner.Runner.runPickle(Runner.java:40)
	at cucumber.runtime.Runtime$1.run(Runtime.java:84)
	at cucumber.runtime.Runtime$SameThreadExecutorService.execute(Runtime.java:220)
	at cucumber.runtime.Runtime.run(Runtime.java:81)
	at cucumber.api.cli.Main.run(Main.java:26)
	at cucumber.api.cli.Main$run.call(Unknown Source)
	at com.kms.katalon.core.cucumber.keyword.CucumberBuiltinKeywords$_runFeatureFile_closure1.doCall(CucumberBuiltinKeywords.groovy:106)
	at com.kms.katalon.core.cucumber.keyword.CucumberBuiltinKeywords$_runFeatureFile_closure1.doCall(CucumberBuiltinKeywords.groovy)
	at com.kms.katalon.core.keyword.internal.KeywordMain.runKeyword(KeywordMain.groovy:68)
	at com.kms.katalon.core.keyword.internal.KeywordMain$runKeyword.call(Unknown Source)
	at com.kms.katalon.core.cucumber.keyword.CucumberBuiltinKeywords.runFeatureFile(CucumberBuiltinKeywords.groovy:73)
	at com.kms.katalon.core.cucumber.keyword.CucumberBuiltinKeywords$runFeatureFile$0.callStatic(Unknown Source)
	at com.kms.katalon.core.cucumber.keyword.CucumberBuiltinKeywords.runFeatureFile(CucumberBuiltinKeywords.groovy:246)
	at com.kms.katalon.core.cucumber.keyword.CucumberBuiltinKeywords$runFeatureFile.call(Unknown Source)
	at VKN-e-Serbest Meslek Makbuzu-Kagit.run(VKN-e-Serbest Meslek Makbuzu-Kagit:19)
	at com.kms.katalon.core.main.ScriptEngine.run(ScriptEngine.java:194)
	at com.kms.katalon.core.main.ScriptEngine.runScriptAsRawText(ScriptEngine.java:119)
	at com.kms.katalon.core.main.TestCaseExecutor.runScript(TestCaseExecutor.java:369)
	at com.kms.katalon.core.main.TestCaseExecutor.doExecute(TestCaseExecutor.java:360)
	at com.kms.katalon.core.main.TestCaseExecutor.processExecutionPhase(TestCaseExecutor.java:339)
	at com.kms.katalon.core.main.TestCaseExecutor.accessMainPhase(TestCaseExecutor.java:331)
	at com.kms.katalon.core.main.TestCaseExecutor.execute(TestCaseExecutor.java:248)
	at com.kms.katalon.core.main.TestSuiteExecutor.accessTestCaseMainPhase(TestSuiteExecutor.java:191)
	at com.kms.katalon.core.main.TestSuiteExecutor.accessTestSuiteMainPhase(TestSuiteExecutor.java:140)
	at com.kms.katalon.core.main.TestSuiteExecutor.execute(TestSuiteExecutor.java:89)
	at com.kms.katalon.core.main.TestCaseMain.startTestSuite(TestCaseMain.java:181)
	at com.kms.katalon.core.main.TestCaseMain$startTestSuite$0.call(Unknown Source)
	at TempTestSuite1637225344330.run(TempTestSuite1637225344330.groovy:39)
)

2021-11-18 12:29:43 - [TEST_STEP][PASSED] - Method.TextDegerineEsitElementVarMi(findTestObject("Tablo/DurumBilgisiSmm"), "Başarılı"): Method.TextDegerineEsitElementVarMi is PASSED

2021-11-18 12:29:43 - [MESSAGE][INFO] - Finding Test Object 'Object Repository/Tablo/DurumBilgisiSmm'

2021-11-18 12:29:43 - [MESSAGE][INFO] - Checking timeout

2021-11-18 12:29:43 - [MESSAGE][INFO] - Finding web element with id: 'Object Repository/Tablo/DurumBilgisiSmm' located by 'By.xpath: //*[@id = 'GridViewSEReceipt_tccell0_10']' in '10' second(s)

2021-11-18 12:29:43 - [MESSAGE][INFO] - Smart Wait Function is triggered

2021-11-18 12:29:43 - [MESSAGE][INFO] - Found 1 web elements with id: 'Object Repository/Tablo/DurumBilgisiSmm' located by 'By.xpath: //*[@id = 'GridViewSEReceipt_tccell0_10']' in '10' second(s)

2021-11-18 12:29:44 - [MESSAGE][PASSED] - Method.TextDegerineEsitElementVarMi is PASSED

2021-11-18 12:29:44 - [MESSAGE][PASSED] - Call Test Case 'Test Cases/Tablo/TablodaVeriBasariliMiSmm' successfully

2021-11-18 12:29:44 - [MESSAGE][INFO] - Checking called Test Case

2021-11-18 12:29:44 - [MESSAGE][INFO] - Starting to call Test Case 'Test Cases/Kullanici_Islemleri/KullaniciIslemlerindenSecimYapilir'

2021-11-18 12:29:44 - [TEST_CASE][PASSED] - Test Cases/Kullanici_Islemleri/KullaniciIslemlerindenSecimYapilir: Test Cases/Kullanici_Islemleri/KullaniciIslemlerindenSecimYapilir

2021-11-18 12:29:44 - [TEST_STEP][PASSED] - waitForElementClickable(findTestObject("Object Repository/Kullanici_Islemleri/KullaniciIslemleri"), 10): Object 'Object Repository/Kullanici_Islemleri/KullaniciIslemleri' is clickable

2021-11-18 12:29:44 - [MESSAGE][INFO] - Finding Test Object 'Object Repository/Kullanici_Islemleri/KullaniciIslemleri'

2021-11-18 12:29:44 - [MESSAGE][INFO] - Checking object

2021-11-18 12:29:44 - [MESSAGE][INFO] - Checking timeout

2021-11-18 12:29:44 - [MESSAGE][INFO] - Finding web element from Test Object's properties

2021-11-18 12:29:44 - [MESSAGE][INFO] - Checking timeout

2021-11-18 12:29:44 - [MESSAGE][INFO] - Finding web element with id: 'Object Repository/Kullanici_Islemleri/KullaniciIslemleri' located by 'By.cssSelector: .dropdown>a>img' in '10' second(s)

2021-11-18 12:29:44 - [MESSAGE][INFO] - Smart Wait Function is triggered

2021-11-18 12:29:44 - [MESSAGE][INFO] - Found 1 web elements with id: 'Object Repository/Kullanici_Islemleri/KullaniciIslemleri' located by 'By.cssSelector: .dropdown>a>img' in '10' second(s)

2021-11-18 12:29:44 - [MESSAGE][PASSED] - Object 'Object Repository/Kullanici_Islemleri/KullaniciIslemleri' is clickable

2021-11-18 12:29:44 - [TEST_STEP][PASSED] - click(findTestObject("Object Repository/Kullanici_Islemleri/KullaniciIslemleri")): Object: 'Object Repository/Kullanici_Islemleri/KullaniciIslemleri' is clicked on

2021-11-18 12:29:44 - [MESSAGE][INFO] - Finding Test Object 'Object Repository/Kullanici_Islemleri/KullaniciIslemleri'

2021-11-18 12:29:44 - [MESSAGE][INFO] - Checking object

2021-11-18 12:29:44 - [MESSAGE][INFO] - Finding web element from Test Object's properties

2021-11-18 12:29:44 - [MESSAGE][INFO] - Checking timeout

2021-11-18 12:29:44 - [MESSAGE][INFO] - Finding web element with id: 'Object Repository/Kullanici_Islemleri/KullaniciIslemleri' located by 'By.cssSelector: .dropdown>a>img' in '30' second(s)

2021-11-18 12:29:44 - [MESSAGE][INFO] - Smart Wait Function is triggered

2021-11-18 12:29:44 - [MESSAGE][INFO] - Found 1 web elements with id: 'Object Repository/Kullanici_Islemleri/KullaniciIslemleri' located by 'By.cssSelector: .dropdown>a>img' in '30' second(s)

2021-11-18 12:29:44 - [MESSAGE][INFO] - Clicking on object: 'Object Repository/Kullanici_Islemleri/KullaniciIslemleri'

2021-11-18 12:29:44 - [MESSAGE][PASSED] - Object: 'Object Repository/Kullanici_Islemleri/KullaniciIslemleri' is clicked on

2021-11-18 12:29:44 - [TEST_STEP][PASSED] - Method.TextDegerineEsitElementeTikla(findTestObject("Object Repository/Kullanici_Islemleri/Secenekler"), Islem): Method.TextDegerineEsitElementeTikla is PASSED

2021-11-18 12:29:44 - [MESSAGE][INFO] - Finding Test Object 'Object Repository/Kullanici_Islemleri/Secenekler'

2021-11-18 12:29:45 - [MESSAGE][INFO] - Checking timeout

2021-11-18 12:29:45 - [MESSAGE][INFO] - Finding web element with id: 'Object Repository/Kullanici_Islemleri/Secenekler' located by 'By.cssSelector: .nav.navbar-nav.navbar-right li a' in '10' second(s)

2021-11-18 12:29:45 - [MESSAGE][INFO] - Smart Wait Function is triggered

2021-11-18 12:29:45 - [MESSAGE][INFO] - Found 22 web elements with id: 'Object Repository/Kullanici_Islemleri/Secenekler' located by 'By.cssSelector: .nav.navbar-nav.navbar-right li a' in '10' second(s)

2021-11-18 12:29:46 - [MESSAGE][PASSED] - Method.TextDegerineEsitElementeTikla is PASSED

2021-11-18 12:29:46 - [TEST_STEP][PASSED] - verifyElementNotPresent(findTestObject("Object Repository/Kullanici_Islemleri/Secenekler"), 10): Web element with id: 'Object Repository/Kullanici_Islemleri/Secenekler' located by 'By.cssSelector: .nav.navbar-nav.navbar-right li a' is not present after '10' second(s)

2021-11-18 12:29:46 - [MESSAGE][INFO] - Finding Test Object 'Object Repository/Kullanici_Islemleri/Secenekler'

2021-11-18 12:29:46 - [MESSAGE][INFO] - Checking object

2021-11-18 12:29:46 - [MESSAGE][INFO] - Checking timeout

2021-11-18 12:29:46 - [MESSAGE][INFO] - Finding web element with id: 'Object Repository/Kullanici_Islemleri/Secenekler' located by 'By.cssSelector: .nav.navbar-nav.navbar-right li a' in '10' second(s)

2021-11-18 12:29:46 - [MESSAGE][INFO] - Smart Wait Function is triggered

2021-11-18 12:29:47 - [MESSAGE][PASSED] - Web element with id: 'Object Repository/Kullanici_Islemleri/Secenekler' located by 'By.cssSelector: .nav.navbar-nav.navbar-right li a' is not present after '10' second(s)

2021-11-18 12:29:47 - [MESSAGE][PASSED] - Call Test Case 'Test Cases/Kullanici_Islemleri/KullaniciIslemlerindenSecimYapilir' successfully

2021-11-18 12:29:47 - [TEST_CASE][PASSED] - Start Test Case : SCENARIO VKN ile e-Serbest Meslek Makbuzu Olusturulmasi ve Excele aktarilmasi: SCENARIO VKN ile e-Serbest Meslek Makbuzu Olusturulmasi ve Excele aktarilmasi

2021-11-18 12:29:47 - [TEST_STEP][PASSED] - Giriş yapılır: Giriş yapılır

2021-11-18 12:29:47 - [MESSAGE][PASSED] - Giriş yapılır

2021-11-18 12:29:47 - [TEST_STEP][PASSED] - Ana menüden e-Makbuz seçilir: Ana menüden e-Makbuz seçilir

2021-11-18 12:29:47 - [MESSAGE][PASSED] - Ana menüden e-Makbuz seçilir

2021-11-18 12:29:47 - [TEST_STEP][PASSED] - Alt menü e-Serbest Meslek Uygulaması başlığı altındaki e-Serbest Meslek Makbuzu Oluşturma seçilir: Alt menü e-Serbest Meslek Uygulaması başlığı altındaki e-Serbest Meslek Makbuzu Oluşturma seçilir

2021-11-18 12:29:47 - [MESSAGE][PASSED] - Alt menü e-Serbest Meslek Uygulaması başlığı altındaki e-Serbest Meslek Makbuzu Oluşturma seçilir

2021-11-18 12:29:47 - [TEST_STEP][PASSED] - Tablodaki tüm veriler silinir: Tablodaki tüm veriler silinir

2021-11-18 12:29:47 - [MESSAGE][PASSED] - Tablodaki tüm veriler silinir

2021-11-18 12:29:47 - [TEST_STEP][PASSED] - Butonlardan Ekle isimli butona tıklanır: Butonlardan Ekle isimli butona tıklanır

2021-11-18 12:29:47 - [MESSAGE][PASSED] - Butonlardan Ekle isimli butona tıklanır

2021-11-18 12:29:47 - [TEST_STEP][PASSED] - Görsel tasarım sayfasının Makbuz Bilgileri başlığını içerdiği kontrol edilir: Görsel tasarım sayfasının Makbuz Bilgileri başlığını içerdiği kontrol edilir

2021-11-18 12:29:47 - [MESSAGE][PASSED] - Görsel tasarım sayfasının Makbuz Bilgileri başlığını içerdiği kontrol edilir

2021-11-18 12:29:47 - [TEST_STEP][PASSED] - Alıcı adı alanına VirgosolSerbestMeslekVKN girilir: Alıcı adı alanına VirgosolSerbestMeslekVKN girilir

2021-11-18 12:29:47 - [MESSAGE][PASSED] - Alıcı adı alanına VirgosolSerbestMeslekVKN girilir

2021-11-18 12:29:47 - [TEST_STEP][PASSED] - Gönderim Şekli Kağıt olarak seçilir: Gönderim Şekli Kağıt olarak seçilir

2021-11-18 12:29:47 - [MESSAGE][PASSED] - Gönderim Şekli Kağıt olarak seçilir

2021-11-18 12:29:47 - [TEST_STEP][PASSED] - Döküman Para Birimi alanından Türk Lirası seçilir: Döküman Para Birimi alanından Türk Lirası seçilir

2021-11-18 12:29:47 - [MESSAGE][PASSED] - Döküman Para Birimi alanından Türk Lirası seçilir

2021-11-18 12:29:47 - [TEST_STEP][PASSED] - Tasarım alanından e-Serbest Meslek Makbuz Öndeger Sablon Tasarim.xslt- seçilir: Tasarım alanından e-Serbest Meslek Makbuz Öndeger Sablon Tasarim.xslt- seçilir

2021-11-18 12:29:47 - [MESSAGE][PASSED] - Tasarım alanından e-Serbest Meslek Makbuz Öndeger Sablon Tasarim.xslt- seçilir

2021-11-18 12:29:47 - [TEST_STEP][PASSED] - Ekle butonuna basılır: Ekle butonuna basılır

2021-11-18 12:29:47 - [MESSAGE][PASSED] - Ekle butonuna basılır

2021-11-18 12:29:47 - [TEST_STEP][PASSED] - Ürün ekleme alanında Ücretin Ne İçin Alındığı başlığına Otomasyon girilir: Ürün ekleme alanında Ücretin Ne İçin Alındığı başlığına Otomasyon girilir

2021-11-18 12:29:47 - [MESSAGE][PASSED] - Ürün ekleme alanında Ücretin Ne İçin Alındığı başlığına Otomasyon girilir

2021-11-18 12:29:47 - [TEST_STEP][PASSED] - Ürün ekleme alanında Brüt Ücret başlığına 400 girilir: Ürün ekleme alanında Brüt Ücret başlığına 400 girilir

2021-11-18 12:29:47 - [MESSAGE][PASSED] - Ürün ekleme alanında Brüt Ücret başlığına 400 girilir

2021-11-18 12:29:47 - [TEST_STEP][PASSED] - Ürün ekleme alanında G.V Stopaj Oranı% başlığına 10 girilir: Ürün ekleme alanında G.V Stopaj Oranı% başlığına 10 girilir

2021-11-18 12:29:47 - [MESSAGE][PASSED] - Ürün ekleme alanında G.V Stopaj Oranı% başlığına 10 girilir

2021-11-18 12:29:47 - [TEST_STEP][PASSED] - Notlar alanına Otomasyon Not girilir: Notlar alanına Otomasyon Not girilir

2021-11-18 12:29:47 - [MESSAGE][PASSED] - Notlar alanına Otomasyon Not girilir

2021-11-18 12:29:47 - [TEST_STEP][PASSED] - Ettn bilgisi kayıt edilir: Ettn bilgisi kayıt edilir

2021-11-18 12:29:47 - [MESSAGE][PASSED] - Ettn bilgisi kayıt edilir

2021-11-18 12:29:47 - [TEST_STEP][PASSED] - Kaydet butonu seçilir: Kaydet butonu seçilir

2021-11-18 12:29:47 - [MESSAGE][PASSED] - Kaydet butonu seçilir

2021-11-18 12:29:47 - [TEST_STEP][PASSED] - Tabloda Ettn bilgisi kaydedilen veri oluşturuldu mu: Tabloda Ettn bilgisi kaydedilen veri oluşturuldu mu

2021-11-18 12:29:47 - [MESSAGE][PASSED] - Tabloda Ettn bilgisi kaydedilen veri oluşturuldu mu

2021-11-18 12:29:47 - [TEST_STEP][PASSED] - Tablodan Ettn bilgisi kaydedilen veri seçilir: Tablodan Ettn bilgisi kaydedilen veri seçilir

2021-11-18 12:29:47 - [MESSAGE][PASSED] - Tablodan Ettn bilgisi kaydedilen veri seçilir

2021-11-18 12:29:47 - [TEST_STEP][PASSED] - Butonlardan Numara Oluştur isimli butona tıklanır: Butonlardan Numara Oluştur isimli butona tıklanır

2021-11-18 12:29:47 - [MESSAGE][PASSED] - Butonlardan Numara Oluştur isimli butona tıklanır

2021-11-18 12:29:47 - [TEST_STEP][PASSED] - Popup mesajı Devam etmek istiyor musunuz içeriyor mu: Popup mesajı Devam etmek istiyor musunuz içeriyor mu

2021-11-18 12:29:47 - [MESSAGE][PASSED] - Popup mesajı Devam etmek istiyor musunuz içeriyor mu

2021-11-18 12:29:47 - [TEST_STEP][PASSED] - Yönetim popupında Evet seçilir: Yönetim popupında Evet seçilir

2021-11-18 12:29:47 - [MESSAGE][PASSED] - Yönetim popupında Evet seçilir

2021-11-18 12:29:47 - [TEST_STEP][PASSED] - Popup mesajı oluşmuştur içeriyor mu: Popup mesajı oluşmuştur içeriyor mu

2021-11-18 12:29:47 - [MESSAGE][PASSED] - Popup mesajı oluşmuştur içeriyor mu

2021-11-18 12:29:47 - [TEST_STEP][PASSED] - Yönetim popupında Tamam seçilir: Yönetim popupında Tamam seçilir

2021-11-18 12:29:47 - [MESSAGE][PASSED] - Yönetim popupında Tamam seçilir

2021-11-18 12:29:47 - [TEST_STEP][PASSED] - Tablodan Ettn bilgisi kaydedilen veri seçilir: Tablodan Ettn bilgisi kaydedilen veri seçilir

2021-11-18 12:29:47 - [MESSAGE][PASSED] - Tablodan Ettn bilgisi kaydedilen veri seçilir

2021-11-18 12:29:47 - [TEST_STEP][PASSED] - Butonlardan Gönder isimli butona tıklanır: Butonlardan Gönder isimli butona tıklanır

2021-11-18 12:29:47 - [MESSAGE][PASSED] - Butonlardan Gönder isimli butona tıklanır

2021-11-18 12:29:47 - [TEST_STEP][PASSED] - Popup mesajı Devam etmek istiyor musunuz içeriyor mu: Popup mesajı Devam etmek istiyor musunuz içeriyor mu

2021-11-18 12:29:47 - [MESSAGE][PASSED] - Popup mesajı Devam etmek istiyor musunuz içeriyor mu

2021-11-18 12:29:47 - [TEST_STEP][PASSED] - Yönetim popupında Evet seçilir: Yönetim popupında Evet seçilir

2021-11-18 12:29:47 - [MESSAGE][PASSED] - Yönetim popupında Evet seçilir

2021-11-18 12:29:47 - [TEST_STEP][PASSED] - Ana menüden e-Makbuz seçilir: Ana menüden e-Makbuz seçilir

2021-11-18 12:29:47 - [MESSAGE][PASSED] - Ana menüden e-Makbuz seçilir

2021-11-18 12:29:47 - [TEST_STEP][PASSED] - Alt menü e-Serbest Meslek Uygulaması başlığı altındaki e-Serbest Meslek Makbuzları seçilir: Alt menü e-Serbest Meslek Uygulaması başlığı altındaki e-Serbest Meslek Makbuzları seçilir

2021-11-18 12:29:47 - [MESSAGE][PASSED] - Alt menü e-Serbest Meslek Uygulaması başlığı altındaki e-Serbest Meslek Makbuzları seçilir

2021-11-18 12:29:47 - [TEST_STEP][PASSED] - Filtrelerden Ettn filtresine Ettn bilgisi yaz: Filtrelerden Ettn filtresine Ettn bilgisi yaz

2021-11-18 12:29:47 - [MESSAGE][PASSED] - Filtrelerden Ettn filtresine Ettn bilgisi yaz

2021-11-18 12:29:47 - [TEST_STEP][PASSED] - Filtre butonlarından Listele seçilir: Filtre butonlarından Listele seçilir

2021-11-18 12:29:47 - [MESSAGE][PASSED] - Filtre butonlarından Listele seçilir

2021-11-18 12:29:47 - [TEST_STEP][PASSED] - Tabloda veri var mı kontrol edilir: Tabloda veri var mı kontrol edilir

2021-11-18 12:29:47 - [MESSAGE][PASSED] - Tabloda veri var mı kontrol edilir

2021-11-18 12:29:47 - [TEST_STEP][PASSED] - Tabloda yeni oluşturulan smm verisi başarılı mı: Tabloda yeni oluşturulan smm verisi başarılı mı

2021-11-18 12:29:47 - [MESSAGE][PASSED] - Tabloda yeni oluşturulan smm verisi başarılı mı

2021-11-18 12:29:47 - [TEST_STEP][PASSED] - Kullanıcı işlemlerinden Çıkış seçilir: Kullanıcı işlemlerinden Çıkış seçilir

2021-11-18 12:29:47 - [MESSAGE][PASSED] - Kullanıcı işlemlerinden Çıkış seçilir

2021-11-18 12:29:47 - [MESSAGE][PASSED] - Feature file: 'Include/features/Regresyon/e-Serbest Meslek Makbuzu/VKN-e-Serbest Meslek Makbuzu-Kagit.feature' was passed

2021-11-18 12:29:47 - [TEST_STEP][PASSED] - Start listener action : sampleAfterTestSuite: Invoke 'com.kms.katalon.core.annotation.AfterTestCase' method: 'Listener.sampleAfterTestSuite(...)' completed.

2021-11-18 12:29:47 - [MESSAGE][INFO] - Starting invoke 'com.kms.katalon.core.annotation.AfterTestCase' method: 'Listener.sampleAfterTestSuite(...)'

2021-11-18 12:29:47 - [TEST_STEP][PASSED] - closeBrowser(): Invoke 'com.kms.katalon.core.annotation.AfterTestCase' method: 'Listener.sampleAfterTestSuite(...)' completed.

2021-11-18 12:29:47 - [MESSAGE][INFO] - Closing browser

2021-11-18 12:29:47 - [MESSAGE][PASSED] - Browser is closed

2021-11-18 12:29:47 - [MESSAGE][INFO] - Invoke 'com.kms.katalon.core.annotation.AfterTestCase' method: 'Listener.sampleAfterTestSuite(...)' completed.]]></system-out>
         <system-err><![CDATA[]]></system-err>
      </testcase>
      <system-out><![CDATA[2021-11-18 11:55:13 - [TEST_SUITE][PASSED] - Regresyon-eArsiv-eMakbuz: Test Cases/Case Repository/Regresyon/e-Serbest Meslek Makbuzu/VKN-e-Serbest Meslek Makbuzu-Kagit]]></system-out>
      <system-err><![CDATA[]]></system-err>
   </testsuite>
</testsuites>
